{"target": -17.67723293152473, "params": {"gamma": 157.7496988749923, "log10_alpha": -0.5979156702199936, "log10_colsample_bytree": 0.0, "log10_eta": -4.0, "log10_lambda": 1.0, "log10_min_child_weight": 5.0, "log10_subsample": -1.0, "max_depth": 8.0, "num_boost_round": 24.0}, "datetime": {"datetime": "2024-01-19 01:01:53", "elapsed": 2998.502373, "delta": 0.004214}}
{"target": -17.677232966645253, "params": {"gamma": 157.7496988749923, "log10_alpha": -0.5979156702199936, "log10_colsample_bytree": 0.0, "log10_eta": -4.0, "log10_lambda": 1.0, "log10_min_child_weight": 5.0, "log10_subsample": -1.0, "max_depth": 8.0, "num_boost_round": 25.0}, "datetime": {"datetime": "2024-01-19 01:01:53", "elapsed": 2998.506465, "delta": 0.004092}}
{"target": -17.677232906736673, "params": {"gamma": 157.7496988749923, "log10_alpha": -0.5979156702199936, "log10_colsample_bytree": 0.0, "log10_eta": -4.0, "log10_lambda": 1.0, "log10_min_child_weight": 5.0, "log10_subsample": -1.0, "max_depth": 8.0, "num_boost_round": 26.0}, "datetime": {"datetime": "2024-01-19 01:01:53", "elapsed": 2998.510754, "delta": 0.004289}}
{"target": -17.677232939846697, "params": {"gamma": 157.7496988749923, "log10_alpha": -0.5979156702199936, "log10_colsample_bytree": 0.0, "log10_eta": -4.0, "log10_lambda": 1.0, "log10_min_child_weight": 5.0, "log10_subsample": -1.0, "max_depth": 8.0, "num_boost_round": 27.0}, "datetime": {"datetime": "2024-01-19 01:01:53", "elapsed": 2998.514956, "delta": 0.004202}}
{"target": -17.6772329431935, "params": {"gamma": 157.7496988749923, "log10_alpha": -0.5979156702199936, "log10_colsample_bytree": 0.0, "log10_eta": -4.0, "log10_lambda": 1.0, "log10_min_child_weight": 5.0, "log10_subsample": -1.0, "max_depth": 8.0, "num_boost_round": 28.0}, "datetime": {"datetime": "2024-01-19 01:01:53", "elapsed": 2998.519076, "delta": 0.00412}}
{"target": -17.677232906174837, "params": {"gamma": 157.7496988749923, "log10_alpha": -0.5979156702199936, "log10_colsample_bytree": 0.0, "log10_eta": -4.0, "log10_lambda": 1.0, "log10_min_child_weight": 5.0, "log10_subsample": -1.0, "max_depth": 8.0, "num_boost_round": 29.0}, "datetime": {"datetime": "2024-01-19 01:01:53", "elapsed": 2998.523269, "delta": 0.004193}}
{"target": -17.67723286609689, "params": {"gamma": 157.7496988749923, "log10_alpha": -0.5979156702199936, "log10_colsample_bytree": 0.0, "log10_eta": -4.0, "log10_lambda": 1.0, "log10_min_child_weight": 5.0, "log10_subsample": -1.0, "max_depth": 8.0, "num_boost_round": 30.0}, "datetime": {"datetime": "2024-01-19 01:01:54", "elapsed": 2998.527405, "delta": 0.004136}}
{"target": -17.677232846504996, "params": {"gamma": 157.7496988749923, "log10_alpha": -0.5979156702199936, "log10_colsample_bytree": 0.0, "log10_eta": -4.0, "log10_lambda": 1.0, "log10_min_child_weight": 5.0, "log10_subsample": -1.0, "max_depth": 8.0, "num_boost_round": 31.0}, "datetime": {"datetime": "2024-01-19 01:01:54", "elapsed": 2998.531568, "delta": 0.004163}}
{"target": -17.6772328703731, "params": {"gamma": 157.7496988749923, "log10_alpha": -0.5979156702199936, "log10_colsample_bytree": 0.0, "log10_eta": -4.0, "log10_lambda": 1.0, "log10_min_child_weight": 5.0, "log10_subsample": -1.0, "max_depth": 8.0, "num_boost_round": 32.0}, "datetime": {"datetime": "2024-01-19 01:01:54", "elapsed": 2998.535764, "delta": 0.004196}}
{"target": -17.677232877467834, "params": {"gamma": 157.7496988749923, "log10_alpha": -0.5979156702199936, "log10_colsample_bytree": 0.0, "log10_eta": -4.0, "log10_lambda": 1.0, "log10_min_child_weight": 5.0, "log10_subsample": -1.0, "max_depth": 8.0, "num_boost_round": 33.0}, "datetime": {"datetime": "2024-01-19 01:01:54", "elapsed": 2998.540116, "delta": 0.004352}}
{"target": -17.677232878913205, "params": {"gamma": 157.7496988749923, "log10_alpha": -0.5979156702199936, "log10_colsample_bytree": 0.0, "log10_eta": -4.0, "log10_lambda": 1.0, "log10_min_child_weight": 5.0, "log10_subsample": -1.0, "max_depth": 8.0, "num_boost_round": 34.0}, "datetime": {"datetime": "2024-01-19 01:01:54", "elapsed": 2998.544255, "delta": 0.004139}}
{"target": -17.677232825385765, "params": {"gamma": 157.7496988749923, "log10_alpha": -0.5979156702199936, "log10_colsample_bytree": 0.0, "log10_eta": -4.0, "log10_lambda": 1.0, "log10_min_child_weight": 5.0, "log10_subsample": -1.0, "max_depth": 8.0, "num_boost_round": 35.0}, "datetime": {"datetime": "2024-01-19 01:01:54", "elapsed": 2998.548425, "delta": 0.00417}}
{"target": -17.67723287809084, "params": {"gamma": 157.7496988749923, "log10_alpha": -0.5979156702199936, "log10_colsample_bytree": 0.0, "log10_eta": -4.0, "log10_lambda": 1.0, "log10_min_child_weight": 5.0, "log10_subsample": -1.0, "max_depth": 8.0, "num_boost_round": 36.0}, "datetime": {"datetime": "2024-01-19 01:01:54", "elapsed": 2998.552575, "delta": 0.00415}}
{"target": -17.677232821684694, "params": {"gamma": 157.7496988749923, "log10_alpha": -0.5979156702199936, "log10_colsample_bytree": 0.0, "log10_eta": -4.0, "log10_lambda": 1.0, "log10_min_child_weight": 5.0, "log10_subsample": -1.0, "max_depth": 8.0, "num_boost_round": 37.0}, "datetime": {"datetime": "2024-01-19 01:01:54", "elapsed": 2998.556647, "delta": 0.004072}}
{"target": -17.677232821593325, "params": {"gamma": 157.7496988749923, "log10_alpha": -0.5979156702199936, "log10_colsample_bytree": 0.0, "log10_eta": -4.0, "log10_lambda": 1.0, "log10_min_child_weight": 5.0, "log10_subsample": -1.0, "max_depth": 8.0, "num_boost_round": 38.0}, "datetime": {"datetime": "2024-01-19 01:01:54", "elapsed": 2998.560784, "delta": 0.004137}}
{"target": -17.67723278480327, "params": {"gamma": 157.7496988749923, "log10_alpha": -0.5979156702199936, "log10_colsample_bytree": 0.0, "log10_eta": -4.0, "log10_lambda": 1.0, "log10_min_child_weight": 5.0, "log10_subsample": -1.0, "max_depth": 8.0, "num_boost_round": 39.0}, "datetime": {"datetime": "2024-01-19 01:01:54", "elapsed": 2998.56485, "delta": 0.004066}}
{"target": -17.67723281865335, "params": {"gamma": 157.7496988749923, "log10_alpha": -0.5979156702199936, "log10_colsample_bytree": 0.0, "log10_eta": -4.0, "log10_lambda": 1.0, "log10_min_child_weight": 5.0, "log10_subsample": -1.0, "max_depth": 8.0, "num_boost_round": 40.0}, "datetime": {"datetime": "2024-01-19 01:01:54", "elapsed": 2998.568949, "delta": 0.004099}}
{"target": -17.677232785682882, "params": {"gamma": 157.7496988749923, "log10_alpha": -0.5979156702199936, "log10_colsample_bytree": 0.0, "log10_eta": -4.0, "log10_lambda": 1.0, "log10_min_child_weight": 5.0, "log10_subsample": -1.0, "max_depth": 8.0, "num_boost_round": 41.0}, "datetime": {"datetime": "2024-01-19 01:01:54", "elapsed": 2998.572961, "delta": 0.004012}}
{"target": -17.677232807001825, "params": {"gamma": 157.7496988749923, "log10_alpha": -0.5979156702199936, "log10_colsample_bytree": 0.0, "log10_eta": -4.0, "log10_lambda": 1.0, "log10_min_child_weight": 5.0, "log10_subsample": -1.0, "max_depth": 8.0, "num_boost_round": 42.0}, "datetime": {"datetime": "2024-01-19 01:01:54", "elapsed": 2998.577055, "delta": 0.004094}}
{"target": -17.677166015481205, "params": {"gamma": 827.4674004542082, "log10_alpha": -2.3148336305326866, "log10_colsample_bytree": -0.46323980666986075, "log10_eta": -2.9931053271624357, "log10_lambda": -0.7559939869233956, "log10_min_child_weight": 1.6995783827785993, "log10_subsample": -0.8865536062559376, "max_depth": 9.0, "num_boost_round": 0.0}, "datetime": {"datetime": "2024-01-19 01:02:44", "elapsed": 3049.316939, "delta": 50.739884}}
{"target": -17.677110524666098, "params": {"gamma": 827.4674004542082, "log10_alpha": -2.3148336305326866, "log10_colsample_bytree": -0.46323980666986075, "log10_eta": -2.9931053271624357, "log10_lambda": -0.7559939869233956, "log10_min_child_weight": 1.6995783827785993, "log10_subsample": -0.8865536062559376, "max_depth": 9.0, "num_boost_round": 1.0}, "datetime": {"datetime": "2024-01-19 01:02:44", "elapsed": 3049.321821, "delta": 0.004882}}
{"target": -17.67705746796976, "params": {"gamma": 827.4674004542082, "log10_alpha": -2.3148336305326866, "log10_colsample_bytree": -0.46323980666986075, "log10_eta": -2.9931053271624357, "log10_lambda": -0.7559939869233956, "log10_min_child_weight": 1.6995783827785993, "log10_subsample": -0.8865536062559376, "max_depth": 9.0, "num_boost_round": 2.0}, "datetime": {"datetime": "2024-01-19 01:02:44", "elapsed": 3049.326489, "delta": 0.004668}}
{"target": -17.67701312077275, "params": {"gamma": 827.4674004542082, "log10_alpha": -2.3148336305326866, "log10_colsample_bytree": -0.46323980666986075, "log10_eta": -2.9931053271624357, "log10_lambda": -0.7559939869233956, "log10_min_child_weight": 1.6995783827785993, "log10_subsample": -0.8865536062559376, "max_depth": 9.0, "num_boost_round": 3.0}, "datetime": {"datetime": "2024-01-19 01:02:44", "elapsed": 3049.331121, "delta": 0.004632}}
{"target": -17.67695765642103, "params": {"gamma": 827.4674004542082, "log10_alpha": -2.3148336305326866, "log10_colsample_bytree": -0.46323980666986075, "log10_eta": -2.9931053271624357, "log10_lambda": -0.7559939869233956, "log10_min_child_weight": 1.6995783827785993, "log10_subsample": -0.8865536062559376, "max_depth": 9.0, "num_boost_round": 4.0}, "datetime": {"datetime": "2024-01-19 01:02:44", "elapsed": 3049.335743, "delta": 0.004622}}
{"target": -17.676890430149548, "params": {"gamma": 827.4674004542082, "log10_alpha": -2.3148336305326866, "log10_colsample_bytree": -0.46323980666986075, "log10_eta": -2.9931053271624357, "log10_lambda": -0.7559939869233956, "log10_min_child_weight": 1.6995783827785993, "log10_subsample": -0.8865536062559376, "max_depth": 9.0, "num_boost_round": 5.0}, "datetime": {"datetime": "2024-01-19 01:02:44", "elapsed": 3049.340181, "delta": 0.004438}}
{"target": -17.67691517046677, "params": {"gamma": 827.4674004542082, "log10_alpha": -2.3148336305326866, "log10_colsample_bytree": -0.46323980666986075, "log10_eta": -2.9931053271624357, "log10_lambda": -0.7559939869233956, "log10_min_child_weight": 1.6995783827785993, "log10_subsample": -0.8865536062559376, "max_depth": 9.0, "num_boost_round": 6.0}, "datetime": {"datetime": "2024-01-19 01:02:44", "elapsed": 3049.344785, "delta": 0.004604}}
{"target": -17.676953719156543, "params": {"gamma": 827.4674004542082, "log10_alpha": -2.3148336305326866, "log10_colsample_bytree": -0.46323980666986075, "log10_eta": -2.9931053271624357, "log10_lambda": -0.7559939869233956, "log10_min_child_weight": 1.6995783827785993, "log10_subsample": -0.8865536062559376, "max_depth": 9.0, "num_boost_round": 7.0}, "datetime": {"datetime": "2024-01-19 01:02:44", "elapsed": 3049.349302, "delta": 0.004517}}
{"target": -17.6768672630642, "params": {"gamma": 827.4674004542082, "log10_alpha": -2.3148336305326866, "log10_colsample_bytree": -0.46323980666986075, "log10_eta": -2.9931053271624357, "log10_lambda": -0.7559939869233956, "log10_min_child_weight": 1.6995783827785993, "log10_subsample": -0.8865536062559376, "max_depth": 9.0, "num_boost_round": 8.0}, "datetime": {"datetime": "2024-01-19 01:02:44", "elapsed": 3049.353923, "delta": 0.004621}}
{"target": -17.67687356182558, "params": {"gamma": 827.4674004542082, "log10_alpha": -2.3148336305326866, "log10_colsample_bytree": -0.46323980666986075, "log10_eta": -2.9931053271624357, "log10_lambda": -0.7559939869233956, "log10_min_child_weight": 1.6995783827785993, "log10_subsample": -0.8865536062559376, "max_depth": 9.0, "num_boost_round": 9.0}, "datetime": {"datetime": "2024-01-19 01:02:44", "elapsed": 3049.358465, "delta": 0.004542}}
{"target": -17.676815461207067, "params": {"gamma": 827.4674004542082, "log10_alpha": -2.3148336305326866, "log10_colsample_bytree": -0.46323980666986075, "log10_eta": -2.9931053271624357, "log10_lambda": -0.7559939869233956, "log10_min_child_weight": 1.6995783827785993, "log10_subsample": -0.8865536062559376, "max_depth": 9.0, "num_boost_round": 10.0}, "datetime": {"datetime": "2024-01-19 01:02:44", "elapsed": 3049.362901, "delta": 0.004436}}
{"target": -17.67677342514699, "params": {"gamma": 827.4674004542082, "log10_alpha": -2.3148336305326866, "log10_colsample_bytree": -0.46323980666986075, "log10_eta": -2.9931053271624357, "log10_lambda": -0.7559939869233956, "log10_min_child_weight": 1.6995783827785993, "log10_subsample": -0.8865536062559376, "max_depth": 9.0, "num_boost_round": 11.0}, "datetime": {"datetime": "2024-01-19 01:02:44", "elapsed": 3049.367427, "delta": 0.004526}}
{"target": -17.67674968134774, "params": {"gamma": 827.4674004542082, "log10_alpha": -2.3148336305326866, "log10_colsample_bytree": -0.46323980666986075, "log10_eta": -2.9931053271624357, "log10_lambda": -0.7559939869233956, "log10_min_child_weight": 1.6995783827785993, "log10_subsample": -0.8865536062559376, "max_depth": 9.0, "num_boost_round": 12.0}, "datetime": {"datetime": "2024-01-19 01:02:44", "elapsed": 3049.371968, "delta": 0.004541}}
{"target": -17.676704092362847, "params": {"gamma": 827.4674004542082, "log10_alpha": -2.3148336305326866, "log10_colsample_bytree": -0.46323980666986075, "log10_eta": -2.9931053271624357, "log10_lambda": -0.7559939869233956, "log10_min_child_weight": 1.6995783827785993, "log10_subsample": -0.8865536062559376, "max_depth": 9.0, "num_boost_round": 13.0}, "datetime": {"datetime": "2024-01-19 01:02:44", "elapsed": 3049.37644, "delta": 0.004472}}
{"target": -17.676683733304678, "params": {"gamma": 827.4674004542082, "log10_alpha": -2.3148336305326866, "log10_colsample_bytree": -0.46323980666986075, "log10_eta": -2.9931053271624357, "log10_lambda": -0.7559939869233956, "log10_min_child_weight": 1.6995783827785993, "log10_subsample": -0.8865536062559376, "max_depth": 9.0, "num_boost_round": 14.0}, "datetime": {"datetime": "2024-01-19 01:02:44", "elapsed": 3049.382099, "delta": 0.005659}}
{"target": -17.676597232285125, "params": {"gamma": 827.4674004542082, "log10_alpha": -2.3148336305326866, "log10_colsample_bytree": -0.46323980666986075, "log10_eta": -2.9931053271624357, "log10_lambda": -0.7559939869233956, "log10_min_child_weight": 1.6995783827785993, "log10_subsample": -0.8865536062559376, "max_depth": 9.0, "num_boost_round": 15.0}, "datetime": {"datetime": "2024-01-19 01:02:44", "elapsed": 3049.386807, "delta": 0.004708}}
{"target": -17.67660764204261, "params": {"gamma": 827.4674004542082, "log10_alpha": -2.3148336305326866, "log10_colsample_bytree": -0.46323980666986075, "log10_eta": -2.9931053271624357, "log10_lambda": -0.7559939869233956, "log10_min_child_weight": 1.6995783827785993, "log10_subsample": -0.8865536062559376, "max_depth": 9.0, "num_boost_round": 16.0}, "datetime": {"datetime": "2024-01-19 01:02:44", "elapsed": 3049.39137, "delta": 0.004563}}
{"target": -17.676516901636873, "params": {"gamma": 827.4674004542082, "log10_alpha": -2.3148336305326866, "log10_colsample_bytree": -0.46323980666986075, "log10_eta": -2.9931053271624357, "log10_lambda": -0.7559939869233956, "log10_min_child_weight": 1.6995783827785993, "log10_subsample": -0.8865536062559376, "max_depth": 9.0, "num_boost_round": 17.0}, "datetime": {"datetime": "2024-01-19 01:02:44", "elapsed": 3049.395788, "delta": 0.004418}}
{"target": -17.676561546452543, "params": {"gamma": 827.4674004542082, "log10_alpha": -2.3148336305326866, "log10_colsample_bytree": -0.46323980666986075, "log10_eta": -2.9931053271624357, "log10_lambda": -0.7559939869233956, "log10_min_child_weight": 1.6995783827785993, "log10_subsample": -0.8865536062559376, "max_depth": 9.0, "num_boost_round": 18.0}, "datetime": {"datetime": "2024-01-19 01:02:44", "elapsed": 3049.400444, "delta": 0.004656}}
{"target": -17.676402674997625, "params": {"gamma": 827.4674004542082, "log10_alpha": -2.3148336305326866, "log10_colsample_bytree": -0.46323980666986075, "log10_eta": -2.9931053271624357, "log10_lambda": -0.7559939869233956, "log10_min_child_weight": 1.6995783827785993, "log10_subsample": -0.8865536062559376, "max_depth": 9.0, "num_boost_round": 19.0}, "datetime": {"datetime": "2024-01-19 01:02:44", "elapsed": 3049.404991, "delta": 0.004547}}
{"target": -17.67636753444589, "params": {"gamma": 827.4674004542082, "log10_alpha": -2.3148336305326866, "log10_colsample_bytree": -0.46323980666986075, "log10_eta": -2.9931053271624357, "log10_lambda": -0.7559939869233956, "log10_min_child_weight": 1.6995783827785993, "log10_subsample": -0.8865536062559376, "max_depth": 9.0, "num_boost_round": 20.0}, "datetime": {"datetime": "2024-01-19 01:02:44", "elapsed": 3049.40946, "delta": 0.004469}}
{"target": -17.67634367314281, "params": {"gamma": 827.4674004542082, "log10_alpha": -2.3148336305326866, "log10_colsample_bytree": -0.46323980666986075, "log10_eta": -2.9931053271624357, "log10_lambda": -0.7559939869233956, "log10_min_child_weight": 1.6995783827785993, "log10_subsample": -0.8865536062559376, "max_depth": 9.0, "num_boost_round": 21.0}, "datetime": {"datetime": "2024-01-19 01:02:44", "elapsed": 3049.41406, "delta": 0.0046}}
{"target": -17.676293139326532, "params": {"gamma": 827.4674004542082, "log10_alpha": -2.3148336305326866, "log10_colsample_bytree": -0.46323980666986075, "log10_eta": -2.9931053271624357, "log10_lambda": -0.7559939869233956, "log10_min_child_weight": 1.6995783827785993, "log10_subsample": -0.8865536062559376, "max_depth": 9.0, "num_boost_round": 22.0}, "datetime": {"datetime": "2024-01-19 01:02:44", "elapsed": 3049.418504, "delta": 0.004444}}
{"target": -17.676225039837224, "params": {"gamma": 827.4674004542082, "log10_alpha": -2.3148336305326866, "log10_colsample_bytree": -0.46323980666986075, "log10_eta": -2.9931053271624357, "log10_lambda": -0.7559939869233956, "log10_min_child_weight": 1.6995783827785993, "log10_subsample": -0.8865536062559376, "max_depth": 9.0, "num_boost_round": 23.0}, "datetime": {"datetime": "2024-01-19 01:02:44", "elapsed": 3049.422847, "delta": 0.004343}}
{"target": -17.676293175774713, "params": {"gamma": 827.4674004542082, "log10_alpha": -2.3148336305326866, "log10_colsample_bytree": -0.46323980666986075, "log10_eta": -2.9931053271624357, "log10_lambda": -0.7559939869233956, "log10_min_child_weight": 1.6995783827785993, "log10_subsample": -0.8865536062559376, "max_depth": 9.0, "num_boost_round": 24.0}, "datetime": {"datetime": "2024-01-19 01:02:44", "elapsed": 3049.427335, "delta": 0.004488}}
{"target": -17.676210933371415, "params": {"gamma": 827.4674004542082, "log10_alpha": -2.3148336305326866, "log10_colsample_bytree": -0.46323980666986075, "log10_eta": -2.9931053271624357, "log10_lambda": -0.7559939869233956, "log10_min_child_weight": 1.6995783827785993, "log10_subsample": -0.8865536062559376, "max_depth": 9.0, "num_boost_round": 25.0}, "datetime": {"datetime": "2024-01-19 01:02:44", "elapsed": 3049.431799, "delta": 0.004464}}
{"target": -17.67619767406736, "params": {"gamma": 827.4674004542082, "log10_alpha": -2.3148336305326866, "log10_colsample_bytree": -0.46323980666986075, "log10_eta": -2.9931053271624357, "log10_lambda": -0.7559939869233956, "log10_min_child_weight": 1.6995783827785993, "log10_subsample": -0.8865536062559376, "max_depth": 9.0, "num_boost_round": 26.0}, "datetime": {"datetime": "2024-01-19 01:02:44", "elapsed": 3049.436334, "delta": 0.004535}}
{"target": -17.676136938267035, "params": {"gamma": 827.4674004542082, "log10_alpha": -2.3148336305326866, "log10_colsample_bytree": -0.46323980666986075, "log10_eta": -2.9931053271624357, "log10_lambda": -0.7559939869233956, "log10_min_child_weight": 1.6995783827785993, "log10_subsample": -0.8865536062559376, "max_depth": 9.0, "num_boost_round": 27.0}, "datetime": {"datetime": "2024-01-19 01:02:44", "elapsed": 3049.440819, "delta": 0.004485}}
{"target": -17.676121703642416, "params": {"gamma": 827.4674004542082, "log10_alpha": -2.3148336305326866, "log10_colsample_bytree": -0.46323980666986075, "log10_eta": -2.9931053271624357, "log10_lambda": -0.7559939869233956, "log10_min_child_weight": 1.6995783827785993, "log10_subsample": -0.8865536062559376, "max_depth": 9.0, "num_boost_round": 28.0}, "datetime": {"datetime": "2024-01-19 01:02:44", "elapsed": 3049.446389, "delta": 0.00557}}
{"target": -17.675991271746124, "params": {"gamma": 827.4674004542082, "log10_alpha": -2.3148336305326866, "log10_colsample_bytree": -0.46323980666986075, "log10_eta": -2.9931053271624357, "log10_lambda": -0.7559939869233956, "log10_min_child_weight": 1.6995783827785993, "log10_subsample": -0.8865536062559376, "max_depth": 9.0, "num_boost_round": 29.0}, "datetime": {"datetime": "2024-01-19 01:02:44", "elapsed": 3049.450975, "delta": 0.004586}}
{"target": -17.67595111890029, "params": {"gamma": 827.4674004542082, "log10_alpha": -2.3148336305326866, "log10_colsample_bytree": -0.46323980666986075, "log10_eta": -2.9931053271624357, "log10_lambda": -0.7559939869233956, "log10_min_child_weight": 1.6995783827785993, "log10_subsample": -0.8865536062559376, "max_depth": 9.0, "num_boost_round": 30.0}, "datetime": {"datetime": "2024-01-19 01:02:44", "elapsed": 3049.455551, "delta": 0.004576}}
{"target": -17.675940744846034, "params": {"gamma": 827.4674004542082, "log10_alpha": -2.3148336305326866, "log10_colsample_bytree": -0.46323980666986075, "log10_eta": -2.9931053271624357, "log10_lambda": -0.7559939869233956, "log10_min_child_weight": 1.6995783827785993, "log10_subsample": -0.8865536062559376, "max_depth": 9.0, "num_boost_round": 31.0}, "datetime": {"datetime": "2024-01-19 01:02:44", "elapsed": 3049.460085, "delta": 0.004534}}
{"target": -17.675900372463815, "params": {"gamma": 827.4674004542082, "log10_alpha": -2.3148336305326866, "log10_colsample_bytree": -0.46323980666986075, "log10_eta": -2.9931053271624357, "log10_lambda": -0.7559939869233956, "log10_min_child_weight": 1.6995783827785993, "log10_subsample": -0.8865536062559376, "max_depth": 9.0, "num_boost_round": 32.0}, "datetime": {"datetime": "2024-01-19 01:02:44", "elapsed": 3049.464622, "delta": 0.004537}}
