{"target": -13.75853105520774, "params": {"gamma": 873.8858586056449, "log10_alpha": -4.140566244768418, "log10_colsample_bytree": -0.0821119997925065, "log10_eta": -3.9934163430819023, "log10_lambda": -4.3490168137670135, "log10_min_child_weight": 0.5261191001782495, "log10_subsample": -0.6871415029070157, "max_depth": 3.0, "num_boost_round": 6.0}, "datetime": {"datetime": "2024-01-19 00:52:26", "elapsed": 2451.271309, "delta": 0.00326}}
{"target": -13.758530776783774, "params": {"gamma": 873.8858586056449, "log10_alpha": -4.140566244768418, "log10_colsample_bytree": -0.0821119997925065, "log10_eta": -3.9934163430819023, "log10_lambda": -4.3490168137670135, "log10_min_child_weight": 0.5261191001782495, "log10_subsample": -0.6871415029070157, "max_depth": 3.0, "num_boost_round": 7.0}, "datetime": {"datetime": "2024-01-19 00:52:26", "elapsed": 2451.274703, "delta": 0.003394}}
{"target": -13.75853024299486, "params": {"gamma": 873.8858586056449, "log10_alpha": -4.140566244768418, "log10_colsample_bytree": -0.0821119997925065, "log10_eta": -3.9934163430819023, "log10_lambda": -4.3490168137670135, "log10_min_child_weight": 0.5261191001782495, "log10_subsample": -0.6871415029070157, "max_depth": 3.0, "num_boost_round": 8.0}, "datetime": {"datetime": "2024-01-19 00:52:26", "elapsed": 2451.277974, "delta": 0.003271}}
{"target": -13.758529625465048, "params": {"gamma": 873.8858586056449, "log10_alpha": -4.140566244768418, "log10_colsample_bytree": -0.0821119997925065, "log10_eta": -3.9934163430819023, "log10_lambda": -4.3490168137670135, "log10_min_child_weight": 0.5261191001782495, "log10_subsample": -0.6871415029070157, "max_depth": 3.0, "num_boost_round": 9.0}, "datetime": {"datetime": "2024-01-19 00:52:26", "elapsed": 2451.281213, "delta": 0.003239}}
{"target": -13.758529088188663, "params": {"gamma": 873.8858586056449, "log10_alpha": -4.140566244768418, "log10_colsample_bytree": -0.0821119997925065, "log10_eta": -3.9934163430819023, "log10_lambda": -4.3490168137670135, "log10_min_child_weight": 0.5261191001782495, "log10_subsample": -0.6871415029070157, "max_depth": 3.0, "num_boost_round": 10.0}, "datetime": {"datetime": "2024-01-19 00:52:26", "elapsed": 2451.284454, "delta": 0.003241}}
{"target": -13.758527883857116, "params": {"gamma": 873.8858586056449, "log10_alpha": -4.140566244768418, "log10_colsample_bytree": -0.0821119997925065, "log10_eta": -3.9934163430819023, "log10_lambda": -4.3490168137670135, "log10_min_child_weight": 0.5261191001782495, "log10_subsample": -0.6871415029070157, "max_depth": 3.0, "num_boost_round": 11.0}, "datetime": {"datetime": "2024-01-19 00:52:26", "elapsed": 2451.287705, "delta": 0.003251}}
{"target": -13.758527232324736, "params": {"gamma": 873.8858586056449, "log10_alpha": -4.140566244768418, "log10_colsample_bytree": -0.0821119997925065, "log10_eta": -3.9934163430819023, "log10_lambda": -4.3490168137670135, "log10_min_child_weight": 0.5261191001782495, "log10_subsample": -0.6871415029070157, "max_depth": 3.0, "num_boost_round": 12.0}, "datetime": {"datetime": "2024-01-19 00:52:26", "elapsed": 2451.291001, "delta": 0.003296}}
{"target": -13.758526521737307, "params": {"gamma": 873.8858586056449, "log10_alpha": -4.140566244768418, "log10_colsample_bytree": -0.0821119997925065, "log10_eta": -3.9934163430819023, "log10_lambda": -4.3490168137670135, "log10_min_child_weight": 0.5261191001782495, "log10_subsample": -0.6871415029070157, "max_depth": 3.0, "num_boost_round": 13.0}, "datetime": {"datetime": "2024-01-19 00:52:26", "elapsed": 2451.294322, "delta": 0.003321}}
{"target": -13.758525030602208, "params": {"gamma": 873.8858586056449, "log10_alpha": -4.140566244768418, "log10_colsample_bytree": -0.0821119997925065, "log10_eta": -3.9934163430819023, "log10_lambda": -4.3490168137670135, "log10_min_child_weight": 0.5261191001782495, "log10_subsample": -0.6871415029070157, "max_depth": 3.0, "num_boost_round": 14.0}, "datetime": {"datetime": "2024-01-19 00:52:26", "elapsed": 2451.297563, "delta": 0.003241}}
{"target": -13.75852415427213, "params": {"gamma": 873.8858586056449, "log10_alpha": -4.140566244768418, "log10_colsample_bytree": -0.0821119997925065, "log10_eta": -3.9934163430819023, "log10_lambda": -4.3490168137670135, "log10_min_child_weight": 0.5261191001782495, "log10_subsample": -0.6871415029070157, "max_depth": 3.0, "num_boost_round": 15.0}, "datetime": {"datetime": "2024-01-19 00:52:27", "elapsed": 2451.300753, "delta": 0.00319}}
{"target": -13.758521859780005, "params": {"gamma": 873.8858586056449, "log10_alpha": -4.140566244768418, "log10_colsample_bytree": -0.0821119997925065, "log10_eta": -3.9934163430819023, "log10_lambda": -4.3490168137670135, "log10_min_child_weight": 0.5261191001782495, "log10_subsample": -0.6871415029070157, "max_depth": 3.0, "num_boost_round": 16.0}, "datetime": {"datetime": "2024-01-19 00:52:27", "elapsed": 2451.303989, "delta": 0.003236}}
{"target": -13.758521285659505, "params": {"gamma": 873.8858586056449, "log10_alpha": -4.140566244768418, "log10_colsample_bytree": -0.0821119997925065, "log10_eta": -3.9934163430819023, "log10_lambda": -4.3490168137670135, "log10_min_child_weight": 0.5261191001782495, "log10_subsample": -0.6871415029070157, "max_depth": 3.0, "num_boost_round": 17.0}, "datetime": {"datetime": "2024-01-19 00:52:27", "elapsed": 2451.307176, "delta": 0.003187}}
{"target": -13.758520227582506, "params": {"gamma": 873.8858586056449, "log10_alpha": -4.140566244768418, "log10_colsample_bytree": -0.0821119997925065, "log10_eta": -3.9934163430819023, "log10_lambda": -4.3490168137670135, "log10_min_child_weight": 0.5261191001782495, "log10_subsample": -0.6871415029070157, "max_depth": 3.0, "num_boost_round": 18.0}, "datetime": {"datetime": "2024-01-19 00:52:27", "elapsed": 2451.310441, "delta": 0.003265}}
{"target": -13.758517935114885, "params": {"gamma": 873.8858586056449, "log10_alpha": -4.140566244768418, "log10_colsample_bytree": -0.0821119997925065, "log10_eta": -3.9934163430819023, "log10_lambda": -4.3490168137670135, "log10_min_child_weight": 0.5261191001782495, "log10_subsample": -0.6871415029070157, "max_depth": 3.0, "num_boost_round": 19.0}, "datetime": {"datetime": "2024-01-19 00:52:27", "elapsed": 2451.313802, "delta": 0.003361}}
{"target": -13.758516117974025, "params": {"gamma": 873.8858586056449, "log10_alpha": -4.140566244768418, "log10_colsample_bytree": -0.0821119997925065, "log10_eta": -3.9934163430819023, "log10_lambda": -4.3490168137670135, "log10_min_child_weight": 0.5261191001782495, "log10_subsample": -0.6871415029070157, "max_depth": 3.0, "num_boost_round": 20.0}, "datetime": {"datetime": "2024-01-19 00:52:27", "elapsed": 2451.317084, "delta": 0.003282}}
{"target": -13.758514684822769, "params": {"gamma": 873.8858586056449, "log10_alpha": -4.140566244768418, "log10_colsample_bytree": -0.0821119997925065, "log10_eta": -3.9934163430819023, "log10_lambda": -4.3490168137670135, "log10_min_child_weight": 0.5261191001782495, "log10_subsample": -0.6871415029070157, "max_depth": 3.0, "num_boost_round": 21.0}, "datetime": {"datetime": "2024-01-19 00:52:27", "elapsed": 2451.320307, "delta": 0.003223}}
{"target": -13.75851028501516, "params": {"gamma": 873.8858586056449, "log10_alpha": -4.140566244768418, "log10_colsample_bytree": -0.0821119997925065, "log10_eta": -3.9934163430819023, "log10_lambda": -4.3490168137670135, "log10_min_child_weight": 0.5261191001782495, "log10_subsample": -0.6871415029070157, "max_depth": 3.0, "num_boost_round": 22.0}, "datetime": {"datetime": "2024-01-19 00:52:27", "elapsed": 2451.323599, "delta": 0.003292}}
{"target": -13.758509578058087, "params": {"gamma": 873.8858586056449, "log10_alpha": -4.140566244768418, "log10_colsample_bytree": -0.0821119997925065, "log10_eta": -3.9934163430819023, "log10_lambda": -4.3490168137670135, "log10_min_child_weight": 0.5261191001782495, "log10_subsample": -0.6871415029070157, "max_depth": 3.0, "num_boost_round": 23.0}, "datetime": {"datetime": "2024-01-19 00:52:27", "elapsed": 2451.326852, "delta": 0.003253}}
{"target": -13.758508851133769, "params": {"gamma": 873.8858586056449, "log10_alpha": -4.140566244768418, "log10_colsample_bytree": -0.0821119997925065, "log10_eta": -3.9934163430819023, "log10_lambda": -4.3490168137670135, "log10_min_child_weight": 0.5261191001782495, "log10_subsample": -0.6871415029070157, "max_depth": 3.0, "num_boost_round": 24.0}, "datetime": {"datetime": "2024-01-19 00:52:27", "elapsed": 2451.330129, "delta": 0.003277}}
{"target": -13.758506895093499, "params": {"gamma": 873.8858586056449, "log10_alpha": -4.140566244768418, "log10_colsample_bytree": -0.0821119997925065, "log10_eta": -3.9934163430819023, "log10_lambda": -4.3490168137670135, "log10_min_child_weight": 0.5261191001782495, "log10_subsample": -0.6871415029070157, "max_depth": 3.0, "num_boost_round": 25.0}, "datetime": {"datetime": "2024-01-19 00:52:27", "elapsed": 2451.333588, "delta": 0.003459}}
{"target": -13.758505972526418, "params": {"gamma": 873.8858586056449, "log10_alpha": -4.140566244768418, "log10_colsample_bytree": -0.0821119997925065, "log10_eta": -3.9934163430819023, "log10_lambda": -4.3490168137670135, "log10_min_child_weight": 0.5261191001782495, "log10_subsample": -0.6871415029070157, "max_depth": 3.0, "num_boost_round": 26.0}, "datetime": {"datetime": "2024-01-19 00:52:27", "elapsed": 2451.33702, "delta": 0.003432}}
{"target": -13.758504586275173, "params": {"gamma": 873.8858586056449, "log10_alpha": -4.140566244768418, "log10_colsample_bytree": -0.0821119997925065, "log10_eta": -3.9934163430819023, "log10_lambda": -4.3490168137670135, "log10_min_child_weight": 0.5261191001782495, "log10_subsample": -0.6871415029070157, "max_depth": 3.0, "num_boost_round": 27.0}, "datetime": {"datetime": "2024-01-19 00:52:27", "elapsed": 2451.340458, "delta": 0.003438}}
{"target": -13.75850409673926, "params": {"gamma": 873.8858586056449, "log10_alpha": -4.140566244768418, "log10_colsample_bytree": -0.0821119997925065, "log10_eta": -3.9934163430819023, "log10_lambda": -4.3490168137670135, "log10_min_child_weight": 0.5261191001782495, "log10_subsample": -0.6871415029070157, "max_depth": 3.0, "num_boost_round": 28.0}, "datetime": {"datetime": "2024-01-19 00:52:27", "elapsed": 2451.343716, "delta": 0.003258}}
{"target": -13.758500599741838, "params": {"gamma": 873.8858586056449, "log10_alpha": -4.140566244768418, "log10_colsample_bytree": -0.0821119997925065, "log10_eta": -3.9934163430819023, "log10_lambda": -4.3490168137670135, "log10_min_child_weight": 0.5261191001782495, "log10_subsample": -0.6871415029070157, "max_depth": 3.0, "num_boost_round": 29.0}, "datetime": {"datetime": "2024-01-19 00:52:27", "elapsed": 2451.34694, "delta": 0.003224}}
{"target": -13.75853485126386, "params": {"gamma": 860.9530219082839, "log10_alpha": -4.700119095212154, "log10_colsample_bytree": -0.6148785625276515, "log10_eta": -3.3492125766979344, "log10_lambda": 0.024364733799671967, "log10_min_child_weight": 4.577441624043619, "log10_subsample": -0.34425981074978806, "max_depth": 9.0, "num_boost_round": 0.0}, "datetime": {"datetime": "2024-01-19 00:53:19", "elapsed": 2503.538168, "delta": 52.191228}}
{"target": -13.758538401506332, "params": {"gamma": 860.9530219082839, "log10_alpha": -4.700119095212154, "log10_colsample_bytree": -0.6148785625276515, "log10_eta": -3.3492125766979344, "log10_lambda": 0.024364733799671967, "log10_min_child_weight": 4.577441624043619, "log10_subsample": -0.34425981074978806, "max_depth": 9.0, "num_boost_round": 1.0}, "datetime": {"datetime": "2024-01-19 00:53:19", "elapsed": 2503.542153, "delta": 0.003985}}
{"target": -13.758539316270232, "params": {"gamma": 860.9530219082839, "log10_alpha": -4.700119095212154, "log10_colsample_bytree": -0.6148785625276515, "log10_eta": -3.3492125766979344, "log10_lambda": 0.024364733799671967, "log10_min_child_weight": 4.577441624043619, "log10_subsample": -0.34425981074978806, "max_depth": 9.0, "num_boost_round": 2.0}, "datetime": {"datetime": "2024-01-19 00:53:19", "elapsed": 2503.545481, "delta": 0.003328}}
{"target": -13.758536122405165, "params": {"gamma": 860.9530219082839, "log10_alpha": -4.700119095212154, "log10_colsample_bytree": -0.6148785625276515, "log10_eta": -3.3492125766979344, "log10_lambda": 0.024364733799671967, "log10_min_child_weight": 4.577441624043619, "log10_subsample": -0.34425981074978806, "max_depth": 9.0, "num_boost_round": 3.0}, "datetime": {"datetime": "2024-01-19 00:53:19", "elapsed": 2503.548907, "delta": 0.003426}}
{"target": -13.758536095659016, "params": {"gamma": 860.9530219082839, "log10_alpha": -4.700119095212154, "log10_colsample_bytree": -0.6148785625276515, "log10_eta": -3.3492125766979344, "log10_lambda": 0.024364733799671967, "log10_min_child_weight": 4.577441624043619, "log10_subsample": -0.34425981074978806, "max_depth": 9.0, "num_boost_round": 4.0}, "datetime": {"datetime": "2024-01-19 00:53:19", "elapsed": 2503.552342, "delta": 0.003435}}
{"target": -13.758532530283704, "params": {"gamma": 860.9530219082839, "log10_alpha": -4.700119095212154, "log10_colsample_bytree": -0.6148785625276515, "log10_eta": -3.3492125766979344, "log10_lambda": 0.024364733799671967, "log10_min_child_weight": 4.577441624043619, "log10_subsample": -0.34425981074978806, "max_depth": 9.0, "num_boost_round": 5.0}, "datetime": {"datetime": "2024-01-19 00:53:19", "elapsed": 2503.555769, "delta": 0.003427}}
{"target": -13.758533452592108, "params": {"gamma": 860.9530219082839, "log10_alpha": -4.700119095212154, "log10_colsample_bytree": -0.6148785625276515, "log10_eta": -3.3492125766979344, "log10_lambda": 0.024364733799671967, "log10_min_child_weight": 4.577441624043619, "log10_subsample": -0.34425981074978806, "max_depth": 9.0, "num_boost_round": 6.0}, "datetime": {"datetime": "2024-01-19 00:53:19", "elapsed": 2503.559003, "delta": 0.003234}}
{"target": -13.758527759200511, "params": {"gamma": 860.9530219082839, "log10_alpha": -4.700119095212154, "log10_colsample_bytree": -0.6148785625276515, "log10_eta": -3.3492125766979344, "log10_lambda": 0.024364733799671967, "log10_min_child_weight": 4.577441624043619, "log10_subsample": -0.34425981074978806, "max_depth": 9.0, "num_boost_round": 7.0}, "datetime": {"datetime": "2024-01-19 00:53:19", "elapsed": 2503.562254, "delta": 0.003251}}
{"target": -13.758525426107141, "params": {"gamma": 860.9530219082839, "log10_alpha": -4.700119095212154, "log10_colsample_bytree": -0.6148785625276515, "log10_eta": -3.3492125766979344, "log10_lambda": 0.024364733799671967, "log10_min_child_weight": 4.577441624043619, "log10_subsample": -0.34425981074978806, "max_depth": 9.0, "num_boost_round": 8.0}, "datetime": {"datetime": "2024-01-19 00:53:19", "elapsed": 2503.565516, "delta": 0.003262}}
{"target": -13.758524948378177, "params": {"gamma": 860.9530219082839, "log10_alpha": -4.700119095212154, "log10_colsample_bytree": -0.6148785625276515, "log10_eta": -3.3492125766979344, "log10_lambda": 0.024364733799671967, "log10_min_child_weight": 4.577441624043619, "log10_subsample": -0.34425981074978806, "max_depth": 9.0, "num_boost_round": 9.0}, "datetime": {"datetime": "2024-01-19 00:53:19", "elapsed": 2503.568775, "delta": 0.003259}}
{"target": -13.758523633966085, "params": {"gamma": 860.9530219082839, "log10_alpha": -4.700119095212154, "log10_colsample_bytree": -0.6148785625276515, "log10_eta": -3.3492125766979344, "log10_lambda": 0.024364733799671967, "log10_min_child_weight": 4.577441624043619, "log10_subsample": -0.34425981074978806, "max_depth": 9.0, "num_boost_round": 10.0}, "datetime": {"datetime": "2024-01-19 00:53:19", "elapsed": 2503.572179, "delta": 0.003404}}
{"target": -13.75852309371933, "params": {"gamma": 860.9530219082839, "log10_alpha": -4.700119095212154, "log10_colsample_bytree": -0.6148785625276515, "log10_eta": -3.3492125766979344, "log10_lambda": 0.024364733799671967, "log10_min_child_weight": 4.577441624043619, "log10_subsample": -0.34425981074978806, "max_depth": 9.0, "num_boost_round": 11.0}, "datetime": {"datetime": "2024-01-19 00:53:19", "elapsed": 2503.575425, "delta": 0.003246}}
{"target": -13.758523444106455, "params": {"gamma": 860.9530219082839, "log10_alpha": -4.700119095212154, "log10_colsample_bytree": -0.6148785625276515, "log10_eta": -3.3492125766979344, "log10_lambda": 0.024364733799671967, "log10_min_child_weight": 4.577441624043619, "log10_subsample": -0.34425981074978806, "max_depth": 9.0, "num_boost_round": 12.0}, "datetime": {"datetime": "2024-01-19 00:53:19", "elapsed": 2503.578675, "delta": 0.00325}}
{"target": -13.758522089221167, "params": {"gamma": 860.9530219082839, "log10_alpha": -4.700119095212154, "log10_colsample_bytree": -0.6148785625276515, "log10_eta": -3.3492125766979344, "log10_lambda": 0.024364733799671967, "log10_min_child_weight": 4.577441624043619, "log10_subsample": -0.34425981074978806, "max_depth": 9.0, "num_boost_round": 13.0}, "datetime": {"datetime": "2024-01-19 00:53:19", "elapsed": 2503.581924, "delta": 0.003249}}
{"target": -13.758519910455512, "params": {"gamma": 860.9530219082839, "log10_alpha": -4.700119095212154, "log10_colsample_bytree": -0.6148785625276515, "log10_eta": -3.3492125766979344, "log10_lambda": 0.024364733799671967, "log10_min_child_weight": 4.577441624043619, "log10_subsample": -0.34425981074978806, "max_depth": 9.0, "num_boost_round": 14.0}, "datetime": {"datetime": "2024-01-19 00:53:19", "elapsed": 2503.585178, "delta": 0.003254}}
{"target": -13.7585139411604, "params": {"gamma": 860.9530219082839, "log10_alpha": -4.700119095212154, "log10_colsample_bytree": -0.6148785625276515, "log10_eta": -3.3492125766979344, "log10_lambda": 0.024364733799671967, "log10_min_child_weight": 4.577441624043619, "log10_subsample": -0.34425981074978806, "max_depth": 9.0, "num_boost_round": 15.0}, "datetime": {"datetime": "2024-01-19 00:53:19", "elapsed": 2503.588438, "delta": 0.00326}}
{"target": -13.758512453635923, "params": {"gamma": 860.9530219082839, "log10_alpha": -4.700119095212154, "log10_colsample_bytree": -0.6148785625276515, "log10_eta": -3.3492125766979344, "log10_lambda": 0.024364733799671967, "log10_min_child_weight": 4.577441624043619, "log10_subsample": -0.34425981074978806, "max_depth": 9.0, "num_boost_round": 16.0}, "datetime": {"datetime": "2024-01-19 00:53:19", "elapsed": 2503.591806, "delta": 0.003368}}
{"target": -13.758508545491907, "params": {"gamma": 860.9530219082839, "log10_alpha": -4.700119095212154, "log10_colsample_bytree": -0.6148785625276515, "log10_eta": -3.3492125766979344, "log10_lambda": 0.024364733799671967, "log10_min_child_weight": 4.577441624043619, "log10_subsample": -0.34425981074978806, "max_depth": 9.0, "num_boost_round": 17.0}, "datetime": {"datetime": "2024-01-19 00:53:19", "elapsed": 2503.595187, "delta": 0.003381}}
{"target": -13.758504934248027, "params": {"gamma": 860.9530219082839, "log10_alpha": -4.700119095212154, "log10_colsample_bytree": -0.6148785625276515, "log10_eta": -3.3492125766979344, "log10_lambda": 0.024364733799671967, "log10_min_child_weight": 4.577441624043619, "log10_subsample": -0.34425981074978806, "max_depth": 9.0, "num_boost_round": 18.0}, "datetime": {"datetime": "2024-01-19 00:53:19", "elapsed": 2503.598463, "delta": 0.003276}}
{"target": -13.758441775145245, "params": {"gamma": 875.6500057375086, "log10_alpha": -4.845892150286485, "log10_colsample_bytree": -0.958554498363954, "log10_eta": -2.6026504205832626, "log10_lambda": -2.8972006919928033, "log10_min_child_weight": 1.6170486640976707, "log10_subsample": -0.6943864898721113, "max_depth": 8.0, "num_boost_round": 0.0}, "datetime": {"datetime": "2024-01-19 00:54:06", "elapsed": 2550.830591, "delta": 47.232128}}
{"target": -13.75834721741934, "params": {"gamma": 875.6500057375086, "log10_alpha": -4.845892150286485, "log10_colsample_bytree": -0.958554498363954, "log10_eta": -2.6026504205832626, "log10_lambda": -2.8972006919928033, "log10_min_child_weight": 1.6170486640976707, "log10_subsample": -0.6943864898721113, "max_depth": 8.0, "num_boost_round": 1.0}, "datetime": {"datetime": "2024-01-19 00:54:06", "elapsed": 2550.834456, "delta": 0.003865}}
{"target": -13.758304361842612, "params": {"gamma": 875.6500057375086, "log10_alpha": -4.845892150286485, "log10_colsample_bytree": -0.958554498363954, "log10_eta": -2.6026504205832626, "log10_lambda": -2.8972006919928033, "log10_min_child_weight": 1.6170486640976707, "log10_subsample": -0.6943864898721113, "max_depth": 8.0, "num_boost_round": 2.0}, "datetime": {"datetime": "2024-01-19 00:54:06", "elapsed": 2550.837982, "delta": 0.003526}}
{"target": -13.758279995841816, "params": {"gamma": 875.6500057375086, "log10_alpha": -4.845892150286485, "log10_colsample_bytree": -0.958554498363954, "log10_eta": -2.6026504205832626, "log10_lambda": -2.8972006919928033, "log10_min_child_weight": 1.6170486640976707, "log10_subsample": -0.6943864898721113, "max_depth": 8.0, "num_boost_round": 3.0}, "datetime": {"datetime": "2024-01-19 00:54:06", "elapsed": 2550.841895, "delta": 0.003913}}
{"target": -13.758118556098186, "params": {"gamma": 875.6500057375086, "log10_alpha": -4.845892150286485, "log10_colsample_bytree": -0.958554498363954, "log10_eta": -2.6026504205832626, "log10_lambda": -2.8972006919928033, "log10_min_child_weight": 1.6170486640976707, "log10_subsample": -0.6943864898721113, "max_depth": 8.0, "num_boost_round": 4.0}, "datetime": {"datetime": "2024-01-19 00:54:06", "elapsed": 2550.845254, "delta": 0.003359}}
{"target": -13.758073776474594, "params": {"gamma": 875.6500057375086, "log10_alpha": -4.845892150286485, "log10_colsample_bytree": -0.958554498363954, "log10_eta": -2.6026504205832626, "log10_lambda": -2.8972006919928033, "log10_min_child_weight": 1.6170486640976707, "log10_subsample": -0.6943864898721113, "max_depth": 8.0, "num_boost_round": 5.0}, "datetime": {"datetime": "2024-01-19 00:54:06", "elapsed": 2550.848546, "delta": 0.003292}}
