{"target": -14.017915442509564, "params": {"gamma": 571.0028631055029, "log10_alpha": 0.17572832467297328, "log10_colsample_bytree": -0.6776800302048518, "log10_eta": -0.8202808227594169, "log10_lambda": -4.318262578201521, "log10_min_child_weight": 1.8651517259997723, "log10_subsample": -0.684946615313262, "max_depth": 9.0, "num_boost_round": 31.0}, "datetime": {"datetime": "2024-01-19 01:53:18", "elapsed": 6130.067591, "delta": 0.006337}}
{"target": -14.027428145260178, "params": {"gamma": 571.0028631055029, "log10_alpha": 0.17572832467297328, "log10_colsample_bytree": -0.6776800302048518, "log10_eta": -0.8202808227594169, "log10_lambda": -4.318262578201521, "log10_min_child_weight": 1.8651517259997723, "log10_subsample": -0.684946615313262, "max_depth": 9.0, "num_boost_round": 32.0}, "datetime": {"datetime": "2024-01-19 01:53:18", "elapsed": 6130.073872, "delta": 0.006281}}
{"target": -14.037254833472435, "params": {"gamma": 571.0028631055029, "log10_alpha": 0.17572832467297328, "log10_colsample_bytree": -0.6776800302048518, "log10_eta": -0.8202808227594169, "log10_lambda": -4.318262578201521, "log10_min_child_weight": 1.8651517259997723, "log10_subsample": -0.684946615313262, "max_depth": 9.0, "num_boost_round": 33.0}, "datetime": {"datetime": "2024-01-19 01:53:18", "elapsed": 6130.081144, "delta": 0.007272}}
{"target": -14.039554868161188, "params": {"gamma": 571.0028631055029, "log10_alpha": 0.17572832467297328, "log10_colsample_bytree": -0.6776800302048518, "log10_eta": -0.8202808227594169, "log10_lambda": -4.318262578201521, "log10_min_child_weight": 1.8651517259997723, "log10_subsample": -0.684946615313262, "max_depth": 9.0, "num_boost_round": 34.0}, "datetime": {"datetime": "2024-01-19 01:53:18", "elapsed": 6130.087708, "delta": 0.006564}}
{"target": -14.050838721787787, "params": {"gamma": 571.0028631055029, "log10_alpha": 0.17572832467297328, "log10_colsample_bytree": -0.6776800302048518, "log10_eta": -0.8202808227594169, "log10_lambda": -4.318262578201521, "log10_min_child_weight": 1.8651517259997723, "log10_subsample": -0.684946615313262, "max_depth": 9.0, "num_boost_round": 35.0}, "datetime": {"datetime": "2024-01-19 01:53:18", "elapsed": 6130.093762, "delta": 0.006054}}
{"target": -14.054936943824426, "params": {"gamma": 571.0028631055029, "log10_alpha": 0.17572832467297328, "log10_colsample_bytree": -0.6776800302048518, "log10_eta": -0.8202808227594169, "log10_lambda": -4.318262578201521, "log10_min_child_weight": 1.8651517259997723, "log10_subsample": -0.684946615313262, "max_depth": 9.0, "num_boost_round": 36.0}, "datetime": {"datetime": "2024-01-19 01:53:18", "elapsed": 6130.099754, "delta": 0.005992}}
{"target": -14.058780662172014, "params": {"gamma": 571.0028631055029, "log10_alpha": 0.17572832467297328, "log10_colsample_bytree": -0.6776800302048518, "log10_eta": -0.8202808227594169, "log10_lambda": -4.318262578201521, "log10_min_child_weight": 1.8651517259997723, "log10_subsample": -0.684946615313262, "max_depth": 9.0, "num_boost_round": 37.0}, "datetime": {"datetime": "2024-01-19 01:53:18", "elapsed": 6130.105752, "delta": 0.005998}}
{"target": -14.061977987359736, "params": {"gamma": 571.0028631055029, "log10_alpha": 0.17572832467297328, "log10_colsample_bytree": -0.6776800302048518, "log10_eta": -0.8202808227594169, "log10_lambda": -4.318262578201521, "log10_min_child_weight": 1.8651517259997723, "log10_subsample": -0.684946615313262, "max_depth": 9.0, "num_boost_round": 38.0}, "datetime": {"datetime": "2024-01-19 01:53:18", "elapsed": 6130.111841, "delta": 0.006089}}
{"target": -14.064788596378387, "params": {"gamma": 571.0028631055029, "log10_alpha": 0.17572832467297328, "log10_colsample_bytree": -0.6776800302048518, "log10_eta": -0.8202808227594169, "log10_lambda": -4.318262578201521, "log10_min_child_weight": 1.8651517259997723, "log10_subsample": -0.684946615313262, "max_depth": 9.0, "num_boost_round": 39.0}, "datetime": {"datetime": "2024-01-19 01:53:18", "elapsed": 6130.118177, "delta": 0.006336}}
{"target": -14.074822698935616, "params": {"gamma": 571.0028631055029, "log10_alpha": 0.17572832467297328, "log10_colsample_bytree": -0.6776800302048518, "log10_eta": -0.8202808227594169, "log10_lambda": -4.318262578201521, "log10_min_child_weight": 1.8651517259997723, "log10_subsample": -0.684946615313262, "max_depth": 9.0, "num_boost_round": 40.0}, "datetime": {"datetime": "2024-01-19 01:53:18", "elapsed": 6130.124713, "delta": 0.006536}}
{"target": -14.07782768415976, "params": {"gamma": 571.0028631055029, "log10_alpha": 0.17572832467297328, "log10_colsample_bytree": -0.6776800302048518, "log10_eta": -0.8202808227594169, "log10_lambda": -4.318262578201521, "log10_min_child_weight": 1.8651517259997723, "log10_subsample": -0.684946615313262, "max_depth": 9.0, "num_boost_round": 41.0}, "datetime": {"datetime": "2024-01-19 01:53:18", "elapsed": 6130.130843, "delta": 0.00613}}
{"target": -14.083492092050452, "params": {"gamma": 571.0028631055029, "log10_alpha": 0.17572832467297328, "log10_colsample_bytree": -0.6776800302048518, "log10_eta": -0.8202808227594169, "log10_lambda": -4.318262578201521, "log10_min_child_weight": 1.8651517259997723, "log10_subsample": -0.684946615313262, "max_depth": 9.0, "num_boost_round": 42.0}, "datetime": {"datetime": "2024-01-19 01:53:18", "elapsed": 6130.13696, "delta": 0.006117}}
{"target": -14.084804707726233, "params": {"gamma": 571.0028631055029, "log10_alpha": 0.17572832467297328, "log10_colsample_bytree": -0.6776800302048518, "log10_eta": -0.8202808227594169, "log10_lambda": -4.318262578201521, "log10_min_child_weight": 1.8651517259997723, "log10_subsample": -0.684946615313262, "max_depth": 9.0, "num_boost_round": 43.0}, "datetime": {"datetime": "2024-01-19 01:53:18", "elapsed": 6130.143157, "delta": 0.006197}}
{"target": -14.0884402671049, "params": {"gamma": 571.0028631055029, "log10_alpha": 0.17572832467297328, "log10_colsample_bytree": -0.6776800302048518, "log10_eta": -0.8202808227594169, "log10_lambda": -4.318262578201521, "log10_min_child_weight": 1.8651517259997723, "log10_subsample": -0.684946615313262, "max_depth": 9.0, "num_boost_round": 44.0}, "datetime": {"datetime": "2024-01-19 01:53:18", "elapsed": 6130.14926, "delta": 0.006103}}
{"target": -14.09264572452692, "params": {"gamma": 571.0028631055029, "log10_alpha": 0.17572832467297328, "log10_colsample_bytree": -0.6776800302048518, "log10_eta": -0.8202808227594169, "log10_lambda": -4.318262578201521, "log10_min_child_weight": 1.8651517259997723, "log10_subsample": -0.684946615313262, "max_depth": 9.0, "num_boost_round": 45.0}, "datetime": {"datetime": "2024-01-19 01:53:18", "elapsed": 6130.155509, "delta": 0.006249}}
{"target": -14.094947768696027, "params": {"gamma": 571.0028631055029, "log10_alpha": 0.17572832467297328, "log10_colsample_bytree": -0.6776800302048518, "log10_eta": -0.8202808227594169, "log10_lambda": -4.318262578201521, "log10_min_child_weight": 1.8651517259997723, "log10_subsample": -0.684946615313262, "max_depth": 9.0, "num_boost_round": 46.0}, "datetime": {"datetime": "2024-01-19 01:53:18", "elapsed": 6130.161926, "delta": 0.006417}}
{"target": -14.099936477850589, "params": {"gamma": 571.0028631055029, "log10_alpha": 0.17572832467297328, "log10_colsample_bytree": -0.6776800302048518, "log10_eta": -0.8202808227594169, "log10_lambda": -4.318262578201521, "log10_min_child_weight": 1.8651517259997723, "log10_subsample": -0.684946615313262, "max_depth": 9.0, "num_boost_round": 47.0}, "datetime": {"datetime": "2024-01-19 01:53:18", "elapsed": 6130.16806, "delta": 0.006134}}
{"target": -14.124196401343816, "params": {"gamma": 571.0028631055029, "log10_alpha": 0.17572832467297328, "log10_colsample_bytree": -0.6776800302048518, "log10_eta": -0.8202808227594169, "log10_lambda": -4.318262578201521, "log10_min_child_weight": 1.8651517259997723, "log10_subsample": -0.684946615313262, "max_depth": 9.0, "num_boost_round": 48.0}, "datetime": {"datetime": "2024-01-19 01:53:18", "elapsed": 6130.174091, "delta": 0.006031}}
{"target": -14.131279000048488, "params": {"gamma": 571.0028631055029, "log10_alpha": 0.17572832467297328, "log10_colsample_bytree": -0.6776800302048518, "log10_eta": -0.8202808227594169, "log10_lambda": -4.318262578201521, "log10_min_child_weight": 1.8651517259997723, "log10_subsample": -0.684946615313262, "max_depth": 9.0, "num_boost_round": 49.0}, "datetime": {"datetime": "2024-01-19 01:53:18", "elapsed": 6130.180105, "delta": 0.006014}}
{"target": -14.139809337587105, "params": {"gamma": 571.0028631055029, "log10_alpha": 0.17572832467297328, "log10_colsample_bytree": -0.6776800302048518, "log10_eta": -0.8202808227594169, "log10_lambda": -4.318262578201521, "log10_min_child_weight": 1.8651517259997723, "log10_subsample": -0.684946615313262, "max_depth": 9.0, "num_boost_round": 50.0}, "datetime": {"datetime": "2024-01-19 01:53:18", "elapsed": 6130.187304, "delta": 0.007199}}
{"target": -14.158798714264714, "params": {"gamma": 571.0028631055029, "log10_alpha": 0.17572832467297328, "log10_colsample_bytree": -0.6776800302048518, "log10_eta": -0.8202808227594169, "log10_lambda": -4.318262578201521, "log10_min_child_weight": 1.8651517259997723, "log10_subsample": -0.684946615313262, "max_depth": 9.0, "num_boost_round": 51.0}, "datetime": {"datetime": "2024-01-19 01:53:18", "elapsed": 6130.193723, "delta": 0.006419}}
{"target": -14.165727720118221, "params": {"gamma": 571.0028631055029, "log10_alpha": 0.17572832467297328, "log10_colsample_bytree": -0.6776800302048518, "log10_eta": -0.8202808227594169, "log10_lambda": -4.318262578201521, "log10_min_child_weight": 1.8651517259997723, "log10_subsample": -0.684946615313262, "max_depth": 9.0, "num_boost_round": 52.0}, "datetime": {"datetime": "2024-01-19 01:53:18", "elapsed": 6130.200049, "delta": 0.006326}}
{"target": -14.169724670097036, "params": {"gamma": 571.0028631055029, "log10_alpha": 0.17572832467297328, "log10_colsample_bytree": -0.6776800302048518, "log10_eta": -0.8202808227594169, "log10_lambda": -4.318262578201521, "log10_min_child_weight": 1.8651517259997723, "log10_subsample": -0.684946615313262, "max_depth": 9.0, "num_boost_round": 53.0}, "datetime": {"datetime": "2024-01-19 01:53:18", "elapsed": 6130.205977, "delta": 0.005928}}
{"target": -13.758512258477536, "params": {"gamma": 582.0238583508163, "log10_alpha": 0.2616716697950334, "log10_colsample_bytree": -0.7415388766311627, "log10_eta": -2.946011834546996, "log10_lambda": 0.522104692893957, "log10_min_child_weight": 0.7317911379958403, "log10_subsample": -0.6862141956307447, "max_depth": 9.0, "num_boost_round": 0.0}, "datetime": {"datetime": "2024-01-19 01:56:18", "elapsed": 6310.655744, "delta": 180.449767}}
{"target": -13.758531201317819, "params": {"gamma": 582.0238583508163, "log10_alpha": 0.2616716697950334, "log10_colsample_bytree": -0.7415388766311627, "log10_eta": -2.946011834546996, "log10_lambda": 0.522104692893957, "log10_min_child_weight": 0.7317911379958403, "log10_subsample": -0.6862141956307447, "max_depth": 9.0, "num_boost_round": 1.0}, "datetime": {"datetime": "2024-01-19 01:56:18", "elapsed": 6310.786661, "delta": 0.130917}}
{"target": -13.758476955124918, "params": {"gamma": 582.0238583508163, "log10_alpha": 0.2616716697950334, "log10_colsample_bytree": -0.7415388766311627, "log10_eta": -2.946011834546996, "log10_lambda": 0.522104692893957, "log10_min_child_weight": 0.7317911379958403, "log10_subsample": -0.6862141956307447, "max_depth": 9.0, "num_boost_round": 2.0}, "datetime": {"datetime": "2024-01-19 01:56:18", "elapsed": 6310.794534, "delta": 0.007873}}
{"target": -13.758414032572718, "params": {"gamma": 582.0238583508163, "log10_alpha": 0.2616716697950334, "log10_colsample_bytree": -0.7415388766311627, "log10_eta": -2.946011834546996, "log10_lambda": 0.522104692893957, "log10_min_child_weight": 0.7317911379958403, "log10_subsample": -0.6862141956307447, "max_depth": 9.0, "num_boost_round": 3.0}, "datetime": {"datetime": "2024-01-19 01:56:18", "elapsed": 6310.801152, "delta": 0.006618}}
{"target": -13.758351005754664, "params": {"gamma": 582.0238583508163, "log10_alpha": 0.2616716697950334, "log10_colsample_bytree": -0.7415388766311627, "log10_eta": -2.946011834546996, "log10_lambda": 0.522104692893957, "log10_min_child_weight": 0.7317911379958403, "log10_subsample": -0.6862141956307447, "max_depth": 9.0, "num_boost_round": 4.0}, "datetime": {"datetime": "2024-01-19 01:56:19", "elapsed": 6310.807284, "delta": 0.006132}}
{"target": -13.758311878397397, "params": {"gamma": 582.0238583508163, "log10_alpha": 0.2616716697950334, "log10_colsample_bytree": -0.7415388766311627, "log10_eta": -2.946011834546996, "log10_lambda": 0.522104692893957, "log10_min_child_weight": 0.7317911379958403, "log10_subsample": -0.6862141956307447, "max_depth": 9.0, "num_boost_round": 5.0}, "datetime": {"datetime": "2024-01-19 01:56:19", "elapsed": 6310.813216, "delta": 0.005932}}
{"target": -13.758306053377144, "params": {"gamma": 582.0238583508163, "log10_alpha": 0.2616716697950334, "log10_colsample_bytree": -0.7415388766311627, "log10_eta": -2.946011834546996, "log10_lambda": 0.522104692893957, "log10_min_child_weight": 0.7317911379958403, "log10_subsample": -0.6862141956307447, "max_depth": 9.0, "num_boost_round": 6.0}, "datetime": {"datetime": "2024-01-19 01:56:19", "elapsed": 6310.81913, "delta": 0.005914}}
{"target": -13.758262919877092, "params": {"gamma": 582.0238583508163, "log10_alpha": 0.2616716697950334, "log10_colsample_bytree": -0.7415388766311627, "log10_eta": -2.946011834546996, "log10_lambda": 0.522104692893957, "log10_min_child_weight": 0.7317911379958403, "log10_subsample": -0.6862141956307447, "max_depth": 9.0, "num_boost_round": 7.0}, "datetime": {"datetime": "2024-01-19 01:56:19", "elapsed": 6310.825697, "delta": 0.006567}}
{"target": -13.758212869086115, "params": {"gamma": 582.0238583508163, "log10_alpha": 0.2616716697950334, "log10_colsample_bytree": -0.7415388766311627, "log10_eta": -2.946011834546996, "log10_lambda": 0.522104692893957, "log10_min_child_weight": 0.7317911379958403, "log10_subsample": -0.6862141956307447, "max_depth": 9.0, "num_boost_round": 8.0}, "datetime": {"datetime": "2024-01-19 01:56:19", "elapsed": 6310.83174, "delta": 0.006043}}
{"target": -13.758176710789243, "params": {"gamma": 582.0238583508163, "log10_alpha": 0.2616716697950334, "log10_colsample_bytree": -0.7415388766311627, "log10_eta": -2.946011834546996, "log10_lambda": 0.522104692893957, "log10_min_child_weight": 0.7317911379958403, "log10_subsample": -0.6862141956307447, "max_depth": 9.0, "num_boost_round": 9.0}, "datetime": {"datetime": "2024-01-19 01:56:19", "elapsed": 6310.837721, "delta": 0.005981}}
{"target": -13.758129974830016, "params": {"gamma": 582.0238583508163, "log10_alpha": 0.2616716697950334, "log10_colsample_bytree": -0.7415388766311627, "log10_eta": -2.946011834546996, "log10_lambda": 0.522104692893957, "log10_min_child_weight": 0.7317911379958403, "log10_subsample": -0.6862141956307447, "max_depth": 9.0, "num_boost_round": 10.0}, "datetime": {"datetime": "2024-01-19 01:56:19", "elapsed": 6310.84426, "delta": 0.006539}}
{"target": -13.758142223993703, "params": {"gamma": 582.0238583508163, "log10_alpha": 0.2616716697950334, "log10_colsample_bytree": -0.7415388766311627, "log10_eta": -2.946011834546996, "log10_lambda": 0.522104692893957, "log10_min_child_weight": 0.7317911379958403, "log10_subsample": -0.6862141956307447, "max_depth": 9.0, "num_boost_round": 11.0}, "datetime": {"datetime": "2024-01-19 01:56:19", "elapsed": 6310.851216, "delta": 0.006956}}
{"target": -13.7581577127695, "params": {"gamma": 582.0238583508163, "log10_alpha": 0.2616716697950334, "log10_colsample_bytree": -0.7415388766311627, "log10_eta": -2.946011834546996, "log10_lambda": 0.522104692893957, "log10_min_child_weight": 0.7317911379958403, "log10_subsample": -0.6862141956307447, "max_depth": 9.0, "num_boost_round": 12.0}, "datetime": {"datetime": "2024-01-19 01:56:19", "elapsed": 6310.857577, "delta": 0.006361}}
{"target": -13.758074342944562, "params": {"gamma": 582.0238583508163, "log10_alpha": 0.2616716697950334, "log10_colsample_bytree": -0.7415388766311627, "log10_eta": -2.946011834546996, "log10_lambda": 0.522104692893957, "log10_min_child_weight": 0.7317911379958403, "log10_subsample": -0.6862141956307447, "max_depth": 9.0, "num_boost_round": 13.0}, "datetime": {"datetime": "2024-01-19 01:56:19", "elapsed": 6310.8649, "delta": 0.007323}}
{"target": -13.758074061731074, "params": {"gamma": 582.0238583508163, "log10_alpha": 0.2616716697950334, "log10_colsample_bytree": -0.7415388766311627, "log10_eta": -2.946011834546996, "log10_lambda": 0.522104692893957, "log10_min_child_weight": 0.7317911379958403, "log10_subsample": -0.6862141956307447, "max_depth": 9.0, "num_boost_round": 14.0}, "datetime": {"datetime": "2024-01-19 01:56:19", "elapsed": 6310.871421, "delta": 0.006521}}
{"target": -13.758026643050362, "params": {"gamma": 582.0238583508163, "log10_alpha": 0.2616716697950334, "log10_colsample_bytree": -0.7415388766311627, "log10_eta": -2.946011834546996, "log10_lambda": 0.522104692893957, "log10_min_child_weight": 0.7317911379958403, "log10_subsample": -0.6862141956307447, "max_depth": 9.0, "num_boost_round": 15.0}, "datetime": {"datetime": "2024-01-19 01:56:19", "elapsed": 6310.877464, "delta": 0.006043}}
{"target": -13.75802071989419, "params": {"gamma": 582.0238583508163, "log10_alpha": 0.2616716697950334, "log10_colsample_bytree": -0.7415388766311627, "log10_eta": -2.946011834546996, "log10_lambda": 0.522104692893957, "log10_min_child_weight": 0.7317911379958403, "log10_subsample": -0.6862141956307447, "max_depth": 9.0, "num_boost_round": 16.0}, "datetime": {"datetime": "2024-01-19 01:56:19", "elapsed": 6310.883521, "delta": 0.006057}}
{"target": -13.757939442839298, "params": {"gamma": 582.0238583508163, "log10_alpha": 0.2616716697950334, "log10_colsample_bytree": -0.7415388766311627, "log10_eta": -2.946011834546996, "log10_lambda": 0.522104692893957, "log10_min_child_weight": 0.7317911379958403, "log10_subsample": -0.6862141956307447, "max_depth": 9.0, "num_boost_round": 17.0}, "datetime": {"datetime": "2024-01-19 01:56:19", "elapsed": 6310.889575, "delta": 0.006054}}
{"target": -13.757895864889488, "params": {"gamma": 582.0238583508163, "log10_alpha": 0.2616716697950334, "log10_colsample_bytree": -0.7415388766311627, "log10_eta": -2.946011834546996, "log10_lambda": 0.522104692893957, "log10_min_child_weight": 0.7317911379958403, "log10_subsample": -0.6862141956307447, "max_depth": 9.0, "num_boost_round": 18.0}, "datetime": {"datetime": "2024-01-19 01:56:19", "elapsed": 6310.895587, "delta": 0.006012}}
{"target": -13.757856427124931, "params": {"gamma": 582.0238583508163, "log10_alpha": 0.2616716697950334, "log10_colsample_bytree": -0.7415388766311627, "log10_eta": -2.946011834546996, "log10_lambda": 0.522104692893957, "log10_min_child_weight": 0.7317911379958403, "log10_subsample": -0.6862141956307447, "max_depth": 9.0, "num_boost_round": 19.0}, "datetime": {"datetime": "2024-01-19 01:56:19", "elapsed": 6310.901826, "delta": 0.006239}}
{"target": -13.757794755603298, "params": {"gamma": 582.0238583508163, "log10_alpha": 0.2616716697950334, "log10_colsample_bytree": -0.7415388766311627, "log10_eta": -2.946011834546996, "log10_lambda": 0.522104692893957, "log10_min_child_weight": 0.7317911379958403, "log10_subsample": -0.6862141956307447, "max_depth": 9.0, "num_boost_round": 20.0}, "datetime": {"datetime": "2024-01-19 01:56:19", "elapsed": 6310.9081, "delta": 0.006274}}
{"target": -13.75775067852101, "params": {"gamma": 582.0238583508163, "log10_alpha": 0.2616716697950334, "log10_colsample_bytree": -0.7415388766311627, "log10_eta": -2.946011834546996, "log10_lambda": 0.522104692893957, "log10_min_child_weight": 0.7317911379958403, "log10_subsample": -0.6862141956307447, "max_depth": 9.0, "num_boost_round": 21.0}, "datetime": {"datetime": "2024-01-19 01:56:19", "elapsed": 6310.914161, "delta": 0.006061}}
{"target": -13.757736346071944, "params": {"gamma": 582.0238583508163, "log10_alpha": 0.2616716697950334, "log10_colsample_bytree": -0.7415388766311627, "log10_eta": -2.946011834546996, "log10_lambda": 0.522104692893957, "log10_min_child_weight": 0.7317911379958403, "log10_subsample": -0.6862141956307447, "max_depth": 9.0, "num_boost_round": 22.0}, "datetime": {"datetime": "2024-01-19 01:56:19", "elapsed": 6310.920151, "delta": 0.00599}}
{"target": -13.757721852421135, "params": {"gamma": 582.0238583508163, "log10_alpha": 0.2616716697950334, "log10_colsample_bytree": -0.7415388766311627, "log10_eta": -2.946011834546996, "log10_lambda": 0.522104692893957, "log10_min_child_weight": 0.7317911379958403, "log10_subsample": -0.6862141956307447, "max_depth": 9.0, "num_boost_round": 23.0}, "datetime": {"datetime": "2024-01-19 01:56:19", "elapsed": 6310.92623, "delta": 0.006079}}
{"target": -13.757728468502131, "params": {"gamma": 582.0238583508163, "log10_alpha": 0.2616716697950334, "log10_colsample_bytree": -0.7415388766311627, "log10_eta": -2.946011834546996, "log10_lambda": 0.522104692893957, "log10_min_child_weight": 0.7317911379958403, "log10_subsample": -0.6862141956307447, "max_depth": 9.0, "num_boost_round": 24.0}, "datetime": {"datetime": "2024-01-19 01:56:19", "elapsed": 6310.932377, "delta": 0.006147}}
{"target": -13.757691694766931, "params": {"gamma": 582.0238583508163, "log10_alpha": 0.2616716697950334, "log10_colsample_bytree": -0.7415388766311627, "log10_eta": -2.946011834546996, "log10_lambda": 0.522104692893957, "log10_min_child_weight": 0.7317911379958403, "log10_subsample": -0.6862141956307447, "max_depth": 9.0, "num_boost_round": 25.0}, "datetime": {"datetime": "2024-01-19 01:56:19", "elapsed": 6310.938642, "delta": 0.006265}}
