{"target": -17.67718748560281, "params": {"gamma": 32.380018589603445, "log10_alpha": 1.0, "log10_colsample_bytree": -1.0, "log10_eta": -4.0, "log10_lambda": 1.0, "log10_min_child_weight": 0.0, "log10_subsample": 0.0, "max_depth": 2.0, "num_boost_round": 23.0}, "datetime": {"datetime": "2024-01-19 00:56:09", "elapsed": 2723.131053, "delta": 0.002762}}
{"target": -17.677187881283725, "params": {"gamma": 32.380018589603445, "log10_alpha": 1.0, "log10_colsample_bytree": -1.0, "log10_eta": -4.0, "log10_lambda": 1.0, "log10_min_child_weight": 0.0, "log10_subsample": 0.0, "max_depth": 2.0, "num_boost_round": 24.0}, "datetime": {"datetime": "2024-01-19 00:56:09", "elapsed": 2723.13389, "delta": 0.002837}}
{"target": -17.677185415232415, "params": {"gamma": 32.380018589603445, "log10_alpha": 1.0, "log10_colsample_bytree": -1.0, "log10_eta": -4.0, "log10_lambda": 1.0, "log10_min_child_weight": 0.0, "log10_subsample": 0.0, "max_depth": 2.0, "num_boost_round": 25.0}, "datetime": {"datetime": "2024-01-19 00:56:09", "elapsed": 2723.136781, "delta": 0.002891}}
{"target": -17.677184456919736, "params": {"gamma": 32.380018589603445, "log10_alpha": 1.0, "log10_colsample_bytree": -1.0, "log10_eta": -4.0, "log10_lambda": 1.0, "log10_min_child_weight": 0.0, "log10_subsample": 0.0, "max_depth": 2.0, "num_boost_round": 26.0}, "datetime": {"datetime": "2024-01-19 00:56:09", "elapsed": 2723.139642, "delta": 0.002861}}
{"target": -17.677182457727582, "params": {"gamma": 32.380018589603445, "log10_alpha": 1.0, "log10_colsample_bytree": -1.0, "log10_eta": -4.0, "log10_lambda": 1.0, "log10_min_child_weight": 0.0, "log10_subsample": 0.0, "max_depth": 2.0, "num_boost_round": 27.0}, "datetime": {"datetime": "2024-01-19 00:56:09", "elapsed": 2723.142449, "delta": 0.002807}}
{"target": -17.67717995331938, "params": {"gamma": 32.380018589603445, "log10_alpha": 1.0, "log10_colsample_bytree": -1.0, "log10_eta": -4.0, "log10_lambda": 1.0, "log10_min_child_weight": 0.0, "log10_subsample": 0.0, "max_depth": 2.0, "num_boost_round": 28.0}, "datetime": {"datetime": "2024-01-19 00:56:09", "elapsed": 2723.145341, "delta": 0.002892}}
{"target": -17.6771782099165, "params": {"gamma": 32.380018589603445, "log10_alpha": 1.0, "log10_colsample_bytree": -1.0, "log10_eta": -4.0, "log10_lambda": 1.0, "log10_min_child_weight": 0.0, "log10_subsample": 0.0, "max_depth": 2.0, "num_boost_round": 29.0}, "datetime": {"datetime": "2024-01-19 00:56:09", "elapsed": 2723.152954, "delta": 0.007613}}
{"target": -17.677177459767577, "params": {"gamma": 32.380018589603445, "log10_alpha": 1.0, "log10_colsample_bytree": -1.0, "log10_eta": -4.0, "log10_lambda": 1.0, "log10_min_child_weight": 0.0, "log10_subsample": 0.0, "max_depth": 2.0, "num_boost_round": 30.0}, "datetime": {"datetime": "2024-01-19 00:56:09", "elapsed": 2723.155948, "delta": 0.002994}}
{"target": -17.67717472000166, "params": {"gamma": 32.380018589603445, "log10_alpha": 1.0, "log10_colsample_bytree": -1.0, "log10_eta": -4.0, "log10_lambda": 1.0, "log10_min_child_weight": 0.0, "log10_subsample": 0.0, "max_depth": 2.0, "num_boost_round": 31.0}, "datetime": {"datetime": "2024-01-19 00:56:09", "elapsed": 2723.158855, "delta": 0.002907}}
{"target": -17.677173019484496, "params": {"gamma": 32.380018589603445, "log10_alpha": 1.0, "log10_colsample_bytree": -1.0, "log10_eta": -4.0, "log10_lambda": 1.0, "log10_min_child_weight": 0.0, "log10_subsample": 0.0, "max_depth": 2.0, "num_boost_round": 32.0}, "datetime": {"datetime": "2024-01-19 00:56:09", "elapsed": 2723.161665, "delta": 0.00281}}
{"target": -17.67716926270208, "params": {"gamma": 32.380018589603445, "log10_alpha": 1.0, "log10_colsample_bytree": -1.0, "log10_eta": -4.0, "log10_lambda": 1.0, "log10_min_child_weight": 0.0, "log10_subsample": 0.0, "max_depth": 2.0, "num_boost_round": 33.0}, "datetime": {"datetime": "2024-01-19 00:56:09", "elapsed": 2723.164443, "delta": 0.002778}}
{"target": -17.677166144628483, "params": {"gamma": 32.380018589603445, "log10_alpha": 1.0, "log10_colsample_bytree": -1.0, "log10_eta": -4.0, "log10_lambda": 1.0, "log10_min_child_weight": 0.0, "log10_subsample": 0.0, "max_depth": 2.0, "num_boost_round": 34.0}, "datetime": {"datetime": "2024-01-19 00:56:09", "elapsed": 2723.167204, "delta": 0.002761}}
{"target": -17.677164647019733, "params": {"gamma": 32.380018589603445, "log10_alpha": 1.0, "log10_colsample_bytree": -1.0, "log10_eta": -4.0, "log10_lambda": 1.0, "log10_min_child_weight": 0.0, "log10_subsample": 0.0, "max_depth": 2.0, "num_boost_round": 35.0}, "datetime": {"datetime": "2024-01-19 00:56:09", "elapsed": 2723.169954, "delta": 0.00275}}
{"target": -17.677161429016667, "params": {"gamma": 32.380018589603445, "log10_alpha": 1.0, "log10_colsample_bytree": -1.0, "log10_eta": -4.0, "log10_lambda": 1.0, "log10_min_child_weight": 0.0, "log10_subsample": 0.0, "max_depth": 2.0, "num_boost_round": 36.0}, "datetime": {"datetime": "2024-01-19 00:56:09", "elapsed": 2723.172829, "delta": 0.002875}}
{"target": -17.677160807811404, "params": {"gamma": 32.380018589603445, "log10_alpha": 1.0, "log10_colsample_bytree": -1.0, "log10_eta": -4.0, "log10_lambda": 1.0, "log10_min_child_weight": 0.0, "log10_subsample": 0.0, "max_depth": 2.0, "num_boost_round": 37.0}, "datetime": {"datetime": "2024-01-19 00:56:09", "elapsed": 2723.175646, "delta": 0.002817}}
{"target": -17.677229712231703, "params": {"gamma": 11.1059527279187, "log10_alpha": -0.35445191773898177, "log10_colsample_bytree": -0.9139493519152477, "log10_eta": -3.8803683457608735, "log10_lambda": -3.3917372819728215, "log10_min_child_weight": 0.5966756796650641, "log10_subsample": -0.882656076848158, "max_depth": 5.0, "num_boost_round": 0.0}, "datetime": {"datetime": "2024-01-19 00:56:53", "elapsed": 2767.098083, "delta": 43.922437}}
{"target": -17.677227315299195, "params": {"gamma": 11.1059527279187, "log10_alpha": -0.35445191773898177, "log10_colsample_bytree": -0.9139493519152477, "log10_eta": -3.8803683457608735, "log10_lambda": -3.3917372819728215, "log10_min_child_weight": 0.5966756796650641, "log10_subsample": -0.882656076848158, "max_depth": 5.0, "num_boost_round": 1.0}, "datetime": {"datetime": "2024-01-19 00:56:53", "elapsed": 2767.10157, "delta": 0.003487}}
{"target": -17.677217665601553, "params": {"gamma": 11.1059527279187, "log10_alpha": -0.35445191773898177, "log10_colsample_bytree": -0.9139493519152477, "log10_eta": -3.8803683457608735, "log10_lambda": -3.3917372819728215, "log10_min_child_weight": 0.5966756796650641, "log10_subsample": -0.882656076848158, "max_depth": 5.0, "num_boost_round": 2.0}, "datetime": {"datetime": "2024-01-19 00:56:53", "elapsed": 2767.104521, "delta": 0.002951}}
{"target": -17.677214455846116, "params": {"gamma": 11.1059527279187, "log10_alpha": -0.35445191773898177, "log10_colsample_bytree": -0.9139493519152477, "log10_eta": -3.8803683457608735, "log10_lambda": -3.3917372819728215, "log10_min_child_weight": 0.5966756796650641, "log10_subsample": -0.882656076848158, "max_depth": 5.0, "num_boost_round": 3.0}, "datetime": {"datetime": "2024-01-19 00:56:53", "elapsed": 2767.107431, "delta": 0.00291}}
{"target": -17.677203341194843, "params": {"gamma": 11.1059527279187, "log10_alpha": -0.35445191773898177, "log10_colsample_bytree": -0.9139493519152477, "log10_eta": -3.8803683457608735, "log10_lambda": -3.3917372819728215, "log10_min_child_weight": 0.5966756796650641, "log10_subsample": -0.882656076848158, "max_depth": 5.0, "num_boost_round": 4.0}, "datetime": {"datetime": "2024-01-19 00:56:53", "elapsed": 2767.110171, "delta": 0.00274}}
{"target": -17.67719987964891, "params": {"gamma": 11.1059527279187, "log10_alpha": -0.35445191773898177, "log10_colsample_bytree": -0.9139493519152477, "log10_eta": -3.8803683457608735, "log10_lambda": -3.3917372819728215, "log10_min_child_weight": 0.5966756796650641, "log10_subsample": -0.882656076848158, "max_depth": 5.0, "num_boost_round": 5.0}, "datetime": {"datetime": "2024-01-19 00:56:53", "elapsed": 2767.113022, "delta": 0.002851}}
{"target": -17.677203604849918, "params": {"gamma": 11.1059527279187, "log10_alpha": -0.35445191773898177, "log10_colsample_bytree": -0.9139493519152477, "log10_eta": -3.8803683457608735, "log10_lambda": -3.3917372819728215, "log10_min_child_weight": 0.5966756796650641, "log10_subsample": -0.882656076848158, "max_depth": 5.0, "num_boost_round": 6.0}, "datetime": {"datetime": "2024-01-19 00:56:53", "elapsed": 2767.115849, "delta": 0.002827}}
{"target": -17.67719809224137, "params": {"gamma": 11.1059527279187, "log10_alpha": -0.35445191773898177, "log10_colsample_bytree": -0.9139493519152477, "log10_eta": -3.8803683457608735, "log10_lambda": -3.3917372819728215, "log10_min_child_weight": 0.5966756796650641, "log10_subsample": -0.882656076848158, "max_depth": 5.0, "num_boost_round": 7.0}, "datetime": {"datetime": "2024-01-19 00:56:53", "elapsed": 2767.11863, "delta": 0.002781}}
{"target": -17.677195382902006, "params": {"gamma": 11.1059527279187, "log10_alpha": -0.35445191773898177, "log10_colsample_bytree": -0.9139493519152477, "log10_eta": -3.8803683457608735, "log10_lambda": -3.3917372819728215, "log10_min_child_weight": 0.5966756796650641, "log10_subsample": -0.882656076848158, "max_depth": 5.0, "num_boost_round": 8.0}, "datetime": {"datetime": "2024-01-19 00:56:53", "elapsed": 2767.12133, "delta": 0.0027}}
{"target": -17.67719264204331, "params": {"gamma": 11.1059527279187, "log10_alpha": -0.35445191773898177, "log10_colsample_bytree": -0.9139493519152477, "log10_eta": -3.8803683457608735, "log10_lambda": -3.3917372819728215, "log10_min_child_weight": 0.5966756796650641, "log10_subsample": -0.882656076848158, "max_depth": 5.0, "num_boost_round": 9.0}, "datetime": {"datetime": "2024-01-19 00:56:53", "elapsed": 2767.124076, "delta": 0.002746}}
{"target": -17.677189330828902, "params": {"gamma": 11.1059527279187, "log10_alpha": -0.35445191773898177, "log10_colsample_bytree": -0.9139493519152477, "log10_eta": -3.8803683457608735, "log10_lambda": -3.3917372819728215, "log10_min_child_weight": 0.5966756796650641, "log10_subsample": -0.882656076848158, "max_depth": 5.0, "num_boost_round": 10.0}, "datetime": {"datetime": "2024-01-19 00:56:53", "elapsed": 2767.126887, "delta": 0.002811}}
{"target": -17.677184386974634, "params": {"gamma": 11.1059527279187, "log10_alpha": -0.35445191773898177, "log10_colsample_bytree": -0.9139493519152477, "log10_eta": -3.8803683457608735, "log10_lambda": -3.3917372819728215, "log10_min_child_weight": 0.5966756796650641, "log10_subsample": -0.882656076848158, "max_depth": 5.0, "num_boost_round": 11.0}, "datetime": {"datetime": "2024-01-19 00:56:53", "elapsed": 2767.129551, "delta": 0.002664}}
{"target": -17.677180210759495, "params": {"gamma": 11.1059527279187, "log10_alpha": -0.35445191773898177, "log10_colsample_bytree": -0.9139493519152477, "log10_eta": -3.8803683457608735, "log10_lambda": -3.3917372819728215, "log10_min_child_weight": 0.5966756796650641, "log10_subsample": -0.882656076848158, "max_depth": 5.0, "num_boost_round": 12.0}, "datetime": {"datetime": "2024-01-19 00:56:53", "elapsed": 2767.132413, "delta": 0.002862}}
{"target": -17.677176178046675, "params": {"gamma": 11.1059527279187, "log10_alpha": -0.35445191773898177, "log10_colsample_bytree": -0.9139493519152477, "log10_eta": -3.8803683457608735, "log10_lambda": -3.3917372819728215, "log10_min_child_weight": 0.5966756796650641, "log10_subsample": -0.882656076848158, "max_depth": 5.0, "num_boost_round": 13.0}, "datetime": {"datetime": "2024-01-19 00:56:53", "elapsed": 2767.135187, "delta": 0.002774}}
{"target": -17.677174268852507, "params": {"gamma": 11.1059527279187, "log10_alpha": -0.35445191773898177, "log10_colsample_bytree": -0.9139493519152477, "log10_eta": -3.8803683457608735, "log10_lambda": -3.3917372819728215, "log10_min_child_weight": 0.5966756796650641, "log10_subsample": -0.882656076848158, "max_depth": 5.0, "num_boost_round": 14.0}, "datetime": {"datetime": "2024-01-19 00:56:53", "elapsed": 2767.13794, "delta": 0.002753}}
{"target": -17.677172303691442, "params": {"gamma": 11.1059527279187, "log10_alpha": -0.35445191773898177, "log10_colsample_bytree": -0.9139493519152477, "log10_eta": -3.8803683457608735, "log10_lambda": -3.3917372819728215, "log10_min_child_weight": 0.5966756796650641, "log10_subsample": -0.882656076848158, "max_depth": 5.0, "num_boost_round": 15.0}, "datetime": {"datetime": "2024-01-19 00:56:53", "elapsed": 2767.140671, "delta": 0.002731}}
{"target": -17.677167309456483, "params": {"gamma": 11.1059527279187, "log10_alpha": -0.35445191773898177, "log10_colsample_bytree": -0.9139493519152477, "log10_eta": -3.8803683457608735, "log10_lambda": -3.3917372819728215, "log10_min_child_weight": 0.5966756796650641, "log10_subsample": -0.882656076848158, "max_depth": 5.0, "num_boost_round": 16.0}, "datetime": {"datetime": "2024-01-19 00:56:53", "elapsed": 2767.143443, "delta": 0.002772}}
{"target": -17.67716165722952, "params": {"gamma": 11.1059527279187, "log10_alpha": -0.35445191773898177, "log10_colsample_bytree": -0.9139493519152477, "log10_eta": -3.8803683457608735, "log10_lambda": -3.3917372819728215, "log10_min_child_weight": 0.5966756796650641, "log10_subsample": -0.882656076848158, "max_depth": 5.0, "num_boost_round": 17.0}, "datetime": {"datetime": "2024-01-19 00:56:53", "elapsed": 2767.146297, "delta": 0.002854}}
{"target": -17.677160910935115, "params": {"gamma": 11.1059527279187, "log10_alpha": -0.35445191773898177, "log10_colsample_bytree": -0.9139493519152477, "log10_eta": -3.8803683457608735, "log10_lambda": -3.3917372819728215, "log10_min_child_weight": 0.5966756796650641, "log10_subsample": -0.882656076848158, "max_depth": 5.0, "num_boost_round": 18.0}, "datetime": {"datetime": "2024-01-19 00:56:53", "elapsed": 2767.148938, "delta": 0.002641}}
{"target": -17.67715307887405, "params": {"gamma": 11.1059527279187, "log10_alpha": -0.35445191773898177, "log10_colsample_bytree": -0.9139493519152477, "log10_eta": -3.8803683457608735, "log10_lambda": -3.3917372819728215, "log10_min_child_weight": 0.5966756796650641, "log10_subsample": -0.882656076848158, "max_depth": 5.0, "num_boost_round": 19.0}, "datetime": {"datetime": "2024-01-19 00:56:53", "elapsed": 2767.151711, "delta": 0.002773}}
{"target": -17.677149936872347, "params": {"gamma": 11.1059527279187, "log10_alpha": -0.35445191773898177, "log10_colsample_bytree": -0.9139493519152477, "log10_eta": -3.8803683457608735, "log10_lambda": -3.3917372819728215, "log10_min_child_weight": 0.5966756796650641, "log10_subsample": -0.882656076848158, "max_depth": 5.0, "num_boost_round": 20.0}, "datetime": {"datetime": "2024-01-19 00:56:53", "elapsed": 2767.154462, "delta": 0.002751}}
{"target": -17.67717958042946, "params": {"gamma": 42.80388819393299, "log10_alpha": 0.26551768669320275, "log10_colsample_bytree": -0.914504674487318, "log10_eta": -2.805023525827612, "log10_lambda": -0.516665587543442, "log10_min_child_weight": 0.7337014772060518, "log10_subsample": -0.22608901557981786, "max_depth": 7.0, "num_boost_round": 0.0}, "datetime": {"datetime": "2024-01-19 00:57:51", "elapsed": 2825.308875, "delta": 58.154413}}
{"target": -17.677096971668703, "params": {"gamma": 42.80388819393299, "log10_alpha": 0.26551768669320275, "log10_colsample_bytree": -0.914504674487318, "log10_eta": -2.805023525827612, "log10_lambda": -0.516665587543442, "log10_min_child_weight": 0.7337014772060518, "log10_subsample": -0.22608901557981786, "max_depth": 7.0, "num_boost_round": 1.0}, "datetime": {"datetime": "2024-01-19 00:57:51", "elapsed": 2825.312256, "delta": 0.003381}}
{"target": -17.677184966553963, "params": {"gamma": 42.80388819393299, "log10_alpha": 0.26551768669320275, "log10_colsample_bytree": -0.914504674487318, "log10_eta": -2.805023525827612, "log10_lambda": -0.516665587543442, "log10_min_child_weight": 0.7337014772060518, "log10_subsample": -0.22608901557981786, "max_depth": 7.0, "num_boost_round": 2.0}, "datetime": {"datetime": "2024-01-19 00:57:51", "elapsed": 2825.315125, "delta": 0.002869}}
{"target": -17.677139045731174, "params": {"gamma": 42.80388819393299, "log10_alpha": 0.26551768669320275, "log10_colsample_bytree": -0.914504674487318, "log10_eta": -2.805023525827612, "log10_lambda": -0.516665587543442, "log10_min_child_weight": 0.7337014772060518, "log10_subsample": -0.22608901557981786, "max_depth": 7.0, "num_boost_round": 3.0}, "datetime": {"datetime": "2024-01-19 00:57:51", "elapsed": 2825.317902, "delta": 0.002777}}
{"target": -17.677042835985212, "params": {"gamma": 42.80388819393299, "log10_alpha": 0.26551768669320275, "log10_colsample_bytree": -0.914504674487318, "log10_eta": -2.805023525827612, "log10_lambda": -0.516665587543442, "log10_min_child_weight": 0.7337014772060518, "log10_subsample": -0.22608901557981786, "max_depth": 7.0, "num_boost_round": 4.0}, "datetime": {"datetime": "2024-01-19 00:57:51", "elapsed": 2825.321141, "delta": 0.003239}}
{"target": -17.677001013476197, "params": {"gamma": 42.80388819393299, "log10_alpha": 0.26551768669320275, "log10_colsample_bytree": -0.914504674487318, "log10_eta": -2.805023525827612, "log10_lambda": -0.516665587543442, "log10_min_child_weight": 0.7337014772060518, "log10_subsample": -0.22608901557981786, "max_depth": 7.0, "num_boost_round": 5.0}, "datetime": {"datetime": "2024-01-19 00:57:51", "elapsed": 2825.323906, "delta": 0.002765}}
{"target": -17.677033747577667, "params": {"gamma": 42.80388819393299, "log10_alpha": 0.26551768669320275, "log10_colsample_bytree": -0.914504674487318, "log10_eta": -2.805023525827612, "log10_lambda": -0.516665587543442, "log10_min_child_weight": 0.7337014772060518, "log10_subsample": -0.22608901557981786, "max_depth": 7.0, "num_boost_round": 6.0}, "datetime": {"datetime": "2024-01-19 00:57:51", "elapsed": 2825.326755, "delta": 0.002849}}
{"target": -17.67689947468712, "params": {"gamma": 42.80388819393299, "log10_alpha": 0.26551768669320275, "log10_colsample_bytree": -0.914504674487318, "log10_eta": -2.805023525827612, "log10_lambda": -0.516665587543442, "log10_min_child_weight": 0.7337014772060518, "log10_subsample": -0.22608901557981786, "max_depth": 7.0, "num_boost_round": 7.0}, "datetime": {"datetime": "2024-01-19 00:57:51", "elapsed": 2825.329395, "delta": 0.00264}}
{"target": -17.676904373841225, "params": {"gamma": 42.80388819393299, "log10_alpha": 0.26551768669320275, "log10_colsample_bytree": -0.914504674487318, "log10_eta": -2.805023525827612, "log10_lambda": -0.516665587543442, "log10_min_child_weight": 0.7337014772060518, "log10_subsample": -0.22608901557981786, "max_depth": 7.0, "num_boost_round": 8.0}, "datetime": {"datetime": "2024-01-19 00:57:51", "elapsed": 2825.332172, "delta": 0.002777}}
{"target": -17.67681434431876, "params": {"gamma": 42.80388819393299, "log10_alpha": 0.26551768669320275, "log10_colsample_bytree": -0.914504674487318, "log10_eta": -2.805023525827612, "log10_lambda": -0.516665587543442, "log10_min_child_weight": 0.7337014772060518, "log10_subsample": -0.22608901557981786, "max_depth": 7.0, "num_boost_round": 9.0}, "datetime": {"datetime": "2024-01-19 00:57:51", "elapsed": 2825.33489, "delta": 0.002718}}
{"target": -17.67675587372707, "params": {"gamma": 42.80388819393299, "log10_alpha": 0.26551768669320275, "log10_colsample_bytree": -0.914504674487318, "log10_eta": -2.805023525827612, "log10_lambda": -0.516665587543442, "log10_min_child_weight": 0.7337014772060518, "log10_subsample": -0.22608901557981786, "max_depth": 7.0, "num_boost_round": 10.0}, "datetime": {"datetime": "2024-01-19 00:57:51", "elapsed": 2825.3376, "delta": 0.00271}}
{"target": -17.67673026434752, "params": {"gamma": 42.80388819393299, "log10_alpha": 0.26551768669320275, "log10_colsample_bytree": -0.914504674487318, "log10_eta": -2.805023525827612, "log10_lambda": -0.516665587543442, "log10_min_child_weight": 0.7337014772060518, "log10_subsample": -0.22608901557981786, "max_depth": 7.0, "num_boost_round": 11.0}, "datetime": {"datetime": "2024-01-19 00:57:51", "elapsed": 2825.3404, "delta": 0.0028}}
{"target": -17.67665453473066, "params": {"gamma": 42.80388819393299, "log10_alpha": 0.26551768669320275, "log10_colsample_bytree": -0.914504674487318, "log10_eta": -2.805023525827612, "log10_lambda": -0.516665587543442, "log10_min_child_weight": 0.7337014772060518, "log10_subsample": -0.22608901557981786, "max_depth": 7.0, "num_boost_round": 12.0}, "datetime": {"datetime": "2024-01-19 00:57:51", "elapsed": 2825.343144, "delta": 0.002744}}
{"target": -17.676608037459935, "params": {"gamma": 42.80388819393299, "log10_alpha": 0.26551768669320275, "log10_colsample_bytree": -0.914504674487318, "log10_eta": -2.805023525827612, "log10_lambda": -0.516665587543442, "log10_min_child_weight": 0.7337014772060518, "log10_subsample": -0.22608901557981786, "max_depth": 7.0, "num_boost_round": 13.0}, "datetime": {"datetime": "2024-01-19 00:57:51", "elapsed": 2825.345829, "delta": 0.002685}}
{"target": -17.676632498972292, "params": {"gamma": 42.80388819393299, "log10_alpha": 0.26551768669320275, "log10_colsample_bytree": -0.914504674487318, "log10_eta": -2.805023525827612, "log10_lambda": -0.516665587543442, "log10_min_child_weight": 0.7337014772060518, "log10_subsample": -0.22608901557981786, "max_depth": 7.0, "num_boost_round": 14.0}, "datetime": {"datetime": "2024-01-19 00:57:51", "elapsed": 2825.348566, "delta": 0.002737}}
{"target": -17.676560749249344, "params": {"gamma": 42.80388819393299, "log10_alpha": 0.26551768669320275, "log10_colsample_bytree": -0.914504674487318, "log10_eta": -2.805023525827612, "log10_lambda": -0.516665587543442, "log10_min_child_weight": 0.7337014772060518, "log10_subsample": -0.22608901557981786, "max_depth": 7.0, "num_boost_round": 15.0}, "datetime": {"datetime": "2024-01-19 00:57:51", "elapsed": 2825.351302, "delta": 0.002736}}
