{"target": -17.670708188577404, "params": {"gamma": 435.99490214200375, "log10_alpha": -4.844442609032652, "log10_colsample_bytree": -0.45033752212129086, "log10_eta": -2.2587104295268925, "log10_lambda": -2.477793187475066, "log10_min_child_weight": 1.6516741050193706, "log10_subsample": -0.7953513659621575, "max_depth": 6.0, "num_boost_round": 49.0}, "datetime": {"datetime": "2024-01-19 00:11:47", "elapsed": 0.019571, "delta": 0.000197}}
{"target": -17.670447703882765, "params": {"gamma": 435.99490214200375, "log10_alpha": -4.844442609032652, "log10_colsample_bytree": -0.45033752212129086, "log10_eta": -2.2587104295268925, "log10_lambda": -2.477793187475066, "log10_min_child_weight": 1.6516741050193706, "log10_subsample": -0.7953513659621575, "max_depth": 6.0, "num_boost_round": 50.0}, "datetime": {"datetime": "2024-01-19 00:11:47", "elapsed": 0.019768, "delta": 0.000197}}
{"target": -17.670574025684886, "params": {"gamma": 435.99490214200375, "log10_alpha": -4.844442609032652, "log10_colsample_bytree": -0.45033752212129086, "log10_eta": -2.2587104295268925, "log10_lambda": -2.477793187475066, "log10_min_child_weight": 1.6516741050193706, "log10_subsample": -0.7953513659621575, "max_depth": 6.0, "num_boost_round": 51.0}, "datetime": {"datetime": "2024-01-19 00:11:47", "elapsed": 0.019965, "delta": 0.000197}}
{"target": -17.670564424874584, "params": {"gamma": 435.99490214200375, "log10_alpha": -4.844442609032652, "log10_colsample_bytree": -0.45033752212129086, "log10_eta": -2.2587104295268925, "log10_lambda": -2.477793187475066, "log10_min_child_weight": 1.6516741050193706, "log10_subsample": -0.7953513659621575, "max_depth": 6.0, "num_boost_round": 52.0}, "datetime": {"datetime": "2024-01-19 00:11:47", "elapsed": 0.020177, "delta": 0.000212}}
{"target": -17.670369592487294, "params": {"gamma": 435.99490214200375, "log10_alpha": -4.844442609032652, "log10_colsample_bytree": -0.45033752212129086, "log10_eta": -2.2587104295268925, "log10_lambda": -2.477793187475066, "log10_min_child_weight": 1.6516741050193706, "log10_subsample": -0.7953513659621575, "max_depth": 6.0, "num_boost_round": 53.0}, "datetime": {"datetime": "2024-01-19 00:11:47", "elapsed": 0.020537, "delta": 0.00036}}
{"target": -17.670426706543864, "params": {"gamma": 435.99490214200375, "log10_alpha": -4.844442609032652, "log10_colsample_bytree": -0.45033752212129086, "log10_eta": -2.2587104295268925, "log10_lambda": -2.477793187475066, "log10_min_child_weight": 1.6516741050193706, "log10_subsample": -0.7953513659621575, "max_depth": 6.0, "num_boost_round": 54.0}, "datetime": {"datetime": "2024-01-19 00:11:47", "elapsed": 0.020751, "delta": 0.000214}}
{"target": -17.670385636088604, "params": {"gamma": 435.99490214200375, "log10_alpha": -4.844442609032652, "log10_colsample_bytree": -0.45033752212129086, "log10_eta": -2.2587104295268925, "log10_lambda": -2.477793187475066, "log10_min_child_weight": 1.6516741050193706, "log10_subsample": -0.7953513659621575, "max_depth": 6.0, "num_boost_round": 55.0}, "datetime": {"datetime": "2024-01-19 00:11:47", "elapsed": 0.020964, "delta": 0.000213}}
{"target": -17.670606519607528, "params": {"gamma": 435.99490214200375, "log10_alpha": -4.844442609032652, "log10_colsample_bytree": -0.45033752212129086, "log10_eta": -2.2587104295268925, "log10_lambda": -2.477793187475066, "log10_min_child_weight": 1.6516741050193706, "log10_subsample": -0.7953513659621575, "max_depth": 6.0, "num_boost_round": 56.0}, "datetime": {"datetime": "2024-01-19 00:11:47", "elapsed": 0.021187, "delta": 0.000223}}
{"target": -17.670685865471345, "params": {"gamma": 435.99490214200375, "log10_alpha": -4.844442609032652, "log10_colsample_bytree": -0.45033752212129086, "log10_eta": -2.2587104295268925, "log10_lambda": -2.477793187475066, "log10_min_child_weight": 1.6516741050193706, "log10_subsample": -0.7953513659621575, "max_depth": 6.0, "num_boost_round": 57.0}, "datetime": {"datetime": "2024-01-19 00:11:47", "elapsed": 0.021401, "delta": 0.000214}}
{"target": -17.670551701966268, "params": {"gamma": 435.99490214200375, "log10_alpha": -4.844442609032652, "log10_colsample_bytree": -0.45033752212129086, "log10_eta": -2.2587104295268925, "log10_lambda": -2.477793187475066, "log10_min_child_weight": 1.6516741050193706, "log10_subsample": -0.7953513659621575, "max_depth": 6.0, "num_boost_round": 58.0}, "datetime": {"datetime": "2024-01-19 00:11:47", "elapsed": 0.021614, "delta": 0.000213}}
{"target": -17.670399950149893, "params": {"gamma": 435.99490214200375, "log10_alpha": -4.844442609032652, "log10_colsample_bytree": -0.45033752212129086, "log10_eta": -2.2587104295268925, "log10_lambda": -2.477793187475066, "log10_min_child_weight": 1.6516741050193706, "log10_subsample": -0.7953513659621575, "max_depth": 6.0, "num_boost_round": 59.0}, "datetime": {"datetime": "2024-01-19 00:11:47", "elapsed": 0.021828, "delta": 0.000214}}
{"target": -17.670368856573813, "params": {"gamma": 435.99490214200375, "log10_alpha": -4.844442609032652, "log10_colsample_bytree": -0.45033752212129086, "log10_eta": -2.2587104295268925, "log10_lambda": -2.477793187475066, "log10_min_child_weight": 1.6516741050193706, "log10_subsample": -0.7953513659621575, "max_depth": 6.0, "num_boost_round": 60.0}, "datetime": {"datetime": "2024-01-19 00:11:47", "elapsed": 0.022044, "delta": 0.000216}}
{"target": -17.670390785846465, "params": {"gamma": 435.99490214200375, "log10_alpha": -4.844442609032652, "log10_colsample_bytree": -0.45033752212129086, "log10_eta": -2.2587104295268925, "log10_lambda": -2.477793187475066, "log10_min_child_weight": 1.6516741050193706, "log10_subsample": -0.7953513659621575, "max_depth": 6.0, "num_boost_round": 61.0}, "datetime": {"datetime": "2024-01-19 00:11:47", "elapsed": 0.022266, "delta": 0.000222}}
{"target": -17.670242407557875, "params": {"gamma": 435.99490214200375, "log10_alpha": -4.844442609032652, "log10_colsample_bytree": -0.45033752212129086, "log10_eta": -2.2587104295268925, "log10_lambda": -2.477793187475066, "log10_min_child_weight": 1.6516741050193706, "log10_subsample": -0.7953513659621575, "max_depth": 6.0, "num_boost_round": 62.0}, "datetime": {"datetime": "2024-01-19 00:11:47", "elapsed": 0.02248, "delta": 0.000214}}
{"target": -17.67009742420096, "params": {"gamma": 435.99490214200375, "log10_alpha": -4.844442609032652, "log10_colsample_bytree": -0.45033752212129086, "log10_eta": -2.2587104295268925, "log10_lambda": -2.477793187475066, "log10_min_child_weight": 1.6516741050193706, "log10_subsample": -0.7953513659621575, "max_depth": 6.0, "num_boost_round": 63.0}, "datetime": {"datetime": "2024-01-19 00:11:47", "elapsed": 0.022695, "delta": 0.000215}}
{"target": -17.669969412130367, "params": {"gamma": 435.99490214200375, "log10_alpha": -4.844442609032652, "log10_colsample_bytree": -0.45033752212129086, "log10_eta": -2.2587104295268925, "log10_lambda": -2.477793187475066, "log10_min_child_weight": 1.6516741050193706, "log10_subsample": -0.7953513659621575, "max_depth": 6.0, "num_boost_round": 64.0}, "datetime": {"datetime": "2024-01-19 00:11:47", "elapsed": 0.022914, "delta": 0.000219}}
{"target": -17.66999466620541, "params": {"gamma": 435.99490214200375, "log10_alpha": -4.844442609032652, "log10_colsample_bytree": -0.45033752212129086, "log10_eta": -2.2587104295268925, "log10_lambda": -2.477793187475066, "log10_min_child_weight": 1.6516741050193706, "log10_subsample": -0.7953513659621575, "max_depth": 6.0, "num_boost_round": 65.0}, "datetime": {"datetime": "2024-01-19 00:11:47", "elapsed": 0.023145, "delta": 0.000231}}
{"target": -17.677185666081073, "params": {"gamma": 436.6376631085948, "log10_alpha": -3.907501496159946, "log10_colsample_bytree": -0.08723584890528935, "log10_eta": -2.9372206323723042, "log10_lambda": -3.306203024212912, "log10_min_child_weight": 1.1614522793184316, "log10_subsample": -0.056419873084234906, "max_depth": 9.0, "num_boost_round": 0.0}, "datetime": {"datetime": "2024-01-19 00:12:50", "elapsed": 63.537372, "delta": 63.514227}}
{"target": -17.677207779800682, "params": {"gamma": 436.6376631085948, "log10_alpha": -3.907501496159946, "log10_colsample_bytree": -0.08723584890528935, "log10_eta": -2.9372206323723042, "log10_lambda": -3.306203024212912, "log10_min_child_weight": 1.1614522793184316, "log10_subsample": -0.056419873084234906, "max_depth": 9.0, "num_boost_round": 1.0}, "datetime": {"datetime": "2024-01-19 00:12:50", "elapsed": 63.537754, "delta": 0.000382}}
{"target": -17.677134483185725, "params": {"gamma": 436.6376631085948, "log10_alpha": -3.907501496159946, "log10_colsample_bytree": -0.08723584890528935, "log10_eta": -2.9372206323723042, "log10_lambda": -3.306203024212912, "log10_min_child_weight": 1.1614522793184316, "log10_subsample": -0.056419873084234906, "max_depth": 9.0, "num_boost_round": 2.0}, "datetime": {"datetime": "2024-01-19 00:12:50", "elapsed": 63.538016, "delta": 0.000262}}
{"target": -17.677145420869028, "params": {"gamma": 436.6376631085948, "log10_alpha": -3.907501496159946, "log10_colsample_bytree": -0.08723584890528935, "log10_eta": -2.9372206323723042, "log10_lambda": -3.306203024212912, "log10_min_child_weight": 1.1614522793184316, "log10_subsample": -0.056419873084234906, "max_depth": 9.0, "num_boost_round": 3.0}, "datetime": {"datetime": "2024-01-19 00:12:50", "elapsed": 63.538271, "delta": 0.000255}}
{"target": -17.67709991790363, "params": {"gamma": 436.6376631085948, "log10_alpha": -3.907501496159946, "log10_colsample_bytree": -0.08723584890528935, "log10_eta": -2.9372206323723042, "log10_lambda": -3.306203024212912, "log10_min_child_weight": 1.1614522793184316, "log10_subsample": -0.056419873084234906, "max_depth": 9.0, "num_boost_round": 4.0}, "datetime": {"datetime": "2024-01-19 00:12:50", "elapsed": 63.538513, "delta": 0.000242}}
{"target": -17.67710173961482, "params": {"gamma": 436.6376631085948, "log10_alpha": -3.907501496159946, "log10_colsample_bytree": -0.08723584890528935, "log10_eta": -2.9372206323723042, "log10_lambda": -3.306203024212912, "log10_min_child_weight": 1.1614522793184316, "log10_subsample": -0.056419873084234906, "max_depth": 9.0, "num_boost_round": 5.0}, "datetime": {"datetime": "2024-01-19 00:12:50", "elapsed": 63.53875, "delta": 0.000237}}
{"target": -17.677154224639793, "params": {"gamma": 436.6376631085948, "log10_alpha": -3.907501496159946, "log10_colsample_bytree": -0.08723584890528935, "log10_eta": -2.9372206323723042, "log10_lambda": -3.306203024212912, "log10_min_child_weight": 1.1614522793184316, "log10_subsample": -0.056419873084234906, "max_depth": 9.0, "num_boost_round": 6.0}, "datetime": {"datetime": "2024-01-19 00:12:50", "elapsed": 63.539487, "delta": 0.000737}}
{"target": -17.677131322407377, "params": {"gamma": 436.6376631085948, "log10_alpha": -3.907501496159946, "log10_colsample_bytree": -0.08723584890528935, "log10_eta": -2.9372206323723042, "log10_lambda": -3.306203024212912, "log10_min_child_weight": 1.1614522793184316, "log10_subsample": -0.056419873084234906, "max_depth": 9.0, "num_boost_round": 7.0}, "datetime": {"datetime": "2024-01-19 00:12:50", "elapsed": 63.539766, "delta": 0.000279}}
{"target": -17.677116766112114, "params": {"gamma": 436.6376631085948, "log10_alpha": -3.907501496159946, "log10_colsample_bytree": -0.08723584890528935, "log10_eta": -2.9372206323723042, "log10_lambda": -3.306203024212912, "log10_min_child_weight": 1.1614522793184316, "log10_subsample": -0.056419873084234906, "max_depth": 9.0, "num_boost_round": 8.0}, "datetime": {"datetime": "2024-01-19 00:12:50", "elapsed": 63.540018, "delta": 0.000252}}
{"target": -17.677034946217557, "params": {"gamma": 436.6376631085948, "log10_alpha": -3.907501496159946, "log10_colsample_bytree": -0.08723584890528935, "log10_eta": -2.9372206323723042, "log10_lambda": -3.306203024212912, "log10_min_child_weight": 1.1614522793184316, "log10_subsample": -0.056419873084234906, "max_depth": 9.0, "num_boost_round": 9.0}, "datetime": {"datetime": "2024-01-19 00:12:50", "elapsed": 63.54057, "delta": 0.000552}}
{"target": -17.676963871406915, "params": {"gamma": 436.6376631085948, "log10_alpha": -3.907501496159946, "log10_colsample_bytree": -0.08723584890528935, "log10_eta": -2.9372206323723042, "log10_lambda": -3.306203024212912, "log10_min_child_weight": 1.1614522793184316, "log10_subsample": -0.056419873084234906, "max_depth": 9.0, "num_boost_round": 10.0}, "datetime": {"datetime": "2024-01-19 00:12:50", "elapsed": 63.540848, "delta": 0.000278}}
{"target": -17.676920847370955, "params": {"gamma": 436.6376631085948, "log10_alpha": -3.907501496159946, "log10_colsample_bytree": -0.08723584890528935, "log10_eta": -2.9372206323723042, "log10_lambda": -3.306203024212912, "log10_min_child_weight": 1.1614522793184316, "log10_subsample": -0.056419873084234906, "max_depth": 9.0, "num_boost_round": 11.0}, "datetime": {"datetime": "2024-01-19 00:12:50", "elapsed": 63.54111, "delta": 0.000262}}
{"target": -17.676986741308976, "params": {"gamma": 436.6376631085948, "log10_alpha": -3.907501496159946, "log10_colsample_bytree": -0.08723584890528935, "log10_eta": -2.9372206323723042, "log10_lambda": -3.306203024212912, "log10_min_child_weight": 1.1614522793184316, "log10_subsample": -0.056419873084234906, "max_depth": 9.0, "num_boost_round": 12.0}, "datetime": {"datetime": "2024-01-19 00:12:50", "elapsed": 63.541369, "delta": 0.000259}}
{"target": -17.676937750437705, "params": {"gamma": 436.6376631085948, "log10_alpha": -3.907501496159946, "log10_colsample_bytree": -0.08723584890528935, "log10_eta": -2.9372206323723042, "log10_lambda": -3.306203024212912, "log10_min_child_weight": 1.1614522793184316, "log10_subsample": -0.056419873084234906, "max_depth": 9.0, "num_boost_round": 13.0}, "datetime": {"datetime": "2024-01-19 00:12:50", "elapsed": 63.541748, "delta": 0.000379}}
{"target": -17.676816852110914, "params": {"gamma": 436.6376631085948, "log10_alpha": -3.907501496159946, "log10_colsample_bytree": -0.08723584890528935, "log10_eta": -2.9372206323723042, "log10_lambda": -3.306203024212912, "log10_min_child_weight": 1.1614522793184316, "log10_subsample": -0.056419873084234906, "max_depth": 9.0, "num_boost_round": 14.0}, "datetime": {"datetime": "2024-01-19 00:12:50", "elapsed": 63.542005, "delta": 0.000257}}
{"target": -17.67677682021812, "params": {"gamma": 436.6376631085948, "log10_alpha": -3.907501496159946, "log10_colsample_bytree": -0.08723584890528935, "log10_eta": -2.9372206323723042, "log10_lambda": -3.306203024212912, "log10_min_child_weight": 1.1614522793184316, "log10_subsample": -0.056419873084234906, "max_depth": 9.0, "num_boost_round": 15.0}, "datetime": {"datetime": "2024-01-19 00:12:50", "elapsed": 63.542277, "delta": 0.000272}}
{"target": -17.676677642042378, "params": {"gamma": 436.6376631085948, "log10_alpha": -3.907501496159946, "log10_colsample_bytree": -0.08723584890528935, "log10_eta": -2.9372206323723042, "log10_lambda": -3.306203024212912, "log10_min_child_weight": 1.1614522793184316, "log10_subsample": -0.056419873084234906, "max_depth": 9.0, "num_boost_round": 16.0}, "datetime": {"datetime": "2024-01-19 00:12:50", "elapsed": 63.542535, "delta": 0.000258}}
{"target": -17.676621502343146, "params": {"gamma": 436.6376631085948, "log10_alpha": -3.907501496159946, "log10_colsample_bytree": -0.08723584890528935, "log10_eta": -2.9372206323723042, "log10_lambda": -3.306203024212912, "log10_min_child_weight": 1.1614522793184316, "log10_subsample": -0.056419873084234906, "max_depth": 9.0, "num_boost_round": 17.0}, "datetime": {"datetime": "2024-01-19 00:12:50", "elapsed": 63.542794, "delta": 0.000259}}
{"target": -17.67654824290803, "params": {"gamma": 436.6376631085948, "log10_alpha": -3.907501496159946, "log10_colsample_bytree": -0.08723584890528935, "log10_eta": -2.9372206323723042, "log10_lambda": -3.306203024212912, "log10_min_child_weight": 1.1614522793184316, "log10_subsample": -0.056419873084234906, "max_depth": 9.0, "num_boost_round": 18.0}, "datetime": {"datetime": "2024-01-19 00:12:50", "elapsed": 63.543057, "delta": 0.000263}}
{"target": -17.676596660295782, "params": {"gamma": 436.6376631085948, "log10_alpha": -3.907501496159946, "log10_colsample_bytree": -0.08723584890528935, "log10_eta": -2.9372206323723042, "log10_lambda": -3.306203024212912, "log10_min_child_weight": 1.1614522793184316, "log10_subsample": -0.056419873084234906, "max_depth": 9.0, "num_boost_round": 19.0}, "datetime": {"datetime": "2024-01-19 00:12:50", "elapsed": 63.543329, "delta": 0.000272}}
{"target": -17.676625274403218, "params": {"gamma": 436.6376631085948, "log10_alpha": -3.907501496159946, "log10_colsample_bytree": -0.08723584890528935, "log10_eta": -2.9372206323723042, "log10_lambda": -3.306203024212912, "log10_min_child_weight": 1.1614522793184316, "log10_subsample": -0.056419873084234906, "max_depth": 9.0, "num_boost_round": 20.0}, "datetime": {"datetime": "2024-01-19 00:12:50", "elapsed": 63.543592, "delta": 0.000263}}
{"target": -17.676639451554415, "params": {"gamma": 436.6376631085948, "log10_alpha": -3.907501496159946, "log10_colsample_bytree": -0.08723584890528935, "log10_eta": -2.9372206323723042, "log10_lambda": -3.306203024212912, "log10_min_child_weight": 1.1614522793184316, "log10_subsample": -0.056419873084234906, "max_depth": 9.0, "num_boost_round": 21.0}, "datetime": {"datetime": "2024-01-19 00:12:50", "elapsed": 63.543858, "delta": 0.000266}}
{"target": -17.676541924719448, "params": {"gamma": 436.6376631085948, "log10_alpha": -3.907501496159946, "log10_colsample_bytree": -0.08723584890528935, "log10_eta": -2.9372206323723042, "log10_lambda": -3.306203024212912, "log10_min_child_weight": 1.1614522793184316, "log10_subsample": -0.056419873084234906, "max_depth": 9.0, "num_boost_round": 22.0}, "datetime": {"datetime": "2024-01-19 00:12:50", "elapsed": 63.544143, "delta": 0.000285}}
{"target": -17.67654469351299, "params": {"gamma": 436.6376631085948, "log10_alpha": -3.907501496159946, "log10_colsample_bytree": -0.08723584890528935, "log10_eta": -2.9372206323723042, "log10_lambda": -3.306203024212912, "log10_min_child_weight": 1.1614522793184316, "log10_subsample": -0.056419873084234906, "max_depth": 9.0, "num_boost_round": 23.0}, "datetime": {"datetime": "2024-01-19 00:12:50", "elapsed": 63.544418, "delta": 0.000275}}
{"target": -17.676487519160418, "params": {"gamma": 436.6376631085948, "log10_alpha": -3.907501496159946, "log10_colsample_bytree": -0.08723584890528935, "log10_eta": -2.9372206323723042, "log10_lambda": -3.306203024212912, "log10_min_child_weight": 1.1614522793184316, "log10_subsample": -0.056419873084234906, "max_depth": 9.0, "num_boost_round": 24.0}, "datetime": {"datetime": "2024-01-19 00:12:50", "elapsed": 63.544689, "delta": 0.000271}}
{"target": -17.676513743289153, "params": {"gamma": 436.6376631085948, "log10_alpha": -3.907501496159946, "log10_colsample_bytree": -0.08723584890528935, "log10_eta": -2.9372206323723042, "log10_lambda": -3.306203024212912, "log10_min_child_weight": 1.1614522793184316, "log10_subsample": -0.056419873084234906, "max_depth": 9.0, "num_boost_round": 25.0}, "datetime": {"datetime": "2024-01-19 00:12:50", "elapsed": 63.544962, "delta": 0.000273}}
{"target": -17.676434255190056, "params": {"gamma": 436.6376631085948, "log10_alpha": -3.907501496159946, "log10_colsample_bytree": -0.08723584890528935, "log10_eta": -2.9372206323723042, "log10_lambda": -3.306203024212912, "log10_min_child_weight": 1.1614522793184316, "log10_subsample": -0.056419873084234906, "max_depth": 9.0, "num_boost_round": 26.0}, "datetime": {"datetime": "2024-01-19 00:12:50", "elapsed": 63.545239, "delta": 0.000277}}
{"target": -17.676368022592268, "params": {"gamma": 436.6376631085948, "log10_alpha": -3.907501496159946, "log10_colsample_bytree": -0.08723584890528935, "log10_eta": -2.9372206323723042, "log10_lambda": -3.306203024212912, "log10_min_child_weight": 1.1614522793184316, "log10_subsample": -0.056419873084234906, "max_depth": 9.0, "num_boost_round": 27.0}, "datetime": {"datetime": "2024-01-19 00:12:50", "elapsed": 63.545515, "delta": 0.000276}}
{"target": -17.676349569652224, "params": {"gamma": 436.6376631085948, "log10_alpha": -3.907501496159946, "log10_colsample_bytree": -0.08723584890528935, "log10_eta": -2.9372206323723042, "log10_lambda": -3.306203024212912, "log10_min_child_weight": 1.1614522793184316, "log10_subsample": -0.056419873084234906, "max_depth": 9.0, "num_boost_round": 28.0}, "datetime": {"datetime": "2024-01-19 00:12:50", "elapsed": 63.545905, "delta": 0.00039}}
{"target": -17.67634753233453, "params": {"gamma": 436.6376631085948, "log10_alpha": -3.907501496159946, "log10_colsample_bytree": -0.08723584890528935, "log10_eta": -2.9372206323723042, "log10_lambda": -3.306203024212912, "log10_min_child_weight": 1.1614522793184316, "log10_subsample": -0.056419873084234906, "max_depth": 9.0, "num_boost_round": 29.0}, "datetime": {"datetime": "2024-01-19 00:12:50", "elapsed": 63.546199, "delta": 0.000294}}
{"target": -17.67629830500827, "params": {"gamma": 436.6376631085948, "log10_alpha": -3.907501496159946, "log10_colsample_bytree": -0.08723584890528935, "log10_eta": -2.9372206323723042, "log10_lambda": -3.306203024212912, "log10_min_child_weight": 1.1614522793184316, "log10_subsample": -0.056419873084234906, "max_depth": 9.0, "num_boost_round": 30.0}, "datetime": {"datetime": "2024-01-19 00:12:50", "elapsed": 63.54648, "delta": 0.000281}}
{"target": -17.676246449787236, "params": {"gamma": 436.6376631085948, "log10_alpha": -3.907501496159946, "log10_colsample_bytree": -0.08723584890528935, "log10_eta": -2.9372206323723042, "log10_lambda": -3.306203024212912, "log10_min_child_weight": 1.1614522793184316, "log10_subsample": -0.056419873084234906, "max_depth": 9.0, "num_boost_round": 31.0}, "datetime": {"datetime": "2024-01-19 00:12:50", "elapsed": 63.546767, "delta": 0.000287}}
