{"target": -13.758479806037723, "params": {"gamma": 121.99101299107772, "log10_alpha": 0.5121545792080298, "log10_colsample_bytree": -0.8984794602136749, "log10_eta": -2.4933851407969962, "log10_lambda": -4.672898496006646, "log10_min_child_weight": 4.143884504558946, "log10_subsample": -0.42880503947982096, "max_depth": 6.0, "num_boost_round": 10.0}, "datetime": {"datetime": "2024-01-19 00:57:43", "elapsed": 2770.582053, "delta": 0.003002}}
{"target": -13.758459077171505, "params": {"gamma": 121.99101299107772, "log10_alpha": 0.5121545792080298, "log10_colsample_bytree": -0.8984794602136749, "log10_eta": -2.4933851407969962, "log10_lambda": -4.672898496006646, "log10_min_child_weight": 4.143884504558946, "log10_subsample": -0.42880503947982096, "max_depth": 6.0, "num_boost_round": 11.0}, "datetime": {"datetime": "2024-01-19 00:57:43", "elapsed": 2770.584945, "delta": 0.002892}}
{"target": -13.758486046836774, "params": {"gamma": 121.99101299107772, "log10_alpha": 0.5121545792080298, "log10_colsample_bytree": -0.8984794602136749, "log10_eta": -2.4933851407969962, "log10_lambda": -4.672898496006646, "log10_min_child_weight": 4.143884504558946, "log10_subsample": -0.42880503947982096, "max_depth": 6.0, "num_boost_round": 12.0}, "datetime": {"datetime": "2024-01-19 00:57:43", "elapsed": 2770.587896, "delta": 0.002951}}
{"target": -13.758430852796023, "params": {"gamma": 121.99101299107772, "log10_alpha": 0.5121545792080298, "log10_colsample_bytree": -0.8984794602136749, "log10_eta": -2.4933851407969962, "log10_lambda": -4.672898496006646, "log10_min_child_weight": 4.143884504558946, "log10_subsample": -0.42880503947982096, "max_depth": 6.0, "num_boost_round": 13.0}, "datetime": {"datetime": "2024-01-19 00:57:43", "elapsed": 2770.59085, "delta": 0.002954}}
{"target": -13.758420507665825, "params": {"gamma": 121.99101299107772, "log10_alpha": 0.5121545792080298, "log10_colsample_bytree": -0.8984794602136749, "log10_eta": -2.4933851407969962, "log10_lambda": -4.672898496006646, "log10_min_child_weight": 4.143884504558946, "log10_subsample": -0.42880503947982096, "max_depth": 6.0, "num_boost_round": 14.0}, "datetime": {"datetime": "2024-01-19 00:57:43", "elapsed": 2770.593987, "delta": 0.003137}}
{"target": -13.75837437931534, "params": {"gamma": 121.99101299107772, "log10_alpha": 0.5121545792080298, "log10_colsample_bytree": -0.8984794602136749, "log10_eta": -2.4933851407969962, "log10_lambda": -4.672898496006646, "log10_min_child_weight": 4.143884504558946, "log10_subsample": -0.42880503947982096, "max_depth": 6.0, "num_boost_round": 15.0}, "datetime": {"datetime": "2024-01-19 00:57:43", "elapsed": 2770.597397, "delta": 0.00341}}
{"target": -13.758377827556892, "params": {"gamma": 121.99101299107772, "log10_alpha": 0.5121545792080298, "log10_colsample_bytree": -0.8984794602136749, "log10_eta": -2.4933851407969962, "log10_lambda": -4.672898496006646, "log10_min_child_weight": 4.143884504558946, "log10_subsample": -0.42880503947982096, "max_depth": 6.0, "num_boost_round": 16.0}, "datetime": {"datetime": "2024-01-19 00:57:43", "elapsed": 2770.600649, "delta": 0.003252}}
{"target": -13.75832576240641, "params": {"gamma": 121.99101299107772, "log10_alpha": 0.5121545792080298, "log10_colsample_bytree": -0.8984794602136749, "log10_eta": -2.4933851407969962, "log10_lambda": -4.672898496006646, "log10_min_child_weight": 4.143884504558946, "log10_subsample": -0.42880503947982096, "max_depth": 6.0, "num_boost_round": 17.0}, "datetime": {"datetime": "2024-01-19 00:57:43", "elapsed": 2770.603602, "delta": 0.002953}}
{"target": -13.758326329282303, "params": {"gamma": 121.99101299107772, "log10_alpha": 0.5121545792080298, "log10_colsample_bytree": -0.8984794602136749, "log10_eta": -2.4933851407969962, "log10_lambda": -4.672898496006646, "log10_min_child_weight": 4.143884504558946, "log10_subsample": -0.42880503947982096, "max_depth": 6.0, "num_boost_round": 18.0}, "datetime": {"datetime": "2024-01-19 00:57:43", "elapsed": 2770.606543, "delta": 0.002941}}
{"target": -13.758309529994598, "params": {"gamma": 121.99101299107772, "log10_alpha": 0.5121545792080298, "log10_colsample_bytree": -0.8984794602136749, "log10_eta": -2.4933851407969962, "log10_lambda": -4.672898496006646, "log10_min_child_weight": 4.143884504558946, "log10_subsample": -0.42880503947982096, "max_depth": 6.0, "num_boost_round": 19.0}, "datetime": {"datetime": "2024-01-19 00:57:43", "elapsed": 2770.609538, "delta": 0.002995}}
{"target": -13.758320676838938, "params": {"gamma": 121.99101299107772, "log10_alpha": 0.5121545792080298, "log10_colsample_bytree": -0.8984794602136749, "log10_eta": -2.4933851407969962, "log10_lambda": -4.672898496006646, "log10_min_child_weight": 4.143884504558946, "log10_subsample": -0.42880503947982096, "max_depth": 6.0, "num_boost_round": 20.0}, "datetime": {"datetime": "2024-01-19 00:57:43", "elapsed": 2770.612486, "delta": 0.002948}}
{"target": -13.758306357455155, "params": {"gamma": 121.99101299107772, "log10_alpha": 0.5121545792080298, "log10_colsample_bytree": -0.8984794602136749, "log10_eta": -2.4933851407969962, "log10_lambda": -4.672898496006646, "log10_min_child_weight": 4.143884504558946, "log10_subsample": -0.42880503947982096, "max_depth": 6.0, "num_boost_round": 21.0}, "datetime": {"datetime": "2024-01-19 00:57:43", "elapsed": 2770.615405, "delta": 0.002919}}
{"target": -13.758295516164146, "params": {"gamma": 121.99101299107772, "log10_alpha": 0.5121545792080298, "log10_colsample_bytree": -0.8984794602136749, "log10_eta": -2.4933851407969962, "log10_lambda": -4.672898496006646, "log10_min_child_weight": 4.143884504558946, "log10_subsample": -0.42880503947982096, "max_depth": 6.0, "num_boost_round": 22.0}, "datetime": {"datetime": "2024-01-19 00:57:43", "elapsed": 2770.618403, "delta": 0.002998}}
{"target": -13.75829193480374, "params": {"gamma": 121.99101299107772, "log10_alpha": 0.5121545792080298, "log10_colsample_bytree": -0.8984794602136749, "log10_eta": -2.4933851407969962, "log10_lambda": -4.672898496006646, "log10_min_child_weight": 4.143884504558946, "log10_subsample": -0.42880503947982096, "max_depth": 6.0, "num_boost_round": 23.0}, "datetime": {"datetime": "2024-01-19 00:57:43", "elapsed": 2770.621499, "delta": 0.003096}}
{"target": -13.758305154331216, "params": {"gamma": 121.99101299107772, "log10_alpha": 0.5121545792080298, "log10_colsample_bytree": -0.8984794602136749, "log10_eta": -2.4933851407969962, "log10_lambda": -4.672898496006646, "log10_min_child_weight": 4.143884504558946, "log10_subsample": -0.42880503947982096, "max_depth": 6.0, "num_boost_round": 24.0}, "datetime": {"datetime": "2024-01-19 00:57:43", "elapsed": 2770.624435, "delta": 0.002936}}
{"target": -13.758307747955474, "params": {"gamma": 121.99101299107772, "log10_alpha": 0.5121545792080298, "log10_colsample_bytree": -0.8984794602136749, "log10_eta": -2.4933851407969962, "log10_lambda": -4.672898496006646, "log10_min_child_weight": 4.143884504558946, "log10_subsample": -0.42880503947982096, "max_depth": 6.0, "num_boost_round": 25.0}, "datetime": {"datetime": "2024-01-19 00:57:43", "elapsed": 2770.627385, "delta": 0.00295}}
{"target": -13.758296958141207, "params": {"gamma": 121.99101299107772, "log10_alpha": 0.5121545792080298, "log10_colsample_bytree": -0.8984794602136749, "log10_eta": -2.4933851407969962, "log10_lambda": -4.672898496006646, "log10_min_child_weight": 4.143884504558946, "log10_subsample": -0.42880503947982096, "max_depth": 6.0, "num_boost_round": 26.0}, "datetime": {"datetime": "2024-01-19 00:57:43", "elapsed": 2770.630345, "delta": 0.00296}}
{"target": -13.75853452202839, "params": {"gamma": 134.74720901925474, "log10_alpha": 0.2260366584970921, "log10_colsample_bytree": -0.05288395167612203, "log10_eta": -3.6258573157043714, "log10_lambda": 0.10650693900576869, "log10_min_child_weight": 2.927968471878902, "log10_subsample": -0.910831880255111, "max_depth": 3.0, "num_boost_round": 0.0}, "datetime": {"datetime": "2024-01-19 00:58:25", "elapsed": 2812.672728, "delta": 42.042383}}
{"target": -13.758530724651614, "params": {"gamma": 134.74720901925474, "log10_alpha": 0.2260366584970921, "log10_colsample_bytree": -0.05288395167612203, "log10_eta": -3.6258573157043714, "log10_lambda": 0.10650693900576869, "log10_min_child_weight": 2.927968471878902, "log10_subsample": -0.910831880255111, "max_depth": 3.0, "num_boost_round": 1.0}, "datetime": {"datetime": "2024-01-19 00:58:25", "elapsed": 2812.676655, "delta": 0.003927}}
{"target": -13.75852913726214, "params": {"gamma": 134.74720901925474, "log10_alpha": 0.2260366584970921, "log10_colsample_bytree": -0.05288395167612203, "log10_eta": -3.6258573157043714, "log10_lambda": 0.10650693900576869, "log10_min_child_weight": 2.927968471878902, "log10_subsample": -0.910831880255111, "max_depth": 3.0, "num_boost_round": 2.0}, "datetime": {"datetime": "2024-01-19 00:58:25", "elapsed": 2812.680209, "delta": 0.003554}}
{"target": -13.758525607290872, "params": {"gamma": 134.74720901925474, "log10_alpha": 0.2260366584970921, "log10_colsample_bytree": -0.05288395167612203, "log10_eta": -3.6258573157043714, "log10_lambda": 0.10650693900576869, "log10_min_child_weight": 2.927968471878902, "log10_subsample": -0.910831880255111, "max_depth": 3.0, "num_boost_round": 3.0}, "datetime": {"datetime": "2024-01-19 00:58:25", "elapsed": 2812.683174, "delta": 0.002965}}
{"target": -13.758523337884077, "params": {"gamma": 134.74720901925474, "log10_alpha": 0.2260366584970921, "log10_colsample_bytree": -0.05288395167612203, "log10_eta": -3.6258573157043714, "log10_lambda": 0.10650693900576869, "log10_min_child_weight": 2.927968471878902, "log10_subsample": -0.910831880255111, "max_depth": 3.0, "num_boost_round": 4.0}, "datetime": {"datetime": "2024-01-19 00:58:25", "elapsed": 2812.6861, "delta": 0.002926}}
{"target": -13.758520769301457, "params": {"gamma": 134.74720901925474, "log10_alpha": 0.2260366584970921, "log10_colsample_bytree": -0.05288395167612203, "log10_eta": -3.6258573157043714, "log10_lambda": 0.10650693900576869, "log10_min_child_weight": 2.927968471878902, "log10_subsample": -0.910831880255111, "max_depth": 3.0, "num_boost_round": 5.0}, "datetime": {"datetime": "2024-01-19 00:58:25", "elapsed": 2812.688981, "delta": 0.002881}}
{"target": -13.758516877792744, "params": {"gamma": 134.74720901925474, "log10_alpha": 0.2260366584970921, "log10_colsample_bytree": -0.05288395167612203, "log10_eta": -3.6258573157043714, "log10_lambda": 0.10650693900576869, "log10_min_child_weight": 2.927968471878902, "log10_subsample": -0.910831880255111, "max_depth": 3.0, "num_boost_round": 6.0}, "datetime": {"datetime": "2024-01-19 00:58:25", "elapsed": 2812.691966, "delta": 0.002985}}
{"target": -13.758513745504404, "params": {"gamma": 134.74720901925474, "log10_alpha": 0.2260366584970921, "log10_colsample_bytree": -0.05288395167612203, "log10_eta": -3.6258573157043714, "log10_lambda": 0.10650693900576869, "log10_min_child_weight": 2.927968471878902, "log10_subsample": -0.910831880255111, "max_depth": 3.0, "num_boost_round": 7.0}, "datetime": {"datetime": "2024-01-19 00:58:25", "elapsed": 2812.694848, "delta": 0.002882}}
{"target": -13.758508468262468, "params": {"gamma": 134.74720901925474, "log10_alpha": 0.2260366584970921, "log10_colsample_bytree": -0.05288395167612203, "log10_eta": -3.6258573157043714, "log10_lambda": 0.10650693900576869, "log10_min_child_weight": 2.927968471878902, "log10_subsample": -0.910831880255111, "max_depth": 3.0, "num_boost_round": 8.0}, "datetime": {"datetime": "2024-01-19 00:58:25", "elapsed": 2812.697763, "delta": 0.002915}}
{"target": -13.758506558614892, "params": {"gamma": 134.74720901925474, "log10_alpha": 0.2260366584970921, "log10_colsample_bytree": -0.05288395167612203, "log10_eta": -3.6258573157043714, "log10_lambda": 0.10650693900576869, "log10_min_child_weight": 2.927968471878902, "log10_subsample": -0.910831880255111, "max_depth": 3.0, "num_boost_round": 9.0}, "datetime": {"datetime": "2024-01-19 00:58:25", "elapsed": 2812.70071, "delta": 0.002947}}
{"target": -13.758503034226205, "params": {"gamma": 134.74720901925474, "log10_alpha": 0.2260366584970921, "log10_colsample_bytree": -0.05288395167612203, "log10_eta": -3.6258573157043714, "log10_lambda": 0.10650693900576869, "log10_min_child_weight": 2.927968471878902, "log10_subsample": -0.910831880255111, "max_depth": 3.0, "num_boost_round": 10.0}, "datetime": {"datetime": "2024-01-19 00:58:25", "elapsed": 2812.703567, "delta": 0.002857}}
{"target": -13.758497016078225, "params": {"gamma": 134.74720901925474, "log10_alpha": 0.2260366584970921, "log10_colsample_bytree": -0.05288395167612203, "log10_eta": -3.6258573157043714, "log10_lambda": 0.10650693900576869, "log10_min_child_weight": 2.927968471878902, "log10_subsample": -0.910831880255111, "max_depth": 3.0, "num_boost_round": 11.0}, "datetime": {"datetime": "2024-01-19 00:58:25", "elapsed": 2812.706455, "delta": 0.002888}}
{"target": -13.75849359570309, "params": {"gamma": 134.74720901925474, "log10_alpha": 0.2260366584970921, "log10_colsample_bytree": -0.05288395167612203, "log10_eta": -3.6258573157043714, "log10_lambda": 0.10650693900576869, "log10_min_child_weight": 2.927968471878902, "log10_subsample": -0.910831880255111, "max_depth": 3.0, "num_boost_round": 12.0}, "datetime": {"datetime": "2024-01-19 00:58:25", "elapsed": 2812.709287, "delta": 0.002832}}
{"target": -13.758492500010018, "params": {"gamma": 134.74720901925474, "log10_alpha": 0.2260366584970921, "log10_colsample_bytree": -0.05288395167612203, "log10_eta": -3.6258573157043714, "log10_lambda": 0.10650693900576869, "log10_min_child_weight": 2.927968471878902, "log10_subsample": -0.910831880255111, "max_depth": 3.0, "num_boost_round": 13.0}, "datetime": {"datetime": "2024-01-19 00:58:25", "elapsed": 2812.712163, "delta": 0.002876}}
{"target": -13.758489745598364, "params": {"gamma": 134.74720901925474, "log10_alpha": 0.2260366584970921, "log10_colsample_bytree": -0.05288395167612203, "log10_eta": -3.6258573157043714, "log10_lambda": 0.10650693900576869, "log10_min_child_weight": 2.927968471878902, "log10_subsample": -0.910831880255111, "max_depth": 3.0, "num_boost_round": 14.0}, "datetime": {"datetime": "2024-01-19 00:58:25", "elapsed": 2812.71501, "delta": 0.002847}}
{"target": -13.758485447999066, "params": {"gamma": 134.74720901925474, "log10_alpha": 0.2260366584970921, "log10_colsample_bytree": -0.05288395167612203, "log10_eta": -3.6258573157043714, "log10_lambda": 0.10650693900576869, "log10_min_child_weight": 2.927968471878902, "log10_subsample": -0.910831880255111, "max_depth": 3.0, "num_boost_round": 15.0}, "datetime": {"datetime": "2024-01-19 00:58:25", "elapsed": 2812.717921, "delta": 0.002911}}
{"target": -13.758483931678546, "params": {"gamma": 134.74720901925474, "log10_alpha": 0.2260366584970921, "log10_colsample_bytree": -0.05288395167612203, "log10_eta": -3.6258573157043714, "log10_lambda": 0.10650693900576869, "log10_min_child_weight": 2.927968471878902, "log10_subsample": -0.910831880255111, "max_depth": 3.0, "num_boost_round": 16.0}, "datetime": {"datetime": "2024-01-19 00:58:25", "elapsed": 2812.72084, "delta": 0.002919}}
{"target": -13.758477825216877, "params": {"gamma": 134.74720901925474, "log10_alpha": 0.2260366584970921, "log10_colsample_bytree": -0.05288395167612203, "log10_eta": -3.6258573157043714, "log10_lambda": 0.10650693900576869, "log10_min_child_weight": 2.927968471878902, "log10_subsample": -0.910831880255111, "max_depth": 3.0, "num_boost_round": 17.0}, "datetime": {"datetime": "2024-01-19 00:58:25", "elapsed": 2812.723755, "delta": 0.002915}}
{"target": -13.758473297043556, "params": {"gamma": 134.74720901925474, "log10_alpha": 0.2260366584970921, "log10_colsample_bytree": -0.05288395167612203, "log10_eta": -3.6258573157043714, "log10_lambda": 0.10650693900576869, "log10_min_child_weight": 2.927968471878902, "log10_subsample": -0.910831880255111, "max_depth": 3.0, "num_boost_round": 18.0}, "datetime": {"datetime": "2024-01-19 00:58:25", "elapsed": 2812.726585, "delta": 0.00283}}
{"target": -13.758472489770911, "params": {"gamma": 134.74720901925474, "log10_alpha": 0.2260366584970921, "log10_colsample_bytree": -0.05288395167612203, "log10_eta": -3.6258573157043714, "log10_lambda": 0.10650693900576869, "log10_min_child_weight": 2.927968471878902, "log10_subsample": -0.910831880255111, "max_depth": 3.0, "num_boost_round": 19.0}, "datetime": {"datetime": "2024-01-19 00:58:25", "elapsed": 2812.729397, "delta": 0.002812}}
{"target": -13.758467945001344, "params": {"gamma": 134.74720901925474, "log10_alpha": 0.2260366584970921, "log10_colsample_bytree": -0.05288395167612203, "log10_eta": -3.6258573157043714, "log10_lambda": 0.10650693900576869, "log10_min_child_weight": 2.927968471878902, "log10_subsample": -0.910831880255111, "max_depth": 3.0, "num_boost_round": 20.0}, "datetime": {"datetime": "2024-01-19 00:58:25", "elapsed": 2812.732305, "delta": 0.002908}}
{"target": -13.758463304084708, "params": {"gamma": 134.74720901925474, "log10_alpha": 0.2260366584970921, "log10_colsample_bytree": -0.05288395167612203, "log10_eta": -3.6258573157043714, "log10_lambda": 0.10650693900576869, "log10_min_child_weight": 2.927968471878902, "log10_subsample": -0.910831880255111, "max_depth": 3.0, "num_boost_round": 21.0}, "datetime": {"datetime": "2024-01-19 00:58:25", "elapsed": 2812.735145, "delta": 0.00284}}
{"target": -13.758457185014649, "params": {"gamma": 134.74720901925474, "log10_alpha": 0.2260366584970921, "log10_colsample_bytree": -0.05288395167612203, "log10_eta": -3.6258573157043714, "log10_lambda": 0.10650693900576869, "log10_min_child_weight": 2.927968471878902, "log10_subsample": -0.910831880255111, "max_depth": 3.0, "num_boost_round": 22.0}, "datetime": {"datetime": "2024-01-19 00:58:25", "elapsed": 2812.738058, "delta": 0.002913}}
{"target": -13.758454567902355, "params": {"gamma": 134.74720901925474, "log10_alpha": 0.2260366584970921, "log10_colsample_bytree": -0.05288395167612203, "log10_eta": -3.6258573157043714, "log10_lambda": 0.10650693900576869, "log10_min_child_weight": 2.927968471878902, "log10_subsample": -0.910831880255111, "max_depth": 3.0, "num_boost_round": 23.0}, "datetime": {"datetime": "2024-01-19 00:58:25", "elapsed": 2812.741178, "delta": 0.00312}}
{"target": -13.75844914398681, "params": {"gamma": 134.74720901925474, "log10_alpha": 0.2260366584970921, "log10_colsample_bytree": -0.05288395167612203, "log10_eta": -3.6258573157043714, "log10_lambda": 0.10650693900576869, "log10_min_child_weight": 2.927968471878902, "log10_subsample": -0.910831880255111, "max_depth": 3.0, "num_boost_round": 24.0}, "datetime": {"datetime": "2024-01-19 00:58:25", "elapsed": 2812.744243, "delta": 0.003065}}
{"target": -13.758446306739543, "params": {"gamma": 134.74720901925474, "log10_alpha": 0.2260366584970921, "log10_colsample_bytree": -0.05288395167612203, "log10_eta": -3.6258573157043714, "log10_lambda": 0.10650693900576869, "log10_min_child_weight": 2.927968471878902, "log10_subsample": -0.910831880255111, "max_depth": 3.0, "num_boost_round": 25.0}, "datetime": {"datetime": "2024-01-19 00:58:25", "elapsed": 2812.747635, "delta": 0.003392}}
{"target": -13.758441803089982, "params": {"gamma": 134.74720901925474, "log10_alpha": 0.2260366584970921, "log10_colsample_bytree": -0.05288395167612203, "log10_eta": -3.6258573157043714, "log10_lambda": 0.10650693900576869, "log10_min_child_weight": 2.927968471878902, "log10_subsample": -0.910831880255111, "max_depth": 3.0, "num_boost_round": 26.0}, "datetime": {"datetime": "2024-01-19 00:58:25", "elapsed": 2812.751304, "delta": 0.003669}}
{"target": -13.758472551029705, "params": {"gamma": 129.24021455313195, "log10_alpha": -0.03391782419261258, "log10_colsample_bytree": -0.41072957252677633, "log10_eta": -2.8948159275896908, "log10_lambda": 0.5498882173697046, "log10_min_child_weight": 1.7087536004128279, "log10_subsample": -0.9835086821343422, "max_depth": 5.0, "num_boost_round": 0.0}, "datetime": {"datetime": "2024-01-19 00:58:58", "elapsed": 2845.771773, "delta": 33.020469}}
{"target": -13.758416095576575, "params": {"gamma": 129.24021455313195, "log10_alpha": -0.03391782419261258, "log10_colsample_bytree": -0.41072957252677633, "log10_eta": -2.8948159275896908, "log10_lambda": 0.5498882173697046, "log10_min_child_weight": 1.7087536004128279, "log10_subsample": -0.9835086821343422, "max_depth": 5.0, "num_boost_round": 1.0}, "datetime": {"datetime": "2024-01-19 00:58:58", "elapsed": 2845.77539, "delta": 0.003617}}
{"target": -13.75838853283969, "params": {"gamma": 129.24021455313195, "log10_alpha": -0.03391782419261258, "log10_colsample_bytree": -0.41072957252677633, "log10_eta": -2.8948159275896908, "log10_lambda": 0.5498882173697046, "log10_min_child_weight": 1.7087536004128279, "log10_subsample": -0.9835086821343422, "max_depth": 5.0, "num_boost_round": 2.0}, "datetime": {"datetime": "2024-01-19 00:58:58", "elapsed": 2845.77873, "delta": 0.00334}}
{"target": -13.75840454375374, "params": {"gamma": 129.24021455313195, "log10_alpha": -0.03391782419261258, "log10_colsample_bytree": -0.41072957252677633, "log10_eta": -2.8948159275896908, "log10_lambda": 0.5498882173697046, "log10_min_child_weight": 1.7087536004128279, "log10_subsample": -0.9835086821343422, "max_depth": 5.0, "num_boost_round": 3.0}, "datetime": {"datetime": "2024-01-19 00:58:58", "elapsed": 2845.781706, "delta": 0.002976}}
{"target": -13.758395679967066, "params": {"gamma": 129.24021455313195, "log10_alpha": -0.03391782419261258, "log10_colsample_bytree": -0.41072957252677633, "log10_eta": -2.8948159275896908, "log10_lambda": 0.5498882173697046, "log10_min_child_weight": 1.7087536004128279, "log10_subsample": -0.9835086821343422, "max_depth": 5.0, "num_boost_round": 4.0}, "datetime": {"datetime": "2024-01-19 00:58:58", "elapsed": 2845.784558, "delta": 0.002852}}
