{"target": -17.676894404812902, "params": {"gamma": 425.94200571690675, "log10_alpha": -0.4697988710336798, "log10_colsample_bytree": -0.4023697645934996, "log10_eta": -2.804796682421066, "log10_lambda": -4.775435475115462, "log10_min_child_weight": 1.674726143457423, "log10_subsample": -0.6483729858595431, "max_depth": 8.0, "num_boost_round": 8.0}, "datetime": {"datetime": "2024-01-19 00:35:22", "elapsed": 1427.15776, "delta": 0.001504}}
{"target": -17.676912752411045, "params": {"gamma": 425.94200571690675, "log10_alpha": -0.4697988710336798, "log10_colsample_bytree": -0.4023697645934996, "log10_eta": -2.804796682421066, "log10_lambda": -4.775435475115462, "log10_min_child_weight": 1.674726143457423, "log10_subsample": -0.6483729858595431, "max_depth": 8.0, "num_boost_round": 9.0}, "datetime": {"datetime": "2024-01-19 00:35:22", "elapsed": 1427.159244, "delta": 0.001484}}
{"target": -17.676798055345383, "params": {"gamma": 425.94200571690675, "log10_alpha": -0.4697988710336798, "log10_colsample_bytree": -0.4023697645934996, "log10_eta": -2.804796682421066, "log10_lambda": -4.775435475115462, "log10_min_child_weight": 1.674726143457423, "log10_subsample": -0.6483729858595431, "max_depth": 8.0, "num_boost_round": 10.0}, "datetime": {"datetime": "2024-01-19 00:35:22", "elapsed": 1427.160781, "delta": 0.001537}}
{"target": -17.67664363725383, "params": {"gamma": 425.94200571690675, "log10_alpha": -0.4697988710336798, "log10_colsample_bytree": -0.4023697645934996, "log10_eta": -2.804796682421066, "log10_lambda": -4.775435475115462, "log10_min_child_weight": 1.674726143457423, "log10_subsample": -0.6483729858595431, "max_depth": 8.0, "num_boost_round": 11.0}, "datetime": {"datetime": "2024-01-19 00:35:22", "elapsed": 1427.162285, "delta": 0.001504}}
{"target": -17.67656879832726, "params": {"gamma": 425.94200571690675, "log10_alpha": -0.4697988710336798, "log10_colsample_bytree": -0.4023697645934996, "log10_eta": -2.804796682421066, "log10_lambda": -4.775435475115462, "log10_min_child_weight": 1.674726143457423, "log10_subsample": -0.6483729858595431, "max_depth": 8.0, "num_boost_round": 12.0}, "datetime": {"datetime": "2024-01-19 00:35:22", "elapsed": 1427.163846, "delta": 0.001561}}
{"target": -17.67648382027915, "params": {"gamma": 425.94200571690675, "log10_alpha": -0.4697988710336798, "log10_colsample_bytree": -0.4023697645934996, "log10_eta": -2.804796682421066, "log10_lambda": -4.775435475115462, "log10_min_child_weight": 1.674726143457423, "log10_subsample": -0.6483729858595431, "max_depth": 8.0, "num_boost_round": 13.0}, "datetime": {"datetime": "2024-01-19 00:35:22", "elapsed": 1427.16535, "delta": 0.001504}}
{"target": -17.676386252172374, "params": {"gamma": 425.94200571690675, "log10_alpha": -0.4697988710336798, "log10_colsample_bytree": -0.4023697645934996, "log10_eta": -2.804796682421066, "log10_lambda": -4.775435475115462, "log10_min_child_weight": 1.674726143457423, "log10_subsample": -0.6483729858595431, "max_depth": 8.0, "num_boost_round": 14.0}, "datetime": {"datetime": "2024-01-19 00:35:22", "elapsed": 1427.166842, "delta": 0.001492}}
{"target": -17.677241172114414, "params": {"gamma": 428.4064117146103, "log10_alpha": 0.3665545143361362, "log10_colsample_bytree": -0.5480647431093341, "log10_eta": -3.568842768970783, "log10_lambda": -1.151897594397954, "log10_min_child_weight": 1.8616872043829096, "log10_subsample": -0.12567665839223752, "max_depth": 9.0, "num_boost_round": 0.0}, "datetime": {"datetime": "2024-01-19 00:35:52", "elapsed": 1456.617342, "delta": 29.4505}}
{"target": -17.67724020801391, "params": {"gamma": 428.4064117146103, "log10_alpha": 0.3665545143361362, "log10_colsample_bytree": -0.5480647431093341, "log10_eta": -3.568842768970783, "log10_lambda": -1.151897594397954, "log10_min_child_weight": 1.8616872043829096, "log10_subsample": -0.12567665839223752, "max_depth": 9.0, "num_boost_round": 1.0}, "datetime": {"datetime": "2024-01-19 00:35:52", "elapsed": 1456.619535, "delta": 0.002193}}
{"target": -17.67719134052154, "params": {"gamma": 428.4064117146103, "log10_alpha": 0.3665545143361362, "log10_colsample_bytree": -0.5480647431093341, "log10_eta": -3.568842768970783, "log10_lambda": -1.151897594397954, "log10_min_child_weight": 1.8616872043829096, "log10_subsample": -0.12567665839223752, "max_depth": 9.0, "num_boost_round": 2.0}, "datetime": {"datetime": "2024-01-19 00:35:52", "elapsed": 1456.621074, "delta": 0.001539}}
{"target": -17.677189660660307, "params": {"gamma": 428.4064117146103, "log10_alpha": 0.3665545143361362, "log10_colsample_bytree": -0.5480647431093341, "log10_eta": -3.568842768970783, "log10_lambda": -1.151897594397954, "log10_min_child_weight": 1.8616872043829096, "log10_subsample": -0.12567665839223752, "max_depth": 9.0, "num_boost_round": 3.0}, "datetime": {"datetime": "2024-01-19 00:35:52", "elapsed": 1456.622931, "delta": 0.001857}}
{"target": -17.67716537524607, "params": {"gamma": 428.4064117146103, "log10_alpha": 0.3665545143361362, "log10_colsample_bytree": -0.5480647431093341, "log10_eta": -3.568842768970783, "log10_lambda": -1.151897594397954, "log10_min_child_weight": 1.8616872043829096, "log10_subsample": -0.12567665839223752, "max_depth": 9.0, "num_boost_round": 4.0}, "datetime": {"datetime": "2024-01-19 00:35:52", "elapsed": 1456.624446, "delta": 0.001515}}
{"target": -17.677140063041552, "params": {"gamma": 428.4064117146103, "log10_alpha": 0.3665545143361362, "log10_colsample_bytree": -0.5480647431093341, "log10_eta": -3.568842768970783, "log10_lambda": -1.151897594397954, "log10_min_child_weight": 1.8616872043829096, "log10_subsample": -0.12567665839223752, "max_depth": 9.0, "num_boost_round": 5.0}, "datetime": {"datetime": "2024-01-19 00:35:52", "elapsed": 1456.625937, "delta": 0.001491}}
{"target": -17.677134495345616, "params": {"gamma": 428.4064117146103, "log10_alpha": 0.3665545143361362, "log10_colsample_bytree": -0.5480647431093341, "log10_eta": -3.568842768970783, "log10_lambda": -1.151897594397954, "log10_min_child_weight": 1.8616872043829096, "log10_subsample": -0.12567665839223752, "max_depth": 9.0, "num_boost_round": 6.0}, "datetime": {"datetime": "2024-01-19 00:35:52", "elapsed": 1456.627484, "delta": 0.001547}}
{"target": -17.677121159793113, "params": {"gamma": 428.4064117146103, "log10_alpha": 0.3665545143361362, "log10_colsample_bytree": -0.5480647431093341, "log10_eta": -3.568842768970783, "log10_lambda": -1.151897594397954, "log10_min_child_weight": 1.8616872043829096, "log10_subsample": -0.12567665839223752, "max_depth": 9.0, "num_boost_round": 7.0}, "datetime": {"datetime": "2024-01-19 00:35:52", "elapsed": 1456.628997, "delta": 0.001513}}
{"target": -17.67711883637306, "params": {"gamma": 428.4064117146103, "log10_alpha": 0.3665545143361362, "log10_colsample_bytree": -0.5480647431093341, "log10_eta": -3.568842768970783, "log10_lambda": -1.151897594397954, "log10_min_child_weight": 1.8616872043829096, "log10_subsample": -0.12567665839223752, "max_depth": 9.0, "num_boost_round": 8.0}, "datetime": {"datetime": "2024-01-19 00:35:52", "elapsed": 1456.630552, "delta": 0.001555}}
{"target": -17.677104101177147, "params": {"gamma": 428.4064117146103, "log10_alpha": 0.3665545143361362, "log10_colsample_bytree": -0.5480647431093341, "log10_eta": -3.568842768970783, "log10_lambda": -1.151897594397954, "log10_min_child_weight": 1.8616872043829096, "log10_subsample": -0.12567665839223752, "max_depth": 9.0, "num_boost_round": 9.0}, "datetime": {"datetime": "2024-01-19 00:35:52", "elapsed": 1456.632065, "delta": 0.001513}}
{"target": -17.677070267834626, "params": {"gamma": 428.4064117146103, "log10_alpha": 0.3665545143361362, "log10_colsample_bytree": -0.5480647431093341, "log10_eta": -3.568842768970783, "log10_lambda": -1.151897594397954, "log10_min_child_weight": 1.8616872043829096, "log10_subsample": -0.12567665839223752, "max_depth": 9.0, "num_boost_round": 10.0}, "datetime": {"datetime": "2024-01-19 00:35:52", "elapsed": 1456.633669, "delta": 0.001604}}
{"target": -17.677053859786, "params": {"gamma": 428.4064117146103, "log10_alpha": 0.3665545143361362, "log10_colsample_bytree": -0.5480647431093341, "log10_eta": -3.568842768970783, "log10_lambda": -1.151897594397954, "log10_min_child_weight": 1.8616872043829096, "log10_subsample": -0.12567665839223752, "max_depth": 9.0, "num_boost_round": 11.0}, "datetime": {"datetime": "2024-01-19 00:35:52", "elapsed": 1456.635157, "delta": 0.001488}}
{"target": -17.677034914013998, "params": {"gamma": 428.4064117146103, "log10_alpha": 0.3665545143361362, "log10_colsample_bytree": -0.5480647431093341, "log10_eta": -3.568842768970783, "log10_lambda": -1.151897594397954, "log10_min_child_weight": 1.8616872043829096, "log10_subsample": -0.12567665839223752, "max_depth": 9.0, "num_boost_round": 12.0}, "datetime": {"datetime": "2024-01-19 00:35:52", "elapsed": 1456.636647, "delta": 0.00149}}
{"target": -17.677028284671305, "params": {"gamma": 428.4064117146103, "log10_alpha": 0.3665545143361362, "log10_colsample_bytree": -0.5480647431093341, "log10_eta": -3.568842768970783, "log10_lambda": -1.151897594397954, "log10_min_child_weight": 1.8616872043829096, "log10_subsample": -0.12567665839223752, "max_depth": 9.0, "num_boost_round": 13.0}, "datetime": {"datetime": "2024-01-19 00:35:52", "elapsed": 1456.638139, "delta": 0.001492}}
{"target": -17.677033436800944, "params": {"gamma": 428.4064117146103, "log10_alpha": 0.3665545143361362, "log10_colsample_bytree": -0.5480647431093341, "log10_eta": -3.568842768970783, "log10_lambda": -1.151897594397954, "log10_min_child_weight": 1.8616872043829096, "log10_subsample": -0.12567665839223752, "max_depth": 9.0, "num_boost_round": 14.0}, "datetime": {"datetime": "2024-01-19 00:35:52", "elapsed": 1456.639637, "delta": 0.001498}}
{"target": -17.677016296442588, "params": {"gamma": 428.4064117146103, "log10_alpha": 0.3665545143361362, "log10_colsample_bytree": -0.5480647431093341, "log10_eta": -3.568842768970783, "log10_lambda": -1.151897594397954, "log10_min_child_weight": 1.8616872043829096, "log10_subsample": -0.12567665839223752, "max_depth": 9.0, "num_boost_round": 15.0}, "datetime": {"datetime": "2024-01-19 00:35:52", "elapsed": 1456.641173, "delta": 0.001536}}
{"target": -17.677005629391978, "params": {"gamma": 428.4064117146103, "log10_alpha": 0.3665545143361362, "log10_colsample_bytree": -0.5480647431093341, "log10_eta": -3.568842768970783, "log10_lambda": -1.151897594397954, "log10_min_child_weight": 1.8616872043829096, "log10_subsample": -0.12567665839223752, "max_depth": 9.0, "num_boost_round": 16.0}, "datetime": {"datetime": "2024-01-19 00:35:52", "elapsed": 1456.642701, "delta": 0.001528}}
{"target": -17.677226965024357, "params": {"gamma": 429.82983876293576, "log10_alpha": -4.330921081033316, "log10_colsample_bytree": -0.9401450957697819, "log10_eta": -3.5235053284829037, "log10_lambda": -4.405176653925797, "log10_min_child_weight": 0.7298924567361276, "log10_subsample": -0.408975344361555, "max_depth": 7.0, "num_boost_round": 0.0}, "datetime": {"datetime": "2024-01-19 00:36:18", "elapsed": 1483.035854, "delta": 26.393153}}
{"target": -17.677222935457177, "params": {"gamma": 429.82983876293576, "log10_alpha": -4.330921081033316, "log10_colsample_bytree": -0.9401450957697819, "log10_eta": -3.5235053284829037, "log10_lambda": -4.405176653925797, "log10_min_child_weight": 0.7298924567361276, "log10_subsample": -0.408975344361555, "max_depth": 7.0, "num_boost_round": 1.0}, "datetime": {"datetime": "2024-01-19 00:36:18", "elapsed": 1483.037829, "delta": 0.001975}}
{"target": -17.67721947838941, "params": {"gamma": 429.82983876293576, "log10_alpha": -4.330921081033316, "log10_colsample_bytree": -0.9401450957697819, "log10_eta": -3.5235053284829037, "log10_lambda": -4.405176653925797, "log10_min_child_weight": 0.7298924567361276, "log10_subsample": -0.408975344361555, "max_depth": 7.0, "num_boost_round": 2.0}, "datetime": {"datetime": "2024-01-19 00:36:18", "elapsed": 1483.039444, "delta": 0.001615}}
{"target": -17.67720252517723, "params": {"gamma": 429.82983876293576, "log10_alpha": -4.330921081033316, "log10_colsample_bytree": -0.9401450957697819, "log10_eta": -3.5235053284829037, "log10_lambda": -4.405176653925797, "log10_min_child_weight": 0.7298924567361276, "log10_subsample": -0.408975344361555, "max_depth": 7.0, "num_boost_round": 3.0}, "datetime": {"datetime": "2024-01-19 00:36:18", "elapsed": 1483.041176, "delta": 0.001732}}
{"target": -17.677187639037346, "params": {"gamma": 429.82983876293576, "log10_alpha": -4.330921081033316, "log10_colsample_bytree": -0.9401450957697819, "log10_eta": -3.5235053284829037, "log10_lambda": -4.405176653925797, "log10_min_child_weight": 0.7298924567361276, "log10_subsample": -0.408975344361555, "max_depth": 7.0, "num_boost_round": 4.0}, "datetime": {"datetime": "2024-01-19 00:36:18", "elapsed": 1483.042798, "delta": 0.001622}}
{"target": -17.677181044519475, "params": {"gamma": 429.82983876293576, "log10_alpha": -4.330921081033316, "log10_colsample_bytree": -0.9401450957697819, "log10_eta": -3.5235053284829037, "log10_lambda": -4.405176653925797, "log10_min_child_weight": 0.7298924567361276, "log10_subsample": -0.408975344361555, "max_depth": 7.0, "num_boost_round": 5.0}, "datetime": {"datetime": "2024-01-19 00:36:18", "elapsed": 1483.044327, "delta": 0.001529}}
{"target": -17.67718885711165, "params": {"gamma": 429.82983876293576, "log10_alpha": -4.330921081033316, "log10_colsample_bytree": -0.9401450957697819, "log10_eta": -3.5235053284829037, "log10_lambda": -4.405176653925797, "log10_min_child_weight": 0.7298924567361276, "log10_subsample": -0.408975344361555, "max_depth": 7.0, "num_boost_round": 6.0}, "datetime": {"datetime": "2024-01-19 00:36:18", "elapsed": 1483.045799, "delta": 0.001472}}
{"target": -17.677163750789465, "params": {"gamma": 429.82983876293576, "log10_alpha": -4.330921081033316, "log10_colsample_bytree": -0.9401450957697819, "log10_eta": -3.5235053284829037, "log10_lambda": -4.405176653925797, "log10_min_child_weight": 0.7298924567361276, "log10_subsample": -0.408975344361555, "max_depth": 7.0, "num_boost_round": 7.0}, "datetime": {"datetime": "2024-01-19 00:36:18", "elapsed": 1483.047313, "delta": 0.001514}}
{"target": -17.67716222338376, "params": {"gamma": 429.82983876293576, "log10_alpha": -4.330921081033316, "log10_colsample_bytree": -0.9401450957697819, "log10_eta": -3.5235053284829037, "log10_lambda": -4.405176653925797, "log10_min_child_weight": 0.7298924567361276, "log10_subsample": -0.408975344361555, "max_depth": 7.0, "num_boost_round": 8.0}, "datetime": {"datetime": "2024-01-19 00:36:18", "elapsed": 1483.048882, "delta": 0.001569}}
{"target": -17.677154758441873, "params": {"gamma": 429.82983876293576, "log10_alpha": -4.330921081033316, "log10_colsample_bytree": -0.9401450957697819, "log10_eta": -3.5235053284829037, "log10_lambda": -4.405176653925797, "log10_min_child_weight": 0.7298924567361276, "log10_subsample": -0.408975344361555, "max_depth": 7.0, "num_boost_round": 9.0}, "datetime": {"datetime": "2024-01-19 00:36:18", "elapsed": 1483.050443, "delta": 0.001561}}
{"target": -17.67714650625856, "params": {"gamma": 429.82983876293576, "log10_alpha": -4.330921081033316, "log10_colsample_bytree": -0.9401450957697819, "log10_eta": -3.5235053284829037, "log10_lambda": -4.405176653925797, "log10_min_child_weight": 0.7298924567361276, "log10_subsample": -0.408975344361555, "max_depth": 7.0, "num_boost_round": 10.0}, "datetime": {"datetime": "2024-01-19 00:36:18", "elapsed": 1483.051956, "delta": 0.001513}}
{"target": -17.677130126046062, "params": {"gamma": 429.82983876293576, "log10_alpha": -4.330921081033316, "log10_colsample_bytree": -0.9401450957697819, "log10_eta": -3.5235053284829037, "log10_lambda": -4.405176653925797, "log10_min_child_weight": 0.7298924567361276, "log10_subsample": -0.408975344361555, "max_depth": 7.0, "num_boost_round": 11.0}, "datetime": {"datetime": "2024-01-19 00:36:18", "elapsed": 1483.053642, "delta": 0.001686}}
{"target": -17.677107582185553, "params": {"gamma": 429.82983876293576, "log10_alpha": -4.330921081033316, "log10_colsample_bytree": -0.9401450957697819, "log10_eta": -3.5235053284829037, "log10_lambda": -4.405176653925797, "log10_min_child_weight": 0.7298924567361276, "log10_subsample": -0.408975344361555, "max_depth": 7.0, "num_boost_round": 12.0}, "datetime": {"datetime": "2024-01-19 00:36:18", "elapsed": 1483.055155, "delta": 0.001513}}
{"target": -17.67710035116652, "params": {"gamma": 429.82983876293576, "log10_alpha": -4.330921081033316, "log10_colsample_bytree": -0.9401450957697819, "log10_eta": -3.5235053284829037, "log10_lambda": -4.405176653925797, "log10_min_child_weight": 0.7298924567361276, "log10_subsample": -0.408975344361555, "max_depth": 7.0, "num_boost_round": 13.0}, "datetime": {"datetime": "2024-01-19 00:36:18", "elapsed": 1483.056657, "delta": 0.001502}}
{"target": -17.67709356411361, "params": {"gamma": 429.82983876293576, "log10_alpha": -4.330921081033316, "log10_colsample_bytree": -0.9401450957697819, "log10_eta": -3.5235053284829037, "log10_lambda": -4.405176653925797, "log10_min_child_weight": 0.7298924567361276, "log10_subsample": -0.408975344361555, "max_depth": 7.0, "num_boost_round": 14.0}, "datetime": {"datetime": "2024-01-19 00:36:18", "elapsed": 1483.058151, "delta": 0.001494}}
{"target": -17.677084282150133, "params": {"gamma": 429.82983876293576, "log10_alpha": -4.330921081033316, "log10_colsample_bytree": -0.9401450957697819, "log10_eta": -3.5235053284829037, "log10_lambda": -4.405176653925797, "log10_min_child_weight": 0.7298924567361276, "log10_subsample": -0.408975344361555, "max_depth": 7.0, "num_boost_round": 15.0}, "datetime": {"datetime": "2024-01-19 00:36:18", "elapsed": 1483.059634, "delta": 0.001483}}
{"target": -17.67708359660923, "params": {"gamma": 429.82983876293576, "log10_alpha": -4.330921081033316, "log10_colsample_bytree": -0.9401450957697819, "log10_eta": -3.5235053284829037, "log10_lambda": -4.405176653925797, "log10_min_child_weight": 0.7298924567361276, "log10_subsample": -0.408975344361555, "max_depth": 7.0, "num_boost_round": 16.0}, "datetime": {"datetime": "2024-01-19 00:36:18", "elapsed": 1483.061296, "delta": 0.001662}}
{"target": -17.67707805035581, "params": {"gamma": 429.82983876293576, "log10_alpha": -4.330921081033316, "log10_colsample_bytree": -0.9401450957697819, "log10_eta": -3.5235053284829037, "log10_lambda": -4.405176653925797, "log10_min_child_weight": 0.7298924567361276, "log10_subsample": -0.408975344361555, "max_depth": 7.0, "num_boost_round": 17.0}, "datetime": {"datetime": "2024-01-19 00:36:18", "elapsed": 1483.062803, "delta": 0.001507}}
{"target": -17.67717579173639, "params": {"gamma": 424.7990691359108, "log10_alpha": -4.831041059101808, "log10_colsample_bytree": -0.4967918443516949, "log10_eta": -3.020849824657553, "log10_lambda": -0.029939341902135652, "log10_min_child_weight": 1.4812575063837374, "log10_subsample": -0.9959728030650118, "max_depth": 7.0, "num_boost_round": 0.0}, "datetime": {"datetime": "2024-01-19 00:36:44", "elapsed": 1509.133855, "delta": 26.071052}}
{"target": -17.677193647770196, "params": {"gamma": 424.7990691359108, "log10_alpha": -4.831041059101808, "log10_colsample_bytree": -0.4967918443516949, "log10_eta": -3.020849824657553, "log10_lambda": -0.029939341902135652, "log10_min_child_weight": 1.4812575063837374, "log10_subsample": -0.9959728030650118, "max_depth": 7.0, "num_boost_round": 1.0}, "datetime": {"datetime": "2024-01-19 00:36:44", "elapsed": 1509.135513, "delta": 0.001658}}
{"target": -17.677177754636233, "params": {"gamma": 424.7990691359108, "log10_alpha": -4.831041059101808, "log10_colsample_bytree": -0.4967918443516949, "log10_eta": -3.020849824657553, "log10_lambda": -0.029939341902135652, "log10_min_child_weight": 1.4812575063837374, "log10_subsample": -0.9959728030650118, "max_depth": 7.0, "num_boost_round": 2.0}, "datetime": {"datetime": "2024-01-19 00:36:44", "elapsed": 1509.137051, "delta": 0.001538}}
{"target": -17.67712480585853, "params": {"gamma": 424.7990691359108, "log10_alpha": -4.831041059101808, "log10_colsample_bytree": -0.4967918443516949, "log10_eta": -3.020849824657553, "log10_lambda": -0.029939341902135652, "log10_min_child_weight": 1.4812575063837374, "log10_subsample": -0.9959728030650118, "max_depth": 7.0, "num_boost_round": 3.0}, "datetime": {"datetime": "2024-01-19 00:36:44", "elapsed": 1509.138565, "delta": 0.001514}}
{"target": -17.677136813554228, "params": {"gamma": 424.7990691359108, "log10_alpha": -4.831041059101808, "log10_colsample_bytree": -0.4967918443516949, "log10_eta": -3.020849824657553, "log10_lambda": -0.029939341902135652, "log10_min_child_weight": 1.4812575063837374, "log10_subsample": -0.9959728030650118, "max_depth": 7.0, "num_boost_round": 4.0}, "datetime": {"datetime": "2024-01-19 00:36:44", "elapsed": 1509.140063, "delta": 0.001498}}
{"target": -17.67709454059089, "params": {"gamma": 424.7990691359108, "log10_alpha": -4.831041059101808, "log10_colsample_bytree": -0.4967918443516949, "log10_eta": -3.020849824657553, "log10_lambda": -0.029939341902135652, "log10_min_child_weight": 1.4812575063837374, "log10_subsample": -0.9959728030650118, "max_depth": 7.0, "num_boost_round": 5.0}, "datetime": {"datetime": "2024-01-19 00:36:44", "elapsed": 1509.142124, "delta": 0.002061}}
{"target": -17.677009221459684, "params": {"gamma": 424.7990691359108, "log10_alpha": -4.831041059101808, "log10_colsample_bytree": -0.4967918443516949, "log10_eta": -3.020849824657553, "log10_lambda": -0.029939341902135652, "log10_min_child_weight": 1.4812575063837374, "log10_subsample": -0.9959728030650118, "max_depth": 7.0, "num_boost_round": 6.0}, "datetime": {"datetime": "2024-01-19 00:36:44", "elapsed": 1509.144144, "delta": 0.00202}}
