{"target": -13.755015037060584, "params": {"gamma": 23.215985770470017, "log10_alpha": -0.7217305668332221, "log10_colsample_bytree": -0.8105918069505946, "log10_eta": -2.402680544920259, "log10_lambda": 0.6487527687205557, "log10_min_child_weight": 1.7277019893150452, "log10_subsample": -0.3535900942036656, "max_depth": 9.0, "num_boost_round": 32.0}, "datetime": {"datetime": "2024-01-19 01:44:45", "elapsed": 5593.235336, "delta": 0.005072}}
{"target": -13.755045433042614, "params": {"gamma": 23.215985770470017, "log10_alpha": -0.7217305668332221, "log10_colsample_bytree": -0.8105918069505946, "log10_eta": -2.402680544920259, "log10_lambda": 0.6487527687205557, "log10_min_child_weight": 1.7277019893150452, "log10_subsample": -0.3535900942036656, "max_depth": 9.0, "num_boost_round": 33.0}, "datetime": {"datetime": "2024-01-19 01:44:45", "elapsed": 5593.240188, "delta": 0.004852}}
{"target": -13.754951128250259, "params": {"gamma": 23.215985770470017, "log10_alpha": -0.7217305668332221, "log10_colsample_bytree": -0.8105918069505946, "log10_eta": -2.402680544920259, "log10_lambda": 0.6487527687205557, "log10_min_child_weight": 1.7277019893150452, "log10_subsample": -0.3535900942036656, "max_depth": 9.0, "num_boost_round": 34.0}, "datetime": {"datetime": "2024-01-19 01:44:45", "elapsed": 5593.245075, "delta": 0.004887}}
{"target": -13.7548134931858, "params": {"gamma": 23.215985770470017, "log10_alpha": -0.7217305668332221, "log10_colsample_bytree": -0.8105918069505946, "log10_eta": -2.402680544920259, "log10_lambda": 0.6487527687205557, "log10_min_child_weight": 1.7277019893150452, "log10_subsample": -0.3535900942036656, "max_depth": 9.0, "num_boost_round": 35.0}, "datetime": {"datetime": "2024-01-19 01:44:45", "elapsed": 5593.249936, "delta": 0.004861}}
{"target": -13.75485131495477, "params": {"gamma": 23.215985770470017, "log10_alpha": -0.7217305668332221, "log10_colsample_bytree": -0.8105918069505946, "log10_eta": -2.402680544920259, "log10_lambda": 0.6487527687205557, "log10_min_child_weight": 1.7277019893150452, "log10_subsample": -0.3535900942036656, "max_depth": 9.0, "num_boost_round": 36.0}, "datetime": {"datetime": "2024-01-19 01:44:45", "elapsed": 5593.255021, "delta": 0.005085}}
{"target": -13.754759416370808, "params": {"gamma": 23.215985770470017, "log10_alpha": -0.7217305668332221, "log10_colsample_bytree": -0.8105918069505946, "log10_eta": -2.402680544920259, "log10_lambda": 0.6487527687205557, "log10_min_child_weight": 1.7277019893150452, "log10_subsample": -0.3535900942036656, "max_depth": 9.0, "num_boost_round": 37.0}, "datetime": {"datetime": "2024-01-19 01:44:45", "elapsed": 5593.259975, "delta": 0.004954}}
{"target": -13.75475449857825, "params": {"gamma": 23.215985770470017, "log10_alpha": -0.7217305668332221, "log10_colsample_bytree": -0.8105918069505946, "log10_eta": -2.402680544920259, "log10_lambda": 0.6487527687205557, "log10_min_child_weight": 1.7277019893150452, "log10_subsample": -0.3535900942036656, "max_depth": 9.0, "num_boost_round": 38.0}, "datetime": {"datetime": "2024-01-19 01:44:45", "elapsed": 5593.264855, "delta": 0.00488}}
{"target": -13.754831259544124, "params": {"gamma": 23.215985770470017, "log10_alpha": -0.7217305668332221, "log10_colsample_bytree": -0.8105918069505946, "log10_eta": -2.402680544920259, "log10_lambda": 0.6487527687205557, "log10_min_child_weight": 1.7277019893150452, "log10_subsample": -0.3535900942036656, "max_depth": 9.0, "num_boost_round": 39.0}, "datetime": {"datetime": "2024-01-19 01:44:45", "elapsed": 5593.269745, "delta": 0.00489}}
{"target": -13.768305149150024, "params": {"gamma": 64.22053445501497, "log10_alpha": 0.125953755124109, "log10_colsample_bytree": -0.6793846767202906, "log10_eta": -0.22953242329660783, "log10_lambda": 0.46782153133755955, "log10_min_child_weight": 3.1689004735952437, "log10_subsample": -0.6165551660007867, "max_depth": 6.0, "num_boost_round": 0.0}, "datetime": {"datetime": "2024-01-19 01:46:11", "elapsed": 5679.534842, "delta": 86.265097}}
{"target": -13.783975300853939, "params": {"gamma": 64.22053445501497, "log10_alpha": 0.125953755124109, "log10_colsample_bytree": -0.6793846767202906, "log10_eta": -0.22953242329660783, "log10_lambda": 0.46782153133755955, "log10_min_child_weight": 3.1689004735952437, "log10_subsample": -0.6165551660007867, "max_depth": 6.0, "num_boost_round": 1.0}, "datetime": {"datetime": "2024-01-19 01:46:11", "elapsed": 5679.54072, "delta": 0.005878}}
{"target": -13.805061086818146, "params": {"gamma": 64.22053445501497, "log10_alpha": 0.125953755124109, "log10_colsample_bytree": -0.6793846767202906, "log10_eta": -0.22953242329660783, "log10_lambda": 0.46782153133755955, "log10_min_child_weight": 3.1689004735952437, "log10_subsample": -0.6165551660007867, "max_depth": 6.0, "num_boost_round": 2.0}, "datetime": {"datetime": "2024-01-19 01:46:11", "elapsed": 5679.545745, "delta": 0.005025}}
{"target": -13.826845262275354, "params": {"gamma": 64.22053445501497, "log10_alpha": 0.125953755124109, "log10_colsample_bytree": -0.6793846767202906, "log10_eta": -0.22953242329660783, "log10_lambda": 0.46782153133755955, "log10_min_child_weight": 3.1689004735952437, "log10_subsample": -0.6165551660007867, "max_depth": 6.0, "num_boost_round": 3.0}, "datetime": {"datetime": "2024-01-19 01:46:11", "elapsed": 5679.550761, "delta": 0.005016}}
{"target": -13.846730221997714, "params": {"gamma": 64.22053445501497, "log10_alpha": 0.125953755124109, "log10_colsample_bytree": -0.6793846767202906, "log10_eta": -0.22953242329660783, "log10_lambda": 0.46782153133755955, "log10_min_child_weight": 3.1689004735952437, "log10_subsample": -0.6165551660007867, "max_depth": 6.0, "num_boost_round": 4.0}, "datetime": {"datetime": "2024-01-19 01:46:11", "elapsed": 5679.555691, "delta": 0.00493}}
{"target": -13.881768452760426, "params": {"gamma": 64.22053445501497, "log10_alpha": 0.125953755124109, "log10_colsample_bytree": -0.6793846767202906, "log10_eta": -0.22953242329660783, "log10_lambda": 0.46782153133755955, "log10_min_child_weight": 3.1689004735952437, "log10_subsample": -0.6165551660007867, "max_depth": 6.0, "num_boost_round": 5.0}, "datetime": {"datetime": "2024-01-19 01:46:11", "elapsed": 5679.560559, "delta": 0.004868}}
{"target": -13.891652834076966, "params": {"gamma": 64.22053445501497, "log10_alpha": 0.125953755124109, "log10_colsample_bytree": -0.6793846767202906, "log10_eta": -0.22953242329660783, "log10_lambda": 0.46782153133755955, "log10_min_child_weight": 3.1689004735952437, "log10_subsample": -0.6165551660007867, "max_depth": 6.0, "num_boost_round": 6.0}, "datetime": {"datetime": "2024-01-19 01:46:11", "elapsed": 5679.565448, "delta": 0.004889}}
{"target": -13.911423213067401, "params": {"gamma": 64.22053445501497, "log10_alpha": 0.125953755124109, "log10_colsample_bytree": -0.6793846767202906, "log10_eta": -0.22953242329660783, "log10_lambda": 0.46782153133755955, "log10_min_child_weight": 3.1689004735952437, "log10_subsample": -0.6165551660007867, "max_depth": 6.0, "num_boost_round": 7.0}, "datetime": {"datetime": "2024-01-19 01:46:11", "elapsed": 5679.570408, "delta": 0.00496}}
{"target": -13.924846078500135, "params": {"gamma": 64.22053445501497, "log10_alpha": 0.125953755124109, "log10_colsample_bytree": -0.6793846767202906, "log10_eta": -0.22953242329660783, "log10_lambda": 0.46782153133755955, "log10_min_child_weight": 3.1689004735952437, "log10_subsample": -0.6165551660007867, "max_depth": 6.0, "num_boost_round": 8.0}, "datetime": {"datetime": "2024-01-19 01:46:11", "elapsed": 5679.575444, "delta": 0.005036}}
{"target": -13.93016934455908, "params": {"gamma": 64.22053445501497, "log10_alpha": 0.125953755124109, "log10_colsample_bytree": -0.6793846767202906, "log10_eta": -0.22953242329660783, "log10_lambda": 0.46782153133755955, "log10_min_child_weight": 3.1689004735952437, "log10_subsample": -0.6165551660007867, "max_depth": 6.0, "num_boost_round": 9.0}, "datetime": {"datetime": "2024-01-19 01:46:11", "elapsed": 5679.580423, "delta": 0.004979}}
{"target": -13.758536863293275, "params": {"gamma": 6.779004155893276, "log10_alpha": -1.0748043187475531, "log10_colsample_bytree": -0.2944381737942484, "log10_eta": -3.8146370360771247, "log10_lambda": 0.7028556760548446, "log10_min_child_weight": 1.035115970317586, "log10_subsample": -0.39193269140503684, "max_depth": 2.0, "num_boost_round": 0.0}, "datetime": {"datetime": "2024-01-19 01:47:10", "elapsed": 5738.594732, "delta": 59.014309}}
{"target": -13.758534858798548, "params": {"gamma": 6.779004155893276, "log10_alpha": -1.0748043187475531, "log10_colsample_bytree": -0.2944381737942484, "log10_eta": -3.8146370360771247, "log10_lambda": 0.7028556760548446, "log10_min_child_weight": 1.035115970317586, "log10_subsample": -0.39193269140503684, "max_depth": 2.0, "num_boost_round": 1.0}, "datetime": {"datetime": "2024-01-19 01:47:10", "elapsed": 5738.599891, "delta": 0.005159}}
{"target": -13.758534781341853, "params": {"gamma": 6.779004155893276, "log10_alpha": -1.0748043187475531, "log10_colsample_bytree": -0.2944381737942484, "log10_eta": -3.8146370360771247, "log10_lambda": 0.7028556760548446, "log10_min_child_weight": 1.035115970317586, "log10_subsample": -0.39193269140503684, "max_depth": 2.0, "num_boost_round": 2.0}, "datetime": {"datetime": "2024-01-19 01:47:10", "elapsed": 5738.604799, "delta": 0.004908}}
{"target": -13.758533716062098, "params": {"gamma": 6.779004155893276, "log10_alpha": -1.0748043187475531, "log10_colsample_bytree": -0.2944381737942484, "log10_eta": -3.8146370360771247, "log10_lambda": 0.7028556760548446, "log10_min_child_weight": 1.035115970317586, "log10_subsample": -0.39193269140503684, "max_depth": 2.0, "num_boost_round": 3.0}, "datetime": {"datetime": "2024-01-19 01:47:10", "elapsed": 5738.609781, "delta": 0.004982}}
{"target": -13.758531579311178, "params": {"gamma": 6.779004155893276, "log10_alpha": -1.0748043187475531, "log10_colsample_bytree": -0.2944381737942484, "log10_eta": -3.8146370360771247, "log10_lambda": 0.7028556760548446, "log10_min_child_weight": 1.035115970317586, "log10_subsample": -0.39193269140503684, "max_depth": 2.0, "num_boost_round": 4.0}, "datetime": {"datetime": "2024-01-19 01:47:10", "elapsed": 5738.614871, "delta": 0.00509}}
{"target": -13.758530862117102, "params": {"gamma": 6.779004155893276, "log10_alpha": -1.0748043187475531, "log10_colsample_bytree": -0.2944381737942484, "log10_eta": -3.8146370360771247, "log10_lambda": 0.7028556760548446, "log10_min_child_weight": 1.035115970317586, "log10_subsample": -0.39193269140503684, "max_depth": 2.0, "num_boost_round": 5.0}, "datetime": {"datetime": "2024-01-19 01:47:10", "elapsed": 5738.619828, "delta": 0.004957}}
{"target": -13.758530124133415, "params": {"gamma": 6.779004155893276, "log10_alpha": -1.0748043187475531, "log10_colsample_bytree": -0.2944381737942484, "log10_eta": -3.8146370360771247, "log10_lambda": 0.7028556760548446, "log10_min_child_weight": 1.035115970317586, "log10_subsample": -0.39193269140503684, "max_depth": 2.0, "num_boost_round": 6.0}, "datetime": {"datetime": "2024-01-19 01:47:10", "elapsed": 5738.624814, "delta": 0.004986}}
{"target": -13.75852893469801, "params": {"gamma": 6.779004155893276, "log10_alpha": -1.0748043187475531, "log10_colsample_bytree": -0.2944381737942484, "log10_eta": -3.8146370360771247, "log10_lambda": 0.7028556760548446, "log10_min_child_weight": 1.035115970317586, "log10_subsample": -0.39193269140503684, "max_depth": 2.0, "num_boost_round": 7.0}, "datetime": {"datetime": "2024-01-19 01:47:10", "elapsed": 5738.629813, "delta": 0.004999}}
{"target": -13.758528434881743, "params": {"gamma": 6.779004155893276, "log10_alpha": -1.0748043187475531, "log10_colsample_bytree": -0.2944381737942484, "log10_eta": -3.8146370360771247, "log10_lambda": 0.7028556760548446, "log10_min_child_weight": 1.035115970317586, "log10_subsample": -0.39193269140503684, "max_depth": 2.0, "num_boost_round": 8.0}, "datetime": {"datetime": "2024-01-19 01:47:10", "elapsed": 5738.634983, "delta": 0.00517}}
{"target": -13.75853035443193, "params": {"gamma": 6.779004155893276, "log10_alpha": -1.0748043187475531, "log10_colsample_bytree": -0.2944381737942484, "log10_eta": -3.8146370360771247, "log10_lambda": 0.7028556760548446, "log10_min_child_weight": 1.035115970317586, "log10_subsample": -0.39193269140503684, "max_depth": 2.0, "num_boost_round": 9.0}, "datetime": {"datetime": "2024-01-19 01:47:10", "elapsed": 5738.639943, "delta": 0.00496}}
{"target": -13.758529051410365, "params": {"gamma": 6.779004155893276, "log10_alpha": -1.0748043187475531, "log10_colsample_bytree": -0.2944381737942484, "log10_eta": -3.8146370360771247, "log10_lambda": 0.7028556760548446, "log10_min_child_weight": 1.035115970317586, "log10_subsample": -0.39193269140503684, "max_depth": 2.0, "num_boost_round": 10.0}, "datetime": {"datetime": "2024-01-19 01:47:10", "elapsed": 5738.644871, "delta": 0.004928}}
{"target": -13.758526775588228, "params": {"gamma": 6.779004155893276, "log10_alpha": -1.0748043187475531, "log10_colsample_bytree": -0.2944381737942484, "log10_eta": -3.8146370360771247, "log10_lambda": 0.7028556760548446, "log10_min_child_weight": 1.035115970317586, "log10_subsample": -0.39193269140503684, "max_depth": 2.0, "num_boost_round": 11.0}, "datetime": {"datetime": "2024-01-19 01:47:10", "elapsed": 5738.649921, "delta": 0.00505}}
{"target": -13.758530537607356, "params": {"gamma": 26.761088033118384, "log10_alpha": 0.19880536149293881, "log10_colsample_bytree": -0.55309589144656, "log10_eta": -1.6679823242956737, "log10_lambda": -2.9545655796283867, "log10_min_child_weight": 2.197104987504926, "log10_subsample": -0.244298244054312, "max_depth": 9.0, "num_boost_round": 0.0}, "datetime": {"datetime": "2024-01-19 01:48:12", "elapsed": 5800.154782, "delta": 61.504861}}
{"target": -13.756616351141457, "params": {"gamma": 26.761088033118384, "log10_alpha": 0.19880536149293881, "log10_colsample_bytree": -0.55309589144656, "log10_eta": -1.6679823242956737, "log10_lambda": -2.9545655796283867, "log10_min_child_weight": 2.197104987504926, "log10_subsample": -0.244298244054312, "max_depth": 9.0, "num_boost_round": 1.0}, "datetime": {"datetime": "2024-01-19 01:48:12", "elapsed": 5800.1607, "delta": 0.005918}}
{"target": -13.755709746304374, "params": {"gamma": 26.761088033118384, "log10_alpha": 0.19880536149293881, "log10_colsample_bytree": -0.55309589144656, "log10_eta": -1.6679823242956737, "log10_lambda": -2.9545655796283867, "log10_min_child_weight": 2.197104987504926, "log10_subsample": -0.244298244054312, "max_depth": 9.0, "num_boost_round": 2.0}, "datetime": {"datetime": "2024-01-19 01:48:12", "elapsed": 5800.165663, "delta": 0.004963}}
{"target": -13.754710391102698, "params": {"gamma": 26.761088033118384, "log10_alpha": 0.19880536149293881, "log10_colsample_bytree": -0.55309589144656, "log10_eta": -1.6679823242956737, "log10_lambda": -2.9545655796283867, "log10_min_child_weight": 2.197104987504926, "log10_subsample": -0.244298244054312, "max_depth": 9.0, "num_boost_round": 3.0}, "datetime": {"datetime": "2024-01-19 01:48:12", "elapsed": 5800.17069, "delta": 0.005027}}
{"target": -13.753017744316285, "params": {"gamma": 26.761088033118384, "log10_alpha": 0.19880536149293881, "log10_colsample_bytree": -0.55309589144656, "log10_eta": -1.6679823242956737, "log10_lambda": -2.9545655796283867, "log10_min_child_weight": 2.197104987504926, "log10_subsample": -0.244298244054312, "max_depth": 9.0, "num_boost_round": 4.0}, "datetime": {"datetime": "2024-01-19 01:48:12", "elapsed": 5800.175645, "delta": 0.004955}}
{"target": -13.752624616701818, "params": {"gamma": 26.761088033118384, "log10_alpha": 0.19880536149293881, "log10_colsample_bytree": -0.55309589144656, "log10_eta": -1.6679823242956737, "log10_lambda": -2.9545655796283867, "log10_min_child_weight": 2.197104987504926, "log10_subsample": -0.244298244054312, "max_depth": 9.0, "num_boost_round": 5.0}, "datetime": {"datetime": "2024-01-19 01:48:12", "elapsed": 5800.180685, "delta": 0.00504}}
{"target": -13.752731858555496, "params": {"gamma": 26.761088033118384, "log10_alpha": 0.19880536149293881, "log10_colsample_bytree": -0.55309589144656, "log10_eta": -1.6679823242956737, "log10_lambda": -2.9545655796283867, "log10_min_child_weight": 2.197104987504926, "log10_subsample": -0.244298244054312, "max_depth": 9.0, "num_boost_round": 6.0}, "datetime": {"datetime": "2024-01-19 01:48:12", "elapsed": 5800.185576, "delta": 0.004891}}
{"target": -13.752087226568639, "params": {"gamma": 26.761088033118384, "log10_alpha": 0.19880536149293881, "log10_colsample_bytree": -0.55309589144656, "log10_eta": -1.6679823242956737, "log10_lambda": -2.9545655796283867, "log10_min_child_weight": 2.197104987504926, "log10_subsample": -0.244298244054312, "max_depth": 9.0, "num_boost_round": 7.0}, "datetime": {"datetime": "2024-01-19 01:48:12", "elapsed": 5800.1906, "delta": 0.005024}}
{"target": -13.751698655232513, "params": {"gamma": 26.761088033118384, "log10_alpha": 0.19880536149293881, "log10_colsample_bytree": -0.55309589144656, "log10_eta": -1.6679823242956737, "log10_lambda": -2.9545655796283867, "log10_min_child_weight": 2.197104987504926, "log10_subsample": -0.244298244054312, "max_depth": 9.0, "num_boost_round": 8.0}, "datetime": {"datetime": "2024-01-19 01:48:12", "elapsed": 5800.195572, "delta": 0.004972}}
{"target": -13.751311830178038, "params": {"gamma": 26.761088033118384, "log10_alpha": 0.19880536149293881, "log10_colsample_bytree": -0.55309589144656, "log10_eta": -1.6679823242956737, "log10_lambda": -2.9545655796283867, "log10_min_child_weight": 2.197104987504926, "log10_subsample": -0.244298244054312, "max_depth": 9.0, "num_boost_round": 9.0}, "datetime": {"datetime": "2024-01-19 01:48:12", "elapsed": 5800.200655, "delta": 0.005083}}
{"target": -13.75138425716168, "params": {"gamma": 26.761088033118384, "log10_alpha": 0.19880536149293881, "log10_colsample_bytree": -0.55309589144656, "log10_eta": -1.6679823242956737, "log10_lambda": -2.9545655796283867, "log10_min_child_weight": 2.197104987504926, "log10_subsample": -0.244298244054312, "max_depth": 9.0, "num_boost_round": 10.0}, "datetime": {"datetime": "2024-01-19 01:48:12", "elapsed": 5800.205543, "delta": 0.004888}}
{"target": -13.75192734037898, "params": {"gamma": 26.761088033118384, "log10_alpha": 0.19880536149293881, "log10_colsample_bytree": -0.55309589144656, "log10_eta": -1.6679823242956737, "log10_lambda": -2.9545655796283867, "log10_min_child_weight": 2.197104987504926, "log10_subsample": -0.244298244054312, "max_depth": 9.0, "num_boost_round": 11.0}, "datetime": {"datetime": "2024-01-19 01:48:12", "elapsed": 5800.210649, "delta": 0.005106}}
{"target": -13.753067507665667, "params": {"gamma": 26.761088033118384, "log10_alpha": 0.19880536149293881, "log10_colsample_bytree": -0.55309589144656, "log10_eta": -1.6679823242956737, "log10_lambda": -2.9545655796283867, "log10_min_child_weight": 2.197104987504926, "log10_subsample": -0.244298244054312, "max_depth": 9.0, "num_boost_round": 12.0}, "datetime": {"datetime": "2024-01-19 01:48:12", "elapsed": 5800.215528, "delta": 0.004879}}
{"target": -13.754280270415855, "params": {"gamma": 26.761088033118384, "log10_alpha": 0.19880536149293881, "log10_colsample_bytree": -0.55309589144656, "log10_eta": -1.6679823242956737, "log10_lambda": -2.9545655796283867, "log10_min_child_weight": 2.197104987504926, "log10_subsample": -0.244298244054312, "max_depth": 9.0, "num_boost_round": 13.0}, "datetime": {"datetime": "2024-01-19 01:48:12", "elapsed": 5800.220507, "delta": 0.004979}}
{"target": -13.755089348138275, "params": {"gamma": 26.761088033118384, "log10_alpha": 0.19880536149293881, "log10_colsample_bytree": -0.55309589144656, "log10_eta": -1.6679823242956737, "log10_lambda": -2.9545655796283867, "log10_min_child_weight": 2.197104987504926, "log10_subsample": -0.244298244054312, "max_depth": 9.0, "num_boost_round": 14.0}, "datetime": {"datetime": "2024-01-19 01:48:12", "elapsed": 5800.22535, "delta": 0.004843}}
{"target": -13.755222435703299, "params": {"gamma": 26.761088033118384, "log10_alpha": 0.19880536149293881, "log10_colsample_bytree": -0.55309589144656, "log10_eta": -1.6679823242956737, "log10_lambda": -2.9545655796283867, "log10_min_child_weight": 2.197104987504926, "log10_subsample": -0.244298244054312, "max_depth": 9.0, "num_boost_round": 15.0}, "datetime": {"datetime": "2024-01-19 01:48:12", "elapsed": 5800.230381, "delta": 0.005031}}
{"target": -13.755289257946599, "params": {"gamma": 26.761088033118384, "log10_alpha": 0.19880536149293881, "log10_colsample_bytree": -0.55309589144656, "log10_eta": -1.6679823242956737, "log10_lambda": -2.9545655796283867, "log10_min_child_weight": 2.197104987504926, "log10_subsample": -0.244298244054312, "max_depth": 9.0, "num_boost_round": 16.0}, "datetime": {"datetime": "2024-01-19 01:48:12", "elapsed": 5800.235273, "delta": 0.004892}}
{"target": -13.756250899531972, "params": {"gamma": 26.761088033118384, "log10_alpha": 0.19880536149293881, "log10_colsample_bytree": -0.55309589144656, "log10_eta": -1.6679823242956737, "log10_lambda": -2.9545655796283867, "log10_min_child_weight": 2.197104987504926, "log10_subsample": -0.244298244054312, "max_depth": 9.0, "num_boost_round": 17.0}, "datetime": {"datetime": "2024-01-19 01:48:12", "elapsed": 5800.240247, "delta": 0.004974}}
{"target": -13.757028857190594, "params": {"gamma": 26.761088033118384, "log10_alpha": 0.19880536149293881, "log10_colsample_bytree": -0.55309589144656, "log10_eta": -1.6679823242956737, "log10_lambda": -2.9545655796283867, "log10_min_child_weight": 2.197104987504926, "log10_subsample": -0.244298244054312, "max_depth": 9.0, "num_boost_round": 18.0}, "datetime": {"datetime": "2024-01-19 01:48:12", "elapsed": 5800.245129, "delta": 0.004882}}
