{"target": -13.758480231152685, "params": {"gamma": 866.747925104593, "log10_alpha": -1.8935889861003945, "log10_colsample_bytree": -0.509296855379506, "log10_eta": -3.908821310146531, "log10_lambda": -1.4254916231154198, "log10_min_child_weight": 2.388467974865492, "log10_subsample": -0.9905346189271137, "max_depth": 4.0, "num_boost_round": 38.0}, "datetime": {"datetime": "2024-01-19 01:07:57", "elapsed": 3381.746314, "delta": 0.00438}}
{"target": -13.758476733149838, "params": {"gamma": 866.747925104593, "log10_alpha": -1.8935889861003945, "log10_colsample_bytree": -0.509296855379506, "log10_eta": -3.908821310146531, "log10_lambda": -1.4254916231154198, "log10_min_child_weight": 2.388467974865492, "log10_subsample": -0.9905346189271137, "max_depth": 4.0, "num_boost_round": 39.0}, "datetime": {"datetime": "2024-01-19 01:07:57", "elapsed": 3381.7507, "delta": 0.004386}}
{"target": -13.758477465759809, "params": {"gamma": 866.747925104593, "log10_alpha": -1.8935889861003945, "log10_colsample_bytree": -0.509296855379506, "log10_eta": -3.908821310146531, "log10_lambda": -1.4254916231154198, "log10_min_child_weight": 2.388467974865492, "log10_subsample": -0.9905346189271137, "max_depth": 4.0, "num_boost_round": 40.0}, "datetime": {"datetime": "2024-01-19 01:07:57", "elapsed": 3381.755196, "delta": 0.004496}}
{"target": -13.758476719476912, "params": {"gamma": 866.747925104593, "log10_alpha": -1.8935889861003945, "log10_colsample_bytree": -0.509296855379506, "log10_eta": -3.908821310146531, "log10_lambda": -1.4254916231154198, "log10_min_child_weight": 2.388467974865492, "log10_subsample": -0.9905346189271137, "max_depth": 4.0, "num_boost_round": 41.0}, "datetime": {"datetime": "2024-01-19 01:07:57", "elapsed": 3381.759524, "delta": 0.004328}}
{"target": -13.758475582535917, "params": {"gamma": 866.747925104593, "log10_alpha": -1.8935889861003945, "log10_colsample_bytree": -0.509296855379506, "log10_eta": -3.908821310146531, "log10_lambda": -1.4254916231154198, "log10_min_child_weight": 2.388467974865492, "log10_subsample": -0.9905346189271137, "max_depth": 4.0, "num_boost_round": 42.0}, "datetime": {"datetime": "2024-01-19 01:07:57", "elapsed": 3381.763779, "delta": 0.004255}}
{"target": -13.75847056481428, "params": {"gamma": 866.747925104593, "log10_alpha": -1.8935889861003945, "log10_colsample_bytree": -0.509296855379506, "log10_eta": -3.908821310146531, "log10_lambda": -1.4254916231154198, "log10_min_child_weight": 2.388467974865492, "log10_subsample": -0.9905346189271137, "max_depth": 4.0, "num_boost_round": 43.0}, "datetime": {"datetime": "2024-01-19 01:07:57", "elapsed": 3381.768152, "delta": 0.004373}}
{"target": -13.758468549946654, "params": {"gamma": 866.747925104593, "log10_alpha": -1.8935889861003945, "log10_colsample_bytree": -0.509296855379506, "log10_eta": -3.908821310146531, "log10_lambda": -1.4254916231154198, "log10_min_child_weight": 2.388467974865492, "log10_subsample": -0.9905346189271137, "max_depth": 4.0, "num_boost_round": 44.0}, "datetime": {"datetime": "2024-01-19 01:07:57", "elapsed": 3381.772595, "delta": 0.004443}}
{"target": -13.758467809154006, "params": {"gamma": 866.747925104593, "log10_alpha": -1.8935889861003945, "log10_colsample_bytree": -0.509296855379506, "log10_eta": -3.908821310146531, "log10_lambda": -1.4254916231154198, "log10_min_child_weight": 2.388467974865492, "log10_subsample": -0.9905346189271137, "max_depth": 4.0, "num_boost_round": 45.0}, "datetime": {"datetime": "2024-01-19 01:07:57", "elapsed": 3381.776935, "delta": 0.00434}}
{"target": -13.758465350286095, "params": {"gamma": 866.747925104593, "log10_alpha": -1.8935889861003945, "log10_colsample_bytree": -0.509296855379506, "log10_eta": -3.908821310146531, "log10_lambda": -1.4254916231154198, "log10_min_child_weight": 2.388467974865492, "log10_subsample": -0.9905346189271137, "max_depth": 4.0, "num_boost_round": 46.0}, "datetime": {"datetime": "2024-01-19 01:07:57", "elapsed": 3381.781389, "delta": 0.004454}}
{"target": -13.75846281656729, "params": {"gamma": 866.747925104593, "log10_alpha": -1.8935889861003945, "log10_colsample_bytree": -0.509296855379506, "log10_eta": -3.908821310146531, "log10_lambda": -1.4254916231154198, "log10_min_child_weight": 2.388467974865492, "log10_subsample": -0.9905346189271137, "max_depth": 4.0, "num_boost_round": 47.0}, "datetime": {"datetime": "2024-01-19 01:07:57", "elapsed": 3381.785878, "delta": 0.004489}}
{"target": -13.758460610937735, "params": {"gamma": 866.747925104593, "log10_alpha": -1.8935889861003945, "log10_colsample_bytree": -0.509296855379506, "log10_eta": -3.908821310146531, "log10_lambda": -1.4254916231154198, "log10_min_child_weight": 2.388467974865492, "log10_subsample": -0.9905346189271137, "max_depth": 4.0, "num_boost_round": 48.0}, "datetime": {"datetime": "2024-01-19 01:07:57", "elapsed": 3381.790278, "delta": 0.0044}}
{"target": -13.758458389786089, "params": {"gamma": 866.747925104593, "log10_alpha": -1.8935889861003945, "log10_colsample_bytree": -0.509296855379506, "log10_eta": -3.908821310146531, "log10_lambda": -1.4254916231154198, "log10_min_child_weight": 2.388467974865492, "log10_subsample": -0.9905346189271137, "max_depth": 4.0, "num_boost_round": 49.0}, "datetime": {"datetime": "2024-01-19 01:07:57", "elapsed": 3381.794796, "delta": 0.004518}}
{"target": -13.758459092028811, "params": {"gamma": 866.747925104593, "log10_alpha": -1.8935889861003945, "log10_colsample_bytree": -0.509296855379506, "log10_eta": -3.908821310146531, "log10_lambda": -1.4254916231154198, "log10_min_child_weight": 2.388467974865492, "log10_subsample": -0.9905346189271137, "max_depth": 4.0, "num_boost_round": 50.0}, "datetime": {"datetime": "2024-01-19 01:07:57", "elapsed": 3381.799067, "delta": 0.004271}}
{"target": -13.758538324221746, "params": {"gamma": 888.4539311588169, "log10_alpha": 1.0, "log10_colsample_bytree": -0.6831528735048453, "log10_eta": -4.0, "log10_lambda": -5.0, "log10_min_child_weight": 5.0, "log10_subsample": -1.0, "max_depth": 8.0, "num_boost_round": 0.0}, "datetime": {"datetime": "2024-01-19 01:08:49", "elapsed": 3433.426396, "delta": 51.627329}}
{"target": -13.758538347965649, "params": {"gamma": 888.4539311588169, "log10_alpha": 1.0, "log10_colsample_bytree": -0.6831528735048453, "log10_eta": -4.0, "log10_lambda": -5.0, "log10_min_child_weight": 5.0, "log10_subsample": -1.0, "max_depth": 8.0, "num_boost_round": 1.0}, "datetime": {"datetime": "2024-01-19 01:08:49", "elapsed": 3433.431147, "delta": 0.004751}}
{"target": -13.75853831755443, "params": {"gamma": 888.4539311588169, "log10_alpha": 1.0, "log10_colsample_bytree": -0.6831528735048453, "log10_eta": -4.0, "log10_lambda": -5.0, "log10_min_child_weight": 5.0, "log10_subsample": -1.0, "max_depth": 8.0, "num_boost_round": 2.0}, "datetime": {"datetime": "2024-01-19 01:08:49", "elapsed": 3433.4362, "delta": 0.005053}}
{"target": -13.758538335047636, "params": {"gamma": 888.4539311588169, "log10_alpha": 1.0, "log10_colsample_bytree": -0.6831528735048453, "log10_eta": -4.0, "log10_lambda": -5.0, "log10_min_child_weight": 5.0, "log10_subsample": -1.0, "max_depth": 8.0, "num_boost_round": 3.0}, "datetime": {"datetime": "2024-01-19 01:08:49", "elapsed": 3433.440633, "delta": 0.004433}}
{"target": -13.758538335047636, "params": {"gamma": 888.4539311588169, "log10_alpha": 1.0, "log10_colsample_bytree": -0.6831528735048453, "log10_eta": -4.0, "log10_lambda": -5.0, "log10_min_child_weight": 5.0, "log10_subsample": -1.0, "max_depth": 8.0, "num_boost_round": 4.0}, "datetime": {"datetime": "2024-01-19 01:08:49", "elapsed": 3433.44498, "delta": 0.004347}}
{"target": -13.758538335076606, "params": {"gamma": 888.4539311588169, "log10_alpha": 1.0, "log10_colsample_bytree": -0.6831528735048453, "log10_eta": -4.0, "log10_lambda": -5.0, "log10_min_child_weight": 5.0, "log10_subsample": -1.0, "max_depth": 8.0, "num_boost_round": 5.0}, "datetime": {"datetime": "2024-01-19 01:08:49", "elapsed": 3433.449337, "delta": 0.004357}}
{"target": -13.758538333189946, "params": {"gamma": 888.4539311588169, "log10_alpha": 1.0, "log10_colsample_bytree": -0.6831528735048453, "log10_eta": -4.0, "log10_lambda": -5.0, "log10_min_child_weight": 5.0, "log10_subsample": -1.0, "max_depth": 8.0, "num_boost_round": 6.0}, "datetime": {"datetime": "2024-01-19 01:08:49", "elapsed": 3433.453567, "delta": 0.00423}}
{"target": -13.758538336916798, "params": {"gamma": 888.4539311588169, "log10_alpha": 1.0, "log10_colsample_bytree": -0.6831528735048453, "log10_eta": -4.0, "log10_lambda": -5.0, "log10_min_child_weight": 5.0, "log10_subsample": -1.0, "max_depth": 8.0, "num_boost_round": 7.0}, "datetime": {"datetime": "2024-01-19 01:08:49", "elapsed": 3433.45774, "delta": 0.004173}}
{"target": -13.758538345069972, "params": {"gamma": 888.4539311588169, "log10_alpha": 1.0, "log10_colsample_bytree": -0.6831528735048453, "log10_eta": -4.0, "log10_lambda": -5.0, "log10_min_child_weight": 5.0, "log10_subsample": -1.0, "max_depth": 8.0, "num_boost_round": 8.0}, "datetime": {"datetime": "2024-01-19 01:08:49", "elapsed": 3433.461899, "delta": 0.004159}}
{"target": -13.75853834488474, "params": {"gamma": 888.4539311588169, "log10_alpha": 1.0, "log10_colsample_bytree": -0.6831528735048453, "log10_eta": -4.0, "log10_lambda": -5.0, "log10_min_child_weight": 5.0, "log10_subsample": -1.0, "max_depth": 8.0, "num_boost_round": 9.0}, "datetime": {"datetime": "2024-01-19 01:08:49", "elapsed": 3433.4661, "delta": 0.004201}}
{"target": -13.758538345167153, "params": {"gamma": 888.4539311588169, "log10_alpha": 1.0, "log10_colsample_bytree": -0.6831528735048453, "log10_eta": -4.0, "log10_lambda": -5.0, "log10_min_child_weight": 5.0, "log10_subsample": -1.0, "max_depth": 8.0, "num_boost_round": 10.0}, "datetime": {"datetime": "2024-01-19 01:08:49", "elapsed": 3433.470294, "delta": 0.004194}}
{"target": -13.758538338786252, "params": {"gamma": 888.4539311588169, "log10_alpha": 1.0, "log10_colsample_bytree": -0.6831528735048453, "log10_eta": -4.0, "log10_lambda": -5.0, "log10_min_child_weight": 5.0, "log10_subsample": -1.0, "max_depth": 8.0, "num_boost_round": 11.0}, "datetime": {"datetime": "2024-01-19 01:08:49", "elapsed": 3433.474523, "delta": 0.004229}}
{"target": -13.758538321816388, "params": {"gamma": 888.4539311588169, "log10_alpha": 1.0, "log10_colsample_bytree": -0.6831528735048453, "log10_eta": -4.0, "log10_lambda": -5.0, "log10_min_child_weight": 5.0, "log10_subsample": -1.0, "max_depth": 8.0, "num_boost_round": 12.0}, "datetime": {"datetime": "2024-01-19 01:08:49", "elapsed": 3433.478705, "delta": 0.004182}}
{"target": -13.758538352810564, "params": {"gamma": 888.4539311588169, "log10_alpha": 1.0, "log10_colsample_bytree": -0.6831528735048453, "log10_eta": -4.0, "log10_lambda": -5.0, "log10_min_child_weight": 5.0, "log10_subsample": -1.0, "max_depth": 8.0, "num_boost_round": 13.0}, "datetime": {"datetime": "2024-01-19 01:08:49", "elapsed": 3433.4829, "delta": 0.004195}}
{"target": -13.758538350068259, "params": {"gamma": 888.4539311588169, "log10_alpha": 1.0, "log10_colsample_bytree": -0.6831528735048453, "log10_eta": -4.0, "log10_lambda": -5.0, "log10_min_child_weight": 5.0, "log10_subsample": -1.0, "max_depth": 8.0, "num_boost_round": 14.0}, "datetime": {"datetime": "2024-01-19 01:08:49", "elapsed": 3433.487156, "delta": 0.004256}}
{"target": -13.75853832209233, "params": {"gamma": 888.4539311588169, "log10_alpha": 1.0, "log10_colsample_bytree": -0.6831528735048453, "log10_eta": -4.0, "log10_lambda": -5.0, "log10_min_child_weight": 5.0, "log10_subsample": -1.0, "max_depth": 8.0, "num_boost_round": 15.0}, "datetime": {"datetime": "2024-01-19 01:08:49", "elapsed": 3433.491362, "delta": 0.004206}}
{"target": -13.75853834401593, "params": {"gamma": 888.4539311588169, "log10_alpha": 1.0, "log10_colsample_bytree": -0.6831528735048453, "log10_eta": -4.0, "log10_lambda": -5.0, "log10_min_child_weight": 5.0, "log10_subsample": -1.0, "max_depth": 8.0, "num_boost_round": 16.0}, "datetime": {"datetime": "2024-01-19 01:08:49", "elapsed": 3433.495509, "delta": 0.004147}}
{"target": -13.758538339902557, "params": {"gamma": 888.4539311588169, "log10_alpha": 1.0, "log10_colsample_bytree": -0.6831528735048453, "log10_eta": -4.0, "log10_lambda": -5.0, "log10_min_child_weight": 5.0, "log10_subsample": -1.0, "max_depth": 8.0, "num_boost_round": 17.0}, "datetime": {"datetime": "2024-01-19 01:08:49", "elapsed": 3433.499695, "delta": 0.004186}}
{"target": -13.7585383455226, "params": {"gamma": 888.4539311588169, "log10_alpha": 1.0, "log10_colsample_bytree": -0.6831528735048453, "log10_eta": -4.0, "log10_lambda": -5.0, "log10_min_child_weight": 5.0, "log10_subsample": -1.0, "max_depth": 8.0, "num_boost_round": 18.0}, "datetime": {"datetime": "2024-01-19 01:08:49", "elapsed": 3433.503874, "delta": 0.004179}}
{"target": -13.758538330949705, "params": {"gamma": 888.4539311588169, "log10_alpha": 1.0, "log10_colsample_bytree": -0.6831528735048453, "log10_eta": -4.0, "log10_lambda": -5.0, "log10_min_child_weight": 5.0, "log10_subsample": -1.0, "max_depth": 8.0, "num_boost_round": 19.0}, "datetime": {"datetime": "2024-01-19 01:08:49", "elapsed": 3433.508084, "delta": 0.00421}}
{"target": -13.758538329204123, "params": {"gamma": 888.4539311588169, "log10_alpha": 1.0, "log10_colsample_bytree": -0.6831528735048453, "log10_eta": -4.0, "log10_lambda": -5.0, "log10_min_child_weight": 5.0, "log10_subsample": -1.0, "max_depth": 8.0, "num_boost_round": 20.0}, "datetime": {"datetime": "2024-01-19 01:08:49", "elapsed": 3433.512275, "delta": 0.004191}}
{"target": -13.75853831776901, "params": {"gamma": 888.4539311588169, "log10_alpha": 1.0, "log10_colsample_bytree": -0.6831528735048453, "log10_eta": -4.0, "log10_lambda": -5.0, "log10_min_child_weight": 5.0, "log10_subsample": -1.0, "max_depth": 8.0, "num_boost_round": 21.0}, "datetime": {"datetime": "2024-01-19 01:08:49", "elapsed": 3433.51642, "delta": 0.004145}}
{"target": -13.758538328447871, "params": {"gamma": 888.4539311588169, "log10_alpha": 1.0, "log10_colsample_bytree": -0.6831528735048453, "log10_eta": -4.0, "log10_lambda": -5.0, "log10_min_child_weight": 5.0, "log10_subsample": -1.0, "max_depth": 8.0, "num_boost_round": 22.0}, "datetime": {"datetime": "2024-01-19 01:08:49", "elapsed": 3433.520625, "delta": 0.004205}}
{"target": -13.75853835602893, "params": {"gamma": 888.4539311588169, "log10_alpha": 1.0, "log10_colsample_bytree": -0.6831528735048453, "log10_eta": -4.0, "log10_lambda": -5.0, "log10_min_child_weight": 5.0, "log10_subsample": -1.0, "max_depth": 8.0, "num_boost_round": 23.0}, "datetime": {"datetime": "2024-01-19 01:08:49", "elapsed": 3433.52483, "delta": 0.004205}}
{"target": -13.758538334950309, "params": {"gamma": 888.4539311588169, "log10_alpha": 1.0, "log10_colsample_bytree": -0.6831528735048453, "log10_eta": -4.0, "log10_lambda": -5.0, "log10_min_child_weight": 5.0, "log10_subsample": -1.0, "max_depth": 8.0, "num_boost_round": 24.0}, "datetime": {"datetime": "2024-01-19 01:08:49", "elapsed": 3433.529015, "delta": 0.004185}}
{"target": -13.75853834663218, "params": {"gamma": 888.4539311588169, "log10_alpha": 1.0, "log10_colsample_bytree": -0.6831528735048453, "log10_eta": -4.0, "log10_lambda": -5.0, "log10_min_child_weight": 5.0, "log10_subsample": -1.0, "max_depth": 8.0, "num_boost_round": 25.0}, "datetime": {"datetime": "2024-01-19 01:08:49", "elapsed": 3433.533175, "delta": 0.00416}}
{"target": -13.758538348280338, "params": {"gamma": 888.4539311588169, "log10_alpha": 1.0, "log10_colsample_bytree": -0.6831528735048453, "log10_eta": -4.0, "log10_lambda": -5.0, "log10_min_child_weight": 5.0, "log10_subsample": -1.0, "max_depth": 8.0, "num_boost_round": 26.0}, "datetime": {"datetime": "2024-01-19 01:08:49", "elapsed": 3433.537345, "delta": 0.00417}}
{"target": -13.758538336270217, "params": {"gamma": 888.4539311588169, "log10_alpha": 1.0, "log10_colsample_bytree": -0.6831528735048453, "log10_eta": -4.0, "log10_lambda": -5.0, "log10_min_child_weight": 5.0, "log10_subsample": -1.0, "max_depth": 8.0, "num_boost_round": 27.0}, "datetime": {"datetime": "2024-01-19 01:08:49", "elapsed": 3433.541592, "delta": 0.004247}}
{"target": -13.758538361764824, "params": {"gamma": 888.4539311588169, "log10_alpha": 1.0, "log10_colsample_bytree": -0.6831528735048453, "log10_eta": -4.0, "log10_lambda": -5.0, "log10_min_child_weight": 5.0, "log10_subsample": -1.0, "max_depth": 8.0, "num_boost_round": 28.0}, "datetime": {"datetime": "2024-01-19 01:08:49", "elapsed": 3433.545807, "delta": 0.004215}}
{"target": -13.75853835204898, "params": {"gamma": 888.4539311588169, "log10_alpha": 1.0, "log10_colsample_bytree": -0.6831528735048453, "log10_eta": -4.0, "log10_lambda": -5.0, "log10_min_child_weight": 5.0, "log10_subsample": -1.0, "max_depth": 8.0, "num_boost_round": 29.0}, "datetime": {"datetime": "2024-01-19 01:08:49", "elapsed": 3433.55, "delta": 0.004193}}
{"target": -13.758538331925818, "params": {"gamma": 888.4539311588169, "log10_alpha": 1.0, "log10_colsample_bytree": -0.6831528735048453, "log10_eta": -4.0, "log10_lambda": -5.0, "log10_min_child_weight": 5.0, "log10_subsample": -1.0, "max_depth": 8.0, "num_boost_round": 30.0}, "datetime": {"datetime": "2024-01-19 01:08:49", "elapsed": 3433.554186, "delta": 0.004186}}
{"target": -13.758538328635623, "params": {"gamma": 888.4539311588169, "log10_alpha": 1.0, "log10_colsample_bytree": -0.6831528735048453, "log10_eta": -4.0, "log10_lambda": -5.0, "log10_min_child_weight": 5.0, "log10_subsample": -1.0, "max_depth": 8.0, "num_boost_round": 31.0}, "datetime": {"datetime": "2024-01-19 01:08:49", "elapsed": 3433.558411, "delta": 0.004225}}
{"target": -13.758538344119845, "params": {"gamma": 888.4539311588169, "log10_alpha": 1.0, "log10_colsample_bytree": -0.6831528735048453, "log10_eta": -4.0, "log10_lambda": -5.0, "log10_min_child_weight": 5.0, "log10_subsample": -1.0, "max_depth": 8.0, "num_boost_round": 32.0}, "datetime": {"datetime": "2024-01-19 01:08:49", "elapsed": 3433.563433, "delta": 0.005022}}
{"target": -13.75853832374229, "params": {"gamma": 888.4539311588169, "log10_alpha": 1.0, "log10_colsample_bytree": -0.6831528735048453, "log10_eta": -4.0, "log10_lambda": -5.0, "log10_min_child_weight": 5.0, "log10_subsample": -1.0, "max_depth": 8.0, "num_boost_round": 33.0}, "datetime": {"datetime": "2024-01-19 01:08:49", "elapsed": 3433.56776, "delta": 0.004327}}
{"target": -13.758538326297387, "params": {"gamma": 888.4539311588169, "log10_alpha": 1.0, "log10_colsample_bytree": -0.6831528735048453, "log10_eta": -4.0, "log10_lambda": -5.0, "log10_min_child_weight": 5.0, "log10_subsample": -1.0, "max_depth": 8.0, "num_boost_round": 34.0}, "datetime": {"datetime": "2024-01-19 01:08:49", "elapsed": 3433.572555, "delta": 0.004795}}
{"target": -13.758538327883153, "params": {"gamma": 888.4539311588169, "log10_alpha": 1.0, "log10_colsample_bytree": -0.6831528735048453, "log10_eta": -4.0, "log10_lambda": -5.0, "log10_min_child_weight": 5.0, "log10_subsample": -1.0, "max_depth": 8.0, "num_boost_round": 35.0}, "datetime": {"datetime": "2024-01-19 01:08:49", "elapsed": 3433.577401, "delta": 0.004846}}
{"target": -13.758538353542164, "params": {"gamma": 888.4539311588169, "log10_alpha": 1.0, "log10_colsample_bytree": -0.6831528735048453, "log10_eta": -4.0, "log10_lambda": -5.0, "log10_min_child_weight": 5.0, "log10_subsample": -1.0, "max_depth": 8.0, "num_boost_round": 36.0}, "datetime": {"datetime": "2024-01-19 01:08:49", "elapsed": 3433.581741, "delta": 0.00434}}
{"target": -13.758538329376346, "params": {"gamma": 888.4539311588169, "log10_alpha": 1.0, "log10_colsample_bytree": -0.6831528735048453, "log10_eta": -4.0, "log10_lambda": -5.0, "log10_min_child_weight": 5.0, "log10_subsample": -1.0, "max_depth": 8.0, "num_boost_round": 37.0}, "datetime": {"datetime": "2024-01-19 01:08:49", "elapsed": 3433.586054, "delta": 0.004313}}
{"target": -13.758538358893478, "params": {"gamma": 888.4539311588169, "log10_alpha": 1.0, "log10_colsample_bytree": -0.6831528735048453, "log10_eta": -4.0, "log10_lambda": -5.0, "log10_min_child_weight": 5.0, "log10_subsample": -1.0, "max_depth": 8.0, "num_boost_round": 38.0}, "datetime": {"datetime": "2024-01-19 01:08:49", "elapsed": 3433.590286, "delta": 0.004232}}
{"target": -13.75853832374229, "params": {"gamma": 888.4539311588169, "log10_alpha": 1.0, "log10_colsample_bytree": -0.6831528735048453, "log10_eta": -4.0, "log10_lambda": -5.0, "log10_min_child_weight": 5.0, "log10_subsample": -1.0, "max_depth": 8.0, "num_boost_round": 39.0}, "datetime": {"datetime": "2024-01-19 01:08:49", "elapsed": 3433.594519, "delta": 0.004233}}
{"target": -13.758538351122358, "params": {"gamma": 888.4539311588169, "log10_alpha": 1.0, "log10_colsample_bytree": -0.6831528735048453, "log10_eta": -4.0, "log10_lambda": -5.0, "log10_min_child_weight": 5.0, "log10_subsample": -1.0, "max_depth": 8.0, "num_boost_round": 40.0}, "datetime": {"datetime": "2024-01-19 01:08:49", "elapsed": 3433.598779, "delta": 0.00426}}
{"target": -13.758538331137727, "params": {"gamma": 888.4539311588169, "log10_alpha": 1.0, "log10_colsample_bytree": -0.6831528735048453, "log10_eta": -4.0, "log10_lambda": -5.0, "log10_min_child_weight": 5.0, "log10_subsample": -1.0, "max_depth": 8.0, "num_boost_round": 41.0}, "datetime": {"datetime": "2024-01-19 01:08:49", "elapsed": 3433.603011, "delta": 0.004232}}
{"target": -13.75853834827677, "params": {"gamma": 888.4539311588169, "log10_alpha": 1.0, "log10_colsample_bytree": -0.6831528735048453, "log10_eta": -4.0, "log10_lambda": -5.0, "log10_min_child_weight": 5.0, "log10_subsample": -1.0, "max_depth": 8.0, "num_boost_round": 42.0}, "datetime": {"datetime": "2024-01-19 01:08:49", "elapsed": 3433.607328, "delta": 0.004317}}
