{"target": -18.032581219358782, "params": {"gamma": 544.5798836938906, "log10_alpha": 0.09883055267282526, "log10_colsample_bytree": -0.10162669000350655, "log10_eta": -0.4784263540582865, "log10_lambda": -2.55133111410143, "log10_min_child_weight": 3.0591105593821006, "log10_subsample": -0.6327950967976417, "max_depth": 4.0, "num_boost_round": 31.0}, "datetime": {"datetime": "2024-01-19 00:24:00", "elapsed": 737.793443, "delta": 0.001127}}
{"target": -18.034376196995083, "params": {"gamma": 544.5798836938906, "log10_alpha": 0.09883055267282526, "log10_colsample_bytree": -0.10162669000350655, "log10_eta": -0.4784263540582865, "log10_lambda": -2.55133111410143, "log10_min_child_weight": 3.0591105593821006, "log10_subsample": -0.6327950967976417, "max_depth": 4.0, "num_boost_round": 32.0}, "datetime": {"datetime": "2024-01-19 00:24:00", "elapsed": 737.794577, "delta": 0.001134}}
{"target": -18.03611614704363, "params": {"gamma": 544.5798836938906, "log10_alpha": 0.09883055267282526, "log10_colsample_bytree": -0.10162669000350655, "log10_eta": -0.4784263540582865, "log10_lambda": -2.55133111410143, "log10_min_child_weight": 3.0591105593821006, "log10_subsample": -0.6327950967976417, "max_depth": 4.0, "num_boost_round": 33.0}, "datetime": {"datetime": "2024-01-19 00:24:00", "elapsed": 737.795706, "delta": 0.001129}}
{"target": -18.04827975193495, "params": {"gamma": 544.5798836938906, "log10_alpha": 0.09883055267282526, "log10_colsample_bytree": -0.10162669000350655, "log10_eta": -0.4784263540582865, "log10_lambda": -2.55133111410143, "log10_min_child_weight": 3.0591105593821006, "log10_subsample": -0.6327950967976417, "max_depth": 4.0, "num_boost_round": 34.0}, "datetime": {"datetime": "2024-01-19 00:24:00", "elapsed": 737.796847, "delta": 0.001141}}
{"target": -18.060021140341718, "params": {"gamma": 544.5798836938906, "log10_alpha": 0.09883055267282526, "log10_colsample_bytree": -0.10162669000350655, "log10_eta": -0.4784263540582865, "log10_lambda": -2.55133111410143, "log10_min_child_weight": 3.0591105593821006, "log10_subsample": -0.6327950967976417, "max_depth": 4.0, "num_boost_round": 35.0}, "datetime": {"datetime": "2024-01-19 00:24:00", "elapsed": 737.797971, "delta": 0.001124}}
{"target": -18.07165463630423, "params": {"gamma": 544.5798836938906, "log10_alpha": 0.09883055267282526, "log10_colsample_bytree": -0.10162669000350655, "log10_eta": -0.4784263540582865, "log10_lambda": -2.55133111410143, "log10_min_child_weight": 3.0591105593821006, "log10_subsample": -0.6327950967976417, "max_depth": 4.0, "num_boost_round": 36.0}, "datetime": {"datetime": "2024-01-19 00:24:00", "elapsed": 737.79911, "delta": 0.001139}}
{"target": -18.080324014719356, "params": {"gamma": 544.5798836938906, "log10_alpha": 0.09883055267282526, "log10_colsample_bytree": -0.10162669000350655, "log10_eta": -0.4784263540582865, "log10_lambda": -2.55133111410143, "log10_min_child_weight": 3.0591105593821006, "log10_subsample": -0.6327950967976417, "max_depth": 4.0, "num_boost_round": 37.0}, "datetime": {"datetime": "2024-01-19 00:24:00", "elapsed": 737.800293, "delta": 0.001183}}
{"target": -18.091544006963414, "params": {"gamma": 544.5798836938906, "log10_alpha": 0.09883055267282526, "log10_colsample_bytree": -0.10162669000350655, "log10_eta": -0.4784263540582865, "log10_lambda": -2.55133111410143, "log10_min_child_weight": 3.0591105593821006, "log10_subsample": -0.6327950967976417, "max_depth": 4.0, "num_boost_round": 38.0}, "datetime": {"datetime": "2024-01-19 00:24:00", "elapsed": 737.801435, "delta": 0.001142}}
{"target": -18.101264251343483, "params": {"gamma": 544.5798836938906, "log10_alpha": 0.09883055267282526, "log10_colsample_bytree": -0.10162669000350655, "log10_eta": -0.4784263540582865, "log10_lambda": -2.55133111410143, "log10_min_child_weight": 3.0591105593821006, "log10_subsample": -0.6327950967976417, "max_depth": 4.0, "num_boost_round": 39.0}, "datetime": {"datetime": "2024-01-19 00:24:00", "elapsed": 737.802571, "delta": 0.001136}}
{"target": -18.09674433945998, "params": {"gamma": 544.5798836938906, "log10_alpha": 0.09883055267282526, "log10_colsample_bytree": -0.10162669000350655, "log10_eta": -0.4784263540582865, "log10_lambda": -2.55133111410143, "log10_min_child_weight": 3.0591105593821006, "log10_subsample": -0.6327950967976417, "max_depth": 4.0, "num_boost_round": 40.0}, "datetime": {"datetime": "2024-01-19 00:24:00", "elapsed": 737.803715, "delta": 0.001144}}
{"target": -18.106248760590436, "params": {"gamma": 544.5798836938906, "log10_alpha": 0.09883055267282526, "log10_colsample_bytree": -0.10162669000350655, "log10_eta": -0.4784263540582865, "log10_lambda": -2.55133111410143, "log10_min_child_weight": 3.0591105593821006, "log10_subsample": -0.6327950967976417, "max_depth": 4.0, "num_boost_round": 41.0}, "datetime": {"datetime": "2024-01-19 00:24:00", "elapsed": 737.804866, "delta": 0.001151}}
{"target": -18.164738897348794, "params": {"gamma": 544.5798836938906, "log10_alpha": 0.09883055267282526, "log10_colsample_bytree": -0.10162669000350655, "log10_eta": -0.4784263540582865, "log10_lambda": -2.55133111410143, "log10_min_child_weight": 3.0591105593821006, "log10_subsample": -0.6327950967976417, "max_depth": 4.0, "num_boost_round": 42.0}, "datetime": {"datetime": "2024-01-19 00:24:00", "elapsed": 737.806021, "delta": 0.001155}}
{"target": -17.677225691433833, "params": {"gamma": 536.3034745368003, "log10_alpha": -2.535567279417099, "log10_colsample_bytree": -0.2553628979690168, "log10_eta": -3.924695078710743, "log10_lambda": -4.236178673655509, "log10_min_child_weight": 1.0456183624133342, "log10_subsample": -0.10575893548314341, "max_depth": 7.0, "num_boost_round": 0.0}, "datetime": {"datetime": "2024-01-19 00:24:21", "elapsed": 758.874643, "delta": 21.068622}}
{"target": -17.677216969705665, "params": {"gamma": 536.3034745368003, "log10_alpha": -2.535567279417099, "log10_colsample_bytree": -0.2553628979690168, "log10_eta": -3.924695078710743, "log10_lambda": -4.236178673655509, "log10_min_child_weight": 1.0456183624133342, "log10_subsample": -0.10575893548314341, "max_depth": 7.0, "num_boost_round": 1.0}, "datetime": {"datetime": "2024-01-19 00:24:21", "elapsed": 758.876265, "delta": 0.001622}}
{"target": -17.67721125390424, "params": {"gamma": 536.3034745368003, "log10_alpha": -2.535567279417099, "log10_colsample_bytree": -0.2553628979690168, "log10_eta": -3.924695078710743, "log10_lambda": -4.236178673655509, "log10_min_child_weight": 1.0456183624133342, "log10_subsample": -0.10575893548314341, "max_depth": 7.0, "num_boost_round": 2.0}, "datetime": {"datetime": "2024-01-19 00:24:21", "elapsed": 758.877574, "delta": 0.001309}}
{"target": -17.677209140909223, "params": {"gamma": 536.3034745368003, "log10_alpha": -2.535567279417099, "log10_colsample_bytree": -0.2553628979690168, "log10_eta": -3.924695078710743, "log10_lambda": -4.236178673655509, "log10_min_child_weight": 1.0456183624133342, "log10_subsample": -0.10575893548314341, "max_depth": 7.0, "num_boost_round": 3.0}, "datetime": {"datetime": "2024-01-19 00:24:21", "elapsed": 758.878741, "delta": 0.001167}}
{"target": -17.677202661370416, "params": {"gamma": 536.3034745368003, "log10_alpha": -2.535567279417099, "log10_colsample_bytree": -0.2553628979690168, "log10_eta": -3.924695078710743, "log10_lambda": -4.236178673655509, "log10_min_child_weight": 1.0456183624133342, "log10_subsample": -0.10575893548314341, "max_depth": 7.0, "num_boost_round": 4.0}, "datetime": {"datetime": "2024-01-19 00:24:21", "elapsed": 758.880031, "delta": 0.00129}}
{"target": -17.677191225396154, "params": {"gamma": 536.3034745368003, "log10_alpha": -2.535567279417099, "log10_colsample_bytree": -0.2553628979690168, "log10_eta": -3.924695078710743, "log10_lambda": -4.236178673655509, "log10_min_child_weight": 1.0456183624133342, "log10_subsample": -0.10575893548314341, "max_depth": 7.0, "num_boost_round": 5.0}, "datetime": {"datetime": "2024-01-19 00:24:21", "elapsed": 758.881396, "delta": 0.001365}}
{"target": -17.677186208682382, "params": {"gamma": 536.3034745368003, "log10_alpha": -2.535567279417099, "log10_colsample_bytree": -0.2553628979690168, "log10_eta": -3.924695078710743, "log10_lambda": -4.236178673655509, "log10_min_child_weight": 1.0456183624133342, "log10_subsample": -0.10575893548314341, "max_depth": 7.0, "num_boost_round": 6.0}, "datetime": {"datetime": "2024-01-19 00:24:21", "elapsed": 758.882659, "delta": 0.001263}}
{"target": -17.6771730624073, "params": {"gamma": 536.3034745368003, "log10_alpha": -2.535567279417099, "log10_colsample_bytree": -0.2553628979690168, "log10_eta": -3.924695078710743, "log10_lambda": -4.236178673655509, "log10_min_child_weight": 1.0456183624133342, "log10_subsample": -0.10575893548314341, "max_depth": 7.0, "num_boost_round": 7.0}, "datetime": {"datetime": "2024-01-19 00:24:21", "elapsed": 758.883829, "delta": 0.00117}}
{"target": -17.6771613414888, "params": {"gamma": 536.3034745368003, "log10_alpha": -2.535567279417099, "log10_colsample_bytree": -0.2553628979690168, "log10_eta": -3.924695078710743, "log10_lambda": -4.236178673655509, "log10_min_child_weight": 1.0456183624133342, "log10_subsample": -0.10575893548314341, "max_depth": 7.0, "num_boost_round": 8.0}, "datetime": {"datetime": "2024-01-19 00:24:21", "elapsed": 758.885256, "delta": 0.001427}}
{"target": -17.677149507914525, "params": {"gamma": 536.3034745368003, "log10_alpha": -2.535567279417099, "log10_colsample_bytree": -0.2553628979690168, "log10_eta": -3.924695078710743, "log10_lambda": -4.236178673655509, "log10_min_child_weight": 1.0456183624133342, "log10_subsample": -0.10575893548314341, "max_depth": 7.0, "num_boost_round": 9.0}, "datetime": {"datetime": "2024-01-19 00:24:21", "elapsed": 758.886432, "delta": 0.001176}}
{"target": -17.677140871931055, "params": {"gamma": 536.3034745368003, "log10_alpha": -2.535567279417099, "log10_colsample_bytree": -0.2553628979690168, "log10_eta": -3.924695078710743, "log10_lambda": -4.236178673655509, "log10_min_child_weight": 1.0456183624133342, "log10_subsample": -0.10575893548314341, "max_depth": 7.0, "num_boost_round": 10.0}, "datetime": {"datetime": "2024-01-19 00:24:21", "elapsed": 758.887644, "delta": 0.001212}}
{"target": -17.677135952905612, "params": {"gamma": 536.3034745368003, "log10_alpha": -2.535567279417099, "log10_colsample_bytree": -0.2553628979690168, "log10_eta": -3.924695078710743, "log10_lambda": -4.236178673655509, "log10_min_child_weight": 1.0456183624133342, "log10_subsample": -0.10575893548314341, "max_depth": 7.0, "num_boost_round": 11.0}, "datetime": {"datetime": "2024-01-19 00:24:21", "elapsed": 758.888871, "delta": 0.001227}}
{"target": -17.677132208968427, "params": {"gamma": 536.3034745368003, "log10_alpha": -2.535567279417099, "log10_colsample_bytree": -0.2553628979690168, "log10_eta": -3.924695078710743, "log10_lambda": -4.236178673655509, "log10_min_child_weight": 1.0456183624133342, "log10_subsample": -0.10575893548314341, "max_depth": 7.0, "num_boost_round": 12.0}, "datetime": {"datetime": "2024-01-19 00:24:21", "elapsed": 758.890069, "delta": 0.001198}}
{"target": -17.677195871425244, "params": {"gamma": 553.0852497171561, "log10_alpha": -1.3034593480078893, "log10_colsample_bytree": -0.5746499274975782, "log10_eta": -2.586634010822278, "log10_lambda": -3.9943007672478137, "log10_min_child_weight": 0.21504661047785756, "log10_subsample": -0.6927030534352558, "max_depth": 4.0, "num_boost_round": 0.0}, "datetime": {"datetime": "2024-01-19 00:24:47", "elapsed": 785.29397, "delta": 26.403901}}
{"target": -17.677073760546154, "params": {"gamma": 553.0852497171561, "log10_alpha": -1.3034593480078893, "log10_colsample_bytree": -0.5746499274975782, "log10_eta": -2.586634010822278, "log10_lambda": -3.9943007672478137, "log10_min_child_weight": 0.21504661047785756, "log10_subsample": -0.6927030534352558, "max_depth": 4.0, "num_boost_round": 1.0}, "datetime": {"datetime": "2024-01-19 00:24:47", "elapsed": 785.295297, "delta": 0.001327}}
{"target": -17.676940601832754, "params": {"gamma": 553.0852497171561, "log10_alpha": -1.3034593480078893, "log10_colsample_bytree": -0.5746499274975782, "log10_eta": -2.586634010822278, "log10_lambda": -3.9943007672478137, "log10_min_child_weight": 0.21504661047785756, "log10_subsample": -0.6927030534352558, "max_depth": 4.0, "num_boost_round": 2.0}, "datetime": {"datetime": "2024-01-19 00:24:47", "elapsed": 785.296487, "delta": 0.00119}}
{"target": -17.676899324255505, "params": {"gamma": 553.0852497171561, "log10_alpha": -1.3034593480078893, "log10_colsample_bytree": -0.5746499274975782, "log10_eta": -2.586634010822278, "log10_lambda": -3.9943007672478137, "log10_min_child_weight": 0.21504661047785756, "log10_subsample": -0.6927030534352558, "max_depth": 4.0, "num_boost_round": 3.0}, "datetime": {"datetime": "2024-01-19 00:24:47", "elapsed": 785.29765, "delta": 0.001163}}
{"target": -17.676844192038974, "params": {"gamma": 553.0852497171561, "log10_alpha": -1.3034593480078893, "log10_colsample_bytree": -0.5746499274975782, "log10_eta": -2.586634010822278, "log10_lambda": -3.9943007672478137, "log10_min_child_weight": 0.21504661047785756, "log10_subsample": -0.6927030534352558, "max_depth": 4.0, "num_boost_round": 4.0}, "datetime": {"datetime": "2024-01-19 00:24:47", "elapsed": 785.299107, "delta": 0.001457}}
{"target": -17.676738403753088, "params": {"gamma": 553.0852497171561, "log10_alpha": -1.3034593480078893, "log10_colsample_bytree": -0.5746499274975782, "log10_eta": -2.586634010822278, "log10_lambda": -3.9943007672478137, "log10_min_child_weight": 0.21504661047785756, "log10_subsample": -0.6927030534352558, "max_depth": 4.0, "num_boost_round": 5.0}, "datetime": {"datetime": "2024-01-19 00:24:47", "elapsed": 785.300296, "delta": 0.001189}}
{"target": -17.676647060485507, "params": {"gamma": 553.0852497171561, "log10_alpha": -1.3034593480078893, "log10_colsample_bytree": -0.5746499274975782, "log10_eta": -2.586634010822278, "log10_lambda": -3.9943007672478137, "log10_min_child_weight": 0.21504661047785756, "log10_subsample": -0.6927030534352558, "max_depth": 4.0, "num_boost_round": 6.0}, "datetime": {"datetime": "2024-01-19 00:24:47", "elapsed": 785.301468, "delta": 0.001172}}
{"target": -17.676596691291447, "params": {"gamma": 553.0852497171561, "log10_alpha": -1.3034593480078893, "log10_colsample_bytree": -0.5746499274975782, "log10_eta": -2.586634010822278, "log10_lambda": -3.9943007672478137, "log10_min_child_weight": 0.21504661047785756, "log10_subsample": -0.6927030534352558, "max_depth": 4.0, "num_boost_round": 7.0}, "datetime": {"datetime": "2024-01-19 00:24:47", "elapsed": 785.302631, "delta": 0.001163}}
{"target": -17.67652588950247, "params": {"gamma": 553.0852497171561, "log10_alpha": -1.3034593480078893, "log10_colsample_bytree": -0.5746499274975782, "log10_eta": -2.586634010822278, "log10_lambda": -3.9943007672478137, "log10_min_child_weight": 0.21504661047785756, "log10_subsample": -0.6927030534352558, "max_depth": 4.0, "num_boost_round": 8.0}, "datetime": {"datetime": "2024-01-19 00:24:47", "elapsed": 785.303819, "delta": 0.001188}}
{"target": -17.676417352965302, "params": {"gamma": 553.0852497171561, "log10_alpha": -1.3034593480078893, "log10_colsample_bytree": -0.5746499274975782, "log10_eta": -2.586634010822278, "log10_lambda": -3.9943007672478137, "log10_min_child_weight": 0.21504661047785756, "log10_subsample": -0.6927030534352558, "max_depth": 4.0, "num_boost_round": 9.0}, "datetime": {"datetime": "2024-01-19 00:24:47", "elapsed": 785.304992, "delta": 0.001173}}
{"target": -17.67632906471267, "params": {"gamma": 553.0852497171561, "log10_alpha": -1.3034593480078893, "log10_colsample_bytree": -0.5746499274975782, "log10_eta": -2.586634010822278, "log10_lambda": -3.9943007672478137, "log10_min_child_weight": 0.21504661047785756, "log10_subsample": -0.6927030534352558, "max_depth": 4.0, "num_boost_round": 10.0}, "datetime": {"datetime": "2024-01-19 00:24:47", "elapsed": 785.306163, "delta": 0.001171}}
{"target": -17.676362070120504, "params": {"gamma": 553.0852497171561, "log10_alpha": -1.3034593480078893, "log10_colsample_bytree": -0.5746499274975782, "log10_eta": -2.586634010822278, "log10_lambda": -3.9943007672478137, "log10_min_child_weight": 0.21504661047785756, "log10_subsample": -0.6927030534352558, "max_depth": 4.0, "num_boost_round": 11.0}, "datetime": {"datetime": "2024-01-19 00:24:47", "elapsed": 785.307329, "delta": 0.001166}}
{"target": -17.67629608330043, "params": {"gamma": 553.0852497171561, "log10_alpha": -1.3034593480078893, "log10_colsample_bytree": -0.5746499274975782, "log10_eta": -2.586634010822278, "log10_lambda": -3.9943007672478137, "log10_min_child_weight": 0.21504661047785756, "log10_subsample": -0.6927030534352558, "max_depth": 4.0, "num_boost_round": 12.0}, "datetime": {"datetime": "2024-01-19 00:24:47", "elapsed": 785.308499, "delta": 0.00117}}
{"target": -17.676140463511114, "params": {"gamma": 553.0852497171561, "log10_alpha": -1.3034593480078893, "log10_colsample_bytree": -0.5746499274975782, "log10_eta": -2.586634010822278, "log10_lambda": -3.9943007672478137, "log10_min_child_weight": 0.21504661047785756, "log10_subsample": -0.6927030534352558, "max_depth": 4.0, "num_boost_round": 13.0}, "datetime": {"datetime": "2024-01-19 00:24:47", "elapsed": 785.309668, "delta": 0.001169}}
{"target": -17.67615994084853, "params": {"gamma": 553.0852497171561, "log10_alpha": -1.3034593480078893, "log10_colsample_bytree": -0.5746499274975782, "log10_eta": -2.586634010822278, "log10_lambda": -3.9943007672478137, "log10_min_child_weight": 0.21504661047785756, "log10_subsample": -0.6927030534352558, "max_depth": 4.0, "num_boost_round": 14.0}, "datetime": {"datetime": "2024-01-19 00:24:47", "elapsed": 785.310857, "delta": 0.001189}}
{"target": -17.67610555171545, "params": {"gamma": 553.0852497171561, "log10_alpha": -1.3034593480078893, "log10_colsample_bytree": -0.5746499274975782, "log10_eta": -2.586634010822278, "log10_lambda": -3.9943007672478137, "log10_min_child_weight": 0.21504661047785756, "log10_subsample": -0.6927030534352558, "max_depth": 4.0, "num_boost_round": 15.0}, "datetime": {"datetime": "2024-01-19 00:24:47", "elapsed": 785.312029, "delta": 0.001172}}
{"target": -17.67602588187478, "params": {"gamma": 553.0852497171561, "log10_alpha": -1.3034593480078893, "log10_colsample_bytree": -0.5746499274975782, "log10_eta": -2.586634010822278, "log10_lambda": -3.9943007672478137, "log10_min_child_weight": 0.21504661047785756, "log10_subsample": -0.6927030534352558, "max_depth": 4.0, "num_boost_round": 16.0}, "datetime": {"datetime": "2024-01-19 00:24:47", "elapsed": 785.313217, "delta": 0.001188}}
{"target": -17.676025008653014, "params": {"gamma": 553.0852497171561, "log10_alpha": -1.3034593480078893, "log10_colsample_bytree": -0.5746499274975782, "log10_eta": -2.586634010822278, "log10_lambda": -3.9943007672478137, "log10_min_child_weight": 0.21504661047785756, "log10_subsample": -0.6927030534352558, "max_depth": 4.0, "num_boost_round": 17.0}, "datetime": {"datetime": "2024-01-19 00:24:47", "elapsed": 785.314394, "delta": 0.001177}}
{"target": -17.676034054232623, "params": {"gamma": 553.0852497171561, "log10_alpha": -1.3034593480078893, "log10_colsample_bytree": -0.5746499274975782, "log10_eta": -2.586634010822278, "log10_lambda": -3.9943007672478137, "log10_min_child_weight": 0.21504661047785756, "log10_subsample": -0.6927030534352558, "max_depth": 4.0, "num_boost_round": 18.0}, "datetime": {"datetime": "2024-01-19 00:24:47", "elapsed": 785.31557, "delta": 0.001176}}
{"target": -17.675980492230245, "params": {"gamma": 553.0852497171561, "log10_alpha": -1.3034593480078893, "log10_colsample_bytree": -0.5746499274975782, "log10_eta": -2.586634010822278, "log10_lambda": -3.9943007672478137, "log10_min_child_weight": 0.21504661047785756, "log10_subsample": -0.6927030534352558, "max_depth": 4.0, "num_boost_round": 19.0}, "datetime": {"datetime": "2024-01-19 00:24:47", "elapsed": 785.316771, "delta": 0.001201}}
{"target": -17.6758525585428, "params": {"gamma": 553.0852497171561, "log10_alpha": -1.3034593480078893, "log10_colsample_bytree": -0.5746499274975782, "log10_eta": -2.586634010822278, "log10_lambda": -3.9943007672478137, "log10_min_child_weight": 0.21504661047785756, "log10_subsample": -0.6927030534352558, "max_depth": 4.0, "num_boost_round": 20.0}, "datetime": {"datetime": "2024-01-19 00:24:47", "elapsed": 785.31863, "delta": 0.001859}}
{"target": -17.67575772506141, "params": {"gamma": 553.0852497171561, "log10_alpha": -1.3034593480078893, "log10_colsample_bytree": -0.5746499274975782, "log10_eta": -2.586634010822278, "log10_lambda": -3.9943007672478137, "log10_min_child_weight": 0.21504661047785756, "log10_subsample": -0.6927030534352558, "max_depth": 4.0, "num_boost_round": 21.0}, "datetime": {"datetime": "2024-01-19 00:24:47", "elapsed": 785.3199, "delta": 0.00127}}
{"target": -17.675597387372132, "params": {"gamma": 553.0852497171561, "log10_alpha": -1.3034593480078893, "log10_colsample_bytree": -0.5746499274975782, "log10_eta": -2.586634010822278, "log10_lambda": -3.9943007672478137, "log10_min_child_weight": 0.21504661047785756, "log10_subsample": -0.6927030534352558, "max_depth": 4.0, "num_boost_round": 22.0}, "datetime": {"datetime": "2024-01-19 00:24:47", "elapsed": 785.321114, "delta": 0.001214}}
{"target": -17.67543949701314, "params": {"gamma": 553.0852497171561, "log10_alpha": -1.3034593480078893, "log10_colsample_bytree": -0.5746499274975782, "log10_eta": -2.586634010822278, "log10_lambda": -3.9943007672478137, "log10_min_child_weight": 0.21504661047785756, "log10_subsample": -0.6927030534352558, "max_depth": 4.0, "num_boost_round": 23.0}, "datetime": {"datetime": "2024-01-19 00:24:47", "elapsed": 785.322323, "delta": 0.001209}}
