{"target": -17.676360526760575, "params": {"gamma": 420.2595553629785, "log10_alpha": -2.0194250265421445, "log10_colsample_bytree": -0.6216200978194285, "log10_eta": -1.530915915987456, "log10_lambda": -3.489808285768599, "log10_min_child_weight": 4.09831160765327, "log10_subsample": -0.33540875792971414, "max_depth": 7.0, "num_boost_round": 14.0}, "datetime": {"datetime": "2024-01-19 00:59:09", "elapsed": 2854.101154, "delta": 0.002339}}
{"target": -17.676242713613693, "params": {"gamma": 420.2595553629785, "log10_alpha": -2.0194250265421445, "log10_colsample_bytree": -0.6216200978194285, "log10_eta": -1.530915915987456, "log10_lambda": -3.489808285768599, "log10_min_child_weight": 4.09831160765327, "log10_subsample": -0.33540875792971414, "max_depth": 7.0, "num_boost_round": 15.0}, "datetime": {"datetime": "2024-01-19 00:59:09", "elapsed": 2854.103551, "delta": 0.002397}}
{"target": -17.676577910432545, "params": {"gamma": 420.2595553629785, "log10_alpha": -2.0194250265421445, "log10_colsample_bytree": -0.6216200978194285, "log10_eta": -1.530915915987456, "log10_lambda": -3.489808285768599, "log10_min_child_weight": 4.09831160765327, "log10_subsample": -0.33540875792971414, "max_depth": 7.0, "num_boost_round": 16.0}, "datetime": {"datetime": "2024-01-19 00:59:09", "elapsed": 2854.105896, "delta": 0.002345}}
{"target": -17.67734813059563, "params": {"gamma": 420.2595553629785, "log10_alpha": -2.0194250265421445, "log10_colsample_bytree": -0.6216200978194285, "log10_eta": -1.530915915987456, "log10_lambda": -3.489808285768599, "log10_min_child_weight": 4.09831160765327, "log10_subsample": -0.33540875792971414, "max_depth": 7.0, "num_boost_round": 17.0}, "datetime": {"datetime": "2024-01-19 00:59:09", "elapsed": 2854.108254, "delta": 0.002358}}
{"target": -17.67744248577664, "params": {"gamma": 420.2595553629785, "log10_alpha": -2.0194250265421445, "log10_colsample_bytree": -0.6216200978194285, "log10_eta": -1.530915915987456, "log10_lambda": -3.489808285768599, "log10_min_child_weight": 4.09831160765327, "log10_subsample": -0.33540875792971414, "max_depth": 7.0, "num_boost_round": 18.0}, "datetime": {"datetime": "2024-01-19 00:59:09", "elapsed": 2854.110743, "delta": 0.002489}}
{"target": -17.676918824383304, "params": {"gamma": 420.2595553629785, "log10_alpha": -2.0194250265421445, "log10_colsample_bytree": -0.6216200978194285, "log10_eta": -1.530915915987456, "log10_lambda": -3.489808285768599, "log10_min_child_weight": 4.09831160765327, "log10_subsample": -0.33540875792971414, "max_depth": 7.0, "num_boost_round": 19.0}, "datetime": {"datetime": "2024-01-19 00:59:09", "elapsed": 2854.113105, "delta": 0.002362}}
{"target": -17.676852113163786, "params": {"gamma": 420.2595553629785, "log10_alpha": -2.0194250265421445, "log10_colsample_bytree": -0.6216200978194285, "log10_eta": -1.530915915987456, "log10_lambda": -3.489808285768599, "log10_min_child_weight": 4.09831160765327, "log10_subsample": -0.33540875792971414, "max_depth": 7.0, "num_boost_round": 20.0}, "datetime": {"datetime": "2024-01-19 00:59:09", "elapsed": 2854.115573, "delta": 0.002468}}
{"target": -17.677547876950488, "params": {"gamma": 420.2595553629785, "log10_alpha": -2.0194250265421445, "log10_colsample_bytree": -0.6216200978194285, "log10_eta": -1.530915915987456, "log10_lambda": -3.489808285768599, "log10_min_child_weight": 4.09831160765327, "log10_subsample": -0.33540875792971414, "max_depth": 7.0, "num_boost_round": 21.0}, "datetime": {"datetime": "2024-01-19 00:59:09", "elapsed": 2854.11794, "delta": 0.002367}}
{"target": -17.67706044584259, "params": {"gamma": 420.2595553629785, "log10_alpha": -2.0194250265421445, "log10_colsample_bytree": -0.6216200978194285, "log10_eta": -1.530915915987456, "log10_lambda": -3.489808285768599, "log10_min_child_weight": 4.09831160765327, "log10_subsample": -0.33540875792971414, "max_depth": 7.0, "num_boost_round": 22.0}, "datetime": {"datetime": "2024-01-19 00:59:09", "elapsed": 2854.12028, "delta": 0.00234}}
{"target": -17.67723086890629, "params": {"gamma": 441.20404117169363, "log10_alpha": -0.23445438493853743, "log10_colsample_bytree": -0.07450901629527429, "log10_eta": -3.819640604768467, "log10_lambda": 0.9817480793648805, "log10_min_child_weight": 3.3405905497939017, "log10_subsample": -0.6783870547322339, "max_depth": 6.0, "num_boost_round": 0.0}, "datetime": {"datetime": "2024-01-19 00:59:50", "elapsed": 2894.838765, "delta": 40.718485}}
{"target": -17.677228503805903, "params": {"gamma": 441.20404117169363, "log10_alpha": -0.23445438493853743, "log10_colsample_bytree": -0.07450901629527429, "log10_eta": -3.819640604768467, "log10_lambda": 0.9817480793648805, "log10_min_child_weight": 3.3405905497939017, "log10_subsample": -0.6783870547322339, "max_depth": 6.0, "num_boost_round": 1.0}, "datetime": {"datetime": "2024-01-19 00:59:50", "elapsed": 2894.8414, "delta": 0.002635}}
{"target": -17.67722582159507, "params": {"gamma": 441.20404117169363, "log10_alpha": -0.23445438493853743, "log10_colsample_bytree": -0.07450901629527429, "log10_eta": -3.819640604768467, "log10_lambda": 0.9817480793648805, "log10_min_child_weight": 3.3405905497939017, "log10_subsample": -0.6783870547322339, "max_depth": 6.0, "num_boost_round": 2.0}, "datetime": {"datetime": "2024-01-19 00:59:50", "elapsed": 2894.843833, "delta": 0.002433}}
{"target": -17.677219753756678, "params": {"gamma": 441.20404117169363, "log10_alpha": -0.23445438493853743, "log10_colsample_bytree": -0.07450901629527429, "log10_eta": -3.819640604768467, "log10_lambda": 0.9817480793648805, "log10_min_child_weight": 3.3405905497939017, "log10_subsample": -0.6783870547322339, "max_depth": 6.0, "num_boost_round": 3.0}, "datetime": {"datetime": "2024-01-19 00:59:50", "elapsed": 2894.846344, "delta": 0.002511}}
{"target": -17.677211954980457, "params": {"gamma": 441.20404117169363, "log10_alpha": -0.23445438493853743, "log10_colsample_bytree": -0.07450901629527429, "log10_eta": -3.819640604768467, "log10_lambda": 0.9817480793648805, "log10_min_child_weight": 3.3405905497939017, "log10_subsample": -0.6783870547322339, "max_depth": 6.0, "num_boost_round": 4.0}, "datetime": {"datetime": "2024-01-19 00:59:50", "elapsed": 2894.848703, "delta": 0.002359}}
{"target": -17.67720883305853, "params": {"gamma": 441.20404117169363, "log10_alpha": -0.23445438493853743, "log10_colsample_bytree": -0.07450901629527429, "log10_eta": -3.819640604768467, "log10_lambda": 0.9817480793648805, "log10_min_child_weight": 3.3405905497939017, "log10_subsample": -0.6783870547322339, "max_depth": 6.0, "num_boost_round": 5.0}, "datetime": {"datetime": "2024-01-19 00:59:50", "elapsed": 2894.851105, "delta": 0.002402}}
{"target": -17.677203302293773, "params": {"gamma": 441.20404117169363, "log10_alpha": -0.23445438493853743, "log10_colsample_bytree": -0.07450901629527429, "log10_eta": -3.819640604768467, "log10_lambda": 0.9817480793648805, "log10_min_child_weight": 3.3405905497939017, "log10_subsample": -0.6783870547322339, "max_depth": 6.0, "num_boost_round": 6.0}, "datetime": {"datetime": "2024-01-19 00:59:50", "elapsed": 2894.853589, "delta": 0.002484}}
{"target": -17.67719815750552, "params": {"gamma": 441.20404117169363, "log10_alpha": -0.23445438493853743, "log10_colsample_bytree": -0.07450901629527429, "log10_eta": -3.819640604768467, "log10_lambda": 0.9817480793648805, "log10_min_child_weight": 3.3405905497939017, "log10_subsample": -0.6783870547322339, "max_depth": 6.0, "num_boost_round": 7.0}, "datetime": {"datetime": "2024-01-19 00:59:50", "elapsed": 2894.855929, "delta": 0.00234}}
{"target": -17.67718815732256, "params": {"gamma": 441.20404117169363, "log10_alpha": -0.23445438493853743, "log10_colsample_bytree": -0.07450901629527429, "log10_eta": -3.819640604768467, "log10_lambda": 0.9817480793648805, "log10_min_child_weight": 3.3405905497939017, "log10_subsample": -0.6783870547322339, "max_depth": 6.0, "num_boost_round": 8.0}, "datetime": {"datetime": "2024-01-19 00:59:50", "elapsed": 2894.85827, "delta": 0.002341}}
{"target": -17.677178560946082, "params": {"gamma": 441.20404117169363, "log10_alpha": -0.23445438493853743, "log10_colsample_bytree": -0.07450901629527429, "log10_eta": -3.819640604768467, "log10_lambda": 0.9817480793648805, "log10_min_child_weight": 3.3405905497939017, "log10_subsample": -0.6783870547322339, "max_depth": 6.0, "num_boost_round": 9.0}, "datetime": {"datetime": "2024-01-19 00:59:50", "elapsed": 2894.860646, "delta": 0.002376}}
{"target": -17.677173655982678, "params": {"gamma": 441.20404117169363, "log10_alpha": -0.23445438493853743, "log10_colsample_bytree": -0.07450901629527429, "log10_eta": -3.819640604768467, "log10_lambda": 0.9817480793648805, "log10_min_child_weight": 3.3405905497939017, "log10_subsample": -0.6783870547322339, "max_depth": 6.0, "num_boost_round": 10.0}, "datetime": {"datetime": "2024-01-19 00:59:50", "elapsed": 2894.863042, "delta": 0.002396}}
{"target": -17.677172316050786, "params": {"gamma": 441.20404117169363, "log10_alpha": -0.23445438493853743, "log10_colsample_bytree": -0.07450901629527429, "log10_eta": -3.819640604768467, "log10_lambda": 0.9817480793648805, "log10_min_child_weight": 3.3405905497939017, "log10_subsample": -0.6783870547322339, "max_depth": 6.0, "num_boost_round": 11.0}, "datetime": {"datetime": "2024-01-19 00:59:50", "elapsed": 2894.865405, "delta": 0.002363}}
{"target": -17.677171032462937, "params": {"gamma": 441.20404117169363, "log10_alpha": -0.23445438493853743, "log10_colsample_bytree": -0.07450901629527429, "log10_eta": -3.819640604768467, "log10_lambda": 0.9817480793648805, "log10_min_child_weight": 3.3405905497939017, "log10_subsample": -0.6783870547322339, "max_depth": 6.0, "num_boost_round": 12.0}, "datetime": {"datetime": "2024-01-19 00:59:50", "elapsed": 2894.867775, "delta": 0.00237}}
{"target": -17.677165547129796, "params": {"gamma": 441.20404117169363, "log10_alpha": -0.23445438493853743, "log10_colsample_bytree": -0.07450901629527429, "log10_eta": -3.819640604768467, "log10_lambda": 0.9817480793648805, "log10_min_child_weight": 3.3405905497939017, "log10_subsample": -0.6783870547322339, "max_depth": 6.0, "num_boost_round": 13.0}, "datetime": {"datetime": "2024-01-19 00:59:50", "elapsed": 2894.870181, "delta": 0.002406}}
{"target": -17.677163116749057, "params": {"gamma": 441.20404117169363, "log10_alpha": -0.23445438493853743, "log10_colsample_bytree": -0.07450901629527429, "log10_eta": -3.819640604768467, "log10_lambda": 0.9817480793648805, "log10_min_child_weight": 3.3405905497939017, "log10_subsample": -0.6783870547322339, "max_depth": 6.0, "num_boost_round": 14.0}, "datetime": {"datetime": "2024-01-19 00:59:50", "elapsed": 2894.872607, "delta": 0.002426}}
{"target": -17.677160338440547, "params": {"gamma": 441.20404117169363, "log10_alpha": -0.23445438493853743, "log10_colsample_bytree": -0.07450901629527429, "log10_eta": -3.819640604768467, "log10_lambda": 0.9817480793648805, "log10_min_child_weight": 3.3405905497939017, "log10_subsample": -0.6783870547322339, "max_depth": 6.0, "num_boost_round": 15.0}, "datetime": {"datetime": "2024-01-19 00:59:50", "elapsed": 2894.875174, "delta": 0.002567}}
{"target": -17.677155108613665, "params": {"gamma": 441.20404117169363, "log10_alpha": -0.23445438493853743, "log10_colsample_bytree": -0.07450901629527429, "log10_eta": -3.819640604768467, "log10_lambda": 0.9817480793648805, "log10_min_child_weight": 3.3405905497939017, "log10_subsample": -0.6783870547322339, "max_depth": 6.0, "num_boost_round": 16.0}, "datetime": {"datetime": "2024-01-19 00:59:50", "elapsed": 2894.877703, "delta": 0.002529}}
{"target": -17.67715379903546, "params": {"gamma": 441.20404117169363, "log10_alpha": -0.23445438493853743, "log10_colsample_bytree": -0.07450901629527429, "log10_eta": -3.819640604768467, "log10_lambda": 0.9817480793648805, "log10_min_child_weight": 3.3405905497939017, "log10_subsample": -0.6783870547322339, "max_depth": 6.0, "num_boost_round": 17.0}, "datetime": {"datetime": "2024-01-19 00:59:50", "elapsed": 2894.880186, "delta": 0.002483}}
{"target": -17.677151114562893, "params": {"gamma": 441.20404117169363, "log10_alpha": -0.23445438493853743, "log10_colsample_bytree": -0.07450901629527429, "log10_eta": -3.819640604768467, "log10_lambda": 0.9817480793648805, "log10_min_child_weight": 3.3405905497939017, "log10_subsample": -0.6783870547322339, "max_depth": 6.0, "num_boost_round": 18.0}, "datetime": {"datetime": "2024-01-19 00:59:50", "elapsed": 2894.882654, "delta": 0.002468}}
{"target": -17.67723124487799, "params": {"gamma": 432.2010808936062, "log10_alpha": -4.748991924767504, "log10_colsample_bytree": -0.3198674907727377, "log10_eta": -3.856602873233975, "log10_lambda": -2.0766308289634505, "log10_min_child_weight": 0.2661986931682392, "log10_subsample": -0.881095490650466, "max_depth": 6.0, "num_boost_round": 0.0}, "datetime": {"datetime": "2024-01-19 01:00:25", "elapsed": 2929.585897, "delta": 34.703243}}
{"target": -17.677222126160803, "params": {"gamma": 432.2010808936062, "log10_alpha": -4.748991924767504, "log10_colsample_bytree": -0.3198674907727377, "log10_eta": -3.856602873233975, "log10_lambda": -2.0766308289634505, "log10_min_child_weight": 0.2661986931682392, "log10_subsample": -0.881095490650466, "max_depth": 6.0, "num_boost_round": 1.0}, "datetime": {"datetime": "2024-01-19 01:00:25", "elapsed": 2929.588942, "delta": 0.003045}}
{"target": -17.67720929226989, "params": {"gamma": 432.2010808936062, "log10_alpha": -4.748991924767504, "log10_colsample_bytree": -0.3198674907727377, "log10_eta": -3.856602873233975, "log10_lambda": -2.0766308289634505, "log10_min_child_weight": 0.2661986931682392, "log10_subsample": -0.881095490650466, "max_depth": 6.0, "num_boost_round": 2.0}, "datetime": {"datetime": "2024-01-19 01:00:25", "elapsed": 2929.591623, "delta": 0.002681}}
{"target": -17.677210166508424, "params": {"gamma": 432.2010808936062, "log10_alpha": -4.748991924767504, "log10_colsample_bytree": -0.3198674907727377, "log10_eta": -3.856602873233975, "log10_lambda": -2.0766308289634505, "log10_min_child_weight": 0.2661986931682392, "log10_subsample": -0.881095490650466, "max_depth": 6.0, "num_boost_round": 3.0}, "datetime": {"datetime": "2024-01-19 01:00:25", "elapsed": 2929.594151, "delta": 0.002528}}
{"target": -17.677199733635923, "params": {"gamma": 432.2010808936062, "log10_alpha": -4.748991924767504, "log10_colsample_bytree": -0.3198674907727377, "log10_eta": -3.856602873233975, "log10_lambda": -2.0766308289634505, "log10_min_child_weight": 0.2661986931682392, "log10_subsample": -0.881095490650466, "max_depth": 6.0, "num_boost_round": 4.0}, "datetime": {"datetime": "2024-01-19 01:00:25", "elapsed": 2929.596569, "delta": 0.002418}}
{"target": -17.677198791828438, "params": {"gamma": 432.2010808936062, "log10_alpha": -4.748991924767504, "log10_colsample_bytree": -0.3198674907727377, "log10_eta": -3.856602873233975, "log10_lambda": -2.0766308289634505, "log10_min_child_weight": 0.2661986931682392, "log10_subsample": -0.881095490650466, "max_depth": 6.0, "num_boost_round": 5.0}, "datetime": {"datetime": "2024-01-19 01:00:25", "elapsed": 2929.598957, "delta": 0.002388}}
{"target": -17.677180536824185, "params": {"gamma": 432.2010808936062, "log10_alpha": -4.748991924767504, "log10_colsample_bytree": -0.3198674907727377, "log10_eta": -3.856602873233975, "log10_lambda": -2.0766308289634505, "log10_min_child_weight": 0.2661986931682392, "log10_subsample": -0.881095490650466, "max_depth": 6.0, "num_boost_round": 6.0}, "datetime": {"datetime": "2024-01-19 01:00:25", "elapsed": 2929.601313, "delta": 0.002356}}
{"target": -17.677180257644633, "params": {"gamma": 432.2010808936062, "log10_alpha": -4.748991924767504, "log10_colsample_bytree": -0.3198674907727377, "log10_eta": -3.856602873233975, "log10_lambda": -2.0766308289634505, "log10_min_child_weight": 0.2661986931682392, "log10_subsample": -0.881095490650466, "max_depth": 6.0, "num_boost_round": 7.0}, "datetime": {"datetime": "2024-01-19 01:00:25", "elapsed": 2929.603701, "delta": 0.002388}}
{"target": -17.677174094318023, "params": {"gamma": 432.2010808936062, "log10_alpha": -4.748991924767504, "log10_colsample_bytree": -0.3198674907727377, "log10_eta": -3.856602873233975, "log10_lambda": -2.0766308289634505, "log10_min_child_weight": 0.2661986931682392, "log10_subsample": -0.881095490650466, "max_depth": 6.0, "num_boost_round": 8.0}, "datetime": {"datetime": "2024-01-19 01:00:25", "elapsed": 2929.713284, "delta": 0.109583}}
{"target": -17.677167443593216, "params": {"gamma": 432.2010808936062, "log10_alpha": -4.748991924767504, "log10_colsample_bytree": -0.3198674907727377, "log10_eta": -3.856602873233975, "log10_lambda": -2.0766308289634505, "log10_min_child_weight": 0.2661986931682392, "log10_subsample": -0.881095490650466, "max_depth": 6.0, "num_boost_round": 9.0}, "datetime": {"datetime": "2024-01-19 01:00:25", "elapsed": 2929.716137, "delta": 0.002853}}
{"target": -17.677160599798245, "params": {"gamma": 432.2010808936062, "log10_alpha": -4.748991924767504, "log10_colsample_bytree": -0.3198674907727377, "log10_eta": -3.856602873233975, "log10_lambda": -2.0766308289634505, "log10_min_child_weight": 0.2661986931682392, "log10_subsample": -0.881095490650466, "max_depth": 6.0, "num_boost_round": 10.0}, "datetime": {"datetime": "2024-01-19 01:00:25", "elapsed": 2929.718956, "delta": 0.002819}}
{"target": -17.677145011852367, "params": {"gamma": 432.2010808936062, "log10_alpha": -4.748991924767504, "log10_colsample_bytree": -0.3198674907727377, "log10_eta": -3.856602873233975, "log10_lambda": -2.0766308289634505, "log10_min_child_weight": 0.2661986931682392, "log10_subsample": -0.881095490650466, "max_depth": 6.0, "num_boost_round": 11.0}, "datetime": {"datetime": "2024-01-19 01:00:25", "elapsed": 2929.721602, "delta": 0.002646}}
{"target": -17.677136236404774, "params": {"gamma": 432.2010808936062, "log10_alpha": -4.748991924767504, "log10_colsample_bytree": -0.3198674907727377, "log10_eta": -3.856602873233975, "log10_lambda": -2.0766308289634505, "log10_min_child_weight": 0.2661986931682392, "log10_subsample": -0.881095490650466, "max_depth": 6.0, "num_boost_round": 12.0}, "datetime": {"datetime": "2024-01-19 01:00:25", "elapsed": 2929.724263, "delta": 0.002661}}
{"target": -17.67723068400931, "params": {"gamma": 462.85509218803554, "log10_alpha": -3.8441312254718873, "log10_colsample_bytree": -0.572519750316632, "log10_eta": -3.9493603598294533, "log10_lambda": -3.581151524244743, "log10_min_child_weight": 0.4040458771790689, "log10_subsample": -0.4296963739612414, "max_depth": 8.0, "num_boost_round": 0.0}, "datetime": {"datetime": "2024-01-19 01:01:03", "elapsed": 2968.301129, "delta": 38.576866}}
{"target": -17.677230943688762, "params": {"gamma": 462.85509218803554, "log10_alpha": -3.8441312254718873, "log10_colsample_bytree": -0.572519750316632, "log10_eta": -3.9493603598294533, "log10_lambda": -3.581151524244743, "log10_min_child_weight": 0.4040458771790689, "log10_subsample": -0.4296963739612414, "max_depth": 8.0, "num_boost_round": 1.0}, "datetime": {"datetime": "2024-01-19 01:01:03", "elapsed": 2968.304575, "delta": 0.003446}}
{"target": -17.67721092818996, "params": {"gamma": 462.85509218803554, "log10_alpha": -3.8441312254718873, "log10_colsample_bytree": -0.572519750316632, "log10_eta": -3.9493603598294533, "log10_lambda": -3.581151524244743, "log10_min_child_weight": 0.4040458771790689, "log10_subsample": -0.4296963739612414, "max_depth": 8.0, "num_boost_round": 2.0}, "datetime": {"datetime": "2024-01-19 01:01:03", "elapsed": 2968.307248, "delta": 0.002673}}
{"target": -17.677211732250452, "params": {"gamma": 462.85509218803554, "log10_alpha": -3.8441312254718873, "log10_colsample_bytree": -0.572519750316632, "log10_eta": -3.9493603598294533, "log10_lambda": -3.581151524244743, "log10_min_child_weight": 0.4040458771790689, "log10_subsample": -0.4296963739612414, "max_depth": 8.0, "num_boost_round": 3.0}, "datetime": {"datetime": "2024-01-19 01:01:03", "elapsed": 2968.309863, "delta": 0.002615}}
{"target": -17.67720847907054, "params": {"gamma": 462.85509218803554, "log10_alpha": -3.8441312254718873, "log10_colsample_bytree": -0.572519750316632, "log10_eta": -3.9493603598294533, "log10_lambda": -3.581151524244743, "log10_min_child_weight": 0.4040458771790689, "log10_subsample": -0.4296963739612414, "max_depth": 8.0, "num_boost_round": 4.0}, "datetime": {"datetime": "2024-01-19 01:01:03", "elapsed": 2968.312335, "delta": 0.002472}}
{"target": -17.67719468025195, "params": {"gamma": 462.85509218803554, "log10_alpha": -3.8441312254718873, "log10_colsample_bytree": -0.572519750316632, "log10_eta": -3.9493603598294533, "log10_lambda": -3.581151524244743, "log10_min_child_weight": 0.4040458771790689, "log10_subsample": -0.4296963739612414, "max_depth": 8.0, "num_boost_round": 5.0}, "datetime": {"datetime": "2024-01-19 01:01:03", "elapsed": 2968.314917, "delta": 0.002582}}
{"target": -17.6771909652703, "params": {"gamma": 462.85509218803554, "log10_alpha": -3.8441312254718873, "log10_colsample_bytree": -0.572519750316632, "log10_eta": -3.9493603598294533, "log10_lambda": -3.581151524244743, "log10_min_child_weight": 0.4040458771790689, "log10_subsample": -0.4296963739612414, "max_depth": 8.0, "num_boost_round": 6.0}, "datetime": {"datetime": "2024-01-19 01:01:03", "elapsed": 2968.317378, "delta": 0.002461}}
{"target": -17.677185672081237, "params": {"gamma": 462.85509218803554, "log10_alpha": -3.8441312254718873, "log10_colsample_bytree": -0.572519750316632, "log10_eta": -3.9493603598294533, "log10_lambda": -3.581151524244743, "log10_min_child_weight": 0.4040458771790689, "log10_subsample": -0.4296963739612414, "max_depth": 8.0, "num_boost_round": 7.0}, "datetime": {"datetime": "2024-01-19 01:01:03", "elapsed": 2968.31986, "delta": 0.002482}}
