{"target": -17.676992606281676, "params": {"gamma": 956.3314801006186, "log10_alpha": -0.13393498147603466, "log10_colsample_bytree": -0.8123242163244733, "log10_eta": -3.3037219689344273, "log10_lambda": -1.9908266499573446, "log10_min_child_weight": 0.7244163378791607, "log10_subsample": -0.0551290800898081, "max_depth": 2.0, "num_boost_round": 23.0}, "datetime": {"datetime": "2024-01-19 00:28:22", "elapsed": 996.706124, "delta": 0.001389}}
{"target": -17.676992156024447, "params": {"gamma": 956.3314801006186, "log10_alpha": -0.13393498147603466, "log10_colsample_bytree": -0.8123242163244733, "log10_eta": -3.3037219689344273, "log10_lambda": -1.9908266499573446, "log10_min_child_weight": 0.7244163378791607, "log10_subsample": -0.0551290800898081, "max_depth": 2.0, "num_boost_round": 24.0}, "datetime": {"datetime": "2024-01-19 00:28:22", "elapsed": 996.707513, "delta": 0.001389}}
{"target": -17.677174457393054, "params": {"gamma": 958.3247294150897, "log10_alpha": -3.4509363427020388, "log10_colsample_bytree": -0.5714664359545852, "log10_eta": -1.8544487970645886, "log10_lambda": -2.3629953178114915, "log10_min_child_weight": 2.0759163116521373, "log10_subsample": -0.5029146897872494, "max_depth": 8.0, "num_boost_round": 0.0}, "datetime": {"datetime": "2024-01-19 00:28:47", "elapsed": 1021.672955, "delta": 24.965442}}
{"target": -17.676614601623044, "params": {"gamma": 958.3247294150897, "log10_alpha": -3.4509363427020388, "log10_colsample_bytree": -0.5714664359545852, "log10_eta": -1.8544487970645886, "log10_lambda": -2.3629953178114915, "log10_min_child_weight": 2.0759163116521373, "log10_subsample": -0.5029146897872494, "max_depth": 8.0, "num_boost_round": 1.0}, "datetime": {"datetime": "2024-01-19 00:28:47", "elapsed": 1021.674923, "delta": 0.001968}}
{"target": -17.676089297868813, "params": {"gamma": 958.3247294150897, "log10_alpha": -3.4509363427020388, "log10_colsample_bytree": -0.5714664359545852, "log10_eta": -1.8544487970645886, "log10_lambda": -2.3629953178114915, "log10_min_child_weight": 2.0759163116521373, "log10_subsample": -0.5029146897872494, "max_depth": 8.0, "num_boost_round": 2.0}, "datetime": {"datetime": "2024-01-19 00:28:47", "elapsed": 1021.676688, "delta": 0.001765}}
{"target": -17.675765034916314, "params": {"gamma": 958.3247294150897, "log10_alpha": -3.4509363427020388, "log10_colsample_bytree": -0.5714664359545852, "log10_eta": -1.8544487970645886, "log10_lambda": -2.3629953178114915, "log10_min_child_weight": 2.0759163116521373, "log10_subsample": -0.5029146897872494, "max_depth": 8.0, "num_boost_round": 3.0}, "datetime": {"datetime": "2024-01-19 00:28:47", "elapsed": 1021.678235, "delta": 0.001547}}
{"target": -17.675491305576827, "params": {"gamma": 958.3247294150897, "log10_alpha": -3.4509363427020388, "log10_colsample_bytree": -0.5714664359545852, "log10_eta": -1.8544487970645886, "log10_lambda": -2.3629953178114915, "log10_min_child_weight": 2.0759163116521373, "log10_subsample": -0.5029146897872494, "max_depth": 8.0, "num_boost_round": 4.0}, "datetime": {"datetime": "2024-01-19 00:28:47", "elapsed": 1021.679907, "delta": 0.001672}}
{"target": -17.674238444859355, "params": {"gamma": 958.3247294150897, "log10_alpha": -3.4509363427020388, "log10_colsample_bytree": -0.5714664359545852, "log10_eta": -1.8544487970645886, "log10_lambda": -2.3629953178114915, "log10_min_child_weight": 2.0759163116521373, "log10_subsample": -0.5029146897872494, "max_depth": 8.0, "num_boost_round": 5.0}, "datetime": {"datetime": "2024-01-19 00:28:47", "elapsed": 1021.681396, "delta": 0.001489}}
{"target": -17.674623244435466, "params": {"gamma": 958.3247294150897, "log10_alpha": -3.4509363427020388, "log10_colsample_bytree": -0.5714664359545852, "log10_eta": -1.8544487970645886, "log10_lambda": -2.3629953178114915, "log10_min_child_weight": 2.0759163116521373, "log10_subsample": -0.5029146897872494, "max_depth": 8.0, "num_boost_round": 6.0}, "datetime": {"datetime": "2024-01-19 00:28:47", "elapsed": 1021.682871, "delta": 0.001475}}
{"target": -17.67439616593977, "params": {"gamma": 958.3247294150897, "log10_alpha": -3.4509363427020388, "log10_colsample_bytree": -0.5714664359545852, "log10_eta": -1.8544487970645886, "log10_lambda": -2.3629953178114915, "log10_min_child_weight": 2.0759163116521373, "log10_subsample": -0.5029146897872494, "max_depth": 8.0, "num_boost_round": 7.0}, "datetime": {"datetime": "2024-01-19 00:28:47", "elapsed": 1021.684297, "delta": 0.001426}}
{"target": -17.67405636752909, "params": {"gamma": 958.3247294150897, "log10_alpha": -3.4509363427020388, "log10_colsample_bytree": -0.5714664359545852, "log10_eta": -1.8544487970645886, "log10_lambda": -2.3629953178114915, "log10_min_child_weight": 2.0759163116521373, "log10_subsample": -0.5029146897872494, "max_depth": 8.0, "num_boost_round": 8.0}, "datetime": {"datetime": "2024-01-19 00:28:47", "elapsed": 1021.685725, "delta": 0.001428}}
{"target": -17.673899020946372, "params": {"gamma": 958.3247294150897, "log10_alpha": -3.4509363427020388, "log10_colsample_bytree": -0.5714664359545852, "log10_eta": -1.8544487970645886, "log10_lambda": -2.3629953178114915, "log10_min_child_weight": 2.0759163116521373, "log10_subsample": -0.5029146897872494, "max_depth": 8.0, "num_boost_round": 9.0}, "datetime": {"datetime": "2024-01-19 00:28:47", "elapsed": 1021.687145, "delta": 0.00142}}
{"target": -17.672681855839834, "params": {"gamma": 958.3247294150897, "log10_alpha": -3.4509363427020388, "log10_colsample_bytree": -0.5714664359545852, "log10_eta": -1.8544487970645886, "log10_lambda": -2.3629953178114915, "log10_min_child_weight": 2.0759163116521373, "log10_subsample": -0.5029146897872494, "max_depth": 8.0, "num_boost_round": 10.0}, "datetime": {"datetime": "2024-01-19 00:28:47", "elapsed": 1021.688597, "delta": 0.001452}}
{"target": -17.672456481121973, "params": {"gamma": 958.3247294150897, "log10_alpha": -3.4509363427020388, "log10_colsample_bytree": -0.5714664359545852, "log10_eta": -1.8544487970645886, "log10_lambda": -2.3629953178114915, "log10_min_child_weight": 2.0759163116521373, "log10_subsample": -0.5029146897872494, "max_depth": 8.0, "num_boost_round": 11.0}, "datetime": {"datetime": "2024-01-19 00:28:47", "elapsed": 1021.690117, "delta": 0.00152}}
{"target": -17.672669070243114, "params": {"gamma": 958.3247294150897, "log10_alpha": -3.4509363427020388, "log10_colsample_bytree": -0.5714664359545852, "log10_eta": -1.8544487970645886, "log10_lambda": -2.3629953178114915, "log10_min_child_weight": 2.0759163116521373, "log10_subsample": -0.5029146897872494, "max_depth": 8.0, "num_boost_round": 12.0}, "datetime": {"datetime": "2024-01-19 00:28:47", "elapsed": 1021.691643, "delta": 0.001526}}
{"target": -17.673144062180693, "params": {"gamma": 958.3247294150897, "log10_alpha": -3.4509363427020388, "log10_colsample_bytree": -0.5714664359545852, "log10_eta": -1.8544487970645886, "log10_lambda": -2.3629953178114915, "log10_min_child_weight": 2.0759163116521373, "log10_subsample": -0.5029146897872494, "max_depth": 8.0, "num_boost_round": 13.0}, "datetime": {"datetime": "2024-01-19 00:28:47", "elapsed": 1021.693081, "delta": 0.001438}}
{"target": -17.67374927404095, "params": {"gamma": 958.3247294150897, "log10_alpha": -3.4509363427020388, "log10_colsample_bytree": -0.5714664359545852, "log10_eta": -1.8544487970645886, "log10_lambda": -2.3629953178114915, "log10_min_child_weight": 2.0759163116521373, "log10_subsample": -0.5029146897872494, "max_depth": 8.0, "num_boost_round": 14.0}, "datetime": {"datetime": "2024-01-19 00:28:47", "elapsed": 1021.694517, "delta": 0.001436}}
{"target": -17.673877486874243, "params": {"gamma": 958.3247294150897, "log10_alpha": -3.4509363427020388, "log10_colsample_bytree": -0.5714664359545852, "log10_eta": -1.8544487970645886, "log10_lambda": -2.3629953178114915, "log10_min_child_weight": 2.0759163116521373, "log10_subsample": -0.5029146897872494, "max_depth": 8.0, "num_boost_round": 15.0}, "datetime": {"datetime": "2024-01-19 00:28:47", "elapsed": 1021.695955, "delta": 0.001438}}
{"target": -17.674017661132087, "params": {"gamma": 958.3247294150897, "log10_alpha": -3.4509363427020388, "log10_colsample_bytree": -0.5714664359545852, "log10_eta": -1.8544487970645886, "log10_lambda": -2.3629953178114915, "log10_min_child_weight": 2.0759163116521373, "log10_subsample": -0.5029146897872494, "max_depth": 8.0, "num_boost_round": 16.0}, "datetime": {"datetime": "2024-01-19 00:28:47", "elapsed": 1021.697406, "delta": 0.001451}}
{"target": -17.673538450225855, "params": {"gamma": 958.3247294150897, "log10_alpha": -3.4509363427020388, "log10_colsample_bytree": -0.5714664359545852, "log10_eta": -1.8544487970645886, "log10_lambda": -2.3629953178114915, "log10_min_child_weight": 2.0759163116521373, "log10_subsample": -0.5029146897872494, "max_depth": 8.0, "num_boost_round": 17.0}, "datetime": {"datetime": "2024-01-19 00:28:47", "elapsed": 1021.698835, "delta": 0.001429}}
{"target": -17.67388233093184, "params": {"gamma": 958.3247294150897, "log10_alpha": -3.4509363427020388, "log10_colsample_bytree": -0.5714664359545852, "log10_eta": -1.8544487970645886, "log10_lambda": -2.3629953178114915, "log10_min_child_weight": 2.0759163116521373, "log10_subsample": -0.5029146897872494, "max_depth": 8.0, "num_boost_round": 18.0}, "datetime": {"datetime": "2024-01-19 00:28:47", "elapsed": 1021.700256, "delta": 0.001421}}
{"target": -17.67336570050363, "params": {"gamma": 958.3247294150897, "log10_alpha": -3.4509363427020388, "log10_colsample_bytree": -0.5714664359545852, "log10_eta": -1.8544487970645886, "log10_lambda": -2.3629953178114915, "log10_min_child_weight": 2.0759163116521373, "log10_subsample": -0.5029146897872494, "max_depth": 8.0, "num_boost_round": 19.0}, "datetime": {"datetime": "2024-01-19 00:28:47", "elapsed": 1021.701703, "delta": 0.001447}}
{"target": -17.67284238152446, "params": {"gamma": 958.3247294150897, "log10_alpha": -3.4509363427020388, "log10_colsample_bytree": -0.5714664359545852, "log10_eta": -1.8544487970645886, "log10_lambda": -2.3629953178114915, "log10_min_child_weight": 2.0759163116521373, "log10_subsample": -0.5029146897872494, "max_depth": 8.0, "num_boost_round": 20.0}, "datetime": {"datetime": "2024-01-19 00:28:47", "elapsed": 1021.70319, "delta": 0.001487}}
{"target": -17.67724604700132, "params": {"gamma": 960.244279220876, "log10_alpha": -3.8459213346570724, "log10_colsample_bytree": -0.0413502061753086, "log10_eta": -3.3456668709035506, "log10_lambda": -4.624420149620251, "log10_min_child_weight": 2.0638754823293692, "log10_subsample": -0.7719721246664086, "max_depth": 7.0, "num_boost_round": 0.0}, "datetime": {"datetime": "2024-01-19 00:29:14", "elapsed": 1048.554026, "delta": 26.850836}}
{"target": -17.677215378101568, "params": {"gamma": 960.244279220876, "log10_alpha": -3.8459213346570724, "log10_colsample_bytree": -0.0413502061753086, "log10_eta": -3.3456668709035506, "log10_lambda": -4.624420149620251, "log10_min_child_weight": 2.0638754823293692, "log10_subsample": -0.7719721246664086, "max_depth": 7.0, "num_boost_round": 1.0}, "datetime": {"datetime": "2024-01-19 00:29:14", "elapsed": 1048.555822, "delta": 0.001796}}
{"target": -17.67718581318461, "params": {"gamma": 960.244279220876, "log10_alpha": -3.8459213346570724, "log10_colsample_bytree": -0.0413502061753086, "log10_eta": -3.3456668709035506, "log10_lambda": -4.624420149620251, "log10_min_child_weight": 2.0638754823293692, "log10_subsample": -0.7719721246664086, "max_depth": 7.0, "num_boost_round": 2.0}, "datetime": {"datetime": "2024-01-19 00:29:14", "elapsed": 1048.557617, "delta": 0.001795}}
{"target": -17.67716365019327, "params": {"gamma": 960.244279220876, "log10_alpha": -3.8459213346570724, "log10_colsample_bytree": -0.0413502061753086, "log10_eta": -3.3456668709035506, "log10_lambda": -4.624420149620251, "log10_min_child_weight": 2.0638754823293692, "log10_subsample": -0.7719721246664086, "max_depth": 7.0, "num_boost_round": 3.0}, "datetime": {"datetime": "2024-01-19 00:29:14", "elapsed": 1048.559089, "delta": 0.001472}}
{"target": -17.6771580931742, "params": {"gamma": 960.244279220876, "log10_alpha": -3.8459213346570724, "log10_colsample_bytree": -0.0413502061753086, "log10_eta": -3.3456668709035506, "log10_lambda": -4.624420149620251, "log10_min_child_weight": 2.0638754823293692, "log10_subsample": -0.7719721246664086, "max_depth": 7.0, "num_boost_round": 4.0}, "datetime": {"datetime": "2024-01-19 00:29:14", "elapsed": 1048.560543, "delta": 0.001454}}
{"target": -17.677132249853162, "params": {"gamma": 960.244279220876, "log10_alpha": -3.8459213346570724, "log10_colsample_bytree": -0.0413502061753086, "log10_eta": -3.3456668709035506, "log10_lambda": -4.624420149620251, "log10_min_child_weight": 2.0638754823293692, "log10_subsample": -0.7719721246664086, "max_depth": 7.0, "num_boost_round": 5.0}, "datetime": {"datetime": "2024-01-19 00:29:14", "elapsed": 1048.562278, "delta": 0.001735}}
{"target": -17.677147575077548, "params": {"gamma": 960.244279220876, "log10_alpha": -3.8459213346570724, "log10_colsample_bytree": -0.0413502061753086, "log10_eta": -3.3456668709035506, "log10_lambda": -4.624420149620251, "log10_min_child_weight": 2.0638754823293692, "log10_subsample": -0.7719721246664086, "max_depth": 7.0, "num_boost_round": 6.0}, "datetime": {"datetime": "2024-01-19 00:29:14", "elapsed": 1048.563806, "delta": 0.001528}}
{"target": -17.677095962676887, "params": {"gamma": 960.244279220876, "log10_alpha": -3.8459213346570724, "log10_colsample_bytree": -0.0413502061753086, "log10_eta": -3.3456668709035506, "log10_lambda": -4.624420149620251, "log10_min_child_weight": 2.0638754823293692, "log10_subsample": -0.7719721246664086, "max_depth": 7.0, "num_boost_round": 7.0}, "datetime": {"datetime": "2024-01-19 00:29:14", "elapsed": 1048.565264, "delta": 0.001458}}
{"target": -17.67706188846135, "params": {"gamma": 960.244279220876, "log10_alpha": -3.8459213346570724, "log10_colsample_bytree": -0.0413502061753086, "log10_eta": -3.3456668709035506, "log10_lambda": -4.624420149620251, "log10_min_child_weight": 2.0638754823293692, "log10_subsample": -0.7719721246664086, "max_depth": 7.0, "num_boost_round": 8.0}, "datetime": {"datetime": "2024-01-19 00:29:14", "elapsed": 1048.566723, "delta": 0.001459}}
{"target": -17.677038862386834, "params": {"gamma": 960.244279220876, "log10_alpha": -3.8459213346570724, "log10_colsample_bytree": -0.0413502061753086, "log10_eta": -3.3456668709035506, "log10_lambda": -4.624420149620251, "log10_min_child_weight": 2.0638754823293692, "log10_subsample": -0.7719721246664086, "max_depth": 7.0, "num_boost_round": 9.0}, "datetime": {"datetime": "2024-01-19 00:29:14", "elapsed": 1048.568176, "delta": 0.001453}}
{"target": -17.67701074912709, "params": {"gamma": 960.244279220876, "log10_alpha": -3.8459213346570724, "log10_colsample_bytree": -0.0413502061753086, "log10_eta": -3.3456668709035506, "log10_lambda": -4.624420149620251, "log10_min_child_weight": 2.0638754823293692, "log10_subsample": -0.7719721246664086, "max_depth": 7.0, "num_boost_round": 10.0}, "datetime": {"datetime": "2024-01-19 00:29:14", "elapsed": 1048.56963, "delta": 0.001454}}
{"target": -17.676982908074972, "params": {"gamma": 960.244279220876, "log10_alpha": -3.8459213346570724, "log10_colsample_bytree": -0.0413502061753086, "log10_eta": -3.3456668709035506, "log10_lambda": -4.624420149620251, "log10_min_child_weight": 2.0638754823293692, "log10_subsample": -0.7719721246664086, "max_depth": 7.0, "num_boost_round": 11.0}, "datetime": {"datetime": "2024-01-19 00:29:14", "elapsed": 1048.571209, "delta": 0.001579}}
{"target": -17.676962203694185, "params": {"gamma": 960.244279220876, "log10_alpha": -3.8459213346570724, "log10_colsample_bytree": -0.0413502061753086, "log10_eta": -3.3456668709035506, "log10_lambda": -4.624420149620251, "log10_min_child_weight": 2.0638754823293692, "log10_subsample": -0.7719721246664086, "max_depth": 7.0, "num_boost_round": 12.0}, "datetime": {"datetime": "2024-01-19 00:29:14", "elapsed": 1048.572661, "delta": 0.001452}}
{"target": -17.676940119295622, "params": {"gamma": 960.244279220876, "log10_alpha": -3.8459213346570724, "log10_colsample_bytree": -0.0413502061753086, "log10_eta": -3.3456668709035506, "log10_lambda": -4.624420149620251, "log10_min_child_weight": 2.0638754823293692, "log10_subsample": -0.7719721246664086, "max_depth": 7.0, "num_boost_round": 13.0}, "datetime": {"datetime": "2024-01-19 00:29:14", "elapsed": 1048.574129, "delta": 0.001468}}
{"target": -17.676907143671972, "params": {"gamma": 960.244279220876, "log10_alpha": -3.8459213346570724, "log10_colsample_bytree": -0.0413502061753086, "log10_eta": -3.3456668709035506, "log10_lambda": -4.624420149620251, "log10_min_child_weight": 2.0638754823293692, "log10_subsample": -0.7719721246664086, "max_depth": 7.0, "num_boost_round": 14.0}, "datetime": {"datetime": "2024-01-19 00:29:14", "elapsed": 1048.575585, "delta": 0.001456}}
{"target": -17.676906189483717, "params": {"gamma": 960.244279220876, "log10_alpha": -3.8459213346570724, "log10_colsample_bytree": -0.0413502061753086, "log10_eta": -3.3456668709035506, "log10_lambda": -4.624420149620251, "log10_min_child_weight": 2.0638754823293692, "log10_subsample": -0.7719721246664086, "max_depth": 7.0, "num_boost_round": 15.0}, "datetime": {"datetime": "2024-01-19 00:29:14", "elapsed": 1048.577041, "delta": 0.001456}}
{"target": -17.67689734773345, "params": {"gamma": 960.244279220876, "log10_alpha": -3.8459213346570724, "log10_colsample_bytree": -0.0413502061753086, "log10_eta": -3.3456668709035506, "log10_lambda": -4.624420149620251, "log10_min_child_weight": 2.0638754823293692, "log10_subsample": -0.7719721246664086, "max_depth": 7.0, "num_boost_round": 16.0}, "datetime": {"datetime": "2024-01-19 00:29:14", "elapsed": 1048.5785, "delta": 0.001459}}
{"target": -17.67688967073822, "params": {"gamma": 960.244279220876, "log10_alpha": -3.8459213346570724, "log10_colsample_bytree": -0.0413502061753086, "log10_eta": -3.3456668709035506, "log10_lambda": -4.624420149620251, "log10_min_child_weight": 2.0638754823293692, "log10_subsample": -0.7719721246664086, "max_depth": 7.0, "num_boost_round": 17.0}, "datetime": {"datetime": "2024-01-19 00:29:14", "elapsed": 1048.579955, "delta": 0.001455}}
{"target": -17.67688454573143, "params": {"gamma": 960.244279220876, "log10_alpha": -3.8459213346570724, "log10_colsample_bytree": -0.0413502061753086, "log10_eta": -3.3456668709035506, "log10_lambda": -4.624420149620251, "log10_min_child_weight": 2.0638754823293692, "log10_subsample": -0.7719721246664086, "max_depth": 7.0, "num_boost_round": 18.0}, "datetime": {"datetime": "2024-01-19 00:29:14", "elapsed": 1048.581405, "delta": 0.00145}}
{"target": -17.67687532822648, "params": {"gamma": 960.244279220876, "log10_alpha": -3.8459213346570724, "log10_colsample_bytree": -0.0413502061753086, "log10_eta": -3.3456668709035506, "log10_lambda": -4.624420149620251, "log10_min_child_weight": 2.0638754823293692, "log10_subsample": -0.7719721246664086, "max_depth": 7.0, "num_boost_round": 19.0}, "datetime": {"datetime": "2024-01-19 00:29:14", "elapsed": 1048.582961, "delta": 0.001556}}
{"target": -17.676842570751003, "params": {"gamma": 960.244279220876, "log10_alpha": -3.8459213346570724, "log10_colsample_bytree": -0.0413502061753086, "log10_eta": -3.3456668709035506, "log10_lambda": -4.624420149620251, "log10_min_child_weight": 2.0638754823293692, "log10_subsample": -0.7719721246664086, "max_depth": 7.0, "num_boost_round": 20.0}, "datetime": {"datetime": "2024-01-19 00:29:14", "elapsed": 1048.58443, "delta": 0.001469}}
{"target": -17.676815027806253, "params": {"gamma": 960.244279220876, "log10_alpha": -3.8459213346570724, "log10_colsample_bytree": -0.0413502061753086, "log10_eta": -3.3456668709035506, "log10_lambda": -4.624420149620251, "log10_min_child_weight": 2.0638754823293692, "log10_subsample": -0.7719721246664086, "max_depth": 7.0, "num_boost_round": 21.0}, "datetime": {"datetime": "2024-01-19 00:29:14", "elapsed": 1048.585886, "delta": 0.001456}}
{"target": -17.676817394589072, "params": {"gamma": 960.244279220876, "log10_alpha": -3.8459213346570724, "log10_colsample_bytree": -0.0413502061753086, "log10_eta": -3.3456668709035506, "log10_lambda": -4.624420149620251, "log10_min_child_weight": 2.0638754823293692, "log10_subsample": -0.7719721246664086, "max_depth": 7.0, "num_boost_round": 22.0}, "datetime": {"datetime": "2024-01-19 00:29:14", "elapsed": 1048.587346, "delta": 0.00146}}
{"target": -17.67682395372064, "params": {"gamma": 960.244279220876, "log10_alpha": -3.8459213346570724, "log10_colsample_bytree": -0.0413502061753086, "log10_eta": -3.3456668709035506, "log10_lambda": -4.624420149620251, "log10_min_child_weight": 2.0638754823293692, "log10_subsample": -0.7719721246664086, "max_depth": 7.0, "num_boost_round": 23.0}, "datetime": {"datetime": "2024-01-19 00:29:14", "elapsed": 1048.588805, "delta": 0.001459}}
{"target": -17.676823514137805, "params": {"gamma": 960.244279220876, "log10_alpha": -3.8459213346570724, "log10_colsample_bytree": -0.0413502061753086, "log10_eta": -3.3456668709035506, "log10_lambda": -4.624420149620251, "log10_min_child_weight": 2.0638754823293692, "log10_subsample": -0.7719721246664086, "max_depth": 7.0, "num_boost_round": 24.0}, "datetime": {"datetime": "2024-01-19 00:29:14", "elapsed": 1048.590354, "delta": 0.001549}}
{"target": -17.676816927720594, "params": {"gamma": 960.244279220876, "log10_alpha": -3.8459213346570724, "log10_colsample_bytree": -0.0413502061753086, "log10_eta": -3.3456668709035506, "log10_lambda": -4.624420149620251, "log10_min_child_weight": 2.0638754823293692, "log10_subsample": -0.7719721246664086, "max_depth": 7.0, "num_boost_round": 25.0}, "datetime": {"datetime": "2024-01-19 00:29:14", "elapsed": 1048.591858, "delta": 0.001504}}
