{"target": -17.676104558285484, "params": {"gamma": 968.1528678917101, "log10_alpha": -2.0423441281305657, "log10_colsample_bytree": -0.8040902939230585, "log10_eta": -3.103354235670097, "log10_lambda": 0.38649345777759336, "log10_min_child_weight": 0.33154478099983176, "log10_subsample": -0.43578348769642317, "max_depth": 8.0, "num_boost_round": 28.0}, "datetime": {"datetime": "2024-01-19 00:23:51", "elapsed": 725.066895, "delta": 0.00111}}
{"target": -17.676034595307044, "params": {"gamma": 968.1528678917101, "log10_alpha": -2.0423441281305657, "log10_colsample_bytree": -0.8040902939230585, "log10_eta": -3.103354235670097, "log10_lambda": 0.38649345777759336, "log10_min_child_weight": 0.33154478099983176, "log10_subsample": -0.43578348769642317, "max_depth": 8.0, "num_boost_round": 29.0}, "datetime": {"datetime": "2024-01-19 00:23:51", "elapsed": 725.067987, "delta": 0.001092}}
{"target": -17.675954145241842, "params": {"gamma": 968.1528678917101, "log10_alpha": -2.0423441281305657, "log10_colsample_bytree": -0.8040902939230585, "log10_eta": -3.103354235670097, "log10_lambda": 0.38649345777759336, "log10_min_child_weight": 0.33154478099983176, "log10_subsample": -0.43578348769642317, "max_depth": 8.0, "num_boost_round": 30.0}, "datetime": {"datetime": "2024-01-19 00:23:51", "elapsed": 725.069093, "delta": 0.001106}}
{"target": -17.67585599121829, "params": {"gamma": 968.1528678917101, "log10_alpha": -2.0423441281305657, "log10_colsample_bytree": -0.8040902939230585, "log10_eta": -3.103354235670097, "log10_lambda": 0.38649345777759336, "log10_min_child_weight": 0.33154478099983176, "log10_subsample": -0.43578348769642317, "max_depth": 8.0, "num_boost_round": 31.0}, "datetime": {"datetime": "2024-01-19 00:23:51", "elapsed": 725.070194, "delta": 0.001101}}
{"target": -17.67584564112599, "params": {"gamma": 968.1528678917101, "log10_alpha": -2.0423441281305657, "log10_colsample_bytree": -0.8040902939230585, "log10_eta": -3.103354235670097, "log10_lambda": 0.38649345777759336, "log10_min_child_weight": 0.33154478099983176, "log10_subsample": -0.43578348769642317, "max_depth": 8.0, "num_boost_round": 32.0}, "datetime": {"datetime": "2024-01-19 00:23:51", "elapsed": 725.07143, "delta": 0.001236}}
{"target": -17.675805808505064, "params": {"gamma": 968.1528678917101, "log10_alpha": -2.0423441281305657, "log10_colsample_bytree": -0.8040902939230585, "log10_eta": -3.103354235670097, "log10_lambda": 0.38649345777759336, "log10_min_child_weight": 0.33154478099983176, "log10_subsample": -0.43578348769642317, "max_depth": 8.0, "num_boost_round": 33.0}, "datetime": {"datetime": "2024-01-19 00:23:51", "elapsed": 725.072548, "delta": 0.001118}}
{"target": -17.675759278132716, "params": {"gamma": 968.1528678917101, "log10_alpha": -2.0423441281305657, "log10_colsample_bytree": -0.8040902939230585, "log10_eta": -3.103354235670097, "log10_lambda": 0.38649345777759336, "log10_min_child_weight": 0.33154478099983176, "log10_subsample": -0.43578348769642317, "max_depth": 8.0, "num_boost_round": 34.0}, "datetime": {"datetime": "2024-01-19 00:23:51", "elapsed": 725.073652, "delta": 0.001104}}
{"target": -17.675691739926673, "params": {"gamma": 968.1528678917101, "log10_alpha": -2.0423441281305657, "log10_colsample_bytree": -0.8040902939230585, "log10_eta": -3.103354235670097, "log10_lambda": 0.38649345777759336, "log10_min_child_weight": 0.33154478099983176, "log10_subsample": -0.43578348769642317, "max_depth": 8.0, "num_boost_round": 35.0}, "datetime": {"datetime": "2024-01-19 00:23:51", "elapsed": 725.074758, "delta": 0.001106}}
{"target": -17.675676617963706, "params": {"gamma": 968.1528678917101, "log10_alpha": -2.0423441281305657, "log10_colsample_bytree": -0.8040902939230585, "log10_eta": -3.103354235670097, "log10_lambda": 0.38649345777759336, "log10_min_child_weight": 0.33154478099983176, "log10_subsample": -0.43578348769642317, "max_depth": 8.0, "num_boost_round": 36.0}, "datetime": {"datetime": "2024-01-19 00:23:51", "elapsed": 725.075866, "delta": 0.001108}}
{"target": -17.675661169966183, "params": {"gamma": 968.1528678917101, "log10_alpha": -2.0423441281305657, "log10_colsample_bytree": -0.8040902939230585, "log10_eta": -3.103354235670097, "log10_lambda": 0.38649345777759336, "log10_min_child_weight": 0.33154478099983176, "log10_subsample": -0.43578348769642317, "max_depth": 8.0, "num_boost_round": 37.0}, "datetime": {"datetime": "2024-01-19 00:23:51", "elapsed": 725.076967, "delta": 0.001101}}
{"target": -17.675632320942714, "params": {"gamma": 968.1528678917101, "log10_alpha": -2.0423441281305657, "log10_colsample_bytree": -0.8040902939230585, "log10_eta": -3.103354235670097, "log10_lambda": 0.38649345777759336, "log10_min_child_weight": 0.33154478099983176, "log10_subsample": -0.43578348769642317, "max_depth": 8.0, "num_boost_round": 38.0}, "datetime": {"datetime": "2024-01-19 00:23:51", "elapsed": 725.078076, "delta": 0.001109}}
{"target": -17.675624596914062, "params": {"gamma": 968.1528678917101, "log10_alpha": -2.0423441281305657, "log10_colsample_bytree": -0.8040902939230585, "log10_eta": -3.103354235670097, "log10_lambda": 0.38649345777759336, "log10_min_child_weight": 0.33154478099983176, "log10_subsample": -0.43578348769642317, "max_depth": 8.0, "num_boost_round": 39.0}, "datetime": {"datetime": "2024-01-19 00:23:51", "elapsed": 725.079174, "delta": 0.001098}}
{"target": -17.675563175752917, "params": {"gamma": 968.1528678917101, "log10_alpha": -2.0423441281305657, "log10_colsample_bytree": -0.8040902939230585, "log10_eta": -3.103354235670097, "log10_lambda": 0.38649345777759336, "log10_min_child_weight": 0.33154478099983176, "log10_subsample": -0.43578348769642317, "max_depth": 8.0, "num_boost_round": 40.0}, "datetime": {"datetime": "2024-01-19 00:23:51", "elapsed": 725.080288, "delta": 0.001114}}
{"target": -17.677024373279238, "params": {"gamma": 967.022996450115, "log10_alpha": -1.7167602573165657, "log10_colsample_bytree": -0.9516493464098134, "log10_eta": -1.7934424321428297, "log10_lambda": 0.5699741366123199, "log10_min_child_weight": 4.561651137899715, "log10_subsample": -0.34155266851585153, "max_depth": 8.0, "num_boost_round": 0.0}, "datetime": {"datetime": "2024-01-19 00:24:11", "elapsed": 745.772576, "delta": 20.692288}}
{"target": -17.676868725355657, "params": {"gamma": 967.022996450115, "log10_alpha": -1.7167602573165657, "log10_colsample_bytree": -0.9516493464098134, "log10_eta": -1.7934424321428297, "log10_lambda": 0.5699741366123199, "log10_min_child_weight": 4.561651137899715, "log10_subsample": -0.34155266851585153, "max_depth": 8.0, "num_boost_round": 1.0}, "datetime": {"datetime": "2024-01-19 00:24:11", "elapsed": 745.773865, "delta": 0.001289}}
{"target": -17.67695767112655, "params": {"gamma": 967.022996450115, "log10_alpha": -1.7167602573165657, "log10_colsample_bytree": -0.9516493464098134, "log10_eta": -1.7934424321428297, "log10_lambda": 0.5699741366123199, "log10_min_child_weight": 4.561651137899715, "log10_subsample": -0.34155266851585153, "max_depth": 8.0, "num_boost_round": 2.0}, "datetime": {"datetime": "2024-01-19 00:24:11", "elapsed": 745.775441, "delta": 0.001576}}
{"target": -17.676877791931442, "params": {"gamma": 967.022996450115, "log10_alpha": -1.7167602573165657, "log10_colsample_bytree": -0.9516493464098134, "log10_eta": -1.7934424321428297, "log10_lambda": 0.5699741366123199, "log10_min_child_weight": 4.561651137899715, "log10_subsample": -0.34155266851585153, "max_depth": 8.0, "num_boost_round": 3.0}, "datetime": {"datetime": "2024-01-19 00:24:11", "elapsed": 745.776565, "delta": 0.001124}}
{"target": -17.67676592400933, "params": {"gamma": 967.022996450115, "log10_alpha": -1.7167602573165657, "log10_colsample_bytree": -0.9516493464098134, "log10_eta": -1.7934424321428297, "log10_lambda": 0.5699741366123199, "log10_min_child_weight": 4.561651137899715, "log10_subsample": -0.34155266851585153, "max_depth": 8.0, "num_boost_round": 4.0}, "datetime": {"datetime": "2024-01-19 00:24:11", "elapsed": 745.777816, "delta": 0.001251}}
{"target": -17.676822306962066, "params": {"gamma": 967.022996450115, "log10_alpha": -1.7167602573165657, "log10_colsample_bytree": -0.9516493464098134, "log10_eta": -1.7934424321428297, "log10_lambda": 0.5699741366123199, "log10_min_child_weight": 4.561651137899715, "log10_subsample": -0.34155266851585153, "max_depth": 8.0, "num_boost_round": 5.0}, "datetime": {"datetime": "2024-01-19 00:24:11", "elapsed": 745.778965, "delta": 0.001149}}
{"target": -17.676697234746438, "params": {"gamma": 967.022996450115, "log10_alpha": -1.7167602573165657, "log10_colsample_bytree": -0.9516493464098134, "log10_eta": -1.7934424321428297, "log10_lambda": 0.5699741366123199, "log10_min_child_weight": 4.561651137899715, "log10_subsample": -0.34155266851585153, "max_depth": 8.0, "num_boost_round": 6.0}, "datetime": {"datetime": "2024-01-19 00:24:11", "elapsed": 745.780091, "delta": 0.001126}}
{"target": -17.676731438039724, "params": {"gamma": 967.022996450115, "log10_alpha": -1.7167602573165657, "log10_colsample_bytree": -0.9516493464098134, "log10_eta": -1.7934424321428297, "log10_lambda": 0.5699741366123199, "log10_min_child_weight": 4.561651137899715, "log10_subsample": -0.34155266851585153, "max_depth": 8.0, "num_boost_round": 7.0}, "datetime": {"datetime": "2024-01-19 00:24:11", "elapsed": 745.781223, "delta": 0.001132}}
{"target": -17.676759426881986, "params": {"gamma": 967.022996450115, "log10_alpha": -1.7167602573165657, "log10_colsample_bytree": -0.9516493464098134, "log10_eta": -1.7934424321428297, "log10_lambda": 0.5699741366123199, "log10_min_child_weight": 4.561651137899715, "log10_subsample": -0.34155266851585153, "max_depth": 8.0, "num_boost_round": 8.0}, "datetime": {"datetime": "2024-01-19 00:24:11", "elapsed": 745.782722, "delta": 0.001499}}
{"target": -17.676773700451403, "params": {"gamma": 967.022996450115, "log10_alpha": -1.7167602573165657, "log10_colsample_bytree": -0.9516493464098134, "log10_eta": -1.7934424321428297, "log10_lambda": 0.5699741366123199, "log10_min_child_weight": 4.561651137899715, "log10_subsample": -0.34155266851585153, "max_depth": 8.0, "num_boost_round": 9.0}, "datetime": {"datetime": "2024-01-19 00:24:11", "elapsed": 745.783875, "delta": 0.001153}}
{"target": -17.67677522150478, "params": {"gamma": 967.022996450115, "log10_alpha": -1.7167602573165657, "log10_colsample_bytree": -0.9516493464098134, "log10_eta": -1.7934424321428297, "log10_lambda": 0.5699741366123199, "log10_min_child_weight": 4.561651137899715, "log10_subsample": -0.34155266851585153, "max_depth": 8.0, "num_boost_round": 10.0}, "datetime": {"datetime": "2024-01-19 00:24:11", "elapsed": 745.785019, "delta": 0.001144}}
{"target": -17.676561843800833, "params": {"gamma": 967.022996450115, "log10_alpha": -1.7167602573165657, "log10_colsample_bytree": -0.9516493464098134, "log10_eta": -1.7934424321428297, "log10_lambda": 0.5699741366123199, "log10_min_child_weight": 4.561651137899715, "log10_subsample": -0.34155266851585153, "max_depth": 8.0, "num_boost_round": 11.0}, "datetime": {"datetime": "2024-01-19 00:24:11", "elapsed": 745.786166, "delta": 0.001147}}
{"target": -17.678553866367995, "params": {"gamma": 962.9853059704743, "log10_alpha": -1.8742718785990862, "log10_colsample_bytree": -0.03416616475914358, "log10_eta": -1.4054383332668818, "log10_lambda": -4.431221924598844, "log10_min_child_weight": 0.646288211064851, "log10_subsample": -0.7394132166408568, "max_depth": 7.0, "num_boost_round": 0.0}, "datetime": {"datetime": "2024-01-19 00:24:46", "elapsed": 780.739471, "delta": 34.953305}}
{"target": -17.678056052771105, "params": {"gamma": 962.9853059704743, "log10_alpha": -1.8742718785990862, "log10_colsample_bytree": -0.03416616475914358, "log10_eta": -1.4054383332668818, "log10_lambda": -4.431221924598844, "log10_min_child_weight": 0.646288211064851, "log10_subsample": -0.7394132166408568, "max_depth": 7.0, "num_boost_round": 1.0}, "datetime": {"datetime": "2024-01-19 00:24:46", "elapsed": 780.741086, "delta": 0.001615}}
{"target": -17.67767513501115, "params": {"gamma": 962.9853059704743, "log10_alpha": -1.8742718785990862, "log10_colsample_bytree": -0.03416616475914358, "log10_eta": -1.4054383332668818, "log10_lambda": -4.431221924598844, "log10_min_child_weight": 0.646288211064851, "log10_subsample": -0.7394132166408568, "max_depth": 7.0, "num_boost_round": 2.0}, "datetime": {"datetime": "2024-01-19 00:24:46", "elapsed": 780.742594, "delta": 0.001508}}
{"target": -17.676023467411735, "params": {"gamma": 962.9853059704743, "log10_alpha": -1.8742718785990862, "log10_colsample_bytree": -0.03416616475914358, "log10_eta": -1.4054383332668818, "log10_lambda": -4.431221924598844, "log10_min_child_weight": 0.646288211064851, "log10_subsample": -0.7394132166408568, "max_depth": 7.0, "num_boost_round": 3.0}, "datetime": {"datetime": "2024-01-19 00:24:46", "elapsed": 780.743904, "delta": 0.00131}}
{"target": -17.679627473844523, "params": {"gamma": 962.9853059704743, "log10_alpha": -1.8742718785990862, "log10_colsample_bytree": -0.03416616475914358, "log10_eta": -1.4054383332668818, "log10_lambda": -4.431221924598844, "log10_min_child_weight": 0.646288211064851, "log10_subsample": -0.7394132166408568, "max_depth": 7.0, "num_boost_round": 4.0}, "datetime": {"datetime": "2024-01-19 00:24:46", "elapsed": 780.745079, "delta": 0.001175}}
{"target": -17.68119160823211, "params": {"gamma": 962.9853059704743, "log10_alpha": -1.8742718785990862, "log10_colsample_bytree": -0.03416616475914358, "log10_eta": -1.4054383332668818, "log10_lambda": -4.431221924598844, "log10_min_child_weight": 0.646288211064851, "log10_subsample": -0.7394132166408568, "max_depth": 7.0, "num_boost_round": 5.0}, "datetime": {"datetime": "2024-01-19 00:24:46", "elapsed": 780.746581, "delta": 0.001502}}
{"target": -17.684575960128882, "params": {"gamma": 962.9853059704743, "log10_alpha": -1.8742718785990862, "log10_colsample_bytree": -0.03416616475914358, "log10_eta": -1.4054383332668818, "log10_lambda": -4.431221924598844, "log10_min_child_weight": 0.646288211064851, "log10_subsample": -0.7394132166408568, "max_depth": 7.0, "num_boost_round": 6.0}, "datetime": {"datetime": "2024-01-19 00:24:46", "elapsed": 780.747759, "delta": 0.001178}}
{"target": -17.687776718722116, "params": {"gamma": 962.9853059704743, "log10_alpha": -1.8742718785990862, "log10_colsample_bytree": -0.03416616475914358, "log10_eta": -1.4054383332668818, "log10_lambda": -4.431221924598844, "log10_min_child_weight": 0.646288211064851, "log10_subsample": -0.7394132166408568, "max_depth": 7.0, "num_boost_round": 7.0}, "datetime": {"datetime": "2024-01-19 00:24:46", "elapsed": 780.748967, "delta": 0.001208}}
{"target": -17.691102365478887, "params": {"gamma": 962.9853059704743, "log10_alpha": -1.8742718785990862, "log10_colsample_bytree": -0.03416616475914358, "log10_eta": -1.4054383332668818, "log10_lambda": -4.431221924598844, "log10_min_child_weight": 0.646288211064851, "log10_subsample": -0.7394132166408568, "max_depth": 7.0, "num_boost_round": 8.0}, "datetime": {"datetime": "2024-01-19 00:24:46", "elapsed": 780.750261, "delta": 0.001294}}
{"target": -17.691794166515415, "params": {"gamma": 962.9853059704743, "log10_alpha": -1.8742718785990862, "log10_colsample_bytree": -0.03416616475914358, "log10_eta": -1.4054383332668818, "log10_lambda": -4.431221924598844, "log10_min_child_weight": 0.646288211064851, "log10_subsample": -0.7394132166408568, "max_depth": 7.0, "num_boost_round": 9.0}, "datetime": {"datetime": "2024-01-19 00:24:46", "elapsed": 780.751465, "delta": 0.001204}}
{"target": -17.69705210813322, "params": {"gamma": 962.9853059704743, "log10_alpha": -1.8742718785990862, "log10_colsample_bytree": -0.03416616475914358, "log10_eta": -1.4054383332668818, "log10_lambda": -4.431221924598844, "log10_min_child_weight": 0.646288211064851, "log10_subsample": -0.7394132166408568, "max_depth": 7.0, "num_boost_round": 10.0}, "datetime": {"datetime": "2024-01-19 00:24:46", "elapsed": 780.752629, "delta": 0.001164}}
{"target": -17.700168172737566, "params": {"gamma": 962.9853059704743, "log10_alpha": -1.8742718785990862, "log10_colsample_bytree": -0.03416616475914358, "log10_eta": -1.4054383332668818, "log10_lambda": -4.431221924598844, "log10_min_child_weight": 0.646288211064851, "log10_subsample": -0.7394132166408568, "max_depth": 7.0, "num_boost_round": 11.0}, "datetime": {"datetime": "2024-01-19 00:24:46", "elapsed": 780.753788, "delta": 0.001159}}
{"target": -17.702064588786524, "params": {"gamma": 962.9853059704743, "log10_alpha": -1.8742718785990862, "log10_colsample_bytree": -0.03416616475914358, "log10_eta": -1.4054383332668818, "log10_lambda": -4.431221924598844, "log10_min_child_weight": 0.646288211064851, "log10_subsample": -0.7394132166408568, "max_depth": 7.0, "num_boost_round": 12.0}, "datetime": {"datetime": "2024-01-19 00:24:46", "elapsed": 780.754964, "delta": 0.001176}}
{"target": -17.70578677268316, "params": {"gamma": 962.9853059704743, "log10_alpha": -1.8742718785990862, "log10_colsample_bytree": -0.03416616475914358, "log10_eta": -1.4054383332668818, "log10_lambda": -4.431221924598844, "log10_min_child_weight": 0.646288211064851, "log10_subsample": -0.7394132166408568, "max_depth": 7.0, "num_boost_round": 13.0}, "datetime": {"datetime": "2024-01-19 00:24:46", "elapsed": 780.756118, "delta": 0.001154}}
{"target": -17.710763983085194, "params": {"gamma": 962.9853059704743, "log10_alpha": -1.8742718785990862, "log10_colsample_bytree": -0.03416616475914358, "log10_eta": -1.4054383332668818, "log10_lambda": -4.431221924598844, "log10_min_child_weight": 0.646288211064851, "log10_subsample": -0.7394132166408568, "max_depth": 7.0, "num_boost_round": 14.0}, "datetime": {"datetime": "2024-01-19 00:24:46", "elapsed": 780.757283, "delta": 0.001165}}
{"target": -17.713664620993207, "params": {"gamma": 962.9853059704743, "log10_alpha": -1.8742718785990862, "log10_colsample_bytree": -0.03416616475914358, "log10_eta": -1.4054383332668818, "log10_lambda": -4.431221924598844, "log10_min_child_weight": 0.646288211064851, "log10_subsample": -0.7394132166408568, "max_depth": 7.0, "num_boost_round": 15.0}, "datetime": {"datetime": "2024-01-19 00:24:46", "elapsed": 780.758457, "delta": 0.001174}}
{"target": -17.716478634827595, "params": {"gamma": 962.9853059704743, "log10_alpha": -1.8742718785990862, "log10_colsample_bytree": -0.03416616475914358, "log10_eta": -1.4054383332668818, "log10_lambda": -4.431221924598844, "log10_min_child_weight": 0.646288211064851, "log10_subsample": -0.7394132166408568, "max_depth": 7.0, "num_boost_round": 16.0}, "datetime": {"datetime": "2024-01-19 00:24:46", "elapsed": 780.759629, "delta": 0.001172}}
{"target": -17.718349294122167, "params": {"gamma": 962.9853059704743, "log10_alpha": -1.8742718785990862, "log10_colsample_bytree": -0.03416616475914358, "log10_eta": -1.4054383332668818, "log10_lambda": -4.431221924598844, "log10_min_child_weight": 0.646288211064851, "log10_subsample": -0.7394132166408568, "max_depth": 7.0, "num_boost_round": 17.0}, "datetime": {"datetime": "2024-01-19 00:24:46", "elapsed": 780.760837, "delta": 0.001208}}
{"target": -17.722144157378036, "params": {"gamma": 962.9853059704743, "log10_alpha": -1.8742718785990862, "log10_colsample_bytree": -0.03416616475914358, "log10_eta": -1.4054383332668818, "log10_lambda": -4.431221924598844, "log10_min_child_weight": 0.646288211064851, "log10_subsample": -0.7394132166408568, "max_depth": 7.0, "num_boost_round": 18.0}, "datetime": {"datetime": "2024-01-19 00:24:46", "elapsed": 780.762028, "delta": 0.001191}}
{"target": -17.723571608228113, "params": {"gamma": 962.9853059704743, "log10_alpha": -1.8742718785990862, "log10_colsample_bytree": -0.03416616475914358, "log10_eta": -1.4054383332668818, "log10_lambda": -4.431221924598844, "log10_min_child_weight": 0.646288211064851, "log10_subsample": -0.7394132166408568, "max_depth": 7.0, "num_boost_round": 19.0}, "datetime": {"datetime": "2024-01-19 00:24:46", "elapsed": 780.763328, "delta": 0.0013}}
{"target": -17.72780323509476, "params": {"gamma": 962.9853059704743, "log10_alpha": -1.8742718785990862, "log10_colsample_bytree": -0.03416616475914358, "log10_eta": -1.4054383332668818, "log10_lambda": -4.431221924598844, "log10_min_child_weight": 0.646288211064851, "log10_subsample": -0.7394132166408568, "max_depth": 7.0, "num_boost_round": 20.0}, "datetime": {"datetime": "2024-01-19 00:24:46", "elapsed": 780.764613, "delta": 0.001285}}
{"target": -17.729900331578186, "params": {"gamma": 962.9853059704743, "log10_alpha": -1.8742718785990862, "log10_colsample_bytree": -0.03416616475914358, "log10_eta": -1.4054383332668818, "log10_lambda": -4.431221924598844, "log10_min_child_weight": 0.646288211064851, "log10_subsample": -0.7394132166408568, "max_depth": 7.0, "num_boost_round": 21.0}, "datetime": {"datetime": "2024-01-19 00:24:46", "elapsed": 780.765802, "delta": 0.001189}}
{"target": -17.72994828235957, "params": {"gamma": 962.9853059704743, "log10_alpha": -1.8742718785990862, "log10_colsample_bytree": -0.03416616475914358, "log10_eta": -1.4054383332668818, "log10_lambda": -4.431221924598844, "log10_min_child_weight": 0.646288211064851, "log10_subsample": -0.7394132166408568, "max_depth": 7.0, "num_boost_round": 22.0}, "datetime": {"datetime": "2024-01-19 00:24:46", "elapsed": 780.766995, "delta": 0.001193}}
{"target": -17.7362475050795, "params": {"gamma": 962.9853059704743, "log10_alpha": -1.8742718785990862, "log10_colsample_bytree": -0.03416616475914358, "log10_eta": -1.4054383332668818, "log10_lambda": -4.431221924598844, "log10_min_child_weight": 0.646288211064851, "log10_subsample": -0.7394132166408568, "max_depth": 7.0, "num_boost_round": 23.0}, "datetime": {"datetime": "2024-01-19 00:24:46", "elapsed": 780.768186, "delta": 0.001191}}
