{"target": -13.758533302921926, "params": {"gamma": 23.392124610890686, "log10_alpha": -4.466198688232553, "log10_colsample_bytree": -0.2168550759327733, "log10_eta": -3.627906130286058, "log10_lambda": -1.9199416251355959, "log10_min_child_weight": 4.518177482072559, "log10_subsample": -0.547217801565398, "max_depth": 9.0, "num_boost_round": 8.0}, "datetime": {"datetime": "2024-01-19 00:47:32", "elapsed": 2160.281043, "delta": 0.002867}}
{"target": -13.75853317559899, "params": {"gamma": 23.392124610890686, "log10_alpha": -4.466198688232553, "log10_colsample_bytree": -0.2168550759327733, "log10_eta": -3.627906130286058, "log10_lambda": -1.9199416251355959, "log10_min_child_weight": 4.518177482072559, "log10_subsample": -0.547217801565398, "max_depth": 9.0, "num_boost_round": 9.0}, "datetime": {"datetime": "2024-01-19 00:47:32", "elapsed": 2160.283796, "delta": 0.002753}}
{"target": -13.758533788869794, "params": {"gamma": 23.392124610890686, "log10_alpha": -4.466198688232553, "log10_colsample_bytree": -0.2168550759327733, "log10_eta": -3.627906130286058, "log10_lambda": -1.9199416251355959, "log10_min_child_weight": 4.518177482072559, "log10_subsample": -0.547217801565398, "max_depth": 9.0, "num_boost_round": 10.0}, "datetime": {"datetime": "2024-01-19 00:47:32", "elapsed": 2160.286015, "delta": 0.002219}}
{"target": -13.758532905248474, "params": {"gamma": 23.392124610890686, "log10_alpha": -4.466198688232553, "log10_colsample_bytree": -0.2168550759327733, "log10_eta": -3.627906130286058, "log10_lambda": -1.9199416251355959, "log10_min_child_weight": 4.518177482072559, "log10_subsample": -0.547217801565398, "max_depth": 9.0, "num_boost_round": 11.0}, "datetime": {"datetime": "2024-01-19 00:47:32", "elapsed": 2160.288469, "delta": 0.002454}}
{"target": -13.758533557714399, "params": {"gamma": 23.392124610890686, "log10_alpha": -4.466198688232553, "log10_colsample_bytree": -0.2168550759327733, "log10_eta": -3.627906130286058, "log10_lambda": -1.9199416251355959, "log10_min_child_weight": 4.518177482072559, "log10_subsample": -0.547217801565398, "max_depth": 9.0, "num_boost_round": 12.0}, "datetime": {"datetime": "2024-01-19 00:47:32", "elapsed": 2160.290738, "delta": 0.002269}}
{"target": -13.758533285472938, "params": {"gamma": 23.392124610890686, "log10_alpha": -4.466198688232553, "log10_colsample_bytree": -0.2168550759327733, "log10_eta": -3.627906130286058, "log10_lambda": -1.9199416251355959, "log10_min_child_weight": 4.518177482072559, "log10_subsample": -0.547217801565398, "max_depth": 9.0, "num_boost_round": 13.0}, "datetime": {"datetime": "2024-01-19 00:47:32", "elapsed": 2160.293133, "delta": 0.002395}}
{"target": -13.75853190846346, "params": {"gamma": 23.392124610890686, "log10_alpha": -4.466198688232553, "log10_colsample_bytree": -0.2168550759327733, "log10_eta": -3.627906130286058, "log10_lambda": -1.9199416251355959, "log10_min_child_weight": 4.518177482072559, "log10_subsample": -0.547217801565398, "max_depth": 9.0, "num_boost_round": 14.0}, "datetime": {"datetime": "2024-01-19 00:47:32", "elapsed": 2160.295451, "delta": 0.002318}}
{"target": -13.75853084494932, "params": {"gamma": 23.392124610890686, "log10_alpha": -4.466198688232553, "log10_colsample_bytree": -0.2168550759327733, "log10_eta": -3.627906130286058, "log10_lambda": -1.9199416251355959, "log10_min_child_weight": 4.518177482072559, "log10_subsample": -0.547217801565398, "max_depth": 9.0, "num_boost_round": 15.0}, "datetime": {"datetime": "2024-01-19 00:47:32", "elapsed": 2160.297742, "delta": 0.002291}}
{"target": -13.758530266709304, "params": {"gamma": 23.392124610890686, "log10_alpha": -4.466198688232553, "log10_colsample_bytree": -0.2168550759327733, "log10_eta": -3.627906130286058, "log10_lambda": -1.9199416251355959, "log10_min_child_weight": 4.518177482072559, "log10_subsample": -0.547217801565398, "max_depth": 9.0, "num_boost_round": 16.0}, "datetime": {"datetime": "2024-01-19 00:47:32", "elapsed": 2160.299934, "delta": 0.002192}}
{"target": -13.758539436352487, "params": {"gamma": 26.112053251957533, "log10_alpha": -3.137715583290828, "log10_colsample_bytree": -0.500021380173053, "log10_eta": -3.258955247402465, "log10_lambda": 0.1718168902207573, "log10_min_child_weight": 3.809741607404188, "log10_subsample": -0.4861419197670297, "max_depth": 5.0, "num_boost_round": 0.0}, "datetime": {"datetime": "2024-01-19 00:48:01", "elapsed": 2189.997403, "delta": 29.697469}}
{"target": -13.758540049093417, "params": {"gamma": 26.112053251957533, "log10_alpha": -3.137715583290828, "log10_colsample_bytree": -0.500021380173053, "log10_eta": -3.258955247402465, "log10_lambda": 0.1718168902207573, "log10_min_child_weight": 3.809741607404188, "log10_subsample": -0.4861419197670297, "max_depth": 5.0, "num_boost_round": 1.0}, "datetime": {"datetime": "2024-01-19 00:48:01", "elapsed": 2189.999814, "delta": 0.002411}}
{"target": -13.758544085541692, "params": {"gamma": 26.112053251957533, "log10_alpha": -3.137715583290828, "log10_colsample_bytree": -0.500021380173053, "log10_eta": -3.258955247402465, "log10_lambda": 0.1718168902207573, "log10_min_child_weight": 3.809741607404188, "log10_subsample": -0.4861419197670297, "max_depth": 5.0, "num_boost_round": 2.0}, "datetime": {"datetime": "2024-01-19 00:48:01", "elapsed": 2190.106453, "delta": 0.106639}}
{"target": -13.758544379158083, "params": {"gamma": 26.112053251957533, "log10_alpha": -3.137715583290828, "log10_colsample_bytree": -0.500021380173053, "log10_eta": -3.258955247402465, "log10_lambda": 0.1718168902207573, "log10_min_child_weight": 3.809741607404188, "log10_subsample": -0.4861419197670297, "max_depth": 5.0, "num_boost_round": 3.0}, "datetime": {"datetime": "2024-01-19 00:48:01", "elapsed": 2190.10981, "delta": 0.003357}}
{"target": -13.758538001578286, "params": {"gamma": 26.112053251957533, "log10_alpha": -3.137715583290828, "log10_colsample_bytree": -0.500021380173053, "log10_eta": -3.258955247402465, "log10_lambda": 0.1718168902207573, "log10_min_child_weight": 3.809741607404188, "log10_subsample": -0.4861419197670297, "max_depth": 5.0, "num_boost_round": 4.0}, "datetime": {"datetime": "2024-01-19 00:48:01", "elapsed": 2190.112269, "delta": 0.002459}}
{"target": -13.7585392155026, "params": {"gamma": 26.112053251957533, "log10_alpha": -3.137715583290828, "log10_colsample_bytree": -0.500021380173053, "log10_eta": -3.258955247402465, "log10_lambda": 0.1718168902207573, "log10_min_child_weight": 3.809741607404188, "log10_subsample": -0.4861419197670297, "max_depth": 5.0, "num_boost_round": 5.0}, "datetime": {"datetime": "2024-01-19 00:48:01", "elapsed": 2190.114769, "delta": 0.0025}}
{"target": -13.758542383810909, "params": {"gamma": 26.112053251957533, "log10_alpha": -3.137715583290828, "log10_colsample_bytree": -0.500021380173053, "log10_eta": -3.258955247402465, "log10_lambda": 0.1718168902207573, "log10_min_child_weight": 3.809741607404188, "log10_subsample": -0.4861419197670297, "max_depth": 5.0, "num_boost_round": 6.0}, "datetime": {"datetime": "2024-01-19 00:48:01", "elapsed": 2190.117072, "delta": 0.002303}}
{"target": -13.75853965125534, "params": {"gamma": 26.112053251957533, "log10_alpha": -3.137715583290828, "log10_colsample_bytree": -0.500021380173053, "log10_eta": -3.258955247402465, "log10_lambda": 0.1718168902207573, "log10_min_child_weight": 3.809741607404188, "log10_subsample": -0.4861419197670297, "max_depth": 5.0, "num_boost_round": 7.0}, "datetime": {"datetime": "2024-01-19 00:48:01", "elapsed": 2190.119388, "delta": 0.002316}}
{"target": -13.758537923766001, "params": {"gamma": 26.112053251957533, "log10_alpha": -3.137715583290828, "log10_colsample_bytree": -0.500021380173053, "log10_eta": -3.258955247402465, "log10_lambda": 0.1718168902207573, "log10_min_child_weight": 3.809741607404188, "log10_subsample": -0.4861419197670297, "max_depth": 5.0, "num_boost_round": 8.0}, "datetime": {"datetime": "2024-01-19 00:48:01", "elapsed": 2190.12174, "delta": 0.002352}}
{"target": -13.758534419948166, "params": {"gamma": 26.112053251957533, "log10_alpha": -3.137715583290828, "log10_colsample_bytree": -0.500021380173053, "log10_eta": -3.258955247402465, "log10_lambda": 0.1718168902207573, "log10_min_child_weight": 3.809741607404188, "log10_subsample": -0.4861419197670297, "max_depth": 5.0, "num_boost_round": 9.0}, "datetime": {"datetime": "2024-01-19 00:48:01", "elapsed": 2190.124091, "delta": 0.002351}}
{"target": -13.75852792165583, "params": {"gamma": 26.112053251957533, "log10_alpha": -3.137715583290828, "log10_colsample_bytree": -0.500021380173053, "log10_eta": -3.258955247402465, "log10_lambda": 0.1718168902207573, "log10_min_child_weight": 3.809741607404188, "log10_subsample": -0.4861419197670297, "max_depth": 5.0, "num_boost_round": 10.0}, "datetime": {"datetime": "2024-01-19 00:48:02", "elapsed": 2190.126478, "delta": 0.002387}}
{"target": -13.758519177105292, "params": {"gamma": 26.112053251957533, "log10_alpha": -3.137715583290828, "log10_colsample_bytree": -0.500021380173053, "log10_eta": -3.258955247402465, "log10_lambda": 0.1718168902207573, "log10_min_child_weight": 3.809741607404188, "log10_subsample": -0.4861419197670297, "max_depth": 5.0, "num_boost_round": 11.0}, "datetime": {"datetime": "2024-01-19 00:48:02", "elapsed": 2190.128871, "delta": 0.002393}}
{"target": -13.758514005482942, "params": {"gamma": 26.112053251957533, "log10_alpha": -3.137715583290828, "log10_colsample_bytree": -0.500021380173053, "log10_eta": -3.258955247402465, "log10_lambda": 0.1718168902207573, "log10_min_child_weight": 3.809741607404188, "log10_subsample": -0.4861419197670297, "max_depth": 5.0, "num_boost_round": 12.0}, "datetime": {"datetime": "2024-01-19 00:48:02", "elapsed": 2190.131197, "delta": 0.002326}}
{"target": -13.75851845628421, "params": {"gamma": 26.112053251957533, "log10_alpha": -3.137715583290828, "log10_colsample_bytree": -0.500021380173053, "log10_eta": -3.258955247402465, "log10_lambda": 0.1718168902207573, "log10_min_child_weight": 3.809741607404188, "log10_subsample": -0.4861419197670297, "max_depth": 5.0, "num_boost_round": 13.0}, "datetime": {"datetime": "2024-01-19 00:48:02", "elapsed": 2190.133564, "delta": 0.002367}}
{"target": -13.758515403628579, "params": {"gamma": 26.112053251957533, "log10_alpha": -3.137715583290828, "log10_colsample_bytree": -0.500021380173053, "log10_eta": -3.258955247402465, "log10_lambda": 0.1718168902207573, "log10_min_child_weight": 3.809741607404188, "log10_subsample": -0.4861419197670297, "max_depth": 5.0, "num_boost_round": 14.0}, "datetime": {"datetime": "2024-01-19 00:48:02", "elapsed": 2190.135942, "delta": 0.002378}}
{"target": -13.758502885977368, "params": {"gamma": 26.112053251957533, "log10_alpha": -3.137715583290828, "log10_colsample_bytree": -0.500021380173053, "log10_eta": -3.258955247402465, "log10_lambda": 0.1718168902207573, "log10_min_child_weight": 3.809741607404188, "log10_subsample": -0.4861419197670297, "max_depth": 5.0, "num_boost_round": 15.0}, "datetime": {"datetime": "2024-01-19 00:48:02", "elapsed": 2190.138285, "delta": 0.002343}}
{"target": -13.758504474932414, "params": {"gamma": 26.112053251957533, "log10_alpha": -3.137715583290828, "log10_colsample_bytree": -0.500021380173053, "log10_eta": -3.258955247402465, "log10_lambda": 0.1718168902207573, "log10_min_child_weight": 3.809741607404188, "log10_subsample": -0.4861419197670297, "max_depth": 5.0, "num_boost_round": 16.0}, "datetime": {"datetime": "2024-01-19 00:48:02", "elapsed": 2190.140658, "delta": 0.002373}}
{"target": -13.758532495794041, "params": {"gamma": 1.866891492789402, "log10_alpha": -3.2186041425337812, "log10_colsample_bytree": -0.09114801640548564, "log10_eta": -3.711831459235222, "log10_lambda": -2.132930992765143, "log10_min_child_weight": 3.456937083493706, "log10_subsample": -0.6406160861549828, "max_depth": 8.0, "num_boost_round": 0.0}, "datetime": {"datetime": "2024-01-19 00:48:26", "elapsed": 2214.273267, "delta": 24.132609}}
{"target": -13.758526143529327, "params": {"gamma": 1.866891492789402, "log10_alpha": -3.2186041425337812, "log10_colsample_bytree": -0.09114801640548564, "log10_eta": -3.711831459235222, "log10_lambda": -2.132930992765143, "log10_min_child_weight": 3.456937083493706, "log10_subsample": -0.6406160861549828, "max_depth": 8.0, "num_boost_round": 1.0}, "datetime": {"datetime": "2024-01-19 00:48:26", "elapsed": 2214.276505, "delta": 0.003238}}
{"target": -13.758522990259298, "params": {"gamma": 1.866891492789402, "log10_alpha": -3.2186041425337812, "log10_colsample_bytree": -0.09114801640548564, "log10_eta": -3.711831459235222, "log10_lambda": -2.132930992765143, "log10_min_child_weight": 3.456937083493706, "log10_subsample": -0.6406160861549828, "max_depth": 8.0, "num_boost_round": 2.0}, "datetime": {"datetime": "2024-01-19 00:48:26", "elapsed": 2214.279623, "delta": 0.003118}}
{"target": -13.758521188621836, "params": {"gamma": 1.866891492789402, "log10_alpha": -3.2186041425337812, "log10_colsample_bytree": -0.09114801640548564, "log10_eta": -3.711831459235222, "log10_lambda": -2.132930992765143, "log10_min_child_weight": 3.456937083493706, "log10_subsample": -0.6406160861549828, "max_depth": 8.0, "num_boost_round": 3.0}, "datetime": {"datetime": "2024-01-19 00:48:26", "elapsed": 2214.282825, "delta": 0.003202}}
{"target": -13.758520174833812, "params": {"gamma": 1.866891492789402, "log10_alpha": -3.2186041425337812, "log10_colsample_bytree": -0.09114801640548564, "log10_eta": -3.711831459235222, "log10_lambda": -2.132930992765143, "log10_min_child_weight": 3.456937083493706, "log10_subsample": -0.6406160861549828, "max_depth": 8.0, "num_boost_round": 4.0}, "datetime": {"datetime": "2024-01-19 00:48:26", "elapsed": 2214.285176, "delta": 0.002351}}
{"target": -13.758518427250733, "params": {"gamma": 1.866891492789402, "log10_alpha": -3.2186041425337812, "log10_colsample_bytree": -0.09114801640548564, "log10_eta": -3.711831459235222, "log10_lambda": -2.132930992765143, "log10_min_child_weight": 3.456937083493706, "log10_subsample": -0.6406160861549828, "max_depth": 8.0, "num_boost_round": 5.0}, "datetime": {"datetime": "2024-01-19 00:48:26", "elapsed": 2214.287487, "delta": 0.002311}}
{"target": -13.758512833645007, "params": {"gamma": 1.866891492789402, "log10_alpha": -3.2186041425337812, "log10_colsample_bytree": -0.09114801640548564, "log10_eta": -3.711831459235222, "log10_lambda": -2.132930992765143, "log10_min_child_weight": 3.456937083493706, "log10_subsample": -0.6406160861549828, "max_depth": 8.0, "num_boost_round": 6.0}, "datetime": {"datetime": "2024-01-19 00:48:26", "elapsed": 2214.289961, "delta": 0.002474}}
{"target": -13.758510766399102, "params": {"gamma": 1.866891492789402, "log10_alpha": -3.2186041425337812, "log10_colsample_bytree": -0.09114801640548564, "log10_eta": -3.711831459235222, "log10_lambda": -2.132930992765143, "log10_min_child_weight": 3.456937083493706, "log10_subsample": -0.6406160861549828, "max_depth": 8.0, "num_boost_round": 7.0}, "datetime": {"datetime": "2024-01-19 00:48:26", "elapsed": 2214.292425, "delta": 0.002464}}
{"target": -13.758506983457305, "params": {"gamma": 1.866891492789402, "log10_alpha": -3.2186041425337812, "log10_colsample_bytree": -0.09114801640548564, "log10_eta": -3.711831459235222, "log10_lambda": -2.132930992765143, "log10_min_child_weight": 3.456937083493706, "log10_subsample": -0.6406160861549828, "max_depth": 8.0, "num_boost_round": 8.0}, "datetime": {"datetime": "2024-01-19 00:48:26", "elapsed": 2214.294888, "delta": 0.002463}}
{"target": -13.75850710350906, "params": {"gamma": 1.866891492789402, "log10_alpha": -3.2186041425337812, "log10_colsample_bytree": -0.09114801640548564, "log10_eta": -3.711831459235222, "log10_lambda": -2.132930992765143, "log10_min_child_weight": 3.456937083493706, "log10_subsample": -0.6406160861549828, "max_depth": 8.0, "num_boost_round": 9.0}, "datetime": {"datetime": "2024-01-19 00:48:26", "elapsed": 2214.297388, "delta": 0.0025}}
{"target": -13.758505355106408, "params": {"gamma": 1.866891492789402, "log10_alpha": -3.2186041425337812, "log10_colsample_bytree": -0.09114801640548564, "log10_eta": -3.711831459235222, "log10_lambda": -2.132930992765143, "log10_min_child_weight": 3.456937083493706, "log10_subsample": -0.6406160861549828, "max_depth": 8.0, "num_boost_round": 10.0}, "datetime": {"datetime": "2024-01-19 00:48:26", "elapsed": 2214.299802, "delta": 0.002414}}
{"target": -13.758501932906476, "params": {"gamma": 1.866891492789402, "log10_alpha": -3.2186041425337812, "log10_colsample_bytree": -0.09114801640548564, "log10_eta": -3.711831459235222, "log10_lambda": -2.132930992765143, "log10_min_child_weight": 3.456937083493706, "log10_subsample": -0.6406160861549828, "max_depth": 8.0, "num_boost_round": 11.0}, "datetime": {"datetime": "2024-01-19 00:48:26", "elapsed": 2214.302117, "delta": 0.002315}}
{"target": -13.758502798323002, "params": {"gamma": 1.866891492789402, "log10_alpha": -3.2186041425337812, "log10_colsample_bytree": -0.09114801640548564, "log10_eta": -3.711831459235222, "log10_lambda": -2.132930992765143, "log10_min_child_weight": 3.456937083493706, "log10_subsample": -0.6406160861549828, "max_depth": 8.0, "num_boost_round": 12.0}, "datetime": {"datetime": "2024-01-19 00:48:26", "elapsed": 2214.304432, "delta": 0.002315}}
{"target": -13.758498645731258, "params": {"gamma": 1.866891492789402, "log10_alpha": -3.2186041425337812, "log10_colsample_bytree": -0.09114801640548564, "log10_eta": -3.711831459235222, "log10_lambda": -2.132930992765143, "log10_min_child_weight": 3.456937083493706, "log10_subsample": -0.6406160861549828, "max_depth": 8.0, "num_boost_round": 13.0}, "datetime": {"datetime": "2024-01-19 00:48:26", "elapsed": 2214.306734, "delta": 0.002302}}
{"target": -13.75850267432481, "params": {"gamma": 28.249829190878593, "log10_alpha": -3.588232120467782, "log10_colsample_bytree": -0.6590509277667536, "log10_eta": -2.270954220486189, "log10_lambda": 0.8190610621879788, "log10_min_child_weight": 3.36758816699873, "log10_subsample": -0.5754834494469708, "max_depth": 2.0, "num_boost_round": 0.0}, "datetime": {"datetime": "2024-01-19 00:48:50", "elapsed": 2238.291566, "delta": 23.984832}}
{"target": -13.758432919795256, "params": {"gamma": 28.249829190878593, "log10_alpha": -3.588232120467782, "log10_colsample_bytree": -0.6590509277667536, "log10_eta": -2.270954220486189, "log10_lambda": 0.8190610621879788, "log10_min_child_weight": 3.36758816699873, "log10_subsample": -0.5754834494469708, "max_depth": 2.0, "num_boost_round": 1.0}, "datetime": {"datetime": "2024-01-19 00:48:50", "elapsed": 2238.294504, "delta": 0.002938}}
{"target": -13.758454456073748, "params": {"gamma": 28.249829190878593, "log10_alpha": -3.588232120467782, "log10_colsample_bytree": -0.6590509277667536, "log10_eta": -2.270954220486189, "log10_lambda": 0.8190610621879788, "log10_min_child_weight": 3.36758816699873, "log10_subsample": -0.5754834494469708, "max_depth": 2.0, "num_boost_round": 2.0}, "datetime": {"datetime": "2024-01-19 00:48:50", "elapsed": 2238.296816, "delta": 0.002312}}
{"target": -13.758439324338902, "params": {"gamma": 28.249829190878593, "log10_alpha": -3.588232120467782, "log10_colsample_bytree": -0.6590509277667536, "log10_eta": -2.270954220486189, "log10_lambda": 0.8190610621879788, "log10_min_child_weight": 3.36758816699873, "log10_subsample": -0.5754834494469708, "max_depth": 2.0, "num_boost_round": 3.0}, "datetime": {"datetime": "2024-01-19 00:48:50", "elapsed": 2238.299118, "delta": 0.002302}}
{"target": -13.758427203042402, "params": {"gamma": 28.249829190878593, "log10_alpha": -3.588232120467782, "log10_colsample_bytree": -0.6590509277667536, "log10_eta": -2.270954220486189, "log10_lambda": 0.8190610621879788, "log10_min_child_weight": 3.36758816699873, "log10_subsample": -0.5754834494469708, "max_depth": 2.0, "num_boost_round": 4.0}, "datetime": {"datetime": "2024-01-19 00:48:50", "elapsed": 2238.301458, "delta": 0.00234}}
{"target": -13.75843369563107, "params": {"gamma": 28.249829190878593, "log10_alpha": -3.588232120467782, "log10_colsample_bytree": -0.6590509277667536, "log10_eta": -2.270954220486189, "log10_lambda": 0.8190610621879788, "log10_min_child_weight": 3.36758816699873, "log10_subsample": -0.5754834494469708, "max_depth": 2.0, "num_boost_round": 5.0}, "datetime": {"datetime": "2024-01-19 00:48:50", "elapsed": 2238.303818, "delta": 0.00236}}
{"target": -13.758409392872471, "params": {"gamma": 28.249829190878593, "log10_alpha": -3.588232120467782, "log10_colsample_bytree": -0.6590509277667536, "log10_eta": -2.270954220486189, "log10_lambda": 0.8190610621879788, "log10_min_child_weight": 3.36758816699873, "log10_subsample": -0.5754834494469708, "max_depth": 2.0, "num_boost_round": 6.0}, "datetime": {"datetime": "2024-01-19 00:48:50", "elapsed": 2238.306155, "delta": 0.002337}}
{"target": -13.758366164172767, "params": {"gamma": 28.249829190878593, "log10_alpha": -3.588232120467782, "log10_colsample_bytree": -0.6590509277667536, "log10_eta": -2.270954220486189, "log10_lambda": 0.8190610621879788, "log10_min_child_weight": 3.36758816699873, "log10_subsample": -0.5754834494469708, "max_depth": 2.0, "num_boost_round": 7.0}, "datetime": {"datetime": "2024-01-19 00:48:50", "elapsed": 2238.308505, "delta": 0.00235}}
{"target": -13.75829236052571, "params": {"gamma": 28.249829190878593, "log10_alpha": -3.588232120467782, "log10_colsample_bytree": -0.6590509277667536, "log10_eta": -2.270954220486189, "log10_lambda": 0.8190610621879788, "log10_min_child_weight": 3.36758816699873, "log10_subsample": -0.5754834494469708, "max_depth": 2.0, "num_boost_round": 8.0}, "datetime": {"datetime": "2024-01-19 00:48:50", "elapsed": 2238.310826, "delta": 0.002321}}
