{"target": -17.672146172531825, "params": {"gamma": 188.5327697027386, "log10_alpha": 0.3896398859259458, "log10_colsample_bytree": -0.03235583968153943, "log10_eta": -1.5723971890952906, "log10_lambda": -0.032754945060183616, "log10_min_child_weight": 0.015839290849138377, "log10_subsample": -0.5372736575533458, "max_depth": 3.0, "num_boost_round": 11.0}, "datetime": {"datetime": "2024-01-19 00:18:02", "elapsed": 367.391503, "delta": 0.000623}}
{"target": -17.67186059892476, "params": {"gamma": 188.5327697027386, "log10_alpha": 0.3896398859259458, "log10_colsample_bytree": -0.03235583968153943, "log10_eta": -1.5723971890952906, "log10_lambda": -0.032754945060183616, "log10_min_child_weight": 0.015839290849138377, "log10_subsample": -0.5372736575533458, "max_depth": 3.0, "num_boost_round": 12.0}, "datetime": {"datetime": "2024-01-19 00:18:02", "elapsed": 367.392082, "delta": 0.000579}}
{"target": -17.672279198314577, "params": {"gamma": 188.5327697027386, "log10_alpha": 0.3896398859259458, "log10_colsample_bytree": -0.03235583968153943, "log10_eta": -1.5723971890952906, "log10_lambda": -0.032754945060183616, "log10_min_child_weight": 0.015839290849138377, "log10_subsample": -0.5372736575533458, "max_depth": 3.0, "num_boost_round": 13.0}, "datetime": {"datetime": "2024-01-19 00:18:02", "elapsed": 367.396386, "delta": 0.004304}}
{"target": -17.672463175948085, "params": {"gamma": 188.5327697027386, "log10_alpha": 0.3896398859259458, "log10_colsample_bytree": -0.03235583968153943, "log10_eta": -1.5723971890952906, "log10_lambda": -0.032754945060183616, "log10_min_child_weight": 0.015839290849138377, "log10_subsample": -0.5372736575533458, "max_depth": 3.0, "num_boost_round": 14.0}, "datetime": {"datetime": "2024-01-19 00:18:02", "elapsed": 367.396956, "delta": 0.00057}}
{"target": -17.67259758286642, "params": {"gamma": 188.5327697027386, "log10_alpha": 0.3896398859259458, "log10_colsample_bytree": -0.03235583968153943, "log10_eta": -1.5723971890952906, "log10_lambda": -0.032754945060183616, "log10_min_child_weight": 0.015839290849138377, "log10_subsample": -0.5372736575533458, "max_depth": 3.0, "num_boost_round": 15.0}, "datetime": {"datetime": "2024-01-19 00:18:02", "elapsed": 367.397637, "delta": 0.000681}}
{"target": -17.672686499544714, "params": {"gamma": 188.5327697027386, "log10_alpha": 0.3896398859259458, "log10_colsample_bytree": -0.03235583968153943, "log10_eta": -1.5723971890952906, "log10_lambda": -0.032754945060183616, "log10_min_child_weight": 0.015839290849138377, "log10_subsample": -0.5372736575533458, "max_depth": 3.0, "num_boost_round": 16.0}, "datetime": {"datetime": "2024-01-19 00:18:02", "elapsed": 367.398223, "delta": 0.000586}}
{"target": -17.672876312126228, "params": {"gamma": 188.5327697027386, "log10_alpha": 0.3896398859259458, "log10_colsample_bytree": -0.03235583968153943, "log10_eta": -1.5723971890952906, "log10_lambda": -0.032754945060183616, "log10_min_child_weight": 0.015839290849138377, "log10_subsample": -0.5372736575533458, "max_depth": 3.0, "num_boost_round": 17.0}, "datetime": {"datetime": "2024-01-19 00:18:02", "elapsed": 367.398839, "delta": 0.000616}}
{"target": -17.67306232116955, "params": {"gamma": 188.5327697027386, "log10_alpha": 0.3896398859259458, "log10_colsample_bytree": -0.03235583968153943, "log10_eta": -1.5723971890952906, "log10_lambda": -0.032754945060183616, "log10_min_child_weight": 0.015839290849138377, "log10_subsample": -0.5372736575533458, "max_depth": 3.0, "num_boost_round": 18.0}, "datetime": {"datetime": "2024-01-19 00:18:02", "elapsed": 367.399424, "delta": 0.000585}}
{"target": -17.673880321850497, "params": {"gamma": 188.5327697027386, "log10_alpha": 0.3896398859259458, "log10_colsample_bytree": -0.03235583968153943, "log10_eta": -1.5723971890952906, "log10_lambda": -0.032754945060183616, "log10_min_child_weight": 0.015839290849138377, "log10_subsample": -0.5372736575533458, "max_depth": 3.0, "num_boost_round": 19.0}, "datetime": {"datetime": "2024-01-19 00:18:02", "elapsed": 367.400005, "delta": 0.000581}}
{"target": -17.673206794252692, "params": {"gamma": 188.5327697027386, "log10_alpha": 0.3896398859259458, "log10_colsample_bytree": -0.03235583968153943, "log10_eta": -1.5723971890952906, "log10_lambda": -0.032754945060183616, "log10_min_child_weight": 0.015839290849138377, "log10_subsample": -0.5372736575533458, "max_depth": 3.0, "num_boost_round": 20.0}, "datetime": {"datetime": "2024-01-19 00:18:02", "elapsed": 367.400588, "delta": 0.000583}}
{"target": -17.67330675247639, "params": {"gamma": 188.5327697027386, "log10_alpha": 0.3896398859259458, "log10_colsample_bytree": -0.03235583968153943, "log10_eta": -1.5723971890952906, "log10_lambda": -0.032754945060183616, "log10_min_child_weight": 0.015839290849138377, "log10_subsample": -0.5372736575533458, "max_depth": 3.0, "num_boost_round": 21.0}, "datetime": {"datetime": "2024-01-19 00:18:02", "elapsed": 367.401186, "delta": 0.000598}}
{"target": -17.67397244204358, "params": {"gamma": 188.5327697027386, "log10_alpha": 0.3896398859259458, "log10_colsample_bytree": -0.03235583968153943, "log10_eta": -1.5723971890952906, "log10_lambda": -0.032754945060183616, "log10_min_child_weight": 0.015839290849138377, "log10_subsample": -0.5372736575533458, "max_depth": 3.0, "num_boost_round": 22.0}, "datetime": {"datetime": "2024-01-19 00:18:02", "elapsed": 367.401778, "delta": 0.000592}}
{"target": -17.674529814417284, "params": {"gamma": 188.5327697027386, "log10_alpha": 0.3896398859259458, "log10_colsample_bytree": -0.03235583968153943, "log10_eta": -1.5723971890952906, "log10_lambda": -0.032754945060183616, "log10_min_child_weight": 0.015839290849138377, "log10_subsample": -0.5372736575533458, "max_depth": 3.0, "num_boost_round": 23.0}, "datetime": {"datetime": "2024-01-19 00:18:02", "elapsed": 367.402367, "delta": 0.000589}}
{"target": -17.675817764229734, "params": {"gamma": 188.5327697027386, "log10_alpha": 0.3896398859259458, "log10_colsample_bytree": -0.03235583968153943, "log10_eta": -1.5723971890952906, "log10_lambda": -0.032754945060183616, "log10_min_child_weight": 0.015839290849138377, "log10_subsample": -0.5372736575533458, "max_depth": 3.0, "num_boost_round": 24.0}, "datetime": {"datetime": "2024-01-19 00:18:02", "elapsed": 367.402965, "delta": 0.000598}}
{"target": -17.677186951445194, "params": {"gamma": 184.29388392451162, "log10_alpha": -1.8896909130456652, "log10_colsample_bytree": -0.19907321473062933, "log10_eta": -2.953808511774612, "log10_lambda": 0.299289750194065, "log10_min_child_weight": 0.6219333366806457, "log10_subsample": -0.044088896270013, "max_depth": 7.0, "num_boost_round": 0.0}, "datetime": {"datetime": "2024-01-19 00:18:24", "elapsed": 388.619442, "delta": 21.216477}}
{"target": -17.677103562615134, "params": {"gamma": 184.29388392451162, "log10_alpha": -1.8896909130456652, "log10_colsample_bytree": -0.19907321473062933, "log10_eta": -2.953808511774612, "log10_lambda": 0.299289750194065, "log10_min_child_weight": 0.6219333366806457, "log10_subsample": -0.044088896270013, "max_depth": 7.0, "num_boost_round": 1.0}, "datetime": {"datetime": "2024-01-19 00:18:24", "elapsed": 388.620282, "delta": 0.00084}}
{"target": -17.677097666059964, "params": {"gamma": 184.29388392451162, "log10_alpha": -1.8896909130456652, "log10_colsample_bytree": -0.19907321473062933, "log10_eta": -2.953808511774612, "log10_lambda": 0.299289750194065, "log10_min_child_weight": 0.6219333366806457, "log10_subsample": -0.044088896270013, "max_depth": 7.0, "num_boost_round": 2.0}, "datetime": {"datetime": "2024-01-19 00:18:24", "elapsed": 388.620887, "delta": 0.000605}}
{"target": -17.677051891487952, "params": {"gamma": 184.29388392451162, "log10_alpha": -1.8896909130456652, "log10_colsample_bytree": -0.19907321473062933, "log10_eta": -2.953808511774612, "log10_lambda": 0.299289750194065, "log10_min_child_weight": 0.6219333366806457, "log10_subsample": -0.044088896270013, "max_depth": 7.0, "num_boost_round": 3.0}, "datetime": {"datetime": "2024-01-19 00:18:24", "elapsed": 388.62174, "delta": 0.000853}}
{"target": -17.676995171895815, "params": {"gamma": 184.29388392451162, "log10_alpha": -1.8896909130456652, "log10_colsample_bytree": -0.19907321473062933, "log10_eta": -2.953808511774612, "log10_lambda": 0.299289750194065, "log10_min_child_weight": 0.6219333366806457, "log10_subsample": -0.044088896270013, "max_depth": 7.0, "num_boost_round": 4.0}, "datetime": {"datetime": "2024-01-19 00:18:24", "elapsed": 388.62258, "delta": 0.00084}}
{"target": -17.676943074812744, "params": {"gamma": 184.29388392451162, "log10_alpha": -1.8896909130456652, "log10_colsample_bytree": -0.19907321473062933, "log10_eta": -2.953808511774612, "log10_lambda": 0.299289750194065, "log10_min_child_weight": 0.6219333366806457, "log10_subsample": -0.044088896270013, "max_depth": 7.0, "num_boost_round": 5.0}, "datetime": {"datetime": "2024-01-19 00:18:24", "elapsed": 388.623316, "delta": 0.000736}}
{"target": -17.67692382955398, "params": {"gamma": 184.29388392451162, "log10_alpha": -1.8896909130456652, "log10_colsample_bytree": -0.19907321473062933, "log10_eta": -2.953808511774612, "log10_lambda": 0.299289750194065, "log10_min_child_weight": 0.6219333366806457, "log10_subsample": -0.044088896270013, "max_depth": 7.0, "num_boost_round": 6.0}, "datetime": {"datetime": "2024-01-19 00:18:24", "elapsed": 388.623924, "delta": 0.000608}}
{"target": -17.676816220852686, "params": {"gamma": 184.29388392451162, "log10_alpha": -1.8896909130456652, "log10_colsample_bytree": -0.19907321473062933, "log10_eta": -2.953808511774612, "log10_lambda": 0.299289750194065, "log10_min_child_weight": 0.6219333366806457, "log10_subsample": -0.044088896270013, "max_depth": 7.0, "num_boost_round": 7.0}, "datetime": {"datetime": "2024-01-19 00:18:24", "elapsed": 388.624673, "delta": 0.000749}}
{"target": -17.676688242929185, "params": {"gamma": 184.29388392451162, "log10_alpha": -1.8896909130456652, "log10_colsample_bytree": -0.19907321473062933, "log10_eta": -2.953808511774612, "log10_lambda": 0.299289750194065, "log10_min_child_weight": 0.6219333366806457, "log10_subsample": -0.044088896270013, "max_depth": 7.0, "num_boost_round": 8.0}, "datetime": {"datetime": "2024-01-19 00:18:24", "elapsed": 388.625273, "delta": 0.0006}}
{"target": -17.676653993739322, "params": {"gamma": 184.29388392451162, "log10_alpha": -1.8896909130456652, "log10_colsample_bytree": -0.19907321473062933, "log10_eta": -2.953808511774612, "log10_lambda": 0.299289750194065, "log10_min_child_weight": 0.6219333366806457, "log10_subsample": -0.044088896270013, "max_depth": 7.0, "num_boost_round": 9.0}, "datetime": {"datetime": "2024-01-19 00:18:24", "elapsed": 388.625879, "delta": 0.000606}}
{"target": -17.676547731304602, "params": {"gamma": 184.29388392451162, "log10_alpha": -1.8896909130456652, "log10_colsample_bytree": -0.19907321473062933, "log10_eta": -2.953808511774612, "log10_lambda": 0.299289750194065, "log10_min_child_weight": 0.6219333366806457, "log10_subsample": -0.044088896270013, "max_depth": 7.0, "num_boost_round": 10.0}, "datetime": {"datetime": "2024-01-19 00:18:24", "elapsed": 388.626481, "delta": 0.000602}}
{"target": -17.676469349596584, "params": {"gamma": 184.29388392451162, "log10_alpha": -1.8896909130456652, "log10_colsample_bytree": -0.19907321473062933, "log10_eta": -2.953808511774612, "log10_lambda": 0.299289750194065, "log10_min_child_weight": 0.6219333366806457, "log10_subsample": -0.044088896270013, "max_depth": 7.0, "num_boost_round": 11.0}, "datetime": {"datetime": "2024-01-19 00:18:24", "elapsed": 388.62722, "delta": 0.000739}}
{"target": -17.68278791195722, "params": {"gamma": 178.2735983462904, "log10_alpha": -4.240812774032925, "log10_colsample_bytree": -0.45712960764955723, "log10_eta": -0.19777138185436538, "log10_lambda": -4.838452654299491, "log10_min_child_weight": 4.77352241147133, "log10_subsample": -0.07519143232567138, "max_depth": 3.0, "num_boost_round": 0.0}, "datetime": {"datetime": "2024-01-19 00:18:47", "elapsed": 411.962174, "delta": 23.334954}}
{"target": -17.687612014772018, "params": {"gamma": 178.2735983462904, "log10_alpha": -4.240812774032925, "log10_colsample_bytree": -0.45712960764955723, "log10_eta": -0.19777138185436538, "log10_lambda": -4.838452654299491, "log10_min_child_weight": 4.77352241147133, "log10_subsample": -0.07519143232567138, "max_depth": 3.0, "num_boost_round": 1.0}, "datetime": {"datetime": "2024-01-19 00:18:47", "elapsed": 411.963277, "delta": 0.001103}}
{"target": -17.710052949731253, "params": {"gamma": 178.2735983462904, "log10_alpha": -4.240812774032925, "log10_colsample_bytree": -0.45712960764955723, "log10_eta": -0.19777138185436538, "log10_lambda": -4.838452654299491, "log10_min_child_weight": 4.77352241147133, "log10_subsample": -0.07519143232567138, "max_depth": 3.0, "num_boost_round": 2.0}, "datetime": {"datetime": "2024-01-19 00:18:47", "elapsed": 411.96403, "delta": 0.000753}}
{"target": -17.72146262916227, "params": {"gamma": 178.2735983462904, "log10_alpha": -4.240812774032925, "log10_colsample_bytree": -0.45712960764955723, "log10_eta": -0.19777138185436538, "log10_lambda": -4.838452654299491, "log10_min_child_weight": 4.77352241147133, "log10_subsample": -0.07519143232567138, "max_depth": 3.0, "num_boost_round": 3.0}, "datetime": {"datetime": "2024-01-19 00:18:47", "elapsed": 411.964765, "delta": 0.000735}}
{"target": -17.729578675052704, "params": {"gamma": 178.2735983462904, "log10_alpha": -4.240812774032925, "log10_colsample_bytree": -0.45712960764955723, "log10_eta": -0.19777138185436538, "log10_lambda": -4.838452654299491, "log10_min_child_weight": 4.77352241147133, "log10_subsample": -0.07519143232567138, "max_depth": 3.0, "num_boost_round": 4.0}, "datetime": {"datetime": "2024-01-19 00:18:47", "elapsed": 411.965372, "delta": 0.000607}}
{"target": -17.73356570952344, "params": {"gamma": 178.2735983462904, "log10_alpha": -4.240812774032925, "log10_colsample_bytree": -0.45712960764955723, "log10_eta": -0.19777138185436538, "log10_lambda": -4.838452654299491, "log10_min_child_weight": 4.77352241147133, "log10_subsample": -0.07519143232567138, "max_depth": 3.0, "num_boost_round": 5.0}, "datetime": {"datetime": "2024-01-19 00:18:47", "elapsed": 411.965967, "delta": 0.000595}}
{"target": -17.735323515981733, "params": {"gamma": 178.2735983462904, "log10_alpha": -4.240812774032925, "log10_colsample_bytree": -0.45712960764955723, "log10_eta": -0.19777138185436538, "log10_lambda": -4.838452654299491, "log10_min_child_weight": 4.77352241147133, "log10_subsample": -0.07519143232567138, "max_depth": 3.0, "num_boost_round": 6.0}, "datetime": {"datetime": "2024-01-19 00:18:47", "elapsed": 411.966574, "delta": 0.000607}}
{"target": -17.743941283360982, "params": {"gamma": 178.2735983462904, "log10_alpha": -4.240812774032925, "log10_colsample_bytree": -0.45712960764955723, "log10_eta": -0.19777138185436538, "log10_lambda": -4.838452654299491, "log10_min_child_weight": 4.77352241147133, "log10_subsample": -0.07519143232567138, "max_depth": 3.0, "num_boost_round": 7.0}, "datetime": {"datetime": "2024-01-19 00:18:47", "elapsed": 411.96742, "delta": 0.000846}}
{"target": -17.748726357871796, "params": {"gamma": 178.2735983462904, "log10_alpha": -4.240812774032925, "log10_colsample_bytree": -0.45712960764955723, "log10_eta": -0.19777138185436538, "log10_lambda": -4.838452654299491, "log10_min_child_weight": 4.77352241147133, "log10_subsample": -0.07519143232567138, "max_depth": 3.0, "num_boost_round": 8.0}, "datetime": {"datetime": "2024-01-19 00:18:47", "elapsed": 411.968041, "delta": 0.000621}}
{"target": -17.7471749482318, "params": {"gamma": 178.2735983462904, "log10_alpha": -4.240812774032925, "log10_colsample_bytree": -0.45712960764955723, "log10_eta": -0.19777138185436538, "log10_lambda": -4.838452654299491, "log10_min_child_weight": 4.77352241147133, "log10_subsample": -0.07519143232567138, "max_depth": 3.0, "num_boost_round": 9.0}, "datetime": {"datetime": "2024-01-19 00:18:47", "elapsed": 411.968653, "delta": 0.000612}}
{"target": -17.74455132870917, "params": {"gamma": 178.2735983462904, "log10_alpha": -4.240812774032925, "log10_colsample_bytree": -0.45712960764955723, "log10_eta": -0.19777138185436538, "log10_lambda": -4.838452654299491, "log10_min_child_weight": 4.77352241147133, "log10_subsample": -0.07519143232567138, "max_depth": 3.0, "num_boost_round": 10.0}, "datetime": {"datetime": "2024-01-19 00:18:47", "elapsed": 411.969273, "delta": 0.00062}}
{"target": -17.74657770756121, "params": {"gamma": 178.2735983462904, "log10_alpha": -4.240812774032925, "log10_colsample_bytree": -0.45712960764955723, "log10_eta": -0.19777138185436538, "log10_lambda": -4.838452654299491, "log10_min_child_weight": 4.77352241147133, "log10_subsample": -0.07519143232567138, "max_depth": 3.0, "num_boost_round": 11.0}, "datetime": {"datetime": "2024-01-19 00:18:47", "elapsed": 411.970223, "delta": 0.00095}}
{"target": -17.74870188209404, "params": {"gamma": 178.2735983462904, "log10_alpha": -4.240812774032925, "log10_colsample_bytree": -0.45712960764955723, "log10_eta": -0.19777138185436538, "log10_lambda": -4.838452654299491, "log10_min_child_weight": 4.77352241147133, "log10_subsample": -0.07519143232567138, "max_depth": 3.0, "num_boost_round": 12.0}, "datetime": {"datetime": "2024-01-19 00:18:47", "elapsed": 411.970876, "delta": 0.000653}}
{"target": -17.75727435617681, "params": {"gamma": 178.2735983462904, "log10_alpha": -4.240812774032925, "log10_colsample_bytree": -0.45712960764955723, "log10_eta": -0.19777138185436538, "log10_lambda": -4.838452654299491, "log10_min_child_weight": 4.77352241147133, "log10_subsample": -0.07519143232567138, "max_depth": 3.0, "num_boost_round": 13.0}, "datetime": {"datetime": "2024-01-19 00:18:47", "elapsed": 411.971575, "delta": 0.000699}}
{"target": -17.760480180151685, "params": {"gamma": 178.2735983462904, "log10_alpha": -4.240812774032925, "log10_colsample_bytree": -0.45712960764955723, "log10_eta": -0.19777138185436538, "log10_lambda": -4.838452654299491, "log10_min_child_weight": 4.77352241147133, "log10_subsample": -0.07519143232567138, "max_depth": 3.0, "num_boost_round": 14.0}, "datetime": {"datetime": "2024-01-19 00:18:47", "elapsed": 411.972192, "delta": 0.000617}}
{"target": -17.75569235345921, "params": {"gamma": 178.2735983462904, "log10_alpha": -4.240812774032925, "log10_colsample_bytree": -0.45712960764955723, "log10_eta": -0.19777138185436538, "log10_lambda": -4.838452654299491, "log10_min_child_weight": 4.77352241147133, "log10_subsample": -0.07519143232567138, "max_depth": 3.0, "num_boost_round": 15.0}, "datetime": {"datetime": "2024-01-19 00:18:47", "elapsed": 411.972806, "delta": 0.000614}}
{"target": -17.759123307479648, "params": {"gamma": 178.2735983462904, "log10_alpha": -4.240812774032925, "log10_colsample_bytree": -0.45712960764955723, "log10_eta": -0.19777138185436538, "log10_lambda": -4.838452654299491, "log10_min_child_weight": 4.77352241147133, "log10_subsample": -0.07519143232567138, "max_depth": 3.0, "num_boost_round": 16.0}, "datetime": {"datetime": "2024-01-19 00:18:47", "elapsed": 411.973423, "delta": 0.000617}}
{"target": -17.764105227159728, "params": {"gamma": 178.2735983462904, "log10_alpha": -4.240812774032925, "log10_colsample_bytree": -0.45712960764955723, "log10_eta": -0.19777138185436538, "log10_lambda": -4.838452654299491, "log10_min_child_weight": 4.77352241147133, "log10_subsample": -0.07519143232567138, "max_depth": 3.0, "num_boost_round": 17.0}, "datetime": {"datetime": "2024-01-19 00:18:47", "elapsed": 411.974043, "delta": 0.00062}}
{"target": -17.769306034775262, "params": {"gamma": 178.2735983462904, "log10_alpha": -4.240812774032925, "log10_colsample_bytree": -0.45712960764955723, "log10_eta": -0.19777138185436538, "log10_lambda": -4.838452654299491, "log10_min_child_weight": 4.77352241147133, "log10_subsample": -0.07519143232567138, "max_depth": 3.0, "num_boost_round": 18.0}, "datetime": {"datetime": "2024-01-19 00:18:47", "elapsed": 411.974684, "delta": 0.000641}}
{"target": -17.775360153664007, "params": {"gamma": 178.2735983462904, "log10_alpha": -4.240812774032925, "log10_colsample_bytree": -0.45712960764955723, "log10_eta": -0.19777138185436538, "log10_lambda": -4.838452654299491, "log10_min_child_weight": 4.77352241147133, "log10_subsample": -0.07519143232567138, "max_depth": 3.0, "num_boost_round": 19.0}, "datetime": {"datetime": "2024-01-19 00:18:47", "elapsed": 411.975311, "delta": 0.000627}}
{"target": -17.77469538939475, "params": {"gamma": 178.2735983462904, "log10_alpha": -4.240812774032925, "log10_colsample_bytree": -0.45712960764955723, "log10_eta": -0.19777138185436538, "log10_lambda": -4.838452654299491, "log10_min_child_weight": 4.77352241147133, "log10_subsample": -0.07519143232567138, "max_depth": 3.0, "num_boost_round": 20.0}, "datetime": {"datetime": "2024-01-19 00:18:47", "elapsed": 411.975931, "delta": 0.00062}}
{"target": -17.777117119229754, "params": {"gamma": 178.2735983462904, "log10_alpha": -4.240812774032925, "log10_colsample_bytree": -0.45712960764955723, "log10_eta": -0.19777138185436538, "log10_lambda": -4.838452654299491, "log10_min_child_weight": 4.77352241147133, "log10_subsample": -0.07519143232567138, "max_depth": 3.0, "num_boost_round": 21.0}, "datetime": {"datetime": "2024-01-19 00:18:47", "elapsed": 411.976561, "delta": 0.00063}}
{"target": -17.77626881479187, "params": {"gamma": 178.2735983462904, "log10_alpha": -4.240812774032925, "log10_colsample_bytree": -0.45712960764955723, "log10_eta": -0.19777138185436538, "log10_lambda": -4.838452654299491, "log10_min_child_weight": 4.77352241147133, "log10_subsample": -0.07519143232567138, "max_depth": 3.0, "num_boost_round": 22.0}, "datetime": {"datetime": "2024-01-19 00:18:47", "elapsed": 411.977186, "delta": 0.000625}}
