{"target": -17.676803350685383, "params": {"gamma": 714.5647410222499, "log10_alpha": -3.7691456089347892, "log10_colsample_bytree": -0.9276053649281988, "log10_eta": -2.854751910008964, "log10_lambda": -1.2555155770518298, "log10_min_child_weight": 1.618321644539621, "log10_subsample": -0.19459007357189584, "max_depth": 6.0, "num_boost_round": 10.0}, "datetime": {"datetime": "2024-01-19 00:32:04", "elapsed": 1231.541012, "delta": 0.001618}}
{"target": -17.676784456234195, "params": {"gamma": 714.5647410222499, "log10_alpha": -3.7691456089347892, "log10_colsample_bytree": -0.9276053649281988, "log10_eta": -2.854751910008964, "log10_lambda": -1.2555155770518298, "log10_min_child_weight": 1.618321644539621, "log10_subsample": -0.19459007357189584, "max_depth": 6.0, "num_boost_round": 11.0}, "datetime": {"datetime": "2024-01-19 00:32:04", "elapsed": 1231.542597, "delta": 0.001585}}
{"target": -17.676752221115425, "params": {"gamma": 714.5647410222499, "log10_alpha": -3.7691456089347892, "log10_colsample_bytree": -0.9276053649281988, "log10_eta": -2.854751910008964, "log10_lambda": -1.2555155770518298, "log10_min_child_weight": 1.618321644539621, "log10_subsample": -0.19459007357189584, "max_depth": 6.0, "num_boost_round": 12.0}, "datetime": {"datetime": "2024-01-19 00:32:04", "elapsed": 1231.544187, "delta": 0.00159}}
{"target": -17.676716902789405, "params": {"gamma": 714.5647410222499, "log10_alpha": -3.7691456089347892, "log10_colsample_bytree": -0.9276053649281988, "log10_eta": -2.854751910008964, "log10_lambda": -1.2555155770518298, "log10_min_child_weight": 1.618321644539621, "log10_subsample": -0.19459007357189584, "max_depth": 6.0, "num_boost_round": 13.0}, "datetime": {"datetime": "2024-01-19 00:32:04", "elapsed": 1231.545762, "delta": 0.001575}}
{"target": -17.676706691212793, "params": {"gamma": 714.5647410222499, "log10_alpha": -3.7691456089347892, "log10_colsample_bytree": -0.9276053649281988, "log10_eta": -2.854751910008964, "log10_lambda": -1.2555155770518298, "log10_min_child_weight": 1.618321644539621, "log10_subsample": -0.19459007357189584, "max_depth": 6.0, "num_boost_round": 14.0}, "datetime": {"datetime": "2024-01-19 00:32:04", "elapsed": 1231.547362, "delta": 0.0016}}
{"target": -17.676655850126206, "params": {"gamma": 714.5647410222499, "log10_alpha": -3.7691456089347892, "log10_colsample_bytree": -0.9276053649281988, "log10_eta": -2.854751910008964, "log10_lambda": -1.2555155770518298, "log10_min_child_weight": 1.618321644539621, "log10_subsample": -0.19459007357189584, "max_depth": 6.0, "num_boost_round": 15.0}, "datetime": {"datetime": "2024-01-19 00:32:04", "elapsed": 1231.548947, "delta": 0.001585}}
{"target": -17.67667493986241, "params": {"gamma": 714.5647410222499, "log10_alpha": -3.7691456089347892, "log10_colsample_bytree": -0.9276053649281988, "log10_eta": -2.854751910008964, "log10_lambda": -1.2555155770518298, "log10_min_child_weight": 1.618321644539621, "log10_subsample": -0.19459007357189584, "max_depth": 6.0, "num_boost_round": 16.0}, "datetime": {"datetime": "2024-01-19 00:32:04", "elapsed": 1231.550521, "delta": 0.001574}}
{"target": -17.676609479854996, "params": {"gamma": 714.5647410222499, "log10_alpha": -3.7691456089347892, "log10_colsample_bytree": -0.9276053649281988, "log10_eta": -2.854751910008964, "log10_lambda": -1.2555155770518298, "log10_min_child_weight": 1.618321644539621, "log10_subsample": -0.19459007357189584, "max_depth": 6.0, "num_boost_round": 17.0}, "datetime": {"datetime": "2024-01-19 00:32:04", "elapsed": 1231.552133, "delta": 0.001612}}
{"target": -17.67654979188946, "params": {"gamma": 714.5647410222499, "log10_alpha": -3.7691456089347892, "log10_colsample_bytree": -0.9276053649281988, "log10_eta": -2.854751910008964, "log10_lambda": -1.2555155770518298, "log10_min_child_weight": 1.618321644539621, "log10_subsample": -0.19459007357189584, "max_depth": 6.0, "num_boost_round": 18.0}, "datetime": {"datetime": "2024-01-19 00:32:04", "elapsed": 1231.553739, "delta": 0.001606}}
{"target": -17.67646342082398, "params": {"gamma": 714.5647410222499, "log10_alpha": -3.7691456089347892, "log10_colsample_bytree": -0.9276053649281988, "log10_eta": -2.854751910008964, "log10_lambda": -1.2555155770518298, "log10_min_child_weight": 1.618321644539621, "log10_subsample": -0.19459007357189584, "max_depth": 6.0, "num_boost_round": 19.0}, "datetime": {"datetime": "2024-01-19 00:32:04", "elapsed": 1231.555311, "delta": 0.001572}}
{"target": -17.676393731069645, "params": {"gamma": 714.5647410222499, "log10_alpha": -3.7691456089347892, "log10_colsample_bytree": -0.9276053649281988, "log10_eta": -2.854751910008964, "log10_lambda": -1.2555155770518298, "log10_min_child_weight": 1.618321644539621, "log10_subsample": -0.19459007357189584, "max_depth": 6.0, "num_boost_round": 20.0}, "datetime": {"datetime": "2024-01-19 00:32:04", "elapsed": 1231.556887, "delta": 0.001576}}
{"target": -17.67624850615726, "params": {"gamma": 714.5647410222499, "log10_alpha": -3.7691456089347892, "log10_colsample_bytree": -0.9276053649281988, "log10_eta": -2.854751910008964, "log10_lambda": -1.2555155770518298, "log10_min_child_weight": 1.618321644539621, "log10_subsample": -0.19459007357189584, "max_depth": 6.0, "num_boost_round": 21.0}, "datetime": {"datetime": "2024-01-19 00:32:04", "elapsed": 1231.558486, "delta": 0.001599}}
{"target": -17.676207040603718, "params": {"gamma": 714.5647410222499, "log10_alpha": -3.7691456089347892, "log10_colsample_bytree": -0.9276053649281988, "log10_eta": -2.854751910008964, "log10_lambda": -1.2555155770518298, "log10_min_child_weight": 1.618321644539621, "log10_subsample": -0.19459007357189584, "max_depth": 6.0, "num_boost_round": 22.0}, "datetime": {"datetime": "2024-01-19 00:32:04", "elapsed": 1231.56012, "delta": 0.001634}}
{"target": -17.67611957563865, "params": {"gamma": 714.5647410222499, "log10_alpha": -3.7691456089347892, "log10_colsample_bytree": -0.9276053649281988, "log10_eta": -2.854751910008964, "log10_lambda": -1.2555155770518298, "log10_min_child_weight": 1.618321644539621, "log10_subsample": -0.19459007357189584, "max_depth": 6.0, "num_boost_round": 23.0}, "datetime": {"datetime": "2024-01-19 00:32:04", "elapsed": 1231.561716, "delta": 0.001596}}
{"target": -17.676124211394953, "params": {"gamma": 714.5647410222499, "log10_alpha": -3.7691456089347892, "log10_colsample_bytree": -0.9276053649281988, "log10_eta": -2.854751910008964, "log10_lambda": -1.2555155770518298, "log10_min_child_weight": 1.618321644539621, "log10_subsample": -0.19459007357189584, "max_depth": 6.0, "num_boost_round": 24.0}, "datetime": {"datetime": "2024-01-19 00:32:04", "elapsed": 1231.563294, "delta": 0.001578}}
{"target": -17.676028716447565, "params": {"gamma": 714.5647410222499, "log10_alpha": -3.7691456089347892, "log10_colsample_bytree": -0.9276053649281988, "log10_eta": -2.854751910008964, "log10_lambda": -1.2555155770518298, "log10_min_child_weight": 1.618321644539621, "log10_subsample": -0.19459007357189584, "max_depth": 6.0, "num_boost_round": 25.0}, "datetime": {"datetime": "2024-01-19 00:32:04", "elapsed": 1231.564873, "delta": 0.001579}}
{"target": -17.676046504345518, "params": {"gamma": 714.5647410222499, "log10_alpha": -3.7691456089347892, "log10_colsample_bytree": -0.9276053649281988, "log10_eta": -2.854751910008964, "log10_lambda": -1.2555155770518298, "log10_min_child_weight": 1.618321644539621, "log10_subsample": -0.19459007357189584, "max_depth": 6.0, "num_boost_round": 26.0}, "datetime": {"datetime": "2024-01-19 00:32:04", "elapsed": 1231.566467, "delta": 0.001594}}
{"target": -17.676019805867522, "params": {"gamma": 714.5647410222499, "log10_alpha": -3.7691456089347892, "log10_colsample_bytree": -0.9276053649281988, "log10_eta": -2.854751910008964, "log10_lambda": -1.2555155770518298, "log10_min_child_weight": 1.618321644539621, "log10_subsample": -0.19459007357189584, "max_depth": 6.0, "num_boost_round": 27.0}, "datetime": {"datetime": "2024-01-19 00:32:04", "elapsed": 1231.568063, "delta": 0.001596}}
{"target": -17.67597983618891, "params": {"gamma": 714.5647410222499, "log10_alpha": -3.7691456089347892, "log10_colsample_bytree": -0.9276053649281988, "log10_eta": -2.854751910008964, "log10_lambda": -1.2555155770518298, "log10_min_child_weight": 1.618321644539621, "log10_subsample": -0.19459007357189584, "max_depth": 6.0, "num_boost_round": 28.0}, "datetime": {"datetime": "2024-01-19 00:32:04", "elapsed": 1231.569639, "delta": 0.001576}}
{"target": -17.67586117414484, "params": {"gamma": 714.5647410222499, "log10_alpha": -3.7691456089347892, "log10_colsample_bytree": -0.9276053649281988, "log10_eta": -2.854751910008964, "log10_lambda": -1.2555155770518298, "log10_min_child_weight": 1.618321644539621, "log10_subsample": -0.19459007357189584, "max_depth": 6.0, "num_boost_round": 29.0}, "datetime": {"datetime": "2024-01-19 00:32:04", "elapsed": 1231.571246, "delta": 0.001607}}
{"target": -17.67575615915324, "params": {"gamma": 714.5647410222499, "log10_alpha": -3.7691456089347892, "log10_colsample_bytree": -0.9276053649281988, "log10_eta": -2.854751910008964, "log10_lambda": -1.2555155770518298, "log10_min_child_weight": 1.618321644539621, "log10_subsample": -0.19459007357189584, "max_depth": 6.0, "num_boost_round": 30.0}, "datetime": {"datetime": "2024-01-19 00:32:04", "elapsed": 1231.572847, "delta": 0.001601}}
{"target": -17.675688983780912, "params": {"gamma": 714.5647410222499, "log10_alpha": -3.7691456089347892, "log10_colsample_bytree": -0.9276053649281988, "log10_eta": -2.854751910008964, "log10_lambda": -1.2555155770518298, "log10_min_child_weight": 1.618321644539621, "log10_subsample": -0.19459007357189584, "max_depth": 6.0, "num_boost_round": 31.0}, "datetime": {"datetime": "2024-01-19 00:32:04", "elapsed": 1231.574461, "delta": 0.001614}}
{"target": -17.67564083307307, "params": {"gamma": 714.5647410222499, "log10_alpha": -3.7691456089347892, "log10_colsample_bytree": -0.9276053649281988, "log10_eta": -2.854751910008964, "log10_lambda": -1.2555155770518298, "log10_min_child_weight": 1.618321644539621, "log10_subsample": -0.19459007357189584, "max_depth": 6.0, "num_boost_round": 32.0}, "datetime": {"datetime": "2024-01-19 00:32:04", "elapsed": 1231.576038, "delta": 0.001577}}
{"target": -17.675548012805272, "params": {"gamma": 714.5647410222499, "log10_alpha": -3.7691456089347892, "log10_colsample_bytree": -0.9276053649281988, "log10_eta": -2.854751910008964, "log10_lambda": -1.2555155770518298, "log10_min_child_weight": 1.618321644539621, "log10_subsample": -0.19459007357189584, "max_depth": 6.0, "num_boost_round": 33.0}, "datetime": {"datetime": "2024-01-19 00:32:04", "elapsed": 1231.577641, "delta": 0.001603}}
{"target": -17.675439599060883, "params": {"gamma": 714.5647410222499, "log10_alpha": -3.7691456089347892, "log10_colsample_bytree": -0.9276053649281988, "log10_eta": -2.854751910008964, "log10_lambda": -1.2555155770518298, "log10_min_child_weight": 1.618321644539621, "log10_subsample": -0.19459007357189584, "max_depth": 6.0, "num_boost_round": 34.0}, "datetime": {"datetime": "2024-01-19 00:32:04", "elapsed": 1231.579269, "delta": 0.001628}}
{"target": -17.67540796178083, "params": {"gamma": 714.5647410222499, "log10_alpha": -3.7691456089347892, "log10_colsample_bytree": -0.9276053649281988, "log10_eta": -2.854751910008964, "log10_lambda": -1.2555155770518298, "log10_min_child_weight": 1.618321644539621, "log10_subsample": -0.19459007357189584, "max_depth": 6.0, "num_boost_round": 35.0}, "datetime": {"datetime": "2024-01-19 00:32:04", "elapsed": 1231.580886, "delta": 0.001617}}
{"target": -17.675388081782334, "params": {"gamma": 714.5647410222499, "log10_alpha": -3.7691456089347892, "log10_colsample_bytree": -0.9276053649281988, "log10_eta": -2.854751910008964, "log10_lambda": -1.2555155770518298, "log10_min_child_weight": 1.618321644539621, "log10_subsample": -0.19459007357189584, "max_depth": 6.0, "num_boost_round": 36.0}, "datetime": {"datetime": "2024-01-19 00:32:04", "elapsed": 1231.582492, "delta": 0.001606}}
{"target": -17.675353898558146, "params": {"gamma": 714.5647410222499, "log10_alpha": -3.7691456089347892, "log10_colsample_bytree": -0.9276053649281988, "log10_eta": -2.854751910008964, "log10_lambda": -1.2555155770518298, "log10_min_child_weight": 1.618321644539621, "log10_subsample": -0.19459007357189584, "max_depth": 6.0, "num_boost_round": 37.0}, "datetime": {"datetime": "2024-01-19 00:32:04", "elapsed": 1231.584066, "delta": 0.001574}}
{"target": -17.675280847382158, "params": {"gamma": 714.5647410222499, "log10_alpha": -3.7691456089347892, "log10_colsample_bytree": -0.9276053649281988, "log10_eta": -2.854751910008964, "log10_lambda": -1.2555155770518298, "log10_min_child_weight": 1.618321644539621, "log10_subsample": -0.19459007357189584, "max_depth": 6.0, "num_boost_round": 38.0}, "datetime": {"datetime": "2024-01-19 00:32:04", "elapsed": 1231.585677, "delta": 0.001611}}
{"target": -17.67529392114139, "params": {"gamma": 714.5647410222499, "log10_alpha": -3.7691456089347892, "log10_colsample_bytree": -0.9276053649281988, "log10_eta": -2.854751910008964, "log10_lambda": -1.2555155770518298, "log10_min_child_weight": 1.618321644539621, "log10_subsample": -0.19459007357189584, "max_depth": 6.0, "num_boost_round": 39.0}, "datetime": {"datetime": "2024-01-19 00:32:04", "elapsed": 1231.587297, "delta": 0.00162}}
{"target": -17.675275106679127, "params": {"gamma": 714.5647410222499, "log10_alpha": -3.7691456089347892, "log10_colsample_bytree": -0.9276053649281988, "log10_eta": -2.854751910008964, "log10_lambda": -1.2555155770518298, "log10_min_child_weight": 1.618321644539621, "log10_subsample": -0.19459007357189584, "max_depth": 6.0, "num_boost_round": 40.0}, "datetime": {"datetime": "2024-01-19 00:32:04", "elapsed": 1231.589628, "delta": 0.002331}}
{"target": -17.675243351871444, "params": {"gamma": 714.5647410222499, "log10_alpha": -3.7691456089347892, "log10_colsample_bytree": -0.9276053649281988, "log10_eta": -2.854751910008964, "log10_lambda": -1.2555155770518298, "log10_min_child_weight": 1.618321644539621, "log10_subsample": -0.19459007357189584, "max_depth": 6.0, "num_boost_round": 41.0}, "datetime": {"datetime": "2024-01-19 00:32:04", "elapsed": 1231.591213, "delta": 0.001585}}
{"target": -17.675241361918737, "params": {"gamma": 714.5647410222499, "log10_alpha": -3.7691456089347892, "log10_colsample_bytree": -0.9276053649281988, "log10_eta": -2.854751910008964, "log10_lambda": -1.2555155770518298, "log10_min_child_weight": 1.618321644539621, "log10_subsample": -0.19459007357189584, "max_depth": 6.0, "num_boost_round": 42.0}, "datetime": {"datetime": "2024-01-19 00:32:04", "elapsed": 1231.592915, "delta": 0.001702}}
{"target": -17.675204917936032, "params": {"gamma": 714.5647410222499, "log10_alpha": -3.7691456089347892, "log10_colsample_bytree": -0.9276053649281988, "log10_eta": -2.854751910008964, "log10_lambda": -1.2555155770518298, "log10_min_child_weight": 1.618321644539621, "log10_subsample": -0.19459007357189584, "max_depth": 6.0, "num_boost_round": 43.0}, "datetime": {"datetime": "2024-01-19 00:32:04", "elapsed": 1231.594588, "delta": 0.001673}}
{"target": -17.675207830480915, "params": {"gamma": 714.5647410222499, "log10_alpha": -3.7691456089347892, "log10_colsample_bytree": -0.9276053649281988, "log10_eta": -2.854751910008964, "log10_lambda": -1.2555155770518298, "log10_min_child_weight": 1.618321644539621, "log10_subsample": -0.19459007357189584, "max_depth": 6.0, "num_boost_round": 44.0}, "datetime": {"datetime": "2024-01-19 00:32:04", "elapsed": 1231.596274, "delta": 0.001686}}
{"target": -17.675175270870735, "params": {"gamma": 714.5647410222499, "log10_alpha": -3.7691456089347892, "log10_colsample_bytree": -0.9276053649281988, "log10_eta": -2.854751910008964, "log10_lambda": -1.2555155770518298, "log10_min_child_weight": 1.618321644539621, "log10_subsample": -0.19459007357189584, "max_depth": 6.0, "num_boost_round": 45.0}, "datetime": {"datetime": "2024-01-19 00:32:04", "elapsed": 1231.597845, "delta": 0.001571}}
{"target": -17.67519704775125, "params": {"gamma": 714.5647410222499, "log10_alpha": -3.7691456089347892, "log10_colsample_bytree": -0.9276053649281988, "log10_eta": -2.854751910008964, "log10_lambda": -1.2555155770518298, "log10_min_child_weight": 1.618321644539621, "log10_subsample": -0.19459007357189584, "max_depth": 6.0, "num_boost_round": 46.0}, "datetime": {"datetime": "2024-01-19 00:32:04", "elapsed": 1231.599432, "delta": 0.001587}}
{"target": -17.67507250699037, "params": {"gamma": 714.5647410222499, "log10_alpha": -3.7691456089347892, "log10_colsample_bytree": -0.9276053649281988, "log10_eta": -2.854751910008964, "log10_lambda": -1.2555155770518298, "log10_min_child_weight": 1.618321644539621, "log10_subsample": -0.19459007357189584, "max_depth": 6.0, "num_boost_round": 47.0}, "datetime": {"datetime": "2024-01-19 00:32:04", "elapsed": 1231.601009, "delta": 0.001577}}
{"target": -17.6750036807393, "params": {"gamma": 714.5647410222499, "log10_alpha": -3.7691456089347892, "log10_colsample_bytree": -0.9276053649281988, "log10_eta": -2.854751910008964, "log10_lambda": -1.2555155770518298, "log10_min_child_weight": 1.618321644539621, "log10_subsample": -0.19459007357189584, "max_depth": 6.0, "num_boost_round": 48.0}, "datetime": {"datetime": "2024-01-19 00:32:04", "elapsed": 1231.602608, "delta": 0.001599}}
{"target": -17.67502991658515, "params": {"gamma": 714.5647410222499, "log10_alpha": -3.7691456089347892, "log10_colsample_bytree": -0.9276053649281988, "log10_eta": -2.854751910008964, "log10_lambda": -1.2555155770518298, "log10_min_child_weight": 1.618321644539621, "log10_subsample": -0.19459007357189584, "max_depth": 6.0, "num_boost_round": 49.0}, "datetime": {"datetime": "2024-01-19 00:32:04", "elapsed": 1231.604265, "delta": 0.001657}}
{"target": -17.67505905131283, "params": {"gamma": 714.5647410222499, "log10_alpha": -3.7691456089347892, "log10_colsample_bytree": -0.9276053649281988, "log10_eta": -2.854751910008964, "log10_lambda": -1.2555155770518298, "log10_min_child_weight": 1.618321644539621, "log10_subsample": -0.19459007357189584, "max_depth": 6.0, "num_boost_round": 50.0}, "datetime": {"datetime": "2024-01-19 00:32:04", "elapsed": 1231.605886, "delta": 0.001621}}
{"target": -17.675060788085943, "params": {"gamma": 714.5647410222499, "log10_alpha": -3.7691456089347892, "log10_colsample_bytree": -0.9276053649281988, "log10_eta": -2.854751910008964, "log10_lambda": -1.2555155770518298, "log10_min_child_weight": 1.618321644539621, "log10_subsample": -0.19459007357189584, "max_depth": 6.0, "num_boost_round": 51.0}, "datetime": {"datetime": "2024-01-19 00:32:04", "elapsed": 1231.607538, "delta": 0.001652}}
{"target": -17.674997738491456, "params": {"gamma": 714.5647410222499, "log10_alpha": -3.7691456089347892, "log10_colsample_bytree": -0.9276053649281988, "log10_eta": -2.854751910008964, "log10_lambda": -1.2555155770518298, "log10_min_child_weight": 1.618321644539621, "log10_subsample": -0.19459007357189584, "max_depth": 6.0, "num_boost_round": 52.0}, "datetime": {"datetime": "2024-01-19 00:32:04", "elapsed": 1231.609182, "delta": 0.001644}}
{"target": -17.67494037378243, "params": {"gamma": 714.5647410222499, "log10_alpha": -3.7691456089347892, "log10_colsample_bytree": -0.9276053649281988, "log10_eta": -2.854751910008964, "log10_lambda": -1.2555155770518298, "log10_min_child_weight": 1.618321644539621, "log10_subsample": -0.19459007357189584, "max_depth": 6.0, "num_boost_round": 53.0}, "datetime": {"datetime": "2024-01-19 00:32:04", "elapsed": 1231.610798, "delta": 0.001616}}
{"target": -17.67485347632761, "params": {"gamma": 714.5647410222499, "log10_alpha": -3.7691456089347892, "log10_colsample_bytree": -0.9276053649281988, "log10_eta": -2.854751910008964, "log10_lambda": -1.2555155770518298, "log10_min_child_weight": 1.618321644539621, "log10_subsample": -0.19459007357189584, "max_depth": 6.0, "num_boost_round": 54.0}, "datetime": {"datetime": "2024-01-19 00:32:04", "elapsed": 1231.612441, "delta": 0.001643}}
{"target": -17.674772675472862, "params": {"gamma": 714.5647410222499, "log10_alpha": -3.7691456089347892, "log10_colsample_bytree": -0.9276053649281988, "log10_eta": -2.854751910008964, "log10_lambda": -1.2555155770518298, "log10_min_child_weight": 1.618321644539621, "log10_subsample": -0.19459007357189584, "max_depth": 6.0, "num_boost_round": 55.0}, "datetime": {"datetime": "2024-01-19 00:32:04", "elapsed": 1231.614063, "delta": 0.001622}}
{"target": -17.674706798089858, "params": {"gamma": 714.5647410222499, "log10_alpha": -3.7691456089347892, "log10_colsample_bytree": -0.9276053649281988, "log10_eta": -2.854751910008964, "log10_lambda": -1.2555155770518298, "log10_min_child_weight": 1.618321644539621, "log10_subsample": -0.19459007357189584, "max_depth": 6.0, "num_boost_round": 56.0}, "datetime": {"datetime": "2024-01-19 00:32:04", "elapsed": 1231.615684, "delta": 0.001621}}
{"target": -17.67465253384159, "params": {"gamma": 714.5647410222499, "log10_alpha": -3.7691456089347892, "log10_colsample_bytree": -0.9276053649281988, "log10_eta": -2.854751910008964, "log10_lambda": -1.2555155770518298, "log10_min_child_weight": 1.618321644539621, "log10_subsample": -0.19459007357189584, "max_depth": 6.0, "num_boost_round": 57.0}, "datetime": {"datetime": "2024-01-19 00:32:04", "elapsed": 1231.617318, "delta": 0.001634}}
{"target": -17.674570845085437, "params": {"gamma": 714.5647410222499, "log10_alpha": -3.7691456089347892, "log10_colsample_bytree": -0.9276053649281988, "log10_eta": -2.854751910008964, "log10_lambda": -1.2555155770518298, "log10_min_child_weight": 1.618321644539621, "log10_subsample": -0.19459007357189584, "max_depth": 6.0, "num_boost_round": 58.0}, "datetime": {"datetime": "2024-01-19 00:32:04", "elapsed": 1231.618956, "delta": 0.001638}}
