{"target": -13.758517023959532, "params": {"gamma": 886.8804640369692, "log10_alpha": -1.770990426614445, "log10_colsample_bytree": -0.04952302835656397, "log10_eta": -3.0450449563302606, "log10_lambda": -2.322525859601689, "log10_min_child_weight": 4.1809315133411715, "log10_subsample": -0.9291807463035601, "max_depth": 8.0, "num_boost_round": 2.0}, "datetime": {"datetime": "2024-01-19 00:14:17", "elapsed": 162.19912, "delta": 0.000542}}
{"target": -13.758511032626409, "params": {"gamma": 886.8804640369692, "log10_alpha": -1.770990426614445, "log10_colsample_bytree": -0.04952302835656397, "log10_eta": -3.0450449563302606, "log10_lambda": -2.322525859601689, "log10_min_child_weight": 4.1809315133411715, "log10_subsample": -0.9291807463035601, "max_depth": 8.0, "num_boost_round": 3.0}, "datetime": {"datetime": "2024-01-19 00:14:17", "elapsed": 162.199645, "delta": 0.000525}}
{"target": -13.758508629990715, "params": {"gamma": 886.8804640369692, "log10_alpha": -1.770990426614445, "log10_colsample_bytree": -0.04952302835656397, "log10_eta": -3.0450449563302606, "log10_lambda": -2.322525859601689, "log10_min_child_weight": 4.1809315133411715, "log10_subsample": -0.9291807463035601, "max_depth": 8.0, "num_boost_round": 4.0}, "datetime": {"datetime": "2024-01-19 00:14:17", "elapsed": 162.200165, "delta": 0.00052}}
{"target": -13.758510275248817, "params": {"gamma": 886.8804640369692, "log10_alpha": -1.770990426614445, "log10_colsample_bytree": -0.04952302835656397, "log10_eta": -3.0450449563302606, "log10_lambda": -2.322525859601689, "log10_min_child_weight": 4.1809315133411715, "log10_subsample": -0.9291807463035601, "max_depth": 8.0, "num_boost_round": 5.0}, "datetime": {"datetime": "2024-01-19 00:14:17", "elapsed": 162.200888, "delta": 0.000723}}
{"target": -13.758510409326464, "params": {"gamma": 886.8804640369692, "log10_alpha": -1.770990426614445, "log10_colsample_bytree": -0.04952302835656397, "log10_eta": -3.0450449563302606, "log10_lambda": -2.322525859601689, "log10_min_child_weight": 4.1809315133411715, "log10_subsample": -0.9291807463035601, "max_depth": 8.0, "num_boost_round": 6.0}, "datetime": {"datetime": "2024-01-19 00:14:17", "elapsed": 162.201411, "delta": 0.000523}}
{"target": -13.758510865409109, "params": {"gamma": 886.8804640369692, "log10_alpha": -1.770990426614445, "log10_colsample_bytree": -0.04952302835656397, "log10_eta": -3.0450449563302606, "log10_lambda": -2.322525859601689, "log10_min_child_weight": 4.1809315133411715, "log10_subsample": -0.9291807463035601, "max_depth": 8.0, "num_boost_round": 7.0}, "datetime": {"datetime": "2024-01-19 00:14:17", "elapsed": 162.201934, "delta": 0.000523}}
{"target": -13.758510788474567, "params": {"gamma": 886.8804640369692, "log10_alpha": -1.770990426614445, "log10_colsample_bytree": -0.04952302835656397, "log10_eta": -3.0450449563302606, "log10_lambda": -2.322525859601689, "log10_min_child_weight": 4.1809315133411715, "log10_subsample": -0.9291807463035601, "max_depth": 8.0, "num_boost_round": 8.0}, "datetime": {"datetime": "2024-01-19 00:14:17", "elapsed": 162.202449, "delta": 0.000515}}
{"target": -13.75851239547596, "params": {"gamma": 886.8804640369692, "log10_alpha": -1.770990426614445, "log10_colsample_bytree": -0.04952302835656397, "log10_eta": -3.0450449563302606, "log10_lambda": -2.322525859601689, "log10_min_child_weight": 4.1809315133411715, "log10_subsample": -0.9291807463035601, "max_depth": 8.0, "num_boost_round": 9.0}, "datetime": {"datetime": "2024-01-19 00:14:17", "elapsed": 162.202972, "delta": 0.000523}}
{"target": -13.758505500549928, "params": {"gamma": 886.8804640369692, "log10_alpha": -1.770990426614445, "log10_colsample_bytree": -0.04952302835656397, "log10_eta": -3.0450449563302606, "log10_lambda": -2.322525859601689, "log10_min_child_weight": 4.1809315133411715, "log10_subsample": -0.9291807463035601, "max_depth": 8.0, "num_boost_round": 10.0}, "datetime": {"datetime": "2024-01-19 00:14:17", "elapsed": 162.203489, "delta": 0.000517}}
{"target": -13.758504601174941, "params": {"gamma": 886.8804640369692, "log10_alpha": -1.770990426614445, "log10_colsample_bytree": -0.04952302835656397, "log10_eta": -3.0450449563302606, "log10_lambda": -2.322525859601689, "log10_min_child_weight": 4.1809315133411715, "log10_subsample": -0.9291807463035601, "max_depth": 8.0, "num_boost_round": 11.0}, "datetime": {"datetime": "2024-01-19 00:14:17", "elapsed": 162.204015, "delta": 0.000526}}
{"target": -13.758509206399882, "params": {"gamma": 886.8804640369692, "log10_alpha": -1.770990426614445, "log10_colsample_bytree": -0.04952302835656397, "log10_eta": -3.0450449563302606, "log10_lambda": -2.322525859601689, "log10_min_child_weight": 4.1809315133411715, "log10_subsample": -0.9291807463035601, "max_depth": 8.0, "num_boost_round": 12.0}, "datetime": {"datetime": "2024-01-19 00:14:17", "elapsed": 162.204538, "delta": 0.000523}}
{"target": -13.758511060903828, "params": {"gamma": 886.8804640369692, "log10_alpha": -1.770990426614445, "log10_colsample_bytree": -0.04952302835656397, "log10_eta": -3.0450449563302606, "log10_lambda": -2.322525859601689, "log10_min_child_weight": 4.1809315133411715, "log10_subsample": -0.9291807463035601, "max_depth": 8.0, "num_boost_round": 13.0}, "datetime": {"datetime": "2024-01-19 00:14:17", "elapsed": 162.205112, "delta": 0.000574}}
{"target": -13.758506885650776, "params": {"gamma": 886.8804640369692, "log10_alpha": -1.770990426614445, "log10_colsample_bytree": -0.04952302835656397, "log10_eta": -3.0450449563302606, "log10_lambda": -2.322525859601689, "log10_min_child_weight": 4.1809315133411715, "log10_subsample": -0.9291807463035601, "max_depth": 8.0, "num_boost_round": 14.0}, "datetime": {"datetime": "2024-01-19 00:14:17", "elapsed": 162.205637, "delta": 0.000525}}
{"target": -13.758511615338188, "params": {"gamma": 886.8804640369692, "log10_alpha": -1.770990426614445, "log10_colsample_bytree": -0.04952302835656397, "log10_eta": -3.0450449563302606, "log10_lambda": -2.322525859601689, "log10_min_child_weight": 4.1809315133411715, "log10_subsample": -0.9291807463035601, "max_depth": 8.0, "num_boost_round": 15.0}, "datetime": {"datetime": "2024-01-19 00:14:17", "elapsed": 162.206167, "delta": 0.00053}}
{"target": -13.758509064620362, "params": {"gamma": 886.8804640369692, "log10_alpha": -1.770990426614445, "log10_colsample_bytree": -0.04952302835656397, "log10_eta": -3.0450449563302606, "log10_lambda": -2.322525859601689, "log10_min_child_weight": 4.1809315133411715, "log10_subsample": -0.9291807463035601, "max_depth": 8.0, "num_boost_round": 16.0}, "datetime": {"datetime": "2024-01-19 00:14:17", "elapsed": 162.207222, "delta": 0.001055}}
{"target": -13.758508882129682, "params": {"gamma": 886.8804640369692, "log10_alpha": -1.770990426614445, "log10_colsample_bytree": -0.04952302835656397, "log10_eta": -3.0450449563302606, "log10_lambda": -2.322525859601689, "log10_min_child_weight": 4.1809315133411715, "log10_subsample": -0.9291807463035601, "max_depth": 8.0, "num_boost_round": 17.0}, "datetime": {"datetime": "2024-01-19 00:14:17", "elapsed": 162.208041, "delta": 0.000819}}
{"target": -13.758510481316208, "params": {"gamma": 886.8804640369692, "log10_alpha": -1.770990426614445, "log10_colsample_bytree": -0.04952302835656397, "log10_eta": -3.0450449563302606, "log10_lambda": -2.322525859601689, "log10_min_child_weight": 4.1809315133411715, "log10_subsample": -0.9291807463035601, "max_depth": 8.0, "num_boost_round": 18.0}, "datetime": {"datetime": "2024-01-19 00:14:17", "elapsed": 162.208584, "delta": 0.000543}}
{"target": -13.758513870413235, "params": {"gamma": 886.8804640369692, "log10_alpha": -1.770990426614445, "log10_colsample_bytree": -0.04952302835656397, "log10_eta": -3.0450449563302606, "log10_lambda": -2.322525859601689, "log10_min_child_weight": 4.1809315133411715, "log10_subsample": -0.9291807463035601, "max_depth": 8.0, "num_boost_round": 19.0}, "datetime": {"datetime": "2024-01-19 00:14:17", "elapsed": 162.209123, "delta": 0.000539}}
{"target": -13.758505849334554, "params": {"gamma": 886.8804640369692, "log10_alpha": -1.770990426614445, "log10_colsample_bytree": -0.04952302835656397, "log10_eta": -3.0450449563302606, "log10_lambda": -2.322525859601689, "log10_min_child_weight": 4.1809315133411715, "log10_subsample": -0.9291807463035601, "max_depth": 8.0, "num_boost_round": 20.0}, "datetime": {"datetime": "2024-01-19 00:14:17", "elapsed": 162.20997, "delta": 0.000847}}
{"target": -13.758500210535265, "params": {"gamma": 886.8804640369692, "log10_alpha": -1.770990426614445, "log10_colsample_bytree": -0.04952302835656397, "log10_eta": -3.0450449563302606, "log10_lambda": -2.322525859601689, "log10_min_child_weight": 4.1809315133411715, "log10_subsample": -0.9291807463035601, "max_depth": 8.0, "num_boost_round": 21.0}, "datetime": {"datetime": "2024-01-19 00:14:17", "elapsed": 162.210507, "delta": 0.000537}}
{"target": -13.758494462153761, "params": {"gamma": 886.8804640369692, "log10_alpha": -1.770990426614445, "log10_colsample_bytree": -0.04952302835656397, "log10_eta": -3.0450449563302606, "log10_lambda": -2.322525859601689, "log10_min_child_weight": 4.1809315133411715, "log10_subsample": -0.9291807463035601, "max_depth": 8.0, "num_boost_round": 22.0}, "datetime": {"datetime": "2024-01-19 00:14:17", "elapsed": 162.211048, "delta": 0.000541}}
{"target": -13.758501815018333, "params": {"gamma": 886.8804640369692, "log10_alpha": -1.770990426614445, "log10_colsample_bytree": -0.04952302835656397, "log10_eta": -3.0450449563302606, "log10_lambda": -2.322525859601689, "log10_min_child_weight": 4.1809315133411715, "log10_subsample": -0.9291807463035601, "max_depth": 8.0, "num_boost_round": 23.0}, "datetime": {"datetime": "2024-01-19 00:14:17", "elapsed": 162.211587, "delta": 0.000539}}
{"target": -13.758495315076319, "params": {"gamma": 886.8804640369692, "log10_alpha": -1.770990426614445, "log10_colsample_bytree": -0.04952302835656397, "log10_eta": -3.0450449563302606, "log10_lambda": -2.322525859601689, "log10_min_child_weight": 4.1809315133411715, "log10_subsample": -0.9291807463035601, "max_depth": 8.0, "num_boost_round": 24.0}, "datetime": {"datetime": "2024-01-19 00:14:17", "elapsed": 162.212249, "delta": 0.000662}}
{"target": -13.758495391201073, "params": {"gamma": 886.8804640369692, "log10_alpha": -1.770990426614445, "log10_colsample_bytree": -0.04952302835656397, "log10_eta": -3.0450449563302606, "log10_lambda": -2.322525859601689, "log10_min_child_weight": 4.1809315133411715, "log10_subsample": -0.9291807463035601, "max_depth": 8.0, "num_boost_round": 25.0}, "datetime": {"datetime": "2024-01-19 00:14:17", "elapsed": 162.212798, "delta": 0.000549}}
{"target": -13.75860065460787, "params": {"gamma": 885.8136963824313, "log10_alpha": -0.8312430263708217, "log10_colsample_bytree": -0.9897075304383445, "log10_eta": -0.5925953975099536, "log10_lambda": -1.6106300409811674, "log10_min_child_weight": 1.328523009876656, "log10_subsample": -0.7653762745765496, "max_depth": 3.0, "num_boost_round": 0.0}, "datetime": {"datetime": "2024-01-19 00:14:39", "elapsed": 183.423423, "delta": 21.210625}}
{"target": -13.760053953622258, "params": {"gamma": 885.8136963824313, "log10_alpha": -0.8312430263708217, "log10_colsample_bytree": -0.9897075304383445, "log10_eta": -0.5925953975099536, "log10_lambda": -1.6106300409811674, "log10_min_child_weight": 1.328523009876656, "log10_subsample": -0.7653762745765496, "max_depth": 3.0, "num_boost_round": 1.0}, "datetime": {"datetime": "2024-01-19 00:14:39", "elapsed": 183.424141, "delta": 0.000718}}
{"target": -13.7597051312962, "params": {"gamma": 885.8136963824313, "log10_alpha": -0.8312430263708217, "log10_colsample_bytree": -0.9897075304383445, "log10_eta": -0.5925953975099536, "log10_lambda": -1.6106300409811674, "log10_min_child_weight": 1.328523009876656, "log10_subsample": -0.7653762745765496, "max_depth": 3.0, "num_boost_round": 2.0}, "datetime": {"datetime": "2024-01-19 00:14:39", "elapsed": 183.424716, "delta": 0.000575}}
{"target": -13.76598954963473, "params": {"gamma": 885.8136963824313, "log10_alpha": -0.8312430263708217, "log10_colsample_bytree": -0.9897075304383445, "log10_eta": -0.5925953975099536, "log10_lambda": -1.6106300409811674, "log10_min_child_weight": 1.328523009876656, "log10_subsample": -0.7653762745765496, "max_depth": 3.0, "num_boost_round": 3.0}, "datetime": {"datetime": "2024-01-19 00:14:39", "elapsed": 183.42529, "delta": 0.000574}}
{"target": -13.769782602917834, "params": {"gamma": 885.8136963824313, "log10_alpha": -0.8312430263708217, "log10_colsample_bytree": -0.9897075304383445, "log10_eta": -0.5925953975099536, "log10_lambda": -1.6106300409811674, "log10_min_child_weight": 1.328523009876656, "log10_subsample": -0.7653762745765496, "max_depth": 3.0, "num_boost_round": 4.0}, "datetime": {"datetime": "2024-01-19 00:14:39", "elapsed": 183.425843, "delta": 0.000553}}
{"target": -13.770661942626, "params": {"gamma": 885.8136963824313, "log10_alpha": -0.8312430263708217, "log10_colsample_bytree": -0.9897075304383445, "log10_eta": -0.5925953975099536, "log10_lambda": -1.6106300409811674, "log10_min_child_weight": 1.328523009876656, "log10_subsample": -0.7653762745765496, "max_depth": 3.0, "num_boost_round": 5.0}, "datetime": {"datetime": "2024-01-19 00:14:39", "elapsed": 183.426404, "delta": 0.000561}}
{"target": -13.771730322469802, "params": {"gamma": 885.8136963824313, "log10_alpha": -0.8312430263708217, "log10_colsample_bytree": -0.9897075304383445, "log10_eta": -0.5925953975099536, "log10_lambda": -1.6106300409811674, "log10_min_child_weight": 1.328523009876656, "log10_subsample": -0.7653762745765496, "max_depth": 3.0, "num_boost_round": 6.0}, "datetime": {"datetime": "2024-01-19 00:14:39", "elapsed": 183.426975, "delta": 0.000571}}
{"target": -13.77316460768053, "params": {"gamma": 885.8136963824313, "log10_alpha": -0.8312430263708217, "log10_colsample_bytree": -0.9897075304383445, "log10_eta": -0.5925953975099536, "log10_lambda": -1.6106300409811674, "log10_min_child_weight": 1.328523009876656, "log10_subsample": -0.7653762745765496, "max_depth": 3.0, "num_boost_round": 7.0}, "datetime": {"datetime": "2024-01-19 00:14:39", "elapsed": 183.427523, "delta": 0.000548}}
{"target": -13.779048194383284, "params": {"gamma": 885.8136963824313, "log10_alpha": -0.8312430263708217, "log10_colsample_bytree": -0.9897075304383445, "log10_eta": -0.5925953975099536, "log10_lambda": -1.6106300409811674, "log10_min_child_weight": 1.328523009876656, "log10_subsample": -0.7653762745765496, "max_depth": 3.0, "num_boost_round": 8.0}, "datetime": {"datetime": "2024-01-19 00:14:39", "elapsed": 183.428083, "delta": 0.00056}}
{"target": -13.780450717782387, "params": {"gamma": 885.8136963824313, "log10_alpha": -0.8312430263708217, "log10_colsample_bytree": -0.9897075304383445, "log10_eta": -0.5925953975099536, "log10_lambda": -1.6106300409811674, "log10_min_child_weight": 1.328523009876656, "log10_subsample": -0.7653762745765496, "max_depth": 3.0, "num_boost_round": 9.0}, "datetime": {"datetime": "2024-01-19 00:14:39", "elapsed": 183.428639, "delta": 0.000556}}
{"target": -13.795260497034821, "params": {"gamma": 885.8136963824313, "log10_alpha": -0.8312430263708217, "log10_colsample_bytree": -0.9897075304383445, "log10_eta": -0.5925953975099536, "log10_lambda": -1.6106300409811674, "log10_min_child_weight": 1.328523009876656, "log10_subsample": -0.7653762745765496, "max_depth": 3.0, "num_boost_round": 10.0}, "datetime": {"datetime": "2024-01-19 00:14:39", "elapsed": 183.4292, "delta": 0.000561}}
{"target": -13.796968386278566, "params": {"gamma": 885.8136963824313, "log10_alpha": -0.8312430263708217, "log10_colsample_bytree": -0.9897075304383445, "log10_eta": -0.5925953975099536, "log10_lambda": -1.6106300409811674, "log10_min_child_weight": 1.328523009876656, "log10_subsample": -0.7653762745765496, "max_depth": 3.0, "num_boost_round": 11.0}, "datetime": {"datetime": "2024-01-19 00:14:39", "elapsed": 183.430013, "delta": 0.000813}}
{"target": -13.79777302752411, "params": {"gamma": 885.8136963824313, "log10_alpha": -0.8312430263708217, "log10_colsample_bytree": -0.9897075304383445, "log10_eta": -0.5925953975099536, "log10_lambda": -1.6106300409811674, "log10_min_child_weight": 1.328523009876656, "log10_subsample": -0.7653762745765496, "max_depth": 3.0, "num_boost_round": 12.0}, "datetime": {"datetime": "2024-01-19 00:14:39", "elapsed": 183.431582, "delta": 0.001569}}
{"target": -13.798760017523874, "params": {"gamma": 885.8136963824313, "log10_alpha": -0.8312430263708217, "log10_colsample_bytree": -0.9897075304383445, "log10_eta": -0.5925953975099536, "log10_lambda": -1.6106300409811674, "log10_min_child_weight": 1.328523009876656, "log10_subsample": -0.7653762745765496, "max_depth": 3.0, "num_boost_round": 13.0}, "datetime": {"datetime": "2024-01-19 00:14:39", "elapsed": 183.432624, "delta": 0.001042}}
{"target": -13.799760495701149, "params": {"gamma": 885.8136963824313, "log10_alpha": -0.8312430263708217, "log10_colsample_bytree": -0.9897075304383445, "log10_eta": -0.5925953975099536, "log10_lambda": -1.6106300409811674, "log10_min_child_weight": 1.328523009876656, "log10_subsample": -0.7653762745765496, "max_depth": 3.0, "num_boost_round": 14.0}, "datetime": {"datetime": "2024-01-19 00:14:39", "elapsed": 183.433721, "delta": 0.001097}}
{"target": -13.800417579749277, "params": {"gamma": 885.8136963824313, "log10_alpha": -0.8312430263708217, "log10_colsample_bytree": -0.9897075304383445, "log10_eta": -0.5925953975099536, "log10_lambda": -1.6106300409811674, "log10_min_child_weight": 1.328523009876656, "log10_subsample": -0.7653762745765496, "max_depth": 3.0, "num_boost_round": 15.0}, "datetime": {"datetime": "2024-01-19 00:14:39", "elapsed": 183.434339, "delta": 0.000618}}
{"target": -13.80274092409971, "params": {"gamma": 885.8136963824313, "log10_alpha": -0.8312430263708217, "log10_colsample_bytree": -0.9897075304383445, "log10_eta": -0.5925953975099536, "log10_lambda": -1.6106300409811674, "log10_min_child_weight": 1.328523009876656, "log10_subsample": -0.7653762745765496, "max_depth": 3.0, "num_boost_round": 16.0}, "datetime": {"datetime": "2024-01-19 00:14:39", "elapsed": 183.435032, "delta": 0.000693}}
{"target": -13.808743358571334, "params": {"gamma": 885.8136963824313, "log10_alpha": -0.8312430263708217, "log10_colsample_bytree": -0.9897075304383445, "log10_eta": -0.5925953975099536, "log10_lambda": -1.6106300409811674, "log10_min_child_weight": 1.328523009876656, "log10_subsample": -0.7653762745765496, "max_depth": 3.0, "num_boost_round": 17.0}, "datetime": {"datetime": "2024-01-19 00:14:39", "elapsed": 183.43577, "delta": 0.000738}}
{"target": -13.807424184030795, "params": {"gamma": 885.8136963824313, "log10_alpha": -0.8312430263708217, "log10_colsample_bytree": -0.9897075304383445, "log10_eta": -0.5925953975099536, "log10_lambda": -1.6106300409811674, "log10_min_child_weight": 1.328523009876656, "log10_subsample": -0.7653762745765496, "max_depth": 3.0, "num_boost_round": 18.0}, "datetime": {"datetime": "2024-01-19 00:14:39", "elapsed": 183.436418, "delta": 0.000648}}
{"target": -13.80761537510596, "params": {"gamma": 885.8136963824313, "log10_alpha": -0.8312430263708217, "log10_colsample_bytree": -0.9897075304383445, "log10_eta": -0.5925953975099536, "log10_lambda": -1.6106300409811674, "log10_min_child_weight": 1.328523009876656, "log10_subsample": -0.7653762745765496, "max_depth": 3.0, "num_boost_round": 19.0}, "datetime": {"datetime": "2024-01-19 00:14:39", "elapsed": 183.437005, "delta": 0.000587}}
{"target": -13.808540947378734, "params": {"gamma": 885.8136963824313, "log10_alpha": -0.8312430263708217, "log10_colsample_bytree": -0.9897075304383445, "log10_eta": -0.5925953975099536, "log10_lambda": -1.6106300409811674, "log10_min_child_weight": 1.328523009876656, "log10_subsample": -0.7653762745765496, "max_depth": 3.0, "num_boost_round": 20.0}, "datetime": {"datetime": "2024-01-19 00:14:39", "elapsed": 183.437579, "delta": 0.000574}}
{"target": -13.80853574210761, "params": {"gamma": 885.8136963824313, "log10_alpha": -0.8312430263708217, "log10_colsample_bytree": -0.9897075304383445, "log10_eta": -0.5925953975099536, "log10_lambda": -1.6106300409811674, "log10_min_child_weight": 1.328523009876656, "log10_subsample": -0.7653762745765496, "max_depth": 3.0, "num_boost_round": 21.0}, "datetime": {"datetime": "2024-01-19 00:14:39", "elapsed": 183.438481, "delta": 0.000902}}
{"target": -13.75853303131431, "params": {"gamma": 889.3663604517561, "log10_alpha": 0.40746091753077884, "log10_colsample_bytree": -0.4504641315551444, "log10_eta": -3.988986203639838, "log10_lambda": -2.5212381141636415, "log10_min_child_weight": 0.5469620741289871, "log10_subsample": -0.6956281317888272, "max_depth": 9.0, "num_boost_round": 0.0}, "datetime": {"datetime": "2024-01-19 00:15:06", "elapsed": 211.191953, "delta": 27.753472}}
{"target": -13.758522658514044, "params": {"gamma": 889.3663604517561, "log10_alpha": 0.40746091753077884, "log10_colsample_bytree": -0.4504641315551444, "log10_eta": -3.988986203639838, "log10_lambda": -2.5212381141636415, "log10_min_child_weight": 0.5469620741289871, "log10_subsample": -0.6956281317888272, "max_depth": 9.0, "num_boost_round": 1.0}, "datetime": {"datetime": "2024-01-19 00:15:06", "elapsed": 211.193599, "delta": 0.001646}}
{"target": -13.758517645957978, "params": {"gamma": 889.3663604517561, "log10_alpha": 0.40746091753077884, "log10_colsample_bytree": -0.4504641315551444, "log10_eta": -3.988986203639838, "log10_lambda": -2.5212381141636415, "log10_min_child_weight": 0.5469620741289871, "log10_subsample": -0.6956281317888272, "max_depth": 9.0, "num_boost_round": 2.0}, "datetime": {"datetime": "2024-01-19 00:15:06", "elapsed": 211.194254, "delta": 0.000655}}
