{"target": -13.767352716184654, "params": {"gamma": 458.7679858721701, "log10_alpha": -2.6173860401778644, "log10_colsample_bytree": -0.5837719262891256, "log10_eta": -1.2533316916578863, "log10_lambda": -0.023566373937772944, "log10_min_child_weight": 3.116699451558884, "log10_subsample": -0.7529896060368781, "max_depth": 3.0, "num_boost_round": 42.0}, "datetime": {"datetime": "2024-01-19 00:22:44", "elapsed": 668.089943, "delta": 0.001549}}
{"target": -13.768734738551508, "params": {"gamma": 458.7679858721701, "log10_alpha": -2.6173860401778644, "log10_colsample_bytree": -0.5837719262891256, "log10_eta": -1.2533316916578863, "log10_lambda": -0.023566373937772944, "log10_min_child_weight": 3.116699451558884, "log10_subsample": -0.7529896060368781, "max_depth": 3.0, "num_boost_round": 43.0}, "datetime": {"datetime": "2024-01-19 00:22:44", "elapsed": 668.091446, "delta": 0.001503}}
{"target": -13.758360132393697, "params": {"gamma": 440.9997570842031, "log10_alpha": -4.638510032646969, "log10_colsample_bytree": -0.6817932467059954, "log10_eta": -1.3933277087661136, "log10_lambda": 0.6358175512650996, "log10_min_child_weight": 4.910050831320661, "log10_subsample": -0.008988876963317405, "max_depth": 2.0, "num_boost_round": 0.0}, "datetime": {"datetime": "2024-01-19 00:23:22", "elapsed": 706.670205, "delta": 38.578759}}
{"target": -13.758220800144638, "params": {"gamma": 440.9997570842031, "log10_alpha": -4.638510032646969, "log10_colsample_bytree": -0.6817932467059954, "log10_eta": -1.3933277087661136, "log10_lambda": 0.6358175512650996, "log10_min_child_weight": 4.910050831320661, "log10_subsample": -0.008988876963317405, "max_depth": 2.0, "num_boost_round": 1.0}, "datetime": {"datetime": "2024-01-19 00:23:22", "elapsed": 706.672267, "delta": 0.002062}}
{"target": -13.75827691152766, "params": {"gamma": 440.9997570842031, "log10_alpha": -4.638510032646969, "log10_colsample_bytree": -0.6817932467059954, "log10_eta": -1.3933277087661136, "log10_lambda": 0.6358175512650996, "log10_min_child_weight": 4.910050831320661, "log10_subsample": -0.008988876963317405, "max_depth": 2.0, "num_boost_round": 2.0}, "datetime": {"datetime": "2024-01-19 00:23:22", "elapsed": 706.67404, "delta": 0.001773}}
{"target": -13.75825205568761, "params": {"gamma": 440.9997570842031, "log10_alpha": -4.638510032646969, "log10_colsample_bytree": -0.6817932467059954, "log10_eta": -1.3933277087661136, "log10_lambda": 0.6358175512650996, "log10_min_child_weight": 4.910050831320661, "log10_subsample": -0.008988876963317405, "max_depth": 2.0, "num_boost_round": 3.0}, "datetime": {"datetime": "2024-01-19 00:23:22", "elapsed": 706.675849, "delta": 0.001809}}
{"target": -13.758202559337732, "params": {"gamma": 440.9997570842031, "log10_alpha": -4.638510032646969, "log10_colsample_bytree": -0.6817932467059954, "log10_eta": -1.3933277087661136, "log10_lambda": 0.6358175512650996, "log10_min_child_weight": 4.910050831320661, "log10_subsample": -0.008988876963317405, "max_depth": 2.0, "num_boost_round": 4.0}, "datetime": {"datetime": "2024-01-19 00:23:22", "elapsed": 706.677444, "delta": 0.001595}}
{"target": -13.75835472622118, "params": {"gamma": 440.9997570842031, "log10_alpha": -4.638510032646969, "log10_colsample_bytree": -0.6817932467059954, "log10_eta": -1.3933277087661136, "log10_lambda": 0.6358175512650996, "log10_min_child_weight": 4.910050831320661, "log10_subsample": -0.008988876963317405, "max_depth": 2.0, "num_boost_round": 5.0}, "datetime": {"datetime": "2024-01-19 00:23:22", "elapsed": 706.679123, "delta": 0.001679}}
{"target": -13.758576868616549, "params": {"gamma": 440.9997570842031, "log10_alpha": -4.638510032646969, "log10_colsample_bytree": -0.6817932467059954, "log10_eta": -1.3933277087661136, "log10_lambda": 0.6358175512650996, "log10_min_child_weight": 4.910050831320661, "log10_subsample": -0.008988876963317405, "max_depth": 2.0, "num_boost_round": 6.0}, "datetime": {"datetime": "2024-01-19 00:23:22", "elapsed": 706.680646, "delta": 0.001523}}
{"target": -13.758370255830876, "params": {"gamma": 440.9997570842031, "log10_alpha": -4.638510032646969, "log10_colsample_bytree": -0.6817932467059954, "log10_eta": -1.3933277087661136, "log10_lambda": 0.6358175512650996, "log10_min_child_weight": 4.910050831320661, "log10_subsample": -0.008988876963317405, "max_depth": 2.0, "num_boost_round": 7.0}, "datetime": {"datetime": "2024-01-19 00:23:22", "elapsed": 706.682152, "delta": 0.001506}}
{"target": -13.758504737052114, "params": {"gamma": 440.9997570842031, "log10_alpha": -4.638510032646969, "log10_colsample_bytree": -0.6817932467059954, "log10_eta": -1.3933277087661136, "log10_lambda": 0.6358175512650996, "log10_min_child_weight": 4.910050831320661, "log10_subsample": -0.008988876963317405, "max_depth": 2.0, "num_boost_round": 8.0}, "datetime": {"datetime": "2024-01-19 00:23:22", "elapsed": 706.683719, "delta": 0.001567}}
{"target": -13.758554570412304, "params": {"gamma": 440.9997570842031, "log10_alpha": -4.638510032646969, "log10_colsample_bytree": -0.6817932467059954, "log10_eta": -1.3933277087661136, "log10_lambda": 0.6358175512650996, "log10_min_child_weight": 4.910050831320661, "log10_subsample": -0.008988876963317405, "max_depth": 2.0, "num_boost_round": 9.0}, "datetime": {"datetime": "2024-01-19 00:23:22", "elapsed": 706.685238, "delta": 0.001519}}
{"target": -13.758558646705428, "params": {"gamma": 440.9997570842031, "log10_alpha": -4.638510032646969, "log10_colsample_bytree": -0.6817932467059954, "log10_eta": -1.3933277087661136, "log10_lambda": 0.6358175512650996, "log10_min_child_weight": 4.910050831320661, "log10_subsample": -0.008988876963317405, "max_depth": 2.0, "num_boost_round": 10.0}, "datetime": {"datetime": "2024-01-19 00:23:22", "elapsed": 706.68677, "delta": 0.001532}}
{"target": -13.758959432313402, "params": {"gamma": 440.9997570842031, "log10_alpha": -4.638510032646969, "log10_colsample_bytree": -0.6817932467059954, "log10_eta": -1.3933277087661136, "log10_lambda": 0.6358175512650996, "log10_min_child_weight": 4.910050831320661, "log10_subsample": -0.008988876963317405, "max_depth": 2.0, "num_boost_round": 11.0}, "datetime": {"datetime": "2024-01-19 00:23:22", "elapsed": 706.688297, "delta": 0.001527}}
{"target": -13.759275653060996, "params": {"gamma": 440.9997570842031, "log10_alpha": -4.638510032646969, "log10_colsample_bytree": -0.6817932467059954, "log10_eta": -1.3933277087661136, "log10_lambda": 0.6358175512650996, "log10_min_child_weight": 4.910050831320661, "log10_subsample": -0.008988876963317405, "max_depth": 2.0, "num_boost_round": 12.0}, "datetime": {"datetime": "2024-01-19 00:23:22", "elapsed": 706.689843, "delta": 0.001546}}
{"target": -13.759267438703446, "params": {"gamma": 440.9997570842031, "log10_alpha": -4.638510032646969, "log10_colsample_bytree": -0.6817932467059954, "log10_eta": -1.3933277087661136, "log10_lambda": 0.6358175512650996, "log10_min_child_weight": 4.910050831320661, "log10_subsample": -0.008988876963317405, "max_depth": 2.0, "num_boost_round": 13.0}, "datetime": {"datetime": "2024-01-19 00:23:22", "elapsed": 706.691378, "delta": 0.001535}}
{"target": -13.759268695605797, "params": {"gamma": 440.9997570842031, "log10_alpha": -4.638510032646969, "log10_colsample_bytree": -0.6817932467059954, "log10_eta": -1.3933277087661136, "log10_lambda": 0.6358175512650996, "log10_min_child_weight": 4.910050831320661, "log10_subsample": -0.008988876963317405, "max_depth": 2.0, "num_boost_round": 14.0}, "datetime": {"datetime": "2024-01-19 00:23:22", "elapsed": 706.69289, "delta": 0.001512}}
{"target": -13.75916105022923, "params": {"gamma": 440.9997570842031, "log10_alpha": -4.638510032646969, "log10_colsample_bytree": -0.6817932467059954, "log10_eta": -1.3933277087661136, "log10_lambda": 0.6358175512650996, "log10_min_child_weight": 4.910050831320661, "log10_subsample": -0.008988876963317405, "max_depth": 2.0, "num_boost_round": 15.0}, "datetime": {"datetime": "2024-01-19 00:23:22", "elapsed": 706.69448, "delta": 0.00159}}
{"target": -13.759092047049597, "params": {"gamma": 440.9997570842031, "log10_alpha": -4.638510032646969, "log10_colsample_bytree": -0.6817932467059954, "log10_eta": -1.3933277087661136, "log10_lambda": 0.6358175512650996, "log10_min_child_weight": 4.910050831320661, "log10_subsample": -0.008988876963317405, "max_depth": 2.0, "num_boost_round": 16.0}, "datetime": {"datetime": "2024-01-19 00:23:22", "elapsed": 706.695993, "delta": 0.001513}}
{"target": -13.759076421345952, "params": {"gamma": 440.9997570842031, "log10_alpha": -4.638510032646969, "log10_colsample_bytree": -0.6817932467059954, "log10_eta": -1.3933277087661136, "log10_lambda": 0.6358175512650996, "log10_min_child_weight": 4.910050831320661, "log10_subsample": -0.008988876963317405, "max_depth": 2.0, "num_boost_round": 17.0}, "datetime": {"datetime": "2024-01-19 00:23:22", "elapsed": 706.697505, "delta": 0.001512}}
{"target": -13.759063662847307, "params": {"gamma": 440.9997570842031, "log10_alpha": -4.638510032646969, "log10_colsample_bytree": -0.6817932467059954, "log10_eta": -1.3933277087661136, "log10_lambda": 0.6358175512650996, "log10_min_child_weight": 4.910050831320661, "log10_subsample": -0.008988876963317405, "max_depth": 2.0, "num_boost_round": 18.0}, "datetime": {"datetime": "2024-01-19 00:23:22", "elapsed": 706.699011, "delta": 0.001506}}
{"target": -13.758908994074444, "params": {"gamma": 440.9997570842031, "log10_alpha": -4.638510032646969, "log10_colsample_bytree": -0.6817932467059954, "log10_eta": -1.3933277087661136, "log10_lambda": 0.6358175512650996, "log10_min_child_weight": 4.910050831320661, "log10_subsample": -0.008988876963317405, "max_depth": 2.0, "num_boost_round": 19.0}, "datetime": {"datetime": "2024-01-19 00:23:22", "elapsed": 706.700528, "delta": 0.001517}}
{"target": -13.759160803374412, "params": {"gamma": 440.9997570842031, "log10_alpha": -4.638510032646969, "log10_colsample_bytree": -0.6817932467059954, "log10_eta": -1.3933277087661136, "log10_lambda": 0.6358175512650996, "log10_min_child_weight": 4.910050831320661, "log10_subsample": -0.008988876963317405, "max_depth": 2.0, "num_boost_round": 20.0}, "datetime": {"datetime": "2024-01-19 00:23:22", "elapsed": 706.702042, "delta": 0.001514}}
{"target": -13.759622484817678, "params": {"gamma": 440.9997570842031, "log10_alpha": -4.638510032646969, "log10_colsample_bytree": -0.6817932467059954, "log10_eta": -1.3933277087661136, "log10_lambda": 0.6358175512650996, "log10_min_child_weight": 4.910050831320661, "log10_subsample": -0.008988876963317405, "max_depth": 2.0, "num_boost_round": 21.0}, "datetime": {"datetime": "2024-01-19 00:23:22", "elapsed": 706.703552, "delta": 0.00151}}
{"target": -13.759863874102601, "params": {"gamma": 440.9997570842031, "log10_alpha": -4.638510032646969, "log10_colsample_bytree": -0.6817932467059954, "log10_eta": -1.3933277087661136, "log10_lambda": 0.6358175512650996, "log10_min_child_weight": 4.910050831320661, "log10_subsample": -0.008988876963317405, "max_depth": 2.0, "num_boost_round": 22.0}, "datetime": {"datetime": "2024-01-19 00:23:22", "elapsed": 706.705099, "delta": 0.001547}}
{"target": -13.75980486153655, "params": {"gamma": 440.9997570842031, "log10_alpha": -4.638510032646969, "log10_colsample_bytree": -0.6817932467059954, "log10_eta": -1.3933277087661136, "log10_lambda": 0.6358175512650996, "log10_min_child_weight": 4.910050831320661, "log10_subsample": -0.008988876963317405, "max_depth": 2.0, "num_boost_round": 23.0}, "datetime": {"datetime": "2024-01-19 00:23:22", "elapsed": 706.706637, "delta": 0.001538}}
{"target": -13.760021110323018, "params": {"gamma": 440.9997570842031, "log10_alpha": -4.638510032646969, "log10_colsample_bytree": -0.6817932467059954, "log10_eta": -1.3933277087661136, "log10_lambda": 0.6358175512650996, "log10_min_child_weight": 4.910050831320661, "log10_subsample": -0.008988876963317405, "max_depth": 2.0, "num_boost_round": 24.0}, "datetime": {"datetime": "2024-01-19 00:23:22", "elapsed": 706.708157, "delta": 0.00152}}
{"target": -13.76007694506285, "params": {"gamma": 440.9997570842031, "log10_alpha": -4.638510032646969, "log10_colsample_bytree": -0.6817932467059954, "log10_eta": -1.3933277087661136, "log10_lambda": 0.6358175512650996, "log10_min_child_weight": 4.910050831320661, "log10_subsample": -0.008988876963317405, "max_depth": 2.0, "num_boost_round": 25.0}, "datetime": {"datetime": "2024-01-19 00:23:22", "elapsed": 706.710124, "delta": 0.001967}}
{"target": -13.760263673228785, "params": {"gamma": 440.9997570842031, "log10_alpha": -4.638510032646969, "log10_colsample_bytree": -0.6817932467059954, "log10_eta": -1.3933277087661136, "log10_lambda": 0.6358175512650996, "log10_min_child_weight": 4.910050831320661, "log10_subsample": -0.008988876963317405, "max_depth": 2.0, "num_boost_round": 26.0}, "datetime": {"datetime": "2024-01-19 00:23:22", "elapsed": 706.711917, "delta": 0.001793}}
{"target": -13.760087699276534, "params": {"gamma": 440.9997570842031, "log10_alpha": -4.638510032646969, "log10_colsample_bytree": -0.6817932467059954, "log10_eta": -1.3933277087661136, "log10_lambda": 0.6358175512650996, "log10_min_child_weight": 4.910050831320661, "log10_subsample": -0.008988876963317405, "max_depth": 2.0, "num_boost_round": 27.0}, "datetime": {"datetime": "2024-01-19 00:23:22", "elapsed": 706.713595, "delta": 0.001678}}
{"target": -13.760109005937515, "params": {"gamma": 440.9997570842031, "log10_alpha": -4.638510032646969, "log10_colsample_bytree": -0.6817932467059954, "log10_eta": -1.3933277087661136, "log10_lambda": 0.6358175512650996, "log10_min_child_weight": 4.910050831320661, "log10_subsample": -0.008988876963317405, "max_depth": 2.0, "num_boost_round": 28.0}, "datetime": {"datetime": "2024-01-19 00:23:22", "elapsed": 706.715129, "delta": 0.001534}}
{"target": -13.76015768035505, "params": {"gamma": 440.9997570842031, "log10_alpha": -4.638510032646969, "log10_colsample_bytree": -0.6817932467059954, "log10_eta": -1.3933277087661136, "log10_lambda": 0.6358175512650996, "log10_min_child_weight": 4.910050831320661, "log10_subsample": -0.008988876963317405, "max_depth": 2.0, "num_boost_round": 29.0}, "datetime": {"datetime": "2024-01-19 00:23:22", "elapsed": 706.716701, "delta": 0.001572}}
{"target": -13.760067938660834, "params": {"gamma": 440.9997570842031, "log10_alpha": -4.638510032646969, "log10_colsample_bytree": -0.6817932467059954, "log10_eta": -1.3933277087661136, "log10_lambda": 0.6358175512650996, "log10_min_child_weight": 4.910050831320661, "log10_subsample": -0.008988876963317405, "max_depth": 2.0, "num_boost_round": 30.0}, "datetime": {"datetime": "2024-01-19 00:23:22", "elapsed": 706.718255, "delta": 0.001554}}
{"target": -13.760154234876138, "params": {"gamma": 440.9997570842031, "log10_alpha": -4.638510032646969, "log10_colsample_bytree": -0.6817932467059954, "log10_eta": -1.3933277087661136, "log10_lambda": 0.6358175512650996, "log10_min_child_weight": 4.910050831320661, "log10_subsample": -0.008988876963317405, "max_depth": 2.0, "num_boost_round": 31.0}, "datetime": {"datetime": "2024-01-19 00:23:22", "elapsed": 706.719802, "delta": 0.001547}}
{"target": -13.760722452555399, "params": {"gamma": 440.9997570842031, "log10_alpha": -4.638510032646969, "log10_colsample_bytree": -0.6817932467059954, "log10_eta": -1.3933277087661136, "log10_lambda": 0.6358175512650996, "log10_min_child_weight": 4.910050831320661, "log10_subsample": -0.008988876963317405, "max_depth": 2.0, "num_boost_round": 32.0}, "datetime": {"datetime": "2024-01-19 00:23:22", "elapsed": 706.721447, "delta": 0.001645}}
{"target": -13.76107133744406, "params": {"gamma": 440.9997570842031, "log10_alpha": -4.638510032646969, "log10_colsample_bytree": -0.6817932467059954, "log10_eta": -1.3933277087661136, "log10_lambda": 0.6358175512650996, "log10_min_child_weight": 4.910050831320661, "log10_subsample": -0.008988876963317405, "max_depth": 2.0, "num_boost_round": 33.0}, "datetime": {"datetime": "2024-01-19 00:23:22", "elapsed": 706.723044, "delta": 0.001597}}
{"target": -13.761114713148359, "params": {"gamma": 440.9997570842031, "log10_alpha": -4.638510032646969, "log10_colsample_bytree": -0.6817932467059954, "log10_eta": -1.3933277087661136, "log10_lambda": 0.6358175512650996, "log10_min_child_weight": 4.910050831320661, "log10_subsample": -0.008988876963317405, "max_depth": 2.0, "num_boost_round": 34.0}, "datetime": {"datetime": "2024-01-19 00:23:22", "elapsed": 706.72464, "delta": 0.001596}}
{"target": -13.761383456567572, "params": {"gamma": 440.9997570842031, "log10_alpha": -4.638510032646969, "log10_colsample_bytree": -0.6817932467059954, "log10_eta": -1.3933277087661136, "log10_lambda": 0.6358175512650996, "log10_min_child_weight": 4.910050831320661, "log10_subsample": -0.008988876963317405, "max_depth": 2.0, "num_boost_round": 35.0}, "datetime": {"datetime": "2024-01-19 00:23:22", "elapsed": 706.72624, "delta": 0.0016}}
{"target": -13.761432662386026, "params": {"gamma": 440.9997570842031, "log10_alpha": -4.638510032646969, "log10_colsample_bytree": -0.6817932467059954, "log10_eta": -1.3933277087661136, "log10_lambda": 0.6358175512650996, "log10_min_child_weight": 4.910050831320661, "log10_subsample": -0.008988876963317405, "max_depth": 2.0, "num_boost_round": 36.0}, "datetime": {"datetime": "2024-01-19 00:23:22", "elapsed": 706.727863, "delta": 0.001623}}
{"target": -13.761708257340397, "params": {"gamma": 440.9997570842031, "log10_alpha": -4.638510032646969, "log10_colsample_bytree": -0.6817932467059954, "log10_eta": -1.3933277087661136, "log10_lambda": 0.6358175512650996, "log10_min_child_weight": 4.910050831320661, "log10_subsample": -0.008988876963317405, "max_depth": 2.0, "num_boost_round": 37.0}, "datetime": {"datetime": "2024-01-19 00:23:22", "elapsed": 706.729472, "delta": 0.001609}}
{"target": -13.761733368344093, "params": {"gamma": 440.9997570842031, "log10_alpha": -4.638510032646969, "log10_colsample_bytree": -0.6817932467059954, "log10_eta": -1.3933277087661136, "log10_lambda": 0.6358175512650996, "log10_min_child_weight": 4.910050831320661, "log10_subsample": -0.008988876963317405, "max_depth": 2.0, "num_boost_round": 38.0}, "datetime": {"datetime": "2024-01-19 00:23:22", "elapsed": 706.731062, "delta": 0.00159}}
{"target": -13.76184107851445, "params": {"gamma": 440.9997570842031, "log10_alpha": -4.638510032646969, "log10_colsample_bytree": -0.6817932467059954, "log10_eta": -1.3933277087661136, "log10_lambda": 0.6358175512650996, "log10_min_child_weight": 4.910050831320661, "log10_subsample": -0.008988876963317405, "max_depth": 2.0, "num_boost_round": 39.0}, "datetime": {"datetime": "2024-01-19 00:23:22", "elapsed": 706.732683, "delta": 0.001621}}
{"target": -13.762179560071464, "params": {"gamma": 440.9997570842031, "log10_alpha": -4.638510032646969, "log10_colsample_bytree": -0.6817932467059954, "log10_eta": -1.3933277087661136, "log10_lambda": 0.6358175512650996, "log10_min_child_weight": 4.910050831320661, "log10_subsample": -0.008988876963317405, "max_depth": 2.0, "num_boost_round": 40.0}, "datetime": {"datetime": "2024-01-19 00:23:22", "elapsed": 706.734278, "delta": 0.001595}}
{"target": -13.762156840402326, "params": {"gamma": 440.9997570842031, "log10_alpha": -4.638510032646969, "log10_colsample_bytree": -0.6817932467059954, "log10_eta": -1.3933277087661136, "log10_lambda": 0.6358175512650996, "log10_min_child_weight": 4.910050831320661, "log10_subsample": -0.008988876963317405, "max_depth": 2.0, "num_boost_round": 41.0}, "datetime": {"datetime": "2024-01-19 00:23:22", "elapsed": 706.73588, "delta": 0.001602}}
{"target": -13.76271983678017, "params": {"gamma": 440.9997570842031, "log10_alpha": -4.638510032646969, "log10_colsample_bytree": -0.6817932467059954, "log10_eta": -1.3933277087661136, "log10_lambda": 0.6358175512650996, "log10_min_child_weight": 4.910050831320661, "log10_subsample": -0.008988876963317405, "max_depth": 2.0, "num_boost_round": 42.0}, "datetime": {"datetime": "2024-01-19 00:23:22", "elapsed": 706.737507, "delta": 0.001627}}
{"target": -13.762797140847493, "params": {"gamma": 440.9997570842031, "log10_alpha": -4.638510032646969, "log10_colsample_bytree": -0.6817932467059954, "log10_eta": -1.3933277087661136, "log10_lambda": 0.6358175512650996, "log10_min_child_weight": 4.910050831320661, "log10_subsample": -0.008988876963317405, "max_depth": 2.0, "num_boost_round": 43.0}, "datetime": {"datetime": "2024-01-19 00:23:22", "elapsed": 706.739131, "delta": 0.001624}}
{"target": -13.763102992629276, "params": {"gamma": 440.9997570842031, "log10_alpha": -4.638510032646969, "log10_colsample_bytree": -0.6817932467059954, "log10_eta": -1.3933277087661136, "log10_lambda": 0.6358175512650996, "log10_min_child_weight": 4.910050831320661, "log10_subsample": -0.008988876963317405, "max_depth": 2.0, "num_boost_round": 44.0}, "datetime": {"datetime": "2024-01-19 00:23:22", "elapsed": 706.740731, "delta": 0.0016}}
{"target": -13.763006067627893, "params": {"gamma": 440.9997570842031, "log10_alpha": -4.638510032646969, "log10_colsample_bytree": -0.6817932467059954, "log10_eta": -1.3933277087661136, "log10_lambda": 0.6358175512650996, "log10_min_child_weight": 4.910050831320661, "log10_subsample": -0.008988876963317405, "max_depth": 2.0, "num_boost_round": 45.0}, "datetime": {"datetime": "2024-01-19 00:23:22", "elapsed": 706.742337, "delta": 0.001606}}
{"target": -13.76296026011106, "params": {"gamma": 440.9997570842031, "log10_alpha": -4.638510032646969, "log10_colsample_bytree": -0.6817932467059954, "log10_eta": -1.3933277087661136, "log10_lambda": 0.6358175512650996, "log10_min_child_weight": 4.910050831320661, "log10_subsample": -0.008988876963317405, "max_depth": 2.0, "num_boost_round": 46.0}, "datetime": {"datetime": "2024-01-19 00:23:22", "elapsed": 706.743924, "delta": 0.001587}}
