{"target": -13.793867605162365, "params": {"gamma": 466.7013447172249, "log10_alpha": 0.9961187677191399, "log10_colsample_bytree": -0.8855237402244736, "log10_eta": -0.13597243311487528, "log10_lambda": 0.9458369575585346, "log10_min_child_weight": 1.8263958913877238, "log10_subsample": -0.8450955102861542, "max_depth": 3.0, "num_boost_round": 2.0}, "datetime": {"datetime": "2024-01-19 00:28:47", "elapsed": 1031.966229, "delta": 0.002886}}
{"target": -13.804588056262716, "params": {"gamma": 466.7013447172249, "log10_alpha": 0.9961187677191399, "log10_colsample_bytree": -0.8855237402244736, "log10_eta": -0.13597243311487528, "log10_lambda": 0.9458369575585346, "log10_min_child_weight": 1.8263958913877238, "log10_subsample": -0.8450955102861542, "max_depth": 3.0, "num_boost_round": 3.0}, "datetime": {"datetime": "2024-01-19 00:28:48", "elapsed": 1032.045865, "delta": 0.079636}}
{"target": -13.83834924755319, "params": {"gamma": 466.7013447172249, "log10_alpha": 0.9961187677191399, "log10_colsample_bytree": -0.8855237402244736, "log10_eta": -0.13597243311487528, "log10_lambda": 0.9458369575585346, "log10_min_child_weight": 1.8263958913877238, "log10_subsample": -0.8450955102861542, "max_depth": 3.0, "num_boost_round": 4.0}, "datetime": {"datetime": "2024-01-19 00:28:48", "elapsed": 1032.048465, "delta": 0.0026}}
{"target": -13.854407612837157, "params": {"gamma": 466.7013447172249, "log10_alpha": 0.9961187677191399, "log10_colsample_bytree": -0.8855237402244736, "log10_eta": -0.13597243311487528, "log10_lambda": 0.9458369575585346, "log10_min_child_weight": 1.8263958913877238, "log10_subsample": -0.8450955102861542, "max_depth": 3.0, "num_boost_round": 5.0}, "datetime": {"datetime": "2024-01-19 00:28:48", "elapsed": 1032.050739, "delta": 0.002274}}
{"target": -13.863504294188473, "params": {"gamma": 466.7013447172249, "log10_alpha": 0.9961187677191399, "log10_colsample_bytree": -0.8855237402244736, "log10_eta": -0.13597243311487528, "log10_lambda": 0.9458369575585346, "log10_min_child_weight": 1.8263958913877238, "log10_subsample": -0.8450955102861542, "max_depth": 3.0, "num_boost_round": 6.0}, "datetime": {"datetime": "2024-01-19 00:28:48", "elapsed": 1032.053088, "delta": 0.002349}}
{"target": -13.987533737286654, "params": {"gamma": 466.7013447172249, "log10_alpha": 0.9961187677191399, "log10_colsample_bytree": -0.8855237402244736, "log10_eta": -0.13597243311487528, "log10_lambda": 0.9458369575585346, "log10_min_child_weight": 1.8263958913877238, "log10_subsample": -0.8450955102861542, "max_depth": 3.0, "num_boost_round": 7.0}, "datetime": {"datetime": "2024-01-19 00:28:48", "elapsed": 1032.059637, "delta": 0.006549}}
{"target": -14.01756678250169, "params": {"gamma": 466.7013447172249, "log10_alpha": 0.9961187677191399, "log10_colsample_bytree": -0.8855237402244736, "log10_eta": -0.13597243311487528, "log10_lambda": 0.9458369575585346, "log10_min_child_weight": 1.8263958913877238, "log10_subsample": -0.8450955102861542, "max_depth": 3.0, "num_boost_round": 8.0}, "datetime": {"datetime": "2024-01-19 00:28:48", "elapsed": 1032.061867, "delta": 0.00223}}
{"target": -14.024381793182698, "params": {"gamma": 466.7013447172249, "log10_alpha": 0.9961187677191399, "log10_colsample_bytree": -0.8855237402244736, "log10_eta": -0.13597243311487528, "log10_lambda": 0.9458369575585346, "log10_min_child_weight": 1.8263958913877238, "log10_subsample": -0.8450955102861542, "max_depth": 3.0, "num_boost_round": 9.0}, "datetime": {"datetime": "2024-01-19 00:28:48", "elapsed": 1032.064153, "delta": 0.002286}}
{"target": -14.040243389639992, "params": {"gamma": 466.7013447172249, "log10_alpha": 0.9961187677191399, "log10_colsample_bytree": -0.8855237402244736, "log10_eta": -0.13597243311487528, "log10_lambda": 0.9458369575585346, "log10_min_child_weight": 1.8263958913877238, "log10_subsample": -0.8450955102861542, "max_depth": 3.0, "num_boost_round": 10.0}, "datetime": {"datetime": "2024-01-19 00:28:48", "elapsed": 1032.066377, "delta": 0.002224}}
{"target": -14.040804918739504, "params": {"gamma": 466.7013447172249, "log10_alpha": 0.9961187677191399, "log10_colsample_bytree": -0.8855237402244736, "log10_eta": -0.13597243311487528, "log10_lambda": 0.9458369575585346, "log10_min_child_weight": 1.8263958913877238, "log10_subsample": -0.8450955102861542, "max_depth": 3.0, "num_boost_round": 11.0}, "datetime": {"datetime": "2024-01-19 00:28:48", "elapsed": 1032.068584, "delta": 0.002207}}
{"target": -14.055367544920378, "params": {"gamma": 466.7013447172249, "log10_alpha": 0.9961187677191399, "log10_colsample_bytree": -0.8855237402244736, "log10_eta": -0.13597243311487528, "log10_lambda": 0.9458369575585346, "log10_min_child_weight": 1.8263958913877238, "log10_subsample": -0.8450955102861542, "max_depth": 3.0, "num_boost_round": 12.0}, "datetime": {"datetime": "2024-01-19 00:28:48", "elapsed": 1032.070826, "delta": 0.002242}}
{"target": -14.080153257823648, "params": {"gamma": 466.7013447172249, "log10_alpha": 0.9961187677191399, "log10_colsample_bytree": -0.8855237402244736, "log10_eta": -0.13597243311487528, "log10_lambda": 0.9458369575585346, "log10_min_child_weight": 1.8263958913877238, "log10_subsample": -0.8450955102861542, "max_depth": 3.0, "num_boost_round": 13.0}, "datetime": {"datetime": "2024-01-19 00:28:48", "elapsed": 1032.073128, "delta": 0.002302}}
{"target": -14.08890802847807, "params": {"gamma": 466.7013447172249, "log10_alpha": 0.9961187677191399, "log10_colsample_bytree": -0.8855237402244736, "log10_eta": -0.13597243311487528, "log10_lambda": 0.9458369575585346, "log10_min_child_weight": 1.8263958913877238, "log10_subsample": -0.8450955102861542, "max_depth": 3.0, "num_boost_round": 14.0}, "datetime": {"datetime": "2024-01-19 00:28:48", "elapsed": 1032.075347, "delta": 0.002219}}
{"target": -14.089722241636368, "params": {"gamma": 466.7013447172249, "log10_alpha": 0.9961187677191399, "log10_colsample_bytree": -0.8855237402244736, "log10_eta": -0.13597243311487528, "log10_lambda": 0.9458369575585346, "log10_min_child_weight": 1.8263958913877238, "log10_subsample": -0.8450955102861542, "max_depth": 3.0, "num_boost_round": 15.0}, "datetime": {"datetime": "2024-01-19 00:28:48", "elapsed": 1032.077618, "delta": 0.002271}}
{"target": -14.087860463058478, "params": {"gamma": 466.7013447172249, "log10_alpha": 0.9961187677191399, "log10_colsample_bytree": -0.8855237402244736, "log10_eta": -0.13597243311487528, "log10_lambda": 0.9458369575585346, "log10_min_child_weight": 1.8263958913877238, "log10_subsample": -0.8450955102861542, "max_depth": 3.0, "num_boost_round": 16.0}, "datetime": {"datetime": "2024-01-19 00:28:48", "elapsed": 1032.079856, "delta": 0.002238}}
{"target": -14.10545854258201, "params": {"gamma": 466.7013447172249, "log10_alpha": 0.9961187677191399, "log10_colsample_bytree": -0.8855237402244736, "log10_eta": -0.13597243311487528, "log10_lambda": 0.9458369575585346, "log10_min_child_weight": 1.8263958913877238, "log10_subsample": -0.8450955102861542, "max_depth": 3.0, "num_boost_round": 17.0}, "datetime": {"datetime": "2024-01-19 00:28:48", "elapsed": 1032.082103, "delta": 0.002247}}
{"target": -14.108561191901066, "params": {"gamma": 466.7013447172249, "log10_alpha": 0.9961187677191399, "log10_colsample_bytree": -0.8855237402244736, "log10_eta": -0.13597243311487528, "log10_lambda": 0.9458369575585346, "log10_min_child_weight": 1.8263958913877238, "log10_subsample": -0.8450955102861542, "max_depth": 3.0, "num_boost_round": 18.0}, "datetime": {"datetime": "2024-01-19 00:28:48", "elapsed": 1032.084335, "delta": 0.002232}}
{"target": -14.117008896563826, "params": {"gamma": 466.7013447172249, "log10_alpha": 0.9961187677191399, "log10_colsample_bytree": -0.8855237402244736, "log10_eta": -0.13597243311487528, "log10_lambda": 0.9458369575585346, "log10_min_child_weight": 1.8263958913877238, "log10_subsample": -0.8450955102861542, "max_depth": 3.0, "num_boost_round": 19.0}, "datetime": {"datetime": "2024-01-19 00:28:48", "elapsed": 1032.086542, "delta": 0.002207}}
{"target": -14.127687951174583, "params": {"gamma": 466.7013447172249, "log10_alpha": 0.9961187677191399, "log10_colsample_bytree": -0.8855237402244736, "log10_eta": -0.13597243311487528, "log10_lambda": 0.9458369575585346, "log10_min_child_weight": 1.8263958913877238, "log10_subsample": -0.8450955102861542, "max_depth": 3.0, "num_boost_round": 20.0}, "datetime": {"datetime": "2024-01-19 00:28:48", "elapsed": 1032.088751, "delta": 0.002209}}
{"target": -14.129024989714523, "params": {"gamma": 466.7013447172249, "log10_alpha": 0.9961187677191399, "log10_colsample_bytree": -0.8855237402244736, "log10_eta": -0.13597243311487528, "log10_lambda": 0.9458369575585346, "log10_min_child_weight": 1.8263958913877238, "log10_subsample": -0.8450955102861542, "max_depth": 3.0, "num_boost_round": 21.0}, "datetime": {"datetime": "2024-01-19 00:28:48", "elapsed": 1032.091016, "delta": 0.002265}}
{"target": -14.150214289992858, "params": {"gamma": 466.7013447172249, "log10_alpha": 0.9961187677191399, "log10_colsample_bytree": -0.8855237402244736, "log10_eta": -0.13597243311487528, "log10_lambda": 0.9458369575585346, "log10_min_child_weight": 1.8263958913877238, "log10_subsample": -0.8450955102861542, "max_depth": 3.0, "num_boost_round": 22.0}, "datetime": {"datetime": "2024-01-19 00:28:48", "elapsed": 1032.093247, "delta": 0.002231}}
{"target": -14.355918569445608, "params": {"gamma": 466.7013447172249, "log10_alpha": 0.9961187677191399, "log10_colsample_bytree": -0.8855237402244736, "log10_eta": -0.13597243311487528, "log10_lambda": 0.9458369575585346, "log10_min_child_weight": 1.8263958913877238, "log10_subsample": -0.8450955102861542, "max_depth": 3.0, "num_boost_round": 23.0}, "datetime": {"datetime": "2024-01-19 00:28:48", "elapsed": 1032.09547, "delta": 0.002223}}
{"target": -14.366501051226857, "params": {"gamma": 466.7013447172249, "log10_alpha": 0.9961187677191399, "log10_colsample_bytree": -0.8855237402244736, "log10_eta": -0.13597243311487528, "log10_lambda": 0.9458369575585346, "log10_min_child_weight": 1.8263958913877238, "log10_subsample": -0.8450955102861542, "max_depth": 3.0, "num_boost_round": 24.0}, "datetime": {"datetime": "2024-01-19 00:28:48", "elapsed": 1032.097728, "delta": 0.002258}}
{"target": -14.321890539812792, "params": {"gamma": 466.7013447172249, "log10_alpha": 0.9961187677191399, "log10_colsample_bytree": -0.8855237402244736, "log10_eta": -0.13597243311487528, "log10_lambda": 0.9458369575585346, "log10_min_child_weight": 1.8263958913877238, "log10_subsample": -0.8450955102861542, "max_depth": 3.0, "num_boost_round": 25.0}, "datetime": {"datetime": "2024-01-19 00:28:48", "elapsed": 1032.09998, "delta": 0.002252}}
{"target": -14.336159939954044, "params": {"gamma": 466.7013447172249, "log10_alpha": 0.9961187677191399, "log10_colsample_bytree": -0.8855237402244736, "log10_eta": -0.13597243311487528, "log10_lambda": 0.9458369575585346, "log10_min_child_weight": 1.8263958913877238, "log10_subsample": -0.8450955102861542, "max_depth": 3.0, "num_boost_round": 26.0}, "datetime": {"datetime": "2024-01-19 00:28:48", "elapsed": 1032.10222, "delta": 0.00224}}
{"target": -14.33895537645615, "params": {"gamma": 466.7013447172249, "log10_alpha": 0.9961187677191399, "log10_colsample_bytree": -0.8855237402244736, "log10_eta": -0.13597243311487528, "log10_lambda": 0.9458369575585346, "log10_min_child_weight": 1.8263958913877238, "log10_subsample": -0.8450955102861542, "max_depth": 3.0, "num_boost_round": 27.0}, "datetime": {"datetime": "2024-01-19 00:28:48", "elapsed": 1032.104475, "delta": 0.002255}}
{"target": -14.346448807257936, "params": {"gamma": 466.7013447172249, "log10_alpha": 0.9961187677191399, "log10_colsample_bytree": -0.8855237402244736, "log10_eta": -0.13597243311487528, "log10_lambda": 0.9458369575585346, "log10_min_child_weight": 1.8263958913877238, "log10_subsample": -0.8450955102861542, "max_depth": 3.0, "num_boost_round": 28.0}, "datetime": {"datetime": "2024-01-19 00:28:48", "elapsed": 1032.106709, "delta": 0.002234}}
{"target": -14.36118865010399, "params": {"gamma": 466.7013447172249, "log10_alpha": 0.9961187677191399, "log10_colsample_bytree": -0.8855237402244736, "log10_eta": -0.13597243311487528, "log10_lambda": 0.9458369575585346, "log10_min_child_weight": 1.8263958913877238, "log10_subsample": -0.8450955102861542, "max_depth": 3.0, "num_boost_round": 29.0}, "datetime": {"datetime": "2024-01-19 00:28:48", "elapsed": 1032.109457, "delta": 0.002748}}
{"target": -13.758537525043465, "params": {"gamma": 438.5559225749898, "log10_alpha": -0.6036083471235418, "log10_colsample_bytree": -0.34161224523001366, "log10_eta": -3.9614563978604878, "log10_lambda": -3.4654175895630925, "log10_min_child_weight": 4.273336126536585, "log10_subsample": -0.7038211915275651, "max_depth": 4.0, "num_boost_round": 0.0}, "datetime": {"datetime": "2024-01-19 00:29:33", "elapsed": 1077.963562, "delta": 45.854105}}
{"target": -13.758537327911343, "params": {"gamma": 438.5559225749898, "log10_alpha": -0.6036083471235418, "log10_colsample_bytree": -0.34161224523001366, "log10_eta": -3.9614563978604878, "log10_lambda": -3.4654175895630925, "log10_min_child_weight": 4.273336126536585, "log10_subsample": -0.7038211915275651, "max_depth": 4.0, "num_boost_round": 1.0}, "datetime": {"datetime": "2024-01-19 00:29:33", "elapsed": 1077.966938, "delta": 0.003376}}
{"target": -13.758537762240852, "params": {"gamma": 438.5559225749898, "log10_alpha": -0.6036083471235418, "log10_colsample_bytree": -0.34161224523001366, "log10_eta": -3.9614563978604878, "log10_lambda": -3.4654175895630925, "log10_min_child_weight": 4.273336126536585, "log10_subsample": -0.7038211915275651, "max_depth": 4.0, "num_boost_round": 2.0}, "datetime": {"datetime": "2024-01-19 00:29:33", "elapsed": 1077.96918, "delta": 0.002242}}
{"target": -13.7585373949524, "params": {"gamma": 438.5559225749898, "log10_alpha": -0.6036083471235418, "log10_colsample_bytree": -0.34161224523001366, "log10_eta": -3.9614563978604878, "log10_lambda": -3.4654175895630925, "log10_min_child_weight": 4.273336126536585, "log10_subsample": -0.7038211915275651, "max_depth": 4.0, "num_boost_round": 3.0}, "datetime": {"datetime": "2024-01-19 00:29:33", "elapsed": 1077.971482, "delta": 0.002302}}
{"target": -13.758537533776636, "params": {"gamma": 438.5559225749898, "log10_alpha": -0.6036083471235418, "log10_colsample_bytree": -0.34161224523001366, "log10_eta": -3.9614563978604878, "log10_lambda": -3.4654175895630925, "log10_min_child_weight": 4.273336126536585, "log10_subsample": -0.7038211915275651, "max_depth": 4.0, "num_boost_round": 4.0}, "datetime": {"datetime": "2024-01-19 00:29:33", "elapsed": 1077.973777, "delta": 0.002295}}
{"target": -13.758537180693374, "params": {"gamma": 438.5559225749898, "log10_alpha": -0.6036083471235418, "log10_colsample_bytree": -0.34161224523001366, "log10_eta": -3.9614563978604878, "log10_lambda": -3.4654175895630925, "log10_min_child_weight": 4.273336126536585, "log10_subsample": -0.7038211915275651, "max_depth": 4.0, "num_boost_round": 5.0}, "datetime": {"datetime": "2024-01-19 00:29:33", "elapsed": 1077.976214, "delta": 0.002437}}
{"target": -13.758537179889414, "params": {"gamma": 438.5559225749898, "log10_alpha": -0.6036083471235418, "log10_colsample_bytree": -0.34161224523001366, "log10_eta": -3.9614563978604878, "log10_lambda": -3.4654175895630925, "log10_min_child_weight": 4.273336126536585, "log10_subsample": -0.7038211915275651, "max_depth": 4.0, "num_boost_round": 6.0}, "datetime": {"datetime": "2024-01-19 00:29:33", "elapsed": 1077.978534, "delta": 0.00232}}
{"target": -13.758537252937991, "params": {"gamma": 438.5559225749898, "log10_alpha": -0.6036083471235418, "log10_colsample_bytree": -0.34161224523001366, "log10_eta": -3.9614563978604878, "log10_lambda": -3.4654175895630925, "log10_min_child_weight": 4.273336126536585, "log10_subsample": -0.7038211915275651, "max_depth": 4.0, "num_boost_round": 7.0}, "datetime": {"datetime": "2024-01-19 00:29:33", "elapsed": 1077.9809, "delta": 0.002366}}
{"target": -13.758536214936273, "params": {"gamma": 438.5559225749898, "log10_alpha": -0.6036083471235418, "log10_colsample_bytree": -0.34161224523001366, "log10_eta": -3.9614563978604878, "log10_lambda": -3.4654175895630925, "log10_min_child_weight": 4.273336126536585, "log10_subsample": -0.7038211915275651, "max_depth": 4.0, "num_boost_round": 8.0}, "datetime": {"datetime": "2024-01-19 00:29:33", "elapsed": 1077.983201, "delta": 0.002301}}
{"target": -13.758535818039341, "params": {"gamma": 438.5559225749898, "log10_alpha": -0.6036083471235418, "log10_colsample_bytree": -0.34161224523001366, "log10_eta": -3.9614563978604878, "log10_lambda": -3.4654175895630925, "log10_min_child_weight": 4.273336126536585, "log10_subsample": -0.7038211915275651, "max_depth": 4.0, "num_boost_round": 9.0}, "datetime": {"datetime": "2024-01-19 00:29:34", "elapsed": 1077.985498, "delta": 0.002297}}
{"target": -13.758534558391215, "params": {"gamma": 438.5559225749898, "log10_alpha": -0.6036083471235418, "log10_colsample_bytree": -0.34161224523001366, "log10_eta": -3.9614563978604878, "log10_lambda": -3.4654175895630925, "log10_min_child_weight": 4.273336126536585, "log10_subsample": -0.7038211915275651, "max_depth": 4.0, "num_boost_round": 10.0}, "datetime": {"datetime": "2024-01-19 00:29:34", "elapsed": 1077.987851, "delta": 0.002353}}
{"target": -13.758533895556145, "params": {"gamma": 438.5559225749898, "log10_alpha": -0.6036083471235418, "log10_colsample_bytree": -0.34161224523001366, "log10_eta": -3.9614563978604878, "log10_lambda": -3.4654175895630925, "log10_min_child_weight": 4.273336126536585, "log10_subsample": -0.7038211915275651, "max_depth": 4.0, "num_boost_round": 11.0}, "datetime": {"datetime": "2024-01-19 00:29:34", "elapsed": 1077.990085, "delta": 0.002234}}
{"target": -13.758533089998098, "params": {"gamma": 438.5559225749898, "log10_alpha": -0.6036083471235418, "log10_colsample_bytree": -0.34161224523001366, "log10_eta": -3.9614563978604878, "log10_lambda": -3.4654175895630925, "log10_min_child_weight": 4.273336126536585, "log10_subsample": -0.7038211915275651, "max_depth": 4.0, "num_boost_round": 12.0}, "datetime": {"datetime": "2024-01-19 00:29:34", "elapsed": 1077.992297, "delta": 0.002212}}
{"target": -13.758532496755615, "params": {"gamma": 438.5559225749898, "log10_alpha": -0.6036083471235418, "log10_colsample_bytree": -0.34161224523001366, "log10_eta": -3.9614563978604878, "log10_lambda": -3.4654175895630925, "log10_min_child_weight": 4.273336126536585, "log10_subsample": -0.7038211915275651, "max_depth": 4.0, "num_boost_round": 13.0}, "datetime": {"datetime": "2024-01-19 00:29:34", "elapsed": 1077.994572, "delta": 0.002275}}
{"target": -13.758532024897738, "params": {"gamma": 438.5559225749898, "log10_alpha": -0.6036083471235418, "log10_colsample_bytree": -0.34161224523001366, "log10_eta": -3.9614563978604878, "log10_lambda": -3.4654175895630925, "log10_min_child_weight": 4.273336126536585, "log10_subsample": -0.7038211915275651, "max_depth": 4.0, "num_boost_round": 14.0}, "datetime": {"datetime": "2024-01-19 00:29:34", "elapsed": 1077.996874, "delta": 0.002302}}
{"target": -13.758530676163073, "params": {"gamma": 438.5559225749898, "log10_alpha": -0.6036083471235418, "log10_colsample_bytree": -0.34161224523001366, "log10_eta": -3.9614563978604878, "log10_lambda": -3.4654175895630925, "log10_min_child_weight": 4.273336126536585, "log10_subsample": -0.7038211915275651, "max_depth": 4.0, "num_boost_round": 15.0}, "datetime": {"datetime": "2024-01-19 00:29:34", "elapsed": 1077.999139, "delta": 0.002265}}
{"target": -13.758529974494614, "params": {"gamma": 438.5559225749898, "log10_alpha": -0.6036083471235418, "log10_colsample_bytree": -0.34161224523001366, "log10_eta": -3.9614563978604878, "log10_lambda": -3.4654175895630925, "log10_min_child_weight": 4.273336126536585, "log10_subsample": -0.7038211915275651, "max_depth": 4.0, "num_boost_round": 16.0}, "datetime": {"datetime": "2024-01-19 00:29:34", "elapsed": 1078.001444, "delta": 0.002305}}
{"target": -13.758529567583468, "params": {"gamma": 438.5559225749898, "log10_alpha": -0.6036083471235418, "log10_colsample_bytree": -0.34161224523001366, "log10_eta": -3.9614563978604878, "log10_lambda": -3.4654175895630925, "log10_min_child_weight": 4.273336126536585, "log10_subsample": -0.7038211915275651, "max_depth": 4.0, "num_boost_round": 17.0}, "datetime": {"datetime": "2024-01-19 00:29:34", "elapsed": 1078.003728, "delta": 0.002284}}
{"target": -13.758529220120298, "params": {"gamma": 438.5559225749898, "log10_alpha": -0.6036083471235418, "log10_colsample_bytree": -0.34161224523001366, "log10_eta": -3.9614563978604878, "log10_lambda": -3.4654175895630925, "log10_min_child_weight": 4.273336126536585, "log10_subsample": -0.7038211915275651, "max_depth": 4.0, "num_boost_round": 18.0}, "datetime": {"datetime": "2024-01-19 00:29:34", "elapsed": 1078.006003, "delta": 0.002275}}
{"target": -13.758527823477593, "params": {"gamma": 438.5559225749898, "log10_alpha": -0.6036083471235418, "log10_colsample_bytree": -0.34161224523001366, "log10_eta": -3.9614563978604878, "log10_lambda": -3.4654175895630925, "log10_min_child_weight": 4.273336126536585, "log10_subsample": -0.7038211915275651, "max_depth": 4.0, "num_boost_round": 19.0}, "datetime": {"datetime": "2024-01-19 00:29:34", "elapsed": 1078.008278, "delta": 0.002275}}
{"target": -13.758526623607091, "params": {"gamma": 438.5559225749898, "log10_alpha": -0.6036083471235418, "log10_colsample_bytree": -0.34161224523001366, "log10_eta": -3.9614563978604878, "log10_lambda": -3.4654175895630925, "log10_min_child_weight": 4.273336126536585, "log10_subsample": -0.7038211915275651, "max_depth": 4.0, "num_boost_round": 20.0}, "datetime": {"datetime": "2024-01-19 00:29:34", "elapsed": 1078.010545, "delta": 0.002267}}
