{"target": -13.759320311739913, "params": {"gamma": 875.2971856481892, "log10_alpha": -0.872710891314151, "log10_colsample_bytree": -0.14342979319668037, "log10_eta": -0.8756781789996428, "log10_lambda": 0.6305170092455832, "log10_min_child_weight": 0.7106456420631996, "log10_subsample": -0.9199151718786707, "max_depth": 5.0, "num_boost_round": 3.0}, "datetime": {"datetime": "2024-01-19 00:40:25", "elapsed": 1729.491119, "delta": 0.002697}}
{"target": -13.760878006185202, "params": {"gamma": 875.2971856481892, "log10_alpha": -0.872710891314151, "log10_colsample_bytree": -0.14342979319668037, "log10_eta": -0.8756781789996428, "log10_lambda": 0.6305170092455832, "log10_min_child_weight": 0.7106456420631996, "log10_subsample": -0.9199151718786707, "max_depth": 5.0, "num_boost_round": 4.0}, "datetime": {"datetime": "2024-01-19 00:40:25", "elapsed": 1729.493819, "delta": 0.0027}}
{"target": -13.7636868179622, "params": {"gamma": 875.2971856481892, "log10_alpha": -0.872710891314151, "log10_colsample_bytree": -0.14342979319668037, "log10_eta": -0.8756781789996428, "log10_lambda": 0.6305170092455832, "log10_min_child_weight": 0.7106456420631996, "log10_subsample": -0.9199151718786707, "max_depth": 5.0, "num_boost_round": 5.0}, "datetime": {"datetime": "2024-01-19 00:40:25", "elapsed": 1729.496369, "delta": 0.00255}}
{"target": -13.772217394761823, "params": {"gamma": 875.2971856481892, "log10_alpha": -0.872710891314151, "log10_colsample_bytree": -0.14342979319668037, "log10_eta": -0.8756781789996428, "log10_lambda": 0.6305170092455832, "log10_min_child_weight": 0.7106456420631996, "log10_subsample": -0.9199151718786707, "max_depth": 5.0, "num_boost_round": 6.0}, "datetime": {"datetime": "2024-01-19 00:40:25", "elapsed": 1729.498955, "delta": 0.002586}}
{"target": -13.780686078347856, "params": {"gamma": 875.2971856481892, "log10_alpha": -0.872710891314151, "log10_colsample_bytree": -0.14342979319668037, "log10_eta": -0.8756781789996428, "log10_lambda": 0.6305170092455832, "log10_min_child_weight": 0.7106456420631996, "log10_subsample": -0.9199151718786707, "max_depth": 5.0, "num_boost_round": 7.0}, "datetime": {"datetime": "2024-01-19 00:40:25", "elapsed": 1729.501524, "delta": 0.002569}}
{"target": -13.788912253758616, "params": {"gamma": 875.2971856481892, "log10_alpha": -0.872710891314151, "log10_colsample_bytree": -0.14342979319668037, "log10_eta": -0.8756781789996428, "log10_lambda": 0.6305170092455832, "log10_min_child_weight": 0.7106456420631996, "log10_subsample": -0.9199151718786707, "max_depth": 5.0, "num_boost_round": 8.0}, "datetime": {"datetime": "2024-01-19 00:40:25", "elapsed": 1729.504099, "delta": 0.002575}}
{"target": -13.794789981797818, "params": {"gamma": 875.2971856481892, "log10_alpha": -0.872710891314151, "log10_colsample_bytree": -0.14342979319668037, "log10_eta": -0.8756781789996428, "log10_lambda": 0.6305170092455832, "log10_min_child_weight": 0.7106456420631996, "log10_subsample": -0.9199151718786707, "max_depth": 5.0, "num_boost_round": 9.0}, "datetime": {"datetime": "2024-01-19 00:40:25", "elapsed": 1729.510688, "delta": 0.006589}}
{"target": -13.797909385109573, "params": {"gamma": 875.2971856481892, "log10_alpha": -0.872710891314151, "log10_colsample_bytree": -0.14342979319668037, "log10_eta": -0.8756781789996428, "log10_lambda": 0.6305170092455832, "log10_min_child_weight": 0.7106456420631996, "log10_subsample": -0.9199151718786707, "max_depth": 5.0, "num_boost_round": 10.0}, "datetime": {"datetime": "2024-01-19 00:40:25", "elapsed": 1729.513489, "delta": 0.002801}}
{"target": -13.800641080130413, "params": {"gamma": 875.2971856481892, "log10_alpha": -0.872710891314151, "log10_colsample_bytree": -0.14342979319668037, "log10_eta": -0.8756781789996428, "log10_lambda": 0.6305170092455832, "log10_min_child_weight": 0.7106456420631996, "log10_subsample": -0.9199151718786707, "max_depth": 5.0, "num_boost_round": 11.0}, "datetime": {"datetime": "2024-01-19 00:40:25", "elapsed": 1729.51609, "delta": 0.002601}}
{"target": -13.803969235926683, "params": {"gamma": 875.2971856481892, "log10_alpha": -0.872710891314151, "log10_colsample_bytree": -0.14342979319668037, "log10_eta": -0.8756781789996428, "log10_lambda": 0.6305170092455832, "log10_min_child_weight": 0.7106456420631996, "log10_subsample": -0.9199151718786707, "max_depth": 5.0, "num_boost_round": 12.0}, "datetime": {"datetime": "2024-01-19 00:40:25", "elapsed": 1729.518659, "delta": 0.002569}}
{"target": -13.813592753329765, "params": {"gamma": 875.2971856481892, "log10_alpha": -0.872710891314151, "log10_colsample_bytree": -0.14342979319668037, "log10_eta": -0.8756781789996428, "log10_lambda": 0.6305170092455832, "log10_min_child_weight": 0.7106456420631996, "log10_subsample": -0.9199151718786707, "max_depth": 5.0, "num_boost_round": 13.0}, "datetime": {"datetime": "2024-01-19 00:40:25", "elapsed": 1729.521233, "delta": 0.002574}}
{"target": -13.815985953737622, "params": {"gamma": 875.2971856481892, "log10_alpha": -0.872710891314151, "log10_colsample_bytree": -0.14342979319668037, "log10_eta": -0.8756781789996428, "log10_lambda": 0.6305170092455832, "log10_min_child_weight": 0.7106456420631996, "log10_subsample": -0.9199151718786707, "max_depth": 5.0, "num_boost_round": 14.0}, "datetime": {"datetime": "2024-01-19 00:40:25", "elapsed": 1729.523786, "delta": 0.002553}}
{"target": -13.821576297072037, "params": {"gamma": 875.2971856481892, "log10_alpha": -0.872710891314151, "log10_colsample_bytree": -0.14342979319668037, "log10_eta": -0.8756781789996428, "log10_lambda": 0.6305170092455832, "log10_min_child_weight": 0.7106456420631996, "log10_subsample": -0.9199151718786707, "max_depth": 5.0, "num_boost_round": 15.0}, "datetime": {"datetime": "2024-01-19 00:40:25", "elapsed": 1729.526366, "delta": 0.00258}}
{"target": -13.824464331301053, "params": {"gamma": 875.2971856481892, "log10_alpha": -0.872710891314151, "log10_colsample_bytree": -0.14342979319668037, "log10_eta": -0.8756781789996428, "log10_lambda": 0.6305170092455832, "log10_min_child_weight": 0.7106456420631996, "log10_subsample": -0.9199151718786707, "max_depth": 5.0, "num_boost_round": 16.0}, "datetime": {"datetime": "2024-01-19 00:40:25", "elapsed": 1729.52894, "delta": 0.002574}}
{"target": -13.830079629529209, "params": {"gamma": 875.2971856481892, "log10_alpha": -0.872710891314151, "log10_colsample_bytree": -0.14342979319668037, "log10_eta": -0.8756781789996428, "log10_lambda": 0.6305170092455832, "log10_min_child_weight": 0.7106456420631996, "log10_subsample": -0.9199151718786707, "max_depth": 5.0, "num_boost_round": 17.0}, "datetime": {"datetime": "2024-01-19 00:40:25", "elapsed": 1729.531836, "delta": 0.002896}}
{"target": -13.833640113788553, "params": {"gamma": 875.2971856481892, "log10_alpha": -0.872710891314151, "log10_colsample_bytree": -0.14342979319668037, "log10_eta": -0.8756781789996428, "log10_lambda": 0.6305170092455832, "log10_min_child_weight": 0.7106456420631996, "log10_subsample": -0.9199151718786707, "max_depth": 5.0, "num_boost_round": 18.0}, "datetime": {"datetime": "2024-01-19 00:40:25", "elapsed": 1729.5347, "delta": 0.002864}}
{"target": -13.83839806673601, "params": {"gamma": 875.2971856481892, "log10_alpha": -0.872710891314151, "log10_colsample_bytree": -0.14342979319668037, "log10_eta": -0.8756781789996428, "log10_lambda": 0.6305170092455832, "log10_min_child_weight": 0.7106456420631996, "log10_subsample": -0.9199151718786707, "max_depth": 5.0, "num_boost_round": 19.0}, "datetime": {"datetime": "2024-01-19 00:40:25", "elapsed": 1729.537382, "delta": 0.002682}}
{"target": -13.853766615902947, "params": {"gamma": 875.2971856481892, "log10_alpha": -0.872710891314151, "log10_colsample_bytree": -0.14342979319668037, "log10_eta": -0.8756781789996428, "log10_lambda": 0.6305170092455832, "log10_min_child_weight": 0.7106456420631996, "log10_subsample": -0.9199151718786707, "max_depth": 5.0, "num_boost_round": 20.0}, "datetime": {"datetime": "2024-01-19 00:40:25", "elapsed": 1729.539983, "delta": 0.002601}}
{"target": -13.86209384052792, "params": {"gamma": 875.2971856481892, "log10_alpha": -0.872710891314151, "log10_colsample_bytree": -0.14342979319668037, "log10_eta": -0.8756781789996428, "log10_lambda": 0.6305170092455832, "log10_min_child_weight": 0.7106456420631996, "log10_subsample": -0.9199151718786707, "max_depth": 5.0, "num_boost_round": 21.0}, "datetime": {"datetime": "2024-01-19 00:40:25", "elapsed": 1729.542587, "delta": 0.002604}}
{"target": -13.867954962560125, "params": {"gamma": 875.2971856481892, "log10_alpha": -0.872710891314151, "log10_colsample_bytree": -0.14342979319668037, "log10_eta": -0.8756781789996428, "log10_lambda": 0.6305170092455832, "log10_min_child_weight": 0.7106456420631996, "log10_subsample": -0.9199151718786707, "max_depth": 5.0, "num_boost_round": 22.0}, "datetime": {"datetime": "2024-01-19 00:40:25", "elapsed": 1729.545203, "delta": 0.002616}}
{"target": -13.881478675960864, "params": {"gamma": 875.2971856481892, "log10_alpha": -0.872710891314151, "log10_colsample_bytree": -0.14342979319668037, "log10_eta": -0.8756781789996428, "log10_lambda": 0.6305170092455832, "log10_min_child_weight": 0.7106456420631996, "log10_subsample": -0.9199151718786707, "max_depth": 5.0, "num_boost_round": 23.0}, "datetime": {"datetime": "2024-01-19 00:40:25", "elapsed": 1729.547865, "delta": 0.002662}}
{"target": -13.88433626000225, "params": {"gamma": 875.2971856481892, "log10_alpha": -0.872710891314151, "log10_colsample_bytree": -0.14342979319668037, "log10_eta": -0.8756781789996428, "log10_lambda": 0.6305170092455832, "log10_min_child_weight": 0.7106456420631996, "log10_subsample": -0.9199151718786707, "max_depth": 5.0, "num_boost_round": 24.0}, "datetime": {"datetime": "2024-01-19 00:40:25", "elapsed": 1729.550457, "delta": 0.002592}}
{"target": -13.888537393923677, "params": {"gamma": 875.2971856481892, "log10_alpha": -0.872710891314151, "log10_colsample_bytree": -0.14342979319668037, "log10_eta": -0.8756781789996428, "log10_lambda": 0.6305170092455832, "log10_min_child_weight": 0.7106456420631996, "log10_subsample": -0.9199151718786707, "max_depth": 5.0, "num_boost_round": 25.0}, "datetime": {"datetime": "2024-01-19 00:40:25", "elapsed": 1729.553224, "delta": 0.002767}}
{"target": -13.88870261924823, "params": {"gamma": 875.2971856481892, "log10_alpha": -0.872710891314151, "log10_colsample_bytree": -0.14342979319668037, "log10_eta": -0.8756781789996428, "log10_lambda": 0.6305170092455832, "log10_min_child_weight": 0.7106456420631996, "log10_subsample": -0.9199151718786707, "max_depth": 5.0, "num_boost_round": 26.0}, "datetime": {"datetime": "2024-01-19 00:40:25", "elapsed": 1729.555835, "delta": 0.002611}}
{"target": -13.889517580377728, "params": {"gamma": 875.2971856481892, "log10_alpha": -0.872710891314151, "log10_colsample_bytree": -0.14342979319668037, "log10_eta": -0.8756781789996428, "log10_lambda": 0.6305170092455832, "log10_min_child_weight": 0.7106456420631996, "log10_subsample": -0.9199151718786707, "max_depth": 5.0, "num_boost_round": 27.0}, "datetime": {"datetime": "2024-01-19 00:40:25", "elapsed": 1729.558416, "delta": 0.002581}}
{"target": -13.758535984800856, "params": {"gamma": 867.5161157350311, "log10_alpha": -0.32478153196693427, "log10_colsample_bytree": -0.4550907135840121, "log10_eta": -3.7712412441629084, "log10_lambda": -0.3864522778860682, "log10_min_child_weight": 4.227058944110145, "log10_subsample": -0.0028566186325004184, "max_depth": 8.0, "num_boost_round": 0.0}, "datetime": {"datetime": "2024-01-19 00:41:03", "elapsed": 1767.891227, "delta": 38.332811}}
{"target": -13.75853167599399, "params": {"gamma": 867.5161157350311, "log10_alpha": -0.32478153196693427, "log10_colsample_bytree": -0.4550907135840121, "log10_eta": -3.7712412441629084, "log10_lambda": -0.3864522778860682, "log10_min_child_weight": 4.227058944110145, "log10_subsample": -0.0028566186325004184, "max_depth": 8.0, "num_boost_round": 1.0}, "datetime": {"datetime": "2024-01-19 00:41:03", "elapsed": 1767.894527, "delta": 0.0033}}
{"target": -13.758532798426623, "params": {"gamma": 867.5161157350311, "log10_alpha": -0.32478153196693427, "log10_colsample_bytree": -0.4550907135840121, "log10_eta": -3.7712412441629084, "log10_lambda": -0.3864522778860682, "log10_min_child_weight": 4.227058944110145, "log10_subsample": -0.0028566186325004184, "max_depth": 8.0, "num_boost_round": 2.0}, "datetime": {"datetime": "2024-01-19 00:41:03", "elapsed": 1767.897811, "delta": 0.003284}}
{"target": -13.758530448146573, "params": {"gamma": 867.5161157350311, "log10_alpha": -0.32478153196693427, "log10_colsample_bytree": -0.4550907135840121, "log10_eta": -3.7712412441629084, "log10_lambda": -0.3864522778860682, "log10_min_child_weight": 4.227058944110145, "log10_subsample": -0.0028566186325004184, "max_depth": 8.0, "num_boost_round": 3.0}, "datetime": {"datetime": "2024-01-19 00:41:03", "elapsed": 1767.900636, "delta": 0.002825}}
{"target": -13.75853298843916, "params": {"gamma": 867.5161157350311, "log10_alpha": -0.32478153196693427, "log10_colsample_bytree": -0.4550907135840121, "log10_eta": -3.7712412441629084, "log10_lambda": -0.3864522778860682, "log10_min_child_weight": 4.227058944110145, "log10_subsample": -0.0028566186325004184, "max_depth": 8.0, "num_boost_round": 4.0}, "datetime": {"datetime": "2024-01-19 00:41:03", "elapsed": 1767.903467, "delta": 0.002831}}
{"target": -13.758534804814818, "params": {"gamma": 867.5161157350311, "log10_alpha": -0.32478153196693427, "log10_colsample_bytree": -0.4550907135840121, "log10_eta": -3.7712412441629084, "log10_lambda": -0.3864522778860682, "log10_min_child_weight": 4.227058944110145, "log10_subsample": -0.0028566186325004184, "max_depth": 8.0, "num_boost_round": 5.0}, "datetime": {"datetime": "2024-01-19 00:41:03", "elapsed": 1767.906259, "delta": 0.002792}}
{"target": -13.758534538033004, "params": {"gamma": 867.5161157350311, "log10_alpha": -0.32478153196693427, "log10_colsample_bytree": -0.4550907135840121, "log10_eta": -3.7712412441629084, "log10_lambda": -0.3864522778860682, "log10_min_child_weight": 4.227058944110145, "log10_subsample": -0.0028566186325004184, "max_depth": 8.0, "num_boost_round": 6.0}, "datetime": {"datetime": "2024-01-19 00:41:03", "elapsed": 1767.909037, "delta": 0.002778}}
{"target": -13.7585338755487, "params": {"gamma": 867.5161157350311, "log10_alpha": -0.32478153196693427, "log10_colsample_bytree": -0.4550907135840121, "log10_eta": -3.7712412441629084, "log10_lambda": -0.3864522778860682, "log10_min_child_weight": 4.227058944110145, "log10_subsample": -0.0028566186325004184, "max_depth": 8.0, "num_boost_round": 7.0}, "datetime": {"datetime": "2024-01-19 00:41:03", "elapsed": 1767.911927, "delta": 0.00289}}
{"target": -13.758533724570599, "params": {"gamma": 867.5161157350311, "log10_alpha": -0.32478153196693427, "log10_colsample_bytree": -0.4550907135840121, "log10_eta": -3.7712412441629084, "log10_lambda": -0.3864522778860682, "log10_min_child_weight": 4.227058944110145, "log10_subsample": -0.0028566186325004184, "max_depth": 8.0, "num_boost_round": 8.0}, "datetime": {"datetime": "2024-01-19 00:41:03", "elapsed": 1767.914811, "delta": 0.002884}}
{"target": -13.758532510546978, "params": {"gamma": 867.5161157350311, "log10_alpha": -0.32478153196693427, "log10_colsample_bytree": -0.4550907135840121, "log10_eta": -3.7712412441629084, "log10_lambda": -0.3864522778860682, "log10_min_child_weight": 4.227058944110145, "log10_subsample": -0.0028566186325004184, "max_depth": 8.0, "num_boost_round": 9.0}, "datetime": {"datetime": "2024-01-19 00:41:03", "elapsed": 1767.917652, "delta": 0.002841}}
{"target": -13.758530941496613, "params": {"gamma": 867.5161157350311, "log10_alpha": -0.32478153196693427, "log10_colsample_bytree": -0.4550907135840121, "log10_eta": -3.7712412441629084, "log10_lambda": -0.3864522778860682, "log10_min_child_weight": 4.227058944110145, "log10_subsample": -0.0028566186325004184, "max_depth": 8.0, "num_boost_round": 10.0}, "datetime": {"datetime": "2024-01-19 00:41:03", "elapsed": 1767.920414, "delta": 0.002762}}
{"target": -13.758527865961138, "params": {"gamma": 867.5161157350311, "log10_alpha": -0.32478153196693427, "log10_colsample_bytree": -0.4550907135840121, "log10_eta": -3.7712412441629084, "log10_lambda": -0.3864522778860682, "log10_min_child_weight": 4.227058944110145, "log10_subsample": -0.0028566186325004184, "max_depth": 8.0, "num_boost_round": 11.0}, "datetime": {"datetime": "2024-01-19 00:41:03", "elapsed": 1767.923208, "delta": 0.002794}}
{"target": -13.758527131478349, "params": {"gamma": 867.5161157350311, "log10_alpha": -0.32478153196693427, "log10_colsample_bytree": -0.4550907135840121, "log10_eta": -3.7712412441629084, "log10_lambda": -0.3864522778860682, "log10_min_child_weight": 4.227058944110145, "log10_subsample": -0.0028566186325004184, "max_depth": 8.0, "num_boost_round": 12.0}, "datetime": {"datetime": "2024-01-19 00:41:03", "elapsed": 1767.925977, "delta": 0.002769}}
{"target": -13.758527446073337, "params": {"gamma": 867.5161157350311, "log10_alpha": -0.32478153196693427, "log10_colsample_bytree": -0.4550907135840121, "log10_eta": -3.7712412441629084, "log10_lambda": -0.3864522778860682, "log10_min_child_weight": 4.227058944110145, "log10_subsample": -0.0028566186325004184, "max_depth": 8.0, "num_boost_round": 13.0}, "datetime": {"datetime": "2024-01-19 00:41:03", "elapsed": 1767.928836, "delta": 0.002859}}
{"target": -13.758524808138267, "params": {"gamma": 867.5161157350311, "log10_alpha": -0.32478153196693427, "log10_colsample_bytree": -0.4550907135840121, "log10_eta": -3.7712412441629084, "log10_lambda": -0.3864522778860682, "log10_min_child_weight": 4.227058944110145, "log10_subsample": -0.0028566186325004184, "max_depth": 8.0, "num_boost_round": 14.0}, "datetime": {"datetime": "2024-01-19 00:41:03", "elapsed": 1767.932653, "delta": 0.003817}}
{"target": -13.758520084314851, "params": {"gamma": 867.5161157350311, "log10_alpha": -0.32478153196693427, "log10_colsample_bytree": -0.4550907135840121, "log10_eta": -3.7712412441629084, "log10_lambda": -0.3864522778860682, "log10_min_child_weight": 4.227058944110145, "log10_subsample": -0.0028566186325004184, "max_depth": 8.0, "num_boost_round": 15.0}, "datetime": {"datetime": "2024-01-19 00:41:03", "elapsed": 1767.936044, "delta": 0.003391}}
{"target": -13.758521173977197, "params": {"gamma": 867.5161157350311, "log10_alpha": -0.32478153196693427, "log10_colsample_bytree": -0.4550907135840121, "log10_eta": -3.7712412441629084, "log10_lambda": -0.3864522778860682, "log10_min_child_weight": 4.227058944110145, "log10_subsample": -0.0028566186325004184, "max_depth": 8.0, "num_boost_round": 16.0}, "datetime": {"datetime": "2024-01-19 00:41:03", "elapsed": 1767.939227, "delta": 0.003183}}
{"target": -13.75852127299392, "params": {"gamma": 867.5161157350311, "log10_alpha": -0.32478153196693427, "log10_colsample_bytree": -0.4550907135840121, "log10_eta": -3.7712412441629084, "log10_lambda": -0.3864522778860682, "log10_min_child_weight": 4.227058944110145, "log10_subsample": -0.0028566186325004184, "max_depth": 8.0, "num_boost_round": 17.0}, "datetime": {"datetime": "2024-01-19 00:41:03", "elapsed": 1767.942174, "delta": 0.002947}}
{"target": -13.758519784443473, "params": {"gamma": 867.5161157350311, "log10_alpha": -0.32478153196693427, "log10_colsample_bytree": -0.4550907135840121, "log10_eta": -3.7712412441629084, "log10_lambda": -0.3864522778860682, "log10_min_child_weight": 4.227058944110145, "log10_subsample": -0.0028566186325004184, "max_depth": 8.0, "num_boost_round": 18.0}, "datetime": {"datetime": "2024-01-19 00:41:03", "elapsed": 1767.945009, "delta": 0.002835}}
{"target": -13.758514088432774, "params": {"gamma": 867.5161157350311, "log10_alpha": -0.32478153196693427, "log10_colsample_bytree": -0.4550907135840121, "log10_eta": -3.7712412441629084, "log10_lambda": -0.3864522778860682, "log10_min_child_weight": 4.227058944110145, "log10_subsample": -0.0028566186325004184, "max_depth": 8.0, "num_boost_round": 19.0}, "datetime": {"datetime": "2024-01-19 00:41:03", "elapsed": 1767.948068, "delta": 0.003059}}
{"target": -13.758513304027518, "params": {"gamma": 867.5161157350311, "log10_alpha": -0.32478153196693427, "log10_colsample_bytree": -0.4550907135840121, "log10_eta": -3.7712412441629084, "log10_lambda": -0.3864522778860682, "log10_min_child_weight": 4.227058944110145, "log10_subsample": -0.0028566186325004184, "max_depth": 8.0, "num_boost_round": 20.0}, "datetime": {"datetime": "2024-01-19 00:41:03", "elapsed": 1767.950975, "delta": 0.002907}}
{"target": -13.758508481221927, "params": {"gamma": 867.5161157350311, "log10_alpha": -0.32478153196693427, "log10_colsample_bytree": -0.4550907135840121, "log10_eta": -3.7712412441629084, "log10_lambda": -0.3864522778860682, "log10_min_child_weight": 4.227058944110145, "log10_subsample": -0.0028566186325004184, "max_depth": 8.0, "num_boost_round": 21.0}, "datetime": {"datetime": "2024-01-19 00:41:03", "elapsed": 1767.953816, "delta": 0.002841}}
{"target": -13.758504553590203, "params": {"gamma": 867.5161157350311, "log10_alpha": -0.32478153196693427, "log10_colsample_bytree": -0.4550907135840121, "log10_eta": -3.7712412441629084, "log10_lambda": -0.3864522778860682, "log10_min_child_weight": 4.227058944110145, "log10_subsample": -0.0028566186325004184, "max_depth": 8.0, "num_boost_round": 22.0}, "datetime": {"datetime": "2024-01-19 00:41:03", "elapsed": 1767.95658, "delta": 0.002764}}
{"target": -13.758502909866646, "params": {"gamma": 867.5161157350311, "log10_alpha": -0.32478153196693427, "log10_colsample_bytree": -0.4550907135840121, "log10_eta": -3.7712412441629084, "log10_lambda": -0.3864522778860682, "log10_min_child_weight": 4.227058944110145, "log10_subsample": -0.0028566186325004184, "max_depth": 8.0, "num_boost_round": 23.0}, "datetime": {"datetime": "2024-01-19 00:41:03", "elapsed": 1767.959341, "delta": 0.002761}}
