{"target": -13.758353301107872, "params": {"gamma": 880.4607297985216, "log10_alpha": -1.5628731438782997, "log10_colsample_bytree": -0.6524909589484172, "log10_eta": -3.2220783870178615, "log10_lambda": -1.5359464611277476, "log10_min_child_weight": 2.2666990531157127, "log10_subsample": -0.9966107888361498, "max_depth": 5.0, "num_boost_round": 17.0}, "datetime": {"datetime": "2024-01-19 01:52:33", "elapsed": 6057.733306, "delta": 0.006962}}
{"target": -13.758358145932462, "params": {"gamma": 880.4607297985216, "log10_alpha": -1.5628731438782997, "log10_colsample_bytree": -0.6524909589484172, "log10_eta": -3.2220783870178615, "log10_lambda": -1.5359464611277476, "log10_min_child_weight": 2.2666990531157127, "log10_subsample": -0.9966107888361498, "max_depth": 5.0, "num_boost_round": 18.0}, "datetime": {"datetime": "2024-01-19 01:52:33", "elapsed": 6057.740115, "delta": 0.006809}}
{"target": -13.75835888445976, "params": {"gamma": 880.4607297985216, "log10_alpha": -1.5628731438782997, "log10_colsample_bytree": -0.6524909589484172, "log10_eta": -3.2220783870178615, "log10_lambda": -1.5359464611277476, "log10_min_child_weight": 2.2666990531157127, "log10_subsample": -0.9966107888361498, "max_depth": 5.0, "num_boost_round": 19.0}, "datetime": {"datetime": "2024-01-19 01:52:33", "elapsed": 6057.746402, "delta": 0.006287}}
{"target": -13.758360751062483, "params": {"gamma": 880.4607297985216, "log10_alpha": -1.5628731438782997, "log10_colsample_bytree": -0.6524909589484172, "log10_eta": -3.2220783870178615, "log10_lambda": -1.5359464611277476, "log10_min_child_weight": 2.2666990531157127, "log10_subsample": -0.9966107888361498, "max_depth": 5.0, "num_boost_round": 20.0}, "datetime": {"datetime": "2024-01-19 01:52:33", "elapsed": 6057.752958, "delta": 0.006556}}
{"target": -13.758346307138618, "params": {"gamma": 880.4607297985216, "log10_alpha": -1.5628731438782997, "log10_colsample_bytree": -0.6524909589484172, "log10_eta": -3.2220783870178615, "log10_lambda": -1.5359464611277476, "log10_min_child_weight": 2.2666990531157127, "log10_subsample": -0.9966107888361498, "max_depth": 5.0, "num_boost_round": 21.0}, "datetime": {"datetime": "2024-01-19 01:52:33", "elapsed": 6057.75953, "delta": 0.006572}}
{"target": -13.758335356499765, "params": {"gamma": 880.4607297985216, "log10_alpha": -1.5628731438782997, "log10_colsample_bytree": -0.6524909589484172, "log10_eta": -3.2220783870178615, "log10_lambda": -1.5359464611277476, "log10_min_child_weight": 2.2666990531157127, "log10_subsample": -0.9966107888361498, "max_depth": 5.0, "num_boost_round": 22.0}, "datetime": {"datetime": "2024-01-19 01:52:33", "elapsed": 6057.766321, "delta": 0.006791}}
{"target": -13.758320708834253, "params": {"gamma": 880.4607297985216, "log10_alpha": -1.5628731438782997, "log10_colsample_bytree": -0.6524909589484172, "log10_eta": -3.2220783870178615, "log10_lambda": -1.5359464611277476, "log10_min_child_weight": 2.2666990531157127, "log10_subsample": -0.9966107888361498, "max_depth": 5.0, "num_boost_round": 23.0}, "datetime": {"datetime": "2024-01-19 01:52:33", "elapsed": 6057.77321, "delta": 0.006889}}
{"target": -13.758314930439074, "params": {"gamma": 880.4607297985216, "log10_alpha": -1.5628731438782997, "log10_colsample_bytree": -0.6524909589484172, "log10_eta": -3.2220783870178615, "log10_lambda": -1.5359464611277476, "log10_min_child_weight": 2.2666990531157127, "log10_subsample": -0.9966107888361498, "max_depth": 5.0, "num_boost_round": 24.0}, "datetime": {"datetime": "2024-01-19 01:52:33", "elapsed": 6057.779731, "delta": 0.006521}}
{"target": -13.758303292290371, "params": {"gamma": 880.4607297985216, "log10_alpha": -1.5628731438782997, "log10_colsample_bytree": -0.6524909589484172, "log10_eta": -3.2220783870178615, "log10_lambda": -1.5359464611277476, "log10_min_child_weight": 2.2666990531157127, "log10_subsample": -0.9966107888361498, "max_depth": 5.0, "num_boost_round": 25.0}, "datetime": {"datetime": "2024-01-19 01:52:33", "elapsed": 6057.786243, "delta": 0.006512}}
{"target": -13.758282080176988, "params": {"gamma": 880.4607297985216, "log10_alpha": -1.5628731438782997, "log10_colsample_bytree": -0.6524909589484172, "log10_eta": -3.2220783870178615, "log10_lambda": -1.5359464611277476, "log10_min_child_weight": 2.2666990531157127, "log10_subsample": -0.9966107888361498, "max_depth": 5.0, "num_boost_round": 26.0}, "datetime": {"datetime": "2024-01-19 01:52:33", "elapsed": 6057.793179, "delta": 0.006936}}
{"target": -13.758275510720745, "params": {"gamma": 880.4607297985216, "log10_alpha": -1.5628731438782997, "log10_colsample_bytree": -0.6524909589484172, "log10_eta": -3.2220783870178615, "log10_lambda": -1.5359464611277476, "log10_min_child_weight": 2.2666990531157127, "log10_subsample": -0.9966107888361498, "max_depth": 5.0, "num_boost_round": 27.0}, "datetime": {"datetime": "2024-01-19 01:52:33", "elapsed": 6057.80008, "delta": 0.006901}}
{"target": -13.758253491610239, "params": {"gamma": 880.4607297985216, "log10_alpha": -1.5628731438782997, "log10_colsample_bytree": -0.6524909589484172, "log10_eta": -3.2220783870178615, "log10_lambda": -1.5359464611277476, "log10_min_child_weight": 2.2666990531157127, "log10_subsample": -0.9966107888361498, "max_depth": 5.0, "num_boost_round": 28.0}, "datetime": {"datetime": "2024-01-19 01:52:33", "elapsed": 6057.806774, "delta": 0.006694}}
{"target": -13.758245571006743, "params": {"gamma": 880.4607297985216, "log10_alpha": -1.5628731438782997, "log10_colsample_bytree": -0.6524909589484172, "log10_eta": -3.2220783870178615, "log10_lambda": -1.5359464611277476, "log10_min_child_weight": 2.2666990531157127, "log10_subsample": -0.9966107888361498, "max_depth": 5.0, "num_boost_round": 29.0}, "datetime": {"datetime": "2024-01-19 01:52:33", "elapsed": 6057.818192, "delta": 0.011418}}
{"target": -13.75823376876523, "params": {"gamma": 880.4607297985216, "log10_alpha": -1.5628731438782997, "log10_colsample_bytree": -0.6524909589484172, "log10_eta": -3.2220783870178615, "log10_lambda": -1.5359464611277476, "log10_min_child_weight": 2.2666990531157127, "log10_subsample": -0.9966107888361498, "max_depth": 5.0, "num_boost_round": 30.0}, "datetime": {"datetime": "2024-01-19 01:52:33", "elapsed": 6057.825109, "delta": 0.006917}}
{"target": -13.758208798786026, "params": {"gamma": 880.4607297985216, "log10_alpha": -1.5628731438782997, "log10_colsample_bytree": -0.6524909589484172, "log10_eta": -3.2220783870178615, "log10_lambda": -1.5359464611277476, "log10_min_child_weight": 2.2666990531157127, "log10_subsample": -0.9966107888361498, "max_depth": 5.0, "num_boost_round": 31.0}, "datetime": {"datetime": "2024-01-19 01:52:33", "elapsed": 6057.831998, "delta": 0.006889}}
{"target": -13.758206587769584, "params": {"gamma": 880.4607297985216, "log10_alpha": -1.5628731438782997, "log10_colsample_bytree": -0.6524909589484172, "log10_eta": -3.2220783870178615, "log10_lambda": -1.5359464611277476, "log10_min_child_weight": 2.2666990531157127, "log10_subsample": -0.9966107888361498, "max_depth": 5.0, "num_boost_round": 32.0}, "datetime": {"datetime": "2024-01-19 01:52:33", "elapsed": 6057.838896, "delta": 0.006898}}
{"target": -13.758381031385593, "params": {"gamma": 784.3148522973755, "log10_alpha": -4.040316537462829, "log10_colsample_bytree": -0.024465418067293077, "log10_eta": -1.8114534974198118, "log10_lambda": -1.216300360305639, "log10_min_child_weight": 3.5442762054274137, "log10_subsample": -0.7431294201240719, "max_depth": 6.0, "num_boost_round": 0.0}, "datetime": {"datetime": "2024-01-19 01:53:49", "elapsed": 6134.105982, "delta": 76.267086}}
{"target": -13.758236906774894, "params": {"gamma": 784.3148522973755, "log10_alpha": -4.040316537462829, "log10_colsample_bytree": -0.024465418067293077, "log10_eta": -1.8114534974198118, "log10_lambda": -1.216300360305639, "log10_min_child_weight": 3.5442762054274137, "log10_subsample": -0.7431294201240719, "max_depth": 6.0, "num_boost_round": 1.0}, "datetime": {"datetime": "2024-01-19 01:53:49", "elapsed": 6134.113574, "delta": 0.007592}}
{"target": -13.758207627642662, "params": {"gamma": 784.3148522973755, "log10_alpha": -4.040316537462829, "log10_colsample_bytree": -0.024465418067293077, "log10_eta": -1.8114534974198118, "log10_lambda": -1.216300360305639, "log10_min_child_weight": 3.5442762054274137, "log10_subsample": -0.7431294201240719, "max_depth": 6.0, "num_boost_round": 2.0}, "datetime": {"datetime": "2024-01-19 01:53:49", "elapsed": 6134.120063, "delta": 0.006489}}
{"target": -13.757802659319784, "params": {"gamma": 784.3148522973755, "log10_alpha": -4.040316537462829, "log10_colsample_bytree": -0.024465418067293077, "log10_eta": -1.8114534974198118, "log10_lambda": -1.216300360305639, "log10_min_child_weight": 3.5442762054274137, "log10_subsample": -0.7431294201240719, "max_depth": 6.0, "num_boost_round": 3.0}, "datetime": {"datetime": "2024-01-19 01:53:49", "elapsed": 6134.126456, "delta": 0.006393}}
{"target": -13.757660518480428, "params": {"gamma": 784.3148522973755, "log10_alpha": -4.040316537462829, "log10_colsample_bytree": -0.024465418067293077, "log10_eta": -1.8114534974198118, "log10_lambda": -1.216300360305639, "log10_min_child_weight": 3.5442762054274137, "log10_subsample": -0.7431294201240719, "max_depth": 6.0, "num_boost_round": 4.0}, "datetime": {"datetime": "2024-01-19 01:53:49", "elapsed": 6134.13326, "delta": 0.006804}}
{"target": -13.757623565309618, "params": {"gamma": 784.3148522973755, "log10_alpha": -4.040316537462829, "log10_colsample_bytree": -0.024465418067293077, "log10_eta": -1.8114534974198118, "log10_lambda": -1.216300360305639, "log10_min_child_weight": 3.5442762054274137, "log10_subsample": -0.7431294201240719, "max_depth": 6.0, "num_boost_round": 5.0}, "datetime": {"datetime": "2024-01-19 01:53:49", "elapsed": 6134.139747, "delta": 0.006487}}
{"target": -13.75763835968869, "params": {"gamma": 784.3148522973755, "log10_alpha": -4.040316537462829, "log10_colsample_bytree": -0.024465418067293077, "log10_eta": -1.8114534974198118, "log10_lambda": -1.216300360305639, "log10_min_child_weight": 3.5442762054274137, "log10_subsample": -0.7431294201240719, "max_depth": 6.0, "num_boost_round": 6.0}, "datetime": {"datetime": "2024-01-19 01:53:49", "elapsed": 6134.146146, "delta": 0.006399}}
{"target": -13.757816771725123, "params": {"gamma": 784.3148522973755, "log10_alpha": -4.040316537462829, "log10_colsample_bytree": -0.024465418067293077, "log10_eta": -1.8114534974198118, "log10_lambda": -1.216300360305639, "log10_min_child_weight": 3.5442762054274137, "log10_subsample": -0.7431294201240719, "max_depth": 6.0, "num_boost_round": 7.0}, "datetime": {"datetime": "2024-01-19 01:53:49", "elapsed": 6134.152658, "delta": 0.006512}}
{"target": -13.757884054525498, "params": {"gamma": 784.3148522973755, "log10_alpha": -4.040316537462829, "log10_colsample_bytree": -0.024465418067293077, "log10_eta": -1.8114534974198118, "log10_lambda": -1.216300360305639, "log10_min_child_weight": 3.5442762054274137, "log10_subsample": -0.7431294201240719, "max_depth": 6.0, "num_boost_round": 8.0}, "datetime": {"datetime": "2024-01-19 01:53:49", "elapsed": 6134.15908, "delta": 0.006422}}
{"target": -13.757903216446001, "params": {"gamma": 784.3148522973755, "log10_alpha": -4.040316537462829, "log10_colsample_bytree": -0.024465418067293077, "log10_eta": -1.8114534974198118, "log10_lambda": -1.216300360305639, "log10_min_child_weight": 3.5442762054274137, "log10_subsample": -0.7431294201240719, "max_depth": 6.0, "num_boost_round": 9.0}, "datetime": {"datetime": "2024-01-19 01:53:49", "elapsed": 6134.165493, "delta": 0.006413}}
{"target": -13.75787941179177, "params": {"gamma": 784.3148522973755, "log10_alpha": -4.040316537462829, "log10_colsample_bytree": -0.024465418067293077, "log10_eta": -1.8114534974198118, "log10_lambda": -1.216300360305639, "log10_min_child_weight": 3.5442762054274137, "log10_subsample": -0.7431294201240719, "max_depth": 6.0, "num_boost_round": 10.0}, "datetime": {"datetime": "2024-01-19 01:53:49", "elapsed": 6134.172107, "delta": 0.006614}}
{"target": -13.757879624138885, "params": {"gamma": 784.3148522973755, "log10_alpha": -4.040316537462829, "log10_colsample_bytree": -0.024465418067293077, "log10_eta": -1.8114534974198118, "log10_lambda": -1.216300360305639, "log10_min_child_weight": 3.5442762054274137, "log10_subsample": -0.7431294201240719, "max_depth": 6.0, "num_boost_round": 11.0}, "datetime": {"datetime": "2024-01-19 01:53:49", "elapsed": 6134.178701, "delta": 0.006594}}
{"target": -13.757898129295269, "params": {"gamma": 784.3148522973755, "log10_alpha": -4.040316537462829, "log10_colsample_bytree": -0.024465418067293077, "log10_eta": -1.8114534974198118, "log10_lambda": -1.216300360305639, "log10_min_child_weight": 3.5442762054274137, "log10_subsample": -0.7431294201240719, "max_depth": 6.0, "num_boost_round": 12.0}, "datetime": {"datetime": "2024-01-19 01:53:49", "elapsed": 6134.185041, "delta": 0.00634}}
{"target": -13.758013733362057, "params": {"gamma": 784.3148522973755, "log10_alpha": -4.040316537462829, "log10_colsample_bytree": -0.024465418067293077, "log10_eta": -1.8114534974198118, "log10_lambda": -1.216300360305639, "log10_min_child_weight": 3.5442762054274137, "log10_subsample": -0.7431294201240719, "max_depth": 6.0, "num_boost_round": 13.0}, "datetime": {"datetime": "2024-01-19 01:53:49", "elapsed": 6134.191352, "delta": 0.006311}}
{"target": -13.758533198609701, "params": {"gamma": 876.2185761853617, "log10_alpha": -2.240425066381965, "log10_colsample_bytree": -0.997310465260201, "log10_eta": -3.9845421883736534, "log10_lambda": -1.6512398336575669, "log10_min_child_weight": 1.0229798892274093, "log10_subsample": -0.8275090446588739, "max_depth": 6.0, "num_boost_round": 0.0}, "datetime": {"datetime": "2024-01-19 01:55:48", "elapsed": 6252.61781, "delta": 118.426458}}
{"target": -13.7585307246538, "params": {"gamma": 876.2185761853617, "log10_alpha": -2.240425066381965, "log10_colsample_bytree": -0.997310465260201, "log10_eta": -3.9845421883736534, "log10_lambda": -1.6512398336575669, "log10_min_child_weight": 1.0229798892274093, "log10_subsample": -0.8275090446588739, "max_depth": 6.0, "num_boost_round": 1.0}, "datetime": {"datetime": "2024-01-19 01:55:48", "elapsed": 6252.625284, "delta": 0.007474}}
{"target": -13.758533166459724, "params": {"gamma": 876.2185761853617, "log10_alpha": -2.240425066381965, "log10_colsample_bytree": -0.997310465260201, "log10_eta": -3.9845421883736534, "log10_lambda": -1.6512398336575669, "log10_min_child_weight": 1.0229798892274093, "log10_subsample": -0.8275090446588739, "max_depth": 6.0, "num_boost_round": 2.0}, "datetime": {"datetime": "2024-01-19 01:55:48", "elapsed": 6252.632219, "delta": 0.006935}}
{"target": -13.758532598126536, "params": {"gamma": 876.2185761853617, "log10_alpha": -2.240425066381965, "log10_colsample_bytree": -0.997310465260201, "log10_eta": -3.9845421883736534, "log10_lambda": -1.6512398336575669, "log10_min_child_weight": 1.0229798892274093, "log10_subsample": -0.8275090446588739, "max_depth": 6.0, "num_boost_round": 3.0}, "datetime": {"datetime": "2024-01-19 01:55:48", "elapsed": 6252.638871, "delta": 0.006652}}
{"target": -13.75853171102168, "params": {"gamma": 876.2185761853617, "log10_alpha": -2.240425066381965, "log10_colsample_bytree": -0.997310465260201, "log10_eta": -3.9845421883736534, "log10_lambda": -1.6512398336575669, "log10_min_child_weight": 1.0229798892274093, "log10_subsample": -0.8275090446588739, "max_depth": 6.0, "num_boost_round": 4.0}, "datetime": {"datetime": "2024-01-19 01:55:48", "elapsed": 6252.645481, "delta": 0.00661}}
{"target": -13.75853119243105, "params": {"gamma": 876.2185761853617, "log10_alpha": -2.240425066381965, "log10_colsample_bytree": -0.997310465260201, "log10_eta": -3.9845421883736534, "log10_lambda": -1.6512398336575669, "log10_min_child_weight": 1.0229798892274093, "log10_subsample": -0.8275090446588739, "max_depth": 6.0, "num_boost_round": 5.0}, "datetime": {"datetime": "2024-01-19 01:55:48", "elapsed": 6252.651881, "delta": 0.0064}}
{"target": -13.758532231918814, "params": {"gamma": 876.2185761853617, "log10_alpha": -2.240425066381965, "log10_colsample_bytree": -0.997310465260201, "log10_eta": -3.9845421883736534, "log10_lambda": -1.6512398336575669, "log10_min_child_weight": 1.0229798892274093, "log10_subsample": -0.8275090446588739, "max_depth": 6.0, "num_boost_round": 6.0}, "datetime": {"datetime": "2024-01-19 01:55:48", "elapsed": 6252.658325, "delta": 0.006444}}
{"target": -13.758530461111787, "params": {"gamma": 876.2185761853617, "log10_alpha": -2.240425066381965, "log10_colsample_bytree": -0.997310465260201, "log10_eta": -3.9845421883736534, "log10_lambda": -1.6512398336575669, "log10_min_child_weight": 1.0229798892274093, "log10_subsample": -0.8275090446588739, "max_depth": 6.0, "num_boost_round": 7.0}, "datetime": {"datetime": "2024-01-19 01:55:48", "elapsed": 6252.664642, "delta": 0.006317}}
{"target": -13.758530669233545, "params": {"gamma": 876.2185761853617, "log10_alpha": -2.240425066381965, "log10_colsample_bytree": -0.997310465260201, "log10_eta": -3.9845421883736534, "log10_lambda": -1.6512398336575669, "log10_min_child_weight": 1.0229798892274093, "log10_subsample": -0.8275090446588739, "max_depth": 6.0, "num_boost_round": 8.0}, "datetime": {"datetime": "2024-01-19 01:55:48", "elapsed": 6252.670915, "delta": 0.006273}}
{"target": -13.758530903912217, "params": {"gamma": 876.2185761853617, "log10_alpha": -2.240425066381965, "log10_colsample_bytree": -0.997310465260201, "log10_eta": -3.9845421883736534, "log10_lambda": -1.6512398336575669, "log10_min_child_weight": 1.0229798892274093, "log10_subsample": -0.8275090446588739, "max_depth": 6.0, "num_boost_round": 9.0}, "datetime": {"datetime": "2024-01-19 01:55:48", "elapsed": 6252.677253, "delta": 0.006338}}
{"target": -13.758528972104381, "params": {"gamma": 876.2185761853617, "log10_alpha": -2.240425066381965, "log10_colsample_bytree": -0.997310465260201, "log10_eta": -3.9845421883736534, "log10_lambda": -1.6512398336575669, "log10_min_child_weight": 1.0229798892274093, "log10_subsample": -0.8275090446588739, "max_depth": 6.0, "num_boost_round": 10.0}, "datetime": {"datetime": "2024-01-19 01:55:48", "elapsed": 6252.683447, "delta": 0.006194}}
{"target": -13.758529192734146, "params": {"gamma": 876.2185761853617, "log10_alpha": -2.240425066381965, "log10_colsample_bytree": -0.997310465260201, "log10_eta": -3.9845421883736534, "log10_lambda": -1.6512398336575669, "log10_min_child_weight": 1.0229798892274093, "log10_subsample": -0.8275090446588739, "max_depth": 6.0, "num_boost_round": 11.0}, "datetime": {"datetime": "2024-01-19 01:55:48", "elapsed": 6252.68964, "delta": 0.006193}}
{"target": -13.758524716516952, "params": {"gamma": 876.2185761853617, "log10_alpha": -2.240425066381965, "log10_colsample_bytree": -0.997310465260201, "log10_eta": -3.9845421883736534, "log10_lambda": -1.6512398336575669, "log10_min_child_weight": 1.0229798892274093, "log10_subsample": -0.8275090446588739, "max_depth": 6.0, "num_boost_round": 12.0}, "datetime": {"datetime": "2024-01-19 01:55:48", "elapsed": 6252.696053, "delta": 0.006413}}
{"target": -13.75852191741075, "params": {"gamma": 876.2185761853617, "log10_alpha": -2.240425066381965, "log10_colsample_bytree": -0.997310465260201, "log10_eta": -3.9845421883736534, "log10_lambda": -1.6512398336575669, "log10_min_child_weight": 1.0229798892274093, "log10_subsample": -0.8275090446588739, "max_depth": 6.0, "num_boost_round": 13.0}, "datetime": {"datetime": "2024-01-19 01:55:48", "elapsed": 6252.702295, "delta": 0.006242}}
{"target": -13.758518976550297, "params": {"gamma": 876.2185761853617, "log10_alpha": -2.240425066381965, "log10_colsample_bytree": -0.997310465260201, "log10_eta": -3.9845421883736534, "log10_lambda": -1.6512398336575669, "log10_min_child_weight": 1.0229798892274093, "log10_subsample": -0.8275090446588739, "max_depth": 6.0, "num_boost_round": 14.0}, "datetime": {"datetime": "2024-01-19 01:55:48", "elapsed": 6252.828783, "delta": 0.126488}}
{"target": -13.75851677477802, "params": {"gamma": 876.2185761853617, "log10_alpha": -2.240425066381965, "log10_colsample_bytree": -0.997310465260201, "log10_eta": -3.9845421883736534, "log10_lambda": -1.6512398336575669, "log10_min_child_weight": 1.0229798892274093, "log10_subsample": -0.8275090446588739, "max_depth": 6.0, "num_boost_round": 15.0}, "datetime": {"datetime": "2024-01-19 01:55:48", "elapsed": 6252.836401, "delta": 0.007618}}
{"target": -13.75851362959687, "params": {"gamma": 876.2185761853617, "log10_alpha": -2.240425066381965, "log10_colsample_bytree": -0.997310465260201, "log10_eta": -3.9845421883736534, "log10_lambda": -1.6512398336575669, "log10_min_child_weight": 1.0229798892274093, "log10_subsample": -0.8275090446588739, "max_depth": 6.0, "num_boost_round": 16.0}, "datetime": {"datetime": "2024-01-19 01:55:48", "elapsed": 6252.84324, "delta": 0.006839}}
{"target": -13.758510288289743, "params": {"gamma": 876.2185761853617, "log10_alpha": -2.240425066381965, "log10_colsample_bytree": -0.997310465260201, "log10_eta": -3.9845421883736534, "log10_lambda": -1.6512398336575669, "log10_min_child_weight": 1.0229798892274093, "log10_subsample": -0.8275090446588739, "max_depth": 6.0, "num_boost_round": 17.0}, "datetime": {"datetime": "2024-01-19 01:55:48", "elapsed": 6252.84947, "delta": 0.00623}}
{"target": -13.758508100426099, "params": {"gamma": 876.2185761853617, "log10_alpha": -2.240425066381965, "log10_colsample_bytree": -0.997310465260201, "log10_eta": -3.9845421883736534, "log10_lambda": -1.6512398336575669, "log10_min_child_weight": 1.0229798892274093, "log10_subsample": -0.8275090446588739, "max_depth": 6.0, "num_boost_round": 18.0}, "datetime": {"datetime": "2024-01-19 01:55:48", "elapsed": 6252.856098, "delta": 0.006628}}
