{"target": -17.677229470035186, "params": {"gamma": 881.545800361852, "log10_alpha": -4.2577261190516875, "log10_colsample_bytree": -1.0, "log10_eta": -4.0, "log10_lambda": -2.8576298514108833, "log10_min_child_weight": 3.380692686489681, "log10_subsample": -1.0, "max_depth": 8.0, "num_boost_round": 1.0}, "datetime": {"datetime": "2024-01-19 00:45:59", "elapsed": 2040.186461, "delta": 0.003017}}
{"target": -17.67722858292169, "params": {"gamma": 881.545800361852, "log10_alpha": -4.2577261190516875, "log10_colsample_bytree": -1.0, "log10_eta": -4.0, "log10_lambda": -2.8576298514108833, "log10_min_child_weight": 3.380692686489681, "log10_subsample": -1.0, "max_depth": 8.0, "num_boost_round": 2.0}, "datetime": {"datetime": "2024-01-19 00:45:59", "elapsed": 2040.18902, "delta": 0.002559}}
{"target": -17.67722868942732, "params": {"gamma": 881.545800361852, "log10_alpha": -4.2577261190516875, "log10_colsample_bytree": -1.0, "log10_eta": -4.0, "log10_lambda": -2.8576298514108833, "log10_min_child_weight": 3.380692686489681, "log10_subsample": -1.0, "max_depth": 8.0, "num_boost_round": 3.0}, "datetime": {"datetime": "2024-01-19 00:45:59", "elapsed": 2040.191606, "delta": 0.002586}}
{"target": -17.677225367829724, "params": {"gamma": 881.545800361852, "log10_alpha": -4.2577261190516875, "log10_colsample_bytree": -1.0, "log10_eta": -4.0, "log10_lambda": -2.8576298514108833, "log10_min_child_weight": 3.380692686489681, "log10_subsample": -1.0, "max_depth": 8.0, "num_boost_round": 4.0}, "datetime": {"datetime": "2024-01-19 00:45:59", "elapsed": 2040.193963, "delta": 0.002357}}
{"target": -17.677225337863415, "params": {"gamma": 881.545800361852, "log10_alpha": -4.2577261190516875, "log10_colsample_bytree": -1.0, "log10_eta": -4.0, "log10_lambda": -2.8576298514108833, "log10_min_child_weight": 3.380692686489681, "log10_subsample": -1.0, "max_depth": 8.0, "num_boost_round": 5.0}, "datetime": {"datetime": "2024-01-19 00:45:59", "elapsed": 2040.19629, "delta": 0.002327}}
{"target": -17.677226872057258, "params": {"gamma": 881.545800361852, "log10_alpha": -4.2577261190516875, "log10_colsample_bytree": -1.0, "log10_eta": -4.0, "log10_lambda": -2.8576298514108833, "log10_min_child_weight": 3.380692686489681, "log10_subsample": -1.0, "max_depth": 8.0, "num_boost_round": 6.0}, "datetime": {"datetime": "2024-01-19 00:45:59", "elapsed": 2040.198758, "delta": 0.002468}}
{"target": -17.677224722370354, "params": {"gamma": 881.545800361852, "log10_alpha": -4.2577261190516875, "log10_colsample_bytree": -1.0, "log10_eta": -4.0, "log10_lambda": -2.8576298514108833, "log10_min_child_weight": 3.380692686489681, "log10_subsample": -1.0, "max_depth": 8.0, "num_boost_round": 7.0}, "datetime": {"datetime": "2024-01-19 00:45:59", "elapsed": 2040.201155, "delta": 0.002397}}
{"target": -17.67722436432718, "params": {"gamma": 881.545800361852, "log10_alpha": -4.2577261190516875, "log10_colsample_bytree": -1.0, "log10_eta": -4.0, "log10_lambda": -2.8576298514108833, "log10_min_child_weight": 3.380692686489681, "log10_subsample": -1.0, "max_depth": 8.0, "num_boost_round": 8.0}, "datetime": {"datetime": "2024-01-19 00:45:59", "elapsed": 2040.203475, "delta": 0.00232}}
{"target": -17.67722381199519, "params": {"gamma": 881.545800361852, "log10_alpha": -4.2577261190516875, "log10_colsample_bytree": -1.0, "log10_eta": -4.0, "log10_lambda": -2.8576298514108833, "log10_min_child_weight": 3.380692686489681, "log10_subsample": -1.0, "max_depth": 8.0, "num_boost_round": 9.0}, "datetime": {"datetime": "2024-01-19 00:45:59", "elapsed": 2040.205821, "delta": 0.002346}}
{"target": -17.677222908441895, "params": {"gamma": 881.545800361852, "log10_alpha": -4.2577261190516875, "log10_colsample_bytree": -1.0, "log10_eta": -4.0, "log10_lambda": -2.8576298514108833, "log10_min_child_weight": 3.380692686489681, "log10_subsample": -1.0, "max_depth": 8.0, "num_boost_round": 10.0}, "datetime": {"datetime": "2024-01-19 00:45:59", "elapsed": 2040.208151, "delta": 0.00233}}
{"target": -17.677221958150554, "params": {"gamma": 881.545800361852, "log10_alpha": -4.2577261190516875, "log10_colsample_bytree": -1.0, "log10_eta": -4.0, "log10_lambda": -2.8576298514108833, "log10_min_child_weight": 3.380692686489681, "log10_subsample": -1.0, "max_depth": 8.0, "num_boost_round": 11.0}, "datetime": {"datetime": "2024-01-19 00:45:59", "elapsed": 2040.210501, "delta": 0.00235}}
{"target": -17.677219165359396, "params": {"gamma": 881.545800361852, "log10_alpha": -4.2577261190516875, "log10_colsample_bytree": -1.0, "log10_eta": -4.0, "log10_lambda": -2.8576298514108833, "log10_min_child_weight": 3.380692686489681, "log10_subsample": -1.0, "max_depth": 8.0, "num_boost_round": 12.0}, "datetime": {"datetime": "2024-01-19 00:45:59", "elapsed": 2040.212991, "delta": 0.00249}}
{"target": -17.677215877458814, "params": {"gamma": 881.545800361852, "log10_alpha": -4.2577261190516875, "log10_colsample_bytree": -1.0, "log10_eta": -4.0, "log10_lambda": -2.8576298514108833, "log10_min_child_weight": 3.380692686489681, "log10_subsample": -1.0, "max_depth": 8.0, "num_boost_round": 13.0}, "datetime": {"datetime": "2024-01-19 00:45:59", "elapsed": 2040.215397, "delta": 0.002406}}
{"target": -17.677216171930418, "params": {"gamma": 881.545800361852, "log10_alpha": -4.2577261190516875, "log10_colsample_bytree": -1.0, "log10_eta": -4.0, "log10_lambda": -2.8576298514108833, "log10_min_child_weight": 3.380692686489681, "log10_subsample": -1.0, "max_depth": 8.0, "num_boost_round": 14.0}, "datetime": {"datetime": "2024-01-19 00:45:59", "elapsed": 2040.217819, "delta": 0.002422}}
{"target": -17.67721526168015, "params": {"gamma": 881.545800361852, "log10_alpha": -4.2577261190516875, "log10_colsample_bytree": -1.0, "log10_eta": -4.0, "log10_lambda": -2.8576298514108833, "log10_min_child_weight": 3.380692686489681, "log10_subsample": -1.0, "max_depth": 8.0, "num_boost_round": 15.0}, "datetime": {"datetime": "2024-01-19 00:45:59", "elapsed": 2040.220396, "delta": 0.002577}}
{"target": -17.677214503991564, "params": {"gamma": 881.545800361852, "log10_alpha": -4.2577261190516875, "log10_colsample_bytree": -1.0, "log10_eta": -4.0, "log10_lambda": -2.8576298514108833, "log10_min_child_weight": 3.380692686489681, "log10_subsample": -1.0, "max_depth": 8.0, "num_boost_round": 16.0}, "datetime": {"datetime": "2024-01-19 00:45:59", "elapsed": 2040.22346, "delta": 0.003064}}
{"target": -17.677213898567622, "params": {"gamma": 881.545800361852, "log10_alpha": -4.2577261190516875, "log10_colsample_bytree": -1.0, "log10_eta": -4.0, "log10_lambda": -2.8576298514108833, "log10_min_child_weight": 3.380692686489681, "log10_subsample": -1.0, "max_depth": 8.0, "num_boost_round": 17.0}, "datetime": {"datetime": "2024-01-19 00:45:59", "elapsed": 2040.226165, "delta": 0.002705}}
{"target": -17.677214681915583, "params": {"gamma": 881.545800361852, "log10_alpha": -4.2577261190516875, "log10_colsample_bytree": -1.0, "log10_eta": -4.0, "log10_lambda": -2.8576298514108833, "log10_min_child_weight": 3.380692686489681, "log10_subsample": -1.0, "max_depth": 8.0, "num_boost_round": 18.0}, "datetime": {"datetime": "2024-01-19 00:45:59", "elapsed": 2040.228687, "delta": 0.002522}}
{"target": -17.677212075525354, "params": {"gamma": 881.545800361852, "log10_alpha": -4.2577261190516875, "log10_colsample_bytree": -1.0, "log10_eta": -4.0, "log10_lambda": -2.8576298514108833, "log10_min_child_weight": 3.380692686489681, "log10_subsample": -1.0, "max_depth": 8.0, "num_boost_round": 19.0}, "datetime": {"datetime": "2024-01-19 00:45:59", "elapsed": 2040.231143, "delta": 0.002456}}
{"target": -17.677211198460316, "params": {"gamma": 881.545800361852, "log10_alpha": -4.2577261190516875, "log10_colsample_bytree": -1.0, "log10_eta": -4.0, "log10_lambda": -2.8576298514108833, "log10_min_child_weight": 3.380692686489681, "log10_subsample": -1.0, "max_depth": 8.0, "num_boost_round": 20.0}, "datetime": {"datetime": "2024-01-19 00:45:59", "elapsed": 2040.233517, "delta": 0.002374}}
{"target": -17.677210218856917, "params": {"gamma": 881.545800361852, "log10_alpha": -4.2577261190516875, "log10_colsample_bytree": -1.0, "log10_eta": -4.0, "log10_lambda": -2.8576298514108833, "log10_min_child_weight": 3.380692686489681, "log10_subsample": -1.0, "max_depth": 8.0, "num_boost_round": 21.0}, "datetime": {"datetime": "2024-01-19 00:45:59", "elapsed": 2040.235899, "delta": 0.002382}}
{"target": -17.677209165134027, "params": {"gamma": 881.545800361852, "log10_alpha": -4.2577261190516875, "log10_colsample_bytree": -1.0, "log10_eta": -4.0, "log10_lambda": -2.8576298514108833, "log10_min_child_weight": 3.380692686489681, "log10_subsample": -1.0, "max_depth": 8.0, "num_boost_round": 22.0}, "datetime": {"datetime": "2024-01-19 00:45:59", "elapsed": 2040.238263, "delta": 0.002364}}
{"target": -17.67723529244615, "params": {"gamma": 883.8923889838555, "log10_alpha": -3.7512721249400607, "log10_colsample_bytree": -0.24027583774869987, "log10_eta": -3.523487959185304, "log10_lambda": -2.5878742499766147, "log10_min_child_weight": 4.506933256138537, "log10_subsample": -0.027257711859186573, "max_depth": 5.0, "num_boost_round": 0.0}, "datetime": {"datetime": "2024-01-19 00:46:38", "elapsed": 2079.631664, "delta": 39.393401}}
{"target": -17.677238291038897, "params": {"gamma": 883.8923889838555, "log10_alpha": -3.7512721249400607, "log10_colsample_bytree": -0.24027583774869987, "log10_eta": -3.523487959185304, "log10_lambda": -2.5878742499766147, "log10_min_child_weight": 4.506933256138537, "log10_subsample": -0.027257711859186573, "max_depth": 5.0, "num_boost_round": 1.0}, "datetime": {"datetime": "2024-01-19 00:46:38", "elapsed": 2079.634795, "delta": 0.003131}}
{"target": -17.677239762987295, "params": {"gamma": 883.8923889838555, "log10_alpha": -3.7512721249400607, "log10_colsample_bytree": -0.24027583774869987, "log10_eta": -3.523487959185304, "log10_lambda": -2.5878742499766147, "log10_min_child_weight": 4.506933256138537, "log10_subsample": -0.027257711859186573, "max_depth": 5.0, "num_boost_round": 2.0}, "datetime": {"datetime": "2024-01-19 00:46:38", "elapsed": 2079.637738, "delta": 0.002943}}
{"target": -17.67723641143064, "params": {"gamma": 883.8923889838555, "log10_alpha": -3.7512721249400607, "log10_colsample_bytree": -0.24027583774869987, "log10_eta": -3.523487959185304, "log10_lambda": -2.5878742499766147, "log10_min_child_weight": 4.506933256138537, "log10_subsample": -0.027257711859186573, "max_depth": 5.0, "num_boost_round": 3.0}, "datetime": {"datetime": "2024-01-19 00:46:38", "elapsed": 2079.640329, "delta": 0.002591}}
{"target": -17.677236179558136, "params": {"gamma": 883.8923889838555, "log10_alpha": -3.7512721249400607, "log10_colsample_bytree": -0.24027583774869987, "log10_eta": -3.523487959185304, "log10_lambda": -2.5878742499766147, "log10_min_child_weight": 4.506933256138537, "log10_subsample": -0.027257711859186573, "max_depth": 5.0, "num_boost_round": 4.0}, "datetime": {"datetime": "2024-01-19 00:46:38", "elapsed": 2079.642729, "delta": 0.0024}}
{"target": -17.677233687622813, "params": {"gamma": 883.8923889838555, "log10_alpha": -3.7512721249400607, "log10_colsample_bytree": -0.24027583774869987, "log10_eta": -3.523487959185304, "log10_lambda": -2.5878742499766147, "log10_min_child_weight": 4.506933256138537, "log10_subsample": -0.027257711859186573, "max_depth": 5.0, "num_boost_round": 5.0}, "datetime": {"datetime": "2024-01-19 00:46:38", "elapsed": 2079.645101, "delta": 0.002372}}
{"target": -17.67723646534275, "params": {"gamma": 883.8923889838555, "log10_alpha": -3.7512721249400607, "log10_colsample_bytree": -0.24027583774869987, "log10_eta": -3.523487959185304, "log10_lambda": -2.5878742499766147, "log10_min_child_weight": 4.506933256138537, "log10_subsample": -0.027257711859186573, "max_depth": 5.0, "num_boost_round": 6.0}, "datetime": {"datetime": "2024-01-19 00:46:38", "elapsed": 2079.647497, "delta": 0.002396}}
{"target": -17.67723564516014, "params": {"gamma": 883.8923889838555, "log10_alpha": -3.7512721249400607, "log10_colsample_bytree": -0.24027583774869987, "log10_eta": -3.523487959185304, "log10_lambda": -2.5878742499766147, "log10_min_child_weight": 4.506933256138537, "log10_subsample": -0.027257711859186573, "max_depth": 5.0, "num_boost_round": 7.0}, "datetime": {"datetime": "2024-01-19 00:46:39", "elapsed": 2079.649888, "delta": 0.002391}}
{"target": -17.677230670129582, "params": {"gamma": 883.8923889838555, "log10_alpha": -3.7512721249400607, "log10_colsample_bytree": -0.24027583774869987, "log10_eta": -3.523487959185304, "log10_lambda": -2.5878742499766147, "log10_min_child_weight": 4.506933256138537, "log10_subsample": -0.027257711859186573, "max_depth": 5.0, "num_boost_round": 8.0}, "datetime": {"datetime": "2024-01-19 00:46:39", "elapsed": 2079.652395, "delta": 0.002507}}
{"target": -17.67722722616917, "params": {"gamma": 883.8923889838555, "log10_alpha": -3.7512721249400607, "log10_colsample_bytree": -0.24027583774869987, "log10_eta": -3.523487959185304, "log10_lambda": -2.5878742499766147, "log10_min_child_weight": 4.506933256138537, "log10_subsample": -0.027257711859186573, "max_depth": 5.0, "num_boost_round": 9.0}, "datetime": {"datetime": "2024-01-19 00:46:39", "elapsed": 2079.654817, "delta": 0.002422}}
{"target": -17.677227966890467, "params": {"gamma": 883.8923889838555, "log10_alpha": -3.7512721249400607, "log10_colsample_bytree": -0.24027583774869987, "log10_eta": -3.523487959185304, "log10_lambda": -2.5878742499766147, "log10_min_child_weight": 4.506933256138537, "log10_subsample": -0.027257711859186573, "max_depth": 5.0, "num_boost_round": 10.0}, "datetime": {"datetime": "2024-01-19 00:46:39", "elapsed": 2079.657263, "delta": 0.002446}}
{"target": -17.677219786790843, "params": {"gamma": 883.8923889838555, "log10_alpha": -3.7512721249400607, "log10_colsample_bytree": -0.24027583774869987, "log10_eta": -3.523487959185304, "log10_lambda": -2.5878742499766147, "log10_min_child_weight": 4.506933256138537, "log10_subsample": -0.027257711859186573, "max_depth": 5.0, "num_boost_round": 11.0}, "datetime": {"datetime": "2024-01-19 00:46:39", "elapsed": 2079.659664, "delta": 0.002401}}
{"target": -17.67722052205541, "params": {"gamma": 883.8923889838555, "log10_alpha": -3.7512721249400607, "log10_colsample_bytree": -0.24027583774869987, "log10_eta": -3.523487959185304, "log10_lambda": -2.5878742499766147, "log10_min_child_weight": 4.506933256138537, "log10_subsample": -0.027257711859186573, "max_depth": 5.0, "num_boost_round": 12.0}, "datetime": {"datetime": "2024-01-19 00:46:39", "elapsed": 2079.662159, "delta": 0.002495}}
{"target": -17.677220715959837, "params": {"gamma": 883.8923889838555, "log10_alpha": -3.7512721249400607, "log10_colsample_bytree": -0.24027583774869987, "log10_eta": -3.523487959185304, "log10_lambda": -2.5878742499766147, "log10_min_child_weight": 4.506933256138537, "log10_subsample": -0.027257711859186573, "max_depth": 5.0, "num_boost_round": 13.0}, "datetime": {"datetime": "2024-01-19 00:46:39", "elapsed": 2079.664578, "delta": 0.002419}}
{"target": -17.677221803100863, "params": {"gamma": 883.8923889838555, "log10_alpha": -3.7512721249400607, "log10_colsample_bytree": -0.24027583774869987, "log10_eta": -3.523487959185304, "log10_lambda": -2.5878742499766147, "log10_min_child_weight": 4.506933256138537, "log10_subsample": -0.027257711859186573, "max_depth": 5.0, "num_boost_round": 14.0}, "datetime": {"datetime": "2024-01-19 00:46:39", "elapsed": 2079.66697, "delta": 0.002392}}
{"target": -17.67721625502555, "params": {"gamma": 883.8923889838555, "log10_alpha": -3.7512721249400607, "log10_colsample_bytree": -0.24027583774869987, "log10_eta": -3.523487959185304, "log10_lambda": -2.5878742499766147, "log10_min_child_weight": 4.506933256138537, "log10_subsample": -0.027257711859186573, "max_depth": 5.0, "num_boost_round": 15.0}, "datetime": {"datetime": "2024-01-19 00:46:39", "elapsed": 2079.669365, "delta": 0.002395}}
{"target": -17.67721747240761, "params": {"gamma": 883.8923889838555, "log10_alpha": -3.7512721249400607, "log10_colsample_bytree": -0.24027583774869987, "log10_eta": -3.523487959185304, "log10_lambda": -2.5878742499766147, "log10_min_child_weight": 4.506933256138537, "log10_subsample": -0.027257711859186573, "max_depth": 5.0, "num_boost_round": 16.0}, "datetime": {"datetime": "2024-01-19 00:46:39", "elapsed": 2079.671779, "delta": 0.002414}}
{"target": -17.677214621590377, "params": {"gamma": 883.8923889838555, "log10_alpha": -3.7512721249400607, "log10_colsample_bytree": -0.24027583774869987, "log10_eta": -3.523487959185304, "log10_lambda": -2.5878742499766147, "log10_min_child_weight": 4.506933256138537, "log10_subsample": -0.027257711859186573, "max_depth": 5.0, "num_boost_round": 17.0}, "datetime": {"datetime": "2024-01-19 00:46:39", "elapsed": 2079.674333, "delta": 0.002554}}
{"target": -17.67721150809123, "params": {"gamma": 883.8923889838555, "log10_alpha": -3.7512721249400607, "log10_colsample_bytree": -0.24027583774869987, "log10_eta": -3.523487959185304, "log10_lambda": -2.5878742499766147, "log10_min_child_weight": 4.506933256138537, "log10_subsample": -0.027257711859186573, "max_depth": 5.0, "num_boost_round": 18.0}, "datetime": {"datetime": "2024-01-19 00:46:39", "elapsed": 2079.67692, "delta": 0.002587}}
{"target": -17.67720410396447, "params": {"gamma": 883.8923889838555, "log10_alpha": -3.7512721249400607, "log10_colsample_bytree": -0.24027583774869987, "log10_eta": -3.523487959185304, "log10_lambda": -2.5878742499766147, "log10_min_child_weight": 4.506933256138537, "log10_subsample": -0.027257711859186573, "max_depth": 5.0, "num_boost_round": 19.0}, "datetime": {"datetime": "2024-01-19 00:46:39", "elapsed": 2079.679314, "delta": 0.002394}}
{"target": -17.677198866500184, "params": {"gamma": 883.8923889838555, "log10_alpha": -3.7512721249400607, "log10_colsample_bytree": -0.24027583774869987, "log10_eta": -3.523487959185304, "log10_lambda": -2.5878742499766147, "log10_min_child_weight": 4.506933256138537, "log10_subsample": -0.027257711859186573, "max_depth": 5.0, "num_boost_round": 20.0}, "datetime": {"datetime": "2024-01-19 00:46:39", "elapsed": 2079.681781, "delta": 0.002467}}
{"target": -17.677194500754922, "params": {"gamma": 883.8923889838555, "log10_alpha": -3.7512721249400607, "log10_colsample_bytree": -0.24027583774869987, "log10_eta": -3.523487959185304, "log10_lambda": -2.5878742499766147, "log10_min_child_weight": 4.506933256138537, "log10_subsample": -0.027257711859186573, "max_depth": 5.0, "num_boost_round": 21.0}, "datetime": {"datetime": "2024-01-19 00:46:39", "elapsed": 2079.684175, "delta": 0.002394}}
{"target": -17.67718799817432, "params": {"gamma": 883.8923889838555, "log10_alpha": -3.7512721249400607, "log10_colsample_bytree": -0.24027583774869987, "log10_eta": -3.523487959185304, "log10_lambda": -2.5878742499766147, "log10_min_child_weight": 4.506933256138537, "log10_subsample": -0.027257711859186573, "max_depth": 5.0, "num_boost_round": 22.0}, "datetime": {"datetime": "2024-01-19 00:46:39", "elapsed": 2079.686556, "delta": 0.002381}}
{"target": -17.677192186405954, "params": {"gamma": 883.8923889838555, "log10_alpha": -3.7512721249400607, "log10_colsample_bytree": -0.24027583774869987, "log10_eta": -3.523487959185304, "log10_lambda": -2.5878742499766147, "log10_min_child_weight": 4.506933256138537, "log10_subsample": -0.027257711859186573, "max_depth": 5.0, "num_boost_round": 23.0}, "datetime": {"datetime": "2024-01-19 00:46:39", "elapsed": 2079.688958, "delta": 0.002402}}
{"target": -17.67718916339779, "params": {"gamma": 883.8923889838555, "log10_alpha": -3.7512721249400607, "log10_colsample_bytree": -0.24027583774869987, "log10_eta": -3.523487959185304, "log10_lambda": -2.5878742499766147, "log10_min_child_weight": 4.506933256138537, "log10_subsample": -0.027257711859186573, "max_depth": 5.0, "num_boost_round": 24.0}, "datetime": {"datetime": "2024-01-19 00:46:39", "elapsed": 2079.691364, "delta": 0.002406}}
{"target": -17.677185569882397, "params": {"gamma": 883.8923889838555, "log10_alpha": -3.7512721249400607, "log10_colsample_bytree": -0.24027583774869987, "log10_eta": -3.523487959185304, "log10_lambda": -2.5878742499766147, "log10_min_child_weight": 4.506933256138537, "log10_subsample": -0.027257711859186573, "max_depth": 5.0, "num_boost_round": 25.0}, "datetime": {"datetime": "2024-01-19 00:46:39", "elapsed": 2079.693853, "delta": 0.002489}}
{"target": -17.677185471718687, "params": {"gamma": 883.8923889838555, "log10_alpha": -3.7512721249400607, "log10_colsample_bytree": -0.24027583774869987, "log10_eta": -3.523487959185304, "log10_lambda": -2.5878742499766147, "log10_min_child_weight": 4.506933256138537, "log10_subsample": -0.027257711859186573, "max_depth": 5.0, "num_boost_round": 26.0}, "datetime": {"datetime": "2024-01-19 00:46:39", "elapsed": 2079.696333, "delta": 0.00248}}
{"target": -17.67718377105852, "params": {"gamma": 883.8923889838555, "log10_alpha": -3.7512721249400607, "log10_colsample_bytree": -0.24027583774869987, "log10_eta": -3.523487959185304, "log10_lambda": -2.5878742499766147, "log10_min_child_weight": 4.506933256138537, "log10_subsample": -0.027257711859186573, "max_depth": 5.0, "num_boost_round": 27.0}, "datetime": {"datetime": "2024-01-19 00:46:39", "elapsed": 2079.698758, "delta": 0.002425}}
{"target": -17.677182854767437, "params": {"gamma": 883.8923889838555, "log10_alpha": -3.7512721249400607, "log10_colsample_bytree": -0.24027583774869987, "log10_eta": -3.523487959185304, "log10_lambda": -2.5878742499766147, "log10_min_child_weight": 4.506933256138537, "log10_subsample": -0.027257711859186573, "max_depth": 5.0, "num_boost_round": 28.0}, "datetime": {"datetime": "2024-01-19 00:46:39", "elapsed": 2079.701202, "delta": 0.002444}}
