{"target": -13.75853845072348, "params": {"gamma": 554.5564180187135, "log10_alpha": 0.9329004542509285, "log10_colsample_bytree": -0.718957921069347, "log10_eta": -3.9391184599115223, "log10_lambda": -4.1693073426623695, "log10_min_child_weight": 4.537053420049414, "log10_subsample": -0.8510626454901473, "max_depth": 4.0, "num_boost_round": 2.0}, "datetime": {"datetime": "2024-01-19 01:06:51", "elapsed": 3263.69866, "delta": 0.004168}}
{"target": -13.75853794380913, "params": {"gamma": 554.5564180187135, "log10_alpha": 0.9329004542509285, "log10_colsample_bytree": -0.718957921069347, "log10_eta": -3.9391184599115223, "log10_lambda": -4.1693073426623695, "log10_min_child_weight": 4.537053420049414, "log10_subsample": -0.8510626454901473, "max_depth": 4.0, "num_boost_round": 3.0}, "datetime": {"datetime": "2024-01-19 01:06:51", "elapsed": 3263.702761, "delta": 0.004101}}
{"target": -13.75853789739655, "params": {"gamma": 554.5564180187135, "log10_alpha": 0.9329004542509285, "log10_colsample_bytree": -0.718957921069347, "log10_eta": -3.9391184599115223, "log10_lambda": -4.1693073426623695, "log10_min_child_weight": 4.537053420049414, "log10_subsample": -0.8510626454901473, "max_depth": 4.0, "num_boost_round": 4.0}, "datetime": {"datetime": "2024-01-19 01:06:51", "elapsed": 3263.706819, "delta": 0.004058}}
{"target": -13.758537537767603, "params": {"gamma": 554.5564180187135, "log10_alpha": 0.9329004542509285, "log10_colsample_bytree": -0.718957921069347, "log10_eta": -3.9391184599115223, "log10_lambda": -4.1693073426623695, "log10_min_child_weight": 4.537053420049414, "log10_subsample": -0.8510626454901473, "max_depth": 4.0, "num_boost_round": 5.0}, "datetime": {"datetime": "2024-01-19 01:06:51", "elapsed": 3263.710669, "delta": 0.00385}}
{"target": -13.75853774040626, "params": {"gamma": 554.5564180187135, "log10_alpha": 0.9329004542509285, "log10_colsample_bytree": -0.718957921069347, "log10_eta": -3.9391184599115223, "log10_lambda": -4.1693073426623695, "log10_min_child_weight": 4.537053420049414, "log10_subsample": -0.8510626454901473, "max_depth": 4.0, "num_boost_round": 6.0}, "datetime": {"datetime": "2024-01-19 01:06:51", "elapsed": 3263.714661, "delta": 0.003992}}
{"target": -13.758536897822793, "params": {"gamma": 554.5564180187135, "log10_alpha": 0.9329004542509285, "log10_colsample_bytree": -0.718957921069347, "log10_eta": -3.9391184599115223, "log10_lambda": -4.1693073426623695, "log10_min_child_weight": 4.537053420049414, "log10_subsample": -0.8510626454901473, "max_depth": 4.0, "num_boost_round": 7.0}, "datetime": {"datetime": "2024-01-19 01:06:51", "elapsed": 3263.718939, "delta": 0.004278}}
{"target": -13.758536891950026, "params": {"gamma": 554.5564180187135, "log10_alpha": 0.9329004542509285, "log10_colsample_bytree": -0.718957921069347, "log10_eta": -3.9391184599115223, "log10_lambda": -4.1693073426623695, "log10_min_child_weight": 4.537053420049414, "log10_subsample": -0.8510626454901473, "max_depth": 4.0, "num_boost_round": 8.0}, "datetime": {"datetime": "2024-01-19 01:06:51", "elapsed": 3263.723361, "delta": 0.004422}}
{"target": -13.75853698630615, "params": {"gamma": 554.5564180187135, "log10_alpha": 0.9329004542509285, "log10_colsample_bytree": -0.718957921069347, "log10_eta": -3.9391184599115223, "log10_lambda": -4.1693073426623695, "log10_min_child_weight": 4.537053420049414, "log10_subsample": -0.8510626454901473, "max_depth": 4.0, "num_boost_round": 9.0}, "datetime": {"datetime": "2024-01-19 01:06:51", "elapsed": 3263.727382, "delta": 0.004021}}
{"target": -13.758536221552216, "params": {"gamma": 554.5564180187135, "log10_alpha": 0.9329004542509285, "log10_colsample_bytree": -0.718957921069347, "log10_eta": -3.9391184599115223, "log10_lambda": -4.1693073426623695, "log10_min_child_weight": 4.537053420049414, "log10_subsample": -0.8510626454901473, "max_depth": 4.0, "num_boost_round": 10.0}, "datetime": {"datetime": "2024-01-19 01:06:51", "elapsed": 3263.731362, "delta": 0.00398}}
{"target": -13.758536287910045, "params": {"gamma": 554.5564180187135, "log10_alpha": 0.9329004542509285, "log10_colsample_bytree": -0.718957921069347, "log10_eta": -3.9391184599115223, "log10_lambda": -4.1693073426623695, "log10_min_child_weight": 4.537053420049414, "log10_subsample": -0.8510626454901473, "max_depth": 4.0, "num_boost_round": 11.0}, "datetime": {"datetime": "2024-01-19 01:06:51", "elapsed": 3263.735483, "delta": 0.004121}}
{"target": -13.758536448839694, "params": {"gamma": 554.5564180187135, "log10_alpha": 0.9329004542509285, "log10_colsample_bytree": -0.718957921069347, "log10_eta": -3.9391184599115223, "log10_lambda": -4.1693073426623695, "log10_min_child_weight": 4.537053420049414, "log10_subsample": -0.8510626454901473, "max_depth": 4.0, "num_boost_round": 12.0}, "datetime": {"datetime": "2024-01-19 01:06:51", "elapsed": 3263.739852, "delta": 0.004369}}
{"target": -13.758536234447826, "params": {"gamma": 554.5564180187135, "log10_alpha": 0.9329004542509285, "log10_colsample_bytree": -0.718957921069347, "log10_eta": -3.9391184599115223, "log10_lambda": -4.1693073426623695, "log10_min_child_weight": 4.537053420049414, "log10_subsample": -0.8510626454901473, "max_depth": 4.0, "num_boost_round": 13.0}, "datetime": {"datetime": "2024-01-19 01:06:51", "elapsed": 3263.743538, "delta": 0.003686}}
{"target": -13.758535934103536, "params": {"gamma": 554.5564180187135, "log10_alpha": 0.9329004542509285, "log10_colsample_bytree": -0.718957921069347, "log10_eta": -3.9391184599115223, "log10_lambda": -4.1693073426623695, "log10_min_child_weight": 4.537053420049414, "log10_subsample": -0.8510626454901473, "max_depth": 4.0, "num_boost_round": 14.0}, "datetime": {"datetime": "2024-01-19 01:06:51", "elapsed": 3263.747251, "delta": 0.003713}}
{"target": -13.758535046749396, "params": {"gamma": 554.5564180187135, "log10_alpha": 0.9329004542509285, "log10_colsample_bytree": -0.718957921069347, "log10_eta": -3.9391184599115223, "log10_lambda": -4.1693073426623695, "log10_min_child_weight": 4.537053420049414, "log10_subsample": -0.8510626454901473, "max_depth": 4.0, "num_boost_round": 15.0}, "datetime": {"datetime": "2024-01-19 01:06:51", "elapsed": 3263.751112, "delta": 0.003861}}
{"target": -13.758534433802847, "params": {"gamma": 554.5564180187135, "log10_alpha": 0.9329004542509285, "log10_colsample_bytree": -0.718957921069347, "log10_eta": -3.9391184599115223, "log10_lambda": -4.1693073426623695, "log10_min_child_weight": 4.537053420049414, "log10_subsample": -0.8510626454901473, "max_depth": 4.0, "num_boost_round": 16.0}, "datetime": {"datetime": "2024-01-19 01:06:51", "elapsed": 3263.755195, "delta": 0.004083}}
{"target": -13.758534075327912, "params": {"gamma": 554.5564180187135, "log10_alpha": 0.9329004542509285, "log10_colsample_bytree": -0.718957921069347, "log10_eta": -3.9391184599115223, "log10_lambda": -4.1693073426623695, "log10_min_child_weight": 4.537053420049414, "log10_subsample": -0.8510626454901473, "max_depth": 4.0, "num_boost_round": 17.0}, "datetime": {"datetime": "2024-01-19 01:06:51", "elapsed": 3263.759085, "delta": 0.00389}}
{"target": -13.758501749895048, "params": {"gamma": 623.5741614655534, "log10_alpha": -4.55997590472922, "log10_colsample_bytree": -0.8796843402968733, "log10_eta": -2.7423008335152357, "log10_lambda": 0.908466033203954, "log10_min_child_weight": 0.7635657458142786, "log10_subsample": -0.226627215733457, "max_depth": 2.0, "num_boost_round": 0.0}, "datetime": {"datetime": "2024-01-19 01:07:27", "elapsed": 3299.702471, "delta": 35.943386}}
{"target": -13.75848171304203, "params": {"gamma": 623.5741614655534, "log10_alpha": -4.55997590472922, "log10_colsample_bytree": -0.8796843402968733, "log10_eta": -2.7423008335152357, "log10_lambda": 0.908466033203954, "log10_min_child_weight": 0.7635657458142786, "log10_subsample": -0.226627215733457, "max_depth": 2.0, "num_boost_round": 1.0}, "datetime": {"datetime": "2024-01-19 01:07:27", "elapsed": 3299.706469, "delta": 0.003998}}
{"target": -13.758480562941124, "params": {"gamma": 623.5741614655534, "log10_alpha": -4.55997590472922, "log10_colsample_bytree": -0.8796843402968733, "log10_eta": -2.7423008335152357, "log10_lambda": 0.908466033203954, "log10_min_child_weight": 0.7635657458142786, "log10_subsample": -0.226627215733457, "max_depth": 2.0, "num_boost_round": 2.0}, "datetime": {"datetime": "2024-01-19 01:07:27", "elapsed": 3299.710368, "delta": 0.003899}}
{"target": -13.758491374999409, "params": {"gamma": 623.5741614655534, "log10_alpha": -4.55997590472922, "log10_colsample_bytree": -0.8796843402968733, "log10_eta": -2.7423008335152357, "log10_lambda": 0.908466033203954, "log10_min_child_weight": 0.7635657458142786, "log10_subsample": -0.226627215733457, "max_depth": 2.0, "num_boost_round": 3.0}, "datetime": {"datetime": "2024-01-19 01:07:27", "elapsed": 3299.714076, "delta": 0.003708}}
{"target": -13.75847276951922, "params": {"gamma": 623.5741614655534, "log10_alpha": -4.55997590472922, "log10_colsample_bytree": -0.8796843402968733, "log10_eta": -2.7423008335152357, "log10_lambda": 0.908466033203954, "log10_min_child_weight": 0.7635657458142786, "log10_subsample": -0.226627215733457, "max_depth": 2.0, "num_boost_round": 4.0}, "datetime": {"datetime": "2024-01-19 01:07:27", "elapsed": 3299.717636, "delta": 0.00356}}
{"target": -13.758452905760645, "params": {"gamma": 623.5741614655534, "log10_alpha": -4.55997590472922, "log10_colsample_bytree": -0.8796843402968733, "log10_eta": -2.7423008335152357, "log10_lambda": 0.908466033203954, "log10_min_child_weight": 0.7635657458142786, "log10_subsample": -0.226627215733457, "max_depth": 2.0, "num_boost_round": 5.0}, "datetime": {"datetime": "2024-01-19 01:07:27", "elapsed": 3299.722066, "delta": 0.00443}}
{"target": -13.758450425816001, "params": {"gamma": 623.5741614655534, "log10_alpha": -4.55997590472922, "log10_colsample_bytree": -0.8796843402968733, "log10_eta": -2.7423008335152357, "log10_lambda": 0.908466033203954, "log10_min_child_weight": 0.7635657458142786, "log10_subsample": -0.226627215733457, "max_depth": 2.0, "num_boost_round": 6.0}, "datetime": {"datetime": "2024-01-19 01:07:27", "elapsed": 3299.725642, "delta": 0.003576}}
{"target": -13.75841753975796, "params": {"gamma": 623.5741614655534, "log10_alpha": -4.55997590472922, "log10_colsample_bytree": -0.8796843402968733, "log10_eta": -2.7423008335152357, "log10_lambda": 0.908466033203954, "log10_min_child_weight": 0.7635657458142786, "log10_subsample": -0.226627215733457, "max_depth": 2.0, "num_boost_round": 7.0}, "datetime": {"datetime": "2024-01-19 01:07:27", "elapsed": 3299.729204, "delta": 0.003562}}
{"target": -13.75843307752898, "params": {"gamma": 623.5741614655534, "log10_alpha": -4.55997590472922, "log10_colsample_bytree": -0.8796843402968733, "log10_eta": -2.7423008335152357, "log10_lambda": 0.908466033203954, "log10_min_child_weight": 0.7635657458142786, "log10_subsample": -0.226627215733457, "max_depth": 2.0, "num_boost_round": 8.0}, "datetime": {"datetime": "2024-01-19 01:07:27", "elapsed": 3299.73291, "delta": 0.003706}}
{"target": -13.758417145729217, "params": {"gamma": 623.5741614655534, "log10_alpha": -4.55997590472922, "log10_colsample_bytree": -0.8796843402968733, "log10_eta": -2.7423008335152357, "log10_lambda": 0.908466033203954, "log10_min_child_weight": 0.7635657458142786, "log10_subsample": -0.226627215733457, "max_depth": 2.0, "num_boost_round": 9.0}, "datetime": {"datetime": "2024-01-19 01:07:27", "elapsed": 3299.73647, "delta": 0.00356}}
{"target": -13.758385876759865, "params": {"gamma": 623.5741614655534, "log10_alpha": -4.55997590472922, "log10_colsample_bytree": -0.8796843402968733, "log10_eta": -2.7423008335152357, "log10_lambda": 0.908466033203954, "log10_min_child_weight": 0.7635657458142786, "log10_subsample": -0.226627215733457, "max_depth": 2.0, "num_boost_round": 10.0}, "datetime": {"datetime": "2024-01-19 01:07:27", "elapsed": 3299.740499, "delta": 0.004029}}
{"target": -13.75835241213519, "params": {"gamma": 623.5741614655534, "log10_alpha": -4.55997590472922, "log10_colsample_bytree": -0.8796843402968733, "log10_eta": -2.7423008335152357, "log10_lambda": 0.908466033203954, "log10_min_child_weight": 0.7635657458142786, "log10_subsample": -0.226627215733457, "max_depth": 2.0, "num_boost_round": 11.0}, "datetime": {"datetime": "2024-01-19 01:07:27", "elapsed": 3299.744414, "delta": 0.003915}}
{"target": -13.75833778257013, "params": {"gamma": 623.5741614655534, "log10_alpha": -4.55997590472922, "log10_colsample_bytree": -0.8796843402968733, "log10_eta": -2.7423008335152357, "log10_lambda": 0.908466033203954, "log10_min_child_weight": 0.7635657458142786, "log10_subsample": -0.226627215733457, "max_depth": 2.0, "num_boost_round": 12.0}, "datetime": {"datetime": "2024-01-19 01:07:27", "elapsed": 3299.747993, "delta": 0.003579}}
{"target": -13.758302738097113, "params": {"gamma": 623.5741614655534, "log10_alpha": -4.55997590472922, "log10_colsample_bytree": -0.8796843402968733, "log10_eta": -2.7423008335152357, "log10_lambda": 0.908466033203954, "log10_min_child_weight": 0.7635657458142786, "log10_subsample": -0.226627215733457, "max_depth": 2.0, "num_boost_round": 13.0}, "datetime": {"datetime": "2024-01-19 01:07:27", "elapsed": 3299.751595, "delta": 0.003602}}
{"target": -13.758294877376846, "params": {"gamma": 623.5741614655534, "log10_alpha": -4.55997590472922, "log10_colsample_bytree": -0.8796843402968733, "log10_eta": -2.7423008335152357, "log10_lambda": 0.908466033203954, "log10_min_child_weight": 0.7635657458142786, "log10_subsample": -0.226627215733457, "max_depth": 2.0, "num_boost_round": 14.0}, "datetime": {"datetime": "2024-01-19 01:07:27", "elapsed": 3299.755314, "delta": 0.003719}}
{"target": -13.75826012671823, "params": {"gamma": 623.5741614655534, "log10_alpha": -4.55997590472922, "log10_colsample_bytree": -0.8796843402968733, "log10_eta": -2.7423008335152357, "log10_lambda": 0.908466033203954, "log10_min_child_weight": 0.7635657458142786, "log10_subsample": -0.226627215733457, "max_depth": 2.0, "num_boost_round": 15.0}, "datetime": {"datetime": "2024-01-19 01:07:27", "elapsed": 3299.758828, "delta": 0.003514}}
{"target": -13.758248723734523, "params": {"gamma": 623.5741614655534, "log10_alpha": -4.55997590472922, "log10_colsample_bytree": -0.8796843402968733, "log10_eta": -2.7423008335152357, "log10_lambda": 0.908466033203954, "log10_min_child_weight": 0.7635657458142786, "log10_subsample": -0.226627215733457, "max_depth": 2.0, "num_boost_round": 16.0}, "datetime": {"datetime": "2024-01-19 01:07:27", "elapsed": 3299.762386, "delta": 0.003558}}
{"target": -13.758233181669699, "params": {"gamma": 623.5741614655534, "log10_alpha": -4.55997590472922, "log10_colsample_bytree": -0.8796843402968733, "log10_eta": -2.7423008335152357, "log10_lambda": 0.908466033203954, "log10_min_child_weight": 0.7635657458142786, "log10_subsample": -0.226627215733457, "max_depth": 2.0, "num_boost_round": 17.0}, "datetime": {"datetime": "2024-01-19 01:07:27", "elapsed": 3299.765954, "delta": 0.003568}}
{"target": -13.758214268006633, "params": {"gamma": 623.5741614655534, "log10_alpha": -4.55997590472922, "log10_colsample_bytree": -0.8796843402968733, "log10_eta": -2.7423008335152357, "log10_lambda": 0.908466033203954, "log10_min_child_weight": 0.7635657458142786, "log10_subsample": -0.226627215733457, "max_depth": 2.0, "num_boost_round": 18.0}, "datetime": {"datetime": "2024-01-19 01:07:27", "elapsed": 3299.769471, "delta": 0.003517}}
{"target": -13.75819221866217, "params": {"gamma": 623.5741614655534, "log10_alpha": -4.55997590472922, "log10_colsample_bytree": -0.8796843402968733, "log10_eta": -2.7423008335152357, "log10_lambda": 0.908466033203954, "log10_min_child_weight": 0.7635657458142786, "log10_subsample": -0.226627215733457, "max_depth": 2.0, "num_boost_round": 19.0}, "datetime": {"datetime": "2024-01-19 01:07:27", "elapsed": 3299.773169, "delta": 0.003698}}
{"target": -13.758537949921934, "params": {"gamma": 552.8575196237153, "log10_alpha": -1.9429281438350001, "log10_colsample_bytree": -0.912567174066, "log10_eta": -3.258781419466333, "log10_lambda": -1.900518981065657, "log10_min_child_weight": 4.208551801007788, "log10_subsample": -0.7220050862771177, "max_depth": 5.0, "num_boost_round": 0.0}, "datetime": {"datetime": "2024-01-19 01:08:06", "elapsed": 3339.032514, "delta": 39.259345}}
{"target": -13.758535637893756, "params": {"gamma": 552.8575196237153, "log10_alpha": -1.9429281438350001, "log10_colsample_bytree": -0.912567174066, "log10_eta": -3.258781419466333, "log10_lambda": -1.900518981065657, "log10_min_child_weight": 4.208551801007788, "log10_subsample": -0.7220050862771177, "max_depth": 5.0, "num_boost_round": 1.0}, "datetime": {"datetime": "2024-01-19 01:08:06", "elapsed": 3339.036881, "delta": 0.004367}}
{"target": -13.758535321901679, "params": {"gamma": 552.8575196237153, "log10_alpha": -1.9429281438350001, "log10_colsample_bytree": -0.912567174066, "log10_eta": -3.258781419466333, "log10_lambda": -1.900518981065657, "log10_min_child_weight": 4.208551801007788, "log10_subsample": -0.7220050862771177, "max_depth": 5.0, "num_boost_round": 2.0}, "datetime": {"datetime": "2024-01-19 01:08:06", "elapsed": 3339.040694, "delta": 0.003813}}
{"target": -13.758536480896284, "params": {"gamma": 552.8575196237153, "log10_alpha": -1.9429281438350001, "log10_colsample_bytree": -0.912567174066, "log10_eta": -3.258781419466333, "log10_lambda": -1.900518981065657, "log10_min_child_weight": 4.208551801007788, "log10_subsample": -0.7220050862771177, "max_depth": 5.0, "num_boost_round": 3.0}, "datetime": {"datetime": "2024-01-19 01:08:06", "elapsed": 3339.044332, "delta": 0.003638}}
{"target": -13.75853620351866, "params": {"gamma": 552.8575196237153, "log10_alpha": -1.9429281438350001, "log10_colsample_bytree": -0.912567174066, "log10_eta": -3.258781419466333, "log10_lambda": -1.900518981065657, "log10_min_child_weight": 4.208551801007788, "log10_subsample": -0.7220050862771177, "max_depth": 5.0, "num_boost_round": 4.0}, "datetime": {"datetime": "2024-01-19 01:08:06", "elapsed": 3339.047943, "delta": 0.003611}}
{"target": -13.75853720765883, "params": {"gamma": 552.8575196237153, "log10_alpha": -1.9429281438350001, "log10_colsample_bytree": -0.912567174066, "log10_eta": -3.258781419466333, "log10_lambda": -1.900518981065657, "log10_min_child_weight": 4.208551801007788, "log10_subsample": -0.7220050862771177, "max_depth": 5.0, "num_boost_round": 5.0}, "datetime": {"datetime": "2024-01-19 01:08:06", "elapsed": 3339.051675, "delta": 0.003732}}
{"target": -13.758536901167382, "params": {"gamma": 552.8575196237153, "log10_alpha": -1.9429281438350001, "log10_colsample_bytree": -0.912567174066, "log10_eta": -3.258781419466333, "log10_lambda": -1.900518981065657, "log10_min_child_weight": 4.208551801007788, "log10_subsample": -0.7220050862771177, "max_depth": 5.0, "num_boost_round": 6.0}, "datetime": {"datetime": "2024-01-19 01:08:06", "elapsed": 3339.055974, "delta": 0.004299}}
{"target": -13.758535694887012, "params": {"gamma": 552.8575196237153, "log10_alpha": -1.9429281438350001, "log10_colsample_bytree": -0.912567174066, "log10_eta": -3.258781419466333, "log10_lambda": -1.900518981065657, "log10_min_child_weight": 4.208551801007788, "log10_subsample": -0.7220050862771177, "max_depth": 5.0, "num_boost_round": 7.0}, "datetime": {"datetime": "2024-01-19 01:08:06", "elapsed": 3339.059985, "delta": 0.004011}}
{"target": -13.758534508263704, "params": {"gamma": 552.8575196237153, "log10_alpha": -1.9429281438350001, "log10_colsample_bytree": -0.912567174066, "log10_eta": -3.258781419466333, "log10_lambda": -1.900518981065657, "log10_min_child_weight": 4.208551801007788, "log10_subsample": -0.7220050862771177, "max_depth": 5.0, "num_boost_round": 8.0}, "datetime": {"datetime": "2024-01-19 01:08:06", "elapsed": 3339.063766, "delta": 0.003781}}
{"target": -13.758536348418078, "params": {"gamma": 552.8575196237153, "log10_alpha": -1.9429281438350001, "log10_colsample_bytree": -0.912567174066, "log10_eta": -3.258781419466333, "log10_lambda": -1.900518981065657, "log10_min_child_weight": 4.208551801007788, "log10_subsample": -0.7220050862771177, "max_depth": 5.0, "num_boost_round": 9.0}, "datetime": {"datetime": "2024-01-19 01:08:06", "elapsed": 3339.067484, "delta": 0.003718}}
{"target": -13.758530976632306, "params": {"gamma": 552.8575196237153, "log10_alpha": -1.9429281438350001, "log10_colsample_bytree": -0.912567174066, "log10_eta": -3.258781419466333, "log10_lambda": -1.900518981065657, "log10_min_child_weight": 4.208551801007788, "log10_subsample": -0.7220050862771177, "max_depth": 5.0, "num_boost_round": 10.0}, "datetime": {"datetime": "2024-01-19 01:08:06", "elapsed": 3339.071221, "delta": 0.003737}}
{"target": -13.758527343005204, "params": {"gamma": 552.8575196237153, "log10_alpha": -1.9429281438350001, "log10_colsample_bytree": -0.912567174066, "log10_eta": -3.258781419466333, "log10_lambda": -1.900518981065657, "log10_min_child_weight": 4.208551801007788, "log10_subsample": -0.7220050862771177, "max_depth": 5.0, "num_boost_round": 11.0}, "datetime": {"datetime": "2024-01-19 01:08:06", "elapsed": 3339.075066, "delta": 0.003845}}
{"target": -13.758529738464674, "params": {"gamma": 552.8575196237153, "log10_alpha": -1.9429281438350001, "log10_colsample_bytree": -0.912567174066, "log10_eta": -3.258781419466333, "log10_lambda": -1.900518981065657, "log10_min_child_weight": 4.208551801007788, "log10_subsample": -0.7220050862771177, "max_depth": 5.0, "num_boost_round": 12.0}, "datetime": {"datetime": "2024-01-19 01:08:06", "elapsed": 3339.078805, "delta": 0.003739}}
