{"target": -13.758531790025069, "params": {"gamma": 986.5461050972567, "log10_alpha": -4.116779037330911, "log10_colsample_bytree": -0.9144245397912006, "log10_eta": -3.9263987952607784, "log10_lambda": -2.631613801754434, "log10_min_child_weight": 0.8110703597048236, "log10_subsample": -0.23804600076602356, "max_depth": 2.0, "num_boost_round": 6.0}, "datetime": {"datetime": "2024-01-19 00:29:20", "elapsed": 1061.416862, "delta": 0.001746}}
{"target": -13.758530539870339, "params": {"gamma": 986.5461050972567, "log10_alpha": -4.116779037330911, "log10_colsample_bytree": -0.9144245397912006, "log10_eta": -3.9263987952607784, "log10_lambda": -2.631613801754434, "log10_min_child_weight": 0.8110703597048236, "log10_subsample": -0.23804600076602356, "max_depth": 2.0, "num_boost_round": 7.0}, "datetime": {"datetime": "2024-01-19 00:29:20", "elapsed": 1061.418543, "delta": 0.001681}}
{"target": -13.75853161176915, "params": {"gamma": 986.5461050972567, "log10_alpha": -4.116779037330911, "log10_colsample_bytree": -0.9144245397912006, "log10_eta": -3.9263987952607784, "log10_lambda": -2.631613801754434, "log10_min_child_weight": 0.8110703597048236, "log10_subsample": -0.23804600076602356, "max_depth": 2.0, "num_boost_round": 8.0}, "datetime": {"datetime": "2024-01-19 00:29:20", "elapsed": 1061.42019, "delta": 0.001647}}
{"target": -13.758530640493905, "params": {"gamma": 986.5461050972567, "log10_alpha": -4.116779037330911, "log10_colsample_bytree": -0.9144245397912006, "log10_eta": -3.9263987952607784, "log10_lambda": -2.631613801754434, "log10_min_child_weight": 0.8110703597048236, "log10_subsample": -0.23804600076602356, "max_depth": 2.0, "num_boost_round": 9.0}, "datetime": {"datetime": "2024-01-19 00:29:20", "elapsed": 1061.421932, "delta": 0.001742}}
{"target": -13.758530172332769, "params": {"gamma": 986.5461050972567, "log10_alpha": -4.116779037330911, "log10_colsample_bytree": -0.9144245397912006, "log10_eta": -3.9263987952607784, "log10_lambda": -2.631613801754434, "log10_min_child_weight": 0.8110703597048236, "log10_subsample": -0.23804600076602356, "max_depth": 2.0, "num_boost_round": 10.0}, "datetime": {"datetime": "2024-01-19 00:29:20", "elapsed": 1061.42365, "delta": 0.001718}}
{"target": -13.758528211911853, "params": {"gamma": 986.5461050972567, "log10_alpha": -4.116779037330911, "log10_colsample_bytree": -0.9144245397912006, "log10_eta": -3.9263987952607784, "log10_lambda": -2.631613801754434, "log10_min_child_weight": 0.8110703597048236, "log10_subsample": -0.23804600076602356, "max_depth": 2.0, "num_boost_round": 11.0}, "datetime": {"datetime": "2024-01-19 00:29:20", "elapsed": 1061.42537, "delta": 0.00172}}
{"target": -13.758527128952055, "params": {"gamma": 986.5461050972567, "log10_alpha": -4.116779037330911, "log10_colsample_bytree": -0.9144245397912006, "log10_eta": -3.9263987952607784, "log10_lambda": -2.631613801754434, "log10_min_child_weight": 0.8110703597048236, "log10_subsample": -0.23804600076602356, "max_depth": 2.0, "num_boost_round": 12.0}, "datetime": {"datetime": "2024-01-19 00:29:20", "elapsed": 1061.427056, "delta": 0.001686}}
{"target": -13.758524776765507, "params": {"gamma": 986.5461050972567, "log10_alpha": -4.116779037330911, "log10_colsample_bytree": -0.9144245397912006, "log10_eta": -3.9263987952607784, "log10_lambda": -2.631613801754434, "log10_min_child_weight": 0.8110703597048236, "log10_subsample": -0.23804600076602356, "max_depth": 2.0, "num_boost_round": 13.0}, "datetime": {"datetime": "2024-01-19 00:29:20", "elapsed": 1061.428749, "delta": 0.001693}}
{"target": -13.758524230967794, "params": {"gamma": 986.5461050972567, "log10_alpha": -4.116779037330911, "log10_colsample_bytree": -0.9144245397912006, "log10_eta": -3.9263987952607784, "log10_lambda": -2.631613801754434, "log10_min_child_weight": 0.8110703597048236, "log10_subsample": -0.23804600076602356, "max_depth": 2.0, "num_boost_round": 14.0}, "datetime": {"datetime": "2024-01-19 00:29:20", "elapsed": 1061.430464, "delta": 0.001715}}
{"target": -13.758522961294865, "params": {"gamma": 986.5461050972567, "log10_alpha": -4.116779037330911, "log10_colsample_bytree": -0.9144245397912006, "log10_eta": -3.9263987952607784, "log10_lambda": -2.631613801754434, "log10_min_child_weight": 0.8110703597048236, "log10_subsample": -0.23804600076602356, "max_depth": 2.0, "num_boost_round": 15.0}, "datetime": {"datetime": "2024-01-19 00:29:20", "elapsed": 1061.43218, "delta": 0.001716}}
{"target": -13.758522219720673, "params": {"gamma": 986.5461050972567, "log10_alpha": -4.116779037330911, "log10_colsample_bytree": -0.9144245397912006, "log10_eta": -3.9263987952607784, "log10_lambda": -2.631613801754434, "log10_min_child_weight": 0.8110703597048236, "log10_subsample": -0.23804600076602356, "max_depth": 2.0, "num_boost_round": 16.0}, "datetime": {"datetime": "2024-01-19 00:29:20", "elapsed": 1061.43389, "delta": 0.00171}}
{"target": -13.758520458710414, "params": {"gamma": 986.5461050972567, "log10_alpha": -4.116779037330911, "log10_colsample_bytree": -0.9144245397912006, "log10_eta": -3.9263987952607784, "log10_lambda": -2.631613801754434, "log10_min_child_weight": 0.8110703597048236, "log10_subsample": -0.23804600076602356, "max_depth": 2.0, "num_boost_round": 17.0}, "datetime": {"datetime": "2024-01-19 00:29:20", "elapsed": 1061.435612, "delta": 0.001722}}
{"target": -13.758519262732378, "params": {"gamma": 986.5461050972567, "log10_alpha": -4.116779037330911, "log10_colsample_bytree": -0.9144245397912006, "log10_eta": -3.9263987952607784, "log10_lambda": -2.631613801754434, "log10_min_child_weight": 0.8110703597048236, "log10_subsample": -0.23804600076602356, "max_depth": 2.0, "num_boost_round": 18.0}, "datetime": {"datetime": "2024-01-19 00:29:20", "elapsed": 1061.437298, "delta": 0.001686}}
{"target": -13.75851889081702, "params": {"gamma": 986.5461050972567, "log10_alpha": -4.116779037330911, "log10_colsample_bytree": -0.9144245397912006, "log10_eta": -3.9263987952607784, "log10_lambda": -2.631613801754434, "log10_min_child_weight": 0.8110703597048236, "log10_subsample": -0.23804600076602356, "max_depth": 2.0, "num_boost_round": 19.0}, "datetime": {"datetime": "2024-01-19 00:29:20", "elapsed": 1061.439072, "delta": 0.001774}}
{"target": -13.758517444976592, "params": {"gamma": 986.5461050972567, "log10_alpha": -4.116779037330911, "log10_colsample_bytree": -0.9144245397912006, "log10_eta": -3.9263987952607784, "log10_lambda": -2.631613801754434, "log10_min_child_weight": 0.8110703597048236, "log10_subsample": -0.23804600076602356, "max_depth": 2.0, "num_boost_round": 20.0}, "datetime": {"datetime": "2024-01-19 00:29:20", "elapsed": 1061.440797, "delta": 0.001725}}
{"target": -13.758516892178383, "params": {"gamma": 986.5461050972567, "log10_alpha": -4.116779037330911, "log10_colsample_bytree": -0.9144245397912006, "log10_eta": -3.9263987952607784, "log10_lambda": -2.631613801754434, "log10_min_child_weight": 0.8110703597048236, "log10_subsample": -0.23804600076602356, "max_depth": 2.0, "num_boost_round": 21.0}, "datetime": {"datetime": "2024-01-19 00:29:20", "elapsed": 1061.442511, "delta": 0.001714}}
{"target": -13.758516203225799, "params": {"gamma": 986.5461050972567, "log10_alpha": -4.116779037330911, "log10_colsample_bytree": -0.9144245397912006, "log10_eta": -3.9263987952607784, "log10_lambda": -2.631613801754434, "log10_min_child_weight": 0.8110703597048236, "log10_subsample": -0.23804600076602356, "max_depth": 2.0, "num_boost_round": 22.0}, "datetime": {"datetime": "2024-01-19 00:29:20", "elapsed": 1061.444228, "delta": 0.001717}}
{"target": -13.758514162297082, "params": {"gamma": 986.5461050972567, "log10_alpha": -4.116779037330911, "log10_colsample_bytree": -0.9144245397912006, "log10_eta": -3.9263987952607784, "log10_lambda": -2.631613801754434, "log10_min_child_weight": 0.8110703597048236, "log10_subsample": -0.23804600076602356, "max_depth": 2.0, "num_boost_round": 23.0}, "datetime": {"datetime": "2024-01-19 00:29:20", "elapsed": 1061.445959, "delta": 0.001731}}
{"target": -13.758514036728021, "params": {"gamma": 986.5461050972567, "log10_alpha": -4.116779037330911, "log10_colsample_bytree": -0.9144245397912006, "log10_eta": -3.9263987952607784, "log10_lambda": -2.631613801754434, "log10_min_child_weight": 0.8110703597048236, "log10_subsample": -0.23804600076602356, "max_depth": 2.0, "num_boost_round": 24.0}, "datetime": {"datetime": "2024-01-19 00:29:20", "elapsed": 1061.447667, "delta": 0.001708}}
{"target": -13.75851219175118, "params": {"gamma": 986.5461050972567, "log10_alpha": -4.116779037330911, "log10_colsample_bytree": -0.9144245397912006, "log10_eta": -3.9263987952607784, "log10_lambda": -2.631613801754434, "log10_min_child_weight": 0.8110703597048236, "log10_subsample": -0.23804600076602356, "max_depth": 2.0, "num_boost_round": 25.0}, "datetime": {"datetime": "2024-01-19 00:29:20", "elapsed": 1061.449381, "delta": 0.001714}}
{"target": -13.758511830013934, "params": {"gamma": 986.5461050972567, "log10_alpha": -4.116779037330911, "log10_colsample_bytree": -0.9144245397912006, "log10_eta": -3.9263987952607784, "log10_lambda": -2.631613801754434, "log10_min_child_weight": 0.8110703597048236, "log10_subsample": -0.23804600076602356, "max_depth": 2.0, "num_boost_round": 26.0}, "datetime": {"datetime": "2024-01-19 00:29:20", "elapsed": 1061.451092, "delta": 0.001711}}
{"target": -13.75850978739853, "params": {"gamma": 986.5461050972567, "log10_alpha": -4.116779037330911, "log10_colsample_bytree": -0.9144245397912006, "log10_eta": -3.9263987952607784, "log10_lambda": -2.631613801754434, "log10_min_child_weight": 0.8110703597048236, "log10_subsample": -0.23804600076602356, "max_depth": 2.0, "num_boost_round": 27.0}, "datetime": {"datetime": "2024-01-19 00:29:20", "elapsed": 1061.452811, "delta": 0.001719}}
{"target": -13.758508558241243, "params": {"gamma": 986.5461050972567, "log10_alpha": -4.116779037330911, "log10_colsample_bytree": -0.9144245397912006, "log10_eta": -3.9263987952607784, "log10_lambda": -2.631613801754434, "log10_min_child_weight": 0.8110703597048236, "log10_subsample": -0.23804600076602356, "max_depth": 2.0, "num_boost_round": 28.0}, "datetime": {"datetime": "2024-01-19 00:29:20", "elapsed": 1061.454522, "delta": 0.001711}}
{"target": -13.758507090277405, "params": {"gamma": 986.5461050972567, "log10_alpha": -4.116779037330911, "log10_colsample_bytree": -0.9144245397912006, "log10_eta": -3.9263987952607784, "log10_lambda": -2.631613801754434, "log10_min_child_weight": 0.8110703597048236, "log10_subsample": -0.23804600076602356, "max_depth": 2.0, "num_boost_round": 29.0}, "datetime": {"datetime": "2024-01-19 00:29:20", "elapsed": 1061.456244, "delta": 0.001722}}
{"target": -13.758506230690124, "params": {"gamma": 986.5461050972567, "log10_alpha": -4.116779037330911, "log10_colsample_bytree": -0.9144245397912006, "log10_eta": -3.9263987952607784, "log10_lambda": -2.631613801754434, "log10_min_child_weight": 0.8110703597048236, "log10_subsample": -0.23804600076602356, "max_depth": 2.0, "num_boost_round": 30.0}, "datetime": {"datetime": "2024-01-19 00:29:20", "elapsed": 1061.457972, "delta": 0.001728}}
{"target": -13.758503971845485, "params": {"gamma": 986.5461050972567, "log10_alpha": -4.116779037330911, "log10_colsample_bytree": -0.9144245397912006, "log10_eta": -3.9263987952607784, "log10_lambda": -2.631613801754434, "log10_min_child_weight": 0.8110703597048236, "log10_subsample": -0.23804600076602356, "max_depth": 2.0, "num_boost_round": 31.0}, "datetime": {"datetime": "2024-01-19 00:29:20", "elapsed": 1061.46027, "delta": 0.002298}}
{"target": -13.758502691838352, "params": {"gamma": 986.5461050972567, "log10_alpha": -4.116779037330911, "log10_colsample_bytree": -0.9144245397912006, "log10_eta": -3.9263987952607784, "log10_lambda": -2.631613801754434, "log10_min_child_weight": 0.8110703597048236, "log10_subsample": -0.23804600076602356, "max_depth": 2.0, "num_boost_round": 32.0}, "datetime": {"datetime": "2024-01-19 00:29:20", "elapsed": 1061.462373, "delta": 0.002103}}
{"target": -13.75850287614573, "params": {"gamma": 986.5461050972567, "log10_alpha": -4.116779037330911, "log10_colsample_bytree": -0.9144245397912006, "log10_eta": -3.9263987952607784, "log10_lambda": -2.631613801754434, "log10_min_child_weight": 0.8110703597048236, "log10_subsample": -0.23804600076602356, "max_depth": 2.0, "num_boost_round": 33.0}, "datetime": {"datetime": "2024-01-19 00:29:20", "elapsed": 1061.46421, "delta": 0.001837}}
{"target": -13.758501421873419, "params": {"gamma": 986.5461050972567, "log10_alpha": -4.116779037330911, "log10_colsample_bytree": -0.9144245397912006, "log10_eta": -3.9263987952607784, "log10_lambda": -2.631613801754434, "log10_min_child_weight": 0.8110703597048236, "log10_subsample": -0.23804600076602356, "max_depth": 2.0, "num_boost_round": 34.0}, "datetime": {"datetime": "2024-01-19 00:29:20", "elapsed": 1061.465884, "delta": 0.001674}}
{"target": -13.758500782269536, "params": {"gamma": 986.5461050972567, "log10_alpha": -4.116779037330911, "log10_colsample_bytree": -0.9144245397912006, "log10_eta": -3.9263987952607784, "log10_lambda": -2.631613801754434, "log10_min_child_weight": 0.8110703597048236, "log10_subsample": -0.23804600076602356, "max_depth": 2.0, "num_boost_round": 35.0}, "datetime": {"datetime": "2024-01-19 00:29:20", "elapsed": 1061.467669, "delta": 0.001785}}
{"target": -13.758500437348584, "params": {"gamma": 986.5461050972567, "log10_alpha": -4.116779037330911, "log10_colsample_bytree": -0.9144245397912006, "log10_eta": -3.9263987952607784, "log10_lambda": -2.631613801754434, "log10_min_child_weight": 0.8110703597048236, "log10_subsample": -0.23804600076602356, "max_depth": 2.0, "num_boost_round": 36.0}, "datetime": {"datetime": "2024-01-19 00:29:20", "elapsed": 1061.469337, "delta": 0.001668}}
{"target": -13.758500441616114, "params": {"gamma": 986.5461050972567, "log10_alpha": -4.116779037330911, "log10_colsample_bytree": -0.9144245397912006, "log10_eta": -3.9263987952607784, "log10_lambda": -2.631613801754434, "log10_min_child_weight": 0.8110703597048236, "log10_subsample": -0.23804600076602356, "max_depth": 2.0, "num_boost_round": 37.0}, "datetime": {"datetime": "2024-01-19 00:29:20", "elapsed": 1061.471018, "delta": 0.001681}}
{"target": -13.758536638553142, "params": {"gamma": 976.9512212577597, "log10_alpha": -4.410718595704015, "log10_colsample_bytree": -0.7829858127091236, "log10_eta": -4.0, "log10_lambda": -0.4704226544408796, "log10_min_child_weight": 2.2829091149079863, "log10_subsample": -0.7059012455994511, "max_depth": 2.0, "num_boost_round": 0.0}, "datetime": {"datetime": "2024-01-19 00:29:45", "elapsed": 1086.507313, "delta": 25.036295}}
{"target": -13.75853622797999, "params": {"gamma": 976.9512212577597, "log10_alpha": -4.410718595704015, "log10_colsample_bytree": -0.7829858127091236, "log10_eta": -4.0, "log10_lambda": -0.4704226544408796, "log10_min_child_weight": 2.2829091149079863, "log10_subsample": -0.7059012455994511, "max_depth": 2.0, "num_boost_round": 1.0}, "datetime": {"datetime": "2024-01-19 00:29:45", "elapsed": 1086.50917, "delta": 0.001857}}
{"target": -13.758535467198135, "params": {"gamma": 976.9512212577597, "log10_alpha": -4.410718595704015, "log10_colsample_bytree": -0.7829858127091236, "log10_eta": -4.0, "log10_lambda": -0.4704226544408796, "log10_min_child_weight": 2.2829091149079863, "log10_subsample": -0.7059012455994511, "max_depth": 2.0, "num_boost_round": 2.0}, "datetime": {"datetime": "2024-01-19 00:29:45", "elapsed": 1086.511015, "delta": 0.001845}}
{"target": -13.758535852673349, "params": {"gamma": 976.9512212577597, "log10_alpha": -4.410718595704015, "log10_colsample_bytree": -0.7829858127091236, "log10_eta": -4.0, "log10_lambda": -0.4704226544408796, "log10_min_child_weight": 2.2829091149079863, "log10_subsample": -0.7059012455994511, "max_depth": 2.0, "num_boost_round": 3.0}, "datetime": {"datetime": "2024-01-19 00:29:45", "elapsed": 1086.513232, "delta": 0.002217}}
{"target": -13.758535073426277, "params": {"gamma": 976.9512212577597, "log10_alpha": -4.410718595704015, "log10_colsample_bytree": -0.7829858127091236, "log10_eta": -4.0, "log10_lambda": -0.4704226544408796, "log10_min_child_weight": 2.2829091149079863, "log10_subsample": -0.7059012455994511, "max_depth": 2.0, "num_boost_round": 4.0}, "datetime": {"datetime": "2024-01-19 00:29:45", "elapsed": 1086.51533, "delta": 0.002098}}
{"target": -13.758533978279663, "params": {"gamma": 976.9512212577597, "log10_alpha": -4.410718595704015, "log10_colsample_bytree": -0.7829858127091236, "log10_eta": -4.0, "log10_lambda": -0.4704226544408796, "log10_min_child_weight": 2.2829091149079863, "log10_subsample": -0.7059012455994511, "max_depth": 2.0, "num_boost_round": 5.0}, "datetime": {"datetime": "2024-01-19 00:29:45", "elapsed": 1086.517037, "delta": 0.001707}}
{"target": -13.758533005279888, "params": {"gamma": 976.9512212577597, "log10_alpha": -4.410718595704015, "log10_colsample_bytree": -0.7829858127091236, "log10_eta": -4.0, "log10_lambda": -0.4704226544408796, "log10_min_child_weight": 2.2829091149079863, "log10_subsample": -0.7059012455994511, "max_depth": 2.0, "num_boost_round": 6.0}, "datetime": {"datetime": "2024-01-19 00:29:45", "elapsed": 1086.518815, "delta": 0.001778}}
{"target": -13.7585312625813, "params": {"gamma": 976.9512212577597, "log10_alpha": -4.410718595704015, "log10_colsample_bytree": -0.7829858127091236, "log10_eta": -4.0, "log10_lambda": -0.4704226544408796, "log10_min_child_weight": 2.2829091149079863, "log10_subsample": -0.7059012455994511, "max_depth": 2.0, "num_boost_round": 7.0}, "datetime": {"datetime": "2024-01-19 00:29:45", "elapsed": 1086.520507, "delta": 0.001692}}
{"target": -13.75853213878466, "params": {"gamma": 976.9512212577597, "log10_alpha": -4.410718595704015, "log10_colsample_bytree": -0.7829858127091236, "log10_eta": -4.0, "log10_lambda": -0.4704226544408796, "log10_min_child_weight": 2.2829091149079863, "log10_subsample": -0.7059012455994511, "max_depth": 2.0, "num_boost_round": 8.0}, "datetime": {"datetime": "2024-01-19 00:29:45", "elapsed": 1086.522211, "delta": 0.001704}}
{"target": -13.75853138521505, "params": {"gamma": 976.9512212577597, "log10_alpha": -4.410718595704015, "log10_colsample_bytree": -0.7829858127091236, "log10_eta": -4.0, "log10_lambda": -0.4704226544408796, "log10_min_child_weight": 2.2829091149079863, "log10_subsample": -0.7059012455994511, "max_depth": 2.0, "num_boost_round": 9.0}, "datetime": {"datetime": "2024-01-19 00:29:45", "elapsed": 1086.523899, "delta": 0.001688}}
{"target": -13.758529702506399, "params": {"gamma": 976.9512212577597, "log10_alpha": -4.410718595704015, "log10_colsample_bytree": -0.7829858127091236, "log10_eta": -4.0, "log10_lambda": -0.4704226544408796, "log10_min_child_weight": 2.2829091149079863, "log10_subsample": -0.7059012455994511, "max_depth": 2.0, "num_boost_round": 10.0}, "datetime": {"datetime": "2024-01-19 00:29:45", "elapsed": 1086.525591, "delta": 0.001692}}
{"target": -13.75852949450905, "params": {"gamma": 976.9512212577597, "log10_alpha": -4.410718595704015, "log10_colsample_bytree": -0.7829858127091236, "log10_eta": -4.0, "log10_lambda": -0.4704226544408796, "log10_min_child_weight": 2.2829091149079863, "log10_subsample": -0.7059012455994511, "max_depth": 2.0, "num_boost_round": 11.0}, "datetime": {"datetime": "2024-01-19 00:29:45", "elapsed": 1086.527372, "delta": 0.001781}}
{"target": -13.758528432465827, "params": {"gamma": 976.9512212577597, "log10_alpha": -4.410718595704015, "log10_colsample_bytree": -0.7829858127091236, "log10_eta": -4.0, "log10_lambda": -0.4704226544408796, "log10_min_child_weight": 2.2829091149079863, "log10_subsample": -0.7059012455994511, "max_depth": 2.0, "num_boost_round": 12.0}, "datetime": {"datetime": "2024-01-19 00:29:45", "elapsed": 1086.529078, "delta": 0.001706}}
{"target": -13.758526962796704, "params": {"gamma": 976.9512212577597, "log10_alpha": -4.410718595704015, "log10_colsample_bytree": -0.7829858127091236, "log10_eta": -4.0, "log10_lambda": -0.4704226544408796, "log10_min_child_weight": 2.2829091149079863, "log10_subsample": -0.7059012455994511, "max_depth": 2.0, "num_boost_round": 13.0}, "datetime": {"datetime": "2024-01-19 00:29:45", "elapsed": 1086.530787, "delta": 0.001709}}
{"target": -13.758526528681186, "params": {"gamma": 976.9512212577597, "log10_alpha": -4.410718595704015, "log10_colsample_bytree": -0.7829858127091236, "log10_eta": -4.0, "log10_lambda": -0.4704226544408796, "log10_min_child_weight": 2.2829091149079863, "log10_subsample": -0.7059012455994511, "max_depth": 2.0, "num_boost_round": 14.0}, "datetime": {"datetime": "2024-01-19 00:29:45", "elapsed": 1086.532489, "delta": 0.001702}}
{"target": -13.7585245182897, "params": {"gamma": 976.9512212577597, "log10_alpha": -4.410718595704015, "log10_colsample_bytree": -0.7829858127091236, "log10_eta": -4.0, "log10_lambda": -0.4704226544408796, "log10_min_child_weight": 2.2829091149079863, "log10_subsample": -0.7059012455994511, "max_depth": 2.0, "num_boost_round": 15.0}, "datetime": {"datetime": "2024-01-19 00:29:45", "elapsed": 1086.534193, "delta": 0.001704}}
{"target": -13.758523807261867, "params": {"gamma": 976.9512212577597, "log10_alpha": -4.410718595704015, "log10_colsample_bytree": -0.7829858127091236, "log10_eta": -4.0, "log10_lambda": -0.4704226544408796, "log10_min_child_weight": 2.2829091149079863, "log10_subsample": -0.7059012455994511, "max_depth": 2.0, "num_boost_round": 16.0}, "datetime": {"datetime": "2024-01-19 00:29:45", "elapsed": 1086.535925, "delta": 0.001732}}
{"target": -13.75852278046809, "params": {"gamma": 976.9512212577597, "log10_alpha": -4.410718595704015, "log10_colsample_bytree": -0.7829858127091236, "log10_eta": -4.0, "log10_lambda": -0.4704226544408796, "log10_min_child_weight": 2.2829091149079863, "log10_subsample": -0.7059012455994511, "max_depth": 2.0, "num_boost_round": 17.0}, "datetime": {"datetime": "2024-01-19 00:29:45", "elapsed": 1086.537684, "delta": 0.001759}}
