{"target": -14.545728759027986, "params": {"gamma": 718.0219185617464, "log10_alpha": -2.8427723694938813, "log10_colsample_bytree": -0.5030966792848375, "log10_eta": -0.2997461356705098, "log10_lambda": -4.17632322555167, "log10_min_child_weight": 2.6551846332723343, "log10_subsample": -0.8970134894723927, "max_depth": 8.0, "num_boost_round": 41.0}, "datetime": {"datetime": "2024-01-19 01:57:18", "elapsed": 6345.82806, "delta": 0.006176}}
{"target": -14.540603308417825, "params": {"gamma": 718.0219185617464, "log10_alpha": -2.8427723694938813, "log10_colsample_bytree": -0.5030966792848375, "log10_eta": -0.2997461356705098, "log10_lambda": -4.17632322555167, "log10_min_child_weight": 2.6551846332723343, "log10_subsample": -0.8970134894723927, "max_depth": 8.0, "num_boost_round": 42.0}, "datetime": {"datetime": "2024-01-19 01:57:18", "elapsed": 6345.833968, "delta": 0.005908}}
{"target": -14.539265817774659, "params": {"gamma": 718.0219185617464, "log10_alpha": -2.8427723694938813, "log10_colsample_bytree": -0.5030966792848375, "log10_eta": -0.2997461356705098, "log10_lambda": -4.17632322555167, "log10_min_child_weight": 2.6551846332723343, "log10_subsample": -0.8970134894723927, "max_depth": 8.0, "num_boost_round": 43.0}, "datetime": {"datetime": "2024-01-19 01:57:18", "elapsed": 6345.840042, "delta": 0.006074}}
{"target": -14.545758632087075, "params": {"gamma": 718.0219185617464, "log10_alpha": -2.8427723694938813, "log10_colsample_bytree": -0.5030966792848375, "log10_eta": -0.2997461356705098, "log10_lambda": -4.17632322555167, "log10_min_child_weight": 2.6551846332723343, "log10_subsample": -0.8970134894723927, "max_depth": 8.0, "num_boost_round": 44.0}, "datetime": {"datetime": "2024-01-19 01:57:18", "elapsed": 6345.846138, "delta": 0.006096}}
{"target": -14.564183858708809, "params": {"gamma": 718.0219185617464, "log10_alpha": -2.8427723694938813, "log10_colsample_bytree": -0.5030966792848375, "log10_eta": -0.2997461356705098, "log10_lambda": -4.17632322555167, "log10_min_child_weight": 2.6551846332723343, "log10_subsample": -0.8970134894723927, "max_depth": 8.0, "num_boost_round": 45.0}, "datetime": {"datetime": "2024-01-19 01:57:18", "elapsed": 6345.852199, "delta": 0.006061}}
{"target": -14.574241255797812, "params": {"gamma": 718.0219185617464, "log10_alpha": -2.8427723694938813, "log10_colsample_bytree": -0.5030966792848375, "log10_eta": -0.2997461356705098, "log10_lambda": -4.17632322555167, "log10_min_child_weight": 2.6551846332723343, "log10_subsample": -0.8970134894723927, "max_depth": 8.0, "num_boost_round": 46.0}, "datetime": {"datetime": "2024-01-19 01:57:18", "elapsed": 6345.858291, "delta": 0.006092}}
{"target": -14.575335584978752, "params": {"gamma": 718.0219185617464, "log10_alpha": -2.8427723694938813, "log10_colsample_bytree": -0.5030966792848375, "log10_eta": -0.2997461356705098, "log10_lambda": -4.17632322555167, "log10_min_child_weight": 2.6551846332723343, "log10_subsample": -0.8970134894723927, "max_depth": 8.0, "num_boost_round": 47.0}, "datetime": {"datetime": "2024-01-19 01:57:18", "elapsed": 6345.864558, "delta": 0.006267}}
{"target": -14.57625657357088, "params": {"gamma": 718.0219185617464, "log10_alpha": -2.8427723694938813, "log10_colsample_bytree": -0.5030966792848375, "log10_eta": -0.2997461356705098, "log10_lambda": -4.17632322555167, "log10_min_child_weight": 2.6551846332723343, "log10_subsample": -0.8970134894723927, "max_depth": 8.0, "num_boost_round": 48.0}, "datetime": {"datetime": "2024-01-19 01:57:18", "elapsed": 6345.871433, "delta": 0.006875}}
{"target": -14.582208529516826, "params": {"gamma": 718.0219185617464, "log10_alpha": -2.8427723694938813, "log10_colsample_bytree": -0.5030966792848375, "log10_eta": -0.2997461356705098, "log10_lambda": -4.17632322555167, "log10_min_child_weight": 2.6551846332723343, "log10_subsample": -0.8970134894723927, "max_depth": 8.0, "num_boost_round": 49.0}, "datetime": {"datetime": "2024-01-19 01:57:18", "elapsed": 6345.877802, "delta": 0.006369}}
{"target": -14.587277221859486, "params": {"gamma": 718.0219185617464, "log10_alpha": -2.8427723694938813, "log10_colsample_bytree": -0.5030966792848375, "log10_eta": -0.2997461356705098, "log10_lambda": -4.17632322555167, "log10_min_child_weight": 2.6551846332723343, "log10_subsample": -0.8970134894723927, "max_depth": 8.0, "num_boost_round": 50.0}, "datetime": {"datetime": "2024-01-19 01:57:18", "elapsed": 6345.884177, "delta": 0.006375}}
{"target": -14.609450620928065, "params": {"gamma": 718.0219185617464, "log10_alpha": -2.8427723694938813, "log10_colsample_bytree": -0.5030966792848375, "log10_eta": -0.2997461356705098, "log10_lambda": -4.17632322555167, "log10_min_child_weight": 2.6551846332723343, "log10_subsample": -0.8970134894723927, "max_depth": 8.0, "num_boost_round": 51.0}, "datetime": {"datetime": "2024-01-19 01:57:18", "elapsed": 6345.890159, "delta": 0.005982}}
{"target": -14.611078241965995, "params": {"gamma": 718.0219185617464, "log10_alpha": -2.8427723694938813, "log10_colsample_bytree": -0.5030966792848375, "log10_eta": -0.2997461356705098, "log10_lambda": -4.17632322555167, "log10_min_child_weight": 2.6551846332723343, "log10_subsample": -0.8970134894723927, "max_depth": 8.0, "num_boost_round": 52.0}, "datetime": {"datetime": "2024-01-19 01:57:18", "elapsed": 6345.89613, "delta": 0.005971}}
{"target": -14.617032213491308, "params": {"gamma": 718.0219185617464, "log10_alpha": -2.8427723694938813, "log10_colsample_bytree": -0.5030966792848375, "log10_eta": -0.2997461356705098, "log10_lambda": -4.17632322555167, "log10_min_child_weight": 2.6551846332723343, "log10_subsample": -0.8970134894723927, "max_depth": 8.0, "num_boost_round": 53.0}, "datetime": {"datetime": "2024-01-19 01:57:18", "elapsed": 6345.902465, "delta": 0.006335}}
{"target": -14.624189682762935, "params": {"gamma": 718.0219185617464, "log10_alpha": -2.8427723694938813, "log10_colsample_bytree": -0.5030966792848375, "log10_eta": -0.2997461356705098, "log10_lambda": -4.17632322555167, "log10_min_child_weight": 2.6551846332723343, "log10_subsample": -0.8970134894723927, "max_depth": 8.0, "num_boost_round": 54.0}, "datetime": {"datetime": "2024-01-19 01:57:18", "elapsed": 6345.908611, "delta": 0.006146}}
{"target": -14.635452897902303, "params": {"gamma": 718.0219185617464, "log10_alpha": -2.8427723694938813, "log10_colsample_bytree": -0.5030966792848375, "log10_eta": -0.2997461356705098, "log10_lambda": -4.17632322555167, "log10_min_child_weight": 2.6551846332723343, "log10_subsample": -0.8970134894723927, "max_depth": 8.0, "num_boost_round": 55.0}, "datetime": {"datetime": "2024-01-19 01:57:18", "elapsed": 6345.914746, "delta": 0.006135}}
{"target": -14.64704690782673, "params": {"gamma": 718.0219185617464, "log10_alpha": -2.8427723694938813, "log10_colsample_bytree": -0.5030966792848375, "log10_eta": -0.2997461356705098, "log10_lambda": -4.17632322555167, "log10_min_child_weight": 2.6551846332723343, "log10_subsample": -0.8970134894723927, "max_depth": 8.0, "num_boost_round": 56.0}, "datetime": {"datetime": "2024-01-19 01:57:18", "elapsed": 6345.920898, "delta": 0.006152}}
{"target": -14.648910247916708, "params": {"gamma": 718.0219185617464, "log10_alpha": -2.8427723694938813, "log10_colsample_bytree": -0.5030966792848375, "log10_eta": -0.2997461356705098, "log10_lambda": -4.17632322555167, "log10_min_child_weight": 2.6551846332723343, "log10_subsample": -0.8970134894723927, "max_depth": 8.0, "num_boost_round": 57.0}, "datetime": {"datetime": "2024-01-19 01:57:18", "elapsed": 6345.927038, "delta": 0.00614}}
{"target": -14.660003379074503, "params": {"gamma": 718.0219185617464, "log10_alpha": -2.8427723694938813, "log10_colsample_bytree": -0.5030966792848375, "log10_eta": -0.2997461356705098, "log10_lambda": -4.17632322555167, "log10_min_child_weight": 2.6551846332723343, "log10_subsample": -0.8970134894723927, "max_depth": 8.0, "num_boost_round": 58.0}, "datetime": {"datetime": "2024-01-19 01:57:18", "elapsed": 6345.934029, "delta": 0.006991}}
{"target": -14.662674590123071, "params": {"gamma": 718.0219185617464, "log10_alpha": -2.8427723694938813, "log10_colsample_bytree": -0.5030966792848375, "log10_eta": -0.2997461356705098, "log10_lambda": -4.17632322555167, "log10_min_child_weight": 2.6551846332723343, "log10_subsample": -0.8970134894723927, "max_depth": 8.0, "num_boost_round": 59.0}, "datetime": {"datetime": "2024-01-19 01:57:18", "elapsed": 6345.941552, "delta": 0.007523}}
{"target": -14.664229396832548, "params": {"gamma": 718.0219185617464, "log10_alpha": -2.8427723694938813, "log10_colsample_bytree": -0.5030966792848375, "log10_eta": -0.2997461356705098, "log10_lambda": -4.17632322555167, "log10_min_child_weight": 2.6551846332723343, "log10_subsample": -0.8970134894723927, "max_depth": 8.0, "num_boost_round": 60.0}, "datetime": {"datetime": "2024-01-19 01:57:18", "elapsed": 6345.948551, "delta": 0.006999}}
{"target": -14.670396384844603, "params": {"gamma": 718.0219185617464, "log10_alpha": -2.8427723694938813, "log10_colsample_bytree": -0.5030966792848375, "log10_eta": -0.2997461356705098, "log10_lambda": -4.17632322555167, "log10_min_child_weight": 2.6551846332723343, "log10_subsample": -0.8970134894723927, "max_depth": 8.0, "num_boost_round": 61.0}, "datetime": {"datetime": "2024-01-19 01:57:18", "elapsed": 6345.95502, "delta": 0.006469}}
{"target": -14.679226270716876, "params": {"gamma": 718.0219185617464, "log10_alpha": -2.8427723694938813, "log10_colsample_bytree": -0.5030966792848375, "log10_eta": -0.2997461356705098, "log10_lambda": -4.17632322555167, "log10_min_child_weight": 2.6551846332723343, "log10_subsample": -0.8970134894723927, "max_depth": 8.0, "num_boost_round": 62.0}, "datetime": {"datetime": "2024-01-19 01:57:18", "elapsed": 6345.961159, "delta": 0.006139}}
{"target": -14.679356847901367, "params": {"gamma": 718.0219185617464, "log10_alpha": -2.8427723694938813, "log10_colsample_bytree": -0.5030966792848375, "log10_eta": -0.2997461356705098, "log10_lambda": -4.17632322555167, "log10_min_child_weight": 2.6551846332723343, "log10_subsample": -0.8970134894723927, "max_depth": 8.0, "num_boost_round": 63.0}, "datetime": {"datetime": "2024-01-19 01:57:18", "elapsed": 6345.967307, "delta": 0.006148}}
{"target": -14.688977276723554, "params": {"gamma": 718.0219185617464, "log10_alpha": -2.8427723694938813, "log10_colsample_bytree": -0.5030966792848375, "log10_eta": -0.2997461356705098, "log10_lambda": -4.17632322555167, "log10_min_child_weight": 2.6551846332723343, "log10_subsample": -0.8970134894723927, "max_depth": 8.0, "num_boost_round": 64.0}, "datetime": {"datetime": "2024-01-19 01:57:18", "elapsed": 6345.973298, "delta": 0.005991}}
{"target": -14.69866539087655, "params": {"gamma": 718.0219185617464, "log10_alpha": -2.8427723694938813, "log10_colsample_bytree": -0.5030966792848375, "log10_eta": -0.2997461356705098, "log10_lambda": -4.17632322555167, "log10_min_child_weight": 2.6551846332723343, "log10_subsample": -0.8970134894723927, "max_depth": 8.0, "num_boost_round": 65.0}, "datetime": {"datetime": "2024-01-19 01:57:18", "elapsed": 6345.979382, "delta": 0.006084}}
{"target": -14.697163446417951, "params": {"gamma": 718.0219185617464, "log10_alpha": -2.8427723694938813, "log10_colsample_bytree": -0.5030966792848375, "log10_eta": -0.2997461356705098, "log10_lambda": -4.17632322555167, "log10_min_child_weight": 2.6551846332723343, "log10_subsample": -0.8970134894723927, "max_depth": 8.0, "num_boost_round": 66.0}, "datetime": {"datetime": "2024-01-19 01:57:18", "elapsed": 6345.985378, "delta": 0.005996}}
{"target": -13.758536766240779, "params": {"gamma": 725.5667604924379, "log10_alpha": 0.7284394754102568, "log10_colsample_bytree": -0.938202777687389, "log10_eta": -3.967046426639421, "log10_lambda": -0.7124152923546374, "log10_min_child_weight": 1.4017244447030826, "log10_subsample": -0.4877846943486692, "max_depth": 3.0, "num_boost_round": 0.0}, "datetime": {"datetime": "2024-01-19 01:59:07", "elapsed": 6455.423225, "delta": 109.437847}}
{"target": -13.758537085632213, "params": {"gamma": 725.5667604924379, "log10_alpha": 0.7284394754102568, "log10_colsample_bytree": -0.938202777687389, "log10_eta": -3.967046426639421, "log10_lambda": -0.7124152923546374, "log10_min_child_weight": 1.4017244447030826, "log10_subsample": -0.4877846943486692, "max_depth": 3.0, "num_boost_round": 1.0}, "datetime": {"datetime": "2024-01-19 01:59:07", "elapsed": 6455.430294, "delta": 0.007069}}
{"target": -13.758536373239076, "params": {"gamma": 725.5667604924379, "log10_alpha": 0.7284394754102568, "log10_colsample_bytree": -0.938202777687389, "log10_eta": -3.967046426639421, "log10_lambda": -0.7124152923546374, "log10_min_child_weight": 1.4017244447030826, "log10_subsample": -0.4877846943486692, "max_depth": 3.0, "num_boost_round": 2.0}, "datetime": {"datetime": "2024-01-19 01:59:07", "elapsed": 6455.436841, "delta": 0.006547}}
{"target": -13.758535280067747, "params": {"gamma": 725.5667604924379, "log10_alpha": 0.7284394754102568, "log10_colsample_bytree": -0.938202777687389, "log10_eta": -3.967046426639421, "log10_lambda": -0.7124152923546374, "log10_min_child_weight": 1.4017244447030826, "log10_subsample": -0.4877846943486692, "max_depth": 3.0, "num_boost_round": 3.0}, "datetime": {"datetime": "2024-01-19 01:59:07", "elapsed": 6455.443483, "delta": 0.006642}}
{"target": -13.758534988266629, "params": {"gamma": 725.5667604924379, "log10_alpha": 0.7284394754102568, "log10_colsample_bytree": -0.938202777687389, "log10_eta": -3.967046426639421, "log10_lambda": -0.7124152923546374, "log10_min_child_weight": 1.4017244447030826, "log10_subsample": -0.4877846943486692, "max_depth": 3.0, "num_boost_round": 4.0}, "datetime": {"datetime": "2024-01-19 01:59:07", "elapsed": 6455.449807, "delta": 0.006324}}
{"target": -13.758534724412037, "params": {"gamma": 725.5667604924379, "log10_alpha": 0.7284394754102568, "log10_colsample_bytree": -0.938202777687389, "log10_eta": -3.967046426639421, "log10_lambda": -0.7124152923546374, "log10_min_child_weight": 1.4017244447030826, "log10_subsample": -0.4877846943486692, "max_depth": 3.0, "num_boost_round": 5.0}, "datetime": {"datetime": "2024-01-19 01:59:07", "elapsed": 6455.45613, "delta": 0.006323}}
{"target": -13.758534173121673, "params": {"gamma": 725.5667604924379, "log10_alpha": 0.7284394754102568, "log10_colsample_bytree": -0.938202777687389, "log10_eta": -3.967046426639421, "log10_lambda": -0.7124152923546374, "log10_min_child_weight": 1.4017244447030826, "log10_subsample": -0.4877846943486692, "max_depth": 3.0, "num_boost_round": 6.0}, "datetime": {"datetime": "2024-01-19 01:59:07", "elapsed": 6455.462181, "delta": 0.006051}}
{"target": -13.75853205179186, "params": {"gamma": 725.5667604924379, "log10_alpha": 0.7284394754102568, "log10_colsample_bytree": -0.938202777687389, "log10_eta": -3.967046426639421, "log10_lambda": -0.7124152923546374, "log10_min_child_weight": 1.4017244447030826, "log10_subsample": -0.4877846943486692, "max_depth": 3.0, "num_boost_round": 7.0}, "datetime": {"datetime": "2024-01-19 01:59:07", "elapsed": 6455.468036, "delta": 0.005855}}
{"target": -13.758532513562871, "params": {"gamma": 725.5667604924379, "log10_alpha": 0.7284394754102568, "log10_colsample_bytree": -0.938202777687389, "log10_eta": -3.967046426639421, "log10_lambda": -0.7124152923546374, "log10_min_child_weight": 1.4017244447030826, "log10_subsample": -0.4877846943486692, "max_depth": 3.0, "num_boost_round": 8.0}, "datetime": {"datetime": "2024-01-19 01:59:07", "elapsed": 6455.47388, "delta": 0.005844}}
{"target": -13.758532681898949, "params": {"gamma": 725.5667604924379, "log10_alpha": 0.7284394754102568, "log10_colsample_bytree": -0.938202777687389, "log10_eta": -3.967046426639421, "log10_lambda": -0.7124152923546374, "log10_min_child_weight": 1.4017244447030826, "log10_subsample": -0.4877846943486692, "max_depth": 3.0, "num_boost_round": 9.0}, "datetime": {"datetime": "2024-01-19 01:59:07", "elapsed": 6455.481111, "delta": 0.007231}}
{"target": -13.758531307729353, "params": {"gamma": 725.5667604924379, "log10_alpha": 0.7284394754102568, "log10_colsample_bytree": -0.938202777687389, "log10_eta": -3.967046426639421, "log10_lambda": -0.7124152923546374, "log10_min_child_weight": 1.4017244447030826, "log10_subsample": -0.4877846943486692, "max_depth": 3.0, "num_boost_round": 10.0}, "datetime": {"datetime": "2024-01-19 01:59:07", "elapsed": 6455.487887, "delta": 0.006776}}
{"target": -13.758529334460894, "params": {"gamma": 725.5667604924379, "log10_alpha": 0.7284394754102568, "log10_colsample_bytree": -0.938202777687389, "log10_eta": -3.967046426639421, "log10_lambda": -0.7124152923546374, "log10_min_child_weight": 1.4017244447030826, "log10_subsample": -0.4877846943486692, "max_depth": 3.0, "num_boost_round": 11.0}, "datetime": {"datetime": "2024-01-19 01:59:07", "elapsed": 6455.494162, "delta": 0.006275}}
{"target": -13.758528264636364, "params": {"gamma": 725.5667604924379, "log10_alpha": 0.7284394754102568, "log10_colsample_bytree": -0.938202777687389, "log10_eta": -3.967046426639421, "log10_lambda": -0.7124152923546374, "log10_min_child_weight": 1.4017244447030826, "log10_subsample": -0.4877846943486692, "max_depth": 3.0, "num_boost_round": 12.0}, "datetime": {"datetime": "2024-01-19 01:59:07", "elapsed": 6455.500457, "delta": 0.006295}}
{"target": -13.758524156601844, "params": {"gamma": 725.5667604924379, "log10_alpha": 0.7284394754102568, "log10_colsample_bytree": -0.938202777687389, "log10_eta": -3.967046426639421, "log10_lambda": -0.7124152923546374, "log10_min_child_weight": 1.4017244447030826, "log10_subsample": -0.4877846943486692, "max_depth": 3.0, "num_boost_round": 13.0}, "datetime": {"datetime": "2024-01-19 01:59:07", "elapsed": 6455.506692, "delta": 0.006235}}
{"target": -13.75852335906767, "params": {"gamma": 725.5667604924379, "log10_alpha": 0.7284394754102568, "log10_colsample_bytree": -0.938202777687389, "log10_eta": -3.967046426639421, "log10_lambda": -0.7124152923546374, "log10_min_child_weight": 1.4017244447030826, "log10_subsample": -0.4877846943486692, "max_depth": 3.0, "num_boost_round": 14.0}, "datetime": {"datetime": "2024-01-19 01:59:07", "elapsed": 6455.51301, "delta": 0.006318}}
{"target": -13.758521510214594, "params": {"gamma": 725.5667604924379, "log10_alpha": 0.7284394754102568, "log10_colsample_bytree": -0.938202777687389, "log10_eta": -3.967046426639421, "log10_lambda": -0.7124152923546374, "log10_min_child_weight": 1.4017244447030826, "log10_subsample": -0.4877846943486692, "max_depth": 3.0, "num_boost_round": 15.0}, "datetime": {"datetime": "2024-01-19 01:59:07", "elapsed": 6455.519435, "delta": 0.006425}}
{"target": -13.758521042801416, "params": {"gamma": 725.5667604924379, "log10_alpha": 0.7284394754102568, "log10_colsample_bytree": -0.938202777687389, "log10_eta": -3.967046426639421, "log10_lambda": -0.7124152923546374, "log10_min_child_weight": 1.4017244447030826, "log10_subsample": -0.4877846943486692, "max_depth": 3.0, "num_boost_round": 16.0}, "datetime": {"datetime": "2024-01-19 01:59:07", "elapsed": 6455.525898, "delta": 0.006463}}
{"target": -13.75851935864995, "params": {"gamma": 725.5667604924379, "log10_alpha": 0.7284394754102568, "log10_colsample_bytree": -0.938202777687389, "log10_eta": -3.967046426639421, "log10_lambda": -0.7124152923546374, "log10_min_child_weight": 1.4017244447030826, "log10_subsample": -0.4877846943486692, "max_depth": 3.0, "num_boost_round": 17.0}, "datetime": {"datetime": "2024-01-19 01:59:07", "elapsed": 6455.532285, "delta": 0.006387}}
{"target": -13.758518314219788, "params": {"gamma": 725.5667604924379, "log10_alpha": 0.7284394754102568, "log10_colsample_bytree": -0.938202777687389, "log10_eta": -3.967046426639421, "log10_lambda": -0.7124152923546374, "log10_min_child_weight": 1.4017244447030826, "log10_subsample": -0.4877846943486692, "max_depth": 3.0, "num_boost_round": 18.0}, "datetime": {"datetime": "2024-01-19 01:59:07", "elapsed": 6455.538863, "delta": 0.006578}}
{"target": -13.758517010544942, "params": {"gamma": 725.5667604924379, "log10_alpha": 0.7284394754102568, "log10_colsample_bytree": -0.938202777687389, "log10_eta": -3.967046426639421, "log10_lambda": -0.7124152923546374, "log10_min_child_weight": 1.4017244447030826, "log10_subsample": -0.4877846943486692, "max_depth": 3.0, "num_boost_round": 19.0}, "datetime": {"datetime": "2024-01-19 01:59:07", "elapsed": 6455.545198, "delta": 0.006335}}
{"target": -13.758516051327199, "params": {"gamma": 725.5667604924379, "log10_alpha": 0.7284394754102568, "log10_colsample_bytree": -0.938202777687389, "log10_eta": -3.967046426639421, "log10_lambda": -0.7124152923546374, "log10_min_child_weight": 1.4017244447030826, "log10_subsample": -0.4877846943486692, "max_depth": 3.0, "num_boost_round": 20.0}, "datetime": {"datetime": "2024-01-19 01:59:07", "elapsed": 6455.55141, "delta": 0.006212}}
{"target": -13.758512604633571, "params": {"gamma": 725.5667604924379, "log10_alpha": 0.7284394754102568, "log10_colsample_bytree": -0.938202777687389, "log10_eta": -3.967046426639421, "log10_lambda": -0.7124152923546374, "log10_min_child_weight": 1.4017244447030826, "log10_subsample": -0.4877846943486692, "max_depth": 3.0, "num_boost_round": 21.0}, "datetime": {"datetime": "2024-01-19 01:59:07", "elapsed": 6455.557737, "delta": 0.006327}}
{"target": -13.75851133624012, "params": {"gamma": 725.5667604924379, "log10_alpha": 0.7284394754102568, "log10_colsample_bytree": -0.938202777687389, "log10_eta": -3.967046426639421, "log10_lambda": -0.7124152923546374, "log10_min_child_weight": 1.4017244447030826, "log10_subsample": -0.4877846943486692, "max_depth": 3.0, "num_boost_round": 22.0}, "datetime": {"datetime": "2024-01-19 01:59:07", "elapsed": 6455.564022, "delta": 0.006285}}
