{"target": -13.758269209607509, "params": {"gamma": 555.0471278307881, "log10_alpha": 0.974650323108257, "log10_colsample_bytree": -0.0645722154011018, "log10_eta": -2.57648790622004, "log10_lambda": -0.21039315412179338, "log10_min_child_weight": 4.25166209633542, "log10_subsample": -0.0755191615591776, "max_depth": 9.0, "num_boost_round": 15.0}, "datetime": {"datetime": "2024-01-19 01:38:05", "elapsed": 5137.650193, "delta": 0.124231}}
{"target": -13.758254838003838, "params": {"gamma": 555.0471278307881, "log10_alpha": 0.974650323108257, "log10_colsample_bytree": -0.0645722154011018, "log10_eta": -2.57648790622004, "log10_lambda": -0.21039315412179338, "log10_min_child_weight": 4.25166209633542, "log10_subsample": -0.0755191615591776, "max_depth": 9.0, "num_boost_round": 16.0}, "datetime": {"datetime": "2024-01-19 01:38:05", "elapsed": 5137.655563, "delta": 0.00537}}
{"target": -13.758259593730479, "params": {"gamma": 555.0471278307881, "log10_alpha": 0.974650323108257, "log10_colsample_bytree": -0.0645722154011018, "log10_eta": -2.57648790622004, "log10_lambda": -0.21039315412179338, "log10_min_child_weight": 4.25166209633542, "log10_subsample": -0.0755191615591776, "max_depth": 9.0, "num_boost_round": 17.0}, "datetime": {"datetime": "2024-01-19 01:38:05", "elapsed": 5137.660582, "delta": 0.005019}}
{"target": -13.758286790274486, "params": {"gamma": 555.0471278307881, "log10_alpha": 0.974650323108257, "log10_colsample_bytree": -0.0645722154011018, "log10_eta": -2.57648790622004, "log10_lambda": -0.21039315412179338, "log10_min_child_weight": 4.25166209633542, "log10_subsample": -0.0755191615591776, "max_depth": 9.0, "num_boost_round": 18.0}, "datetime": {"datetime": "2024-01-19 01:38:05", "elapsed": 5137.665381, "delta": 0.004799}}
{"target": -13.758286155399537, "params": {"gamma": 555.0471278307881, "log10_alpha": 0.974650323108257, "log10_colsample_bytree": -0.0645722154011018, "log10_eta": -2.57648790622004, "log10_lambda": -0.21039315412179338, "log10_min_child_weight": 4.25166209633542, "log10_subsample": -0.0755191615591776, "max_depth": 9.0, "num_boost_round": 19.0}, "datetime": {"datetime": "2024-01-19 01:38:05", "elapsed": 5137.670228, "delta": 0.004847}}
{"target": -13.75853690021107, "params": {"gamma": 644.4937491332144, "log10_alpha": 0.24674974477506773, "log10_colsample_bytree": -0.06439220997465611, "log10_eta": -3.6395105971170807, "log10_lambda": -4.0628828636632965, "log10_min_child_weight": 4.1563907550371395, "log10_subsample": -0.6463075960456389, "max_depth": 9.0, "num_boost_round": 0.0}, "datetime": {"datetime": "2024-01-19 01:40:02", "elapsed": 5254.839672, "delta": 117.169444}}
{"target": -13.758536331172298, "params": {"gamma": 644.4937491332144, "log10_alpha": 0.24674974477506773, "log10_colsample_bytree": -0.06439220997465611, "log10_eta": -3.6395105971170807, "log10_lambda": -4.0628828636632965, "log10_min_child_weight": 4.1563907550371395, "log10_subsample": -0.6463075960456389, "max_depth": 9.0, "num_boost_round": 1.0}, "datetime": {"datetime": "2024-01-19 01:40:02", "elapsed": 5254.845078, "delta": 0.005406}}
{"target": -13.758534597922127, "params": {"gamma": 644.4937491332144, "log10_alpha": 0.24674974477506773, "log10_colsample_bytree": -0.06439220997465611, "log10_eta": -3.6395105971170807, "log10_lambda": -4.0628828636632965, "log10_min_child_weight": 4.1563907550371395, "log10_subsample": -0.6463075960456389, "max_depth": 9.0, "num_boost_round": 2.0}, "datetime": {"datetime": "2024-01-19 01:40:02", "elapsed": 5254.849839, "delta": 0.004761}}
{"target": -13.758535482474505, "params": {"gamma": 644.4937491332144, "log10_alpha": 0.24674974477506773, "log10_colsample_bytree": -0.06439220997465611, "log10_eta": -3.6395105971170807, "log10_lambda": -4.0628828636632965, "log10_min_child_weight": 4.1563907550371395, "log10_subsample": -0.6463075960456389, "max_depth": 9.0, "num_boost_round": 3.0}, "datetime": {"datetime": "2024-01-19 01:40:02", "elapsed": 5254.854761, "delta": 0.004922}}
{"target": -13.758536900882284, "params": {"gamma": 644.4937491332144, "log10_alpha": 0.24674974477506773, "log10_colsample_bytree": -0.06439220997465611, "log10_eta": -3.6395105971170807, "log10_lambda": -4.0628828636632965, "log10_min_child_weight": 4.1563907550371395, "log10_subsample": -0.6463075960456389, "max_depth": 9.0, "num_boost_round": 4.0}, "datetime": {"datetime": "2024-01-19 01:40:02", "elapsed": 5254.859413, "delta": 0.004652}}
{"target": -13.758537939599725, "params": {"gamma": 644.4937491332144, "log10_alpha": 0.24674974477506773, "log10_colsample_bytree": -0.06439220997465611, "log10_eta": -3.6395105971170807, "log10_lambda": -4.0628828636632965, "log10_min_child_weight": 4.1563907550371395, "log10_subsample": -0.6463075960456389, "max_depth": 9.0, "num_boost_round": 5.0}, "datetime": {"datetime": "2024-01-19 01:40:02", "elapsed": 5254.864028, "delta": 0.004615}}
{"target": -13.75853964557533, "params": {"gamma": 644.4937491332144, "log10_alpha": 0.24674974477506773, "log10_colsample_bytree": -0.06439220997465611, "log10_eta": -3.6395105971170807, "log10_lambda": -4.0628828636632965, "log10_min_child_weight": 4.1563907550371395, "log10_subsample": -0.6463075960456389, "max_depth": 9.0, "num_boost_round": 6.0}, "datetime": {"datetime": "2024-01-19 01:40:02", "elapsed": 5254.868676, "delta": 0.004648}}
{"target": -13.758540595406865, "params": {"gamma": 644.4937491332144, "log10_alpha": 0.24674974477506773, "log10_colsample_bytree": -0.06439220997465611, "log10_eta": -3.6395105971170807, "log10_lambda": -4.0628828636632965, "log10_min_child_weight": 4.1563907550371395, "log10_subsample": -0.6463075960456389, "max_depth": 9.0, "num_boost_round": 7.0}, "datetime": {"datetime": "2024-01-19 01:40:02", "elapsed": 5254.873578, "delta": 0.004902}}
{"target": -13.75854020487308, "params": {"gamma": 644.4937491332144, "log10_alpha": 0.24674974477506773, "log10_colsample_bytree": -0.06439220997465611, "log10_eta": -3.6395105971170807, "log10_lambda": -4.0628828636632965, "log10_min_child_weight": 4.1563907550371395, "log10_subsample": -0.6463075960456389, "max_depth": 9.0, "num_boost_round": 8.0}, "datetime": {"datetime": "2024-01-19 01:40:02", "elapsed": 5254.878216, "delta": 0.004638}}
{"target": -13.758536943015727, "params": {"gamma": 644.4937491332144, "log10_alpha": 0.24674974477506773, "log10_colsample_bytree": -0.06439220997465611, "log10_eta": -3.6395105971170807, "log10_lambda": -4.0628828636632965, "log10_min_child_weight": 4.1563907550371395, "log10_subsample": -0.6463075960456389, "max_depth": 9.0, "num_boost_round": 9.0}, "datetime": {"datetime": "2024-01-19 01:40:02", "elapsed": 5254.882893, "delta": 0.004677}}
{"target": -13.758537152399558, "params": {"gamma": 644.4937491332144, "log10_alpha": 0.24674974477506773, "log10_colsample_bytree": -0.06439220997465611, "log10_eta": -3.6395105971170807, "log10_lambda": -4.0628828636632965, "log10_min_child_weight": 4.1563907550371395, "log10_subsample": -0.6463075960456389, "max_depth": 9.0, "num_boost_round": 10.0}, "datetime": {"datetime": "2024-01-19 01:40:02", "elapsed": 5254.887554, "delta": 0.004661}}
{"target": -13.758537626986278, "params": {"gamma": 644.4937491332144, "log10_alpha": 0.24674974477506773, "log10_colsample_bytree": -0.06439220997465611, "log10_eta": -3.6395105971170807, "log10_lambda": -4.0628828636632965, "log10_min_child_weight": 4.1563907550371395, "log10_subsample": -0.6463075960456389, "max_depth": 9.0, "num_boost_round": 11.0}, "datetime": {"datetime": "2024-01-19 01:40:02", "elapsed": 5254.892228, "delta": 0.004674}}
{"target": -13.758536024848608, "params": {"gamma": 644.4937491332144, "log10_alpha": 0.24674974477506773, "log10_colsample_bytree": -0.06439220997465611, "log10_eta": -3.6395105971170807, "log10_lambda": -4.0628828636632965, "log10_min_child_weight": 4.1563907550371395, "log10_subsample": -0.6463075960456389, "max_depth": 9.0, "num_boost_round": 12.0}, "datetime": {"datetime": "2024-01-19 01:40:02", "elapsed": 5254.897025, "delta": 0.004797}}
{"target": -13.758534787294229, "params": {"gamma": 644.4937491332144, "log10_alpha": 0.24674974477506773, "log10_colsample_bytree": -0.06439220997465611, "log10_eta": -3.6395105971170807, "log10_lambda": -4.0628828636632965, "log10_min_child_weight": 4.1563907550371395, "log10_subsample": -0.6463075960456389, "max_depth": 9.0, "num_boost_round": 13.0}, "datetime": {"datetime": "2024-01-19 01:40:02", "elapsed": 5254.901904, "delta": 0.004879}}
{"target": -13.758536012195869, "params": {"gamma": 644.4937491332144, "log10_alpha": 0.24674974477506773, "log10_colsample_bytree": -0.06439220997465611, "log10_eta": -3.6395105971170807, "log10_lambda": -4.0628828636632965, "log10_min_child_weight": 4.1563907550371395, "log10_subsample": -0.6463075960456389, "max_depth": 9.0, "num_boost_round": 14.0}, "datetime": {"datetime": "2024-01-19 01:40:02", "elapsed": 5254.906727, "delta": 0.004823}}
{"target": -13.758536195916603, "params": {"gamma": 644.4937491332144, "log10_alpha": 0.24674974477506773, "log10_colsample_bytree": -0.06439220997465611, "log10_eta": -3.6395105971170807, "log10_lambda": -4.0628828636632965, "log10_min_child_weight": 4.1563907550371395, "log10_subsample": -0.6463075960456389, "max_depth": 9.0, "num_boost_round": 15.0}, "datetime": {"datetime": "2024-01-19 01:40:02", "elapsed": 5254.911453, "delta": 0.004726}}
{"target": -13.758534913555149, "params": {"gamma": 644.4937491332144, "log10_alpha": 0.24674974477506773, "log10_colsample_bytree": -0.06439220997465611, "log10_eta": -3.6395105971170807, "log10_lambda": -4.0628828636632965, "log10_min_child_weight": 4.1563907550371395, "log10_subsample": -0.6463075960456389, "max_depth": 9.0, "num_boost_round": 16.0}, "datetime": {"datetime": "2024-01-19 01:40:02", "elapsed": 5254.916184, "delta": 0.004731}}
{"target": -13.7585336745866, "params": {"gamma": 644.4937491332144, "log10_alpha": 0.24674974477506773, "log10_colsample_bytree": -0.06439220997465611, "log10_eta": -3.6395105971170807, "log10_lambda": -4.0628828636632965, "log10_min_child_weight": 4.1563907550371395, "log10_subsample": -0.6463075960456389, "max_depth": 9.0, "num_boost_round": 17.0}, "datetime": {"datetime": "2024-01-19 01:40:02", "elapsed": 5254.920806, "delta": 0.004622}}
{"target": -13.758535760292691, "params": {"gamma": 644.4937491332144, "log10_alpha": 0.24674974477506773, "log10_colsample_bytree": -0.06439220997465611, "log10_eta": -3.6395105971170807, "log10_lambda": -4.0628828636632965, "log10_min_child_weight": 4.1563907550371395, "log10_subsample": -0.6463075960456389, "max_depth": 9.0, "num_boost_round": 18.0}, "datetime": {"datetime": "2024-01-19 01:40:02", "elapsed": 5254.925434, "delta": 0.004628}}
{"target": -13.758536005371116, "params": {"gamma": 644.4937491332144, "log10_alpha": 0.24674974477506773, "log10_colsample_bytree": -0.06439220997465611, "log10_eta": -3.6395105971170807, "log10_lambda": -4.0628828636632965, "log10_min_child_weight": 4.1563907550371395, "log10_subsample": -0.6463075960456389, "max_depth": 9.0, "num_boost_round": 19.0}, "datetime": {"datetime": "2024-01-19 01:40:02", "elapsed": 5254.930327, "delta": 0.004893}}
{"target": -13.758534681549957, "params": {"gamma": 644.4937491332144, "log10_alpha": 0.24674974477506773, "log10_colsample_bytree": -0.06439220997465611, "log10_eta": -3.6395105971170807, "log10_lambda": -4.0628828636632965, "log10_min_child_weight": 4.1563907550371395, "log10_subsample": -0.6463075960456389, "max_depth": 9.0, "num_boost_round": 20.0}, "datetime": {"datetime": "2024-01-19 01:40:02", "elapsed": 5254.935096, "delta": 0.004769}}
{"target": -13.758532909847888, "params": {"gamma": 644.4937491332144, "log10_alpha": 0.24674974477506773, "log10_colsample_bytree": -0.06439220997465611, "log10_eta": -3.6395105971170807, "log10_lambda": -4.0628828636632965, "log10_min_child_weight": 4.1563907550371395, "log10_subsample": -0.6463075960456389, "max_depth": 9.0, "num_boost_round": 21.0}, "datetime": {"datetime": "2024-01-19 01:40:02", "elapsed": 5254.939753, "delta": 0.004657}}
{"target": -13.758532100785681, "params": {"gamma": 644.4937491332144, "log10_alpha": 0.24674974477506773, "log10_colsample_bytree": -0.06439220997465611, "log10_eta": -3.6395105971170807, "log10_lambda": -4.0628828636632965, "log10_min_child_weight": 4.1563907550371395, "log10_subsample": -0.6463075960456389, "max_depth": 9.0, "num_boost_round": 22.0}, "datetime": {"datetime": "2024-01-19 01:40:02", "elapsed": 5254.944391, "delta": 0.004638}}
{"target": -13.758533047109127, "params": {"gamma": 644.4937491332144, "log10_alpha": 0.24674974477506773, "log10_colsample_bytree": -0.06439220997465611, "log10_eta": -3.6395105971170807, "log10_lambda": -4.0628828636632965, "log10_min_child_weight": 4.1563907550371395, "log10_subsample": -0.6463075960456389, "max_depth": 9.0, "num_boost_round": 23.0}, "datetime": {"datetime": "2024-01-19 01:40:02", "elapsed": 5254.949067, "delta": 0.004676}}
{"target": -13.758533126860627, "params": {"gamma": 644.4937491332144, "log10_alpha": 0.24674974477506773, "log10_colsample_bytree": -0.06439220997465611, "log10_eta": -3.6395105971170807, "log10_lambda": -4.0628828636632965, "log10_min_child_weight": 4.1563907550371395, "log10_subsample": -0.6463075960456389, "max_depth": 9.0, "num_boost_round": 24.0}, "datetime": {"datetime": "2024-01-19 01:40:02", "elapsed": 5254.953831, "delta": 0.004764}}
{"target": -13.758533070562216, "params": {"gamma": 644.4937491332144, "log10_alpha": 0.24674974477506773, "log10_colsample_bytree": -0.06439220997465611, "log10_eta": -3.6395105971170807, "log10_lambda": -4.0628828636632965, "log10_min_child_weight": 4.1563907550371395, "log10_subsample": -0.6463075960456389, "max_depth": 9.0, "num_boost_round": 25.0}, "datetime": {"datetime": "2024-01-19 01:40:02", "elapsed": 5254.958467, "delta": 0.004636}}
{"target": -13.758532666605602, "params": {"gamma": 644.4937491332144, "log10_alpha": 0.24674974477506773, "log10_colsample_bytree": -0.06439220997465611, "log10_eta": -3.6395105971170807, "log10_lambda": -4.0628828636632965, "log10_min_child_weight": 4.1563907550371395, "log10_subsample": -0.6463075960456389, "max_depth": 9.0, "num_boost_round": 26.0}, "datetime": {"datetime": "2024-01-19 01:40:02", "elapsed": 5254.963079, "delta": 0.004612}}
{"target": -13.758534256172043, "params": {"gamma": 644.4937491332144, "log10_alpha": 0.24674974477506773, "log10_colsample_bytree": -0.06439220997465611, "log10_eta": -3.6395105971170807, "log10_lambda": -4.0628828636632965, "log10_min_child_weight": 4.1563907550371395, "log10_subsample": -0.6463075960456389, "max_depth": 9.0, "num_boost_round": 27.0}, "datetime": {"datetime": "2024-01-19 01:40:02", "elapsed": 5254.967834, "delta": 0.004755}}
{"target": -13.758533354274318, "params": {"gamma": 644.4937491332144, "log10_alpha": 0.24674974477506773, "log10_colsample_bytree": -0.06439220997465611, "log10_eta": -3.6395105971170807, "log10_lambda": -4.0628828636632965, "log10_min_child_weight": 4.1563907550371395, "log10_subsample": -0.6463075960456389, "max_depth": 9.0, "num_boost_round": 28.0}, "datetime": {"datetime": "2024-01-19 01:40:02", "elapsed": 5254.972507, "delta": 0.004673}}
{"target": -13.758532235146022, "params": {"gamma": 644.4937491332144, "log10_alpha": 0.24674974477506773, "log10_colsample_bytree": -0.06439220997465611, "log10_eta": -3.6395105971170807, "log10_lambda": -4.0628828636632965, "log10_min_child_weight": 4.1563907550371395, "log10_subsample": -0.6463075960456389, "max_depth": 9.0, "num_boost_round": 29.0}, "datetime": {"datetime": "2024-01-19 01:40:02", "elapsed": 5254.977524, "delta": 0.005017}}
{"target": -13.75853260869989, "params": {"gamma": 644.4937491332144, "log10_alpha": 0.24674974477506773, "log10_colsample_bytree": -0.06439220997465611, "log10_eta": -3.6395105971170807, "log10_lambda": -4.0628828636632965, "log10_min_child_weight": 4.1563907550371395, "log10_subsample": -0.6463075960456389, "max_depth": 9.0, "num_boost_round": 30.0}, "datetime": {"datetime": "2024-01-19 01:40:02", "elapsed": 5254.982295, "delta": 0.004771}}
{"target": -13.758532419143437, "params": {"gamma": 644.4937491332144, "log10_alpha": 0.24674974477506773, "log10_colsample_bytree": -0.06439220997465611, "log10_eta": -3.6395105971170807, "log10_lambda": -4.0628828636632965, "log10_min_child_weight": 4.1563907550371395, "log10_subsample": -0.6463075960456389, "max_depth": 9.0, "num_boost_round": 31.0}, "datetime": {"datetime": "2024-01-19 01:40:02", "elapsed": 5254.987473, "delta": 0.005178}}
{"target": -13.758531496617186, "params": {"gamma": 644.4937491332144, "log10_alpha": 0.24674974477506773, "log10_colsample_bytree": -0.06439220997465611, "log10_eta": -3.6395105971170807, "log10_lambda": -4.0628828636632965, "log10_min_child_weight": 4.1563907550371395, "log10_subsample": -0.6463075960456389, "max_depth": 9.0, "num_boost_round": 32.0}, "datetime": {"datetime": "2024-01-19 01:40:02", "elapsed": 5254.993064, "delta": 0.005591}}
{"target": -13.758532776849812, "params": {"gamma": 644.4937491332144, "log10_alpha": 0.24674974477506773, "log10_colsample_bytree": -0.06439220997465611, "log10_eta": -3.6395105971170807, "log10_lambda": -4.0628828636632965, "log10_min_child_weight": 4.1563907550371395, "log10_subsample": -0.6463075960456389, "max_depth": 9.0, "num_boost_round": 33.0}, "datetime": {"datetime": "2024-01-19 01:40:02", "elapsed": 5254.998099, "delta": 0.005035}}
{"target": -13.758533008612492, "params": {"gamma": 644.4937491332144, "log10_alpha": 0.24674974477506773, "log10_colsample_bytree": -0.06439220997465611, "log10_eta": -3.6395105971170807, "log10_lambda": -4.0628828636632965, "log10_min_child_weight": 4.1563907550371395, "log10_subsample": -0.6463075960456389, "max_depth": 9.0, "num_boost_round": 34.0}, "datetime": {"datetime": "2024-01-19 01:40:02", "elapsed": 5255.002941, "delta": 0.004842}}
{"target": -13.75853261092904, "params": {"gamma": 644.4937491332144, "log10_alpha": 0.24674974477506773, "log10_colsample_bytree": -0.06439220997465611, "log10_eta": -3.6395105971170807, "log10_lambda": -4.0628828636632965, "log10_min_child_weight": 4.1563907550371395, "log10_subsample": -0.6463075960456389, "max_depth": 9.0, "num_boost_round": 35.0}, "datetime": {"datetime": "2024-01-19 01:40:02", "elapsed": 5255.007906, "delta": 0.004965}}
{"target": -13.758532543908824, "params": {"gamma": 644.4937491332144, "log10_alpha": 0.24674974477506773, "log10_colsample_bytree": -0.06439220997465611, "log10_eta": -3.6395105971170807, "log10_lambda": -4.0628828636632965, "log10_min_child_weight": 4.1563907550371395, "log10_subsample": -0.6463075960456389, "max_depth": 9.0, "num_boost_round": 36.0}, "datetime": {"datetime": "2024-01-19 01:40:02", "elapsed": 5255.012714, "delta": 0.004808}}
{"target": -13.758533321444027, "params": {"gamma": 644.4937491332144, "log10_alpha": 0.24674974477506773, "log10_colsample_bytree": -0.06439220997465611, "log10_eta": -3.6395105971170807, "log10_lambda": -4.0628828636632965, "log10_min_child_weight": 4.1563907550371395, "log10_subsample": -0.6463075960456389, "max_depth": 9.0, "num_boost_round": 37.0}, "datetime": {"datetime": "2024-01-19 01:40:02", "elapsed": 5255.017323, "delta": 0.004609}}
{"target": -13.758532038229177, "params": {"gamma": 644.4937491332144, "log10_alpha": 0.24674974477506773, "log10_colsample_bytree": -0.06439220997465611, "log10_eta": -3.6395105971170807, "log10_lambda": -4.0628828636632965, "log10_min_child_weight": 4.1563907550371395, "log10_subsample": -0.6463075960456389, "max_depth": 9.0, "num_boost_round": 38.0}, "datetime": {"datetime": "2024-01-19 01:40:02", "elapsed": 5255.021946, "delta": 0.004623}}
{"target": -13.758532265232269, "params": {"gamma": 644.4937491332144, "log10_alpha": 0.24674974477506773, "log10_colsample_bytree": -0.06439220997465611, "log10_eta": -3.6395105971170807, "log10_lambda": -4.0628828636632965, "log10_min_child_weight": 4.1563907550371395, "log10_subsample": -0.6463075960456389, "max_depth": 9.0, "num_boost_round": 39.0}, "datetime": {"datetime": "2024-01-19 01:40:02", "elapsed": 5255.026618, "delta": 0.004672}}
{"target": -13.758537188668129, "params": {"gamma": 540.6622009188967, "log10_alpha": -3.6012603344638094, "log10_colsample_bytree": -0.11898191034212102, "log10_eta": -3.648867377757493, "log10_lambda": 0.9800021655848834, "log10_min_child_weight": 4.6839442175877934, "log10_subsample": -0.543708958803009, "max_depth": 8.0, "num_boost_round": 0.0}, "datetime": {"datetime": "2024-01-19 01:40:52", "elapsed": 5305.040159, "delta": 50.013541}}
{"target": -13.758537442477563, "params": {"gamma": 540.6622009188967, "log10_alpha": -3.6012603344638094, "log10_colsample_bytree": -0.11898191034212102, "log10_eta": -3.648867377757493, "log10_lambda": 0.9800021655848834, "log10_min_child_weight": 4.6839442175877934, "log10_subsample": -0.543708958803009, "max_depth": 8.0, "num_boost_round": 1.0}, "datetime": {"datetime": "2024-01-19 01:40:52", "elapsed": 5305.046016, "delta": 0.005857}}
{"target": -13.75853753559425, "params": {"gamma": 540.6622009188967, "log10_alpha": -3.6012603344638094, "log10_colsample_bytree": -0.11898191034212102, "log10_eta": -3.648867377757493, "log10_lambda": 0.9800021655848834, "log10_min_child_weight": 4.6839442175877934, "log10_subsample": -0.543708958803009, "max_depth": 8.0, "num_boost_round": 2.0}, "datetime": {"datetime": "2024-01-19 01:40:52", "elapsed": 5305.05082, "delta": 0.004804}}
{"target": -13.758536721086779, "params": {"gamma": 540.6622009188967, "log10_alpha": -3.6012603344638094, "log10_colsample_bytree": -0.11898191034212102, "log10_eta": -3.648867377757493, "log10_lambda": 0.9800021655848834, "log10_min_child_weight": 4.6839442175877934, "log10_subsample": -0.543708958803009, "max_depth": 8.0, "num_boost_round": 3.0}, "datetime": {"datetime": "2024-01-19 01:40:52", "elapsed": 5305.055773, "delta": 0.004953}}
