{"target": -13.758538324242688, "params": {"gamma": 731.9319441462079, "log10_alpha": -2.7811842553344195, "log10_colsample_bytree": 0.0, "log10_eta": -4.0, "log10_lambda": -0.33158134656805943, "log10_min_child_weight": 5.0, "log10_subsample": -1.0, "max_depth": 2.0, "num_boost_round": 17.0}, "datetime": {"datetime": "2024-01-19 02:30:01", "elapsed": 8309.204091, "delta": 0.008045}}
{"target": -13.758538342945306, "params": {"gamma": 731.9319441462079, "log10_alpha": -2.7811842553344195, "log10_colsample_bytree": 0.0, "log10_eta": -4.0, "log10_lambda": -0.33158134656805943, "log10_min_child_weight": 5.0, "log10_subsample": -1.0, "max_depth": 2.0, "num_boost_round": 18.0}, "datetime": {"datetime": "2024-01-19 02:30:01", "elapsed": 8309.211915, "delta": 0.007824}}
{"target": -13.758538352934998, "params": {"gamma": 731.9319441462079, "log10_alpha": -2.7811842553344195, "log10_colsample_bytree": 0.0, "log10_eta": -4.0, "log10_lambda": -0.33158134656805943, "log10_min_child_weight": 5.0, "log10_subsample": -1.0, "max_depth": 2.0, "num_boost_round": 19.0}, "datetime": {"datetime": "2024-01-19 02:30:01", "elapsed": 8309.219938, "delta": 0.008023}}
{"target": -13.758534852493202, "params": {"gamma": 711.9210446999987, "log10_alpha": -3.930019746873056, "log10_colsample_bytree": -0.4001831516296622, "log10_eta": -3.827107678410819, "log10_lambda": -3.1668873926774967, "log10_min_child_weight": 1.237471759370325, "log10_subsample": -0.8042102422715577, "max_depth": 6.0, "num_boost_round": 0.0}, "datetime": {"datetime": "2024-01-19 02:31:21", "elapsed": 8389.461521, "delta": 80.241583}}
{"target": -13.758531540285153, "params": {"gamma": 711.9210446999987, "log10_alpha": -3.930019746873056, "log10_colsample_bytree": -0.4001831516296622, "log10_eta": -3.827107678410819, "log10_lambda": -3.1668873926774967, "log10_min_child_weight": 1.237471759370325, "log10_subsample": -0.8042102422715577, "max_depth": 6.0, "num_boost_round": 1.0}, "datetime": {"datetime": "2024-01-19 02:31:22", "elapsed": 8389.607073, "delta": 0.145552}}
{"target": -13.758527223011768, "params": {"gamma": 711.9210446999987, "log10_alpha": -3.930019746873056, "log10_colsample_bytree": -0.4001831516296622, "log10_eta": -3.827107678410819, "log10_lambda": -3.1668873926774967, "log10_min_child_weight": 1.237471759370325, "log10_subsample": -0.8042102422715577, "max_depth": 6.0, "num_boost_round": 2.0}, "datetime": {"datetime": "2024-01-19 02:31:22", "elapsed": 8389.616878, "delta": 0.009805}}
{"target": -13.758528849777054, "params": {"gamma": 711.9210446999987, "log10_alpha": -3.930019746873056, "log10_colsample_bytree": -0.4001831516296622, "log10_eta": -3.827107678410819, "log10_lambda": -3.1668873926774967, "log10_min_child_weight": 1.237471759370325, "log10_subsample": -0.8042102422715577, "max_depth": 6.0, "num_boost_round": 3.0}, "datetime": {"datetime": "2024-01-19 02:31:22", "elapsed": 8389.625194, "delta": 0.008316}}
{"target": -13.75852356848848, "params": {"gamma": 711.9210446999987, "log10_alpha": -3.930019746873056, "log10_colsample_bytree": -0.4001831516296622, "log10_eta": -3.827107678410819, "log10_lambda": -3.1668873926774967, "log10_min_child_weight": 1.237471759370325, "log10_subsample": -0.8042102422715577, "max_depth": 6.0, "num_boost_round": 4.0}, "datetime": {"datetime": "2024-01-19 02:31:22", "elapsed": 8389.633364, "delta": 0.00817}}
{"target": -13.758515535167529, "params": {"gamma": 711.9210446999987, "log10_alpha": -3.930019746873056, "log10_colsample_bytree": -0.4001831516296622, "log10_eta": -3.827107678410819, "log10_lambda": -3.1668873926774967, "log10_min_child_weight": 1.237471759370325, "log10_subsample": -0.8042102422715577, "max_depth": 6.0, "num_boost_round": 5.0}, "datetime": {"datetime": "2024-01-19 02:31:22", "elapsed": 8389.641525, "delta": 0.008161}}
{"target": -13.758519002740012, "params": {"gamma": 711.9210446999987, "log10_alpha": -3.930019746873056, "log10_colsample_bytree": -0.4001831516296622, "log10_eta": -3.827107678410819, "log10_lambda": -3.1668873926774967, "log10_min_child_weight": 1.237471759370325, "log10_subsample": -0.8042102422715577, "max_depth": 6.0, "num_boost_round": 6.0}, "datetime": {"datetime": "2024-01-19 02:31:22", "elapsed": 8389.649937, "delta": 0.008412}}
{"target": -13.758515617648882, "params": {"gamma": 711.9210446999987, "log10_alpha": -3.930019746873056, "log10_colsample_bytree": -0.4001831516296622, "log10_eta": -3.827107678410819, "log10_lambda": -3.1668873926774967, "log10_min_child_weight": 1.237471759370325, "log10_subsample": -0.8042102422715577, "max_depth": 6.0, "num_boost_round": 7.0}, "datetime": {"datetime": "2024-01-19 02:31:22", "elapsed": 8389.658166, "delta": 0.008229}}
{"target": -13.75851171730796, "params": {"gamma": 711.9210446999987, "log10_alpha": -3.930019746873056, "log10_colsample_bytree": -0.4001831516296622, "log10_eta": -3.827107678410819, "log10_lambda": -3.1668873926774967, "log10_min_child_weight": 1.237471759370325, "log10_subsample": -0.8042102422715577, "max_depth": 6.0, "num_boost_round": 8.0}, "datetime": {"datetime": "2024-01-19 02:31:22", "elapsed": 8389.666294, "delta": 0.008128}}
{"target": -13.758509652660717, "params": {"gamma": 711.9210446999987, "log10_alpha": -3.930019746873056, "log10_colsample_bytree": -0.4001831516296622, "log10_eta": -3.827107678410819, "log10_lambda": -3.1668873926774967, "log10_min_child_weight": 1.237471759370325, "log10_subsample": -0.8042102422715577, "max_depth": 6.0, "num_boost_round": 9.0}, "datetime": {"datetime": "2024-01-19 02:31:22", "elapsed": 8389.67449, "delta": 0.008196}}
{"target": -13.758503122104132, "params": {"gamma": 711.9210446999987, "log10_alpha": -3.930019746873056, "log10_colsample_bytree": -0.4001831516296622, "log10_eta": -3.827107678410819, "log10_lambda": -3.1668873926774967, "log10_min_child_weight": 1.237471759370325, "log10_subsample": -0.8042102422715577, "max_depth": 6.0, "num_boost_round": 10.0}, "datetime": {"datetime": "2024-01-19 02:31:22", "elapsed": 8389.682624, "delta": 0.008134}}
{"target": -13.758497978762405, "params": {"gamma": 711.9210446999987, "log10_alpha": -3.930019746873056, "log10_colsample_bytree": -0.4001831516296622, "log10_eta": -3.827107678410819, "log10_lambda": -3.1668873926774967, "log10_min_child_weight": 1.237471759370325, "log10_subsample": -0.8042102422715577, "max_depth": 6.0, "num_boost_round": 11.0}, "datetime": {"datetime": "2024-01-19 02:31:22", "elapsed": 8389.690945, "delta": 0.008321}}
{"target": -13.758488823385571, "params": {"gamma": 711.9210446999987, "log10_alpha": -3.930019746873056, "log10_colsample_bytree": -0.4001831516296622, "log10_eta": -3.827107678410819, "log10_lambda": -3.1668873926774967, "log10_min_child_weight": 1.237471759370325, "log10_subsample": -0.8042102422715577, "max_depth": 6.0, "num_boost_round": 12.0}, "datetime": {"datetime": "2024-01-19 02:31:22", "elapsed": 8389.699312, "delta": 0.008367}}
{"target": -13.758484923173114, "params": {"gamma": 711.9210446999987, "log10_alpha": -3.930019746873056, "log10_colsample_bytree": -0.4001831516296622, "log10_eta": -3.827107678410819, "log10_lambda": -3.1668873926774967, "log10_min_child_weight": 1.237471759370325, "log10_subsample": -0.8042102422715577, "max_depth": 6.0, "num_boost_round": 13.0}, "datetime": {"datetime": "2024-01-19 02:31:22", "elapsed": 8389.707626, "delta": 0.008314}}
{"target": -13.758483905960434, "params": {"gamma": 711.9210446999987, "log10_alpha": -3.930019746873056, "log10_colsample_bytree": -0.4001831516296622, "log10_eta": -3.827107678410819, "log10_lambda": -3.1668873926774967, "log10_min_child_weight": 1.237471759370325, "log10_subsample": -0.8042102422715577, "max_depth": 6.0, "num_boost_round": 14.0}, "datetime": {"datetime": "2024-01-19 02:31:22", "elapsed": 8389.715981, "delta": 0.008355}}
{"target": -13.758473541452114, "params": {"gamma": 711.9210446999987, "log10_alpha": -3.930019746873056, "log10_colsample_bytree": -0.4001831516296622, "log10_eta": -3.827107678410819, "log10_lambda": -3.1668873926774967, "log10_min_child_weight": 1.237471759370325, "log10_subsample": -0.8042102422715577, "max_depth": 6.0, "num_boost_round": 15.0}, "datetime": {"datetime": "2024-01-19 02:31:22", "elapsed": 8389.724139, "delta": 0.008158}}
{"target": -13.758469231022065, "params": {"gamma": 711.9210446999987, "log10_alpha": -3.930019746873056, "log10_colsample_bytree": -0.4001831516296622, "log10_eta": -3.827107678410819, "log10_lambda": -3.1668873926774967, "log10_min_child_weight": 1.237471759370325, "log10_subsample": -0.8042102422715577, "max_depth": 6.0, "num_boost_round": 16.0}, "datetime": {"datetime": "2024-01-19 02:31:22", "elapsed": 8389.732584, "delta": 0.008445}}
{"target": -13.758464764447687, "params": {"gamma": 711.9210446999987, "log10_alpha": -3.930019746873056, "log10_colsample_bytree": -0.4001831516296622, "log10_eta": -3.827107678410819, "log10_lambda": -3.1668873926774967, "log10_min_child_weight": 1.237471759370325, "log10_subsample": -0.8042102422715577, "max_depth": 6.0, "num_boost_round": 17.0}, "datetime": {"datetime": "2024-01-19 02:31:22", "elapsed": 8389.741104, "delta": 0.00852}}
{"target": -13.758463799109734, "params": {"gamma": 711.9210446999987, "log10_alpha": -3.930019746873056, "log10_colsample_bytree": -0.4001831516296622, "log10_eta": -3.827107678410819, "log10_lambda": -3.1668873926774967, "log10_min_child_weight": 1.237471759370325, "log10_subsample": -0.8042102422715577, "max_depth": 6.0, "num_boost_round": 18.0}, "datetime": {"datetime": "2024-01-19 02:31:22", "elapsed": 8389.750264, "delta": 0.00916}}
{"target": -13.758463204806793, "params": {"gamma": 711.9210446999987, "log10_alpha": -3.930019746873056, "log10_colsample_bytree": -0.4001831516296622, "log10_eta": -3.827107678410819, "log10_lambda": -3.1668873926774967, "log10_min_child_weight": 1.237471759370325, "log10_subsample": -0.8042102422715577, "max_depth": 6.0, "num_boost_round": 19.0}, "datetime": {"datetime": "2024-01-19 02:31:22", "elapsed": 8389.759074, "delta": 0.00881}}
{"target": -13.758458736761773, "params": {"gamma": 711.9210446999987, "log10_alpha": -3.930019746873056, "log10_colsample_bytree": -0.4001831516296622, "log10_eta": -3.827107678410819, "log10_lambda": -3.1668873926774967, "log10_min_child_weight": 1.237471759370325, "log10_subsample": -0.8042102422715577, "max_depth": 6.0, "num_boost_round": 20.0}, "datetime": {"datetime": "2024-01-19 02:31:22", "elapsed": 8389.767374, "delta": 0.0083}}
{"target": -13.75845852248533, "params": {"gamma": 711.9210446999987, "log10_alpha": -3.930019746873056, "log10_colsample_bytree": -0.4001831516296622, "log10_eta": -3.827107678410819, "log10_lambda": -3.1668873926774967, "log10_min_child_weight": 1.237471759370325, "log10_subsample": -0.8042102422715577, "max_depth": 6.0, "num_boost_round": 21.0}, "datetime": {"datetime": "2024-01-19 02:31:22", "elapsed": 8389.775597, "delta": 0.008223}}
{"target": -13.758451589532509, "params": {"gamma": 711.9210446999987, "log10_alpha": -3.930019746873056, "log10_colsample_bytree": -0.4001831516296622, "log10_eta": -3.827107678410819, "log10_lambda": -3.1668873926774967, "log10_min_child_weight": 1.237471759370325, "log10_subsample": -0.8042102422715577, "max_depth": 6.0, "num_boost_round": 22.0}, "datetime": {"datetime": "2024-01-19 02:31:22", "elapsed": 8389.783927, "delta": 0.00833}}
{"target": -13.758451738114893, "params": {"gamma": 711.9210446999987, "log10_alpha": -3.930019746873056, "log10_colsample_bytree": -0.4001831516296622, "log10_eta": -3.827107678410819, "log10_lambda": -3.1668873926774967, "log10_min_child_weight": 1.237471759370325, "log10_subsample": -0.8042102422715577, "max_depth": 6.0, "num_boost_round": 23.0}, "datetime": {"datetime": "2024-01-19 02:31:22", "elapsed": 8389.792492, "delta": 0.008565}}
{"target": -13.75844921982877, "params": {"gamma": 711.9210446999987, "log10_alpha": -3.930019746873056, "log10_colsample_bytree": -0.4001831516296622, "log10_eta": -3.827107678410819, "log10_lambda": -3.1668873926774967, "log10_min_child_weight": 1.237471759370325, "log10_subsample": -0.8042102422715577, "max_depth": 6.0, "num_boost_round": 24.0}, "datetime": {"datetime": "2024-01-19 02:31:22", "elapsed": 8389.800819, "delta": 0.008327}}
{"target": -13.758449235745923, "params": {"gamma": 711.9210446999987, "log10_alpha": -3.930019746873056, "log10_colsample_bytree": -0.4001831516296622, "log10_eta": -3.827107678410819, "log10_lambda": -3.1668873926774967, "log10_min_child_weight": 1.237471759370325, "log10_subsample": -0.8042102422715577, "max_depth": 6.0, "num_boost_round": 25.0}, "datetime": {"datetime": "2024-01-19 02:31:22", "elapsed": 8389.809696, "delta": 0.008877}}
{"target": -13.75844916128917, "params": {"gamma": 711.9210446999987, "log10_alpha": -3.930019746873056, "log10_colsample_bytree": -0.4001831516296622, "log10_eta": -3.827107678410819, "log10_lambda": -3.1668873926774967, "log10_min_child_weight": 1.237471759370325, "log10_subsample": -0.8042102422715577, "max_depth": 6.0, "num_boost_round": 26.0}, "datetime": {"datetime": "2024-01-19 02:31:22", "elapsed": 8389.818112, "delta": 0.008416}}
{"target": -13.758446012185512, "params": {"gamma": 711.9210446999987, "log10_alpha": -3.930019746873056, "log10_colsample_bytree": -0.4001831516296622, "log10_eta": -3.827107678410819, "log10_lambda": -3.1668873926774967, "log10_min_child_weight": 1.237471759370325, "log10_subsample": -0.8042102422715577, "max_depth": 6.0, "num_boost_round": 27.0}, "datetime": {"datetime": "2024-01-19 02:31:22", "elapsed": 8389.826486, "delta": 0.008374}}
{"target": -13.75844191493577, "params": {"gamma": 711.9210446999987, "log10_alpha": -3.930019746873056, "log10_colsample_bytree": -0.4001831516296622, "log10_eta": -3.827107678410819, "log10_lambda": -3.1668873926774967, "log10_min_child_weight": 1.237471759370325, "log10_subsample": -0.8042102422715577, "max_depth": 6.0, "num_boost_round": 28.0}, "datetime": {"datetime": "2024-01-19 02:31:22", "elapsed": 8389.83456, "delta": 0.008074}}
{"target": -13.758434594747122, "params": {"gamma": 711.9210446999987, "log10_alpha": -3.930019746873056, "log10_colsample_bytree": -0.4001831516296622, "log10_eta": -3.827107678410819, "log10_lambda": -3.1668873926774967, "log10_min_child_weight": 1.237471759370325, "log10_subsample": -0.8042102422715577, "max_depth": 6.0, "num_boost_round": 29.0}, "datetime": {"datetime": "2024-01-19 02:31:22", "elapsed": 8389.842505, "delta": 0.007945}}
{"target": -13.75843051961855, "params": {"gamma": 711.9210446999987, "log10_alpha": -3.930019746873056, "log10_colsample_bytree": -0.4001831516296622, "log10_eta": -3.827107678410819, "log10_lambda": -3.1668873926774967, "log10_min_child_weight": 1.237471759370325, "log10_subsample": -0.8042102422715577, "max_depth": 6.0, "num_boost_round": 30.0}, "datetime": {"datetime": "2024-01-19 02:31:22", "elapsed": 8389.850412, "delta": 0.007907}}
{"target": -13.758422450526222, "params": {"gamma": 711.9210446999987, "log10_alpha": -3.930019746873056, "log10_colsample_bytree": -0.4001831516296622, "log10_eta": -3.827107678410819, "log10_lambda": -3.1668873926774967, "log10_min_child_weight": 1.237471759370325, "log10_subsample": -0.8042102422715577, "max_depth": 6.0, "num_boost_round": 31.0}, "datetime": {"datetime": "2024-01-19 02:31:22", "elapsed": 8389.859046, "delta": 0.008634}}
