{"target": -17.677165162039152, "params": {"gamma": 424.89905149361584, "log10_alpha": -1.825271470724057, "log10_colsample_bytree": -0.11475054827292697, "log10_eta": -3.8585478802426882, "log10_lambda": -1.373358849353587, "log10_min_child_weight": 3.2555196744770742, "log10_subsample": -0.4786286421119844, "max_depth": 2.0, "num_boost_round": 20.0}, "datetime": {"datetime": "2024-01-19 01:10:49", "elapsed": 3542.471999, "delta": 0.004248}}
{"target": -17.677161749335216, "params": {"gamma": 424.89905149361584, "log10_alpha": -1.825271470724057, "log10_colsample_bytree": -0.11475054827292697, "log10_eta": -3.8585478802426882, "log10_lambda": -1.373358849353587, "log10_min_child_weight": 3.2555196744770742, "log10_subsample": -0.4786286421119844, "max_depth": 2.0, "num_boost_round": 21.0}, "datetime": {"datetime": "2024-01-19 01:10:49", "elapsed": 3542.476303, "delta": 0.004304}}
{"target": -17.677155903659305, "params": {"gamma": 424.89905149361584, "log10_alpha": -1.825271470724057, "log10_colsample_bytree": -0.11475054827292697, "log10_eta": -3.8585478802426882, "log10_lambda": -1.373358849353587, "log10_min_child_weight": 3.2555196744770742, "log10_subsample": -0.4786286421119844, "max_depth": 2.0, "num_boost_round": 22.0}, "datetime": {"datetime": "2024-01-19 01:10:49", "elapsed": 3542.480654, "delta": 0.004351}}
{"target": -17.677154835450306, "params": {"gamma": 424.89905149361584, "log10_alpha": -1.825271470724057, "log10_colsample_bytree": -0.11475054827292697, "log10_eta": -3.8585478802426882, "log10_lambda": -1.373358849353587, "log10_min_child_weight": 3.2555196744770742, "log10_subsample": -0.4786286421119844, "max_depth": 2.0, "num_boost_round": 23.0}, "datetime": {"datetime": "2024-01-19 01:10:49", "elapsed": 3542.485217, "delta": 0.004563}}
{"target": -17.67715158991522, "params": {"gamma": 424.89905149361584, "log10_alpha": -1.825271470724057, "log10_colsample_bytree": -0.11475054827292697, "log10_eta": -3.8585478802426882, "log10_lambda": -1.373358849353587, "log10_min_child_weight": 3.2555196744770742, "log10_subsample": -0.4786286421119844, "max_depth": 2.0, "num_boost_round": 24.0}, "datetime": {"datetime": "2024-01-19 01:10:49", "elapsed": 3542.489727, "delta": 0.00451}}
{"target": -17.67714816223386, "params": {"gamma": 424.89905149361584, "log10_alpha": -1.825271470724057, "log10_colsample_bytree": -0.11475054827292697, "log10_eta": -3.8585478802426882, "log10_lambda": -1.373358849353587, "log10_min_child_weight": 3.2555196744770742, "log10_subsample": -0.4786286421119844, "max_depth": 2.0, "num_boost_round": 25.0}, "datetime": {"datetime": "2024-01-19 01:10:49", "elapsed": 3542.494185, "delta": 0.004458}}
{"target": -17.677144166056603, "params": {"gamma": 424.89905149361584, "log10_alpha": -1.825271470724057, "log10_colsample_bytree": -0.11475054827292697, "log10_eta": -3.8585478802426882, "log10_lambda": -1.373358849353587, "log10_min_child_weight": 3.2555196744770742, "log10_subsample": -0.4786286421119844, "max_depth": 2.0, "num_boost_round": 26.0}, "datetime": {"datetime": "2024-01-19 01:10:49", "elapsed": 3542.498578, "delta": 0.004393}}
{"target": -17.677141194018944, "params": {"gamma": 424.89905149361584, "log10_alpha": -1.825271470724057, "log10_colsample_bytree": -0.11475054827292697, "log10_eta": -3.8585478802426882, "log10_lambda": -1.373358849353587, "log10_min_child_weight": 3.2555196744770742, "log10_subsample": -0.4786286421119844, "max_depth": 2.0, "num_boost_round": 27.0}, "datetime": {"datetime": "2024-01-19 01:10:49", "elapsed": 3542.503075, "delta": 0.004497}}
{"target": -17.677137455415725, "params": {"gamma": 424.89905149361584, "log10_alpha": -1.825271470724057, "log10_colsample_bytree": -0.11475054827292697, "log10_eta": -3.8585478802426882, "log10_lambda": -1.373358849353587, "log10_min_child_weight": 3.2555196744770742, "log10_subsample": -0.4786286421119844, "max_depth": 2.0, "num_boost_round": 28.0}, "datetime": {"datetime": "2024-01-19 01:10:49", "elapsed": 3542.507656, "delta": 0.004581}}
{"target": -17.677135145149276, "params": {"gamma": 424.89905149361584, "log10_alpha": -1.825271470724057, "log10_colsample_bytree": -0.11475054827292697, "log10_eta": -3.8585478802426882, "log10_lambda": -1.373358849353587, "log10_min_child_weight": 3.2555196744770742, "log10_subsample": -0.4786286421119844, "max_depth": 2.0, "num_boost_round": 29.0}, "datetime": {"datetime": "2024-01-19 01:10:49", "elapsed": 3542.512249, "delta": 0.004593}}
{"target": -17.677131620021274, "params": {"gamma": 424.89905149361584, "log10_alpha": -1.825271470724057, "log10_colsample_bytree": -0.11475054827292697, "log10_eta": -3.8585478802426882, "log10_lambda": -1.373358849353587, "log10_min_child_weight": 3.2555196744770742, "log10_subsample": -0.4786286421119844, "max_depth": 2.0, "num_boost_round": 30.0}, "datetime": {"datetime": "2024-01-19 01:10:49", "elapsed": 3542.51667, "delta": 0.004421}}
{"target": -17.677128157696636, "params": {"gamma": 424.89905149361584, "log10_alpha": -1.825271470724057, "log10_colsample_bytree": -0.11475054827292697, "log10_eta": -3.8585478802426882, "log10_lambda": -1.373358849353587, "log10_min_child_weight": 3.2555196744770742, "log10_subsample": -0.4786286421119844, "max_depth": 2.0, "num_boost_round": 31.0}, "datetime": {"datetime": "2024-01-19 01:10:49", "elapsed": 3542.521074, "delta": 0.004404}}
{"target": -17.67712476889569, "params": {"gamma": 424.89905149361584, "log10_alpha": -1.825271470724057, "log10_colsample_bytree": -0.11475054827292697, "log10_eta": -3.8585478802426882, "log10_lambda": -1.373358849353587, "log10_min_child_weight": 3.2555196744770742, "log10_subsample": -0.4786286421119844, "max_depth": 2.0, "num_boost_round": 32.0}, "datetime": {"datetime": "2024-01-19 01:10:49", "elapsed": 3542.52551, "delta": 0.004436}}
{"target": -17.677121497136067, "params": {"gamma": 424.89905149361584, "log10_alpha": -1.825271470724057, "log10_colsample_bytree": -0.11475054827292697, "log10_eta": -3.8585478802426882, "log10_lambda": -1.373358849353587, "log10_min_child_weight": 3.2555196744770742, "log10_subsample": -0.4786286421119844, "max_depth": 2.0, "num_boost_round": 33.0}, "datetime": {"datetime": "2024-01-19 01:10:49", "elapsed": 3542.530111, "delta": 0.004601}}
{"target": -17.67722970144086, "params": {"gamma": 415.75612629836235, "log10_alpha": -4.062074082432192, "log10_colsample_bytree": -0.9224158655800099, "log10_eta": -3.972342744323325, "log10_lambda": 0.1581095187755288, "log10_min_child_weight": 1.9165029332743906, "log10_subsample": -0.6837574506247549, "max_depth": 2.0, "num_boost_round": 0.0}, "datetime": {"datetime": "2024-01-19 01:11:53", "elapsed": 3605.853786, "delta": 63.323675}}
{"target": -17.677225520848715, "params": {"gamma": 415.75612629836235, "log10_alpha": -4.062074082432192, "log10_colsample_bytree": -0.9224158655800099, "log10_eta": -3.972342744323325, "log10_lambda": 0.1581095187755288, "log10_min_child_weight": 1.9165029332743906, "log10_subsample": -0.6837574506247549, "max_depth": 2.0, "num_boost_round": 1.0}, "datetime": {"datetime": "2024-01-19 01:11:53", "elapsed": 3605.858727, "delta": 0.004941}}
{"target": -17.67722341904618, "params": {"gamma": 415.75612629836235, "log10_alpha": -4.062074082432192, "log10_colsample_bytree": -0.9224158655800099, "log10_eta": -3.972342744323325, "log10_lambda": 0.1581095187755288, "log10_min_child_weight": 1.9165029332743906, "log10_subsample": -0.6837574506247549, "max_depth": 2.0, "num_boost_round": 2.0}, "datetime": {"datetime": "2024-01-19 01:11:53", "elapsed": 3605.863288, "delta": 0.004561}}
{"target": -17.67722056290899, "params": {"gamma": 415.75612629836235, "log10_alpha": -4.062074082432192, "log10_colsample_bytree": -0.9224158655800099, "log10_eta": -3.972342744323325, "log10_lambda": 0.1581095187755288, "log10_min_child_weight": 1.9165029332743906, "log10_subsample": -0.6837574506247549, "max_depth": 2.0, "num_boost_round": 3.0}, "datetime": {"datetime": "2024-01-19 01:11:53", "elapsed": 3605.867578, "delta": 0.00429}}
{"target": -17.67721913680304, "params": {"gamma": 415.75612629836235, "log10_alpha": -4.062074082432192, "log10_colsample_bytree": -0.9224158655800099, "log10_eta": -3.972342744323325, "log10_lambda": 0.1581095187755288, "log10_min_child_weight": 1.9165029332743906, "log10_subsample": -0.6837574506247549, "max_depth": 2.0, "num_boost_round": 4.0}, "datetime": {"datetime": "2024-01-19 01:11:53", "elapsed": 3605.871847, "delta": 0.004269}}
{"target": -17.67721609380201, "params": {"gamma": 415.75612629836235, "log10_alpha": -4.062074082432192, "log10_colsample_bytree": -0.9224158655800099, "log10_eta": -3.972342744323325, "log10_lambda": 0.1581095187755288, "log10_min_child_weight": 1.9165029332743906, "log10_subsample": -0.6837574506247549, "max_depth": 2.0, "num_boost_round": 5.0}, "datetime": {"datetime": "2024-01-19 01:11:53", "elapsed": 3605.87602, "delta": 0.004173}}
{"target": -17.6772156516965, "params": {"gamma": 415.75612629836235, "log10_alpha": -4.062074082432192, "log10_colsample_bytree": -0.9224158655800099, "log10_eta": -3.972342744323325, "log10_lambda": 0.1581095187755288, "log10_min_child_weight": 1.9165029332743906, "log10_subsample": -0.6837574506247549, "max_depth": 2.0, "num_boost_round": 6.0}, "datetime": {"datetime": "2024-01-19 01:11:53", "elapsed": 3605.88013, "delta": 0.00411}}
{"target": -17.677213126513752, "params": {"gamma": 415.75612629836235, "log10_alpha": -4.062074082432192, "log10_colsample_bytree": -0.9224158655800099, "log10_eta": -3.972342744323325, "log10_lambda": 0.1581095187755288, "log10_min_child_weight": 1.9165029332743906, "log10_subsample": -0.6837574506247549, "max_depth": 2.0, "num_boost_round": 7.0}, "datetime": {"datetime": "2024-01-19 01:11:53", "elapsed": 3605.884643, "delta": 0.004513}}
{"target": -17.677212775189552, "params": {"gamma": 415.75612629836235, "log10_alpha": -4.062074082432192, "log10_colsample_bytree": -0.9224158655800099, "log10_eta": -3.972342744323325, "log10_lambda": 0.1581095187755288, "log10_min_child_weight": 1.9165029332743906, "log10_subsample": -0.6837574506247549, "max_depth": 2.0, "num_boost_round": 8.0}, "datetime": {"datetime": "2024-01-19 01:11:53", "elapsed": 3605.888986, "delta": 0.004343}}
{"target": -17.677211007120587, "params": {"gamma": 415.75612629836235, "log10_alpha": -4.062074082432192, "log10_colsample_bytree": -0.9224158655800099, "log10_eta": -3.972342744323325, "log10_lambda": 0.1581095187755288, "log10_min_child_weight": 1.9165029332743906, "log10_subsample": -0.6837574506247549, "max_depth": 2.0, "num_boost_round": 9.0}, "datetime": {"datetime": "2024-01-19 01:11:53", "elapsed": 3605.892993, "delta": 0.004007}}
{"target": -17.677207516724597, "params": {"gamma": 415.75612629836235, "log10_alpha": -4.062074082432192, "log10_colsample_bytree": -0.9224158655800099, "log10_eta": -3.972342744323325, "log10_lambda": 0.1581095187755288, "log10_min_child_weight": 1.9165029332743906, "log10_subsample": -0.6837574506247549, "max_depth": 2.0, "num_boost_round": 10.0}, "datetime": {"datetime": "2024-01-19 01:11:53", "elapsed": 3605.896914, "delta": 0.003921}}
{"target": -17.677205561297345, "params": {"gamma": 415.75612629836235, "log10_alpha": -4.062074082432192, "log10_colsample_bytree": -0.9224158655800099, "log10_eta": -3.972342744323325, "log10_lambda": 0.1581095187755288, "log10_min_child_weight": 1.9165029332743906, "log10_subsample": -0.6837574506247549, "max_depth": 2.0, "num_boost_round": 11.0}, "datetime": {"datetime": "2024-01-19 01:11:53", "elapsed": 3605.900831, "delta": 0.003917}}
{"target": -17.67720322106793, "params": {"gamma": 415.75612629836235, "log10_alpha": -4.062074082432192, "log10_colsample_bytree": -0.9224158655800099, "log10_eta": -3.972342744323325, "log10_lambda": 0.1581095187755288, "log10_min_child_weight": 1.9165029332743906, "log10_subsample": -0.6837574506247549, "max_depth": 2.0, "num_boost_round": 12.0}, "datetime": {"datetime": "2024-01-19 01:11:53", "elapsed": 3605.904899, "delta": 0.004068}}
{"target": -17.6772008541886, "params": {"gamma": 415.75612629836235, "log10_alpha": -4.062074082432192, "log10_colsample_bytree": -0.9224158655800099, "log10_eta": -3.972342744323325, "log10_lambda": 0.1581095187755288, "log10_min_child_weight": 1.9165029332743906, "log10_subsample": -0.6837574506247549, "max_depth": 2.0, "num_boost_round": 13.0}, "datetime": {"datetime": "2024-01-19 01:11:53", "elapsed": 3605.909161, "delta": 0.004262}}
{"target": -17.677200311510525, "params": {"gamma": 415.75612629836235, "log10_alpha": -4.062074082432192, "log10_colsample_bytree": -0.9224158655800099, "log10_eta": -3.972342744323325, "log10_lambda": 0.1581095187755288, "log10_min_child_weight": 1.9165029332743906, "log10_subsample": -0.6837574506247549, "max_depth": 2.0, "num_boost_round": 14.0}, "datetime": {"datetime": "2024-01-19 01:11:53", "elapsed": 3605.913123, "delta": 0.003962}}
{"target": -17.67723251685298, "params": {"gamma": 450.4239534873451, "log10_alpha": 0.7780004925365018, "log10_colsample_bytree": -0.36308984730091176, "log10_eta": -3.8011044329591543, "log10_lambda": -4.875929557659356, "log10_min_child_weight": 4.930563819618305, "log10_subsample": -0.6810572881891582, "max_depth": 7.0, "num_boost_round": 0.0}, "datetime": {"datetime": "2024-01-19 01:12:58", "elapsed": 3670.761587, "delta": 64.848464}}
{"target": -17.67723119075883, "params": {"gamma": 450.4239534873451, "log10_alpha": 0.7780004925365018, "log10_colsample_bytree": -0.36308984730091176, "log10_eta": -3.8011044329591543, "log10_lambda": -4.875929557659356, "log10_min_child_weight": 4.930563819618305, "log10_subsample": -0.6810572881891582, "max_depth": 7.0, "num_boost_round": 1.0}, "datetime": {"datetime": "2024-01-19 01:12:58", "elapsed": 3670.765718, "delta": 0.004131}}
{"target": -17.677231020642854, "params": {"gamma": 450.4239534873451, "log10_alpha": 0.7780004925365018, "log10_colsample_bytree": -0.36308984730091176, "log10_eta": -3.8011044329591543, "log10_lambda": -4.875929557659356, "log10_min_child_weight": 4.930563819618305, "log10_subsample": -0.6810572881891582, "max_depth": 7.0, "num_boost_round": 2.0}, "datetime": {"datetime": "2024-01-19 01:12:58", "elapsed": 3670.769667, "delta": 0.003949}}
{"target": -17.677229630647474, "params": {"gamma": 450.4239534873451, "log10_alpha": 0.7780004925365018, "log10_colsample_bytree": -0.36308984730091176, "log10_eta": -3.8011044329591543, "log10_lambda": -4.875929557659356, "log10_min_child_weight": 4.930563819618305, "log10_subsample": -0.6810572881891582, "max_depth": 7.0, "num_boost_round": 3.0}, "datetime": {"datetime": "2024-01-19 01:12:58", "elapsed": 3670.774501, "delta": 0.004834}}
{"target": -17.67722817332203, "params": {"gamma": 450.4239534873451, "log10_alpha": 0.7780004925365018, "log10_colsample_bytree": -0.36308984730091176, "log10_eta": -3.8011044329591543, "log10_lambda": -4.875929557659356, "log10_min_child_weight": 4.930563819618305, "log10_subsample": -0.6810572881891582, "max_depth": 7.0, "num_boost_round": 4.0}, "datetime": {"datetime": "2024-01-19 01:12:58", "elapsed": 3670.778498, "delta": 0.003997}}
{"target": -17.677227650268605, "params": {"gamma": 450.4239534873451, "log10_alpha": 0.7780004925365018, "log10_colsample_bytree": -0.36308984730091176, "log10_eta": -3.8011044329591543, "log10_lambda": -4.875929557659356, "log10_min_child_weight": 4.930563819618305, "log10_subsample": -0.6810572881891582, "max_depth": 7.0, "num_boost_round": 5.0}, "datetime": {"datetime": "2024-01-19 01:12:58", "elapsed": 3670.782573, "delta": 0.004075}}
{"target": -17.677227477366493, "params": {"gamma": 450.4239534873451, "log10_alpha": 0.7780004925365018, "log10_colsample_bytree": -0.36308984730091176, "log10_eta": -3.8011044329591543, "log10_lambda": -4.875929557659356, "log10_min_child_weight": 4.930563819618305, "log10_subsample": -0.6810572881891582, "max_depth": 7.0, "num_boost_round": 6.0}, "datetime": {"datetime": "2024-01-19 01:12:58", "elapsed": 3670.786727, "delta": 0.004154}}
{"target": -17.677227097239655, "params": {"gamma": 450.4239534873451, "log10_alpha": 0.7780004925365018, "log10_colsample_bytree": -0.36308984730091176, "log10_eta": -3.8011044329591543, "log10_lambda": -4.875929557659356, "log10_min_child_weight": 4.930563819618305, "log10_subsample": -0.6810572881891582, "max_depth": 7.0, "num_boost_round": 7.0}, "datetime": {"datetime": "2024-01-19 01:12:58", "elapsed": 3670.790836, "delta": 0.004109}}
{"target": -17.6772260894755, "params": {"gamma": 450.4239534873451, "log10_alpha": 0.7780004925365018, "log10_colsample_bytree": -0.36308984730091176, "log10_eta": -3.8011044329591543, "log10_lambda": -4.875929557659356, "log10_min_child_weight": 4.930563819618305, "log10_subsample": -0.6810572881891582, "max_depth": 7.0, "num_boost_round": 8.0}, "datetime": {"datetime": "2024-01-19 01:12:58", "elapsed": 3670.794909, "delta": 0.004073}}
{"target": -17.677226095142593, "params": {"gamma": 450.4239534873451, "log10_alpha": 0.7780004925365018, "log10_colsample_bytree": -0.36308984730091176, "log10_eta": -3.8011044329591543, "log10_lambda": -4.875929557659356, "log10_min_child_weight": 4.930563819618305, "log10_subsample": -0.6810572881891582, "max_depth": 7.0, "num_boost_round": 9.0}, "datetime": {"datetime": "2024-01-19 01:12:58", "elapsed": 3670.79903, "delta": 0.004121}}
{"target": -17.67722565558815, "params": {"gamma": 450.4239534873451, "log10_alpha": 0.7780004925365018, "log10_colsample_bytree": -0.36308984730091176, "log10_eta": -3.8011044329591543, "log10_lambda": -4.875929557659356, "log10_min_child_weight": 4.930563819618305, "log10_subsample": -0.6810572881891582, "max_depth": 7.0, "num_boost_round": 10.0}, "datetime": {"datetime": "2024-01-19 01:12:58", "elapsed": 3670.803307, "delta": 0.004277}}
{"target": -17.677225171219945, "params": {"gamma": 450.4239534873451, "log10_alpha": 0.7780004925365018, "log10_colsample_bytree": -0.36308984730091176, "log10_eta": -3.8011044329591543, "log10_lambda": -4.875929557659356, "log10_min_child_weight": 4.930563819618305, "log10_subsample": -0.6810572881891582, "max_depth": 7.0, "num_boost_round": 11.0}, "datetime": {"datetime": "2024-01-19 01:12:58", "elapsed": 3670.807669, "delta": 0.004362}}
{"target": -17.6772251523609, "params": {"gamma": 450.4239534873451, "log10_alpha": 0.7780004925365018, "log10_colsample_bytree": -0.36308984730091176, "log10_eta": -3.8011044329591543, "log10_lambda": -4.875929557659356, "log10_min_child_weight": 4.930563819618305, "log10_subsample": -0.6810572881891582, "max_depth": 7.0, "num_boost_round": 12.0}, "datetime": {"datetime": "2024-01-19 01:12:58", "elapsed": 3670.811725, "delta": 0.004056}}
{"target": -17.67722396012898, "params": {"gamma": 450.4239534873451, "log10_alpha": 0.7780004925365018, "log10_colsample_bytree": -0.36308984730091176, "log10_eta": -3.8011044329591543, "log10_lambda": -4.875929557659356, "log10_min_child_weight": 4.930563819618305, "log10_subsample": -0.6810572881891582, "max_depth": 7.0, "num_boost_round": 13.0}, "datetime": {"datetime": "2024-01-19 01:12:58", "elapsed": 3670.815717, "delta": 0.003992}}
{"target": -17.677225449165572, "params": {"gamma": 422.8828666055191, "log10_alpha": -2.728862010388986, "log10_colsample_bytree": -0.05167619284006297, "log10_eta": -3.6601862852134173, "log10_lambda": -1.0296602833091253, "log10_min_child_weight": 2.7525151855208523, "log10_subsample": -0.07467634443155247, "max_depth": 3.0, "num_boost_round": 0.0}, "datetime": {"datetime": "2024-01-19 01:14:36", "elapsed": 3769.148164, "delta": 98.332447}}
{"target": -17.677218341080273, "params": {"gamma": 422.8828666055191, "log10_alpha": -2.728862010388986, "log10_colsample_bytree": -0.05167619284006297, "log10_eta": -3.6601862852134173, "log10_lambda": -1.0296602833091253, "log10_min_child_weight": 2.7525151855208523, "log10_subsample": -0.07467634443155247, "max_depth": 3.0, "num_boost_round": 1.0}, "datetime": {"datetime": "2024-01-19 01:14:36", "elapsed": 3769.153481, "delta": 0.005317}}
{"target": -17.67721124297791, "params": {"gamma": 422.8828666055191, "log10_alpha": -2.728862010388986, "log10_colsample_bytree": -0.05167619284006297, "log10_eta": -3.6601862852134173, "log10_lambda": -1.0296602833091253, "log10_min_child_weight": 2.7525151855208523, "log10_subsample": -0.07467634443155247, "max_depth": 3.0, "num_boost_round": 2.0}, "datetime": {"datetime": "2024-01-19 01:14:36", "elapsed": 3769.158396, "delta": 0.004915}}
{"target": -17.677204129099046, "params": {"gamma": 422.8828666055191, "log10_alpha": -2.728862010388986, "log10_colsample_bytree": -0.05167619284006297, "log10_eta": -3.6601862852134173, "log10_lambda": -1.0296602833091253, "log10_min_child_weight": 2.7525151855208523, "log10_subsample": -0.07467634443155247, "max_depth": 3.0, "num_boost_round": 3.0}, "datetime": {"datetime": "2024-01-19 01:14:36", "elapsed": 3769.284057, "delta": 0.125661}}
{"target": -17.67719395281567, "params": {"gamma": 422.8828666055191, "log10_alpha": -2.728862010388986, "log10_colsample_bytree": -0.05167619284006297, "log10_eta": -3.6601862852134173, "log10_lambda": -1.0296602833091253, "log10_min_child_weight": 2.7525151855208523, "log10_subsample": -0.07467634443155247, "max_depth": 3.0, "num_boost_round": 4.0}, "datetime": {"datetime": "2024-01-19 01:14:36", "elapsed": 3769.289334, "delta": 0.005277}}
{"target": -17.67718673836349, "params": {"gamma": 422.8828666055191, "log10_alpha": -2.728862010388986, "log10_colsample_bytree": -0.05167619284006297, "log10_eta": -3.6601862852134173, "log10_lambda": -1.0296602833091253, "log10_min_child_weight": 2.7525151855208523, "log10_subsample": -0.07467634443155247, "max_depth": 3.0, "num_boost_round": 5.0}, "datetime": {"datetime": "2024-01-19 01:14:36", "elapsed": 3769.294538, "delta": 0.005204}}
