{"target": -17.677106202507673, "params": {"gamma": 962.7853814449373, "log10_alpha": -0.6260982206770782, "log10_colsample_bytree": -0.32870657642209444, "log10_eta": -2.7170982913442643, "log10_lambda": -3.6291740468924574, "log10_min_child_weight": 0.11349081983492049, "log10_subsample": -0.9282715857542119, "max_depth": 7.0, "num_boost_round": 1.0}, "datetime": {"datetime": "2024-01-19 00:46:28", "elapsed": 2082.748669, "delta": 0.002929}}
{"target": -17.677063726240284, "params": {"gamma": 962.7853814449373, "log10_alpha": -0.6260982206770782, "log10_colsample_bytree": -0.32870657642209444, "log10_eta": -2.7170982913442643, "log10_lambda": -3.6291740468924574, "log10_min_child_weight": 0.11349081983492049, "log10_subsample": -0.9282715857542119, "max_depth": 7.0, "num_boost_round": 2.0}, "datetime": {"datetime": "2024-01-19 00:46:28", "elapsed": 2082.751779, "delta": 0.00311}}
{"target": -17.677006390235523, "params": {"gamma": 962.7853814449373, "log10_alpha": -0.6260982206770782, "log10_colsample_bytree": -0.32870657642209444, "log10_eta": -2.7170982913442643, "log10_lambda": -3.6291740468924574, "log10_min_child_weight": 0.11349081983492049, "log10_subsample": -0.9282715857542119, "max_depth": 7.0, "num_boost_round": 3.0}, "datetime": {"datetime": "2024-01-19 00:46:28", "elapsed": 2082.754181, "delta": 0.002402}}
{"target": -17.676964509783275, "params": {"gamma": 962.7853814449373, "log10_alpha": -0.6260982206770782, "log10_colsample_bytree": -0.32870657642209444, "log10_eta": -2.7170982913442643, "log10_lambda": -3.6291740468924574, "log10_min_child_weight": 0.11349081983492049, "log10_subsample": -0.9282715857542119, "max_depth": 7.0, "num_boost_round": 4.0}, "datetime": {"datetime": "2024-01-19 00:46:28", "elapsed": 2082.756684, "delta": 0.002503}}
{"target": -17.676956187157035, "params": {"gamma": 962.7853814449373, "log10_alpha": -0.6260982206770782, "log10_colsample_bytree": -0.32870657642209444, "log10_eta": -2.7170982913442643, "log10_lambda": -3.6291740468924574, "log10_min_child_weight": 0.11349081983492049, "log10_subsample": -0.9282715857542119, "max_depth": 7.0, "num_boost_round": 5.0}, "datetime": {"datetime": "2024-01-19 00:46:28", "elapsed": 2082.759089, "delta": 0.002405}}
{"target": -17.677022077080686, "params": {"gamma": 962.7853814449373, "log10_alpha": -0.6260982206770782, "log10_colsample_bytree": -0.32870657642209444, "log10_eta": -2.7170982913442643, "log10_lambda": -3.6291740468924574, "log10_min_child_weight": 0.11349081983492049, "log10_subsample": -0.9282715857542119, "max_depth": 7.0, "num_boost_round": 6.0}, "datetime": {"datetime": "2024-01-19 00:46:28", "elapsed": 2082.761499, "delta": 0.00241}}
{"target": -17.676865630754136, "params": {"gamma": 962.7853814449373, "log10_alpha": -0.6260982206770782, "log10_colsample_bytree": -0.32870657642209444, "log10_eta": -2.7170982913442643, "log10_lambda": -3.6291740468924574, "log10_min_child_weight": 0.11349081983492049, "log10_subsample": -0.9282715857542119, "max_depth": 7.0, "num_boost_round": 7.0}, "datetime": {"datetime": "2024-01-19 00:46:28", "elapsed": 2082.764012, "delta": 0.002513}}
{"target": -17.67667924996695, "params": {"gamma": 962.7853814449373, "log10_alpha": -0.6260982206770782, "log10_colsample_bytree": -0.32870657642209444, "log10_eta": -2.7170982913442643, "log10_lambda": -3.6291740468924574, "log10_min_child_weight": 0.11349081983492049, "log10_subsample": -0.9282715857542119, "max_depth": 7.0, "num_boost_round": 8.0}, "datetime": {"datetime": "2024-01-19 00:46:28", "elapsed": 2082.766496, "delta": 0.002484}}
{"target": -17.676709158308974, "params": {"gamma": 962.7853814449373, "log10_alpha": -0.6260982206770782, "log10_colsample_bytree": -0.32870657642209444, "log10_eta": -2.7170982913442643, "log10_lambda": -3.6291740468924574, "log10_min_child_weight": 0.11349081983492049, "log10_subsample": -0.9282715857542119, "max_depth": 7.0, "num_boost_round": 9.0}, "datetime": {"datetime": "2024-01-19 00:46:28", "elapsed": 2082.768866, "delta": 0.00237}}
{"target": -17.67651575596355, "params": {"gamma": 962.7853814449373, "log10_alpha": -0.6260982206770782, "log10_colsample_bytree": -0.32870657642209444, "log10_eta": -2.7170982913442643, "log10_lambda": -3.6291740468924574, "log10_min_child_weight": 0.11349081983492049, "log10_subsample": -0.9282715857542119, "max_depth": 7.0, "num_boost_round": 10.0}, "datetime": {"datetime": "2024-01-19 00:46:28", "elapsed": 2082.771353, "delta": 0.002487}}
{"target": -17.676457188630398, "params": {"gamma": 962.7853814449373, "log10_alpha": -0.6260982206770782, "log10_colsample_bytree": -0.32870657642209444, "log10_eta": -2.7170982913442643, "log10_lambda": -3.6291740468924574, "log10_min_child_weight": 0.11349081983492049, "log10_subsample": -0.9282715857542119, "max_depth": 7.0, "num_boost_round": 11.0}, "datetime": {"datetime": "2024-01-19 00:46:28", "elapsed": 2082.773737, "delta": 0.002384}}
{"target": -17.676274017576148, "params": {"gamma": 962.7853814449373, "log10_alpha": -0.6260982206770782, "log10_colsample_bytree": -0.32870657642209444, "log10_eta": -2.7170982913442643, "log10_lambda": -3.6291740468924574, "log10_min_child_weight": 0.11349081983492049, "log10_subsample": -0.9282715857542119, "max_depth": 7.0, "num_boost_round": 12.0}, "datetime": {"datetime": "2024-01-19 00:46:28", "elapsed": 2082.776101, "delta": 0.002364}}
{"target": -17.676147675519037, "params": {"gamma": 962.7853814449373, "log10_alpha": -0.6260982206770782, "log10_colsample_bytree": -0.32870657642209444, "log10_eta": -2.7170982913442643, "log10_lambda": -3.6291740468924574, "log10_min_child_weight": 0.11349081983492049, "log10_subsample": -0.9282715857542119, "max_depth": 7.0, "num_boost_round": 13.0}, "datetime": {"datetime": "2024-01-19 00:46:28", "elapsed": 2082.778484, "delta": 0.002383}}
{"target": -17.67609296040463, "params": {"gamma": 962.7853814449373, "log10_alpha": -0.6260982206770782, "log10_colsample_bytree": -0.32870657642209444, "log10_eta": -2.7170982913442643, "log10_lambda": -3.6291740468924574, "log10_min_child_weight": 0.11349081983492049, "log10_subsample": -0.9282715857542119, "max_depth": 7.0, "num_boost_round": 14.0}, "datetime": {"datetime": "2024-01-19 00:46:28", "elapsed": 2082.780922, "delta": 0.002438}}
{"target": -17.67596205949677, "params": {"gamma": 962.7853814449373, "log10_alpha": -0.6260982206770782, "log10_colsample_bytree": -0.32870657642209444, "log10_eta": -2.7170982913442643, "log10_lambda": -3.6291740468924574, "log10_min_child_weight": 0.11349081983492049, "log10_subsample": -0.9282715857542119, "max_depth": 7.0, "num_boost_round": 15.0}, "datetime": {"datetime": "2024-01-19 00:46:28", "elapsed": 2082.783339, "delta": 0.002417}}
{"target": -17.676007218756716, "params": {"gamma": 962.7853814449373, "log10_alpha": -0.6260982206770782, "log10_colsample_bytree": -0.32870657642209444, "log10_eta": -2.7170982913442643, "log10_lambda": -3.6291740468924574, "log10_min_child_weight": 0.11349081983492049, "log10_subsample": -0.9282715857542119, "max_depth": 7.0, "num_boost_round": 16.0}, "datetime": {"datetime": "2024-01-19 00:46:28", "elapsed": 2082.785725, "delta": 0.002386}}
{"target": -17.675892405563626, "params": {"gamma": 962.7853814449373, "log10_alpha": -0.6260982206770782, "log10_colsample_bytree": -0.32870657642209444, "log10_eta": -2.7170982913442643, "log10_lambda": -3.6291740468924574, "log10_min_child_weight": 0.11349081983492049, "log10_subsample": -0.9282715857542119, "max_depth": 7.0, "num_boost_round": 17.0}, "datetime": {"datetime": "2024-01-19 00:46:28", "elapsed": 2082.788107, "delta": 0.002382}}
{"target": -17.675834791507324, "params": {"gamma": 962.7853814449373, "log10_alpha": -0.6260982206770782, "log10_colsample_bytree": -0.32870657642209444, "log10_eta": -2.7170982913442643, "log10_lambda": -3.6291740468924574, "log10_min_child_weight": 0.11349081983492049, "log10_subsample": -0.9282715857542119, "max_depth": 7.0, "num_boost_round": 18.0}, "datetime": {"datetime": "2024-01-19 00:46:28", "elapsed": 2082.790592, "delta": 0.002485}}
{"target": -17.675695037165607, "params": {"gamma": 962.7853814449373, "log10_alpha": -0.6260982206770782, "log10_colsample_bytree": -0.32870657642209444, "log10_eta": -2.7170982913442643, "log10_lambda": -3.6291740468924574, "log10_min_child_weight": 0.11349081983492049, "log10_subsample": -0.9282715857542119, "max_depth": 7.0, "num_boost_round": 19.0}, "datetime": {"datetime": "2024-01-19 00:46:28", "elapsed": 2082.792993, "delta": 0.002401}}
{"target": -17.67556393641594, "params": {"gamma": 962.7853814449373, "log10_alpha": -0.6260982206770782, "log10_colsample_bytree": -0.32870657642209444, "log10_eta": -2.7170982913442643, "log10_lambda": -3.6291740468924574, "log10_min_child_weight": 0.11349081983492049, "log10_subsample": -0.9282715857542119, "max_depth": 7.0, "num_boost_round": 20.0}, "datetime": {"datetime": "2024-01-19 00:46:28", "elapsed": 2082.795401, "delta": 0.002408}}
{"target": -17.675556887615386, "params": {"gamma": 962.7853814449373, "log10_alpha": -0.6260982206770782, "log10_colsample_bytree": -0.32870657642209444, "log10_eta": -2.7170982913442643, "log10_lambda": -3.6291740468924574, "log10_min_child_weight": 0.11349081983492049, "log10_subsample": -0.9282715857542119, "max_depth": 7.0, "num_boost_round": 21.0}, "datetime": {"datetime": "2024-01-19 00:46:28", "elapsed": 2082.797797, "delta": 0.002396}}
{"target": -17.675410189709353, "params": {"gamma": 962.7853814449373, "log10_alpha": -0.6260982206770782, "log10_colsample_bytree": -0.32870657642209444, "log10_eta": -2.7170982913442643, "log10_lambda": -3.6291740468924574, "log10_min_child_weight": 0.11349081983492049, "log10_subsample": -0.9282715857542119, "max_depth": 7.0, "num_boost_round": 22.0}, "datetime": {"datetime": "2024-01-19 00:46:28", "elapsed": 2082.800195, "delta": 0.002398}}
{"target": -17.675306540165234, "params": {"gamma": 962.7853814449373, "log10_alpha": -0.6260982206770782, "log10_colsample_bytree": -0.32870657642209444, "log10_eta": -2.7170982913442643, "log10_lambda": -3.6291740468924574, "log10_min_child_weight": 0.11349081983492049, "log10_subsample": -0.9282715857542119, "max_depth": 7.0, "num_boost_round": 23.0}, "datetime": {"datetime": "2024-01-19 00:46:29", "elapsed": 2082.802614, "delta": 0.002419}}
{"target": -17.675395430396822, "params": {"gamma": 962.7853814449373, "log10_alpha": -0.6260982206770782, "log10_colsample_bytree": -0.32870657642209444, "log10_eta": -2.7170982913442643, "log10_lambda": -3.6291740468924574, "log10_min_child_weight": 0.11349081983492049, "log10_subsample": -0.9282715857542119, "max_depth": 7.0, "num_boost_round": 24.0}, "datetime": {"datetime": "2024-01-19 00:46:29", "elapsed": 2082.805075, "delta": 0.002461}}
{"target": -17.675310428934004, "params": {"gamma": 962.7853814449373, "log10_alpha": -0.6260982206770782, "log10_colsample_bytree": -0.32870657642209444, "log10_eta": -2.7170982913442643, "log10_lambda": -3.6291740468924574, "log10_min_child_weight": 0.11349081983492049, "log10_subsample": -0.9282715857542119, "max_depth": 7.0, "num_boost_round": 25.0}, "datetime": {"datetime": "2024-01-19 00:46:29", "elapsed": 2082.807464, "delta": 0.002389}}
{"target": -17.67721714126828, "params": {"gamma": 978.6575113521745, "log10_alpha": -4.752015273424083, "log10_colsample_bytree": -0.4211008524314128, "log10_eta": -3.407683725495969, "log10_lambda": -3.3138883581740437, "log10_min_child_weight": 3.8114875139545203, "log10_subsample": -0.061868998376284456, "max_depth": 5.0, "num_boost_round": 0.0}, "datetime": {"datetime": "2024-01-19 00:46:57", "elapsed": 2111.40004, "delta": 28.592576}}
{"target": -17.67720334808798, "params": {"gamma": 978.6575113521745, "log10_alpha": -4.752015273424083, "log10_colsample_bytree": -0.4211008524314128, "log10_eta": -3.407683725495969, "log10_lambda": -3.3138883581740437, "log10_min_child_weight": 3.8114875139545203, "log10_subsample": -0.061868998376284456, "max_depth": 5.0, "num_boost_round": 1.0}, "datetime": {"datetime": "2024-01-19 00:46:57", "elapsed": 2111.403004, "delta": 0.002964}}
{"target": -17.67719483589789, "params": {"gamma": 978.6575113521745, "log10_alpha": -4.752015273424083, "log10_colsample_bytree": -0.4211008524314128, "log10_eta": -3.407683725495969, "log10_lambda": -3.3138883581740437, "log10_min_child_weight": 3.8114875139545203, "log10_subsample": -0.061868998376284456, "max_depth": 5.0, "num_boost_round": 2.0}, "datetime": {"datetime": "2024-01-19 00:46:57", "elapsed": 2111.405973, "delta": 0.002969}}
{"target": -17.67720080256294, "params": {"gamma": 978.6575113521745, "log10_alpha": -4.752015273424083, "log10_colsample_bytree": -0.4211008524314128, "log10_eta": -3.407683725495969, "log10_lambda": -3.3138883581740437, "log10_min_child_weight": 3.8114875139545203, "log10_subsample": -0.061868998376284456, "max_depth": 5.0, "num_boost_round": 3.0}, "datetime": {"datetime": "2024-01-19 00:46:57", "elapsed": 2111.40842, "delta": 0.002447}}
{"target": -17.677183835594363, "params": {"gamma": 978.6575113521745, "log10_alpha": -4.752015273424083, "log10_colsample_bytree": -0.4211008524314128, "log10_eta": -3.407683725495969, "log10_lambda": -3.3138883581740437, "log10_min_child_weight": 3.8114875139545203, "log10_subsample": -0.061868998376284456, "max_depth": 5.0, "num_boost_round": 4.0}, "datetime": {"datetime": "2024-01-19 00:46:57", "elapsed": 2111.411008, "delta": 0.002588}}
{"target": -17.677172696719435, "params": {"gamma": 978.6575113521745, "log10_alpha": -4.752015273424083, "log10_colsample_bytree": -0.4211008524314128, "log10_eta": -3.407683725495969, "log10_lambda": -3.3138883581740437, "log10_min_child_weight": 3.8114875139545203, "log10_subsample": -0.061868998376284456, "max_depth": 5.0, "num_boost_round": 5.0}, "datetime": {"datetime": "2024-01-19 00:46:57", "elapsed": 2111.413623, "delta": 0.002615}}
{"target": -17.677169524726658, "params": {"gamma": 978.6575113521745, "log10_alpha": -4.752015273424083, "log10_colsample_bytree": -0.4211008524314128, "log10_eta": -3.407683725495969, "log10_lambda": -3.3138883581740437, "log10_min_child_weight": 3.8114875139545203, "log10_subsample": -0.061868998376284456, "max_depth": 5.0, "num_boost_round": 6.0}, "datetime": {"datetime": "2024-01-19 00:46:57", "elapsed": 2111.416123, "delta": 0.0025}}
{"target": -17.677151552887207, "params": {"gamma": 978.6575113521745, "log10_alpha": -4.752015273424083, "log10_colsample_bytree": -0.4211008524314128, "log10_eta": -3.407683725495969, "log10_lambda": -3.3138883581740437, "log10_min_child_weight": 3.8114875139545203, "log10_subsample": -0.061868998376284456, "max_depth": 5.0, "num_boost_round": 7.0}, "datetime": {"datetime": "2024-01-19 00:46:57", "elapsed": 2111.41856, "delta": 0.002437}}
{"target": -17.677141141061558, "params": {"gamma": 978.6575113521745, "log10_alpha": -4.752015273424083, "log10_colsample_bytree": -0.4211008524314128, "log10_eta": -3.407683725495969, "log10_lambda": -3.3138883581740437, "log10_min_child_weight": 3.8114875139545203, "log10_subsample": -0.061868998376284456, "max_depth": 5.0, "num_boost_round": 8.0}, "datetime": {"datetime": "2024-01-19 00:46:57", "elapsed": 2111.421011, "delta": 0.002451}}
{"target": -17.677136631529045, "params": {"gamma": 978.6575113521745, "log10_alpha": -4.752015273424083, "log10_colsample_bytree": -0.4211008524314128, "log10_eta": -3.407683725495969, "log10_lambda": -3.3138883581740437, "log10_min_child_weight": 3.8114875139545203, "log10_subsample": -0.061868998376284456, "max_depth": 5.0, "num_boost_round": 9.0}, "datetime": {"datetime": "2024-01-19 00:46:57", "elapsed": 2111.423463, "delta": 0.002452}}
{"target": -17.677129613289846, "params": {"gamma": 978.6575113521745, "log10_alpha": -4.752015273424083, "log10_colsample_bytree": -0.4211008524314128, "log10_eta": -3.407683725495969, "log10_lambda": -3.3138883581740437, "log10_min_child_weight": 3.8114875139545203, "log10_subsample": -0.061868998376284456, "max_depth": 5.0, "num_boost_round": 10.0}, "datetime": {"datetime": "2024-01-19 00:46:57", "elapsed": 2111.425906, "delta": 0.002443}}
{"target": -17.677120219732085, "params": {"gamma": 978.6575113521745, "log10_alpha": -4.752015273424083, "log10_colsample_bytree": -0.4211008524314128, "log10_eta": -3.407683725495969, "log10_lambda": -3.3138883581740437, "log10_min_child_weight": 3.8114875139545203, "log10_subsample": -0.061868998376284456, "max_depth": 5.0, "num_boost_round": 11.0}, "datetime": {"datetime": "2024-01-19 00:46:57", "elapsed": 2111.428355, "delta": 0.002449}}
{"target": -17.677102693188576, "params": {"gamma": 978.6575113521745, "log10_alpha": -4.752015273424083, "log10_colsample_bytree": -0.4211008524314128, "log10_eta": -3.407683725495969, "log10_lambda": -3.3138883581740437, "log10_min_child_weight": 3.8114875139545203, "log10_subsample": -0.061868998376284456, "max_depth": 5.0, "num_boost_round": 12.0}, "datetime": {"datetime": "2024-01-19 00:46:57", "elapsed": 2111.430923, "delta": 0.002568}}
{"target": -17.677084905208105, "params": {"gamma": 978.6575113521745, "log10_alpha": -4.752015273424083, "log10_colsample_bytree": -0.4211008524314128, "log10_eta": -3.407683725495969, "log10_lambda": -3.3138883581740437, "log10_min_child_weight": 3.8114875139545203, "log10_subsample": -0.061868998376284456, "max_depth": 5.0, "num_boost_round": 13.0}, "datetime": {"datetime": "2024-01-19 00:46:57", "elapsed": 2111.43334, "delta": 0.002417}}
{"target": -17.6770864805824, "params": {"gamma": 978.6575113521745, "log10_alpha": -4.752015273424083, "log10_colsample_bytree": -0.4211008524314128, "log10_eta": -3.407683725495969, "log10_lambda": -3.3138883581740437, "log10_min_child_weight": 3.8114875139545203, "log10_subsample": -0.061868998376284456, "max_depth": 5.0, "num_boost_round": 14.0}, "datetime": {"datetime": "2024-01-19 00:46:57", "elapsed": 2111.435788, "delta": 0.002448}}
{"target": -17.677075349976185, "params": {"gamma": 978.6575113521745, "log10_alpha": -4.752015273424083, "log10_colsample_bytree": -0.4211008524314128, "log10_eta": -3.407683725495969, "log10_lambda": -3.3138883581740437, "log10_min_child_weight": 3.8114875139545203, "log10_subsample": -0.061868998376284456, "max_depth": 5.0, "num_boost_round": 15.0}, "datetime": {"datetime": "2024-01-19 00:46:57", "elapsed": 2111.438203, "delta": 0.002415}}
{"target": -17.677068356845293, "params": {"gamma": 978.6575113521745, "log10_alpha": -4.752015273424083, "log10_colsample_bytree": -0.4211008524314128, "log10_eta": -3.407683725495969, "log10_lambda": -3.3138883581740437, "log10_min_child_weight": 3.8114875139545203, "log10_subsample": -0.061868998376284456, "max_depth": 5.0, "num_boost_round": 16.0}, "datetime": {"datetime": "2024-01-19 00:46:57", "elapsed": 2111.440625, "delta": 0.002422}}
{"target": -17.677070922235718, "params": {"gamma": 978.6575113521745, "log10_alpha": -4.752015273424083, "log10_colsample_bytree": -0.4211008524314128, "log10_eta": -3.407683725495969, "log10_lambda": -3.3138883581740437, "log10_min_child_weight": 3.8114875139545203, "log10_subsample": -0.061868998376284456, "max_depth": 5.0, "num_boost_round": 17.0}, "datetime": {"datetime": "2024-01-19 00:46:57", "elapsed": 2111.44313, "delta": 0.002505}}
{"target": -17.67707012828426, "params": {"gamma": 978.6575113521745, "log10_alpha": -4.752015273424083, "log10_colsample_bytree": -0.4211008524314128, "log10_eta": -3.407683725495969, "log10_lambda": -3.3138883581740437, "log10_min_child_weight": 3.8114875139545203, "log10_subsample": -0.061868998376284456, "max_depth": 5.0, "num_boost_round": 18.0}, "datetime": {"datetime": "2024-01-19 00:46:57", "elapsed": 2111.44556, "delta": 0.00243}}
{"target": -17.677056842800305, "params": {"gamma": 978.6575113521745, "log10_alpha": -4.752015273424083, "log10_colsample_bytree": -0.4211008524314128, "log10_eta": -3.407683725495969, "log10_lambda": -3.3138883581740437, "log10_min_child_weight": 3.8114875139545203, "log10_subsample": -0.061868998376284456, "max_depth": 5.0, "num_boost_round": 19.0}, "datetime": {"datetime": "2024-01-19 00:46:57", "elapsed": 2111.447991, "delta": 0.002431}}
{"target": -17.67703915517416, "params": {"gamma": 978.6575113521745, "log10_alpha": -4.752015273424083, "log10_colsample_bytree": -0.4211008524314128, "log10_eta": -3.407683725495969, "log10_lambda": -3.3138883581740437, "log10_min_child_weight": 3.8114875139545203, "log10_subsample": -0.061868998376284456, "max_depth": 5.0, "num_boost_round": 20.0}, "datetime": {"datetime": "2024-01-19 00:46:57", "elapsed": 2111.450519, "delta": 0.002528}}
{"target": -17.677229566635912, "params": {"gamma": 957.005739259333, "log10_alpha": -4.781569414821808, "log10_colsample_bytree": -0.5677843238883379, "log10_eta": -3.5707898368046216, "log10_lambda": -1.091751940596001, "log10_min_child_weight": 4.521830301379453, "log10_subsample": -0.8067504378340672, "max_depth": 6.0, "num_boost_round": 0.0}, "datetime": {"datetime": "2024-01-19 00:47:23", "elapsed": 2137.233022, "delta": 25.782503}}
{"target": -17.67722840736538, "params": {"gamma": 957.005739259333, "log10_alpha": -4.781569414821808, "log10_colsample_bytree": -0.5677843238883379, "log10_eta": -3.5707898368046216, "log10_lambda": -1.091751940596001, "log10_min_child_weight": 4.521830301379453, "log10_subsample": -0.8067504378340672, "max_depth": 6.0, "num_boost_round": 1.0}, "datetime": {"datetime": "2024-01-19 00:47:23", "elapsed": 2137.236506, "delta": 0.003484}}
{"target": -17.67722798262782, "params": {"gamma": 957.005739259333, "log10_alpha": -4.781569414821808, "log10_colsample_bytree": -0.5677843238883379, "log10_eta": -3.5707898368046216, "log10_lambda": -1.091751940596001, "log10_min_child_weight": 4.521830301379453, "log10_subsample": -0.8067504378340672, "max_depth": 6.0, "num_boost_round": 2.0}, "datetime": {"datetime": "2024-01-19 00:47:23", "elapsed": 2137.239223, "delta": 0.002717}}
