{"target": -13.758468111625012, "params": {"gamma": 491.34578740634913, "log10_alpha": -4.907189601582942, "log10_colsample_bytree": -0.2867475604123314, "log10_eta": -2.739558764746601, "log10_lambda": 0.3685881937655857, "log10_min_child_weight": 0.8304929873805866, "log10_subsample": -0.1507922864495458, "max_depth": 2.0, "num_boost_round": 6.0}, "datetime": {"datetime": "2024-01-19 00:48:53", "elapsed": 2237.197975, "delta": 0.00338}}
{"target": -13.758449876450834, "params": {"gamma": 491.34578740634913, "log10_alpha": -4.907189601582942, "log10_colsample_bytree": -0.2867475604123314, "log10_eta": -2.739558764746601, "log10_lambda": 0.3685881937655857, "log10_min_child_weight": 0.8304929873805866, "log10_subsample": -0.1507922864495458, "max_depth": 2.0, "num_boost_round": 7.0}, "datetime": {"datetime": "2024-01-19 00:48:53", "elapsed": 2237.201366, "delta": 0.003391}}
{"target": -13.758426112370072, "params": {"gamma": 491.34578740634913, "log10_alpha": -4.907189601582942, "log10_colsample_bytree": -0.2867475604123314, "log10_eta": -2.739558764746601, "log10_lambda": 0.3685881937655857, "log10_min_child_weight": 0.8304929873805866, "log10_subsample": -0.1507922864495458, "max_depth": 2.0, "num_boost_round": 8.0}, "datetime": {"datetime": "2024-01-19 00:48:53", "elapsed": 2237.204779, "delta": 0.003413}}
{"target": -13.7584150734381, "params": {"gamma": 491.34578740634913, "log10_alpha": -4.907189601582942, "log10_colsample_bytree": -0.2867475604123314, "log10_eta": -2.739558764746601, "log10_lambda": 0.3685881937655857, "log10_min_child_weight": 0.8304929873805866, "log10_subsample": -0.1507922864495458, "max_depth": 2.0, "num_boost_round": 9.0}, "datetime": {"datetime": "2024-01-19 00:48:53", "elapsed": 2237.208191, "delta": 0.003412}}
{"target": -13.758397686405077, "params": {"gamma": 491.34578740634913, "log10_alpha": -4.907189601582942, "log10_colsample_bytree": -0.2867475604123314, "log10_eta": -2.739558764746601, "log10_lambda": 0.3685881937655857, "log10_min_child_weight": 0.8304929873805866, "log10_subsample": -0.1507922864495458, "max_depth": 2.0, "num_boost_round": 10.0}, "datetime": {"datetime": "2024-01-19 00:48:53", "elapsed": 2237.211836, "delta": 0.003645}}
{"target": -13.75837350392877, "params": {"gamma": 491.34578740634913, "log10_alpha": -4.907189601582942, "log10_colsample_bytree": -0.2867475604123314, "log10_eta": -2.739558764746601, "log10_lambda": 0.3685881937655857, "log10_min_child_weight": 0.8304929873805866, "log10_subsample": -0.1507922864495458, "max_depth": 2.0, "num_boost_round": 11.0}, "datetime": {"datetime": "2024-01-19 00:48:53", "elapsed": 2237.215502, "delta": 0.003666}}
{"target": -13.758356782055133, "params": {"gamma": 491.34578740634913, "log10_alpha": -4.907189601582942, "log10_colsample_bytree": -0.2867475604123314, "log10_eta": -2.739558764746601, "log10_lambda": 0.3685881937655857, "log10_min_child_weight": 0.8304929873805866, "log10_subsample": -0.1507922864495458, "max_depth": 2.0, "num_boost_round": 12.0}, "datetime": {"datetime": "2024-01-19 00:48:53", "elapsed": 2237.219039, "delta": 0.003537}}
{"target": -13.758339828140809, "params": {"gamma": 491.34578740634913, "log10_alpha": -4.907189601582942, "log10_colsample_bytree": -0.2867475604123314, "log10_eta": -2.739558764746601, "log10_lambda": 0.3685881937655857, "log10_min_child_weight": 0.8304929873805866, "log10_subsample": -0.1507922864495458, "max_depth": 2.0, "num_boost_round": 13.0}, "datetime": {"datetime": "2024-01-19 00:48:53", "elapsed": 2237.222486, "delta": 0.003447}}
{"target": -13.758332352653575, "params": {"gamma": 491.34578740634913, "log10_alpha": -4.907189601582942, "log10_colsample_bytree": -0.2867475604123314, "log10_eta": -2.739558764746601, "log10_lambda": 0.3685881937655857, "log10_min_child_weight": 0.8304929873805866, "log10_subsample": -0.1507922864495458, "max_depth": 2.0, "num_boost_round": 14.0}, "datetime": {"datetime": "2024-01-19 00:48:53", "elapsed": 2237.225933, "delta": 0.003447}}
{"target": -13.758297217002994, "params": {"gamma": 491.34578740634913, "log10_alpha": -4.907189601582942, "log10_colsample_bytree": -0.2867475604123314, "log10_eta": -2.739558764746601, "log10_lambda": 0.3685881937655857, "log10_min_child_weight": 0.8304929873805866, "log10_subsample": -0.1507922864495458, "max_depth": 2.0, "num_boost_round": 15.0}, "datetime": {"datetime": "2024-01-19 00:48:53", "elapsed": 2237.229303, "delta": 0.00337}}
{"target": -13.75827241755238, "params": {"gamma": 491.34578740634913, "log10_alpha": -4.907189601582942, "log10_colsample_bytree": -0.2867475604123314, "log10_eta": -2.739558764746601, "log10_lambda": 0.3685881937655857, "log10_min_child_weight": 0.8304929873805866, "log10_subsample": -0.1507922864495458, "max_depth": 2.0, "num_boost_round": 16.0}, "datetime": {"datetime": "2024-01-19 00:48:53", "elapsed": 2237.232775, "delta": 0.003472}}
{"target": -13.758270841606928, "params": {"gamma": 491.34578740634913, "log10_alpha": -4.907189601582942, "log10_colsample_bytree": -0.2867475604123314, "log10_eta": -2.739558764746601, "log10_lambda": 0.3685881937655857, "log10_min_child_weight": 0.8304929873805866, "log10_subsample": -0.1507922864495458, "max_depth": 2.0, "num_boost_round": 17.0}, "datetime": {"datetime": "2024-01-19 00:48:53", "elapsed": 2237.236171, "delta": 0.003396}}
{"target": -13.758249873758475, "params": {"gamma": 491.34578740634913, "log10_alpha": -4.907189601582942, "log10_colsample_bytree": -0.2867475604123314, "log10_eta": -2.739558764746601, "log10_lambda": 0.3685881937655857, "log10_min_child_weight": 0.8304929873805866, "log10_subsample": -0.1507922864495458, "max_depth": 2.0, "num_boost_round": 18.0}, "datetime": {"datetime": "2024-01-19 00:48:53", "elapsed": 2237.239674, "delta": 0.003503}}
{"target": -13.75822715967341, "params": {"gamma": 491.34578740634913, "log10_alpha": -4.907189601582942, "log10_colsample_bytree": -0.2867475604123314, "log10_eta": -2.739558764746601, "log10_lambda": 0.3685881937655857, "log10_min_child_weight": 0.8304929873805866, "log10_subsample": -0.1507922864495458, "max_depth": 2.0, "num_boost_round": 19.0}, "datetime": {"datetime": "2024-01-19 00:48:53", "elapsed": 2237.243098, "delta": 0.003424}}
{"target": -13.75819152831405, "params": {"gamma": 491.34578740634913, "log10_alpha": -4.907189601582942, "log10_colsample_bytree": -0.2867475604123314, "log10_eta": -2.739558764746601, "log10_lambda": 0.3685881937655857, "log10_min_child_weight": 0.8304929873805866, "log10_subsample": -0.1507922864495458, "max_depth": 2.0, "num_boost_round": 20.0}, "datetime": {"datetime": "2024-01-19 00:48:53", "elapsed": 2237.24657, "delta": 0.003472}}
{"target": -13.758184884970913, "params": {"gamma": 491.34578740634913, "log10_alpha": -4.907189601582942, "log10_colsample_bytree": -0.2867475604123314, "log10_eta": -2.739558764746601, "log10_lambda": 0.3685881937655857, "log10_min_child_weight": 0.8304929873805866, "log10_subsample": -0.1507922864495458, "max_depth": 2.0, "num_boost_round": 21.0}, "datetime": {"datetime": "2024-01-19 00:48:53", "elapsed": 2237.249997, "delta": 0.003427}}
{"target": -13.758175874432808, "params": {"gamma": 491.34578740634913, "log10_alpha": -4.907189601582942, "log10_colsample_bytree": -0.2867475604123314, "log10_eta": -2.739558764746601, "log10_lambda": 0.3685881937655857, "log10_min_child_weight": 0.8304929873805866, "log10_subsample": -0.1507922864495458, "max_depth": 2.0, "num_boost_round": 22.0}, "datetime": {"datetime": "2024-01-19 00:48:53", "elapsed": 2237.253486, "delta": 0.003489}}
{"target": -13.758164568554113, "params": {"gamma": 491.34578740634913, "log10_alpha": -4.907189601582942, "log10_colsample_bytree": -0.2867475604123314, "log10_eta": -2.739558764746601, "log10_lambda": 0.3685881937655857, "log10_min_child_weight": 0.8304929873805866, "log10_subsample": -0.1507922864495458, "max_depth": 2.0, "num_boost_round": 23.0}, "datetime": {"datetime": "2024-01-19 00:48:53", "elapsed": 2237.25698, "delta": 0.003494}}
{"target": -13.758164708638864, "params": {"gamma": 491.34578740634913, "log10_alpha": -4.907189601582942, "log10_colsample_bytree": -0.2867475604123314, "log10_eta": -2.739558764746601, "log10_lambda": 0.3685881937655857, "log10_min_child_weight": 0.8304929873805866, "log10_subsample": -0.1507922864495458, "max_depth": 2.0, "num_boost_round": 24.0}, "datetime": {"datetime": "2024-01-19 00:48:53", "elapsed": 2237.260429, "delta": 0.003449}}
{"target": -13.758144215754335, "params": {"gamma": 491.34578740634913, "log10_alpha": -4.907189601582942, "log10_colsample_bytree": -0.2867475604123314, "log10_eta": -2.739558764746601, "log10_lambda": 0.3685881937655857, "log10_min_child_weight": 0.8304929873805866, "log10_subsample": -0.1507922864495458, "max_depth": 2.0, "num_boost_round": 25.0}, "datetime": {"datetime": "2024-01-19 00:48:53", "elapsed": 2237.263962, "delta": 0.003533}}
{"target": -13.75814124236381, "params": {"gamma": 491.34578740634913, "log10_alpha": -4.907189601582942, "log10_colsample_bytree": -0.2867475604123314, "log10_eta": -2.739558764746601, "log10_lambda": 0.3685881937655857, "log10_min_child_weight": 0.8304929873805866, "log10_subsample": -0.1507922864495458, "max_depth": 2.0, "num_boost_round": 26.0}, "datetime": {"datetime": "2024-01-19 00:48:53", "elapsed": 2237.267433, "delta": 0.003471}}
{"target": -13.758141783980506, "params": {"gamma": 491.34578740634913, "log10_alpha": -4.907189601582942, "log10_colsample_bytree": -0.2867475604123314, "log10_eta": -2.739558764746601, "log10_lambda": 0.3685881937655857, "log10_min_child_weight": 0.8304929873805866, "log10_subsample": -0.1507922864495458, "max_depth": 2.0, "num_boost_round": 27.0}, "datetime": {"datetime": "2024-01-19 00:48:53", "elapsed": 2237.270874, "delta": 0.003441}}
{"target": -13.758144181254869, "params": {"gamma": 491.34578740634913, "log10_alpha": -4.907189601582942, "log10_colsample_bytree": -0.2867475604123314, "log10_eta": -2.739558764746601, "log10_lambda": 0.3685881937655857, "log10_min_child_weight": 0.8304929873805866, "log10_subsample": -0.1507922864495458, "max_depth": 2.0, "num_boost_round": 28.0}, "datetime": {"datetime": "2024-01-19 00:48:53", "elapsed": 2237.274352, "delta": 0.003478}}
{"target": -13.758133126556588, "params": {"gamma": 491.34578740634913, "log10_alpha": -4.907189601582942, "log10_colsample_bytree": -0.2867475604123314, "log10_eta": -2.739558764746601, "log10_lambda": 0.3685881937655857, "log10_min_child_weight": 0.8304929873805866, "log10_subsample": -0.1507922864495458, "max_depth": 2.0, "num_boost_round": 29.0}, "datetime": {"datetime": "2024-01-19 00:48:53", "elapsed": 2237.277773, "delta": 0.003421}}
{"target": -13.758115255577998, "params": {"gamma": 491.34578740634913, "log10_alpha": -4.907189601582942, "log10_colsample_bytree": -0.2867475604123314, "log10_eta": -2.739558764746601, "log10_lambda": 0.3685881937655857, "log10_min_child_weight": 0.8304929873805866, "log10_subsample": -0.1507922864495458, "max_depth": 2.0, "num_boost_round": 30.0}, "datetime": {"datetime": "2024-01-19 00:48:53", "elapsed": 2237.281265, "delta": 0.003492}}
{"target": -13.758106998133764, "params": {"gamma": 491.34578740634913, "log10_alpha": -4.907189601582942, "log10_colsample_bytree": -0.2867475604123314, "log10_eta": -2.739558764746601, "log10_lambda": 0.3685881937655857, "log10_min_child_weight": 0.8304929873805866, "log10_subsample": -0.1507922864495458, "max_depth": 2.0, "num_boost_round": 31.0}, "datetime": {"datetime": "2024-01-19 00:48:53", "elapsed": 2237.284695, "delta": 0.00343}}
{"target": -13.758110537885, "params": {"gamma": 491.34578740634913, "log10_alpha": -4.907189601582942, "log10_colsample_bytree": -0.2867475604123314, "log10_eta": -2.739558764746601, "log10_lambda": 0.3685881937655857, "log10_min_child_weight": 0.8304929873805866, "log10_subsample": -0.1507922864495458, "max_depth": 2.0, "num_boost_round": 32.0}, "datetime": {"datetime": "2024-01-19 00:48:53", "elapsed": 2237.288099, "delta": 0.003404}}
{"target": -13.758105504869645, "params": {"gamma": 491.34578740634913, "log10_alpha": -4.907189601582942, "log10_colsample_bytree": -0.2867475604123314, "log10_eta": -2.739558764746601, "log10_lambda": 0.3685881937655857, "log10_min_child_weight": 0.8304929873805866, "log10_subsample": -0.1507922864495458, "max_depth": 2.0, "num_boost_round": 33.0}, "datetime": {"datetime": "2024-01-19 00:48:53", "elapsed": 2237.291552, "delta": 0.003453}}
{"target": -13.758104745799258, "params": {"gamma": 491.34578740634913, "log10_alpha": -4.907189601582942, "log10_colsample_bytree": -0.2867475604123314, "log10_eta": -2.739558764746601, "log10_lambda": 0.3685881937655857, "log10_min_child_weight": 0.8304929873805866, "log10_subsample": -0.1507922864495458, "max_depth": 2.0, "num_boost_round": 34.0}, "datetime": {"datetime": "2024-01-19 00:48:53", "elapsed": 2237.294964, "delta": 0.003412}}
{"target": -13.758109297469634, "params": {"gamma": 491.34578740634913, "log10_alpha": -4.907189601582942, "log10_colsample_bytree": -0.2867475604123314, "log10_eta": -2.739558764746601, "log10_lambda": 0.3685881937655857, "log10_min_child_weight": 0.8304929873805866, "log10_subsample": -0.1507922864495458, "max_depth": 2.0, "num_boost_round": 35.0}, "datetime": {"datetime": "2024-01-19 00:48:53", "elapsed": 2237.298511, "delta": 0.003547}}
{"target": -13.758123435097284, "params": {"gamma": 491.34578740634913, "log10_alpha": -4.907189601582942, "log10_colsample_bytree": -0.2867475604123314, "log10_eta": -2.739558764746601, "log10_lambda": 0.3685881937655857, "log10_min_child_weight": 0.8304929873805866, "log10_subsample": -0.1507922864495458, "max_depth": 2.0, "num_boost_round": 36.0}, "datetime": {"datetime": "2024-01-19 00:48:53", "elapsed": 2237.301912, "delta": 0.003401}}
{"target": -13.758112054524299, "params": {"gamma": 491.34578740634913, "log10_alpha": -4.907189601582942, "log10_colsample_bytree": -0.2867475604123314, "log10_eta": -2.739558764746601, "log10_lambda": 0.3685881937655857, "log10_min_child_weight": 0.8304929873805866, "log10_subsample": -0.1507922864495458, "max_depth": 2.0, "num_boost_round": 37.0}, "datetime": {"datetime": "2024-01-19 00:48:53", "elapsed": 2237.305318, "delta": 0.003406}}
{"target": -13.758117350849137, "params": {"gamma": 491.34578740634913, "log10_alpha": -4.907189601582942, "log10_colsample_bytree": -0.2867475604123314, "log10_eta": -2.739558764746601, "log10_lambda": 0.3685881937655857, "log10_min_child_weight": 0.8304929873805866, "log10_subsample": -0.1507922864495458, "max_depth": 2.0, "num_boost_round": 38.0}, "datetime": {"datetime": "2024-01-19 00:48:53", "elapsed": 2237.308735, "delta": 0.003417}}
{"target": -13.758108251438532, "params": {"gamma": 491.34578740634913, "log10_alpha": -4.907189601582942, "log10_colsample_bytree": -0.2867475604123314, "log10_eta": -2.739558764746601, "log10_lambda": 0.3685881937655857, "log10_min_child_weight": 0.8304929873805866, "log10_subsample": -0.1507922864495458, "max_depth": 2.0, "num_boost_round": 39.0}, "datetime": {"datetime": "2024-01-19 00:48:53", "elapsed": 2237.312165, "delta": 0.00343}}
{"target": -13.758098179084483, "params": {"gamma": 491.34578740634913, "log10_alpha": -4.907189601582942, "log10_colsample_bytree": -0.2867475604123314, "log10_eta": -2.739558764746601, "log10_lambda": 0.3685881937655857, "log10_min_child_weight": 0.8304929873805866, "log10_subsample": -0.1507922864495458, "max_depth": 2.0, "num_boost_round": 40.0}, "datetime": {"datetime": "2024-01-19 00:48:53", "elapsed": 2237.3156, "delta": 0.003435}}
{"target": -13.758092834220875, "params": {"gamma": 491.34578740634913, "log10_alpha": -4.907189601582942, "log10_colsample_bytree": -0.2867475604123314, "log10_eta": -2.739558764746601, "log10_lambda": 0.3685881937655857, "log10_min_child_weight": 0.8304929873805866, "log10_subsample": -0.1507922864495458, "max_depth": 2.0, "num_boost_round": 41.0}, "datetime": {"datetime": "2024-01-19 00:48:53", "elapsed": 2237.319011, "delta": 0.003411}}
{"target": -13.758090749381768, "params": {"gamma": 491.34578740634913, "log10_alpha": -4.907189601582942, "log10_colsample_bytree": -0.2867475604123314, "log10_eta": -2.739558764746601, "log10_lambda": 0.3685881937655857, "log10_min_child_weight": 0.8304929873805866, "log10_subsample": -0.1507922864495458, "max_depth": 2.0, "num_boost_round": 42.0}, "datetime": {"datetime": "2024-01-19 00:48:53", "elapsed": 2237.323234, "delta": 0.004223}}
{"target": -13.758083463840029, "params": {"gamma": 491.34578740634913, "log10_alpha": -4.907189601582942, "log10_colsample_bytree": -0.2867475604123314, "log10_eta": -2.739558764746601, "log10_lambda": 0.3685881937655857, "log10_min_child_weight": 0.8304929873805866, "log10_subsample": -0.1507922864495458, "max_depth": 2.0, "num_boost_round": 43.0}, "datetime": {"datetime": "2024-01-19 00:48:53", "elapsed": 2237.326979, "delta": 0.003745}}
{"target": -13.758068754370044, "params": {"gamma": 491.34578740634913, "log10_alpha": -4.907189601582942, "log10_colsample_bytree": -0.2867475604123314, "log10_eta": -2.739558764746601, "log10_lambda": 0.3685881937655857, "log10_min_child_weight": 0.8304929873805866, "log10_subsample": -0.1507922864495458, "max_depth": 2.0, "num_boost_round": 44.0}, "datetime": {"datetime": "2024-01-19 00:48:53", "elapsed": 2237.330608, "delta": 0.003629}}
{"target": -13.75806745379529, "params": {"gamma": 491.34578740634913, "log10_alpha": -4.907189601582942, "log10_colsample_bytree": -0.2867475604123314, "log10_eta": -2.739558764746601, "log10_lambda": 0.3685881937655857, "log10_min_child_weight": 0.8304929873805866, "log10_subsample": -0.1507922864495458, "max_depth": 2.0, "num_boost_round": 45.0}, "datetime": {"datetime": "2024-01-19 00:48:53", "elapsed": 2237.33411, "delta": 0.003502}}
{"target": -13.758058993336421, "params": {"gamma": 491.34578740634913, "log10_alpha": -4.907189601582942, "log10_colsample_bytree": -0.2867475604123314, "log10_eta": -2.739558764746601, "log10_lambda": 0.3685881937655857, "log10_min_child_weight": 0.8304929873805866, "log10_subsample": -0.1507922864495458, "max_depth": 2.0, "num_boost_round": 46.0}, "datetime": {"datetime": "2024-01-19 00:48:53", "elapsed": 2237.337901, "delta": 0.003791}}
{"target": -13.758051270745284, "params": {"gamma": 491.34578740634913, "log10_alpha": -4.907189601582942, "log10_colsample_bytree": -0.2867475604123314, "log10_eta": -2.739558764746601, "log10_lambda": 0.3685881937655857, "log10_min_child_weight": 0.8304929873805866, "log10_subsample": -0.1507922864495458, "max_depth": 2.0, "num_boost_round": 47.0}, "datetime": {"datetime": "2024-01-19 00:48:53", "elapsed": 2237.341919, "delta": 0.004018}}
{"target": -13.758046125409784, "params": {"gamma": 491.34578740634913, "log10_alpha": -4.907189601582942, "log10_colsample_bytree": -0.2867475604123314, "log10_eta": -2.739558764746601, "log10_lambda": 0.3685881937655857, "log10_min_child_weight": 0.8304929873805866, "log10_subsample": -0.1507922864495458, "max_depth": 2.0, "num_boost_round": 48.0}, "datetime": {"datetime": "2024-01-19 00:48:53", "elapsed": 2237.345883, "delta": 0.003964}}
{"target": -13.758053770704771, "params": {"gamma": 491.34578740634913, "log10_alpha": -4.907189601582942, "log10_colsample_bytree": -0.2867475604123314, "log10_eta": -2.739558764746601, "log10_lambda": 0.3685881937655857, "log10_min_child_weight": 0.8304929873805866, "log10_subsample": -0.1507922864495458, "max_depth": 2.0, "num_boost_round": 49.0}, "datetime": {"datetime": "2024-01-19 00:48:53", "elapsed": 2237.349347, "delta": 0.003464}}
{"target": -13.758061781065152, "params": {"gamma": 491.34578740634913, "log10_alpha": -4.907189601582942, "log10_colsample_bytree": -0.2867475604123314, "log10_eta": -2.739558764746601, "log10_lambda": 0.3685881937655857, "log10_min_child_weight": 0.8304929873805866, "log10_subsample": -0.1507922864495458, "max_depth": 2.0, "num_boost_round": 50.0}, "datetime": {"datetime": "2024-01-19 00:48:53", "elapsed": 2237.352812, "delta": 0.003465}}
{"target": -13.758061142189657, "params": {"gamma": 491.34578740634913, "log10_alpha": -4.907189601582942, "log10_colsample_bytree": -0.2867475604123314, "log10_eta": -2.739558764746601, "log10_lambda": 0.3685881937655857, "log10_min_child_weight": 0.8304929873805866, "log10_subsample": -0.1507922864495458, "max_depth": 2.0, "num_boost_round": 51.0}, "datetime": {"datetime": "2024-01-19 00:48:53", "elapsed": 2237.356327, "delta": 0.003515}}
{"target": -13.758054246624429, "params": {"gamma": 491.34578740634913, "log10_alpha": -4.907189601582942, "log10_colsample_bytree": -0.2867475604123314, "log10_eta": -2.739558764746601, "log10_lambda": 0.3685881937655857, "log10_min_child_weight": 0.8304929873805866, "log10_subsample": -0.1507922864495458, "max_depth": 2.0, "num_boost_round": 52.0}, "datetime": {"datetime": "2024-01-19 00:48:53", "elapsed": 2237.359775, "delta": 0.003448}}
{"target": -13.758729362037341, "params": {"gamma": 492.8006025204822, "log10_alpha": -4.514648582997972, "log10_colsample_bytree": -0.15469127349544842, "log10_eta": -2.408727103365678, "log10_lambda": -4.289261988196547, "log10_min_child_weight": 0.233056953848223, "log10_subsample": -0.4324513501089984, "max_depth": 9.0, "num_boost_round": 0.0}, "datetime": {"datetime": "2024-01-19 00:50:41", "elapsed": 2345.063677, "delta": 107.703902}}
{"target": -13.758848071589565, "params": {"gamma": 492.8006025204822, "log10_alpha": -4.514648582997972, "log10_colsample_bytree": -0.15469127349544842, "log10_eta": -2.408727103365678, "log10_lambda": -4.289261988196547, "log10_min_child_weight": 0.233056953848223, "log10_subsample": -0.4324513501089984, "max_depth": 9.0, "num_boost_round": 1.0}, "datetime": {"datetime": "2024-01-19 00:50:41", "elapsed": 2345.067908, "delta": 0.004231}}
