{"target": -13.757540111668936, "params": {"gamma": 708.6103308031677, "log10_alpha": -2.452490771903797, "log10_colsample_bytree": -0.5051112248308935, "log10_eta": -2.5693937419342356, "log10_lambda": -3.244661512819858, "log10_min_child_weight": 3.0704505976708782, "log10_subsample": -0.6735269778851976, "max_depth": 9.0, "num_boost_round": 29.0}, "datetime": {"datetime": "2024-01-19 01:51:34", "elapsed": 5993.95195, "delta": 0.005665}}
{"target": -13.757530448256475, "params": {"gamma": 708.6103308031677, "log10_alpha": -2.452490771903797, "log10_colsample_bytree": -0.5051112248308935, "log10_eta": -2.5693937419342356, "log10_lambda": -3.244661512819858, "log10_min_child_weight": 3.0704505976708782, "log10_subsample": -0.6735269778851976, "max_depth": 9.0, "num_boost_round": 30.0}, "datetime": {"datetime": "2024-01-19 01:51:34", "elapsed": 5993.957738, "delta": 0.005788}}
{"target": -13.757486265737574, "params": {"gamma": 708.6103308031677, "log10_alpha": -2.452490771903797, "log10_colsample_bytree": -0.5051112248308935, "log10_eta": -2.5693937419342356, "log10_lambda": -3.244661512819858, "log10_min_child_weight": 3.0704505976708782, "log10_subsample": -0.6735269778851976, "max_depth": 9.0, "num_boost_round": 31.0}, "datetime": {"datetime": "2024-01-19 01:51:34", "elapsed": 5993.963509, "delta": 0.005771}}
{"target": -13.757466414468755, "params": {"gamma": 708.6103308031677, "log10_alpha": -2.452490771903797, "log10_colsample_bytree": -0.5051112248308935, "log10_eta": -2.5693937419342356, "log10_lambda": -3.244661512819858, "log10_min_child_weight": 3.0704505976708782, "log10_subsample": -0.6735269778851976, "max_depth": 9.0, "num_boost_round": 32.0}, "datetime": {"datetime": "2024-01-19 01:51:34", "elapsed": 5993.969524, "delta": 0.006015}}
{"target": -13.757407811448987, "params": {"gamma": 708.6103308031677, "log10_alpha": -2.452490771903797, "log10_colsample_bytree": -0.5051112248308935, "log10_eta": -2.5693937419342356, "log10_lambda": -3.244661512819858, "log10_min_child_weight": 3.0704505976708782, "log10_subsample": -0.6735269778851976, "max_depth": 9.0, "num_boost_round": 33.0}, "datetime": {"datetime": "2024-01-19 01:51:34", "elapsed": 5993.975082, "delta": 0.005558}}
{"target": -13.757441138607911, "params": {"gamma": 708.6103308031677, "log10_alpha": -2.452490771903797, "log10_colsample_bytree": -0.5051112248308935, "log10_eta": -2.5693937419342356, "log10_lambda": -3.244661512819858, "log10_min_child_weight": 3.0704505976708782, "log10_subsample": -0.6735269778851976, "max_depth": 9.0, "num_boost_round": 34.0}, "datetime": {"datetime": "2024-01-19 01:51:34", "elapsed": 5993.981058, "delta": 0.005976}}
{"target": -13.757384313568709, "params": {"gamma": 708.6103308031677, "log10_alpha": -2.452490771903797, "log10_colsample_bytree": -0.5051112248308935, "log10_eta": -2.5693937419342356, "log10_lambda": -3.244661512819858, "log10_min_child_weight": 3.0704505976708782, "log10_subsample": -0.6735269778851976, "max_depth": 9.0, "num_boost_round": 35.0}, "datetime": {"datetime": "2024-01-19 01:51:34", "elapsed": 5993.986849, "delta": 0.005791}}
{"target": -13.757387016678129, "params": {"gamma": 708.6103308031677, "log10_alpha": -2.452490771903797, "log10_colsample_bytree": -0.5051112248308935, "log10_eta": -2.5693937419342356, "log10_lambda": -3.244661512819858, "log10_min_child_weight": 3.0704505976708782, "log10_subsample": -0.6735269778851976, "max_depth": 9.0, "num_boost_round": 36.0}, "datetime": {"datetime": "2024-01-19 01:51:34", "elapsed": 5993.992681, "delta": 0.005832}}
{"target": -13.757413526664484, "params": {"gamma": 708.6103308031677, "log10_alpha": -2.452490771903797, "log10_colsample_bytree": -0.5051112248308935, "log10_eta": -2.5693937419342356, "log10_lambda": -3.244661512819858, "log10_min_child_weight": 3.0704505976708782, "log10_subsample": -0.6735269778851976, "max_depth": 9.0, "num_boost_round": 37.0}, "datetime": {"datetime": "2024-01-19 01:51:34", "elapsed": 5993.998443, "delta": 0.005762}}
{"target": -13.757386016389368, "params": {"gamma": 708.6103308031677, "log10_alpha": -2.452490771903797, "log10_colsample_bytree": -0.5051112248308935, "log10_eta": -2.5693937419342356, "log10_lambda": -3.244661512819858, "log10_min_child_weight": 3.0704505976708782, "log10_subsample": -0.6735269778851976, "max_depth": 9.0, "num_boost_round": 38.0}, "datetime": {"datetime": "2024-01-19 01:51:34", "elapsed": 5994.004463, "delta": 0.00602}}
{"target": -13.757311860652374, "params": {"gamma": 708.6103308031677, "log10_alpha": -2.452490771903797, "log10_colsample_bytree": -0.5051112248308935, "log10_eta": -2.5693937419342356, "log10_lambda": -3.244661512819858, "log10_min_child_weight": 3.0704505976708782, "log10_subsample": -0.6735269778851976, "max_depth": 9.0, "num_boost_round": 39.0}, "datetime": {"datetime": "2024-01-19 01:51:34", "elapsed": 5994.010127, "delta": 0.005664}}
{"target": -13.757364355527434, "params": {"gamma": 708.6103308031677, "log10_alpha": -2.452490771903797, "log10_colsample_bytree": -0.5051112248308935, "log10_eta": -2.5693937419342356, "log10_lambda": -3.244661512819858, "log10_min_child_weight": 3.0704505976708782, "log10_subsample": -0.6735269778851976, "max_depth": 9.0, "num_boost_round": 40.0}, "datetime": {"datetime": "2024-01-19 01:51:34", "elapsed": 5994.015826, "delta": 0.005699}}
{"target": -13.757347192957301, "params": {"gamma": 708.6103308031677, "log10_alpha": -2.452490771903797, "log10_colsample_bytree": -0.5051112248308935, "log10_eta": -2.5693937419342356, "log10_lambda": -3.244661512819858, "log10_min_child_weight": 3.0704505976708782, "log10_subsample": -0.6735269778851976, "max_depth": 9.0, "num_boost_round": 41.0}, "datetime": {"datetime": "2024-01-19 01:51:34", "elapsed": 5994.021582, "delta": 0.005756}}
{"target": -13.757383928601637, "params": {"gamma": 708.6103308031677, "log10_alpha": -2.452490771903797, "log10_colsample_bytree": -0.5051112248308935, "log10_eta": -2.5693937419342356, "log10_lambda": -3.244661512819858, "log10_min_child_weight": 3.0704505976708782, "log10_subsample": -0.6735269778851976, "max_depth": 9.0, "num_boost_round": 42.0}, "datetime": {"datetime": "2024-01-19 01:51:34", "elapsed": 5994.027441, "delta": 0.005859}}
{"target": -13.757406705136487, "params": {"gamma": 708.6103308031677, "log10_alpha": -2.452490771903797, "log10_colsample_bytree": -0.5051112248308935, "log10_eta": -2.5693937419342356, "log10_lambda": -3.244661512819858, "log10_min_child_weight": 3.0704505976708782, "log10_subsample": -0.6735269778851976, "max_depth": 9.0, "num_boost_round": 43.0}, "datetime": {"datetime": "2024-01-19 01:51:34", "elapsed": 5994.033417, "delta": 0.005976}}
{"target": -13.757351248795121, "params": {"gamma": 708.6103308031677, "log10_alpha": -2.452490771903797, "log10_colsample_bytree": -0.5051112248308935, "log10_eta": -2.5693937419342356, "log10_lambda": -3.244661512819858, "log10_min_child_weight": 3.0704505976708782, "log10_subsample": -0.6735269778851976, "max_depth": 9.0, "num_boost_round": 44.0}, "datetime": {"datetime": "2024-01-19 01:51:34", "elapsed": 5994.039547, "delta": 0.00613}}
{"target": -13.757305687291337, "params": {"gamma": 708.6103308031677, "log10_alpha": -2.452490771903797, "log10_colsample_bytree": -0.5051112248308935, "log10_eta": -2.5693937419342356, "log10_lambda": -3.244661512819858, "log10_min_child_weight": 3.0704505976708782, "log10_subsample": -0.6735269778851976, "max_depth": 9.0, "num_boost_round": 45.0}, "datetime": {"datetime": "2024-01-19 01:51:34", "elapsed": 5994.045374, "delta": 0.005827}}
{"target": -13.757253979905835, "params": {"gamma": 708.6103308031677, "log10_alpha": -2.452490771903797, "log10_colsample_bytree": -0.5051112248308935, "log10_eta": -2.5693937419342356, "log10_lambda": -3.244661512819858, "log10_min_child_weight": 3.0704505976708782, "log10_subsample": -0.6735269778851976, "max_depth": 9.0, "num_boost_round": 46.0}, "datetime": {"datetime": "2024-01-19 01:51:34", "elapsed": 5994.051122, "delta": 0.005748}}
{"target": -13.757241933067583, "params": {"gamma": 708.6103308031677, "log10_alpha": -2.452490771903797, "log10_colsample_bytree": -0.5051112248308935, "log10_eta": -2.5693937419342356, "log10_lambda": -3.244661512819858, "log10_min_child_weight": 3.0704505976708782, "log10_subsample": -0.6735269778851976, "max_depth": 9.0, "num_boost_round": 47.0}, "datetime": {"datetime": "2024-01-19 01:51:34", "elapsed": 5994.056785, "delta": 0.005663}}
{"target": -13.757236787007177, "params": {"gamma": 708.6103308031677, "log10_alpha": -2.452490771903797, "log10_colsample_bytree": -0.5051112248308935, "log10_eta": -2.5693937419342356, "log10_lambda": -3.244661512819858, "log10_min_child_weight": 3.0704505976708782, "log10_subsample": -0.6735269778851976, "max_depth": 9.0, "num_boost_round": 48.0}, "datetime": {"datetime": "2024-01-19 01:51:34", "elapsed": 5994.062551, "delta": 0.005766}}
{"target": -13.757189671452526, "params": {"gamma": 708.6103308031677, "log10_alpha": -2.452490771903797, "log10_colsample_bytree": -0.5051112248308935, "log10_eta": -2.5693937419342356, "log10_lambda": -3.244661512819858, "log10_min_child_weight": 3.0704505976708782, "log10_subsample": -0.6735269778851976, "max_depth": 9.0, "num_boost_round": 49.0}, "datetime": {"datetime": "2024-01-19 01:51:34", "elapsed": 5994.068271, "delta": 0.00572}}
{"target": -13.75713820184261, "params": {"gamma": 708.6103308031677, "log10_alpha": -2.452490771903797, "log10_colsample_bytree": -0.5051112248308935, "log10_eta": -2.5693937419342356, "log10_lambda": -3.244661512819858, "log10_min_child_weight": 3.0704505976708782, "log10_subsample": -0.6735269778851976, "max_depth": 9.0, "num_boost_round": 50.0}, "datetime": {"datetime": "2024-01-19 01:51:34", "elapsed": 5994.075405, "delta": 0.007134}}
{"target": -13.757104221724893, "params": {"gamma": 708.6103308031677, "log10_alpha": -2.452490771903797, "log10_colsample_bytree": -0.5051112248308935, "log10_eta": -2.5693937419342356, "log10_lambda": -3.244661512819858, "log10_min_child_weight": 3.0704505976708782, "log10_subsample": -0.6735269778851976, "max_depth": 9.0, "num_boost_round": 51.0}, "datetime": {"datetime": "2024-01-19 01:51:34", "elapsed": 5994.082496, "delta": 0.007091}}
{"target": -13.75706740529933, "params": {"gamma": 708.6103308031677, "log10_alpha": -2.452490771903797, "log10_colsample_bytree": -0.5051112248308935, "log10_eta": -2.5693937419342356, "log10_lambda": -3.244661512819858, "log10_min_child_weight": 3.0704505976708782, "log10_subsample": -0.6735269778851976, "max_depth": 9.0, "num_boost_round": 52.0}, "datetime": {"datetime": "2024-01-19 01:51:35", "elapsed": 5994.088627, "delta": 0.006131}}
{"target": -13.757032358075671, "params": {"gamma": 708.6103308031677, "log10_alpha": -2.452490771903797, "log10_colsample_bytree": -0.5051112248308935, "log10_eta": -2.5693937419342356, "log10_lambda": -3.244661512819858, "log10_min_child_weight": 3.0704505976708782, "log10_subsample": -0.6735269778851976, "max_depth": 9.0, "num_boost_round": 53.0}, "datetime": {"datetime": "2024-01-19 01:51:35", "elapsed": 5994.094703, "delta": 0.006076}}
{"target": -13.756994196619862, "params": {"gamma": 708.6103308031677, "log10_alpha": -2.452490771903797, "log10_colsample_bytree": -0.5051112248308935, "log10_eta": -2.5693937419342356, "log10_lambda": -3.244661512819858, "log10_min_child_weight": 3.0704505976708782, "log10_subsample": -0.6735269778851976, "max_depth": 9.0, "num_boost_round": 54.0}, "datetime": {"datetime": "2024-01-19 01:51:35", "elapsed": 5994.100305, "delta": 0.005602}}
{"target": -13.756974442610979, "params": {"gamma": 708.6103308031677, "log10_alpha": -2.452490771903797, "log10_colsample_bytree": -0.5051112248308935, "log10_eta": -2.5693937419342356, "log10_lambda": -3.244661512819858, "log10_min_child_weight": 3.0704505976708782, "log10_subsample": -0.6735269778851976, "max_depth": 9.0, "num_boost_round": 55.0}, "datetime": {"datetime": "2024-01-19 01:51:35", "elapsed": 5994.106039, "delta": 0.005734}}
{"target": -13.75691664910329, "params": {"gamma": 708.6103308031677, "log10_alpha": -2.452490771903797, "log10_colsample_bytree": -0.5051112248308935, "log10_eta": -2.5693937419342356, "log10_lambda": -3.244661512819858, "log10_min_child_weight": 3.0704505976708782, "log10_subsample": -0.6735269778851976, "max_depth": 9.0, "num_boost_round": 56.0}, "datetime": {"datetime": "2024-01-19 01:51:35", "elapsed": 5994.111962, "delta": 0.005923}}
{"target": -13.75687377400738, "params": {"gamma": 708.6103308031677, "log10_alpha": -2.452490771903797, "log10_colsample_bytree": -0.5051112248308935, "log10_eta": -2.5693937419342356, "log10_lambda": -3.244661512819858, "log10_min_child_weight": 3.0704505976708782, "log10_subsample": -0.6735269778851976, "max_depth": 9.0, "num_boost_round": 57.0}, "datetime": {"datetime": "2024-01-19 01:51:35", "elapsed": 5994.117689, "delta": 0.005727}}
{"target": -13.75680101213647, "params": {"gamma": 708.6103308031677, "log10_alpha": -2.452490771903797, "log10_colsample_bytree": -0.5051112248308935, "log10_eta": -2.5693937419342356, "log10_lambda": -3.244661512819858, "log10_min_child_weight": 3.0704505976708782, "log10_subsample": -0.6735269778851976, "max_depth": 9.0, "num_boost_round": 58.0}, "datetime": {"datetime": "2024-01-19 01:51:35", "elapsed": 5994.123638, "delta": 0.005949}}
{"target": -13.756739544996766, "params": {"gamma": 708.6103308031677, "log10_alpha": -2.452490771903797, "log10_colsample_bytree": -0.5051112248308935, "log10_eta": -2.5693937419342356, "log10_lambda": -3.244661512819858, "log10_min_child_weight": 3.0704505976708782, "log10_subsample": -0.6735269778851976, "max_depth": 9.0, "num_boost_round": 59.0}, "datetime": {"datetime": "2024-01-19 01:51:35", "elapsed": 5994.12929, "delta": 0.005652}}
{"target": -13.756722138992087, "params": {"gamma": 708.6103308031677, "log10_alpha": -2.452490771903797, "log10_colsample_bytree": -0.5051112248308935, "log10_eta": -2.5693937419342356, "log10_lambda": -3.244661512819858, "log10_min_child_weight": 3.0704505976708782, "log10_subsample": -0.6735269778851976, "max_depth": 9.0, "num_boost_round": 60.0}, "datetime": {"datetime": "2024-01-19 01:51:35", "elapsed": 5994.135101, "delta": 0.005811}}
{"target": -13.756696094202956, "params": {"gamma": 708.6103308031677, "log10_alpha": -2.452490771903797, "log10_colsample_bytree": -0.5051112248308935, "log10_eta": -2.5693937419342356, "log10_lambda": -3.244661512819858, "log10_min_child_weight": 3.0704505976708782, "log10_subsample": -0.6735269778851976, "max_depth": 9.0, "num_boost_round": 61.0}, "datetime": {"datetime": "2024-01-19 01:51:35", "elapsed": 5994.14087, "delta": 0.005769}}
{"target": -13.756653934379907, "params": {"gamma": 708.6103308031677, "log10_alpha": -2.452490771903797, "log10_colsample_bytree": -0.5051112248308935, "log10_eta": -2.5693937419342356, "log10_lambda": -3.244661512819858, "log10_min_child_weight": 3.0704505976708782, "log10_subsample": -0.6735269778851976, "max_depth": 9.0, "num_boost_round": 62.0}, "datetime": {"datetime": "2024-01-19 01:51:35", "elapsed": 5994.146794, "delta": 0.005924}}
{"target": -13.756676599639448, "params": {"gamma": 708.6103308031677, "log10_alpha": -2.452490771903797, "log10_colsample_bytree": -0.5051112248308935, "log10_eta": -2.5693937419342356, "log10_lambda": -3.244661512819858, "log10_min_child_weight": 3.0704505976708782, "log10_subsample": -0.6735269778851976, "max_depth": 9.0, "num_boost_round": 63.0}, "datetime": {"datetime": "2024-01-19 01:51:35", "elapsed": 5994.152448, "delta": 0.005654}}
{"target": -13.7566927226202, "params": {"gamma": 708.6103308031677, "log10_alpha": -2.452490771903797, "log10_colsample_bytree": -0.5051112248308935, "log10_eta": -2.5693937419342356, "log10_lambda": -3.244661512819858, "log10_min_child_weight": 3.0704505976708782, "log10_subsample": -0.6735269778851976, "max_depth": 9.0, "num_boost_round": 64.0}, "datetime": {"datetime": "2024-01-19 01:51:35", "elapsed": 5994.157915, "delta": 0.005467}}
{"target": -13.756667306029826, "params": {"gamma": 708.6103308031677, "log10_alpha": -2.452490771903797, "log10_colsample_bytree": -0.5051112248308935, "log10_eta": -2.5693937419342356, "log10_lambda": -3.244661512819858, "log10_min_child_weight": 3.0704505976708782, "log10_subsample": -0.6735269778851976, "max_depth": 9.0, "num_boost_round": 65.0}, "datetime": {"datetime": "2024-01-19 01:51:35", "elapsed": 5994.163566, "delta": 0.005651}}
{"target": -13.756576530278759, "params": {"gamma": 708.6103308031677, "log10_alpha": -2.452490771903797, "log10_colsample_bytree": -0.5051112248308935, "log10_eta": -2.5693937419342356, "log10_lambda": -3.244661512819858, "log10_min_child_weight": 3.0704505976708782, "log10_subsample": -0.6735269778851976, "max_depth": 9.0, "num_boost_round": 66.0}, "datetime": {"datetime": "2024-01-19 01:51:35", "elapsed": 5994.16931, "delta": 0.005744}}
{"target": -13.756583710682905, "params": {"gamma": 708.6103308031677, "log10_alpha": -2.452490771903797, "log10_colsample_bytree": -0.5051112248308935, "log10_eta": -2.5693937419342356, "log10_lambda": -3.244661512819858, "log10_min_child_weight": 3.0704505976708782, "log10_subsample": -0.6735269778851976, "max_depth": 9.0, "num_boost_round": 67.0}, "datetime": {"datetime": "2024-01-19 01:51:35", "elapsed": 5994.175199, "delta": 0.005889}}
{"target": -13.756626680569129, "params": {"gamma": 708.6103308031677, "log10_alpha": -2.452490771903797, "log10_colsample_bytree": -0.5051112248308935, "log10_eta": -2.5693937419342356, "log10_lambda": -3.244661512819858, "log10_min_child_weight": 3.0704505976708782, "log10_subsample": -0.6735269778851976, "max_depth": 9.0, "num_boost_round": 68.0}, "datetime": {"datetime": "2024-01-19 01:51:35", "elapsed": 5994.181876, "delta": 0.006677}}
{"target": -13.756587402067725, "params": {"gamma": 708.6103308031677, "log10_alpha": -2.452490771903797, "log10_colsample_bytree": -0.5051112248308935, "log10_eta": -2.5693937419342356, "log10_lambda": -3.244661512819858, "log10_min_child_weight": 3.0704505976708782, "log10_subsample": -0.6735269778851976, "max_depth": 9.0, "num_boost_round": 69.0}, "datetime": {"datetime": "2024-01-19 01:51:35", "elapsed": 5994.187919, "delta": 0.006043}}
{"target": -13.756564290544745, "params": {"gamma": 708.6103308031677, "log10_alpha": -2.452490771903797, "log10_colsample_bytree": -0.5051112248308935, "log10_eta": -2.5693937419342356, "log10_lambda": -3.244661512819858, "log10_min_child_weight": 3.0704505976708782, "log10_subsample": -0.6735269778851976, "max_depth": 9.0, "num_boost_round": 70.0}, "datetime": {"datetime": "2024-01-19 01:51:35", "elapsed": 5994.193579, "delta": 0.00566}}
{"target": -13.756515520030709, "params": {"gamma": 708.6103308031677, "log10_alpha": -2.452490771903797, "log10_colsample_bytree": -0.5051112248308935, "log10_eta": -2.5693937419342356, "log10_lambda": -3.244661512819858, "log10_min_child_weight": 3.0704505976708782, "log10_subsample": -0.6735269778851976, "max_depth": 9.0, "num_boost_round": 71.0}, "datetime": {"datetime": "2024-01-19 01:51:35", "elapsed": 5994.199283, "delta": 0.005704}}
{"target": -13.756501755230529, "params": {"gamma": 708.6103308031677, "log10_alpha": -2.452490771903797, "log10_colsample_bytree": -0.5051112248308935, "log10_eta": -2.5693937419342356, "log10_lambda": -3.244661512819858, "log10_min_child_weight": 3.0704505976708782, "log10_subsample": -0.6735269778851976, "max_depth": 9.0, "num_boost_round": 72.0}, "datetime": {"datetime": "2024-01-19 01:51:35", "elapsed": 5994.205188, "delta": 0.005905}}
{"target": -13.75648368582186, "params": {"gamma": 708.6103308031677, "log10_alpha": -2.452490771903797, "log10_colsample_bytree": -0.5051112248308935, "log10_eta": -2.5693937419342356, "log10_lambda": -3.244661512819858, "log10_min_child_weight": 3.0704505976708782, "log10_subsample": -0.6735269778851976, "max_depth": 9.0, "num_boost_round": 73.0}, "datetime": {"datetime": "2024-01-19 01:51:35", "elapsed": 5994.211, "delta": 0.005812}}
{"target": -13.756478434361796, "params": {"gamma": 708.6103308031677, "log10_alpha": -2.452490771903797, "log10_colsample_bytree": -0.5051112248308935, "log10_eta": -2.5693937419342356, "log10_lambda": -3.244661512819858, "log10_min_child_weight": 3.0704505976708782, "log10_subsample": -0.6735269778851976, "max_depth": 9.0, "num_boost_round": 74.0}, "datetime": {"datetime": "2024-01-19 01:51:35", "elapsed": 5994.217018, "delta": 0.006018}}
{"target": -13.756451864413524, "params": {"gamma": 708.6103308031677, "log10_alpha": -2.452490771903797, "log10_colsample_bytree": -0.5051112248308935, "log10_eta": -2.5693937419342356, "log10_lambda": -3.244661512819858, "log10_min_child_weight": 3.0704505976708782, "log10_subsample": -0.6735269778851976, "max_depth": 9.0, "num_boost_round": 75.0}, "datetime": {"datetime": "2024-01-19 01:51:35", "elapsed": 5994.222726, "delta": 0.005708}}
{"target": -13.756452176985517, "params": {"gamma": 708.6103308031677, "log10_alpha": -2.452490771903797, "log10_colsample_bytree": -0.5051112248308935, "log10_eta": -2.5693937419342356, "log10_lambda": -3.244661512819858, "log10_min_child_weight": 3.0704505976708782, "log10_subsample": -0.6735269778851976, "max_depth": 9.0, "num_boost_round": 76.0}, "datetime": {"datetime": "2024-01-19 01:51:35", "elapsed": 5994.228408, "delta": 0.005682}}
{"target": -13.75647513847069, "params": {"gamma": 708.6103308031677, "log10_alpha": -2.452490771903797, "log10_colsample_bytree": -0.5051112248308935, "log10_eta": -2.5693937419342356, "log10_lambda": -3.244661512819858, "log10_min_child_weight": 3.0704505976708782, "log10_subsample": -0.6735269778851976, "max_depth": 9.0, "num_boost_round": 77.0}, "datetime": {"datetime": "2024-01-19 01:51:35", "elapsed": 5994.234151, "delta": 0.005743}}
