{"target": -17.7624324844932, "params": {"gamma": 165.01260386210993, "log10_alpha": -2.4578881605783467, "log10_colsample_bytree": -0.8180368795303328, "log10_eta": -0.9383498048873435, "log10_lambda": -4.789960636725178, "log10_min_child_weight": 1.8769763214936819, "log10_subsample": -0.9396149999551036, "max_depth": 9.0, "num_boost_round": 12.0}, "datetime": {"datetime": "2024-01-19 00:38:24", "elapsed": 1588.649452, "delta": 0.002509}}
{"target": -17.771629548830038, "params": {"gamma": 165.01260386210993, "log10_alpha": -2.4578881605783467, "log10_colsample_bytree": -0.8180368795303328, "log10_eta": -0.9383498048873435, "log10_lambda": -4.789960636725178, "log10_min_child_weight": 1.8769763214936819, "log10_subsample": -0.9396149999551036, "max_depth": 9.0, "num_boost_round": 13.0}, "datetime": {"datetime": "2024-01-19 00:38:24", "elapsed": 1588.651818, "delta": 0.002366}}
{"target": -17.779291688910444, "params": {"gamma": 165.01260386210993, "log10_alpha": -2.4578881605783467, "log10_colsample_bytree": -0.8180368795303328, "log10_eta": -0.9383498048873435, "log10_lambda": -4.789960636725178, "log10_min_child_weight": 1.8769763214936819, "log10_subsample": -0.9396149999551036, "max_depth": 9.0, "num_boost_round": 14.0}, "datetime": {"datetime": "2024-01-19 00:38:24", "elapsed": 1588.65413, "delta": 0.002312}}
{"target": -17.677233153479, "params": {"gamma": 144.02003650056315, "log10_alpha": -0.6065737429441498, "log10_colsample_bytree": -0.18203516527086472, "log10_eta": -3.971269191963463, "log10_lambda": -2.3858644461444323, "log10_min_child_weight": 3.7682838655951083, "log10_subsample": -0.6517720610124695, "max_depth": 5.0, "num_boost_round": 0.0}, "datetime": {"datetime": "2024-01-19 00:38:52", "elapsed": 1616.943373, "delta": 28.289243}}
{"target": -17.677233819479092, "params": {"gamma": 144.02003650056315, "log10_alpha": -0.6065737429441498, "log10_colsample_bytree": -0.18203516527086472, "log10_eta": -3.971269191963463, "log10_lambda": -2.3858644461444323, "log10_min_child_weight": 3.7682838655951083, "log10_subsample": -0.6517720610124695, "max_depth": 5.0, "num_boost_round": 1.0}, "datetime": {"datetime": "2024-01-19 00:38:52", "elapsed": 1616.945853, "delta": 0.00248}}
{"target": -17.677236452132224, "params": {"gamma": 144.02003650056315, "log10_alpha": -0.6065737429441498, "log10_colsample_bytree": -0.18203516527086472, "log10_eta": -3.971269191963463, "log10_lambda": -2.3858644461444323, "log10_min_child_weight": 3.7682838655951083, "log10_subsample": -0.6517720610124695, "max_depth": 5.0, "num_boost_round": 2.0}, "datetime": {"datetime": "2024-01-19 00:38:52", "elapsed": 1616.948246, "delta": 0.002393}}
{"target": -17.677236124778908, "params": {"gamma": 144.02003650056315, "log10_alpha": -0.6065737429441498, "log10_colsample_bytree": -0.18203516527086472, "log10_eta": -3.971269191963463, "log10_lambda": -2.3858644461444323, "log10_min_child_weight": 3.7682838655951083, "log10_subsample": -0.6517720610124695, "max_depth": 5.0, "num_boost_round": 3.0}, "datetime": {"datetime": "2024-01-19 00:38:52", "elapsed": 1616.950834, "delta": 0.002588}}
{"target": -17.677234983280137, "params": {"gamma": 144.02003650056315, "log10_alpha": -0.6065737429441498, "log10_colsample_bytree": -0.18203516527086472, "log10_eta": -3.971269191963463, "log10_lambda": -2.3858644461444323, "log10_min_child_weight": 3.7682838655951083, "log10_subsample": -0.6517720610124695, "max_depth": 5.0, "num_boost_round": 4.0}, "datetime": {"datetime": "2024-01-19 00:38:52", "elapsed": 1616.954115, "delta": 0.003281}}
{"target": -17.677234960537408, "params": {"gamma": 144.02003650056315, "log10_alpha": -0.6065737429441498, "log10_colsample_bytree": -0.18203516527086472, "log10_eta": -3.971269191963463, "log10_lambda": -2.3858644461444323, "log10_min_child_weight": 3.7682838655951083, "log10_subsample": -0.6517720610124695, "max_depth": 5.0, "num_boost_round": 5.0}, "datetime": {"datetime": "2024-01-19 00:38:52", "elapsed": 1616.956439, "delta": 0.002324}}
{"target": -17.67723461416647, "params": {"gamma": 144.02003650056315, "log10_alpha": -0.6065737429441498, "log10_colsample_bytree": -0.18203516527086472, "log10_eta": -3.971269191963463, "log10_lambda": -2.3858644461444323, "log10_min_child_weight": 3.7682838655951083, "log10_subsample": -0.6517720610124695, "max_depth": 5.0, "num_boost_round": 6.0}, "datetime": {"datetime": "2024-01-19 00:38:52", "elapsed": 1616.958867, "delta": 0.002428}}
{"target": -17.67723361354633, "params": {"gamma": 144.02003650056315, "log10_alpha": -0.6065737429441498, "log10_colsample_bytree": -0.18203516527086472, "log10_eta": -3.971269191963463, "log10_lambda": -2.3858644461444323, "log10_min_child_weight": 3.7682838655951083, "log10_subsample": -0.6517720610124695, "max_depth": 5.0, "num_boost_round": 7.0}, "datetime": {"datetime": "2024-01-19 00:38:52", "elapsed": 1616.961147, "delta": 0.00228}}
{"target": -17.677234954532665, "params": {"gamma": 144.02003650056315, "log10_alpha": -0.6065737429441498, "log10_colsample_bytree": -0.18203516527086472, "log10_eta": -3.971269191963463, "log10_lambda": -2.3858644461444323, "log10_min_child_weight": 3.7682838655951083, "log10_subsample": -0.6517720610124695, "max_depth": 5.0, "num_boost_round": 8.0}, "datetime": {"datetime": "2024-01-19 00:38:52", "elapsed": 1616.963466, "delta": 0.002319}}
{"target": -17.677236063885264, "params": {"gamma": 144.02003650056315, "log10_alpha": -0.6065737429441498, "log10_colsample_bytree": -0.18203516527086472, "log10_eta": -3.971269191963463, "log10_lambda": -2.3858644461444323, "log10_min_child_weight": 3.7682838655951083, "log10_subsample": -0.6517720610124695, "max_depth": 5.0, "num_boost_round": 9.0}, "datetime": {"datetime": "2024-01-19 00:38:52", "elapsed": 1616.965776, "delta": 0.00231}}
{"target": -17.69851872827402, "params": {"gamma": 167.65805853905601, "log10_alpha": -0.646627317022455, "log10_colsample_bytree": -0.9768448160178089, "log10_eta": -0.7479305075250071, "log10_lambda": -1.8253934070030922, "log10_min_child_weight": 0.009212117235654071, "log10_subsample": -0.9704825114413344, "max_depth": 9.0, "num_boost_round": 0.0}, "datetime": {"datetime": "2024-01-19 00:39:43", "elapsed": 1668.286878, "delta": 51.321102}}
{"target": -17.720828281823074, "params": {"gamma": 167.65805853905601, "log10_alpha": -0.646627317022455, "log10_colsample_bytree": -0.9768448160178089, "log10_eta": -0.7479305075250071, "log10_lambda": -1.8253934070030922, "log10_min_child_weight": 0.009212117235654071, "log10_subsample": -0.9704825114413344, "max_depth": 9.0, "num_boost_round": 1.0}, "datetime": {"datetime": "2024-01-19 00:39:43", "elapsed": 1668.290745, "delta": 0.003867}}
{"target": -17.73413682925995, "params": {"gamma": 167.65805853905601, "log10_alpha": -0.646627317022455, "log10_colsample_bytree": -0.9768448160178089, "log10_eta": -0.7479305075250071, "log10_lambda": -1.8253934070030922, "log10_min_child_weight": 0.009212117235654071, "log10_subsample": -0.9704825114413344, "max_depth": 9.0, "num_boost_round": 2.0}, "datetime": {"datetime": "2024-01-19 00:39:43", "elapsed": 1668.293839, "delta": 0.003094}}
{"target": -17.744035735488705, "params": {"gamma": 167.65805853905601, "log10_alpha": -0.646627317022455, "log10_colsample_bytree": -0.9768448160178089, "log10_eta": -0.7479305075250071, "log10_lambda": -1.8253934070030922, "log10_min_child_weight": 0.009212117235654071, "log10_subsample": -0.9704825114413344, "max_depth": 9.0, "num_boost_round": 3.0}, "datetime": {"datetime": "2024-01-19 00:39:43", "elapsed": 1668.296325, "delta": 0.002486}}
{"target": -17.75180468612975, "params": {"gamma": 167.65805853905601, "log10_alpha": -0.646627317022455, "log10_colsample_bytree": -0.9768448160178089, "log10_eta": -0.7479305075250071, "log10_lambda": -1.8253934070030922, "log10_min_child_weight": 0.009212117235654071, "log10_subsample": -0.9704825114413344, "max_depth": 9.0, "num_boost_round": 4.0}, "datetime": {"datetime": "2024-01-19 00:39:43", "elapsed": 1668.298914, "delta": 0.002589}}
{"target": -17.768884236446482, "params": {"gamma": 167.65805853905601, "log10_alpha": -0.646627317022455, "log10_colsample_bytree": -0.9768448160178089, "log10_eta": -0.7479305075250071, "log10_lambda": -1.8253934070030922, "log10_min_child_weight": 0.009212117235654071, "log10_subsample": -0.9704825114413344, "max_depth": 9.0, "num_boost_round": 5.0}, "datetime": {"datetime": "2024-01-19 00:39:43", "elapsed": 1668.301397, "delta": 0.002483}}
{"target": -17.788543470552767, "params": {"gamma": 167.65805853905601, "log10_alpha": -0.646627317022455, "log10_colsample_bytree": -0.9768448160178089, "log10_eta": -0.7479305075250071, "log10_lambda": -1.8253934070030922, "log10_min_child_weight": 0.009212117235654071, "log10_subsample": -0.9704825114413344, "max_depth": 9.0, "num_boost_round": 6.0}, "datetime": {"datetime": "2024-01-19 00:39:43", "elapsed": 1668.303801, "delta": 0.002404}}
{"target": -17.799580240634818, "params": {"gamma": 167.65805853905601, "log10_alpha": -0.646627317022455, "log10_colsample_bytree": -0.9768448160178089, "log10_eta": -0.7479305075250071, "log10_lambda": -1.8253934070030922, "log10_min_child_weight": 0.009212117235654071, "log10_subsample": -0.9704825114413344, "max_depth": 9.0, "num_boost_round": 7.0}, "datetime": {"datetime": "2024-01-19 00:39:43", "elapsed": 1668.306259, "delta": 0.002458}}
{"target": -17.81326239988009, "params": {"gamma": 167.65805853905601, "log10_alpha": -0.646627317022455, "log10_colsample_bytree": -0.9768448160178089, "log10_eta": -0.7479305075250071, "log10_lambda": -1.8253934070030922, "log10_min_child_weight": 0.009212117235654071, "log10_subsample": -0.9704825114413344, "max_depth": 9.0, "num_boost_round": 8.0}, "datetime": {"datetime": "2024-01-19 00:39:43", "elapsed": 1668.308615, "delta": 0.002356}}
{"target": -17.824074571030962, "params": {"gamma": 167.65805853905601, "log10_alpha": -0.646627317022455, "log10_colsample_bytree": -0.9768448160178089, "log10_eta": -0.7479305075250071, "log10_lambda": -1.8253934070030922, "log10_min_child_weight": 0.009212117235654071, "log10_subsample": -0.9704825114413344, "max_depth": 9.0, "num_boost_round": 9.0}, "datetime": {"datetime": "2024-01-19 00:39:43", "elapsed": 1668.310995, "delta": 0.00238}}
{"target": -17.94908894551119, "params": {"gamma": 167.65805853905601, "log10_alpha": -0.646627317022455, "log10_colsample_bytree": -0.9768448160178089, "log10_eta": -0.7479305075250071, "log10_lambda": -1.8253934070030922, "log10_min_child_weight": 0.009212117235654071, "log10_subsample": -0.9704825114413344, "max_depth": 9.0, "num_boost_round": 10.0}, "datetime": {"datetime": "2024-01-19 00:39:43", "elapsed": 1668.313324, "delta": 0.002329}}
{"target": -17.963641476105735, "params": {"gamma": 167.65805853905601, "log10_alpha": -0.646627317022455, "log10_colsample_bytree": -0.9768448160178089, "log10_eta": -0.7479305075250071, "log10_lambda": -1.8253934070030922, "log10_min_child_weight": 0.009212117235654071, "log10_subsample": -0.9704825114413344, "max_depth": 9.0, "num_boost_round": 11.0}, "datetime": {"datetime": "2024-01-19 00:39:43", "elapsed": 1668.315699, "delta": 0.002375}}
{"target": -17.98194367253629, "params": {"gamma": 167.65805853905601, "log10_alpha": -0.646627317022455, "log10_colsample_bytree": -0.9768448160178089, "log10_eta": -0.7479305075250071, "log10_lambda": -1.8253934070030922, "log10_min_child_weight": 0.009212117235654071, "log10_subsample": -0.9704825114413344, "max_depth": 9.0, "num_boost_round": 12.0}, "datetime": {"datetime": "2024-01-19 00:39:43", "elapsed": 1668.318113, "delta": 0.002414}}
{"target": -17.98758976648859, "params": {"gamma": 167.65805853905601, "log10_alpha": -0.646627317022455, "log10_colsample_bytree": -0.9768448160178089, "log10_eta": -0.7479305075250071, "log10_lambda": -1.8253934070030922, "log10_min_child_weight": 0.009212117235654071, "log10_subsample": -0.9704825114413344, "max_depth": 9.0, "num_boost_round": 13.0}, "datetime": {"datetime": "2024-01-19 00:39:43", "elapsed": 1668.320504, "delta": 0.002391}}
{"target": -18.009550518750284, "params": {"gamma": 167.65805853905601, "log10_alpha": -0.646627317022455, "log10_colsample_bytree": -0.9768448160178089, "log10_eta": -0.7479305075250071, "log10_lambda": -1.8253934070030922, "log10_min_child_weight": 0.009212117235654071, "log10_subsample": -0.9704825114413344, "max_depth": 9.0, "num_boost_round": 14.0}, "datetime": {"datetime": "2024-01-19 00:39:43", "elapsed": 1668.322882, "delta": 0.002378}}
{"target": -18.021302574131347, "params": {"gamma": 167.65805853905601, "log10_alpha": -0.646627317022455, "log10_colsample_bytree": -0.9768448160178089, "log10_eta": -0.7479305075250071, "log10_lambda": -1.8253934070030922, "log10_min_child_weight": 0.009212117235654071, "log10_subsample": -0.9704825114413344, "max_depth": 9.0, "num_boost_round": 15.0}, "datetime": {"datetime": "2024-01-19 00:39:43", "elapsed": 1668.325286, "delta": 0.002404}}
{"target": -18.036358962365284, "params": {"gamma": 167.65805853905601, "log10_alpha": -0.646627317022455, "log10_colsample_bytree": -0.9768448160178089, "log10_eta": -0.7479305075250071, "log10_lambda": -1.8253934070030922, "log10_min_child_weight": 0.009212117235654071, "log10_subsample": -0.9704825114413344, "max_depth": 9.0, "num_boost_round": 16.0}, "datetime": {"datetime": "2024-01-19 00:39:43", "elapsed": 1668.327658, "delta": 0.002372}}
{"target": -18.048088843906516, "params": {"gamma": 167.65805853905601, "log10_alpha": -0.646627317022455, "log10_colsample_bytree": -0.9768448160178089, "log10_eta": -0.7479305075250071, "log10_lambda": -1.8253934070030922, "log10_min_child_weight": 0.009212117235654071, "log10_subsample": -0.9704825114413344, "max_depth": 9.0, "num_boost_round": 17.0}, "datetime": {"datetime": "2024-01-19 00:39:43", "elapsed": 1668.329999, "delta": 0.002341}}
{"target": -18.05658406951493, "params": {"gamma": 167.65805853905601, "log10_alpha": -0.646627317022455, "log10_colsample_bytree": -0.9768448160178089, "log10_eta": -0.7479305075250071, "log10_lambda": -1.8253934070030922, "log10_min_child_weight": 0.009212117235654071, "log10_subsample": -0.9704825114413344, "max_depth": 9.0, "num_boost_round": 18.0}, "datetime": {"datetime": "2024-01-19 00:39:43", "elapsed": 1668.332383, "delta": 0.002384}}
{"target": -18.06135427102607, "params": {"gamma": 167.65805853905601, "log10_alpha": -0.646627317022455, "log10_colsample_bytree": -0.9768448160178089, "log10_eta": -0.7479305075250071, "log10_lambda": -1.8253934070030922, "log10_min_child_weight": 0.009212117235654071, "log10_subsample": -0.9704825114413344, "max_depth": 9.0, "num_boost_round": 19.0}, "datetime": {"datetime": "2024-01-19 00:39:43", "elapsed": 1668.334775, "delta": 0.002392}}
{"target": -18.069952912800726, "params": {"gamma": 167.65805853905601, "log10_alpha": -0.646627317022455, "log10_colsample_bytree": -0.9768448160178089, "log10_eta": -0.7479305075250071, "log10_lambda": -1.8253934070030922, "log10_min_child_weight": 0.009212117235654071, "log10_subsample": -0.9704825114413344, "max_depth": 9.0, "num_boost_round": 20.0}, "datetime": {"datetime": "2024-01-19 00:39:43", "elapsed": 1668.337129, "delta": 0.002354}}
{"target": -18.09567988325402, "params": {"gamma": 167.65805853905601, "log10_alpha": -0.646627317022455, "log10_colsample_bytree": -0.9768448160178089, "log10_eta": -0.7479305075250071, "log10_lambda": -1.8253934070030922, "log10_min_child_weight": 0.009212117235654071, "log10_subsample": -0.9704825114413344, "max_depth": 9.0, "num_boost_round": 21.0}, "datetime": {"datetime": "2024-01-19 00:39:43", "elapsed": 1668.339497, "delta": 0.002368}}
{"target": -18.118038241457175, "params": {"gamma": 167.65805853905601, "log10_alpha": -0.646627317022455, "log10_colsample_bytree": -0.9768448160178089, "log10_eta": -0.7479305075250071, "log10_lambda": -1.8253934070030922, "log10_min_child_weight": 0.009212117235654071, "log10_subsample": -0.9704825114413344, "max_depth": 9.0, "num_boost_round": 22.0}, "datetime": {"datetime": "2024-01-19 00:39:43", "elapsed": 1668.341866, "delta": 0.002369}}
{"target": -18.233591427859785, "params": {"gamma": 167.65805853905601, "log10_alpha": -0.646627317022455, "log10_colsample_bytree": -0.9768448160178089, "log10_eta": -0.7479305075250071, "log10_lambda": -1.8253934070030922, "log10_min_child_weight": 0.009212117235654071, "log10_subsample": -0.9704825114413344, "max_depth": 9.0, "num_boost_round": 23.0}, "datetime": {"datetime": "2024-01-19 00:39:43", "elapsed": 1668.344229, "delta": 0.002363}}
{"target": -18.248468632627226, "params": {"gamma": 167.65805853905601, "log10_alpha": -0.646627317022455, "log10_colsample_bytree": -0.9768448160178089, "log10_eta": -0.7479305075250071, "log10_lambda": -1.8253934070030922, "log10_min_child_weight": 0.009212117235654071, "log10_subsample": -0.9704825114413344, "max_depth": 9.0, "num_boost_round": 24.0}, "datetime": {"datetime": "2024-01-19 00:39:43", "elapsed": 1668.346593, "delta": 0.002364}}
{"target": -18.314188575889343, "params": {"gamma": 167.65805853905601, "log10_alpha": -0.646627317022455, "log10_colsample_bytree": -0.9768448160178089, "log10_eta": -0.7479305075250071, "log10_lambda": -1.8253934070030922, "log10_min_child_weight": 0.009212117235654071, "log10_subsample": -0.9704825114413344, "max_depth": 9.0, "num_boost_round": 25.0}, "datetime": {"datetime": "2024-01-19 00:39:43", "elapsed": 1668.348959, "delta": 0.002366}}
{"target": -18.329154192820553, "params": {"gamma": 167.65805853905601, "log10_alpha": -0.646627317022455, "log10_colsample_bytree": -0.9768448160178089, "log10_eta": -0.7479305075250071, "log10_lambda": -1.8253934070030922, "log10_min_child_weight": 0.009212117235654071, "log10_subsample": -0.9704825114413344, "max_depth": 9.0, "num_boost_round": 26.0}, "datetime": {"datetime": "2024-01-19 00:39:43", "elapsed": 1668.351301, "delta": 0.002342}}
{"target": -18.349492742117476, "params": {"gamma": 167.65805853905601, "log10_alpha": -0.646627317022455, "log10_colsample_bytree": -0.9768448160178089, "log10_eta": -0.7479305075250071, "log10_lambda": -1.8253934070030922, "log10_min_child_weight": 0.009212117235654071, "log10_subsample": -0.9704825114413344, "max_depth": 9.0, "num_boost_round": 27.0}, "datetime": {"datetime": "2024-01-19 00:39:43", "elapsed": 1668.353695, "delta": 0.002394}}
{"target": -18.354921025235978, "params": {"gamma": 167.65805853905601, "log10_alpha": -0.646627317022455, "log10_colsample_bytree": -0.9768448160178089, "log10_eta": -0.7479305075250071, "log10_lambda": -1.8253934070030922, "log10_min_child_weight": 0.009212117235654071, "log10_subsample": -0.9704825114413344, "max_depth": 9.0, "num_boost_round": 28.0}, "datetime": {"datetime": "2024-01-19 00:39:43", "elapsed": 1668.356036, "delta": 0.002341}}
{"target": -18.374950756630202, "params": {"gamma": 167.65805853905601, "log10_alpha": -0.646627317022455, "log10_colsample_bytree": -0.9768448160178089, "log10_eta": -0.7479305075250071, "log10_lambda": -1.8253934070030922, "log10_min_child_weight": 0.009212117235654071, "log10_subsample": -0.9704825114413344, "max_depth": 9.0, "num_boost_round": 29.0}, "datetime": {"datetime": "2024-01-19 00:39:43", "elapsed": 1668.358353, "delta": 0.002317}}
{"target": -18.37897374795146, "params": {"gamma": 167.65805853905601, "log10_alpha": -0.646627317022455, "log10_colsample_bytree": -0.9768448160178089, "log10_eta": -0.7479305075250071, "log10_lambda": -1.8253934070030922, "log10_min_child_weight": 0.009212117235654071, "log10_subsample": -0.9704825114413344, "max_depth": 9.0, "num_boost_round": 30.0}, "datetime": {"datetime": "2024-01-19 00:39:43", "elapsed": 1668.361827, "delta": 0.003474}}
{"target": -18.396174306400976, "params": {"gamma": 167.65805853905601, "log10_alpha": -0.646627317022455, "log10_colsample_bytree": -0.9768448160178089, "log10_eta": -0.7479305075250071, "log10_lambda": -1.8253934070030922, "log10_min_child_weight": 0.009212117235654071, "log10_subsample": -0.9704825114413344, "max_depth": 9.0, "num_boost_round": 31.0}, "datetime": {"datetime": "2024-01-19 00:39:43", "elapsed": 1668.364316, "delta": 0.002489}}
{"target": -18.41837931986266, "params": {"gamma": 167.65805853905601, "log10_alpha": -0.646627317022455, "log10_colsample_bytree": -0.9768448160178089, "log10_eta": -0.7479305075250071, "log10_lambda": -1.8253934070030922, "log10_min_child_weight": 0.009212117235654071, "log10_subsample": -0.9704825114413344, "max_depth": 9.0, "num_boost_round": 32.0}, "datetime": {"datetime": "2024-01-19 00:39:43", "elapsed": 1668.366661, "delta": 0.002345}}
{"target": -18.440731840360847, "params": {"gamma": 167.65805853905601, "log10_alpha": -0.646627317022455, "log10_colsample_bytree": -0.9768448160178089, "log10_eta": -0.7479305075250071, "log10_lambda": -1.8253934070030922, "log10_min_child_weight": 0.009212117235654071, "log10_subsample": -0.9704825114413344, "max_depth": 9.0, "num_boost_round": 33.0}, "datetime": {"datetime": "2024-01-19 00:39:43", "elapsed": 1668.369081, "delta": 0.00242}}
{"target": -18.45298113682064, "params": {"gamma": 167.65805853905601, "log10_alpha": -0.646627317022455, "log10_colsample_bytree": -0.9768448160178089, "log10_eta": -0.7479305075250071, "log10_lambda": -1.8253934070030922, "log10_min_child_weight": 0.009212117235654071, "log10_subsample": -0.9704825114413344, "max_depth": 9.0, "num_boost_round": 34.0}, "datetime": {"datetime": "2024-01-19 00:39:43", "elapsed": 1668.371443, "delta": 0.002362}}
{"target": -18.473232249406298, "params": {"gamma": 167.65805853905601, "log10_alpha": -0.646627317022455, "log10_colsample_bytree": -0.9768448160178089, "log10_eta": -0.7479305075250071, "log10_lambda": -1.8253934070030922, "log10_min_child_weight": 0.009212117235654071, "log10_subsample": -0.9704825114413344, "max_depth": 9.0, "num_boost_round": 35.0}, "datetime": {"datetime": "2024-01-19 00:39:43", "elapsed": 1668.373764, "delta": 0.002321}}
