{"target": -13.758508496282115, "params": {"gamma": 885.8981025027313, "log10_alpha": -1.6667280398554345, "log10_colsample_bytree": -0.30859020176113594, "log10_eta": -3.521414298787991, "log10_lambda": -2.128853643726143, "log10_min_child_weight": 1.400053212340386, "log10_subsample": -0.8243941096158515, "max_depth": 8.0, "num_boost_round": 2.0}, "datetime": {"datetime": "2024-01-19 00:12:42", "elapsed": 66.884113, "delta": 0.00042}}
{"target": -13.758506713916816, "params": {"gamma": 885.8981025027313, "log10_alpha": -1.6667280398554345, "log10_colsample_bytree": -0.30859020176113594, "log10_eta": -3.521414298787991, "log10_lambda": -2.128853643726143, "log10_min_child_weight": 1.400053212340386, "log10_subsample": -0.8243941096158515, "max_depth": 8.0, "num_boost_round": 3.0}, "datetime": {"datetime": "2024-01-19 00:12:42", "elapsed": 66.8845, "delta": 0.000387}}
{"target": -13.75847293511413, "params": {"gamma": 885.8981025027313, "log10_alpha": -1.6667280398554345, "log10_colsample_bytree": -0.30859020176113594, "log10_eta": -3.521414298787991, "log10_lambda": -2.128853643726143, "log10_min_child_weight": 1.400053212340386, "log10_subsample": -0.8243941096158515, "max_depth": 8.0, "num_boost_round": 4.0}, "datetime": {"datetime": "2024-01-19 00:12:42", "elapsed": 66.884884, "delta": 0.000384}}
{"target": -13.758467256544304, "params": {"gamma": 885.8981025027313, "log10_alpha": -1.6667280398554345, "log10_colsample_bytree": -0.30859020176113594, "log10_eta": -3.521414298787991, "log10_lambda": -2.128853643726143, "log10_min_child_weight": 1.400053212340386, "log10_subsample": -0.8243941096158515, "max_depth": 8.0, "num_boost_round": 5.0}, "datetime": {"datetime": "2024-01-19 00:12:42", "elapsed": 66.88525, "delta": 0.000366}}
{"target": -13.758449946836665, "params": {"gamma": 885.8981025027313, "log10_alpha": -1.6667280398554345, "log10_colsample_bytree": -0.30859020176113594, "log10_eta": -3.521414298787991, "log10_lambda": -2.128853643726143, "log10_min_child_weight": 1.400053212340386, "log10_subsample": -0.8243941096158515, "max_depth": 8.0, "num_boost_round": 6.0}, "datetime": {"datetime": "2024-01-19 00:12:42", "elapsed": 66.885732, "delta": 0.000482}}
{"target": -13.75845248332572, "params": {"gamma": 885.8981025027313, "log10_alpha": -1.6667280398554345, "log10_colsample_bytree": -0.30859020176113594, "log10_eta": -3.521414298787991, "log10_lambda": -2.128853643726143, "log10_min_child_weight": 1.400053212340386, "log10_subsample": -0.8243941096158515, "max_depth": 8.0, "num_boost_round": 7.0}, "datetime": {"datetime": "2024-01-19 00:12:42", "elapsed": 66.886104, "delta": 0.000372}}
{"target": -13.758447559428866, "params": {"gamma": 885.8981025027313, "log10_alpha": -1.6667280398554345, "log10_colsample_bytree": -0.30859020176113594, "log10_eta": -3.521414298787991, "log10_lambda": -2.128853643726143, "log10_min_child_weight": 1.400053212340386, "log10_subsample": -0.8243941096158515, "max_depth": 8.0, "num_boost_round": 8.0}, "datetime": {"datetime": "2024-01-19 00:12:42", "elapsed": 66.886477, "delta": 0.000373}}
{"target": -13.758434528480988, "params": {"gamma": 885.8981025027313, "log10_alpha": -1.6667280398554345, "log10_colsample_bytree": -0.30859020176113594, "log10_eta": -3.521414298787991, "log10_lambda": -2.128853643726143, "log10_min_child_weight": 1.400053212340386, "log10_subsample": -0.8243941096158515, "max_depth": 8.0, "num_boost_round": 9.0}, "datetime": {"datetime": "2024-01-19 00:12:42", "elapsed": 66.886852, "delta": 0.000375}}
{"target": -13.758435582459757, "params": {"gamma": 885.8981025027313, "log10_alpha": -1.6667280398554345, "log10_colsample_bytree": -0.30859020176113594, "log10_eta": -3.521414298787991, "log10_lambda": -2.128853643726143, "log10_min_child_weight": 1.400053212340386, "log10_subsample": -0.8243941096158515, "max_depth": 8.0, "num_boost_round": 10.0}, "datetime": {"datetime": "2024-01-19 00:12:42", "elapsed": 66.887221, "delta": 0.000369}}
{"target": -13.758416175057631, "params": {"gamma": 885.8981025027313, "log10_alpha": -1.6667280398554345, "log10_colsample_bytree": -0.30859020176113594, "log10_eta": -3.521414298787991, "log10_lambda": -2.128853643726143, "log10_min_child_weight": 1.400053212340386, "log10_subsample": -0.8243941096158515, "max_depth": 8.0, "num_boost_round": 11.0}, "datetime": {"datetime": "2024-01-19 00:12:42", "elapsed": 66.887589, "delta": 0.000368}}
{"target": -13.758409663930625, "params": {"gamma": 885.8981025027313, "log10_alpha": -1.6667280398554345, "log10_colsample_bytree": -0.30859020176113594, "log10_eta": -3.521414298787991, "log10_lambda": -2.128853643726143, "log10_min_child_weight": 1.400053212340386, "log10_subsample": -0.8243941096158515, "max_depth": 8.0, "num_boost_round": 12.0}, "datetime": {"datetime": "2024-01-19 00:12:42", "elapsed": 66.887965, "delta": 0.000376}}
{"target": -13.758416183263895, "params": {"gamma": 885.8981025027313, "log10_alpha": -1.6667280398554345, "log10_colsample_bytree": -0.30859020176113594, "log10_eta": -3.521414298787991, "log10_lambda": -2.128853643726143, "log10_min_child_weight": 1.400053212340386, "log10_subsample": -0.8243941096158515, "max_depth": 8.0, "num_boost_round": 13.0}, "datetime": {"datetime": "2024-01-19 00:12:42", "elapsed": 66.888337, "delta": 0.000372}}
{"target": -13.758408034548411, "params": {"gamma": 885.8981025027313, "log10_alpha": -1.6667280398554345, "log10_colsample_bytree": -0.30859020176113594, "log10_eta": -3.521414298787991, "log10_lambda": -2.128853643726143, "log10_min_child_weight": 1.400053212340386, "log10_subsample": -0.8243941096158515, "max_depth": 8.0, "num_boost_round": 14.0}, "datetime": {"datetime": "2024-01-19 00:12:42", "elapsed": 66.888712, "delta": 0.000375}}
{"target": -13.758394679153497, "params": {"gamma": 885.8981025027313, "log10_alpha": -1.6667280398554345, "log10_colsample_bytree": -0.30859020176113594, "log10_eta": -3.521414298787991, "log10_lambda": -2.128853643726143, "log10_min_child_weight": 1.400053212340386, "log10_subsample": -0.8243941096158515, "max_depth": 8.0, "num_boost_round": 15.0}, "datetime": {"datetime": "2024-01-19 00:12:42", "elapsed": 66.889095, "delta": 0.000383}}
{"target": -13.758377076413602, "params": {"gamma": 885.8981025027313, "log10_alpha": -1.6667280398554345, "log10_colsample_bytree": -0.30859020176113594, "log10_eta": -3.521414298787991, "log10_lambda": -2.128853643726143, "log10_min_child_weight": 1.400053212340386, "log10_subsample": -0.8243941096158515, "max_depth": 8.0, "num_boost_round": 16.0}, "datetime": {"datetime": "2024-01-19 00:12:42", "elapsed": 66.88947, "delta": 0.000375}}
{"target": -13.758377049866198, "params": {"gamma": 885.8981025027313, "log10_alpha": -1.6667280398554345, "log10_colsample_bytree": -0.30859020176113594, "log10_eta": -3.521414298787991, "log10_lambda": -2.128853643726143, "log10_min_child_weight": 1.400053212340386, "log10_subsample": -0.8243941096158515, "max_depth": 8.0, "num_boost_round": 17.0}, "datetime": {"datetime": "2024-01-19 00:12:42", "elapsed": 66.889945, "delta": 0.000475}}
{"target": -13.7583892545067, "params": {"gamma": 885.8981025027313, "log10_alpha": -1.6667280398554345, "log10_colsample_bytree": -0.30859020176113594, "log10_eta": -3.521414298787991, "log10_lambda": -2.128853643726143, "log10_min_child_weight": 1.400053212340386, "log10_subsample": -0.8243941096158515, "max_depth": 8.0, "num_boost_round": 18.0}, "datetime": {"datetime": "2024-01-19 00:12:42", "elapsed": 66.89033, "delta": 0.000385}}
{"target": -13.758385260492975, "params": {"gamma": 885.8981025027313, "log10_alpha": -1.6667280398554345, "log10_colsample_bytree": -0.30859020176113594, "log10_eta": -3.521414298787991, "log10_lambda": -2.128853643726143, "log10_min_child_weight": 1.400053212340386, "log10_subsample": -0.8243941096158515, "max_depth": 8.0, "num_boost_round": 19.0}, "datetime": {"datetime": "2024-01-19 00:12:42", "elapsed": 66.890715, "delta": 0.000385}}
{"target": -13.758367639572098, "params": {"gamma": 885.8981025027313, "log10_alpha": -1.6667280398554345, "log10_colsample_bytree": -0.30859020176113594, "log10_eta": -3.521414298787991, "log10_lambda": -2.128853643726143, "log10_min_child_weight": 1.400053212340386, "log10_subsample": -0.8243941096158515, "max_depth": 8.0, "num_boost_round": 20.0}, "datetime": {"datetime": "2024-01-19 00:12:42", "elapsed": 66.891163, "delta": 0.000448}}
{"target": -13.758382257955894, "params": {"gamma": 885.8981025027313, "log10_alpha": -1.6667280398554345, "log10_colsample_bytree": -0.30859020176113594, "log10_eta": -3.521414298787991, "log10_lambda": -2.128853643726143, "log10_min_child_weight": 1.400053212340386, "log10_subsample": -0.8243941096158515, "max_depth": 8.0, "num_boost_round": 21.0}, "datetime": {"datetime": "2024-01-19 00:12:42", "elapsed": 66.89155, "delta": 0.000387}}
{"target": -13.758360930661182, "params": {"gamma": 885.8981025027313, "log10_alpha": -1.6667280398554345, "log10_colsample_bytree": -0.30859020176113594, "log10_eta": -3.521414298787991, "log10_lambda": -2.128853643726143, "log10_min_child_weight": 1.400053212340386, "log10_subsample": -0.8243941096158515, "max_depth": 8.0, "num_boost_round": 22.0}, "datetime": {"datetime": "2024-01-19 00:12:42", "elapsed": 66.89194, "delta": 0.00039}}
{"target": -13.758537849485727, "params": {"gamma": 889.5163881401195, "log10_alpha": -1.2602396309896822, "log10_colsample_bytree": -0.21521316862817153, "log10_eta": -3.2690345972606796, "log10_lambda": 0.09037737420517367, "log10_min_child_weight": 2.3959786422457627, "log10_subsample": -0.33662355434944724, "max_depth": 5.0, "num_boost_round": 0.0}, "datetime": {"datetime": "2024-01-19 00:13:06", "elapsed": 90.683677, "delta": 23.791737}}
{"target": -13.75853923845232, "params": {"gamma": 889.5163881401195, "log10_alpha": -1.2602396309896822, "log10_colsample_bytree": -0.21521316862817153, "log10_eta": -3.2690345972606796, "log10_lambda": 0.09037737420517367, "log10_min_child_weight": 2.3959786422457627, "log10_subsample": -0.33662355434944724, "max_depth": 5.0, "num_boost_round": 1.0}, "datetime": {"datetime": "2024-01-19 00:13:06", "elapsed": 90.685263, "delta": 0.001586}}
{"target": -13.758533759988985, "params": {"gamma": 889.5163881401195, "log10_alpha": -1.2602396309896822, "log10_colsample_bytree": -0.21521316862817153, "log10_eta": -3.2690345972606796, "log10_lambda": 0.09037737420517367, "log10_min_child_weight": 2.3959786422457627, "log10_subsample": -0.33662355434944724, "max_depth": 5.0, "num_boost_round": 2.0}, "datetime": {"datetime": "2024-01-19 00:13:06", "elapsed": 90.685697, "delta": 0.000434}}
{"target": -13.7585267341913, "params": {"gamma": 889.5163881401195, "log10_alpha": -1.2602396309896822, "log10_colsample_bytree": -0.21521316862817153, "log10_eta": -3.2690345972606796, "log10_lambda": 0.09037737420517367, "log10_min_child_weight": 2.3959786422457627, "log10_subsample": -0.33662355434944724, "max_depth": 5.0, "num_boost_round": 3.0}, "datetime": {"datetime": "2024-01-19 00:13:06", "elapsed": 90.686108, "delta": 0.000411}}
{"target": -13.758521777040537, "params": {"gamma": 889.5163881401195, "log10_alpha": -1.2602396309896822, "log10_colsample_bytree": -0.21521316862817153, "log10_eta": -3.2690345972606796, "log10_lambda": 0.09037737420517367, "log10_min_child_weight": 2.3959786422457627, "log10_subsample": -0.33662355434944724, "max_depth": 5.0, "num_boost_round": 4.0}, "datetime": {"datetime": "2024-01-19 00:13:06", "elapsed": 90.686514, "delta": 0.000406}}
{"target": -13.758524366192612, "params": {"gamma": 889.5163881401195, "log10_alpha": -1.2602396309896822, "log10_colsample_bytree": -0.21521316862817153, "log10_eta": -3.2690345972606796, "log10_lambda": 0.09037737420517367, "log10_min_child_weight": 2.3959786422457627, "log10_subsample": -0.33662355434944724, "max_depth": 5.0, "num_boost_round": 5.0}, "datetime": {"datetime": "2024-01-19 00:13:06", "elapsed": 90.686926, "delta": 0.000412}}
{"target": -13.758504623826674, "params": {"gamma": 889.5163881401195, "log10_alpha": -1.2602396309896822, "log10_colsample_bytree": -0.21521316862817153, "log10_eta": -3.2690345972606796, "log10_lambda": 0.09037737420517367, "log10_min_child_weight": 2.3959786422457627, "log10_subsample": -0.33662355434944724, "max_depth": 5.0, "num_boost_round": 6.0}, "datetime": {"datetime": "2024-01-19 00:13:06", "elapsed": 90.687327, "delta": 0.000401}}
{"target": -13.758512768466039, "params": {"gamma": 889.5163881401195, "log10_alpha": -1.2602396309896822, "log10_colsample_bytree": -0.21521316862817153, "log10_eta": -3.2690345972606796, "log10_lambda": 0.09037737420517367, "log10_min_child_weight": 2.3959786422457627, "log10_subsample": -0.33662355434944724, "max_depth": 5.0, "num_boost_round": 7.0}, "datetime": {"datetime": "2024-01-19 00:13:06", "elapsed": 90.687724, "delta": 0.000397}}
{"target": -13.758522308880575, "params": {"gamma": 889.5163881401195, "log10_alpha": -1.2602396309896822, "log10_colsample_bytree": -0.21521316862817153, "log10_eta": -3.2690345972606796, "log10_lambda": 0.09037737420517367, "log10_min_child_weight": 2.3959786422457627, "log10_subsample": -0.33662355434944724, "max_depth": 5.0, "num_boost_round": 8.0}, "datetime": {"datetime": "2024-01-19 00:13:06", "elapsed": 90.688127, "delta": 0.000403}}
{"target": -13.758508903618978, "params": {"gamma": 889.5163881401195, "log10_alpha": -1.2602396309896822, "log10_colsample_bytree": -0.21521316862817153, "log10_eta": -3.2690345972606796, "log10_lambda": 0.09037737420517367, "log10_min_child_weight": 2.3959786422457627, "log10_subsample": -0.33662355434944724, "max_depth": 5.0, "num_boost_round": 9.0}, "datetime": {"datetime": "2024-01-19 00:13:06", "elapsed": 90.688527, "delta": 0.0004}}
{"target": -13.758504026944273, "params": {"gamma": 889.5163881401195, "log10_alpha": -1.2602396309896822, "log10_colsample_bytree": -0.21521316862817153, "log10_eta": -3.2690345972606796, "log10_lambda": 0.09037737420517367, "log10_min_child_weight": 2.3959786422457627, "log10_subsample": -0.33662355434944724, "max_depth": 5.0, "num_boost_round": 10.0}, "datetime": {"datetime": "2024-01-19 00:13:06", "elapsed": 90.68904, "delta": 0.000513}}
{"target": -13.758501914145858, "params": {"gamma": 889.5163881401195, "log10_alpha": -1.2602396309896822, "log10_colsample_bytree": -0.21521316862817153, "log10_eta": -3.2690345972606796, "log10_lambda": 0.09037737420517367, "log10_min_child_weight": 2.3959786422457627, "log10_subsample": -0.33662355434944724, "max_depth": 5.0, "num_boost_round": 11.0}, "datetime": {"datetime": "2024-01-19 00:13:06", "elapsed": 90.689451, "delta": 0.000411}}
{"target": -13.758507455686093, "params": {"gamma": 889.5163881401195, "log10_alpha": -1.2602396309896822, "log10_colsample_bytree": -0.21521316862817153, "log10_eta": -3.2690345972606796, "log10_lambda": 0.09037737420517367, "log10_min_child_weight": 2.3959786422457627, "log10_subsample": -0.33662355434944724, "max_depth": 5.0, "num_boost_round": 12.0}, "datetime": {"datetime": "2024-01-19 00:13:06", "elapsed": 90.68987, "delta": 0.000419}}
{"target": -13.758518471113945, "params": {"gamma": 889.5163881401195, "log10_alpha": -1.2602396309896822, "log10_colsample_bytree": -0.21521316862817153, "log10_eta": -3.2690345972606796, "log10_lambda": 0.09037737420517367, "log10_min_child_weight": 2.3959786422457627, "log10_subsample": -0.33662355434944724, "max_depth": 5.0, "num_boost_round": 13.0}, "datetime": {"datetime": "2024-01-19 00:13:06", "elapsed": 90.690349, "delta": 0.000479}}
{"target": -13.7585081943403, "params": {"gamma": 889.5163881401195, "log10_alpha": -1.2602396309896822, "log10_colsample_bytree": -0.21521316862817153, "log10_eta": -3.2690345972606796, "log10_lambda": 0.09037737420517367, "log10_min_child_weight": 2.3959786422457627, "log10_subsample": -0.33662355434944724, "max_depth": 5.0, "num_boost_round": 14.0}, "datetime": {"datetime": "2024-01-19 00:13:06", "elapsed": 90.690772, "delta": 0.000423}}
{"target": -13.758495987979801, "params": {"gamma": 889.5163881401195, "log10_alpha": -1.2602396309896822, "log10_colsample_bytree": -0.21521316862817153, "log10_eta": -3.2690345972606796, "log10_lambda": 0.09037737420517367, "log10_min_child_weight": 2.3959786422457627, "log10_subsample": -0.33662355434944724, "max_depth": 5.0, "num_boost_round": 15.0}, "datetime": {"datetime": "2024-01-19 00:13:06", "elapsed": 90.691207, "delta": 0.000435}}
{"target": -13.758478713393941, "params": {"gamma": 889.5163881401195, "log10_alpha": -1.2602396309896822, "log10_colsample_bytree": -0.21521316862817153, "log10_eta": -3.2690345972606796, "log10_lambda": 0.09037737420517367, "log10_min_child_weight": 2.3959786422457627, "log10_subsample": -0.33662355434944724, "max_depth": 5.0, "num_boost_round": 16.0}, "datetime": {"datetime": "2024-01-19 00:13:06", "elapsed": 90.691737, "delta": 0.00053}}
{"target": -13.758472756457728, "params": {"gamma": 889.5163881401195, "log10_alpha": -1.2602396309896822, "log10_colsample_bytree": -0.21521316862817153, "log10_eta": -3.2690345972606796, "log10_lambda": 0.09037737420517367, "log10_min_child_weight": 2.3959786422457627, "log10_subsample": -0.33662355434944724, "max_depth": 5.0, "num_boost_round": 17.0}, "datetime": {"datetime": "2024-01-19 00:13:06", "elapsed": 90.692161, "delta": 0.000424}}
{"target": -13.758470065945973, "params": {"gamma": 889.5163881401195, "log10_alpha": -1.2602396309896822, "log10_colsample_bytree": -0.21521316862817153, "log10_eta": -3.2690345972606796, "log10_lambda": 0.09037737420517367, "log10_min_child_weight": 2.3959786422457627, "log10_subsample": -0.33662355434944724, "max_depth": 5.0, "num_boost_round": 18.0}, "datetime": {"datetime": "2024-01-19 00:13:06", "elapsed": 90.692574, "delta": 0.000413}}
{"target": -13.758450744021353, "params": {"gamma": 889.5163881401195, "log10_alpha": -1.2602396309896822, "log10_colsample_bytree": -0.21521316862817153, "log10_eta": -3.2690345972606796, "log10_lambda": 0.09037737420517367, "log10_min_child_weight": 2.3959786422457627, "log10_subsample": -0.33662355434944724, "max_depth": 5.0, "num_boost_round": 19.0}, "datetime": {"datetime": "2024-01-19 00:13:06", "elapsed": 90.693039, "delta": 0.000465}}
{"target": -13.758459359814568, "params": {"gamma": 889.5163881401195, "log10_alpha": -1.2602396309896822, "log10_colsample_bytree": -0.21521316862817153, "log10_eta": -3.2690345972606796, "log10_lambda": 0.09037737420517367, "log10_min_child_weight": 2.3959786422457627, "log10_subsample": -0.33662355434944724, "max_depth": 5.0, "num_boost_round": 20.0}, "datetime": {"datetime": "2024-01-19 00:13:06", "elapsed": 90.693462, "delta": 0.000423}}
{"target": -13.758417831743873, "params": {"gamma": 889.5163881401195, "log10_alpha": -1.2602396309896822, "log10_colsample_bytree": -0.21521316862817153, "log10_eta": -3.2690345972606796, "log10_lambda": 0.09037737420517367, "log10_min_child_weight": 2.3959786422457627, "log10_subsample": -0.33662355434944724, "max_depth": 5.0, "num_boost_round": 21.0}, "datetime": {"datetime": "2024-01-19 00:13:06", "elapsed": 90.693887, "delta": 0.000425}}
{"target": -13.758407346995675, "params": {"gamma": 889.5163881401195, "log10_alpha": -1.2602396309896822, "log10_colsample_bytree": -0.21521316862817153, "log10_eta": -3.2690345972606796, "log10_lambda": 0.09037737420517367, "log10_min_child_weight": 2.3959786422457627, "log10_subsample": -0.33662355434944724, "max_depth": 5.0, "num_boost_round": 22.0}, "datetime": {"datetime": "2024-01-19 00:13:06", "elapsed": 90.694309, "delta": 0.000422}}
{"target": -13.758399642025397, "params": {"gamma": 889.5163881401195, "log10_alpha": -1.2602396309896822, "log10_colsample_bytree": -0.21521316862817153, "log10_eta": -3.2690345972606796, "log10_lambda": 0.09037737420517367, "log10_min_child_weight": 2.3959786422457627, "log10_subsample": -0.33662355434944724, "max_depth": 5.0, "num_boost_round": 23.0}, "datetime": {"datetime": "2024-01-19 00:13:06", "elapsed": 90.69473, "delta": 0.000421}}
{"target": -13.758379442067133, "params": {"gamma": 889.5163881401195, "log10_alpha": -1.2602396309896822, "log10_colsample_bytree": -0.21521316862817153, "log10_eta": -3.2690345972606796, "log10_lambda": 0.09037737420517367, "log10_min_child_weight": 2.3959786422457627, "log10_subsample": -0.33662355434944724, "max_depth": 5.0, "num_boost_round": 24.0}, "datetime": {"datetime": "2024-01-19 00:13:06", "elapsed": 90.695163, "delta": 0.000433}}
{"target": -13.758372632856958, "params": {"gamma": 889.5163881401195, "log10_alpha": -1.2602396309896822, "log10_colsample_bytree": -0.21521316862817153, "log10_eta": -3.2690345972606796, "log10_lambda": 0.09037737420517367, "log10_min_child_weight": 2.3959786422457627, "log10_subsample": -0.33662355434944724, "max_depth": 5.0, "num_boost_round": 25.0}, "datetime": {"datetime": "2024-01-19 00:13:06", "elapsed": 90.695586, "delta": 0.000423}}
{"target": -13.758415690827105, "params": {"gamma": 885.5210570576656, "log10_alpha": -4.09234878621401, "log10_colsample_bytree": -0.6661336986799996, "log10_eta": -1.615536209166112, "log10_lambda": -3.0859863681600648, "log10_min_child_weight": 4.848892775427244, "log10_subsample": -0.9639368446993254, "max_depth": 9.0, "num_boost_round": 0.0}, "datetime": {"datetime": "2024-01-19 00:13:28", "elapsed": 112.378223, "delta": 21.682637}}
{"target": -13.75847295234953, "params": {"gamma": 885.5210570576656, "log10_alpha": -4.09234878621401, "log10_colsample_bytree": -0.6661336986799996, "log10_eta": -1.615536209166112, "log10_lambda": -3.0859863681600648, "log10_min_child_weight": 4.848892775427244, "log10_subsample": -0.9639368446993254, "max_depth": 9.0, "num_boost_round": 1.0}, "datetime": {"datetime": "2024-01-19 00:13:28", "elapsed": 112.378812, "delta": 0.000589}}
