{"target": -17.677035118683005, "params": {"gamma": 431.30263240246023, "log10_alpha": 0.8129729138116577, "log10_colsample_bytree": -0.3067819768458828, "log10_eta": -3.423591575646699, "log10_lambda": -2.3738582106643036, "log10_min_child_weight": 2.692095580559447, "log10_subsample": -0.32377520373696433, "max_depth": 2.0, "num_boost_round": 22.0}, "datetime": {"datetime": "2024-01-19 02:14:57", "elapsed": 7401.658539, "delta": 0.004492}}
{"target": -17.677024189890595, "params": {"gamma": 431.30263240246023, "log10_alpha": 0.8129729138116577, "log10_colsample_bytree": -0.3067819768458828, "log10_eta": -3.423591575646699, "log10_lambda": -2.3738582106643036, "log10_min_child_weight": 2.692095580559447, "log10_subsample": -0.32377520373696433, "max_depth": 2.0, "num_boost_round": 23.0}, "datetime": {"datetime": "2024-01-19 02:14:57", "elapsed": 7401.663066, "delta": 0.004527}}
{"target": -17.677019602282986, "params": {"gamma": 431.30263240246023, "log10_alpha": 0.8129729138116577, "log10_colsample_bytree": -0.3067819768458828, "log10_eta": -3.423591575646699, "log10_lambda": -2.3738582106643036, "log10_min_child_weight": 2.692095580559447, "log10_subsample": -0.32377520373696433, "max_depth": 2.0, "num_boost_round": 24.0}, "datetime": {"datetime": "2024-01-19 02:14:57", "elapsed": 7401.667655, "delta": 0.004589}}
{"target": -17.67701481040046, "params": {"gamma": 431.30263240246023, "log10_alpha": 0.8129729138116577, "log10_colsample_bytree": -0.3067819768458828, "log10_eta": -3.423591575646699, "log10_lambda": -2.3738582106643036, "log10_min_child_weight": 2.692095580559447, "log10_subsample": -0.32377520373696433, "max_depth": 2.0, "num_boost_round": 25.0}, "datetime": {"datetime": "2024-01-19 02:14:57", "elapsed": 7401.672167, "delta": 0.004512}}
{"target": -17.677009283590145, "params": {"gamma": 431.30263240246023, "log10_alpha": 0.8129729138116577, "log10_colsample_bytree": -0.3067819768458828, "log10_eta": -3.423591575646699, "log10_lambda": -2.3738582106643036, "log10_min_child_weight": 2.692095580559447, "log10_subsample": -0.32377520373696433, "max_depth": 2.0, "num_boost_round": 26.0}, "datetime": {"datetime": "2024-01-19 02:14:57", "elapsed": 7401.676661, "delta": 0.004494}}
{"target": -17.676999294114424, "params": {"gamma": 431.30263240246023, "log10_alpha": 0.8129729138116577, "log10_colsample_bytree": -0.3067819768458828, "log10_eta": -3.423591575646699, "log10_lambda": -2.3738582106643036, "log10_min_child_weight": 2.692095580559447, "log10_subsample": -0.32377520373696433, "max_depth": 2.0, "num_boost_round": 27.0}, "datetime": {"datetime": "2024-01-19 02:14:57", "elapsed": 7401.681203, "delta": 0.004542}}
{"target": -17.676400223003018, "params": {"gamma": 446.4739825704901, "log10_alpha": 0.6055936842723524, "log10_colsample_bytree": -0.7817975675571738, "log10_eta": -1.6553656404696788, "log10_lambda": -3.410948341147667, "log10_min_child_weight": 3.482501064955171, "log10_subsample": -0.20141440156117585, "max_depth": 7.0, "num_boost_round": 0.0}, "datetime": {"datetime": "2024-01-19 02:16:45", "elapsed": 7509.841236, "delta": 108.160033}}
{"target": -17.676170496161983, "params": {"gamma": 446.4739825704901, "log10_alpha": 0.6055936842723524, "log10_colsample_bytree": -0.7817975675571738, "log10_eta": -1.6553656404696788, "log10_lambda": -3.410948341147667, "log10_min_child_weight": 3.482501064955171, "log10_subsample": -0.20141440156117585, "max_depth": 7.0, "num_boost_round": 1.0}, "datetime": {"datetime": "2024-01-19 02:16:45", "elapsed": 7509.846131, "delta": 0.004895}}
{"target": -17.675790438885006, "params": {"gamma": 446.4739825704901, "log10_alpha": 0.6055936842723524, "log10_colsample_bytree": -0.7817975675571738, "log10_eta": -1.6553656404696788, "log10_lambda": -3.410948341147667, "log10_min_child_weight": 3.482501064955171, "log10_subsample": -0.20141440156117585, "max_depth": 7.0, "num_boost_round": 2.0}, "datetime": {"datetime": "2024-01-19 02:16:45", "elapsed": 7509.850774, "delta": 0.004643}}
{"target": -17.676155746288103, "params": {"gamma": 446.4739825704901, "log10_alpha": 0.6055936842723524, "log10_colsample_bytree": -0.7817975675571738, "log10_eta": -1.6553656404696788, "log10_lambda": -3.410948341147667, "log10_min_child_weight": 3.482501064955171, "log10_subsample": -0.20141440156117585, "max_depth": 7.0, "num_boost_round": 3.0}, "datetime": {"datetime": "2024-01-19 02:16:45", "elapsed": 7509.855327, "delta": 0.004553}}
{"target": -17.675527632145236, "params": {"gamma": 446.4739825704901, "log10_alpha": 0.6055936842723524, "log10_colsample_bytree": -0.7817975675571738, "log10_eta": -1.6553656404696788, "log10_lambda": -3.410948341147667, "log10_min_child_weight": 3.482501064955171, "log10_subsample": -0.20141440156117585, "max_depth": 7.0, "num_boost_round": 4.0}, "datetime": {"datetime": "2024-01-19 02:16:45", "elapsed": 7509.859863, "delta": 0.004536}}
{"target": -17.675174243942596, "params": {"gamma": 446.4739825704901, "log10_alpha": 0.6055936842723524, "log10_colsample_bytree": -0.7817975675571738, "log10_eta": -1.6553656404696788, "log10_lambda": -3.410948341147667, "log10_min_child_weight": 3.482501064955171, "log10_subsample": -0.20141440156117585, "max_depth": 7.0, "num_boost_round": 5.0}, "datetime": {"datetime": "2024-01-19 02:16:45", "elapsed": 7509.864291, "delta": 0.004428}}
{"target": -17.675469773557573, "params": {"gamma": 446.4739825704901, "log10_alpha": 0.6055936842723524, "log10_colsample_bytree": -0.7817975675571738, "log10_eta": -1.6553656404696788, "log10_lambda": -3.410948341147667, "log10_min_child_weight": 3.482501064955171, "log10_subsample": -0.20141440156117585, "max_depth": 7.0, "num_boost_round": 6.0}, "datetime": {"datetime": "2024-01-19 02:16:45", "elapsed": 7509.868725, "delta": 0.004434}}
{"target": -17.674424826259227, "params": {"gamma": 446.4739825704901, "log10_alpha": 0.6055936842723524, "log10_colsample_bytree": -0.7817975675571738, "log10_eta": -1.6553656404696788, "log10_lambda": -3.410948341147667, "log10_min_child_weight": 3.482501064955171, "log10_subsample": -0.20141440156117585, "max_depth": 7.0, "num_boost_round": 7.0}, "datetime": {"datetime": "2024-01-19 02:16:45", "elapsed": 7509.873398, "delta": 0.004673}}
{"target": -17.674800256836683, "params": {"gamma": 446.4739825704901, "log10_alpha": 0.6055936842723524, "log10_colsample_bytree": -0.7817975675571738, "log10_eta": -1.6553656404696788, "log10_lambda": -3.410948341147667, "log10_min_child_weight": 3.482501064955171, "log10_subsample": -0.20141440156117585, "max_depth": 7.0, "num_boost_round": 8.0}, "datetime": {"datetime": "2024-01-19 02:16:45", "elapsed": 7509.878166, "delta": 0.004768}}
{"target": -17.674757376403225, "params": {"gamma": 446.4739825704901, "log10_alpha": 0.6055936842723524, "log10_colsample_bytree": -0.7817975675571738, "log10_eta": -1.6553656404696788, "log10_lambda": -3.410948341147667, "log10_min_child_weight": 3.482501064955171, "log10_subsample": -0.20141440156117585, "max_depth": 7.0, "num_boost_round": 9.0}, "datetime": {"datetime": "2024-01-19 02:16:45", "elapsed": 7509.88277, "delta": 0.004604}}
{"target": -17.674709612666874, "params": {"gamma": 446.4739825704901, "log10_alpha": 0.6055936842723524, "log10_colsample_bytree": -0.7817975675571738, "log10_eta": -1.6553656404696788, "log10_lambda": -3.410948341147667, "log10_min_child_weight": 3.482501064955171, "log10_subsample": -0.20141440156117585, "max_depth": 7.0, "num_boost_round": 10.0}, "datetime": {"datetime": "2024-01-19 02:16:45", "elapsed": 7509.887196, "delta": 0.004426}}
{"target": -17.674242320775434, "params": {"gamma": 446.4739825704901, "log10_alpha": 0.6055936842723524, "log10_colsample_bytree": -0.7817975675571738, "log10_eta": -1.6553656404696788, "log10_lambda": -3.410948341147667, "log10_min_child_weight": 3.482501064955171, "log10_subsample": -0.20141440156117585, "max_depth": 7.0, "num_boost_round": 11.0}, "datetime": {"datetime": "2024-01-19 02:16:45", "elapsed": 7509.891726, "delta": 0.00453}}
{"target": -17.674325078741905, "params": {"gamma": 446.4739825704901, "log10_alpha": 0.6055936842723524, "log10_colsample_bytree": -0.7817975675571738, "log10_eta": -1.6553656404696788, "log10_lambda": -3.410948341147667, "log10_min_child_weight": 3.482501064955171, "log10_subsample": -0.20141440156117585, "max_depth": 7.0, "num_boost_round": 12.0}, "datetime": {"datetime": "2024-01-19 02:16:45", "elapsed": 7509.896429, "delta": 0.004703}}
{"target": -17.67341523331651, "params": {"gamma": 446.4739825704901, "log10_alpha": 0.6055936842723524, "log10_colsample_bytree": -0.7817975675571738, "log10_eta": -1.6553656404696788, "log10_lambda": -3.410948341147667, "log10_min_child_weight": 3.482501064955171, "log10_subsample": -0.20141440156117585, "max_depth": 7.0, "num_boost_round": 13.0}, "datetime": {"datetime": "2024-01-19 02:16:45", "elapsed": 7509.900901, "delta": 0.004472}}
{"target": -17.673689953088356, "params": {"gamma": 446.4739825704901, "log10_alpha": 0.6055936842723524, "log10_colsample_bytree": -0.7817975675571738, "log10_eta": -1.6553656404696788, "log10_lambda": -3.410948341147667, "log10_min_child_weight": 3.482501064955171, "log10_subsample": -0.20141440156117585, "max_depth": 7.0, "num_boost_round": 14.0}, "datetime": {"datetime": "2024-01-19 02:16:45", "elapsed": 7509.905364, "delta": 0.004463}}
{"target": -17.673268842568326, "params": {"gamma": 446.4739825704901, "log10_alpha": 0.6055936842723524, "log10_colsample_bytree": -0.7817975675571738, "log10_eta": -1.6553656404696788, "log10_lambda": -3.410948341147667, "log10_min_child_weight": 3.482501064955171, "log10_subsample": -0.20141440156117585, "max_depth": 7.0, "num_boost_round": 15.0}, "datetime": {"datetime": "2024-01-19 02:16:45", "elapsed": 7509.909933, "delta": 0.004569}}
{"target": -17.673172875464385, "params": {"gamma": 446.4739825704901, "log10_alpha": 0.6055936842723524, "log10_colsample_bytree": -0.7817975675571738, "log10_eta": -1.6553656404696788, "log10_lambda": -3.410948341147667, "log10_min_child_weight": 3.482501064955171, "log10_subsample": -0.20141440156117585, "max_depth": 7.0, "num_boost_round": 16.0}, "datetime": {"datetime": "2024-01-19 02:16:45", "elapsed": 7509.914576, "delta": 0.004643}}
{"target": -17.673535834044515, "params": {"gamma": 446.4739825704901, "log10_alpha": 0.6055936842723524, "log10_colsample_bytree": -0.7817975675571738, "log10_eta": -1.6553656404696788, "log10_lambda": -3.410948341147667, "log10_min_child_weight": 3.482501064955171, "log10_subsample": -0.20141440156117585, "max_depth": 7.0, "num_boost_round": 17.0}, "datetime": {"datetime": "2024-01-19 02:16:45", "elapsed": 7509.919034, "delta": 0.004458}}
{"target": -17.673742784310846, "params": {"gamma": 446.4739825704901, "log10_alpha": 0.6055936842723524, "log10_colsample_bytree": -0.7817975675571738, "log10_eta": -1.6553656404696788, "log10_lambda": -3.410948341147667, "log10_min_child_weight": 3.482501064955171, "log10_subsample": -0.20141440156117585, "max_depth": 7.0, "num_boost_round": 18.0}, "datetime": {"datetime": "2024-01-19 02:16:45", "elapsed": 7509.923501, "delta": 0.004467}}
{"target": -17.67375864529032, "params": {"gamma": 446.4739825704901, "log10_alpha": 0.6055936842723524, "log10_colsample_bytree": -0.7817975675571738, "log10_eta": -1.6553656404696788, "log10_lambda": -3.410948341147667, "log10_min_child_weight": 3.482501064955171, "log10_subsample": -0.20141440156117585, "max_depth": 7.0, "num_boost_round": 19.0}, "datetime": {"datetime": "2024-01-19 02:16:45", "elapsed": 7509.927999, "delta": 0.004498}}
{"target": -17.67335730652168, "params": {"gamma": 446.4739825704901, "log10_alpha": 0.6055936842723524, "log10_colsample_bytree": -0.7817975675571738, "log10_eta": -1.6553656404696788, "log10_lambda": -3.410948341147667, "log10_min_child_weight": 3.482501064955171, "log10_subsample": -0.20141440156117585, "max_depth": 7.0, "num_boost_round": 20.0}, "datetime": {"datetime": "2024-01-19 02:16:45", "elapsed": 7509.932724, "delta": 0.004725}}
{"target": -17.672925018574205, "params": {"gamma": 446.4739825704901, "log10_alpha": 0.6055936842723524, "log10_colsample_bytree": -0.7817975675571738, "log10_eta": -1.6553656404696788, "log10_lambda": -3.410948341147667, "log10_min_child_weight": 3.482501064955171, "log10_subsample": -0.20141440156117585, "max_depth": 7.0, "num_boost_round": 21.0}, "datetime": {"datetime": "2024-01-19 02:16:45", "elapsed": 7509.937218, "delta": 0.004494}}
{"target": -17.672365798616163, "params": {"gamma": 446.4739825704901, "log10_alpha": 0.6055936842723524, "log10_colsample_bytree": -0.7817975675571738, "log10_eta": -1.6553656404696788, "log10_lambda": -3.410948341147667, "log10_min_child_weight": 3.482501064955171, "log10_subsample": -0.20141440156117585, "max_depth": 7.0, "num_boost_round": 22.0}, "datetime": {"datetime": "2024-01-19 02:16:45", "elapsed": 7509.941705, "delta": 0.004487}}
{"target": -17.67160062007903, "params": {"gamma": 446.4739825704901, "log10_alpha": 0.6055936842723524, "log10_colsample_bytree": -0.7817975675571738, "log10_eta": -1.6553656404696788, "log10_lambda": -3.410948341147667, "log10_min_child_weight": 3.482501064955171, "log10_subsample": -0.20141440156117585, "max_depth": 7.0, "num_boost_round": 23.0}, "datetime": {"datetime": "2024-01-19 02:16:45", "elapsed": 7509.946184, "delta": 0.004479}}
{"target": -17.672205589044378, "params": {"gamma": 446.4739825704901, "log10_alpha": 0.6055936842723524, "log10_colsample_bytree": -0.7817975675571738, "log10_eta": -1.6553656404696788, "log10_lambda": -3.410948341147667, "log10_min_child_weight": 3.482501064955171, "log10_subsample": -0.20141440156117585, "max_depth": 7.0, "num_boost_round": 24.0}, "datetime": {"datetime": "2024-01-19 02:16:45", "elapsed": 7509.950794, "delta": 0.00461}}
{"target": -17.67233107104717, "params": {"gamma": 446.4739825704901, "log10_alpha": 0.6055936842723524, "log10_colsample_bytree": -0.7817975675571738, "log10_eta": -1.6553656404696788, "log10_lambda": -3.410948341147667, "log10_min_child_weight": 3.482501064955171, "log10_subsample": -0.20141440156117585, "max_depth": 7.0, "num_boost_round": 25.0}, "datetime": {"datetime": "2024-01-19 02:16:45", "elapsed": 7509.955289, "delta": 0.004495}}
{"target": -17.673196452076454, "params": {"gamma": 446.4739825704901, "log10_alpha": 0.6055936842723524, "log10_colsample_bytree": -0.7817975675571738, "log10_eta": -1.6553656404696788, "log10_lambda": -3.410948341147667, "log10_min_child_weight": 3.482501064955171, "log10_subsample": -0.20141440156117585, "max_depth": 7.0, "num_boost_round": 26.0}, "datetime": {"datetime": "2024-01-19 02:16:45", "elapsed": 7509.960697, "delta": 0.005408}}
{"target": -17.673574421886634, "params": {"gamma": 446.4739825704901, "log10_alpha": 0.6055936842723524, "log10_colsample_bytree": -0.7817975675571738, "log10_eta": -1.6553656404696788, "log10_lambda": -3.410948341147667, "log10_min_child_weight": 3.482501064955171, "log10_subsample": -0.20141440156117585, "max_depth": 7.0, "num_boost_round": 27.0}, "datetime": {"datetime": "2024-01-19 02:16:45", "elapsed": 7509.965683, "delta": 0.004986}}
{"target": -17.673735722877304, "params": {"gamma": 446.4739825704901, "log10_alpha": 0.6055936842723524, "log10_colsample_bytree": -0.7817975675571738, "log10_eta": -1.6553656404696788, "log10_lambda": -3.410948341147667, "log10_min_child_weight": 3.482501064955171, "log10_subsample": -0.20141440156117585, "max_depth": 7.0, "num_boost_round": 28.0}, "datetime": {"datetime": "2024-01-19 02:16:45", "elapsed": 7509.970335, "delta": 0.004652}}
{"target": -17.67317628902855, "params": {"gamma": 446.4739825704901, "log10_alpha": 0.6055936842723524, "log10_colsample_bytree": -0.7817975675571738, "log10_eta": -1.6553656404696788, "log10_lambda": -3.410948341147667, "log10_min_child_weight": 3.482501064955171, "log10_subsample": -0.20141440156117585, "max_depth": 7.0, "num_boost_round": 29.0}, "datetime": {"datetime": "2024-01-19 02:16:45", "elapsed": 7509.974934, "delta": 0.004599}}
{"target": -17.673136271758317, "params": {"gamma": 446.4739825704901, "log10_alpha": 0.6055936842723524, "log10_colsample_bytree": -0.7817975675571738, "log10_eta": -1.6553656404696788, "log10_lambda": -3.410948341147667, "log10_min_child_weight": 3.482501064955171, "log10_subsample": -0.20141440156117585, "max_depth": 7.0, "num_boost_round": 30.0}, "datetime": {"datetime": "2024-01-19 02:16:45", "elapsed": 7509.979549, "delta": 0.004615}}
{"target": -17.673125740063547, "params": {"gamma": 446.4739825704901, "log10_alpha": 0.6055936842723524, "log10_colsample_bytree": -0.7817975675571738, "log10_eta": -1.6553656404696788, "log10_lambda": -3.410948341147667, "log10_min_child_weight": 3.482501064955171, "log10_subsample": -0.20141440156117585, "max_depth": 7.0, "num_boost_round": 31.0}, "datetime": {"datetime": "2024-01-19 02:16:45", "elapsed": 7509.984236, "delta": 0.004687}}
{"target": -17.673764616504133, "params": {"gamma": 446.4739825704901, "log10_alpha": 0.6055936842723524, "log10_colsample_bytree": -0.7817975675571738, "log10_eta": -1.6553656404696788, "log10_lambda": -3.410948341147667, "log10_min_child_weight": 3.482501064955171, "log10_subsample": -0.20141440156117585, "max_depth": 7.0, "num_boost_round": 32.0}, "datetime": {"datetime": "2024-01-19 02:16:45", "elapsed": 7509.989072, "delta": 0.004836}}
{"target": -17.67395133355909, "params": {"gamma": 446.4739825704901, "log10_alpha": 0.6055936842723524, "log10_colsample_bytree": -0.7817975675571738, "log10_eta": -1.6553656404696788, "log10_lambda": -3.410948341147667, "log10_min_child_weight": 3.482501064955171, "log10_subsample": -0.20141440156117585, "max_depth": 7.0, "num_boost_round": 33.0}, "datetime": {"datetime": "2024-01-19 02:16:45", "elapsed": 7509.9937, "delta": 0.004628}}
{"target": -17.67430039673555, "params": {"gamma": 446.4739825704901, "log10_alpha": 0.6055936842723524, "log10_colsample_bytree": -0.7817975675571738, "log10_eta": -1.6553656404696788, "log10_lambda": -3.410948341147667, "log10_min_child_weight": 3.482501064955171, "log10_subsample": -0.20141440156117585, "max_depth": 7.0, "num_boost_round": 34.0}, "datetime": {"datetime": "2024-01-19 02:16:45", "elapsed": 7509.998224, "delta": 0.004524}}
{"target": -17.674406515500078, "params": {"gamma": 446.4739825704901, "log10_alpha": 0.6055936842723524, "log10_colsample_bytree": -0.7817975675571738, "log10_eta": -1.6553656404696788, "log10_lambda": -3.410948341147667, "log10_min_child_weight": 3.482501064955171, "log10_subsample": -0.20141440156117585, "max_depth": 7.0, "num_boost_round": 35.0}, "datetime": {"datetime": "2024-01-19 02:16:45", "elapsed": 7510.002774, "delta": 0.00455}}
{"target": -17.674649228863018, "params": {"gamma": 446.4739825704901, "log10_alpha": 0.6055936842723524, "log10_colsample_bytree": -0.7817975675571738, "log10_eta": -1.6553656404696788, "log10_lambda": -3.410948341147667, "log10_min_child_weight": 3.482501064955171, "log10_subsample": -0.20141440156117585, "max_depth": 7.0, "num_boost_round": 36.0}, "datetime": {"datetime": "2024-01-19 02:16:45", "elapsed": 7510.007349, "delta": 0.004575}}
{"target": -17.675281214106846, "params": {"gamma": 446.4739825704901, "log10_alpha": 0.6055936842723524, "log10_colsample_bytree": -0.7817975675571738, "log10_eta": -1.6553656404696788, "log10_lambda": -3.410948341147667, "log10_min_child_weight": 3.482501064955171, "log10_subsample": -0.20141440156117585, "max_depth": 7.0, "num_boost_round": 37.0}, "datetime": {"datetime": "2024-01-19 02:16:45", "elapsed": 7510.011865, "delta": 0.004516}}
{"target": -17.675342403370507, "params": {"gamma": 446.4739825704901, "log10_alpha": 0.6055936842723524, "log10_colsample_bytree": -0.7817975675571738, "log10_eta": -1.6553656404696788, "log10_lambda": -3.410948341147667, "log10_min_child_weight": 3.482501064955171, "log10_subsample": -0.20141440156117585, "max_depth": 7.0, "num_boost_round": 38.0}, "datetime": {"datetime": "2024-01-19 02:16:45", "elapsed": 7510.016397, "delta": 0.004532}}
{"target": -17.675624179586507, "params": {"gamma": 446.4739825704901, "log10_alpha": 0.6055936842723524, "log10_colsample_bytree": -0.7817975675571738, "log10_eta": -1.6553656404696788, "log10_lambda": -3.410948341147667, "log10_min_child_weight": 3.482501064955171, "log10_subsample": -0.20141440156117585, "max_depth": 7.0, "num_boost_round": 39.0}, "datetime": {"datetime": "2024-01-19 02:16:45", "elapsed": 7510.02094, "delta": 0.004543}}
{"target": -17.67688158021909, "params": {"gamma": 446.4739825704901, "log10_alpha": 0.6055936842723524, "log10_colsample_bytree": -0.7817975675571738, "log10_eta": -1.6553656404696788, "log10_lambda": -3.410948341147667, "log10_min_child_weight": 3.482501064955171, "log10_subsample": -0.20141440156117585, "max_depth": 7.0, "num_boost_round": 40.0}, "datetime": {"datetime": "2024-01-19 02:16:45", "elapsed": 7510.025549, "delta": 0.004609}}
{"target": -17.67760627448037, "params": {"gamma": 446.4739825704901, "log10_alpha": 0.6055936842723524, "log10_colsample_bytree": -0.7817975675571738, "log10_eta": -1.6553656404696788, "log10_lambda": -3.410948341147667, "log10_min_child_weight": 3.482501064955171, "log10_subsample": -0.20141440156117585, "max_depth": 7.0, "num_boost_round": 41.0}, "datetime": {"datetime": "2024-01-19 02:16:45", "elapsed": 7510.030091, "delta": 0.004542}}
{"target": -17.678393608114565, "params": {"gamma": 446.4739825704901, "log10_alpha": 0.6055936842723524, "log10_colsample_bytree": -0.7817975675571738, "log10_eta": -1.6553656404696788, "log10_lambda": -3.410948341147667, "log10_min_child_weight": 3.482501064955171, "log10_subsample": -0.20141440156117585, "max_depth": 7.0, "num_boost_round": 42.0}, "datetime": {"datetime": "2024-01-19 02:16:45", "elapsed": 7510.034603, "delta": 0.004512}}
