{"target": -17.673237727019906, "params": {"gamma": 972.8925481428041, "log10_alpha": 0.8905814407462858, "log10_colsample_bytree": -0.5301685711196211, "log10_eta": -2.357655623605131, "log10_lambda": 0.127786505964262, "log10_min_child_weight": 2.3190241080956504, "log10_subsample": -0.10325798810206388, "max_depth": 8.0, "num_boost_round": 37.0}, "datetime": {"datetime": "2024-01-19 01:33:39", "elapsed": 4912.924453, "delta": 0.004857}}
{"target": -17.67723331474835, "params": {"gamma": 983.3180771863207, "log10_alpha": -4.892750632737621, "log10_colsample_bytree": -0.23268312615716946, "log10_eta": -3.8032918143624683, "log10_lambda": -2.90420507045907, "log10_min_child_weight": 4.83513997803655, "log10_subsample": -0.4185801618579197, "max_depth": 2.0, "num_boost_round": 0.0}, "datetime": {"datetime": "2024-01-19 01:35:07", "elapsed": 5001.303916, "delta": 88.379463}}
{"target": -17.677232265613416, "params": {"gamma": 983.3180771863207, "log10_alpha": -4.892750632737621, "log10_colsample_bytree": -0.23268312615716946, "log10_eta": -3.8032918143624683, "log10_lambda": -2.90420507045907, "log10_min_child_weight": 4.83513997803655, "log10_subsample": -0.4185801618579197, "max_depth": 2.0, "num_boost_round": 1.0}, "datetime": {"datetime": "2024-01-19 01:35:07", "elapsed": 5001.310436, "delta": 0.00652}}
{"target": -17.67723172363349, "params": {"gamma": 983.3180771863207, "log10_alpha": -4.892750632737621, "log10_colsample_bytree": -0.23268312615716946, "log10_eta": -3.8032918143624683, "log10_lambda": -2.90420507045907, "log10_min_child_weight": 4.83513997803655, "log10_subsample": -0.4185801618579197, "max_depth": 2.0, "num_boost_round": 2.0}, "datetime": {"datetime": "2024-01-19 01:35:07", "elapsed": 5001.315815, "delta": 0.005379}}
{"target": -17.67723209295052, "params": {"gamma": 983.3180771863207, "log10_alpha": -4.892750632737621, "log10_colsample_bytree": -0.23268312615716946, "log10_eta": -3.8032918143624683, "log10_lambda": -2.90420507045907, "log10_min_child_weight": 4.83513997803655, "log10_subsample": -0.4185801618579197, "max_depth": 2.0, "num_boost_round": 3.0}, "datetime": {"datetime": "2024-01-19 01:35:07", "elapsed": 5001.321067, "delta": 0.005252}}
{"target": -17.677231515943955, "params": {"gamma": 983.3180771863207, "log10_alpha": -4.892750632737621, "log10_colsample_bytree": -0.23268312615716946, "log10_eta": -3.8032918143624683, "log10_lambda": -2.90420507045907, "log10_min_child_weight": 4.83513997803655, "log10_subsample": -0.4185801618579197, "max_depth": 2.0, "num_boost_round": 4.0}, "datetime": {"datetime": "2024-01-19 01:35:07", "elapsed": 5001.326184, "delta": 0.005117}}
{"target": -17.67723182056821, "params": {"gamma": 983.3180771863207, "log10_alpha": -4.892750632737621, "log10_colsample_bytree": -0.23268312615716946, "log10_eta": -3.8032918143624683, "log10_lambda": -2.90420507045907, "log10_min_child_weight": 4.83513997803655, "log10_subsample": -0.4185801618579197, "max_depth": 2.0, "num_boost_round": 5.0}, "datetime": {"datetime": "2024-01-19 01:35:07", "elapsed": 5001.331345, "delta": 0.005161}}
{"target": -17.677232178627648, "params": {"gamma": 983.3180771863207, "log10_alpha": -4.892750632737621, "log10_colsample_bytree": -0.23268312615716946, "log10_eta": -3.8032918143624683, "log10_lambda": -2.90420507045907, "log10_min_child_weight": 4.83513997803655, "log10_subsample": -0.4185801618579197, "max_depth": 2.0, "num_boost_round": 6.0}, "datetime": {"datetime": "2024-01-19 01:35:07", "elapsed": 5001.336302, "delta": 0.004957}}
{"target": -17.67723093616825, "params": {"gamma": 983.3180771863207, "log10_alpha": -4.892750632737621, "log10_colsample_bytree": -0.23268312615716946, "log10_eta": -3.8032918143624683, "log10_lambda": -2.90420507045907, "log10_min_child_weight": 4.83513997803655, "log10_subsample": -0.4185801618579197, "max_depth": 2.0, "num_boost_round": 7.0}, "datetime": {"datetime": "2024-01-19 01:35:07", "elapsed": 5001.341365, "delta": 0.005063}}
{"target": -17.677229673755047, "params": {"gamma": 983.3180771863207, "log10_alpha": -4.892750632737621, "log10_colsample_bytree": -0.23268312615716946, "log10_eta": -3.8032918143624683, "log10_lambda": -2.90420507045907, "log10_min_child_weight": 4.83513997803655, "log10_subsample": -0.4185801618579197, "max_depth": 2.0, "num_boost_round": 8.0}, "datetime": {"datetime": "2024-01-19 01:35:07", "elapsed": 5001.346217, "delta": 0.004852}}
{"target": -17.677228456966688, "params": {"gamma": 983.3180771863207, "log10_alpha": -4.892750632737621, "log10_colsample_bytree": -0.23268312615716946, "log10_eta": -3.8032918143624683, "log10_lambda": -2.90420507045907, "log10_min_child_weight": 4.83513997803655, "log10_subsample": -0.4185801618579197, "max_depth": 2.0, "num_boost_round": 9.0}, "datetime": {"datetime": "2024-01-19 01:35:07", "elapsed": 5001.351106, "delta": 0.004889}}
{"target": -17.677227260433888, "params": {"gamma": 983.3180771863207, "log10_alpha": -4.892750632737621, "log10_colsample_bytree": -0.23268312615716946, "log10_eta": -3.8032918143624683, "log10_lambda": -2.90420507045907, "log10_min_child_weight": 4.83513997803655, "log10_subsample": -0.4185801618579197, "max_depth": 2.0, "num_boost_round": 10.0}, "datetime": {"datetime": "2024-01-19 01:35:07", "elapsed": 5001.355924, "delta": 0.004818}}
{"target": -17.677226296966985, "params": {"gamma": 983.3180771863207, "log10_alpha": -4.892750632737621, "log10_colsample_bytree": -0.23268312615716946, "log10_eta": -3.8032918143624683, "log10_lambda": -2.90420507045907, "log10_min_child_weight": 4.83513997803655, "log10_subsample": -0.4185801618579197, "max_depth": 2.0, "num_boost_round": 11.0}, "datetime": {"datetime": "2024-01-19 01:35:07", "elapsed": 5001.360753, "delta": 0.004829}}
{"target": -17.677226606915823, "params": {"gamma": 983.3180771863207, "log10_alpha": -4.892750632737621, "log10_colsample_bytree": -0.23268312615716946, "log10_eta": -3.8032918143624683, "log10_lambda": -2.90420507045907, "log10_min_child_weight": 4.83513997803655, "log10_subsample": -0.4185801618579197, "max_depth": 2.0, "num_boost_round": 12.0}, "datetime": {"datetime": "2024-01-19 01:35:07", "elapsed": 5001.365581, "delta": 0.004828}}
{"target": -17.677226992347858, "params": {"gamma": 983.3180771863207, "log10_alpha": -4.892750632737621, "log10_colsample_bytree": -0.23268312615716946, "log10_eta": -3.8032918143624683, "log10_lambda": -2.90420507045907, "log10_min_child_weight": 4.83513997803655, "log10_subsample": -0.4185801618579197, "max_depth": 2.0, "num_boost_round": 13.0}, "datetime": {"datetime": "2024-01-19 01:35:07", "elapsed": 5001.370493, "delta": 0.004912}}
{"target": -17.677227326469076, "params": {"gamma": 983.3180771863207, "log10_alpha": -4.892750632737621, "log10_colsample_bytree": -0.23268312615716946, "log10_eta": -3.8032918143624683, "log10_lambda": -2.90420507045907, "log10_min_child_weight": 4.83513997803655, "log10_subsample": -0.4185801618579197, "max_depth": 2.0, "num_boost_round": 14.0}, "datetime": {"datetime": "2024-01-19 01:35:07", "elapsed": 5001.375405, "delta": 0.004912}}
{"target": -17.677225232864156, "params": {"gamma": 983.3180771863207, "log10_alpha": -4.892750632737621, "log10_colsample_bytree": -0.23268312615716946, "log10_eta": -3.8032918143624683, "log10_lambda": -2.90420507045907, "log10_min_child_weight": 4.83513997803655, "log10_subsample": -0.4185801618579197, "max_depth": 2.0, "num_boost_round": 15.0}, "datetime": {"datetime": "2024-01-19 01:35:07", "elapsed": 5001.380289, "delta": 0.004884}}
{"target": -17.677224342141255, "params": {"gamma": 983.3180771863207, "log10_alpha": -4.892750632737621, "log10_colsample_bytree": -0.23268312615716946, "log10_eta": -3.8032918143624683, "log10_lambda": -2.90420507045907, "log10_min_child_weight": 4.83513997803655, "log10_subsample": -0.4185801618579197, "max_depth": 2.0, "num_boost_round": 16.0}, "datetime": {"datetime": "2024-01-19 01:35:07", "elapsed": 5001.38517, "delta": 0.004881}}
{"target": -17.677224670363806, "params": {"gamma": 983.3180771863207, "log10_alpha": -4.892750632737621, "log10_colsample_bytree": -0.23268312615716946, "log10_eta": -3.8032918143624683, "log10_lambda": -2.90420507045907, "log10_min_child_weight": 4.83513997803655, "log10_subsample": -0.4185801618579197, "max_depth": 2.0, "num_boost_round": 17.0}, "datetime": {"datetime": "2024-01-19 01:35:07", "elapsed": 5001.390094, "delta": 0.004924}}
{"target": -17.67722499112668, "params": {"gamma": 983.3180771863207, "log10_alpha": -4.892750632737621, "log10_colsample_bytree": -0.23268312615716946, "log10_eta": -3.8032918143624683, "log10_lambda": -2.90420507045907, "log10_min_child_weight": 4.83513997803655, "log10_subsample": -0.4185801618579197, "max_depth": 2.0, "num_boost_round": 18.0}, "datetime": {"datetime": "2024-01-19 01:35:07", "elapsed": 5001.39506, "delta": 0.004966}}
{"target": -17.677223329093287, "params": {"gamma": 983.3180771863207, "log10_alpha": -4.892750632737621, "log10_colsample_bytree": -0.23268312615716946, "log10_eta": -3.8032918143624683, "log10_lambda": -2.90420507045907, "log10_min_child_weight": 4.83513997803655, "log10_subsample": -0.4185801618579197, "max_depth": 2.0, "num_boost_round": 19.0}, "datetime": {"datetime": "2024-01-19 01:35:07", "elapsed": 5001.400005, "delta": 0.004945}}
{"target": -17.67722128057838, "params": {"gamma": 983.3180771863207, "log10_alpha": -4.892750632737621, "log10_colsample_bytree": -0.23268312615716946, "log10_eta": -3.8032918143624683, "log10_lambda": -2.90420507045907, "log10_min_child_weight": 4.83513997803655, "log10_subsample": -0.4185801618579197, "max_depth": 2.0, "num_boost_round": 20.0}, "datetime": {"datetime": "2024-01-19 01:35:07", "elapsed": 5001.40496, "delta": 0.004955}}
{"target": -17.6772216127652, "params": {"gamma": 983.3180771863207, "log10_alpha": -4.892750632737621, "log10_colsample_bytree": -0.23268312615716946, "log10_eta": -3.8032918143624683, "log10_lambda": -2.90420507045907, "log10_min_child_weight": 4.83513997803655, "log10_subsample": -0.4185801618579197, "max_depth": 2.0, "num_boost_round": 21.0}, "datetime": {"datetime": "2024-01-19 01:35:07", "elapsed": 5001.409876, "delta": 0.004916}}
{"target": -17.677219528035746, "params": {"gamma": 983.3180771863207, "log10_alpha": -4.892750632737621, "log10_colsample_bytree": -0.23268312615716946, "log10_eta": -3.8032918143624683, "log10_lambda": -2.90420507045907, "log10_min_child_weight": 4.83513997803655, "log10_subsample": -0.4185801618579197, "max_depth": 2.0, "num_boost_round": 22.0}, "datetime": {"datetime": "2024-01-19 01:35:07", "elapsed": 5001.414703, "delta": 0.004827}}
{"target": -17.677217447027015, "params": {"gamma": 983.3180771863207, "log10_alpha": -4.892750632737621, "log10_colsample_bytree": -0.23268312615716946, "log10_eta": -3.8032918143624683, "log10_lambda": -2.90420507045907, "log10_min_child_weight": 4.83513997803655, "log10_subsample": -0.4185801618579197, "max_depth": 2.0, "num_boost_round": 23.0}, "datetime": {"datetime": "2024-01-19 01:35:07", "elapsed": 5001.419558, "delta": 0.004855}}
{"target": -17.677216305494994, "params": {"gamma": 983.3180771863207, "log10_alpha": -4.892750632737621, "log10_colsample_bytree": -0.23268312615716946, "log10_eta": -3.8032918143624683, "log10_lambda": -2.90420507045907, "log10_min_child_weight": 4.83513997803655, "log10_subsample": -0.4185801618579197, "max_depth": 2.0, "num_boost_round": 24.0}, "datetime": {"datetime": "2024-01-19 01:35:07", "elapsed": 5001.424404, "delta": 0.004846}}
{"target": -17.677215533826175, "params": {"gamma": 983.3180771863207, "log10_alpha": -4.892750632737621, "log10_colsample_bytree": -0.23268312615716946, "log10_eta": -3.8032918143624683, "log10_lambda": -2.90420507045907, "log10_min_child_weight": 4.83513997803655, "log10_subsample": -0.4185801618579197, "max_depth": 2.0, "num_boost_round": 25.0}, "datetime": {"datetime": "2024-01-19 01:35:07", "elapsed": 5001.429314, "delta": 0.00491}}
{"target": -17.677215862265953, "params": {"gamma": 983.3180771863207, "log10_alpha": -4.892750632737621, "log10_colsample_bytree": -0.23268312615716946, "log10_eta": -3.8032918143624683, "log10_lambda": -2.90420507045907, "log10_min_child_weight": 4.83513997803655, "log10_subsample": -0.4185801618579197, "max_depth": 2.0, "num_boost_round": 26.0}, "datetime": {"datetime": "2024-01-19 01:35:07", "elapsed": 5001.43416, "delta": 0.004846}}
{"target": -17.677214563687695, "params": {"gamma": 983.3180771863207, "log10_alpha": -4.892750632737621, "log10_colsample_bytree": -0.23268312615716946, "log10_eta": -3.8032918143624683, "log10_lambda": -2.90420507045907, "log10_min_child_weight": 4.83513997803655, "log10_subsample": -0.4185801618579197, "max_depth": 2.0, "num_boost_round": 27.0}, "datetime": {"datetime": "2024-01-19 01:35:07", "elapsed": 5001.439005, "delta": 0.004845}}
{"target": -17.67721489106749, "params": {"gamma": 983.3180771863207, "log10_alpha": -4.892750632737621, "log10_colsample_bytree": -0.23268312615716946, "log10_eta": -3.8032918143624683, "log10_lambda": -2.90420507045907, "log10_min_child_weight": 4.83513997803655, "log10_subsample": -0.4185801618579197, "max_depth": 2.0, "num_boost_round": 28.0}, "datetime": {"datetime": "2024-01-19 01:35:07", "elapsed": 5001.443851, "delta": 0.004846}}
{"target": -17.677213928472707, "params": {"gamma": 983.3180771863207, "log10_alpha": -4.892750632737621, "log10_colsample_bytree": -0.23268312615716946, "log10_eta": -3.8032918143624683, "log10_lambda": -2.90420507045907, "log10_min_child_weight": 4.83513997803655, "log10_subsample": -0.4185801618579197, "max_depth": 2.0, "num_boost_round": 29.0}, "datetime": {"datetime": "2024-01-19 01:35:07", "elapsed": 5001.448763, "delta": 0.004912}}
{"target": -17.677213273932082, "params": {"gamma": 983.3180771863207, "log10_alpha": -4.892750632737621, "log10_colsample_bytree": -0.23268312615716946, "log10_eta": -3.8032918143624683, "log10_lambda": -2.90420507045907, "log10_min_child_weight": 4.83513997803655, "log10_subsample": -0.4185801618579197, "max_depth": 2.0, "num_boost_round": 30.0}, "datetime": {"datetime": "2024-01-19 01:35:07", "elapsed": 5001.454546, "delta": 0.005783}}
{"target": -17.677212691503797, "params": {"gamma": 983.3180771863207, "log10_alpha": -4.892750632737621, "log10_colsample_bytree": -0.23268312615716946, "log10_eta": -3.8032918143624683, "log10_lambda": -2.90420507045907, "log10_min_child_weight": 4.83513997803655, "log10_subsample": -0.4185801618579197, "max_depth": 2.0, "num_boost_round": 31.0}, "datetime": {"datetime": "2024-01-19 01:35:07", "elapsed": 5001.45976, "delta": 0.005214}}
{"target": -17.67721300889928, "params": {"gamma": 983.3180771863207, "log10_alpha": -4.892750632737621, "log10_colsample_bytree": -0.23268312615716946, "log10_eta": -3.8032918143624683, "log10_lambda": -2.90420507045907, "log10_min_child_weight": 4.83513997803655, "log10_subsample": -0.4185801618579197, "max_depth": 2.0, "num_boost_round": 32.0}, "datetime": {"datetime": "2024-01-19 01:35:07", "elapsed": 5001.464669, "delta": 0.004909}}
{"target": -17.677213384304164, "params": {"gamma": 983.3180771863207, "log10_alpha": -4.892750632737621, "log10_colsample_bytree": -0.23268312615716946, "log10_eta": -3.8032918143624683, "log10_lambda": -2.90420507045907, "log10_min_child_weight": 4.83513997803655, "log10_subsample": -0.4185801618579197, "max_depth": 2.0, "num_boost_round": 33.0}, "datetime": {"datetime": "2024-01-19 01:35:07", "elapsed": 5001.469684, "delta": 0.005015}}
{"target": -17.67721118027795, "params": {"gamma": 983.3180771863207, "log10_alpha": -4.892750632737621, "log10_colsample_bytree": -0.23268312615716946, "log10_eta": -3.8032918143624683, "log10_lambda": -2.90420507045907, "log10_min_child_weight": 4.83513997803655, "log10_subsample": -0.4185801618579197, "max_depth": 2.0, "num_boost_round": 34.0}, "datetime": {"datetime": "2024-01-19 01:35:07", "elapsed": 5001.474858, "delta": 0.005174}}
{"target": -17.677211510774566, "params": {"gamma": 983.3180771863207, "log10_alpha": -4.892750632737621, "log10_colsample_bytree": -0.23268312615716946, "log10_eta": -3.8032918143624683, "log10_lambda": -2.90420507045907, "log10_min_child_weight": 4.83513997803655, "log10_subsample": -0.4185801618579197, "max_depth": 2.0, "num_boost_round": 35.0}, "datetime": {"datetime": "2024-01-19 01:35:07", "elapsed": 5001.479706, "delta": 0.004848}}
{"target": -17.677211840130028, "params": {"gamma": 983.3180771863207, "log10_alpha": -4.892750632737621, "log10_colsample_bytree": -0.23268312615716946, "log10_eta": -3.8032918143624683, "log10_lambda": -2.90420507045907, "log10_min_child_weight": 4.83513997803655, "log10_subsample": -0.4185801618579197, "max_depth": 2.0, "num_boost_round": 36.0}, "datetime": {"datetime": "2024-01-19 01:35:07", "elapsed": 5001.484751, "delta": 0.005045}}
{"target": -17.677212147913885, "params": {"gamma": 983.3180771863207, "log10_alpha": -4.892750632737621, "log10_colsample_bytree": -0.23268312615716946, "log10_eta": -3.8032918143624683, "log10_lambda": -2.90420507045907, "log10_min_child_weight": 4.83513997803655, "log10_subsample": -0.4185801618579197, "max_depth": 2.0, "num_boost_round": 37.0}, "datetime": {"datetime": "2024-01-19 01:35:07", "elapsed": 5001.489597, "delta": 0.004846}}
{"target": -17.677212537203886, "params": {"gamma": 983.3180771863207, "log10_alpha": -4.892750632737621, "log10_colsample_bytree": -0.23268312615716946, "log10_eta": -3.8032918143624683, "log10_lambda": -2.90420507045907, "log10_min_child_weight": 4.83513997803655, "log10_subsample": -0.4185801618579197, "max_depth": 2.0, "num_boost_round": 38.0}, "datetime": {"datetime": "2024-01-19 01:35:07", "elapsed": 5001.494582, "delta": 0.004985}}
{"target": -17.67721120897205, "params": {"gamma": 983.3180771863207, "log10_alpha": -4.892750632737621, "log10_colsample_bytree": -0.23268312615716946, "log10_eta": -3.8032918143624683, "log10_lambda": -2.90420507045907, "log10_min_child_weight": 4.83513997803655, "log10_subsample": -0.4185801618579197, "max_depth": 2.0, "num_boost_round": 39.0}, "datetime": {"datetime": "2024-01-19 01:35:07", "elapsed": 5001.499396, "delta": 0.004814}}
{"target": -17.677211605408278, "params": {"gamma": 983.3180771863207, "log10_alpha": -4.892750632737621, "log10_colsample_bytree": -0.23268312615716946, "log10_eta": -3.8032918143624683, "log10_lambda": -2.90420507045907, "log10_min_child_weight": 4.83513997803655, "log10_subsample": -0.4185801618579197, "max_depth": 2.0, "num_boost_round": 40.0}, "datetime": {"datetime": "2024-01-19 01:35:07", "elapsed": 5001.504254, "delta": 0.004858}}
{"target": -17.677210529353026, "params": {"gamma": 983.3180771863207, "log10_alpha": -4.892750632737621, "log10_colsample_bytree": -0.23268312615716946, "log10_eta": -3.8032918143624683, "log10_lambda": -2.90420507045907, "log10_min_child_weight": 4.83513997803655, "log10_subsample": -0.4185801618579197, "max_depth": 2.0, "num_boost_round": 41.0}, "datetime": {"datetime": "2024-01-19 01:35:07", "elapsed": 5001.509156, "delta": 0.004902}}
{"target": -17.677209733800215, "params": {"gamma": 983.3180771863207, "log10_alpha": -4.892750632737621, "log10_colsample_bytree": -0.23268312615716946, "log10_eta": -3.8032918143624683, "log10_lambda": -2.90420507045907, "log10_min_child_weight": 4.83513997803655, "log10_subsample": -0.4185801618579197, "max_depth": 2.0, "num_boost_round": 42.0}, "datetime": {"datetime": "2024-01-19 01:35:07", "elapsed": 5001.5144, "delta": 0.005244}}
{"target": -17.677210060364057, "params": {"gamma": 983.3180771863207, "log10_alpha": -4.892750632737621, "log10_colsample_bytree": -0.23268312615716946, "log10_eta": -3.8032918143624683, "log10_lambda": -2.90420507045907, "log10_min_child_weight": 4.83513997803655, "log10_subsample": -0.4185801618579197, "max_depth": 2.0, "num_boost_round": 43.0}, "datetime": {"datetime": "2024-01-19 01:35:07", "elapsed": 5001.519352, "delta": 0.004952}}
{"target": -17.677210408712025, "params": {"gamma": 983.3180771863207, "log10_alpha": -4.892750632737621, "log10_colsample_bytree": -0.23268312615716946, "log10_eta": -3.8032918143624683, "log10_lambda": -2.90420507045907, "log10_min_child_weight": 4.83513997803655, "log10_subsample": -0.4185801618579197, "max_depth": 2.0, "num_boost_round": 44.0}, "datetime": {"datetime": "2024-01-19 01:35:07", "elapsed": 5001.524268, "delta": 0.004916}}
{"target": -17.677208396483746, "params": {"gamma": 983.3180771863207, "log10_alpha": -4.892750632737621, "log10_colsample_bytree": -0.23268312615716946, "log10_eta": -3.8032918143624683, "log10_lambda": -2.90420507045907, "log10_min_child_weight": 4.83513997803655, "log10_subsample": -0.4185801618579197, "max_depth": 2.0, "num_boost_round": 45.0}, "datetime": {"datetime": "2024-01-19 01:35:07", "elapsed": 5001.529151, "delta": 0.004883}}
{"target": -17.677207173203463, "params": {"gamma": 983.3180771863207, "log10_alpha": -4.892750632737621, "log10_colsample_bytree": -0.23268312615716946, "log10_eta": -3.8032918143624683, "log10_lambda": -2.90420507045907, "log10_min_child_weight": 4.83513997803655, "log10_subsample": -0.4185801618579197, "max_depth": 2.0, "num_boost_round": 46.0}, "datetime": {"datetime": "2024-01-19 01:35:07", "elapsed": 5001.534182, "delta": 0.005031}}
{"target": -17.67720751662144, "params": {"gamma": 983.3180771863207, "log10_alpha": -4.892750632737621, "log10_colsample_bytree": -0.23268312615716946, "log10_eta": -3.8032918143624683, "log10_lambda": -2.90420507045907, "log10_min_child_weight": 4.83513997803655, "log10_subsample": -0.4185801618579197, "max_depth": 2.0, "num_boost_round": 47.0}, "datetime": {"datetime": "2024-01-19 01:35:07", "elapsed": 5001.539084, "delta": 0.004902}}
