{"target": -13.851790444435316, "params": {"gamma": 411.0335068086739, "log10_alpha": -1.61912173683241, "log10_colsample_bytree": -0.7504293539615307, "log10_eta": -0.4781891548612065, "log10_lambda": 0.8619789756405147, "log10_min_child_weight": 3.8828736750868624, "log10_subsample": -0.9096535461902021, "max_depth": 5.0, "num_boost_round": 69.0}, "datetime": {"datetime": "2024-01-19 00:47:52", "elapsed": 2176.096457, "delta": 0.00371}}
{"target": -13.853545926800662, "params": {"gamma": 411.0335068086739, "log10_alpha": -1.61912173683241, "log10_colsample_bytree": -0.7504293539615307, "log10_eta": -0.4781891548612065, "log10_lambda": 0.8619789756405147, "log10_min_child_weight": 3.8828736750868624, "log10_subsample": -0.9096535461902021, "max_depth": 5.0, "num_boost_round": 70.0}, "datetime": {"datetime": "2024-01-19 00:47:53", "elapsed": 2176.100059, "delta": 0.003602}}
{"target": -13.85459425279778, "params": {"gamma": 411.0335068086739, "log10_alpha": -1.61912173683241, "log10_colsample_bytree": -0.7504293539615307, "log10_eta": -0.4781891548612065, "log10_lambda": 0.8619789756405147, "log10_min_child_weight": 3.8828736750868624, "log10_subsample": -0.9096535461902021, "max_depth": 5.0, "num_boost_round": 71.0}, "datetime": {"datetime": "2024-01-19 00:47:53", "elapsed": 2176.103586, "delta": 0.003527}}
{"target": -13.856614531949859, "params": {"gamma": 411.0335068086739, "log10_alpha": -1.61912173683241, "log10_colsample_bytree": -0.7504293539615307, "log10_eta": -0.4781891548612065, "log10_lambda": 0.8619789756405147, "log10_min_child_weight": 3.8828736750868624, "log10_subsample": -0.9096535461902021, "max_depth": 5.0, "num_boost_round": 72.0}, "datetime": {"datetime": "2024-01-19 00:47:53", "elapsed": 2176.10709, "delta": 0.003504}}
{"target": -13.858613456655776, "params": {"gamma": 411.0335068086739, "log10_alpha": -1.61912173683241, "log10_colsample_bytree": -0.7504293539615307, "log10_eta": -0.4781891548612065, "log10_lambda": 0.8619789756405147, "log10_min_child_weight": 3.8828736750868624, "log10_subsample": -0.9096535461902021, "max_depth": 5.0, "num_boost_round": 73.0}, "datetime": {"datetime": "2024-01-19 00:47:53", "elapsed": 2176.110623, "delta": 0.003533}}
{"target": -13.859239853892829, "params": {"gamma": 411.0335068086739, "log10_alpha": -1.61912173683241, "log10_colsample_bytree": -0.7504293539615307, "log10_eta": -0.4781891548612065, "log10_lambda": 0.8619789756405147, "log10_min_child_weight": 3.8828736750868624, "log10_subsample": -0.9096535461902021, "max_depth": 5.0, "num_boost_round": 74.0}, "datetime": {"datetime": "2024-01-19 00:47:53", "elapsed": 2176.114121, "delta": 0.003498}}
{"target": -13.861386098461278, "params": {"gamma": 411.0335068086739, "log10_alpha": -1.61912173683241, "log10_colsample_bytree": -0.7504293539615307, "log10_eta": -0.4781891548612065, "log10_lambda": 0.8619789756405147, "log10_min_child_weight": 3.8828736750868624, "log10_subsample": -0.9096535461902021, "max_depth": 5.0, "num_boost_round": 75.0}, "datetime": {"datetime": "2024-01-19 00:47:53", "elapsed": 2176.117667, "delta": 0.003546}}
{"target": -13.86404684790191, "params": {"gamma": 411.0335068086739, "log10_alpha": -1.61912173683241, "log10_colsample_bytree": -0.7504293539615307, "log10_eta": -0.4781891548612065, "log10_lambda": 0.8619789756405147, "log10_min_child_weight": 3.8828736750868624, "log10_subsample": -0.9096535461902021, "max_depth": 5.0, "num_boost_round": 76.0}, "datetime": {"datetime": "2024-01-19 00:47:53", "elapsed": 2176.12121, "delta": 0.003543}}
{"target": -13.864864180564865, "params": {"gamma": 411.0335068086739, "log10_alpha": -1.61912173683241, "log10_colsample_bytree": -0.7504293539615307, "log10_eta": -0.4781891548612065, "log10_lambda": 0.8619789756405147, "log10_min_child_weight": 3.8828736750868624, "log10_subsample": -0.9096535461902021, "max_depth": 5.0, "num_boost_round": 77.0}, "datetime": {"datetime": "2024-01-19 00:47:53", "elapsed": 2176.124722, "delta": 0.003512}}
{"target": -13.86550284974856, "params": {"gamma": 411.0335068086739, "log10_alpha": -1.61912173683241, "log10_colsample_bytree": -0.7504293539615307, "log10_eta": -0.4781891548612065, "log10_lambda": 0.8619789756405147, "log10_min_child_weight": 3.8828736750868624, "log10_subsample": -0.9096535461902021, "max_depth": 5.0, "num_boost_round": 78.0}, "datetime": {"datetime": "2024-01-19 00:47:53", "elapsed": 2176.128261, "delta": 0.003539}}
{"target": -13.864914841980058, "params": {"gamma": 411.0335068086739, "log10_alpha": -1.61912173683241, "log10_colsample_bytree": -0.7504293539615307, "log10_eta": -0.4781891548612065, "log10_lambda": 0.8619789756405147, "log10_min_child_weight": 3.8828736750868624, "log10_subsample": -0.9096535461902021, "max_depth": 5.0, "num_boost_round": 79.0}, "datetime": {"datetime": "2024-01-19 00:47:53", "elapsed": 2176.13181, "delta": 0.003549}}
{"target": -13.867318150574052, "params": {"gamma": 411.0335068086739, "log10_alpha": -1.61912173683241, "log10_colsample_bytree": -0.7504293539615307, "log10_eta": -0.4781891548612065, "log10_lambda": 0.8619789756405147, "log10_min_child_weight": 3.8828736750868624, "log10_subsample": -0.9096535461902021, "max_depth": 5.0, "num_boost_round": 80.0}, "datetime": {"datetime": "2024-01-19 00:47:53", "elapsed": 2176.135318, "delta": 0.003508}}
{"target": -13.869951653796166, "params": {"gamma": 411.0335068086739, "log10_alpha": -1.61912173683241, "log10_colsample_bytree": -0.7504293539615307, "log10_eta": -0.4781891548612065, "log10_lambda": 0.8619789756405147, "log10_min_child_weight": 3.8828736750868624, "log10_subsample": -0.9096535461902021, "max_depth": 5.0, "num_boost_round": 81.0}, "datetime": {"datetime": "2024-01-19 00:47:53", "elapsed": 2176.138976, "delta": 0.003658}}
{"target": -13.869816229245776, "params": {"gamma": 411.0335068086739, "log10_alpha": -1.61912173683241, "log10_colsample_bytree": -0.7504293539615307, "log10_eta": -0.4781891548612065, "log10_lambda": 0.8619789756405147, "log10_min_child_weight": 3.8828736750868624, "log10_subsample": -0.9096535461902021, "max_depth": 5.0, "num_boost_round": 82.0}, "datetime": {"datetime": "2024-01-19 00:47:53", "elapsed": 2176.142527, "delta": 0.003551}}
{"target": -13.870096715398084, "params": {"gamma": 411.0335068086739, "log10_alpha": -1.61912173683241, "log10_colsample_bytree": -0.7504293539615307, "log10_eta": -0.4781891548612065, "log10_lambda": 0.8619789756405147, "log10_min_child_weight": 3.8828736750868624, "log10_subsample": -0.9096535461902021, "max_depth": 5.0, "num_boost_round": 83.0}, "datetime": {"datetime": "2024-01-19 00:47:53", "elapsed": 2176.146089, "delta": 0.003562}}
{"target": -13.87155891213623, "params": {"gamma": 411.0335068086739, "log10_alpha": -1.61912173683241, "log10_colsample_bytree": -0.7504293539615307, "log10_eta": -0.4781891548612065, "log10_lambda": 0.8619789756405147, "log10_min_child_weight": 3.8828736750868624, "log10_subsample": -0.9096535461902021, "max_depth": 5.0, "num_boost_round": 84.0}, "datetime": {"datetime": "2024-01-19 00:47:53", "elapsed": 2176.14992, "delta": 0.003831}}
{"target": -13.75850768025002, "params": {"gamma": 429.5145435787977, "log10_alpha": -1.2425671973762196, "log10_colsample_bytree": -0.45066933860554614, "log10_eta": -2.6745037384589407, "log10_lambda": 0.778728986939778, "log10_min_child_weight": 0.2548436751540728, "log10_subsample": -0.07796670989141041, "max_depth": 3.0, "num_boost_round": 0.0}, "datetime": {"datetime": "2024-01-19 00:48:30", "elapsed": 2214.045354, "delta": 37.895434}}
{"target": -13.758463624593416, "params": {"gamma": 429.5145435787977, "log10_alpha": -1.2425671973762196, "log10_colsample_bytree": -0.45066933860554614, "log10_eta": -2.6745037384589407, "log10_lambda": 0.778728986939778, "log10_min_child_weight": 0.2548436751540728, "log10_subsample": -0.07796670989141041, "max_depth": 3.0, "num_boost_round": 1.0}, "datetime": {"datetime": "2024-01-19 00:48:30", "elapsed": 2214.049996, "delta": 0.004642}}
{"target": -13.75845850693278, "params": {"gamma": 429.5145435787977, "log10_alpha": -1.2425671973762196, "log10_colsample_bytree": -0.45066933860554614, "log10_eta": -2.6745037384589407, "log10_lambda": 0.778728986939778, "log10_min_child_weight": 0.2548436751540728, "log10_subsample": -0.07796670989141041, "max_depth": 3.0, "num_boost_round": 2.0}, "datetime": {"datetime": "2024-01-19 00:48:30", "elapsed": 2214.053561, "delta": 0.003565}}
{"target": -13.758452660873736, "params": {"gamma": 429.5145435787977, "log10_alpha": -1.2425671973762196, "log10_colsample_bytree": -0.45066933860554614, "log10_eta": -2.6745037384589407, "log10_lambda": 0.778728986939778, "log10_min_child_weight": 0.2548436751540728, "log10_subsample": -0.07796670989141041, "max_depth": 3.0, "num_boost_round": 3.0}, "datetime": {"datetime": "2024-01-19 00:48:30", "elapsed": 2214.0571, "delta": 0.003539}}
{"target": -13.758401223794676, "params": {"gamma": 429.5145435787977, "log10_alpha": -1.2425671973762196, "log10_colsample_bytree": -0.45066933860554614, "log10_eta": -2.6745037384589407, "log10_lambda": 0.778728986939778, "log10_min_child_weight": 0.2548436751540728, "log10_subsample": -0.07796670989141041, "max_depth": 3.0, "num_boost_round": 4.0}, "datetime": {"datetime": "2024-01-19 00:48:30", "elapsed": 2214.060631, "delta": 0.003531}}
{"target": -13.758376645799851, "params": {"gamma": 429.5145435787977, "log10_alpha": -1.2425671973762196, "log10_colsample_bytree": -0.45066933860554614, "log10_eta": -2.6745037384589407, "log10_lambda": 0.778728986939778, "log10_min_child_weight": 0.2548436751540728, "log10_subsample": -0.07796670989141041, "max_depth": 3.0, "num_boost_round": 5.0}, "datetime": {"datetime": "2024-01-19 00:48:30", "elapsed": 2214.064134, "delta": 0.003503}}
{"target": -13.758349931388413, "params": {"gamma": 429.5145435787977, "log10_alpha": -1.2425671973762196, "log10_colsample_bytree": -0.45066933860554614, "log10_eta": -2.6745037384589407, "log10_lambda": 0.778728986939778, "log10_min_child_weight": 0.2548436751540728, "log10_subsample": -0.07796670989141041, "max_depth": 3.0, "num_boost_round": 6.0}, "datetime": {"datetime": "2024-01-19 00:48:30", "elapsed": 2214.067632, "delta": 0.003498}}
{"target": -13.758331152771607, "params": {"gamma": 429.5145435787977, "log10_alpha": -1.2425671973762196, "log10_colsample_bytree": -0.45066933860554614, "log10_eta": -2.6745037384589407, "log10_lambda": 0.778728986939778, "log10_min_child_weight": 0.2548436751540728, "log10_subsample": -0.07796670989141041, "max_depth": 3.0, "num_boost_round": 7.0}, "datetime": {"datetime": "2024-01-19 00:48:30", "elapsed": 2214.071624, "delta": 0.003992}}
{"target": -13.758332052063466, "params": {"gamma": 429.5145435787977, "log10_alpha": -1.2425671973762196, "log10_colsample_bytree": -0.45066933860554614, "log10_eta": -2.6745037384589407, "log10_lambda": 0.778728986939778, "log10_min_child_weight": 0.2548436751540728, "log10_subsample": -0.07796670989141041, "max_depth": 3.0, "num_boost_round": 8.0}, "datetime": {"datetime": "2024-01-19 00:48:30", "elapsed": 2214.075978, "delta": 0.004354}}
{"target": -13.758279538922432, "params": {"gamma": 429.5145435787977, "log10_alpha": -1.2425671973762196, "log10_colsample_bytree": -0.45066933860554614, "log10_eta": -2.6745037384589407, "log10_lambda": 0.778728986939778, "log10_min_child_weight": 0.2548436751540728, "log10_subsample": -0.07796670989141041, "max_depth": 3.0, "num_boost_round": 9.0}, "datetime": {"datetime": "2024-01-19 00:48:30", "elapsed": 2214.079527, "delta": 0.003549}}
{"target": -13.75827007448133, "params": {"gamma": 429.5145435787977, "log10_alpha": -1.2425671973762196, "log10_colsample_bytree": -0.45066933860554614, "log10_eta": -2.6745037384589407, "log10_lambda": 0.778728986939778, "log10_min_child_weight": 0.2548436751540728, "log10_subsample": -0.07796670989141041, "max_depth": 3.0, "num_boost_round": 10.0}, "datetime": {"datetime": "2024-01-19 00:48:30", "elapsed": 2214.082998, "delta": 0.003471}}
{"target": -13.758239106779234, "params": {"gamma": 429.5145435787977, "log10_alpha": -1.2425671973762196, "log10_colsample_bytree": -0.45066933860554614, "log10_eta": -2.6745037384589407, "log10_lambda": 0.778728986939778, "log10_min_child_weight": 0.2548436751540728, "log10_subsample": -0.07796670989141041, "max_depth": 3.0, "num_boost_round": 11.0}, "datetime": {"datetime": "2024-01-19 00:48:30", "elapsed": 2214.086524, "delta": 0.003526}}
{"target": -13.758234039634852, "params": {"gamma": 429.5145435787977, "log10_alpha": -1.2425671973762196, "log10_colsample_bytree": -0.45066933860554614, "log10_eta": -2.6745037384589407, "log10_lambda": 0.778728986939778, "log10_min_child_weight": 0.2548436751540728, "log10_subsample": -0.07796670989141041, "max_depth": 3.0, "num_boost_round": 12.0}, "datetime": {"datetime": "2024-01-19 00:48:30", "elapsed": 2214.090157, "delta": 0.003633}}
{"target": -13.758231574167292, "params": {"gamma": 429.5145435787977, "log10_alpha": -1.2425671973762196, "log10_colsample_bytree": -0.45066933860554614, "log10_eta": -2.6745037384589407, "log10_lambda": 0.778728986939778, "log10_min_child_weight": 0.2548436751540728, "log10_subsample": -0.07796670989141041, "max_depth": 3.0, "num_boost_round": 13.0}, "datetime": {"datetime": "2024-01-19 00:48:30", "elapsed": 2214.093751, "delta": 0.003594}}
{"target": -13.758217594396708, "params": {"gamma": 429.5145435787977, "log10_alpha": -1.2425671973762196, "log10_colsample_bytree": -0.45066933860554614, "log10_eta": -2.6745037384589407, "log10_lambda": 0.778728986939778, "log10_min_child_weight": 0.2548436751540728, "log10_subsample": -0.07796670989141041, "max_depth": 3.0, "num_boost_round": 14.0}, "datetime": {"datetime": "2024-01-19 00:48:31", "elapsed": 2214.097376, "delta": 0.003625}}
{"target": -13.758184543852662, "params": {"gamma": 429.5145435787977, "log10_alpha": -1.2425671973762196, "log10_colsample_bytree": -0.45066933860554614, "log10_eta": -2.6745037384589407, "log10_lambda": 0.778728986939778, "log10_min_child_weight": 0.2548436751540728, "log10_subsample": -0.07796670989141041, "max_depth": 3.0, "num_boost_round": 15.0}, "datetime": {"datetime": "2024-01-19 00:48:31", "elapsed": 2214.101017, "delta": 0.003641}}
{"target": -13.758158126412427, "params": {"gamma": 429.5145435787977, "log10_alpha": -1.2425671973762196, "log10_colsample_bytree": -0.45066933860554614, "log10_eta": -2.6745037384589407, "log10_lambda": 0.778728986939778, "log10_min_child_weight": 0.2548436751540728, "log10_subsample": -0.07796670989141041, "max_depth": 3.0, "num_boost_round": 16.0}, "datetime": {"datetime": "2024-01-19 00:48:31", "elapsed": 2214.104634, "delta": 0.003617}}
{"target": -13.758155309604563, "params": {"gamma": 429.5145435787977, "log10_alpha": -1.2425671973762196, "log10_colsample_bytree": -0.45066933860554614, "log10_eta": -2.6745037384589407, "log10_lambda": 0.778728986939778, "log10_min_child_weight": 0.2548436751540728, "log10_subsample": -0.07796670989141041, "max_depth": 3.0, "num_boost_round": 17.0}, "datetime": {"datetime": "2024-01-19 00:48:31", "elapsed": 2214.108138, "delta": 0.003504}}
{"target": -13.758129404355786, "params": {"gamma": 429.5145435787977, "log10_alpha": -1.2425671973762196, "log10_colsample_bytree": -0.45066933860554614, "log10_eta": -2.6745037384589407, "log10_lambda": 0.778728986939778, "log10_min_child_weight": 0.2548436751540728, "log10_subsample": -0.07796670989141041, "max_depth": 3.0, "num_boost_round": 18.0}, "datetime": {"datetime": "2024-01-19 00:48:31", "elapsed": 2214.111701, "delta": 0.003563}}
{"target": -13.758141612011785, "params": {"gamma": 429.5145435787977, "log10_alpha": -1.2425671973762196, "log10_colsample_bytree": -0.45066933860554614, "log10_eta": -2.6745037384589407, "log10_lambda": 0.778728986939778, "log10_min_child_weight": 0.2548436751540728, "log10_subsample": -0.07796670989141041, "max_depth": 3.0, "num_boost_round": 19.0}, "datetime": {"datetime": "2024-01-19 00:48:31", "elapsed": 2214.115328, "delta": 0.003627}}
{"target": -13.758117428622485, "params": {"gamma": 429.5145435787977, "log10_alpha": -1.2425671973762196, "log10_colsample_bytree": -0.45066933860554614, "log10_eta": -2.6745037384589407, "log10_lambda": 0.778728986939778, "log10_min_child_weight": 0.2548436751540728, "log10_subsample": -0.07796670989141041, "max_depth": 3.0, "num_boost_round": 20.0}, "datetime": {"datetime": "2024-01-19 00:48:31", "elapsed": 2214.118841, "delta": 0.003513}}
{"target": -13.758115487163991, "params": {"gamma": 429.5145435787977, "log10_alpha": -1.2425671973762196, "log10_colsample_bytree": -0.45066933860554614, "log10_eta": -2.6745037384589407, "log10_lambda": 0.778728986939778, "log10_min_child_weight": 0.2548436751540728, "log10_subsample": -0.07796670989141041, "max_depth": 3.0, "num_boost_round": 21.0}, "datetime": {"datetime": "2024-01-19 00:48:31", "elapsed": 2214.12241, "delta": 0.003569}}
{"target": -13.758353051538577, "params": {"gamma": 396.17549486689273, "log10_alpha": -1.9073795749624516, "log10_colsample_bytree": -0.9182702114513968, "log10_eta": -2.1120743118635024, "log10_lambda": -4.7909392612135235, "log10_min_child_weight": 0.012980580042666334, "log10_subsample": -0.7929025199514896, "max_depth": 4.0, "num_boost_round": 0.0}, "datetime": {"datetime": "2024-01-19 00:49:19", "elapsed": 2262.446521, "delta": 48.324111}}
{"target": -13.758216767336902, "params": {"gamma": 396.17549486689273, "log10_alpha": -1.9073795749624516, "log10_colsample_bytree": -0.9182702114513968, "log10_eta": -2.1120743118635024, "log10_lambda": -4.7909392612135235, "log10_min_child_weight": 0.012980580042666334, "log10_subsample": -0.7929025199514896, "max_depth": 4.0, "num_boost_round": 1.0}, "datetime": {"datetime": "2024-01-19 00:49:19", "elapsed": 2262.450832, "delta": 0.004311}}
{"target": -13.758131331449436, "params": {"gamma": 396.17549486689273, "log10_alpha": -1.9073795749624516, "log10_colsample_bytree": -0.9182702114513968, "log10_eta": -2.1120743118635024, "log10_lambda": -4.7909392612135235, "log10_min_child_weight": 0.012980580042666334, "log10_subsample": -0.7929025199514896, "max_depth": 4.0, "num_boost_round": 2.0}, "datetime": {"datetime": "2024-01-19 00:49:19", "elapsed": 2262.454383, "delta": 0.003551}}
{"target": -13.758127396050345, "params": {"gamma": 396.17549486689273, "log10_alpha": -1.9073795749624516, "log10_colsample_bytree": -0.9182702114513968, "log10_eta": -2.1120743118635024, "log10_lambda": -4.7909392612135235, "log10_min_child_weight": 0.012980580042666334, "log10_subsample": -0.7929025199514896, "max_depth": 4.0, "num_boost_round": 3.0}, "datetime": {"datetime": "2024-01-19 00:49:19", "elapsed": 2262.457965, "delta": 0.003582}}
{"target": -13.758128816652109, "params": {"gamma": 396.17549486689273, "log10_alpha": -1.9073795749624516, "log10_colsample_bytree": -0.9182702114513968, "log10_eta": -2.1120743118635024, "log10_lambda": -4.7909392612135235, "log10_min_child_weight": 0.012980580042666334, "log10_subsample": -0.7929025199514896, "max_depth": 4.0, "num_boost_round": 4.0}, "datetime": {"datetime": "2024-01-19 00:49:19", "elapsed": 2262.461451, "delta": 0.003486}}
{"target": -13.758071312896265, "params": {"gamma": 396.17549486689273, "log10_alpha": -1.9073795749624516, "log10_colsample_bytree": -0.9182702114513968, "log10_eta": -2.1120743118635024, "log10_lambda": -4.7909392612135235, "log10_min_child_weight": 0.012980580042666334, "log10_subsample": -0.7929025199514896, "max_depth": 4.0, "num_boost_round": 5.0}, "datetime": {"datetime": "2024-01-19 00:49:19", "elapsed": 2262.464938, "delta": 0.003487}}
{"target": -13.7581437077831, "params": {"gamma": 396.17549486689273, "log10_alpha": -1.9073795749624516, "log10_colsample_bytree": -0.9182702114513968, "log10_eta": -2.1120743118635024, "log10_lambda": -4.7909392612135235, "log10_min_child_weight": 0.012980580042666334, "log10_subsample": -0.7929025199514896, "max_depth": 4.0, "num_boost_round": 6.0}, "datetime": {"datetime": "2024-01-19 00:49:19", "elapsed": 2262.468473, "delta": 0.003535}}
{"target": -13.757960486144698, "params": {"gamma": 396.17549486689273, "log10_alpha": -1.9073795749624516, "log10_colsample_bytree": -0.9182702114513968, "log10_eta": -2.1120743118635024, "log10_lambda": -4.7909392612135235, "log10_min_child_weight": 0.012980580042666334, "log10_subsample": -0.7929025199514896, "max_depth": 4.0, "num_boost_round": 7.0}, "datetime": {"datetime": "2024-01-19 00:49:19", "elapsed": 2262.472064, "delta": 0.003591}}
{"target": -13.757898664049302, "params": {"gamma": 396.17549486689273, "log10_alpha": -1.9073795749624516, "log10_colsample_bytree": -0.9182702114513968, "log10_eta": -2.1120743118635024, "log10_lambda": -4.7909392612135235, "log10_min_child_weight": 0.012980580042666334, "log10_subsample": -0.7929025199514896, "max_depth": 4.0, "num_boost_round": 8.0}, "datetime": {"datetime": "2024-01-19 00:49:19", "elapsed": 2262.475517, "delta": 0.003453}}
{"target": -13.757866600389782, "params": {"gamma": 396.17549486689273, "log10_alpha": -1.9073795749624516, "log10_colsample_bytree": -0.9182702114513968, "log10_eta": -2.1120743118635024, "log10_lambda": -4.7909392612135235, "log10_min_child_weight": 0.012980580042666334, "log10_subsample": -0.7929025199514896, "max_depth": 4.0, "num_boost_round": 9.0}, "datetime": {"datetime": "2024-01-19 00:49:19", "elapsed": 2262.478971, "delta": 0.003454}}
{"target": -13.757640483579559, "params": {"gamma": 396.17549486689273, "log10_alpha": -1.9073795749624516, "log10_colsample_bytree": -0.9182702114513968, "log10_eta": -2.1120743118635024, "log10_lambda": -4.7909392612135235, "log10_min_child_weight": 0.012980580042666334, "log10_subsample": -0.7929025199514896, "max_depth": 4.0, "num_boost_round": 10.0}, "datetime": {"datetime": "2024-01-19 00:49:19", "elapsed": 2262.482487, "delta": 0.003516}}
