{"target": -13.758514776305107, "params": {"gamma": 933.1095189707323, "log10_alpha": -0.631252015118501, "log10_colsample_bytree": -0.6321611679863569, "log10_eta": -3.799996724471899, "log10_lambda": -4.190125886136384, "log10_min_child_weight": 4.496038792075637, "log10_subsample": -0.4715465961671035, "max_depth": 4.0, "num_boost_round": 46.0}, "datetime": {"datetime": "2024-01-19 01:52:04", "elapsed": 6025.897541, "delta": 0.00629}}
{"target": -13.758538067067834, "params": {"gamma": 927.4019652430156, "log10_alpha": -0.6919905482564719, "log10_colsample_bytree": -0.2570826485856845, "log10_eta": -3.7247561199608477, "log10_lambda": -0.6153551336517111, "log10_min_child_weight": 4.392020772699773, "log10_subsample": -0.29189907439684337, "max_depth": 5.0, "num_boost_round": 0.0}, "datetime": {"datetime": "2024-01-19 01:53:05", "elapsed": 6086.484686, "delta": 60.587145}}
{"target": -13.758537785034221, "params": {"gamma": 927.4019652430156, "log10_alpha": -0.6919905482564719, "log10_colsample_bytree": -0.2570826485856845, "log10_eta": -3.7247561199608477, "log10_lambda": -0.6153551336517111, "log10_min_child_weight": 4.392020772699773, "log10_subsample": -0.29189907439684337, "max_depth": 5.0, "num_boost_round": 1.0}, "datetime": {"datetime": "2024-01-19 01:53:05", "elapsed": 6086.491486, "delta": 0.0068}}
{"target": -13.75853972339238, "params": {"gamma": 927.4019652430156, "log10_alpha": -0.6919905482564719, "log10_colsample_bytree": -0.2570826485856845, "log10_eta": -3.7247561199608477, "log10_lambda": -0.6153551336517111, "log10_min_child_weight": 4.392020772699773, "log10_subsample": -0.29189907439684337, "max_depth": 5.0, "num_boost_round": 2.0}, "datetime": {"datetime": "2024-01-19 01:53:05", "elapsed": 6086.497467, "delta": 0.005981}}
{"target": -13.758539491322534, "params": {"gamma": 927.4019652430156, "log10_alpha": -0.6919905482564719, "log10_colsample_bytree": -0.2570826485856845, "log10_eta": -3.7247561199608477, "log10_lambda": -0.6153551336517111, "log10_min_child_weight": 4.392020772699773, "log10_subsample": -0.29189907439684337, "max_depth": 5.0, "num_boost_round": 3.0}, "datetime": {"datetime": "2024-01-19 01:53:05", "elapsed": 6086.503415, "delta": 0.005948}}
{"target": -13.758540855614774, "params": {"gamma": 927.4019652430156, "log10_alpha": -0.6919905482564719, "log10_colsample_bytree": -0.2570826485856845, "log10_eta": -3.7247561199608477, "log10_lambda": -0.6153551336517111, "log10_min_child_weight": 4.392020772699773, "log10_subsample": -0.29189907439684337, "max_depth": 5.0, "num_boost_round": 4.0}, "datetime": {"datetime": "2024-01-19 01:53:05", "elapsed": 6086.509574, "delta": 0.006159}}
{"target": -13.758540512955976, "params": {"gamma": 927.4019652430156, "log10_alpha": -0.6919905482564719, "log10_colsample_bytree": -0.2570826485856845, "log10_eta": -3.7247561199608477, "log10_lambda": -0.6153551336517111, "log10_min_child_weight": 4.392020772699773, "log10_subsample": -0.29189907439684337, "max_depth": 5.0, "num_boost_round": 5.0}, "datetime": {"datetime": "2024-01-19 01:53:05", "elapsed": 6086.515621, "delta": 0.006047}}
{"target": -13.758541194572093, "params": {"gamma": 927.4019652430156, "log10_alpha": -0.6919905482564719, "log10_colsample_bytree": -0.2570826485856845, "log10_eta": -3.7247561199608477, "log10_lambda": -0.6153551336517111, "log10_min_child_weight": 4.392020772699773, "log10_subsample": -0.29189907439684337, "max_depth": 5.0, "num_boost_round": 6.0}, "datetime": {"datetime": "2024-01-19 01:53:05", "elapsed": 6086.521654, "delta": 0.006033}}
{"target": -13.7585414747799, "params": {"gamma": 927.4019652430156, "log10_alpha": -0.6919905482564719, "log10_colsample_bytree": -0.2570826485856845, "log10_eta": -3.7247561199608477, "log10_lambda": -0.6153551336517111, "log10_min_child_weight": 4.392020772699773, "log10_subsample": -0.29189907439684337, "max_depth": 5.0, "num_boost_round": 7.0}, "datetime": {"datetime": "2024-01-19 01:53:05", "elapsed": 6086.527698, "delta": 0.006044}}
{"target": -13.758541255885884, "params": {"gamma": 927.4019652430156, "log10_alpha": -0.6919905482564719, "log10_colsample_bytree": -0.2570826485856845, "log10_eta": -3.7247561199608477, "log10_lambda": -0.6153551336517111, "log10_min_child_weight": 4.392020772699773, "log10_subsample": -0.29189907439684337, "max_depth": 5.0, "num_boost_round": 8.0}, "datetime": {"datetime": "2024-01-19 01:53:05", "elapsed": 6086.533715, "delta": 0.006017}}
{"target": -13.7585407373544, "params": {"gamma": 927.4019652430156, "log10_alpha": -0.6919905482564719, "log10_colsample_bytree": -0.2570826485856845, "log10_eta": -3.7247561199608477, "log10_lambda": -0.6153551336517111, "log10_min_child_weight": 4.392020772699773, "log10_subsample": -0.29189907439684337, "max_depth": 5.0, "num_boost_round": 9.0}, "datetime": {"datetime": "2024-01-19 01:53:05", "elapsed": 6086.539832, "delta": 0.006117}}
{"target": -13.75853956609939, "params": {"gamma": 927.4019652430156, "log10_alpha": -0.6919905482564719, "log10_colsample_bytree": -0.2570826485856845, "log10_eta": -3.7247561199608477, "log10_lambda": -0.6153551336517111, "log10_min_child_weight": 4.392020772699773, "log10_subsample": -0.29189907439684337, "max_depth": 5.0, "num_boost_round": 10.0}, "datetime": {"datetime": "2024-01-19 01:53:05", "elapsed": 6086.546076, "delta": 0.006244}}
{"target": -13.758538847296466, "params": {"gamma": 927.4019652430156, "log10_alpha": -0.6919905482564719, "log10_colsample_bytree": -0.2570826485856845, "log10_eta": -3.7247561199608477, "log10_lambda": -0.6153551336517111, "log10_min_child_weight": 4.392020772699773, "log10_subsample": -0.29189907439684337, "max_depth": 5.0, "num_boost_round": 11.0}, "datetime": {"datetime": "2024-01-19 01:53:05", "elapsed": 6086.552305, "delta": 0.006229}}
{"target": -13.758538148931358, "params": {"gamma": 927.4019652430156, "log10_alpha": -0.6919905482564719, "log10_colsample_bytree": -0.2570826485856845, "log10_eta": -3.7247561199608477, "log10_lambda": -0.6153551336517111, "log10_min_child_weight": 4.392020772699773, "log10_subsample": -0.29189907439684337, "max_depth": 5.0, "num_boost_round": 12.0}, "datetime": {"datetime": "2024-01-19 01:53:05", "elapsed": 6086.558723, "delta": 0.006418}}
{"target": -13.75853900995696, "params": {"gamma": 927.4019652430156, "log10_alpha": -0.6919905482564719, "log10_colsample_bytree": -0.2570826485856845, "log10_eta": -3.7247561199608477, "log10_lambda": -0.6153551336517111, "log10_min_child_weight": 4.392020772699773, "log10_subsample": -0.29189907439684337, "max_depth": 5.0, "num_boost_round": 13.0}, "datetime": {"datetime": "2024-01-19 01:53:05", "elapsed": 6086.66513, "delta": 0.106407}}
{"target": -13.758538516521465, "params": {"gamma": 927.4019652430156, "log10_alpha": -0.6919905482564719, "log10_colsample_bytree": -0.2570826485856845, "log10_eta": -3.7247561199608477, "log10_lambda": -0.6153551336517111, "log10_min_child_weight": 4.392020772699773, "log10_subsample": -0.29189907439684337, "max_depth": 5.0, "num_boost_round": 14.0}, "datetime": {"datetime": "2024-01-19 01:53:05", "elapsed": 6086.672353, "delta": 0.007223}}
{"target": -13.758536256181685, "params": {"gamma": 927.4019652430156, "log10_alpha": -0.6919905482564719, "log10_colsample_bytree": -0.2570826485856845, "log10_eta": -3.7247561199608477, "log10_lambda": -0.6153551336517111, "log10_min_child_weight": 4.392020772699773, "log10_subsample": -0.29189907439684337, "max_depth": 5.0, "num_boost_round": 15.0}, "datetime": {"datetime": "2024-01-19 01:53:05", "elapsed": 6086.678591, "delta": 0.006238}}
{"target": -13.758533880091814, "params": {"gamma": 927.4019652430156, "log10_alpha": -0.6919905482564719, "log10_colsample_bytree": -0.2570826485856845, "log10_eta": -3.7247561199608477, "log10_lambda": -0.6153551336517111, "log10_min_child_weight": 4.392020772699773, "log10_subsample": -0.29189907439684337, "max_depth": 5.0, "num_boost_round": 16.0}, "datetime": {"datetime": "2024-01-19 01:53:05", "elapsed": 6086.684599, "delta": 0.006008}}
{"target": -13.758532486509504, "params": {"gamma": 932.2027121411228, "log10_alpha": -2.968676253161086, "log10_colsample_bytree": -0.9519873101788394, "log10_eta": -3.3329849521748733, "log10_lambda": 0.3975370089970145, "log10_min_child_weight": 3.3983605685033798, "log10_subsample": -0.8307100600977534, "max_depth": 2.0, "num_boost_round": 0.0}, "datetime": {"datetime": "2024-01-19 01:54:39", "elapsed": 6180.137659, "delta": 93.45306}}
{"target": -13.758529331894815, "params": {"gamma": 932.2027121411228, "log10_alpha": -2.968676253161086, "log10_colsample_bytree": -0.9519873101788394, "log10_eta": -3.3329849521748733, "log10_lambda": 0.3975370089970145, "log10_min_child_weight": 3.3983605685033798, "log10_subsample": -0.8307100600977534, "max_depth": 2.0, "num_boost_round": 1.0}, "datetime": {"datetime": "2024-01-19 01:54:39", "elapsed": 6180.14408, "delta": 0.006421}}
{"target": -13.758527311968765, "params": {"gamma": 932.2027121411228, "log10_alpha": -2.968676253161086, "log10_colsample_bytree": -0.9519873101788394, "log10_eta": -3.3329849521748733, "log10_lambda": 0.3975370089970145, "log10_min_child_weight": 3.3983605685033798, "log10_subsample": -0.8307100600977534, "max_depth": 2.0, "num_boost_round": 2.0}, "datetime": {"datetime": "2024-01-19 01:54:39", "elapsed": 6180.150232, "delta": 0.006152}}
{"target": -13.75852750844996, "params": {"gamma": 932.2027121411228, "log10_alpha": -2.968676253161086, "log10_colsample_bytree": -0.9519873101788394, "log10_eta": -3.3329849521748733, "log10_lambda": 0.3975370089970145, "log10_min_child_weight": 3.3983605685033798, "log10_subsample": -0.8307100600977534, "max_depth": 2.0, "num_boost_round": 3.0}, "datetime": {"datetime": "2024-01-19 01:54:39", "elapsed": 6180.156528, "delta": 0.006296}}
{"target": -13.758526760394417, "params": {"gamma": 932.2027121411228, "log10_alpha": -2.968676253161086, "log10_colsample_bytree": -0.9519873101788394, "log10_eta": -3.3329849521748733, "log10_lambda": 0.3975370089970145, "log10_min_child_weight": 3.3983605685033798, "log10_subsample": -0.8307100600977534, "max_depth": 2.0, "num_boost_round": 4.0}, "datetime": {"datetime": "2024-01-19 01:54:39", "elapsed": 6180.162499, "delta": 0.005971}}
{"target": -13.758525518644243, "params": {"gamma": 932.2027121411228, "log10_alpha": -2.968676253161086, "log10_colsample_bytree": -0.9519873101788394, "log10_eta": -3.3329849521748733, "log10_lambda": 0.3975370089970145, "log10_min_child_weight": 3.3983605685033798, "log10_subsample": -0.8307100600977534, "max_depth": 2.0, "num_boost_round": 5.0}, "datetime": {"datetime": "2024-01-19 01:54:39", "elapsed": 6180.168505, "delta": 0.006006}}
{"target": -13.758529676963448, "params": {"gamma": 932.2027121411228, "log10_alpha": -2.968676253161086, "log10_colsample_bytree": -0.9519873101788394, "log10_eta": -3.3329849521748733, "log10_lambda": 0.3975370089970145, "log10_min_child_weight": 3.3983605685033798, "log10_subsample": -0.8307100600977534, "max_depth": 2.0, "num_boost_round": 6.0}, "datetime": {"datetime": "2024-01-19 01:54:39", "elapsed": 6180.174558, "delta": 0.006053}}
{"target": -13.758527244537863, "params": {"gamma": 932.2027121411228, "log10_alpha": -2.968676253161086, "log10_colsample_bytree": -0.9519873101788394, "log10_eta": -3.3329849521748733, "log10_lambda": 0.3975370089970145, "log10_min_child_weight": 3.3983605685033798, "log10_subsample": -0.8307100600977534, "max_depth": 2.0, "num_boost_round": 7.0}, "datetime": {"datetime": "2024-01-19 01:54:39", "elapsed": 6180.18075, "delta": 0.006192}}
{"target": -13.758530270446927, "params": {"gamma": 932.2027121411228, "log10_alpha": -2.968676253161086, "log10_colsample_bytree": -0.9519873101788394, "log10_eta": -3.3329849521748733, "log10_lambda": 0.3975370089970145, "log10_min_child_weight": 3.3983605685033798, "log10_subsample": -0.8307100600977534, "max_depth": 2.0, "num_boost_round": 8.0}, "datetime": {"datetime": "2024-01-19 01:54:39", "elapsed": 6180.187088, "delta": 0.006338}}
{"target": -13.758525891363837, "params": {"gamma": 932.2027121411228, "log10_alpha": -2.968676253161086, "log10_colsample_bytree": -0.9519873101788394, "log10_eta": -3.3329849521748733, "log10_lambda": 0.3975370089970145, "log10_min_child_weight": 3.3983605685033798, "log10_subsample": -0.8307100600977534, "max_depth": 2.0, "num_boost_round": 9.0}, "datetime": {"datetime": "2024-01-19 01:54:39", "elapsed": 6180.193531, "delta": 0.006443}}
{"target": -13.75852802523172, "params": {"gamma": 932.2027121411228, "log10_alpha": -2.968676253161086, "log10_colsample_bytree": -0.9519873101788394, "log10_eta": -3.3329849521748733, "log10_lambda": 0.3975370089970145, "log10_min_child_weight": 3.3983605685033798, "log10_subsample": -0.8307100600977534, "max_depth": 2.0, "num_boost_round": 10.0}, "datetime": {"datetime": "2024-01-19 01:54:39", "elapsed": 6180.199996, "delta": 0.006465}}
{"target": -13.75852800103028, "params": {"gamma": 932.2027121411228, "log10_alpha": -2.968676253161086, "log10_colsample_bytree": -0.9519873101788394, "log10_eta": -3.3329849521748733, "log10_lambda": 0.3975370089970145, "log10_min_child_weight": 3.3983605685033798, "log10_subsample": -0.8307100600977534, "max_depth": 2.0, "num_boost_round": 11.0}, "datetime": {"datetime": "2024-01-19 01:54:39", "elapsed": 6180.206482, "delta": 0.006486}}
{"target": -13.758522610541746, "params": {"gamma": 932.2027121411228, "log10_alpha": -2.968676253161086, "log10_colsample_bytree": -0.9519873101788394, "log10_eta": -3.3329849521748733, "log10_lambda": 0.3975370089970145, "log10_min_child_weight": 3.3983605685033798, "log10_subsample": -0.8307100600977534, "max_depth": 2.0, "num_boost_round": 12.0}, "datetime": {"datetime": "2024-01-19 01:54:39", "elapsed": 6180.212944, "delta": 0.006462}}
{"target": -13.758521154941011, "params": {"gamma": 932.2027121411228, "log10_alpha": -2.968676253161086, "log10_colsample_bytree": -0.9519873101788394, "log10_eta": -3.3329849521748733, "log10_lambda": 0.3975370089970145, "log10_min_child_weight": 3.3983605685033798, "log10_subsample": -0.8307100600977534, "max_depth": 2.0, "num_boost_round": 13.0}, "datetime": {"datetime": "2024-01-19 01:54:39", "elapsed": 6180.219381, "delta": 0.006437}}
{"target": -13.75851772134144, "params": {"gamma": 932.2027121411228, "log10_alpha": -2.968676253161086, "log10_colsample_bytree": -0.9519873101788394, "log10_eta": -3.3329849521748733, "log10_lambda": 0.3975370089970145, "log10_min_child_weight": 3.3983605685033798, "log10_subsample": -0.8307100600977534, "max_depth": 2.0, "num_boost_round": 14.0}, "datetime": {"datetime": "2024-01-19 01:54:39", "elapsed": 6180.22601, "delta": 0.006629}}
{"target": -13.758513185614431, "params": {"gamma": 932.2027121411228, "log10_alpha": -2.968676253161086, "log10_colsample_bytree": -0.9519873101788394, "log10_eta": -3.3329849521748733, "log10_lambda": 0.3975370089970145, "log10_min_child_weight": 3.3983605685033798, "log10_subsample": -0.8307100600977534, "max_depth": 2.0, "num_boost_round": 15.0}, "datetime": {"datetime": "2024-01-19 01:54:39", "elapsed": 6180.232527, "delta": 0.006517}}
{"target": -13.758511808601165, "params": {"gamma": 932.2027121411228, "log10_alpha": -2.968676253161086, "log10_colsample_bytree": -0.9519873101788394, "log10_eta": -3.3329849521748733, "log10_lambda": 0.3975370089970145, "log10_min_child_weight": 3.3983605685033798, "log10_subsample": -0.8307100600977534, "max_depth": 2.0, "num_boost_round": 16.0}, "datetime": {"datetime": "2024-01-19 01:54:39", "elapsed": 6180.239181, "delta": 0.006654}}
{"target": -13.75850702121656, "params": {"gamma": 932.2027121411228, "log10_alpha": -2.968676253161086, "log10_colsample_bytree": -0.9519873101788394, "log10_eta": -3.3329849521748733, "log10_lambda": 0.3975370089970145, "log10_min_child_weight": 3.3983605685033798, "log10_subsample": -0.8307100600977534, "max_depth": 2.0, "num_boost_round": 17.0}, "datetime": {"datetime": "2024-01-19 01:54:39", "elapsed": 6180.245663, "delta": 0.006482}}
{"target": -13.75850694380915, "params": {"gamma": 932.2027121411228, "log10_alpha": -2.968676253161086, "log10_colsample_bytree": -0.9519873101788394, "log10_eta": -3.3329849521748733, "log10_lambda": 0.3975370089970145, "log10_min_child_weight": 3.3983605685033798, "log10_subsample": -0.8307100600977534, "max_depth": 2.0, "num_boost_round": 18.0}, "datetime": {"datetime": "2024-01-19 01:54:39", "elapsed": 6180.252148, "delta": 0.006485}}
{"target": -13.758503889815312, "params": {"gamma": 932.2027121411228, "log10_alpha": -2.968676253161086, "log10_colsample_bytree": -0.9519873101788394, "log10_eta": -3.3329849521748733, "log10_lambda": 0.3975370089970145, "log10_min_child_weight": 3.3983605685033798, "log10_subsample": -0.8307100600977534, "max_depth": 2.0, "num_boost_round": 19.0}, "datetime": {"datetime": "2024-01-19 01:54:39", "elapsed": 6180.258655, "delta": 0.006507}}
{"target": -13.758501547839801, "params": {"gamma": 932.2027121411228, "log10_alpha": -2.968676253161086, "log10_colsample_bytree": -0.9519873101788394, "log10_eta": -3.3329849521748733, "log10_lambda": 0.3975370089970145, "log10_min_child_weight": 3.3983605685033798, "log10_subsample": -0.8307100600977534, "max_depth": 2.0, "num_boost_round": 20.0}, "datetime": {"datetime": "2024-01-19 01:54:39", "elapsed": 6180.367663, "delta": 0.109008}}
{"target": -13.758500910100754, "params": {"gamma": 932.2027121411228, "log10_alpha": -2.968676253161086, "log10_colsample_bytree": -0.9519873101788394, "log10_eta": -3.3329849521748733, "log10_lambda": 0.3975370089970145, "log10_min_child_weight": 3.3983605685033798, "log10_subsample": -0.8307100600977534, "max_depth": 2.0, "num_boost_round": 21.0}, "datetime": {"datetime": "2024-01-19 01:54:39", "elapsed": 6180.374323, "delta": 0.00666}}
{"target": -13.758498131054843, "params": {"gamma": 932.2027121411228, "log10_alpha": -2.968676253161086, "log10_colsample_bytree": -0.9519873101788394, "log10_eta": -3.3329849521748733, "log10_lambda": 0.3975370089970145, "log10_min_child_weight": 3.3983605685033798, "log10_subsample": -0.8307100600977534, "max_depth": 2.0, "num_boost_round": 22.0}, "datetime": {"datetime": "2024-01-19 01:54:39", "elapsed": 6180.381584, "delta": 0.007261}}
{"target": -13.758497222629279, "params": {"gamma": 932.2027121411228, "log10_alpha": -2.968676253161086, "log10_colsample_bytree": -0.9519873101788394, "log10_eta": -3.3329849521748733, "log10_lambda": 0.3975370089970145, "log10_min_child_weight": 3.3983605685033798, "log10_subsample": -0.8307100600977534, "max_depth": 2.0, "num_boost_round": 23.0}, "datetime": {"datetime": "2024-01-19 01:54:39", "elapsed": 6180.388416, "delta": 0.006832}}
{"target": -13.758495915012363, "params": {"gamma": 932.2027121411228, "log10_alpha": -2.968676253161086, "log10_colsample_bytree": -0.9519873101788394, "log10_eta": -3.3329849521748733, "log10_lambda": 0.3975370089970145, "log10_min_child_weight": 3.3983605685033798, "log10_subsample": -0.8307100600977534, "max_depth": 2.0, "num_boost_round": 24.0}, "datetime": {"datetime": "2024-01-19 01:54:39", "elapsed": 6180.394854, "delta": 0.006438}}
{"target": -13.758494650592134, "params": {"gamma": 932.2027121411228, "log10_alpha": -2.968676253161086, "log10_colsample_bytree": -0.9519873101788394, "log10_eta": -3.3329849521748733, "log10_lambda": 0.3975370089970145, "log10_min_child_weight": 3.3983605685033798, "log10_subsample": -0.8307100600977534, "max_depth": 2.0, "num_boost_round": 25.0}, "datetime": {"datetime": "2024-01-19 01:54:39", "elapsed": 6180.401066, "delta": 0.006212}}
{"target": -13.75849314679721, "params": {"gamma": 932.2027121411228, "log10_alpha": -2.968676253161086, "log10_colsample_bytree": -0.9519873101788394, "log10_eta": -3.3329849521748733, "log10_lambda": 0.3975370089970145, "log10_min_child_weight": 3.3983605685033798, "log10_subsample": -0.8307100600977534, "max_depth": 2.0, "num_boost_round": 26.0}, "datetime": {"datetime": "2024-01-19 01:54:39", "elapsed": 6180.407486, "delta": 0.00642}}
{"target": -13.75849292104335, "params": {"gamma": 932.2027121411228, "log10_alpha": -2.968676253161086, "log10_colsample_bytree": -0.9519873101788394, "log10_eta": -3.3329849521748733, "log10_lambda": 0.3975370089970145, "log10_min_child_weight": 3.3983605685033798, "log10_subsample": -0.8307100600977534, "max_depth": 2.0, "num_boost_round": 27.0}, "datetime": {"datetime": "2024-01-19 01:54:39", "elapsed": 6180.413661, "delta": 0.006175}}
{"target": -13.758489954042728, "params": {"gamma": 932.2027121411228, "log10_alpha": -2.968676253161086, "log10_colsample_bytree": -0.9519873101788394, "log10_eta": -3.3329849521748733, "log10_lambda": 0.3975370089970145, "log10_min_child_weight": 3.3983605685033798, "log10_subsample": -0.8307100600977534, "max_depth": 2.0, "num_boost_round": 28.0}, "datetime": {"datetime": "2024-01-19 01:54:39", "elapsed": 6180.419736, "delta": 0.006075}}
{"target": -13.758488265626447, "params": {"gamma": 932.2027121411228, "log10_alpha": -2.968676253161086, "log10_colsample_bytree": -0.9519873101788394, "log10_eta": -3.3329849521748733, "log10_lambda": 0.3975370089970145, "log10_min_child_weight": 3.3983605685033798, "log10_subsample": -0.8307100600977534, "max_depth": 2.0, "num_boost_round": 29.0}, "datetime": {"datetime": "2024-01-19 01:54:39", "elapsed": 6180.425775, "delta": 0.006039}}
{"target": -13.758485081619643, "params": {"gamma": 932.2027121411228, "log10_alpha": -2.968676253161086, "log10_colsample_bytree": -0.9519873101788394, "log10_eta": -3.3329849521748733, "log10_lambda": 0.3975370089970145, "log10_min_child_weight": 3.3983605685033798, "log10_subsample": -0.8307100600977534, "max_depth": 2.0, "num_boost_round": 30.0}, "datetime": {"datetime": "2024-01-19 01:54:39", "elapsed": 6180.43185, "delta": 0.006075}}
