{"target": -17.677206196982276, "params": {"gamma": 393.16372988420244, "log10_alpha": -0.8061641575345861, "log10_colsample_bytree": -0.6722921676171213, "log10_eta": -3.227944844846608, "log10_lambda": 0.6177798464480952, "log10_min_child_weight": 0.2932597706584794, "log10_subsample": -0.0002079317215532006, "max_depth": 6.0, "num_boost_round": 0.0}, "datetime": {"datetime": "2024-01-19 01:57:07", "elapsed": 6316.801814, "delta": 123.973691}}
{"target": -17.677160149947017, "params": {"gamma": 393.16372988420244, "log10_alpha": -0.8061641575345861, "log10_colsample_bytree": -0.6722921676171213, "log10_eta": -3.227944844846608, "log10_lambda": 0.6177798464480952, "log10_min_child_weight": 0.2932597706584794, "log10_subsample": -0.0002079317215532006, "max_depth": 6.0, "num_boost_round": 1.0}, "datetime": {"datetime": "2024-01-19 01:57:07", "elapsed": 6316.809155, "delta": 0.007341}}
{"target": -17.677110150025374, "params": {"gamma": 393.16372988420244, "log10_alpha": -0.8061641575345861, "log10_colsample_bytree": -0.6722921676171213, "log10_eta": -3.227944844846608, "log10_lambda": 0.6177798464480952, "log10_min_child_weight": 0.2932597706584794, "log10_subsample": -0.0002079317215532006, "max_depth": 6.0, "num_boost_round": 2.0}, "datetime": {"datetime": "2024-01-19 01:57:07", "elapsed": 6316.81558, "delta": 0.006425}}
{"target": -17.677114025352623, "params": {"gamma": 393.16372988420244, "log10_alpha": -0.8061641575345861, "log10_colsample_bytree": -0.6722921676171213, "log10_eta": -3.227944844846608, "log10_lambda": 0.6177798464480952, "log10_min_child_weight": 0.2932597706584794, "log10_subsample": -0.0002079317215532006, "max_depth": 6.0, "num_boost_round": 3.0}, "datetime": {"datetime": "2024-01-19 01:57:07", "elapsed": 6316.821931, "delta": 0.006351}}
{"target": -17.677070209649447, "params": {"gamma": 393.16372988420244, "log10_alpha": -0.8061641575345861, "log10_colsample_bytree": -0.6722921676171213, "log10_eta": -3.227944844846608, "log10_lambda": 0.6177798464480952, "log10_min_child_weight": 0.2932597706584794, "log10_subsample": -0.0002079317215532006, "max_depth": 6.0, "num_boost_round": 4.0}, "datetime": {"datetime": "2024-01-19 01:57:07", "elapsed": 6316.827747, "delta": 0.005816}}
{"target": -17.677029327196724, "params": {"gamma": 393.16372988420244, "log10_alpha": -0.8061641575345861, "log10_colsample_bytree": -0.6722921676171213, "log10_eta": -3.227944844846608, "log10_lambda": 0.6177798464480952, "log10_min_child_weight": 0.2932597706584794, "log10_subsample": -0.0002079317215532006, "max_depth": 6.0, "num_boost_round": 5.0}, "datetime": {"datetime": "2024-01-19 01:57:07", "elapsed": 6316.834629, "delta": 0.006882}}
{"target": -17.676997204695923, "params": {"gamma": 393.16372988420244, "log10_alpha": -0.8061641575345861, "log10_colsample_bytree": -0.6722921676171213, "log10_eta": -3.227944844846608, "log10_lambda": 0.6177798464480952, "log10_min_child_weight": 0.2932597706584794, "log10_subsample": -0.0002079317215532006, "max_depth": 6.0, "num_boost_round": 6.0}, "datetime": {"datetime": "2024-01-19 01:57:07", "elapsed": 6316.965446, "delta": 0.130817}}
{"target": -17.67696261779411, "params": {"gamma": 393.16372988420244, "log10_alpha": -0.8061641575345861, "log10_colsample_bytree": -0.6722921676171213, "log10_eta": -3.227944844846608, "log10_lambda": 0.6177798464480952, "log10_min_child_weight": 0.2932597706584794, "log10_subsample": -0.0002079317215532006, "max_depth": 6.0, "num_boost_round": 7.0}, "datetime": {"datetime": "2024-01-19 01:57:07", "elapsed": 6316.973082, "delta": 0.007636}}
{"target": -17.67693273293427, "params": {"gamma": 393.16372988420244, "log10_alpha": -0.8061641575345861, "log10_colsample_bytree": -0.6722921676171213, "log10_eta": -3.227944844846608, "log10_lambda": 0.6177798464480952, "log10_min_child_weight": 0.2932597706584794, "log10_subsample": -0.0002079317215532006, "max_depth": 6.0, "num_boost_round": 8.0}, "datetime": {"datetime": "2024-01-19 01:57:07", "elapsed": 6316.979709, "delta": 0.006627}}
{"target": -17.676930983885043, "params": {"gamma": 393.16372988420244, "log10_alpha": -0.8061641575345861, "log10_colsample_bytree": -0.6722921676171213, "log10_eta": -3.227944844846608, "log10_lambda": 0.6177798464480952, "log10_min_child_weight": 0.2932597706584794, "log10_subsample": -0.0002079317215532006, "max_depth": 6.0, "num_boost_round": 9.0}, "datetime": {"datetime": "2024-01-19 01:57:07", "elapsed": 6316.98606, "delta": 0.006351}}
{"target": -17.67689095237356, "params": {"gamma": 393.16372988420244, "log10_alpha": -0.8061641575345861, "log10_colsample_bytree": -0.6722921676171213, "log10_eta": -3.227944844846608, "log10_lambda": 0.6177798464480952, "log10_min_child_weight": 0.2932597706584794, "log10_subsample": -0.0002079317215532006, "max_depth": 6.0, "num_boost_round": 10.0}, "datetime": {"datetime": "2024-01-19 01:57:07", "elapsed": 6316.99238, "delta": 0.00632}}
{"target": -17.676855046547193, "params": {"gamma": 393.16372988420244, "log10_alpha": -0.8061641575345861, "log10_colsample_bytree": -0.6722921676171213, "log10_eta": -3.227944844846608, "log10_lambda": 0.6177798464480952, "log10_min_child_weight": 0.2932597706584794, "log10_subsample": -0.0002079317215532006, "max_depth": 6.0, "num_boost_round": 11.0}, "datetime": {"datetime": "2024-01-19 01:57:07", "elapsed": 6316.998631, "delta": 0.006251}}
{"target": -17.676820182939007, "params": {"gamma": 393.16372988420244, "log10_alpha": -0.8061641575345861, "log10_colsample_bytree": -0.6722921676171213, "log10_eta": -3.227944844846608, "log10_lambda": 0.6177798464480952, "log10_min_child_weight": 0.2932597706584794, "log10_subsample": -0.0002079317215532006, "max_depth": 6.0, "num_boost_round": 12.0}, "datetime": {"datetime": "2024-01-19 01:57:07", "elapsed": 6317.004862, "delta": 0.006231}}
{"target": -17.676776085121666, "params": {"gamma": 393.16372988420244, "log10_alpha": -0.8061641575345861, "log10_colsample_bytree": -0.6722921676171213, "log10_eta": -3.227944844846608, "log10_lambda": 0.6177798464480952, "log10_min_child_weight": 0.2932597706584794, "log10_subsample": -0.0002079317215532006, "max_depth": 6.0, "num_boost_round": 13.0}, "datetime": {"datetime": "2024-01-19 01:57:07", "elapsed": 6317.011159, "delta": 0.006297}}
{"target": -17.67678635222003, "params": {"gamma": 393.16372988420244, "log10_alpha": -0.8061641575345861, "log10_colsample_bytree": -0.6722921676171213, "log10_eta": -3.227944844846608, "log10_lambda": 0.6177798464480952, "log10_min_child_weight": 0.2932597706584794, "log10_subsample": -0.0002079317215532006, "max_depth": 6.0, "num_boost_round": 14.0}, "datetime": {"datetime": "2024-01-19 01:57:07", "elapsed": 6317.017995, "delta": 0.006836}}
{"target": -17.67675612314436, "params": {"gamma": 393.16372988420244, "log10_alpha": -0.8061641575345861, "log10_colsample_bytree": -0.6722921676171213, "log10_eta": -3.227944844846608, "log10_lambda": 0.6177798464480952, "log10_min_child_weight": 0.2932597706584794, "log10_subsample": -0.0002079317215532006, "max_depth": 6.0, "num_boost_round": 15.0}, "datetime": {"datetime": "2024-01-19 01:57:07", "elapsed": 6317.024178, "delta": 0.006183}}
{"target": -17.676754445480586, "params": {"gamma": 393.16372988420244, "log10_alpha": -0.8061641575345861, "log10_colsample_bytree": -0.6722921676171213, "log10_eta": -3.227944844846608, "log10_lambda": 0.6177798464480952, "log10_min_child_weight": 0.2932597706584794, "log10_subsample": -0.0002079317215532006, "max_depth": 6.0, "num_boost_round": 16.0}, "datetime": {"datetime": "2024-01-19 01:57:07", "elapsed": 6317.030289, "delta": 0.006111}}
{"target": -17.67670142336371, "params": {"gamma": 393.16372988420244, "log10_alpha": -0.8061641575345861, "log10_colsample_bytree": -0.6722921676171213, "log10_eta": -3.227944844846608, "log10_lambda": 0.6177798464480952, "log10_min_child_weight": 0.2932597706584794, "log10_subsample": -0.0002079317215532006, "max_depth": 6.0, "num_boost_round": 17.0}, "datetime": {"datetime": "2024-01-19 01:57:07", "elapsed": 6317.036268, "delta": 0.005979}}
{"target": -17.67669541605282, "params": {"gamma": 393.16372988420244, "log10_alpha": -0.8061641575345861, "log10_colsample_bytree": -0.6722921676171213, "log10_eta": -3.227944844846608, "log10_lambda": 0.6177798464480952, "log10_min_child_weight": 0.2932597706584794, "log10_subsample": -0.0002079317215532006, "max_depth": 6.0, "num_boost_round": 18.0}, "datetime": {"datetime": "2024-01-19 01:57:07", "elapsed": 6317.04229, "delta": 0.006022}}
{"target": -17.67669887096534, "params": {"gamma": 393.16372988420244, "log10_alpha": -0.8061641575345861, "log10_colsample_bytree": -0.6722921676171213, "log10_eta": -3.227944844846608, "log10_lambda": 0.6177798464480952, "log10_min_child_weight": 0.2932597706584794, "log10_subsample": -0.0002079317215532006, "max_depth": 6.0, "num_boost_round": 19.0}, "datetime": {"datetime": "2024-01-19 01:57:07", "elapsed": 6317.048377, "delta": 0.006087}}
{"target": -17.676677192907363, "params": {"gamma": 393.16372988420244, "log10_alpha": -0.8061641575345861, "log10_colsample_bytree": -0.6722921676171213, "log10_eta": -3.227944844846608, "log10_lambda": 0.6177798464480952, "log10_min_child_weight": 0.2932597706584794, "log10_subsample": -0.0002079317215532006, "max_depth": 6.0, "num_boost_round": 20.0}, "datetime": {"datetime": "2024-01-19 01:57:07", "elapsed": 6317.054452, "delta": 0.006075}}
{"target": -17.67664740553499, "params": {"gamma": 393.16372988420244, "log10_alpha": -0.8061641575345861, "log10_colsample_bytree": -0.6722921676171213, "log10_eta": -3.227944844846608, "log10_lambda": 0.6177798464480952, "log10_min_child_weight": 0.2932597706584794, "log10_subsample": -0.0002079317215532006, "max_depth": 6.0, "num_boost_round": 21.0}, "datetime": {"datetime": "2024-01-19 01:57:07", "elapsed": 6317.060477, "delta": 0.006025}}
{"target": -17.676611001420824, "params": {"gamma": 393.16372988420244, "log10_alpha": -0.8061641575345861, "log10_colsample_bytree": -0.6722921676171213, "log10_eta": -3.227944844846608, "log10_lambda": 0.6177798464480952, "log10_min_child_weight": 0.2932597706584794, "log10_subsample": -0.0002079317215532006, "max_depth": 6.0, "num_boost_round": 22.0}, "datetime": {"datetime": "2024-01-19 01:57:07", "elapsed": 6317.067206, "delta": 0.006729}}
{"target": -17.67660028780033, "params": {"gamma": 393.16372988420244, "log10_alpha": -0.8061641575345861, "log10_colsample_bytree": -0.6722921676171213, "log10_eta": -3.227944844846608, "log10_lambda": 0.6177798464480952, "log10_min_child_weight": 0.2932597706584794, "log10_subsample": -0.0002079317215532006, "max_depth": 6.0, "num_boost_round": 23.0}, "datetime": {"datetime": "2024-01-19 01:57:07", "elapsed": 6317.073951, "delta": 0.006745}}
{"target": -17.676607390395215, "params": {"gamma": 393.16372988420244, "log10_alpha": -0.8061641575345861, "log10_colsample_bytree": -0.6722921676171213, "log10_eta": -3.227944844846608, "log10_lambda": 0.6177798464480952, "log10_min_child_weight": 0.2932597706584794, "log10_subsample": -0.0002079317215532006, "max_depth": 6.0, "num_boost_round": 24.0}, "datetime": {"datetime": "2024-01-19 01:57:07", "elapsed": 6317.080464, "delta": 0.006513}}
{"target": -17.676586078713257, "params": {"gamma": 393.16372988420244, "log10_alpha": -0.8061641575345861, "log10_colsample_bytree": -0.6722921676171213, "log10_eta": -3.227944844846608, "log10_lambda": 0.6177798464480952, "log10_min_child_weight": 0.2932597706584794, "log10_subsample": -0.0002079317215532006, "max_depth": 6.0, "num_boost_round": 25.0}, "datetime": {"datetime": "2024-01-19 01:57:07", "elapsed": 6317.087042, "delta": 0.006578}}
{"target": -17.676545430201028, "params": {"gamma": 393.16372988420244, "log10_alpha": -0.8061641575345861, "log10_colsample_bytree": -0.6722921676171213, "log10_eta": -3.227944844846608, "log10_lambda": 0.6177798464480952, "log10_min_child_weight": 0.2932597706584794, "log10_subsample": -0.0002079317215532006, "max_depth": 6.0, "num_boost_round": 26.0}, "datetime": {"datetime": "2024-01-19 01:57:07", "elapsed": 6317.093555, "delta": 0.006513}}
{"target": -17.676509931124006, "params": {"gamma": 393.16372988420244, "log10_alpha": -0.8061641575345861, "log10_colsample_bytree": -0.6722921676171213, "log10_eta": -3.227944844846608, "log10_lambda": 0.6177798464480952, "log10_min_child_weight": 0.2932597706584794, "log10_subsample": -0.0002079317215532006, "max_depth": 6.0, "num_boost_round": 27.0}, "datetime": {"datetime": "2024-01-19 01:57:07", "elapsed": 6317.099609, "delta": 0.006054}}
{"target": -17.676462875652394, "params": {"gamma": 393.16372988420244, "log10_alpha": -0.8061641575345861, "log10_colsample_bytree": -0.6722921676171213, "log10_eta": -3.227944844846608, "log10_lambda": 0.6177798464480952, "log10_min_child_weight": 0.2932597706584794, "log10_subsample": -0.0002079317215532006, "max_depth": 6.0, "num_boost_round": 28.0}, "datetime": {"datetime": "2024-01-19 01:57:07", "elapsed": 6317.105698, "delta": 0.006089}}
{"target": -17.676435808524303, "params": {"gamma": 393.16372988420244, "log10_alpha": -0.8061641575345861, "log10_colsample_bytree": -0.6722921676171213, "log10_eta": -3.227944844846608, "log10_lambda": 0.6177798464480952, "log10_min_child_weight": 0.2932597706584794, "log10_subsample": -0.0002079317215532006, "max_depth": 6.0, "num_boost_round": 29.0}, "datetime": {"datetime": "2024-01-19 01:57:07", "elapsed": 6317.112212, "delta": 0.006514}}
{"target": -17.67641601682302, "params": {"gamma": 393.16372988420244, "log10_alpha": -0.8061641575345861, "log10_colsample_bytree": -0.6722921676171213, "log10_eta": -3.227944844846608, "log10_lambda": 0.6177798464480952, "log10_min_child_weight": 0.2932597706584794, "log10_subsample": -0.0002079317215532006, "max_depth": 6.0, "num_boost_round": 30.0}, "datetime": {"datetime": "2024-01-19 01:57:07", "elapsed": 6317.118486, "delta": 0.006274}}
{"target": -17.676351075247357, "params": {"gamma": 393.16372988420244, "log10_alpha": -0.8061641575345861, "log10_colsample_bytree": -0.6722921676171213, "log10_eta": -3.227944844846608, "log10_lambda": 0.6177798464480952, "log10_min_child_weight": 0.2932597706584794, "log10_subsample": -0.0002079317215532006, "max_depth": 6.0, "num_boost_round": 31.0}, "datetime": {"datetime": "2024-01-19 01:57:07", "elapsed": 6317.124526, "delta": 0.00604}}
{"target": -17.676327202390183, "params": {"gamma": 393.16372988420244, "log10_alpha": -0.8061641575345861, "log10_colsample_bytree": -0.6722921676171213, "log10_eta": -3.227944844846608, "log10_lambda": 0.6177798464480952, "log10_min_child_weight": 0.2932597706584794, "log10_subsample": -0.0002079317215532006, "max_depth": 6.0, "num_boost_round": 32.0}, "datetime": {"datetime": "2024-01-19 01:57:07", "elapsed": 6317.130533, "delta": 0.006007}}
{"target": -17.676294778765477, "params": {"gamma": 393.16372988420244, "log10_alpha": -0.8061641575345861, "log10_colsample_bytree": -0.6722921676171213, "log10_eta": -3.227944844846608, "log10_lambda": 0.6177798464480952, "log10_min_child_weight": 0.2932597706584794, "log10_subsample": -0.0002079317215532006, "max_depth": 6.0, "num_boost_round": 33.0}, "datetime": {"datetime": "2024-01-19 01:57:07", "elapsed": 6317.136554, "delta": 0.006021}}
{"target": -17.677231399292697, "params": {"gamma": 388.1188854321221, "log10_alpha": -2.751609512790302, "log10_colsample_bytree": -0.690095166912001, "log10_eta": -3.9498271758407717, "log10_lambda": -2.2488352459359255, "log10_min_child_weight": 4.47743123202056, "log10_subsample": -0.6737544082805186, "max_depth": 6.0, "num_boost_round": 0.0}, "datetime": {"datetime": "2024-01-19 01:58:14", "elapsed": 6384.215819, "delta": 67.079265}}
{"target": -17.677230694951955, "params": {"gamma": 388.1188854321221, "log10_alpha": -2.751609512790302, "log10_colsample_bytree": -0.690095166912001, "log10_eta": -3.9498271758407717, "log10_lambda": -2.2488352459359255, "log10_min_child_weight": 4.47743123202056, "log10_subsample": -0.6737544082805186, "max_depth": 6.0, "num_boost_round": 1.0}, "datetime": {"datetime": "2024-01-19 01:58:14", "elapsed": 6384.222446, "delta": 0.006627}}
{"target": -17.677229745659876, "params": {"gamma": 388.1188854321221, "log10_alpha": -2.751609512790302, "log10_colsample_bytree": -0.690095166912001, "log10_eta": -3.9498271758407717, "log10_lambda": -2.2488352459359255, "log10_min_child_weight": 4.47743123202056, "log10_subsample": -0.6737544082805186, "max_depth": 6.0, "num_boost_round": 2.0}, "datetime": {"datetime": "2024-01-19 01:58:14", "elapsed": 6384.228187, "delta": 0.005741}}
{"target": -17.67722862199243, "params": {"gamma": 388.1188854321221, "log10_alpha": -2.751609512790302, "log10_colsample_bytree": -0.690095166912001, "log10_eta": -3.9498271758407717, "log10_lambda": -2.2488352459359255, "log10_min_child_weight": 4.47743123202056, "log10_subsample": -0.6737544082805186, "max_depth": 6.0, "num_boost_round": 3.0}, "datetime": {"datetime": "2024-01-19 01:58:14", "elapsed": 6384.233968, "delta": 0.005781}}
{"target": -17.67722807192721, "params": {"gamma": 388.1188854321221, "log10_alpha": -2.751609512790302, "log10_colsample_bytree": -0.690095166912001, "log10_eta": -3.9498271758407717, "log10_lambda": -2.2488352459359255, "log10_min_child_weight": 4.47743123202056, "log10_subsample": -0.6737544082805186, "max_depth": 6.0, "num_boost_round": 4.0}, "datetime": {"datetime": "2024-01-19 01:58:14", "elapsed": 6384.239693, "delta": 0.005725}}
{"target": -17.677227055603613, "params": {"gamma": 388.1188854321221, "log10_alpha": -2.751609512790302, "log10_colsample_bytree": -0.690095166912001, "log10_eta": -3.9498271758407717, "log10_lambda": -2.2488352459359255, "log10_min_child_weight": 4.47743123202056, "log10_subsample": -0.6737544082805186, "max_depth": 6.0, "num_boost_round": 5.0}, "datetime": {"datetime": "2024-01-19 01:58:14", "elapsed": 6384.245643, "delta": 0.00595}}
{"target": -17.6772271782763, "params": {"gamma": 388.1188854321221, "log10_alpha": -2.751609512790302, "log10_colsample_bytree": -0.690095166912001, "log10_eta": -3.9498271758407717, "log10_lambda": -2.2488352459359255, "log10_min_child_weight": 4.47743123202056, "log10_subsample": -0.6737544082805186, "max_depth": 6.0, "num_boost_round": 6.0}, "datetime": {"datetime": "2024-01-19 01:58:14", "elapsed": 6384.251519, "delta": 0.005876}}
{"target": -17.6772264970469, "params": {"gamma": 388.1188854321221, "log10_alpha": -2.751609512790302, "log10_colsample_bytree": -0.690095166912001, "log10_eta": -3.9498271758407717, "log10_lambda": -2.2488352459359255, "log10_min_child_weight": 4.47743123202056, "log10_subsample": -0.6737544082805186, "max_depth": 6.0, "num_boost_round": 7.0}, "datetime": {"datetime": "2024-01-19 01:58:14", "elapsed": 6384.257403, "delta": 0.005884}}
{"target": -17.677225572006947, "params": {"gamma": 388.1188854321221, "log10_alpha": -2.751609512790302, "log10_colsample_bytree": -0.690095166912001, "log10_eta": -3.9498271758407717, "log10_lambda": -2.2488352459359255, "log10_min_child_weight": 4.47743123202056, "log10_subsample": -0.6737544082805186, "max_depth": 6.0, "num_boost_round": 8.0}, "datetime": {"datetime": "2024-01-19 01:58:14", "elapsed": 6384.263215, "delta": 0.005812}}
{"target": -17.677224816732412, "params": {"gamma": 388.1188854321221, "log10_alpha": -2.751609512790302, "log10_colsample_bytree": -0.690095166912001, "log10_eta": -3.9498271758407717, "log10_lambda": -2.2488352459359255, "log10_min_child_weight": 4.47743123202056, "log10_subsample": -0.6737544082805186, "max_depth": 6.0, "num_boost_round": 9.0}, "datetime": {"datetime": "2024-01-19 01:58:14", "elapsed": 6384.269108, "delta": 0.005893}}
{"target": -17.677224423253435, "params": {"gamma": 388.1188854321221, "log10_alpha": -2.751609512790302, "log10_colsample_bytree": -0.690095166912001, "log10_eta": -3.9498271758407717, "log10_lambda": -2.2488352459359255, "log10_min_child_weight": 4.47743123202056, "log10_subsample": -0.6737544082805186, "max_depth": 6.0, "num_boost_round": 10.0}, "datetime": {"datetime": "2024-01-19 01:58:14", "elapsed": 6384.275197, "delta": 0.006089}}
{"target": -17.67722289876916, "params": {"gamma": 388.1188854321221, "log10_alpha": -2.751609512790302, "log10_colsample_bytree": -0.690095166912001, "log10_eta": -3.9498271758407717, "log10_lambda": -2.2488352459359255, "log10_min_child_weight": 4.47743123202056, "log10_subsample": -0.6737544082805186, "max_depth": 6.0, "num_boost_round": 11.0}, "datetime": {"datetime": "2024-01-19 01:58:14", "elapsed": 6384.281525, "delta": 0.006328}}
{"target": -17.677222128455966, "params": {"gamma": 388.1188854321221, "log10_alpha": -2.751609512790302, "log10_colsample_bytree": -0.690095166912001, "log10_eta": -3.9498271758407717, "log10_lambda": -2.2488352459359255, "log10_min_child_weight": 4.47743123202056, "log10_subsample": -0.6737544082805186, "max_depth": 6.0, "num_boost_round": 12.0}, "datetime": {"datetime": "2024-01-19 01:58:14", "elapsed": 6384.287799, "delta": 0.006274}}
{"target": -17.677222737595617, "params": {"gamma": 388.1188854321221, "log10_alpha": -2.751609512790302, "log10_colsample_bytree": -0.690095166912001, "log10_eta": -3.9498271758407717, "log10_lambda": -2.2488352459359255, "log10_min_child_weight": 4.47743123202056, "log10_subsample": -0.6737544082805186, "max_depth": 6.0, "num_boost_round": 13.0}, "datetime": {"datetime": "2024-01-19 01:58:14", "elapsed": 6384.294251, "delta": 0.006452}}
{"target": -17.67722252832896, "params": {"gamma": 388.1188854321221, "log10_alpha": -2.751609512790302, "log10_colsample_bytree": -0.690095166912001, "log10_eta": -3.9498271758407717, "log10_lambda": -2.2488352459359255, "log10_min_child_weight": 4.47743123202056, "log10_subsample": -0.6737544082805186, "max_depth": 6.0, "num_boost_round": 14.0}, "datetime": {"datetime": "2024-01-19 01:58:14", "elapsed": 6384.300243, "delta": 0.005992}}
