{"target": -13.758558783396023, "params": {"gamma": 976.318363780687, "log10_alpha": -1.7680209648339567, "log10_colsample_bytree": -0.2675719594612249, "log10_eta": -2.9365560883215545, "log10_lambda": -4.161710625628985, "log10_min_child_weight": 4.812411216199638, "log10_subsample": -0.0005770405761496011, "max_depth": 2.0, "num_boost_round": 25.0}, "datetime": {"datetime": "2024-01-19 00:22:06", "elapsed": 627.952782, "delta": 0.001067}}
{"target": -13.758560603689041, "params": {"gamma": 976.318363780687, "log10_alpha": -1.7680209648339567, "log10_colsample_bytree": -0.2675719594612249, "log10_eta": -2.9365560883215545, "log10_lambda": -4.161710625628985, "log10_min_child_weight": 4.812411216199638, "log10_subsample": -0.0005770405761496011, "max_depth": 2.0, "num_boost_round": 26.0}, "datetime": {"datetime": "2024-01-19 00:22:06", "elapsed": 627.953853, "delta": 0.001071}}
{"target": -13.758562533908773, "params": {"gamma": 976.318363780687, "log10_alpha": -1.7680209648339567, "log10_colsample_bytree": -0.2675719594612249, "log10_eta": -2.9365560883215545, "log10_lambda": -4.161710625628985, "log10_min_child_weight": 4.812411216199638, "log10_subsample": -0.0005770405761496011, "max_depth": 2.0, "num_boost_round": 27.0}, "datetime": {"datetime": "2024-01-19 00:22:06", "elapsed": 627.954923, "delta": 0.00107}}
{"target": -13.758556882921805, "params": {"gamma": 976.318363780687, "log10_alpha": -1.7680209648339567, "log10_colsample_bytree": -0.2675719594612249, "log10_eta": -2.9365560883215545, "log10_lambda": -4.161710625628985, "log10_min_child_weight": 4.812411216199638, "log10_subsample": -0.0005770405761496011, "max_depth": 2.0, "num_boost_round": 28.0}, "datetime": {"datetime": "2024-01-19 00:22:06", "elapsed": 627.955998, "delta": 0.001075}}
{"target": -13.758560246834518, "params": {"gamma": 976.318363780687, "log10_alpha": -1.7680209648339567, "log10_colsample_bytree": -0.2675719594612249, "log10_eta": -2.9365560883215545, "log10_lambda": -4.161710625628985, "log10_min_child_weight": 4.812411216199638, "log10_subsample": -0.0005770405761496011, "max_depth": 2.0, "num_boost_round": 29.0}, "datetime": {"datetime": "2024-01-19 00:22:06", "elapsed": 627.957092, "delta": 0.001094}}
{"target": -13.758562612271957, "params": {"gamma": 976.318363780687, "log10_alpha": -1.7680209648339567, "log10_colsample_bytree": -0.2675719594612249, "log10_eta": -2.9365560883215545, "log10_lambda": -4.161710625628985, "log10_min_child_weight": 4.812411216199638, "log10_subsample": -0.0005770405761496011, "max_depth": 2.0, "num_boost_round": 30.0}, "datetime": {"datetime": "2024-01-19 00:22:06", "elapsed": 627.958379, "delta": 0.001287}}
{"target": -13.758537302135613, "params": {"gamma": 973.5575796381197, "log10_alpha": -1.116504711202999, "log10_colsample_bytree": 0.0, "log10_eta": -4.0, "log10_lambda": -2.2737219071086194, "log10_min_child_weight": 1.960950853656863, "log10_subsample": 0.0, "max_depth": 2.0, "num_boost_round": 0.0}, "datetime": {"datetime": "2024-01-19 00:22:31", "elapsed": 652.055473, "delta": 24.097094}}
{"target": -13.75853624233517, "params": {"gamma": 973.5575796381197, "log10_alpha": -1.116504711202999, "log10_colsample_bytree": 0.0, "log10_eta": -4.0, "log10_lambda": -2.2737219071086194, "log10_min_child_weight": 1.960950853656863, "log10_subsample": 0.0, "max_depth": 2.0, "num_boost_round": 1.0}, "datetime": {"datetime": "2024-01-19 00:22:31", "elapsed": 652.056721, "delta": 0.001248}}
{"target": -13.758535224503449, "params": {"gamma": 973.5575796381197, "log10_alpha": -1.116504711202999, "log10_colsample_bytree": 0.0, "log10_eta": -4.0, "log10_lambda": -2.2737219071086194, "log10_min_child_weight": 1.960950853656863, "log10_subsample": 0.0, "max_depth": 2.0, "num_boost_round": 2.0}, "datetime": {"datetime": "2024-01-19 00:22:31", "elapsed": 652.058065, "delta": 0.001344}}
{"target": -13.758534169361994, "params": {"gamma": 973.5575796381197, "log10_alpha": -1.116504711202999, "log10_colsample_bytree": 0.0, "log10_eta": -4.0, "log10_lambda": -2.2737219071086194, "log10_min_child_weight": 1.960950853656863, "log10_subsample": 0.0, "max_depth": 2.0, "num_boost_round": 3.0}, "datetime": {"datetime": "2024-01-19 00:22:31", "elapsed": 652.059258, "delta": 0.001193}}
{"target": -13.758533173678185, "params": {"gamma": 973.5575796381197, "log10_alpha": -1.116504711202999, "log10_colsample_bytree": 0.0, "log10_eta": -4.0, "log10_lambda": -2.2737219071086194, "log10_min_child_weight": 1.960950853656863, "log10_subsample": 0.0, "max_depth": 2.0, "num_boost_round": 4.0}, "datetime": {"datetime": "2024-01-19 00:22:31", "elapsed": 652.060861, "delta": 0.001603}}
{"target": -13.758532121227784, "params": {"gamma": 973.5575796381197, "log10_alpha": -1.116504711202999, "log10_colsample_bytree": 0.0, "log10_eta": -4.0, "log10_lambda": -2.2737219071086194, "log10_min_child_weight": 1.960950853656863, "log10_subsample": 0.0, "max_depth": 2.0, "num_boost_round": 5.0}, "datetime": {"datetime": "2024-01-19 00:22:31", "elapsed": 652.061966, "delta": 0.001105}}
{"target": -13.758531094570394, "params": {"gamma": 973.5575796381197, "log10_alpha": -1.116504711202999, "log10_colsample_bytree": 0.0, "log10_eta": -4.0, "log10_lambda": -2.2737219071086194, "log10_min_child_weight": 1.960950853656863, "log10_subsample": 0.0, "max_depth": 2.0, "num_boost_round": 6.0}, "datetime": {"datetime": "2024-01-19 00:22:31", "elapsed": 652.063056, "delta": 0.00109}}
{"target": -13.758530074102145, "params": {"gamma": 973.5575796381197, "log10_alpha": -1.116504711202999, "log10_colsample_bytree": 0.0, "log10_eta": -4.0, "log10_lambda": -2.2737219071086194, "log10_min_child_weight": 1.960950853656863, "log10_subsample": 0.0, "max_depth": 2.0, "num_boost_round": 7.0}, "datetime": {"datetime": "2024-01-19 00:22:31", "elapsed": 652.06439, "delta": 0.001334}}
{"target": -13.758529025214816, "params": {"gamma": 973.5575796381197, "log10_alpha": -1.116504711202999, "log10_colsample_bytree": 0.0, "log10_eta": -4.0, "log10_lambda": -2.2737219071086194, "log10_min_child_weight": 1.960950853656863, "log10_subsample": 0.0, "max_depth": 2.0, "num_boost_round": 8.0}, "datetime": {"datetime": "2024-01-19 00:22:31", "elapsed": 652.065608, "delta": 0.001218}}
{"target": -13.758528019015115, "params": {"gamma": 973.5575796381197, "log10_alpha": -1.116504711202999, "log10_colsample_bytree": 0.0, "log10_eta": -4.0, "log10_lambda": -2.2737219071086194, "log10_min_child_weight": 1.960950853656863, "log10_subsample": 0.0, "max_depth": 2.0, "num_boost_round": 9.0}, "datetime": {"datetime": "2024-01-19 00:22:31", "elapsed": 652.066782, "delta": 0.001174}}
{"target": -13.758526967963167, "params": {"gamma": 973.5575796381197, "log10_alpha": -1.116504711202999, "log10_colsample_bytree": 0.0, "log10_eta": -4.0, "log10_lambda": -2.2737219071086194, "log10_min_child_weight": 1.960950853656863, "log10_subsample": 0.0, "max_depth": 2.0, "num_boost_round": 10.0}, "datetime": {"datetime": "2024-01-19 00:22:31", "elapsed": 652.06791, "delta": 0.001128}}
{"target": -13.75852598389242, "params": {"gamma": 973.5575796381197, "log10_alpha": -1.116504711202999, "log10_colsample_bytree": 0.0, "log10_eta": -4.0, "log10_lambda": -2.2737219071086194, "log10_min_child_weight": 1.960950853656863, "log10_subsample": 0.0, "max_depth": 2.0, "num_boost_round": 11.0}, "datetime": {"datetime": "2024-01-19 00:22:31", "elapsed": 652.069006, "delta": 0.001096}}
{"target": -13.758524937520553, "params": {"gamma": 973.5575796381197, "log10_alpha": -1.116504711202999, "log10_colsample_bytree": 0.0, "log10_eta": -4.0, "log10_lambda": -2.2737219071086194, "log10_min_child_weight": 1.960950853656863, "log10_subsample": 0.0, "max_depth": 2.0, "num_boost_round": 12.0}, "datetime": {"datetime": "2024-01-19 00:22:31", "elapsed": 652.070098, "delta": 0.001092}}
{"target": -13.758523934800799, "params": {"gamma": 973.5575796381197, "log10_alpha": -1.116504711202999, "log10_colsample_bytree": 0.0, "log10_eta": -4.0, "log10_lambda": -2.2737219071086194, "log10_min_child_weight": 1.960950853656863, "log10_subsample": 0.0, "max_depth": 2.0, "num_boost_round": 13.0}, "datetime": {"datetime": "2024-01-19 00:22:31", "elapsed": 652.071191, "delta": 0.001093}}
{"target": -13.758522895307102, "params": {"gamma": 973.5575796381197, "log10_alpha": -1.116504711202999, "log10_colsample_bytree": 0.0, "log10_eta": -4.0, "log10_lambda": -2.2737219071086194, "log10_min_child_weight": 1.960950853656863, "log10_subsample": 0.0, "max_depth": 2.0, "num_boost_round": 14.0}, "datetime": {"datetime": "2024-01-19 00:22:31", "elapsed": 652.072284, "delta": 0.001093}}
{"target": -13.758521915217692, "params": {"gamma": 973.5575796381197, "log10_alpha": -1.116504711202999, "log10_colsample_bytree": 0.0, "log10_eta": -4.0, "log10_lambda": -2.2737219071086194, "log10_min_child_weight": 1.960950853656863, "log10_subsample": 0.0, "max_depth": 2.0, "num_boost_round": 15.0}, "datetime": {"datetime": "2024-01-19 00:22:31", "elapsed": 652.073377, "delta": 0.001093}}
{"target": -13.75852088746474, "params": {"gamma": 973.5575796381197, "log10_alpha": -1.116504711202999, "log10_colsample_bytree": 0.0, "log10_eta": -4.0, "log10_lambda": -2.2737219071086194, "log10_min_child_weight": 1.960950853656863, "log10_subsample": 0.0, "max_depth": 2.0, "num_boost_round": 16.0}, "datetime": {"datetime": "2024-01-19 00:22:31", "elapsed": 652.074472, "delta": 0.001095}}
{"target": -13.758519848182363, "params": {"gamma": 973.5575796381197, "log10_alpha": -1.116504711202999, "log10_colsample_bytree": 0.0, "log10_eta": -4.0, "log10_lambda": -2.2737219071086194, "log10_min_child_weight": 1.960950853656863, "log10_subsample": 0.0, "max_depth": 2.0, "num_boost_round": 17.0}, "datetime": {"datetime": "2024-01-19 00:22:31", "elapsed": 652.075565, "delta": 0.001093}}
{"target": -13.758518871176914, "params": {"gamma": 973.5575796381197, "log10_alpha": -1.116504711202999, "log10_colsample_bytree": 0.0, "log10_eta": -4.0, "log10_lambda": -2.2737219071086194, "log10_min_child_weight": 1.960950853656863, "log10_subsample": 0.0, "max_depth": 2.0, "num_boost_round": 18.0}, "datetime": {"datetime": "2024-01-19 00:22:31", "elapsed": 652.076669, "delta": 0.001104}}
{"target": -13.758517837024716, "params": {"gamma": 973.5575796381197, "log10_alpha": -1.116504711202999, "log10_colsample_bytree": 0.0, "log10_eta": -4.0, "log10_lambda": -2.2737219071086194, "log10_min_child_weight": 1.960950853656863, "log10_subsample": 0.0, "max_depth": 2.0, "num_boost_round": 19.0}, "datetime": {"datetime": "2024-01-19 00:22:31", "elapsed": 652.077768, "delta": 0.001099}}
{"target": -13.758516832327892, "params": {"gamma": 973.5575796381197, "log10_alpha": -1.116504711202999, "log10_colsample_bytree": 0.0, "log10_eta": -4.0, "log10_lambda": -2.2737219071086194, "log10_min_child_weight": 1.960950853656863, "log10_subsample": 0.0, "max_depth": 2.0, "num_boost_round": 20.0}, "datetime": {"datetime": "2024-01-19 00:22:31", "elapsed": 652.078958, "delta": 0.00119}}
{"target": -13.758515802760572, "params": {"gamma": 973.5575796381197, "log10_alpha": -1.116504711202999, "log10_colsample_bytree": 0.0, "log10_eta": -4.0, "log10_lambda": -2.2737219071086194, "log10_min_child_weight": 1.960950853656863, "log10_subsample": 0.0, "max_depth": 2.0, "num_boost_round": 21.0}, "datetime": {"datetime": "2024-01-19 00:22:31", "elapsed": 652.080073, "delta": 0.001115}}
{"target": -13.75851483080854, "params": {"gamma": 973.5575796381197, "log10_alpha": -1.116504711202999, "log10_colsample_bytree": 0.0, "log10_eta": -4.0, "log10_lambda": -2.2737219071086194, "log10_min_child_weight": 1.960950853656863, "log10_subsample": 0.0, "max_depth": 2.0, "num_boost_round": 22.0}, "datetime": {"datetime": "2024-01-19 00:22:31", "elapsed": 652.081176, "delta": 0.001103}}
{"target": -13.758513798404067, "params": {"gamma": 973.5575796381197, "log10_alpha": -1.116504711202999, "log10_colsample_bytree": 0.0, "log10_eta": -4.0, "log10_lambda": -2.2737219071086194, "log10_min_child_weight": 1.960950853656863, "log10_subsample": 0.0, "max_depth": 2.0, "num_boost_round": 23.0}, "datetime": {"datetime": "2024-01-19 00:22:31", "elapsed": 652.082285, "delta": 0.001109}}
{"target": -13.75851281155336, "params": {"gamma": 973.5575796381197, "log10_alpha": -1.116504711202999, "log10_colsample_bytree": 0.0, "log10_eta": -4.0, "log10_lambda": -2.2737219071086194, "log10_min_child_weight": 1.960950853656863, "log10_subsample": 0.0, "max_depth": 2.0, "num_boost_round": 24.0}, "datetime": {"datetime": "2024-01-19 00:22:31", "elapsed": 652.083399, "delta": 0.001114}}
{"target": -13.758511821775611, "params": {"gamma": 973.5575796381197, "log10_alpha": -1.116504711202999, "log10_colsample_bytree": 0.0, "log10_eta": -4.0, "log10_lambda": -2.2737219071086194, "log10_min_child_weight": 1.960950853656863, "log10_subsample": 0.0, "max_depth": 2.0, "num_boost_round": 25.0}, "datetime": {"datetime": "2024-01-19 00:22:31", "elapsed": 652.084525, "delta": 0.001126}}
{"target": -13.758510791573611, "params": {"gamma": 973.5575796381197, "log10_alpha": -1.116504711202999, "log10_colsample_bytree": 0.0, "log10_eta": -4.0, "log10_lambda": -2.2737219071086194, "log10_min_child_weight": 1.960950853656863, "log10_subsample": 0.0, "max_depth": 2.0, "num_boost_round": 26.0}, "datetime": {"datetime": "2024-01-19 00:22:31", "elapsed": 652.085657, "delta": 0.001132}}
{"target": -13.758509810291166, "params": {"gamma": 973.5575796381197, "log10_alpha": -1.116504711202999, "log10_colsample_bytree": 0.0, "log10_eta": -4.0, "log10_lambda": -2.2737219071086194, "log10_min_child_weight": 1.960950853656863, "log10_subsample": 0.0, "max_depth": 2.0, "num_boost_round": 27.0}, "datetime": {"datetime": "2024-01-19 00:22:31", "elapsed": 652.086855, "delta": 0.001198}}
{"target": -13.758508785066022, "params": {"gamma": 973.5575796381197, "log10_alpha": -1.116504711202999, "log10_colsample_bytree": 0.0, "log10_eta": -4.0, "log10_lambda": -2.2737219071086194, "log10_min_child_weight": 1.960950853656863, "log10_subsample": 0.0, "max_depth": 2.0, "num_boost_round": 28.0}, "datetime": {"datetime": "2024-01-19 00:22:31", "elapsed": 652.08801, "delta": 0.001155}}
{"target": -13.758352710900208, "params": {"gamma": 984.8489254204364, "log10_alpha": 0.419834957088149, "log10_colsample_bytree": -0.8116109143306245, "log10_eta": -1.7456524346959061, "log10_lambda": -2.032558253990193, "log10_min_child_weight": 3.8323975101193315, "log10_subsample": -0.49326534070948536, "max_depth": 5.0, "num_boost_round": 0.0}, "datetime": {"datetime": "2024-01-19 00:22:54", "elapsed": 675.740189, "delta": 23.652179}}
{"target": -13.758347838146111, "params": {"gamma": 984.8489254204364, "log10_alpha": 0.419834957088149, "log10_colsample_bytree": -0.8116109143306245, "log10_eta": -1.7456524346959061, "log10_lambda": -2.032558253990193, "log10_min_child_weight": 3.8323975101193315, "log10_subsample": -0.49326534070948536, "max_depth": 5.0, "num_boost_round": 1.0}, "datetime": {"datetime": "2024-01-19 00:22:54", "elapsed": 675.741678, "delta": 0.001489}}
{"target": -13.758331295987764, "params": {"gamma": 984.8489254204364, "log10_alpha": 0.419834957088149, "log10_colsample_bytree": -0.8116109143306245, "log10_eta": -1.7456524346959061, "log10_lambda": -2.032558253990193, "log10_min_child_weight": 3.8323975101193315, "log10_subsample": -0.49326534070948536, "max_depth": 5.0, "num_boost_round": 2.0}, "datetime": {"datetime": "2024-01-19 00:22:54", "elapsed": 675.742925, "delta": 0.001247}}
{"target": -13.758340008214633, "params": {"gamma": 984.8489254204364, "log10_alpha": 0.419834957088149, "log10_colsample_bytree": -0.8116109143306245, "log10_eta": -1.7456524346959061, "log10_lambda": -2.032558253990193, "log10_min_child_weight": 3.8323975101193315, "log10_subsample": -0.49326534070948536, "max_depth": 5.0, "num_boost_round": 3.0}, "datetime": {"datetime": "2024-01-19 00:22:54", "elapsed": 675.744048, "delta": 0.001123}}
{"target": -13.758293507962563, "params": {"gamma": 984.8489254204364, "log10_alpha": 0.419834957088149, "log10_colsample_bytree": -0.8116109143306245, "log10_eta": -1.7456524346959061, "log10_lambda": -2.032558253990193, "log10_min_child_weight": 3.8323975101193315, "log10_subsample": -0.49326534070948536, "max_depth": 5.0, "num_boost_round": 4.0}, "datetime": {"datetime": "2024-01-19 00:22:54", "elapsed": 675.745175, "delta": 0.001127}}
{"target": -13.758163829903726, "params": {"gamma": 984.8489254204364, "log10_alpha": 0.419834957088149, "log10_colsample_bytree": -0.8116109143306245, "log10_eta": -1.7456524346959061, "log10_lambda": -2.032558253990193, "log10_min_child_weight": 3.8323975101193315, "log10_subsample": -0.49326534070948536, "max_depth": 5.0, "num_boost_round": 5.0}, "datetime": {"datetime": "2024-01-19 00:22:54", "elapsed": 675.746429, "delta": 0.001254}}
{"target": -13.758460784159695, "params": {"gamma": 984.8489254204364, "log10_alpha": 0.419834957088149, "log10_colsample_bytree": -0.8116109143306245, "log10_eta": -1.7456524346959061, "log10_lambda": -2.032558253990193, "log10_min_child_weight": 3.8323975101193315, "log10_subsample": -0.49326534070948536, "max_depth": 5.0, "num_boost_round": 6.0}, "datetime": {"datetime": "2024-01-19 00:22:54", "elapsed": 675.747616, "delta": 0.001187}}
{"target": -13.758217364202116, "params": {"gamma": 984.8489254204364, "log10_alpha": 0.419834957088149, "log10_colsample_bytree": -0.8116109143306245, "log10_eta": -1.7456524346959061, "log10_lambda": -2.032558253990193, "log10_min_child_weight": 3.8323975101193315, "log10_subsample": -0.49326534070948536, "max_depth": 5.0, "num_boost_round": 7.0}, "datetime": {"datetime": "2024-01-19 00:22:54", "elapsed": 675.748737, "delta": 0.001121}}
{"target": -13.758223978542478, "params": {"gamma": 984.8489254204364, "log10_alpha": 0.419834957088149, "log10_colsample_bytree": -0.8116109143306245, "log10_eta": -1.7456524346959061, "log10_lambda": -2.032558253990193, "log10_min_child_weight": 3.8323975101193315, "log10_subsample": -0.49326534070948536, "max_depth": 5.0, "num_boost_round": 8.0}, "datetime": {"datetime": "2024-01-19 00:22:54", "elapsed": 675.749864, "delta": 0.001127}}
{"target": -13.758060962343217, "params": {"gamma": 984.8489254204364, "log10_alpha": 0.419834957088149, "log10_colsample_bytree": -0.8116109143306245, "log10_eta": -1.7456524346959061, "log10_lambda": -2.032558253990193, "log10_min_child_weight": 3.8323975101193315, "log10_subsample": -0.49326534070948536, "max_depth": 5.0, "num_boost_round": 9.0}, "datetime": {"datetime": "2024-01-19 00:22:54", "elapsed": 675.750989, "delta": 0.001125}}
{"target": -13.75785421952508, "params": {"gamma": 984.8489254204364, "log10_alpha": 0.419834957088149, "log10_colsample_bytree": -0.8116109143306245, "log10_eta": -1.7456524346959061, "log10_lambda": -2.032558253990193, "log10_min_child_weight": 3.8323975101193315, "log10_subsample": -0.49326534070948536, "max_depth": 5.0, "num_boost_round": 10.0}, "datetime": {"datetime": "2024-01-19 00:22:54", "elapsed": 675.752107, "delta": 0.001118}}
{"target": -13.758098924245829, "params": {"gamma": 984.8489254204364, "log10_alpha": 0.419834957088149, "log10_colsample_bytree": -0.8116109143306245, "log10_eta": -1.7456524346959061, "log10_lambda": -2.032558253990193, "log10_min_child_weight": 3.8323975101193315, "log10_subsample": -0.49326534070948536, "max_depth": 5.0, "num_boost_round": 11.0}, "datetime": {"datetime": "2024-01-19 00:22:54", "elapsed": 675.753348, "delta": 0.001241}}
{"target": -13.758048948276652, "params": {"gamma": 984.8489254204364, "log10_alpha": 0.419834957088149, "log10_colsample_bytree": -0.8116109143306245, "log10_eta": -1.7456524346959061, "log10_lambda": -2.032558253990193, "log10_min_child_weight": 3.8323975101193315, "log10_subsample": -0.49326534070948536, "max_depth": 5.0, "num_boost_round": 12.0}, "datetime": {"datetime": "2024-01-19 00:22:54", "elapsed": 675.754477, "delta": 0.001129}}
{"target": -13.758073040745616, "params": {"gamma": 984.8489254204364, "log10_alpha": 0.419834957088149, "log10_colsample_bytree": -0.8116109143306245, "log10_eta": -1.7456524346959061, "log10_lambda": -2.032558253990193, "log10_min_child_weight": 3.8323975101193315, "log10_subsample": -0.49326534070948536, "max_depth": 5.0, "num_boost_round": 13.0}, "datetime": {"datetime": "2024-01-19 00:22:54", "elapsed": 675.75562, "delta": 0.001143}}
{"target": -13.758086826291086, "params": {"gamma": 984.8489254204364, "log10_alpha": 0.419834957088149, "log10_colsample_bytree": -0.8116109143306245, "log10_eta": -1.7456524346959061, "log10_lambda": -2.032558253990193, "log10_min_child_weight": 3.8323975101193315, "log10_subsample": -0.49326534070948536, "max_depth": 5.0, "num_boost_round": 14.0}, "datetime": {"datetime": "2024-01-19 00:22:54", "elapsed": 675.756748, "delta": 0.001128}}
{"target": -13.75773775732899, "params": {"gamma": 984.8489254204364, "log10_alpha": 0.419834957088149, "log10_colsample_bytree": -0.8116109143306245, "log10_eta": -1.7456524346959061, "log10_lambda": -2.032558253990193, "log10_min_child_weight": 3.8323975101193315, "log10_subsample": -0.49326534070948536, "max_depth": 5.0, "num_boost_round": 15.0}, "datetime": {"datetime": "2024-01-19 00:22:54", "elapsed": 675.758002, "delta": 0.001254}}
{"target": -13.757693482297162, "params": {"gamma": 984.8489254204364, "log10_alpha": 0.419834957088149, "log10_colsample_bytree": -0.8116109143306245, "log10_eta": -1.7456524346959061, "log10_lambda": -2.032558253990193, "log10_min_child_weight": 3.8323975101193315, "log10_subsample": -0.49326534070948536, "max_depth": 5.0, "num_boost_round": 16.0}, "datetime": {"datetime": "2024-01-19 00:22:54", "elapsed": 675.759255, "delta": 0.001253}}
