{"target": -17.677034644580935, "params": {"gamma": 737.4633945681409, "log10_alpha": -3.2370492439340675, "log10_colsample_bytree": -0.4453649838575181, "log10_eta": -1.1571293968285086, "log10_lambda": -3.304522323769814, "log10_min_child_weight": 0.06157840865705588, "log10_subsample": -0.8320230900843363, "max_depth": 7.0, "num_boost_round": 1.0}, "datetime": {"datetime": "2024-01-19 00:20:32", "elapsed": 537.002728, "delta": 0.001034}}
{"target": -17.680733375073018, "params": {"gamma": 737.4633945681409, "log10_alpha": -3.2370492439340675, "log10_colsample_bytree": -0.4453649838575181, "log10_eta": -1.1571293968285086, "log10_lambda": -3.304522323769814, "log10_min_child_weight": 0.06157840865705588, "log10_subsample": -0.8320230900843363, "max_depth": 7.0, "num_boost_round": 2.0}, "datetime": {"datetime": "2024-01-19 00:20:32", "elapsed": 537.003323, "delta": 0.000595}}
{"target": -17.682661687851418, "params": {"gamma": 737.4633945681409, "log10_alpha": -3.2370492439340675, "log10_colsample_bytree": -0.4453649838575181, "log10_eta": -1.1571293968285086, "log10_lambda": -3.304522323769814, "log10_min_child_weight": 0.06157840865705588, "log10_subsample": -0.8320230900843363, "max_depth": 7.0, "num_boost_round": 3.0}, "datetime": {"datetime": "2024-01-19 00:20:32", "elapsed": 537.003948, "delta": 0.000625}}
{"target": -17.68315388716049, "params": {"gamma": 737.4633945681409, "log10_alpha": -3.2370492439340675, "log10_colsample_bytree": -0.4453649838575181, "log10_eta": -1.1571293968285086, "log10_lambda": -3.304522323769814, "log10_min_child_weight": 0.06157840865705588, "log10_subsample": -0.8320230900843363, "max_depth": 7.0, "num_boost_round": 4.0}, "datetime": {"datetime": "2024-01-19 00:20:32", "elapsed": 537.004577, "delta": 0.000629}}
{"target": -17.685877642351098, "params": {"gamma": 737.4633945681409, "log10_alpha": -3.2370492439340675, "log10_colsample_bytree": -0.4453649838575181, "log10_eta": -1.1571293968285086, "log10_lambda": -3.304522323769814, "log10_min_child_weight": 0.06157840865705588, "log10_subsample": -0.8320230900843363, "max_depth": 7.0, "num_boost_round": 5.0}, "datetime": {"datetime": "2024-01-19 00:20:32", "elapsed": 537.005302, "delta": 0.000725}}
{"target": -17.692788181121344, "params": {"gamma": 737.4633945681409, "log10_alpha": -3.2370492439340675, "log10_colsample_bytree": -0.4453649838575181, "log10_eta": -1.1571293968285086, "log10_lambda": -3.304522323769814, "log10_min_child_weight": 0.06157840865705588, "log10_subsample": -0.8320230900843363, "max_depth": 7.0, "num_boost_round": 6.0}, "datetime": {"datetime": "2024-01-19 00:20:32", "elapsed": 537.005924, "delta": 0.000622}}
{"target": -17.696850255967895, "params": {"gamma": 737.4633945681409, "log10_alpha": -3.2370492439340675, "log10_colsample_bytree": -0.4453649838575181, "log10_eta": -1.1571293968285086, "log10_lambda": -3.304522323769814, "log10_min_child_weight": 0.06157840865705588, "log10_subsample": -0.8320230900843363, "max_depth": 7.0, "num_boost_round": 7.0}, "datetime": {"datetime": "2024-01-19 00:20:32", "elapsed": 537.006547, "delta": 0.000623}}
{"target": -17.707114336475392, "params": {"gamma": 737.4633945681409, "log10_alpha": -3.2370492439340675, "log10_colsample_bytree": -0.4453649838575181, "log10_eta": -1.1571293968285086, "log10_lambda": -3.304522323769814, "log10_min_child_weight": 0.06157840865705588, "log10_subsample": -0.8320230900843363, "max_depth": 7.0, "num_boost_round": 8.0}, "datetime": {"datetime": "2024-01-19 00:20:32", "elapsed": 537.007171, "delta": 0.000624}}
{"target": -17.709213490453475, "params": {"gamma": 737.4633945681409, "log10_alpha": -3.2370492439340675, "log10_colsample_bytree": -0.4453649838575181, "log10_eta": -1.1571293968285086, "log10_lambda": -3.304522323769814, "log10_min_child_weight": 0.06157840865705588, "log10_subsample": -0.8320230900843363, "max_depth": 7.0, "num_boost_round": 9.0}, "datetime": {"datetime": "2024-01-19 00:20:32", "elapsed": 537.007806, "delta": 0.000635}}
{"target": -17.713426134564326, "params": {"gamma": 737.4633945681409, "log10_alpha": -3.2370492439340675, "log10_colsample_bytree": -0.4453649838575181, "log10_eta": -1.1571293968285086, "log10_lambda": -3.304522323769814, "log10_min_child_weight": 0.06157840865705588, "log10_subsample": -0.8320230900843363, "max_depth": 7.0, "num_boost_round": 10.0}, "datetime": {"datetime": "2024-01-19 00:20:32", "elapsed": 537.008427, "delta": 0.000621}}
{"target": -17.71767939197475, "params": {"gamma": 737.4633945681409, "log10_alpha": -3.2370492439340675, "log10_colsample_bytree": -0.4453649838575181, "log10_eta": -1.1571293968285086, "log10_lambda": -3.304522323769814, "log10_min_child_weight": 0.06157840865705588, "log10_subsample": -0.8320230900843363, "max_depth": 7.0, "num_boost_round": 11.0}, "datetime": {"datetime": "2024-01-19 00:20:32", "elapsed": 537.009052, "delta": 0.000625}}
{"target": -17.727283070398943, "params": {"gamma": 737.4633945681409, "log10_alpha": -3.2370492439340675, "log10_colsample_bytree": -0.4453649838575181, "log10_eta": -1.1571293968285086, "log10_lambda": -3.304522323769814, "log10_min_child_weight": 0.06157840865705588, "log10_subsample": -0.8320230900843363, "max_depth": 7.0, "num_boost_round": 12.0}, "datetime": {"datetime": "2024-01-19 00:20:32", "elapsed": 537.009852, "delta": 0.0008}}
{"target": -17.73453151045174, "params": {"gamma": 737.4633945681409, "log10_alpha": -3.2370492439340675, "log10_colsample_bytree": -0.4453649838575181, "log10_eta": -1.1571293968285086, "log10_lambda": -3.304522323769814, "log10_min_child_weight": 0.06157840865705588, "log10_subsample": -0.8320230900843363, "max_depth": 7.0, "num_boost_round": 13.0}, "datetime": {"datetime": "2024-01-19 00:20:32", "elapsed": 537.010422, "delta": 0.00057}}
{"target": -17.676261477679, "params": {"gamma": 758.2420624538612, "log10_alpha": -2.9980684475165393, "log10_colsample_bytree": -0.6630025971924508, "log10_eta": -0.26513636209998737, "log10_lambda": -0.318879305323887, "log10_min_child_weight": 4.504444011953864, "log10_subsample": -0.46914190609455964, "max_depth": 4.0, "num_boost_round": 0.0}, "datetime": {"datetime": "2024-01-19 00:20:53", "elapsed": 558.166832, "delta": 21.15641}}
{"target": -17.681466159217717, "params": {"gamma": 758.2420624538612, "log10_alpha": -2.9980684475165393, "log10_colsample_bytree": -0.6630025971924508, "log10_eta": -0.26513636209998737, "log10_lambda": -0.318879305323887, "log10_min_child_weight": 4.504444011953864, "log10_subsample": -0.46914190609455964, "max_depth": 4.0, "num_boost_round": 1.0}, "datetime": {"datetime": "2024-01-19 00:20:53", "elapsed": 558.167696, "delta": 0.000864}}
{"target": -17.686417878812264, "params": {"gamma": 758.2420624538612, "log10_alpha": -2.9980684475165393, "log10_colsample_bytree": -0.6630025971924508, "log10_eta": -0.26513636209998737, "log10_lambda": -0.318879305323887, "log10_min_child_weight": 4.504444011953864, "log10_subsample": -0.46914190609455964, "max_depth": 4.0, "num_boost_round": 2.0}, "datetime": {"datetime": "2024-01-19 00:20:53", "elapsed": 558.16837, "delta": 0.000674}}
{"target": -17.69548799865996, "params": {"gamma": 758.2420624538612, "log10_alpha": -2.9980684475165393, "log10_colsample_bytree": -0.6630025971924508, "log10_eta": -0.26513636209998737, "log10_lambda": -0.318879305323887, "log10_min_child_weight": 4.504444011953864, "log10_subsample": -0.46914190609455964, "max_depth": 4.0, "num_boost_round": 3.0}, "datetime": {"datetime": "2024-01-19 00:20:53", "elapsed": 558.170968, "delta": 0.002598}}
{"target": -17.69642109520394, "params": {"gamma": 758.2420624538612, "log10_alpha": -2.9980684475165393, "log10_colsample_bytree": -0.6630025971924508, "log10_eta": -0.26513636209998737, "log10_lambda": -0.318879305323887, "log10_min_child_weight": 4.504444011953864, "log10_subsample": -0.46914190609455964, "max_depth": 4.0, "num_boost_round": 4.0}, "datetime": {"datetime": "2024-01-19 00:20:53", "elapsed": 558.172277, "delta": 0.001309}}
{"target": -17.7104315762222, "params": {"gamma": 758.2420624538612, "log10_alpha": -2.9980684475165393, "log10_colsample_bytree": -0.6630025971924508, "log10_eta": -0.26513636209998737, "log10_lambda": -0.318879305323887, "log10_min_child_weight": 4.504444011953864, "log10_subsample": -0.46914190609455964, "max_depth": 4.0, "num_boost_round": 5.0}, "datetime": {"datetime": "2024-01-19 00:20:53", "elapsed": 558.172873, "delta": 0.000596}}
{"target": -17.70929647803714, "params": {"gamma": 758.2420624538612, "log10_alpha": -2.9980684475165393, "log10_colsample_bytree": -0.6630025971924508, "log10_eta": -0.26513636209998737, "log10_lambda": -0.318879305323887, "log10_min_child_weight": 4.504444011953864, "log10_subsample": -0.46914190609455964, "max_depth": 4.0, "num_boost_round": 6.0}, "datetime": {"datetime": "2024-01-19 00:20:53", "elapsed": 558.173978, "delta": 0.001105}}
{"target": -17.70826555601622, "params": {"gamma": 758.2420624538612, "log10_alpha": -2.9980684475165393, "log10_colsample_bytree": -0.6630025971924508, "log10_eta": -0.26513636209998737, "log10_lambda": -0.318879305323887, "log10_min_child_weight": 4.504444011953864, "log10_subsample": -0.46914190609455964, "max_depth": 4.0, "num_boost_round": 7.0}, "datetime": {"datetime": "2024-01-19 00:20:53", "elapsed": 558.174899, "delta": 0.000921}}
{"target": -17.715635759778714, "params": {"gamma": 758.2420624538612, "log10_alpha": -2.9980684475165393, "log10_colsample_bytree": -0.6630025971924508, "log10_eta": -0.26513636209998737, "log10_lambda": -0.318879305323887, "log10_min_child_weight": 4.504444011953864, "log10_subsample": -0.46914190609455964, "max_depth": 4.0, "num_boost_round": 8.0}, "datetime": {"datetime": "2024-01-19 00:20:53", "elapsed": 558.175672, "delta": 0.000773}}
{"target": -17.717728404771666, "params": {"gamma": 758.2420624538612, "log10_alpha": -2.9980684475165393, "log10_colsample_bytree": -0.6630025971924508, "log10_eta": -0.26513636209998737, "log10_lambda": -0.318879305323887, "log10_min_child_weight": 4.504444011953864, "log10_subsample": -0.46914190609455964, "max_depth": 4.0, "num_boost_round": 9.0}, "datetime": {"datetime": "2024-01-19 00:20:53", "elapsed": 558.176433, "delta": 0.000761}}
{"target": -17.718215132775963, "params": {"gamma": 758.2420624538612, "log10_alpha": -2.9980684475165393, "log10_colsample_bytree": -0.6630025971924508, "log10_eta": -0.26513636209998737, "log10_lambda": -0.318879305323887, "log10_min_child_weight": 4.504444011953864, "log10_subsample": -0.46914190609455964, "max_depth": 4.0, "num_boost_round": 10.0}, "datetime": {"datetime": "2024-01-19 00:20:53", "elapsed": 558.177032, "delta": 0.000599}}
{"target": -17.722996234475616, "params": {"gamma": 758.2420624538612, "log10_alpha": -2.9980684475165393, "log10_colsample_bytree": -0.6630025971924508, "log10_eta": -0.26513636209998737, "log10_lambda": -0.318879305323887, "log10_min_child_weight": 4.504444011953864, "log10_subsample": -0.46914190609455964, "max_depth": 4.0, "num_boost_round": 11.0}, "datetime": {"datetime": "2024-01-19 00:20:53", "elapsed": 558.177685, "delta": 0.000653}}
{"target": -17.677417999649695, "params": {"gamma": 450.3017278835949, "log10_alpha": -4.994158750794975, "log10_colsample_bytree": -0.07003195196173506, "log10_eta": -1.1351367642773438, "log10_lambda": -0.10629112995006817, "log10_min_child_weight": 4.439529425574641, "log10_subsample": -0.5963624725827712, "max_depth": 2.0, "num_boost_round": 0.0}, "datetime": {"datetime": "2024-01-19 00:21:57", "elapsed": 622.116235, "delta": 63.93855}}
{"target": -17.678022875766313, "params": {"gamma": 450.3017278835949, "log10_alpha": -4.994158750794975, "log10_colsample_bytree": -0.07003195196173506, "log10_eta": -1.1351367642773438, "log10_lambda": -0.10629112995006817, "log10_min_child_weight": 4.439529425574641, "log10_subsample": -0.5963624725827712, "max_depth": 2.0, "num_boost_round": 1.0}, "datetime": {"datetime": "2024-01-19 00:21:57", "elapsed": 622.117402, "delta": 0.001167}}
{"target": -17.678780002374822, "params": {"gamma": 450.3017278835949, "log10_alpha": -4.994158750794975, "log10_colsample_bytree": -0.07003195196173506, "log10_eta": -1.1351367642773438, "log10_lambda": -0.10629112995006817, "log10_min_child_weight": 4.439529425574641, "log10_subsample": -0.5963624725827712, "max_depth": 2.0, "num_boost_round": 2.0}, "datetime": {"datetime": "2024-01-19 00:21:57", "elapsed": 622.118238, "delta": 0.000836}}
{"target": -17.67854384829103, "params": {"gamma": 450.3017278835949, "log10_alpha": -4.994158750794975, "log10_colsample_bytree": -0.07003195196173506, "log10_eta": -1.1351367642773438, "log10_lambda": -0.10629112995006817, "log10_min_child_weight": 4.439529425574641, "log10_subsample": -0.5963624725827712, "max_depth": 2.0, "num_boost_round": 3.0}, "datetime": {"datetime": "2024-01-19 00:21:57", "elapsed": 622.119241, "delta": 0.001003}}
{"target": -17.678514444610144, "params": {"gamma": 450.3017278835949, "log10_alpha": -4.994158750794975, "log10_colsample_bytree": -0.07003195196173506, "log10_eta": -1.1351367642773438, "log10_lambda": -0.10629112995006817, "log10_min_child_weight": 4.439529425574641, "log10_subsample": -0.5963624725827712, "max_depth": 2.0, "num_boost_round": 4.0}, "datetime": {"datetime": "2024-01-19 00:21:57", "elapsed": 622.119934, "delta": 0.000693}}
{"target": -17.678311856486815, "params": {"gamma": 450.3017278835949, "log10_alpha": -4.994158750794975, "log10_colsample_bytree": -0.07003195196173506, "log10_eta": -1.1351367642773438, "log10_lambda": -0.10629112995006817, "log10_min_child_weight": 4.439529425574641, "log10_subsample": -0.5963624725827712, "max_depth": 2.0, "num_boost_round": 5.0}, "datetime": {"datetime": "2024-01-19 00:21:57", "elapsed": 622.120717, "delta": 0.000783}}
{"target": -17.677864233470274, "params": {"gamma": 450.3017278835949, "log10_alpha": -4.994158750794975, "log10_colsample_bytree": -0.07003195196173506, "log10_eta": -1.1351367642773438, "log10_lambda": -0.10629112995006817, "log10_min_child_weight": 4.439529425574641, "log10_subsample": -0.5963624725827712, "max_depth": 2.0, "num_boost_round": 6.0}, "datetime": {"datetime": "2024-01-19 00:21:57", "elapsed": 622.121399, "delta": 0.000682}}
{"target": -17.67806530106381, "params": {"gamma": 450.3017278835949, "log10_alpha": -4.994158750794975, "log10_colsample_bytree": -0.07003195196173506, "log10_eta": -1.1351367642773438, "log10_lambda": -0.10629112995006817, "log10_min_child_weight": 4.439529425574641, "log10_subsample": -0.5963624725827712, "max_depth": 2.0, "num_boost_round": 7.0}, "datetime": {"datetime": "2024-01-19 00:21:57", "elapsed": 622.122007, "delta": 0.000608}}
{"target": -17.678016707131754, "params": {"gamma": 450.3017278835949, "log10_alpha": -4.994158750794975, "log10_colsample_bytree": -0.07003195196173506, "log10_eta": -1.1351367642773438, "log10_lambda": -0.10629112995006817, "log10_min_child_weight": 4.439529425574641, "log10_subsample": -0.5963624725827712, "max_depth": 2.0, "num_boost_round": 8.0}, "datetime": {"datetime": "2024-01-19 00:21:57", "elapsed": 622.122672, "delta": 0.000665}}
{"target": -17.677779347266974, "params": {"gamma": 450.3017278835949, "log10_alpha": -4.994158750794975, "log10_colsample_bytree": -0.07003195196173506, "log10_eta": -1.1351367642773438, "log10_lambda": -0.10629112995006817, "log10_min_child_weight": 4.439529425574641, "log10_subsample": -0.5963624725827712, "max_depth": 2.0, "num_boost_round": 9.0}, "datetime": {"datetime": "2024-01-19 00:21:57", "elapsed": 622.123274, "delta": 0.000602}}
{"target": -17.678727939842023, "params": {"gamma": 450.3017278835949, "log10_alpha": -4.994158750794975, "log10_colsample_bytree": -0.07003195196173506, "log10_eta": -1.1351367642773438, "log10_lambda": -0.10629112995006817, "log10_min_child_weight": 4.439529425574641, "log10_subsample": -0.5963624725827712, "max_depth": 2.0, "num_boost_round": 10.0}, "datetime": {"datetime": "2024-01-19 00:21:57", "elapsed": 622.123945, "delta": 0.000671}}
{"target": -17.679443966866526, "params": {"gamma": 450.3017278835949, "log10_alpha": -4.994158750794975, "log10_colsample_bytree": -0.07003195196173506, "log10_eta": -1.1351367642773438, "log10_lambda": -0.10629112995006817, "log10_min_child_weight": 4.439529425574641, "log10_subsample": -0.5963624725827712, "max_depth": 2.0, "num_boost_round": 11.0}, "datetime": {"datetime": "2024-01-19 00:21:57", "elapsed": 622.12464, "delta": 0.000695}}
{"target": -17.67975714159166, "params": {"gamma": 450.3017278835949, "log10_alpha": -4.994158750794975, "log10_colsample_bytree": -0.07003195196173506, "log10_eta": -1.1351367642773438, "log10_lambda": -0.10629112995006817, "log10_min_child_weight": 4.439529425574641, "log10_subsample": -0.5963624725827712, "max_depth": 2.0, "num_boost_round": 12.0}, "datetime": {"datetime": "2024-01-19 00:21:57", "elapsed": 622.125357, "delta": 0.000717}}
{"target": -17.68026335268307, "params": {"gamma": 450.3017278835949, "log10_alpha": -4.994158750794975, "log10_colsample_bytree": -0.07003195196173506, "log10_eta": -1.1351367642773438, "log10_lambda": -0.10629112995006817, "log10_min_child_weight": 4.439529425574641, "log10_subsample": -0.5963624725827712, "max_depth": 2.0, "num_boost_round": 13.0}, "datetime": {"datetime": "2024-01-19 00:21:57", "elapsed": 622.126055, "delta": 0.000698}}
{"target": -17.68095116185409, "params": {"gamma": 450.3017278835949, "log10_alpha": -4.994158750794975, "log10_colsample_bytree": -0.07003195196173506, "log10_eta": -1.1351367642773438, "log10_lambda": -0.10629112995006817, "log10_min_child_weight": 4.439529425574641, "log10_subsample": -0.5963624725827712, "max_depth": 2.0, "num_boost_round": 14.0}, "datetime": {"datetime": "2024-01-19 00:21:57", "elapsed": 622.126752, "delta": 0.000697}}
{"target": -17.68101368459401, "params": {"gamma": 450.3017278835949, "log10_alpha": -4.994158750794975, "log10_colsample_bytree": -0.07003195196173506, "log10_eta": -1.1351367642773438, "log10_lambda": -0.10629112995006817, "log10_min_child_weight": 4.439529425574641, "log10_subsample": -0.5963624725827712, "max_depth": 2.0, "num_boost_round": 15.0}, "datetime": {"datetime": "2024-01-19 00:21:57", "elapsed": 622.12749, "delta": 0.000738}}
{"target": -17.681279713645917, "params": {"gamma": 450.3017278835949, "log10_alpha": -4.994158750794975, "log10_colsample_bytree": -0.07003195196173506, "log10_eta": -1.1351367642773438, "log10_lambda": -0.10629112995006817, "log10_min_child_weight": 4.439529425574641, "log10_subsample": -0.5963624725827712, "max_depth": 2.0, "num_boost_round": 16.0}, "datetime": {"datetime": "2024-01-19 00:21:57", "elapsed": 622.1282, "delta": 0.00071}}
{"target": -17.68114260547827, "params": {"gamma": 450.3017278835949, "log10_alpha": -4.994158750794975, "log10_colsample_bytree": -0.07003195196173506, "log10_eta": -1.1351367642773438, "log10_lambda": -0.10629112995006817, "log10_min_child_weight": 4.439529425574641, "log10_subsample": -0.5963624725827712, "max_depth": 2.0, "num_boost_round": 17.0}, "datetime": {"datetime": "2024-01-19 00:21:57", "elapsed": 622.1289, "delta": 0.0007}}
{"target": -17.681340509663663, "params": {"gamma": 450.3017278835949, "log10_alpha": -4.994158750794975, "log10_colsample_bytree": -0.07003195196173506, "log10_eta": -1.1351367642773438, "log10_lambda": -0.10629112995006817, "log10_min_child_weight": 4.439529425574641, "log10_subsample": -0.5963624725827712, "max_depth": 2.0, "num_boost_round": 18.0}, "datetime": {"datetime": "2024-01-19 00:21:57", "elapsed": 622.129623, "delta": 0.000723}}
{"target": -17.681432399826488, "params": {"gamma": 450.3017278835949, "log10_alpha": -4.994158750794975, "log10_colsample_bytree": -0.07003195196173506, "log10_eta": -1.1351367642773438, "log10_lambda": -0.10629112995006817, "log10_min_child_weight": 4.439529425574641, "log10_subsample": -0.5963624725827712, "max_depth": 2.0, "num_boost_round": 19.0}, "datetime": {"datetime": "2024-01-19 00:21:57", "elapsed": 622.130409, "delta": 0.000786}}
{"target": -17.681429026625054, "params": {"gamma": 450.3017278835949, "log10_alpha": -4.994158750794975, "log10_colsample_bytree": -0.07003195196173506, "log10_eta": -1.1351367642773438, "log10_lambda": -0.10629112995006817, "log10_min_child_weight": 4.439529425574641, "log10_subsample": -0.5963624725827712, "max_depth": 2.0, "num_boost_round": 20.0}, "datetime": {"datetime": "2024-01-19 00:21:57", "elapsed": 622.131128, "delta": 0.000719}}
{"target": -17.682246849300554, "params": {"gamma": 450.3017278835949, "log10_alpha": -4.994158750794975, "log10_colsample_bytree": -0.07003195196173506, "log10_eta": -1.1351367642773438, "log10_lambda": -0.10629112995006817, "log10_min_child_weight": 4.439529425574641, "log10_subsample": -0.5963624725827712, "max_depth": 2.0, "num_boost_round": 21.0}, "datetime": {"datetime": "2024-01-19 00:21:57", "elapsed": 622.131852, "delta": 0.000724}}
{"target": -17.68222837061544, "params": {"gamma": 450.3017278835949, "log10_alpha": -4.994158750794975, "log10_colsample_bytree": -0.07003195196173506, "log10_eta": -1.1351367642773438, "log10_lambda": -0.10629112995006817, "log10_min_child_weight": 4.439529425574641, "log10_subsample": -0.5963624725827712, "max_depth": 2.0, "num_boost_round": 22.0}, "datetime": {"datetime": "2024-01-19 00:21:57", "elapsed": 622.132578, "delta": 0.000726}}
{"target": -17.682130087411966, "params": {"gamma": 450.3017278835949, "log10_alpha": -4.994158750794975, "log10_colsample_bytree": -0.07003195196173506, "log10_eta": -1.1351367642773438, "log10_lambda": -0.10629112995006817, "log10_min_child_weight": 4.439529425574641, "log10_subsample": -0.5963624725827712, "max_depth": 2.0, "num_boost_round": 23.0}, "datetime": {"datetime": "2024-01-19 00:21:57", "elapsed": 622.133305, "delta": 0.000727}}
