{"target": -13.768263248159117, "params": {"gamma": 958.630247182887, "log10_alpha": -0.6510965570735978, "log10_colsample_bytree": -0.1251125885619333, "log10_eta": -1.5143673153778594, "log10_lambda": 0.13845806000148464, "log10_min_child_weight": 2.236148995044301, "log10_subsample": -0.17087025661004618, "max_depth": 5.0, "num_boost_round": 9.0}, "datetime": {"datetime": "2024-01-19 00:34:54", "elapsed": 1395.592663, "delta": 0.084557}}
{"target": -13.77003189095546, "params": {"gamma": 958.630247182887, "log10_alpha": -0.6510965570735978, "log10_colsample_bytree": -0.1251125885619333, "log10_eta": -1.5143673153778594, "log10_lambda": 0.13845806000148464, "log10_min_child_weight": 2.236148995044301, "log10_subsample": -0.17087025661004618, "max_depth": 5.0, "num_boost_round": 10.0}, "datetime": {"datetime": "2024-01-19 00:34:54", "elapsed": 1395.595175, "delta": 0.002512}}
{"target": -13.769838455029877, "params": {"gamma": 958.630247182887, "log10_alpha": -0.6510965570735978, "log10_colsample_bytree": -0.1251125885619333, "log10_eta": -1.5143673153778594, "log10_lambda": 0.13845806000148464, "log10_min_child_weight": 2.236148995044301, "log10_subsample": -0.17087025661004618, "max_depth": 5.0, "num_boost_round": 11.0}, "datetime": {"datetime": "2024-01-19 00:34:54", "elapsed": 1395.597442, "delta": 0.002267}}
{"target": -13.76953500671479, "params": {"gamma": 958.630247182887, "log10_alpha": -0.6510965570735978, "log10_colsample_bytree": -0.1251125885619333, "log10_eta": -1.5143673153778594, "log10_lambda": 0.13845806000148464, "log10_min_child_weight": 2.236148995044301, "log10_subsample": -0.17087025661004618, "max_depth": 5.0, "num_boost_round": 12.0}, "datetime": {"datetime": "2024-01-19 00:34:54", "elapsed": 1395.599795, "delta": 0.002353}}
{"target": -13.772303909827011, "params": {"gamma": 958.630247182887, "log10_alpha": -0.6510965570735978, "log10_colsample_bytree": -0.1251125885619333, "log10_eta": -1.5143673153778594, "log10_lambda": 0.13845806000148464, "log10_min_child_weight": 2.236148995044301, "log10_subsample": -0.17087025661004618, "max_depth": 5.0, "num_boost_round": 13.0}, "datetime": {"datetime": "2024-01-19 00:34:54", "elapsed": 1395.602032, "delta": 0.002237}}
{"target": -13.774841498725811, "params": {"gamma": 958.630247182887, "log10_alpha": -0.6510965570735978, "log10_colsample_bytree": -0.1251125885619333, "log10_eta": -1.5143673153778594, "log10_lambda": 0.13845806000148464, "log10_min_child_weight": 2.236148995044301, "log10_subsample": -0.17087025661004618, "max_depth": 5.0, "num_boost_round": 14.0}, "datetime": {"datetime": "2024-01-19 00:34:54", "elapsed": 1395.604281, "delta": 0.002249}}
{"target": -13.775351331322785, "params": {"gamma": 958.630247182887, "log10_alpha": -0.6510965570735978, "log10_colsample_bytree": -0.1251125885619333, "log10_eta": -1.5143673153778594, "log10_lambda": 0.13845806000148464, "log10_min_child_weight": 2.236148995044301, "log10_subsample": -0.17087025661004618, "max_depth": 5.0, "num_boost_round": 15.0}, "datetime": {"datetime": "2024-01-19 00:34:54", "elapsed": 1395.610922, "delta": 0.006641}}
{"target": -13.776378150532292, "params": {"gamma": 958.630247182887, "log10_alpha": -0.6510965570735978, "log10_colsample_bytree": -0.1251125885619333, "log10_eta": -1.5143673153778594, "log10_lambda": 0.13845806000148464, "log10_min_child_weight": 2.236148995044301, "log10_subsample": -0.17087025661004618, "max_depth": 5.0, "num_boost_round": 16.0}, "datetime": {"datetime": "2024-01-19 00:34:54", "elapsed": 1395.613194, "delta": 0.002272}}
{"target": -13.775928703120918, "params": {"gamma": 958.630247182887, "log10_alpha": -0.6510965570735978, "log10_colsample_bytree": -0.1251125885619333, "log10_eta": -1.5143673153778594, "log10_lambda": 0.13845806000148464, "log10_min_child_weight": 2.236148995044301, "log10_subsample": -0.17087025661004618, "max_depth": 5.0, "num_boost_round": 17.0}, "datetime": {"datetime": "2024-01-19 00:34:54", "elapsed": 1395.61546, "delta": 0.002266}}
{"target": -13.77603020892271, "params": {"gamma": 958.630247182887, "log10_alpha": -0.6510965570735978, "log10_colsample_bytree": -0.1251125885619333, "log10_eta": -1.5143673153778594, "log10_lambda": 0.13845806000148464, "log10_min_child_weight": 2.236148995044301, "log10_subsample": -0.17087025661004618, "max_depth": 5.0, "num_boost_round": 18.0}, "datetime": {"datetime": "2024-01-19 00:34:54", "elapsed": 1395.617708, "delta": 0.002248}}
{"target": -13.775743298089587, "params": {"gamma": 958.630247182887, "log10_alpha": -0.6510965570735978, "log10_colsample_bytree": -0.1251125885619333, "log10_eta": -1.5143673153778594, "log10_lambda": 0.13845806000148464, "log10_min_child_weight": 2.236148995044301, "log10_subsample": -0.17087025661004618, "max_depth": 5.0, "num_boost_round": 19.0}, "datetime": {"datetime": "2024-01-19 00:34:54", "elapsed": 1395.620053, "delta": 0.002345}}
{"target": -13.776745977053903, "params": {"gamma": 958.630247182887, "log10_alpha": -0.6510965570735978, "log10_colsample_bytree": -0.1251125885619333, "log10_eta": -1.5143673153778594, "log10_lambda": 0.13845806000148464, "log10_min_child_weight": 2.236148995044301, "log10_subsample": -0.17087025661004618, "max_depth": 5.0, "num_boost_round": 20.0}, "datetime": {"datetime": "2024-01-19 00:34:54", "elapsed": 1395.622336, "delta": 0.002283}}
{"target": -13.77655723078962, "params": {"gamma": 958.630247182887, "log10_alpha": -0.6510965570735978, "log10_colsample_bytree": -0.1251125885619333, "log10_eta": -1.5143673153778594, "log10_lambda": 0.13845806000148464, "log10_min_child_weight": 2.236148995044301, "log10_subsample": -0.17087025661004618, "max_depth": 5.0, "num_boost_round": 21.0}, "datetime": {"datetime": "2024-01-19 00:34:54", "elapsed": 1395.624603, "delta": 0.002267}}
{"target": -13.777821705088213, "params": {"gamma": 958.630247182887, "log10_alpha": -0.6510965570735978, "log10_colsample_bytree": -0.1251125885619333, "log10_eta": -1.5143673153778594, "log10_lambda": 0.13845806000148464, "log10_min_child_weight": 2.236148995044301, "log10_subsample": -0.17087025661004618, "max_depth": 5.0, "num_boost_round": 22.0}, "datetime": {"datetime": "2024-01-19 00:34:54", "elapsed": 1395.626938, "delta": 0.002335}}
{"target": -13.778925599952094, "params": {"gamma": 958.630247182887, "log10_alpha": -0.6510965570735978, "log10_colsample_bytree": -0.1251125885619333, "log10_eta": -1.5143673153778594, "log10_lambda": 0.13845806000148464, "log10_min_child_weight": 2.236148995044301, "log10_subsample": -0.17087025661004618, "max_depth": 5.0, "num_boost_round": 23.0}, "datetime": {"datetime": "2024-01-19 00:34:54", "elapsed": 1395.629224, "delta": 0.002286}}
{"target": -13.779280787196633, "params": {"gamma": 958.630247182887, "log10_alpha": -0.6510965570735978, "log10_colsample_bytree": -0.1251125885619333, "log10_eta": -1.5143673153778594, "log10_lambda": 0.13845806000148464, "log10_min_child_weight": 2.236148995044301, "log10_subsample": -0.17087025661004618, "max_depth": 5.0, "num_boost_round": 24.0}, "datetime": {"datetime": "2024-01-19 00:34:54", "elapsed": 1395.631506, "delta": 0.002282}}
{"target": -13.779287571663238, "params": {"gamma": 958.630247182887, "log10_alpha": -0.6510965570735978, "log10_colsample_bytree": -0.1251125885619333, "log10_eta": -1.5143673153778594, "log10_lambda": 0.13845806000148464, "log10_min_child_weight": 2.236148995044301, "log10_subsample": -0.17087025661004618, "max_depth": 5.0, "num_boost_round": 25.0}, "datetime": {"datetime": "2024-01-19 00:34:54", "elapsed": 1395.633765, "delta": 0.002259}}
{"target": -13.78072226505646, "params": {"gamma": 958.630247182887, "log10_alpha": -0.6510965570735978, "log10_colsample_bytree": -0.1251125885619333, "log10_eta": -1.5143673153778594, "log10_lambda": 0.13845806000148464, "log10_min_child_weight": 2.236148995044301, "log10_subsample": -0.17087025661004618, "max_depth": 5.0, "num_boost_round": 26.0}, "datetime": {"datetime": "2024-01-19 00:34:54", "elapsed": 1395.636059, "delta": 0.002294}}
{"target": -13.7810461024552, "params": {"gamma": 958.630247182887, "log10_alpha": -0.6510965570735978, "log10_colsample_bytree": -0.1251125885619333, "log10_eta": -1.5143673153778594, "log10_lambda": 0.13845806000148464, "log10_min_child_weight": 2.236148995044301, "log10_subsample": -0.17087025661004618, "max_depth": 5.0, "num_boost_round": 27.0}, "datetime": {"datetime": "2024-01-19 00:34:54", "elapsed": 1395.638427, "delta": 0.002368}}
{"target": -13.781559903231633, "params": {"gamma": 958.630247182887, "log10_alpha": -0.6510965570735978, "log10_colsample_bytree": -0.1251125885619333, "log10_eta": -1.5143673153778594, "log10_lambda": 0.13845806000148464, "log10_min_child_weight": 2.236148995044301, "log10_subsample": -0.17087025661004618, "max_depth": 5.0, "num_boost_round": 28.0}, "datetime": {"datetime": "2024-01-19 00:34:54", "elapsed": 1395.640711, "delta": 0.002284}}
{"target": -13.781343114834447, "params": {"gamma": 958.630247182887, "log10_alpha": -0.6510965570735978, "log10_colsample_bytree": -0.1251125885619333, "log10_eta": -1.5143673153778594, "log10_lambda": 0.13845806000148464, "log10_min_child_weight": 2.236148995044301, "log10_subsample": -0.17087025661004618, "max_depth": 5.0, "num_boost_round": 29.0}, "datetime": {"datetime": "2024-01-19 00:34:54", "elapsed": 1395.643013, "delta": 0.002302}}
{"target": -13.781408672273727, "params": {"gamma": 958.630247182887, "log10_alpha": -0.6510965570735978, "log10_colsample_bytree": -0.1251125885619333, "log10_eta": -1.5143673153778594, "log10_lambda": 0.13845806000148464, "log10_min_child_weight": 2.236148995044301, "log10_subsample": -0.17087025661004618, "max_depth": 5.0, "num_boost_round": 30.0}, "datetime": {"datetime": "2024-01-19 00:34:54", "elapsed": 1395.645286, "delta": 0.002273}}
{"target": -13.7825550298483, "params": {"gamma": 958.630247182887, "log10_alpha": -0.6510965570735978, "log10_colsample_bytree": -0.1251125885619333, "log10_eta": -1.5143673153778594, "log10_lambda": 0.13845806000148464, "log10_min_child_weight": 2.236148995044301, "log10_subsample": -0.17087025661004618, "max_depth": 5.0, "num_boost_round": 31.0}, "datetime": {"datetime": "2024-01-19 00:34:54", "elapsed": 1395.647819, "delta": 0.002533}}
{"target": -13.782314926654246, "params": {"gamma": 958.630247182887, "log10_alpha": -0.6510965570735978, "log10_colsample_bytree": -0.1251125885619333, "log10_eta": -1.5143673153778594, "log10_lambda": 0.13845806000148464, "log10_min_child_weight": 2.236148995044301, "log10_subsample": -0.17087025661004618, "max_depth": 5.0, "num_boost_round": 32.0}, "datetime": {"datetime": "2024-01-19 00:34:54", "elapsed": 1395.650178, "delta": 0.002359}}
{"target": -13.782899376810564, "params": {"gamma": 958.630247182887, "log10_alpha": -0.6510965570735978, "log10_colsample_bytree": -0.1251125885619333, "log10_eta": -1.5143673153778594, "log10_lambda": 0.13845806000148464, "log10_min_child_weight": 2.236148995044301, "log10_subsample": -0.17087025661004618, "max_depth": 5.0, "num_boost_round": 33.0}, "datetime": {"datetime": "2024-01-19 00:34:54", "elapsed": 1395.65255, "delta": 0.002372}}
{"target": -13.783945056332582, "params": {"gamma": 958.630247182887, "log10_alpha": -0.6510965570735978, "log10_colsample_bytree": -0.1251125885619333, "log10_eta": -1.5143673153778594, "log10_lambda": 0.13845806000148464, "log10_min_child_weight": 2.236148995044301, "log10_subsample": -0.17087025661004618, "max_depth": 5.0, "num_boost_round": 34.0}, "datetime": {"datetime": "2024-01-19 00:34:54", "elapsed": 1395.654834, "delta": 0.002284}}
{"target": -13.783764961553427, "params": {"gamma": 958.630247182887, "log10_alpha": -0.6510965570735978, "log10_colsample_bytree": -0.1251125885619333, "log10_eta": -1.5143673153778594, "log10_lambda": 0.13845806000148464, "log10_min_child_weight": 2.236148995044301, "log10_subsample": -0.17087025661004618, "max_depth": 5.0, "num_boost_round": 35.0}, "datetime": {"datetime": "2024-01-19 00:34:54", "elapsed": 1395.657117, "delta": 0.002283}}
{"target": -13.78402639661549, "params": {"gamma": 958.630247182887, "log10_alpha": -0.6510965570735978, "log10_colsample_bytree": -0.1251125885619333, "log10_eta": -1.5143673153778594, "log10_lambda": 0.13845806000148464, "log10_min_child_weight": 2.236148995044301, "log10_subsample": -0.17087025661004618, "max_depth": 5.0, "num_boost_round": 36.0}, "datetime": {"datetime": "2024-01-19 00:34:54", "elapsed": 1395.659407, "delta": 0.00229}}
{"target": -13.785720929222814, "params": {"gamma": 958.630247182887, "log10_alpha": -0.6510965570735978, "log10_colsample_bytree": -0.1251125885619333, "log10_eta": -1.5143673153778594, "log10_lambda": 0.13845806000148464, "log10_min_child_weight": 2.236148995044301, "log10_subsample": -0.17087025661004618, "max_depth": 5.0, "num_boost_round": 37.0}, "datetime": {"datetime": "2024-01-19 00:34:54", "elapsed": 1395.661733, "delta": 0.002326}}
{"target": -13.787880363112002, "params": {"gamma": 958.630247182887, "log10_alpha": -0.6510965570735978, "log10_colsample_bytree": -0.1251125885619333, "log10_eta": -1.5143673153778594, "log10_lambda": 0.13845806000148464, "log10_min_child_weight": 2.236148995044301, "log10_subsample": -0.17087025661004618, "max_depth": 5.0, "num_boost_round": 38.0}, "datetime": {"datetime": "2024-01-19 00:34:54", "elapsed": 1395.664077, "delta": 0.002344}}
{"target": -13.789317085926646, "params": {"gamma": 958.630247182887, "log10_alpha": -0.6510965570735978, "log10_colsample_bytree": -0.1251125885619333, "log10_eta": -1.5143673153778594, "log10_lambda": 0.13845806000148464, "log10_min_child_weight": 2.236148995044301, "log10_subsample": -0.17087025661004618, "max_depth": 5.0, "num_boost_round": 39.0}, "datetime": {"datetime": "2024-01-19 00:34:54", "elapsed": 1395.666425, "delta": 0.002348}}
{"target": -13.792099119308011, "params": {"gamma": 958.630247182887, "log10_alpha": -0.6510965570735978, "log10_colsample_bytree": -0.1251125885619333, "log10_eta": -1.5143673153778594, "log10_lambda": 0.13845806000148464, "log10_min_child_weight": 2.236148995044301, "log10_subsample": -0.17087025661004618, "max_depth": 5.0, "num_boost_round": 40.0}, "datetime": {"datetime": "2024-01-19 00:34:54", "elapsed": 1395.66877, "delta": 0.002345}}
{"target": -13.793436165215034, "params": {"gamma": 958.630247182887, "log10_alpha": -0.6510965570735978, "log10_colsample_bytree": -0.1251125885619333, "log10_eta": -1.5143673153778594, "log10_lambda": 0.13845806000148464, "log10_min_child_weight": 2.236148995044301, "log10_subsample": -0.17087025661004618, "max_depth": 5.0, "num_boost_round": 41.0}, "datetime": {"datetime": "2024-01-19 00:34:54", "elapsed": 1395.671162, "delta": 0.002392}}
{"target": -13.794812718372905, "params": {"gamma": 958.630247182887, "log10_alpha": -0.6510965570735978, "log10_colsample_bytree": -0.1251125885619333, "log10_eta": -1.5143673153778594, "log10_lambda": 0.13845806000148464, "log10_min_child_weight": 2.236148995044301, "log10_subsample": -0.17087025661004618, "max_depth": 5.0, "num_boost_round": 42.0}, "datetime": {"datetime": "2024-01-19 00:34:54", "elapsed": 1395.673489, "delta": 0.002327}}
{"target": -13.79470858949224, "params": {"gamma": 958.630247182887, "log10_alpha": -0.6510965570735978, "log10_colsample_bytree": -0.1251125885619333, "log10_eta": -1.5143673153778594, "log10_lambda": 0.13845806000148464, "log10_min_child_weight": 2.236148995044301, "log10_subsample": -0.17087025661004618, "max_depth": 5.0, "num_boost_round": 43.0}, "datetime": {"datetime": "2024-01-19 00:34:54", "elapsed": 1395.675825, "delta": 0.002336}}
{"target": -13.793840173308217, "params": {"gamma": 958.630247182887, "log10_alpha": -0.6510965570735978, "log10_colsample_bytree": -0.1251125885619333, "log10_eta": -1.5143673153778594, "log10_lambda": 0.13845806000148464, "log10_min_child_weight": 2.236148995044301, "log10_subsample": -0.17087025661004618, "max_depth": 5.0, "num_boost_round": 44.0}, "datetime": {"datetime": "2024-01-19 00:34:54", "elapsed": 1395.678174, "delta": 0.002349}}
{"target": -13.794503083295515, "params": {"gamma": 958.630247182887, "log10_alpha": -0.6510965570735978, "log10_colsample_bytree": -0.1251125885619333, "log10_eta": -1.5143673153778594, "log10_lambda": 0.13845806000148464, "log10_min_child_weight": 2.236148995044301, "log10_subsample": -0.17087025661004618, "max_depth": 5.0, "num_boost_round": 45.0}, "datetime": {"datetime": "2024-01-19 00:34:54", "elapsed": 1395.680511, "delta": 0.002337}}
{"target": -13.795285528668758, "params": {"gamma": 958.630247182887, "log10_alpha": -0.6510965570735978, "log10_colsample_bytree": -0.1251125885619333, "log10_eta": -1.5143673153778594, "log10_lambda": 0.13845806000148464, "log10_min_child_weight": 2.236148995044301, "log10_subsample": -0.17087025661004618, "max_depth": 5.0, "num_boost_round": 46.0}, "datetime": {"datetime": "2024-01-19 00:34:54", "elapsed": 1395.68286, "delta": 0.002349}}
{"target": -13.79543019656159, "params": {"gamma": 958.630247182887, "log10_alpha": -0.6510965570735978, "log10_colsample_bytree": -0.1251125885619333, "log10_eta": -1.5143673153778594, "log10_lambda": 0.13845806000148464, "log10_min_child_weight": 2.236148995044301, "log10_subsample": -0.17087025661004618, "max_depth": 5.0, "num_boost_round": 47.0}, "datetime": {"datetime": "2024-01-19 00:34:54", "elapsed": 1395.685191, "delta": 0.002331}}
{"target": -13.796034968637118, "params": {"gamma": 958.630247182887, "log10_alpha": -0.6510965570735978, "log10_colsample_bytree": -0.1251125885619333, "log10_eta": -1.5143673153778594, "log10_lambda": 0.13845806000148464, "log10_min_child_weight": 2.236148995044301, "log10_subsample": -0.17087025661004618, "max_depth": 5.0, "num_boost_round": 48.0}, "datetime": {"datetime": "2024-01-19 00:34:54", "elapsed": 1395.687544, "delta": 0.002353}}
{"target": -13.799908648075537, "params": {"gamma": 958.630247182887, "log10_alpha": -0.6510965570735978, "log10_colsample_bytree": -0.1251125885619333, "log10_eta": -1.5143673153778594, "log10_lambda": 0.13845806000148464, "log10_min_child_weight": 2.236148995044301, "log10_subsample": -0.17087025661004618, "max_depth": 5.0, "num_boost_round": 49.0}, "datetime": {"datetime": "2024-01-19 00:34:54", "elapsed": 1395.68989, "delta": 0.002346}}
{"target": -13.801077918668167, "params": {"gamma": 958.630247182887, "log10_alpha": -0.6510965570735978, "log10_colsample_bytree": -0.1251125885619333, "log10_eta": -1.5143673153778594, "log10_lambda": 0.13845806000148464, "log10_min_child_weight": 2.236148995044301, "log10_subsample": -0.17087025661004618, "max_depth": 5.0, "num_boost_round": 50.0}, "datetime": {"datetime": "2024-01-19 00:34:54", "elapsed": 1395.692207, "delta": 0.002317}}
{"target": -13.801595311096843, "params": {"gamma": 958.630247182887, "log10_alpha": -0.6510965570735978, "log10_colsample_bytree": -0.1251125885619333, "log10_eta": -1.5143673153778594, "log10_lambda": 0.13845806000148464, "log10_min_child_weight": 2.236148995044301, "log10_subsample": -0.17087025661004618, "max_depth": 5.0, "num_boost_round": 51.0}, "datetime": {"datetime": "2024-01-19 00:34:54", "elapsed": 1395.694569, "delta": 0.002362}}
{"target": -13.80299380195783, "params": {"gamma": 958.630247182887, "log10_alpha": -0.6510965570735978, "log10_colsample_bytree": -0.1251125885619333, "log10_eta": -1.5143673153778594, "log10_lambda": 0.13845806000148464, "log10_min_child_weight": 2.236148995044301, "log10_subsample": -0.17087025661004618, "max_depth": 5.0, "num_boost_round": 52.0}, "datetime": {"datetime": "2024-01-19 00:34:54", "elapsed": 1395.696878, "delta": 0.002309}}
{"target": -13.805820737307975, "params": {"gamma": 958.630247182887, "log10_alpha": -0.6510965570735978, "log10_colsample_bytree": -0.1251125885619333, "log10_eta": -1.5143673153778594, "log10_lambda": 0.13845806000148464, "log10_min_child_weight": 2.236148995044301, "log10_subsample": -0.17087025661004618, "max_depth": 5.0, "num_boost_round": 53.0}, "datetime": {"datetime": "2024-01-19 00:34:54", "elapsed": 1395.699227, "delta": 0.002349}}
{"target": -13.810240270830747, "params": {"gamma": 958.630247182887, "log10_alpha": -0.6510965570735978, "log10_colsample_bytree": -0.1251125885619333, "log10_eta": -1.5143673153778594, "log10_lambda": 0.13845806000148464, "log10_min_child_weight": 2.236148995044301, "log10_subsample": -0.17087025661004618, "max_depth": 5.0, "num_boost_round": 54.0}, "datetime": {"datetime": "2024-01-19 00:34:54", "elapsed": 1395.701596, "delta": 0.002369}}
{"target": -13.75853754806062, "params": {"gamma": 953.0654348595244, "log10_alpha": -1.590582475742118, "log10_colsample_bytree": -0.31472368898506764, "log10_eta": -3.7621291469863634, "log10_lambda": 0.5308273372795158, "log10_min_child_weight": 4.992784471369221, "log10_subsample": -0.43964211853893775, "max_depth": 2.0, "num_boost_round": 0.0}, "datetime": {"datetime": "2024-01-19 00:35:19", "elapsed": 1420.246058, "delta": 24.544462}}
{"target": -13.7585370900663, "params": {"gamma": 953.0654348595244, "log10_alpha": -1.590582475742118, "log10_colsample_bytree": -0.31472368898506764, "log10_eta": -3.7621291469863634, "log10_lambda": 0.5308273372795158, "log10_min_child_weight": 4.992784471369221, "log10_subsample": -0.43964211853893775, "max_depth": 2.0, "num_boost_round": 1.0}, "datetime": {"datetime": "2024-01-19 00:35:19", "elapsed": 1420.248478, "delta": 0.00242}}
{"target": -13.75853691338257, "params": {"gamma": 953.0654348595244, "log10_alpha": -1.590582475742118, "log10_colsample_bytree": -0.31472368898506764, "log10_eta": -3.7621291469863634, "log10_lambda": 0.5308273372795158, "log10_min_child_weight": 4.992784471369221, "log10_subsample": -0.43964211853893775, "max_depth": 2.0, "num_boost_round": 2.0}, "datetime": {"datetime": "2024-01-19 00:35:19", "elapsed": 1420.251385, "delta": 0.002907}}
