{"target": -13.909941965328107, "params": {"gamma": 586.8865671081086, "log10_alpha": -1.692313196046312, "log10_colsample_bytree": -0.5279196122332083, "log10_eta": -0.5128636532855819, "log10_lambda": -2.007679498928558, "log10_min_child_weight": 0.1715411995021432, "log10_subsample": -0.7276042838641363, "max_depth": 4.0, "num_boost_round": 14.0}, "datetime": {"datetime": "2024-01-19 00:45:05", "elapsed": 1958.081851, "delta": 0.00251}}
{"target": -13.91035604068964, "params": {"gamma": 586.8865671081086, "log10_alpha": -1.692313196046312, "log10_colsample_bytree": -0.5279196122332083, "log10_eta": -0.5128636532855819, "log10_lambda": -2.007679498928558, "log10_min_child_weight": 0.1715411995021432, "log10_subsample": -0.7276042838641363, "max_depth": 4.0, "num_boost_round": 15.0}, "datetime": {"datetime": "2024-01-19 00:45:05", "elapsed": 1958.084372, "delta": 0.002521}}
{"target": -13.92179897032793, "params": {"gamma": 586.8865671081086, "log10_alpha": -1.692313196046312, "log10_colsample_bytree": -0.5279196122332083, "log10_eta": -0.5128636532855819, "log10_lambda": -2.007679498928558, "log10_min_child_weight": 0.1715411995021432, "log10_subsample": -0.7276042838641363, "max_depth": 4.0, "num_boost_round": 16.0}, "datetime": {"datetime": "2024-01-19 00:45:05", "elapsed": 1958.08688, "delta": 0.002508}}
{"target": -13.959377427247286, "params": {"gamma": 586.8865671081086, "log10_alpha": -1.692313196046312, "log10_colsample_bytree": -0.5279196122332083, "log10_eta": -0.5128636532855819, "log10_lambda": -2.007679498928558, "log10_min_child_weight": 0.1715411995021432, "log10_subsample": -0.7276042838641363, "max_depth": 4.0, "num_boost_round": 17.0}, "datetime": {"datetime": "2024-01-19 00:45:05", "elapsed": 1958.089432, "delta": 0.002552}}
{"target": -13.96686175669962, "params": {"gamma": 586.8865671081086, "log10_alpha": -1.692313196046312, "log10_colsample_bytree": -0.5279196122332083, "log10_eta": -0.5128636532855819, "log10_lambda": -2.007679498928558, "log10_min_child_weight": 0.1715411995021432, "log10_subsample": -0.7276042838641363, "max_depth": 4.0, "num_boost_round": 18.0}, "datetime": {"datetime": "2024-01-19 00:45:05", "elapsed": 1958.091982, "delta": 0.00255}}
{"target": -13.976509149463958, "params": {"gamma": 586.8865671081086, "log10_alpha": -1.692313196046312, "log10_colsample_bytree": -0.5279196122332083, "log10_eta": -0.5128636532855819, "log10_lambda": -2.007679498928558, "log10_min_child_weight": 0.1715411995021432, "log10_subsample": -0.7276042838641363, "max_depth": 4.0, "num_boost_round": 19.0}, "datetime": {"datetime": "2024-01-19 00:45:05", "elapsed": 1958.094743, "delta": 0.002761}}
{"target": -13.977109419733752, "params": {"gamma": 586.8865671081086, "log10_alpha": -1.692313196046312, "log10_colsample_bytree": -0.5279196122332083, "log10_eta": -0.5128636532855819, "log10_lambda": -2.007679498928558, "log10_min_child_weight": 0.1715411995021432, "log10_subsample": -0.7276042838641363, "max_depth": 4.0, "num_boost_round": 20.0}, "datetime": {"datetime": "2024-01-19 00:45:05", "elapsed": 1958.101522, "delta": 0.006779}}
{"target": -13.982609360263256, "params": {"gamma": 586.8865671081086, "log10_alpha": -1.692313196046312, "log10_colsample_bytree": -0.5279196122332083, "log10_eta": -0.5128636532855819, "log10_lambda": -2.007679498928558, "log10_min_child_weight": 0.1715411995021432, "log10_subsample": -0.7276042838641363, "max_depth": 4.0, "num_boost_round": 21.0}, "datetime": {"datetime": "2024-01-19 00:45:05", "elapsed": 1958.104038, "delta": 0.002516}}
{"target": -13.985113245912087, "params": {"gamma": 586.8865671081086, "log10_alpha": -1.692313196046312, "log10_colsample_bytree": -0.5279196122332083, "log10_eta": -0.5128636532855819, "log10_lambda": -2.007679498928558, "log10_min_child_weight": 0.1715411995021432, "log10_subsample": -0.7276042838641363, "max_depth": 4.0, "num_boost_round": 22.0}, "datetime": {"datetime": "2024-01-19 00:45:05", "elapsed": 1958.106555, "delta": 0.002517}}
{"target": -13.98873351188148, "params": {"gamma": 586.8865671081086, "log10_alpha": -1.692313196046312, "log10_colsample_bytree": -0.5279196122332083, "log10_eta": -0.5128636532855819, "log10_lambda": -2.007679498928558, "log10_min_child_weight": 0.1715411995021432, "log10_subsample": -0.7276042838641363, "max_depth": 4.0, "num_boost_round": 23.0}, "datetime": {"datetime": "2024-01-19 00:45:05", "elapsed": 1958.109067, "delta": 0.002512}}
{"target": -14.030622267462817, "params": {"gamma": 586.8865671081086, "log10_alpha": -1.692313196046312, "log10_colsample_bytree": -0.5279196122332083, "log10_eta": -0.5128636532855819, "log10_lambda": -2.007679498928558, "log10_min_child_weight": 0.1715411995021432, "log10_subsample": -0.7276042838641363, "max_depth": 4.0, "num_boost_round": 24.0}, "datetime": {"datetime": "2024-01-19 00:45:05", "elapsed": 1958.111586, "delta": 0.002519}}
{"target": -14.034453850316629, "params": {"gamma": 586.8865671081086, "log10_alpha": -1.692313196046312, "log10_colsample_bytree": -0.5279196122332083, "log10_eta": -0.5128636532855819, "log10_lambda": -2.007679498928558, "log10_min_child_weight": 0.1715411995021432, "log10_subsample": -0.7276042838641363, "max_depth": 4.0, "num_boost_round": 25.0}, "datetime": {"datetime": "2024-01-19 00:45:05", "elapsed": 1958.11427, "delta": 0.002684}}
{"target": -14.032196369394143, "params": {"gamma": 586.8865671081086, "log10_alpha": -1.692313196046312, "log10_colsample_bytree": -0.5279196122332083, "log10_eta": -0.5128636532855819, "log10_lambda": -2.007679498928558, "log10_min_child_weight": 0.1715411995021432, "log10_subsample": -0.7276042838641363, "max_depth": 4.0, "num_boost_round": 26.0}, "datetime": {"datetime": "2024-01-19 00:45:05", "elapsed": 1958.116823, "delta": 0.002553}}
{"target": -13.758465763040157, "params": {"gamma": 600.7237498034219, "log10_alpha": -2.847950346865268, "log10_colsample_bytree": -0.23166436381836641, "log10_eta": -2.7656296023449576, "log10_lambda": -2.977302023282797, "log10_min_child_weight": 2.304460334006264, "log10_subsample": -0.9977934653333747, "max_depth": 7.0, "num_boost_round": 0.0}, "datetime": {"datetime": "2024-01-19 00:45:36", "elapsed": 1988.788699, "delta": 30.671876}}
{"target": -13.758447347609437, "params": {"gamma": 600.7237498034219, "log10_alpha": -2.847950346865268, "log10_colsample_bytree": -0.23166436381836641, "log10_eta": -2.7656296023449576, "log10_lambda": -2.977302023282797, "log10_min_child_weight": 2.304460334006264, "log10_subsample": -0.9977934653333747, "max_depth": 7.0, "num_boost_round": 1.0}, "datetime": {"datetime": "2024-01-19 00:45:36", "elapsed": 1988.79237, "delta": 0.003671}}
{"target": -13.75838519395799, "params": {"gamma": 600.7237498034219, "log10_alpha": -2.847950346865268, "log10_colsample_bytree": -0.23166436381836641, "log10_eta": -2.7656296023449576, "log10_lambda": -2.977302023282797, "log10_min_child_weight": 2.304460334006264, "log10_subsample": -0.9977934653333747, "max_depth": 7.0, "num_boost_round": 2.0}, "datetime": {"datetime": "2024-01-19 00:45:36", "elapsed": 1988.795183, "delta": 0.002813}}
{"target": -13.758329194222908, "params": {"gamma": 600.7237498034219, "log10_alpha": -2.847950346865268, "log10_colsample_bytree": -0.23166436381836641, "log10_eta": -2.7656296023449576, "log10_lambda": -2.977302023282797, "log10_min_child_weight": 2.304460334006264, "log10_subsample": -0.9977934653333747, "max_depth": 7.0, "num_boost_round": 3.0}, "datetime": {"datetime": "2024-01-19 00:45:36", "elapsed": 1988.797922, "delta": 0.002739}}
{"target": -13.75821723375456, "params": {"gamma": 600.7237498034219, "log10_alpha": -2.847950346865268, "log10_colsample_bytree": -0.23166436381836641, "log10_eta": -2.7656296023449576, "log10_lambda": -2.977302023282797, "log10_min_child_weight": 2.304460334006264, "log10_subsample": -0.9977934653333747, "max_depth": 7.0, "num_boost_round": 4.0}, "datetime": {"datetime": "2024-01-19 00:45:36", "elapsed": 1988.800931, "delta": 0.003009}}
{"target": -13.758144190666755, "params": {"gamma": 600.7237498034219, "log10_alpha": -2.847950346865268, "log10_colsample_bytree": -0.23166436381836641, "log10_eta": -2.7656296023449576, "log10_lambda": -2.977302023282797, "log10_min_child_weight": 2.304460334006264, "log10_subsample": -0.9977934653333747, "max_depth": 7.0, "num_boost_round": 5.0}, "datetime": {"datetime": "2024-01-19 00:45:36", "elapsed": 1988.803456, "delta": 0.002525}}
{"target": -13.75811235692237, "params": {"gamma": 600.7237498034219, "log10_alpha": -2.847950346865268, "log10_colsample_bytree": -0.23166436381836641, "log10_eta": -2.7656296023449576, "log10_lambda": -2.977302023282797, "log10_min_child_weight": 2.304460334006264, "log10_subsample": -0.9977934653333747, "max_depth": 7.0, "num_boost_round": 6.0}, "datetime": {"datetime": "2024-01-19 00:45:36", "elapsed": 1988.806006, "delta": 0.00255}}
{"target": -13.758142773127412, "params": {"gamma": 600.7237498034219, "log10_alpha": -2.847950346865268, "log10_colsample_bytree": -0.23166436381836641, "log10_eta": -2.7656296023449576, "log10_lambda": -2.977302023282797, "log10_min_child_weight": 2.304460334006264, "log10_subsample": -0.9977934653333747, "max_depth": 7.0, "num_boost_round": 7.0}, "datetime": {"datetime": "2024-01-19 00:45:36", "elapsed": 1988.808568, "delta": 0.002562}}
{"target": -13.758138439069299, "params": {"gamma": 600.7237498034219, "log10_alpha": -2.847950346865268, "log10_colsample_bytree": -0.23166436381836641, "log10_eta": -2.7656296023449576, "log10_lambda": -2.977302023282797, "log10_min_child_weight": 2.304460334006264, "log10_subsample": -0.9977934653333747, "max_depth": 7.0, "num_boost_round": 8.0}, "datetime": {"datetime": "2024-01-19 00:45:36", "elapsed": 1988.811149, "delta": 0.002581}}
{"target": -13.758097266588992, "params": {"gamma": 600.7237498034219, "log10_alpha": -2.847950346865268, "log10_colsample_bytree": -0.23166436381836641, "log10_eta": -2.7656296023449576, "log10_lambda": -2.977302023282797, "log10_min_child_weight": 2.304460334006264, "log10_subsample": -0.9977934653333747, "max_depth": 7.0, "num_boost_round": 9.0}, "datetime": {"datetime": "2024-01-19 00:45:36", "elapsed": 1988.813936, "delta": 0.002787}}
{"target": -13.758000930026926, "params": {"gamma": 600.7237498034219, "log10_alpha": -2.847950346865268, "log10_colsample_bytree": -0.23166436381836641, "log10_eta": -2.7656296023449576, "log10_lambda": -2.977302023282797, "log10_min_child_weight": 2.304460334006264, "log10_subsample": -0.9977934653333747, "max_depth": 7.0, "num_boost_round": 10.0}, "datetime": {"datetime": "2024-01-19 00:45:36", "elapsed": 1988.816546, "delta": 0.00261}}
{"target": -13.757977605878947, "params": {"gamma": 600.7237498034219, "log10_alpha": -2.847950346865268, "log10_colsample_bytree": -0.23166436381836641, "log10_eta": -2.7656296023449576, "log10_lambda": -2.977302023282797, "log10_min_child_weight": 2.304460334006264, "log10_subsample": -0.9977934653333747, "max_depth": 7.0, "num_boost_round": 11.0}, "datetime": {"datetime": "2024-01-19 00:45:36", "elapsed": 1988.81908, "delta": 0.002534}}
{"target": -13.758005849194417, "params": {"gamma": 600.7237498034219, "log10_alpha": -2.847950346865268, "log10_colsample_bytree": -0.23166436381836641, "log10_eta": -2.7656296023449576, "log10_lambda": -2.977302023282797, "log10_min_child_weight": 2.304460334006264, "log10_subsample": -0.9977934653333747, "max_depth": 7.0, "num_boost_round": 12.0}, "datetime": {"datetime": "2024-01-19 00:45:36", "elapsed": 1988.82162, "delta": 0.00254}}
{"target": -13.757997190588886, "params": {"gamma": 600.7237498034219, "log10_alpha": -2.847950346865268, "log10_colsample_bytree": -0.23166436381836641, "log10_eta": -2.7656296023449576, "log10_lambda": -2.977302023282797, "log10_min_child_weight": 2.304460334006264, "log10_subsample": -0.9977934653333747, "max_depth": 7.0, "num_boost_round": 13.0}, "datetime": {"datetime": "2024-01-19 00:45:36", "elapsed": 1988.824148, "delta": 0.002528}}
{"target": -13.757970984324837, "params": {"gamma": 600.7237498034219, "log10_alpha": -2.847950346865268, "log10_colsample_bytree": -0.23166436381836641, "log10_eta": -2.7656296023449576, "log10_lambda": -2.977302023282797, "log10_min_child_weight": 2.304460334006264, "log10_subsample": -0.9977934653333747, "max_depth": 7.0, "num_boost_round": 14.0}, "datetime": {"datetime": "2024-01-19 00:45:36", "elapsed": 1988.826705, "delta": 0.002557}}
{"target": -13.758530229052491, "params": {"gamma": 578.3062821330827, "log10_alpha": -4.962271936544994, "log10_colsample_bytree": -0.5829981987279457, "log10_eta": -3.247796915826812, "log10_lambda": 0.7838006597297582, "log10_min_child_weight": 1.9844278277032668, "log10_subsample": -0.21227848914559178, "max_depth": 5.0, "num_boost_round": 0.0}, "datetime": {"datetime": "2024-01-19 00:46:05", "elapsed": 2018.197398, "delta": 29.370693}}
{"target": -13.758483103498412, "params": {"gamma": 578.3062821330827, "log10_alpha": -4.962271936544994, "log10_colsample_bytree": -0.5829981987279457, "log10_eta": -3.247796915826812, "log10_lambda": 0.7838006597297582, "log10_min_child_weight": 1.9844278277032668, "log10_subsample": -0.21227848914559178, "max_depth": 5.0, "num_boost_round": 1.0}, "datetime": {"datetime": "2024-01-19 00:46:05", "elapsed": 2018.200531, "delta": 0.003133}}
{"target": -13.7584716465767, "params": {"gamma": 578.3062821330827, "log10_alpha": -4.962271936544994, "log10_colsample_bytree": -0.5829981987279457, "log10_eta": -3.247796915826812, "log10_lambda": 0.7838006597297582, "log10_min_child_weight": 1.9844278277032668, "log10_subsample": -0.21227848914559178, "max_depth": 5.0, "num_boost_round": 2.0}, "datetime": {"datetime": "2024-01-19 00:46:05", "elapsed": 2018.203228, "delta": 0.002697}}
{"target": -13.758454863160281, "params": {"gamma": 578.3062821330827, "log10_alpha": -4.962271936544994, "log10_colsample_bytree": -0.5829981987279457, "log10_eta": -3.247796915826812, "log10_lambda": 0.7838006597297582, "log10_min_child_weight": 1.9844278277032668, "log10_subsample": -0.21227848914559178, "max_depth": 5.0, "num_boost_round": 3.0}, "datetime": {"datetime": "2024-01-19 00:46:05", "elapsed": 2018.205861, "delta": 0.002633}}
{"target": -13.758446849850522, "params": {"gamma": 578.3062821330827, "log10_alpha": -4.962271936544994, "log10_colsample_bytree": -0.5829981987279457, "log10_eta": -3.247796915826812, "log10_lambda": 0.7838006597297582, "log10_min_child_weight": 1.9844278277032668, "log10_subsample": -0.21227848914559178, "max_depth": 5.0, "num_boost_round": 4.0}, "datetime": {"datetime": "2024-01-19 00:46:05", "elapsed": 2018.208503, "delta": 0.002642}}
{"target": -13.758421658182565, "params": {"gamma": 578.3062821330827, "log10_alpha": -4.962271936544994, "log10_colsample_bytree": -0.5829981987279457, "log10_eta": -3.247796915826812, "log10_lambda": 0.7838006597297582, "log10_min_child_weight": 1.9844278277032668, "log10_subsample": -0.21227848914559178, "max_depth": 5.0, "num_boost_round": 5.0}, "datetime": {"datetime": "2024-01-19 00:46:05", "elapsed": 2018.211126, "delta": 0.002623}}
{"target": -13.758402849052592, "params": {"gamma": 578.3062821330827, "log10_alpha": -4.962271936544994, "log10_colsample_bytree": -0.5829981987279457, "log10_eta": -3.247796915826812, "log10_lambda": 0.7838006597297582, "log10_min_child_weight": 1.9844278277032668, "log10_subsample": -0.21227848914559178, "max_depth": 5.0, "num_boost_round": 6.0}, "datetime": {"datetime": "2024-01-19 00:46:05", "elapsed": 2018.213926, "delta": 0.0028}}
{"target": -13.758396202464835, "params": {"gamma": 578.3062821330827, "log10_alpha": -4.962271936544994, "log10_colsample_bytree": -0.5829981987279457, "log10_eta": -3.247796915826812, "log10_lambda": 0.7838006597297582, "log10_min_child_weight": 1.9844278277032668, "log10_subsample": -0.21227848914559178, "max_depth": 5.0, "num_boost_round": 7.0}, "datetime": {"datetime": "2024-01-19 00:46:05", "elapsed": 2018.21652, "delta": 0.002594}}
{"target": -13.758389303612143, "params": {"gamma": 578.3062821330827, "log10_alpha": -4.962271936544994, "log10_colsample_bytree": -0.5829981987279457, "log10_eta": -3.247796915826812, "log10_lambda": 0.7838006597297582, "log10_min_child_weight": 1.9844278277032668, "log10_subsample": -0.21227848914559178, "max_depth": 5.0, "num_boost_round": 8.0}, "datetime": {"datetime": "2024-01-19 00:46:05", "elapsed": 2018.219107, "delta": 0.002587}}
{"target": -13.758399677517376, "params": {"gamma": 578.3062821330827, "log10_alpha": -4.962271936544994, "log10_colsample_bytree": -0.5829981987279457, "log10_eta": -3.247796915826812, "log10_lambda": 0.7838006597297582, "log10_min_child_weight": 1.9844278277032668, "log10_subsample": -0.21227848914559178, "max_depth": 5.0, "num_boost_round": 9.0}, "datetime": {"datetime": "2024-01-19 00:46:05", "elapsed": 2018.221721, "delta": 0.002614}}
{"target": -13.758390211446276, "params": {"gamma": 578.3062821330827, "log10_alpha": -4.962271936544994, "log10_colsample_bytree": -0.5829981987279457, "log10_eta": -3.247796915826812, "log10_lambda": 0.7838006597297582, "log10_min_child_weight": 1.9844278277032668, "log10_subsample": -0.21227848914559178, "max_depth": 5.0, "num_boost_round": 10.0}, "datetime": {"datetime": "2024-01-19 00:46:05", "elapsed": 2018.224303, "delta": 0.002582}}
{"target": -13.758373383295115, "params": {"gamma": 578.3062821330827, "log10_alpha": -4.962271936544994, "log10_colsample_bytree": -0.5829981987279457, "log10_eta": -3.247796915826812, "log10_lambda": 0.7838006597297582, "log10_min_child_weight": 1.9844278277032668, "log10_subsample": -0.21227848914559178, "max_depth": 5.0, "num_boost_round": 11.0}, "datetime": {"datetime": "2024-01-19 00:46:05", "elapsed": 2018.22687, "delta": 0.002567}}
{"target": -13.758369361427901, "params": {"gamma": 578.3062821330827, "log10_alpha": -4.962271936544994, "log10_colsample_bytree": -0.5829981987279457, "log10_eta": -3.247796915826812, "log10_lambda": 0.7838006597297582, "log10_min_child_weight": 1.9844278277032668, "log10_subsample": -0.21227848914559178, "max_depth": 5.0, "num_boost_round": 12.0}, "datetime": {"datetime": "2024-01-19 00:46:05", "elapsed": 2018.229437, "delta": 0.002567}}
{"target": -13.758366446132197, "params": {"gamma": 578.3062821330827, "log10_alpha": -4.962271936544994, "log10_colsample_bytree": -0.5829981987279457, "log10_eta": -3.247796915826812, "log10_lambda": 0.7838006597297582, "log10_min_child_weight": 1.9844278277032668, "log10_subsample": -0.21227848914559178, "max_depth": 5.0, "num_boost_round": 13.0}, "datetime": {"datetime": "2024-01-19 00:46:05", "elapsed": 2018.232033, "delta": 0.002596}}
{"target": -13.758380591746112, "params": {"gamma": 578.3062821330827, "log10_alpha": -4.962271936544994, "log10_colsample_bytree": -0.5829981987279457, "log10_eta": -3.247796915826812, "log10_lambda": 0.7838006597297582, "log10_min_child_weight": 1.9844278277032668, "log10_subsample": -0.21227848914559178, "max_depth": 5.0, "num_boost_round": 14.0}, "datetime": {"datetime": "2024-01-19 00:46:05", "elapsed": 2018.234774, "delta": 0.002741}}
{"target": -13.758378566505256, "params": {"gamma": 578.3062821330827, "log10_alpha": -4.962271936544994, "log10_colsample_bytree": -0.5829981987279457, "log10_eta": -3.247796915826812, "log10_lambda": 0.7838006597297582, "log10_min_child_weight": 1.9844278277032668, "log10_subsample": -0.21227848914559178, "max_depth": 5.0, "num_boost_round": 15.0}, "datetime": {"datetime": "2024-01-19 00:46:05", "elapsed": 2018.237354, "delta": 0.00258}}
{"target": -13.758387160152408, "params": {"gamma": 578.3062821330827, "log10_alpha": -4.962271936544994, "log10_colsample_bytree": -0.5829981987279457, "log10_eta": -3.247796915826812, "log10_lambda": 0.7838006597297582, "log10_min_child_weight": 1.9844278277032668, "log10_subsample": -0.21227848914559178, "max_depth": 5.0, "num_boost_round": 16.0}, "datetime": {"datetime": "2024-01-19 00:46:05", "elapsed": 2018.240018, "delta": 0.002664}}
{"target": -13.75838967900676, "params": {"gamma": 578.3062821330827, "log10_alpha": -4.962271936544994, "log10_colsample_bytree": -0.5829981987279457, "log10_eta": -3.247796915826812, "log10_lambda": 0.7838006597297582, "log10_min_child_weight": 1.9844278277032668, "log10_subsample": -0.21227848914559178, "max_depth": 5.0, "num_boost_round": 17.0}, "datetime": {"datetime": "2024-01-19 00:46:05", "elapsed": 2018.242672, "delta": 0.002654}}
{"target": -13.758381511424972, "params": {"gamma": 578.3062821330827, "log10_alpha": -4.962271936544994, "log10_colsample_bytree": -0.5829981987279457, "log10_eta": -3.247796915826812, "log10_lambda": 0.7838006597297582, "log10_min_child_weight": 1.9844278277032668, "log10_subsample": -0.21227848914559178, "max_depth": 5.0, "num_boost_round": 18.0}, "datetime": {"datetime": "2024-01-19 00:46:05", "elapsed": 2018.245303, "delta": 0.002631}}
{"target": -13.758536904935376, "params": {"gamma": 597.2914297575927, "log10_alpha": -4.858947070436271, "log10_colsample_bytree": -0.31652815527409084, "log10_eta": -3.8703474558528836, "log10_lambda": -1.380245048183144, "log10_min_child_weight": 3.027729887593622, "log10_subsample": -0.6751805876758058, "max_depth": 8.0, "num_boost_round": 0.0}, "datetime": {"datetime": "2024-01-19 00:46:39", "elapsed": 2051.876516, "delta": 33.631213}}
{"target": -13.758535229613985, "params": {"gamma": 597.2914297575927, "log10_alpha": -4.858947070436271, "log10_colsample_bytree": -0.31652815527409084, "log10_eta": -3.8703474558528836, "log10_lambda": -1.380245048183144, "log10_min_child_weight": 3.027729887593622, "log10_subsample": -0.6751805876758058, "max_depth": 8.0, "num_boost_round": 1.0}, "datetime": {"datetime": "2024-01-19 00:46:39", "elapsed": 2051.880194, "delta": 0.003678}}
