{"target": -17.67682664169415, "params": {"gamma": 441.36967561537165, "log10_alpha": -3.396439931374272, "log10_colsample_bytree": -0.2878675610238024, "log10_eta": -1.9144446141601406, "log10_lambda": -2.4646020336781342, "log10_min_child_weight": 4.916756142516561, "log10_subsample": -0.21463501772236615, "max_depth": 8.0, "num_boost_round": 2.0}, "datetime": {"datetime": "2024-01-19 00:44:45", "elapsed": 1978.592646, "delta": 0.003115}}
{"target": -17.67670322192303, "params": {"gamma": 441.36967561537165, "log10_alpha": -3.396439931374272, "log10_colsample_bytree": -0.2878675610238024, "log10_eta": -1.9144446141601406, "log10_lambda": -2.4646020336781342, "log10_min_child_weight": 4.916756142516561, "log10_subsample": -0.21463501772236615, "max_depth": 8.0, "num_boost_round": 3.0}, "datetime": {"datetime": "2024-01-19 00:44:45", "elapsed": 1978.595534, "delta": 0.002888}}
{"target": -17.676626811120762, "params": {"gamma": 441.36967561537165, "log10_alpha": -3.396439931374272, "log10_colsample_bytree": -0.2878675610238024, "log10_eta": -1.9144446141601406, "log10_lambda": -2.4646020336781342, "log10_min_child_weight": 4.916756142516561, "log10_subsample": -0.21463501772236615, "max_depth": 8.0, "num_boost_round": 4.0}, "datetime": {"datetime": "2024-01-19 00:44:45", "elapsed": 1978.598426, "delta": 0.002892}}
{"target": -17.67649628765281, "params": {"gamma": 441.36967561537165, "log10_alpha": -3.396439931374272, "log10_colsample_bytree": -0.2878675610238024, "log10_eta": -1.9144446141601406, "log10_lambda": -2.4646020336781342, "log10_min_child_weight": 4.916756142516561, "log10_subsample": -0.21463501772236615, "max_depth": 8.0, "num_boost_round": 5.0}, "datetime": {"datetime": "2024-01-19 00:44:45", "elapsed": 1978.601218, "delta": 0.002792}}
{"target": -17.676516047301785, "params": {"gamma": 441.36967561537165, "log10_alpha": -3.396439931374272, "log10_colsample_bytree": -0.2878675610238024, "log10_eta": -1.9144446141601406, "log10_lambda": -2.4646020336781342, "log10_min_child_weight": 4.916756142516561, "log10_subsample": -0.21463501772236615, "max_depth": 8.0, "num_boost_round": 6.0}, "datetime": {"datetime": "2024-01-19 00:44:45", "elapsed": 1978.604242, "delta": 0.003024}}
{"target": -17.67652804307356, "params": {"gamma": 441.36967561537165, "log10_alpha": -3.396439931374272, "log10_colsample_bytree": -0.2878675610238024, "log10_eta": -1.9144446141601406, "log10_lambda": -2.4646020336781342, "log10_min_child_weight": 4.916756142516561, "log10_subsample": -0.21463501772236615, "max_depth": 8.0, "num_boost_round": 7.0}, "datetime": {"datetime": "2024-01-19 00:44:45", "elapsed": 1978.607209, "delta": 0.002967}}
{"target": -17.676444672581727, "params": {"gamma": 441.36967561537165, "log10_alpha": -3.396439931374272, "log10_colsample_bytree": -0.2878675610238024, "log10_eta": -1.9144446141601406, "log10_lambda": -2.4646020336781342, "log10_min_child_weight": 4.916756142516561, "log10_subsample": -0.21463501772236615, "max_depth": 8.0, "num_boost_round": 8.0}, "datetime": {"datetime": "2024-01-19 00:44:45", "elapsed": 1978.610154, "delta": 0.002945}}
{"target": -17.67645040884511, "params": {"gamma": 441.36967561537165, "log10_alpha": -3.396439931374272, "log10_colsample_bytree": -0.2878675610238024, "log10_eta": -1.9144446141601406, "log10_lambda": -2.4646020336781342, "log10_min_child_weight": 4.916756142516561, "log10_subsample": -0.21463501772236615, "max_depth": 8.0, "num_boost_round": 9.0}, "datetime": {"datetime": "2024-01-19 00:44:45", "elapsed": 1978.612981, "delta": 0.002827}}
{"target": -17.67638326756614, "params": {"gamma": 441.36967561537165, "log10_alpha": -3.396439931374272, "log10_colsample_bytree": -0.2878675610238024, "log10_eta": -1.9144446141601406, "log10_lambda": -2.4646020336781342, "log10_min_child_weight": 4.916756142516561, "log10_subsample": -0.21463501772236615, "max_depth": 8.0, "num_boost_round": 10.0}, "datetime": {"datetime": "2024-01-19 00:44:45", "elapsed": 1978.615783, "delta": 0.002802}}
{"target": -17.676252146533216, "params": {"gamma": 441.36967561537165, "log10_alpha": -3.396439931374272, "log10_colsample_bytree": -0.2878675610238024, "log10_eta": -1.9144446141601406, "log10_lambda": -2.4646020336781342, "log10_min_child_weight": 4.916756142516561, "log10_subsample": -0.21463501772236615, "max_depth": 8.0, "num_boost_round": 11.0}, "datetime": {"datetime": "2024-01-19 00:44:45", "elapsed": 1978.618612, "delta": 0.002829}}
{"target": -17.67628116618375, "params": {"gamma": 441.36967561537165, "log10_alpha": -3.396439931374272, "log10_colsample_bytree": -0.2878675610238024, "log10_eta": -1.9144446141601406, "log10_lambda": -2.4646020336781342, "log10_min_child_weight": 4.916756142516561, "log10_subsample": -0.21463501772236615, "max_depth": 8.0, "num_boost_round": 12.0}, "datetime": {"datetime": "2024-01-19 00:44:45", "elapsed": 1978.621385, "delta": 0.002773}}
{"target": -17.67614228374128, "params": {"gamma": 441.36967561537165, "log10_alpha": -3.396439931374272, "log10_colsample_bytree": -0.2878675610238024, "log10_eta": -1.9144446141601406, "log10_lambda": -2.4646020336781342, "log10_min_child_weight": 4.916756142516561, "log10_subsample": -0.21463501772236615, "max_depth": 8.0, "num_boost_round": 13.0}, "datetime": {"datetime": "2024-01-19 00:44:45", "elapsed": 1978.624229, "delta": 0.002844}}
{"target": -17.6761331255471, "params": {"gamma": 441.36967561537165, "log10_alpha": -3.396439931374272, "log10_colsample_bytree": -0.2878675610238024, "log10_eta": -1.9144446141601406, "log10_lambda": -2.4646020336781342, "log10_min_child_weight": 4.916756142516561, "log10_subsample": -0.21463501772236615, "max_depth": 8.0, "num_boost_round": 14.0}, "datetime": {"datetime": "2024-01-19 00:44:45", "elapsed": 1978.62702, "delta": 0.002791}}
{"target": -17.67723296417803, "params": {"gamma": 429.4869635519455, "log10_alpha": -5.0, "log10_colsample_bytree": -1.0, "log10_eta": -4.0, "log10_lambda": 1.0, "log10_min_child_weight": 5.0, "log10_subsample": -1.0, "max_depth": 3.0, "num_boost_round": 0.0}, "datetime": {"datetime": "2024-01-19 00:45:28", "elapsed": 2021.516876, "delta": 42.889856}}
{"target": -17.677232947223374, "params": {"gamma": 429.4869635519455, "log10_alpha": -5.0, "log10_colsample_bytree": -1.0, "log10_eta": -4.0, "log10_lambda": 1.0, "log10_min_child_weight": 5.0, "log10_subsample": -1.0, "max_depth": 3.0, "num_boost_round": 1.0}, "datetime": {"datetime": "2024-01-19 00:45:28", "elapsed": 2021.520199, "delta": 0.003323}}
{"target": -17.67723297047177, "params": {"gamma": 429.4869635519455, "log10_alpha": -5.0, "log10_colsample_bytree": -1.0, "log10_eta": -4.0, "log10_lambda": 1.0, "log10_min_child_weight": 5.0, "log10_subsample": -1.0, "max_depth": 3.0, "num_boost_round": 2.0}, "datetime": {"datetime": "2024-01-19 00:45:28", "elapsed": 2021.523156, "delta": 0.002957}}
{"target": -17.677233026153125, "params": {"gamma": 429.4869635519455, "log10_alpha": -5.0, "log10_colsample_bytree": -1.0, "log10_eta": -4.0, "log10_lambda": 1.0, "log10_min_child_weight": 5.0, "log10_subsample": -1.0, "max_depth": 3.0, "num_boost_round": 3.0}, "datetime": {"datetime": "2024-01-19 00:45:28", "elapsed": 2021.526016, "delta": 0.00286}}
{"target": -17.677233029345494, "params": {"gamma": 429.4869635519455, "log10_alpha": -5.0, "log10_colsample_bytree": -1.0, "log10_eta": -4.0, "log10_lambda": 1.0, "log10_min_child_weight": 5.0, "log10_subsample": -1.0, "max_depth": 3.0, "num_boost_round": 4.0}, "datetime": {"datetime": "2024-01-19 00:45:28", "elapsed": 2021.528935, "delta": 0.002919}}
{"target": -17.677233061099304, "params": {"gamma": 429.4869635519455, "log10_alpha": -5.0, "log10_colsample_bytree": -1.0, "log10_eta": -4.0, "log10_lambda": 1.0, "log10_min_child_weight": 5.0, "log10_subsample": -1.0, "max_depth": 3.0, "num_boost_round": 5.0}, "datetime": {"datetime": "2024-01-19 00:45:28", "elapsed": 2021.531862, "delta": 0.002927}}
{"target": -17.677233049723185, "params": {"gamma": 429.4869635519455, "log10_alpha": -5.0, "log10_colsample_bytree": -1.0, "log10_eta": -4.0, "log10_lambda": 1.0, "log10_min_child_weight": 5.0, "log10_subsample": -1.0, "max_depth": 3.0, "num_boost_round": 6.0}, "datetime": {"datetime": "2024-01-19 00:45:28", "elapsed": 2021.534698, "delta": 0.002836}}
{"target": -17.67723300132923, "params": {"gamma": 429.4869635519455, "log10_alpha": -5.0, "log10_colsample_bytree": -1.0, "log10_eta": -4.0, "log10_lambda": 1.0, "log10_min_child_weight": 5.0, "log10_subsample": -1.0, "max_depth": 3.0, "num_boost_round": 7.0}, "datetime": {"datetime": "2024-01-19 00:45:28", "elapsed": 2021.537563, "delta": 0.002865}}
{"target": -17.677232988347175, "params": {"gamma": 429.4869635519455, "log10_alpha": -5.0, "log10_colsample_bytree": -1.0, "log10_eta": -4.0, "log10_lambda": 1.0, "log10_min_child_weight": 5.0, "log10_subsample": -1.0, "max_depth": 3.0, "num_boost_round": 8.0}, "datetime": {"datetime": "2024-01-19 00:45:28", "elapsed": 2021.540432, "delta": 0.002869}}
{"target": -17.677232944218673, "params": {"gamma": 429.4869635519455, "log10_alpha": -5.0, "log10_colsample_bytree": -1.0, "log10_eta": -4.0, "log10_lambda": 1.0, "log10_min_child_weight": 5.0, "log10_subsample": -1.0, "max_depth": 3.0, "num_boost_round": 9.0}, "datetime": {"datetime": "2024-01-19 00:45:28", "elapsed": 2021.543365, "delta": 0.002933}}
{"target": -17.67723299938516, "params": {"gamma": 429.4869635519455, "log10_alpha": -5.0, "log10_colsample_bytree": -1.0, "log10_eta": -4.0, "log10_lambda": 1.0, "log10_min_child_weight": 5.0, "log10_subsample": -1.0, "max_depth": 3.0, "num_boost_round": 10.0}, "datetime": {"datetime": "2024-01-19 00:45:28", "elapsed": 2021.546211, "delta": 0.002846}}
{"target": -17.677232987120824, "params": {"gamma": 429.4869635519455, "log10_alpha": -5.0, "log10_colsample_bytree": -1.0, "log10_eta": -4.0, "log10_lambda": 1.0, "log10_min_child_weight": 5.0, "log10_subsample": -1.0, "max_depth": 3.0, "num_boost_round": 11.0}, "datetime": {"datetime": "2024-01-19 00:45:28", "elapsed": 2021.54908, "delta": 0.002869}}
{"target": -17.67723297038786, "params": {"gamma": 429.4869635519455, "log10_alpha": -5.0, "log10_colsample_bytree": -1.0, "log10_eta": -4.0, "log10_lambda": 1.0, "log10_min_child_weight": 5.0, "log10_subsample": -1.0, "max_depth": 3.0, "num_boost_round": 12.0}, "datetime": {"datetime": "2024-01-19 00:45:28", "elapsed": 2021.552081, "delta": 0.003001}}
{"target": -17.67723300324995, "params": {"gamma": 429.4869635519455, "log10_alpha": -5.0, "log10_colsample_bytree": -1.0, "log10_eta": -4.0, "log10_lambda": 1.0, "log10_min_child_weight": 5.0, "log10_subsample": -1.0, "max_depth": 3.0, "num_boost_round": 13.0}, "datetime": {"datetime": "2024-01-19 00:45:28", "elapsed": 2021.555123, "delta": 0.003042}}
{"target": -17.67723300404492, "params": {"gamma": 429.4869635519455, "log10_alpha": -5.0, "log10_colsample_bytree": -1.0, "log10_eta": -4.0, "log10_lambda": 1.0, "log10_min_child_weight": 5.0, "log10_subsample": -1.0, "max_depth": 3.0, "num_boost_round": 14.0}, "datetime": {"datetime": "2024-01-19 00:45:28", "elapsed": 2021.558842, "delta": 0.003719}}
{"target": -17.67723300495553, "params": {"gamma": 429.4869635519455, "log10_alpha": -5.0, "log10_colsample_bytree": -1.0, "log10_eta": -4.0, "log10_lambda": 1.0, "log10_min_child_weight": 5.0, "log10_subsample": -1.0, "max_depth": 3.0, "num_boost_round": 15.0}, "datetime": {"datetime": "2024-01-19 00:45:28", "elapsed": 2021.562245, "delta": 0.003403}}
{"target": -17.6772330020787, "params": {"gamma": 429.4869635519455, "log10_alpha": -5.0, "log10_colsample_bytree": -1.0, "log10_eta": -4.0, "log10_lambda": 1.0, "log10_min_child_weight": 5.0, "log10_subsample": -1.0, "max_depth": 3.0, "num_boost_round": 16.0}, "datetime": {"datetime": "2024-01-19 00:45:28", "elapsed": 2021.565151, "delta": 0.002906}}
{"target": -17.677233025635097, "params": {"gamma": 429.4869635519455, "log10_alpha": -5.0, "log10_colsample_bytree": -1.0, "log10_eta": -4.0, "log10_lambda": 1.0, "log10_min_child_weight": 5.0, "log10_subsample": -1.0, "max_depth": 3.0, "num_boost_round": 17.0}, "datetime": {"datetime": "2024-01-19 00:45:28", "elapsed": 2021.568077, "delta": 0.002926}}
{"target": -17.677233028961272, "params": {"gamma": 429.4869635519455, "log10_alpha": -5.0, "log10_colsample_bytree": -1.0, "log10_eta": -4.0, "log10_lambda": 1.0, "log10_min_child_weight": 5.0, "log10_subsample": -1.0, "max_depth": 3.0, "num_boost_round": 18.0}, "datetime": {"datetime": "2024-01-19 00:45:28", "elapsed": 2021.57088, "delta": 0.002803}}
{"target": -17.67723302664712, "params": {"gamma": 429.4869635519455, "log10_alpha": -5.0, "log10_colsample_bytree": -1.0, "log10_eta": -4.0, "log10_lambda": 1.0, "log10_min_child_weight": 5.0, "log10_subsample": -1.0, "max_depth": 3.0, "num_boost_round": 19.0}, "datetime": {"datetime": "2024-01-19 00:45:28", "elapsed": 2021.57373, "delta": 0.00285}}
{"target": -17.6772330828212, "params": {"gamma": 429.4869635519455, "log10_alpha": -5.0, "log10_colsample_bytree": -1.0, "log10_eta": -4.0, "log10_lambda": 1.0, "log10_min_child_weight": 5.0, "log10_subsample": -1.0, "max_depth": 3.0, "num_boost_round": 20.0}, "datetime": {"datetime": "2024-01-19 00:45:28", "elapsed": 2021.57656, "delta": 0.00283}}
{"target": -17.67723308638933, "params": {"gamma": 429.4869635519455, "log10_alpha": -5.0, "log10_colsample_bytree": -1.0, "log10_eta": -4.0, "log10_lambda": 1.0, "log10_min_child_weight": 5.0, "log10_subsample": -1.0, "max_depth": 3.0, "num_boost_round": 21.0}, "datetime": {"datetime": "2024-01-19 00:45:28", "elapsed": 2021.57946, "delta": 0.0029}}
{"target": -17.677233088504497, "params": {"gamma": 429.4869635519455, "log10_alpha": -5.0, "log10_colsample_bytree": -1.0, "log10_eta": -4.0, "log10_lambda": 1.0, "log10_min_child_weight": 5.0, "log10_subsample": -1.0, "max_depth": 3.0, "num_boost_round": 22.0}, "datetime": {"datetime": "2024-01-19 00:45:28", "elapsed": 2021.582352, "delta": 0.002892}}
{"target": -17.677233029345494, "params": {"gamma": 429.4869635519455, "log10_alpha": -5.0, "log10_colsample_bytree": -1.0, "log10_eta": -4.0, "log10_lambda": 1.0, "log10_min_child_weight": 5.0, "log10_subsample": -1.0, "max_depth": 3.0, "num_boost_round": 23.0}, "datetime": {"datetime": "2024-01-19 00:45:28", "elapsed": 2021.585196, "delta": 0.002844}}
{"target": -17.677233044640573, "params": {"gamma": 429.4869635519455, "log10_alpha": -5.0, "log10_colsample_bytree": -1.0, "log10_eta": -4.0, "log10_lambda": 1.0, "log10_min_child_weight": 5.0, "log10_subsample": -1.0, "max_depth": 3.0, "num_boost_round": 24.0}, "datetime": {"datetime": "2024-01-19 00:45:28", "elapsed": 2021.588069, "delta": 0.002873}}
{"target": -17.677233044734812, "params": {"gamma": 429.4869635519455, "log10_alpha": -5.0, "log10_colsample_bytree": -1.0, "log10_eta": -4.0, "log10_lambda": 1.0, "log10_min_child_weight": 5.0, "log10_subsample": -1.0, "max_depth": 3.0, "num_boost_round": 25.0}, "datetime": {"datetime": "2024-01-19 00:45:28", "elapsed": 2021.590967, "delta": 0.002898}}
{"target": -17.67723304473986, "params": {"gamma": 429.4869635519455, "log10_alpha": -5.0, "log10_colsample_bytree": -1.0, "log10_eta": -4.0, "log10_lambda": 1.0, "log10_min_child_weight": 5.0, "log10_subsample": -1.0, "max_depth": 3.0, "num_boost_round": 26.0}, "datetime": {"datetime": "2024-01-19 00:45:28", "elapsed": 2021.593861, "delta": 0.002894}}
{"target": -17.67723304302713, "params": {"gamma": 429.4869635519455, "log10_alpha": -5.0, "log10_colsample_bytree": -1.0, "log10_eta": -4.0, "log10_lambda": 1.0, "log10_min_child_weight": 5.0, "log10_subsample": -1.0, "max_depth": 3.0, "num_boost_round": 27.0}, "datetime": {"datetime": "2024-01-19 00:45:28", "elapsed": 2021.596724, "delta": 0.002863}}
{"target": -17.677233041059623, "params": {"gamma": 429.4869635519455, "log10_alpha": -5.0, "log10_colsample_bytree": -1.0, "log10_eta": -4.0, "log10_lambda": 1.0, "log10_min_child_weight": 5.0, "log10_subsample": -1.0, "max_depth": 3.0, "num_boost_round": 28.0}, "datetime": {"datetime": "2024-01-19 00:45:28", "elapsed": 2021.599574, "delta": 0.00285}}
{"target": -17.677233025717083, "params": {"gamma": 429.4869635519455, "log10_alpha": -5.0, "log10_colsample_bytree": -1.0, "log10_eta": -4.0, "log10_lambda": 1.0, "log10_min_child_weight": 5.0, "log10_subsample": -1.0, "max_depth": 3.0, "num_boost_round": 29.0}, "datetime": {"datetime": "2024-01-19 00:45:28", "elapsed": 2021.602435, "delta": 0.002861}}
{"target": -17.67723300051742, "params": {"gamma": 429.4869635519455, "log10_alpha": -5.0, "log10_colsample_bytree": -1.0, "log10_eta": -4.0, "log10_lambda": 1.0, "log10_min_child_weight": 5.0, "log10_subsample": -1.0, "max_depth": 3.0, "num_boost_round": 30.0}, "datetime": {"datetime": "2024-01-19 00:45:28", "elapsed": 2021.60528, "delta": 0.002845}}
{"target": -17.677233004560186, "params": {"gamma": 429.4869635519455, "log10_alpha": -5.0, "log10_colsample_bytree": -1.0, "log10_eta": -4.0, "log10_lambda": 1.0, "log10_min_child_weight": 5.0, "log10_subsample": -1.0, "max_depth": 3.0, "num_boost_round": 31.0}, "datetime": {"datetime": "2024-01-19 00:45:28", "elapsed": 2021.608169, "delta": 0.002889}}
{"target": -17.677233048316225, "params": {"gamma": 429.4869635519455, "log10_alpha": -5.0, "log10_colsample_bytree": -1.0, "log10_eta": -4.0, "log10_lambda": 1.0, "log10_min_child_weight": 5.0, "log10_subsample": -1.0, "max_depth": 3.0, "num_boost_round": 32.0}, "datetime": {"datetime": "2024-01-19 00:45:28", "elapsed": 2021.611017, "delta": 0.002848}}
{"target": -17.67723306239453, "params": {"gamma": 429.4869635519455, "log10_alpha": -5.0, "log10_colsample_bytree": -1.0, "log10_eta": -4.0, "log10_lambda": 1.0, "log10_min_child_weight": 5.0, "log10_subsample": -1.0, "max_depth": 3.0, "num_boost_round": 33.0}, "datetime": {"datetime": "2024-01-19 00:45:28", "elapsed": 2021.61391, "delta": 0.002893}}
{"target": -17.677233000561422, "params": {"gamma": 429.4869635519455, "log10_alpha": -5.0, "log10_colsample_bytree": -1.0, "log10_eta": -4.0, "log10_lambda": 1.0, "log10_min_child_weight": 5.0, "log10_subsample": -1.0, "max_depth": 3.0, "num_boost_round": 34.0}, "datetime": {"datetime": "2024-01-19 00:45:28", "elapsed": 2021.616767, "delta": 0.002857}}
{"target": -17.677232990809962, "params": {"gamma": 429.4869635519455, "log10_alpha": -5.0, "log10_colsample_bytree": -1.0, "log10_eta": -4.0, "log10_lambda": 1.0, "log10_min_child_weight": 5.0, "log10_subsample": -1.0, "max_depth": 3.0, "num_boost_round": 35.0}, "datetime": {"datetime": "2024-01-19 00:45:28", "elapsed": 2021.619659, "delta": 0.002892}}
{"target": -17.677233004806734, "params": {"gamma": 429.4869635519455, "log10_alpha": -5.0, "log10_colsample_bytree": -1.0, "log10_eta": -4.0, "log10_lambda": 1.0, "log10_min_child_weight": 5.0, "log10_subsample": -1.0, "max_depth": 3.0, "num_boost_round": 36.0}, "datetime": {"datetime": "2024-01-19 00:45:28", "elapsed": 2021.622557, "delta": 0.002898}}
{"target": -17.677232968531484, "params": {"gamma": 429.4869635519455, "log10_alpha": -5.0, "log10_colsample_bytree": -1.0, "log10_eta": -4.0, "log10_lambda": 1.0, "log10_min_child_weight": 5.0, "log10_subsample": -1.0, "max_depth": 3.0, "num_boost_round": 37.0}, "datetime": {"datetime": "2024-01-19 00:45:28", "elapsed": 2021.625429, "delta": 0.002872}}
{"target": -17.677233003932578, "params": {"gamma": 429.4869635519455, "log10_alpha": -5.0, "log10_colsample_bytree": -1.0, "log10_eta": -4.0, "log10_lambda": 1.0, "log10_min_child_weight": 5.0, "log10_subsample": -1.0, "max_depth": 3.0, "num_boost_round": 38.0}, "datetime": {"datetime": "2024-01-19 00:45:28", "elapsed": 2021.628316, "delta": 0.002887}}
{"target": -17.67723298263847, "params": {"gamma": 429.4869635519455, "log10_alpha": -5.0, "log10_colsample_bytree": -1.0, "log10_eta": -4.0, "log10_lambda": 1.0, "log10_min_child_weight": 5.0, "log10_subsample": -1.0, "max_depth": 3.0, "num_boost_round": 39.0}, "datetime": {"datetime": "2024-01-19 00:45:28", "elapsed": 2021.631217, "delta": 0.002901}}
{"target": -17.677232947067782, "params": {"gamma": 429.4869635519455, "log10_alpha": -5.0, "log10_colsample_bytree": -1.0, "log10_eta": -4.0, "log10_lambda": 1.0, "log10_min_child_weight": 5.0, "log10_subsample": -1.0, "max_depth": 3.0, "num_boost_round": 40.0}, "datetime": {"datetime": "2024-01-19 00:45:28", "elapsed": 2021.634079, "delta": 0.002862}}
{"target": -17.677232962304416, "params": {"gamma": 429.4869635519455, "log10_alpha": -5.0, "log10_colsample_bytree": -1.0, "log10_eta": -4.0, "log10_lambda": 1.0, "log10_min_child_weight": 5.0, "log10_subsample": -1.0, "max_depth": 3.0, "num_boost_round": 41.0}, "datetime": {"datetime": "2024-01-19 00:45:28", "elapsed": 2021.636944, "delta": 0.002865}}
{"target": -17.67723290594368, "params": {"gamma": 429.4869635519455, "log10_alpha": -5.0, "log10_colsample_bytree": -1.0, "log10_eta": -4.0, "log10_lambda": 1.0, "log10_min_child_weight": 5.0, "log10_subsample": -1.0, "max_depth": 3.0, "num_boost_round": 42.0}, "datetime": {"datetime": "2024-01-19 00:45:28", "elapsed": 2021.639813, "delta": 0.002869}}
{"target": -17.67723293248255, "params": {"gamma": 429.4869635519455, "log10_alpha": -5.0, "log10_colsample_bytree": -1.0, "log10_eta": -4.0, "log10_lambda": 1.0, "log10_min_child_weight": 5.0, "log10_subsample": -1.0, "max_depth": 3.0, "num_boost_round": 43.0}, "datetime": {"datetime": "2024-01-19 00:45:28", "elapsed": 2021.642747, "delta": 0.002934}}
{"target": -17.677232941053564, "params": {"gamma": 429.4869635519455, "log10_alpha": -5.0, "log10_colsample_bytree": -1.0, "log10_eta": -4.0, "log10_lambda": 1.0, "log10_min_child_weight": 5.0, "log10_subsample": -1.0, "max_depth": 3.0, "num_boost_round": 44.0}, "datetime": {"datetime": "2024-01-19 00:45:28", "elapsed": 2021.64561, "delta": 0.002863}}
