{"target": -13.755636256884882, "params": {"gamma": 568.3404858502684, "log10_alpha": -1.7655855305501733, "log10_colsample_bytree": -0.6437855688843488, "log10_eta": -1.989259060027829, "log10_lambda": -1.6051945389846956, "log10_min_child_weight": 2.2655960287226673, "log10_subsample": -0.21766753307614128, "max_depth": 7.0, "num_boost_round": 6.0}, "datetime": {"datetime": "2024-01-19 00:15:11", "elapsed": 243.325429, "delta": 0.000423}}
{"target": -13.75564532011746, "params": {"gamma": 568.3404858502684, "log10_alpha": -1.7655855305501733, "log10_colsample_bytree": -0.6437855688843488, "log10_eta": -1.989259060027829, "log10_lambda": -1.6051945389846956, "log10_min_child_weight": 2.2655960287226673, "log10_subsample": -0.21766753307614128, "max_depth": 7.0, "num_boost_round": 7.0}, "datetime": {"datetime": "2024-01-19 00:15:11", "elapsed": 243.325854, "delta": 0.000425}}
{"target": -13.75537838622666, "params": {"gamma": 568.3404858502684, "log10_alpha": -1.7655855305501733, "log10_colsample_bytree": -0.6437855688843488, "log10_eta": -1.989259060027829, "log10_lambda": -1.6051945389846956, "log10_min_child_weight": 2.2655960287226673, "log10_subsample": -0.21766753307614128, "max_depth": 7.0, "num_boost_round": 8.0}, "datetime": {"datetime": "2024-01-19 00:15:11", "elapsed": 243.32628, "delta": 0.000426}}
{"target": -13.755057841444769, "params": {"gamma": 568.3404858502684, "log10_alpha": -1.7655855305501733, "log10_colsample_bytree": -0.6437855688843488, "log10_eta": -1.989259060027829, "log10_lambda": -1.6051945389846956, "log10_min_child_weight": 2.2655960287226673, "log10_subsample": -0.21766753307614128, "max_depth": 7.0, "num_boost_round": 9.0}, "datetime": {"datetime": "2024-01-19 00:15:11", "elapsed": 243.326704, "delta": 0.000424}}
{"target": -13.758619802879231, "params": {"gamma": 566.8066319112767, "log10_alpha": -1.4796288823768373, "log10_colsample_bytree": -0.05467174004318509, "log10_eta": -2.4719935779373037, "log10_lambda": 0.4203531060240575, "log10_min_child_weight": 0.17374259241782986, "log10_subsample": -0.3052879308401796, "max_depth": 8.0, "num_boost_round": 0.0}, "datetime": {"datetime": "2024-01-19 00:15:32", "elapsed": 263.871537, "delta": 20.544833}}
{"target": -13.758629508259851, "params": {"gamma": 566.8066319112767, "log10_alpha": -1.4796288823768373, "log10_colsample_bytree": -0.05467174004318509, "log10_eta": -2.4719935779373037, "log10_lambda": 0.4203531060240575, "log10_min_child_weight": 0.17374259241782986, "log10_subsample": -0.3052879308401796, "max_depth": 8.0, "num_boost_round": 1.0}, "datetime": {"datetime": "2024-01-19 00:15:32", "elapsed": 263.872606, "delta": 0.001069}}
{"target": -13.758739738925193, "params": {"gamma": 566.8066319112767, "log10_alpha": -1.4796288823768373, "log10_colsample_bytree": -0.05467174004318509, "log10_eta": -2.4719935779373037, "log10_lambda": 0.4203531060240575, "log10_min_child_weight": 0.17374259241782986, "log10_subsample": -0.3052879308401796, "max_depth": 8.0, "num_boost_round": 2.0}, "datetime": {"datetime": "2024-01-19 00:15:32", "elapsed": 263.873414, "delta": 0.000808}}
{"target": -13.758779954257106, "params": {"gamma": 566.8066319112767, "log10_alpha": -1.4796288823768373, "log10_colsample_bytree": -0.05467174004318509, "log10_eta": -2.4719935779373037, "log10_lambda": 0.4203531060240575, "log10_min_child_weight": 0.17374259241782986, "log10_subsample": -0.3052879308401796, "max_depth": 8.0, "num_boost_round": 3.0}, "datetime": {"datetime": "2024-01-19 00:15:32", "elapsed": 263.873867, "delta": 0.000453}}
{"target": -13.758486604009578, "params": {"gamma": 566.8066319112767, "log10_alpha": -1.4796288823768373, "log10_colsample_bytree": -0.05467174004318509, "log10_eta": -2.4719935779373037, "log10_lambda": 0.4203531060240575, "log10_min_child_weight": 0.17374259241782986, "log10_subsample": -0.3052879308401796, "max_depth": 8.0, "num_boost_round": 4.0}, "datetime": {"datetime": "2024-01-19 00:15:32", "elapsed": 263.874315, "delta": 0.000448}}
{"target": -13.758442447759709, "params": {"gamma": 566.8066319112767, "log10_alpha": -1.4796288823768373, "log10_colsample_bytree": -0.05467174004318509, "log10_eta": -2.4719935779373037, "log10_lambda": 0.4203531060240575, "log10_min_child_weight": 0.17374259241782986, "log10_subsample": -0.3052879308401796, "max_depth": 8.0, "num_boost_round": 5.0}, "datetime": {"datetime": "2024-01-19 00:15:32", "elapsed": 263.87476, "delta": 0.000445}}
{"target": -13.758478517081237, "params": {"gamma": 566.8066319112767, "log10_alpha": -1.4796288823768373, "log10_colsample_bytree": -0.05467174004318509, "log10_eta": -2.4719935779373037, "log10_lambda": 0.4203531060240575, "log10_min_child_weight": 0.17374259241782986, "log10_subsample": -0.3052879308401796, "max_depth": 8.0, "num_boost_round": 6.0}, "datetime": {"datetime": "2024-01-19 00:15:32", "elapsed": 263.875203, "delta": 0.000443}}
{"target": -13.75862381926884, "params": {"gamma": 566.8066319112767, "log10_alpha": -1.4796288823768373, "log10_colsample_bytree": -0.05467174004318509, "log10_eta": -2.4719935779373037, "log10_lambda": 0.4203531060240575, "log10_min_child_weight": 0.17374259241782986, "log10_subsample": -0.3052879308401796, "max_depth": 8.0, "num_boost_round": 7.0}, "datetime": {"datetime": "2024-01-19 00:15:32", "elapsed": 263.875746, "delta": 0.000543}}
{"target": -13.758612434382222, "params": {"gamma": 566.8066319112767, "log10_alpha": -1.4796288823768373, "log10_colsample_bytree": -0.05467174004318509, "log10_eta": -2.4719935779373037, "log10_lambda": 0.4203531060240575, "log10_min_child_weight": 0.17374259241782986, "log10_subsample": -0.3052879308401796, "max_depth": 8.0, "num_boost_round": 8.0}, "datetime": {"datetime": "2024-01-19 00:15:32", "elapsed": 263.876188, "delta": 0.000442}}
{"target": -13.7586934426019, "params": {"gamma": 566.8066319112767, "log10_alpha": -1.4796288823768373, "log10_colsample_bytree": -0.05467174004318509, "log10_eta": -2.4719935779373037, "log10_lambda": 0.4203531060240575, "log10_min_child_weight": 0.17374259241782986, "log10_subsample": -0.3052879308401796, "max_depth": 8.0, "num_boost_round": 9.0}, "datetime": {"datetime": "2024-01-19 00:15:32", "elapsed": 263.876623, "delta": 0.000435}}
{"target": -13.75852943667674, "params": {"gamma": 552.5052290530263, "log10_alpha": -4.784439685000485, "log10_colsample_bytree": -0.33692274335831374, "log10_eta": -3.223021129159729, "log10_lambda": 0.972601637885151, "log10_min_child_weight": 4.036629180632621, "log10_subsample": -0.15205325721095475, "max_depth": 5.0, "num_boost_round": 0.0}, "datetime": {"datetime": "2024-01-19 00:15:52", "elapsed": 284.340379, "delta": 20.463756}}
{"target": -13.75851456241442, "params": {"gamma": 552.5052290530263, "log10_alpha": -4.784439685000485, "log10_colsample_bytree": -0.33692274335831374, "log10_eta": -3.223021129159729, "log10_lambda": 0.972601637885151, "log10_min_child_weight": 4.036629180632621, "log10_subsample": -0.15205325721095475, "max_depth": 5.0, "num_boost_round": 1.0}, "datetime": {"datetime": "2024-01-19 00:15:52", "elapsed": 284.342284, "delta": 0.001905}}
{"target": -13.758514386392234, "params": {"gamma": 552.5052290530263, "log10_alpha": -4.784439685000485, "log10_colsample_bytree": -0.33692274335831374, "log10_eta": -3.223021129159729, "log10_lambda": 0.972601637885151, "log10_min_child_weight": 4.036629180632621, "log10_subsample": -0.15205325721095475, "max_depth": 5.0, "num_boost_round": 2.0}, "datetime": {"datetime": "2024-01-19 00:15:52", "elapsed": 284.342834, "delta": 0.00055}}
{"target": -13.758515905837447, "params": {"gamma": 552.5052290530263, "log10_alpha": -4.784439685000485, "log10_colsample_bytree": -0.33692274335831374, "log10_eta": -3.223021129159729, "log10_lambda": 0.972601637885151, "log10_min_child_weight": 4.036629180632621, "log10_subsample": -0.15205325721095475, "max_depth": 5.0, "num_boost_round": 3.0}, "datetime": {"datetime": "2024-01-19 00:15:52", "elapsed": 284.343326, "delta": 0.000492}}
{"target": -13.758508053398272, "params": {"gamma": 552.5052290530263, "log10_alpha": -4.784439685000485, "log10_colsample_bytree": -0.33692274335831374, "log10_eta": -3.223021129159729, "log10_lambda": 0.972601637885151, "log10_min_child_weight": 4.036629180632621, "log10_subsample": -0.15205325721095475, "max_depth": 5.0, "num_boost_round": 4.0}, "datetime": {"datetime": "2024-01-19 00:15:52", "elapsed": 284.343913, "delta": 0.000587}}
{"target": -13.758501123284034, "params": {"gamma": 552.5052290530263, "log10_alpha": -4.784439685000485, "log10_colsample_bytree": -0.33692274335831374, "log10_eta": -3.223021129159729, "log10_lambda": 0.972601637885151, "log10_min_child_weight": 4.036629180632621, "log10_subsample": -0.15205325721095475, "max_depth": 5.0, "num_boost_round": 5.0}, "datetime": {"datetime": "2024-01-19 00:15:52", "elapsed": 284.3444, "delta": 0.000487}}
{"target": -13.75849453912411, "params": {"gamma": 552.5052290530263, "log10_alpha": -4.784439685000485, "log10_colsample_bytree": -0.33692274335831374, "log10_eta": -3.223021129159729, "log10_lambda": 0.972601637885151, "log10_min_child_weight": 4.036629180632621, "log10_subsample": -0.15205325721095475, "max_depth": 5.0, "num_boost_round": 6.0}, "datetime": {"datetime": "2024-01-19 00:15:52", "elapsed": 284.344852, "delta": 0.000452}}
{"target": -13.758485331005778, "params": {"gamma": 552.5052290530263, "log10_alpha": -4.784439685000485, "log10_colsample_bytree": -0.33692274335831374, "log10_eta": -3.223021129159729, "log10_lambda": 0.972601637885151, "log10_min_child_weight": 4.036629180632621, "log10_subsample": -0.15205325721095475, "max_depth": 5.0, "num_boost_round": 7.0}, "datetime": {"datetime": "2024-01-19 00:15:52", "elapsed": 284.345311, "delta": 0.000459}}
{"target": -13.758474569408833, "params": {"gamma": 552.5052290530263, "log10_alpha": -4.784439685000485, "log10_colsample_bytree": -0.33692274335831374, "log10_eta": -3.223021129159729, "log10_lambda": 0.972601637885151, "log10_min_child_weight": 4.036629180632621, "log10_subsample": -0.15205325721095475, "max_depth": 5.0, "num_boost_round": 8.0}, "datetime": {"datetime": "2024-01-19 00:15:52", "elapsed": 284.345761, "delta": 0.00045}}
{"target": -13.7584765138758, "params": {"gamma": 552.5052290530263, "log10_alpha": -4.784439685000485, "log10_colsample_bytree": -0.33692274335831374, "log10_eta": -3.223021129159729, "log10_lambda": 0.972601637885151, "log10_min_child_weight": 4.036629180632621, "log10_subsample": -0.15205325721095475, "max_depth": 5.0, "num_boost_round": 9.0}, "datetime": {"datetime": "2024-01-19 00:15:52", "elapsed": 284.346402, "delta": 0.000641}}
{"target": -13.758466258550785, "params": {"gamma": 552.5052290530263, "log10_alpha": -4.784439685000485, "log10_colsample_bytree": -0.33692274335831374, "log10_eta": -3.223021129159729, "log10_lambda": 0.972601637885151, "log10_min_child_weight": 4.036629180632621, "log10_subsample": -0.15205325721095475, "max_depth": 5.0, "num_boost_round": 10.0}, "datetime": {"datetime": "2024-01-19 00:15:52", "elapsed": 284.346979, "delta": 0.000577}}
{"target": -13.75845096503752, "params": {"gamma": 552.5052290530263, "log10_alpha": -4.784439685000485, "log10_colsample_bytree": -0.33692274335831374, "log10_eta": -3.223021129159729, "log10_lambda": 0.972601637885151, "log10_min_child_weight": 4.036629180632621, "log10_subsample": -0.15205325721095475, "max_depth": 5.0, "num_boost_round": 11.0}, "datetime": {"datetime": "2024-01-19 00:15:52", "elapsed": 284.347517, "delta": 0.000538}}
{"target": -13.758442807090068, "params": {"gamma": 552.5052290530263, "log10_alpha": -4.784439685000485, "log10_colsample_bytree": -0.33692274335831374, "log10_eta": -3.223021129159729, "log10_lambda": 0.972601637885151, "log10_min_child_weight": 4.036629180632621, "log10_subsample": -0.15205325721095475, "max_depth": 5.0, "num_boost_round": 12.0}, "datetime": {"datetime": "2024-01-19 00:15:52", "elapsed": 284.348048, "delta": 0.000531}}
{"target": -13.758437404967712, "params": {"gamma": 552.5052290530263, "log10_alpha": -4.784439685000485, "log10_colsample_bytree": -0.33692274335831374, "log10_eta": -3.223021129159729, "log10_lambda": 0.972601637885151, "log10_min_child_weight": 4.036629180632621, "log10_subsample": -0.15205325721095475, "max_depth": 5.0, "num_boost_round": 13.0}, "datetime": {"datetime": "2024-01-19 00:15:52", "elapsed": 284.348622, "delta": 0.000574}}
{"target": -13.758436960242205, "params": {"gamma": 552.5052290530263, "log10_alpha": -4.784439685000485, "log10_colsample_bytree": -0.33692274335831374, "log10_eta": -3.223021129159729, "log10_lambda": 0.972601637885151, "log10_min_child_weight": 4.036629180632621, "log10_subsample": -0.15205325721095475, "max_depth": 5.0, "num_boost_round": 14.0}, "datetime": {"datetime": "2024-01-19 00:15:52", "elapsed": 284.349121, "delta": 0.000499}}
{"target": -13.758425011038625, "params": {"gamma": 552.5052290530263, "log10_alpha": -4.784439685000485, "log10_colsample_bytree": -0.33692274335831374, "log10_eta": -3.223021129159729, "log10_lambda": 0.972601637885151, "log10_min_child_weight": 4.036629180632621, "log10_subsample": -0.15205325721095475, "max_depth": 5.0, "num_boost_round": 15.0}, "datetime": {"datetime": "2024-01-19 00:15:52", "elapsed": 284.349679, "delta": 0.000558}}
{"target": -13.758543385693905, "params": {"gamma": 569.1455070119332, "log10_alpha": -2.413611897620642, "log10_colsample_bytree": -0.4858310405984664, "log10_eta": -3.3436918288274162, "log10_lambda": -3.701888689143708, "log10_min_child_weight": 1.5303191241609366, "log10_subsample": -0.03323140352170861, "max_depth": 9.0, "num_boost_round": 0.0}, "datetime": {"datetime": "2024-01-19 00:16:16", "elapsed": 307.844457, "delta": 23.494778}}
{"target": -13.758505392315627, "params": {"gamma": 569.1455070119332, "log10_alpha": -2.413611897620642, "log10_colsample_bytree": -0.4858310405984664, "log10_eta": -3.3436918288274162, "log10_lambda": -3.701888689143708, "log10_min_child_weight": 1.5303191241609366, "log10_subsample": -0.03323140352170861, "max_depth": 9.0, "num_boost_round": 1.0}, "datetime": {"datetime": "2024-01-19 00:16:16", "elapsed": 307.845113, "delta": 0.000656}}
{"target": -13.758479718317412, "params": {"gamma": 569.1455070119332, "log10_alpha": -2.413611897620642, "log10_colsample_bytree": -0.4858310405984664, "log10_eta": -3.3436918288274162, "log10_lambda": -3.701888689143708, "log10_min_child_weight": 1.5303191241609366, "log10_subsample": -0.03323140352170861, "max_depth": 9.0, "num_boost_round": 2.0}, "datetime": {"datetime": "2024-01-19 00:16:16", "elapsed": 307.845732, "delta": 0.000619}}
{"target": -13.758482058909872, "params": {"gamma": 569.1455070119332, "log10_alpha": -2.413611897620642, "log10_colsample_bytree": -0.4858310405984664, "log10_eta": -3.3436918288274162, "log10_lambda": -3.701888689143708, "log10_min_child_weight": 1.5303191241609366, "log10_subsample": -0.03323140352170861, "max_depth": 9.0, "num_boost_round": 3.0}, "datetime": {"datetime": "2024-01-19 00:16:16", "elapsed": 307.846506, "delta": 0.000774}}
{"target": -13.758484918061267, "params": {"gamma": 569.1455070119332, "log10_alpha": -2.413611897620642, "log10_colsample_bytree": -0.4858310405984664, "log10_eta": -3.3436918288274162, "log10_lambda": -3.701888689143708, "log10_min_child_weight": 1.5303191241609366, "log10_subsample": -0.03323140352170861, "max_depth": 9.0, "num_boost_round": 4.0}, "datetime": {"datetime": "2024-01-19 00:16:16", "elapsed": 307.847566, "delta": 0.00106}}
{"target": -13.758485175407934, "params": {"gamma": 569.1455070119332, "log10_alpha": -2.413611897620642, "log10_colsample_bytree": -0.4858310405984664, "log10_eta": -3.3436918288274162, "log10_lambda": -3.701888689143708, "log10_min_child_weight": 1.5303191241609366, "log10_subsample": -0.03323140352170861, "max_depth": 9.0, "num_boost_round": 5.0}, "datetime": {"datetime": "2024-01-19 00:16:16", "elapsed": 307.848179, "delta": 0.000613}}
{"target": -13.758458464820883, "params": {"gamma": 569.1455070119332, "log10_alpha": -2.413611897620642, "log10_colsample_bytree": -0.4858310405984664, "log10_eta": -3.3436918288274162, "log10_lambda": -3.701888689143708, "log10_min_child_weight": 1.5303191241609366, "log10_subsample": -0.03323140352170861, "max_depth": 9.0, "num_boost_round": 6.0}, "datetime": {"datetime": "2024-01-19 00:16:16", "elapsed": 307.848737, "delta": 0.000558}}
{"target": -13.758438612026978, "params": {"gamma": 569.1455070119332, "log10_alpha": -2.413611897620642, "log10_colsample_bytree": -0.4858310405984664, "log10_eta": -3.3436918288274162, "log10_lambda": -3.701888689143708, "log10_min_child_weight": 1.5303191241609366, "log10_subsample": -0.03323140352170861, "max_depth": 9.0, "num_boost_round": 7.0}, "datetime": {"datetime": "2024-01-19 00:16:16", "elapsed": 307.849323, "delta": 0.000586}}
{"target": -13.758416244346817, "params": {"gamma": 569.1455070119332, "log10_alpha": -2.413611897620642, "log10_colsample_bytree": -0.4858310405984664, "log10_eta": -3.3436918288274162, "log10_lambda": -3.701888689143708, "log10_min_child_weight": 1.5303191241609366, "log10_subsample": -0.03323140352170861, "max_depth": 9.0, "num_boost_round": 8.0}, "datetime": {"datetime": "2024-01-19 00:16:16", "elapsed": 307.849812, "delta": 0.000489}}
{"target": -13.758375065446211, "params": {"gamma": 569.1455070119332, "log10_alpha": -2.413611897620642, "log10_colsample_bytree": -0.4858310405984664, "log10_eta": -3.3436918288274162, "log10_lambda": -3.701888689143708, "log10_min_child_weight": 1.5303191241609366, "log10_subsample": -0.03323140352170861, "max_depth": 9.0, "num_boost_round": 9.0}, "datetime": {"datetime": "2024-01-19 00:16:16", "elapsed": 307.850307, "delta": 0.000495}}
{"target": -13.758360443739498, "params": {"gamma": 569.1455070119332, "log10_alpha": -2.413611897620642, "log10_colsample_bytree": -0.4858310405984664, "log10_eta": -3.3436918288274162, "log10_lambda": -3.701888689143708, "log10_min_child_weight": 1.5303191241609366, "log10_subsample": -0.03323140352170861, "max_depth": 9.0, "num_boost_round": 10.0}, "datetime": {"datetime": "2024-01-19 00:16:16", "elapsed": 307.850795, "delta": 0.000488}}
{"target": -13.758353652603944, "params": {"gamma": 569.1455070119332, "log10_alpha": -2.413611897620642, "log10_colsample_bytree": -0.4858310405984664, "log10_eta": -3.3436918288274162, "log10_lambda": -3.701888689143708, "log10_min_child_weight": 1.5303191241609366, "log10_subsample": -0.03323140352170861, "max_depth": 9.0, "num_boost_round": 11.0}, "datetime": {"datetime": "2024-01-19 00:16:16", "elapsed": 307.85132, "delta": 0.000525}}
{"target": -13.758356794567355, "params": {"gamma": 569.1455070119332, "log10_alpha": -2.413611897620642, "log10_colsample_bytree": -0.4858310405984664, "log10_eta": -3.3436918288274162, "log10_lambda": -3.701888689143708, "log10_min_child_weight": 1.5303191241609366, "log10_subsample": -0.03323140352170861, "max_depth": 9.0, "num_boost_round": 12.0}, "datetime": {"datetime": "2024-01-19 00:16:16", "elapsed": 307.851873, "delta": 0.000553}}
{"target": -13.758327298619697, "params": {"gamma": 569.1455070119332, "log10_alpha": -2.413611897620642, "log10_colsample_bytree": -0.4858310405984664, "log10_eta": -3.3436918288274162, "log10_lambda": -3.701888689143708, "log10_min_child_weight": 1.5303191241609366, "log10_subsample": -0.03323140352170861, "max_depth": 9.0, "num_boost_round": 13.0}, "datetime": {"datetime": "2024-01-19 00:16:16", "elapsed": 307.852417, "delta": 0.000544}}
{"target": -13.75852856945656, "params": {"gamma": 559.8458069573975, "log10_alpha": -3.917521017086293, "log10_colsample_bytree": -0.40854829895396827, "log10_eta": -3.745149191768889, "log10_lambda": -4.923295685087415, "log10_min_child_weight": 1.6358333181107687, "log10_subsample": -0.8880282053227208, "max_depth": 4.0, "num_boost_round": 0.0}, "datetime": {"datetime": "2024-01-19 00:16:36", "elapsed": 328.509379, "delta": 20.656962}}
{"target": -13.758529152937578, "params": {"gamma": 559.8458069573975, "log10_alpha": -3.917521017086293, "log10_colsample_bytree": -0.40854829895396827, "log10_eta": -3.745149191768889, "log10_lambda": -4.923295685087415, "log10_min_child_weight": 1.6358333181107687, "log10_subsample": -0.8880282053227208, "max_depth": 4.0, "num_boost_round": 1.0}, "datetime": {"datetime": "2024-01-19 00:16:36", "elapsed": 328.51002, "delta": 0.000641}}
{"target": -13.758516828006172, "params": {"gamma": 559.8458069573975, "log10_alpha": -3.917521017086293, "log10_colsample_bytree": -0.40854829895396827, "log10_eta": -3.745149191768889, "log10_lambda": -4.923295685087415, "log10_min_child_weight": 1.6358333181107687, "log10_subsample": -0.8880282053227208, "max_depth": 4.0, "num_boost_round": 2.0}, "datetime": {"datetime": "2024-01-19 00:16:36", "elapsed": 328.510557, "delta": 0.000537}}
{"target": -13.758519387687096, "params": {"gamma": 559.8458069573975, "log10_alpha": -3.917521017086293, "log10_colsample_bytree": -0.40854829895396827, "log10_eta": -3.745149191768889, "log10_lambda": -4.923295685087415, "log10_min_child_weight": 1.6358333181107687, "log10_subsample": -0.8880282053227208, "max_depth": 4.0, "num_boost_round": 3.0}, "datetime": {"datetime": "2024-01-19 00:16:36", "elapsed": 328.511061, "delta": 0.000504}}
{"target": -13.758513411102284, "params": {"gamma": 559.8458069573975, "log10_alpha": -3.917521017086293, "log10_colsample_bytree": -0.40854829895396827, "log10_eta": -3.745149191768889, "log10_lambda": -4.923295685087415, "log10_min_child_weight": 1.6358333181107687, "log10_subsample": -0.8880282053227208, "max_depth": 4.0, "num_boost_round": 4.0}, "datetime": {"datetime": "2024-01-19 00:16:36", "elapsed": 328.511564, "delta": 0.000503}}
