{"target": -13.758509166534536, "params": {"gamma": 85.55177452048468, "log10_alpha": 0.7937646422758071, "log10_colsample_bytree": -0.4706515302440323, "log10_eta": -1.4145527137949108, "log10_lambda": -3.075316364994886, "log10_min_child_weight": 4.2086093381868945, "log10_subsample": -0.09119272700997505, "max_depth": 3.0, "num_boost_round": 3.0}, "datetime": {"datetime": "2024-01-19 00:17:02", "elapsed": 321.358873, "delta": 0.000506}}
{"target": -13.758952970464165, "params": {"gamma": 85.55177452048468, "log10_alpha": 0.7937646422758071, "log10_colsample_bytree": -0.4706515302440323, "log10_eta": -1.4145527137949108, "log10_lambda": -3.075316364994886, "log10_min_child_weight": 4.2086093381868945, "log10_subsample": -0.09119272700997505, "max_depth": 3.0, "num_boost_round": 4.0}, "datetime": {"datetime": "2024-01-19 00:17:02", "elapsed": 321.359616, "delta": 0.000743}}
{"target": -13.759005996033698, "params": {"gamma": 85.55177452048468, "log10_alpha": 0.7937646422758071, "log10_colsample_bytree": -0.4706515302440323, "log10_eta": -1.4145527137949108, "log10_lambda": -3.075316364994886, "log10_min_child_weight": 4.2086093381868945, "log10_subsample": -0.09119272700997505, "max_depth": 3.0, "num_boost_round": 5.0}, "datetime": {"datetime": "2024-01-19 00:17:02", "elapsed": 321.360217, "delta": 0.000601}}
{"target": -13.759720986508762, "params": {"gamma": 85.55177452048468, "log10_alpha": 0.7937646422758071, "log10_colsample_bytree": -0.4706515302440323, "log10_eta": -1.4145527137949108, "log10_lambda": -3.075316364994886, "log10_min_child_weight": 4.2086093381868945, "log10_subsample": -0.09119272700997505, "max_depth": 3.0, "num_boost_round": 6.0}, "datetime": {"datetime": "2024-01-19 00:17:02", "elapsed": 321.36072, "delta": 0.000503}}
{"target": -13.759676162155113, "params": {"gamma": 85.55177452048468, "log10_alpha": 0.7937646422758071, "log10_colsample_bytree": -0.4706515302440323, "log10_eta": -1.4145527137949108, "log10_lambda": -3.075316364994886, "log10_min_child_weight": 4.2086093381868945, "log10_subsample": -0.09119272700997505, "max_depth": 3.0, "num_boost_round": 7.0}, "datetime": {"datetime": "2024-01-19 00:17:02", "elapsed": 321.361341, "delta": 0.000621}}
{"target": -13.75987905372473, "params": {"gamma": 85.55177452048468, "log10_alpha": 0.7937646422758071, "log10_colsample_bytree": -0.4706515302440323, "log10_eta": -1.4145527137949108, "log10_lambda": -3.075316364994886, "log10_min_child_weight": 4.2086093381868945, "log10_subsample": -0.09119272700997505, "max_depth": 3.0, "num_boost_round": 8.0}, "datetime": {"datetime": "2024-01-19 00:17:02", "elapsed": 321.362116, "delta": 0.000775}}
{"target": -13.759528754078035, "params": {"gamma": 85.55177452048468, "log10_alpha": 0.7937646422758071, "log10_colsample_bytree": -0.4706515302440323, "log10_eta": -1.4145527137949108, "log10_lambda": -3.075316364994886, "log10_min_child_weight": 4.2086093381868945, "log10_subsample": -0.09119272700997505, "max_depth": 3.0, "num_boost_round": 9.0}, "datetime": {"datetime": "2024-01-19 00:17:02", "elapsed": 321.362618, "delta": 0.000502}}
{"target": -13.759055616017637, "params": {"gamma": 85.55177452048468, "log10_alpha": 0.7937646422758071, "log10_colsample_bytree": -0.4706515302440323, "log10_eta": -1.4145527137949108, "log10_lambda": -3.075316364994886, "log10_min_child_weight": 4.2086093381868945, "log10_subsample": -0.09119272700997505, "max_depth": 3.0, "num_boost_round": 10.0}, "datetime": {"datetime": "2024-01-19 00:17:02", "elapsed": 321.363133, "delta": 0.000515}}
{"target": -13.758536547272712, "params": {"gamma": 85.55177452048468, "log10_alpha": 0.7937646422758071, "log10_colsample_bytree": -0.4706515302440323, "log10_eta": -1.4145527137949108, "log10_lambda": -3.075316364994886, "log10_min_child_weight": 4.2086093381868945, "log10_subsample": -0.09119272700997505, "max_depth": 3.0, "num_boost_round": 11.0}, "datetime": {"datetime": "2024-01-19 00:17:02", "elapsed": 321.363656, "delta": 0.000523}}
{"target": -13.758777309572366, "params": {"gamma": 85.55177452048468, "log10_alpha": 0.7937646422758071, "log10_colsample_bytree": -0.4706515302440323, "log10_eta": -1.4145527137949108, "log10_lambda": -3.075316364994886, "log10_min_child_weight": 4.2086093381868945, "log10_subsample": -0.09119272700997505, "max_depth": 3.0, "num_boost_round": 12.0}, "datetime": {"datetime": "2024-01-19 00:17:02", "elapsed": 321.364189, "delta": 0.000533}}
{"target": -13.758909885060497, "params": {"gamma": 85.55177452048468, "log10_alpha": 0.7937646422758071, "log10_colsample_bytree": -0.4706515302440323, "log10_eta": -1.4145527137949108, "log10_lambda": -3.075316364994886, "log10_min_child_weight": 4.2086093381868945, "log10_subsample": -0.09119272700997505, "max_depth": 3.0, "num_boost_round": 13.0}, "datetime": {"datetime": "2024-01-19 00:17:02", "elapsed": 321.364709, "delta": 0.00052}}
{"target": -13.758917781554773, "params": {"gamma": 85.55177452048468, "log10_alpha": 0.7937646422758071, "log10_colsample_bytree": -0.4706515302440323, "log10_eta": -1.4145527137949108, "log10_lambda": -3.075316364994886, "log10_min_child_weight": 4.2086093381868945, "log10_subsample": -0.09119272700997505, "max_depth": 3.0, "num_boost_round": 14.0}, "datetime": {"datetime": "2024-01-19 00:17:02", "elapsed": 321.365221, "delta": 0.000512}}
{"target": -13.758763890654647, "params": {"gamma": 85.55177452048468, "log10_alpha": 0.7937646422758071, "log10_colsample_bytree": -0.4706515302440323, "log10_eta": -1.4145527137949108, "log10_lambda": -3.075316364994886, "log10_min_child_weight": 4.2086093381868945, "log10_subsample": -0.09119272700997505, "max_depth": 3.0, "num_boost_round": 15.0}, "datetime": {"datetime": "2024-01-19 00:17:02", "elapsed": 321.365731, "delta": 0.00051}}
{"target": -13.826292888920271, "params": {"gamma": 81.59146043152444, "log10_alpha": 0.7967744495190958, "log10_colsample_bytree": -0.46069374045654754, "log10_eta": -0.11724181331800088, "log10_lambda": -3.2012102538565133, "log10_min_child_weight": 0.17664975352295276, "log10_subsample": -0.8976947722379119, "max_depth": 4.0, "num_boost_round": 0.0}, "datetime": {"datetime": "2024-01-19 00:17:20", "elapsed": 339.887593, "delta": 18.521862}}
{"target": -13.866358639110194, "params": {"gamma": 81.59146043152444, "log10_alpha": 0.7967744495190958, "log10_colsample_bytree": -0.46069374045654754, "log10_eta": -0.11724181331800088, "log10_lambda": -3.2012102538565133, "log10_min_child_weight": 0.17664975352295276, "log10_subsample": -0.8976947722379119, "max_depth": 4.0, "num_boost_round": 1.0}, "datetime": {"datetime": "2024-01-19 00:17:20", "elapsed": 339.888978, "delta": 0.001385}}
{"target": -13.89523572188229, "params": {"gamma": 81.59146043152444, "log10_alpha": 0.7967744495190958, "log10_colsample_bytree": -0.46069374045654754, "log10_eta": -0.11724181331800088, "log10_lambda": -3.2012102538565133, "log10_min_child_weight": 0.17664975352295276, "log10_subsample": -0.8976947722379119, "max_depth": 4.0, "num_boost_round": 2.0}, "datetime": {"datetime": "2024-01-19 00:17:20", "elapsed": 339.889662, "delta": 0.000684}}
{"target": -13.944065611424596, "params": {"gamma": 81.59146043152444, "log10_alpha": 0.7967744495190958, "log10_colsample_bytree": -0.46069374045654754, "log10_eta": -0.11724181331800088, "log10_lambda": -3.2012102538565133, "log10_min_child_weight": 0.17664975352295276, "log10_subsample": -0.8976947722379119, "max_depth": 4.0, "num_boost_round": 3.0}, "datetime": {"datetime": "2024-01-19 00:17:20", "elapsed": 339.890207, "delta": 0.000545}}
{"target": -13.997172361776633, "params": {"gamma": 81.59146043152444, "log10_alpha": 0.7967744495190958, "log10_colsample_bytree": -0.46069374045654754, "log10_eta": -0.11724181331800088, "log10_lambda": -3.2012102538565133, "log10_min_child_weight": 0.17664975352295276, "log10_subsample": -0.8976947722379119, "max_depth": 4.0, "num_boost_round": 4.0}, "datetime": {"datetime": "2024-01-19 00:17:20", "elapsed": 339.890737, "delta": 0.00053}}
{"target": -14.028072454475804, "params": {"gamma": 81.59146043152444, "log10_alpha": 0.7967744495190958, "log10_colsample_bytree": -0.46069374045654754, "log10_eta": -0.11724181331800088, "log10_lambda": -3.2012102538565133, "log10_min_child_weight": 0.17664975352295276, "log10_subsample": -0.8976947722379119, "max_depth": 4.0, "num_boost_round": 5.0}, "datetime": {"datetime": "2024-01-19 00:17:20", "elapsed": 339.891257, "delta": 0.00052}}
{"target": -14.053180705585062, "params": {"gamma": 81.59146043152444, "log10_alpha": 0.7967744495190958, "log10_colsample_bytree": -0.46069374045654754, "log10_eta": -0.11724181331800088, "log10_lambda": -3.2012102538565133, "log10_min_child_weight": 0.17664975352295276, "log10_subsample": -0.8976947722379119, "max_depth": 4.0, "num_boost_round": 6.0}, "datetime": {"datetime": "2024-01-19 00:17:20", "elapsed": 339.891899, "delta": 0.000642}}
{"target": -14.08484858536198, "params": {"gamma": 81.59146043152444, "log10_alpha": 0.7967744495190958, "log10_colsample_bytree": -0.46069374045654754, "log10_eta": -0.11724181331800088, "log10_lambda": -3.2012102538565133, "log10_min_child_weight": 0.17664975352295276, "log10_subsample": -0.8976947722379119, "max_depth": 4.0, "num_boost_round": 7.0}, "datetime": {"datetime": "2024-01-19 00:17:20", "elapsed": 339.892424, "delta": 0.000525}}
{"target": -14.101568231203874, "params": {"gamma": 81.59146043152444, "log10_alpha": 0.7967744495190958, "log10_colsample_bytree": -0.46069374045654754, "log10_eta": -0.11724181331800088, "log10_lambda": -3.2012102538565133, "log10_min_child_weight": 0.17664975352295276, "log10_subsample": -0.8976947722379119, "max_depth": 4.0, "num_boost_round": 8.0}, "datetime": {"datetime": "2024-01-19 00:17:20", "elapsed": 339.893071, "delta": 0.000647}}
{"target": -14.133224664869639, "params": {"gamma": 81.59146043152444, "log10_alpha": 0.7967744495190958, "log10_colsample_bytree": -0.46069374045654754, "log10_eta": -0.11724181331800088, "log10_lambda": -3.2012102538565133, "log10_min_child_weight": 0.17664975352295276, "log10_subsample": -0.8976947722379119, "max_depth": 4.0, "num_boost_round": 9.0}, "datetime": {"datetime": "2024-01-19 00:17:20", "elapsed": 339.893588, "delta": 0.000517}}
{"target": -13.758659388564556, "params": {"gamma": 75.93347427365482, "log10_alpha": -1.278765281514879, "log10_colsample_bytree": -0.1803808946089016, "log10_eta": -2.1042350671131733, "log10_lambda": -0.6999789522539954, "log10_min_child_weight": 1.7660831453628094, "log10_subsample": -0.4749775720141115, "max_depth": 6.0, "num_boost_round": 0.0}, "datetime": {"datetime": "2024-01-19 00:17:41", "elapsed": 360.350205, "delta": 20.456617}}
{"target": -13.758642944049512, "params": {"gamma": 75.93347427365482, "log10_alpha": -1.278765281514879, "log10_colsample_bytree": -0.1803808946089016, "log10_eta": -2.1042350671131733, "log10_lambda": -0.6999789522539954, "log10_min_child_weight": 1.7660831453628094, "log10_subsample": -0.4749775720141115, "max_depth": 6.0, "num_boost_round": 1.0}, "datetime": {"datetime": "2024-01-19 00:17:41", "elapsed": 360.350944, "delta": 0.000739}}
{"target": -13.758348498416815, "params": {"gamma": 75.93347427365482, "log10_alpha": -1.278765281514879, "log10_colsample_bytree": -0.1803808946089016, "log10_eta": -2.1042350671131733, "log10_lambda": -0.6999789522539954, "log10_min_child_weight": 1.7660831453628094, "log10_subsample": -0.4749775720141115, "max_depth": 6.0, "num_boost_round": 2.0}, "datetime": {"datetime": "2024-01-19 00:17:41", "elapsed": 360.351496, "delta": 0.000552}}
{"target": -13.758015662208821, "params": {"gamma": 75.93347427365482, "log10_alpha": -1.278765281514879, "log10_colsample_bytree": -0.1803808946089016, "log10_eta": -2.1042350671131733, "log10_lambda": -0.6999789522539954, "log10_min_child_weight": 1.7660831453628094, "log10_subsample": -0.4749775720141115, "max_depth": 6.0, "num_boost_round": 3.0}, "datetime": {"datetime": "2024-01-19 00:17:41", "elapsed": 360.352048, "delta": 0.000552}}
{"target": -13.757685834960787, "params": {"gamma": 75.93347427365482, "log10_alpha": -1.278765281514879, "log10_colsample_bytree": -0.1803808946089016, "log10_eta": -2.1042350671131733, "log10_lambda": -0.6999789522539954, "log10_min_child_weight": 1.7660831453628094, "log10_subsample": -0.4749775720141115, "max_depth": 6.0, "num_boost_round": 4.0}, "datetime": {"datetime": "2024-01-19 00:17:41", "elapsed": 360.352594, "delta": 0.000546}}
{"target": -13.757679651449628, "params": {"gamma": 75.93347427365482, "log10_alpha": -1.278765281514879, "log10_colsample_bytree": -0.1803808946089016, "log10_eta": -2.1042350671131733, "log10_lambda": -0.6999789522539954, "log10_min_child_weight": 1.7660831453628094, "log10_subsample": -0.4749775720141115, "max_depth": 6.0, "num_boost_round": 5.0}, "datetime": {"datetime": "2024-01-19 00:17:41", "elapsed": 360.353141, "delta": 0.000547}}
{"target": -13.757567680263994, "params": {"gamma": 75.93347427365482, "log10_alpha": -1.278765281514879, "log10_colsample_bytree": -0.1803808946089016, "log10_eta": -2.1042350671131733, "log10_lambda": -0.6999789522539954, "log10_min_child_weight": 1.7660831453628094, "log10_subsample": -0.4749775720141115, "max_depth": 6.0, "num_boost_round": 6.0}, "datetime": {"datetime": "2024-01-19 00:17:41", "elapsed": 360.353666, "delta": 0.000525}}
{"target": -13.75768720200951, "params": {"gamma": 75.93347427365482, "log10_alpha": -1.278765281514879, "log10_colsample_bytree": -0.1803808946089016, "log10_eta": -2.1042350671131733, "log10_lambda": -0.6999789522539954, "log10_min_child_weight": 1.7660831453628094, "log10_subsample": -0.4749775720141115, "max_depth": 6.0, "num_boost_round": 7.0}, "datetime": {"datetime": "2024-01-19 00:17:41", "elapsed": 360.35421, "delta": 0.000544}}
{"target": -13.757659385678172, "params": {"gamma": 75.93347427365482, "log10_alpha": -1.278765281514879, "log10_colsample_bytree": -0.1803808946089016, "log10_eta": -2.1042350671131733, "log10_lambda": -0.6999789522539954, "log10_min_child_weight": 1.7660831453628094, "log10_subsample": -0.4749775720141115, "max_depth": 6.0, "num_boost_round": 8.0}, "datetime": {"datetime": "2024-01-19 00:17:41", "elapsed": 360.354746, "delta": 0.000536}}
{"target": -13.75788652092444, "params": {"gamma": 75.93347427365482, "log10_alpha": -1.278765281514879, "log10_colsample_bytree": -0.1803808946089016, "log10_eta": -2.1042350671131733, "log10_lambda": -0.6999789522539954, "log10_min_child_weight": 1.7660831453628094, "log10_subsample": -0.4749775720141115, "max_depth": 6.0, "num_boost_round": 9.0}, "datetime": {"datetime": "2024-01-19 00:17:41", "elapsed": 360.355294, "delta": 0.000548}}
{"target": -13.758055480099568, "params": {"gamma": 75.93347427365482, "log10_alpha": -1.278765281514879, "log10_colsample_bytree": -0.1803808946089016, "log10_eta": -2.1042350671131733, "log10_lambda": -0.6999789522539954, "log10_min_child_weight": 1.7660831453628094, "log10_subsample": -0.4749775720141115, "max_depth": 6.0, "num_boost_round": 10.0}, "datetime": {"datetime": "2024-01-19 00:17:41", "elapsed": 360.355845, "delta": 0.000551}}
{"target": -13.757690124196683, "params": {"gamma": 75.93347427365482, "log10_alpha": -1.278765281514879, "log10_colsample_bytree": -0.1803808946089016, "log10_eta": -2.1042350671131733, "log10_lambda": -0.6999789522539954, "log10_min_child_weight": 1.7660831453628094, "log10_subsample": -0.4749775720141115, "max_depth": 6.0, "num_boost_round": 11.0}, "datetime": {"datetime": "2024-01-19 00:17:41", "elapsed": 360.356378, "delta": 0.000533}}
{"target": -13.75852692188338, "params": {"gamma": 81.77479283269662, "log10_alpha": -2.747098711847449, "log10_colsample_bytree": -0.4198593687762193, "log10_eta": -3.349806346247079, "log10_lambda": -0.18929318054922994, "log10_min_child_weight": 2.4818286589406386, "log10_subsample": -0.9706140976455871, "max_depth": 9.0, "num_boost_round": 0.0}, "datetime": {"datetime": "2024-01-19 00:18:01", "elapsed": 380.241701, "delta": 19.885323}}
{"target": -13.758516148900396, "params": {"gamma": 81.77479283269662, "log10_alpha": -2.747098711847449, "log10_colsample_bytree": -0.4198593687762193, "log10_eta": -3.349806346247079, "log10_lambda": -0.18929318054922994, "log10_min_child_weight": 2.4818286589406386, "log10_subsample": -0.9706140976455871, "max_depth": 9.0, "num_boost_round": 1.0}, "datetime": {"datetime": "2024-01-19 00:18:01", "elapsed": 380.242423, "delta": 0.000722}}
{"target": -13.758511445962219, "params": {"gamma": 81.77479283269662, "log10_alpha": -2.747098711847449, "log10_colsample_bytree": -0.4198593687762193, "log10_eta": -3.349806346247079, "log10_lambda": -0.18929318054922994, "log10_min_child_weight": 2.4818286589406386, "log10_subsample": -0.9706140976455871, "max_depth": 9.0, "num_boost_round": 2.0}, "datetime": {"datetime": "2024-01-19 00:18:01", "elapsed": 380.243019, "delta": 0.000596}}
{"target": -13.758504850514388, "params": {"gamma": 81.77479283269662, "log10_alpha": -2.747098711847449, "log10_colsample_bytree": -0.4198593687762193, "log10_eta": -3.349806346247079, "log10_lambda": -0.18929318054922994, "log10_min_child_weight": 2.4818286589406386, "log10_subsample": -0.9706140976455871, "max_depth": 9.0, "num_boost_round": 3.0}, "datetime": {"datetime": "2024-01-19 00:18:01", "elapsed": 380.243585, "delta": 0.000566}}
{"target": -13.758498686146574, "params": {"gamma": 81.77479283269662, "log10_alpha": -2.747098711847449, "log10_colsample_bytree": -0.4198593687762193, "log10_eta": -3.349806346247079, "log10_lambda": -0.18929318054922994, "log10_min_child_weight": 2.4818286589406386, "log10_subsample": -0.9706140976455871, "max_depth": 9.0, "num_boost_round": 4.0}, "datetime": {"datetime": "2024-01-19 00:18:01", "elapsed": 380.244186, "delta": 0.000601}}
{"target": -13.758499553800304, "params": {"gamma": 81.77479283269662, "log10_alpha": -2.747098711847449, "log10_colsample_bytree": -0.4198593687762193, "log10_eta": -3.349806346247079, "log10_lambda": -0.18929318054922994, "log10_min_child_weight": 2.4818286589406386, "log10_subsample": -0.9706140976455871, "max_depth": 9.0, "num_boost_round": 5.0}, "datetime": {"datetime": "2024-01-19 00:18:01", "elapsed": 380.24474, "delta": 0.000554}}
{"target": -13.758490265129472, "params": {"gamma": 81.77479283269662, "log10_alpha": -2.747098711847449, "log10_colsample_bytree": -0.4198593687762193, "log10_eta": -3.349806346247079, "log10_lambda": -0.18929318054922994, "log10_min_child_weight": 2.4818286589406386, "log10_subsample": -0.9706140976455871, "max_depth": 9.0, "num_boost_round": 6.0}, "datetime": {"datetime": "2024-01-19 00:18:01", "elapsed": 380.2453, "delta": 0.00056}}
{"target": -13.758481555871539, "params": {"gamma": 81.77479283269662, "log10_alpha": -2.747098711847449, "log10_colsample_bytree": -0.4198593687762193, "log10_eta": -3.349806346247079, "log10_lambda": -0.18929318054922994, "log10_min_child_weight": 2.4818286589406386, "log10_subsample": -0.9706140976455871, "max_depth": 9.0, "num_boost_round": 7.0}, "datetime": {"datetime": "2024-01-19 00:18:01", "elapsed": 380.245875, "delta": 0.000575}}
{"target": -13.758472718387239, "params": {"gamma": 81.77479283269662, "log10_alpha": -2.747098711847449, "log10_colsample_bytree": -0.4198593687762193, "log10_eta": -3.349806346247079, "log10_lambda": -0.18929318054922994, "log10_min_child_weight": 2.4818286589406386, "log10_subsample": -0.9706140976455871, "max_depth": 9.0, "num_boost_round": 8.0}, "datetime": {"datetime": "2024-01-19 00:18:01", "elapsed": 380.246449, "delta": 0.000574}}
{"target": -13.758469924810887, "params": {"gamma": 81.77479283269662, "log10_alpha": -2.747098711847449, "log10_colsample_bytree": -0.4198593687762193, "log10_eta": -3.349806346247079, "log10_lambda": -0.18929318054922994, "log10_min_child_weight": 2.4818286589406386, "log10_subsample": -0.9706140976455871, "max_depth": 9.0, "num_boost_round": 9.0}, "datetime": {"datetime": "2024-01-19 00:18:01", "elapsed": 380.247023, "delta": 0.000574}}
{"target": -13.758515343279925, "params": {"gamma": 89.29304002433113, "log10_alpha": 0.3026240573709167, "log10_colsample_bytree": -0.6527293981261909, "log10_eta": -3.0139766738300406, "log10_lambda": -4.003230994143904, "log10_min_child_weight": 0.5154872608530697, "log10_subsample": -0.29860730770357224, "max_depth": 2.0, "num_boost_round": 0.0}, "datetime": {"datetime": "2024-01-19 00:18:19", "elapsed": 398.694403, "delta": 18.44738}}
{"target": -13.758502040467341, "params": {"gamma": 89.29304002433113, "log10_alpha": 0.3026240573709167, "log10_colsample_bytree": -0.6527293981261909, "log10_eta": -3.0139766738300406, "log10_lambda": -4.003230994143904, "log10_min_child_weight": 0.5154872608530697, "log10_subsample": -0.29860730770357224, "max_depth": 2.0, "num_boost_round": 1.0}, "datetime": {"datetime": "2024-01-19 00:18:19", "elapsed": 398.695504, "delta": 0.001101}}
{"target": -13.758507088053216, "params": {"gamma": 89.29304002433113, "log10_alpha": 0.3026240573709167, "log10_colsample_bytree": -0.6527293981261909, "log10_eta": -3.0139766738300406, "log10_lambda": -4.003230994143904, "log10_min_child_weight": 0.5154872608530697, "log10_subsample": -0.29860730770357224, "max_depth": 2.0, "num_boost_round": 2.0}, "datetime": {"datetime": "2024-01-19 00:18:19", "elapsed": 398.696169, "delta": 0.000665}}
{"target": -13.758505240232559, "params": {"gamma": 89.29304002433113, "log10_alpha": 0.3026240573709167, "log10_colsample_bytree": -0.6527293981261909, "log10_eta": -3.0139766738300406, "log10_lambda": -4.003230994143904, "log10_min_child_weight": 0.5154872608530697, "log10_subsample": -0.29860730770357224, "max_depth": 2.0, "num_boost_round": 3.0}, "datetime": {"datetime": "2024-01-19 00:18:19", "elapsed": 398.69674, "delta": 0.000571}}
