{"target": -13.758199922563396, "params": {"gamma": 877.6476644016303, "log10_alpha": 0.8562405606787671, "log10_colsample_bytree": -0.46476814754839846, "log10_eta": -1.7946910105907303, "log10_lambda": 0.7619488987063603, "log10_min_child_weight": 0.4165504403323228, "log10_subsample": -0.8716291641108671, "max_depth": 8.0, "num_boost_round": 14.0}, "datetime": {"datetime": "2024-01-19 00:31:33", "elapsed": 1198.039518, "delta": 0.001979}}
{"target": -13.757541434813403, "params": {"gamma": 877.6476644016303, "log10_alpha": 0.8562405606787671, "log10_colsample_bytree": -0.46476814754839846, "log10_eta": -1.7946910105907303, "log10_lambda": 0.7619488987063603, "log10_min_child_weight": 0.4165504403323228, "log10_subsample": -0.8716291641108671, "max_depth": 8.0, "num_boost_round": 15.0}, "datetime": {"datetime": "2024-01-19 00:31:33", "elapsed": 1198.04152, "delta": 0.002002}}
{"target": -13.757823305285221, "params": {"gamma": 877.6476644016303, "log10_alpha": 0.8562405606787671, "log10_colsample_bytree": -0.46476814754839846, "log10_eta": -1.7946910105907303, "log10_lambda": 0.7619488987063603, "log10_min_child_weight": 0.4165504403323228, "log10_subsample": -0.8716291641108671, "max_depth": 8.0, "num_boost_round": 16.0}, "datetime": {"datetime": "2024-01-19 00:31:33", "elapsed": 1198.043488, "delta": 0.001968}}
{"target": -13.757829460870235, "params": {"gamma": 877.6476644016303, "log10_alpha": 0.8562405606787671, "log10_colsample_bytree": -0.46476814754839846, "log10_eta": -1.7946910105907303, "log10_lambda": 0.7619488987063603, "log10_min_child_weight": 0.4165504403323228, "log10_subsample": -0.8716291641108671, "max_depth": 8.0, "num_boost_round": 17.0}, "datetime": {"datetime": "2024-01-19 00:31:33", "elapsed": 1198.045463, "delta": 0.001975}}
{"target": -13.758782434241601, "params": {"gamma": 877.6476644016303, "log10_alpha": 0.8562405606787671, "log10_colsample_bytree": -0.46476814754839846, "log10_eta": -1.7946910105907303, "log10_lambda": 0.7619488987063603, "log10_min_child_weight": 0.4165504403323228, "log10_subsample": -0.8716291641108671, "max_depth": 8.0, "num_boost_round": 18.0}, "datetime": {"datetime": "2024-01-19 00:31:33", "elapsed": 1198.047452, "delta": 0.001989}}
{"target": -13.758568279209955, "params": {"gamma": 877.6476644016303, "log10_alpha": 0.8562405606787671, "log10_colsample_bytree": -0.46476814754839846, "log10_eta": -1.7946910105907303, "log10_lambda": 0.7619488987063603, "log10_min_child_weight": 0.4165504403323228, "log10_subsample": -0.8716291641108671, "max_depth": 8.0, "num_boost_round": 19.0}, "datetime": {"datetime": "2024-01-19 00:31:33", "elapsed": 1198.049456, "delta": 0.002004}}
{"target": -13.758463632899351, "params": {"gamma": 877.6476644016303, "log10_alpha": 0.8562405606787671, "log10_colsample_bytree": -0.46476814754839846, "log10_eta": -1.7946910105907303, "log10_lambda": 0.7619488987063603, "log10_min_child_weight": 0.4165504403323228, "log10_subsample": -0.8716291641108671, "max_depth": 8.0, "num_boost_round": 20.0}, "datetime": {"datetime": "2024-01-19 00:31:33", "elapsed": 1198.051429, "delta": 0.001973}}
{"target": -13.759077366650011, "params": {"gamma": 877.6476644016303, "log10_alpha": 0.8562405606787671, "log10_colsample_bytree": -0.46476814754839846, "log10_eta": -1.7946910105907303, "log10_lambda": 0.7619488987063603, "log10_min_child_weight": 0.4165504403323228, "log10_subsample": -0.8716291641108671, "max_depth": 8.0, "num_boost_round": 21.0}, "datetime": {"datetime": "2024-01-19 00:31:33", "elapsed": 1198.053604, "delta": 0.002175}}
{"target": -13.75852851928755, "params": {"gamma": 881.4209518983088, "log10_alpha": -3.8515714580860183, "log10_colsample_bytree": -0.4414144961563854, "log10_eta": -3.6969199662701815, "log10_lambda": -2.581264099644179, "log10_min_child_weight": 0.518347739864003, "log10_subsample": -0.11935644004924217, "max_depth": 9.0, "num_boost_round": 0.0}, "datetime": {"datetime": "2024-01-19 00:32:04", "elapsed": 1228.97651, "delta": 30.922906}}
{"target": -13.758517695080696, "params": {"gamma": 881.4209518983088, "log10_alpha": -3.8515714580860183, "log10_colsample_bytree": -0.4414144961563854, "log10_eta": -3.6969199662701815, "log10_lambda": -2.581264099644179, "log10_min_child_weight": 0.518347739864003, "log10_subsample": -0.11935644004924217, "max_depth": 9.0, "num_boost_round": 1.0}, "datetime": {"datetime": "2024-01-19 00:32:04", "elapsed": 1228.979183, "delta": 0.002673}}
{"target": -13.758512416528983, "params": {"gamma": 881.4209518983088, "log10_alpha": -3.8515714580860183, "log10_colsample_bytree": -0.4414144961563854, "log10_eta": -3.6969199662701815, "log10_lambda": -2.581264099644179, "log10_min_child_weight": 0.518347739864003, "log10_subsample": -0.11935644004924217, "max_depth": 9.0, "num_boost_round": 2.0}, "datetime": {"datetime": "2024-01-19 00:32:04", "elapsed": 1228.981231, "delta": 0.002048}}
{"target": -13.758505531785008, "params": {"gamma": 881.4209518983088, "log10_alpha": -3.8515714580860183, "log10_colsample_bytree": -0.4414144961563854, "log10_eta": -3.6969199662701815, "log10_lambda": -2.581264099644179, "log10_min_child_weight": 0.518347739864003, "log10_subsample": -0.11935644004924217, "max_depth": 9.0, "num_boost_round": 3.0}, "datetime": {"datetime": "2024-01-19 00:32:04", "elapsed": 1228.983251, "delta": 0.00202}}
{"target": -13.758486271696123, "params": {"gamma": 881.4209518983088, "log10_alpha": -3.8515714580860183, "log10_colsample_bytree": -0.4414144961563854, "log10_eta": -3.6969199662701815, "log10_lambda": -2.581264099644179, "log10_min_child_weight": 0.518347739864003, "log10_subsample": -0.11935644004924217, "max_depth": 9.0, "num_boost_round": 4.0}, "datetime": {"datetime": "2024-01-19 00:32:04", "elapsed": 1228.985256, "delta": 0.002005}}
{"target": -13.758471562515046, "params": {"gamma": 881.4209518983088, "log10_alpha": -3.8515714580860183, "log10_colsample_bytree": -0.4414144961563854, "log10_eta": -3.6969199662701815, "log10_lambda": -2.581264099644179, "log10_min_child_weight": 0.518347739864003, "log10_subsample": -0.11935644004924217, "max_depth": 9.0, "num_boost_round": 5.0}, "datetime": {"datetime": "2024-01-19 00:32:04", "elapsed": 1228.987246, "delta": 0.00199}}
{"target": -13.758464145495848, "params": {"gamma": 881.4209518983088, "log10_alpha": -3.8515714580860183, "log10_colsample_bytree": -0.4414144961563854, "log10_eta": -3.6969199662701815, "log10_lambda": -2.581264099644179, "log10_min_child_weight": 0.518347739864003, "log10_subsample": -0.11935644004924217, "max_depth": 9.0, "num_boost_round": 6.0}, "datetime": {"datetime": "2024-01-19 00:32:04", "elapsed": 1228.989211, "delta": 0.001965}}
{"target": -13.758467389881659, "params": {"gamma": 881.4209518983088, "log10_alpha": -3.8515714580860183, "log10_colsample_bytree": -0.4414144961563854, "log10_eta": -3.6969199662701815, "log10_lambda": -2.581264099644179, "log10_min_child_weight": 0.518347739864003, "log10_subsample": -0.11935644004924217, "max_depth": 9.0, "num_boost_round": 7.0}, "datetime": {"datetime": "2024-01-19 00:32:04", "elapsed": 1228.991271, "delta": 0.00206}}
{"target": -13.758455128593445, "params": {"gamma": 881.4209518983088, "log10_alpha": -3.8515714580860183, "log10_colsample_bytree": -0.4414144961563854, "log10_eta": -3.6969199662701815, "log10_lambda": -2.581264099644179, "log10_min_child_weight": 0.518347739864003, "log10_subsample": -0.11935644004924217, "max_depth": 9.0, "num_boost_round": 8.0}, "datetime": {"datetime": "2024-01-19 00:32:04", "elapsed": 1228.993383, "delta": 0.002112}}
{"target": -13.758447853443506, "params": {"gamma": 881.4209518983088, "log10_alpha": -3.8515714580860183, "log10_colsample_bytree": -0.4414144961563854, "log10_eta": -3.6969199662701815, "log10_lambda": -2.581264099644179, "log10_min_child_weight": 0.518347739864003, "log10_subsample": -0.11935644004924217, "max_depth": 9.0, "num_boost_round": 9.0}, "datetime": {"datetime": "2024-01-19 00:32:04", "elapsed": 1228.995379, "delta": 0.001996}}
{"target": -13.75843637813106, "params": {"gamma": 881.4209518983088, "log10_alpha": -3.8515714580860183, "log10_colsample_bytree": -0.4414144961563854, "log10_eta": -3.6969199662701815, "log10_lambda": -2.581264099644179, "log10_min_child_weight": 0.518347739864003, "log10_subsample": -0.11935644004924217, "max_depth": 9.0, "num_boost_round": 10.0}, "datetime": {"datetime": "2024-01-19 00:32:04", "elapsed": 1228.997353, "delta": 0.001974}}
{"target": -13.758429438236815, "params": {"gamma": 881.4209518983088, "log10_alpha": -3.8515714580860183, "log10_colsample_bytree": -0.4414144961563854, "log10_eta": -3.6969199662701815, "log10_lambda": -2.581264099644179, "log10_min_child_weight": 0.518347739864003, "log10_subsample": -0.11935644004924217, "max_depth": 9.0, "num_boost_round": 11.0}, "datetime": {"datetime": "2024-01-19 00:32:04", "elapsed": 1228.999349, "delta": 0.001996}}
{"target": -13.758433679611489, "params": {"gamma": 881.4209518983088, "log10_alpha": -3.8515714580860183, "log10_colsample_bytree": -0.4414144961563854, "log10_eta": -3.6969199662701815, "log10_lambda": -2.581264099644179, "log10_min_child_weight": 0.518347739864003, "log10_subsample": -0.11935644004924217, "max_depth": 9.0, "num_boost_round": 12.0}, "datetime": {"datetime": "2024-01-19 00:32:04", "elapsed": 1229.001333, "delta": 0.001984}}
{"target": -13.758432461585018, "params": {"gamma": 881.4209518983088, "log10_alpha": -3.8515714580860183, "log10_colsample_bytree": -0.4414144961563854, "log10_eta": -3.6969199662701815, "log10_lambda": -2.581264099644179, "log10_min_child_weight": 0.518347739864003, "log10_subsample": -0.11935644004924217, "max_depth": 9.0, "num_boost_round": 13.0}, "datetime": {"datetime": "2024-01-19 00:32:04", "elapsed": 1229.003309, "delta": 0.001976}}
{"target": -13.758433486890855, "params": {"gamma": 881.4209518983088, "log10_alpha": -3.8515714580860183, "log10_colsample_bytree": -0.4414144961563854, "log10_eta": -3.6969199662701815, "log10_lambda": -2.581264099644179, "log10_min_child_weight": 0.518347739864003, "log10_subsample": -0.11935644004924217, "max_depth": 9.0, "num_boost_round": 14.0}, "datetime": {"datetime": "2024-01-19 00:32:04", "elapsed": 1229.005302, "delta": 0.001993}}
{"target": -13.7584268670769, "params": {"gamma": 881.4209518983088, "log10_alpha": -3.8515714580860183, "log10_colsample_bytree": -0.4414144961563854, "log10_eta": -3.6969199662701815, "log10_lambda": -2.581264099644179, "log10_min_child_weight": 0.518347739864003, "log10_subsample": -0.11935644004924217, "max_depth": 9.0, "num_boost_round": 15.0}, "datetime": {"datetime": "2024-01-19 00:32:04", "elapsed": 1229.007273, "delta": 0.001971}}
{"target": -13.758414615740826, "params": {"gamma": 881.4209518983088, "log10_alpha": -3.8515714580860183, "log10_colsample_bytree": -0.4414144961563854, "log10_eta": -3.6969199662701815, "log10_lambda": -2.581264099644179, "log10_min_child_weight": 0.518347739864003, "log10_subsample": -0.11935644004924217, "max_depth": 9.0, "num_boost_round": 16.0}, "datetime": {"datetime": "2024-01-19 00:32:04", "elapsed": 1229.009239, "delta": 0.001966}}
{"target": -13.758401203344684, "params": {"gamma": 881.4209518983088, "log10_alpha": -3.8515714580860183, "log10_colsample_bytree": -0.4414144961563854, "log10_eta": -3.6969199662701815, "log10_lambda": -2.581264099644179, "log10_min_child_weight": 0.518347739864003, "log10_subsample": -0.11935644004924217, "max_depth": 9.0, "num_boost_round": 17.0}, "datetime": {"datetime": "2024-01-19 00:32:04", "elapsed": 1229.011314, "delta": 0.002075}}
{"target": -13.758403434514154, "params": {"gamma": 881.4209518983088, "log10_alpha": -3.8515714580860183, "log10_colsample_bytree": -0.4414144961563854, "log10_eta": -3.6969199662701815, "log10_lambda": -2.581264099644179, "log10_min_child_weight": 0.518347739864003, "log10_subsample": -0.11935644004924217, "max_depth": 9.0, "num_boost_round": 18.0}, "datetime": {"datetime": "2024-01-19 00:32:04", "elapsed": 1229.013401, "delta": 0.002087}}
{"target": -13.758387672264837, "params": {"gamma": 881.4209518983088, "log10_alpha": -3.8515714580860183, "log10_colsample_bytree": -0.4414144961563854, "log10_eta": -3.6969199662701815, "log10_lambda": -2.581264099644179, "log10_min_child_weight": 0.518347739864003, "log10_subsample": -0.11935644004924217, "max_depth": 9.0, "num_boost_round": 19.0}, "datetime": {"datetime": "2024-01-19 00:32:04", "elapsed": 1229.015386, "delta": 0.001985}}
{"target": -13.75837390182611, "params": {"gamma": 881.4209518983088, "log10_alpha": -3.8515714580860183, "log10_colsample_bytree": -0.4414144961563854, "log10_eta": -3.6969199662701815, "log10_lambda": -2.581264099644179, "log10_min_child_weight": 0.518347739864003, "log10_subsample": -0.11935644004924217, "max_depth": 9.0, "num_boost_round": 20.0}, "datetime": {"datetime": "2024-01-19 00:32:04", "elapsed": 1229.017389, "delta": 0.002003}}
{"target": -13.758537319414666, "params": {"gamma": 877.5324342952267, "log10_alpha": -0.35451009541354495, "log10_colsample_bytree": -0.5007046460085514, "log10_eta": -3.8185683205765986, "log10_lambda": -3.297679344783453, "log10_min_child_weight": 1.4272502234070938, "log10_subsample": -0.044339764731894604, "max_depth": 2.0, "num_boost_round": 0.0}, "datetime": {"datetime": "2024-01-19 00:32:28", "elapsed": 1252.523789, "delta": 23.5064}}
{"target": -13.7585354539521, "params": {"gamma": 877.5324342952267, "log10_alpha": -0.35451009541354495, "log10_colsample_bytree": -0.5007046460085514, "log10_eta": -3.8185683205765986, "log10_lambda": -3.297679344783453, "log10_min_child_weight": 1.4272502234070938, "log10_subsample": -0.044339764731894604, "max_depth": 2.0, "num_boost_round": 1.0}, "datetime": {"datetime": "2024-01-19 00:32:28", "elapsed": 1252.52655, "delta": 0.002761}}
{"target": -13.758535175789541, "params": {"gamma": 877.5324342952267, "log10_alpha": -0.35451009541354495, "log10_colsample_bytree": -0.5007046460085514, "log10_eta": -3.8185683205765986, "log10_lambda": -3.297679344783453, "log10_min_child_weight": 1.4272502234070938, "log10_subsample": -0.044339764731894604, "max_depth": 2.0, "num_boost_round": 2.0}, "datetime": {"datetime": "2024-01-19 00:32:28", "elapsed": 1252.529076, "delta": 0.002526}}
{"target": -13.758534202099344, "params": {"gamma": 877.5324342952267, "log10_alpha": -0.35451009541354495, "log10_colsample_bytree": -0.5007046460085514, "log10_eta": -3.8185683205765986, "log10_lambda": -3.297679344783453, "log10_min_child_weight": 1.4272502234070938, "log10_subsample": -0.044339764731894604, "max_depth": 2.0, "num_boost_round": 3.0}, "datetime": {"datetime": "2024-01-19 00:32:28", "elapsed": 1252.531197, "delta": 0.002121}}
{"target": -13.758533384095088, "params": {"gamma": 877.5324342952267, "log10_alpha": -0.35451009541354495, "log10_colsample_bytree": -0.5007046460085514, "log10_eta": -3.8185683205765986, "log10_lambda": -3.297679344783453, "log10_min_child_weight": 1.4272502234070938, "log10_subsample": -0.044339764731894604, "max_depth": 2.0, "num_boost_round": 4.0}, "datetime": {"datetime": "2024-01-19 00:32:28", "elapsed": 1252.533435, "delta": 0.002238}}
{"target": -13.758532807207215, "params": {"gamma": 877.5324342952267, "log10_alpha": -0.35451009541354495, "log10_colsample_bytree": -0.5007046460085514, "log10_eta": -3.8185683205765986, "log10_lambda": -3.297679344783453, "log10_min_child_weight": 1.4272502234070938, "log10_subsample": -0.044339764731894604, "max_depth": 2.0, "num_boost_round": 5.0}, "datetime": {"datetime": "2024-01-19 00:32:28", "elapsed": 1252.535693, "delta": 0.002258}}
{"target": -13.758532238951998, "params": {"gamma": 877.5324342952267, "log10_alpha": -0.35451009541354495, "log10_colsample_bytree": -0.5007046460085514, "log10_eta": -3.8185683205765986, "log10_lambda": -3.297679344783453, "log10_min_child_weight": 1.4272502234070938, "log10_subsample": -0.044339764731894604, "max_depth": 2.0, "num_boost_round": 6.0}, "datetime": {"datetime": "2024-01-19 00:32:28", "elapsed": 1252.537809, "delta": 0.002116}}
{"target": -13.758532126814057, "params": {"gamma": 877.5324342952267, "log10_alpha": -0.35451009541354495, "log10_colsample_bytree": -0.5007046460085514, "log10_eta": -3.8185683205765986, "log10_lambda": -3.297679344783453, "log10_min_child_weight": 1.4272502234070938, "log10_subsample": -0.044339764731894604, "max_depth": 2.0, "num_boost_round": 7.0}, "datetime": {"datetime": "2024-01-19 00:32:28", "elapsed": 1252.539941, "delta": 0.002132}}
{"target": -13.758530242704817, "params": {"gamma": 877.5324342952267, "log10_alpha": -0.35451009541354495, "log10_colsample_bytree": -0.5007046460085514, "log10_eta": -3.8185683205765986, "log10_lambda": -3.297679344783453, "log10_min_child_weight": 1.4272502234070938, "log10_subsample": -0.044339764731894604, "max_depth": 2.0, "num_boost_round": 8.0}, "datetime": {"datetime": "2024-01-19 00:32:28", "elapsed": 1252.541951, "delta": 0.00201}}
{"target": -13.758528485743883, "params": {"gamma": 877.5324342952267, "log10_alpha": -0.35451009541354495, "log10_colsample_bytree": -0.5007046460085514, "log10_eta": -3.8185683205765986, "log10_lambda": -3.297679344783453, "log10_min_child_weight": 1.4272502234070938, "log10_subsample": -0.044339764731894604, "max_depth": 2.0, "num_boost_round": 9.0}, "datetime": {"datetime": "2024-01-19 00:32:28", "elapsed": 1252.543984, "delta": 0.002033}}
{"target": -13.7585270820795, "params": {"gamma": 877.5324342952267, "log10_alpha": -0.35451009541354495, "log10_colsample_bytree": -0.5007046460085514, "log10_eta": -3.8185683205765986, "log10_lambda": -3.297679344783453, "log10_min_child_weight": 1.4272502234070938, "log10_subsample": -0.044339764731894604, "max_depth": 2.0, "num_boost_round": 10.0}, "datetime": {"datetime": "2024-01-19 00:32:28", "elapsed": 1252.546006, "delta": 0.002022}}
{"target": -13.758524991916898, "params": {"gamma": 877.5324342952267, "log10_alpha": -0.35451009541354495, "log10_colsample_bytree": -0.5007046460085514, "log10_eta": -3.8185683205765986, "log10_lambda": -3.297679344783453, "log10_min_child_weight": 1.4272502234070938, "log10_subsample": -0.044339764731894604, "max_depth": 2.0, "num_boost_round": 11.0}, "datetime": {"datetime": "2024-01-19 00:32:28", "elapsed": 1252.54802, "delta": 0.002014}}
{"target": -13.758523609307764, "params": {"gamma": 877.5324342952267, "log10_alpha": -0.35451009541354495, "log10_colsample_bytree": -0.5007046460085514, "log10_eta": -3.8185683205765986, "log10_lambda": -3.297679344783453, "log10_min_child_weight": 1.4272502234070938, "log10_subsample": -0.044339764731894604, "max_depth": 2.0, "num_boost_round": 12.0}, "datetime": {"datetime": "2024-01-19 00:32:28", "elapsed": 1252.550035, "delta": 0.002015}}
{"target": -13.758521992997416, "params": {"gamma": 877.5324342952267, "log10_alpha": -0.35451009541354495, "log10_colsample_bytree": -0.5007046460085514, "log10_eta": -3.8185683205765986, "log10_lambda": -3.297679344783453, "log10_min_child_weight": 1.4272502234070938, "log10_subsample": -0.044339764731894604, "max_depth": 2.0, "num_boost_round": 13.0}, "datetime": {"datetime": "2024-01-19 00:32:28", "elapsed": 1252.552305, "delta": 0.00227}}
{"target": -13.758521545797736, "params": {"gamma": 877.5324342952267, "log10_alpha": -0.35451009541354495, "log10_colsample_bytree": -0.5007046460085514, "log10_eta": -3.8185683205765986, "log10_lambda": -3.297679344783453, "log10_min_child_weight": 1.4272502234070938, "log10_subsample": -0.044339764731894604, "max_depth": 2.0, "num_boost_round": 14.0}, "datetime": {"datetime": "2024-01-19 00:32:28", "elapsed": 1252.554335, "delta": 0.00203}}
{"target": -13.758518481776287, "params": {"gamma": 877.5324342952267, "log10_alpha": -0.35451009541354495, "log10_colsample_bytree": -0.5007046460085514, "log10_eta": -3.8185683205765986, "log10_lambda": -3.297679344783453, "log10_min_child_weight": 1.4272502234070938, "log10_subsample": -0.044339764731894604, "max_depth": 2.0, "num_boost_round": 15.0}, "datetime": {"datetime": "2024-01-19 00:32:28", "elapsed": 1252.556347, "delta": 0.002012}}
{"target": -13.758517075240736, "params": {"gamma": 877.5324342952267, "log10_alpha": -0.35451009541354495, "log10_colsample_bytree": -0.5007046460085514, "log10_eta": -3.8185683205765986, "log10_lambda": -3.297679344783453, "log10_min_child_weight": 1.4272502234070938, "log10_subsample": -0.044339764731894604, "max_depth": 2.0, "num_boost_round": 16.0}, "datetime": {"datetime": "2024-01-19 00:32:28", "elapsed": 1252.558363, "delta": 0.002016}}
{"target": -13.758516891531828, "params": {"gamma": 877.5324342952267, "log10_alpha": -0.35451009541354495, "log10_colsample_bytree": -0.5007046460085514, "log10_eta": -3.8185683205765986, "log10_lambda": -3.297679344783453, "log10_min_child_weight": 1.4272502234070938, "log10_subsample": -0.044339764731894604, "max_depth": 2.0, "num_boost_round": 17.0}, "datetime": {"datetime": "2024-01-19 00:32:28", "elapsed": 1252.560397, "delta": 0.002034}}
{"target": -13.7585167644398, "params": {"gamma": 877.5324342952267, "log10_alpha": -0.35451009541354495, "log10_colsample_bytree": -0.5007046460085514, "log10_eta": -3.8185683205765986, "log10_lambda": -3.297679344783453, "log10_min_child_weight": 1.4272502234070938, "log10_subsample": -0.044339764731894604, "max_depth": 2.0, "num_boost_round": 18.0}, "datetime": {"datetime": "2024-01-19 00:32:28", "elapsed": 1252.562408, "delta": 0.002011}}
{"target": -13.758428260914698, "params": {"gamma": 879.2300161098066, "log10_alpha": -1.2783873121883307, "log10_colsample_bytree": -0.9229799421256447, "log10_eta": -2.6429046889448498, "log10_lambda": -3.631430854364132, "log10_min_child_weight": 0.5274866328603245, "log10_subsample": -0.5404827436830856, "max_depth": 7.0, "num_boost_round": 0.0}, "datetime": {"datetime": "2024-01-19 00:33:04", "elapsed": 1288.5097, "delta": 35.947292}}
