{"target": -13.764186813402096, "params": {"gamma": 82.99328683308782, "log10_alpha": -3.7228539125138247, "log10_colsample_bytree": -0.20292740397455966, "log10_eta": -1.5816037453390104, "log10_lambda": -0.38826888333610654, "log10_min_child_weight": 1.3214358986763253, "log10_subsample": -0.6469188932639323, "max_depth": 3.0, "num_boost_round": 37.0}, "datetime": {"datetime": "2024-01-19 02:03:25", "elapsed": 6725.873915, "delta": 0.004929}}
{"target": -13.76463587124751, "params": {"gamma": 82.99328683308782, "log10_alpha": -3.7228539125138247, "log10_colsample_bytree": -0.20292740397455966, "log10_eta": -1.5816037453390104, "log10_lambda": -0.38826888333610654, "log10_min_child_weight": 1.3214358986763253, "log10_subsample": -0.6469188932639323, "max_depth": 3.0, "num_boost_round": 38.0}, "datetime": {"datetime": "2024-01-19 02:03:25", "elapsed": 6725.878831, "delta": 0.004916}}
{"target": -13.764674620886987, "params": {"gamma": 82.99328683308782, "log10_alpha": -3.7228539125138247, "log10_colsample_bytree": -0.20292740397455966, "log10_eta": -1.5816037453390104, "log10_lambda": -0.38826888333610654, "log10_min_child_weight": 1.3214358986763253, "log10_subsample": -0.6469188932639323, "max_depth": 3.0, "num_boost_round": 39.0}, "datetime": {"datetime": "2024-01-19 02:03:25", "elapsed": 6725.883819, "delta": 0.004988}}
{"target": -13.758534015043338, "params": {"gamma": 80.45666236424987, "log10_alpha": -2.2320969628191816, "log10_colsample_bytree": -0.18351784052118636, "log10_eta": -3.67695227385203, "log10_lambda": 0.7323379778338666, "log10_min_child_weight": 4.098768963148912, "log10_subsample": -0.1765567547549428, "max_depth": 8.0, "num_boost_round": 0.0}, "datetime": {"datetime": "2024-01-19 02:04:43", "elapsed": 6803.97527, "delta": 78.091451}}
{"target": -13.758530354781726, "params": {"gamma": 80.45666236424987, "log10_alpha": -2.2320969628191816, "log10_colsample_bytree": -0.18351784052118636, "log10_eta": -3.67695227385203, "log10_lambda": 0.7323379778338666, "log10_min_child_weight": 4.098768963148912, "log10_subsample": -0.1765567547549428, "max_depth": 8.0, "num_boost_round": 1.0}, "datetime": {"datetime": "2024-01-19 02:04:43", "elapsed": 6803.980935, "delta": 0.005665}}
{"target": -13.758530766704927, "params": {"gamma": 80.45666236424987, "log10_alpha": -2.2320969628191816, "log10_colsample_bytree": -0.18351784052118636, "log10_eta": -3.67695227385203, "log10_lambda": 0.7323379778338666, "log10_min_child_weight": 4.098768963148912, "log10_subsample": -0.1765567547549428, "max_depth": 8.0, "num_boost_round": 2.0}, "datetime": {"datetime": "2024-01-19 02:04:43", "elapsed": 6803.986282, "delta": 0.005347}}
{"target": -13.758526585332, "params": {"gamma": 80.45666236424987, "log10_alpha": -2.2320969628191816, "log10_colsample_bytree": -0.18351784052118636, "log10_eta": -3.67695227385203, "log10_lambda": 0.7323379778338666, "log10_min_child_weight": 4.098768963148912, "log10_subsample": -0.1765567547549428, "max_depth": 8.0, "num_boost_round": 3.0}, "datetime": {"datetime": "2024-01-19 02:04:43", "elapsed": 6803.991566, "delta": 0.005284}}
{"target": -13.758528810617005, "params": {"gamma": 80.45666236424987, "log10_alpha": -2.2320969628191816, "log10_colsample_bytree": -0.18351784052118636, "log10_eta": -3.67695227385203, "log10_lambda": 0.7323379778338666, "log10_min_child_weight": 4.098768963148912, "log10_subsample": -0.1765567547549428, "max_depth": 8.0, "num_boost_round": 4.0}, "datetime": {"datetime": "2024-01-19 02:04:43", "elapsed": 6803.996502, "delta": 0.004936}}
{"target": -13.758523056612459, "params": {"gamma": 80.45666236424987, "log10_alpha": -2.2320969628191816, "log10_colsample_bytree": -0.18351784052118636, "log10_eta": -3.67695227385203, "log10_lambda": 0.7323379778338666, "log10_min_child_weight": 4.098768963148912, "log10_subsample": -0.1765567547549428, "max_depth": 8.0, "num_boost_round": 5.0}, "datetime": {"datetime": "2024-01-19 02:04:44", "elapsed": 6804.001717, "delta": 0.005215}}
{"target": -13.758521267252545, "params": {"gamma": 80.45666236424987, "log10_alpha": -2.2320969628191816, "log10_colsample_bytree": -0.18351784052118636, "log10_eta": -3.67695227385203, "log10_lambda": 0.7323379778338666, "log10_min_child_weight": 4.098768963148912, "log10_subsample": -0.1765567547549428, "max_depth": 8.0, "num_boost_round": 6.0}, "datetime": {"datetime": "2024-01-19 02:04:44", "elapsed": 6804.006648, "delta": 0.004931}}
{"target": -13.758520570946041, "params": {"gamma": 80.45666236424987, "log10_alpha": -2.2320969628191816, "log10_colsample_bytree": -0.18351784052118636, "log10_eta": -3.67695227385203, "log10_lambda": 0.7323379778338666, "log10_min_child_weight": 4.098768963148912, "log10_subsample": -0.1765567547549428, "max_depth": 8.0, "num_boost_round": 7.0}, "datetime": {"datetime": "2024-01-19 02:04:44", "elapsed": 6804.011781, "delta": 0.005133}}
{"target": -13.758520364867122, "params": {"gamma": 80.45666236424987, "log10_alpha": -2.2320969628191816, "log10_colsample_bytree": -0.18351784052118636, "log10_eta": -3.67695227385203, "log10_lambda": 0.7323379778338666, "log10_min_child_weight": 4.098768963148912, "log10_subsample": -0.1765567547549428, "max_depth": 8.0, "num_boost_round": 8.0}, "datetime": {"datetime": "2024-01-19 02:04:44", "elapsed": 6804.130231, "delta": 0.11845}}
{"target": -13.75851928629782, "params": {"gamma": 80.45666236424987, "log10_alpha": -2.2320969628191816, "log10_colsample_bytree": -0.18351784052118636, "log10_eta": -3.67695227385203, "log10_lambda": 0.7323379778338666, "log10_min_child_weight": 4.098768963148912, "log10_subsample": -0.1765567547549428, "max_depth": 8.0, "num_boost_round": 9.0}, "datetime": {"datetime": "2024-01-19 02:04:44", "elapsed": 6804.136046, "delta": 0.005815}}
{"target": -13.758515378164232, "params": {"gamma": 80.45666236424987, "log10_alpha": -2.2320969628191816, "log10_colsample_bytree": -0.18351784052118636, "log10_eta": -3.67695227385203, "log10_lambda": 0.7323379778338666, "log10_min_child_weight": 4.098768963148912, "log10_subsample": -0.1765567547549428, "max_depth": 8.0, "num_boost_round": 10.0}, "datetime": {"datetime": "2024-01-19 02:04:44", "elapsed": 6804.141376, "delta": 0.00533}}
{"target": -13.758506173858096, "params": {"gamma": 80.45666236424987, "log10_alpha": -2.2320969628191816, "log10_colsample_bytree": -0.18351784052118636, "log10_eta": -3.67695227385203, "log10_lambda": 0.7323379778338666, "log10_min_child_weight": 4.098768963148912, "log10_subsample": -0.1765567547549428, "max_depth": 8.0, "num_boost_round": 11.0}, "datetime": {"datetime": "2024-01-19 02:04:44", "elapsed": 6804.146684, "delta": 0.005308}}
{"target": -13.758504730133579, "params": {"gamma": 80.45666236424987, "log10_alpha": -2.2320969628191816, "log10_colsample_bytree": -0.18351784052118636, "log10_eta": -3.67695227385203, "log10_lambda": 0.7323379778338666, "log10_min_child_weight": 4.098768963148912, "log10_subsample": -0.1765567547549428, "max_depth": 8.0, "num_boost_round": 12.0}, "datetime": {"datetime": "2024-01-19 02:04:44", "elapsed": 6804.151925, "delta": 0.005241}}
{"target": -13.758507232467819, "params": {"gamma": 80.45666236424987, "log10_alpha": -2.2320969628191816, "log10_colsample_bytree": -0.18351784052118636, "log10_eta": -3.67695227385203, "log10_lambda": 0.7323379778338666, "log10_min_child_weight": 4.098768963148912, "log10_subsample": -0.1765567547549428, "max_depth": 8.0, "num_boost_round": 13.0}, "datetime": {"datetime": "2024-01-19 02:04:44", "elapsed": 6804.157137, "delta": 0.005212}}
{"target": -13.75850776393521, "params": {"gamma": 80.45666236424987, "log10_alpha": -2.2320969628191816, "log10_colsample_bytree": -0.18351784052118636, "log10_eta": -3.67695227385203, "log10_lambda": 0.7323379778338666, "log10_min_child_weight": 4.098768963148912, "log10_subsample": -0.1765567547549428, "max_depth": 8.0, "num_boost_round": 14.0}, "datetime": {"datetime": "2024-01-19 02:04:44", "elapsed": 6804.162429, "delta": 0.005292}}
{"target": -13.758506623918434, "params": {"gamma": 80.45666236424987, "log10_alpha": -2.2320969628191816, "log10_colsample_bytree": -0.18351784052118636, "log10_eta": -3.67695227385203, "log10_lambda": 0.7323379778338666, "log10_min_child_weight": 4.098768963148912, "log10_subsample": -0.1765567547549428, "max_depth": 8.0, "num_boost_round": 15.0}, "datetime": {"datetime": "2024-01-19 02:04:44", "elapsed": 6804.167652, "delta": 0.005223}}
{"target": -13.758502338010008, "params": {"gamma": 80.45666236424987, "log10_alpha": -2.2320969628191816, "log10_colsample_bytree": -0.18351784052118636, "log10_eta": -3.67695227385203, "log10_lambda": 0.7323379778338666, "log10_min_child_weight": 4.098768963148912, "log10_subsample": -0.1765567547549428, "max_depth": 8.0, "num_boost_round": 16.0}, "datetime": {"datetime": "2024-01-19 02:04:44", "elapsed": 6804.172869, "delta": 0.005217}}
{"target": -13.758502237557677, "params": {"gamma": 80.45666236424987, "log10_alpha": -2.2320969628191816, "log10_colsample_bytree": -0.18351784052118636, "log10_eta": -3.67695227385203, "log10_lambda": 0.7323379778338666, "log10_min_child_weight": 4.098768963148912, "log10_subsample": -0.1765567547549428, "max_depth": 8.0, "num_boost_round": 17.0}, "datetime": {"datetime": "2024-01-19 02:04:44", "elapsed": 6804.178046, "delta": 0.005177}}
{"target": -13.75850585215332, "params": {"gamma": 80.45666236424987, "log10_alpha": -2.2320969628191816, "log10_colsample_bytree": -0.18351784052118636, "log10_eta": -3.67695227385203, "log10_lambda": 0.7323379778338666, "log10_min_child_weight": 4.098768963148912, "log10_subsample": -0.1765567547549428, "max_depth": 8.0, "num_boost_round": 18.0}, "datetime": {"datetime": "2024-01-19 02:04:44", "elapsed": 6804.183307, "delta": 0.005261}}
{"target": -13.758502243355103, "params": {"gamma": 80.45666236424987, "log10_alpha": -2.2320969628191816, "log10_colsample_bytree": -0.18351784052118636, "log10_eta": -3.67695227385203, "log10_lambda": 0.7323379778338666, "log10_min_child_weight": 4.098768963148912, "log10_subsample": -0.1765567547549428, "max_depth": 8.0, "num_boost_round": 19.0}, "datetime": {"datetime": "2024-01-19 02:04:44", "elapsed": 6804.188559, "delta": 0.005252}}
{"target": -13.758502211422226, "params": {"gamma": 80.45666236424987, "log10_alpha": -2.2320969628191816, "log10_colsample_bytree": -0.18351784052118636, "log10_eta": -3.67695227385203, "log10_lambda": 0.7323379778338666, "log10_min_child_weight": 4.098768963148912, "log10_subsample": -0.1765567547549428, "max_depth": 8.0, "num_boost_round": 20.0}, "datetime": {"datetime": "2024-01-19 02:04:44", "elapsed": 6804.193902, "delta": 0.005343}}
{"target": -13.758501737916832, "params": {"gamma": 80.45666236424987, "log10_alpha": -2.2320969628191816, "log10_colsample_bytree": -0.18351784052118636, "log10_eta": -3.67695227385203, "log10_lambda": 0.7323379778338666, "log10_min_child_weight": 4.098768963148912, "log10_subsample": -0.1765567547549428, "max_depth": 8.0, "num_boost_round": 21.0}, "datetime": {"datetime": "2024-01-19 02:04:44", "elapsed": 6804.199289, "delta": 0.005387}}
{"target": -13.758500365990765, "params": {"gamma": 80.45666236424987, "log10_alpha": -2.2320969628191816, "log10_colsample_bytree": -0.18351784052118636, "log10_eta": -3.67695227385203, "log10_lambda": 0.7323379778338666, "log10_min_child_weight": 4.098768963148912, "log10_subsample": -0.1765567547549428, "max_depth": 8.0, "num_boost_round": 22.0}, "datetime": {"datetime": "2024-01-19 02:04:44", "elapsed": 6804.204462, "delta": 0.005173}}
{"target": -13.75849705093231, "params": {"gamma": 80.45666236424987, "log10_alpha": -2.2320969628191816, "log10_colsample_bytree": -0.18351784052118636, "log10_eta": -3.67695227385203, "log10_lambda": 0.7323379778338666, "log10_min_child_weight": 4.098768963148912, "log10_subsample": -0.1765567547549428, "max_depth": 8.0, "num_boost_round": 23.0}, "datetime": {"datetime": "2024-01-19 02:04:44", "elapsed": 6804.209681, "delta": 0.005219}}
{"target": -13.758498839709231, "params": {"gamma": 80.45666236424987, "log10_alpha": -2.2320969628191816, "log10_colsample_bytree": -0.18351784052118636, "log10_eta": -3.67695227385203, "log10_lambda": 0.7323379778338666, "log10_min_child_weight": 4.098768963148912, "log10_subsample": -0.1765567547549428, "max_depth": 8.0, "num_boost_round": 24.0}, "datetime": {"datetime": "2024-01-19 02:04:44", "elapsed": 6804.214929, "delta": 0.005248}}
{"target": -13.758495466216013, "params": {"gamma": 80.45666236424987, "log10_alpha": -2.2320969628191816, "log10_colsample_bytree": -0.18351784052118636, "log10_eta": -3.67695227385203, "log10_lambda": 0.7323379778338666, "log10_min_child_weight": 4.098768963148912, "log10_subsample": -0.1765567547549428, "max_depth": 8.0, "num_boost_round": 25.0}, "datetime": {"datetime": "2024-01-19 02:04:44", "elapsed": 6804.22017, "delta": 0.005241}}
{"target": -13.75853766674549, "params": {"gamma": 83.88288246290043, "log10_alpha": -4.72475159349569, "log10_colsample_bytree": -0.8552337796224536, "log10_eta": -3.7160863400412953, "log10_lambda": -1.4339594145935664, "log10_min_child_weight": 4.27189220317465, "log10_subsample": -0.8021070544120228, "max_depth": 6.0, "num_boost_round": 0.0}, "datetime": {"datetime": "2024-01-19 02:06:07", "elapsed": 6887.539291, "delta": 83.319121}}
{"target": -13.758535552476982, "params": {"gamma": 83.88288246290043, "log10_alpha": -4.72475159349569, "log10_colsample_bytree": -0.8552337796224536, "log10_eta": -3.7160863400412953, "log10_lambda": -1.4339594145935664, "log10_min_child_weight": 4.27189220317465, "log10_subsample": -0.8021070544120228, "max_depth": 6.0, "num_boost_round": 1.0}, "datetime": {"datetime": "2024-01-19 02:06:07", "elapsed": 6887.545589, "delta": 0.006298}}
{"target": -13.758534759315102, "params": {"gamma": 83.88288246290043, "log10_alpha": -4.72475159349569, "log10_colsample_bytree": -0.8552337796224536, "log10_eta": -3.7160863400412953, "log10_lambda": -1.4339594145935664, "log10_min_child_weight": 4.27189220317465, "log10_subsample": -0.8021070544120228, "max_depth": 6.0, "num_boost_round": 2.0}, "datetime": {"datetime": "2024-01-19 02:06:07", "elapsed": 6887.551007, "delta": 0.005418}}
{"target": -13.758534439358618, "params": {"gamma": 83.88288246290043, "log10_alpha": -4.72475159349569, "log10_colsample_bytree": -0.8552337796224536, "log10_eta": -3.7160863400412953, "log10_lambda": -1.4339594145935664, "log10_min_child_weight": 4.27189220317465, "log10_subsample": -0.8021070544120228, "max_depth": 6.0, "num_boost_round": 3.0}, "datetime": {"datetime": "2024-01-19 02:06:07", "elapsed": 6887.556556, "delta": 0.005549}}
{"target": -13.758534221529835, "params": {"gamma": 83.88288246290043, "log10_alpha": -4.72475159349569, "log10_colsample_bytree": -0.8552337796224536, "log10_eta": -3.7160863400412953, "log10_lambda": -1.4339594145935664, "log10_min_child_weight": 4.27189220317465, "log10_subsample": -0.8021070544120228, "max_depth": 6.0, "num_boost_round": 4.0}, "datetime": {"datetime": "2024-01-19 02:06:07", "elapsed": 6887.561988, "delta": 0.005432}}
{"target": -13.758534075570623, "params": {"gamma": 83.88288246290043, "log10_alpha": -4.72475159349569, "log10_colsample_bytree": -0.8552337796224536, "log10_eta": -3.7160863400412953, "log10_lambda": -1.4339594145935664, "log10_min_child_weight": 4.27189220317465, "log10_subsample": -0.8021070544120228, "max_depth": 6.0, "num_boost_round": 5.0}, "datetime": {"datetime": "2024-01-19 02:06:07", "elapsed": 6887.567247, "delta": 0.005259}}
{"target": -13.758534094564483, "params": {"gamma": 83.88288246290043, "log10_alpha": -4.72475159349569, "log10_colsample_bytree": -0.8552337796224536, "log10_eta": -3.7160863400412953, "log10_lambda": -1.4339594145935664, "log10_min_child_weight": 4.27189220317465, "log10_subsample": -0.8021070544120228, "max_depth": 6.0, "num_boost_round": 6.0}, "datetime": {"datetime": "2024-01-19 02:06:07", "elapsed": 6887.573002, "delta": 0.005755}}
{"target": -13.758533747652026, "params": {"gamma": 83.88288246290043, "log10_alpha": -4.72475159349569, "log10_colsample_bytree": -0.8552337796224536, "log10_eta": -3.7160863400412953, "log10_lambda": -1.4339594145935664, "log10_min_child_weight": 4.27189220317465, "log10_subsample": -0.8021070544120228, "max_depth": 6.0, "num_boost_round": 7.0}, "datetime": {"datetime": "2024-01-19 02:06:07", "elapsed": 6887.578486, "delta": 0.005484}}
{"target": -13.758533740187678, "params": {"gamma": 83.88288246290043, "log10_alpha": -4.72475159349569, "log10_colsample_bytree": -0.8552337796224536, "log10_eta": -3.7160863400412953, "log10_lambda": -1.4339594145935664, "log10_min_child_weight": 4.27189220317465, "log10_subsample": -0.8021070544120228, "max_depth": 6.0, "num_boost_round": 8.0}, "datetime": {"datetime": "2024-01-19 02:06:07", "elapsed": 6887.583854, "delta": 0.005368}}
{"target": -13.758534432321875, "params": {"gamma": 83.88288246290043, "log10_alpha": -4.72475159349569, "log10_colsample_bytree": -0.8552337796224536, "log10_eta": -3.7160863400412953, "log10_lambda": -1.4339594145935664, "log10_min_child_weight": 4.27189220317465, "log10_subsample": -0.8021070544120228, "max_depth": 6.0, "num_boost_round": 9.0}, "datetime": {"datetime": "2024-01-19 02:06:07", "elapsed": 6887.589412, "delta": 0.005558}}
{"target": -13.758534071910436, "params": {"gamma": 83.88288246290043, "log10_alpha": -4.72475159349569, "log10_colsample_bytree": -0.8552337796224536, "log10_eta": -3.7160863400412953, "log10_lambda": -1.4339594145935664, "log10_min_child_weight": 4.27189220317465, "log10_subsample": -0.8021070544120228, "max_depth": 6.0, "num_boost_round": 10.0}, "datetime": {"datetime": "2024-01-19 02:06:07", "elapsed": 6887.594507, "delta": 0.005095}}
{"target": -13.75853296871013, "params": {"gamma": 83.88288246290043, "log10_alpha": -4.72475159349569, "log10_colsample_bytree": -0.8552337796224536, "log10_eta": -3.7160863400412953, "log10_lambda": -1.4339594145935664, "log10_min_child_weight": 4.27189220317465, "log10_subsample": -0.8021070544120228, "max_depth": 6.0, "num_boost_round": 11.0}, "datetime": {"datetime": "2024-01-19 02:06:07", "elapsed": 6887.59967, "delta": 0.005163}}
{"target": -13.758533874515502, "params": {"gamma": 83.88288246290043, "log10_alpha": -4.72475159349569, "log10_colsample_bytree": -0.8552337796224536, "log10_eta": -3.7160863400412953, "log10_lambda": -1.4339594145935664, "log10_min_child_weight": 4.27189220317465, "log10_subsample": -0.8021070544120228, "max_depth": 6.0, "num_boost_round": 12.0}, "datetime": {"datetime": "2024-01-19 02:06:07", "elapsed": 6887.605018, "delta": 0.005348}}
{"target": -13.758532177102492, "params": {"gamma": 83.88288246290043, "log10_alpha": -4.72475159349569, "log10_colsample_bytree": -0.8552337796224536, "log10_eta": -3.7160863400412953, "log10_lambda": -1.4339594145935664, "log10_min_child_weight": 4.27189220317465, "log10_subsample": -0.8021070544120228, "max_depth": 6.0, "num_boost_round": 13.0}, "datetime": {"datetime": "2024-01-19 02:06:07", "elapsed": 6887.610244, "delta": 0.005226}}
{"target": -13.758531857220445, "params": {"gamma": 83.88288246290043, "log10_alpha": -4.72475159349569, "log10_colsample_bytree": -0.8552337796224536, "log10_eta": -3.7160863400412953, "log10_lambda": -1.4339594145935664, "log10_min_child_weight": 4.27189220317465, "log10_subsample": -0.8021070544120228, "max_depth": 6.0, "num_boost_round": 14.0}, "datetime": {"datetime": "2024-01-19 02:06:07", "elapsed": 6887.61545, "delta": 0.005206}}
{"target": -13.758530806409043, "params": {"gamma": 83.88288246290043, "log10_alpha": -4.72475159349569, "log10_colsample_bytree": -0.8552337796224536, "log10_eta": -3.7160863400412953, "log10_lambda": -1.4339594145935664, "log10_min_child_weight": 4.27189220317465, "log10_subsample": -0.8021070544120228, "max_depth": 6.0, "num_boost_round": 15.0}, "datetime": {"datetime": "2024-01-19 02:06:07", "elapsed": 6887.620616, "delta": 0.005166}}
{"target": -13.758529111481343, "params": {"gamma": 83.88288246290043, "log10_alpha": -4.72475159349569, "log10_colsample_bytree": -0.8552337796224536, "log10_eta": -3.7160863400412953, "log10_lambda": -1.4339594145935664, "log10_min_child_weight": 4.27189220317465, "log10_subsample": -0.8021070544120228, "max_depth": 6.0, "num_boost_round": 16.0}, "datetime": {"datetime": "2024-01-19 02:06:07", "elapsed": 6887.625644, "delta": 0.005028}}
{"target": -13.758528232076017, "params": {"gamma": 83.88288246290043, "log10_alpha": -4.72475159349569, "log10_colsample_bytree": -0.8552337796224536, "log10_eta": -3.7160863400412953, "log10_lambda": -1.4339594145935664, "log10_min_child_weight": 4.27189220317465, "log10_subsample": -0.8021070544120228, "max_depth": 6.0, "num_boost_round": 17.0}, "datetime": {"datetime": "2024-01-19 02:06:07", "elapsed": 6887.630752, "delta": 0.005108}}
{"target": -13.758527987802895, "params": {"gamma": 83.88288246290043, "log10_alpha": -4.72475159349569, "log10_colsample_bytree": -0.8552337796224536, "log10_eta": -3.7160863400412953, "log10_lambda": -1.4339594145935664, "log10_min_child_weight": 4.27189220317465, "log10_subsample": -0.8021070544120228, "max_depth": 6.0, "num_boost_round": 18.0}, "datetime": {"datetime": "2024-01-19 02:06:07", "elapsed": 6887.63598, "delta": 0.005228}}
{"target": -13.758527889631807, "params": {"gamma": 83.88288246290043, "log10_alpha": -4.72475159349569, "log10_colsample_bytree": -0.8552337796224536, "log10_eta": -3.7160863400412953, "log10_lambda": -1.4339594145935664, "log10_min_child_weight": 4.27189220317465, "log10_subsample": -0.8021070544120228, "max_depth": 6.0, "num_boost_round": 19.0}, "datetime": {"datetime": "2024-01-19 02:06:07", "elapsed": 6887.641074, "delta": 0.005094}}
