{"target": -17.677180564326637, "params": {"gamma": 462.85509218803554, "log10_alpha": -3.8441312254718873, "log10_colsample_bytree": -0.572519750316632, "log10_eta": -3.9493603598294533, "log10_lambda": -3.581151524244743, "log10_min_child_weight": 0.4040458771790689, "log10_subsample": -0.4296963739612414, "max_depth": 8.0, "num_boost_round": 8.0}, "datetime": {"datetime": "2024-01-19 01:01:03", "elapsed": 2968.322312, "delta": 0.002452}}
{"target": -17.677178439464953, "params": {"gamma": 462.85509218803554, "log10_alpha": -3.8441312254718873, "log10_colsample_bytree": -0.572519750316632, "log10_eta": -3.9493603598294533, "log10_lambda": -3.581151524244743, "log10_min_child_weight": 0.4040458771790689, "log10_subsample": -0.4296963739612414, "max_depth": 8.0, "num_boost_round": 9.0}, "datetime": {"datetime": "2024-01-19 01:01:03", "elapsed": 2968.324773, "delta": 0.002461}}
{"target": -17.677171164718487, "params": {"gamma": 462.85509218803554, "log10_alpha": -3.8441312254718873, "log10_colsample_bytree": -0.572519750316632, "log10_eta": -3.9493603598294533, "log10_lambda": -3.581151524244743, "log10_min_child_weight": 0.4040458771790689, "log10_subsample": -0.4296963739612414, "max_depth": 8.0, "num_boost_round": 10.0}, "datetime": {"datetime": "2024-01-19 01:01:03", "elapsed": 2968.327228, "delta": 0.002455}}
{"target": -17.677168014625547, "params": {"gamma": 462.85509218803554, "log10_alpha": -3.8441312254718873, "log10_colsample_bytree": -0.572519750316632, "log10_eta": -3.9493603598294533, "log10_lambda": -3.581151524244743, "log10_min_child_weight": 0.4040458771790689, "log10_subsample": -0.4296963739612414, "max_depth": 8.0, "num_boost_round": 11.0}, "datetime": {"datetime": "2024-01-19 01:01:03", "elapsed": 2968.329689, "delta": 0.002461}}
{"target": -17.677167257684662, "params": {"gamma": 462.85509218803554, "log10_alpha": -3.8441312254718873, "log10_colsample_bytree": -0.572519750316632, "log10_eta": -3.9493603598294533, "log10_lambda": -3.581151524244743, "log10_min_child_weight": 0.4040458771790689, "log10_subsample": -0.4296963739612414, "max_depth": 8.0, "num_boost_round": 12.0}, "datetime": {"datetime": "2024-01-19 01:01:03", "elapsed": 2968.332592, "delta": 0.002903}}
{"target": -17.67723032629746, "params": {"gamma": 421.1017232749978, "log10_alpha": -2.4408231769513895, "log10_colsample_bytree": -1.0, "log10_eta": -4.0, "log10_lambda": -0.46615862992083396, "log10_min_child_weight": 2.599703962229071, "log10_subsample": -0.9272933381964684, "max_depth": 3.0, "num_boost_round": 0.0}, "datetime": {"datetime": "2024-01-19 01:01:45", "elapsed": 3009.795135, "delta": 41.462543}}
{"target": -17.677229445589738, "params": {"gamma": 421.1017232749978, "log10_alpha": -2.4408231769513895, "log10_colsample_bytree": -1.0, "log10_eta": -4.0, "log10_lambda": -0.46615862992083396, "log10_min_child_weight": 2.599703962229071, "log10_subsample": -0.9272933381964684, "max_depth": 3.0, "num_boost_round": 1.0}, "datetime": {"datetime": "2024-01-19 01:01:45", "elapsed": 3009.798388, "delta": 0.003253}}
{"target": -17.67722852420805, "params": {"gamma": 421.1017232749978, "log10_alpha": -2.4408231769513895, "log10_colsample_bytree": -1.0, "log10_eta": -4.0, "log10_lambda": -0.46615862992083396, "log10_min_child_weight": 2.599703962229071, "log10_subsample": -0.9272933381964684, "max_depth": 3.0, "num_boost_round": 2.0}, "datetime": {"datetime": "2024-01-19 01:01:45", "elapsed": 3009.804895, "delta": 0.006507}}
{"target": -17.67722605125397, "params": {"gamma": 421.1017232749978, "log10_alpha": -2.4408231769513895, "log10_colsample_bytree": -1.0, "log10_eta": -4.0, "log10_lambda": -0.46615862992083396, "log10_min_child_weight": 2.599703962229071, "log10_subsample": -0.9272933381964684, "max_depth": 3.0, "num_boost_round": 3.0}, "datetime": {"datetime": "2024-01-19 01:01:45", "elapsed": 3009.807348, "delta": 0.002453}}
{"target": -17.677222817095625, "params": {"gamma": 421.1017232749978, "log10_alpha": -2.4408231769513895, "log10_colsample_bytree": -1.0, "log10_eta": -4.0, "log10_lambda": -0.46615862992083396, "log10_min_child_weight": 2.599703962229071, "log10_subsample": -0.9272933381964684, "max_depth": 3.0, "num_boost_round": 4.0}, "datetime": {"datetime": "2024-01-19 01:01:45", "elapsed": 3009.809813, "delta": 0.002465}}
{"target": -17.677221885766777, "params": {"gamma": 421.1017232749978, "log10_alpha": -2.4408231769513895, "log10_colsample_bytree": -1.0, "log10_eta": -4.0, "log10_lambda": -0.46615862992083396, "log10_min_child_weight": 2.599703962229071, "log10_subsample": -0.9272933381964684, "max_depth": 3.0, "num_boost_round": 5.0}, "datetime": {"datetime": "2024-01-19 01:01:45", "elapsed": 3009.812358, "delta": 0.002545}}
{"target": -17.677219244696744, "params": {"gamma": 421.1017232749978, "log10_alpha": -2.4408231769513895, "log10_colsample_bytree": -1.0, "log10_eta": -4.0, "log10_lambda": -0.46615862992083396, "log10_min_child_weight": 2.599703962229071, "log10_subsample": -0.9272933381964684, "max_depth": 3.0, "num_boost_round": 6.0}, "datetime": {"datetime": "2024-01-19 01:01:45", "elapsed": 3009.814884, "delta": 0.002526}}
{"target": -17.677216849275972, "params": {"gamma": 421.1017232749978, "log10_alpha": -2.4408231769513895, "log10_colsample_bytree": -1.0, "log10_eta": -4.0, "log10_lambda": -0.46615862992083396, "log10_min_child_weight": 2.599703962229071, "log10_subsample": -0.9272933381964684, "max_depth": 3.0, "num_boost_round": 7.0}, "datetime": {"datetime": "2024-01-19 01:01:45", "elapsed": 3009.817308, "delta": 0.002424}}
{"target": -17.677215463478305, "params": {"gamma": 421.1017232749978, "log10_alpha": -2.4408231769513895, "log10_colsample_bytree": -1.0, "log10_eta": -4.0, "log10_lambda": -0.46615862992083396, "log10_min_child_weight": 2.599703962229071, "log10_subsample": -0.9272933381964684, "max_depth": 3.0, "num_boost_round": 8.0}, "datetime": {"datetime": "2024-01-19 01:01:45", "elapsed": 3009.819698, "delta": 0.00239}}
{"target": -17.677213627770143, "params": {"gamma": 421.1017232749978, "log10_alpha": -2.4408231769513895, "log10_colsample_bytree": -1.0, "log10_eta": -4.0, "log10_lambda": -0.46615862992083396, "log10_min_child_weight": 2.599703962229071, "log10_subsample": -0.9272933381964684, "max_depth": 3.0, "num_boost_round": 9.0}, "datetime": {"datetime": "2024-01-19 01:01:45", "elapsed": 3009.822097, "delta": 0.002399}}
{"target": -17.677213150893134, "params": {"gamma": 421.1017232749978, "log10_alpha": -2.4408231769513895, "log10_colsample_bytree": -1.0, "log10_eta": -4.0, "log10_lambda": -0.46615862992083396, "log10_min_child_weight": 2.599703962229071, "log10_subsample": -0.9272933381964684, "max_depth": 3.0, "num_boost_round": 10.0}, "datetime": {"datetime": "2024-01-19 01:01:45", "elapsed": 3009.82452, "delta": 0.002423}}
{"target": -17.677211789933867, "params": {"gamma": 421.1017232749978, "log10_alpha": -2.4408231769513895, "log10_colsample_bytree": -1.0, "log10_eta": -4.0, "log10_lambda": -0.46615862992083396, "log10_min_child_weight": 2.599703962229071, "log10_subsample": -0.9272933381964684, "max_depth": 3.0, "num_boost_round": 11.0}, "datetime": {"datetime": "2024-01-19 01:01:45", "elapsed": 3009.826942, "delta": 0.002422}}
{"target": -17.67720907723483, "params": {"gamma": 421.1017232749978, "log10_alpha": -2.4408231769513895, "log10_colsample_bytree": -1.0, "log10_eta": -4.0, "log10_lambda": -0.46615862992083396, "log10_min_child_weight": 2.599703962229071, "log10_subsample": -0.9272933381964684, "max_depth": 3.0, "num_boost_round": 12.0}, "datetime": {"datetime": "2024-01-19 01:01:45", "elapsed": 3009.82935, "delta": 0.002408}}
{"target": -17.677207825338908, "params": {"gamma": 421.1017232749978, "log10_alpha": -2.4408231769513895, "log10_colsample_bytree": -1.0, "log10_eta": -4.0, "log10_lambda": -0.46615862992083396, "log10_min_child_weight": 2.599703962229071, "log10_subsample": -0.9272933381964684, "max_depth": 3.0, "num_boost_round": 13.0}, "datetime": {"datetime": "2024-01-19 01:01:45", "elapsed": 3009.831833, "delta": 0.002483}}
{"target": -17.67720741021528, "params": {"gamma": 421.1017232749978, "log10_alpha": -2.4408231769513895, "log10_colsample_bytree": -1.0, "log10_eta": -4.0, "log10_lambda": -0.46615862992083396, "log10_min_child_weight": 2.599703962229071, "log10_subsample": -0.9272933381964684, "max_depth": 3.0, "num_boost_round": 14.0}, "datetime": {"datetime": "2024-01-19 01:01:45", "elapsed": 3009.83437, "delta": 0.002537}}
{"target": -17.677204795545766, "params": {"gamma": 421.1017232749978, "log10_alpha": -2.4408231769513895, "log10_colsample_bytree": -1.0, "log10_eta": -4.0, "log10_lambda": -0.46615862992083396, "log10_min_child_weight": 2.599703962229071, "log10_subsample": -0.9272933381964684, "max_depth": 3.0, "num_boost_round": 15.0}, "datetime": {"datetime": "2024-01-19 01:01:45", "elapsed": 3009.836854, "delta": 0.002484}}
{"target": -17.67720409467558, "params": {"gamma": 421.1017232749978, "log10_alpha": -2.4408231769513895, "log10_colsample_bytree": -1.0, "log10_eta": -4.0, "log10_lambda": -0.46615862992083396, "log10_min_child_weight": 2.599703962229071, "log10_subsample": -0.9272933381964684, "max_depth": 3.0, "num_boost_round": 16.0}, "datetime": {"datetime": "2024-01-19 01:01:45", "elapsed": 3009.839288, "delta": 0.002434}}
{"target": -17.67720140878113, "params": {"gamma": 421.1017232749978, "log10_alpha": -2.4408231769513895, "log10_colsample_bytree": -1.0, "log10_eta": -4.0, "log10_lambda": -0.46615862992083396, "log10_min_child_weight": 2.599703962229071, "log10_subsample": -0.9272933381964684, "max_depth": 3.0, "num_boost_round": 17.0}, "datetime": {"datetime": "2024-01-19 01:01:45", "elapsed": 3009.841734, "delta": 0.002446}}
{"target": -17.67720104513714, "params": {"gamma": 421.1017232749978, "log10_alpha": -2.4408231769513895, "log10_colsample_bytree": -1.0, "log10_eta": -4.0, "log10_lambda": -0.46615862992083396, "log10_min_child_weight": 2.599703962229071, "log10_subsample": -0.9272933381964684, "max_depth": 3.0, "num_boost_round": 18.0}, "datetime": {"datetime": "2024-01-19 01:01:45", "elapsed": 3009.844189, "delta": 0.002455}}
{"target": -17.677225627519228, "params": {"gamma": 419.280446791196, "log10_alpha": -1.666151265797566, "log10_colsample_bytree": -0.9237696376459492, "log10_eta": -3.3503402007736724, "log10_lambda": -3.268746965956373, "log10_min_child_weight": 0.3018666693519839, "log10_subsample": -0.46218589671319876, "max_depth": 7.0, "num_boost_round": 0.0}, "datetime": {"datetime": "2024-01-19 01:02:31", "elapsed": 3055.720068, "delta": 45.875879}}
{"target": -17.67721763246173, "params": {"gamma": 419.280446791196, "log10_alpha": -1.666151265797566, "log10_colsample_bytree": -0.9237696376459492, "log10_eta": -3.3503402007736724, "log10_lambda": -3.268746965956373, "log10_min_child_weight": 0.3018666693519839, "log10_subsample": -0.46218589671319876, "max_depth": 7.0, "num_boost_round": 1.0}, "datetime": {"datetime": "2024-01-19 01:02:31", "elapsed": 3055.723139, "delta": 0.003071}}
{"target": -17.67721567980964, "params": {"gamma": 419.280446791196, "log10_alpha": -1.666151265797566, "log10_colsample_bytree": -0.9237696376459492, "log10_eta": -3.3503402007736724, "log10_lambda": -3.268746965956373, "log10_min_child_weight": 0.3018666693519839, "log10_subsample": -0.46218589671319876, "max_depth": 7.0, "num_boost_round": 2.0}, "datetime": {"datetime": "2024-01-19 01:02:31", "elapsed": 3055.725749, "delta": 0.00261}}
{"target": -17.677215577162638, "params": {"gamma": 419.280446791196, "log10_alpha": -1.666151265797566, "log10_colsample_bytree": -0.9237696376459492, "log10_eta": -3.3503402007736724, "log10_lambda": -3.268746965956373, "log10_min_child_weight": 0.3018666693519839, "log10_subsample": -0.46218589671319876, "max_depth": 7.0, "num_boost_round": 3.0}, "datetime": {"datetime": "2024-01-19 01:02:31", "elapsed": 3055.728269, "delta": 0.00252}}
{"target": -17.677198033564853, "params": {"gamma": 419.280446791196, "log10_alpha": -1.666151265797566, "log10_colsample_bytree": -0.9237696376459492, "log10_eta": -3.3503402007736724, "log10_lambda": -3.268746965956373, "log10_min_child_weight": 0.3018666693519839, "log10_subsample": -0.46218589671319876, "max_depth": 7.0, "num_boost_round": 4.0}, "datetime": {"datetime": "2024-01-19 01:02:31", "elapsed": 3055.730846, "delta": 0.002577}}
{"target": -17.67720253590046, "params": {"gamma": 419.280446791196, "log10_alpha": -1.666151265797566, "log10_colsample_bytree": -0.9237696376459492, "log10_eta": -3.3503402007736724, "log10_lambda": -3.268746965956373, "log10_min_child_weight": 0.3018666693519839, "log10_subsample": -0.46218589671319876, "max_depth": 7.0, "num_boost_round": 5.0}, "datetime": {"datetime": "2024-01-19 01:02:31", "elapsed": 3055.733345, "delta": 0.002499}}
{"target": -17.67722936264864, "params": {"gamma": 419.280446791196, "log10_alpha": -1.666151265797566, "log10_colsample_bytree": -0.9237696376459492, "log10_eta": -3.3503402007736724, "log10_lambda": -3.268746965956373, "log10_min_child_weight": 0.3018666693519839, "log10_subsample": -0.46218589671319876, "max_depth": 7.0, "num_boost_round": 6.0}, "datetime": {"datetime": "2024-01-19 01:02:31", "elapsed": 3055.735922, "delta": 0.002577}}
{"target": -17.677200053830067, "params": {"gamma": 419.280446791196, "log10_alpha": -1.666151265797566, "log10_colsample_bytree": -0.9237696376459492, "log10_eta": -3.3503402007736724, "log10_lambda": -3.268746965956373, "log10_min_child_weight": 0.3018666693519839, "log10_subsample": -0.46218589671319876, "max_depth": 7.0, "num_boost_round": 7.0}, "datetime": {"datetime": "2024-01-19 01:02:31", "elapsed": 3055.738458, "delta": 0.002536}}
{"target": -17.677191216029247, "params": {"gamma": 419.280446791196, "log10_alpha": -1.666151265797566, "log10_colsample_bytree": -0.9237696376459492, "log10_eta": -3.3503402007736724, "log10_lambda": -3.268746965956373, "log10_min_child_weight": 0.3018666693519839, "log10_subsample": -0.46218589671319876, "max_depth": 7.0, "num_boost_round": 8.0}, "datetime": {"datetime": "2024-01-19 01:02:31", "elapsed": 3055.740921, "delta": 0.002463}}
{"target": -17.67717050542065, "params": {"gamma": 419.280446791196, "log10_alpha": -1.666151265797566, "log10_colsample_bytree": -0.9237696376459492, "log10_eta": -3.3503402007736724, "log10_lambda": -3.268746965956373, "log10_min_child_weight": 0.3018666693519839, "log10_subsample": -0.46218589671319876, "max_depth": 7.0, "num_boost_round": 9.0}, "datetime": {"datetime": "2024-01-19 01:02:31", "elapsed": 3055.743406, "delta": 0.002485}}
{"target": -17.677153560649888, "params": {"gamma": 419.280446791196, "log10_alpha": -1.666151265797566, "log10_colsample_bytree": -0.9237696376459492, "log10_eta": -3.3503402007736724, "log10_lambda": -3.268746965956373, "log10_min_child_weight": 0.3018666693519839, "log10_subsample": -0.46218589671319876, "max_depth": 7.0, "num_boost_round": 10.0}, "datetime": {"datetime": "2024-01-19 01:02:31", "elapsed": 3055.745898, "delta": 0.002492}}
{"target": -17.67712843358121, "params": {"gamma": 419.280446791196, "log10_alpha": -1.666151265797566, "log10_colsample_bytree": -0.9237696376459492, "log10_eta": -3.3503402007736724, "log10_lambda": -3.268746965956373, "log10_min_child_weight": 0.3018666693519839, "log10_subsample": -0.46218589671319876, "max_depth": 7.0, "num_boost_round": 11.0}, "datetime": {"datetime": "2024-01-19 01:02:31", "elapsed": 3055.748404, "delta": 0.002506}}
{"target": -17.677098601273507, "params": {"gamma": 419.280446791196, "log10_alpha": -1.666151265797566, "log10_colsample_bytree": -0.9237696376459492, "log10_eta": -3.3503402007736724, "log10_lambda": -3.268746965956373, "log10_min_child_weight": 0.3018666693519839, "log10_subsample": -0.46218589671319876, "max_depth": 7.0, "num_boost_round": 12.0}, "datetime": {"datetime": "2024-01-19 01:02:31", "elapsed": 3055.750941, "delta": 0.002537}}
{"target": -17.677094101086393, "params": {"gamma": 419.280446791196, "log10_alpha": -1.666151265797566, "log10_colsample_bytree": -0.9237696376459492, "log10_eta": -3.3503402007736724, "log10_lambda": -3.268746965956373, "log10_min_child_weight": 0.3018666693519839, "log10_subsample": -0.46218589671319876, "max_depth": 7.0, "num_boost_round": 13.0}, "datetime": {"datetime": "2024-01-19 01:02:31", "elapsed": 3055.753486, "delta": 0.002545}}
{"target": -17.67709334262099, "params": {"gamma": 419.280446791196, "log10_alpha": -1.666151265797566, "log10_colsample_bytree": -0.9237696376459492, "log10_eta": -3.3503402007736724, "log10_lambda": -3.268746965956373, "log10_min_child_weight": 0.3018666693519839, "log10_subsample": -0.46218589671319876, "max_depth": 7.0, "num_boost_round": 14.0}, "datetime": {"datetime": "2024-01-19 01:02:31", "elapsed": 3055.755951, "delta": 0.002465}}
{"target": -17.677081392017815, "params": {"gamma": 419.280446791196, "log10_alpha": -1.666151265797566, "log10_colsample_bytree": -0.9237696376459492, "log10_eta": -3.3503402007736724, "log10_lambda": -3.268746965956373, "log10_min_child_weight": 0.3018666693519839, "log10_subsample": -0.46218589671319876, "max_depth": 7.0, "num_boost_round": 15.0}, "datetime": {"datetime": "2024-01-19 01:02:31", "elapsed": 3055.758429, "delta": 0.002478}}
{"target": -17.677072350072656, "params": {"gamma": 419.280446791196, "log10_alpha": -1.666151265797566, "log10_colsample_bytree": -0.9237696376459492, "log10_eta": -3.3503402007736724, "log10_lambda": -3.268746965956373, "log10_min_child_weight": 0.3018666693519839, "log10_subsample": -0.46218589671319876, "max_depth": 7.0, "num_boost_round": 16.0}, "datetime": {"datetime": "2024-01-19 01:02:31", "elapsed": 3055.760887, "delta": 0.002458}}
{"target": -17.677061504655068, "params": {"gamma": 419.280446791196, "log10_alpha": -1.666151265797566, "log10_colsample_bytree": -0.9237696376459492, "log10_eta": -3.3503402007736724, "log10_lambda": -3.268746965956373, "log10_min_child_weight": 0.3018666693519839, "log10_subsample": -0.46218589671319876, "max_depth": 7.0, "num_boost_round": 17.0}, "datetime": {"datetime": "2024-01-19 01:02:31", "elapsed": 3055.763339, "delta": 0.002452}}
{"target": -17.67705820764806, "params": {"gamma": 419.280446791196, "log10_alpha": -1.666151265797566, "log10_colsample_bytree": -0.9237696376459492, "log10_eta": -3.3503402007736724, "log10_lambda": -3.268746965956373, "log10_min_child_weight": 0.3018666693519839, "log10_subsample": -0.46218589671319876, "max_depth": 7.0, "num_boost_round": 18.0}, "datetime": {"datetime": "2024-01-19 01:02:31", "elapsed": 3055.765785, "delta": 0.002446}}
{"target": -17.67701596473312, "params": {"gamma": 419.280446791196, "log10_alpha": -1.666151265797566, "log10_colsample_bytree": -0.9237696376459492, "log10_eta": -3.3503402007736724, "log10_lambda": -3.268746965956373, "log10_min_child_weight": 0.3018666693519839, "log10_subsample": -0.46218589671319876, "max_depth": 7.0, "num_boost_round": 19.0}, "datetime": {"datetime": "2024-01-19 01:02:31", "elapsed": 3055.768284, "delta": 0.002499}}
{"target": -17.676986737638785, "params": {"gamma": 419.280446791196, "log10_alpha": -1.666151265797566, "log10_colsample_bytree": -0.9237696376459492, "log10_eta": -3.3503402007736724, "log10_lambda": -3.268746965956373, "log10_min_child_weight": 0.3018666693519839, "log10_subsample": -0.46218589671319876, "max_depth": 7.0, "num_boost_round": 20.0}, "datetime": {"datetime": "2024-01-19 01:02:31", "elapsed": 3055.770779, "delta": 0.002495}}
{"target": -17.676964381865993, "params": {"gamma": 419.280446791196, "log10_alpha": -1.666151265797566, "log10_colsample_bytree": -0.9237696376459492, "log10_eta": -3.3503402007736724, "log10_lambda": -3.268746965956373, "log10_min_child_weight": 0.3018666693519839, "log10_subsample": -0.46218589671319876, "max_depth": 7.0, "num_boost_round": 21.0}, "datetime": {"datetime": "2024-01-19 01:02:31", "elapsed": 3055.773264, "delta": 0.002485}}
{"target": -17.676922388373143, "params": {"gamma": 419.280446791196, "log10_alpha": -1.666151265797566, "log10_colsample_bytree": -0.9237696376459492, "log10_eta": -3.3503402007736724, "log10_lambda": -3.268746965956373, "log10_min_child_weight": 0.3018666693519839, "log10_subsample": -0.46218589671319876, "max_depth": 7.0, "num_boost_round": 22.0}, "datetime": {"datetime": "2024-01-19 01:02:31", "elapsed": 3055.775907, "delta": 0.002643}}
{"target": -17.67688483033766, "params": {"gamma": 419.280446791196, "log10_alpha": -1.666151265797566, "log10_colsample_bytree": -0.9237696376459492, "log10_eta": -3.3503402007736724, "log10_lambda": -3.268746965956373, "log10_min_child_weight": 0.3018666693519839, "log10_subsample": -0.46218589671319876, "max_depth": 7.0, "num_boost_round": 23.0}, "datetime": {"datetime": "2024-01-19 01:02:31", "elapsed": 3055.778496, "delta": 0.002589}}
{"target": -17.676884510018198, "params": {"gamma": 419.280446791196, "log10_alpha": -1.666151265797566, "log10_colsample_bytree": -0.9237696376459492, "log10_eta": -3.3503402007736724, "log10_lambda": -3.268746965956373, "log10_min_child_weight": 0.3018666693519839, "log10_subsample": -0.46218589671319876, "max_depth": 7.0, "num_boost_round": 24.0}, "datetime": {"datetime": "2024-01-19 01:02:31", "elapsed": 3055.781166, "delta": 0.00267}}
{"target": -17.67684550252547, "params": {"gamma": 419.280446791196, "log10_alpha": -1.666151265797566, "log10_colsample_bytree": -0.9237696376459492, "log10_eta": -3.3503402007736724, "log10_lambda": -3.268746965956373, "log10_min_child_weight": 0.3018666693519839, "log10_subsample": -0.46218589671319876, "max_depth": 7.0, "num_boost_round": 25.0}, "datetime": {"datetime": "2024-01-19 01:02:31", "elapsed": 3055.783638, "delta": 0.002472}}
