{"target": -17.676749809207262, "params": {"gamma": 13.801710771897845, "log10_alpha": 0.11744713181219879, "log10_colsample_bytree": -0.44224411769052097, "log10_eta": -3.257296912620031, "log10_lambda": -3.1417696073839307, "log10_min_child_weight": 0.12767531963191803, "log10_subsample": -0.1769642138624442, "max_depth": 2.0, "num_boost_round": 37.0}, "datetime": {"datetime": "2024-01-19 00:26:57", "elapsed": 971.654177, "delta": 0.001212}}
{"target": -17.67673722285248, "params": {"gamma": 13.801710771897845, "log10_alpha": 0.11744713181219879, "log10_colsample_bytree": -0.44224411769052097, "log10_eta": -3.257296912620031, "log10_lambda": -3.1417696073839307, "log10_min_child_weight": 0.12767531963191803, "log10_subsample": -0.1769642138624442, "max_depth": 2.0, "num_boost_round": 38.0}, "datetime": {"datetime": "2024-01-19 00:26:57", "elapsed": 971.655368, "delta": 0.001191}}
{"target": -17.67672473129854, "params": {"gamma": 13.801710771897845, "log10_alpha": 0.11744713181219879, "log10_colsample_bytree": -0.44224411769052097, "log10_eta": -3.257296912620031, "log10_lambda": -3.1417696073839307, "log10_min_child_weight": 0.12767531963191803, "log10_subsample": -0.1769642138624442, "max_depth": 2.0, "num_boost_round": 39.0}, "datetime": {"datetime": "2024-01-19 00:26:57", "elapsed": 971.656681, "delta": 0.001313}}
{"target": -17.677224657169948, "params": {"gamma": 8.824492307474507, "log10_alpha": 0.5635221819775804, "log10_colsample_bytree": -0.08362722398849964, "log10_eta": -3.642028033093494, "log10_lambda": -4.602882731497442, "log10_min_child_weight": 2.945702517157459, "log10_subsample": -0.3063837138415685, "max_depth": 4.0, "num_boost_round": 0.0}, "datetime": {"datetime": "2024-01-19 00:27:22", "elapsed": 996.097422, "delta": 24.440741}}
{"target": -17.67721184270373, "params": {"gamma": 8.824492307474507, "log10_alpha": 0.5635221819775804, "log10_colsample_bytree": -0.08362722398849964, "log10_eta": -3.642028033093494, "log10_lambda": -4.602882731497442, "log10_min_child_weight": 2.945702517157459, "log10_subsample": -0.3063837138415685, "max_depth": 4.0, "num_boost_round": 1.0}, "datetime": {"datetime": "2024-01-19 00:27:22", "elapsed": 996.098816, "delta": 0.001394}}
{"target": -17.67720609694942, "params": {"gamma": 8.824492307474507, "log10_alpha": 0.5635221819775804, "log10_colsample_bytree": -0.08362722398849964, "log10_eta": -3.642028033093494, "log10_lambda": -4.602882731497442, "log10_min_child_weight": 2.945702517157459, "log10_subsample": -0.3063837138415685, "max_depth": 4.0, "num_boost_round": 2.0}, "datetime": {"datetime": "2024-01-19 00:27:22", "elapsed": 996.100034, "delta": 0.001218}}
{"target": -17.677196061212886, "params": {"gamma": 8.824492307474507, "log10_alpha": 0.5635221819775804, "log10_colsample_bytree": -0.08362722398849964, "log10_eta": -3.642028033093494, "log10_lambda": -4.602882731497442, "log10_min_child_weight": 2.945702517157459, "log10_subsample": -0.3063837138415685, "max_depth": 4.0, "num_boost_round": 3.0}, "datetime": {"datetime": "2024-01-19 00:27:22", "elapsed": 996.101413, "delta": 0.001379}}
{"target": -17.67718838621445, "params": {"gamma": 8.824492307474507, "log10_alpha": 0.5635221819775804, "log10_colsample_bytree": -0.08362722398849964, "log10_eta": -3.642028033093494, "log10_lambda": -4.602882731497442, "log10_min_child_weight": 2.945702517157459, "log10_subsample": -0.3063837138415685, "max_depth": 4.0, "num_boost_round": 4.0}, "datetime": {"datetime": "2024-01-19 00:27:22", "elapsed": 996.10318, "delta": 0.001767}}
{"target": -17.677177227093946, "params": {"gamma": 8.824492307474507, "log10_alpha": 0.5635221819775804, "log10_colsample_bytree": -0.08362722398849964, "log10_eta": -3.642028033093494, "log10_lambda": -4.602882731497442, "log10_min_child_weight": 2.945702517157459, "log10_subsample": -0.3063837138415685, "max_depth": 4.0, "num_boost_round": 5.0}, "datetime": {"datetime": "2024-01-19 00:27:22", "elapsed": 996.104411, "delta": 0.001231}}
{"target": -17.67717015157855, "params": {"gamma": 8.824492307474507, "log10_alpha": 0.5635221819775804, "log10_colsample_bytree": -0.08362722398849964, "log10_eta": -3.642028033093494, "log10_lambda": -4.602882731497442, "log10_min_child_weight": 2.945702517157459, "log10_subsample": -0.3063837138415685, "max_depth": 4.0, "num_boost_round": 6.0}, "datetime": {"datetime": "2024-01-19 00:27:22", "elapsed": 996.105744, "delta": 0.001333}}
{"target": -17.677159021839962, "params": {"gamma": 8.824492307474507, "log10_alpha": 0.5635221819775804, "log10_colsample_bytree": -0.08362722398849964, "log10_eta": -3.642028033093494, "log10_lambda": -4.602882731497442, "log10_min_child_weight": 2.945702517157459, "log10_subsample": -0.3063837138415685, "max_depth": 4.0, "num_boost_round": 7.0}, "datetime": {"datetime": "2024-01-19 00:27:22", "elapsed": 996.107012, "delta": 0.001268}}
{"target": -17.67714845549198, "params": {"gamma": 8.824492307474507, "log10_alpha": 0.5635221819775804, "log10_colsample_bytree": -0.08362722398849964, "log10_eta": -3.642028033093494, "log10_lambda": -4.602882731497442, "log10_min_child_weight": 2.945702517157459, "log10_subsample": -0.3063837138415685, "max_depth": 4.0, "num_boost_round": 8.0}, "datetime": {"datetime": "2024-01-19 00:27:22", "elapsed": 996.108202, "delta": 0.00119}}
{"target": -17.677139506517644, "params": {"gamma": 8.824492307474507, "log10_alpha": 0.5635221819775804, "log10_colsample_bytree": -0.08362722398849964, "log10_eta": -3.642028033093494, "log10_lambda": -4.602882731497442, "log10_min_child_weight": 2.945702517157459, "log10_subsample": -0.3063837138415685, "max_depth": 4.0, "num_boost_round": 9.0}, "datetime": {"datetime": "2024-01-19 00:27:22", "elapsed": 996.109421, "delta": 0.001219}}
{"target": -17.677131856654057, "params": {"gamma": 8.824492307474507, "log10_alpha": 0.5635221819775804, "log10_colsample_bytree": -0.08362722398849964, "log10_eta": -3.642028033093494, "log10_lambda": -4.602882731497442, "log10_min_child_weight": 2.945702517157459, "log10_subsample": -0.3063837138415685, "max_depth": 4.0, "num_boost_round": 10.0}, "datetime": {"datetime": "2024-01-19 00:27:22", "elapsed": 996.110614, "delta": 0.001193}}
{"target": -17.677123537512788, "params": {"gamma": 8.824492307474507, "log10_alpha": 0.5635221819775804, "log10_colsample_bytree": -0.08362722398849964, "log10_eta": -3.642028033093494, "log10_lambda": -4.602882731497442, "log10_min_child_weight": 2.945702517157459, "log10_subsample": -0.3063837138415685, "max_depth": 4.0, "num_boost_round": 11.0}, "datetime": {"datetime": "2024-01-19 00:27:22", "elapsed": 996.111854, "delta": 0.00124}}
{"target": -17.67711069560057, "params": {"gamma": 8.824492307474507, "log10_alpha": 0.5635221819775804, "log10_colsample_bytree": -0.08362722398849964, "log10_eta": -3.642028033093494, "log10_lambda": -4.602882731497442, "log10_min_child_weight": 2.945702517157459, "log10_subsample": -0.3063837138415685, "max_depth": 4.0, "num_boost_round": 12.0}, "datetime": {"datetime": "2024-01-19 00:27:22", "elapsed": 996.113051, "delta": 0.001197}}
{"target": -17.67710133643725, "params": {"gamma": 8.824492307474507, "log10_alpha": 0.5635221819775804, "log10_colsample_bytree": -0.08362722398849964, "log10_eta": -3.642028033093494, "log10_lambda": -4.602882731497442, "log10_min_child_weight": 2.945702517157459, "log10_subsample": -0.3063837138415685, "max_depth": 4.0, "num_boost_round": 13.0}, "datetime": {"datetime": "2024-01-19 00:27:22", "elapsed": 996.114241, "delta": 0.00119}}
{"target": -17.677018621552303, "params": {"gamma": 18.62948235769879, "log10_alpha": 0.5486192968602, "log10_colsample_bytree": -0.344216300384668, "log10_eta": -2.218196631543166, "log10_lambda": -2.0205653384966267, "log10_min_child_weight": 3.478073079579941, "log10_subsample": -0.08246595508677645, "max_depth": 9.0, "num_boost_round": 0.0}, "datetime": {"datetime": "2024-01-19 00:28:03", "elapsed": 1037.624276, "delta": 41.510035}}
{"target": -17.676624063903763, "params": {"gamma": 18.62948235769879, "log10_alpha": 0.5486192968602, "log10_colsample_bytree": -0.344216300384668, "log10_eta": -2.218196631543166, "log10_lambda": -2.0205653384966267, "log10_min_child_weight": 3.478073079579941, "log10_subsample": -0.08246595508677645, "max_depth": 9.0, "num_boost_round": 1.0}, "datetime": {"datetime": "2024-01-19 00:28:03", "elapsed": 1037.626478, "delta": 0.002202}}
{"target": -17.676338969492267, "params": {"gamma": 18.62948235769879, "log10_alpha": 0.5486192968602, "log10_colsample_bytree": -0.344216300384668, "log10_eta": -2.218196631543166, "log10_lambda": -2.0205653384966267, "log10_min_child_weight": 3.478073079579941, "log10_subsample": -0.08246595508677645, "max_depth": 9.0, "num_boost_round": 2.0}, "datetime": {"datetime": "2024-01-19 00:28:03", "elapsed": 1037.628222, "delta": 0.001744}}
{"target": -17.676183652954613, "params": {"gamma": 18.62948235769879, "log10_alpha": 0.5486192968602, "log10_colsample_bytree": -0.344216300384668, "log10_eta": -2.218196631543166, "log10_lambda": -2.0205653384966267, "log10_min_child_weight": 3.478073079579941, "log10_subsample": -0.08246595508677645, "max_depth": 9.0, "num_boost_round": 3.0}, "datetime": {"datetime": "2024-01-19 00:28:03", "elapsed": 1037.629672, "delta": 0.00145}}
{"target": -17.676079468521603, "params": {"gamma": 18.62948235769879, "log10_alpha": 0.5486192968602, "log10_colsample_bytree": -0.344216300384668, "log10_eta": -2.218196631543166, "log10_lambda": -2.0205653384966267, "log10_min_child_weight": 3.478073079579941, "log10_subsample": -0.08246595508677645, "max_depth": 9.0, "num_boost_round": 4.0}, "datetime": {"datetime": "2024-01-19 00:28:03", "elapsed": 1037.631126, "delta": 0.001454}}
{"target": -17.676117212224376, "params": {"gamma": 18.62948235769879, "log10_alpha": 0.5486192968602, "log10_colsample_bytree": -0.344216300384668, "log10_eta": -2.218196631543166, "log10_lambda": -2.0205653384966267, "log10_min_child_weight": 3.478073079579941, "log10_subsample": -0.08246595508677645, "max_depth": 9.0, "num_boost_round": 5.0}, "datetime": {"datetime": "2024-01-19 00:28:03", "elapsed": 1037.632524, "delta": 0.001398}}
{"target": -17.676362813571384, "params": {"gamma": 18.62948235769879, "log10_alpha": 0.5486192968602, "log10_colsample_bytree": -0.344216300384668, "log10_eta": -2.218196631543166, "log10_lambda": -2.0205653384966267, "log10_min_child_weight": 3.478073079579941, "log10_subsample": -0.08246595508677645, "max_depth": 9.0, "num_boost_round": 6.0}, "datetime": {"datetime": "2024-01-19 00:28:03", "elapsed": 1037.633852, "delta": 0.001328}}
{"target": -17.67613378583262, "params": {"gamma": 18.62948235769879, "log10_alpha": 0.5486192968602, "log10_colsample_bytree": -0.344216300384668, "log10_eta": -2.218196631543166, "log10_lambda": -2.0205653384966267, "log10_min_child_weight": 3.478073079579941, "log10_subsample": -0.08246595508677645, "max_depth": 9.0, "num_boost_round": 7.0}, "datetime": {"datetime": "2024-01-19 00:28:03", "elapsed": 1037.635158, "delta": 0.001306}}
{"target": -17.67620206841371, "params": {"gamma": 18.62948235769879, "log10_alpha": 0.5486192968602, "log10_colsample_bytree": -0.344216300384668, "log10_eta": -2.218196631543166, "log10_lambda": -2.0205653384966267, "log10_min_child_weight": 3.478073079579941, "log10_subsample": -0.08246595508677645, "max_depth": 9.0, "num_boost_round": 8.0}, "datetime": {"datetime": "2024-01-19 00:28:03", "elapsed": 1037.636547, "delta": 0.001389}}
{"target": -17.676143152989564, "params": {"gamma": 18.62948235769879, "log10_alpha": 0.5486192968602, "log10_colsample_bytree": -0.344216300384668, "log10_eta": -2.218196631543166, "log10_lambda": -2.0205653384966267, "log10_min_child_weight": 3.478073079579941, "log10_subsample": -0.08246595508677645, "max_depth": 9.0, "num_boost_round": 9.0}, "datetime": {"datetime": "2024-01-19 00:28:03", "elapsed": 1037.637869, "delta": 0.001322}}
{"target": -17.676146302870094, "params": {"gamma": 18.62948235769879, "log10_alpha": 0.5486192968602, "log10_colsample_bytree": -0.344216300384668, "log10_eta": -2.218196631543166, "log10_lambda": -2.0205653384966267, "log10_min_child_weight": 3.478073079579941, "log10_subsample": -0.08246595508677645, "max_depth": 9.0, "num_boost_round": 10.0}, "datetime": {"datetime": "2024-01-19 00:28:03", "elapsed": 1037.639183, "delta": 0.001314}}
{"target": -17.676041781913774, "params": {"gamma": 18.62948235769879, "log10_alpha": 0.5486192968602, "log10_colsample_bytree": -0.344216300384668, "log10_eta": -2.218196631543166, "log10_lambda": -2.0205653384966267, "log10_min_child_weight": 3.478073079579941, "log10_subsample": -0.08246595508677645, "max_depth": 9.0, "num_boost_round": 11.0}, "datetime": {"datetime": "2024-01-19 00:28:03", "elapsed": 1037.640489, "delta": 0.001306}}
{"target": -17.676238846177817, "params": {"gamma": 18.62948235769879, "log10_alpha": 0.5486192968602, "log10_colsample_bytree": -0.344216300384668, "log10_eta": -2.218196631543166, "log10_lambda": -2.0205653384966267, "log10_min_child_weight": 3.478073079579941, "log10_subsample": -0.08246595508677645, "max_depth": 9.0, "num_boost_round": 12.0}, "datetime": {"datetime": "2024-01-19 00:28:03", "elapsed": 1037.641777, "delta": 0.001288}}
{"target": -17.67626437588295, "params": {"gamma": 18.62948235769879, "log10_alpha": 0.5486192968602, "log10_colsample_bytree": -0.344216300384668, "log10_eta": -2.218196631543166, "log10_lambda": -2.0205653384966267, "log10_min_child_weight": 3.478073079579941, "log10_subsample": -0.08246595508677645, "max_depth": 9.0, "num_boost_round": 13.0}, "datetime": {"datetime": "2024-01-19 00:28:03", "elapsed": 1037.643113, "delta": 0.001336}}
{"target": -17.676218346101486, "params": {"gamma": 18.62948235769879, "log10_alpha": 0.5486192968602, "log10_colsample_bytree": -0.344216300384668, "log10_eta": -2.218196631543166, "log10_lambda": -2.0205653384966267, "log10_min_child_weight": 3.478073079579941, "log10_subsample": -0.08246595508677645, "max_depth": 9.0, "num_boost_round": 14.0}, "datetime": {"datetime": "2024-01-19 00:28:03", "elapsed": 1037.644439, "delta": 0.001326}}
{"target": -17.676122133645944, "params": {"gamma": 18.62948235769879, "log10_alpha": 0.5486192968602, "log10_colsample_bytree": -0.344216300384668, "log10_eta": -2.218196631543166, "log10_lambda": -2.0205653384966267, "log10_min_child_weight": 3.478073079579941, "log10_subsample": -0.08246595508677645, "max_depth": 9.0, "num_boost_round": 15.0}, "datetime": {"datetime": "2024-01-19 00:28:03", "elapsed": 1037.645644, "delta": 0.001205}}
{"target": -17.676166701440405, "params": {"gamma": 18.62948235769879, "log10_alpha": 0.5486192968602, "log10_colsample_bytree": -0.344216300384668, "log10_eta": -2.218196631543166, "log10_lambda": -2.0205653384966267, "log10_min_child_weight": 3.478073079579941, "log10_subsample": -0.08246595508677645, "max_depth": 9.0, "num_boost_round": 16.0}, "datetime": {"datetime": "2024-01-19 00:28:03", "elapsed": 1037.646966, "delta": 0.001322}}
{"target": -17.676400054351877, "params": {"gamma": 18.62948235769879, "log10_alpha": 0.5486192968602, "log10_colsample_bytree": -0.344216300384668, "log10_eta": -2.218196631543166, "log10_lambda": -2.0205653384966267, "log10_min_child_weight": 3.478073079579941, "log10_subsample": -0.08246595508677645, "max_depth": 9.0, "num_boost_round": 17.0}, "datetime": {"datetime": "2024-01-19 00:28:03", "elapsed": 1037.648186, "delta": 0.00122}}
{"target": -17.676390062049897, "params": {"gamma": 18.62948235769879, "log10_alpha": 0.5486192968602, "log10_colsample_bytree": -0.344216300384668, "log10_eta": -2.218196631543166, "log10_lambda": -2.0205653384966267, "log10_min_child_weight": 3.478073079579941, "log10_subsample": -0.08246595508677645, "max_depth": 9.0, "num_boost_round": 18.0}, "datetime": {"datetime": "2024-01-19 00:28:03", "elapsed": 1037.649419, "delta": 0.001233}}
{"target": -17.676240604601745, "params": {"gamma": 18.62948235769879, "log10_alpha": 0.5486192968602, "log10_colsample_bytree": -0.344216300384668, "log10_eta": -2.218196631543166, "log10_lambda": -2.0205653384966267, "log10_min_child_weight": 3.478073079579941, "log10_subsample": -0.08246595508677645, "max_depth": 9.0, "num_boost_round": 19.0}, "datetime": {"datetime": "2024-01-19 00:28:03", "elapsed": 1037.650626, "delta": 0.001207}}
{"target": -17.676093058024996, "params": {"gamma": 18.62948235769879, "log10_alpha": 0.5486192968602, "log10_colsample_bytree": -0.344216300384668, "log10_eta": -2.218196631543166, "log10_lambda": -2.0205653384966267, "log10_min_child_weight": 3.478073079579941, "log10_subsample": -0.08246595508677645, "max_depth": 9.0, "num_boost_round": 20.0}, "datetime": {"datetime": "2024-01-19 00:28:03", "elapsed": 1037.651951, "delta": 0.001325}}
{"target": -17.67621240626142, "params": {"gamma": 18.62948235769879, "log10_alpha": 0.5486192968602, "log10_colsample_bytree": -0.344216300384668, "log10_eta": -2.218196631543166, "log10_lambda": -2.0205653384966267, "log10_min_child_weight": 3.478073079579941, "log10_subsample": -0.08246595508677645, "max_depth": 9.0, "num_boost_round": 21.0}, "datetime": {"datetime": "2024-01-19 00:28:03", "elapsed": 1037.653152, "delta": 0.001201}}
{"target": -17.676028899787628, "params": {"gamma": 18.62948235769879, "log10_alpha": 0.5486192968602, "log10_colsample_bytree": -0.344216300384668, "log10_eta": -2.218196631543166, "log10_lambda": -2.0205653384966267, "log10_min_child_weight": 3.478073079579941, "log10_subsample": -0.08246595508677645, "max_depth": 9.0, "num_boost_round": 22.0}, "datetime": {"datetime": "2024-01-19 00:28:03", "elapsed": 1037.654416, "delta": 0.001264}}
{"target": -17.67564566547107, "params": {"gamma": 18.62948235769879, "log10_alpha": 0.5486192968602, "log10_colsample_bytree": -0.344216300384668, "log10_eta": -2.218196631543166, "log10_lambda": -2.0205653384966267, "log10_min_child_weight": 3.478073079579941, "log10_subsample": -0.08246595508677645, "max_depth": 9.0, "num_boost_round": 23.0}, "datetime": {"datetime": "2024-01-19 00:28:03", "elapsed": 1037.655706, "delta": 0.00129}}
{"target": -17.675929379123204, "params": {"gamma": 18.62948235769879, "log10_alpha": 0.5486192968602, "log10_colsample_bytree": -0.344216300384668, "log10_eta": -2.218196631543166, "log10_lambda": -2.0205653384966267, "log10_min_child_weight": 3.478073079579941, "log10_subsample": -0.08246595508677645, "max_depth": 9.0, "num_boost_round": 24.0}, "datetime": {"datetime": "2024-01-19 00:28:03", "elapsed": 1037.656919, "delta": 0.001213}}
{"target": -17.675833832769207, "params": {"gamma": 18.62948235769879, "log10_alpha": 0.5486192968602, "log10_colsample_bytree": -0.344216300384668, "log10_eta": -2.218196631543166, "log10_lambda": -2.0205653384966267, "log10_min_child_weight": 3.478073079579941, "log10_subsample": -0.08246595508677645, "max_depth": 9.0, "num_boost_round": 25.0}, "datetime": {"datetime": "2024-01-19 00:28:03", "elapsed": 1037.658129, "delta": 0.00121}}
{"target": -17.676278963820824, "params": {"gamma": 18.62948235769879, "log10_alpha": 0.5486192968602, "log10_colsample_bytree": -0.344216300384668, "log10_eta": -2.218196631543166, "log10_lambda": -2.0205653384966267, "log10_min_child_weight": 3.478073079579941, "log10_subsample": -0.08246595508677645, "max_depth": 9.0, "num_boost_round": 26.0}, "datetime": {"datetime": "2024-01-19 00:28:03", "elapsed": 1037.659323, "delta": 0.001194}}
{"target": -17.67625753060181, "params": {"gamma": 18.62948235769879, "log10_alpha": 0.5486192968602, "log10_colsample_bytree": -0.344216300384668, "log10_eta": -2.218196631543166, "log10_lambda": -2.0205653384966267, "log10_min_child_weight": 3.478073079579941, "log10_subsample": -0.08246595508677645, "max_depth": 9.0, "num_boost_round": 27.0}, "datetime": {"datetime": "2024-01-19 00:28:03", "elapsed": 1037.660528, "delta": 0.001205}}
{"target": -17.676491936859676, "params": {"gamma": 18.62948235769879, "log10_alpha": 0.5486192968602, "log10_colsample_bytree": -0.344216300384668, "log10_eta": -2.218196631543166, "log10_lambda": -2.0205653384966267, "log10_min_child_weight": 3.478073079579941, "log10_subsample": -0.08246595508677645, "max_depth": 9.0, "num_boost_round": 28.0}, "datetime": {"datetime": "2024-01-19 00:28:03", "elapsed": 1037.66175, "delta": 0.001222}}
{"target": -17.676265359519725, "params": {"gamma": 18.62948235769879, "log10_alpha": 0.5486192968602, "log10_colsample_bytree": -0.344216300384668, "log10_eta": -2.218196631543166, "log10_lambda": -2.0205653384966267, "log10_min_child_weight": 3.478073079579941, "log10_subsample": -0.08246595508677645, "max_depth": 9.0, "num_boost_round": 29.0}, "datetime": {"datetime": "2024-01-19 00:28:03", "elapsed": 1037.662986, "delta": 0.001236}}
{"target": -17.67636393517865, "params": {"gamma": 18.62948235769879, "log10_alpha": 0.5486192968602, "log10_colsample_bytree": -0.344216300384668, "log10_eta": -2.218196631543166, "log10_lambda": -2.0205653384966267, "log10_min_child_weight": 3.478073079579941, "log10_subsample": -0.08246595508677645, "max_depth": 9.0, "num_boost_round": 30.0}, "datetime": {"datetime": "2024-01-19 00:28:03", "elapsed": 1037.66423, "delta": 0.001244}}
{"target": -17.67636052757173, "params": {"gamma": 18.62948235769879, "log10_alpha": 0.5486192968602, "log10_colsample_bytree": -0.344216300384668, "log10_eta": -2.218196631543166, "log10_lambda": -2.0205653384966267, "log10_min_child_weight": 3.478073079579941, "log10_subsample": -0.08246595508677645, "max_depth": 9.0, "num_boost_round": 31.0}, "datetime": {"datetime": "2024-01-19 00:28:03", "elapsed": 1037.665486, "delta": 0.001256}}
