{"target": -17.67503731973565, "params": {"gamma": 771.320643266746, "log10_alpha": -4.875488303843591, "log10_colsample_bytree": -0.3663517650737246, "log10_eta": -1.0047844698455526, "log10_lambda": -2.0089579261844577, "log10_min_child_weight": 1.1239832276542383, "log10_subsample": -0.801937135240376, "max_depth": 8.0, "num_boost_round": 0.0}, "datetime": {"datetime": "2024-01-19 00:11:35", "elapsed": 0.0, "delta": 0.0}}
{"target": -17.68283273549128, "params": {"gamma": 771.320643266746, "log10_alpha": -4.875488303843591, "log10_colsample_bytree": -0.3663517650737246, "log10_eta": -1.0047844698455526, "log10_lambda": -2.0089579261844577, "log10_min_child_weight": 1.1239832276542383, "log10_subsample": -0.801937135240376, "max_depth": 8.0, "num_boost_round": 1.0}, "datetime": {"datetime": "2024-01-19 00:11:45", "elapsed": 10.26943, "delta": 10.26943}}
{"target": -17.68886151848044, "params": {"gamma": 771.320643266746, "log10_alpha": -4.875488303843591, "log10_colsample_bytree": -0.3663517650737246, "log10_eta": -1.0047844698455526, "log10_lambda": -2.0089579261844577, "log10_min_child_weight": 1.1239832276542383, "log10_subsample": -0.801937135240376, "max_depth": 8.0, "num_boost_round": 2.0}, "datetime": {"datetime": "2024-01-19 00:11:45", "elapsed": 10.26965, "delta": 0.00022}}
{"target": -17.697715508543904, "params": {"gamma": 771.320643266746, "log10_alpha": -4.875488303843591, "log10_colsample_bytree": -0.3663517650737246, "log10_eta": -1.0047844698455526, "log10_lambda": -2.0089579261844577, "log10_min_child_weight": 1.1239832276542383, "log10_subsample": -0.801937135240376, "max_depth": 8.0, "num_boost_round": 3.0}, "datetime": {"datetime": "2024-01-19 00:11:45", "elapsed": 10.269817, "delta": 0.000167}}
{"target": -17.699872882249203, "params": {"gamma": 771.320643266746, "log10_alpha": -4.875488303843591, "log10_colsample_bytree": -0.3663517650737246, "log10_eta": -1.0047844698455526, "log10_lambda": -2.0089579261844577, "log10_min_child_weight": 1.1239832276542383, "log10_subsample": -0.801937135240376, "max_depth": 8.0, "num_boost_round": 4.0}, "datetime": {"datetime": "2024-01-19 00:11:45", "elapsed": 10.270052, "delta": 0.000235}}
{"target": -17.70861899683745, "params": {"gamma": 771.320643266746, "log10_alpha": -4.875488303843591, "log10_colsample_bytree": -0.3663517650737246, "log10_eta": -1.0047844698455526, "log10_lambda": -2.0089579261844577, "log10_min_child_weight": 1.1239832276542383, "log10_subsample": -0.801937135240376, "max_depth": 8.0, "num_boost_round": 5.0}, "datetime": {"datetime": "2024-01-19 00:11:45", "elapsed": 10.270204, "delta": 0.000152}}
{"target": -17.72479513581483, "params": {"gamma": 771.320643266746, "log10_alpha": -4.875488303843591, "log10_colsample_bytree": -0.3663517650737246, "log10_eta": -1.0047844698455526, "log10_lambda": -2.0089579261844577, "log10_min_child_weight": 1.1239832276542383, "log10_subsample": -0.801937135240376, "max_depth": 8.0, "num_boost_round": 6.0}, "datetime": {"datetime": "2024-01-19 00:11:45", "elapsed": 10.270351, "delta": 0.000147}}
{"target": -17.737084149060298, "params": {"gamma": 771.320643266746, "log10_alpha": -4.875488303843591, "log10_colsample_bytree": -0.3663517650737246, "log10_eta": -1.0047844698455526, "log10_lambda": -2.0089579261844577, "log10_min_child_weight": 1.1239832276542383, "log10_subsample": -0.801937135240376, "max_depth": 8.0, "num_boost_round": 7.0}, "datetime": {"datetime": "2024-01-19 00:11:45", "elapsed": 10.270515, "delta": 0.000164}}
{"target": -17.741442121501933, "params": {"gamma": 771.320643266746, "log10_alpha": -4.875488303843591, "log10_colsample_bytree": -0.3663517650737246, "log10_eta": -1.0047844698455526, "log10_lambda": -2.0089579261844577, "log10_min_child_weight": 1.1239832276542383, "log10_subsample": -0.801937135240376, "max_depth": 8.0, "num_boost_round": 8.0}, "datetime": {"datetime": "2024-01-19 00:11:45", "elapsed": 10.270676, "delta": 0.000161}}
{"target": -17.751477723927195, "params": {"gamma": 771.320643266746, "log10_alpha": -4.875488303843591, "log10_colsample_bytree": -0.3663517650737246, "log10_eta": -1.0047844698455526, "log10_lambda": -2.0089579261844577, "log10_min_child_weight": 1.1239832276542383, "log10_subsample": -0.801937135240376, "max_depth": 8.0, "num_boost_round": 9.0}, "datetime": {"datetime": "2024-01-19 00:11:45", "elapsed": 10.274876, "delta": 0.0042}}
{"target": -17.766181956951154, "params": {"gamma": 771.320643266746, "log10_alpha": -4.875488303843591, "log10_colsample_bytree": -0.3663517650737246, "log10_eta": -1.0047844698455526, "log10_lambda": -2.0089579261844577, "log10_min_child_weight": 1.1239832276542383, "log10_subsample": -0.801937135240376, "max_depth": 8.0, "num_boost_round": 10.0}, "datetime": {"datetime": "2024-01-19 00:11:45", "elapsed": 10.275039, "delta": 0.000163}}
{"target": -17.77460877113341, "params": {"gamma": 771.320643266746, "log10_alpha": -4.875488303843591, "log10_colsample_bytree": -0.3663517650737246, "log10_eta": -1.0047844698455526, "log10_lambda": -2.0089579261844577, "log10_min_child_weight": 1.1239832276542383, "log10_subsample": -0.801937135240376, "max_depth": 8.0, "num_boost_round": 11.0}, "datetime": {"datetime": "2024-01-19 00:11:45", "elapsed": 10.275187, "delta": 0.000148}}
{"target": -17.783202074404137, "params": {"gamma": 771.320643266746, "log10_alpha": -4.875488303843591, "log10_colsample_bytree": -0.3663517650737246, "log10_eta": -1.0047844698455526, "log10_lambda": -2.0089579261844577, "log10_min_child_weight": 1.1239832276542383, "log10_subsample": -0.801937135240376, "max_depth": 8.0, "num_boost_round": 12.0}, "datetime": {"datetime": "2024-01-19 00:11:45", "elapsed": 10.275333, "delta": 0.000146}}
{"target": -17.791752606986815, "params": {"gamma": 771.320643266746, "log10_alpha": -4.875488303843591, "log10_colsample_bytree": -0.3663517650737246, "log10_eta": -1.0047844698455526, "log10_lambda": -2.0089579261844577, "log10_min_child_weight": 1.1239832276542383, "log10_subsample": -0.801937135240376, "max_depth": 8.0, "num_boost_round": 13.0}, "datetime": {"datetime": "2024-01-19 00:11:45", "elapsed": 10.27548, "delta": 0.000147}}
{"target": -17.81129806983183, "params": {"gamma": 771.320643266746, "log10_alpha": -4.875488303843591, "log10_colsample_bytree": -0.3663517650737246, "log10_eta": -1.0047844698455526, "log10_lambda": -2.0089579261844577, "log10_min_child_weight": 1.1239832276542383, "log10_subsample": -0.801937135240376, "max_depth": 8.0, "num_boost_round": 14.0}, "datetime": {"datetime": "2024-01-19 00:11:45", "elapsed": 10.275632, "delta": 0.000152}}
{"target": -17.82668973916347, "params": {"gamma": 771.320643266746, "log10_alpha": -4.875488303843591, "log10_colsample_bytree": -0.3663517650737246, "log10_eta": -1.0047844698455526, "log10_lambda": -2.0089579261844577, "log10_min_child_weight": 1.1239832276542383, "log10_subsample": -0.801937135240376, "max_depth": 8.0, "num_boost_round": 15.0}, "datetime": {"datetime": "2024-01-19 00:11:45", "elapsed": 10.275788, "delta": 0.000156}}
{"target": -17.835880166003417, "params": {"gamma": 771.320643266746, "log10_alpha": -4.875488303843591, "log10_colsample_bytree": -0.3663517650737246, "log10_eta": -1.0047844698455526, "log10_lambda": -2.0089579261844577, "log10_min_child_weight": 1.1239832276542383, "log10_subsample": -0.801937135240376, "max_depth": 8.0, "num_boost_round": 16.0}, "datetime": {"datetime": "2024-01-19 00:11:45", "elapsed": 10.275927, "delta": 0.000139}}
{"target": -17.857367405841742, "params": {"gamma": 771.320643266746, "log10_alpha": -4.875488303843591, "log10_colsample_bytree": -0.3663517650737246, "log10_eta": -1.0047844698455526, "log10_lambda": -2.0089579261844577, "log10_min_child_weight": 1.1239832276542383, "log10_subsample": -0.801937135240376, "max_depth": 8.0, "num_boost_round": 17.0}, "datetime": {"datetime": "2024-01-19 00:11:45", "elapsed": 10.276073, "delta": 0.000146}}
{"target": -17.858397666712946, "params": {"gamma": 771.320643266746, "log10_alpha": -4.875488303843591, "log10_colsample_bytree": -0.3663517650737246, "log10_eta": -1.0047844698455526, "log10_lambda": -2.0089579261844577, "log10_min_child_weight": 1.1239832276542383, "log10_subsample": -0.801937135240376, "max_depth": 8.0, "num_boost_round": 18.0}, "datetime": {"datetime": "2024-01-19 00:11:45", "elapsed": 10.276223, "delta": 0.00015}}
{"target": -17.86119703232568, "params": {"gamma": 771.320643266746, "log10_alpha": -4.875488303843591, "log10_colsample_bytree": -0.3663517650737246, "log10_eta": -1.0047844698455526, "log10_lambda": -2.0089579261844577, "log10_min_child_weight": 1.1239832276542383, "log10_subsample": -0.801937135240376, "max_depth": 8.0, "num_boost_round": 19.0}, "datetime": {"datetime": "2024-01-19 00:11:45", "elapsed": 10.276373, "delta": 0.00015}}
{"target": -17.868611703637022, "params": {"gamma": 771.320643266746, "log10_alpha": -4.875488303843591, "log10_colsample_bytree": -0.3663517650737246, "log10_eta": -1.0047844698455526, "log10_lambda": -2.0089579261844577, "log10_min_child_weight": 1.1239832276542383, "log10_subsample": -0.801937135240376, "max_depth": 8.0, "num_boost_round": 20.0}, "datetime": {"datetime": "2024-01-19 00:11:45", "elapsed": 10.276532, "delta": 0.000159}}
{"target": -17.90500029754586, "params": {"gamma": 771.320643266746, "log10_alpha": -4.875488303843591, "log10_colsample_bytree": -0.3663517650737246, "log10_eta": -1.0047844698455526, "log10_lambda": -2.0089579261844577, "log10_min_child_weight": 1.1239832276542383, "log10_subsample": -0.801937135240376, "max_depth": 8.0, "num_boost_round": 21.0}, "datetime": {"datetime": "2024-01-19 00:11:45", "elapsed": 10.276689, "delta": 0.000157}}
{"target": -17.909020671515208, "params": {"gamma": 771.320643266746, "log10_alpha": -4.875488303843591, "log10_colsample_bytree": -0.3663517650737246, "log10_eta": -1.0047844698455526, "log10_lambda": -2.0089579261844577, "log10_min_child_weight": 1.1239832276542383, "log10_subsample": -0.801937135240376, "max_depth": 8.0, "num_boost_round": 22.0}, "datetime": {"datetime": "2024-01-19 00:11:45", "elapsed": 10.276844, "delta": 0.000155}}
{"target": -17.94760894432788, "params": {"gamma": 771.320643266746, "log10_alpha": -4.875488303843591, "log10_colsample_bytree": -0.3663517650737246, "log10_eta": -1.0047844698455526, "log10_lambda": -2.0089579261844577, "log10_min_child_weight": 1.1239832276542383, "log10_subsample": -0.801937135240376, "max_depth": 8.0, "num_boost_round": 23.0}, "datetime": {"datetime": "2024-01-19 00:11:45", "elapsed": 10.277002, "delta": 0.000158}}
{"target": -17.956084008105485, "params": {"gamma": 771.320643266746, "log10_alpha": -4.875488303843591, "log10_colsample_bytree": -0.3663517650737246, "log10_eta": -1.0047844698455526, "log10_lambda": -2.0089579261844577, "log10_min_child_weight": 1.1239832276542383, "log10_subsample": -0.801937135240376, "max_depth": 8.0, "num_boost_round": 24.0}, "datetime": {"datetime": "2024-01-19 00:11:45", "elapsed": 10.277159, "delta": 0.000157}}
{"target": -17.96507167879652, "params": {"gamma": 771.320643266746, "log10_alpha": -4.875488303843591, "log10_colsample_bytree": -0.3663517650737246, "log10_eta": -1.0047844698455526, "log10_lambda": -2.0089579261844577, "log10_min_child_weight": 1.1239832276542383, "log10_subsample": -0.801937135240376, "max_depth": 8.0, "num_boost_round": 25.0}, "datetime": {"datetime": "2024-01-19 00:11:45", "elapsed": 10.277316, "delta": 0.000157}}
{"target": -17.985418668949226, "params": {"gamma": 771.320643266746, "log10_alpha": -4.875488303843591, "log10_colsample_bytree": -0.3663517650737246, "log10_eta": -1.0047844698455526, "log10_lambda": -2.0089579261844577, "log10_min_child_weight": 1.1239832276542383, "log10_subsample": -0.801937135240376, "max_depth": 8.0, "num_boost_round": 26.0}, "datetime": {"datetime": "2024-01-19 00:11:45", "elapsed": 10.277475, "delta": 0.000159}}
{"target": -17.986296160918684, "params": {"gamma": 771.320643266746, "log10_alpha": -4.875488303843591, "log10_colsample_bytree": -0.3663517650737246, "log10_eta": -1.0047844698455526, "log10_lambda": -2.0089579261844577, "log10_min_child_weight": 1.1239832276542383, "log10_subsample": -0.801937135240376, "max_depth": 8.0, "num_boost_round": 27.0}, "datetime": {"datetime": "2024-01-19 00:11:45", "elapsed": 10.277642, "delta": 0.000167}}
{"target": -17.989122097220207, "params": {"gamma": 771.320643266746, "log10_alpha": -4.875488303843591, "log10_colsample_bytree": -0.3663517650737246, "log10_eta": -1.0047844698455526, "log10_lambda": -2.0089579261844577, "log10_min_child_weight": 1.1239832276542383, "log10_subsample": -0.801937135240376, "max_depth": 8.0, "num_boost_round": 28.0}, "datetime": {"datetime": "2024-01-19 00:11:45", "elapsed": 10.277807, "delta": 0.000165}}
{"target": -18.021712461966207, "params": {"gamma": 771.320643266746, "log10_alpha": -4.875488303843591, "log10_colsample_bytree": -0.3663517650737246, "log10_eta": -1.0047844698455526, "log10_lambda": -2.0089579261844577, "log10_min_child_weight": 1.1239832276542383, "log10_subsample": -0.801937135240376, "max_depth": 8.0, "num_boost_round": 29.0}, "datetime": {"datetime": "2024-01-19 00:11:45", "elapsed": 10.277968, "delta": 0.000161}}
{"target": -18.02454856484093, "params": {"gamma": 771.320643266746, "log10_alpha": -4.875488303843591, "log10_colsample_bytree": -0.3663517650737246, "log10_eta": -1.0047844698455526, "log10_lambda": -2.0089579261844577, "log10_min_child_weight": 1.1239832276542383, "log10_subsample": -0.801937135240376, "max_depth": 8.0, "num_boost_round": 30.0}, "datetime": {"datetime": "2024-01-19 00:11:45", "elapsed": 10.27813, "delta": 0.000162}}
{"target": -18.02916732376855, "params": {"gamma": 771.320643266746, "log10_alpha": -4.875488303843591, "log10_colsample_bytree": -0.3663517650737246, "log10_eta": -1.0047844698455526, "log10_lambda": -2.0089579261844577, "log10_min_child_weight": 1.1239832276542383, "log10_subsample": -0.801937135240376, "max_depth": 8.0, "num_boost_round": 31.0}, "datetime": {"datetime": "2024-01-19 00:11:45", "elapsed": 10.27829, "delta": 0.00016}}
{"target": -18.033979853153205, "params": {"gamma": 771.320643266746, "log10_alpha": -4.875488303843591, "log10_colsample_bytree": -0.3663517650737246, "log10_eta": -1.0047844698455526, "log10_lambda": -2.0089579261844577, "log10_min_child_weight": 1.1239832276542383, "log10_subsample": -0.801937135240376, "max_depth": 8.0, "num_boost_round": 32.0}, "datetime": {"datetime": "2024-01-19 00:11:45", "elapsed": 10.278453, "delta": 0.000163}}
{"target": -18.04036135504152, "params": {"gamma": 771.320643266746, "log10_alpha": -4.875488303843591, "log10_colsample_bytree": -0.3663517650737246, "log10_eta": -1.0047844698455526, "log10_lambda": -2.0089579261844577, "log10_min_child_weight": 1.1239832276542383, "log10_subsample": -0.801937135240376, "max_depth": 8.0, "num_boost_round": 33.0}, "datetime": {"datetime": "2024-01-19 00:11:45", "elapsed": 10.278631, "delta": 0.000178}}
{"target": -18.04625943321772, "params": {"gamma": 771.320643266746, "log10_alpha": -4.875488303843591, "log10_colsample_bytree": -0.3663517650737246, "log10_eta": -1.0047844698455526, "log10_lambda": -2.0089579261844577, "log10_min_child_weight": 1.1239832276542383, "log10_subsample": -0.801937135240376, "max_depth": 8.0, "num_boost_round": 34.0}, "datetime": {"datetime": "2024-01-19 00:11:45", "elapsed": 10.278805, "delta": 0.000174}}
{"target": -18.051414293960075, "params": {"gamma": 771.320643266746, "log10_alpha": -4.875488303843591, "log10_colsample_bytree": -0.3663517650737246, "log10_eta": -1.0047844698455526, "log10_lambda": -2.0089579261844577, "log10_min_child_weight": 1.1239832276542383, "log10_subsample": -0.801937135240376, "max_depth": 8.0, "num_boost_round": 35.0}, "datetime": {"datetime": "2024-01-19 00:11:45", "elapsed": 10.278975, "delta": 0.00017}}
{"target": -18.058776830024033, "params": {"gamma": 771.320643266746, "log10_alpha": -4.875488303843591, "log10_colsample_bytree": -0.3663517650737246, "log10_eta": -1.0047844698455526, "log10_lambda": -2.0089579261844577, "log10_min_child_weight": 1.1239832276542383, "log10_subsample": -0.801937135240376, "max_depth": 8.0, "num_boost_round": 36.0}, "datetime": {"datetime": "2024-01-19 00:11:45", "elapsed": 10.279145, "delta": 0.00017}}
{"target": -18.07918034898219, "params": {"gamma": 771.320643266746, "log10_alpha": -4.875488303843591, "log10_colsample_bytree": -0.3663517650737246, "log10_eta": -1.0047844698455526, "log10_lambda": -2.0089579261844577, "log10_min_child_weight": 1.1239832276542383, "log10_subsample": -0.801937135240376, "max_depth": 8.0, "num_boost_round": 37.0}, "datetime": {"datetime": "2024-01-19 00:11:45", "elapsed": 10.279314, "delta": 0.000169}}
{"target": -18.08706281514293, "params": {"gamma": 771.320643266746, "log10_alpha": -4.875488303843591, "log10_colsample_bytree": -0.3663517650737246, "log10_eta": -1.0047844698455526, "log10_lambda": -2.0089579261844577, "log10_min_child_weight": 1.1239832276542383, "log10_subsample": -0.801937135240376, "max_depth": 8.0, "num_boost_round": 38.0}, "datetime": {"datetime": "2024-01-19 00:11:45", "elapsed": 10.279487, "delta": 0.000173}}
{"target": -18.110423238508975, "params": {"gamma": 771.320643266746, "log10_alpha": -4.875488303843591, "log10_colsample_bytree": -0.3663517650737246, "log10_eta": -1.0047844698455526, "log10_lambda": -2.0089579261844577, "log10_min_child_weight": 1.1239832276542383, "log10_subsample": -0.801937135240376, "max_depth": 8.0, "num_boost_round": 39.0}, "datetime": {"datetime": "2024-01-19 00:11:45", "elapsed": 10.279671, "delta": 0.000184}}
{"target": -18.113151065303434, "params": {"gamma": 771.320643266746, "log10_alpha": -4.875488303843591, "log10_colsample_bytree": -0.3663517650737246, "log10_eta": -1.0047844698455526, "log10_lambda": -2.0089579261844577, "log10_min_child_weight": 1.1239832276542383, "log10_subsample": -0.801937135240376, "max_depth": 8.0, "num_boost_round": 40.0}, "datetime": {"datetime": "2024-01-19 00:11:45", "elapsed": 10.279847, "delta": 0.000176}}
{"target": -18.121325655845126, "params": {"gamma": 771.320643266746, "log10_alpha": -4.875488303843591, "log10_colsample_bytree": -0.3663517650737246, "log10_eta": -1.0047844698455526, "log10_lambda": -2.0089579261844577, "log10_min_child_weight": 1.1239832276542383, "log10_subsample": -0.801937135240376, "max_depth": 8.0, "num_boost_round": 41.0}, "datetime": {"datetime": "2024-01-19 00:11:45", "elapsed": 10.280032, "delta": 0.000185}}
{"target": -17.677152673056366, "params": {"gamma": 773.9586007714012, "log10_alpha": -2.300102214176491, "log10_colsample_bytree": -0.9807948076072979, "log10_eta": -2.2849742668324358, "log10_lambda": -2.8776333706346495, "log10_min_child_weight": 2.8630825925390413, "log10_subsample": -0.6276411475769077, "max_depth": 6.0, "num_boost_round": 0.0}, "datetime": {"datetime": "2024-01-19 00:12:06", "elapsed": 30.629388, "delta": 20.349356}}
{"target": -17.67712291768708, "params": {"gamma": 773.9586007714012, "log10_alpha": -2.300102214176491, "log10_colsample_bytree": -0.9807948076072979, "log10_eta": -2.2849742668324358, "log10_lambda": -2.8776333706346495, "log10_min_child_weight": 2.8630825925390413, "log10_subsample": -0.6276411475769077, "max_depth": 6.0, "num_boost_round": 1.0}, "datetime": {"datetime": "2024-01-19 00:12:06", "elapsed": 30.63002, "delta": 0.000632}}
{"target": -17.677148433939994, "params": {"gamma": 773.9586007714012, "log10_alpha": -2.300102214176491, "log10_colsample_bytree": -0.9807948076072979, "log10_eta": -2.2849742668324358, "log10_lambda": -2.8776333706346495, "log10_min_child_weight": 2.8630825925390413, "log10_subsample": -0.6276411475769077, "max_depth": 6.0, "num_boost_round": 2.0}, "datetime": {"datetime": "2024-01-19 00:12:06", "elapsed": 30.630339, "delta": 0.000319}}
{"target": -17.676992168180846, "params": {"gamma": 773.9586007714012, "log10_alpha": -2.300102214176491, "log10_colsample_bytree": -0.9807948076072979, "log10_eta": -2.2849742668324358, "log10_lambda": -2.8776333706346495, "log10_min_child_weight": 2.8630825925390413, "log10_subsample": -0.6276411475769077, "max_depth": 6.0, "num_boost_round": 3.0}, "datetime": {"datetime": "2024-01-19 00:12:06", "elapsed": 30.630549, "delta": 0.00021}}
{"target": -17.676723971710356, "params": {"gamma": 773.9586007714012, "log10_alpha": -2.300102214176491, "log10_colsample_bytree": -0.9807948076072979, "log10_eta": -2.2849742668324358, "log10_lambda": -2.8776333706346495, "log10_min_child_weight": 2.8630825925390413, "log10_subsample": -0.6276411475769077, "max_depth": 6.0, "num_boost_round": 4.0}, "datetime": {"datetime": "2024-01-19 00:12:06", "elapsed": 30.630747, "delta": 0.000198}}
{"target": -17.676799839639507, "params": {"gamma": 773.9586007714012, "log10_alpha": -2.300102214176491, "log10_colsample_bytree": -0.9807948076072979, "log10_eta": -2.2849742668324358, "log10_lambda": -2.8776333706346495, "log10_min_child_weight": 2.8630825925390413, "log10_subsample": -0.6276411475769077, "max_depth": 6.0, "num_boost_round": 5.0}, "datetime": {"datetime": "2024-01-19 00:12:06", "elapsed": 30.630942, "delta": 0.000195}}
{"target": -17.67684926202097, "params": {"gamma": 773.9586007714012, "log10_alpha": -2.300102214176491, "log10_colsample_bytree": -0.9807948076072979, "log10_eta": -2.2849742668324358, "log10_lambda": -2.8776333706346495, "log10_min_child_weight": 2.8630825925390413, "log10_subsample": -0.6276411475769077, "max_depth": 6.0, "num_boost_round": 6.0}, "datetime": {"datetime": "2024-01-19 00:12:06", "elapsed": 30.631134, "delta": 0.000192}}
