{"target": -17.677149287609257, "params": {"gamma": 43.81331758916496, "log10_alpha": -4.911075213093414, "log10_colsample_bytree": -0.45068750202427554, "log10_eta": -3.9149910548050992, "log10_lambda": -4.619643539774752, "log10_min_child_weight": 0.21886263667410644, "log10_subsample": -0.3999650892223138, "max_depth": 8.0, "num_boost_round": 11.0}, "datetime": {"datetime": "2024-01-19 02:26:16", "elapsed": 8130.333505, "delta": 0.00578}}
{"target": -17.677141560600468, "params": {"gamma": 43.81331758916496, "log10_alpha": -4.911075213093414, "log10_colsample_bytree": -0.45068750202427554, "log10_eta": -3.9149910548050992, "log10_lambda": -4.619643539774752, "log10_min_child_weight": 0.21886263667410644, "log10_subsample": -0.3999650892223138, "max_depth": 8.0, "num_boost_round": 12.0}, "datetime": {"datetime": "2024-01-19 02:26:16", "elapsed": 8130.339214, "delta": 0.005709}}
{"target": -17.677144308370035, "params": {"gamma": 43.81331758916496, "log10_alpha": -4.911075213093414, "log10_colsample_bytree": -0.45068750202427554, "log10_eta": -3.9149910548050992, "log10_lambda": -4.619643539774752, "log10_min_child_weight": 0.21886263667410644, "log10_subsample": -0.3999650892223138, "max_depth": 8.0, "num_boost_round": 13.0}, "datetime": {"datetime": "2024-01-19 02:26:16", "elapsed": 8130.345011, "delta": 0.005797}}
{"target": -17.677148683558112, "params": {"gamma": 43.81331758916496, "log10_alpha": -4.911075213093414, "log10_colsample_bytree": -0.45068750202427554, "log10_eta": -3.9149910548050992, "log10_lambda": -4.619643539774752, "log10_min_child_weight": 0.21886263667410644, "log10_subsample": -0.3999650892223138, "max_depth": 8.0, "num_boost_round": 14.0}, "datetime": {"datetime": "2024-01-19 02:26:16", "elapsed": 8130.350742, "delta": 0.005731}}
{"target": -17.677139586590407, "params": {"gamma": 43.81331758916496, "log10_alpha": -4.911075213093414, "log10_colsample_bytree": -0.45068750202427554, "log10_eta": -3.9149910548050992, "log10_lambda": -4.619643539774752, "log10_min_child_weight": 0.21886263667410644, "log10_subsample": -0.3999650892223138, "max_depth": 8.0, "num_boost_round": 15.0}, "datetime": {"datetime": "2024-01-19 02:26:16", "elapsed": 8130.356377, "delta": 0.005635}}
{"target": -17.677131605993548, "params": {"gamma": 43.81331758916496, "log10_alpha": -4.911075213093414, "log10_colsample_bytree": -0.45068750202427554, "log10_eta": -3.9149910548050992, "log10_lambda": -4.619643539774752, "log10_min_child_weight": 0.21886263667410644, "log10_subsample": -0.3999650892223138, "max_depth": 8.0, "num_boost_round": 16.0}, "datetime": {"datetime": "2024-01-19 02:26:16", "elapsed": 8130.362093, "delta": 0.005716}}
{"target": -17.677128970317984, "params": {"gamma": 43.81331758916496, "log10_alpha": -4.911075213093414, "log10_colsample_bytree": -0.45068750202427554, "log10_eta": -3.9149910548050992, "log10_lambda": -4.619643539774752, "log10_min_child_weight": 0.21886263667410644, "log10_subsample": -0.3999650892223138, "max_depth": 8.0, "num_boost_round": 17.0}, "datetime": {"datetime": "2024-01-19 02:26:16", "elapsed": 8130.367776, "delta": 0.005683}}
{"target": -17.677129994010862, "params": {"gamma": 43.81331758916496, "log10_alpha": -4.911075213093414, "log10_colsample_bytree": -0.45068750202427554, "log10_eta": -3.9149910548050992, "log10_lambda": -4.619643539774752, "log10_min_child_weight": 0.21886263667410644, "log10_subsample": -0.3999650892223138, "max_depth": 8.0, "num_boost_round": 18.0}, "datetime": {"datetime": "2024-01-19 02:26:16", "elapsed": 8130.373556, "delta": 0.00578}}
{"target": -17.67712115112106, "params": {"gamma": 43.81331758916496, "log10_alpha": -4.911075213093414, "log10_colsample_bytree": -0.45068750202427554, "log10_eta": -3.9149910548050992, "log10_lambda": -4.619643539774752, "log10_min_child_weight": 0.21886263667410644, "log10_subsample": -0.3999650892223138, "max_depth": 8.0, "num_boost_round": 19.0}, "datetime": {"datetime": "2024-01-19 02:26:16", "elapsed": 8130.379188, "delta": 0.005632}}
{"target": -17.677110710957066, "params": {"gamma": 43.81331758916496, "log10_alpha": -4.911075213093414, "log10_colsample_bytree": -0.45068750202427554, "log10_eta": -3.9149910548050992, "log10_lambda": -4.619643539774752, "log10_min_child_weight": 0.21886263667410644, "log10_subsample": -0.3999650892223138, "max_depth": 8.0, "num_boost_round": 20.0}, "datetime": {"datetime": "2024-01-19 02:26:16", "elapsed": 8130.3848, "delta": 0.005612}}
{"target": -17.67710943883846, "params": {"gamma": 43.81331758916496, "log10_alpha": -4.911075213093414, "log10_colsample_bytree": -0.45068750202427554, "log10_eta": -3.9149910548050992, "log10_lambda": -4.619643539774752, "log10_min_child_weight": 0.21886263667410644, "log10_subsample": -0.3999650892223138, "max_depth": 8.0, "num_boost_round": 21.0}, "datetime": {"datetime": "2024-01-19 02:26:16", "elapsed": 8130.39058, "delta": 0.00578}}
{"target": -17.677096358308543, "params": {"gamma": 43.81331758916496, "log10_alpha": -4.911075213093414, "log10_colsample_bytree": -0.45068750202427554, "log10_eta": -3.9149910548050992, "log10_lambda": -4.619643539774752, "log10_min_child_weight": 0.21886263667410644, "log10_subsample": -0.3999650892223138, "max_depth": 8.0, "num_boost_round": 22.0}, "datetime": {"datetime": "2024-01-19 02:26:16", "elapsed": 8130.396285, "delta": 0.005705}}
{"target": -17.677234144552354, "params": {"gamma": 36.53364717798902, "log10_alpha": -3.8370803123144976, "log10_colsample_bytree": -0.0413027173173538, "log10_eta": -2.4387688918422454, "log10_lambda": -2.1560663858628124, "log10_min_child_weight": 4.680432533017847, "log10_subsample": -0.4996203247698795, "max_depth": 3.0, "num_boost_round": 0.0}, "datetime": {"datetime": "2024-01-19 02:27:50", "elapsed": 8224.3746, "delta": 93.978315}}
{"target": -17.677243046026646, "params": {"gamma": 36.53364717798902, "log10_alpha": -3.8370803123144976, "log10_colsample_bytree": -0.0413027173173538, "log10_eta": -2.4387688918422454, "log10_lambda": -2.1560663858628124, "log10_min_child_weight": 4.680432533017847, "log10_subsample": -0.4996203247698795, "max_depth": 3.0, "num_boost_round": 1.0}, "datetime": {"datetime": "2024-01-19 02:27:50", "elapsed": 8224.380853, "delta": 0.006253}}
{"target": -17.67720964840367, "params": {"gamma": 36.53364717798902, "log10_alpha": -3.8370803123144976, "log10_colsample_bytree": -0.0413027173173538, "log10_eta": -2.4387688918422454, "log10_lambda": -2.1560663858628124, "log10_min_child_weight": 4.680432533017847, "log10_subsample": -0.4996203247698795, "max_depth": 3.0, "num_boost_round": 2.0}, "datetime": {"datetime": "2024-01-19 02:27:50", "elapsed": 8224.386945, "delta": 0.006092}}
{"target": -17.677199016088217, "params": {"gamma": 36.53364717798902, "log10_alpha": -3.8370803123144976, "log10_colsample_bytree": -0.0413027173173538, "log10_eta": -2.4387688918422454, "log10_lambda": -2.1560663858628124, "log10_min_child_weight": 4.680432533017847, "log10_subsample": -0.4996203247698795, "max_depth": 3.0, "num_boost_round": 3.0}, "datetime": {"datetime": "2024-01-19 02:27:50", "elapsed": 8224.392687, "delta": 0.005742}}
{"target": -17.677202724114473, "params": {"gamma": 36.53364717798902, "log10_alpha": -3.8370803123144976, "log10_colsample_bytree": -0.0413027173173538, "log10_eta": -2.4387688918422454, "log10_lambda": -2.1560663858628124, "log10_min_child_weight": 4.680432533017847, "log10_subsample": -0.4996203247698795, "max_depth": 3.0, "num_boost_round": 4.0}, "datetime": {"datetime": "2024-01-19 02:27:50", "elapsed": 8224.502106, "delta": 0.109419}}
{"target": -17.677187965600336, "params": {"gamma": 36.53364717798902, "log10_alpha": -3.8370803123144976, "log10_colsample_bytree": -0.0413027173173538, "log10_eta": -2.4387688918422454, "log10_lambda": -2.1560663858628124, "log10_min_child_weight": 4.680432533017847, "log10_subsample": -0.4996203247698795, "max_depth": 3.0, "num_boost_round": 5.0}, "datetime": {"datetime": "2024-01-19 02:27:50", "elapsed": 8224.508965, "delta": 0.006859}}
{"target": -17.6771536174691, "params": {"gamma": 36.53364717798902, "log10_alpha": -3.8370803123144976, "log10_colsample_bytree": -0.0413027173173538, "log10_eta": -2.4387688918422454, "log10_lambda": -2.1560663858628124, "log10_min_child_weight": 4.680432533017847, "log10_subsample": -0.4996203247698795, "max_depth": 3.0, "num_boost_round": 6.0}, "datetime": {"datetime": "2024-01-19 02:27:50", "elapsed": 8224.515087, "delta": 0.006122}}
{"target": -17.677143345533736, "params": {"gamma": 36.53364717798902, "log10_alpha": -3.8370803123144976, "log10_colsample_bytree": -0.0413027173173538, "log10_eta": -2.4387688918422454, "log10_lambda": -2.1560663858628124, "log10_min_child_weight": 4.680432533017847, "log10_subsample": -0.4996203247698795, "max_depth": 3.0, "num_boost_round": 7.0}, "datetime": {"datetime": "2024-01-19 02:27:50", "elapsed": 8224.521678, "delta": 0.006591}}
{"target": -17.677116879695745, "params": {"gamma": 36.53364717798902, "log10_alpha": -3.8370803123144976, "log10_colsample_bytree": -0.0413027173173538, "log10_eta": -2.4387688918422454, "log10_lambda": -2.1560663858628124, "log10_min_child_weight": 4.680432533017847, "log10_subsample": -0.4996203247698795, "max_depth": 3.0, "num_boost_round": 8.0}, "datetime": {"datetime": "2024-01-19 02:27:50", "elapsed": 8224.527899, "delta": 0.006221}}
{"target": -17.677090504600812, "params": {"gamma": 36.53364717798902, "log10_alpha": -3.8370803123144976, "log10_colsample_bytree": -0.0413027173173538, "log10_eta": -2.4387688918422454, "log10_lambda": -2.1560663858628124, "log10_min_child_weight": 4.680432533017847, "log10_subsample": -0.4996203247698795, "max_depth": 3.0, "num_boost_round": 9.0}, "datetime": {"datetime": "2024-01-19 02:27:50", "elapsed": 8224.53397, "delta": 0.006071}}
{"target": -17.677061620446903, "params": {"gamma": 36.53364717798902, "log10_alpha": -3.8370803123144976, "log10_colsample_bytree": -0.0413027173173538, "log10_eta": -2.4387688918422454, "log10_lambda": -2.1560663858628124, "log10_min_child_weight": 4.680432533017847, "log10_subsample": -0.4996203247698795, "max_depth": 3.0, "num_boost_round": 10.0}, "datetime": {"datetime": "2024-01-19 02:27:50", "elapsed": 8224.540114, "delta": 0.006144}}
{"target": -17.677030843330094, "params": {"gamma": 36.53364717798902, "log10_alpha": -3.8370803123144976, "log10_colsample_bytree": -0.0413027173173538, "log10_eta": -2.4387688918422454, "log10_lambda": -2.1560663858628124, "log10_min_child_weight": 4.680432533017847, "log10_subsample": -0.4996203247698795, "max_depth": 3.0, "num_boost_round": 11.0}, "datetime": {"datetime": "2024-01-19 02:27:50", "elapsed": 8224.546261, "delta": 0.006147}}
{"target": -17.67700730317831, "params": {"gamma": 36.53364717798902, "log10_alpha": -3.8370803123144976, "log10_colsample_bytree": -0.0413027173173538, "log10_eta": -2.4387688918422454, "log10_lambda": -2.1560663858628124, "log10_min_child_weight": 4.680432533017847, "log10_subsample": -0.4996203247698795, "max_depth": 3.0, "num_boost_round": 12.0}, "datetime": {"datetime": "2024-01-19 02:27:50", "elapsed": 8224.552439, "delta": 0.006178}}
{"target": -17.67698330847086, "params": {"gamma": 36.53364717798902, "log10_alpha": -3.8370803123144976, "log10_colsample_bytree": -0.0413027173173538, "log10_eta": -2.4387688918422454, "log10_lambda": -2.1560663858628124, "log10_min_child_weight": 4.680432533017847, "log10_subsample": -0.4996203247698795, "max_depth": 3.0, "num_boost_round": 13.0}, "datetime": {"datetime": "2024-01-19 02:27:50", "elapsed": 8224.558546, "delta": 0.006107}}
{"target": -17.67699540265748, "params": {"gamma": 36.53364717798902, "log10_alpha": -3.8370803123144976, "log10_colsample_bytree": -0.0413027173173538, "log10_eta": -2.4387688918422454, "log10_lambda": -2.1560663858628124, "log10_min_child_weight": 4.680432533017847, "log10_subsample": -0.4996203247698795, "max_depth": 3.0, "num_boost_round": 14.0}, "datetime": {"datetime": "2024-01-19 02:27:50", "elapsed": 8224.564657, "delta": 0.006111}}
{"target": -17.676970247695404, "params": {"gamma": 36.53364717798902, "log10_alpha": -3.8370803123144976, "log10_colsample_bytree": -0.0413027173173538, "log10_eta": -2.4387688918422454, "log10_lambda": -2.1560663858628124, "log10_min_child_weight": 4.680432533017847, "log10_subsample": -0.4996203247698795, "max_depth": 3.0, "num_boost_round": 15.0}, "datetime": {"datetime": "2024-01-19 02:27:50", "elapsed": 8224.570792, "delta": 0.006135}}
{"target": -17.676929378019114, "params": {"gamma": 36.53364717798902, "log10_alpha": -3.8370803123144976, "log10_colsample_bytree": -0.0413027173173538, "log10_eta": -2.4387688918422454, "log10_lambda": -2.1560663858628124, "log10_min_child_weight": 4.680432533017847, "log10_subsample": -0.4996203247698795, "max_depth": 3.0, "num_boost_round": 16.0}, "datetime": {"datetime": "2024-01-19 02:27:50", "elapsed": 8224.576887, "delta": 0.006095}}
{"target": -17.67690143115952, "params": {"gamma": 36.53364717798902, "log10_alpha": -3.8370803123144976, "log10_colsample_bytree": -0.0413027173173538, "log10_eta": -2.4387688918422454, "log10_lambda": -2.1560663858628124, "log10_min_child_weight": 4.680432533017847, "log10_subsample": -0.4996203247698795, "max_depth": 3.0, "num_boost_round": 17.0}, "datetime": {"datetime": "2024-01-19 02:27:50", "elapsed": 8224.582905, "delta": 0.006018}}
{"target": -17.676871318713378, "params": {"gamma": 36.53364717798902, "log10_alpha": -3.8370803123144976, "log10_colsample_bytree": -0.0413027173173538, "log10_eta": -2.4387688918422454, "log10_lambda": -2.1560663858628124, "log10_min_child_weight": 4.680432533017847, "log10_subsample": -0.4996203247698795, "max_depth": 3.0, "num_boost_round": 18.0}, "datetime": {"datetime": "2024-01-19 02:27:50", "elapsed": 8224.588915, "delta": 0.00601}}
{"target": -17.676870907985712, "params": {"gamma": 36.53364717798902, "log10_alpha": -3.8370803123144976, "log10_colsample_bytree": -0.0413027173173538, "log10_eta": -2.4387688918422454, "log10_lambda": -2.1560663858628124, "log10_min_child_weight": 4.680432533017847, "log10_subsample": -0.4996203247698795, "max_depth": 3.0, "num_boost_round": 19.0}, "datetime": {"datetime": "2024-01-19 02:27:50", "elapsed": 8224.594778, "delta": 0.005863}}
{"target": -17.67687080625387, "params": {"gamma": 36.53364717798902, "log10_alpha": -3.8370803123144976, "log10_colsample_bytree": -0.0413027173173538, "log10_eta": -2.4387688918422454, "log10_lambda": -2.1560663858628124, "log10_min_child_weight": 4.680432533017847, "log10_subsample": -0.4996203247698795, "max_depth": 3.0, "num_boost_round": 20.0}, "datetime": {"datetime": "2024-01-19 02:27:50", "elapsed": 8224.67076, "delta": 0.075982}}
{"target": -17.67686269739631, "params": {"gamma": 36.53364717798902, "log10_alpha": -3.8370803123144976, "log10_colsample_bytree": -0.0413027173173538, "log10_eta": -2.4387688918422454, "log10_lambda": -2.1560663858628124, "log10_min_child_weight": 4.680432533017847, "log10_subsample": -0.4996203247698795, "max_depth": 3.0, "num_boost_round": 21.0}, "datetime": {"datetime": "2024-01-19 02:27:50", "elapsed": 8224.67684, "delta": 0.00608}}
{"target": -17.676852325011076, "params": {"gamma": 36.53364717798902, "log10_alpha": -3.8370803123144976, "log10_colsample_bytree": -0.0413027173173538, "log10_eta": -2.4387688918422454, "log10_lambda": -2.1560663858628124, "log10_min_child_weight": 4.680432533017847, "log10_subsample": -0.4996203247698795, "max_depth": 3.0, "num_boost_round": 22.0}, "datetime": {"datetime": "2024-01-19 02:27:50", "elapsed": 8224.682574, "delta": 0.005734}}
{"target": -17.676857013525055, "params": {"gamma": 36.53364717798902, "log10_alpha": -3.8370803123144976, "log10_colsample_bytree": -0.0413027173173538, "log10_eta": -2.4387688918422454, "log10_lambda": -2.1560663858628124, "log10_min_child_weight": 4.680432533017847, "log10_subsample": -0.4996203247698795, "max_depth": 3.0, "num_boost_round": 23.0}, "datetime": {"datetime": "2024-01-19 02:27:51", "elapsed": 8224.688277, "delta": 0.005703}}
{"target": -17.676857460908632, "params": {"gamma": 36.53364717798902, "log10_alpha": -3.8370803123144976, "log10_colsample_bytree": -0.0413027173173538, "log10_eta": -2.4387688918422454, "log10_lambda": -2.1560663858628124, "log10_min_child_weight": 4.680432533017847, "log10_subsample": -0.4996203247698795, "max_depth": 3.0, "num_boost_round": 24.0}, "datetime": {"datetime": "2024-01-19 02:27:51", "elapsed": 8224.694581, "delta": 0.006304}}
{"target": -17.67686793221315, "params": {"gamma": 36.53364717798902, "log10_alpha": -3.8370803123144976, "log10_colsample_bytree": -0.0413027173173538, "log10_eta": -2.4387688918422454, "log10_lambda": -2.1560663858628124, "log10_min_child_weight": 4.680432533017847, "log10_subsample": -0.4996203247698795, "max_depth": 3.0, "num_boost_round": 25.0}, "datetime": {"datetime": "2024-01-19 02:27:51", "elapsed": 8224.700874, "delta": 0.006293}}
{"target": -17.67684505452788, "params": {"gamma": 36.53364717798902, "log10_alpha": -3.8370803123144976, "log10_colsample_bytree": -0.0413027173173538, "log10_eta": -2.4387688918422454, "log10_lambda": -2.1560663858628124, "log10_min_child_weight": 4.680432533017847, "log10_subsample": -0.4996203247698795, "max_depth": 3.0, "num_boost_round": 26.0}, "datetime": {"datetime": "2024-01-19 02:27:51", "elapsed": 8224.707264, "delta": 0.00639}}
{"target": -17.676825685972055, "params": {"gamma": 36.53364717798902, "log10_alpha": -3.8370803123144976, "log10_colsample_bytree": -0.0413027173173538, "log10_eta": -2.4387688918422454, "log10_lambda": -2.1560663858628124, "log10_min_child_weight": 4.680432533017847, "log10_subsample": -0.4996203247698795, "max_depth": 3.0, "num_boost_round": 27.0}, "datetime": {"datetime": "2024-01-19 02:27:51", "elapsed": 8224.713211, "delta": 0.005947}}
{"target": -17.676803303197605, "params": {"gamma": 36.53364717798902, "log10_alpha": -3.8370803123144976, "log10_colsample_bytree": -0.0413027173173538, "log10_eta": -2.4387688918422454, "log10_lambda": -2.1560663858628124, "log10_min_child_weight": 4.680432533017847, "log10_subsample": -0.4996203247698795, "max_depth": 3.0, "num_boost_round": 28.0}, "datetime": {"datetime": "2024-01-19 02:27:51", "elapsed": 8224.718873, "delta": 0.005662}}
{"target": -17.676776204657774, "params": {"gamma": 36.53364717798902, "log10_alpha": -3.8370803123144976, "log10_colsample_bytree": -0.0413027173173538, "log10_eta": -2.4387688918422454, "log10_lambda": -2.1560663858628124, "log10_min_child_weight": 4.680432533017847, "log10_subsample": -0.4996203247698795, "max_depth": 3.0, "num_boost_round": 29.0}, "datetime": {"datetime": "2024-01-19 02:27:51", "elapsed": 8224.724319, "delta": 0.005446}}
{"target": -17.676757852241156, "params": {"gamma": 36.53364717798902, "log10_alpha": -3.8370803123144976, "log10_colsample_bytree": -0.0413027173173538, "log10_eta": -2.4387688918422454, "log10_lambda": -2.1560663858628124, "log10_min_child_weight": 4.680432533017847, "log10_subsample": -0.4996203247698795, "max_depth": 3.0, "num_boost_round": 30.0}, "datetime": {"datetime": "2024-01-19 02:27:51", "elapsed": 8224.729854, "delta": 0.005535}}
{"target": -17.676763066209322, "params": {"gamma": 36.53364717798902, "log10_alpha": -3.8370803123144976, "log10_colsample_bytree": -0.0413027173173538, "log10_eta": -2.4387688918422454, "log10_lambda": -2.1560663858628124, "log10_min_child_weight": 4.680432533017847, "log10_subsample": -0.4996203247698795, "max_depth": 3.0, "num_boost_round": 31.0}, "datetime": {"datetime": "2024-01-19 02:27:51", "elapsed": 8224.73522, "delta": 0.005366}}
{"target": -17.676790108170522, "params": {"gamma": 36.53364717798902, "log10_alpha": -3.8370803123144976, "log10_colsample_bytree": -0.0413027173173538, "log10_eta": -2.4387688918422454, "log10_lambda": -2.1560663858628124, "log10_min_child_weight": 4.680432533017847, "log10_subsample": -0.4996203247698795, "max_depth": 3.0, "num_boost_round": 32.0}, "datetime": {"datetime": "2024-01-19 02:27:51", "elapsed": 8224.740783, "delta": 0.005563}}
{"target": -17.676791050504846, "params": {"gamma": 36.53364717798902, "log10_alpha": -3.8370803123144976, "log10_colsample_bytree": -0.0413027173173538, "log10_eta": -2.4387688918422454, "log10_lambda": -2.1560663858628124, "log10_min_child_weight": 4.680432533017847, "log10_subsample": -0.4996203247698795, "max_depth": 3.0, "num_boost_round": 33.0}, "datetime": {"datetime": "2024-01-19 02:27:51", "elapsed": 8224.746286, "delta": 0.005503}}
{"target": -17.67679640841677, "params": {"gamma": 36.53364717798902, "log10_alpha": -3.8370803123144976, "log10_colsample_bytree": -0.0413027173173538, "log10_eta": -2.4387688918422454, "log10_lambda": -2.1560663858628124, "log10_min_child_weight": 4.680432533017847, "log10_subsample": -0.4996203247698795, "max_depth": 3.0, "num_boost_round": 34.0}, "datetime": {"datetime": "2024-01-19 02:27:51", "elapsed": 8224.751991, "delta": 0.005705}}
{"target": -17.67627084992271, "params": {"gamma": 685.1943940412095, "log10_alpha": -0.24397007204894905, "log10_colsample_bytree": -0.3285957631291747, "log10_eta": -1.5541227871148702, "log10_lambda": -2.6116475570601736, "log10_min_child_weight": 2.7786125308406366, "log10_subsample": -0.7671109533006324, "max_depth": 9.0, "num_boost_round": 0.0}, "datetime": {"datetime": "2024-01-19 02:30:12", "elapsed": 8365.948197, "delta": 141.196206}}
{"target": -17.675887117970483, "params": {"gamma": 685.1943940412095, "log10_alpha": -0.24397007204894905, "log10_colsample_bytree": -0.3285957631291747, "log10_eta": -1.5541227871148702, "log10_lambda": -2.6116475570601736, "log10_min_child_weight": 2.7786125308406366, "log10_subsample": -0.7671109533006324, "max_depth": 9.0, "num_boost_round": 1.0}, "datetime": {"datetime": "2024-01-19 02:30:12", "elapsed": 8365.955114, "delta": 0.006917}}
