{"target": -17.67699814353423, "params": {"gamma": 435.8419934097697, "log10_alpha": -5.0, "log10_colsample_bytree": -0.19016199972522949, "log10_eta": -4.0, "log10_lambda": -4.487777432279495, "log10_min_child_weight": 1.8839185382644557, "log10_subsample": -1.0, "max_depth": 6.0, "num_boost_round": 49.0}, "datetime": {"datetime": "2024-01-19 00:30:44", "elapsed": 1136.87765, "delta": 0.00219}}
{"target": -17.676994301889863, "params": {"gamma": 435.8419934097697, "log10_alpha": -5.0, "log10_colsample_bytree": -0.19016199972522949, "log10_eta": -4.0, "log10_lambda": -4.487777432279495, "log10_min_child_weight": 1.8839185382644557, "log10_subsample": -1.0, "max_depth": 6.0, "num_boost_round": 50.0}, "datetime": {"datetime": "2024-01-19 00:30:44", "elapsed": 1136.879787, "delta": 0.002137}}
{"target": -17.67699214532674, "params": {"gamma": 435.8419934097697, "log10_alpha": -5.0, "log10_colsample_bytree": -0.19016199972522949, "log10_eta": -4.0, "log10_lambda": -4.487777432279495, "log10_min_child_weight": 1.8839185382644557, "log10_subsample": -1.0, "max_depth": 6.0, "num_boost_round": 51.0}, "datetime": {"datetime": "2024-01-19 00:30:44", "elapsed": 1136.882011, "delta": 0.002224}}
{"target": -17.676992528694434, "params": {"gamma": 435.8419934097697, "log10_alpha": -5.0, "log10_colsample_bytree": -0.19016199972522949, "log10_eta": -4.0, "log10_lambda": -4.487777432279495, "log10_min_child_weight": 1.8839185382644557, "log10_subsample": -1.0, "max_depth": 6.0, "num_boost_round": 52.0}, "datetime": {"datetime": "2024-01-19 00:30:44", "elapsed": 1136.884175, "delta": 0.002164}}
{"target": -17.676987270052503, "params": {"gamma": 435.8419934097697, "log10_alpha": -5.0, "log10_colsample_bytree": -0.19016199972522949, "log10_eta": -4.0, "log10_lambda": -4.487777432279495, "log10_min_child_weight": 1.8839185382644557, "log10_subsample": -1.0, "max_depth": 6.0, "num_boost_round": 53.0}, "datetime": {"datetime": "2024-01-19 00:30:44", "elapsed": 1136.886299, "delta": 0.002124}}
{"target": -17.676980822163408, "params": {"gamma": 435.8419934097697, "log10_alpha": -5.0, "log10_colsample_bytree": -0.19016199972522949, "log10_eta": -4.0, "log10_lambda": -4.487777432279495, "log10_min_child_weight": 1.8839185382644557, "log10_subsample": -1.0, "max_depth": 6.0, "num_boost_round": 54.0}, "datetime": {"datetime": "2024-01-19 00:30:44", "elapsed": 1136.88851, "delta": 0.002211}}
{"target": -17.676972164538498, "params": {"gamma": 435.8419934097697, "log10_alpha": -5.0, "log10_colsample_bytree": -0.19016199972522949, "log10_eta": -4.0, "log10_lambda": -4.487777432279495, "log10_min_child_weight": 1.8839185382644557, "log10_subsample": -1.0, "max_depth": 6.0, "num_boost_round": 55.0}, "datetime": {"datetime": "2024-01-19 00:30:44", "elapsed": 1136.890731, "delta": 0.002221}}
{"target": -17.677110616528225, "params": {"gamma": 412.0037865996679, "log10_alpha": -3.3198983353397415, "log10_colsample_bytree": -0.26610383747003286, "log10_eta": -2.302636322798453, "log10_lambda": 0.9558188615934569, "log10_min_child_weight": 0.03448200081383135, "log10_subsample": -0.8610807393828429, "max_depth": 8.0, "num_boost_round": 0.0}, "datetime": {"datetime": "2024-01-19 00:31:20", "elapsed": 1172.651431, "delta": 35.7607}}
{"target": -17.67688625210609, "params": {"gamma": 412.0037865996679, "log10_alpha": -3.3198983353397415, "log10_colsample_bytree": -0.26610383747003286, "log10_eta": -2.302636322798453, "log10_lambda": 0.9558188615934569, "log10_min_child_weight": 0.03448200081383135, "log10_subsample": -0.8610807393828429, "max_depth": 8.0, "num_boost_round": 1.0}, "datetime": {"datetime": "2024-01-19 00:31:20", "elapsed": 1172.653766, "delta": 0.002335}}
{"target": -17.676508580858687, "params": {"gamma": 412.0037865996679, "log10_alpha": -3.3198983353397415, "log10_colsample_bytree": -0.26610383747003286, "log10_eta": -2.302636322798453, "log10_lambda": 0.9558188615934569, "log10_min_child_weight": 0.03448200081383135, "log10_subsample": -0.8610807393828429, "max_depth": 8.0, "num_boost_round": 2.0}, "datetime": {"datetime": "2024-01-19 00:31:20", "elapsed": 1172.655954, "delta": 0.002188}}
{"target": -17.676129866449592, "params": {"gamma": 412.0037865996679, "log10_alpha": -3.3198983353397415, "log10_colsample_bytree": -0.26610383747003286, "log10_eta": -2.302636322798453, "log10_lambda": 0.9558188615934569, "log10_min_child_weight": 0.03448200081383135, "log10_subsample": -0.8610807393828429, "max_depth": 8.0, "num_boost_round": 3.0}, "datetime": {"datetime": "2024-01-19 00:31:20", "elapsed": 1172.658103, "delta": 0.002149}}
{"target": -17.6761975502486, "params": {"gamma": 412.0037865996679, "log10_alpha": -3.3198983353397415, "log10_colsample_bytree": -0.26610383747003286, "log10_eta": -2.302636322798453, "log10_lambda": 0.9558188615934569, "log10_min_child_weight": 0.03448200081383135, "log10_subsample": -0.8610807393828429, "max_depth": 8.0, "num_boost_round": 4.0}, "datetime": {"datetime": "2024-01-19 00:31:20", "elapsed": 1172.662128, "delta": 0.004025}}
{"target": -17.675806642180053, "params": {"gamma": 412.0037865996679, "log10_alpha": -3.3198983353397415, "log10_colsample_bytree": -0.26610383747003286, "log10_eta": -2.302636322798453, "log10_lambda": 0.9558188615934569, "log10_min_child_weight": 0.03448200081383135, "log10_subsample": -0.8610807393828429, "max_depth": 8.0, "num_boost_round": 5.0}, "datetime": {"datetime": "2024-01-19 00:31:20", "elapsed": 1172.665008, "delta": 0.00288}}
{"target": -17.675661234113875, "params": {"gamma": 412.0037865996679, "log10_alpha": -3.3198983353397415, "log10_colsample_bytree": -0.26610383747003286, "log10_eta": -2.302636322798453, "log10_lambda": 0.9558188615934569, "log10_min_child_weight": 0.03448200081383135, "log10_subsample": -0.8610807393828429, "max_depth": 8.0, "num_boost_round": 6.0}, "datetime": {"datetime": "2024-01-19 00:31:20", "elapsed": 1172.667204, "delta": 0.002196}}
{"target": -17.675354096577507, "params": {"gamma": 412.0037865996679, "log10_alpha": -3.3198983353397415, "log10_colsample_bytree": -0.26610383747003286, "log10_eta": -2.302636322798453, "log10_lambda": 0.9558188615934569, "log10_min_child_weight": 0.03448200081383135, "log10_subsample": -0.8610807393828429, "max_depth": 8.0, "num_boost_round": 7.0}, "datetime": {"datetime": "2024-01-19 00:31:20", "elapsed": 1172.669353, "delta": 0.002149}}
{"target": -17.675046491235026, "params": {"gamma": 412.0037865996679, "log10_alpha": -3.3198983353397415, "log10_colsample_bytree": -0.26610383747003286, "log10_eta": -2.302636322798453, "log10_lambda": 0.9558188615934569, "log10_min_child_weight": 0.03448200081383135, "log10_subsample": -0.8610807393828429, "max_depth": 8.0, "num_boost_round": 8.0}, "datetime": {"datetime": "2024-01-19 00:31:20", "elapsed": 1172.671615, "delta": 0.002262}}
{"target": -17.674627638019086, "params": {"gamma": 412.0037865996679, "log10_alpha": -3.3198983353397415, "log10_colsample_bytree": -0.26610383747003286, "log10_eta": -2.302636322798453, "log10_lambda": 0.9558188615934569, "log10_min_child_weight": 0.03448200081383135, "log10_subsample": -0.8610807393828429, "max_depth": 8.0, "num_boost_round": 9.0}, "datetime": {"datetime": "2024-01-19 00:31:20", "elapsed": 1172.673772, "delta": 0.002157}}
{"target": -17.674579711993, "params": {"gamma": 412.0037865996679, "log10_alpha": -3.3198983353397415, "log10_colsample_bytree": -0.26610383747003286, "log10_eta": -2.302636322798453, "log10_lambda": 0.9558188615934569, "log10_min_child_weight": 0.03448200081383135, "log10_subsample": -0.8610807393828429, "max_depth": 8.0, "num_boost_round": 10.0}, "datetime": {"datetime": "2024-01-19 00:31:20", "elapsed": 1172.675897, "delta": 0.002125}}
{"target": -17.674277201066854, "params": {"gamma": 412.0037865996679, "log10_alpha": -3.3198983353397415, "log10_colsample_bytree": -0.26610383747003286, "log10_eta": -2.302636322798453, "log10_lambda": 0.9558188615934569, "log10_min_child_weight": 0.03448200081383135, "log10_subsample": -0.8610807393828429, "max_depth": 8.0, "num_boost_round": 11.0}, "datetime": {"datetime": "2024-01-19 00:31:20", "elapsed": 1172.67803, "delta": 0.002133}}
{"target": -17.674352830140975, "params": {"gamma": 412.0037865996679, "log10_alpha": -3.3198983353397415, "log10_colsample_bytree": -0.26610383747003286, "log10_eta": -2.302636322798453, "log10_lambda": 0.9558188615934569, "log10_min_child_weight": 0.03448200081383135, "log10_subsample": -0.8610807393828429, "max_depth": 8.0, "num_boost_round": 12.0}, "datetime": {"datetime": "2024-01-19 00:31:20", "elapsed": 1172.680234, "delta": 0.002204}}
{"target": -17.674158934392583, "params": {"gamma": 412.0037865996679, "log10_alpha": -3.3198983353397415, "log10_colsample_bytree": -0.26610383747003286, "log10_eta": -2.302636322798453, "log10_lambda": 0.9558188615934569, "log10_min_child_weight": 0.03448200081383135, "log10_subsample": -0.8610807393828429, "max_depth": 8.0, "num_boost_round": 13.0}, "datetime": {"datetime": "2024-01-19 00:31:20", "elapsed": 1172.682463, "delta": 0.002229}}
{"target": -17.67397382296483, "params": {"gamma": 412.0037865996679, "log10_alpha": -3.3198983353397415, "log10_colsample_bytree": -0.26610383747003286, "log10_eta": -2.302636322798453, "log10_lambda": 0.9558188615934569, "log10_min_child_weight": 0.03448200081383135, "log10_subsample": -0.8610807393828429, "max_depth": 8.0, "num_boost_round": 14.0}, "datetime": {"datetime": "2024-01-19 00:31:20", "elapsed": 1172.684581, "delta": 0.002118}}
{"target": -17.673730623920818, "params": {"gamma": 412.0037865996679, "log10_alpha": -3.3198983353397415, "log10_colsample_bytree": -0.26610383747003286, "log10_eta": -2.302636322798453, "log10_lambda": 0.9558188615934569, "log10_min_child_weight": 0.03448200081383135, "log10_subsample": -0.8610807393828429, "max_depth": 8.0, "num_boost_round": 15.0}, "datetime": {"datetime": "2024-01-19 00:31:20", "elapsed": 1172.686733, "delta": 0.002152}}
{"target": -17.673554386204977, "params": {"gamma": 412.0037865996679, "log10_alpha": -3.3198983353397415, "log10_colsample_bytree": -0.26610383747003286, "log10_eta": -2.302636322798453, "log10_lambda": 0.9558188615934569, "log10_min_child_weight": 0.03448200081383135, "log10_subsample": -0.8610807393828429, "max_depth": 8.0, "num_boost_round": 16.0}, "datetime": {"datetime": "2024-01-19 00:31:20", "elapsed": 1172.688924, "delta": 0.002191}}
{"target": -17.673437748955347, "params": {"gamma": 412.0037865996679, "log10_alpha": -3.3198983353397415, "log10_colsample_bytree": -0.26610383747003286, "log10_eta": -2.302636322798453, "log10_lambda": 0.9558188615934569, "log10_min_child_weight": 0.03448200081383135, "log10_subsample": -0.8610807393828429, "max_depth": 8.0, "num_boost_round": 17.0}, "datetime": {"datetime": "2024-01-19 00:31:20", "elapsed": 1172.691124, "delta": 0.0022}}
{"target": -17.673210301945122, "params": {"gamma": 412.0037865996679, "log10_alpha": -3.3198983353397415, "log10_colsample_bytree": -0.26610383747003286, "log10_eta": -2.302636322798453, "log10_lambda": 0.9558188615934569, "log10_min_child_weight": 0.03448200081383135, "log10_subsample": -0.8610807393828429, "max_depth": 8.0, "num_boost_round": 18.0}, "datetime": {"datetime": "2024-01-19 00:31:20", "elapsed": 1172.693313, "delta": 0.002189}}
{"target": -17.673281411983197, "params": {"gamma": 412.0037865996679, "log10_alpha": -3.3198983353397415, "log10_colsample_bytree": -0.26610383747003286, "log10_eta": -2.302636322798453, "log10_lambda": 0.9558188615934569, "log10_min_child_weight": 0.03448200081383135, "log10_subsample": -0.8610807393828429, "max_depth": 8.0, "num_boost_round": 19.0}, "datetime": {"datetime": "2024-01-19 00:31:20", "elapsed": 1172.695469, "delta": 0.002156}}
{"target": -17.672919946068067, "params": {"gamma": 412.0037865996679, "log10_alpha": -3.3198983353397415, "log10_colsample_bytree": -0.26610383747003286, "log10_eta": -2.302636322798453, "log10_lambda": 0.9558188615934569, "log10_min_child_weight": 0.03448200081383135, "log10_subsample": -0.8610807393828429, "max_depth": 8.0, "num_boost_round": 20.0}, "datetime": {"datetime": "2024-01-19 00:31:20", "elapsed": 1172.697631, "delta": 0.002162}}
{"target": -17.672833892110734, "params": {"gamma": 412.0037865996679, "log10_alpha": -3.3198983353397415, "log10_colsample_bytree": -0.26610383747003286, "log10_eta": -2.302636322798453, "log10_lambda": 0.9558188615934569, "log10_min_child_weight": 0.03448200081383135, "log10_subsample": -0.8610807393828429, "max_depth": 8.0, "num_boost_round": 21.0}, "datetime": {"datetime": "2024-01-19 00:31:20", "elapsed": 1172.699795, "delta": 0.002164}}
{"target": -17.672622170274142, "params": {"gamma": 412.0037865996679, "log10_alpha": -3.3198983353397415, "log10_colsample_bytree": -0.26610383747003286, "log10_eta": -2.302636322798453, "log10_lambda": 0.9558188615934569, "log10_min_child_weight": 0.03448200081383135, "log10_subsample": -0.8610807393828429, "max_depth": 8.0, "num_boost_round": 22.0}, "datetime": {"datetime": "2024-01-19 00:31:20", "elapsed": 1172.702071, "delta": 0.002276}}
{"target": -17.672439144283732, "params": {"gamma": 412.0037865996679, "log10_alpha": -3.3198983353397415, "log10_colsample_bytree": -0.26610383747003286, "log10_eta": -2.302636322798453, "log10_lambda": 0.9558188615934569, "log10_min_child_weight": 0.03448200081383135, "log10_subsample": -0.8610807393828429, "max_depth": 8.0, "num_boost_round": 23.0}, "datetime": {"datetime": "2024-01-19 00:31:20", "elapsed": 1172.704379, "delta": 0.002308}}
{"target": -17.672332799290754, "params": {"gamma": 412.0037865996679, "log10_alpha": -3.3198983353397415, "log10_colsample_bytree": -0.26610383747003286, "log10_eta": -2.302636322798453, "log10_lambda": 0.9558188615934569, "log10_min_child_weight": 0.03448200081383135, "log10_subsample": -0.8610807393828429, "max_depth": 8.0, "num_boost_round": 24.0}, "datetime": {"datetime": "2024-01-19 00:31:20", "elapsed": 1172.706638, "delta": 0.002259}}
{"target": -17.67236312745428, "params": {"gamma": 412.0037865996679, "log10_alpha": -3.3198983353397415, "log10_colsample_bytree": -0.26610383747003286, "log10_eta": -2.302636322798453, "log10_lambda": 0.9558188615934569, "log10_min_child_weight": 0.03448200081383135, "log10_subsample": -0.8610807393828429, "max_depth": 8.0, "num_boost_round": 25.0}, "datetime": {"datetime": "2024-01-19 00:31:20", "elapsed": 1172.708794, "delta": 0.002156}}
{"target": -17.672264818765328, "params": {"gamma": 412.0037865996679, "log10_alpha": -3.3198983353397415, "log10_colsample_bytree": -0.26610383747003286, "log10_eta": -2.302636322798453, "log10_lambda": 0.9558188615934569, "log10_min_child_weight": 0.03448200081383135, "log10_subsample": -0.8610807393828429, "max_depth": 8.0, "num_boost_round": 26.0}, "datetime": {"datetime": "2024-01-19 00:31:20", "elapsed": 1172.711008, "delta": 0.002214}}
{"target": -17.672327687215972, "params": {"gamma": 412.0037865996679, "log10_alpha": -3.3198983353397415, "log10_colsample_bytree": -0.26610383747003286, "log10_eta": -2.302636322798453, "log10_lambda": 0.9558188615934569, "log10_min_child_weight": 0.03448200081383135, "log10_subsample": -0.8610807393828429, "max_depth": 8.0, "num_boost_round": 27.0}, "datetime": {"datetime": "2024-01-19 00:31:20", "elapsed": 1172.713185, "delta": 0.002177}}
{"target": -17.67220636439337, "params": {"gamma": 412.0037865996679, "log10_alpha": -3.3198983353397415, "log10_colsample_bytree": -0.26610383747003286, "log10_eta": -2.302636322798453, "log10_lambda": 0.9558188615934569, "log10_min_child_weight": 0.03448200081383135, "log10_subsample": -0.8610807393828429, "max_depth": 8.0, "num_boost_round": 28.0}, "datetime": {"datetime": "2024-01-19 00:31:20", "elapsed": 1172.715359, "delta": 0.002174}}
{"target": -17.67188620170374, "params": {"gamma": 412.0037865996679, "log10_alpha": -3.3198983353397415, "log10_colsample_bytree": -0.26610383747003286, "log10_eta": -2.302636322798453, "log10_lambda": 0.9558188615934569, "log10_min_child_weight": 0.03448200081383135, "log10_subsample": -0.8610807393828429, "max_depth": 8.0, "num_boost_round": 29.0}, "datetime": {"datetime": "2024-01-19 00:31:20", "elapsed": 1172.717518, "delta": 0.002159}}
{"target": -17.672036065316256, "params": {"gamma": 412.0037865996679, "log10_alpha": -3.3198983353397415, "log10_colsample_bytree": -0.26610383747003286, "log10_eta": -2.302636322798453, "log10_lambda": 0.9558188615934569, "log10_min_child_weight": 0.03448200081383135, "log10_subsample": -0.8610807393828429, "max_depth": 8.0, "num_boost_round": 30.0}, "datetime": {"datetime": "2024-01-19 00:31:20", "elapsed": 1172.719686, "delta": 0.002168}}
{"target": -17.67613571108137, "params": {"gamma": 424.6397409077824, "log10_alpha": -0.7217997312128501, "log10_colsample_bytree": -0.5086619814431969, "log10_eta": -1.8153614639210218, "log10_lambda": -4.880590163012846, "log10_min_child_weight": 0.2869719209266469, "log10_subsample": -0.5929418018057074, "max_depth": 5.0, "num_boost_round": 0.0}, "datetime": {"datetime": "2024-01-19 00:31:50", "elapsed": 1203.31064, "delta": 30.590954}}
{"target": -17.675186106217936, "params": {"gamma": 424.6397409077824, "log10_alpha": -0.7217997312128501, "log10_colsample_bytree": -0.5086619814431969, "log10_eta": -1.8153614639210218, "log10_lambda": -4.880590163012846, "log10_min_child_weight": 0.2869719209266469, "log10_subsample": -0.5929418018057074, "max_depth": 5.0, "num_boost_round": 1.0}, "datetime": {"datetime": "2024-01-19 00:31:50", "elapsed": 1203.313953, "delta": 0.003313}}
{"target": -17.67463128007845, "params": {"gamma": 424.6397409077824, "log10_alpha": -0.7217997312128501, "log10_colsample_bytree": -0.5086619814431969, "log10_eta": -1.8153614639210218, "log10_lambda": -4.880590163012846, "log10_min_child_weight": 0.2869719209266469, "log10_subsample": -0.5929418018057074, "max_depth": 5.0, "num_boost_round": 2.0}, "datetime": {"datetime": "2024-01-19 00:31:50", "elapsed": 1203.316389, "delta": 0.002436}}
{"target": -17.67450805696942, "params": {"gamma": 424.6397409077824, "log10_alpha": -0.7217997312128501, "log10_colsample_bytree": -0.5086619814431969, "log10_eta": -1.8153614639210218, "log10_lambda": -4.880590163012846, "log10_min_child_weight": 0.2869719209266469, "log10_subsample": -0.5929418018057074, "max_depth": 5.0, "num_boost_round": 3.0}, "datetime": {"datetime": "2024-01-19 00:31:50", "elapsed": 1203.318685, "delta": 0.002296}}
{"target": -17.673781687171758, "params": {"gamma": 424.6397409077824, "log10_alpha": -0.7217997312128501, "log10_colsample_bytree": -0.5086619814431969, "log10_eta": -1.8153614639210218, "log10_lambda": -4.880590163012846, "log10_min_child_weight": 0.2869719209266469, "log10_subsample": -0.5929418018057074, "max_depth": 5.0, "num_boost_round": 4.0}, "datetime": {"datetime": "2024-01-19 00:31:50", "elapsed": 1203.320959, "delta": 0.002274}}
{"target": -17.673412825955936, "params": {"gamma": 424.6397409077824, "log10_alpha": -0.7217997312128501, "log10_colsample_bytree": -0.5086619814431969, "log10_eta": -1.8153614639210218, "log10_lambda": -4.880590163012846, "log10_min_child_weight": 0.2869719209266469, "log10_subsample": -0.5929418018057074, "max_depth": 5.0, "num_boost_round": 5.0}, "datetime": {"datetime": "2024-01-19 00:31:50", "elapsed": 1203.323271, "delta": 0.002312}}
{"target": -17.672886242635062, "params": {"gamma": 424.6397409077824, "log10_alpha": -0.7217997312128501, "log10_colsample_bytree": -0.5086619814431969, "log10_eta": -1.8153614639210218, "log10_lambda": -4.880590163012846, "log10_min_child_weight": 0.2869719209266469, "log10_subsample": -0.5929418018057074, "max_depth": 5.0, "num_boost_round": 6.0}, "datetime": {"datetime": "2024-01-19 00:31:50", "elapsed": 1203.325493, "delta": 0.002222}}
{"target": -17.67285331088993, "params": {"gamma": 424.6397409077824, "log10_alpha": -0.7217997312128501, "log10_colsample_bytree": -0.5086619814431969, "log10_eta": -1.8153614639210218, "log10_lambda": -4.880590163012846, "log10_min_child_weight": 0.2869719209266469, "log10_subsample": -0.5929418018057074, "max_depth": 5.0, "num_boost_round": 7.0}, "datetime": {"datetime": "2024-01-19 00:31:50", "elapsed": 1203.327827, "delta": 0.002334}}
{"target": -17.672640622343266, "params": {"gamma": 424.6397409077824, "log10_alpha": -0.7217997312128501, "log10_colsample_bytree": -0.5086619814431969, "log10_eta": -1.8153614639210218, "log10_lambda": -4.880590163012846, "log10_min_child_weight": 0.2869719209266469, "log10_subsample": -0.5929418018057074, "max_depth": 5.0, "num_boost_round": 8.0}, "datetime": {"datetime": "2024-01-19 00:31:50", "elapsed": 1203.330042, "delta": 0.002215}}
{"target": -17.671915018998163, "params": {"gamma": 424.6397409077824, "log10_alpha": -0.7217997312128501, "log10_colsample_bytree": -0.5086619814431969, "log10_eta": -1.8153614639210218, "log10_lambda": -4.880590163012846, "log10_min_child_weight": 0.2869719209266469, "log10_subsample": -0.5929418018057074, "max_depth": 5.0, "num_boost_round": 9.0}, "datetime": {"datetime": "2024-01-19 00:31:50", "elapsed": 1203.332342, "delta": 0.0023}}
{"target": -17.670805307976426, "params": {"gamma": 424.6397409077824, "log10_alpha": -0.7217997312128501, "log10_colsample_bytree": -0.5086619814431969, "log10_eta": -1.8153614639210218, "log10_lambda": -4.880590163012846, "log10_min_child_weight": 0.2869719209266469, "log10_subsample": -0.5929418018057074, "max_depth": 5.0, "num_boost_round": 10.0}, "datetime": {"datetime": "2024-01-19 00:31:50", "elapsed": 1203.334575, "delta": 0.002233}}
{"target": -17.66967769127871, "params": {"gamma": 424.6397409077824, "log10_alpha": -0.7217997312128501, "log10_colsample_bytree": -0.5086619814431969, "log10_eta": -1.8153614639210218, "log10_lambda": -4.880590163012846, "log10_min_child_weight": 0.2869719209266469, "log10_subsample": -0.5929418018057074, "max_depth": 5.0, "num_boost_round": 11.0}, "datetime": {"datetime": "2024-01-19 00:31:50", "elapsed": 1203.336785, "delta": 0.00221}}
