{"target": -13.772261765897484, "params": {"gamma": 873.4294027918163, "log10_alpha": 0.8112439769255921, "log10_colsample_bytree": -0.13080545978608005, "log10_eta": -1.876577233777604, "log10_lambda": -3.6036300321362558, "log10_min_child_weight": 0.056994021387149485, "log10_subsample": -0.5695311817075095, "max_depth": 5.0, "num_boost_round": 49.0}, "datetime": {"datetime": "2024-01-19 00:11:20", "elapsed": 0.013392, "delta": 0.00017}}
{"target": -13.773255036727612, "params": {"gamma": 873.4294027918163, "log10_alpha": 0.8112439769255921, "log10_colsample_bytree": -0.13080545978608005, "log10_eta": -1.876577233777604, "log10_lambda": -3.6036300321362558, "log10_min_child_weight": 0.056994021387149485, "log10_subsample": -0.5695311817075095, "max_depth": 5.0, "num_boost_round": 50.0}, "datetime": {"datetime": "2024-01-19 00:11:20", "elapsed": 0.013563, "delta": 0.000171}}
{"target": -13.773920280752785, "params": {"gamma": 873.4294027918163, "log10_alpha": 0.8112439769255921, "log10_colsample_bytree": -0.13080545978608005, "log10_eta": -1.876577233777604, "log10_lambda": -3.6036300321362558, "log10_min_child_weight": 0.056994021387149485, "log10_subsample": -0.5695311817075095, "max_depth": 5.0, "num_boost_round": 51.0}, "datetime": {"datetime": "2024-01-19 00:11:20", "elapsed": 0.013738, "delta": 0.000175}}
{"target": -13.774335987555425, "params": {"gamma": 873.4294027918163, "log10_alpha": 0.8112439769255921, "log10_colsample_bytree": -0.13080545978608005, "log10_eta": -1.876577233777604, "log10_lambda": -3.6036300321362558, "log10_min_child_weight": 0.056994021387149485, "log10_subsample": -0.5695311817075095, "max_depth": 5.0, "num_boost_round": 52.0}, "datetime": {"datetime": "2024-01-19 00:11:20", "elapsed": 0.013906, "delta": 0.000168}}
{"target": -13.774252167542578, "params": {"gamma": 873.4294027918163, "log10_alpha": 0.8112439769255921, "log10_colsample_bytree": -0.13080545978608005, "log10_eta": -1.876577233777604, "log10_lambda": -3.6036300321362558, "log10_min_child_weight": 0.056994021387149485, "log10_subsample": -0.5695311817075095, "max_depth": 5.0, "num_boost_round": 53.0}, "datetime": {"datetime": "2024-01-19 00:11:20", "elapsed": 0.014075, "delta": 0.000169}}
{"target": -13.77438482845328, "params": {"gamma": 873.4294027918163, "log10_alpha": 0.8112439769255921, "log10_colsample_bytree": -0.13080545978608005, "log10_eta": -1.876577233777604, "log10_lambda": -3.6036300321362558, "log10_min_child_weight": 0.056994021387149485, "log10_subsample": -0.5695311817075095, "max_depth": 5.0, "num_boost_round": 54.0}, "datetime": {"datetime": "2024-01-19 00:11:20", "elapsed": 0.01425, "delta": 0.000175}}
{"target": -13.774710474038313, "params": {"gamma": 873.4294027918163, "log10_alpha": 0.8112439769255921, "log10_colsample_bytree": -0.13080545978608005, "log10_eta": -1.876577233777604, "log10_lambda": -3.6036300321362558, "log10_min_child_weight": 0.056994021387149485, "log10_subsample": -0.5695311817075095, "max_depth": 5.0, "num_boost_round": 55.0}, "datetime": {"datetime": "2024-01-19 00:11:20", "elapsed": 0.014426, "delta": 0.000176}}
{"target": -13.774971986012506, "params": {"gamma": 873.4294027918163, "log10_alpha": 0.8112439769255921, "log10_colsample_bytree": -0.13080545978608005, "log10_eta": -1.876577233777604, "log10_lambda": -3.6036300321362558, "log10_min_child_weight": 0.056994021387149485, "log10_subsample": -0.5695311817075095, "max_depth": 5.0, "num_boost_round": 56.0}, "datetime": {"datetime": "2024-01-19 00:11:20", "elapsed": 0.014602, "delta": 0.000176}}
{"target": -13.775298995145576, "params": {"gamma": 873.4294027918163, "log10_alpha": 0.8112439769255921, "log10_colsample_bytree": -0.13080545978608005, "log10_eta": -1.876577233777604, "log10_lambda": -3.6036300321362558, "log10_min_child_weight": 0.056994021387149485, "log10_subsample": -0.5695311817075095, "max_depth": 5.0, "num_boost_round": 57.0}, "datetime": {"datetime": "2024-01-19 00:11:20", "elapsed": 0.014795, "delta": 0.000193}}
{"target": -13.775314940551178, "params": {"gamma": 873.4294027918163, "log10_alpha": 0.8112439769255921, "log10_colsample_bytree": -0.13080545978608005, "log10_eta": -1.876577233777604, "log10_lambda": -3.6036300321362558, "log10_min_child_weight": 0.056994021387149485, "log10_subsample": -0.5695311817075095, "max_depth": 5.0, "num_boost_round": 58.0}, "datetime": {"datetime": "2024-01-19 00:11:20", "elapsed": 0.014972, "delta": 0.000177}}
{"target": -13.775661873256269, "params": {"gamma": 873.4294027918163, "log10_alpha": 0.8112439769255921, "log10_colsample_bytree": -0.13080545978608005, "log10_eta": -1.876577233777604, "log10_lambda": -3.6036300321362558, "log10_min_child_weight": 0.056994021387149485, "log10_subsample": -0.5695311817075095, "max_depth": 5.0, "num_boost_round": 59.0}, "datetime": {"datetime": "2024-01-19 00:11:20", "elapsed": 0.015148, "delta": 0.000176}}
{"target": -13.775938068285555, "params": {"gamma": 873.4294027918163, "log10_alpha": 0.8112439769255921, "log10_colsample_bytree": -0.13080545978608005, "log10_eta": -1.876577233777604, "log10_lambda": -3.6036300321362558, "log10_min_child_weight": 0.056994021387149485, "log10_subsample": -0.5695311817075095, "max_depth": 5.0, "num_boost_round": 60.0}, "datetime": {"datetime": "2024-01-19 00:11:20", "elapsed": 0.015327, "delta": 0.000179}}
{"target": -13.776380111663174, "params": {"gamma": 873.4294027918163, "log10_alpha": 0.8112439769255921, "log10_colsample_bytree": -0.13080545978608005, "log10_eta": -1.876577233777604, "log10_lambda": -3.6036300321362558, "log10_min_child_weight": 0.056994021387149485, "log10_subsample": -0.5695311817075095, "max_depth": 5.0, "num_boost_round": 61.0}, "datetime": {"datetime": "2024-01-19 00:11:20", "elapsed": 0.015506, "delta": 0.000179}}
{"target": -13.776438276008955, "params": {"gamma": 873.4294027918163, "log10_alpha": 0.8112439769255921, "log10_colsample_bytree": -0.13080545978608005, "log10_eta": -1.876577233777604, "log10_lambda": -3.6036300321362558, "log10_min_child_weight": 0.056994021387149485, "log10_subsample": -0.5695311817075095, "max_depth": 5.0, "num_boost_round": 62.0}, "datetime": {"datetime": "2024-01-19 00:11:20", "elapsed": 0.015692, "delta": 0.000186}}
{"target": -13.777379045270814, "params": {"gamma": 873.4294027918163, "log10_alpha": 0.8112439769255921, "log10_colsample_bytree": -0.13080545978608005, "log10_eta": -1.876577233777604, "log10_lambda": -3.6036300321362558, "log10_min_child_weight": 0.056994021387149485, "log10_subsample": -0.5695311817075095, "max_depth": 5.0, "num_boost_round": 63.0}, "datetime": {"datetime": "2024-01-19 00:11:20", "elapsed": 0.01588, "delta": 0.000188}}
{"target": -13.77755796764374, "params": {"gamma": 873.4294027918163, "log10_alpha": 0.8112439769255921, "log10_colsample_bytree": -0.13080545978608005, "log10_eta": -1.876577233777604, "log10_lambda": -3.6036300321362558, "log10_min_child_weight": 0.056994021387149485, "log10_subsample": -0.5695311817075095, "max_depth": 5.0, "num_boost_round": 64.0}, "datetime": {"datetime": "2024-01-19 00:11:20", "elapsed": 0.016075, "delta": 0.000195}}
{"target": -13.777925748380364, "params": {"gamma": 873.4294027918163, "log10_alpha": 0.8112439769255921, "log10_colsample_bytree": -0.13080545978608005, "log10_eta": -1.876577233777604, "log10_lambda": -3.6036300321362558, "log10_min_child_weight": 0.056994021387149485, "log10_subsample": -0.5695311817075095, "max_depth": 5.0, "num_boost_round": 65.0}, "datetime": {"datetime": "2024-01-19 00:11:20", "elapsed": 0.016265, "delta": 0.00019}}
{"target": -13.778307101815422, "params": {"gamma": 873.4294027918163, "log10_alpha": 0.8112439769255921, "log10_colsample_bytree": -0.13080545978608005, "log10_eta": -1.876577233777604, "log10_lambda": -3.6036300321362558, "log10_min_child_weight": 0.056994021387149485, "log10_subsample": -0.5695311817075095, "max_depth": 5.0, "num_boost_round": 66.0}, "datetime": {"datetime": "2024-01-19 00:11:20", "elapsed": 0.016452, "delta": 0.000187}}
{"target": -13.778535768023504, "params": {"gamma": 873.4294027918163, "log10_alpha": 0.8112439769255921, "log10_colsample_bytree": -0.13080545978608005, "log10_eta": -1.876577233777604, "log10_lambda": -3.6036300321362558, "log10_min_child_weight": 0.056994021387149485, "log10_subsample": -0.5695311817075095, "max_depth": 5.0, "num_boost_round": 67.0}, "datetime": {"datetime": "2024-01-19 00:11:20", "elapsed": 0.016646, "delta": 0.000194}}
{"target": -13.778737885757076, "params": {"gamma": 873.4294027918163, "log10_alpha": 0.8112439769255921, "log10_colsample_bytree": -0.13080545978608005, "log10_eta": -1.876577233777604, "log10_lambda": -3.6036300321362558, "log10_min_child_weight": 0.056994021387149485, "log10_subsample": -0.5695311817075095, "max_depth": 5.0, "num_boost_round": 68.0}, "datetime": {"datetime": "2024-01-19 00:11:20", "elapsed": 0.016837, "delta": 0.000191}}
{"target": -13.778825677161446, "params": {"gamma": 873.4294027918163, "log10_alpha": 0.8112439769255921, "log10_colsample_bytree": -0.13080545978608005, "log10_eta": -1.876577233777604, "log10_lambda": -3.6036300321362558, "log10_min_child_weight": 0.056994021387149485, "log10_subsample": -0.5695311817075095, "max_depth": 5.0, "num_boost_round": 69.0}, "datetime": {"datetime": "2024-01-19 00:11:20", "elapsed": 0.017026, "delta": 0.000189}}
{"target": -13.779138935390582, "params": {"gamma": 873.4294027918163, "log10_alpha": 0.8112439769255921, "log10_colsample_bytree": -0.13080545978608005, "log10_eta": -1.876577233777604, "log10_lambda": -3.6036300321362558, "log10_min_child_weight": 0.056994021387149485, "log10_subsample": -0.5695311817075095, "max_depth": 5.0, "num_boost_round": 70.0}, "datetime": {"datetime": "2024-01-19 00:11:20", "elapsed": 0.017217, "delta": 0.000191}}
{"target": -13.779046698727827, "params": {"gamma": 873.4294027918163, "log10_alpha": 0.8112439769255921, "log10_colsample_bytree": -0.13080545978608005, "log10_eta": -1.876577233777604, "log10_lambda": -3.6036300321362558, "log10_min_child_weight": 0.056994021387149485, "log10_subsample": -0.5695311817075095, "max_depth": 5.0, "num_boost_round": 71.0}, "datetime": {"datetime": "2024-01-19 00:11:20", "elapsed": 0.017412, "delta": 0.000195}}
{"target": -13.779791934404004, "params": {"gamma": 873.4294027918163, "log10_alpha": 0.8112439769255921, "log10_colsample_bytree": -0.13080545978608005, "log10_eta": -1.876577233777604, "log10_lambda": -3.6036300321362558, "log10_min_child_weight": 0.056994021387149485, "log10_subsample": -0.5695311817075095, "max_depth": 5.0, "num_boost_round": 72.0}, "datetime": {"datetime": "2024-01-19 00:11:20", "elapsed": 0.017607, "delta": 0.000195}}
{"target": -13.780353862895637, "params": {"gamma": 873.4294027918163, "log10_alpha": 0.8112439769255921, "log10_colsample_bytree": -0.13080545978608005, "log10_eta": -1.876577233777604, "log10_lambda": -3.6036300321362558, "log10_min_child_weight": 0.056994021387149485, "log10_subsample": -0.5695311817075095, "max_depth": 5.0, "num_boost_round": 73.0}, "datetime": {"datetime": "2024-01-19 00:11:20", "elapsed": 0.017812, "delta": 0.000205}}
{"target": -13.780689424025846, "params": {"gamma": 873.4294027918163, "log10_alpha": 0.8112439769255921, "log10_colsample_bytree": -0.13080545978608005, "log10_eta": -1.876577233777604, "log10_lambda": -3.6036300321362558, "log10_min_child_weight": 0.056994021387149485, "log10_subsample": -0.5695311817075095, "max_depth": 5.0, "num_boost_round": 74.0}, "datetime": {"datetime": "2024-01-19 00:11:20", "elapsed": 0.018011, "delta": 0.000199}}
{"target": -13.780752413773074, "params": {"gamma": 873.4294027918163, "log10_alpha": 0.8112439769255921, "log10_colsample_bytree": -0.13080545978608005, "log10_eta": -1.876577233777604, "log10_lambda": -3.6036300321362558, "log10_min_child_weight": 0.056994021387149485, "log10_subsample": -0.5695311817075095, "max_depth": 5.0, "num_boost_round": 75.0}, "datetime": {"datetime": "2024-01-19 00:11:20", "elapsed": 0.018211, "delta": 0.0002}}
{"target": -13.781156429009114, "params": {"gamma": 873.4294027918163, "log10_alpha": 0.8112439769255921, "log10_colsample_bytree": -0.13080545978608005, "log10_eta": -1.876577233777604, "log10_lambda": -3.6036300321362558, "log10_min_child_weight": 0.056994021387149485, "log10_subsample": -0.5695311817075095, "max_depth": 5.0, "num_boost_round": 76.0}, "datetime": {"datetime": "2024-01-19 00:11:20", "elapsed": 0.01851, "delta": 0.000299}}
{"target": -13.7822838534648, "params": {"gamma": 873.4294027918163, "log10_alpha": 0.8112439769255921, "log10_colsample_bytree": -0.13080545978608005, "log10_eta": -1.876577233777604, "log10_lambda": -3.6036300321362558, "log10_min_child_weight": 0.056994021387149485, "log10_subsample": -0.5695311817075095, "max_depth": 5.0, "num_boost_round": 77.0}, "datetime": {"datetime": "2024-01-19 00:11:20", "elapsed": 0.018733, "delta": 0.000223}}
{"target": -13.783548579958033, "params": {"gamma": 873.4294027918163, "log10_alpha": 0.8112439769255921, "log10_colsample_bytree": -0.13080545978608005, "log10_eta": -1.876577233777604, "log10_lambda": -3.6036300321362558, "log10_min_child_weight": 0.056994021387149485, "log10_subsample": -0.5695311817075095, "max_depth": 5.0, "num_boost_round": 78.0}, "datetime": {"datetime": "2024-01-19 00:11:20", "elapsed": 0.01894, "delta": 0.000207}}
{"target": -13.78388937477435, "params": {"gamma": 873.4294027918163, "log10_alpha": 0.8112439769255921, "log10_colsample_bytree": -0.13080545978608005, "log10_eta": -1.876577233777604, "log10_lambda": -3.6036300321362558, "log10_min_child_weight": 0.056994021387149485, "log10_subsample": -0.5695311817075095, "max_depth": 5.0, "num_boost_round": 79.0}, "datetime": {"datetime": "2024-01-19 00:11:20", "elapsed": 0.019148, "delta": 0.000208}}
{"target": -13.783710880033505, "params": {"gamma": 873.4294027918163, "log10_alpha": 0.8112439769255921, "log10_colsample_bytree": -0.13080545978608005, "log10_eta": -1.876577233777604, "log10_lambda": -3.6036300321362558, "log10_min_child_weight": 0.056994021387149485, "log10_subsample": -0.5695311817075095, "max_depth": 5.0, "num_boost_round": 80.0}, "datetime": {"datetime": "2024-01-19 00:11:20", "elapsed": 0.019354, "delta": 0.000206}}
{"target": -13.784321433061661, "params": {"gamma": 873.4294027918163, "log10_alpha": 0.8112439769255921, "log10_colsample_bytree": -0.13080545978608005, "log10_eta": -1.876577233777604, "log10_lambda": -3.6036300321362558, "log10_min_child_weight": 0.056994021387149485, "log10_subsample": -0.5695311817075095, "max_depth": 5.0, "num_boost_round": 81.0}, "datetime": {"datetime": "2024-01-19 00:11:20", "elapsed": 0.019565, "delta": 0.000211}}
{"target": -13.7847728735909, "params": {"gamma": 873.4294027918163, "log10_alpha": 0.8112439769255921, "log10_colsample_bytree": -0.13080545978608005, "log10_eta": -1.876577233777604, "log10_lambda": -3.6036300321362558, "log10_min_child_weight": 0.056994021387149485, "log10_subsample": -0.5695311817075095, "max_depth": 5.0, "num_boost_round": 82.0}, "datetime": {"datetime": "2024-01-19 00:11:20", "elapsed": 0.019796, "delta": 0.000231}}
{"target": -13.784951507159132, "params": {"gamma": 873.4294027918163, "log10_alpha": 0.8112439769255921, "log10_colsample_bytree": -0.13080545978608005, "log10_eta": -1.876577233777604, "log10_lambda": -3.6036300321362558, "log10_min_child_weight": 0.056994021387149485, "log10_subsample": -0.5695311817075095, "max_depth": 5.0, "num_boost_round": 83.0}, "datetime": {"datetime": "2024-01-19 00:11:20", "elapsed": 0.020015, "delta": 0.000219}}
{"target": -13.78523680851341, "params": {"gamma": 873.4294027918163, "log10_alpha": 0.8112439769255921, "log10_colsample_bytree": -0.13080545978608005, "log10_eta": -1.876577233777604, "log10_lambda": -3.6036300321362558, "log10_min_child_weight": 0.056994021387149485, "log10_subsample": -0.5695311817075095, "max_depth": 5.0, "num_boost_round": 84.0}, "datetime": {"datetime": "2024-01-19 00:11:20", "elapsed": 0.020235, "delta": 0.00022}}
{"target": -13.785880396673166, "params": {"gamma": 873.4294027918163, "log10_alpha": 0.8112439769255921, "log10_colsample_bytree": -0.13080545978608005, "log10_eta": -1.876577233777604, "log10_lambda": -3.6036300321362558, "log10_min_child_weight": 0.056994021387149485, "log10_subsample": -0.5695311817075095, "max_depth": 5.0, "num_boost_round": 85.0}, "datetime": {"datetime": "2024-01-19 00:11:20", "elapsed": 0.02045, "delta": 0.000215}}
{"target": -13.786165093483755, "params": {"gamma": 873.4294027918163, "log10_alpha": 0.8112439769255921, "log10_colsample_bytree": -0.13080545978608005, "log10_eta": -1.876577233777604, "log10_lambda": -3.6036300321362558, "log10_min_child_weight": 0.056994021387149485, "log10_subsample": -0.5695311817075095, "max_depth": 5.0, "num_boost_round": 86.0}, "datetime": {"datetime": "2024-01-19 00:11:20", "elapsed": 0.020804, "delta": 0.000354}}
{"target": -13.786142417415427, "params": {"gamma": 873.4294027918163, "log10_alpha": 0.8112439769255921, "log10_colsample_bytree": -0.13080545978608005, "log10_eta": -1.876577233777604, "log10_lambda": -3.6036300321362558, "log10_min_child_weight": 0.056994021387149485, "log10_subsample": -0.5695311817075095, "max_depth": 5.0, "num_boost_round": 87.0}, "datetime": {"datetime": "2024-01-19 00:11:20", "elapsed": 0.021159, "delta": 0.000355}}
{"target": -13.786233971442257, "params": {"gamma": 873.4294027918163, "log10_alpha": 0.8112439769255921, "log10_colsample_bytree": -0.13080545978608005, "log10_eta": -1.876577233777604, "log10_lambda": -3.6036300321362558, "log10_min_child_weight": 0.056994021387149485, "log10_subsample": -0.5695311817075095, "max_depth": 5.0, "num_boost_round": 88.0}, "datetime": {"datetime": "2024-01-19 00:11:20", "elapsed": 0.021437, "delta": 0.000278}}
{"target": -13.786637887920168, "params": {"gamma": 873.4294027918163, "log10_alpha": 0.8112439769255921, "log10_colsample_bytree": -0.13080545978608005, "log10_eta": -1.876577233777604, "log10_lambda": -3.6036300321362558, "log10_min_child_weight": 0.056994021387149485, "log10_subsample": -0.5695311817075095, "max_depth": 5.0, "num_boost_round": 89.0}, "datetime": {"datetime": "2024-01-19 00:11:20", "elapsed": 0.021675, "delta": 0.000238}}
{"target": -13.787010608275823, "params": {"gamma": 873.4294027918163, "log10_alpha": 0.8112439769255921, "log10_colsample_bytree": -0.13080545978608005, "log10_eta": -1.876577233777604, "log10_lambda": -3.6036300321362558, "log10_min_child_weight": 0.056994021387149485, "log10_subsample": -0.5695311817075095, "max_depth": 5.0, "num_boost_round": 90.0}, "datetime": {"datetime": "2024-01-19 00:11:20", "elapsed": 0.021901, "delta": 0.000226}}
{"target": -13.787039340985407, "params": {"gamma": 873.4294027918163, "log10_alpha": 0.8112439769255921, "log10_colsample_bytree": -0.13080545978608005, "log10_eta": -1.876577233777604, "log10_lambda": -3.6036300321362558, "log10_min_child_weight": 0.056994021387149485, "log10_subsample": -0.5695311817075095, "max_depth": 5.0, "num_boost_round": 91.0}, "datetime": {"datetime": "2024-01-19 00:11:20", "elapsed": 0.022129, "delta": 0.000228}}
{"target": -13.786897751972754, "params": {"gamma": 873.4294027918163, "log10_alpha": 0.8112439769255921, "log10_colsample_bytree": -0.13080545978608005, "log10_eta": -1.876577233777604, "log10_lambda": -3.6036300321362558, "log10_min_child_weight": 0.056994021387149485, "log10_subsample": -0.5695311817075095, "max_depth": 5.0, "num_boost_round": 92.0}, "datetime": {"datetime": "2024-01-19 00:11:20", "elapsed": 0.022355, "delta": 0.000226}}
{"target": -13.787415280236178, "params": {"gamma": 873.4294027918163, "log10_alpha": 0.8112439769255921, "log10_colsample_bytree": -0.13080545978608005, "log10_eta": -1.876577233777604, "log10_lambda": -3.6036300321362558, "log10_min_child_weight": 0.056994021387149485, "log10_subsample": -0.5695311817075095, "max_depth": 5.0, "num_boost_round": 93.0}, "datetime": {"datetime": "2024-01-19 00:11:20", "elapsed": 0.022582, "delta": 0.000227}}
{"target": -13.787871070073738, "params": {"gamma": 873.4294027918163, "log10_alpha": 0.8112439769255921, "log10_colsample_bytree": -0.13080545978608005, "log10_eta": -1.876577233777604, "log10_lambda": -3.6036300321362558, "log10_min_child_weight": 0.056994021387149485, "log10_subsample": -0.5695311817075095, "max_depth": 5.0, "num_boost_round": 94.0}, "datetime": {"datetime": "2024-01-19 00:11:20", "elapsed": 0.022819, "delta": 0.000237}}
{"target": -13.788187190774746, "params": {"gamma": 873.4294027918163, "log10_alpha": 0.8112439769255921, "log10_colsample_bytree": -0.13080545978608005, "log10_eta": -1.876577233777604, "log10_lambda": -3.6036300321362558, "log10_min_child_weight": 0.056994021387149485, "log10_subsample": -0.5695311817075095, "max_depth": 5.0, "num_boost_round": 95.0}, "datetime": {"datetime": "2024-01-19 00:11:20", "elapsed": 0.02305, "delta": 0.000231}}
{"target": -13.788476511185298, "params": {"gamma": 873.4294027918163, "log10_alpha": 0.8112439769255921, "log10_colsample_bytree": -0.13080545978608005, "log10_eta": -1.876577233777604, "log10_lambda": -3.6036300321362558, "log10_min_child_weight": 0.056994021387149485, "log10_subsample": -0.5695311817075095, "max_depth": 5.0, "num_boost_round": 96.0}, "datetime": {"datetime": "2024-01-19 00:11:20", "elapsed": 0.023281, "delta": 0.000231}}
{"target": -13.788887811826164, "params": {"gamma": 873.4294027918163, "log10_alpha": 0.8112439769255921, "log10_colsample_bytree": -0.13080545978608005, "log10_eta": -1.876577233777604, "log10_lambda": -3.6036300321362558, "log10_min_child_weight": 0.056994021387149485, "log10_subsample": -0.5695311817075095, "max_depth": 5.0, "num_boost_round": 97.0}, "datetime": {"datetime": "2024-01-19 00:11:20", "elapsed": 0.023512, "delta": 0.000231}}
