{"target": -17.679649726735583, "params": {"gamma": 397.73335106615303, "log10_alpha": 0.8262423857902386, "log10_colsample_bytree": -0.10913665844356535, "log10_eta": -1.6708538134464592, "log10_lambda": -0.675221094534229, "log10_min_child_weight": 0.9274507809532512, "log10_subsample": -0.22739474949129335, "max_depth": 9.0, "num_boost_round": 8.0}, "datetime": {"datetime": "2024-01-19 02:08:43", "elapsed": 7015.86541, "delta": 0.00703}}
{"target": -17.681713663672728, "params": {"gamma": 397.73335106615303, "log10_alpha": 0.8262423857902386, "log10_colsample_bytree": -0.10913665844356535, "log10_eta": -1.6708538134464592, "log10_lambda": -0.675221094534229, "log10_min_child_weight": 0.9274507809532512, "log10_subsample": -0.22739474949129335, "max_depth": 9.0, "num_boost_round": 9.0}, "datetime": {"datetime": "2024-01-19 02:08:43", "elapsed": 7015.872385, "delta": 0.006975}}
{"target": -17.681661422689473, "params": {"gamma": 397.73335106615303, "log10_alpha": 0.8262423857902386, "log10_colsample_bytree": -0.10913665844356535, "log10_eta": -1.6708538134464592, "log10_lambda": -0.675221094534229, "log10_min_child_weight": 0.9274507809532512, "log10_subsample": -0.22739474949129335, "max_depth": 9.0, "num_boost_round": 10.0}, "datetime": {"datetime": "2024-01-19 02:08:43", "elapsed": 7015.879114, "delta": 0.006729}}
{"target": -17.68238050863373, "params": {"gamma": 397.73335106615303, "log10_alpha": 0.8262423857902386, "log10_colsample_bytree": -0.10913665844356535, "log10_eta": -1.6708538134464592, "log10_lambda": -0.675221094534229, "log10_min_child_weight": 0.9274507809532512, "log10_subsample": -0.22739474949129335, "max_depth": 9.0, "num_boost_round": 11.0}, "datetime": {"datetime": "2024-01-19 02:08:43", "elapsed": 7015.88613, "delta": 0.007016}}
{"target": -17.683513249539203, "params": {"gamma": 397.73335106615303, "log10_alpha": 0.8262423857902386, "log10_colsample_bytree": -0.10913665844356535, "log10_eta": -1.6708538134464592, "log10_lambda": -0.675221094534229, "log10_min_child_weight": 0.9274507809532512, "log10_subsample": -0.22739474949129335, "max_depth": 9.0, "num_boost_round": 12.0}, "datetime": {"datetime": "2024-01-19 02:08:43", "elapsed": 7015.893059, "delta": 0.006929}}
{"target": -17.684254163467774, "params": {"gamma": 397.73335106615303, "log10_alpha": 0.8262423857902386, "log10_colsample_bytree": -0.10913665844356535, "log10_eta": -1.6708538134464592, "log10_lambda": -0.675221094534229, "log10_min_child_weight": 0.9274507809532512, "log10_subsample": -0.22739474949129335, "max_depth": 9.0, "num_boost_round": 13.0}, "datetime": {"datetime": "2024-01-19 02:08:43", "elapsed": 7015.90011, "delta": 0.007051}}
{"target": -17.686419611065478, "params": {"gamma": 397.73335106615303, "log10_alpha": 0.8262423857902386, "log10_colsample_bytree": -0.10913665844356535, "log10_eta": -1.6708538134464592, "log10_lambda": -0.675221094534229, "log10_min_child_weight": 0.9274507809532512, "log10_subsample": -0.22739474949129335, "max_depth": 9.0, "num_boost_round": 14.0}, "datetime": {"datetime": "2024-01-19 02:08:43", "elapsed": 7015.9073, "delta": 0.00719}}
{"target": -17.68884682925366, "params": {"gamma": 397.73335106615303, "log10_alpha": 0.8262423857902386, "log10_colsample_bytree": -0.10913665844356535, "log10_eta": -1.6708538134464592, "log10_lambda": -0.675221094534229, "log10_min_child_weight": 0.9274507809532512, "log10_subsample": -0.22739474949129335, "max_depth": 9.0, "num_boost_round": 15.0}, "datetime": {"datetime": "2024-01-19 02:08:43", "elapsed": 7015.914372, "delta": 0.007072}}
{"target": -17.690091752276754, "params": {"gamma": 397.73335106615303, "log10_alpha": 0.8262423857902386, "log10_colsample_bytree": -0.10913665844356535, "log10_eta": -1.6708538134464592, "log10_lambda": -0.675221094534229, "log10_min_child_weight": 0.9274507809532512, "log10_subsample": -0.22739474949129335, "max_depth": 9.0, "num_boost_round": 16.0}, "datetime": {"datetime": "2024-01-19 02:08:43", "elapsed": 7015.921031, "delta": 0.006659}}
{"target": -17.69058818091014, "params": {"gamma": 397.73335106615303, "log10_alpha": 0.8262423857902386, "log10_colsample_bytree": -0.10913665844356535, "log10_eta": -1.6708538134464592, "log10_lambda": -0.675221094534229, "log10_min_child_weight": 0.9274507809532512, "log10_subsample": -0.22739474949129335, "max_depth": 9.0, "num_boost_round": 17.0}, "datetime": {"datetime": "2024-01-19 02:08:43", "elapsed": 7015.927906, "delta": 0.006875}}
{"target": -17.693145415638647, "params": {"gamma": 397.73335106615303, "log10_alpha": 0.8262423857902386, "log10_colsample_bytree": -0.10913665844356535, "log10_eta": -1.6708538134464592, "log10_lambda": -0.675221094534229, "log10_min_child_weight": 0.9274507809532512, "log10_subsample": -0.22739474949129335, "max_depth": 9.0, "num_boost_round": 18.0}, "datetime": {"datetime": "2024-01-19 02:08:43", "elapsed": 7015.93485, "delta": 0.006944}}
{"target": -17.694955703521497, "params": {"gamma": 397.73335106615303, "log10_alpha": 0.8262423857902386, "log10_colsample_bytree": -0.10913665844356535, "log10_eta": -1.6708538134464592, "log10_lambda": -0.675221094534229, "log10_min_child_weight": 0.9274507809532512, "log10_subsample": -0.22739474949129335, "max_depth": 9.0, "num_boost_round": 19.0}, "datetime": {"datetime": "2024-01-19 02:08:43", "elapsed": 7015.945828, "delta": 0.010978}}
{"target": -17.697376775238382, "params": {"gamma": 397.73335106615303, "log10_alpha": 0.8262423857902386, "log10_colsample_bytree": -0.10913665844356535, "log10_eta": -1.6708538134464592, "log10_lambda": -0.675221094534229, "log10_min_child_weight": 0.9274507809532512, "log10_subsample": -0.22739474949129335, "max_depth": 9.0, "num_boost_round": 20.0}, "datetime": {"datetime": "2024-01-19 02:08:43", "elapsed": 7015.952876, "delta": 0.007048}}
{"target": -17.698950214405723, "params": {"gamma": 397.73335106615303, "log10_alpha": 0.8262423857902386, "log10_colsample_bytree": -0.10913665844356535, "log10_eta": -1.6708538134464592, "log10_lambda": -0.675221094534229, "log10_min_child_weight": 0.9274507809532512, "log10_subsample": -0.22739474949129335, "max_depth": 9.0, "num_boost_round": 21.0}, "datetime": {"datetime": "2024-01-19 02:08:43", "elapsed": 7015.960038, "delta": 0.007162}}
{"target": -17.70091353509574, "params": {"gamma": 397.73335106615303, "log10_alpha": 0.8262423857902386, "log10_colsample_bytree": -0.10913665844356535, "log10_eta": -1.6708538134464592, "log10_lambda": -0.675221094534229, "log10_min_child_weight": 0.9274507809532512, "log10_subsample": -0.22739474949129335, "max_depth": 9.0, "num_boost_round": 22.0}, "datetime": {"datetime": "2024-01-19 02:08:43", "elapsed": 7015.966809, "delta": 0.006771}}
{"target": -17.677240290277577, "params": {"gamma": 411.0783989663962, "log10_alpha": -4.8414406578874285, "log10_colsample_bytree": -0.14680611056442405, "log10_eta": -3.054291496032955, "log10_lambda": 0.9218067431688395, "log10_min_child_weight": 4.2844112085875725, "log10_subsample": -0.21984899245500078, "max_depth": 9.0, "num_boost_round": 0.0}, "datetime": {"datetime": "2024-01-19 02:10:19", "elapsed": 7112.403872, "delta": 96.437063}}
{"target": -17.677236522784796, "params": {"gamma": 411.0783989663962, "log10_alpha": -4.8414406578874285, "log10_colsample_bytree": -0.14680611056442405, "log10_eta": -3.054291496032955, "log10_lambda": 0.9218067431688395, "log10_min_child_weight": 4.2844112085875725, "log10_subsample": -0.21984899245500078, "max_depth": 9.0, "num_boost_round": 1.0}, "datetime": {"datetime": "2024-01-19 02:10:19", "elapsed": 7112.411239, "delta": 0.007367}}
{"target": -17.677244194529237, "params": {"gamma": 411.0783989663962, "log10_alpha": -4.8414406578874285, "log10_colsample_bytree": -0.14680611056442405, "log10_eta": -3.054291496032955, "log10_lambda": 0.9218067431688395, "log10_min_child_weight": 4.2844112085875725, "log10_subsample": -0.21984899245500078, "max_depth": 9.0, "num_boost_round": 2.0}, "datetime": {"datetime": "2024-01-19 02:10:19", "elapsed": 7112.418117, "delta": 0.006878}}
{"target": -17.677239938978264, "params": {"gamma": 411.0783989663962, "log10_alpha": -4.8414406578874285, "log10_colsample_bytree": -0.14680611056442405, "log10_eta": -3.054291496032955, "log10_lambda": 0.9218067431688395, "log10_min_child_weight": 4.2844112085875725, "log10_subsample": -0.21984899245500078, "max_depth": 9.0, "num_boost_round": 3.0}, "datetime": {"datetime": "2024-01-19 02:10:19", "elapsed": 7112.425023, "delta": 0.006906}}
{"target": -17.677234609776825, "params": {"gamma": 411.0783989663962, "log10_alpha": -4.8414406578874285, "log10_colsample_bytree": -0.14680611056442405, "log10_eta": -3.054291496032955, "log10_lambda": 0.9218067431688395, "log10_min_child_weight": 4.2844112085875725, "log10_subsample": -0.21984899245500078, "max_depth": 9.0, "num_boost_round": 4.0}, "datetime": {"datetime": "2024-01-19 02:10:19", "elapsed": 7112.431935, "delta": 0.006912}}
{"target": -17.677239236439178, "params": {"gamma": 411.0783989663962, "log10_alpha": -4.8414406578874285, "log10_colsample_bytree": -0.14680611056442405, "log10_eta": -3.054291496032955, "log10_lambda": 0.9218067431688395, "log10_min_child_weight": 4.2844112085875725, "log10_subsample": -0.21984899245500078, "max_depth": 9.0, "num_boost_round": 5.0}, "datetime": {"datetime": "2024-01-19 02:10:19", "elapsed": 7112.438712, "delta": 0.006777}}
{"target": -17.67722934487372, "params": {"gamma": 411.0783989663962, "log10_alpha": -4.8414406578874285, "log10_colsample_bytree": -0.14680611056442405, "log10_eta": -3.054291496032955, "log10_lambda": 0.9218067431688395, "log10_min_child_weight": 4.2844112085875725, "log10_subsample": -0.21984899245500078, "max_depth": 9.0, "num_boost_round": 6.0}, "datetime": {"datetime": "2024-01-19 02:10:19", "elapsed": 7112.445269, "delta": 0.006557}}
{"target": -17.677246195721438, "params": {"gamma": 411.0783989663962, "log10_alpha": -4.8414406578874285, "log10_colsample_bytree": -0.14680611056442405, "log10_eta": -3.054291496032955, "log10_lambda": 0.9218067431688395, "log10_min_child_weight": 4.2844112085875725, "log10_subsample": -0.21984899245500078, "max_depth": 9.0, "num_boost_round": 7.0}, "datetime": {"datetime": "2024-01-19 02:10:19", "elapsed": 7112.452189, "delta": 0.00692}}
{"target": -17.67724887140266, "params": {"gamma": 411.0783989663962, "log10_alpha": -4.8414406578874285, "log10_colsample_bytree": -0.14680611056442405, "log10_eta": -3.054291496032955, "log10_lambda": 0.9218067431688395, "log10_min_child_weight": 4.2844112085875725, "log10_subsample": -0.21984899245500078, "max_depth": 9.0, "num_boost_round": 8.0}, "datetime": {"datetime": "2024-01-19 02:10:19", "elapsed": 7112.458637, "delta": 0.006448}}
{"target": -17.677248788812065, "params": {"gamma": 411.0783989663962, "log10_alpha": -4.8414406578874285, "log10_colsample_bytree": -0.14680611056442405, "log10_eta": -3.054291496032955, "log10_lambda": 0.9218067431688395, "log10_min_child_weight": 4.2844112085875725, "log10_subsample": -0.21984899245500078, "max_depth": 9.0, "num_boost_round": 9.0}, "datetime": {"datetime": "2024-01-19 02:10:19", "elapsed": 7112.595243, "delta": 0.136606}}
{"target": -17.67724108795898, "params": {"gamma": 411.0783989663962, "log10_alpha": -4.8414406578874285, "log10_colsample_bytree": -0.14680611056442405, "log10_eta": -3.054291496032955, "log10_lambda": 0.9218067431688395, "log10_min_child_weight": 4.2844112085875725, "log10_subsample": -0.21984899245500078, "max_depth": 9.0, "num_boost_round": 10.0}, "datetime": {"datetime": "2024-01-19 02:10:19", "elapsed": 7112.603407, "delta": 0.008164}}
{"target": -17.677221500728717, "params": {"gamma": 411.0783989663962, "log10_alpha": -4.8414406578874285, "log10_colsample_bytree": -0.14680611056442405, "log10_eta": -3.054291496032955, "log10_lambda": 0.9218067431688395, "log10_min_child_weight": 4.2844112085875725, "log10_subsample": -0.21984899245500078, "max_depth": 9.0, "num_boost_round": 11.0}, "datetime": {"datetime": "2024-01-19 02:10:19", "elapsed": 7112.610308, "delta": 0.006901}}
{"target": -17.677237352539198, "params": {"gamma": 411.0783989663962, "log10_alpha": -4.8414406578874285, "log10_colsample_bytree": -0.14680611056442405, "log10_eta": -3.054291496032955, "log10_lambda": 0.9218067431688395, "log10_min_child_weight": 4.2844112085875725, "log10_subsample": -0.21984899245500078, "max_depth": 9.0, "num_boost_round": 12.0}, "datetime": {"datetime": "2024-01-19 02:10:19", "elapsed": 7112.616882, "delta": 0.006574}}
{"target": -17.677218615476196, "params": {"gamma": 411.0783989663962, "log10_alpha": -4.8414406578874285, "log10_colsample_bytree": -0.14680611056442405, "log10_eta": -3.054291496032955, "log10_lambda": 0.9218067431688395, "log10_min_child_weight": 4.2844112085875725, "log10_subsample": -0.21984899245500078, "max_depth": 9.0, "num_boost_round": 13.0}, "datetime": {"datetime": "2024-01-19 02:10:19", "elapsed": 7112.623, "delta": 0.006118}}
{"target": -17.677203148769895, "params": {"gamma": 411.0783989663962, "log10_alpha": -4.8414406578874285, "log10_colsample_bytree": -0.14680611056442405, "log10_eta": -3.054291496032955, "log10_lambda": 0.9218067431688395, "log10_min_child_weight": 4.2844112085875725, "log10_subsample": -0.21984899245500078, "max_depth": 9.0, "num_boost_round": 14.0}, "datetime": {"datetime": "2024-01-19 02:10:19", "elapsed": 7112.628924, "delta": 0.005924}}
{"target": -17.6772024712817, "params": {"gamma": 411.0783989663962, "log10_alpha": -4.8414406578874285, "log10_colsample_bytree": -0.14680611056442405, "log10_eta": -3.054291496032955, "log10_lambda": 0.9218067431688395, "log10_min_child_weight": 4.2844112085875725, "log10_subsample": -0.21984899245500078, "max_depth": 9.0, "num_boost_round": 15.0}, "datetime": {"datetime": "2024-01-19 02:10:19", "elapsed": 7112.635027, "delta": 0.006103}}
{"target": -17.677175913295955, "params": {"gamma": 411.0783989663962, "log10_alpha": -4.8414406578874285, "log10_colsample_bytree": -0.14680611056442405, "log10_eta": -3.054291496032955, "log10_lambda": 0.9218067431688395, "log10_min_child_weight": 4.2844112085875725, "log10_subsample": -0.21984899245500078, "max_depth": 9.0, "num_boost_round": 16.0}, "datetime": {"datetime": "2024-01-19 02:10:19", "elapsed": 7112.641055, "delta": 0.006028}}
{"target": -17.677157435160282, "params": {"gamma": 411.0783989663962, "log10_alpha": -4.8414406578874285, "log10_colsample_bytree": -0.14680611056442405, "log10_eta": -3.054291496032955, "log10_lambda": 0.9218067431688395, "log10_min_child_weight": 4.2844112085875725, "log10_subsample": -0.21984899245500078, "max_depth": 9.0, "num_boost_round": 17.0}, "datetime": {"datetime": "2024-01-19 02:10:19", "elapsed": 7112.647267, "delta": 0.006212}}
{"target": -17.677159816071967, "params": {"gamma": 411.0783989663962, "log10_alpha": -4.8414406578874285, "log10_colsample_bytree": -0.14680611056442405, "log10_eta": -3.054291496032955, "log10_lambda": 0.9218067431688395, "log10_min_child_weight": 4.2844112085875725, "log10_subsample": -0.21984899245500078, "max_depth": 9.0, "num_boost_round": 18.0}, "datetime": {"datetime": "2024-01-19 02:10:20", "elapsed": 7112.653602, "delta": 0.006335}}
{"target": -17.67715652098246, "params": {"gamma": 411.0783989663962, "log10_alpha": -4.8414406578874285, "log10_colsample_bytree": -0.14680611056442405, "log10_eta": -3.054291496032955, "log10_lambda": 0.9218067431688395, "log10_min_child_weight": 4.2844112085875725, "log10_subsample": -0.21984899245500078, "max_depth": 9.0, "num_boost_round": 19.0}, "datetime": {"datetime": "2024-01-19 02:10:20", "elapsed": 7112.659917, "delta": 0.006315}}
{"target": -17.677179772828698, "params": {"gamma": 411.0783989663962, "log10_alpha": -4.8414406578874285, "log10_colsample_bytree": -0.14680611056442405, "log10_eta": -3.054291496032955, "log10_lambda": 0.9218067431688395, "log10_min_child_weight": 4.2844112085875725, "log10_subsample": -0.21984899245500078, "max_depth": 9.0, "num_boost_round": 20.0}, "datetime": {"datetime": "2024-01-19 02:10:20", "elapsed": 7112.666262, "delta": 0.006345}}
{"target": -17.67721061884599, "params": {"gamma": 411.0783989663962, "log10_alpha": -4.8414406578874285, "log10_colsample_bytree": -0.14680611056442405, "log10_eta": -3.054291496032955, "log10_lambda": 0.9218067431688395, "log10_min_child_weight": 4.2844112085875725, "log10_subsample": -0.21984899245500078, "max_depth": 9.0, "num_boost_round": 21.0}, "datetime": {"datetime": "2024-01-19 02:10:20", "elapsed": 7112.67254, "delta": 0.006278}}
{"target": -17.677194956698052, "params": {"gamma": 411.0783989663962, "log10_alpha": -4.8414406578874285, "log10_colsample_bytree": -0.14680611056442405, "log10_eta": -3.054291496032955, "log10_lambda": 0.9218067431688395, "log10_min_child_weight": 4.2844112085875725, "log10_subsample": -0.21984899245500078, "max_depth": 9.0, "num_boost_round": 22.0}, "datetime": {"datetime": "2024-01-19 02:10:20", "elapsed": 7112.678704, "delta": 0.006164}}
{"target": -17.677203395580595, "params": {"gamma": 411.0783989663962, "log10_alpha": -4.8414406578874285, "log10_colsample_bytree": -0.14680611056442405, "log10_eta": -3.054291496032955, "log10_lambda": 0.9218067431688395, "log10_min_child_weight": 4.2844112085875725, "log10_subsample": -0.21984899245500078, "max_depth": 9.0, "num_boost_round": 23.0}, "datetime": {"datetime": "2024-01-19 02:10:20", "elapsed": 7112.685514, "delta": 0.00681}}
{"target": -17.67718331680717, "params": {"gamma": 411.0783989663962, "log10_alpha": -4.8414406578874285, "log10_colsample_bytree": -0.14680611056442405, "log10_eta": -3.054291496032955, "log10_lambda": 0.9218067431688395, "log10_min_child_weight": 4.2844112085875725, "log10_subsample": -0.21984899245500078, "max_depth": 9.0, "num_boost_round": 24.0}, "datetime": {"datetime": "2024-01-19 02:10:20", "elapsed": 7112.69204, "delta": 0.006526}}
{"target": -17.677188123117286, "params": {"gamma": 411.0783989663962, "log10_alpha": -4.8414406578874285, "log10_colsample_bytree": -0.14680611056442405, "log10_eta": -3.054291496032955, "log10_lambda": 0.9218067431688395, "log10_min_child_weight": 4.2844112085875725, "log10_subsample": -0.21984899245500078, "max_depth": 9.0, "num_boost_round": 25.0}, "datetime": {"datetime": "2024-01-19 02:10:20", "elapsed": 7112.697867, "delta": 0.005827}}
{"target": -17.67721373234855, "params": {"gamma": 411.0783989663962, "log10_alpha": -4.8414406578874285, "log10_colsample_bytree": -0.14680611056442405, "log10_eta": -3.054291496032955, "log10_lambda": 0.9218067431688395, "log10_min_child_weight": 4.2844112085875725, "log10_subsample": -0.21984899245500078, "max_depth": 9.0, "num_boost_round": 26.0}, "datetime": {"datetime": "2024-01-19 02:10:20", "elapsed": 7112.703585, "delta": 0.005718}}
{"target": -17.67720207207837, "params": {"gamma": 411.0783989663962, "log10_alpha": -4.8414406578874285, "log10_colsample_bytree": -0.14680611056442405, "log10_eta": -3.054291496032955, "log10_lambda": 0.9218067431688395, "log10_min_child_weight": 4.2844112085875725, "log10_subsample": -0.21984899245500078, "max_depth": 9.0, "num_boost_round": 27.0}, "datetime": {"datetime": "2024-01-19 02:10:20", "elapsed": 7112.7093, "delta": 0.005715}}
{"target": -17.677187585848223, "params": {"gamma": 387.73521641075814, "log10_alpha": 0.10799563807376078, "log10_colsample_bytree": -0.8462777111522813, "log10_eta": -2.9637268567972628, "log10_lambda": -4.123837135213151, "log10_min_child_weight": 2.7718567014297686, "log10_subsample": -0.9705501881444678, "max_depth": 4.0, "num_boost_round": 0.0}, "datetime": {"datetime": "2024-01-19 02:11:24", "elapsed": 7177.227733, "delta": 64.518433}}
{"target": -17.67718966194046, "params": {"gamma": 387.73521641075814, "log10_alpha": 0.10799563807376078, "log10_colsample_bytree": -0.8462777111522813, "log10_eta": -2.9637268567972628, "log10_lambda": -4.123837135213151, "log10_min_child_weight": 2.7718567014297686, "log10_subsample": -0.9705501881444678, "max_depth": 4.0, "num_boost_round": 1.0}, "datetime": {"datetime": "2024-01-19 02:11:24", "elapsed": 7177.235287, "delta": 0.007554}}
{"target": -17.67717313233069, "params": {"gamma": 387.73521641075814, "log10_alpha": 0.10799563807376078, "log10_colsample_bytree": -0.8462777111522813, "log10_eta": -2.9637268567972628, "log10_lambda": -4.123837135213151, "log10_min_child_weight": 2.7718567014297686, "log10_subsample": -0.9705501881444678, "max_depth": 4.0, "num_boost_round": 2.0}, "datetime": {"datetime": "2024-01-19 02:11:24", "elapsed": 7177.241555, "delta": 0.006268}}
{"target": -17.677183366875365, "params": {"gamma": 387.73521641075814, "log10_alpha": 0.10799563807376078, "log10_colsample_bytree": -0.8462777111522813, "log10_eta": -2.9637268567972628, "log10_lambda": -4.123837135213151, "log10_min_child_weight": 2.7718567014297686, "log10_subsample": -0.9705501881444678, "max_depth": 4.0, "num_boost_round": 3.0}, "datetime": {"datetime": "2024-01-19 02:11:24", "elapsed": 7177.247568, "delta": 0.006013}}
{"target": -17.67714995632504, "params": {"gamma": 387.73521641075814, "log10_alpha": 0.10799563807376078, "log10_colsample_bytree": -0.8462777111522813, "log10_eta": -2.9637268567972628, "log10_lambda": -4.123837135213151, "log10_min_child_weight": 2.7718567014297686, "log10_subsample": -0.9705501881444678, "max_depth": 4.0, "num_boost_round": 4.0}, "datetime": {"datetime": "2024-01-19 02:11:24", "elapsed": 7177.253643, "delta": 0.006075}}
{"target": -17.677117937403615, "params": {"gamma": 387.73521641075814, "log10_alpha": 0.10799563807376078, "log10_colsample_bytree": -0.8462777111522813, "log10_eta": -2.9637268567972628, "log10_lambda": -4.123837135213151, "log10_min_child_weight": 2.7718567014297686, "log10_subsample": -0.9705501881444678, "max_depth": 4.0, "num_boost_round": 5.0}, "datetime": {"datetime": "2024-01-19 02:11:24", "elapsed": 7177.259823, "delta": 0.00618}}
