{"target": -13.758537571472061, "params": {"gamma": 454.48378771180387, "log10_alpha": -0.9370232704909816, "log10_colsample_bytree": -0.887646519761307, "log10_eta": -3.7719293512824525, "log10_lambda": 0.4794890556623468, "log10_min_child_weight": 4.769458113467794, "log10_subsample": -0.2828257342819862, "max_depth": 6.0, "num_boost_round": 2.0}, "datetime": {"datetime": "2024-01-19 00:30:04", "elapsed": 1108.650752, "delta": 0.002411}}
{"target": -13.758538013991249, "params": {"gamma": 454.48378771180387, "log10_alpha": -0.9370232704909816, "log10_colsample_bytree": -0.887646519761307, "log10_eta": -3.7719293512824525, "log10_lambda": 0.4794890556623468, "log10_min_child_weight": 4.769458113467794, "log10_subsample": -0.2828257342819862, "max_depth": 6.0, "num_boost_round": 3.0}, "datetime": {"datetime": "2024-01-19 00:30:04", "elapsed": 1108.653127, "delta": 0.002375}}
{"target": -13.758538338508309, "params": {"gamma": 454.48378771180387, "log10_alpha": -0.9370232704909816, "log10_colsample_bytree": -0.887646519761307, "log10_eta": -3.7719293512824525, "log10_lambda": 0.4794890556623468, "log10_min_child_weight": 4.769458113467794, "log10_subsample": -0.2828257342819862, "max_depth": 6.0, "num_boost_round": 4.0}, "datetime": {"datetime": "2024-01-19 00:30:04", "elapsed": 1108.655547, "delta": 0.00242}}
{"target": -13.758538123712896, "params": {"gamma": 454.48378771180387, "log10_alpha": -0.9370232704909816, "log10_colsample_bytree": -0.887646519761307, "log10_eta": -3.7719293512824525, "log10_lambda": 0.4794890556623468, "log10_min_child_weight": 4.769458113467794, "log10_subsample": -0.2828257342819862, "max_depth": 6.0, "num_boost_round": 5.0}, "datetime": {"datetime": "2024-01-19 00:30:04", "elapsed": 1108.657804, "delta": 0.002257}}
{"target": -13.758538691044581, "params": {"gamma": 454.48378771180387, "log10_alpha": -0.9370232704909816, "log10_colsample_bytree": -0.887646519761307, "log10_eta": -3.7719293512824525, "log10_lambda": 0.4794890556623468, "log10_min_child_weight": 4.769458113467794, "log10_subsample": -0.2828257342819862, "max_depth": 6.0, "num_boost_round": 6.0}, "datetime": {"datetime": "2024-01-19 00:30:04", "elapsed": 1108.660062, "delta": 0.002258}}
{"target": -13.758538041387952, "params": {"gamma": 454.48378771180387, "log10_alpha": -0.9370232704909816, "log10_colsample_bytree": -0.887646519761307, "log10_eta": -3.7719293512824525, "log10_lambda": 0.4794890556623468, "log10_min_child_weight": 4.769458113467794, "log10_subsample": -0.2828257342819862, "max_depth": 6.0, "num_boost_round": 7.0}, "datetime": {"datetime": "2024-01-19 00:30:04", "elapsed": 1108.739272, "delta": 0.07921}}
{"target": -13.758538094502695, "params": {"gamma": 454.48378771180387, "log10_alpha": -0.9370232704909816, "log10_colsample_bytree": -0.887646519761307, "log10_eta": -3.7719293512824525, "log10_lambda": 0.4794890556623468, "log10_min_child_weight": 4.769458113467794, "log10_subsample": -0.2828257342819862, "max_depth": 6.0, "num_boost_round": 8.0}, "datetime": {"datetime": "2024-01-19 00:30:04", "elapsed": 1108.74198, "delta": 0.002708}}
{"target": -13.758539073085343, "params": {"gamma": 454.48378771180387, "log10_alpha": -0.9370232704909816, "log10_colsample_bytree": -0.887646519761307, "log10_eta": -3.7719293512824525, "log10_lambda": 0.4794890556623468, "log10_min_child_weight": 4.769458113467794, "log10_subsample": -0.2828257342819862, "max_depth": 6.0, "num_boost_round": 9.0}, "datetime": {"datetime": "2024-01-19 00:30:04", "elapsed": 1108.744459, "delta": 0.002479}}
{"target": -13.758539056505304, "params": {"gamma": 454.48378771180387, "log10_alpha": -0.9370232704909816, "log10_colsample_bytree": -0.887646519761307, "log10_eta": -3.7719293512824525, "log10_lambda": 0.4794890556623468, "log10_min_child_weight": 4.769458113467794, "log10_subsample": -0.2828257342819862, "max_depth": 6.0, "num_boost_round": 10.0}, "datetime": {"datetime": "2024-01-19 00:30:04", "elapsed": 1108.746942, "delta": 0.002483}}
{"target": -13.758538330705228, "params": {"gamma": 454.48378771180387, "log10_alpha": -0.9370232704909816, "log10_colsample_bytree": -0.887646519761307, "log10_eta": -3.7719293512824525, "log10_lambda": 0.4794890556623468, "log10_min_child_weight": 4.769458113467794, "log10_subsample": -0.2828257342819862, "max_depth": 6.0, "num_boost_round": 11.0}, "datetime": {"datetime": "2024-01-19 00:30:04", "elapsed": 1108.749352, "delta": 0.00241}}
{"target": -13.75853939101196, "params": {"gamma": 454.48378771180387, "log10_alpha": -0.9370232704909816, "log10_colsample_bytree": -0.887646519761307, "log10_eta": -3.7719293512824525, "log10_lambda": 0.4794890556623468, "log10_min_child_weight": 4.769458113467794, "log10_subsample": -0.2828257342819862, "max_depth": 6.0, "num_boost_round": 12.0}, "datetime": {"datetime": "2024-01-19 00:30:04", "elapsed": 1108.751692, "delta": 0.00234}}
{"target": -13.758538025968807, "params": {"gamma": 454.48378771180387, "log10_alpha": -0.9370232704909816, "log10_colsample_bytree": -0.887646519761307, "log10_eta": -3.7719293512824525, "log10_lambda": 0.4794890556623468, "log10_min_child_weight": 4.769458113467794, "log10_subsample": -0.2828257342819862, "max_depth": 6.0, "num_boost_round": 13.0}, "datetime": {"datetime": "2024-01-19 00:30:04", "elapsed": 1108.754051, "delta": 0.002359}}
{"target": -13.758537636798215, "params": {"gamma": 454.48378771180387, "log10_alpha": -0.9370232704909816, "log10_colsample_bytree": -0.887646519761307, "log10_eta": -3.7719293512824525, "log10_lambda": 0.4794890556623468, "log10_min_child_weight": 4.769458113467794, "log10_subsample": -0.2828257342819862, "max_depth": 6.0, "num_boost_round": 14.0}, "datetime": {"datetime": "2024-01-19 00:30:04", "elapsed": 1108.756398, "delta": 0.002347}}
{"target": -13.758535574124222, "params": {"gamma": 454.48378771180387, "log10_alpha": -0.9370232704909816, "log10_colsample_bytree": -0.887646519761307, "log10_eta": -3.7719293512824525, "log10_lambda": 0.4794890556623468, "log10_min_child_weight": 4.769458113467794, "log10_subsample": -0.2828257342819862, "max_depth": 6.0, "num_boost_round": 15.0}, "datetime": {"datetime": "2024-01-19 00:30:04", "elapsed": 1108.758772, "delta": 0.002374}}
{"target": -13.758534446046959, "params": {"gamma": 454.48378771180387, "log10_alpha": -0.9370232704909816, "log10_colsample_bytree": -0.887646519761307, "log10_eta": -3.7719293512824525, "log10_lambda": 0.4794890556623468, "log10_min_child_weight": 4.769458113467794, "log10_subsample": -0.2828257342819862, "max_depth": 6.0, "num_boost_round": 16.0}, "datetime": {"datetime": "2024-01-19 00:30:04", "elapsed": 1108.761139, "delta": 0.002367}}
{"target": -13.758533715440022, "params": {"gamma": 454.48378771180387, "log10_alpha": -0.9370232704909816, "log10_colsample_bytree": -0.887646519761307, "log10_eta": -3.7719293512824525, "log10_lambda": 0.4794890556623468, "log10_min_child_weight": 4.769458113467794, "log10_subsample": -0.2828257342819862, "max_depth": 6.0, "num_boost_round": 17.0}, "datetime": {"datetime": "2024-01-19 00:30:04", "elapsed": 1108.763491, "delta": 0.002352}}
{"target": -13.758532942035043, "params": {"gamma": 454.48378771180387, "log10_alpha": -0.9370232704909816, "log10_colsample_bytree": -0.887646519761307, "log10_eta": -3.7719293512824525, "log10_lambda": 0.4794890556623468, "log10_min_child_weight": 4.769458113467794, "log10_subsample": -0.2828257342819862, "max_depth": 6.0, "num_boost_round": 18.0}, "datetime": {"datetime": "2024-01-19 00:30:04", "elapsed": 1108.76586, "delta": 0.002369}}
{"target": -13.758533486194214, "params": {"gamma": 454.48378771180387, "log10_alpha": -0.9370232704909816, "log10_colsample_bytree": -0.887646519761307, "log10_eta": -3.7719293512824525, "log10_lambda": 0.4794890556623468, "log10_min_child_weight": 4.769458113467794, "log10_subsample": -0.2828257342819862, "max_depth": 6.0, "num_boost_round": 19.0}, "datetime": {"datetime": "2024-01-19 00:30:04", "elapsed": 1108.768229, "delta": 0.002369}}
{"target": -13.758533657672755, "params": {"gamma": 454.48378771180387, "log10_alpha": -0.9370232704909816, "log10_colsample_bytree": -0.887646519761307, "log10_eta": -3.7719293512824525, "log10_lambda": 0.4794890556623468, "log10_min_child_weight": 4.769458113467794, "log10_subsample": -0.2828257342819862, "max_depth": 6.0, "num_boost_round": 20.0}, "datetime": {"datetime": "2024-01-19 00:30:04", "elapsed": 1108.770588, "delta": 0.002359}}
{"target": -13.75849520352175, "params": {"gamma": 453.73469490066395, "log10_alpha": 0.560252171902099, "log10_colsample_bytree": -0.9875624180146856, "log10_eta": -1.8032300640722632, "log10_lambda": -1.0590485088111539, "log10_min_child_weight": 4.516278939303191, "log10_subsample": -0.0058768202318449925, "max_depth": 2.0, "num_boost_round": 0.0}, "datetime": {"datetime": "2024-01-19 00:30:37", "elapsed": 1141.244835, "delta": 32.474247}}
{"target": -13.758450916915939, "params": {"gamma": 453.73469490066395, "log10_alpha": 0.560252171902099, "log10_colsample_bytree": -0.9875624180146856, "log10_eta": -1.8032300640722632, "log10_lambda": -1.0590485088111539, "log10_min_child_weight": 4.516278939303191, "log10_subsample": -0.0058768202318449925, "max_depth": 2.0, "num_boost_round": 1.0}, "datetime": {"datetime": "2024-01-19 00:30:37", "elapsed": 1141.247297, "delta": 0.002462}}
{"target": -13.758545641632457, "params": {"gamma": 453.73469490066395, "log10_alpha": 0.560252171902099, "log10_colsample_bytree": -0.9875624180146856, "log10_eta": -1.8032300640722632, "log10_lambda": -1.0590485088111539, "log10_min_child_weight": 4.516278939303191, "log10_subsample": -0.0058768202318449925, "max_depth": 2.0, "num_boost_round": 2.0}, "datetime": {"datetime": "2024-01-19 00:30:37", "elapsed": 1141.24958, "delta": 0.002283}}
{"target": -13.758564547877514, "params": {"gamma": 453.73469490066395, "log10_alpha": 0.560252171902099, "log10_colsample_bytree": -0.9875624180146856, "log10_eta": -1.8032300640722632, "log10_lambda": -1.0590485088111539, "log10_min_child_weight": 4.516278939303191, "log10_subsample": -0.0058768202318449925, "max_depth": 2.0, "num_boost_round": 3.0}, "datetime": {"datetime": "2024-01-19 00:30:37", "elapsed": 1141.251854, "delta": 0.002274}}
{"target": -13.758546939690662, "params": {"gamma": 453.73469490066395, "log10_alpha": 0.560252171902099, "log10_colsample_bytree": -0.9875624180146856, "log10_eta": -1.8032300640722632, "log10_lambda": -1.0590485088111539, "log10_min_child_weight": 4.516278939303191, "log10_subsample": -0.0058768202318449925, "max_depth": 2.0, "num_boost_round": 4.0}, "datetime": {"datetime": "2024-01-19 00:30:37", "elapsed": 1141.25451, "delta": 0.002656}}
{"target": -13.758509926268674, "params": {"gamma": 453.73469490066395, "log10_alpha": 0.560252171902099, "log10_colsample_bytree": -0.9875624180146856, "log10_eta": -1.8032300640722632, "log10_lambda": -1.0590485088111539, "log10_min_child_weight": 4.516278939303191, "log10_subsample": -0.0058768202318449925, "max_depth": 2.0, "num_boost_round": 5.0}, "datetime": {"datetime": "2024-01-19 00:30:37", "elapsed": 1141.257471, "delta": 0.002961}}
{"target": -13.758506008271633, "params": {"gamma": 453.73469490066395, "log10_alpha": 0.560252171902099, "log10_colsample_bytree": -0.9875624180146856, "log10_eta": -1.8032300640722632, "log10_lambda": -1.0590485088111539, "log10_min_child_weight": 4.516278939303191, "log10_subsample": -0.0058768202318449925, "max_depth": 2.0, "num_boost_round": 6.0}, "datetime": {"datetime": "2024-01-19 00:30:37", "elapsed": 1141.259815, "delta": 0.002344}}
{"target": -13.758440657946151, "params": {"gamma": 453.73469490066395, "log10_alpha": 0.560252171902099, "log10_colsample_bytree": -0.9875624180146856, "log10_eta": -1.8032300640722632, "log10_lambda": -1.0590485088111539, "log10_min_child_weight": 4.516278939303191, "log10_subsample": -0.0058768202318449925, "max_depth": 2.0, "num_boost_round": 7.0}, "datetime": {"datetime": "2024-01-19 00:30:37", "elapsed": 1141.262098, "delta": 0.002283}}
{"target": -13.758586400361624, "params": {"gamma": 453.73469490066395, "log10_alpha": 0.560252171902099, "log10_colsample_bytree": -0.9875624180146856, "log10_eta": -1.8032300640722632, "log10_lambda": -1.0590485088111539, "log10_min_child_weight": 4.516278939303191, "log10_subsample": -0.0058768202318449925, "max_depth": 2.0, "num_boost_round": 8.0}, "datetime": {"datetime": "2024-01-19 00:30:37", "elapsed": 1141.264456, "delta": 0.002358}}
{"target": -13.758456957861718, "params": {"gamma": 453.73469490066395, "log10_alpha": 0.560252171902099, "log10_colsample_bytree": -0.9875624180146856, "log10_eta": -1.8032300640722632, "log10_lambda": -1.0590485088111539, "log10_min_child_weight": 4.516278939303191, "log10_subsample": -0.0058768202318449925, "max_depth": 2.0, "num_boost_round": 9.0}, "datetime": {"datetime": "2024-01-19 00:30:37", "elapsed": 1141.266808, "delta": 0.002352}}
{"target": -13.758397630655764, "params": {"gamma": 453.73469490066395, "log10_alpha": 0.560252171902099, "log10_colsample_bytree": -0.9875624180146856, "log10_eta": -1.8032300640722632, "log10_lambda": -1.0590485088111539, "log10_min_child_weight": 4.516278939303191, "log10_subsample": -0.0058768202318449925, "max_depth": 2.0, "num_boost_round": 10.0}, "datetime": {"datetime": "2024-01-19 00:30:37", "elapsed": 1141.269104, "delta": 0.002296}}
{"target": -13.758389417071458, "params": {"gamma": 453.73469490066395, "log10_alpha": 0.560252171902099, "log10_colsample_bytree": -0.9875624180146856, "log10_eta": -1.8032300640722632, "log10_lambda": -1.0590485088111539, "log10_min_child_weight": 4.516278939303191, "log10_subsample": -0.0058768202318449925, "max_depth": 2.0, "num_boost_round": 11.0}, "datetime": {"datetime": "2024-01-19 00:30:37", "elapsed": 1141.271438, "delta": 0.002334}}
{"target": -13.758355232838417, "params": {"gamma": 453.73469490066395, "log10_alpha": 0.560252171902099, "log10_colsample_bytree": -0.9875624180146856, "log10_eta": -1.8032300640722632, "log10_lambda": -1.0590485088111539, "log10_min_child_weight": 4.516278939303191, "log10_subsample": -0.0058768202318449925, "max_depth": 2.0, "num_boost_round": 12.0}, "datetime": {"datetime": "2024-01-19 00:30:37", "elapsed": 1141.273744, "delta": 0.002306}}
{"target": -13.758236160576423, "params": {"gamma": 453.73469490066395, "log10_alpha": 0.560252171902099, "log10_colsample_bytree": -0.9875624180146856, "log10_eta": -1.8032300640722632, "log10_lambda": -1.0590485088111539, "log10_min_child_weight": 4.516278939303191, "log10_subsample": -0.0058768202318449925, "max_depth": 2.0, "num_boost_round": 13.0}, "datetime": {"datetime": "2024-01-19 00:30:37", "elapsed": 1141.276268, "delta": 0.002524}}
{"target": -13.758243341348278, "params": {"gamma": 453.73469490066395, "log10_alpha": 0.560252171902099, "log10_colsample_bytree": -0.9875624180146856, "log10_eta": -1.8032300640722632, "log10_lambda": -1.0590485088111539, "log10_min_child_weight": 4.516278939303191, "log10_subsample": -0.0058768202318449925, "max_depth": 2.0, "num_boost_round": 14.0}, "datetime": {"datetime": "2024-01-19 00:30:37", "elapsed": 1141.278741, "delta": 0.002473}}
{"target": -13.758158966045366, "params": {"gamma": 453.73469490066395, "log10_alpha": 0.560252171902099, "log10_colsample_bytree": -0.9875624180146856, "log10_eta": -1.8032300640722632, "log10_lambda": -1.0590485088111539, "log10_min_child_weight": 4.516278939303191, "log10_subsample": -0.0058768202318449925, "max_depth": 2.0, "num_boost_round": 15.0}, "datetime": {"datetime": "2024-01-19 00:30:37", "elapsed": 1141.281052, "delta": 0.002311}}
{"target": -13.758162908912587, "params": {"gamma": 453.73469490066395, "log10_alpha": 0.560252171902099, "log10_colsample_bytree": -0.9875624180146856, "log10_eta": -1.8032300640722632, "log10_lambda": -1.0590485088111539, "log10_min_child_weight": 4.516278939303191, "log10_subsample": -0.0058768202318449925, "max_depth": 2.0, "num_boost_round": 16.0}, "datetime": {"datetime": "2024-01-19 00:30:37", "elapsed": 1141.283352, "delta": 0.0023}}
{"target": -13.758137732884569, "params": {"gamma": 453.73469490066395, "log10_alpha": 0.560252171902099, "log10_colsample_bytree": -0.9875624180146856, "log10_eta": -1.8032300640722632, "log10_lambda": -1.0590485088111539, "log10_min_child_weight": 4.516278939303191, "log10_subsample": -0.0058768202318449925, "max_depth": 2.0, "num_boost_round": 17.0}, "datetime": {"datetime": "2024-01-19 00:30:37", "elapsed": 1141.285711, "delta": 0.002359}}
{"target": -13.758030672184306, "params": {"gamma": 453.73469490066395, "log10_alpha": 0.560252171902099, "log10_colsample_bytree": -0.9875624180146856, "log10_eta": -1.8032300640722632, "log10_lambda": -1.0590485088111539, "log10_min_child_weight": 4.516278939303191, "log10_subsample": -0.0058768202318449925, "max_depth": 2.0, "num_boost_round": 18.0}, "datetime": {"datetime": "2024-01-19 00:30:37", "elapsed": 1141.288027, "delta": 0.002316}}
{"target": -13.757942078596818, "params": {"gamma": 453.73469490066395, "log10_alpha": 0.560252171902099, "log10_colsample_bytree": -0.9875624180146856, "log10_eta": -1.8032300640722632, "log10_lambda": -1.0590485088111539, "log10_min_child_weight": 4.516278939303191, "log10_subsample": -0.0058768202318449925, "max_depth": 2.0, "num_boost_round": 19.0}, "datetime": {"datetime": "2024-01-19 00:30:37", "elapsed": 1141.29043, "delta": 0.002403}}
{"target": -13.75800910300799, "params": {"gamma": 453.73469490066395, "log10_alpha": 0.560252171902099, "log10_colsample_bytree": -0.9875624180146856, "log10_eta": -1.8032300640722632, "log10_lambda": -1.0590485088111539, "log10_min_child_weight": 4.516278939303191, "log10_subsample": -0.0058768202318449925, "max_depth": 2.0, "num_boost_round": 20.0}, "datetime": {"datetime": "2024-01-19 00:30:37", "elapsed": 1141.292737, "delta": 0.002307}}
{"target": -13.75794629875197, "params": {"gamma": 453.73469490066395, "log10_alpha": 0.560252171902099, "log10_colsample_bytree": -0.9875624180146856, "log10_eta": -1.8032300640722632, "log10_lambda": -1.0590485088111539, "log10_min_child_weight": 4.516278939303191, "log10_subsample": -0.0058768202318449925, "max_depth": 2.0, "num_boost_round": 21.0}, "datetime": {"datetime": "2024-01-19 00:30:37", "elapsed": 1141.295136, "delta": 0.002399}}
{"target": -13.758146589892114, "params": {"gamma": 453.73469490066395, "log10_alpha": 0.560252171902099, "log10_colsample_bytree": -0.9875624180146856, "log10_eta": -1.8032300640722632, "log10_lambda": -1.0590485088111539, "log10_min_child_weight": 4.516278939303191, "log10_subsample": -0.0058768202318449925, "max_depth": 2.0, "num_boost_round": 22.0}, "datetime": {"datetime": "2024-01-19 00:30:37", "elapsed": 1141.297488, "delta": 0.002352}}
{"target": -13.758119095614928, "params": {"gamma": 453.73469490066395, "log10_alpha": 0.560252171902099, "log10_colsample_bytree": -0.9875624180146856, "log10_eta": -1.8032300640722632, "log10_lambda": -1.0590485088111539, "log10_min_child_weight": 4.516278939303191, "log10_subsample": -0.0058768202318449925, "max_depth": 2.0, "num_boost_round": 23.0}, "datetime": {"datetime": "2024-01-19 00:30:37", "elapsed": 1141.29981, "delta": 0.002322}}
{"target": -13.75811823870628, "params": {"gamma": 453.73469490066395, "log10_alpha": 0.560252171902099, "log10_colsample_bytree": -0.9875624180146856, "log10_eta": -1.8032300640722632, "log10_lambda": -1.0590485088111539, "log10_min_child_weight": 4.516278939303191, "log10_subsample": -0.0058768202318449925, "max_depth": 2.0, "num_boost_round": 24.0}, "datetime": {"datetime": "2024-01-19 00:30:37", "elapsed": 1141.30213, "delta": 0.00232}}
{"target": -13.758106980087447, "params": {"gamma": 453.73469490066395, "log10_alpha": 0.560252171902099, "log10_colsample_bytree": -0.9875624180146856, "log10_eta": -1.8032300640722632, "log10_lambda": -1.0590485088111539, "log10_min_child_weight": 4.516278939303191, "log10_subsample": -0.0058768202318449925, "max_depth": 2.0, "num_boost_round": 25.0}, "datetime": {"datetime": "2024-01-19 00:30:37", "elapsed": 1141.304457, "delta": 0.002327}}
{"target": -13.758386201624463, "params": {"gamma": 453.73469490066395, "log10_alpha": 0.560252171902099, "log10_colsample_bytree": -0.9875624180146856, "log10_eta": -1.8032300640722632, "log10_lambda": -1.0590485088111539, "log10_min_child_weight": 4.516278939303191, "log10_subsample": -0.0058768202318449925, "max_depth": 2.0, "num_boost_round": 26.0}, "datetime": {"datetime": "2024-01-19 00:30:37", "elapsed": 1141.306818, "delta": 0.002361}}
{"target": -13.75830726139211, "params": {"gamma": 453.73469490066395, "log10_alpha": 0.560252171902099, "log10_colsample_bytree": -0.9875624180146856, "log10_eta": -1.8032300640722632, "log10_lambda": -1.0590485088111539, "log10_min_child_weight": 4.516278939303191, "log10_subsample": -0.0058768202318449925, "max_depth": 2.0, "num_boost_round": 27.0}, "datetime": {"datetime": "2024-01-19 00:30:37", "elapsed": 1141.309128, "delta": 0.00231}}
{"target": -13.75821282107986, "params": {"gamma": 453.73469490066395, "log10_alpha": 0.560252171902099, "log10_colsample_bytree": -0.9875624180146856, "log10_eta": -1.8032300640722632, "log10_lambda": -1.0590485088111539, "log10_min_child_weight": 4.516278939303191, "log10_subsample": -0.0058768202318449925, "max_depth": 2.0, "num_boost_round": 28.0}, "datetime": {"datetime": "2024-01-19 00:30:37", "elapsed": 1141.311518, "delta": 0.00239}}
{"target": -13.758123576854894, "params": {"gamma": 453.73469490066395, "log10_alpha": 0.560252171902099, "log10_colsample_bytree": -0.9875624180146856, "log10_eta": -1.8032300640722632, "log10_lambda": -1.0590485088111539, "log10_min_child_weight": 4.516278939303191, "log10_subsample": -0.0058768202318449925, "max_depth": 2.0, "num_boost_round": 29.0}, "datetime": {"datetime": "2024-01-19 00:30:37", "elapsed": 1141.313822, "delta": 0.002304}}
