{"target": -17.70640044507064, "params": {"gamma": 628.7427008710553, "log10_alpha": 0.8807518840441588, "log10_colsample_bytree": -0.2734984428334024, "log10_eta": -0.6022932758374706, "log10_lambda": -4.67331739373714, "log10_min_child_weight": 1.2106253689013697, "log10_subsample": -0.15253791692137164, "max_depth": 2.0, "num_boost_round": 13.0}, "datetime": {"datetime": "2024-01-19 01:04:10", "elapsed": 3147.520144, "delta": 0.003191}}
{"target": -17.708052718857175, "params": {"gamma": 628.7427008710553, "log10_alpha": 0.8807518840441588, "log10_colsample_bytree": -0.2734984428334024, "log10_eta": -0.6022932758374706, "log10_lambda": -4.67331739373714, "log10_min_child_weight": 1.2106253689013697, "log10_subsample": -0.15253791692137164, "max_depth": 2.0, "num_boost_round": 14.0}, "datetime": {"datetime": "2024-01-19 01:04:10", "elapsed": 3147.523325, "delta": 0.003181}}
{"target": -17.708885417188235, "params": {"gamma": 628.7427008710553, "log10_alpha": 0.8807518840441588, "log10_colsample_bytree": -0.2734984428334024, "log10_eta": -0.6022932758374706, "log10_lambda": -4.67331739373714, "log10_min_child_weight": 1.2106253689013697, "log10_subsample": -0.15253791692137164, "max_depth": 2.0, "num_boost_round": 15.0}, "datetime": {"datetime": "2024-01-19 01:04:10", "elapsed": 3147.526481, "delta": 0.003156}}
{"target": -17.677189374902635, "params": {"gamma": 623.2730308360201, "log10_alpha": -2.8244483079212035, "log10_colsample_bytree": -0.12854944128819057, "log10_eta": -2.9259377722264377, "log10_lambda": 0.9850943954883782, "log10_min_child_weight": 3.594263234469234, "log10_subsample": -0.026090406092465712, "max_depth": 4.0, "num_boost_round": 0.0}, "datetime": {"datetime": "2024-01-19 01:04:41", "elapsed": 3179.000114, "delta": 31.473633}}
{"target": -17.677143568399956, "params": {"gamma": 623.2730308360201, "log10_alpha": -2.8244483079212035, "log10_colsample_bytree": -0.12854944128819057, "log10_eta": -2.9259377722264377, "log10_lambda": 0.9850943954883782, "log10_min_child_weight": 3.594263234469234, "log10_subsample": -0.026090406092465712, "max_depth": 4.0, "num_boost_round": 1.0}, "datetime": {"datetime": "2024-01-19 01:04:41", "elapsed": 3179.003881, "delta": 0.003767}}
{"target": -17.677107069385336, "params": {"gamma": 623.2730308360201, "log10_alpha": -2.8244483079212035, "log10_colsample_bytree": -0.12854944128819057, "log10_eta": -2.9259377722264377, "log10_lambda": 0.9850943954883782, "log10_min_child_weight": 3.594263234469234, "log10_subsample": -0.026090406092465712, "max_depth": 4.0, "num_boost_round": 2.0}, "datetime": {"datetime": "2024-01-19 01:04:41", "elapsed": 3179.007154, "delta": 0.003273}}
{"target": -17.677076554789515, "params": {"gamma": 623.2730308360201, "log10_alpha": -2.8244483079212035, "log10_colsample_bytree": -0.12854944128819057, "log10_eta": -2.9259377722264377, "log10_lambda": 0.9850943954883782, "log10_min_child_weight": 3.594263234469234, "log10_subsample": -0.026090406092465712, "max_depth": 4.0, "num_boost_round": 3.0}, "datetime": {"datetime": "2024-01-19 01:04:41", "elapsed": 3179.010488, "delta": 0.003334}}
{"target": -17.677043253895352, "params": {"gamma": 623.2730308360201, "log10_alpha": -2.8244483079212035, "log10_colsample_bytree": -0.12854944128819057, "log10_eta": -2.9259377722264377, "log10_lambda": 0.9850943954883782, "log10_min_child_weight": 3.594263234469234, "log10_subsample": -0.026090406092465712, "max_depth": 4.0, "num_boost_round": 4.0}, "datetime": {"datetime": "2024-01-19 01:04:41", "elapsed": 3179.013742, "delta": 0.003254}}
{"target": -17.677000071288912, "params": {"gamma": 623.2730308360201, "log10_alpha": -2.8244483079212035, "log10_colsample_bytree": -0.12854944128819057, "log10_eta": -2.9259377722264377, "log10_lambda": 0.9850943954883782, "log10_min_child_weight": 3.594263234469234, "log10_subsample": -0.026090406092465712, "max_depth": 4.0, "num_boost_round": 5.0}, "datetime": {"datetime": "2024-01-19 01:04:41", "elapsed": 3179.016997, "delta": 0.003255}}
{"target": -17.676982655083354, "params": {"gamma": 623.2730308360201, "log10_alpha": -2.8244483079212035, "log10_colsample_bytree": -0.12854944128819057, "log10_eta": -2.9259377722264377, "log10_lambda": 0.9850943954883782, "log10_min_child_weight": 3.594263234469234, "log10_subsample": -0.026090406092465712, "max_depth": 4.0, "num_boost_round": 6.0}, "datetime": {"datetime": "2024-01-19 01:04:41", "elapsed": 3179.020251, "delta": 0.003254}}
{"target": -17.67694264323691, "params": {"gamma": 623.2730308360201, "log10_alpha": -2.8244483079212035, "log10_colsample_bytree": -0.12854944128819057, "log10_eta": -2.9259377722264377, "log10_lambda": 0.9850943954883782, "log10_min_child_weight": 3.594263234469234, "log10_subsample": -0.026090406092465712, "max_depth": 4.0, "num_boost_round": 7.0}, "datetime": {"datetime": "2024-01-19 01:04:41", "elapsed": 3179.023473, "delta": 0.003222}}
{"target": -17.67691106296727, "params": {"gamma": 623.2730308360201, "log10_alpha": -2.8244483079212035, "log10_colsample_bytree": -0.12854944128819057, "log10_eta": -2.9259377722264377, "log10_lambda": 0.9850943954883782, "log10_min_child_weight": 3.594263234469234, "log10_subsample": -0.026090406092465712, "max_depth": 4.0, "num_boost_round": 8.0}, "datetime": {"datetime": "2024-01-19 01:04:41", "elapsed": 3179.026798, "delta": 0.003325}}
{"target": -17.676879603371873, "params": {"gamma": 623.2730308360201, "log10_alpha": -2.8244483079212035, "log10_colsample_bytree": -0.12854944128819057, "log10_eta": -2.9259377722264377, "log10_lambda": 0.9850943954883782, "log10_min_child_weight": 3.594263234469234, "log10_subsample": -0.026090406092465712, "max_depth": 4.0, "num_boost_round": 9.0}, "datetime": {"datetime": "2024-01-19 01:04:41", "elapsed": 3179.030313, "delta": 0.003515}}
{"target": -17.67684625003475, "params": {"gamma": 623.2730308360201, "log10_alpha": -2.8244483079212035, "log10_colsample_bytree": -0.12854944128819057, "log10_eta": -2.9259377722264377, "log10_lambda": 0.9850943954883782, "log10_min_child_weight": 3.594263234469234, "log10_subsample": -0.026090406092465712, "max_depth": 4.0, "num_boost_round": 10.0}, "datetime": {"datetime": "2024-01-19 01:04:41", "elapsed": 3179.033658, "delta": 0.003345}}
{"target": -17.67680987464332, "params": {"gamma": 623.2730308360201, "log10_alpha": -2.8244483079212035, "log10_colsample_bytree": -0.12854944128819057, "log10_eta": -2.9259377722264377, "log10_lambda": 0.9850943954883782, "log10_min_child_weight": 3.594263234469234, "log10_subsample": -0.026090406092465712, "max_depth": 4.0, "num_boost_round": 11.0}, "datetime": {"datetime": "2024-01-19 01:04:41", "elapsed": 3179.037054, "delta": 0.003396}}
{"target": -17.676777018137525, "params": {"gamma": 623.2730308360201, "log10_alpha": -2.8244483079212035, "log10_colsample_bytree": -0.12854944128819057, "log10_eta": -2.9259377722264377, "log10_lambda": 0.9850943954883782, "log10_min_child_weight": 3.594263234469234, "log10_subsample": -0.026090406092465712, "max_depth": 4.0, "num_boost_round": 12.0}, "datetime": {"datetime": "2024-01-19 01:04:41", "elapsed": 3179.040288, "delta": 0.003234}}
{"target": -17.676738409206997, "params": {"gamma": 623.2730308360201, "log10_alpha": -2.8244483079212035, "log10_colsample_bytree": -0.12854944128819057, "log10_eta": -2.9259377722264377, "log10_lambda": 0.9850943954883782, "log10_min_child_weight": 3.594263234469234, "log10_subsample": -0.026090406092465712, "max_depth": 4.0, "num_boost_round": 13.0}, "datetime": {"datetime": "2024-01-19 01:04:41", "elapsed": 3179.043523, "delta": 0.003235}}
{"target": -17.676690019018373, "params": {"gamma": 623.2730308360201, "log10_alpha": -2.8244483079212035, "log10_colsample_bytree": -0.12854944128819057, "log10_eta": -2.9259377722264377, "log10_lambda": 0.9850943954883782, "log10_min_child_weight": 3.594263234469234, "log10_subsample": -0.026090406092465712, "max_depth": 4.0, "num_boost_round": 14.0}, "datetime": {"datetime": "2024-01-19 01:04:41", "elapsed": 3179.046746, "delta": 0.003223}}
{"target": -17.676639725000847, "params": {"gamma": 623.2730308360201, "log10_alpha": -2.8244483079212035, "log10_colsample_bytree": -0.12854944128819057, "log10_eta": -2.9259377722264377, "log10_lambda": 0.9850943954883782, "log10_min_child_weight": 3.594263234469234, "log10_subsample": -0.026090406092465712, "max_depth": 4.0, "num_boost_round": 15.0}, "datetime": {"datetime": "2024-01-19 01:04:41", "elapsed": 3179.050133, "delta": 0.003387}}
{"target": -17.676605527682824, "params": {"gamma": 623.2730308360201, "log10_alpha": -2.8244483079212035, "log10_colsample_bytree": -0.12854944128819057, "log10_eta": -2.9259377722264377, "log10_lambda": 0.9850943954883782, "log10_min_child_weight": 3.594263234469234, "log10_subsample": -0.026090406092465712, "max_depth": 4.0, "num_boost_round": 16.0}, "datetime": {"datetime": "2024-01-19 01:04:41", "elapsed": 3179.053396, "delta": 0.003263}}
{"target": -17.676608107433346, "params": {"gamma": 623.2730308360201, "log10_alpha": -2.8244483079212035, "log10_colsample_bytree": -0.12854944128819057, "log10_eta": -2.9259377722264377, "log10_lambda": 0.9850943954883782, "log10_min_child_weight": 3.594263234469234, "log10_subsample": -0.026090406092465712, "max_depth": 4.0, "num_boost_round": 17.0}, "datetime": {"datetime": "2024-01-19 01:04:41", "elapsed": 3179.056623, "delta": 0.003227}}
{"target": -17.676583110948876, "params": {"gamma": 623.2730308360201, "log10_alpha": -2.8244483079212035, "log10_colsample_bytree": -0.12854944128819057, "log10_eta": -2.9259377722264377, "log10_lambda": 0.9850943954883782, "log10_min_child_weight": 3.594263234469234, "log10_subsample": -0.026090406092465712, "max_depth": 4.0, "num_boost_round": 18.0}, "datetime": {"datetime": "2024-01-19 01:04:41", "elapsed": 3179.059871, "delta": 0.003248}}
{"target": -17.676562325503898, "params": {"gamma": 623.2730308360201, "log10_alpha": -2.8244483079212035, "log10_colsample_bytree": -0.12854944128819057, "log10_eta": -2.9259377722264377, "log10_lambda": 0.9850943954883782, "log10_min_child_weight": 3.594263234469234, "log10_subsample": -0.026090406092465712, "max_depth": 4.0, "num_boost_round": 19.0}, "datetime": {"datetime": "2024-01-19 01:04:41", "elapsed": 3179.063133, "delta": 0.003262}}
{"target": -17.676536987293183, "params": {"gamma": 623.2730308360201, "log10_alpha": -2.8244483079212035, "log10_colsample_bytree": -0.12854944128819057, "log10_eta": -2.9259377722264377, "log10_lambda": 0.9850943954883782, "log10_min_child_weight": 3.594263234469234, "log10_subsample": -0.026090406092465712, "max_depth": 4.0, "num_boost_round": 20.0}, "datetime": {"datetime": "2024-01-19 01:04:41", "elapsed": 3179.066333, "delta": 0.0032}}
{"target": -17.676487851516683, "params": {"gamma": 623.2730308360201, "log10_alpha": -2.8244483079212035, "log10_colsample_bytree": -0.12854944128819057, "log10_eta": -2.9259377722264377, "log10_lambda": 0.9850943954883782, "log10_min_child_weight": 3.594263234469234, "log10_subsample": -0.026090406092465712, "max_depth": 4.0, "num_boost_round": 21.0}, "datetime": {"datetime": "2024-01-19 01:04:41", "elapsed": 3179.069607, "delta": 0.003274}}
{"target": -17.676437304794813, "params": {"gamma": 623.2730308360201, "log10_alpha": -2.8244483079212035, "log10_colsample_bytree": -0.12854944128819057, "log10_eta": -2.9259377722264377, "log10_lambda": 0.9850943954883782, "log10_min_child_weight": 3.594263234469234, "log10_subsample": -0.026090406092465712, "max_depth": 4.0, "num_boost_round": 22.0}, "datetime": {"datetime": "2024-01-19 01:04:41", "elapsed": 3179.072947, "delta": 0.00334}}
{"target": -17.6764182668916, "params": {"gamma": 623.2730308360201, "log10_alpha": -2.8244483079212035, "log10_colsample_bytree": -0.12854944128819057, "log10_eta": -2.9259377722264377, "log10_lambda": 0.9850943954883782, "log10_min_child_weight": 3.594263234469234, "log10_subsample": -0.026090406092465712, "max_depth": 4.0, "num_boost_round": 23.0}, "datetime": {"datetime": "2024-01-19 01:04:41", "elapsed": 3179.0762, "delta": 0.003253}}
{"target": -17.676396901447706, "params": {"gamma": 623.2730308360201, "log10_alpha": -2.8244483079212035, "log10_colsample_bytree": -0.12854944128819057, "log10_eta": -2.9259377722264377, "log10_lambda": 0.9850943954883782, "log10_min_child_weight": 3.594263234469234, "log10_subsample": -0.026090406092465712, "max_depth": 4.0, "num_boost_round": 24.0}, "datetime": {"datetime": "2024-01-19 01:04:41", "elapsed": 3179.07942, "delta": 0.00322}}
{"target": -17.67722941118316, "params": {"gamma": 629.1649794456699, "log10_alpha": -1.2637659989608627, "log10_colsample_bytree": -0.7911677779552191, "log10_eta": -3.9276570794721466, "log10_lambda": -4.87881305126787, "log10_min_child_weight": 2.5136260561189965, "log10_subsample": -0.5339739038299612, "max_depth": 5.0, "num_boost_round": 0.0}, "datetime": {"datetime": "2024-01-19 01:05:23", "elapsed": 3220.349208, "delta": 41.269788}}
{"target": -17.67722565578149, "params": {"gamma": 629.1649794456699, "log10_alpha": -1.2637659989608627, "log10_colsample_bytree": -0.7911677779552191, "log10_eta": -3.9276570794721466, "log10_lambda": -4.87881305126787, "log10_min_child_weight": 2.5136260561189965, "log10_subsample": -0.5339739038299612, "max_depth": 5.0, "num_boost_round": 1.0}, "datetime": {"datetime": "2024-01-19 01:05:23", "elapsed": 3220.352985, "delta": 0.003777}}
{"target": -17.677218203566948, "params": {"gamma": 629.1649794456699, "log10_alpha": -1.2637659989608627, "log10_colsample_bytree": -0.7911677779552191, "log10_eta": -3.9276570794721466, "log10_lambda": -4.87881305126787, "log10_min_child_weight": 2.5136260561189965, "log10_subsample": -0.5339739038299612, "max_depth": 5.0, "num_boost_round": 2.0}, "datetime": {"datetime": "2024-01-19 01:05:23", "elapsed": 3220.356298, "delta": 0.003313}}
{"target": -17.677216286579803, "params": {"gamma": 629.1649794456699, "log10_alpha": -1.2637659989608627, "log10_colsample_bytree": -0.7911677779552191, "log10_eta": -3.9276570794721466, "log10_lambda": -4.87881305126787, "log10_min_child_weight": 2.5136260561189965, "log10_subsample": -0.5339739038299612, "max_depth": 5.0, "num_boost_round": 3.0}, "datetime": {"datetime": "2024-01-19 01:05:23", "elapsed": 3220.359723, "delta": 0.003425}}
{"target": -17.67721129537115, "params": {"gamma": 629.1649794456699, "log10_alpha": -1.2637659989608627, "log10_colsample_bytree": -0.7911677779552191, "log10_eta": -3.9276570794721466, "log10_lambda": -4.87881305126787, "log10_min_child_weight": 2.5136260561189965, "log10_subsample": -0.5339739038299612, "max_depth": 5.0, "num_boost_round": 4.0}, "datetime": {"datetime": "2024-01-19 01:05:23", "elapsed": 3220.363017, "delta": 0.003294}}
{"target": -17.67720765558087, "params": {"gamma": 629.1649794456699, "log10_alpha": -1.2637659989608627, "log10_colsample_bytree": -0.7911677779552191, "log10_eta": -3.9276570794721466, "log10_lambda": -4.87881305126787, "log10_min_child_weight": 2.5136260561189965, "log10_subsample": -0.5339739038299612, "max_depth": 5.0, "num_boost_round": 5.0}, "datetime": {"datetime": "2024-01-19 01:05:23", "elapsed": 3220.366273, "delta": 0.003256}}
{"target": -17.677208542896018, "params": {"gamma": 629.1649794456699, "log10_alpha": -1.2637659989608627, "log10_colsample_bytree": -0.7911677779552191, "log10_eta": -3.9276570794721466, "log10_lambda": -4.87881305126787, "log10_min_child_weight": 2.5136260561189965, "log10_subsample": -0.5339739038299612, "max_depth": 5.0, "num_boost_round": 6.0}, "datetime": {"datetime": "2024-01-19 01:05:23", "elapsed": 3220.369517, "delta": 0.003244}}
{"target": -17.67719882811636, "params": {"gamma": 629.1649794456699, "log10_alpha": -1.2637659989608627, "log10_colsample_bytree": -0.7911677779552191, "log10_eta": -3.9276570794721466, "log10_lambda": -4.87881305126787, "log10_min_child_weight": 2.5136260561189965, "log10_subsample": -0.5339739038299612, "max_depth": 5.0, "num_boost_round": 7.0}, "datetime": {"datetime": "2024-01-19 01:05:23", "elapsed": 3220.372891, "delta": 0.003374}}
{"target": -17.677195266698597, "params": {"gamma": 629.1649794456699, "log10_alpha": -1.2637659989608627, "log10_colsample_bytree": -0.7911677779552191, "log10_eta": -3.9276570794721466, "log10_lambda": -4.87881305126787, "log10_min_child_weight": 2.5136260561189965, "log10_subsample": -0.5339739038299612, "max_depth": 5.0, "num_boost_round": 8.0}, "datetime": {"datetime": "2024-01-19 01:05:23", "elapsed": 3220.376176, "delta": 0.003285}}
{"target": -17.67719162319846, "params": {"gamma": 629.1649794456699, "log10_alpha": -1.2637659989608627, "log10_colsample_bytree": -0.7911677779552191, "log10_eta": -3.9276570794721466, "log10_lambda": -4.87881305126787, "log10_min_child_weight": 2.5136260561189965, "log10_subsample": -0.5339739038299612, "max_depth": 5.0, "num_boost_round": 9.0}, "datetime": {"datetime": "2024-01-19 01:05:23", "elapsed": 3220.379414, "delta": 0.003238}}
{"target": -17.67718761288158, "params": {"gamma": 629.1649794456699, "log10_alpha": -1.2637659989608627, "log10_colsample_bytree": -0.7911677779552191, "log10_eta": -3.9276570794721466, "log10_lambda": -4.87881305126787, "log10_min_child_weight": 2.5136260561189965, "log10_subsample": -0.5339739038299612, "max_depth": 5.0, "num_boost_round": 10.0}, "datetime": {"datetime": "2024-01-19 01:05:23", "elapsed": 3220.382764, "delta": 0.00335}}
{"target": -17.677183695423064, "params": {"gamma": 629.1649794456699, "log10_alpha": -1.2637659989608627, "log10_colsample_bytree": -0.7911677779552191, "log10_eta": -3.9276570794721466, "log10_lambda": -4.87881305126787, "log10_min_child_weight": 2.5136260561189965, "log10_subsample": -0.5339739038299612, "max_depth": 5.0, "num_boost_round": 11.0}, "datetime": {"datetime": "2024-01-19 01:05:23", "elapsed": 3220.386257, "delta": 0.003493}}
{"target": -17.677182586103026, "params": {"gamma": 629.1649794456699, "log10_alpha": -1.2637659989608627, "log10_colsample_bytree": -0.7911677779552191, "log10_eta": -3.9276570794721466, "log10_lambda": -4.87881305126787, "log10_min_child_weight": 2.5136260561189965, "log10_subsample": -0.5339739038299612, "max_depth": 5.0, "num_boost_round": 12.0}, "datetime": {"datetime": "2024-01-19 01:05:23", "elapsed": 3220.389642, "delta": 0.003385}}
{"target": -17.677174082517553, "params": {"gamma": 629.1649794456699, "log10_alpha": -1.2637659989608627, "log10_colsample_bytree": -0.7911677779552191, "log10_eta": -3.9276570794721466, "log10_lambda": -4.87881305126787, "log10_min_child_weight": 2.5136260561189965, "log10_subsample": -0.5339739038299612, "max_depth": 5.0, "num_boost_round": 13.0}, "datetime": {"datetime": "2024-01-19 01:05:23", "elapsed": 3220.392908, "delta": 0.003266}}
{"target": -17.6771711698943, "params": {"gamma": 629.1649794456699, "log10_alpha": -1.2637659989608627, "log10_colsample_bytree": -0.7911677779552191, "log10_eta": -3.9276570794721466, "log10_lambda": -4.87881305126787, "log10_min_child_weight": 2.5136260561189965, "log10_subsample": -0.5339739038299612, "max_depth": 5.0, "num_boost_round": 14.0}, "datetime": {"datetime": "2024-01-19 01:05:23", "elapsed": 3220.39617, "delta": 0.003262}}
{"target": -17.677165903310105, "params": {"gamma": 629.1649794456699, "log10_alpha": -1.2637659989608627, "log10_colsample_bytree": -0.7911677779552191, "log10_eta": -3.9276570794721466, "log10_lambda": -4.87881305126787, "log10_min_child_weight": 2.5136260561189965, "log10_subsample": -0.5339739038299612, "max_depth": 5.0, "num_boost_round": 15.0}, "datetime": {"datetime": "2024-01-19 01:05:23", "elapsed": 3220.399411, "delta": 0.003241}}
{"target": -17.677164126157923, "params": {"gamma": 629.1649794456699, "log10_alpha": -1.2637659989608627, "log10_colsample_bytree": -0.7911677779552191, "log10_eta": -3.9276570794721466, "log10_lambda": -4.87881305126787, "log10_min_child_weight": 2.5136260561189965, "log10_subsample": -0.5339739038299612, "max_depth": 5.0, "num_boost_round": 16.0}, "datetime": {"datetime": "2024-01-19 01:05:23", "elapsed": 3220.402686, "delta": 0.003275}}
{"target": -17.67716020078757, "params": {"gamma": 629.1649794456699, "log10_alpha": -1.2637659989608627, "log10_colsample_bytree": -0.7911677779552191, "log10_eta": -3.9276570794721466, "log10_lambda": -4.87881305126787, "log10_min_child_weight": 2.5136260561189965, "log10_subsample": -0.5339739038299612, "max_depth": 5.0, "num_boost_round": 17.0}, "datetime": {"datetime": "2024-01-19 01:05:23", "elapsed": 3220.405964, "delta": 0.003278}}
{"target": -17.67715945512399, "params": {"gamma": 629.1649794456699, "log10_alpha": -1.2637659989608627, "log10_colsample_bytree": -0.7911677779552191, "log10_eta": -3.9276570794721466, "log10_lambda": -4.87881305126787, "log10_min_child_weight": 2.5136260561189965, "log10_subsample": -0.5339739038299612, "max_depth": 5.0, "num_boost_round": 18.0}, "datetime": {"datetime": "2024-01-19 01:05:23", "elapsed": 3220.40928, "delta": 0.003316}}
{"target": -17.677149676912386, "params": {"gamma": 629.1649794456699, "log10_alpha": -1.2637659989608627, "log10_colsample_bytree": -0.7911677779552191, "log10_eta": -3.9276570794721466, "log10_lambda": -4.87881305126787, "log10_min_child_weight": 2.5136260561189965, "log10_subsample": -0.5339739038299612, "max_depth": 5.0, "num_boost_round": 19.0}, "datetime": {"datetime": "2024-01-19 01:05:23", "elapsed": 3220.412583, "delta": 0.003303}}
{"target": -17.677144198898738, "params": {"gamma": 629.1649794456699, "log10_alpha": -1.2637659989608627, "log10_colsample_bytree": -0.7911677779552191, "log10_eta": -3.9276570794721466, "log10_lambda": -4.87881305126787, "log10_min_child_weight": 2.5136260561189965, "log10_subsample": -0.5339739038299612, "max_depth": 5.0, "num_boost_round": 20.0}, "datetime": {"datetime": "2024-01-19 01:05:23", "elapsed": 3220.415872, "delta": 0.003289}}
