{"target": -17.674298056002588, "params": {"gamma": 858.7937001394897, "log10_alpha": -0.8693007307055076, "log10_colsample_bytree": -0.541340287342603, "log10_eta": -1.3279229327126587, "log10_lambda": -1.0874842052494413, "log10_min_child_weight": 0.9866200073765202, "log10_subsample": -0.9977326365522976, "max_depth": 3.0, "num_boost_round": 16.0}, "datetime": {"datetime": "2024-01-19 00:25:03", "elapsed": 784.025396, "delta": 0.00109}}
{"target": -17.674670783306293, "params": {"gamma": 858.7937001394897, "log10_alpha": -0.8693007307055076, "log10_colsample_bytree": -0.541340287342603, "log10_eta": -1.3279229327126587, "log10_lambda": -1.0874842052494413, "log10_min_child_weight": 0.9866200073765202, "log10_subsample": -0.9977326365522976, "max_depth": 3.0, "num_boost_round": 17.0}, "datetime": {"datetime": "2024-01-19 00:25:03", "elapsed": 784.026469, "delta": 0.001073}}
{"target": -17.67531907976427, "params": {"gamma": 858.7937001394897, "log10_alpha": -0.8693007307055076, "log10_colsample_bytree": -0.541340287342603, "log10_eta": -1.3279229327126587, "log10_lambda": -1.0874842052494413, "log10_min_child_weight": 0.9866200073765202, "log10_subsample": -0.9977326365522976, "max_depth": 3.0, "num_boost_round": 18.0}, "datetime": {"datetime": "2024-01-19 00:25:03", "elapsed": 784.027567, "delta": 0.001098}}
{"target": -17.674408983951253, "params": {"gamma": 858.7937001394897, "log10_alpha": -0.8693007307055076, "log10_colsample_bytree": -0.541340287342603, "log10_eta": -1.3279229327126587, "log10_lambda": -1.0874842052494413, "log10_min_child_weight": 0.9866200073765202, "log10_subsample": -0.9977326365522976, "max_depth": 3.0, "num_boost_round": 19.0}, "datetime": {"datetime": "2024-01-19 00:25:03", "elapsed": 784.028649, "delta": 0.001082}}
{"target": -17.677214736899312, "params": {"gamma": 863.7308959240638, "log10_alpha": -2.946773137751165, "log10_colsample_bytree": -0.6350878977661373, "log10_eta": -3.2506036406330003, "log10_lambda": 0.6385407171638686, "log10_min_child_weight": 0.9572173734556844, "log10_subsample": -0.7563891783711422, "max_depth": 6.0, "num_boost_round": 0.0}, "datetime": {"datetime": "2024-01-19 00:25:28", "elapsed": 808.673377, "delta": 24.644728}}
{"target": -17.67718806243276, "params": {"gamma": 863.7308959240638, "log10_alpha": -2.946773137751165, "log10_colsample_bytree": -0.6350878977661373, "log10_eta": -3.2506036406330003, "log10_lambda": 0.6385407171638686, "log10_min_child_weight": 0.9572173734556844, "log10_subsample": -0.7563891783711422, "max_depth": 6.0, "num_boost_round": 1.0}, "datetime": {"datetime": "2024-01-19 00:25:28", "elapsed": 808.675088, "delta": 0.001711}}
{"target": -17.677152452956673, "params": {"gamma": 863.7308959240638, "log10_alpha": -2.946773137751165, "log10_colsample_bytree": -0.6350878977661373, "log10_eta": -3.2506036406330003, "log10_lambda": 0.6385407171638686, "log10_min_child_weight": 0.9572173734556844, "log10_subsample": -0.7563891783711422, "max_depth": 6.0, "num_boost_round": 2.0}, "datetime": {"datetime": "2024-01-19 00:25:28", "elapsed": 808.676927, "delta": 0.001839}}
{"target": -17.677125709919974, "params": {"gamma": 863.7308959240638, "log10_alpha": -2.946773137751165, "log10_colsample_bytree": -0.6350878977661373, "log10_eta": -3.2506036406330003, "log10_lambda": 0.6385407171638686, "log10_min_child_weight": 0.9572173734556844, "log10_subsample": -0.7563891783711422, "max_depth": 6.0, "num_boost_round": 3.0}, "datetime": {"datetime": "2024-01-19 00:25:28", "elapsed": 808.678094, "delta": 0.001167}}
{"target": -17.67708081034007, "params": {"gamma": 863.7308959240638, "log10_alpha": -2.946773137751165, "log10_colsample_bytree": -0.6350878977661373, "log10_eta": -3.2506036406330003, "log10_lambda": 0.6385407171638686, "log10_min_child_weight": 0.9572173734556844, "log10_subsample": -0.7563891783711422, "max_depth": 6.0, "num_boost_round": 4.0}, "datetime": {"datetime": "2024-01-19 00:25:28", "elapsed": 808.679196, "delta": 0.001102}}
{"target": -17.67705947729877, "params": {"gamma": 863.7308959240638, "log10_alpha": -2.946773137751165, "log10_colsample_bytree": -0.6350878977661373, "log10_eta": -3.2506036406330003, "log10_lambda": 0.6385407171638686, "log10_min_child_weight": 0.9572173734556844, "log10_subsample": -0.7563891783711422, "max_depth": 6.0, "num_boost_round": 5.0}, "datetime": {"datetime": "2024-01-19 00:25:28", "elapsed": 808.680289, "delta": 0.001093}}
{"target": -17.67703315181659, "params": {"gamma": 863.7308959240638, "log10_alpha": -2.946773137751165, "log10_colsample_bytree": -0.6350878977661373, "log10_eta": -3.2506036406330003, "log10_lambda": 0.6385407171638686, "log10_min_child_weight": 0.9572173734556844, "log10_subsample": -0.7563891783711422, "max_depth": 6.0, "num_boost_round": 6.0}, "datetime": {"datetime": "2024-01-19 00:25:28", "elapsed": 808.681544, "delta": 0.001255}}
{"target": -17.676993705715887, "params": {"gamma": 863.7308959240638, "log10_alpha": -2.946773137751165, "log10_colsample_bytree": -0.6350878977661373, "log10_eta": -3.2506036406330003, "log10_lambda": 0.6385407171638686, "log10_min_child_weight": 0.9572173734556844, "log10_subsample": -0.7563891783711422, "max_depth": 6.0, "num_boost_round": 7.0}, "datetime": {"datetime": "2024-01-19 00:25:28", "elapsed": 808.682663, "delta": 0.001119}}
{"target": -17.676964139507113, "params": {"gamma": 863.7308959240638, "log10_alpha": -2.946773137751165, "log10_colsample_bytree": -0.6350878977661373, "log10_eta": -3.2506036406330003, "log10_lambda": 0.6385407171638686, "log10_min_child_weight": 0.9572173734556844, "log10_subsample": -0.7563891783711422, "max_depth": 6.0, "num_boost_round": 8.0}, "datetime": {"datetime": "2024-01-19 00:25:28", "elapsed": 808.683762, "delta": 0.001099}}
{"target": -17.676934347038962, "params": {"gamma": 863.7308959240638, "log10_alpha": -2.946773137751165, "log10_colsample_bytree": -0.6350878977661373, "log10_eta": -3.2506036406330003, "log10_lambda": 0.6385407171638686, "log10_min_child_weight": 0.9572173734556844, "log10_subsample": -0.7563891783711422, "max_depth": 6.0, "num_boost_round": 9.0}, "datetime": {"datetime": "2024-01-19 00:25:28", "elapsed": 808.684867, "delta": 0.001105}}
{"target": -17.676889605196543, "params": {"gamma": 863.7308959240638, "log10_alpha": -2.946773137751165, "log10_colsample_bytree": -0.6350878977661373, "log10_eta": -3.2506036406330003, "log10_lambda": 0.6385407171638686, "log10_min_child_weight": 0.9572173734556844, "log10_subsample": -0.7563891783711422, "max_depth": 6.0, "num_boost_round": 10.0}, "datetime": {"datetime": "2024-01-19 00:25:28", "elapsed": 808.685968, "delta": 0.001101}}
{"target": -17.676882205124205, "params": {"gamma": 863.7308959240638, "log10_alpha": -2.946773137751165, "log10_colsample_bytree": -0.6350878977661373, "log10_eta": -3.2506036406330003, "log10_lambda": 0.6385407171638686, "log10_min_child_weight": 0.9572173734556844, "log10_subsample": -0.7563891783711422, "max_depth": 6.0, "num_boost_round": 11.0}, "datetime": {"datetime": "2024-01-19 00:25:28", "elapsed": 808.687063, "delta": 0.001095}}
{"target": -17.67686572987448, "params": {"gamma": 863.7308959240638, "log10_alpha": -2.946773137751165, "log10_colsample_bytree": -0.6350878977661373, "log10_eta": -3.2506036406330003, "log10_lambda": 0.6385407171638686, "log10_min_child_weight": 0.9572173734556844, "log10_subsample": -0.7563891783711422, "max_depth": 6.0, "num_boost_round": 12.0}, "datetime": {"datetime": "2024-01-19 00:25:28", "elapsed": 808.688154, "delta": 0.001091}}
{"target": -17.6768423641895, "params": {"gamma": 863.7308959240638, "log10_alpha": -2.946773137751165, "log10_colsample_bytree": -0.6350878977661373, "log10_eta": -3.2506036406330003, "log10_lambda": 0.6385407171638686, "log10_min_child_weight": 0.9572173734556844, "log10_subsample": -0.7563891783711422, "max_depth": 6.0, "num_boost_round": 13.0}, "datetime": {"datetime": "2024-01-19 00:25:28", "elapsed": 808.689249, "delta": 0.001095}}
{"target": -17.67685200260257, "params": {"gamma": 863.7308959240638, "log10_alpha": -2.946773137751165, "log10_colsample_bytree": -0.6350878977661373, "log10_eta": -3.2506036406330003, "log10_lambda": 0.6385407171638686, "log10_min_child_weight": 0.9572173734556844, "log10_subsample": -0.7563891783711422, "max_depth": 6.0, "num_boost_round": 14.0}, "datetime": {"datetime": "2024-01-19 00:25:28", "elapsed": 808.690371, "delta": 0.001122}}
{"target": -17.676836895365348, "params": {"gamma": 863.7308959240638, "log10_alpha": -2.946773137751165, "log10_colsample_bytree": -0.6350878977661373, "log10_eta": -3.2506036406330003, "log10_lambda": 0.6385407171638686, "log10_min_child_weight": 0.9572173734556844, "log10_subsample": -0.7563891783711422, "max_depth": 6.0, "num_boost_round": 15.0}, "datetime": {"datetime": "2024-01-19 00:25:28", "elapsed": 808.691585, "delta": 0.001214}}
{"target": -17.676830445121126, "params": {"gamma": 863.7308959240638, "log10_alpha": -2.946773137751165, "log10_colsample_bytree": -0.6350878977661373, "log10_eta": -3.2506036406330003, "log10_lambda": 0.6385407171638686, "log10_min_child_weight": 0.9572173734556844, "log10_subsample": -0.7563891783711422, "max_depth": 6.0, "num_boost_round": 16.0}, "datetime": {"datetime": "2024-01-19 00:25:28", "elapsed": 808.692693, "delta": 0.001108}}
{"target": -17.67679574000546, "params": {"gamma": 863.7308959240638, "log10_alpha": -2.946773137751165, "log10_colsample_bytree": -0.6350878977661373, "log10_eta": -3.2506036406330003, "log10_lambda": 0.6385407171638686, "log10_min_child_weight": 0.9572173734556844, "log10_subsample": -0.7563891783711422, "max_depth": 6.0, "num_boost_round": 17.0}, "datetime": {"datetime": "2024-01-19 00:25:28", "elapsed": 808.693791, "delta": 0.001098}}
{"target": -17.676787274955096, "params": {"gamma": 863.7308959240638, "log10_alpha": -2.946773137751165, "log10_colsample_bytree": -0.6350878977661373, "log10_eta": -3.2506036406330003, "log10_lambda": 0.6385407171638686, "log10_min_child_weight": 0.9572173734556844, "log10_subsample": -0.7563891783711422, "max_depth": 6.0, "num_boost_round": 18.0}, "datetime": {"datetime": "2024-01-19 00:25:28", "elapsed": 808.694909, "delta": 0.001118}}
{"target": -17.67678376775696, "params": {"gamma": 863.7308959240638, "log10_alpha": -2.946773137751165, "log10_colsample_bytree": -0.6350878977661373, "log10_eta": -3.2506036406330003, "log10_lambda": 0.6385407171638686, "log10_min_child_weight": 0.9572173734556844, "log10_subsample": -0.7563891783711422, "max_depth": 6.0, "num_boost_round": 19.0}, "datetime": {"datetime": "2024-01-19 00:25:28", "elapsed": 808.696124, "delta": 0.001215}}
{"target": -17.67676261717513, "params": {"gamma": 863.7308959240638, "log10_alpha": -2.946773137751165, "log10_colsample_bytree": -0.6350878977661373, "log10_eta": -3.2506036406330003, "log10_lambda": 0.6385407171638686, "log10_min_child_weight": 0.9572173734556844, "log10_subsample": -0.7563891783711422, "max_depth": 6.0, "num_boost_round": 20.0}, "datetime": {"datetime": "2024-01-19 00:25:28", "elapsed": 808.697247, "delta": 0.001123}}
{"target": -17.67722328203851, "params": {"gamma": 874.2321452132005, "log10_alpha": 1.0, "log10_colsample_bytree": 0.0, "log10_eta": -3.6132491443089143, "log10_lambda": -4.548741820846084, "log10_min_child_weight": 0.0, "log10_subsample": -0.9529327970525792, "max_depth": 4.0, "num_boost_round": 0.0}, "datetime": {"datetime": "2024-01-19 00:25:54", "elapsed": 835.430029, "delta": 26.732782}}
{"target": -17.677205272169882, "params": {"gamma": 874.2321452132005, "log10_alpha": 1.0, "log10_colsample_bytree": 0.0, "log10_eta": -3.6132491443089143, "log10_lambda": -4.548741820846084, "log10_min_child_weight": 0.0, "log10_subsample": -0.9529327970525792, "max_depth": 4.0, "num_boost_round": 1.0}, "datetime": {"datetime": "2024-01-19 00:25:54", "elapsed": 835.431741, "delta": 0.001712}}
{"target": -17.677197243710623, "params": {"gamma": 874.2321452132005, "log10_alpha": 1.0, "log10_colsample_bytree": 0.0, "log10_eta": -3.6132491443089143, "log10_lambda": -4.548741820846084, "log10_min_child_weight": 0.0, "log10_subsample": -0.9529327970525792, "max_depth": 4.0, "num_boost_round": 2.0}, "datetime": {"datetime": "2024-01-19 00:25:54", "elapsed": 835.433315, "delta": 0.001574}}
{"target": -17.677194140735722, "params": {"gamma": 874.2321452132005, "log10_alpha": 1.0, "log10_colsample_bytree": 0.0, "log10_eta": -3.6132491443089143, "log10_lambda": -4.548741820846084, "log10_min_child_weight": 0.0, "log10_subsample": -0.9529327970525792, "max_depth": 4.0, "num_boost_round": 3.0}, "datetime": {"datetime": "2024-01-19 00:25:54", "elapsed": 835.434456, "delta": 0.001141}}
{"target": -17.677184775017846, "params": {"gamma": 874.2321452132005, "log10_alpha": 1.0, "log10_colsample_bytree": 0.0, "log10_eta": -3.6132491443089143, "log10_lambda": -4.548741820846084, "log10_min_child_weight": 0.0, "log10_subsample": -0.9529327970525792, "max_depth": 4.0, "num_boost_round": 4.0}, "datetime": {"datetime": "2024-01-19 00:25:54", "elapsed": 835.435619, "delta": 0.001163}}
{"target": -17.67718334184417, "params": {"gamma": 874.2321452132005, "log10_alpha": 1.0, "log10_colsample_bytree": 0.0, "log10_eta": -3.6132491443089143, "log10_lambda": -4.548741820846084, "log10_min_child_weight": 0.0, "log10_subsample": -0.9529327970525792, "max_depth": 4.0, "num_boost_round": 5.0}, "datetime": {"datetime": "2024-01-19 00:25:54", "elapsed": 835.436936, "delta": 0.001317}}
{"target": -17.677171986129295, "params": {"gamma": 874.2321452132005, "log10_alpha": 1.0, "log10_colsample_bytree": 0.0, "log10_eta": -3.6132491443089143, "log10_lambda": -4.548741820846084, "log10_min_child_weight": 0.0, "log10_subsample": -0.9529327970525792, "max_depth": 4.0, "num_boost_round": 6.0}, "datetime": {"datetime": "2024-01-19 00:25:54", "elapsed": 835.438079, "delta": 0.001143}}
{"target": -17.677162464253314, "params": {"gamma": 874.2321452132005, "log10_alpha": 1.0, "log10_colsample_bytree": 0.0, "log10_eta": -3.6132491443089143, "log10_lambda": -4.548741820846084, "log10_min_child_weight": 0.0, "log10_subsample": -0.9529327970525792, "max_depth": 4.0, "num_boost_round": 7.0}, "datetime": {"datetime": "2024-01-19 00:25:54", "elapsed": 835.439195, "delta": 0.001116}}
{"target": -17.67715416584402, "params": {"gamma": 874.2321452132005, "log10_alpha": 1.0, "log10_colsample_bytree": 0.0, "log10_eta": -3.6132491443089143, "log10_lambda": -4.548741820846084, "log10_min_child_weight": 0.0, "log10_subsample": -0.9529327970525792, "max_depth": 4.0, "num_boost_round": 8.0}, "datetime": {"datetime": "2024-01-19 00:25:54", "elapsed": 835.440397, "delta": 0.001202}}
{"target": -17.677138324946565, "params": {"gamma": 874.2321452132005, "log10_alpha": 1.0, "log10_colsample_bytree": 0.0, "log10_eta": -3.6132491443089143, "log10_lambda": -4.548741820846084, "log10_min_child_weight": 0.0, "log10_subsample": -0.9529327970525792, "max_depth": 4.0, "num_boost_round": 9.0}, "datetime": {"datetime": "2024-01-19 00:25:54", "elapsed": 835.441527, "delta": 0.00113}}
{"target": -17.67712703503873, "params": {"gamma": 874.2321452132005, "log10_alpha": 1.0, "log10_colsample_bytree": 0.0, "log10_eta": -3.6132491443089143, "log10_lambda": -4.548741820846084, "log10_min_child_weight": 0.0, "log10_subsample": -0.9529327970525792, "max_depth": 4.0, "num_boost_round": 10.0}, "datetime": {"datetime": "2024-01-19 00:25:54", "elapsed": 835.442638, "delta": 0.001111}}
{"target": -17.677114109933814, "params": {"gamma": 874.2321452132005, "log10_alpha": 1.0, "log10_colsample_bytree": 0.0, "log10_eta": -3.6132491443089143, "log10_lambda": -4.548741820846084, "log10_min_child_weight": 0.0, "log10_subsample": -0.9529327970525792, "max_depth": 4.0, "num_boost_round": 11.0}, "datetime": {"datetime": "2024-01-19 00:25:54", "elapsed": 835.443736, "delta": 0.001098}}
{"target": -17.677115281703713, "params": {"gamma": 874.2321452132005, "log10_alpha": 1.0, "log10_colsample_bytree": 0.0, "log10_eta": -3.6132491443089143, "log10_lambda": -4.548741820846084, "log10_min_child_weight": 0.0, "log10_subsample": -0.9529327970525792, "max_depth": 4.0, "num_boost_round": 12.0}, "datetime": {"datetime": "2024-01-19 00:25:54", "elapsed": 835.44485, "delta": 0.001114}}
{"target": -17.677110318287667, "params": {"gamma": 874.2321452132005, "log10_alpha": 1.0, "log10_colsample_bytree": 0.0, "log10_eta": -3.6132491443089143, "log10_lambda": -4.548741820846084, "log10_min_child_weight": 0.0, "log10_subsample": -0.9529327970525792, "max_depth": 4.0, "num_boost_round": 13.0}, "datetime": {"datetime": "2024-01-19 00:25:54", "elapsed": 835.445966, "delta": 0.001116}}
{"target": -17.677103691454192, "params": {"gamma": 874.2321452132005, "log10_alpha": 1.0, "log10_colsample_bytree": 0.0, "log10_eta": -3.6132491443089143, "log10_lambda": -4.548741820846084, "log10_min_child_weight": 0.0, "log10_subsample": -0.9529327970525792, "max_depth": 4.0, "num_boost_round": 14.0}, "datetime": {"datetime": "2024-01-19 00:25:54", "elapsed": 835.447092, "delta": 0.001126}}
{"target": -17.67709332434518, "params": {"gamma": 874.2321452132005, "log10_alpha": 1.0, "log10_colsample_bytree": 0.0, "log10_eta": -3.6132491443089143, "log10_lambda": -4.548741820846084, "log10_min_child_weight": 0.0, "log10_subsample": -0.9529327970525792, "max_depth": 4.0, "num_boost_round": 15.0}, "datetime": {"datetime": "2024-01-19 00:25:54", "elapsed": 835.4482, "delta": 0.001108}}
{"target": -17.67708171041016, "params": {"gamma": 874.2321452132005, "log10_alpha": 1.0, "log10_colsample_bytree": 0.0, "log10_eta": -3.6132491443089143, "log10_lambda": -4.548741820846084, "log10_min_child_weight": 0.0, "log10_subsample": -0.9529327970525792, "max_depth": 4.0, "num_boost_round": 16.0}, "datetime": {"datetime": "2024-01-19 00:25:54", "elapsed": 835.449316, "delta": 0.001116}}
{"target": -17.67707369886683, "params": {"gamma": 874.2321452132005, "log10_alpha": 1.0, "log10_colsample_bytree": 0.0, "log10_eta": -3.6132491443089143, "log10_lambda": -4.548741820846084, "log10_min_child_weight": 0.0, "log10_subsample": -0.9529327970525792, "max_depth": 4.0, "num_boost_round": 17.0}, "datetime": {"datetime": "2024-01-19 00:25:54", "elapsed": 835.450423, "delta": 0.001107}}
{"target": -17.67705936266661, "params": {"gamma": 874.2321452132005, "log10_alpha": 1.0, "log10_colsample_bytree": 0.0, "log10_eta": -3.6132491443089143, "log10_lambda": -4.548741820846084, "log10_min_child_weight": 0.0, "log10_subsample": -0.9529327970525792, "max_depth": 4.0, "num_boost_round": 18.0}, "datetime": {"datetime": "2024-01-19 00:25:54", "elapsed": 835.451637, "delta": 0.001214}}
{"target": -17.677052610012254, "params": {"gamma": 874.2321452132005, "log10_alpha": 1.0, "log10_colsample_bytree": 0.0, "log10_eta": -3.6132491443089143, "log10_lambda": -4.548741820846084, "log10_min_child_weight": 0.0, "log10_subsample": -0.9529327970525792, "max_depth": 4.0, "num_boost_round": 19.0}, "datetime": {"datetime": "2024-01-19 00:25:54", "elapsed": 835.452752, "delta": 0.001115}}
{"target": -17.67703591136273, "params": {"gamma": 874.2321452132005, "log10_alpha": 1.0, "log10_colsample_bytree": 0.0, "log10_eta": -3.6132491443089143, "log10_lambda": -4.548741820846084, "log10_min_child_weight": 0.0, "log10_subsample": -0.9529327970525792, "max_depth": 4.0, "num_boost_round": 20.0}, "datetime": {"datetime": "2024-01-19 00:25:54", "elapsed": 835.453874, "delta": 0.001122}}
{"target": -17.677034725173563, "params": {"gamma": 874.2321452132005, "log10_alpha": 1.0, "log10_colsample_bytree": 0.0, "log10_eta": -3.6132491443089143, "log10_lambda": -4.548741820846084, "log10_min_child_weight": 0.0, "log10_subsample": -0.9529327970525792, "max_depth": 4.0, "num_boost_round": 21.0}, "datetime": {"datetime": "2024-01-19 00:25:54", "elapsed": 835.454998, "delta": 0.001124}}
{"target": -17.677026625954163, "params": {"gamma": 874.2321452132005, "log10_alpha": 1.0, "log10_colsample_bytree": 0.0, "log10_eta": -3.6132491443089143, "log10_lambda": -4.548741820846084, "log10_min_child_weight": 0.0, "log10_subsample": -0.9529327970525792, "max_depth": 4.0, "num_boost_round": 22.0}, "datetime": {"datetime": "2024-01-19 00:25:54", "elapsed": 835.45614, "delta": 0.001142}}
{"target": -17.677012971779767, "params": {"gamma": 874.2321452132005, "log10_alpha": 1.0, "log10_colsample_bytree": 0.0, "log10_eta": -3.6132491443089143, "log10_lambda": -4.548741820846084, "log10_min_child_weight": 0.0, "log10_subsample": -0.9529327970525792, "max_depth": 4.0, "num_boost_round": 23.0}, "datetime": {"datetime": "2024-01-19 00:25:54", "elapsed": 835.457349, "delta": 0.001209}}
{"target": -17.676999852224437, "params": {"gamma": 874.2321452132005, "log10_alpha": 1.0, "log10_colsample_bytree": 0.0, "log10_eta": -3.6132491443089143, "log10_lambda": -4.548741820846084, "log10_min_child_weight": 0.0, "log10_subsample": -0.9529327970525792, "max_depth": 4.0, "num_boost_round": 24.0}, "datetime": {"datetime": "2024-01-19 00:25:54", "elapsed": 835.458511, "delta": 0.001162}}
{"target": -17.676981557651125, "params": {"gamma": 874.2321452132005, "log10_alpha": 1.0, "log10_colsample_bytree": 0.0, "log10_eta": -3.6132491443089143, "log10_lambda": -4.548741820846084, "log10_min_child_weight": 0.0, "log10_subsample": -0.9529327970525792, "max_depth": 4.0, "num_boost_round": 25.0}, "datetime": {"datetime": "2024-01-19 00:25:54", "elapsed": 835.459659, "delta": 0.001148}}
{"target": -17.676966142624323, "params": {"gamma": 874.2321452132005, "log10_alpha": 1.0, "log10_colsample_bytree": 0.0, "log10_eta": -3.6132491443089143, "log10_lambda": -4.548741820846084, "log10_min_child_weight": 0.0, "log10_subsample": -0.9529327970525792, "max_depth": 4.0, "num_boost_round": 26.0}, "datetime": {"datetime": "2024-01-19 00:25:54", "elapsed": 835.460895, "delta": 0.001236}}
