{"target": -13.785112933797807, "params": {"gamma": 439.16543856730294, "log10_alpha": -2.8165243663086885, "log10_colsample_bytree": -0.015488758574531802, "log10_eta": -1.7046646727566004, "log10_lambda": -4.948475176430965, "log10_min_child_weight": 2.11681335405655, "log10_subsample": -0.36002129421717954, "max_depth": 5.0, "num_boost_round": 42.0}, "datetime": {"datetime": "2024-01-19 00:13:12", "elapsed": 96.613963, "delta": 0.00042}}
{"target": -13.785528640543374, "params": {"gamma": 439.16543856730294, "log10_alpha": -2.8165243663086885, "log10_colsample_bytree": -0.015488758574531802, "log10_eta": -1.7046646727566004, "log10_lambda": -4.948475176430965, "log10_min_child_weight": 2.11681335405655, "log10_subsample": -0.36002129421717954, "max_depth": 5.0, "num_boost_round": 43.0}, "datetime": {"datetime": "2024-01-19 00:13:12", "elapsed": 96.614467, "delta": 0.000504}}
{"target": -13.785792012818039, "params": {"gamma": 439.16543856730294, "log10_alpha": -2.8165243663086885, "log10_colsample_bytree": -0.015488758574531802, "log10_eta": -1.7046646727566004, "log10_lambda": -4.948475176430965, "log10_min_child_weight": 2.11681335405655, "log10_subsample": -0.36002129421717954, "max_depth": 5.0, "num_boost_round": 44.0}, "datetime": {"datetime": "2024-01-19 00:13:12", "elapsed": 96.61489, "delta": 0.000423}}
{"target": -13.786664048582182, "params": {"gamma": 439.16543856730294, "log10_alpha": -2.8165243663086885, "log10_colsample_bytree": -0.015488758574531802, "log10_eta": -1.7046646727566004, "log10_lambda": -4.948475176430965, "log10_min_child_weight": 2.11681335405655, "log10_subsample": -0.36002129421717954, "max_depth": 5.0, "num_boost_round": 45.0}, "datetime": {"datetime": "2024-01-19 00:13:12", "elapsed": 96.615316, "delta": 0.000426}}
{"target": -13.787071987833794, "params": {"gamma": 439.16543856730294, "log10_alpha": -2.8165243663086885, "log10_colsample_bytree": -0.015488758574531802, "log10_eta": -1.7046646727566004, "log10_lambda": -4.948475176430965, "log10_min_child_weight": 2.11681335405655, "log10_subsample": -0.36002129421717954, "max_depth": 5.0, "num_boost_round": 46.0}, "datetime": {"datetime": "2024-01-19 00:13:12", "elapsed": 96.615737, "delta": 0.000421}}
{"target": -13.788316610407252, "params": {"gamma": 439.16543856730294, "log10_alpha": -2.8165243663086885, "log10_colsample_bytree": -0.015488758574531802, "log10_eta": -1.7046646727566004, "log10_lambda": -4.948475176430965, "log10_min_child_weight": 2.11681335405655, "log10_subsample": -0.36002129421717954, "max_depth": 5.0, "num_boost_round": 47.0}, "datetime": {"datetime": "2024-01-19 00:13:12", "elapsed": 96.61616, "delta": 0.000423}}
{"target": -13.789912590026997, "params": {"gamma": 439.16543856730294, "log10_alpha": -2.8165243663086885, "log10_colsample_bytree": -0.015488758574531802, "log10_eta": -1.7046646727566004, "log10_lambda": -4.948475176430965, "log10_min_child_weight": 2.11681335405655, "log10_subsample": -0.36002129421717954, "max_depth": 5.0, "num_boost_round": 48.0}, "datetime": {"datetime": "2024-01-19 00:13:12", "elapsed": 96.616587, "delta": 0.000427}}
{"target": -13.791574308761403, "params": {"gamma": 439.16543856730294, "log10_alpha": -2.8165243663086885, "log10_colsample_bytree": -0.015488758574531802, "log10_eta": -1.7046646727566004, "log10_lambda": -4.948475176430965, "log10_min_child_weight": 2.11681335405655, "log10_subsample": -0.36002129421717954, "max_depth": 5.0, "num_boost_round": 49.0}, "datetime": {"datetime": "2024-01-19 00:13:12", "elapsed": 96.617014, "delta": 0.000427}}
{"target": -13.792484165281735, "params": {"gamma": 439.16543856730294, "log10_alpha": -2.8165243663086885, "log10_colsample_bytree": -0.015488758574531802, "log10_eta": -1.7046646727566004, "log10_lambda": -4.948475176430965, "log10_min_child_weight": 2.11681335405655, "log10_subsample": -0.36002129421717954, "max_depth": 5.0, "num_boost_round": 50.0}, "datetime": {"datetime": "2024-01-19 00:13:12", "elapsed": 96.61745, "delta": 0.000436}}
{"target": -13.793051345984875, "params": {"gamma": 439.16543856730294, "log10_alpha": -2.8165243663086885, "log10_colsample_bytree": -0.015488758574531802, "log10_eta": -1.7046646727566004, "log10_lambda": -4.948475176430965, "log10_min_child_weight": 2.11681335405655, "log10_subsample": -0.36002129421717954, "max_depth": 5.0, "num_boost_round": 51.0}, "datetime": {"datetime": "2024-01-19 00:13:12", "elapsed": 96.617884, "delta": 0.000434}}
{"target": -13.75853307641418, "params": {"gamma": 438.3645476895076, "log10_alpha": -3.3906311450801097, "log10_colsample_bytree": -0.5146510280641201, "log10_eta": -3.6545562581898348, "log10_lambda": -0.528961881362644, "log10_min_child_weight": 3.7889092451792497, "log10_subsample": -0.008696144769728575, "max_depth": 8.0, "num_boost_round": 0.0}, "datetime": {"datetime": "2024-01-19 00:13:40", "elapsed": 124.174781, "delta": 27.556897}}
{"target": -13.758526634373112, "params": {"gamma": 438.3645476895076, "log10_alpha": -3.3906311450801097, "log10_colsample_bytree": -0.5146510280641201, "log10_eta": -3.6545562581898348, "log10_lambda": -0.528961881362644, "log10_min_child_weight": 3.7889092451792497, "log10_subsample": -0.008696144769728575, "max_depth": 8.0, "num_boost_round": 1.0}, "datetime": {"datetime": "2024-01-19 00:13:40", "elapsed": 124.175365, "delta": 0.000584}}
{"target": -13.758520686393068, "params": {"gamma": 438.3645476895076, "log10_alpha": -3.3906311450801097, "log10_colsample_bytree": -0.5146510280641201, "log10_eta": -3.6545562581898348, "log10_lambda": -0.528961881362644, "log10_min_child_weight": 3.7889092451792497, "log10_subsample": -0.008696144769728575, "max_depth": 8.0, "num_boost_round": 2.0}, "datetime": {"datetime": "2024-01-19 00:13:40", "elapsed": 124.175842, "delta": 0.000477}}
{"target": -13.758519287291108, "params": {"gamma": 438.3645476895076, "log10_alpha": -3.3906311450801097, "log10_colsample_bytree": -0.5146510280641201, "log10_eta": -3.6545562581898348, "log10_lambda": -0.528961881362644, "log10_min_child_weight": 3.7889092451792497, "log10_subsample": -0.008696144769728575, "max_depth": 8.0, "num_boost_round": 3.0}, "datetime": {"datetime": "2024-01-19 00:13:40", "elapsed": 124.176309, "delta": 0.000467}}
{"target": -13.758516477806053, "params": {"gamma": 438.3645476895076, "log10_alpha": -3.3906311450801097, "log10_colsample_bytree": -0.5146510280641201, "log10_eta": -3.6545562581898348, "log10_lambda": -0.528961881362644, "log10_min_child_weight": 3.7889092451792497, "log10_subsample": -0.008696144769728575, "max_depth": 8.0, "num_boost_round": 4.0}, "datetime": {"datetime": "2024-01-19 00:13:40", "elapsed": 124.177006, "delta": 0.000697}}
{"target": -13.75851662872717, "params": {"gamma": 438.3645476895076, "log10_alpha": -3.3906311450801097, "log10_colsample_bytree": -0.5146510280641201, "log10_eta": -3.6545562581898348, "log10_lambda": -0.528961881362644, "log10_min_child_weight": 3.7889092451792497, "log10_subsample": -0.008696144769728575, "max_depth": 8.0, "num_boost_round": 5.0}, "datetime": {"datetime": "2024-01-19 00:13:40", "elapsed": 124.177618, "delta": 0.000612}}
{"target": -13.758510276882195, "params": {"gamma": 438.3645476895076, "log10_alpha": -3.3906311450801097, "log10_colsample_bytree": -0.5146510280641201, "log10_eta": -3.6545562581898348, "log10_lambda": -0.528961881362644, "log10_min_child_weight": 3.7889092451792497, "log10_subsample": -0.008696144769728575, "max_depth": 8.0, "num_boost_round": 6.0}, "datetime": {"datetime": "2024-01-19 00:13:40", "elapsed": 124.178083, "delta": 0.000465}}
{"target": -13.758507652840072, "params": {"gamma": 438.3645476895076, "log10_alpha": -3.3906311450801097, "log10_colsample_bytree": -0.5146510280641201, "log10_eta": -3.6545562581898348, "log10_lambda": -0.528961881362644, "log10_min_child_weight": 3.7889092451792497, "log10_subsample": -0.008696144769728575, "max_depth": 8.0, "num_boost_round": 7.0}, "datetime": {"datetime": "2024-01-19 00:13:40", "elapsed": 124.178647, "delta": 0.000564}}
{"target": -13.758501828342046, "params": {"gamma": 438.3645476895076, "log10_alpha": -3.3906311450801097, "log10_colsample_bytree": -0.5146510280641201, "log10_eta": -3.6545562581898348, "log10_lambda": -0.528961881362644, "log10_min_child_weight": 3.7889092451792497, "log10_subsample": -0.008696144769728575, "max_depth": 8.0, "num_boost_round": 8.0}, "datetime": {"datetime": "2024-01-19 00:13:40", "elapsed": 124.17931, "delta": 0.000663}}
{"target": -13.758502305963818, "params": {"gamma": 438.3645476895076, "log10_alpha": -3.3906311450801097, "log10_colsample_bytree": -0.5146510280641201, "log10_eta": -3.6545562581898348, "log10_lambda": -0.528961881362644, "log10_min_child_weight": 3.7889092451792497, "log10_subsample": -0.008696144769728575, "max_depth": 8.0, "num_boost_round": 9.0}, "datetime": {"datetime": "2024-01-19 00:13:40", "elapsed": 124.179767, "delta": 0.000457}}
{"target": -13.758495702936465, "params": {"gamma": 438.3645476895076, "log10_alpha": -3.3906311450801097, "log10_colsample_bytree": -0.5146510280641201, "log10_eta": -3.6545562581898348, "log10_lambda": -0.528961881362644, "log10_min_child_weight": 3.7889092451792497, "log10_subsample": -0.008696144769728575, "max_depth": 8.0, "num_boost_round": 10.0}, "datetime": {"datetime": "2024-01-19 00:13:40", "elapsed": 124.180228, "delta": 0.000461}}
{"target": -13.758497714099992, "params": {"gamma": 438.3645476895076, "log10_alpha": -3.3906311450801097, "log10_colsample_bytree": -0.5146510280641201, "log10_eta": -3.6545562581898348, "log10_lambda": -0.528961881362644, "log10_min_child_weight": 3.7889092451792497, "log10_subsample": -0.008696144769728575, "max_depth": 8.0, "num_boost_round": 11.0}, "datetime": {"datetime": "2024-01-19 00:13:40", "elapsed": 124.180681, "delta": 0.000453}}
{"target": -13.758498950200874, "params": {"gamma": 438.3645476895076, "log10_alpha": -3.3906311450801097, "log10_colsample_bytree": -0.5146510280641201, "log10_eta": -3.6545562581898348, "log10_lambda": -0.528961881362644, "log10_min_child_weight": 3.7889092451792497, "log10_subsample": -0.008696144769728575, "max_depth": 8.0, "num_boost_round": 12.0}, "datetime": {"datetime": "2024-01-19 00:13:40", "elapsed": 124.181132, "delta": 0.000451}}
{"target": -13.758495475345292, "params": {"gamma": 438.3645476895076, "log10_alpha": -3.3906311450801097, "log10_colsample_bytree": -0.5146510280641201, "log10_eta": -3.6545562581898348, "log10_lambda": -0.528961881362644, "log10_min_child_weight": 3.7889092451792497, "log10_subsample": -0.008696144769728575, "max_depth": 8.0, "num_boost_round": 13.0}, "datetime": {"datetime": "2024-01-19 00:13:40", "elapsed": 124.181593, "delta": 0.000461}}
{"target": -13.758492308942033, "params": {"gamma": 438.3645476895076, "log10_alpha": -3.3906311450801097, "log10_colsample_bytree": -0.5146510280641201, "log10_eta": -3.6545562581898348, "log10_lambda": -0.528961881362644, "log10_min_child_weight": 3.7889092451792497, "log10_subsample": -0.008696144769728575, "max_depth": 8.0, "num_boost_round": 14.0}, "datetime": {"datetime": "2024-01-19 00:13:40", "elapsed": 124.182048, "delta": 0.000455}}
{"target": -13.758487907046593, "params": {"gamma": 438.3645476895076, "log10_alpha": -3.3906311450801097, "log10_colsample_bytree": -0.5146510280641201, "log10_eta": -3.6545562581898348, "log10_lambda": -0.528961881362644, "log10_min_child_weight": 3.7889092451792497, "log10_subsample": -0.008696144769728575, "max_depth": 8.0, "num_boost_round": 15.0}, "datetime": {"datetime": "2024-01-19 00:13:40", "elapsed": 124.18251, "delta": 0.000462}}
{"target": -13.758489768299194, "params": {"gamma": 438.3645476895076, "log10_alpha": -3.3906311450801097, "log10_colsample_bytree": -0.5146510280641201, "log10_eta": -3.6545562581898348, "log10_lambda": -0.528961881362644, "log10_min_child_weight": 3.7889092451792497, "log10_subsample": -0.008696144769728575, "max_depth": 8.0, "num_boost_round": 16.0}, "datetime": {"datetime": "2024-01-19 00:13:40", "elapsed": 124.182968, "delta": 0.000458}}
{"target": -13.758492416804168, "params": {"gamma": 438.3645476895076, "log10_alpha": -3.3906311450801097, "log10_colsample_bytree": -0.5146510280641201, "log10_eta": -3.6545562581898348, "log10_lambda": -0.528961881362644, "log10_min_child_weight": 3.7889092451792497, "log10_subsample": -0.008696144769728575, "max_depth": 8.0, "num_boost_round": 17.0}, "datetime": {"datetime": "2024-01-19 00:13:40", "elapsed": 124.183515, "delta": 0.000547}}
{"target": -13.758493912222209, "params": {"gamma": 438.3645476895076, "log10_alpha": -3.3906311450801097, "log10_colsample_bytree": -0.5146510280641201, "log10_eta": -3.6545562581898348, "log10_lambda": -0.528961881362644, "log10_min_child_weight": 3.7889092451792497, "log10_subsample": -0.008696144769728575, "max_depth": 8.0, "num_boost_round": 18.0}, "datetime": {"datetime": "2024-01-19 00:13:40", "elapsed": 124.183983, "delta": 0.000468}}
{"target": -13.758490387740126, "params": {"gamma": 438.3645476895076, "log10_alpha": -3.3906311450801097, "log10_colsample_bytree": -0.5146510280641201, "log10_eta": -3.6545562581898348, "log10_lambda": -0.528961881362644, "log10_min_child_weight": 3.7889092451792497, "log10_subsample": -0.008696144769728575, "max_depth": 8.0, "num_boost_round": 19.0}, "datetime": {"datetime": "2024-01-19 00:13:40", "elapsed": 124.184457, "delta": 0.000474}}
{"target": -13.758482851055012, "params": {"gamma": 438.3645476895076, "log10_alpha": -3.3906311450801097, "log10_colsample_bytree": -0.5146510280641201, "log10_eta": -3.6545562581898348, "log10_lambda": -0.528961881362644, "log10_min_child_weight": 3.7889092451792497, "log10_subsample": -0.008696144769728575, "max_depth": 8.0, "num_boost_round": 20.0}, "datetime": {"datetime": "2024-01-19 00:13:40", "elapsed": 124.184924, "delta": 0.000467}}
{"target": -13.75847662509477, "params": {"gamma": 438.3645476895076, "log10_alpha": -3.3906311450801097, "log10_colsample_bytree": -0.5146510280641201, "log10_eta": -3.6545562581898348, "log10_lambda": -0.528961881362644, "log10_min_child_weight": 3.7889092451792497, "log10_subsample": -0.008696144769728575, "max_depth": 8.0, "num_boost_round": 21.0}, "datetime": {"datetime": "2024-01-19 00:13:40", "elapsed": 124.185413, "delta": 0.000489}}
{"target": -13.758473009303817, "params": {"gamma": 438.3645476895076, "log10_alpha": -3.3906311450801097, "log10_colsample_bytree": -0.5146510280641201, "log10_eta": -3.6545562581898348, "log10_lambda": -0.528961881362644, "log10_min_child_weight": 3.7889092451792497, "log10_subsample": -0.008696144769728575, "max_depth": 8.0, "num_boost_round": 22.0}, "datetime": {"datetime": "2024-01-19 00:13:40", "elapsed": 124.18589, "delta": 0.000477}}
{"target": -13.758473047846303, "params": {"gamma": 438.3645476895076, "log10_alpha": -3.3906311450801097, "log10_colsample_bytree": -0.5146510280641201, "log10_eta": -3.6545562581898348, "log10_lambda": -0.528961881362644, "log10_min_child_weight": 3.7889092451792497, "log10_subsample": -0.008696144769728575, "max_depth": 8.0, "num_boost_round": 23.0}, "datetime": {"datetime": "2024-01-19 00:13:40", "elapsed": 124.186376, "delta": 0.000486}}
{"target": -13.758472317119738, "params": {"gamma": 438.3645476895076, "log10_alpha": -3.3906311450801097, "log10_colsample_bytree": -0.5146510280641201, "log10_eta": -3.6545562581898348, "log10_lambda": -0.528961881362644, "log10_min_child_weight": 3.7889092451792497, "log10_subsample": -0.008696144769728575, "max_depth": 8.0, "num_boost_round": 24.0}, "datetime": {"datetime": "2024-01-19 00:13:40", "elapsed": 124.186855, "delta": 0.000479}}
{"target": -13.758469066231608, "params": {"gamma": 438.3645476895076, "log10_alpha": -3.3906311450801097, "log10_colsample_bytree": -0.5146510280641201, "log10_eta": -3.6545562581898348, "log10_lambda": -0.528961881362644, "log10_min_child_weight": 3.7889092451792497, "log10_subsample": -0.008696144769728575, "max_depth": 8.0, "num_boost_round": 25.0}, "datetime": {"datetime": "2024-01-19 00:13:40", "elapsed": 124.18734, "delta": 0.000485}}
{"target": -13.758467883997149, "params": {"gamma": 438.3645476895076, "log10_alpha": -3.3906311450801097, "log10_colsample_bytree": -0.5146510280641201, "log10_eta": -3.6545562581898348, "log10_lambda": -0.528961881362644, "log10_min_child_weight": 3.7889092451792497, "log10_subsample": -0.008696144769728575, "max_depth": 8.0, "num_boost_round": 26.0}, "datetime": {"datetime": "2024-01-19 00:13:40", "elapsed": 124.187814, "delta": 0.000474}}
{"target": -13.758464420757802, "params": {"gamma": 438.3645476895076, "log10_alpha": -3.3906311450801097, "log10_colsample_bytree": -0.5146510280641201, "log10_eta": -3.6545562581898348, "log10_lambda": -0.528961881362644, "log10_min_child_weight": 3.7889092451792497, "log10_subsample": -0.008696144769728575, "max_depth": 8.0, "num_boost_round": 27.0}, "datetime": {"datetime": "2024-01-19 00:13:40", "elapsed": 124.188298, "delta": 0.000484}}
{"target": -13.758458399890213, "params": {"gamma": 438.3645476895076, "log10_alpha": -3.3906311450801097, "log10_colsample_bytree": -0.5146510280641201, "log10_eta": -3.6545562581898348, "log10_lambda": -0.528961881362644, "log10_min_child_weight": 3.7889092451792497, "log10_subsample": -0.008696144769728575, "max_depth": 8.0, "num_boost_round": 28.0}, "datetime": {"datetime": "2024-01-19 00:13:40", "elapsed": 124.188829, "delta": 0.000531}}
{"target": -13.758456852588512, "params": {"gamma": 438.3645476895076, "log10_alpha": -3.3906311450801097, "log10_colsample_bytree": -0.5146510280641201, "log10_eta": -3.6545562581898348, "log10_lambda": -0.528961881362644, "log10_min_child_weight": 3.7889092451792497, "log10_subsample": -0.008696144769728575, "max_depth": 8.0, "num_boost_round": 29.0}, "datetime": {"datetime": "2024-01-19 00:13:40", "elapsed": 124.189323, "delta": 0.000494}}
{"target": -13.758450587439572, "params": {"gamma": 438.3645476895076, "log10_alpha": -3.3906311450801097, "log10_colsample_bytree": -0.5146510280641201, "log10_eta": -3.6545562581898348, "log10_lambda": -0.528961881362644, "log10_min_child_weight": 3.7889092451792497, "log10_subsample": -0.008696144769728575, "max_depth": 8.0, "num_boost_round": 30.0}, "datetime": {"datetime": "2024-01-19 00:13:40", "elapsed": 124.189811, "delta": 0.000488}}
{"target": -13.758443706160396, "params": {"gamma": 438.3645476895076, "log10_alpha": -3.3906311450801097, "log10_colsample_bytree": -0.5146510280641201, "log10_eta": -3.6545562581898348, "log10_lambda": -0.528961881362644, "log10_min_child_weight": 3.7889092451792497, "log10_subsample": -0.008696144769728575, "max_depth": 8.0, "num_boost_round": 31.0}, "datetime": {"datetime": "2024-01-19 00:13:40", "elapsed": 124.190308, "delta": 0.000497}}
{"target": -13.758442524354198, "params": {"gamma": 438.3645476895076, "log10_alpha": -3.3906311450801097, "log10_colsample_bytree": -0.5146510280641201, "log10_eta": -3.6545562581898348, "log10_lambda": -0.528961881362644, "log10_min_child_weight": 3.7889092451792497, "log10_subsample": -0.008696144769728575, "max_depth": 8.0, "num_boost_round": 32.0}, "datetime": {"datetime": "2024-01-19 00:13:40", "elapsed": 124.190794, "delta": 0.000486}}
{"target": -13.758515606770963, "params": {"gamma": 434.4124097903725, "log10_alpha": -4.194254591738804, "log10_colsample_bytree": -0.1767706085286901, "log10_eta": -2.1111479148498633, "log10_lambda": -0.4214813127884698, "log10_min_child_weight": 1.5466684019188925, "log10_subsample": -0.8887778339275053, "max_depth": 2.0, "num_boost_round": 0.0}, "datetime": {"datetime": "2024-01-19 00:14:00", "elapsed": 144.796386, "delta": 20.605592}}
{"target": -13.7584354868072, "params": {"gamma": 434.4124097903725, "log10_alpha": -4.194254591738804, "log10_colsample_bytree": -0.1767706085286901, "log10_eta": -2.1111479148498633, "log10_lambda": -0.4214813127884698, "log10_min_child_weight": 1.5466684019188925, "log10_subsample": -0.8887778339275053, "max_depth": 2.0, "num_boost_round": 1.0}, "datetime": {"datetime": "2024-01-19 00:14:00", "elapsed": 144.797436, "delta": 0.00105}}
{"target": -13.758308562619527, "params": {"gamma": 434.4124097903725, "log10_alpha": -4.194254591738804, "log10_colsample_bytree": -0.1767706085286901, "log10_eta": -2.1111479148498633, "log10_lambda": -0.4214813127884698, "log10_min_child_weight": 1.5466684019188925, "log10_subsample": -0.8887778339275053, "max_depth": 2.0, "num_boost_round": 2.0}, "datetime": {"datetime": "2024-01-19 00:14:00", "elapsed": 144.797949, "delta": 0.000513}}
{"target": -13.758327791871501, "params": {"gamma": 434.4124097903725, "log10_alpha": -4.194254591738804, "log10_colsample_bytree": -0.1767706085286901, "log10_eta": -2.1111479148498633, "log10_lambda": -0.4214813127884698, "log10_min_child_weight": 1.5466684019188925, "log10_subsample": -0.8887778339275053, "max_depth": 2.0, "num_boost_round": 3.0}, "datetime": {"datetime": "2024-01-19 00:14:00", "elapsed": 144.798448, "delta": 0.000499}}
{"target": -13.75821549988285, "params": {"gamma": 434.4124097903725, "log10_alpha": -4.194254591738804, "log10_colsample_bytree": -0.1767706085286901, "log10_eta": -2.1111479148498633, "log10_lambda": -0.4214813127884698, "log10_min_child_weight": 1.5466684019188925, "log10_subsample": -0.8887778339275053, "max_depth": 2.0, "num_boost_round": 4.0}, "datetime": {"datetime": "2024-01-19 00:14:00", "elapsed": 144.79894, "delta": 0.000492}}
{"target": -13.758227217169198, "params": {"gamma": 434.4124097903725, "log10_alpha": -4.194254591738804, "log10_colsample_bytree": -0.1767706085286901, "log10_eta": -2.1111479148498633, "log10_lambda": -0.4214813127884698, "log10_min_child_weight": 1.5466684019188925, "log10_subsample": -0.8887778339275053, "max_depth": 2.0, "num_boost_round": 5.0}, "datetime": {"datetime": "2024-01-19 00:14:00", "elapsed": 144.799552, "delta": 0.000612}}
