{"target": -17.677227941898483, "params": {"gamma": 429.77797439781784, "log10_alpha": -3.8686964828782004, "log10_colsample_bytree": -0.9312497153241941, "log10_eta": -3.93438800960666, "log10_lambda": -2.919968423235807, "log10_min_child_weight": 0.27931071123773465, "log10_subsample": -0.10859143977123953, "max_depth": 8.0, "num_boost_round": 6.0}, "datetime": {"datetime": "2024-01-19 01:21:18", "elapsed": 4183.011446, "delta": 0.003254}}
{"target": -17.67722611025435, "params": {"gamma": 429.77797439781784, "log10_alpha": -3.8686964828782004, "log10_colsample_bytree": -0.9312497153241941, "log10_eta": -3.93438800960666, "log10_lambda": -2.919968423235807, "log10_min_child_weight": 0.27931071123773465, "log10_subsample": -0.10859143977123953, "max_depth": 8.0, "num_boost_round": 7.0}, "datetime": {"datetime": "2024-01-19 01:21:18", "elapsed": 4183.014716, "delta": 0.00327}}
{"target": -17.67722390306549, "params": {"gamma": 429.77797439781784, "log10_alpha": -3.8686964828782004, "log10_colsample_bytree": -0.9312497153241941, "log10_eta": -3.93438800960666, "log10_lambda": -2.919968423235807, "log10_min_child_weight": 0.27931071123773465, "log10_subsample": -0.10859143977123953, "max_depth": 8.0, "num_boost_round": 8.0}, "datetime": {"datetime": "2024-01-19 01:21:18", "elapsed": 4183.017859, "delta": 0.003143}}
{"target": -17.67721690086486, "params": {"gamma": 429.77797439781784, "log10_alpha": -3.8686964828782004, "log10_colsample_bytree": -0.9312497153241941, "log10_eta": -3.93438800960666, "log10_lambda": -2.919968423235807, "log10_min_child_weight": 0.27931071123773465, "log10_subsample": -0.10859143977123953, "max_depth": 8.0, "num_boost_round": 9.0}, "datetime": {"datetime": "2024-01-19 01:21:18", "elapsed": 4183.020994, "delta": 0.003135}}
{"target": -17.67721168478906, "params": {"gamma": 429.77797439781784, "log10_alpha": -3.8686964828782004, "log10_colsample_bytree": -0.9312497153241941, "log10_eta": -3.93438800960666, "log10_lambda": -2.919968423235807, "log10_min_child_weight": 0.27931071123773465, "log10_subsample": -0.10859143977123953, "max_depth": 8.0, "num_boost_round": 10.0}, "datetime": {"datetime": "2024-01-19 01:21:18", "elapsed": 4183.024136, "delta": 0.003142}}
{"target": -17.67720559888037, "params": {"gamma": 429.77797439781784, "log10_alpha": -3.8686964828782004, "log10_colsample_bytree": -0.9312497153241941, "log10_eta": -3.93438800960666, "log10_lambda": -2.919968423235807, "log10_min_child_weight": 0.27931071123773465, "log10_subsample": -0.10859143977123953, "max_depth": 8.0, "num_boost_round": 11.0}, "datetime": {"datetime": "2024-01-19 01:21:18", "elapsed": 4183.027287, "delta": 0.003151}}
{"target": -17.677194069284912, "params": {"gamma": 429.77797439781784, "log10_alpha": -3.8686964828782004, "log10_colsample_bytree": -0.9312497153241941, "log10_eta": -3.93438800960666, "log10_lambda": -2.919968423235807, "log10_min_child_weight": 0.27931071123773465, "log10_subsample": -0.10859143977123953, "max_depth": 8.0, "num_boost_round": 12.0}, "datetime": {"datetime": "2024-01-19 01:21:18", "elapsed": 4183.03046, "delta": 0.003173}}
{"target": -17.67719419561206, "params": {"gamma": 429.77797439781784, "log10_alpha": -3.8686964828782004, "log10_colsample_bytree": -0.9312497153241941, "log10_eta": -3.93438800960666, "log10_lambda": -2.919968423235807, "log10_min_child_weight": 0.27931071123773465, "log10_subsample": -0.10859143977123953, "max_depth": 8.0, "num_boost_round": 13.0}, "datetime": {"datetime": "2024-01-19 01:21:18", "elapsed": 4183.033731, "delta": 0.003271}}
{"target": -17.677189619168654, "params": {"gamma": 429.77797439781784, "log10_alpha": -3.8686964828782004, "log10_colsample_bytree": -0.9312497153241941, "log10_eta": -3.93438800960666, "log10_lambda": -2.919968423235807, "log10_min_child_weight": 0.27931071123773465, "log10_subsample": -0.10859143977123953, "max_depth": 8.0, "num_boost_round": 14.0}, "datetime": {"datetime": "2024-01-19 01:21:18", "elapsed": 4183.036895, "delta": 0.003164}}
{"target": -17.677228148320054, "params": {"gamma": 429.7439628090741, "log10_alpha": -1.4499344056702141, "log10_colsample_bytree": -0.9760982808632185, "log10_eta": -3.9405311823269846, "log10_lambda": -3.2406733272708106, "log10_min_child_weight": 1.4756304688610766, "log10_subsample": -0.32582794642658963, "max_depth": 9.0, "num_boost_round": 0.0}, "datetime": {"datetime": "2024-01-19 01:22:10", "elapsed": 4235.045228, "delta": 52.008333}}
{"target": -17.67722659052901, "params": {"gamma": 429.7439628090741, "log10_alpha": -1.4499344056702141, "log10_colsample_bytree": -0.9760982808632185, "log10_eta": -3.9405311823269846, "log10_lambda": -3.2406733272708106, "log10_min_child_weight": 1.4756304688610766, "log10_subsample": -0.32582794642658963, "max_depth": 9.0, "num_boost_round": 1.0}, "datetime": {"datetime": "2024-01-19 01:22:10", "elapsed": 4235.049509, "delta": 0.004281}}
{"target": -17.67722639963344, "params": {"gamma": 429.7439628090741, "log10_alpha": -1.4499344056702141, "log10_colsample_bytree": -0.9760982808632185, "log10_eta": -3.9405311823269846, "log10_lambda": -3.2406733272708106, "log10_min_child_weight": 1.4756304688610766, "log10_subsample": -0.32582794642658963, "max_depth": 9.0, "num_boost_round": 2.0}, "datetime": {"datetime": "2024-01-19 01:22:10", "elapsed": 4235.052869, "delta": 0.00336}}
{"target": -17.67722363651884, "params": {"gamma": 429.7439628090741, "log10_alpha": -1.4499344056702141, "log10_colsample_bytree": -0.9760982808632185, "log10_eta": -3.9405311823269846, "log10_lambda": -3.2406733272708106, "log10_min_child_weight": 1.4756304688610766, "log10_subsample": -0.32582794642658963, "max_depth": 9.0, "num_boost_round": 3.0}, "datetime": {"datetime": "2024-01-19 01:22:10", "elapsed": 4235.056142, "delta": 0.003273}}
{"target": -17.677212523537268, "params": {"gamma": 429.7439628090741, "log10_alpha": -1.4499344056702141, "log10_colsample_bytree": -0.9760982808632185, "log10_eta": -3.9405311823269846, "log10_lambda": -3.2406733272708106, "log10_min_child_weight": 1.4756304688610766, "log10_subsample": -0.32582794642658963, "max_depth": 9.0, "num_boost_round": 4.0}, "datetime": {"datetime": "2024-01-19 01:22:10", "elapsed": 4235.059269, "delta": 0.003127}}
{"target": -17.67720916095464, "params": {"gamma": 429.7439628090741, "log10_alpha": -1.4499344056702141, "log10_colsample_bytree": -0.9760982808632185, "log10_eta": -3.9405311823269846, "log10_lambda": -3.2406733272708106, "log10_min_child_weight": 1.4756304688610766, "log10_subsample": -0.32582794642658963, "max_depth": 9.0, "num_boost_round": 5.0}, "datetime": {"datetime": "2024-01-19 01:22:10", "elapsed": 4235.062399, "delta": 0.00313}}
{"target": -17.67721119248963, "params": {"gamma": 429.7439628090741, "log10_alpha": -1.4499344056702141, "log10_colsample_bytree": -0.9760982808632185, "log10_eta": -3.9405311823269846, "log10_lambda": -3.2406733272708106, "log10_min_child_weight": 1.4756304688610766, "log10_subsample": -0.32582794642658963, "max_depth": 9.0, "num_boost_round": 6.0}, "datetime": {"datetime": "2024-01-19 01:22:10", "elapsed": 4235.065533, "delta": 0.003134}}
{"target": -17.677201412356187, "params": {"gamma": 429.7439628090741, "log10_alpha": -1.4499344056702141, "log10_colsample_bytree": -0.9760982808632185, "log10_eta": -3.9405311823269846, "log10_lambda": -3.2406733272708106, "log10_min_child_weight": 1.4756304688610766, "log10_subsample": -0.32582794642658963, "max_depth": 9.0, "num_boost_round": 7.0}, "datetime": {"datetime": "2024-01-19 01:22:10", "elapsed": 4235.068667, "delta": 0.003134}}
{"target": -17.677200994599705, "params": {"gamma": 429.7439628090741, "log10_alpha": -1.4499344056702141, "log10_colsample_bytree": -0.9760982808632185, "log10_eta": -3.9405311823269846, "log10_lambda": -3.2406733272708106, "log10_min_child_weight": 1.4756304688610766, "log10_subsample": -0.32582794642658963, "max_depth": 9.0, "num_boost_round": 8.0}, "datetime": {"datetime": "2024-01-19 01:22:10", "elapsed": 4235.071855, "delta": 0.003188}}
{"target": -17.677191476750398, "params": {"gamma": 429.7439628090741, "log10_alpha": -1.4499344056702141, "log10_colsample_bytree": -0.9760982808632185, "log10_eta": -3.9405311823269846, "log10_lambda": -3.2406733272708106, "log10_min_child_weight": 1.4756304688610766, "log10_subsample": -0.32582794642658963, "max_depth": 9.0, "num_boost_round": 9.0}, "datetime": {"datetime": "2024-01-19 01:22:10", "elapsed": 4235.07518, "delta": 0.003325}}
{"target": -17.677186232726935, "params": {"gamma": 429.7439628090741, "log10_alpha": -1.4499344056702141, "log10_colsample_bytree": -0.9760982808632185, "log10_eta": -3.9405311823269846, "log10_lambda": -3.2406733272708106, "log10_min_child_weight": 1.4756304688610766, "log10_subsample": -0.32582794642658963, "max_depth": 9.0, "num_boost_round": 10.0}, "datetime": {"datetime": "2024-01-19 01:22:10", "elapsed": 4235.078531, "delta": 0.003351}}
{"target": -17.67718266296822, "params": {"gamma": 429.7439628090741, "log10_alpha": -1.4499344056702141, "log10_colsample_bytree": -0.9760982808632185, "log10_eta": -3.9405311823269846, "log10_lambda": -3.2406733272708106, "log10_min_child_weight": 1.4756304688610766, "log10_subsample": -0.32582794642658963, "max_depth": 9.0, "num_boost_round": 11.0}, "datetime": {"datetime": "2024-01-19 01:22:10", "elapsed": 4235.081826, "delta": 0.003295}}
{"target": -17.67717742995413, "params": {"gamma": 429.7439628090741, "log10_alpha": -1.4499344056702141, "log10_colsample_bytree": -0.9760982808632185, "log10_eta": -3.9405311823269846, "log10_lambda": -3.2406733272708106, "log10_min_child_weight": 1.4756304688610766, "log10_subsample": -0.32582794642658963, "max_depth": 9.0, "num_boost_round": 12.0}, "datetime": {"datetime": "2024-01-19 01:22:10", "elapsed": 4235.085015, "delta": 0.003189}}
{"target": -17.677173488318516, "params": {"gamma": 429.7439628090741, "log10_alpha": -1.4499344056702141, "log10_colsample_bytree": -0.9760982808632185, "log10_eta": -3.9405311823269846, "log10_lambda": -3.2406733272708106, "log10_min_child_weight": 1.4756304688610766, "log10_subsample": -0.32582794642658963, "max_depth": 9.0, "num_boost_round": 13.0}, "datetime": {"datetime": "2024-01-19 01:22:10", "elapsed": 4235.088163, "delta": 0.003148}}
{"target": -17.677171032628255, "params": {"gamma": 429.7439628090741, "log10_alpha": -1.4499344056702141, "log10_colsample_bytree": -0.9760982808632185, "log10_eta": -3.9405311823269846, "log10_lambda": -3.2406733272708106, "log10_min_child_weight": 1.4756304688610766, "log10_subsample": -0.32582794642658963, "max_depth": 9.0, "num_boost_round": 14.0}, "datetime": {"datetime": "2024-01-19 01:22:10", "elapsed": 4235.091338, "delta": 0.003175}}
{"target": -17.67716449584294, "params": {"gamma": 429.7439628090741, "log10_alpha": -1.4499344056702141, "log10_colsample_bytree": -0.9760982808632185, "log10_eta": -3.9405311823269846, "log10_lambda": -3.2406733272708106, "log10_min_child_weight": 1.4756304688610766, "log10_subsample": -0.32582794642658963, "max_depth": 9.0, "num_boost_round": 15.0}, "datetime": {"datetime": "2024-01-19 01:22:10", "elapsed": 4235.094622, "delta": 0.003284}}
{"target": -17.677161300395177, "params": {"gamma": 429.7439628090741, "log10_alpha": -1.4499344056702141, "log10_colsample_bytree": -0.9760982808632185, "log10_eta": -3.9405311823269846, "log10_lambda": -3.2406733272708106, "log10_min_child_weight": 1.4756304688610766, "log10_subsample": -0.32582794642658963, "max_depth": 9.0, "num_boost_round": 16.0}, "datetime": {"datetime": "2024-01-19 01:22:10", "elapsed": 4235.097779, "delta": 0.003157}}
{"target": -17.677160218761767, "params": {"gamma": 429.7439628090741, "log10_alpha": -1.4499344056702141, "log10_colsample_bytree": -0.9760982808632185, "log10_eta": -3.9405311823269846, "log10_lambda": -3.2406733272708106, "log10_min_child_weight": 1.4756304688610766, "log10_subsample": -0.32582794642658963, "max_depth": 9.0, "num_boost_round": 17.0}, "datetime": {"datetime": "2024-01-19 01:22:10", "elapsed": 4235.100951, "delta": 0.003172}}
{"target": -17.677157817305986, "params": {"gamma": 429.7439628090741, "log10_alpha": -1.4499344056702141, "log10_colsample_bytree": -0.9760982808632185, "log10_eta": -3.9405311823269846, "log10_lambda": -3.2406733272708106, "log10_min_child_weight": 1.4756304688610766, "log10_subsample": -0.32582794642658963, "max_depth": 9.0, "num_boost_round": 18.0}, "datetime": {"datetime": "2024-01-19 01:22:10", "elapsed": 4235.104151, "delta": 0.0032}}
{"target": -17.677151788710617, "params": {"gamma": 429.7439628090741, "log10_alpha": -1.4499344056702141, "log10_colsample_bytree": -0.9760982808632185, "log10_eta": -3.9405311823269846, "log10_lambda": -3.2406733272708106, "log10_min_child_weight": 1.4756304688610766, "log10_subsample": -0.32582794642658963, "max_depth": 9.0, "num_boost_round": 19.0}, "datetime": {"datetime": "2024-01-19 01:22:10", "elapsed": 4235.107346, "delta": 0.003195}}
{"target": -17.67714979376083, "params": {"gamma": 429.7439628090741, "log10_alpha": -1.4499344056702141, "log10_colsample_bytree": -0.9760982808632185, "log10_eta": -3.9405311823269846, "log10_lambda": -3.2406733272708106, "log10_min_child_weight": 1.4756304688610766, "log10_subsample": -0.32582794642658963, "max_depth": 9.0, "num_boost_round": 20.0}, "datetime": {"datetime": "2024-01-19 01:22:10", "elapsed": 4235.110613, "delta": 0.003267}}
{"target": -17.67723142516737, "params": {"gamma": 439.80373576309273, "log10_alpha": -2.9959736298902357, "log10_colsample_bytree": -0.49596669805058013, "log10_eta": -3.785649044235388, "log10_lambda": -0.9980970165442313, "log10_min_child_weight": 3.669619443902378, "log10_subsample": -0.8770199213818843, "max_depth": 6.0, "num_boost_round": 0.0}, "datetime": {"datetime": "2024-01-19 01:23:02", "elapsed": 4287.024492, "delta": 51.913879}}
{"target": -17.677231101392266, "params": {"gamma": 439.80373576309273, "log10_alpha": -2.9959736298902357, "log10_colsample_bytree": -0.49596669805058013, "log10_eta": -3.785649044235388, "log10_lambda": -0.9980970165442313, "log10_min_child_weight": 3.669619443902378, "log10_subsample": -0.8770199213818843, "max_depth": 6.0, "num_boost_round": 1.0}, "datetime": {"datetime": "2024-01-19 01:23:02", "elapsed": 4287.028241, "delta": 0.003749}}
{"target": -17.67723383094263, "params": {"gamma": 439.80373576309273, "log10_alpha": -2.9959736298902357, "log10_colsample_bytree": -0.49596669805058013, "log10_eta": -3.785649044235388, "log10_lambda": -0.9980970165442313, "log10_min_child_weight": 3.669619443902378, "log10_subsample": -0.8770199213818843, "max_depth": 6.0, "num_boost_round": 2.0}, "datetime": {"datetime": "2024-01-19 01:23:02", "elapsed": 4287.031586, "delta": 0.003345}}
{"target": -17.677233227244066, "params": {"gamma": 439.80373576309273, "log10_alpha": -2.9959736298902357, "log10_colsample_bytree": -0.49596669805058013, "log10_eta": -3.785649044235388, "log10_lambda": -0.9980970165442313, "log10_min_child_weight": 3.669619443902378, "log10_subsample": -0.8770199213818843, "max_depth": 6.0, "num_boost_round": 3.0}, "datetime": {"datetime": "2024-01-19 01:23:02", "elapsed": 4287.03487, "delta": 0.003284}}
{"target": -17.67723009650774, "params": {"gamma": 439.80373576309273, "log10_alpha": -2.9959736298902357, "log10_colsample_bytree": -0.49596669805058013, "log10_eta": -3.785649044235388, "log10_lambda": -0.9980970165442313, "log10_min_child_weight": 3.669619443902378, "log10_subsample": -0.8770199213818843, "max_depth": 6.0, "num_boost_round": 4.0}, "datetime": {"datetime": "2024-01-19 01:23:02", "elapsed": 4287.038034, "delta": 0.003164}}
{"target": -17.677230577692825, "params": {"gamma": 439.80373576309273, "log10_alpha": -2.9959736298902357, "log10_colsample_bytree": -0.49596669805058013, "log10_eta": -3.785649044235388, "log10_lambda": -0.9980970165442313, "log10_min_child_weight": 3.669619443902378, "log10_subsample": -0.8770199213818843, "max_depth": 6.0, "num_boost_round": 5.0}, "datetime": {"datetime": "2024-01-19 01:23:02", "elapsed": 4287.041196, "delta": 0.003162}}
{"target": -17.67723076171107, "params": {"gamma": 439.80373576309273, "log10_alpha": -2.9959736298902357, "log10_colsample_bytree": -0.49596669805058013, "log10_eta": -3.785649044235388, "log10_lambda": -0.9980970165442313, "log10_min_child_weight": 3.669619443902378, "log10_subsample": -0.8770199213818843, "max_depth": 6.0, "num_boost_round": 6.0}, "datetime": {"datetime": "2024-01-19 01:23:02", "elapsed": 4287.044351, "delta": 0.003155}}
{"target": -17.677232018785066, "params": {"gamma": 439.80373576309273, "log10_alpha": -2.9959736298902357, "log10_colsample_bytree": -0.49596669805058013, "log10_eta": -3.785649044235388, "log10_lambda": -0.9980970165442313, "log10_min_child_weight": 3.669619443902378, "log10_subsample": -0.8770199213818843, "max_depth": 6.0, "num_boost_round": 7.0}, "datetime": {"datetime": "2024-01-19 01:23:02", "elapsed": 4287.047517, "delta": 0.003166}}
{"target": -17.67723172307252, "params": {"gamma": 439.80373576309273, "log10_alpha": -2.9959736298902357, "log10_colsample_bytree": -0.49596669805058013, "log10_eta": -3.785649044235388, "log10_lambda": -0.9980970165442313, "log10_min_child_weight": 3.669619443902378, "log10_subsample": -0.8770199213818843, "max_depth": 6.0, "num_boost_round": 8.0}, "datetime": {"datetime": "2024-01-19 01:23:02", "elapsed": 4287.050749, "delta": 0.003232}}
{"target": -17.677229021030442, "params": {"gamma": 439.80373576309273, "log10_alpha": -2.9959736298902357, "log10_colsample_bytree": -0.49596669805058013, "log10_eta": -3.785649044235388, "log10_lambda": -0.9980970165442313, "log10_min_child_weight": 3.669619443902378, "log10_subsample": -0.8770199213818843, "max_depth": 6.0, "num_boost_round": 9.0}, "datetime": {"datetime": "2024-01-19 01:23:02", "elapsed": 4287.054013, "delta": 0.003264}}
{"target": -17.6772291832799, "params": {"gamma": 439.80373576309273, "log10_alpha": -2.9959736298902357, "log10_colsample_bytree": -0.49596669805058013, "log10_eta": -3.785649044235388, "log10_lambda": -0.9980970165442313, "log10_min_child_weight": 3.669619443902378, "log10_subsample": -0.8770199213818843, "max_depth": 6.0, "num_boost_round": 10.0}, "datetime": {"datetime": "2024-01-19 01:23:02", "elapsed": 4287.057166, "delta": 0.003153}}
{"target": -17.677225912942625, "params": {"gamma": 439.80373576309273, "log10_alpha": -2.9959736298902357, "log10_colsample_bytree": -0.49596669805058013, "log10_eta": -3.785649044235388, "log10_lambda": -0.9980970165442313, "log10_min_child_weight": 3.669619443902378, "log10_subsample": -0.8770199213818843, "max_depth": 6.0, "num_boost_round": 11.0}, "datetime": {"datetime": "2024-01-19 01:23:02", "elapsed": 4287.060332, "delta": 0.003166}}
{"target": -17.677228128135585, "params": {"gamma": 439.80373576309273, "log10_alpha": -2.9959736298902357, "log10_colsample_bytree": -0.49596669805058013, "log10_eta": -3.785649044235388, "log10_lambda": -0.9980970165442313, "log10_min_child_weight": 3.669619443902378, "log10_subsample": -0.8770199213818843, "max_depth": 6.0, "num_boost_round": 12.0}, "datetime": {"datetime": "2024-01-19 01:23:02", "elapsed": 4287.063494, "delta": 0.003162}}
{"target": -17.677227486743444, "params": {"gamma": 439.80373576309273, "log10_alpha": -2.9959736298902357, "log10_colsample_bytree": -0.49596669805058013, "log10_eta": -3.785649044235388, "log10_lambda": -0.9980970165442313, "log10_min_child_weight": 3.669619443902378, "log10_subsample": -0.8770199213818843, "max_depth": 6.0, "num_boost_round": 13.0}, "datetime": {"datetime": "2024-01-19 01:23:02", "elapsed": 4287.066656, "delta": 0.003162}}
{"target": -17.677227379118168, "params": {"gamma": 439.80373576309273, "log10_alpha": -2.9959736298902357, "log10_colsample_bytree": -0.49596669805058013, "log10_eta": -3.785649044235388, "log10_lambda": -0.9980970165442313, "log10_min_child_weight": 3.669619443902378, "log10_subsample": -0.8770199213818843, "max_depth": 6.0, "num_boost_round": 14.0}, "datetime": {"datetime": "2024-01-19 01:23:02", "elapsed": 4287.069813, "delta": 0.003157}}
{"target": -17.67722636725768, "params": {"gamma": 439.80373576309273, "log10_alpha": -2.9959736298902357, "log10_colsample_bytree": -0.49596669805058013, "log10_eta": -3.785649044235388, "log10_lambda": -0.9980970165442313, "log10_min_child_weight": 3.669619443902378, "log10_subsample": -0.8770199213818843, "max_depth": 6.0, "num_boost_round": 15.0}, "datetime": {"datetime": "2024-01-19 01:23:02", "elapsed": 4287.073234, "delta": 0.003421}}
{"target": -17.677226938502052, "params": {"gamma": 439.80373576309273, "log10_alpha": -2.9959736298902357, "log10_colsample_bytree": -0.49596669805058013, "log10_eta": -3.785649044235388, "log10_lambda": -0.9980970165442313, "log10_min_child_weight": 3.669619443902378, "log10_subsample": -0.8770199213818843, "max_depth": 6.0, "num_boost_round": 16.0}, "datetime": {"datetime": "2024-01-19 01:23:02", "elapsed": 4287.076496, "delta": 0.003262}}
{"target": -17.677227203912864, "params": {"gamma": 439.80373576309273, "log10_alpha": -2.9959736298902357, "log10_colsample_bytree": -0.49596669805058013, "log10_eta": -3.785649044235388, "log10_lambda": -0.9980970165442313, "log10_min_child_weight": 3.669619443902378, "log10_subsample": -0.8770199213818843, "max_depth": 6.0, "num_boost_round": 17.0}, "datetime": {"datetime": "2024-01-19 01:23:02", "elapsed": 4287.079851, "delta": 0.003355}}
{"target": -17.677225937558372, "params": {"gamma": 439.80373576309273, "log10_alpha": -2.9959736298902357, "log10_colsample_bytree": -0.49596669805058013, "log10_eta": -3.785649044235388, "log10_lambda": -0.9980970165442313, "log10_min_child_weight": 3.669619443902378, "log10_subsample": -0.8770199213818843, "max_depth": 6.0, "num_boost_round": 18.0}, "datetime": {"datetime": "2024-01-19 01:23:02", "elapsed": 4287.082999, "delta": 0.003148}}
