{"target": -13.758477645997253, "params": {"gamma": 572.5243095016599, "log10_alpha": -3.8579501630757695, "log10_colsample_bytree": -0.7688019329003055, "log10_eta": -3.972010771240925, "log10_lambda": 0.07780518067918063, "log10_min_child_weight": 0.31808255954313247, "log10_subsample": -0.2691299648865463, "max_depth": 9.0, "num_boost_round": 16.0}, "datetime": {"datetime": "2024-01-19 01:06:04", "elapsed": 3296.691829, "delta": 0.003565}}
{"target": -13.75846940121126, "params": {"gamma": 572.5243095016599, "log10_alpha": -3.8579501630757695, "log10_colsample_bytree": -0.7688019329003055, "log10_eta": -3.972010771240925, "log10_lambda": 0.07780518067918063, "log10_min_child_weight": 0.31808255954313247, "log10_subsample": -0.2691299648865463, "max_depth": 9.0, "num_boost_round": 17.0}, "datetime": {"datetime": "2024-01-19 01:06:04", "elapsed": 3296.695479, "delta": 0.00365}}
{"target": -13.758466710848154, "params": {"gamma": 572.5243095016599, "log10_alpha": -3.8579501630757695, "log10_colsample_bytree": -0.7688019329003055, "log10_eta": -3.972010771240925, "log10_lambda": 0.07780518067918063, "log10_min_child_weight": 0.31808255954313247, "log10_subsample": -0.2691299648865463, "max_depth": 9.0, "num_boost_round": 18.0}, "datetime": {"datetime": "2024-01-19 01:06:04", "elapsed": 3296.699056, "delta": 0.003577}}
{"target": -13.758466741791999, "params": {"gamma": 572.5243095016599, "log10_alpha": -3.8579501630757695, "log10_colsample_bytree": -0.7688019329003055, "log10_eta": -3.972010771240925, "log10_lambda": 0.07780518067918063, "log10_min_child_weight": 0.31808255954313247, "log10_subsample": -0.2691299648865463, "max_depth": 9.0, "num_boost_round": 19.0}, "datetime": {"datetime": "2024-01-19 01:06:04", "elapsed": 3296.702685, "delta": 0.003629}}
{"target": -13.75846060972488, "params": {"gamma": 572.5243095016599, "log10_alpha": -3.8579501630757695, "log10_colsample_bytree": -0.7688019329003055, "log10_eta": -3.972010771240925, "log10_lambda": 0.07780518067918063, "log10_min_child_weight": 0.31808255954313247, "log10_subsample": -0.2691299648865463, "max_depth": 9.0, "num_boost_round": 20.0}, "datetime": {"datetime": "2024-01-19 01:06:04", "elapsed": 3296.706317, "delta": 0.003632}}
{"target": -13.75846495091925, "params": {"gamma": 572.5243095016599, "log10_alpha": -3.8579501630757695, "log10_colsample_bytree": -0.7688019329003055, "log10_eta": -3.972010771240925, "log10_lambda": 0.07780518067918063, "log10_min_child_weight": 0.31808255954313247, "log10_subsample": -0.2691299648865463, "max_depth": 9.0, "num_boost_round": 21.0}, "datetime": {"datetime": "2024-01-19 01:06:04", "elapsed": 3296.709895, "delta": 0.003578}}
{"target": -13.758460543764837, "params": {"gamma": 572.5243095016599, "log10_alpha": -3.8579501630757695, "log10_colsample_bytree": -0.7688019329003055, "log10_eta": -3.972010771240925, "log10_lambda": 0.07780518067918063, "log10_min_child_weight": 0.31808255954313247, "log10_subsample": -0.2691299648865463, "max_depth": 9.0, "num_boost_round": 22.0}, "datetime": {"datetime": "2024-01-19 01:06:04", "elapsed": 3296.71354, "delta": 0.003645}}
{"target": -13.75845408920282, "params": {"gamma": 572.5243095016599, "log10_alpha": -3.8579501630757695, "log10_colsample_bytree": -0.7688019329003055, "log10_eta": -3.972010771240925, "log10_lambda": 0.07780518067918063, "log10_min_child_weight": 0.31808255954313247, "log10_subsample": -0.2691299648865463, "max_depth": 9.0, "num_boost_round": 23.0}, "datetime": {"datetime": "2024-01-19 01:06:04", "elapsed": 3296.717108, "delta": 0.003568}}
{"target": -13.75844780002589, "params": {"gamma": 572.5243095016599, "log10_alpha": -3.8579501630757695, "log10_colsample_bytree": -0.7688019329003055, "log10_eta": -3.972010771240925, "log10_lambda": 0.07780518067918063, "log10_min_child_weight": 0.31808255954313247, "log10_subsample": -0.2691299648865463, "max_depth": 9.0, "num_boost_round": 24.0}, "datetime": {"datetime": "2024-01-19 01:06:04", "elapsed": 3296.720663, "delta": 0.003555}}
{"target": -13.758443516412667, "params": {"gamma": 572.5243095016599, "log10_alpha": -3.8579501630757695, "log10_colsample_bytree": -0.7688019329003055, "log10_eta": -3.972010771240925, "log10_lambda": 0.07780518067918063, "log10_min_child_weight": 0.31808255954313247, "log10_subsample": -0.2691299648865463, "max_depth": 9.0, "num_boost_round": 25.0}, "datetime": {"datetime": "2024-01-19 01:06:04", "elapsed": 3296.724288, "delta": 0.003625}}
{"target": -13.758441826797279, "params": {"gamma": 572.5243095016599, "log10_alpha": -3.8579501630757695, "log10_colsample_bytree": -0.7688019329003055, "log10_eta": -3.972010771240925, "log10_lambda": 0.07780518067918063, "log10_min_child_weight": 0.31808255954313247, "log10_subsample": -0.2691299648865463, "max_depth": 9.0, "num_boost_round": 26.0}, "datetime": {"datetime": "2024-01-19 01:06:04", "elapsed": 3296.727938, "delta": 0.00365}}
{"target": -13.758435799590416, "params": {"gamma": 572.5243095016599, "log10_alpha": -3.8579501630757695, "log10_colsample_bytree": -0.7688019329003055, "log10_eta": -3.972010771240925, "log10_lambda": 0.07780518067918063, "log10_min_child_weight": 0.31808255954313247, "log10_subsample": -0.2691299648865463, "max_depth": 9.0, "num_boost_round": 27.0}, "datetime": {"datetime": "2024-01-19 01:06:04", "elapsed": 3296.731523, "delta": 0.003585}}
{"target": -13.758427799621783, "params": {"gamma": 572.5243095016599, "log10_alpha": -3.8579501630757695, "log10_colsample_bytree": -0.7688019329003055, "log10_eta": -3.972010771240925, "log10_lambda": 0.07780518067918063, "log10_min_child_weight": 0.31808255954313247, "log10_subsample": -0.2691299648865463, "max_depth": 9.0, "num_boost_round": 28.0}, "datetime": {"datetime": "2024-01-19 01:06:04", "elapsed": 3296.735058, "delta": 0.003535}}
{"target": -13.758421520000487, "params": {"gamma": 572.5243095016599, "log10_alpha": -3.8579501630757695, "log10_colsample_bytree": -0.7688019329003055, "log10_eta": -3.972010771240925, "log10_lambda": 0.07780518067918063, "log10_min_child_weight": 0.31808255954313247, "log10_subsample": -0.2691299648865463, "max_depth": 9.0, "num_boost_round": 29.0}, "datetime": {"datetime": "2024-01-19 01:06:04", "elapsed": 3296.738672, "delta": 0.003614}}
{"target": -13.758419193326585, "params": {"gamma": 572.5243095016599, "log10_alpha": -3.8579501630757695, "log10_colsample_bytree": -0.7688019329003055, "log10_eta": -3.972010771240925, "log10_lambda": 0.07780518067918063, "log10_min_child_weight": 0.31808255954313247, "log10_subsample": -0.2691299648865463, "max_depth": 9.0, "num_boost_round": 30.0}, "datetime": {"datetime": "2024-01-19 01:06:04", "elapsed": 3296.742272, "delta": 0.0036}}
{"target": -13.75841426419291, "params": {"gamma": 572.5243095016599, "log10_alpha": -3.8579501630757695, "log10_colsample_bytree": -0.7688019329003055, "log10_eta": -3.972010771240925, "log10_lambda": 0.07780518067918063, "log10_min_child_weight": 0.31808255954313247, "log10_subsample": -0.2691299648865463, "max_depth": 9.0, "num_boost_round": 31.0}, "datetime": {"datetime": "2024-01-19 01:06:04", "elapsed": 3296.746013, "delta": 0.003741}}
{"target": -13.758405103628972, "params": {"gamma": 572.5243095016599, "log10_alpha": -3.8579501630757695, "log10_colsample_bytree": -0.7688019329003055, "log10_eta": -3.972010771240925, "log10_lambda": 0.07780518067918063, "log10_min_child_weight": 0.31808255954313247, "log10_subsample": -0.2691299648865463, "max_depth": 9.0, "num_boost_round": 32.0}, "datetime": {"datetime": "2024-01-19 01:06:04", "elapsed": 3296.749708, "delta": 0.003695}}
{"target": -13.75840171133998, "params": {"gamma": 572.5243095016599, "log10_alpha": -3.8579501630757695, "log10_colsample_bytree": -0.7688019329003055, "log10_eta": -3.972010771240925, "log10_lambda": 0.07780518067918063, "log10_min_child_weight": 0.31808255954313247, "log10_subsample": -0.2691299648865463, "max_depth": 9.0, "num_boost_round": 33.0}, "datetime": {"datetime": "2024-01-19 01:06:04", "elapsed": 3296.753539, "delta": 0.003831}}
{"target": -13.758398326627136, "params": {"gamma": 572.5243095016599, "log10_alpha": -3.8579501630757695, "log10_colsample_bytree": -0.7688019329003055, "log10_eta": -3.972010771240925, "log10_lambda": 0.07780518067918063, "log10_min_child_weight": 0.31808255954313247, "log10_subsample": -0.2691299648865463, "max_depth": 9.0, "num_boost_round": 34.0}, "datetime": {"datetime": "2024-01-19 01:06:04", "elapsed": 3296.757318, "delta": 0.003779}}
{"target": -13.758392206024066, "params": {"gamma": 572.5243095016599, "log10_alpha": -3.8579501630757695, "log10_colsample_bytree": -0.7688019329003055, "log10_eta": -3.972010771240925, "log10_lambda": 0.07780518067918063, "log10_min_child_weight": 0.31808255954313247, "log10_subsample": -0.2691299648865463, "max_depth": 9.0, "num_boost_round": 35.0}, "datetime": {"datetime": "2024-01-19 01:06:04", "elapsed": 3296.760917, "delta": 0.003599}}
{"target": -13.75839351402044, "params": {"gamma": 572.5243095016599, "log10_alpha": -3.8579501630757695, "log10_colsample_bytree": -0.7688019329003055, "log10_eta": -3.972010771240925, "log10_lambda": 0.07780518067918063, "log10_min_child_weight": 0.31808255954313247, "log10_subsample": -0.2691299648865463, "max_depth": 9.0, "num_boost_round": 36.0}, "datetime": {"datetime": "2024-01-19 01:06:04", "elapsed": 3296.764605, "delta": 0.003688}}
{"target": -13.758388160578392, "params": {"gamma": 572.5243095016599, "log10_alpha": -3.8579501630757695, "log10_colsample_bytree": -0.7688019329003055, "log10_eta": -3.972010771240925, "log10_lambda": 0.07780518067918063, "log10_min_child_weight": 0.31808255954313247, "log10_subsample": -0.2691299648865463, "max_depth": 9.0, "num_boost_round": 37.0}, "datetime": {"datetime": "2024-01-19 01:06:04", "elapsed": 3296.768285, "delta": 0.00368}}
{"target": -13.758387450873371, "params": {"gamma": 572.5243095016599, "log10_alpha": -3.8579501630757695, "log10_colsample_bytree": -0.7688019329003055, "log10_eta": -3.972010771240925, "log10_lambda": 0.07780518067918063, "log10_min_child_weight": 0.31808255954313247, "log10_subsample": -0.2691299648865463, "max_depth": 9.0, "num_boost_round": 38.0}, "datetime": {"datetime": "2024-01-19 01:06:04", "elapsed": 3296.771881, "delta": 0.003596}}
{"target": -13.758387000707911, "params": {"gamma": 572.5243095016599, "log10_alpha": -3.8579501630757695, "log10_colsample_bytree": -0.7688019329003055, "log10_eta": -3.972010771240925, "log10_lambda": 0.07780518067918063, "log10_min_child_weight": 0.31808255954313247, "log10_subsample": -0.2691299648865463, "max_depth": 9.0, "num_boost_round": 39.0}, "datetime": {"datetime": "2024-01-19 01:06:04", "elapsed": 3296.775474, "delta": 0.003593}}
{"target": -13.758386309932499, "params": {"gamma": 572.5243095016599, "log10_alpha": -3.8579501630757695, "log10_colsample_bytree": -0.7688019329003055, "log10_eta": -3.972010771240925, "log10_lambda": 0.07780518067918063, "log10_min_child_weight": 0.31808255954313247, "log10_subsample": -0.2691299648865463, "max_depth": 9.0, "num_boost_round": 40.0}, "datetime": {"datetime": "2024-01-19 01:06:04", "elapsed": 3296.779048, "delta": 0.003574}}
{"target": -13.758388082941009, "params": {"gamma": 572.5243095016599, "log10_alpha": -3.8579501630757695, "log10_colsample_bytree": -0.7688019329003055, "log10_eta": -3.972010771240925, "log10_lambda": 0.07780518067918063, "log10_min_child_weight": 0.31808255954313247, "log10_subsample": -0.2691299648865463, "max_depth": 9.0, "num_boost_round": 41.0}, "datetime": {"datetime": "2024-01-19 01:06:04", "elapsed": 3296.782774, "delta": 0.003726}}
{"target": -13.758378116936667, "params": {"gamma": 572.5243095016599, "log10_alpha": -3.8579501630757695, "log10_colsample_bytree": -0.7688019329003055, "log10_eta": -3.972010771240925, "log10_lambda": 0.07780518067918063, "log10_min_child_weight": 0.31808255954313247, "log10_subsample": -0.2691299648865463, "max_depth": 9.0, "num_boost_round": 42.0}, "datetime": {"datetime": "2024-01-19 01:06:04", "elapsed": 3296.786438, "delta": 0.003664}}
{"target": -13.75808057150613, "params": {"gamma": 555.2727388818874, "log10_alpha": 0.8206022580393926, "log10_colsample_bytree": -0.446237596065859, "log10_eta": -0.7427962215279713, "log10_lambda": 0.6677838431184684, "log10_min_child_weight": 4.795589735403776, "log10_subsample": -0.19402060895043338, "max_depth": 7.0, "num_boost_round": 0.0}, "datetime": {"datetime": "2024-01-19 01:06:47", "elapsed": 3338.988094, "delta": 42.201656}}
{"target": -13.758876337716913, "params": {"gamma": 555.2727388818874, "log10_alpha": 0.8206022580393926, "log10_colsample_bytree": -0.446237596065859, "log10_eta": -0.7427962215279713, "log10_lambda": 0.6677838431184684, "log10_min_child_weight": 4.795589735403776, "log10_subsample": -0.19402060895043338, "max_depth": 7.0, "num_boost_round": 1.0}, "datetime": {"datetime": "2024-01-19 01:06:47", "elapsed": 3338.992495, "delta": 0.004401}}
{"target": -13.760059973726921, "params": {"gamma": 555.2727388818874, "log10_alpha": 0.8206022580393926, "log10_colsample_bytree": -0.446237596065859, "log10_eta": -0.7427962215279713, "log10_lambda": 0.6677838431184684, "log10_min_child_weight": 4.795589735403776, "log10_subsample": -0.19402060895043338, "max_depth": 7.0, "num_boost_round": 2.0}, "datetime": {"datetime": "2024-01-19 01:06:47", "elapsed": 3338.996166, "delta": 0.003671}}
{"target": -13.76129884144422, "params": {"gamma": 555.2727388818874, "log10_alpha": 0.8206022580393926, "log10_colsample_bytree": -0.446237596065859, "log10_eta": -0.7427962215279713, "log10_lambda": 0.6677838431184684, "log10_min_child_weight": 4.795589735403776, "log10_subsample": -0.19402060895043338, "max_depth": 7.0, "num_boost_round": 3.0}, "datetime": {"datetime": "2024-01-19 01:06:47", "elapsed": 3338.999731, "delta": 0.003565}}
{"target": -13.762855978224216, "params": {"gamma": 555.2727388818874, "log10_alpha": 0.8206022580393926, "log10_colsample_bytree": -0.446237596065859, "log10_eta": -0.7427962215279713, "log10_lambda": 0.6677838431184684, "log10_min_child_weight": 4.795589735403776, "log10_subsample": -0.19402060895043338, "max_depth": 7.0, "num_boost_round": 4.0}, "datetime": {"datetime": "2024-01-19 01:06:47", "elapsed": 3339.003463, "delta": 0.003732}}
{"target": -13.763231649984998, "params": {"gamma": 555.2727388818874, "log10_alpha": 0.8206022580393926, "log10_colsample_bytree": -0.446237596065859, "log10_eta": -0.7427962215279713, "log10_lambda": 0.6677838431184684, "log10_min_child_weight": 4.795589735403776, "log10_subsample": -0.19402060895043338, "max_depth": 7.0, "num_boost_round": 5.0}, "datetime": {"datetime": "2024-01-19 01:06:47", "elapsed": 3339.007126, "delta": 0.003663}}
{"target": -13.764442402865319, "params": {"gamma": 555.2727388818874, "log10_alpha": 0.8206022580393926, "log10_colsample_bytree": -0.446237596065859, "log10_eta": -0.7427962215279713, "log10_lambda": 0.6677838431184684, "log10_min_child_weight": 4.795589735403776, "log10_subsample": -0.19402060895043338, "max_depth": 7.0, "num_boost_round": 6.0}, "datetime": {"datetime": "2024-01-19 01:06:47", "elapsed": 3339.010651, "delta": 0.003525}}
{"target": -13.766240124639692, "params": {"gamma": 555.2727388818874, "log10_alpha": 0.8206022580393926, "log10_colsample_bytree": -0.446237596065859, "log10_eta": -0.7427962215279713, "log10_lambda": 0.6677838431184684, "log10_min_child_weight": 4.795589735403776, "log10_subsample": -0.19402060895043338, "max_depth": 7.0, "num_boost_round": 7.0}, "datetime": {"datetime": "2024-01-19 01:06:47", "elapsed": 3339.014175, "delta": 0.003524}}
{"target": -13.766747499771714, "params": {"gamma": 555.2727388818874, "log10_alpha": 0.8206022580393926, "log10_colsample_bytree": -0.446237596065859, "log10_eta": -0.7427962215279713, "log10_lambda": 0.6677838431184684, "log10_min_child_weight": 4.795589735403776, "log10_subsample": -0.19402060895043338, "max_depth": 7.0, "num_boost_round": 8.0}, "datetime": {"datetime": "2024-01-19 01:06:47", "elapsed": 3339.017696, "delta": 0.003521}}
{"target": -13.767461639339487, "params": {"gamma": 555.2727388818874, "log10_alpha": 0.8206022580393926, "log10_colsample_bytree": -0.446237596065859, "log10_eta": -0.7427962215279713, "log10_lambda": 0.6677838431184684, "log10_min_child_weight": 4.795589735403776, "log10_subsample": -0.19402060895043338, "max_depth": 7.0, "num_boost_round": 9.0}, "datetime": {"datetime": "2024-01-19 01:06:47", "elapsed": 3339.021317, "delta": 0.003621}}
{"target": -13.768823994390678, "params": {"gamma": 555.2727388818874, "log10_alpha": 0.8206022580393926, "log10_colsample_bytree": -0.446237596065859, "log10_eta": -0.7427962215279713, "log10_lambda": 0.6677838431184684, "log10_min_child_weight": 4.795589735403776, "log10_subsample": -0.19402060895043338, "max_depth": 7.0, "num_boost_round": 10.0}, "datetime": {"datetime": "2024-01-19 01:06:47", "elapsed": 3339.024972, "delta": 0.003655}}
{"target": -13.771642152413959, "params": {"gamma": 555.2727388818874, "log10_alpha": 0.8206022580393926, "log10_colsample_bytree": -0.446237596065859, "log10_eta": -0.7427962215279713, "log10_lambda": 0.6677838431184684, "log10_min_child_weight": 4.795589735403776, "log10_subsample": -0.19402060895043338, "max_depth": 7.0, "num_boost_round": 11.0}, "datetime": {"datetime": "2024-01-19 01:06:47", "elapsed": 3339.028693, "delta": 0.003721}}
{"target": -13.772089400382852, "params": {"gamma": 555.2727388818874, "log10_alpha": 0.8206022580393926, "log10_colsample_bytree": -0.446237596065859, "log10_eta": -0.7427962215279713, "log10_lambda": 0.6677838431184684, "log10_min_child_weight": 4.795589735403776, "log10_subsample": -0.19402060895043338, "max_depth": 7.0, "num_boost_round": 12.0}, "datetime": {"datetime": "2024-01-19 01:06:47", "elapsed": 3339.032259, "delta": 0.003566}}
{"target": -13.77439400775683, "params": {"gamma": 555.2727388818874, "log10_alpha": 0.8206022580393926, "log10_colsample_bytree": -0.446237596065859, "log10_eta": -0.7427962215279713, "log10_lambda": 0.6677838431184684, "log10_min_child_weight": 4.795589735403776, "log10_subsample": -0.19402060895043338, "max_depth": 7.0, "num_boost_round": 13.0}, "datetime": {"datetime": "2024-01-19 01:06:47", "elapsed": 3339.035828, "delta": 0.003569}}
{"target": -13.775378170105645, "params": {"gamma": 555.2727388818874, "log10_alpha": 0.8206022580393926, "log10_colsample_bytree": -0.446237596065859, "log10_eta": -0.7427962215279713, "log10_lambda": 0.6677838431184684, "log10_min_child_weight": 4.795589735403776, "log10_subsample": -0.19402060895043338, "max_depth": 7.0, "num_boost_round": 14.0}, "datetime": {"datetime": "2024-01-19 01:06:47", "elapsed": 3339.039371, "delta": 0.003543}}
{"target": -13.775360328423995, "params": {"gamma": 555.2727388818874, "log10_alpha": 0.8206022580393926, "log10_colsample_bytree": -0.446237596065859, "log10_eta": -0.7427962215279713, "log10_lambda": 0.6677838431184684, "log10_min_child_weight": 4.795589735403776, "log10_subsample": -0.19402060895043338, "max_depth": 7.0, "num_boost_round": 15.0}, "datetime": {"datetime": "2024-01-19 01:06:47", "elapsed": 3339.04309, "delta": 0.003719}}
{"target": -13.775876971418967, "params": {"gamma": 555.2727388818874, "log10_alpha": 0.8206022580393926, "log10_colsample_bytree": -0.446237596065859, "log10_eta": -0.7427962215279713, "log10_lambda": 0.6677838431184684, "log10_min_child_weight": 4.795589735403776, "log10_subsample": -0.19402060895043338, "max_depth": 7.0, "num_boost_round": 16.0}, "datetime": {"datetime": "2024-01-19 01:06:47", "elapsed": 3339.046897, "delta": 0.003807}}
{"target": -13.774867935496948, "params": {"gamma": 555.2727388818874, "log10_alpha": 0.8206022580393926, "log10_colsample_bytree": -0.446237596065859, "log10_eta": -0.7427962215279713, "log10_lambda": 0.6677838431184684, "log10_min_child_weight": 4.795589735403776, "log10_subsample": -0.19402060895043338, "max_depth": 7.0, "num_boost_round": 17.0}, "datetime": {"datetime": "2024-01-19 01:06:47", "elapsed": 3339.050608, "delta": 0.003711}}
{"target": -13.77600437067419, "params": {"gamma": 555.2727388818874, "log10_alpha": 0.8206022580393926, "log10_colsample_bytree": -0.446237596065859, "log10_eta": -0.7427962215279713, "log10_lambda": 0.6677838431184684, "log10_min_child_weight": 4.795589735403776, "log10_subsample": -0.19402060895043338, "max_depth": 7.0, "num_boost_round": 18.0}, "datetime": {"datetime": "2024-01-19 01:06:47", "elapsed": 3339.05433, "delta": 0.003722}}
{"target": -13.777423806477394, "params": {"gamma": 555.2727388818874, "log10_alpha": 0.8206022580393926, "log10_colsample_bytree": -0.446237596065859, "log10_eta": -0.7427962215279713, "log10_lambda": 0.6677838431184684, "log10_min_child_weight": 4.795589735403776, "log10_subsample": -0.19402060895043338, "max_depth": 7.0, "num_boost_round": 19.0}, "datetime": {"datetime": "2024-01-19 01:06:47", "elapsed": 3339.057948, "delta": 0.003618}}
{"target": -13.777576087812543, "params": {"gamma": 555.2727388818874, "log10_alpha": 0.8206022580393926, "log10_colsample_bytree": -0.446237596065859, "log10_eta": -0.7427962215279713, "log10_lambda": 0.6677838431184684, "log10_min_child_weight": 4.795589735403776, "log10_subsample": -0.19402060895043338, "max_depth": 7.0, "num_boost_round": 20.0}, "datetime": {"datetime": "2024-01-19 01:06:47", "elapsed": 3339.061501, "delta": 0.003553}}
{"target": -13.776847839774776, "params": {"gamma": 555.2727388818874, "log10_alpha": 0.8206022580393926, "log10_colsample_bytree": -0.446237596065859, "log10_eta": -0.7427962215279713, "log10_lambda": 0.6677838431184684, "log10_min_child_weight": 4.795589735403776, "log10_subsample": -0.19402060895043338, "max_depth": 7.0, "num_boost_round": 21.0}, "datetime": {"datetime": "2024-01-19 01:06:47", "elapsed": 3339.065322, "delta": 0.003821}}
