{"target": -13.758075922722576, "params": {"gamma": 890.7015775801104, "log10_alpha": -3.187732400578867, "log10_colsample_bytree": -0.8193462048693988, "log10_eta": -3.6658579400803886, "log10_lambda": -4.787583175959413, "log10_min_child_weight": 0.4949498537355129, "log10_subsample": -0.9027288846066772, "max_depth": 9.0, "num_boost_round": 62.0}, "datetime": {"datetime": "2024-01-19 00:23:57", "elapsed": 741.462109, "delta": 0.001653}}
{"target": -13.75806135385634, "params": {"gamma": 890.7015775801104, "log10_alpha": -3.187732400578867, "log10_colsample_bytree": -0.8193462048693988, "log10_eta": -3.6658579400803886, "log10_lambda": -4.787583175959413, "log10_min_child_weight": 0.4949498537355129, "log10_subsample": -0.9027288846066772, "max_depth": 9.0, "num_boost_round": 63.0}, "datetime": {"datetime": "2024-01-19 00:23:57", "elapsed": 741.463636, "delta": 0.001527}}
{"target": -13.758056812980405, "params": {"gamma": 890.7015775801104, "log10_alpha": -3.187732400578867, "log10_colsample_bytree": -0.8193462048693988, "log10_eta": -3.6658579400803886, "log10_lambda": -4.787583175959413, "log10_min_child_weight": 0.4949498537355129, "log10_subsample": -0.9027288846066772, "max_depth": 9.0, "num_boost_round": 64.0}, "datetime": {"datetime": "2024-01-19 00:23:57", "elapsed": 741.465213, "delta": 0.001577}}
{"target": -13.758539630163256, "params": {"gamma": 886.0405913549124, "log10_alpha": -0.8338947080547099, "log10_colsample_bytree": -0.9019453572932711, "log10_eta": -2.6823621356851355, "log10_lambda": -4.4360729541344845, "log10_min_child_weight": 4.986049901502807, "log10_subsample": -0.23214899607581652, "max_depth": 7.0, "num_boost_round": 0.0}, "datetime": {"datetime": "2024-01-19 00:24:26", "elapsed": 771.175143, "delta": 29.70993}}
{"target": -13.758523291338705, "params": {"gamma": 886.0405913549124, "log10_alpha": -0.8338947080547099, "log10_colsample_bytree": -0.9019453572932711, "log10_eta": -2.6823621356851355, "log10_lambda": -4.4360729541344845, "log10_min_child_weight": 4.986049901502807, "log10_subsample": -0.23214899607581652, "max_depth": 7.0, "num_boost_round": 1.0}, "datetime": {"datetime": "2024-01-19 00:24:26", "elapsed": 771.180513, "delta": 0.00537}}
{"target": -13.758527284612706, "params": {"gamma": 886.0405913549124, "log10_alpha": -0.8338947080547099, "log10_colsample_bytree": -0.9019453572932711, "log10_eta": -2.6823621356851355, "log10_lambda": -4.4360729541344845, "log10_min_child_weight": 4.986049901502807, "log10_subsample": -0.23214899607581652, "max_depth": 7.0, "num_boost_round": 2.0}, "datetime": {"datetime": "2024-01-19 00:24:26", "elapsed": 771.182482, "delta": 0.001969}}
{"target": -13.75852432067302, "params": {"gamma": 886.0405913549124, "log10_alpha": -0.8338947080547099, "log10_colsample_bytree": -0.9019453572932711, "log10_eta": -2.6823621356851355, "log10_lambda": -4.4360729541344845, "log10_min_child_weight": 4.986049901502807, "log10_subsample": -0.23214899607581652, "max_depth": 7.0, "num_boost_round": 3.0}, "datetime": {"datetime": "2024-01-19 00:24:26", "elapsed": 771.183953, "delta": 0.001471}}
{"target": -13.758522654872417, "params": {"gamma": 886.0405913549124, "log10_alpha": -0.8338947080547099, "log10_colsample_bytree": -0.9019453572932711, "log10_eta": -2.6823621356851355, "log10_lambda": -4.4360729541344845, "log10_min_child_weight": 4.986049901502807, "log10_subsample": -0.23214899607581652, "max_depth": 7.0, "num_boost_round": 4.0}, "datetime": {"datetime": "2024-01-19 00:24:26", "elapsed": 771.185381, "delta": 0.001428}}
{"target": -13.758514402545257, "params": {"gamma": 886.0405913549124, "log10_alpha": -0.8338947080547099, "log10_colsample_bytree": -0.9019453572932711, "log10_eta": -2.6823621356851355, "log10_lambda": -4.4360729541344845, "log10_min_child_weight": 4.986049901502807, "log10_subsample": -0.23214899607581652, "max_depth": 7.0, "num_boost_round": 5.0}, "datetime": {"datetime": "2024-01-19 00:24:26", "elapsed": 771.186823, "delta": 0.001442}}
{"target": -13.758518159610663, "params": {"gamma": 886.0405913549124, "log10_alpha": -0.8338947080547099, "log10_colsample_bytree": -0.9019453572932711, "log10_eta": -2.6823621356851355, "log10_lambda": -4.4360729541344845, "log10_min_child_weight": 4.986049901502807, "log10_subsample": -0.23214899607581652, "max_depth": 7.0, "num_boost_round": 6.0}, "datetime": {"datetime": "2024-01-19 00:24:26", "elapsed": 771.188275, "delta": 0.001452}}
{"target": -13.758514309199526, "params": {"gamma": 886.0405913549124, "log10_alpha": -0.8338947080547099, "log10_colsample_bytree": -0.9019453572932711, "log10_eta": -2.6823621356851355, "log10_lambda": -4.4360729541344845, "log10_min_child_weight": 4.986049901502807, "log10_subsample": -0.23214899607581652, "max_depth": 7.0, "num_boost_round": 7.0}, "datetime": {"datetime": "2024-01-19 00:24:26", "elapsed": 771.189736, "delta": 0.001461}}
{"target": -13.758513650198914, "params": {"gamma": 886.0405913549124, "log10_alpha": -0.8338947080547099, "log10_colsample_bytree": -0.9019453572932711, "log10_eta": -2.6823621356851355, "log10_lambda": -4.4360729541344845, "log10_min_child_weight": 4.986049901502807, "log10_subsample": -0.23214899607581652, "max_depth": 7.0, "num_boost_round": 8.0}, "datetime": {"datetime": "2024-01-19 00:24:26", "elapsed": 771.191296, "delta": 0.00156}}
{"target": -13.758522282409698, "params": {"gamma": 886.0405913549124, "log10_alpha": -0.8338947080547099, "log10_colsample_bytree": -0.9019453572932711, "log10_eta": -2.6823621356851355, "log10_lambda": -4.4360729541344845, "log10_min_child_weight": 4.986049901502807, "log10_subsample": -0.23214899607581652, "max_depth": 7.0, "num_boost_round": 9.0}, "datetime": {"datetime": "2024-01-19 00:24:26", "elapsed": 771.192863, "delta": 0.001567}}
{"target": -13.758509134799882, "params": {"gamma": 886.0405913549124, "log10_alpha": -0.8338947080547099, "log10_colsample_bytree": -0.9019453572932711, "log10_eta": -2.6823621356851355, "log10_lambda": -4.4360729541344845, "log10_min_child_weight": 4.986049901502807, "log10_subsample": -0.23214899607581652, "max_depth": 7.0, "num_boost_round": 10.0}, "datetime": {"datetime": "2024-01-19 00:24:26", "elapsed": 771.19431, "delta": 0.001447}}
{"target": -13.75850174657355, "params": {"gamma": 886.0405913549124, "log10_alpha": -0.8338947080547099, "log10_colsample_bytree": -0.9019453572932711, "log10_eta": -2.6823621356851355, "log10_lambda": -4.4360729541344845, "log10_min_child_weight": 4.986049901502807, "log10_subsample": -0.23214899607581652, "max_depth": 7.0, "num_boost_round": 11.0}, "datetime": {"datetime": "2024-01-19 00:24:26", "elapsed": 771.195751, "delta": 0.001441}}
{"target": -13.75850368678107, "params": {"gamma": 886.0405913549124, "log10_alpha": -0.8338947080547099, "log10_colsample_bytree": -0.9019453572932711, "log10_eta": -2.6823621356851355, "log10_lambda": -4.4360729541344845, "log10_min_child_weight": 4.986049901502807, "log10_subsample": -0.23214899607581652, "max_depth": 7.0, "num_boost_round": 12.0}, "datetime": {"datetime": "2024-01-19 00:24:26", "elapsed": 771.197188, "delta": 0.001437}}
{"target": -13.758489875208028, "params": {"gamma": 886.0405913549124, "log10_alpha": -0.8338947080547099, "log10_colsample_bytree": -0.9019453572932711, "log10_eta": -2.6823621356851355, "log10_lambda": -4.4360729541344845, "log10_min_child_weight": 4.986049901502807, "log10_subsample": -0.23214899607581652, "max_depth": 7.0, "num_boost_round": 13.0}, "datetime": {"datetime": "2024-01-19 00:24:26", "elapsed": 771.198637, "delta": 0.001449}}
{"target": -13.75848853814468, "params": {"gamma": 886.0405913549124, "log10_alpha": -0.8338947080547099, "log10_colsample_bytree": -0.9019453572932711, "log10_eta": -2.6823621356851355, "log10_lambda": -4.4360729541344845, "log10_min_child_weight": 4.986049901502807, "log10_subsample": -0.23214899607581652, "max_depth": 7.0, "num_boost_round": 14.0}, "datetime": {"datetime": "2024-01-19 00:24:26", "elapsed": 771.200086, "delta": 0.001449}}
{"target": -13.758473496662942, "params": {"gamma": 886.0405913549124, "log10_alpha": -0.8338947080547099, "log10_colsample_bytree": -0.9019453572932711, "log10_eta": -2.6823621356851355, "log10_lambda": -4.4360729541344845, "log10_min_child_weight": 4.986049901502807, "log10_subsample": -0.23214899607581652, "max_depth": 7.0, "num_boost_round": 15.0}, "datetime": {"datetime": "2024-01-19 00:24:26", "elapsed": 771.201534, "delta": 0.001448}}
{"target": -13.758463247828976, "params": {"gamma": 886.0405913549124, "log10_alpha": -0.8338947080547099, "log10_colsample_bytree": -0.9019453572932711, "log10_eta": -2.6823621356851355, "log10_lambda": -4.4360729541344845, "log10_min_child_weight": 4.986049901502807, "log10_subsample": -0.23214899607581652, "max_depth": 7.0, "num_boost_round": 16.0}, "datetime": {"datetime": "2024-01-19 00:24:26", "elapsed": 771.203053, "delta": 0.001519}}
{"target": -13.758469634160559, "params": {"gamma": 886.0405913549124, "log10_alpha": -0.8338947080547099, "log10_colsample_bytree": -0.9019453572932711, "log10_eta": -2.6823621356851355, "log10_lambda": -4.4360729541344845, "log10_min_child_weight": 4.986049901502807, "log10_subsample": -0.23214899607581652, "max_depth": 7.0, "num_boost_round": 17.0}, "datetime": {"datetime": "2024-01-19 00:24:26", "elapsed": 771.204484, "delta": 0.001431}}
{"target": -13.758464359447961, "params": {"gamma": 886.0405913549124, "log10_alpha": -0.8338947080547099, "log10_colsample_bytree": -0.9019453572932711, "log10_eta": -2.6823621356851355, "log10_lambda": -4.4360729541344845, "log10_min_child_weight": 4.986049901502807, "log10_subsample": -0.23214899607581652, "max_depth": 7.0, "num_boost_round": 18.0}, "datetime": {"datetime": "2024-01-19 00:24:26", "elapsed": 771.205927, "delta": 0.001443}}
{"target": -13.758459527426037, "params": {"gamma": 886.0405913549124, "log10_alpha": -0.8338947080547099, "log10_colsample_bytree": -0.9019453572932711, "log10_eta": -2.6823621356851355, "log10_lambda": -4.4360729541344845, "log10_min_child_weight": 4.986049901502807, "log10_subsample": -0.23214899607581652, "max_depth": 7.0, "num_boost_round": 19.0}, "datetime": {"datetime": "2024-01-19 00:24:26", "elapsed": 771.207441, "delta": 0.001514}}
{"target": -13.758463514970657, "params": {"gamma": 886.0405913549124, "log10_alpha": -0.8338947080547099, "log10_colsample_bytree": -0.9019453572932711, "log10_eta": -2.6823621356851355, "log10_lambda": -4.4360729541344845, "log10_min_child_weight": 4.986049901502807, "log10_subsample": -0.23214899607581652, "max_depth": 7.0, "num_boost_round": 20.0}, "datetime": {"datetime": "2024-01-19 00:24:26", "elapsed": 771.209252, "delta": 0.001811}}
{"target": -13.758456497170181, "params": {"gamma": 886.0405913549124, "log10_alpha": -0.8338947080547099, "log10_colsample_bytree": -0.9019453572932711, "log10_eta": -2.6823621356851355, "log10_lambda": -4.4360729541344845, "log10_min_child_weight": 4.986049901502807, "log10_subsample": -0.23214899607581652, "max_depth": 7.0, "num_boost_round": 21.0}, "datetime": {"datetime": "2024-01-19 00:24:26", "elapsed": 771.210896, "delta": 0.001644}}
{"target": -13.758459655867629, "params": {"gamma": 886.0405913549124, "log10_alpha": -0.8338947080547099, "log10_colsample_bytree": -0.9019453572932711, "log10_eta": -2.6823621356851355, "log10_lambda": -4.4360729541344845, "log10_min_child_weight": 4.986049901502807, "log10_subsample": -0.23214899607581652, "max_depth": 7.0, "num_boost_round": 22.0}, "datetime": {"datetime": "2024-01-19 00:24:26", "elapsed": 771.212462, "delta": 0.001566}}
{"target": -13.75845290144041, "params": {"gamma": 886.0405913549124, "log10_alpha": -0.8338947080547099, "log10_colsample_bytree": -0.9019453572932711, "log10_eta": -2.6823621356851355, "log10_lambda": -4.4360729541344845, "log10_min_child_weight": 4.986049901502807, "log10_subsample": -0.23214899607581652, "max_depth": 7.0, "num_boost_round": 23.0}, "datetime": {"datetime": "2024-01-19 00:24:26", "elapsed": 771.213938, "delta": 0.001476}}
{"target": -13.758454285654857, "params": {"gamma": 886.0405913549124, "log10_alpha": -0.8338947080547099, "log10_colsample_bytree": -0.9019453572932711, "log10_eta": -2.6823621356851355, "log10_lambda": -4.4360729541344845, "log10_min_child_weight": 4.986049901502807, "log10_subsample": -0.23214899607581652, "max_depth": 7.0, "num_boost_round": 24.0}, "datetime": {"datetime": "2024-01-19 00:24:26", "elapsed": 771.215391, "delta": 0.001453}}
{"target": -13.758453275635093, "params": {"gamma": 886.0405913549124, "log10_alpha": -0.8338947080547099, "log10_colsample_bytree": -0.9019453572932711, "log10_eta": -2.6823621356851355, "log10_lambda": -4.4360729541344845, "log10_min_child_weight": 4.986049901502807, "log10_subsample": -0.23214899607581652, "max_depth": 7.0, "num_boost_round": 25.0}, "datetime": {"datetime": "2024-01-19 00:24:26", "elapsed": 771.216848, "delta": 0.001457}}
{"target": -13.758453411004702, "params": {"gamma": 886.0405913549124, "log10_alpha": -0.8338947080547099, "log10_colsample_bytree": -0.9019453572932711, "log10_eta": -2.6823621356851355, "log10_lambda": -4.4360729541344845, "log10_min_child_weight": 4.986049901502807, "log10_subsample": -0.23214899607581652, "max_depth": 7.0, "num_boost_round": 26.0}, "datetime": {"datetime": "2024-01-19 00:24:26", "elapsed": 771.218314, "delta": 0.001466}}
{"target": -13.758535521393357, "params": {"gamma": 885.3782219854007, "log10_alpha": -1.483219674875838, "log10_colsample_bytree": -0.6504037453751053, "log10_eta": -3.120471084482376, "log10_lambda": -4.621343538269189, "log10_min_child_weight": 4.159419490871357, "log10_subsample": -0.966696299619652, "max_depth": 8.0, "num_boost_round": 0.0}, "datetime": {"datetime": "2024-01-19 00:25:10", "elapsed": 815.227577, "delta": 44.009263}}
{"target": -13.758531888912032, "params": {"gamma": 885.3782219854007, "log10_alpha": -1.483219674875838, "log10_colsample_bytree": -0.6504037453751053, "log10_eta": -3.120471084482376, "log10_lambda": -4.621343538269189, "log10_min_child_weight": 4.159419490871357, "log10_subsample": -0.966696299619652, "max_depth": 8.0, "num_boost_round": 1.0}, "datetime": {"datetime": "2024-01-19 00:25:10", "elapsed": 815.229941, "delta": 0.002364}}
{"target": -13.758529646179502, "params": {"gamma": 885.3782219854007, "log10_alpha": -1.483219674875838, "log10_colsample_bytree": -0.6504037453751053, "log10_eta": -3.120471084482376, "log10_lambda": -4.621343538269189, "log10_min_child_weight": 4.159419490871357, "log10_subsample": -0.966696299619652, "max_depth": 8.0, "num_boost_round": 2.0}, "datetime": {"datetime": "2024-01-19 00:25:10", "elapsed": 815.231579, "delta": 0.001638}}
{"target": -13.758525516314942, "params": {"gamma": 885.3782219854007, "log10_alpha": -1.483219674875838, "log10_colsample_bytree": -0.6504037453751053, "log10_eta": -3.120471084482376, "log10_lambda": -4.621343538269189, "log10_min_child_weight": 4.159419490871357, "log10_subsample": -0.966696299619652, "max_depth": 8.0, "num_boost_round": 3.0}, "datetime": {"datetime": "2024-01-19 00:25:10", "elapsed": 815.23321, "delta": 0.001631}}
{"target": -13.75852808903817, "params": {"gamma": 885.3782219854007, "log10_alpha": -1.483219674875838, "log10_colsample_bytree": -0.6504037453751053, "log10_eta": -3.120471084482376, "log10_lambda": -4.621343538269189, "log10_min_child_weight": 4.159419490871357, "log10_subsample": -0.966696299619652, "max_depth": 8.0, "num_boost_round": 4.0}, "datetime": {"datetime": "2024-01-19 00:25:10", "elapsed": 815.234783, "delta": 0.001573}}
{"target": -13.758528782147176, "params": {"gamma": 885.3782219854007, "log10_alpha": -1.483219674875838, "log10_colsample_bytree": -0.6504037453751053, "log10_eta": -3.120471084482376, "log10_lambda": -4.621343538269189, "log10_min_child_weight": 4.159419490871357, "log10_subsample": -0.966696299619652, "max_depth": 8.0, "num_boost_round": 5.0}, "datetime": {"datetime": "2024-01-19 00:25:10", "elapsed": 815.236347, "delta": 0.001564}}
{"target": -13.758531385086048, "params": {"gamma": 885.3782219854007, "log10_alpha": -1.483219674875838, "log10_colsample_bytree": -0.6504037453751053, "log10_eta": -3.120471084482376, "log10_lambda": -4.621343538269189, "log10_min_child_weight": 4.159419490871357, "log10_subsample": -0.966696299619652, "max_depth": 8.0, "num_boost_round": 6.0}, "datetime": {"datetime": "2024-01-19 00:25:10", "elapsed": 815.237788, "delta": 0.001441}}
{"target": -13.758521864356167, "params": {"gamma": 885.3782219854007, "log10_alpha": -1.483219674875838, "log10_colsample_bytree": -0.6504037453751053, "log10_eta": -3.120471084482376, "log10_lambda": -4.621343538269189, "log10_min_child_weight": 4.159419490871357, "log10_subsample": -0.966696299619652, "max_depth": 8.0, "num_boost_round": 7.0}, "datetime": {"datetime": "2024-01-19 00:25:10", "elapsed": 815.23927, "delta": 0.001482}}
{"target": -13.758521014990622, "params": {"gamma": 885.3782219854007, "log10_alpha": -1.483219674875838, "log10_colsample_bytree": -0.6504037453751053, "log10_eta": -3.120471084482376, "log10_lambda": -4.621343538269189, "log10_min_child_weight": 4.159419490871357, "log10_subsample": -0.966696299619652, "max_depth": 8.0, "num_boost_round": 8.0}, "datetime": {"datetime": "2024-01-19 00:25:10", "elapsed": 815.240713, "delta": 0.001443}}
{"target": -13.758518974339522, "params": {"gamma": 885.3782219854007, "log10_alpha": -1.483219674875838, "log10_colsample_bytree": -0.6504037453751053, "log10_eta": -3.120471084482376, "log10_lambda": -4.621343538269189, "log10_min_child_weight": 4.159419490871357, "log10_subsample": -0.966696299619652, "max_depth": 8.0, "num_boost_round": 9.0}, "datetime": {"datetime": "2024-01-19 00:25:10", "elapsed": 815.24216, "delta": 0.001447}}
{"target": -13.75852095032789, "params": {"gamma": 885.3782219854007, "log10_alpha": -1.483219674875838, "log10_colsample_bytree": -0.6504037453751053, "log10_eta": -3.120471084482376, "log10_lambda": -4.621343538269189, "log10_min_child_weight": 4.159419490871357, "log10_subsample": -0.966696299619652, "max_depth": 8.0, "num_boost_round": 10.0}, "datetime": {"datetime": "2024-01-19 00:25:10", "elapsed": 815.243593, "delta": 0.001433}}
{"target": -13.758525870578175, "params": {"gamma": 885.3782219854007, "log10_alpha": -1.483219674875838, "log10_colsample_bytree": -0.6504037453751053, "log10_eta": -3.120471084482376, "log10_lambda": -4.621343538269189, "log10_min_child_weight": 4.159419490871357, "log10_subsample": -0.966696299619652, "max_depth": 8.0, "num_boost_round": 11.0}, "datetime": {"datetime": "2024-01-19 00:25:10", "elapsed": 815.245052, "delta": 0.001459}}
{"target": -13.758527900974526, "params": {"gamma": 885.3782219854007, "log10_alpha": -1.483219674875838, "log10_colsample_bytree": -0.6504037453751053, "log10_eta": -3.120471084482376, "log10_lambda": -4.621343538269189, "log10_min_child_weight": 4.159419490871357, "log10_subsample": -0.966696299619652, "max_depth": 8.0, "num_boost_round": 12.0}, "datetime": {"datetime": "2024-01-19 00:25:10", "elapsed": 815.246497, "delta": 0.001445}}
{"target": -13.75852918608159, "params": {"gamma": 885.3782219854007, "log10_alpha": -1.483219674875838, "log10_colsample_bytree": -0.6504037453751053, "log10_eta": -3.120471084482376, "log10_lambda": -4.621343538269189, "log10_min_child_weight": 4.159419490871357, "log10_subsample": -0.966696299619652, "max_depth": 8.0, "num_boost_round": 13.0}, "datetime": {"datetime": "2024-01-19 00:25:10", "elapsed": 815.248001, "delta": 0.001504}}
{"target": -13.758525704060927, "params": {"gamma": 885.3782219854007, "log10_alpha": -1.483219674875838, "log10_colsample_bytree": -0.6504037453751053, "log10_eta": -3.120471084482376, "log10_lambda": -4.621343538269189, "log10_min_child_weight": 4.159419490871357, "log10_subsample": -0.966696299619652, "max_depth": 8.0, "num_boost_round": 14.0}, "datetime": {"datetime": "2024-01-19 00:25:10", "elapsed": 815.249445, "delta": 0.001444}}
{"target": -13.758516399019662, "params": {"gamma": 885.3782219854007, "log10_alpha": -1.483219674875838, "log10_colsample_bytree": -0.6504037453751053, "log10_eta": -3.120471084482376, "log10_lambda": -4.621343538269189, "log10_min_child_weight": 4.159419490871357, "log10_subsample": -0.966696299619652, "max_depth": 8.0, "num_boost_round": 15.0}, "datetime": {"datetime": "2024-01-19 00:25:10", "elapsed": 815.250987, "delta": 0.001542}}
{"target": -13.758513023008046, "params": {"gamma": 885.3782219854007, "log10_alpha": -1.483219674875838, "log10_colsample_bytree": -0.6504037453751053, "log10_eta": -3.120471084482376, "log10_lambda": -4.621343538269189, "log10_min_child_weight": 4.159419490871357, "log10_subsample": -0.966696299619652, "max_depth": 8.0, "num_boost_round": 16.0}, "datetime": {"datetime": "2024-01-19 00:25:10", "elapsed": 815.252555, "delta": 0.001568}}
{"target": -13.758510533402726, "params": {"gamma": 885.3782219854007, "log10_alpha": -1.483219674875838, "log10_colsample_bytree": -0.6504037453751053, "log10_eta": -3.120471084482376, "log10_lambda": -4.621343538269189, "log10_min_child_weight": 4.159419490871357, "log10_subsample": -0.966696299619652, "max_depth": 8.0, "num_boost_round": 17.0}, "datetime": {"datetime": "2024-01-19 00:25:10", "elapsed": 815.254014, "delta": 0.001459}}
{"target": -13.758506338612337, "params": {"gamma": 885.3782219854007, "log10_alpha": -1.483219674875838, "log10_colsample_bytree": -0.6504037453751053, "log10_eta": -3.120471084482376, "log10_lambda": -4.621343538269189, "log10_min_child_weight": 4.159419490871357, "log10_subsample": -0.966696299619652, "max_depth": 8.0, "num_boost_round": 18.0}, "datetime": {"datetime": "2024-01-19 00:25:10", "elapsed": 815.255464, "delta": 0.00145}}
