{"target": -13.758853579575819, "params": {"gamma": 552.2345872106198, "log10_alpha": -1.4992605252008202, "log10_colsample_bytree": -0.44612494965866745, "log10_eta": -1.6860096723533542, "log10_lambda": -2.6271724136251846, "log10_min_child_weight": 4.371002197034505, "log10_subsample": -0.19370297282061888, "max_depth": 9.0, "num_boost_round": 19.0}, "datetime": {"datetime": "2024-01-19 01:33:12", "elapsed": 4844.615677, "delta": 0.004696}}
{"target": -13.758853381057733, "params": {"gamma": 552.2345872106198, "log10_alpha": -1.4992605252008202, "log10_colsample_bytree": -0.44612494965866745, "log10_eta": -1.6860096723533542, "log10_lambda": -2.6271724136251846, "log10_min_child_weight": 4.371002197034505, "log10_subsample": -0.19370297282061888, "max_depth": 9.0, "num_boost_round": 20.0}, "datetime": {"datetime": "2024-01-19 01:33:12", "elapsed": 4844.620292, "delta": 0.004615}}
{"target": -13.758967769052564, "params": {"gamma": 552.2345872106198, "log10_alpha": -1.4992605252008202, "log10_colsample_bytree": -0.44612494965866745, "log10_eta": -1.6860096723533542, "log10_lambda": -2.6271724136251846, "log10_min_child_weight": 4.371002197034505, "log10_subsample": -0.19370297282061888, "max_depth": 9.0, "num_boost_round": 21.0}, "datetime": {"datetime": "2024-01-19 01:33:12", "elapsed": 4844.624805, "delta": 0.004513}}
{"target": -13.759365907868144, "params": {"gamma": 552.2345872106198, "log10_alpha": -1.4992605252008202, "log10_colsample_bytree": -0.44612494965866745, "log10_eta": -1.6860096723533542, "log10_lambda": -2.6271724136251846, "log10_min_child_weight": 4.371002197034505, "log10_subsample": -0.19370297282061888, "max_depth": 9.0, "num_boost_round": 22.0}, "datetime": {"datetime": "2024-01-19 01:33:12", "elapsed": 4844.629317, "delta": 0.004512}}
{"target": -13.75924201870503, "params": {"gamma": 552.2345872106198, "log10_alpha": -1.4992605252008202, "log10_colsample_bytree": -0.44612494965866745, "log10_eta": -1.6860096723533542, "log10_lambda": -2.6271724136251846, "log10_min_child_weight": 4.371002197034505, "log10_subsample": -0.19370297282061888, "max_depth": 9.0, "num_boost_round": 23.0}, "datetime": {"datetime": "2024-01-19 01:33:12", "elapsed": 4844.633966, "delta": 0.004649}}
{"target": -13.759338004014829, "params": {"gamma": 552.2345872106198, "log10_alpha": -1.4992605252008202, "log10_colsample_bytree": -0.44612494965866745, "log10_eta": -1.6860096723533542, "log10_lambda": -2.6271724136251846, "log10_min_child_weight": 4.371002197034505, "log10_subsample": -0.19370297282061888, "max_depth": 9.0, "num_boost_round": 24.0}, "datetime": {"datetime": "2024-01-19 01:33:12", "elapsed": 4844.638645, "delta": 0.004679}}
{"target": -13.759430688714255, "params": {"gamma": 552.2345872106198, "log10_alpha": -1.4992605252008202, "log10_colsample_bytree": -0.44612494965866745, "log10_eta": -1.6860096723533542, "log10_lambda": -2.6271724136251846, "log10_min_child_weight": 4.371002197034505, "log10_subsample": -0.19370297282061888, "max_depth": 9.0, "num_boost_round": 25.0}, "datetime": {"datetime": "2024-01-19 01:33:12", "elapsed": 4844.643212, "delta": 0.004567}}
{"target": -13.759566847307177, "params": {"gamma": 552.2345872106198, "log10_alpha": -1.4992605252008202, "log10_colsample_bytree": -0.44612494965866745, "log10_eta": -1.6860096723533542, "log10_lambda": -2.6271724136251846, "log10_min_child_weight": 4.371002197034505, "log10_subsample": -0.19370297282061888, "max_depth": 9.0, "num_boost_round": 26.0}, "datetime": {"datetime": "2024-01-19 01:33:12", "elapsed": 4844.647762, "delta": 0.00455}}
{"target": -13.759476813007623, "params": {"gamma": 552.2345872106198, "log10_alpha": -1.4992605252008202, "log10_colsample_bytree": -0.44612494965866745, "log10_eta": -1.6860096723533542, "log10_lambda": -2.6271724136251846, "log10_min_child_weight": 4.371002197034505, "log10_subsample": -0.19370297282061888, "max_depth": 9.0, "num_boost_round": 27.0}, "datetime": {"datetime": "2024-01-19 01:33:12", "elapsed": 4844.656222, "delta": 0.00846}}
{"target": -13.759599563827605, "params": {"gamma": 552.2345872106198, "log10_alpha": -1.4992605252008202, "log10_colsample_bytree": -0.44612494965866745, "log10_eta": -1.6860096723533542, "log10_lambda": -2.6271724136251846, "log10_min_child_weight": 4.371002197034505, "log10_subsample": -0.19370297282061888, "max_depth": 9.0, "num_boost_round": 28.0}, "datetime": {"datetime": "2024-01-19 01:33:12", "elapsed": 4844.661019, "delta": 0.004797}}
{"target": -13.759865135180199, "params": {"gamma": 552.2345872106198, "log10_alpha": -1.4992605252008202, "log10_colsample_bytree": -0.44612494965866745, "log10_eta": -1.6860096723533542, "log10_lambda": -2.6271724136251846, "log10_min_child_weight": 4.371002197034505, "log10_subsample": -0.19370297282061888, "max_depth": 9.0, "num_boost_round": 29.0}, "datetime": {"datetime": "2024-01-19 01:33:12", "elapsed": 4844.665781, "delta": 0.004762}}
{"target": -13.75994195649103, "params": {"gamma": 552.2345872106198, "log10_alpha": -1.4992605252008202, "log10_colsample_bytree": -0.44612494965866745, "log10_eta": -1.6860096723533542, "log10_lambda": -2.6271724136251846, "log10_min_child_weight": 4.371002197034505, "log10_subsample": -0.19370297282061888, "max_depth": 9.0, "num_boost_round": 30.0}, "datetime": {"datetime": "2024-01-19 01:33:12", "elapsed": 4844.670466, "delta": 0.004685}}
{"target": -13.759855765155251, "params": {"gamma": 552.2345872106198, "log10_alpha": -1.4992605252008202, "log10_colsample_bytree": -0.44612494965866745, "log10_eta": -1.6860096723533542, "log10_lambda": -2.6271724136251846, "log10_min_child_weight": 4.371002197034505, "log10_subsample": -0.19370297282061888, "max_depth": 9.0, "num_boost_round": 31.0}, "datetime": {"datetime": "2024-01-19 01:33:12", "elapsed": 4844.675241, "delta": 0.004775}}
{"target": -13.760190393719528, "params": {"gamma": 552.2345872106198, "log10_alpha": -1.4992605252008202, "log10_colsample_bytree": -0.44612494965866745, "log10_eta": -1.6860096723533542, "log10_lambda": -2.6271724136251846, "log10_min_child_weight": 4.371002197034505, "log10_subsample": -0.19370297282061888, "max_depth": 9.0, "num_boost_round": 32.0}, "datetime": {"datetime": "2024-01-19 01:33:12", "elapsed": 4844.680017, "delta": 0.004776}}
{"target": -13.760495963135526, "params": {"gamma": 552.2345872106198, "log10_alpha": -1.4992605252008202, "log10_colsample_bytree": -0.44612494965866745, "log10_eta": -1.6860096723533542, "log10_lambda": -2.6271724136251846, "log10_min_child_weight": 4.371002197034505, "log10_subsample": -0.19370297282061888, "max_depth": 9.0, "num_boost_round": 33.0}, "datetime": {"datetime": "2024-01-19 01:33:12", "elapsed": 4844.684637, "delta": 0.00462}}
{"target": -13.760876222135252, "params": {"gamma": 552.2345872106198, "log10_alpha": -1.4992605252008202, "log10_colsample_bytree": -0.44612494965866745, "log10_eta": -1.6860096723533542, "log10_lambda": -2.6271724136251846, "log10_min_child_weight": 4.371002197034505, "log10_subsample": -0.19370297282061888, "max_depth": 9.0, "num_boost_round": 34.0}, "datetime": {"datetime": "2024-01-19 01:33:12", "elapsed": 4844.68918, "delta": 0.004543}}
{"target": -13.761214293928155, "params": {"gamma": 552.2345872106198, "log10_alpha": -1.4992605252008202, "log10_colsample_bytree": -0.44612494965866745, "log10_eta": -1.6860096723533542, "log10_lambda": -2.6271724136251846, "log10_min_child_weight": 4.371002197034505, "log10_subsample": -0.19370297282061888, "max_depth": 9.0, "num_boost_round": 35.0}, "datetime": {"datetime": "2024-01-19 01:33:12", "elapsed": 4844.693774, "delta": 0.004594}}
{"target": -13.761571925571879, "params": {"gamma": 552.2345872106198, "log10_alpha": -1.4992605252008202, "log10_colsample_bytree": -0.44612494965866745, "log10_eta": -1.6860096723533542, "log10_lambda": -2.6271724136251846, "log10_min_child_weight": 4.371002197034505, "log10_subsample": -0.19370297282061888, "max_depth": 9.0, "num_boost_round": 36.0}, "datetime": {"datetime": "2024-01-19 01:33:12", "elapsed": 4844.698453, "delta": 0.004679}}
{"target": -13.761801728156794, "params": {"gamma": 552.2345872106198, "log10_alpha": -1.4992605252008202, "log10_colsample_bytree": -0.44612494965866745, "log10_eta": -1.6860096723533542, "log10_lambda": -2.6271724136251846, "log10_min_child_weight": 4.371002197034505, "log10_subsample": -0.19370297282061888, "max_depth": 9.0, "num_boost_round": 37.0}, "datetime": {"datetime": "2024-01-19 01:33:12", "elapsed": 4844.702987, "delta": 0.004534}}
{"target": -13.76187522909017, "params": {"gamma": 552.2345872106198, "log10_alpha": -1.4992605252008202, "log10_colsample_bytree": -0.44612494965866745, "log10_eta": -1.6860096723533542, "log10_lambda": -2.6271724136251846, "log10_min_child_weight": 4.371002197034505, "log10_subsample": -0.19370297282061888, "max_depth": 9.0, "num_boost_round": 38.0}, "datetime": {"datetime": "2024-01-19 01:33:12", "elapsed": 4844.707569, "delta": 0.004582}}
{"target": -13.762139048321359, "params": {"gamma": 552.2345872106198, "log10_alpha": -1.4992605252008202, "log10_colsample_bytree": -0.44612494965866745, "log10_eta": -1.6860096723533542, "log10_lambda": -2.6271724136251846, "log10_min_child_weight": 4.371002197034505, "log10_subsample": -0.19370297282061888, "max_depth": 9.0, "num_boost_round": 39.0}, "datetime": {"datetime": "2024-01-19 01:33:12", "elapsed": 4844.712185, "delta": 0.004616}}
{"target": -13.762418720315713, "params": {"gamma": 552.2345872106198, "log10_alpha": -1.4992605252008202, "log10_colsample_bytree": -0.44612494965866745, "log10_eta": -1.6860096723533542, "log10_lambda": -2.6271724136251846, "log10_min_child_weight": 4.371002197034505, "log10_subsample": -0.19370297282061888, "max_depth": 9.0, "num_boost_round": 40.0}, "datetime": {"datetime": "2024-01-19 01:33:12", "elapsed": 4844.716897, "delta": 0.004712}}
{"target": -13.762788045254087, "params": {"gamma": 552.2345872106198, "log10_alpha": -1.4992605252008202, "log10_colsample_bytree": -0.44612494965866745, "log10_eta": -1.6860096723533542, "log10_lambda": -2.6271724136251846, "log10_min_child_weight": 4.371002197034505, "log10_subsample": -0.19370297282061888, "max_depth": 9.0, "num_boost_round": 41.0}, "datetime": {"datetime": "2024-01-19 01:33:12", "elapsed": 4844.721614, "delta": 0.004717}}
{"target": -13.7585354118578, "params": {"gamma": 596.1337456187248, "log10_alpha": -5.0, "log10_colsample_bytree": -1.0, "log10_eta": -4.0, "log10_lambda": -5.0, "log10_min_child_weight": 0.0, "log10_subsample": 0.0, "max_depth": 7.0, "num_boost_round": 0.0}, "datetime": {"datetime": "2024-01-19 01:34:18", "elapsed": 4911.027837, "delta": 66.306223}}
{"target": -13.758537998024151, "params": {"gamma": 596.1337456187248, "log10_alpha": -5.0, "log10_colsample_bytree": -1.0, "log10_eta": -4.0, "log10_lambda": -5.0, "log10_min_child_weight": 0.0, "log10_subsample": 0.0, "max_depth": 7.0, "num_boost_round": 1.0}, "datetime": {"datetime": "2024-01-19 01:34:18", "elapsed": 4911.033755, "delta": 0.005918}}
{"target": -13.758539935595321, "params": {"gamma": 596.1337456187248, "log10_alpha": -5.0, "log10_colsample_bytree": -1.0, "log10_eta": -4.0, "log10_lambda": -5.0, "log10_min_child_weight": 0.0, "log10_subsample": 0.0, "max_depth": 7.0, "num_boost_round": 2.0}, "datetime": {"datetime": "2024-01-19 01:34:18", "elapsed": 4911.039084, "delta": 0.005329}}
{"target": -13.758537407348493, "params": {"gamma": 596.1337456187248, "log10_alpha": -5.0, "log10_colsample_bytree": -1.0, "log10_eta": -4.0, "log10_lambda": -5.0, "log10_min_child_weight": 0.0, "log10_subsample": 0.0, "max_depth": 7.0, "num_boost_round": 3.0}, "datetime": {"datetime": "2024-01-19 01:34:18", "elapsed": 4911.172195, "delta": 0.133111}}
{"target": -13.758533283521855, "params": {"gamma": 596.1337456187248, "log10_alpha": -5.0, "log10_colsample_bytree": -1.0, "log10_eta": -4.0, "log10_lambda": -5.0, "log10_min_child_weight": 0.0, "log10_subsample": 0.0, "max_depth": 7.0, "num_boost_round": 4.0}, "datetime": {"datetime": "2024-01-19 01:34:18", "elapsed": 4911.177947, "delta": 0.005752}}
{"target": -13.758534101573812, "params": {"gamma": 596.1337456187248, "log10_alpha": -5.0, "log10_colsample_bytree": -1.0, "log10_eta": -4.0, "log10_lambda": -5.0, "log10_min_child_weight": 0.0, "log10_subsample": 0.0, "max_depth": 7.0, "num_boost_round": 5.0}, "datetime": {"datetime": "2024-01-19 01:34:18", "elapsed": 4911.184059, "delta": 0.006112}}
{"target": -13.758535022204823, "params": {"gamma": 596.1337456187248, "log10_alpha": -5.0, "log10_colsample_bytree": -1.0, "log10_eta": -4.0, "log10_lambda": -5.0, "log10_min_child_weight": 0.0, "log10_subsample": 0.0, "max_depth": 7.0, "num_boost_round": 6.0}, "datetime": {"datetime": "2024-01-19 01:34:18", "elapsed": 4911.189494, "delta": 0.005435}}
{"target": -13.758532654447814, "params": {"gamma": 596.1337456187248, "log10_alpha": -5.0, "log10_colsample_bytree": -1.0, "log10_eta": -4.0, "log10_lambda": -5.0, "log10_min_child_weight": 0.0, "log10_subsample": 0.0, "max_depth": 7.0, "num_boost_round": 7.0}, "datetime": {"datetime": "2024-01-19 01:34:18", "elapsed": 4911.195386, "delta": 0.005892}}
{"target": -13.758532980416325, "params": {"gamma": 596.1337456187248, "log10_alpha": -5.0, "log10_colsample_bytree": -1.0, "log10_eta": -4.0, "log10_lambda": -5.0, "log10_min_child_weight": 0.0, "log10_subsample": 0.0, "max_depth": 7.0, "num_boost_round": 8.0}, "datetime": {"datetime": "2024-01-19 01:34:18", "elapsed": 4911.200736, "delta": 0.00535}}
{"target": -13.758531821759902, "params": {"gamma": 596.1337456187248, "log10_alpha": -5.0, "log10_colsample_bytree": -1.0, "log10_eta": -4.0, "log10_lambda": -5.0, "log10_min_child_weight": 0.0, "log10_subsample": 0.0, "max_depth": 7.0, "num_boost_round": 9.0}, "datetime": {"datetime": "2024-01-19 01:34:18", "elapsed": 4911.20602, "delta": 0.005284}}
{"target": -13.758531967018863, "params": {"gamma": 596.1337456187248, "log10_alpha": -5.0, "log10_colsample_bytree": -1.0, "log10_eta": -4.0, "log10_lambda": -5.0, "log10_min_child_weight": 0.0, "log10_subsample": 0.0, "max_depth": 7.0, "num_boost_round": 10.0}, "datetime": {"datetime": "2024-01-19 01:34:18", "elapsed": 4911.21108, "delta": 0.00506}}
{"target": -13.758532101383514, "params": {"gamma": 596.1337456187248, "log10_alpha": -5.0, "log10_colsample_bytree": -1.0, "log10_eta": -4.0, "log10_lambda": -5.0, "log10_min_child_weight": 0.0, "log10_subsample": 0.0, "max_depth": 7.0, "num_boost_round": 11.0}, "datetime": {"datetime": "2024-01-19 01:34:18", "elapsed": 4911.216089, "delta": 0.005009}}
{"target": -13.75852697697202, "params": {"gamma": 596.1337456187248, "log10_alpha": -5.0, "log10_colsample_bytree": -1.0, "log10_eta": -4.0, "log10_lambda": -5.0, "log10_min_child_weight": 0.0, "log10_subsample": 0.0, "max_depth": 7.0, "num_boost_round": 12.0}, "datetime": {"datetime": "2024-01-19 01:34:18", "elapsed": 4911.221118, "delta": 0.005029}}
{"target": -13.758525073428045, "params": {"gamma": 596.1337456187248, "log10_alpha": -5.0, "log10_colsample_bytree": -1.0, "log10_eta": -4.0, "log10_lambda": -5.0, "log10_min_child_weight": 0.0, "log10_subsample": 0.0, "max_depth": 7.0, "num_boost_round": 13.0}, "datetime": {"datetime": "2024-01-19 01:34:18", "elapsed": 4911.226263, "delta": 0.005145}}
{"target": -13.758518540916583, "params": {"gamma": 596.1337456187248, "log10_alpha": -5.0, "log10_colsample_bytree": -1.0, "log10_eta": -4.0, "log10_lambda": -5.0, "log10_min_child_weight": 0.0, "log10_subsample": 0.0, "max_depth": 7.0, "num_boost_round": 14.0}, "datetime": {"datetime": "2024-01-19 01:34:18", "elapsed": 4911.231364, "delta": 0.005101}}
{"target": -13.75851681839819, "params": {"gamma": 596.1337456187248, "log10_alpha": -5.0, "log10_colsample_bytree": -1.0, "log10_eta": -4.0, "log10_lambda": -5.0, "log10_min_child_weight": 0.0, "log10_subsample": 0.0, "max_depth": 7.0, "num_boost_round": 15.0}, "datetime": {"datetime": "2024-01-19 01:34:18", "elapsed": 4911.236723, "delta": 0.005359}}
{"target": -13.7585165612729, "params": {"gamma": 596.1337456187248, "log10_alpha": -5.0, "log10_colsample_bytree": -1.0, "log10_eta": -4.0, "log10_lambda": -5.0, "log10_min_child_weight": 0.0, "log10_subsample": 0.0, "max_depth": 7.0, "num_boost_round": 16.0}, "datetime": {"datetime": "2024-01-19 01:34:18", "elapsed": 4911.242097, "delta": 0.005374}}
{"target": -13.758514915946009, "params": {"gamma": 596.1337456187248, "log10_alpha": -5.0, "log10_colsample_bytree": -1.0, "log10_eta": -4.0, "log10_lambda": -5.0, "log10_min_child_weight": 0.0, "log10_subsample": 0.0, "max_depth": 7.0, "num_boost_round": 17.0}, "datetime": {"datetime": "2024-01-19 01:34:18", "elapsed": 4911.247532, "delta": 0.005435}}
{"target": -13.758513801004922, "params": {"gamma": 596.1337456187248, "log10_alpha": -5.0, "log10_colsample_bytree": -1.0, "log10_eta": -4.0, "log10_lambda": -5.0, "log10_min_child_weight": 0.0, "log10_subsample": 0.0, "max_depth": 7.0, "num_boost_round": 18.0}, "datetime": {"datetime": "2024-01-19 01:34:18", "elapsed": 4911.253071, "delta": 0.005539}}
{"target": -13.758365934964822, "params": {"gamma": 550.8792266090005, "log10_alpha": 0.02074724207339873, "log10_colsample_bytree": -0.41813300856793456, "log10_eta": -1.4358016225239307, "log10_lambda": -1.6338937219205794, "log10_min_child_weight": 3.338705323915061, "log10_subsample": -0.3246997355922546, "max_depth": 8.0, "num_boost_round": 0.0}, "datetime": {"datetime": "2024-01-19 01:35:30", "elapsed": 4982.729169, "delta": 71.476098}}
{"target": -13.75870750113779, "params": {"gamma": 550.8792266090005, "log10_alpha": 0.02074724207339873, "log10_colsample_bytree": -0.41813300856793456, "log10_eta": -1.4358016225239307, "log10_lambda": -1.6338937219205794, "log10_min_child_weight": 3.338705323915061, "log10_subsample": -0.3246997355922546, "max_depth": 8.0, "num_boost_round": 1.0}, "datetime": {"datetime": "2024-01-19 01:35:30", "elapsed": 4982.735537, "delta": 0.006368}}
{"target": -13.75824785913173, "params": {"gamma": 550.8792266090005, "log10_alpha": 0.02074724207339873, "log10_colsample_bytree": -0.41813300856793456, "log10_eta": -1.4358016225239307, "log10_lambda": -1.6338937219205794, "log10_min_child_weight": 3.338705323915061, "log10_subsample": -0.3246997355922546, "max_depth": 8.0, "num_boost_round": 2.0}, "datetime": {"datetime": "2024-01-19 01:35:30", "elapsed": 4982.740986, "delta": 0.005449}}
{"target": -13.758778581828299, "params": {"gamma": 550.8792266090005, "log10_alpha": 0.02074724207339873, "log10_colsample_bytree": -0.41813300856793456, "log10_eta": -1.4358016225239307, "log10_lambda": -1.6338937219205794, "log10_min_child_weight": 3.338705323915061, "log10_subsample": -0.3246997355922546, "max_depth": 8.0, "num_boost_round": 3.0}, "datetime": {"datetime": "2024-01-19 01:35:30", "elapsed": 4982.745892, "delta": 0.004906}}
{"target": -13.758613045320825, "params": {"gamma": 550.8792266090005, "log10_alpha": 0.02074724207339873, "log10_colsample_bytree": -0.41813300856793456, "log10_eta": -1.4358016225239307, "log10_lambda": -1.6338937219205794, "log10_min_child_weight": 3.338705323915061, "log10_subsample": -0.3246997355922546, "max_depth": 8.0, "num_boost_round": 4.0}, "datetime": {"datetime": "2024-01-19 01:35:30", "elapsed": 4982.750732, "delta": 0.00484}}
{"target": -13.759509483010511, "params": {"gamma": 550.8792266090005, "log10_alpha": 0.02074724207339873, "log10_colsample_bytree": -0.41813300856793456, "log10_eta": -1.4358016225239307, "log10_lambda": -1.6338937219205794, "log10_min_child_weight": 3.338705323915061, "log10_subsample": -0.3246997355922546, "max_depth": 8.0, "num_boost_round": 5.0}, "datetime": {"datetime": "2024-01-19 01:35:30", "elapsed": 4982.755657, "delta": 0.004925}}
{"target": -13.760308957818925, "params": {"gamma": 550.8792266090005, "log10_alpha": 0.02074724207339873, "log10_colsample_bytree": -0.41813300856793456, "log10_eta": -1.4358016225239307, "log10_lambda": -1.6338937219205794, "log10_min_child_weight": 3.338705323915061, "log10_subsample": -0.3246997355922546, "max_depth": 8.0, "num_boost_round": 6.0}, "datetime": {"datetime": "2024-01-19 01:35:30", "elapsed": 4982.760336, "delta": 0.004679}}
{"target": -13.760018392659749, "params": {"gamma": 550.8792266090005, "log10_alpha": 0.02074724207339873, "log10_colsample_bytree": -0.41813300856793456, "log10_eta": -1.4358016225239307, "log10_lambda": -1.6338937219205794, "log10_min_child_weight": 3.338705323915061, "log10_subsample": -0.3246997355922546, "max_depth": 8.0, "num_boost_round": 7.0}, "datetime": {"datetime": "2024-01-19 01:35:30", "elapsed": 4982.765305, "delta": 0.004969}}
{"target": -13.758964783732122, "params": {"gamma": 550.8792266090005, "log10_alpha": 0.02074724207339873, "log10_colsample_bytree": -0.41813300856793456, "log10_eta": -1.4358016225239307, "log10_lambda": -1.6338937219205794, "log10_min_child_weight": 3.338705323915061, "log10_subsample": -0.3246997355922546, "max_depth": 8.0, "num_boost_round": 8.0}, "datetime": {"datetime": "2024-01-19 01:35:30", "elapsed": 4982.770486, "delta": 0.005181}}
{"target": -13.75887415482155, "params": {"gamma": 550.8792266090005, "log10_alpha": 0.02074724207339873, "log10_colsample_bytree": -0.41813300856793456, "log10_eta": -1.4358016225239307, "log10_lambda": -1.6338937219205794, "log10_min_child_weight": 3.338705323915061, "log10_subsample": -0.3246997355922546, "max_depth": 8.0, "num_boost_round": 9.0}, "datetime": {"datetime": "2024-01-19 01:35:30", "elapsed": 4982.775731, "delta": 0.005245}}
{"target": -13.759801793468336, "params": {"gamma": 550.8792266090005, "log10_alpha": 0.02074724207339873, "log10_colsample_bytree": -0.41813300856793456, "log10_eta": -1.4358016225239307, "log10_lambda": -1.6338937219205794, "log10_min_child_weight": 3.338705323915061, "log10_subsample": -0.3246997355922546, "max_depth": 8.0, "num_boost_round": 10.0}, "datetime": {"datetime": "2024-01-19 01:35:30", "elapsed": 4982.781009, "delta": 0.005278}}
