{"target": -17.67722613035398, "params": {"gamma": 45.57131248538826, "log10_alpha": 0.6913107835412458, "log10_colsample_bytree": -0.14221528733184918, "log10_eta": -3.7737191882475534, "log10_lambda": -4.70679339833234, "log10_min_child_weight": 3.949638725834514, "log10_subsample": -0.3537391748666836, "max_depth": 2.0, "num_boost_round": 8.0}, "datetime": {"datetime": "2024-01-19 02:11:55", "elapsed": 7268.806119, "delta": 0.005749}}
{"target": -17.67722470714232, "params": {"gamma": 45.57131248538826, "log10_alpha": 0.6913107835412458, "log10_colsample_bytree": -0.14221528733184918, "log10_eta": -3.7737191882475534, "log10_lambda": -4.70679339833234, "log10_min_child_weight": 3.949638725834514, "log10_subsample": -0.3537391748666836, "max_depth": 2.0, "num_boost_round": 9.0}, "datetime": {"datetime": "2024-01-19 02:11:55", "elapsed": 7268.811549, "delta": 0.00543}}
{"target": -17.677222032506208, "params": {"gamma": 45.57131248538826, "log10_alpha": 0.6913107835412458, "log10_colsample_bytree": -0.14221528733184918, "log10_eta": -3.7737191882475534, "log10_lambda": -4.70679339833234, "log10_min_child_weight": 3.949638725834514, "log10_subsample": -0.3537391748666836, "max_depth": 2.0, "num_boost_round": 10.0}, "datetime": {"datetime": "2024-01-19 02:11:55", "elapsed": 7268.816942, "delta": 0.005393}}
{"target": -17.677220070110067, "params": {"gamma": 45.57131248538826, "log10_alpha": 0.6913107835412458, "log10_colsample_bytree": -0.14221528733184918, "log10_eta": -3.7737191882475534, "log10_lambda": -4.70679339833234, "log10_min_child_weight": 3.949638725834514, "log10_subsample": -0.3537391748666836, "max_depth": 2.0, "num_boost_round": 11.0}, "datetime": {"datetime": "2024-01-19 02:11:55", "elapsed": 7268.822142, "delta": 0.0052}}
{"target": -17.677218503780058, "params": {"gamma": 45.57131248538826, "log10_alpha": 0.6913107835412458, "log10_colsample_bytree": -0.14221528733184918, "log10_eta": -3.7737191882475534, "log10_lambda": -4.70679339833234, "log10_min_child_weight": 3.949638725834514, "log10_subsample": -0.3537391748666836, "max_depth": 2.0, "num_boost_round": 12.0}, "datetime": {"datetime": "2024-01-19 02:11:55", "elapsed": 7268.827354, "delta": 0.005212}}
{"target": -17.67721698799392, "params": {"gamma": 45.57131248538826, "log10_alpha": 0.6913107835412458, "log10_colsample_bytree": -0.14221528733184918, "log10_eta": -3.7737191882475534, "log10_lambda": -4.70679339833234, "log10_min_child_weight": 3.949638725834514, "log10_subsample": -0.3537391748666836, "max_depth": 2.0, "num_boost_round": 13.0}, "datetime": {"datetime": "2024-01-19 02:11:55", "elapsed": 7268.832651, "delta": 0.005297}}
{"target": -17.677216485091314, "params": {"gamma": 45.57131248538826, "log10_alpha": 0.6913107835412458, "log10_colsample_bytree": -0.14221528733184918, "log10_eta": -3.7737191882475534, "log10_lambda": -4.70679339833234, "log10_min_child_weight": 3.949638725834514, "log10_subsample": -0.3537391748666836, "max_depth": 2.0, "num_boost_round": 14.0}, "datetime": {"datetime": "2024-01-19 02:11:55", "elapsed": 7268.837783, "delta": 0.005132}}
{"target": -17.677215130238086, "params": {"gamma": 45.57131248538826, "log10_alpha": 0.6913107835412458, "log10_colsample_bytree": -0.14221528733184918, "log10_eta": -3.7737191882475534, "log10_lambda": -4.70679339833234, "log10_min_child_weight": 3.949638725834514, "log10_subsample": -0.3537391748666836, "max_depth": 2.0, "num_boost_round": 15.0}, "datetime": {"datetime": "2024-01-19 02:11:55", "elapsed": 7268.843139, "delta": 0.005356}}
{"target": -17.67723222949207, "params": {"gamma": 56.240632040893466, "log10_alpha": -0.29124424845067054, "log10_colsample_bytree": -0.1260968248688219, "log10_eta": -3.646186645596376, "log10_lambda": -1.8183769836836703, "log10_min_child_weight": 4.1903344547912384, "log10_subsample": -0.203704590431959, "max_depth": 3.0, "num_boost_round": 0.0}, "datetime": {"datetime": "2024-01-19 02:12:54", "elapsed": 7328.125891, "delta": 59.282752}}
{"target": -17.677230518550687, "params": {"gamma": 56.240632040893466, "log10_alpha": -0.29124424845067054, "log10_colsample_bytree": -0.1260968248688219, "log10_eta": -3.646186645596376, "log10_lambda": -1.8183769836836703, "log10_min_child_weight": 4.1903344547912384, "log10_subsample": -0.203704590431959, "max_depth": 3.0, "num_boost_round": 1.0}, "datetime": {"datetime": "2024-01-19 02:12:54", "elapsed": 7328.132012, "delta": 0.006121}}
{"target": -17.677230851651185, "params": {"gamma": 56.240632040893466, "log10_alpha": -0.29124424845067054, "log10_colsample_bytree": -0.1260968248688219, "log10_eta": -3.646186645596376, "log10_lambda": -1.8183769836836703, "log10_min_child_weight": 4.1903344547912384, "log10_subsample": -0.203704590431959, "max_depth": 3.0, "num_boost_round": 2.0}, "datetime": {"datetime": "2024-01-19 02:12:54", "elapsed": 7328.137285, "delta": 0.005273}}
{"target": -17.677231086888185, "params": {"gamma": 56.240632040893466, "log10_alpha": -0.29124424845067054, "log10_colsample_bytree": -0.1260968248688219, "log10_eta": -3.646186645596376, "log10_lambda": -1.8183769836836703, "log10_min_child_weight": 4.1903344547912384, "log10_subsample": -0.203704590431959, "max_depth": 3.0, "num_boost_round": 3.0}, "datetime": {"datetime": "2024-01-19 02:12:54", "elapsed": 7328.142634, "delta": 0.005349}}
{"target": -17.67723155020462, "params": {"gamma": 56.240632040893466, "log10_alpha": -0.29124424845067054, "log10_colsample_bytree": -0.1260968248688219, "log10_eta": -3.646186645596376, "log10_lambda": -1.8183769836836703, "log10_min_child_weight": 4.1903344547912384, "log10_subsample": -0.203704590431959, "max_depth": 3.0, "num_boost_round": 4.0}, "datetime": {"datetime": "2024-01-19 02:12:54", "elapsed": 7328.147967, "delta": 0.005333}}
{"target": -17.67723388429904, "params": {"gamma": 56.240632040893466, "log10_alpha": -0.29124424845067054, "log10_colsample_bytree": -0.1260968248688219, "log10_eta": -3.646186645596376, "log10_lambda": -1.8183769836836703, "log10_min_child_weight": 4.1903344547912384, "log10_subsample": -0.203704590431959, "max_depth": 3.0, "num_boost_round": 5.0}, "datetime": {"datetime": "2024-01-19 02:12:54", "elapsed": 7328.15339, "delta": 0.005423}}
{"target": -17.67723219418491, "params": {"gamma": 56.240632040893466, "log10_alpha": -0.29124424845067054, "log10_colsample_bytree": -0.1260968248688219, "log10_eta": -3.646186645596376, "log10_lambda": -1.8183769836836703, "log10_min_child_weight": 4.1903344547912384, "log10_subsample": -0.203704590431959, "max_depth": 3.0, "num_boost_round": 6.0}, "datetime": {"datetime": "2024-01-19 02:12:54", "elapsed": 7328.158772, "delta": 0.005382}}
{"target": -17.677233132292685, "params": {"gamma": 56.240632040893466, "log10_alpha": -0.29124424845067054, "log10_colsample_bytree": -0.1260968248688219, "log10_eta": -3.646186645596376, "log10_lambda": -1.8183769836836703, "log10_min_child_weight": 4.1903344547912384, "log10_subsample": -0.203704590431959, "max_depth": 3.0, "num_boost_round": 7.0}, "datetime": {"datetime": "2024-01-19 02:12:54", "elapsed": 7328.164203, "delta": 0.005431}}
{"target": -17.677231820529308, "params": {"gamma": 56.240632040893466, "log10_alpha": -0.29124424845067054, "log10_colsample_bytree": -0.1260968248688219, "log10_eta": -3.646186645596376, "log10_lambda": -1.8183769836836703, "log10_min_child_weight": 4.1903344547912384, "log10_subsample": -0.203704590431959, "max_depth": 3.0, "num_boost_round": 8.0}, "datetime": {"datetime": "2024-01-19 02:12:54", "elapsed": 7328.169805, "delta": 0.005602}}
{"target": -17.677231387858953, "params": {"gamma": 56.240632040893466, "log10_alpha": -0.29124424845067054, "log10_colsample_bytree": -0.1260968248688219, "log10_eta": -3.646186645596376, "log10_lambda": -1.8183769836836703, "log10_min_child_weight": 4.1903344547912384, "log10_subsample": -0.203704590431959, "max_depth": 3.0, "num_boost_round": 9.0}, "datetime": {"datetime": "2024-01-19 02:12:54", "elapsed": 7328.175377, "delta": 0.005572}}
{"target": -17.67723073551361, "params": {"gamma": 56.240632040893466, "log10_alpha": -0.29124424845067054, "log10_colsample_bytree": -0.1260968248688219, "log10_eta": -3.646186645596376, "log10_lambda": -1.8183769836836703, "log10_min_child_weight": 4.1903344547912384, "log10_subsample": -0.203704590431959, "max_depth": 3.0, "num_boost_round": 10.0}, "datetime": {"datetime": "2024-01-19 02:12:54", "elapsed": 7328.180713, "delta": 0.005336}}
{"target": -17.677224394807492, "params": {"gamma": 56.240632040893466, "log10_alpha": -0.29124424845067054, "log10_colsample_bytree": -0.1260968248688219, "log10_eta": -3.646186645596376, "log10_lambda": -1.8183769836836703, "log10_min_child_weight": 4.1903344547912384, "log10_subsample": -0.203704590431959, "max_depth": 3.0, "num_boost_round": 11.0}, "datetime": {"datetime": "2024-01-19 02:12:54", "elapsed": 7328.185942, "delta": 0.005229}}
{"target": -17.677223594343992, "params": {"gamma": 56.240632040893466, "log10_alpha": -0.29124424845067054, "log10_colsample_bytree": -0.1260968248688219, "log10_eta": -3.646186645596376, "log10_lambda": -1.8183769836836703, "log10_min_child_weight": 4.1903344547912384, "log10_subsample": -0.203704590431959, "max_depth": 3.0, "num_boost_round": 12.0}, "datetime": {"datetime": "2024-01-19 02:12:54", "elapsed": 7328.191201, "delta": 0.005259}}
{"target": -17.67722141289068, "params": {"gamma": 56.240632040893466, "log10_alpha": -0.29124424845067054, "log10_colsample_bytree": -0.1260968248688219, "log10_eta": -3.646186645596376, "log10_lambda": -1.8183769836836703, "log10_min_child_weight": 4.1903344547912384, "log10_subsample": -0.203704590431959, "max_depth": 3.0, "num_boost_round": 13.0}, "datetime": {"datetime": "2024-01-19 02:12:54", "elapsed": 7328.19648, "delta": 0.005279}}
{"target": -17.677220282040345, "params": {"gamma": 56.240632040893466, "log10_alpha": -0.29124424845067054, "log10_colsample_bytree": -0.1260968248688219, "log10_eta": -3.646186645596376, "log10_lambda": -1.8183769836836703, "log10_min_child_weight": 4.1903344547912384, "log10_subsample": -0.203704590431959, "max_depth": 3.0, "num_boost_round": 14.0}, "datetime": {"datetime": "2024-01-19 02:12:54", "elapsed": 7328.201815, "delta": 0.005335}}
{"target": -17.677217615541032, "params": {"gamma": 56.240632040893466, "log10_alpha": -0.29124424845067054, "log10_colsample_bytree": -0.1260968248688219, "log10_eta": -3.646186645596376, "log10_lambda": -1.8183769836836703, "log10_min_child_weight": 4.1903344547912384, "log10_subsample": -0.203704590431959, "max_depth": 3.0, "num_boost_round": 15.0}, "datetime": {"datetime": "2024-01-19 02:12:54", "elapsed": 7328.207238, "delta": 0.005423}}
{"target": -17.67721793195051, "params": {"gamma": 56.240632040893466, "log10_alpha": -0.29124424845067054, "log10_colsample_bytree": -0.1260968248688219, "log10_eta": -3.646186645596376, "log10_lambda": -1.8183769836836703, "log10_min_child_weight": 4.1903344547912384, "log10_subsample": -0.203704590431959, "max_depth": 3.0, "num_boost_round": 16.0}, "datetime": {"datetime": "2024-01-19 02:12:54", "elapsed": 7328.212595, "delta": 0.005357}}
{"target": -17.677214702388792, "params": {"gamma": 56.240632040893466, "log10_alpha": -0.29124424845067054, "log10_colsample_bytree": -0.1260968248688219, "log10_eta": -3.646186645596376, "log10_lambda": -1.8183769836836703, "log10_min_child_weight": 4.1903344547912384, "log10_subsample": -0.203704590431959, "max_depth": 3.0, "num_boost_round": 17.0}, "datetime": {"datetime": "2024-01-19 02:12:54", "elapsed": 7328.218098, "delta": 0.005503}}
{"target": -17.677212211752472, "params": {"gamma": 56.240632040893466, "log10_alpha": -0.29124424845067054, "log10_colsample_bytree": -0.1260968248688219, "log10_eta": -3.646186645596376, "log10_lambda": -1.8183769836836703, "log10_min_child_weight": 4.1903344547912384, "log10_subsample": -0.203704590431959, "max_depth": 3.0, "num_boost_round": 18.0}, "datetime": {"datetime": "2024-01-19 02:12:54", "elapsed": 7328.223452, "delta": 0.005354}}
{"target": -17.680711865132146, "params": {"gamma": 44.25500256271053, "log10_alpha": -4.3718684189025, "log10_colsample_bytree": -0.9714321280771598, "log10_eta": -0.6966988797677018, "log10_lambda": 0.3020314725456199, "log10_min_child_weight": 0.13161868935195165, "log10_subsample": -0.8529433728794041, "max_depth": 6.0, "num_boost_round": 0.0}, "datetime": {"datetime": "2024-01-19 02:14:19", "elapsed": 7413.099879, "delta": 84.876427}}
{"target": -17.677145671008834, "params": {"gamma": 44.25500256271053, "log10_alpha": -4.3718684189025, "log10_colsample_bytree": -0.9714321280771598, "log10_eta": -0.6966988797677018, "log10_lambda": 0.3020314725456199, "log10_min_child_weight": 0.13161868935195165, "log10_subsample": -0.8529433728794041, "max_depth": 6.0, "num_boost_round": 1.0}, "datetime": {"datetime": "2024-01-19 02:14:19", "elapsed": 7413.107219, "delta": 0.00734}}
{"target": -17.68669393972249, "params": {"gamma": 44.25500256271053, "log10_alpha": -4.3718684189025, "log10_colsample_bytree": -0.9714321280771598, "log10_eta": -0.6966988797677018, "log10_lambda": 0.3020314725456199, "log10_min_child_weight": 0.13161868935195165, "log10_subsample": -0.8529433728794041, "max_depth": 6.0, "num_boost_round": 2.0}, "datetime": {"datetime": "2024-01-19 02:14:19", "elapsed": 7413.114315, "delta": 0.007096}}
{"target": -17.691527854949243, "params": {"gamma": 44.25500256271053, "log10_alpha": -4.3718684189025, "log10_colsample_bytree": -0.9714321280771598, "log10_eta": -0.6966988797677018, "log10_lambda": 0.3020314725456199, "log10_min_child_weight": 0.13161868935195165, "log10_subsample": -0.8529433728794041, "max_depth": 6.0, "num_boost_round": 3.0}, "datetime": {"datetime": "2024-01-19 02:14:19", "elapsed": 7413.120838, "delta": 0.006523}}
{"target": -17.697953306191447, "params": {"gamma": 44.25500256271053, "log10_alpha": -4.3718684189025, "log10_colsample_bytree": -0.9714321280771598, "log10_eta": -0.6966988797677018, "log10_lambda": 0.3020314725456199, "log10_min_child_weight": 0.13161868935195165, "log10_subsample": -0.8529433728794041, "max_depth": 6.0, "num_boost_round": 4.0}, "datetime": {"datetime": "2024-01-19 02:14:19", "elapsed": 7413.127347, "delta": 0.006509}}
{"target": -17.711054930959296, "params": {"gamma": 44.25500256271053, "log10_alpha": -4.3718684189025, "log10_colsample_bytree": -0.9714321280771598, "log10_eta": -0.6966988797677018, "log10_lambda": 0.3020314725456199, "log10_min_child_weight": 0.13161868935195165, "log10_subsample": -0.8529433728794041, "max_depth": 6.0, "num_boost_round": 5.0}, "datetime": {"datetime": "2024-01-19 02:14:19", "elapsed": 7413.134032, "delta": 0.006685}}
{"target": -17.722805844000305, "params": {"gamma": 44.25500256271053, "log10_alpha": -4.3718684189025, "log10_colsample_bytree": -0.9714321280771598, "log10_eta": -0.6966988797677018, "log10_lambda": 0.3020314725456199, "log10_min_child_weight": 0.13161868935195165, "log10_subsample": -0.8529433728794041, "max_depth": 6.0, "num_boost_round": 6.0}, "datetime": {"datetime": "2024-01-19 02:14:19", "elapsed": 7413.140203, "delta": 0.006171}}
{"target": -17.72498918367165, "params": {"gamma": 44.25500256271053, "log10_alpha": -4.3718684189025, "log10_colsample_bytree": -0.9714321280771598, "log10_eta": -0.6966988797677018, "log10_lambda": 0.3020314725456199, "log10_min_child_weight": 0.13161868935195165, "log10_subsample": -0.8529433728794041, "max_depth": 6.0, "num_boost_round": 7.0}, "datetime": {"datetime": "2024-01-19 02:14:19", "elapsed": 7413.146371, "delta": 0.006168}}
{"target": -17.73487102629019, "params": {"gamma": 44.25500256271053, "log10_alpha": -4.3718684189025, "log10_colsample_bytree": -0.9714321280771598, "log10_eta": -0.6966988797677018, "log10_lambda": 0.3020314725456199, "log10_min_child_weight": 0.13161868935195165, "log10_subsample": -0.8529433728794041, "max_depth": 6.0, "num_boost_round": 8.0}, "datetime": {"datetime": "2024-01-19 02:14:19", "elapsed": 7413.152439, "delta": 0.006068}}
{"target": -17.736156432687018, "params": {"gamma": 44.25500256271053, "log10_alpha": -4.3718684189025, "log10_colsample_bytree": -0.9714321280771598, "log10_eta": -0.6966988797677018, "log10_lambda": 0.3020314725456199, "log10_min_child_weight": 0.13161868935195165, "log10_subsample": -0.8529433728794041, "max_depth": 6.0, "num_boost_round": 9.0}, "datetime": {"datetime": "2024-01-19 02:14:19", "elapsed": 7413.158333, "delta": 0.005894}}
{"target": -17.778713869870856, "params": {"gamma": 44.25500256271053, "log10_alpha": -4.3718684189025, "log10_colsample_bytree": -0.9714321280771598, "log10_eta": -0.6966988797677018, "log10_lambda": 0.3020314725456199, "log10_min_child_weight": 0.13161868935195165, "log10_subsample": -0.8529433728794041, "max_depth": 6.0, "num_boost_round": 10.0}, "datetime": {"datetime": "2024-01-19 02:14:19", "elapsed": 7413.16377, "delta": 0.005437}}
{"target": -17.777171156692493, "params": {"gamma": 44.25500256271053, "log10_alpha": -4.3718684189025, "log10_colsample_bytree": -0.9714321280771598, "log10_eta": -0.6966988797677018, "log10_lambda": 0.3020314725456199, "log10_min_child_weight": 0.13161868935195165, "log10_subsample": -0.8529433728794041, "max_depth": 6.0, "num_boost_round": 11.0}, "datetime": {"datetime": "2024-01-19 02:14:19", "elapsed": 7413.169537, "delta": 0.005767}}
{"target": -17.78304139648226, "params": {"gamma": 44.25500256271053, "log10_alpha": -4.3718684189025, "log10_colsample_bytree": -0.9714321280771598, "log10_eta": -0.6966988797677018, "log10_lambda": 0.3020314725456199, "log10_min_child_weight": 0.13161868935195165, "log10_subsample": -0.8529433728794041, "max_depth": 6.0, "num_boost_round": 12.0}, "datetime": {"datetime": "2024-01-19 02:14:19", "elapsed": 7413.175158, "delta": 0.005621}}
{"target": -17.79228050389863, "params": {"gamma": 44.25500256271053, "log10_alpha": -4.3718684189025, "log10_colsample_bytree": -0.9714321280771598, "log10_eta": -0.6966988797677018, "log10_lambda": 0.3020314725456199, "log10_min_child_weight": 0.13161868935195165, "log10_subsample": -0.8529433728794041, "max_depth": 6.0, "num_boost_round": 13.0}, "datetime": {"datetime": "2024-01-19 02:14:19", "elapsed": 7413.181125, "delta": 0.005967}}
{"target": -17.79997765861519, "params": {"gamma": 44.25500256271053, "log10_alpha": -4.3718684189025, "log10_colsample_bytree": -0.9714321280771598, "log10_eta": -0.6966988797677018, "log10_lambda": 0.3020314725456199, "log10_min_child_weight": 0.13161868935195165, "log10_subsample": -0.8529433728794041, "max_depth": 6.0, "num_boost_round": 14.0}, "datetime": {"datetime": "2024-01-19 02:14:19", "elapsed": 7413.187241, "delta": 0.006116}}
{"target": -17.8072024238505, "params": {"gamma": 44.25500256271053, "log10_alpha": -4.3718684189025, "log10_colsample_bytree": -0.9714321280771598, "log10_eta": -0.6966988797677018, "log10_lambda": 0.3020314725456199, "log10_min_child_weight": 0.13161868935195165, "log10_subsample": -0.8529433728794041, "max_depth": 6.0, "num_boost_round": 15.0}, "datetime": {"datetime": "2024-01-19 02:14:19", "elapsed": 7413.374014, "delta": 0.186773}}
{"target": -17.813335196884307, "params": {"gamma": 44.25500256271053, "log10_alpha": -4.3718684189025, "log10_colsample_bytree": -0.9714321280771598, "log10_eta": -0.6966988797677018, "log10_lambda": 0.3020314725456199, "log10_min_child_weight": 0.13161868935195165, "log10_subsample": -0.8529433728794041, "max_depth": 6.0, "num_boost_round": 16.0}, "datetime": {"datetime": "2024-01-19 02:14:19", "elapsed": 7413.381827, "delta": 0.007813}}
{"target": -17.82048167069091, "params": {"gamma": 44.25500256271053, "log10_alpha": -4.3718684189025, "log10_colsample_bytree": -0.9714321280771598, "log10_eta": -0.6966988797677018, "log10_lambda": 0.3020314725456199, "log10_min_child_weight": 0.13161868935195165, "log10_subsample": -0.8529433728794041, "max_depth": 6.0, "num_boost_round": 17.0}, "datetime": {"datetime": "2024-01-19 02:14:19", "elapsed": 7413.388102, "delta": 0.006275}}
{"target": -17.826971399604734, "params": {"gamma": 44.25500256271053, "log10_alpha": -4.3718684189025, "log10_colsample_bytree": -0.9714321280771598, "log10_eta": -0.6966988797677018, "log10_lambda": 0.3020314725456199, "log10_min_child_weight": 0.13161868935195165, "log10_subsample": -0.8529433728794041, "max_depth": 6.0, "num_boost_round": 18.0}, "datetime": {"datetime": "2024-01-19 02:14:19", "elapsed": 7413.393713, "delta": 0.005611}}
{"target": -17.829045707328294, "params": {"gamma": 44.25500256271053, "log10_alpha": -4.3718684189025, "log10_colsample_bytree": -0.9714321280771598, "log10_eta": -0.6966988797677018, "log10_lambda": 0.3020314725456199, "log10_min_child_weight": 0.13161868935195165, "log10_subsample": -0.8529433728794041, "max_depth": 6.0, "num_boost_round": 19.0}, "datetime": {"datetime": "2024-01-19 02:14:19", "elapsed": 7413.399267, "delta": 0.005554}}
{"target": -17.832556162394663, "params": {"gamma": 44.25500256271053, "log10_alpha": -4.3718684189025, "log10_colsample_bytree": -0.9714321280771598, "log10_eta": -0.6966988797677018, "log10_lambda": 0.3020314725456199, "log10_min_child_weight": 0.13161868935195165, "log10_subsample": -0.8529433728794041, "max_depth": 6.0, "num_boost_round": 20.0}, "datetime": {"datetime": "2024-01-19 02:14:19", "elapsed": 7413.404767, "delta": 0.0055}}
{"target": -17.834515390174673, "params": {"gamma": 44.25500256271053, "log10_alpha": -4.3718684189025, "log10_colsample_bytree": -0.9714321280771598, "log10_eta": -0.6966988797677018, "log10_lambda": 0.3020314725456199, "log10_min_child_weight": 0.13161868935195165, "log10_subsample": -0.8529433728794041, "max_depth": 6.0, "num_boost_round": 21.0}, "datetime": {"datetime": "2024-01-19 02:14:19", "elapsed": 7413.410288, "delta": 0.005521}}
