{"target": -13.758175004172891, "params": {"gamma": 891.2834004511335, "log10_alpha": -0.7980454438438755, "log10_colsample_bytree": -0.6690572291042739, "log10_eta": -2.9801921285385222, "log10_lambda": -3.414225008834034, "log10_min_child_weight": 2.09311969255452, "log10_subsample": -0.5444014839740566, "max_depth": 5.0, "num_boost_round": 11.0}, "datetime": {"datetime": "2024-01-19 00:21:48", "elapsed": 612.739885, "delta": 0.001949}}
{"target": -13.758170681260294, "params": {"gamma": 891.2834004511335, "log10_alpha": -0.7980454438438755, "log10_colsample_bytree": -0.6690572291042739, "log10_eta": -2.9801921285385222, "log10_lambda": -3.414225008834034, "log10_min_child_weight": 2.09311969255452, "log10_subsample": -0.5444014839740566, "max_depth": 5.0, "num_boost_round": 12.0}, "datetime": {"datetime": "2024-01-19 00:21:48", "elapsed": 612.741278, "delta": 0.001393}}
{"target": -13.758181329796464, "params": {"gamma": 891.2834004511335, "log10_alpha": -0.7980454438438755, "log10_colsample_bytree": -0.6690572291042739, "log10_eta": -2.9801921285385222, "log10_lambda": -3.414225008834034, "log10_min_child_weight": 2.09311969255452, "log10_subsample": -0.5444014839740566, "max_depth": 5.0, "num_boost_round": 13.0}, "datetime": {"datetime": "2024-01-19 00:21:48", "elapsed": 612.742651, "delta": 0.001373}}
{"target": -13.758191352648108, "params": {"gamma": 891.2834004511335, "log10_alpha": -0.7980454438438755, "log10_colsample_bytree": -0.6690572291042739, "log10_eta": -2.9801921285385222, "log10_lambda": -3.414225008834034, "log10_min_child_weight": 2.09311969255452, "log10_subsample": -0.5444014839740566, "max_depth": 5.0, "num_boost_round": 14.0}, "datetime": {"datetime": "2024-01-19 00:21:48", "elapsed": 612.744196, "delta": 0.001545}}
{"target": -13.75816678103887, "params": {"gamma": 891.2834004511335, "log10_alpha": -0.7980454438438755, "log10_colsample_bytree": -0.6690572291042739, "log10_eta": -2.9801921285385222, "log10_lambda": -3.414225008834034, "log10_min_child_weight": 2.09311969255452, "log10_subsample": -0.5444014839740566, "max_depth": 5.0, "num_boost_round": 15.0}, "datetime": {"datetime": "2024-01-19 00:21:48", "elapsed": 612.745457, "delta": 0.001261}}
{"target": -13.758147252478885, "params": {"gamma": 891.2834004511335, "log10_alpha": -0.7980454438438755, "log10_colsample_bytree": -0.6690572291042739, "log10_eta": -2.9801921285385222, "log10_lambda": -3.414225008834034, "log10_min_child_weight": 2.09311969255452, "log10_subsample": -0.5444014839740566, "max_depth": 5.0, "num_boost_round": 16.0}, "datetime": {"datetime": "2024-01-19 00:21:48", "elapsed": 612.746686, "delta": 0.001229}}
{"target": -13.75813002258097, "params": {"gamma": 891.2834004511335, "log10_alpha": -0.7980454438438755, "log10_colsample_bytree": -0.6690572291042739, "log10_eta": -2.9801921285385222, "log10_lambda": -3.414225008834034, "log10_min_child_weight": 2.09311969255452, "log10_subsample": -0.5444014839740566, "max_depth": 5.0, "num_boost_round": 17.0}, "datetime": {"datetime": "2024-01-19 00:21:48", "elapsed": 612.747921, "delta": 0.001235}}
{"target": -13.758132700503383, "params": {"gamma": 891.2834004511335, "log10_alpha": -0.7980454438438755, "log10_colsample_bytree": -0.6690572291042739, "log10_eta": -2.9801921285385222, "log10_lambda": -3.414225008834034, "log10_min_child_weight": 2.09311969255452, "log10_subsample": -0.5444014839740566, "max_depth": 5.0, "num_boost_round": 18.0}, "datetime": {"datetime": "2024-01-19 00:21:48", "elapsed": 612.749183, "delta": 0.001262}}
{"target": -13.75812753424348, "params": {"gamma": 891.2834004511335, "log10_alpha": -0.7980454438438755, "log10_colsample_bytree": -0.6690572291042739, "log10_eta": -2.9801921285385222, "log10_lambda": -3.414225008834034, "log10_min_child_weight": 2.09311969255452, "log10_subsample": -0.5444014839740566, "max_depth": 5.0, "num_boost_round": 19.0}, "datetime": {"datetime": "2024-01-19 00:21:48", "elapsed": 612.750521, "delta": 0.001338}}
{"target": -13.758106371291335, "params": {"gamma": 891.2834004511335, "log10_alpha": -0.7980454438438755, "log10_colsample_bytree": -0.6690572291042739, "log10_eta": -2.9801921285385222, "log10_lambda": -3.414225008834034, "log10_min_child_weight": 2.09311969255452, "log10_subsample": -0.5444014839740566, "max_depth": 5.0, "num_boost_round": 20.0}, "datetime": {"datetime": "2024-01-19 00:21:48", "elapsed": 612.751864, "delta": 0.001343}}
{"target": -13.75852600284238, "params": {"gamma": 895.485755150594, "log10_alpha": -0.17939559857308485, "log10_colsample_bytree": -0.16750722310187627, "log10_eta": -2.7755859515738677, "log10_lambda": -1.075193102651948, "log10_min_child_weight": 3.491260217555908, "log10_subsample": -0.8592049310065303, "max_depth": 7.0, "num_boost_round": 0.0}, "datetime": {"datetime": "2024-01-19 00:22:13", "elapsed": 638.196196, "delta": 25.444332}}
{"target": -13.75851585541979, "params": {"gamma": 895.485755150594, "log10_alpha": -0.17939559857308485, "log10_colsample_bytree": -0.16750722310187627, "log10_eta": -2.7755859515738677, "log10_lambda": -1.075193102651948, "log10_min_child_weight": 3.491260217555908, "log10_subsample": -0.8592049310065303, "max_depth": 7.0, "num_boost_round": 1.0}, "datetime": {"datetime": "2024-01-19 00:22:13", "elapsed": 638.197912, "delta": 0.001716}}
{"target": -13.75854565938632, "params": {"gamma": 895.485755150594, "log10_alpha": -0.17939559857308485, "log10_colsample_bytree": -0.16750722310187627, "log10_eta": -2.7755859515738677, "log10_lambda": -1.075193102651948, "log10_min_child_weight": 3.491260217555908, "log10_subsample": -0.8592049310065303, "max_depth": 7.0, "num_boost_round": 2.0}, "datetime": {"datetime": "2024-01-19 00:22:13", "elapsed": 638.199188, "delta": 0.001276}}
{"target": -13.758525716026066, "params": {"gamma": 895.485755150594, "log10_alpha": -0.17939559857308485, "log10_colsample_bytree": -0.16750722310187627, "log10_eta": -2.7755859515738677, "log10_lambda": -1.075193102651948, "log10_min_child_weight": 3.491260217555908, "log10_subsample": -0.8592049310065303, "max_depth": 7.0, "num_boost_round": 3.0}, "datetime": {"datetime": "2024-01-19 00:22:13", "elapsed": 638.200432, "delta": 0.001244}}
{"target": -13.758545929954131, "params": {"gamma": 895.485755150594, "log10_alpha": -0.17939559857308485, "log10_colsample_bytree": -0.16750722310187627, "log10_eta": -2.7755859515738677, "log10_lambda": -1.075193102651948, "log10_min_child_weight": 3.491260217555908, "log10_subsample": -0.8592049310065303, "max_depth": 7.0, "num_boost_round": 4.0}, "datetime": {"datetime": "2024-01-19 00:22:13", "elapsed": 638.201663, "delta": 0.001231}}
{"target": -13.758547956843138, "params": {"gamma": 895.485755150594, "log10_alpha": -0.17939559857308485, "log10_colsample_bytree": -0.16750722310187627, "log10_eta": -2.7755859515738677, "log10_lambda": -1.075193102651948, "log10_min_child_weight": 3.491260217555908, "log10_subsample": -0.8592049310065303, "max_depth": 7.0, "num_boost_round": 5.0}, "datetime": {"datetime": "2024-01-19 00:22:13", "elapsed": 638.2029, "delta": 0.001237}}
{"target": -13.758539062747033, "params": {"gamma": 895.485755150594, "log10_alpha": -0.17939559857308485, "log10_colsample_bytree": -0.16750722310187627, "log10_eta": -2.7755859515738677, "log10_lambda": -1.075193102651948, "log10_min_child_weight": 3.491260217555908, "log10_subsample": -0.8592049310065303, "max_depth": 7.0, "num_boost_round": 6.0}, "datetime": {"datetime": "2024-01-19 00:22:13", "elapsed": 638.204134, "delta": 0.001234}}
{"target": -13.758523154687701, "params": {"gamma": 895.485755150594, "log10_alpha": -0.17939559857308485, "log10_colsample_bytree": -0.16750722310187627, "log10_eta": -2.7755859515738677, "log10_lambda": -1.075193102651948, "log10_min_child_weight": 3.491260217555908, "log10_subsample": -0.8592049310065303, "max_depth": 7.0, "num_boost_round": 7.0}, "datetime": {"datetime": "2024-01-19 00:22:13", "elapsed": 638.20615, "delta": 0.002016}}
{"target": -13.758499734524596, "params": {"gamma": 895.485755150594, "log10_alpha": -0.17939559857308485, "log10_colsample_bytree": -0.16750722310187627, "log10_eta": -2.7755859515738677, "log10_lambda": -1.075193102651948, "log10_min_child_weight": 3.491260217555908, "log10_subsample": -0.8592049310065303, "max_depth": 7.0, "num_boost_round": 8.0}, "datetime": {"datetime": "2024-01-19 00:22:13", "elapsed": 638.207429, "delta": 0.001279}}
{"target": -13.75849330389951, "params": {"gamma": 895.485755150594, "log10_alpha": -0.17939559857308485, "log10_colsample_bytree": -0.16750722310187627, "log10_eta": -2.7755859515738677, "log10_lambda": -1.075193102651948, "log10_min_child_weight": 3.491260217555908, "log10_subsample": -0.8592049310065303, "max_depth": 7.0, "num_boost_round": 9.0}, "datetime": {"datetime": "2024-01-19 00:22:13", "elapsed": 638.208667, "delta": 0.001238}}
{"target": -13.758463650329647, "params": {"gamma": 895.485755150594, "log10_alpha": -0.17939559857308485, "log10_colsample_bytree": -0.16750722310187627, "log10_eta": -2.7755859515738677, "log10_lambda": -1.075193102651948, "log10_min_child_weight": 3.491260217555908, "log10_subsample": -0.8592049310065303, "max_depth": 7.0, "num_boost_round": 10.0}, "datetime": {"datetime": "2024-01-19 00:22:13", "elapsed": 638.209909, "delta": 0.001242}}
{"target": -13.758425426326756, "params": {"gamma": 895.485755150594, "log10_alpha": -0.17939559857308485, "log10_colsample_bytree": -0.16750722310187627, "log10_eta": -2.7755859515738677, "log10_lambda": -1.075193102651948, "log10_min_child_weight": 3.491260217555908, "log10_subsample": -0.8592049310065303, "max_depth": 7.0, "num_boost_round": 11.0}, "datetime": {"datetime": "2024-01-19 00:22:13", "elapsed": 638.211141, "delta": 0.001232}}
{"target": -13.75841138209145, "params": {"gamma": 895.485755150594, "log10_alpha": -0.17939559857308485, "log10_colsample_bytree": -0.16750722310187627, "log10_eta": -2.7755859515738677, "log10_lambda": -1.075193102651948, "log10_min_child_weight": 3.491260217555908, "log10_subsample": -0.8592049310065303, "max_depth": 7.0, "num_boost_round": 12.0}, "datetime": {"datetime": "2024-01-19 00:22:13", "elapsed": 638.212368, "delta": 0.001227}}
{"target": -13.758392943129591, "params": {"gamma": 895.485755150594, "log10_alpha": -0.17939559857308485, "log10_colsample_bytree": -0.16750722310187627, "log10_eta": -2.7755859515738677, "log10_lambda": -1.075193102651948, "log10_min_child_weight": 3.491260217555908, "log10_subsample": -0.8592049310065303, "max_depth": 7.0, "num_boost_round": 13.0}, "datetime": {"datetime": "2024-01-19 00:22:13", "elapsed": 638.213605, "delta": 0.001237}}
{"target": -13.758389320589467, "params": {"gamma": 895.485755150594, "log10_alpha": -0.17939559857308485, "log10_colsample_bytree": -0.16750722310187627, "log10_eta": -2.7755859515738677, "log10_lambda": -1.075193102651948, "log10_min_child_weight": 3.491260217555908, "log10_subsample": -0.8592049310065303, "max_depth": 7.0, "num_boost_round": 14.0}, "datetime": {"datetime": "2024-01-19 00:22:13", "elapsed": 638.214855, "delta": 0.00125}}
{"target": -13.758361761247714, "params": {"gamma": 895.485755150594, "log10_alpha": -0.17939559857308485, "log10_colsample_bytree": -0.16750722310187627, "log10_eta": -2.7755859515738677, "log10_lambda": -1.075193102651948, "log10_min_child_weight": 3.491260217555908, "log10_subsample": -0.8592049310065303, "max_depth": 7.0, "num_boost_round": 15.0}, "datetime": {"datetime": "2024-01-19 00:22:13", "elapsed": 638.216094, "delta": 0.001239}}
{"target": -13.75830795701983, "params": {"gamma": 895.485755150594, "log10_alpha": -0.17939559857308485, "log10_colsample_bytree": -0.16750722310187627, "log10_eta": -2.7755859515738677, "log10_lambda": -1.075193102651948, "log10_min_child_weight": 3.491260217555908, "log10_subsample": -0.8592049310065303, "max_depth": 7.0, "num_boost_round": 16.0}, "datetime": {"datetime": "2024-01-19 00:22:13", "elapsed": 638.217331, "delta": 0.001237}}
{"target": -13.758309970775716, "params": {"gamma": 895.485755150594, "log10_alpha": -0.17939559857308485, "log10_colsample_bytree": -0.16750722310187627, "log10_eta": -2.7755859515738677, "log10_lambda": -1.075193102651948, "log10_min_child_weight": 3.491260217555908, "log10_subsample": -0.8592049310065303, "max_depth": 7.0, "num_boost_round": 17.0}, "datetime": {"datetime": "2024-01-19 00:22:13", "elapsed": 638.218585, "delta": 0.001254}}
{"target": -13.758322013264381, "params": {"gamma": 895.485755150594, "log10_alpha": -0.17939559857308485, "log10_colsample_bytree": -0.16750722310187627, "log10_eta": -2.7755859515738677, "log10_lambda": -1.075193102651948, "log10_min_child_weight": 3.491260217555908, "log10_subsample": -0.8592049310065303, "max_depth": 7.0, "num_boost_round": 18.0}, "datetime": {"datetime": "2024-01-19 00:22:13", "elapsed": 638.220977, "delta": 0.002392}}
{"target": -13.7583268770248, "params": {"gamma": 895.485755150594, "log10_alpha": -0.17939559857308485, "log10_colsample_bytree": -0.16750722310187627, "log10_eta": -2.7755859515738677, "log10_lambda": -1.075193102651948, "log10_min_child_weight": 3.491260217555908, "log10_subsample": -0.8592049310065303, "max_depth": 7.0, "num_boost_round": 19.0}, "datetime": {"datetime": "2024-01-19 00:22:13", "elapsed": 638.222898, "delta": 0.001921}}
{"target": -13.758322000772107, "params": {"gamma": 895.485755150594, "log10_alpha": -0.17939559857308485, "log10_colsample_bytree": -0.16750722310187627, "log10_eta": -2.7755859515738677, "log10_lambda": -1.075193102651948, "log10_min_child_weight": 3.491260217555908, "log10_subsample": -0.8592049310065303, "max_depth": 7.0, "num_boost_round": 20.0}, "datetime": {"datetime": "2024-01-19 00:22:13", "elapsed": 638.224159, "delta": 0.001261}}
{"target": -13.758338184401598, "params": {"gamma": 895.485755150594, "log10_alpha": -0.17939559857308485, "log10_colsample_bytree": -0.16750722310187627, "log10_eta": -2.7755859515738677, "log10_lambda": -1.075193102651948, "log10_min_child_weight": 3.491260217555908, "log10_subsample": -0.8592049310065303, "max_depth": 7.0, "num_boost_round": 21.0}, "datetime": {"datetime": "2024-01-19 00:22:13", "elapsed": 638.225418, "delta": 0.001259}}
{"target": -13.758304635712822, "params": {"gamma": 895.485755150594, "log10_alpha": -0.17939559857308485, "log10_colsample_bytree": -0.16750722310187627, "log10_eta": -2.7755859515738677, "log10_lambda": -1.075193102651948, "log10_min_child_weight": 3.491260217555908, "log10_subsample": -0.8592049310065303, "max_depth": 7.0, "num_boost_round": 22.0}, "datetime": {"datetime": "2024-01-19 00:22:13", "elapsed": 638.22669, "delta": 0.001272}}
{"target": -13.758287820767613, "params": {"gamma": 895.485755150594, "log10_alpha": -0.17939559857308485, "log10_colsample_bytree": -0.16750722310187627, "log10_eta": -2.7755859515738677, "log10_lambda": -1.075193102651948, "log10_min_child_weight": 3.491260217555908, "log10_subsample": -0.8592049310065303, "max_depth": 7.0, "num_boost_round": 23.0}, "datetime": {"datetime": "2024-01-19 00:22:13", "elapsed": 638.227958, "delta": 0.001268}}
{"target": -13.75849604492156, "params": {"gamma": 893.0264310510042, "log10_alpha": -2.9558074344303247, "log10_colsample_bytree": -0.2555341401138379, "log10_eta": -2.761641440402961, "log10_lambda": -1.2986171565228322, "log10_min_child_weight": 1.6299302681182608, "log10_subsample": -0.2609183564523673, "max_depth": 6.0, "num_boost_round": 0.0}, "datetime": {"datetime": "2024-01-19 00:22:37", "elapsed": 661.462805, "delta": 23.234847}}
{"target": -13.758484571844232, "params": {"gamma": 893.0264310510042, "log10_alpha": -2.9558074344303247, "log10_colsample_bytree": -0.2555341401138379, "log10_eta": -2.761641440402961, "log10_lambda": -1.2986171565228322, "log10_min_child_weight": 1.6299302681182608, "log10_subsample": -0.2609183564523673, "max_depth": 6.0, "num_boost_round": 1.0}, "datetime": {"datetime": "2024-01-19 00:22:37", "elapsed": 661.464752, "delta": 0.001947}}
{"target": -13.758480455356187, "params": {"gamma": 893.0264310510042, "log10_alpha": -2.9558074344303247, "log10_colsample_bytree": -0.2555341401138379, "log10_eta": -2.761641440402961, "log10_lambda": -1.2986171565228322, "log10_min_child_weight": 1.6299302681182608, "log10_subsample": -0.2609183564523673, "max_depth": 6.0, "num_boost_round": 2.0}, "datetime": {"datetime": "2024-01-19 00:22:37", "elapsed": 661.466055, "delta": 0.001303}}
{"target": -13.758432919478015, "params": {"gamma": 893.0264310510042, "log10_alpha": -2.9558074344303247, "log10_colsample_bytree": -0.2555341401138379, "log10_eta": -2.761641440402961, "log10_lambda": -1.2986171565228322, "log10_min_child_weight": 1.6299302681182608, "log10_subsample": -0.2609183564523673, "max_depth": 6.0, "num_boost_round": 3.0}, "datetime": {"datetime": "2024-01-19 00:22:37", "elapsed": 661.467331, "delta": 0.001276}}
{"target": -13.758388691145852, "params": {"gamma": 893.0264310510042, "log10_alpha": -2.9558074344303247, "log10_colsample_bytree": -0.2555341401138379, "log10_eta": -2.761641440402961, "log10_lambda": -1.2986171565228322, "log10_min_child_weight": 1.6299302681182608, "log10_subsample": -0.2609183564523673, "max_depth": 6.0, "num_boost_round": 4.0}, "datetime": {"datetime": "2024-01-19 00:22:37", "elapsed": 661.468708, "delta": 0.001377}}
{"target": -13.758388078983879, "params": {"gamma": 893.0264310510042, "log10_alpha": -2.9558074344303247, "log10_colsample_bytree": -0.2555341401138379, "log10_eta": -2.761641440402961, "log10_lambda": -1.2986171565228322, "log10_min_child_weight": 1.6299302681182608, "log10_subsample": -0.2609183564523673, "max_depth": 6.0, "num_boost_round": 5.0}, "datetime": {"datetime": "2024-01-19 00:22:37", "elapsed": 661.469993, "delta": 0.001285}}
{"target": -13.758353985553146, "params": {"gamma": 893.0264310510042, "log10_alpha": -2.9558074344303247, "log10_colsample_bytree": -0.2555341401138379, "log10_eta": -2.761641440402961, "log10_lambda": -1.2986171565228322, "log10_min_child_weight": 1.6299302681182608, "log10_subsample": -0.2609183564523673, "max_depth": 6.0, "num_boost_round": 6.0}, "datetime": {"datetime": "2024-01-19 00:22:37", "elapsed": 661.471416, "delta": 0.001423}}
{"target": -13.758361193566168, "params": {"gamma": 893.0264310510042, "log10_alpha": -2.9558074344303247, "log10_colsample_bytree": -0.2555341401138379, "log10_eta": -2.761641440402961, "log10_lambda": -1.2986171565228322, "log10_min_child_weight": 1.6299302681182608, "log10_subsample": -0.2609183564523673, "max_depth": 6.0, "num_boost_round": 7.0}, "datetime": {"datetime": "2024-01-19 00:22:37", "elapsed": 661.472768, "delta": 0.001352}}
{"target": -13.758368548804118, "params": {"gamma": 893.0264310510042, "log10_alpha": -2.9558074344303247, "log10_colsample_bytree": -0.2555341401138379, "log10_eta": -2.761641440402961, "log10_lambda": -1.2986171565228322, "log10_min_child_weight": 1.6299302681182608, "log10_subsample": -0.2609183564523673, "max_depth": 6.0, "num_boost_round": 8.0}, "datetime": {"datetime": "2024-01-19 00:22:37", "elapsed": 661.474041, "delta": 0.001273}}
{"target": -13.758331530152416, "params": {"gamma": 893.0264310510042, "log10_alpha": -2.9558074344303247, "log10_colsample_bytree": -0.2555341401138379, "log10_eta": -2.761641440402961, "log10_lambda": -1.2986171565228322, "log10_min_child_weight": 1.6299302681182608, "log10_subsample": -0.2609183564523673, "max_depth": 6.0, "num_boost_round": 9.0}, "datetime": {"datetime": "2024-01-19 00:22:37", "elapsed": 661.475304, "delta": 0.001263}}
{"target": -13.75829346389173, "params": {"gamma": 893.0264310510042, "log10_alpha": -2.9558074344303247, "log10_colsample_bytree": -0.2555341401138379, "log10_eta": -2.761641440402961, "log10_lambda": -1.2986171565228322, "log10_min_child_weight": 1.6299302681182608, "log10_subsample": -0.2609183564523673, "max_depth": 6.0, "num_boost_round": 10.0}, "datetime": {"datetime": "2024-01-19 00:22:37", "elapsed": 661.476575, "delta": 0.001271}}
{"target": -13.758263069464991, "params": {"gamma": 893.0264310510042, "log10_alpha": -2.9558074344303247, "log10_colsample_bytree": -0.2555341401138379, "log10_eta": -2.761641440402961, "log10_lambda": -1.2986171565228322, "log10_min_child_weight": 1.6299302681182608, "log10_subsample": -0.2609183564523673, "max_depth": 6.0, "num_boost_round": 11.0}, "datetime": {"datetime": "2024-01-19 00:22:37", "elapsed": 661.47785, "delta": 0.001275}}
{"target": -13.758228040710348, "params": {"gamma": 893.0264310510042, "log10_alpha": -2.9558074344303247, "log10_colsample_bytree": -0.2555341401138379, "log10_eta": -2.761641440402961, "log10_lambda": -1.2986171565228322, "log10_min_child_weight": 1.6299302681182608, "log10_subsample": -0.2609183564523673, "max_depth": 6.0, "num_boost_round": 12.0}, "datetime": {"datetime": "2024-01-19 00:22:37", "elapsed": 661.479116, "delta": 0.001266}}
{"target": -13.75821856576423, "params": {"gamma": 893.0264310510042, "log10_alpha": -2.9558074344303247, "log10_colsample_bytree": -0.2555341401138379, "log10_eta": -2.761641440402961, "log10_lambda": -1.2986171565228322, "log10_min_child_weight": 1.6299302681182608, "log10_subsample": -0.2609183564523673, "max_depth": 6.0, "num_boost_round": 13.0}, "datetime": {"datetime": "2024-01-19 00:22:37", "elapsed": 661.48038, "delta": 0.001264}}
{"target": -13.758211754994456, "params": {"gamma": 893.0264310510042, "log10_alpha": -2.9558074344303247, "log10_colsample_bytree": -0.2555341401138379, "log10_eta": -2.761641440402961, "log10_lambda": -1.2986171565228322, "log10_min_child_weight": 1.6299302681182608, "log10_subsample": -0.2609183564523673, "max_depth": 6.0, "num_boost_round": 14.0}, "datetime": {"datetime": "2024-01-19 00:22:37", "elapsed": 661.481654, "delta": 0.001274}}
