{"target": -17.67722573991714, "params": {"gamma": 52.138722906469816, "log10_alpha": -0.7605051054888232, "log10_colsample_bytree": -0.8314853834584469, "log10_eta": -3.954135459379096, "log10_lambda": 0.9340602195818466, "log10_min_child_weight": 3.83054099665217, "log10_subsample": -0.04449739947088904, "max_depth": 8.0, "num_boost_round": 2.0}, "datetime": {"datetime": "2024-01-19 01:31:16", "elapsed": 4830.088769, "delta": 0.106275}}
{"target": -17.677225884525825, "params": {"gamma": 52.138722906469816, "log10_alpha": -0.7605051054888232, "log10_colsample_bytree": -0.8314853834584469, "log10_eta": -3.954135459379096, "log10_lambda": 0.9340602195818466, "log10_min_child_weight": 3.83054099665217, "log10_subsample": -0.04449739947088904, "max_depth": 8.0, "num_boost_round": 3.0}, "datetime": {"datetime": "2024-01-19 01:31:16", "elapsed": 4830.093469, "delta": 0.0047}}
{"target": -17.677222229535133, "params": {"gamma": 52.138722906469816, "log10_alpha": -0.7605051054888232, "log10_colsample_bytree": -0.8314853834584469, "log10_eta": -3.954135459379096, "log10_lambda": 0.9340602195818466, "log10_min_child_weight": 3.83054099665217, "log10_subsample": -0.04449739947088904, "max_depth": 8.0, "num_boost_round": 4.0}, "datetime": {"datetime": "2024-01-19 01:31:16", "elapsed": 4830.097633, "delta": 0.004164}}
{"target": -17.677223163149904, "params": {"gamma": 52.138722906469816, "log10_alpha": -0.7605051054888232, "log10_colsample_bytree": -0.8314853834584469, "log10_eta": -3.954135459379096, "log10_lambda": 0.9340602195818466, "log10_min_child_weight": 3.83054099665217, "log10_subsample": -0.04449739947088904, "max_depth": 8.0, "num_boost_round": 5.0}, "datetime": {"datetime": "2024-01-19 01:31:16", "elapsed": 4830.101781, "delta": 0.004148}}
{"target": -17.677224562403463, "params": {"gamma": 52.138722906469816, "log10_alpha": -0.7605051054888232, "log10_colsample_bytree": -0.8314853834584469, "log10_eta": -3.954135459379096, "log10_lambda": 0.9340602195818466, "log10_min_child_weight": 3.83054099665217, "log10_subsample": -0.04449739947088904, "max_depth": 8.0, "num_boost_round": 6.0}, "datetime": {"datetime": "2024-01-19 01:31:16", "elapsed": 4830.105687, "delta": 0.003906}}
{"target": -17.677219379364526, "params": {"gamma": 52.138722906469816, "log10_alpha": -0.7605051054888232, "log10_colsample_bytree": -0.8314853834584469, "log10_eta": -3.954135459379096, "log10_lambda": 0.9340602195818466, "log10_min_child_weight": 3.83054099665217, "log10_subsample": -0.04449739947088904, "max_depth": 8.0, "num_boost_round": 7.0}, "datetime": {"datetime": "2024-01-19 01:31:16", "elapsed": 4830.109762, "delta": 0.004075}}
{"target": -17.677217807286027, "params": {"gamma": 52.138722906469816, "log10_alpha": -0.7605051054888232, "log10_colsample_bytree": -0.8314853834584469, "log10_eta": -3.954135459379096, "log10_lambda": 0.9340602195818466, "log10_min_child_weight": 3.83054099665217, "log10_subsample": -0.04449739947088904, "max_depth": 8.0, "num_boost_round": 8.0}, "datetime": {"datetime": "2024-01-19 01:31:16", "elapsed": 4830.113879, "delta": 0.004117}}
{"target": -17.677218457015904, "params": {"gamma": 52.138722906469816, "log10_alpha": -0.7605051054888232, "log10_colsample_bytree": -0.8314853834584469, "log10_eta": -3.954135459379096, "log10_lambda": 0.9340602195818466, "log10_min_child_weight": 3.83054099665217, "log10_subsample": -0.04449739947088904, "max_depth": 8.0, "num_boost_round": 9.0}, "datetime": {"datetime": "2024-01-19 01:31:16", "elapsed": 4830.117962, "delta": 0.004083}}
{"target": -17.67721702797227, "params": {"gamma": 52.138722906469816, "log10_alpha": -0.7605051054888232, "log10_colsample_bytree": -0.8314853834584469, "log10_eta": -3.954135459379096, "log10_lambda": 0.9340602195818466, "log10_min_child_weight": 3.83054099665217, "log10_subsample": -0.04449739947088904, "max_depth": 8.0, "num_boost_round": 10.0}, "datetime": {"datetime": "2024-01-19 01:31:16", "elapsed": 4830.122217, "delta": 0.004255}}
{"target": -17.67722902789056, "params": {"gamma": 43.18574974416312, "log10_alpha": -1.2887837412716228, "log10_colsample_bytree": -0.11439976780581274, "log10_eta": -3.8364641973472233, "log10_lambda": -1.0404905107414835, "log10_min_child_weight": 1.8937020481428197, "log10_subsample": -0.8177462102207338, "max_depth": 2.0, "num_boost_round": 0.0}, "datetime": {"datetime": "2024-01-19 01:32:23", "elapsed": 4896.818388, "delta": 66.696171}}
{"target": -17.67722481173651, "params": {"gamma": 43.18574974416312, "log10_alpha": -1.2887837412716228, "log10_colsample_bytree": -0.11439976780581274, "log10_eta": -3.8364641973472233, "log10_lambda": -1.0404905107414835, "log10_min_child_weight": 1.8937020481428197, "log10_subsample": -0.8177462102207338, "max_depth": 2.0, "num_boost_round": 1.0}, "datetime": {"datetime": "2024-01-19 01:32:23", "elapsed": 4896.823563, "delta": 0.005175}}
{"target": -17.67722067570589, "params": {"gamma": 43.18574974416312, "log10_alpha": -1.2887837412716228, "log10_colsample_bytree": -0.11439976780581274, "log10_eta": -3.8364641973472233, "log10_lambda": -1.0404905107414835, "log10_min_child_weight": 1.8937020481428197, "log10_subsample": -0.8177462102207338, "max_depth": 2.0, "num_boost_round": 2.0}, "datetime": {"datetime": "2024-01-19 01:32:23", "elapsed": 4896.827839, "delta": 0.004276}}
{"target": -17.67721859058696, "params": {"gamma": 43.18574974416312, "log10_alpha": -1.2887837412716228, "log10_colsample_bytree": -0.11439976780581274, "log10_eta": -3.8364641973472233, "log10_lambda": -1.0404905107414835, "log10_min_child_weight": 1.8937020481428197, "log10_subsample": -0.8177462102207338, "max_depth": 2.0, "num_boost_round": 3.0}, "datetime": {"datetime": "2024-01-19 01:32:23", "elapsed": 4896.83205, "delta": 0.004211}}
{"target": -17.67721540144093, "params": {"gamma": 43.18574974416312, "log10_alpha": -1.2887837412716228, "log10_colsample_bytree": -0.11439976780581274, "log10_eta": -3.8364641973472233, "log10_lambda": -1.0404905107414835, "log10_min_child_weight": 1.8937020481428197, "log10_subsample": -0.8177462102207338, "max_depth": 2.0, "num_boost_round": 4.0}, "datetime": {"datetime": "2024-01-19 01:32:23", "elapsed": 4896.83638, "delta": 0.00433}}
{"target": -17.677210962916938, "params": {"gamma": 43.18574974416312, "log10_alpha": -1.2887837412716228, "log10_colsample_bytree": -0.11439976780581274, "log10_eta": -3.8364641973472233, "log10_lambda": -1.0404905107414835, "log10_min_child_weight": 1.8937020481428197, "log10_subsample": -0.8177462102207338, "max_depth": 2.0, "num_boost_round": 5.0}, "datetime": {"datetime": "2024-01-19 01:32:23", "elapsed": 4896.840594, "delta": 0.004214}}
{"target": -17.677206632466007, "params": {"gamma": 43.18574974416312, "log10_alpha": -1.2887837412716228, "log10_colsample_bytree": -0.11439976780581274, "log10_eta": -3.8364641973472233, "log10_lambda": -1.0404905107414835, "log10_min_child_weight": 1.8937020481428197, "log10_subsample": -0.8177462102207338, "max_depth": 2.0, "num_boost_round": 6.0}, "datetime": {"datetime": "2024-01-19 01:32:23", "elapsed": 4896.844779, "delta": 0.004185}}
{"target": -17.677202470371096, "params": {"gamma": 43.18574974416312, "log10_alpha": -1.2887837412716228, "log10_colsample_bytree": -0.11439976780581274, "log10_eta": -3.8364641973472233, "log10_lambda": -1.0404905107414835, "log10_min_child_weight": 1.8937020481428197, "log10_subsample": -0.8177462102207338, "max_depth": 2.0, "num_boost_round": 7.0}, "datetime": {"datetime": "2024-01-19 01:32:23", "elapsed": 4896.849082, "delta": 0.004303}}
{"target": -17.677198056387567, "params": {"gamma": 43.18574974416312, "log10_alpha": -1.2887837412716228, "log10_colsample_bytree": -0.11439976780581274, "log10_eta": -3.8364641973472233, "log10_lambda": -1.0404905107414835, "log10_min_child_weight": 1.8937020481428197, "log10_subsample": -0.8177462102207338, "max_depth": 2.0, "num_boost_round": 8.0}, "datetime": {"datetime": "2024-01-19 01:32:23", "elapsed": 4896.853388, "delta": 0.004306}}
{"target": -17.67719145524579, "params": {"gamma": 43.18574974416312, "log10_alpha": -1.2887837412716228, "log10_colsample_bytree": -0.11439976780581274, "log10_eta": -3.8364641973472233, "log10_lambda": -1.0404905107414835, "log10_min_child_weight": 1.8937020481428197, "log10_subsample": -0.8177462102207338, "max_depth": 2.0, "num_boost_round": 9.0}, "datetime": {"datetime": "2024-01-19 01:32:23", "elapsed": 4896.857624, "delta": 0.004236}}
{"target": -17.677187161337862, "params": {"gamma": 43.18574974416312, "log10_alpha": -1.2887837412716228, "log10_colsample_bytree": -0.11439976780581274, "log10_eta": -3.8364641973472233, "log10_lambda": -1.0404905107414835, "log10_min_child_weight": 1.8937020481428197, "log10_subsample": -0.8177462102207338, "max_depth": 2.0, "num_boost_round": 10.0}, "datetime": {"datetime": "2024-01-19 01:32:23", "elapsed": 4896.861836, "delta": 0.004212}}
{"target": -17.67718341113867, "params": {"gamma": 43.18574974416312, "log10_alpha": -1.2887837412716228, "log10_colsample_bytree": -0.11439976780581274, "log10_eta": -3.8364641973472233, "log10_lambda": -1.0404905107414835, "log10_min_child_weight": 1.8937020481428197, "log10_subsample": -0.8177462102207338, "max_depth": 2.0, "num_boost_round": 11.0}, "datetime": {"datetime": "2024-01-19 01:32:23", "elapsed": 4896.86627, "delta": 0.004434}}
{"target": -17.677179111681927, "params": {"gamma": 43.18574974416312, "log10_alpha": -1.2887837412716228, "log10_colsample_bytree": -0.11439976780581274, "log10_eta": -3.8364641973472233, "log10_lambda": -1.0404905107414835, "log10_min_child_weight": 1.8937020481428197, "log10_subsample": -0.8177462102207338, "max_depth": 2.0, "num_boost_round": 12.0}, "datetime": {"datetime": "2024-01-19 01:32:23", "elapsed": 4896.870587, "delta": 0.004317}}
{"target": -17.677175121726854, "params": {"gamma": 43.18574974416312, "log10_alpha": -1.2887837412716228, "log10_colsample_bytree": -0.11439976780581274, "log10_eta": -3.8364641973472233, "log10_lambda": -1.0404905107414835, "log10_min_child_weight": 1.8937020481428197, "log10_subsample": -0.8177462102207338, "max_depth": 2.0, "num_boost_round": 13.0}, "datetime": {"datetime": "2024-01-19 01:32:23", "elapsed": 4896.874798, "delta": 0.004211}}
{"target": -17.677171224561693, "params": {"gamma": 43.18574974416312, "log10_alpha": -1.2887837412716228, "log10_colsample_bytree": -0.11439976780581274, "log10_eta": -3.8364641973472233, "log10_lambda": -1.0404905107414835, "log10_min_child_weight": 1.8937020481428197, "log10_subsample": -0.8177462102207338, "max_depth": 2.0, "num_boost_round": 14.0}, "datetime": {"datetime": "2024-01-19 01:32:23", "elapsed": 4896.878967, "delta": 0.004169}}
{"target": -17.677168869730426, "params": {"gamma": 43.18574974416312, "log10_alpha": -1.2887837412716228, "log10_colsample_bytree": -0.11439976780581274, "log10_eta": -3.8364641973472233, "log10_lambda": -1.0404905107414835, "log10_min_child_weight": 1.8937020481428197, "log10_subsample": -0.8177462102207338, "max_depth": 2.0, "num_boost_round": 15.0}, "datetime": {"datetime": "2024-01-19 01:32:23", "elapsed": 4896.883202, "delta": 0.004235}}
{"target": -17.677162303978747, "params": {"gamma": 43.18574974416312, "log10_alpha": -1.2887837412716228, "log10_colsample_bytree": -0.11439976780581274, "log10_eta": -3.8364641973472233, "log10_lambda": -1.0404905107414835, "log10_min_child_weight": 1.8937020481428197, "log10_subsample": -0.8177462102207338, "max_depth": 2.0, "num_boost_round": 16.0}, "datetime": {"datetime": "2024-01-19 01:32:23", "elapsed": 4896.887481, "delta": 0.004279}}
{"target": -17.677159192191603, "params": {"gamma": 43.18574974416312, "log10_alpha": -1.2887837412716228, "log10_colsample_bytree": -0.11439976780581274, "log10_eta": -3.8364641973472233, "log10_lambda": -1.0404905107414835, "log10_min_child_weight": 1.8937020481428197, "log10_subsample": -0.8177462102207338, "max_depth": 2.0, "num_boost_round": 17.0}, "datetime": {"datetime": "2024-01-19 01:32:23", "elapsed": 4896.891779, "delta": 0.004298}}
{"target": -17.677155034132717, "params": {"gamma": 43.18574974416312, "log10_alpha": -1.2887837412716228, "log10_colsample_bytree": -0.11439976780581274, "log10_eta": -3.8364641973472233, "log10_lambda": -1.0404905107414835, "log10_min_child_weight": 1.8937020481428197, "log10_subsample": -0.8177462102207338, "max_depth": 2.0, "num_boost_round": 18.0}, "datetime": {"datetime": "2024-01-19 01:32:23", "elapsed": 4896.896048, "delta": 0.004269}}
{"target": -17.677152391199908, "params": {"gamma": 43.18574974416312, "log10_alpha": -1.2887837412716228, "log10_colsample_bytree": -0.11439976780581274, "log10_eta": -3.8364641973472233, "log10_lambda": -1.0404905107414835, "log10_min_child_weight": 1.8937020481428197, "log10_subsample": -0.8177462102207338, "max_depth": 2.0, "num_boost_round": 19.0}, "datetime": {"datetime": "2024-01-19 01:32:23", "elapsed": 4896.900223, "delta": 0.004175}}
{"target": -17.67714811086078, "params": {"gamma": 43.18574974416312, "log10_alpha": -1.2887837412716228, "log10_colsample_bytree": -0.11439976780581274, "log10_eta": -3.8364641973472233, "log10_lambda": -1.0404905107414835, "log10_min_child_weight": 1.8937020481428197, "log10_subsample": -0.8177462102207338, "max_depth": 2.0, "num_boost_round": 20.0}, "datetime": {"datetime": "2024-01-19 01:32:23", "elapsed": 4896.904417, "delta": 0.004194}}
{"target": -17.677144222783962, "params": {"gamma": 43.18574974416312, "log10_alpha": -1.2887837412716228, "log10_colsample_bytree": -0.11439976780581274, "log10_eta": -3.8364641973472233, "log10_lambda": -1.0404905107414835, "log10_min_child_weight": 1.8937020481428197, "log10_subsample": -0.8177462102207338, "max_depth": 2.0, "num_boost_round": 21.0}, "datetime": {"datetime": "2024-01-19 01:32:23", "elapsed": 4896.90883, "delta": 0.004413}}
{"target": -17.677140061865934, "params": {"gamma": 43.18574974416312, "log10_alpha": -1.2887837412716228, "log10_colsample_bytree": -0.11439976780581274, "log10_eta": -3.8364641973472233, "log10_lambda": -1.0404905107414835, "log10_min_child_weight": 1.8937020481428197, "log10_subsample": -0.8177462102207338, "max_depth": 2.0, "num_boost_round": 22.0}, "datetime": {"datetime": "2024-01-19 01:32:23", "elapsed": 4896.913227, "delta": 0.004397}}
{"target": -17.67713477207122, "params": {"gamma": 43.18574974416312, "log10_alpha": -1.2887837412716228, "log10_colsample_bytree": -0.11439976780581274, "log10_eta": -3.8364641973472233, "log10_lambda": -1.0404905107414835, "log10_min_child_weight": 1.8937020481428197, "log10_subsample": -0.8177462102207338, "max_depth": 2.0, "num_boost_round": 23.0}, "datetime": {"datetime": "2024-01-19 01:32:23", "elapsed": 4896.917588, "delta": 0.004361}}
{"target": -17.677130840598966, "params": {"gamma": 43.18574974416312, "log10_alpha": -1.2887837412716228, "log10_colsample_bytree": -0.11439976780581274, "log10_eta": -3.8364641973472233, "log10_lambda": -1.0404905107414835, "log10_min_child_weight": 1.8937020481428197, "log10_subsample": -0.8177462102207338, "max_depth": 2.0, "num_boost_round": 24.0}, "datetime": {"datetime": "2024-01-19 01:32:23", "elapsed": 4896.921832, "delta": 0.004244}}
{"target": -17.677127569846085, "params": {"gamma": 43.18574974416312, "log10_alpha": -1.2887837412716228, "log10_colsample_bytree": -0.11439976780581274, "log10_eta": -3.8364641973472233, "log10_lambda": -1.0404905107414835, "log10_min_child_weight": 1.8937020481428197, "log10_subsample": -0.8177462102207338, "max_depth": 2.0, "num_boost_round": 25.0}, "datetime": {"datetime": "2024-01-19 01:32:23", "elapsed": 4896.926235, "delta": 0.004403}}
{"target": -17.67712283052557, "params": {"gamma": 43.18574974416312, "log10_alpha": -1.2887837412716228, "log10_colsample_bytree": -0.11439976780581274, "log10_eta": -3.8364641973472233, "log10_lambda": -1.0404905107414835, "log10_min_child_weight": 1.8937020481428197, "log10_subsample": -0.8177462102207338, "max_depth": 2.0, "num_boost_round": 26.0}, "datetime": {"datetime": "2024-01-19 01:32:23", "elapsed": 4896.930582, "delta": 0.004347}}
{"target": -17.677121317793638, "params": {"gamma": 43.18574974416312, "log10_alpha": -1.2887837412716228, "log10_colsample_bytree": -0.11439976780581274, "log10_eta": -3.8364641973472233, "log10_lambda": -1.0404905107414835, "log10_min_child_weight": 1.8937020481428197, "log10_subsample": -0.8177462102207338, "max_depth": 2.0, "num_boost_round": 27.0}, "datetime": {"datetime": "2024-01-19 01:32:23", "elapsed": 4896.934802, "delta": 0.00422}}
{"target": -17.677117014571028, "params": {"gamma": 43.18574974416312, "log10_alpha": -1.2887837412716228, "log10_colsample_bytree": -0.11439976780581274, "log10_eta": -3.8364641973472233, "log10_lambda": -1.0404905107414835, "log10_min_child_weight": 1.8937020481428197, "log10_subsample": -0.8177462102207338, "max_depth": 2.0, "num_boost_round": 28.0}, "datetime": {"datetime": "2024-01-19 01:32:23", "elapsed": 4896.939099, "delta": 0.004297}}
{"target": -17.67711313821896, "params": {"gamma": 43.18574974416312, "log10_alpha": -1.2887837412716228, "log10_colsample_bytree": -0.11439976780581274, "log10_eta": -3.8364641973472233, "log10_lambda": -1.0404905107414835, "log10_min_child_weight": 1.8937020481428197, "log10_subsample": -0.8177462102207338, "max_depth": 2.0, "num_boost_round": 29.0}, "datetime": {"datetime": "2024-01-19 01:32:23", "elapsed": 4896.943287, "delta": 0.004188}}
{"target": -17.677109454806942, "params": {"gamma": 43.18574974416312, "log10_alpha": -1.2887837412716228, "log10_colsample_bytree": -0.11439976780581274, "log10_eta": -3.8364641973472233, "log10_lambda": -1.0404905107414835, "log10_min_child_weight": 1.8937020481428197, "log10_subsample": -0.8177462102207338, "max_depth": 2.0, "num_boost_round": 30.0}, "datetime": {"datetime": "2024-01-19 01:32:23", "elapsed": 4896.947631, "delta": 0.004344}}
{"target": -17.67710560116756, "params": {"gamma": 43.18574974416312, "log10_alpha": -1.2887837412716228, "log10_colsample_bytree": -0.11439976780581274, "log10_eta": -3.8364641973472233, "log10_lambda": -1.0404905107414835, "log10_min_child_weight": 1.8937020481428197, "log10_subsample": -0.8177462102207338, "max_depth": 2.0, "num_boost_round": 31.0}, "datetime": {"datetime": "2024-01-19 01:32:23", "elapsed": 4896.952045, "delta": 0.004414}}
{"target": -17.677101394453114, "params": {"gamma": 43.18574974416312, "log10_alpha": -1.2887837412716228, "log10_colsample_bytree": -0.11439976780581274, "log10_eta": -3.8364641973472233, "log10_lambda": -1.0404905107414835, "log10_min_child_weight": 1.8937020481428197, "log10_subsample": -0.8177462102207338, "max_depth": 2.0, "num_boost_round": 32.0}, "datetime": {"datetime": "2024-01-19 01:32:23", "elapsed": 4896.956251, "delta": 0.004206}}
{"target": -17.677097918173676, "params": {"gamma": 43.18574974416312, "log10_alpha": -1.2887837412716228, "log10_colsample_bytree": -0.11439976780581274, "log10_eta": -3.8364641973472233, "log10_lambda": -1.0404905107414835, "log10_min_child_weight": 1.8937020481428197, "log10_subsample": -0.8177462102207338, "max_depth": 2.0, "num_boost_round": 33.0}, "datetime": {"datetime": "2024-01-19 01:32:23", "elapsed": 4896.960447, "delta": 0.004196}}
{"target": -17.677094204808725, "params": {"gamma": 43.18574974416312, "log10_alpha": -1.2887837412716228, "log10_colsample_bytree": -0.11439976780581274, "log10_eta": -3.8364641973472233, "log10_lambda": -1.0404905107414835, "log10_min_child_weight": 1.8937020481428197, "log10_subsample": -0.8177462102207338, "max_depth": 2.0, "num_boost_round": 34.0}, "datetime": {"datetime": "2024-01-19 01:32:23", "elapsed": 4896.964615, "delta": 0.004168}}
{"target": -17.677090306650854, "params": {"gamma": 43.18574974416312, "log10_alpha": -1.2887837412716228, "log10_colsample_bytree": -0.11439976780581274, "log10_eta": -3.8364641973472233, "log10_lambda": -1.0404905107414835, "log10_min_child_weight": 1.8937020481428197, "log10_subsample": -0.8177462102207338, "max_depth": 2.0, "num_boost_round": 35.0}, "datetime": {"datetime": "2024-01-19 01:32:23", "elapsed": 4896.968859, "delta": 0.004244}}
{"target": -17.67708763843363, "params": {"gamma": 43.18574974416312, "log10_alpha": -1.2887837412716228, "log10_colsample_bytree": -0.11439976780581274, "log10_eta": -3.8364641973472233, "log10_lambda": -1.0404905107414835, "log10_min_child_weight": 1.8937020481428197, "log10_subsample": -0.8177462102207338, "max_depth": 2.0, "num_boost_round": 36.0}, "datetime": {"datetime": "2024-01-19 01:32:23", "elapsed": 4896.973166, "delta": 0.004307}}
{"target": -17.67708337941673, "params": {"gamma": 43.18574974416312, "log10_alpha": -1.2887837412716228, "log10_colsample_bytree": -0.11439976780581274, "log10_eta": -3.8364641973472233, "log10_lambda": -1.0404905107414835, "log10_min_child_weight": 1.8937020481428197, "log10_subsample": -0.8177462102207338, "max_depth": 2.0, "num_boost_round": 37.0}, "datetime": {"datetime": "2024-01-19 01:32:23", "elapsed": 4896.977641, "delta": 0.004475}}
{"target": -17.677077787992978, "params": {"gamma": 43.18574974416312, "log10_alpha": -1.2887837412716228, "log10_colsample_bytree": -0.11439976780581274, "log10_eta": -3.8364641973472233, "log10_lambda": -1.0404905107414835, "log10_min_child_weight": 1.8937020481428197, "log10_subsample": -0.8177462102207338, "max_depth": 2.0, "num_boost_round": 38.0}, "datetime": {"datetime": "2024-01-19 01:32:23", "elapsed": 4896.981894, "delta": 0.004253}}
{"target": -17.67707367335128, "params": {"gamma": 43.18574974416312, "log10_alpha": -1.2887837412716228, "log10_colsample_bytree": -0.11439976780581274, "log10_eta": -3.8364641973472233, "log10_lambda": -1.0404905107414835, "log10_min_child_weight": 1.8937020481428197, "log10_subsample": -0.8177462102207338, "max_depth": 2.0, "num_boost_round": 39.0}, "datetime": {"datetime": "2024-01-19 01:32:23", "elapsed": 4896.986178, "delta": 0.004284}}
