{"target": -17.677195601884435, "params": {"gamma": 430.64264007415744, "log10_alpha": -0.22636446530763976, "log10_colsample_bytree": -0.08119432131607929, "log10_eta": -3.45129105564902, "log10_lambda": -4.021082952485244, "log10_min_child_weight": 0.5014238164555085, "log10_subsample": -0.22814076839176078, "max_depth": 8.0, "num_boost_round": 1.0}, "datetime": {"datetime": "2024-01-19 00:24:35", "elapsed": 768.549947, "delta": 0.002634}}
{"target": -17.67716867297249, "params": {"gamma": 430.64264007415744, "log10_alpha": -0.22636446530763976, "log10_colsample_bytree": -0.08119432131607929, "log10_eta": -3.45129105564902, "log10_lambda": -4.021082952485244, "log10_min_child_weight": 0.5014238164555085, "log10_subsample": -0.22814076839176078, "max_depth": 8.0, "num_boost_round": 2.0}, "datetime": {"datetime": "2024-01-19 00:24:35", "elapsed": 768.552183, "delta": 0.002236}}
{"target": -17.67715815273663, "params": {"gamma": 430.64264007415744, "log10_alpha": -0.22636446530763976, "log10_colsample_bytree": -0.08119432131607929, "log10_eta": -3.45129105564902, "log10_lambda": -4.021082952485244, "log10_min_child_weight": 0.5014238164555085, "log10_subsample": -0.22814076839176078, "max_depth": 8.0, "num_boost_round": 3.0}, "datetime": {"datetime": "2024-01-19 00:24:35", "elapsed": 768.554175, "delta": 0.001992}}
{"target": -17.677150506030813, "params": {"gamma": 430.64264007415744, "log10_alpha": -0.22636446530763976, "log10_colsample_bytree": -0.08119432131607929, "log10_eta": -3.45129105564902, "log10_lambda": -4.021082952485244, "log10_min_child_weight": 0.5014238164555085, "log10_subsample": -0.22814076839176078, "max_depth": 8.0, "num_boost_round": 4.0}, "datetime": {"datetime": "2024-01-19 00:24:35", "elapsed": 768.555856, "delta": 0.001681}}
{"target": -17.677135464860648, "params": {"gamma": 430.64264007415744, "log10_alpha": -0.22636446530763976, "log10_colsample_bytree": -0.08119432131607929, "log10_eta": -3.45129105564902, "log10_lambda": -4.021082952485244, "log10_min_child_weight": 0.5014238164555085, "log10_subsample": -0.22814076839176078, "max_depth": 8.0, "num_boost_round": 5.0}, "datetime": {"datetime": "2024-01-19 00:24:35", "elapsed": 768.557505, "delta": 0.001649}}
{"target": -17.677136749146293, "params": {"gamma": 430.64264007415744, "log10_alpha": -0.22636446530763976, "log10_colsample_bytree": -0.08119432131607929, "log10_eta": -3.45129105564902, "log10_lambda": -4.021082952485244, "log10_min_child_weight": 0.5014238164555085, "log10_subsample": -0.22814076839176078, "max_depth": 8.0, "num_boost_round": 6.0}, "datetime": {"datetime": "2024-01-19 00:24:35", "elapsed": 768.559074, "delta": 0.001569}}
{"target": -17.677117741308532, "params": {"gamma": 430.64264007415744, "log10_alpha": -0.22636446530763976, "log10_colsample_bytree": -0.08119432131607929, "log10_eta": -3.45129105564902, "log10_lambda": -4.021082952485244, "log10_min_child_weight": 0.5014238164555085, "log10_subsample": -0.22814076839176078, "max_depth": 8.0, "num_boost_round": 7.0}, "datetime": {"datetime": "2024-01-19 00:24:35", "elapsed": 768.560626, "delta": 0.001552}}
{"target": -17.67706477473791, "params": {"gamma": 430.64264007415744, "log10_alpha": -0.22636446530763976, "log10_colsample_bytree": -0.08119432131607929, "log10_eta": -3.45129105564902, "log10_lambda": -4.021082952485244, "log10_min_child_weight": 0.5014238164555085, "log10_subsample": -0.22814076839176078, "max_depth": 8.0, "num_boost_round": 8.0}, "datetime": {"datetime": "2024-01-19 00:24:35", "elapsed": 768.562166, "delta": 0.00154}}
{"target": -17.677065736809112, "params": {"gamma": 430.64264007415744, "log10_alpha": -0.22636446530763976, "log10_colsample_bytree": -0.08119432131607929, "log10_eta": -3.45129105564902, "log10_lambda": -4.021082952485244, "log10_min_child_weight": 0.5014238164555085, "log10_subsample": -0.22814076839176078, "max_depth": 8.0, "num_boost_round": 9.0}, "datetime": {"datetime": "2024-01-19 00:24:35", "elapsed": 768.563801, "delta": 0.001635}}
{"target": -17.67705330319242, "params": {"gamma": 430.64264007415744, "log10_alpha": -0.22636446530763976, "log10_colsample_bytree": -0.08119432131607929, "log10_eta": -3.45129105564902, "log10_lambda": -4.021082952485244, "log10_min_child_weight": 0.5014238164555085, "log10_subsample": -0.22814076839176078, "max_depth": 8.0, "num_boost_round": 10.0}, "datetime": {"datetime": "2024-01-19 00:24:35", "elapsed": 768.565404, "delta": 0.001603}}
{"target": -17.677005522623467, "params": {"gamma": 430.64264007415744, "log10_alpha": -0.22636446530763976, "log10_colsample_bytree": -0.08119432131607929, "log10_eta": -3.45129105564902, "log10_lambda": -4.021082952485244, "log10_min_child_weight": 0.5014238164555085, "log10_subsample": -0.22814076839176078, "max_depth": 8.0, "num_boost_round": 11.0}, "datetime": {"datetime": "2024-01-19 00:24:35", "elapsed": 768.567011, "delta": 0.001607}}
{"target": -17.677006683253637, "params": {"gamma": 430.64264007415744, "log10_alpha": -0.22636446530763976, "log10_colsample_bytree": -0.08119432131607929, "log10_eta": -3.45129105564902, "log10_lambda": -4.021082952485244, "log10_min_child_weight": 0.5014238164555085, "log10_subsample": -0.22814076839176078, "max_depth": 8.0, "num_boost_round": 12.0}, "datetime": {"datetime": "2024-01-19 00:24:35", "elapsed": 768.56861, "delta": 0.001599}}
{"target": -17.676969818787104, "params": {"gamma": 430.64264007415744, "log10_alpha": -0.22636446530763976, "log10_colsample_bytree": -0.08119432131607929, "log10_eta": -3.45129105564902, "log10_lambda": -4.021082952485244, "log10_min_child_weight": 0.5014238164555085, "log10_subsample": -0.22814076839176078, "max_depth": 8.0, "num_boost_round": 13.0}, "datetime": {"datetime": "2024-01-19 00:24:35", "elapsed": 768.57022, "delta": 0.00161}}
{"target": -17.676913647222904, "params": {"gamma": 430.64264007415744, "log10_alpha": -0.22636446530763976, "log10_colsample_bytree": -0.08119432131607929, "log10_eta": -3.45129105564902, "log10_lambda": -4.021082952485244, "log10_min_child_weight": 0.5014238164555085, "log10_subsample": -0.22814076839176078, "max_depth": 8.0, "num_boost_round": 14.0}, "datetime": {"datetime": "2024-01-19 00:24:35", "elapsed": 768.571833, "delta": 0.001613}}
{"target": -17.676899738793118, "params": {"gamma": 430.64264007415744, "log10_alpha": -0.22636446530763976, "log10_colsample_bytree": -0.08119432131607929, "log10_eta": -3.45129105564902, "log10_lambda": -4.021082952485244, "log10_min_child_weight": 0.5014238164555085, "log10_subsample": -0.22814076839176078, "max_depth": 8.0, "num_boost_round": 15.0}, "datetime": {"datetime": "2024-01-19 00:24:35", "elapsed": 768.573441, "delta": 0.001608}}
{"target": -17.6768923645021, "params": {"gamma": 430.64264007415744, "log10_alpha": -0.22636446530763976, "log10_colsample_bytree": -0.08119432131607929, "log10_eta": -3.45129105564902, "log10_lambda": -4.021082952485244, "log10_min_child_weight": 0.5014238164555085, "log10_subsample": -0.22814076839176078, "max_depth": 8.0, "num_boost_round": 16.0}, "datetime": {"datetime": "2024-01-19 00:24:35", "elapsed": 768.575071, "delta": 0.00163}}
{"target": -17.676864293692017, "params": {"gamma": 430.64264007415744, "log10_alpha": -0.22636446530763976, "log10_colsample_bytree": -0.08119432131607929, "log10_eta": -3.45129105564902, "log10_lambda": -4.021082952485244, "log10_min_child_weight": 0.5014238164555085, "log10_subsample": -0.22814076839176078, "max_depth": 8.0, "num_boost_round": 17.0}, "datetime": {"datetime": "2024-01-19 00:24:35", "elapsed": 768.576712, "delta": 0.001641}}
{"target": -17.676840803548956, "params": {"gamma": 430.64264007415744, "log10_alpha": -0.22636446530763976, "log10_colsample_bytree": -0.08119432131607929, "log10_eta": -3.45129105564902, "log10_lambda": -4.021082952485244, "log10_min_child_weight": 0.5014238164555085, "log10_subsample": -0.22814076839176078, "max_depth": 8.0, "num_boost_round": 18.0}, "datetime": {"datetime": "2024-01-19 00:24:35", "elapsed": 768.57832, "delta": 0.001608}}
{"target": -17.6767914559616, "params": {"gamma": 430.64264007415744, "log10_alpha": -0.22636446530763976, "log10_colsample_bytree": -0.08119432131607929, "log10_eta": -3.45129105564902, "log10_lambda": -4.021082952485244, "log10_min_child_weight": 0.5014238164555085, "log10_subsample": -0.22814076839176078, "max_depth": 8.0, "num_boost_round": 19.0}, "datetime": {"datetime": "2024-01-19 00:24:35", "elapsed": 768.579936, "delta": 0.001616}}
{"target": -17.676786462231632, "params": {"gamma": 430.64264007415744, "log10_alpha": -0.22636446530763976, "log10_colsample_bytree": -0.08119432131607929, "log10_eta": -3.45129105564902, "log10_lambda": -4.021082952485244, "log10_min_child_weight": 0.5014238164555085, "log10_subsample": -0.22814076839176078, "max_depth": 8.0, "num_boost_round": 20.0}, "datetime": {"datetime": "2024-01-19 00:24:35", "elapsed": 768.581546, "delta": 0.00161}}
{"target": -17.67675788733342, "params": {"gamma": 430.64264007415744, "log10_alpha": -0.22636446530763976, "log10_colsample_bytree": -0.08119432131607929, "log10_eta": -3.45129105564902, "log10_lambda": -4.021082952485244, "log10_min_child_weight": 0.5014238164555085, "log10_subsample": -0.22814076839176078, "max_depth": 8.0, "num_boost_round": 21.0}, "datetime": {"datetime": "2024-01-19 00:24:35", "elapsed": 768.583182, "delta": 0.001636}}
{"target": -17.67673426532461, "params": {"gamma": 430.64264007415744, "log10_alpha": -0.22636446530763976, "log10_colsample_bytree": -0.08119432131607929, "log10_eta": -3.45129105564902, "log10_lambda": -4.021082952485244, "log10_min_child_weight": 0.5014238164555085, "log10_subsample": -0.22814076839176078, "max_depth": 8.0, "num_boost_round": 22.0}, "datetime": {"datetime": "2024-01-19 00:24:35", "elapsed": 768.584801, "delta": 0.001619}}
{"target": -17.676718434686954, "params": {"gamma": 430.64264007415744, "log10_alpha": -0.22636446530763976, "log10_colsample_bytree": -0.08119432131607929, "log10_eta": -3.45129105564902, "log10_lambda": -4.021082952485244, "log10_min_child_weight": 0.5014238164555085, "log10_subsample": -0.22814076839176078, "max_depth": 8.0, "num_boost_round": 23.0}, "datetime": {"datetime": "2024-01-19 00:24:35", "elapsed": 768.586429, "delta": 0.001628}}
{"target": -17.676715762703182, "params": {"gamma": 430.64264007415744, "log10_alpha": -0.22636446530763976, "log10_colsample_bytree": -0.08119432131607929, "log10_eta": -3.45129105564902, "log10_lambda": -4.021082952485244, "log10_min_child_weight": 0.5014238164555085, "log10_subsample": -0.22814076839176078, "max_depth": 8.0, "num_boost_round": 24.0}, "datetime": {"datetime": "2024-01-19 00:24:35", "elapsed": 768.588046, "delta": 0.001617}}
{"target": -17.6767317614686, "params": {"gamma": 430.64264007415744, "log10_alpha": -0.22636446530763976, "log10_colsample_bytree": -0.08119432131607929, "log10_eta": -3.45129105564902, "log10_lambda": -4.021082952485244, "log10_min_child_weight": 0.5014238164555085, "log10_subsample": -0.22814076839176078, "max_depth": 8.0, "num_boost_round": 25.0}, "datetime": {"datetime": "2024-01-19 00:24:35", "elapsed": 768.589668, "delta": 0.001622}}
{"target": -17.676700943027832, "params": {"gamma": 430.64264007415744, "log10_alpha": -0.22636446530763976, "log10_colsample_bytree": -0.08119432131607929, "log10_eta": -3.45129105564902, "log10_lambda": -4.021082952485244, "log10_min_child_weight": 0.5014238164555085, "log10_subsample": -0.22814076839176078, "max_depth": 8.0, "num_boost_round": 26.0}, "datetime": {"datetime": "2024-01-19 00:24:35", "elapsed": 768.591292, "delta": 0.001624}}
{"target": -17.6766913508314, "params": {"gamma": 430.64264007415744, "log10_alpha": -0.22636446530763976, "log10_colsample_bytree": -0.08119432131607929, "log10_eta": -3.45129105564902, "log10_lambda": -4.021082952485244, "log10_min_child_weight": 0.5014238164555085, "log10_subsample": -0.22814076839176078, "max_depth": 8.0, "num_boost_round": 27.0}, "datetime": {"datetime": "2024-01-19 00:24:35", "elapsed": 768.59298, "delta": 0.001688}}
{"target": -17.676688932773608, "params": {"gamma": 430.64264007415744, "log10_alpha": -0.22636446530763976, "log10_colsample_bytree": -0.08119432131607929, "log10_eta": -3.45129105564902, "log10_lambda": -4.021082952485244, "log10_min_child_weight": 0.5014238164555085, "log10_subsample": -0.22814076839176078, "max_depth": 8.0, "num_boost_round": 28.0}, "datetime": {"datetime": "2024-01-19 00:24:35", "elapsed": 768.594611, "delta": 0.001631}}
{"target": -17.676656376691678, "params": {"gamma": 430.64264007415744, "log10_alpha": -0.22636446530763976, "log10_colsample_bytree": -0.08119432131607929, "log10_eta": -3.45129105564902, "log10_lambda": -4.021082952485244, "log10_min_child_weight": 0.5014238164555085, "log10_subsample": -0.22814076839176078, "max_depth": 8.0, "num_boost_round": 29.0}, "datetime": {"datetime": "2024-01-19 00:24:35", "elapsed": 768.596245, "delta": 0.001634}}
{"target": -17.676637017769945, "params": {"gamma": 430.64264007415744, "log10_alpha": -0.22636446530763976, "log10_colsample_bytree": -0.08119432131607929, "log10_eta": -3.45129105564902, "log10_lambda": -4.021082952485244, "log10_min_child_weight": 0.5014238164555085, "log10_subsample": -0.22814076839176078, "max_depth": 8.0, "num_boost_round": 30.0}, "datetime": {"datetime": "2024-01-19 00:24:35", "elapsed": 768.597886, "delta": 0.001641}}
{"target": -17.676614191076677, "params": {"gamma": 430.64264007415744, "log10_alpha": -0.22636446530763976, "log10_colsample_bytree": -0.08119432131607929, "log10_eta": -3.45129105564902, "log10_lambda": -4.021082952485244, "log10_min_child_weight": 0.5014238164555085, "log10_subsample": -0.22814076839176078, "max_depth": 8.0, "num_boost_round": 31.0}, "datetime": {"datetime": "2024-01-19 00:24:35", "elapsed": 768.599505, "delta": 0.001619}}
{"target": -17.676611446213396, "params": {"gamma": 430.64264007415744, "log10_alpha": -0.22636446530763976, "log10_colsample_bytree": -0.08119432131607929, "log10_eta": -3.45129105564902, "log10_lambda": -4.021082952485244, "log10_min_child_weight": 0.5014238164555085, "log10_subsample": -0.22814076839176078, "max_depth": 8.0, "num_boost_round": 32.0}, "datetime": {"datetime": "2024-01-19 00:24:35", "elapsed": 768.601135, "delta": 0.00163}}
{"target": -17.67659531320296, "params": {"gamma": 430.64264007415744, "log10_alpha": -0.22636446530763976, "log10_colsample_bytree": -0.08119432131607929, "log10_eta": -3.45129105564902, "log10_lambda": -4.021082952485244, "log10_min_child_weight": 0.5014238164555085, "log10_subsample": -0.22814076839176078, "max_depth": 8.0, "num_boost_round": 33.0}, "datetime": {"datetime": "2024-01-19 00:24:35", "elapsed": 768.602773, "delta": 0.001638}}
{"target": -17.676569661060192, "params": {"gamma": 430.64264007415744, "log10_alpha": -0.22636446530763976, "log10_colsample_bytree": -0.08119432131607929, "log10_eta": -3.45129105564902, "log10_lambda": -4.021082952485244, "log10_min_child_weight": 0.5014238164555085, "log10_subsample": -0.22814076839176078, "max_depth": 8.0, "num_boost_round": 34.0}, "datetime": {"datetime": "2024-01-19 00:24:35", "elapsed": 768.604377, "delta": 0.001604}}
{"target": -17.676535655056792, "params": {"gamma": 430.64264007415744, "log10_alpha": -0.22636446530763976, "log10_colsample_bytree": -0.08119432131607929, "log10_eta": -3.45129105564902, "log10_lambda": -4.021082952485244, "log10_min_child_weight": 0.5014238164555085, "log10_subsample": -0.22814076839176078, "max_depth": 8.0, "num_boost_round": 35.0}, "datetime": {"datetime": "2024-01-19 00:24:35", "elapsed": 768.606676, "delta": 0.002299}}
{"target": -17.676504108625757, "params": {"gamma": 430.64264007415744, "log10_alpha": -0.22636446530763976, "log10_colsample_bytree": -0.08119432131607929, "log10_eta": -3.45129105564902, "log10_lambda": -4.021082952485244, "log10_min_child_weight": 0.5014238164555085, "log10_subsample": -0.22814076839176078, "max_depth": 8.0, "num_boost_round": 36.0}, "datetime": {"datetime": "2024-01-19 00:24:35", "elapsed": 768.60857, "delta": 0.001894}}
{"target": -17.676481931995507, "params": {"gamma": 430.64264007415744, "log10_alpha": -0.22636446530763976, "log10_colsample_bytree": -0.08119432131607929, "log10_eta": -3.45129105564902, "log10_lambda": -4.021082952485244, "log10_min_child_weight": 0.5014238164555085, "log10_subsample": -0.22814076839176078, "max_depth": 8.0, "num_boost_round": 37.0}, "datetime": {"datetime": "2024-01-19 00:24:35", "elapsed": 768.610247, "delta": 0.001677}}
{"target": -17.676448380331017, "params": {"gamma": 430.64264007415744, "log10_alpha": -0.22636446530763976, "log10_colsample_bytree": -0.08119432131607929, "log10_eta": -3.45129105564902, "log10_lambda": -4.021082952485244, "log10_min_child_weight": 0.5014238164555085, "log10_subsample": -0.22814076839176078, "max_depth": 8.0, "num_boost_round": 38.0}, "datetime": {"datetime": "2024-01-19 00:24:35", "elapsed": 768.61183, "delta": 0.001583}}
{"target": -17.676444150980377, "params": {"gamma": 430.64264007415744, "log10_alpha": -0.22636446530763976, "log10_colsample_bytree": -0.08119432131607929, "log10_eta": -3.45129105564902, "log10_lambda": -4.021082952485244, "log10_min_child_weight": 0.5014238164555085, "log10_subsample": -0.22814076839176078, "max_depth": 8.0, "num_boost_round": 39.0}, "datetime": {"datetime": "2024-01-19 00:24:35", "elapsed": 768.613436, "delta": 0.001606}}
{"target": -17.677225115015126, "params": {"gamma": 427.09455407454743, "log10_alpha": 0.09547438082459703, "log10_colsample_bytree": -0.3792787485196839, "log10_eta": -3.8298646638833516, "log10_lambda": 0.78964024456302, "log10_min_child_weight": 4.238524999798463, "log10_subsample": -0.04601219044077909, "max_depth": 8.0, "num_boost_round": 0.0}, "datetime": {"datetime": "2024-01-19 00:24:57", "elapsed": 790.120674, "delta": 21.507238}}
{"target": -17.67721976707168, "params": {"gamma": 427.09455407454743, "log10_alpha": 0.09547438082459703, "log10_colsample_bytree": -0.3792787485196839, "log10_eta": -3.8298646638833516, "log10_lambda": 0.78964024456302, "log10_min_child_weight": 4.238524999798463, "log10_subsample": -0.04601219044077909, "max_depth": 8.0, "num_boost_round": 1.0}, "datetime": {"datetime": "2024-01-19 00:24:57", "elapsed": 790.122614, "delta": 0.00194}}
{"target": -17.677214918129657, "params": {"gamma": 427.09455407454743, "log10_alpha": 0.09547438082459703, "log10_colsample_bytree": -0.3792787485196839, "log10_eta": -3.8298646638833516, "log10_lambda": 0.78964024456302, "log10_min_child_weight": 4.238524999798463, "log10_subsample": -0.04601219044077909, "max_depth": 8.0, "num_boost_round": 2.0}, "datetime": {"datetime": "2024-01-19 00:24:57", "elapsed": 790.124247, "delta": 0.001633}}
{"target": -17.677215452882308, "params": {"gamma": 427.09455407454743, "log10_alpha": 0.09547438082459703, "log10_colsample_bytree": -0.3792787485196839, "log10_eta": -3.8298646638833516, "log10_lambda": 0.78964024456302, "log10_min_child_weight": 4.238524999798463, "log10_subsample": -0.04601219044077909, "max_depth": 8.0, "num_boost_round": 3.0}, "datetime": {"datetime": "2024-01-19 00:24:57", "elapsed": 790.126452, "delta": 0.002205}}
{"target": -17.677209509695995, "params": {"gamma": 427.09455407454743, "log10_alpha": 0.09547438082459703, "log10_colsample_bytree": -0.3792787485196839, "log10_eta": -3.8298646638833516, "log10_lambda": 0.78964024456302, "log10_min_child_weight": 4.238524999798463, "log10_subsample": -0.04601219044077909, "max_depth": 8.0, "num_boost_round": 4.0}, "datetime": {"datetime": "2024-01-19 00:24:57", "elapsed": 790.128215, "delta": 0.001763}}
{"target": -17.677210364353964, "params": {"gamma": 427.09455407454743, "log10_alpha": 0.09547438082459703, "log10_colsample_bytree": -0.3792787485196839, "log10_eta": -3.8298646638833516, "log10_lambda": 0.78964024456302, "log10_min_child_weight": 4.238524999798463, "log10_subsample": -0.04601219044077909, "max_depth": 8.0, "num_boost_round": 5.0}, "datetime": {"datetime": "2024-01-19 00:24:57", "elapsed": 790.129853, "delta": 0.001638}}
{"target": -17.67721042909112, "params": {"gamma": 427.09455407454743, "log10_alpha": 0.09547438082459703, "log10_colsample_bytree": -0.3792787485196839, "log10_eta": -3.8298646638833516, "log10_lambda": 0.78964024456302, "log10_min_child_weight": 4.238524999798463, "log10_subsample": -0.04601219044077909, "max_depth": 8.0, "num_boost_round": 6.0}, "datetime": {"datetime": "2024-01-19 00:24:57", "elapsed": 790.131518, "delta": 0.001665}}
{"target": -17.677205818854667, "params": {"gamma": 427.09455407454743, "log10_alpha": 0.09547438082459703, "log10_colsample_bytree": -0.3792787485196839, "log10_eta": -3.8298646638833516, "log10_lambda": 0.78964024456302, "log10_min_child_weight": 4.238524999798463, "log10_subsample": -0.04601219044077909, "max_depth": 8.0, "num_boost_round": 7.0}, "datetime": {"datetime": "2024-01-19 00:24:57", "elapsed": 790.133128, "delta": 0.00161}}
{"target": -17.677200437979312, "params": {"gamma": 427.09455407454743, "log10_alpha": 0.09547438082459703, "log10_colsample_bytree": -0.3792787485196839, "log10_eta": -3.8298646638833516, "log10_lambda": 0.78964024456302, "log10_min_child_weight": 4.238524999798463, "log10_subsample": -0.04601219044077909, "max_depth": 8.0, "num_boost_round": 8.0}, "datetime": {"datetime": "2024-01-19 00:24:57", "elapsed": 790.134722, "delta": 0.001594}}
{"target": -17.6771972663608, "params": {"gamma": 427.09455407454743, "log10_alpha": 0.09547438082459703, "log10_colsample_bytree": -0.3792787485196839, "log10_eta": -3.8298646638833516, "log10_lambda": 0.78964024456302, "log10_min_child_weight": 4.238524999798463, "log10_subsample": -0.04601219044077909, "max_depth": 8.0, "num_boost_round": 9.0}, "datetime": {"datetime": "2024-01-19 00:24:57", "elapsed": 790.136353, "delta": 0.001631}}
