{"target": -13.758450440286861, "params": {"gamma": 442.3876341113182, "log10_alpha": 0.935814026933719, "log10_colsample_bytree": -0.2943207356535372, "log10_eta": -3.665679323531481, "log10_lambda": 0.9186366299756417, "log10_min_child_weight": 1.028566850418962, "log10_subsample": -0.2016789246908004, "max_depth": 4.0, "num_boost_round": 27.0}, "datetime": {"datetime": "2024-01-19 00:44:45", "elapsed": 1989.064655, "delta": 0.0037}}
{"target": -13.758446522729749, "params": {"gamma": 442.3876341113182, "log10_alpha": 0.935814026933719, "log10_colsample_bytree": -0.2943207356535372, "log10_eta": -3.665679323531481, "log10_lambda": 0.9186366299756417, "log10_min_child_weight": 1.028566850418962, "log10_subsample": -0.2016789246908004, "max_depth": 4.0, "num_boost_round": 28.0}, "datetime": {"datetime": "2024-01-19 00:44:45", "elapsed": 1989.06796, "delta": 0.003305}}
{"target": -13.758443416345878, "params": {"gamma": 442.3876341113182, "log10_alpha": 0.935814026933719, "log10_colsample_bytree": -0.2943207356535372, "log10_eta": -3.665679323531481, "log10_lambda": 0.9186366299756417, "log10_min_child_weight": 1.028566850418962, "log10_subsample": -0.2016789246908004, "max_depth": 4.0, "num_boost_round": 29.0}, "datetime": {"datetime": "2024-01-19 00:44:45", "elapsed": 1989.07121, "delta": 0.00325}}
{"target": -13.758439866412653, "params": {"gamma": 442.3876341113182, "log10_alpha": 0.935814026933719, "log10_colsample_bytree": -0.2943207356535372, "log10_eta": -3.665679323531481, "log10_lambda": 0.9186366299756417, "log10_min_child_weight": 1.028566850418962, "log10_subsample": -0.2016789246908004, "max_depth": 4.0, "num_boost_round": 30.0}, "datetime": {"datetime": "2024-01-19 00:44:45", "elapsed": 1989.074333, "delta": 0.003123}}
{"target": -13.758436516236571, "params": {"gamma": 442.3876341113182, "log10_alpha": 0.935814026933719, "log10_colsample_bytree": -0.2943207356535372, "log10_eta": -3.665679323531481, "log10_lambda": 0.9186366299756417, "log10_min_child_weight": 1.028566850418962, "log10_subsample": -0.2016789246908004, "max_depth": 4.0, "num_boost_round": 31.0}, "datetime": {"datetime": "2024-01-19 00:44:45", "elapsed": 1989.077453, "delta": 0.00312}}
{"target": -13.758435898939746, "params": {"gamma": 442.3876341113182, "log10_alpha": 0.935814026933719, "log10_colsample_bytree": -0.2943207356535372, "log10_eta": -3.665679323531481, "log10_lambda": 0.9186366299756417, "log10_min_child_weight": 1.028566850418962, "log10_subsample": -0.2016789246908004, "max_depth": 4.0, "num_boost_round": 32.0}, "datetime": {"datetime": "2024-01-19 00:44:45", "elapsed": 1989.080557, "delta": 0.003104}}
{"target": -13.7584315943152, "params": {"gamma": 442.3876341113182, "log10_alpha": 0.935814026933719, "log10_colsample_bytree": -0.2943207356535372, "log10_eta": -3.665679323531481, "log10_lambda": 0.9186366299756417, "log10_min_child_weight": 1.028566850418962, "log10_subsample": -0.2016789246908004, "max_depth": 4.0, "num_boost_round": 33.0}, "datetime": {"datetime": "2024-01-19 00:44:45", "elapsed": 1989.083658, "delta": 0.003101}}
{"target": -13.758429333644246, "params": {"gamma": 442.3876341113182, "log10_alpha": 0.935814026933719, "log10_colsample_bytree": -0.2943207356535372, "log10_eta": -3.665679323531481, "log10_lambda": 0.9186366299756417, "log10_min_child_weight": 1.028566850418962, "log10_subsample": -0.2016789246908004, "max_depth": 4.0, "num_boost_round": 34.0}, "datetime": {"datetime": "2024-01-19 00:44:45", "elapsed": 1989.0869, "delta": 0.003242}}
{"target": -13.758427535497654, "params": {"gamma": 442.3876341113182, "log10_alpha": 0.935814026933719, "log10_colsample_bytree": -0.2943207356535372, "log10_eta": -3.665679323531481, "log10_lambda": 0.9186366299756417, "log10_min_child_weight": 1.028566850418962, "log10_subsample": -0.2016789246908004, "max_depth": 4.0, "num_boost_round": 35.0}, "datetime": {"datetime": "2024-01-19 00:44:45", "elapsed": 1989.090062, "delta": 0.003162}}
{"target": -13.7584308084161, "params": {"gamma": 442.3876341113182, "log10_alpha": 0.935814026933719, "log10_colsample_bytree": -0.2943207356535372, "log10_eta": -3.665679323531481, "log10_lambda": 0.9186366299756417, "log10_min_child_weight": 1.028566850418962, "log10_subsample": -0.2016789246908004, "max_depth": 4.0, "num_boost_round": 36.0}, "datetime": {"datetime": "2024-01-19 00:44:45", "elapsed": 1989.093266, "delta": 0.003204}}
{"target": -13.75842828081797, "params": {"gamma": 442.3876341113182, "log10_alpha": 0.935814026933719, "log10_colsample_bytree": -0.2943207356535372, "log10_eta": -3.665679323531481, "log10_lambda": 0.9186366299756417, "log10_min_child_weight": 1.028566850418962, "log10_subsample": -0.2016789246908004, "max_depth": 4.0, "num_boost_round": 37.0}, "datetime": {"datetime": "2024-01-19 00:44:45", "elapsed": 1989.096446, "delta": 0.00318}}
{"target": -13.758427020199923, "params": {"gamma": 442.3876341113182, "log10_alpha": 0.935814026933719, "log10_colsample_bytree": -0.2943207356535372, "log10_eta": -3.665679323531481, "log10_lambda": 0.9186366299756417, "log10_min_child_weight": 1.028566850418962, "log10_subsample": -0.2016789246908004, "max_depth": 4.0, "num_boost_round": 38.0}, "datetime": {"datetime": "2024-01-19 00:44:45", "elapsed": 1989.099623, "delta": 0.003177}}
{"target": -13.758423610467585, "params": {"gamma": 442.3876341113182, "log10_alpha": 0.935814026933719, "log10_colsample_bytree": -0.2943207356535372, "log10_eta": -3.665679323531481, "log10_lambda": 0.9186366299756417, "log10_min_child_weight": 1.028566850418962, "log10_subsample": -0.2016789246908004, "max_depth": 4.0, "num_boost_round": 39.0}, "datetime": {"datetime": "2024-01-19 00:44:45", "elapsed": 1989.102862, "delta": 0.003239}}
{"target": -13.75841902249216, "params": {"gamma": 442.3876341113182, "log10_alpha": 0.935814026933719, "log10_colsample_bytree": -0.2943207356535372, "log10_eta": -3.665679323531481, "log10_lambda": 0.9186366299756417, "log10_min_child_weight": 1.028566850418962, "log10_subsample": -0.2016789246908004, "max_depth": 4.0, "num_boost_round": 40.0}, "datetime": {"datetime": "2024-01-19 00:44:45", "elapsed": 1989.106027, "delta": 0.003165}}
{"target": -13.75841595640151, "params": {"gamma": 442.3876341113182, "log10_alpha": 0.935814026933719, "log10_colsample_bytree": -0.2943207356535372, "log10_eta": -3.665679323531481, "log10_lambda": 0.9186366299756417, "log10_min_child_weight": 1.028566850418962, "log10_subsample": -0.2016789246908004, "max_depth": 4.0, "num_boost_round": 41.0}, "datetime": {"datetime": "2024-01-19 00:44:45", "elapsed": 1989.109162, "delta": 0.003135}}
{"target": -13.758413720286617, "params": {"gamma": 442.3876341113182, "log10_alpha": 0.935814026933719, "log10_colsample_bytree": -0.2943207356535372, "log10_eta": -3.665679323531481, "log10_lambda": 0.9186366299756417, "log10_min_child_weight": 1.028566850418962, "log10_subsample": -0.2016789246908004, "max_depth": 4.0, "num_boost_round": 42.0}, "datetime": {"datetime": "2024-01-19 00:44:45", "elapsed": 1989.112331, "delta": 0.003169}}
{"target": -13.758413249114964, "params": {"gamma": 442.3876341113182, "log10_alpha": 0.935814026933719, "log10_colsample_bytree": -0.2943207356535372, "log10_eta": -3.665679323531481, "log10_lambda": 0.9186366299756417, "log10_min_child_weight": 1.028566850418962, "log10_subsample": -0.2016789246908004, "max_depth": 4.0, "num_boost_round": 43.0}, "datetime": {"datetime": "2024-01-19 00:44:45", "elapsed": 1989.115494, "delta": 0.003163}}
{"target": -13.758408021956393, "params": {"gamma": 442.3876341113182, "log10_alpha": 0.935814026933719, "log10_colsample_bytree": -0.2943207356535372, "log10_eta": -3.665679323531481, "log10_lambda": 0.9186366299756417, "log10_min_child_weight": 1.028566850418962, "log10_subsample": -0.2016789246908004, "max_depth": 4.0, "num_boost_round": 44.0}, "datetime": {"datetime": "2024-01-19 00:44:45", "elapsed": 1989.118661, "delta": 0.003167}}
{"target": -13.75840581620865, "params": {"gamma": 442.3876341113182, "log10_alpha": 0.935814026933719, "log10_colsample_bytree": -0.2943207356535372, "log10_eta": -3.665679323531481, "log10_lambda": 0.9186366299756417, "log10_min_child_weight": 1.028566850418962, "log10_subsample": -0.2016789246908004, "max_depth": 4.0, "num_boost_round": 45.0}, "datetime": {"datetime": "2024-01-19 00:44:45", "elapsed": 1989.121836, "delta": 0.003175}}
{"target": -13.75840569464422, "params": {"gamma": 442.3876341113182, "log10_alpha": 0.935814026933719, "log10_colsample_bytree": -0.2943207356535372, "log10_eta": -3.665679323531481, "log10_lambda": 0.9186366299756417, "log10_min_child_weight": 1.028566850418962, "log10_subsample": -0.2016789246908004, "max_depth": 4.0, "num_boost_round": 46.0}, "datetime": {"datetime": "2024-01-19 00:44:45", "elapsed": 1989.124998, "delta": 0.003162}}
{"target": -13.758399654824256, "params": {"gamma": 442.3876341113182, "log10_alpha": 0.935814026933719, "log10_colsample_bytree": -0.2943207356535372, "log10_eta": -3.665679323531481, "log10_lambda": 0.9186366299756417, "log10_min_child_weight": 1.028566850418962, "log10_subsample": -0.2016789246908004, "max_depth": 4.0, "num_boost_round": 47.0}, "datetime": {"datetime": "2024-01-19 00:44:45", "elapsed": 1989.128144, "delta": 0.003146}}
{"target": -13.758393959462818, "params": {"gamma": 442.3876341113182, "log10_alpha": 0.935814026933719, "log10_colsample_bytree": -0.2943207356535372, "log10_eta": -3.665679323531481, "log10_lambda": 0.9186366299756417, "log10_min_child_weight": 1.028566850418962, "log10_subsample": -0.2016789246908004, "max_depth": 4.0, "num_boost_round": 48.0}, "datetime": {"datetime": "2024-01-19 00:44:45", "elapsed": 1989.131342, "delta": 0.003198}}
{"target": -13.75839026673649, "params": {"gamma": 442.3876341113182, "log10_alpha": 0.935814026933719, "log10_colsample_bytree": -0.2943207356535372, "log10_eta": -3.665679323531481, "log10_lambda": 0.9186366299756417, "log10_min_child_weight": 1.028566850418962, "log10_subsample": -0.2016789246908004, "max_depth": 4.0, "num_boost_round": 49.0}, "datetime": {"datetime": "2024-01-19 00:44:45", "elapsed": 1989.134511, "delta": 0.003169}}
{"target": -13.758390508225053, "params": {"gamma": 442.3876341113182, "log10_alpha": 0.935814026933719, "log10_colsample_bytree": -0.2943207356535372, "log10_eta": -3.665679323531481, "log10_lambda": 0.9186366299756417, "log10_min_child_weight": 1.028566850418962, "log10_subsample": -0.2016789246908004, "max_depth": 4.0, "num_boost_round": 50.0}, "datetime": {"datetime": "2024-01-19 00:44:45", "elapsed": 1989.137692, "delta": 0.003181}}
{"target": -13.758387651294047, "params": {"gamma": 442.3876341113182, "log10_alpha": 0.935814026933719, "log10_colsample_bytree": -0.2943207356535372, "log10_eta": -3.665679323531481, "log10_lambda": 0.9186366299756417, "log10_min_child_weight": 1.028566850418962, "log10_subsample": -0.2016789246908004, "max_depth": 4.0, "num_boost_round": 51.0}, "datetime": {"datetime": "2024-01-19 00:44:45", "elapsed": 1989.140837, "delta": 0.003145}}
{"target": -13.758386554790947, "params": {"gamma": 442.3876341113182, "log10_alpha": 0.935814026933719, "log10_colsample_bytree": -0.2943207356535372, "log10_eta": -3.665679323531481, "log10_lambda": 0.9186366299756417, "log10_min_child_weight": 1.028566850418962, "log10_subsample": -0.2016789246908004, "max_depth": 4.0, "num_boost_round": 52.0}, "datetime": {"datetime": "2024-01-19 00:44:45", "elapsed": 1989.144017, "delta": 0.00318}}
{"target": -13.758382764352064, "params": {"gamma": 442.3876341113182, "log10_alpha": 0.935814026933719, "log10_colsample_bytree": -0.2943207356535372, "log10_eta": -3.665679323531481, "log10_lambda": 0.9186366299756417, "log10_min_child_weight": 1.028566850418962, "log10_subsample": -0.2016789246908004, "max_depth": 4.0, "num_boost_round": 53.0}, "datetime": {"datetime": "2024-01-19 00:44:45", "elapsed": 1989.147214, "delta": 0.003197}}
{"target": -13.758376579576632, "params": {"gamma": 442.3876341113182, "log10_alpha": 0.935814026933719, "log10_colsample_bytree": -0.2943207356535372, "log10_eta": -3.665679323531481, "log10_lambda": 0.9186366299756417, "log10_min_child_weight": 1.028566850418962, "log10_subsample": -0.2016789246908004, "max_depth": 4.0, "num_boost_round": 54.0}, "datetime": {"datetime": "2024-01-19 00:44:45", "elapsed": 1989.150418, "delta": 0.003204}}
{"target": -13.758373572308672, "params": {"gamma": 442.3876341113182, "log10_alpha": 0.935814026933719, "log10_colsample_bytree": -0.2943207356535372, "log10_eta": -3.665679323531481, "log10_lambda": 0.9186366299756417, "log10_min_child_weight": 1.028566850418962, "log10_subsample": -0.2016789246908004, "max_depth": 4.0, "num_boost_round": 55.0}, "datetime": {"datetime": "2024-01-19 00:44:45", "elapsed": 1989.154433, "delta": 0.004015}}
{"target": -13.758367638042868, "params": {"gamma": 442.3876341113182, "log10_alpha": 0.935814026933719, "log10_colsample_bytree": -0.2943207356535372, "log10_eta": -3.665679323531481, "log10_lambda": 0.9186366299756417, "log10_min_child_weight": 1.028566850418962, "log10_subsample": -0.2016789246908004, "max_depth": 4.0, "num_boost_round": 56.0}, "datetime": {"datetime": "2024-01-19 00:44:45", "elapsed": 1989.157822, "delta": 0.003389}}
{"target": -13.758363712107261, "params": {"gamma": 442.3876341113182, "log10_alpha": 0.935814026933719, "log10_colsample_bytree": -0.2943207356535372, "log10_eta": -3.665679323531481, "log10_lambda": 0.9186366299756417, "log10_min_child_weight": 1.028566850418962, "log10_subsample": -0.2016789246908004, "max_depth": 4.0, "num_boost_round": 57.0}, "datetime": {"datetime": "2024-01-19 00:44:45", "elapsed": 1989.161021, "delta": 0.003199}}
{"target": -13.758366428663539, "params": {"gamma": 442.3876341113182, "log10_alpha": 0.935814026933719, "log10_colsample_bytree": -0.2943207356535372, "log10_eta": -3.665679323531481, "log10_lambda": 0.9186366299756417, "log10_min_child_weight": 1.028566850418962, "log10_subsample": -0.2016789246908004, "max_depth": 4.0, "num_boost_round": 58.0}, "datetime": {"datetime": "2024-01-19 00:44:45", "elapsed": 1989.164216, "delta": 0.003195}}
{"target": -13.758360742105527, "params": {"gamma": 442.3876341113182, "log10_alpha": 0.935814026933719, "log10_colsample_bytree": -0.2943207356535372, "log10_eta": -3.665679323531481, "log10_lambda": 0.9186366299756417, "log10_min_child_weight": 1.028566850418962, "log10_subsample": -0.2016789246908004, "max_depth": 4.0, "num_boost_round": 59.0}, "datetime": {"datetime": "2024-01-19 00:44:45", "elapsed": 1989.167361, "delta": 0.003145}}
{"target": -13.758359239358121, "params": {"gamma": 442.3876341113182, "log10_alpha": 0.935814026933719, "log10_colsample_bytree": -0.2943207356535372, "log10_eta": -3.665679323531481, "log10_lambda": 0.9186366299756417, "log10_min_child_weight": 1.028566850418962, "log10_subsample": -0.2016789246908004, "max_depth": 4.0, "num_boost_round": 60.0}, "datetime": {"datetime": "2024-01-19 00:44:45", "elapsed": 1989.170506, "delta": 0.003145}}
{"target": -13.758357713461114, "params": {"gamma": 442.3876341113182, "log10_alpha": 0.935814026933719, "log10_colsample_bytree": -0.2943207356535372, "log10_eta": -3.665679323531481, "log10_lambda": 0.9186366299756417, "log10_min_child_weight": 1.028566850418962, "log10_subsample": -0.2016789246908004, "max_depth": 4.0, "num_boost_round": 61.0}, "datetime": {"datetime": "2024-01-19 00:44:45", "elapsed": 1989.173654, "delta": 0.003148}}
{"target": -13.75835401616732, "params": {"gamma": 442.3876341113182, "log10_alpha": 0.935814026933719, "log10_colsample_bytree": -0.2943207356535372, "log10_eta": -3.665679323531481, "log10_lambda": 0.9186366299756417, "log10_min_child_weight": 1.028566850418962, "log10_subsample": -0.2016789246908004, "max_depth": 4.0, "num_boost_round": 62.0}, "datetime": {"datetime": "2024-01-19 00:44:45", "elapsed": 1989.176809, "delta": 0.003155}}
{"target": -13.75835236038411, "params": {"gamma": 442.3876341113182, "log10_alpha": 0.935814026933719, "log10_colsample_bytree": -0.2943207356535372, "log10_eta": -3.665679323531481, "log10_lambda": 0.9186366299756417, "log10_min_child_weight": 1.028566850418962, "log10_subsample": -0.2016789246908004, "max_depth": 4.0, "num_boost_round": 63.0}, "datetime": {"datetime": "2024-01-19 00:44:45", "elapsed": 1989.179943, "delta": 0.003134}}
{"target": -13.75835063458578, "params": {"gamma": 442.3876341113182, "log10_alpha": 0.935814026933719, "log10_colsample_bytree": -0.2943207356535372, "log10_eta": -3.665679323531481, "log10_lambda": 0.9186366299756417, "log10_min_child_weight": 1.028566850418962, "log10_subsample": -0.2016789246908004, "max_depth": 4.0, "num_boost_round": 64.0}, "datetime": {"datetime": "2024-01-19 00:44:45", "elapsed": 1989.183087, "delta": 0.003144}}
{"target": -13.758347586990242, "params": {"gamma": 442.3876341113182, "log10_alpha": 0.935814026933719, "log10_colsample_bytree": -0.2943207356535372, "log10_eta": -3.665679323531481, "log10_lambda": 0.9186366299756417, "log10_min_child_weight": 1.028566850418962, "log10_subsample": -0.2016789246908004, "max_depth": 4.0, "num_boost_round": 65.0}, "datetime": {"datetime": "2024-01-19 00:44:45", "elapsed": 1989.186265, "delta": 0.003178}}
{"target": -13.758538028759252, "params": {"gamma": 486.7790652874801, "log10_alpha": 1.0, "log10_colsample_bytree": 0.0, "log10_eta": -4.0, "log10_lambda": -5.0, "log10_min_child_weight": 5.0, "log10_subsample": 0.0, "max_depth": 2.0, "num_boost_round": 0.0}, "datetime": {"datetime": "2024-01-19 00:45:41", "elapsed": 2045.69033, "delta": 56.504065}}
{"target": -13.758537764551553, "params": {"gamma": 486.7790652874801, "log10_alpha": 1.0, "log10_colsample_bytree": 0.0, "log10_eta": -4.0, "log10_lambda": -5.0, "log10_min_child_weight": 5.0, "log10_subsample": 0.0, "max_depth": 2.0, "num_boost_round": 1.0}, "datetime": {"datetime": "2024-01-19 00:45:41", "elapsed": 2045.693965, "delta": 0.003635}}
{"target": -13.758537517503818, "params": {"gamma": 486.7790652874801, "log10_alpha": 1.0, "log10_colsample_bytree": 0.0, "log10_eta": -4.0, "log10_lambda": -5.0, "log10_min_child_weight": 5.0, "log10_subsample": 0.0, "max_depth": 2.0, "num_boost_round": 2.0}, "datetime": {"datetime": "2024-01-19 00:45:41", "elapsed": 2045.697268, "delta": 0.003303}}
{"target": -13.758537252527374, "params": {"gamma": 486.7790652874801, "log10_alpha": 1.0, "log10_colsample_bytree": 0.0, "log10_eta": -4.0, "log10_lambda": -5.0, "log10_min_child_weight": 5.0, "log10_subsample": 0.0, "max_depth": 2.0, "num_boost_round": 3.0}, "datetime": {"datetime": "2024-01-19 00:45:41", "elapsed": 2045.700418, "delta": 0.00315}}
{"target": -13.758536951662196, "params": {"gamma": 486.7790652874801, "log10_alpha": 1.0, "log10_colsample_bytree": 0.0, "log10_eta": -4.0, "log10_lambda": -5.0, "log10_min_child_weight": 5.0, "log10_subsample": 0.0, "max_depth": 2.0, "num_boost_round": 4.0}, "datetime": {"datetime": "2024-01-19 00:45:41", "elapsed": 2045.703576, "delta": 0.003158}}
{"target": -13.758536680097276, "params": {"gamma": 486.7790652874801, "log10_alpha": 1.0, "log10_colsample_bytree": 0.0, "log10_eta": -4.0, "log10_lambda": -5.0, "log10_min_child_weight": 5.0, "log10_subsample": 0.0, "max_depth": 2.0, "num_boost_round": 5.0}, "datetime": {"datetime": "2024-01-19 00:45:41", "elapsed": 2045.706723, "delta": 0.003147}}
{"target": -13.75853640762314, "params": {"gamma": 486.7790652874801, "log10_alpha": 1.0, "log10_colsample_bytree": 0.0, "log10_eta": -4.0, "log10_lambda": -5.0, "log10_min_child_weight": 5.0, "log10_subsample": 0.0, "max_depth": 2.0, "num_boost_round": 6.0}, "datetime": {"datetime": "2024-01-19 00:45:41", "elapsed": 2045.709955, "delta": 0.003232}}
{"target": -13.758536149557727, "params": {"gamma": 486.7790652874801, "log10_alpha": 1.0, "log10_colsample_bytree": 0.0, "log10_eta": -4.0, "log10_lambda": -5.0, "log10_min_child_weight": 5.0, "log10_subsample": 0.0, "max_depth": 2.0, "num_boost_round": 7.0}, "datetime": {"datetime": "2024-01-19 00:45:41", "elapsed": 2045.713205, "delta": 0.00325}}
{"target": -13.758535869557367, "params": {"gamma": 486.7790652874801, "log10_alpha": 1.0, "log10_colsample_bytree": 0.0, "log10_eta": -4.0, "log10_lambda": -5.0, "log10_min_child_weight": 5.0, "log10_subsample": 0.0, "max_depth": 2.0, "num_boost_round": 8.0}, "datetime": {"datetime": "2024-01-19 00:45:41", "elapsed": 2045.716437, "delta": 0.003232}}
{"target": -13.758535588955004, "params": {"gamma": 486.7790652874801, "log10_alpha": 1.0, "log10_colsample_bytree": 0.0, "log10_eta": -4.0, "log10_lambda": -5.0, "log10_min_child_weight": 5.0, "log10_subsample": 0.0, "max_depth": 2.0, "num_boost_round": 9.0}, "datetime": {"datetime": "2024-01-19 00:45:41", "elapsed": 2045.719602, "delta": 0.003165}}
{"target": -13.758535317254342, "params": {"gamma": 486.7790652874801, "log10_alpha": 1.0, "log10_colsample_bytree": 0.0, "log10_eta": -4.0, "log10_lambda": -5.0, "log10_min_child_weight": 5.0, "log10_subsample": 0.0, "max_depth": 2.0, "num_boost_round": 10.0}, "datetime": {"datetime": "2024-01-19 00:45:41", "elapsed": 2045.722731, "delta": 0.003129}}
{"target": -13.758535042734318, "params": {"gamma": 486.7790652874801, "log10_alpha": 1.0, "log10_colsample_bytree": 0.0, "log10_eta": -4.0, "log10_lambda": -5.0, "log10_min_child_weight": 5.0, "log10_subsample": 0.0, "max_depth": 2.0, "num_boost_round": 11.0}, "datetime": {"datetime": "2024-01-19 00:45:41", "elapsed": 2045.725848, "delta": 0.003117}}
{"target": -13.758534798246938, "params": {"gamma": 486.7790652874801, "log10_alpha": 1.0, "log10_colsample_bytree": 0.0, "log10_eta": -4.0, "log10_lambda": -5.0, "log10_min_child_weight": 5.0, "log10_subsample": 0.0, "max_depth": 2.0, "num_boost_round": 12.0}, "datetime": {"datetime": "2024-01-19 00:45:41", "elapsed": 2045.729005, "delta": 0.003157}}
