{"target": -13.758508317763983, "params": {"gamma": 729.5193413049036, "log10_alpha": -2.657331632572971, "log10_colsample_bytree": -0.40603603088579765, "log10_eta": -3.70155155426317, "log10_lambda": -1.1649392823187608, "log10_min_child_weight": 1.6714248584882614, "log10_subsample": -0.5465235588678552, "max_depth": 3.0, "num_boost_round": 13.0}, "datetime": {"datetime": "2024-01-19 02:11:14", "elapsed": 7181.592325, "delta": 0.007026}}
{"target": -13.758506357135413, "params": {"gamma": 729.5193413049036, "log10_alpha": -2.657331632572971, "log10_colsample_bytree": -0.40603603088579765, "log10_eta": -3.70155155426317, "log10_lambda": -1.1649392823187608, "log10_min_child_weight": 1.6714248584882614, "log10_subsample": -0.5465235588678552, "max_depth": 3.0, "num_boost_round": 14.0}, "datetime": {"datetime": "2024-01-19 02:11:14", "elapsed": 7181.599307, "delta": 0.006982}}
{"target": -13.758501420696602, "params": {"gamma": 729.5193413049036, "log10_alpha": -2.657331632572971, "log10_colsample_bytree": -0.40603603088579765, "log10_eta": -3.70155155426317, "log10_lambda": -1.1649392823187608, "log10_min_child_weight": 1.6714248584882614, "log10_subsample": -0.5465235588678552, "max_depth": 3.0, "num_boost_round": 15.0}, "datetime": {"datetime": "2024-01-19 02:11:14", "elapsed": 7181.606483, "delta": 0.007176}}
{"target": -13.758497725259407, "params": {"gamma": 729.5193413049036, "log10_alpha": -2.657331632572971, "log10_colsample_bytree": -0.40603603088579765, "log10_eta": -3.70155155426317, "log10_lambda": -1.1649392823187608, "log10_min_child_weight": 1.6714248584882614, "log10_subsample": -0.5465235588678552, "max_depth": 3.0, "num_boost_round": 16.0}, "datetime": {"datetime": "2024-01-19 02:11:14", "elapsed": 7181.613204, "delta": 0.006721}}
{"target": -13.758498574875405, "params": {"gamma": 729.5193413049036, "log10_alpha": -2.657331632572971, "log10_colsample_bytree": -0.40603603088579765, "log10_eta": -3.70155155426317, "log10_lambda": -1.1649392823187608, "log10_min_child_weight": 1.6714248584882614, "log10_subsample": -0.5465235588678552, "max_depth": 3.0, "num_boost_round": 17.0}, "datetime": {"datetime": "2024-01-19 02:11:14", "elapsed": 7181.620071, "delta": 0.006867}}
{"target": -13.758495608126545, "params": {"gamma": 729.5193413049036, "log10_alpha": -2.657331632572971, "log10_colsample_bytree": -0.40603603088579765, "log10_eta": -3.70155155426317, "log10_lambda": -1.1649392823187608, "log10_min_child_weight": 1.6714248584882614, "log10_subsample": -0.5465235588678552, "max_depth": 3.0, "num_boost_round": 18.0}, "datetime": {"datetime": "2024-01-19 02:11:14", "elapsed": 7181.626982, "delta": 0.006911}}
{"target": -13.75849590669201, "params": {"gamma": 729.5193413049036, "log10_alpha": -2.657331632572971, "log10_colsample_bytree": -0.40603603088579765, "log10_eta": -3.70155155426317, "log10_lambda": -1.1649392823187608, "log10_min_child_weight": 1.6714248584882614, "log10_subsample": -0.5465235588678552, "max_depth": 3.0, "num_boost_round": 19.0}, "datetime": {"datetime": "2024-01-19 02:11:14", "elapsed": 7181.633862, "delta": 0.00688}}
{"target": -13.758492897828743, "params": {"gamma": 729.5193413049036, "log10_alpha": -2.657331632572971, "log10_colsample_bytree": -0.40603603088579765, "log10_eta": -3.70155155426317, "log10_lambda": -1.1649392823187608, "log10_min_child_weight": 1.6714248584882614, "log10_subsample": -0.5465235588678552, "max_depth": 3.0, "num_boost_round": 20.0}, "datetime": {"datetime": "2024-01-19 02:11:14", "elapsed": 7181.640934, "delta": 0.007072}}
{"target": -13.758490391851595, "params": {"gamma": 729.5193413049036, "log10_alpha": -2.657331632572971, "log10_colsample_bytree": -0.40603603088579765, "log10_eta": -3.70155155426317, "log10_lambda": -1.1649392823187608, "log10_min_child_weight": 1.6714248584882614, "log10_subsample": -0.5465235588678552, "max_depth": 3.0, "num_boost_round": 21.0}, "datetime": {"datetime": "2024-01-19 02:11:14", "elapsed": 7181.647905, "delta": 0.006971}}
{"target": -13.758490140298631, "params": {"gamma": 729.5193413049036, "log10_alpha": -2.657331632572971, "log10_colsample_bytree": -0.40603603088579765, "log10_eta": -3.70155155426317, "log10_lambda": -1.1649392823187608, "log10_min_child_weight": 1.6714248584882614, "log10_subsample": -0.5465235588678552, "max_depth": 3.0, "num_boost_round": 22.0}, "datetime": {"datetime": "2024-01-19 02:11:14", "elapsed": 7181.654843, "delta": 0.006938}}
{"target": -13.75848829937959, "params": {"gamma": 729.5193413049036, "log10_alpha": -2.657331632572971, "log10_colsample_bytree": -0.40603603088579765, "log10_eta": -3.70155155426317, "log10_lambda": -1.1649392823187608, "log10_min_child_weight": 1.6714248584882614, "log10_subsample": -0.5465235588678552, "max_depth": 3.0, "num_boost_round": 23.0}, "datetime": {"datetime": "2024-01-19 02:11:14", "elapsed": 7181.661864, "delta": 0.007021}}
{"target": -13.758485483465615, "params": {"gamma": 729.5193413049036, "log10_alpha": -2.657331632572971, "log10_colsample_bytree": -0.40603603088579765, "log10_eta": -3.70155155426317, "log10_lambda": -1.1649392823187608, "log10_min_child_weight": 1.6714248584882614, "log10_subsample": -0.5465235588678552, "max_depth": 3.0, "num_boost_round": 24.0}, "datetime": {"datetime": "2024-01-19 02:11:14", "elapsed": 7181.668398, "delta": 0.006534}}
{"target": -13.758484665201363, "params": {"gamma": 729.5193413049036, "log10_alpha": -2.657331632572971, "log10_colsample_bytree": -0.40603603088579765, "log10_eta": -3.70155155426317, "log10_lambda": -1.1649392823187608, "log10_min_child_weight": 1.6714248584882614, "log10_subsample": -0.5465235588678552, "max_depth": 3.0, "num_boost_round": 25.0}, "datetime": {"datetime": "2024-01-19 02:11:14", "elapsed": 7181.674954, "delta": 0.006556}}
{"target": -13.758483381780664, "params": {"gamma": 729.5193413049036, "log10_alpha": -2.657331632572971, "log10_colsample_bytree": -0.40603603088579765, "log10_eta": -3.70155155426317, "log10_lambda": -1.1649392823187608, "log10_min_child_weight": 1.6714248584882614, "log10_subsample": -0.5465235588678552, "max_depth": 3.0, "num_boost_round": 26.0}, "datetime": {"datetime": "2024-01-19 02:11:14", "elapsed": 7181.681762, "delta": 0.006808}}
{"target": -13.758477024345446, "params": {"gamma": 729.5193413049036, "log10_alpha": -2.657331632572971, "log10_colsample_bytree": -0.40603603088579765, "log10_eta": -3.70155155426317, "log10_lambda": -1.1649392823187608, "log10_min_child_weight": 1.6714248584882614, "log10_subsample": -0.5465235588678552, "max_depth": 3.0, "num_boost_round": 27.0}, "datetime": {"datetime": "2024-01-19 02:11:14", "elapsed": 7181.688374, "delta": 0.006612}}
{"target": -13.758475227373626, "params": {"gamma": 729.5193413049036, "log10_alpha": -2.657331632572971, "log10_colsample_bytree": -0.40603603088579765, "log10_eta": -3.70155155426317, "log10_lambda": -1.1649392823187608, "log10_min_child_weight": 1.6714248584882614, "log10_subsample": -0.5465235588678552, "max_depth": 3.0, "num_boost_round": 28.0}, "datetime": {"datetime": "2024-01-19 02:11:14", "elapsed": 7181.694684, "delta": 0.00631}}
{"target": -13.758473058595442, "params": {"gamma": 729.5193413049036, "log10_alpha": -2.657331632572971, "log10_colsample_bytree": -0.40603603088579765, "log10_eta": -3.70155155426317, "log10_lambda": -1.1649392823187608, "log10_min_child_weight": 1.6714248584882614, "log10_subsample": -0.5465235588678552, "max_depth": 3.0, "num_boost_round": 29.0}, "datetime": {"datetime": "2024-01-19 02:11:14", "elapsed": 7181.701038, "delta": 0.006354}}
{"target": -13.75847054817407, "params": {"gamma": 729.5193413049036, "log10_alpha": -2.657331632572971, "log10_colsample_bytree": -0.40603603088579765, "log10_eta": -3.70155155426317, "log10_lambda": -1.1649392823187608, "log10_min_child_weight": 1.6714248584882614, "log10_subsample": -0.5465235588678552, "max_depth": 3.0, "num_boost_round": 30.0}, "datetime": {"datetime": "2024-01-19 02:11:14", "elapsed": 7181.707501, "delta": 0.006463}}
{"target": -13.758465019672549, "params": {"gamma": 729.5193413049036, "log10_alpha": -2.657331632572971, "log10_colsample_bytree": -0.40603603088579765, "log10_eta": -3.70155155426317, "log10_lambda": -1.1649392823187608, "log10_min_child_weight": 1.6714248584882614, "log10_subsample": -0.5465235588678552, "max_depth": 3.0, "num_boost_round": 31.0}, "datetime": {"datetime": "2024-01-19 02:11:14", "elapsed": 7181.714131, "delta": 0.00663}}
{"target": -13.758466844879703, "params": {"gamma": 729.5193413049036, "log10_alpha": -2.657331632572971, "log10_colsample_bytree": -0.40603603088579765, "log10_eta": -3.70155155426317, "log10_lambda": -1.1649392823187608, "log10_min_child_weight": 1.6714248584882614, "log10_subsample": -0.5465235588678552, "max_depth": 3.0, "num_boost_round": 32.0}, "datetime": {"datetime": "2024-01-19 02:11:14", "elapsed": 7181.720807, "delta": 0.006676}}
{"target": -13.758461786102238, "params": {"gamma": 729.5193413049036, "log10_alpha": -2.657331632572971, "log10_colsample_bytree": -0.40603603088579765, "log10_eta": -3.70155155426317, "log10_lambda": -1.1649392823187608, "log10_min_child_weight": 1.6714248584882614, "log10_subsample": -0.5465235588678552, "max_depth": 3.0, "num_boost_round": 33.0}, "datetime": {"datetime": "2024-01-19 02:11:14", "elapsed": 7181.727334, "delta": 0.006527}}
{"target": -13.758461337164798, "params": {"gamma": 729.5193413049036, "log10_alpha": -2.657331632572971, "log10_colsample_bytree": -0.40603603088579765, "log10_eta": -3.70155155426317, "log10_lambda": -1.1649392823187608, "log10_min_child_weight": 1.6714248584882614, "log10_subsample": -0.5465235588678552, "max_depth": 3.0, "num_boost_round": 34.0}, "datetime": {"datetime": "2024-01-19 02:11:14", "elapsed": 7181.733919, "delta": 0.006585}}
{"target": -13.75846140550503, "params": {"gamma": 729.5193413049036, "log10_alpha": -2.657331632572971, "log10_colsample_bytree": -0.40603603088579765, "log10_eta": -3.70155155426317, "log10_lambda": -1.1649392823187608, "log10_min_child_weight": 1.6714248584882614, "log10_subsample": -0.5465235588678552, "max_depth": 3.0, "num_boost_round": 35.0}, "datetime": {"datetime": "2024-01-19 02:11:14", "elapsed": 7181.741218, "delta": 0.007299}}
{"target": -13.758462481775725, "params": {"gamma": 729.5193413049036, "log10_alpha": -2.657331632572971, "log10_colsample_bytree": -0.40603603088579765, "log10_eta": -3.70155155426317, "log10_lambda": -1.1649392823187608, "log10_min_child_weight": 1.6714248584882614, "log10_subsample": -0.5465235588678552, "max_depth": 3.0, "num_boost_round": 36.0}, "datetime": {"datetime": "2024-01-19 02:11:14", "elapsed": 7181.749146, "delta": 0.007928}}
{"target": -13.758457241569063, "params": {"gamma": 729.5193413049036, "log10_alpha": -2.657331632572971, "log10_colsample_bytree": -0.40603603088579765, "log10_eta": -3.70155155426317, "log10_lambda": -1.1649392823187608, "log10_min_child_weight": 1.6714248584882614, "log10_subsample": -0.5465235588678552, "max_depth": 3.0, "num_boost_round": 37.0}, "datetime": {"datetime": "2024-01-19 02:11:14", "elapsed": 7181.757076, "delta": 0.00793}}
{"target": -13.758456958165521, "params": {"gamma": 729.5193413049036, "log10_alpha": -2.657331632572971, "log10_colsample_bytree": -0.40603603088579765, "log10_eta": -3.70155155426317, "log10_lambda": -1.1649392823187608, "log10_min_child_weight": 1.6714248584882614, "log10_subsample": -0.5465235588678552, "max_depth": 3.0, "num_boost_round": 38.0}, "datetime": {"datetime": "2024-01-19 02:11:14", "elapsed": 7181.764119, "delta": 0.007043}}
{"target": -13.758452216752636, "params": {"gamma": 729.5193413049036, "log10_alpha": -2.657331632572971, "log10_colsample_bytree": -0.40603603088579765, "log10_eta": -3.70155155426317, "log10_lambda": -1.1649392823187608, "log10_min_child_weight": 1.6714248584882614, "log10_subsample": -0.5465235588678552, "max_depth": 3.0, "num_boost_round": 39.0}, "datetime": {"datetime": "2024-01-19 02:11:14", "elapsed": 7181.770859, "delta": 0.00674}}
{"target": -13.758449508562197, "params": {"gamma": 729.5193413049036, "log10_alpha": -2.657331632572971, "log10_colsample_bytree": -0.40603603088579765, "log10_eta": -3.70155155426317, "log10_lambda": -1.1649392823187608, "log10_min_child_weight": 1.6714248584882614, "log10_subsample": -0.5465235588678552, "max_depth": 3.0, "num_boost_round": 40.0}, "datetime": {"datetime": "2024-01-19 02:11:14", "elapsed": 7181.777061, "delta": 0.006202}}
{"target": -13.758444563456182, "params": {"gamma": 729.5193413049036, "log10_alpha": -2.657331632572971, "log10_colsample_bytree": -0.40603603088579765, "log10_eta": -3.70155155426317, "log10_lambda": -1.1649392823187608, "log10_min_child_weight": 1.6714248584882614, "log10_subsample": -0.5465235588678552, "max_depth": 3.0, "num_boost_round": 41.0}, "datetime": {"datetime": "2024-01-19 02:11:14", "elapsed": 7181.783263, "delta": 0.006202}}
{"target": -13.758440714879058, "params": {"gamma": 729.5193413049036, "log10_alpha": -2.657331632572971, "log10_colsample_bytree": -0.40603603088579765, "log10_eta": -3.70155155426317, "log10_lambda": -1.1649392823187608, "log10_min_child_weight": 1.6714248584882614, "log10_subsample": -0.5465235588678552, "max_depth": 3.0, "num_boost_round": 42.0}, "datetime": {"datetime": "2024-01-19 02:11:14", "elapsed": 7181.789723, "delta": 0.00646}}
{"target": -13.758436183513204, "params": {"gamma": 729.5193413049036, "log10_alpha": -2.657331632572971, "log10_colsample_bytree": -0.40603603088579765, "log10_eta": -3.70155155426317, "log10_lambda": -1.1649392823187608, "log10_min_child_weight": 1.6714248584882614, "log10_subsample": -0.5465235588678552, "max_depth": 3.0, "num_boost_round": 43.0}, "datetime": {"datetime": "2024-01-19 02:11:14", "elapsed": 7181.79637, "delta": 0.006647}}
{"target": -13.75843414920721, "params": {"gamma": 729.5193413049036, "log10_alpha": -2.657331632572971, "log10_colsample_bytree": -0.40603603088579765, "log10_eta": -3.70155155426317, "log10_lambda": -1.1649392823187608, "log10_min_child_weight": 1.6714248584882614, "log10_subsample": -0.5465235588678552, "max_depth": 3.0, "num_boost_round": 44.0}, "datetime": {"datetime": "2024-01-19 02:11:14", "elapsed": 7181.802963, "delta": 0.006593}}
{"target": -13.758432380070937, "params": {"gamma": 729.5193413049036, "log10_alpha": -2.657331632572971, "log10_colsample_bytree": -0.40603603088579765, "log10_eta": -3.70155155426317, "log10_lambda": -1.1649392823187608, "log10_min_child_weight": 1.6714248584882614, "log10_subsample": -0.5465235588678552, "max_depth": 3.0, "num_boost_round": 45.0}, "datetime": {"datetime": "2024-01-19 02:11:14", "elapsed": 7181.810372, "delta": 0.007409}}
{"target": -13.7584306105176, "params": {"gamma": 729.5193413049036, "log10_alpha": -2.657331632572971, "log10_colsample_bytree": -0.40603603088579765, "log10_eta": -3.70155155426317, "log10_lambda": -1.1649392823187608, "log10_min_child_weight": 1.6714248584882614, "log10_subsample": -0.5465235588678552, "max_depth": 3.0, "num_boost_round": 46.0}, "datetime": {"datetime": "2024-01-19 02:11:14", "elapsed": 7181.817434, "delta": 0.007062}}
{"target": -13.758430479893262, "params": {"gamma": 729.5193413049036, "log10_alpha": -2.657331632572971, "log10_colsample_bytree": -0.40603603088579765, "log10_eta": -3.70155155426317, "log10_lambda": -1.1649392823187608, "log10_min_child_weight": 1.6714248584882614, "log10_subsample": -0.5465235588678552, "max_depth": 3.0, "num_boost_round": 47.0}, "datetime": {"datetime": "2024-01-19 02:11:14", "elapsed": 7181.824284, "delta": 0.00685}}
{"target": -13.758427587901972, "params": {"gamma": 729.5193413049036, "log10_alpha": -2.657331632572971, "log10_colsample_bytree": -0.40603603088579765, "log10_eta": -3.70155155426317, "log10_lambda": -1.1649392823187608, "log10_min_child_weight": 1.6714248584882614, "log10_subsample": -0.5465235588678552, "max_depth": 3.0, "num_boost_round": 48.0}, "datetime": {"datetime": "2024-01-19 02:11:14", "elapsed": 7181.831341, "delta": 0.007057}}
{"target": -13.758423191676442, "params": {"gamma": 729.5193413049036, "log10_alpha": -2.657331632572971, "log10_colsample_bytree": -0.40603603088579765, "log10_eta": -3.70155155426317, "log10_lambda": -1.1649392823187608, "log10_min_child_weight": 1.6714248584882614, "log10_subsample": -0.5465235588678552, "max_depth": 3.0, "num_boost_round": 49.0}, "datetime": {"datetime": "2024-01-19 02:11:14", "elapsed": 7181.838514, "delta": 0.007173}}
{"target": -13.758423304902113, "params": {"gamma": 729.5193413049036, "log10_alpha": -2.657331632572971, "log10_colsample_bytree": -0.40603603088579765, "log10_eta": -3.70155155426317, "log10_lambda": -1.1649392823187608, "log10_min_child_weight": 1.6714248584882614, "log10_subsample": -0.5465235588678552, "max_depth": 3.0, "num_boost_round": 50.0}, "datetime": {"datetime": "2024-01-19 02:11:14", "elapsed": 7181.845677, "delta": 0.007163}}
{"target": -13.758420694570571, "params": {"gamma": 729.5193413049036, "log10_alpha": -2.657331632572971, "log10_colsample_bytree": -0.40603603088579765, "log10_eta": -3.70155155426317, "log10_lambda": -1.1649392823187608, "log10_min_child_weight": 1.6714248584882614, "log10_subsample": -0.5465235588678552, "max_depth": 3.0, "num_boost_round": 51.0}, "datetime": {"datetime": "2024-01-19 02:11:14", "elapsed": 7181.852797, "delta": 0.00712}}
{"target": -13.758418826242265, "params": {"gamma": 729.5193413049036, "log10_alpha": -2.657331632572971, "log10_colsample_bytree": -0.40603603088579765, "log10_eta": -3.70155155426317, "log10_lambda": -1.1649392823187608, "log10_min_child_weight": 1.6714248584882614, "log10_subsample": -0.5465235588678552, "max_depth": 3.0, "num_boost_round": 52.0}, "datetime": {"datetime": "2024-01-19 02:11:14", "elapsed": 7181.85964, "delta": 0.006843}}
{"target": -13.758416197462166, "params": {"gamma": 729.5193413049036, "log10_alpha": -2.657331632572971, "log10_colsample_bytree": -0.40603603088579765, "log10_eta": -3.70155155426317, "log10_lambda": -1.1649392823187608, "log10_min_child_weight": 1.6714248584882614, "log10_subsample": -0.5465235588678552, "max_depth": 3.0, "num_boost_round": 53.0}, "datetime": {"datetime": "2024-01-19 02:11:14", "elapsed": 7181.867273, "delta": 0.007633}}
{"target": -13.75841124862228, "params": {"gamma": 729.5193413049036, "log10_alpha": -2.657331632572971, "log10_colsample_bytree": -0.40603603088579765, "log10_eta": -3.70155155426317, "log10_lambda": -1.1649392823187608, "log10_min_child_weight": 1.6714248584882614, "log10_subsample": -0.5465235588678552, "max_depth": 3.0, "num_boost_round": 54.0}, "datetime": {"datetime": "2024-01-19 02:11:14", "elapsed": 7181.874334, "delta": 0.007061}}
{"target": -13.75841137300479, "params": {"gamma": 729.5193413049036, "log10_alpha": -2.657331632572971, "log10_colsample_bytree": -0.40603603088579765, "log10_eta": -3.70155155426317, "log10_lambda": -1.1649392823187608, "log10_min_child_weight": 1.6714248584882614, "log10_subsample": -0.5465235588678552, "max_depth": 3.0, "num_boost_round": 55.0}, "datetime": {"datetime": "2024-01-19 02:11:14", "elapsed": 7181.881285, "delta": 0.006951}}
{"target": -13.758406048559987, "params": {"gamma": 729.5193413049036, "log10_alpha": -2.657331632572971, "log10_colsample_bytree": -0.40603603088579765, "log10_eta": -3.70155155426317, "log10_lambda": -1.1649392823187608, "log10_min_child_weight": 1.6714248584882614, "log10_subsample": -0.5465235588678552, "max_depth": 3.0, "num_boost_round": 56.0}, "datetime": {"datetime": "2024-01-19 02:11:14", "elapsed": 7181.888304, "delta": 0.007019}}
{"target": -13.758402995179347, "params": {"gamma": 729.5193413049036, "log10_alpha": -2.657331632572971, "log10_colsample_bytree": -0.40603603088579765, "log10_eta": -3.70155155426317, "log10_lambda": -1.1649392823187608, "log10_min_child_weight": 1.6714248584882614, "log10_subsample": -0.5465235588678552, "max_depth": 3.0, "num_boost_round": 57.0}, "datetime": {"datetime": "2024-01-19 02:11:14", "elapsed": 7181.895246, "delta": 0.006942}}
{"target": -13.758402809035841, "params": {"gamma": 729.5193413049036, "log10_alpha": -2.657331632572971, "log10_colsample_bytree": -0.40603603088579765, "log10_eta": -3.70155155426317, "log10_lambda": -1.1649392823187608, "log10_min_child_weight": 1.6714248584882614, "log10_subsample": -0.5465235588678552, "max_depth": 3.0, "num_boost_round": 58.0}, "datetime": {"datetime": "2024-01-19 02:11:14", "elapsed": 7181.902179, "delta": 0.006933}}
{"target": -13.75839924168991, "params": {"gamma": 729.5193413049036, "log10_alpha": -2.657331632572971, "log10_colsample_bytree": -0.40603603088579765, "log10_eta": -3.70155155426317, "log10_lambda": -1.1649392823187608, "log10_min_child_weight": 1.6714248584882614, "log10_subsample": -0.5465235588678552, "max_depth": 3.0, "num_boost_round": 59.0}, "datetime": {"datetime": "2024-01-19 02:11:14", "elapsed": 7182.043076, "delta": 0.140897}}
{"target": -13.758397467725812, "params": {"gamma": 729.5193413049036, "log10_alpha": -2.657331632572971, "log10_colsample_bytree": -0.40603603088579765, "log10_eta": -3.70155155426317, "log10_lambda": -1.1649392823187608, "log10_min_child_weight": 1.6714248584882614, "log10_subsample": -0.5465235588678552, "max_depth": 3.0, "num_boost_round": 60.0}, "datetime": {"datetime": "2024-01-19 02:11:14", "elapsed": 7182.051671, "delta": 0.008595}}
{"target": -13.758394263930239, "params": {"gamma": 729.5193413049036, "log10_alpha": -2.657331632572971, "log10_colsample_bytree": -0.40603603088579765, "log10_eta": -3.70155155426317, "log10_lambda": -1.1649392823187608, "log10_min_child_weight": 1.6714248584882614, "log10_subsample": -0.5465235588678552, "max_depth": 3.0, "num_boost_round": 61.0}, "datetime": {"datetime": "2024-01-19 02:11:14", "elapsed": 7182.059615, "delta": 0.007944}}
