{"target": -13.75846846446159, "params": {"gamma": 641.059340237545, "log10_alpha": 0.9873015459156793, "log10_colsample_bytree": -0.22303996456477893, "log10_eta": -3.2505628248396774, "log10_lambda": -0.03684187802904404, "log10_min_child_weight": 0.23854556947311034, "log10_subsample": -0.9161076058124692, "max_depth": 2.0, "num_boost_round": 19.0}, "datetime": {"datetime": "2024-01-19 01:21:45", "elapsed": 4158.045337, "delta": 0.00425}}
{"target": -13.758450455416817, "params": {"gamma": 641.059340237545, "log10_alpha": 0.9873015459156793, "log10_colsample_bytree": -0.22303996456477893, "log10_eta": -3.2505628248396774, "log10_lambda": -0.03684187802904404, "log10_min_child_weight": 0.23854556947311034, "log10_subsample": -0.9161076058124692, "max_depth": 2.0, "num_boost_round": 20.0}, "datetime": {"datetime": "2024-01-19 01:21:45", "elapsed": 4158.049885, "delta": 0.004548}}
{"target": -13.75844785120327, "params": {"gamma": 641.059340237545, "log10_alpha": 0.9873015459156793, "log10_colsample_bytree": -0.22303996456477893, "log10_eta": -3.2505628248396774, "log10_lambda": -0.03684187802904404, "log10_min_child_weight": 0.23854556947311034, "log10_subsample": -0.9161076058124692, "max_depth": 2.0, "num_boost_round": 21.0}, "datetime": {"datetime": "2024-01-19 01:21:45", "elapsed": 4158.054237, "delta": 0.004352}}
{"target": -13.759820400576228, "params": {"gamma": 558.5567268134064, "log10_alpha": 0.9709307673037166, "log10_colsample_bytree": -0.7736952461970441, "log10_eta": -0.11006069402806729, "log10_lambda": -0.48648254468321106, "log10_min_child_weight": 4.787005772578147, "log10_subsample": -0.9988073081403921, "max_depth": 6.0, "num_boost_round": 0.0}, "datetime": {"datetime": "2024-01-19 01:22:35", "elapsed": 4208.091626, "delta": 50.037389}}
{"target": -13.76145370091285, "params": {"gamma": 558.5567268134064, "log10_alpha": 0.9709307673037166, "log10_colsample_bytree": -0.7736952461970441, "log10_eta": -0.11006069402806729, "log10_lambda": -0.48648254468321106, "log10_min_child_weight": 4.787005772578147, "log10_subsample": -0.9988073081403921, "max_depth": 6.0, "num_boost_round": 1.0}, "datetime": {"datetime": "2024-01-19 01:22:35", "elapsed": 4208.096997, "delta": 0.005371}}
{"target": -13.763935482469796, "params": {"gamma": 558.5567268134064, "log10_alpha": 0.9709307673037166, "log10_colsample_bytree": -0.7736952461970441, "log10_eta": -0.11006069402806729, "log10_lambda": -0.48648254468321106, "log10_min_child_weight": 4.787005772578147, "log10_subsample": -0.9988073081403921, "max_depth": 6.0, "num_boost_round": 2.0}, "datetime": {"datetime": "2024-01-19 01:22:35", "elapsed": 4208.102049, "delta": 0.005052}}
{"target": -13.762625538781283, "params": {"gamma": 558.5567268134064, "log10_alpha": 0.9709307673037166, "log10_colsample_bytree": -0.7736952461970441, "log10_eta": -0.11006069402806729, "log10_lambda": -0.48648254468321106, "log10_min_child_weight": 4.787005772578147, "log10_subsample": -0.9988073081403921, "max_depth": 6.0, "num_boost_round": 3.0}, "datetime": {"datetime": "2024-01-19 01:22:35", "elapsed": 4208.106948, "delta": 0.004899}}
{"target": -13.761508996356472, "params": {"gamma": 558.5567268134064, "log10_alpha": 0.9709307673037166, "log10_colsample_bytree": -0.7736952461970441, "log10_eta": -0.11006069402806729, "log10_lambda": -0.48648254468321106, "log10_min_child_weight": 4.787005772578147, "log10_subsample": -0.9988073081403921, "max_depth": 6.0, "num_boost_round": 4.0}, "datetime": {"datetime": "2024-01-19 01:22:35", "elapsed": 4208.111284, "delta": 0.004336}}
{"target": -13.76572222377526, "params": {"gamma": 558.5567268134064, "log10_alpha": 0.9709307673037166, "log10_colsample_bytree": -0.7736952461970441, "log10_eta": -0.11006069402806729, "log10_lambda": -0.48648254468321106, "log10_min_child_weight": 4.787005772578147, "log10_subsample": -0.9988073081403921, "max_depth": 6.0, "num_boost_round": 5.0}, "datetime": {"datetime": "2024-01-19 01:22:35", "elapsed": 4208.115685, "delta": 0.004401}}
{"target": -13.766117194440872, "params": {"gamma": 558.5567268134064, "log10_alpha": 0.9709307673037166, "log10_colsample_bytree": -0.7736952461970441, "log10_eta": -0.11006069402806729, "log10_lambda": -0.48648254468321106, "log10_min_child_weight": 4.787005772578147, "log10_subsample": -0.9988073081403921, "max_depth": 6.0, "num_boost_round": 6.0}, "datetime": {"datetime": "2024-01-19 01:22:35", "elapsed": 4208.120047, "delta": 0.004362}}
{"target": -13.76704486790723, "params": {"gamma": 558.5567268134064, "log10_alpha": 0.9709307673037166, "log10_colsample_bytree": -0.7736952461970441, "log10_eta": -0.11006069402806729, "log10_lambda": -0.48648254468321106, "log10_min_child_weight": 4.787005772578147, "log10_subsample": -0.9988073081403921, "max_depth": 6.0, "num_boost_round": 7.0}, "datetime": {"datetime": "2024-01-19 01:22:35", "elapsed": 4208.13931, "delta": 0.019263}}
{"target": -13.76779332309667, "params": {"gamma": 558.5567268134064, "log10_alpha": 0.9709307673037166, "log10_colsample_bytree": -0.7736952461970441, "log10_eta": -0.11006069402806729, "log10_lambda": -0.48648254468321106, "log10_min_child_weight": 4.787005772578147, "log10_subsample": -0.9988073081403921, "max_depth": 6.0, "num_boost_round": 8.0}, "datetime": {"datetime": "2024-01-19 01:22:35", "elapsed": 4208.143829, "delta": 0.004519}}
{"target": -13.769953413800149, "params": {"gamma": 558.5567268134064, "log10_alpha": 0.9709307673037166, "log10_colsample_bytree": -0.7736952461970441, "log10_eta": -0.11006069402806729, "log10_lambda": -0.48648254468321106, "log10_min_child_weight": 4.787005772578147, "log10_subsample": -0.9988073081403921, "max_depth": 6.0, "num_boost_round": 9.0}, "datetime": {"datetime": "2024-01-19 01:22:35", "elapsed": 4208.148329, "delta": 0.0045}}
{"target": -13.7704249645491, "params": {"gamma": 558.5567268134064, "log10_alpha": 0.9709307673037166, "log10_colsample_bytree": -0.7736952461970441, "log10_eta": -0.11006069402806729, "log10_lambda": -0.48648254468321106, "log10_min_child_weight": 4.787005772578147, "log10_subsample": -0.9988073081403921, "max_depth": 6.0, "num_boost_round": 10.0}, "datetime": {"datetime": "2024-01-19 01:22:35", "elapsed": 4208.152908, "delta": 0.004579}}
{"target": -13.769440156585533, "params": {"gamma": 558.5567268134064, "log10_alpha": 0.9709307673037166, "log10_colsample_bytree": -0.7736952461970441, "log10_eta": -0.11006069402806729, "log10_lambda": -0.48648254468321106, "log10_min_child_weight": 4.787005772578147, "log10_subsample": -0.9988073081403921, "max_depth": 6.0, "num_boost_round": 11.0}, "datetime": {"datetime": "2024-01-19 01:22:35", "elapsed": 4208.157245, "delta": 0.004337}}
{"target": -13.770202297155329, "params": {"gamma": 558.5567268134064, "log10_alpha": 0.9709307673037166, "log10_colsample_bytree": -0.7736952461970441, "log10_eta": -0.11006069402806729, "log10_lambda": -0.48648254468321106, "log10_min_child_weight": 4.787005772578147, "log10_subsample": -0.9988073081403921, "max_depth": 6.0, "num_boost_round": 12.0}, "datetime": {"datetime": "2024-01-19 01:22:35", "elapsed": 4208.161482, "delta": 0.004237}}
{"target": -13.772446204371784, "params": {"gamma": 558.5567268134064, "log10_alpha": 0.9709307673037166, "log10_colsample_bytree": -0.7736952461970441, "log10_eta": -0.11006069402806729, "log10_lambda": -0.48648254468321106, "log10_min_child_weight": 4.787005772578147, "log10_subsample": -0.9988073081403921, "max_depth": 6.0, "num_boost_round": 13.0}, "datetime": {"datetime": "2024-01-19 01:22:35", "elapsed": 4208.165688, "delta": 0.004206}}
{"target": -13.772663909446324, "params": {"gamma": 558.5567268134064, "log10_alpha": 0.9709307673037166, "log10_colsample_bytree": -0.7736952461970441, "log10_eta": -0.11006069402806729, "log10_lambda": -0.48648254468321106, "log10_min_child_weight": 4.787005772578147, "log10_subsample": -0.9988073081403921, "max_depth": 6.0, "num_boost_round": 14.0}, "datetime": {"datetime": "2024-01-19 01:22:35", "elapsed": 4208.170052, "delta": 0.004364}}
{"target": -13.773837347195421, "params": {"gamma": 558.5567268134064, "log10_alpha": 0.9709307673037166, "log10_colsample_bytree": -0.7736952461970441, "log10_eta": -0.11006069402806729, "log10_lambda": -0.48648254468321106, "log10_min_child_weight": 4.787005772578147, "log10_subsample": -0.9988073081403921, "max_depth": 6.0, "num_boost_round": 15.0}, "datetime": {"datetime": "2024-01-19 01:22:35", "elapsed": 4208.174665, "delta": 0.004613}}
{"target": -13.774029018588182, "params": {"gamma": 558.5567268134064, "log10_alpha": 0.9709307673037166, "log10_colsample_bytree": -0.7736952461970441, "log10_eta": -0.11006069402806729, "log10_lambda": -0.48648254468321106, "log10_min_child_weight": 4.787005772578147, "log10_subsample": -0.9988073081403921, "max_depth": 6.0, "num_boost_round": 16.0}, "datetime": {"datetime": "2024-01-19 01:22:35", "elapsed": 4208.17919, "delta": 0.004525}}
{"target": -13.77596178790679, "params": {"gamma": 558.5567268134064, "log10_alpha": 0.9709307673037166, "log10_colsample_bytree": -0.7736952461970441, "log10_eta": -0.11006069402806729, "log10_lambda": -0.48648254468321106, "log10_min_child_weight": 4.787005772578147, "log10_subsample": -0.9988073081403921, "max_depth": 6.0, "num_boost_round": 17.0}, "datetime": {"datetime": "2024-01-19 01:22:35", "elapsed": 4208.184131, "delta": 0.004941}}
{"target": -13.775245772048194, "params": {"gamma": 558.5567268134064, "log10_alpha": 0.9709307673037166, "log10_colsample_bytree": -0.7736952461970441, "log10_eta": -0.11006069402806729, "log10_lambda": -0.48648254468321106, "log10_min_child_weight": 4.787005772578147, "log10_subsample": -0.9988073081403921, "max_depth": 6.0, "num_boost_round": 18.0}, "datetime": {"datetime": "2024-01-19 01:22:35", "elapsed": 4208.188459, "delta": 0.004328}}
{"target": -13.774884212822077, "params": {"gamma": 558.5567268134064, "log10_alpha": 0.9709307673037166, "log10_colsample_bytree": -0.7736952461970441, "log10_eta": -0.11006069402806729, "log10_lambda": -0.48648254468321106, "log10_min_child_weight": 4.787005772578147, "log10_subsample": -0.9988073081403921, "max_depth": 6.0, "num_boost_round": 19.0}, "datetime": {"datetime": "2024-01-19 01:22:35", "elapsed": 4208.19293, "delta": 0.004471}}
{"target": -13.775264514284787, "params": {"gamma": 558.5567268134064, "log10_alpha": 0.9709307673037166, "log10_colsample_bytree": -0.7736952461970441, "log10_eta": -0.11006069402806729, "log10_lambda": -0.48648254468321106, "log10_min_child_weight": 4.787005772578147, "log10_subsample": -0.9988073081403921, "max_depth": 6.0, "num_boost_round": 20.0}, "datetime": {"datetime": "2024-01-19 01:22:35", "elapsed": 4208.19748, "delta": 0.00455}}
{"target": -13.776764415226241, "params": {"gamma": 558.5567268134064, "log10_alpha": 0.9709307673037166, "log10_colsample_bytree": -0.7736952461970441, "log10_eta": -0.11006069402806729, "log10_lambda": -0.48648254468321106, "log10_min_child_weight": 4.787005772578147, "log10_subsample": -0.9988073081403921, "max_depth": 6.0, "num_boost_round": 21.0}, "datetime": {"datetime": "2024-01-19 01:22:35", "elapsed": 4208.202144, "delta": 0.004664}}
{"target": -13.758981415236383, "params": {"gamma": 642.72566979641, "log10_alpha": -2.373761011283384, "log10_colsample_bytree": -0.8055995363073272, "log10_eta": -0.9124006839952412, "log10_lambda": -0.4709379680997188, "log10_min_child_weight": 4.385844038182901, "log10_subsample": -0.6875558383638356, "max_depth": 9.0, "num_boost_round": 0.0}, "datetime": {"datetime": "2024-01-19 01:23:32", "elapsed": 4264.915063, "delta": 56.712919}}
{"target": -13.757961655348064, "params": {"gamma": 642.72566979641, "log10_alpha": -2.373761011283384, "log10_colsample_bytree": -0.8055995363073272, "log10_eta": -0.9124006839952412, "log10_lambda": -0.4709379680997188, "log10_min_child_weight": 4.385844038182901, "log10_subsample": -0.6875558383638356, "max_depth": 9.0, "num_boost_round": 1.0}, "datetime": {"datetime": "2024-01-19 01:23:32", "elapsed": 4264.919815, "delta": 0.004752}}
{"target": -13.757440492162928, "params": {"gamma": 642.72566979641, "log10_alpha": -2.373761011283384, "log10_colsample_bytree": -0.8055995363073272, "log10_eta": -0.9124006839952412, "log10_lambda": -0.4709379680997188, "log10_min_child_weight": 4.385844038182901, "log10_subsample": -0.6875558383638356, "max_depth": 9.0, "num_boost_round": 2.0}, "datetime": {"datetime": "2024-01-19 01:23:32", "elapsed": 4264.924023, "delta": 0.004208}}
{"target": -13.75806404960056, "params": {"gamma": 642.72566979641, "log10_alpha": -2.373761011283384, "log10_colsample_bytree": -0.8055995363073272, "log10_eta": -0.9124006839952412, "log10_lambda": -0.4709379680997188, "log10_min_child_weight": 4.385844038182901, "log10_subsample": -0.6875558383638356, "max_depth": 9.0, "num_boost_round": 3.0}, "datetime": {"datetime": "2024-01-19 01:23:32", "elapsed": 4264.928321, "delta": 0.004298}}
{"target": -13.758201979848723, "params": {"gamma": 642.72566979641, "log10_alpha": -2.373761011283384, "log10_colsample_bytree": -0.8055995363073272, "log10_eta": -0.9124006839952412, "log10_lambda": -0.4709379680997188, "log10_min_child_weight": 4.385844038182901, "log10_subsample": -0.6875558383638356, "max_depth": 9.0, "num_boost_round": 4.0}, "datetime": {"datetime": "2024-01-19 01:23:32", "elapsed": 4264.947032, "delta": 0.018711}}
{"target": -13.759346223882792, "params": {"gamma": 642.72566979641, "log10_alpha": -2.373761011283384, "log10_colsample_bytree": -0.8055995363073272, "log10_eta": -0.9124006839952412, "log10_lambda": -0.4709379680997188, "log10_min_child_weight": 4.385844038182901, "log10_subsample": -0.6875558383638356, "max_depth": 9.0, "num_boost_round": 5.0}, "datetime": {"datetime": "2024-01-19 01:23:32", "elapsed": 4264.951317, "delta": 0.004285}}
{"target": -13.760230171393076, "params": {"gamma": 642.72566979641, "log10_alpha": -2.373761011283384, "log10_colsample_bytree": -0.8055995363073272, "log10_eta": -0.9124006839952412, "log10_lambda": -0.4709379680997188, "log10_min_child_weight": 4.385844038182901, "log10_subsample": -0.6875558383638356, "max_depth": 9.0, "num_boost_round": 6.0}, "datetime": {"datetime": "2024-01-19 01:23:32", "elapsed": 4264.95567, "delta": 0.004353}}
{"target": -13.760598993561475, "params": {"gamma": 642.72566979641, "log10_alpha": -2.373761011283384, "log10_colsample_bytree": -0.8055995363073272, "log10_eta": -0.9124006839952412, "log10_lambda": -0.4709379680997188, "log10_min_child_weight": 4.385844038182901, "log10_subsample": -0.6875558383638356, "max_depth": 9.0, "num_boost_round": 7.0}, "datetime": {"datetime": "2024-01-19 01:23:32", "elapsed": 4264.959891, "delta": 0.004221}}
{"target": -13.761262807904744, "params": {"gamma": 642.72566979641, "log10_alpha": -2.373761011283384, "log10_colsample_bytree": -0.8055995363073272, "log10_eta": -0.9124006839952412, "log10_lambda": -0.4709379680997188, "log10_min_child_weight": 4.385844038182901, "log10_subsample": -0.6875558383638356, "max_depth": 9.0, "num_boost_round": 8.0}, "datetime": {"datetime": "2024-01-19 01:23:32", "elapsed": 4264.964107, "delta": 0.004216}}
{"target": -13.761599849534226, "params": {"gamma": 642.72566979641, "log10_alpha": -2.373761011283384, "log10_colsample_bytree": -0.8055995363073272, "log10_eta": -0.9124006839952412, "log10_lambda": -0.4709379680997188, "log10_min_child_weight": 4.385844038182901, "log10_subsample": -0.6875558383638356, "max_depth": 9.0, "num_boost_round": 9.0}, "datetime": {"datetime": "2024-01-19 01:23:32", "elapsed": 4264.968321, "delta": 0.004214}}
{"target": -13.761086460937749, "params": {"gamma": 642.72566979641, "log10_alpha": -2.373761011283384, "log10_colsample_bytree": -0.8055995363073272, "log10_eta": -0.9124006839952412, "log10_lambda": -0.4709379680997188, "log10_min_child_weight": 4.385844038182901, "log10_subsample": -0.6875558383638356, "max_depth": 9.0, "num_boost_round": 10.0}, "datetime": {"datetime": "2024-01-19 01:23:32", "elapsed": 4264.972706, "delta": 0.004385}}
{"target": -13.760715730986934, "params": {"gamma": 642.72566979641, "log10_alpha": -2.373761011283384, "log10_colsample_bytree": -0.8055995363073272, "log10_eta": -0.9124006839952412, "log10_lambda": -0.4709379680997188, "log10_min_child_weight": 4.385844038182901, "log10_subsample": -0.6875558383638356, "max_depth": 9.0, "num_boost_round": 11.0}, "datetime": {"datetime": "2024-01-19 01:23:32", "elapsed": 4264.977042, "delta": 0.004336}}
{"target": -13.76190368380025, "params": {"gamma": 642.72566979641, "log10_alpha": -2.373761011283384, "log10_colsample_bytree": -0.8055995363073272, "log10_eta": -0.9124006839952412, "log10_lambda": -0.4709379680997188, "log10_min_child_weight": 4.385844038182901, "log10_subsample": -0.6875558383638356, "max_depth": 9.0, "num_boost_round": 12.0}, "datetime": {"datetime": "2024-01-19 01:23:32", "elapsed": 4264.981455, "delta": 0.004413}}
{"target": -13.762223360838924, "params": {"gamma": 642.72566979641, "log10_alpha": -2.373761011283384, "log10_colsample_bytree": -0.8055995363073272, "log10_eta": -0.9124006839952412, "log10_lambda": -0.4709379680997188, "log10_min_child_weight": 4.385844038182901, "log10_subsample": -0.6875558383638356, "max_depth": 9.0, "num_boost_round": 13.0}, "datetime": {"datetime": "2024-01-19 01:23:32", "elapsed": 4264.986152, "delta": 0.004697}}
{"target": -13.763246134857395, "params": {"gamma": 642.72566979641, "log10_alpha": -2.373761011283384, "log10_colsample_bytree": -0.8055995363073272, "log10_eta": -0.9124006839952412, "log10_lambda": -0.4709379680997188, "log10_min_child_weight": 4.385844038182901, "log10_subsample": -0.6875558383638356, "max_depth": 9.0, "num_boost_round": 14.0}, "datetime": {"datetime": "2024-01-19 01:23:32", "elapsed": 4264.99117, "delta": 0.005018}}
{"target": -13.762910327197357, "params": {"gamma": 642.72566979641, "log10_alpha": -2.373761011283384, "log10_colsample_bytree": -0.8055995363073272, "log10_eta": -0.9124006839952412, "log10_lambda": -0.4709379680997188, "log10_min_child_weight": 4.385844038182901, "log10_subsample": -0.6875558383638356, "max_depth": 9.0, "num_boost_round": 15.0}, "datetime": {"datetime": "2024-01-19 01:23:32", "elapsed": 4264.995943, "delta": 0.004773}}
{"target": -13.76312097206431, "params": {"gamma": 642.72566979641, "log10_alpha": -2.373761011283384, "log10_colsample_bytree": -0.8055995363073272, "log10_eta": -0.9124006839952412, "log10_lambda": -0.4709379680997188, "log10_min_child_weight": 4.385844038182901, "log10_subsample": -0.6875558383638356, "max_depth": 9.0, "num_boost_round": 16.0}, "datetime": {"datetime": "2024-01-19 01:23:32", "elapsed": 4265.001021, "delta": 0.005078}}
{"target": -13.763421104457086, "params": {"gamma": 642.72566979641, "log10_alpha": -2.373761011283384, "log10_colsample_bytree": -0.8055995363073272, "log10_eta": -0.9124006839952412, "log10_lambda": -0.4709379680997188, "log10_min_child_weight": 4.385844038182901, "log10_subsample": -0.6875558383638356, "max_depth": 9.0, "num_boost_round": 17.0}, "datetime": {"datetime": "2024-01-19 01:23:32", "elapsed": 4265.005538, "delta": 0.004517}}
{"target": -13.76316325739507, "params": {"gamma": 642.72566979641, "log10_alpha": -2.373761011283384, "log10_colsample_bytree": -0.8055995363073272, "log10_eta": -0.9124006839952412, "log10_lambda": -0.4709379680997188, "log10_min_child_weight": 4.385844038182901, "log10_subsample": -0.6875558383638356, "max_depth": 9.0, "num_boost_round": 18.0}, "datetime": {"datetime": "2024-01-19 01:23:32", "elapsed": 4265.009807, "delta": 0.004269}}
{"target": -13.763806467057321, "params": {"gamma": 642.72566979641, "log10_alpha": -2.373761011283384, "log10_colsample_bytree": -0.8055995363073272, "log10_eta": -0.9124006839952412, "log10_lambda": -0.4709379680997188, "log10_min_child_weight": 4.385844038182901, "log10_subsample": -0.6875558383638356, "max_depth": 9.0, "num_boost_round": 19.0}, "datetime": {"datetime": "2024-01-19 01:23:32", "elapsed": 4265.014269, "delta": 0.004462}}
{"target": -13.76474150842619, "params": {"gamma": 642.72566979641, "log10_alpha": -2.373761011283384, "log10_colsample_bytree": -0.8055995363073272, "log10_eta": -0.9124006839952412, "log10_lambda": -0.4709379680997188, "log10_min_child_weight": 4.385844038182901, "log10_subsample": -0.6875558383638356, "max_depth": 9.0, "num_boost_round": 20.0}, "datetime": {"datetime": "2024-01-19 01:23:32", "elapsed": 4265.018628, "delta": 0.004359}}
{"target": -13.7650593870211, "params": {"gamma": 642.72566979641, "log10_alpha": -2.373761011283384, "log10_colsample_bytree": -0.8055995363073272, "log10_eta": -0.9124006839952412, "log10_lambda": -0.4709379680997188, "log10_min_child_weight": 4.385844038182901, "log10_subsample": -0.6875558383638356, "max_depth": 9.0, "num_boost_round": 21.0}, "datetime": {"datetime": "2024-01-19 01:23:32", "elapsed": 4265.022793, "delta": 0.004165}}
{"target": -13.765729948480438, "params": {"gamma": 642.72566979641, "log10_alpha": -2.373761011283384, "log10_colsample_bytree": -0.8055995363073272, "log10_eta": -0.9124006839952412, "log10_lambda": -0.4709379680997188, "log10_min_child_weight": 4.385844038182901, "log10_subsample": -0.6875558383638356, "max_depth": 9.0, "num_boost_round": 22.0}, "datetime": {"datetime": "2024-01-19 01:23:32", "elapsed": 4265.055615, "delta": 0.032822}}
{"target": -13.765564470947169, "params": {"gamma": 642.72566979641, "log10_alpha": -2.373761011283384, "log10_colsample_bytree": -0.8055995363073272, "log10_eta": -0.9124006839952412, "log10_lambda": -0.4709379680997188, "log10_min_child_weight": 4.385844038182901, "log10_subsample": -0.6875558383638356, "max_depth": 9.0, "num_boost_round": 23.0}, "datetime": {"datetime": "2024-01-19 01:23:32", "elapsed": 4265.059984, "delta": 0.004369}}
