{"target": -17.75148004634564, "params": {"gamma": 26.797298408582137, "log10_alpha": -4.759179237465497, "log10_colsample_bytree": -0.039784495981839196, "log10_eta": -0.5137613651998332, "log10_lambda": -3.5361488489419752, "log10_min_child_weight": 4.043808545864103, "log10_subsample": -0.6344166998190152, "max_depth": 3.0, "num_boost_round": 20.0}, "datetime": {"datetime": "2024-01-19 00:32:49", "elapsed": 1323.584214, "delta": 0.00159}}
{"target": -17.753492229435977, "params": {"gamma": 26.797298408582137, "log10_alpha": -4.759179237465497, "log10_colsample_bytree": -0.039784495981839196, "log10_eta": -0.5137613651998332, "log10_lambda": -3.5361488489419752, "log10_min_child_weight": 4.043808545864103, "log10_subsample": -0.6344166998190152, "max_depth": 3.0, "num_boost_round": 21.0}, "datetime": {"datetime": "2024-01-19 00:32:49", "elapsed": 1323.585787, "delta": 0.001573}}
{"target": -17.755119789564624, "params": {"gamma": 26.797298408582137, "log10_alpha": -4.759179237465497, "log10_colsample_bytree": -0.039784495981839196, "log10_eta": -0.5137613651998332, "log10_lambda": -3.5361488489419752, "log10_min_child_weight": 4.043808545864103, "log10_subsample": -0.6344166998190152, "max_depth": 3.0, "num_boost_round": 22.0}, "datetime": {"datetime": "2024-01-19 00:32:49", "elapsed": 1323.587325, "delta": 0.001538}}
{"target": -17.752134511291203, "params": {"gamma": 26.797298408582137, "log10_alpha": -4.759179237465497, "log10_colsample_bytree": -0.039784495981839196, "log10_eta": -0.5137613651998332, "log10_lambda": -3.5361488489419752, "log10_min_child_weight": 4.043808545864103, "log10_subsample": -0.6344166998190152, "max_depth": 3.0, "num_boost_round": 23.0}, "datetime": {"datetime": "2024-01-19 00:32:49", "elapsed": 1323.588879, "delta": 0.001554}}
{"target": -17.751620846407203, "params": {"gamma": 26.797298408582137, "log10_alpha": -4.759179237465497, "log10_colsample_bytree": -0.039784495981839196, "log10_eta": -0.5137613651998332, "log10_lambda": -3.5361488489419752, "log10_min_child_weight": 4.043808545864103, "log10_subsample": -0.6344166998190152, "max_depth": 3.0, "num_boost_round": 24.0}, "datetime": {"datetime": "2024-01-19 00:32:49", "elapsed": 1323.590472, "delta": 0.001593}}
{"target": -17.750902055053558, "params": {"gamma": 26.797298408582137, "log10_alpha": -4.759179237465497, "log10_colsample_bytree": -0.039784495981839196, "log10_eta": -0.5137613651998332, "log10_lambda": -3.5361488489419752, "log10_min_child_weight": 4.043808545864103, "log10_subsample": -0.6344166998190152, "max_depth": 3.0, "num_boost_round": 25.0}, "datetime": {"datetime": "2024-01-19 00:32:49", "elapsed": 1323.592066, "delta": 0.001594}}
{"target": -17.753587811966668, "params": {"gamma": 26.797298408582137, "log10_alpha": -4.759179237465497, "log10_colsample_bytree": -0.039784495981839196, "log10_eta": -0.5137613651998332, "log10_lambda": -3.5361488489419752, "log10_min_child_weight": 4.043808545864103, "log10_subsample": -0.6344166998190152, "max_depth": 3.0, "num_boost_round": 26.0}, "datetime": {"datetime": "2024-01-19 00:32:49", "elapsed": 1323.593613, "delta": 0.001547}}
{"target": -17.754289447275262, "params": {"gamma": 26.797298408582137, "log10_alpha": -4.759179237465497, "log10_colsample_bytree": -0.039784495981839196, "log10_eta": -0.5137613651998332, "log10_lambda": -3.5361488489419752, "log10_min_child_weight": 4.043808545864103, "log10_subsample": -0.6344166998190152, "max_depth": 3.0, "num_boost_round": 27.0}, "datetime": {"datetime": "2024-01-19 00:32:49", "elapsed": 1323.595169, "delta": 0.001556}}
{"target": -17.756861054065503, "params": {"gamma": 26.797298408582137, "log10_alpha": -4.759179237465497, "log10_colsample_bytree": -0.039784495981839196, "log10_eta": -0.5137613651998332, "log10_lambda": -3.5361488489419752, "log10_min_child_weight": 4.043808545864103, "log10_subsample": -0.6344166998190152, "max_depth": 3.0, "num_boost_round": 28.0}, "datetime": {"datetime": "2024-01-19 00:32:49", "elapsed": 1323.596734, "delta": 0.001565}}
{"target": -17.759035781749468, "params": {"gamma": 26.797298408582137, "log10_alpha": -4.759179237465497, "log10_colsample_bytree": -0.039784495981839196, "log10_eta": -0.5137613651998332, "log10_lambda": -3.5361488489419752, "log10_min_child_weight": 4.043808545864103, "log10_subsample": -0.6344166998190152, "max_depth": 3.0, "num_boost_round": 29.0}, "datetime": {"datetime": "2024-01-19 00:32:49", "elapsed": 1323.598283, "delta": 0.001549}}
{"target": -17.760930945073813, "params": {"gamma": 26.797298408582137, "log10_alpha": -4.759179237465497, "log10_colsample_bytree": -0.039784495981839196, "log10_eta": -0.5137613651998332, "log10_lambda": -3.5361488489419752, "log10_min_child_weight": 4.043808545864103, "log10_subsample": -0.6344166998190152, "max_depth": 3.0, "num_boost_round": 30.0}, "datetime": {"datetime": "2024-01-19 00:32:49", "elapsed": 1323.599832, "delta": 0.001549}}
{"target": -17.762327437003524, "params": {"gamma": 26.797298408582137, "log10_alpha": -4.759179237465497, "log10_colsample_bytree": -0.039784495981839196, "log10_eta": -0.5137613651998332, "log10_lambda": -3.5361488489419752, "log10_min_child_weight": 4.043808545864103, "log10_subsample": -0.6344166998190152, "max_depth": 3.0, "num_boost_round": 31.0}, "datetime": {"datetime": "2024-01-19 00:32:49", "elapsed": 1323.601394, "delta": 0.001562}}
{"target": -17.76395855076251, "params": {"gamma": 26.797298408582137, "log10_alpha": -4.759179237465497, "log10_colsample_bytree": -0.039784495981839196, "log10_eta": -0.5137613651998332, "log10_lambda": -3.5361488489419752, "log10_min_child_weight": 4.043808545864103, "log10_subsample": -0.6344166998190152, "max_depth": 3.0, "num_boost_round": 32.0}, "datetime": {"datetime": "2024-01-19 00:32:49", "elapsed": 1323.602934, "delta": 0.00154}}
{"target": -17.77110101736107, "params": {"gamma": 26.797298408582137, "log10_alpha": -4.759179237465497, "log10_colsample_bytree": -0.039784495981839196, "log10_eta": -0.5137613651998332, "log10_lambda": -3.5361488489419752, "log10_min_child_weight": 4.043808545864103, "log10_subsample": -0.6344166998190152, "max_depth": 3.0, "num_boost_round": 33.0}, "datetime": {"datetime": "2024-01-19 00:32:49", "elapsed": 1323.604558, "delta": 0.001624}}
{"target": -17.770526202707476, "params": {"gamma": 26.797298408582137, "log10_alpha": -4.759179237465497, "log10_colsample_bytree": -0.039784495981839196, "log10_eta": -0.5137613651998332, "log10_lambda": -3.5361488489419752, "log10_min_child_weight": 4.043808545864103, "log10_subsample": -0.6344166998190152, "max_depth": 3.0, "num_boost_round": 34.0}, "datetime": {"datetime": "2024-01-19 00:32:49", "elapsed": 1323.606155, "delta": 0.001597}}
{"target": -17.774495912731798, "params": {"gamma": 26.797298408582137, "log10_alpha": -4.759179237465497, "log10_colsample_bytree": -0.039784495981839196, "log10_eta": -0.5137613651998332, "log10_lambda": -3.5361488489419752, "log10_min_child_weight": 4.043808545864103, "log10_subsample": -0.6344166998190152, "max_depth": 3.0, "num_boost_round": 35.0}, "datetime": {"datetime": "2024-01-19 00:32:49", "elapsed": 1323.607711, "delta": 0.001556}}
{"target": -17.779188462722434, "params": {"gamma": 26.797298408582137, "log10_alpha": -4.759179237465497, "log10_colsample_bytree": -0.039784495981839196, "log10_eta": -0.5137613651998332, "log10_lambda": -3.5361488489419752, "log10_min_child_weight": 4.043808545864103, "log10_subsample": -0.6344166998190152, "max_depth": 3.0, "num_boost_round": 36.0}, "datetime": {"datetime": "2024-01-19 00:32:49", "elapsed": 1323.609284, "delta": 0.001573}}
{"target": -17.782735032423005, "params": {"gamma": 26.797298408582137, "log10_alpha": -4.759179237465497, "log10_colsample_bytree": -0.039784495981839196, "log10_eta": -0.5137613651998332, "log10_lambda": -3.5361488489419752, "log10_min_child_weight": 4.043808545864103, "log10_subsample": -0.6344166998190152, "max_depth": 3.0, "num_boost_round": 37.0}, "datetime": {"datetime": "2024-01-19 00:32:49", "elapsed": 1323.610843, "delta": 0.001559}}
{"target": -17.78522243971695, "params": {"gamma": 26.797298408582137, "log10_alpha": -4.759179237465497, "log10_colsample_bytree": -0.039784495981839196, "log10_eta": -0.5137613651998332, "log10_lambda": -3.5361488489419752, "log10_min_child_weight": 4.043808545864103, "log10_subsample": -0.6344166998190152, "max_depth": 3.0, "num_boost_round": 38.0}, "datetime": {"datetime": "2024-01-19 00:32:49", "elapsed": 1323.612397, "delta": 0.001554}}
{"target": -17.78214959593594, "params": {"gamma": 26.797298408582137, "log10_alpha": -4.759179237465497, "log10_colsample_bytree": -0.039784495981839196, "log10_eta": -0.5137613651998332, "log10_lambda": -3.5361488489419752, "log10_min_child_weight": 4.043808545864103, "log10_subsample": -0.6344166998190152, "max_depth": 3.0, "num_boost_round": 39.0}, "datetime": {"datetime": "2024-01-19 00:32:49", "elapsed": 1323.61397, "delta": 0.001573}}
{"target": -17.78174028117029, "params": {"gamma": 26.797298408582137, "log10_alpha": -4.759179237465497, "log10_colsample_bytree": -0.039784495981839196, "log10_eta": -0.5137613651998332, "log10_lambda": -3.5361488489419752, "log10_min_child_weight": 4.043808545864103, "log10_subsample": -0.6344166998190152, "max_depth": 3.0, "num_boost_round": 40.0}, "datetime": {"datetime": "2024-01-19 00:32:49", "elapsed": 1323.616168, "delta": 0.002198}}
{"target": -17.777576552772565, "params": {"gamma": 26.797298408582137, "log10_alpha": -4.759179237465497, "log10_colsample_bytree": -0.039784495981839196, "log10_eta": -0.5137613651998332, "log10_lambda": -3.5361488489419752, "log10_min_child_weight": 4.043808545864103, "log10_subsample": -0.6344166998190152, "max_depth": 3.0, "num_boost_round": 41.0}, "datetime": {"datetime": "2024-01-19 00:32:49", "elapsed": 1323.617803, "delta": 0.001635}}
{"target": -17.780765987501486, "params": {"gamma": 26.797298408582137, "log10_alpha": -4.759179237465497, "log10_colsample_bytree": -0.039784495981839196, "log10_eta": -0.5137613651998332, "log10_lambda": -3.5361488489419752, "log10_min_child_weight": 4.043808545864103, "log10_subsample": -0.6344166998190152, "max_depth": 3.0, "num_boost_round": 42.0}, "datetime": {"datetime": "2024-01-19 00:32:49", "elapsed": 1323.619429, "delta": 0.001626}}
{"target": -17.780295390715086, "params": {"gamma": 26.797298408582137, "log10_alpha": -4.759179237465497, "log10_colsample_bytree": -0.039784495981839196, "log10_eta": -0.5137613651998332, "log10_lambda": -3.5361488489419752, "log10_min_child_weight": 4.043808545864103, "log10_subsample": -0.6344166998190152, "max_depth": 3.0, "num_boost_round": 43.0}, "datetime": {"datetime": "2024-01-19 00:32:49", "elapsed": 1323.621042, "delta": 0.001613}}
{"target": -17.783507674852657, "params": {"gamma": 26.797298408582137, "log10_alpha": -4.759179237465497, "log10_colsample_bytree": -0.039784495981839196, "log10_eta": -0.5137613651998332, "log10_lambda": -3.5361488489419752, "log10_min_child_weight": 4.043808545864103, "log10_subsample": -0.6344166998190152, "max_depth": 3.0, "num_boost_round": 44.0}, "datetime": {"datetime": "2024-01-19 00:32:49", "elapsed": 1323.622589, "delta": 0.001547}}
{"target": -17.788866265555335, "params": {"gamma": 26.797298408582137, "log10_alpha": -4.759179237465497, "log10_colsample_bytree": -0.039784495981839196, "log10_eta": -0.5137613651998332, "log10_lambda": -3.5361488489419752, "log10_min_child_weight": 4.043808545864103, "log10_subsample": -0.6344166998190152, "max_depth": 3.0, "num_boost_round": 45.0}, "datetime": {"datetime": "2024-01-19 00:32:49", "elapsed": 1323.624132, "delta": 0.001543}}
{"target": -17.789984877820213, "params": {"gamma": 26.797298408582137, "log10_alpha": -4.759179237465497, "log10_colsample_bytree": -0.039784495981839196, "log10_eta": -0.5137613651998332, "log10_lambda": -3.5361488489419752, "log10_min_child_weight": 4.043808545864103, "log10_subsample": -0.6344166998190152, "max_depth": 3.0, "num_boost_round": 46.0}, "datetime": {"datetime": "2024-01-19 00:32:49", "elapsed": 1323.625703, "delta": 0.001571}}
{"target": -17.677225112076364, "params": {"gamma": 11.298484555709303, "log10_alpha": 1.0, "log10_colsample_bytree": -0.5912862968258288, "log10_eta": -3.9505103631801943, "log10_lambda": -2.6123617805762738, "log10_min_child_weight": 2.480222343845001, "log10_subsample": -0.7360831847735294, "max_depth": 9.0, "num_boost_round": 0.0}, "datetime": {"datetime": "2024-01-19 00:33:31", "elapsed": 1365.214736, "delta": 41.589033}}
{"target": -17.67722090864049, "params": {"gamma": 11.298484555709303, "log10_alpha": 1.0, "log10_colsample_bytree": -0.5912862968258288, "log10_eta": -3.9505103631801943, "log10_lambda": -2.6123617805762738, "log10_min_child_weight": 2.480222343845001, "log10_subsample": -0.7360831847735294, "max_depth": 9.0, "num_boost_round": 1.0}, "datetime": {"datetime": "2024-01-19 00:33:31", "elapsed": 1365.216905, "delta": 0.002169}}
{"target": -17.677221369764823, "params": {"gamma": 11.298484555709303, "log10_alpha": 1.0, "log10_colsample_bytree": -0.5912862968258288, "log10_eta": -3.9505103631801943, "log10_lambda": -2.6123617805762738, "log10_min_child_weight": 2.480222343845001, "log10_subsample": -0.7360831847735294, "max_depth": 9.0, "num_boost_round": 2.0}, "datetime": {"datetime": "2024-01-19 00:33:31", "elapsed": 1365.218522, "delta": 0.001617}}
{"target": -17.677221833737264, "params": {"gamma": 11.298484555709303, "log10_alpha": 1.0, "log10_colsample_bytree": -0.5912862968258288, "log10_eta": -3.9505103631801943, "log10_lambda": -2.6123617805762738, "log10_min_child_weight": 2.480222343845001, "log10_subsample": -0.7360831847735294, "max_depth": 9.0, "num_boost_round": 3.0}, "datetime": {"datetime": "2024-01-19 00:33:31", "elapsed": 1365.220123, "delta": 0.001601}}
{"target": -17.67721705807474, "params": {"gamma": 11.298484555709303, "log10_alpha": 1.0, "log10_colsample_bytree": -0.5912862968258288, "log10_eta": -3.9505103631801943, "log10_lambda": -2.6123617805762738, "log10_min_child_weight": 2.480222343845001, "log10_subsample": -0.7360831847735294, "max_depth": 9.0, "num_boost_round": 4.0}, "datetime": {"datetime": "2024-01-19 00:33:31", "elapsed": 1365.221711, "delta": 0.001588}}
{"target": -17.677211696861594, "params": {"gamma": 11.298484555709303, "log10_alpha": 1.0, "log10_colsample_bytree": -0.5912862968258288, "log10_eta": -3.9505103631801943, "log10_lambda": -2.6123617805762738, "log10_min_child_weight": 2.480222343845001, "log10_subsample": -0.7360831847735294, "max_depth": 9.0, "num_boost_round": 5.0}, "datetime": {"datetime": "2024-01-19 00:33:31", "elapsed": 1365.224853, "delta": 0.003142}}
{"target": -17.677208834312182, "params": {"gamma": 11.298484555709303, "log10_alpha": 1.0, "log10_colsample_bytree": -0.5912862968258288, "log10_eta": -3.9505103631801943, "log10_lambda": -2.6123617805762738, "log10_min_child_weight": 2.480222343845001, "log10_subsample": -0.7360831847735294, "max_depth": 9.0, "num_boost_round": 6.0}, "datetime": {"datetime": "2024-01-19 00:33:31", "elapsed": 1365.226464, "delta": 0.001611}}
{"target": -17.6771955278216, "params": {"gamma": 11.298484555709303, "log10_alpha": 1.0, "log10_colsample_bytree": -0.5912862968258288, "log10_eta": -3.9505103631801943, "log10_lambda": -2.6123617805762738, "log10_min_child_weight": 2.480222343845001, "log10_subsample": -0.7360831847735294, "max_depth": 9.0, "num_boost_round": 7.0}, "datetime": {"datetime": "2024-01-19 00:33:31", "elapsed": 1365.228042, "delta": 0.001578}}
{"target": -17.677189206185663, "params": {"gamma": 11.298484555709303, "log10_alpha": 1.0, "log10_colsample_bytree": -0.5912862968258288, "log10_eta": -3.9505103631801943, "log10_lambda": -2.6123617805762738, "log10_min_child_weight": 2.480222343845001, "log10_subsample": -0.7360831847735294, "max_depth": 9.0, "num_boost_round": 8.0}, "datetime": {"datetime": "2024-01-19 00:33:31", "elapsed": 1365.229641, "delta": 0.001599}}
{"target": -17.677180171197875, "params": {"gamma": 11.298484555709303, "log10_alpha": 1.0, "log10_colsample_bytree": -0.5912862968258288, "log10_eta": -3.9505103631801943, "log10_lambda": -2.6123617805762738, "log10_min_child_weight": 2.480222343845001, "log10_subsample": -0.7360831847735294, "max_depth": 9.0, "num_boost_round": 9.0}, "datetime": {"datetime": "2024-01-19 00:33:31", "elapsed": 1365.231214, "delta": 0.001573}}
{"target": -17.677169690591587, "params": {"gamma": 11.298484555709303, "log10_alpha": 1.0, "log10_colsample_bytree": -0.5912862968258288, "log10_eta": -3.9505103631801943, "log10_lambda": -2.6123617805762738, "log10_min_child_weight": 2.480222343845001, "log10_subsample": -0.7360831847735294, "max_depth": 9.0, "num_boost_round": 10.0}, "datetime": {"datetime": "2024-01-19 00:33:31", "elapsed": 1365.232849, "delta": 0.001635}}
{"target": -17.677162857646362, "params": {"gamma": 11.298484555709303, "log10_alpha": 1.0, "log10_colsample_bytree": -0.5912862968258288, "log10_eta": -3.9505103631801943, "log10_lambda": -2.6123617805762738, "log10_min_child_weight": 2.480222343845001, "log10_subsample": -0.7360831847735294, "max_depth": 9.0, "num_boost_round": 11.0}, "datetime": {"datetime": "2024-01-19 00:33:31", "elapsed": 1365.234436, "delta": 0.001587}}
{"target": -17.67715625480104, "params": {"gamma": 11.298484555709303, "log10_alpha": 1.0, "log10_colsample_bytree": -0.5912862968258288, "log10_eta": -3.9505103631801943, "log10_lambda": -2.6123617805762738, "log10_min_child_weight": 2.480222343845001, "log10_subsample": -0.7360831847735294, "max_depth": 9.0, "num_boost_round": 12.0}, "datetime": {"datetime": "2024-01-19 00:33:31", "elapsed": 1365.236022, "delta": 0.001586}}
{"target": -17.67715004077841, "params": {"gamma": 11.298484555709303, "log10_alpha": 1.0, "log10_colsample_bytree": -0.5912862968258288, "log10_eta": -3.9505103631801943, "log10_lambda": -2.6123617805762738, "log10_min_child_weight": 2.480222343845001, "log10_subsample": -0.7360831847735294, "max_depth": 9.0, "num_boost_round": 13.0}, "datetime": {"datetime": "2024-01-19 00:33:31", "elapsed": 1365.237613, "delta": 0.001591}}
{"target": -17.67714904218558, "params": {"gamma": 11.298484555709303, "log10_alpha": 1.0, "log10_colsample_bytree": -0.5912862968258288, "log10_eta": -3.9505103631801943, "log10_lambda": -2.6123617805762738, "log10_min_child_weight": 2.480222343845001, "log10_subsample": -0.7360831847735294, "max_depth": 9.0, "num_boost_round": 14.0}, "datetime": {"datetime": "2024-01-19 00:33:31", "elapsed": 1365.239426, "delta": 0.001813}}
{"target": -17.677145208919654, "params": {"gamma": 11.298484555709303, "log10_alpha": 1.0, "log10_colsample_bytree": -0.5912862968258288, "log10_eta": -3.9505103631801943, "log10_lambda": -2.6123617805762738, "log10_min_child_weight": 2.480222343845001, "log10_subsample": -0.7360831847735294, "max_depth": 9.0, "num_boost_round": 15.0}, "datetime": {"datetime": "2024-01-19 00:33:31", "elapsed": 1365.241512, "delta": 0.002086}}
{"target": -17.677143385046165, "params": {"gamma": 11.298484555709303, "log10_alpha": 1.0, "log10_colsample_bytree": -0.5912862968258288, "log10_eta": -3.9505103631801943, "log10_lambda": -2.6123617805762738, "log10_min_child_weight": 2.480222343845001, "log10_subsample": -0.7360831847735294, "max_depth": 9.0, "num_boost_round": 16.0}, "datetime": {"datetime": "2024-01-19 00:33:31", "elapsed": 1365.243482, "delta": 0.00197}}
{"target": -17.677140543268294, "params": {"gamma": 11.298484555709303, "log10_alpha": 1.0, "log10_colsample_bytree": -0.5912862968258288, "log10_eta": -3.9505103631801943, "log10_lambda": -2.6123617805762738, "log10_min_child_weight": 2.480222343845001, "log10_subsample": -0.7360831847735294, "max_depth": 9.0, "num_boost_round": 17.0}, "datetime": {"datetime": "2024-01-19 00:33:31", "elapsed": 1365.245112, "delta": 0.00163}}
{"target": -17.677138661904443, "params": {"gamma": 11.298484555709303, "log10_alpha": 1.0, "log10_colsample_bytree": -0.5912862968258288, "log10_eta": -3.9505103631801943, "log10_lambda": -2.6123617805762738, "log10_min_child_weight": 2.480222343845001, "log10_subsample": -0.7360831847735294, "max_depth": 9.0, "num_boost_round": 18.0}, "datetime": {"datetime": "2024-01-19 00:33:31", "elapsed": 1365.246809, "delta": 0.001697}}
{"target": -17.677134103977394, "params": {"gamma": 11.298484555709303, "log10_alpha": 1.0, "log10_colsample_bytree": -0.5912862968258288, "log10_eta": -3.9505103631801943, "log10_lambda": -2.6123617805762738, "log10_min_child_weight": 2.480222343845001, "log10_subsample": -0.7360831847735294, "max_depth": 9.0, "num_boost_round": 19.0}, "datetime": {"datetime": "2024-01-19 00:33:31", "elapsed": 1365.248416, "delta": 0.001607}}
{"target": -17.677134199882943, "params": {"gamma": 11.298484555709303, "log10_alpha": 1.0, "log10_colsample_bytree": -0.5912862968258288, "log10_eta": -3.9505103631801943, "log10_lambda": -2.6123617805762738, "log10_min_child_weight": 2.480222343845001, "log10_subsample": -0.7360831847735294, "max_depth": 9.0, "num_boost_round": 20.0}, "datetime": {"datetime": "2024-01-19 00:33:31", "elapsed": 1365.250054, "delta": 0.001638}}
{"target": -17.677132877219346, "params": {"gamma": 11.298484555709303, "log10_alpha": 1.0, "log10_colsample_bytree": -0.5912862968258288, "log10_eta": -3.9505103631801943, "log10_lambda": -2.6123617805762738, "log10_min_child_weight": 2.480222343845001, "log10_subsample": -0.7360831847735294, "max_depth": 9.0, "num_boost_round": 21.0}, "datetime": {"datetime": "2024-01-19 00:33:31", "elapsed": 1365.251707, "delta": 0.001653}}
{"target": -17.67712208090904, "params": {"gamma": 11.298484555709303, "log10_alpha": 1.0, "log10_colsample_bytree": -0.5912862968258288, "log10_eta": -3.9505103631801943, "log10_lambda": -2.6123617805762738, "log10_min_child_weight": 2.480222343845001, "log10_subsample": -0.7360831847735294, "max_depth": 9.0, "num_boost_round": 22.0}, "datetime": {"datetime": "2024-01-19 00:33:31", "elapsed": 1365.253332, "delta": 0.001625}}
