{"target": -17.75397089066465, "params": {"gamma": 623.1435949460594, "log10_alpha": 0.7404474080426375, "log10_colsample_bytree": -0.39695433087548815, "log10_eta": -0.21980013469978443, "log10_lambda": -4.330420327481523, "log10_min_child_weight": 4.796193299793453, "log10_subsample": -0.09768753196833468, "max_depth": 3.0, "num_boost_round": 18.0}, "datetime": {"datetime": "2024-01-19 01:15:53", "elapsed": 3850.978117, "delta": 0.003837}}
{"target": -17.749699719794876, "params": {"gamma": 623.1435949460594, "log10_alpha": 0.7404474080426375, "log10_colsample_bytree": -0.39695433087548815, "log10_eta": -0.21980013469978443, "log10_lambda": -4.330420327481523, "log10_min_child_weight": 4.796193299793453, "log10_subsample": -0.09768753196833468, "max_depth": 3.0, "num_boost_round": 19.0}, "datetime": {"datetime": "2024-01-19 01:15:53", "elapsed": 3850.98207, "delta": 0.003953}}
{"target": -17.751110915814905, "params": {"gamma": 623.1435949460594, "log10_alpha": 0.7404474080426375, "log10_colsample_bytree": -0.39695433087548815, "log10_eta": -0.21980013469978443, "log10_lambda": -4.330420327481523, "log10_min_child_weight": 4.796193299793453, "log10_subsample": -0.09768753196833468, "max_depth": 3.0, "num_boost_round": 20.0}, "datetime": {"datetime": "2024-01-19 01:15:53", "elapsed": 3850.985918, "delta": 0.003848}}
{"target": -17.752998651786335, "params": {"gamma": 623.1435949460594, "log10_alpha": 0.7404474080426375, "log10_colsample_bytree": -0.39695433087548815, "log10_eta": -0.21980013469978443, "log10_lambda": -4.330420327481523, "log10_min_child_weight": 4.796193299793453, "log10_subsample": -0.09768753196833468, "max_depth": 3.0, "num_boost_round": 21.0}, "datetime": {"datetime": "2024-01-19 01:15:53", "elapsed": 3850.989755, "delta": 0.003837}}
{"target": -17.755601517121132, "params": {"gamma": 623.1435949460594, "log10_alpha": 0.7404474080426375, "log10_colsample_bytree": -0.39695433087548815, "log10_eta": -0.21980013469978443, "log10_lambda": -4.330420327481523, "log10_min_child_weight": 4.796193299793453, "log10_subsample": -0.09768753196833468, "max_depth": 3.0, "num_boost_round": 22.0}, "datetime": {"datetime": "2024-01-19 01:15:53", "elapsed": 3850.993585, "delta": 0.00383}}
{"target": -17.756465178762706, "params": {"gamma": 623.1435949460594, "log10_alpha": 0.7404474080426375, "log10_colsample_bytree": -0.39695433087548815, "log10_eta": -0.21980013469978443, "log10_lambda": -4.330420327481523, "log10_min_child_weight": 4.796193299793453, "log10_subsample": -0.09768753196833468, "max_depth": 3.0, "num_boost_round": 23.0}, "datetime": {"datetime": "2024-01-19 01:15:53", "elapsed": 3850.997424, "delta": 0.003839}}
{"target": -17.76576382047439, "params": {"gamma": 623.1435949460594, "log10_alpha": 0.7404474080426375, "log10_colsample_bytree": -0.39695433087548815, "log10_eta": -0.21980013469978443, "log10_lambda": -4.330420327481523, "log10_min_child_weight": 4.796193299793453, "log10_subsample": -0.09768753196833468, "max_depth": 3.0, "num_boost_round": 24.0}, "datetime": {"datetime": "2024-01-19 01:15:53", "elapsed": 3851.001273, "delta": 0.003849}}
{"target": -17.76952413481497, "params": {"gamma": 623.1435949460594, "log10_alpha": 0.7404474080426375, "log10_colsample_bytree": -0.39695433087548815, "log10_eta": -0.21980013469978443, "log10_lambda": -4.330420327481523, "log10_min_child_weight": 4.796193299793453, "log10_subsample": -0.09768753196833468, "max_depth": 3.0, "num_boost_round": 25.0}, "datetime": {"datetime": "2024-01-19 01:15:53", "elapsed": 3851.005105, "delta": 0.003832}}
{"target": -17.77281447196659, "params": {"gamma": 623.1435949460594, "log10_alpha": 0.7404474080426375, "log10_colsample_bytree": -0.39695433087548815, "log10_eta": -0.21980013469978443, "log10_lambda": -4.330420327481523, "log10_min_child_weight": 4.796193299793453, "log10_subsample": -0.09768753196833468, "max_depth": 3.0, "num_boost_round": 26.0}, "datetime": {"datetime": "2024-01-19 01:15:53", "elapsed": 3851.009004, "delta": 0.003899}}
{"target": -17.7744955766361, "params": {"gamma": 623.1435949460594, "log10_alpha": 0.7404474080426375, "log10_colsample_bytree": -0.39695433087548815, "log10_eta": -0.21980013469978443, "log10_lambda": -4.330420327481523, "log10_min_child_weight": 4.796193299793453, "log10_subsample": -0.09768753196833468, "max_depth": 3.0, "num_boost_round": 27.0}, "datetime": {"datetime": "2024-01-19 01:15:53", "elapsed": 3851.016707, "delta": 0.007703}}
{"target": -17.676342698966995, "params": {"gamma": 640.7705306751761, "log10_alpha": -4.237614086434945, "log10_colsample_bytree": -0.0447675106969474, "log10_eta": -1.7692663553754366, "log10_lambda": -0.4987086000202394, "log10_min_child_weight": 2.4253455668541655, "log10_subsample": -0.6984285570849834, "max_depth": 4.0, "num_boost_round": 0.0}, "datetime": {"datetime": "2024-01-19 01:16:36", "elapsed": 3894.168058, "delta": 43.151351}}
{"target": -17.675729196914002, "params": {"gamma": 640.7705306751761, "log10_alpha": -4.237614086434945, "log10_colsample_bytree": -0.0447675106969474, "log10_eta": -1.7692663553754366, "log10_lambda": -0.4987086000202394, "log10_min_child_weight": 2.4253455668541655, "log10_subsample": -0.6984285570849834, "max_depth": 4.0, "num_boost_round": 1.0}, "datetime": {"datetime": "2024-01-19 01:16:36", "elapsed": 3894.17244, "delta": 0.004382}}
{"target": -17.67547487462649, "params": {"gamma": 640.7705306751761, "log10_alpha": -4.237614086434945, "log10_colsample_bytree": -0.0447675106969474, "log10_eta": -1.7692663553754366, "log10_lambda": -0.4987086000202394, "log10_min_child_weight": 2.4253455668541655, "log10_subsample": -0.6984285570849834, "max_depth": 4.0, "num_boost_round": 2.0}, "datetime": {"datetime": "2024-01-19 01:16:36", "elapsed": 3894.176534, "delta": 0.004094}}
{"target": -17.674674683437942, "params": {"gamma": 640.7705306751761, "log10_alpha": -4.237614086434945, "log10_colsample_bytree": -0.0447675106969474, "log10_eta": -1.7692663553754366, "log10_lambda": -0.4987086000202394, "log10_min_child_weight": 2.4253455668541655, "log10_subsample": -0.6984285570849834, "max_depth": 4.0, "num_boost_round": 3.0}, "datetime": {"datetime": "2024-01-19 01:16:36", "elapsed": 3894.18045, "delta": 0.003916}}
{"target": -17.673880840590208, "params": {"gamma": 640.7705306751761, "log10_alpha": -4.237614086434945, "log10_colsample_bytree": -0.0447675106969474, "log10_eta": -1.7692663553754366, "log10_lambda": -0.4987086000202394, "log10_min_child_weight": 2.4253455668541655, "log10_subsample": -0.6984285570849834, "max_depth": 4.0, "num_boost_round": 4.0}, "datetime": {"datetime": "2024-01-19 01:16:36", "elapsed": 3894.184307, "delta": 0.003857}}
{"target": -17.673867444225436, "params": {"gamma": 640.7705306751761, "log10_alpha": -4.237614086434945, "log10_colsample_bytree": -0.0447675106969474, "log10_eta": -1.7692663553754366, "log10_lambda": -0.4987086000202394, "log10_min_child_weight": 2.4253455668541655, "log10_subsample": -0.6984285570849834, "max_depth": 4.0, "num_boost_round": 5.0}, "datetime": {"datetime": "2024-01-19 01:16:36", "elapsed": 3894.188096, "delta": 0.003789}}
{"target": -17.67313277400373, "params": {"gamma": 640.7705306751761, "log10_alpha": -4.237614086434945, "log10_colsample_bytree": -0.0447675106969474, "log10_eta": -1.7692663553754366, "log10_lambda": -0.4987086000202394, "log10_min_child_weight": 2.4253455668541655, "log10_subsample": -0.6984285570849834, "max_depth": 4.0, "num_boost_round": 6.0}, "datetime": {"datetime": "2024-01-19 01:16:36", "elapsed": 3894.192017, "delta": 0.003921}}
{"target": -17.672994923736734, "params": {"gamma": 640.7705306751761, "log10_alpha": -4.237614086434945, "log10_colsample_bytree": -0.0447675106969474, "log10_eta": -1.7692663553754366, "log10_lambda": -0.4987086000202394, "log10_min_child_weight": 2.4253455668541655, "log10_subsample": -0.6984285570849834, "max_depth": 4.0, "num_boost_round": 7.0}, "datetime": {"datetime": "2024-01-19 01:16:36", "elapsed": 3894.195827, "delta": 0.00381}}
{"target": -17.67299784802364, "params": {"gamma": 640.7705306751761, "log10_alpha": -4.237614086434945, "log10_colsample_bytree": -0.0447675106969474, "log10_eta": -1.7692663553754366, "log10_lambda": -0.4987086000202394, "log10_min_child_weight": 2.4253455668541655, "log10_subsample": -0.6984285570849834, "max_depth": 4.0, "num_boost_round": 8.0}, "datetime": {"datetime": "2024-01-19 01:16:36", "elapsed": 3894.200131, "delta": 0.004304}}
{"target": -17.67312768256366, "params": {"gamma": 640.7705306751761, "log10_alpha": -4.237614086434945, "log10_colsample_bytree": -0.0447675106969474, "log10_eta": -1.7692663553754366, "log10_lambda": -0.4987086000202394, "log10_min_child_weight": 2.4253455668541655, "log10_subsample": -0.6984285570849834, "max_depth": 4.0, "num_boost_round": 9.0}, "datetime": {"datetime": "2024-01-19 01:16:36", "elapsed": 3894.204008, "delta": 0.003877}}
{"target": -17.673052059627974, "params": {"gamma": 640.7705306751761, "log10_alpha": -4.237614086434945, "log10_colsample_bytree": -0.0447675106969474, "log10_eta": -1.7692663553754366, "log10_lambda": -0.4987086000202394, "log10_min_child_weight": 2.4253455668541655, "log10_subsample": -0.6984285570849834, "max_depth": 4.0, "num_boost_round": 10.0}, "datetime": {"datetime": "2024-01-19 01:16:36", "elapsed": 3894.207813, "delta": 0.003805}}
{"target": -17.67275478239226, "params": {"gamma": 640.7705306751761, "log10_alpha": -4.237614086434945, "log10_colsample_bytree": -0.0447675106969474, "log10_eta": -1.7692663553754366, "log10_lambda": -0.4987086000202394, "log10_min_child_weight": 2.4253455668541655, "log10_subsample": -0.6984285570849834, "max_depth": 4.0, "num_boost_round": 11.0}, "datetime": {"datetime": "2024-01-19 01:16:36", "elapsed": 3894.211726, "delta": 0.003913}}
{"target": -17.672720544069186, "params": {"gamma": 640.7705306751761, "log10_alpha": -4.237614086434945, "log10_colsample_bytree": -0.0447675106969474, "log10_eta": -1.7692663553754366, "log10_lambda": -0.4987086000202394, "log10_min_child_weight": 2.4253455668541655, "log10_subsample": -0.6984285570849834, "max_depth": 4.0, "num_boost_round": 12.0}, "datetime": {"datetime": "2024-01-19 01:16:36", "elapsed": 3894.215547, "delta": 0.003821}}
{"target": -17.672995040680586, "params": {"gamma": 640.7705306751761, "log10_alpha": -4.237614086434945, "log10_colsample_bytree": -0.0447675106969474, "log10_eta": -1.7692663553754366, "log10_lambda": -0.4987086000202394, "log10_min_child_weight": 2.4253455668541655, "log10_subsample": -0.6984285570849834, "max_depth": 4.0, "num_boost_round": 13.0}, "datetime": {"datetime": "2024-01-19 01:16:36", "elapsed": 3894.219349, "delta": 0.003802}}
{"target": -17.673476190303507, "params": {"gamma": 640.7705306751761, "log10_alpha": -4.237614086434945, "log10_colsample_bytree": -0.0447675106969474, "log10_eta": -1.7692663553754366, "log10_lambda": -0.4987086000202394, "log10_min_child_weight": 2.4253455668541655, "log10_subsample": -0.6984285570849834, "max_depth": 4.0, "num_boost_round": 14.0}, "datetime": {"datetime": "2024-01-19 01:16:36", "elapsed": 3894.223326, "delta": 0.003977}}
{"target": -17.67408303188137, "params": {"gamma": 640.7705306751761, "log10_alpha": -4.237614086434945, "log10_colsample_bytree": -0.0447675106969474, "log10_eta": -1.7692663553754366, "log10_lambda": -0.4987086000202394, "log10_min_child_weight": 2.4253455668541655, "log10_subsample": -0.6984285570849834, "max_depth": 4.0, "num_boost_round": 15.0}, "datetime": {"datetime": "2024-01-19 01:16:36", "elapsed": 3894.227271, "delta": 0.003945}}
{"target": -17.673640517697706, "params": {"gamma": 640.7705306751761, "log10_alpha": -4.237614086434945, "log10_colsample_bytree": -0.0447675106969474, "log10_eta": -1.7692663553754366, "log10_lambda": -0.4987086000202394, "log10_min_child_weight": 2.4253455668541655, "log10_subsample": -0.6984285570849834, "max_depth": 4.0, "num_boost_round": 16.0}, "datetime": {"datetime": "2024-01-19 01:16:36", "elapsed": 3894.23131, "delta": 0.004039}}
{"target": -17.673155894610954, "params": {"gamma": 640.7705306751761, "log10_alpha": -4.237614086434945, "log10_colsample_bytree": -0.0447675106969474, "log10_eta": -1.7692663553754366, "log10_lambda": -0.4987086000202394, "log10_min_child_weight": 2.4253455668541655, "log10_subsample": -0.6984285570849834, "max_depth": 4.0, "num_boost_round": 17.0}, "datetime": {"datetime": "2024-01-19 01:16:36", "elapsed": 3894.235455, "delta": 0.004145}}
{"target": -17.67344360056533, "params": {"gamma": 640.7705306751761, "log10_alpha": -4.237614086434945, "log10_colsample_bytree": -0.0447675106969474, "log10_eta": -1.7692663553754366, "log10_lambda": -0.4987086000202394, "log10_min_child_weight": 2.4253455668541655, "log10_subsample": -0.6984285570849834, "max_depth": 4.0, "num_boost_round": 18.0}, "datetime": {"datetime": "2024-01-19 01:16:36", "elapsed": 3894.239468, "delta": 0.004013}}
{"target": -17.673368447797916, "params": {"gamma": 640.7705306751761, "log10_alpha": -4.237614086434945, "log10_colsample_bytree": -0.0447675106969474, "log10_eta": -1.7692663553754366, "log10_lambda": -0.4987086000202394, "log10_min_child_weight": 2.4253455668541655, "log10_subsample": -0.6984285570849834, "max_depth": 4.0, "num_boost_round": 19.0}, "datetime": {"datetime": "2024-01-19 01:16:36", "elapsed": 3894.243298, "delta": 0.00383}}
{"target": -17.673423064009523, "params": {"gamma": 640.7705306751761, "log10_alpha": -4.237614086434945, "log10_colsample_bytree": -0.0447675106969474, "log10_eta": -1.7692663553754366, "log10_lambda": -0.4987086000202394, "log10_min_child_weight": 2.4253455668541655, "log10_subsample": -0.6984285570849834, "max_depth": 4.0, "num_boost_round": 20.0}, "datetime": {"datetime": "2024-01-19 01:16:36", "elapsed": 3894.247135, "delta": 0.003837}}
{"target": -17.674198144485395, "params": {"gamma": 640.7705306751761, "log10_alpha": -4.237614086434945, "log10_colsample_bytree": -0.0447675106969474, "log10_eta": -1.7692663553754366, "log10_lambda": -0.4987086000202394, "log10_min_child_weight": 2.4253455668541655, "log10_subsample": -0.6984285570849834, "max_depth": 4.0, "num_boost_round": 21.0}, "datetime": {"datetime": "2024-01-19 01:16:36", "elapsed": 3894.251082, "delta": 0.003947}}
{"target": -17.677104379504545, "params": {"gamma": 637.4845276149736, "log10_alpha": -4.4292473463536535, "log10_colsample_bytree": -0.021648863356502845, "log10_eta": -1.6090522573934933, "log10_lambda": -3.339732216507124, "log10_min_child_weight": 4.27059827276458, "log10_subsample": -0.8451222709743089, "max_depth": 8.0, "num_boost_round": 0.0}, "datetime": {"datetime": "2024-01-19 01:17:25", "elapsed": 3942.657375, "delta": 48.406293}}
{"target": -17.677098218185108, "params": {"gamma": 637.4845276149736, "log10_alpha": -4.4292473463536535, "log10_colsample_bytree": -0.021648863356502845, "log10_eta": -1.6090522573934933, "log10_lambda": -3.339732216507124, "log10_min_child_weight": 4.27059827276458, "log10_subsample": -0.8451222709743089, "max_depth": 8.0, "num_boost_round": 1.0}, "datetime": {"datetime": "2024-01-19 01:17:25", "elapsed": 3942.66208, "delta": 0.004705}}
{"target": -17.67694918761823, "params": {"gamma": 637.4845276149736, "log10_alpha": -4.4292473463536535, "log10_colsample_bytree": -0.021648863356502845, "log10_eta": -1.6090522573934933, "log10_lambda": -3.339732216507124, "log10_min_child_weight": 4.27059827276458, "log10_subsample": -0.8451222709743089, "max_depth": 8.0, "num_boost_round": 2.0}, "datetime": {"datetime": "2024-01-19 01:17:25", "elapsed": 3942.666102, "delta": 0.004022}}
{"target": -17.67696803300602, "params": {"gamma": 637.4845276149736, "log10_alpha": -4.4292473463536535, "log10_colsample_bytree": -0.021648863356502845, "log10_eta": -1.6090522573934933, "log10_lambda": -3.339732216507124, "log10_min_child_weight": 4.27059827276458, "log10_subsample": -0.8451222709743089, "max_depth": 8.0, "num_boost_round": 3.0}, "datetime": {"datetime": "2024-01-19 01:17:25", "elapsed": 3942.67002, "delta": 0.003918}}
{"target": -17.67707801835266, "params": {"gamma": 637.4845276149736, "log10_alpha": -4.4292473463536535, "log10_colsample_bytree": -0.021648863356502845, "log10_eta": -1.6090522573934933, "log10_lambda": -3.339732216507124, "log10_min_child_weight": 4.27059827276458, "log10_subsample": -0.8451222709743089, "max_depth": 8.0, "num_boost_round": 4.0}, "datetime": {"datetime": "2024-01-19 01:17:25", "elapsed": 3942.673893, "delta": 0.003873}}
{"target": -17.676631575101656, "params": {"gamma": 637.4845276149736, "log10_alpha": -4.4292473463536535, "log10_colsample_bytree": -0.021648863356502845, "log10_eta": -1.6090522573934933, "log10_lambda": -3.339732216507124, "log10_min_child_weight": 4.27059827276458, "log10_subsample": -0.8451222709743089, "max_depth": 8.0, "num_boost_round": 5.0}, "datetime": {"datetime": "2024-01-19 01:17:25", "elapsed": 3942.677799, "delta": 0.003906}}
{"target": -17.67652083153027, "params": {"gamma": 637.4845276149736, "log10_alpha": -4.4292473463536535, "log10_colsample_bytree": -0.021648863356502845, "log10_eta": -1.6090522573934933, "log10_lambda": -3.339732216507124, "log10_min_child_weight": 4.27059827276458, "log10_subsample": -0.8451222709743089, "max_depth": 8.0, "num_boost_round": 6.0}, "datetime": {"datetime": "2024-01-19 01:17:25", "elapsed": 3942.681666, "delta": 0.003867}}
{"target": -17.676445266698664, "params": {"gamma": 637.4845276149736, "log10_alpha": -4.4292473463536535, "log10_colsample_bytree": -0.021648863356502845, "log10_eta": -1.6090522573934933, "log10_lambda": -3.339732216507124, "log10_min_child_weight": 4.27059827276458, "log10_subsample": -0.8451222709743089, "max_depth": 8.0, "num_boost_round": 7.0}, "datetime": {"datetime": "2024-01-19 01:17:25", "elapsed": 3942.685586, "delta": 0.00392}}
{"target": -17.676612270247617, "params": {"gamma": 637.4845276149736, "log10_alpha": -4.4292473463536535, "log10_colsample_bytree": -0.021648863356502845, "log10_eta": -1.6090522573934933, "log10_lambda": -3.339732216507124, "log10_min_child_weight": 4.27059827276458, "log10_subsample": -0.8451222709743089, "max_depth": 8.0, "num_boost_round": 8.0}, "datetime": {"datetime": "2024-01-19 01:17:25", "elapsed": 3942.689521, "delta": 0.003935}}
{"target": -17.676519598111813, "params": {"gamma": 637.4845276149736, "log10_alpha": -4.4292473463536535, "log10_colsample_bytree": -0.021648863356502845, "log10_eta": -1.6090522573934933, "log10_lambda": -3.339732216507124, "log10_min_child_weight": 4.27059827276458, "log10_subsample": -0.8451222709743089, "max_depth": 8.0, "num_boost_round": 9.0}, "datetime": {"datetime": "2024-01-19 01:17:25", "elapsed": 3942.693425, "delta": 0.003904}}
{"target": -17.67616695825722, "params": {"gamma": 637.4845276149736, "log10_alpha": -4.4292473463536535, "log10_colsample_bytree": -0.021648863356502845, "log10_eta": -1.6090522573934933, "log10_lambda": -3.339732216507124, "log10_min_child_weight": 4.27059827276458, "log10_subsample": -0.8451222709743089, "max_depth": 8.0, "num_boost_round": 10.0}, "datetime": {"datetime": "2024-01-19 01:17:25", "elapsed": 3942.697446, "delta": 0.004021}}
{"target": -17.676244640879563, "params": {"gamma": 637.4845276149736, "log10_alpha": -4.4292473463536535, "log10_colsample_bytree": -0.021648863356502845, "log10_eta": -1.6090522573934933, "log10_lambda": -3.339732216507124, "log10_min_child_weight": 4.27059827276458, "log10_subsample": -0.8451222709743089, "max_depth": 8.0, "num_boost_round": 11.0}, "datetime": {"datetime": "2024-01-19 01:17:25", "elapsed": 3942.701352, "delta": 0.003906}}
{"target": -17.676287833167663, "params": {"gamma": 637.4845276149736, "log10_alpha": -4.4292473463536535, "log10_colsample_bytree": -0.021648863356502845, "log10_eta": -1.6090522573934933, "log10_lambda": -3.339732216507124, "log10_min_child_weight": 4.27059827276458, "log10_subsample": -0.8451222709743089, "max_depth": 8.0, "num_boost_round": 12.0}, "datetime": {"datetime": "2024-01-19 01:17:25", "elapsed": 3942.70526, "delta": 0.003908}}
{"target": -17.676304446778907, "params": {"gamma": 637.4845276149736, "log10_alpha": -4.4292473463536535, "log10_colsample_bytree": -0.021648863356502845, "log10_eta": -1.6090522573934933, "log10_lambda": -3.339732216507124, "log10_min_child_weight": 4.27059827276458, "log10_subsample": -0.8451222709743089, "max_depth": 8.0, "num_boost_round": 13.0}, "datetime": {"datetime": "2024-01-19 01:17:25", "elapsed": 3942.709144, "delta": 0.003884}}
{"target": -17.676416259333177, "params": {"gamma": 637.4845276149736, "log10_alpha": -4.4292473463536535, "log10_colsample_bytree": -0.021648863356502845, "log10_eta": -1.6090522573934933, "log10_lambda": -3.339732216507124, "log10_min_child_weight": 4.27059827276458, "log10_subsample": -0.8451222709743089, "max_depth": 8.0, "num_boost_round": 14.0}, "datetime": {"datetime": "2024-01-19 01:17:25", "elapsed": 3942.71306, "delta": 0.003916}}
{"target": -17.676476040890453, "params": {"gamma": 637.4845276149736, "log10_alpha": -4.4292473463536535, "log10_colsample_bytree": -0.021648863356502845, "log10_eta": -1.6090522573934933, "log10_lambda": -3.339732216507124, "log10_min_child_weight": 4.27059827276458, "log10_subsample": -0.8451222709743089, "max_depth": 8.0, "num_boost_round": 15.0}, "datetime": {"datetime": "2024-01-19 01:17:25", "elapsed": 3942.716969, "delta": 0.003909}}
{"target": -17.676418286896332, "params": {"gamma": 637.4845276149736, "log10_alpha": -4.4292473463536535, "log10_colsample_bytree": -0.021648863356502845, "log10_eta": -1.6090522573934933, "log10_lambda": -3.339732216507124, "log10_min_child_weight": 4.27059827276458, "log10_subsample": -0.8451222709743089, "max_depth": 8.0, "num_boost_round": 16.0}, "datetime": {"datetime": "2024-01-19 01:17:25", "elapsed": 3942.720891, "delta": 0.003922}}
