{"target": -17.67653231789937, "params": {"gamma": 773.9586007714012, "log10_alpha": -2.300102214176491, "log10_colsample_bytree": -0.9807948076072979, "log10_eta": -2.2849742668324358, "log10_lambda": -2.8776333706346495, "log10_min_child_weight": 2.8630825925390413, "log10_subsample": -0.6276411475769077, "max_depth": 6.0, "num_boost_round": 7.0}, "datetime": {"datetime": "2024-01-19 00:12:06", "elapsed": 30.631328, "delta": 0.000194}}
{"target": -17.67641520498317, "params": {"gamma": 773.9586007714012, "log10_alpha": -2.300102214176491, "log10_colsample_bytree": -0.9807948076072979, "log10_eta": -2.2849742668324358, "log10_lambda": -2.8776333706346495, "log10_min_child_weight": 2.8630825925390413, "log10_subsample": -0.6276411475769077, "max_depth": 6.0, "num_boost_round": 8.0}, "datetime": {"datetime": "2024-01-19 00:12:06", "elapsed": 30.631527, "delta": 0.000199}}
{"target": -17.676298163231465, "params": {"gamma": 773.9586007714012, "log10_alpha": -2.300102214176491, "log10_colsample_bytree": -0.9807948076072979, "log10_eta": -2.2849742668324358, "log10_lambda": -2.8776333706346495, "log10_min_child_weight": 2.8630825925390413, "log10_subsample": -0.6276411475769077, "max_depth": 6.0, "num_boost_round": 9.0}, "datetime": {"datetime": "2024-01-19 00:12:06", "elapsed": 30.631723, "delta": 0.000196}}
{"target": -17.676196399116375, "params": {"gamma": 773.9586007714012, "log10_alpha": -2.300102214176491, "log10_colsample_bytree": -0.9807948076072979, "log10_eta": -2.2849742668324358, "log10_lambda": -2.8776333706346495, "log10_min_child_weight": 2.8630825925390413, "log10_subsample": -0.6276411475769077, "max_depth": 6.0, "num_boost_round": 10.0}, "datetime": {"datetime": "2024-01-19 00:12:06", "elapsed": 30.631917, "delta": 0.000194}}
{"target": -17.67026111949815, "params": {"gamma": 778.0540644179717, "log10_alpha": -4.542123683759826, "log10_colsample_bytree": -0.7061517489364709, "log10_eta": -0.6769378683887086, "log10_lambda": 0.3919889719656551, "log10_min_child_weight": 2.5118788856406367, "log10_subsample": -0.8969573755322768, "max_depth": 4.0, "num_boost_round": 0.0}, "datetime": {"datetime": "2024-01-19 00:12:26", "elapsed": 50.924867, "delta": 20.29295}}
{"target": -17.67600644864473, "params": {"gamma": 778.0540644179717, "log10_alpha": -4.542123683759826, "log10_colsample_bytree": -0.7061517489364709, "log10_eta": -0.6769378683887086, "log10_lambda": 0.3919889719656551, "log10_min_child_weight": 2.5118788856406367, "log10_subsample": -0.8969573755322768, "max_depth": 4.0, "num_boost_round": 1.0}, "datetime": {"datetime": "2024-01-19 00:12:26", "elapsed": 50.925219, "delta": 0.000352}}
{"target": -17.67690130993557, "params": {"gamma": 778.0540644179717, "log10_alpha": -4.542123683759826, "log10_colsample_bytree": -0.7061517489364709, "log10_eta": -0.6769378683887086, "log10_lambda": 0.3919889719656551, "log10_min_child_weight": 2.5118788856406367, "log10_subsample": -0.8969573755322768, "max_depth": 4.0, "num_boost_round": 2.0}, "datetime": {"datetime": "2024-01-19 00:12:26", "elapsed": 50.92545, "delta": 0.000231}}
{"target": -17.684873957165088, "params": {"gamma": 778.0540644179717, "log10_alpha": -4.542123683759826, "log10_colsample_bytree": -0.7061517489364709, "log10_eta": -0.6769378683887086, "log10_lambda": 0.3919889719656551, "log10_min_child_weight": 2.5118788856406367, "log10_subsample": -0.8969573755322768, "max_depth": 4.0, "num_boost_round": 3.0}, "datetime": {"datetime": "2024-01-19 00:12:26", "elapsed": 50.925673, "delta": 0.000223}}
{"target": -17.68733509255932, "params": {"gamma": 778.0540644179717, "log10_alpha": -4.542123683759826, "log10_colsample_bytree": -0.7061517489364709, "log10_eta": -0.6769378683887086, "log10_lambda": 0.3919889719656551, "log10_min_child_weight": 2.5118788856406367, "log10_subsample": -0.8969573755322768, "max_depth": 4.0, "num_boost_round": 4.0}, "datetime": {"datetime": "2024-01-19 00:12:26", "elapsed": 50.925888, "delta": 0.000215}}
{"target": -17.694643608445578, "params": {"gamma": 778.0540644179717, "log10_alpha": -4.542123683759826, "log10_colsample_bytree": -0.7061517489364709, "log10_eta": -0.6769378683887086, "log10_lambda": 0.3919889719656551, "log10_min_child_weight": 2.5118788856406367, "log10_subsample": -0.8969573755322768, "max_depth": 4.0, "num_boost_round": 5.0}, "datetime": {"datetime": "2024-01-19 00:12:26", "elapsed": 50.926096, "delta": 0.000208}}
{"target": -17.703550014446936, "params": {"gamma": 778.0540644179717, "log10_alpha": -4.542123683759826, "log10_colsample_bytree": -0.7061517489364709, "log10_eta": -0.6769378683887086, "log10_lambda": 0.3919889719656551, "log10_min_child_weight": 2.5118788856406367, "log10_subsample": -0.8969573755322768, "max_depth": 4.0, "num_boost_round": 6.0}, "datetime": {"datetime": "2024-01-19 00:12:26", "elapsed": 50.926312, "delta": 0.000216}}
{"target": -17.718148487301345, "params": {"gamma": 778.0540644179717, "log10_alpha": -4.542123683759826, "log10_colsample_bytree": -0.7061517489364709, "log10_eta": -0.6769378683887086, "log10_lambda": 0.3919889719656551, "log10_min_child_weight": 2.5118788856406367, "log10_subsample": -0.8969573755322768, "max_depth": 4.0, "num_boost_round": 7.0}, "datetime": {"datetime": "2024-01-19 00:12:26", "elapsed": 50.926531, "delta": 0.000219}}
{"target": -17.723664444730808, "params": {"gamma": 778.0540644179717, "log10_alpha": -4.542123683759826, "log10_colsample_bytree": -0.7061517489364709, "log10_eta": -0.6769378683887086, "log10_lambda": 0.3919889719656551, "log10_min_child_weight": 2.5118788856406367, "log10_subsample": -0.8969573755322768, "max_depth": 4.0, "num_boost_round": 8.0}, "datetime": {"datetime": "2024-01-19 00:12:26", "elapsed": 50.926747, "delta": 0.000216}}
{"target": -17.722843876218445, "params": {"gamma": 778.0540644179717, "log10_alpha": -4.542123683759826, "log10_colsample_bytree": -0.7061517489364709, "log10_eta": -0.6769378683887086, "log10_lambda": 0.3919889719656551, "log10_min_child_weight": 2.5118788856406367, "log10_subsample": -0.8969573755322768, "max_depth": 4.0, "num_boost_round": 9.0}, "datetime": {"datetime": "2024-01-19 00:12:26", "elapsed": 50.92696, "delta": 0.000213}}
{"target": -17.72694773883037, "params": {"gamma": 778.0540644179717, "log10_alpha": -4.542123683759826, "log10_colsample_bytree": -0.7061517489364709, "log10_eta": -0.6769378683887086, "log10_lambda": 0.3919889719656551, "log10_min_child_weight": 2.5118788856406367, "log10_subsample": -0.8969573755322768, "max_depth": 4.0, "num_boost_round": 10.0}, "datetime": {"datetime": "2024-01-19 00:12:26", "elapsed": 50.927172, "delta": 0.000212}}
{"target": -17.676370953563136, "params": {"gamma": 776.3020550435712, "log10_alpha": -2.5235622555447716, "log10_colsample_bytree": -0.7074637829387751, "log10_eta": -1.057983190479788, "log10_lambda": -3.4598078575469655, "log10_min_child_weight": 4.106048323069096, "log10_subsample": -0.5349604162499055, "max_depth": 4.0, "num_boost_round": 0.0}, "datetime": {"datetime": "2024-01-19 00:12:47", "elapsed": 71.958851, "delta": 21.031679}}
{"target": -17.675612800355587, "params": {"gamma": 776.3020550435712, "log10_alpha": -2.5235622555447716, "log10_colsample_bytree": -0.7074637829387751, "log10_eta": -1.057983190479788, "log10_lambda": -3.4598078575469655, "log10_min_child_weight": 4.106048323069096, "log10_subsample": -0.5349604162499055, "max_depth": 4.0, "num_boost_round": 1.0}, "datetime": {"datetime": "2024-01-19 00:12:47", "elapsed": 71.960448, "delta": 0.001597}}
{"target": -17.676767754462947, "params": {"gamma": 776.3020550435712, "log10_alpha": -2.5235622555447716, "log10_colsample_bytree": -0.7074637829387751, "log10_eta": -1.057983190479788, "log10_lambda": -3.4598078575469655, "log10_min_child_weight": 4.106048323069096, "log10_subsample": -0.5349604162499055, "max_depth": 4.0, "num_boost_round": 2.0}, "datetime": {"datetime": "2024-01-19 00:12:47", "elapsed": 71.960741, "delta": 0.000293}}
{"target": -17.67594276955271, "params": {"gamma": 776.3020550435712, "log10_alpha": -2.5235622555447716, "log10_colsample_bytree": -0.7074637829387751, "log10_eta": -1.057983190479788, "log10_lambda": -3.4598078575469655, "log10_min_child_weight": 4.106048323069096, "log10_subsample": -0.5349604162499055, "max_depth": 4.0, "num_boost_round": 3.0}, "datetime": {"datetime": "2024-01-19 00:12:47", "elapsed": 71.96099, "delta": 0.000249}}
{"target": -17.675313983941653, "params": {"gamma": 776.3020550435712, "log10_alpha": -2.5235622555447716, "log10_colsample_bytree": -0.7074637829387751, "log10_eta": -1.057983190479788, "log10_lambda": -3.4598078575469655, "log10_min_child_weight": 4.106048323069096, "log10_subsample": -0.5349604162499055, "max_depth": 4.0, "num_boost_round": 4.0}, "datetime": {"datetime": "2024-01-19 00:12:47", "elapsed": 71.961654, "delta": 0.000664}}
{"target": -17.676462233761068, "params": {"gamma": 776.3020550435712, "log10_alpha": -2.5235622555447716, "log10_colsample_bytree": -0.7074637829387751, "log10_eta": -1.057983190479788, "log10_lambda": -3.4598078575469655, "log10_min_child_weight": 4.106048323069096, "log10_subsample": -0.5349604162499055, "max_depth": 4.0, "num_boost_round": 5.0}, "datetime": {"datetime": "2024-01-19 00:12:47", "elapsed": 71.961882, "delta": 0.000228}}
{"target": -17.67890089314521, "params": {"gamma": 776.3020550435712, "log10_alpha": -2.5235622555447716, "log10_colsample_bytree": -0.7074637829387751, "log10_eta": -1.057983190479788, "log10_lambda": -3.4598078575469655, "log10_min_child_weight": 4.106048323069096, "log10_subsample": -0.5349604162499055, "max_depth": 4.0, "num_boost_round": 6.0}, "datetime": {"datetime": "2024-01-19 00:12:47", "elapsed": 71.962108, "delta": 0.000226}}
{"target": -17.678469972343926, "params": {"gamma": 776.3020550435712, "log10_alpha": -2.5235622555447716, "log10_colsample_bytree": -0.7074637829387751, "log10_eta": -1.057983190479788, "log10_lambda": -3.4598078575469655, "log10_min_child_weight": 4.106048323069096, "log10_subsample": -0.5349604162499055, "max_depth": 4.0, "num_boost_round": 7.0}, "datetime": {"datetime": "2024-01-19 00:12:47", "elapsed": 71.962332, "delta": 0.000224}}
{"target": -17.680034648327428, "params": {"gamma": 776.3020550435712, "log10_alpha": -2.5235622555447716, "log10_colsample_bytree": -0.7074637829387751, "log10_eta": -1.057983190479788, "log10_lambda": -3.4598078575469655, "log10_min_child_weight": 4.106048323069096, "log10_subsample": -0.5349604162499055, "max_depth": 4.0, "num_boost_round": 8.0}, "datetime": {"datetime": "2024-01-19 00:12:47", "elapsed": 71.962566, "delta": 0.000234}}
{"target": -17.679710440620948, "params": {"gamma": 776.3020550435712, "log10_alpha": -2.5235622555447716, "log10_colsample_bytree": -0.7074637829387751, "log10_eta": -1.057983190479788, "log10_lambda": -3.4598078575469655, "log10_min_child_weight": 4.106048323069096, "log10_subsample": -0.5349604162499055, "max_depth": 4.0, "num_boost_round": 9.0}, "datetime": {"datetime": "2024-01-19 00:12:47", "elapsed": 71.962799, "delta": 0.000233}}
{"target": -17.68015312672352, "params": {"gamma": 776.3020550435712, "log10_alpha": -2.5235622555447716, "log10_colsample_bytree": -0.7074637829387751, "log10_eta": -1.057983190479788, "log10_lambda": -3.4598078575469655, "log10_min_child_weight": 4.106048323069096, "log10_subsample": -0.5349604162499055, "max_depth": 4.0, "num_boost_round": 10.0}, "datetime": {"datetime": "2024-01-19 00:12:47", "elapsed": 71.963026, "delta": 0.000227}}
{"target": -17.681127275924638, "params": {"gamma": 776.3020550435712, "log10_alpha": -2.5235622555447716, "log10_colsample_bytree": -0.7074637829387751, "log10_eta": -1.057983190479788, "log10_lambda": -3.4598078575469655, "log10_min_child_weight": 4.106048323069096, "log10_subsample": -0.5349604162499055, "max_depth": 4.0, "num_boost_round": 11.0}, "datetime": {"datetime": "2024-01-19 00:12:47", "elapsed": 71.963254, "delta": 0.000228}}
{"target": -17.699282657870736, "params": {"gamma": 785.6934086878293, "log10_alpha": -4.464431812270226, "log10_colsample_bytree": -0.21552837823273663, "log10_eta": -0.3079659770592347, "log10_lambda": -0.35099931117793304, "log10_min_child_weight": 3.7915700588624963, "log10_subsample": -0.24630519173382304, "max_depth": 8.0, "num_boost_round": 0.0}, "datetime": {"datetime": "2024-01-19 00:13:07", "elapsed": 92.380847, "delta": 20.417593}}
{"target": -17.71053117760025, "params": {"gamma": 785.6934086878293, "log10_alpha": -4.464431812270226, "log10_colsample_bytree": -0.21552837823273663, "log10_eta": -0.3079659770592347, "log10_lambda": -0.35099931117793304, "log10_min_child_weight": 3.7915700588624963, "log10_subsample": -0.24630519173382304, "max_depth": 8.0, "num_boost_round": 1.0}, "datetime": {"datetime": "2024-01-19 00:13:07", "elapsed": 92.382052, "delta": 0.001205}}
{"target": -17.71997348190025, "params": {"gamma": 785.6934086878293, "log10_alpha": -4.464431812270226, "log10_colsample_bytree": -0.21552837823273663, "log10_eta": -0.3079659770592347, "log10_lambda": -0.35099931117793304, "log10_min_child_weight": 3.7915700588624963, "log10_subsample": -0.24630519173382304, "max_depth": 8.0, "num_boost_round": 2.0}, "datetime": {"datetime": "2024-01-19 00:13:07", "elapsed": 92.382351, "delta": 0.000299}}
{"target": -17.744009986409765, "params": {"gamma": 785.6934086878293, "log10_alpha": -4.464431812270226, "log10_colsample_bytree": -0.21552837823273663, "log10_eta": -0.3079659770592347, "log10_lambda": -0.35099931117793304, "log10_min_child_weight": 3.7915700588624963, "log10_subsample": -0.24630519173382304, "max_depth": 8.0, "num_boost_round": 3.0}, "datetime": {"datetime": "2024-01-19 00:13:07", "elapsed": 92.382616, "delta": 0.000265}}
{"target": -17.76296554831687, "params": {"gamma": 785.6934086878293, "log10_alpha": -4.464431812270226, "log10_colsample_bytree": -0.21552837823273663, "log10_eta": -0.3079659770592347, "log10_lambda": -0.35099931117793304, "log10_min_child_weight": 3.7915700588624963, "log10_subsample": -0.24630519173382304, "max_depth": 8.0, "num_boost_round": 4.0}, "datetime": {"datetime": "2024-01-19 00:13:07", "elapsed": 92.382869, "delta": 0.000253}}
{"target": -17.77730767731849, "params": {"gamma": 785.6934086878293, "log10_alpha": -4.464431812270226, "log10_colsample_bytree": -0.21552837823273663, "log10_eta": -0.3079659770592347, "log10_lambda": -0.35099931117793304, "log10_min_child_weight": 3.7915700588624963, "log10_subsample": -0.24630519173382304, "max_depth": 8.0, "num_boost_round": 5.0}, "datetime": {"datetime": "2024-01-19 00:13:07", "elapsed": 92.383118, "delta": 0.000249}}
{"target": -17.796840123417564, "params": {"gamma": 785.6934086878293, "log10_alpha": -4.464431812270226, "log10_colsample_bytree": -0.21552837823273663, "log10_eta": -0.3079659770592347, "log10_lambda": -0.35099931117793304, "log10_min_child_weight": 3.7915700588624963, "log10_subsample": -0.24630519173382304, "max_depth": 8.0, "num_boost_round": 6.0}, "datetime": {"datetime": "2024-01-19 00:13:07", "elapsed": 92.383365, "delta": 0.000247}}
{"target": -17.82865401967269, "params": {"gamma": 785.6934086878293, "log10_alpha": -4.464431812270226, "log10_colsample_bytree": -0.21552837823273663, "log10_eta": -0.3079659770592347, "log10_lambda": -0.35099931117793304, "log10_min_child_weight": 3.7915700588624963, "log10_subsample": -0.24630519173382304, "max_depth": 8.0, "num_boost_round": 7.0}, "datetime": {"datetime": "2024-01-19 00:13:07", "elapsed": 92.383618, "delta": 0.000253}}
{"target": -17.85556223634603, "params": {"gamma": 785.6934086878293, "log10_alpha": -4.464431812270226, "log10_colsample_bytree": -0.21552837823273663, "log10_eta": -0.3079659770592347, "log10_lambda": -0.35099931117793304, "log10_min_child_weight": 3.7915700588624963, "log10_subsample": -0.24630519173382304, "max_depth": 8.0, "num_boost_round": 8.0}, "datetime": {"datetime": "2024-01-19 00:13:07", "elapsed": 92.383875, "delta": 0.000257}}
{"target": -17.868404211238282, "params": {"gamma": 785.6934086878293, "log10_alpha": -4.464431812270226, "log10_colsample_bytree": -0.21552837823273663, "log10_eta": -0.3079659770592347, "log10_lambda": -0.35099931117793304, "log10_min_child_weight": 3.7915700588624963, "log10_subsample": -0.24630519173382304, "max_depth": 8.0, "num_boost_round": 9.0}, "datetime": {"datetime": "2024-01-19 00:13:07", "elapsed": 92.384242, "delta": 0.000367}}
{"target": -17.676237873001604, "params": {"gamma": 765.0344020475007, "log10_alpha": 0.7402488231237987, "log10_colsample_bytree": -0.7874182828130946, "log10_eta": -1.3574201969783593, "log10_lambda": -1.1617816870454698, "log10_min_child_weight": 3.5206260696749023, "log10_subsample": -0.34518272912215087, "max_depth": 8.0, "num_boost_round": 0.0}, "datetime": {"datetime": "2024-01-19 00:13:28", "elapsed": 112.750912, "delta": 20.36667}}
{"target": -17.67617672645339, "params": {"gamma": 765.0344020475007, "log10_alpha": 0.7402488231237987, "log10_colsample_bytree": -0.7874182828130946, "log10_eta": -1.3574201969783593, "log10_lambda": -1.1617816870454698, "log10_min_child_weight": 3.5206260696749023, "log10_subsample": -0.34518272912215087, "max_depth": 8.0, "num_boost_round": 1.0}, "datetime": {"datetime": "2024-01-19 00:13:28", "elapsed": 112.751287, "delta": 0.000375}}
{"target": -17.676041290251995, "params": {"gamma": 765.0344020475007, "log10_alpha": 0.7402488231237987, "log10_colsample_bytree": -0.7874182828130946, "log10_eta": -1.3574201969783593, "log10_lambda": -1.1617816870454698, "log10_min_child_weight": 3.5206260696749023, "log10_subsample": -0.34518272912215087, "max_depth": 8.0, "num_boost_round": 2.0}, "datetime": {"datetime": "2024-01-19 00:13:28", "elapsed": 112.751881, "delta": 0.000594}}
{"target": -17.6777743117253, "params": {"gamma": 765.0344020475007, "log10_alpha": 0.7402488231237987, "log10_colsample_bytree": -0.7874182828130946, "log10_eta": -1.3574201969783593, "log10_lambda": -1.1617816870454698, "log10_min_child_weight": 3.5206260696749023, "log10_subsample": -0.34518272912215087, "max_depth": 8.0, "num_boost_round": 3.0}, "datetime": {"datetime": "2024-01-19 00:13:28", "elapsed": 112.752149, "delta": 0.000268}}
{"target": -17.676778908206135, "params": {"gamma": 765.0344020475007, "log10_alpha": 0.7402488231237987, "log10_colsample_bytree": -0.7874182828130946, "log10_eta": -1.3574201969783593, "log10_lambda": -1.1617816870454698, "log10_min_child_weight": 3.5206260696749023, "log10_subsample": -0.34518272912215087, "max_depth": 8.0, "num_boost_round": 4.0}, "datetime": {"datetime": "2024-01-19 00:13:28", "elapsed": 112.75241, "delta": 0.000261}}
{"target": -17.67715577296211, "params": {"gamma": 765.0344020475007, "log10_alpha": 0.7402488231237987, "log10_colsample_bytree": -0.7874182828130946, "log10_eta": -1.3574201969783593, "log10_lambda": -1.1617816870454698, "log10_min_child_weight": 3.5206260696749023, "log10_subsample": -0.34518272912215087, "max_depth": 8.0, "num_boost_round": 5.0}, "datetime": {"datetime": "2024-01-19 00:13:28", "elapsed": 112.752683, "delta": 0.000273}}
{"target": -17.67711855854908, "params": {"gamma": 765.0344020475007, "log10_alpha": 0.7402488231237987, "log10_colsample_bytree": -0.7874182828130946, "log10_eta": -1.3574201969783593, "log10_lambda": -1.1617816870454698, "log10_min_child_weight": 3.5206260696749023, "log10_subsample": -0.34518272912215087, "max_depth": 8.0, "num_boost_round": 6.0}, "datetime": {"datetime": "2024-01-19 00:13:28", "elapsed": 112.752947, "delta": 0.000264}}
{"target": -17.67631148124153, "params": {"gamma": 765.0344020475007, "log10_alpha": 0.7402488231237987, "log10_colsample_bytree": -0.7874182828130946, "log10_eta": -1.3574201969783593, "log10_lambda": -1.1617816870454698, "log10_min_child_weight": 3.5206260696749023, "log10_subsample": -0.34518272912215087, "max_depth": 8.0, "num_boost_round": 7.0}, "datetime": {"datetime": "2024-01-19 00:13:28", "elapsed": 112.753212, "delta": 0.000265}}
{"target": -17.676479184942725, "params": {"gamma": 765.0344020475007, "log10_alpha": 0.7402488231237987, "log10_colsample_bytree": -0.7874182828130946, "log10_eta": -1.3574201969783593, "log10_lambda": -1.1617816870454698, "log10_min_child_weight": 3.5206260696749023, "log10_subsample": -0.34518272912215087, "max_depth": 8.0, "num_boost_round": 8.0}, "datetime": {"datetime": "2024-01-19 00:13:28", "elapsed": 112.753478, "delta": 0.000266}}
{"target": -17.67679587919632, "params": {"gamma": 765.0344020475007, "log10_alpha": 0.7402488231237987, "log10_colsample_bytree": -0.7874182828130946, "log10_eta": -1.3574201969783593, "log10_lambda": -1.1617816870454698, "log10_min_child_weight": 3.5206260696749023, "log10_subsample": -0.34518272912215087, "max_depth": 8.0, "num_boost_round": 9.0}, "datetime": {"datetime": "2024-01-19 00:13:28", "elapsed": 112.753759, "delta": 0.000281}}
{"target": -17.677227917042877, "params": {"gamma": 772.7103824546483, "log10_alpha": -1.4296170227563647, "log10_colsample_bytree": -0.19184111885636335, "log10_eta": -3.6899195572611476, "log10_lambda": -3.710920730840234, "log10_min_child_weight": 3.1945158941468206, "log10_subsample": -0.1107218099341859, "max_depth": 3.0, "num_boost_round": 0.0}, "datetime": {"datetime": "2024-01-19 00:13:48", "elapsed": 133.185982, "delta": 20.432223}}
{"target": -17.677223971650957, "params": {"gamma": 772.7103824546483, "log10_alpha": -1.4296170227563647, "log10_colsample_bytree": -0.19184111885636335, "log10_eta": -3.6899195572611476, "log10_lambda": -3.710920730840234, "log10_min_child_weight": 3.1945158941468206, "log10_subsample": -0.1107218099341859, "max_depth": 3.0, "num_boost_round": 1.0}, "datetime": {"datetime": "2024-01-19 00:13:48", "elapsed": 133.187616, "delta": 0.001634}}
