{"target": -13.760585799496605, "params": {"gamma": 428.41296546424513, "log10_alpha": -5.0, "log10_colsample_bytree": -0.020845507933479338, "log10_eta": -1.0246693446603448, "log10_lambda": -4.3882293024464705, "log10_min_child_weight": 5.0, "log10_subsample": -0.6227848015802538, "max_depth": 10.0, "num_boost_round": 11.0}, "datetime": {"datetime": "2024-01-19 01:26:18", "elapsed": 4482.063548, "delta": 0.005494}}
{"target": -13.760242855226686, "params": {"gamma": 428.41296546424513, "log10_alpha": -5.0, "log10_colsample_bytree": -0.020845507933479338, "log10_eta": -1.0246693446603448, "log10_lambda": -4.3882293024464705, "log10_min_child_weight": 5.0, "log10_subsample": -0.6227848015802538, "max_depth": 10.0, "num_boost_round": 12.0}, "datetime": {"datetime": "2024-01-19 01:26:18", "elapsed": 4482.06916, "delta": 0.005612}}
{"target": -13.759954010043378, "params": {"gamma": 428.41296546424513, "log10_alpha": -5.0, "log10_colsample_bytree": -0.020845507933479338, "log10_eta": -1.0246693446603448, "log10_lambda": -4.3882293024464705, "log10_min_child_weight": 5.0, "log10_subsample": -0.6227848015802538, "max_depth": 10.0, "num_boost_round": 13.0}, "datetime": {"datetime": "2024-01-19 01:26:18", "elapsed": 4482.075878, "delta": 0.006718}}
{"target": -13.760355510798172, "params": {"gamma": 428.41296546424513, "log10_alpha": -5.0, "log10_colsample_bytree": -0.020845507933479338, "log10_eta": -1.0246693446603448, "log10_lambda": -4.3882293024464705, "log10_min_child_weight": 5.0, "log10_subsample": -0.6227848015802538, "max_depth": 10.0, "num_boost_round": 14.0}, "datetime": {"datetime": "2024-01-19 01:26:18", "elapsed": 4482.08159, "delta": 0.005712}}
{"target": -13.76055466936977, "params": {"gamma": 428.41296546424513, "log10_alpha": -5.0, "log10_colsample_bytree": -0.020845507933479338, "log10_eta": -1.0246693446603448, "log10_lambda": -4.3882293024464705, "log10_min_child_weight": 5.0, "log10_subsample": -0.6227848015802538, "max_depth": 10.0, "num_boost_round": 15.0}, "datetime": {"datetime": "2024-01-19 01:26:18", "elapsed": 4482.087228, "delta": 0.005638}}
{"target": -13.760975693683713, "params": {"gamma": 428.41296546424513, "log10_alpha": -5.0, "log10_colsample_bytree": -0.020845507933479338, "log10_eta": -1.0246693446603448, "log10_lambda": -4.3882293024464705, "log10_min_child_weight": 5.0, "log10_subsample": -0.6227848015802538, "max_depth": 10.0, "num_boost_round": 16.0}, "datetime": {"datetime": "2024-01-19 01:26:18", "elapsed": 4482.093094, "delta": 0.005866}}
{"target": -13.761146393632224, "params": {"gamma": 428.41296546424513, "log10_alpha": -5.0, "log10_colsample_bytree": -0.020845507933479338, "log10_eta": -1.0246693446603448, "log10_lambda": -4.3882293024464705, "log10_min_child_weight": 5.0, "log10_subsample": -0.6227848015802538, "max_depth": 10.0, "num_boost_round": 17.0}, "datetime": {"datetime": "2024-01-19 01:26:19", "elapsed": 4482.099124, "delta": 0.00603}}
{"target": -13.761111072046509, "params": {"gamma": 428.41296546424513, "log10_alpha": -5.0, "log10_colsample_bytree": -0.020845507933479338, "log10_eta": -1.0246693446603448, "log10_lambda": -4.3882293024464705, "log10_min_child_weight": 5.0, "log10_subsample": -0.6227848015802538, "max_depth": 10.0, "num_boost_round": 18.0}, "datetime": {"datetime": "2024-01-19 01:26:19", "elapsed": 4482.104866, "delta": 0.005742}}
{"target": -13.761335370139983, "params": {"gamma": 428.41296546424513, "log10_alpha": -5.0, "log10_colsample_bytree": -0.020845507933479338, "log10_eta": -1.0246693446603448, "log10_lambda": -4.3882293024464705, "log10_min_child_weight": 5.0, "log10_subsample": -0.6227848015802538, "max_depth": 10.0, "num_boost_round": 19.0}, "datetime": {"datetime": "2024-01-19 01:26:19", "elapsed": 4482.110562, "delta": 0.005696}}
{"target": -13.761797941885387, "params": {"gamma": 428.41296546424513, "log10_alpha": -5.0, "log10_colsample_bytree": -0.020845507933479338, "log10_eta": -1.0246693446603448, "log10_lambda": -4.3882293024464705, "log10_min_child_weight": 5.0, "log10_subsample": -0.6227848015802538, "max_depth": 10.0, "num_boost_round": 20.0}, "datetime": {"datetime": "2024-01-19 01:26:19", "elapsed": 4482.116072, "delta": 0.00551}}
{"target": -13.76186536077852, "params": {"gamma": 428.41296546424513, "log10_alpha": -5.0, "log10_colsample_bytree": -0.020845507933479338, "log10_eta": -1.0246693446603448, "log10_lambda": -4.3882293024464705, "log10_min_child_weight": 5.0, "log10_subsample": -0.6227848015802538, "max_depth": 10.0, "num_boost_round": 21.0}, "datetime": {"datetime": "2024-01-19 01:26:19", "elapsed": 4482.121659, "delta": 0.005587}}
{"target": -13.761963356772478, "params": {"gamma": 428.41296546424513, "log10_alpha": -5.0, "log10_colsample_bytree": -0.020845507933479338, "log10_eta": -1.0246693446603448, "log10_lambda": -4.3882293024464705, "log10_min_child_weight": 5.0, "log10_subsample": -0.6227848015802538, "max_depth": 10.0, "num_boost_round": 22.0}, "datetime": {"datetime": "2024-01-19 01:26:19", "elapsed": 4482.127239, "delta": 0.00558}}
{"target": -13.76194177311456, "params": {"gamma": 428.41296546424513, "log10_alpha": -5.0, "log10_colsample_bytree": -0.020845507933479338, "log10_eta": -1.0246693446603448, "log10_lambda": -4.3882293024464705, "log10_min_child_weight": 5.0, "log10_subsample": -0.6227848015802538, "max_depth": 10.0, "num_boost_round": 23.0}, "datetime": {"datetime": "2024-01-19 01:26:19", "elapsed": 4482.132893, "delta": 0.005654}}
{"target": -13.762250690576321, "params": {"gamma": 428.41296546424513, "log10_alpha": -5.0, "log10_colsample_bytree": -0.020845507933479338, "log10_eta": -1.0246693446603448, "log10_lambda": -4.3882293024464705, "log10_min_child_weight": 5.0, "log10_subsample": -0.6227848015802538, "max_depth": 10.0, "num_boost_round": 24.0}, "datetime": {"datetime": "2024-01-19 01:26:19", "elapsed": 4482.138438, "delta": 0.005545}}
{"target": -13.76262210531839, "params": {"gamma": 428.41296546424513, "log10_alpha": -5.0, "log10_colsample_bytree": -0.020845507933479338, "log10_eta": -1.0246693446603448, "log10_lambda": -4.3882293024464705, "log10_min_child_weight": 5.0, "log10_subsample": -0.6227848015802538, "max_depth": 10.0, "num_boost_round": 25.0}, "datetime": {"datetime": "2024-01-19 01:26:19", "elapsed": 4482.144024, "delta": 0.005586}}
{"target": -13.762832786158242, "params": {"gamma": 428.41296546424513, "log10_alpha": -5.0, "log10_colsample_bytree": -0.020845507933479338, "log10_eta": -1.0246693446603448, "log10_lambda": -4.3882293024464705, "log10_min_child_weight": 5.0, "log10_subsample": -0.6227848015802538, "max_depth": 10.0, "num_boost_round": 26.0}, "datetime": {"datetime": "2024-01-19 01:26:19", "elapsed": 4482.14965, "delta": 0.005626}}
{"target": -13.763128032584657, "params": {"gamma": 428.41296546424513, "log10_alpha": -5.0, "log10_colsample_bytree": -0.020845507933479338, "log10_eta": -1.0246693446603448, "log10_lambda": -4.3882293024464705, "log10_min_child_weight": 5.0, "log10_subsample": -0.6227848015802538, "max_depth": 10.0, "num_boost_round": 27.0}, "datetime": {"datetime": "2024-01-19 01:26:19", "elapsed": 4482.155321, "delta": 0.005671}}
{"target": -13.762985010990569, "params": {"gamma": 428.41296546424513, "log10_alpha": -5.0, "log10_colsample_bytree": -0.020845507933479338, "log10_eta": -1.0246693446603448, "log10_lambda": -4.3882293024464705, "log10_min_child_weight": 5.0, "log10_subsample": -0.6227848015802538, "max_depth": 10.0, "num_boost_round": 28.0}, "datetime": {"datetime": "2024-01-19 01:26:19", "elapsed": 4482.161087, "delta": 0.005766}}
{"target": -13.763243458705405, "params": {"gamma": 428.41296546424513, "log10_alpha": -5.0, "log10_colsample_bytree": -0.020845507933479338, "log10_eta": -1.0246693446603448, "log10_lambda": -4.3882293024464705, "log10_min_child_weight": 5.0, "log10_subsample": -0.6227848015802538, "max_depth": 10.0, "num_boost_round": 29.0}, "datetime": {"datetime": "2024-01-19 01:26:19", "elapsed": 4482.167443, "delta": 0.006356}}
{"target": -13.763664598193406, "params": {"gamma": 428.41296546424513, "log10_alpha": -5.0, "log10_colsample_bytree": -0.020845507933479338, "log10_eta": -1.0246693446603448, "log10_lambda": -4.3882293024464705, "log10_min_child_weight": 5.0, "log10_subsample": -0.6227848015802538, "max_depth": 10.0, "num_boost_round": 30.0}, "datetime": {"datetime": "2024-01-19 01:26:19", "elapsed": 4482.263553, "delta": 0.09611}}
{"target": -13.76379320135287, "params": {"gamma": 428.41296546424513, "log10_alpha": -5.0, "log10_colsample_bytree": -0.020845507933479338, "log10_eta": -1.0246693446603448, "log10_lambda": -4.3882293024464705, "log10_min_child_weight": 5.0, "log10_subsample": -0.6227848015802538, "max_depth": 10.0, "num_boost_round": 31.0}, "datetime": {"datetime": "2024-01-19 01:26:19", "elapsed": 4482.269721, "delta": 0.006168}}
{"target": -13.764187417617656, "params": {"gamma": 428.41296546424513, "log10_alpha": -5.0, "log10_colsample_bytree": -0.020845507933479338, "log10_eta": -1.0246693446603448, "log10_lambda": -4.3882293024464705, "log10_min_child_weight": 5.0, "log10_subsample": -0.6227848015802538, "max_depth": 10.0, "num_boost_round": 32.0}, "datetime": {"datetime": "2024-01-19 01:26:19", "elapsed": 4482.275425, "delta": 0.005704}}
{"target": -13.764318583006638, "params": {"gamma": 428.41296546424513, "log10_alpha": -5.0, "log10_colsample_bytree": -0.020845507933479338, "log10_eta": -1.0246693446603448, "log10_lambda": -4.3882293024464705, "log10_min_child_weight": 5.0, "log10_subsample": -0.6227848015802538, "max_depth": 10.0, "num_boost_round": 33.0}, "datetime": {"datetime": "2024-01-19 01:26:19", "elapsed": 4482.28113, "delta": 0.005705}}
{"target": -13.76428730255223, "params": {"gamma": 428.41296546424513, "log10_alpha": -5.0, "log10_colsample_bytree": -0.020845507933479338, "log10_eta": -1.0246693446603448, "log10_lambda": -4.3882293024464705, "log10_min_child_weight": 5.0, "log10_subsample": -0.6227848015802538, "max_depth": 10.0, "num_boost_round": 34.0}, "datetime": {"datetime": "2024-01-19 01:26:19", "elapsed": 4482.286816, "delta": 0.005686}}
{"target": -13.764661694260495, "params": {"gamma": 428.41296546424513, "log10_alpha": -5.0, "log10_colsample_bytree": -0.020845507933479338, "log10_eta": -1.0246693446603448, "log10_lambda": -4.3882293024464705, "log10_min_child_weight": 5.0, "log10_subsample": -0.6227848015802538, "max_depth": 10.0, "num_boost_round": 35.0}, "datetime": {"datetime": "2024-01-19 01:26:19", "elapsed": 4482.292536, "delta": 0.00572}}
{"target": -13.764941758354668, "params": {"gamma": 428.41296546424513, "log10_alpha": -5.0, "log10_colsample_bytree": -0.020845507933479338, "log10_eta": -1.0246693446603448, "log10_lambda": -4.3882293024464705, "log10_min_child_weight": 5.0, "log10_subsample": -0.6227848015802538, "max_depth": 10.0, "num_boost_round": 36.0}, "datetime": {"datetime": "2024-01-19 01:26:19", "elapsed": 4482.298281, "delta": 0.005745}}
{"target": -13.758498996939494, "params": {"gamma": 456.5327545657707, "log10_alpha": -1.0048164894182885, "log10_colsample_bytree": -0.6435111034161953, "log10_eta": -2.7350032513514924, "log10_lambda": 0.1361974458982509, "log10_min_child_weight": 1.543085440500016, "log10_subsample": -0.3428815878925269, "max_depth": 6.0, "num_boost_round": 0.0}, "datetime": {"datetime": "2024-01-19 01:27:33", "elapsed": 4556.90619, "delta": 74.607909}}
{"target": -13.758480555432369, "params": {"gamma": 456.5327545657707, "log10_alpha": -1.0048164894182885, "log10_colsample_bytree": -0.6435111034161953, "log10_eta": -2.7350032513514924, "log10_lambda": 0.1361974458982509, "log10_min_child_weight": 1.543085440500016, "log10_subsample": -0.3428815878925269, "max_depth": 6.0, "num_boost_round": 1.0}, "datetime": {"datetime": "2024-01-19 01:27:33", "elapsed": 4556.912887, "delta": 0.006697}}
{"target": -13.758438690399835, "params": {"gamma": 456.5327545657707, "log10_alpha": -1.0048164894182885, "log10_colsample_bytree": -0.6435111034161953, "log10_eta": -2.7350032513514924, "log10_lambda": 0.1361974458982509, "log10_min_child_weight": 1.543085440500016, "log10_subsample": -0.3428815878925269, "max_depth": 6.0, "num_boost_round": 2.0}, "datetime": {"datetime": "2024-01-19 01:27:33", "elapsed": 4556.91854, "delta": 0.005653}}
{"target": -13.758330113697037, "params": {"gamma": 456.5327545657707, "log10_alpha": -1.0048164894182885, "log10_colsample_bytree": -0.6435111034161953, "log10_eta": -2.7350032513514924, "log10_lambda": 0.1361974458982509, "log10_min_child_weight": 1.543085440500016, "log10_subsample": -0.3428815878925269, "max_depth": 6.0, "num_boost_round": 3.0}, "datetime": {"datetime": "2024-01-19 01:27:33", "elapsed": 4556.92416, "delta": 0.00562}}
{"target": -13.75821227431455, "params": {"gamma": 456.5327545657707, "log10_alpha": -1.0048164894182885, "log10_colsample_bytree": -0.6435111034161953, "log10_eta": -2.7350032513514924, "log10_lambda": 0.1361974458982509, "log10_min_child_weight": 1.543085440500016, "log10_subsample": -0.3428815878925269, "max_depth": 6.0, "num_boost_round": 4.0}, "datetime": {"datetime": "2024-01-19 01:27:33", "elapsed": 4556.929903, "delta": 0.005743}}
{"target": -13.75813996797711, "params": {"gamma": 456.5327545657707, "log10_alpha": -1.0048164894182885, "log10_colsample_bytree": -0.6435111034161953, "log10_eta": -2.7350032513514924, "log10_lambda": 0.1361974458982509, "log10_min_child_weight": 1.543085440500016, "log10_subsample": -0.3428815878925269, "max_depth": 6.0, "num_boost_round": 5.0}, "datetime": {"datetime": "2024-01-19 01:27:33", "elapsed": 4556.935524, "delta": 0.005621}}
{"target": -13.75809876019742, "params": {"gamma": 456.5327545657707, "log10_alpha": -1.0048164894182885, "log10_colsample_bytree": -0.6435111034161953, "log10_eta": -2.7350032513514924, "log10_lambda": 0.1361974458982509, "log10_min_child_weight": 1.543085440500016, "log10_subsample": -0.3428815878925269, "max_depth": 6.0, "num_boost_round": 6.0}, "datetime": {"datetime": "2024-01-19 01:27:33", "elapsed": 4556.941133, "delta": 0.005609}}
{"target": -13.758074425308175, "params": {"gamma": 456.5327545657707, "log10_alpha": -1.0048164894182885, "log10_colsample_bytree": -0.6435111034161953, "log10_eta": -2.7350032513514924, "log10_lambda": 0.1361974458982509, "log10_min_child_weight": 1.543085440500016, "log10_subsample": -0.3428815878925269, "max_depth": 6.0, "num_boost_round": 7.0}, "datetime": {"datetime": "2024-01-19 01:27:33", "elapsed": 4556.946724, "delta": 0.005591}}
{"target": -13.758013320484466, "params": {"gamma": 456.5327545657707, "log10_alpha": -1.0048164894182885, "log10_colsample_bytree": -0.6435111034161953, "log10_eta": -2.7350032513514924, "log10_lambda": 0.1361974458982509, "log10_min_child_weight": 1.543085440500016, "log10_subsample": -0.3428815878925269, "max_depth": 6.0, "num_boost_round": 8.0}, "datetime": {"datetime": "2024-01-19 01:27:33", "elapsed": 4556.95251, "delta": 0.005786}}
{"target": -13.758006887116332, "params": {"gamma": 456.5327545657707, "log10_alpha": -1.0048164894182885, "log10_colsample_bytree": -0.6435111034161953, "log10_eta": -2.7350032513514924, "log10_lambda": 0.1361974458982509, "log10_min_child_weight": 1.543085440500016, "log10_subsample": -0.3428815878925269, "max_depth": 6.0, "num_boost_round": 9.0}, "datetime": {"datetime": "2024-01-19 01:27:33", "elapsed": 4556.958182, "delta": 0.005672}}
{"target": -13.757951399445087, "params": {"gamma": 456.5327545657707, "log10_alpha": -1.0048164894182885, "log10_colsample_bytree": -0.6435111034161953, "log10_eta": -2.7350032513514924, "log10_lambda": 0.1361974458982509, "log10_min_child_weight": 1.543085440500016, "log10_subsample": -0.3428815878925269, "max_depth": 6.0, "num_boost_round": 10.0}, "datetime": {"datetime": "2024-01-19 01:27:33", "elapsed": 4556.963933, "delta": 0.005751}}
{"target": -13.757899540398313, "params": {"gamma": 456.5327545657707, "log10_alpha": -1.0048164894182885, "log10_colsample_bytree": -0.6435111034161953, "log10_eta": -2.7350032513514924, "log10_lambda": 0.1361974458982509, "log10_min_child_weight": 1.543085440500016, "log10_subsample": -0.3428815878925269, "max_depth": 6.0, "num_boost_round": 11.0}, "datetime": {"datetime": "2024-01-19 01:27:33", "elapsed": 4556.969896, "delta": 0.005963}}
{"target": -13.924913784562827, "params": {"gamma": 380.0961052911589, "log10_alpha": -4.894802208260479, "log10_colsample_bytree": -0.3536435886428525, "log10_eta": -0.03933796621862662, "log10_lambda": 0.762795419466352, "log10_min_child_weight": 1.1060749278150894, "log10_subsample": -0.3161478135572995, "max_depth": 6.0, "num_boost_round": 0.0}, "datetime": {"datetime": "2024-01-19 01:28:53", "elapsed": 4636.90779, "delta": 79.937894}}
{"target": -14.020493907682363, "params": {"gamma": 380.0961052911589, "log10_alpha": -4.894802208260479, "log10_colsample_bytree": -0.3536435886428525, "log10_eta": -0.03933796621862662, "log10_lambda": 0.762795419466352, "log10_min_child_weight": 1.1060749278150894, "log10_subsample": -0.3161478135572995, "max_depth": 6.0, "num_boost_round": 1.0}, "datetime": {"datetime": "2024-01-19 01:28:53", "elapsed": 4636.914247, "delta": 0.006457}}
{"target": -14.107083452150794, "params": {"gamma": 380.0961052911589, "log10_alpha": -4.894802208260479, "log10_colsample_bytree": -0.3536435886428525, "log10_eta": -0.03933796621862662, "log10_lambda": 0.762795419466352, "log10_min_child_weight": 1.1060749278150894, "log10_subsample": -0.3161478135572995, "max_depth": 6.0, "num_boost_round": 2.0}, "datetime": {"datetime": "2024-01-19 01:28:53", "elapsed": 4636.919858, "delta": 0.005611}}
{"target": -14.222383875462482, "params": {"gamma": 380.0961052911589, "log10_alpha": -4.894802208260479, "log10_colsample_bytree": -0.3536435886428525, "log10_eta": -0.03933796621862662, "log10_lambda": 0.762795419466352, "log10_min_child_weight": 1.1060749278150894, "log10_subsample": -0.3161478135572995, "max_depth": 6.0, "num_boost_round": 3.0}, "datetime": {"datetime": "2024-01-19 01:28:53", "elapsed": 4636.925466, "delta": 0.005608}}
{"target": -14.219819500810253, "params": {"gamma": 380.0961052911589, "log10_alpha": -4.894802208260479, "log10_colsample_bytree": -0.3536435886428525, "log10_eta": -0.03933796621862662, "log10_lambda": 0.762795419466352, "log10_min_child_weight": 1.1060749278150894, "log10_subsample": -0.3161478135572995, "max_depth": 6.0, "num_boost_round": 4.0}, "datetime": {"datetime": "2024-01-19 01:28:53", "elapsed": 4636.931324, "delta": 0.005858}}
{"target": -14.676904234197668, "params": {"gamma": 380.0961052911589, "log10_alpha": -4.894802208260479, "log10_colsample_bytree": -0.3536435886428525, "log10_eta": -0.03933796621862662, "log10_lambda": 0.762795419466352, "log10_min_child_weight": 1.1060749278150894, "log10_subsample": -0.3161478135572995, "max_depth": 6.0, "num_boost_round": 5.0}, "datetime": {"datetime": "2024-01-19 01:28:53", "elapsed": 4636.937086, "delta": 0.005762}}
{"target": -14.735711071331325, "params": {"gamma": 380.0961052911589, "log10_alpha": -4.894802208260479, "log10_colsample_bytree": -0.3536435886428525, "log10_eta": -0.03933796621862662, "log10_lambda": 0.762795419466352, "log10_min_child_weight": 1.1060749278150894, "log10_subsample": -0.3161478135572995, "max_depth": 6.0, "num_boost_round": 6.0}, "datetime": {"datetime": "2024-01-19 01:28:53", "elapsed": 4636.942604, "delta": 0.005518}}
{"target": -14.819389085825271, "params": {"gamma": 380.0961052911589, "log10_alpha": -4.894802208260479, "log10_colsample_bytree": -0.3536435886428525, "log10_eta": -0.03933796621862662, "log10_lambda": 0.762795419466352, "log10_min_child_weight": 1.1060749278150894, "log10_subsample": -0.3161478135572995, "max_depth": 6.0, "num_boost_round": 7.0}, "datetime": {"datetime": "2024-01-19 01:28:53", "elapsed": 4636.948098, "delta": 0.005494}}
{"target": -14.87994003966622, "params": {"gamma": 380.0961052911589, "log10_alpha": -4.894802208260479, "log10_colsample_bytree": -0.3536435886428525, "log10_eta": -0.03933796621862662, "log10_lambda": 0.762795419466352, "log10_min_child_weight": 1.1060749278150894, "log10_subsample": -0.3161478135572995, "max_depth": 6.0, "num_boost_round": 8.0}, "datetime": {"datetime": "2024-01-19 01:28:53", "elapsed": 4636.953696, "delta": 0.005598}}
{"target": -14.922324134764837, "params": {"gamma": 380.0961052911589, "log10_alpha": -4.894802208260479, "log10_colsample_bytree": -0.3536435886428525, "log10_eta": -0.03933796621862662, "log10_lambda": 0.762795419466352, "log10_min_child_weight": 1.1060749278150894, "log10_subsample": -0.3161478135572995, "max_depth": 6.0, "num_boost_round": 9.0}, "datetime": {"datetime": "2024-01-19 01:28:53", "elapsed": 4636.959188, "delta": 0.005492}}
{"target": -14.975908136717024, "params": {"gamma": 380.0961052911589, "log10_alpha": -4.894802208260479, "log10_colsample_bytree": -0.3536435886428525, "log10_eta": -0.03933796621862662, "log10_lambda": 0.762795419466352, "log10_min_child_weight": 1.1060749278150894, "log10_subsample": -0.3161478135572995, "max_depth": 6.0, "num_boost_round": 10.0}, "datetime": {"datetime": "2024-01-19 01:28:53", "elapsed": 4636.964791, "delta": 0.005603}}
{"target": -15.020162309887578, "params": {"gamma": 380.0961052911589, "log10_alpha": -4.894802208260479, "log10_colsample_bytree": -0.3536435886428525, "log10_eta": -0.03933796621862662, "log10_lambda": 0.762795419466352, "log10_min_child_weight": 1.1060749278150894, "log10_subsample": -0.3161478135572995, "max_depth": 6.0, "num_boost_round": 11.0}, "datetime": {"datetime": "2024-01-19 01:28:53", "elapsed": 4636.97043, "delta": 0.005639}}
