{"target": -13.770568848684848, "params": {"gamma": 542.5859834039907, "log10_alpha": -0.37187333665790145, "log10_colsample_bytree": -0.27928428200806066, "log10_eta": -0.032593927452535976, "log10_lambda": -0.41772043401097037, "log10_min_child_weight": 4.680286295829065, "log10_subsample": -0.7871823919033653, "max_depth": 8.0, "num_boost_round": 2.0}, "datetime": {"datetime": "2024-01-19 00:13:56", "elapsed": 88.736472, "delta": 0.00054}}
{"target": -13.772927196697767, "params": {"gamma": 542.5859834039907, "log10_alpha": -0.37187333665790145, "log10_colsample_bytree": -0.27928428200806066, "log10_eta": -0.032593927452535976, "log10_lambda": -0.41772043401097037, "log10_min_child_weight": 4.680286295829065, "log10_subsample": -0.7871823919033653, "max_depth": 8.0, "num_boost_round": 3.0}, "datetime": {"datetime": "2024-01-19 00:13:56", "elapsed": 88.736982, "delta": 0.00051}}
{"target": -13.77673985362663, "params": {"gamma": 542.5859834039907, "log10_alpha": -0.37187333665790145, "log10_colsample_bytree": -0.27928428200806066, "log10_eta": -0.032593927452535976, "log10_lambda": -0.41772043401097037, "log10_min_child_weight": 4.680286295829065, "log10_subsample": -0.7871823919033653, "max_depth": 8.0, "num_boost_round": 4.0}, "datetime": {"datetime": "2024-01-19 00:13:56", "elapsed": 88.737492, "delta": 0.00051}}
{"target": -13.778581731300457, "params": {"gamma": 542.5859834039907, "log10_alpha": -0.37187333665790145, "log10_colsample_bytree": -0.27928428200806066, "log10_eta": -0.032593927452535976, "log10_lambda": -0.41772043401097037, "log10_min_child_weight": 4.680286295829065, "log10_subsample": -0.7871823919033653, "max_depth": 8.0, "num_boost_round": 5.0}, "datetime": {"datetime": "2024-01-19 00:13:56", "elapsed": 88.738117, "delta": 0.000625}}
{"target": -13.78533752766417, "params": {"gamma": 542.5859834039907, "log10_alpha": -0.37187333665790145, "log10_colsample_bytree": -0.27928428200806066, "log10_eta": -0.032593927452535976, "log10_lambda": -0.41772043401097037, "log10_min_child_weight": 4.680286295829065, "log10_subsample": -0.7871823919033653, "max_depth": 8.0, "num_boost_round": 6.0}, "datetime": {"datetime": "2024-01-19 00:13:56", "elapsed": 88.738631, "delta": 0.000514}}
{"target": -13.788053657897565, "params": {"gamma": 542.5859834039907, "log10_alpha": -0.37187333665790145, "log10_colsample_bytree": -0.27928428200806066, "log10_eta": -0.032593927452535976, "log10_lambda": -0.41772043401097037, "log10_min_child_weight": 4.680286295829065, "log10_subsample": -0.7871823919033653, "max_depth": 8.0, "num_boost_round": 7.0}, "datetime": {"datetime": "2024-01-19 00:13:56", "elapsed": 88.73914, "delta": 0.000509}}
{"target": -13.789828123659118, "params": {"gamma": 542.5859834039907, "log10_alpha": -0.37187333665790145, "log10_colsample_bytree": -0.27928428200806066, "log10_eta": -0.032593927452535976, "log10_lambda": -0.41772043401097037, "log10_min_child_weight": 4.680286295829065, "log10_subsample": -0.7871823919033653, "max_depth": 8.0, "num_boost_round": 8.0}, "datetime": {"datetime": "2024-01-19 00:13:56", "elapsed": 88.739653, "delta": 0.000513}}
{"target": -13.790663979256653, "params": {"gamma": 542.5859834039907, "log10_alpha": -0.37187333665790145, "log10_colsample_bytree": -0.27928428200806066, "log10_eta": -0.032593927452535976, "log10_lambda": -0.41772043401097037, "log10_min_child_weight": 4.680286295829065, "log10_subsample": -0.7871823919033653, "max_depth": 8.0, "num_boost_round": 9.0}, "datetime": {"datetime": "2024-01-19 00:13:56", "elapsed": 88.740163, "delta": 0.00051}}
{"target": -13.794979233136585, "params": {"gamma": 542.5859834039907, "log10_alpha": -0.37187333665790145, "log10_colsample_bytree": -0.27928428200806066, "log10_eta": -0.032593927452535976, "log10_lambda": -0.41772043401097037, "log10_min_child_weight": 4.680286295829065, "log10_subsample": -0.7871823919033653, "max_depth": 8.0, "num_boost_round": 10.0}, "datetime": {"datetime": "2024-01-19 00:13:56", "elapsed": 88.740676, "delta": 0.000513}}
{"target": -13.793171249609763, "params": {"gamma": 542.5859834039907, "log10_alpha": -0.37187333665790145, "log10_colsample_bytree": -0.27928428200806066, "log10_eta": -0.032593927452535976, "log10_lambda": -0.41772043401097037, "log10_min_child_weight": 4.680286295829065, "log10_subsample": -0.7871823919033653, "max_depth": 8.0, "num_boost_round": 11.0}, "datetime": {"datetime": "2024-01-19 00:13:56", "elapsed": 88.741191, "delta": 0.000515}}
{"target": -13.797426281474943, "params": {"gamma": 542.5859834039907, "log10_alpha": -0.37187333665790145, "log10_colsample_bytree": -0.27928428200806066, "log10_eta": -0.032593927452535976, "log10_lambda": -0.41772043401097037, "log10_min_child_weight": 4.680286295829065, "log10_subsample": -0.7871823919033653, "max_depth": 8.0, "num_boost_round": 12.0}, "datetime": {"datetime": "2024-01-19 00:13:56", "elapsed": 88.741708, "delta": 0.000517}}
{"target": -13.80377186520524, "params": {"gamma": 542.5859834039907, "log10_alpha": -0.37187333665790145, "log10_colsample_bytree": -0.27928428200806066, "log10_eta": -0.032593927452535976, "log10_lambda": -0.41772043401097037, "log10_min_child_weight": 4.680286295829065, "log10_subsample": -0.7871823919033653, "max_depth": 8.0, "num_boost_round": 13.0}, "datetime": {"datetime": "2024-01-19 00:13:56", "elapsed": 88.742269, "delta": 0.000561}}
{"target": -13.80821171735985, "params": {"gamma": 542.5859834039907, "log10_alpha": -0.37187333665790145, "log10_colsample_bytree": -0.27928428200806066, "log10_eta": -0.032593927452535976, "log10_lambda": -0.41772043401097037, "log10_min_child_weight": 4.680286295829065, "log10_subsample": -0.7871823919033653, "max_depth": 8.0, "num_boost_round": 14.0}, "datetime": {"datetime": "2024-01-19 00:13:56", "elapsed": 88.742797, "delta": 0.000528}}
{"target": -13.808234355249583, "params": {"gamma": 542.5859834039907, "log10_alpha": -0.37187333665790145, "log10_colsample_bytree": -0.27928428200806066, "log10_eta": -0.032593927452535976, "log10_lambda": -0.41772043401097037, "log10_min_child_weight": 4.680286295829065, "log10_subsample": -0.7871823919033653, "max_depth": 8.0, "num_boost_round": 15.0}, "datetime": {"datetime": "2024-01-19 00:13:56", "elapsed": 88.743321, "delta": 0.000524}}
{"target": -13.80693294074139, "params": {"gamma": 542.5859834039907, "log10_alpha": -0.37187333665790145, "log10_colsample_bytree": -0.27928428200806066, "log10_eta": -0.032593927452535976, "log10_lambda": -0.41772043401097037, "log10_min_child_weight": 4.680286295829065, "log10_subsample": -0.7871823919033653, "max_depth": 8.0, "num_boost_round": 16.0}, "datetime": {"datetime": "2024-01-19 00:13:56", "elapsed": 88.743841, "delta": 0.00052}}
{"target": -13.810983916460604, "params": {"gamma": 542.5859834039907, "log10_alpha": -0.37187333665790145, "log10_colsample_bytree": -0.27928428200806066, "log10_eta": -0.032593927452535976, "log10_lambda": -0.41772043401097037, "log10_min_child_weight": 4.680286295829065, "log10_subsample": -0.7871823919033653, "max_depth": 8.0, "num_boost_round": 17.0}, "datetime": {"datetime": "2024-01-19 00:13:56", "elapsed": 88.744366, "delta": 0.000525}}
{"target": -13.81170833056985, "params": {"gamma": 542.5859834039907, "log10_alpha": -0.37187333665790145, "log10_colsample_bytree": -0.27928428200806066, "log10_eta": -0.032593927452535976, "log10_lambda": -0.41772043401097037, "log10_min_child_weight": 4.680286295829065, "log10_subsample": -0.7871823919033653, "max_depth": 8.0, "num_boost_round": 18.0}, "datetime": {"datetime": "2024-01-19 00:13:56", "elapsed": 88.74489, "delta": 0.000524}}
{"target": -13.810363772188904, "params": {"gamma": 542.5859834039907, "log10_alpha": -0.37187333665790145, "log10_colsample_bytree": -0.27928428200806066, "log10_eta": -0.032593927452535976, "log10_lambda": -0.41772043401097037, "log10_min_child_weight": 4.680286295829065, "log10_subsample": -0.7871823919033653, "max_depth": 8.0, "num_boost_round": 19.0}, "datetime": {"datetime": "2024-01-19 00:13:56", "elapsed": 88.74542, "delta": 0.00053}}
{"target": -13.814731809207569, "params": {"gamma": 542.5859834039907, "log10_alpha": -0.37187333665790145, "log10_colsample_bytree": -0.27928428200806066, "log10_eta": -0.032593927452535976, "log10_lambda": -0.41772043401097037, "log10_min_child_weight": 4.680286295829065, "log10_subsample": -0.7871823919033653, "max_depth": 8.0, "num_boost_round": 20.0}, "datetime": {"datetime": "2024-01-19 00:13:56", "elapsed": 88.745951, "delta": 0.000531}}
{"target": -13.757433693902634, "params": {"gamma": 551.3595531284454, "log10_alpha": -4.533592560060539, "log10_colsample_bytree": -0.7779319052573438, "log10_eta": -1.8334317338202988, "log10_lambda": -4.896680364085229, "log10_min_child_weight": 0.6838799117504818, "log10_subsample": -0.3041885504643925, "max_depth": 8.0, "num_boost_round": 0.0}, "datetime": {"datetime": "2024-01-19 00:14:22", "elapsed": 114.921514, "delta": 26.175563}}
{"target": -13.756752325550554, "params": {"gamma": 551.3595531284454, "log10_alpha": -4.533592560060539, "log10_colsample_bytree": -0.7779319052573438, "log10_eta": -1.8334317338202988, "log10_lambda": -4.896680364085229, "log10_min_child_weight": 0.6838799117504818, "log10_subsample": -0.3041885504643925, "max_depth": 8.0, "num_boost_round": 1.0}, "datetime": {"datetime": "2024-01-19 00:14:22", "elapsed": 114.92258, "delta": 0.001066}}
{"target": -13.756327676882496, "params": {"gamma": 551.3595531284454, "log10_alpha": -4.533592560060539, "log10_colsample_bytree": -0.7779319052573438, "log10_eta": -1.8334317338202988, "log10_lambda": -4.896680364085229, "log10_min_child_weight": 0.6838799117504818, "log10_subsample": -0.3041885504643925, "max_depth": 8.0, "num_boost_round": 2.0}, "datetime": {"datetime": "2024-01-19 00:14:22", "elapsed": 114.923146, "delta": 0.000566}}
{"target": -13.75616675397551, "params": {"gamma": 551.3595531284454, "log10_alpha": -4.533592560060539, "log10_colsample_bytree": -0.7779319052573438, "log10_eta": -1.8334317338202988, "log10_lambda": -4.896680364085229, "log10_min_child_weight": 0.6838799117504818, "log10_subsample": -0.3041885504643925, "max_depth": 8.0, "num_boost_round": 3.0}, "datetime": {"datetime": "2024-01-19 00:14:22", "elapsed": 114.923788, "delta": 0.000642}}
{"target": -13.756060594645124, "params": {"gamma": 551.3595531284454, "log10_alpha": -4.533592560060539, "log10_colsample_bytree": -0.7779319052573438, "log10_eta": -1.8334317338202988, "log10_lambda": -4.896680364085229, "log10_min_child_weight": 0.6838799117504818, "log10_subsample": -0.3041885504643925, "max_depth": 8.0, "num_boost_round": 4.0}, "datetime": {"datetime": "2024-01-19 00:14:22", "elapsed": 114.924348, "delta": 0.00056}}
{"target": -13.756164250426705, "params": {"gamma": 551.3595531284454, "log10_alpha": -4.533592560060539, "log10_colsample_bytree": -0.7779319052573438, "log10_eta": -1.8334317338202988, "log10_lambda": -4.896680364085229, "log10_min_child_weight": 0.6838799117504818, "log10_subsample": -0.3041885504643925, "max_depth": 8.0, "num_boost_round": 5.0}, "datetime": {"datetime": "2024-01-19 00:14:22", "elapsed": 114.924994, "delta": 0.000646}}
{"target": -13.755995229185123, "params": {"gamma": 551.3595531284454, "log10_alpha": -4.533592560060539, "log10_colsample_bytree": -0.7779319052573438, "log10_eta": -1.8334317338202988, "log10_lambda": -4.896680364085229, "log10_min_child_weight": 0.6838799117504818, "log10_subsample": -0.3041885504643925, "max_depth": 8.0, "num_boost_round": 6.0}, "datetime": {"datetime": "2024-01-19 00:14:22", "elapsed": 114.925551, "delta": 0.000557}}
{"target": -13.75574408806206, "params": {"gamma": 551.3595531284454, "log10_alpha": -4.533592560060539, "log10_colsample_bytree": -0.7779319052573438, "log10_eta": -1.8334317338202988, "log10_lambda": -4.896680364085229, "log10_min_child_weight": 0.6838799117504818, "log10_subsample": -0.3041885504643925, "max_depth": 8.0, "num_boost_round": 7.0}, "datetime": {"datetime": "2024-01-19 00:14:22", "elapsed": 114.926096, "delta": 0.000545}}
{"target": -13.75581322650979, "params": {"gamma": 551.3595531284454, "log10_alpha": -4.533592560060539, "log10_colsample_bytree": -0.7779319052573438, "log10_eta": -1.8334317338202988, "log10_lambda": -4.896680364085229, "log10_min_child_weight": 0.6838799117504818, "log10_subsample": -0.3041885504643925, "max_depth": 8.0, "num_boost_round": 8.0}, "datetime": {"datetime": "2024-01-19 00:14:22", "elapsed": 114.92665, "delta": 0.000554}}
{"target": -13.756252669018172, "params": {"gamma": 551.3595531284454, "log10_alpha": -4.533592560060539, "log10_colsample_bytree": -0.7779319052573438, "log10_eta": -1.8334317338202988, "log10_lambda": -4.896680364085229, "log10_min_child_weight": 0.6838799117504818, "log10_subsample": -0.3041885504643925, "max_depth": 8.0, "num_boost_round": 9.0}, "datetime": {"datetime": "2024-01-19 00:14:22", "elapsed": 114.927195, "delta": 0.000545}}
{"target": -13.75580990967291, "params": {"gamma": 551.3595531284454, "log10_alpha": -4.533592560060539, "log10_colsample_bytree": -0.7779319052573438, "log10_eta": -1.8334317338202988, "log10_lambda": -4.896680364085229, "log10_min_child_weight": 0.6838799117504818, "log10_subsample": -0.3041885504643925, "max_depth": 8.0, "num_boost_round": 10.0}, "datetime": {"datetime": "2024-01-19 00:14:22", "elapsed": 114.927747, "delta": 0.000552}}
{"target": -13.75547009988899, "params": {"gamma": 551.3595531284454, "log10_alpha": -4.533592560060539, "log10_colsample_bytree": -0.7779319052573438, "log10_eta": -1.8334317338202988, "log10_lambda": -4.896680364085229, "log10_min_child_weight": 0.6838799117504818, "log10_subsample": -0.3041885504643925, "max_depth": 8.0, "num_boost_round": 11.0}, "datetime": {"datetime": "2024-01-19 00:14:22", "elapsed": 114.9283, "delta": 0.000553}}
{"target": -13.755796991931453, "params": {"gamma": 551.3595531284454, "log10_alpha": -4.533592560060539, "log10_colsample_bytree": -0.7779319052573438, "log10_eta": -1.8334317338202988, "log10_lambda": -4.896680364085229, "log10_min_child_weight": 0.6838799117504818, "log10_subsample": -0.3041885504643925, "max_depth": 8.0, "num_boost_round": 12.0}, "datetime": {"datetime": "2024-01-19 00:14:22", "elapsed": 114.928847, "delta": 0.000547}}
{"target": -13.755107668683138, "params": {"gamma": 551.3595531284454, "log10_alpha": -4.533592560060539, "log10_colsample_bytree": -0.7779319052573438, "log10_eta": -1.8334317338202988, "log10_lambda": -4.896680364085229, "log10_min_child_weight": 0.6838799117504818, "log10_subsample": -0.3041885504643925, "max_depth": 8.0, "num_boost_round": 13.0}, "datetime": {"datetime": "2024-01-19 00:14:22", "elapsed": 114.929443, "delta": 0.000596}}
{"target": -13.75518202161311, "params": {"gamma": 551.3595531284454, "log10_alpha": -4.533592560060539, "log10_colsample_bytree": -0.7779319052573438, "log10_eta": -1.8334317338202988, "log10_lambda": -4.896680364085229, "log10_min_child_weight": 0.6838799117504818, "log10_subsample": -0.3041885504643925, "max_depth": 8.0, "num_boost_round": 14.0}, "datetime": {"datetime": "2024-01-19 00:14:22", "elapsed": 114.930002, "delta": 0.000559}}
{"target": -13.754844896978623, "params": {"gamma": 551.3595531284454, "log10_alpha": -4.533592560060539, "log10_colsample_bytree": -0.7779319052573438, "log10_eta": -1.8334317338202988, "log10_lambda": -4.896680364085229, "log10_min_child_weight": 0.6838799117504818, "log10_subsample": -0.3041885504643925, "max_depth": 8.0, "num_boost_round": 15.0}, "datetime": {"datetime": "2024-01-19 00:14:22", "elapsed": 114.930565, "delta": 0.000563}}
{"target": -13.75485383293727, "params": {"gamma": 551.3595531284454, "log10_alpha": -4.533592560060539, "log10_colsample_bytree": -0.7779319052573438, "log10_eta": -1.8334317338202988, "log10_lambda": -4.896680364085229, "log10_min_child_weight": 0.6838799117504818, "log10_subsample": -0.3041885504643925, "max_depth": 8.0, "num_boost_round": 16.0}, "datetime": {"datetime": "2024-01-19 00:14:22", "elapsed": 114.93112, "delta": 0.000555}}
{"target": -13.754098728037857, "params": {"gamma": 551.3595531284454, "log10_alpha": -4.533592560060539, "log10_colsample_bytree": -0.7779319052573438, "log10_eta": -1.8334317338202988, "log10_lambda": -4.896680364085229, "log10_min_child_weight": 0.6838799117504818, "log10_subsample": -0.3041885504643925, "max_depth": 8.0, "num_boost_round": 17.0}, "datetime": {"datetime": "2024-01-19 00:14:22", "elapsed": 114.931689, "delta": 0.000569}}
{"target": -13.75385611712464, "params": {"gamma": 551.3595531284454, "log10_alpha": -4.533592560060539, "log10_colsample_bytree": -0.7779319052573438, "log10_eta": -1.8334317338202988, "log10_lambda": -4.896680364085229, "log10_min_child_weight": 0.6838799117504818, "log10_subsample": -0.3041885504643925, "max_depth": 8.0, "num_boost_round": 18.0}, "datetime": {"datetime": "2024-01-19 00:14:22", "elapsed": 114.932248, "delta": 0.000559}}
{"target": -13.753494462810302, "params": {"gamma": 551.3595531284454, "log10_alpha": -4.533592560060539, "log10_colsample_bytree": -0.7779319052573438, "log10_eta": -1.8334317338202988, "log10_lambda": -4.896680364085229, "log10_min_child_weight": 0.6838799117504818, "log10_subsample": -0.3041885504643925, "max_depth": 8.0, "num_boost_round": 19.0}, "datetime": {"datetime": "2024-01-19 00:14:22", "elapsed": 114.932962, "delta": 0.000714}}
{"target": -13.758538307726257, "params": {"gamma": 552.9280016608893, "log10_alpha": -3.249915046355606, "log10_colsample_bytree": -0.9826351787019753, "log10_eta": -3.215134613943726, "log10_lambda": -3.1766530043019525, "log10_min_child_weight": 4.194403931596538, "log10_subsample": -0.8018304492194838, "max_depth": 3.0, "num_boost_round": 0.0}, "datetime": {"datetime": "2024-01-19 00:14:45", "elapsed": 138.50721, "delta": 23.574248}}
{"target": -13.758538077072112, "params": {"gamma": 552.9280016608893, "log10_alpha": -3.249915046355606, "log10_colsample_bytree": -0.9826351787019753, "log10_eta": -3.215134613943726, "log10_lambda": -3.1766530043019525, "log10_min_child_weight": 4.194403931596538, "log10_subsample": -0.8018304492194838, "max_depth": 3.0, "num_boost_round": 1.0}, "datetime": {"datetime": "2024-01-19 00:14:45", "elapsed": 138.508343, "delta": 0.001133}}
{"target": -13.758538770835631, "params": {"gamma": 552.9280016608893, "log10_alpha": -3.249915046355606, "log10_colsample_bytree": -0.9826351787019753, "log10_eta": -3.215134613943726, "log10_lambda": -3.1766530043019525, "log10_min_child_weight": 4.194403931596538, "log10_subsample": -0.8018304492194838, "max_depth": 3.0, "num_boost_round": 2.0}, "datetime": {"datetime": "2024-01-19 00:14:45", "elapsed": 138.509062, "delta": 0.000719}}
{"target": -13.758538832815567, "params": {"gamma": 552.9280016608893, "log10_alpha": -3.249915046355606, "log10_colsample_bytree": -0.9826351787019753, "log10_eta": -3.215134613943726, "log10_lambda": -3.1766530043019525, "log10_min_child_weight": 4.194403931596538, "log10_subsample": -0.8018304492194838, "max_depth": 3.0, "num_boost_round": 3.0}, "datetime": {"datetime": "2024-01-19 00:14:45", "elapsed": 138.509645, "delta": 0.000583}}
{"target": -13.758540405898684, "params": {"gamma": 552.9280016608893, "log10_alpha": -3.249915046355606, "log10_colsample_bytree": -0.9826351787019753, "log10_eta": -3.215134613943726, "log10_lambda": -3.1766530043019525, "log10_min_child_weight": 4.194403931596538, "log10_subsample": -0.8018304492194838, "max_depth": 3.0, "num_boost_round": 4.0}, "datetime": {"datetime": "2024-01-19 00:14:45", "elapsed": 138.510211, "delta": 0.000566}}
{"target": -13.758538214973449, "params": {"gamma": 552.9280016608893, "log10_alpha": -3.249915046355606, "log10_colsample_bytree": -0.9826351787019753, "log10_eta": -3.215134613943726, "log10_lambda": -3.1766530043019525, "log10_min_child_weight": 4.194403931596538, "log10_subsample": -0.8018304492194838, "max_depth": 3.0, "num_boost_round": 5.0}, "datetime": {"datetime": "2024-01-19 00:14:45", "elapsed": 138.510792, "delta": 0.000581}}
{"target": -13.75853884713281, "params": {"gamma": 552.9280016608893, "log10_alpha": -3.249915046355606, "log10_colsample_bytree": -0.9826351787019753, "log10_eta": -3.215134613943726, "log10_lambda": -3.1766530043019525, "log10_min_child_weight": 4.194403931596538, "log10_subsample": -0.8018304492194838, "max_depth": 3.0, "num_boost_round": 6.0}, "datetime": {"datetime": "2024-01-19 00:14:45", "elapsed": 138.511363, "delta": 0.000571}}
{"target": -13.758538867851238, "params": {"gamma": 552.9280016608893, "log10_alpha": -3.249915046355606, "log10_colsample_bytree": -0.9826351787019753, "log10_eta": -3.215134613943726, "log10_lambda": -3.1766530043019525, "log10_min_child_weight": 4.194403931596538, "log10_subsample": -0.8018304492194838, "max_depth": 3.0, "num_boost_round": 7.0}, "datetime": {"datetime": "2024-01-19 00:14:45", "elapsed": 138.51193, "delta": 0.000567}}
{"target": -13.758539262501749, "params": {"gamma": 552.9280016608893, "log10_alpha": -3.249915046355606, "log10_colsample_bytree": -0.9826351787019753, "log10_eta": -3.215134613943726, "log10_lambda": -3.1766530043019525, "log10_min_child_weight": 4.194403931596538, "log10_subsample": -0.8018304492194838, "max_depth": 3.0, "num_boost_round": 8.0}, "datetime": {"datetime": "2024-01-19 00:14:45", "elapsed": 138.512778, "delta": 0.000848}}
{"target": -13.758541678874469, "params": {"gamma": 552.9280016608893, "log10_alpha": -3.249915046355606, "log10_colsample_bytree": -0.9826351787019753, "log10_eta": -3.215134613943726, "log10_lambda": -3.1766530043019525, "log10_min_child_weight": 4.194403931596538, "log10_subsample": -0.8018304492194838, "max_depth": 3.0, "num_boost_round": 9.0}, "datetime": {"datetime": "2024-01-19 00:14:45", "elapsed": 138.513362, "delta": 0.000584}}
