{"target": -17.67714930055771, "params": {"gamma": 873.3012144637836, "log10_alpha": 0.7129342718594724, "log10_colsample_bytree": -0.2813959033994482, "log10_eta": -3.778276320901772, "log10_lambda": -4.890709388440769, "log10_min_child_weight": 0.6420406906452342, "log10_subsample": -0.7452570242127559, "max_depth": 2.0, "num_boost_round": 17.0}, "datetime": {"datetime": "2024-01-19 01:47:38", "elapsed": 5738.704565, "delta": 0.005522}}
{"target": -17.67714616668848, "params": {"gamma": 873.3012144637836, "log10_alpha": 0.7129342718594724, "log10_colsample_bytree": -0.2813959033994482, "log10_eta": -3.778276320901772, "log10_lambda": -4.890709388440769, "log10_min_child_weight": 0.6420406906452342, "log10_subsample": -0.7452570242127559, "max_depth": 2.0, "num_boost_round": 18.0}, "datetime": {"datetime": "2024-01-19 01:47:38", "elapsed": 5738.710091, "delta": 0.005526}}
{"target": -17.677142329090753, "params": {"gamma": 873.3012144637836, "log10_alpha": 0.7129342718594724, "log10_colsample_bytree": -0.2813959033994482, "log10_eta": -3.778276320901772, "log10_lambda": -4.890709388440769, "log10_min_child_weight": 0.6420406906452342, "log10_subsample": -0.7452570242127559, "max_depth": 2.0, "num_boost_round": 19.0}, "datetime": {"datetime": "2024-01-19 01:47:38", "elapsed": 5738.715718, "delta": 0.005627}}
{"target": -17.67713719665612, "params": {"gamma": 873.3012144637836, "log10_alpha": 0.7129342718594724, "log10_colsample_bytree": -0.2813959033994482, "log10_eta": -3.778276320901772, "log10_lambda": -4.890709388440769, "log10_min_child_weight": 0.6420406906452342, "log10_subsample": -0.7452570242127559, "max_depth": 2.0, "num_boost_round": 20.0}, "datetime": {"datetime": "2024-01-19 01:47:38", "elapsed": 5738.721679, "delta": 0.005961}}
{"target": -17.677134266117346, "params": {"gamma": 873.3012144637836, "log10_alpha": 0.7129342718594724, "log10_colsample_bytree": -0.2813959033994482, "log10_eta": -3.778276320901772, "log10_lambda": -4.890709388440769, "log10_min_child_weight": 0.6420406906452342, "log10_subsample": -0.7452570242127559, "max_depth": 2.0, "num_boost_round": 21.0}, "datetime": {"datetime": "2024-01-19 01:47:38", "elapsed": 5738.728046, "delta": 0.006367}}
{"target": -17.677128582095005, "params": {"gamma": 873.3012144637836, "log10_alpha": 0.7129342718594724, "log10_colsample_bytree": -0.2813959033994482, "log10_eta": -3.778276320901772, "log10_lambda": -4.890709388440769, "log10_min_child_weight": 0.6420406906452342, "log10_subsample": -0.7452570242127559, "max_depth": 2.0, "num_boost_round": 22.0}, "datetime": {"datetime": "2024-01-19 01:47:38", "elapsed": 5738.734102, "delta": 0.006056}}
{"target": -17.677124736811596, "params": {"gamma": 873.3012144637836, "log10_alpha": 0.7129342718594724, "log10_colsample_bytree": -0.2813959033994482, "log10_eta": -3.778276320901772, "log10_lambda": -4.890709388440769, "log10_min_child_weight": 0.6420406906452342, "log10_subsample": -0.7452570242127559, "max_depth": 2.0, "num_boost_round": 23.0}, "datetime": {"datetime": "2024-01-19 01:47:38", "elapsed": 5738.739583, "delta": 0.005481}}
{"target": -17.677122033441005, "params": {"gamma": 873.3012144637836, "log10_alpha": 0.7129342718594724, "log10_colsample_bytree": -0.2813959033994482, "log10_eta": -3.778276320901772, "log10_lambda": -4.890709388440769, "log10_min_child_weight": 0.6420406906452342, "log10_subsample": -0.7452570242127559, "max_depth": 2.0, "num_boost_round": 24.0}, "datetime": {"datetime": "2024-01-19 01:47:38", "elapsed": 5738.745124, "delta": 0.005541}}
{"target": -17.677119899847895, "params": {"gamma": 873.3012144637836, "log10_alpha": 0.7129342718594724, "log10_colsample_bytree": -0.2813959033994482, "log10_eta": -3.778276320901772, "log10_lambda": -4.890709388440769, "log10_min_child_weight": 0.6420406906452342, "log10_subsample": -0.7452570242127559, "max_depth": 2.0, "num_boost_round": 25.0}, "datetime": {"datetime": "2024-01-19 01:47:38", "elapsed": 5738.750482, "delta": 0.005358}}
{"target": -17.677116710424134, "params": {"gamma": 873.3012144637836, "log10_alpha": 0.7129342718594724, "log10_colsample_bytree": -0.2813959033994482, "log10_eta": -3.778276320901772, "log10_lambda": -4.890709388440769, "log10_min_child_weight": 0.6420406906452342, "log10_subsample": -0.7452570242127559, "max_depth": 2.0, "num_boost_round": 26.0}, "datetime": {"datetime": "2024-01-19 01:47:38", "elapsed": 5738.755638, "delta": 0.005156}}
{"target": -17.67711262664489, "params": {"gamma": 873.3012144637836, "log10_alpha": 0.7129342718594724, "log10_colsample_bytree": -0.2813959033994482, "log10_eta": -3.778276320901772, "log10_lambda": -4.890709388440769, "log10_min_child_weight": 0.6420406906452342, "log10_subsample": -0.7452570242127559, "max_depth": 2.0, "num_boost_round": 27.0}, "datetime": {"datetime": "2024-01-19 01:47:38", "elapsed": 5738.761197, "delta": 0.005559}}
{"target": -17.67710730544905, "params": {"gamma": 873.3012144637836, "log10_alpha": 0.7129342718594724, "log10_colsample_bytree": -0.2813959033994482, "log10_eta": -3.778276320901772, "log10_lambda": -4.890709388440769, "log10_min_child_weight": 0.6420406906452342, "log10_subsample": -0.7452570242127559, "max_depth": 2.0, "num_boost_round": 28.0}, "datetime": {"datetime": "2024-01-19 01:47:38", "elapsed": 5738.766928, "delta": 0.005731}}
{"target": -17.677103366808563, "params": {"gamma": 873.3012144637836, "log10_alpha": 0.7129342718594724, "log10_colsample_bytree": -0.2813959033994482, "log10_eta": -3.778276320901772, "log10_lambda": -4.890709388440769, "log10_min_child_weight": 0.6420406906452342, "log10_subsample": -0.7452570242127559, "max_depth": 2.0, "num_boost_round": 29.0}, "datetime": {"datetime": "2024-01-19 01:47:38", "elapsed": 5738.772488, "delta": 0.00556}}
{"target": -17.677098600458187, "params": {"gamma": 873.3012144637836, "log10_alpha": 0.7129342718594724, "log10_colsample_bytree": -0.2813959033994482, "log10_eta": -3.778276320901772, "log10_lambda": -4.890709388440769, "log10_min_child_weight": 0.6420406906452342, "log10_subsample": -0.7452570242127559, "max_depth": 2.0, "num_boost_round": 30.0}, "datetime": {"datetime": "2024-01-19 01:47:38", "elapsed": 5738.778045, "delta": 0.005557}}
{"target": -17.67709429967206, "params": {"gamma": 873.3012144637836, "log10_alpha": 0.7129342718594724, "log10_colsample_bytree": -0.2813959033994482, "log10_eta": -3.778276320901772, "log10_lambda": -4.890709388440769, "log10_min_child_weight": 0.6420406906452342, "log10_subsample": -0.7452570242127559, "max_depth": 2.0, "num_boost_round": 31.0}, "datetime": {"datetime": "2024-01-19 01:47:38", "elapsed": 5738.783569, "delta": 0.005524}}
{"target": -17.6770764872239, "params": {"gamma": 838.4327994565434, "log10_alpha": -4.224695794267428, "log10_colsample_bytree": -0.6463095968154323, "log10_eta": -2.5771129465004408, "log10_lambda": -4.4529628691492045, "log10_min_child_weight": 2.6555122417884025, "log10_subsample": -0.7849354520460846, "max_depth": 5.0, "num_boost_round": 0.0}, "datetime": {"datetime": "2024-01-19 01:48:33", "elapsed": 5794.299708, "delta": 55.516139}}
{"target": -17.676903108998047, "params": {"gamma": 838.4327994565434, "log10_alpha": -4.224695794267428, "log10_colsample_bytree": -0.6463095968154323, "log10_eta": -2.5771129465004408, "log10_lambda": -4.4529628691492045, "log10_min_child_weight": 2.6555122417884025, "log10_subsample": -0.7849354520460846, "max_depth": 5.0, "num_boost_round": 1.0}, "datetime": {"datetime": "2024-01-19 01:48:33", "elapsed": 5794.306939, "delta": 0.007231}}
{"target": -17.676825620099144, "params": {"gamma": 838.4327994565434, "log10_alpha": -4.224695794267428, "log10_colsample_bytree": -0.6463095968154323, "log10_eta": -2.5771129465004408, "log10_lambda": -4.4529628691492045, "log10_min_child_weight": 2.6555122417884025, "log10_subsample": -0.7849354520460846, "max_depth": 5.0, "num_boost_round": 2.0}, "datetime": {"datetime": "2024-01-19 01:48:33", "elapsed": 5794.31264, "delta": 0.005701}}
{"target": -17.676801208139633, "params": {"gamma": 838.4327994565434, "log10_alpha": -4.224695794267428, "log10_colsample_bytree": -0.6463095968154323, "log10_eta": -2.5771129465004408, "log10_lambda": -4.4529628691492045, "log10_min_child_weight": 2.6555122417884025, "log10_subsample": -0.7849354520460846, "max_depth": 5.0, "num_boost_round": 3.0}, "datetime": {"datetime": "2024-01-19 01:48:33", "elapsed": 5794.318253, "delta": 0.005613}}
{"target": -17.676628208485972, "params": {"gamma": 838.4327994565434, "log10_alpha": -4.224695794267428, "log10_colsample_bytree": -0.6463095968154323, "log10_eta": -2.5771129465004408, "log10_lambda": -4.4529628691492045, "log10_min_child_weight": 2.6555122417884025, "log10_subsample": -0.7849354520460846, "max_depth": 5.0, "num_boost_round": 4.0}, "datetime": {"datetime": "2024-01-19 01:48:33", "elapsed": 5794.324109, "delta": 0.005856}}
{"target": -17.67654306981795, "params": {"gamma": 838.4327994565434, "log10_alpha": -4.224695794267428, "log10_colsample_bytree": -0.6463095968154323, "log10_eta": -2.5771129465004408, "log10_lambda": -4.4529628691492045, "log10_min_child_weight": 2.6555122417884025, "log10_subsample": -0.7849354520460846, "max_depth": 5.0, "num_boost_round": 5.0}, "datetime": {"datetime": "2024-01-19 01:48:33", "elapsed": 5794.329768, "delta": 0.005659}}
{"target": -17.676479857709683, "params": {"gamma": 838.4327994565434, "log10_alpha": -4.224695794267428, "log10_colsample_bytree": -0.6463095968154323, "log10_eta": -2.5771129465004408, "log10_lambda": -4.4529628691492045, "log10_min_child_weight": 2.6555122417884025, "log10_subsample": -0.7849354520460846, "max_depth": 5.0, "num_boost_round": 6.0}, "datetime": {"datetime": "2024-01-19 01:48:33", "elapsed": 5794.335547, "delta": 0.005779}}
{"target": -17.676348341124957, "params": {"gamma": 838.4327994565434, "log10_alpha": -4.224695794267428, "log10_colsample_bytree": -0.6463095968154323, "log10_eta": -2.5771129465004408, "log10_lambda": -4.4529628691492045, "log10_min_child_weight": 2.6555122417884025, "log10_subsample": -0.7849354520460846, "max_depth": 5.0, "num_boost_round": 7.0}, "datetime": {"datetime": "2024-01-19 01:48:33", "elapsed": 5794.341508, "delta": 0.005961}}
{"target": -17.6762575948089, "params": {"gamma": 838.4327994565434, "log10_alpha": -4.224695794267428, "log10_colsample_bytree": -0.6463095968154323, "log10_eta": -2.5771129465004408, "log10_lambda": -4.4529628691492045, "log10_min_child_weight": 2.6555122417884025, "log10_subsample": -0.7849354520460846, "max_depth": 5.0, "num_boost_round": 8.0}, "datetime": {"datetime": "2024-01-19 01:48:33", "elapsed": 5794.346952, "delta": 0.005444}}
{"target": -17.67610275742754, "params": {"gamma": 838.4327994565434, "log10_alpha": -4.224695794267428, "log10_colsample_bytree": -0.6463095968154323, "log10_eta": -2.5771129465004408, "log10_lambda": -4.4529628691492045, "log10_min_child_weight": 2.6555122417884025, "log10_subsample": -0.7849354520460846, "max_depth": 5.0, "num_boost_round": 9.0}, "datetime": {"datetime": "2024-01-19 01:48:33", "elapsed": 5794.352577, "delta": 0.005625}}
{"target": -17.675994395169393, "params": {"gamma": 838.4327994565434, "log10_alpha": -4.224695794267428, "log10_colsample_bytree": -0.6463095968154323, "log10_eta": -2.5771129465004408, "log10_lambda": -4.4529628691492045, "log10_min_child_weight": 2.6555122417884025, "log10_subsample": -0.7849354520460846, "max_depth": 5.0, "num_boost_round": 10.0}, "datetime": {"datetime": "2024-01-19 01:48:33", "elapsed": 5794.358273, "delta": 0.005696}}
{"target": -17.676511278495248, "params": {"gamma": 834.8724484882765, "log10_alpha": -3.0506813650029287, "log10_colsample_bytree": -0.525061156513168, "log10_eta": -1.9054133107376, "log10_lambda": -3.478622761497382, "log10_min_child_weight": 2.894568791569467, "log10_subsample": -0.3148424090775994, "max_depth": 6.0, "num_boost_round": 0.0}, "datetime": {"datetime": "2024-01-19 01:49:49", "elapsed": 5870.014888, "delta": 75.656615}}
{"target": -17.675452623470726, "params": {"gamma": 834.8724484882765, "log10_alpha": -3.0506813650029287, "log10_colsample_bytree": -0.525061156513168, "log10_eta": -1.9054133107376, "log10_lambda": -3.478622761497382, "log10_min_child_weight": 2.894568791569467, "log10_subsample": -0.3148424090775994, "max_depth": 6.0, "num_boost_round": 1.0}, "datetime": {"datetime": "2024-01-19 01:49:49", "elapsed": 5870.021317, "delta": 0.006429}}
{"target": -17.67512253648234, "params": {"gamma": 834.8724484882765, "log10_alpha": -3.0506813650029287, "log10_colsample_bytree": -0.525061156513168, "log10_eta": -1.9054133107376, "log10_lambda": -3.478622761497382, "log10_min_child_weight": 2.894568791569467, "log10_subsample": -0.3148424090775994, "max_depth": 6.0, "num_boost_round": 2.0}, "datetime": {"datetime": "2024-01-19 01:49:49", "elapsed": 5870.026911, "delta": 0.005594}}
{"target": -17.674653149791325, "params": {"gamma": 834.8724484882765, "log10_alpha": -3.0506813650029287, "log10_colsample_bytree": -0.525061156513168, "log10_eta": -1.9054133107376, "log10_lambda": -3.478622761497382, "log10_min_child_weight": 2.894568791569467, "log10_subsample": -0.3148424090775994, "max_depth": 6.0, "num_boost_round": 3.0}, "datetime": {"datetime": "2024-01-19 01:49:49", "elapsed": 5870.032446, "delta": 0.005535}}
{"target": -17.67448771578783, "params": {"gamma": 834.8724484882765, "log10_alpha": -3.0506813650029287, "log10_colsample_bytree": -0.525061156513168, "log10_eta": -1.9054133107376, "log10_lambda": -3.478622761497382, "log10_min_child_weight": 2.894568791569467, "log10_subsample": -0.3148424090775994, "max_depth": 6.0, "num_boost_round": 4.0}, "datetime": {"datetime": "2024-01-19 01:49:49", "elapsed": 5870.038028, "delta": 0.005582}}
{"target": -17.674259001846064, "params": {"gamma": 834.8724484882765, "log10_alpha": -3.0506813650029287, "log10_colsample_bytree": -0.525061156513168, "log10_eta": -1.9054133107376, "log10_lambda": -3.478622761497382, "log10_min_child_weight": 2.894568791569467, "log10_subsample": -0.3148424090775994, "max_depth": 6.0, "num_boost_round": 5.0}, "datetime": {"datetime": "2024-01-19 01:49:49", "elapsed": 5870.043806, "delta": 0.005778}}
{"target": -17.674438508251082, "params": {"gamma": 834.8724484882765, "log10_alpha": -3.0506813650029287, "log10_colsample_bytree": -0.525061156513168, "log10_eta": -1.9054133107376, "log10_lambda": -3.478622761497382, "log10_min_child_weight": 2.894568791569467, "log10_subsample": -0.3148424090775994, "max_depth": 6.0, "num_boost_round": 6.0}, "datetime": {"datetime": "2024-01-19 01:49:49", "elapsed": 5870.049289, "delta": 0.005483}}
{"target": -17.67405360337065, "params": {"gamma": 834.8724484882765, "log10_alpha": -3.0506813650029287, "log10_colsample_bytree": -0.525061156513168, "log10_eta": -1.9054133107376, "log10_lambda": -3.478622761497382, "log10_min_child_weight": 2.894568791569467, "log10_subsample": -0.3148424090775994, "max_depth": 6.0, "num_boost_round": 7.0}, "datetime": {"datetime": "2024-01-19 01:49:49", "elapsed": 5870.054861, "delta": 0.005572}}
{"target": -17.673809583391563, "params": {"gamma": 834.8724484882765, "log10_alpha": -3.0506813650029287, "log10_colsample_bytree": -0.525061156513168, "log10_eta": -1.9054133107376, "log10_lambda": -3.478622761497382, "log10_min_child_weight": 2.894568791569467, "log10_subsample": -0.3148424090775994, "max_depth": 6.0, "num_boost_round": 8.0}, "datetime": {"datetime": "2024-01-19 01:49:49", "elapsed": 5870.060454, "delta": 0.005593}}
{"target": -17.673557882559752, "params": {"gamma": 834.8724484882765, "log10_alpha": -3.0506813650029287, "log10_colsample_bytree": -0.525061156513168, "log10_eta": -1.9054133107376, "log10_lambda": -3.478622761497382, "log10_min_child_weight": 2.894568791569467, "log10_subsample": -0.3148424090775994, "max_depth": 6.0, "num_boost_round": 9.0}, "datetime": {"datetime": "2024-01-19 01:49:49", "elapsed": 5870.065841, "delta": 0.005387}}
{"target": -17.672664179883395, "params": {"gamma": 834.8724484882765, "log10_alpha": -3.0506813650029287, "log10_colsample_bytree": -0.525061156513168, "log10_eta": -1.9054133107376, "log10_lambda": -3.478622761497382, "log10_min_child_weight": 2.894568791569467, "log10_subsample": -0.3148424090775994, "max_depth": 6.0, "num_boost_round": 10.0}, "datetime": {"datetime": "2024-01-19 01:49:49", "elapsed": 5870.071593, "delta": 0.005752}}
{"target": -17.672331603677506, "params": {"gamma": 834.8724484882765, "log10_alpha": -3.0506813650029287, "log10_colsample_bytree": -0.525061156513168, "log10_eta": -1.9054133107376, "log10_lambda": -3.478622761497382, "log10_min_child_weight": 2.894568791569467, "log10_subsample": -0.3148424090775994, "max_depth": 6.0, "num_boost_round": 11.0}, "datetime": {"datetime": "2024-01-19 01:49:49", "elapsed": 5870.077559, "delta": 0.005966}}
{"target": -17.6772246795467, "params": {"gamma": 869.0931924396722, "log10_alpha": 0.8339535073383493, "log10_colsample_bytree": -0.05220449557862139, "log10_eta": -3.658843443405162, "log10_lambda": -2.414142453145662, "log10_min_child_weight": 2.3807805578838996, "log10_subsample": -0.10385784761874217, "max_depth": 4.0, "num_boost_round": 0.0}, "datetime": {"datetime": "2024-01-19 01:50:44", "elapsed": 5925.641696, "delta": 55.564137}}
{"target": -17.67722141876457, "params": {"gamma": 869.0931924396722, "log10_alpha": 0.8339535073383493, "log10_colsample_bytree": -0.05220449557862139, "log10_eta": -3.658843443405162, "log10_lambda": -2.414142453145662, "log10_min_child_weight": 2.3807805578838996, "log10_subsample": -0.10385784761874217, "max_depth": 4.0, "num_boost_round": 1.0}, "datetime": {"datetime": "2024-01-19 01:50:45", "elapsed": 5925.648305, "delta": 0.006609}}
{"target": -17.677214145733267, "params": {"gamma": 869.0931924396722, "log10_alpha": 0.8339535073383493, "log10_colsample_bytree": -0.05220449557862139, "log10_eta": -3.658843443405162, "log10_lambda": -2.414142453145662, "log10_min_child_weight": 2.3807805578838996, "log10_subsample": -0.10385784761874217, "max_depth": 4.0, "num_boost_round": 2.0}, "datetime": {"datetime": "2024-01-19 01:50:45", "elapsed": 5925.654195, "delta": 0.00589}}
{"target": -17.677205827425613, "params": {"gamma": 869.0931924396722, "log10_alpha": 0.8339535073383493, "log10_colsample_bytree": -0.05220449557862139, "log10_eta": -3.658843443405162, "log10_lambda": -2.414142453145662, "log10_min_child_weight": 2.3807805578838996, "log10_subsample": -0.10385784761874217, "max_depth": 4.0, "num_boost_round": 3.0}, "datetime": {"datetime": "2024-01-19 01:50:45", "elapsed": 5925.659801, "delta": 0.005606}}
{"target": -17.6771907144566, "params": {"gamma": 869.0931924396722, "log10_alpha": 0.8339535073383493, "log10_colsample_bytree": -0.05220449557862139, "log10_eta": -3.658843443405162, "log10_lambda": -2.414142453145662, "log10_min_child_weight": 2.3807805578838996, "log10_subsample": -0.10385784761874217, "max_depth": 4.0, "num_boost_round": 4.0}, "datetime": {"datetime": "2024-01-19 01:50:45", "elapsed": 5925.665383, "delta": 0.005582}}
{"target": -17.677188014537585, "params": {"gamma": 869.0931924396722, "log10_alpha": 0.8339535073383493, "log10_colsample_bytree": -0.05220449557862139, "log10_eta": -3.658843443405162, "log10_lambda": -2.414142453145662, "log10_min_child_weight": 2.3807805578838996, "log10_subsample": -0.10385784761874217, "max_depth": 4.0, "num_boost_round": 5.0}, "datetime": {"datetime": "2024-01-19 01:50:45", "elapsed": 5925.670863, "delta": 0.00548}}
{"target": -17.67717525366737, "params": {"gamma": 869.0931924396722, "log10_alpha": 0.8339535073383493, "log10_colsample_bytree": -0.05220449557862139, "log10_eta": -3.658843443405162, "log10_lambda": -2.414142453145662, "log10_min_child_weight": 2.3807805578838996, "log10_subsample": -0.10385784761874217, "max_depth": 4.0, "num_boost_round": 6.0}, "datetime": {"datetime": "2024-01-19 01:50:45", "elapsed": 5925.676794, "delta": 0.005931}}
{"target": -17.677167150892103, "params": {"gamma": 869.0931924396722, "log10_alpha": 0.8339535073383493, "log10_colsample_bytree": -0.05220449557862139, "log10_eta": -3.658843443405162, "log10_lambda": -2.414142453145662, "log10_min_child_weight": 2.3807805578838996, "log10_subsample": -0.10385784761874217, "max_depth": 4.0, "num_boost_round": 7.0}, "datetime": {"datetime": "2024-01-19 01:50:45", "elapsed": 5925.682908, "delta": 0.006114}}
{"target": -17.677160445813414, "params": {"gamma": 869.0931924396722, "log10_alpha": 0.8339535073383493, "log10_colsample_bytree": -0.05220449557862139, "log10_eta": -3.658843443405162, "log10_lambda": -2.414142453145662, "log10_min_child_weight": 2.3807805578838996, "log10_subsample": -0.10385784761874217, "max_depth": 4.0, "num_boost_round": 8.0}, "datetime": {"datetime": "2024-01-19 01:50:45", "elapsed": 5925.688567, "delta": 0.005659}}
{"target": -17.677154223897258, "params": {"gamma": 869.0931924396722, "log10_alpha": 0.8339535073383493, "log10_colsample_bytree": -0.05220449557862139, "log10_eta": -3.658843443405162, "log10_lambda": -2.414142453145662, "log10_min_child_weight": 2.3807805578838996, "log10_subsample": -0.10385784761874217, "max_depth": 4.0, "num_boost_round": 9.0}, "datetime": {"datetime": "2024-01-19 01:50:45", "elapsed": 5925.693992, "delta": 0.005425}}
{"target": -17.677151392298804, "params": {"gamma": 869.0931924396722, "log10_alpha": 0.8339535073383493, "log10_colsample_bytree": -0.05220449557862139, "log10_eta": -3.658843443405162, "log10_lambda": -2.414142453145662, "log10_min_child_weight": 2.3807805578838996, "log10_subsample": -0.10385784761874217, "max_depth": 4.0, "num_boost_round": 10.0}, "datetime": {"datetime": "2024-01-19 01:50:45", "elapsed": 5925.699519, "delta": 0.005527}}
