{"target": -17.677182976790114, "params": {"gamma": 740.4470696741038, "log10_alpha": -1.5122078316491772, "log10_colsample_bytree": 0.0, "log10_eta": -4.0, "log10_lambda": 1.0, "log10_min_child_weight": 5.0, "log10_subsample": 0.0, "max_depth": 10.0, "num_boost_round": 34.0}, "datetime": {"datetime": "2024-01-19 01:39:04", "elapsed": 5251.784667, "delta": 0.005724}}
{"target": -17.677181572198318, "params": {"gamma": 740.4470696741038, "log10_alpha": -1.5122078316491772, "log10_colsample_bytree": 0.0, "log10_eta": -4.0, "log10_lambda": 1.0, "log10_min_child_weight": 5.0, "log10_subsample": 0.0, "max_depth": 10.0, "num_boost_round": 35.0}, "datetime": {"datetime": "2024-01-19 01:39:04", "elapsed": 5251.790637, "delta": 0.00597}}
{"target": -17.67718017099516, "params": {"gamma": 740.4470696741038, "log10_alpha": -1.5122078316491772, "log10_colsample_bytree": 0.0, "log10_eta": -4.0, "log10_lambda": 1.0, "log10_min_child_weight": 5.0, "log10_subsample": 0.0, "max_depth": 10.0, "num_boost_round": 36.0}, "datetime": {"datetime": "2024-01-19 01:39:04", "elapsed": 5251.796579, "delta": 0.005942}}
{"target": -17.677229242810235, "params": {"gamma": 711.3122684977711, "log10_alpha": -4.51211201143088, "log10_colsample_bytree": -0.13281432094738, "log10_eta": -3.708418559397659, "log10_lambda": -4.552532478430563, "log10_min_child_weight": 1.2249579869327158, "log10_subsample": -0.23040315280666201, "max_depth": 4.0, "num_boost_round": 0.0}, "datetime": {"datetime": "2024-01-19 01:40:37", "elapsed": 5344.938365, "delta": 93.141786}}
{"target": -17.677218987009958, "params": {"gamma": 711.3122684977711, "log10_alpha": -4.51211201143088, "log10_colsample_bytree": -0.13281432094738, "log10_eta": -3.708418559397659, "log10_lambda": -4.552532478430563, "log10_min_child_weight": 1.2249579869327158, "log10_subsample": -0.23040315280666201, "max_depth": 4.0, "num_boost_round": 1.0}, "datetime": {"datetime": "2024-01-19 01:40:37", "elapsed": 5344.944285, "delta": 0.00592}}
{"target": -17.677206308335204, "params": {"gamma": 711.3122684977711, "log10_alpha": -4.51211201143088, "log10_colsample_bytree": -0.13281432094738, "log10_eta": -3.708418559397659, "log10_lambda": -4.552532478430563, "log10_min_child_weight": 1.2249579869327158, "log10_subsample": -0.23040315280666201, "max_depth": 4.0, "num_boost_round": 2.0}, "datetime": {"datetime": "2024-01-19 01:40:37", "elapsed": 5344.950092, "delta": 0.005807}}
{"target": -17.677203262468293, "params": {"gamma": 711.3122684977711, "log10_alpha": -4.51211201143088, "log10_colsample_bytree": -0.13281432094738, "log10_eta": -3.708418559397659, "log10_lambda": -4.552532478430563, "log10_min_child_weight": 1.2249579869327158, "log10_subsample": -0.23040315280666201, "max_depth": 4.0, "num_boost_round": 3.0}, "datetime": {"datetime": "2024-01-19 01:40:37", "elapsed": 5344.955882, "delta": 0.00579}}
{"target": -17.677191050102536, "params": {"gamma": 711.3122684977711, "log10_alpha": -4.51211201143088, "log10_colsample_bytree": -0.13281432094738, "log10_eta": -3.708418559397659, "log10_lambda": -4.552532478430563, "log10_min_child_weight": 1.2249579869327158, "log10_subsample": -0.23040315280666201, "max_depth": 4.0, "num_boost_round": 4.0}, "datetime": {"datetime": "2024-01-19 01:40:37", "elapsed": 5344.961665, "delta": 0.005783}}
{"target": -17.677190707633738, "params": {"gamma": 711.3122684977711, "log10_alpha": -4.51211201143088, "log10_colsample_bytree": -0.13281432094738, "log10_eta": -3.708418559397659, "log10_lambda": -4.552532478430563, "log10_min_child_weight": 1.2249579869327158, "log10_subsample": -0.23040315280666201, "max_depth": 4.0, "num_boost_round": 5.0}, "datetime": {"datetime": "2024-01-19 01:40:37", "elapsed": 5344.967494, "delta": 0.005829}}
{"target": -17.6771869663483, "params": {"gamma": 711.3122684977711, "log10_alpha": -4.51211201143088, "log10_colsample_bytree": -0.13281432094738, "log10_eta": -3.708418559397659, "log10_lambda": -4.552532478430563, "log10_min_child_weight": 1.2249579869327158, "log10_subsample": -0.23040315280666201, "max_depth": 4.0, "num_boost_round": 6.0}, "datetime": {"datetime": "2024-01-19 01:40:37", "elapsed": 5344.973368, "delta": 0.005874}}
{"target": -17.677175674255484, "params": {"gamma": 711.3122684977711, "log10_alpha": -4.51211201143088, "log10_colsample_bytree": -0.13281432094738, "log10_eta": -3.708418559397659, "log10_lambda": -4.552532478430563, "log10_min_child_weight": 1.2249579869327158, "log10_subsample": -0.23040315280666201, "max_depth": 4.0, "num_boost_round": 7.0}, "datetime": {"datetime": "2024-01-19 01:40:37", "elapsed": 5344.97984, "delta": 0.006472}}
{"target": -17.677168435642784, "params": {"gamma": 711.3122684977711, "log10_alpha": -4.51211201143088, "log10_colsample_bytree": -0.13281432094738, "log10_eta": -3.708418559397659, "log10_lambda": -4.552532478430563, "log10_min_child_weight": 1.2249579869327158, "log10_subsample": -0.23040315280666201, "max_depth": 4.0, "num_boost_round": 8.0}, "datetime": {"datetime": "2024-01-19 01:40:37", "elapsed": 5344.986779, "delta": 0.006939}}
{"target": -17.677165267413027, "params": {"gamma": 711.3122684977711, "log10_alpha": -4.51211201143088, "log10_colsample_bytree": -0.13281432094738, "log10_eta": -3.708418559397659, "log10_lambda": -4.552532478430563, "log10_min_child_weight": 1.2249579869327158, "log10_subsample": -0.23040315280666201, "max_depth": 4.0, "num_boost_round": 9.0}, "datetime": {"datetime": "2024-01-19 01:40:37", "elapsed": 5344.992782, "delta": 0.006003}}
{"target": -17.677160172767937, "params": {"gamma": 711.3122684977711, "log10_alpha": -4.51211201143088, "log10_colsample_bytree": -0.13281432094738, "log10_eta": -3.708418559397659, "log10_lambda": -4.552532478430563, "log10_min_child_weight": 1.2249579869327158, "log10_subsample": -0.23040315280666201, "max_depth": 4.0, "num_boost_round": 10.0}, "datetime": {"datetime": "2024-01-19 01:40:37", "elapsed": 5344.998657, "delta": 0.005875}}
{"target": -17.67715321940092, "params": {"gamma": 711.3122684977711, "log10_alpha": -4.51211201143088, "log10_colsample_bytree": -0.13281432094738, "log10_eta": -3.708418559397659, "log10_lambda": -4.552532478430563, "log10_min_child_weight": 1.2249579869327158, "log10_subsample": -0.23040315280666201, "max_depth": 4.0, "num_boost_round": 11.0}, "datetime": {"datetime": "2024-01-19 01:40:37", "elapsed": 5345.004396, "delta": 0.005739}}
{"target": -17.677145895755395, "params": {"gamma": 711.3122684977711, "log10_alpha": -4.51211201143088, "log10_colsample_bytree": -0.13281432094738, "log10_eta": -3.708418559397659, "log10_lambda": -4.552532478430563, "log10_min_child_weight": 1.2249579869327158, "log10_subsample": -0.23040315280666201, "max_depth": 4.0, "num_boost_round": 12.0}, "datetime": {"datetime": "2024-01-19 01:40:37", "elapsed": 5345.010073, "delta": 0.005677}}
{"target": -17.67713752642409, "params": {"gamma": 711.3122684977711, "log10_alpha": -4.51211201143088, "log10_colsample_bytree": -0.13281432094738, "log10_eta": -3.708418559397659, "log10_lambda": -4.552532478430563, "log10_min_child_weight": 1.2249579869327158, "log10_subsample": -0.23040315280666201, "max_depth": 4.0, "num_boost_round": 13.0}, "datetime": {"datetime": "2024-01-19 01:40:37", "elapsed": 5345.015841, "delta": 0.005768}}
{"target": -17.67712845273985, "params": {"gamma": 711.3122684977711, "log10_alpha": -4.51211201143088, "log10_colsample_bytree": -0.13281432094738, "log10_eta": -3.708418559397659, "log10_lambda": -4.552532478430563, "log10_min_child_weight": 1.2249579869327158, "log10_subsample": -0.23040315280666201, "max_depth": 4.0, "num_boost_round": 14.0}, "datetime": {"datetime": "2024-01-19 01:40:37", "elapsed": 5345.021718, "delta": 0.005877}}
{"target": -17.677121792997493, "params": {"gamma": 711.3122684977711, "log10_alpha": -4.51211201143088, "log10_colsample_bytree": -0.13281432094738, "log10_eta": -3.708418559397659, "log10_lambda": -4.552532478430563, "log10_min_child_weight": 1.2249579869327158, "log10_subsample": -0.23040315280666201, "max_depth": 4.0, "num_boost_round": 15.0}, "datetime": {"datetime": "2024-01-19 01:40:37", "elapsed": 5345.027635, "delta": 0.005917}}
{"target": -17.67711727334908, "params": {"gamma": 711.3122684977711, "log10_alpha": -4.51211201143088, "log10_colsample_bytree": -0.13281432094738, "log10_eta": -3.708418559397659, "log10_lambda": -4.552532478430563, "log10_min_child_weight": 1.2249579869327158, "log10_subsample": -0.23040315280666201, "max_depth": 4.0, "num_boost_round": 16.0}, "datetime": {"datetime": "2024-01-19 01:40:37", "elapsed": 5345.033449, "delta": 0.005814}}
{"target": -17.67711617622756, "params": {"gamma": 711.3122684977711, "log10_alpha": -4.51211201143088, "log10_colsample_bytree": -0.13281432094738, "log10_eta": -3.708418559397659, "log10_lambda": -4.552532478430563, "log10_min_child_weight": 1.2249579869327158, "log10_subsample": -0.23040315280666201, "max_depth": 4.0, "num_boost_round": 17.0}, "datetime": {"datetime": "2024-01-19 01:40:37", "elapsed": 5345.039333, "delta": 0.005884}}
{"target": -17.677113284519248, "params": {"gamma": 711.3122684977711, "log10_alpha": -4.51211201143088, "log10_colsample_bytree": -0.13281432094738, "log10_eta": -3.708418559397659, "log10_lambda": -4.552532478430563, "log10_min_child_weight": 1.2249579869327158, "log10_subsample": -0.23040315280666201, "max_depth": 4.0, "num_boost_round": 18.0}, "datetime": {"datetime": "2024-01-19 01:40:37", "elapsed": 5345.1695, "delta": 0.130167}}
{"target": -17.677101324554886, "params": {"gamma": 711.3122684977711, "log10_alpha": -4.51211201143088, "log10_colsample_bytree": -0.13281432094738, "log10_eta": -3.708418559397659, "log10_lambda": -4.552532478430563, "log10_min_child_weight": 1.2249579869327158, "log10_subsample": -0.23040315280666201, "max_depth": 4.0, "num_boost_round": 19.0}, "datetime": {"datetime": "2024-01-19 01:40:37", "elapsed": 5345.176205, "delta": 0.006705}}
{"target": -17.677091396700007, "params": {"gamma": 711.3122684977711, "log10_alpha": -4.51211201143088, "log10_colsample_bytree": -0.13281432094738, "log10_eta": -3.708418559397659, "log10_lambda": -4.552532478430563, "log10_min_child_weight": 1.2249579869327158, "log10_subsample": -0.23040315280666201, "max_depth": 4.0, "num_boost_round": 20.0}, "datetime": {"datetime": "2024-01-19 01:40:37", "elapsed": 5345.182637, "delta": 0.006432}}
{"target": -17.67708049698124, "params": {"gamma": 711.3122684977711, "log10_alpha": -4.51211201143088, "log10_colsample_bytree": -0.13281432094738, "log10_eta": -3.708418559397659, "log10_lambda": -4.552532478430563, "log10_min_child_weight": 1.2249579869327158, "log10_subsample": -0.23040315280666201, "max_depth": 4.0, "num_boost_round": 21.0}, "datetime": {"datetime": "2024-01-19 01:40:37", "elapsed": 5345.188628, "delta": 0.005991}}
{"target": -17.677073268904703, "params": {"gamma": 711.3122684977711, "log10_alpha": -4.51211201143088, "log10_colsample_bytree": -0.13281432094738, "log10_eta": -3.708418559397659, "log10_lambda": -4.552532478430563, "log10_min_child_weight": 1.2249579869327158, "log10_subsample": -0.23040315280666201, "max_depth": 4.0, "num_boost_round": 22.0}, "datetime": {"datetime": "2024-01-19 01:40:37", "elapsed": 5345.194591, "delta": 0.005963}}
{"target": -17.677064591191485, "params": {"gamma": 711.3122684977711, "log10_alpha": -4.51211201143088, "log10_colsample_bytree": -0.13281432094738, "log10_eta": -3.708418559397659, "log10_lambda": -4.552532478430563, "log10_min_child_weight": 1.2249579869327158, "log10_subsample": -0.23040315280666201, "max_depth": 4.0, "num_boost_round": 23.0}, "datetime": {"datetime": "2024-01-19 01:40:37", "elapsed": 5345.201771, "delta": 0.00718}}
{"target": -17.67705990010746, "params": {"gamma": 711.3122684977711, "log10_alpha": -4.51211201143088, "log10_colsample_bytree": -0.13281432094738, "log10_eta": -3.708418559397659, "log10_lambda": -4.552532478430563, "log10_min_child_weight": 1.2249579869327158, "log10_subsample": -0.23040315280666201, "max_depth": 4.0, "num_boost_round": 24.0}, "datetime": {"datetime": "2024-01-19 01:40:37", "elapsed": 5345.20794, "delta": 0.006169}}
{"target": -17.67705178082254, "params": {"gamma": 711.3122684977711, "log10_alpha": -4.51211201143088, "log10_colsample_bytree": -0.13281432094738, "log10_eta": -3.708418559397659, "log10_lambda": -4.552532478430563, "log10_min_child_weight": 1.2249579869327158, "log10_subsample": -0.23040315280666201, "max_depth": 4.0, "num_boost_round": 25.0}, "datetime": {"datetime": "2024-01-19 01:40:37", "elapsed": 5345.213981, "delta": 0.006041}}
{"target": -17.677044129504804, "params": {"gamma": 711.3122684977711, "log10_alpha": -4.51211201143088, "log10_colsample_bytree": -0.13281432094738, "log10_eta": -3.708418559397659, "log10_lambda": -4.552532478430563, "log10_min_child_weight": 1.2249579869327158, "log10_subsample": -0.23040315280666201, "max_depth": 4.0, "num_boost_round": 26.0}, "datetime": {"datetime": "2024-01-19 01:40:37", "elapsed": 5345.219995, "delta": 0.006014}}
{"target": -17.67703810951247, "params": {"gamma": 711.3122684977711, "log10_alpha": -4.51211201143088, "log10_colsample_bytree": -0.13281432094738, "log10_eta": -3.708418559397659, "log10_lambda": -4.552532478430563, "log10_min_child_weight": 1.2249579869327158, "log10_subsample": -0.23040315280666201, "max_depth": 4.0, "num_boost_round": 27.0}, "datetime": {"datetime": "2024-01-19 01:40:37", "elapsed": 5345.226029, "delta": 0.006034}}
{"target": -17.67702474875549, "params": {"gamma": 711.3122684977711, "log10_alpha": -4.51211201143088, "log10_colsample_bytree": -0.13281432094738, "log10_eta": -3.708418559397659, "log10_lambda": -4.552532478430563, "log10_min_child_weight": 1.2249579869327158, "log10_subsample": -0.23040315280666201, "max_depth": 4.0, "num_boost_round": 28.0}, "datetime": {"datetime": "2024-01-19 01:40:37", "elapsed": 5345.232148, "delta": 0.006119}}
{"target": -17.677013651484884, "params": {"gamma": 711.3122684977711, "log10_alpha": -4.51211201143088, "log10_colsample_bytree": -0.13281432094738, "log10_eta": -3.708418559397659, "log10_lambda": -4.552532478430563, "log10_min_child_weight": 1.2249579869327158, "log10_subsample": -0.23040315280666201, "max_depth": 4.0, "num_boost_round": 29.0}, "datetime": {"datetime": "2024-01-19 01:40:37", "elapsed": 5345.23837, "delta": 0.006222}}
{"target": -17.677004504619944, "params": {"gamma": 711.3122684977711, "log10_alpha": -4.51211201143088, "log10_colsample_bytree": -0.13281432094738, "log10_eta": -3.708418559397659, "log10_lambda": -4.552532478430563, "log10_min_child_weight": 1.2249579869327158, "log10_subsample": -0.23040315280666201, "max_depth": 4.0, "num_boost_round": 30.0}, "datetime": {"datetime": "2024-01-19 01:40:37", "elapsed": 5345.244621, "delta": 0.006251}}
{"target": -17.676997378573866, "params": {"gamma": 711.3122684977711, "log10_alpha": -4.51211201143088, "log10_colsample_bytree": -0.13281432094738, "log10_eta": -3.708418559397659, "log10_lambda": -4.552532478430563, "log10_min_child_weight": 1.2249579869327158, "log10_subsample": -0.23040315280666201, "max_depth": 4.0, "num_boost_round": 31.0}, "datetime": {"datetime": "2024-01-19 01:40:37", "elapsed": 5345.250549, "delta": 0.005928}}
{"target": -17.676988811210677, "params": {"gamma": 711.3122684977711, "log10_alpha": -4.51211201143088, "log10_colsample_bytree": -0.13281432094738, "log10_eta": -3.708418559397659, "log10_lambda": -4.552532478430563, "log10_min_child_weight": 1.2249579869327158, "log10_subsample": -0.23040315280666201, "max_depth": 4.0, "num_boost_round": 32.0}, "datetime": {"datetime": "2024-01-19 01:40:37", "elapsed": 5345.256481, "delta": 0.005932}}
{"target": -17.67698148850929, "params": {"gamma": 711.3122684977711, "log10_alpha": -4.51211201143088, "log10_colsample_bytree": -0.13281432094738, "log10_eta": -3.708418559397659, "log10_lambda": -4.552532478430563, "log10_min_child_weight": 1.2249579869327158, "log10_subsample": -0.23040315280666201, "max_depth": 4.0, "num_boost_round": 33.0}, "datetime": {"datetime": "2024-01-19 01:40:37", "elapsed": 5345.262395, "delta": 0.005914}}
{"target": -17.67697189013329, "params": {"gamma": 711.3122684977711, "log10_alpha": -4.51211201143088, "log10_colsample_bytree": -0.13281432094738, "log10_eta": -3.708418559397659, "log10_lambda": -4.552532478430563, "log10_min_child_weight": 1.2249579869327158, "log10_subsample": -0.23040315280666201, "max_depth": 4.0, "num_boost_round": 34.0}, "datetime": {"datetime": "2024-01-19 01:40:37", "elapsed": 5345.268467, "delta": 0.006072}}
{"target": -17.67696934398659, "params": {"gamma": 711.3122684977711, "log10_alpha": -4.51211201143088, "log10_colsample_bytree": -0.13281432094738, "log10_eta": -3.708418559397659, "log10_lambda": -4.552532478430563, "log10_min_child_weight": 1.2249579869327158, "log10_subsample": -0.23040315280666201, "max_depth": 4.0, "num_boost_round": 35.0}, "datetime": {"datetime": "2024-01-19 01:40:37", "elapsed": 5345.274467, "delta": 0.006}}
{"target": -17.676959963511397, "params": {"gamma": 711.3122684977711, "log10_alpha": -4.51211201143088, "log10_colsample_bytree": -0.13281432094738, "log10_eta": -3.708418559397659, "log10_lambda": -4.552532478430563, "log10_min_child_weight": 1.2249579869327158, "log10_subsample": -0.23040315280666201, "max_depth": 4.0, "num_boost_round": 36.0}, "datetime": {"datetime": "2024-01-19 01:40:37", "elapsed": 5345.280429, "delta": 0.005962}}
{"target": -17.676948629621403, "params": {"gamma": 711.3122684977711, "log10_alpha": -4.51211201143088, "log10_colsample_bytree": -0.13281432094738, "log10_eta": -3.708418559397659, "log10_lambda": -4.552532478430563, "log10_min_child_weight": 1.2249579869327158, "log10_subsample": -0.23040315280666201, "max_depth": 4.0, "num_boost_round": 37.0}, "datetime": {"datetime": "2024-01-19 01:40:37", "elapsed": 5345.286344, "delta": 0.005915}}
{"target": -17.676943548535892, "params": {"gamma": 711.3122684977711, "log10_alpha": -4.51211201143088, "log10_colsample_bytree": -0.13281432094738, "log10_eta": -3.708418559397659, "log10_lambda": -4.552532478430563, "log10_min_child_weight": 1.2249579869327158, "log10_subsample": -0.23040315280666201, "max_depth": 4.0, "num_boost_round": 38.0}, "datetime": {"datetime": "2024-01-19 01:40:37", "elapsed": 5345.292336, "delta": 0.005992}}
{"target": -17.6769375274023, "params": {"gamma": 711.3122684977711, "log10_alpha": -4.51211201143088, "log10_colsample_bytree": -0.13281432094738, "log10_eta": -3.708418559397659, "log10_lambda": -4.552532478430563, "log10_min_child_weight": 1.2249579869327158, "log10_subsample": -0.23040315280666201, "max_depth": 4.0, "num_boost_round": 39.0}, "datetime": {"datetime": "2024-01-19 01:40:37", "elapsed": 5345.299937, "delta": 0.007601}}
{"target": -17.676931434846534, "params": {"gamma": 711.3122684977711, "log10_alpha": -4.51211201143088, "log10_colsample_bytree": -0.13281432094738, "log10_eta": -3.708418559397659, "log10_lambda": -4.552532478430563, "log10_min_child_weight": 1.2249579869327158, "log10_subsample": -0.23040315280666201, "max_depth": 4.0, "num_boost_round": 40.0}, "datetime": {"datetime": "2024-01-19 01:40:37", "elapsed": 5345.30605, "delta": 0.006113}}
{"target": -17.676924543501112, "params": {"gamma": 711.3122684977711, "log10_alpha": -4.51211201143088, "log10_colsample_bytree": -0.13281432094738, "log10_eta": -3.708418559397659, "log10_lambda": -4.552532478430563, "log10_min_child_weight": 1.2249579869327158, "log10_subsample": -0.23040315280666201, "max_depth": 4.0, "num_boost_round": 41.0}, "datetime": {"datetime": "2024-01-19 01:40:37", "elapsed": 5345.31217, "delta": 0.00612}}
{"target": -17.676914689230465, "params": {"gamma": 711.3122684977711, "log10_alpha": -4.51211201143088, "log10_colsample_bytree": -0.13281432094738, "log10_eta": -3.708418559397659, "log10_lambda": -4.552532478430563, "log10_min_child_weight": 1.2249579869327158, "log10_subsample": -0.23040315280666201, "max_depth": 4.0, "num_boost_round": 42.0}, "datetime": {"datetime": "2024-01-19 01:40:37", "elapsed": 5345.318319, "delta": 0.006149}}
{"target": -17.676908010755827, "params": {"gamma": 711.3122684977711, "log10_alpha": -4.51211201143088, "log10_colsample_bytree": -0.13281432094738, "log10_eta": -3.708418559397659, "log10_lambda": -4.552532478430563, "log10_min_child_weight": 1.2249579869327158, "log10_subsample": -0.23040315280666201, "max_depth": 4.0, "num_boost_round": 43.0}, "datetime": {"datetime": "2024-01-19 01:40:37", "elapsed": 5345.324061, "delta": 0.005742}}
{"target": -17.676903582263808, "params": {"gamma": 711.3122684977711, "log10_alpha": -4.51211201143088, "log10_colsample_bytree": -0.13281432094738, "log10_eta": -3.708418559397659, "log10_lambda": -4.552532478430563, "log10_min_child_weight": 1.2249579869327158, "log10_subsample": -0.23040315280666201, "max_depth": 4.0, "num_boost_round": 44.0}, "datetime": {"datetime": "2024-01-19 01:40:37", "elapsed": 5345.330024, "delta": 0.005963}}
{"target": -17.676895109265896, "params": {"gamma": 711.3122684977711, "log10_alpha": -4.51211201143088, "log10_colsample_bytree": -0.13281432094738, "log10_eta": -3.708418559397659, "log10_lambda": -4.552532478430563, "log10_min_child_weight": 1.2249579869327158, "log10_subsample": -0.23040315280666201, "max_depth": 4.0, "num_boost_round": 45.0}, "datetime": {"datetime": "2024-01-19 01:40:37", "elapsed": 5345.33603, "delta": 0.006006}}
{"target": -17.676894661691893, "params": {"gamma": 711.3122684977711, "log10_alpha": -4.51211201143088, "log10_colsample_bytree": -0.13281432094738, "log10_eta": -3.708418559397659, "log10_lambda": -4.552532478430563, "log10_min_child_weight": 1.2249579869327158, "log10_subsample": -0.23040315280666201, "max_depth": 4.0, "num_boost_round": 46.0}, "datetime": {"datetime": "2024-01-19 01:40:38", "elapsed": 5345.342254, "delta": 0.006224}}
