{"target": -17.676345280465032, "params": {"gamma": 965.4848917583093, "log10_alpha": -1.7578178712200776, "log10_colsample_bytree": 0.0, "log10_eta": -2.5427724336034325, "log10_lambda": 0.8113838449918083, "log10_min_child_weight": 1.315733402886679, "log10_subsample": 0.0, "max_depth": 2.0, "num_boost_round": 11.0}, "datetime": {"datetime": "2024-01-19 00:19:29", "elapsed": 463.720882, "delta": 0.000762}}
{"target": -17.676281361305318, "params": {"gamma": 965.4848917583093, "log10_alpha": -1.7578178712200776, "log10_colsample_bytree": 0.0, "log10_eta": -2.5427724336034325, "log10_lambda": 0.8113838449918083, "log10_min_child_weight": 1.315733402886679, "log10_subsample": 0.0, "max_depth": 2.0, "num_boost_round": 12.0}, "datetime": {"datetime": "2024-01-19 00:19:29", "elapsed": 463.721649, "delta": 0.000767}}
{"target": -17.676218921158977, "params": {"gamma": 965.4848917583093, "log10_alpha": -1.7578178712200776, "log10_colsample_bytree": 0.0, "log10_eta": -2.5427724336034325, "log10_lambda": 0.8113838449918083, "log10_min_child_weight": 1.315733402886679, "log10_subsample": 0.0, "max_depth": 2.0, "num_boost_round": 13.0}, "datetime": {"datetime": "2024-01-19 00:19:29", "elapsed": 463.722483, "delta": 0.000834}}
{"target": -17.676157958669, "params": {"gamma": 965.4848917583093, "log10_alpha": -1.7578178712200776, "log10_colsample_bytree": 0.0, "log10_eta": -2.5427724336034325, "log10_lambda": 0.8113838449918083, "log10_min_child_weight": 1.315733402886679, "log10_subsample": 0.0, "max_depth": 2.0, "num_boost_round": 14.0}, "datetime": {"datetime": "2024-01-19 00:19:29", "elapsed": 463.723245, "delta": 0.000762}}
{"target": -17.676098493167714, "params": {"gamma": 965.4848917583093, "log10_alpha": -1.7578178712200776, "log10_colsample_bytree": 0.0, "log10_eta": -2.5427724336034325, "log10_lambda": 0.8113838449918083, "log10_min_child_weight": 1.315733402886679, "log10_subsample": 0.0, "max_depth": 2.0, "num_boost_round": 15.0}, "datetime": {"datetime": "2024-01-19 00:19:29", "elapsed": 463.724023, "delta": 0.000778}}
{"target": -17.676040432420063, "params": {"gamma": 965.4848917583093, "log10_alpha": -1.7578178712200776, "log10_colsample_bytree": 0.0, "log10_eta": -2.5427724336034325, "log10_lambda": 0.8113838449918083, "log10_min_child_weight": 1.315733402886679, "log10_subsample": 0.0, "max_depth": 2.0, "num_boost_round": 16.0}, "datetime": {"datetime": "2024-01-19 00:19:29", "elapsed": 463.724791, "delta": 0.000768}}
{"target": -17.67598381646163, "params": {"gamma": 965.4848917583093, "log10_alpha": -1.7578178712200776, "log10_colsample_bytree": 0.0, "log10_eta": -2.5427724336034325, "log10_lambda": 0.8113838449918083, "log10_min_child_weight": 1.315733402886679, "log10_subsample": 0.0, "max_depth": 2.0, "num_boost_round": 17.0}, "datetime": {"datetime": "2024-01-19 00:19:29", "elapsed": 463.725562, "delta": 0.000771}}
{"target": -17.67592864383784, "params": {"gamma": 965.4848917583093, "log10_alpha": -1.7578178712200776, "log10_colsample_bytree": 0.0, "log10_eta": -2.5427724336034325, "log10_lambda": 0.8113838449918083, "log10_min_child_weight": 1.315733402886679, "log10_subsample": 0.0, "max_depth": 2.0, "num_boost_round": 18.0}, "datetime": {"datetime": "2024-01-19 00:19:29", "elapsed": 463.726331, "delta": 0.000769}}
{"target": -17.6758749231377, "params": {"gamma": 965.4848917583093, "log10_alpha": -1.7578178712200776, "log10_colsample_bytree": 0.0, "log10_eta": -2.5427724336034325, "log10_lambda": 0.8113838449918083, "log10_min_child_weight": 1.315733402886679, "log10_subsample": 0.0, "max_depth": 2.0, "num_boost_round": 19.0}, "datetime": {"datetime": "2024-01-19 00:19:29", "elapsed": 463.727117, "delta": 0.000786}}
{"target": -17.67582253454741, "params": {"gamma": 965.4848917583093, "log10_alpha": -1.7578178712200776, "log10_colsample_bytree": 0.0, "log10_eta": -2.5427724336034325, "log10_lambda": 0.8113838449918083, "log10_min_child_weight": 1.315733402886679, "log10_subsample": 0.0, "max_depth": 2.0, "num_boost_round": 20.0}, "datetime": {"datetime": "2024-01-19 00:19:29", "elapsed": 463.727892, "delta": 0.000775}}
{"target": -17.67577160198346, "params": {"gamma": 965.4848917583093, "log10_alpha": -1.7578178712200776, "log10_colsample_bytree": 0.0, "log10_eta": -2.5427724336034325, "log10_lambda": 0.8113838449918083, "log10_min_child_weight": 1.315733402886679, "log10_subsample": 0.0, "max_depth": 2.0, "num_boost_round": 21.0}, "datetime": {"datetime": "2024-01-19 00:19:29", "elapsed": 463.728676, "delta": 0.000784}}
{"target": -17.675722079026098, "params": {"gamma": 965.4848917583093, "log10_alpha": -1.7578178712200776, "log10_colsample_bytree": 0.0, "log10_eta": -2.5427724336034325, "log10_lambda": 0.8113838449918083, "log10_min_child_weight": 1.315733402886679, "log10_subsample": 0.0, "max_depth": 2.0, "num_boost_round": 22.0}, "datetime": {"datetime": "2024-01-19 00:19:29", "elapsed": 463.729449, "delta": 0.000773}}
{"target": -17.675673877035923, "params": {"gamma": 965.4848917583093, "log10_alpha": -1.7578178712200776, "log10_colsample_bytree": 0.0, "log10_eta": -2.5427724336034325, "log10_lambda": 0.8113838449918083, "log10_min_child_weight": 1.315733402886679, "log10_subsample": 0.0, "max_depth": 2.0, "num_boost_round": 23.0}, "datetime": {"datetime": "2024-01-19 00:19:29", "elapsed": 463.730221, "delta": 0.000772}}
{"target": -17.675627058469594, "params": {"gamma": 965.4848917583093, "log10_alpha": -1.7578178712200776, "log10_colsample_bytree": 0.0, "log10_eta": -2.5427724336034325, "log10_lambda": 0.8113838449918083, "log10_min_child_weight": 1.315733402886679, "log10_subsample": 0.0, "max_depth": 2.0, "num_boost_round": 24.0}, "datetime": {"datetime": "2024-01-19 00:19:29", "elapsed": 463.731167, "delta": 0.000946}}
{"target": -17.67558157154785, "params": {"gamma": 965.4848917583093, "log10_alpha": -1.7578178712200776, "log10_colsample_bytree": 0.0, "log10_eta": -2.5427724336034325, "log10_lambda": 0.8113838449918083, "log10_min_child_weight": 1.315733402886679, "log10_subsample": 0.0, "max_depth": 2.0, "num_boost_round": 25.0}, "datetime": {"datetime": "2024-01-19 00:19:29", "elapsed": 463.731946, "delta": 0.000779}}
{"target": -17.674466951228148, "params": {"gamma": 967.359691641744, "log10_alpha": 0.08179832131196019, "log10_colsample_bytree": -0.1934884102620641, "log10_eta": -1.0898518252191631, "log10_lambda": -1.4775941852931185, "log10_min_child_weight": 1.3975532419645886, "log10_subsample": -0.019689284327384815, "max_depth": 3.0, "num_boost_round": 0.0}, "datetime": {"datetime": "2024-01-19 00:19:48", "elapsed": 482.575676, "delta": 18.84373}}
{"target": -17.673735331976257, "params": {"gamma": 967.359691641744, "log10_alpha": 0.08179832131196019, "log10_colsample_bytree": -0.1934884102620641, "log10_eta": -1.0898518252191631, "log10_lambda": -1.4775941852931185, "log10_min_child_weight": 1.3975532419645886, "log10_subsample": -0.019689284327384815, "max_depth": 3.0, "num_boost_round": 1.0}, "datetime": {"datetime": "2024-01-19 00:19:48", "elapsed": 482.576907, "delta": 0.001231}}
{"target": -17.672067621625505, "params": {"gamma": 967.359691641744, "log10_alpha": 0.08179832131196019, "log10_colsample_bytree": -0.1934884102620641, "log10_eta": -1.0898518252191631, "log10_lambda": -1.4775941852931185, "log10_min_child_weight": 1.3975532419645886, "log10_subsample": -0.019689284327384815, "max_depth": 3.0, "num_boost_round": 2.0}, "datetime": {"datetime": "2024-01-19 00:19:48", "elapsed": 482.577729, "delta": 0.000822}}
{"target": -17.6710196113045, "params": {"gamma": 967.359691641744, "log10_alpha": 0.08179832131196019, "log10_colsample_bytree": -0.1934884102620641, "log10_eta": -1.0898518252191631, "log10_lambda": -1.4775941852931185, "log10_min_child_weight": 1.3975532419645886, "log10_subsample": -0.019689284327384815, "max_depth": 3.0, "num_boost_round": 3.0}, "datetime": {"datetime": "2024-01-19 00:19:48", "elapsed": 482.578496, "delta": 0.000767}}
{"target": -17.670787600293078, "params": {"gamma": 967.359691641744, "log10_alpha": 0.08179832131196019, "log10_colsample_bytree": -0.1934884102620641, "log10_eta": -1.0898518252191631, "log10_lambda": -1.4775941852931185, "log10_min_child_weight": 1.3975532419645886, "log10_subsample": -0.019689284327384815, "max_depth": 3.0, "num_boost_round": 4.0}, "datetime": {"datetime": "2024-01-19 00:19:48", "elapsed": 482.579275, "delta": 0.000779}}
{"target": -17.671661928450035, "params": {"gamma": 967.359691641744, "log10_alpha": 0.08179832131196019, "log10_colsample_bytree": -0.1934884102620641, "log10_eta": -1.0898518252191631, "log10_lambda": -1.4775941852931185, "log10_min_child_weight": 1.3975532419645886, "log10_subsample": -0.019689284327384815, "max_depth": 3.0, "num_boost_round": 5.0}, "datetime": {"datetime": "2024-01-19 00:19:48", "elapsed": 482.580049, "delta": 0.000774}}
{"target": -17.67210714493876, "params": {"gamma": 967.359691641744, "log10_alpha": 0.08179832131196019, "log10_colsample_bytree": -0.1934884102620641, "log10_eta": -1.0898518252191631, "log10_lambda": -1.4775941852931185, "log10_min_child_weight": 1.3975532419645886, "log10_subsample": -0.019689284327384815, "max_depth": 3.0, "num_boost_round": 6.0}, "datetime": {"datetime": "2024-01-19 00:19:48", "elapsed": 482.580823, "delta": 0.000774}}
{"target": -17.672427717756232, "params": {"gamma": 967.359691641744, "log10_alpha": 0.08179832131196019, "log10_colsample_bytree": -0.1934884102620641, "log10_eta": -1.0898518252191631, "log10_lambda": -1.4775941852931185, "log10_min_child_weight": 1.3975532419645886, "log10_subsample": -0.019689284327384815, "max_depth": 3.0, "num_boost_round": 7.0}, "datetime": {"datetime": "2024-01-19 00:19:48", "elapsed": 482.581595, "delta": 0.000772}}
{"target": -17.675486065578387, "params": {"gamma": 967.359691641744, "log10_alpha": 0.08179832131196019, "log10_colsample_bytree": -0.1934884102620641, "log10_eta": -1.0898518252191631, "log10_lambda": -1.4775941852931185, "log10_min_child_weight": 1.3975532419645886, "log10_subsample": -0.019689284327384815, "max_depth": 3.0, "num_boost_round": 8.0}, "datetime": {"datetime": "2024-01-19 00:19:48", "elapsed": 482.582362, "delta": 0.000767}}
{"target": -17.67576149963285, "params": {"gamma": 967.359691641744, "log10_alpha": 0.08179832131196019, "log10_colsample_bytree": -0.1934884102620641, "log10_eta": -1.0898518252191631, "log10_lambda": -1.4775941852931185, "log10_min_child_weight": 1.3975532419645886, "log10_subsample": -0.019689284327384815, "max_depth": 3.0, "num_boost_round": 9.0}, "datetime": {"datetime": "2024-01-19 00:19:48", "elapsed": 482.583137, "delta": 0.000775}}
{"target": -17.67625640778074, "params": {"gamma": 967.359691641744, "log10_alpha": 0.08179832131196019, "log10_colsample_bytree": -0.1934884102620641, "log10_eta": -1.0898518252191631, "log10_lambda": -1.4775941852931185, "log10_min_child_weight": 1.3975532419645886, "log10_subsample": -0.019689284327384815, "max_depth": 3.0, "num_boost_round": 10.0}, "datetime": {"datetime": "2024-01-19 00:19:48", "elapsed": 482.583925, "delta": 0.000788}}
{"target": -17.676333437155765, "params": {"gamma": 967.359691641744, "log10_alpha": 0.08179832131196019, "log10_colsample_bytree": -0.1934884102620641, "log10_eta": -1.0898518252191631, "log10_lambda": -1.4775941852931185, "log10_min_child_weight": 1.3975532419645886, "log10_subsample": -0.019689284327384815, "max_depth": 3.0, "num_boost_round": 11.0}, "datetime": {"datetime": "2024-01-19 00:19:48", "elapsed": 482.584701, "delta": 0.000776}}
{"target": -17.67777443228893, "params": {"gamma": 967.359691641744, "log10_alpha": 0.08179832131196019, "log10_colsample_bytree": -0.1934884102620641, "log10_eta": -1.0898518252191631, "log10_lambda": -1.4775941852931185, "log10_min_child_weight": 1.3975532419645886, "log10_subsample": -0.019689284327384815, "max_depth": 3.0, "num_boost_round": 12.0}, "datetime": {"datetime": "2024-01-19 00:19:48", "elapsed": 482.585501, "delta": 0.0008}}
{"target": -17.68128079050607, "params": {"gamma": 967.359691641744, "log10_alpha": 0.08179832131196019, "log10_colsample_bytree": -0.1934884102620641, "log10_eta": -1.0898518252191631, "log10_lambda": -1.4775941852931185, "log10_min_child_weight": 1.3975532419645886, "log10_subsample": -0.019689284327384815, "max_depth": 3.0, "num_boost_round": 13.0}, "datetime": {"datetime": "2024-01-19 00:19:48", "elapsed": 482.586279, "delta": 0.000778}}
{"target": -17.67540758281487, "params": {"gamma": 975.1674787202047, "log10_alpha": -1.9138393258413942, "log10_colsample_bytree": -0.908040218937522, "log10_eta": -0.5229954071267313, "log10_lambda": -3.72450448755939, "log10_min_child_weight": 4.172914034274069, "log10_subsample": -0.010905953583587591, "max_depth": 3.0, "num_boost_round": 0.0}, "datetime": {"datetime": "2024-01-19 00:20:07", "elapsed": 501.271413, "delta": 18.685134}}
{"target": -17.676370107733987, "params": {"gamma": 975.1674787202047, "log10_alpha": -1.9138393258413942, "log10_colsample_bytree": -0.908040218937522, "log10_eta": -0.5229954071267313, "log10_lambda": -3.72450448755939, "log10_min_child_weight": 4.172914034274069, "log10_subsample": -0.010905953583587591, "max_depth": 3.0, "num_boost_round": 1.0}, "datetime": {"datetime": "2024-01-19 00:20:07", "elapsed": 501.272623, "delta": 0.00121}}
{"target": -17.67859077294615, "params": {"gamma": 975.1674787202047, "log10_alpha": -1.9138393258413942, "log10_colsample_bytree": -0.908040218937522, "log10_eta": -0.5229954071267313, "log10_lambda": -3.72450448755939, "log10_min_child_weight": 4.172914034274069, "log10_subsample": -0.010905953583587591, "max_depth": 3.0, "num_boost_round": 2.0}, "datetime": {"datetime": "2024-01-19 00:20:07", "elapsed": 501.273447, "delta": 0.000824}}
{"target": -17.68036377900353, "params": {"gamma": 975.1674787202047, "log10_alpha": -1.9138393258413942, "log10_colsample_bytree": -0.908040218937522, "log10_eta": -0.5229954071267313, "log10_lambda": -3.72450448755939, "log10_min_child_weight": 4.172914034274069, "log10_subsample": -0.010905953583587591, "max_depth": 3.0, "num_boost_round": 3.0}, "datetime": {"datetime": "2024-01-19 00:20:07", "elapsed": 501.274223, "delta": 0.000776}}
{"target": -17.680598428574278, "params": {"gamma": 975.1674787202047, "log10_alpha": -1.9138393258413942, "log10_colsample_bytree": -0.908040218937522, "log10_eta": -0.5229954071267313, "log10_lambda": -3.72450448755939, "log10_min_child_weight": 4.172914034274069, "log10_subsample": -0.010905953583587591, "max_depth": 3.0, "num_boost_round": 4.0}, "datetime": {"datetime": "2024-01-19 00:20:07", "elapsed": 501.27514, "delta": 0.000917}}
{"target": -17.681622518558722, "params": {"gamma": 975.1674787202047, "log10_alpha": -1.9138393258413942, "log10_colsample_bytree": -0.908040218937522, "log10_eta": -0.5229954071267313, "log10_lambda": -3.72450448755939, "log10_min_child_weight": 4.172914034274069, "log10_subsample": -0.010905953583587591, "max_depth": 3.0, "num_boost_round": 5.0}, "datetime": {"datetime": "2024-01-19 00:20:07", "elapsed": 501.275929, "delta": 0.000789}}
{"target": -17.685670453278906, "params": {"gamma": 975.1674787202047, "log10_alpha": -1.9138393258413942, "log10_colsample_bytree": -0.908040218937522, "log10_eta": -0.5229954071267313, "log10_lambda": -3.72450448755939, "log10_min_child_weight": 4.172914034274069, "log10_subsample": -0.010905953583587591, "max_depth": 3.0, "num_boost_round": 6.0}, "datetime": {"datetime": "2024-01-19 00:20:07", "elapsed": 501.276716, "delta": 0.000787}}
{"target": -17.685944109622266, "params": {"gamma": 975.1674787202047, "log10_alpha": -1.9138393258413942, "log10_colsample_bytree": -0.908040218937522, "log10_eta": -0.5229954071267313, "log10_lambda": -3.72450448755939, "log10_min_child_weight": 4.172914034274069, "log10_subsample": -0.010905953583587591, "max_depth": 3.0, "num_boost_round": 7.0}, "datetime": {"datetime": "2024-01-19 00:20:07", "elapsed": 501.27779, "delta": 0.001074}}
{"target": -17.690378286094727, "params": {"gamma": 975.1674787202047, "log10_alpha": -1.9138393258413942, "log10_colsample_bytree": -0.908040218937522, "log10_eta": -0.5229954071267313, "log10_lambda": -3.72450448755939, "log10_min_child_weight": 4.172914034274069, "log10_subsample": -0.010905953583587591, "max_depth": 3.0, "num_boost_round": 8.0}, "datetime": {"datetime": "2024-01-19 00:20:07", "elapsed": 501.278629, "delta": 0.000839}}
{"target": -17.692569274350298, "params": {"gamma": 975.1674787202047, "log10_alpha": -1.9138393258413942, "log10_colsample_bytree": -0.908040218937522, "log10_eta": -0.5229954071267313, "log10_lambda": -3.72450448755939, "log10_min_child_weight": 4.172914034274069, "log10_subsample": -0.010905953583587591, "max_depth": 3.0, "num_boost_round": 9.0}, "datetime": {"datetime": "2024-01-19 00:20:07", "elapsed": 501.279429, "delta": 0.0008}}
{"target": -17.694372302496713, "params": {"gamma": 975.1674787202047, "log10_alpha": -1.9138393258413942, "log10_colsample_bytree": -0.908040218937522, "log10_eta": -0.5229954071267313, "log10_lambda": -3.72450448755939, "log10_min_child_weight": 4.172914034274069, "log10_subsample": -0.010905953583587591, "max_depth": 3.0, "num_boost_round": 10.0}, "datetime": {"datetime": "2024-01-19 00:20:07", "elapsed": 501.280206, "delta": 0.000777}}
{"target": -17.687813077869393, "params": {"gamma": 975.1674787202047, "log10_alpha": -1.9138393258413942, "log10_colsample_bytree": -0.908040218937522, "log10_eta": -0.5229954071267313, "log10_lambda": -3.72450448755939, "log10_min_child_weight": 4.172914034274069, "log10_subsample": -0.010905953583587591, "max_depth": 3.0, "num_boost_round": 11.0}, "datetime": {"datetime": "2024-01-19 00:20:07", "elapsed": 501.281009, "delta": 0.000803}}
{"target": -17.677231145024887, "params": {"gamma": 965.5651241389064, "log10_alpha": -4.2555350932738385, "log10_colsample_bytree": -0.227249534560247, "log10_eta": -3.365951339164876, "log10_lambda": -0.6152186034545437, "log10_min_child_weight": 4.03161650350908, "log10_subsample": -0.006507753559701568, "max_depth": 7.0, "num_boost_round": 0.0}, "datetime": {"datetime": "2024-01-19 00:20:37", "elapsed": 531.610946, "delta": 30.329937}}
{"target": -17.677209061974335, "params": {"gamma": 965.5651241389064, "log10_alpha": -4.2555350932738385, "log10_colsample_bytree": -0.227249534560247, "log10_eta": -3.365951339164876, "log10_lambda": -0.6152186034545437, "log10_min_child_weight": 4.03161650350908, "log10_subsample": -0.006507753559701568, "max_depth": 7.0, "num_boost_round": 1.0}, "datetime": {"datetime": "2024-01-19 00:20:37", "elapsed": 531.611906, "delta": 0.00096}}
{"target": -17.677190236897818, "params": {"gamma": 965.5651241389064, "log10_alpha": -4.2555350932738385, "log10_colsample_bytree": -0.227249534560247, "log10_eta": -3.365951339164876, "log10_lambda": -0.6152186034545437, "log10_min_child_weight": 4.03161650350908, "log10_subsample": -0.006507753559701568, "max_depth": 7.0, "num_boost_round": 2.0}, "datetime": {"datetime": "2024-01-19 00:20:37", "elapsed": 531.612719, "delta": 0.000813}}
{"target": -17.677194156800127, "params": {"gamma": 965.5651241389064, "log10_alpha": -4.2555350932738385, "log10_colsample_bytree": -0.227249534560247, "log10_eta": -3.365951339164876, "log10_lambda": -0.6152186034545437, "log10_min_child_weight": 4.03161650350908, "log10_subsample": -0.006507753559701568, "max_depth": 7.0, "num_boost_round": 3.0}, "datetime": {"datetime": "2024-01-19 00:20:37", "elapsed": 531.613789, "delta": 0.00107}}
{"target": -17.677184762450352, "params": {"gamma": 965.5651241389064, "log10_alpha": -4.2555350932738385, "log10_colsample_bytree": -0.227249534560247, "log10_eta": -3.365951339164876, "log10_lambda": -0.6152186034545437, "log10_min_child_weight": 4.03161650350908, "log10_subsample": -0.006507753559701568, "max_depth": 7.0, "num_boost_round": 4.0}, "datetime": {"datetime": "2024-01-19 00:20:37", "elapsed": 531.614612, "delta": 0.000823}}
{"target": -17.67718764471747, "params": {"gamma": 965.5651241389064, "log10_alpha": -4.2555350932738385, "log10_colsample_bytree": -0.227249534560247, "log10_eta": -3.365951339164876, "log10_lambda": -0.6152186034545437, "log10_min_child_weight": 4.03161650350908, "log10_subsample": -0.006507753559701568, "max_depth": 7.0, "num_boost_round": 5.0}, "datetime": {"datetime": "2024-01-19 00:20:37", "elapsed": 531.619222, "delta": 0.00461}}
{"target": -17.67717865518796, "params": {"gamma": 965.5651241389064, "log10_alpha": -4.2555350932738385, "log10_colsample_bytree": -0.227249534560247, "log10_eta": -3.365951339164876, "log10_lambda": -0.6152186034545437, "log10_min_child_weight": 4.03161650350908, "log10_subsample": -0.006507753559701568, "max_depth": 7.0, "num_boost_round": 6.0}, "datetime": {"datetime": "2024-01-19 00:20:37", "elapsed": 531.620656, "delta": 0.001434}}
{"target": -17.677174089397653, "params": {"gamma": 965.5651241389064, "log10_alpha": -4.2555350932738385, "log10_colsample_bytree": -0.227249534560247, "log10_eta": -3.365951339164876, "log10_lambda": -0.6152186034545437, "log10_min_child_weight": 4.03161650350908, "log10_subsample": -0.006507753559701568, "max_depth": 7.0, "num_boost_round": 7.0}, "datetime": {"datetime": "2024-01-19 00:20:37", "elapsed": 531.621988, "delta": 0.001332}}
{"target": -17.677165958108002, "params": {"gamma": 965.5651241389064, "log10_alpha": -4.2555350932738385, "log10_colsample_bytree": -0.227249534560247, "log10_eta": -3.365951339164876, "log10_lambda": -0.6152186034545437, "log10_min_child_weight": 4.03161650350908, "log10_subsample": -0.006507753559701568, "max_depth": 7.0, "num_boost_round": 8.0}, "datetime": {"datetime": "2024-01-19 00:20:37", "elapsed": 531.622882, "delta": 0.000894}}
