{"target": -13.758249128439001, "params": {"gamma": 710.3494298950437, "log10_alpha": -0.5726011045067194, "log10_colsample_bytree": -0.7112799648904973, "log10_eta": -2.5881709720666586, "log10_lambda": -4.759768077610785, "log10_min_child_weight": 4.060673613943234, "log10_subsample": -0.03901652283513524, "max_depth": 7.0, "num_boost_round": 9.0}, "datetime": {"datetime": "2024-01-19 01:04:03", "elapsed": 3143.04676, "delta": 0.003472}}
{"target": -13.758209994300573, "params": {"gamma": 710.3494298950437, "log10_alpha": -0.5726011045067194, "log10_colsample_bytree": -0.7112799648904973, "log10_eta": -2.5881709720666586, "log10_lambda": -4.759768077610785, "log10_min_child_weight": 4.060673613943234, "log10_subsample": -0.03901652283513524, "max_depth": 7.0, "num_boost_round": 10.0}, "datetime": {"datetime": "2024-01-19 01:04:03", "elapsed": 3143.050149, "delta": 0.003389}}
{"target": -13.758220313531064, "params": {"gamma": 710.3494298950437, "log10_alpha": -0.5726011045067194, "log10_colsample_bytree": -0.7112799648904973, "log10_eta": -2.5881709720666586, "log10_lambda": -4.759768077610785, "log10_min_child_weight": 4.060673613943234, "log10_subsample": -0.03901652283513524, "max_depth": 7.0, "num_boost_round": 11.0}, "datetime": {"datetime": "2024-01-19 01:04:03", "elapsed": 3143.053617, "delta": 0.003468}}
{"target": -13.758159901062673, "params": {"gamma": 710.3494298950437, "log10_alpha": -0.5726011045067194, "log10_colsample_bytree": -0.7112799648904973, "log10_eta": -2.5881709720666586, "log10_lambda": -4.759768077610785, "log10_min_child_weight": 4.060673613943234, "log10_subsample": -0.03901652283513524, "max_depth": 7.0, "num_boost_round": 12.0}, "datetime": {"datetime": "2024-01-19 01:04:03", "elapsed": 3143.056929, "delta": 0.003312}}
{"target": -13.758124059792564, "params": {"gamma": 710.3494298950437, "log10_alpha": -0.5726011045067194, "log10_colsample_bytree": -0.7112799648904973, "log10_eta": -2.5881709720666586, "log10_lambda": -4.759768077610785, "log10_min_child_weight": 4.060673613943234, "log10_subsample": -0.03901652283513524, "max_depth": 7.0, "num_boost_round": 13.0}, "datetime": {"datetime": "2024-01-19 01:04:03", "elapsed": 3143.06039, "delta": 0.003461}}
{"target": -13.758112537052481, "params": {"gamma": 710.3494298950437, "log10_alpha": -0.5726011045067194, "log10_colsample_bytree": -0.7112799648904973, "log10_eta": -2.5881709720666586, "log10_lambda": -4.759768077610785, "log10_min_child_weight": 4.060673613943234, "log10_subsample": -0.03901652283513524, "max_depth": 7.0, "num_boost_round": 14.0}, "datetime": {"datetime": "2024-01-19 01:04:03", "elapsed": 3143.063748, "delta": 0.003358}}
{"target": -13.758057582858223, "params": {"gamma": 710.3494298950437, "log10_alpha": -0.5726011045067194, "log10_colsample_bytree": -0.7112799648904973, "log10_eta": -2.5881709720666586, "log10_lambda": -4.759768077610785, "log10_min_child_weight": 4.060673613943234, "log10_subsample": -0.03901652283513524, "max_depth": 7.0, "num_boost_round": 15.0}, "datetime": {"datetime": "2024-01-19 01:04:03", "elapsed": 3143.067123, "delta": 0.003375}}
{"target": -13.758024826752408, "params": {"gamma": 710.3494298950437, "log10_alpha": -0.5726011045067194, "log10_colsample_bytree": -0.7112799648904973, "log10_eta": -2.5881709720666586, "log10_lambda": -4.759768077610785, "log10_min_child_weight": 4.060673613943234, "log10_subsample": -0.03901652283513524, "max_depth": 7.0, "num_boost_round": 16.0}, "datetime": {"datetime": "2024-01-19 01:04:03", "elapsed": 3143.074924, "delta": 0.007801}}
{"target": -13.75800221430257, "params": {"gamma": 710.3494298950437, "log10_alpha": -0.5726011045067194, "log10_colsample_bytree": -0.7112799648904973, "log10_eta": -2.5881709720666586, "log10_lambda": -4.759768077610785, "log10_min_child_weight": 4.060673613943234, "log10_subsample": -0.03901652283513524, "max_depth": 7.0, "num_boost_round": 17.0}, "datetime": {"datetime": "2024-01-19 01:04:03", "elapsed": 3143.078338, "delta": 0.003414}}
{"target": -13.758066211269568, "params": {"gamma": 710.3494298950437, "log10_alpha": -0.5726011045067194, "log10_colsample_bytree": -0.7112799648904973, "log10_eta": -2.5881709720666586, "log10_lambda": -4.759768077610785, "log10_min_child_weight": 4.060673613943234, "log10_subsample": -0.03901652283513524, "max_depth": 7.0, "num_boost_round": 18.0}, "datetime": {"datetime": "2024-01-19 01:04:03", "elapsed": 3143.081723, "delta": 0.003385}}
{"target": -13.75801617207123, "params": {"gamma": 710.3494298950437, "log10_alpha": -0.5726011045067194, "log10_colsample_bytree": -0.7112799648904973, "log10_eta": -2.5881709720666586, "log10_lambda": -4.759768077610785, "log10_min_child_weight": 4.060673613943234, "log10_subsample": -0.03901652283513524, "max_depth": 7.0, "num_boost_round": 19.0}, "datetime": {"datetime": "2024-01-19 01:04:04", "elapsed": 3143.08509, "delta": 0.003367}}
{"target": -13.757984811353138, "params": {"gamma": 710.3494298950437, "log10_alpha": -0.5726011045067194, "log10_colsample_bytree": -0.7112799648904973, "log10_eta": -2.5881709720666586, "log10_lambda": -4.759768077610785, "log10_min_child_weight": 4.060673613943234, "log10_subsample": -0.03901652283513524, "max_depth": 7.0, "num_boost_round": 20.0}, "datetime": {"datetime": "2024-01-19 01:04:04", "elapsed": 3143.088419, "delta": 0.003329}}
{"target": -13.75795407251021, "params": {"gamma": 710.3494298950437, "log10_alpha": -0.5726011045067194, "log10_colsample_bytree": -0.7112799648904973, "log10_eta": -2.5881709720666586, "log10_lambda": -4.759768077610785, "log10_min_child_weight": 4.060673613943234, "log10_subsample": -0.03901652283513524, "max_depth": 7.0, "num_boost_round": 21.0}, "datetime": {"datetime": "2024-01-19 01:04:04", "elapsed": 3143.091767, "delta": 0.003348}}
{"target": -13.757888845689186, "params": {"gamma": 710.3494298950437, "log10_alpha": -0.5726011045067194, "log10_colsample_bytree": -0.7112799648904973, "log10_eta": -2.5881709720666586, "log10_lambda": -4.759768077610785, "log10_min_child_weight": 4.060673613943234, "log10_subsample": -0.03901652283513524, "max_depth": 7.0, "num_boost_round": 22.0}, "datetime": {"datetime": "2024-01-19 01:04:04", "elapsed": 3143.095126, "delta": 0.003359}}
{"target": -13.757881742669246, "params": {"gamma": 710.3494298950437, "log10_alpha": -0.5726011045067194, "log10_colsample_bytree": -0.7112799648904973, "log10_eta": -2.5881709720666586, "log10_lambda": -4.759768077610785, "log10_min_child_weight": 4.060673613943234, "log10_subsample": -0.03901652283513524, "max_depth": 7.0, "num_boost_round": 23.0}, "datetime": {"datetime": "2024-01-19 01:04:04", "elapsed": 3143.098448, "delta": 0.003322}}
{"target": -13.757864491064892, "params": {"gamma": 710.3494298950437, "log10_alpha": -0.5726011045067194, "log10_colsample_bytree": -0.7112799648904973, "log10_eta": -2.5881709720666586, "log10_lambda": -4.759768077610785, "log10_min_child_weight": 4.060673613943234, "log10_subsample": -0.03901652283513524, "max_depth": 7.0, "num_boost_round": 24.0}, "datetime": {"datetime": "2024-01-19 01:04:04", "elapsed": 3143.101768, "delta": 0.00332}}
{"target": -13.757879069467247, "params": {"gamma": 710.3494298950437, "log10_alpha": -0.5726011045067194, "log10_colsample_bytree": -0.7112799648904973, "log10_eta": -2.5881709720666586, "log10_lambda": -4.759768077610785, "log10_min_child_weight": 4.060673613943234, "log10_subsample": -0.03901652283513524, "max_depth": 7.0, "num_boost_round": 25.0}, "datetime": {"datetime": "2024-01-19 01:04:04", "elapsed": 3143.105016, "delta": 0.003248}}
{"target": -13.757864778722391, "params": {"gamma": 710.3494298950437, "log10_alpha": -0.5726011045067194, "log10_colsample_bytree": -0.7112799648904973, "log10_eta": -2.5881709720666586, "log10_lambda": -4.759768077610785, "log10_min_child_weight": 4.060673613943234, "log10_subsample": -0.03901652283513524, "max_depth": 7.0, "num_boost_round": 26.0}, "datetime": {"datetime": "2024-01-19 01:04:04", "elapsed": 3143.108405, "delta": 0.003389}}
{"target": -13.757836479309105, "params": {"gamma": 710.3494298950437, "log10_alpha": -0.5726011045067194, "log10_colsample_bytree": -0.7112799648904973, "log10_eta": -2.5881709720666586, "log10_lambda": -4.759768077610785, "log10_min_child_weight": 4.060673613943234, "log10_subsample": -0.03901652283513524, "max_depth": 7.0, "num_boost_round": 27.0}, "datetime": {"datetime": "2024-01-19 01:04:04", "elapsed": 3143.111724, "delta": 0.003319}}
{"target": -13.757769996671124, "params": {"gamma": 710.3494298950437, "log10_alpha": -0.5726011045067194, "log10_colsample_bytree": -0.7112799648904973, "log10_eta": -2.5881709720666586, "log10_lambda": -4.759768077610785, "log10_min_child_weight": 4.060673613943234, "log10_subsample": -0.03901652283513524, "max_depth": 7.0, "num_boost_round": 28.0}, "datetime": {"datetime": "2024-01-19 01:04:04", "elapsed": 3143.11498, "delta": 0.003256}}
{"target": -13.757757200884363, "params": {"gamma": 710.3494298950437, "log10_alpha": -0.5726011045067194, "log10_colsample_bytree": -0.7112799648904973, "log10_eta": -2.5881709720666586, "log10_lambda": -4.759768077610785, "log10_min_child_weight": 4.060673613943234, "log10_subsample": -0.03901652283513524, "max_depth": 7.0, "num_boost_round": 29.0}, "datetime": {"datetime": "2024-01-19 01:04:04", "elapsed": 3143.118325, "delta": 0.003345}}
{"target": -13.757726028828904, "params": {"gamma": 710.3494298950437, "log10_alpha": -0.5726011045067194, "log10_colsample_bytree": -0.7112799648904973, "log10_eta": -2.5881709720666586, "log10_lambda": -4.759768077610785, "log10_min_child_weight": 4.060673613943234, "log10_subsample": -0.03901652283513524, "max_depth": 7.0, "num_boost_round": 30.0}, "datetime": {"datetime": "2024-01-19 01:04:04", "elapsed": 3143.122582, "delta": 0.004257}}
{"target": -13.757651260582309, "params": {"gamma": 710.3494298950437, "log10_alpha": -0.5726011045067194, "log10_colsample_bytree": -0.7112799648904973, "log10_eta": -2.5881709720666586, "log10_lambda": -4.759768077610785, "log10_min_child_weight": 4.060673613943234, "log10_subsample": -0.03901652283513524, "max_depth": 7.0, "num_boost_round": 31.0}, "datetime": {"datetime": "2024-01-19 01:04:04", "elapsed": 3143.126099, "delta": 0.003517}}
{"target": -13.757620325359774, "params": {"gamma": 710.3494298950437, "log10_alpha": -0.5726011045067194, "log10_colsample_bytree": -0.7112799648904973, "log10_eta": -2.5881709720666586, "log10_lambda": -4.759768077610785, "log10_min_child_weight": 4.060673613943234, "log10_subsample": -0.03901652283513524, "max_depth": 7.0, "num_boost_round": 32.0}, "datetime": {"datetime": "2024-01-19 01:04:04", "elapsed": 3143.129571, "delta": 0.003472}}
{"target": -13.757567752562423, "params": {"gamma": 710.3494298950437, "log10_alpha": -0.5726011045067194, "log10_colsample_bytree": -0.7112799648904973, "log10_eta": -2.5881709720666586, "log10_lambda": -4.759768077610785, "log10_min_child_weight": 4.060673613943234, "log10_subsample": -0.03901652283513524, "max_depth": 7.0, "num_boost_round": 33.0}, "datetime": {"datetime": "2024-01-19 01:04:04", "elapsed": 3143.132919, "delta": 0.003348}}
{"target": -13.757514324275128, "params": {"gamma": 710.3494298950437, "log10_alpha": -0.5726011045067194, "log10_colsample_bytree": -0.7112799648904973, "log10_eta": -2.5881709720666586, "log10_lambda": -4.759768077610785, "log10_min_child_weight": 4.060673613943234, "log10_subsample": -0.03901652283513524, "max_depth": 7.0, "num_boost_round": 34.0}, "datetime": {"datetime": "2024-01-19 01:04:04", "elapsed": 3143.136312, "delta": 0.003393}}
{"target": -13.757516886251302, "params": {"gamma": 710.3494298950437, "log10_alpha": -0.5726011045067194, "log10_colsample_bytree": -0.7112799648904973, "log10_eta": -2.5881709720666586, "log10_lambda": -4.759768077610785, "log10_min_child_weight": 4.060673613943234, "log10_subsample": -0.03901652283513524, "max_depth": 7.0, "num_boost_round": 35.0}, "datetime": {"datetime": "2024-01-19 01:04:04", "elapsed": 3143.13965, "delta": 0.003338}}
{"target": -13.757519437959909, "params": {"gamma": 710.3494298950437, "log10_alpha": -0.5726011045067194, "log10_colsample_bytree": -0.7112799648904973, "log10_eta": -2.5881709720666586, "log10_lambda": -4.759768077610785, "log10_min_child_weight": 4.060673613943234, "log10_subsample": -0.03901652283513524, "max_depth": 7.0, "num_boost_round": 36.0}, "datetime": {"datetime": "2024-01-19 01:04:04", "elapsed": 3143.14299, "delta": 0.00334}}
{"target": -13.757492788070541, "params": {"gamma": 710.3494298950437, "log10_alpha": -0.5726011045067194, "log10_colsample_bytree": -0.7112799648904973, "log10_eta": -2.5881709720666586, "log10_lambda": -4.759768077610785, "log10_min_child_weight": 4.060673613943234, "log10_subsample": -0.03901652283513524, "max_depth": 7.0, "num_boost_round": 37.0}, "datetime": {"datetime": "2024-01-19 01:04:04", "elapsed": 3143.146256, "delta": 0.003266}}
{"target": -13.757452261211329, "params": {"gamma": 710.3494298950437, "log10_alpha": -0.5726011045067194, "log10_colsample_bytree": -0.7112799648904973, "log10_eta": -2.5881709720666586, "log10_lambda": -4.759768077610785, "log10_min_child_weight": 4.060673613943234, "log10_subsample": -0.03901652283513524, "max_depth": 7.0, "num_boost_round": 38.0}, "datetime": {"datetime": "2024-01-19 01:04:04", "elapsed": 3143.149647, "delta": 0.003391}}
{"target": -13.757449637344397, "params": {"gamma": 710.3494298950437, "log10_alpha": -0.5726011045067194, "log10_colsample_bytree": -0.7112799648904973, "log10_eta": -2.5881709720666586, "log10_lambda": -4.759768077610785, "log10_min_child_weight": 4.060673613943234, "log10_subsample": -0.03901652283513524, "max_depth": 7.0, "num_boost_round": 39.0}, "datetime": {"datetime": "2024-01-19 01:04:04", "elapsed": 3143.153036, "delta": 0.003389}}
{"target": -13.757468818135159, "params": {"gamma": 710.3494298950437, "log10_alpha": -0.5726011045067194, "log10_colsample_bytree": -0.7112799648904973, "log10_eta": -2.5881709720666586, "log10_lambda": -4.759768077610785, "log10_min_child_weight": 4.060673613943234, "log10_subsample": -0.03901652283513524, "max_depth": 7.0, "num_boost_round": 40.0}, "datetime": {"datetime": "2024-01-19 01:04:04", "elapsed": 3143.156439, "delta": 0.003403}}
{"target": -13.757444678258317, "params": {"gamma": 710.3494298950437, "log10_alpha": -0.5726011045067194, "log10_colsample_bytree": -0.7112799648904973, "log10_eta": -2.5881709720666586, "log10_lambda": -4.759768077610785, "log10_min_child_weight": 4.060673613943234, "log10_subsample": -0.03901652283513524, "max_depth": 7.0, "num_boost_round": 41.0}, "datetime": {"datetime": "2024-01-19 01:04:04", "elapsed": 3143.159827, "delta": 0.003388}}
{"target": -13.75738693979728, "params": {"gamma": 710.3494298950437, "log10_alpha": -0.5726011045067194, "log10_colsample_bytree": -0.7112799648904973, "log10_eta": -2.5881709720666586, "log10_lambda": -4.759768077610785, "log10_min_child_weight": 4.060673613943234, "log10_subsample": -0.03901652283513524, "max_depth": 7.0, "num_boost_round": 42.0}, "datetime": {"datetime": "2024-01-19 01:04:04", "elapsed": 3143.163198, "delta": 0.003371}}
{"target": -13.757337583197774, "params": {"gamma": 710.3494298950437, "log10_alpha": -0.5726011045067194, "log10_colsample_bytree": -0.7112799648904973, "log10_eta": -2.5881709720666586, "log10_lambda": -4.759768077610785, "log10_min_child_weight": 4.060673613943234, "log10_subsample": -0.03901652283513524, "max_depth": 7.0, "num_boost_round": 43.0}, "datetime": {"datetime": "2024-01-19 01:04:04", "elapsed": 3143.166497, "delta": 0.003299}}
{"target": -13.75729370708622, "params": {"gamma": 710.3494298950437, "log10_alpha": -0.5726011045067194, "log10_colsample_bytree": -0.7112799648904973, "log10_eta": -2.5881709720666586, "log10_lambda": -4.759768077610785, "log10_min_child_weight": 4.060673613943234, "log10_subsample": -0.03901652283513524, "max_depth": 7.0, "num_boost_round": 44.0}, "datetime": {"datetime": "2024-01-19 01:04:04", "elapsed": 3143.169834, "delta": 0.003337}}
{"target": -13.757260478630194, "params": {"gamma": 710.3494298950437, "log10_alpha": -0.5726011045067194, "log10_colsample_bytree": -0.7112799648904973, "log10_eta": -2.5881709720666586, "log10_lambda": -4.759768077610785, "log10_min_child_weight": 4.060673613943234, "log10_subsample": -0.03901652283513524, "max_depth": 7.0, "num_boost_round": 45.0}, "datetime": {"datetime": "2024-01-19 01:04:04", "elapsed": 3143.17316, "delta": 0.003326}}
{"target": -13.757233438156492, "params": {"gamma": 710.3494298950437, "log10_alpha": -0.5726011045067194, "log10_colsample_bytree": -0.7112799648904973, "log10_eta": -2.5881709720666586, "log10_lambda": -4.759768077610785, "log10_min_child_weight": 4.060673613943234, "log10_subsample": -0.03901652283513524, "max_depth": 7.0, "num_boost_round": 46.0}, "datetime": {"datetime": "2024-01-19 01:04:04", "elapsed": 3143.176548, "delta": 0.003388}}
{"target": -13.757215619674632, "params": {"gamma": 710.3494298950437, "log10_alpha": -0.5726011045067194, "log10_colsample_bytree": -0.7112799648904973, "log10_eta": -2.5881709720666586, "log10_lambda": -4.759768077610785, "log10_min_child_weight": 4.060673613943234, "log10_subsample": -0.03901652283513524, "max_depth": 7.0, "num_boost_round": 47.0}, "datetime": {"datetime": "2024-01-19 01:04:04", "elapsed": 3143.179966, "delta": 0.003418}}
{"target": -13.75721270891646, "params": {"gamma": 710.3494298950437, "log10_alpha": -0.5726011045067194, "log10_colsample_bytree": -0.7112799648904973, "log10_eta": -2.5881709720666586, "log10_lambda": -4.759768077610785, "log10_min_child_weight": 4.060673613943234, "log10_subsample": -0.03901652283513524, "max_depth": 7.0, "num_boost_round": 48.0}, "datetime": {"datetime": "2024-01-19 01:04:04", "elapsed": 3143.183356, "delta": 0.00339}}
{"target": -13.757211725673383, "params": {"gamma": 710.3494298950437, "log10_alpha": -0.5726011045067194, "log10_colsample_bytree": -0.7112799648904973, "log10_eta": -2.5881709720666586, "log10_lambda": -4.759768077610785, "log10_min_child_weight": 4.060673613943234, "log10_subsample": -0.03901652283513524, "max_depth": 7.0, "num_boost_round": 49.0}, "datetime": {"datetime": "2024-01-19 01:04:04", "elapsed": 3143.18674, "delta": 0.003384}}
{"target": -13.757221792734306, "params": {"gamma": 710.3494298950437, "log10_alpha": -0.5726011045067194, "log10_colsample_bytree": -0.7112799648904973, "log10_eta": -2.5881709720666586, "log10_lambda": -4.759768077610785, "log10_min_child_weight": 4.060673613943234, "log10_subsample": -0.03901652283513524, "max_depth": 7.0, "num_boost_round": 50.0}, "datetime": {"datetime": "2024-01-19 01:04:04", "elapsed": 3143.190118, "delta": 0.003378}}
{"target": -13.757192275382167, "params": {"gamma": 710.3494298950437, "log10_alpha": -0.5726011045067194, "log10_colsample_bytree": -0.7112799648904973, "log10_eta": -2.5881709720666586, "log10_lambda": -4.759768077610785, "log10_min_child_weight": 4.060673613943234, "log10_subsample": -0.03901652283513524, "max_depth": 7.0, "num_boost_round": 51.0}, "datetime": {"datetime": "2024-01-19 01:04:04", "elapsed": 3143.193471, "delta": 0.003353}}
{"target": -13.75714505140944, "params": {"gamma": 710.3494298950437, "log10_alpha": -0.5726011045067194, "log10_colsample_bytree": -0.7112799648904973, "log10_eta": -2.5881709720666586, "log10_lambda": -4.759768077610785, "log10_min_child_weight": 4.060673613943234, "log10_subsample": -0.03901652283513524, "max_depth": 7.0, "num_boost_round": 52.0}, "datetime": {"datetime": "2024-01-19 01:04:04", "elapsed": 3143.196944, "delta": 0.003473}}
{"target": -13.757093801162515, "params": {"gamma": 710.3494298950437, "log10_alpha": -0.5726011045067194, "log10_colsample_bytree": -0.7112799648904973, "log10_eta": -2.5881709720666586, "log10_lambda": -4.759768077610785, "log10_min_child_weight": 4.060673613943234, "log10_subsample": -0.03901652283513524, "max_depth": 7.0, "num_boost_round": 53.0}, "datetime": {"datetime": "2024-01-19 01:04:04", "elapsed": 3143.200345, "delta": 0.003401}}
{"target": -13.757046120326963, "params": {"gamma": 710.3494298950437, "log10_alpha": -0.5726011045067194, "log10_colsample_bytree": -0.7112799648904973, "log10_eta": -2.5881709720666586, "log10_lambda": -4.759768077610785, "log10_min_child_weight": 4.060673613943234, "log10_subsample": -0.03901652283513524, "max_depth": 7.0, "num_boost_round": 54.0}, "datetime": {"datetime": "2024-01-19 01:04:04", "elapsed": 3143.203686, "delta": 0.003341}}
{"target": -13.75700597834391, "params": {"gamma": 710.3494298950437, "log10_alpha": -0.5726011045067194, "log10_colsample_bytree": -0.7112799648904973, "log10_eta": -2.5881709720666586, "log10_lambda": -4.759768077610785, "log10_min_child_weight": 4.060673613943234, "log10_subsample": -0.03901652283513524, "max_depth": 7.0, "num_boost_round": 55.0}, "datetime": {"datetime": "2024-01-19 01:04:04", "elapsed": 3143.206976, "delta": 0.00329}}
{"target": -13.756967074289435, "params": {"gamma": 710.3494298950437, "log10_alpha": -0.5726011045067194, "log10_colsample_bytree": -0.7112799648904973, "log10_eta": -2.5881709720666586, "log10_lambda": -4.759768077610785, "log10_min_child_weight": 4.060673613943234, "log10_subsample": -0.03901652283513524, "max_depth": 7.0, "num_boost_round": 56.0}, "datetime": {"datetime": "2024-01-19 01:04:04", "elapsed": 3143.210351, "delta": 0.003375}}
{"target": -13.756974293610572, "params": {"gamma": 710.3494298950437, "log10_alpha": -0.5726011045067194, "log10_colsample_bytree": -0.7112799648904973, "log10_eta": -2.5881709720666586, "log10_lambda": -4.759768077610785, "log10_min_child_weight": 4.060673613943234, "log10_subsample": -0.03901652283513524, "max_depth": 7.0, "num_boost_round": 57.0}, "datetime": {"datetime": "2024-01-19 01:04:04", "elapsed": 3143.213725, "delta": 0.003374}}
