{"target": -13.809293506866227, "params": {"gamma": 713.2262742032831, "log10_alpha": -3.1262243222493282, "log10_colsample_bytree": -0.7227576357125636, "log10_eta": -0.5241808578702418, "log10_lambda": -2.693729718414245, "log10_min_child_weight": 4.7201325836227435, "log10_subsample": -0.41517161448571405, "max_depth": 9.0, "num_boost_round": 69.0}, "datetime": {"datetime": "2024-01-19 02:09:15", "elapsed": 7054.349452, "delta": 0.006656}}
{"target": -13.810161239499424, "params": {"gamma": 713.2262742032831, "log10_alpha": -3.1262243222493282, "log10_colsample_bytree": -0.7227576357125636, "log10_eta": -0.5241808578702418, "log10_lambda": -2.693729718414245, "log10_min_child_weight": 4.7201325836227435, "log10_subsample": -0.41517161448571405, "max_depth": 9.0, "num_boost_round": 70.0}, "datetime": {"datetime": "2024-01-19 02:09:15", "elapsed": 7054.356084, "delta": 0.006632}}
{"target": -13.80912726042845, "params": {"gamma": 713.2262742032831, "log10_alpha": -3.1262243222493282, "log10_colsample_bytree": -0.7227576357125636, "log10_eta": -0.5241808578702418, "log10_lambda": -2.693729718414245, "log10_min_child_weight": 4.7201325836227435, "log10_subsample": -0.41517161448571405, "max_depth": 9.0, "num_boost_round": 71.0}, "datetime": {"datetime": "2024-01-19 02:09:15", "elapsed": 7054.362612, "delta": 0.006528}}
{"target": -13.81113860459237, "params": {"gamma": 713.2262742032831, "log10_alpha": -3.1262243222493282, "log10_colsample_bytree": -0.7227576357125636, "log10_eta": -0.5241808578702418, "log10_lambda": -2.693729718414245, "log10_min_child_weight": 4.7201325836227435, "log10_subsample": -0.41517161448571405, "max_depth": 9.0, "num_boost_round": 72.0}, "datetime": {"datetime": "2024-01-19 02:09:15", "elapsed": 7054.36912, "delta": 0.006508}}
{"target": -13.810719790469049, "params": {"gamma": 713.2262742032831, "log10_alpha": -3.1262243222493282, "log10_colsample_bytree": -0.7227576357125636, "log10_eta": -0.5241808578702418, "log10_lambda": -2.693729718414245, "log10_min_child_weight": 4.7201325836227435, "log10_subsample": -0.41517161448571405, "max_depth": 9.0, "num_boost_round": 73.0}, "datetime": {"datetime": "2024-01-19 02:09:15", "elapsed": 7054.375838, "delta": 0.006718}}
{"target": -13.810816921522639, "params": {"gamma": 713.2262742032831, "log10_alpha": -3.1262243222493282, "log10_colsample_bytree": -0.7227576357125636, "log10_eta": -0.5241808578702418, "log10_lambda": -2.693729718414245, "log10_min_child_weight": 4.7201325836227435, "log10_subsample": -0.41517161448571405, "max_depth": 9.0, "num_boost_round": 74.0}, "datetime": {"datetime": "2024-01-19 02:09:15", "elapsed": 7054.383814, "delta": 0.007976}}
{"target": -13.758535060303888, "params": {"gamma": 721.0457903299922, "log10_alpha": -2.695273949531319, "log10_colsample_bytree": -0.16210951118990424, "log10_eta": -3.1957123570936297, "log10_lambda": 0.6133597780209774, "log10_min_child_weight": 3.1187816642712356, "log10_subsample": -0.9739777072706894, "max_depth": 7.0, "num_boost_round": 0.0}, "datetime": {"datetime": "2024-01-19 02:11:15", "elapsed": 7174.857046, "delta": 120.473232}}
{"target": -13.758521729477964, "params": {"gamma": 721.0457903299922, "log10_alpha": -2.695273949531319, "log10_colsample_bytree": -0.16210951118990424, "log10_eta": -3.1957123570936297, "log10_lambda": 0.6133597780209774, "log10_min_child_weight": 3.1187816642712356, "log10_subsample": -0.9739777072706894, "max_depth": 7.0, "num_boost_round": 1.0}, "datetime": {"datetime": "2024-01-19 02:11:15", "elapsed": 7174.865744, "delta": 0.008698}}
{"target": -13.758508004371416, "params": {"gamma": 721.0457903299922, "log10_alpha": -2.695273949531319, "log10_colsample_bytree": -0.16210951118990424, "log10_eta": -3.1957123570936297, "log10_lambda": 0.6133597780209774, "log10_min_child_weight": 3.1187816642712356, "log10_subsample": -0.9739777072706894, "max_depth": 7.0, "num_boost_round": 2.0}, "datetime": {"datetime": "2024-01-19 02:11:15", "elapsed": 7174.872815, "delta": 0.007071}}
{"target": -13.758513121713156, "params": {"gamma": 721.0457903299922, "log10_alpha": -2.695273949531319, "log10_colsample_bytree": -0.16210951118990424, "log10_eta": -3.1957123570936297, "log10_lambda": 0.6133597780209774, "log10_min_child_weight": 3.1187816642712356, "log10_subsample": -0.9739777072706894, "max_depth": 7.0, "num_boost_round": 3.0}, "datetime": {"datetime": "2024-01-19 02:11:15", "elapsed": 7174.879944, "delta": 0.007129}}
{"target": -13.758503152160408, "params": {"gamma": 721.0457903299922, "log10_alpha": -2.695273949531319, "log10_colsample_bytree": -0.16210951118990424, "log10_eta": -3.1957123570936297, "log10_lambda": 0.6133597780209774, "log10_min_child_weight": 3.1187816642712356, "log10_subsample": -0.9739777072706894, "max_depth": 7.0, "num_boost_round": 4.0}, "datetime": {"datetime": "2024-01-19 02:11:15", "elapsed": 7174.887274, "delta": 0.00733}}
{"target": -13.758498190213109, "params": {"gamma": 721.0457903299922, "log10_alpha": -2.695273949531319, "log10_colsample_bytree": -0.16210951118990424, "log10_eta": -3.1957123570936297, "log10_lambda": 0.6133597780209774, "log10_min_child_weight": 3.1187816642712356, "log10_subsample": -0.9739777072706894, "max_depth": 7.0, "num_boost_round": 5.0}, "datetime": {"datetime": "2024-01-19 02:11:15", "elapsed": 7174.893981, "delta": 0.006707}}
{"target": -13.758483700085073, "params": {"gamma": 721.0457903299922, "log10_alpha": -2.695273949531319, "log10_colsample_bytree": -0.16210951118990424, "log10_eta": -3.1957123570936297, "log10_lambda": 0.6133597780209774, "log10_min_child_weight": 3.1187816642712356, "log10_subsample": -0.9739777072706894, "max_depth": 7.0, "num_boost_round": 6.0}, "datetime": {"datetime": "2024-01-19 02:11:15", "elapsed": 7174.900665, "delta": 0.006684}}
{"target": -13.758479887345992, "params": {"gamma": 721.0457903299922, "log10_alpha": -2.695273949531319, "log10_colsample_bytree": -0.16210951118990424, "log10_eta": -3.1957123570936297, "log10_lambda": 0.6133597780209774, "log10_min_child_weight": 3.1187816642712356, "log10_subsample": -0.9739777072706894, "max_depth": 7.0, "num_boost_round": 7.0}, "datetime": {"datetime": "2024-01-19 02:11:15", "elapsed": 7174.907839, "delta": 0.007174}}
{"target": -13.758464305880366, "params": {"gamma": 721.0457903299922, "log10_alpha": -2.695273949531319, "log10_colsample_bytree": -0.16210951118990424, "log10_eta": -3.1957123570936297, "log10_lambda": 0.6133597780209774, "log10_min_child_weight": 3.1187816642712356, "log10_subsample": -0.9739777072706894, "max_depth": 7.0, "num_boost_round": 8.0}, "datetime": {"datetime": "2024-01-19 02:11:15", "elapsed": 7174.914617, "delta": 0.006778}}
{"target": -13.758455831835757, "params": {"gamma": 721.0457903299922, "log10_alpha": -2.695273949531319, "log10_colsample_bytree": -0.16210951118990424, "log10_eta": -3.1957123570936297, "log10_lambda": 0.6133597780209774, "log10_min_child_weight": 3.1187816642712356, "log10_subsample": -0.9739777072706894, "max_depth": 7.0, "num_boost_round": 9.0}, "datetime": {"datetime": "2024-01-19 02:11:15", "elapsed": 7174.921758, "delta": 0.007141}}
{"target": -13.758432394359554, "params": {"gamma": 721.0457903299922, "log10_alpha": -2.695273949531319, "log10_colsample_bytree": -0.16210951118990424, "log10_eta": -3.1957123570936297, "log10_lambda": 0.6133597780209774, "log10_min_child_weight": 3.1187816642712356, "log10_subsample": -0.9739777072706894, "max_depth": 7.0, "num_boost_round": 10.0}, "datetime": {"datetime": "2024-01-19 02:11:15", "elapsed": 7174.928666, "delta": 0.006908}}
{"target": -13.758415652082563, "params": {"gamma": 721.0457903299922, "log10_alpha": -2.695273949531319, "log10_colsample_bytree": -0.16210951118990424, "log10_eta": -3.1957123570936297, "log10_lambda": 0.6133597780209774, "log10_min_child_weight": 3.1187816642712356, "log10_subsample": -0.9739777072706894, "max_depth": 7.0, "num_boost_round": 11.0}, "datetime": {"datetime": "2024-01-19 02:11:15", "elapsed": 7174.935798, "delta": 0.007132}}
{"target": -13.758398436282876, "params": {"gamma": 721.0457903299922, "log10_alpha": -2.695273949531319, "log10_colsample_bytree": -0.16210951118990424, "log10_eta": -3.1957123570936297, "log10_lambda": 0.6133597780209774, "log10_min_child_weight": 3.1187816642712356, "log10_subsample": -0.9739777072706894, "max_depth": 7.0, "num_boost_round": 12.0}, "datetime": {"datetime": "2024-01-19 02:11:15", "elapsed": 7174.942877, "delta": 0.007079}}
{"target": -13.758397206143824, "params": {"gamma": 721.0457903299922, "log10_alpha": -2.695273949531319, "log10_colsample_bytree": -0.16210951118990424, "log10_eta": -3.1957123570936297, "log10_lambda": 0.6133597780209774, "log10_min_child_weight": 3.1187816642712356, "log10_subsample": -0.9739777072706894, "max_depth": 7.0, "num_boost_round": 13.0}, "datetime": {"datetime": "2024-01-19 02:11:15", "elapsed": 7175.074998, "delta": 0.132121}}
{"target": -13.758538119937963, "params": {"gamma": 708.6616900614201, "log10_alpha": -2.0413058741336387, "log10_colsample_bytree": -0.16603533509428203, "log10_eta": -3.811220079177277, "log10_lambda": 0.8144524397193109, "log10_min_child_weight": 0.5583458821517728, "log10_subsample": -0.622978168657336, "max_depth": 3.0, "num_boost_round": 0.0}, "datetime": {"datetime": "2024-01-19 02:14:01", "elapsed": 7340.132266, "delta": 165.057268}}
{"target": -13.758536665939685, "params": {"gamma": 708.6616900614201, "log10_alpha": -2.0413058741336387, "log10_colsample_bytree": -0.16603533509428203, "log10_eta": -3.811220079177277, "log10_lambda": 0.8144524397193109, "log10_min_child_weight": 0.5583458821517728, "log10_subsample": -0.622978168657336, "max_depth": 3.0, "num_boost_round": 1.0}, "datetime": {"datetime": "2024-01-19 02:14:01", "elapsed": 7340.140337, "delta": 0.008071}}
{"target": -13.758537346010685, "params": {"gamma": 708.6616900614201, "log10_alpha": -2.0413058741336387, "log10_colsample_bytree": -0.16603533509428203, "log10_eta": -3.811220079177277, "log10_lambda": 0.8144524397193109, "log10_min_child_weight": 0.5583458821517728, "log10_subsample": -0.622978168657336, "max_depth": 3.0, "num_boost_round": 2.0}, "datetime": {"datetime": "2024-01-19 02:14:01", "elapsed": 7340.147612, "delta": 0.007275}}
{"target": -13.758536190491974, "params": {"gamma": 708.6616900614201, "log10_alpha": -2.0413058741336387, "log10_colsample_bytree": -0.16603533509428203, "log10_eta": -3.811220079177277, "log10_lambda": 0.8144524397193109, "log10_min_child_weight": 0.5583458821517728, "log10_subsample": -0.622978168657336, "max_depth": 3.0, "num_boost_round": 3.0}, "datetime": {"datetime": "2024-01-19 02:14:01", "elapsed": 7340.154424, "delta": 0.006812}}
{"target": -13.758537236887413, "params": {"gamma": 708.6616900614201, "log10_alpha": -2.0413058741336387, "log10_colsample_bytree": -0.16603533509428203, "log10_eta": -3.811220079177277, "log10_lambda": 0.8144524397193109, "log10_min_child_weight": 0.5583458821517728, "log10_subsample": -0.622978168657336, "max_depth": 3.0, "num_boost_round": 4.0}, "datetime": {"datetime": "2024-01-19 02:14:01", "elapsed": 7340.161307, "delta": 0.006883}}
{"target": -13.758536025135395, "params": {"gamma": 708.6616900614201, "log10_alpha": -2.0413058741336387, "log10_colsample_bytree": -0.16603533509428203, "log10_eta": -3.811220079177277, "log10_lambda": 0.8144524397193109, "log10_min_child_weight": 0.5583458821517728, "log10_subsample": -0.622978168657336, "max_depth": 3.0, "num_boost_round": 5.0}, "datetime": {"datetime": "2024-01-19 02:14:01", "elapsed": 7340.168023, "delta": 0.006716}}
{"target": -13.758535823095816, "params": {"gamma": 708.6616900614201, "log10_alpha": -2.0413058741336387, "log10_colsample_bytree": -0.16603533509428203, "log10_eta": -3.811220079177277, "log10_lambda": 0.8144524397193109, "log10_min_child_weight": 0.5583458821517728, "log10_subsample": -0.622978168657336, "max_depth": 3.0, "num_boost_round": 6.0}, "datetime": {"datetime": "2024-01-19 02:14:01", "elapsed": 7340.174936, "delta": 0.006913}}
{"target": -13.758535446320963, "params": {"gamma": 708.6616900614201, "log10_alpha": -2.0413058741336387, "log10_colsample_bytree": -0.16603533509428203, "log10_eta": -3.811220079177277, "log10_lambda": 0.8144524397193109, "log10_min_child_weight": 0.5583458821517728, "log10_subsample": -0.622978168657336, "max_depth": 3.0, "num_boost_round": 7.0}, "datetime": {"datetime": "2024-01-19 02:14:01", "elapsed": 7340.181704, "delta": 0.006768}}
{"target": -13.758532504548496, "params": {"gamma": 708.6616900614201, "log10_alpha": -2.0413058741336387, "log10_colsample_bytree": -0.16603533509428203, "log10_eta": -3.811220079177277, "log10_lambda": 0.8144524397193109, "log10_min_child_weight": 0.5583458821517728, "log10_subsample": -0.622978168657336, "max_depth": 3.0, "num_boost_round": 8.0}, "datetime": {"datetime": "2024-01-19 02:14:01", "elapsed": 7340.188567, "delta": 0.006863}}
{"target": -13.75853228305401, "params": {"gamma": 708.6616900614201, "log10_alpha": -2.0413058741336387, "log10_colsample_bytree": -0.16603533509428203, "log10_eta": -3.811220079177277, "log10_lambda": 0.8144524397193109, "log10_min_child_weight": 0.5583458821517728, "log10_subsample": -0.622978168657336, "max_depth": 3.0, "num_boost_round": 9.0}, "datetime": {"datetime": "2024-01-19 02:14:01", "elapsed": 7340.195299, "delta": 0.006732}}
{"target": -13.758530992253336, "params": {"gamma": 708.6616900614201, "log10_alpha": -2.0413058741336387, "log10_colsample_bytree": -0.16603533509428203, "log10_eta": -3.811220079177277, "log10_lambda": 0.8144524397193109, "log10_min_child_weight": 0.5583458821517728, "log10_subsample": -0.622978168657336, "max_depth": 3.0, "num_boost_round": 10.0}, "datetime": {"datetime": "2024-01-19 02:14:01", "elapsed": 7340.202143, "delta": 0.006844}}
{"target": -13.758528148923308, "params": {"gamma": 708.6616900614201, "log10_alpha": -2.0413058741336387, "log10_colsample_bytree": -0.16603533509428203, "log10_eta": -3.811220079177277, "log10_lambda": 0.8144524397193109, "log10_min_child_weight": 0.5583458821517728, "log10_subsample": -0.622978168657336, "max_depth": 3.0, "num_boost_round": 11.0}, "datetime": {"datetime": "2024-01-19 02:14:01", "elapsed": 7340.20875, "delta": 0.006607}}
{"target": -13.758527104791824, "params": {"gamma": 708.6616900614201, "log10_alpha": -2.0413058741336387, "log10_colsample_bytree": -0.16603533509428203, "log10_eta": -3.811220079177277, "log10_lambda": 0.8144524397193109, "log10_min_child_weight": 0.5583458821517728, "log10_subsample": -0.622978168657336, "max_depth": 3.0, "num_boost_round": 12.0}, "datetime": {"datetime": "2024-01-19 02:14:01", "elapsed": 7340.215474, "delta": 0.006724}}
{"target": -13.758526218111113, "params": {"gamma": 708.6616900614201, "log10_alpha": -2.0413058741336387, "log10_colsample_bytree": -0.16603533509428203, "log10_eta": -3.811220079177277, "log10_lambda": 0.8144524397193109, "log10_min_child_weight": 0.5583458821517728, "log10_subsample": -0.622978168657336, "max_depth": 3.0, "num_boost_round": 13.0}, "datetime": {"datetime": "2024-01-19 02:14:01", "elapsed": 7340.222215, "delta": 0.006741}}
{"target": -13.758525292453765, "params": {"gamma": 708.6616900614201, "log10_alpha": -2.0413058741336387, "log10_colsample_bytree": -0.16603533509428203, "log10_eta": -3.811220079177277, "log10_lambda": 0.8144524397193109, "log10_min_child_weight": 0.5583458821517728, "log10_subsample": -0.622978168657336, "max_depth": 3.0, "num_boost_round": 14.0}, "datetime": {"datetime": "2024-01-19 02:14:01", "elapsed": 7340.228885, "delta": 0.00667}}
{"target": -13.758522117750541, "params": {"gamma": 708.6616900614201, "log10_alpha": -2.0413058741336387, "log10_colsample_bytree": -0.16603533509428203, "log10_eta": -3.811220079177277, "log10_lambda": 0.8144524397193109, "log10_min_child_weight": 0.5583458821517728, "log10_subsample": -0.622978168657336, "max_depth": 3.0, "num_boost_round": 15.0}, "datetime": {"datetime": "2024-01-19 02:14:01", "elapsed": 7340.235839, "delta": 0.006954}}
{"target": -13.758519429016943, "params": {"gamma": 708.6616900614201, "log10_alpha": -2.0413058741336387, "log10_colsample_bytree": -0.16603533509428203, "log10_eta": -3.811220079177277, "log10_lambda": 0.8144524397193109, "log10_min_child_weight": 0.5583458821517728, "log10_subsample": -0.622978168657336, "max_depth": 3.0, "num_boost_round": 16.0}, "datetime": {"datetime": "2024-01-19 02:14:01", "elapsed": 7340.242737, "delta": 0.006898}}
{"target": -13.758518104018615, "params": {"gamma": 708.6616900614201, "log10_alpha": -2.0413058741336387, "log10_colsample_bytree": -0.16603533509428203, "log10_eta": -3.811220079177277, "log10_lambda": 0.8144524397193109, "log10_min_child_weight": 0.5583458821517728, "log10_subsample": -0.622978168657336, "max_depth": 3.0, "num_boost_round": 17.0}, "datetime": {"datetime": "2024-01-19 02:14:01", "elapsed": 7340.249408, "delta": 0.006671}}
{"target": -13.758515801464753, "params": {"gamma": 708.6616900614201, "log10_alpha": -2.0413058741336387, "log10_colsample_bytree": -0.16603533509428203, "log10_eta": -3.811220079177277, "log10_lambda": 0.8144524397193109, "log10_min_child_weight": 0.5583458821517728, "log10_subsample": -0.622978168657336, "max_depth": 3.0, "num_boost_round": 18.0}, "datetime": {"datetime": "2024-01-19 02:14:01", "elapsed": 7340.256348, "delta": 0.00694}}
{"target": -13.758514389516222, "params": {"gamma": 708.6616900614201, "log10_alpha": -2.0413058741336387, "log10_colsample_bytree": -0.16603533509428203, "log10_eta": -3.811220079177277, "log10_lambda": 0.8144524397193109, "log10_min_child_weight": 0.5583458821517728, "log10_subsample": -0.622978168657336, "max_depth": 3.0, "num_boost_round": 19.0}, "datetime": {"datetime": "2024-01-19 02:14:01", "elapsed": 7340.386568, "delta": 0.13022}}
{"target": -13.758513192661276, "params": {"gamma": 708.6616900614201, "log10_alpha": -2.0413058741336387, "log10_colsample_bytree": -0.16603533509428203, "log10_eta": -3.811220079177277, "log10_lambda": 0.8144524397193109, "log10_min_child_weight": 0.5583458821517728, "log10_subsample": -0.622978168657336, "max_depth": 3.0, "num_boost_round": 20.0}, "datetime": {"datetime": "2024-01-19 02:14:01", "elapsed": 7340.395009, "delta": 0.008441}}
{"target": -13.758510730005694, "params": {"gamma": 708.6616900614201, "log10_alpha": -2.0413058741336387, "log10_colsample_bytree": -0.16603533509428203, "log10_eta": -3.811220079177277, "log10_lambda": 0.8144524397193109, "log10_min_child_weight": 0.5583458821517728, "log10_subsample": -0.622978168657336, "max_depth": 3.0, "num_boost_round": 21.0}, "datetime": {"datetime": "2024-01-19 02:14:01", "elapsed": 7340.40238, "delta": 0.007371}}
{"target": -13.75850749540936, "params": {"gamma": 708.6616900614201, "log10_alpha": -2.0413058741336387, "log10_colsample_bytree": -0.16603533509428203, "log10_eta": -3.811220079177277, "log10_lambda": 0.8144524397193109, "log10_min_child_weight": 0.5583458821517728, "log10_subsample": -0.622978168657336, "max_depth": 3.0, "num_boost_round": 22.0}, "datetime": {"datetime": "2024-01-19 02:14:01", "elapsed": 7340.409618, "delta": 0.007238}}
{"target": -13.758504422501991, "params": {"gamma": 708.6616900614201, "log10_alpha": -2.0413058741336387, "log10_colsample_bytree": -0.16603533509428203, "log10_eta": -3.811220079177277, "log10_lambda": 0.8144524397193109, "log10_min_child_weight": 0.5583458821517728, "log10_subsample": -0.622978168657336, "max_depth": 3.0, "num_boost_round": 23.0}, "datetime": {"datetime": "2024-01-19 02:14:01", "elapsed": 7340.416671, "delta": 0.007053}}
{"target": -13.758503727248973, "params": {"gamma": 708.6616900614201, "log10_alpha": -2.0413058741336387, "log10_colsample_bytree": -0.16603533509428203, "log10_eta": -3.811220079177277, "log10_lambda": 0.8144524397193109, "log10_min_child_weight": 0.5583458821517728, "log10_subsample": -0.622978168657336, "max_depth": 3.0, "num_boost_round": 24.0}, "datetime": {"datetime": "2024-01-19 02:14:01", "elapsed": 7340.423515, "delta": 0.006844}}
{"target": -13.758500422189247, "params": {"gamma": 708.6616900614201, "log10_alpha": -2.0413058741336387, "log10_colsample_bytree": -0.16603533509428203, "log10_eta": -3.811220079177277, "log10_lambda": 0.8144524397193109, "log10_min_child_weight": 0.5583458821517728, "log10_subsample": -0.622978168657336, "max_depth": 3.0, "num_boost_round": 25.0}, "datetime": {"datetime": "2024-01-19 02:14:01", "elapsed": 7340.430267, "delta": 0.006752}}
{"target": -13.758496812611103, "params": {"gamma": 708.6616900614201, "log10_alpha": -2.0413058741336387, "log10_colsample_bytree": -0.16603533509428203, "log10_eta": -3.811220079177277, "log10_lambda": 0.8144524397193109, "log10_min_child_weight": 0.5583458821517728, "log10_subsample": -0.622978168657336, "max_depth": 3.0, "num_boost_round": 26.0}, "datetime": {"datetime": "2024-01-19 02:14:01", "elapsed": 7340.437362, "delta": 0.007095}}
{"target": -13.758494659223704, "params": {"gamma": 708.6616900614201, "log10_alpha": -2.0413058741336387, "log10_colsample_bytree": -0.16603533509428203, "log10_eta": -3.811220079177277, "log10_lambda": 0.8144524397193109, "log10_min_child_weight": 0.5583458821517728, "log10_subsample": -0.622978168657336, "max_depth": 3.0, "num_boost_round": 27.0}, "datetime": {"datetime": "2024-01-19 02:14:01", "elapsed": 7340.444296, "delta": 0.006934}}
{"target": -13.758491856542108, "params": {"gamma": 708.6616900614201, "log10_alpha": -2.0413058741336387, "log10_colsample_bytree": -0.16603533509428203, "log10_eta": -3.811220079177277, "log10_lambda": 0.8144524397193109, "log10_min_child_weight": 0.5583458821517728, "log10_subsample": -0.622978168657336, "max_depth": 3.0, "num_boost_round": 28.0}, "datetime": {"datetime": "2024-01-19 02:14:01", "elapsed": 7340.451236, "delta": 0.00694}}
