{"target": -13.75853950368457, "params": {"gamma": 196.34751843006924, "log10_alpha": -3.956326938225679, "log10_colsample_bytree": -0.015014698398556181, "log10_eta": -3.2519297211302653, "log10_lambda": -1.1867279222329996, "log10_min_child_weight": 4.363551107488906, "log10_subsample": -0.4434303657942871, "max_depth": 5.0, "num_boost_round": 6.0}, "datetime": {"datetime": "2024-01-19 00:25:37", "elapsed": 844.649938, "delta": 0.0011}}
{"target": -13.758541556246874, "params": {"gamma": 196.34751843006924, "log10_alpha": -3.956326938225679, "log10_colsample_bytree": -0.015014698398556181, "log10_eta": -3.2519297211302653, "log10_lambda": -1.1867279222329996, "log10_min_child_weight": 4.363551107488906, "log10_subsample": -0.4434303657942871, "max_depth": 5.0, "num_boost_round": 7.0}, "datetime": {"datetime": "2024-01-19 00:25:37", "elapsed": 844.651481, "delta": 0.001543}}
{"target": -13.758542723809231, "params": {"gamma": 196.34751843006924, "log10_alpha": -3.956326938225679, "log10_colsample_bytree": -0.015014698398556181, "log10_eta": -3.2519297211302653, "log10_lambda": -1.1867279222329996, "log10_min_child_weight": 4.363551107488906, "log10_subsample": -0.4434303657942871, "max_depth": 5.0, "num_boost_round": 8.0}, "datetime": {"datetime": "2024-01-19 00:25:37", "elapsed": 844.652624, "delta": 0.001143}}
{"target": -13.758544641187806, "params": {"gamma": 196.34751843006924, "log10_alpha": -3.956326938225679, "log10_colsample_bytree": -0.015014698398556181, "log10_eta": -3.2519297211302653, "log10_lambda": -1.1867279222329996, "log10_min_child_weight": 4.363551107488906, "log10_subsample": -0.4434303657942871, "max_depth": 5.0, "num_boost_round": 9.0}, "datetime": {"datetime": "2024-01-19 00:25:37", "elapsed": 844.653737, "delta": 0.001113}}
{"target": -13.75854041843401, "params": {"gamma": 196.34751843006924, "log10_alpha": -3.956326938225679, "log10_colsample_bytree": -0.015014698398556181, "log10_eta": -3.2519297211302653, "log10_lambda": -1.1867279222329996, "log10_min_child_weight": 4.363551107488906, "log10_subsample": -0.4434303657942871, "max_depth": 5.0, "num_boost_round": 10.0}, "datetime": {"datetime": "2024-01-19 00:25:37", "elapsed": 844.65487, "delta": 0.001133}}
{"target": -13.758540257674259, "params": {"gamma": 196.34751843006924, "log10_alpha": -3.956326938225679, "log10_colsample_bytree": -0.015014698398556181, "log10_eta": -3.2519297211302653, "log10_lambda": -1.1867279222329996, "log10_min_child_weight": 4.363551107488906, "log10_subsample": -0.4434303657942871, "max_depth": 5.0, "num_boost_round": 11.0}, "datetime": {"datetime": "2024-01-19 00:25:37", "elapsed": 844.655991, "delta": 0.001121}}
{"target": -13.758542094062312, "params": {"gamma": 196.34751843006924, "log10_alpha": -3.956326938225679, "log10_colsample_bytree": -0.015014698398556181, "log10_eta": -3.2519297211302653, "log10_lambda": -1.1867279222329996, "log10_min_child_weight": 4.363551107488906, "log10_subsample": -0.4434303657942871, "max_depth": 5.0, "num_boost_round": 12.0}, "datetime": {"datetime": "2024-01-19 00:25:37", "elapsed": 844.657111, "delta": 0.00112}}
{"target": -13.758541369028631, "params": {"gamma": 196.34751843006924, "log10_alpha": -3.956326938225679, "log10_colsample_bytree": -0.015014698398556181, "log10_eta": -3.2519297211302653, "log10_lambda": -1.1867279222329996, "log10_min_child_weight": 4.363551107488906, "log10_subsample": -0.4434303657942871, "max_depth": 5.0, "num_boost_round": 13.0}, "datetime": {"datetime": "2024-01-19 00:25:37", "elapsed": 844.658283, "delta": 0.001172}}
{"target": -13.758544048740626, "params": {"gamma": 196.34751843006924, "log10_alpha": -3.956326938225679, "log10_colsample_bytree": -0.015014698398556181, "log10_eta": -3.2519297211302653, "log10_lambda": -1.1867279222329996, "log10_min_child_weight": 4.363551107488906, "log10_subsample": -0.4434303657942871, "max_depth": 5.0, "num_boost_round": 14.0}, "datetime": {"datetime": "2024-01-19 00:25:37", "elapsed": 844.659479, "delta": 0.001196}}
{"target": -13.758546771402168, "params": {"gamma": 196.34751843006924, "log10_alpha": -3.956326938225679, "log10_colsample_bytree": -0.015014698398556181, "log10_eta": -3.2519297211302653, "log10_lambda": -1.1867279222329996, "log10_min_child_weight": 4.363551107488906, "log10_subsample": -0.4434303657942871, "max_depth": 5.0, "num_boost_round": 15.0}, "datetime": {"datetime": "2024-01-19 00:25:37", "elapsed": 844.660581, "delta": 0.001102}}
{"target": -13.758545513840314, "params": {"gamma": 196.34751843006924, "log10_alpha": -3.956326938225679, "log10_colsample_bytree": -0.015014698398556181, "log10_eta": -3.2519297211302653, "log10_lambda": -1.1867279222329996, "log10_min_child_weight": 4.363551107488906, "log10_subsample": -0.4434303657942871, "max_depth": 5.0, "num_boost_round": 16.0}, "datetime": {"datetime": "2024-01-19 00:25:37", "elapsed": 844.661692, "delta": 0.001111}}
{"target": -13.758546800055449, "params": {"gamma": 196.34751843006924, "log10_alpha": -3.956326938225679, "log10_colsample_bytree": -0.015014698398556181, "log10_eta": -3.2519297211302653, "log10_lambda": -1.1867279222329996, "log10_min_child_weight": 4.363551107488906, "log10_subsample": -0.4434303657942871, "max_depth": 5.0, "num_boost_round": 17.0}, "datetime": {"datetime": "2024-01-19 00:25:37", "elapsed": 844.662803, "delta": 0.001111}}
{"target": -13.758548630675556, "params": {"gamma": 196.34751843006924, "log10_alpha": -3.956326938225679, "log10_colsample_bytree": -0.015014698398556181, "log10_eta": -3.2519297211302653, "log10_lambda": -1.1867279222329996, "log10_min_child_weight": 4.363551107488906, "log10_subsample": -0.4434303657942871, "max_depth": 5.0, "num_boost_round": 18.0}, "datetime": {"datetime": "2024-01-19 00:25:37", "elapsed": 844.663911, "delta": 0.001108}}
{"target": -13.758551032028702, "params": {"gamma": 196.34751843006924, "log10_alpha": -3.956326938225679, "log10_colsample_bytree": -0.015014698398556181, "log10_eta": -3.2519297211302653, "log10_lambda": -1.1867279222329996, "log10_min_child_weight": 4.363551107488906, "log10_subsample": -0.4434303657942871, "max_depth": 5.0, "num_boost_round": 19.0}, "datetime": {"datetime": "2024-01-19 00:25:37", "elapsed": 844.665032, "delta": 0.001121}}
{"target": -13.75855263119561, "params": {"gamma": 196.34751843006924, "log10_alpha": -3.956326938225679, "log10_colsample_bytree": -0.015014698398556181, "log10_eta": -3.2519297211302653, "log10_lambda": -1.1867279222329996, "log10_min_child_weight": 4.363551107488906, "log10_subsample": -0.4434303657942871, "max_depth": 5.0, "num_boost_round": 20.0}, "datetime": {"datetime": "2024-01-19 00:25:37", "elapsed": 844.666149, "delta": 0.001117}}
{"target": -13.758553554357059, "params": {"gamma": 196.34751843006924, "log10_alpha": -3.956326938225679, "log10_colsample_bytree": -0.015014698398556181, "log10_eta": -3.2519297211302653, "log10_lambda": -1.1867279222329996, "log10_min_child_weight": 4.363551107488906, "log10_subsample": -0.4434303657942871, "max_depth": 5.0, "num_boost_round": 21.0}, "datetime": {"datetime": "2024-01-19 00:25:37", "elapsed": 844.667261, "delta": 0.001112}}
{"target": -13.758550320880511, "params": {"gamma": 196.34751843006924, "log10_alpha": -3.956326938225679, "log10_colsample_bytree": -0.015014698398556181, "log10_eta": -3.2519297211302653, "log10_lambda": -1.1867279222329996, "log10_min_child_weight": 4.363551107488906, "log10_subsample": -0.4434303657942871, "max_depth": 5.0, "num_boost_round": 22.0}, "datetime": {"datetime": "2024-01-19 00:25:37", "elapsed": 844.66837, "delta": 0.001109}}
{"target": -13.758535388794792, "params": {"gamma": 191.9289109073488, "log10_alpha": -0.03899608334493412, "log10_colsample_bytree": -0.9779517027442245, "log10_eta": -4.0, "log10_lambda": 1.0, "log10_min_child_weight": 0.0, "log10_subsample": -1.0, "max_depth": 3.0, "num_boost_round": 0.0}, "datetime": {"datetime": "2024-01-19 00:25:56", "elapsed": 864.049862, "delta": 19.381492}}
{"target": -13.758533623376449, "params": {"gamma": 191.9289109073488, "log10_alpha": -0.03899608334493412, "log10_colsample_bytree": -0.9779517027442245, "log10_eta": -4.0, "log10_lambda": 1.0, "log10_min_child_weight": 0.0, "log10_subsample": -1.0, "max_depth": 3.0, "num_boost_round": 1.0}, "datetime": {"datetime": "2024-01-19 00:25:56", "elapsed": 864.051557, "delta": 0.001695}}
{"target": -13.75853291715742, "params": {"gamma": 191.9289109073488, "log10_alpha": -0.03899608334493412, "log10_colsample_bytree": -0.9779517027442245, "log10_eta": -4.0, "log10_lambda": 1.0, "log10_min_child_weight": 0.0, "log10_subsample": -1.0, "max_depth": 3.0, "num_boost_round": 2.0}, "datetime": {"datetime": "2024-01-19 00:25:56", "elapsed": 864.053115, "delta": 0.001558}}
{"target": -13.758533518813763, "params": {"gamma": 191.9289109073488, "log10_alpha": -0.03899608334493412, "log10_colsample_bytree": -0.9779517027442245, "log10_eta": -4.0, "log10_lambda": 1.0, "log10_min_child_weight": 0.0, "log10_subsample": -1.0, "max_depth": 3.0, "num_boost_round": 3.0}, "datetime": {"datetime": "2024-01-19 00:25:56", "elapsed": 864.054303, "delta": 0.001188}}
{"target": -13.758532697854996, "params": {"gamma": 191.9289109073488, "log10_alpha": -0.03899608334493412, "log10_colsample_bytree": -0.9779517027442245, "log10_eta": -4.0, "log10_lambda": 1.0, "log10_min_child_weight": 0.0, "log10_subsample": -1.0, "max_depth": 3.0, "num_boost_round": 4.0}, "datetime": {"datetime": "2024-01-19 00:25:56", "elapsed": 864.055471, "delta": 0.001168}}
{"target": -13.758532234075174, "params": {"gamma": 191.9289109073488, "log10_alpha": -0.03899608334493412, "log10_colsample_bytree": -0.9779517027442245, "log10_eta": -4.0, "log10_lambda": 1.0, "log10_min_child_weight": 0.0, "log10_subsample": -1.0, "max_depth": 3.0, "num_boost_round": 5.0}, "datetime": {"datetime": "2024-01-19 00:25:56", "elapsed": 864.056942, "delta": 0.001471}}
{"target": -13.758532277202429, "params": {"gamma": 191.9289109073488, "log10_alpha": -0.03899608334493412, "log10_colsample_bytree": -0.9779517027442245, "log10_eta": -4.0, "log10_lambda": 1.0, "log10_min_child_weight": 0.0, "log10_subsample": -1.0, "max_depth": 3.0, "num_boost_round": 6.0}, "datetime": {"datetime": "2024-01-19 00:25:56", "elapsed": 864.058247, "delta": 0.001305}}
{"target": -13.758530366142631, "params": {"gamma": 191.9289109073488, "log10_alpha": -0.03899608334493412, "log10_colsample_bytree": -0.9779517027442245, "log10_eta": -4.0, "log10_lambda": 1.0, "log10_min_child_weight": 0.0, "log10_subsample": -1.0, "max_depth": 3.0, "num_boost_round": 7.0}, "datetime": {"datetime": "2024-01-19 00:25:56", "elapsed": 864.059535, "delta": 0.001288}}
{"target": -13.758529486022178, "params": {"gamma": 191.9289109073488, "log10_alpha": -0.03899608334493412, "log10_colsample_bytree": -0.9779517027442245, "log10_eta": -4.0, "log10_lambda": 1.0, "log10_min_child_weight": 0.0, "log10_subsample": -1.0, "max_depth": 3.0, "num_boost_round": 8.0}, "datetime": {"datetime": "2024-01-19 00:25:56", "elapsed": 864.060697, "delta": 0.001162}}
{"target": -13.758527839198429, "params": {"gamma": 191.9289109073488, "log10_alpha": -0.03899608334493412, "log10_colsample_bytree": -0.9779517027442245, "log10_eta": -4.0, "log10_lambda": 1.0, "log10_min_child_weight": 0.0, "log10_subsample": -1.0, "max_depth": 3.0, "num_boost_round": 9.0}, "datetime": {"datetime": "2024-01-19 00:25:56", "elapsed": 864.061851, "delta": 0.001154}}
{"target": -13.758537239310781, "params": {"gamma": 201.89806396983988, "log10_alpha": -4.2744051210663905, "log10_colsample_bytree": -0.4727842310544823, "log10_eta": -3.994686089726044, "log10_lambda": 0.7077423380945378, "log10_min_child_weight": 2.561920900061967, "log10_subsample": -0.8363036315801475, "max_depth": 6.0, "num_boost_round": 0.0}, "datetime": {"datetime": "2024-01-19 00:26:23", "elapsed": 891.381432, "delta": 27.319581}}
{"target": -13.758535432797606, "params": {"gamma": 201.89806396983988, "log10_alpha": -4.2744051210663905, "log10_colsample_bytree": -0.4727842310544823, "log10_eta": -3.994686089726044, "log10_lambda": 0.7077423380945378, "log10_min_child_weight": 2.561920900061967, "log10_subsample": -0.8363036315801475, "max_depth": 6.0, "num_boost_round": 1.0}, "datetime": {"datetime": "2024-01-19 00:26:23", "elapsed": 891.382798, "delta": 0.001366}}
{"target": -13.758533138127737, "params": {"gamma": 201.89806396983988, "log10_alpha": -4.2744051210663905, "log10_colsample_bytree": -0.4727842310544823, "log10_eta": -3.994686089726044, "log10_lambda": 0.7077423380945378, "log10_min_child_weight": 2.561920900061967, "log10_subsample": -0.8363036315801475, "max_depth": 6.0, "num_boost_round": 2.0}, "datetime": {"datetime": "2024-01-19 00:26:23", "elapsed": 891.384026, "delta": 0.001228}}
{"target": -13.758531983310892, "params": {"gamma": 201.89806396983988, "log10_alpha": -4.2744051210663905, "log10_colsample_bytree": -0.4727842310544823, "log10_eta": -3.994686089726044, "log10_lambda": 0.7077423380945378, "log10_min_child_weight": 2.561920900061967, "log10_subsample": -0.8363036315801475, "max_depth": 6.0, "num_boost_round": 3.0}, "datetime": {"datetime": "2024-01-19 00:26:23", "elapsed": 891.385197, "delta": 0.001171}}
{"target": -13.75852969582904, "params": {"gamma": 201.89806396983988, "log10_alpha": -4.2744051210663905, "log10_colsample_bytree": -0.4727842310544823, "log10_eta": -3.994686089726044, "log10_lambda": 0.7077423380945378, "log10_min_child_weight": 2.561920900061967, "log10_subsample": -0.8363036315801475, "max_depth": 6.0, "num_boost_round": 4.0}, "datetime": {"datetime": "2024-01-19 00:26:23", "elapsed": 891.386667, "delta": 0.00147}}
{"target": -13.758527849106523, "params": {"gamma": 201.89806396983988, "log10_alpha": -4.2744051210663905, "log10_colsample_bytree": -0.4727842310544823, "log10_eta": -3.994686089726044, "log10_lambda": 0.7077423380945378, "log10_min_child_weight": 2.561920900061967, "log10_subsample": -0.8363036315801475, "max_depth": 6.0, "num_boost_round": 5.0}, "datetime": {"datetime": "2024-01-19 00:26:23", "elapsed": 891.387844, "delta": 0.001177}}
{"target": -13.758528179653862, "params": {"gamma": 201.89806396983988, "log10_alpha": -4.2744051210663905, "log10_colsample_bytree": -0.4727842310544823, "log10_eta": -3.994686089726044, "log10_lambda": 0.7077423380945378, "log10_min_child_weight": 2.561920900061967, "log10_subsample": -0.8363036315801475, "max_depth": 6.0, "num_boost_round": 6.0}, "datetime": {"datetime": "2024-01-19 00:26:23", "elapsed": 891.389013, "delta": 0.001169}}
{"target": -13.758523121748354, "params": {"gamma": 201.89806396983988, "log10_alpha": -4.2744051210663905, "log10_colsample_bytree": -0.4727842310544823, "log10_eta": -3.994686089726044, "log10_lambda": 0.7077423380945378, "log10_min_child_weight": 2.561920900061967, "log10_subsample": -0.8363036315801475, "max_depth": 6.0, "num_boost_round": 7.0}, "datetime": {"datetime": "2024-01-19 00:26:23", "elapsed": 891.391059, "delta": 0.002046}}
{"target": -13.758522045386282, "params": {"gamma": 201.89806396983988, "log10_alpha": -4.2744051210663905, "log10_colsample_bytree": -0.4727842310544823, "log10_eta": -3.994686089726044, "log10_lambda": 0.7077423380945378, "log10_min_child_weight": 2.561920900061967, "log10_subsample": -0.8363036315801475, "max_depth": 6.0, "num_boost_round": 8.0}, "datetime": {"datetime": "2024-01-19 00:26:23", "elapsed": 891.392259, "delta": 0.0012}}
{"target": -13.758517400152137, "params": {"gamma": 201.89806396983988, "log10_alpha": -4.2744051210663905, "log10_colsample_bytree": -0.4727842310544823, "log10_eta": -3.994686089726044, "log10_lambda": 0.7077423380945378, "log10_min_child_weight": 2.561920900061967, "log10_subsample": -0.8363036315801475, "max_depth": 6.0, "num_boost_round": 9.0}, "datetime": {"datetime": "2024-01-19 00:26:23", "elapsed": 891.393449, "delta": 0.00119}}
{"target": -13.758513671151915, "params": {"gamma": 201.89806396983988, "log10_alpha": -4.2744051210663905, "log10_colsample_bytree": -0.4727842310544823, "log10_eta": -3.994686089726044, "log10_lambda": 0.7077423380945378, "log10_min_child_weight": 2.561920900061967, "log10_subsample": -0.8363036315801475, "max_depth": 6.0, "num_boost_round": 10.0}, "datetime": {"datetime": "2024-01-19 00:26:23", "elapsed": 891.394632, "delta": 0.001183}}
{"target": -13.758513727090751, "params": {"gamma": 201.89806396983988, "log10_alpha": -4.2744051210663905, "log10_colsample_bytree": -0.4727842310544823, "log10_eta": -3.994686089726044, "log10_lambda": 0.7077423380945378, "log10_min_child_weight": 2.561920900061967, "log10_subsample": -0.8363036315801475, "max_depth": 6.0, "num_boost_round": 11.0}, "datetime": {"datetime": "2024-01-19 00:26:23", "elapsed": 891.395797, "delta": 0.001165}}
{"target": -13.758509989971008, "params": {"gamma": 201.89806396983988, "log10_alpha": -4.2744051210663905, "log10_colsample_bytree": -0.4727842310544823, "log10_eta": -3.994686089726044, "log10_lambda": 0.7077423380945378, "log10_min_child_weight": 2.561920900061967, "log10_subsample": -0.8363036315801475, "max_depth": 6.0, "num_boost_round": 12.0}, "datetime": {"datetime": "2024-01-19 00:26:23", "elapsed": 891.39697, "delta": 0.001173}}
{"target": -13.758507991987823, "params": {"gamma": 201.89806396983988, "log10_alpha": -4.2744051210663905, "log10_colsample_bytree": -0.4727842310544823, "log10_eta": -3.994686089726044, "log10_lambda": 0.7077423380945378, "log10_min_child_weight": 2.561920900061967, "log10_subsample": -0.8363036315801475, "max_depth": 6.0, "num_boost_round": 13.0}, "datetime": {"datetime": "2024-01-19 00:26:23", "elapsed": 891.39816, "delta": 0.00119}}
{"target": -13.758506969236377, "params": {"gamma": 201.89806396983988, "log10_alpha": -4.2744051210663905, "log10_colsample_bytree": -0.4727842310544823, "log10_eta": -3.994686089726044, "log10_lambda": 0.7077423380945378, "log10_min_child_weight": 2.561920900061967, "log10_subsample": -0.8363036315801475, "max_depth": 6.0, "num_boost_round": 14.0}, "datetime": {"datetime": "2024-01-19 00:26:23", "elapsed": 891.399329, "delta": 0.001169}}
{"target": -13.758502099039498, "params": {"gamma": 201.89806396983988, "log10_alpha": -4.2744051210663905, "log10_colsample_bytree": -0.4727842310544823, "log10_eta": -3.994686089726044, "log10_lambda": 0.7077423380945378, "log10_min_child_weight": 2.561920900061967, "log10_subsample": -0.8363036315801475, "max_depth": 6.0, "num_boost_round": 15.0}, "datetime": {"datetime": "2024-01-19 00:26:23", "elapsed": 891.400496, "delta": 0.001167}}
{"target": -13.758502103789692, "params": {"gamma": 201.89806396983988, "log10_alpha": -4.2744051210663905, "log10_colsample_bytree": -0.4727842310544823, "log10_eta": -3.994686089726044, "log10_lambda": 0.7077423380945378, "log10_min_child_weight": 2.561920900061967, "log10_subsample": -0.8363036315801475, "max_depth": 6.0, "num_boost_round": 16.0}, "datetime": {"datetime": "2024-01-19 00:26:23", "elapsed": 891.401678, "delta": 0.001182}}
{"target": -13.758500351526331, "params": {"gamma": 201.89806396983988, "log10_alpha": -4.2744051210663905, "log10_colsample_bytree": -0.4727842310544823, "log10_eta": -3.994686089726044, "log10_lambda": 0.7077423380945378, "log10_min_child_weight": 2.561920900061967, "log10_subsample": -0.8363036315801475, "max_depth": 6.0, "num_boost_round": 17.0}, "datetime": {"datetime": "2024-01-19 00:26:23", "elapsed": 891.402866, "delta": 0.001188}}
{"target": -13.758498991499197, "params": {"gamma": 201.89806396983988, "log10_alpha": -4.2744051210663905, "log10_colsample_bytree": -0.4727842310544823, "log10_eta": -3.994686089726044, "log10_lambda": 0.7077423380945378, "log10_min_child_weight": 2.561920900061967, "log10_subsample": -0.8363036315801475, "max_depth": 6.0, "num_boost_round": 18.0}, "datetime": {"datetime": "2024-01-19 00:26:23", "elapsed": 891.404297, "delta": 0.001431}}
{"target": -13.758499600789415, "params": {"gamma": 201.89806396983988, "log10_alpha": -4.2744051210663905, "log10_colsample_bytree": -0.4727842310544823, "log10_eta": -3.994686089726044, "log10_lambda": 0.7077423380945378, "log10_min_child_weight": 2.561920900061967, "log10_subsample": -0.8363036315801475, "max_depth": 6.0, "num_boost_round": 19.0}, "datetime": {"datetime": "2024-01-19 00:26:23", "elapsed": 891.406176, "delta": 0.001879}}
{"target": -13.75849577693975, "params": {"gamma": 201.89806396983988, "log10_alpha": -4.2744051210663905, "log10_colsample_bytree": -0.4727842310544823, "log10_eta": -3.994686089726044, "log10_lambda": 0.7077423380945378, "log10_min_child_weight": 2.561920900061967, "log10_subsample": -0.8363036315801475, "max_depth": 6.0, "num_boost_round": 20.0}, "datetime": {"datetime": "2024-01-19 00:26:23", "elapsed": 891.407612, "delta": 0.001436}}
{"target": -13.758495507285287, "params": {"gamma": 201.89806396983988, "log10_alpha": -4.2744051210663905, "log10_colsample_bytree": -0.4727842310544823, "log10_eta": -3.994686089726044, "log10_lambda": 0.7077423380945378, "log10_min_child_weight": 2.561920900061967, "log10_subsample": -0.8363036315801475, "max_depth": 6.0, "num_boost_round": 21.0}, "datetime": {"datetime": "2024-01-19 00:26:23", "elapsed": 891.408829, "delta": 0.001217}}
{"target": -13.758495407741899, "params": {"gamma": 201.89806396983988, "log10_alpha": -4.2744051210663905, "log10_colsample_bytree": -0.4727842310544823, "log10_eta": -3.994686089726044, "log10_lambda": 0.7077423380945378, "log10_min_child_weight": 2.561920900061967, "log10_subsample": -0.8363036315801475, "max_depth": 6.0, "num_boost_round": 22.0}, "datetime": {"datetime": "2024-01-19 00:26:23", "elapsed": 891.410093, "delta": 0.001264}}
