{"target": -17.675674148376324, "params": {"gamma": 624.3803225186457, "log10_alpha": 0.532644592756812, "log10_colsample_bytree": -0.4963732513199609, "log10_eta": -2.6949734360557933, "log10_lambda": 0.1269533743487914, "log10_min_child_weight": 3.2259373235418387, "log10_subsample": -0.30132727794328995, "max_depth": 8.0, "num_boost_round": 29.0}, "datetime": {"datetime": "2024-01-19 01:38:21", "elapsed": 5199.135451, "delta": 0.004651}}
{"target": -17.675643214465154, "params": {"gamma": 624.3803225186457, "log10_alpha": 0.532644592756812, "log10_colsample_bytree": -0.4963732513199609, "log10_eta": -2.6949734360557933, "log10_lambda": 0.1269533743487914, "log10_min_child_weight": 3.2259373235418387, "log10_subsample": -0.30132727794328995, "max_depth": 8.0, "num_boost_round": 30.0}, "datetime": {"datetime": "2024-01-19 01:38:21", "elapsed": 5199.139981, "delta": 0.00453}}
{"target": -17.67556021211878, "params": {"gamma": 624.3803225186457, "log10_alpha": 0.532644592756812, "log10_colsample_bytree": -0.4963732513199609, "log10_eta": -2.6949734360557933, "log10_lambda": 0.1269533743487914, "log10_min_child_weight": 3.2259373235418387, "log10_subsample": -0.30132727794328995, "max_depth": 8.0, "num_boost_round": 31.0}, "datetime": {"datetime": "2024-01-19 01:38:21", "elapsed": 5199.144529, "delta": 0.004548}}
{"target": -17.675520359171717, "params": {"gamma": 624.3803225186457, "log10_alpha": 0.532644592756812, "log10_colsample_bytree": -0.4963732513199609, "log10_eta": -2.6949734360557933, "log10_lambda": 0.1269533743487914, "log10_min_child_weight": 3.2259373235418387, "log10_subsample": -0.30132727794328995, "max_depth": 8.0, "num_boost_round": 32.0}, "datetime": {"datetime": "2024-01-19 01:38:21", "elapsed": 5199.149218, "delta": 0.004689}}
{"target": -17.675493675475604, "params": {"gamma": 624.3803225186457, "log10_alpha": 0.532644592756812, "log10_colsample_bytree": -0.4963732513199609, "log10_eta": -2.6949734360557933, "log10_lambda": 0.1269533743487914, "log10_min_child_weight": 3.2259373235418387, "log10_subsample": -0.30132727794328995, "max_depth": 8.0, "num_boost_round": 33.0}, "datetime": {"datetime": "2024-01-19 01:38:21", "elapsed": 5199.153851, "delta": 0.004633}}
{"target": -17.67546662486185, "params": {"gamma": 624.3803225186457, "log10_alpha": 0.532644592756812, "log10_colsample_bytree": -0.4963732513199609, "log10_eta": -2.6949734360557933, "log10_lambda": 0.1269533743487914, "log10_min_child_weight": 3.2259373235418387, "log10_subsample": -0.30132727794328995, "max_depth": 8.0, "num_boost_round": 34.0}, "datetime": {"datetime": "2024-01-19 01:38:21", "elapsed": 5199.158497, "delta": 0.004646}}
{"target": -17.675458892306203, "params": {"gamma": 624.3803225186457, "log10_alpha": 0.532644592756812, "log10_colsample_bytree": -0.4963732513199609, "log10_eta": -2.6949734360557933, "log10_lambda": 0.1269533743487914, "log10_min_child_weight": 3.2259373235418387, "log10_subsample": -0.30132727794328995, "max_depth": 8.0, "num_boost_round": 35.0}, "datetime": {"datetime": "2024-01-19 01:38:21", "elapsed": 5199.16311, "delta": 0.004613}}
{"target": -17.675493328497936, "params": {"gamma": 624.3803225186457, "log10_alpha": 0.532644592756812, "log10_colsample_bytree": -0.4963732513199609, "log10_eta": -2.6949734360557933, "log10_lambda": 0.1269533743487914, "log10_min_child_weight": 3.2259373235418387, "log10_subsample": -0.30132727794328995, "max_depth": 8.0, "num_boost_round": 36.0}, "datetime": {"datetime": "2024-01-19 01:38:21", "elapsed": 5199.167622, "delta": 0.004512}}
{"target": -17.67548087699844, "params": {"gamma": 624.3803225186457, "log10_alpha": 0.532644592756812, "log10_colsample_bytree": -0.4963732513199609, "log10_eta": -2.6949734360557933, "log10_lambda": 0.1269533743487914, "log10_min_child_weight": 3.2259373235418387, "log10_subsample": -0.30132727794328995, "max_depth": 8.0, "num_boost_round": 37.0}, "datetime": {"datetime": "2024-01-19 01:38:21", "elapsed": 5199.172149, "delta": 0.004527}}
{"target": -17.675444526970676, "params": {"gamma": 624.3803225186457, "log10_alpha": 0.532644592756812, "log10_colsample_bytree": -0.4963732513199609, "log10_eta": -2.6949734360557933, "log10_lambda": 0.1269533743487914, "log10_min_child_weight": 3.2259373235418387, "log10_subsample": -0.30132727794328995, "max_depth": 8.0, "num_boost_round": 38.0}, "datetime": {"datetime": "2024-01-19 01:38:21", "elapsed": 5199.17665, "delta": 0.004501}}
{"target": -17.675330780072503, "params": {"gamma": 624.3803225186457, "log10_alpha": 0.532644592756812, "log10_colsample_bytree": -0.4963732513199609, "log10_eta": -2.6949734360557933, "log10_lambda": 0.1269533743487914, "log10_min_child_weight": 3.2259373235418387, "log10_subsample": -0.30132727794328995, "max_depth": 8.0, "num_boost_round": 39.0}, "datetime": {"datetime": "2024-01-19 01:38:21", "elapsed": 5199.181169, "delta": 0.004519}}
{"target": -17.675315753009418, "params": {"gamma": 624.3803225186457, "log10_alpha": 0.532644592756812, "log10_colsample_bytree": -0.4963732513199609, "log10_eta": -2.6949734360557933, "log10_lambda": 0.1269533743487914, "log10_min_child_weight": 3.2259373235418387, "log10_subsample": -0.30132727794328995, "max_depth": 8.0, "num_boost_round": 40.0}, "datetime": {"datetime": "2024-01-19 01:38:21", "elapsed": 5199.185672, "delta": 0.004503}}
{"target": -17.675254131487495, "params": {"gamma": 624.3803225186457, "log10_alpha": 0.532644592756812, "log10_colsample_bytree": -0.4963732513199609, "log10_eta": -2.6949734360557933, "log10_lambda": 0.1269533743487914, "log10_min_child_weight": 3.2259373235418387, "log10_subsample": -0.30132727794328995, "max_depth": 8.0, "num_boost_round": 41.0}, "datetime": {"datetime": "2024-01-19 01:38:21", "elapsed": 5199.190211, "delta": 0.004539}}
{"target": -17.677177302495863, "params": {"gamma": 617.4673981378139, "log10_alpha": -2.288908925217085, "log10_colsample_bytree": -0.5607903512119132, "log10_eta": -2.6373984373760293, "log10_lambda": -3.1035760559792482, "log10_min_child_weight": 3.1079165575511816, "log10_subsample": -0.37084731782789293, "max_depth": 3.0, "num_boost_round": 0.0}, "datetime": {"datetime": "2024-01-19 01:39:29", "elapsed": 5266.792925, "delta": 67.602714}}
{"target": -17.677167569137723, "params": {"gamma": 617.4673981378139, "log10_alpha": -2.288908925217085, "log10_colsample_bytree": -0.5607903512119132, "log10_eta": -2.6373984373760293, "log10_lambda": -3.1035760559792482, "log10_min_child_weight": 3.1079165575511816, "log10_subsample": -0.37084731782789293, "max_depth": 3.0, "num_boost_round": 1.0}, "datetime": {"datetime": "2024-01-19 01:39:29", "elapsed": 5266.798244, "delta": 0.005319}}
{"target": -17.677061147347793, "params": {"gamma": 617.4673981378139, "log10_alpha": -2.288908925217085, "log10_colsample_bytree": -0.5607903512119132, "log10_eta": -2.6373984373760293, "log10_lambda": -3.1035760559792482, "log10_min_child_weight": 3.1079165575511816, "log10_subsample": -0.37084731782789293, "max_depth": 3.0, "num_boost_round": 2.0}, "datetime": {"datetime": "2024-01-19 01:39:29", "elapsed": 5266.802841, "delta": 0.004597}}
{"target": -17.677056547012594, "params": {"gamma": 617.4673981378139, "log10_alpha": -2.288908925217085, "log10_colsample_bytree": -0.5607903512119132, "log10_eta": -2.6373984373760293, "log10_lambda": -3.1035760559792482, "log10_min_child_weight": 3.1079165575511816, "log10_subsample": -0.37084731782789293, "max_depth": 3.0, "num_boost_round": 3.0}, "datetime": {"datetime": "2024-01-19 01:39:29", "elapsed": 5266.807352, "delta": 0.004511}}
{"target": -17.676995101180907, "params": {"gamma": 617.4673981378139, "log10_alpha": -2.288908925217085, "log10_colsample_bytree": -0.5607903512119132, "log10_eta": -2.6373984373760293, "log10_lambda": -3.1035760559792482, "log10_min_child_weight": 3.1079165575511816, "log10_subsample": -0.37084731782789293, "max_depth": 3.0, "num_boost_round": 4.0}, "datetime": {"datetime": "2024-01-19 01:39:29", "elapsed": 5266.81215, "delta": 0.004798}}
{"target": -17.676961030442715, "params": {"gamma": 617.4673981378139, "log10_alpha": -2.288908925217085, "log10_colsample_bytree": -0.5607903512119132, "log10_eta": -2.6373984373760293, "log10_lambda": -3.1035760559792482, "log10_min_child_weight": 3.1079165575511816, "log10_subsample": -0.37084731782789293, "max_depth": 3.0, "num_boost_round": 5.0}, "datetime": {"datetime": "2024-01-19 01:39:29", "elapsed": 5266.816664, "delta": 0.004514}}
{"target": -17.67688436829895, "params": {"gamma": 617.4673981378139, "log10_alpha": -2.288908925217085, "log10_colsample_bytree": -0.5607903512119132, "log10_eta": -2.6373984373760293, "log10_lambda": -3.1035760559792482, "log10_min_child_weight": 3.1079165575511816, "log10_subsample": -0.37084731782789293, "max_depth": 3.0, "num_boost_round": 6.0}, "datetime": {"datetime": "2024-01-19 01:39:29", "elapsed": 5266.821245, "delta": 0.004581}}
{"target": -17.676859198801782, "params": {"gamma": 617.4673981378139, "log10_alpha": -2.288908925217085, "log10_colsample_bytree": -0.5607903512119132, "log10_eta": -2.6373984373760293, "log10_lambda": -3.1035760559792482, "log10_min_child_weight": 3.1079165575511816, "log10_subsample": -0.37084731782789293, "max_depth": 3.0, "num_boost_round": 7.0}, "datetime": {"datetime": "2024-01-19 01:39:29", "elapsed": 5266.825766, "delta": 0.004521}}
{"target": -17.676840504760836, "params": {"gamma": 617.4673981378139, "log10_alpha": -2.288908925217085, "log10_colsample_bytree": -0.5607903512119132, "log10_eta": -2.6373984373760293, "log10_lambda": -3.1035760559792482, "log10_min_child_weight": 3.1079165575511816, "log10_subsample": -0.37084731782789293, "max_depth": 3.0, "num_boost_round": 8.0}, "datetime": {"datetime": "2024-01-19 01:39:29", "elapsed": 5266.830627, "delta": 0.004861}}
{"target": -17.676721750050934, "params": {"gamma": 617.4673981378139, "log10_alpha": -2.288908925217085, "log10_colsample_bytree": -0.5607903512119132, "log10_eta": -2.6373984373760293, "log10_lambda": -3.1035760559792482, "log10_min_child_weight": 3.1079165575511816, "log10_subsample": -0.37084731782789293, "max_depth": 3.0, "num_boost_round": 9.0}, "datetime": {"datetime": "2024-01-19 01:39:29", "elapsed": 5266.948539, "delta": 0.117912}}
{"target": -17.676697142230395, "params": {"gamma": 617.4673981378139, "log10_alpha": -2.288908925217085, "log10_colsample_bytree": -0.5607903512119132, "log10_eta": -2.6373984373760293, "log10_lambda": -3.1035760559792482, "log10_min_child_weight": 3.1079165575511816, "log10_subsample": -0.37084731782789293, "max_depth": 3.0, "num_boost_round": 10.0}, "datetime": {"datetime": "2024-01-19 01:39:29", "elapsed": 5266.953977, "delta": 0.005438}}
{"target": -17.676629325741363, "params": {"gamma": 617.4673981378139, "log10_alpha": -2.288908925217085, "log10_colsample_bytree": -0.5607903512119132, "log10_eta": -2.6373984373760293, "log10_lambda": -3.1035760559792482, "log10_min_child_weight": 3.1079165575511816, "log10_subsample": -0.37084731782789293, "max_depth": 3.0, "num_boost_round": 11.0}, "datetime": {"datetime": "2024-01-19 01:39:29", "elapsed": 5266.958734, "delta": 0.004757}}
{"target": -17.6765847329807, "params": {"gamma": 617.4673981378139, "log10_alpha": -2.288908925217085, "log10_colsample_bytree": -0.5607903512119132, "log10_eta": -2.6373984373760293, "log10_lambda": -3.1035760559792482, "log10_min_child_weight": 3.1079165575511816, "log10_subsample": -0.37084731782789293, "max_depth": 3.0, "num_boost_round": 12.0}, "datetime": {"datetime": "2024-01-19 01:39:29", "elapsed": 5266.963257, "delta": 0.004523}}
{"target": -17.676487956895024, "params": {"gamma": 617.4673981378139, "log10_alpha": -2.288908925217085, "log10_colsample_bytree": -0.5607903512119132, "log10_eta": -2.6373984373760293, "log10_lambda": -3.1035760559792482, "log10_min_child_weight": 3.1079165575511816, "log10_subsample": -0.37084731782789293, "max_depth": 3.0, "num_boost_round": 13.0}, "datetime": {"datetime": "2024-01-19 01:39:29", "elapsed": 5266.967766, "delta": 0.004509}}
{"target": -17.676436258956755, "params": {"gamma": 617.4673981378139, "log10_alpha": -2.288908925217085, "log10_colsample_bytree": -0.5607903512119132, "log10_eta": -2.6373984373760293, "log10_lambda": -3.1035760559792482, "log10_min_child_weight": 3.1079165575511816, "log10_subsample": -0.37084731782789293, "max_depth": 3.0, "num_boost_round": 14.0}, "datetime": {"datetime": "2024-01-19 01:39:29", "elapsed": 5266.972319, "delta": 0.004553}}
{"target": -17.676376031434543, "params": {"gamma": 617.4673981378139, "log10_alpha": -2.288908925217085, "log10_colsample_bytree": -0.5607903512119132, "log10_eta": -2.6373984373760293, "log10_lambda": -3.1035760559792482, "log10_min_child_weight": 3.1079165575511816, "log10_subsample": -0.37084731782789293, "max_depth": 3.0, "num_boost_round": 15.0}, "datetime": {"datetime": "2024-01-19 01:39:29", "elapsed": 5266.976902, "delta": 0.004583}}
{"target": -17.676320520221626, "params": {"gamma": 617.4673981378139, "log10_alpha": -2.288908925217085, "log10_colsample_bytree": -0.5607903512119132, "log10_eta": -2.6373984373760293, "log10_lambda": -3.1035760559792482, "log10_min_child_weight": 3.1079165575511816, "log10_subsample": -0.37084731782789293, "max_depth": 3.0, "num_boost_round": 16.0}, "datetime": {"datetime": "2024-01-19 01:39:29", "elapsed": 5266.98143, "delta": 0.004528}}
{"target": -17.67632243378938, "params": {"gamma": 617.4673981378139, "log10_alpha": -2.288908925217085, "log10_colsample_bytree": -0.5607903512119132, "log10_eta": -2.6373984373760293, "log10_lambda": -3.1035760559792482, "log10_min_child_weight": 3.1079165575511816, "log10_subsample": -0.37084731782789293, "max_depth": 3.0, "num_boost_round": 17.0}, "datetime": {"datetime": "2024-01-19 01:39:29", "elapsed": 5266.986052, "delta": 0.004622}}
{"target": -17.676318790891656, "params": {"gamma": 617.4673981378139, "log10_alpha": -2.288908925217085, "log10_colsample_bytree": -0.5607903512119132, "log10_eta": -2.6373984373760293, "log10_lambda": -3.1035760559792482, "log10_min_child_weight": 3.1079165575511816, "log10_subsample": -0.37084731782789293, "max_depth": 3.0, "num_boost_round": 18.0}, "datetime": {"datetime": "2024-01-19 01:39:29", "elapsed": 5266.990606, "delta": 0.004554}}
{"target": -17.67631277411381, "params": {"gamma": 617.4673981378139, "log10_alpha": -2.288908925217085, "log10_colsample_bytree": -0.5607903512119132, "log10_eta": -2.6373984373760293, "log10_lambda": -3.1035760559792482, "log10_min_child_weight": 3.1079165575511816, "log10_subsample": -0.37084731782789293, "max_depth": 3.0, "num_boost_round": 19.0}, "datetime": {"datetime": "2024-01-19 01:39:29", "elapsed": 5266.995242, "delta": 0.004636}}
{"target": -17.676242798582727, "params": {"gamma": 617.4673981378139, "log10_alpha": -2.288908925217085, "log10_colsample_bytree": -0.5607903512119132, "log10_eta": -2.6373984373760293, "log10_lambda": -3.1035760559792482, "log10_min_child_weight": 3.1079165575511816, "log10_subsample": -0.37084731782789293, "max_depth": 3.0, "num_boost_round": 20.0}, "datetime": {"datetime": "2024-01-19 01:39:29", "elapsed": 5266.999783, "delta": 0.004541}}
{"target": -17.676153726552833, "params": {"gamma": 617.4673981378139, "log10_alpha": -2.288908925217085, "log10_colsample_bytree": -0.5607903512119132, "log10_eta": -2.6373984373760293, "log10_lambda": -3.1035760559792482, "log10_min_child_weight": 3.1079165575511816, "log10_subsample": -0.37084731782789293, "max_depth": 3.0, "num_boost_round": 21.0}, "datetime": {"datetime": "2024-01-19 01:39:29", "elapsed": 5267.004349, "delta": 0.004566}}
{"target": -17.676083639090155, "params": {"gamma": 617.4673981378139, "log10_alpha": -2.288908925217085, "log10_colsample_bytree": -0.5607903512119132, "log10_eta": -2.6373984373760293, "log10_lambda": -3.1035760559792482, "log10_min_child_weight": 3.1079165575511816, "log10_subsample": -0.37084731782789293, "max_depth": 3.0, "num_boost_round": 22.0}, "datetime": {"datetime": "2024-01-19 01:39:29", "elapsed": 5267.008956, "delta": 0.004607}}
{"target": -17.675973078365658, "params": {"gamma": 617.4673981378139, "log10_alpha": -2.288908925217085, "log10_colsample_bytree": -0.5607903512119132, "log10_eta": -2.6373984373760293, "log10_lambda": -3.1035760559792482, "log10_min_child_weight": 3.1079165575511816, "log10_subsample": -0.37084731782789293, "max_depth": 3.0, "num_boost_round": 23.0}, "datetime": {"datetime": "2024-01-19 01:39:29", "elapsed": 5267.013609, "delta": 0.004653}}
{"target": -17.6759795064552, "params": {"gamma": 617.4673981378139, "log10_alpha": -2.288908925217085, "log10_colsample_bytree": -0.5607903512119132, "log10_eta": -2.6373984373760293, "log10_lambda": -3.1035760559792482, "log10_min_child_weight": 3.1079165575511816, "log10_subsample": -0.37084731782789293, "max_depth": 3.0, "num_boost_round": 24.0}, "datetime": {"datetime": "2024-01-19 01:39:29", "elapsed": 5267.018165, "delta": 0.004556}}
{"target": -17.675985895105484, "params": {"gamma": 617.4673981378139, "log10_alpha": -2.288908925217085, "log10_colsample_bytree": -0.5607903512119132, "log10_eta": -2.6373984373760293, "log10_lambda": -3.1035760559792482, "log10_min_child_weight": 3.1079165575511816, "log10_subsample": -0.37084731782789293, "max_depth": 3.0, "num_boost_round": 25.0}, "datetime": {"datetime": "2024-01-19 01:39:29", "elapsed": 5267.022688, "delta": 0.004523}}
{"target": -17.675986745884295, "params": {"gamma": 617.4673981378139, "log10_alpha": -2.288908925217085, "log10_colsample_bytree": -0.5607903512119132, "log10_eta": -2.6373984373760293, "log10_lambda": -3.1035760559792482, "log10_min_child_weight": 3.1079165575511816, "log10_subsample": -0.37084731782789293, "max_depth": 3.0, "num_boost_round": 26.0}, "datetime": {"datetime": "2024-01-19 01:39:29", "elapsed": 5267.027263, "delta": 0.004575}}
{"target": -17.6759698997893, "params": {"gamma": 617.4673981378139, "log10_alpha": -2.288908925217085, "log10_colsample_bytree": -0.5607903512119132, "log10_eta": -2.6373984373760293, "log10_lambda": -3.1035760559792482, "log10_min_child_weight": 3.1079165575511816, "log10_subsample": -0.37084731782789293, "max_depth": 3.0, "num_boost_round": 27.0}, "datetime": {"datetime": "2024-01-19 01:39:29", "elapsed": 5267.031917, "delta": 0.004654}}
{"target": -17.675881293316316, "params": {"gamma": 617.4673981378139, "log10_alpha": -2.288908925217085, "log10_colsample_bytree": -0.5607903512119132, "log10_eta": -2.6373984373760293, "log10_lambda": -3.1035760559792482, "log10_min_child_weight": 3.1079165575511816, "log10_subsample": -0.37084731782789293, "max_depth": 3.0, "num_boost_round": 28.0}, "datetime": {"datetime": "2024-01-19 01:39:29", "elapsed": 5267.036471, "delta": 0.004554}}
{"target": -17.675772290249125, "params": {"gamma": 617.4673981378139, "log10_alpha": -2.288908925217085, "log10_colsample_bytree": -0.5607903512119132, "log10_eta": -2.6373984373760293, "log10_lambda": -3.1035760559792482, "log10_min_child_weight": 3.1079165575511816, "log10_subsample": -0.37084731782789293, "max_depth": 3.0, "num_boost_round": 29.0}, "datetime": {"datetime": "2024-01-19 01:39:29", "elapsed": 5267.041278, "delta": 0.004807}}
{"target": -17.675692844702613, "params": {"gamma": 617.4673981378139, "log10_alpha": -2.288908925217085, "log10_colsample_bytree": -0.5607903512119132, "log10_eta": -2.6373984373760293, "log10_lambda": -3.1035760559792482, "log10_min_child_weight": 3.1079165575511816, "log10_subsample": -0.37084731782789293, "max_depth": 3.0, "num_boost_round": 30.0}, "datetime": {"datetime": "2024-01-19 01:39:29", "elapsed": 5267.045951, "delta": 0.004673}}
{"target": -17.67568260537991, "params": {"gamma": 617.4673981378139, "log10_alpha": -2.288908925217085, "log10_colsample_bytree": -0.5607903512119132, "log10_eta": -2.6373984373760293, "log10_lambda": -3.1035760559792482, "log10_min_child_weight": 3.1079165575511816, "log10_subsample": -0.37084731782789293, "max_depth": 3.0, "num_boost_round": 31.0}, "datetime": {"datetime": "2024-01-19 01:39:29", "elapsed": 5267.05062, "delta": 0.004669}}
{"target": -17.675625669637697, "params": {"gamma": 617.4673981378139, "log10_alpha": -2.288908925217085, "log10_colsample_bytree": -0.5607903512119132, "log10_eta": -2.6373984373760293, "log10_lambda": -3.1035760559792482, "log10_min_child_weight": 3.1079165575511816, "log10_subsample": -0.37084731782789293, "max_depth": 3.0, "num_boost_round": 32.0}, "datetime": {"datetime": "2024-01-19 01:39:29", "elapsed": 5267.055182, "delta": 0.004562}}
{"target": -17.675590278798232, "params": {"gamma": 617.4673981378139, "log10_alpha": -2.288908925217085, "log10_colsample_bytree": -0.5607903512119132, "log10_eta": -2.6373984373760293, "log10_lambda": -3.1035760559792482, "log10_min_child_weight": 3.1079165575511816, "log10_subsample": -0.37084731782789293, "max_depth": 3.0, "num_boost_round": 33.0}, "datetime": {"datetime": "2024-01-19 01:39:29", "elapsed": 5267.059723, "delta": 0.004541}}
{"target": -17.675516627147854, "params": {"gamma": 617.4673981378139, "log10_alpha": -2.288908925217085, "log10_colsample_bytree": -0.5607903512119132, "log10_eta": -2.6373984373760293, "log10_lambda": -3.1035760559792482, "log10_min_child_weight": 3.1079165575511816, "log10_subsample": -0.37084731782789293, "max_depth": 3.0, "num_boost_round": 34.0}, "datetime": {"datetime": "2024-01-19 01:39:29", "elapsed": 5267.064295, "delta": 0.004572}}
{"target": -17.67553282857977, "params": {"gamma": 617.4673981378139, "log10_alpha": -2.288908925217085, "log10_colsample_bytree": -0.5607903512119132, "log10_eta": -2.6373984373760293, "log10_lambda": -3.1035760559792482, "log10_min_child_weight": 3.1079165575511816, "log10_subsample": -0.37084731782789293, "max_depth": 3.0, "num_boost_round": 35.0}, "datetime": {"datetime": "2024-01-19 01:39:29", "elapsed": 5267.068964, "delta": 0.004669}}
