{"target": -13.75842878093049, "params": {"gamma": 504.2550361881181, "log10_alpha": -1.515395490997621, "log10_colsample_bytree": -0.5981215185191753, "log10_eta": -3.5739140283745523, "log10_lambda": -4.5940152012271795, "log10_min_child_weight": 1.41365253610373, "log10_subsample": -0.4828366707585515, "max_depth": 2.0, "num_boost_round": 43.0}, "datetime": {"datetime": "2024-01-19 01:30:31", "elapsed": 4735.843549, "delta": 0.005714}}
{"target": -13.758424722125277, "params": {"gamma": 504.2550361881181, "log10_alpha": -1.515395490997621, "log10_colsample_bytree": -0.5981215185191753, "log10_eta": -3.5739140283745523, "log10_lambda": -4.5940152012271795, "log10_min_child_weight": 1.41365253610373, "log10_subsample": -0.4828366707585515, "max_depth": 2.0, "num_boost_round": 44.0}, "datetime": {"datetime": "2024-01-19 01:30:31", "elapsed": 4735.849086, "delta": 0.005537}}
{"target": -13.75842340446235, "params": {"gamma": 504.2550361881181, "log10_alpha": -1.515395490997621, "log10_colsample_bytree": -0.5981215185191753, "log10_eta": -3.5739140283745523, "log10_lambda": -4.5940152012271795, "log10_min_child_weight": 1.41365253610373, "log10_subsample": -0.4828366707585515, "max_depth": 2.0, "num_boost_round": 45.0}, "datetime": {"datetime": "2024-01-19 01:30:31", "elapsed": 4735.854584, "delta": 0.005498}}
{"target": -13.758418222901543, "params": {"gamma": 504.2550361881181, "log10_alpha": -1.515395490997621, "log10_colsample_bytree": -0.5981215185191753, "log10_eta": -3.5739140283745523, "log10_lambda": -4.5940152012271795, "log10_min_child_weight": 1.41365253610373, "log10_subsample": -0.4828366707585515, "max_depth": 2.0, "num_boost_round": 46.0}, "datetime": {"datetime": "2024-01-19 01:30:31", "elapsed": 4735.859886, "delta": 0.005302}}
{"target": -13.75841439886114, "params": {"gamma": 504.2550361881181, "log10_alpha": -1.515395490997621, "log10_colsample_bytree": -0.5981215185191753, "log10_eta": -3.5739140283745523, "log10_lambda": -4.5940152012271795, "log10_min_child_weight": 1.41365253610373, "log10_subsample": -0.4828366707585515, "max_depth": 2.0, "num_boost_round": 47.0}, "datetime": {"datetime": "2024-01-19 01:30:31", "elapsed": 4735.865152, "delta": 0.005266}}
{"target": -13.758413936304574, "params": {"gamma": 504.2550361881181, "log10_alpha": -1.515395490997621, "log10_colsample_bytree": -0.5981215185191753, "log10_eta": -3.5739140283745523, "log10_lambda": -4.5940152012271795, "log10_min_child_weight": 1.41365253610373, "log10_subsample": -0.4828366707585515, "max_depth": 2.0, "num_boost_round": 48.0}, "datetime": {"datetime": "2024-01-19 01:30:31", "elapsed": 4735.870424, "delta": 0.005272}}
{"target": -13.758412402843422, "params": {"gamma": 504.2550361881181, "log10_alpha": -1.515395490997621, "log10_colsample_bytree": -0.5981215185191753, "log10_eta": -3.5739140283745523, "log10_lambda": -4.5940152012271795, "log10_min_child_weight": 1.41365253610373, "log10_subsample": -0.4828366707585515, "max_depth": 2.0, "num_boost_round": 49.0}, "datetime": {"datetime": "2024-01-19 01:30:31", "elapsed": 4735.875852, "delta": 0.005428}}
{"target": -13.758411655226382, "params": {"gamma": 504.2550361881181, "log10_alpha": -1.515395490997621, "log10_colsample_bytree": -0.5981215185191753, "log10_eta": -3.5739140283745523, "log10_lambda": -4.5940152012271795, "log10_min_child_weight": 1.41365253610373, "log10_subsample": -0.4828366707585515, "max_depth": 2.0, "num_boost_round": 50.0}, "datetime": {"datetime": "2024-01-19 01:30:31", "elapsed": 4735.881487, "delta": 0.005635}}
{"target": -13.758410911971406, "params": {"gamma": 504.2550361881181, "log10_alpha": -1.515395490997621, "log10_colsample_bytree": -0.5981215185191753, "log10_eta": -3.5739140283745523, "log10_lambda": -4.5940152012271795, "log10_min_child_weight": 1.41365253610373, "log10_subsample": -0.4828366707585515, "max_depth": 2.0, "num_boost_round": 51.0}, "datetime": {"datetime": "2024-01-19 01:30:31", "elapsed": 4735.886901, "delta": 0.005414}}
{"target": -13.75840816585107, "params": {"gamma": 504.2550361881181, "log10_alpha": -1.515395490997621, "log10_colsample_bytree": -0.5981215185191753, "log10_eta": -3.5739140283745523, "log10_lambda": -4.5940152012271795, "log10_min_child_weight": 1.41365253610373, "log10_subsample": -0.4828366707585515, "max_depth": 2.0, "num_boost_round": 52.0}, "datetime": {"datetime": "2024-01-19 01:30:31", "elapsed": 4735.892145, "delta": 0.005244}}
{"target": -13.758537972348636, "params": {"gamma": 493.80744856527883, "log10_alpha": -0.8344763639571456, "log10_colsample_bytree": 0.0, "log10_eta": -4.0, "log10_lambda": -4.7190683537810605, "log10_min_child_weight": 0.0, "log10_subsample": -1.0, "max_depth": 2.0, "num_boost_round": 0.0}, "datetime": {"datetime": "2024-01-19 01:32:21", "elapsed": 4845.405823, "delta": 109.513678}}
{"target": -13.758536808898084, "params": {"gamma": 493.80744856527883, "log10_alpha": -0.8344763639571456, "log10_colsample_bytree": 0.0, "log10_eta": -4.0, "log10_lambda": -4.7190683537810605, "log10_min_child_weight": 0.0, "log10_subsample": -1.0, "max_depth": 2.0, "num_boost_round": 1.0}, "datetime": {"datetime": "2024-01-19 01:32:21", "elapsed": 4845.411551, "delta": 0.005728}}
{"target": -13.75853516136175, "params": {"gamma": 493.80744856527883, "log10_alpha": -0.8344763639571456, "log10_colsample_bytree": 0.0, "log10_eta": -4.0, "log10_lambda": -4.7190683537810605, "log10_min_child_weight": 0.0, "log10_subsample": -1.0, "max_depth": 2.0, "num_boost_round": 2.0}, "datetime": {"datetime": "2024-01-19 01:32:21", "elapsed": 4845.41703, "delta": 0.005479}}
{"target": -13.758534010033037, "params": {"gamma": 493.80744856527883, "log10_alpha": -0.8344763639571456, "log10_colsample_bytree": 0.0, "log10_eta": -4.0, "log10_lambda": -4.7190683537810605, "log10_min_child_weight": 0.0, "log10_subsample": -1.0, "max_depth": 2.0, "num_boost_round": 3.0}, "datetime": {"datetime": "2024-01-19 01:32:21", "elapsed": 4845.422855, "delta": 0.005825}}
{"target": -13.758535289323369, "params": {"gamma": 493.80744856527883, "log10_alpha": -0.8344763639571456, "log10_colsample_bytree": 0.0, "log10_eta": -4.0, "log10_lambda": -4.7190683537810605, "log10_min_child_weight": 0.0, "log10_subsample": -1.0, "max_depth": 2.0, "num_boost_round": 4.0}, "datetime": {"datetime": "2024-01-19 01:32:21", "elapsed": 4845.428421, "delta": 0.005566}}
{"target": -13.758534112974385, "params": {"gamma": 493.80744856527883, "log10_alpha": -0.8344763639571456, "log10_colsample_bytree": 0.0, "log10_eta": -4.0, "log10_lambda": -4.7190683537810605, "log10_min_child_weight": 0.0, "log10_subsample": -1.0, "max_depth": 2.0, "num_boost_round": 5.0}, "datetime": {"datetime": "2024-01-19 01:32:21", "elapsed": 4845.433923, "delta": 0.005502}}
{"target": -13.758532816071073, "params": {"gamma": 493.80744856527883, "log10_alpha": -0.8344763639571456, "log10_colsample_bytree": 0.0, "log10_eta": -4.0, "log10_lambda": -4.7190683537810605, "log10_min_child_weight": 0.0, "log10_subsample": -1.0, "max_depth": 2.0, "num_boost_round": 6.0}, "datetime": {"datetime": "2024-01-19 01:32:21", "elapsed": 4845.439451, "delta": 0.005528}}
{"target": -13.758532670695711, "params": {"gamma": 493.80744856527883, "log10_alpha": -0.8344763639571456, "log10_colsample_bytree": 0.0, "log10_eta": -4.0, "log10_lambda": -4.7190683537810605, "log10_min_child_weight": 0.0, "log10_subsample": -1.0, "max_depth": 2.0, "num_boost_round": 7.0}, "datetime": {"datetime": "2024-01-19 01:32:21", "elapsed": 4845.444763, "delta": 0.005312}}
{"target": -13.758531458168433, "params": {"gamma": 493.80744856527883, "log10_alpha": -0.8344763639571456, "log10_colsample_bytree": 0.0, "log10_eta": -4.0, "log10_lambda": -4.7190683537810605, "log10_min_child_weight": 0.0, "log10_subsample": -1.0, "max_depth": 2.0, "num_boost_round": 8.0}, "datetime": {"datetime": "2024-01-19 01:32:21", "elapsed": 4845.450139, "delta": 0.005376}}
{"target": -13.75853025333401, "params": {"gamma": 493.80744856527883, "log10_alpha": -0.8344763639571456, "log10_colsample_bytree": 0.0, "log10_eta": -4.0, "log10_lambda": -4.7190683537810605, "log10_min_child_weight": 0.0, "log10_subsample": -1.0, "max_depth": 2.0, "num_boost_round": 9.0}, "datetime": {"datetime": "2024-01-19 01:32:21", "elapsed": 4845.455399, "delta": 0.00526}}
{"target": -13.758529352670617, "params": {"gamma": 493.80744856527883, "log10_alpha": -0.8344763639571456, "log10_colsample_bytree": 0.0, "log10_eta": -4.0, "log10_lambda": -4.7190683537810605, "log10_min_child_weight": 0.0, "log10_subsample": -1.0, "max_depth": 2.0, "num_boost_round": 10.0}, "datetime": {"datetime": "2024-01-19 01:32:21", "elapsed": 4845.460711, "delta": 0.005312}}
{"target": -13.758528782317418, "params": {"gamma": 493.80744856527883, "log10_alpha": -0.8344763639571456, "log10_colsample_bytree": 0.0, "log10_eta": -4.0, "log10_lambda": -4.7190683537810605, "log10_min_child_weight": 0.0, "log10_subsample": -1.0, "max_depth": 2.0, "num_boost_round": 11.0}, "datetime": {"datetime": "2024-01-19 01:32:21", "elapsed": 4845.59196, "delta": 0.131249}}
{"target": -13.758526892059672, "params": {"gamma": 493.80744856527883, "log10_alpha": -0.8344763639571456, "log10_colsample_bytree": 0.0, "log10_eta": -4.0, "log10_lambda": -4.7190683537810605, "log10_min_child_weight": 0.0, "log10_subsample": -1.0, "max_depth": 2.0, "num_boost_round": 12.0}, "datetime": {"datetime": "2024-01-19 01:32:21", "elapsed": 4845.598564, "delta": 0.006604}}
{"target": -13.758525638251198, "params": {"gamma": 493.80744856527883, "log10_alpha": -0.8344763639571456, "log10_colsample_bytree": 0.0, "log10_eta": -4.0, "log10_lambda": -4.7190683537810605, "log10_min_child_weight": 0.0, "log10_subsample": -1.0, "max_depth": 2.0, "num_boost_round": 13.0}, "datetime": {"datetime": "2024-01-19 01:32:21", "elapsed": 4845.604787, "delta": 0.006223}}
{"target": -13.758524450862474, "params": {"gamma": 493.80744856527883, "log10_alpha": -0.8344763639571456, "log10_colsample_bytree": 0.0, "log10_eta": -4.0, "log10_lambda": -4.7190683537810605, "log10_min_child_weight": 0.0, "log10_subsample": -1.0, "max_depth": 2.0, "num_boost_round": 14.0}, "datetime": {"datetime": "2024-01-19 01:32:21", "elapsed": 4845.610569, "delta": 0.005782}}
{"target": -13.758523363046367, "params": {"gamma": 493.80744856527883, "log10_alpha": -0.8344763639571456, "log10_colsample_bytree": 0.0, "log10_eta": -4.0, "log10_lambda": -4.7190683537810605, "log10_min_child_weight": 0.0, "log10_subsample": -1.0, "max_depth": 2.0, "num_boost_round": 15.0}, "datetime": {"datetime": "2024-01-19 01:32:21", "elapsed": 4845.616288, "delta": 0.005719}}
{"target": -13.758522677370074, "params": {"gamma": 493.80744856527883, "log10_alpha": -0.8344763639571456, "log10_colsample_bytree": 0.0, "log10_eta": -4.0, "log10_lambda": -4.7190683537810605, "log10_min_child_weight": 0.0, "log10_subsample": -1.0, "max_depth": 2.0, "num_boost_round": 16.0}, "datetime": {"datetime": "2024-01-19 01:32:21", "elapsed": 4845.621915, "delta": 0.005627}}
{"target": -13.758521642475136, "params": {"gamma": 493.80744856527883, "log10_alpha": -0.8344763639571456, "log10_colsample_bytree": 0.0, "log10_eta": -4.0, "log10_lambda": -4.7190683537810605, "log10_min_child_weight": 0.0, "log10_subsample": -1.0, "max_depth": 2.0, "num_boost_round": 17.0}, "datetime": {"datetime": "2024-01-19 01:32:21", "elapsed": 4845.627601, "delta": 0.005686}}
{"target": -13.758523018856923, "params": {"gamma": 493.80744856527883, "log10_alpha": -0.8344763639571456, "log10_colsample_bytree": 0.0, "log10_eta": -4.0, "log10_lambda": -4.7190683537810605, "log10_min_child_weight": 0.0, "log10_subsample": -1.0, "max_depth": 2.0, "num_boost_round": 18.0}, "datetime": {"datetime": "2024-01-19 01:32:21", "elapsed": 4845.633173, "delta": 0.005572}}
{"target": -13.75852199414834, "params": {"gamma": 493.80744856527883, "log10_alpha": -0.8344763639571456, "log10_colsample_bytree": 0.0, "log10_eta": -4.0, "log10_lambda": -4.7190683537810605, "log10_min_child_weight": 0.0, "log10_subsample": -1.0, "max_depth": 2.0, "num_boost_round": 19.0}, "datetime": {"datetime": "2024-01-19 01:32:21", "elapsed": 4845.638631, "delta": 0.005458}}
{"target": -13.75852004031749, "params": {"gamma": 493.80744856527883, "log10_alpha": -0.8344763639571456, "log10_colsample_bytree": 0.0, "log10_eta": -4.0, "log10_lambda": -4.7190683537810605, "log10_min_child_weight": 0.0, "log10_subsample": -1.0, "max_depth": 2.0, "num_boost_round": 20.0}, "datetime": {"datetime": "2024-01-19 01:32:21", "elapsed": 4845.644827, "delta": 0.006196}}
{"target": -13.75851864216261, "params": {"gamma": 493.80744856527883, "log10_alpha": -0.8344763639571456, "log10_colsample_bytree": 0.0, "log10_eta": -4.0, "log10_lambda": -4.7190683537810605, "log10_min_child_weight": 0.0, "log10_subsample": -1.0, "max_depth": 2.0, "num_boost_round": 21.0}, "datetime": {"datetime": "2024-01-19 01:32:21", "elapsed": 4845.651181, "delta": 0.006354}}
{"target": -13.758518423488695, "params": {"gamma": 493.80744856527883, "log10_alpha": -0.8344763639571456, "log10_colsample_bytree": 0.0, "log10_eta": -4.0, "log10_lambda": -4.7190683537810605, "log10_min_child_weight": 0.0, "log10_subsample": -1.0, "max_depth": 2.0, "num_boost_round": 22.0}, "datetime": {"datetime": "2024-01-19 01:32:21", "elapsed": 4845.657631, "delta": 0.00645}}
{"target": -13.758517263113225, "params": {"gamma": 493.80744856527883, "log10_alpha": -0.8344763639571456, "log10_colsample_bytree": 0.0, "log10_eta": -4.0, "log10_lambda": -4.7190683537810605, "log10_min_child_weight": 0.0, "log10_subsample": -1.0, "max_depth": 2.0, "num_boost_round": 23.0}, "datetime": {"datetime": "2024-01-19 01:32:21", "elapsed": 4845.663309, "delta": 0.005678}}
{"target": -13.758516007463978, "params": {"gamma": 493.80744856527883, "log10_alpha": -0.8344763639571456, "log10_colsample_bytree": 0.0, "log10_eta": -4.0, "log10_lambda": -4.7190683537810605, "log10_min_child_weight": 0.0, "log10_subsample": -1.0, "max_depth": 2.0, "num_boost_round": 24.0}, "datetime": {"datetime": "2024-01-19 01:32:21", "elapsed": 4845.668898, "delta": 0.005589}}
{"target": -13.758514776269315, "params": {"gamma": 493.80744856527883, "log10_alpha": -0.8344763639571456, "log10_colsample_bytree": 0.0, "log10_eta": -4.0, "log10_lambda": -4.7190683537810605, "log10_min_child_weight": 0.0, "log10_subsample": -1.0, "max_depth": 2.0, "num_boost_round": 25.0}, "datetime": {"datetime": "2024-01-19 01:32:21", "elapsed": 4845.674536, "delta": 0.005638}}
{"target": -13.758513661966925, "params": {"gamma": 493.80744856527883, "log10_alpha": -0.8344763639571456, "log10_colsample_bytree": 0.0, "log10_eta": -4.0, "log10_lambda": -4.7190683537810605, "log10_min_child_weight": 0.0, "log10_subsample": -1.0, "max_depth": 2.0, "num_boost_round": 26.0}, "datetime": {"datetime": "2024-01-19 01:32:21", "elapsed": 4845.679953, "delta": 0.005417}}
{"target": -13.758512944814656, "params": {"gamma": 493.80744856527883, "log10_alpha": -0.8344763639571456, "log10_colsample_bytree": 0.0, "log10_eta": -4.0, "log10_lambda": -4.7190683537810605, "log10_min_child_weight": 0.0, "log10_subsample": -1.0, "max_depth": 2.0, "num_boost_round": 27.0}, "datetime": {"datetime": "2024-01-19 01:32:21", "elapsed": 4845.685342, "delta": 0.005389}}
{"target": -13.758511758844937, "params": {"gamma": 493.80744856527883, "log10_alpha": -0.8344763639571456, "log10_colsample_bytree": 0.0, "log10_eta": -4.0, "log10_lambda": -4.7190683537810605, "log10_min_child_weight": 0.0, "log10_subsample": -1.0, "max_depth": 2.0, "num_boost_round": 28.0}, "datetime": {"datetime": "2024-01-19 01:32:21", "elapsed": 4845.690893, "delta": 0.005551}}
{"target": -13.758511545019404, "params": {"gamma": 493.80744856527883, "log10_alpha": -0.8344763639571456, "log10_colsample_bytree": 0.0, "log10_eta": -4.0, "log10_lambda": -4.7190683537810605, "log10_min_child_weight": 0.0, "log10_subsample": -1.0, "max_depth": 2.0, "num_boost_round": 29.0}, "datetime": {"datetime": "2024-01-19 01:32:21", "elapsed": 4845.696403, "delta": 0.00551}}
{"target": -13.758510667464678, "params": {"gamma": 493.80744856527883, "log10_alpha": -0.8344763639571456, "log10_colsample_bytree": 0.0, "log10_eta": -4.0, "log10_lambda": -4.7190683537810605, "log10_min_child_weight": 0.0, "log10_subsample": -1.0, "max_depth": 2.0, "num_boost_round": 30.0}, "datetime": {"datetime": "2024-01-19 01:32:21", "elapsed": 4845.701934, "delta": 0.005531}}
{"target": -13.758510021063088, "params": {"gamma": 493.80744856527883, "log10_alpha": -0.8344763639571456, "log10_colsample_bytree": 0.0, "log10_eta": -4.0, "log10_lambda": -4.7190683537810605, "log10_min_child_weight": 0.0, "log10_subsample": -1.0, "max_depth": 2.0, "num_boost_round": 31.0}, "datetime": {"datetime": "2024-01-19 01:32:21", "elapsed": 4845.707629, "delta": 0.005695}}
{"target": -13.758509305706767, "params": {"gamma": 493.80744856527883, "log10_alpha": -0.8344763639571456, "log10_colsample_bytree": 0.0, "log10_eta": -4.0, "log10_lambda": -4.7190683537810605, "log10_min_child_weight": 0.0, "log10_subsample": -1.0, "max_depth": 2.0, "num_boost_round": 32.0}, "datetime": {"datetime": "2024-01-19 01:32:21", "elapsed": 4845.713079, "delta": 0.00545}}
{"target": -13.758509044311777, "params": {"gamma": 493.80744856527883, "log10_alpha": -0.8344763639571456, "log10_colsample_bytree": 0.0, "log10_eta": -4.0, "log10_lambda": -4.7190683537810605, "log10_min_child_weight": 0.0, "log10_subsample": -1.0, "max_depth": 2.0, "num_boost_round": 33.0}, "datetime": {"datetime": "2024-01-19 01:32:21", "elapsed": 4845.71858, "delta": 0.005501}}
{"target": -13.758508765837886, "params": {"gamma": 493.80744856527883, "log10_alpha": -0.8344763639571456, "log10_colsample_bytree": 0.0, "log10_eta": -4.0, "log10_lambda": -4.7190683537810605, "log10_min_child_weight": 0.0, "log10_subsample": -1.0, "max_depth": 2.0, "num_boost_round": 34.0}, "datetime": {"datetime": "2024-01-19 01:32:21", "elapsed": 4845.724146, "delta": 0.005566}}
{"target": -13.758507893399424, "params": {"gamma": 493.80744856527883, "log10_alpha": -0.8344763639571456, "log10_colsample_bytree": 0.0, "log10_eta": -4.0, "log10_lambda": -4.7190683537810605, "log10_min_child_weight": 0.0, "log10_subsample": -1.0, "max_depth": 2.0, "num_boost_round": 35.0}, "datetime": {"datetime": "2024-01-19 01:32:21", "elapsed": 4845.729626, "delta": 0.00548}}
{"target": -13.758506823532189, "params": {"gamma": 493.80744856527883, "log10_alpha": -0.8344763639571456, "log10_colsample_bytree": 0.0, "log10_eta": -4.0, "log10_lambda": -4.7190683537810605, "log10_min_child_weight": 0.0, "log10_subsample": -1.0, "max_depth": 2.0, "num_boost_round": 36.0}, "datetime": {"datetime": "2024-01-19 01:32:21", "elapsed": 4845.735337, "delta": 0.005711}}
{"target": -13.758506379713918, "params": {"gamma": 493.80744856527883, "log10_alpha": -0.8344763639571456, "log10_colsample_bytree": 0.0, "log10_eta": -4.0, "log10_lambda": -4.7190683537810605, "log10_min_child_weight": 0.0, "log10_subsample": -1.0, "max_depth": 2.0, "num_boost_round": 37.0}, "datetime": {"datetime": "2024-01-19 01:32:21", "elapsed": 4845.74117, "delta": 0.005833}}
{"target": -13.758505359330716, "params": {"gamma": 493.80744856527883, "log10_alpha": -0.8344763639571456, "log10_colsample_bytree": 0.0, "log10_eta": -4.0, "log10_lambda": -4.7190683537810605, "log10_min_child_weight": 0.0, "log10_subsample": -1.0, "max_depth": 2.0, "num_boost_round": 38.0}, "datetime": {"datetime": "2024-01-19 01:32:21", "elapsed": 4845.746754, "delta": 0.005584}}
{"target": -13.758505045325485, "params": {"gamma": 493.80744856527883, "log10_alpha": -0.8344763639571456, "log10_colsample_bytree": 0.0, "log10_eta": -4.0, "log10_lambda": -4.7190683537810605, "log10_min_child_weight": 0.0, "log10_subsample": -1.0, "max_depth": 2.0, "num_boost_round": 39.0}, "datetime": {"datetime": "2024-01-19 01:32:21", "elapsed": 4845.753138, "delta": 0.006384}}
{"target": -13.758504446107706, "params": {"gamma": 493.80744856527883, "log10_alpha": -0.8344763639571456, "log10_colsample_bytree": 0.0, "log10_eta": -4.0, "log10_lambda": -4.7190683537810605, "log10_min_child_weight": 0.0, "log10_subsample": -1.0, "max_depth": 2.0, "num_boost_round": 40.0}, "datetime": {"datetime": "2024-01-19 01:32:21", "elapsed": 4845.759051, "delta": 0.005913}}
{"target": -13.758503371460089, "params": {"gamma": 493.80744856527883, "log10_alpha": -0.8344763639571456, "log10_colsample_bytree": 0.0, "log10_eta": -4.0, "log10_lambda": -4.7190683537810605, "log10_min_child_weight": 0.0, "log10_subsample": -1.0, "max_depth": 2.0, "num_boost_round": 41.0}, "datetime": {"datetime": "2024-01-19 01:32:21", "elapsed": 4845.764833, "delta": 0.005782}}
{"target": -13.758502235079602, "params": {"gamma": 493.80744856527883, "log10_alpha": -0.8344763639571456, "log10_colsample_bytree": 0.0, "log10_eta": -4.0, "log10_lambda": -4.7190683537810605, "log10_min_child_weight": 0.0, "log10_subsample": -1.0, "max_depth": 2.0, "num_boost_round": 42.0}, "datetime": {"datetime": "2024-01-19 01:32:21", "elapsed": 4845.77062, "delta": 0.005787}}
{"target": -13.758501636695955, "params": {"gamma": 493.80744856527883, "log10_alpha": -0.8344763639571456, "log10_colsample_bytree": 0.0, "log10_eta": -4.0, "log10_lambda": -4.7190683537810605, "log10_min_child_weight": 0.0, "log10_subsample": -1.0, "max_depth": 2.0, "num_boost_round": 43.0}, "datetime": {"datetime": "2024-01-19 01:32:21", "elapsed": 4845.776333, "delta": 0.005713}}
{"target": -13.758500431360172, "params": {"gamma": 493.80744856527883, "log10_alpha": -0.8344763639571456, "log10_colsample_bytree": 0.0, "log10_eta": -4.0, "log10_lambda": -4.7190683537810605, "log10_min_child_weight": 0.0, "log10_subsample": -1.0, "max_depth": 2.0, "num_boost_round": 44.0}, "datetime": {"datetime": "2024-01-19 01:32:21", "elapsed": 4845.782065, "delta": 0.005732}}
