{"target": -17.67516360918513, "params": {"gamma": 425.20265795151266, "log10_alpha": -3.341914569954386, "log10_colsample_bytree": -0.7178494533627356, "log10_eta": -2.090848846042061, "log10_lambda": -3.160158603456493, "log10_min_child_weight": 1.8948639110842964, "log10_subsample": -0.7071103612527968, "max_depth": 7.0, "num_boost_round": 7.0}, "datetime": {"datetime": "2024-01-19 01:08:49", "elapsed": 3433.530435, "delta": 0.00269}}
{"target": -17.675239445320162, "params": {"gamma": 425.20265795151266, "log10_alpha": -3.341914569954386, "log10_colsample_bytree": -0.7178494533627356, "log10_eta": -2.090848846042061, "log10_lambda": -3.160158603456493, "log10_min_child_weight": 1.8948639110842964, "log10_subsample": -0.7071103612527968, "max_depth": 7.0, "num_boost_round": 8.0}, "datetime": {"datetime": "2024-01-19 01:08:49", "elapsed": 3433.533063, "delta": 0.002628}}
{"target": -17.674946820794148, "params": {"gamma": 425.20265795151266, "log10_alpha": -3.341914569954386, "log10_colsample_bytree": -0.7178494533627356, "log10_eta": -2.090848846042061, "log10_lambda": -3.160158603456493, "log10_min_child_weight": 1.8948639110842964, "log10_subsample": -0.7071103612527968, "max_depth": 7.0, "num_boost_round": 9.0}, "datetime": {"datetime": "2024-01-19 01:08:49", "elapsed": 3433.535799, "delta": 0.002736}}
{"target": -17.67479570875006, "params": {"gamma": 425.20265795151266, "log10_alpha": -3.341914569954386, "log10_colsample_bytree": -0.7178494533627356, "log10_eta": -2.090848846042061, "log10_lambda": -3.160158603456493, "log10_min_child_weight": 1.8948639110842964, "log10_subsample": -0.7071103612527968, "max_depth": 7.0, "num_boost_round": 10.0}, "datetime": {"datetime": "2024-01-19 01:08:49", "elapsed": 3433.538412, "delta": 0.002613}}
{"target": -17.67454234847827, "params": {"gamma": 425.20265795151266, "log10_alpha": -3.341914569954386, "log10_colsample_bytree": -0.7178494533627356, "log10_eta": -2.090848846042061, "log10_lambda": -3.160158603456493, "log10_min_child_weight": 1.8948639110842964, "log10_subsample": -0.7071103612527968, "max_depth": 7.0, "num_boost_round": 11.0}, "datetime": {"datetime": "2024-01-19 01:08:49", "elapsed": 3433.541035, "delta": 0.002623}}
{"target": -17.6741154244064, "params": {"gamma": 425.20265795151266, "log10_alpha": -3.341914569954386, "log10_colsample_bytree": -0.7178494533627356, "log10_eta": -2.090848846042061, "log10_lambda": -3.160158603456493, "log10_min_child_weight": 1.8948639110842964, "log10_subsample": -0.7071103612527968, "max_depth": 7.0, "num_boost_round": 12.0}, "datetime": {"datetime": "2024-01-19 01:08:49", "elapsed": 3433.543658, "delta": 0.002623}}
{"target": -17.67369065351452, "params": {"gamma": 425.20265795151266, "log10_alpha": -3.341914569954386, "log10_colsample_bytree": -0.7178494533627356, "log10_eta": -2.090848846042061, "log10_lambda": -3.160158603456493, "log10_min_child_weight": 1.8948639110842964, "log10_subsample": -0.7071103612527968, "max_depth": 7.0, "num_boost_round": 13.0}, "datetime": {"datetime": "2024-01-19 01:08:49", "elapsed": 3433.546281, "delta": 0.002623}}
{"target": -17.673957469318452, "params": {"gamma": 425.20265795151266, "log10_alpha": -3.341914569954386, "log10_colsample_bytree": -0.7178494533627356, "log10_eta": -2.090848846042061, "log10_lambda": -3.160158603456493, "log10_min_child_weight": 1.8948639110842964, "log10_subsample": -0.7071103612527968, "max_depth": 7.0, "num_boost_round": 14.0}, "datetime": {"datetime": "2024-01-19 01:08:49", "elapsed": 3433.5489, "delta": 0.002619}}
{"target": -17.673692599461322, "params": {"gamma": 425.20265795151266, "log10_alpha": -3.341914569954386, "log10_colsample_bytree": -0.7178494533627356, "log10_eta": -2.090848846042061, "log10_lambda": -3.160158603456493, "log10_min_child_weight": 1.8948639110842964, "log10_subsample": -0.7071103612527968, "max_depth": 7.0, "num_boost_round": 15.0}, "datetime": {"datetime": "2024-01-19 01:08:49", "elapsed": 3433.551557, "delta": 0.002657}}
{"target": -17.67362106620226, "params": {"gamma": 425.20265795151266, "log10_alpha": -3.341914569954386, "log10_colsample_bytree": -0.7178494533627356, "log10_eta": -2.090848846042061, "log10_lambda": -3.160158603456493, "log10_min_child_weight": 1.8948639110842964, "log10_subsample": -0.7071103612527968, "max_depth": 7.0, "num_boost_round": 16.0}, "datetime": {"datetime": "2024-01-19 01:08:49", "elapsed": 3433.554331, "delta": 0.002774}}
{"target": -17.673239942559686, "params": {"gamma": 425.20265795151266, "log10_alpha": -3.341914569954386, "log10_colsample_bytree": -0.7178494533627356, "log10_eta": -2.090848846042061, "log10_lambda": -3.160158603456493, "log10_min_child_weight": 1.8948639110842964, "log10_subsample": -0.7071103612527968, "max_depth": 7.0, "num_boost_round": 17.0}, "datetime": {"datetime": "2024-01-19 01:08:49", "elapsed": 3433.556974, "delta": 0.002643}}
{"target": -17.673777765760853, "params": {"gamma": 425.20265795151266, "log10_alpha": -3.341914569954386, "log10_colsample_bytree": -0.7178494533627356, "log10_eta": -2.090848846042061, "log10_lambda": -3.160158603456493, "log10_min_child_weight": 1.8948639110842964, "log10_subsample": -0.7071103612527968, "max_depth": 7.0, "num_boost_round": 18.0}, "datetime": {"datetime": "2024-01-19 01:08:49", "elapsed": 3433.559607, "delta": 0.002633}}
{"target": -17.673411296817488, "params": {"gamma": 425.20265795151266, "log10_alpha": -3.341914569954386, "log10_colsample_bytree": -0.7178494533627356, "log10_eta": -2.090848846042061, "log10_lambda": -3.160158603456493, "log10_min_child_weight": 1.8948639110842964, "log10_subsample": -0.7071103612527968, "max_depth": 7.0, "num_boost_round": 19.0}, "datetime": {"datetime": "2024-01-19 01:08:49", "elapsed": 3433.562244, "delta": 0.002637}}
{"target": -17.672863216523705, "params": {"gamma": 425.20265795151266, "log10_alpha": -3.341914569954386, "log10_colsample_bytree": -0.7178494533627356, "log10_eta": -2.090848846042061, "log10_lambda": -3.160158603456493, "log10_min_child_weight": 1.8948639110842964, "log10_subsample": -0.7071103612527968, "max_depth": 7.0, "num_boost_round": 20.0}, "datetime": {"datetime": "2024-01-19 01:08:49", "elapsed": 3433.564876, "delta": 0.002632}}
{"target": -17.672561601021854, "params": {"gamma": 425.20265795151266, "log10_alpha": -3.341914569954386, "log10_colsample_bytree": -0.7178494533627356, "log10_eta": -2.090848846042061, "log10_lambda": -3.160158603456493, "log10_min_child_weight": 1.8948639110842964, "log10_subsample": -0.7071103612527968, "max_depth": 7.0, "num_boost_round": 21.0}, "datetime": {"datetime": "2024-01-19 01:08:49", "elapsed": 3433.567529, "delta": 0.002653}}
{"target": -17.672162746946352, "params": {"gamma": 425.20265795151266, "log10_alpha": -3.341914569954386, "log10_colsample_bytree": -0.7178494533627356, "log10_eta": -2.090848846042061, "log10_lambda": -3.160158603456493, "log10_min_child_weight": 1.8948639110842964, "log10_subsample": -0.7071103612527968, "max_depth": 7.0, "num_boost_round": 22.0}, "datetime": {"datetime": "2024-01-19 01:08:49", "elapsed": 3433.570192, "delta": 0.002663}}
{"target": -17.67708315735427, "params": {"gamma": 459.56222603712683, "log10_alpha": -3.802055183115957, "log10_colsample_bytree": -0.6658837927090253, "log10_eta": -2.297274917745177, "log10_lambda": -0.9997305949338289, "log10_min_child_weight": 0.11462152856731467, "log10_subsample": -0.4038216591641801, "max_depth": 2.0, "num_boost_round": 0.0}, "datetime": {"datetime": "2024-01-19 01:09:28", "elapsed": 3473.399031, "delta": 39.828839}}
{"target": -17.676942730345104, "params": {"gamma": 459.56222603712683, "log10_alpha": -3.802055183115957, "log10_colsample_bytree": -0.6658837927090253, "log10_eta": -2.297274917745177, "log10_lambda": -0.9997305949338289, "log10_min_child_weight": 0.11462152856731467, "log10_subsample": -0.4038216591641801, "max_depth": 2.0, "num_boost_round": 1.0}, "datetime": {"datetime": "2024-01-19 01:09:28", "elapsed": 3473.402235, "delta": 0.003204}}
{"target": -17.67679993286485, "params": {"gamma": 459.56222603712683, "log10_alpha": -3.802055183115957, "log10_colsample_bytree": -0.6658837927090253, "log10_eta": -2.297274917745177, "log10_lambda": -0.9997305949338289, "log10_min_child_weight": 0.11462152856731467, "log10_subsample": -0.4038216591641801, "max_depth": 2.0, "num_boost_round": 2.0}, "datetime": {"datetime": "2024-01-19 01:09:28", "elapsed": 3473.40533, "delta": 0.003095}}
{"target": -17.676817125746815, "params": {"gamma": 459.56222603712683, "log10_alpha": -3.802055183115957, "log10_colsample_bytree": -0.6658837927090253, "log10_eta": -2.297274917745177, "log10_lambda": -0.9997305949338289, "log10_min_child_weight": 0.11462152856731467, "log10_subsample": -0.4038216591641801, "max_depth": 2.0, "num_boost_round": 3.0}, "datetime": {"datetime": "2024-01-19 01:09:28", "elapsed": 3473.408079, "delta": 0.002749}}
{"target": -17.676816704704976, "params": {"gamma": 459.56222603712683, "log10_alpha": -3.802055183115957, "log10_colsample_bytree": -0.6658837927090253, "log10_eta": -2.297274917745177, "log10_lambda": -0.9997305949338289, "log10_min_child_weight": 0.11462152856731467, "log10_subsample": -0.4038216591641801, "max_depth": 2.0, "num_boost_round": 4.0}, "datetime": {"datetime": "2024-01-19 01:09:28", "elapsed": 3473.410869, "delta": 0.00279}}
{"target": -17.676776090503505, "params": {"gamma": 459.56222603712683, "log10_alpha": -3.802055183115957, "log10_colsample_bytree": -0.6658837927090253, "log10_eta": -2.297274917745177, "log10_lambda": -0.9997305949338289, "log10_min_child_weight": 0.11462152856731467, "log10_subsample": -0.4038216591641801, "max_depth": 2.0, "num_boost_round": 5.0}, "datetime": {"datetime": "2024-01-19 01:09:28", "elapsed": 3473.413654, "delta": 0.002785}}
{"target": -17.676642918608973, "params": {"gamma": 459.56222603712683, "log10_alpha": -3.802055183115957, "log10_colsample_bytree": -0.6658837927090253, "log10_eta": -2.297274917745177, "log10_lambda": -0.9997305949338289, "log10_min_child_weight": 0.11462152856731467, "log10_subsample": -0.4038216591641801, "max_depth": 2.0, "num_boost_round": 6.0}, "datetime": {"datetime": "2024-01-19 01:09:28", "elapsed": 3473.416332, "delta": 0.002678}}
{"target": -17.676476390497246, "params": {"gamma": 459.56222603712683, "log10_alpha": -3.802055183115957, "log10_colsample_bytree": -0.6658837927090253, "log10_eta": -2.297274917745177, "log10_lambda": -0.9997305949338289, "log10_min_child_weight": 0.11462152856731467, "log10_subsample": -0.4038216591641801, "max_depth": 2.0, "num_boost_round": 7.0}, "datetime": {"datetime": "2024-01-19 01:09:28", "elapsed": 3473.419027, "delta": 0.002695}}
{"target": -17.676377221224886, "params": {"gamma": 459.56222603712683, "log10_alpha": -3.802055183115957, "log10_colsample_bytree": -0.6658837927090253, "log10_eta": -2.297274917745177, "log10_lambda": -0.9997305949338289, "log10_min_child_weight": 0.11462152856731467, "log10_subsample": -0.4038216591641801, "max_depth": 2.0, "num_boost_round": 8.0}, "datetime": {"datetime": "2024-01-19 01:09:28", "elapsed": 3473.421682, "delta": 0.002655}}
{"target": -17.676250575532375, "params": {"gamma": 459.56222603712683, "log10_alpha": -3.802055183115957, "log10_colsample_bytree": -0.6658837927090253, "log10_eta": -2.297274917745177, "log10_lambda": -0.9997305949338289, "log10_min_child_weight": 0.11462152856731467, "log10_subsample": -0.4038216591641801, "max_depth": 2.0, "num_boost_round": 9.0}, "datetime": {"datetime": "2024-01-19 01:09:28", "elapsed": 3473.424393, "delta": 0.002711}}
{"target": -17.677139739004716, "params": {"gamma": 427.08577923456835, "log10_alpha": -2.0199737092726355, "log10_colsample_bytree": -0.0469849409983244, "log10_eta": -2.740972502832476, "log10_lambda": -3.2919306761594043, "log10_min_child_weight": 2.015173521940784, "log10_subsample": -0.910475712607207, "max_depth": 5.0, "num_boost_round": 0.0}, "datetime": {"datetime": "2024-01-19 01:10:11", "elapsed": 3515.547051, "delta": 42.122658}}
{"target": -17.677047543950927, "params": {"gamma": 427.08577923456835, "log10_alpha": -2.0199737092726355, "log10_colsample_bytree": -0.0469849409983244, "log10_eta": -2.740972502832476, "log10_lambda": -3.2919306761594043, "log10_min_child_weight": 2.015173521940784, "log10_subsample": -0.910475712607207, "max_depth": 5.0, "num_boost_round": 1.0}, "datetime": {"datetime": "2024-01-19 01:10:11", "elapsed": 3515.55087, "delta": 0.003819}}
{"target": -17.67697334831431, "params": {"gamma": 427.08577923456835, "log10_alpha": -2.0199737092726355, "log10_colsample_bytree": -0.0469849409983244, "log10_eta": -2.740972502832476, "log10_lambda": -3.2919306761594043, "log10_min_child_weight": 2.015173521940784, "log10_subsample": -0.910475712607207, "max_depth": 5.0, "num_boost_round": 2.0}, "datetime": {"datetime": "2024-01-19 01:10:11", "elapsed": 3515.554022, "delta": 0.003152}}
{"target": -17.676861995725925, "params": {"gamma": 427.08577923456835, "log10_alpha": -2.0199737092726355, "log10_colsample_bytree": -0.0469849409983244, "log10_eta": -2.740972502832476, "log10_lambda": -3.2919306761594043, "log10_min_child_weight": 2.015173521940784, "log10_subsample": -0.910475712607207, "max_depth": 5.0, "num_boost_round": 3.0}, "datetime": {"datetime": "2024-01-19 01:10:11", "elapsed": 3515.55676, "delta": 0.002738}}
{"target": -17.676816219782932, "params": {"gamma": 427.08577923456835, "log10_alpha": -2.0199737092726355, "log10_colsample_bytree": -0.0469849409983244, "log10_eta": -2.740972502832476, "log10_lambda": -3.2919306761594043, "log10_min_child_weight": 2.015173521940784, "log10_subsample": -0.910475712607207, "max_depth": 5.0, "num_boost_round": 4.0}, "datetime": {"datetime": "2024-01-19 01:10:11", "elapsed": 3515.559494, "delta": 0.002734}}
{"target": -17.67669661495709, "params": {"gamma": 427.08577923456835, "log10_alpha": -2.0199737092726355, "log10_colsample_bytree": -0.0469849409983244, "log10_eta": -2.740972502832476, "log10_lambda": -3.2919306761594043, "log10_min_child_weight": 2.015173521940784, "log10_subsample": -0.910475712607207, "max_depth": 5.0, "num_boost_round": 5.0}, "datetime": {"datetime": "2024-01-19 01:10:11", "elapsed": 3515.562195, "delta": 0.002701}}
{"target": -17.676637257290757, "params": {"gamma": 427.08577923456835, "log10_alpha": -2.0199737092726355, "log10_colsample_bytree": -0.0469849409983244, "log10_eta": -2.740972502832476, "log10_lambda": -3.2919306761594043, "log10_min_child_weight": 2.015173521940784, "log10_subsample": -0.910475712607207, "max_depth": 5.0, "num_boost_round": 6.0}, "datetime": {"datetime": "2024-01-19 01:10:11", "elapsed": 3515.564916, "delta": 0.002721}}
{"target": -17.676577053155395, "params": {"gamma": 427.08577923456835, "log10_alpha": -2.0199737092726355, "log10_colsample_bytree": -0.0469849409983244, "log10_eta": -2.740972502832476, "log10_lambda": -3.2919306761594043, "log10_min_child_weight": 2.015173521940784, "log10_subsample": -0.910475712607207, "max_depth": 5.0, "num_boost_round": 7.0}, "datetime": {"datetime": "2024-01-19 01:10:11", "elapsed": 3515.567604, "delta": 0.002688}}
{"target": -17.67632460211988, "params": {"gamma": 427.08577923456835, "log10_alpha": -2.0199737092726355, "log10_colsample_bytree": -0.0469849409983244, "log10_eta": -2.740972502832476, "log10_lambda": -3.2919306761594043, "log10_min_child_weight": 2.015173521940784, "log10_subsample": -0.910475712607207, "max_depth": 5.0, "num_boost_round": 8.0}, "datetime": {"datetime": "2024-01-19 01:10:11", "elapsed": 3515.570385, "delta": 0.002781}}
{"target": -17.676263083826218, "params": {"gamma": 427.08577923456835, "log10_alpha": -2.0199737092726355, "log10_colsample_bytree": -0.0469849409983244, "log10_eta": -2.740972502832476, "log10_lambda": -3.2919306761594043, "log10_min_child_weight": 2.015173521940784, "log10_subsample": -0.910475712607207, "max_depth": 5.0, "num_boost_round": 9.0}, "datetime": {"datetime": "2024-01-19 01:10:11", "elapsed": 3515.573311, "delta": 0.002926}}
{"target": -17.676211476073465, "params": {"gamma": 427.08577923456835, "log10_alpha": -2.0199737092726355, "log10_colsample_bytree": -0.0469849409983244, "log10_eta": -2.740972502832476, "log10_lambda": -3.2919306761594043, "log10_min_child_weight": 2.015173521940784, "log10_subsample": -0.910475712607207, "max_depth": 5.0, "num_boost_round": 10.0}, "datetime": {"datetime": "2024-01-19 01:10:11", "elapsed": 3515.576194, "delta": 0.002883}}
{"target": -17.676270971983584, "params": {"gamma": 427.08577923456835, "log10_alpha": -2.0199737092726355, "log10_colsample_bytree": -0.0469849409983244, "log10_eta": -2.740972502832476, "log10_lambda": -3.2919306761594043, "log10_min_child_weight": 2.015173521940784, "log10_subsample": -0.910475712607207, "max_depth": 5.0, "num_boost_round": 11.0}, "datetime": {"datetime": "2024-01-19 01:10:11", "elapsed": 3515.579093, "delta": 0.002899}}
{"target": -17.676177372231155, "params": {"gamma": 427.08577923456835, "log10_alpha": -2.0199737092726355, "log10_colsample_bytree": -0.0469849409983244, "log10_eta": -2.740972502832476, "log10_lambda": -3.2919306761594043, "log10_min_child_weight": 2.015173521940784, "log10_subsample": -0.910475712607207, "max_depth": 5.0, "num_boost_round": 12.0}, "datetime": {"datetime": "2024-01-19 01:10:11", "elapsed": 3515.581805, "delta": 0.002712}}
{"target": -17.67610164261874, "params": {"gamma": 427.08577923456835, "log10_alpha": -2.0199737092726355, "log10_colsample_bytree": -0.0469849409983244, "log10_eta": -2.740972502832476, "log10_lambda": -3.2919306761594043, "log10_min_child_weight": 2.015173521940784, "log10_subsample": -0.910475712607207, "max_depth": 5.0, "num_boost_round": 13.0}, "datetime": {"datetime": "2024-01-19 01:10:11", "elapsed": 3515.584552, "delta": 0.002747}}
{"target": -17.675994676655705, "params": {"gamma": 427.08577923456835, "log10_alpha": -2.0199737092726355, "log10_colsample_bytree": -0.0469849409983244, "log10_eta": -2.740972502832476, "log10_lambda": -3.2919306761594043, "log10_min_child_weight": 2.015173521940784, "log10_subsample": -0.910475712607207, "max_depth": 5.0, "num_boost_round": 14.0}, "datetime": {"datetime": "2024-01-19 01:10:11", "elapsed": 3515.587276, "delta": 0.002724}}
{"target": -17.67596028886539, "params": {"gamma": 427.08577923456835, "log10_alpha": -2.0199737092726355, "log10_colsample_bytree": -0.0469849409983244, "log10_eta": -2.740972502832476, "log10_lambda": -3.2919306761594043, "log10_min_child_weight": 2.015173521940784, "log10_subsample": -0.910475712607207, "max_depth": 5.0, "num_boost_round": 15.0}, "datetime": {"datetime": "2024-01-19 01:10:11", "elapsed": 3515.590044, "delta": 0.002768}}
{"target": -17.675897817454903, "params": {"gamma": 427.08577923456835, "log10_alpha": -2.0199737092726355, "log10_colsample_bytree": -0.0469849409983244, "log10_eta": -2.740972502832476, "log10_lambda": -3.2919306761594043, "log10_min_child_weight": 2.015173521940784, "log10_subsample": -0.910475712607207, "max_depth": 5.0, "num_boost_round": 16.0}, "datetime": {"datetime": "2024-01-19 01:10:11", "elapsed": 3515.592739, "delta": 0.002695}}
{"target": -17.675840027786634, "params": {"gamma": 427.08577923456835, "log10_alpha": -2.0199737092726355, "log10_colsample_bytree": -0.0469849409983244, "log10_eta": -2.740972502832476, "log10_lambda": -3.2919306761594043, "log10_min_child_weight": 2.015173521940784, "log10_subsample": -0.910475712607207, "max_depth": 5.0, "num_boost_round": 17.0}, "datetime": {"datetime": "2024-01-19 01:10:11", "elapsed": 3515.595572, "delta": 0.002833}}
{"target": -17.67582726808689, "params": {"gamma": 427.08577923456835, "log10_alpha": -2.0199737092726355, "log10_colsample_bytree": -0.0469849409983244, "log10_eta": -2.740972502832476, "log10_lambda": -3.2919306761594043, "log10_min_child_weight": 2.015173521940784, "log10_subsample": -0.910475712607207, "max_depth": 5.0, "num_boost_round": 18.0}, "datetime": {"datetime": "2024-01-19 01:10:11", "elapsed": 3515.598289, "delta": 0.002717}}
{"target": -17.675763569487863, "params": {"gamma": 427.08577923456835, "log10_alpha": -2.0199737092726355, "log10_colsample_bytree": -0.0469849409983244, "log10_eta": -2.740972502832476, "log10_lambda": -3.2919306761594043, "log10_min_child_weight": 2.015173521940784, "log10_subsample": -0.910475712607207, "max_depth": 5.0, "num_boost_round": 19.0}, "datetime": {"datetime": "2024-01-19 01:10:11", "elapsed": 3515.600997, "delta": 0.002708}}
{"target": -17.675680932507913, "params": {"gamma": 427.08577923456835, "log10_alpha": -2.0199737092726355, "log10_colsample_bytree": -0.0469849409983244, "log10_eta": -2.740972502832476, "log10_lambda": -3.2919306761594043, "log10_min_child_weight": 2.015173521940784, "log10_subsample": -0.910475712607207, "max_depth": 5.0, "num_boost_round": 20.0}, "datetime": {"datetime": "2024-01-19 01:10:11", "elapsed": 3515.603757, "delta": 0.00276}}
{"target": -17.67562114700231, "params": {"gamma": 427.08577923456835, "log10_alpha": -2.0199737092726355, "log10_colsample_bytree": -0.0469849409983244, "log10_eta": -2.740972502832476, "log10_lambda": -3.2919306761594043, "log10_min_child_weight": 2.015173521940784, "log10_subsample": -0.910475712607207, "max_depth": 5.0, "num_boost_round": 21.0}, "datetime": {"datetime": "2024-01-19 01:10:11", "elapsed": 3515.606463, "delta": 0.002706}}
{"target": -17.67554888696702, "params": {"gamma": 427.08577923456835, "log10_alpha": -2.0199737092726355, "log10_colsample_bytree": -0.0469849409983244, "log10_eta": -2.740972502832476, "log10_lambda": -3.2919306761594043, "log10_min_child_weight": 2.015173521940784, "log10_subsample": -0.910475712607207, "max_depth": 5.0, "num_boost_round": 22.0}, "datetime": {"datetime": "2024-01-19 01:10:11", "elapsed": 3515.609174, "delta": 0.002711}}
