{"target": -17.677176704877027, "params": {"gamma": 952.5109378810639, "log10_alpha": 0.18872720201980897, "log10_colsample_bytree": -0.6792868771108515, "log10_eta": -2.9855200515856035, "log10_lambda": -4.326476989109337, "log10_min_child_weight": 0.034969184108334384, "log10_subsample": -0.8695217889939171, "max_depth": 2.0, "num_boost_round": 1.0}, "datetime": {"datetime": "2024-01-19 01:24:18", "elapsed": 4351.803661, "delta": 0.004675}}
{"target": -17.677146902962033, "params": {"gamma": 952.5109378810639, "log10_alpha": 0.18872720201980897, "log10_colsample_bytree": -0.6792868771108515, "log10_eta": -2.9855200515856035, "log10_lambda": -4.326476989109337, "log10_min_child_weight": 0.034969184108334384, "log10_subsample": -0.8695217889939171, "max_depth": 2.0, "num_boost_round": 2.0}, "datetime": {"datetime": "2024-01-19 01:24:18", "elapsed": 4351.808106, "delta": 0.004445}}
{"target": -17.677131606645737, "params": {"gamma": 952.5109378810639, "log10_alpha": 0.18872720201980897, "log10_colsample_bytree": -0.6792868771108515, "log10_eta": -2.9855200515856035, "log10_lambda": -4.326476989109337, "log10_min_child_weight": 0.034969184108334384, "log10_subsample": -0.8695217889939171, "max_depth": 2.0, "num_boost_round": 3.0}, "datetime": {"datetime": "2024-01-19 01:24:18", "elapsed": 4351.812717, "delta": 0.004611}}
{"target": -17.677125696436033, "params": {"gamma": 952.5109378810639, "log10_alpha": 0.18872720201980897, "log10_colsample_bytree": -0.6792868771108515, "log10_eta": -2.9855200515856035, "log10_lambda": -4.326476989109337, "log10_min_child_weight": 0.034969184108334384, "log10_subsample": -0.8695217889939171, "max_depth": 2.0, "num_boost_round": 4.0}, "datetime": {"datetime": "2024-01-19 01:24:18", "elapsed": 4351.817395, "delta": 0.004678}}
{"target": -17.677109089208578, "params": {"gamma": 952.5109378810639, "log10_alpha": 0.18872720201980897, "log10_colsample_bytree": -0.6792868771108515, "log10_eta": -2.9855200515856035, "log10_lambda": -4.326476989109337, "log10_min_child_weight": 0.034969184108334384, "log10_subsample": -0.8695217889939171, "max_depth": 2.0, "num_boost_round": 5.0}, "datetime": {"datetime": "2024-01-19 01:24:18", "elapsed": 4351.821982, "delta": 0.004587}}
{"target": -17.677072346655276, "params": {"gamma": 952.5109378810639, "log10_alpha": 0.18872720201980897, "log10_colsample_bytree": -0.6792868771108515, "log10_eta": -2.9855200515856035, "log10_lambda": -4.326476989109337, "log10_min_child_weight": 0.034969184108334384, "log10_subsample": -0.8695217889939171, "max_depth": 2.0, "num_boost_round": 6.0}, "datetime": {"datetime": "2024-01-19 01:24:18", "elapsed": 4351.826537, "delta": 0.004555}}
{"target": -17.67703791352559, "params": {"gamma": 952.5109378810639, "log10_alpha": 0.18872720201980897, "log10_colsample_bytree": -0.6792868771108515, "log10_eta": -2.9855200515856035, "log10_lambda": -4.326476989109337, "log10_min_child_weight": 0.034969184108334384, "log10_subsample": -0.8695217889939171, "max_depth": 2.0, "num_boost_round": 7.0}, "datetime": {"datetime": "2024-01-19 01:24:18", "elapsed": 4351.831081, "delta": 0.004544}}
{"target": -17.67701428561564, "params": {"gamma": 952.5109378810639, "log10_alpha": 0.18872720201980897, "log10_colsample_bytree": -0.6792868771108515, "log10_eta": -2.9855200515856035, "log10_lambda": -4.326476989109337, "log10_min_child_weight": 0.034969184108334384, "log10_subsample": -0.8695217889939171, "max_depth": 2.0, "num_boost_round": 8.0}, "datetime": {"datetime": "2024-01-19 01:24:18", "elapsed": 4351.835661, "delta": 0.00458}}
{"target": -17.67701471805782, "params": {"gamma": 952.5109378810639, "log10_alpha": 0.18872720201980897, "log10_colsample_bytree": -0.6792868771108515, "log10_eta": -2.9855200515856035, "log10_lambda": -4.326476989109337, "log10_min_child_weight": 0.034969184108334384, "log10_subsample": -0.8695217889939171, "max_depth": 2.0, "num_boost_round": 9.0}, "datetime": {"datetime": "2024-01-19 01:24:18", "elapsed": 4351.840327, "delta": 0.004666}}
{"target": -17.67699829493397, "params": {"gamma": 952.5109378810639, "log10_alpha": 0.18872720201980897, "log10_colsample_bytree": -0.6792868771108515, "log10_eta": -2.9855200515856035, "log10_lambda": -4.326476989109337, "log10_min_child_weight": 0.034969184108334384, "log10_subsample": -0.8695217889939171, "max_depth": 2.0, "num_boost_round": 10.0}, "datetime": {"datetime": "2024-01-19 01:24:18", "elapsed": 4351.844907, "delta": 0.00458}}
{"target": -17.67697038591931, "params": {"gamma": 952.5109378810639, "log10_alpha": 0.18872720201980897, "log10_colsample_bytree": -0.6792868771108515, "log10_eta": -2.9855200515856035, "log10_lambda": -4.326476989109337, "log10_min_child_weight": 0.034969184108334384, "log10_subsample": -0.8695217889939171, "max_depth": 2.0, "num_boost_round": 11.0}, "datetime": {"datetime": "2024-01-19 01:24:18", "elapsed": 4351.849426, "delta": 0.004519}}
{"target": -17.676935539718613, "params": {"gamma": 952.5109378810639, "log10_alpha": 0.18872720201980897, "log10_colsample_bytree": -0.6792868771108515, "log10_eta": -2.9855200515856035, "log10_lambda": -4.326476989109337, "log10_min_child_weight": 0.034969184108334384, "log10_subsample": -0.8695217889939171, "max_depth": 2.0, "num_boost_round": 12.0}, "datetime": {"datetime": "2024-01-19 01:24:18", "elapsed": 4351.853828, "delta": 0.004402}}
{"target": -17.677226300862035, "params": {"gamma": 970.0502808123631, "log10_alpha": -2.4091956636816576, "log10_colsample_bytree": -0.5897008762171377, "log10_eta": -3.65642024671967, "log10_lambda": -2.14786555367755, "log10_min_child_weight": 1.5295945279698453, "log10_subsample": -0.09190781159010242, "max_depth": 2.0, "num_boost_round": 0.0}, "datetime": {"datetime": "2024-01-19 01:25:09", "elapsed": 4403.535014, "delta": 51.681186}}
{"target": -17.677221103293707, "params": {"gamma": 970.0502808123631, "log10_alpha": -2.4091956636816576, "log10_colsample_bytree": -0.5897008762171377, "log10_eta": -3.65642024671967, "log10_lambda": -2.14786555367755, "log10_min_child_weight": 1.5295945279698453, "log10_subsample": -0.09190781159010242, "max_depth": 2.0, "num_boost_round": 1.0}, "datetime": {"datetime": "2024-01-19 01:25:09", "elapsed": 4403.540293, "delta": 0.005279}}
{"target": -17.677214677060544, "params": {"gamma": 970.0502808123631, "log10_alpha": -2.4091956636816576, "log10_colsample_bytree": -0.5897008762171377, "log10_eta": -3.65642024671967, "log10_lambda": -2.14786555367755, "log10_min_child_weight": 1.5295945279698453, "log10_subsample": -0.09190781159010242, "max_depth": 2.0, "num_boost_round": 2.0}, "datetime": {"datetime": "2024-01-19 01:25:09", "elapsed": 4403.544902, "delta": 0.004609}}
{"target": -17.67721176529638, "params": {"gamma": 970.0502808123631, "log10_alpha": -2.4091956636816576, "log10_colsample_bytree": -0.5897008762171377, "log10_eta": -3.65642024671967, "log10_lambda": -2.14786555367755, "log10_min_child_weight": 1.5295945279698453, "log10_subsample": -0.09190781159010242, "max_depth": 2.0, "num_boost_round": 3.0}, "datetime": {"datetime": "2024-01-19 01:25:09", "elapsed": 4403.5493, "delta": 0.004398}}
{"target": -17.67720783949172, "params": {"gamma": 970.0502808123631, "log10_alpha": -2.4091956636816576, "log10_colsample_bytree": -0.5897008762171377, "log10_eta": -3.65642024671967, "log10_lambda": -2.14786555367755, "log10_min_child_weight": 1.5295945279698453, "log10_subsample": -0.09190781159010242, "max_depth": 2.0, "num_boost_round": 4.0}, "datetime": {"datetime": "2024-01-19 01:25:09", "elapsed": 4403.553761, "delta": 0.004461}}
{"target": -17.677203452811767, "params": {"gamma": 970.0502808123631, "log10_alpha": -2.4091956636816576, "log10_colsample_bytree": -0.5897008762171377, "log10_eta": -3.65642024671967, "log10_lambda": -2.14786555367755, "log10_min_child_weight": 1.5295945279698453, "log10_subsample": -0.09190781159010242, "max_depth": 2.0, "num_boost_round": 5.0}, "datetime": {"datetime": "2024-01-19 01:25:09", "elapsed": 4403.558156, "delta": 0.004395}}
{"target": -17.67719720283951, "params": {"gamma": 970.0502808123631, "log10_alpha": -2.4091956636816576, "log10_colsample_bytree": -0.5897008762171377, "log10_eta": -3.65642024671967, "log10_lambda": -2.14786555367755, "log10_min_child_weight": 1.5295945279698453, "log10_subsample": -0.09190781159010242, "max_depth": 2.0, "num_boost_round": 6.0}, "datetime": {"datetime": "2024-01-19 01:25:09", "elapsed": 4403.562645, "delta": 0.004489}}
{"target": -17.677191656670406, "params": {"gamma": 970.0502808123631, "log10_alpha": -2.4091956636816576, "log10_colsample_bytree": -0.5897008762171377, "log10_eta": -3.65642024671967, "log10_lambda": -2.14786555367755, "log10_min_child_weight": 1.5295945279698453, "log10_subsample": -0.09190781159010242, "max_depth": 2.0, "num_boost_round": 7.0}, "datetime": {"datetime": "2024-01-19 01:25:09", "elapsed": 4403.567063, "delta": 0.004418}}
{"target": -17.67718668126239, "params": {"gamma": 970.0502808123631, "log10_alpha": -2.4091956636816576, "log10_colsample_bytree": -0.5897008762171377, "log10_eta": -3.65642024671967, "log10_lambda": -2.14786555367755, "log10_min_child_weight": 1.5295945279698453, "log10_subsample": -0.09190781159010242, "max_depth": 2.0, "num_boost_round": 8.0}, "datetime": {"datetime": "2024-01-19 01:25:09", "elapsed": 4403.571522, "delta": 0.004459}}
{"target": -17.67717832644257, "params": {"gamma": 970.0502808123631, "log10_alpha": -2.4091956636816576, "log10_colsample_bytree": -0.5897008762171377, "log10_eta": -3.65642024671967, "log10_lambda": -2.14786555367755, "log10_min_child_weight": 1.5295945279698453, "log10_subsample": -0.09190781159010242, "max_depth": 2.0, "num_boost_round": 9.0}, "datetime": {"datetime": "2024-01-19 01:25:09", "elapsed": 4403.575864, "delta": 0.004342}}
{"target": -17.677170686272486, "params": {"gamma": 970.0502808123631, "log10_alpha": -2.4091956636816576, "log10_colsample_bytree": -0.5897008762171377, "log10_eta": -3.65642024671967, "log10_lambda": -2.14786555367755, "log10_min_child_weight": 1.5295945279698453, "log10_subsample": -0.09190781159010242, "max_depth": 2.0, "num_boost_round": 10.0}, "datetime": {"datetime": "2024-01-19 01:25:09", "elapsed": 4403.580245, "delta": 0.004381}}
{"target": -17.677164909210084, "params": {"gamma": 970.0502808123631, "log10_alpha": -2.4091956636816576, "log10_colsample_bytree": -0.5897008762171377, "log10_eta": -3.65642024671967, "log10_lambda": -2.14786555367755, "log10_min_child_weight": 1.5295945279698453, "log10_subsample": -0.09190781159010242, "max_depth": 2.0, "num_boost_round": 11.0}, "datetime": {"datetime": "2024-01-19 01:25:09", "elapsed": 4403.584632, "delta": 0.004387}}
{"target": -17.677159801708697, "params": {"gamma": 970.0502808123631, "log10_alpha": -2.4091956636816576, "log10_colsample_bytree": -0.5897008762171377, "log10_eta": -3.65642024671967, "log10_lambda": -2.14786555367755, "log10_min_child_weight": 1.5295945279698453, "log10_subsample": -0.09190781159010242, "max_depth": 2.0, "num_boost_round": 12.0}, "datetime": {"datetime": "2024-01-19 01:25:09", "elapsed": 4403.589309, "delta": 0.004677}}
{"target": -17.677152683094064, "params": {"gamma": 970.0502808123631, "log10_alpha": -2.4091956636816576, "log10_colsample_bytree": -0.5897008762171377, "log10_eta": -3.65642024671967, "log10_lambda": -2.14786555367755, "log10_min_child_weight": 1.5295945279698453, "log10_subsample": -0.09190781159010242, "max_depth": 2.0, "num_boost_round": 13.0}, "datetime": {"datetime": "2024-01-19 01:25:09", "elapsed": 4403.593838, "delta": 0.004529}}
{"target": -17.677151483949125, "params": {"gamma": 970.0502808123631, "log10_alpha": -2.4091956636816576, "log10_colsample_bytree": -0.5897008762171377, "log10_eta": -3.65642024671967, "log10_lambda": -2.14786555367755, "log10_min_child_weight": 1.5295945279698453, "log10_subsample": -0.09190781159010242, "max_depth": 2.0, "num_boost_round": 14.0}, "datetime": {"datetime": "2024-01-19 01:25:09", "elapsed": 4403.598295, "delta": 0.004457}}
{"target": -17.67714414559418, "params": {"gamma": 970.0502808123631, "log10_alpha": -2.4091956636816576, "log10_colsample_bytree": -0.5897008762171377, "log10_eta": -3.65642024671967, "log10_lambda": -2.14786555367755, "log10_min_child_weight": 1.5295945279698453, "log10_subsample": -0.09190781159010242, "max_depth": 2.0, "num_boost_round": 15.0}, "datetime": {"datetime": "2024-01-19 01:25:09", "elapsed": 4403.602818, "delta": 0.004523}}
{"target": -17.677137458926392, "params": {"gamma": 970.0502808123631, "log10_alpha": -2.4091956636816576, "log10_colsample_bytree": -0.5897008762171377, "log10_eta": -3.65642024671967, "log10_lambda": -2.14786555367755, "log10_min_child_weight": 1.5295945279698453, "log10_subsample": -0.09190781159010242, "max_depth": 2.0, "num_boost_round": 16.0}, "datetime": {"datetime": "2024-01-19 01:25:09", "elapsed": 4403.607544, "delta": 0.004726}}
{"target": -17.677134298367633, "params": {"gamma": 970.0502808123631, "log10_alpha": -2.4091956636816576, "log10_colsample_bytree": -0.5897008762171377, "log10_eta": -3.65642024671967, "log10_lambda": -2.14786555367755, "log10_min_child_weight": 1.5295945279698453, "log10_subsample": -0.09190781159010242, "max_depth": 2.0, "num_boost_round": 17.0}, "datetime": {"datetime": "2024-01-19 01:25:09", "elapsed": 4403.612078, "delta": 0.004534}}
{"target": -17.67712872865874, "params": {"gamma": 970.0502808123631, "log10_alpha": -2.4091956636816576, "log10_colsample_bytree": -0.5897008762171377, "log10_eta": -3.65642024671967, "log10_lambda": -2.14786555367755, "log10_min_child_weight": 1.5295945279698453, "log10_subsample": -0.09190781159010242, "max_depth": 2.0, "num_boost_round": 18.0}, "datetime": {"datetime": "2024-01-19 01:25:09", "elapsed": 4403.616756, "delta": 0.004678}}
{"target": -17.677124625309837, "params": {"gamma": 970.0502808123631, "log10_alpha": -2.4091956636816576, "log10_colsample_bytree": -0.5897008762171377, "log10_eta": -3.65642024671967, "log10_lambda": -2.14786555367755, "log10_min_child_weight": 1.5295945279698453, "log10_subsample": -0.09190781159010242, "max_depth": 2.0, "num_boost_round": 19.0}, "datetime": {"datetime": "2024-01-19 01:25:09", "elapsed": 4403.62206, "delta": 0.005304}}
{"target": -17.677118863754753, "params": {"gamma": 970.0502808123631, "log10_alpha": -2.4091956636816576, "log10_colsample_bytree": -0.5897008762171377, "log10_eta": -3.65642024671967, "log10_lambda": -2.14786555367755, "log10_min_child_weight": 1.5295945279698453, "log10_subsample": -0.09190781159010242, "max_depth": 2.0, "num_boost_round": 20.0}, "datetime": {"datetime": "2024-01-19 01:25:09", "elapsed": 4403.627692, "delta": 0.005632}}
{"target": -17.677111517283233, "params": {"gamma": 970.0502808123631, "log10_alpha": -2.4091956636816576, "log10_colsample_bytree": -0.5897008762171377, "log10_eta": -3.65642024671967, "log10_lambda": -2.14786555367755, "log10_min_child_weight": 1.5295945279698453, "log10_subsample": -0.09190781159010242, "max_depth": 2.0, "num_boost_round": 21.0}, "datetime": {"datetime": "2024-01-19 01:25:09", "elapsed": 4403.632229, "delta": 0.004537}}
{"target": -17.67710772775616, "params": {"gamma": 970.0502808123631, "log10_alpha": -2.4091956636816576, "log10_colsample_bytree": -0.5897008762171377, "log10_eta": -3.65642024671967, "log10_lambda": -2.14786555367755, "log10_min_child_weight": 1.5295945279698453, "log10_subsample": -0.09190781159010242, "max_depth": 2.0, "num_boost_round": 22.0}, "datetime": {"datetime": "2024-01-19 01:25:09", "elapsed": 4403.636791, "delta": 0.004562}}
{"target": -17.677101395078072, "params": {"gamma": 970.0502808123631, "log10_alpha": -2.4091956636816576, "log10_colsample_bytree": -0.5897008762171377, "log10_eta": -3.65642024671967, "log10_lambda": -2.14786555367755, "log10_min_child_weight": 1.5295945279698453, "log10_subsample": -0.09190781159010242, "max_depth": 2.0, "num_boost_round": 23.0}, "datetime": {"datetime": "2024-01-19 01:25:09", "elapsed": 4403.641227, "delta": 0.004436}}
{"target": -17.67710119835996, "params": {"gamma": 970.0502808123631, "log10_alpha": -2.4091956636816576, "log10_colsample_bytree": -0.5897008762171377, "log10_eta": -3.65642024671967, "log10_lambda": -2.14786555367755, "log10_min_child_weight": 1.5295945279698453, "log10_subsample": -0.09190781159010242, "max_depth": 2.0, "num_boost_round": 24.0}, "datetime": {"datetime": "2024-01-19 01:25:09", "elapsed": 4403.645899, "delta": 0.004672}}
{"target": -17.677211230003728, "params": {"gamma": 971.8438674641477, "log10_alpha": -1.1297844818595726, "log10_colsample_bytree": -0.8708468991345497, "log10_eta": -3.711970039574621, "log10_lambda": 0.5094533340818836, "log10_min_child_weight": 0.3975757265485036, "log10_subsample": -0.015291465692473971, "max_depth": 8.0, "num_boost_round": 0.0}, "datetime": {"datetime": "2024-01-19 01:26:16", "elapsed": 4470.30934, "delta": 66.663441}}
{"target": -17.677211788759347, "params": {"gamma": 971.8438674641477, "log10_alpha": -1.1297844818595726, "log10_colsample_bytree": -0.8708468991345497, "log10_eta": -3.711970039574621, "log10_lambda": 0.5094533340818836, "log10_min_child_weight": 0.3975757265485036, "log10_subsample": -0.015291465692473971, "max_depth": 8.0, "num_boost_round": 1.0}, "datetime": {"datetime": "2024-01-19 01:26:16", "elapsed": 4470.314404, "delta": 0.005064}}
{"target": -17.677198782381968, "params": {"gamma": 971.8438674641477, "log10_alpha": -1.1297844818595726, "log10_colsample_bytree": -0.8708468991345497, "log10_eta": -3.711970039574621, "log10_lambda": 0.5094533340818836, "log10_min_child_weight": 0.3975757265485036, "log10_subsample": -0.015291465692473971, "max_depth": 8.0, "num_boost_round": 2.0}, "datetime": {"datetime": "2024-01-19 01:26:16", "elapsed": 4470.319431, "delta": 0.005027}}
{"target": -17.677200545250116, "params": {"gamma": 971.8438674641477, "log10_alpha": -1.1297844818595726, "log10_colsample_bytree": -0.8708468991345497, "log10_eta": -3.711970039574621, "log10_lambda": 0.5094533340818836, "log10_min_child_weight": 0.3975757265485036, "log10_subsample": -0.015291465692473971, "max_depth": 8.0, "num_boost_round": 3.0}, "datetime": {"datetime": "2024-01-19 01:26:16", "elapsed": 4470.323934, "delta": 0.004503}}
{"target": -17.677186243512647, "params": {"gamma": 971.8438674641477, "log10_alpha": -1.1297844818595726, "log10_colsample_bytree": -0.8708468991345497, "log10_eta": -3.711970039574621, "log10_lambda": 0.5094533340818836, "log10_min_child_weight": 0.3975757265485036, "log10_subsample": -0.015291465692473971, "max_depth": 8.0, "num_boost_round": 4.0}, "datetime": {"datetime": "2024-01-19 01:26:16", "elapsed": 4470.328476, "delta": 0.004542}}
{"target": -17.67718659845439, "params": {"gamma": 971.8438674641477, "log10_alpha": -1.1297844818595726, "log10_colsample_bytree": -0.8708468991345497, "log10_eta": -3.711970039574621, "log10_lambda": 0.5094533340818836, "log10_min_child_weight": 0.3975757265485036, "log10_subsample": -0.015291465692473971, "max_depth": 8.0, "num_boost_round": 5.0}, "datetime": {"datetime": "2024-01-19 01:26:16", "elapsed": 4470.333097, "delta": 0.004621}}
{"target": -17.677195076128214, "params": {"gamma": 971.8438674641477, "log10_alpha": -1.1297844818595726, "log10_colsample_bytree": -0.8708468991345497, "log10_eta": -3.711970039574621, "log10_lambda": 0.5094533340818836, "log10_min_child_weight": 0.3975757265485036, "log10_subsample": -0.015291465692473971, "max_depth": 8.0, "num_boost_round": 6.0}, "datetime": {"datetime": "2024-01-19 01:26:16", "elapsed": 4470.337702, "delta": 0.004605}}
{"target": -17.677179613232475, "params": {"gamma": 971.8438674641477, "log10_alpha": -1.1297844818595726, "log10_colsample_bytree": -0.8708468991345497, "log10_eta": -3.711970039574621, "log10_lambda": 0.5094533340818836, "log10_min_child_weight": 0.3975757265485036, "log10_subsample": -0.015291465692473971, "max_depth": 8.0, "num_boost_round": 7.0}, "datetime": {"datetime": "2024-01-19 01:26:16", "elapsed": 4470.342253, "delta": 0.004551}}
{"target": -17.677175304128376, "params": {"gamma": 971.8438674641477, "log10_alpha": -1.1297844818595726, "log10_colsample_bytree": -0.8708468991345497, "log10_eta": -3.711970039574621, "log10_lambda": 0.5094533340818836, "log10_min_child_weight": 0.3975757265485036, "log10_subsample": -0.015291465692473971, "max_depth": 8.0, "num_boost_round": 8.0}, "datetime": {"datetime": "2024-01-19 01:26:16", "elapsed": 4470.346742, "delta": 0.004489}}
{"target": -17.677163183637518, "params": {"gamma": 971.8438674641477, "log10_alpha": -1.1297844818595726, "log10_colsample_bytree": -0.8708468991345497, "log10_eta": -3.711970039574621, "log10_lambda": 0.5094533340818836, "log10_min_child_weight": 0.3975757265485036, "log10_subsample": -0.015291465692473971, "max_depth": 8.0, "num_boost_round": 9.0}, "datetime": {"datetime": "2024-01-19 01:26:16", "elapsed": 4470.351309, "delta": 0.004567}}
{"target": -17.677141852438936, "params": {"gamma": 971.8438674641477, "log10_alpha": -1.1297844818595726, "log10_colsample_bytree": -0.8708468991345497, "log10_eta": -3.711970039574621, "log10_lambda": 0.5094533340818836, "log10_min_child_weight": 0.3975757265485036, "log10_subsample": -0.015291465692473971, "max_depth": 8.0, "num_boost_round": 10.0}, "datetime": {"datetime": "2024-01-19 01:26:16", "elapsed": 4470.355836, "delta": 0.004527}}
{"target": -17.67713321192083, "params": {"gamma": 971.8438674641477, "log10_alpha": -1.1297844818595726, "log10_colsample_bytree": -0.8708468991345497, "log10_eta": -3.711970039574621, "log10_lambda": 0.5094533340818836, "log10_min_child_weight": 0.3975757265485036, "log10_subsample": -0.015291465692473971, "max_depth": 8.0, "num_boost_round": 11.0}, "datetime": {"datetime": "2024-01-19 01:26:16", "elapsed": 4470.360293, "delta": 0.004457}}
