{"target": -13.7585280188762, "params": {"gamma": 966.8305764190007, "log10_alpha": -0.7399651189018752, "log10_colsample_bytree": 0.0, "log10_eta": -4.0, "log10_lambda": -0.8078956418325918, "log10_min_child_weight": 2.5821641067537113, "log10_subsample": 0.0, "max_depth": 2.0, "num_boost_round": 9.0}, "datetime": {"datetime": "2024-01-19 00:42:40", "elapsed": 1861.853557, "delta": 0.002618}}
{"target": -13.758526967807889, "params": {"gamma": 966.8305764190007, "log10_alpha": -0.7399651189018752, "log10_colsample_bytree": 0.0, "log10_eta": -4.0, "log10_lambda": -0.8078956418325918, "log10_min_child_weight": 2.5821641067537113, "log10_subsample": 0.0, "max_depth": 2.0, "num_boost_round": 10.0}, "datetime": {"datetime": "2024-01-19 00:42:40", "elapsed": 1861.856162, "delta": 0.002605}}
{"target": -13.758525983734806, "params": {"gamma": 966.8305764190007, "log10_alpha": -0.7399651189018752, "log10_colsample_bytree": 0.0, "log10_eta": -4.0, "log10_lambda": -0.8078956418325918, "log10_min_child_weight": 2.5821641067537113, "log10_subsample": 0.0, "max_depth": 2.0, "num_boost_round": 11.0}, "datetime": {"datetime": "2024-01-19 00:42:40", "elapsed": 1861.858899, "delta": 0.002737}}
{"target": -13.758524937307731, "params": {"gamma": 966.8305764190007, "log10_alpha": -0.7399651189018752, "log10_colsample_bytree": 0.0, "log10_eta": -4.0, "log10_lambda": -0.8078956418325918, "log10_min_child_weight": 2.5821641067537113, "log10_subsample": 0.0, "max_depth": 2.0, "num_boost_round": 12.0}, "datetime": {"datetime": "2024-01-19 00:42:40", "elapsed": 1861.861943, "delta": 0.003044}}
{"target": -13.758523935616198, "params": {"gamma": 966.8305764190007, "log10_alpha": -0.7399651189018752, "log10_colsample_bytree": 0.0, "log10_eta": -4.0, "log10_lambda": -0.8078956418325918, "log10_min_child_weight": 2.5821641067537113, "log10_subsample": 0.0, "max_depth": 2.0, "num_boost_round": 13.0}, "datetime": {"datetime": "2024-01-19 00:42:40", "elapsed": 1861.865239, "delta": 0.003296}}
{"target": -13.758522895125196, "params": {"gamma": 966.8305764190007, "log10_alpha": -0.7399651189018752, "log10_colsample_bytree": 0.0, "log10_eta": -4.0, "log10_lambda": -0.8078956418325918, "log10_min_child_weight": 2.5821641067537113, "log10_subsample": 0.0, "max_depth": 2.0, "num_boost_round": 14.0}, "datetime": {"datetime": "2024-01-19 00:42:40", "elapsed": 1861.867902, "delta": 0.002663}}
{"target": -13.758521915037939, "params": {"gamma": 966.8305764190007, "log10_alpha": -0.7399651189018752, "log10_colsample_bytree": 0.0, "log10_eta": -4.0, "log10_lambda": -0.8078956418325918, "log10_min_child_weight": 2.5821641067537113, "log10_subsample": 0.0, "max_depth": 2.0, "num_boost_round": 15.0}, "datetime": {"datetime": "2024-01-19 00:42:40", "elapsed": 1861.87058, "delta": 0.002678}}
{"target": -13.758520884935974, "params": {"gamma": 966.8305764190007, "log10_alpha": -0.7399651189018752, "log10_colsample_bytree": 0.0, "log10_eta": -4.0, "log10_lambda": -0.8078956418325918, "log10_min_child_weight": 2.5821641067537113, "log10_subsample": 0.0, "max_depth": 2.0, "num_boost_round": 16.0}, "datetime": {"datetime": "2024-01-19 00:42:40", "elapsed": 1861.873269, "delta": 0.002689}}
{"target": -13.758519847992378, "params": {"gamma": 966.8305764190007, "log10_alpha": -0.7399651189018752, "log10_colsample_bytree": 0.0, "log10_eta": -4.0, "log10_lambda": -0.8078956418325918, "log10_min_child_weight": 2.5821641067537113, "log10_subsample": 0.0, "max_depth": 2.0, "num_boost_round": 17.0}, "datetime": {"datetime": "2024-01-19 00:42:40", "elapsed": 1861.8759, "delta": 0.002631}}
{"target": -13.758518870884451, "params": {"gamma": 966.8305764190007, "log10_alpha": -0.7399651189018752, "log10_colsample_bytree": 0.0, "log10_eta": -4.0, "log10_lambda": -0.8078956418325918, "log10_min_child_weight": 2.5821641067537113, "log10_subsample": 0.0, "max_depth": 2.0, "num_boost_round": 18.0}, "datetime": {"datetime": "2024-01-19 00:42:40", "elapsed": 1861.878565, "delta": 0.002665}}
{"target": -13.758517836769878, "params": {"gamma": 966.8305764190007, "log10_alpha": -0.7399651189018752, "log10_colsample_bytree": 0.0, "log10_eta": -4.0, "log10_lambda": -0.8078956418325918, "log10_min_child_weight": 2.5821641067537113, "log10_subsample": 0.0, "max_depth": 2.0, "num_boost_round": 19.0}, "datetime": {"datetime": "2024-01-19 00:42:40", "elapsed": 1861.881249, "delta": 0.002684}}
{"target": -13.758516833176278, "params": {"gamma": 966.8305764190007, "log10_alpha": -0.7399651189018752, "log10_colsample_bytree": 0.0, "log10_eta": -4.0, "log10_lambda": -0.8078956418325918, "log10_min_child_weight": 2.5821641067537113, "log10_subsample": 0.0, "max_depth": 2.0, "num_boost_round": 20.0}, "datetime": {"datetime": "2024-01-19 00:42:40", "elapsed": 1861.88388, "delta": 0.002631}}
{"target": -13.758515802653347, "params": {"gamma": 966.8305764190007, "log10_alpha": -0.7399651189018752, "log10_colsample_bytree": 0.0, "log10_eta": -4.0, "log10_lambda": -0.8078956418325918, "log10_min_child_weight": 2.5821641067537113, "log10_subsample": 0.0, "max_depth": 2.0, "num_boost_round": 21.0}, "datetime": {"datetime": "2024-01-19 00:42:40", "elapsed": 1861.886521, "delta": 0.002641}}
{"target": -13.758514829702422, "params": {"gamma": 966.8305764190007, "log10_alpha": -0.7399651189018752, "log10_colsample_bytree": 0.0, "log10_eta": -4.0, "log10_lambda": -0.8078956418325918, "log10_min_child_weight": 2.5821641067537113, "log10_subsample": 0.0, "max_depth": 2.0, "num_boost_round": 22.0}, "datetime": {"datetime": "2024-01-19 00:42:40", "elapsed": 1861.889165, "delta": 0.002644}}
{"target": -13.758513798353533, "params": {"gamma": 966.8305764190007, "log10_alpha": -0.7399651189018752, "log10_colsample_bytree": 0.0, "log10_eta": -4.0, "log10_lambda": -0.8078956418325918, "log10_min_child_weight": 2.5821641067537113, "log10_subsample": 0.0, "max_depth": 2.0, "num_boost_round": 23.0}, "datetime": {"datetime": "2024-01-19 00:42:40", "elapsed": 1861.891816, "delta": 0.002651}}
{"target": -13.758512817419488, "params": {"gamma": 966.8305764190007, "log10_alpha": -0.7399651189018752, "log10_colsample_bytree": 0.0, "log10_eta": -4.0, "log10_lambda": -0.8078956418325918, "log10_min_child_weight": 2.5821641067537113, "log10_subsample": 0.0, "max_depth": 2.0, "num_boost_round": 24.0}, "datetime": {"datetime": "2024-01-19 00:42:40", "elapsed": 1861.894489, "delta": 0.002673}}
{"target": -13.758511821864873, "params": {"gamma": 966.8305764190007, "log10_alpha": -0.7399651189018752, "log10_colsample_bytree": 0.0, "log10_eta": -4.0, "log10_lambda": -0.8078956418325918, "log10_min_child_weight": 2.5821641067537113, "log10_subsample": 0.0, "max_depth": 2.0, "num_boost_round": 25.0}, "datetime": {"datetime": "2024-01-19 00:42:40", "elapsed": 1861.897136, "delta": 0.002647}}
{"target": -13.758510792237116, "params": {"gamma": 966.8305764190007, "log10_alpha": -0.7399651189018752, "log10_colsample_bytree": 0.0, "log10_eta": -4.0, "log10_lambda": -0.8078956418325918, "log10_min_child_weight": 2.5821641067537113, "log10_subsample": 0.0, "max_depth": 2.0, "num_boost_round": 26.0}, "datetime": {"datetime": "2024-01-19 00:42:40", "elapsed": 1861.899777, "delta": 0.002641}}
{"target": -13.758509809995278, "params": {"gamma": 966.8305764190007, "log10_alpha": -0.7399651189018752, "log10_colsample_bytree": 0.0, "log10_eta": -4.0, "log10_lambda": -0.8078956418325918, "log10_min_child_weight": 2.5821641067537113, "log10_subsample": 0.0, "max_depth": 2.0, "num_boost_round": 27.0}, "datetime": {"datetime": "2024-01-19 00:42:40", "elapsed": 1861.902404, "delta": 0.002627}}
{"target": -13.758508785034742, "params": {"gamma": 966.8305764190007, "log10_alpha": -0.7399651189018752, "log10_colsample_bytree": 0.0, "log10_eta": -4.0, "log10_lambda": -0.8078956418325918, "log10_min_child_weight": 2.5821641067537113, "log10_subsample": 0.0, "max_depth": 2.0, "num_boost_round": 28.0}, "datetime": {"datetime": "2024-01-19 00:42:40", "elapsed": 1861.905052, "delta": 0.002648}}
{"target": -13.758507824077363, "params": {"gamma": 966.8305764190007, "log10_alpha": -0.7399651189018752, "log10_colsample_bytree": 0.0, "log10_eta": -4.0, "log10_lambda": -0.8078956418325918, "log10_min_child_weight": 2.5821641067537113, "log10_subsample": 0.0, "max_depth": 2.0, "num_boost_round": 29.0}, "datetime": {"datetime": "2024-01-19 00:42:40", "elapsed": 1861.90772, "delta": 0.002668}}
{"target": -13.758598596884601, "params": {"gamma": 943.1411503996896, "log10_alpha": -2.9047243090922654, "log10_colsample_bytree": -0.12266033181578562, "log10_eta": -1.8703322284109483, "log10_lambda": 0.8947082410670575, "log10_min_child_weight": 4.851704101659661, "log10_subsample": -0.02776063022594466, "max_depth": 6.0, "num_boost_round": 0.0}, "datetime": {"datetime": "2024-01-19 00:43:14", "elapsed": 1895.409205, "delta": 33.501485}}
{"target": -13.758615902397912, "params": {"gamma": 943.1411503996896, "log10_alpha": -2.9047243090922654, "log10_colsample_bytree": -0.12266033181578562, "log10_eta": -1.8703322284109483, "log10_lambda": 0.8947082410670575, "log10_min_child_weight": 4.851704101659661, "log10_subsample": -0.02776063022594466, "max_depth": 6.0, "num_boost_round": 1.0}, "datetime": {"datetime": "2024-01-19 00:43:14", "elapsed": 1895.412157, "delta": 0.002952}}
{"target": -13.758681190566167, "params": {"gamma": 943.1411503996896, "log10_alpha": -2.9047243090922654, "log10_colsample_bytree": -0.12266033181578562, "log10_eta": -1.8703322284109483, "log10_lambda": 0.8947082410670575, "log10_min_child_weight": 4.851704101659661, "log10_subsample": -0.02776063022594466, "max_depth": 6.0, "num_boost_round": 2.0}, "datetime": {"datetime": "2024-01-19 00:43:14", "elapsed": 1895.414852, "delta": 0.002695}}
{"target": -13.758807665241676, "params": {"gamma": 943.1411503996896, "log10_alpha": -2.9047243090922654, "log10_colsample_bytree": -0.12266033181578562, "log10_eta": -1.8703322284109483, "log10_lambda": 0.8947082410670575, "log10_min_child_weight": 4.851704101659661, "log10_subsample": -0.02776063022594466, "max_depth": 6.0, "num_boost_round": 3.0}, "datetime": {"datetime": "2024-01-19 00:43:14", "elapsed": 1895.417568, "delta": 0.002716}}
{"target": -13.758891541416688, "params": {"gamma": 943.1411503996896, "log10_alpha": -2.9047243090922654, "log10_colsample_bytree": -0.12266033181578562, "log10_eta": -1.8703322284109483, "log10_lambda": 0.8947082410670575, "log10_min_child_weight": 4.851704101659661, "log10_subsample": -0.02776063022594466, "max_depth": 6.0, "num_boost_round": 4.0}, "datetime": {"datetime": "2024-01-19 00:43:14", "elapsed": 1895.42019, "delta": 0.002622}}
{"target": -13.759010272815447, "params": {"gamma": 943.1411503996896, "log10_alpha": -2.9047243090922654, "log10_colsample_bytree": -0.12266033181578562, "log10_eta": -1.8703322284109483, "log10_lambda": 0.8947082410670575, "log10_min_child_weight": 4.851704101659661, "log10_subsample": -0.02776063022594466, "max_depth": 6.0, "num_boost_round": 5.0}, "datetime": {"datetime": "2024-01-19 00:43:14", "elapsed": 1895.422813, "delta": 0.002623}}
{"target": -13.759138172864258, "params": {"gamma": 943.1411503996896, "log10_alpha": -2.9047243090922654, "log10_colsample_bytree": -0.12266033181578562, "log10_eta": -1.8703322284109483, "log10_lambda": 0.8947082410670575, "log10_min_child_weight": 4.851704101659661, "log10_subsample": -0.02776063022594466, "max_depth": 6.0, "num_boost_round": 6.0}, "datetime": {"datetime": "2024-01-19 00:43:14", "elapsed": 1895.425486, "delta": 0.002673}}
{"target": -13.75916768106162, "params": {"gamma": 943.1411503996896, "log10_alpha": -2.9047243090922654, "log10_colsample_bytree": -0.12266033181578562, "log10_eta": -1.8703322284109483, "log10_lambda": 0.8947082410670575, "log10_min_child_weight": 4.851704101659661, "log10_subsample": -0.02776063022594466, "max_depth": 6.0, "num_boost_round": 7.0}, "datetime": {"datetime": "2024-01-19 00:43:14", "elapsed": 1895.428152, "delta": 0.002666}}
{"target": -13.759278636472274, "params": {"gamma": 943.1411503996896, "log10_alpha": -2.9047243090922654, "log10_colsample_bytree": -0.12266033181578562, "log10_eta": -1.8703322284109483, "log10_lambda": 0.8947082410670575, "log10_min_child_weight": 4.851704101659661, "log10_subsample": -0.02776063022594466, "max_depth": 6.0, "num_boost_round": 8.0}, "datetime": {"datetime": "2024-01-19 00:43:14", "elapsed": 1895.430798, "delta": 0.002646}}
{"target": -13.759346301006206, "params": {"gamma": 943.1411503996896, "log10_alpha": -2.9047243090922654, "log10_colsample_bytree": -0.12266033181578562, "log10_eta": -1.8703322284109483, "log10_lambda": 0.8947082410670575, "log10_min_child_weight": 4.851704101659661, "log10_subsample": -0.02776063022594466, "max_depth": 6.0, "num_boost_round": 9.0}, "datetime": {"datetime": "2024-01-19 00:43:14", "elapsed": 1895.433453, "delta": 0.002655}}
{"target": -13.759455505135556, "params": {"gamma": 943.1411503996896, "log10_alpha": -2.9047243090922654, "log10_colsample_bytree": -0.12266033181578562, "log10_eta": -1.8703322284109483, "log10_lambda": 0.8947082410670575, "log10_min_child_weight": 4.851704101659661, "log10_subsample": -0.02776063022594466, "max_depth": 6.0, "num_boost_round": 10.0}, "datetime": {"datetime": "2024-01-19 00:43:14", "elapsed": 1895.436103, "delta": 0.00265}}
{"target": -13.758536223415431, "params": {"gamma": 975.9929230106493, "log10_alpha": -4.3837831236034885, "log10_colsample_bytree": -0.9970179997009306, "log10_eta": -4.0, "log10_lambda": 0.8228693334009896, "log10_min_child_weight": 1.8370861898023136, "log10_subsample": -0.19919159728731217, "max_depth": 2.0, "num_boost_round": 0.0}, "datetime": {"datetime": "2024-01-19 00:43:59", "elapsed": 1940.100362, "delta": 44.664259}}
{"target": -13.75853599207945, "params": {"gamma": 975.9929230106493, "log10_alpha": -4.3837831236034885, "log10_colsample_bytree": -0.9970179997009306, "log10_eta": -4.0, "log10_lambda": 0.8228693334009896, "log10_min_child_weight": 1.8370861898023136, "log10_subsample": -0.19919159728731217, "max_depth": 2.0, "num_boost_round": 1.0}, "datetime": {"datetime": "2024-01-19 00:43:59", "elapsed": 1940.103919, "delta": 0.003557}}
{"target": -13.758536181399638, "params": {"gamma": 975.9929230106493, "log10_alpha": -4.3837831236034885, "log10_colsample_bytree": -0.9970179997009306, "log10_eta": -4.0, "log10_lambda": 0.8228693334009896, "log10_min_child_weight": 1.8370861898023136, "log10_subsample": -0.19919159728731217, "max_depth": 2.0, "num_boost_round": 2.0}, "datetime": {"datetime": "2024-01-19 00:43:59", "elapsed": 1940.106848, "delta": 0.002929}}
{"target": -13.758536723597924, "params": {"gamma": 975.9929230106493, "log10_alpha": -4.3837831236034885, "log10_colsample_bytree": -0.9970179997009306, "log10_eta": -4.0, "log10_lambda": 0.8228693334009896, "log10_min_child_weight": 1.8370861898023136, "log10_subsample": -0.19919159728731217, "max_depth": 2.0, "num_boost_round": 3.0}, "datetime": {"datetime": "2024-01-19 00:43:59", "elapsed": 1940.109743, "delta": 0.002895}}
{"target": -13.75853624456952, "params": {"gamma": 975.9929230106493, "log10_alpha": -4.3837831236034885, "log10_colsample_bytree": -0.9970179997009306, "log10_eta": -4.0, "log10_lambda": 0.8228693334009896, "log10_min_child_weight": 1.8370861898023136, "log10_subsample": -0.19919159728731217, "max_depth": 2.0, "num_boost_round": 4.0}, "datetime": {"datetime": "2024-01-19 00:43:59", "elapsed": 1940.112398, "delta": 0.002655}}
{"target": -13.75853585110152, "params": {"gamma": 975.9929230106493, "log10_alpha": -4.3837831236034885, "log10_colsample_bytree": -0.9970179997009306, "log10_eta": -4.0, "log10_lambda": 0.8228693334009896, "log10_min_child_weight": 1.8370861898023136, "log10_subsample": -0.19919159728731217, "max_depth": 2.0, "num_boost_round": 5.0}, "datetime": {"datetime": "2024-01-19 00:43:59", "elapsed": 1940.115093, "delta": 0.002695}}
{"target": -13.758535064693625, "params": {"gamma": 975.9929230106493, "log10_alpha": -4.3837831236034885, "log10_colsample_bytree": -0.9970179997009306, "log10_eta": -4.0, "log10_lambda": 0.8228693334009896, "log10_min_child_weight": 1.8370861898023136, "log10_subsample": -0.19919159728731217, "max_depth": 2.0, "num_boost_round": 6.0}, "datetime": {"datetime": "2024-01-19 00:43:59", "elapsed": 1940.117737, "delta": 0.002644}}
{"target": -13.758533976734345, "params": {"gamma": 975.9929230106493, "log10_alpha": -4.3837831236034885, "log10_colsample_bytree": -0.9970179997009306, "log10_eta": -4.0, "log10_lambda": 0.8228693334009896, "log10_min_child_weight": 1.8370861898023136, "log10_subsample": -0.19919159728731217, "max_depth": 2.0, "num_boost_round": 7.0}, "datetime": {"datetime": "2024-01-19 00:43:59", "elapsed": 1940.12046, "delta": 0.002723}}
{"target": -13.758534846124473, "params": {"gamma": 975.9929230106493, "log10_alpha": -4.3837831236034885, "log10_colsample_bytree": -0.9970179997009306, "log10_eta": -4.0, "log10_lambda": 0.8228693334009896, "log10_min_child_weight": 1.8370861898023136, "log10_subsample": -0.19919159728731217, "max_depth": 2.0, "num_boost_round": 8.0}, "datetime": {"datetime": "2024-01-19 00:43:59", "elapsed": 1940.123128, "delta": 0.002668}}
{"target": -13.758534021643207, "params": {"gamma": 975.9929230106493, "log10_alpha": -4.3837831236034885, "log10_colsample_bytree": -0.9970179997009306, "log10_eta": -4.0, "log10_lambda": 0.8228693334009896, "log10_min_child_weight": 1.8370861898023136, "log10_subsample": -0.19919159728731217, "max_depth": 2.0, "num_boost_round": 9.0}, "datetime": {"datetime": "2024-01-19 00:43:59", "elapsed": 1940.12581, "delta": 0.002682}}
{"target": -13.758534587028869, "params": {"gamma": 975.9929230106493, "log10_alpha": -4.3837831236034885, "log10_colsample_bytree": -0.9970179997009306, "log10_eta": -4.0, "log10_lambda": 0.8228693334009896, "log10_min_child_weight": 1.8370861898023136, "log10_subsample": -0.19919159728731217, "max_depth": 2.0, "num_boost_round": 10.0}, "datetime": {"datetime": "2024-01-19 00:43:59", "elapsed": 1940.128568, "delta": 0.002758}}
{"target": -13.75853344464237, "params": {"gamma": 975.9929230106493, "log10_alpha": -4.3837831236034885, "log10_colsample_bytree": -0.9970179997009306, "log10_eta": -4.0, "log10_lambda": 0.8228693334009896, "log10_min_child_weight": 1.8370861898023136, "log10_subsample": -0.19919159728731217, "max_depth": 2.0, "num_boost_round": 11.0}, "datetime": {"datetime": "2024-01-19 00:43:59", "elapsed": 1940.131216, "delta": 0.002648}}
{"target": -13.758533350561587, "params": {"gamma": 975.9929230106493, "log10_alpha": -4.3837831236034885, "log10_colsample_bytree": -0.9970179997009306, "log10_eta": -4.0, "log10_lambda": 0.8228693334009896, "log10_min_child_weight": 1.8370861898023136, "log10_subsample": -0.19919159728731217, "max_depth": 2.0, "num_boost_round": 12.0}, "datetime": {"datetime": "2024-01-19 00:43:59", "elapsed": 1940.133839, "delta": 0.002623}}
{"target": -13.758532416484043, "params": {"gamma": 975.9929230106493, "log10_alpha": -4.3837831236034885, "log10_colsample_bytree": -0.9970179997009306, "log10_eta": -4.0, "log10_lambda": 0.8228693334009896, "log10_min_child_weight": 1.8370861898023136, "log10_subsample": -0.19919159728731217, "max_depth": 2.0, "num_boost_round": 13.0}, "datetime": {"datetime": "2024-01-19 00:43:59", "elapsed": 1940.136469, "delta": 0.00263}}
{"target": -13.758531060804632, "params": {"gamma": 975.9929230106493, "log10_alpha": -4.3837831236034885, "log10_colsample_bytree": -0.9970179997009306, "log10_eta": -4.0, "log10_lambda": 0.8228693334009896, "log10_min_child_weight": 1.8370861898023136, "log10_subsample": -0.19919159728731217, "max_depth": 2.0, "num_boost_round": 14.0}, "datetime": {"datetime": "2024-01-19 00:43:59", "elapsed": 1940.139216, "delta": 0.002747}}
{"target": -13.758529822997172, "params": {"gamma": 975.9929230106493, "log10_alpha": -4.3837831236034885, "log10_colsample_bytree": -0.9970179997009306, "log10_eta": -4.0, "log10_lambda": 0.8228693334009896, "log10_min_child_weight": 1.8370861898023136, "log10_subsample": -0.19919159728731217, "max_depth": 2.0, "num_boost_round": 15.0}, "datetime": {"datetime": "2024-01-19 00:43:59", "elapsed": 1940.141888, "delta": 0.002672}}
{"target": -13.758529218050725, "params": {"gamma": 975.9929230106493, "log10_alpha": -4.3837831236034885, "log10_colsample_bytree": -0.9970179997009306, "log10_eta": -4.0, "log10_lambda": 0.8228693334009896, "log10_min_child_weight": 1.8370861898023136, "log10_subsample": -0.19919159728731217, "max_depth": 2.0, "num_boost_round": 16.0}, "datetime": {"datetime": "2024-01-19 00:43:59", "elapsed": 1940.144544, "delta": 0.002656}}
{"target": -13.758528293496136, "params": {"gamma": 975.9929230106493, "log10_alpha": -4.3837831236034885, "log10_colsample_bytree": -0.9970179997009306, "log10_eta": -4.0, "log10_lambda": 0.8228693334009896, "log10_min_child_weight": 1.8370861898023136, "log10_subsample": -0.19919159728731217, "max_depth": 2.0, "num_boost_round": 17.0}, "datetime": {"datetime": "2024-01-19 00:43:59", "elapsed": 1940.147384, "delta": 0.00284}}
{"target": -13.758527447577544, "params": {"gamma": 975.9929230106493, "log10_alpha": -4.3837831236034885, "log10_colsample_bytree": -0.9970179997009306, "log10_eta": -4.0, "log10_lambda": 0.8228693334009896, "log10_min_child_weight": 1.8370861898023136, "log10_subsample": -0.19919159728731217, "max_depth": 2.0, "num_boost_round": 18.0}, "datetime": {"datetime": "2024-01-19 00:43:59", "elapsed": 1940.150239, "delta": 0.002855}}
{"target": -13.758526584377769, "params": {"gamma": 975.9929230106493, "log10_alpha": -4.3837831236034885, "log10_colsample_bytree": -0.9970179997009306, "log10_eta": -4.0, "log10_lambda": 0.8228693334009896, "log10_min_child_weight": 1.8370861898023136, "log10_subsample": -0.19919159728731217, "max_depth": 2.0, "num_boost_round": 19.0}, "datetime": {"datetime": "2024-01-19 00:43:59", "elapsed": 1940.152996, "delta": 0.002757}}
