{"target": -13.758526361951692, "params": {"gamma": 36.83451638743651, "log10_alpha": -2.4205515122174335, "log10_colsample_bytree": -0.382041246240477, "log10_eta": -3.9845169837082426, "log10_lambda": -3.647482254951762, "log10_min_child_weight": 3.337555569544324, "log10_subsample": -0.15155149291730863, "max_depth": 6.0, "num_boost_round": 8.0}, "datetime": {"datetime": "2024-01-19 00:54:11", "elapsed": 2559.532247, "delta": 0.002531}}
{"target": -13.758523354754772, "params": {"gamma": 36.83451638743651, "log10_alpha": -2.4205515122174335, "log10_colsample_bytree": -0.382041246240477, "log10_eta": -3.9845169837082426, "log10_lambda": -3.647482254951762, "log10_min_child_weight": 3.337555569544324, "log10_subsample": -0.15155149291730863, "max_depth": 6.0, "num_boost_round": 9.0}, "datetime": {"datetime": "2024-01-19 00:54:11", "elapsed": 2559.534777, "delta": 0.00253}}
{"target": -13.758523522676192, "params": {"gamma": 36.83451638743651, "log10_alpha": -2.4205515122174335, "log10_colsample_bytree": -0.382041246240477, "log10_eta": -3.9845169837082426, "log10_lambda": -3.647482254951762, "log10_min_child_weight": 3.337555569544324, "log10_subsample": -0.15155149291730863, "max_depth": 6.0, "num_boost_round": 10.0}, "datetime": {"datetime": "2024-01-19 00:54:11", "elapsed": 2559.537265, "delta": 0.002488}}
{"target": -13.758522897267195, "params": {"gamma": 36.83451638743651, "log10_alpha": -2.4205515122174335, "log10_colsample_bytree": -0.382041246240477, "log10_eta": -3.9845169837082426, "log10_lambda": -3.647482254951762, "log10_min_child_weight": 3.337555569544324, "log10_subsample": -0.15155149291730863, "max_depth": 6.0, "num_boost_round": 11.0}, "datetime": {"datetime": "2024-01-19 00:54:11", "elapsed": 2559.539747, "delta": 0.002482}}
{"target": -13.75852327443317, "params": {"gamma": 36.83451638743651, "log10_alpha": -2.4205515122174335, "log10_colsample_bytree": -0.382041246240477, "log10_eta": -3.9845169837082426, "log10_lambda": -3.647482254951762, "log10_min_child_weight": 3.337555569544324, "log10_subsample": -0.15155149291730863, "max_depth": 6.0, "num_boost_round": 12.0}, "datetime": {"datetime": "2024-01-19 00:54:11", "elapsed": 2559.546435, "delta": 0.006688}}
{"target": -13.758040930809253, "params": {"gamma": 34.39386811850198, "log10_alpha": 0.6136519895376988, "log10_colsample_bytree": -0.40719016133037633, "log10_eta": -0.9269911486360476, "log10_lambda": 0.4775269489727272, "log10_min_child_weight": 4.646025444195325, "log10_subsample": -0.5440162857121291, "max_depth": 7.0, "num_boost_round": 0.0}, "datetime": {"datetime": "2024-01-19 00:54:45", "elapsed": 2593.319783, "delta": 33.773348}}
{"target": -13.758124366146985, "params": {"gamma": 34.39386811850198, "log10_alpha": 0.6136519895376988, "log10_colsample_bytree": -0.40719016133037633, "log10_eta": -0.9269911486360476, "log10_lambda": 0.4775269489727272, "log10_min_child_weight": 4.646025444195325, "log10_subsample": -0.5440162857121291, "max_depth": 7.0, "num_boost_round": 1.0}, "datetime": {"datetime": "2024-01-19 00:54:45", "elapsed": 2593.322988, "delta": 0.003205}}
{"target": -13.759244167733836, "params": {"gamma": 34.39386811850198, "log10_alpha": 0.6136519895376988, "log10_colsample_bytree": -0.40719016133037633, "log10_eta": -0.9269911486360476, "log10_lambda": 0.4775269489727272, "log10_min_child_weight": 4.646025444195325, "log10_subsample": -0.5440162857121291, "max_depth": 7.0, "num_boost_round": 2.0}, "datetime": {"datetime": "2024-01-19 00:54:45", "elapsed": 2593.32565, "delta": 0.002662}}
{"target": -13.75955122912948, "params": {"gamma": 34.39386811850198, "log10_alpha": 0.6136519895376988, "log10_colsample_bytree": -0.40719016133037633, "log10_eta": -0.9269911486360476, "log10_lambda": 0.4775269489727272, "log10_min_child_weight": 4.646025444195325, "log10_subsample": -0.5440162857121291, "max_depth": 7.0, "num_boost_round": 3.0}, "datetime": {"datetime": "2024-01-19 00:54:45", "elapsed": 2593.328397, "delta": 0.002747}}
{"target": -13.760345211120432, "params": {"gamma": 34.39386811850198, "log10_alpha": 0.6136519895376988, "log10_colsample_bytree": -0.40719016133037633, "log10_eta": -0.9269911486360476, "log10_lambda": 0.4775269489727272, "log10_min_child_weight": 4.646025444195325, "log10_subsample": -0.5440162857121291, "max_depth": 7.0, "num_boost_round": 4.0}, "datetime": {"datetime": "2024-01-19 00:54:45", "elapsed": 2593.330947, "delta": 0.00255}}
{"target": -13.760845698699402, "params": {"gamma": 34.39386811850198, "log10_alpha": 0.6136519895376988, "log10_colsample_bytree": -0.40719016133037633, "log10_eta": -0.9269911486360476, "log10_lambda": 0.4775269489727272, "log10_min_child_weight": 4.646025444195325, "log10_subsample": -0.5440162857121291, "max_depth": 7.0, "num_boost_round": 5.0}, "datetime": {"datetime": "2024-01-19 00:54:45", "elapsed": 2593.333447, "delta": 0.0025}}
{"target": -13.761846019080725, "params": {"gamma": 34.39386811850198, "log10_alpha": 0.6136519895376988, "log10_colsample_bytree": -0.40719016133037633, "log10_eta": -0.9269911486360476, "log10_lambda": 0.4775269489727272, "log10_min_child_weight": 4.646025444195325, "log10_subsample": -0.5440162857121291, "max_depth": 7.0, "num_boost_round": 6.0}, "datetime": {"datetime": "2024-01-19 00:54:45", "elapsed": 2593.336004, "delta": 0.002557}}
{"target": -13.762985368945102, "params": {"gamma": 34.39386811850198, "log10_alpha": 0.6136519895376988, "log10_colsample_bytree": -0.40719016133037633, "log10_eta": -0.9269911486360476, "log10_lambda": 0.4775269489727272, "log10_min_child_weight": 4.646025444195325, "log10_subsample": -0.5440162857121291, "max_depth": 7.0, "num_boost_round": 7.0}, "datetime": {"datetime": "2024-01-19 00:54:45", "elapsed": 2593.338581, "delta": 0.002577}}
{"target": -13.762319564460467, "params": {"gamma": 34.39386811850198, "log10_alpha": 0.6136519895376988, "log10_colsample_bytree": -0.40719016133037633, "log10_eta": -0.9269911486360476, "log10_lambda": 0.4775269489727272, "log10_min_child_weight": 4.646025444195325, "log10_subsample": -0.5440162857121291, "max_depth": 7.0, "num_boost_round": 8.0}, "datetime": {"datetime": "2024-01-19 00:54:45", "elapsed": 2593.341126, "delta": 0.002545}}
{"target": -13.762551563773037, "params": {"gamma": 34.39386811850198, "log10_alpha": 0.6136519895376988, "log10_colsample_bytree": -0.40719016133037633, "log10_eta": -0.9269911486360476, "log10_lambda": 0.4775269489727272, "log10_min_child_weight": 4.646025444195325, "log10_subsample": -0.5440162857121291, "max_depth": 7.0, "num_boost_round": 9.0}, "datetime": {"datetime": "2024-01-19 00:54:45", "elapsed": 2593.343697, "delta": 0.002571}}
{"target": -13.762915132838817, "params": {"gamma": 34.39386811850198, "log10_alpha": 0.6136519895376988, "log10_colsample_bytree": -0.40719016133037633, "log10_eta": -0.9269911486360476, "log10_lambda": 0.4775269489727272, "log10_min_child_weight": 4.646025444195325, "log10_subsample": -0.5440162857121291, "max_depth": 7.0, "num_boost_round": 10.0}, "datetime": {"datetime": "2024-01-19 00:54:45", "elapsed": 2593.346225, "delta": 0.002528}}
{"target": -13.764273296936178, "params": {"gamma": 34.39386811850198, "log10_alpha": 0.6136519895376988, "log10_colsample_bytree": -0.40719016133037633, "log10_eta": -0.9269911486360476, "log10_lambda": 0.4775269489727272, "log10_min_child_weight": 4.646025444195325, "log10_subsample": -0.5440162857121291, "max_depth": 7.0, "num_boost_round": 11.0}, "datetime": {"datetime": "2024-01-19 00:54:45", "elapsed": 2593.348878, "delta": 0.002653}}
{"target": -13.765441095330424, "params": {"gamma": 34.39386811850198, "log10_alpha": 0.6136519895376988, "log10_colsample_bytree": -0.40719016133037633, "log10_eta": -0.9269911486360476, "log10_lambda": 0.4775269489727272, "log10_min_child_weight": 4.646025444195325, "log10_subsample": -0.5440162857121291, "max_depth": 7.0, "num_boost_round": 12.0}, "datetime": {"datetime": "2024-01-19 00:54:45", "elapsed": 2593.351424, "delta": 0.002546}}
{"target": -13.766007934052386, "params": {"gamma": 34.39386811850198, "log10_alpha": 0.6136519895376988, "log10_colsample_bytree": -0.40719016133037633, "log10_eta": -0.9269911486360476, "log10_lambda": 0.4775269489727272, "log10_min_child_weight": 4.646025444195325, "log10_subsample": -0.5440162857121291, "max_depth": 7.0, "num_boost_round": 13.0}, "datetime": {"datetime": "2024-01-19 00:54:45", "elapsed": 2593.353984, "delta": 0.00256}}
{"target": -13.766771493157364, "params": {"gamma": 34.39386811850198, "log10_alpha": 0.6136519895376988, "log10_colsample_bytree": -0.40719016133037633, "log10_eta": -0.9269911486360476, "log10_lambda": 0.4775269489727272, "log10_min_child_weight": 4.646025444195325, "log10_subsample": -0.5440162857121291, "max_depth": 7.0, "num_boost_round": 14.0}, "datetime": {"datetime": "2024-01-19 00:54:45", "elapsed": 2593.356559, "delta": 0.002575}}
{"target": -13.766866263234292, "params": {"gamma": 34.39386811850198, "log10_alpha": 0.6136519895376988, "log10_colsample_bytree": -0.40719016133037633, "log10_eta": -0.9269911486360476, "log10_lambda": 0.4775269489727272, "log10_min_child_weight": 4.646025444195325, "log10_subsample": -0.5440162857121291, "max_depth": 7.0, "num_boost_round": 15.0}, "datetime": {"datetime": "2024-01-19 00:54:45", "elapsed": 2593.359095, "delta": 0.002536}}
{"target": -13.767330422060546, "params": {"gamma": 34.39386811850198, "log10_alpha": 0.6136519895376988, "log10_colsample_bytree": -0.40719016133037633, "log10_eta": -0.9269911486360476, "log10_lambda": 0.4775269489727272, "log10_min_child_weight": 4.646025444195325, "log10_subsample": -0.5440162857121291, "max_depth": 7.0, "num_boost_round": 16.0}, "datetime": {"datetime": "2024-01-19 00:54:45", "elapsed": 2593.361656, "delta": 0.002561}}
{"target": -13.768096474477694, "params": {"gamma": 34.39386811850198, "log10_alpha": 0.6136519895376988, "log10_colsample_bytree": -0.40719016133037633, "log10_eta": -0.9269911486360476, "log10_lambda": 0.4775269489727272, "log10_min_child_weight": 4.646025444195325, "log10_subsample": -0.5440162857121291, "max_depth": 7.0, "num_boost_round": 17.0}, "datetime": {"datetime": "2024-01-19 00:54:45", "elapsed": 2593.364191, "delta": 0.002535}}
{"target": -13.768926200738163, "params": {"gamma": 34.39386811850198, "log10_alpha": 0.6136519895376988, "log10_colsample_bytree": -0.40719016133037633, "log10_eta": -0.9269911486360476, "log10_lambda": 0.4775269489727272, "log10_min_child_weight": 4.646025444195325, "log10_subsample": -0.5440162857121291, "max_depth": 7.0, "num_boost_round": 18.0}, "datetime": {"datetime": "2024-01-19 00:54:45", "elapsed": 2593.36676, "delta": 0.002569}}
{"target": -13.768808864103395, "params": {"gamma": 34.39386811850198, "log10_alpha": 0.6136519895376988, "log10_colsample_bytree": -0.40719016133037633, "log10_eta": -0.9269911486360476, "log10_lambda": 0.4775269489727272, "log10_min_child_weight": 4.646025444195325, "log10_subsample": -0.5440162857121291, "max_depth": 7.0, "num_boost_round": 19.0}, "datetime": {"datetime": "2024-01-19 00:54:45", "elapsed": 2593.369444, "delta": 0.002684}}
{"target": -13.768686718010542, "params": {"gamma": 34.39386811850198, "log10_alpha": 0.6136519895376988, "log10_colsample_bytree": -0.40719016133037633, "log10_eta": -0.9269911486360476, "log10_lambda": 0.4775269489727272, "log10_min_child_weight": 4.646025444195325, "log10_subsample": -0.5440162857121291, "max_depth": 7.0, "num_boost_round": 20.0}, "datetime": {"datetime": "2024-01-19 00:54:45", "elapsed": 2593.37206, "delta": 0.002616}}
{"target": -13.769422689642136, "params": {"gamma": 34.39386811850198, "log10_alpha": 0.6136519895376988, "log10_colsample_bytree": -0.40719016133037633, "log10_eta": -0.9269911486360476, "log10_lambda": 0.4775269489727272, "log10_min_child_weight": 4.646025444195325, "log10_subsample": -0.5440162857121291, "max_depth": 7.0, "num_boost_round": 21.0}, "datetime": {"datetime": "2024-01-19 00:54:45", "elapsed": 2593.374644, "delta": 0.002584}}
{"target": -13.770316963011934, "params": {"gamma": 34.39386811850198, "log10_alpha": 0.6136519895376988, "log10_colsample_bytree": -0.40719016133037633, "log10_eta": -0.9269911486360476, "log10_lambda": 0.4775269489727272, "log10_min_child_weight": 4.646025444195325, "log10_subsample": -0.5440162857121291, "max_depth": 7.0, "num_boost_round": 22.0}, "datetime": {"datetime": "2024-01-19 00:54:45", "elapsed": 2593.37725, "delta": 0.002606}}
{"target": -13.758486423652489, "params": {"gamma": 31.38448846992848, "log10_alpha": -3.5617732505495963, "log10_colsample_bytree": -1.0, "log10_eta": -2.7278894594476384, "log10_lambda": 1.0, "log10_min_child_weight": 2.5249288075933127, "log10_subsample": 0.0, "max_depth": 4.0, "num_boost_round": 0.0}, "datetime": {"datetime": "2024-01-19 00:55:15", "elapsed": 2623.415929, "delta": 30.038679}}
{"target": -13.75847991495434, "params": {"gamma": 31.38448846992848, "log10_alpha": -3.5617732505495963, "log10_colsample_bytree": -1.0, "log10_eta": -2.7278894594476384, "log10_lambda": 1.0, "log10_min_child_weight": 2.5249288075933127, "log10_subsample": 0.0, "max_depth": 4.0, "num_boost_round": 1.0}, "datetime": {"datetime": "2024-01-19 00:55:15", "elapsed": 2623.419055, "delta": 0.003126}}
{"target": -13.75848504693502, "params": {"gamma": 31.38448846992848, "log10_alpha": -3.5617732505495963, "log10_colsample_bytree": -1.0, "log10_eta": -2.7278894594476384, "log10_lambda": 1.0, "log10_min_child_weight": 2.5249288075933127, "log10_subsample": 0.0, "max_depth": 4.0, "num_boost_round": 2.0}, "datetime": {"datetime": "2024-01-19 00:55:15", "elapsed": 2623.421891, "delta": 0.002836}}
{"target": -13.75849207383979, "params": {"gamma": 31.38448846992848, "log10_alpha": -3.5617732505495963, "log10_colsample_bytree": -1.0, "log10_eta": -2.7278894594476384, "log10_lambda": 1.0, "log10_min_child_weight": 2.5249288075933127, "log10_subsample": 0.0, "max_depth": 4.0, "num_boost_round": 3.0}, "datetime": {"datetime": "2024-01-19 00:55:15", "elapsed": 2623.424429, "delta": 0.002538}}
{"target": -13.758489616155392, "params": {"gamma": 31.38448846992848, "log10_alpha": -3.5617732505495963, "log10_colsample_bytree": -1.0, "log10_eta": -2.7278894594476384, "log10_lambda": 1.0, "log10_min_child_weight": 2.5249288075933127, "log10_subsample": 0.0, "max_depth": 4.0, "num_boost_round": 4.0}, "datetime": {"datetime": "2024-01-19 00:55:15", "elapsed": 2623.427036, "delta": 0.002607}}
{"target": -13.758467112082146, "params": {"gamma": 31.38448846992848, "log10_alpha": -3.5617732505495963, "log10_colsample_bytree": -1.0, "log10_eta": -2.7278894594476384, "log10_lambda": 1.0, "log10_min_child_weight": 2.5249288075933127, "log10_subsample": 0.0, "max_depth": 4.0, "num_boost_round": 5.0}, "datetime": {"datetime": "2024-01-19 00:55:15", "elapsed": 2623.429676, "delta": 0.00264}}
{"target": -13.758466313988988, "params": {"gamma": 31.38448846992848, "log10_alpha": -3.5617732505495963, "log10_colsample_bytree": -1.0, "log10_eta": -2.7278894594476384, "log10_lambda": 1.0, "log10_min_child_weight": 2.5249288075933127, "log10_subsample": 0.0, "max_depth": 4.0, "num_boost_round": 6.0}, "datetime": {"datetime": "2024-01-19 00:55:15", "elapsed": 2623.432238, "delta": 0.002562}}
{"target": -13.758455469395082, "params": {"gamma": 31.38448846992848, "log10_alpha": -3.5617732505495963, "log10_colsample_bytree": -1.0, "log10_eta": -2.7278894594476384, "log10_lambda": 1.0, "log10_min_child_weight": 2.5249288075933127, "log10_subsample": 0.0, "max_depth": 4.0, "num_boost_round": 7.0}, "datetime": {"datetime": "2024-01-19 00:55:15", "elapsed": 2623.434785, "delta": 0.002547}}
{"target": -13.758445585752865, "params": {"gamma": 31.38448846992848, "log10_alpha": -3.5617732505495963, "log10_colsample_bytree": -1.0, "log10_eta": -2.7278894594476384, "log10_lambda": 1.0, "log10_min_child_weight": 2.5249288075933127, "log10_subsample": 0.0, "max_depth": 4.0, "num_boost_round": 8.0}, "datetime": {"datetime": "2024-01-19 00:55:15", "elapsed": 2623.437329, "delta": 0.002544}}
{"target": -13.758425578052233, "params": {"gamma": 31.38448846992848, "log10_alpha": -3.5617732505495963, "log10_colsample_bytree": -1.0, "log10_eta": -2.7278894594476384, "log10_lambda": 1.0, "log10_min_child_weight": 2.5249288075933127, "log10_subsample": 0.0, "max_depth": 4.0, "num_boost_round": 9.0}, "datetime": {"datetime": "2024-01-19 00:55:15", "elapsed": 2623.439868, "delta": 0.002539}}
{"target": -13.758411710367128, "params": {"gamma": 31.38448846992848, "log10_alpha": -3.5617732505495963, "log10_colsample_bytree": -1.0, "log10_eta": -2.7278894594476384, "log10_lambda": 1.0, "log10_min_child_weight": 2.5249288075933127, "log10_subsample": 0.0, "max_depth": 4.0, "num_boost_round": 10.0}, "datetime": {"datetime": "2024-01-19 00:55:15", "elapsed": 2623.442413, "delta": 0.002545}}
{"target": -13.758411248044634, "params": {"gamma": 31.38448846992848, "log10_alpha": -3.5617732505495963, "log10_colsample_bytree": -1.0, "log10_eta": -2.7278894594476384, "log10_lambda": 1.0, "log10_min_child_weight": 2.5249288075933127, "log10_subsample": 0.0, "max_depth": 4.0, "num_boost_round": 11.0}, "datetime": {"datetime": "2024-01-19 00:55:15", "elapsed": 2623.444966, "delta": 0.002553}}
{"target": -13.75836409629652, "params": {"gamma": 31.38448846992848, "log10_alpha": -3.5617732505495963, "log10_colsample_bytree": -1.0, "log10_eta": -2.7278894594476384, "log10_lambda": 1.0, "log10_min_child_weight": 2.5249288075933127, "log10_subsample": 0.0, "max_depth": 4.0, "num_boost_round": 12.0}, "datetime": {"datetime": "2024-01-19 00:55:15", "elapsed": 2623.447491, "delta": 0.002525}}
{"target": -13.758350144520794, "params": {"gamma": 31.38448846992848, "log10_alpha": -3.5617732505495963, "log10_colsample_bytree": -1.0, "log10_eta": -2.7278894594476384, "log10_lambda": 1.0, "log10_min_child_weight": 2.5249288075933127, "log10_subsample": 0.0, "max_depth": 4.0, "num_boost_round": 13.0}, "datetime": {"datetime": "2024-01-19 00:55:15", "elapsed": 2623.450141, "delta": 0.00265}}
{"target": -13.75825826439045, "params": {"gamma": 31.38448846992848, "log10_alpha": -3.5617732505495963, "log10_colsample_bytree": -1.0, "log10_eta": -2.7278894594476384, "log10_lambda": 1.0, "log10_min_child_weight": 2.5249288075933127, "log10_subsample": 0.0, "max_depth": 4.0, "num_boost_round": 14.0}, "datetime": {"datetime": "2024-01-19 00:55:15", "elapsed": 2623.45272, "delta": 0.002579}}
{"target": -13.758534536814865, "params": {"gamma": 32.216750624366355, "log10_alpha": 0.9477797004337329, "log10_colsample_bytree": -0.8173077142567866, "log10_eta": -3.426754155489307, "log10_lambda": -3.1603596636997255, "log10_min_child_weight": 3.9030267737421505, "log10_subsample": -0.26972453319765444, "max_depth": 4.0, "num_boost_round": 0.0}, "datetime": {"datetime": "2024-01-19 00:55:49", "elapsed": 2657.666847, "delta": 34.214127}}
{"target": -13.758530423344748, "params": {"gamma": 32.216750624366355, "log10_alpha": 0.9477797004337329, "log10_colsample_bytree": -0.8173077142567866, "log10_eta": -3.426754155489307, "log10_lambda": -3.1603596636997255, "log10_min_child_weight": 3.9030267737421505, "log10_subsample": -0.26972453319765444, "max_depth": 4.0, "num_boost_round": 1.0}, "datetime": {"datetime": "2024-01-19 00:55:49", "elapsed": 2657.670563, "delta": 0.003716}}
{"target": -13.75852866943933, "params": {"gamma": 32.216750624366355, "log10_alpha": 0.9477797004337329, "log10_colsample_bytree": -0.8173077142567866, "log10_eta": -3.426754155489307, "log10_lambda": -3.1603596636997255, "log10_min_child_weight": 3.9030267737421505, "log10_subsample": -0.26972453319765444, "max_depth": 4.0, "num_boost_round": 2.0}, "datetime": {"datetime": "2024-01-19 00:55:49", "elapsed": 2657.673444, "delta": 0.002881}}
{"target": -13.758526037892423, "params": {"gamma": 32.216750624366355, "log10_alpha": 0.9477797004337329, "log10_colsample_bytree": -0.8173077142567866, "log10_eta": -3.426754155489307, "log10_lambda": -3.1603596636997255, "log10_min_child_weight": 3.9030267737421505, "log10_subsample": -0.26972453319765444, "max_depth": 4.0, "num_boost_round": 3.0}, "datetime": {"datetime": "2024-01-19 00:55:49", "elapsed": 2657.676208, "delta": 0.002764}}
{"target": -13.758525716069686, "params": {"gamma": 32.216750624366355, "log10_alpha": 0.9477797004337329, "log10_colsample_bytree": -0.8173077142567866, "log10_eta": -3.426754155489307, "log10_lambda": -3.1603596636997255, "log10_min_child_weight": 3.9030267737421505, "log10_subsample": -0.26972453319765444, "max_depth": 4.0, "num_boost_round": 4.0}, "datetime": {"datetime": "2024-01-19 00:55:49", "elapsed": 2657.678816, "delta": 0.002608}}
{"target": -13.758523661944816, "params": {"gamma": 32.216750624366355, "log10_alpha": 0.9477797004337329, "log10_colsample_bytree": -0.8173077142567866, "log10_eta": -3.426754155489307, "log10_lambda": -3.1603596636997255, "log10_min_child_weight": 3.9030267737421505, "log10_subsample": -0.26972453319765444, "max_depth": 4.0, "num_boost_round": 5.0}, "datetime": {"datetime": "2024-01-19 00:55:49", "elapsed": 2657.681476, "delta": 0.00266}}
{"target": -13.75852269373043, "params": {"gamma": 32.216750624366355, "log10_alpha": 0.9477797004337329, "log10_colsample_bytree": -0.8173077142567866, "log10_eta": -3.426754155489307, "log10_lambda": -3.1603596636997255, "log10_min_child_weight": 3.9030267737421505, "log10_subsample": -0.26972453319765444, "max_depth": 4.0, "num_boost_round": 6.0}, "datetime": {"datetime": "2024-01-19 00:55:49", "elapsed": 2657.684027, "delta": 0.002551}}
{"target": -13.758520331305949, "params": {"gamma": 32.216750624366355, "log10_alpha": 0.9477797004337329, "log10_colsample_bytree": -0.8173077142567866, "log10_eta": -3.426754155489307, "log10_lambda": -3.1603596636997255, "log10_min_child_weight": 3.9030267737421505, "log10_subsample": -0.26972453319765444, "max_depth": 4.0, "num_boost_round": 7.0}, "datetime": {"datetime": "2024-01-19 00:55:49", "elapsed": 2657.686594, "delta": 0.002567}}
