{"target": -13.758344893680226, "params": {"gamma": 555.2775877199681, "log10_alpha": -0.7418514407645489, "log10_colsample_bytree": -0.28343558352671827, "log10_eta": -2.9388767847584973, "log10_lambda": 0.22192488642506092, "log10_min_child_weight": 3.215921621209272, "log10_subsample": -0.09168237663774437, "max_depth": 7.0, "num_boost_round": 9.0}, "datetime": {"datetime": "2024-01-19 00:19:52", "elapsed": 524.641947, "delta": 0.000744}}
{"target": -13.758362043278593, "params": {"gamma": 555.2775877199681, "log10_alpha": -0.7418514407645489, "log10_colsample_bytree": -0.28343558352671827, "log10_eta": -2.9388767847584973, "log10_lambda": 0.22192488642506092, "log10_min_child_weight": 3.215921621209272, "log10_subsample": -0.09168237663774437, "max_depth": 7.0, "num_boost_round": 10.0}, "datetime": {"datetime": "2024-01-19 00:19:52", "elapsed": 524.642778, "delta": 0.000831}}
{"target": -13.75835449668453, "params": {"gamma": 555.2775877199681, "log10_alpha": -0.7418514407645489, "log10_colsample_bytree": -0.28343558352671827, "log10_eta": -2.9388767847584973, "log10_lambda": 0.22192488642506092, "log10_min_child_weight": 3.215921621209272, "log10_subsample": -0.09168237663774437, "max_depth": 7.0, "num_boost_round": 11.0}, "datetime": {"datetime": "2024-01-19 00:19:52", "elapsed": 524.643539, "delta": 0.000761}}
{"target": -13.758360900358753, "params": {"gamma": 555.2775877199681, "log10_alpha": -0.7418514407645489, "log10_colsample_bytree": -0.28343558352671827, "log10_eta": -2.9388767847584973, "log10_lambda": 0.22192488642506092, "log10_min_child_weight": 3.215921621209272, "log10_subsample": -0.09168237663774437, "max_depth": 7.0, "num_boost_round": 12.0}, "datetime": {"datetime": "2024-01-19 00:19:52", "elapsed": 524.644294, "delta": 0.000755}}
{"target": -13.758367313523413, "params": {"gamma": 555.2775877199681, "log10_alpha": -0.7418514407645489, "log10_colsample_bytree": -0.28343558352671827, "log10_eta": -2.9388767847584973, "log10_lambda": 0.22192488642506092, "log10_min_child_weight": 3.215921621209272, "log10_subsample": -0.09168237663774437, "max_depth": 7.0, "num_boost_round": 13.0}, "datetime": {"datetime": "2024-01-19 00:19:52", "elapsed": 524.645047, "delta": 0.000753}}
{"target": -13.75834760349661, "params": {"gamma": 555.2775877199681, "log10_alpha": -0.7418514407645489, "log10_colsample_bytree": -0.28343558352671827, "log10_eta": -2.9388767847584973, "log10_lambda": 0.22192488642506092, "log10_min_child_weight": 3.215921621209272, "log10_subsample": -0.09168237663774437, "max_depth": 7.0, "num_boost_round": 14.0}, "datetime": {"datetime": "2024-01-19 00:19:52", "elapsed": 524.645964, "delta": 0.000917}}
{"target": -13.758331982664934, "params": {"gamma": 555.2775877199681, "log10_alpha": -0.7418514407645489, "log10_colsample_bytree": -0.28343558352671827, "log10_eta": -2.9388767847584973, "log10_lambda": 0.22192488642506092, "log10_min_child_weight": 3.215921621209272, "log10_subsample": -0.09168237663774437, "max_depth": 7.0, "num_boost_round": 15.0}, "datetime": {"datetime": "2024-01-19 00:19:52", "elapsed": 524.646869, "delta": 0.000905}}
{"target": -13.758329108553038, "params": {"gamma": 555.2775877199681, "log10_alpha": -0.7418514407645489, "log10_colsample_bytree": -0.28343558352671827, "log10_eta": -2.9388767847584973, "log10_lambda": 0.22192488642506092, "log10_min_child_weight": 3.215921621209272, "log10_subsample": -0.09168237663774437, "max_depth": 7.0, "num_boost_round": 16.0}, "datetime": {"datetime": "2024-01-19 00:19:52", "elapsed": 524.647727, "delta": 0.000858}}
{"target": -13.758302860301189, "params": {"gamma": 555.2775877199681, "log10_alpha": -0.7418514407645489, "log10_colsample_bytree": -0.28343558352671827, "log10_eta": -2.9388767847584973, "log10_lambda": 0.22192488642506092, "log10_min_child_weight": 3.215921621209272, "log10_subsample": -0.09168237663774437, "max_depth": 7.0, "num_boost_round": 17.0}, "datetime": {"datetime": "2024-01-19 00:19:52", "elapsed": 524.648641, "delta": 0.000914}}
{"target": -13.758294517337488, "params": {"gamma": 555.2775877199681, "log10_alpha": -0.7418514407645489, "log10_colsample_bytree": -0.28343558352671827, "log10_eta": -2.9388767847584973, "log10_lambda": 0.22192488642506092, "log10_min_child_weight": 3.215921621209272, "log10_subsample": -0.09168237663774437, "max_depth": 7.0, "num_boost_round": 18.0}, "datetime": {"datetime": "2024-01-19 00:19:52", "elapsed": 524.649469, "delta": 0.000828}}
{"target": -13.758271832013152, "params": {"gamma": 555.2775877199681, "log10_alpha": -0.7418514407645489, "log10_colsample_bytree": -0.28343558352671827, "log10_eta": -2.9388767847584973, "log10_lambda": 0.22192488642506092, "log10_min_child_weight": 3.215921621209272, "log10_subsample": -0.09168237663774437, "max_depth": 7.0, "num_boost_round": 19.0}, "datetime": {"datetime": "2024-01-19 00:19:52", "elapsed": 524.650258, "delta": 0.000789}}
{"target": -13.758240337832298, "params": {"gamma": 555.2775877199681, "log10_alpha": -0.7418514407645489, "log10_colsample_bytree": -0.28343558352671827, "log10_eta": -2.9388767847584973, "log10_lambda": 0.22192488642506092, "log10_min_child_weight": 3.215921621209272, "log10_subsample": -0.09168237663774437, "max_depth": 7.0, "num_boost_round": 20.0}, "datetime": {"datetime": "2024-01-19 00:19:52", "elapsed": 524.651023, "delta": 0.000765}}
{"target": -13.758222905385704, "params": {"gamma": 555.2775877199681, "log10_alpha": -0.7418514407645489, "log10_colsample_bytree": -0.28343558352671827, "log10_eta": -2.9388767847584973, "log10_lambda": 0.22192488642506092, "log10_min_child_weight": 3.215921621209272, "log10_subsample": -0.09168237663774437, "max_depth": 7.0, "num_boost_round": 21.0}, "datetime": {"datetime": "2024-01-19 00:19:52", "elapsed": 524.651784, "delta": 0.000761}}
{"target": -13.758199590564745, "params": {"gamma": 555.2775877199681, "log10_alpha": -0.7418514407645489, "log10_colsample_bytree": -0.28343558352671827, "log10_eta": -2.9388767847584973, "log10_lambda": 0.22192488642506092, "log10_min_child_weight": 3.215921621209272, "log10_subsample": -0.09168237663774437, "max_depth": 7.0, "num_boost_round": 22.0}, "datetime": {"datetime": "2024-01-19 00:19:52", "elapsed": 524.652569, "delta": 0.000785}}
{"target": -13.75811651534774, "params": {"gamma": 555.2775877199681, "log10_alpha": -0.7418514407645489, "log10_colsample_bytree": -0.28343558352671827, "log10_eta": -2.9388767847584973, "log10_lambda": 0.22192488642506092, "log10_min_child_weight": 3.215921621209272, "log10_subsample": -0.09168237663774437, "max_depth": 7.0, "num_boost_round": 23.0}, "datetime": {"datetime": "2024-01-19 00:19:52", "elapsed": 524.653343, "delta": 0.000774}}
{"target": -13.758063157069065, "params": {"gamma": 555.2775877199681, "log10_alpha": -0.7418514407645489, "log10_colsample_bytree": -0.28343558352671827, "log10_eta": -2.9388767847584973, "log10_lambda": 0.22192488642506092, "log10_min_child_weight": 3.215921621209272, "log10_subsample": -0.09168237663774437, "max_depth": 7.0, "num_boost_round": 24.0}, "datetime": {"datetime": "2024-01-19 00:19:52", "elapsed": 524.654114, "delta": 0.000771}}
{"target": -13.758057633589262, "params": {"gamma": 555.2775877199681, "log10_alpha": -0.7418514407645489, "log10_colsample_bytree": -0.28343558352671827, "log10_eta": -2.9388767847584973, "log10_lambda": 0.22192488642506092, "log10_min_child_weight": 3.215921621209272, "log10_subsample": -0.09168237663774437, "max_depth": 7.0, "num_boost_round": 25.0}, "datetime": {"datetime": "2024-01-19 00:19:52", "elapsed": 524.654879, "delta": 0.000765}}
{"target": -13.758060863086465, "params": {"gamma": 555.2775877199681, "log10_alpha": -0.7418514407645489, "log10_colsample_bytree": -0.28343558352671827, "log10_eta": -2.9388767847584973, "log10_lambda": 0.22192488642506092, "log10_min_child_weight": 3.215921621209272, "log10_subsample": -0.09168237663774437, "max_depth": 7.0, "num_boost_round": 26.0}, "datetime": {"datetime": "2024-01-19 00:19:52", "elapsed": 524.655654, "delta": 0.000775}}
{"target": -13.758040997478501, "params": {"gamma": 555.2775877199681, "log10_alpha": -0.7418514407645489, "log10_colsample_bytree": -0.28343558352671827, "log10_eta": -2.9388767847584973, "log10_lambda": 0.22192488642506092, "log10_min_child_weight": 3.215921621209272, "log10_subsample": -0.09168237663774437, "max_depth": 7.0, "num_boost_round": 27.0}, "datetime": {"datetime": "2024-01-19 00:19:52", "elapsed": 524.656465, "delta": 0.000811}}
{"target": -13.758023876682138, "params": {"gamma": 555.2775877199681, "log10_alpha": -0.7418514407645489, "log10_colsample_bytree": -0.28343558352671827, "log10_eta": -2.9388767847584973, "log10_lambda": 0.22192488642506092, "log10_min_child_weight": 3.215921621209272, "log10_subsample": -0.09168237663774437, "max_depth": 7.0, "num_boost_round": 28.0}, "datetime": {"datetime": "2024-01-19 00:19:52", "elapsed": 524.657269, "delta": 0.000804}}
{"target": -13.758003001759185, "params": {"gamma": 555.2775877199681, "log10_alpha": -0.7418514407645489, "log10_colsample_bytree": -0.28343558352671827, "log10_eta": -2.9388767847584973, "log10_lambda": 0.22192488642506092, "log10_min_child_weight": 3.215921621209272, "log10_subsample": -0.09168237663774437, "max_depth": 7.0, "num_boost_round": 29.0}, "datetime": {"datetime": "2024-01-19 00:19:52", "elapsed": 524.658037, "delta": 0.000768}}
{"target": -13.75801484947157, "params": {"gamma": 555.2775877199681, "log10_alpha": -0.7418514407645489, "log10_colsample_bytree": -0.28343558352671827, "log10_eta": -2.9388767847584973, "log10_lambda": 0.22192488642506092, "log10_min_child_weight": 3.215921621209272, "log10_subsample": -0.09168237663774437, "max_depth": 7.0, "num_boost_round": 30.0}, "datetime": {"datetime": "2024-01-19 00:19:52", "elapsed": 524.658814, "delta": 0.000777}}
{"target": -13.75806617778214, "params": {"gamma": 555.2775877199681, "log10_alpha": -0.7418514407645489, "log10_colsample_bytree": -0.28343558352671827, "log10_eta": -2.9388767847584973, "log10_lambda": 0.22192488642506092, "log10_min_child_weight": 3.215921621209272, "log10_subsample": -0.09168237663774437, "max_depth": 7.0, "num_boost_round": 31.0}, "datetime": {"datetime": "2024-01-19 00:19:52", "elapsed": 524.6596, "delta": 0.000786}}
{"target": -13.758534922933608, "params": {"gamma": 558.81331377135, "log10_alpha": -4.971473022782779, "log10_colsample_bytree": -0.19064537869564635, "log10_eta": -3.5861589687018265, "log10_lambda": 0.40459033281639645, "log10_min_child_weight": 3.6884176028632636, "log10_subsample": -0.2672503675551934, "max_depth": 6.0, "num_boost_round": 0.0}, "datetime": {"datetime": "2024-01-19 00:20:17", "elapsed": 549.567415, "delta": 24.907815}}
{"target": -13.758530988729392, "params": {"gamma": 558.81331377135, "log10_alpha": -4.971473022782779, "log10_colsample_bytree": -0.19064537869564635, "log10_eta": -3.5861589687018265, "log10_lambda": 0.40459033281639645, "log10_min_child_weight": 3.6884176028632636, "log10_subsample": -0.2672503675551934, "max_depth": 6.0, "num_boost_round": 1.0}, "datetime": {"datetime": "2024-01-19 00:20:17", "elapsed": 549.568395, "delta": 0.00098}}
{"target": -13.758526082953397, "params": {"gamma": 558.81331377135, "log10_alpha": -4.971473022782779, "log10_colsample_bytree": -0.19064537869564635, "log10_eta": -3.5861589687018265, "log10_lambda": 0.40459033281639645, "log10_min_child_weight": 3.6884176028632636, "log10_subsample": -0.2672503675551934, "max_depth": 6.0, "num_boost_round": 2.0}, "datetime": {"datetime": "2024-01-19 00:20:17", "elapsed": 549.569974, "delta": 0.001579}}
{"target": -13.758526613906607, "params": {"gamma": 558.81331377135, "log10_alpha": -4.971473022782779, "log10_colsample_bytree": -0.19064537869564635, "log10_eta": -3.5861589687018265, "log10_lambda": 0.40459033281639645, "log10_min_child_weight": 3.6884176028632636, "log10_subsample": -0.2672503675551934, "max_depth": 6.0, "num_boost_round": 3.0}, "datetime": {"datetime": "2024-01-19 00:20:17", "elapsed": 549.571218, "delta": 0.001244}}
{"target": -13.758522132513317, "params": {"gamma": 558.81331377135, "log10_alpha": -4.971473022782779, "log10_colsample_bytree": -0.19064537869564635, "log10_eta": -3.5861589687018265, "log10_lambda": 0.40459033281639645, "log10_min_child_weight": 3.6884176028632636, "log10_subsample": -0.2672503675551934, "max_depth": 6.0, "num_boost_round": 4.0}, "datetime": {"datetime": "2024-01-19 00:20:17", "elapsed": 549.572172, "delta": 0.000954}}
{"target": -13.758515334602588, "params": {"gamma": 558.81331377135, "log10_alpha": -4.971473022782779, "log10_colsample_bytree": -0.19064537869564635, "log10_eta": -3.5861589687018265, "log10_lambda": 0.40459033281639645, "log10_min_child_weight": 3.6884176028632636, "log10_subsample": -0.2672503675551934, "max_depth": 6.0, "num_boost_round": 5.0}, "datetime": {"datetime": "2024-01-19 00:20:17", "elapsed": 549.572944, "delta": 0.000772}}
{"target": -13.75851361097189, "params": {"gamma": 558.81331377135, "log10_alpha": -4.971473022782779, "log10_colsample_bytree": -0.19064537869564635, "log10_eta": -3.5861589687018265, "log10_lambda": 0.40459033281639645, "log10_min_child_weight": 3.6884176028632636, "log10_subsample": -0.2672503675551934, "max_depth": 6.0, "num_boost_round": 6.0}, "datetime": {"datetime": "2024-01-19 00:20:17", "elapsed": 549.573739, "delta": 0.000795}}
{"target": -13.758513226747583, "params": {"gamma": 558.81331377135, "log10_alpha": -4.971473022782779, "log10_colsample_bytree": -0.19064537869564635, "log10_eta": -3.5861589687018265, "log10_lambda": 0.40459033281639645, "log10_min_child_weight": 3.6884176028632636, "log10_subsample": -0.2672503675551934, "max_depth": 6.0, "num_boost_round": 7.0}, "datetime": {"datetime": "2024-01-19 00:20:17", "elapsed": 549.574533, "delta": 0.000794}}
{"target": -13.758509737348794, "params": {"gamma": 558.81331377135, "log10_alpha": -4.971473022782779, "log10_colsample_bytree": -0.19064537869564635, "log10_eta": -3.5861589687018265, "log10_lambda": 0.40459033281639645, "log10_min_child_weight": 3.6884176028632636, "log10_subsample": -0.2672503675551934, "max_depth": 6.0, "num_boost_round": 8.0}, "datetime": {"datetime": "2024-01-19 00:20:17", "elapsed": 549.575338, "delta": 0.000805}}
{"target": -13.758510779997167, "params": {"gamma": 558.81331377135, "log10_alpha": -4.971473022782779, "log10_colsample_bytree": -0.19064537869564635, "log10_eta": -3.5861589687018265, "log10_lambda": 0.40459033281639645, "log10_min_child_weight": 3.6884176028632636, "log10_subsample": -0.2672503675551934, "max_depth": 6.0, "num_boost_round": 9.0}, "datetime": {"datetime": "2024-01-19 00:20:17", "elapsed": 549.576186, "delta": 0.000848}}
{"target": -13.75850478052336, "params": {"gamma": 558.81331377135, "log10_alpha": -4.971473022782779, "log10_colsample_bytree": -0.19064537869564635, "log10_eta": -3.5861589687018265, "log10_lambda": 0.40459033281639645, "log10_min_child_weight": 3.6884176028632636, "log10_subsample": -0.2672503675551934, "max_depth": 6.0, "num_boost_round": 10.0}, "datetime": {"datetime": "2024-01-19 00:20:17", "elapsed": 549.576958, "delta": 0.000772}}
{"target": -13.758497403078236, "params": {"gamma": 558.81331377135, "log10_alpha": -4.971473022782779, "log10_colsample_bytree": -0.19064537869564635, "log10_eta": -3.5861589687018265, "log10_lambda": 0.40459033281639645, "log10_min_child_weight": 3.6884176028632636, "log10_subsample": -0.2672503675551934, "max_depth": 6.0, "num_boost_round": 11.0}, "datetime": {"datetime": "2024-01-19 00:20:17", "elapsed": 549.577742, "delta": 0.000784}}
{"target": -13.758493187824925, "params": {"gamma": 558.81331377135, "log10_alpha": -4.971473022782779, "log10_colsample_bytree": -0.19064537869564635, "log10_eta": -3.5861589687018265, "log10_lambda": 0.40459033281639645, "log10_min_child_weight": 3.6884176028632636, "log10_subsample": -0.2672503675551934, "max_depth": 6.0, "num_boost_round": 12.0}, "datetime": {"datetime": "2024-01-19 00:20:17", "elapsed": 549.578546, "delta": 0.000804}}
{"target": -13.758488611120926, "params": {"gamma": 558.81331377135, "log10_alpha": -4.971473022782779, "log10_colsample_bytree": -0.19064537869564635, "log10_eta": -3.5861589687018265, "log10_lambda": 0.40459033281639645, "log10_min_child_weight": 3.6884176028632636, "log10_subsample": -0.2672503675551934, "max_depth": 6.0, "num_boost_round": 13.0}, "datetime": {"datetime": "2024-01-19 00:20:17", "elapsed": 549.579356, "delta": 0.00081}}
{"target": -13.758483907474218, "params": {"gamma": 558.81331377135, "log10_alpha": -4.971473022782779, "log10_colsample_bytree": -0.19064537869564635, "log10_eta": -3.5861589687018265, "log10_lambda": 0.40459033281639645, "log10_min_child_weight": 3.6884176028632636, "log10_subsample": -0.2672503675551934, "max_depth": 6.0, "num_boost_round": 14.0}, "datetime": {"datetime": "2024-01-19 00:20:17", "elapsed": 549.58015, "delta": 0.000794}}
{"target": -13.758479463825706, "params": {"gamma": 558.81331377135, "log10_alpha": -4.971473022782779, "log10_colsample_bytree": -0.19064537869564635, "log10_eta": -3.5861589687018265, "log10_lambda": 0.40459033281639645, "log10_min_child_weight": 3.6884176028632636, "log10_subsample": -0.2672503675551934, "max_depth": 6.0, "num_boost_round": 15.0}, "datetime": {"datetime": "2024-01-19 00:20:17", "elapsed": 549.581008, "delta": 0.000858}}
{"target": -13.758474782904733, "params": {"gamma": 558.81331377135, "log10_alpha": -4.971473022782779, "log10_colsample_bytree": -0.19064537869564635, "log10_eta": -3.5861589687018265, "log10_lambda": 0.40459033281639645, "log10_min_child_weight": 3.6884176028632636, "log10_subsample": -0.2672503675551934, "max_depth": 6.0, "num_boost_round": 16.0}, "datetime": {"datetime": "2024-01-19 00:20:17", "elapsed": 549.5818, "delta": 0.000792}}
{"target": -13.75847892136811, "params": {"gamma": 558.81331377135, "log10_alpha": -4.971473022782779, "log10_colsample_bytree": -0.19064537869564635, "log10_eta": -3.5861589687018265, "log10_lambda": 0.40459033281639645, "log10_min_child_weight": 3.6884176028632636, "log10_subsample": -0.2672503675551934, "max_depth": 6.0, "num_boost_round": 17.0}, "datetime": {"datetime": "2024-01-19 00:20:17", "elapsed": 549.582735, "delta": 0.000935}}
{"target": -13.758477601629313, "params": {"gamma": 558.81331377135, "log10_alpha": -4.971473022782779, "log10_colsample_bytree": -0.19064537869564635, "log10_eta": -3.5861589687018265, "log10_lambda": 0.40459033281639645, "log10_min_child_weight": 3.6884176028632636, "log10_subsample": -0.2672503675551934, "max_depth": 6.0, "num_boost_round": 18.0}, "datetime": {"datetime": "2024-01-19 00:20:17", "elapsed": 549.583554, "delta": 0.000819}}
{"target": -13.75847229221558, "params": {"gamma": 558.81331377135, "log10_alpha": -4.971473022782779, "log10_colsample_bytree": -0.19064537869564635, "log10_eta": -3.5861589687018265, "log10_lambda": 0.40459033281639645, "log10_min_child_weight": 3.6884176028632636, "log10_subsample": -0.2672503675551934, "max_depth": 6.0, "num_boost_round": 19.0}, "datetime": {"datetime": "2024-01-19 00:20:17", "elapsed": 549.584461, "delta": 0.000907}}
{"target": -13.758465842155209, "params": {"gamma": 558.81331377135, "log10_alpha": -4.971473022782779, "log10_colsample_bytree": -0.19064537869564635, "log10_eta": -3.5861589687018265, "log10_lambda": 0.40459033281639645, "log10_min_child_weight": 3.6884176028632636, "log10_subsample": -0.2672503675551934, "max_depth": 6.0, "num_boost_round": 20.0}, "datetime": {"datetime": "2024-01-19 00:20:17", "elapsed": 549.585389, "delta": 0.000928}}
{"target": -13.758463941436991, "params": {"gamma": 558.81331377135, "log10_alpha": -4.971473022782779, "log10_colsample_bytree": -0.19064537869564635, "log10_eta": -3.5861589687018265, "log10_lambda": 0.40459033281639645, "log10_min_child_weight": 3.6884176028632636, "log10_subsample": -0.2672503675551934, "max_depth": 6.0, "num_boost_round": 21.0}, "datetime": {"datetime": "2024-01-19 00:20:17", "elapsed": 549.586296, "delta": 0.000907}}
{"target": -13.7584593388514, "params": {"gamma": 558.81331377135, "log10_alpha": -4.971473022782779, "log10_colsample_bytree": -0.19064537869564635, "log10_eta": -3.5861589687018265, "log10_lambda": 0.40459033281639645, "log10_min_child_weight": 3.6884176028632636, "log10_subsample": -0.2672503675551934, "max_depth": 6.0, "num_boost_round": 22.0}, "datetime": {"datetime": "2024-01-19 00:20:17", "elapsed": 549.587124, "delta": 0.000828}}
{"target": -13.758456850645114, "params": {"gamma": 558.81331377135, "log10_alpha": -4.971473022782779, "log10_colsample_bytree": -0.19064537869564635, "log10_eta": -3.5861589687018265, "log10_lambda": 0.40459033281639645, "log10_min_child_weight": 3.6884176028632636, "log10_subsample": -0.2672503675551934, "max_depth": 6.0, "num_boost_round": 23.0}, "datetime": {"datetime": "2024-01-19 00:20:17", "elapsed": 549.587947, "delta": 0.000823}}
{"target": -13.758457917744014, "params": {"gamma": 558.81331377135, "log10_alpha": -4.971473022782779, "log10_colsample_bytree": -0.19064537869564635, "log10_eta": -3.5861589687018265, "log10_lambda": 0.40459033281639645, "log10_min_child_weight": 3.6884176028632636, "log10_subsample": -0.2672503675551934, "max_depth": 6.0, "num_boost_round": 24.0}, "datetime": {"datetime": "2024-01-19 00:20:17", "elapsed": 549.588765, "delta": 0.000818}}
{"target": -13.758453845230253, "params": {"gamma": 558.81331377135, "log10_alpha": -4.971473022782779, "log10_colsample_bytree": -0.19064537869564635, "log10_eta": -3.5861589687018265, "log10_lambda": 0.40459033281639645, "log10_min_child_weight": 3.6884176028632636, "log10_subsample": -0.2672503675551934, "max_depth": 6.0, "num_boost_round": 25.0}, "datetime": {"datetime": "2024-01-19 00:20:17", "elapsed": 549.5896, "delta": 0.000835}}
