{"target": -17.675954431355127, "params": {"gamma": 394.59236334526327, "log10_alpha": -3.2875079036628443, "log10_colsample_bytree": -0.402180845417099, "log10_eta": -2.4112848336393418, "log10_lambda": -1.3959571560202026, "log10_min_child_weight": 1.290382734339749, "log10_subsample": -0.3846823695172321, "max_depth": 7.0, "num_boost_round": 8.0}, "datetime": {"datetime": "2024-01-19 01:29:51", "elapsed": 4681.554648, "delta": 0.004763}}
{"target": -17.67556441596178, "params": {"gamma": 394.59236334526327, "log10_alpha": -3.2875079036628443, "log10_colsample_bytree": -0.402180845417099, "log10_eta": -2.4112848336393418, "log10_lambda": -1.3959571560202026, "log10_min_child_weight": 1.290382734339749, "log10_subsample": -0.3846823695172321, "max_depth": 7.0, "num_boost_round": 9.0}, "datetime": {"datetime": "2024-01-19 01:29:51", "elapsed": 4681.559493, "delta": 0.004845}}
{"target": -17.675114783996943, "params": {"gamma": 394.59236334526327, "log10_alpha": -3.2875079036628443, "log10_colsample_bytree": -0.402180845417099, "log10_eta": -2.4112848336393418, "log10_lambda": -1.3959571560202026, "log10_min_child_weight": 1.290382734339749, "log10_subsample": -0.3846823695172321, "max_depth": 7.0, "num_boost_round": 10.0}, "datetime": {"datetime": "2024-01-19 01:29:51", "elapsed": 4681.564402, "delta": 0.004909}}
{"target": -17.675027441762282, "params": {"gamma": 394.59236334526327, "log10_alpha": -3.2875079036628443, "log10_colsample_bytree": -0.402180845417099, "log10_eta": -2.4112848336393418, "log10_lambda": -1.3959571560202026, "log10_min_child_weight": 1.290382734339749, "log10_subsample": -0.3846823695172321, "max_depth": 7.0, "num_boost_round": 11.0}, "datetime": {"datetime": "2024-01-19 01:29:51", "elapsed": 4681.569075, "delta": 0.004673}}
{"target": -17.674977067863484, "params": {"gamma": 394.59236334526327, "log10_alpha": -3.2875079036628443, "log10_colsample_bytree": -0.402180845417099, "log10_eta": -2.4112848336393418, "log10_lambda": -1.3959571560202026, "log10_min_child_weight": 1.290382734339749, "log10_subsample": -0.3846823695172321, "max_depth": 7.0, "num_boost_round": 12.0}, "datetime": {"datetime": "2024-01-19 01:29:51", "elapsed": 4681.573816, "delta": 0.004741}}
{"target": -17.67510105508722, "params": {"gamma": 394.59236334526327, "log10_alpha": -3.2875079036628443, "log10_colsample_bytree": -0.402180845417099, "log10_eta": -2.4112848336393418, "log10_lambda": -1.3959571560202026, "log10_min_child_weight": 1.290382734339749, "log10_subsample": -0.3846823695172321, "max_depth": 7.0, "num_boost_round": 13.0}, "datetime": {"datetime": "2024-01-19 01:29:51", "elapsed": 4681.578517, "delta": 0.004701}}
{"target": -17.675108246003138, "params": {"gamma": 394.59236334526327, "log10_alpha": -3.2875079036628443, "log10_colsample_bytree": -0.402180845417099, "log10_eta": -2.4112848336393418, "log10_lambda": -1.3959571560202026, "log10_min_child_weight": 1.290382734339749, "log10_subsample": -0.3846823695172321, "max_depth": 7.0, "num_boost_round": 14.0}, "datetime": {"datetime": "2024-01-19 01:29:51", "elapsed": 4681.58346, "delta": 0.004943}}
{"target": -17.67518389389865, "params": {"gamma": 394.59236334526327, "log10_alpha": -3.2875079036628443, "log10_colsample_bytree": -0.402180845417099, "log10_eta": -2.4112848336393418, "log10_lambda": -1.3959571560202026, "log10_min_child_weight": 1.290382734339749, "log10_subsample": -0.3846823695172321, "max_depth": 7.0, "num_boost_round": 15.0}, "datetime": {"datetime": "2024-01-19 01:29:51", "elapsed": 4681.695028, "delta": 0.111568}}
{"target": -17.675004419159116, "params": {"gamma": 394.59236334526327, "log10_alpha": -3.2875079036628443, "log10_colsample_bytree": -0.402180845417099, "log10_eta": -2.4112848336393418, "log10_lambda": -1.3959571560202026, "log10_min_child_weight": 1.290382734339749, "log10_subsample": -0.3846823695172321, "max_depth": 7.0, "num_boost_round": 16.0}, "datetime": {"datetime": "2024-01-19 01:29:51", "elapsed": 4681.7007, "delta": 0.005672}}
{"target": -17.67483652923793, "params": {"gamma": 394.59236334526327, "log10_alpha": -3.2875079036628443, "log10_colsample_bytree": -0.402180845417099, "log10_eta": -2.4112848336393418, "log10_lambda": -1.3959571560202026, "log10_min_child_weight": 1.290382734339749, "log10_subsample": -0.3846823695172321, "max_depth": 7.0, "num_boost_round": 17.0}, "datetime": {"datetime": "2024-01-19 01:29:51", "elapsed": 4681.705724, "delta": 0.005024}}
{"target": -17.67489200351828, "params": {"gamma": 394.59236334526327, "log10_alpha": -3.2875079036628443, "log10_colsample_bytree": -0.402180845417099, "log10_eta": -2.4112848336393418, "log10_lambda": -1.3959571560202026, "log10_min_child_weight": 1.290382734339749, "log10_subsample": -0.3846823695172321, "max_depth": 7.0, "num_boost_round": 18.0}, "datetime": {"datetime": "2024-01-19 01:29:51", "elapsed": 4681.710712, "delta": 0.004988}}
{"target": -17.67472199156368, "params": {"gamma": 394.59236334526327, "log10_alpha": -3.2875079036628443, "log10_colsample_bytree": -0.402180845417099, "log10_eta": -2.4112848336393418, "log10_lambda": -1.3959571560202026, "log10_min_child_weight": 1.290382734339749, "log10_subsample": -0.3846823695172321, "max_depth": 7.0, "num_boost_round": 19.0}, "datetime": {"datetime": "2024-01-19 01:29:51", "elapsed": 4681.715508, "delta": 0.004796}}
{"target": -17.67455398542623, "params": {"gamma": 394.59236334526327, "log10_alpha": -3.2875079036628443, "log10_colsample_bytree": -0.402180845417099, "log10_eta": -2.4112848336393418, "log10_lambda": -1.3959571560202026, "log10_min_child_weight": 1.290382734339749, "log10_subsample": -0.3846823695172321, "max_depth": 7.0, "num_boost_round": 20.0}, "datetime": {"datetime": "2024-01-19 01:29:51", "elapsed": 4681.720311, "delta": 0.004803}}
{"target": -17.674584958112096, "params": {"gamma": 394.59236334526327, "log10_alpha": -3.2875079036628443, "log10_colsample_bytree": -0.402180845417099, "log10_eta": -2.4112848336393418, "log10_lambda": -1.3959571560202026, "log10_min_child_weight": 1.290382734339749, "log10_subsample": -0.3846823695172321, "max_depth": 7.0, "num_boost_round": 21.0}, "datetime": {"datetime": "2024-01-19 01:29:51", "elapsed": 4681.725243, "delta": 0.004932}}
{"target": -17.674408908565486, "params": {"gamma": 394.59236334526327, "log10_alpha": -3.2875079036628443, "log10_colsample_bytree": -0.402180845417099, "log10_eta": -2.4112848336393418, "log10_lambda": -1.3959571560202026, "log10_min_child_weight": 1.290382734339749, "log10_subsample": -0.3846823695172321, "max_depth": 7.0, "num_boost_round": 22.0}, "datetime": {"datetime": "2024-01-19 01:29:51", "elapsed": 4681.730242, "delta": 0.004999}}
{"target": -17.674347768679475, "params": {"gamma": 394.59236334526327, "log10_alpha": -3.2875079036628443, "log10_colsample_bytree": -0.402180845417099, "log10_eta": -2.4112848336393418, "log10_lambda": -1.3959571560202026, "log10_min_child_weight": 1.290382734339749, "log10_subsample": -0.3846823695172321, "max_depth": 7.0, "num_boost_round": 23.0}, "datetime": {"datetime": "2024-01-19 01:29:51", "elapsed": 4681.735099, "delta": 0.004857}}
{"target": -17.674365880763286, "params": {"gamma": 394.59236334526327, "log10_alpha": -3.2875079036628443, "log10_colsample_bytree": -0.402180845417099, "log10_eta": -2.4112848336393418, "log10_lambda": -1.3959571560202026, "log10_min_child_weight": 1.290382734339749, "log10_subsample": -0.3846823695172321, "max_depth": 7.0, "num_boost_round": 24.0}, "datetime": {"datetime": "2024-01-19 01:29:51", "elapsed": 4681.739918, "delta": 0.004819}}
{"target": -17.674327547489906, "params": {"gamma": 394.59236334526327, "log10_alpha": -3.2875079036628443, "log10_colsample_bytree": -0.402180845417099, "log10_eta": -2.4112848336393418, "log10_lambda": -1.3959571560202026, "log10_min_child_weight": 1.290382734339749, "log10_subsample": -0.3846823695172321, "max_depth": 7.0, "num_boost_round": 25.0}, "datetime": {"datetime": "2024-01-19 01:29:51", "elapsed": 4681.744968, "delta": 0.00505}}
{"target": -17.674629750821016, "params": {"gamma": 394.59236334526327, "log10_alpha": -3.2875079036628443, "log10_colsample_bytree": -0.402180845417099, "log10_eta": -2.4112848336393418, "log10_lambda": -1.3959571560202026, "log10_min_child_weight": 1.290382734339749, "log10_subsample": -0.3846823695172321, "max_depth": 7.0, "num_boost_round": 26.0}, "datetime": {"datetime": "2024-01-19 01:29:51", "elapsed": 4681.750152, "delta": 0.005184}}
{"target": -17.674500472036595, "params": {"gamma": 394.59236334526327, "log10_alpha": -3.2875079036628443, "log10_colsample_bytree": -0.402180845417099, "log10_eta": -2.4112848336393418, "log10_lambda": -1.3959571560202026, "log10_min_child_weight": 1.290382734339749, "log10_subsample": -0.3846823695172321, "max_depth": 7.0, "num_boost_round": 27.0}, "datetime": {"datetime": "2024-01-19 01:29:51", "elapsed": 4681.755014, "delta": 0.004862}}
{"target": -17.674523723804178, "params": {"gamma": 394.59236334526327, "log10_alpha": -3.2875079036628443, "log10_colsample_bytree": -0.402180845417099, "log10_eta": -2.4112848336393418, "log10_lambda": -1.3959571560202026, "log10_min_child_weight": 1.290382734339749, "log10_subsample": -0.3846823695172321, "max_depth": 7.0, "num_boost_round": 28.0}, "datetime": {"datetime": "2024-01-19 01:29:51", "elapsed": 4681.760025, "delta": 0.005011}}
{"target": -17.674545116651373, "params": {"gamma": 394.59236334526327, "log10_alpha": -3.2875079036628443, "log10_colsample_bytree": -0.402180845417099, "log10_eta": -2.4112848336393418, "log10_lambda": -1.3959571560202026, "log10_min_child_weight": 1.290382734339749, "log10_subsample": -0.3846823695172321, "max_depth": 7.0, "num_boost_round": 29.0}, "datetime": {"datetime": "2024-01-19 01:29:51", "elapsed": 4681.764969, "delta": 0.004944}}
{"target": -17.674688840132415, "params": {"gamma": 394.59236334526327, "log10_alpha": -3.2875079036628443, "log10_colsample_bytree": -0.402180845417099, "log10_eta": -2.4112848336393418, "log10_lambda": -1.3959571560202026, "log10_min_child_weight": 1.290382734339749, "log10_subsample": -0.3846823695172321, "max_depth": 7.0, "num_boost_round": 30.0}, "datetime": {"datetime": "2024-01-19 01:29:51", "elapsed": 4681.769966, "delta": 0.004997}}
{"target": -17.67460832946355, "params": {"gamma": 394.59236334526327, "log10_alpha": -3.2875079036628443, "log10_colsample_bytree": -0.402180845417099, "log10_eta": -2.4112848336393418, "log10_lambda": -1.3959571560202026, "log10_min_child_weight": 1.290382734339749, "log10_subsample": -0.3846823695172321, "max_depth": 7.0, "num_boost_round": 31.0}, "datetime": {"datetime": "2024-01-19 01:29:51", "elapsed": 4681.774791, "delta": 0.004825}}
{"target": -17.67446973490697, "params": {"gamma": 394.59236334526327, "log10_alpha": -3.2875079036628443, "log10_colsample_bytree": -0.402180845417099, "log10_eta": -2.4112848336393418, "log10_lambda": -1.3959571560202026, "log10_min_child_weight": 1.290382734339749, "log10_subsample": -0.3846823695172321, "max_depth": 7.0, "num_boost_round": 32.0}, "datetime": {"datetime": "2024-01-19 01:29:51", "elapsed": 4681.779607, "delta": 0.004816}}
{"target": -17.674430032976044, "params": {"gamma": 394.59236334526327, "log10_alpha": -3.2875079036628443, "log10_colsample_bytree": -0.402180845417099, "log10_eta": -2.4112848336393418, "log10_lambda": -1.3959571560202026, "log10_min_child_weight": 1.290382734339749, "log10_subsample": -0.3846823695172321, "max_depth": 7.0, "num_boost_round": 33.0}, "datetime": {"datetime": "2024-01-19 01:29:51", "elapsed": 4681.784557, "delta": 0.00495}}
{"target": -17.674461030867995, "params": {"gamma": 394.59236334526327, "log10_alpha": -3.2875079036628443, "log10_colsample_bytree": -0.402180845417099, "log10_eta": -2.4112848336393418, "log10_lambda": -1.3959571560202026, "log10_min_child_weight": 1.290382734339749, "log10_subsample": -0.3846823695172321, "max_depth": 7.0, "num_boost_round": 34.0}, "datetime": {"datetime": "2024-01-19 01:29:51", "elapsed": 4681.789515, "delta": 0.004958}}
{"target": -17.67447095929882, "params": {"gamma": 394.59236334526327, "log10_alpha": -3.2875079036628443, "log10_colsample_bytree": -0.402180845417099, "log10_eta": -2.4112848336393418, "log10_lambda": -1.3959571560202026, "log10_min_child_weight": 1.290382734339749, "log10_subsample": -0.3846823695172321, "max_depth": 7.0, "num_boost_round": 35.0}, "datetime": {"datetime": "2024-01-19 01:29:51", "elapsed": 4681.794453, "delta": 0.004938}}
{"target": -17.67458061698981, "params": {"gamma": 394.59236334526327, "log10_alpha": -3.2875079036628443, "log10_colsample_bytree": -0.402180845417099, "log10_eta": -2.4112848336393418, "log10_lambda": -1.3959571560202026, "log10_min_child_weight": 1.290382734339749, "log10_subsample": -0.3846823695172321, "max_depth": 7.0, "num_boost_round": 36.0}, "datetime": {"datetime": "2024-01-19 01:29:51", "elapsed": 4681.799286, "delta": 0.004833}}
{"target": -17.674375462077084, "params": {"gamma": 394.59236334526327, "log10_alpha": -3.2875079036628443, "log10_colsample_bytree": -0.402180845417099, "log10_eta": -2.4112848336393418, "log10_lambda": -1.3959571560202026, "log10_min_child_weight": 1.290382734339749, "log10_subsample": -0.3846823695172321, "max_depth": 7.0, "num_boost_round": 37.0}, "datetime": {"datetime": "2024-01-19 01:29:52", "elapsed": 4681.80425, "delta": 0.004964}}
{"target": -17.67415723198866, "params": {"gamma": 394.59236334526327, "log10_alpha": -3.2875079036628443, "log10_colsample_bytree": -0.402180845417099, "log10_eta": -2.4112848336393418, "log10_lambda": -1.3959571560202026, "log10_min_child_weight": 1.290382734339749, "log10_subsample": -0.3846823695172321, "max_depth": 7.0, "num_boost_round": 38.0}, "datetime": {"datetime": "2024-01-19 01:29:52", "elapsed": 4681.809291, "delta": 0.005041}}
{"target": -17.674143279553522, "params": {"gamma": 394.59236334526327, "log10_alpha": -3.2875079036628443, "log10_colsample_bytree": -0.402180845417099, "log10_eta": -2.4112848336393418, "log10_lambda": -1.3959571560202026, "log10_min_child_weight": 1.290382734339749, "log10_subsample": -0.3846823695172321, "max_depth": 7.0, "num_boost_round": 39.0}, "datetime": {"datetime": "2024-01-19 01:29:52", "elapsed": 4681.814147, "delta": 0.004856}}
{"target": -17.705399171340442, "params": {"gamma": 396.362022708454, "log10_alpha": -4.5360007024361275, "log10_colsample_bytree": -0.9583658845699089, "log10_eta": -0.11497093154646487, "log10_lambda": -1.4073650535941225, "log10_min_child_weight": 2.747592515888251, "log10_subsample": -0.5451833319382484, "max_depth": 7.0, "num_boost_round": 0.0}, "datetime": {"datetime": "2024-01-19 01:31:08", "elapsed": 4758.424179, "delta": 76.610032}}
{"target": -17.80447321763198, "params": {"gamma": 396.362022708454, "log10_alpha": -4.5360007024361275, "log10_colsample_bytree": -0.9583658845699089, "log10_eta": -0.11497093154646487, "log10_lambda": -1.4073650535941225, "log10_min_child_weight": 2.747592515888251, "log10_subsample": -0.5451833319382484, "max_depth": 7.0, "num_boost_round": 1.0}, "datetime": {"datetime": "2024-01-19 01:31:08", "elapsed": 4758.429625, "delta": 0.005446}}
{"target": -17.85080112983991, "params": {"gamma": 396.362022708454, "log10_alpha": -4.5360007024361275, "log10_colsample_bytree": -0.9583658845699089, "log10_eta": -0.11497093154646487, "log10_lambda": -1.4073650535941225, "log10_min_child_weight": 2.747592515888251, "log10_subsample": -0.5451833319382484, "max_depth": 7.0, "num_boost_round": 2.0}, "datetime": {"datetime": "2024-01-19 01:31:08", "elapsed": 4758.434796, "delta": 0.005171}}
{"target": -17.894621549589576, "params": {"gamma": 396.362022708454, "log10_alpha": -4.5360007024361275, "log10_colsample_bytree": -0.9583658845699089, "log10_eta": -0.11497093154646487, "log10_lambda": -1.4073650535941225, "log10_min_child_weight": 2.747592515888251, "log10_subsample": -0.5451833319382484, "max_depth": 7.0, "num_boost_round": 3.0}, "datetime": {"datetime": "2024-01-19 01:31:08", "elapsed": 4758.439571, "delta": 0.004775}}
{"target": -17.961100252930336, "params": {"gamma": 396.362022708454, "log10_alpha": -4.5360007024361275, "log10_colsample_bytree": -0.9583658845699089, "log10_eta": -0.11497093154646487, "log10_lambda": -1.4073650535941225, "log10_min_child_weight": 2.747592515888251, "log10_subsample": -0.5451833319382484, "max_depth": 7.0, "num_boost_round": 4.0}, "datetime": {"datetime": "2024-01-19 01:31:08", "elapsed": 4758.444519, "delta": 0.004948}}
{"target": -17.989697807127904, "params": {"gamma": 396.362022708454, "log10_alpha": -4.5360007024361275, "log10_colsample_bytree": -0.9583658845699089, "log10_eta": -0.11497093154646487, "log10_lambda": -1.4073650535941225, "log10_min_child_weight": 2.747592515888251, "log10_subsample": -0.5451833319382484, "max_depth": 7.0, "num_boost_round": 5.0}, "datetime": {"datetime": "2024-01-19 01:31:08", "elapsed": 4758.449499, "delta": 0.00498}}
{"target": -18.067699410275846, "params": {"gamma": 396.362022708454, "log10_alpha": -4.5360007024361275, "log10_colsample_bytree": -0.9583658845699089, "log10_eta": -0.11497093154646487, "log10_lambda": -1.4073650535941225, "log10_min_child_weight": 2.747592515888251, "log10_subsample": -0.5451833319382484, "max_depth": 7.0, "num_boost_round": 6.0}, "datetime": {"datetime": "2024-01-19 01:31:08", "elapsed": 4758.45461, "delta": 0.005111}}
{"target": -18.082464699689588, "params": {"gamma": 396.362022708454, "log10_alpha": -4.5360007024361275, "log10_colsample_bytree": -0.9583658845699089, "log10_eta": -0.11497093154646487, "log10_lambda": -1.4073650535941225, "log10_min_child_weight": 2.747592515888251, "log10_subsample": -0.5451833319382484, "max_depth": 7.0, "num_boost_round": 7.0}, "datetime": {"datetime": "2024-01-19 01:31:08", "elapsed": 4758.459404, "delta": 0.004794}}
{"target": -18.193839714475864, "params": {"gamma": 396.362022708454, "log10_alpha": -4.5360007024361275, "log10_colsample_bytree": -0.9583658845699089, "log10_eta": -0.11497093154646487, "log10_lambda": -1.4073650535941225, "log10_min_child_weight": 2.747592515888251, "log10_subsample": -0.5451833319382484, "max_depth": 7.0, "num_boost_round": 8.0}, "datetime": {"datetime": "2024-01-19 01:31:08", "elapsed": 4758.464294, "delta": 0.00489}}
{"target": -18.23458878784714, "params": {"gamma": 396.362022708454, "log10_alpha": -4.5360007024361275, "log10_colsample_bytree": -0.9583658845699089, "log10_eta": -0.11497093154646487, "log10_lambda": -1.4073650535941225, "log10_min_child_weight": 2.747592515888251, "log10_subsample": -0.5451833319382484, "max_depth": 7.0, "num_boost_round": 9.0}, "datetime": {"datetime": "2024-01-19 01:31:08", "elapsed": 4758.469036, "delta": 0.004742}}
{"target": -18.425430868170185, "params": {"gamma": 396.362022708454, "log10_alpha": -4.5360007024361275, "log10_colsample_bytree": -0.9583658845699089, "log10_eta": -0.11497093154646487, "log10_lambda": -1.4073650535941225, "log10_min_child_weight": 2.747592515888251, "log10_subsample": -0.5451833319382484, "max_depth": 7.0, "num_boost_round": 10.0}, "datetime": {"datetime": "2024-01-19 01:31:08", "elapsed": 4758.473995, "delta": 0.004959}}
{"target": -18.446553163281767, "params": {"gamma": 396.362022708454, "log10_alpha": -4.5360007024361275, "log10_colsample_bytree": -0.9583658845699089, "log10_eta": -0.11497093154646487, "log10_lambda": -1.4073650535941225, "log10_min_child_weight": 2.747592515888251, "log10_subsample": -0.5451833319382484, "max_depth": 7.0, "num_boost_round": 11.0}, "datetime": {"datetime": "2024-01-19 01:31:08", "elapsed": 4758.478747, "delta": 0.004752}}
{"target": -18.46241122811302, "params": {"gamma": 396.362022708454, "log10_alpha": -4.5360007024361275, "log10_colsample_bytree": -0.9583658845699089, "log10_eta": -0.11497093154646487, "log10_lambda": -1.4073650535941225, "log10_min_child_weight": 2.747592515888251, "log10_subsample": -0.5451833319382484, "max_depth": 7.0, "num_boost_round": 12.0}, "datetime": {"datetime": "2024-01-19 01:31:08", "elapsed": 4758.483618, "delta": 0.004871}}
{"target": -18.487191941457514, "params": {"gamma": 396.362022708454, "log10_alpha": -4.5360007024361275, "log10_colsample_bytree": -0.9583658845699089, "log10_eta": -0.11497093154646487, "log10_lambda": -1.4073650535941225, "log10_min_child_weight": 2.747592515888251, "log10_subsample": -0.5451833319382484, "max_depth": 7.0, "num_boost_round": 13.0}, "datetime": {"datetime": "2024-01-19 01:31:08", "elapsed": 4758.488377, "delta": 0.004759}}
{"target": -18.588390149336348, "params": {"gamma": 396.362022708454, "log10_alpha": -4.5360007024361275, "log10_colsample_bytree": -0.9583658845699089, "log10_eta": -0.11497093154646487, "log10_lambda": -1.4073650535941225, "log10_min_child_weight": 2.747592515888251, "log10_subsample": -0.5451833319382484, "max_depth": 7.0, "num_boost_round": 14.0}, "datetime": {"datetime": "2024-01-19 01:31:08", "elapsed": 4758.493348, "delta": 0.004971}}
{"target": -18.63411290242279, "params": {"gamma": 396.362022708454, "log10_alpha": -4.5360007024361275, "log10_colsample_bytree": -0.9583658845699089, "log10_eta": -0.11497093154646487, "log10_lambda": -1.4073650535941225, "log10_min_child_weight": 2.747592515888251, "log10_subsample": -0.5451833319382484, "max_depth": 7.0, "num_boost_round": 15.0}, "datetime": {"datetime": "2024-01-19 01:31:08", "elapsed": 4758.498202, "delta": 0.004854}}
{"target": -18.646462395015362, "params": {"gamma": 396.362022708454, "log10_alpha": -4.5360007024361275, "log10_colsample_bytree": -0.9583658845699089, "log10_eta": -0.11497093154646487, "log10_lambda": -1.4073650535941225, "log10_min_child_weight": 2.747592515888251, "log10_subsample": -0.5451833319382484, "max_depth": 7.0, "num_boost_round": 16.0}, "datetime": {"datetime": "2024-01-19 01:31:08", "elapsed": 4758.503094, "delta": 0.004892}}
