{"target": -13.756116998875498, "params": {"gamma": 435.99490214200375, "log10_alpha": -4.844442609032652, "log10_colsample_bytree": -0.45033752212129086, "log10_eta": -2.2587104295268925, "log10_lambda": -2.477793187475066, "log10_min_child_weight": 1.6516741050193706, "log10_subsample": -0.7953513659621575, "max_depth": 6.0, "num_boost_round": 49.0}, "datetime": {"datetime": "2024-01-19 00:11:36", "elapsed": 0.016641, "delta": 0.000189}}
{"target": -13.75601347304802, "params": {"gamma": 435.99490214200375, "log10_alpha": -4.844442609032652, "log10_colsample_bytree": -0.45033752212129086, "log10_eta": -2.2587104295268925, "log10_lambda": -2.477793187475066, "log10_min_child_weight": 1.6516741050193706, "log10_subsample": -0.7953513659621575, "max_depth": 6.0, "num_boost_round": 50.0}, "datetime": {"datetime": "2024-01-19 00:11:36", "elapsed": 0.016832, "delta": 0.000191}}
{"target": -13.755994806263068, "params": {"gamma": 435.99490214200375, "log10_alpha": -4.844442609032652, "log10_colsample_bytree": -0.45033752212129086, "log10_eta": -2.2587104295268925, "log10_lambda": -2.477793187475066, "log10_min_child_weight": 1.6516741050193706, "log10_subsample": -0.7953513659621575, "max_depth": 6.0, "num_boost_round": 51.0}, "datetime": {"datetime": "2024-01-19 00:11:36", "elapsed": 0.017023, "delta": 0.000191}}
{"target": -13.75613228670092, "params": {"gamma": 435.99490214200375, "log10_alpha": -4.844442609032652, "log10_colsample_bytree": -0.45033752212129086, "log10_eta": -2.2587104295268925, "log10_lambda": -2.477793187475066, "log10_min_child_weight": 1.6516741050193706, "log10_subsample": -0.7953513659621575, "max_depth": 6.0, "num_boost_round": 52.0}, "datetime": {"datetime": "2024-01-19 00:11:36", "elapsed": 0.017223, "delta": 0.0002}}
{"target": -13.756328932454783, "params": {"gamma": 435.99490214200375, "log10_alpha": -4.844442609032652, "log10_colsample_bytree": -0.45033752212129086, "log10_eta": -2.2587104295268925, "log10_lambda": -2.477793187475066, "log10_min_child_weight": 1.6516741050193706, "log10_subsample": -0.7953513659621575, "max_depth": 6.0, "num_boost_round": 53.0}, "datetime": {"datetime": "2024-01-19 00:11:36", "elapsed": 0.017418, "delta": 0.000195}}
{"target": -13.756251901043248, "params": {"gamma": 435.99490214200375, "log10_alpha": -4.844442609032652, "log10_colsample_bytree": -0.45033752212129086, "log10_eta": -2.2587104295268925, "log10_lambda": -2.477793187475066, "log10_min_child_weight": 1.6516741050193706, "log10_subsample": -0.7953513659621575, "max_depth": 6.0, "num_boost_round": 54.0}, "datetime": {"datetime": "2024-01-19 00:11:36", "elapsed": 0.017616, "delta": 0.000198}}
{"target": -13.756118344699717, "params": {"gamma": 435.99490214200375, "log10_alpha": -4.844442609032652, "log10_colsample_bytree": -0.45033752212129086, "log10_eta": -2.2587104295268925, "log10_lambda": -2.477793187475066, "log10_min_child_weight": 1.6516741050193706, "log10_subsample": -0.7953513659621575, "max_depth": 6.0, "num_boost_round": 55.0}, "datetime": {"datetime": "2024-01-19 00:11:36", "elapsed": 0.017814, "delta": 0.000198}}
{"target": -13.75628553217951, "params": {"gamma": 435.99490214200375, "log10_alpha": -4.844442609032652, "log10_colsample_bytree": -0.45033752212129086, "log10_eta": -2.2587104295268925, "log10_lambda": -2.477793187475066, "log10_min_child_weight": 1.6516741050193706, "log10_subsample": -0.7953513659621575, "max_depth": 6.0, "num_boost_round": 56.0}, "datetime": {"datetime": "2024-01-19 00:11:36", "elapsed": 0.018013, "delta": 0.000199}}
{"target": -13.756365319256103, "params": {"gamma": 435.99490214200375, "log10_alpha": -4.844442609032652, "log10_colsample_bytree": -0.45033752212129086, "log10_eta": -2.2587104295268925, "log10_lambda": -2.477793187475066, "log10_min_child_weight": 1.6516741050193706, "log10_subsample": -0.7953513659621575, "max_depth": 6.0, "num_boost_round": 57.0}, "datetime": {"datetime": "2024-01-19 00:11:36", "elapsed": 0.018221, "delta": 0.000208}}
{"target": -13.75651191911726, "params": {"gamma": 435.99490214200375, "log10_alpha": -4.844442609032652, "log10_colsample_bytree": -0.45033752212129086, "log10_eta": -2.2587104295268925, "log10_lambda": -2.477793187475066, "log10_min_child_weight": 1.6516741050193706, "log10_subsample": -0.7953513659621575, "max_depth": 6.0, "num_boost_round": 58.0}, "datetime": {"datetime": "2024-01-19 00:11:36", "elapsed": 0.018429, "delta": 0.000208}}
{"target": -13.756434116801945, "params": {"gamma": 435.99490214200375, "log10_alpha": -4.844442609032652, "log10_colsample_bytree": -0.45033752212129086, "log10_eta": -2.2587104295268925, "log10_lambda": -2.477793187475066, "log10_min_child_weight": 1.6516741050193706, "log10_subsample": -0.7953513659621575, "max_depth": 6.0, "num_boost_round": 59.0}, "datetime": {"datetime": "2024-01-19 00:11:36", "elapsed": 0.018632, "delta": 0.000203}}
{"target": -13.756474881052702, "params": {"gamma": 435.99490214200375, "log10_alpha": -4.844442609032652, "log10_colsample_bytree": -0.45033752212129086, "log10_eta": -2.2587104295268925, "log10_lambda": -2.477793187475066, "log10_min_child_weight": 1.6516741050193706, "log10_subsample": -0.7953513659621575, "max_depth": 6.0, "num_boost_round": 60.0}, "datetime": {"datetime": "2024-01-19 00:11:36", "elapsed": 0.018836, "delta": 0.000204}}
{"target": -13.756466566228138, "params": {"gamma": 435.99490214200375, "log10_alpha": -4.844442609032652, "log10_colsample_bytree": -0.45033752212129086, "log10_eta": -2.2587104295268925, "log10_lambda": -2.477793187475066, "log10_min_child_weight": 1.6516741050193706, "log10_subsample": -0.7953513659621575, "max_depth": 6.0, "num_boost_round": 61.0}, "datetime": {"datetime": "2024-01-19 00:11:36", "elapsed": 0.019043, "delta": 0.000207}}
{"target": -13.756284995037067, "params": {"gamma": 435.99490214200375, "log10_alpha": -4.844442609032652, "log10_colsample_bytree": -0.45033752212129086, "log10_eta": -2.2587104295268925, "log10_lambda": -2.477793187475066, "log10_min_child_weight": 1.6516741050193706, "log10_subsample": -0.7953513659621575, "max_depth": 6.0, "num_boost_round": 62.0}, "datetime": {"datetime": "2024-01-19 00:11:36", "elapsed": 0.019487, "delta": 0.000444}}
{"target": -13.756502049345919, "params": {"gamma": 435.99490214200375, "log10_alpha": -4.844442609032652, "log10_colsample_bytree": -0.45033752212129086, "log10_eta": -2.2587104295268925, "log10_lambda": -2.477793187475066, "log10_min_child_weight": 1.6516741050193706, "log10_subsample": -0.7953513659621575, "max_depth": 6.0, "num_boost_round": 63.0}, "datetime": {"datetime": "2024-01-19 00:11:36", "elapsed": 0.019957, "delta": 0.00047}}
{"target": -13.756597945382959, "params": {"gamma": 435.99490214200375, "log10_alpha": -4.844442609032652, "log10_colsample_bytree": -0.45033752212129086, "log10_eta": -2.2587104295268925, "log10_lambda": -2.477793187475066, "log10_min_child_weight": 1.6516741050193706, "log10_subsample": -0.7953513659621575, "max_depth": 6.0, "num_boost_round": 64.0}, "datetime": {"datetime": "2024-01-19 00:11:36", "elapsed": 0.020178, "delta": 0.000221}}
{"target": -13.756826737580292, "params": {"gamma": 435.99490214200375, "log10_alpha": -4.844442609032652, "log10_colsample_bytree": -0.45033752212129086, "log10_eta": -2.2587104295268925, "log10_lambda": -2.477793187475066, "log10_min_child_weight": 1.6516741050193706, "log10_subsample": -0.7953513659621575, "max_depth": 6.0, "num_boost_round": 65.0}, "datetime": {"datetime": "2024-01-19 00:11:36", "elapsed": 0.020404, "delta": 0.000226}}
{"target": -13.75848827276847, "params": {"gamma": 438.0004991546924, "log10_alpha": -3.031654429224896, "log10_colsample_bytree": -0.28823239649984966, "log10_eta": -2.751273088544987, "log10_lambda": -2.1403263344035084, "log10_min_child_weight": 2.2569930364140993, "log10_subsample": -0.3615272192440153, "max_depth": 6.0, "num_boost_round": 0.0}, "datetime": {"datetime": "2024-01-19 00:12:06", "elapsed": 30.535921, "delta": 30.515517}}
{"target": -13.758472342795365, "params": {"gamma": 438.0004991546924, "log10_alpha": -3.031654429224896, "log10_colsample_bytree": -0.28823239649984966, "log10_eta": -2.751273088544987, "log10_lambda": -2.1403263344035084, "log10_min_child_weight": 2.2569930364140993, "log10_subsample": -0.3615272192440153, "max_depth": 6.0, "num_boost_round": 1.0}, "datetime": {"datetime": "2024-01-19 00:12:06", "elapsed": 30.536284, "delta": 0.000363}}
{"target": -13.758439952619343, "params": {"gamma": 438.0004991546924, "log10_alpha": -3.031654429224896, "log10_colsample_bytree": -0.28823239649984966, "log10_eta": -2.751273088544987, "log10_lambda": -2.1403263344035084, "log10_min_child_weight": 2.2569930364140993, "log10_subsample": -0.3615272192440153, "max_depth": 6.0, "num_boost_round": 2.0}, "datetime": {"datetime": "2024-01-19 00:12:06", "elapsed": 30.536536, "delta": 0.000252}}
{"target": -13.758388498031824, "params": {"gamma": 438.0004991546924, "log10_alpha": -3.031654429224896, "log10_colsample_bytree": -0.28823239649984966, "log10_eta": -2.751273088544987, "log10_lambda": -2.1403263344035084, "log10_min_child_weight": 2.2569930364140993, "log10_subsample": -0.3615272192440153, "max_depth": 6.0, "num_boost_round": 3.0}, "datetime": {"datetime": "2024-01-19 00:12:06", "elapsed": 30.53677, "delta": 0.000234}}
{"target": -13.758375205293964, "params": {"gamma": 438.0004991546924, "log10_alpha": -3.031654429224896, "log10_colsample_bytree": -0.28823239649984966, "log10_eta": -2.751273088544987, "log10_lambda": -2.1403263344035084, "log10_min_child_weight": 2.2569930364140993, "log10_subsample": -0.3615272192440153, "max_depth": 6.0, "num_boost_round": 4.0}, "datetime": {"datetime": "2024-01-19 00:12:06", "elapsed": 30.537002, "delta": 0.000232}}
{"target": -13.75838045656761, "params": {"gamma": 438.0004991546924, "log10_alpha": -3.031654429224896, "log10_colsample_bytree": -0.28823239649984966, "log10_eta": -2.751273088544987, "log10_lambda": -2.1403263344035084, "log10_min_child_weight": 2.2569930364140993, "log10_subsample": -0.3615272192440153, "max_depth": 6.0, "num_boost_round": 5.0}, "datetime": {"datetime": "2024-01-19 00:12:06", "elapsed": 30.537244, "delta": 0.000242}}
{"target": -13.758348488270272, "params": {"gamma": 438.0004991546924, "log10_alpha": -3.031654429224896, "log10_colsample_bytree": -0.28823239649984966, "log10_eta": -2.751273088544987, "log10_lambda": -2.1403263344035084, "log10_min_child_weight": 2.2569930364140993, "log10_subsample": -0.3615272192440153, "max_depth": 6.0, "num_boost_round": 6.0}, "datetime": {"datetime": "2024-01-19 00:12:06", "elapsed": 30.537484, "delta": 0.00024}}
{"target": -13.758273200793951, "params": {"gamma": 438.0004991546924, "log10_alpha": -3.031654429224896, "log10_colsample_bytree": -0.28823239649984966, "log10_eta": -2.751273088544987, "log10_lambda": -2.1403263344035084, "log10_min_child_weight": 2.2569930364140993, "log10_subsample": -0.3615272192440153, "max_depth": 6.0, "num_boost_round": 7.0}, "datetime": {"datetime": "2024-01-19 00:12:06", "elapsed": 30.537719, "delta": 0.000235}}
{"target": -13.758265219463155, "params": {"gamma": 438.0004991546924, "log10_alpha": -3.031654429224896, "log10_colsample_bytree": -0.28823239649984966, "log10_eta": -2.751273088544987, "log10_lambda": -2.1403263344035084, "log10_min_child_weight": 2.2569930364140993, "log10_subsample": -0.3615272192440153, "max_depth": 6.0, "num_boost_round": 8.0}, "datetime": {"datetime": "2024-01-19 00:12:06", "elapsed": 30.537966, "delta": 0.000247}}
{"target": -13.758220176524313, "params": {"gamma": 438.0004991546924, "log10_alpha": -3.031654429224896, "log10_colsample_bytree": -0.28823239649984966, "log10_eta": -2.751273088544987, "log10_lambda": -2.1403263344035084, "log10_min_child_weight": 2.2569930364140993, "log10_subsample": -0.3615272192440153, "max_depth": 6.0, "num_boost_round": 9.0}, "datetime": {"datetime": "2024-01-19 00:12:06", "elapsed": 30.53832, "delta": 0.000354}}
{"target": -13.758173031052994, "params": {"gamma": 438.0004991546924, "log10_alpha": -3.031654429224896, "log10_colsample_bytree": -0.28823239649984966, "log10_eta": -2.751273088544987, "log10_lambda": -2.1403263344035084, "log10_min_child_weight": 2.2569930364140993, "log10_subsample": -0.3615272192440153, "max_depth": 6.0, "num_boost_round": 10.0}, "datetime": {"datetime": "2024-01-19 00:12:06", "elapsed": 30.53856, "delta": 0.00024}}
{"target": -13.758122990051824, "params": {"gamma": 438.0004991546924, "log10_alpha": -3.031654429224896, "log10_colsample_bytree": -0.28823239649984966, "log10_eta": -2.751273088544987, "log10_lambda": -2.1403263344035084, "log10_min_child_weight": 2.2569930364140993, "log10_subsample": -0.3615272192440153, "max_depth": 6.0, "num_boost_round": 11.0}, "datetime": {"datetime": "2024-01-19 00:12:06", "elapsed": 30.538799, "delta": 0.000239}}
{"target": -13.75812705021545, "params": {"gamma": 438.0004991546924, "log10_alpha": -3.031654429224896, "log10_colsample_bytree": -0.28823239649984966, "log10_eta": -2.751273088544987, "log10_lambda": -2.1403263344035084, "log10_min_child_weight": 2.2569930364140993, "log10_subsample": -0.3615272192440153, "max_depth": 6.0, "num_boost_round": 12.0}, "datetime": {"datetime": "2024-01-19 00:12:06", "elapsed": 30.539036, "delta": 0.000237}}
{"target": -13.758067846931738, "params": {"gamma": 438.0004991546924, "log10_alpha": -3.031654429224896, "log10_colsample_bytree": -0.28823239649984966, "log10_eta": -2.751273088544987, "log10_lambda": -2.1403263344035084, "log10_min_child_weight": 2.2569930364140993, "log10_subsample": -0.3615272192440153, "max_depth": 6.0, "num_boost_round": 13.0}, "datetime": {"datetime": "2024-01-19 00:12:06", "elapsed": 30.539284, "delta": 0.000248}}
{"target": -13.758026487744285, "params": {"gamma": 438.0004991546924, "log10_alpha": -3.031654429224896, "log10_colsample_bytree": -0.28823239649984966, "log10_eta": -2.751273088544987, "log10_lambda": -2.1403263344035084, "log10_min_child_weight": 2.2569930364140993, "log10_subsample": -0.3615272192440153, "max_depth": 6.0, "num_boost_round": 14.0}, "datetime": {"datetime": "2024-01-19 00:12:06", "elapsed": 30.539528, "delta": 0.000244}}
{"target": -13.757932926824521, "params": {"gamma": 438.0004991546924, "log10_alpha": -3.031654429224896, "log10_colsample_bytree": -0.28823239649984966, "log10_eta": -2.751273088544987, "log10_lambda": -2.1403263344035084, "log10_min_child_weight": 2.2569930364140993, "log10_subsample": -0.3615272192440153, "max_depth": 6.0, "num_boost_round": 15.0}, "datetime": {"datetime": "2024-01-19 00:12:06", "elapsed": 30.53977, "delta": 0.000242}}
{"target": -13.757890416797482, "params": {"gamma": 438.0004991546924, "log10_alpha": -3.031654429224896, "log10_colsample_bytree": -0.28823239649984966, "log10_eta": -2.751273088544987, "log10_lambda": -2.1403263344035084, "log10_min_child_weight": 2.2569930364140993, "log10_subsample": -0.3615272192440153, "max_depth": 6.0, "num_boost_round": 16.0}, "datetime": {"datetime": "2024-01-19 00:12:06", "elapsed": 30.540015, "delta": 0.000245}}
{"target": -13.757900067103915, "params": {"gamma": 438.0004991546924, "log10_alpha": -3.031654429224896, "log10_colsample_bytree": -0.28823239649984966, "log10_eta": -2.751273088544987, "log10_lambda": -2.1403263344035084, "log10_min_child_weight": 2.2569930364140993, "log10_subsample": -0.3615272192440153, "max_depth": 6.0, "num_boost_round": 17.0}, "datetime": {"datetime": "2024-01-19 00:12:06", "elapsed": 30.540269, "delta": 0.000254}}
{"target": -13.757928157136023, "params": {"gamma": 438.0004991546924, "log10_alpha": -3.031654429224896, "log10_colsample_bytree": -0.28823239649984966, "log10_eta": -2.751273088544987, "log10_lambda": -2.1403263344035084, "log10_min_child_weight": 2.2569930364140993, "log10_subsample": -0.3615272192440153, "max_depth": 6.0, "num_boost_round": 18.0}, "datetime": {"datetime": "2024-01-19 00:12:06", "elapsed": 30.540521, "delta": 0.000252}}
{"target": -13.757901259316249, "params": {"gamma": 438.0004991546924, "log10_alpha": -3.031654429224896, "log10_colsample_bytree": -0.28823239649984966, "log10_eta": -2.751273088544987, "log10_lambda": -2.1403263344035084, "log10_min_child_weight": 2.2569930364140993, "log10_subsample": -0.3615272192440153, "max_depth": 6.0, "num_boost_round": 19.0}, "datetime": {"datetime": "2024-01-19 00:12:06", "elapsed": 30.540771, "delta": 0.00025}}
{"target": -13.757812135269067, "params": {"gamma": 438.0004991546924, "log10_alpha": -3.031654429224896, "log10_colsample_bytree": -0.28823239649984966, "log10_eta": -2.751273088544987, "log10_lambda": -2.1403263344035084, "log10_min_child_weight": 2.2569930364140993, "log10_subsample": -0.3615272192440153, "max_depth": 6.0, "num_boost_round": 20.0}, "datetime": {"datetime": "2024-01-19 00:12:06", "elapsed": 30.541021, "delta": 0.00025}}
{"target": -13.757755603314651, "params": {"gamma": 438.0004991546924, "log10_alpha": -3.031654429224896, "log10_colsample_bytree": -0.28823239649984966, "log10_eta": -2.751273088544987, "log10_lambda": -2.1403263344035084, "log10_min_child_weight": 2.2569930364140993, "log10_subsample": -0.3615272192440153, "max_depth": 6.0, "num_boost_round": 21.0}, "datetime": {"datetime": "2024-01-19 00:12:06", "elapsed": 30.541282, "delta": 0.000261}}
{"target": -13.757717622439475, "params": {"gamma": 438.0004991546924, "log10_alpha": -3.031654429224896, "log10_colsample_bytree": -0.28823239649984966, "log10_eta": -2.751273088544987, "log10_lambda": -2.1403263344035084, "log10_min_child_weight": 2.2569930364140993, "log10_subsample": -0.3615272192440153, "max_depth": 6.0, "num_boost_round": 22.0}, "datetime": {"datetime": "2024-01-19 00:12:06", "elapsed": 30.541541, "delta": 0.000259}}
{"target": -13.757708743744336, "params": {"gamma": 438.0004991546924, "log10_alpha": -3.031654429224896, "log10_colsample_bytree": -0.28823239649984966, "log10_eta": -2.751273088544987, "log10_lambda": -2.1403263344035084, "log10_min_child_weight": 2.2569930364140993, "log10_subsample": -0.3615272192440153, "max_depth": 6.0, "num_boost_round": 23.0}, "datetime": {"datetime": "2024-01-19 00:12:06", "elapsed": 30.541799, "delta": 0.000258}}
{"target": -13.757722656163727, "params": {"gamma": 438.0004991546924, "log10_alpha": -3.031654429224896, "log10_colsample_bytree": -0.28823239649984966, "log10_eta": -2.751273088544987, "log10_lambda": -2.1403263344035084, "log10_min_child_weight": 2.2569930364140993, "log10_subsample": -0.3615272192440153, "max_depth": 6.0, "num_boost_round": 24.0}, "datetime": {"datetime": "2024-01-19 00:12:06", "elapsed": 30.542054, "delta": 0.000255}}
{"target": -13.757711113844593, "params": {"gamma": 438.0004991546924, "log10_alpha": -3.031654429224896, "log10_colsample_bytree": -0.28823239649984966, "log10_eta": -2.751273088544987, "log10_lambda": -2.1403263344035084, "log10_min_child_weight": 2.2569930364140993, "log10_subsample": -0.3615272192440153, "max_depth": 6.0, "num_boost_round": 25.0}, "datetime": {"datetime": "2024-01-19 00:12:06", "elapsed": 30.542323, "delta": 0.000269}}
{"target": -13.757706275666157, "params": {"gamma": 438.0004991546924, "log10_alpha": -3.031654429224896, "log10_colsample_bytree": -0.28823239649984966, "log10_eta": -2.751273088544987, "log10_lambda": -2.1403263344035084, "log10_min_child_weight": 2.2569930364140993, "log10_subsample": -0.3615272192440153, "max_depth": 6.0, "num_boost_round": 26.0}, "datetime": {"datetime": "2024-01-19 00:12:06", "elapsed": 30.542669, "delta": 0.000346}}
{"target": -13.757699433446158, "params": {"gamma": 438.0004991546924, "log10_alpha": -3.031654429224896, "log10_colsample_bytree": -0.28823239649984966, "log10_eta": -2.751273088544987, "log10_lambda": -2.1403263344035084, "log10_min_child_weight": 2.2569930364140993, "log10_subsample": -0.3615272192440153, "max_depth": 6.0, "num_boost_round": 27.0}, "datetime": {"datetime": "2024-01-19 00:12:06", "elapsed": 30.542934, "delta": 0.000265}}
{"target": -13.757654493828857, "params": {"gamma": 438.0004991546924, "log10_alpha": -3.031654429224896, "log10_colsample_bytree": -0.28823239649984966, "log10_eta": -2.751273088544987, "log10_lambda": -2.1403263344035084, "log10_min_child_weight": 2.2569930364140993, "log10_subsample": -0.3615272192440153, "max_depth": 6.0, "num_boost_round": 28.0}, "datetime": {"datetime": "2024-01-19 00:12:06", "elapsed": 30.543207, "delta": 0.000273}}
{"target": -13.757649488190483, "params": {"gamma": 438.0004991546924, "log10_alpha": -3.031654429224896, "log10_colsample_bytree": -0.28823239649984966, "log10_eta": -2.751273088544987, "log10_lambda": -2.1403263344035084, "log10_min_child_weight": 2.2569930364140993, "log10_subsample": -0.3615272192440153, "max_depth": 6.0, "num_boost_round": 29.0}, "datetime": {"datetime": "2024-01-19 00:12:06", "elapsed": 30.543472, "delta": 0.000265}}
{"target": -13.757668348413802, "params": {"gamma": 438.0004991546924, "log10_alpha": -3.031654429224896, "log10_colsample_bytree": -0.28823239649984966, "log10_eta": -2.751273088544987, "log10_lambda": -2.1403263344035084, "log10_min_child_weight": 2.2569930364140993, "log10_subsample": -0.3615272192440153, "max_depth": 6.0, "num_boost_round": 30.0}, "datetime": {"datetime": "2024-01-19 00:12:06", "elapsed": 30.543737, "delta": 0.000265}}
{"target": -13.75760873883464, "params": {"gamma": 438.0004991546924, "log10_alpha": -3.031654429224896, "log10_colsample_bytree": -0.28823239649984966, "log10_eta": -2.751273088544987, "log10_lambda": -2.1403263344035084, "log10_min_child_weight": 2.2569930364140993, "log10_subsample": -0.3615272192440153, "max_depth": 6.0, "num_boost_round": 31.0}, "datetime": {"datetime": "2024-01-19 00:12:06", "elapsed": 30.544, "delta": 0.000263}}
