{"target": -17.677219581087865, "params": {"gamma": 424.441952658107, "log10_alpha": -3.2492289548858295, "log10_colsample_bytree": -0.13210329454775327, "log10_eta": -3.9851868191923243, "log10_lambda": -2.985845271463973, "log10_min_child_weight": 1.971938017744792, "log10_subsample": -0.6885656621742496, "max_depth": 7.0, "num_boost_round": 6.0}, "datetime": {"datetime": "2024-01-19 01:31:05", "elapsed": 4769.681827, "delta": 0.003468}}
{"target": -17.6772139222533, "params": {"gamma": 424.441952658107, "log10_alpha": -3.2492289548858295, "log10_colsample_bytree": -0.13210329454775327, "log10_eta": -3.9851868191923243, "log10_lambda": -2.985845271463973, "log10_min_child_weight": 1.971938017744792, "log10_subsample": -0.6885656621742496, "max_depth": 7.0, "num_boost_round": 7.0}, "datetime": {"datetime": "2024-01-19 01:31:05", "elapsed": 4769.68522, "delta": 0.003393}}
{"target": -17.677202742043633, "params": {"gamma": 424.441952658107, "log10_alpha": -3.2492289548858295, "log10_colsample_bytree": -0.13210329454775327, "log10_eta": -3.9851868191923243, "log10_lambda": -2.985845271463973, "log10_min_child_weight": 1.971938017744792, "log10_subsample": -0.6885656621742496, "max_depth": 7.0, "num_boost_round": 8.0}, "datetime": {"datetime": "2024-01-19 01:31:05", "elapsed": 4769.688564, "delta": 0.003344}}
{"target": -17.677199064226826, "params": {"gamma": 424.441952658107, "log10_alpha": -3.2492289548858295, "log10_colsample_bytree": -0.13210329454775327, "log10_eta": -3.9851868191923243, "log10_lambda": -2.985845271463973, "log10_min_child_weight": 1.971938017744792, "log10_subsample": -0.6885656621742496, "max_depth": 7.0, "num_boost_round": 9.0}, "datetime": {"datetime": "2024-01-19 01:31:05", "elapsed": 4769.691966, "delta": 0.003402}}
{"target": -17.677200450036214, "params": {"gamma": 424.441952658107, "log10_alpha": -3.2492289548858295, "log10_colsample_bytree": -0.13210329454775327, "log10_eta": -3.9851868191923243, "log10_lambda": -2.985845271463973, "log10_min_child_weight": 1.971938017744792, "log10_subsample": -0.6885656621742496, "max_depth": 7.0, "num_boost_round": 10.0}, "datetime": {"datetime": "2024-01-19 01:31:05", "elapsed": 4769.695415, "delta": 0.003449}}
{"target": -17.67720128405005, "params": {"gamma": 424.441952658107, "log10_alpha": -3.2492289548858295, "log10_colsample_bytree": -0.13210329454775327, "log10_eta": -3.9851868191923243, "log10_lambda": -2.985845271463973, "log10_min_child_weight": 1.971938017744792, "log10_subsample": -0.6885656621742496, "max_depth": 7.0, "num_boost_round": 11.0}, "datetime": {"datetime": "2024-01-19 01:31:05", "elapsed": 4769.698765, "delta": 0.00335}}
{"target": -17.677225000609656, "params": {"gamma": 454.2495421700837, "log10_alpha": -0.7582352674396073, "log10_colsample_bytree": -0.7533347863683948, "log10_eta": -3.956913762749188, "log10_lambda": -0.7437726396975002, "log10_min_child_weight": 2.0576101303121215, "log10_subsample": -0.49542729663334495, "max_depth": 8.0, "num_boost_round": 0.0}, "datetime": {"datetime": "2024-01-19 01:32:24", "elapsed": 4849.233116, "delta": 79.534351}}
{"target": -17.677223443926202, "params": {"gamma": 454.2495421700837, "log10_alpha": -0.7582352674396073, "log10_colsample_bytree": -0.7533347863683948, "log10_eta": -3.956913762749188, "log10_lambda": -0.7437726396975002, "log10_min_child_weight": 2.0576101303121215, "log10_subsample": -0.49542729663334495, "max_depth": 8.0, "num_boost_round": 1.0}, "datetime": {"datetime": "2024-01-19 01:32:24", "elapsed": 4849.236855, "delta": 0.003739}}
{"target": -17.677212720188397, "params": {"gamma": 454.2495421700837, "log10_alpha": -0.7582352674396073, "log10_colsample_bytree": -0.7533347863683948, "log10_eta": -3.956913762749188, "log10_lambda": -0.7437726396975002, "log10_min_child_weight": 2.0576101303121215, "log10_subsample": -0.49542729663334495, "max_depth": 8.0, "num_boost_round": 2.0}, "datetime": {"datetime": "2024-01-19 01:32:24", "elapsed": 4849.240347, "delta": 0.003492}}
{"target": -17.67720294461982, "params": {"gamma": 454.2495421700837, "log10_alpha": -0.7582352674396073, "log10_colsample_bytree": -0.7533347863683948, "log10_eta": -3.956913762749188, "log10_lambda": -0.7437726396975002, "log10_min_child_weight": 2.0576101303121215, "log10_subsample": -0.49542729663334495, "max_depth": 8.0, "num_boost_round": 3.0}, "datetime": {"datetime": "2024-01-19 01:32:24", "elapsed": 4849.243732, "delta": 0.003385}}
{"target": -17.677194991706806, "params": {"gamma": 454.2495421700837, "log10_alpha": -0.7582352674396073, "log10_colsample_bytree": -0.7533347863683948, "log10_eta": -3.956913762749188, "log10_lambda": -0.7437726396975002, "log10_min_child_weight": 2.0576101303121215, "log10_subsample": -0.49542729663334495, "max_depth": 8.0, "num_boost_round": 4.0}, "datetime": {"datetime": "2024-01-19 01:32:24", "elapsed": 4849.247139, "delta": 0.003407}}
{"target": -17.677194943820293, "params": {"gamma": 454.2495421700837, "log10_alpha": -0.7582352674396073, "log10_colsample_bytree": -0.7533347863683948, "log10_eta": -3.956913762749188, "log10_lambda": -0.7437726396975002, "log10_min_child_weight": 2.0576101303121215, "log10_subsample": -0.49542729663334495, "max_depth": 8.0, "num_boost_round": 5.0}, "datetime": {"datetime": "2024-01-19 01:32:24", "elapsed": 4849.250568, "delta": 0.003429}}
{"target": -17.677193209534934, "params": {"gamma": 454.2495421700837, "log10_alpha": -0.7582352674396073, "log10_colsample_bytree": -0.7533347863683948, "log10_eta": -3.956913762749188, "log10_lambda": -0.7437726396975002, "log10_min_child_weight": 2.0576101303121215, "log10_subsample": -0.49542729663334495, "max_depth": 8.0, "num_boost_round": 6.0}, "datetime": {"datetime": "2024-01-19 01:32:24", "elapsed": 4849.254104, "delta": 0.003536}}
{"target": -17.677182360230216, "params": {"gamma": 454.2495421700837, "log10_alpha": -0.7582352674396073, "log10_colsample_bytree": -0.7533347863683948, "log10_eta": -3.956913762749188, "log10_lambda": -0.7437726396975002, "log10_min_child_weight": 2.0576101303121215, "log10_subsample": -0.49542729663334495, "max_depth": 8.0, "num_boost_round": 7.0}, "datetime": {"datetime": "2024-01-19 01:32:24", "elapsed": 4849.257495, "delta": 0.003391}}
{"target": -17.677182632224255, "params": {"gamma": 454.2495421700837, "log10_alpha": -0.7582352674396073, "log10_colsample_bytree": -0.7533347863683948, "log10_eta": -3.956913762749188, "log10_lambda": -0.7437726396975002, "log10_min_child_weight": 2.0576101303121215, "log10_subsample": -0.49542729663334495, "max_depth": 8.0, "num_boost_round": 8.0}, "datetime": {"datetime": "2024-01-19 01:32:24", "elapsed": 4849.260905, "delta": 0.00341}}
{"target": -17.67718302599631, "params": {"gamma": 454.2495421700837, "log10_alpha": -0.7582352674396073, "log10_colsample_bytree": -0.7533347863683948, "log10_eta": -3.956913762749188, "log10_lambda": -0.7437726396975002, "log10_min_child_weight": 2.0576101303121215, "log10_subsample": -0.49542729663334495, "max_depth": 8.0, "num_boost_round": 9.0}, "datetime": {"datetime": "2024-01-19 01:32:24", "elapsed": 4849.264296, "delta": 0.003391}}
{"target": -17.677175701644366, "params": {"gamma": 454.2495421700837, "log10_alpha": -0.7582352674396073, "log10_colsample_bytree": -0.7533347863683948, "log10_eta": -3.956913762749188, "log10_lambda": -0.7437726396975002, "log10_min_child_weight": 2.0576101303121215, "log10_subsample": -0.49542729663334495, "max_depth": 8.0, "num_boost_round": 10.0}, "datetime": {"datetime": "2024-01-19 01:32:24", "elapsed": 4849.267726, "delta": 0.00343}}
{"target": -17.67717494124621, "params": {"gamma": 454.2495421700837, "log10_alpha": -0.7582352674396073, "log10_colsample_bytree": -0.7533347863683948, "log10_eta": -3.956913762749188, "log10_lambda": -0.7437726396975002, "log10_min_child_weight": 2.0576101303121215, "log10_subsample": -0.49542729663334495, "max_depth": 8.0, "num_boost_round": 11.0}, "datetime": {"datetime": "2024-01-19 01:32:24", "elapsed": 4849.271147, "delta": 0.003421}}
{"target": -17.677167133665666, "params": {"gamma": 454.2495421700837, "log10_alpha": -0.7582352674396073, "log10_colsample_bytree": -0.7533347863683948, "log10_eta": -3.956913762749188, "log10_lambda": -0.7437726396975002, "log10_min_child_weight": 2.0576101303121215, "log10_subsample": -0.49542729663334495, "max_depth": 8.0, "num_boost_round": 12.0}, "datetime": {"datetime": "2024-01-19 01:32:24", "elapsed": 4849.274757, "delta": 0.00361}}
{"target": -17.67715081982611, "params": {"gamma": 454.2495421700837, "log10_alpha": -0.7582352674396073, "log10_colsample_bytree": -0.7533347863683948, "log10_eta": -3.956913762749188, "log10_lambda": -0.7437726396975002, "log10_min_child_weight": 2.0576101303121215, "log10_subsample": -0.49542729663334495, "max_depth": 8.0, "num_boost_round": 13.0}, "datetime": {"datetime": "2024-01-19 01:32:24", "elapsed": 4849.278265, "delta": 0.003508}}
{"target": -17.677149771408438, "params": {"gamma": 454.2495421700837, "log10_alpha": -0.7582352674396073, "log10_colsample_bytree": -0.7533347863683948, "log10_eta": -3.956913762749188, "log10_lambda": -0.7437726396975002, "log10_min_child_weight": 2.0576101303121215, "log10_subsample": -0.49542729663334495, "max_depth": 8.0, "num_boost_round": 14.0}, "datetime": {"datetime": "2024-01-19 01:32:24", "elapsed": 4849.281855, "delta": 0.00359}}
{"target": -17.677147470207426, "params": {"gamma": 454.2495421700837, "log10_alpha": -0.7582352674396073, "log10_colsample_bytree": -0.7533347863683948, "log10_eta": -3.956913762749188, "log10_lambda": -0.7437726396975002, "log10_min_child_weight": 2.0576101303121215, "log10_subsample": -0.49542729663334495, "max_depth": 8.0, "num_boost_round": 15.0}, "datetime": {"datetime": "2024-01-19 01:32:24", "elapsed": 4849.285371, "delta": 0.003516}}
{"target": -17.677147618431515, "params": {"gamma": 454.2495421700837, "log10_alpha": -0.7582352674396073, "log10_colsample_bytree": -0.7533347863683948, "log10_eta": -3.956913762749188, "log10_lambda": -0.7437726396975002, "log10_min_child_weight": 2.0576101303121215, "log10_subsample": -0.49542729663334495, "max_depth": 8.0, "num_boost_round": 16.0}, "datetime": {"datetime": "2024-01-19 01:32:24", "elapsed": 4849.288781, "delta": 0.00341}}
{"target": -17.67713778761437, "params": {"gamma": 454.2495421700837, "log10_alpha": -0.7582352674396073, "log10_colsample_bytree": -0.7533347863683948, "log10_eta": -3.956913762749188, "log10_lambda": -0.7437726396975002, "log10_min_child_weight": 2.0576101303121215, "log10_subsample": -0.49542729663334495, "max_depth": 8.0, "num_boost_round": 17.0}, "datetime": {"datetime": "2024-01-19 01:32:24", "elapsed": 4849.292228, "delta": 0.003447}}
{"target": -17.677141851469745, "params": {"gamma": 454.2495421700837, "log10_alpha": -0.7582352674396073, "log10_colsample_bytree": -0.7533347863683948, "log10_eta": -3.956913762749188, "log10_lambda": -0.7437726396975002, "log10_min_child_weight": 2.0576101303121215, "log10_subsample": -0.49542729663334495, "max_depth": 8.0, "num_boost_round": 18.0}, "datetime": {"datetime": "2024-01-19 01:32:24", "elapsed": 4849.295767, "delta": 0.003539}}
{"target": -17.677133071860254, "params": {"gamma": 454.2495421700837, "log10_alpha": -0.7582352674396073, "log10_colsample_bytree": -0.7533347863683948, "log10_eta": -3.956913762749188, "log10_lambda": -0.7437726396975002, "log10_min_child_weight": 2.0576101303121215, "log10_subsample": -0.49542729663334495, "max_depth": 8.0, "num_boost_round": 19.0}, "datetime": {"datetime": "2024-01-19 01:32:24", "elapsed": 4849.299159, "delta": 0.003392}}
{"target": -17.677124191611682, "params": {"gamma": 454.2495421700837, "log10_alpha": -0.7582352674396073, "log10_colsample_bytree": -0.7533347863683948, "log10_eta": -3.956913762749188, "log10_lambda": -0.7437726396975002, "log10_min_child_weight": 2.0576101303121215, "log10_subsample": -0.49542729663334495, "max_depth": 8.0, "num_boost_round": 20.0}, "datetime": {"datetime": "2024-01-19 01:32:24", "elapsed": 4849.302589, "delta": 0.00343}}
{"target": -17.677118773789065, "params": {"gamma": 454.2495421700837, "log10_alpha": -0.7582352674396073, "log10_colsample_bytree": -0.7533347863683948, "log10_eta": -3.956913762749188, "log10_lambda": -0.7437726396975002, "log10_min_child_weight": 2.0576101303121215, "log10_subsample": -0.49542729663334495, "max_depth": 8.0, "num_boost_round": 21.0}, "datetime": {"datetime": "2024-01-19 01:32:24", "elapsed": 4849.306004, "delta": 0.003415}}
{"target": -17.677108604306493, "params": {"gamma": 454.2495421700837, "log10_alpha": -0.7582352674396073, "log10_colsample_bytree": -0.7533347863683948, "log10_eta": -3.956913762749188, "log10_lambda": -0.7437726396975002, "log10_min_child_weight": 2.0576101303121215, "log10_subsample": -0.49542729663334495, "max_depth": 8.0, "num_boost_round": 22.0}, "datetime": {"datetime": "2024-01-19 01:32:24", "elapsed": 4849.309459, "delta": 0.003455}}
{"target": -17.67709806763866, "params": {"gamma": 454.2495421700837, "log10_alpha": -0.7582352674396073, "log10_colsample_bytree": -0.7533347863683948, "log10_eta": -3.956913762749188, "log10_lambda": -0.7437726396975002, "log10_min_child_weight": 2.0576101303121215, "log10_subsample": -0.49542729663334495, "max_depth": 8.0, "num_boost_round": 23.0}, "datetime": {"datetime": "2024-01-19 01:32:24", "elapsed": 4849.313135, "delta": 0.003676}}
{"target": -17.677095374989488, "params": {"gamma": 454.2495421700837, "log10_alpha": -0.7582352674396073, "log10_colsample_bytree": -0.7533347863683948, "log10_eta": -3.956913762749188, "log10_lambda": -0.7437726396975002, "log10_min_child_weight": 2.0576101303121215, "log10_subsample": -0.49542729663334495, "max_depth": 8.0, "num_boost_round": 24.0}, "datetime": {"datetime": "2024-01-19 01:32:24", "elapsed": 4849.31658, "delta": 0.003445}}
{"target": -17.677086237421907, "params": {"gamma": 454.2495421700837, "log10_alpha": -0.7582352674396073, "log10_colsample_bytree": -0.7533347863683948, "log10_eta": -3.956913762749188, "log10_lambda": -0.7437726396975002, "log10_min_child_weight": 2.0576101303121215, "log10_subsample": -0.49542729663334495, "max_depth": 8.0, "num_boost_round": 25.0}, "datetime": {"datetime": "2024-01-19 01:32:24", "elapsed": 4849.320001, "delta": 0.003421}}
{"target": -17.67722934855051, "params": {"gamma": 431.63759958486713, "log10_alpha": -3.973751647303585, "log10_colsample_bytree": -0.762739154417909, "log10_eta": -3.451846118203054, "log10_lambda": -1.6705141961263577, "log10_min_child_weight": 4.469992969216658, "log10_subsample": -0.31761219285909426, "max_depth": 6.0, "num_boost_round": 0.0}, "datetime": {"datetime": "2024-01-19 01:33:34", "elapsed": 4918.797614, "delta": 69.477613}}
{"target": -17.677227209314662, "params": {"gamma": 431.63759958486713, "log10_alpha": -3.973751647303585, "log10_colsample_bytree": -0.762739154417909, "log10_eta": -3.451846118203054, "log10_lambda": -1.6705141961263577, "log10_min_child_weight": 4.469992969216658, "log10_subsample": -0.31761219285909426, "max_depth": 6.0, "num_boost_round": 1.0}, "datetime": {"datetime": "2024-01-19 01:33:34", "elapsed": 4918.801788, "delta": 0.004174}}
{"target": -17.677228500897122, "params": {"gamma": 431.63759958486713, "log10_alpha": -3.973751647303585, "log10_colsample_bytree": -0.762739154417909, "log10_eta": -3.451846118203054, "log10_lambda": -1.6705141961263577, "log10_min_child_weight": 4.469992969216658, "log10_subsample": -0.31761219285909426, "max_depth": 6.0, "num_boost_round": 2.0}, "datetime": {"datetime": "2024-01-19 01:33:34", "elapsed": 4918.805713, "delta": 0.003925}}
{"target": -17.677225516871847, "params": {"gamma": 431.63759958486713, "log10_alpha": -3.973751647303585, "log10_colsample_bytree": -0.762739154417909, "log10_eta": -3.451846118203054, "log10_lambda": -1.6705141961263577, "log10_min_child_weight": 4.469992969216658, "log10_subsample": -0.31761219285909426, "max_depth": 6.0, "num_boost_round": 3.0}, "datetime": {"datetime": "2024-01-19 01:33:34", "elapsed": 4918.809185, "delta": 0.003472}}
{"target": -17.677223301033486, "params": {"gamma": 431.63759958486713, "log10_alpha": -3.973751647303585, "log10_colsample_bytree": -0.762739154417909, "log10_eta": -3.451846118203054, "log10_lambda": -1.6705141961263577, "log10_min_child_weight": 4.469992969216658, "log10_subsample": -0.31761219285909426, "max_depth": 6.0, "num_boost_round": 4.0}, "datetime": {"datetime": "2024-01-19 01:33:34", "elapsed": 4918.812828, "delta": 0.003643}}
{"target": -17.677222815992522, "params": {"gamma": 431.63759958486713, "log10_alpha": -3.973751647303585, "log10_colsample_bytree": -0.762739154417909, "log10_eta": -3.451846118203054, "log10_lambda": -1.6705141961263577, "log10_min_child_weight": 4.469992969216658, "log10_subsample": -0.31761219285909426, "max_depth": 6.0, "num_boost_round": 5.0}, "datetime": {"datetime": "2024-01-19 01:33:34", "elapsed": 4918.816515, "delta": 0.003687}}
{"target": -17.677228035273007, "params": {"gamma": 431.63759958486713, "log10_alpha": -3.973751647303585, "log10_colsample_bytree": -0.762739154417909, "log10_eta": -3.451846118203054, "log10_lambda": -1.6705141961263577, "log10_min_child_weight": 4.469992969216658, "log10_subsample": -0.31761219285909426, "max_depth": 6.0, "num_boost_round": 6.0}, "datetime": {"datetime": "2024-01-19 01:33:34", "elapsed": 4918.819988, "delta": 0.003473}}
{"target": -17.677225773777657, "params": {"gamma": 431.63759958486713, "log10_alpha": -3.973751647303585, "log10_colsample_bytree": -0.762739154417909, "log10_eta": -3.451846118203054, "log10_lambda": -1.6705141961263577, "log10_min_child_weight": 4.469992969216658, "log10_subsample": -0.31761219285909426, "max_depth": 6.0, "num_boost_round": 7.0}, "datetime": {"datetime": "2024-01-19 01:33:34", "elapsed": 4918.823473, "delta": 0.003485}}
{"target": -17.67722627035749, "params": {"gamma": 431.63759958486713, "log10_alpha": -3.973751647303585, "log10_colsample_bytree": -0.762739154417909, "log10_eta": -3.451846118203054, "log10_lambda": -1.6705141961263577, "log10_min_child_weight": 4.469992969216658, "log10_subsample": -0.31761219285909426, "max_depth": 6.0, "num_boost_round": 8.0}, "datetime": {"datetime": "2024-01-19 01:33:34", "elapsed": 4918.82696, "delta": 0.003487}}
{"target": -17.677224836842587, "params": {"gamma": 431.63759958486713, "log10_alpha": -3.973751647303585, "log10_colsample_bytree": -0.762739154417909, "log10_eta": -3.451846118203054, "log10_lambda": -1.6705141961263577, "log10_min_child_weight": 4.469992969216658, "log10_subsample": -0.31761219285909426, "max_depth": 6.0, "num_boost_round": 9.0}, "datetime": {"datetime": "2024-01-19 01:33:34", "elapsed": 4918.830493, "delta": 0.003533}}
{"target": -17.67722299708975, "params": {"gamma": 431.63759958486713, "log10_alpha": -3.973751647303585, "log10_colsample_bytree": -0.762739154417909, "log10_eta": -3.451846118203054, "log10_lambda": -1.6705141961263577, "log10_min_child_weight": 4.469992969216658, "log10_subsample": -0.31761219285909426, "max_depth": 6.0, "num_boost_round": 10.0}, "datetime": {"datetime": "2024-01-19 01:33:34", "elapsed": 4918.834055, "delta": 0.003562}}
{"target": -17.677218221380528, "params": {"gamma": 431.63759958486713, "log10_alpha": -3.973751647303585, "log10_colsample_bytree": -0.762739154417909, "log10_eta": -3.451846118203054, "log10_lambda": -1.6705141961263577, "log10_min_child_weight": 4.469992969216658, "log10_subsample": -0.31761219285909426, "max_depth": 6.0, "num_boost_round": 11.0}, "datetime": {"datetime": "2024-01-19 01:33:34", "elapsed": 4918.83751, "delta": 0.003455}}
{"target": -17.67722251851685, "params": {"gamma": 431.63759958486713, "log10_alpha": -3.973751647303585, "log10_colsample_bytree": -0.762739154417909, "log10_eta": -3.451846118203054, "log10_lambda": -1.6705141961263577, "log10_min_child_weight": 4.469992969216658, "log10_subsample": -0.31761219285909426, "max_depth": 6.0, "num_boost_round": 12.0}, "datetime": {"datetime": "2024-01-19 01:33:34", "elapsed": 4918.841086, "delta": 0.003576}}
{"target": -17.677220654610363, "params": {"gamma": 431.63759958486713, "log10_alpha": -3.973751647303585, "log10_colsample_bytree": -0.762739154417909, "log10_eta": -3.451846118203054, "log10_lambda": -1.6705141961263577, "log10_min_child_weight": 4.469992969216658, "log10_subsample": -0.31761219285909426, "max_depth": 6.0, "num_boost_round": 13.0}, "datetime": {"datetime": "2024-01-19 01:33:34", "elapsed": 4918.844548, "delta": 0.003462}}
{"target": -17.677218849601772, "params": {"gamma": 431.63759958486713, "log10_alpha": -3.973751647303585, "log10_colsample_bytree": -0.762739154417909, "log10_eta": -3.451846118203054, "log10_lambda": -1.6705141961263577, "log10_min_child_weight": 4.469992969216658, "log10_subsample": -0.31761219285909426, "max_depth": 6.0, "num_boost_round": 14.0}, "datetime": {"datetime": "2024-01-19 01:33:34", "elapsed": 4918.848, "delta": 0.003452}}
{"target": -17.677212825740032, "params": {"gamma": 431.63759958486713, "log10_alpha": -3.973751647303585, "log10_colsample_bytree": -0.762739154417909, "log10_eta": -3.451846118203054, "log10_lambda": -1.6705141961263577, "log10_min_child_weight": 4.469992969216658, "log10_subsample": -0.31761219285909426, "max_depth": 6.0, "num_boost_round": 15.0}, "datetime": {"datetime": "2024-01-19 01:33:34", "elapsed": 4918.851502, "delta": 0.003502}}
{"target": -17.67720720869446, "params": {"gamma": 431.63759958486713, "log10_alpha": -3.973751647303585, "log10_colsample_bytree": -0.762739154417909, "log10_eta": -3.451846118203054, "log10_lambda": -1.6705141961263577, "log10_min_child_weight": 4.469992969216658, "log10_subsample": -0.31761219285909426, "max_depth": 6.0, "num_boost_round": 16.0}, "datetime": {"datetime": "2024-01-19 01:33:34", "elapsed": 4918.855084, "delta": 0.003582}}
