{"target": -13.758536261438978, "params": {"gamma": 714.3038491640303, "log10_alpha": -1.525807251252552, "log10_colsample_bytree": -0.1283707054000266, "log10_eta": -3.4671166561872986, "log10_lambda": 0.6507399997175023, "log10_min_child_weight": 3.7061684438539344, "log10_subsample": -0.7274162085599962, "max_depth": 6.0, "num_boost_round": 1.0}, "datetime": {"datetime": "2024-01-19 01:19:11", "elapsed": 4059.501996, "delta": 0.005665}}
{"target": -13.758534143885552, "params": {"gamma": 714.3038491640303, "log10_alpha": -1.525807251252552, "log10_colsample_bytree": -0.1283707054000266, "log10_eta": -3.4671166561872986, "log10_lambda": 0.6507399997175023, "log10_min_child_weight": 3.7061684438539344, "log10_subsample": -0.7274162085599962, "max_depth": 6.0, "num_boost_round": 2.0}, "datetime": {"datetime": "2024-01-19 01:19:11", "elapsed": 4059.506241, "delta": 0.004245}}
{"target": -13.758533813208379, "params": {"gamma": 714.3038491640303, "log10_alpha": -1.525807251252552, "log10_colsample_bytree": -0.1283707054000266, "log10_eta": -3.4671166561872986, "log10_lambda": 0.6507399997175023, "log10_min_child_weight": 3.7061684438539344, "log10_subsample": -0.7274162085599962, "max_depth": 6.0, "num_boost_round": 3.0}, "datetime": {"datetime": "2024-01-19 01:19:11", "elapsed": 4059.510468, "delta": 0.004227}}
{"target": -13.75854046848451, "params": {"gamma": 714.3038491640303, "log10_alpha": -1.525807251252552, "log10_colsample_bytree": -0.1283707054000266, "log10_eta": -3.4671166561872986, "log10_lambda": 0.6507399997175023, "log10_min_child_weight": 3.7061684438539344, "log10_subsample": -0.7274162085599962, "max_depth": 6.0, "num_boost_round": 4.0}, "datetime": {"datetime": "2024-01-19 01:19:11", "elapsed": 4059.514682, "delta": 0.004214}}
{"target": -13.758545303360782, "params": {"gamma": 714.3038491640303, "log10_alpha": -1.525807251252552, "log10_colsample_bytree": -0.1283707054000266, "log10_eta": -3.4671166561872986, "log10_lambda": 0.6507399997175023, "log10_min_child_weight": 3.7061684438539344, "log10_subsample": -0.7274162085599962, "max_depth": 6.0, "num_boost_round": 5.0}, "datetime": {"datetime": "2024-01-19 01:19:11", "elapsed": 4059.518848, "delta": 0.004166}}
{"target": -13.758543647602572, "params": {"gamma": 714.3038491640303, "log10_alpha": -1.525807251252552, "log10_colsample_bytree": -0.1283707054000266, "log10_eta": -3.4671166561872986, "log10_lambda": 0.6507399997175023, "log10_min_child_weight": 3.7061684438539344, "log10_subsample": -0.7274162085599962, "max_depth": 6.0, "num_boost_round": 6.0}, "datetime": {"datetime": "2024-01-19 01:19:11", "elapsed": 4059.523121, "delta": 0.004273}}
{"target": -13.7585433406879, "params": {"gamma": 714.3038491640303, "log10_alpha": -1.525807251252552, "log10_colsample_bytree": -0.1283707054000266, "log10_eta": -3.4671166561872986, "log10_lambda": 0.6507399997175023, "log10_min_child_weight": 3.7061684438539344, "log10_subsample": -0.7274162085599962, "max_depth": 6.0, "num_boost_round": 7.0}, "datetime": {"datetime": "2024-01-19 01:19:11", "elapsed": 4059.527239, "delta": 0.004118}}
{"target": -13.758540026712613, "params": {"gamma": 714.3038491640303, "log10_alpha": -1.525807251252552, "log10_colsample_bytree": -0.1283707054000266, "log10_eta": -3.4671166561872986, "log10_lambda": 0.6507399997175023, "log10_min_child_weight": 3.7061684438539344, "log10_subsample": -0.7274162085599962, "max_depth": 6.0, "num_boost_round": 8.0}, "datetime": {"datetime": "2024-01-19 01:19:11", "elapsed": 4059.531418, "delta": 0.004179}}
{"target": -13.75853520624258, "params": {"gamma": 714.3038491640303, "log10_alpha": -1.525807251252552, "log10_colsample_bytree": -0.1283707054000266, "log10_eta": -3.4671166561872986, "log10_lambda": 0.6507399997175023, "log10_min_child_weight": 3.7061684438539344, "log10_subsample": -0.7274162085599962, "max_depth": 6.0, "num_boost_round": 9.0}, "datetime": {"datetime": "2024-01-19 01:19:11", "elapsed": 4059.53565, "delta": 0.004232}}
{"target": -13.758534436454317, "params": {"gamma": 714.3038491640303, "log10_alpha": -1.525807251252552, "log10_colsample_bytree": -0.1283707054000266, "log10_eta": -3.4671166561872986, "log10_lambda": 0.6507399997175023, "log10_min_child_weight": 3.7061684438539344, "log10_subsample": -0.7274162085599962, "max_depth": 6.0, "num_boost_round": 10.0}, "datetime": {"datetime": "2024-01-19 01:19:11", "elapsed": 4059.539997, "delta": 0.004347}}
{"target": -13.758529925810178, "params": {"gamma": 714.3038491640303, "log10_alpha": -1.525807251252552, "log10_colsample_bytree": -0.1283707054000266, "log10_eta": -3.4671166561872986, "log10_lambda": 0.6507399997175023, "log10_min_child_weight": 3.7061684438539344, "log10_subsample": -0.7274162085599962, "max_depth": 6.0, "num_boost_round": 11.0}, "datetime": {"datetime": "2024-01-19 01:19:11", "elapsed": 4059.544358, "delta": 0.004361}}
{"target": -13.758523829836163, "params": {"gamma": 714.3038491640303, "log10_alpha": -1.525807251252552, "log10_colsample_bytree": -0.1283707054000266, "log10_eta": -3.4671166561872986, "log10_lambda": 0.6507399997175023, "log10_min_child_weight": 3.7061684438539344, "log10_subsample": -0.7274162085599962, "max_depth": 6.0, "num_boost_round": 12.0}, "datetime": {"datetime": "2024-01-19 01:19:11", "elapsed": 4059.548469, "delta": 0.004111}}
{"target": -13.758522662061837, "params": {"gamma": 714.3038491640303, "log10_alpha": -1.525807251252552, "log10_colsample_bytree": -0.1283707054000266, "log10_eta": -3.4671166561872986, "log10_lambda": 0.6507399997175023, "log10_min_child_weight": 3.7061684438539344, "log10_subsample": -0.7274162085599962, "max_depth": 6.0, "num_boost_round": 13.0}, "datetime": {"datetime": "2024-01-19 01:19:11", "elapsed": 4059.552569, "delta": 0.0041}}
{"target": -13.75852263225407, "params": {"gamma": 714.3038491640303, "log10_alpha": -1.525807251252552, "log10_colsample_bytree": -0.1283707054000266, "log10_eta": -3.4671166561872986, "log10_lambda": 0.6507399997175023, "log10_min_child_weight": 3.7061684438539344, "log10_subsample": -0.7274162085599962, "max_depth": 6.0, "num_boost_round": 14.0}, "datetime": {"datetime": "2024-01-19 01:19:11", "elapsed": 4059.556895, "delta": 0.004326}}
{"target": -13.75851805115313, "params": {"gamma": 714.3038491640303, "log10_alpha": -1.525807251252552, "log10_colsample_bytree": -0.1283707054000266, "log10_eta": -3.4671166561872986, "log10_lambda": 0.6507399997175023, "log10_min_child_weight": 3.7061684438539344, "log10_subsample": -0.7274162085599962, "max_depth": 6.0, "num_boost_round": 15.0}, "datetime": {"datetime": "2024-01-19 01:19:11", "elapsed": 4059.561211, "delta": 0.004316}}
{"target": -13.758516858537927, "params": {"gamma": 714.3038491640303, "log10_alpha": -1.525807251252552, "log10_colsample_bytree": -0.1283707054000266, "log10_eta": -3.4671166561872986, "log10_lambda": 0.6507399997175023, "log10_min_child_weight": 3.7061684438539344, "log10_subsample": -0.7274162085599962, "max_depth": 6.0, "num_boost_round": 16.0}, "datetime": {"datetime": "2024-01-19 01:19:12", "elapsed": 4059.77768, "delta": 0.216469}}
{"target": -13.758512721018294, "params": {"gamma": 714.3038491640303, "log10_alpha": -1.525807251252552, "log10_colsample_bytree": -0.1283707054000266, "log10_eta": -3.4671166561872986, "log10_lambda": 0.6507399997175023, "log10_min_child_weight": 3.7061684438539344, "log10_subsample": -0.7274162085599962, "max_depth": 6.0, "num_boost_round": 17.0}, "datetime": {"datetime": "2024-01-19 01:19:12", "elapsed": 4059.782331, "delta": 0.004651}}
{"target": -13.758521139584381, "params": {"gamma": 714.3038491640303, "log10_alpha": -1.525807251252552, "log10_colsample_bytree": -0.1283707054000266, "log10_eta": -3.4671166561872986, "log10_lambda": 0.6507399997175023, "log10_min_child_weight": 3.7061684438539344, "log10_subsample": -0.7274162085599962, "max_depth": 6.0, "num_boost_round": 18.0}, "datetime": {"datetime": "2024-01-19 01:19:12", "elapsed": 4059.786727, "delta": 0.004396}}
{"target": -13.75852386602871, "params": {"gamma": 714.3038491640303, "log10_alpha": -1.525807251252552, "log10_colsample_bytree": -0.1283707054000266, "log10_eta": -3.4671166561872986, "log10_lambda": 0.6507399997175023, "log10_min_child_weight": 3.7061684438539344, "log10_subsample": -0.7274162085599962, "max_depth": 6.0, "num_boost_round": 19.0}, "datetime": {"datetime": "2024-01-19 01:19:12", "elapsed": 4059.790876, "delta": 0.004149}}
{"target": -13.758521045606322, "params": {"gamma": 714.3038491640303, "log10_alpha": -1.525807251252552, "log10_colsample_bytree": -0.1283707054000266, "log10_eta": -3.4671166561872986, "log10_lambda": 0.6507399997175023, "log10_min_child_weight": 3.7061684438539344, "log10_subsample": -0.7274162085599962, "max_depth": 6.0, "num_boost_round": 20.0}, "datetime": {"datetime": "2024-01-19 01:19:12", "elapsed": 4059.795249, "delta": 0.004373}}
{"target": -13.758522506892978, "params": {"gamma": 714.3038491640303, "log10_alpha": -1.525807251252552, "log10_colsample_bytree": -0.1283707054000266, "log10_eta": -3.4671166561872986, "log10_lambda": 0.6507399997175023, "log10_min_child_weight": 3.7061684438539344, "log10_subsample": -0.7274162085599962, "max_depth": 6.0, "num_boost_round": 21.0}, "datetime": {"datetime": "2024-01-19 01:19:12", "elapsed": 4059.799579, "delta": 0.00433}}
{"target": -13.758521733509573, "params": {"gamma": 714.3038491640303, "log10_alpha": -1.525807251252552, "log10_colsample_bytree": -0.1283707054000266, "log10_eta": -3.4671166561872986, "log10_lambda": 0.6507399997175023, "log10_min_child_weight": 3.7061684438539344, "log10_subsample": -0.7274162085599962, "max_depth": 6.0, "num_boost_round": 22.0}, "datetime": {"datetime": "2024-01-19 01:19:12", "elapsed": 4059.803771, "delta": 0.004192}}
{"target": -13.75852267962107, "params": {"gamma": 714.3038491640303, "log10_alpha": -1.525807251252552, "log10_colsample_bytree": -0.1283707054000266, "log10_eta": -3.4671166561872986, "log10_lambda": 0.6507399997175023, "log10_min_child_weight": 3.7061684438539344, "log10_subsample": -0.7274162085599962, "max_depth": 6.0, "num_boost_round": 23.0}, "datetime": {"datetime": "2024-01-19 01:19:12", "elapsed": 4059.807882, "delta": 0.004111}}
{"target": -13.758521182139065, "params": {"gamma": 714.3038491640303, "log10_alpha": -1.525807251252552, "log10_colsample_bytree": -0.1283707054000266, "log10_eta": -3.4671166561872986, "log10_lambda": 0.6507399997175023, "log10_min_child_weight": 3.7061684438539344, "log10_subsample": -0.7274162085599962, "max_depth": 6.0, "num_boost_round": 24.0}, "datetime": {"datetime": "2024-01-19 01:19:12", "elapsed": 4059.811953, "delta": 0.004071}}
{"target": -13.758524114033888, "params": {"gamma": 714.3038491640303, "log10_alpha": -1.525807251252552, "log10_colsample_bytree": -0.1283707054000266, "log10_eta": -3.4671166561872986, "log10_lambda": 0.6507399997175023, "log10_min_child_weight": 3.7061684438539344, "log10_subsample": -0.7274162085599962, "max_depth": 6.0, "num_boost_round": 25.0}, "datetime": {"datetime": "2024-01-19 01:19:12", "elapsed": 4059.81607, "delta": 0.004117}}
{"target": -13.758525643040018, "params": {"gamma": 714.3038491640303, "log10_alpha": -1.525807251252552, "log10_colsample_bytree": -0.1283707054000266, "log10_eta": -3.4671166561872986, "log10_lambda": 0.6507399997175023, "log10_min_child_weight": 3.7061684438539344, "log10_subsample": -0.7274162085599962, "max_depth": 6.0, "num_boost_round": 26.0}, "datetime": {"datetime": "2024-01-19 01:19:12", "elapsed": 4059.820213, "delta": 0.004143}}
{"target": -13.758524237597722, "params": {"gamma": 714.3038491640303, "log10_alpha": -1.525807251252552, "log10_colsample_bytree": -0.1283707054000266, "log10_eta": -3.4671166561872986, "log10_lambda": 0.6507399997175023, "log10_min_child_weight": 3.7061684438539344, "log10_subsample": -0.7274162085599962, "max_depth": 6.0, "num_boost_round": 27.0}, "datetime": {"datetime": "2024-01-19 01:19:12", "elapsed": 4059.824274, "delta": 0.004061}}
{"target": -13.758528063430047, "params": {"gamma": 714.3038491640303, "log10_alpha": -1.525807251252552, "log10_colsample_bytree": -0.1283707054000266, "log10_eta": -3.4671166561872986, "log10_lambda": 0.6507399997175023, "log10_min_child_weight": 3.7061684438539344, "log10_subsample": -0.7274162085599962, "max_depth": 6.0, "num_boost_round": 28.0}, "datetime": {"datetime": "2024-01-19 01:19:12", "elapsed": 4059.828283, "delta": 0.004009}}
{"target": -13.75852714574536, "params": {"gamma": 714.3038491640303, "log10_alpha": -1.525807251252552, "log10_colsample_bytree": -0.1283707054000266, "log10_eta": -3.4671166561872986, "log10_lambda": 0.6507399997175023, "log10_min_child_weight": 3.7061684438539344, "log10_subsample": -0.7274162085599962, "max_depth": 6.0, "num_boost_round": 29.0}, "datetime": {"datetime": "2024-01-19 01:19:12", "elapsed": 4059.832281, "delta": 0.003998}}
{"target": -13.758529791196732, "params": {"gamma": 714.3038491640303, "log10_alpha": -1.525807251252552, "log10_colsample_bytree": -0.1283707054000266, "log10_eta": -3.4671166561872986, "log10_lambda": 0.6507399997175023, "log10_min_child_weight": 3.7061684438539344, "log10_subsample": -0.7274162085599962, "max_depth": 6.0, "num_boost_round": 30.0}, "datetime": {"datetime": "2024-01-19 01:19:12", "elapsed": 4059.83634, "delta": 0.004059}}
{"target": -13.758525683421984, "params": {"gamma": 714.3038491640303, "log10_alpha": -1.525807251252552, "log10_colsample_bytree": -0.1283707054000266, "log10_eta": -3.4671166561872986, "log10_lambda": 0.6507399997175023, "log10_min_child_weight": 3.7061684438539344, "log10_subsample": -0.7274162085599962, "max_depth": 6.0, "num_boost_round": 31.0}, "datetime": {"datetime": "2024-01-19 01:19:12", "elapsed": 4059.840414, "delta": 0.004074}}
{"target": -13.75852482819386, "params": {"gamma": 714.3038491640303, "log10_alpha": -1.525807251252552, "log10_colsample_bytree": -0.1283707054000266, "log10_eta": -3.4671166561872986, "log10_lambda": 0.6507399997175023, "log10_min_child_weight": 3.7061684438539344, "log10_subsample": -0.7274162085599962, "max_depth": 6.0, "num_boost_round": 32.0}, "datetime": {"datetime": "2024-01-19 01:19:12", "elapsed": 4059.844711, "delta": 0.004297}}
{"target": -13.758526965144076, "params": {"gamma": 714.3038491640303, "log10_alpha": -1.525807251252552, "log10_colsample_bytree": -0.1283707054000266, "log10_eta": -3.4671166561872986, "log10_lambda": 0.6507399997175023, "log10_min_child_weight": 3.7061684438539344, "log10_subsample": -0.7274162085599962, "max_depth": 6.0, "num_boost_round": 33.0}, "datetime": {"datetime": "2024-01-19 01:19:12", "elapsed": 4059.849035, "delta": 0.004324}}
{"target": -13.758525923544466, "params": {"gamma": 714.3038491640303, "log10_alpha": -1.525807251252552, "log10_colsample_bytree": -0.1283707054000266, "log10_eta": -3.4671166561872986, "log10_lambda": 0.6507399997175023, "log10_min_child_weight": 3.7061684438539344, "log10_subsample": -0.7274162085599962, "max_depth": 6.0, "num_boost_round": 34.0}, "datetime": {"datetime": "2024-01-19 01:19:12", "elapsed": 4059.853279, "delta": 0.004244}}
{"target": -13.758532294007207, "params": {"gamma": 714.3038491640303, "log10_alpha": -1.525807251252552, "log10_colsample_bytree": -0.1283707054000266, "log10_eta": -3.4671166561872986, "log10_lambda": 0.6507399997175023, "log10_min_child_weight": 3.7061684438539344, "log10_subsample": -0.7274162085599962, "max_depth": 6.0, "num_boost_round": 35.0}, "datetime": {"datetime": "2024-01-19 01:19:12", "elapsed": 4059.858708, "delta": 0.005429}}
{"target": -13.758534689708924, "params": {"gamma": 714.3038491640303, "log10_alpha": -1.525807251252552, "log10_colsample_bytree": -0.1283707054000266, "log10_eta": -3.4671166561872986, "log10_lambda": 0.6507399997175023, "log10_min_child_weight": 3.7061684438539344, "log10_subsample": -0.7274162085599962, "max_depth": 6.0, "num_boost_round": 36.0}, "datetime": {"datetime": "2024-01-19 01:19:12", "elapsed": 4059.863284, "delta": 0.004576}}
{"target": -13.75853129169168, "params": {"gamma": 714.3038491640303, "log10_alpha": -1.525807251252552, "log10_colsample_bytree": -0.1283707054000266, "log10_eta": -3.4671166561872986, "log10_lambda": 0.6507399997175023, "log10_min_child_weight": 3.7061684438539344, "log10_subsample": -0.7274162085599962, "max_depth": 6.0, "num_boost_round": 37.0}, "datetime": {"datetime": "2024-01-19 01:19:12", "elapsed": 4059.867821, "delta": 0.004537}}
{"target": -13.758531657751591, "params": {"gamma": 714.3038491640303, "log10_alpha": -1.525807251252552, "log10_colsample_bytree": -0.1283707054000266, "log10_eta": -3.4671166561872986, "log10_lambda": 0.6507399997175023, "log10_min_child_weight": 3.7061684438539344, "log10_subsample": -0.7274162085599962, "max_depth": 6.0, "num_boost_round": 38.0}, "datetime": {"datetime": "2024-01-19 01:19:12", "elapsed": 4059.872283, "delta": 0.004462}}
{"target": -13.758528959305899, "params": {"gamma": 714.3038491640303, "log10_alpha": -1.525807251252552, "log10_colsample_bytree": -0.1283707054000266, "log10_eta": -3.4671166561872986, "log10_lambda": 0.6507399997175023, "log10_min_child_weight": 3.7061684438539344, "log10_subsample": -0.7274162085599962, "max_depth": 6.0, "num_boost_round": 39.0}, "datetime": {"datetime": "2024-01-19 01:19:12", "elapsed": 4059.876445, "delta": 0.004162}}
{"target": -13.758523897703915, "params": {"gamma": 714.3038491640303, "log10_alpha": -1.525807251252552, "log10_colsample_bytree": -0.1283707054000266, "log10_eta": -3.4671166561872986, "log10_lambda": 0.6507399997175023, "log10_min_child_weight": 3.7061684438539344, "log10_subsample": -0.7274162085599962, "max_depth": 6.0, "num_boost_round": 40.0}, "datetime": {"datetime": "2024-01-19 01:19:12", "elapsed": 4059.88061, "delta": 0.004165}}
{"target": -13.758520711379333, "params": {"gamma": 714.3038491640303, "log10_alpha": -1.525807251252552, "log10_colsample_bytree": -0.1283707054000266, "log10_eta": -3.4671166561872986, "log10_lambda": 0.6507399997175023, "log10_min_child_weight": 3.7061684438539344, "log10_subsample": -0.7274162085599962, "max_depth": 6.0, "num_boost_round": 41.0}, "datetime": {"datetime": "2024-01-19 01:19:12", "elapsed": 4059.884743, "delta": 0.004133}}
{"target": -13.758525033672834, "params": {"gamma": 714.3038491640303, "log10_alpha": -1.525807251252552, "log10_colsample_bytree": -0.1283707054000266, "log10_eta": -3.4671166561872986, "log10_lambda": 0.6507399997175023, "log10_min_child_weight": 3.7061684438539344, "log10_subsample": -0.7274162085599962, "max_depth": 6.0, "num_boost_round": 42.0}, "datetime": {"datetime": "2024-01-19 01:19:12", "elapsed": 4059.88901, "delta": 0.004267}}
{"target": -13.758527889755324, "params": {"gamma": 714.3038491640303, "log10_alpha": -1.525807251252552, "log10_colsample_bytree": -0.1283707054000266, "log10_eta": -3.4671166561872986, "log10_lambda": 0.6507399997175023, "log10_min_child_weight": 3.7061684438539344, "log10_subsample": -0.7274162085599962, "max_depth": 6.0, "num_boost_round": 43.0}, "datetime": {"datetime": "2024-01-19 01:19:12", "elapsed": 4059.89341, "delta": 0.0044}}
{"target": -13.75854118811651, "params": {"gamma": 706.433206578044, "log10_alpha": -1.037223496992798, "log10_colsample_bytree": -0.5708593944175334, "log10_eta": -2.4977584073046453, "log10_lambda": -2.514893261376907, "log10_min_child_weight": 1.4663437573610278, "log10_subsample": -0.9350565308178415, "max_depth": 8.0, "num_boost_round": 0.0}, "datetime": {"datetime": "2024-01-19 01:20:06", "elapsed": 4114.042248, "delta": 54.148838}}
{"target": -13.75827530764946, "params": {"gamma": 706.433206578044, "log10_alpha": -1.037223496992798, "log10_colsample_bytree": -0.5708593944175334, "log10_eta": -2.4977584073046453, "log10_lambda": -2.514893261376907, "log10_min_child_weight": 1.4663437573610278, "log10_subsample": -0.9350565308178415, "max_depth": 8.0, "num_boost_round": 1.0}, "datetime": {"datetime": "2024-01-19 01:20:06", "elapsed": 4114.048025, "delta": 0.005777}}
{"target": -13.75810359417478, "params": {"gamma": 706.433206578044, "log10_alpha": -1.037223496992798, "log10_colsample_bytree": -0.5708593944175334, "log10_eta": -2.4977584073046453, "log10_lambda": -2.514893261376907, "log10_min_child_weight": 1.4663437573610278, "log10_subsample": -0.9350565308178415, "max_depth": 8.0, "num_boost_round": 2.0}, "datetime": {"datetime": "2024-01-19 01:20:06", "elapsed": 4114.052778, "delta": 0.004753}}
{"target": -13.75783387342069, "params": {"gamma": 706.433206578044, "log10_alpha": -1.037223496992798, "log10_colsample_bytree": -0.5708593944175334, "log10_eta": -2.4977584073046453, "log10_lambda": -2.514893261376907, "log10_min_child_weight": 1.4663437573610278, "log10_subsample": -0.9350565308178415, "max_depth": 8.0, "num_boost_round": 3.0}, "datetime": {"datetime": "2024-01-19 01:20:06", "elapsed": 4114.057323, "delta": 0.004545}}
{"target": -13.757579561749017, "params": {"gamma": 706.433206578044, "log10_alpha": -1.037223496992798, "log10_colsample_bytree": -0.5708593944175334, "log10_eta": -2.4977584073046453, "log10_lambda": -2.514893261376907, "log10_min_child_weight": 1.4663437573610278, "log10_subsample": -0.9350565308178415, "max_depth": 8.0, "num_boost_round": 4.0}, "datetime": {"datetime": "2024-01-19 01:20:06", "elapsed": 4114.061869, "delta": 0.004546}}
{"target": -13.757389929311595, "params": {"gamma": 706.433206578044, "log10_alpha": -1.037223496992798, "log10_colsample_bytree": -0.5708593944175334, "log10_eta": -2.4977584073046453, "log10_lambda": -2.514893261376907, "log10_min_child_weight": 1.4663437573610278, "log10_subsample": -0.9350565308178415, "max_depth": 8.0, "num_boost_round": 5.0}, "datetime": {"datetime": "2024-01-19 01:20:06", "elapsed": 4114.066224, "delta": 0.004355}}
