{"target": -17.676910339459344, "params": {"gamma": 444.15075269595917, "log10_alpha": -4.345756117553313, "log10_colsample_bytree": -0.5352936730071902, "log10_eta": -2.205734078294752, "log10_lambda": -0.3713369170625693, "log10_min_child_weight": 3.0751858043806655, "log10_subsample": -0.2641234488491294, "max_depth": 5.0, "num_boost_round": 1.0}, "datetime": {"datetime": "2024-01-19 00:22:18", "elapsed": 628.209593, "delta": 0.002167}}
{"target": -17.67675547834108, "params": {"gamma": 444.15075269595917, "log10_alpha": -4.345756117553313, "log10_colsample_bytree": -0.5352936730071902, "log10_eta": -2.205734078294752, "log10_lambda": -0.3713369170625693, "log10_min_child_weight": 3.0751858043806655, "log10_subsample": -0.2641234488491294, "max_depth": 5.0, "num_boost_round": 2.0}, "datetime": {"datetime": "2024-01-19 00:22:18", "elapsed": 628.211495, "delta": 0.001902}}
{"target": -17.676766806991434, "params": {"gamma": 444.15075269595917, "log10_alpha": -4.345756117553313, "log10_colsample_bytree": -0.5352936730071902, "log10_eta": -2.205734078294752, "log10_lambda": -0.3713369170625693, "log10_min_child_weight": 3.0751858043806655, "log10_subsample": -0.2641234488491294, "max_depth": 5.0, "num_boost_round": 3.0}, "datetime": {"datetime": "2024-01-19 00:22:18", "elapsed": 628.213406, "delta": 0.001911}}
{"target": -17.676466577929325, "params": {"gamma": 444.15075269595917, "log10_alpha": -4.345756117553313, "log10_colsample_bytree": -0.5352936730071902, "log10_eta": -2.205734078294752, "log10_lambda": -0.3713369170625693, "log10_min_child_weight": 3.0751858043806655, "log10_subsample": -0.2641234488491294, "max_depth": 5.0, "num_boost_round": 4.0}, "datetime": {"datetime": "2024-01-19 00:22:18", "elapsed": 628.215168, "delta": 0.001762}}
{"target": -17.67645892114314, "params": {"gamma": 444.15075269595917, "log10_alpha": -4.345756117553313, "log10_colsample_bytree": -0.5352936730071902, "log10_eta": -2.205734078294752, "log10_lambda": -0.3713369170625693, "log10_min_child_weight": 3.0751858043806655, "log10_subsample": -0.2641234488491294, "max_depth": 5.0, "num_boost_round": 5.0}, "datetime": {"datetime": "2024-01-19 00:22:18", "elapsed": 628.21687, "delta": 0.001702}}
{"target": -17.676212291582516, "params": {"gamma": 444.15075269595917, "log10_alpha": -4.345756117553313, "log10_colsample_bytree": -0.5352936730071902, "log10_eta": -2.205734078294752, "log10_lambda": -0.3713369170625693, "log10_min_child_weight": 3.0751858043806655, "log10_subsample": -0.2641234488491294, "max_depth": 5.0, "num_boost_round": 6.0}, "datetime": {"datetime": "2024-01-19 00:22:18", "elapsed": 628.218567, "delta": 0.001697}}
{"target": -17.676227752421358, "params": {"gamma": 444.15075269595917, "log10_alpha": -4.345756117553313, "log10_colsample_bytree": -0.5352936730071902, "log10_eta": -2.205734078294752, "log10_lambda": -0.3713369170625693, "log10_min_child_weight": 3.0751858043806655, "log10_subsample": -0.2641234488491294, "max_depth": 5.0, "num_boost_round": 7.0}, "datetime": {"datetime": "2024-01-19 00:22:18", "elapsed": 628.220283, "delta": 0.001716}}
{"target": -17.676095578898696, "params": {"gamma": 444.15075269595917, "log10_alpha": -4.345756117553313, "log10_colsample_bytree": -0.5352936730071902, "log10_eta": -2.205734078294752, "log10_lambda": -0.3713369170625693, "log10_min_child_weight": 3.0751858043806655, "log10_subsample": -0.2641234488491294, "max_depth": 5.0, "num_boost_round": 8.0}, "datetime": {"datetime": "2024-01-19 00:22:18", "elapsed": 628.221986, "delta": 0.001703}}
{"target": -17.675857881136736, "params": {"gamma": 444.15075269595917, "log10_alpha": -4.345756117553313, "log10_colsample_bytree": -0.5352936730071902, "log10_eta": -2.205734078294752, "log10_lambda": -0.3713369170625693, "log10_min_child_weight": 3.0751858043806655, "log10_subsample": -0.2641234488491294, "max_depth": 5.0, "num_boost_round": 9.0}, "datetime": {"datetime": "2024-01-19 00:22:18", "elapsed": 628.223832, "delta": 0.001846}}
{"target": -17.67565844060571, "params": {"gamma": 444.15075269595917, "log10_alpha": -4.345756117553313, "log10_colsample_bytree": -0.5352936730071902, "log10_eta": -2.205734078294752, "log10_lambda": -0.3713369170625693, "log10_min_child_weight": 3.0751858043806655, "log10_subsample": -0.2641234488491294, "max_depth": 5.0, "num_boost_round": 10.0}, "datetime": {"datetime": "2024-01-19 00:22:18", "elapsed": 628.225542, "delta": 0.00171}}
{"target": -17.677217004912066, "params": {"gamma": 439.73306545402545, "log10_alpha": -3.1409764359589616, "log10_colsample_bytree": -0.043916558811240125, "log10_eta": -3.650840037341236, "log10_lambda": -4.658449240823863, "log10_min_child_weight": 1.7456707760001933, "log10_subsample": -0.3840831770955371, "max_depth": 7.0, "num_boost_round": 0.0}, "datetime": {"datetime": "2024-01-19 00:22:42", "elapsed": 652.645394, "delta": 24.419852}}
{"target": -17.67719558262529, "params": {"gamma": 439.73306545402545, "log10_alpha": -3.1409764359589616, "log10_colsample_bytree": -0.043916558811240125, "log10_eta": -3.650840037341236, "log10_lambda": -4.658449240823863, "log10_min_child_weight": 1.7456707760001933, "log10_subsample": -0.3840831770955371, "max_depth": 7.0, "num_boost_round": 1.0}, "datetime": {"datetime": "2024-01-19 00:22:42", "elapsed": 652.647651, "delta": 0.002257}}
{"target": -17.67718099224305, "params": {"gamma": 439.73306545402545, "log10_alpha": -3.1409764359589616, "log10_colsample_bytree": -0.043916558811240125, "log10_eta": -3.650840037341236, "log10_lambda": -4.658449240823863, "log10_min_child_weight": 1.7456707760001933, "log10_subsample": -0.3840831770955371, "max_depth": 7.0, "num_boost_round": 2.0}, "datetime": {"datetime": "2024-01-19 00:22:42", "elapsed": 652.649662, "delta": 0.002011}}
{"target": -17.67716089024532, "params": {"gamma": 439.73306545402545, "log10_alpha": -3.1409764359589616, "log10_colsample_bytree": -0.043916558811240125, "log10_eta": -3.650840037341236, "log10_lambda": -4.658449240823863, "log10_min_child_weight": 1.7456707760001933, "log10_subsample": -0.3840831770955371, "max_depth": 7.0, "num_boost_round": 3.0}, "datetime": {"datetime": "2024-01-19 00:22:42", "elapsed": 652.65158, "delta": 0.001918}}
{"target": -17.677155923373714, "params": {"gamma": 439.73306545402545, "log10_alpha": -3.1409764359589616, "log10_colsample_bytree": -0.043916558811240125, "log10_eta": -3.650840037341236, "log10_lambda": -4.658449240823863, "log10_min_child_weight": 1.7456707760001933, "log10_subsample": -0.3840831770955371, "max_depth": 7.0, "num_boost_round": 4.0}, "datetime": {"datetime": "2024-01-19 00:22:42", "elapsed": 652.653404, "delta": 0.001824}}
{"target": -17.67715013431816, "params": {"gamma": 439.73306545402545, "log10_alpha": -3.1409764359589616, "log10_colsample_bytree": -0.043916558811240125, "log10_eta": -3.650840037341236, "log10_lambda": -4.658449240823863, "log10_min_child_weight": 1.7456707760001933, "log10_subsample": -0.3840831770955371, "max_depth": 7.0, "num_boost_round": 5.0}, "datetime": {"datetime": "2024-01-19 00:22:42", "elapsed": 652.655117, "delta": 0.001713}}
{"target": -17.677134903838088, "params": {"gamma": 439.73306545402545, "log10_alpha": -3.1409764359589616, "log10_colsample_bytree": -0.043916558811240125, "log10_eta": -3.650840037341236, "log10_lambda": -4.658449240823863, "log10_min_child_weight": 1.7456707760001933, "log10_subsample": -0.3840831770955371, "max_depth": 7.0, "num_boost_round": 6.0}, "datetime": {"datetime": "2024-01-19 00:22:42", "elapsed": 652.656826, "delta": 0.001709}}
{"target": -17.6771338990795, "params": {"gamma": 439.73306545402545, "log10_alpha": -3.1409764359589616, "log10_colsample_bytree": -0.043916558811240125, "log10_eta": -3.650840037341236, "log10_lambda": -4.658449240823863, "log10_min_child_weight": 1.7456707760001933, "log10_subsample": -0.3840831770955371, "max_depth": 7.0, "num_boost_round": 7.0}, "datetime": {"datetime": "2024-01-19 00:22:42", "elapsed": 652.658565, "delta": 0.001739}}
{"target": -17.67711060969575, "params": {"gamma": 439.73306545402545, "log10_alpha": -3.1409764359589616, "log10_colsample_bytree": -0.043916558811240125, "log10_eta": -3.650840037341236, "log10_lambda": -4.658449240823863, "log10_min_child_weight": 1.7456707760001933, "log10_subsample": -0.3840831770955371, "max_depth": 7.0, "num_boost_round": 8.0}, "datetime": {"datetime": "2024-01-19 00:22:42", "elapsed": 652.660283, "delta": 0.001718}}
{"target": -17.677079468354393, "params": {"gamma": 439.73306545402545, "log10_alpha": -3.1409764359589616, "log10_colsample_bytree": -0.043916558811240125, "log10_eta": -3.650840037341236, "log10_lambda": -4.658449240823863, "log10_min_child_weight": 1.7456707760001933, "log10_subsample": -0.3840831770955371, "max_depth": 7.0, "num_boost_round": 9.0}, "datetime": {"datetime": "2024-01-19 00:22:42", "elapsed": 652.662113, "delta": 0.00183}}
{"target": -17.67707590718914, "params": {"gamma": 439.73306545402545, "log10_alpha": -3.1409764359589616, "log10_colsample_bytree": -0.043916558811240125, "log10_eta": -3.650840037341236, "log10_lambda": -4.658449240823863, "log10_min_child_weight": 1.7456707760001933, "log10_subsample": -0.3840831770955371, "max_depth": 7.0, "num_boost_round": 10.0}, "datetime": {"datetime": "2024-01-19 00:22:42", "elapsed": 652.663815, "delta": 0.001702}}
{"target": -17.677063282094835, "params": {"gamma": 439.73306545402545, "log10_alpha": -3.1409764359589616, "log10_colsample_bytree": -0.043916558811240125, "log10_eta": -3.650840037341236, "log10_lambda": -4.658449240823863, "log10_min_child_weight": 1.7456707760001933, "log10_subsample": -0.3840831770955371, "max_depth": 7.0, "num_boost_round": 11.0}, "datetime": {"datetime": "2024-01-19 00:22:42", "elapsed": 652.665551, "delta": 0.001736}}
{"target": -17.822898364660386, "params": {"gamma": 452.0253246016054, "log10_alpha": -4.224301377592904, "log10_colsample_bytree": -0.6594512737159286, "log10_eta": -0.16804000886430526, "log10_lambda": -1.2638396848473787, "log10_min_child_weight": 0.6958218690184526, "log10_subsample": -0.3972244143303637, "max_depth": 8.0, "num_boost_round": 0.0}, "datetime": {"datetime": "2024-01-19 00:23:06", "elapsed": 675.91331, "delta": 23.247759}}
{"target": -18.06522902171228, "params": {"gamma": 452.0253246016054, "log10_alpha": -4.224301377592904, "log10_colsample_bytree": -0.6594512737159286, "log10_eta": -0.16804000886430526, "log10_lambda": -1.2638396848473787, "log10_min_child_weight": 0.6958218690184526, "log10_subsample": -0.3972244143303637, "max_depth": 8.0, "num_boost_round": 1.0}, "datetime": {"datetime": "2024-01-19 00:23:06", "elapsed": 675.915442, "delta": 0.002132}}
{"target": -18.18457303560862, "params": {"gamma": 452.0253246016054, "log10_alpha": -4.224301377592904, "log10_colsample_bytree": -0.6594512737159286, "log10_eta": -0.16804000886430526, "log10_lambda": -1.2638396848473787, "log10_min_child_weight": 0.6958218690184526, "log10_subsample": -0.3972244143303637, "max_depth": 8.0, "num_boost_round": 2.0}, "datetime": {"datetime": "2024-01-19 00:23:06", "elapsed": 675.917652, "delta": 0.00221}}
{"target": -18.338126905778914, "params": {"gamma": 452.0253246016054, "log10_alpha": -4.224301377592904, "log10_colsample_bytree": -0.6594512737159286, "log10_eta": -0.16804000886430526, "log10_lambda": -1.2638396848473787, "log10_min_child_weight": 0.6958218690184526, "log10_subsample": -0.3972244143303637, "max_depth": 8.0, "num_boost_round": 3.0}, "datetime": {"datetime": "2024-01-19 00:23:06", "elapsed": 676.012236, "delta": 0.094584}}
{"target": -18.444287275639393, "params": {"gamma": 452.0253246016054, "log10_alpha": -4.224301377592904, "log10_colsample_bytree": -0.6594512737159286, "log10_eta": -0.16804000886430526, "log10_lambda": -1.2638396848473787, "log10_min_child_weight": 0.6958218690184526, "log10_subsample": -0.3972244143303637, "max_depth": 8.0, "num_boost_round": 4.0}, "datetime": {"datetime": "2024-01-19 00:23:06", "elapsed": 676.014506, "delta": 0.00227}}
{"target": -18.55521925690599, "params": {"gamma": 452.0253246016054, "log10_alpha": -4.224301377592904, "log10_colsample_bytree": -0.6594512737159286, "log10_eta": -0.16804000886430526, "log10_lambda": -1.2638396848473787, "log10_min_child_weight": 0.6958218690184526, "log10_subsample": -0.3972244143303637, "max_depth": 8.0, "num_boost_round": 5.0}, "datetime": {"datetime": "2024-01-19 00:23:06", "elapsed": 676.016444, "delta": 0.001938}}
{"target": -18.64973339666585, "params": {"gamma": 452.0253246016054, "log10_alpha": -4.224301377592904, "log10_colsample_bytree": -0.6594512737159286, "log10_eta": -0.16804000886430526, "log10_lambda": -1.2638396848473787, "log10_min_child_weight": 0.6958218690184526, "log10_subsample": -0.3972244143303637, "max_depth": 8.0, "num_boost_round": 6.0}, "datetime": {"datetime": "2024-01-19 00:23:06", "elapsed": 676.018471, "delta": 0.002027}}
{"target": -19.161681563858192, "params": {"gamma": 452.0253246016054, "log10_alpha": -4.224301377592904, "log10_colsample_bytree": -0.6594512737159286, "log10_eta": -0.16804000886430526, "log10_lambda": -1.2638396848473787, "log10_min_child_weight": 0.6958218690184526, "log10_subsample": -0.3972244143303637, "max_depth": 8.0, "num_boost_round": 7.0}, "datetime": {"datetime": "2024-01-19 00:23:06", "elapsed": 676.020517, "delta": 0.002046}}
{"target": -19.23685885017974, "params": {"gamma": 452.0253246016054, "log10_alpha": -4.224301377592904, "log10_colsample_bytree": -0.6594512737159286, "log10_eta": -0.16804000886430526, "log10_lambda": -1.2638396848473787, "log10_min_child_weight": 0.6958218690184526, "log10_subsample": -0.3972244143303637, "max_depth": 8.0, "num_boost_round": 8.0}, "datetime": {"datetime": "2024-01-19 00:23:06", "elapsed": 676.022333, "delta": 0.001816}}
{"target": -19.305002821895823, "params": {"gamma": 452.0253246016054, "log10_alpha": -4.224301377592904, "log10_colsample_bytree": -0.6594512737159286, "log10_eta": -0.16804000886430526, "log10_lambda": -1.2638396848473787, "log10_min_child_weight": 0.6958218690184526, "log10_subsample": -0.3972244143303637, "max_depth": 8.0, "num_boost_round": 9.0}, "datetime": {"datetime": "2024-01-19 00:23:06", "elapsed": 676.024189, "delta": 0.001856}}
{"target": -17.67721873504342, "params": {"gamma": 437.75936511677384, "log10_alpha": -1.4283621767448391, "log10_colsample_bytree": -0.9128093578785939, "log10_eta": -2.6265109180034543, "log10_lambda": -1.3253255573515723, "log10_min_child_weight": 1.4116711974806333, "log10_subsample": -0.80600379134097, "max_depth": 3.0, "num_boost_round": 0.0}, "datetime": {"datetime": "2024-01-19 00:23:28", "elapsed": 697.956583, "delta": 21.932394}}
{"target": -17.677144882873385, "params": {"gamma": 437.75936511677384, "log10_alpha": -1.4283621767448391, "log10_colsample_bytree": -0.9128093578785939, "log10_eta": -2.6265109180034543, "log10_lambda": -1.3253255573515723, "log10_min_child_weight": 1.4116711974806333, "log10_subsample": -0.80600379134097, "max_depth": 3.0, "num_boost_round": 1.0}, "datetime": {"datetime": "2024-01-19 00:23:28", "elapsed": 697.958973, "delta": 0.00239}}
{"target": -17.677149352347318, "params": {"gamma": 437.75936511677384, "log10_alpha": -1.4283621767448391, "log10_colsample_bytree": -0.9128093578785939, "log10_eta": -2.6265109180034543, "log10_lambda": -1.3253255573515723, "log10_min_child_weight": 1.4116711974806333, "log10_subsample": -0.80600379134097, "max_depth": 3.0, "num_boost_round": 2.0}, "datetime": {"datetime": "2024-01-19 00:23:28", "elapsed": 697.961256, "delta": 0.002283}}
{"target": -17.677112006426814, "params": {"gamma": 437.75936511677384, "log10_alpha": -1.4283621767448391, "log10_colsample_bytree": -0.9128093578785939, "log10_eta": -2.6265109180034543, "log10_lambda": -1.3253255573515723, "log10_min_child_weight": 1.4116711974806333, "log10_subsample": -0.80600379134097, "max_depth": 3.0, "num_boost_round": 3.0}, "datetime": {"datetime": "2024-01-19 00:23:28", "elapsed": 697.963385, "delta": 0.002129}}
{"target": -17.677066305551335, "params": {"gamma": 437.75936511677384, "log10_alpha": -1.4283621767448391, "log10_colsample_bytree": -0.9128093578785939, "log10_eta": -2.6265109180034543, "log10_lambda": -1.3253255573515723, "log10_min_child_weight": 1.4116711974806333, "log10_subsample": -0.80600379134097, "max_depth": 3.0, "num_boost_round": 4.0}, "datetime": {"datetime": "2024-01-19 00:23:28", "elapsed": 697.965216, "delta": 0.001831}}
{"target": -17.677020150168346, "params": {"gamma": 437.75936511677384, "log10_alpha": -1.4283621767448391, "log10_colsample_bytree": -0.9128093578785939, "log10_eta": -2.6265109180034543, "log10_lambda": -1.3253255573515723, "log10_min_child_weight": 1.4116711974806333, "log10_subsample": -0.80600379134097, "max_depth": 3.0, "num_boost_round": 5.0}, "datetime": {"datetime": "2024-01-19 00:23:28", "elapsed": 697.966998, "delta": 0.001782}}
{"target": -17.677024861492132, "params": {"gamma": 437.75936511677384, "log10_alpha": -1.4283621767448391, "log10_colsample_bytree": -0.9128093578785939, "log10_eta": -2.6265109180034543, "log10_lambda": -1.3253255573515723, "log10_min_child_weight": 1.4116711974806333, "log10_subsample": -0.80600379134097, "max_depth": 3.0, "num_boost_round": 6.0}, "datetime": {"datetime": "2024-01-19 00:23:28", "elapsed": 697.968776, "delta": 0.001778}}
{"target": -17.676940403546247, "params": {"gamma": 437.75936511677384, "log10_alpha": -1.4283621767448391, "log10_colsample_bytree": -0.9128093578785939, "log10_eta": -2.6265109180034543, "log10_lambda": -1.3253255573515723, "log10_min_child_weight": 1.4116711974806333, "log10_subsample": -0.80600379134097, "max_depth": 3.0, "num_boost_round": 7.0}, "datetime": {"datetime": "2024-01-19 00:23:28", "elapsed": 697.970557, "delta": 0.001781}}
{"target": -17.676925588188347, "params": {"gamma": 437.75936511677384, "log10_alpha": -1.4283621767448391, "log10_colsample_bytree": -0.9128093578785939, "log10_eta": -2.6265109180034543, "log10_lambda": -1.3253255573515723, "log10_min_child_weight": 1.4116711974806333, "log10_subsample": -0.80600379134097, "max_depth": 3.0, "num_boost_round": 8.0}, "datetime": {"datetime": "2024-01-19 00:23:28", "elapsed": 697.972378, "delta": 0.001821}}
{"target": -17.676921245063006, "params": {"gamma": 437.75936511677384, "log10_alpha": -1.4283621767448391, "log10_colsample_bytree": -0.9128093578785939, "log10_eta": -2.6265109180034543, "log10_lambda": -1.3253255573515723, "log10_min_child_weight": 1.4116711974806333, "log10_subsample": -0.80600379134097, "max_depth": 3.0, "num_boost_round": 9.0}, "datetime": {"datetime": "2024-01-19 00:23:28", "elapsed": 697.974147, "delta": 0.001769}}
{"target": -17.676805392421983, "params": {"gamma": 437.75936511677384, "log10_alpha": -1.4283621767448391, "log10_colsample_bytree": -0.9128093578785939, "log10_eta": -2.6265109180034543, "log10_lambda": -1.3253255573515723, "log10_min_child_weight": 1.4116711974806333, "log10_subsample": -0.80600379134097, "max_depth": 3.0, "num_boost_round": 10.0}, "datetime": {"datetime": "2024-01-19 00:23:28", "elapsed": 697.97592, "delta": 0.001773}}
{"target": -17.676728816694798, "params": {"gamma": 437.75936511677384, "log10_alpha": -1.4283621767448391, "log10_colsample_bytree": -0.9128093578785939, "log10_eta": -2.6265109180034543, "log10_lambda": -1.3253255573515723, "log10_min_child_weight": 1.4116711974806333, "log10_subsample": -0.80600379134097, "max_depth": 3.0, "num_boost_round": 11.0}, "datetime": {"datetime": "2024-01-19 00:23:28", "elapsed": 697.977698, "delta": 0.001778}}
{"target": -17.676616672093573, "params": {"gamma": 437.75936511677384, "log10_alpha": -1.4283621767448391, "log10_colsample_bytree": -0.9128093578785939, "log10_eta": -2.6265109180034543, "log10_lambda": -1.3253255573515723, "log10_min_child_weight": 1.4116711974806333, "log10_subsample": -0.80600379134097, "max_depth": 3.0, "num_boost_round": 12.0}, "datetime": {"datetime": "2024-01-19 00:23:28", "elapsed": 697.979487, "delta": 0.001789}}
{"target": -17.676599029351205, "params": {"gamma": 437.75936511677384, "log10_alpha": -1.4283621767448391, "log10_colsample_bytree": -0.9128093578785939, "log10_eta": -2.6265109180034543, "log10_lambda": -1.3253255573515723, "log10_min_child_weight": 1.4116711974806333, "log10_subsample": -0.80600379134097, "max_depth": 3.0, "num_boost_round": 13.0}, "datetime": {"datetime": "2024-01-19 00:23:28", "elapsed": 697.98126, "delta": 0.001773}}
{"target": -17.676765694401094, "params": {"gamma": 431.3741719548546, "log10_alpha": -3.5740350611358433, "log10_colsample_bytree": -0.7819325076216955, "log10_eta": -1.756671603667764, "log10_lambda": -4.8695609805290445, "log10_min_child_weight": 1.5942750660697462, "log10_subsample": -0.8141912581769579, "max_depth": 2.0, "num_boost_round": 0.0}, "datetime": {"datetime": "2024-01-19 00:23:47", "elapsed": 717.790405, "delta": 19.809145}}
{"target": -17.675988391623356, "params": {"gamma": 431.3741719548546, "log10_alpha": -3.5740350611358433, "log10_colsample_bytree": -0.7819325076216955, "log10_eta": -1.756671603667764, "log10_lambda": -4.8695609805290445, "log10_min_child_weight": 1.5942750660697462, "log10_subsample": -0.8141912581769579, "max_depth": 2.0, "num_boost_round": 1.0}, "datetime": {"datetime": "2024-01-19 00:23:47", "elapsed": 717.792723, "delta": 0.002318}}
{"target": -17.675893114251668, "params": {"gamma": 431.3741719548546, "log10_alpha": -3.5740350611358433, "log10_colsample_bytree": -0.7819325076216955, "log10_eta": -1.756671603667764, "log10_lambda": -4.8695609805290445, "log10_min_child_weight": 1.5942750660697462, "log10_subsample": -0.8141912581769579, "max_depth": 2.0, "num_boost_round": 2.0}, "datetime": {"datetime": "2024-01-19 00:23:47", "elapsed": 717.794768, "delta": 0.002045}}
