{"target": -17.677178732242133, "params": {"gamma": 646.480659475504, "log10_alpha": -1.2134966991862974, "log10_colsample_bytree": -0.6315658973950177, "log10_eta": -2.4170257091071754, "log10_lambda": -4.384185767440114, "log10_min_child_weight": 3.6469249907840924, "log10_subsample": -0.6365645615193118, "max_depth": 2.0, "num_boost_round": 0.0}, "datetime": {"datetime": "2024-01-19 01:19:22", "elapsed": 4059.956412, "delta": 41.29848}}
{"target": -17.677110204982643, "params": {"gamma": 646.480659475504, "log10_alpha": -1.2134966991862974, "log10_colsample_bytree": -0.6315658973950177, "log10_eta": -2.4170257091071754, "log10_lambda": -4.384185767440114, "log10_min_child_weight": 3.6469249907840924, "log10_subsample": -0.6365645615193118, "max_depth": 2.0, "num_boost_round": 1.0}, "datetime": {"datetime": "2024-01-19 01:19:22", "elapsed": 4059.96117, "delta": 0.004758}}
{"target": -17.67707772785106, "params": {"gamma": 646.480659475504, "log10_alpha": -1.2134966991862974, "log10_colsample_bytree": -0.6315658973950177, "log10_eta": -2.4170257091071754, "log10_lambda": -4.384185767440114, "log10_min_child_weight": 3.6469249907840924, "log10_subsample": -0.6365645615193118, "max_depth": 2.0, "num_boost_round": 2.0}, "datetime": {"datetime": "2024-01-19 01:19:22", "elapsed": 4059.965174, "delta": 0.004004}}
{"target": -17.67710088136128, "params": {"gamma": 646.480659475504, "log10_alpha": -1.2134966991862974, "log10_colsample_bytree": -0.6315658973950177, "log10_eta": -2.4170257091071754, "log10_lambda": -4.384185767440114, "log10_min_child_weight": 3.6469249907840924, "log10_subsample": -0.6365645615193118, "max_depth": 2.0, "num_boost_round": 3.0}, "datetime": {"datetime": "2024-01-19 01:19:22", "elapsed": 4059.969243, "delta": 0.004069}}
{"target": -17.677019971228486, "params": {"gamma": 646.480659475504, "log10_alpha": -1.2134966991862974, "log10_colsample_bytree": -0.6315658973950177, "log10_eta": -2.4170257091071754, "log10_lambda": -4.384185767440114, "log10_min_child_weight": 3.6469249907840924, "log10_subsample": -0.6365645615193118, "max_depth": 2.0, "num_boost_round": 4.0}, "datetime": {"datetime": "2024-01-19 01:19:22", "elapsed": 4059.97321, "delta": 0.003967}}
{"target": -17.67703901627933, "params": {"gamma": 646.480659475504, "log10_alpha": -1.2134966991862974, "log10_colsample_bytree": -0.6315658973950177, "log10_eta": -2.4170257091071754, "log10_lambda": -4.384185767440114, "log10_min_child_weight": 3.6469249907840924, "log10_subsample": -0.6365645615193118, "max_depth": 2.0, "num_boost_round": 5.0}, "datetime": {"datetime": "2024-01-19 01:19:22", "elapsed": 4059.977125, "delta": 0.003915}}
{"target": -17.676985427534262, "params": {"gamma": 646.480659475504, "log10_alpha": -1.2134966991862974, "log10_colsample_bytree": -0.6315658973950177, "log10_eta": -2.4170257091071754, "log10_lambda": -4.384185767440114, "log10_min_child_weight": 3.6469249907840924, "log10_subsample": -0.6365645615193118, "max_depth": 2.0, "num_boost_round": 6.0}, "datetime": {"datetime": "2024-01-19 01:19:22", "elapsed": 4059.98129, "delta": 0.004165}}
{"target": -17.676957732684272, "params": {"gamma": 646.480659475504, "log10_alpha": -1.2134966991862974, "log10_colsample_bytree": -0.6315658973950177, "log10_eta": -2.4170257091071754, "log10_lambda": -4.384185767440114, "log10_min_child_weight": 3.6469249907840924, "log10_subsample": -0.6365645615193118, "max_depth": 2.0, "num_boost_round": 7.0}, "datetime": {"datetime": "2024-01-19 01:19:22", "elapsed": 4059.985299, "delta": 0.004009}}
{"target": -17.676921250772896, "params": {"gamma": 646.480659475504, "log10_alpha": -1.2134966991862974, "log10_colsample_bytree": -0.6315658973950177, "log10_eta": -2.4170257091071754, "log10_lambda": -4.384185767440114, "log10_min_child_weight": 3.6469249907840924, "log10_subsample": -0.6365645615193118, "max_depth": 2.0, "num_boost_round": 8.0}, "datetime": {"datetime": "2024-01-19 01:19:22", "elapsed": 4060.096294, "delta": 0.110995}}
{"target": -17.676876017060795, "params": {"gamma": 646.480659475504, "log10_alpha": -1.2134966991862974, "log10_colsample_bytree": -0.6315658973950177, "log10_eta": -2.4170257091071754, "log10_lambda": -4.384185767440114, "log10_min_child_weight": 3.6469249907840924, "log10_subsample": -0.6365645615193118, "max_depth": 2.0, "num_boost_round": 9.0}, "datetime": {"datetime": "2024-01-19 01:19:22", "elapsed": 4060.100868, "delta": 0.004574}}
{"target": -17.67681935110586, "params": {"gamma": 646.480659475504, "log10_alpha": -1.2134966991862974, "log10_colsample_bytree": -0.6315658973950177, "log10_eta": -2.4170257091071754, "log10_lambda": -4.384185767440114, "log10_min_child_weight": 3.6469249907840924, "log10_subsample": -0.6365645615193118, "max_depth": 2.0, "num_boost_round": 10.0}, "datetime": {"datetime": "2024-01-19 01:19:22", "elapsed": 4060.105119, "delta": 0.004251}}
{"target": -17.676777800724768, "params": {"gamma": 646.480659475504, "log10_alpha": -1.2134966991862974, "log10_colsample_bytree": -0.6315658973950177, "log10_eta": -2.4170257091071754, "log10_lambda": -4.384185767440114, "log10_min_child_weight": 3.6469249907840924, "log10_subsample": -0.6365645615193118, "max_depth": 2.0, "num_boost_round": 11.0}, "datetime": {"datetime": "2024-01-19 01:19:22", "elapsed": 4060.109166, "delta": 0.004047}}
{"target": -17.676791412833985, "params": {"gamma": 646.480659475504, "log10_alpha": -1.2134966991862974, "log10_colsample_bytree": -0.6315658973950177, "log10_eta": -2.4170257091071754, "log10_lambda": -4.384185767440114, "log10_min_child_weight": 3.6469249907840924, "log10_subsample": -0.6365645615193118, "max_depth": 2.0, "num_boost_round": 12.0}, "datetime": {"datetime": "2024-01-19 01:19:22", "elapsed": 4060.113152, "delta": 0.003986}}
{"target": -17.676768657782414, "params": {"gamma": 646.480659475504, "log10_alpha": -1.2134966991862974, "log10_colsample_bytree": -0.6315658973950177, "log10_eta": -2.4170257091071754, "log10_lambda": -4.384185767440114, "log10_min_child_weight": 3.6469249907840924, "log10_subsample": -0.6365645615193118, "max_depth": 2.0, "num_boost_round": 13.0}, "datetime": {"datetime": "2024-01-19 01:19:22", "elapsed": 4060.117307, "delta": 0.004155}}
{"target": -17.676763048612337, "params": {"gamma": 644.1864402490307, "log10_alpha": 0.8704542702697511, "log10_colsample_bytree": -0.8436793540523627, "log10_eta": -1.9444373939315467, "log10_lambda": -0.7787558252263063, "log10_min_child_weight": 2.154725731969764, "log10_subsample": -0.47912076248673174, "max_depth": 5.0, "num_boost_round": 0.0}, "datetime": {"datetime": "2024-01-19 01:19:57", "elapsed": 4094.606316, "delta": 34.489009}}
{"target": -17.67628302450974, "params": {"gamma": 644.1864402490307, "log10_alpha": 0.8704542702697511, "log10_colsample_bytree": -0.8436793540523627, "log10_eta": -1.9444373939315467, "log10_lambda": -0.7787558252263063, "log10_min_child_weight": 2.154725731969764, "log10_subsample": -0.47912076248673174, "max_depth": 5.0, "num_boost_round": 1.0}, "datetime": {"datetime": "2024-01-19 01:19:57", "elapsed": 4094.611223, "delta": 0.004907}}
{"target": -17.675933797799797, "params": {"gamma": 644.1864402490307, "log10_alpha": 0.8704542702697511, "log10_colsample_bytree": -0.8436793540523627, "log10_eta": -1.9444373939315467, "log10_lambda": -0.7787558252263063, "log10_min_child_weight": 2.154725731969764, "log10_subsample": -0.47912076248673174, "max_depth": 5.0, "num_boost_round": 2.0}, "datetime": {"datetime": "2024-01-19 01:19:57", "elapsed": 4094.61537, "delta": 0.004147}}
{"target": -17.675896865127847, "params": {"gamma": 644.1864402490307, "log10_alpha": 0.8704542702697511, "log10_colsample_bytree": -0.8436793540523627, "log10_eta": -1.9444373939315467, "log10_lambda": -0.7787558252263063, "log10_min_child_weight": 2.154725731969764, "log10_subsample": -0.47912076248673174, "max_depth": 5.0, "num_boost_round": 3.0}, "datetime": {"datetime": "2024-01-19 01:19:57", "elapsed": 4094.619535, "delta": 0.004165}}
{"target": -17.675235049980838, "params": {"gamma": 644.1864402490307, "log10_alpha": 0.8704542702697511, "log10_colsample_bytree": -0.8436793540523627, "log10_eta": -1.9444373939315467, "log10_lambda": -0.7787558252263063, "log10_min_child_weight": 2.154725731969764, "log10_subsample": -0.47912076248673174, "max_depth": 5.0, "num_boost_round": 4.0}, "datetime": {"datetime": "2024-01-19 01:19:57", "elapsed": 4094.623496, "delta": 0.003961}}
{"target": -17.674952152256434, "params": {"gamma": 644.1864402490307, "log10_alpha": 0.8704542702697511, "log10_colsample_bytree": -0.8436793540523627, "log10_eta": -1.9444373939315467, "log10_lambda": -0.7787558252263063, "log10_min_child_weight": 2.154725731969764, "log10_subsample": -0.47912076248673174, "max_depth": 5.0, "num_boost_round": 5.0}, "datetime": {"datetime": "2024-01-19 01:19:57", "elapsed": 4094.62753, "delta": 0.004034}}
{"target": -17.67523723170399, "params": {"gamma": 644.1864402490307, "log10_alpha": 0.8704542702697511, "log10_colsample_bytree": -0.8436793540523627, "log10_eta": -1.9444373939315467, "log10_lambda": -0.7787558252263063, "log10_min_child_weight": 2.154725731969764, "log10_subsample": -0.47912076248673174, "max_depth": 5.0, "num_boost_round": 6.0}, "datetime": {"datetime": "2024-01-19 01:19:57", "elapsed": 4094.631816, "delta": 0.004286}}
{"target": -17.674430755566334, "params": {"gamma": 644.1864402490307, "log10_alpha": 0.8704542702697511, "log10_colsample_bytree": -0.8436793540523627, "log10_eta": -1.9444373939315467, "log10_lambda": -0.7787558252263063, "log10_min_child_weight": 2.154725731969764, "log10_subsample": -0.47912076248673174, "max_depth": 5.0, "num_boost_round": 7.0}, "datetime": {"datetime": "2024-01-19 01:19:57", "elapsed": 4094.636215, "delta": 0.004399}}
{"target": -17.67420081922331, "params": {"gamma": 644.1864402490307, "log10_alpha": 0.8704542702697511, "log10_colsample_bytree": -0.8436793540523627, "log10_eta": -1.9444373939315467, "log10_lambda": -0.7787558252263063, "log10_min_child_weight": 2.154725731969764, "log10_subsample": -0.47912076248673174, "max_depth": 5.0, "num_boost_round": 8.0}, "datetime": {"datetime": "2024-01-19 01:19:57", "elapsed": 4094.640626, "delta": 0.004411}}
{"target": -17.673721919426786, "params": {"gamma": 644.1864402490307, "log10_alpha": 0.8704542702697511, "log10_colsample_bytree": -0.8436793540523627, "log10_eta": -1.9444373939315467, "log10_lambda": -0.7787558252263063, "log10_min_child_weight": 2.154725731969764, "log10_subsample": -0.47912076248673174, "max_depth": 5.0, "num_boost_round": 9.0}, "datetime": {"datetime": "2024-01-19 01:19:57", "elapsed": 4094.644649, "delta": 0.004023}}
{"target": -17.67356644565573, "params": {"gamma": 644.1864402490307, "log10_alpha": 0.8704542702697511, "log10_colsample_bytree": -0.8436793540523627, "log10_eta": -1.9444373939315467, "log10_lambda": -0.7787558252263063, "log10_min_child_weight": 2.154725731969764, "log10_subsample": -0.47912076248673174, "max_depth": 5.0, "num_boost_round": 10.0}, "datetime": {"datetime": "2024-01-19 01:19:57", "elapsed": 4094.648741, "delta": 0.004092}}
{"target": -17.67333378035974, "params": {"gamma": 644.1864402490307, "log10_alpha": 0.8704542702697511, "log10_colsample_bytree": -0.8436793540523627, "log10_eta": -1.9444373939315467, "log10_lambda": -0.7787558252263063, "log10_min_child_weight": 2.154725731969764, "log10_subsample": -0.47912076248673174, "max_depth": 5.0, "num_boost_round": 11.0}, "datetime": {"datetime": "2024-01-19 01:19:57", "elapsed": 4094.652852, "delta": 0.004111}}
{"target": -17.673455742437778, "params": {"gamma": 644.1864402490307, "log10_alpha": 0.8704542702697511, "log10_colsample_bytree": -0.8436793540523627, "log10_eta": -1.9444373939315467, "log10_lambda": -0.7787558252263063, "log10_min_child_weight": 2.154725731969764, "log10_subsample": -0.47912076248673174, "max_depth": 5.0, "num_boost_round": 12.0}, "datetime": {"datetime": "2024-01-19 01:19:57", "elapsed": 4094.657079, "delta": 0.004227}}
{"target": -17.672654723682488, "params": {"gamma": 644.1864402490307, "log10_alpha": 0.8704542702697511, "log10_colsample_bytree": -0.8436793540523627, "log10_eta": -1.9444373939315467, "log10_lambda": -0.7787558252263063, "log10_min_child_weight": 2.154725731969764, "log10_subsample": -0.47912076248673174, "max_depth": 5.0, "num_boost_round": 13.0}, "datetime": {"datetime": "2024-01-19 01:19:57", "elapsed": 4094.661167, "delta": 0.004088}}
{"target": -17.672490331372572, "params": {"gamma": 644.1864402490307, "log10_alpha": 0.8704542702697511, "log10_colsample_bytree": -0.8436793540523627, "log10_eta": -1.9444373939315467, "log10_lambda": -0.7787558252263063, "log10_min_child_weight": 2.154725731969764, "log10_subsample": -0.47912076248673174, "max_depth": 5.0, "num_boost_round": 14.0}, "datetime": {"datetime": "2024-01-19 01:19:57", "elapsed": 4094.665194, "delta": 0.004027}}
{"target": -17.67196921044079, "params": {"gamma": 644.1864402490307, "log10_alpha": 0.8704542702697511, "log10_colsample_bytree": -0.8436793540523627, "log10_eta": -1.9444373939315467, "log10_lambda": -0.7787558252263063, "log10_min_child_weight": 2.154725731969764, "log10_subsample": -0.47912076248673174, "max_depth": 5.0, "num_boost_round": 15.0}, "datetime": {"datetime": "2024-01-19 01:19:57", "elapsed": 4094.669246, "delta": 0.004052}}
{"target": -17.67184782987574, "params": {"gamma": 644.1864402490307, "log10_alpha": 0.8704542702697511, "log10_colsample_bytree": -0.8436793540523627, "log10_eta": -1.9444373939315467, "log10_lambda": -0.7787558252263063, "log10_min_child_weight": 2.154725731969764, "log10_subsample": -0.47912076248673174, "max_depth": 5.0, "num_boost_round": 16.0}, "datetime": {"datetime": "2024-01-19 01:19:57", "elapsed": 4094.673247, "delta": 0.004001}}
{"target": -17.671727081844928, "params": {"gamma": 644.1864402490307, "log10_alpha": 0.8704542702697511, "log10_colsample_bytree": -0.8436793540523627, "log10_eta": -1.9444373939315467, "log10_lambda": -0.7787558252263063, "log10_min_child_weight": 2.154725731969764, "log10_subsample": -0.47912076248673174, "max_depth": 5.0, "num_boost_round": 17.0}, "datetime": {"datetime": "2024-01-19 01:19:57", "elapsed": 4094.677317, "delta": 0.00407}}
{"target": -17.671471755136903, "params": {"gamma": 644.1864402490307, "log10_alpha": 0.8704542702697511, "log10_colsample_bytree": -0.8436793540523627, "log10_eta": -1.9444373939315467, "log10_lambda": -0.7787558252263063, "log10_min_child_weight": 2.154725731969764, "log10_subsample": -0.47912076248673174, "max_depth": 5.0, "num_boost_round": 18.0}, "datetime": {"datetime": "2024-01-19 01:19:57", "elapsed": 4094.681347, "delta": 0.00403}}
{"target": -17.676902798802143, "params": {"gamma": 641.512154934117, "log10_alpha": -0.4657465541692911, "log10_colsample_bytree": -0.5134034660163478, "log10_eta": -1.1073078196233608, "log10_lambda": -3.653424777315812, "log10_min_child_weight": 4.461640983721818, "log10_subsample": -0.9177019396380037, "max_depth": 6.0, "num_boost_round": 0.0}, "datetime": {"datetime": "2024-01-19 01:20:47", "elapsed": 4145.16666, "delta": 50.485313}}
{"target": -17.676394808471294, "params": {"gamma": 641.512154934117, "log10_alpha": -0.4657465541692911, "log10_colsample_bytree": -0.5134034660163478, "log10_eta": -1.1073078196233608, "log10_lambda": -3.653424777315812, "log10_min_child_weight": 4.461640983721818, "log10_subsample": -0.9177019396380037, "max_depth": 6.0, "num_boost_round": 1.0}, "datetime": {"datetime": "2024-01-19 01:20:47", "elapsed": 4145.172195, "delta": 0.005535}}
{"target": -17.676750234991808, "params": {"gamma": 641.512154934117, "log10_alpha": -0.4657465541692911, "log10_colsample_bytree": -0.5134034660163478, "log10_eta": -1.1073078196233608, "log10_lambda": -3.653424777315812, "log10_min_child_weight": 4.461640983721818, "log10_subsample": -0.9177019396380037, "max_depth": 6.0, "num_boost_round": 2.0}, "datetime": {"datetime": "2024-01-19 01:20:47", "elapsed": 4145.176269, "delta": 0.004074}}
{"target": -17.676583631510805, "params": {"gamma": 641.512154934117, "log10_alpha": -0.4657465541692911, "log10_colsample_bytree": -0.5134034660163478, "log10_eta": -1.1073078196233608, "log10_lambda": -3.653424777315812, "log10_min_child_weight": 4.461640983721818, "log10_subsample": -0.9177019396380037, "max_depth": 6.0, "num_boost_round": 3.0}, "datetime": {"datetime": "2024-01-19 01:20:47", "elapsed": 4145.180321, "delta": 0.004052}}
{"target": -17.676720586232406, "params": {"gamma": 641.512154934117, "log10_alpha": -0.4657465541692911, "log10_colsample_bytree": -0.5134034660163478, "log10_eta": -1.1073078196233608, "log10_lambda": -3.653424777315812, "log10_min_child_weight": 4.461640983721818, "log10_subsample": -0.9177019396380037, "max_depth": 6.0, "num_boost_round": 4.0}, "datetime": {"datetime": "2024-01-19 01:20:47", "elapsed": 4145.184447, "delta": 0.004126}}
{"target": -17.67708350558457, "params": {"gamma": 641.512154934117, "log10_alpha": -0.4657465541692911, "log10_colsample_bytree": -0.5134034660163478, "log10_eta": -1.1073078196233608, "log10_lambda": -3.653424777315812, "log10_min_child_weight": 4.461640983721818, "log10_subsample": -0.9177019396380037, "max_depth": 6.0, "num_boost_round": 5.0}, "datetime": {"datetime": "2024-01-19 01:20:47", "elapsed": 4145.18847, "delta": 0.004023}}
{"target": -17.677167174813555, "params": {"gamma": 641.512154934117, "log10_alpha": -0.4657465541692911, "log10_colsample_bytree": -0.5134034660163478, "log10_eta": -1.1073078196233608, "log10_lambda": -3.653424777315812, "log10_min_child_weight": 4.461640983721818, "log10_subsample": -0.9177019396380037, "max_depth": 6.0, "num_boost_round": 6.0}, "datetime": {"datetime": "2024-01-19 01:20:47", "elapsed": 4145.192444, "delta": 0.003974}}
{"target": -17.67742456498272, "params": {"gamma": 641.512154934117, "log10_alpha": -0.4657465541692911, "log10_colsample_bytree": -0.5134034660163478, "log10_eta": -1.1073078196233608, "log10_lambda": -3.653424777315812, "log10_min_child_weight": 4.461640983721818, "log10_subsample": -0.9177019396380037, "max_depth": 6.0, "num_boost_round": 7.0}, "datetime": {"datetime": "2024-01-19 01:20:47", "elapsed": 4145.196474, "delta": 0.00403}}
{"target": -17.67692966083263, "params": {"gamma": 641.512154934117, "log10_alpha": -0.4657465541692911, "log10_colsample_bytree": -0.5134034660163478, "log10_eta": -1.1073078196233608, "log10_lambda": -3.653424777315812, "log10_min_child_weight": 4.461640983721818, "log10_subsample": -0.9177019396380037, "max_depth": 6.0, "num_boost_round": 8.0}, "datetime": {"datetime": "2024-01-19 01:20:47", "elapsed": 4145.200431, "delta": 0.003957}}
{"target": -17.6766719592092, "params": {"gamma": 641.512154934117, "log10_alpha": -0.4657465541692911, "log10_colsample_bytree": -0.5134034660163478, "log10_eta": -1.1073078196233608, "log10_lambda": -3.653424777315812, "log10_min_child_weight": 4.461640983721818, "log10_subsample": -0.9177019396380037, "max_depth": 6.0, "num_boost_round": 9.0}, "datetime": {"datetime": "2024-01-19 01:20:47", "elapsed": 4145.204363, "delta": 0.003932}}
{"target": -17.67630683079619, "params": {"gamma": 641.512154934117, "log10_alpha": -0.4657465541692911, "log10_colsample_bytree": -0.5134034660163478, "log10_eta": -1.1073078196233608, "log10_lambda": -3.653424777315812, "log10_min_child_weight": 4.461640983721818, "log10_subsample": -0.9177019396380037, "max_depth": 6.0, "num_boost_round": 10.0}, "datetime": {"datetime": "2024-01-19 01:20:47", "elapsed": 4145.208296, "delta": 0.003933}}
{"target": -17.67615958797915, "params": {"gamma": 641.512154934117, "log10_alpha": -0.4657465541692911, "log10_colsample_bytree": -0.5134034660163478, "log10_eta": -1.1073078196233608, "log10_lambda": -3.653424777315812, "log10_min_child_weight": 4.461640983721818, "log10_subsample": -0.9177019396380037, "max_depth": 6.0, "num_boost_round": 11.0}, "datetime": {"datetime": "2024-01-19 01:20:47", "elapsed": 4145.212347, "delta": 0.004051}}
{"target": -17.676349961987412, "params": {"gamma": 641.512154934117, "log10_alpha": -0.4657465541692911, "log10_colsample_bytree": -0.5134034660163478, "log10_eta": -1.1073078196233608, "log10_lambda": -3.653424777315812, "log10_min_child_weight": 4.461640983721818, "log10_subsample": -0.9177019396380037, "max_depth": 6.0, "num_boost_round": 12.0}, "datetime": {"datetime": "2024-01-19 01:20:47", "elapsed": 4145.216318, "delta": 0.003971}}
{"target": -17.677070383274156, "params": {"gamma": 641.512154934117, "log10_alpha": -0.4657465541692911, "log10_colsample_bytree": -0.5134034660163478, "log10_eta": -1.1073078196233608, "log10_lambda": -3.653424777315812, "log10_min_child_weight": 4.461640983721818, "log10_subsample": -0.9177019396380037, "max_depth": 6.0, "num_boost_round": 13.0}, "datetime": {"datetime": "2024-01-19 01:20:47", "elapsed": 4145.22031, "delta": 0.003992}}
{"target": -17.676818054687576, "params": {"gamma": 641.512154934117, "log10_alpha": -0.4657465541692911, "log10_colsample_bytree": -0.5134034660163478, "log10_eta": -1.1073078196233608, "log10_lambda": -3.653424777315812, "log10_min_child_weight": 4.461640983721818, "log10_subsample": -0.9177019396380037, "max_depth": 6.0, "num_boost_round": 14.0}, "datetime": {"datetime": "2024-01-19 01:20:47", "elapsed": 4145.224299, "delta": 0.003989}}
{"target": -17.676930253609058, "params": {"gamma": 641.512154934117, "log10_alpha": -0.4657465541692911, "log10_colsample_bytree": -0.5134034660163478, "log10_eta": -1.1073078196233608, "log10_lambda": -3.653424777315812, "log10_min_child_weight": 4.461640983721818, "log10_subsample": -0.9177019396380037, "max_depth": 6.0, "num_boost_round": 15.0}, "datetime": {"datetime": "2024-01-19 01:20:47", "elapsed": 4145.228338, "delta": 0.004039}}
