{"target": -17.757427270499605, "params": {"gamma": 415.0096068709237, "log10_alpha": -0.893812306341883, "log10_colsample_bytree": -0.8824146675758633, "log10_eta": -0.6058806962068357, "log10_lambda": -2.405898268677657, "log10_min_child_weight": 3.9245327989313066, "log10_subsample": -0.20318787940511907, "max_depth": 4.0, "num_boost_round": 26.0}, "datetime": {"datetime": "2024-01-19 00:13:09", "elapsed": 79.468707, "delta": 0.000427}}
{"target": -17.759585043681685, "params": {"gamma": 415.0096068709237, "log10_alpha": -0.893812306341883, "log10_colsample_bytree": -0.8824146675758633, "log10_eta": -0.6058806962068357, "log10_lambda": -2.405898268677657, "log10_min_child_weight": 3.9245327989313066, "log10_subsample": -0.20318787940511907, "max_depth": 4.0, "num_boost_round": 27.0}, "datetime": {"datetime": "2024-01-19 00:13:09", "elapsed": 79.469126, "delta": 0.000419}}
{"target": -17.762454781159377, "params": {"gamma": 415.0096068709237, "log10_alpha": -0.893812306341883, "log10_colsample_bytree": -0.8824146675758633, "log10_eta": -0.6058806962068357, "log10_lambda": -2.405898268677657, "log10_min_child_weight": 3.9245327989313066, "log10_subsample": -0.20318787940511907, "max_depth": 4.0, "num_boost_round": 28.0}, "datetime": {"datetime": "2024-01-19 00:13:09", "elapsed": 79.469556, "delta": 0.00043}}
{"target": -17.766293252602573, "params": {"gamma": 415.0096068709237, "log10_alpha": -0.893812306341883, "log10_colsample_bytree": -0.8824146675758633, "log10_eta": -0.6058806962068357, "log10_lambda": -2.405898268677657, "log10_min_child_weight": 3.9245327989313066, "log10_subsample": -0.20318787940511907, "max_depth": 4.0, "num_boost_round": 29.0}, "datetime": {"datetime": "2024-01-19 00:13:09", "elapsed": 79.469984, "delta": 0.000428}}
{"target": -17.76750549188039, "params": {"gamma": 415.0096068709237, "log10_alpha": -0.893812306341883, "log10_colsample_bytree": -0.8824146675758633, "log10_eta": -0.6058806962068357, "log10_lambda": -2.405898268677657, "log10_min_child_weight": 3.9245327989313066, "log10_subsample": -0.20318787940511907, "max_depth": 4.0, "num_boost_round": 30.0}, "datetime": {"datetime": "2024-01-19 00:13:09", "elapsed": 79.470426, "delta": 0.000442}}
{"target": -17.77047855111363, "params": {"gamma": 415.0096068709237, "log10_alpha": -0.893812306341883, "log10_colsample_bytree": -0.8824146675758633, "log10_eta": -0.6058806962068357, "log10_lambda": -2.405898268677657, "log10_min_child_weight": 3.9245327989313066, "log10_subsample": -0.20318787940511907, "max_depth": 4.0, "num_boost_round": 31.0}, "datetime": {"datetime": "2024-01-19 00:13:09", "elapsed": 79.470932, "delta": 0.000506}}
{"target": -17.779864330607897, "params": {"gamma": 415.0096068709237, "log10_alpha": -0.893812306341883, "log10_colsample_bytree": -0.8824146675758633, "log10_eta": -0.6058806962068357, "log10_lambda": -2.405898268677657, "log10_min_child_weight": 3.9245327989313066, "log10_subsample": -0.20318787940511907, "max_depth": 4.0, "num_boost_round": 32.0}, "datetime": {"datetime": "2024-01-19 00:13:09", "elapsed": 79.471376, "delta": 0.000444}}
{"target": -17.789008974330223, "params": {"gamma": 415.0096068709237, "log10_alpha": -0.893812306341883, "log10_colsample_bytree": -0.8824146675758633, "log10_eta": -0.6058806962068357, "log10_lambda": -2.405898268677657, "log10_min_child_weight": 3.9245327989313066, "log10_subsample": -0.20318787940511907, "max_depth": 4.0, "num_boost_round": 33.0}, "datetime": {"datetime": "2024-01-19 00:13:09", "elapsed": 79.471811, "delta": 0.000435}}
{"target": -17.790084803245634, "params": {"gamma": 415.0096068709237, "log10_alpha": -0.893812306341883, "log10_colsample_bytree": -0.8824146675758633, "log10_eta": -0.6058806962068357, "log10_lambda": -2.405898268677657, "log10_min_child_weight": 3.9245327989313066, "log10_subsample": -0.20318787940511907, "max_depth": 4.0, "num_boost_round": 34.0}, "datetime": {"datetime": "2024-01-19 00:13:09", "elapsed": 79.472244, "delta": 0.000433}}
{"target": -17.798255151300886, "params": {"gamma": 415.0096068709237, "log10_alpha": -0.893812306341883, "log10_colsample_bytree": -0.8824146675758633, "log10_eta": -0.6058806962068357, "log10_lambda": -2.405898268677657, "log10_min_child_weight": 3.9245327989313066, "log10_subsample": -0.20318787940511907, "max_depth": 4.0, "num_boost_round": 35.0}, "datetime": {"datetime": "2024-01-19 00:13:09", "elapsed": 79.472686, "delta": 0.000442}}
{"target": -17.80020787303837, "params": {"gamma": 415.0096068709237, "log10_alpha": -0.893812306341883, "log10_colsample_bytree": -0.8824146675758633, "log10_eta": -0.6058806962068357, "log10_lambda": -2.405898268677657, "log10_min_child_weight": 3.9245327989313066, "log10_subsample": -0.20318787940511907, "max_depth": 4.0, "num_boost_round": 36.0}, "datetime": {"datetime": "2024-01-19 00:13:09", "elapsed": 79.47313, "delta": 0.000444}}
{"target": -17.802882996099946, "params": {"gamma": 415.0096068709237, "log10_alpha": -0.893812306341883, "log10_colsample_bytree": -0.8824146675758633, "log10_eta": -0.6058806962068357, "log10_lambda": -2.405898268677657, "log10_min_child_weight": 3.9245327989313066, "log10_subsample": -0.20318787940511907, "max_depth": 4.0, "num_boost_round": 37.0}, "datetime": {"datetime": "2024-01-19 00:13:09", "elapsed": 79.473585, "delta": 0.000455}}
{"target": -17.806677554379462, "params": {"gamma": 415.0096068709237, "log10_alpha": -0.893812306341883, "log10_colsample_bytree": -0.8824146675758633, "log10_eta": -0.6058806962068357, "log10_lambda": -2.405898268677657, "log10_min_child_weight": 3.9245327989313066, "log10_subsample": -0.20318787940511907, "max_depth": 4.0, "num_boost_round": 38.0}, "datetime": {"datetime": "2024-01-19 00:13:09", "elapsed": 79.474032, "delta": 0.000447}}
{"target": -17.81099480691437, "params": {"gamma": 415.0096068709237, "log10_alpha": -0.893812306341883, "log10_colsample_bytree": -0.8824146675758633, "log10_eta": -0.6058806962068357, "log10_lambda": -2.405898268677657, "log10_min_child_weight": 3.9245327989313066, "log10_subsample": -0.20318787940511907, "max_depth": 4.0, "num_boost_round": 39.0}, "datetime": {"datetime": "2024-01-19 00:13:09", "elapsed": 79.474486, "delta": 0.000454}}
{"target": -17.81608739086953, "params": {"gamma": 415.0096068709237, "log10_alpha": -0.893812306341883, "log10_colsample_bytree": -0.8824146675758633, "log10_eta": -0.6058806962068357, "log10_lambda": -2.405898268677657, "log10_min_child_weight": 3.9245327989313066, "log10_subsample": -0.20318787940511907, "max_depth": 4.0, "num_boost_round": 40.0}, "datetime": {"datetime": "2024-01-19 00:13:09", "elapsed": 79.474933, "delta": 0.000447}}
{"target": -17.81568457714532, "params": {"gamma": 415.0096068709237, "log10_alpha": -0.893812306341883, "log10_colsample_bytree": -0.8824146675758633, "log10_eta": -0.6058806962068357, "log10_lambda": -2.405898268677657, "log10_min_child_weight": 3.9245327989313066, "log10_subsample": -0.20318787940511907, "max_depth": 4.0, "num_boost_round": 41.0}, "datetime": {"datetime": "2024-01-19 00:13:09", "elapsed": 79.47538, "delta": 0.000447}}
{"target": -17.818992442597622, "params": {"gamma": 415.0096068709237, "log10_alpha": -0.893812306341883, "log10_colsample_bytree": -0.8824146675758633, "log10_eta": -0.6058806962068357, "log10_lambda": -2.405898268677657, "log10_min_child_weight": 3.9245327989313066, "log10_subsample": -0.20318787940511907, "max_depth": 4.0, "num_boost_round": 42.0}, "datetime": {"datetime": "2024-01-19 00:13:09", "elapsed": 79.475832, "delta": 0.000452}}
{"target": -17.8187555002581, "params": {"gamma": 415.0096068709237, "log10_alpha": -0.893812306341883, "log10_colsample_bytree": -0.8824146675758633, "log10_eta": -0.6058806962068357, "log10_lambda": -2.405898268677657, "log10_min_child_weight": 3.9245327989313066, "log10_subsample": -0.20318787940511907, "max_depth": 4.0, "num_boost_round": 43.0}, "datetime": {"datetime": "2024-01-19 00:13:09", "elapsed": 79.476276, "delta": 0.000444}}
{"target": -17.82197148597403, "params": {"gamma": 415.0096068709237, "log10_alpha": -0.893812306341883, "log10_colsample_bytree": -0.8824146675758633, "log10_eta": -0.6058806962068357, "log10_lambda": -2.405898268677657, "log10_min_child_weight": 3.9245327989313066, "log10_subsample": -0.20318787940511907, "max_depth": 4.0, "num_boost_round": 44.0}, "datetime": {"datetime": "2024-01-19 00:13:09", "elapsed": 79.476727, "delta": 0.000451}}
{"target": -17.8253859317464, "params": {"gamma": 415.0096068709237, "log10_alpha": -0.893812306341883, "log10_colsample_bytree": -0.8824146675758633, "log10_eta": -0.6058806962068357, "log10_lambda": -2.405898268677657, "log10_min_child_weight": 3.9245327989313066, "log10_subsample": -0.20318787940511907, "max_depth": 4.0, "num_boost_round": 45.0}, "datetime": {"datetime": "2024-01-19 00:13:09", "elapsed": 79.477176, "delta": 0.000449}}
{"target": -17.830814215968154, "params": {"gamma": 415.0096068709237, "log10_alpha": -0.893812306341883, "log10_colsample_bytree": -0.8824146675758633, "log10_eta": -0.6058806962068357, "log10_lambda": -2.405898268677657, "log10_min_child_weight": 3.9245327989313066, "log10_subsample": -0.20318787940511907, "max_depth": 4.0, "num_boost_round": 46.0}, "datetime": {"datetime": "2024-01-19 00:13:09", "elapsed": 79.477633, "delta": 0.000457}}
{"target": -17.831492101918414, "params": {"gamma": 415.0096068709237, "log10_alpha": -0.893812306341883, "log10_colsample_bytree": -0.8824146675758633, "log10_eta": -0.6058806962068357, "log10_lambda": -2.405898268677657, "log10_min_child_weight": 3.9245327989313066, "log10_subsample": -0.20318787940511907, "max_depth": 4.0, "num_boost_round": 47.0}, "datetime": {"datetime": "2024-01-19 00:13:09", "elapsed": 79.478085, "delta": 0.000452}}
{"target": -17.832232813856347, "params": {"gamma": 415.0096068709237, "log10_alpha": -0.893812306341883, "log10_colsample_bytree": -0.8824146675758633, "log10_eta": -0.6058806962068357, "log10_lambda": -2.405898268677657, "log10_min_child_weight": 3.9245327989313066, "log10_subsample": -0.20318787940511907, "max_depth": 4.0, "num_boost_round": 48.0}, "datetime": {"datetime": "2024-01-19 00:13:09", "elapsed": 79.478549, "delta": 0.000464}}
{"target": -17.836517529846304, "params": {"gamma": 415.0096068709237, "log10_alpha": -0.893812306341883, "log10_colsample_bytree": -0.8824146675758633, "log10_eta": -0.6058806962068357, "log10_lambda": -2.405898268677657, "log10_min_child_weight": 3.9245327989313066, "log10_subsample": -0.20318787940511907, "max_depth": 4.0, "num_boost_round": 49.0}, "datetime": {"datetime": "2024-01-19 00:13:09", "elapsed": 79.479006, "delta": 0.000457}}
{"target": -17.839912292091636, "params": {"gamma": 415.0096068709237, "log10_alpha": -0.893812306341883, "log10_colsample_bytree": -0.8824146675758633, "log10_eta": -0.6058806962068357, "log10_lambda": -2.405898268677657, "log10_min_child_weight": 3.9245327989313066, "log10_subsample": -0.20318787940511907, "max_depth": 4.0, "num_boost_round": 50.0}, "datetime": {"datetime": "2024-01-19 00:13:09", "elapsed": 79.479467, "delta": 0.000461}}
{"target": -17.84423432822908, "params": {"gamma": 415.0096068709237, "log10_alpha": -0.893812306341883, "log10_colsample_bytree": -0.8824146675758633, "log10_eta": -0.6058806962068357, "log10_lambda": -2.405898268677657, "log10_min_child_weight": 3.9245327989313066, "log10_subsample": -0.20318787940511907, "max_depth": 4.0, "num_boost_round": 51.0}, "datetime": {"datetime": "2024-01-19 00:13:09", "elapsed": 79.479928, "delta": 0.000461}}
{"target": -17.848950489697625, "params": {"gamma": 415.0096068709237, "log10_alpha": -0.893812306341883, "log10_colsample_bytree": -0.8824146675758633, "log10_eta": -0.6058806962068357, "log10_lambda": -2.405898268677657, "log10_min_child_weight": 3.9245327989313066, "log10_subsample": -0.20318787940511907, "max_depth": 4.0, "num_boost_round": 52.0}, "datetime": {"datetime": "2024-01-19 00:13:09", "elapsed": 79.480405, "delta": 0.000477}}
{"target": -17.848607199714515, "params": {"gamma": 415.0096068709237, "log10_alpha": -0.893812306341883, "log10_colsample_bytree": -0.8824146675758633, "log10_eta": -0.6058806962068357, "log10_lambda": -2.405898268677657, "log10_min_child_weight": 3.9245327989313066, "log10_subsample": -0.20318787940511907, "max_depth": 4.0, "num_boost_round": 53.0}, "datetime": {"datetime": "2024-01-19 00:13:09", "elapsed": 79.480876, "delta": 0.000471}}
{"target": -17.849594098403305, "params": {"gamma": 415.0096068709237, "log10_alpha": -0.893812306341883, "log10_colsample_bytree": -0.8824146675758633, "log10_eta": -0.6058806962068357, "log10_lambda": -2.405898268677657, "log10_min_child_weight": 3.9245327989313066, "log10_subsample": -0.20318787940511907, "max_depth": 4.0, "num_boost_round": 54.0}, "datetime": {"datetime": "2024-01-19 00:13:09", "elapsed": 79.481469, "delta": 0.000593}}
{"target": -17.85342820976493, "params": {"gamma": 415.0096068709237, "log10_alpha": -0.893812306341883, "log10_colsample_bytree": -0.8824146675758633, "log10_eta": -0.6058806962068357, "log10_lambda": -2.405898268677657, "log10_min_child_weight": 3.9245327989313066, "log10_subsample": -0.20318787940511907, "max_depth": 4.0, "num_boost_round": 55.0}, "datetime": {"datetime": "2024-01-19 00:13:09", "elapsed": 79.481938, "delta": 0.000469}}
{"target": -17.853974437614195, "params": {"gamma": 415.0096068709237, "log10_alpha": -0.893812306341883, "log10_colsample_bytree": -0.8824146675758633, "log10_eta": -0.6058806962068357, "log10_lambda": -2.405898268677657, "log10_min_child_weight": 3.9245327989313066, "log10_subsample": -0.20318787940511907, "max_depth": 4.0, "num_boost_round": 56.0}, "datetime": {"datetime": "2024-01-19 00:13:09", "elapsed": 79.482413, "delta": 0.000475}}
{"target": -17.85358986832059, "params": {"gamma": 415.0096068709237, "log10_alpha": -0.893812306341883, "log10_colsample_bytree": -0.8824146675758633, "log10_eta": -0.6058806962068357, "log10_lambda": -2.405898268677657, "log10_min_child_weight": 3.9245327989313066, "log10_subsample": -0.20318787940511907, "max_depth": 4.0, "num_boost_round": 57.0}, "datetime": {"datetime": "2024-01-19 00:13:09", "elapsed": 79.482883, "delta": 0.00047}}
{"target": -17.85657043667875, "params": {"gamma": 415.0096068709237, "log10_alpha": -0.893812306341883, "log10_colsample_bytree": -0.8824146675758633, "log10_eta": -0.6058806962068357, "log10_lambda": -2.405898268677657, "log10_min_child_weight": 3.9245327989313066, "log10_subsample": -0.20318787940511907, "max_depth": 4.0, "num_boost_round": 58.0}, "datetime": {"datetime": "2024-01-19 00:13:09", "elapsed": 79.483368, "delta": 0.000485}}
{"target": -17.862971053033675, "params": {"gamma": 415.0096068709237, "log10_alpha": -0.893812306341883, "log10_colsample_bytree": -0.8824146675758633, "log10_eta": -0.6058806962068357, "log10_lambda": -2.405898268677657, "log10_min_child_weight": 3.9245327989313066, "log10_subsample": -0.20318787940511907, "max_depth": 4.0, "num_boost_round": 59.0}, "datetime": {"datetime": "2024-01-19 00:13:09", "elapsed": 79.483841, "delta": 0.000473}}
{"target": -17.86355412471981, "params": {"gamma": 415.0096068709237, "log10_alpha": -0.893812306341883, "log10_colsample_bytree": -0.8824146675758633, "log10_eta": -0.6058806962068357, "log10_lambda": -2.405898268677657, "log10_min_child_weight": 3.9245327989313066, "log10_subsample": -0.20318787940511907, "max_depth": 4.0, "num_boost_round": 60.0}, "datetime": {"datetime": "2024-01-19 00:13:09", "elapsed": 79.484314, "delta": 0.000473}}
{"target": -17.871146582375093, "params": {"gamma": 415.0096068709237, "log10_alpha": -0.893812306341883, "log10_colsample_bytree": -0.8824146675758633, "log10_eta": -0.6058806962068357, "log10_lambda": -2.405898268677657, "log10_min_child_weight": 3.9245327989313066, "log10_subsample": -0.20318787940511907, "max_depth": 4.0, "num_boost_round": 61.0}, "datetime": {"datetime": "2024-01-19 00:13:09", "elapsed": 79.484794, "delta": 0.00048}}
{"target": -17.875808637096693, "params": {"gamma": 415.0096068709237, "log10_alpha": -0.893812306341883, "log10_colsample_bytree": -0.8824146675758633, "log10_eta": -0.6058806962068357, "log10_lambda": -2.405898268677657, "log10_min_child_weight": 3.9245327989313066, "log10_subsample": -0.20318787940511907, "max_depth": 4.0, "num_boost_round": 62.0}, "datetime": {"datetime": "2024-01-19 00:13:09", "elapsed": 79.485266, "delta": 0.000472}}
{"target": -17.877111734532992, "params": {"gamma": 415.0096068709237, "log10_alpha": -0.893812306341883, "log10_colsample_bytree": -0.8824146675758633, "log10_eta": -0.6058806962068357, "log10_lambda": -2.405898268677657, "log10_min_child_weight": 3.9245327989313066, "log10_subsample": -0.20318787940511907, "max_depth": 4.0, "num_boost_round": 63.0}, "datetime": {"datetime": "2024-01-19 00:13:09", "elapsed": 79.485743, "delta": 0.000477}}
{"target": -17.88229168617, "params": {"gamma": 415.0096068709237, "log10_alpha": -0.893812306341883, "log10_colsample_bytree": -0.8824146675758633, "log10_eta": -0.6058806962068357, "log10_lambda": -2.405898268677657, "log10_min_child_weight": 3.9245327989313066, "log10_subsample": -0.20318787940511907, "max_depth": 4.0, "num_boost_round": 64.0}, "datetime": {"datetime": "2024-01-19 00:13:09", "elapsed": 79.486224, "delta": 0.000481}}
{"target": -17.88752696744767, "params": {"gamma": 415.0096068709237, "log10_alpha": -0.893812306341883, "log10_colsample_bytree": -0.8824146675758633, "log10_eta": -0.6058806962068357, "log10_lambda": -2.405898268677657, "log10_min_child_weight": 3.9245327989313066, "log10_subsample": -0.20318787940511907, "max_depth": 4.0, "num_boost_round": 65.0}, "datetime": {"datetime": "2024-01-19 00:13:09", "elapsed": 79.486715, "delta": 0.000491}}
{"target": -17.89084418304211, "params": {"gamma": 415.0096068709237, "log10_alpha": -0.893812306341883, "log10_colsample_bytree": -0.8824146675758633, "log10_eta": -0.6058806962068357, "log10_lambda": -2.405898268677657, "log10_min_child_weight": 3.9245327989313066, "log10_subsample": -0.20318787940511907, "max_depth": 4.0, "num_boost_round": 66.0}, "datetime": {"datetime": "2024-01-19 00:13:09", "elapsed": 79.487196, "delta": 0.000481}}
{"target": -17.892129503591114, "params": {"gamma": 415.0096068709237, "log10_alpha": -0.893812306341883, "log10_colsample_bytree": -0.8824146675758633, "log10_eta": -0.6058806962068357, "log10_lambda": -2.405898268677657, "log10_min_child_weight": 3.9245327989313066, "log10_subsample": -0.20318787940511907, "max_depth": 4.0, "num_boost_round": 67.0}, "datetime": {"datetime": "2024-01-19 00:13:09", "elapsed": 79.487682, "delta": 0.000486}}
{"target": -17.89372927549332, "params": {"gamma": 415.0096068709237, "log10_alpha": -0.893812306341883, "log10_colsample_bytree": -0.8824146675758633, "log10_eta": -0.6058806962068357, "log10_lambda": -2.405898268677657, "log10_min_child_weight": 3.9245327989313066, "log10_subsample": -0.20318787940511907, "max_depth": 4.0, "num_boost_round": 68.0}, "datetime": {"datetime": "2024-01-19 00:13:09", "elapsed": 79.488169, "delta": 0.000487}}
{"target": -17.895449797230878, "params": {"gamma": 415.0096068709237, "log10_alpha": -0.893812306341883, "log10_colsample_bytree": -0.8824146675758633, "log10_eta": -0.6058806962068357, "log10_lambda": -2.405898268677657, "log10_min_child_weight": 3.9245327989313066, "log10_subsample": -0.20318787940511907, "max_depth": 4.0, "num_boost_round": 69.0}, "datetime": {"datetime": "2024-01-19 00:13:09", "elapsed": 79.488658, "delta": 0.000489}}
{"target": -17.898790637479006, "params": {"gamma": 415.0096068709237, "log10_alpha": -0.893812306341883, "log10_colsample_bytree": -0.8824146675758633, "log10_eta": -0.6058806962068357, "log10_lambda": -2.405898268677657, "log10_min_child_weight": 3.9245327989313066, "log10_subsample": -0.20318787940511907, "max_depth": 4.0, "num_boost_round": 70.0}, "datetime": {"datetime": "2024-01-19 00:13:09", "elapsed": 79.489143, "delta": 0.000485}}
{"target": -17.899106505845083, "params": {"gamma": 415.0096068709237, "log10_alpha": -0.893812306341883, "log10_colsample_bytree": -0.8824146675758633, "log10_eta": -0.6058806962068357, "log10_lambda": -2.405898268677657, "log10_min_child_weight": 3.9245327989313066, "log10_subsample": -0.20318787940511907, "max_depth": 4.0, "num_boost_round": 71.0}, "datetime": {"datetime": "2024-01-19 00:13:09", "elapsed": 79.489634, "delta": 0.000491}}
{"target": -17.901787784725432, "params": {"gamma": 415.0096068709237, "log10_alpha": -0.893812306341883, "log10_colsample_bytree": -0.8824146675758633, "log10_eta": -0.6058806962068357, "log10_lambda": -2.405898268677657, "log10_min_child_weight": 3.9245327989313066, "log10_subsample": -0.20318787940511907, "max_depth": 4.0, "num_boost_round": 72.0}, "datetime": {"datetime": "2024-01-19 00:13:09", "elapsed": 79.490123, "delta": 0.000489}}
{"target": -17.90380837113825, "params": {"gamma": 415.0096068709237, "log10_alpha": -0.893812306341883, "log10_colsample_bytree": -0.8824146675758633, "log10_eta": -0.6058806962068357, "log10_lambda": -2.405898268677657, "log10_min_child_weight": 3.9245327989313066, "log10_subsample": -0.20318787940511907, "max_depth": 4.0, "num_boost_round": 73.0}, "datetime": {"datetime": "2024-01-19 00:13:09", "elapsed": 79.490618, "delta": 0.000495}}
{"target": -17.9033678677337, "params": {"gamma": 415.0096068709237, "log10_alpha": -0.893812306341883, "log10_colsample_bytree": -0.8824146675758633, "log10_eta": -0.6058806962068357, "log10_lambda": -2.405898268677657, "log10_min_child_weight": 3.9245327989313066, "log10_subsample": -0.20318787940511907, "max_depth": 4.0, "num_boost_round": 74.0}, "datetime": {"datetime": "2024-01-19 00:13:09", "elapsed": 79.491111, "delta": 0.000493}}
