{"target": -13.758235161068274, "params": {"gamma": 201.41437366001958, "log10_alpha": 0.6824878022154302, "log10_colsample_bytree": -0.12463500902083569, "log10_eta": -2.2721673690463375, "log10_lambda": -4.932433960339522, "log10_min_child_weight": 1.0818614863487404, "log10_subsample": -0.8144695032843254, "max_depth": 2.0, "num_boost_round": 6.0}, "datetime": {"datetime": "2024-01-19 00:21:41", "elapsed": 609.352521, "delta": 0.000893}}
{"target": -13.758193472461482, "params": {"gamma": 201.41437366001958, "log10_alpha": 0.6824878022154302, "log10_colsample_bytree": -0.12463500902083569, "log10_eta": -2.2721673690463375, "log10_lambda": -4.932433960339522, "log10_min_child_weight": 1.0818614863487404, "log10_subsample": -0.8144695032843254, "max_depth": 2.0, "num_boost_round": 7.0}, "datetime": {"datetime": "2024-01-19 00:21:41", "elapsed": 609.353405, "delta": 0.000884}}
{"target": -13.758166965412041, "params": {"gamma": 201.41437366001958, "log10_alpha": 0.6824878022154302, "log10_colsample_bytree": -0.12463500902083569, "log10_eta": -2.2721673690463375, "log10_lambda": -4.932433960339522, "log10_min_child_weight": 1.0818614863487404, "log10_subsample": -0.8144695032843254, "max_depth": 2.0, "num_boost_round": 8.0}, "datetime": {"datetime": "2024-01-19 00:21:41", "elapsed": 609.354361, "delta": 0.000956}}
{"target": -13.758145778898335, "params": {"gamma": 201.41437366001958, "log10_alpha": 0.6824878022154302, "log10_colsample_bytree": -0.12463500902083569, "log10_eta": -2.2721673690463375, "log10_lambda": -4.932433960339522, "log10_min_child_weight": 1.0818614863487404, "log10_subsample": -0.8144695032843254, "max_depth": 2.0, "num_boost_round": 9.0}, "datetime": {"datetime": "2024-01-19 00:21:41", "elapsed": 609.35525, "delta": 0.000889}}
{"target": -13.758117052833898, "params": {"gamma": 201.41437366001958, "log10_alpha": 0.6824878022154302, "log10_colsample_bytree": -0.12463500902083569, "log10_eta": -2.2721673690463375, "log10_lambda": -4.932433960339522, "log10_min_child_weight": 1.0818614863487404, "log10_subsample": -0.8144695032843254, "max_depth": 2.0, "num_boost_round": 10.0}, "datetime": {"datetime": "2024-01-19 00:21:41", "elapsed": 609.356126, "delta": 0.000876}}
{"target": -13.75803236317091, "params": {"gamma": 201.41437366001958, "log10_alpha": 0.6824878022154302, "log10_colsample_bytree": -0.12463500902083569, "log10_eta": -2.2721673690463375, "log10_lambda": -4.932433960339522, "log10_min_child_weight": 1.0818614863487404, "log10_subsample": -0.8144695032843254, "max_depth": 2.0, "num_boost_round": 11.0}, "datetime": {"datetime": "2024-01-19 00:21:41", "elapsed": 609.357009, "delta": 0.000883}}
{"target": -13.758042257935784, "params": {"gamma": 201.41437366001958, "log10_alpha": 0.6824878022154302, "log10_colsample_bytree": -0.12463500902083569, "log10_eta": -2.2721673690463375, "log10_lambda": -4.932433960339522, "log10_min_child_weight": 1.0818614863487404, "log10_subsample": -0.8144695032843254, "max_depth": 2.0, "num_boost_round": 12.0}, "datetime": {"datetime": "2024-01-19 00:21:41", "elapsed": 609.357958, "delta": 0.000949}}
{"target": -13.758011962184389, "params": {"gamma": 201.41437366001958, "log10_alpha": 0.6824878022154302, "log10_colsample_bytree": -0.12463500902083569, "log10_eta": -2.2721673690463375, "log10_lambda": -4.932433960339522, "log10_min_child_weight": 1.0818614863487404, "log10_subsample": -0.8144695032843254, "max_depth": 2.0, "num_boost_round": 13.0}, "datetime": {"datetime": "2024-01-19 00:21:41", "elapsed": 609.358844, "delta": 0.000886}}
{"target": -13.757996038727494, "params": {"gamma": 201.41437366001958, "log10_alpha": 0.6824878022154302, "log10_colsample_bytree": -0.12463500902083569, "log10_eta": -2.2721673690463375, "log10_lambda": -4.932433960339522, "log10_min_child_weight": 1.0818614863487404, "log10_subsample": -0.8144695032843254, "max_depth": 2.0, "num_boost_round": 14.0}, "datetime": {"datetime": "2024-01-19 00:21:41", "elapsed": 609.359833, "delta": 0.000989}}
{"target": -13.75799894072332, "params": {"gamma": 201.41437366001958, "log10_alpha": 0.6824878022154302, "log10_colsample_bytree": -0.12463500902083569, "log10_eta": -2.2721673690463375, "log10_lambda": -4.932433960339522, "log10_min_child_weight": 1.0818614863487404, "log10_subsample": -0.8144695032843254, "max_depth": 2.0, "num_boost_round": 15.0}, "datetime": {"datetime": "2024-01-19 00:21:41", "elapsed": 609.36074, "delta": 0.000907}}
{"target": -13.757937435921173, "params": {"gamma": 201.41437366001958, "log10_alpha": 0.6824878022154302, "log10_colsample_bytree": -0.12463500902083569, "log10_eta": -2.2721673690463375, "log10_lambda": -4.932433960339522, "log10_min_child_weight": 1.0818614863487404, "log10_subsample": -0.8144695032843254, "max_depth": 2.0, "num_boost_round": 16.0}, "datetime": {"datetime": "2024-01-19 00:21:41", "elapsed": 609.361635, "delta": 0.000895}}
{"target": -13.75797604759127, "params": {"gamma": 201.41437366001958, "log10_alpha": 0.6824878022154302, "log10_colsample_bytree": -0.12463500902083569, "log10_eta": -2.2721673690463375, "log10_lambda": -4.932433960339522, "log10_min_child_weight": 1.0818614863487404, "log10_subsample": -0.8144695032843254, "max_depth": 2.0, "num_boost_round": 17.0}, "datetime": {"datetime": "2024-01-19 00:21:41", "elapsed": 609.362539, "delta": 0.000904}}
{"target": -13.757992747839252, "params": {"gamma": 201.41437366001958, "log10_alpha": 0.6824878022154302, "log10_colsample_bytree": -0.12463500902083569, "log10_eta": -2.2721673690463375, "log10_lambda": -4.932433960339522, "log10_min_child_weight": 1.0818614863487404, "log10_subsample": -0.8144695032843254, "max_depth": 2.0, "num_boost_round": 18.0}, "datetime": {"datetime": "2024-01-19 00:21:41", "elapsed": 609.363437, "delta": 0.000898}}
{"target": -13.757939738434125, "params": {"gamma": 201.41437366001958, "log10_alpha": 0.6824878022154302, "log10_colsample_bytree": -0.12463500902083569, "log10_eta": -2.2721673690463375, "log10_lambda": -4.932433960339522, "log10_min_child_weight": 1.0818614863487404, "log10_subsample": -0.8144695032843254, "max_depth": 2.0, "num_boost_round": 19.0}, "datetime": {"datetime": "2024-01-19 00:21:41", "elapsed": 609.364328, "delta": 0.000891}}
{"target": -13.757930670698093, "params": {"gamma": 201.41437366001958, "log10_alpha": 0.6824878022154302, "log10_colsample_bytree": -0.12463500902083569, "log10_eta": -2.2721673690463375, "log10_lambda": -4.932433960339522, "log10_min_child_weight": 1.0818614863487404, "log10_subsample": -0.8144695032843254, "max_depth": 2.0, "num_boost_round": 20.0}, "datetime": {"datetime": "2024-01-19 00:21:41", "elapsed": 609.365231, "delta": 0.000903}}
{"target": -13.757941465462453, "params": {"gamma": 201.41437366001958, "log10_alpha": 0.6824878022154302, "log10_colsample_bytree": -0.12463500902083569, "log10_eta": -2.2721673690463375, "log10_lambda": -4.932433960339522, "log10_min_child_weight": 1.0818614863487404, "log10_subsample": -0.8144695032843254, "max_depth": 2.0, "num_boost_round": 21.0}, "datetime": {"datetime": "2024-01-19 00:21:41", "elapsed": 609.366133, "delta": 0.000902}}
{"target": -13.759007558945559, "params": {"gamma": 202.3768823912031, "log10_alpha": -4.082923760787155, "log10_colsample_bytree": -0.11282599866712928, "log10_eta": -1.6777083197121292, "log10_lambda": -4.090193090598606, "log10_min_child_weight": 1.9624853182603545, "log10_subsample": -0.7405775000852082, "max_depth": 8.0, "num_boost_round": 0.0}, "datetime": {"datetime": "2024-01-19 00:22:07", "elapsed": 635.221059, "delta": 25.854926}}
{"target": -13.758849283046397, "params": {"gamma": 202.3768823912031, "log10_alpha": -4.082923760787155, "log10_colsample_bytree": -0.11282599866712928, "log10_eta": -1.6777083197121292, "log10_lambda": -4.090193090598606, "log10_min_child_weight": 1.9624853182603545, "log10_subsample": -0.7405775000852082, "max_depth": 8.0, "num_boost_round": 1.0}, "datetime": {"datetime": "2024-01-19 00:22:07", "elapsed": 635.222387, "delta": 0.001328}}
{"target": -13.759179996986768, "params": {"gamma": 202.3768823912031, "log10_alpha": -4.082923760787155, "log10_colsample_bytree": -0.11282599866712928, "log10_eta": -1.6777083197121292, "log10_lambda": -4.090193090598606, "log10_min_child_weight": 1.9624853182603545, "log10_subsample": -0.7405775000852082, "max_depth": 8.0, "num_boost_round": 2.0}, "datetime": {"datetime": "2024-01-19 00:22:07", "elapsed": 635.22349, "delta": 0.001103}}
{"target": -13.759386285368834, "params": {"gamma": 202.3768823912031, "log10_alpha": -4.082923760787155, "log10_colsample_bytree": -0.11282599866712928, "log10_eta": -1.6777083197121292, "log10_lambda": -4.090193090598606, "log10_min_child_weight": 1.9624853182603545, "log10_subsample": -0.7405775000852082, "max_depth": 8.0, "num_boost_round": 3.0}, "datetime": {"datetime": "2024-01-19 00:22:07", "elapsed": 635.224407, "delta": 0.000917}}
{"target": -13.758696672071512, "params": {"gamma": 202.3768823912031, "log10_alpha": -4.082923760787155, "log10_colsample_bytree": -0.11282599866712928, "log10_eta": -1.6777083197121292, "log10_lambda": -4.090193090598606, "log10_min_child_weight": 1.9624853182603545, "log10_subsample": -0.7405775000852082, "max_depth": 8.0, "num_boost_round": 4.0}, "datetime": {"datetime": "2024-01-19 00:22:07", "elapsed": 635.225597, "delta": 0.00119}}
{"target": -13.759408591473946, "params": {"gamma": 202.3768823912031, "log10_alpha": -4.082923760787155, "log10_colsample_bytree": -0.11282599866712928, "log10_eta": -1.6777083197121292, "log10_lambda": -4.090193090598606, "log10_min_child_weight": 1.9624853182603545, "log10_subsample": -0.7405775000852082, "max_depth": 8.0, "num_boost_round": 5.0}, "datetime": {"datetime": "2024-01-19 00:22:07", "elapsed": 635.226655, "delta": 0.001058}}
{"target": -13.759989101462809, "params": {"gamma": 202.3768823912031, "log10_alpha": -4.082923760787155, "log10_colsample_bytree": -0.11282599866712928, "log10_eta": -1.6777083197121292, "log10_lambda": -4.090193090598606, "log10_min_child_weight": 1.9624853182603545, "log10_subsample": -0.7405775000852082, "max_depth": 8.0, "num_boost_round": 6.0}, "datetime": {"datetime": "2024-01-19 00:22:07", "elapsed": 635.227721, "delta": 0.001066}}
{"target": -13.760794474917661, "params": {"gamma": 202.3768823912031, "log10_alpha": -4.082923760787155, "log10_colsample_bytree": -0.11282599866712928, "log10_eta": -1.6777083197121292, "log10_lambda": -4.090193090598606, "log10_min_child_weight": 1.9624853182603545, "log10_subsample": -0.7405775000852082, "max_depth": 8.0, "num_boost_round": 7.0}, "datetime": {"datetime": "2024-01-19 00:22:07", "elapsed": 635.228658, "delta": 0.000937}}
{"target": -13.761397164172946, "params": {"gamma": 202.3768823912031, "log10_alpha": -4.082923760787155, "log10_colsample_bytree": -0.11282599866712928, "log10_eta": -1.6777083197121292, "log10_lambda": -4.090193090598606, "log10_min_child_weight": 1.9624853182603545, "log10_subsample": -0.7405775000852082, "max_depth": 8.0, "num_boost_round": 8.0}, "datetime": {"datetime": "2024-01-19 00:22:07", "elapsed": 635.229563, "delta": 0.000905}}
{"target": -13.762093672237489, "params": {"gamma": 202.3768823912031, "log10_alpha": -4.082923760787155, "log10_colsample_bytree": -0.11282599866712928, "log10_eta": -1.6777083197121292, "log10_lambda": -4.090193090598606, "log10_min_child_weight": 1.9624853182603545, "log10_subsample": -0.7405775000852082, "max_depth": 8.0, "num_boost_round": 9.0}, "datetime": {"datetime": "2024-01-19 00:22:07", "elapsed": 635.23059, "delta": 0.001027}}
{"target": -13.763455824634338, "params": {"gamma": 202.3768823912031, "log10_alpha": -4.082923760787155, "log10_colsample_bytree": -0.11282599866712928, "log10_eta": -1.6777083197121292, "log10_lambda": -4.090193090598606, "log10_min_child_weight": 1.9624853182603545, "log10_subsample": -0.7405775000852082, "max_depth": 8.0, "num_boost_round": 10.0}, "datetime": {"datetime": "2024-01-19 00:22:07", "elapsed": 635.231509, "delta": 0.000919}}
{"target": -13.764690325693117, "params": {"gamma": 202.3768823912031, "log10_alpha": -4.082923760787155, "log10_colsample_bytree": -0.11282599866712928, "log10_eta": -1.6777083197121292, "log10_lambda": -4.090193090598606, "log10_min_child_weight": 1.9624853182603545, "log10_subsample": -0.7405775000852082, "max_depth": 8.0, "num_boost_round": 11.0}, "datetime": {"datetime": "2024-01-19 00:22:07", "elapsed": 635.232416, "delta": 0.000907}}
{"target": -13.765327831309044, "params": {"gamma": 202.3768823912031, "log10_alpha": -4.082923760787155, "log10_colsample_bytree": -0.11282599866712928, "log10_eta": -1.6777083197121292, "log10_lambda": -4.090193090598606, "log10_min_child_weight": 1.9624853182603545, "log10_subsample": -0.7405775000852082, "max_depth": 8.0, "num_boost_round": 12.0}, "datetime": {"datetime": "2024-01-19 00:22:07", "elapsed": 635.233327, "delta": 0.000911}}
{"target": -13.765708874028126, "params": {"gamma": 202.3768823912031, "log10_alpha": -4.082923760787155, "log10_colsample_bytree": -0.11282599866712928, "log10_eta": -1.6777083197121292, "log10_lambda": -4.090193090598606, "log10_min_child_weight": 1.9624853182603545, "log10_subsample": -0.7405775000852082, "max_depth": 8.0, "num_boost_round": 13.0}, "datetime": {"datetime": "2024-01-19 00:22:07", "elapsed": 635.234239, "delta": 0.000912}}
{"target": -13.76693503629927, "params": {"gamma": 202.3768823912031, "log10_alpha": -4.082923760787155, "log10_colsample_bytree": -0.11282599866712928, "log10_eta": -1.6777083197121292, "log10_lambda": -4.090193090598606, "log10_min_child_weight": 1.9624853182603545, "log10_subsample": -0.7405775000852082, "max_depth": 8.0, "num_boost_round": 14.0}, "datetime": {"datetime": "2024-01-19 00:22:07", "elapsed": 635.235151, "delta": 0.000912}}
{"target": -13.7683811103804, "params": {"gamma": 202.3768823912031, "log10_alpha": -4.082923760787155, "log10_colsample_bytree": -0.11282599866712928, "log10_eta": -1.6777083197121292, "log10_lambda": -4.090193090598606, "log10_min_child_weight": 1.9624853182603545, "log10_subsample": -0.7405775000852082, "max_depth": 8.0, "num_boost_round": 15.0}, "datetime": {"datetime": "2024-01-19 00:22:07", "elapsed": 635.236062, "delta": 0.000911}}
{"target": -13.768994386259244, "params": {"gamma": 202.3768823912031, "log10_alpha": -4.082923760787155, "log10_colsample_bytree": -0.11282599866712928, "log10_eta": -1.6777083197121292, "log10_lambda": -4.090193090598606, "log10_min_child_weight": 1.9624853182603545, "log10_subsample": -0.7405775000852082, "max_depth": 8.0, "num_boost_round": 16.0}, "datetime": {"datetime": "2024-01-19 00:22:07", "elapsed": 635.237017, "delta": 0.000955}}
{"target": -13.7692693331655, "params": {"gamma": 202.3768823912031, "log10_alpha": -4.082923760787155, "log10_colsample_bytree": -0.11282599866712928, "log10_eta": -1.6777083197121292, "log10_lambda": -4.090193090598606, "log10_min_child_weight": 1.9624853182603545, "log10_subsample": -0.7405775000852082, "max_depth": 8.0, "num_boost_round": 17.0}, "datetime": {"datetime": "2024-01-19 00:22:07", "elapsed": 635.238002, "delta": 0.000985}}
{"target": -13.770554058158117, "params": {"gamma": 202.3768823912031, "log10_alpha": -4.082923760787155, "log10_colsample_bytree": -0.11282599866712928, "log10_eta": -1.6777083197121292, "log10_lambda": -4.090193090598606, "log10_min_child_weight": 1.9624853182603545, "log10_subsample": -0.7405775000852082, "max_depth": 8.0, "num_boost_round": 18.0}, "datetime": {"datetime": "2024-01-19 00:22:07", "elapsed": 635.238924, "delta": 0.000922}}
{"target": -13.77117430193558, "params": {"gamma": 202.3768823912031, "log10_alpha": -4.082923760787155, "log10_colsample_bytree": -0.11282599866712928, "log10_eta": -1.6777083197121292, "log10_lambda": -4.090193090598606, "log10_min_child_weight": 1.9624853182603545, "log10_subsample": -0.7405775000852082, "max_depth": 8.0, "num_boost_round": 19.0}, "datetime": {"datetime": "2024-01-19 00:22:07", "elapsed": 635.240041, "delta": 0.001117}}
{"target": -13.771862558830794, "params": {"gamma": 202.3768823912031, "log10_alpha": -4.082923760787155, "log10_colsample_bytree": -0.11282599866712928, "log10_eta": -1.6777083197121292, "log10_lambda": -4.090193090598606, "log10_min_child_weight": 1.9624853182603545, "log10_subsample": -0.7405775000852082, "max_depth": 8.0, "num_boost_round": 20.0}, "datetime": {"datetime": "2024-01-19 00:22:07", "elapsed": 635.241148, "delta": 0.001107}}
{"target": -13.773607096071439, "params": {"gamma": 202.3768823912031, "log10_alpha": -4.082923760787155, "log10_colsample_bytree": -0.11282599866712928, "log10_eta": -1.6777083197121292, "log10_lambda": -4.090193090598606, "log10_min_child_weight": 1.9624853182603545, "log10_subsample": -0.7405775000852082, "max_depth": 8.0, "num_boost_round": 21.0}, "datetime": {"datetime": "2024-01-19 00:22:07", "elapsed": 635.242552, "delta": 0.001404}}
{"target": -13.774893342849879, "params": {"gamma": 202.3768823912031, "log10_alpha": -4.082923760787155, "log10_colsample_bytree": -0.11282599866712928, "log10_eta": -1.6777083197121292, "log10_lambda": -4.090193090598606, "log10_min_child_weight": 1.9624853182603545, "log10_subsample": -0.7405775000852082, "max_depth": 8.0, "num_boost_round": 22.0}, "datetime": {"datetime": "2024-01-19 00:22:07", "elapsed": 635.244122, "delta": 0.00157}}
{"target": -13.776427960577326, "params": {"gamma": 202.3768823912031, "log10_alpha": -4.082923760787155, "log10_colsample_bytree": -0.11282599866712928, "log10_eta": -1.6777083197121292, "log10_lambda": -4.090193090598606, "log10_min_child_weight": 1.9624853182603545, "log10_subsample": -0.7405775000852082, "max_depth": 8.0, "num_boost_round": 23.0}, "datetime": {"datetime": "2024-01-19 00:22:07", "elapsed": 635.245368, "delta": 0.001246}}
{"target": -13.758422761928468, "params": {"gamma": 194.8023981712007, "log10_alpha": 0.6818791779676925, "log10_colsample_bytree": -0.912499055039344, "log10_eta": -2.173924678277513, "log10_lambda": 0.44682909666859594, "log10_min_child_weight": 2.891686781606839, "log10_subsample": -0.1631912637250299, "max_depth": 5.0, "num_boost_round": 0.0}, "datetime": {"datetime": "2024-01-19 00:22:29", "elapsed": 657.508432, "delta": 22.263064}}
{"target": -13.758366244608126, "params": {"gamma": 194.8023981712007, "log10_alpha": 0.6818791779676925, "log10_colsample_bytree": -0.912499055039344, "log10_eta": -2.173924678277513, "log10_lambda": 0.44682909666859594, "log10_min_child_weight": 2.891686781606839, "log10_subsample": -0.1631912637250299, "max_depth": 5.0, "num_boost_round": 1.0}, "datetime": {"datetime": "2024-01-19 00:22:29", "elapsed": 657.509847, "delta": 0.001415}}
{"target": -13.758327433201641, "params": {"gamma": 194.8023981712007, "log10_alpha": 0.6818791779676925, "log10_colsample_bytree": -0.912499055039344, "log10_eta": -2.173924678277513, "log10_lambda": 0.44682909666859594, "log10_min_child_weight": 2.891686781606839, "log10_subsample": -0.1631912637250299, "max_depth": 5.0, "num_boost_round": 2.0}, "datetime": {"datetime": "2024-01-19 00:22:29", "elapsed": 657.511143, "delta": 0.001296}}
{"target": -13.758304914804684, "params": {"gamma": 194.8023981712007, "log10_alpha": 0.6818791779676925, "log10_colsample_bytree": -0.912499055039344, "log10_eta": -2.173924678277513, "log10_lambda": 0.44682909666859594, "log10_min_child_weight": 2.891686781606839, "log10_subsample": -0.1631912637250299, "max_depth": 5.0, "num_boost_round": 3.0}, "datetime": {"datetime": "2024-01-19 00:22:29", "elapsed": 657.512364, "delta": 0.001221}}
{"target": -13.758234216288892, "params": {"gamma": 194.8023981712007, "log10_alpha": 0.6818791779676925, "log10_colsample_bytree": -0.912499055039344, "log10_eta": -2.173924678277513, "log10_lambda": 0.44682909666859594, "log10_min_child_weight": 2.891686781606839, "log10_subsample": -0.1631912637250299, "max_depth": 5.0, "num_boost_round": 4.0}, "datetime": {"datetime": "2024-01-19 00:22:29", "elapsed": 657.513539, "delta": 0.001175}}
{"target": -13.758080530407776, "params": {"gamma": 194.8023981712007, "log10_alpha": 0.6818791779676925, "log10_colsample_bytree": -0.912499055039344, "log10_eta": -2.173924678277513, "log10_lambda": 0.44682909666859594, "log10_min_child_weight": 2.891686781606839, "log10_subsample": -0.1631912637250299, "max_depth": 5.0, "num_boost_round": 5.0}, "datetime": {"datetime": "2024-01-19 00:22:29", "elapsed": 657.514482, "delta": 0.000943}}
{"target": -13.758100960869154, "params": {"gamma": 194.8023981712007, "log10_alpha": 0.6818791779676925, "log10_colsample_bytree": -0.912499055039344, "log10_eta": -2.173924678277513, "log10_lambda": 0.44682909666859594, "log10_min_child_weight": 2.891686781606839, "log10_subsample": -0.1631912637250299, "max_depth": 5.0, "num_boost_round": 6.0}, "datetime": {"datetime": "2024-01-19 00:22:29", "elapsed": 657.515416, "delta": 0.000934}}
{"target": -13.757884315463254, "params": {"gamma": 194.8023981712007, "log10_alpha": 0.6818791779676925, "log10_colsample_bytree": -0.912499055039344, "log10_eta": -2.173924678277513, "log10_lambda": 0.44682909666859594, "log10_min_child_weight": 2.891686781606839, "log10_subsample": -0.1631912637250299, "max_depth": 5.0, "num_boost_round": 7.0}, "datetime": {"datetime": "2024-01-19 00:22:29", "elapsed": 657.516351, "delta": 0.000935}}
{"target": -13.757859805955666, "params": {"gamma": 194.8023981712007, "log10_alpha": 0.6818791779676925, "log10_colsample_bytree": -0.912499055039344, "log10_eta": -2.173924678277513, "log10_lambda": 0.44682909666859594, "log10_min_child_weight": 2.891686781606839, "log10_subsample": -0.1631912637250299, "max_depth": 5.0, "num_boost_round": 8.0}, "datetime": {"datetime": "2024-01-19 00:22:29", "elapsed": 657.517277, "delta": 0.000926}}
