{"target": -17.675224510628713, "params": {"gamma": 616.2198769471397, "log10_alpha": -3.0424761227834525, "log10_colsample_bytree": -0.935306049634169, "log10_eta": -1.6784579940481463, "log10_lambda": -2.985214645355304, "log10_min_child_weight": 0.6644919906428243, "log10_subsample": -0.6665913292556841, "max_depth": 9.0, "num_boost_round": 8.0}, "datetime": {"datetime": "2024-01-19 01:49:04", "elapsed": 5842.046432, "delta": 0.004902}}
{"target": -17.674672847043002, "params": {"gamma": 616.2198769471397, "log10_alpha": -3.0424761227834525, "log10_colsample_bytree": -0.935306049634169, "log10_eta": -1.6784579940481463, "log10_lambda": -2.985214645355304, "log10_min_child_weight": 0.6644919906428243, "log10_subsample": -0.6665913292556841, "max_depth": 9.0, "num_boost_round": 9.0}, "datetime": {"datetime": "2024-01-19 01:49:04", "elapsed": 5842.051502, "delta": 0.00507}}
{"target": -17.674823358886755, "params": {"gamma": 616.2198769471397, "log10_alpha": -3.0424761227834525, "log10_colsample_bytree": -0.935306049634169, "log10_eta": -1.6784579940481463, "log10_lambda": -2.985214645355304, "log10_min_child_weight": 0.6644919906428243, "log10_subsample": -0.6665913292556841, "max_depth": 9.0, "num_boost_round": 10.0}, "datetime": {"datetime": "2024-01-19 01:49:04", "elapsed": 5842.056562, "delta": 0.00506}}
{"target": -17.67370150559907, "params": {"gamma": 616.2198769471397, "log10_alpha": -3.0424761227834525, "log10_colsample_bytree": -0.935306049634169, "log10_eta": -1.6784579940481463, "log10_lambda": -2.985214645355304, "log10_min_child_weight": 0.6644919906428243, "log10_subsample": -0.6665913292556841, "max_depth": 9.0, "num_boost_round": 11.0}, "datetime": {"datetime": "2024-01-19 01:49:04", "elapsed": 5842.061533, "delta": 0.004971}}
{"target": -17.672172892250256, "params": {"gamma": 616.2198769471397, "log10_alpha": -3.0424761227834525, "log10_colsample_bytree": -0.935306049634169, "log10_eta": -1.6784579940481463, "log10_lambda": -2.985214645355304, "log10_min_child_weight": 0.6644919906428243, "log10_subsample": -0.6665913292556841, "max_depth": 9.0, "num_boost_round": 12.0}, "datetime": {"datetime": "2024-01-19 01:49:04", "elapsed": 5842.066445, "delta": 0.004912}}
{"target": -17.672306051097184, "params": {"gamma": 616.2198769471397, "log10_alpha": -3.0424761227834525, "log10_colsample_bytree": -0.935306049634169, "log10_eta": -1.6784579940481463, "log10_lambda": -2.985214645355304, "log10_min_child_weight": 0.6644919906428243, "log10_subsample": -0.6665913292556841, "max_depth": 9.0, "num_boost_round": 13.0}, "datetime": {"datetime": "2024-01-19 01:49:04", "elapsed": 5842.071483, "delta": 0.005038}}
{"target": -17.671159914390635, "params": {"gamma": 616.2198769471397, "log10_alpha": -3.0424761227834525, "log10_colsample_bytree": -0.935306049634169, "log10_eta": -1.6784579940481463, "log10_lambda": -2.985214645355304, "log10_min_child_weight": 0.6644919906428243, "log10_subsample": -0.6665913292556841, "max_depth": 9.0, "num_boost_round": 14.0}, "datetime": {"datetime": "2024-01-19 01:49:04", "elapsed": 5842.076955, "delta": 0.005472}}
{"target": -17.670606902442866, "params": {"gamma": 616.2198769471397, "log10_alpha": -3.0424761227834525, "log10_colsample_bytree": -0.935306049634169, "log10_eta": -1.6784579940481463, "log10_lambda": -2.985214645355304, "log10_min_child_weight": 0.6644919906428243, "log10_subsample": -0.6665913292556841, "max_depth": 9.0, "num_boost_round": 15.0}, "datetime": {"datetime": "2024-01-19 01:49:04", "elapsed": 5842.082187, "delta": 0.005232}}
{"target": -17.670548594260058, "params": {"gamma": 616.2198769471397, "log10_alpha": -3.0424761227834525, "log10_colsample_bytree": -0.935306049634169, "log10_eta": -1.6784579940481463, "log10_lambda": -2.985214645355304, "log10_min_child_weight": 0.6644919906428243, "log10_subsample": -0.6665913292556841, "max_depth": 9.0, "num_boost_round": 16.0}, "datetime": {"datetime": "2024-01-19 01:49:04", "elapsed": 5842.087273, "delta": 0.005086}}
{"target": -17.669845690360845, "params": {"gamma": 616.2198769471397, "log10_alpha": -3.0424761227834525, "log10_colsample_bytree": -0.935306049634169, "log10_eta": -1.6784579940481463, "log10_lambda": -2.985214645355304, "log10_min_child_weight": 0.6644919906428243, "log10_subsample": -0.6665913292556841, "max_depth": 9.0, "num_boost_round": 17.0}, "datetime": {"datetime": "2024-01-19 01:49:04", "elapsed": 5842.092313, "delta": 0.00504}}
{"target": -17.66982949182228, "params": {"gamma": 616.2198769471397, "log10_alpha": -3.0424761227834525, "log10_colsample_bytree": -0.935306049634169, "log10_eta": -1.6784579940481463, "log10_lambda": -2.985214645355304, "log10_min_child_weight": 0.6644919906428243, "log10_subsample": -0.6665913292556841, "max_depth": 9.0, "num_boost_round": 18.0}, "datetime": {"datetime": "2024-01-19 01:49:04", "elapsed": 5842.097362, "delta": 0.005049}}
{"target": -17.66772420171712, "params": {"gamma": 616.2198769471397, "log10_alpha": -3.0424761227834525, "log10_colsample_bytree": -0.935306049634169, "log10_eta": -1.6784579940481463, "log10_lambda": -2.985214645355304, "log10_min_child_weight": 0.6644919906428243, "log10_subsample": -0.6665913292556841, "max_depth": 9.0, "num_boost_round": 19.0}, "datetime": {"datetime": "2024-01-19 01:49:04", "elapsed": 5842.102299, "delta": 0.004937}}
{"target": -17.667738237645, "params": {"gamma": 616.2198769471397, "log10_alpha": -3.0424761227834525, "log10_colsample_bytree": -0.935306049634169, "log10_eta": -1.6784579940481463, "log10_lambda": -2.985214645355304, "log10_min_child_weight": 0.6644919906428243, "log10_subsample": -0.6665913292556841, "max_depth": 9.0, "num_boost_round": 20.0}, "datetime": {"datetime": "2024-01-19 01:49:04", "elapsed": 5842.107201, "delta": 0.004902}}
{"target": -17.667296280961825, "params": {"gamma": 616.2198769471397, "log10_alpha": -3.0424761227834525, "log10_colsample_bytree": -0.935306049634169, "log10_eta": -1.6784579940481463, "log10_lambda": -2.985214645355304, "log10_min_child_weight": 0.6644919906428243, "log10_subsample": -0.6665913292556841, "max_depth": 9.0, "num_boost_round": 21.0}, "datetime": {"datetime": "2024-01-19 01:49:04", "elapsed": 5842.112234, "delta": 0.005033}}
{"target": -17.66792680094196, "params": {"gamma": 616.2198769471397, "log10_alpha": -3.0424761227834525, "log10_colsample_bytree": -0.935306049634169, "log10_eta": -1.6784579940481463, "log10_lambda": -2.985214645355304, "log10_min_child_weight": 0.6644919906428243, "log10_subsample": -0.6665913292556841, "max_depth": 9.0, "num_boost_round": 22.0}, "datetime": {"datetime": "2024-01-19 01:49:04", "elapsed": 5842.117244, "delta": 0.00501}}
{"target": -17.66914227457862, "params": {"gamma": 616.2198769471397, "log10_alpha": -3.0424761227834525, "log10_colsample_bytree": -0.935306049634169, "log10_eta": -1.6784579940481463, "log10_lambda": -2.985214645355304, "log10_min_child_weight": 0.6644919906428243, "log10_subsample": -0.6665913292556841, "max_depth": 9.0, "num_boost_round": 23.0}, "datetime": {"datetime": "2024-01-19 01:49:04", "elapsed": 5842.122225, "delta": 0.004981}}
{"target": -17.66924664558477, "params": {"gamma": 616.2198769471397, "log10_alpha": -3.0424761227834525, "log10_colsample_bytree": -0.935306049634169, "log10_eta": -1.6784579940481463, "log10_lambda": -2.985214645355304, "log10_min_child_weight": 0.6644919906428243, "log10_subsample": -0.6665913292556841, "max_depth": 9.0, "num_boost_round": 24.0}, "datetime": {"datetime": "2024-01-19 01:49:04", "elapsed": 5842.127121, "delta": 0.004896}}
{"target": -17.66951098465131, "params": {"gamma": 616.2198769471397, "log10_alpha": -3.0424761227834525, "log10_colsample_bytree": -0.935306049634169, "log10_eta": -1.6784579940481463, "log10_lambda": -2.985214645355304, "log10_min_child_weight": 0.6644919906428243, "log10_subsample": -0.6665913292556841, "max_depth": 9.0, "num_boost_round": 25.0}, "datetime": {"datetime": "2024-01-19 01:49:04", "elapsed": 5842.132203, "delta": 0.005082}}
{"target": -17.668920984098598, "params": {"gamma": 616.2198769471397, "log10_alpha": -3.0424761227834525, "log10_colsample_bytree": -0.935306049634169, "log10_eta": -1.6784579940481463, "log10_lambda": -2.985214645355304, "log10_min_child_weight": 0.6644919906428243, "log10_subsample": -0.6665913292556841, "max_depth": 9.0, "num_boost_round": 26.0}, "datetime": {"datetime": "2024-01-19 01:49:04", "elapsed": 5842.137421, "delta": 0.005218}}
{"target": -17.67000690181439, "params": {"gamma": 616.2198769471397, "log10_alpha": -3.0424761227834525, "log10_colsample_bytree": -0.935306049634169, "log10_eta": -1.6784579940481463, "log10_lambda": -2.985214645355304, "log10_min_child_weight": 0.6644919906428243, "log10_subsample": -0.6665913292556841, "max_depth": 9.0, "num_boost_round": 27.0}, "datetime": {"datetime": "2024-01-19 01:49:04", "elapsed": 5842.142584, "delta": 0.005163}}
{"target": -17.66968367833769, "params": {"gamma": 616.2198769471397, "log10_alpha": -3.0424761227834525, "log10_colsample_bytree": -0.935306049634169, "log10_eta": -1.6784579940481463, "log10_lambda": -2.985214645355304, "log10_min_child_weight": 0.6644919906428243, "log10_subsample": -0.6665913292556841, "max_depth": 9.0, "num_boost_round": 28.0}, "datetime": {"datetime": "2024-01-19 01:49:04", "elapsed": 5842.147521, "delta": 0.004937}}
{"target": -17.668911767194018, "params": {"gamma": 616.2198769471397, "log10_alpha": -3.0424761227834525, "log10_colsample_bytree": -0.935306049634169, "log10_eta": -1.6784579940481463, "log10_lambda": -2.985214645355304, "log10_min_child_weight": 0.6644919906428243, "log10_subsample": -0.6665913292556841, "max_depth": 9.0, "num_boost_round": 29.0}, "datetime": {"datetime": "2024-01-19 01:49:04", "elapsed": 5842.152765, "delta": 0.005244}}
{"target": -17.669417607930978, "params": {"gamma": 616.2198769471397, "log10_alpha": -3.0424761227834525, "log10_colsample_bytree": -0.935306049634169, "log10_eta": -1.6784579940481463, "log10_lambda": -2.985214645355304, "log10_min_child_weight": 0.6644919906428243, "log10_subsample": -0.6665913292556841, "max_depth": 9.0, "num_boost_round": 30.0}, "datetime": {"datetime": "2024-01-19 01:49:04", "elapsed": 5842.157999, "delta": 0.005234}}
{"target": -17.66972927708727, "params": {"gamma": 616.2198769471397, "log10_alpha": -3.0424761227834525, "log10_colsample_bytree": -0.935306049634169, "log10_eta": -1.6784579940481463, "log10_lambda": -2.985214645355304, "log10_min_child_weight": 0.6644919906428243, "log10_subsample": -0.6665913292556841, "max_depth": 9.0, "num_boost_round": 31.0}, "datetime": {"datetime": "2024-01-19 01:49:04", "elapsed": 5842.163064, "delta": 0.005065}}
{"target": -17.67025504887017, "params": {"gamma": 616.2198769471397, "log10_alpha": -3.0424761227834525, "log10_colsample_bytree": -0.935306049634169, "log10_eta": -1.6784579940481463, "log10_lambda": -2.985214645355304, "log10_min_child_weight": 0.6644919906428243, "log10_subsample": -0.6665913292556841, "max_depth": 9.0, "num_boost_round": 32.0}, "datetime": {"datetime": "2024-01-19 01:49:04", "elapsed": 5842.167981, "delta": 0.004917}}
{"target": -17.671589034848022, "params": {"gamma": 616.2198769471397, "log10_alpha": -3.0424761227834525, "log10_colsample_bytree": -0.935306049634169, "log10_eta": -1.6784579940481463, "log10_lambda": -2.985214645355304, "log10_min_child_weight": 0.6644919906428243, "log10_subsample": -0.6665913292556841, "max_depth": 9.0, "num_boost_round": 33.0}, "datetime": {"datetime": "2024-01-19 01:49:04", "elapsed": 5842.172911, "delta": 0.00493}}
{"target": -17.672395982378188, "params": {"gamma": 616.2198769471397, "log10_alpha": -3.0424761227834525, "log10_colsample_bytree": -0.935306049634169, "log10_eta": -1.6784579940481463, "log10_lambda": -2.985214645355304, "log10_min_child_weight": 0.6644919906428243, "log10_subsample": -0.6665913292556841, "max_depth": 9.0, "num_boost_round": 34.0}, "datetime": {"datetime": "2024-01-19 01:49:04", "elapsed": 5842.177996, "delta": 0.005085}}
{"target": -17.67355820111106, "params": {"gamma": 616.2198769471397, "log10_alpha": -3.0424761227834525, "log10_colsample_bytree": -0.935306049634169, "log10_eta": -1.6784579940481463, "log10_lambda": -2.985214645355304, "log10_min_child_weight": 0.6644919906428243, "log10_subsample": -0.6665913292556841, "max_depth": 9.0, "num_boost_round": 35.0}, "datetime": {"datetime": "2024-01-19 01:49:04", "elapsed": 5842.182904, "delta": 0.004908}}
{"target": -17.67360843230456, "params": {"gamma": 616.2198769471397, "log10_alpha": -3.0424761227834525, "log10_colsample_bytree": -0.935306049634169, "log10_eta": -1.6784579940481463, "log10_lambda": -2.985214645355304, "log10_min_child_weight": 0.6644919906428243, "log10_subsample": -0.6665913292556841, "max_depth": 9.0, "num_boost_round": 36.0}, "datetime": {"datetime": "2024-01-19 01:49:04", "elapsed": 5842.187888, "delta": 0.004984}}
{"target": -17.673954944105517, "params": {"gamma": 616.2198769471397, "log10_alpha": -3.0424761227834525, "log10_colsample_bytree": -0.935306049634169, "log10_eta": -1.6784579940481463, "log10_lambda": -2.985214645355304, "log10_min_child_weight": 0.6644919906428243, "log10_subsample": -0.6665913292556841, "max_depth": 9.0, "num_boost_round": 37.0}, "datetime": {"datetime": "2024-01-19 01:49:04", "elapsed": 5842.19287, "delta": 0.004982}}
{"target": -17.674565242771656, "params": {"gamma": 616.2198769471397, "log10_alpha": -3.0424761227834525, "log10_colsample_bytree": -0.935306049634169, "log10_eta": -1.6784579940481463, "log10_lambda": -2.985214645355304, "log10_min_child_weight": 0.6644919906428243, "log10_subsample": -0.6665913292556841, "max_depth": 9.0, "num_boost_round": 38.0}, "datetime": {"datetime": "2024-01-19 01:49:04", "elapsed": 5842.197943, "delta": 0.005073}}
{"target": -17.674839180478717, "params": {"gamma": 616.2198769471397, "log10_alpha": -3.0424761227834525, "log10_colsample_bytree": -0.935306049634169, "log10_eta": -1.6784579940481463, "log10_lambda": -2.985214645355304, "log10_min_child_weight": 0.6644919906428243, "log10_subsample": -0.6665913292556841, "max_depth": 9.0, "num_boost_round": 39.0}, "datetime": {"datetime": "2024-01-19 01:49:04", "elapsed": 5842.202909, "delta": 0.004966}}
{"target": -17.67503732322188, "params": {"gamma": 616.2198769471397, "log10_alpha": -3.0424761227834525, "log10_colsample_bytree": -0.935306049634169, "log10_eta": -1.6784579940481463, "log10_lambda": -2.985214645355304, "log10_min_child_weight": 0.6644919906428243, "log10_subsample": -0.6665913292556841, "max_depth": 9.0, "num_boost_round": 40.0}, "datetime": {"datetime": "2024-01-19 01:49:04", "elapsed": 5842.207861, "delta": 0.004952}}
{"target": -17.674875124876912, "params": {"gamma": 616.2198769471397, "log10_alpha": -3.0424761227834525, "log10_colsample_bytree": -0.935306049634169, "log10_eta": -1.6784579940481463, "log10_lambda": -2.985214645355304, "log10_min_child_weight": 0.6644919906428243, "log10_subsample": -0.6665913292556841, "max_depth": 9.0, "num_boost_round": 41.0}, "datetime": {"datetime": "2024-01-19 01:49:04", "elapsed": 5842.212902, "delta": 0.005041}}
{"target": -17.675314368215428, "params": {"gamma": 616.2198769471397, "log10_alpha": -3.0424761227834525, "log10_colsample_bytree": -0.935306049634169, "log10_eta": -1.6784579940481463, "log10_lambda": -2.985214645355304, "log10_min_child_weight": 0.6644919906428243, "log10_subsample": -0.6665913292556841, "max_depth": 9.0, "num_boost_round": 42.0}, "datetime": {"datetime": "2024-01-19 01:49:04", "elapsed": 5842.218009, "delta": 0.005107}}
{"target": -17.67515746320103, "params": {"gamma": 616.2198769471397, "log10_alpha": -3.0424761227834525, "log10_colsample_bytree": -0.935306049634169, "log10_eta": -1.6784579940481463, "log10_lambda": -2.985214645355304, "log10_min_child_weight": 0.6644919906428243, "log10_subsample": -0.6665913292556841, "max_depth": 9.0, "num_boost_round": 43.0}, "datetime": {"datetime": "2024-01-19 01:49:04", "elapsed": 5842.222922, "delta": 0.004913}}
{"target": -17.6755501283037, "params": {"gamma": 616.2198769471397, "log10_alpha": -3.0424761227834525, "log10_colsample_bytree": -0.935306049634169, "log10_eta": -1.6784579940481463, "log10_lambda": -2.985214645355304, "log10_min_child_weight": 0.6644919906428243, "log10_subsample": -0.6665913292556841, "max_depth": 9.0, "num_boost_round": 44.0}, "datetime": {"datetime": "2024-01-19 01:49:04", "elapsed": 5842.227872, "delta": 0.00495}}
{"target": -17.677225837378213, "params": {"gamma": 661.6752871923559, "log10_alpha": -4.865288356287374, "log10_colsample_bytree": -0.8971861753562743, "log10_eta": -3.853089299439978, "log10_lambda": -4.7218433332232355, "log10_min_child_weight": 2.8773658766452703, "log10_subsample": -0.4053370260235234, "max_depth": 7.0, "num_boost_round": 0.0}, "datetime": {"datetime": "2024-01-19 01:50:55", "elapsed": 5953.193388, "delta": 110.965516}}
{"target": -17.677221592432957, "params": {"gamma": 661.6752871923559, "log10_alpha": -4.865288356287374, "log10_colsample_bytree": -0.8971861753562743, "log10_eta": -3.853089299439978, "log10_lambda": -4.7218433332232355, "log10_min_child_weight": 2.8773658766452703, "log10_subsample": -0.4053370260235234, "max_depth": 7.0, "num_boost_round": 1.0}, "datetime": {"datetime": "2024-01-19 01:50:55", "elapsed": 5953.198984, "delta": 0.005596}}
{"target": -17.677217536933398, "params": {"gamma": 661.6752871923559, "log10_alpha": -4.865288356287374, "log10_colsample_bytree": -0.8971861753562743, "log10_eta": -3.853089299439978, "log10_lambda": -4.7218433332232355, "log10_min_child_weight": 2.8773658766452703, "log10_subsample": -0.4053370260235234, "max_depth": 7.0, "num_boost_round": 2.0}, "datetime": {"datetime": "2024-01-19 01:50:55", "elapsed": 5953.203978, "delta": 0.004994}}
{"target": -17.677213430746125, "params": {"gamma": 661.6752871923559, "log10_alpha": -4.865288356287374, "log10_colsample_bytree": -0.8971861753562743, "log10_eta": -3.853089299439978, "log10_lambda": -4.7218433332232355, "log10_min_child_weight": 2.8773658766452703, "log10_subsample": -0.4053370260235234, "max_depth": 7.0, "num_boost_round": 3.0}, "datetime": {"datetime": "2024-01-19 01:50:55", "elapsed": 5953.20919, "delta": 0.005212}}
{"target": -17.677210812096256, "params": {"gamma": 661.6752871923559, "log10_alpha": -4.865288356287374, "log10_colsample_bytree": -0.8971861753562743, "log10_eta": -3.853089299439978, "log10_lambda": -4.7218433332232355, "log10_min_child_weight": 2.8773658766452703, "log10_subsample": -0.4053370260235234, "max_depth": 7.0, "num_boost_round": 4.0}, "datetime": {"datetime": "2024-01-19 01:50:55", "elapsed": 5953.32637, "delta": 0.11718}}
{"target": -17.67720433072835, "params": {"gamma": 661.6752871923559, "log10_alpha": -4.865288356287374, "log10_colsample_bytree": -0.8971861753562743, "log10_eta": -3.853089299439978, "log10_lambda": -4.7218433332232355, "log10_min_child_weight": 2.8773658766452703, "log10_subsample": -0.4053370260235234, "max_depth": 7.0, "num_boost_round": 5.0}, "datetime": {"datetime": "2024-01-19 01:50:55", "elapsed": 5953.332117, "delta": 0.005747}}
{"target": -17.67720826159876, "params": {"gamma": 661.6752871923559, "log10_alpha": -4.865288356287374, "log10_colsample_bytree": -0.8971861753562743, "log10_eta": -3.853089299439978, "log10_lambda": -4.7218433332232355, "log10_min_child_weight": 2.8773658766452703, "log10_subsample": -0.4053370260235234, "max_depth": 7.0, "num_boost_round": 6.0}, "datetime": {"datetime": "2024-01-19 01:50:55", "elapsed": 5953.337775, "delta": 0.005658}}
{"target": -17.677193802521902, "params": {"gamma": 661.6752871923559, "log10_alpha": -4.865288356287374, "log10_colsample_bytree": -0.8971861753562743, "log10_eta": -3.853089299439978, "log10_lambda": -4.7218433332232355, "log10_min_child_weight": 2.8773658766452703, "log10_subsample": -0.4053370260235234, "max_depth": 7.0, "num_boost_round": 7.0}, "datetime": {"datetime": "2024-01-19 01:50:56", "elapsed": 5953.343446, "delta": 0.005671}}
{"target": -17.677186956857597, "params": {"gamma": 661.6752871923559, "log10_alpha": -4.865288356287374, "log10_colsample_bytree": -0.8971861753562743, "log10_eta": -3.853089299439978, "log10_lambda": -4.7218433332232355, "log10_min_child_weight": 2.8773658766452703, "log10_subsample": -0.4053370260235234, "max_depth": 7.0, "num_boost_round": 8.0}, "datetime": {"datetime": "2024-01-19 01:50:56", "elapsed": 5953.34879, "delta": 0.005344}}
{"target": -17.677183460334575, "params": {"gamma": 661.6752871923559, "log10_alpha": -4.865288356287374, "log10_colsample_bytree": -0.8971861753562743, "log10_eta": -3.853089299439978, "log10_lambda": -4.7218433332232355, "log10_min_child_weight": 2.8773658766452703, "log10_subsample": -0.4053370260235234, "max_depth": 7.0, "num_boost_round": 9.0}, "datetime": {"datetime": "2024-01-19 01:50:56", "elapsed": 5953.353822, "delta": 0.005032}}
{"target": -17.67717399455858, "params": {"gamma": 661.6752871923559, "log10_alpha": -4.865288356287374, "log10_colsample_bytree": -0.8971861753562743, "log10_eta": -3.853089299439978, "log10_lambda": -4.7218433332232355, "log10_min_child_weight": 2.8773658766452703, "log10_subsample": -0.4053370260235234, "max_depth": 7.0, "num_boost_round": 10.0}, "datetime": {"datetime": "2024-01-19 01:50:56", "elapsed": 5953.358877, "delta": 0.005055}}
{"target": -17.67715882231705, "params": {"gamma": 539.9511662674605, "log10_alpha": -2.6873720810240593, "log10_colsample_bytree": -0.983146178218015, "log10_eta": -2.9044032922068874, "log10_lambda": -4.315623787958835, "log10_min_child_weight": 0.2897939762856311, "log10_subsample": -0.18537064397378278, "max_depth": 9.0, "num_boost_round": 0.0}, "datetime": {"datetime": "2024-01-19 01:52:26", "elapsed": 6044.016865, "delta": 90.657988}}
