{"target": -13.758527444593733, "params": {"gamma": 126.65220641049812, "log10_alpha": -1.7119758039720168, "log10_colsample_bytree": -0.7002570480527728, "log10_eta": -3.9030919440463894, "log10_lambda": -2.7354226800856667, "log10_min_child_weight": 4.1170800964548535, "log10_subsample": -0.09205409306874612, "max_depth": 3.0, "num_boost_round": 10.0}, "datetime": {"datetime": "2024-01-19 01:07:23", "elapsed": 3351.097605, "delta": 0.003327}}
{"target": -13.758526577358873, "params": {"gamma": 126.65220641049812, "log10_alpha": -1.7119758039720168, "log10_colsample_bytree": -0.7002570480527728, "log10_eta": -3.9030919440463894, "log10_lambda": -2.7354226800856667, "log10_min_child_weight": 4.1170800964548535, "log10_subsample": -0.09205409306874612, "max_depth": 3.0, "num_boost_round": 11.0}, "datetime": {"datetime": "2024-01-19 01:07:23", "elapsed": 3351.101013, "delta": 0.003408}}
{"target": -13.75852530153001, "params": {"gamma": 126.65220641049812, "log10_alpha": -1.7119758039720168, "log10_colsample_bytree": -0.7002570480527728, "log10_eta": -3.9030919440463894, "log10_lambda": -2.7354226800856667, "log10_min_child_weight": 4.1170800964548535, "log10_subsample": -0.09205409306874612, "max_depth": 3.0, "num_boost_round": 12.0}, "datetime": {"datetime": "2024-01-19 01:07:23", "elapsed": 3351.104322, "delta": 0.003309}}
{"target": -13.758523970779448, "params": {"gamma": 126.65220641049812, "log10_alpha": -1.7119758039720168, "log10_colsample_bytree": -0.7002570480527728, "log10_eta": -3.9030919440463894, "log10_lambda": -2.7354226800856667, "log10_min_child_weight": 4.1170800964548535, "log10_subsample": -0.09205409306874612, "max_depth": 3.0, "num_boost_round": 13.0}, "datetime": {"datetime": "2024-01-19 01:07:23", "elapsed": 3351.107684, "delta": 0.003362}}
{"target": -13.758523111876078, "params": {"gamma": 126.65220641049812, "log10_alpha": -1.7119758039720168, "log10_colsample_bytree": -0.7002570480527728, "log10_eta": -3.9030919440463894, "log10_lambda": -2.7354226800856667, "log10_min_child_weight": 4.1170800964548535, "log10_subsample": -0.09205409306874612, "max_depth": 3.0, "num_boost_round": 14.0}, "datetime": {"datetime": "2024-01-19 01:07:23", "elapsed": 3351.111095, "delta": 0.003411}}
{"target": -13.758520742057836, "params": {"gamma": 126.65220641049812, "log10_alpha": -1.7119758039720168, "log10_colsample_bytree": -0.7002570480527728, "log10_eta": -3.9030919440463894, "log10_lambda": -2.7354226800856667, "log10_min_child_weight": 4.1170800964548535, "log10_subsample": -0.09205409306874612, "max_depth": 3.0, "num_boost_round": 15.0}, "datetime": {"datetime": "2024-01-19 01:07:23", "elapsed": 3351.114464, "delta": 0.003369}}
{"target": -13.758519959879, "params": {"gamma": 126.65220641049812, "log10_alpha": -1.7119758039720168, "log10_colsample_bytree": -0.7002570480527728, "log10_eta": -3.9030919440463894, "log10_lambda": -2.7354226800856667, "log10_min_child_weight": 4.1170800964548535, "log10_subsample": -0.09205409306874612, "max_depth": 3.0, "num_boost_round": 16.0}, "datetime": {"datetime": "2024-01-19 01:07:23", "elapsed": 3351.117846, "delta": 0.003382}}
{"target": -13.758519318570777, "params": {"gamma": 126.65220641049812, "log10_alpha": -1.7119758039720168, "log10_colsample_bytree": -0.7002570480527728, "log10_eta": -3.9030919440463894, "log10_lambda": -2.7354226800856667, "log10_min_child_weight": 4.1170800964548535, "log10_subsample": -0.09205409306874612, "max_depth": 3.0, "num_boost_round": 17.0}, "datetime": {"datetime": "2024-01-19 01:07:23", "elapsed": 3351.121256, "delta": 0.00341}}
{"target": -13.758520440573864, "params": {"gamma": 126.65220641049812, "log10_alpha": -1.7119758039720168, "log10_colsample_bytree": -0.7002570480527728, "log10_eta": -3.9030919440463894, "log10_lambda": -2.7354226800856667, "log10_min_child_weight": 4.1170800964548535, "log10_subsample": -0.09205409306874612, "max_depth": 3.0, "num_boost_round": 18.0}, "datetime": {"datetime": "2024-01-19 01:07:23", "elapsed": 3351.124517, "delta": 0.003261}}
{"target": -13.758518649513617, "params": {"gamma": 126.65220641049812, "log10_alpha": -1.7119758039720168, "log10_colsample_bytree": -0.7002570480527728, "log10_eta": -3.9030919440463894, "log10_lambda": -2.7354226800856667, "log10_min_child_weight": 4.1170800964548535, "log10_subsample": -0.09205409306874612, "max_depth": 3.0, "num_boost_round": 19.0}, "datetime": {"datetime": "2024-01-19 01:07:23", "elapsed": 3351.127807, "delta": 0.00329}}
{"target": -13.758517046536417, "params": {"gamma": 126.65220641049812, "log10_alpha": -1.7119758039720168, "log10_colsample_bytree": -0.7002570480527728, "log10_eta": -3.9030919440463894, "log10_lambda": -2.7354226800856667, "log10_min_child_weight": 4.1170800964548535, "log10_subsample": -0.09205409306874612, "max_depth": 3.0, "num_boost_round": 20.0}, "datetime": {"datetime": "2024-01-19 01:07:23", "elapsed": 3351.131063, "delta": 0.003256}}
{"target": -13.758525622870806, "params": {"gamma": 121.10472631829295, "log10_alpha": -0.4318964983708877, "log10_colsample_bytree": -0.08064881080202546, "log10_eta": -1.8242809467566174, "log10_lambda": -3.1363364791490644, "log10_min_child_weight": 4.027924502321122, "log10_subsample": -0.3803152172382438, "max_depth": 2.0, "num_boost_round": 0.0}, "datetime": {"datetime": "2024-01-19 01:08:06", "elapsed": 3393.705728, "delta": 42.574665}}
{"target": -13.758540108110651, "params": {"gamma": 121.10472631829295, "log10_alpha": -0.4318964983708877, "log10_colsample_bytree": -0.08064881080202546, "log10_eta": -1.8242809467566174, "log10_lambda": -3.1363364791490644, "log10_min_child_weight": 4.027924502321122, "log10_subsample": -0.3803152172382438, "max_depth": 2.0, "num_boost_round": 1.0}, "datetime": {"datetime": "2024-01-19 01:08:06", "elapsed": 3393.710442, "delta": 0.004714}}
{"target": -13.758569584838831, "params": {"gamma": 121.10472631829295, "log10_alpha": -0.4318964983708877, "log10_colsample_bytree": -0.08064881080202546, "log10_eta": -1.8242809467566174, "log10_lambda": -3.1363364791490644, "log10_min_child_weight": 4.027924502321122, "log10_subsample": -0.3803152172382438, "max_depth": 2.0, "num_boost_round": 2.0}, "datetime": {"datetime": "2024-01-19 01:08:06", "elapsed": 3393.714022, "delta": 0.00358}}
{"target": -13.758619277736175, "params": {"gamma": 121.10472631829295, "log10_alpha": -0.4318964983708877, "log10_colsample_bytree": -0.08064881080202546, "log10_eta": -1.8242809467566174, "log10_lambda": -3.1363364791490644, "log10_min_child_weight": 4.027924502321122, "log10_subsample": -0.3803152172382438, "max_depth": 2.0, "num_boost_round": 3.0}, "datetime": {"datetime": "2024-01-19 01:08:06", "elapsed": 3393.717608, "delta": 0.003586}}
{"target": -13.758700007617312, "params": {"gamma": 121.10472631829295, "log10_alpha": -0.4318964983708877, "log10_colsample_bytree": -0.08064881080202546, "log10_eta": -1.8242809467566174, "log10_lambda": -3.1363364791490644, "log10_min_child_weight": 4.027924502321122, "log10_subsample": -0.3803152172382438, "max_depth": 2.0, "num_boost_round": 4.0}, "datetime": {"datetime": "2024-01-19 01:08:06", "elapsed": 3393.721064, "delta": 0.003456}}
{"target": -13.758729588108649, "params": {"gamma": 121.10472631829295, "log10_alpha": -0.4318964983708877, "log10_colsample_bytree": -0.08064881080202546, "log10_eta": -1.8242809467566174, "log10_lambda": -3.1363364791490644, "log10_min_child_weight": 4.027924502321122, "log10_subsample": -0.3803152172382438, "max_depth": 2.0, "num_boost_round": 5.0}, "datetime": {"datetime": "2024-01-19 01:08:06", "elapsed": 3393.724504, "delta": 0.00344}}
{"target": -13.75872622539002, "params": {"gamma": 121.10472631829295, "log10_alpha": -0.4318964983708877, "log10_colsample_bytree": -0.08064881080202546, "log10_eta": -1.8242809467566174, "log10_lambda": -3.1363364791490644, "log10_min_child_weight": 4.027924502321122, "log10_subsample": -0.3803152172382438, "max_depth": 2.0, "num_boost_round": 6.0}, "datetime": {"datetime": "2024-01-19 01:08:06", "elapsed": 3393.727935, "delta": 0.003431}}
{"target": -13.758838468877974, "params": {"gamma": 121.10472631829295, "log10_alpha": -0.4318964983708877, "log10_colsample_bytree": -0.08064881080202546, "log10_eta": -1.8242809467566174, "log10_lambda": -3.1363364791490644, "log10_min_child_weight": 4.027924502321122, "log10_subsample": -0.3803152172382438, "max_depth": 2.0, "num_boost_round": 7.0}, "datetime": {"datetime": "2024-01-19 01:08:06", "elapsed": 3393.73161, "delta": 0.003675}}
{"target": -13.758813685515284, "params": {"gamma": 121.10472631829295, "log10_alpha": -0.4318964983708877, "log10_colsample_bytree": -0.08064881080202546, "log10_eta": -1.8242809467566174, "log10_lambda": -3.1363364791490644, "log10_min_child_weight": 4.027924502321122, "log10_subsample": -0.3803152172382438, "max_depth": 2.0, "num_boost_round": 8.0}, "datetime": {"datetime": "2024-01-19 01:08:06", "elapsed": 3393.73503, "delta": 0.00342}}
{"target": -13.758760621353852, "params": {"gamma": 121.10472631829295, "log10_alpha": -0.4318964983708877, "log10_colsample_bytree": -0.08064881080202546, "log10_eta": -1.8242809467566174, "log10_lambda": -3.1363364791490644, "log10_min_child_weight": 4.027924502321122, "log10_subsample": -0.3803152172382438, "max_depth": 2.0, "num_boost_round": 9.0}, "datetime": {"datetime": "2024-01-19 01:08:06", "elapsed": 3393.738449, "delta": 0.003419}}
{"target": -13.758798713837127, "params": {"gamma": 121.10472631829295, "log10_alpha": -0.4318964983708877, "log10_colsample_bytree": -0.08064881080202546, "log10_eta": -1.8242809467566174, "log10_lambda": -3.1363364791490644, "log10_min_child_weight": 4.027924502321122, "log10_subsample": -0.3803152172382438, "max_depth": 2.0, "num_boost_round": 10.0}, "datetime": {"datetime": "2024-01-19 01:08:06", "elapsed": 3393.741949, "delta": 0.0035}}
{"target": -13.758792315055832, "params": {"gamma": 121.10472631829295, "log10_alpha": -0.4318964983708877, "log10_colsample_bytree": -0.08064881080202546, "log10_eta": -1.8242809467566174, "log10_lambda": -3.1363364791490644, "log10_min_child_weight": 4.027924502321122, "log10_subsample": -0.3803152172382438, "max_depth": 2.0, "num_boost_round": 11.0}, "datetime": {"datetime": "2024-01-19 01:08:06", "elapsed": 3393.745535, "delta": 0.003586}}
{"target": -13.75882838244552, "params": {"gamma": 121.10472631829295, "log10_alpha": -0.4318964983708877, "log10_colsample_bytree": -0.08064881080202546, "log10_eta": -1.8242809467566174, "log10_lambda": -3.1363364791490644, "log10_min_child_weight": 4.027924502321122, "log10_subsample": -0.3803152172382438, "max_depth": 2.0, "num_boost_round": 12.0}, "datetime": {"datetime": "2024-01-19 01:08:06", "elapsed": 3393.749474, "delta": 0.003939}}
{"target": -13.758999379463772, "params": {"gamma": 121.10472631829295, "log10_alpha": -0.4318964983708877, "log10_colsample_bytree": -0.08064881080202546, "log10_eta": -1.8242809467566174, "log10_lambda": -3.1363364791490644, "log10_min_child_weight": 4.027924502321122, "log10_subsample": -0.3803152172382438, "max_depth": 2.0, "num_boost_round": 13.0}, "datetime": {"datetime": "2024-01-19 01:08:06", "elapsed": 3393.753965, "delta": 0.004491}}
{"target": -13.759082942263891, "params": {"gamma": 121.10472631829295, "log10_alpha": -0.4318964983708877, "log10_colsample_bytree": -0.08064881080202546, "log10_eta": -1.8242809467566174, "log10_lambda": -3.1363364791490644, "log10_min_child_weight": 4.027924502321122, "log10_subsample": -0.3803152172382438, "max_depth": 2.0, "num_boost_round": 14.0}, "datetime": {"datetime": "2024-01-19 01:08:06", "elapsed": 3393.757518, "delta": 0.003553}}
{"target": -13.759157512232251, "params": {"gamma": 121.10472631829295, "log10_alpha": -0.4318964983708877, "log10_colsample_bytree": -0.08064881080202546, "log10_eta": -1.8242809467566174, "log10_lambda": -3.1363364791490644, "log10_min_child_weight": 4.027924502321122, "log10_subsample": -0.3803152172382438, "max_depth": 2.0, "num_boost_round": 15.0}, "datetime": {"datetime": "2024-01-19 01:08:06", "elapsed": 3393.761013, "delta": 0.003495}}
{"target": -13.759259579332754, "params": {"gamma": 121.10472631829295, "log10_alpha": -0.4318964983708877, "log10_colsample_bytree": -0.08064881080202546, "log10_eta": -1.8242809467566174, "log10_lambda": -3.1363364791490644, "log10_min_child_weight": 4.027924502321122, "log10_subsample": -0.3803152172382438, "max_depth": 2.0, "num_boost_round": 16.0}, "datetime": {"datetime": "2024-01-19 01:08:06", "elapsed": 3393.764358, "delta": 0.003345}}
{"target": -13.759239750663705, "params": {"gamma": 121.10472631829295, "log10_alpha": -0.4318964983708877, "log10_colsample_bytree": -0.08064881080202546, "log10_eta": -1.8242809467566174, "log10_lambda": -3.1363364791490644, "log10_min_child_weight": 4.027924502321122, "log10_subsample": -0.3803152172382438, "max_depth": 2.0, "num_boost_round": 17.0}, "datetime": {"datetime": "2024-01-19 01:08:06", "elapsed": 3393.767775, "delta": 0.003417}}
{"target": -13.759315008082497, "params": {"gamma": 121.10472631829295, "log10_alpha": -0.4318964983708877, "log10_colsample_bytree": -0.08064881080202546, "log10_eta": -1.8242809467566174, "log10_lambda": -3.1363364791490644, "log10_min_child_weight": 4.027924502321122, "log10_subsample": -0.3803152172382438, "max_depth": 2.0, "num_boost_round": 18.0}, "datetime": {"datetime": "2024-01-19 01:08:06", "elapsed": 3393.771174, "delta": 0.003399}}
{"target": -13.759425655762922, "params": {"gamma": 121.10472631829295, "log10_alpha": -0.4318964983708877, "log10_colsample_bytree": -0.08064881080202546, "log10_eta": -1.8242809467566174, "log10_lambda": -3.1363364791490644, "log10_min_child_weight": 4.027924502321122, "log10_subsample": -0.3803152172382438, "max_depth": 2.0, "num_boost_round": 19.0}, "datetime": {"datetime": "2024-01-19 01:08:06", "elapsed": 3393.774674, "delta": 0.0035}}
{"target": -13.759546497548156, "params": {"gamma": 121.10472631829295, "log10_alpha": -0.4318964983708877, "log10_colsample_bytree": -0.08064881080202546, "log10_eta": -1.8242809467566174, "log10_lambda": -3.1363364791490644, "log10_min_child_weight": 4.027924502321122, "log10_subsample": -0.3803152172382438, "max_depth": 2.0, "num_boost_round": 20.0}, "datetime": {"datetime": "2024-01-19 01:08:06", "elapsed": 3393.778056, "delta": 0.003382}}
{"target": -13.759750436769759, "params": {"gamma": 121.10472631829295, "log10_alpha": -0.4318964983708877, "log10_colsample_bytree": -0.08064881080202546, "log10_eta": -1.8242809467566174, "log10_lambda": -3.1363364791490644, "log10_min_child_weight": 4.027924502321122, "log10_subsample": -0.3803152172382438, "max_depth": 2.0, "num_boost_round": 21.0}, "datetime": {"datetime": "2024-01-19 01:08:06", "elapsed": 3393.781501, "delta": 0.003445}}
{"target": -13.759674692447238, "params": {"gamma": 121.10472631829295, "log10_alpha": -0.4318964983708877, "log10_colsample_bytree": -0.08064881080202546, "log10_eta": -1.8242809467566174, "log10_lambda": -3.1363364791490644, "log10_min_child_weight": 4.027924502321122, "log10_subsample": -0.3803152172382438, "max_depth": 2.0, "num_boost_round": 22.0}, "datetime": {"datetime": "2024-01-19 01:08:06", "elapsed": 3393.784861, "delta": 0.00336}}
{"target": -13.759837029457882, "params": {"gamma": 121.10472631829295, "log10_alpha": -0.4318964983708877, "log10_colsample_bytree": -0.08064881080202546, "log10_eta": -1.8242809467566174, "log10_lambda": -3.1363364791490644, "log10_min_child_weight": 4.027924502321122, "log10_subsample": -0.3803152172382438, "max_depth": 2.0, "num_boost_round": 23.0}, "datetime": {"datetime": "2024-01-19 01:08:06", "elapsed": 3393.788315, "delta": 0.003454}}
{"target": -13.760017996829351, "params": {"gamma": 121.10472631829295, "log10_alpha": -0.4318964983708877, "log10_colsample_bytree": -0.08064881080202546, "log10_eta": -1.8242809467566174, "log10_lambda": -3.1363364791490644, "log10_min_child_weight": 4.027924502321122, "log10_subsample": -0.3803152172382438, "max_depth": 2.0, "num_boost_round": 24.0}, "datetime": {"datetime": "2024-01-19 01:08:06", "elapsed": 3393.791682, "delta": 0.003367}}
{"target": -13.760015218219431, "params": {"gamma": 121.10472631829295, "log10_alpha": -0.4318964983708877, "log10_colsample_bytree": -0.08064881080202546, "log10_eta": -1.8242809467566174, "log10_lambda": -3.1363364791490644, "log10_min_child_weight": 4.027924502321122, "log10_subsample": -0.3803152172382438, "max_depth": 2.0, "num_boost_round": 25.0}, "datetime": {"datetime": "2024-01-19 01:08:06", "elapsed": 3393.795147, "delta": 0.003465}}
{"target": -13.760004717706368, "params": {"gamma": 121.10472631829295, "log10_alpha": -0.4318964983708877, "log10_colsample_bytree": -0.08064881080202546, "log10_eta": -1.8242809467566174, "log10_lambda": -3.1363364791490644, "log10_min_child_weight": 4.027924502321122, "log10_subsample": -0.3803152172382438, "max_depth": 2.0, "num_boost_round": 26.0}, "datetime": {"datetime": "2024-01-19 01:08:06", "elapsed": 3393.798479, "delta": 0.003332}}
{"target": -13.85084208055839, "params": {"gamma": 105.77248478776136, "log10_alpha": -1.3725228153640732, "log10_colsample_bytree": -0.39887659982869306, "log10_eta": -0.3506059209999828, "log10_lambda": -1.1752383911337585, "log10_min_child_weight": 1.248208862402989, "log10_subsample": -0.5647089724293711, "max_depth": 9.0, "num_boost_round": 0.0}, "datetime": {"datetime": "2024-01-19 01:08:50", "elapsed": 3438.526867, "delta": 44.728388}}
{"target": -13.946105730903255, "params": {"gamma": 105.77248478776136, "log10_alpha": -1.3725228153640732, "log10_colsample_bytree": -0.39887659982869306, "log10_eta": -0.3506059209999828, "log10_lambda": -1.1752383911337585, "log10_min_child_weight": 1.248208862402989, "log10_subsample": -0.5647089724293711, "max_depth": 9.0, "num_boost_round": 1.0}, "datetime": {"datetime": "2024-01-19 01:08:50", "elapsed": 3438.531128, "delta": 0.004261}}
{"target": -14.08564025271856, "params": {"gamma": 105.77248478776136, "log10_alpha": -1.3725228153640732, "log10_colsample_bytree": -0.39887659982869306, "log10_eta": -0.3506059209999828, "log10_lambda": -1.1752383911337585, "log10_min_child_weight": 1.248208862402989, "log10_subsample": -0.5647089724293711, "max_depth": 9.0, "num_boost_round": 2.0}, "datetime": {"datetime": "2024-01-19 01:08:50", "elapsed": 3438.534989, "delta": 0.003861}}
{"target": -14.169648359933792, "params": {"gamma": 105.77248478776136, "log10_alpha": -1.3725228153640732, "log10_colsample_bytree": -0.39887659982869306, "log10_eta": -0.3506059209999828, "log10_lambda": -1.1752383911337585, "log10_min_child_weight": 1.248208862402989, "log10_subsample": -0.5647089724293711, "max_depth": 9.0, "num_boost_round": 3.0}, "datetime": {"datetime": "2024-01-19 01:08:50", "elapsed": 3438.538538, "delta": 0.003549}}
{"target": -14.236746643342038, "params": {"gamma": 105.77248478776136, "log10_alpha": -1.3725228153640732, "log10_colsample_bytree": -0.39887659982869306, "log10_eta": -0.3506059209999828, "log10_lambda": -1.1752383911337585, "log10_min_child_weight": 1.248208862402989, "log10_subsample": -0.5647089724293711, "max_depth": 9.0, "num_boost_round": 4.0}, "datetime": {"datetime": "2024-01-19 01:08:50", "elapsed": 3438.542203, "delta": 0.003665}}
{"target": -14.274737358849585, "params": {"gamma": 105.77248478776136, "log10_alpha": -1.3725228153640732, "log10_colsample_bytree": -0.39887659982869306, "log10_eta": -0.3506059209999828, "log10_lambda": -1.1752383911337585, "log10_min_child_weight": 1.248208862402989, "log10_subsample": -0.5647089724293711, "max_depth": 9.0, "num_boost_round": 5.0}, "datetime": {"datetime": "2024-01-19 01:08:50", "elapsed": 3438.545809, "delta": 0.003606}}
{"target": -14.41873410408889, "params": {"gamma": 105.77248478776136, "log10_alpha": -1.3725228153640732, "log10_colsample_bytree": -0.39887659982869306, "log10_eta": -0.3506059209999828, "log10_lambda": -1.1752383911337585, "log10_min_child_weight": 1.248208862402989, "log10_subsample": -0.5647089724293711, "max_depth": 9.0, "num_boost_round": 6.0}, "datetime": {"datetime": "2024-01-19 01:08:50", "elapsed": 3438.54923, "delta": 0.003421}}
{"target": -14.435132310503713, "params": {"gamma": 105.77248478776136, "log10_alpha": -1.3725228153640732, "log10_colsample_bytree": -0.39887659982869306, "log10_eta": -0.3506059209999828, "log10_lambda": -1.1752383911337585, "log10_min_child_weight": 1.248208862402989, "log10_subsample": -0.5647089724293711, "max_depth": 9.0, "num_boost_round": 7.0}, "datetime": {"datetime": "2024-01-19 01:08:50", "elapsed": 3438.552814, "delta": 0.003584}}
{"target": -14.488438930582964, "params": {"gamma": 105.77248478776136, "log10_alpha": -1.3725228153640732, "log10_colsample_bytree": -0.39887659982869306, "log10_eta": -0.3506059209999828, "log10_lambda": -1.1752383911337585, "log10_min_child_weight": 1.248208862402989, "log10_subsample": -0.5647089724293711, "max_depth": 9.0, "num_boost_round": 8.0}, "datetime": {"datetime": "2024-01-19 01:08:50", "elapsed": 3438.556235, "delta": 0.003421}}
{"target": -14.523745154214513, "params": {"gamma": 105.77248478776136, "log10_alpha": -1.3725228153640732, "log10_colsample_bytree": -0.39887659982869306, "log10_eta": -0.3506059209999828, "log10_lambda": -1.1752383911337585, "log10_min_child_weight": 1.248208862402989, "log10_subsample": -0.5647089724293711, "max_depth": 9.0, "num_boost_round": 9.0}, "datetime": {"datetime": "2024-01-19 01:08:50", "elapsed": 3438.559809, "delta": 0.003574}}
{"target": -14.560511823266513, "params": {"gamma": 105.77248478776136, "log10_alpha": -1.3725228153640732, "log10_colsample_bytree": -0.39887659982869306, "log10_eta": -0.3506059209999828, "log10_lambda": -1.1752383911337585, "log10_min_child_weight": 1.248208862402989, "log10_subsample": -0.5647089724293711, "max_depth": 9.0, "num_boost_round": 10.0}, "datetime": {"datetime": "2024-01-19 01:08:50", "elapsed": 3438.563239, "delta": 0.00343}}
