{"target": -17.675278130165314, "params": {"gamma": 172.44420076765255, "log10_alpha": 0.5357554184894298, "log10_colsample_bytree": -0.20767957156374073, "log10_eta": -1.262797678547586, "log10_lambda": -1.4144100843925602, "log10_min_child_weight": 1.178149885711461, "log10_subsample": -0.15505554231673113, "max_depth": 3.0, "num_boost_round": 0.0}, "datetime": {"datetime": "2024-01-19 00:45:03", "elapsed": 1988.205196, "delta": 35.715334}}
{"target": -17.673388986856484, "params": {"gamma": 172.44420076765255, "log10_alpha": 0.5357554184894298, "log10_colsample_bytree": -0.20767957156374073, "log10_eta": -1.262797678547586, "log10_lambda": -1.4144100843925602, "log10_min_child_weight": 1.178149885711461, "log10_subsample": -0.15505554231673113, "max_depth": 3.0, "num_boost_round": 1.0}, "datetime": {"datetime": "2024-01-19 00:45:03", "elapsed": 1988.208942, "delta": 0.003746}}
{"target": -17.67273988785501, "params": {"gamma": 172.44420076765255, "log10_alpha": 0.5357554184894298, "log10_colsample_bytree": -0.20767957156374073, "log10_eta": -1.262797678547586, "log10_lambda": -1.4144100843925602, "log10_min_child_weight": 1.178149885711461, "log10_subsample": -0.15505554231673113, "max_depth": 3.0, "num_boost_round": 2.0}, "datetime": {"datetime": "2024-01-19 00:45:03", "elapsed": 1988.212057, "delta": 0.003115}}
{"target": -17.671907098371946, "params": {"gamma": 172.44420076765255, "log10_alpha": 0.5357554184894298, "log10_colsample_bytree": -0.20767957156374073, "log10_eta": -1.262797678547586, "log10_lambda": -1.4144100843925602, "log10_min_child_weight": 1.178149885711461, "log10_subsample": -0.15505554231673113, "max_depth": 3.0, "num_boost_round": 3.0}, "datetime": {"datetime": "2024-01-19 00:45:03", "elapsed": 1988.21514, "delta": 0.003083}}
{"target": -17.67154749245732, "params": {"gamma": 172.44420076765255, "log10_alpha": 0.5357554184894298, "log10_colsample_bytree": -0.20767957156374073, "log10_eta": -1.262797678547586, "log10_lambda": -1.4144100843925602, "log10_min_child_weight": 1.178149885711461, "log10_subsample": -0.15505554231673113, "max_depth": 3.0, "num_boost_round": 4.0}, "datetime": {"datetime": "2024-01-19 00:45:03", "elapsed": 1988.218046, "delta": 0.002906}}
{"target": -17.670866606914608, "params": {"gamma": 172.44420076765255, "log10_alpha": 0.5357554184894298, "log10_colsample_bytree": -0.20767957156374073, "log10_eta": -1.262797678547586, "log10_lambda": -1.4144100843925602, "log10_min_child_weight": 1.178149885711461, "log10_subsample": -0.15505554231673113, "max_depth": 3.0, "num_boost_round": 5.0}, "datetime": {"datetime": "2024-01-19 00:45:03", "elapsed": 1988.221019, "delta": 0.002973}}
{"target": -17.670657238595204, "params": {"gamma": 172.44420076765255, "log10_alpha": 0.5357554184894298, "log10_colsample_bytree": -0.20767957156374073, "log10_eta": -1.262797678547586, "log10_lambda": -1.4144100843925602, "log10_min_child_weight": 1.178149885711461, "log10_subsample": -0.15505554231673113, "max_depth": 3.0, "num_boost_round": 6.0}, "datetime": {"datetime": "2024-01-19 00:45:03", "elapsed": 1988.223932, "delta": 0.002913}}
{"target": -17.6713021570491, "params": {"gamma": 172.44420076765255, "log10_alpha": 0.5357554184894298, "log10_colsample_bytree": -0.20767957156374073, "log10_eta": -1.262797678547586, "log10_lambda": -1.4144100843925602, "log10_min_child_weight": 1.178149885711461, "log10_subsample": -0.15505554231673113, "max_depth": 3.0, "num_boost_round": 7.0}, "datetime": {"datetime": "2024-01-19 00:45:03", "elapsed": 1988.226752, "delta": 0.00282}}
{"target": -17.672015714909598, "params": {"gamma": 172.44420076765255, "log10_alpha": 0.5357554184894298, "log10_colsample_bytree": -0.20767957156374073, "log10_eta": -1.262797678547586, "log10_lambda": -1.4144100843925602, "log10_min_child_weight": 1.178149885711461, "log10_subsample": -0.15505554231673113, "max_depth": 3.0, "num_boost_round": 8.0}, "datetime": {"datetime": "2024-01-19 00:45:03", "elapsed": 1988.229732, "delta": 0.00298}}
{"target": -17.672077950425297, "params": {"gamma": 172.44420076765255, "log10_alpha": 0.5357554184894298, "log10_colsample_bytree": -0.20767957156374073, "log10_eta": -1.262797678547586, "log10_lambda": -1.4144100843925602, "log10_min_child_weight": 1.178149885711461, "log10_subsample": -0.15505554231673113, "max_depth": 3.0, "num_boost_round": 9.0}, "datetime": {"datetime": "2024-01-19 00:45:03", "elapsed": 1988.232582, "delta": 0.00285}}
{"target": -17.67284442405536, "params": {"gamma": 172.44420076765255, "log10_alpha": 0.5357554184894298, "log10_colsample_bytree": -0.20767957156374073, "log10_eta": -1.262797678547586, "log10_lambda": -1.4144100843925602, "log10_min_child_weight": 1.178149885711461, "log10_subsample": -0.15505554231673113, "max_depth": 3.0, "num_boost_round": 10.0}, "datetime": {"datetime": "2024-01-19 00:45:03", "elapsed": 1988.235369, "delta": 0.002787}}
{"target": -17.673322420163515, "params": {"gamma": 172.44420076765255, "log10_alpha": 0.5357554184894298, "log10_colsample_bytree": -0.20767957156374073, "log10_eta": -1.262797678547586, "log10_lambda": -1.4144100843925602, "log10_min_child_weight": 1.178149885711461, "log10_subsample": -0.15505554231673113, "max_depth": 3.0, "num_boost_round": 11.0}, "datetime": {"datetime": "2024-01-19 00:45:03", "elapsed": 1988.238211, "delta": 0.002842}}
{"target": -17.674007750739705, "params": {"gamma": 172.44420076765255, "log10_alpha": 0.5357554184894298, "log10_colsample_bytree": -0.20767957156374073, "log10_eta": -1.262797678547586, "log10_lambda": -1.4144100843925602, "log10_min_child_weight": 1.178149885711461, "log10_subsample": -0.15505554231673113, "max_depth": 3.0, "num_boost_round": 12.0}, "datetime": {"datetime": "2024-01-19 00:45:03", "elapsed": 1988.241183, "delta": 0.002972}}
{"target": -17.6745486546969, "params": {"gamma": 172.44420076765255, "log10_alpha": 0.5357554184894298, "log10_colsample_bytree": -0.20767957156374073, "log10_eta": -1.262797678547586, "log10_lambda": -1.4144100843925602, "log10_min_child_weight": 1.178149885711461, "log10_subsample": -0.15505554231673113, "max_depth": 3.0, "num_boost_round": 13.0}, "datetime": {"datetime": "2024-01-19 00:45:03", "elapsed": 1988.244239, "delta": 0.003056}}
{"target": -17.675638604998014, "params": {"gamma": 172.44420076765255, "log10_alpha": 0.5357554184894298, "log10_colsample_bytree": -0.20767957156374073, "log10_eta": -1.262797678547586, "log10_lambda": -1.4144100843925602, "log10_min_child_weight": 1.178149885711461, "log10_subsample": -0.15505554231673113, "max_depth": 3.0, "num_boost_round": 14.0}, "datetime": {"datetime": "2024-01-19 00:45:03", "elapsed": 1988.247235, "delta": 0.002996}}
{"target": -17.6752921697396, "params": {"gamma": 172.44420076765255, "log10_alpha": 0.5357554184894298, "log10_colsample_bytree": -0.20767957156374073, "log10_eta": -1.262797678547586, "log10_lambda": -1.4144100843925602, "log10_min_child_weight": 1.178149885711461, "log10_subsample": -0.15505554231673113, "max_depth": 3.0, "num_boost_round": 15.0}, "datetime": {"datetime": "2024-01-19 00:45:03", "elapsed": 1988.250171, "delta": 0.002936}}
{"target": -17.67542960772552, "params": {"gamma": 172.44420076765255, "log10_alpha": 0.5357554184894298, "log10_colsample_bytree": -0.20767957156374073, "log10_eta": -1.262797678547586, "log10_lambda": -1.4144100843925602, "log10_min_child_weight": 1.178149885711461, "log10_subsample": -0.15505554231673113, "max_depth": 3.0, "num_boost_round": 16.0}, "datetime": {"datetime": "2024-01-19 00:45:03", "elapsed": 1988.253008, "delta": 0.002837}}
{"target": -17.676342987814763, "params": {"gamma": 172.44420076765255, "log10_alpha": 0.5357554184894298, "log10_colsample_bytree": -0.20767957156374073, "log10_eta": -1.262797678547586, "log10_lambda": -1.4144100843925602, "log10_min_child_weight": 1.178149885711461, "log10_subsample": -0.15505554231673113, "max_depth": 3.0, "num_boost_round": 17.0}, "datetime": {"datetime": "2024-01-19 00:45:03", "elapsed": 1988.255817, "delta": 0.002809}}
{"target": -17.6757212389521, "params": {"gamma": 172.44420076765255, "log10_alpha": 0.5357554184894298, "log10_colsample_bytree": -0.20767957156374073, "log10_eta": -1.262797678547586, "log10_lambda": -1.4144100843925602, "log10_min_child_weight": 1.178149885711461, "log10_subsample": -0.15505554231673113, "max_depth": 3.0, "num_boost_round": 18.0}, "datetime": {"datetime": "2024-01-19 00:45:03", "elapsed": 1988.25867, "delta": 0.002853}}
{"target": -17.67687107442369, "params": {"gamma": 172.44420076765255, "log10_alpha": 0.5357554184894298, "log10_colsample_bytree": -0.20767957156374073, "log10_eta": -1.262797678547586, "log10_lambda": -1.4144100843925602, "log10_min_child_weight": 1.178149885711461, "log10_subsample": -0.15505554231673113, "max_depth": 3.0, "num_boost_round": 19.0}, "datetime": {"datetime": "2024-01-19 00:45:03", "elapsed": 1988.26161, "delta": 0.00294}}
{"target": -17.677958436234253, "params": {"gamma": 172.44420076765255, "log10_alpha": 0.5357554184894298, "log10_colsample_bytree": -0.20767957156374073, "log10_eta": -1.262797678547586, "log10_lambda": -1.4144100843925602, "log10_min_child_weight": 1.178149885711461, "log10_subsample": -0.15505554231673113, "max_depth": 3.0, "num_boost_round": 20.0}, "datetime": {"datetime": "2024-01-19 00:45:03", "elapsed": 1988.264535, "delta": 0.002925}}
{"target": -17.679825750448856, "params": {"gamma": 172.44420076765255, "log10_alpha": 0.5357554184894298, "log10_colsample_bytree": -0.20767957156374073, "log10_eta": -1.262797678547586, "log10_lambda": -1.4144100843925602, "log10_min_child_weight": 1.178149885711461, "log10_subsample": -0.15505554231673113, "max_depth": 3.0, "num_boost_round": 21.0}, "datetime": {"datetime": "2024-01-19 00:45:03", "elapsed": 1988.267461, "delta": 0.002926}}
{"target": -17.679921960653118, "params": {"gamma": 172.44420076765255, "log10_alpha": 0.5357554184894298, "log10_colsample_bytree": -0.20767957156374073, "log10_eta": -1.262797678547586, "log10_lambda": -1.4144100843925602, "log10_min_child_weight": 1.178149885711461, "log10_subsample": -0.15505554231673113, "max_depth": 3.0, "num_boost_round": 22.0}, "datetime": {"datetime": "2024-01-19 00:45:03", "elapsed": 1988.270346, "delta": 0.002885}}
{"target": -17.68330055559178, "params": {"gamma": 172.44420076765255, "log10_alpha": 0.5357554184894298, "log10_colsample_bytree": -0.20767957156374073, "log10_eta": -1.262797678547586, "log10_lambda": -1.4144100843925602, "log10_min_child_weight": 1.178149885711461, "log10_subsample": -0.15505554231673113, "max_depth": 3.0, "num_boost_round": 23.0}, "datetime": {"datetime": "2024-01-19 00:45:03", "elapsed": 1988.273237, "delta": 0.002891}}
{"target": -17.68471578687796, "params": {"gamma": 172.44420076765255, "log10_alpha": 0.5357554184894298, "log10_colsample_bytree": -0.20767957156374073, "log10_eta": -1.262797678547586, "log10_lambda": -1.4144100843925602, "log10_min_child_weight": 1.178149885711461, "log10_subsample": -0.15505554231673113, "max_depth": 3.0, "num_boost_round": 24.0}, "datetime": {"datetime": "2024-01-19 00:45:03", "elapsed": 1988.276103, "delta": 0.002866}}
{"target": -17.68952142085621, "params": {"gamma": 172.44420076765255, "log10_alpha": 0.5357554184894298, "log10_colsample_bytree": -0.20767957156374073, "log10_eta": -1.262797678547586, "log10_lambda": -1.4144100843925602, "log10_min_child_weight": 1.178149885711461, "log10_subsample": -0.15505554231673113, "max_depth": 3.0, "num_boost_round": 25.0}, "datetime": {"datetime": "2024-01-19 00:45:03", "elapsed": 1988.279055, "delta": 0.002952}}
{"target": -17.690991483932148, "params": {"gamma": 172.44420076765255, "log10_alpha": 0.5357554184894298, "log10_colsample_bytree": -0.20767957156374073, "log10_eta": -1.262797678547586, "log10_lambda": -1.4144100843925602, "log10_min_child_weight": 1.178149885711461, "log10_subsample": -0.15505554231673113, "max_depth": 3.0, "num_boost_round": 26.0}, "datetime": {"datetime": "2024-01-19 00:45:03", "elapsed": 1988.281976, "delta": 0.002921}}
{"target": -17.692077669258587, "params": {"gamma": 172.44420076765255, "log10_alpha": 0.5357554184894298, "log10_colsample_bytree": -0.20767957156374073, "log10_eta": -1.262797678547586, "log10_lambda": -1.4144100843925602, "log10_min_child_weight": 1.178149885711461, "log10_subsample": -0.15505554231673113, "max_depth": 3.0, "num_boost_round": 27.0}, "datetime": {"datetime": "2024-01-19 00:45:03", "elapsed": 1988.284977, "delta": 0.003001}}
{"target": -17.694900450539183, "params": {"gamma": 172.44420076765255, "log10_alpha": 0.5357554184894298, "log10_colsample_bytree": -0.20767957156374073, "log10_eta": -1.262797678547586, "log10_lambda": -1.4144100843925602, "log10_min_child_weight": 1.178149885711461, "log10_subsample": -0.15505554231673113, "max_depth": 3.0, "num_boost_round": 28.0}, "datetime": {"datetime": "2024-01-19 00:45:03", "elapsed": 1988.287941, "delta": 0.002964}}
{"target": -17.69711434415979, "params": {"gamma": 172.44420076765255, "log10_alpha": 0.5357554184894298, "log10_colsample_bytree": -0.20767957156374073, "log10_eta": -1.262797678547586, "log10_lambda": -1.4144100843925602, "log10_min_child_weight": 1.178149885711461, "log10_subsample": -0.15505554231673113, "max_depth": 3.0, "num_boost_round": 29.0}, "datetime": {"datetime": "2024-01-19 00:45:03", "elapsed": 1988.290815, "delta": 0.002874}}
{"target": -17.69668676671273, "params": {"gamma": 172.44420076765255, "log10_alpha": 0.5357554184894298, "log10_colsample_bytree": -0.20767957156374073, "log10_eta": -1.262797678547586, "log10_lambda": -1.4144100843925602, "log10_min_child_weight": 1.178149885711461, "log10_subsample": -0.15505554231673113, "max_depth": 3.0, "num_boost_round": 30.0}, "datetime": {"datetime": "2024-01-19 00:45:03", "elapsed": 1988.29371, "delta": 0.002895}}
{"target": -17.695994319220237, "params": {"gamma": 172.44420076765255, "log10_alpha": 0.5357554184894298, "log10_colsample_bytree": -0.20767957156374073, "log10_eta": -1.262797678547586, "log10_lambda": -1.4144100843925602, "log10_min_child_weight": 1.178149885711461, "log10_subsample": -0.15505554231673113, "max_depth": 3.0, "num_boost_round": 31.0}, "datetime": {"datetime": "2024-01-19 00:45:03", "elapsed": 1988.296609, "delta": 0.002899}}
{"target": -17.67723532569492, "params": {"gamma": 169.59765101767266, "log10_alpha": -4.580530948148964, "log10_colsample_bytree": -0.19956086731151434, "log10_eta": -3.1878828348283896, "log10_lambda": -4.8973636137630985, "log10_min_child_weight": 4.900180630681773, "log10_subsample": -0.08046572385611539, "max_depth": 3.0, "num_boost_round": 0.0}, "datetime": {"datetime": "2024-01-19 00:45:38", "elapsed": 2023.265497, "delta": 34.968888}}
{"target": -17.677230024725322, "params": {"gamma": 169.59765101767266, "log10_alpha": -4.580530948148964, "log10_colsample_bytree": -0.19956086731151434, "log10_eta": -3.1878828348283896, "log10_lambda": -4.8973636137630985, "log10_min_child_weight": 4.900180630681773, "log10_subsample": -0.08046572385611539, "max_depth": 3.0, "num_boost_round": 1.0}, "datetime": {"datetime": "2024-01-19 00:45:38", "elapsed": 2023.269162, "delta": 0.003665}}
{"target": -17.677229146521125, "params": {"gamma": 169.59765101767266, "log10_alpha": -4.580530948148964, "log10_colsample_bytree": -0.19956086731151434, "log10_eta": -3.1878828348283896, "log10_lambda": -4.8973636137630985, "log10_min_child_weight": 4.900180630681773, "log10_subsample": -0.08046572385611539, "max_depth": 3.0, "num_boost_round": 2.0}, "datetime": {"datetime": "2024-01-19 00:45:38", "elapsed": 2023.272369, "delta": 0.003207}}
{"target": -17.677224760370905, "params": {"gamma": 169.59765101767266, "log10_alpha": -4.580530948148964, "log10_colsample_bytree": -0.19956086731151434, "log10_eta": -3.1878828348283896, "log10_lambda": -4.8973636137630985, "log10_min_child_weight": 4.900180630681773, "log10_subsample": -0.08046572385611539, "max_depth": 3.0, "num_boost_round": 3.0}, "datetime": {"datetime": "2024-01-19 00:45:38", "elapsed": 2023.275375, "delta": 0.003006}}
{"target": -17.67722300642796, "params": {"gamma": 169.59765101767266, "log10_alpha": -4.580530948148964, "log10_colsample_bytree": -0.19956086731151434, "log10_eta": -3.1878828348283896, "log10_lambda": -4.8973636137630985, "log10_min_child_weight": 4.900180630681773, "log10_subsample": -0.08046572385611539, "max_depth": 3.0, "num_boost_round": 4.0}, "datetime": {"datetime": "2024-01-19 00:45:38", "elapsed": 2023.278346, "delta": 0.002971}}
{"target": -17.677218347987022, "params": {"gamma": 169.59765101767266, "log10_alpha": -4.580530948148964, "log10_colsample_bytree": -0.19956086731151434, "log10_eta": -3.1878828348283896, "log10_lambda": -4.8973636137630985, "log10_min_child_weight": 4.900180630681773, "log10_subsample": -0.08046572385611539, "max_depth": 3.0, "num_boost_round": 5.0}, "datetime": {"datetime": "2024-01-19 00:45:38", "elapsed": 2023.281151, "delta": 0.002805}}
{"target": -17.67721946095758, "params": {"gamma": 169.59765101767266, "log10_alpha": -4.580530948148964, "log10_colsample_bytree": -0.19956086731151434, "log10_eta": -3.1878828348283896, "log10_lambda": -4.8973636137630985, "log10_min_child_weight": 4.900180630681773, "log10_subsample": -0.08046572385611539, "max_depth": 3.0, "num_boost_round": 6.0}, "datetime": {"datetime": "2024-01-19 00:45:38", "elapsed": 2023.283956, "delta": 0.002805}}
{"target": -17.67721385123366, "params": {"gamma": 169.59765101767266, "log10_alpha": -4.580530948148964, "log10_colsample_bytree": -0.19956086731151434, "log10_eta": -3.1878828348283896, "log10_lambda": -4.8973636137630985, "log10_min_child_weight": 4.900180630681773, "log10_subsample": -0.08046572385611539, "max_depth": 3.0, "num_boost_round": 7.0}, "datetime": {"datetime": "2024-01-19 00:45:38", "elapsed": 2023.286765, "delta": 0.002809}}
{"target": -17.677208998985854, "params": {"gamma": 169.59765101767266, "log10_alpha": -4.580530948148964, "log10_colsample_bytree": -0.19956086731151434, "log10_eta": -3.1878828348283896, "log10_lambda": -4.8973636137630985, "log10_min_child_weight": 4.900180630681773, "log10_subsample": -0.08046572385611539, "max_depth": 3.0, "num_boost_round": 8.0}, "datetime": {"datetime": "2024-01-19 00:45:38", "elapsed": 2023.289901, "delta": 0.003136}}
{"target": -17.677203865875516, "params": {"gamma": 169.59765101767266, "log10_alpha": -4.580530948148964, "log10_colsample_bytree": -0.19956086731151434, "log10_eta": -3.1878828348283896, "log10_lambda": -4.8973636137630985, "log10_min_child_weight": 4.900180630681773, "log10_subsample": -0.08046572385611539, "max_depth": 3.0, "num_boost_round": 9.0}, "datetime": {"datetime": "2024-01-19 00:45:38", "elapsed": 2023.292846, "delta": 0.002945}}
{"target": -17.677197594958518, "params": {"gamma": 169.59765101767266, "log10_alpha": -4.580530948148964, "log10_colsample_bytree": -0.19956086731151434, "log10_eta": -3.1878828348283896, "log10_lambda": -4.8973636137630985, "log10_min_child_weight": 4.900180630681773, "log10_subsample": -0.08046572385611539, "max_depth": 3.0, "num_boost_round": 10.0}, "datetime": {"datetime": "2024-01-19 00:45:38", "elapsed": 2023.29562, "delta": 0.002774}}
{"target": -17.677188418965354, "params": {"gamma": 169.59765101767266, "log10_alpha": -4.580530948148964, "log10_colsample_bytree": -0.19956086731151434, "log10_eta": -3.1878828348283896, "log10_lambda": -4.8973636137630985, "log10_min_child_weight": 4.900180630681773, "log10_subsample": -0.08046572385611539, "max_depth": 3.0, "num_boost_round": 11.0}, "datetime": {"datetime": "2024-01-19 00:45:38", "elapsed": 2023.298583, "delta": 0.002963}}
{"target": -17.677191191933773, "params": {"gamma": 169.59765101767266, "log10_alpha": -4.580530948148964, "log10_colsample_bytree": -0.19956086731151434, "log10_eta": -3.1878828348283896, "log10_lambda": -4.8973636137630985, "log10_min_child_weight": 4.900180630681773, "log10_subsample": -0.08046572385611539, "max_depth": 3.0, "num_boost_round": 12.0}, "datetime": {"datetime": "2024-01-19 00:45:38", "elapsed": 2023.301394, "delta": 0.002811}}
{"target": -17.677185974394252, "params": {"gamma": 169.59765101767266, "log10_alpha": -4.580530948148964, "log10_colsample_bytree": -0.19956086731151434, "log10_eta": -3.1878828348283896, "log10_lambda": -4.8973636137630985, "log10_min_child_weight": 4.900180630681773, "log10_subsample": -0.08046572385611539, "max_depth": 3.0, "num_boost_round": 13.0}, "datetime": {"datetime": "2024-01-19 00:45:38", "elapsed": 2023.304373, "delta": 0.002979}}
{"target": -17.677188657530163, "params": {"gamma": 169.59765101767266, "log10_alpha": -4.580530948148964, "log10_colsample_bytree": -0.19956086731151434, "log10_eta": -3.1878828348283896, "log10_lambda": -4.8973636137630985, "log10_min_child_weight": 4.900180630681773, "log10_subsample": -0.08046572385611539, "max_depth": 3.0, "num_boost_round": 14.0}, "datetime": {"datetime": "2024-01-19 00:45:38", "elapsed": 2023.307282, "delta": 0.002909}}
{"target": -17.67718266265662, "params": {"gamma": 169.59765101767266, "log10_alpha": -4.580530948148964, "log10_colsample_bytree": -0.19956086731151434, "log10_eta": -3.1878828348283896, "log10_lambda": -4.8973636137630985, "log10_min_child_weight": 4.900180630681773, "log10_subsample": -0.08046572385611539, "max_depth": 3.0, "num_boost_round": 15.0}, "datetime": {"datetime": "2024-01-19 00:45:38", "elapsed": 2023.310102, "delta": 0.00282}}
{"target": -17.677177960819662, "params": {"gamma": 169.59765101767266, "log10_alpha": -4.580530948148964, "log10_colsample_bytree": -0.19956086731151434, "log10_eta": -3.1878828348283896, "log10_lambda": -4.8973636137630985, "log10_min_child_weight": 4.900180630681773, "log10_subsample": -0.08046572385611539, "max_depth": 3.0, "num_boost_round": 16.0}, "datetime": {"datetime": "2024-01-19 00:45:38", "elapsed": 2023.312902, "delta": 0.0028}}
