{"target": -13.756419870563546, "params": {"gamma": 414.62889993487437, "log10_alpha": -2.9215853371153266, "log10_colsample_bytree": -0.6223544256656847, "log10_eta": -1.9552782750807194, "log10_lambda": -0.712423809532396, "log10_min_child_weight": 1.2287047653777865, "log10_subsample": -0.2535300727149207, "max_depth": 4.0, "num_boost_round": 10.0}, "datetime": {"datetime": "2024-01-19 00:33:02", "elapsed": 1286.118923, "delta": 0.002507}}
{"target": -13.756187759694074, "params": {"gamma": 414.62889993487437, "log10_alpha": -2.9215853371153266, "log10_colsample_bytree": -0.6223544256656847, "log10_eta": -1.9552782750807194, "log10_lambda": -0.712423809532396, "log10_min_child_weight": 1.2287047653777865, "log10_subsample": -0.2535300727149207, "max_depth": 4.0, "num_boost_round": 11.0}, "datetime": {"datetime": "2024-01-19 00:33:02", "elapsed": 1286.121489, "delta": 0.002566}}
{"target": -13.758538838887107, "params": {"gamma": 414.5178657813401, "log10_alpha": -3.7112712636863074, "log10_colsample_bytree": -0.5067897063997926, "log10_eta": -3.9690708261392156, "log10_lambda": -2.808758075059689, "log10_min_child_weight": 2.431725331544183, "log10_subsample": -0.7868556927833301, "max_depth": 3.0, "num_boost_round": 0.0}, "datetime": {"datetime": "2024-01-19 00:33:37", "elapsed": 1321.422968, "delta": 35.301479}}
{"target": -13.758537931559014, "params": {"gamma": 414.5178657813401, "log10_alpha": -3.7112712636863074, "log10_colsample_bytree": -0.5067897063997926, "log10_eta": -3.9690708261392156, "log10_lambda": -2.808758075059689, "log10_min_child_weight": 2.431725331544183, "log10_subsample": -0.7868556927833301, "max_depth": 3.0, "num_boost_round": 1.0}, "datetime": {"datetime": "2024-01-19 00:33:37", "elapsed": 1321.426287, "delta": 0.003319}}
{"target": -13.758537849763718, "params": {"gamma": 414.5178657813401, "log10_alpha": -3.7112712636863074, "log10_colsample_bytree": -0.5067897063997926, "log10_eta": -3.9690708261392156, "log10_lambda": -2.808758075059689, "log10_min_child_weight": 2.431725331544183, "log10_subsample": -0.7868556927833301, "max_depth": 3.0, "num_boost_round": 2.0}, "datetime": {"datetime": "2024-01-19 00:33:37", "elapsed": 1321.42891, "delta": 0.002623}}
{"target": -13.758538138369175, "params": {"gamma": 414.5178657813401, "log10_alpha": -3.7112712636863074, "log10_colsample_bytree": -0.5067897063997926, "log10_eta": -3.9690708261392156, "log10_lambda": -2.808758075059689, "log10_min_child_weight": 2.431725331544183, "log10_subsample": -0.7868556927833301, "max_depth": 3.0, "num_boost_round": 3.0}, "datetime": {"datetime": "2024-01-19 00:33:37", "elapsed": 1321.435881, "delta": 0.006971}}
{"target": -13.7585383000248, "params": {"gamma": 414.5178657813401, "log10_alpha": -3.7112712636863074, "log10_colsample_bytree": -0.5067897063997926, "log10_eta": -3.9690708261392156, "log10_lambda": -2.808758075059689, "log10_min_child_weight": 2.431725331544183, "log10_subsample": -0.7868556927833301, "max_depth": 3.0, "num_boost_round": 4.0}, "datetime": {"datetime": "2024-01-19 00:33:37", "elapsed": 1321.438416, "delta": 0.002535}}
{"target": -13.75853696726528, "params": {"gamma": 414.5178657813401, "log10_alpha": -3.7112712636863074, "log10_colsample_bytree": -0.5067897063997926, "log10_eta": -3.9690708261392156, "log10_lambda": -2.808758075059689, "log10_min_child_weight": 2.431725331544183, "log10_subsample": -0.7868556927833301, "max_depth": 3.0, "num_boost_round": 5.0}, "datetime": {"datetime": "2024-01-19 00:33:37", "elapsed": 1321.44098, "delta": 0.002564}}
{"target": -13.758536185668444, "params": {"gamma": 414.5178657813401, "log10_alpha": -3.7112712636863074, "log10_colsample_bytree": -0.5067897063997926, "log10_eta": -3.9690708261392156, "log10_lambda": -2.808758075059689, "log10_min_child_weight": 2.431725331544183, "log10_subsample": -0.7868556927833301, "max_depth": 3.0, "num_boost_round": 6.0}, "datetime": {"datetime": "2024-01-19 00:33:37", "elapsed": 1321.443534, "delta": 0.002554}}
{"target": -13.75853471560206, "params": {"gamma": 414.5178657813401, "log10_alpha": -3.7112712636863074, "log10_colsample_bytree": -0.5067897063997926, "log10_eta": -3.9690708261392156, "log10_lambda": -2.808758075059689, "log10_min_child_weight": 2.431725331544183, "log10_subsample": -0.7868556927833301, "max_depth": 3.0, "num_boost_round": 7.0}, "datetime": {"datetime": "2024-01-19 00:33:37", "elapsed": 1321.446097, "delta": 0.002563}}
{"target": -13.758534554249499, "params": {"gamma": 414.5178657813401, "log10_alpha": -3.7112712636863074, "log10_colsample_bytree": -0.5067897063997926, "log10_eta": -3.9690708261392156, "log10_lambda": -2.808758075059689, "log10_min_child_weight": 2.431725331544183, "log10_subsample": -0.7868556927833301, "max_depth": 3.0, "num_boost_round": 8.0}, "datetime": {"datetime": "2024-01-19 00:33:37", "elapsed": 1321.448609, "delta": 0.002512}}
{"target": -13.758533211991166, "params": {"gamma": 414.5178657813401, "log10_alpha": -3.7112712636863074, "log10_colsample_bytree": -0.5067897063997926, "log10_eta": -3.9690708261392156, "log10_lambda": -2.808758075059689, "log10_min_child_weight": 2.431725331544183, "log10_subsample": -0.7868556927833301, "max_depth": 3.0, "num_boost_round": 9.0}, "datetime": {"datetime": "2024-01-19 00:33:37", "elapsed": 1321.451136, "delta": 0.002527}}
{"target": -13.758530657865464, "params": {"gamma": 414.5178657813401, "log10_alpha": -3.7112712636863074, "log10_colsample_bytree": -0.5067897063997926, "log10_eta": -3.9690708261392156, "log10_lambda": -2.808758075059689, "log10_min_child_weight": 2.431725331544183, "log10_subsample": -0.7868556927833301, "max_depth": 3.0, "num_boost_round": 10.0}, "datetime": {"datetime": "2024-01-19 00:33:37", "elapsed": 1321.453661, "delta": 0.002525}}
{"target": -13.75852739383804, "params": {"gamma": 414.5178657813401, "log10_alpha": -3.7112712636863074, "log10_colsample_bytree": -0.5067897063997926, "log10_eta": -3.9690708261392156, "log10_lambda": -2.808758075059689, "log10_min_child_weight": 2.431725331544183, "log10_subsample": -0.7868556927833301, "max_depth": 3.0, "num_boost_round": 11.0}, "datetime": {"datetime": "2024-01-19 00:33:37", "elapsed": 1321.45625, "delta": 0.002589}}
{"target": -13.7585272893349, "params": {"gamma": 414.5178657813401, "log10_alpha": -3.7112712636863074, "log10_colsample_bytree": -0.5067897063997926, "log10_eta": -3.9690708261392156, "log10_lambda": -2.808758075059689, "log10_min_child_weight": 2.431725331544183, "log10_subsample": -0.7868556927833301, "max_depth": 3.0, "num_boost_round": 12.0}, "datetime": {"datetime": "2024-01-19 00:33:37", "elapsed": 1321.458745, "delta": 0.002495}}
{"target": -13.758525512036352, "params": {"gamma": 414.5178657813401, "log10_alpha": -3.7112712636863074, "log10_colsample_bytree": -0.5067897063997926, "log10_eta": -3.9690708261392156, "log10_lambda": -2.808758075059689, "log10_min_child_weight": 2.431725331544183, "log10_subsample": -0.7868556927833301, "max_depth": 3.0, "num_boost_round": 13.0}, "datetime": {"datetime": "2024-01-19 00:33:37", "elapsed": 1321.548702, "delta": 0.089957}}
{"target": -13.758524565740627, "params": {"gamma": 414.5178657813401, "log10_alpha": -3.7112712636863074, "log10_colsample_bytree": -0.5067897063997926, "log10_eta": -3.9690708261392156, "log10_lambda": -2.808758075059689, "log10_min_child_weight": 2.431725331544183, "log10_subsample": -0.7868556927833301, "max_depth": 3.0, "num_boost_round": 14.0}, "datetime": {"datetime": "2024-01-19 00:33:37", "elapsed": 1321.5517, "delta": 0.002998}}
{"target": -13.758521750912793, "params": {"gamma": 414.5178657813401, "log10_alpha": -3.7112712636863074, "log10_colsample_bytree": -0.5067897063997926, "log10_eta": -3.9690708261392156, "log10_lambda": -2.808758075059689, "log10_min_child_weight": 2.431725331544183, "log10_subsample": -0.7868556927833301, "max_depth": 3.0, "num_boost_round": 15.0}, "datetime": {"datetime": "2024-01-19 00:33:37", "elapsed": 1321.554612, "delta": 0.002912}}
{"target": -13.758520672616353, "params": {"gamma": 414.5178657813401, "log10_alpha": -3.7112712636863074, "log10_colsample_bytree": -0.5067897063997926, "log10_eta": -3.9690708261392156, "log10_lambda": -2.808758075059689, "log10_min_child_weight": 2.431725331544183, "log10_subsample": -0.7868556927833301, "max_depth": 3.0, "num_boost_round": 16.0}, "datetime": {"datetime": "2024-01-19 00:33:37", "elapsed": 1321.557293, "delta": 0.002681}}
{"target": -13.758520072524174, "params": {"gamma": 414.5178657813401, "log10_alpha": -3.7112712636863074, "log10_colsample_bytree": -0.5067897063997926, "log10_eta": -3.9690708261392156, "log10_lambda": -2.808758075059689, "log10_min_child_weight": 2.431725331544183, "log10_subsample": -0.7868556927833301, "max_depth": 3.0, "num_boost_round": 17.0}, "datetime": {"datetime": "2024-01-19 00:33:37", "elapsed": 1321.560021, "delta": 0.002728}}
{"target": -13.758519098826955, "params": {"gamma": 414.5178657813401, "log10_alpha": -3.7112712636863074, "log10_colsample_bytree": -0.5067897063997926, "log10_eta": -3.9690708261392156, "log10_lambda": -2.808758075059689, "log10_min_child_weight": 2.431725331544183, "log10_subsample": -0.7868556927833301, "max_depth": 3.0, "num_boost_round": 18.0}, "datetime": {"datetime": "2024-01-19 00:33:37", "elapsed": 1321.562665, "delta": 0.002644}}
{"target": -13.758518625269227, "params": {"gamma": 414.5178657813401, "log10_alpha": -3.7112712636863074, "log10_colsample_bytree": -0.5067897063997926, "log10_eta": -3.9690708261392156, "log10_lambda": -2.808758075059689, "log10_min_child_weight": 2.431725331544183, "log10_subsample": -0.7868556927833301, "max_depth": 3.0, "num_boost_round": 19.0}, "datetime": {"datetime": "2024-01-19 00:33:37", "elapsed": 1321.565313, "delta": 0.002648}}
{"target": -13.758517710838353, "params": {"gamma": 414.5178657813401, "log10_alpha": -3.7112712636863074, "log10_colsample_bytree": -0.5067897063997926, "log10_eta": -3.9690708261392156, "log10_lambda": -2.808758075059689, "log10_min_child_weight": 2.431725331544183, "log10_subsample": -0.7868556927833301, "max_depth": 3.0, "num_boost_round": 20.0}, "datetime": {"datetime": "2024-01-19 00:33:37", "elapsed": 1321.567969, "delta": 0.002656}}
{"target": -13.75851539748231, "params": {"gamma": 414.5178657813401, "log10_alpha": -3.7112712636863074, "log10_colsample_bytree": -0.5067897063997926, "log10_eta": -3.9690708261392156, "log10_lambda": -2.808758075059689, "log10_min_child_weight": 2.431725331544183, "log10_subsample": -0.7868556927833301, "max_depth": 3.0, "num_boost_round": 21.0}, "datetime": {"datetime": "2024-01-19 00:33:37", "elapsed": 1321.570676, "delta": 0.002707}}
{"target": -13.75851465109144, "params": {"gamma": 414.5178657813401, "log10_alpha": -3.7112712636863074, "log10_colsample_bytree": -0.5067897063997926, "log10_eta": -3.9690708261392156, "log10_lambda": -2.808758075059689, "log10_min_child_weight": 2.431725331544183, "log10_subsample": -0.7868556927833301, "max_depth": 3.0, "num_boost_round": 22.0}, "datetime": {"datetime": "2024-01-19 00:33:37", "elapsed": 1321.573401, "delta": 0.002725}}
{"target": -13.758514015694612, "params": {"gamma": 414.5178657813401, "log10_alpha": -3.7112712636863074, "log10_colsample_bytree": -0.5067897063997926, "log10_eta": -3.9690708261392156, "log10_lambda": -2.808758075059689, "log10_min_child_weight": 2.431725331544183, "log10_subsample": -0.7868556927833301, "max_depth": 3.0, "num_boost_round": 23.0}, "datetime": {"datetime": "2024-01-19 00:33:37", "elapsed": 1321.576089, "delta": 0.002688}}
{"target": -13.758513518831894, "params": {"gamma": 414.5178657813401, "log10_alpha": -3.7112712636863074, "log10_colsample_bytree": -0.5067897063997926, "log10_eta": -3.9690708261392156, "log10_lambda": -2.808758075059689, "log10_min_child_weight": 2.431725331544183, "log10_subsample": -0.7868556927833301, "max_depth": 3.0, "num_boost_round": 24.0}, "datetime": {"datetime": "2024-01-19 00:33:37", "elapsed": 1321.578749, "delta": 0.00266}}
{"target": -13.77872935252006, "params": {"gamma": 405.5572852713758, "log10_alpha": -1.6533241514860721, "log10_colsample_bytree": -0.8313370523855477, "log10_eta": -0.19431478784655454, "log10_lambda": -0.7384423477225095, "log10_min_child_weight": 3.850184557254168, "log10_subsample": -0.3131661875560401, "max_depth": 7.0, "num_boost_round": 0.0}, "datetime": {"datetime": "2024-01-19 00:34:09", "elapsed": 1353.333971, "delta": 31.755222}}
{"target": -13.78962090700792, "params": {"gamma": 405.5572852713758, "log10_alpha": -1.6533241514860721, "log10_colsample_bytree": -0.8313370523855477, "log10_eta": -0.19431478784655454, "log10_lambda": -0.7384423477225095, "log10_min_child_weight": 3.850184557254168, "log10_subsample": -0.3131661875560401, "max_depth": 7.0, "num_boost_round": 1.0}, "datetime": {"datetime": "2024-01-19 00:34:09", "elapsed": 1353.337834, "delta": 0.003863}}
{"target": -13.80577283924618, "params": {"gamma": 405.5572852713758, "log10_alpha": -1.6533241514860721, "log10_colsample_bytree": -0.8313370523855477, "log10_eta": -0.19431478784655454, "log10_lambda": -0.7384423477225095, "log10_min_child_weight": 3.850184557254168, "log10_subsample": -0.3131661875560401, "max_depth": 7.0, "num_boost_round": 2.0}, "datetime": {"datetime": "2024-01-19 00:34:09", "elapsed": 1353.340538, "delta": 0.002704}}
{"target": -13.810531261101652, "params": {"gamma": 405.5572852713758, "log10_alpha": -1.6533241514860721, "log10_colsample_bytree": -0.8313370523855477, "log10_eta": -0.19431478784655454, "log10_lambda": -0.7384423477225095, "log10_min_child_weight": 3.850184557254168, "log10_subsample": -0.3131661875560401, "max_depth": 7.0, "num_boost_round": 3.0}, "datetime": {"datetime": "2024-01-19 00:34:09", "elapsed": 1353.343191, "delta": 0.002653}}
{"target": -13.822391947687239, "params": {"gamma": 405.5572852713758, "log10_alpha": -1.6533241514860721, "log10_colsample_bytree": -0.8313370523855477, "log10_eta": -0.19431478784655454, "log10_lambda": -0.7384423477225095, "log10_min_child_weight": 3.850184557254168, "log10_subsample": -0.3131661875560401, "max_depth": 7.0, "num_boost_round": 4.0}, "datetime": {"datetime": "2024-01-19 00:34:09", "elapsed": 1353.345805, "delta": 0.002614}}
{"target": -13.828458913064562, "params": {"gamma": 405.5572852713758, "log10_alpha": -1.6533241514860721, "log10_colsample_bytree": -0.8313370523855477, "log10_eta": -0.19431478784655454, "log10_lambda": -0.7384423477225095, "log10_min_child_weight": 3.850184557254168, "log10_subsample": -0.3131661875560401, "max_depth": 7.0, "num_boost_round": 5.0}, "datetime": {"datetime": "2024-01-19 00:34:09", "elapsed": 1353.348369, "delta": 0.002564}}
{"target": -13.847668944225187, "params": {"gamma": 405.5572852713758, "log10_alpha": -1.6533241514860721, "log10_colsample_bytree": -0.8313370523855477, "log10_eta": -0.19431478784655454, "log10_lambda": -0.7384423477225095, "log10_min_child_weight": 3.850184557254168, "log10_subsample": -0.3131661875560401, "max_depth": 7.0, "num_boost_round": 6.0}, "datetime": {"datetime": "2024-01-19 00:34:09", "elapsed": 1353.350958, "delta": 0.002589}}
{"target": -13.85450414874505, "params": {"gamma": 405.5572852713758, "log10_alpha": -1.6533241514860721, "log10_colsample_bytree": -0.8313370523855477, "log10_eta": -0.19431478784655454, "log10_lambda": -0.7384423477225095, "log10_min_child_weight": 3.850184557254168, "log10_subsample": -0.3131661875560401, "max_depth": 7.0, "num_boost_round": 7.0}, "datetime": {"datetime": "2024-01-19 00:34:09", "elapsed": 1353.353519, "delta": 0.002561}}
{"target": -13.872088985336575, "params": {"gamma": 405.5572852713758, "log10_alpha": -1.6533241514860721, "log10_colsample_bytree": -0.8313370523855477, "log10_eta": -0.19431478784655454, "log10_lambda": -0.7384423477225095, "log10_min_child_weight": 3.850184557254168, "log10_subsample": -0.3131661875560401, "max_depth": 7.0, "num_boost_round": 8.0}, "datetime": {"datetime": "2024-01-19 00:34:09", "elapsed": 1353.356159, "delta": 0.00264}}
{"target": -13.882865965270252, "params": {"gamma": 405.5572852713758, "log10_alpha": -1.6533241514860721, "log10_colsample_bytree": -0.8313370523855477, "log10_eta": -0.19431478784655454, "log10_lambda": -0.7384423477225095, "log10_min_child_weight": 3.850184557254168, "log10_subsample": -0.3131661875560401, "max_depth": 7.0, "num_boost_round": 9.0}, "datetime": {"datetime": "2024-01-19 00:34:09", "elapsed": 1353.35874, "delta": 0.002581}}
{"target": -13.89940236413379, "params": {"gamma": 405.5572852713758, "log10_alpha": -1.6533241514860721, "log10_colsample_bytree": -0.8313370523855477, "log10_eta": -0.19431478784655454, "log10_lambda": -0.7384423477225095, "log10_min_child_weight": 3.850184557254168, "log10_subsample": -0.3131661875560401, "max_depth": 7.0, "num_boost_round": 10.0}, "datetime": {"datetime": "2024-01-19 00:34:09", "elapsed": 1353.361336, "delta": 0.002596}}
{"target": -13.905389715538849, "params": {"gamma": 405.5572852713758, "log10_alpha": -1.6533241514860721, "log10_colsample_bytree": -0.8313370523855477, "log10_eta": -0.19431478784655454, "log10_lambda": -0.7384423477225095, "log10_min_child_weight": 3.850184557254168, "log10_subsample": -0.3131661875560401, "max_depth": 7.0, "num_boost_round": 11.0}, "datetime": {"datetime": "2024-01-19 00:34:09", "elapsed": 1353.363875, "delta": 0.002539}}
{"target": -13.91742876110862, "params": {"gamma": 405.5572852713758, "log10_alpha": -1.6533241514860721, "log10_colsample_bytree": -0.8313370523855477, "log10_eta": -0.19431478784655454, "log10_lambda": -0.7384423477225095, "log10_min_child_weight": 3.850184557254168, "log10_subsample": -0.3131661875560401, "max_depth": 7.0, "num_boost_round": 12.0}, "datetime": {"datetime": "2024-01-19 00:34:09", "elapsed": 1353.366497, "delta": 0.002622}}
{"target": -13.92041904571791, "params": {"gamma": 405.5572852713758, "log10_alpha": -1.6533241514860721, "log10_colsample_bytree": -0.8313370523855477, "log10_eta": -0.19431478784655454, "log10_lambda": -0.7384423477225095, "log10_min_child_weight": 3.850184557254168, "log10_subsample": -0.3131661875560401, "max_depth": 7.0, "num_boost_round": 13.0}, "datetime": {"datetime": "2024-01-19 00:34:09", "elapsed": 1353.369079, "delta": 0.002582}}
{"target": -13.948000616952871, "params": {"gamma": 405.5572852713758, "log10_alpha": -1.6533241514860721, "log10_colsample_bytree": -0.8313370523855477, "log10_eta": -0.19431478784655454, "log10_lambda": -0.7384423477225095, "log10_min_child_weight": 3.850184557254168, "log10_subsample": -0.3131661875560401, "max_depth": 7.0, "num_boost_round": 14.0}, "datetime": {"datetime": "2024-01-19 00:34:09", "elapsed": 1353.371729, "delta": 0.00265}}
{"target": -13.949475178635916, "params": {"gamma": 405.5572852713758, "log10_alpha": -1.6533241514860721, "log10_colsample_bytree": -0.8313370523855477, "log10_eta": -0.19431478784655454, "log10_lambda": -0.7384423477225095, "log10_min_child_weight": 3.850184557254168, "log10_subsample": -0.3131661875560401, "max_depth": 7.0, "num_boost_round": 15.0}, "datetime": {"datetime": "2024-01-19 00:34:09", "elapsed": 1353.374319, "delta": 0.00259}}
{"target": -13.949727800237369, "params": {"gamma": 405.5572852713758, "log10_alpha": -1.6533241514860721, "log10_colsample_bytree": -0.8313370523855477, "log10_eta": -0.19431478784655454, "log10_lambda": -0.7384423477225095, "log10_min_child_weight": 3.850184557254168, "log10_subsample": -0.3131661875560401, "max_depth": 7.0, "num_boost_round": 16.0}, "datetime": {"datetime": "2024-01-19 00:34:09", "elapsed": 1353.377049, "delta": 0.00273}}
{"target": -13.955595518009789, "params": {"gamma": 405.5572852713758, "log10_alpha": -1.6533241514860721, "log10_colsample_bytree": -0.8313370523855477, "log10_eta": -0.19431478784655454, "log10_lambda": -0.7384423477225095, "log10_min_child_weight": 3.850184557254168, "log10_subsample": -0.3131661875560401, "max_depth": 7.0, "num_boost_round": 17.0}, "datetime": {"datetime": "2024-01-19 00:34:09", "elapsed": 1353.379799, "delta": 0.00275}}
{"target": -13.963096250587435, "params": {"gamma": 405.5572852713758, "log10_alpha": -1.6533241514860721, "log10_colsample_bytree": -0.8313370523855477, "log10_eta": -0.19431478784655454, "log10_lambda": -0.7384423477225095, "log10_min_child_weight": 3.850184557254168, "log10_subsample": -0.3131661875560401, "max_depth": 7.0, "num_boost_round": 18.0}, "datetime": {"datetime": "2024-01-19 00:34:09", "elapsed": 1353.382463, "delta": 0.002664}}
{"target": -13.758536206262338, "params": {"gamma": 423.14935055781604, "log10_alpha": -5.0, "log10_colsample_bytree": -1.0, "log10_eta": -4.0, "log10_lambda": -5.0, "log10_min_child_weight": 0.0, "log10_subsample": 0.0, "max_depth": 2.0, "num_boost_round": 0.0}, "datetime": {"datetime": "2024-01-19 00:34:36", "elapsed": 1380.304504, "delta": 26.922041}}
{"target": -13.758535974677368, "params": {"gamma": 423.14935055781604, "log10_alpha": -5.0, "log10_colsample_bytree": -1.0, "log10_eta": -4.0, "log10_lambda": -5.0, "log10_min_child_weight": 0.0, "log10_subsample": 0.0, "max_depth": 2.0, "num_boost_round": 1.0}, "datetime": {"datetime": "2024-01-19 00:34:36", "elapsed": 1380.3078, "delta": 0.003296}}
{"target": -13.758535888243332, "params": {"gamma": 423.14935055781604, "log10_alpha": -5.0, "log10_colsample_bytree": -1.0, "log10_eta": -4.0, "log10_lambda": -5.0, "log10_min_child_weight": 0.0, "log10_subsample": 0.0, "max_depth": 2.0, "num_boost_round": 2.0}, "datetime": {"datetime": "2024-01-19 00:34:36", "elapsed": 1380.310722, "delta": 0.002922}}
{"target": -13.758536460367317, "params": {"gamma": 423.14935055781604, "log10_alpha": -5.0, "log10_colsample_bytree": -1.0, "log10_eta": -4.0, "log10_lambda": -5.0, "log10_min_child_weight": 0.0, "log10_subsample": 0.0, "max_depth": 2.0, "num_boost_round": 3.0}, "datetime": {"datetime": "2024-01-19 00:34:36", "elapsed": 1380.313295, "delta": 0.002573}}
