{"target": -17.677073199680503, "params": {"gamma": 39.714013222731715, "log10_alpha": 0.8163322221066149, "log10_colsample_bytree": -0.4388237886173366, "log10_eta": -3.080214782042041, "log10_lambda": -0.7796233969230864, "log10_min_child_weight": 2.8845716723420534, "log10_subsample": -0.6324523702899152, "max_depth": 9.0, "num_boost_round": 3.0}, "datetime": {"datetime": "2024-01-19 02:00:10", "elapsed": 6564.246386, "delta": 0.005106}}
{"target": -17.676994459699024, "params": {"gamma": 39.714013222731715, "log10_alpha": 0.8163322221066149, "log10_colsample_bytree": -0.4388237886173366, "log10_eta": -3.080214782042041, "log10_lambda": -0.7796233969230864, "log10_min_child_weight": 2.8845716723420534, "log10_subsample": -0.6324523702899152, "max_depth": 9.0, "num_boost_round": 4.0}, "datetime": {"datetime": "2024-01-19 02:00:10", "elapsed": 6564.251345, "delta": 0.004959}}
{"target": -17.676967005663368, "params": {"gamma": 39.714013222731715, "log10_alpha": 0.8163322221066149, "log10_colsample_bytree": -0.4388237886173366, "log10_eta": -3.080214782042041, "log10_lambda": -0.7796233969230864, "log10_min_child_weight": 2.8845716723420534, "log10_subsample": -0.6324523702899152, "max_depth": 9.0, "num_boost_round": 5.0}, "datetime": {"datetime": "2024-01-19 02:00:10", "elapsed": 6564.256287, "delta": 0.004942}}
{"target": -17.67696045988689, "params": {"gamma": 39.714013222731715, "log10_alpha": 0.8163322221066149, "log10_colsample_bytree": -0.4388237886173366, "log10_eta": -3.080214782042041, "log10_lambda": -0.7796233969230864, "log10_min_child_weight": 2.8845716723420534, "log10_subsample": -0.6324523702899152, "max_depth": 9.0, "num_boost_round": 6.0}, "datetime": {"datetime": "2024-01-19 02:00:10", "elapsed": 6564.261328, "delta": 0.005041}}
{"target": -17.676919176787155, "params": {"gamma": 39.714013222731715, "log10_alpha": 0.8163322221066149, "log10_colsample_bytree": -0.4388237886173366, "log10_eta": -3.080214782042041, "log10_lambda": -0.7796233969230864, "log10_min_child_weight": 2.8845716723420534, "log10_subsample": -0.6324523702899152, "max_depth": 9.0, "num_boost_round": 7.0}, "datetime": {"datetime": "2024-01-19 02:00:10", "elapsed": 6564.266432, "delta": 0.005104}}
{"target": -17.676890974100143, "params": {"gamma": 39.714013222731715, "log10_alpha": 0.8163322221066149, "log10_colsample_bytree": -0.4388237886173366, "log10_eta": -3.080214782042041, "log10_lambda": -0.7796233969230864, "log10_min_child_weight": 2.8845716723420534, "log10_subsample": -0.6324523702899152, "max_depth": 9.0, "num_boost_round": 8.0}, "datetime": {"datetime": "2024-01-19 02:00:10", "elapsed": 6564.271507, "delta": 0.005075}}
{"target": -17.676876982456275, "params": {"gamma": 39.714013222731715, "log10_alpha": 0.8163322221066149, "log10_colsample_bytree": -0.4388237886173366, "log10_eta": -3.080214782042041, "log10_lambda": -0.7796233969230864, "log10_min_child_weight": 2.8845716723420534, "log10_subsample": -0.6324523702899152, "max_depth": 9.0, "num_boost_round": 9.0}, "datetime": {"datetime": "2024-01-19 02:00:10", "elapsed": 6564.276349, "delta": 0.004842}}
{"target": -17.676818852281492, "params": {"gamma": 39.714013222731715, "log10_alpha": 0.8163322221066149, "log10_colsample_bytree": -0.4388237886173366, "log10_eta": -3.080214782042041, "log10_lambda": -0.7796233969230864, "log10_min_child_weight": 2.8845716723420534, "log10_subsample": -0.6324523702899152, "max_depth": 9.0, "num_boost_round": 10.0}, "datetime": {"datetime": "2024-01-19 02:00:10", "elapsed": 6564.28125, "delta": 0.004901}}
{"target": -17.67679589842336, "params": {"gamma": 39.714013222731715, "log10_alpha": 0.8163322221066149, "log10_colsample_bytree": -0.4388237886173366, "log10_eta": -3.080214782042041, "log10_lambda": -0.7796233969230864, "log10_min_child_weight": 2.8845716723420534, "log10_subsample": -0.6324523702899152, "max_depth": 9.0, "num_boost_round": 11.0}, "datetime": {"datetime": "2024-01-19 02:00:10", "elapsed": 6564.408149, "delta": 0.126899}}
{"target": -17.67680230045287, "params": {"gamma": 39.714013222731715, "log10_alpha": 0.8163322221066149, "log10_colsample_bytree": -0.4388237886173366, "log10_eta": -3.080214782042041, "log10_lambda": -0.7796233969230864, "log10_min_child_weight": 2.8845716723420534, "log10_subsample": -0.6324523702899152, "max_depth": 9.0, "num_boost_round": 12.0}, "datetime": {"datetime": "2024-01-19 02:00:10", "elapsed": 6564.414267, "delta": 0.006118}}
{"target": -17.676757152996917, "params": {"gamma": 39.714013222731715, "log10_alpha": 0.8163322221066149, "log10_colsample_bytree": -0.4388237886173366, "log10_eta": -3.080214782042041, "log10_lambda": -0.7796233969230864, "log10_min_child_weight": 2.8845716723420534, "log10_subsample": -0.6324523702899152, "max_depth": 9.0, "num_boost_round": 13.0}, "datetime": {"datetime": "2024-01-19 02:00:10", "elapsed": 6564.419413, "delta": 0.005146}}
{"target": -17.676749634226727, "params": {"gamma": 39.714013222731715, "log10_alpha": 0.8163322221066149, "log10_colsample_bytree": -0.4388237886173366, "log10_eta": -3.080214782042041, "log10_lambda": -0.7796233969230864, "log10_min_child_weight": 2.8845716723420534, "log10_subsample": -0.6324523702899152, "max_depth": 9.0, "num_boost_round": 14.0}, "datetime": {"datetime": "2024-01-19 02:00:10", "elapsed": 6564.424446, "delta": 0.005033}}
{"target": -17.676730753934656, "params": {"gamma": 39.714013222731715, "log10_alpha": 0.8163322221066149, "log10_colsample_bytree": -0.4388237886173366, "log10_eta": -3.080214782042041, "log10_lambda": -0.7796233969230864, "log10_min_child_weight": 2.8845716723420534, "log10_subsample": -0.6324523702899152, "max_depth": 9.0, "num_boost_round": 15.0}, "datetime": {"datetime": "2024-01-19 02:00:10", "elapsed": 6564.42945, "delta": 0.005004}}
{"target": -17.676701950582093, "params": {"gamma": 39.714013222731715, "log10_alpha": 0.8163322221066149, "log10_colsample_bytree": -0.4388237886173366, "log10_eta": -3.080214782042041, "log10_lambda": -0.7796233969230864, "log10_min_child_weight": 2.8845716723420534, "log10_subsample": -0.6324523702899152, "max_depth": 9.0, "num_boost_round": 16.0}, "datetime": {"datetime": "2024-01-19 02:00:10", "elapsed": 6564.434463, "delta": 0.005013}}
{"target": -17.676694689654774, "params": {"gamma": 39.714013222731715, "log10_alpha": 0.8163322221066149, "log10_colsample_bytree": -0.4388237886173366, "log10_eta": -3.080214782042041, "log10_lambda": -0.7796233969230864, "log10_min_child_weight": 2.8845716723420534, "log10_subsample": -0.6324523702899152, "max_depth": 9.0, "num_boost_round": 17.0}, "datetime": {"datetime": "2024-01-19 02:00:10", "elapsed": 6564.43945, "delta": 0.004987}}
{"target": -17.676732080130492, "params": {"gamma": 39.714013222731715, "log10_alpha": 0.8163322221066149, "log10_colsample_bytree": -0.4388237886173366, "log10_eta": -3.080214782042041, "log10_lambda": -0.7796233969230864, "log10_min_child_weight": 2.8845716723420534, "log10_subsample": -0.6324523702899152, "max_depth": 9.0, "num_boost_round": 18.0}, "datetime": {"datetime": "2024-01-19 02:00:10", "elapsed": 6564.444627, "delta": 0.005177}}
{"target": -17.676693307216556, "params": {"gamma": 39.714013222731715, "log10_alpha": 0.8163322221066149, "log10_colsample_bytree": -0.4388237886173366, "log10_eta": -3.080214782042041, "log10_lambda": -0.7796233969230864, "log10_min_child_weight": 2.8845716723420534, "log10_subsample": -0.6324523702899152, "max_depth": 9.0, "num_boost_round": 19.0}, "datetime": {"datetime": "2024-01-19 02:00:10", "elapsed": 6564.449656, "delta": 0.005029}}
{"target": -17.676649335460432, "params": {"gamma": 39.714013222731715, "log10_alpha": 0.8163322221066149, "log10_colsample_bytree": -0.4388237886173366, "log10_eta": -3.080214782042041, "log10_lambda": -0.7796233969230864, "log10_min_child_weight": 2.8845716723420534, "log10_subsample": -0.6324523702899152, "max_depth": 9.0, "num_boost_round": 20.0}, "datetime": {"datetime": "2024-01-19 02:00:10", "elapsed": 6564.454694, "delta": 0.005038}}
{"target": -17.676640208676922, "params": {"gamma": 39.714013222731715, "log10_alpha": 0.8163322221066149, "log10_colsample_bytree": -0.4388237886173366, "log10_eta": -3.080214782042041, "log10_lambda": -0.7796233969230864, "log10_min_child_weight": 2.8845716723420534, "log10_subsample": -0.6324523702899152, "max_depth": 9.0, "num_boost_round": 21.0}, "datetime": {"datetime": "2024-01-19 02:00:10", "elapsed": 6564.459762, "delta": 0.005068}}
{"target": -17.676587683046854, "params": {"gamma": 39.714013222731715, "log10_alpha": 0.8163322221066149, "log10_colsample_bytree": -0.4388237886173366, "log10_eta": -3.080214782042041, "log10_lambda": -0.7796233969230864, "log10_min_child_weight": 2.8845716723420534, "log10_subsample": -0.6324523702899152, "max_depth": 9.0, "num_boost_round": 22.0}, "datetime": {"datetime": "2024-01-19 02:00:10", "elapsed": 6564.464874, "delta": 0.005112}}
{"target": -17.676535369984208, "params": {"gamma": 39.714013222731715, "log10_alpha": 0.8163322221066149, "log10_colsample_bytree": -0.4388237886173366, "log10_eta": -3.080214782042041, "log10_lambda": -0.7796233969230864, "log10_min_child_weight": 2.8845716723420534, "log10_subsample": -0.6324523702899152, "max_depth": 9.0, "num_boost_round": 23.0}, "datetime": {"datetime": "2024-01-19 02:00:10", "elapsed": 6564.469934, "delta": 0.00506}}
{"target": -17.676503836075355, "params": {"gamma": 39.714013222731715, "log10_alpha": 0.8163322221066149, "log10_colsample_bytree": -0.4388237886173366, "log10_eta": -3.080214782042041, "log10_lambda": -0.7796233969230864, "log10_min_child_weight": 2.8845716723420534, "log10_subsample": -0.6324523702899152, "max_depth": 9.0, "num_boost_round": 24.0}, "datetime": {"datetime": "2024-01-19 02:00:10", "elapsed": 6564.475159, "delta": 0.005225}}
{"target": -17.676485496908615, "params": {"gamma": 39.714013222731715, "log10_alpha": 0.8163322221066149, "log10_colsample_bytree": -0.4388237886173366, "log10_eta": -3.080214782042041, "log10_lambda": -0.7796233969230864, "log10_min_child_weight": 2.8845716723420534, "log10_subsample": -0.6324523702899152, "max_depth": 9.0, "num_boost_round": 25.0}, "datetime": {"datetime": "2024-01-19 02:00:10", "elapsed": 6564.480246, "delta": 0.005087}}
{"target": -17.676543949605694, "params": {"gamma": 39.714013222731715, "log10_alpha": 0.8163322221066149, "log10_colsample_bytree": -0.4388237886173366, "log10_eta": -3.080214782042041, "log10_lambda": -0.7796233969230864, "log10_min_child_weight": 2.8845716723420534, "log10_subsample": -0.6324523702899152, "max_depth": 9.0, "num_boost_round": 26.0}, "datetime": {"datetime": "2024-01-19 02:00:10", "elapsed": 6564.485284, "delta": 0.005038}}
{"target": -17.676564748146568, "params": {"gamma": 39.714013222731715, "log10_alpha": 0.8163322221066149, "log10_colsample_bytree": -0.4388237886173366, "log10_eta": -3.080214782042041, "log10_lambda": -0.7796233969230864, "log10_min_child_weight": 2.8845716723420534, "log10_subsample": -0.6324523702899152, "max_depth": 9.0, "num_boost_round": 27.0}, "datetime": {"datetime": "2024-01-19 02:00:10", "elapsed": 6564.490305, "delta": 0.005021}}
{"target": -17.676529925966673, "params": {"gamma": 39.714013222731715, "log10_alpha": 0.8163322221066149, "log10_colsample_bytree": -0.4388237886173366, "log10_eta": -3.080214782042041, "log10_lambda": -0.7796233969230864, "log10_min_child_weight": 2.8845716723420534, "log10_subsample": -0.6324523702899152, "max_depth": 9.0, "num_boost_round": 28.0}, "datetime": {"datetime": "2024-01-19 02:00:10", "elapsed": 6564.495341, "delta": 0.005036}}
{"target": -17.676476957547663, "params": {"gamma": 39.714013222731715, "log10_alpha": 0.8163322221066149, "log10_colsample_bytree": -0.4388237886173366, "log10_eta": -3.080214782042041, "log10_lambda": -0.7796233969230864, "log10_min_child_weight": 2.8845716723420534, "log10_subsample": -0.6324523702899152, "max_depth": 9.0, "num_boost_round": 29.0}, "datetime": {"datetime": "2024-01-19 02:00:10", "elapsed": 6564.500486, "delta": 0.005145}}
{"target": -17.67649901241125, "params": {"gamma": 39.714013222731715, "log10_alpha": 0.8163322221066149, "log10_colsample_bytree": -0.4388237886173366, "log10_eta": -3.080214782042041, "log10_lambda": -0.7796233969230864, "log10_min_child_weight": 2.8845716723420534, "log10_subsample": -0.6324523702899152, "max_depth": 9.0, "num_boost_round": 30.0}, "datetime": {"datetime": "2024-01-19 02:00:10", "elapsed": 6564.505654, "delta": 0.005168}}
{"target": -17.676465320662043, "params": {"gamma": 39.714013222731715, "log10_alpha": 0.8163322221066149, "log10_colsample_bytree": -0.4388237886173366, "log10_eta": -3.080214782042041, "log10_lambda": -0.7796233969230864, "log10_min_child_weight": 2.8845716723420534, "log10_subsample": -0.6324523702899152, "max_depth": 9.0, "num_boost_round": 31.0}, "datetime": {"datetime": "2024-01-19 02:00:10", "elapsed": 6564.510594, "delta": 0.00494}}
{"target": -17.676453268454534, "params": {"gamma": 39.714013222731715, "log10_alpha": 0.8163322221066149, "log10_colsample_bytree": -0.4388237886173366, "log10_eta": -3.080214782042041, "log10_lambda": -0.7796233969230864, "log10_min_child_weight": 2.8845716723420534, "log10_subsample": -0.6324523702899152, "max_depth": 9.0, "num_boost_round": 32.0}, "datetime": {"datetime": "2024-01-19 02:00:10", "elapsed": 6564.515598, "delta": 0.005004}}
{"target": -17.676417908360058, "params": {"gamma": 39.714013222731715, "log10_alpha": 0.8163322221066149, "log10_colsample_bytree": -0.4388237886173366, "log10_eta": -3.080214782042041, "log10_lambda": -0.7796233969230864, "log10_min_child_weight": 2.8845716723420534, "log10_subsample": -0.6324523702899152, "max_depth": 9.0, "num_boost_round": 33.0}, "datetime": {"datetime": "2024-01-19 02:00:10", "elapsed": 6564.520713, "delta": 0.005115}}
{"target": -17.67637838584182, "params": {"gamma": 39.714013222731715, "log10_alpha": 0.8163322221066149, "log10_colsample_bytree": -0.4388237886173366, "log10_eta": -3.080214782042041, "log10_lambda": -0.7796233969230864, "log10_min_child_weight": 2.8845716723420534, "log10_subsample": -0.6324523702899152, "max_depth": 9.0, "num_boost_round": 34.0}, "datetime": {"datetime": "2024-01-19 02:00:10", "elapsed": 6564.525742, "delta": 0.005029}}
{"target": -17.67639220934781, "params": {"gamma": 39.714013222731715, "log10_alpha": 0.8163322221066149, "log10_colsample_bytree": -0.4388237886173366, "log10_eta": -3.080214782042041, "log10_lambda": -0.7796233969230864, "log10_min_child_weight": 2.8845716723420534, "log10_subsample": -0.6324523702899152, "max_depth": 9.0, "num_boost_round": 35.0}, "datetime": {"datetime": "2024-01-19 02:00:10", "elapsed": 6564.531512, "delta": 0.00577}}
{"target": -17.676431347528165, "params": {"gamma": 39.714013222731715, "log10_alpha": 0.8163322221066149, "log10_colsample_bytree": -0.4388237886173366, "log10_eta": -3.080214782042041, "log10_lambda": -0.7796233969230864, "log10_min_child_weight": 2.8845716723420534, "log10_subsample": -0.6324523702899152, "max_depth": 9.0, "num_boost_round": 36.0}, "datetime": {"datetime": "2024-01-19 02:00:10", "elapsed": 6564.536886, "delta": 0.005374}}
{"target": -17.67643647079444, "params": {"gamma": 39.714013222731715, "log10_alpha": 0.8163322221066149, "log10_colsample_bytree": -0.4388237886173366, "log10_eta": -3.080214782042041, "log10_lambda": -0.7796233969230864, "log10_min_child_weight": 2.8845716723420534, "log10_subsample": -0.6324523702899152, "max_depth": 9.0, "num_boost_round": 37.0}, "datetime": {"datetime": "2024-01-19 02:00:10", "elapsed": 6564.542241, "delta": 0.005355}}
{"target": -17.67641874662727, "params": {"gamma": 39.714013222731715, "log10_alpha": 0.8163322221066149, "log10_colsample_bytree": -0.4388237886173366, "log10_eta": -3.080214782042041, "log10_lambda": -0.7796233969230864, "log10_min_child_weight": 2.8845716723420534, "log10_subsample": -0.6324523702899152, "max_depth": 9.0, "num_boost_round": 38.0}, "datetime": {"datetime": "2024-01-19 02:00:10", "elapsed": 6564.547531, "delta": 0.00529}}
{"target": -17.676367785834586, "params": {"gamma": 39.714013222731715, "log10_alpha": 0.8163322221066149, "log10_colsample_bytree": -0.4388237886173366, "log10_eta": -3.080214782042041, "log10_lambda": -0.7796233969230864, "log10_min_child_weight": 2.8845716723420534, "log10_subsample": -0.6324523702899152, "max_depth": 9.0, "num_boost_round": 39.0}, "datetime": {"datetime": "2024-01-19 02:00:10", "elapsed": 6564.553166, "delta": 0.005635}}
{"target": -17.676340822199357, "params": {"gamma": 39.714013222731715, "log10_alpha": 0.8163322221066149, "log10_colsample_bytree": -0.4388237886173366, "log10_eta": -3.080214782042041, "log10_lambda": -0.7796233969230864, "log10_min_child_weight": 2.8845716723420534, "log10_subsample": -0.6324523702899152, "max_depth": 9.0, "num_boost_round": 40.0}, "datetime": {"datetime": "2024-01-19 02:00:10", "elapsed": 6564.558701, "delta": 0.005535}}
{"target": -17.676340808892444, "params": {"gamma": 39.714013222731715, "log10_alpha": 0.8163322221066149, "log10_colsample_bytree": -0.4388237886173366, "log10_eta": -3.080214782042041, "log10_lambda": -0.7796233969230864, "log10_min_child_weight": 2.8845716723420534, "log10_subsample": -0.6324523702899152, "max_depth": 9.0, "num_boost_round": 41.0}, "datetime": {"datetime": "2024-01-19 02:00:10", "elapsed": 6564.563936, "delta": 0.005235}}
{"target": -17.676306121309473, "params": {"gamma": 39.714013222731715, "log10_alpha": 0.8163322221066149, "log10_colsample_bytree": -0.4388237886173366, "log10_eta": -3.080214782042041, "log10_lambda": -0.7796233969230864, "log10_min_child_weight": 2.8845716723420534, "log10_subsample": -0.6324523702899152, "max_depth": 9.0, "num_boost_round": 42.0}, "datetime": {"datetime": "2024-01-19 02:00:10", "elapsed": 6564.569034, "delta": 0.005098}}
{"target": -17.67629233113122, "params": {"gamma": 39.714013222731715, "log10_alpha": 0.8163322221066149, "log10_colsample_bytree": -0.4388237886173366, "log10_eta": -3.080214782042041, "log10_lambda": -0.7796233969230864, "log10_min_child_weight": 2.8845716723420534, "log10_subsample": -0.6324523702899152, "max_depth": 9.0, "num_boost_round": 43.0}, "datetime": {"datetime": "2024-01-19 02:00:10", "elapsed": 6564.574266, "delta": 0.005232}}
{"target": -17.676269494192116, "params": {"gamma": 39.714013222731715, "log10_alpha": 0.8163322221066149, "log10_colsample_bytree": -0.4388237886173366, "log10_eta": -3.080214782042041, "log10_lambda": -0.7796233969230864, "log10_min_child_weight": 2.8845716723420534, "log10_subsample": -0.6324523702899152, "max_depth": 9.0, "num_boost_round": 44.0}, "datetime": {"datetime": "2024-01-19 02:00:10", "elapsed": 6564.57919, "delta": 0.004924}}
{"target": -17.676226549284543, "params": {"gamma": 39.714013222731715, "log10_alpha": 0.8163322221066149, "log10_colsample_bytree": -0.4388237886173366, "log10_eta": -3.080214782042041, "log10_lambda": -0.7796233969230864, "log10_min_child_weight": 2.8845716723420534, "log10_subsample": -0.6324523702899152, "max_depth": 9.0, "num_boost_round": 45.0}, "datetime": {"datetime": "2024-01-19 02:00:10", "elapsed": 6564.58416, "delta": 0.00497}}
{"target": -17.676228923288058, "params": {"gamma": 39.714013222731715, "log10_alpha": 0.8163322221066149, "log10_colsample_bytree": -0.4388237886173366, "log10_eta": -3.080214782042041, "log10_lambda": -0.7796233969230864, "log10_min_child_weight": 2.8845716723420534, "log10_subsample": -0.6324523702899152, "max_depth": 9.0, "num_boost_round": 46.0}, "datetime": {"datetime": "2024-01-19 02:00:10", "elapsed": 6564.589137, "delta": 0.004977}}
{"target": -17.67618924728572, "params": {"gamma": 39.714013222731715, "log10_alpha": 0.8163322221066149, "log10_colsample_bytree": -0.4388237886173366, "log10_eta": -3.080214782042041, "log10_lambda": -0.7796233969230864, "log10_min_child_weight": 2.8845716723420534, "log10_subsample": -0.6324523702899152, "max_depth": 9.0, "num_boost_round": 47.0}, "datetime": {"datetime": "2024-01-19 02:00:10", "elapsed": 6564.594202, "delta": 0.005065}}
{"target": -17.676182727387477, "params": {"gamma": 39.714013222731715, "log10_alpha": 0.8163322221066149, "log10_colsample_bytree": -0.4388237886173366, "log10_eta": -3.080214782042041, "log10_lambda": -0.7796233969230864, "log10_min_child_weight": 2.8845716723420534, "log10_subsample": -0.6324523702899152, "max_depth": 9.0, "num_boost_round": 48.0}, "datetime": {"datetime": "2024-01-19 02:00:10", "elapsed": 6564.599268, "delta": 0.005066}}
{"target": -17.676187262297614, "params": {"gamma": 39.714013222731715, "log10_alpha": 0.8163322221066149, "log10_colsample_bytree": -0.4388237886173366, "log10_eta": -3.080214782042041, "log10_lambda": -0.7796233969230864, "log10_min_child_weight": 2.8845716723420534, "log10_subsample": -0.6324523702899152, "max_depth": 9.0, "num_boost_round": 49.0}, "datetime": {"datetime": "2024-01-19 02:00:10", "elapsed": 6564.604523, "delta": 0.005255}}
{"target": -17.676184185260585, "params": {"gamma": 39.714013222731715, "log10_alpha": 0.8163322221066149, "log10_colsample_bytree": -0.4388237886173366, "log10_eta": -3.080214782042041, "log10_lambda": -0.7796233969230864, "log10_min_child_weight": 2.8845716723420534, "log10_subsample": -0.6324523702899152, "max_depth": 9.0, "num_boost_round": 50.0}, "datetime": {"datetime": "2024-01-19 02:00:10", "elapsed": 6564.609727, "delta": 0.005204}}
{"target": -17.676212148316807, "params": {"gamma": 39.714013222731715, "log10_alpha": 0.8163322221066149, "log10_colsample_bytree": -0.4388237886173366, "log10_eta": -3.080214782042041, "log10_lambda": -0.7796233969230864, "log10_min_child_weight": 2.8845716723420534, "log10_subsample": -0.6324523702899152, "max_depth": 9.0, "num_boost_round": 51.0}, "datetime": {"datetime": "2024-01-19 02:00:10", "elapsed": 6564.614732, "delta": 0.005005}}
