{"target": -17.67609245367414, "params": {"gamma": 975.4329325919144, "log10_alpha": -0.8971211336813303, "log10_colsample_bytree": -0.2948603765185577, "log10_eta": -2.988348072296472, "log10_lambda": -3.947537891394302, "log10_min_child_weight": 1.6462558871075939, "log10_subsample": -0.21102280008928265, "max_depth": 9.0, "num_boost_round": 21.0}, "datetime": {"datetime": "2024-01-19 01:11:12", "elapsed": 3566.115742, "delta": 0.003917}}
{"target": -17.676045993270606, "params": {"gamma": 975.4329325919144, "log10_alpha": -0.8971211336813303, "log10_colsample_bytree": -0.2948603765185577, "log10_eta": -2.988348072296472, "log10_lambda": -3.947537891394302, "log10_min_child_weight": 1.6462558871075939, "log10_subsample": -0.21102280008928265, "max_depth": 9.0, "num_boost_round": 22.0}, "datetime": {"datetime": "2024-01-19 01:11:12", "elapsed": 3566.222018, "delta": 0.106276}}
{"target": -17.676085855544972, "params": {"gamma": 975.4329325919144, "log10_alpha": -0.8971211336813303, "log10_colsample_bytree": -0.2948603765185577, "log10_eta": -2.988348072296472, "log10_lambda": -3.947537891394302, "log10_min_child_weight": 1.6462558871075939, "log10_subsample": -0.21102280008928265, "max_depth": 9.0, "num_boost_round": 23.0}, "datetime": {"datetime": "2024-01-19 01:11:12", "elapsed": 3566.226523, "delta": 0.004505}}
{"target": -17.676043683728373, "params": {"gamma": 975.4329325919144, "log10_alpha": -0.8971211336813303, "log10_colsample_bytree": -0.2948603765185577, "log10_eta": -2.988348072296472, "log10_lambda": -3.947537891394302, "log10_min_child_weight": 1.6462558871075939, "log10_subsample": -0.21102280008928265, "max_depth": 9.0, "num_boost_round": 24.0}, "datetime": {"datetime": "2024-01-19 01:11:12", "elapsed": 3566.230504, "delta": 0.003981}}
{"target": -17.67597972477483, "params": {"gamma": 975.4329325919144, "log10_alpha": -0.8971211336813303, "log10_colsample_bytree": -0.2948603765185577, "log10_eta": -2.988348072296472, "log10_lambda": -3.947537891394302, "log10_min_child_weight": 1.6462558871075939, "log10_subsample": -0.21102280008928265, "max_depth": 9.0, "num_boost_round": 25.0}, "datetime": {"datetime": "2024-01-19 01:11:12", "elapsed": 3566.234273, "delta": 0.003769}}
{"target": -17.67595596403093, "params": {"gamma": 975.4329325919144, "log10_alpha": -0.8971211336813303, "log10_colsample_bytree": -0.2948603765185577, "log10_eta": -2.988348072296472, "log10_lambda": -3.947537891394302, "log10_min_child_weight": 1.6462558871075939, "log10_subsample": -0.21102280008928265, "max_depth": 9.0, "num_boost_round": 26.0}, "datetime": {"datetime": "2024-01-19 01:11:12", "elapsed": 3566.238117, "delta": 0.003844}}
{"target": -17.67594702915709, "params": {"gamma": 975.4329325919144, "log10_alpha": -0.8971211336813303, "log10_colsample_bytree": -0.2948603765185577, "log10_eta": -2.988348072296472, "log10_lambda": -3.947537891394302, "log10_min_child_weight": 1.6462558871075939, "log10_subsample": -0.21102280008928265, "max_depth": 9.0, "num_boost_round": 27.0}, "datetime": {"datetime": "2024-01-19 01:11:12", "elapsed": 3566.241895, "delta": 0.003778}}
{"target": -17.67589644931839, "params": {"gamma": 975.4329325919144, "log10_alpha": -0.8971211336813303, "log10_colsample_bytree": -0.2948603765185577, "log10_eta": -2.988348072296472, "log10_lambda": -3.947537891394302, "log10_min_child_weight": 1.6462558871075939, "log10_subsample": -0.21102280008928265, "max_depth": 9.0, "num_boost_round": 28.0}, "datetime": {"datetime": "2024-01-19 01:11:12", "elapsed": 3566.250046, "delta": 0.008151}}
{"target": -17.675810203596402, "params": {"gamma": 975.4329325919144, "log10_alpha": -0.8971211336813303, "log10_colsample_bytree": -0.2948603765185577, "log10_eta": -2.988348072296472, "log10_lambda": -3.947537891394302, "log10_min_child_weight": 1.6462558871075939, "log10_subsample": -0.21102280008928265, "max_depth": 9.0, "num_boost_round": 29.0}, "datetime": {"datetime": "2024-01-19 01:11:12", "elapsed": 3566.253927, "delta": 0.003881}}
{"target": -17.675832998784372, "params": {"gamma": 975.4329325919144, "log10_alpha": -0.8971211336813303, "log10_colsample_bytree": -0.2948603765185577, "log10_eta": -2.988348072296472, "log10_lambda": -3.947537891394302, "log10_min_child_weight": 1.6462558871075939, "log10_subsample": -0.21102280008928265, "max_depth": 9.0, "num_boost_round": 30.0}, "datetime": {"datetime": "2024-01-19 01:11:12", "elapsed": 3566.257859, "delta": 0.003932}}
{"target": -17.675782676256766, "params": {"gamma": 975.4329325919144, "log10_alpha": -0.8971211336813303, "log10_colsample_bytree": -0.2948603765185577, "log10_eta": -2.988348072296472, "log10_lambda": -3.947537891394302, "log10_min_child_weight": 1.6462558871075939, "log10_subsample": -0.21102280008928265, "max_depth": 9.0, "num_boost_round": 31.0}, "datetime": {"datetime": "2024-01-19 01:11:12", "elapsed": 3566.261752, "delta": 0.003893}}
{"target": -17.67580372077666, "params": {"gamma": 975.4329325919144, "log10_alpha": -0.8971211336813303, "log10_colsample_bytree": -0.2948603765185577, "log10_eta": -2.988348072296472, "log10_lambda": -3.947537891394302, "log10_min_child_weight": 1.6462558871075939, "log10_subsample": -0.21102280008928265, "max_depth": 9.0, "num_boost_round": 32.0}, "datetime": {"datetime": "2024-01-19 01:11:12", "elapsed": 3566.265639, "delta": 0.003887}}
{"target": -17.675752076228363, "params": {"gamma": 975.4329325919144, "log10_alpha": -0.8971211336813303, "log10_colsample_bytree": -0.2948603765185577, "log10_eta": -2.988348072296472, "log10_lambda": -3.947537891394302, "log10_min_child_weight": 1.6462558871075939, "log10_subsample": -0.21102280008928265, "max_depth": 9.0, "num_boost_round": 33.0}, "datetime": {"datetime": "2024-01-19 01:11:12", "elapsed": 3566.269626, "delta": 0.003987}}
{"target": -17.67574005705726, "params": {"gamma": 975.4329325919144, "log10_alpha": -0.8971211336813303, "log10_colsample_bytree": -0.2948603765185577, "log10_eta": -2.988348072296472, "log10_lambda": -3.947537891394302, "log10_min_child_weight": 1.6462558871075939, "log10_subsample": -0.21102280008928265, "max_depth": 9.0, "num_boost_round": 34.0}, "datetime": {"datetime": "2024-01-19 01:11:12", "elapsed": 3566.273509, "delta": 0.003883}}
{"target": -17.675634774653663, "params": {"gamma": 975.4329325919144, "log10_alpha": -0.8971211336813303, "log10_colsample_bytree": -0.2948603765185577, "log10_eta": -2.988348072296472, "log10_lambda": -3.947537891394302, "log10_min_child_weight": 1.6462558871075939, "log10_subsample": -0.21102280008928265, "max_depth": 9.0, "num_boost_round": 35.0}, "datetime": {"datetime": "2024-01-19 01:11:12", "elapsed": 3566.277433, "delta": 0.003924}}
{"target": -17.675566831361017, "params": {"gamma": 975.4329325919144, "log10_alpha": -0.8971211336813303, "log10_colsample_bytree": -0.2948603765185577, "log10_eta": -2.988348072296472, "log10_lambda": -3.947537891394302, "log10_min_child_weight": 1.6462558871075939, "log10_subsample": -0.21102280008928265, "max_depth": 9.0, "num_boost_round": 36.0}, "datetime": {"datetime": "2024-01-19 01:11:12", "elapsed": 3566.281354, "delta": 0.003921}}
{"target": -17.675451838729945, "params": {"gamma": 975.4329325919144, "log10_alpha": -0.8971211336813303, "log10_colsample_bytree": -0.2948603765185577, "log10_eta": -2.988348072296472, "log10_lambda": -3.947537891394302, "log10_min_child_weight": 1.6462558871075939, "log10_subsample": -0.21102280008928265, "max_depth": 9.0, "num_boost_round": 37.0}, "datetime": {"datetime": "2024-01-19 01:11:12", "elapsed": 3566.28532, "delta": 0.003966}}
{"target": -17.675463583962724, "params": {"gamma": 975.4329325919144, "log10_alpha": -0.8971211336813303, "log10_colsample_bytree": -0.2948603765185577, "log10_eta": -2.988348072296472, "log10_lambda": -3.947537891394302, "log10_min_child_weight": 1.6462558871075939, "log10_subsample": -0.21102280008928265, "max_depth": 9.0, "num_boost_round": 38.0}, "datetime": {"datetime": "2024-01-19 01:11:12", "elapsed": 3566.289347, "delta": 0.004027}}
{"target": -17.675387580822637, "params": {"gamma": 975.4329325919144, "log10_alpha": -0.8971211336813303, "log10_colsample_bytree": -0.2948603765185577, "log10_eta": -2.988348072296472, "log10_lambda": -3.947537891394302, "log10_min_child_weight": 1.6462558871075939, "log10_subsample": -0.21102280008928265, "max_depth": 9.0, "num_boost_round": 39.0}, "datetime": {"datetime": "2024-01-19 01:11:12", "elapsed": 3566.293269, "delta": 0.003922}}
{"target": -17.67536056593828, "params": {"gamma": 975.4329325919144, "log10_alpha": -0.8971211336813303, "log10_colsample_bytree": -0.2948603765185577, "log10_eta": -2.988348072296472, "log10_lambda": -3.947537891394302, "log10_min_child_weight": 1.6462558871075939, "log10_subsample": -0.21102280008928265, "max_depth": 9.0, "num_boost_round": 40.0}, "datetime": {"datetime": "2024-01-19 01:11:12", "elapsed": 3566.297185, "delta": 0.003916}}
{"target": -17.675301097892298, "params": {"gamma": 975.4329325919144, "log10_alpha": -0.8971211336813303, "log10_colsample_bytree": -0.2948603765185577, "log10_eta": -2.988348072296472, "log10_lambda": -3.947537891394302, "log10_min_child_weight": 1.6462558871075939, "log10_subsample": -0.21102280008928265, "max_depth": 9.0, "num_boost_round": 41.0}, "datetime": {"datetime": "2024-01-19 01:11:12", "elapsed": 3566.301102, "delta": 0.003917}}
{"target": -17.675223242349567, "params": {"gamma": 975.4329325919144, "log10_alpha": -0.8971211336813303, "log10_colsample_bytree": -0.2948603765185577, "log10_eta": -2.988348072296472, "log10_lambda": -3.947537891394302, "log10_min_child_weight": 1.6462558871075939, "log10_subsample": -0.21102280008928265, "max_depth": 9.0, "num_boost_round": 42.0}, "datetime": {"datetime": "2024-01-19 01:11:12", "elapsed": 3566.305026, "delta": 0.003924}}
{"target": -17.675177464618848, "params": {"gamma": 975.4329325919144, "log10_alpha": -0.8971211336813303, "log10_colsample_bytree": -0.2948603765185577, "log10_eta": -2.988348072296472, "log10_lambda": -3.947537891394302, "log10_min_child_weight": 1.6462558871075939, "log10_subsample": -0.21102280008928265, "max_depth": 9.0, "num_boost_round": 43.0}, "datetime": {"datetime": "2024-01-19 01:11:12", "elapsed": 3566.308967, "delta": 0.003941}}
{"target": -17.675194279685158, "params": {"gamma": 975.4329325919144, "log10_alpha": -0.8971211336813303, "log10_colsample_bytree": -0.2948603765185577, "log10_eta": -2.988348072296472, "log10_lambda": -3.947537891394302, "log10_min_child_weight": 1.6462558871075939, "log10_subsample": -0.21102280008928265, "max_depth": 9.0, "num_boost_round": 44.0}, "datetime": {"datetime": "2024-01-19 01:11:12", "elapsed": 3566.312919, "delta": 0.003952}}
{"target": -17.675140822911352, "params": {"gamma": 975.4329325919144, "log10_alpha": -0.8971211336813303, "log10_colsample_bytree": -0.2948603765185577, "log10_eta": -2.988348072296472, "log10_lambda": -3.947537891394302, "log10_min_child_weight": 1.6462558871075939, "log10_subsample": -0.21102280008928265, "max_depth": 9.0, "num_boost_round": 45.0}, "datetime": {"datetime": "2024-01-19 01:11:12", "elapsed": 3566.316952, "delta": 0.004033}}
{"target": -17.6750922504476, "params": {"gamma": 975.4329325919144, "log10_alpha": -0.8971211336813303, "log10_colsample_bytree": -0.2948603765185577, "log10_eta": -2.988348072296472, "log10_lambda": -3.947537891394302, "log10_min_child_weight": 1.6462558871075939, "log10_subsample": -0.21102280008928265, "max_depth": 9.0, "num_boost_round": 46.0}, "datetime": {"datetime": "2024-01-19 01:11:12", "elapsed": 3566.320839, "delta": 0.003887}}
{"target": -17.675078711399436, "params": {"gamma": 975.4329325919144, "log10_alpha": -0.8971211336813303, "log10_colsample_bytree": -0.2948603765185577, "log10_eta": -2.988348072296472, "log10_lambda": -3.947537891394302, "log10_min_child_weight": 1.6462558871075939, "log10_subsample": -0.21102280008928265, "max_depth": 9.0, "num_boost_round": 47.0}, "datetime": {"datetime": "2024-01-19 01:11:12", "elapsed": 3566.324769, "delta": 0.00393}}
{"target": -17.67723201491806, "params": {"gamma": 979.8777901141746, "log10_alpha": -3.3777876564539455, "log10_colsample_bytree": -0.10221730387779182, "log10_eta": -3.604187006075091, "log10_lambda": -0.7089136813773234, "log10_min_child_weight": 2.0295703542157675, "log10_subsample": -0.7140032185163318, "max_depth": 7.0, "num_boost_round": 0.0}, "datetime": {"datetime": "2024-01-19 01:12:35", "elapsed": 3648.948304, "delta": 82.623535}}
{"target": -17.677220208310032, "params": {"gamma": 979.8777901141746, "log10_alpha": -3.3777876564539455, "log10_colsample_bytree": -0.10221730387779182, "log10_eta": -3.604187006075091, "log10_lambda": -0.7089136813773234, "log10_min_child_weight": 2.0295703542157675, "log10_subsample": -0.7140032185163318, "max_depth": 7.0, "num_boost_round": 1.0}, "datetime": {"datetime": "2024-01-19 01:12:35", "elapsed": 3648.953133, "delta": 0.004829}}
{"target": -17.67720699791986, "params": {"gamma": 979.8777901141746, "log10_alpha": -3.3777876564539455, "log10_colsample_bytree": -0.10221730387779182, "log10_eta": -3.604187006075091, "log10_lambda": -0.7089136813773234, "log10_min_child_weight": 2.0295703542157675, "log10_subsample": -0.7140032185163318, "max_depth": 7.0, "num_boost_round": 2.0}, "datetime": {"datetime": "2024-01-19 01:12:35", "elapsed": 3648.957205, "delta": 0.004072}}
{"target": -17.67719461915128, "params": {"gamma": 979.8777901141746, "log10_alpha": -3.3777876564539455, "log10_colsample_bytree": -0.10221730387779182, "log10_eta": -3.604187006075091, "log10_lambda": -0.7089136813773234, "log10_min_child_weight": 2.0295703542157675, "log10_subsample": -0.7140032185163318, "max_depth": 7.0, "num_boost_round": 3.0}, "datetime": {"datetime": "2024-01-19 01:12:35", "elapsed": 3648.960978, "delta": 0.003773}}
{"target": -17.677195948449203, "params": {"gamma": 979.8777901141746, "log10_alpha": -3.3777876564539455, "log10_colsample_bytree": -0.10221730387779182, "log10_eta": -3.604187006075091, "log10_lambda": -0.7089136813773234, "log10_min_child_weight": 2.0295703542157675, "log10_subsample": -0.7140032185163318, "max_depth": 7.0, "num_boost_round": 4.0}, "datetime": {"datetime": "2024-01-19 01:12:35", "elapsed": 3648.964871, "delta": 0.003893}}
{"target": -17.67718975563793, "params": {"gamma": 979.8777901141746, "log10_alpha": -3.3777876564539455, "log10_colsample_bytree": -0.10221730387779182, "log10_eta": -3.604187006075091, "log10_lambda": -0.7089136813773234, "log10_min_child_weight": 2.0295703542157675, "log10_subsample": -0.7140032185163318, "max_depth": 7.0, "num_boost_round": 5.0}, "datetime": {"datetime": "2024-01-19 01:12:35", "elapsed": 3648.96875, "delta": 0.003879}}
{"target": -17.67721164392297, "params": {"gamma": 979.8777901141746, "log10_alpha": -3.3777876564539455, "log10_colsample_bytree": -0.10221730387779182, "log10_eta": -3.604187006075091, "log10_lambda": -0.7089136813773234, "log10_min_child_weight": 2.0295703542157675, "log10_subsample": -0.7140032185163318, "max_depth": 7.0, "num_boost_round": 6.0}, "datetime": {"datetime": "2024-01-19 01:12:35", "elapsed": 3648.972603, "delta": 0.003853}}
{"target": -17.67718551085829, "params": {"gamma": 979.8777901141746, "log10_alpha": -3.3777876564539455, "log10_colsample_bytree": -0.10221730387779182, "log10_eta": -3.604187006075091, "log10_lambda": -0.7089136813773234, "log10_min_child_weight": 2.0295703542157675, "log10_subsample": -0.7140032185163318, "max_depth": 7.0, "num_boost_round": 7.0}, "datetime": {"datetime": "2024-01-19 01:12:35", "elapsed": 3648.976408, "delta": 0.003805}}
{"target": -17.677174119457902, "params": {"gamma": 979.8777901141746, "log10_alpha": -3.3777876564539455, "log10_colsample_bytree": -0.10221730387779182, "log10_eta": -3.604187006075091, "log10_lambda": -0.7089136813773234, "log10_min_child_weight": 2.0295703542157675, "log10_subsample": -0.7140032185163318, "max_depth": 7.0, "num_boost_round": 8.0}, "datetime": {"datetime": "2024-01-19 01:12:35", "elapsed": 3648.980179, "delta": 0.003771}}
{"target": -17.67717323103129, "params": {"gamma": 979.8777901141746, "log10_alpha": -3.3777876564539455, "log10_colsample_bytree": -0.10221730387779182, "log10_eta": -3.604187006075091, "log10_lambda": -0.7089136813773234, "log10_min_child_weight": 2.0295703542157675, "log10_subsample": -0.7140032185163318, "max_depth": 7.0, "num_boost_round": 9.0}, "datetime": {"datetime": "2024-01-19 01:12:35", "elapsed": 3648.984062, "delta": 0.003883}}
{"target": -17.67716444616005, "params": {"gamma": 979.8777901141746, "log10_alpha": -3.3777876564539455, "log10_colsample_bytree": -0.10221730387779182, "log10_eta": -3.604187006075091, "log10_lambda": -0.7089136813773234, "log10_min_child_weight": 2.0295703542157675, "log10_subsample": -0.7140032185163318, "max_depth": 7.0, "num_boost_round": 10.0}, "datetime": {"datetime": "2024-01-19 01:12:35", "elapsed": 3648.987788, "delta": 0.003726}}
{"target": -17.67716502383324, "params": {"gamma": 979.8777901141746, "log10_alpha": -3.3777876564539455, "log10_colsample_bytree": -0.10221730387779182, "log10_eta": -3.604187006075091, "log10_lambda": -0.7089136813773234, "log10_min_child_weight": 2.0295703542157675, "log10_subsample": -0.7140032185163318, "max_depth": 7.0, "num_boost_round": 11.0}, "datetime": {"datetime": "2024-01-19 01:12:35", "elapsed": 3648.991657, "delta": 0.003869}}
{"target": -17.677145847401466, "params": {"gamma": 979.8777901141746, "log10_alpha": -3.3777876564539455, "log10_colsample_bytree": -0.10221730387779182, "log10_eta": -3.604187006075091, "log10_lambda": -0.7089136813773234, "log10_min_child_weight": 2.0295703542157675, "log10_subsample": -0.7140032185163318, "max_depth": 7.0, "num_boost_round": 12.0}, "datetime": {"datetime": "2024-01-19 01:12:35", "elapsed": 3648.995404, "delta": 0.003747}}
{"target": -17.67713621761922, "params": {"gamma": 979.8777901141746, "log10_alpha": -3.3777876564539455, "log10_colsample_bytree": -0.10221730387779182, "log10_eta": -3.604187006075091, "log10_lambda": -0.7089136813773234, "log10_min_child_weight": 2.0295703542157675, "log10_subsample": -0.7140032185163318, "max_depth": 7.0, "num_boost_round": 13.0}, "datetime": {"datetime": "2024-01-19 01:12:35", "elapsed": 3648.999155, "delta": 0.003751}}
{"target": -17.67710898833527, "params": {"gamma": 979.8777901141746, "log10_alpha": -3.3777876564539455, "log10_colsample_bytree": -0.10221730387779182, "log10_eta": -3.604187006075091, "log10_lambda": -0.7089136813773234, "log10_min_child_weight": 2.0295703542157675, "log10_subsample": -0.7140032185163318, "max_depth": 7.0, "num_boost_round": 14.0}, "datetime": {"datetime": "2024-01-19 01:12:35", "elapsed": 3649.00291, "delta": 0.003755}}
{"target": -17.67710718605789, "params": {"gamma": 979.8777901141746, "log10_alpha": -3.3777876564539455, "log10_colsample_bytree": -0.10221730387779182, "log10_eta": -3.604187006075091, "log10_lambda": -0.7089136813773234, "log10_min_child_weight": 2.0295703542157675, "log10_subsample": -0.7140032185163318, "max_depth": 7.0, "num_boost_round": 15.0}, "datetime": {"datetime": "2024-01-19 01:12:35", "elapsed": 3649.006679, "delta": 0.003769}}
{"target": -17.67709206061211, "params": {"gamma": 979.8777901141746, "log10_alpha": -3.3777876564539455, "log10_colsample_bytree": -0.10221730387779182, "log10_eta": -3.604187006075091, "log10_lambda": -0.7089136813773234, "log10_min_child_weight": 2.0295703542157675, "log10_subsample": -0.7140032185163318, "max_depth": 7.0, "num_boost_round": 16.0}, "datetime": {"datetime": "2024-01-19 01:12:35", "elapsed": 3649.010724, "delta": 0.004045}}
{"target": -17.677080824240505, "params": {"gamma": 979.8777901141746, "log10_alpha": -3.3777876564539455, "log10_colsample_bytree": -0.10221730387779182, "log10_eta": -3.604187006075091, "log10_lambda": -0.7089136813773234, "log10_min_child_weight": 2.0295703542157675, "log10_subsample": -0.7140032185163318, "max_depth": 7.0, "num_boost_round": 17.0}, "datetime": {"datetime": "2024-01-19 01:12:35", "elapsed": 3649.014654, "delta": 0.00393}}
{"target": -17.6770728331886, "params": {"gamma": 979.8777901141746, "log10_alpha": -3.3777876564539455, "log10_colsample_bytree": -0.10221730387779182, "log10_eta": -3.604187006075091, "log10_lambda": -0.7089136813773234, "log10_min_child_weight": 2.0295703542157675, "log10_subsample": -0.7140032185163318, "max_depth": 7.0, "num_boost_round": 18.0}, "datetime": {"datetime": "2024-01-19 01:12:35", "elapsed": 3649.018451, "delta": 0.003797}}
{"target": -17.677072244735683, "params": {"gamma": 979.8777901141746, "log10_alpha": -3.3777876564539455, "log10_colsample_bytree": -0.10221730387779182, "log10_eta": -3.604187006075091, "log10_lambda": -0.7089136813773234, "log10_min_child_weight": 2.0295703542157675, "log10_subsample": -0.7140032185163318, "max_depth": 7.0, "num_boost_round": 19.0}, "datetime": {"datetime": "2024-01-19 01:12:35", "elapsed": 3649.022291, "delta": 0.00384}}
{"target": -17.677073274509436, "params": {"gamma": 979.8777901141746, "log10_alpha": -3.3777876564539455, "log10_colsample_bytree": -0.10221730387779182, "log10_eta": -3.604187006075091, "log10_lambda": -0.7089136813773234, "log10_min_child_weight": 2.0295703542157675, "log10_subsample": -0.7140032185163318, "max_depth": 7.0, "num_boost_round": 20.0}, "datetime": {"datetime": "2024-01-19 01:12:35", "elapsed": 3649.026128, "delta": 0.003837}}
{"target": -17.677057652768966, "params": {"gamma": 979.8777901141746, "log10_alpha": -3.3777876564539455, "log10_colsample_bytree": -0.10221730387779182, "log10_eta": -3.604187006075091, "log10_lambda": -0.7089136813773234, "log10_min_child_weight": 2.0295703542157675, "log10_subsample": -0.7140032185163318, "max_depth": 7.0, "num_boost_round": 21.0}, "datetime": {"datetime": "2024-01-19 01:12:35", "elapsed": 3649.030007, "delta": 0.003879}}
