{"target": -17.67718362932543, "params": {"gamma": 973.4742101758416, "log10_alpha": -5.0, "log10_colsample_bytree": -1.0, "log10_eta": -3.7397110816133945, "log10_lambda": -1.593703606792865, "log10_min_child_weight": 1.2048140122084707, "log10_subsample": -1.0, "max_depth": 10.0, "num_boost_round": 6.0}, "datetime": {"datetime": "2024-01-19 02:13:45", "elapsed": 7318.999698, "delta": 0.007392}}
{"target": -17.677176688896793, "params": {"gamma": 973.4742101758416, "log10_alpha": -5.0, "log10_colsample_bytree": -1.0, "log10_eta": -3.7397110816133945, "log10_lambda": -1.593703606792865, "log10_min_child_weight": 1.2048140122084707, "log10_subsample": -1.0, "max_depth": 10.0, "num_boost_round": 7.0}, "datetime": {"datetime": "2024-01-19 02:13:45", "elapsed": 7319.006414, "delta": 0.006716}}
{"target": -17.677170616709446, "params": {"gamma": 973.4742101758416, "log10_alpha": -5.0, "log10_colsample_bytree": -1.0, "log10_eta": -3.7397110816133945, "log10_lambda": -1.593703606792865, "log10_min_child_weight": 1.2048140122084707, "log10_subsample": -1.0, "max_depth": 10.0, "num_boost_round": 8.0}, "datetime": {"datetime": "2024-01-19 02:13:45", "elapsed": 7319.013187, "delta": 0.006773}}
{"target": -17.677161445012516, "params": {"gamma": 973.4742101758416, "log10_alpha": -5.0, "log10_colsample_bytree": -1.0, "log10_eta": -3.7397110816133945, "log10_lambda": -1.593703606792865, "log10_min_child_weight": 1.2048140122084707, "log10_subsample": -1.0, "max_depth": 10.0, "num_boost_round": 9.0}, "datetime": {"datetime": "2024-01-19 02:13:45", "elapsed": 7319.019954, "delta": 0.006767}}
{"target": -17.677158056711004, "params": {"gamma": 973.4742101758416, "log10_alpha": -5.0, "log10_colsample_bytree": -1.0, "log10_eta": -3.7397110816133945, "log10_lambda": -1.593703606792865, "log10_min_child_weight": 1.2048140122084707, "log10_subsample": -1.0, "max_depth": 10.0, "num_boost_round": 10.0}, "datetime": {"datetime": "2024-01-19 02:13:45", "elapsed": 7319.026632, "delta": 0.006678}}
{"target": -17.67715212094208, "params": {"gamma": 973.4742101758416, "log10_alpha": -5.0, "log10_colsample_bytree": -1.0, "log10_eta": -3.7397110816133945, "log10_lambda": -1.593703606792865, "log10_min_child_weight": 1.2048140122084707, "log10_subsample": -1.0, "max_depth": 10.0, "num_boost_round": 11.0}, "datetime": {"datetime": "2024-01-19 02:13:45", "elapsed": 7319.033388, "delta": 0.006756}}
{"target": -17.677133660999925, "params": {"gamma": 973.4742101758416, "log10_alpha": -5.0, "log10_colsample_bytree": -1.0, "log10_eta": -3.7397110816133945, "log10_lambda": -1.593703606792865, "log10_min_child_weight": 1.2048140122084707, "log10_subsample": -1.0, "max_depth": 10.0, "num_boost_round": 12.0}, "datetime": {"datetime": "2024-01-19 02:13:45", "elapsed": 7319.040532, "delta": 0.007144}}
{"target": -17.677127105074277, "params": {"gamma": 973.4742101758416, "log10_alpha": -5.0, "log10_colsample_bytree": -1.0, "log10_eta": -3.7397110816133945, "log10_lambda": -1.593703606792865, "log10_min_child_weight": 1.2048140122084707, "log10_subsample": -1.0, "max_depth": 10.0, "num_boost_round": 13.0}, "datetime": {"datetime": "2024-01-19 02:13:45", "elapsed": 7319.047483, "delta": 0.006951}}
{"target": -17.677118755415925, "params": {"gamma": 973.4742101758416, "log10_alpha": -5.0, "log10_colsample_bytree": -1.0, "log10_eta": -3.7397110816133945, "log10_lambda": -1.593703606792865, "log10_min_child_weight": 1.2048140122084707, "log10_subsample": -1.0, "max_depth": 10.0, "num_boost_round": 14.0}, "datetime": {"datetime": "2024-01-19 02:13:45", "elapsed": 7319.054514, "delta": 0.007031}}
{"target": -17.67711004656576, "params": {"gamma": 973.4742101758416, "log10_alpha": -5.0, "log10_colsample_bytree": -1.0, "log10_eta": -3.7397110816133945, "log10_lambda": -1.593703606792865, "log10_min_child_weight": 1.2048140122084707, "log10_subsample": -1.0, "max_depth": 10.0, "num_boost_round": 15.0}, "datetime": {"datetime": "2024-01-19 02:13:45", "elapsed": 7319.06189, "delta": 0.007376}}
{"target": -17.677102855161788, "params": {"gamma": 973.4742101758416, "log10_alpha": -5.0, "log10_colsample_bytree": -1.0, "log10_eta": -3.7397110816133945, "log10_lambda": -1.593703606792865, "log10_min_child_weight": 1.2048140122084707, "log10_subsample": -1.0, "max_depth": 10.0, "num_boost_round": 16.0}, "datetime": {"datetime": "2024-01-19 02:13:45", "elapsed": 7319.068913, "delta": 0.007023}}
{"target": -17.677093090688132, "params": {"gamma": 973.4742101758416, "log10_alpha": -5.0, "log10_colsample_bytree": -1.0, "log10_eta": -3.7397110816133945, "log10_lambda": -1.593703606792865, "log10_min_child_weight": 1.2048140122084707, "log10_subsample": -1.0, "max_depth": 10.0, "num_boost_round": 17.0}, "datetime": {"datetime": "2024-01-19 02:13:45", "elapsed": 7319.075895, "delta": 0.006982}}
{"target": -17.677086415012663, "params": {"gamma": 973.4742101758416, "log10_alpha": -5.0, "log10_colsample_bytree": -1.0, "log10_eta": -3.7397110816133945, "log10_lambda": -1.593703606792865, "log10_min_child_weight": 1.2048140122084707, "log10_subsample": -1.0, "max_depth": 10.0, "num_boost_round": 18.0}, "datetime": {"datetime": "2024-01-19 02:13:45", "elapsed": 7319.083019, "delta": 0.007124}}
{"target": -17.677093653239137, "params": {"gamma": 973.4742101758416, "log10_alpha": -5.0, "log10_colsample_bytree": -1.0, "log10_eta": -3.7397110816133945, "log10_lambda": -1.593703606792865, "log10_min_child_weight": 1.2048140122084707, "log10_subsample": -1.0, "max_depth": 10.0, "num_boost_round": 19.0}, "datetime": {"datetime": "2024-01-19 02:13:45", "elapsed": 7319.090322, "delta": 0.007303}}
{"target": -17.677091184578426, "params": {"gamma": 973.4742101758416, "log10_alpha": -5.0, "log10_colsample_bytree": -1.0, "log10_eta": -3.7397110816133945, "log10_lambda": -1.593703606792865, "log10_min_child_weight": 1.2048140122084707, "log10_subsample": -1.0, "max_depth": 10.0, "num_boost_round": 20.0}, "datetime": {"datetime": "2024-01-19 02:13:45", "elapsed": 7319.199187, "delta": 0.108865}}
{"target": -17.6770922287358, "params": {"gamma": 973.4742101758416, "log10_alpha": -5.0, "log10_colsample_bytree": -1.0, "log10_eta": -3.7397110816133945, "log10_lambda": -1.593703606792865, "log10_min_child_weight": 1.2048140122084707, "log10_subsample": -1.0, "max_depth": 10.0, "num_boost_round": 21.0}, "datetime": {"datetime": "2024-01-19 02:13:45", "elapsed": 7319.206804, "delta": 0.007617}}
{"target": -17.677082271506336, "params": {"gamma": 973.4742101758416, "log10_alpha": -5.0, "log10_colsample_bytree": -1.0, "log10_eta": -3.7397110816133945, "log10_lambda": -1.593703606792865, "log10_min_child_weight": 1.2048140122084707, "log10_subsample": -1.0, "max_depth": 10.0, "num_boost_round": 22.0}, "datetime": {"datetime": "2024-01-19 02:13:45", "elapsed": 7319.213666, "delta": 0.006862}}
{"target": -17.677089764748693, "params": {"gamma": 973.4742101758416, "log10_alpha": -5.0, "log10_colsample_bytree": -1.0, "log10_eta": -3.7397110816133945, "log10_lambda": -1.593703606792865, "log10_min_child_weight": 1.2048140122084707, "log10_subsample": -1.0, "max_depth": 10.0, "num_boost_round": 23.0}, "datetime": {"datetime": "2024-01-19 02:13:45", "elapsed": 7319.220258, "delta": 0.006592}}
{"target": -17.677091242255116, "params": {"gamma": 973.4742101758416, "log10_alpha": -5.0, "log10_colsample_bytree": -1.0, "log10_eta": -3.7397110816133945, "log10_lambda": -1.593703606792865, "log10_min_child_weight": 1.2048140122084707, "log10_subsample": -1.0, "max_depth": 10.0, "num_boost_round": 24.0}, "datetime": {"datetime": "2024-01-19 02:13:45", "elapsed": 7319.226916, "delta": 0.006658}}
{"target": -17.677082873790095, "params": {"gamma": 973.4742101758416, "log10_alpha": -5.0, "log10_colsample_bytree": -1.0, "log10_eta": -3.7397110816133945, "log10_lambda": -1.593703606792865, "log10_min_child_weight": 1.2048140122084707, "log10_subsample": -1.0, "max_depth": 10.0, "num_boost_round": 25.0}, "datetime": {"datetime": "2024-01-19 02:13:45", "elapsed": 7319.233599, "delta": 0.006683}}
{"target": -17.67707664455118, "params": {"gamma": 973.4742101758416, "log10_alpha": -5.0, "log10_colsample_bytree": -1.0, "log10_eta": -3.7397110816133945, "log10_lambda": -1.593703606792865, "log10_min_child_weight": 1.2048140122084707, "log10_subsample": -1.0, "max_depth": 10.0, "num_boost_round": 26.0}, "datetime": {"datetime": "2024-01-19 02:13:45", "elapsed": 7319.240328, "delta": 0.006729}}
{"target": -17.677075075239983, "params": {"gamma": 973.4742101758416, "log10_alpha": -5.0, "log10_colsample_bytree": -1.0, "log10_eta": -3.7397110816133945, "log10_lambda": -1.593703606792865, "log10_min_child_weight": 1.2048140122084707, "log10_subsample": -1.0, "max_depth": 10.0, "num_boost_round": 27.0}, "datetime": {"datetime": "2024-01-19 02:13:45", "elapsed": 7319.246998, "delta": 0.00667}}
{"target": -17.67706474221537, "params": {"gamma": 973.4742101758416, "log10_alpha": -5.0, "log10_colsample_bytree": -1.0, "log10_eta": -3.7397110816133945, "log10_lambda": -1.593703606792865, "log10_min_child_weight": 1.2048140122084707, "log10_subsample": -1.0, "max_depth": 10.0, "num_boost_round": 28.0}, "datetime": {"datetime": "2024-01-19 02:13:45", "elapsed": 7319.253685, "delta": 0.006687}}
{"target": -17.677069146507435, "params": {"gamma": 973.4742101758416, "log10_alpha": -5.0, "log10_colsample_bytree": -1.0, "log10_eta": -3.7397110816133945, "log10_lambda": -1.593703606792865, "log10_min_child_weight": 1.2048140122084707, "log10_subsample": -1.0, "max_depth": 10.0, "num_boost_round": 29.0}, "datetime": {"datetime": "2024-01-19 02:13:45", "elapsed": 7319.260355, "delta": 0.00667}}
{"target": -17.6770691406937, "params": {"gamma": 973.4742101758416, "log10_alpha": -5.0, "log10_colsample_bytree": -1.0, "log10_eta": -3.7397110816133945, "log10_lambda": -1.593703606792865, "log10_min_child_weight": 1.2048140122084707, "log10_subsample": -1.0, "max_depth": 10.0, "num_boost_round": 30.0}, "datetime": {"datetime": "2024-01-19 02:13:45", "elapsed": 7319.267023, "delta": 0.006668}}
{"target": -17.67705941815701, "params": {"gamma": 973.4742101758416, "log10_alpha": -5.0, "log10_colsample_bytree": -1.0, "log10_eta": -3.7397110816133945, "log10_lambda": -1.593703606792865, "log10_min_child_weight": 1.2048140122084707, "log10_subsample": -1.0, "max_depth": 10.0, "num_boost_round": 31.0}, "datetime": {"datetime": "2024-01-19 02:13:45", "elapsed": 7319.273671, "delta": 0.006648}}
{"target": -17.67704371130558, "params": {"gamma": 973.4742101758416, "log10_alpha": -5.0, "log10_colsample_bytree": -1.0, "log10_eta": -3.7397110816133945, "log10_lambda": -1.593703606792865, "log10_min_child_weight": 1.2048140122084707, "log10_subsample": -1.0, "max_depth": 10.0, "num_boost_round": 32.0}, "datetime": {"datetime": "2024-01-19 02:13:45", "elapsed": 7319.280334, "delta": 0.006663}}
{"target": -17.67703327369211, "params": {"gamma": 973.4742101758416, "log10_alpha": -5.0, "log10_colsample_bytree": -1.0, "log10_eta": -3.7397110816133945, "log10_lambda": -1.593703606792865, "log10_min_child_weight": 1.2048140122084707, "log10_subsample": -1.0, "max_depth": 10.0, "num_boost_round": 33.0}, "datetime": {"datetime": "2024-01-19 02:13:45", "elapsed": 7319.287016, "delta": 0.006682}}
{"target": -17.677018415308027, "params": {"gamma": 973.4742101758416, "log10_alpha": -5.0, "log10_colsample_bytree": -1.0, "log10_eta": -3.7397110816133945, "log10_lambda": -1.593703606792865, "log10_min_child_weight": 1.2048140122084707, "log10_subsample": -1.0, "max_depth": 10.0, "num_boost_round": 34.0}, "datetime": {"datetime": "2024-01-19 02:13:45", "elapsed": 7319.293728, "delta": 0.006712}}
{"target": -17.677005547929436, "params": {"gamma": 973.4742101758416, "log10_alpha": -5.0, "log10_colsample_bytree": -1.0, "log10_eta": -3.7397110816133945, "log10_lambda": -1.593703606792865, "log10_min_child_weight": 1.2048140122084707, "log10_subsample": -1.0, "max_depth": 10.0, "num_boost_round": 35.0}, "datetime": {"datetime": "2024-01-19 02:13:45", "elapsed": 7319.3831, "delta": 0.089372}}
{"target": -17.67700329941325, "params": {"gamma": 973.4742101758416, "log10_alpha": -5.0, "log10_colsample_bytree": -1.0, "log10_eta": -3.7397110816133945, "log10_lambda": -1.593703606792865, "log10_min_child_weight": 1.2048140122084707, "log10_subsample": -1.0, "max_depth": 10.0, "num_boost_round": 36.0}, "datetime": {"datetime": "2024-01-19 02:13:45", "elapsed": 7319.391102, "delta": 0.008002}}
{"target": -17.676997949678654, "params": {"gamma": 973.4742101758416, "log10_alpha": -5.0, "log10_colsample_bytree": -1.0, "log10_eta": -3.7397110816133945, "log10_lambda": -1.593703606792865, "log10_min_child_weight": 1.2048140122084707, "log10_subsample": -1.0, "max_depth": 10.0, "num_boost_round": 37.0}, "datetime": {"datetime": "2024-01-19 02:13:45", "elapsed": 7319.398166, "delta": 0.007064}}
{"target": -17.67700026804007, "params": {"gamma": 973.4742101758416, "log10_alpha": -5.0, "log10_colsample_bytree": -1.0, "log10_eta": -3.7397110816133945, "log10_lambda": -1.593703606792865, "log10_min_child_weight": 1.2048140122084707, "log10_subsample": -1.0, "max_depth": 10.0, "num_boost_round": 38.0}, "datetime": {"datetime": "2024-01-19 02:13:45", "elapsed": 7319.406535, "delta": 0.008369}}
{"target": -17.67698388076937, "params": {"gamma": 973.4742101758416, "log10_alpha": -5.0, "log10_colsample_bytree": -1.0, "log10_eta": -3.7397110816133945, "log10_lambda": -1.593703606792865, "log10_min_child_weight": 1.2048140122084707, "log10_subsample": -1.0, "max_depth": 10.0, "num_boost_round": 39.0}, "datetime": {"datetime": "2024-01-19 02:13:45", "elapsed": 7319.413848, "delta": 0.007313}}
{"target": -17.67699360239599, "params": {"gamma": 973.4742101758416, "log10_alpha": -5.0, "log10_colsample_bytree": -1.0, "log10_eta": -3.7397110816133945, "log10_lambda": -1.593703606792865, "log10_min_child_weight": 1.2048140122084707, "log10_subsample": -1.0, "max_depth": 10.0, "num_boost_round": 40.0}, "datetime": {"datetime": "2024-01-19 02:13:45", "elapsed": 7319.420731, "delta": 0.006883}}
{"target": -17.676992713784596, "params": {"gamma": 973.4742101758416, "log10_alpha": -5.0, "log10_colsample_bytree": -1.0, "log10_eta": -3.7397110816133945, "log10_lambda": -1.593703606792865, "log10_min_child_weight": 1.2048140122084707, "log10_subsample": -1.0, "max_depth": 10.0, "num_boost_round": 41.0}, "datetime": {"datetime": "2024-01-19 02:13:45", "elapsed": 7319.427472, "delta": 0.006741}}
{"target": -17.677196404439645, "params": {"gamma": 962.1719731595173, "log10_alpha": 0.5581138618093782, "log10_colsample_bytree": -0.28373906595674114, "log10_eta": -2.882502885196212, "log10_lambda": 0.31945197256038593, "log10_min_child_weight": 2.919143118507515, "log10_subsample": -0.011835412025974934, "max_depth": 2.0, "num_boost_round": 0.0}, "datetime": {"datetime": "2024-01-19 02:15:43", "elapsed": 7437.152975, "delta": 117.725503}}
{"target": -17.677163921630942, "params": {"gamma": 962.1719731595173, "log10_alpha": 0.5581138618093782, "log10_colsample_bytree": -0.28373906595674114, "log10_eta": -2.882502885196212, "log10_lambda": 0.31945197256038593, "log10_min_child_weight": 2.919143118507515, "log10_subsample": -0.011835412025974934, "max_depth": 2.0, "num_boost_round": 1.0}, "datetime": {"datetime": "2024-01-19 02:15:43", "elapsed": 7437.15975, "delta": 0.006775}}
{"target": -17.677126232256164, "params": {"gamma": 962.1719731595173, "log10_alpha": 0.5581138618093782, "log10_colsample_bytree": -0.28373906595674114, "log10_eta": -2.882502885196212, "log10_lambda": 0.31945197256038593, "log10_min_child_weight": 2.919143118507515, "log10_subsample": -0.011835412025974934, "max_depth": 2.0, "num_boost_round": 2.0}, "datetime": {"datetime": "2024-01-19 02:15:43", "elapsed": 7437.166328, "delta": 0.006578}}
{"target": -17.677137168026544, "params": {"gamma": 962.1719731595173, "log10_alpha": 0.5581138618093782, "log10_colsample_bytree": -0.28373906595674114, "log10_eta": -2.882502885196212, "log10_lambda": 0.31945197256038593, "log10_min_child_weight": 2.919143118507515, "log10_subsample": -0.011835412025974934, "max_depth": 2.0, "num_boost_round": 3.0}, "datetime": {"datetime": "2024-01-19 02:15:43", "elapsed": 7437.172999, "delta": 0.006671}}
{"target": -17.677107347527425, "params": {"gamma": 962.1719731595173, "log10_alpha": 0.5581138618093782, "log10_colsample_bytree": -0.28373906595674114, "log10_eta": -2.882502885196212, "log10_lambda": 0.31945197256038593, "log10_min_child_weight": 2.919143118507515, "log10_subsample": -0.011835412025974934, "max_depth": 2.0, "num_boost_round": 4.0}, "datetime": {"datetime": "2024-01-19 02:15:43", "elapsed": 7437.179473, "delta": 0.006474}}
