{"target": -13.758119874073012, "params": {"gamma": 116.2043390194103, "log10_alpha": -0.042534044042802144, "log10_colsample_bytree": -0.5879257359404236, "log10_eta": -2.9417660802380277, "log10_lambda": -4.158008316944219, "log10_min_child_weight": 2.9378667894750032, "log10_subsample": -0.4208048034635702, "max_depth": 7.0, "num_boost_round": 12.0}, "datetime": {"datetime": "2024-01-19 01:10:50", "elapsed": 3558.029353, "delta": 0.003538}}
{"target": -13.758133560605675, "params": {"gamma": 116.2043390194103, "log10_alpha": -0.042534044042802144, "log10_colsample_bytree": -0.5879257359404236, "log10_eta": -2.9417660802380277, "log10_lambda": -4.158008316944219, "log10_min_child_weight": 2.9378667894750032, "log10_subsample": -0.4208048034635702, "max_depth": 7.0, "num_boost_round": 13.0}, "datetime": {"datetime": "2024-01-19 01:10:50", "elapsed": 3558.032968, "delta": 0.003615}}
{"target": -13.758111143502642, "params": {"gamma": 116.2043390194103, "log10_alpha": -0.042534044042802144, "log10_colsample_bytree": -0.5879257359404236, "log10_eta": -2.9417660802380277, "log10_lambda": -4.158008316944219, "log10_min_child_weight": 2.9378667894750032, "log10_subsample": -0.4208048034635702, "max_depth": 7.0, "num_boost_round": 14.0}, "datetime": {"datetime": "2024-01-19 01:10:50", "elapsed": 3558.036511, "delta": 0.003543}}
{"target": -13.75809637113212, "params": {"gamma": 116.2043390194103, "log10_alpha": -0.042534044042802144, "log10_colsample_bytree": -0.5879257359404236, "log10_eta": -2.9417660802380277, "log10_lambda": -4.158008316944219, "log10_min_child_weight": 2.9378667894750032, "log10_subsample": -0.4208048034635702, "max_depth": 7.0, "num_boost_round": 15.0}, "datetime": {"datetime": "2024-01-19 01:10:50", "elapsed": 3558.040213, "delta": 0.003702}}
{"target": -13.758486324078207, "params": {"gamma": 721.1479575491683, "log10_alpha": -0.1887213358108628, "log10_colsample_bytree": -0.17704581934086616, "log10_eta": -1.5464596506308306, "log10_lambda": 0.3633208281121174, "log10_min_child_weight": 3.5304457807073177, "log10_subsample": -0.8537371304422156, "max_depth": 2.0, "num_boost_round": 0.0}, "datetime": {"datetime": "2024-01-19 01:12:11", "elapsed": 3638.904259, "delta": 80.864046}}
{"target": -13.758397890746153, "params": {"gamma": 721.1479575491683, "log10_alpha": -0.1887213358108628, "log10_colsample_bytree": -0.17704581934086616, "log10_eta": -1.5464596506308306, "log10_lambda": 0.3633208281121174, "log10_min_child_weight": 3.5304457807073177, "log10_subsample": -0.8537371304422156, "max_depth": 2.0, "num_boost_round": 1.0}, "datetime": {"datetime": "2024-01-19 01:12:11", "elapsed": 3638.908765, "delta": 0.004506}}
{"target": -13.758942648261574, "params": {"gamma": 721.1479575491683, "log10_alpha": -0.1887213358108628, "log10_colsample_bytree": -0.17704581934086616, "log10_eta": -1.5464596506308306, "log10_lambda": 0.3633208281121174, "log10_min_child_weight": 3.5304457807073177, "log10_subsample": -0.8537371304422156, "max_depth": 2.0, "num_boost_round": 2.0}, "datetime": {"datetime": "2024-01-19 01:12:11", "elapsed": 3638.912995, "delta": 0.00423}}
{"target": -13.759017219705049, "params": {"gamma": 721.1479575491683, "log10_alpha": -0.1887213358108628, "log10_colsample_bytree": -0.17704581934086616, "log10_eta": -1.5464596506308306, "log10_lambda": 0.3633208281121174, "log10_min_child_weight": 3.5304457807073177, "log10_subsample": -0.8537371304422156, "max_depth": 2.0, "num_boost_round": 3.0}, "datetime": {"datetime": "2024-01-19 01:12:11", "elapsed": 3638.916898, "delta": 0.003903}}
{"target": -13.759312809246321, "params": {"gamma": 721.1479575491683, "log10_alpha": -0.1887213358108628, "log10_colsample_bytree": -0.17704581934086616, "log10_eta": -1.5464596506308306, "log10_lambda": 0.3633208281121174, "log10_min_child_weight": 3.5304457807073177, "log10_subsample": -0.8537371304422156, "max_depth": 2.0, "num_boost_round": 4.0}, "datetime": {"datetime": "2024-01-19 01:12:11", "elapsed": 3638.920721, "delta": 0.003823}}
{"target": -13.759398709054263, "params": {"gamma": 721.1479575491683, "log10_alpha": -0.1887213358108628, "log10_colsample_bytree": -0.17704581934086616, "log10_eta": -1.5464596506308306, "log10_lambda": 0.3633208281121174, "log10_min_child_weight": 3.5304457807073177, "log10_subsample": -0.8537371304422156, "max_depth": 2.0, "num_boost_round": 5.0}, "datetime": {"datetime": "2024-01-19 01:12:11", "elapsed": 3638.924672, "delta": 0.003951}}
{"target": -13.759538247605674, "params": {"gamma": 721.1479575491683, "log10_alpha": -0.1887213358108628, "log10_colsample_bytree": -0.17704581934086616, "log10_eta": -1.5464596506308306, "log10_lambda": 0.3633208281121174, "log10_min_child_weight": 3.5304457807073177, "log10_subsample": -0.8537371304422156, "max_depth": 2.0, "num_boost_round": 6.0}, "datetime": {"datetime": "2024-01-19 01:12:11", "elapsed": 3638.928544, "delta": 0.003872}}
{"target": -13.759465931560241, "params": {"gamma": 721.1479575491683, "log10_alpha": -0.1887213358108628, "log10_colsample_bytree": -0.17704581934086616, "log10_eta": -1.5464596506308306, "log10_lambda": 0.3633208281121174, "log10_min_child_weight": 3.5304457807073177, "log10_subsample": -0.8537371304422156, "max_depth": 2.0, "num_boost_round": 7.0}, "datetime": {"datetime": "2024-01-19 01:12:11", "elapsed": 3638.932497, "delta": 0.003953}}
{"target": -13.759785283964135, "params": {"gamma": 721.1479575491683, "log10_alpha": -0.1887213358108628, "log10_colsample_bytree": -0.17704581934086616, "log10_eta": -1.5464596506308306, "log10_lambda": 0.3633208281121174, "log10_min_child_weight": 3.5304457807073177, "log10_subsample": -0.8537371304422156, "max_depth": 2.0, "num_boost_round": 8.0}, "datetime": {"datetime": "2024-01-19 01:12:11", "elapsed": 3638.936391, "delta": 0.003894}}
{"target": -13.759756466380818, "params": {"gamma": 721.1479575491683, "log10_alpha": -0.1887213358108628, "log10_colsample_bytree": -0.17704581934086616, "log10_eta": -1.5464596506308306, "log10_lambda": 0.3633208281121174, "log10_min_child_weight": 3.5304457807073177, "log10_subsample": -0.8537371304422156, "max_depth": 2.0, "num_boost_round": 9.0}, "datetime": {"datetime": "2024-01-19 01:12:11", "elapsed": 3638.940254, "delta": 0.003863}}
{"target": -13.759722225140438, "params": {"gamma": 721.1479575491683, "log10_alpha": -0.1887213358108628, "log10_colsample_bytree": -0.17704581934086616, "log10_eta": -1.5464596506308306, "log10_lambda": 0.3633208281121174, "log10_min_child_weight": 3.5304457807073177, "log10_subsample": -0.8537371304422156, "max_depth": 2.0, "num_boost_round": 10.0}, "datetime": {"datetime": "2024-01-19 01:12:11", "elapsed": 3638.944244, "delta": 0.00399}}
{"target": -13.75954162493159, "params": {"gamma": 721.1479575491683, "log10_alpha": -0.1887213358108628, "log10_colsample_bytree": -0.17704581934086616, "log10_eta": -1.5464596506308306, "log10_lambda": 0.3633208281121174, "log10_min_child_weight": 3.5304457807073177, "log10_subsample": -0.8537371304422156, "max_depth": 2.0, "num_boost_round": 11.0}, "datetime": {"datetime": "2024-01-19 01:12:11", "elapsed": 3638.948104, "delta": 0.00386}}
{"target": -13.759890220189545, "params": {"gamma": 721.1479575491683, "log10_alpha": -0.1887213358108628, "log10_colsample_bytree": -0.17704581934086616, "log10_eta": -1.5464596506308306, "log10_lambda": 0.3633208281121174, "log10_min_child_weight": 3.5304457807073177, "log10_subsample": -0.8537371304422156, "max_depth": 2.0, "num_boost_round": 12.0}, "datetime": {"datetime": "2024-01-19 01:12:11", "elapsed": 3638.95202, "delta": 0.003916}}
{"target": -13.760095367835902, "params": {"gamma": 721.1479575491683, "log10_alpha": -0.1887213358108628, "log10_colsample_bytree": -0.17704581934086616, "log10_eta": -1.5464596506308306, "log10_lambda": 0.3633208281121174, "log10_min_child_weight": 3.5304457807073177, "log10_subsample": -0.8537371304422156, "max_depth": 2.0, "num_boost_round": 13.0}, "datetime": {"datetime": "2024-01-19 01:12:11", "elapsed": 3638.955952, "delta": 0.003932}}
{"target": -13.760346649987355, "params": {"gamma": 721.1479575491683, "log10_alpha": -0.1887213358108628, "log10_colsample_bytree": -0.17704581934086616, "log10_eta": -1.5464596506308306, "log10_lambda": 0.3633208281121174, "log10_min_child_weight": 3.5304457807073177, "log10_subsample": -0.8537371304422156, "max_depth": 2.0, "num_boost_round": 14.0}, "datetime": {"datetime": "2024-01-19 01:12:11", "elapsed": 3638.960465, "delta": 0.004513}}
{"target": -13.76024197282536, "params": {"gamma": 721.1479575491683, "log10_alpha": -0.1887213358108628, "log10_colsample_bytree": -0.17704581934086616, "log10_eta": -1.5464596506308306, "log10_lambda": 0.3633208281121174, "log10_min_child_weight": 3.5304457807073177, "log10_subsample": -0.8537371304422156, "max_depth": 2.0, "num_boost_round": 15.0}, "datetime": {"datetime": "2024-01-19 01:12:11", "elapsed": 3638.964493, "delta": 0.004028}}
{"target": -13.760076947443613, "params": {"gamma": 721.1479575491683, "log10_alpha": -0.1887213358108628, "log10_colsample_bytree": -0.17704581934086616, "log10_eta": -1.5464596506308306, "log10_lambda": 0.3633208281121174, "log10_min_child_weight": 3.5304457807073177, "log10_subsample": -0.8537371304422156, "max_depth": 2.0, "num_boost_round": 16.0}, "datetime": {"datetime": "2024-01-19 01:12:11", "elapsed": 3638.968305, "delta": 0.003812}}
{"target": -13.759912614551398, "params": {"gamma": 721.1479575491683, "log10_alpha": -0.1887213358108628, "log10_colsample_bytree": -0.17704581934086616, "log10_eta": -1.5464596506308306, "log10_lambda": 0.3633208281121174, "log10_min_child_weight": 3.5304457807073177, "log10_subsample": -0.8537371304422156, "max_depth": 2.0, "num_boost_round": 17.0}, "datetime": {"datetime": "2024-01-19 01:12:11", "elapsed": 3638.97245, "delta": 0.004145}}
{"target": -13.760195143541699, "params": {"gamma": 721.1479575491683, "log10_alpha": -0.1887213358108628, "log10_colsample_bytree": -0.17704581934086616, "log10_eta": -1.5464596506308306, "log10_lambda": 0.3633208281121174, "log10_min_child_weight": 3.5304457807073177, "log10_subsample": -0.8537371304422156, "max_depth": 2.0, "num_boost_round": 18.0}, "datetime": {"datetime": "2024-01-19 01:12:11", "elapsed": 3638.976242, "delta": 0.003792}}
{"target": -13.76057465366131, "params": {"gamma": 721.1479575491683, "log10_alpha": -0.1887213358108628, "log10_colsample_bytree": -0.17704581934086616, "log10_eta": -1.5464596506308306, "log10_lambda": 0.3633208281121174, "log10_min_child_weight": 3.5304457807073177, "log10_subsample": -0.8537371304422156, "max_depth": 2.0, "num_boost_round": 19.0}, "datetime": {"datetime": "2024-01-19 01:12:11", "elapsed": 3638.980095, "delta": 0.003853}}
{"target": -13.760643837260133, "params": {"gamma": 721.1479575491683, "log10_alpha": -0.1887213358108628, "log10_colsample_bytree": -0.17704581934086616, "log10_eta": -1.5464596506308306, "log10_lambda": 0.3633208281121174, "log10_min_child_weight": 3.5304457807073177, "log10_subsample": -0.8537371304422156, "max_depth": 2.0, "num_boost_round": 20.0}, "datetime": {"datetime": "2024-01-19 01:12:11", "elapsed": 3638.984039, "delta": 0.003944}}
{"target": -13.761091378980693, "params": {"gamma": 721.1479575491683, "log10_alpha": -0.1887213358108628, "log10_colsample_bytree": -0.17704581934086616, "log10_eta": -1.5464596506308306, "log10_lambda": 0.3633208281121174, "log10_min_child_weight": 3.5304457807073177, "log10_subsample": -0.8537371304422156, "max_depth": 2.0, "num_boost_round": 21.0}, "datetime": {"datetime": "2024-01-19 01:12:11", "elapsed": 3638.987885, "delta": 0.003846}}
{"target": -13.761519489869906, "params": {"gamma": 721.1479575491683, "log10_alpha": -0.1887213358108628, "log10_colsample_bytree": -0.17704581934086616, "log10_eta": -1.5464596506308306, "log10_lambda": 0.3633208281121174, "log10_min_child_weight": 3.5304457807073177, "log10_subsample": -0.8537371304422156, "max_depth": 2.0, "num_boost_round": 22.0}, "datetime": {"datetime": "2024-01-19 01:12:11", "elapsed": 3638.991787, "delta": 0.003902}}
{"target": -13.761494325766074, "params": {"gamma": 721.1479575491683, "log10_alpha": -0.1887213358108628, "log10_colsample_bytree": -0.17704581934086616, "log10_eta": -1.5464596506308306, "log10_lambda": 0.3633208281121174, "log10_min_child_weight": 3.5304457807073177, "log10_subsample": -0.8537371304422156, "max_depth": 2.0, "num_boost_round": 23.0}, "datetime": {"datetime": "2024-01-19 01:12:11", "elapsed": 3638.995683, "delta": 0.003896}}
{"target": -13.761523121158325, "params": {"gamma": 721.1479575491683, "log10_alpha": -0.1887213358108628, "log10_colsample_bytree": -0.17704581934086616, "log10_eta": -1.5464596506308306, "log10_lambda": 0.3633208281121174, "log10_min_child_weight": 3.5304457807073177, "log10_subsample": -0.8537371304422156, "max_depth": 2.0, "num_boost_round": 24.0}, "datetime": {"datetime": "2024-01-19 01:12:11", "elapsed": 3638.999577, "delta": 0.003894}}
{"target": -13.76146605632521, "params": {"gamma": 721.1479575491683, "log10_alpha": -0.1887213358108628, "log10_colsample_bytree": -0.17704581934086616, "log10_eta": -1.5464596506308306, "log10_lambda": 0.3633208281121174, "log10_min_child_weight": 3.5304457807073177, "log10_subsample": -0.8537371304422156, "max_depth": 2.0, "num_boost_round": 25.0}, "datetime": {"datetime": "2024-01-19 01:12:11", "elapsed": 3639.003521, "delta": 0.003944}}
{"target": -13.761592487613992, "params": {"gamma": 721.1479575491683, "log10_alpha": -0.1887213358108628, "log10_colsample_bytree": -0.17704581934086616, "log10_eta": -1.5464596506308306, "log10_lambda": 0.3633208281121174, "log10_min_child_weight": 3.5304457807073177, "log10_subsample": -0.8537371304422156, "max_depth": 2.0, "num_boost_round": 26.0}, "datetime": {"datetime": "2024-01-19 01:12:11", "elapsed": 3639.007367, "delta": 0.003846}}
{"target": -13.761679429820546, "params": {"gamma": 721.1479575491683, "log10_alpha": -0.1887213358108628, "log10_colsample_bytree": -0.17704581934086616, "log10_eta": -1.5464596506308306, "log10_lambda": 0.3633208281121174, "log10_min_child_weight": 3.5304457807073177, "log10_subsample": -0.8537371304422156, "max_depth": 2.0, "num_boost_round": 27.0}, "datetime": {"datetime": "2024-01-19 01:12:11", "elapsed": 3639.011332, "delta": 0.003965}}
{"target": -13.761564426185167, "params": {"gamma": 721.1479575491683, "log10_alpha": -0.1887213358108628, "log10_colsample_bytree": -0.17704581934086616, "log10_eta": -1.5464596506308306, "log10_lambda": 0.3633208281121174, "log10_min_child_weight": 3.5304457807073177, "log10_subsample": -0.8537371304422156, "max_depth": 2.0, "num_boost_round": 28.0}, "datetime": {"datetime": "2024-01-19 01:12:11", "elapsed": 3639.015208, "delta": 0.003876}}
{"target": -13.761902902503703, "params": {"gamma": 721.1479575491683, "log10_alpha": -0.1887213358108628, "log10_colsample_bytree": -0.17704581934086616, "log10_eta": -1.5464596506308306, "log10_lambda": 0.3633208281121174, "log10_min_child_weight": 3.5304457807073177, "log10_subsample": -0.8537371304422156, "max_depth": 2.0, "num_boost_round": 29.0}, "datetime": {"datetime": "2024-01-19 01:12:11", "elapsed": 3639.019141, "delta": 0.003933}}
{"target": -13.761902223401203, "params": {"gamma": 721.1479575491683, "log10_alpha": -0.1887213358108628, "log10_colsample_bytree": -0.17704581934086616, "log10_eta": -1.5464596506308306, "log10_lambda": 0.3633208281121174, "log10_min_child_weight": 3.5304457807073177, "log10_subsample": -0.8537371304422156, "max_depth": 2.0, "num_boost_round": 30.0}, "datetime": {"datetime": "2024-01-19 01:12:11", "elapsed": 3639.022976, "delta": 0.003835}}
{"target": -13.762125605577221, "params": {"gamma": 721.1479575491683, "log10_alpha": -0.1887213358108628, "log10_colsample_bytree": -0.17704581934086616, "log10_eta": -1.5464596506308306, "log10_lambda": 0.3633208281121174, "log10_min_child_weight": 3.5304457807073177, "log10_subsample": -0.8537371304422156, "max_depth": 2.0, "num_boost_round": 31.0}, "datetime": {"datetime": "2024-01-19 01:12:11", "elapsed": 3639.026956, "delta": 0.00398}}
{"target": -13.76245139903157, "params": {"gamma": 721.1479575491683, "log10_alpha": -0.1887213358108628, "log10_colsample_bytree": -0.17704581934086616, "log10_eta": -1.5464596506308306, "log10_lambda": 0.3633208281121174, "log10_min_child_weight": 3.5304457807073177, "log10_subsample": -0.8537371304422156, "max_depth": 2.0, "num_boost_round": 32.0}, "datetime": {"datetime": "2024-01-19 01:12:11", "elapsed": 3639.032015, "delta": 0.005059}}
{"target": -13.762321446532317, "params": {"gamma": 721.1479575491683, "log10_alpha": -0.1887213358108628, "log10_colsample_bytree": -0.17704581934086616, "log10_eta": -1.5464596506308306, "log10_lambda": 0.3633208281121174, "log10_min_child_weight": 3.5304457807073177, "log10_subsample": -0.8537371304422156, "max_depth": 2.0, "num_boost_round": 33.0}, "datetime": {"datetime": "2024-01-19 01:12:11", "elapsed": 3639.036076, "delta": 0.004061}}
{"target": -13.76222787894443, "params": {"gamma": 721.1479575491683, "log10_alpha": -0.1887213358108628, "log10_colsample_bytree": -0.17704581934086616, "log10_eta": -1.5464596506308306, "log10_lambda": 0.3633208281121174, "log10_min_child_weight": 3.5304457807073177, "log10_subsample": -0.8537371304422156, "max_depth": 2.0, "num_boost_round": 34.0}, "datetime": {"datetime": "2024-01-19 01:12:11", "elapsed": 3639.040298, "delta": 0.004222}}
{"target": -13.762408898788568, "params": {"gamma": 721.1479575491683, "log10_alpha": -0.1887213358108628, "log10_colsample_bytree": -0.17704581934086616, "log10_eta": -1.5464596506308306, "log10_lambda": 0.3633208281121174, "log10_min_child_weight": 3.5304457807073177, "log10_subsample": -0.8537371304422156, "max_depth": 2.0, "num_boost_round": 35.0}, "datetime": {"datetime": "2024-01-19 01:12:11", "elapsed": 3639.044338, "delta": 0.00404}}
{"target": -13.762744451798902, "params": {"gamma": 721.1479575491683, "log10_alpha": -0.1887213358108628, "log10_colsample_bytree": -0.17704581934086616, "log10_eta": -1.5464596506308306, "log10_lambda": 0.3633208281121174, "log10_min_child_weight": 3.5304457807073177, "log10_subsample": -0.8537371304422156, "max_depth": 2.0, "num_boost_round": 36.0}, "datetime": {"datetime": "2024-01-19 01:12:11", "elapsed": 3639.048144, "delta": 0.003806}}
{"target": -13.763055896712997, "params": {"gamma": 721.1479575491683, "log10_alpha": -0.1887213358108628, "log10_colsample_bytree": -0.17704581934086616, "log10_eta": -1.5464596506308306, "log10_lambda": 0.3633208281121174, "log10_min_child_weight": 3.5304457807073177, "log10_subsample": -0.8537371304422156, "max_depth": 2.0, "num_boost_round": 37.0}, "datetime": {"datetime": "2024-01-19 01:12:11", "elapsed": 3639.051933, "delta": 0.003789}}
{"target": -13.763690055700343, "params": {"gamma": 721.1479575491683, "log10_alpha": -0.1887213358108628, "log10_colsample_bytree": -0.17704581934086616, "log10_eta": -1.5464596506308306, "log10_lambda": 0.3633208281121174, "log10_min_child_weight": 3.5304457807073177, "log10_subsample": -0.8537371304422156, "max_depth": 2.0, "num_boost_round": 38.0}, "datetime": {"datetime": "2024-01-19 01:12:11", "elapsed": 3639.055575, "delta": 0.003642}}
{"target": -13.763703229791647, "params": {"gamma": 721.1479575491683, "log10_alpha": -0.1887213358108628, "log10_colsample_bytree": -0.17704581934086616, "log10_eta": -1.5464596506308306, "log10_lambda": 0.3633208281121174, "log10_min_child_weight": 3.5304457807073177, "log10_subsample": -0.8537371304422156, "max_depth": 2.0, "num_boost_round": 39.0}, "datetime": {"datetime": "2024-01-19 01:12:11", "elapsed": 3639.059435, "delta": 0.00386}}
{"target": -13.763821634996013, "params": {"gamma": 721.1479575491683, "log10_alpha": -0.1887213358108628, "log10_colsample_bytree": -0.17704581934086616, "log10_eta": -1.5464596506308306, "log10_lambda": 0.3633208281121174, "log10_min_child_weight": 3.5304457807073177, "log10_subsample": -0.8537371304422156, "max_depth": 2.0, "num_boost_round": 40.0}, "datetime": {"datetime": "2024-01-19 01:12:11", "elapsed": 3639.063125, "delta": 0.00369}}
{"target": -13.764342117915712, "params": {"gamma": 721.1479575491683, "log10_alpha": -0.1887213358108628, "log10_colsample_bytree": -0.17704581934086616, "log10_eta": -1.5464596506308306, "log10_lambda": 0.3633208281121174, "log10_min_child_weight": 3.5304457807073177, "log10_subsample": -0.8537371304422156, "max_depth": 2.0, "num_boost_round": 41.0}, "datetime": {"datetime": "2024-01-19 01:12:11", "elapsed": 3639.066923, "delta": 0.003798}}
{"target": -13.764377050336423, "params": {"gamma": 721.1479575491683, "log10_alpha": -0.1887213358108628, "log10_colsample_bytree": -0.17704581934086616, "log10_eta": -1.5464596506308306, "log10_lambda": 0.3633208281121174, "log10_min_child_weight": 3.5304457807073177, "log10_subsample": -0.8537371304422156, "max_depth": 2.0, "num_boost_round": 42.0}, "datetime": {"datetime": "2024-01-19 01:12:11", "elapsed": 3639.070636, "delta": 0.003713}}
{"target": -13.76464094863049, "params": {"gamma": 721.1479575491683, "log10_alpha": -0.1887213358108628, "log10_colsample_bytree": -0.17704581934086616, "log10_eta": -1.5464596506308306, "log10_lambda": 0.3633208281121174, "log10_min_child_weight": 3.5304457807073177, "log10_subsample": -0.8537371304422156, "max_depth": 2.0, "num_boost_round": 43.0}, "datetime": {"datetime": "2024-01-19 01:12:11", "elapsed": 3639.074437, "delta": 0.003801}}
{"target": -13.76488780835157, "params": {"gamma": 721.1479575491683, "log10_alpha": -0.1887213358108628, "log10_colsample_bytree": -0.17704581934086616, "log10_eta": -1.5464596506308306, "log10_lambda": 0.3633208281121174, "log10_min_child_weight": 3.5304457807073177, "log10_subsample": -0.8537371304422156, "max_depth": 2.0, "num_boost_round": 44.0}, "datetime": {"datetime": "2024-01-19 01:12:11", "elapsed": 3639.078258, "delta": 0.003821}}
