{"target": -17.675879493455422, "params": {"gamma": 399.65876397924393, "log10_alpha": -2.808042476434636, "log10_colsample_bytree": -0.5163603465963367, "log10_eta": -2.5375746735073585, "log10_lambda": 0.11261271236726245, "log10_min_child_weight": 3.568027172391586, "log10_subsample": -0.26939898152018515, "max_depth": 6.0, "num_boost_round": 28.0}, "datetime": {"datetime": "2024-01-19 01:18:26", "elapsed": 3996.318711, "delta": 0.004574}}
{"target": -17.675787577372358, "params": {"gamma": 399.65876397924393, "log10_alpha": -2.808042476434636, "log10_colsample_bytree": -0.5163603465963367, "log10_eta": -2.5375746735073585, "log10_lambda": 0.11261271236726245, "log10_min_child_weight": 3.568027172391586, "log10_subsample": -0.26939898152018515, "max_depth": 6.0, "num_boost_round": 29.0}, "datetime": {"datetime": "2024-01-19 01:18:26", "elapsed": 3996.323565, "delta": 0.004854}}
{"target": -17.675679433308446, "params": {"gamma": 399.65876397924393, "log10_alpha": -2.808042476434636, "log10_colsample_bytree": -0.5163603465963367, "log10_eta": -2.5375746735073585, "log10_lambda": 0.11261271236726245, "log10_min_child_weight": 3.568027172391586, "log10_subsample": -0.26939898152018515, "max_depth": 6.0, "num_boost_round": 30.0}, "datetime": {"datetime": "2024-01-19 01:18:26", "elapsed": 3996.328113, "delta": 0.004548}}
{"target": -17.675610219804334, "params": {"gamma": 399.65876397924393, "log10_alpha": -2.808042476434636, "log10_colsample_bytree": -0.5163603465963367, "log10_eta": -2.5375746735073585, "log10_lambda": 0.11261271236726245, "log10_min_child_weight": 3.568027172391586, "log10_subsample": -0.26939898152018515, "max_depth": 6.0, "num_boost_round": 31.0}, "datetime": {"datetime": "2024-01-19 01:18:26", "elapsed": 3996.333519, "delta": 0.005406}}
{"target": -17.675512936285045, "params": {"gamma": 399.65876397924393, "log10_alpha": -2.808042476434636, "log10_colsample_bytree": -0.5163603465963367, "log10_eta": -2.5375746735073585, "log10_lambda": 0.11261271236726245, "log10_min_child_weight": 3.568027172391586, "log10_subsample": -0.26939898152018515, "max_depth": 6.0, "num_boost_round": 32.0}, "datetime": {"datetime": "2024-01-19 01:18:26", "elapsed": 3996.338817, "delta": 0.005298}}
{"target": -17.675506737847428, "params": {"gamma": 399.65876397924393, "log10_alpha": -2.808042476434636, "log10_colsample_bytree": -0.5163603465963367, "log10_eta": -2.5375746735073585, "log10_lambda": 0.11261271236726245, "log10_min_child_weight": 3.568027172391586, "log10_subsample": -0.26939898152018515, "max_depth": 6.0, "num_boost_round": 33.0}, "datetime": {"datetime": "2024-01-19 01:18:26", "elapsed": 3996.34396, "delta": 0.005143}}
{"target": -17.67546729275224, "params": {"gamma": 399.65876397924393, "log10_alpha": -2.808042476434636, "log10_colsample_bytree": -0.5163603465963367, "log10_eta": -2.5375746735073585, "log10_lambda": 0.11261271236726245, "log10_min_child_weight": 3.568027172391586, "log10_subsample": -0.26939898152018515, "max_depth": 6.0, "num_boost_round": 34.0}, "datetime": {"datetime": "2024-01-19 01:18:26", "elapsed": 3996.348684, "delta": 0.004724}}
{"target": -17.675434815060953, "params": {"gamma": 399.65876397924393, "log10_alpha": -2.808042476434636, "log10_colsample_bytree": -0.5163603465963367, "log10_eta": -2.5375746735073585, "log10_lambda": 0.11261271236726245, "log10_min_child_weight": 3.568027172391586, "log10_subsample": -0.26939898152018515, "max_depth": 6.0, "num_boost_round": 35.0}, "datetime": {"datetime": "2024-01-19 01:18:26", "elapsed": 3996.353833, "delta": 0.005149}}
{"target": -17.67551794262857, "params": {"gamma": 399.65876397924393, "log10_alpha": -2.808042476434636, "log10_colsample_bytree": -0.5163603465963367, "log10_eta": -2.5375746735073585, "log10_lambda": 0.11261271236726245, "log10_min_child_weight": 3.568027172391586, "log10_subsample": -0.26939898152018515, "max_depth": 6.0, "num_boost_round": 36.0}, "datetime": {"datetime": "2024-01-19 01:18:26", "elapsed": 3996.358811, "delta": 0.004978}}
{"target": -17.675507363263776, "params": {"gamma": 399.65876397924393, "log10_alpha": -2.808042476434636, "log10_colsample_bytree": -0.5163603465963367, "log10_eta": -2.5375746735073585, "log10_lambda": 0.11261271236726245, "log10_min_child_weight": 3.568027172391586, "log10_subsample": -0.26939898152018515, "max_depth": 6.0, "num_boost_round": 37.0}, "datetime": {"datetime": "2024-01-19 01:18:26", "elapsed": 3996.363693, "delta": 0.004882}}
{"target": -17.675503971387396, "params": {"gamma": 399.65876397924393, "log10_alpha": -2.808042476434636, "log10_colsample_bytree": -0.5163603465963367, "log10_eta": -2.5375746735073585, "log10_lambda": 0.11261271236726245, "log10_min_child_weight": 3.568027172391586, "log10_subsample": -0.26939898152018515, "max_depth": 6.0, "num_boost_round": 38.0}, "datetime": {"datetime": "2024-01-19 01:18:26", "elapsed": 3996.368292, "delta": 0.004599}}
{"target": -17.67554155973488, "params": {"gamma": 399.65876397924393, "log10_alpha": -2.808042476434636, "log10_colsample_bytree": -0.5163603465963367, "log10_eta": -2.5375746735073585, "log10_lambda": 0.11261271236726245, "log10_min_child_weight": 3.568027172391586, "log10_subsample": -0.26939898152018515, "max_depth": 6.0, "num_boost_round": 39.0}, "datetime": {"datetime": "2024-01-19 01:18:26", "elapsed": 3996.372875, "delta": 0.004583}}
{"target": -17.67721843371518, "params": {"gamma": 399.36489405662724, "log10_alpha": -4.982693188483522, "log10_colsample_bytree": -0.0381241215757645, "log10_eta": -3.242965563799049, "log10_lambda": -4.92533142612697, "log10_min_child_weight": 1.097962274927215, "log10_subsample": -0.8098815691759269, "max_depth": 7.0, "num_boost_round": 0.0}, "datetime": {"datetime": "2024-01-19 01:19:17", "elapsed": 4047.505817, "delta": 51.132942}}
{"target": -17.67720168408598, "params": {"gamma": 399.36489405662724, "log10_alpha": -4.982693188483522, "log10_colsample_bytree": -0.0381241215757645, "log10_eta": -3.242965563799049, "log10_lambda": -4.92533142612697, "log10_min_child_weight": 1.097962274927215, "log10_subsample": -0.8098815691759269, "max_depth": 7.0, "num_boost_round": 1.0}, "datetime": {"datetime": "2024-01-19 01:19:17", "elapsed": 4047.511971, "delta": 0.006154}}
{"target": -17.677183070014912, "params": {"gamma": 399.36489405662724, "log10_alpha": -4.982693188483522, "log10_colsample_bytree": -0.0381241215757645, "log10_eta": -3.242965563799049, "log10_lambda": -4.92533142612697, "log10_min_child_weight": 1.097962274927215, "log10_subsample": -0.8098815691759269, "max_depth": 7.0, "num_boost_round": 2.0}, "datetime": {"datetime": "2024-01-19 01:19:17", "elapsed": 4047.517099, "delta": 0.005128}}
{"target": -17.6771845554202, "params": {"gamma": 399.36489405662724, "log10_alpha": -4.982693188483522, "log10_colsample_bytree": -0.0381241215757645, "log10_eta": -3.242965563799049, "log10_lambda": -4.92533142612697, "log10_min_child_weight": 1.097962274927215, "log10_subsample": -0.8098815691759269, "max_depth": 7.0, "num_boost_round": 3.0}, "datetime": {"datetime": "2024-01-19 01:19:17", "elapsed": 4047.522322, "delta": 0.005223}}
{"target": -17.677130650766156, "params": {"gamma": 399.36489405662724, "log10_alpha": -4.982693188483522, "log10_colsample_bytree": -0.0381241215757645, "log10_eta": -3.242965563799049, "log10_lambda": -4.92533142612697, "log10_min_child_weight": 1.097962274927215, "log10_subsample": -0.8098815691759269, "max_depth": 7.0, "num_boost_round": 4.0}, "datetime": {"datetime": "2024-01-19 01:19:17", "elapsed": 4047.52724, "delta": 0.004918}}
{"target": -17.677122544787792, "params": {"gamma": 399.36489405662724, "log10_alpha": -4.982693188483522, "log10_colsample_bytree": -0.0381241215757645, "log10_eta": -3.242965563799049, "log10_lambda": -4.92533142612697, "log10_min_child_weight": 1.097962274927215, "log10_subsample": -0.8098815691759269, "max_depth": 7.0, "num_boost_round": 5.0}, "datetime": {"datetime": "2024-01-19 01:19:17", "elapsed": 4047.532222, "delta": 0.004982}}
{"target": -17.677110383029717, "params": {"gamma": 399.36489405662724, "log10_alpha": -4.982693188483522, "log10_colsample_bytree": -0.0381241215757645, "log10_eta": -3.242965563799049, "log10_lambda": -4.92533142612697, "log10_min_child_weight": 1.097962274927215, "log10_subsample": -0.8098815691759269, "max_depth": 7.0, "num_boost_round": 6.0}, "datetime": {"datetime": "2024-01-19 01:19:17", "elapsed": 4047.537156, "delta": 0.004934}}
{"target": -17.677089790423103, "params": {"gamma": 399.36489405662724, "log10_alpha": -4.982693188483522, "log10_colsample_bytree": -0.0381241215757645, "log10_eta": -3.242965563799049, "log10_lambda": -4.92533142612697, "log10_min_child_weight": 1.097962274927215, "log10_subsample": -0.8098815691759269, "max_depth": 7.0, "num_boost_round": 7.0}, "datetime": {"datetime": "2024-01-19 01:19:17", "elapsed": 4047.54226, "delta": 0.005104}}
{"target": -17.67706831072222, "params": {"gamma": 399.36489405662724, "log10_alpha": -4.982693188483522, "log10_colsample_bytree": -0.0381241215757645, "log10_eta": -3.242965563799049, "log10_lambda": -4.92533142612697, "log10_min_child_weight": 1.097962274927215, "log10_subsample": -0.8098815691759269, "max_depth": 7.0, "num_boost_round": 8.0}, "datetime": {"datetime": "2024-01-19 01:19:17", "elapsed": 4047.547543, "delta": 0.005283}}
{"target": -17.677014231420618, "params": {"gamma": 399.36489405662724, "log10_alpha": -4.982693188483522, "log10_colsample_bytree": -0.0381241215757645, "log10_eta": -3.242965563799049, "log10_lambda": -4.92533142612697, "log10_min_child_weight": 1.097962274927215, "log10_subsample": -0.8098815691759269, "max_depth": 7.0, "num_boost_round": 9.0}, "datetime": {"datetime": "2024-01-19 01:19:17", "elapsed": 4047.552932, "delta": 0.005389}}
{"target": -17.676983443279692, "params": {"gamma": 399.36489405662724, "log10_alpha": -4.982693188483522, "log10_colsample_bytree": -0.0381241215757645, "log10_eta": -3.242965563799049, "log10_lambda": -4.92533142612697, "log10_min_child_weight": 1.097962274927215, "log10_subsample": -0.8098815691759269, "max_depth": 7.0, "num_boost_round": 10.0}, "datetime": {"datetime": "2024-01-19 01:19:17", "elapsed": 4047.558186, "delta": 0.005254}}
{"target": -17.676923000616274, "params": {"gamma": 399.36489405662724, "log10_alpha": -4.982693188483522, "log10_colsample_bytree": -0.0381241215757645, "log10_eta": -3.242965563799049, "log10_lambda": -4.92533142612697, "log10_min_child_weight": 1.097962274927215, "log10_subsample": -0.8098815691759269, "max_depth": 7.0, "num_boost_round": 11.0}, "datetime": {"datetime": "2024-01-19 01:19:17", "elapsed": 4047.563621, "delta": 0.005435}}
{"target": -17.676887340657053, "params": {"gamma": 399.36489405662724, "log10_alpha": -4.982693188483522, "log10_colsample_bytree": -0.0381241215757645, "log10_eta": -3.242965563799049, "log10_lambda": -4.92533142612697, "log10_min_child_weight": 1.097962274927215, "log10_subsample": -0.8098815691759269, "max_depth": 7.0, "num_boost_round": 12.0}, "datetime": {"datetime": "2024-01-19 01:19:17", "elapsed": 4047.568637, "delta": 0.005016}}
{"target": -17.67722666444718, "params": {"gamma": 408.0707789645759, "log10_alpha": -1.3570102212818784, "log10_colsample_bytree": -0.1533455447351567, "log10_eta": -3.746531868158837, "log10_lambda": 0.8772179002389953, "log10_min_child_weight": 3.5818115088245928, "log10_subsample": -0.4992791640499512, "max_depth": 9.0, "num_boost_round": 0.0}, "datetime": {"datetime": "2024-01-19 01:20:06", "elapsed": 4096.25597, "delta": 48.687333}}
{"target": -17.677223551866007, "params": {"gamma": 408.0707789645759, "log10_alpha": -1.3570102212818784, "log10_colsample_bytree": -0.1533455447351567, "log10_eta": -3.746531868158837, "log10_lambda": 0.8772179002389953, "log10_min_child_weight": 3.5818115088245928, "log10_subsample": -0.4992791640499512, "max_depth": 9.0, "num_boost_round": 1.0}, "datetime": {"datetime": "2024-01-19 01:20:06", "elapsed": 4096.261531, "delta": 0.005561}}
{"target": -17.67721891229384, "params": {"gamma": 408.0707789645759, "log10_alpha": -1.3570102212818784, "log10_colsample_bytree": -0.1533455447351567, "log10_eta": -3.746531868158837, "log10_lambda": 0.8772179002389953, "log10_min_child_weight": 3.5818115088245928, "log10_subsample": -0.4992791640499512, "max_depth": 9.0, "num_boost_round": 2.0}, "datetime": {"datetime": "2024-01-19 01:20:06", "elapsed": 4096.266524, "delta": 0.004993}}
{"target": -17.677220761108863, "params": {"gamma": 408.0707789645759, "log10_alpha": -1.3570102212818784, "log10_colsample_bytree": -0.1533455447351567, "log10_eta": -3.746531868158837, "log10_lambda": 0.8772179002389953, "log10_min_child_weight": 3.5818115088245928, "log10_subsample": -0.4992791640499512, "max_depth": 9.0, "num_boost_round": 3.0}, "datetime": {"datetime": "2024-01-19 01:20:06", "elapsed": 4096.271322, "delta": 0.004798}}
{"target": -17.67721284372387, "params": {"gamma": 408.0707789645759, "log10_alpha": -1.3570102212818784, "log10_colsample_bytree": -0.1533455447351567, "log10_eta": -3.746531868158837, "log10_lambda": 0.8772179002389953, "log10_min_child_weight": 3.5818115088245928, "log10_subsample": -0.4992791640499512, "max_depth": 9.0, "num_boost_round": 4.0}, "datetime": {"datetime": "2024-01-19 01:20:06", "elapsed": 4096.276115, "delta": 0.004793}}
{"target": -17.67720909631673, "params": {"gamma": 408.0707789645759, "log10_alpha": -1.3570102212818784, "log10_colsample_bytree": -0.1533455447351567, "log10_eta": -3.746531868158837, "log10_lambda": 0.8772179002389953, "log10_min_child_weight": 3.5818115088245928, "log10_subsample": -0.4992791640499512, "max_depth": 9.0, "num_boost_round": 5.0}, "datetime": {"datetime": "2024-01-19 01:20:06", "elapsed": 4096.280749, "delta": 0.004634}}
{"target": -17.67720305966026, "params": {"gamma": 408.0707789645759, "log10_alpha": -1.3570102212818784, "log10_colsample_bytree": -0.1533455447351567, "log10_eta": -3.746531868158837, "log10_lambda": 0.8772179002389953, "log10_min_child_weight": 3.5818115088245928, "log10_subsample": -0.4992791640499512, "max_depth": 9.0, "num_boost_round": 6.0}, "datetime": {"datetime": "2024-01-19 01:20:06", "elapsed": 4096.285564, "delta": 0.004815}}
{"target": -17.677198302250893, "params": {"gamma": 408.0707789645759, "log10_alpha": -1.3570102212818784, "log10_colsample_bytree": -0.1533455447351567, "log10_eta": -3.746531868158837, "log10_lambda": 0.8772179002389953, "log10_min_child_weight": 3.5818115088245928, "log10_subsample": -0.4992791640499512, "max_depth": 9.0, "num_boost_round": 7.0}, "datetime": {"datetime": "2024-01-19 01:20:06", "elapsed": 4096.290277, "delta": 0.004713}}
{"target": -17.677192453608964, "params": {"gamma": 408.0707789645759, "log10_alpha": -1.3570102212818784, "log10_colsample_bytree": -0.1533455447351567, "log10_eta": -3.746531868158837, "log10_lambda": 0.8772179002389953, "log10_min_child_weight": 3.5818115088245928, "log10_subsample": -0.4992791640499512, "max_depth": 9.0, "num_boost_round": 8.0}, "datetime": {"datetime": "2024-01-19 01:20:06", "elapsed": 4096.295187, "delta": 0.00491}}
{"target": -17.677188481837508, "params": {"gamma": 408.0707789645759, "log10_alpha": -1.3570102212818784, "log10_colsample_bytree": -0.1533455447351567, "log10_eta": -3.746531868158837, "log10_lambda": 0.8772179002389953, "log10_min_child_weight": 3.5818115088245928, "log10_subsample": -0.4992791640499512, "max_depth": 9.0, "num_boost_round": 9.0}, "datetime": {"datetime": "2024-01-19 01:20:06", "elapsed": 4096.417802, "delta": 0.122615}}
{"target": -17.677184189380966, "params": {"gamma": 408.0707789645759, "log10_alpha": -1.3570102212818784, "log10_colsample_bytree": -0.1533455447351567, "log10_eta": -3.746531868158837, "log10_lambda": 0.8772179002389953, "log10_min_child_weight": 3.5818115088245928, "log10_subsample": -0.4992791640499512, "max_depth": 9.0, "num_boost_round": 10.0}, "datetime": {"datetime": "2024-01-19 01:20:06", "elapsed": 4096.423576, "delta": 0.005774}}
{"target": -17.677171416239442, "params": {"gamma": 408.0707789645759, "log10_alpha": -1.3570102212818784, "log10_colsample_bytree": -0.1533455447351567, "log10_eta": -3.746531868158837, "log10_lambda": 0.8772179002389953, "log10_min_child_weight": 3.5818115088245928, "log10_subsample": -0.4992791640499512, "max_depth": 9.0, "num_boost_round": 11.0}, "datetime": {"datetime": "2024-01-19 01:20:06", "elapsed": 4096.428712, "delta": 0.005136}}
{"target": -17.677165552112882, "params": {"gamma": 408.0707789645759, "log10_alpha": -1.3570102212818784, "log10_colsample_bytree": -0.1533455447351567, "log10_eta": -3.746531868158837, "log10_lambda": 0.8772179002389953, "log10_min_child_weight": 3.5818115088245928, "log10_subsample": -0.4992791640499512, "max_depth": 9.0, "num_boost_round": 12.0}, "datetime": {"datetime": "2024-01-19 01:20:06", "elapsed": 4096.43356, "delta": 0.004848}}
{"target": -17.67715710996612, "params": {"gamma": 408.0707789645759, "log10_alpha": -1.3570102212818784, "log10_colsample_bytree": -0.1533455447351567, "log10_eta": -3.746531868158837, "log10_lambda": 0.8772179002389953, "log10_min_child_weight": 3.5818115088245928, "log10_subsample": -0.4992791640499512, "max_depth": 9.0, "num_boost_round": 13.0}, "datetime": {"datetime": "2024-01-19 01:20:06", "elapsed": 4096.438239, "delta": 0.004679}}
{"target": -17.677148871520266, "params": {"gamma": 408.0707789645759, "log10_alpha": -1.3570102212818784, "log10_colsample_bytree": -0.1533455447351567, "log10_eta": -3.746531868158837, "log10_lambda": 0.8772179002389953, "log10_min_child_weight": 3.5818115088245928, "log10_subsample": -0.4992791640499512, "max_depth": 9.0, "num_boost_round": 14.0}, "datetime": {"datetime": "2024-01-19 01:20:06", "elapsed": 4096.443121, "delta": 0.004882}}
{"target": -17.677144225005073, "params": {"gamma": 408.0707789645759, "log10_alpha": -1.3570102212818784, "log10_colsample_bytree": -0.1533455447351567, "log10_eta": -3.746531868158837, "log10_lambda": 0.8772179002389953, "log10_min_child_weight": 3.5818115088245928, "log10_subsample": -0.4992791640499512, "max_depth": 9.0, "num_boost_round": 15.0}, "datetime": {"datetime": "2024-01-19 01:20:06", "elapsed": 4096.448321, "delta": 0.0052}}
{"target": -17.677139306359045, "params": {"gamma": 408.0707789645759, "log10_alpha": -1.3570102212818784, "log10_colsample_bytree": -0.1533455447351567, "log10_eta": -3.746531868158837, "log10_lambda": 0.8772179002389953, "log10_min_child_weight": 3.5818115088245928, "log10_subsample": -0.4992791640499512, "max_depth": 9.0, "num_boost_round": 16.0}, "datetime": {"datetime": "2024-01-19 01:20:06", "elapsed": 4096.453129, "delta": 0.004808}}
{"target": -17.677141332736294, "params": {"gamma": 408.0707789645759, "log10_alpha": -1.3570102212818784, "log10_colsample_bytree": -0.1533455447351567, "log10_eta": -3.746531868158837, "log10_lambda": 0.8772179002389953, "log10_min_child_weight": 3.5818115088245928, "log10_subsample": -0.4992791640499512, "max_depth": 9.0, "num_boost_round": 17.0}, "datetime": {"datetime": "2024-01-19 01:20:06", "elapsed": 4096.457842, "delta": 0.004713}}
{"target": -17.67713703858195, "params": {"gamma": 408.0707789645759, "log10_alpha": -1.3570102212818784, "log10_colsample_bytree": -0.1533455447351567, "log10_eta": -3.746531868158837, "log10_lambda": 0.8772179002389953, "log10_min_child_weight": 3.5818115088245928, "log10_subsample": -0.4992791640499512, "max_depth": 9.0, "num_boost_round": 18.0}, "datetime": {"datetime": "2024-01-19 01:20:06", "elapsed": 4096.462532, "delta": 0.00469}}
{"target": -17.677129199450988, "params": {"gamma": 408.0707789645759, "log10_alpha": -1.3570102212818784, "log10_colsample_bytree": -0.1533455447351567, "log10_eta": -3.746531868158837, "log10_lambda": 0.8772179002389953, "log10_min_child_weight": 3.5818115088245928, "log10_subsample": -0.4992791640499512, "max_depth": 9.0, "num_boost_round": 19.0}, "datetime": {"datetime": "2024-01-19 01:20:06", "elapsed": 4096.467254, "delta": 0.004722}}
{"target": -17.67712262471788, "params": {"gamma": 408.0707789645759, "log10_alpha": -1.3570102212818784, "log10_colsample_bytree": -0.1533455447351567, "log10_eta": -3.746531868158837, "log10_lambda": 0.8772179002389953, "log10_min_child_weight": 3.5818115088245928, "log10_subsample": -0.4992791640499512, "max_depth": 9.0, "num_boost_round": 20.0}, "datetime": {"datetime": "2024-01-19 01:20:06", "elapsed": 4096.471899, "delta": 0.004645}}
{"target": -17.67712193156342, "params": {"gamma": 408.0707789645759, "log10_alpha": -1.3570102212818784, "log10_colsample_bytree": -0.1533455447351567, "log10_eta": -3.746531868158837, "log10_lambda": 0.8772179002389953, "log10_min_child_weight": 3.5818115088245928, "log10_subsample": -0.4992791640499512, "max_depth": 9.0, "num_boost_round": 21.0}, "datetime": {"datetime": "2024-01-19 01:20:06", "elapsed": 4096.476535, "delta": 0.004636}}
{"target": -17.677113412178567, "params": {"gamma": 408.0707789645759, "log10_alpha": -1.3570102212818784, "log10_colsample_bytree": -0.1533455447351567, "log10_eta": -3.746531868158837, "log10_lambda": 0.8772179002389953, "log10_min_child_weight": 3.5818115088245928, "log10_subsample": -0.4992791640499512, "max_depth": 9.0, "num_boost_round": 22.0}, "datetime": {"datetime": "2024-01-19 01:20:06", "elapsed": 4096.481189, "delta": 0.004654}}
{"target": -17.67711222878898, "params": {"gamma": 408.0707789645759, "log10_alpha": -1.3570102212818784, "log10_colsample_bytree": -0.1533455447351567, "log10_eta": -3.746531868158837, "log10_lambda": 0.8772179002389953, "log10_min_child_weight": 3.5818115088245928, "log10_subsample": -0.4992791640499512, "max_depth": 9.0, "num_boost_round": 23.0}, "datetime": {"datetime": "2024-01-19 01:20:06", "elapsed": 4096.485901, "delta": 0.004712}}
