{"target": -17.66989853568572, "params": {"gamma": 453.5911774816804, "log10_alpha": 0.7351192667935864, "log10_colsample_bytree": -0.8146438077609908, "log10_eta": -2.1231228682258436, "log10_lambda": 0.656791045770678, "log10_min_child_weight": 1.9087858718230133, "log10_subsample": -0.47019893569055515, "max_depth": 5.0, "num_boost_round": 65.0}, "datetime": {"datetime": "2024-01-19 03:38:12", "elapsed": 12397.174202, "delta": 0.006052}}
{"target": -17.669983762968997, "params": {"gamma": 453.5911774816804, "log10_alpha": 0.7351192667935864, "log10_colsample_bytree": -0.8146438077609908, "log10_eta": -2.1231228682258436, "log10_lambda": 0.656791045770678, "log10_min_child_weight": 1.9087858718230133, "log10_subsample": -0.47019893569055515, "max_depth": 5.0, "num_boost_round": 66.0}, "datetime": {"datetime": "2024-01-19 03:38:12", "elapsed": 12397.180293, "delta": 0.006091}}
{"target": -17.669849104636526, "params": {"gamma": 453.5911774816804, "log10_alpha": 0.7351192667935864, "log10_colsample_bytree": -0.8146438077609908, "log10_eta": -2.1231228682258436, "log10_lambda": 0.656791045770678, "log10_min_child_weight": 1.9087858718230133, "log10_subsample": -0.47019893569055515, "max_depth": 5.0, "num_boost_round": 67.0}, "datetime": {"datetime": "2024-01-19 03:38:12", "elapsed": 12397.186329, "delta": 0.006036}}
{"target": -17.66991038075733, "params": {"gamma": 453.5911774816804, "log10_alpha": 0.7351192667935864, "log10_colsample_bytree": -0.8146438077609908, "log10_eta": -2.1231228682258436, "log10_lambda": 0.656791045770678, "log10_min_child_weight": 1.9087858718230133, "log10_subsample": -0.47019893569055515, "max_depth": 5.0, "num_boost_round": 68.0}, "datetime": {"datetime": "2024-01-19 03:38:12", "elapsed": 12397.192378, "delta": 0.006049}}
{"target": -17.6699105865417, "params": {"gamma": 453.5911774816804, "log10_alpha": 0.7351192667935864, "log10_colsample_bytree": -0.8146438077609908, "log10_eta": -2.1231228682258436, "log10_lambda": 0.656791045770678, "log10_min_child_weight": 1.9087858718230133, "log10_subsample": -0.47019893569055515, "max_depth": 5.0, "num_boost_round": 69.0}, "datetime": {"datetime": "2024-01-19 03:38:12", "elapsed": 12397.198472, "delta": 0.006094}}
{"target": -17.669859666647795, "params": {"gamma": 453.5911774816804, "log10_alpha": 0.7351192667935864, "log10_colsample_bytree": -0.8146438077609908, "log10_eta": -2.1231228682258436, "log10_lambda": 0.656791045770678, "log10_min_child_weight": 1.9087858718230133, "log10_subsample": -0.47019893569055515, "max_depth": 5.0, "num_boost_round": 70.0}, "datetime": {"datetime": "2024-01-19 03:38:12", "elapsed": 12397.204519, "delta": 0.006047}}
{"target": -17.66983686553701, "params": {"gamma": 453.5911774816804, "log10_alpha": 0.7351192667935864, "log10_colsample_bytree": -0.8146438077609908, "log10_eta": -2.1231228682258436, "log10_lambda": 0.656791045770678, "log10_min_child_weight": 1.9087858718230133, "log10_subsample": -0.47019893569055515, "max_depth": 5.0, "num_boost_round": 71.0}, "datetime": {"datetime": "2024-01-19 03:38:12", "elapsed": 12397.210596, "delta": 0.006077}}
{"target": -17.670171704838083, "params": {"gamma": 453.5911774816804, "log10_alpha": 0.7351192667935864, "log10_colsample_bytree": -0.8146438077609908, "log10_eta": -2.1231228682258436, "log10_lambda": 0.656791045770678, "log10_min_child_weight": 1.9087858718230133, "log10_subsample": -0.47019893569055515, "max_depth": 5.0, "num_boost_round": 72.0}, "datetime": {"datetime": "2024-01-19 03:38:12", "elapsed": 12397.216676, "delta": 0.00608}}
{"target": -17.67025646774897, "params": {"gamma": 453.5911774816804, "log10_alpha": 0.7351192667935864, "log10_colsample_bytree": -0.8146438077609908, "log10_eta": -2.1231228682258436, "log10_lambda": 0.656791045770678, "log10_min_child_weight": 1.9087858718230133, "log10_subsample": -0.47019893569055515, "max_depth": 5.0, "num_boost_round": 73.0}, "datetime": {"datetime": "2024-01-19 03:38:12", "elapsed": 12397.222727, "delta": 0.006051}}
{"target": -17.670376228355746, "params": {"gamma": 453.5911774816804, "log10_alpha": 0.7351192667935864, "log10_colsample_bytree": -0.8146438077609908, "log10_eta": -2.1231228682258436, "log10_lambda": 0.656791045770678, "log10_min_child_weight": 1.9087858718230133, "log10_subsample": -0.47019893569055515, "max_depth": 5.0, "num_boost_round": 74.0}, "datetime": {"datetime": "2024-01-19 03:38:12", "elapsed": 12397.228771, "delta": 0.006044}}
{"target": -17.677054418702436, "params": {"gamma": 460.5535243364963, "log10_alpha": -2.5658634440129253, "log10_colsample_bytree": -0.017443399505084556, "log10_eta": -2.134296112896263, "log10_lambda": -1.6721610769762156, "log10_min_child_weight": 3.3363195508785326, "log10_subsample": -0.7991847722496539, "max_depth": 4.0, "num_boost_round": 0.0}, "datetime": {"datetime": "2024-01-19 03:42:25", "elapsed": 12650.208247, "delta": 252.979476}}
{"target": -17.676923542149158, "params": {"gamma": 460.5535243364963, "log10_alpha": -2.5658634440129253, "log10_colsample_bytree": -0.017443399505084556, "log10_eta": -2.134296112896263, "log10_lambda": -1.6721610769762156, "log10_min_child_weight": 3.3363195508785326, "log10_subsample": -0.7991847722496539, "max_depth": 4.0, "num_boost_round": 1.0}, "datetime": {"datetime": "2024-01-19 03:42:25", "elapsed": 12650.216685, "delta": 0.008438}}
{"target": -17.67667406604395, "params": {"gamma": 460.5535243364963, "log10_alpha": -2.5658634440129253, "log10_colsample_bytree": -0.017443399505084556, "log10_eta": -2.134296112896263, "log10_lambda": -1.6721610769762156, "log10_min_child_weight": 3.3363195508785326, "log10_subsample": -0.7991847722496539, "max_depth": 4.0, "num_boost_round": 2.0}, "datetime": {"datetime": "2024-01-19 03:42:25", "elapsed": 12650.224063, "delta": 0.007378}}
{"target": -17.676521541236813, "params": {"gamma": 460.5535243364963, "log10_alpha": -2.5658634440129253, "log10_colsample_bytree": -0.017443399505084556, "log10_eta": -2.134296112896263, "log10_lambda": -1.6721610769762156, "log10_min_child_weight": 3.3363195508785326, "log10_subsample": -0.7991847722496539, "max_depth": 4.0, "num_boost_round": 3.0}, "datetime": {"datetime": "2024-01-19 03:42:25", "elapsed": 12650.231387, "delta": 0.007324}}
{"target": -17.67636301248059, "params": {"gamma": 460.5535243364963, "log10_alpha": -2.5658634440129253, "log10_colsample_bytree": -0.017443399505084556, "log10_eta": -2.134296112896263, "log10_lambda": -1.6721610769762156, "log10_min_child_weight": 3.3363195508785326, "log10_subsample": -0.7991847722496539, "max_depth": 4.0, "num_boost_round": 4.0}, "datetime": {"datetime": "2024-01-19 03:42:25", "elapsed": 12650.238689, "delta": 0.007302}}
{"target": -17.67615312700825, "params": {"gamma": 460.5535243364963, "log10_alpha": -2.5658634440129253, "log10_colsample_bytree": -0.017443399505084556, "log10_eta": -2.134296112896263, "log10_lambda": -1.6721610769762156, "log10_min_child_weight": 3.3363195508785326, "log10_subsample": -0.7991847722496539, "max_depth": 4.0, "num_boost_round": 5.0}, "datetime": {"datetime": "2024-01-19 03:42:25", "elapsed": 12650.245771, "delta": 0.007082}}
{"target": -17.67597592500149, "params": {"gamma": 460.5535243364963, "log10_alpha": -2.5658634440129253, "log10_colsample_bytree": -0.017443399505084556, "log10_eta": -2.134296112896263, "log10_lambda": -1.6721610769762156, "log10_min_child_weight": 3.3363195508785326, "log10_subsample": -0.7991847722496539, "max_depth": 4.0, "num_boost_round": 6.0}, "datetime": {"datetime": "2024-01-19 03:42:25", "elapsed": 12650.253206, "delta": 0.007435}}
{"target": -17.675754445568913, "params": {"gamma": 460.5535243364963, "log10_alpha": -2.5658634440129253, "log10_colsample_bytree": -0.017443399505084556, "log10_eta": -2.134296112896263, "log10_lambda": -1.6721610769762156, "log10_min_child_weight": 3.3363195508785326, "log10_subsample": -0.7991847722496539, "max_depth": 4.0, "num_boost_round": 7.0}, "datetime": {"datetime": "2024-01-19 03:42:25", "elapsed": 12650.260397, "delta": 0.007191}}
{"target": -17.675606681445043, "params": {"gamma": 460.5535243364963, "log10_alpha": -2.5658634440129253, "log10_colsample_bytree": -0.017443399505084556, "log10_eta": -2.134296112896263, "log10_lambda": -1.6721610769762156, "log10_min_child_weight": 3.3363195508785326, "log10_subsample": -0.7991847722496539, "max_depth": 4.0, "num_boost_round": 8.0}, "datetime": {"datetime": "2024-01-19 03:42:25", "elapsed": 12650.267837, "delta": 0.00744}}
{"target": -17.67542878510251, "params": {"gamma": 460.5535243364963, "log10_alpha": -2.5658634440129253, "log10_colsample_bytree": -0.017443399505084556, "log10_eta": -2.134296112896263, "log10_lambda": -1.6721610769762156, "log10_min_child_weight": 3.3363195508785326, "log10_subsample": -0.7991847722496539, "max_depth": 4.0, "num_boost_round": 9.0}, "datetime": {"datetime": "2024-01-19 03:42:25", "elapsed": 12650.274886, "delta": 0.007049}}
{"target": -17.67525806934158, "params": {"gamma": 460.5535243364963, "log10_alpha": -2.5658634440129253, "log10_colsample_bytree": -0.017443399505084556, "log10_eta": -2.134296112896263, "log10_lambda": -1.6721610769762156, "log10_min_child_weight": 3.3363195508785326, "log10_subsample": -0.7991847722496539, "max_depth": 4.0, "num_boost_round": 10.0}, "datetime": {"datetime": "2024-01-19 03:42:25", "elapsed": 12650.282186, "delta": 0.0073}}
{"target": -17.67522717690704, "params": {"gamma": 460.5535243364963, "log10_alpha": -2.5658634440129253, "log10_colsample_bytree": -0.017443399505084556, "log10_eta": -2.134296112896263, "log10_lambda": -1.6721610769762156, "log10_min_child_weight": 3.3363195508785326, "log10_subsample": -0.7991847722496539, "max_depth": 4.0, "num_boost_round": 11.0}, "datetime": {"datetime": "2024-01-19 03:42:25", "elapsed": 12650.289557, "delta": 0.007371}}
{"target": -17.67506274723199, "params": {"gamma": 460.5535243364963, "log10_alpha": -2.5658634440129253, "log10_colsample_bytree": -0.017443399505084556, "log10_eta": -2.134296112896263, "log10_lambda": -1.6721610769762156, "log10_min_child_weight": 3.3363195508785326, "log10_subsample": -0.7991847722496539, "max_depth": 4.0, "num_boost_round": 12.0}, "datetime": {"datetime": "2024-01-19 03:42:25", "elapsed": 12650.297554, "delta": 0.007997}}
{"target": -17.674916674882454, "params": {"gamma": 460.5535243364963, "log10_alpha": -2.5658634440129253, "log10_colsample_bytree": -0.017443399505084556, "log10_eta": -2.134296112896263, "log10_lambda": -1.6721610769762156, "log10_min_child_weight": 3.3363195508785326, "log10_subsample": -0.7991847722496539, "max_depth": 4.0, "num_boost_round": 13.0}, "datetime": {"datetime": "2024-01-19 03:42:25", "elapsed": 12650.305431, "delta": 0.007877}}
{"target": -17.674794622591115, "params": {"gamma": 460.5535243364963, "log10_alpha": -2.5658634440129253, "log10_colsample_bytree": -0.017443399505084556, "log10_eta": -2.134296112896263, "log10_lambda": -1.6721610769762156, "log10_min_child_weight": 3.3363195508785326, "log10_subsample": -0.7991847722496539, "max_depth": 4.0, "num_boost_round": 14.0}, "datetime": {"datetime": "2024-01-19 03:42:25", "elapsed": 12650.313019, "delta": 0.007588}}
{"target": -17.674674682374615, "params": {"gamma": 460.5535243364963, "log10_alpha": -2.5658634440129253, "log10_colsample_bytree": -0.017443399505084556, "log10_eta": -2.134296112896263, "log10_lambda": -1.6721610769762156, "log10_min_child_weight": 3.3363195508785326, "log10_subsample": -0.7991847722496539, "max_depth": 4.0, "num_boost_round": 15.0}, "datetime": {"datetime": "2024-01-19 03:42:25", "elapsed": 12650.320256, "delta": 0.007237}}
{"target": -17.67457098799973, "params": {"gamma": 460.5535243364963, "log10_alpha": -2.5658634440129253, "log10_colsample_bytree": -0.017443399505084556, "log10_eta": -2.134296112896263, "log10_lambda": -1.6721610769762156, "log10_min_child_weight": 3.3363195508785326, "log10_subsample": -0.7991847722496539, "max_depth": 4.0, "num_boost_round": 16.0}, "datetime": {"datetime": "2024-01-19 03:42:25", "elapsed": 12650.327589, "delta": 0.007333}}
{"target": -17.674444753075846, "params": {"gamma": 460.5535243364963, "log10_alpha": -2.5658634440129253, "log10_colsample_bytree": -0.017443399505084556, "log10_eta": -2.134296112896263, "log10_lambda": -1.6721610769762156, "log10_min_child_weight": 3.3363195508785326, "log10_subsample": -0.7991847722496539, "max_depth": 4.0, "num_boost_round": 17.0}, "datetime": {"datetime": "2024-01-19 03:42:25", "elapsed": 12650.335031, "delta": 0.007442}}
{"target": -17.67432522319997, "params": {"gamma": 460.5535243364963, "log10_alpha": -2.5658634440129253, "log10_colsample_bytree": -0.017443399505084556, "log10_eta": -2.134296112896263, "log10_lambda": -1.6721610769762156, "log10_min_child_weight": 3.3363195508785326, "log10_subsample": -0.7991847722496539, "max_depth": 4.0, "num_boost_round": 18.0}, "datetime": {"datetime": "2024-01-19 03:42:25", "elapsed": 12650.342344, "delta": 0.007313}}
{"target": -17.67421265619307, "params": {"gamma": 460.5535243364963, "log10_alpha": -2.5658634440129253, "log10_colsample_bytree": -0.017443399505084556, "log10_eta": -2.134296112896263, "log10_lambda": -1.6721610769762156, "log10_min_child_weight": 3.3363195508785326, "log10_subsample": -0.7991847722496539, "max_depth": 4.0, "num_boost_round": 19.0}, "datetime": {"datetime": "2024-01-19 03:42:25", "elapsed": 12650.350214, "delta": 0.00787}}
{"target": -17.674126895447703, "params": {"gamma": 460.5535243364963, "log10_alpha": -2.5658634440129253, "log10_colsample_bytree": -0.017443399505084556, "log10_eta": -2.134296112896263, "log10_lambda": -1.6721610769762156, "log10_min_child_weight": 3.3363195508785326, "log10_subsample": -0.7991847722496539, "max_depth": 4.0, "num_boost_round": 20.0}, "datetime": {"datetime": "2024-01-19 03:42:25", "elapsed": 12650.358319, "delta": 0.008105}}
{"target": -17.674051286805568, "params": {"gamma": 460.5535243364963, "log10_alpha": -2.5658634440129253, "log10_colsample_bytree": -0.017443399505084556, "log10_eta": -2.134296112896263, "log10_lambda": -1.6721610769762156, "log10_min_child_weight": 3.3363195508785326, "log10_subsample": -0.7991847722496539, "max_depth": 4.0, "num_boost_round": 21.0}, "datetime": {"datetime": "2024-01-19 03:42:25", "elapsed": 12650.365836, "delta": 0.007517}}
{"target": -17.674005147662672, "params": {"gamma": 460.5535243364963, "log10_alpha": -2.5658634440129253, "log10_colsample_bytree": -0.017443399505084556, "log10_eta": -2.134296112896263, "log10_lambda": -1.6721610769762156, "log10_min_child_weight": 3.3363195508785326, "log10_subsample": -0.7991847722496539, "max_depth": 4.0, "num_boost_round": 22.0}, "datetime": {"datetime": "2024-01-19 03:42:25", "elapsed": 12650.373176, "delta": 0.00734}}
{"target": -17.673942958212734, "params": {"gamma": 460.5535243364963, "log10_alpha": -2.5658634440129253, "log10_colsample_bytree": -0.017443399505084556, "log10_eta": -2.134296112896263, "log10_lambda": -1.6721610769762156, "log10_min_child_weight": 3.3363195508785326, "log10_subsample": -0.7991847722496539, "max_depth": 4.0, "num_boost_round": 23.0}, "datetime": {"datetime": "2024-01-19 03:42:25", "elapsed": 12650.380603, "delta": 0.007427}}
{"target": -17.673878464165153, "params": {"gamma": 460.5535243364963, "log10_alpha": -2.5658634440129253, "log10_colsample_bytree": -0.017443399505084556, "log10_eta": -2.134296112896263, "log10_lambda": -1.6721610769762156, "log10_min_child_weight": 3.3363195508785326, "log10_subsample": -0.7991847722496539, "max_depth": 4.0, "num_boost_round": 24.0}, "datetime": {"datetime": "2024-01-19 03:42:25", "elapsed": 12650.388052, "delta": 0.007449}}
{"target": -17.673854377139527, "params": {"gamma": 460.5535243364963, "log10_alpha": -2.5658634440129253, "log10_colsample_bytree": -0.017443399505084556, "log10_eta": -2.134296112896263, "log10_lambda": -1.6721610769762156, "log10_min_child_weight": 3.3363195508785326, "log10_subsample": -0.7991847722496539, "max_depth": 4.0, "num_boost_round": 25.0}, "datetime": {"datetime": "2024-01-19 03:42:25", "elapsed": 12650.395449, "delta": 0.007397}}
{"target": -17.67370028823932, "params": {"gamma": 460.5535243364963, "log10_alpha": -2.5658634440129253, "log10_colsample_bytree": -0.017443399505084556, "log10_eta": -2.134296112896263, "log10_lambda": -1.6721610769762156, "log10_min_child_weight": 3.3363195508785326, "log10_subsample": -0.7991847722496539, "max_depth": 4.0, "num_boost_round": 26.0}, "datetime": {"datetime": "2024-01-19 03:42:25", "elapsed": 12650.402518, "delta": 0.007069}}
{"target": -17.67369913660783, "params": {"gamma": 460.5535243364963, "log10_alpha": -2.5658634440129253, "log10_colsample_bytree": -0.017443399505084556, "log10_eta": -2.134296112896263, "log10_lambda": -1.6721610769762156, "log10_min_child_weight": 3.3363195508785326, "log10_subsample": -0.7991847722496539, "max_depth": 4.0, "num_boost_round": 27.0}, "datetime": {"datetime": "2024-01-19 03:42:25", "elapsed": 12650.409873, "delta": 0.007355}}
{"target": -17.673588917846487, "params": {"gamma": 460.5535243364963, "log10_alpha": -2.5658634440129253, "log10_colsample_bytree": -0.017443399505084556, "log10_eta": -2.134296112896263, "log10_lambda": -1.6721610769762156, "log10_min_child_weight": 3.3363195508785326, "log10_subsample": -0.7991847722496539, "max_depth": 4.0, "num_boost_round": 28.0}, "datetime": {"datetime": "2024-01-19 03:42:26", "elapsed": 12650.557502, "delta": 0.147629}}
{"target": -17.673543033954452, "params": {"gamma": 460.5535243364963, "log10_alpha": -2.5658634440129253, "log10_colsample_bytree": -0.017443399505084556, "log10_eta": -2.134296112896263, "log10_lambda": -1.6721610769762156, "log10_min_child_weight": 3.3363195508785326, "log10_subsample": -0.7991847722496539, "max_depth": 4.0, "num_boost_round": 29.0}, "datetime": {"datetime": "2024-01-19 03:42:26", "elapsed": 12650.566111, "delta": 0.008609}}
