{"target": -17.677233356044283, "params": {"gamma": 550.4844540300484, "log10_alpha": 0.28555844223158644, "log10_colsample_bytree": -0.1280431648754754, "log10_eta": -3.9379332275804995, "log10_lambda": -2.8317452817682547, "log10_min_child_weight": 4.22250357876448, "log10_subsample": -0.23574560369079245, "max_depth": 3.0, "num_boost_round": 4.0}, "datetime": {"datetime": "2024-01-19 00:15:03", "elapsed": 201.295172, "delta": 0.000363}}
{"target": -17.67723286083597, "params": {"gamma": 550.4844540300484, "log10_alpha": 0.28555844223158644, "log10_colsample_bytree": -0.1280431648754754, "log10_eta": -3.9379332275804995, "log10_lambda": -2.8317452817682547, "log10_min_child_weight": 4.22250357876448, "log10_subsample": -0.23574560369079245, "max_depth": 3.0, "num_boost_round": 5.0}, "datetime": {"datetime": "2024-01-19 00:15:03", "elapsed": 201.295531, "delta": 0.000359}}
{"target": -17.67723309531554, "params": {"gamma": 550.4844540300484, "log10_alpha": 0.28555844223158644, "log10_colsample_bytree": -0.1280431648754754, "log10_eta": -3.9379332275804995, "log10_lambda": -2.8317452817682547, "log10_min_child_weight": 4.22250357876448, "log10_subsample": -0.23574560369079245, "max_depth": 3.0, "num_boost_round": 6.0}, "datetime": {"datetime": "2024-01-19 00:15:03", "elapsed": 201.296005, "delta": 0.000474}}
{"target": -17.677231663499356, "params": {"gamma": 550.4844540300484, "log10_alpha": 0.28555844223158644, "log10_colsample_bytree": -0.1280431648754754, "log10_eta": -3.9379332275804995, "log10_lambda": -2.8317452817682547, "log10_min_child_weight": 4.22250357876448, "log10_subsample": -0.23574560369079245, "max_depth": 3.0, "num_boost_round": 7.0}, "datetime": {"datetime": "2024-01-19 00:15:03", "elapsed": 201.296366, "delta": 0.000361}}
{"target": -17.677230908325154, "params": {"gamma": 550.4844540300484, "log10_alpha": 0.28555844223158644, "log10_colsample_bytree": -0.1280431648754754, "log10_eta": -3.9379332275804995, "log10_lambda": -2.8317452817682547, "log10_min_child_weight": 4.22250357876448, "log10_subsample": -0.23574560369079245, "max_depth": 3.0, "num_boost_round": 8.0}, "datetime": {"datetime": "2024-01-19 00:15:03", "elapsed": 201.296721, "delta": 0.000355}}
{"target": -17.677230289671314, "params": {"gamma": 550.4844540300484, "log10_alpha": 0.28555844223158644, "log10_colsample_bytree": -0.1280431648754754, "log10_eta": -3.9379332275804995, "log10_lambda": -2.8317452817682547, "log10_min_child_weight": 4.22250357876448, "log10_subsample": -0.23574560369079245, "max_depth": 3.0, "num_boost_round": 9.0}, "datetime": {"datetime": "2024-01-19 00:15:03", "elapsed": 201.297088, "delta": 0.000367}}
{"target": -17.67723170094556, "params": {"gamma": 550.4844540300484, "log10_alpha": 0.28555844223158644, "log10_colsample_bytree": -0.1280431648754754, "log10_eta": -3.9379332275804995, "log10_lambda": -2.8317452817682547, "log10_min_child_weight": 4.22250357876448, "log10_subsample": -0.23574560369079245, "max_depth": 3.0, "num_boost_round": 10.0}, "datetime": {"datetime": "2024-01-19 00:15:03", "elapsed": 201.297453, "delta": 0.000365}}
{"target": -17.67722895653149, "params": {"gamma": 550.4844540300484, "log10_alpha": 0.28555844223158644, "log10_colsample_bytree": -0.1280431648754754, "log10_eta": -3.9379332275804995, "log10_lambda": -2.8317452817682547, "log10_min_child_weight": 4.22250357876448, "log10_subsample": -0.23574560369079245, "max_depth": 3.0, "num_boost_round": 11.0}, "datetime": {"datetime": "2024-01-19 00:15:03", "elapsed": 201.297821, "delta": 0.000368}}
{"target": -17.677228209001925, "params": {"gamma": 550.4844540300484, "log10_alpha": 0.28555844223158644, "log10_colsample_bytree": -0.1280431648754754, "log10_eta": -3.9379332275804995, "log10_lambda": -2.8317452817682547, "log10_min_child_weight": 4.22250357876448, "log10_subsample": -0.23574560369079245, "max_depth": 3.0, "num_boost_round": 12.0}, "datetime": {"datetime": "2024-01-19 00:15:03", "elapsed": 201.29819, "delta": 0.000369}}
{"target": -17.67722761210258, "params": {"gamma": 550.4844540300484, "log10_alpha": 0.28555844223158644, "log10_colsample_bytree": -0.1280431648754754, "log10_eta": -3.9379332275804995, "log10_lambda": -2.8317452817682547, "log10_min_child_weight": 4.22250357876448, "log10_subsample": -0.23574560369079245, "max_depth": 3.0, "num_boost_round": 13.0}, "datetime": {"datetime": "2024-01-19 00:15:03", "elapsed": 201.298554, "delta": 0.000364}}
{"target": -17.677227010680234, "params": {"gamma": 550.4844540300484, "log10_alpha": 0.28555844223158644, "log10_colsample_bytree": -0.1280431648754754, "log10_eta": -3.9379332275804995, "log10_lambda": -2.8317452817682547, "log10_min_child_weight": 4.22250357876448, "log10_subsample": -0.23574560369079245, "max_depth": 3.0, "num_boost_round": 14.0}, "datetime": {"datetime": "2024-01-19 00:15:03", "elapsed": 201.298927, "delta": 0.000373}}
{"target": -17.677226357964305, "params": {"gamma": 550.4844540300484, "log10_alpha": 0.28555844223158644, "log10_colsample_bytree": -0.1280431648754754, "log10_eta": -3.9379332275804995, "log10_lambda": -2.8317452817682547, "log10_min_child_weight": 4.22250357876448, "log10_subsample": -0.23574560369079245, "max_depth": 3.0, "num_boost_round": 15.0}, "datetime": {"datetime": "2024-01-19 00:15:03", "elapsed": 201.299296, "delta": 0.000369}}
{"target": -17.677226615094504, "params": {"gamma": 550.4844540300484, "log10_alpha": 0.28555844223158644, "log10_colsample_bytree": -0.1280431648754754, "log10_eta": -3.9379332275804995, "log10_lambda": -2.8317452817682547, "log10_min_child_weight": 4.22250357876448, "log10_subsample": -0.23574560369079245, "max_depth": 3.0, "num_boost_round": 16.0}, "datetime": {"datetime": "2024-01-19 00:15:03", "elapsed": 201.299663, "delta": 0.000367}}
{"target": -17.677226298254535, "params": {"gamma": 550.4844540300484, "log10_alpha": 0.28555844223158644, "log10_colsample_bytree": -0.1280431648754754, "log10_eta": -3.9379332275804995, "log10_lambda": -2.8317452817682547, "log10_min_child_weight": 4.22250357876448, "log10_subsample": -0.23574560369079245, "max_depth": 3.0, "num_boost_round": 17.0}, "datetime": {"datetime": "2024-01-19 00:15:03", "elapsed": 201.300129, "delta": 0.000466}}
{"target": -17.677225319048148, "params": {"gamma": 550.4844540300484, "log10_alpha": 0.28555844223158644, "log10_colsample_bytree": -0.1280431648754754, "log10_eta": -3.9379332275804995, "log10_lambda": -2.8317452817682547, "log10_min_child_weight": 4.22250357876448, "log10_subsample": -0.23574560369079245, "max_depth": 3.0, "num_boost_round": 18.0}, "datetime": {"datetime": "2024-01-19 00:15:03", "elapsed": 201.300506, "delta": 0.000377}}
{"target": -17.67722595483538, "params": {"gamma": 550.4844540300484, "log10_alpha": 0.28555844223158644, "log10_colsample_bytree": -0.1280431648754754, "log10_eta": -3.9379332275804995, "log10_lambda": -2.8317452817682547, "log10_min_child_weight": 4.22250357876448, "log10_subsample": -0.23574560369079245, "max_depth": 3.0, "num_boost_round": 19.0}, "datetime": {"datetime": "2024-01-19 00:15:03", "elapsed": 201.300884, "delta": 0.000378}}
{"target": -17.672763200943407, "params": {"gamma": 574.5409101945005, "log10_alpha": 0.8949972272964208, "log10_colsample_bytree": -0.4845840402744954, "log10_eta": -0.4219456664022667, "log10_lambda": -3.5305722136710216, "log10_min_child_weight": 2.5208426733119826, "log10_subsample": -0.03568368501434882, "max_depth": 3.0, "num_boost_round": 0.0}, "datetime": {"datetime": "2024-01-19 00:15:22", "elapsed": 219.905576, "delta": 18.604692}}
{"target": -17.67563674148812, "params": {"gamma": 574.5409101945005, "log10_alpha": 0.8949972272964208, "log10_colsample_bytree": -0.4845840402744954, "log10_eta": -0.4219456664022667, "log10_lambda": -3.5305722136710216, "log10_min_child_weight": 2.5208426733119826, "log10_subsample": -0.03568368501434882, "max_depth": 3.0, "num_boost_round": 1.0}, "datetime": {"datetime": "2024-01-19 00:15:22", "elapsed": 219.906768, "delta": 0.001192}}
{"target": -17.68066689404523, "params": {"gamma": 574.5409101945005, "log10_alpha": 0.8949972272964208, "log10_colsample_bytree": -0.4845840402744954, "log10_eta": -0.4219456664022667, "log10_lambda": -3.5305722136710216, "log10_min_child_weight": 2.5208426733119826, "log10_subsample": -0.03568368501434882, "max_depth": 3.0, "num_boost_round": 2.0}, "datetime": {"datetime": "2024-01-19 00:15:22", "elapsed": 219.907194, "delta": 0.000426}}
{"target": -17.68925376606512, "params": {"gamma": 574.5409101945005, "log10_alpha": 0.8949972272964208, "log10_colsample_bytree": -0.4845840402744954, "log10_eta": -0.4219456664022667, "log10_lambda": -3.5305722136710216, "log10_min_child_weight": 2.5208426733119826, "log10_subsample": -0.03568368501434882, "max_depth": 3.0, "num_boost_round": 3.0}, "datetime": {"datetime": "2024-01-19 00:15:22", "elapsed": 219.907585, "delta": 0.000391}}
{"target": -17.70135660248977, "params": {"gamma": 574.5409101945005, "log10_alpha": 0.8949972272964208, "log10_colsample_bytree": -0.4845840402744954, "log10_eta": -0.4219456664022667, "log10_lambda": -3.5305722136710216, "log10_min_child_weight": 2.5208426733119826, "log10_subsample": -0.03568368501434882, "max_depth": 3.0, "num_boost_round": 4.0}, "datetime": {"datetime": "2024-01-19 00:15:22", "elapsed": 219.907979, "delta": 0.000394}}
{"target": -17.715226398125598, "params": {"gamma": 574.5409101945005, "log10_alpha": 0.8949972272964208, "log10_colsample_bytree": -0.4845840402744954, "log10_eta": -0.4219456664022667, "log10_lambda": -3.5305722136710216, "log10_min_child_weight": 2.5208426733119826, "log10_subsample": -0.03568368501434882, "max_depth": 3.0, "num_boost_round": 5.0}, "datetime": {"datetime": "2024-01-19 00:15:22", "elapsed": 219.908609, "delta": 0.00063}}
{"target": -17.716609851463666, "params": {"gamma": 574.5409101945005, "log10_alpha": 0.8949972272964208, "log10_colsample_bytree": -0.4845840402744954, "log10_eta": -0.4219456664022667, "log10_lambda": -3.5305722136710216, "log10_min_child_weight": 2.5208426733119826, "log10_subsample": -0.03568368501434882, "max_depth": 3.0, "num_boost_round": 6.0}, "datetime": {"datetime": "2024-01-19 00:15:22", "elapsed": 219.909125, "delta": 0.000516}}
{"target": -17.730035052553685, "params": {"gamma": 574.5409101945005, "log10_alpha": 0.8949972272964208, "log10_colsample_bytree": -0.4845840402744954, "log10_eta": -0.4219456664022667, "log10_lambda": -3.5305722136710216, "log10_min_child_weight": 2.5208426733119826, "log10_subsample": -0.03568368501434882, "max_depth": 3.0, "num_boost_round": 7.0}, "datetime": {"datetime": "2024-01-19 00:15:22", "elapsed": 219.909525, "delta": 0.0004}}
{"target": -17.733040796373242, "params": {"gamma": 574.5409101945005, "log10_alpha": 0.8949972272964208, "log10_colsample_bytree": -0.4845840402744954, "log10_eta": -0.4219456664022667, "log10_lambda": -3.5305722136710216, "log10_min_child_weight": 2.5208426733119826, "log10_subsample": -0.03568368501434882, "max_depth": 3.0, "num_boost_round": 8.0}, "datetime": {"datetime": "2024-01-19 00:15:22", "elapsed": 219.909934, "delta": 0.000409}}
{"target": -17.733224085299526, "params": {"gamma": 574.5409101945005, "log10_alpha": 0.8949972272964208, "log10_colsample_bytree": -0.4845840402744954, "log10_eta": -0.4219456664022667, "log10_lambda": -3.5305722136710216, "log10_min_child_weight": 2.5208426733119826, "log10_subsample": -0.03568368501434882, "max_depth": 3.0, "num_boost_round": 9.0}, "datetime": {"datetime": "2024-01-19 00:15:22", "elapsed": 219.910328, "delta": 0.000394}}
{"target": -17.74431284896055, "params": {"gamma": 574.5409101945005, "log10_alpha": 0.8949972272964208, "log10_colsample_bytree": -0.4845840402744954, "log10_eta": -0.4219456664022667, "log10_lambda": -3.5305722136710216, "log10_min_child_weight": 2.5208426733119826, "log10_subsample": -0.03568368501434882, "max_depth": 3.0, "num_boost_round": 10.0}, "datetime": {"datetime": "2024-01-19 00:15:22", "elapsed": 219.910719, "delta": 0.000391}}
{"target": -17.749068533805982, "params": {"gamma": 574.5409101945005, "log10_alpha": 0.8949972272964208, "log10_colsample_bytree": -0.4845840402744954, "log10_eta": -0.4219456664022667, "log10_lambda": -3.5305722136710216, "log10_min_child_weight": 2.5208426733119826, "log10_subsample": -0.03568368501434882, "max_depth": 3.0, "num_boost_round": 11.0}, "datetime": {"datetime": "2024-01-19 00:15:22", "elapsed": 219.91113, "delta": 0.000411}}
{"target": -17.67706494433474, "params": {"gamma": 564.2668985836708, "log10_alpha": -2.1088993620419876, "log10_colsample_bytree": -0.8026344994415682, "log10_eta": -2.2333514882954413, "log10_lambda": -0.5852121506758747, "log10_min_child_weight": 2.480476430700398, "log10_subsample": -0.6471461667970705, "max_depth": 2.0, "num_boost_round": 0.0}, "datetime": {"datetime": "2024-01-19 00:15:40", "elapsed": 238.219899, "delta": 18.308769}}
{"target": -17.676825822256163, "params": {"gamma": 564.2668985836708, "log10_alpha": -2.1088993620419876, "log10_colsample_bytree": -0.8026344994415682, "log10_eta": -2.2333514882954413, "log10_lambda": -0.5852121506758747, "log10_min_child_weight": 2.480476430700398, "log10_subsample": -0.6471461667970705, "max_depth": 2.0, "num_boost_round": 1.0}, "datetime": {"datetime": "2024-01-19 00:15:40", "elapsed": 238.220901, "delta": 0.001002}}
{"target": -17.676720305771013, "params": {"gamma": 564.2668985836708, "log10_alpha": -2.1088993620419876, "log10_colsample_bytree": -0.8026344994415682, "log10_eta": -2.2333514882954413, "log10_lambda": -0.5852121506758747, "log10_min_child_weight": 2.480476430700398, "log10_subsample": -0.6471461667970705, "max_depth": 2.0, "num_boost_round": 2.0}, "datetime": {"datetime": "2024-01-19 00:15:40", "elapsed": 238.221464, "delta": 0.000563}}
{"target": -17.67667108455511, "params": {"gamma": 564.2668985836708, "log10_alpha": -2.1088993620419876, "log10_colsample_bytree": -0.8026344994415682, "log10_eta": -2.2333514882954413, "log10_lambda": -0.5852121506758747, "log10_min_child_weight": 2.480476430700398, "log10_subsample": -0.6471461667970705, "max_depth": 2.0, "num_boost_round": 3.0}, "datetime": {"datetime": "2024-01-19 00:15:40", "elapsed": 238.221897, "delta": 0.000433}}
{"target": -17.67662742181693, "params": {"gamma": 564.2668985836708, "log10_alpha": -2.1088993620419876, "log10_colsample_bytree": -0.8026344994415682, "log10_eta": -2.2333514882954413, "log10_lambda": -0.5852121506758747, "log10_min_child_weight": 2.480476430700398, "log10_subsample": -0.6471461667970705, "max_depth": 2.0, "num_boost_round": 4.0}, "datetime": {"datetime": "2024-01-19 00:15:40", "elapsed": 238.222313, "delta": 0.000416}}
{"target": -17.676471438738563, "params": {"gamma": 564.2668985836708, "log10_alpha": -2.1088993620419876, "log10_colsample_bytree": -0.8026344994415682, "log10_eta": -2.2333514882954413, "log10_lambda": -0.5852121506758747, "log10_min_child_weight": 2.480476430700398, "log10_subsample": -0.6471461667970705, "max_depth": 2.0, "num_boost_round": 5.0}, "datetime": {"datetime": "2024-01-19 00:15:40", "elapsed": 238.222721, "delta": 0.000408}}
{"target": -17.67639842900942, "params": {"gamma": 564.2668985836708, "log10_alpha": -2.1088993620419876, "log10_colsample_bytree": -0.8026344994415682, "log10_eta": -2.2333514882954413, "log10_lambda": -0.5852121506758747, "log10_min_child_weight": 2.480476430700398, "log10_subsample": -0.6471461667970705, "max_depth": 2.0, "num_boost_round": 6.0}, "datetime": {"datetime": "2024-01-19 00:15:40", "elapsed": 238.22314, "delta": 0.000419}}
{"target": -17.676204410046996, "params": {"gamma": 564.2668985836708, "log10_alpha": -2.1088993620419876, "log10_colsample_bytree": -0.8026344994415682, "log10_eta": -2.2333514882954413, "log10_lambda": -0.5852121506758747, "log10_min_child_weight": 2.480476430700398, "log10_subsample": -0.6471461667970705, "max_depth": 2.0, "num_boost_round": 7.0}, "datetime": {"datetime": "2024-01-19 00:15:40", "elapsed": 238.223665, "delta": 0.000525}}
{"target": -17.67618862916727, "params": {"gamma": 564.2668985836708, "log10_alpha": -2.1088993620419876, "log10_colsample_bytree": -0.8026344994415682, "log10_eta": -2.2333514882954413, "log10_lambda": -0.5852121506758747, "log10_min_child_weight": 2.480476430700398, "log10_subsample": -0.6471461667970705, "max_depth": 2.0, "num_boost_round": 8.0}, "datetime": {"datetime": "2024-01-19 00:15:40", "elapsed": 238.224083, "delta": 0.000418}}
{"target": -17.675970673415424, "params": {"gamma": 564.2668985836708, "log10_alpha": -2.1088993620419876, "log10_colsample_bytree": -0.8026344994415682, "log10_eta": -2.2333514882954413, "log10_lambda": -0.5852121506758747, "log10_min_child_weight": 2.480476430700398, "log10_subsample": -0.6471461667970705, "max_depth": 2.0, "num_boost_round": 9.0}, "datetime": {"datetime": "2024-01-19 00:15:40", "elapsed": 238.224539, "delta": 0.000456}}
{"target": -17.675852132336267, "params": {"gamma": 564.2668985836708, "log10_alpha": -2.1088993620419876, "log10_colsample_bytree": -0.8026344994415682, "log10_eta": -2.2333514882954413, "log10_lambda": -0.5852121506758747, "log10_min_child_weight": 2.480476430700398, "log10_subsample": -0.6471461667970705, "max_depth": 2.0, "num_boost_round": 10.0}, "datetime": {"datetime": "2024-01-19 00:15:40", "elapsed": 238.224958, "delta": 0.000419}}
{"target": -17.67721304497255, "params": {"gamma": 564.7261823302388, "log10_alpha": 0.3809115372507561, "log10_colsample_bytree": -0.2810342797035178, "log10_eta": -1.9071061692299538, "log10_lambda": -2.667099108967479, "log10_min_child_weight": 3.176315757852522, "log10_subsample": -0.6254507138593668, "max_depth": 5.0, "num_boost_round": 0.0}, "datetime": {"datetime": "2024-01-19 00:16:00", "elapsed": 257.365055, "delta": 19.140097}}
{"target": -17.67656363118034, "params": {"gamma": 564.7261823302388, "log10_alpha": 0.3809115372507561, "log10_colsample_bytree": -0.2810342797035178, "log10_eta": -1.9071061692299538, "log10_lambda": -2.667099108967479, "log10_min_child_weight": 3.176315757852522, "log10_subsample": -0.6254507138593668, "max_depth": 5.0, "num_boost_round": 1.0}, "datetime": {"datetime": "2024-01-19 00:16:00", "elapsed": 257.365649, "delta": 0.000594}}
{"target": -17.67650346727801, "params": {"gamma": 564.7261823302388, "log10_alpha": 0.3809115372507561, "log10_colsample_bytree": -0.2810342797035178, "log10_eta": -1.9071061692299538, "log10_lambda": -2.667099108967479, "log10_min_child_weight": 3.176315757852522, "log10_subsample": -0.6254507138593668, "max_depth": 5.0, "num_boost_round": 2.0}, "datetime": {"datetime": "2024-01-19 00:16:00", "elapsed": 257.366108, "delta": 0.000459}}
{"target": -17.676532789244888, "params": {"gamma": 564.7261823302388, "log10_alpha": 0.3809115372507561, "log10_colsample_bytree": -0.2810342797035178, "log10_eta": -1.9071061692299538, "log10_lambda": -2.667099108967479, "log10_min_child_weight": 3.176315757852522, "log10_subsample": -0.6254507138593668, "max_depth": 5.0, "num_boost_round": 3.0}, "datetime": {"datetime": "2024-01-19 00:16:00", "elapsed": 257.366536, "delta": 0.000428}}
{"target": -17.67683910386387, "params": {"gamma": 564.7261823302388, "log10_alpha": 0.3809115372507561, "log10_colsample_bytree": -0.2810342797035178, "log10_eta": -1.9071061692299538, "log10_lambda": -2.667099108967479, "log10_min_child_weight": 3.176315757852522, "log10_subsample": -0.6254507138593668, "max_depth": 5.0, "num_boost_round": 4.0}, "datetime": {"datetime": "2024-01-19 00:16:00", "elapsed": 257.367405, "delta": 0.000869}}
{"target": -17.67669635549377, "params": {"gamma": 564.7261823302388, "log10_alpha": 0.3809115372507561, "log10_colsample_bytree": -0.2810342797035178, "log10_eta": -1.9071061692299538, "log10_lambda": -2.667099108967479, "log10_min_child_weight": 3.176315757852522, "log10_subsample": -0.6254507138593668, "max_depth": 5.0, "num_boost_round": 5.0}, "datetime": {"datetime": "2024-01-19 00:16:00", "elapsed": 257.36796, "delta": 0.000555}}
{"target": -17.67638072852712, "params": {"gamma": 564.7261823302388, "log10_alpha": 0.3809115372507561, "log10_colsample_bytree": -0.2810342797035178, "log10_eta": -1.9071061692299538, "log10_lambda": -2.667099108967479, "log10_min_child_weight": 3.176315757852522, "log10_subsample": -0.6254507138593668, "max_depth": 5.0, "num_boost_round": 6.0}, "datetime": {"datetime": "2024-01-19 00:16:00", "elapsed": 257.368396, "delta": 0.000436}}
{"target": -17.67609720239068, "params": {"gamma": 564.7261823302388, "log10_alpha": 0.3809115372507561, "log10_colsample_bytree": -0.2810342797035178, "log10_eta": -1.9071061692299538, "log10_lambda": -2.667099108967479, "log10_min_child_weight": 3.176315757852522, "log10_subsample": -0.6254507138593668, "max_depth": 5.0, "num_boost_round": 7.0}, "datetime": {"datetime": "2024-01-19 00:16:00", "elapsed": 257.368828, "delta": 0.000432}}
{"target": -17.675959265144087, "params": {"gamma": 564.7261823302388, "log10_alpha": 0.3809115372507561, "log10_colsample_bytree": -0.2810342797035178, "log10_eta": -1.9071061692299538, "log10_lambda": -2.667099108967479, "log10_min_child_weight": 3.176315757852522, "log10_subsample": -0.6254507138593668, "max_depth": 5.0, "num_boost_round": 8.0}, "datetime": {"datetime": "2024-01-19 00:16:00", "elapsed": 257.369364, "delta": 0.000536}}
{"target": -17.675937657739627, "params": {"gamma": 564.7261823302388, "log10_alpha": 0.3809115372507561, "log10_colsample_bytree": -0.2810342797035178, "log10_eta": -1.9071061692299538, "log10_lambda": -2.667099108967479, "log10_min_child_weight": 3.176315757852522, "log10_subsample": -0.6254507138593668, "max_depth": 5.0, "num_boost_round": 9.0}, "datetime": {"datetime": "2024-01-19 00:16:00", "elapsed": 257.369802, "delta": 0.000438}}
