{"target": -17.676985436280486, "params": {"gamma": 968.6321658912522, "log10_alpha": -3.7273697833718367, "log10_colsample_bytree": -0.673126130724027, "log10_eta": -3.0782726000259757, "log10_lambda": -4.351801874414426, "log10_min_child_weight": 1.4510158393423356, "log10_subsample": -0.406800436462068, "max_depth": 2.0, "num_boost_round": 12.0}, "datetime": {"datetime": "2024-01-19 02:09:51", "elapsed": 7085.220531, "delta": 0.006276}}
{"target": -17.676959918222135, "params": {"gamma": 968.6321658912522, "log10_alpha": -3.7273697833718367, "log10_colsample_bytree": -0.673126130724027, "log10_eta": -3.0782726000259757, "log10_lambda": -4.351801874414426, "log10_min_child_weight": 1.4510158393423356, "log10_subsample": -0.406800436462068, "max_depth": 2.0, "num_boost_round": 13.0}, "datetime": {"datetime": "2024-01-19 02:09:51", "elapsed": 7085.226806, "delta": 0.006275}}
{"target": -17.67694621733709, "params": {"gamma": 968.6321658912522, "log10_alpha": -3.7273697833718367, "log10_colsample_bytree": -0.673126130724027, "log10_eta": -3.0782726000259757, "log10_lambda": -4.351801874414426, "log10_min_child_weight": 1.4510158393423356, "log10_subsample": -0.406800436462068, "max_depth": 2.0, "num_boost_round": 14.0}, "datetime": {"datetime": "2024-01-19 02:09:51", "elapsed": 7085.233064, "delta": 0.006258}}
{"target": -17.67692894387595, "params": {"gamma": 968.6321658912522, "log10_alpha": -3.7273697833718367, "log10_colsample_bytree": -0.673126130724027, "log10_eta": -3.0782726000259757, "log10_lambda": -4.351801874414426, "log10_min_child_weight": 1.4510158393423356, "log10_subsample": -0.406800436462068, "max_depth": 2.0, "num_boost_round": 15.0}, "datetime": {"datetime": "2024-01-19 02:09:51", "elapsed": 7085.239275, "delta": 0.006211}}
{"target": -17.67691513997182, "params": {"gamma": 968.6321658912522, "log10_alpha": -3.7273697833718367, "log10_colsample_bytree": -0.673126130724027, "log10_eta": -3.0782726000259757, "log10_lambda": -4.351801874414426, "log10_min_child_weight": 1.4510158393423356, "log10_subsample": -0.406800436462068, "max_depth": 2.0, "num_boost_round": 16.0}, "datetime": {"datetime": "2024-01-19 02:09:51", "elapsed": 7085.245533, "delta": 0.006258}}
{"target": -17.676897292677953, "params": {"gamma": 968.6321658912522, "log10_alpha": -3.7273697833718367, "log10_colsample_bytree": -0.673126130724027, "log10_eta": -3.0782726000259757, "log10_lambda": -4.351801874414426, "log10_min_child_weight": 1.4510158393423356, "log10_subsample": -0.406800436462068, "max_depth": 2.0, "num_boost_round": 17.0}, "datetime": {"datetime": "2024-01-19 02:09:51", "elapsed": 7085.251815, "delta": 0.006282}}
{"target": -17.676891147807385, "params": {"gamma": 968.6321658912522, "log10_alpha": -3.7273697833718367, "log10_colsample_bytree": -0.673126130724027, "log10_eta": -3.0782726000259757, "log10_lambda": -4.351801874414426, "log10_min_child_weight": 1.4510158393423356, "log10_subsample": -0.406800436462068, "max_depth": 2.0, "num_boost_round": 18.0}, "datetime": {"datetime": "2024-01-19 02:09:51", "elapsed": 7085.258086, "delta": 0.006271}}
{"target": -17.676871557800744, "params": {"gamma": 968.6321658912522, "log10_alpha": -3.7273697833718367, "log10_colsample_bytree": -0.673126130724027, "log10_eta": -3.0782726000259757, "log10_lambda": -4.351801874414426, "log10_min_child_weight": 1.4510158393423356, "log10_subsample": -0.406800436462068, "max_depth": 2.0, "num_boost_round": 19.0}, "datetime": {"datetime": "2024-01-19 02:09:51", "elapsed": 7085.264346, "delta": 0.00626}}
{"target": -17.67685983592102, "params": {"gamma": 968.6321658912522, "log10_alpha": -3.7273697833718367, "log10_colsample_bytree": -0.673126130724027, "log10_eta": -3.0782726000259757, "log10_lambda": -4.351801874414426, "log10_min_child_weight": 1.4510158393423356, "log10_subsample": -0.406800436462068, "max_depth": 2.0, "num_boost_round": 20.0}, "datetime": {"datetime": "2024-01-19 02:09:51", "elapsed": 7085.270652, "delta": 0.006306}}
{"target": -17.67683285885039, "params": {"gamma": 968.6321658912522, "log10_alpha": -3.7273697833718367, "log10_colsample_bytree": -0.673126130724027, "log10_eta": -3.0782726000259757, "log10_lambda": -4.351801874414426, "log10_min_child_weight": 1.4510158393423356, "log10_subsample": -0.406800436462068, "max_depth": 2.0, "num_boost_round": 21.0}, "datetime": {"datetime": "2024-01-19 02:09:51", "elapsed": 7085.276851, "delta": 0.006199}}
{"target": -17.67681892642682, "params": {"gamma": 968.6321658912522, "log10_alpha": -3.7273697833718367, "log10_colsample_bytree": -0.673126130724027, "log10_eta": -3.0782726000259757, "log10_lambda": -4.351801874414426, "log10_min_child_weight": 1.4510158393423356, "log10_subsample": -0.406800436462068, "max_depth": 2.0, "num_boost_round": 22.0}, "datetime": {"datetime": "2024-01-19 02:09:51", "elapsed": 7085.283079, "delta": 0.006228}}
{"target": -17.676795752597428, "params": {"gamma": 968.6321658912522, "log10_alpha": -3.7273697833718367, "log10_colsample_bytree": -0.673126130724027, "log10_eta": -3.0782726000259757, "log10_lambda": -4.351801874414426, "log10_min_child_weight": 1.4510158393423356, "log10_subsample": -0.406800436462068, "max_depth": 2.0, "num_boost_round": 23.0}, "datetime": {"datetime": "2024-01-19 02:09:51", "elapsed": 7085.289279, "delta": 0.0062}}
{"target": -17.676795141477868, "params": {"gamma": 968.6321658912522, "log10_alpha": -3.7273697833718367, "log10_colsample_bytree": -0.673126130724027, "log10_eta": -3.0782726000259757, "log10_lambda": -4.351801874414426, "log10_min_child_weight": 1.4510158393423356, "log10_subsample": -0.406800436462068, "max_depth": 2.0, "num_boost_round": 24.0}, "datetime": {"datetime": "2024-01-19 02:09:51", "elapsed": 7085.29917, "delta": 0.009891}}
{"target": -17.676767869487943, "params": {"gamma": 968.6321658912522, "log10_alpha": -3.7273697833718367, "log10_colsample_bytree": -0.673126130724027, "log10_eta": -3.0782726000259757, "log10_lambda": -4.351801874414426, "log10_min_child_weight": 1.4510158393423356, "log10_subsample": -0.406800436462068, "max_depth": 2.0, "num_boost_round": 25.0}, "datetime": {"datetime": "2024-01-19 02:09:51", "elapsed": 7085.305368, "delta": 0.006198}}
{"target": -17.67675626263566, "params": {"gamma": 968.6321658912522, "log10_alpha": -3.7273697833718367, "log10_colsample_bytree": -0.673126130724027, "log10_eta": -3.0782726000259757, "log10_lambda": -4.351801874414426, "log10_min_child_weight": 1.4510158393423356, "log10_subsample": -0.406800436462068, "max_depth": 2.0, "num_boost_round": 26.0}, "datetime": {"datetime": "2024-01-19 02:09:51", "elapsed": 7085.311714, "delta": 0.006346}}
{"target": -17.676740545172574, "params": {"gamma": 968.6321658912522, "log10_alpha": -3.7273697833718367, "log10_colsample_bytree": -0.673126130724027, "log10_eta": -3.0782726000259757, "log10_lambda": -4.351801874414426, "log10_min_child_weight": 1.4510158393423356, "log10_subsample": -0.406800436462068, "max_depth": 2.0, "num_boost_round": 27.0}, "datetime": {"datetime": "2024-01-19 02:09:51", "elapsed": 7085.318097, "delta": 0.006383}}
{"target": -17.676717793106775, "params": {"gamma": 968.6321658912522, "log10_alpha": -3.7273697833718367, "log10_colsample_bytree": -0.673126130724027, "log10_eta": -3.0782726000259757, "log10_lambda": -4.351801874414426, "log10_min_child_weight": 1.4510158393423356, "log10_subsample": -0.406800436462068, "max_depth": 2.0, "num_boost_round": 28.0}, "datetime": {"datetime": "2024-01-19 02:09:51", "elapsed": 7085.324331, "delta": 0.006234}}
{"target": -17.676697343421854, "params": {"gamma": 968.6321658912522, "log10_alpha": -3.7273697833718367, "log10_colsample_bytree": -0.673126130724027, "log10_eta": -3.0782726000259757, "log10_lambda": -4.351801874414426, "log10_min_child_weight": 1.4510158393423356, "log10_subsample": -0.406800436462068, "max_depth": 2.0, "num_boost_round": 29.0}, "datetime": {"datetime": "2024-01-19 02:09:51", "elapsed": 7085.330599, "delta": 0.006268}}
{"target": -17.676667674103708, "params": {"gamma": 968.6321658912522, "log10_alpha": -3.7273697833718367, "log10_colsample_bytree": -0.673126130724027, "log10_eta": -3.0782726000259757, "log10_lambda": -4.351801874414426, "log10_min_child_weight": 1.4510158393423356, "log10_subsample": -0.406800436462068, "max_depth": 2.0, "num_boost_round": 30.0}, "datetime": {"datetime": "2024-01-19 02:09:51", "elapsed": 7085.449736, "delta": 0.119137}}
{"target": -17.67664719766009, "params": {"gamma": 968.6321658912522, "log10_alpha": -3.7273697833718367, "log10_colsample_bytree": -0.673126130724027, "log10_eta": -3.0782726000259757, "log10_lambda": -4.351801874414426, "log10_min_child_weight": 1.4510158393423356, "log10_subsample": -0.406800436462068, "max_depth": 2.0, "num_boost_round": 31.0}, "datetime": {"datetime": "2024-01-19 02:09:51", "elapsed": 7085.458128, "delta": 0.008392}}
{"target": -17.676628456162906, "params": {"gamma": 968.6321658912522, "log10_alpha": -3.7273697833718367, "log10_colsample_bytree": -0.673126130724027, "log10_eta": -3.0782726000259757, "log10_lambda": -4.351801874414426, "log10_min_child_weight": 1.4510158393423356, "log10_subsample": -0.406800436462068, "max_depth": 2.0, "num_boost_round": 32.0}, "datetime": {"datetime": "2024-01-19 02:09:51", "elapsed": 7085.465705, "delta": 0.007577}}
{"target": -17.676605931419978, "params": {"gamma": 968.6321658912522, "log10_alpha": -3.7273697833718367, "log10_colsample_bytree": -0.673126130724027, "log10_eta": -3.0782726000259757, "log10_lambda": -4.351801874414426, "log10_min_child_weight": 1.4510158393423356, "log10_subsample": -0.406800436462068, "max_depth": 2.0, "num_boost_round": 33.0}, "datetime": {"datetime": "2024-01-19 02:09:51", "elapsed": 7085.472504, "delta": 0.006799}}
{"target": -17.67657635437952, "params": {"gamma": 968.6321658912522, "log10_alpha": -3.7273697833718367, "log10_colsample_bytree": -0.673126130724027, "log10_eta": -3.0782726000259757, "log10_lambda": -4.351801874414426, "log10_min_child_weight": 1.4510158393423356, "log10_subsample": -0.406800436462068, "max_depth": 2.0, "num_boost_round": 34.0}, "datetime": {"datetime": "2024-01-19 02:09:51", "elapsed": 7085.478978, "delta": 0.006474}}
{"target": -17.67656122827841, "params": {"gamma": 968.6321658912522, "log10_alpha": -3.7273697833718367, "log10_colsample_bytree": -0.673126130724027, "log10_eta": -3.0782726000259757, "log10_lambda": -4.351801874414426, "log10_min_child_weight": 1.4510158393423356, "log10_subsample": -0.406800436462068, "max_depth": 2.0, "num_boost_round": 35.0}, "datetime": {"datetime": "2024-01-19 02:09:51", "elapsed": 7085.485618, "delta": 0.00664}}
{"target": -17.676535905495165, "params": {"gamma": 968.6321658912522, "log10_alpha": -3.7273697833718367, "log10_colsample_bytree": -0.673126130724027, "log10_eta": -3.0782726000259757, "log10_lambda": -4.351801874414426, "log10_min_child_weight": 1.4510158393423356, "log10_subsample": -0.406800436462068, "max_depth": 2.0, "num_boost_round": 36.0}, "datetime": {"datetime": "2024-01-19 02:09:51", "elapsed": 7085.492283, "delta": 0.006665}}
{"target": -17.67653009148034, "params": {"gamma": 968.6321658912522, "log10_alpha": -3.7273697833718367, "log10_colsample_bytree": -0.673126130724027, "log10_eta": -3.0782726000259757, "log10_lambda": -4.351801874414426, "log10_min_child_weight": 1.4510158393423356, "log10_subsample": -0.406800436462068, "max_depth": 2.0, "num_boost_round": 37.0}, "datetime": {"datetime": "2024-01-19 02:09:51", "elapsed": 7085.498953, "delta": 0.00667}}
{"target": -17.676515878229996, "params": {"gamma": 968.6321658912522, "log10_alpha": -3.7273697833718367, "log10_colsample_bytree": -0.673126130724027, "log10_eta": -3.0782726000259757, "log10_lambda": -4.351801874414426, "log10_min_child_weight": 1.4510158393423356, "log10_subsample": -0.406800436462068, "max_depth": 2.0, "num_boost_round": 38.0}, "datetime": {"datetime": "2024-01-19 02:09:51", "elapsed": 7085.505839, "delta": 0.006886}}
{"target": -17.676492555866155, "params": {"gamma": 968.6321658912522, "log10_alpha": -3.7273697833718367, "log10_colsample_bytree": -0.673126130724027, "log10_eta": -3.0782726000259757, "log10_lambda": -4.351801874414426, "log10_min_child_weight": 1.4510158393423356, "log10_subsample": -0.406800436462068, "max_depth": 2.0, "num_boost_round": 39.0}, "datetime": {"datetime": "2024-01-19 02:09:51", "elapsed": 7085.512509, "delta": 0.00667}}
{"target": -17.677228642824428, "params": {"gamma": 961.5537178369873, "log10_alpha": -1.4969081515773865, "log10_colsample_bytree": -0.6444770597736152, "log10_eta": -3.302932345898146, "log10_lambda": -2.0143068914870224, "log10_min_child_weight": 4.79965439331043, "log10_subsample": -0.2987601097753837, "max_depth": 2.0, "num_boost_round": 0.0}, "datetime": {"datetime": "2024-01-19 02:11:11", "elapsed": 7164.817758, "delta": 79.305249}}
{"target": -17.677227313526984, "params": {"gamma": 961.5537178369873, "log10_alpha": -1.4969081515773865, "log10_colsample_bytree": -0.6444770597736152, "log10_eta": -3.302932345898146, "log10_lambda": -2.0143068914870224, "log10_min_child_weight": 4.79965439331043, "log10_subsample": -0.2987601097753837, "max_depth": 2.0, "num_boost_round": 1.0}, "datetime": {"datetime": "2024-01-19 02:11:11", "elapsed": 7164.825033, "delta": 0.007275}}
{"target": -17.677229835544672, "params": {"gamma": 961.5537178369873, "log10_alpha": -1.4969081515773865, "log10_colsample_bytree": -0.6444770597736152, "log10_eta": -3.302932345898146, "log10_lambda": -2.0143068914870224, "log10_min_child_weight": 4.79965439331043, "log10_subsample": -0.2987601097753837, "max_depth": 2.0, "num_boost_round": 2.0}, "datetime": {"datetime": "2024-01-19 02:11:11", "elapsed": 7164.831592, "delta": 0.006559}}
{"target": -17.67722606570502, "params": {"gamma": 961.5537178369873, "log10_alpha": -1.4969081515773865, "log10_colsample_bytree": -0.6444770597736152, "log10_eta": -3.302932345898146, "log10_lambda": -2.0143068914870224, "log10_min_child_weight": 4.79965439331043, "log10_subsample": -0.2987601097753837, "max_depth": 2.0, "num_boost_round": 3.0}, "datetime": {"datetime": "2024-01-19 02:11:11", "elapsed": 7164.838508, "delta": 0.006916}}
{"target": -17.677224494632416, "params": {"gamma": 961.5537178369873, "log10_alpha": -1.4969081515773865, "log10_colsample_bytree": -0.6444770597736152, "log10_eta": -3.302932345898146, "log10_lambda": -2.0143068914870224, "log10_min_child_weight": 4.79965439331043, "log10_subsample": -0.2987601097753837, "max_depth": 2.0, "num_boost_round": 4.0}, "datetime": {"datetime": "2024-01-19 02:11:11", "elapsed": 7164.845196, "delta": 0.006688}}
{"target": -17.677224040301397, "params": {"gamma": 961.5537178369873, "log10_alpha": -1.4969081515773865, "log10_colsample_bytree": -0.6444770597736152, "log10_eta": -3.302932345898146, "log10_lambda": -2.0143068914870224, "log10_min_child_weight": 4.79965439331043, "log10_subsample": -0.2987601097753837, "max_depth": 2.0, "num_boost_round": 5.0}, "datetime": {"datetime": "2024-01-19 02:11:11", "elapsed": 7164.851758, "delta": 0.006562}}
{"target": -17.67722612135112, "params": {"gamma": 961.5537178369873, "log10_alpha": -1.4969081515773865, "log10_colsample_bytree": -0.6444770597736152, "log10_eta": -3.302932345898146, "log10_lambda": -2.0143068914870224, "log10_min_child_weight": 4.79965439331043, "log10_subsample": -0.2987601097753837, "max_depth": 2.0, "num_boost_round": 6.0}, "datetime": {"datetime": "2024-01-19 02:11:11", "elapsed": 7164.858486, "delta": 0.006728}}
{"target": -17.6772214558797, "params": {"gamma": 961.5537178369873, "log10_alpha": -1.4969081515773865, "log10_colsample_bytree": -0.6444770597736152, "log10_eta": -3.302932345898146, "log10_lambda": -2.0143068914870224, "log10_min_child_weight": 4.79965439331043, "log10_subsample": -0.2987601097753837, "max_depth": 2.0, "num_boost_round": 7.0}, "datetime": {"datetime": "2024-01-19 02:11:11", "elapsed": 7164.865245, "delta": 0.006759}}
{"target": -17.67721959617495, "params": {"gamma": 961.5537178369873, "log10_alpha": -1.4969081515773865, "log10_colsample_bytree": -0.6444770597736152, "log10_eta": -3.302932345898146, "log10_lambda": -2.0143068914870224, "log10_min_child_weight": 4.79965439331043, "log10_subsample": -0.2987601097753837, "max_depth": 2.0, "num_boost_round": 8.0}, "datetime": {"datetime": "2024-01-19 02:11:11", "elapsed": 7164.872009, "delta": 0.006764}}
{"target": -17.677213741097287, "params": {"gamma": 961.5537178369873, "log10_alpha": -1.4969081515773865, "log10_colsample_bytree": -0.6444770597736152, "log10_eta": -3.302932345898146, "log10_lambda": -2.0143068914870224, "log10_min_child_weight": 4.79965439331043, "log10_subsample": -0.2987601097753837, "max_depth": 2.0, "num_boost_round": 9.0}, "datetime": {"datetime": "2024-01-19 02:11:11", "elapsed": 7164.879006, "delta": 0.006997}}
{"target": -17.677215387717922, "params": {"gamma": 961.5537178369873, "log10_alpha": -1.4969081515773865, "log10_colsample_bytree": -0.6444770597736152, "log10_eta": -3.302932345898146, "log10_lambda": -2.0143068914870224, "log10_min_child_weight": 4.79965439331043, "log10_subsample": -0.2987601097753837, "max_depth": 2.0, "num_boost_round": 10.0}, "datetime": {"datetime": "2024-01-19 02:11:11", "elapsed": 7164.885814, "delta": 0.006808}}
{"target": -17.677214434242323, "params": {"gamma": 961.5537178369873, "log10_alpha": -1.4969081515773865, "log10_colsample_bytree": -0.6444770597736152, "log10_eta": -3.302932345898146, "log10_lambda": -2.0143068914870224, "log10_min_child_weight": 4.79965439331043, "log10_subsample": -0.2987601097753837, "max_depth": 2.0, "num_boost_round": 11.0}, "datetime": {"datetime": "2024-01-19 02:11:11", "elapsed": 7164.89227, "delta": 0.006456}}
{"target": -17.67720903333623, "params": {"gamma": 961.5537178369873, "log10_alpha": -1.4969081515773865, "log10_colsample_bytree": -0.6444770597736152, "log10_eta": -3.302932345898146, "log10_lambda": -2.0143068914870224, "log10_min_child_weight": 4.79965439331043, "log10_subsample": -0.2987601097753837, "max_depth": 2.0, "num_boost_round": 12.0}, "datetime": {"datetime": "2024-01-19 02:11:11", "elapsed": 7164.898758, "delta": 0.006488}}
{"target": -17.677211146954637, "params": {"gamma": 961.5537178369873, "log10_alpha": -1.4969081515773865, "log10_colsample_bytree": -0.6444770597736152, "log10_eta": -3.302932345898146, "log10_lambda": -2.0143068914870224, "log10_min_child_weight": 4.79965439331043, "log10_subsample": -0.2987601097753837, "max_depth": 2.0, "num_boost_round": 13.0}, "datetime": {"datetime": "2024-01-19 02:11:11", "elapsed": 7164.90534, "delta": 0.006582}}
{"target": -17.67721129163988, "params": {"gamma": 961.5537178369873, "log10_alpha": -1.4969081515773865, "log10_colsample_bytree": -0.6444770597736152, "log10_eta": -3.302932345898146, "log10_lambda": -2.0143068914870224, "log10_min_child_weight": 4.79965439331043, "log10_subsample": -0.2987601097753837, "max_depth": 2.0, "num_boost_round": 14.0}, "datetime": {"datetime": "2024-01-19 02:11:11", "elapsed": 7164.911695, "delta": 0.006355}}
{"target": -17.677204374595572, "params": {"gamma": 961.5537178369873, "log10_alpha": -1.4969081515773865, "log10_colsample_bytree": -0.6444770597736152, "log10_eta": -3.302932345898146, "log10_lambda": -2.0143068914870224, "log10_min_child_weight": 4.79965439331043, "log10_subsample": -0.2987601097753837, "max_depth": 2.0, "num_boost_round": 15.0}, "datetime": {"datetime": "2024-01-19 02:11:11", "elapsed": 7164.918063, "delta": 0.006368}}
{"target": -17.67722661276755, "params": {"gamma": 973.4742101758416, "log10_alpha": -5.0, "log10_colsample_bytree": -1.0, "log10_eta": -3.7397110816133945, "log10_lambda": -1.593703606792865, "log10_min_child_weight": 1.2048140122084707, "log10_subsample": -1.0, "max_depth": 10.0, "num_boost_round": 0.0}, "datetime": {"datetime": "2024-01-19 02:13:45", "elapsed": 7318.853408, "delta": 153.935345}}
{"target": -17.677224397373266, "params": {"gamma": 973.4742101758416, "log10_alpha": -5.0, "log10_colsample_bytree": -1.0, "log10_eta": -3.7397110816133945, "log10_lambda": -1.593703606792865, "log10_min_child_weight": 1.2048140122084707, "log10_subsample": -1.0, "max_depth": 10.0, "num_boost_round": 1.0}, "datetime": {"datetime": "2024-01-19 02:13:45", "elapsed": 7318.860685, "delta": 0.007277}}
{"target": -17.677220133592424, "params": {"gamma": 973.4742101758416, "log10_alpha": -5.0, "log10_colsample_bytree": -1.0, "log10_eta": -3.7397110816133945, "log10_lambda": -1.593703606792865, "log10_min_child_weight": 1.2048140122084707, "log10_subsample": -1.0, "max_depth": 10.0, "num_boost_round": 2.0}, "datetime": {"datetime": "2024-01-19 02:13:45", "elapsed": 7318.867567, "delta": 0.006882}}
{"target": -17.677212424658237, "params": {"gamma": 973.4742101758416, "log10_alpha": -5.0, "log10_colsample_bytree": -1.0, "log10_eta": -3.7397110816133945, "log10_lambda": -1.593703606792865, "log10_min_child_weight": 1.2048140122084707, "log10_subsample": -1.0, "max_depth": 10.0, "num_boost_round": 3.0}, "datetime": {"datetime": "2024-01-19 02:13:45", "elapsed": 7318.874294, "delta": 0.006727}}
{"target": -17.67718887353533, "params": {"gamma": 973.4742101758416, "log10_alpha": -5.0, "log10_colsample_bytree": -1.0, "log10_eta": -3.7397110816133945, "log10_lambda": -1.593703606792865, "log10_min_child_weight": 1.2048140122084707, "log10_subsample": -1.0, "max_depth": 10.0, "num_boost_round": 4.0}, "datetime": {"datetime": "2024-01-19 02:13:45", "elapsed": 7318.880864, "delta": 0.00657}}
{"target": -17.677189708911236, "params": {"gamma": 973.4742101758416, "log10_alpha": -5.0, "log10_colsample_bytree": -1.0, "log10_eta": -3.7397110816133945, "log10_lambda": -1.593703606792865, "log10_min_child_weight": 1.2048140122084707, "log10_subsample": -1.0, "max_depth": 10.0, "num_boost_round": 5.0}, "datetime": {"datetime": "2024-01-19 02:13:45", "elapsed": 7318.992306, "delta": 0.111442}}
