{"target": -17.677191375115047, "params": {"gamma": 69.88501238277156, "log10_alpha": -4.835454849265892, "log10_colsample_bytree": -0.4695358993985377, "log10_eta": -3.618478360606116, "log10_lambda": -2.4550530870536056, "log10_min_child_weight": 3.590051656416038, "log10_subsample": -0.48860859669151957, "max_depth": 2.0, "num_boost_round": 10.0}, "datetime": {"datetime": "2024-01-19 00:17:07", "elapsed": 335.220641, "delta": 0.000566}}
{"target": -17.677185902968567, "params": {"gamma": 69.88501238277156, "log10_alpha": -4.835454849265892, "log10_colsample_bytree": -0.4695358993985377, "log10_eta": -3.618478360606116, "log10_lambda": -2.4550530870536056, "log10_min_child_weight": 3.590051656416038, "log10_subsample": -0.48860859669151957, "max_depth": 2.0, "num_boost_round": 11.0}, "datetime": {"datetime": "2024-01-19 00:17:07", "elapsed": 335.221213, "delta": 0.000572}}
{"target": -17.67718015928356, "params": {"gamma": 69.88501238277156, "log10_alpha": -4.835454849265892, "log10_colsample_bytree": -0.4695358993985377, "log10_eta": -3.618478360606116, "log10_lambda": -2.4550530870536056, "log10_min_child_weight": 3.590051656416038, "log10_subsample": -0.48860859669151957, "max_depth": 2.0, "num_boost_round": 12.0}, "datetime": {"datetime": "2024-01-19 00:17:07", "elapsed": 335.221784, "delta": 0.000571}}
{"target": -17.677174123826717, "params": {"gamma": 69.88501238277156, "log10_alpha": -4.835454849265892, "log10_colsample_bytree": -0.4695358993985377, "log10_eta": -3.618478360606116, "log10_lambda": -2.4550530870536056, "log10_min_child_weight": 3.590051656416038, "log10_subsample": -0.48860859669151957, "max_depth": 2.0, "num_boost_round": 13.0}, "datetime": {"datetime": "2024-01-19 00:17:07", "elapsed": 335.226097, "delta": 0.004313}}
{"target": -17.677172133188733, "params": {"gamma": 69.88501238277156, "log10_alpha": -4.835454849265892, "log10_colsample_bytree": -0.4695358993985377, "log10_eta": -3.618478360606116, "log10_lambda": -2.4550530870536056, "log10_min_child_weight": 3.590051656416038, "log10_subsample": -0.48860859669151957, "max_depth": 2.0, "num_boost_round": 14.0}, "datetime": {"datetime": "2024-01-19 00:17:07", "elapsed": 335.226766, "delta": 0.000669}}
{"target": -17.677168147521286, "params": {"gamma": 69.88501238277156, "log10_alpha": -4.835454849265892, "log10_colsample_bytree": -0.4695358993985377, "log10_eta": -3.618478360606116, "log10_lambda": -2.4550530870536056, "log10_min_child_weight": 3.590051656416038, "log10_subsample": -0.48860859669151957, "max_depth": 2.0, "num_boost_round": 15.0}, "datetime": {"datetime": "2024-01-19 00:17:07", "elapsed": 335.227535, "delta": 0.000769}}
{"target": -17.677166332249225, "params": {"gamma": 69.88501238277156, "log10_alpha": -4.835454849265892, "log10_colsample_bytree": -0.4695358993985377, "log10_eta": -3.618478360606116, "log10_lambda": -2.4550530870536056, "log10_min_child_weight": 3.590051656416038, "log10_subsample": -0.48860859669151957, "max_depth": 2.0, "num_boost_round": 16.0}, "datetime": {"datetime": "2024-01-19 00:17:07", "elapsed": 335.228274, "delta": 0.000739}}
{"target": -17.67716654463531, "params": {"gamma": 69.88501238277156, "log10_alpha": -4.835454849265892, "log10_colsample_bytree": -0.4695358993985377, "log10_eta": -3.618478360606116, "log10_lambda": -2.4550530870536056, "log10_min_child_weight": 3.590051656416038, "log10_subsample": -0.48860859669151957, "max_depth": 2.0, "num_boost_round": 17.0}, "datetime": {"datetime": "2024-01-19 00:17:07", "elapsed": 335.228982, "delta": 0.000708}}
{"target": -17.677165837715673, "params": {"gamma": 69.88501238277156, "log10_alpha": -4.835454849265892, "log10_colsample_bytree": -0.4695358993985377, "log10_eta": -3.618478360606116, "log10_lambda": -2.4550530870536056, "log10_min_child_weight": 3.590051656416038, "log10_subsample": -0.48860859669151957, "max_depth": 2.0, "num_boost_round": 18.0}, "datetime": {"datetime": "2024-01-19 00:17:07", "elapsed": 335.229556, "delta": 0.000574}}
{"target": -17.677160516005305, "params": {"gamma": 69.88501238277156, "log10_alpha": -4.835454849265892, "log10_colsample_bytree": -0.4695358993985377, "log10_eta": -3.618478360606116, "log10_lambda": -2.4550530870536056, "log10_min_child_weight": 3.590051656416038, "log10_subsample": -0.48860859669151957, "max_depth": 2.0, "num_boost_round": 19.0}, "datetime": {"datetime": "2024-01-19 00:17:07", "elapsed": 335.230135, "delta": 0.000579}}
{"target": -17.67716003845272, "params": {"gamma": 69.88501238277156, "log10_alpha": -4.835454849265892, "log10_colsample_bytree": -0.4695358993985377, "log10_eta": -3.618478360606116, "log10_lambda": -2.4550530870536056, "log10_min_child_weight": 3.590051656416038, "log10_subsample": -0.48860859669151957, "max_depth": 2.0, "num_boost_round": 20.0}, "datetime": {"datetime": "2024-01-19 00:17:07", "elapsed": 335.230709, "delta": 0.000574}}
{"target": -17.677153844971436, "params": {"gamma": 69.88501238277156, "log10_alpha": -4.835454849265892, "log10_colsample_bytree": -0.4695358993985377, "log10_eta": -3.618478360606116, "log10_lambda": -2.4550530870536056, "log10_min_child_weight": 3.590051656416038, "log10_subsample": -0.48860859669151957, "max_depth": 2.0, "num_boost_round": 21.0}, "datetime": {"datetime": "2024-01-19 00:17:07", "elapsed": 335.231298, "delta": 0.000589}}
{"target": -17.67714904660962, "params": {"gamma": 69.88501238277156, "log10_alpha": -4.835454849265892, "log10_colsample_bytree": -0.4695358993985377, "log10_eta": -3.618478360606116, "log10_lambda": -2.4550530870536056, "log10_min_child_weight": 3.590051656416038, "log10_subsample": -0.48860859669151957, "max_depth": 2.0, "num_boost_round": 22.0}, "datetime": {"datetime": "2024-01-19 00:17:07", "elapsed": 335.231882, "delta": 0.000584}}
{"target": -17.677226526068882, "params": {"gamma": 75.37361045078306, "log10_alpha": 0.5866023360910759, "log10_colsample_bytree": -0.27012187965963597, "log10_eta": -3.736774679311565, "log10_lambda": -1.6481018595738757, "log10_min_child_weight": 2.9070714434799907, "log10_subsample": -0.05992760911617745, "max_depth": 5.0, "num_boost_round": 0.0}, "datetime": {"datetime": "2024-01-19 00:17:28", "elapsed": 355.566436, "delta": 20.334554}}
{"target": -17.677217650537724, "params": {"gamma": 75.37361045078306, "log10_alpha": 0.5866023360910759, "log10_colsample_bytree": -0.27012187965963597, "log10_eta": -3.736774679311565, "log10_lambda": -1.6481018595738757, "log10_min_child_weight": 2.9070714434799907, "log10_subsample": -0.05992760911617745, "max_depth": 5.0, "num_boost_round": 1.0}, "datetime": {"datetime": "2024-01-19 00:17:28", "elapsed": 355.567553, "delta": 0.001117}}
{"target": -17.677216692432616, "params": {"gamma": 75.37361045078306, "log10_alpha": 0.5866023360910759, "log10_colsample_bytree": -0.27012187965963597, "log10_eta": -3.736774679311565, "log10_lambda": -1.6481018595738757, "log10_min_child_weight": 2.9070714434799907, "log10_subsample": -0.05992760911617745, "max_depth": 5.0, "num_boost_round": 2.0}, "datetime": {"datetime": "2024-01-19 00:17:28", "elapsed": 355.568467, "delta": 0.000914}}
{"target": -17.677223997484255, "params": {"gamma": 75.37361045078306, "log10_alpha": 0.5866023360910759, "log10_colsample_bytree": -0.27012187965963597, "log10_eta": -3.736774679311565, "log10_lambda": -1.6481018595738757, "log10_min_child_weight": 2.9070714434799907, "log10_subsample": -0.05992760911617745, "max_depth": 5.0, "num_boost_round": 3.0}, "datetime": {"datetime": "2024-01-19 00:17:28", "elapsed": 355.569071, "delta": 0.000604}}
{"target": -17.67721900370463, "params": {"gamma": 75.37361045078306, "log10_alpha": 0.5866023360910759, "log10_colsample_bytree": -0.27012187965963597, "log10_eta": -3.736774679311565, "log10_lambda": -1.6481018595738757, "log10_min_child_weight": 2.9070714434799907, "log10_subsample": -0.05992760911617745, "max_depth": 5.0, "num_boost_round": 4.0}, "datetime": {"datetime": "2024-01-19 00:17:28", "elapsed": 355.569725, "delta": 0.000654}}
{"target": -17.677210943573684, "params": {"gamma": 75.37361045078306, "log10_alpha": 0.5866023360910759, "log10_colsample_bytree": -0.27012187965963597, "log10_eta": -3.736774679311565, "log10_lambda": -1.6481018595738757, "log10_min_child_weight": 2.9070714434799907, "log10_subsample": -0.05992760911617745, "max_depth": 5.0, "num_boost_round": 5.0}, "datetime": {"datetime": "2024-01-19 00:17:28", "elapsed": 355.570332, "delta": 0.000607}}
{"target": -17.67720545514039, "params": {"gamma": 75.37361045078306, "log10_alpha": 0.5866023360910759, "log10_colsample_bytree": -0.27012187965963597, "log10_eta": -3.736774679311565, "log10_lambda": -1.6481018595738757, "log10_min_child_weight": 2.9070714434799907, "log10_subsample": -0.05992760911617745, "max_depth": 5.0, "num_boost_round": 6.0}, "datetime": {"datetime": "2024-01-19 00:17:28", "elapsed": 355.570916, "delta": 0.000584}}
{"target": -17.67719820058981, "params": {"gamma": 75.37361045078306, "log10_alpha": 0.5866023360910759, "log10_colsample_bytree": -0.27012187965963597, "log10_eta": -3.736774679311565, "log10_lambda": -1.6481018595738757, "log10_min_child_weight": 2.9070714434799907, "log10_subsample": -0.05992760911617745, "max_depth": 5.0, "num_boost_round": 7.0}, "datetime": {"datetime": "2024-01-19 00:17:28", "elapsed": 355.571519, "delta": 0.000603}}
{"target": -17.67718965630189, "params": {"gamma": 75.37361045078306, "log10_alpha": 0.5866023360910759, "log10_colsample_bytree": -0.27012187965963597, "log10_eta": -3.736774679311565, "log10_lambda": -1.6481018595738757, "log10_min_child_weight": 2.9070714434799907, "log10_subsample": -0.05992760911617745, "max_depth": 5.0, "num_boost_round": 8.0}, "datetime": {"datetime": "2024-01-19 00:17:28", "elapsed": 355.572127, "delta": 0.000608}}
{"target": -17.677180678879466, "params": {"gamma": 75.37361045078306, "log10_alpha": 0.5866023360910759, "log10_colsample_bytree": -0.27012187965963597, "log10_eta": -3.736774679311565, "log10_lambda": -1.6481018595738757, "log10_min_child_weight": 2.9070714434799907, "log10_subsample": -0.05992760911617745, "max_depth": 5.0, "num_boost_round": 9.0}, "datetime": {"datetime": "2024-01-19 00:17:28", "elapsed": 355.572734, "delta": 0.000607}}
{"target": -17.677174994240424, "params": {"gamma": 75.37361045078306, "log10_alpha": 0.5866023360910759, "log10_colsample_bytree": -0.27012187965963597, "log10_eta": -3.736774679311565, "log10_lambda": -1.6481018595738757, "log10_min_child_weight": 2.9070714434799907, "log10_subsample": -0.05992760911617745, "max_depth": 5.0, "num_boost_round": 10.0}, "datetime": {"datetime": "2024-01-19 00:17:28", "elapsed": 355.573344, "delta": 0.00061}}
{"target": -17.677173533512647, "params": {"gamma": 75.37361045078306, "log10_alpha": 0.5866023360910759, "log10_colsample_bytree": -0.27012187965963597, "log10_eta": -3.736774679311565, "log10_lambda": -1.6481018595738757, "log10_min_child_weight": 2.9070714434799907, "log10_subsample": -0.05992760911617745, "max_depth": 5.0, "num_boost_round": 11.0}, "datetime": {"datetime": "2024-01-19 00:17:28", "elapsed": 355.57399, "delta": 0.000646}}
{"target": -17.677166825113634, "params": {"gamma": 75.37361045078306, "log10_alpha": 0.5866023360910759, "log10_colsample_bytree": -0.27012187965963597, "log10_eta": -3.736774679311565, "log10_lambda": -1.6481018595738757, "log10_min_child_weight": 2.9070714434799907, "log10_subsample": -0.05992760911617745, "max_depth": 5.0, "num_boost_round": 12.0}, "datetime": {"datetime": "2024-01-19 00:17:28", "elapsed": 355.574593, "delta": 0.000603}}
{"target": -17.677229135862415, "params": {"gamma": 72.61305915576676, "log10_alpha": -3.511964597118383, "log10_colsample_bytree": -0.5726605744709452, "log10_eta": -3.818090065161419, "log10_lambda": -0.70561385677712, "log10_min_child_weight": 2.8484413501613774, "log10_subsample": -0.45297491019921554, "max_depth": 2.0, "num_boost_round": 0.0}, "datetime": {"datetime": "2024-01-19 00:17:55", "elapsed": 382.470858, "delta": 26.896265}}
{"target": -17.677224188758455, "params": {"gamma": 72.61305915576676, "log10_alpha": -3.511964597118383, "log10_colsample_bytree": -0.5726605744709452, "log10_eta": -3.818090065161419, "log10_lambda": -0.70561385677712, "log10_min_child_weight": 2.8484413501613774, "log10_subsample": -0.45297491019921554, "max_depth": 2.0, "num_boost_round": 1.0}, "datetime": {"datetime": "2024-01-19 00:17:55", "elapsed": 382.471719, "delta": 0.000861}}
{"target": -17.677220531365588, "params": {"gamma": 72.61305915576676, "log10_alpha": -3.511964597118383, "log10_colsample_bytree": -0.5726605744709452, "log10_eta": -3.818090065161419, "log10_lambda": -0.70561385677712, "log10_min_child_weight": 2.8484413501613774, "log10_subsample": -0.45297491019921554, "max_depth": 2.0, "num_boost_round": 2.0}, "datetime": {"datetime": "2024-01-19 00:17:55", "elapsed": 382.472401, "delta": 0.000682}}
{"target": -17.677218914652343, "params": {"gamma": 72.61305915576676, "log10_alpha": -3.511964597118383, "log10_colsample_bytree": -0.5726605744709452, "log10_eta": -3.818090065161419, "log10_lambda": -0.70561385677712, "log10_min_child_weight": 2.8484413501613774, "log10_subsample": -0.45297491019921554, "max_depth": 2.0, "num_boost_round": 3.0}, "datetime": {"datetime": "2024-01-19 00:17:55", "elapsed": 382.47303, "delta": 0.000629}}
{"target": -17.677216147464055, "params": {"gamma": 72.61305915576676, "log10_alpha": -3.511964597118383, "log10_colsample_bytree": -0.5726605744709452, "log10_eta": -3.818090065161419, "log10_lambda": -0.70561385677712, "log10_min_child_weight": 2.8484413501613774, "log10_subsample": -0.45297491019921554, "max_depth": 2.0, "num_boost_round": 4.0}, "datetime": {"datetime": "2024-01-19 00:17:55", "elapsed": 382.47379, "delta": 0.00076}}
{"target": -17.677214083622832, "params": {"gamma": 72.61305915576676, "log10_alpha": -3.511964597118383, "log10_colsample_bytree": -0.5726605744709452, "log10_eta": -3.818090065161419, "log10_lambda": -0.70561385677712, "log10_min_child_weight": 2.8484413501613774, "log10_subsample": -0.45297491019921554, "max_depth": 2.0, "num_boost_round": 5.0}, "datetime": {"datetime": "2024-01-19 00:17:55", "elapsed": 382.474804, "delta": 0.001014}}
{"target": -17.677209048652518, "params": {"gamma": 72.61305915576676, "log10_alpha": -3.511964597118383, "log10_colsample_bytree": -0.5726605744709452, "log10_eta": -3.818090065161419, "log10_lambda": -0.70561385677712, "log10_min_child_weight": 2.8484413501613774, "log10_subsample": -0.45297491019921554, "max_depth": 2.0, "num_boost_round": 6.0}, "datetime": {"datetime": "2024-01-19 00:17:55", "elapsed": 382.475979, "delta": 0.001175}}
{"target": -17.67720677480562, "params": {"gamma": 72.61305915576676, "log10_alpha": -3.511964597118383, "log10_colsample_bytree": -0.5726605744709452, "log10_eta": -3.818090065161419, "log10_lambda": -0.70561385677712, "log10_min_child_weight": 2.8484413501613774, "log10_subsample": -0.45297491019921554, "max_depth": 2.0, "num_boost_round": 7.0}, "datetime": {"datetime": "2024-01-19 00:17:55", "elapsed": 382.47687, "delta": 0.000891}}
{"target": -17.677204320759948, "params": {"gamma": 72.61305915576676, "log10_alpha": -3.511964597118383, "log10_colsample_bytree": -0.5726605744709452, "log10_eta": -3.818090065161419, "log10_lambda": -0.70561385677712, "log10_min_child_weight": 2.8484413501613774, "log10_subsample": -0.45297491019921554, "max_depth": 2.0, "num_boost_round": 8.0}, "datetime": {"datetime": "2024-01-19 00:17:55", "elapsed": 382.477887, "delta": 0.001017}}
{"target": -17.677202204821448, "params": {"gamma": 72.61305915576676, "log10_alpha": -3.511964597118383, "log10_colsample_bytree": -0.5726605744709452, "log10_eta": -3.818090065161419, "log10_lambda": -0.70561385677712, "log10_min_child_weight": 2.8484413501613774, "log10_subsample": -0.45297491019921554, "max_depth": 2.0, "num_boost_round": 9.0}, "datetime": {"datetime": "2024-01-19 00:17:55", "elapsed": 382.478696, "delta": 0.000809}}
{"target": -17.67719735443809, "params": {"gamma": 72.61305915576676, "log10_alpha": -3.511964597118383, "log10_colsample_bytree": -0.5726605744709452, "log10_eta": -3.818090065161419, "log10_lambda": -0.70561385677712, "log10_min_child_weight": 2.8484413501613774, "log10_subsample": -0.45297491019921554, "max_depth": 2.0, "num_boost_round": 10.0}, "datetime": {"datetime": "2024-01-19 00:17:55", "elapsed": 382.479359, "delta": 0.000663}}
{"target": -17.67719289088253, "params": {"gamma": 72.61305915576676, "log10_alpha": -3.511964597118383, "log10_colsample_bytree": -0.5726605744709452, "log10_eta": -3.818090065161419, "log10_lambda": -0.70561385677712, "log10_min_child_weight": 2.8484413501613774, "log10_subsample": -0.45297491019921554, "max_depth": 2.0, "num_boost_round": 11.0}, "datetime": {"datetime": "2024-01-19 00:17:55", "elapsed": 382.48, "delta": 0.000641}}
{"target": -17.677192867633448, "params": {"gamma": 72.61305915576676, "log10_alpha": -3.511964597118383, "log10_colsample_bytree": -0.5726605744709452, "log10_eta": -3.818090065161419, "log10_lambda": -0.70561385677712, "log10_min_child_weight": 2.8484413501613774, "log10_subsample": -0.45297491019921554, "max_depth": 2.0, "num_boost_round": 12.0}, "datetime": {"datetime": "2024-01-19 00:17:55", "elapsed": 382.48064, "delta": 0.00064}}
{"target": -17.677189128713977, "params": {"gamma": 72.61305915576676, "log10_alpha": -3.511964597118383, "log10_colsample_bytree": -0.5726605744709452, "log10_eta": -3.818090065161419, "log10_lambda": -0.70561385677712, "log10_min_child_weight": 2.8484413501613774, "log10_subsample": -0.45297491019921554, "max_depth": 2.0, "num_boost_round": 13.0}, "datetime": {"datetime": "2024-01-19 00:17:55", "elapsed": 382.481288, "delta": 0.000648}}
{"target": -17.67718826029916, "params": {"gamma": 72.61305915576676, "log10_alpha": -3.511964597118383, "log10_colsample_bytree": -0.5726605744709452, "log10_eta": -3.818090065161419, "log10_lambda": -0.70561385677712, "log10_min_child_weight": 2.8484413501613774, "log10_subsample": -0.45297491019921554, "max_depth": 2.0, "num_boost_round": 14.0}, "datetime": {"datetime": "2024-01-19 00:17:55", "elapsed": 382.481926, "delta": 0.000638}}
{"target": -17.677186476257734, "params": {"gamma": 72.61305915576676, "log10_alpha": -3.511964597118383, "log10_colsample_bytree": -0.5726605744709452, "log10_eta": -3.818090065161419, "log10_lambda": -0.70561385677712, "log10_min_child_weight": 2.8484413501613774, "log10_subsample": -0.45297491019921554, "max_depth": 2.0, "num_boost_round": 15.0}, "datetime": {"datetime": "2024-01-19 00:17:55", "elapsed": 382.482666, "delta": 0.00074}}
{"target": -17.677181862556733, "params": {"gamma": 72.61305915576676, "log10_alpha": -3.511964597118383, "log10_colsample_bytree": -0.5726605744709452, "log10_eta": -3.818090065161419, "log10_lambda": -0.70561385677712, "log10_min_child_weight": 2.8484413501613774, "log10_subsample": -0.45297491019921554, "max_depth": 2.0, "num_boost_round": 16.0}, "datetime": {"datetime": "2024-01-19 00:17:55", "elapsed": 382.483314, "delta": 0.000648}}
{"target": -17.677180757142768, "params": {"gamma": 72.61305915576676, "log10_alpha": -3.511964597118383, "log10_colsample_bytree": -0.5726605744709452, "log10_eta": -3.818090065161419, "log10_lambda": -0.70561385677712, "log10_min_child_weight": 2.8484413501613774, "log10_subsample": -0.45297491019921554, "max_depth": 2.0, "num_boost_round": 17.0}, "datetime": {"datetime": "2024-01-19 00:17:55", "elapsed": 382.483986, "delta": 0.000672}}
{"target": -17.677177822913425, "params": {"gamma": 72.61305915576676, "log10_alpha": -3.511964597118383, "log10_colsample_bytree": -0.5726605744709452, "log10_eta": -3.818090065161419, "log10_lambda": -0.70561385677712, "log10_min_child_weight": 2.8484413501613774, "log10_subsample": -0.45297491019921554, "max_depth": 2.0, "num_boost_round": 18.0}, "datetime": {"datetime": "2024-01-19 00:17:55", "elapsed": 382.484594, "delta": 0.000608}}
{"target": -17.6771769446892, "params": {"gamma": 72.61305915576676, "log10_alpha": -3.511964597118383, "log10_colsample_bytree": -0.5726605744709452, "log10_eta": -3.818090065161419, "log10_lambda": -0.70561385677712, "log10_min_child_weight": 2.8484413501613774, "log10_subsample": -0.45297491019921554, "max_depth": 2.0, "num_boost_round": 19.0}, "datetime": {"datetime": "2024-01-19 00:17:55", "elapsed": 382.485265, "delta": 0.000671}}
{"target": -17.677174301322182, "params": {"gamma": 72.61305915576676, "log10_alpha": -3.511964597118383, "log10_colsample_bytree": -0.5726605744709452, "log10_eta": -3.818090065161419, "log10_lambda": -0.70561385677712, "log10_min_child_weight": 2.8484413501613774, "log10_subsample": -0.45297491019921554, "max_depth": 2.0, "num_boost_round": 20.0}, "datetime": {"datetime": "2024-01-19 00:17:55", "elapsed": 382.485972, "delta": 0.000707}}
{"target": -17.677170094553947, "params": {"gamma": 72.61305915576676, "log10_alpha": -3.511964597118383, "log10_colsample_bytree": -0.5726605744709452, "log10_eta": -3.818090065161419, "log10_lambda": -0.70561385677712, "log10_min_child_weight": 2.8484413501613774, "log10_subsample": -0.45297491019921554, "max_depth": 2.0, "num_boost_round": 21.0}, "datetime": {"datetime": "2024-01-19 00:17:55", "elapsed": 382.486604, "delta": 0.000632}}
{"target": -17.67716727045554, "params": {"gamma": 72.61305915576676, "log10_alpha": -3.511964597118383, "log10_colsample_bytree": -0.5726605744709452, "log10_eta": -3.818090065161419, "log10_lambda": -0.70561385677712, "log10_min_child_weight": 2.8484413501613774, "log10_subsample": -0.45297491019921554, "max_depth": 2.0, "num_boost_round": 22.0}, "datetime": {"datetime": "2024-01-19 00:17:55", "elapsed": 382.487307, "delta": 0.000703}}
