{"target": -17.67719700500606, "params": {"gamma": 12.07761402597274, "log10_alpha": -4.640384268324139, "log10_colsample_bytree": -0.9863237310554996, "log10_eta": -3.7500570478587316, "log10_lambda": -1.9711369418546987, "log10_min_child_weight": 4.214640320073818, "log10_subsample": -0.6913182980420869, "max_depth": 8.0, "num_boost_round": 33.0}, "datetime": {"datetime": "2024-01-19 00:20:14", "elapsed": 568.623017, "delta": 0.000866}}
{"target": -17.67720847482172, "params": {"gamma": 5.954385636527393, "log10_alpha": -0.8089838935185565, "log10_colsample_bytree": -0.8153646225623441, "log10_eta": -3.0809845889344847, "log10_lambda": -4.4993756272700995, "log10_min_child_weight": 0.19214106194849034, "log10_subsample": -0.05310075775008516, "max_depth": 4.0, "num_boost_round": 0.0}, "datetime": {"datetime": "2024-01-19 00:20:39", "elapsed": 593.294184, "delta": 24.671167}}
{"target": -17.677187775875513, "params": {"gamma": 5.954385636527393, "log10_alpha": -0.8089838935185565, "log10_colsample_bytree": -0.8153646225623441, "log10_eta": -3.0809845889344847, "log10_lambda": -4.4993756272700995, "log10_min_child_weight": 0.19214106194849034, "log10_subsample": -0.05310075775008516, "max_depth": 4.0, "num_boost_round": 1.0}, "datetime": {"datetime": "2024-01-19 00:20:39", "elapsed": 593.296195, "delta": 0.002011}}
{"target": -17.677135055586835, "params": {"gamma": 5.954385636527393, "log10_alpha": -0.8089838935185565, "log10_colsample_bytree": -0.8153646225623441, "log10_eta": -3.0809845889344847, "log10_lambda": -4.4993756272700995, "log10_min_child_weight": 0.19214106194849034, "log10_subsample": -0.05310075775008516, "max_depth": 4.0, "num_boost_round": 2.0}, "datetime": {"datetime": "2024-01-19 00:20:39", "elapsed": 593.297147, "delta": 0.000952}}
{"target": -17.677139620716854, "params": {"gamma": 5.954385636527393, "log10_alpha": -0.8089838935185565, "log10_colsample_bytree": -0.8153646225623441, "log10_eta": -3.0809845889344847, "log10_lambda": -4.4993756272700995, "log10_min_child_weight": 0.19214106194849034, "log10_subsample": -0.05310075775008516, "max_depth": 4.0, "num_boost_round": 3.0}, "datetime": {"datetime": "2024-01-19 00:20:39", "elapsed": 593.298793, "delta": 0.001646}}
{"target": -17.677096617201805, "params": {"gamma": 5.954385636527393, "log10_alpha": -0.8089838935185565, "log10_colsample_bytree": -0.8153646225623441, "log10_eta": -3.0809845889344847, "log10_lambda": -4.4993756272700995, "log10_min_child_weight": 0.19214106194849034, "log10_subsample": -0.05310075775008516, "max_depth": 4.0, "num_boost_round": 4.0}, "datetime": {"datetime": "2024-01-19 00:20:39", "elapsed": 593.299718, "delta": 0.000925}}
{"target": -17.677082531023096, "params": {"gamma": 5.954385636527393, "log10_alpha": -0.8089838935185565, "log10_colsample_bytree": -0.8153646225623441, "log10_eta": -3.0809845889344847, "log10_lambda": -4.4993756272700995, "log10_min_child_weight": 0.19214106194849034, "log10_subsample": -0.05310075775008516, "max_depth": 4.0, "num_boost_round": 5.0}, "datetime": {"datetime": "2024-01-19 00:20:39", "elapsed": 593.300603, "delta": 0.000885}}
{"target": -17.677048611171205, "params": {"gamma": 5.954385636527393, "log10_alpha": -0.8089838935185565, "log10_colsample_bytree": -0.8153646225623441, "log10_eta": -3.0809845889344847, "log10_lambda": -4.4993756272700995, "log10_min_child_weight": 0.19214106194849034, "log10_subsample": -0.05310075775008516, "max_depth": 4.0, "num_boost_round": 6.0}, "datetime": {"datetime": "2024-01-19 00:20:39", "elapsed": 593.301475, "delta": 0.000872}}
{"target": -17.677012058791334, "params": {"gamma": 5.954385636527393, "log10_alpha": -0.8089838935185565, "log10_colsample_bytree": -0.8153646225623441, "log10_eta": -3.0809845889344847, "log10_lambda": -4.4993756272700995, "log10_min_child_weight": 0.19214106194849034, "log10_subsample": -0.05310075775008516, "max_depth": 4.0, "num_boost_round": 7.0}, "datetime": {"datetime": "2024-01-19 00:20:39", "elapsed": 593.302425, "delta": 0.00095}}
{"target": -17.677010009332637, "params": {"gamma": 5.954385636527393, "log10_alpha": -0.8089838935185565, "log10_colsample_bytree": -0.8153646225623441, "log10_eta": -3.0809845889344847, "log10_lambda": -4.4993756272700995, "log10_min_child_weight": 0.19214106194849034, "log10_subsample": -0.05310075775008516, "max_depth": 4.0, "num_boost_round": 8.0}, "datetime": {"datetime": "2024-01-19 00:20:39", "elapsed": 593.303287, "delta": 0.000862}}
{"target": -17.677004247229107, "params": {"gamma": 5.954385636527393, "log10_alpha": -0.8089838935185565, "log10_colsample_bytree": -0.8153646225623441, "log10_eta": -3.0809845889344847, "log10_lambda": -4.4993756272700995, "log10_min_child_weight": 0.19214106194849034, "log10_subsample": -0.05310075775008516, "max_depth": 4.0, "num_boost_round": 9.0}, "datetime": {"datetime": "2024-01-19 00:20:39", "elapsed": 593.304165, "delta": 0.000878}}
{"target": -17.67696438851396, "params": {"gamma": 5.954385636527393, "log10_alpha": -0.8089838935185565, "log10_colsample_bytree": -0.8153646225623441, "log10_eta": -3.0809845889344847, "log10_lambda": -4.4993756272700995, "log10_min_child_weight": 0.19214106194849034, "log10_subsample": -0.05310075775008516, "max_depth": 4.0, "num_boost_round": 10.0}, "datetime": {"datetime": "2024-01-19 00:20:39", "elapsed": 593.305051, "delta": 0.000886}}
{"target": -17.676935917260177, "params": {"gamma": 5.954385636527393, "log10_alpha": -0.8089838935185565, "log10_colsample_bytree": -0.8153646225623441, "log10_eta": -3.0809845889344847, "log10_lambda": -4.4993756272700995, "log10_min_child_weight": 0.19214106194849034, "log10_subsample": -0.05310075775008516, "max_depth": 4.0, "num_boost_round": 11.0}, "datetime": {"datetime": "2024-01-19 00:20:39", "elapsed": 593.306228, "delta": 0.001177}}
{"target": -17.67688638399293, "params": {"gamma": 5.954385636527393, "log10_alpha": -0.8089838935185565, "log10_colsample_bytree": -0.8153646225623441, "log10_eta": -3.0809845889344847, "log10_lambda": -4.4993756272700995, "log10_min_child_weight": 0.19214106194849034, "log10_subsample": -0.05310075775008516, "max_depth": 4.0, "num_boost_round": 12.0}, "datetime": {"datetime": "2024-01-19 00:20:39", "elapsed": 593.307244, "delta": 0.001016}}
{"target": -17.676809155260354, "params": {"gamma": 5.954385636527393, "log10_alpha": -0.8089838935185565, "log10_colsample_bytree": -0.8153646225623441, "log10_eta": -3.0809845889344847, "log10_lambda": -4.4993756272700995, "log10_min_child_weight": 0.19214106194849034, "log10_subsample": -0.05310075775008516, "max_depth": 4.0, "num_boost_round": 13.0}, "datetime": {"datetime": "2024-01-19 00:20:39", "elapsed": 593.308315, "delta": 0.001071}}
{"target": -17.67680191432645, "params": {"gamma": 5.954385636527393, "log10_alpha": -0.8089838935185565, "log10_colsample_bytree": -0.8153646225623441, "log10_eta": -3.0809845889344847, "log10_lambda": -4.4993756272700995, "log10_min_child_weight": 0.19214106194849034, "log10_subsample": -0.05310075775008516, "max_depth": 4.0, "num_boost_round": 14.0}, "datetime": {"datetime": "2024-01-19 00:20:39", "elapsed": 593.309245, "delta": 0.00093}}
{"target": -17.676783873411836, "params": {"gamma": 5.954385636527393, "log10_alpha": -0.8089838935185565, "log10_colsample_bytree": -0.8153646225623441, "log10_eta": -3.0809845889344847, "log10_lambda": -4.4993756272700995, "log10_min_child_weight": 0.19214106194849034, "log10_subsample": -0.05310075775008516, "max_depth": 4.0, "num_boost_round": 15.0}, "datetime": {"datetime": "2024-01-19 00:20:39", "elapsed": 593.310193, "delta": 0.000948}}
{"target": -17.676764101065544, "params": {"gamma": 5.954385636527393, "log10_alpha": -0.8089838935185565, "log10_colsample_bytree": -0.8153646225623441, "log10_eta": -3.0809845889344847, "log10_lambda": -4.4993756272700995, "log10_min_child_weight": 0.19214106194849034, "log10_subsample": -0.05310075775008516, "max_depth": 4.0, "num_boost_round": 16.0}, "datetime": {"datetime": "2024-01-19 00:20:39", "elapsed": 593.311087, "delta": 0.000894}}
{"target": -17.676751800564265, "params": {"gamma": 5.954385636527393, "log10_alpha": -0.8089838935185565, "log10_colsample_bytree": -0.8153646225623441, "log10_eta": -3.0809845889344847, "log10_lambda": -4.4993756272700995, "log10_min_child_weight": 0.19214106194849034, "log10_subsample": -0.05310075775008516, "max_depth": 4.0, "num_boost_round": 17.0}, "datetime": {"datetime": "2024-01-19 00:20:39", "elapsed": 593.311971, "delta": 0.000884}}
{"target": -17.676740235011597, "params": {"gamma": 5.954385636527393, "log10_alpha": -0.8089838935185565, "log10_colsample_bytree": -0.8153646225623441, "log10_eta": -3.0809845889344847, "log10_lambda": -4.4993756272700995, "log10_min_child_weight": 0.19214106194849034, "log10_subsample": -0.05310075775008516, "max_depth": 4.0, "num_boost_round": 18.0}, "datetime": {"datetime": "2024-01-19 00:20:39", "elapsed": 593.312914, "delta": 0.000943}}
{"target": -17.67673827583784, "params": {"gamma": 5.954385636527393, "log10_alpha": -0.8089838935185565, "log10_colsample_bytree": -0.8153646225623441, "log10_eta": -3.0809845889344847, "log10_lambda": -4.4993756272700995, "log10_min_child_weight": 0.19214106194849034, "log10_subsample": -0.05310075775008516, "max_depth": 4.0, "num_boost_round": 19.0}, "datetime": {"datetime": "2024-01-19 00:20:39", "elapsed": 593.313929, "delta": 0.001015}}
{"target": -17.676912097748108, "params": {"gamma": 17.1975165383762, "log10_alpha": 0.764846650457482, "log10_colsample_bytree": -0.32224742535605155, "log10_eta": -2.3001936559705163, "log10_lambda": -2.1788982345628467, "log10_min_child_weight": 0.8601264199422431, "log10_subsample": -0.7170723243989371, "max_depth": 5.0, "num_boost_round": 0.0}, "datetime": {"datetime": "2024-01-19 00:21:16", "elapsed": 630.394319, "delta": 37.08039}}
{"target": -17.676329848118094, "params": {"gamma": 17.1975165383762, "log10_alpha": 0.764846650457482, "log10_colsample_bytree": -0.32224742535605155, "log10_eta": -2.3001936559705163, "log10_lambda": -2.1788982345628467, "log10_min_child_weight": 0.8601264199422431, "log10_subsample": -0.7170723243989371, "max_depth": 5.0, "num_boost_round": 1.0}, "datetime": {"datetime": "2024-01-19 00:21:16", "elapsed": 630.396022, "delta": 0.001703}}
{"target": -17.67611211086356, "params": {"gamma": 17.1975165383762, "log10_alpha": 0.764846650457482, "log10_colsample_bytree": -0.32224742535605155, "log10_eta": -2.3001936559705163, "log10_lambda": -2.1788982345628467, "log10_min_child_weight": 0.8601264199422431, "log10_subsample": -0.7170723243989371, "max_depth": 5.0, "num_boost_round": 2.0}, "datetime": {"datetime": "2024-01-19 00:21:16", "elapsed": 630.397352, "delta": 0.00133}}
{"target": -17.676215800185584, "params": {"gamma": 17.1975165383762, "log10_alpha": 0.764846650457482, "log10_colsample_bytree": -0.32224742535605155, "log10_eta": -2.3001936559705163, "log10_lambda": -2.1788982345628467, "log10_min_child_weight": 0.8601264199422431, "log10_subsample": -0.7170723243989371, "max_depth": 5.0, "num_boost_round": 3.0}, "datetime": {"datetime": "2024-01-19 00:21:16", "elapsed": 630.399131, "delta": 0.001779}}
{"target": -17.675802568000684, "params": {"gamma": 17.1975165383762, "log10_alpha": 0.764846650457482, "log10_colsample_bytree": -0.32224742535605155, "log10_eta": -2.3001936559705163, "log10_lambda": -2.1788982345628467, "log10_min_child_weight": 0.8601264199422431, "log10_subsample": -0.7170723243989371, "max_depth": 5.0, "num_boost_round": 4.0}, "datetime": {"datetime": "2024-01-19 00:21:16", "elapsed": 630.400343, "delta": 0.001212}}
{"target": -17.675583314560757, "params": {"gamma": 17.1975165383762, "log10_alpha": 0.764846650457482, "log10_colsample_bytree": -0.32224742535605155, "log10_eta": -2.3001936559705163, "log10_lambda": -2.1788982345628467, "log10_min_child_weight": 0.8601264199422431, "log10_subsample": -0.7170723243989371, "max_depth": 5.0, "num_boost_round": 5.0}, "datetime": {"datetime": "2024-01-19 00:21:16", "elapsed": 630.401241, "delta": 0.000898}}
{"target": -17.675430662458258, "params": {"gamma": 17.1975165383762, "log10_alpha": 0.764846650457482, "log10_colsample_bytree": -0.32224742535605155, "log10_eta": -2.3001936559705163, "log10_lambda": -2.1788982345628467, "log10_min_child_weight": 0.8601264199422431, "log10_subsample": -0.7170723243989371, "max_depth": 5.0, "num_boost_round": 6.0}, "datetime": {"datetime": "2024-01-19 00:21:16", "elapsed": 630.402119, "delta": 0.000878}}
{"target": -17.675258555806213, "params": {"gamma": 17.1975165383762, "log10_alpha": 0.764846650457482, "log10_colsample_bytree": -0.32224742535605155, "log10_eta": -2.3001936559705163, "log10_lambda": -2.1788982345628467, "log10_min_child_weight": 0.8601264199422431, "log10_subsample": -0.7170723243989371, "max_depth": 5.0, "num_boost_round": 7.0}, "datetime": {"datetime": "2024-01-19 00:21:16", "elapsed": 630.40304, "delta": 0.000921}}
{"target": -17.674818259039952, "params": {"gamma": 17.1975165383762, "log10_alpha": 0.764846650457482, "log10_colsample_bytree": -0.32224742535605155, "log10_eta": -2.3001936559705163, "log10_lambda": -2.1788982345628467, "log10_min_child_weight": 0.8601264199422431, "log10_subsample": -0.7170723243989371, "max_depth": 5.0, "num_boost_round": 8.0}, "datetime": {"datetime": "2024-01-19 00:21:16", "elapsed": 630.403928, "delta": 0.000888}}
{"target": -17.674604144599094, "params": {"gamma": 17.1975165383762, "log10_alpha": 0.764846650457482, "log10_colsample_bytree": -0.32224742535605155, "log10_eta": -2.3001936559705163, "log10_lambda": -2.1788982345628467, "log10_min_child_weight": 0.8601264199422431, "log10_subsample": -0.7170723243989371, "max_depth": 5.0, "num_boost_round": 9.0}, "datetime": {"datetime": "2024-01-19 00:21:16", "elapsed": 630.404807, "delta": 0.000879}}
{"target": -17.674512580854806, "params": {"gamma": 17.1975165383762, "log10_alpha": 0.764846650457482, "log10_colsample_bytree": -0.32224742535605155, "log10_eta": -2.3001936559705163, "log10_lambda": -2.1788982345628467, "log10_min_child_weight": 0.8601264199422431, "log10_subsample": -0.7170723243989371, "max_depth": 5.0, "num_boost_round": 10.0}, "datetime": {"datetime": "2024-01-19 00:21:16", "elapsed": 630.405799, "delta": 0.000992}}
{"target": -17.67453557887854, "params": {"gamma": 17.1975165383762, "log10_alpha": 0.764846650457482, "log10_colsample_bytree": -0.32224742535605155, "log10_eta": -2.3001936559705163, "log10_lambda": -2.1788982345628467, "log10_min_child_weight": 0.8601264199422431, "log10_subsample": -0.7170723243989371, "max_depth": 5.0, "num_boost_round": 11.0}, "datetime": {"datetime": "2024-01-19 00:21:16", "elapsed": 630.406686, "delta": 0.000887}}
{"target": -17.674377247213975, "params": {"gamma": 17.1975165383762, "log10_alpha": 0.764846650457482, "log10_colsample_bytree": -0.32224742535605155, "log10_eta": -2.3001936559705163, "log10_lambda": -2.1788982345628467, "log10_min_child_weight": 0.8601264199422431, "log10_subsample": -0.7170723243989371, "max_depth": 5.0, "num_boost_round": 12.0}, "datetime": {"datetime": "2024-01-19 00:21:16", "elapsed": 630.407636, "delta": 0.00095}}
{"target": -17.674343879677544, "params": {"gamma": 17.1975165383762, "log10_alpha": 0.764846650457482, "log10_colsample_bytree": -0.32224742535605155, "log10_eta": -2.3001936559705163, "log10_lambda": -2.1788982345628467, "log10_min_child_weight": 0.8601264199422431, "log10_subsample": -0.7170723243989371, "max_depth": 5.0, "num_boost_round": 13.0}, "datetime": {"datetime": "2024-01-19 00:21:16", "elapsed": 630.408516, "delta": 0.00088}}
{"target": -17.674494808144622, "params": {"gamma": 17.1975165383762, "log10_alpha": 0.764846650457482, "log10_colsample_bytree": -0.32224742535605155, "log10_eta": -2.3001936559705163, "log10_lambda": -2.1788982345628467, "log10_min_child_weight": 0.8601264199422431, "log10_subsample": -0.7170723243989371, "max_depth": 5.0, "num_boost_round": 14.0}, "datetime": {"datetime": "2024-01-19 00:21:16", "elapsed": 630.409404, "delta": 0.000888}}
{"target": -17.674538454455664, "params": {"gamma": 17.1975165383762, "log10_alpha": 0.764846650457482, "log10_colsample_bytree": -0.32224742535605155, "log10_eta": -2.3001936559705163, "log10_lambda": -2.1788982345628467, "log10_min_child_weight": 0.8601264199422431, "log10_subsample": -0.7170723243989371, "max_depth": 5.0, "num_boost_round": 15.0}, "datetime": {"datetime": "2024-01-19 00:21:16", "elapsed": 630.410293, "delta": 0.000889}}
{"target": -17.674342609570196, "params": {"gamma": 17.1975165383762, "log10_alpha": 0.764846650457482, "log10_colsample_bytree": -0.32224742535605155, "log10_eta": -2.3001936559705163, "log10_lambda": -2.1788982345628467, "log10_min_child_weight": 0.8601264199422431, "log10_subsample": -0.7170723243989371, "max_depth": 5.0, "num_boost_round": 16.0}, "datetime": {"datetime": "2024-01-19 00:21:16", "elapsed": 630.41123, "delta": 0.000937}}
{"target": -17.674206127709972, "params": {"gamma": 17.1975165383762, "log10_alpha": 0.764846650457482, "log10_colsample_bytree": -0.32224742535605155, "log10_eta": -2.3001936559705163, "log10_lambda": -2.1788982345628467, "log10_min_child_weight": 0.8601264199422431, "log10_subsample": -0.7170723243989371, "max_depth": 5.0, "num_boost_round": 17.0}, "datetime": {"datetime": "2024-01-19 00:21:16", "elapsed": 630.412128, "delta": 0.000898}}
{"target": -17.674088521927125, "params": {"gamma": 17.1975165383762, "log10_alpha": 0.764846650457482, "log10_colsample_bytree": -0.32224742535605155, "log10_eta": -2.3001936559705163, "log10_lambda": -2.1788982345628467, "log10_min_child_weight": 0.8601264199422431, "log10_subsample": -0.7170723243989371, "max_depth": 5.0, "num_boost_round": 18.0}, "datetime": {"datetime": "2024-01-19 00:21:16", "elapsed": 630.413011, "delta": 0.000883}}
{"target": -17.67410675146173, "params": {"gamma": 17.1975165383762, "log10_alpha": 0.764846650457482, "log10_colsample_bytree": -0.32224742535605155, "log10_eta": -2.3001936559705163, "log10_lambda": -2.1788982345628467, "log10_min_child_weight": 0.8601264199422431, "log10_subsample": -0.7170723243989371, "max_depth": 5.0, "num_boost_round": 19.0}, "datetime": {"datetime": "2024-01-19 00:21:16", "elapsed": 630.413899, "delta": 0.000888}}
{"target": -17.673901397206755, "params": {"gamma": 17.1975165383762, "log10_alpha": 0.764846650457482, "log10_colsample_bytree": -0.32224742535605155, "log10_eta": -2.3001936559705163, "log10_lambda": -2.1788982345628467, "log10_min_child_weight": 0.8601264199422431, "log10_subsample": -0.7170723243989371, "max_depth": 5.0, "num_boost_round": 20.0}, "datetime": {"datetime": "2024-01-19 00:21:16", "elapsed": 630.414785, "delta": 0.000886}}
{"target": -17.67380072067641, "params": {"gamma": 17.1975165383762, "log10_alpha": 0.764846650457482, "log10_colsample_bytree": -0.32224742535605155, "log10_eta": -2.3001936559705163, "log10_lambda": -2.1788982345628467, "log10_min_child_weight": 0.8601264199422431, "log10_subsample": -0.7170723243989371, "max_depth": 5.0, "num_boost_round": 21.0}, "datetime": {"datetime": "2024-01-19 00:21:16", "elapsed": 630.415796, "delta": 0.001011}}
{"target": -17.673471856312336, "params": {"gamma": 17.1975165383762, "log10_alpha": 0.764846650457482, "log10_colsample_bytree": -0.32224742535605155, "log10_eta": -2.3001936559705163, "log10_lambda": -2.1788982345628467, "log10_min_child_weight": 0.8601264199422431, "log10_subsample": -0.7170723243989371, "max_depth": 5.0, "num_boost_round": 22.0}, "datetime": {"datetime": "2024-01-19 00:21:16", "elapsed": 630.416696, "delta": 0.0009}}
{"target": -17.67299836161355, "params": {"gamma": 17.1975165383762, "log10_alpha": 0.764846650457482, "log10_colsample_bytree": -0.32224742535605155, "log10_eta": -2.3001936559705163, "log10_lambda": -2.1788982345628467, "log10_min_child_weight": 0.8601264199422431, "log10_subsample": -0.7170723243989371, "max_depth": 5.0, "num_boost_round": 23.0}, "datetime": {"datetime": "2024-01-19 00:21:16", "elapsed": 630.417554, "delta": 0.000858}}
{"target": -17.672914822507927, "params": {"gamma": 17.1975165383762, "log10_alpha": 0.764846650457482, "log10_colsample_bytree": -0.32224742535605155, "log10_eta": -2.3001936559705163, "log10_lambda": -2.1788982345628467, "log10_min_child_weight": 0.8601264199422431, "log10_subsample": -0.7170723243989371, "max_depth": 5.0, "num_boost_round": 24.0}, "datetime": {"datetime": "2024-01-19 00:21:16", "elapsed": 630.418404, "delta": 0.00085}}
{"target": -17.67277269574436, "params": {"gamma": 17.1975165383762, "log10_alpha": 0.764846650457482, "log10_colsample_bytree": -0.32224742535605155, "log10_eta": -2.3001936559705163, "log10_lambda": -2.1788982345628467, "log10_min_child_weight": 0.8601264199422431, "log10_subsample": -0.7170723243989371, "max_depth": 5.0, "num_boost_round": 25.0}, "datetime": {"datetime": "2024-01-19 00:21:16", "elapsed": 630.419192, "delta": 0.000788}}
{"target": -17.6725711267508, "params": {"gamma": 17.1975165383762, "log10_alpha": 0.764846650457482, "log10_colsample_bytree": -0.32224742535605155, "log10_eta": -2.3001936559705163, "log10_lambda": -2.1788982345628467, "log10_min_child_weight": 0.8601264199422431, "log10_subsample": -0.7170723243989371, "max_depth": 5.0, "num_boost_round": 26.0}, "datetime": {"datetime": "2024-01-19 00:21:16", "elapsed": 630.419994, "delta": 0.000802}}
{"target": -17.67252651363163, "params": {"gamma": 17.1975165383762, "log10_alpha": 0.764846650457482, "log10_colsample_bytree": -0.32224742535605155, "log10_eta": -2.3001936559705163, "log10_lambda": -2.1788982345628467, "log10_min_child_weight": 0.8601264199422431, "log10_subsample": -0.7170723243989371, "max_depth": 5.0, "num_boost_round": 27.0}, "datetime": {"datetime": "2024-01-19 00:21:16", "elapsed": 630.420794, "delta": 0.0008}}
