{"target": -13.758371107555686, "params": {"gamma": 419.9670056086394, "log10_alpha": 0.3549680294798474, "log10_colsample_bytree": -0.3310655877481101, "log10_eta": -3.6876779426069692, "log10_lambda": -1.3589030724578084, "log10_min_child_weight": 1.0311310732198815, "log10_subsample": -0.5798773358505751, "max_depth": 7.0, "num_boost_round": 30.0}, "datetime": {"datetime": "2024-01-19 00:15:03", "elapsed": 206.199423, "delta": 0.000762}}
{"target": -13.758367238848992, "params": {"gamma": 419.9670056086394, "log10_alpha": 0.3549680294798474, "log10_colsample_bytree": -0.3310655877481101, "log10_eta": -3.6876779426069692, "log10_lambda": -1.3589030724578084, "log10_min_child_weight": 1.0311310732198815, "log10_subsample": -0.5798773358505751, "max_depth": 7.0, "num_boost_round": 31.0}, "datetime": {"datetime": "2024-01-19 00:15:03", "elapsed": 206.200208, "delta": 0.000785}}
{"target": -13.75836998437891, "params": {"gamma": 419.9670056086394, "log10_alpha": 0.3549680294798474, "log10_colsample_bytree": -0.3310655877481101, "log10_eta": -3.6876779426069692, "log10_lambda": -1.3589030724578084, "log10_min_child_weight": 1.0311310732198815, "log10_subsample": -0.5798773358505751, "max_depth": 7.0, "num_boost_round": 32.0}, "datetime": {"datetime": "2024-01-19 00:15:03", "elapsed": 206.200969, "delta": 0.000761}}
{"target": -13.75836319679313, "params": {"gamma": 419.9670056086394, "log10_alpha": 0.3549680294798474, "log10_colsample_bytree": -0.3310655877481101, "log10_eta": -3.6876779426069692, "log10_lambda": -1.3589030724578084, "log10_min_child_weight": 1.0311310732198815, "log10_subsample": -0.5798773358505751, "max_depth": 7.0, "num_boost_round": 33.0}, "datetime": {"datetime": "2024-01-19 00:15:03", "elapsed": 206.201729, "delta": 0.00076}}
{"target": -13.758362113037293, "params": {"gamma": 419.9670056086394, "log10_alpha": 0.3549680294798474, "log10_colsample_bytree": -0.3310655877481101, "log10_eta": -3.6876779426069692, "log10_lambda": -1.3589030724578084, "log10_min_child_weight": 1.0311310732198815, "log10_subsample": -0.5798773358505751, "max_depth": 7.0, "num_boost_round": 34.0}, "datetime": {"datetime": "2024-01-19 00:15:03", "elapsed": 206.202492, "delta": 0.000763}}
{"target": -13.758354810758126, "params": {"gamma": 419.9670056086394, "log10_alpha": 0.3549680294798474, "log10_colsample_bytree": -0.3310655877481101, "log10_eta": -3.6876779426069692, "log10_lambda": -1.3589030724578084, "log10_min_child_weight": 1.0311310732198815, "log10_subsample": -0.5798773358505751, "max_depth": 7.0, "num_boost_round": 35.0}, "datetime": {"datetime": "2024-01-19 00:15:03", "elapsed": 206.203249, "delta": 0.000757}}
{"target": -13.758342024944406, "params": {"gamma": 419.9670056086394, "log10_alpha": 0.3549680294798474, "log10_colsample_bytree": -0.3310655877481101, "log10_eta": -3.6876779426069692, "log10_lambda": -1.3589030724578084, "log10_min_child_weight": 1.0311310732198815, "log10_subsample": -0.5798773358505751, "max_depth": 7.0, "num_boost_round": 36.0}, "datetime": {"datetime": "2024-01-19 00:15:03", "elapsed": 206.204009, "delta": 0.00076}}
{"target": -13.758340061280128, "params": {"gamma": 419.9670056086394, "log10_alpha": 0.3549680294798474, "log10_colsample_bytree": -0.3310655877481101, "log10_eta": -3.6876779426069692, "log10_lambda": -1.3589030724578084, "log10_min_child_weight": 1.0311310732198815, "log10_subsample": -0.5798773358505751, "max_depth": 7.0, "num_boost_round": 37.0}, "datetime": {"datetime": "2024-01-19 00:15:03", "elapsed": 206.204769, "delta": 0.00076}}
{"target": -13.758341216907159, "params": {"gamma": 419.9670056086394, "log10_alpha": 0.3549680294798474, "log10_colsample_bytree": -0.3310655877481101, "log10_eta": -3.6876779426069692, "log10_lambda": -1.3589030724578084, "log10_min_child_weight": 1.0311310732198815, "log10_subsample": -0.5798773358505751, "max_depth": 7.0, "num_boost_round": 38.0}, "datetime": {"datetime": "2024-01-19 00:15:03", "elapsed": 206.205537, "delta": 0.000768}}
{"target": -13.758441375456616, "params": {"gamma": 423.9354773382782, "log10_alpha": 0.5681775040435779, "log10_colsample_bytree": -0.7943459232850351, "log10_eta": -1.5497741414529491, "log10_lambda": -4.3839930198777015, "log10_min_child_weight": 3.4282760861203725, "log10_subsample": -0.45165272218594277, "max_depth": 2.0, "num_boost_round": 0.0}, "datetime": {"datetime": "2024-01-19 00:15:41", "elapsed": 244.381986, "delta": 38.176449}}
{"target": -13.758318259397214, "params": {"gamma": 423.9354773382782, "log10_alpha": 0.5681775040435779, "log10_colsample_bytree": -0.7943459232850351, "log10_eta": -1.5497741414529491, "log10_lambda": -4.3839930198777015, "log10_min_child_weight": 3.4282760861203725, "log10_subsample": -0.45165272218594277, "max_depth": 2.0, "num_boost_round": 1.0}, "datetime": {"datetime": "2024-01-19 00:15:41", "elapsed": 244.383192, "delta": 0.001206}}
{"target": -13.758512631902276, "params": {"gamma": 423.9354773382782, "log10_alpha": 0.5681775040435779, "log10_colsample_bytree": -0.7943459232850351, "log10_eta": -1.5497741414529491, "log10_lambda": -4.3839930198777015, "log10_min_child_weight": 3.4282760861203725, "log10_subsample": -0.45165272218594277, "max_depth": 2.0, "num_boost_round": 2.0}, "datetime": {"datetime": "2024-01-19 00:15:41", "elapsed": 244.384459, "delta": 0.001267}}
{"target": -13.758596823550963, "params": {"gamma": 423.9354773382782, "log10_alpha": 0.5681775040435779, "log10_colsample_bytree": -0.7943459232850351, "log10_eta": -1.5497741414529491, "log10_lambda": -4.3839930198777015, "log10_min_child_weight": 3.4282760861203725, "log10_subsample": -0.45165272218594277, "max_depth": 2.0, "num_boost_round": 3.0}, "datetime": {"datetime": "2024-01-19 00:15:41", "elapsed": 244.38524, "delta": 0.000781}}
{"target": -13.758642984909907, "params": {"gamma": 423.9354773382782, "log10_alpha": 0.5681775040435779, "log10_colsample_bytree": -0.7943459232850351, "log10_eta": -1.5497741414529491, "log10_lambda": -4.3839930198777015, "log10_min_child_weight": 3.4282760861203725, "log10_subsample": -0.45165272218594277, "max_depth": 2.0, "num_boost_round": 4.0}, "datetime": {"datetime": "2024-01-19 00:15:41", "elapsed": 244.386018, "delta": 0.000778}}
{"target": -13.758521552261259, "params": {"gamma": 423.9354773382782, "log10_alpha": 0.5681775040435779, "log10_colsample_bytree": -0.7943459232850351, "log10_eta": -1.5497741414529491, "log10_lambda": -4.3839930198777015, "log10_min_child_weight": 3.4282760861203725, "log10_subsample": -0.45165272218594277, "max_depth": 2.0, "num_boost_round": 5.0}, "datetime": {"datetime": "2024-01-19 00:15:41", "elapsed": 244.386928, "delta": 0.00091}}
{"target": -13.758408018014174, "params": {"gamma": 423.9354773382782, "log10_alpha": 0.5681775040435779, "log10_colsample_bytree": -0.7943459232850351, "log10_eta": -1.5497741414529491, "log10_lambda": -4.3839930198777015, "log10_min_child_weight": 3.4282760861203725, "log10_subsample": -0.45165272218594277, "max_depth": 2.0, "num_boost_round": 6.0}, "datetime": {"datetime": "2024-01-19 00:15:41", "elapsed": 244.387702, "delta": 0.000774}}
{"target": -13.758214655544275, "params": {"gamma": 423.9354773382782, "log10_alpha": 0.5681775040435779, "log10_colsample_bytree": -0.7943459232850351, "log10_eta": -1.5497741414529491, "log10_lambda": -4.3839930198777015, "log10_min_child_weight": 3.4282760861203725, "log10_subsample": -0.45165272218594277, "max_depth": 2.0, "num_boost_round": 7.0}, "datetime": {"datetime": "2024-01-19 00:15:41", "elapsed": 244.388704, "delta": 0.001002}}
{"target": -13.758132232850121, "params": {"gamma": 423.9354773382782, "log10_alpha": 0.5681775040435779, "log10_colsample_bytree": -0.7943459232850351, "log10_eta": -1.5497741414529491, "log10_lambda": -4.3839930198777015, "log10_min_child_weight": 3.4282760861203725, "log10_subsample": -0.45165272218594277, "max_depth": 2.0, "num_boost_round": 8.0}, "datetime": {"datetime": "2024-01-19 00:15:41", "elapsed": 244.389579, "delta": 0.000875}}
{"target": -13.757922736324856, "params": {"gamma": 423.9354773382782, "log10_alpha": 0.5681775040435779, "log10_colsample_bytree": -0.7943459232850351, "log10_eta": -1.5497741414529491, "log10_lambda": -4.3839930198777015, "log10_min_child_weight": 3.4282760861203725, "log10_subsample": -0.45165272218594277, "max_depth": 2.0, "num_boost_round": 9.0}, "datetime": {"datetime": "2024-01-19 00:15:41", "elapsed": 244.390536, "delta": 0.000957}}
{"target": -13.75754962131067, "params": {"gamma": 423.9354773382782, "log10_alpha": 0.5681775040435779, "log10_colsample_bytree": -0.7943459232850351, "log10_eta": -1.5497741414529491, "log10_lambda": -4.3839930198777015, "log10_min_child_weight": 3.4282760861203725, "log10_subsample": -0.45165272218594277, "max_depth": 2.0, "num_boost_round": 10.0}, "datetime": {"datetime": "2024-01-19 00:15:41", "elapsed": 244.391453, "delta": 0.000917}}
{"target": -13.75745604914512, "params": {"gamma": 423.9354773382782, "log10_alpha": 0.5681775040435779, "log10_colsample_bytree": -0.7943459232850351, "log10_eta": -1.5497741414529491, "log10_lambda": -4.3839930198777015, "log10_min_child_weight": 3.4282760861203725, "log10_subsample": -0.45165272218594277, "max_depth": 2.0, "num_boost_round": 11.0}, "datetime": {"datetime": "2024-01-19 00:15:41", "elapsed": 244.392232, "delta": 0.000779}}
{"target": -13.757435902357802, "params": {"gamma": 423.9354773382782, "log10_alpha": 0.5681775040435779, "log10_colsample_bytree": -0.7943459232850351, "log10_eta": -1.5497741414529491, "log10_lambda": -4.3839930198777015, "log10_min_child_weight": 3.4282760861203725, "log10_subsample": -0.45165272218594277, "max_depth": 2.0, "num_boost_round": 12.0}, "datetime": {"datetime": "2024-01-19 00:15:41", "elapsed": 244.393024, "delta": 0.000792}}
{"target": -13.75724005876206, "params": {"gamma": 423.9354773382782, "log10_alpha": 0.5681775040435779, "log10_colsample_bytree": -0.7943459232850351, "log10_eta": -1.5497741414529491, "log10_lambda": -4.3839930198777015, "log10_min_child_weight": 3.4282760861203725, "log10_subsample": -0.45165272218594277, "max_depth": 2.0, "num_boost_round": 13.0}, "datetime": {"datetime": "2024-01-19 00:15:41", "elapsed": 244.393851, "delta": 0.000827}}
{"target": -13.757133357481857, "params": {"gamma": 423.9354773382782, "log10_alpha": 0.5681775040435779, "log10_colsample_bytree": -0.7943459232850351, "log10_eta": -1.5497741414529491, "log10_lambda": -4.3839930198777015, "log10_min_child_weight": 3.4282760861203725, "log10_subsample": -0.45165272218594277, "max_depth": 2.0, "num_boost_round": 14.0}, "datetime": {"datetime": "2024-01-19 00:15:41", "elapsed": 244.394643, "delta": 0.000792}}
{"target": -13.756723778645222, "params": {"gamma": 423.9354773382782, "log10_alpha": 0.5681775040435779, "log10_colsample_bytree": -0.7943459232850351, "log10_eta": -1.5497741414529491, "log10_lambda": -4.3839930198777015, "log10_min_child_weight": 3.4282760861203725, "log10_subsample": -0.45165272218594277, "max_depth": 2.0, "num_boost_round": 15.0}, "datetime": {"datetime": "2024-01-19 00:15:41", "elapsed": 244.395422, "delta": 0.000779}}
{"target": -13.756656002311441, "params": {"gamma": 423.9354773382782, "log10_alpha": 0.5681775040435779, "log10_colsample_bytree": -0.7943459232850351, "log10_eta": -1.5497741414529491, "log10_lambda": -4.3839930198777015, "log10_min_child_weight": 3.4282760861203725, "log10_subsample": -0.45165272218594277, "max_depth": 2.0, "num_boost_round": 16.0}, "datetime": {"datetime": "2024-01-19 00:15:41", "elapsed": 244.396213, "delta": 0.000791}}
{"target": -13.756567803072103, "params": {"gamma": 423.9354773382782, "log10_alpha": 0.5681775040435779, "log10_colsample_bytree": -0.7943459232850351, "log10_eta": -1.5497741414529491, "log10_lambda": -4.3839930198777015, "log10_min_child_weight": 3.4282760861203725, "log10_subsample": -0.45165272218594277, "max_depth": 2.0, "num_boost_round": 17.0}, "datetime": {"datetime": "2024-01-19 00:15:41", "elapsed": 244.397017, "delta": 0.000804}}
{"target": -13.756538205594651, "params": {"gamma": 423.9354773382782, "log10_alpha": 0.5681775040435779, "log10_colsample_bytree": -0.7943459232850351, "log10_eta": -1.5497741414529491, "log10_lambda": -4.3839930198777015, "log10_min_child_weight": 3.4282760861203725, "log10_subsample": -0.45165272218594277, "max_depth": 2.0, "num_boost_round": 18.0}, "datetime": {"datetime": "2024-01-19 00:15:41", "elapsed": 244.397809, "delta": 0.000792}}
{"target": -13.756394606816231, "params": {"gamma": 423.9354773382782, "log10_alpha": 0.5681775040435779, "log10_colsample_bytree": -0.7943459232850351, "log10_eta": -1.5497741414529491, "log10_lambda": -4.3839930198777015, "log10_min_child_weight": 3.4282760861203725, "log10_subsample": -0.45165272218594277, "max_depth": 2.0, "num_boost_round": 19.0}, "datetime": {"datetime": "2024-01-19 00:15:41", "elapsed": 244.398601, "delta": 0.000792}}
{"target": -13.75616807763797, "params": {"gamma": 423.9354773382782, "log10_alpha": 0.5681775040435779, "log10_colsample_bytree": -0.7943459232850351, "log10_eta": -1.5497741414529491, "log10_lambda": -4.3839930198777015, "log10_min_child_weight": 3.4282760861203725, "log10_subsample": -0.45165272218594277, "max_depth": 2.0, "num_boost_round": 20.0}, "datetime": {"datetime": "2024-01-19 00:15:41", "elapsed": 244.399394, "delta": 0.000793}}
{"target": -13.756357910250642, "params": {"gamma": 423.9354773382782, "log10_alpha": 0.5681775040435779, "log10_colsample_bytree": -0.7943459232850351, "log10_eta": -1.5497741414529491, "log10_lambda": -4.3839930198777015, "log10_min_child_weight": 3.4282760861203725, "log10_subsample": -0.45165272218594277, "max_depth": 2.0, "num_boost_round": 21.0}, "datetime": {"datetime": "2024-01-19 00:15:41", "elapsed": 244.400194, "delta": 0.0008}}
{"target": -13.756636914076486, "params": {"gamma": 423.9354773382782, "log10_alpha": 0.5681775040435779, "log10_colsample_bytree": -0.7943459232850351, "log10_eta": -1.5497741414529491, "log10_lambda": -4.3839930198777015, "log10_min_child_weight": 3.4282760861203725, "log10_subsample": -0.45165272218594277, "max_depth": 2.0, "num_boost_round": 22.0}, "datetime": {"datetime": "2024-01-19 00:15:41", "elapsed": 244.400989, "delta": 0.000795}}
{"target": -13.756620293652286, "params": {"gamma": 423.9354773382782, "log10_alpha": 0.5681775040435779, "log10_colsample_bytree": -0.7943459232850351, "log10_eta": -1.5497741414529491, "log10_lambda": -4.3839930198777015, "log10_min_child_weight": 3.4282760861203725, "log10_subsample": -0.45165272218594277, "max_depth": 2.0, "num_boost_round": 23.0}, "datetime": {"datetime": "2024-01-19 00:15:41", "elapsed": 244.401787, "delta": 0.000798}}
{"target": -13.756726888954498, "params": {"gamma": 423.9354773382782, "log10_alpha": 0.5681775040435779, "log10_colsample_bytree": -0.7943459232850351, "log10_eta": -1.5497741414529491, "log10_lambda": -4.3839930198777015, "log10_min_child_weight": 3.4282760861203725, "log10_subsample": -0.45165272218594277, "max_depth": 2.0, "num_boost_round": 24.0}, "datetime": {"datetime": "2024-01-19 00:15:41", "elapsed": 244.402585, "delta": 0.000798}}
{"target": -13.756656320674379, "params": {"gamma": 423.9354773382782, "log10_alpha": 0.5681775040435779, "log10_colsample_bytree": -0.7943459232850351, "log10_eta": -1.5497741414529491, "log10_lambda": -4.3839930198777015, "log10_min_child_weight": 3.4282760861203725, "log10_subsample": -0.45165272218594277, "max_depth": 2.0, "num_boost_round": 25.0}, "datetime": {"datetime": "2024-01-19 00:15:41", "elapsed": 244.40339, "delta": 0.000805}}
{"target": -13.757052046922798, "params": {"gamma": 423.9354773382782, "log10_alpha": 0.5681775040435779, "log10_colsample_bytree": -0.7943459232850351, "log10_eta": -1.5497741414529491, "log10_lambda": -4.3839930198777015, "log10_min_child_weight": 3.4282760861203725, "log10_subsample": -0.45165272218594277, "max_depth": 2.0, "num_boost_round": 26.0}, "datetime": {"datetime": "2024-01-19 00:15:41", "elapsed": 244.404193, "delta": 0.000803}}
{"target": -13.75667700345945, "params": {"gamma": 423.9354773382782, "log10_alpha": 0.5681775040435779, "log10_colsample_bytree": -0.7943459232850351, "log10_eta": -1.5497741414529491, "log10_lambda": -4.3839930198777015, "log10_min_child_weight": 3.4282760861203725, "log10_subsample": -0.45165272218594277, "max_depth": 2.0, "num_boost_round": 27.0}, "datetime": {"datetime": "2024-01-19 00:15:41", "elapsed": 244.404994, "delta": 0.000801}}
{"target": -13.75667137554203, "params": {"gamma": 423.9354773382782, "log10_alpha": 0.5681775040435779, "log10_colsample_bytree": -0.7943459232850351, "log10_eta": -1.5497741414529491, "log10_lambda": -4.3839930198777015, "log10_min_child_weight": 3.4282760861203725, "log10_subsample": -0.45165272218594277, "max_depth": 2.0, "num_boost_round": 28.0}, "datetime": {"datetime": "2024-01-19 00:15:41", "elapsed": 244.405798, "delta": 0.000804}}
{"target": -13.756661421036702, "params": {"gamma": 423.9354773382782, "log10_alpha": 0.5681775040435779, "log10_colsample_bytree": -0.7943459232850351, "log10_eta": -1.5497741414529491, "log10_lambda": -4.3839930198777015, "log10_min_child_weight": 3.4282760861203725, "log10_subsample": -0.45165272218594277, "max_depth": 2.0, "num_boost_round": 29.0}, "datetime": {"datetime": "2024-01-19 00:15:41", "elapsed": 244.406601, "delta": 0.000803}}
{"target": -13.756450300109892, "params": {"gamma": 423.9354773382782, "log10_alpha": 0.5681775040435779, "log10_colsample_bytree": -0.7943459232850351, "log10_eta": -1.5497741414529491, "log10_lambda": -4.3839930198777015, "log10_min_child_weight": 3.4282760861203725, "log10_subsample": -0.45165272218594277, "max_depth": 2.0, "num_boost_round": 30.0}, "datetime": {"datetime": "2024-01-19 00:15:41", "elapsed": 244.407399, "delta": 0.000798}}
{"target": -13.75622671488739, "params": {"gamma": 423.9354773382782, "log10_alpha": 0.5681775040435779, "log10_colsample_bytree": -0.7943459232850351, "log10_eta": -1.5497741414529491, "log10_lambda": -4.3839930198777015, "log10_min_child_weight": 3.4282760861203725, "log10_subsample": -0.45165272218594277, "max_depth": 2.0, "num_boost_round": 31.0}, "datetime": {"datetime": "2024-01-19 00:15:41", "elapsed": 244.408338, "delta": 0.000939}}
{"target": -13.756140799702587, "params": {"gamma": 423.9354773382782, "log10_alpha": 0.5681775040435779, "log10_colsample_bytree": -0.7943459232850351, "log10_eta": -1.5497741414529491, "log10_lambda": -4.3839930198777015, "log10_min_child_weight": 3.4282760861203725, "log10_subsample": -0.45165272218594277, "max_depth": 2.0, "num_boost_round": 32.0}, "datetime": {"datetime": "2024-01-19 00:15:41", "elapsed": 244.409144, "delta": 0.000806}}
{"target": -13.756293499852394, "params": {"gamma": 423.9354773382782, "log10_alpha": 0.5681775040435779, "log10_colsample_bytree": -0.7943459232850351, "log10_eta": -1.5497741414529491, "log10_lambda": -4.3839930198777015, "log10_min_child_weight": 3.4282760861203725, "log10_subsample": -0.45165272218594277, "max_depth": 2.0, "num_boost_round": 33.0}, "datetime": {"datetime": "2024-01-19 00:15:41", "elapsed": 244.409951, "delta": 0.000807}}
{"target": -13.756493028674806, "params": {"gamma": 423.9354773382782, "log10_alpha": 0.5681775040435779, "log10_colsample_bytree": -0.7943459232850351, "log10_eta": -1.5497741414529491, "log10_lambda": -4.3839930198777015, "log10_min_child_weight": 3.4282760861203725, "log10_subsample": -0.45165272218594277, "max_depth": 2.0, "num_boost_round": 34.0}, "datetime": {"datetime": "2024-01-19 00:15:41", "elapsed": 244.410756, "delta": 0.000805}}
{"target": -13.756563071606918, "params": {"gamma": 423.9354773382782, "log10_alpha": 0.5681775040435779, "log10_colsample_bytree": -0.7943459232850351, "log10_eta": -1.5497741414529491, "log10_lambda": -4.3839930198777015, "log10_min_child_weight": 3.4282760861203725, "log10_subsample": -0.45165272218594277, "max_depth": 2.0, "num_boost_round": 35.0}, "datetime": {"datetime": "2024-01-19 00:15:41", "elapsed": 244.411566, "delta": 0.00081}}
{"target": -13.75675508626481, "params": {"gamma": 423.9354773382782, "log10_alpha": 0.5681775040435779, "log10_colsample_bytree": -0.7943459232850351, "log10_eta": -1.5497741414529491, "log10_lambda": -4.3839930198777015, "log10_min_child_weight": 3.4282760861203725, "log10_subsample": -0.45165272218594277, "max_depth": 2.0, "num_boost_round": 36.0}, "datetime": {"datetime": "2024-01-19 00:15:41", "elapsed": 244.412374, "delta": 0.000808}}
{"target": -13.756818177377042, "params": {"gamma": 423.9354773382782, "log10_alpha": 0.5681775040435779, "log10_colsample_bytree": -0.7943459232850351, "log10_eta": -1.5497741414529491, "log10_lambda": -4.3839930198777015, "log10_min_child_weight": 3.4282760861203725, "log10_subsample": -0.45165272218594277, "max_depth": 2.0, "num_boost_round": 37.0}, "datetime": {"datetime": "2024-01-19 00:15:41", "elapsed": 244.413187, "delta": 0.000813}}
{"target": -13.756836823526271, "params": {"gamma": 423.9354773382782, "log10_alpha": 0.5681775040435779, "log10_colsample_bytree": -0.7943459232850351, "log10_eta": -1.5497741414529491, "log10_lambda": -4.3839930198777015, "log10_min_child_weight": 3.4282760861203725, "log10_subsample": -0.45165272218594277, "max_depth": 2.0, "num_boost_round": 38.0}, "datetime": {"datetime": "2024-01-19 00:15:41", "elapsed": 244.414006, "delta": 0.000819}}
{"target": -13.75681852072181, "params": {"gamma": 423.9354773382782, "log10_alpha": 0.5681775040435779, "log10_colsample_bytree": -0.7943459232850351, "log10_eta": -1.5497741414529491, "log10_lambda": -4.3839930198777015, "log10_min_child_weight": 3.4282760861203725, "log10_subsample": -0.45165272218594277, "max_depth": 2.0, "num_boost_round": 39.0}, "datetime": {"datetime": "2024-01-19 00:15:41", "elapsed": 244.414818, "delta": 0.000812}}
