{"target": -13.758533124177925, "params": {"gamma": 557.5074889067185, "log10_alpha": 0.7481688054885334, "log10_colsample_bytree": -0.1897999580843115, "log10_eta": -3.8700646820766837, "log10_lambda": 0.07766317622318031, "log10_min_child_weight": 4.816505572908357, "log10_subsample": -0.8158149883813732, "max_depth": 5.0, "num_boost_round": 13.0}, "datetime": {"datetime": "2024-01-19 00:19:20", "elapsed": 412.73244, "delta": 0.00094}}
{"target": -13.758532409593183, "params": {"gamma": 557.5074889067185, "log10_alpha": 0.7481688054885334, "log10_colsample_bytree": -0.1897999580843115, "log10_eta": -3.8700646820766837, "log10_lambda": 0.07766317622318031, "log10_min_child_weight": 4.816505572908357, "log10_subsample": -0.8158149883813732, "max_depth": 5.0, "num_boost_round": 14.0}, "datetime": {"datetime": "2024-01-19 00:19:20", "elapsed": 412.73355, "delta": 0.00111}}
{"target": -13.758531611988946, "params": {"gamma": 557.5074889067185, "log10_alpha": 0.7481688054885334, "log10_colsample_bytree": -0.1897999580843115, "log10_eta": -3.8700646820766837, "log10_lambda": 0.07766317622318031, "log10_min_child_weight": 4.816505572908357, "log10_subsample": -0.8158149883813732, "max_depth": 5.0, "num_boost_round": 15.0}, "datetime": {"datetime": "2024-01-19 00:19:20", "elapsed": 412.734502, "delta": 0.000952}}
{"target": -13.75853084685345, "params": {"gamma": 557.5074889067185, "log10_alpha": 0.7481688054885334, "log10_colsample_bytree": -0.1897999580843115, "log10_eta": -3.8700646820766837, "log10_lambda": 0.07766317622318031, "log10_min_child_weight": 4.816505572908357, "log10_subsample": -0.8158149883813732, "max_depth": 5.0, "num_boost_round": 16.0}, "datetime": {"datetime": "2024-01-19 00:19:20", "elapsed": 412.735452, "delta": 0.00095}}
{"target": -13.75853077184, "params": {"gamma": 557.5074889067185, "log10_alpha": 0.7481688054885334, "log10_colsample_bytree": -0.1897999580843115, "log10_eta": -3.8700646820766837, "log10_lambda": 0.07766317622318031, "log10_min_child_weight": 4.816505572908357, "log10_subsample": -0.8158149883813732, "max_depth": 5.0, "num_boost_round": 17.0}, "datetime": {"datetime": "2024-01-19 00:19:20", "elapsed": 412.736422, "delta": 0.00097}}
{"target": -13.758538813216163, "params": {"gamma": 550.6384822197724, "log10_alpha": -3.896469965648235, "log10_colsample_bytree": -0.07251105187926865, "log10_eta": -3.9729016750835466, "log10_lambda": -1.1160581700549943, "log10_min_child_weight": 0.0740399919649487, "log10_subsample": -0.5493991654253301, "max_depth": 4.0, "num_boost_round": 0.0}, "datetime": {"datetime": "2024-01-19 00:19:45", "elapsed": 437.926233, "delta": 25.189811}}
{"target": -13.758537499818464, "params": {"gamma": 550.6384822197724, "log10_alpha": -3.896469965648235, "log10_colsample_bytree": -0.07251105187926865, "log10_eta": -3.9729016750835466, "log10_lambda": -1.1160581700549943, "log10_min_child_weight": 0.0740399919649487, "log10_subsample": -0.5493991654253301, "max_depth": 4.0, "num_boost_round": 1.0}, "datetime": {"datetime": "2024-01-19 00:19:45", "elapsed": 438.000379, "delta": 0.074146}}
{"target": -13.75853798316616, "params": {"gamma": 550.6384822197724, "log10_alpha": -3.896469965648235, "log10_colsample_bytree": -0.07251105187926865, "log10_eta": -3.9729016750835466, "log10_lambda": -1.1160581700549943, "log10_min_child_weight": 0.0740399919649487, "log10_subsample": -0.5493991654253301, "max_depth": 4.0, "num_boost_round": 2.0}, "datetime": {"datetime": "2024-01-19 00:19:45", "elapsed": 438.001537, "delta": 0.001158}}
{"target": -13.758537289881508, "params": {"gamma": 550.6384822197724, "log10_alpha": -3.896469965648235, "log10_colsample_bytree": -0.07251105187926865, "log10_eta": -3.9729016750835466, "log10_lambda": -1.1160581700549943, "log10_min_child_weight": 0.0740399919649487, "log10_subsample": -0.5493991654253301, "max_depth": 4.0, "num_boost_round": 3.0}, "datetime": {"datetime": "2024-01-19 00:19:45", "elapsed": 438.002531, "delta": 0.000994}}
{"target": -13.758533982349716, "params": {"gamma": 550.6384822197724, "log10_alpha": -3.896469965648235, "log10_colsample_bytree": -0.07251105187926865, "log10_eta": -3.9729016750835466, "log10_lambda": -1.1160581700549943, "log10_min_child_weight": 0.0740399919649487, "log10_subsample": -0.5493991654253301, "max_depth": 4.0, "num_boost_round": 4.0}, "datetime": {"datetime": "2024-01-19 00:19:45", "elapsed": 438.003525, "delta": 0.000994}}
{"target": -13.758530442526856, "params": {"gamma": 550.6384822197724, "log10_alpha": -3.896469965648235, "log10_colsample_bytree": -0.07251105187926865, "log10_eta": -3.9729016750835466, "log10_lambda": -1.1160581700549943, "log10_min_child_weight": 0.0740399919649487, "log10_subsample": -0.5493991654253301, "max_depth": 4.0, "num_boost_round": 5.0}, "datetime": {"datetime": "2024-01-19 00:19:45", "elapsed": 438.00453, "delta": 0.001005}}
{"target": -13.758529536627636, "params": {"gamma": 550.6384822197724, "log10_alpha": -3.896469965648235, "log10_colsample_bytree": -0.07251105187926865, "log10_eta": -3.9729016750835466, "log10_lambda": -1.1160581700549943, "log10_min_child_weight": 0.0740399919649487, "log10_subsample": -0.5493991654253301, "max_depth": 4.0, "num_boost_round": 6.0}, "datetime": {"datetime": "2024-01-19 00:19:45", "elapsed": 438.005519, "delta": 0.000989}}
{"target": -13.758527425241272, "params": {"gamma": 550.6384822197724, "log10_alpha": -3.896469965648235, "log10_colsample_bytree": -0.07251105187926865, "log10_eta": -3.9729016750835466, "log10_lambda": -1.1160581700549943, "log10_min_child_weight": 0.0740399919649487, "log10_subsample": -0.5493991654253301, "max_depth": 4.0, "num_boost_round": 7.0}, "datetime": {"datetime": "2024-01-19 00:19:45", "elapsed": 438.006511, "delta": 0.000992}}
{"target": -13.758524639144564, "params": {"gamma": 550.6384822197724, "log10_alpha": -3.896469965648235, "log10_colsample_bytree": -0.07251105187926865, "log10_eta": -3.9729016750835466, "log10_lambda": -1.1160581700549943, "log10_min_child_weight": 0.0740399919649487, "log10_subsample": -0.5493991654253301, "max_depth": 4.0, "num_boost_round": 8.0}, "datetime": {"datetime": "2024-01-19 00:19:45", "elapsed": 438.007515, "delta": 0.001004}}
{"target": -13.758523276120673, "params": {"gamma": 550.6384822197724, "log10_alpha": -3.896469965648235, "log10_colsample_bytree": -0.07251105187926865, "log10_eta": -3.9729016750835466, "log10_lambda": -1.1160581700549943, "log10_min_child_weight": 0.0740399919649487, "log10_subsample": -0.5493991654253301, "max_depth": 4.0, "num_boost_round": 9.0}, "datetime": {"datetime": "2024-01-19 00:19:45", "elapsed": 438.008755, "delta": 0.00124}}
{"target": -13.75852125469762, "params": {"gamma": 550.6384822197724, "log10_alpha": -3.896469965648235, "log10_colsample_bytree": -0.07251105187926865, "log10_eta": -3.9729016750835466, "log10_lambda": -1.1160581700549943, "log10_min_child_weight": 0.0740399919649487, "log10_subsample": -0.5493991654253301, "max_depth": 4.0, "num_boost_round": 10.0}, "datetime": {"datetime": "2024-01-19 00:19:45", "elapsed": 438.010577, "delta": 0.001822}}
{"target": -13.758519776505088, "params": {"gamma": 550.6384822197724, "log10_alpha": -3.896469965648235, "log10_colsample_bytree": -0.07251105187926865, "log10_eta": -3.9729016750835466, "log10_lambda": -1.1160581700549943, "log10_min_child_weight": 0.0740399919649487, "log10_subsample": -0.5493991654253301, "max_depth": 4.0, "num_boost_round": 11.0}, "datetime": {"datetime": "2024-01-19 00:19:45", "elapsed": 438.011694, "delta": 0.001117}}
{"target": -13.758517715540439, "params": {"gamma": 550.6384822197724, "log10_alpha": -3.896469965648235, "log10_colsample_bytree": -0.07251105187926865, "log10_eta": -3.9729016750835466, "log10_lambda": -1.1160581700549943, "log10_min_child_weight": 0.0740399919649487, "log10_subsample": -0.5493991654253301, "max_depth": 4.0, "num_boost_round": 12.0}, "datetime": {"datetime": "2024-01-19 00:19:45", "elapsed": 438.012742, "delta": 0.001048}}
{"target": -13.758516766655344, "params": {"gamma": 550.6384822197724, "log10_alpha": -3.896469965648235, "log10_colsample_bytree": -0.07251105187926865, "log10_eta": -3.9729016750835466, "log10_lambda": -1.1160581700549943, "log10_min_child_weight": 0.0740399919649487, "log10_subsample": -0.5493991654253301, "max_depth": 4.0, "num_boost_round": 13.0}, "datetime": {"datetime": "2024-01-19 00:19:45", "elapsed": 438.013701, "delta": 0.000959}}
{"target": -13.758516435813593, "params": {"gamma": 550.6384822197724, "log10_alpha": -3.896469965648235, "log10_colsample_bytree": -0.07251105187926865, "log10_eta": -3.9729016750835466, "log10_lambda": -1.1160581700549943, "log10_min_child_weight": 0.0740399919649487, "log10_subsample": -0.5493991654253301, "max_depth": 4.0, "num_boost_round": 14.0}, "datetime": {"datetime": "2024-01-19 00:19:45", "elapsed": 438.014653, "delta": 0.000952}}
{"target": -13.758513772216153, "params": {"gamma": 550.6384822197724, "log10_alpha": -3.896469965648235, "log10_colsample_bytree": -0.07251105187926865, "log10_eta": -3.9729016750835466, "log10_lambda": -1.1160581700549943, "log10_min_child_weight": 0.0740399919649487, "log10_subsample": -0.5493991654253301, "max_depth": 4.0, "num_boost_round": 15.0}, "datetime": {"datetime": "2024-01-19 00:19:45", "elapsed": 438.015598, "delta": 0.000945}}
{"target": -13.758510471879793, "params": {"gamma": 550.6384822197724, "log10_alpha": -3.896469965648235, "log10_colsample_bytree": -0.07251105187926865, "log10_eta": -3.9729016750835466, "log10_lambda": -1.1160581700549943, "log10_min_child_weight": 0.0740399919649487, "log10_subsample": -0.5493991654253301, "max_depth": 4.0, "num_boost_round": 16.0}, "datetime": {"datetime": "2024-01-19 00:19:45", "elapsed": 438.016558, "delta": 0.00096}}
{"target": -13.75851113171169, "params": {"gamma": 550.6384822197724, "log10_alpha": -3.896469965648235, "log10_colsample_bytree": -0.07251105187926865, "log10_eta": -3.9729016750835466, "log10_lambda": -1.1160581700549943, "log10_min_child_weight": 0.0740399919649487, "log10_subsample": -0.5493991654253301, "max_depth": 4.0, "num_boost_round": 17.0}, "datetime": {"datetime": "2024-01-19 00:19:45", "elapsed": 438.017602, "delta": 0.001044}}
{"target": -13.758510723072387, "params": {"gamma": 550.6384822197724, "log10_alpha": -3.896469965648235, "log10_colsample_bytree": -0.07251105187926865, "log10_eta": -3.9729016750835466, "log10_lambda": -1.1160581700549943, "log10_min_child_weight": 0.0740399919649487, "log10_subsample": -0.5493991654253301, "max_depth": 4.0, "num_boost_round": 18.0}, "datetime": {"datetime": "2024-01-19 00:19:45", "elapsed": 438.018595, "delta": 0.000993}}
{"target": -13.758508621002271, "params": {"gamma": 550.6384822197724, "log10_alpha": -3.896469965648235, "log10_colsample_bytree": -0.07251105187926865, "log10_eta": -3.9729016750835466, "log10_lambda": -1.1160581700549943, "log10_min_child_weight": 0.0740399919649487, "log10_subsample": -0.5493991654253301, "max_depth": 4.0, "num_boost_round": 19.0}, "datetime": {"datetime": "2024-01-19 00:19:45", "elapsed": 438.019594, "delta": 0.000999}}
{"target": -13.758507038852395, "params": {"gamma": 550.6384822197724, "log10_alpha": -3.896469965648235, "log10_colsample_bytree": -0.07251105187926865, "log10_eta": -3.9729016750835466, "log10_lambda": -1.1160581700549943, "log10_min_child_weight": 0.0740399919649487, "log10_subsample": -0.5493991654253301, "max_depth": 4.0, "num_boost_round": 20.0}, "datetime": {"datetime": "2024-01-19 00:19:45", "elapsed": 438.020868, "delta": 0.001274}}
{"target": -13.758504238542109, "params": {"gamma": 550.6384822197724, "log10_alpha": -3.896469965648235, "log10_colsample_bytree": -0.07251105187926865, "log10_eta": -3.9729016750835466, "log10_lambda": -1.1160581700549943, "log10_min_child_weight": 0.0740399919649487, "log10_subsample": -0.5493991654253301, "max_depth": 4.0, "num_boost_round": 21.0}, "datetime": {"datetime": "2024-01-19 00:19:45", "elapsed": 438.021867, "delta": 0.000999}}
{"target": -13.758503565589018, "params": {"gamma": 550.6384822197724, "log10_alpha": -3.896469965648235, "log10_colsample_bytree": -0.07251105187926865, "log10_eta": -3.9729016750835466, "log10_lambda": -1.1160581700549943, "log10_min_child_weight": 0.0740399919649487, "log10_subsample": -0.5493991654253301, "max_depth": 4.0, "num_boost_round": 22.0}, "datetime": {"datetime": "2024-01-19 00:19:45", "elapsed": 438.022877, "delta": 0.00101}}
{"target": -13.758503451808453, "params": {"gamma": 550.6384822197724, "log10_alpha": -3.896469965648235, "log10_colsample_bytree": -0.07251105187926865, "log10_eta": -3.9729016750835466, "log10_lambda": -1.1160581700549943, "log10_min_child_weight": 0.0740399919649487, "log10_subsample": -0.5493991654253301, "max_depth": 4.0, "num_boost_round": 23.0}, "datetime": {"datetime": "2024-01-19 00:19:45", "elapsed": 438.023876, "delta": 0.000999}}
{"target": -13.758501709019146, "params": {"gamma": 550.6384822197724, "log10_alpha": -3.896469965648235, "log10_colsample_bytree": -0.07251105187926865, "log10_eta": -3.9729016750835466, "log10_lambda": -1.1160581700549943, "log10_min_child_weight": 0.0740399919649487, "log10_subsample": -0.5493991654253301, "max_depth": 4.0, "num_boost_round": 24.0}, "datetime": {"datetime": "2024-01-19 00:19:45", "elapsed": 438.024877, "delta": 0.001001}}
{"target": -13.758501218949743, "params": {"gamma": 550.6384822197724, "log10_alpha": -3.896469965648235, "log10_colsample_bytree": -0.07251105187926865, "log10_eta": -3.9729016750835466, "log10_lambda": -1.1160581700549943, "log10_min_child_weight": 0.0740399919649487, "log10_subsample": -0.5493991654253301, "max_depth": 4.0, "num_boost_round": 25.0}, "datetime": {"datetime": "2024-01-19 00:19:45", "elapsed": 438.025879, "delta": 0.001002}}
{"target": -13.75855156236504, "params": {"gamma": 545.4160234736172, "log10_alpha": -0.14663388588331117, "log10_colsample_bytree": -0.01721170646195369, "log10_eta": -2.827328927079099, "log10_lambda": -3.0647411272682428, "log10_min_child_weight": 0.06299036951061154, "log10_subsample": -0.35582410566722955, "max_depth": 9.0, "num_boost_round": 0.0}, "datetime": {"datetime": "2024-01-19 00:20:22", "elapsed": 475.30816, "delta": 37.282281}}
{"target": -13.75856434416918, "params": {"gamma": 545.4160234736172, "log10_alpha": -0.14663388588331117, "log10_colsample_bytree": -0.01721170646195369, "log10_eta": -2.827328927079099, "log10_lambda": -3.0647411272682428, "log10_min_child_weight": 0.06299036951061154, "log10_subsample": -0.35582410566722955, "max_depth": 9.0, "num_boost_round": 1.0}, "datetime": {"datetime": "2024-01-19 00:20:22", "elapsed": 475.309822, "delta": 0.001662}}
{"target": -13.758588371525912, "params": {"gamma": 545.4160234736172, "log10_alpha": -0.14663388588331117, "log10_colsample_bytree": -0.01721170646195369, "log10_eta": -2.827328927079099, "log10_lambda": -3.0647411272682428, "log10_min_child_weight": 0.06299036951061154, "log10_subsample": -0.35582410566722955, "max_depth": 9.0, "num_boost_round": 2.0}, "datetime": {"datetime": "2024-01-19 00:20:22", "elapsed": 475.310882, "delta": 0.00106}}
{"target": -13.758603443331484, "params": {"gamma": 545.4160234736172, "log10_alpha": -0.14663388588331117, "log10_colsample_bytree": -0.01721170646195369, "log10_eta": -2.827328927079099, "log10_lambda": -3.0647411272682428, "log10_min_child_weight": 0.06299036951061154, "log10_subsample": -0.35582410566722955, "max_depth": 9.0, "num_boost_round": 3.0}, "datetime": {"datetime": "2024-01-19 00:20:22", "elapsed": 475.312513, "delta": 0.001631}}
{"target": -13.758592300965853, "params": {"gamma": 545.4160234736172, "log10_alpha": -0.14663388588331117, "log10_colsample_bytree": -0.01721170646195369, "log10_eta": -2.827328927079099, "log10_lambda": -3.0647411272682428, "log10_min_child_weight": 0.06299036951061154, "log10_subsample": -0.35582410566722955, "max_depth": 9.0, "num_boost_round": 4.0}, "datetime": {"datetime": "2024-01-19 00:20:22", "elapsed": 475.313988, "delta": 0.001475}}
{"target": -13.758542790372038, "params": {"gamma": 545.4160234736172, "log10_alpha": -0.14663388588331117, "log10_colsample_bytree": -0.01721170646195369, "log10_eta": -2.827328927079099, "log10_lambda": -3.0647411272682428, "log10_min_child_weight": 0.06299036951061154, "log10_subsample": -0.35582410566722955, "max_depth": 9.0, "num_boost_round": 5.0}, "datetime": {"datetime": "2024-01-19 00:20:22", "elapsed": 475.315008, "delta": 0.00102}}
{"target": -13.758485262159873, "params": {"gamma": 545.4160234736172, "log10_alpha": -0.14663388588331117, "log10_colsample_bytree": -0.01721170646195369, "log10_eta": -2.827328927079099, "log10_lambda": -3.0647411272682428, "log10_min_child_weight": 0.06299036951061154, "log10_subsample": -0.35582410566722955, "max_depth": 9.0, "num_boost_round": 6.0}, "datetime": {"datetime": "2024-01-19 00:20:22", "elapsed": 475.316064, "delta": 0.001056}}
{"target": -13.758507171600186, "params": {"gamma": 545.4160234736172, "log10_alpha": -0.14663388588331117, "log10_colsample_bytree": -0.01721170646195369, "log10_eta": -2.827328927079099, "log10_lambda": -3.0647411272682428, "log10_min_child_weight": 0.06299036951061154, "log10_subsample": -0.35582410566722955, "max_depth": 9.0, "num_boost_round": 7.0}, "datetime": {"datetime": "2024-01-19 00:20:22", "elapsed": 475.317065, "delta": 0.001001}}
{"target": -13.758500447067716, "params": {"gamma": 545.4160234736172, "log10_alpha": -0.14663388588331117, "log10_colsample_bytree": -0.01721170646195369, "log10_eta": -2.827328927079099, "log10_lambda": -3.0647411272682428, "log10_min_child_weight": 0.06299036951061154, "log10_subsample": -0.35582410566722955, "max_depth": 9.0, "num_boost_round": 8.0}, "datetime": {"datetime": "2024-01-19 00:20:22", "elapsed": 475.318078, "delta": 0.001013}}
{"target": -13.758486275770064, "params": {"gamma": 545.4160234736172, "log10_alpha": -0.14663388588331117, "log10_colsample_bytree": -0.01721170646195369, "log10_eta": -2.827328927079099, "log10_lambda": -3.0647411272682428, "log10_min_child_weight": 0.06299036951061154, "log10_subsample": -0.35582410566722955, "max_depth": 9.0, "num_boost_round": 9.0}, "datetime": {"datetime": "2024-01-19 00:20:22", "elapsed": 475.319075, "delta": 0.000997}}
{"target": -13.75854992974573, "params": {"gamma": 545.4160234736172, "log10_alpha": -0.14663388588331117, "log10_colsample_bytree": -0.01721170646195369, "log10_eta": -2.827328927079099, "log10_lambda": -3.0647411272682428, "log10_min_child_weight": 0.06299036951061154, "log10_subsample": -0.35582410566722955, "max_depth": 9.0, "num_boost_round": 10.0}, "datetime": {"datetime": "2024-01-19 00:20:22", "elapsed": 475.320081, "delta": 0.001006}}
{"target": -13.758579359399706, "params": {"gamma": 545.4160234736172, "log10_alpha": -0.14663388588331117, "log10_colsample_bytree": -0.01721170646195369, "log10_eta": -2.827328927079099, "log10_lambda": -3.0647411272682428, "log10_min_child_weight": 0.06299036951061154, "log10_subsample": -0.35582410566722955, "max_depth": 9.0, "num_boost_round": 11.0}, "datetime": {"datetime": "2024-01-19 00:20:22", "elapsed": 475.321094, "delta": 0.001013}}
{"target": -13.758614283550763, "params": {"gamma": 545.4160234736172, "log10_alpha": -0.14663388588331117, "log10_colsample_bytree": -0.01721170646195369, "log10_eta": -2.827328927079099, "log10_lambda": -3.0647411272682428, "log10_min_child_weight": 0.06299036951061154, "log10_subsample": -0.35582410566722955, "max_depth": 9.0, "num_boost_round": 12.0}, "datetime": {"datetime": "2024-01-19 00:20:22", "elapsed": 475.331021, "delta": 0.009927}}
{"target": -13.758675098312796, "params": {"gamma": 545.4160234736172, "log10_alpha": -0.14663388588331117, "log10_colsample_bytree": -0.01721170646195369, "log10_eta": -2.827328927079099, "log10_lambda": -3.0647411272682428, "log10_min_child_weight": 0.06299036951061154, "log10_subsample": -0.35582410566722955, "max_depth": 9.0, "num_boost_round": 13.0}, "datetime": {"datetime": "2024-01-19 00:20:22", "elapsed": 475.332284, "delta": 0.001263}}
{"target": -13.75854544931185, "params": {"gamma": 545.4160234736172, "log10_alpha": -0.14663388588331117, "log10_colsample_bytree": -0.01721170646195369, "log10_eta": -2.827328927079099, "log10_lambda": -3.0647411272682428, "log10_min_child_weight": 0.06299036951061154, "log10_subsample": -0.35582410566722955, "max_depth": 9.0, "num_boost_round": 14.0}, "datetime": {"datetime": "2024-01-19 00:20:22", "elapsed": 475.333394, "delta": 0.00111}}
{"target": -13.75853136359024, "params": {"gamma": 545.4160234736172, "log10_alpha": -0.14663388588331117, "log10_colsample_bytree": -0.01721170646195369, "log10_eta": -2.827328927079099, "log10_lambda": -3.0647411272682428, "log10_min_child_weight": 0.06299036951061154, "log10_subsample": -0.35582410566722955, "max_depth": 9.0, "num_boost_round": 15.0}, "datetime": {"datetime": "2024-01-19 00:20:22", "elapsed": 475.334409, "delta": 0.001015}}
{"target": -13.758605703247879, "params": {"gamma": 545.4160234736172, "log10_alpha": -0.14663388588331117, "log10_colsample_bytree": -0.01721170646195369, "log10_eta": -2.827328927079099, "log10_lambda": -3.0647411272682428, "log10_min_child_weight": 0.06299036951061154, "log10_subsample": -0.35582410566722955, "max_depth": 9.0, "num_boost_round": 16.0}, "datetime": {"datetime": "2024-01-19 00:20:22", "elapsed": 475.335443, "delta": 0.001034}}
{"target": -13.758564143507053, "params": {"gamma": 545.4160234736172, "log10_alpha": -0.14663388588331117, "log10_colsample_bytree": -0.01721170646195369, "log10_eta": -2.827328927079099, "log10_lambda": -3.0647411272682428, "log10_min_child_weight": 0.06299036951061154, "log10_subsample": -0.35582410566722955, "max_depth": 9.0, "num_boost_round": 17.0}, "datetime": {"datetime": "2024-01-19 00:20:22", "elapsed": 475.336458, "delta": 0.001015}}
