{"target": -13.79005121151816, "params": {"gamma": 944.7662823760037, "log10_alpha": -0.03513564635556232, "log10_colsample_bytree": -0.028585486299723017, "log10_eta": -0.37207592227402353, "log10_lambda": -1.6858375913209196, "log10_min_child_weight": 4.726335944142697, "log10_subsample": -0.6330507795838425, "max_depth": 9.0, "num_boost_round": 20.0}, "datetime": {"datetime": "2024-01-19 01:14:21", "elapsed": 3762.758844, "delta": 0.004531}}
{"target": -13.790207132484138, "params": {"gamma": 944.7662823760037, "log10_alpha": -0.03513564635556232, "log10_colsample_bytree": -0.028585486299723017, "log10_eta": -0.37207592227402353, "log10_lambda": -1.6858375913209196, "log10_min_child_weight": 4.726335944142697, "log10_subsample": -0.6330507795838425, "max_depth": 9.0, "num_boost_round": 21.0}, "datetime": {"datetime": "2024-01-19 01:14:21", "elapsed": 3762.763417, "delta": 0.004573}}
{"target": -13.789963299838758, "params": {"gamma": 944.7662823760037, "log10_alpha": -0.03513564635556232, "log10_colsample_bytree": -0.028585486299723017, "log10_eta": -0.37207592227402353, "log10_lambda": -1.6858375913209196, "log10_min_child_weight": 4.726335944142697, "log10_subsample": -0.6330507795838425, "max_depth": 9.0, "num_boost_round": 22.0}, "datetime": {"datetime": "2024-01-19 01:14:21", "elapsed": 3762.768001, "delta": 0.004584}}
{"target": -13.791644655866703, "params": {"gamma": 944.7662823760037, "log10_alpha": -0.03513564635556232, "log10_colsample_bytree": -0.028585486299723017, "log10_eta": -0.37207592227402353, "log10_lambda": -1.6858375913209196, "log10_min_child_weight": 4.726335944142697, "log10_subsample": -0.6330507795838425, "max_depth": 9.0, "num_boost_round": 23.0}, "datetime": {"datetime": "2024-01-19 01:14:21", "elapsed": 3762.772689, "delta": 0.004688}}
{"target": -13.794459673971495, "params": {"gamma": 944.7662823760037, "log10_alpha": -0.03513564635556232, "log10_colsample_bytree": -0.028585486299723017, "log10_eta": -0.37207592227402353, "log10_lambda": -1.6858375913209196, "log10_min_child_weight": 4.726335944142697, "log10_subsample": -0.6330507795838425, "max_depth": 9.0, "num_boost_round": 24.0}, "datetime": {"datetime": "2024-01-19 01:14:21", "elapsed": 3762.777267, "delta": 0.004578}}
{"target": -13.793149178335087, "params": {"gamma": 944.7662823760037, "log10_alpha": -0.03513564635556232, "log10_colsample_bytree": -0.028585486299723017, "log10_eta": -0.37207592227402353, "log10_lambda": -1.6858375913209196, "log10_min_child_weight": 4.726335944142697, "log10_subsample": -0.6330507795838425, "max_depth": 9.0, "num_boost_round": 25.0}, "datetime": {"datetime": "2024-01-19 01:14:21", "elapsed": 3762.781879, "delta": 0.004612}}
{"target": -13.794613185069071, "params": {"gamma": 944.7662823760037, "log10_alpha": -0.03513564635556232, "log10_colsample_bytree": -0.028585486299723017, "log10_eta": -0.37207592227402353, "log10_lambda": -1.6858375913209196, "log10_min_child_weight": 4.726335944142697, "log10_subsample": -0.6330507795838425, "max_depth": 9.0, "num_boost_round": 26.0}, "datetime": {"datetime": "2024-01-19 01:14:21", "elapsed": 3762.78647, "delta": 0.004591}}
{"target": -13.79412764612089, "params": {"gamma": 944.7662823760037, "log10_alpha": -0.03513564635556232, "log10_colsample_bytree": -0.028585486299723017, "log10_eta": -0.37207592227402353, "log10_lambda": -1.6858375913209196, "log10_min_child_weight": 4.726335944142697, "log10_subsample": -0.6330507795838425, "max_depth": 9.0, "num_boost_round": 27.0}, "datetime": {"datetime": "2024-01-19 01:14:21", "elapsed": 3762.791139, "delta": 0.004669}}
{"target": -13.793458003365354, "params": {"gamma": 944.7662823760037, "log10_alpha": -0.03513564635556232, "log10_colsample_bytree": -0.028585486299723017, "log10_eta": -0.37207592227402353, "log10_lambda": -1.6858375913209196, "log10_min_child_weight": 4.726335944142697, "log10_subsample": -0.6330507795838425, "max_depth": 9.0, "num_boost_round": 28.0}, "datetime": {"datetime": "2024-01-19 01:14:21", "elapsed": 3762.795788, "delta": 0.004649}}
{"target": -13.794286579224202, "params": {"gamma": 944.7662823760037, "log10_alpha": -0.03513564635556232, "log10_colsample_bytree": -0.028585486299723017, "log10_eta": -0.37207592227402353, "log10_lambda": -1.6858375913209196, "log10_min_child_weight": 4.726335944142697, "log10_subsample": -0.6330507795838425, "max_depth": 9.0, "num_boost_round": 29.0}, "datetime": {"datetime": "2024-01-19 01:14:21", "elapsed": 3762.800358, "delta": 0.00457}}
{"target": -13.794056047169866, "params": {"gamma": 944.7662823760037, "log10_alpha": -0.03513564635556232, "log10_colsample_bytree": -0.028585486299723017, "log10_eta": -0.37207592227402353, "log10_lambda": -1.6858375913209196, "log10_min_child_weight": 4.726335944142697, "log10_subsample": -0.6330507795838425, "max_depth": 9.0, "num_boost_round": 30.0}, "datetime": {"datetime": "2024-01-19 01:14:21", "elapsed": 3762.804948, "delta": 0.00459}}
{"target": -13.79426940711225, "params": {"gamma": 944.7662823760037, "log10_alpha": -0.03513564635556232, "log10_colsample_bytree": -0.028585486299723017, "log10_eta": -0.37207592227402353, "log10_lambda": -1.6858375913209196, "log10_min_child_weight": 4.726335944142697, "log10_subsample": -0.6330507795838425, "max_depth": 9.0, "num_boost_round": 31.0}, "datetime": {"datetime": "2024-01-19 01:14:21", "elapsed": 3762.809651, "delta": 0.004703}}
{"target": -13.793525180212097, "params": {"gamma": 944.7662823760037, "log10_alpha": -0.03513564635556232, "log10_colsample_bytree": -0.028585486299723017, "log10_eta": -0.37207592227402353, "log10_lambda": -1.6858375913209196, "log10_min_child_weight": 4.726335944142697, "log10_subsample": -0.6330507795838425, "max_depth": 9.0, "num_boost_round": 32.0}, "datetime": {"datetime": "2024-01-19 01:14:21", "elapsed": 3762.814229, "delta": 0.004578}}
{"target": -13.794920797088123, "params": {"gamma": 944.7662823760037, "log10_alpha": -0.03513564635556232, "log10_colsample_bytree": -0.028585486299723017, "log10_eta": -0.37207592227402353, "log10_lambda": -1.6858375913209196, "log10_min_child_weight": 4.726335944142697, "log10_subsample": -0.6330507795838425, "max_depth": 9.0, "num_boost_round": 33.0}, "datetime": {"datetime": "2024-01-19 01:14:21", "elapsed": 3762.819462, "delta": 0.005233}}
{"target": -13.79559092420881, "params": {"gamma": 944.7662823760037, "log10_alpha": -0.03513564635556232, "log10_colsample_bytree": -0.028585486299723017, "log10_eta": -0.37207592227402353, "log10_lambda": -1.6858375913209196, "log10_min_child_weight": 4.726335944142697, "log10_subsample": -0.6330507795838425, "max_depth": 9.0, "num_boost_round": 34.0}, "datetime": {"datetime": "2024-01-19 01:14:21", "elapsed": 3762.824213, "delta": 0.004751}}
{"target": -13.798243041120426, "params": {"gamma": 944.7662823760037, "log10_alpha": -0.03513564635556232, "log10_colsample_bytree": -0.028585486299723017, "log10_eta": -0.37207592227402353, "log10_lambda": -1.6858375913209196, "log10_min_child_weight": 4.726335944142697, "log10_subsample": -0.6330507795838425, "max_depth": 9.0, "num_boost_round": 35.0}, "datetime": {"datetime": "2024-01-19 01:14:21", "elapsed": 3762.8296, "delta": 0.005387}}
{"target": -13.797335422312491, "params": {"gamma": 944.7662823760037, "log10_alpha": -0.03513564635556232, "log10_colsample_bytree": -0.028585486299723017, "log10_eta": -0.37207592227402353, "log10_lambda": -1.6858375913209196, "log10_min_child_weight": 4.726335944142697, "log10_subsample": -0.6330507795838425, "max_depth": 9.0, "num_boost_round": 36.0}, "datetime": {"datetime": "2024-01-19 01:14:21", "elapsed": 3762.834391, "delta": 0.004791}}
{"target": -13.79511561619708, "params": {"gamma": 944.7662823760037, "log10_alpha": -0.03513564635556232, "log10_colsample_bytree": -0.028585486299723017, "log10_eta": -0.37207592227402353, "log10_lambda": -1.6858375913209196, "log10_min_child_weight": 4.726335944142697, "log10_subsample": -0.6330507795838425, "max_depth": 9.0, "num_boost_round": 37.0}, "datetime": {"datetime": "2024-01-19 01:14:21", "elapsed": 3762.839082, "delta": 0.004691}}
{"target": -13.796867200286997, "params": {"gamma": 944.7662823760037, "log10_alpha": -0.03513564635556232, "log10_colsample_bytree": -0.028585486299723017, "log10_eta": -0.37207592227402353, "log10_lambda": -1.6858375913209196, "log10_min_child_weight": 4.726335944142697, "log10_subsample": -0.6330507795838425, "max_depth": 9.0, "num_boost_round": 38.0}, "datetime": {"datetime": "2024-01-19 01:14:21", "elapsed": 3762.843688, "delta": 0.004606}}
{"target": -13.797377687068538, "params": {"gamma": 944.7662823760037, "log10_alpha": -0.03513564635556232, "log10_colsample_bytree": -0.028585486299723017, "log10_eta": -0.37207592227402353, "log10_lambda": -1.6858375913209196, "log10_min_child_weight": 4.726335944142697, "log10_subsample": -0.6330507795838425, "max_depth": 9.0, "num_boost_round": 39.0}, "datetime": {"datetime": "2024-01-19 01:14:21", "elapsed": 3762.848363, "delta": 0.004675}}
{"target": -13.798727728075523, "params": {"gamma": 944.7662823760037, "log10_alpha": -0.03513564635556232, "log10_colsample_bytree": -0.028585486299723017, "log10_eta": -0.37207592227402353, "log10_lambda": -1.6858375913209196, "log10_min_child_weight": 4.726335944142697, "log10_subsample": -0.6330507795838425, "max_depth": 9.0, "num_boost_round": 40.0}, "datetime": {"datetime": "2024-01-19 01:14:21", "elapsed": 3762.853042, "delta": 0.004679}}
{"target": -13.79993609488756, "params": {"gamma": 944.7662823760037, "log10_alpha": -0.03513564635556232, "log10_colsample_bytree": -0.028585486299723017, "log10_eta": -0.37207592227402353, "log10_lambda": -1.6858375913209196, "log10_min_child_weight": 4.726335944142697, "log10_subsample": -0.6330507795838425, "max_depth": 9.0, "num_boost_round": 41.0}, "datetime": {"datetime": "2024-01-19 01:14:21", "elapsed": 3762.857664, "delta": 0.004622}}
{"target": -13.802112279629773, "params": {"gamma": 944.7662823760037, "log10_alpha": -0.03513564635556232, "log10_colsample_bytree": -0.028585486299723017, "log10_eta": -0.37207592227402353, "log10_lambda": -1.6858375913209196, "log10_min_child_weight": 4.726335944142697, "log10_subsample": -0.6330507795838425, "max_depth": 9.0, "num_boost_round": 42.0}, "datetime": {"datetime": "2024-01-19 01:14:21", "elapsed": 3762.862285, "delta": 0.004621}}
{"target": -13.801482741663328, "params": {"gamma": 944.7662823760037, "log10_alpha": -0.03513564635556232, "log10_colsample_bytree": -0.028585486299723017, "log10_eta": -0.37207592227402353, "log10_lambda": -1.6858375913209196, "log10_min_child_weight": 4.726335944142697, "log10_subsample": -0.6330507795838425, "max_depth": 9.0, "num_boost_round": 43.0}, "datetime": {"datetime": "2024-01-19 01:14:21", "elapsed": 3762.866971, "delta": 0.004686}}
{"target": -13.80183679280131, "params": {"gamma": 944.7662823760037, "log10_alpha": -0.03513564635556232, "log10_colsample_bytree": -0.028585486299723017, "log10_eta": -0.37207592227402353, "log10_lambda": -1.6858375913209196, "log10_min_child_weight": 4.726335944142697, "log10_subsample": -0.6330507795838425, "max_depth": 9.0, "num_boost_round": 44.0}, "datetime": {"datetime": "2024-01-19 01:14:21", "elapsed": 3762.871618, "delta": 0.004647}}
{"target": -13.805070529281213, "params": {"gamma": 944.7662823760037, "log10_alpha": -0.03513564635556232, "log10_colsample_bytree": -0.028585486299723017, "log10_eta": -0.37207592227402353, "log10_lambda": -1.6858375913209196, "log10_min_child_weight": 4.726335944142697, "log10_subsample": -0.6330507795838425, "max_depth": 9.0, "num_boost_round": 45.0}, "datetime": {"datetime": "2024-01-19 01:14:21", "elapsed": 3762.876256, "delta": 0.004638}}
{"target": -13.806159040439418, "params": {"gamma": 944.7662823760037, "log10_alpha": -0.03513564635556232, "log10_colsample_bytree": -0.028585486299723017, "log10_eta": -0.37207592227402353, "log10_lambda": -1.6858375913209196, "log10_min_child_weight": 4.726335944142697, "log10_subsample": -0.6330507795838425, "max_depth": 9.0, "num_boost_round": 46.0}, "datetime": {"datetime": "2024-01-19 01:14:21", "elapsed": 3762.880886, "delta": 0.00463}}
{"target": -13.805310220665932, "params": {"gamma": 944.7662823760037, "log10_alpha": -0.03513564635556232, "log10_colsample_bytree": -0.028585486299723017, "log10_eta": -0.37207592227402353, "log10_lambda": -1.6858375913209196, "log10_min_child_weight": 4.726335944142697, "log10_subsample": -0.6330507795838425, "max_depth": 9.0, "num_boost_round": 47.0}, "datetime": {"datetime": "2024-01-19 01:14:21", "elapsed": 3762.885576, "delta": 0.00469}}
{"target": -13.804537853570856, "params": {"gamma": 944.7662823760037, "log10_alpha": -0.03513564635556232, "log10_colsample_bytree": -0.028585486299723017, "log10_eta": -0.37207592227402353, "log10_lambda": -1.6858375913209196, "log10_min_child_weight": 4.726335944142697, "log10_subsample": -0.6330507795838425, "max_depth": 9.0, "num_boost_round": 48.0}, "datetime": {"datetime": "2024-01-19 01:14:21", "elapsed": 3762.890169, "delta": 0.004593}}
{"target": -13.8059005504363, "params": {"gamma": 944.7662823760037, "log10_alpha": -0.03513564635556232, "log10_colsample_bytree": -0.028585486299723017, "log10_eta": -0.37207592227402353, "log10_lambda": -1.6858375913209196, "log10_min_child_weight": 4.726335944142697, "log10_subsample": -0.6330507795838425, "max_depth": 9.0, "num_boost_round": 49.0}, "datetime": {"datetime": "2024-01-19 01:14:21", "elapsed": 3762.894794, "delta": 0.004625}}
{"target": -13.80627542039524, "params": {"gamma": 944.7662823760037, "log10_alpha": -0.03513564635556232, "log10_colsample_bytree": -0.028585486299723017, "log10_eta": -0.37207592227402353, "log10_lambda": -1.6858375913209196, "log10_min_child_weight": 4.726335944142697, "log10_subsample": -0.6330507795838425, "max_depth": 9.0, "num_boost_round": 50.0}, "datetime": {"datetime": "2024-01-19 01:14:21", "elapsed": 3762.899416, "delta": 0.004622}}
{"target": -13.806705757787256, "params": {"gamma": 944.7662823760037, "log10_alpha": -0.03513564635556232, "log10_colsample_bytree": -0.028585486299723017, "log10_eta": -0.37207592227402353, "log10_lambda": -1.6858375913209196, "log10_min_child_weight": 4.726335944142697, "log10_subsample": -0.6330507795838425, "max_depth": 9.0, "num_boost_round": 51.0}, "datetime": {"datetime": "2024-01-19 01:14:21", "elapsed": 3762.904223, "delta": 0.004807}}
{"target": -13.806376369221246, "params": {"gamma": 944.7662823760037, "log10_alpha": -0.03513564635556232, "log10_colsample_bytree": -0.028585486299723017, "log10_eta": -0.37207592227402353, "log10_lambda": -1.6858375913209196, "log10_min_child_weight": 4.726335944142697, "log10_subsample": -0.6330507795838425, "max_depth": 9.0, "num_boost_round": 52.0}, "datetime": {"datetime": "2024-01-19 01:14:21", "elapsed": 3762.908801, "delta": 0.004578}}
{"target": -13.806907649663907, "params": {"gamma": 944.7662823760037, "log10_alpha": -0.03513564635556232, "log10_colsample_bytree": -0.028585486299723017, "log10_eta": -0.37207592227402353, "log10_lambda": -1.6858375913209196, "log10_min_child_weight": 4.726335944142697, "log10_subsample": -0.6330507795838425, "max_depth": 9.0, "num_boost_round": 53.0}, "datetime": {"datetime": "2024-01-19 01:14:21", "elapsed": 3762.913385, "delta": 0.004584}}
{"target": -13.806621078238344, "params": {"gamma": 944.7662823760037, "log10_alpha": -0.03513564635556232, "log10_colsample_bytree": -0.028585486299723017, "log10_eta": -0.37207592227402353, "log10_lambda": -1.6858375913209196, "log10_min_child_weight": 4.726335944142697, "log10_subsample": -0.6330507795838425, "max_depth": 9.0, "num_boost_round": 54.0}, "datetime": {"datetime": "2024-01-19 01:14:21", "elapsed": 3762.917985, "delta": 0.0046}}
{"target": -13.75843024432732, "params": {"gamma": 937.7468713128598, "log10_alpha": -2.7316035312614653, "log10_colsample_bytree": -0.2665920766050244, "log10_eta": -1.9233125465884875, "log10_lambda": -1.3453419879860729, "log10_min_child_weight": 2.0123668271402573, "log10_subsample": -0.5005197213389345, "max_depth": 2.0, "num_boost_round": 0.0}, "datetime": {"datetime": "2024-01-19 01:15:31", "elapsed": 3832.481712, "delta": 69.563727}}
{"target": -13.758313377520437, "params": {"gamma": 937.7468713128598, "log10_alpha": -2.7316035312614653, "log10_colsample_bytree": -0.2665920766050244, "log10_eta": -1.9233125465884875, "log10_lambda": -1.3453419879860729, "log10_min_child_weight": 2.0123668271402573, "log10_subsample": -0.5005197213389345, "max_depth": 2.0, "num_boost_round": 1.0}, "datetime": {"datetime": "2024-01-19 01:15:31", "elapsed": 3832.486624, "delta": 0.004912}}
{"target": -13.758343035922104, "params": {"gamma": 937.7468713128598, "log10_alpha": -2.7316035312614653, "log10_colsample_bytree": -0.2665920766050244, "log10_eta": -1.9233125465884875, "log10_lambda": -1.3453419879860729, "log10_min_child_weight": 2.0123668271402573, "log10_subsample": -0.5005197213389345, "max_depth": 2.0, "num_boost_round": 2.0}, "datetime": {"datetime": "2024-01-19 01:15:31", "elapsed": 3832.491293, "delta": 0.004669}}
{"target": -13.75833932932805, "params": {"gamma": 937.7468713128598, "log10_alpha": -2.7316035312614653, "log10_colsample_bytree": -0.2665920766050244, "log10_eta": -1.9233125465884875, "log10_lambda": -1.3453419879860729, "log10_min_child_weight": 2.0123668271402573, "log10_subsample": -0.5005197213389345, "max_depth": 2.0, "num_boost_round": 3.0}, "datetime": {"datetime": "2024-01-19 01:15:31", "elapsed": 3832.495877, "delta": 0.004584}}
{"target": -13.758221537646868, "params": {"gamma": 937.7468713128598, "log10_alpha": -2.7316035312614653, "log10_colsample_bytree": -0.2665920766050244, "log10_eta": -1.9233125465884875, "log10_lambda": -1.3453419879860729, "log10_min_child_weight": 2.0123668271402573, "log10_subsample": -0.5005197213389345, "max_depth": 2.0, "num_boost_round": 4.0}, "datetime": {"datetime": "2024-01-19 01:15:31", "elapsed": 3832.500671, "delta": 0.004794}}
{"target": -13.758199443015608, "params": {"gamma": 937.7468713128598, "log10_alpha": -2.7316035312614653, "log10_colsample_bytree": -0.2665920766050244, "log10_eta": -1.9233125465884875, "log10_lambda": -1.3453419879860729, "log10_min_child_weight": 2.0123668271402573, "log10_subsample": -0.5005197213389345, "max_depth": 2.0, "num_boost_round": 5.0}, "datetime": {"datetime": "2024-01-19 01:15:31", "elapsed": 3832.505194, "delta": 0.004523}}
{"target": -13.758255890715047, "params": {"gamma": 937.7468713128598, "log10_alpha": -2.7316035312614653, "log10_colsample_bytree": -0.2665920766050244, "log10_eta": -1.9233125465884875, "log10_lambda": -1.3453419879860729, "log10_min_child_weight": 2.0123668271402573, "log10_subsample": -0.5005197213389345, "max_depth": 2.0, "num_boost_round": 6.0}, "datetime": {"datetime": "2024-01-19 01:15:31", "elapsed": 3832.509886, "delta": 0.004692}}
{"target": -13.758206723512123, "params": {"gamma": 937.7468713128598, "log10_alpha": -2.7316035312614653, "log10_colsample_bytree": -0.2665920766050244, "log10_eta": -1.9233125465884875, "log10_lambda": -1.3453419879860729, "log10_min_child_weight": 2.0123668271402573, "log10_subsample": -0.5005197213389345, "max_depth": 2.0, "num_boost_round": 7.0}, "datetime": {"datetime": "2024-01-19 01:15:31", "elapsed": 3832.514614, "delta": 0.004728}}
{"target": -13.75819417684115, "params": {"gamma": 937.7468713128598, "log10_alpha": -2.7316035312614653, "log10_colsample_bytree": -0.2665920766050244, "log10_eta": -1.9233125465884875, "log10_lambda": -1.3453419879860729, "log10_min_child_weight": 2.0123668271402573, "log10_subsample": -0.5005197213389345, "max_depth": 2.0, "num_boost_round": 8.0}, "datetime": {"datetime": "2024-01-19 01:15:31", "elapsed": 3832.519454, "delta": 0.00484}}
{"target": -13.758127455097767, "params": {"gamma": 937.7468713128598, "log10_alpha": -2.7316035312614653, "log10_colsample_bytree": -0.2665920766050244, "log10_eta": -1.9233125465884875, "log10_lambda": -1.3453419879860729, "log10_min_child_weight": 2.0123668271402573, "log10_subsample": -0.5005197213389345, "max_depth": 2.0, "num_boost_round": 9.0}, "datetime": {"datetime": "2024-01-19 01:15:31", "elapsed": 3832.52403, "delta": 0.004576}}
{"target": -13.758122662714012, "params": {"gamma": 937.7468713128598, "log10_alpha": -2.7316035312614653, "log10_colsample_bytree": -0.2665920766050244, "log10_eta": -1.9233125465884875, "log10_lambda": -1.3453419879860729, "log10_min_child_weight": 2.0123668271402573, "log10_subsample": -0.5005197213389345, "max_depth": 2.0, "num_boost_round": 10.0}, "datetime": {"datetime": "2024-01-19 01:15:31", "elapsed": 3832.528674, "delta": 0.004644}}
{"target": -13.757932431168426, "params": {"gamma": 937.7468713128598, "log10_alpha": -2.7316035312614653, "log10_colsample_bytree": -0.2665920766050244, "log10_eta": -1.9233125465884875, "log10_lambda": -1.3453419879860729, "log10_min_child_weight": 2.0123668271402573, "log10_subsample": -0.5005197213389345, "max_depth": 2.0, "num_boost_round": 11.0}, "datetime": {"datetime": "2024-01-19 01:15:31", "elapsed": 3832.533252, "delta": 0.004578}}
{"target": -13.75792668415778, "params": {"gamma": 937.7468713128598, "log10_alpha": -2.7316035312614653, "log10_colsample_bytree": -0.2665920766050244, "log10_eta": -1.9233125465884875, "log10_lambda": -1.3453419879860729, "log10_min_child_weight": 2.0123668271402573, "log10_subsample": -0.5005197213389345, "max_depth": 2.0, "num_boost_round": 12.0}, "datetime": {"datetime": "2024-01-19 01:15:31", "elapsed": 3832.538032, "delta": 0.00478}}
{"target": -13.757937064523517, "params": {"gamma": 937.7468713128598, "log10_alpha": -2.7316035312614653, "log10_colsample_bytree": -0.2665920766050244, "log10_eta": -1.9233125465884875, "log10_lambda": -1.3453419879860729, "log10_min_child_weight": 2.0123668271402573, "log10_subsample": -0.5005197213389345, "max_depth": 2.0, "num_boost_round": 13.0}, "datetime": {"datetime": "2024-01-19 01:15:31", "elapsed": 3832.542665, "delta": 0.004633}}
