{"target": -17.67607588739134, "params": {"gamma": 882.8229290221258, "log10_alpha": -0.392003558294169, "log10_colsample_bytree": -0.042798597312646236, "log10_eta": -2.906866496943356, "log10_lambda": -4.8540691093279555, "log10_min_child_weight": 1.727029952092583, "log10_subsample": -0.7818428896423314, "max_depth": 5.0, "num_boost_round": 22.0}, "datetime": {"datetime": "2024-01-19 00:37:04", "elapsed": 1505.331039, "delta": 0.001849}}
{"target": -17.676029289781905, "params": {"gamma": 882.8229290221258, "log10_alpha": -0.392003558294169, "log10_colsample_bytree": -0.042798597312646236, "log10_eta": -2.906866496943356, "log10_lambda": -4.8540691093279555, "log10_min_child_weight": 1.727029952092583, "log10_subsample": -0.7818428896423314, "max_depth": 5.0, "num_boost_round": 23.0}, "datetime": {"datetime": "2024-01-19 00:37:04", "elapsed": 1505.332993, "delta": 0.001954}}
{"target": -17.67595742208273, "params": {"gamma": 882.8229290221258, "log10_alpha": -0.392003558294169, "log10_colsample_bytree": -0.042798597312646236, "log10_eta": -2.906866496943356, "log10_lambda": -4.8540691093279555, "log10_min_child_weight": 1.727029952092583, "log10_subsample": -0.7818428896423314, "max_depth": 5.0, "num_boost_round": 24.0}, "datetime": {"datetime": "2024-01-19 00:37:04", "elapsed": 1505.334848, "delta": 0.001855}}
{"target": -17.675857157112315, "params": {"gamma": 882.8229290221258, "log10_alpha": -0.392003558294169, "log10_colsample_bytree": -0.042798597312646236, "log10_eta": -2.906866496943356, "log10_lambda": -4.8540691093279555, "log10_min_child_weight": 1.727029952092583, "log10_subsample": -0.7818428896423314, "max_depth": 5.0, "num_boost_round": 25.0}, "datetime": {"datetime": "2024-01-19 00:37:04", "elapsed": 1505.336755, "delta": 0.001907}}
{"target": -17.677230022002707, "params": {"gamma": 860.32153954677, "log10_alpha": -2.9647103179444354, "log10_colsample_bytree": -0.48920858292274316, "log10_eta": -4.0, "log10_lambda": -1.0251246394859896, "log10_min_child_weight": 2.5559237230614102, "log10_subsample": -1.0, "max_depth": 2.0, "num_boost_round": 0.0}, "datetime": {"datetime": "2024-01-19 00:37:31", "elapsed": 1531.990652, "delta": 26.653897}}
{"target": -17.677229400186825, "params": {"gamma": 860.32153954677, "log10_alpha": -2.9647103179444354, "log10_colsample_bytree": -0.48920858292274316, "log10_eta": -4.0, "log10_lambda": -1.0251246394859896, "log10_min_child_weight": 2.5559237230614102, "log10_subsample": -1.0, "max_depth": 2.0, "num_boost_round": 1.0}, "datetime": {"datetime": "2024-01-19 00:37:31", "elapsed": 1531.993005, "delta": 0.002353}}
{"target": -17.677226963676315, "params": {"gamma": 860.32153954677, "log10_alpha": -2.9647103179444354, "log10_colsample_bytree": -0.48920858292274316, "log10_eta": -4.0, "log10_lambda": -1.0251246394859896, "log10_min_child_weight": 2.5559237230614102, "log10_subsample": -1.0, "max_depth": 2.0, "num_boost_round": 2.0}, "datetime": {"datetime": "2024-01-19 00:37:31", "elapsed": 1531.995185, "delta": 0.00218}}
{"target": -17.677226796024463, "params": {"gamma": 860.32153954677, "log10_alpha": -2.9647103179444354, "log10_colsample_bytree": -0.48920858292274316, "log10_eta": -4.0, "log10_lambda": -1.0251246394859896, "log10_min_child_weight": 2.5559237230614102, "log10_subsample": -1.0, "max_depth": 2.0, "num_boost_round": 3.0}, "datetime": {"datetime": "2024-01-19 00:37:31", "elapsed": 1531.997362, "delta": 0.002177}}
{"target": -17.677224880797212, "params": {"gamma": 860.32153954677, "log10_alpha": -2.9647103179444354, "log10_colsample_bytree": -0.48920858292274316, "log10_eta": -4.0, "log10_lambda": -1.0251246394859896, "log10_min_child_weight": 2.5559237230614102, "log10_subsample": -1.0, "max_depth": 2.0, "num_boost_round": 4.0}, "datetime": {"datetime": "2024-01-19 00:37:31", "elapsed": 1531.999283, "delta": 0.001921}}
{"target": -17.677223220020835, "params": {"gamma": 860.32153954677, "log10_alpha": -2.9647103179444354, "log10_colsample_bytree": -0.48920858292274316, "log10_eta": -4.0, "log10_lambda": -1.0251246394859896, "log10_min_child_weight": 2.5559237230614102, "log10_subsample": -1.0, "max_depth": 2.0, "num_boost_round": 5.0}, "datetime": {"datetime": "2024-01-19 00:37:31", "elapsed": 1532.001399, "delta": 0.002116}}
{"target": -17.677220684888212, "params": {"gamma": 860.32153954677, "log10_alpha": -2.9647103179444354, "log10_colsample_bytree": -0.48920858292274316, "log10_eta": -4.0, "log10_lambda": -1.0251246394859896, "log10_min_child_weight": 2.5559237230614102, "log10_subsample": -1.0, "max_depth": 2.0, "num_boost_round": 6.0}, "datetime": {"datetime": "2024-01-19 00:37:31", "elapsed": 1532.003271, "delta": 0.001872}}
{"target": -17.677219048576227, "params": {"gamma": 860.32153954677, "log10_alpha": -2.9647103179444354, "log10_colsample_bytree": -0.48920858292274316, "log10_eta": -4.0, "log10_lambda": -1.0251246394859896, "log10_min_child_weight": 2.5559237230614102, "log10_subsample": -1.0, "max_depth": 2.0, "num_boost_round": 7.0}, "datetime": {"datetime": "2024-01-19 00:37:31", "elapsed": 1532.005154, "delta": 0.001883}}
{"target": -17.67721845939356, "params": {"gamma": 860.32153954677, "log10_alpha": -2.9647103179444354, "log10_colsample_bytree": -0.48920858292274316, "log10_eta": -4.0, "log10_lambda": -1.0251246394859896, "log10_min_child_weight": 2.5559237230614102, "log10_subsample": -1.0, "max_depth": 2.0, "num_boost_round": 8.0}, "datetime": {"datetime": "2024-01-19 00:37:31", "elapsed": 1532.007034, "delta": 0.00188}}
{"target": -17.67721402305317, "params": {"gamma": 860.32153954677, "log10_alpha": -2.9647103179444354, "log10_colsample_bytree": -0.48920858292274316, "log10_eta": -4.0, "log10_lambda": -1.0251246394859896, "log10_min_child_weight": 2.5559237230614102, "log10_subsample": -1.0, "max_depth": 2.0, "num_boost_round": 9.0}, "datetime": {"datetime": "2024-01-19 00:37:31", "elapsed": 1532.00926, "delta": 0.002226}}
{"target": -17.677211124059287, "params": {"gamma": 860.32153954677, "log10_alpha": -2.9647103179444354, "log10_colsample_bytree": -0.48920858292274316, "log10_eta": -4.0, "log10_lambda": -1.0251246394859896, "log10_min_child_weight": 2.5559237230614102, "log10_subsample": -1.0, "max_depth": 2.0, "num_boost_round": 10.0}, "datetime": {"datetime": "2024-01-19 00:37:31", "elapsed": 1532.011357, "delta": 0.002097}}
{"target": -17.6772083551996, "params": {"gamma": 860.32153954677, "log10_alpha": -2.9647103179444354, "log10_colsample_bytree": -0.48920858292274316, "log10_eta": -4.0, "log10_lambda": -1.0251246394859896, "log10_min_child_weight": 2.5559237230614102, "log10_subsample": -1.0, "max_depth": 2.0, "num_boost_round": 11.0}, "datetime": {"datetime": "2024-01-19 00:37:31", "elapsed": 1532.01323, "delta": 0.001873}}
{"target": -17.677206574458932, "params": {"gamma": 860.32153954677, "log10_alpha": -2.9647103179444354, "log10_colsample_bytree": -0.48920858292274316, "log10_eta": -4.0, "log10_lambda": -1.0251246394859896, "log10_min_child_weight": 2.5559237230614102, "log10_subsample": -1.0, "max_depth": 2.0, "num_boost_round": 12.0}, "datetime": {"datetime": "2024-01-19 00:37:31", "elapsed": 1532.015091, "delta": 0.001861}}
{"target": -17.677230615837928, "params": {"gamma": 882.6129307989481, "log10_alpha": -1.0770770084519583, "log10_colsample_bytree": -0.7330475673702682, "log10_eta": -3.844673144307054, "log10_lambda": 0.89496143368304, "log10_min_child_weight": 3.7469067607137356, "log10_subsample": -0.1961196409944268, "max_depth": 2.0, "num_boost_round": 0.0}, "datetime": {"datetime": "2024-01-19 00:37:59", "elapsed": 1560.310803, "delta": 28.295712}}
{"target": -17.677228531382468, "params": {"gamma": 882.6129307989481, "log10_alpha": -1.0770770084519583, "log10_colsample_bytree": -0.7330475673702682, "log10_eta": -3.844673144307054, "log10_lambda": 0.89496143368304, "log10_min_child_weight": 3.7469067607137356, "log10_subsample": -0.1961196409944268, "max_depth": 2.0, "num_boost_round": 1.0}, "datetime": {"datetime": "2024-01-19 00:37:59", "elapsed": 1560.313197, "delta": 0.002394}}
{"target": -17.677226536826208, "params": {"gamma": 882.6129307989481, "log10_alpha": -1.0770770084519583, "log10_colsample_bytree": -0.7330475673702682, "log10_eta": -3.844673144307054, "log10_lambda": 0.89496143368304, "log10_min_child_weight": 3.7469067607137356, "log10_subsample": -0.1961196409944268, "max_depth": 2.0, "num_boost_round": 2.0}, "datetime": {"datetime": "2024-01-19 00:37:59", "elapsed": 1560.315142, "delta": 0.001945}}
{"target": -17.677226322741056, "params": {"gamma": 882.6129307989481, "log10_alpha": -1.0770770084519583, "log10_colsample_bytree": -0.7330475673702682, "log10_eta": -3.844673144307054, "log10_lambda": 0.89496143368304, "log10_min_child_weight": 3.7469067607137356, "log10_subsample": -0.1961196409944268, "max_depth": 2.0, "num_boost_round": 3.0}, "datetime": {"datetime": "2024-01-19 00:37:59", "elapsed": 1560.317034, "delta": 0.001892}}
{"target": -17.677224170662942, "params": {"gamma": 882.6129307989481, "log10_alpha": -1.0770770084519583, "log10_colsample_bytree": -0.7330475673702682, "log10_eta": -3.844673144307054, "log10_lambda": 0.89496143368304, "log10_min_child_weight": 3.7469067607137356, "log10_subsample": -0.1961196409944268, "max_depth": 2.0, "num_boost_round": 4.0}, "datetime": {"datetime": "2024-01-19 00:37:59", "elapsed": 1560.319954, "delta": 0.00292}}
{"target": -17.677223229214313, "params": {"gamma": 882.6129307989481, "log10_alpha": -1.0770770084519583, "log10_colsample_bytree": -0.7330475673702682, "log10_eta": -3.844673144307054, "log10_lambda": 0.89496143368304, "log10_min_child_weight": 3.7469067607137356, "log10_subsample": -0.1961196409944268, "max_depth": 2.0, "num_boost_round": 5.0}, "datetime": {"datetime": "2024-01-19 00:37:59", "elapsed": 1560.321901, "delta": 0.001947}}
{"target": -17.677223285419608, "params": {"gamma": 882.6129307989481, "log10_alpha": -1.0770770084519583, "log10_colsample_bytree": -0.7330475673702682, "log10_eta": -3.844673144307054, "log10_lambda": 0.89496143368304, "log10_min_child_weight": 3.7469067607137356, "log10_subsample": -0.1961196409944268, "max_depth": 2.0, "num_boost_round": 6.0}, "datetime": {"datetime": "2024-01-19 00:37:59", "elapsed": 1560.323783, "delta": 0.001882}}
{"target": -17.67722218915396, "params": {"gamma": 882.6129307989481, "log10_alpha": -1.0770770084519583, "log10_colsample_bytree": -0.7330475673702682, "log10_eta": -3.844673144307054, "log10_lambda": 0.89496143368304, "log10_min_child_weight": 3.7469067607137356, "log10_subsample": -0.1961196409944268, "max_depth": 2.0, "num_boost_round": 7.0}, "datetime": {"datetime": "2024-01-19 00:37:59", "elapsed": 1560.32567, "delta": 0.001887}}
{"target": -17.677220005276126, "params": {"gamma": 882.6129307989481, "log10_alpha": -1.0770770084519583, "log10_colsample_bytree": -0.7330475673702682, "log10_eta": -3.844673144307054, "log10_lambda": 0.89496143368304, "log10_min_child_weight": 3.7469067607137356, "log10_subsample": -0.1961196409944268, "max_depth": 2.0, "num_boost_round": 8.0}, "datetime": {"datetime": "2024-01-19 00:37:59", "elapsed": 1560.327548, "delta": 0.001878}}
{"target": -17.677219978703583, "params": {"gamma": 882.6129307989481, "log10_alpha": -1.0770770084519583, "log10_colsample_bytree": -0.7330475673702682, "log10_eta": -3.844673144307054, "log10_lambda": 0.89496143368304, "log10_min_child_weight": 3.7469067607137356, "log10_subsample": -0.1961196409944268, "max_depth": 2.0, "num_boost_round": 9.0}, "datetime": {"datetime": "2024-01-19 00:37:59", "elapsed": 1560.329416, "delta": 0.001868}}
{"target": -17.677218833593752, "params": {"gamma": 882.6129307989481, "log10_alpha": -1.0770770084519583, "log10_colsample_bytree": -0.7330475673702682, "log10_eta": -3.844673144307054, "log10_lambda": 0.89496143368304, "log10_min_child_weight": 3.7469067607137356, "log10_subsample": -0.1961196409944268, "max_depth": 2.0, "num_boost_round": 10.0}, "datetime": {"datetime": "2024-01-19 00:37:59", "elapsed": 1560.331294, "delta": 0.001878}}
{"target": -17.67721789841087, "params": {"gamma": 882.6129307989481, "log10_alpha": -1.0770770084519583, "log10_colsample_bytree": -0.7330475673702682, "log10_eta": -3.844673144307054, "log10_lambda": 0.89496143368304, "log10_min_child_weight": 3.7469067607137356, "log10_subsample": -0.1961196409944268, "max_depth": 2.0, "num_boost_round": 11.0}, "datetime": {"datetime": "2024-01-19 00:37:59", "elapsed": 1560.333193, "delta": 0.001899}}
{"target": -17.67721507997768, "params": {"gamma": 882.6129307989481, "log10_alpha": -1.0770770084519583, "log10_colsample_bytree": -0.7330475673702682, "log10_eta": -3.844673144307054, "log10_lambda": 0.89496143368304, "log10_min_child_weight": 3.7469067607137356, "log10_subsample": -0.1961196409944268, "max_depth": 2.0, "num_boost_round": 12.0}, "datetime": {"datetime": "2024-01-19 00:37:59", "elapsed": 1560.335521, "delta": 0.002328}}
{"target": -17.677211695730147, "params": {"gamma": 882.6129307989481, "log10_alpha": -1.0770770084519583, "log10_colsample_bytree": -0.7330475673702682, "log10_eta": -3.844673144307054, "log10_lambda": 0.89496143368304, "log10_min_child_weight": 3.7469067607137356, "log10_subsample": -0.1961196409944268, "max_depth": 2.0, "num_boost_round": 13.0}, "datetime": {"datetime": "2024-01-19 00:37:59", "elapsed": 1560.337894, "delta": 0.002373}}
{"target": -17.67721000556799, "params": {"gamma": 882.6129307989481, "log10_alpha": -1.0770770084519583, "log10_colsample_bytree": -0.7330475673702682, "log10_eta": -3.844673144307054, "log10_lambda": 0.89496143368304, "log10_min_child_weight": 3.7469067607137356, "log10_subsample": -0.1961196409944268, "max_depth": 2.0, "num_boost_round": 14.0}, "datetime": {"datetime": "2024-01-19 00:37:59", "elapsed": 1560.339976, "delta": 0.002082}}
{"target": -17.677207537192754, "params": {"gamma": 882.6129307989481, "log10_alpha": -1.0770770084519583, "log10_colsample_bytree": -0.7330475673702682, "log10_eta": -3.844673144307054, "log10_lambda": 0.89496143368304, "log10_min_child_weight": 3.7469067607137356, "log10_subsample": -0.1961196409944268, "max_depth": 2.0, "num_boost_round": 15.0}, "datetime": {"datetime": "2024-01-19 00:37:59", "elapsed": 1560.342151, "delta": 0.002175}}
{"target": -17.677207016507335, "params": {"gamma": 882.6129307989481, "log10_alpha": -1.0770770084519583, "log10_colsample_bytree": -0.7330475673702682, "log10_eta": -3.844673144307054, "log10_lambda": 0.89496143368304, "log10_min_child_weight": 3.7469067607137356, "log10_subsample": -0.1961196409944268, "max_depth": 2.0, "num_boost_round": 16.0}, "datetime": {"datetime": "2024-01-19 00:37:59", "elapsed": 1560.344035, "delta": 0.001884}}
{"target": -17.677204151664963, "params": {"gamma": 882.6129307989481, "log10_alpha": -1.0770770084519583, "log10_colsample_bytree": -0.7330475673702682, "log10_eta": -3.844673144307054, "log10_lambda": 0.89496143368304, "log10_min_child_weight": 3.7469067607137356, "log10_subsample": -0.1961196409944268, "max_depth": 2.0, "num_boost_round": 17.0}, "datetime": {"datetime": "2024-01-19 00:37:59", "elapsed": 1560.345953, "delta": 0.001918}}
{"target": -17.677205656781172, "params": {"gamma": 882.6129307989481, "log10_alpha": -1.0770770084519583, "log10_colsample_bytree": -0.7330475673702682, "log10_eta": -3.844673144307054, "log10_lambda": 0.89496143368304, "log10_min_child_weight": 3.7469067607137356, "log10_subsample": -0.1961196409944268, "max_depth": 2.0, "num_boost_round": 18.0}, "datetime": {"datetime": "2024-01-19 00:37:59", "elapsed": 1560.347874, "delta": 0.001921}}
{"target": -17.67720270609465, "params": {"gamma": 882.6129307989481, "log10_alpha": -1.0770770084519583, "log10_colsample_bytree": -0.7330475673702682, "log10_eta": -3.844673144307054, "log10_lambda": 0.89496143368304, "log10_min_child_weight": 3.7469067607137356, "log10_subsample": -0.1961196409944268, "max_depth": 2.0, "num_boost_round": 19.0}, "datetime": {"datetime": "2024-01-19 00:37:59", "elapsed": 1560.349754, "delta": 0.00188}}
{"target": -17.677199953477203, "params": {"gamma": 882.6129307989481, "log10_alpha": -1.0770770084519583, "log10_colsample_bytree": -0.7330475673702682, "log10_eta": -3.844673144307054, "log10_lambda": 0.89496143368304, "log10_min_child_weight": 3.7469067607137356, "log10_subsample": -0.1961196409944268, "max_depth": 2.0, "num_boost_round": 20.0}, "datetime": {"datetime": "2024-01-19 00:37:59", "elapsed": 1560.351642, "delta": 0.001888}}
{"target": -17.677196285492055, "params": {"gamma": 882.6129307989481, "log10_alpha": -1.0770770084519583, "log10_colsample_bytree": -0.7330475673702682, "log10_eta": -3.844673144307054, "log10_lambda": 0.89496143368304, "log10_min_child_weight": 3.7469067607137356, "log10_subsample": -0.1961196409944268, "max_depth": 2.0, "num_boost_round": 21.0}, "datetime": {"datetime": "2024-01-19 00:37:59", "elapsed": 1560.353628, "delta": 0.001986}}
{"target": -17.677193399419647, "params": {"gamma": 882.6129307989481, "log10_alpha": -1.0770770084519583, "log10_colsample_bytree": -0.7330475673702682, "log10_eta": -3.844673144307054, "log10_lambda": 0.89496143368304, "log10_min_child_weight": 3.7469067607137356, "log10_subsample": -0.1961196409944268, "max_depth": 2.0, "num_boost_round": 22.0}, "datetime": {"datetime": "2024-01-19 00:37:59", "elapsed": 1560.355538, "delta": 0.00191}}
{"target": -17.67719193433473, "params": {"gamma": 882.6129307989481, "log10_alpha": -1.0770770084519583, "log10_colsample_bytree": -0.7330475673702682, "log10_eta": -3.844673144307054, "log10_lambda": 0.89496143368304, "log10_min_child_weight": 3.7469067607137356, "log10_subsample": -0.1961196409944268, "max_depth": 2.0, "num_boost_round": 23.0}, "datetime": {"datetime": "2024-01-19 00:37:59", "elapsed": 1560.35747, "delta": 0.001932}}
{"target": -17.67719098488244, "params": {"gamma": 882.6129307989481, "log10_alpha": -1.0770770084519583, "log10_colsample_bytree": -0.7330475673702682, "log10_eta": -3.844673144307054, "log10_lambda": 0.89496143368304, "log10_min_child_weight": 3.7469067607137356, "log10_subsample": -0.1961196409944268, "max_depth": 2.0, "num_boost_round": 24.0}, "datetime": {"datetime": "2024-01-19 00:37:59", "elapsed": 1560.35937, "delta": 0.0019}}
{"target": -17.67718862550317, "params": {"gamma": 882.6129307989481, "log10_alpha": -1.0770770084519583, "log10_colsample_bytree": -0.7330475673702682, "log10_eta": -3.844673144307054, "log10_lambda": 0.89496143368304, "log10_min_child_weight": 3.7469067607137356, "log10_subsample": -0.1961196409944268, "max_depth": 2.0, "num_boost_round": 25.0}, "datetime": {"datetime": "2024-01-19 00:37:59", "elapsed": 1560.361395, "delta": 0.002025}}
{"target": -17.677187688984766, "params": {"gamma": 882.6129307989481, "log10_alpha": -1.0770770084519583, "log10_colsample_bytree": -0.7330475673702682, "log10_eta": -3.844673144307054, "log10_lambda": 0.89496143368304, "log10_min_child_weight": 3.7469067607137356, "log10_subsample": -0.1961196409944268, "max_depth": 2.0, "num_boost_round": 26.0}, "datetime": {"datetime": "2024-01-19 00:37:59", "elapsed": 1560.363277, "delta": 0.001882}}
{"target": -17.67718411434876, "params": {"gamma": 882.6129307989481, "log10_alpha": -1.0770770084519583, "log10_colsample_bytree": -0.7330475673702682, "log10_eta": -3.844673144307054, "log10_lambda": 0.89496143368304, "log10_min_child_weight": 3.7469067607137356, "log10_subsample": -0.1961196409944268, "max_depth": 2.0, "num_boost_round": 27.0}, "datetime": {"datetime": "2024-01-19 00:37:59", "elapsed": 1560.365177, "delta": 0.0019}}
{"target": -17.677163061956993, "params": {"gamma": 875.0639730074765, "log10_alpha": 1.0, "log10_colsample_bytree": 0.0, "log10_eta": -2.8472243860408213, "log10_lambda": -3.2989650826907138, "log10_min_child_weight": 0.2893255957358501, "log10_subsample": -0.9555380072622112, "max_depth": 6.0, "num_boost_round": 0.0}, "datetime": {"datetime": "2024-01-19 00:38:29", "elapsed": 1590.485447, "delta": 30.12027}}
{"target": -17.677089791644665, "params": {"gamma": 875.0639730074765, "log10_alpha": 1.0, "log10_colsample_bytree": 0.0, "log10_eta": -2.8472243860408213, "log10_lambda": -3.2989650826907138, "log10_min_child_weight": 0.2893255957358501, "log10_subsample": -0.9555380072622112, "max_depth": 6.0, "num_boost_round": 1.0}, "datetime": {"datetime": "2024-01-19 00:38:29", "elapsed": 1590.487786, "delta": 0.002339}}
{"target": -17.67706004817031, "params": {"gamma": 875.0639730074765, "log10_alpha": 1.0, "log10_colsample_bytree": 0.0, "log10_eta": -2.8472243860408213, "log10_lambda": -3.2989650826907138, "log10_min_child_weight": 0.2893255957358501, "log10_subsample": -0.9555380072622112, "max_depth": 6.0, "num_boost_round": 2.0}, "datetime": {"datetime": "2024-01-19 00:38:29", "elapsed": 1590.490215, "delta": 0.002429}}
{"target": -17.677043137001533, "params": {"gamma": 875.0639730074765, "log10_alpha": 1.0, "log10_colsample_bytree": 0.0, "log10_eta": -2.8472243860408213, "log10_lambda": -3.2989650826907138, "log10_min_child_weight": 0.2893255957358501, "log10_subsample": -0.9555380072622112, "max_depth": 6.0, "num_boost_round": 3.0}, "datetime": {"datetime": "2024-01-19 00:38:29", "elapsed": 1590.492277, "delta": 0.002062}}
{"target": -17.676898343791663, "params": {"gamma": 875.0639730074765, "log10_alpha": 1.0, "log10_colsample_bytree": 0.0, "log10_eta": -2.8472243860408213, "log10_lambda": -3.2989650826907138, "log10_min_child_weight": 0.2893255957358501, "log10_subsample": -0.9555380072622112, "max_depth": 6.0, "num_boost_round": 4.0}, "datetime": {"datetime": "2024-01-19 00:38:29", "elapsed": 1590.494274, "delta": 0.001997}}
