{"target": -17.785036697337883, "params": {"gamma": 752.8067296957602, "log10_alpha": -2.832797857417774, "log10_colsample_bytree": -0.7138522656157027, "log10_eta": -0.7608656042868684, "log10_lambda": -2.53486653264791, "log10_min_child_weight": 1.1288409904589825, "log10_subsample": -0.3073877997065656, "max_depth": 7.0, "num_boost_round": 7.0}, "datetime": {"datetime": "2024-01-19 00:17:59", "elapsed": 383.796955, "delta": 0.000487}}
{"target": -17.800709344708928, "params": {"gamma": 752.8067296957602, "log10_alpha": -2.832797857417774, "log10_colsample_bytree": -0.7138522656157027, "log10_eta": -0.7608656042868684, "log10_lambda": -2.53486653264791, "log10_min_child_weight": 1.1288409904589825, "log10_subsample": -0.3073877997065656, "max_depth": 7.0, "num_boost_round": 8.0}, "datetime": {"datetime": "2024-01-19 00:17:59", "elapsed": 383.797432, "delta": 0.000477}}
{"target": -17.810851324460405, "params": {"gamma": 752.8067296957602, "log10_alpha": -2.832797857417774, "log10_colsample_bytree": -0.7138522656157027, "log10_eta": -0.7608656042868684, "log10_lambda": -2.53486653264791, "log10_min_child_weight": 1.1288409904589825, "log10_subsample": -0.3073877997065656, "max_depth": 7.0, "num_boost_round": 9.0}, "datetime": {"datetime": "2024-01-19 00:17:59", "elapsed": 383.797922, "delta": 0.00049}}
{"target": -17.822995238747854, "params": {"gamma": 752.8067296957602, "log10_alpha": -2.832797857417774, "log10_colsample_bytree": -0.7138522656157027, "log10_eta": -0.7608656042868684, "log10_lambda": -2.53486653264791, "log10_min_child_weight": 1.1288409904589825, "log10_subsample": -0.3073877997065656, "max_depth": 7.0, "num_boost_round": 10.0}, "datetime": {"datetime": "2024-01-19 00:17:59", "elapsed": 383.798403, "delta": 0.000481}}
{"target": -17.677226587165265, "params": {"gamma": 742.9493525320587, "log10_alpha": -4.17245727160162, "log10_colsample_bytree": -0.8961836808839837, "log10_eta": -3.2310573260778113, "log10_lambda": 0.9142481930742381, "log10_min_child_weight": 3.6619647131922313, "log10_subsample": -0.3694806660838985, "max_depth": 3.0, "num_boost_round": 0.0}, "datetime": {"datetime": "2024-01-19 00:18:21", "elapsed": 405.798367, "delta": 21.999964}}
{"target": -17.67722579962257, "params": {"gamma": 742.9493525320587, "log10_alpha": -4.17245727160162, "log10_colsample_bytree": -0.8961836808839837, "log10_eta": -3.2310573260778113, "log10_lambda": 0.9142481930742381, "log10_min_child_weight": 3.6619647131922313, "log10_subsample": -0.3694806660838985, "max_depth": 3.0, "num_boost_round": 1.0}, "datetime": {"datetime": "2024-01-19 00:18:21", "elapsed": 405.799024, "delta": 0.000657}}
{"target": -17.677218492274346, "params": {"gamma": 742.9493525320587, "log10_alpha": -4.17245727160162, "log10_colsample_bytree": -0.8961836808839837, "log10_eta": -3.2310573260778113, "log10_lambda": 0.9142481930742381, "log10_min_child_weight": 3.6619647131922313, "log10_subsample": -0.3694806660838985, "max_depth": 3.0, "num_boost_round": 2.0}, "datetime": {"datetime": "2024-01-19 00:18:21", "elapsed": 405.79954, "delta": 0.000516}}
{"target": -17.677216816656713, "params": {"gamma": 742.9493525320587, "log10_alpha": -4.17245727160162, "log10_colsample_bytree": -0.8961836808839837, "log10_eta": -3.2310573260778113, "log10_lambda": 0.9142481930742381, "log10_min_child_weight": 3.6619647131922313, "log10_subsample": -0.3694806660838985, "max_depth": 3.0, "num_boost_round": 3.0}, "datetime": {"datetime": "2024-01-19 00:18:21", "elapsed": 405.800044, "delta": 0.000504}}
{"target": -17.677210902223162, "params": {"gamma": 742.9493525320587, "log10_alpha": -4.17245727160162, "log10_colsample_bytree": -0.8961836808839837, "log10_eta": -3.2310573260778113, "log10_lambda": 0.9142481930742381, "log10_min_child_weight": 3.6619647131922313, "log10_subsample": -0.3694806660838985, "max_depth": 3.0, "num_boost_round": 4.0}, "datetime": {"datetime": "2024-01-19 00:18:21", "elapsed": 405.800554, "delta": 0.00051}}
{"target": -17.677216886689887, "params": {"gamma": 742.9493525320587, "log10_alpha": -4.17245727160162, "log10_colsample_bytree": -0.8961836808839837, "log10_eta": -3.2310573260778113, "log10_lambda": 0.9142481930742381, "log10_min_child_weight": 3.6619647131922313, "log10_subsample": -0.3694806660838985, "max_depth": 3.0, "num_boost_round": 5.0}, "datetime": {"datetime": "2024-01-19 00:18:21", "elapsed": 405.801384, "delta": 0.00083}}
{"target": -17.677215897063046, "params": {"gamma": 742.9493525320587, "log10_alpha": -4.17245727160162, "log10_colsample_bytree": -0.8961836808839837, "log10_eta": -3.2310573260778113, "log10_lambda": 0.9142481930742381, "log10_min_child_weight": 3.6619647131922313, "log10_subsample": -0.3694806660838985, "max_depth": 3.0, "num_boost_round": 6.0}, "datetime": {"datetime": "2024-01-19 00:18:21", "elapsed": 405.802008, "delta": 0.000624}}
{"target": -17.677206944457204, "params": {"gamma": 742.9493525320587, "log10_alpha": -4.17245727160162, "log10_colsample_bytree": -0.8961836808839837, "log10_eta": -3.2310573260778113, "log10_lambda": 0.9142481930742381, "log10_min_child_weight": 3.6619647131922313, "log10_subsample": -0.3694806660838985, "max_depth": 3.0, "num_boost_round": 7.0}, "datetime": {"datetime": "2024-01-19 00:18:21", "elapsed": 405.802624, "delta": 0.000616}}
{"target": -17.67719332302219, "params": {"gamma": 742.9493525320587, "log10_alpha": -4.17245727160162, "log10_colsample_bytree": -0.8961836808839837, "log10_eta": -3.2310573260778113, "log10_lambda": 0.9142481930742381, "log10_min_child_weight": 3.6619647131922313, "log10_subsample": -0.3694806660838985, "max_depth": 3.0, "num_boost_round": 8.0}, "datetime": {"datetime": "2024-01-19 00:18:21", "elapsed": 405.803126, "delta": 0.000502}}
{"target": -17.67718141009366, "params": {"gamma": 742.9493525320587, "log10_alpha": -4.17245727160162, "log10_colsample_bytree": -0.8961836808839837, "log10_eta": -3.2310573260778113, "log10_lambda": 0.9142481930742381, "log10_min_child_weight": 3.6619647131922313, "log10_subsample": -0.3694806660838985, "max_depth": 3.0, "num_boost_round": 9.0}, "datetime": {"datetime": "2024-01-19 00:18:21", "elapsed": 405.803735, "delta": 0.000609}}
{"target": -17.677178557435333, "params": {"gamma": 742.9493525320587, "log10_alpha": -4.17245727160162, "log10_colsample_bytree": -0.8961836808839837, "log10_eta": -3.2310573260778113, "log10_lambda": 0.9142481930742381, "log10_min_child_weight": 3.6619647131922313, "log10_subsample": -0.3694806660838985, "max_depth": 3.0, "num_boost_round": 10.0}, "datetime": {"datetime": "2024-01-19 00:18:21", "elapsed": 405.804233, "delta": 0.000498}}
{"target": -17.677174718874298, "params": {"gamma": 742.9493525320587, "log10_alpha": -4.17245727160162, "log10_colsample_bytree": -0.8961836808839837, "log10_eta": -3.2310573260778113, "log10_lambda": 0.9142481930742381, "log10_min_child_weight": 3.6619647131922313, "log10_subsample": -0.3694806660838985, "max_depth": 3.0, "num_boost_round": 11.0}, "datetime": {"datetime": "2024-01-19 00:18:21", "elapsed": 405.804736, "delta": 0.000503}}
{"target": -17.67716242178753, "params": {"gamma": 742.9493525320587, "log10_alpha": -4.17245727160162, "log10_colsample_bytree": -0.8961836808839837, "log10_eta": -3.2310573260778113, "log10_lambda": 0.9142481930742381, "log10_min_child_weight": 3.6619647131922313, "log10_subsample": -0.3694806660838985, "max_depth": 3.0, "num_boost_round": 12.0}, "datetime": {"datetime": "2024-01-19 00:18:21", "elapsed": 405.805231, "delta": 0.000495}}
{"target": -17.677153083590483, "params": {"gamma": 742.9493525320587, "log10_alpha": -4.17245727160162, "log10_colsample_bytree": -0.8961836808839837, "log10_eta": -3.2310573260778113, "log10_lambda": 0.9142481930742381, "log10_min_child_weight": 3.6619647131922313, "log10_subsample": -0.3694806660838985, "max_depth": 3.0, "num_boost_round": 13.0}, "datetime": {"datetime": "2024-01-19 00:18:21", "elapsed": 405.805734, "delta": 0.000503}}
{"target": -17.67714613689315, "params": {"gamma": 742.9493525320587, "log10_alpha": -4.17245727160162, "log10_colsample_bytree": -0.8961836808839837, "log10_eta": -3.2310573260778113, "log10_lambda": 0.9142481930742381, "log10_min_child_weight": 3.6619647131922313, "log10_subsample": -0.3694806660838985, "max_depth": 3.0, "num_boost_round": 14.0}, "datetime": {"datetime": "2024-01-19 00:18:21", "elapsed": 405.806234, "delta": 0.0005}}
{"target": -17.67712802929087, "params": {"gamma": 742.9493525320587, "log10_alpha": -4.17245727160162, "log10_colsample_bytree": -0.8961836808839837, "log10_eta": -3.2310573260778113, "log10_lambda": 0.9142481930742381, "log10_min_child_weight": 3.6619647131922313, "log10_subsample": -0.3694806660838985, "max_depth": 3.0, "num_boost_round": 15.0}, "datetime": {"datetime": "2024-01-19 00:18:21", "elapsed": 405.806738, "delta": 0.000504}}
{"target": -17.677126139195508, "params": {"gamma": 742.9493525320587, "log10_alpha": -4.17245727160162, "log10_colsample_bytree": -0.8961836808839837, "log10_eta": -3.2310573260778113, "log10_lambda": 0.9142481930742381, "log10_min_child_weight": 3.6619647131922313, "log10_subsample": -0.3694806660838985, "max_depth": 3.0, "num_boost_round": 16.0}, "datetime": {"datetime": "2024-01-19 00:18:21", "elapsed": 405.807246, "delta": 0.000508}}
{"target": -17.677229352949706, "params": {"gamma": 742.3277505562334, "log10_alpha": -0.14385287866639374, "log10_colsample_bytree": -0.7028135774268293, "log10_eta": -3.936592548639605, "log10_lambda": 0.4364309109036899, "log10_min_child_weight": 2.1450715733975763, "log10_subsample": -0.6530736352193338, "max_depth": 4.0, "num_boost_round": 0.0}, "datetime": {"datetime": "2024-01-19 00:18:41", "elapsed": 426.098727, "delta": 20.291481}}
{"target": -17.67722909578555, "params": {"gamma": 742.3277505562334, "log10_alpha": -0.14385287866639374, "log10_colsample_bytree": -0.7028135774268293, "log10_eta": -3.936592548639605, "log10_lambda": 0.4364309109036899, "log10_min_child_weight": 2.1450715733975763, "log10_subsample": -0.6530736352193338, "max_depth": 4.0, "num_boost_round": 1.0}, "datetime": {"datetime": "2024-01-19 00:18:41", "elapsed": 426.099511, "delta": 0.000784}}
{"target": -17.677224157433482, "params": {"gamma": 742.3277505562334, "log10_alpha": -0.14385287866639374, "log10_colsample_bytree": -0.7028135774268293, "log10_eta": -3.936592548639605, "log10_lambda": 0.4364309109036899, "log10_min_child_weight": 2.1450715733975763, "log10_subsample": -0.6530736352193338, "max_depth": 4.0, "num_boost_round": 2.0}, "datetime": {"datetime": "2024-01-19 00:18:41", "elapsed": 426.100058, "delta": 0.000547}}
{"target": -17.67722357453463, "params": {"gamma": 742.3277505562334, "log10_alpha": -0.14385287866639374, "log10_colsample_bytree": -0.7028135774268293, "log10_eta": -3.936592548639605, "log10_lambda": 0.4364309109036899, "log10_min_child_weight": 2.1450715733975763, "log10_subsample": -0.6530736352193338, "max_depth": 4.0, "num_boost_round": 3.0}, "datetime": {"datetime": "2024-01-19 00:18:41", "elapsed": 426.100586, "delta": 0.000528}}
{"target": -17.677222638211497, "params": {"gamma": 742.3277505562334, "log10_alpha": -0.14385287866639374, "log10_colsample_bytree": -0.7028135774268293, "log10_eta": -3.936592548639605, "log10_lambda": 0.4364309109036899, "log10_min_child_weight": 2.1450715733975763, "log10_subsample": -0.6530736352193338, "max_depth": 4.0, "num_boost_round": 4.0}, "datetime": {"datetime": "2024-01-19 00:18:41", "elapsed": 426.101104, "delta": 0.000518}}
{"target": -17.677219314718158, "params": {"gamma": 742.3277505562334, "log10_alpha": -0.14385287866639374, "log10_colsample_bytree": -0.7028135774268293, "log10_eta": -3.936592548639605, "log10_lambda": 0.4364309109036899, "log10_min_child_weight": 2.1450715733975763, "log10_subsample": -0.6530736352193338, "max_depth": 4.0, "num_boost_round": 5.0}, "datetime": {"datetime": "2024-01-19 00:18:41", "elapsed": 426.101731, "delta": 0.000627}}
{"target": -17.67721797765178, "params": {"gamma": 742.3277505562334, "log10_alpha": -0.14385287866639374, "log10_colsample_bytree": -0.7028135774268293, "log10_eta": -3.936592548639605, "log10_lambda": 0.4364309109036899, "log10_min_child_weight": 2.1450715733975763, "log10_subsample": -0.6530736352193338, "max_depth": 4.0, "num_boost_round": 6.0}, "datetime": {"datetime": "2024-01-19 00:18:41", "elapsed": 426.102247, "delta": 0.000516}}
{"target": -17.677212823772393, "params": {"gamma": 742.3277505562334, "log10_alpha": -0.14385287866639374, "log10_colsample_bytree": -0.7028135774268293, "log10_eta": -3.936592548639605, "log10_lambda": 0.4364309109036899, "log10_min_child_weight": 2.1450715733975763, "log10_subsample": -0.6530736352193338, "max_depth": 4.0, "num_boost_round": 7.0}, "datetime": {"datetime": "2024-01-19 00:18:41", "elapsed": 426.102768, "delta": 0.000521}}
{"target": -17.677209975932733, "params": {"gamma": 742.3277505562334, "log10_alpha": -0.14385287866639374, "log10_colsample_bytree": -0.7028135774268293, "log10_eta": -3.936592548639605, "log10_lambda": 0.4364309109036899, "log10_min_child_weight": 2.1450715733975763, "log10_subsample": -0.6530736352193338, "max_depth": 4.0, "num_boost_round": 8.0}, "datetime": {"datetime": "2024-01-19 00:18:41", "elapsed": 426.103281, "delta": 0.000513}}
{"target": -17.677206453171163, "params": {"gamma": 742.3277505562334, "log10_alpha": -0.14385287866639374, "log10_colsample_bytree": -0.7028135774268293, "log10_eta": -3.936592548639605, "log10_lambda": 0.4364309109036899, "log10_min_child_weight": 2.1450715733975763, "log10_subsample": -0.6530736352193338, "max_depth": 4.0, "num_boost_round": 9.0}, "datetime": {"datetime": "2024-01-19 00:18:41", "elapsed": 426.103798, "delta": 0.000517}}
{"target": -17.677201895275413, "params": {"gamma": 742.3277505562334, "log10_alpha": -0.14385287866639374, "log10_colsample_bytree": -0.7028135774268293, "log10_eta": -3.936592548639605, "log10_lambda": 0.4364309109036899, "log10_min_child_weight": 2.1450715733975763, "log10_subsample": -0.6530736352193338, "max_depth": 4.0, "num_boost_round": 10.0}, "datetime": {"datetime": "2024-01-19 00:18:41", "elapsed": 426.104314, "delta": 0.000516}}
{"target": -17.676075517244787, "params": {"gamma": 740.5163033429308, "log10_alpha": -4.753824383054576, "log10_colsample_bytree": -0.05184533020514115, "log10_eta": -1.2752305583368204, "log10_lambda": -2.351647749759205, "log10_min_child_weight": 0.44802970570122447, "log10_subsample": -0.7362604524496876, "max_depth": 3.0, "num_boost_round": 0.0}, "datetime": {"datetime": "2024-01-19 00:19:03", "elapsed": 447.944563, "delta": 21.840249}}
{"target": -17.675074336416845, "params": {"gamma": 740.5163033429308, "log10_alpha": -4.753824383054576, "log10_colsample_bytree": -0.05184533020514115, "log10_eta": -1.2752305583368204, "log10_lambda": -2.351647749759205, "log10_min_child_weight": 0.44802970570122447, "log10_subsample": -0.7362604524496876, "max_depth": 3.0, "num_boost_round": 1.0}, "datetime": {"datetime": "2024-01-19 00:19:03", "elapsed": 447.945277, "delta": 0.000714}}
{"target": -17.674317076642115, "params": {"gamma": 740.5163033429308, "log10_alpha": -4.753824383054576, "log10_colsample_bytree": -0.05184533020514115, "log10_eta": -1.2752305583368204, "log10_lambda": -2.351647749759205, "log10_min_child_weight": 0.44802970570122447, "log10_subsample": -0.7362604524496876, "max_depth": 3.0, "num_boost_round": 2.0}, "datetime": {"datetime": "2024-01-19 00:19:03", "elapsed": 447.945847, "delta": 0.00057}}
{"target": -17.674438632170496, "params": {"gamma": 740.5163033429308, "log10_alpha": -4.753824383054576, "log10_colsample_bytree": -0.05184533020514115, "log10_eta": -1.2752305583368204, "log10_lambda": -2.351647749759205, "log10_min_child_weight": 0.44802970570122447, "log10_subsample": -0.7362604524496876, "max_depth": 3.0, "num_boost_round": 3.0}, "datetime": {"datetime": "2024-01-19 00:19:03", "elapsed": 447.946455, "delta": 0.000608}}
{"target": -17.674789349080868, "params": {"gamma": 740.5163033429308, "log10_alpha": -4.753824383054576, "log10_colsample_bytree": -0.05184533020514115, "log10_eta": -1.2752305583368204, "log10_lambda": -2.351647749759205, "log10_min_child_weight": 0.44802970570122447, "log10_subsample": -0.7362604524496876, "max_depth": 3.0, "num_boost_round": 4.0}, "datetime": {"datetime": "2024-01-19 00:19:03", "elapsed": 447.947095, "delta": 0.00064}}
{"target": -17.674539691954926, "params": {"gamma": 740.5163033429308, "log10_alpha": -4.753824383054576, "log10_colsample_bytree": -0.05184533020514115, "log10_eta": -1.2752305583368204, "log10_lambda": -2.351647749759205, "log10_min_child_weight": 0.44802970570122447, "log10_subsample": -0.7362604524496876, "max_depth": 3.0, "num_boost_round": 5.0}, "datetime": {"datetime": "2024-01-19 00:19:03", "elapsed": 447.947734, "delta": 0.000639}}
{"target": -17.673467710987307, "params": {"gamma": 740.5163033429308, "log10_alpha": -4.753824383054576, "log10_colsample_bytree": -0.05184533020514115, "log10_eta": -1.2752305583368204, "log10_lambda": -2.351647749759205, "log10_min_child_weight": 0.44802970570122447, "log10_subsample": -0.7362604524496876, "max_depth": 3.0, "num_boost_round": 6.0}, "datetime": {"datetime": "2024-01-19 00:19:03", "elapsed": 447.948268, "delta": 0.000534}}
{"target": -17.675369186170773, "params": {"gamma": 740.5163033429308, "log10_alpha": -4.753824383054576, "log10_colsample_bytree": -0.05184533020514115, "log10_eta": -1.2752305583368204, "log10_lambda": -2.351647749759205, "log10_min_child_weight": 0.44802970570122447, "log10_subsample": -0.7362604524496876, "max_depth": 3.0, "num_boost_round": 7.0}, "datetime": {"datetime": "2024-01-19 00:19:03", "elapsed": 447.948901, "delta": 0.000633}}
{"target": -17.67535435385214, "params": {"gamma": 740.5163033429308, "log10_alpha": -4.753824383054576, "log10_colsample_bytree": -0.05184533020514115, "log10_eta": -1.2752305583368204, "log10_lambda": -2.351647749759205, "log10_min_child_weight": 0.44802970570122447, "log10_subsample": -0.7362604524496876, "max_depth": 3.0, "num_boost_round": 8.0}, "datetime": {"datetime": "2024-01-19 00:19:03", "elapsed": 447.949436, "delta": 0.000535}}
{"target": -17.676171771875474, "params": {"gamma": 740.5163033429308, "log10_alpha": -4.753824383054576, "log10_colsample_bytree": -0.05184533020514115, "log10_eta": -1.2752305583368204, "log10_lambda": -2.351647749759205, "log10_min_child_weight": 0.44802970570122447, "log10_subsample": -0.7362604524496876, "max_depth": 3.0, "num_boost_round": 9.0}, "datetime": {"datetime": "2024-01-19 00:19:03", "elapsed": 447.950601, "delta": 0.001165}}
{"target": -17.676544140623466, "params": {"gamma": 740.5163033429308, "log10_alpha": -4.753824383054576, "log10_colsample_bytree": -0.05184533020514115, "log10_eta": -1.2752305583368204, "log10_lambda": -2.351647749759205, "log10_min_child_weight": 0.44802970570122447, "log10_subsample": -0.7362604524496876, "max_depth": 3.0, "num_boost_round": 10.0}, "datetime": {"datetime": "2024-01-19 00:19:03", "elapsed": 447.951177, "delta": 0.000576}}
{"target": -17.678443792244572, "params": {"gamma": 740.5163033429308, "log10_alpha": -4.753824383054576, "log10_colsample_bytree": -0.05184533020514115, "log10_eta": -1.2752305583368204, "log10_lambda": -2.351647749759205, "log10_min_child_weight": 0.44802970570122447, "log10_subsample": -0.7362604524496876, "max_depth": 3.0, "num_boost_round": 11.0}, "datetime": {"datetime": "2024-01-19 00:19:03", "elapsed": 447.952229, "delta": 0.001052}}
{"target": -17.67917134755816, "params": {"gamma": 740.5163033429308, "log10_alpha": -4.753824383054576, "log10_colsample_bytree": -0.05184533020514115, "log10_eta": -1.2752305583368204, "log10_lambda": -2.351647749759205, "log10_min_child_weight": 0.44802970570122447, "log10_subsample": -0.7362604524496876, "max_depth": 3.0, "num_boost_round": 12.0}, "datetime": {"datetime": "2024-01-19 00:19:03", "elapsed": 447.952808, "delta": 0.000579}}
{"target": -17.679739218804094, "params": {"gamma": 740.5163033429308, "log10_alpha": -4.753824383054576, "log10_colsample_bytree": -0.05184533020514115, "log10_eta": -1.2752305583368204, "log10_lambda": -2.351647749759205, "log10_min_child_weight": 0.44802970570122447, "log10_subsample": -0.7362604524496876, "max_depth": 3.0, "num_boost_round": 13.0}, "datetime": {"datetime": "2024-01-19 00:19:03", "elapsed": 447.953347, "delta": 0.000539}}
{"target": -17.681075794877906, "params": {"gamma": 740.5163033429308, "log10_alpha": -4.753824383054576, "log10_colsample_bytree": -0.05184533020514115, "log10_eta": -1.2752305583368204, "log10_lambda": -2.351647749759205, "log10_min_child_weight": 0.44802970570122447, "log10_subsample": -0.7362604524496876, "max_depth": 3.0, "num_boost_round": 14.0}, "datetime": {"datetime": "2024-01-19 00:19:03", "elapsed": 447.953996, "delta": 0.000649}}
{"target": -17.679664738017436, "params": {"gamma": 740.5163033429308, "log10_alpha": -4.753824383054576, "log10_colsample_bytree": -0.05184533020514115, "log10_eta": -1.2752305583368204, "log10_lambda": -2.351647749759205, "log10_min_child_weight": 0.44802970570122447, "log10_subsample": -0.7362604524496876, "max_depth": 3.0, "num_boost_round": 15.0}, "datetime": {"datetime": "2024-01-19 00:19:03", "elapsed": 447.954548, "delta": 0.000552}}
{"target": -17.6772193812481, "params": {"gamma": 739.8637254728095, "log10_alpha": -1.987061052419068, "log10_colsample_bytree": -0.4304494930573599, "log10_eta": -3.612798953758088, "log10_lambda": 0.954384810519584, "log10_min_child_weight": 0.733358786760625, "log10_subsample": -0.17188676286230276, "max_depth": 4.0, "num_boost_round": 0.0}, "datetime": {"datetime": "2024-01-19 00:19:24", "elapsed": 469.266426, "delta": 21.311878}}
