{"target": -13.767490385019919, "params": {"gamma": 417.26524564696876, "log10_alpha": -0.29904696709363776, "log10_colsample_bytree": -0.40585253610097005, "log10_eta": -1.4427381042825025, "log10_lambda": -2.808413809417222, "log10_min_child_weight": 3.175384156110777, "log10_subsample": -0.1701983690889799, "max_depth": 6.0, "num_boost_round": 18.0}, "datetime": {"datetime": "2024-01-19 00:16:56", "elapsed": 319.268481, "delta": 0.000951}}
{"target": -13.767874920812853, "params": {"gamma": 417.26524564696876, "log10_alpha": -0.29904696709363776, "log10_colsample_bytree": -0.40585253610097005, "log10_eta": -1.4427381042825025, "log10_lambda": -2.808413809417222, "log10_min_child_weight": 3.175384156110777, "log10_subsample": -0.1701983690889799, "max_depth": 6.0, "num_boost_round": 19.0}, "datetime": {"datetime": "2024-01-19 00:16:56", "elapsed": 319.269568, "delta": 0.001087}}
{"target": -13.768820585162052, "params": {"gamma": 417.26524564696876, "log10_alpha": -0.29904696709363776, "log10_colsample_bytree": -0.40585253610097005, "log10_eta": -1.4427381042825025, "log10_lambda": -2.808413809417222, "log10_min_child_weight": 3.175384156110777, "log10_subsample": -0.1701983690889799, "max_depth": 6.0, "num_boost_round": 20.0}, "datetime": {"datetime": "2024-01-19 00:16:56", "elapsed": 319.270513, "delta": 0.000945}}
{"target": -13.769524748063164, "params": {"gamma": 417.26524564696876, "log10_alpha": -0.29904696709363776, "log10_colsample_bytree": -0.40585253610097005, "log10_eta": -1.4427381042825025, "log10_lambda": -2.808413809417222, "log10_min_child_weight": 3.175384156110777, "log10_subsample": -0.1701983690889799, "max_depth": 6.0, "num_boost_round": 21.0}, "datetime": {"datetime": "2024-01-19 00:16:56", "elapsed": 319.271455, "delta": 0.000942}}
{"target": -13.770463150356244, "params": {"gamma": 417.26524564696876, "log10_alpha": -0.29904696709363776, "log10_colsample_bytree": -0.40585253610097005, "log10_eta": -1.4427381042825025, "log10_lambda": -2.808413809417222, "log10_min_child_weight": 3.175384156110777, "log10_subsample": -0.1701983690889799, "max_depth": 6.0, "num_boost_round": 22.0}, "datetime": {"datetime": "2024-01-19 00:16:56", "elapsed": 319.272415, "delta": 0.00096}}
{"target": -13.770675258768144, "params": {"gamma": 417.26524564696876, "log10_alpha": -0.29904696709363776, "log10_colsample_bytree": -0.40585253610097005, "log10_eta": -1.4427381042825025, "log10_lambda": -2.808413809417222, "log10_min_child_weight": 3.175384156110777, "log10_subsample": -0.1701983690889799, "max_depth": 6.0, "num_boost_round": 23.0}, "datetime": {"datetime": "2024-01-19 00:16:56", "elapsed": 319.27336, "delta": 0.000945}}
{"target": -13.770454056938709, "params": {"gamma": 417.26524564696876, "log10_alpha": -0.29904696709363776, "log10_colsample_bytree": -0.40585253610097005, "log10_eta": -1.4427381042825025, "log10_lambda": -2.808413809417222, "log10_min_child_weight": 3.175384156110777, "log10_subsample": -0.1701983690889799, "max_depth": 6.0, "num_boost_round": 24.0}, "datetime": {"datetime": "2024-01-19 00:16:56", "elapsed": 319.27431, "delta": 0.00095}}
{"target": -13.770669335292881, "params": {"gamma": 417.26524564696876, "log10_alpha": -0.29904696709363776, "log10_colsample_bytree": -0.40585253610097005, "log10_eta": -1.4427381042825025, "log10_lambda": -2.808413809417222, "log10_min_child_weight": 3.175384156110777, "log10_subsample": -0.1701983690889799, "max_depth": 6.0, "num_boost_round": 25.0}, "datetime": {"datetime": "2024-01-19 00:16:56", "elapsed": 319.275263, "delta": 0.000953}}
{"target": -13.77196886956732, "params": {"gamma": 417.26524564696876, "log10_alpha": -0.29904696709363776, "log10_colsample_bytree": -0.40585253610097005, "log10_eta": -1.4427381042825025, "log10_lambda": -2.808413809417222, "log10_min_child_weight": 3.175384156110777, "log10_subsample": -0.1701983690889799, "max_depth": 6.0, "num_boost_round": 26.0}, "datetime": {"datetime": "2024-01-19 00:16:56", "elapsed": 319.276221, "delta": 0.000958}}
{"target": -13.772703697720956, "params": {"gamma": 417.26524564696876, "log10_alpha": -0.29904696709363776, "log10_colsample_bytree": -0.40585253610097005, "log10_eta": -1.4427381042825025, "log10_lambda": -2.808413809417222, "log10_min_child_weight": 3.175384156110777, "log10_subsample": -0.1701983690889799, "max_depth": 6.0, "num_boost_round": 27.0}, "datetime": {"datetime": "2024-01-19 00:16:56", "elapsed": 319.277172, "delta": 0.000951}}
{"target": -13.774108318782625, "params": {"gamma": 417.26524564696876, "log10_alpha": -0.29904696709363776, "log10_colsample_bytree": -0.40585253610097005, "log10_eta": -1.4427381042825025, "log10_lambda": -2.808413809417222, "log10_min_child_weight": 3.175384156110777, "log10_subsample": -0.1701983690889799, "max_depth": 6.0, "num_boost_round": 28.0}, "datetime": {"datetime": "2024-01-19 00:16:56", "elapsed": 319.278128, "delta": 0.000956}}
{"target": -13.775137644756942, "params": {"gamma": 417.26524564696876, "log10_alpha": -0.29904696709363776, "log10_colsample_bytree": -0.40585253610097005, "log10_eta": -1.4427381042825025, "log10_lambda": -2.808413809417222, "log10_min_child_weight": 3.175384156110777, "log10_subsample": -0.1701983690889799, "max_depth": 6.0, "num_boost_round": 29.0}, "datetime": {"datetime": "2024-01-19 00:16:56", "elapsed": 319.279079, "delta": 0.000951}}
{"target": -13.778155831345929, "params": {"gamma": 417.26524564696876, "log10_alpha": -0.29904696709363776, "log10_colsample_bytree": -0.40585253610097005, "log10_eta": -1.4427381042825025, "log10_lambda": -2.808413809417222, "log10_min_child_weight": 3.175384156110777, "log10_subsample": -0.1701983690889799, "max_depth": 6.0, "num_boost_round": 30.0}, "datetime": {"datetime": "2024-01-19 00:16:56", "elapsed": 319.280035, "delta": 0.000956}}
{"target": -13.778386758046924, "params": {"gamma": 417.26524564696876, "log10_alpha": -0.29904696709363776, "log10_colsample_bytree": -0.40585253610097005, "log10_eta": -1.4427381042825025, "log10_lambda": -2.808413809417222, "log10_min_child_weight": 3.175384156110777, "log10_subsample": -0.1701983690889799, "max_depth": 6.0, "num_boost_round": 31.0}, "datetime": {"datetime": "2024-01-19 00:16:56", "elapsed": 319.280994, "delta": 0.000959}}
{"target": -13.780705319283234, "params": {"gamma": 417.26524564696876, "log10_alpha": -0.29904696709363776, "log10_colsample_bytree": -0.40585253610097005, "log10_eta": -1.4427381042825025, "log10_lambda": -2.808413809417222, "log10_min_child_weight": 3.175384156110777, "log10_subsample": -0.1701983690889799, "max_depth": 6.0, "num_boost_round": 32.0}, "datetime": {"datetime": "2024-01-19 00:16:56", "elapsed": 319.281949, "delta": 0.000955}}
{"target": -13.780822734330247, "params": {"gamma": 417.26524564696876, "log10_alpha": -0.29904696709363776, "log10_colsample_bytree": -0.40585253610097005, "log10_eta": -1.4427381042825025, "log10_lambda": -2.808413809417222, "log10_min_child_weight": 3.175384156110777, "log10_subsample": -0.1701983690889799, "max_depth": 6.0, "num_boost_round": 33.0}, "datetime": {"datetime": "2024-01-19 00:16:56", "elapsed": 319.282911, "delta": 0.000962}}
{"target": -13.781128339897643, "params": {"gamma": 417.26524564696876, "log10_alpha": -0.29904696709363776, "log10_colsample_bytree": -0.40585253610097005, "log10_eta": -1.4427381042825025, "log10_lambda": -2.808413809417222, "log10_min_child_weight": 3.175384156110777, "log10_subsample": -0.1701983690889799, "max_depth": 6.0, "num_boost_round": 34.0}, "datetime": {"datetime": "2024-01-19 00:16:56", "elapsed": 319.283863, "delta": 0.000952}}
{"target": -13.781901818641714, "params": {"gamma": 417.26524564696876, "log10_alpha": -0.29904696709363776, "log10_colsample_bytree": -0.40585253610097005, "log10_eta": -1.4427381042825025, "log10_lambda": -2.808413809417222, "log10_min_child_weight": 3.175384156110777, "log10_subsample": -0.1701983690889799, "max_depth": 6.0, "num_boost_round": 35.0}, "datetime": {"datetime": "2024-01-19 00:16:56", "elapsed": 319.285255, "delta": 0.001392}}
{"target": -13.78205261931781, "params": {"gamma": 417.26524564696876, "log10_alpha": -0.29904696709363776, "log10_colsample_bytree": -0.40585253610097005, "log10_eta": -1.4427381042825025, "log10_lambda": -2.808413809417222, "log10_min_child_weight": 3.175384156110777, "log10_subsample": -0.1701983690889799, "max_depth": 6.0, "num_boost_round": 36.0}, "datetime": {"datetime": "2024-01-19 00:16:56", "elapsed": 319.286225, "delta": 0.00097}}
{"target": -13.782732325178507, "params": {"gamma": 417.26524564696876, "log10_alpha": -0.29904696709363776, "log10_colsample_bytree": -0.40585253610097005, "log10_eta": -1.4427381042825025, "log10_lambda": -2.808413809417222, "log10_min_child_weight": 3.175384156110777, "log10_subsample": -0.1701983690889799, "max_depth": 6.0, "num_boost_round": 37.0}, "datetime": {"datetime": "2024-01-19 00:16:56", "elapsed": 319.28719, "delta": 0.000965}}
{"target": -13.783984474693897, "params": {"gamma": 417.26524564696876, "log10_alpha": -0.29904696709363776, "log10_colsample_bytree": -0.40585253610097005, "log10_eta": -1.4427381042825025, "log10_lambda": -2.808413809417222, "log10_min_child_weight": 3.175384156110777, "log10_subsample": -0.1701983690889799, "max_depth": 6.0, "num_boost_round": 38.0}, "datetime": {"datetime": "2024-01-19 00:16:56", "elapsed": 319.288377, "delta": 0.001187}}
{"target": -13.784753392737533, "params": {"gamma": 417.26524564696876, "log10_alpha": -0.29904696709363776, "log10_colsample_bytree": -0.40585253610097005, "log10_eta": -1.4427381042825025, "log10_lambda": -2.808413809417222, "log10_min_child_weight": 3.175384156110777, "log10_subsample": -0.1701983690889799, "max_depth": 6.0, "num_boost_round": 39.0}, "datetime": {"datetime": "2024-01-19 00:16:56", "elapsed": 319.289514, "delta": 0.001137}}
{"target": -13.785914181016448, "params": {"gamma": 417.26524564696876, "log10_alpha": -0.29904696709363776, "log10_colsample_bytree": -0.40585253610097005, "log10_eta": -1.4427381042825025, "log10_lambda": -2.808413809417222, "log10_min_child_weight": 3.175384156110777, "log10_subsample": -0.1701983690889799, "max_depth": 6.0, "num_boost_round": 40.0}, "datetime": {"datetime": "2024-01-19 00:16:56", "elapsed": 319.290622, "delta": 0.001108}}
{"target": -13.786666955682392, "params": {"gamma": 417.26524564696876, "log10_alpha": -0.29904696709363776, "log10_colsample_bytree": -0.40585253610097005, "log10_eta": -1.4427381042825025, "log10_lambda": -2.808413809417222, "log10_min_child_weight": 3.175384156110777, "log10_subsample": -0.1701983690889799, "max_depth": 6.0, "num_boost_round": 41.0}, "datetime": {"datetime": "2024-01-19 00:16:56", "elapsed": 319.291827, "delta": 0.001205}}
{"target": -13.787438643841655, "params": {"gamma": 417.26524564696876, "log10_alpha": -0.29904696709363776, "log10_colsample_bytree": -0.40585253610097005, "log10_eta": -1.4427381042825025, "log10_lambda": -2.808413809417222, "log10_min_child_weight": 3.175384156110777, "log10_subsample": -0.1701983690889799, "max_depth": 6.0, "num_boost_round": 42.0}, "datetime": {"datetime": "2024-01-19 00:16:56", "elapsed": 319.292919, "delta": 0.001092}}
{"target": -13.788261963483409, "params": {"gamma": 417.26524564696876, "log10_alpha": -0.29904696709363776, "log10_colsample_bytree": -0.40585253610097005, "log10_eta": -1.4427381042825025, "log10_lambda": -2.808413809417222, "log10_min_child_weight": 3.175384156110777, "log10_subsample": -0.1701983690889799, "max_depth": 6.0, "num_boost_round": 43.0}, "datetime": {"datetime": "2024-01-19 00:16:56", "elapsed": 319.293929, "delta": 0.00101}}
{"target": -13.789528012124238, "params": {"gamma": 417.26524564696876, "log10_alpha": -0.29904696709363776, "log10_colsample_bytree": -0.40585253610097005, "log10_eta": -1.4427381042825025, "log10_lambda": -2.808413809417222, "log10_min_child_weight": 3.175384156110777, "log10_subsample": -0.1701983690889799, "max_depth": 6.0, "num_boost_round": 44.0}, "datetime": {"datetime": "2024-01-19 00:16:56", "elapsed": 319.29491, "delta": 0.000981}}
{"target": -13.790392203573054, "params": {"gamma": 417.26524564696876, "log10_alpha": -0.29904696709363776, "log10_colsample_bytree": -0.40585253610097005, "log10_eta": -1.4427381042825025, "log10_lambda": -2.808413809417222, "log10_min_child_weight": 3.175384156110777, "log10_subsample": -0.1701983690889799, "max_depth": 6.0, "num_boost_round": 45.0}, "datetime": {"datetime": "2024-01-19 00:16:56", "elapsed": 319.295918, "delta": 0.001008}}
{"target": -13.791198027559581, "params": {"gamma": 417.26524564696876, "log10_alpha": -0.29904696709363776, "log10_colsample_bytree": -0.40585253610097005, "log10_eta": -1.4427381042825025, "log10_lambda": -2.808413809417222, "log10_min_child_weight": 3.175384156110777, "log10_subsample": -0.1701983690889799, "max_depth": 6.0, "num_boost_round": 46.0}, "datetime": {"datetime": "2024-01-19 00:16:56", "elapsed": 319.296952, "delta": 0.001034}}
{"target": -13.791483347918541, "params": {"gamma": 417.26524564696876, "log10_alpha": -0.29904696709363776, "log10_colsample_bytree": -0.40585253610097005, "log10_eta": -1.4427381042825025, "log10_lambda": -2.808413809417222, "log10_min_child_weight": 3.175384156110777, "log10_subsample": -0.1701983690889799, "max_depth": 6.0, "num_boost_round": 47.0}, "datetime": {"datetime": "2024-01-19 00:16:56", "elapsed": 319.298006, "delta": 0.001054}}
{"target": -13.792570430381152, "params": {"gamma": 417.26524564696876, "log10_alpha": -0.29904696709363776, "log10_colsample_bytree": -0.40585253610097005, "log10_eta": -1.4427381042825025, "log10_lambda": -2.808413809417222, "log10_min_child_weight": 3.175384156110777, "log10_subsample": -0.1701983690889799, "max_depth": 6.0, "num_boost_round": 48.0}, "datetime": {"datetime": "2024-01-19 00:16:56", "elapsed": 319.299062, "delta": 0.001056}}
{"target": -13.793392670282191, "params": {"gamma": 417.26524564696876, "log10_alpha": -0.29904696709363776, "log10_colsample_bytree": -0.40585253610097005, "log10_eta": -1.4427381042825025, "log10_lambda": -2.808413809417222, "log10_min_child_weight": 3.175384156110777, "log10_subsample": -0.1701983690889799, "max_depth": 6.0, "num_boost_round": 49.0}, "datetime": {"datetime": "2024-01-19 00:16:56", "elapsed": 319.300103, "delta": 0.001041}}
{"target": -13.794584481672944, "params": {"gamma": 417.26524564696876, "log10_alpha": -0.29904696709363776, "log10_colsample_bytree": -0.40585253610097005, "log10_eta": -1.4427381042825025, "log10_lambda": -2.808413809417222, "log10_min_child_weight": 3.175384156110777, "log10_subsample": -0.1701983690889799, "max_depth": 6.0, "num_boost_round": 50.0}, "datetime": {"datetime": "2024-01-19 00:16:56", "elapsed": 319.301143, "delta": 0.00104}}
{"target": -13.79497337919614, "params": {"gamma": 417.26524564696876, "log10_alpha": -0.29904696709363776, "log10_colsample_bytree": -0.40585253610097005, "log10_eta": -1.4427381042825025, "log10_lambda": -2.808413809417222, "log10_min_child_weight": 3.175384156110777, "log10_subsample": -0.1701983690889799, "max_depth": 6.0, "num_boost_round": 51.0}, "datetime": {"datetime": "2024-01-19 00:16:56", "elapsed": 319.302167, "delta": 0.001024}}
{"target": -13.794779260993778, "params": {"gamma": 417.26524564696876, "log10_alpha": -0.29904696709363776, "log10_colsample_bytree": -0.40585253610097005, "log10_eta": -1.4427381042825025, "log10_lambda": -2.808413809417222, "log10_min_child_weight": 3.175384156110777, "log10_subsample": -0.1701983690889799, "max_depth": 6.0, "num_boost_round": 52.0}, "datetime": {"datetime": "2024-01-19 00:16:56", "elapsed": 319.303201, "delta": 0.001034}}
{"target": -13.795088642672464, "params": {"gamma": 417.26524564696876, "log10_alpha": -0.29904696709363776, "log10_colsample_bytree": -0.40585253610097005, "log10_eta": -1.4427381042825025, "log10_lambda": -2.808413809417222, "log10_min_child_weight": 3.175384156110777, "log10_subsample": -0.1701983690889799, "max_depth": 6.0, "num_boost_round": 53.0}, "datetime": {"datetime": "2024-01-19 00:16:56", "elapsed": 319.304241, "delta": 0.00104}}
{"target": -13.795998099803127, "params": {"gamma": 417.26524564696876, "log10_alpha": -0.29904696709363776, "log10_colsample_bytree": -0.40585253610097005, "log10_eta": -1.4427381042825025, "log10_lambda": -2.808413809417222, "log10_min_child_weight": 3.175384156110777, "log10_subsample": -0.1701983690889799, "max_depth": 6.0, "num_boost_round": 54.0}, "datetime": {"datetime": "2024-01-19 00:16:56", "elapsed": 319.305299, "delta": 0.001058}}
{"target": -13.796941445802917, "params": {"gamma": 417.26524564696876, "log10_alpha": -0.29904696709363776, "log10_colsample_bytree": -0.40585253610097005, "log10_eta": -1.4427381042825025, "log10_lambda": -2.808413809417222, "log10_min_child_weight": 3.175384156110777, "log10_subsample": -0.1701983690889799, "max_depth": 6.0, "num_boost_round": 55.0}, "datetime": {"datetime": "2024-01-19 00:16:56", "elapsed": 319.306341, "delta": 0.001042}}
{"target": -13.798692107223236, "params": {"gamma": 417.26524564696876, "log10_alpha": -0.29904696709363776, "log10_colsample_bytree": -0.40585253610097005, "log10_eta": -1.4427381042825025, "log10_lambda": -2.808413809417222, "log10_min_child_weight": 3.175384156110777, "log10_subsample": -0.1701983690889799, "max_depth": 6.0, "num_boost_round": 56.0}, "datetime": {"datetime": "2024-01-19 00:16:56", "elapsed": 319.307372, "delta": 0.001031}}
{"target": -13.758537220542651, "params": {"gamma": 423.09409208016626, "log10_alpha": -3.326081999034619, "log10_colsample_bytree": -0.05542175651068304, "log10_eta": -3.9788730177915888, "log10_lambda": -3.9656983858539525, "log10_min_child_weight": 2.50472614712352, "log10_subsample": -0.15018910814095332, "max_depth": 2.0, "num_boost_round": 0.0}, "datetime": {"datetime": "2024-01-19 00:17:26", "elapsed": 350.042018, "delta": 30.734646}}
{"target": -13.75853610906814, "params": {"gamma": 423.09409208016626, "log10_alpha": -3.326081999034619, "log10_colsample_bytree": -0.05542175651068304, "log10_eta": -3.9788730177915888, "log10_lambda": -3.9656983858539525, "log10_min_child_weight": 2.50472614712352, "log10_subsample": -0.15018910814095332, "max_depth": 2.0, "num_boost_round": 1.0}, "datetime": {"datetime": "2024-01-19 00:17:26", "elapsed": 350.043592, "delta": 0.001574}}
{"target": -13.758534980078654, "params": {"gamma": 423.09409208016626, "log10_alpha": -3.326081999034619, "log10_colsample_bytree": -0.05542175651068304, "log10_eta": -3.9788730177915888, "log10_lambda": -3.9656983858539525, "log10_min_child_weight": 2.50472614712352, "log10_subsample": -0.15018910814095332, "max_depth": 2.0, "num_boost_round": 2.0}, "datetime": {"datetime": "2024-01-19 00:17:26", "elapsed": 350.044729, "delta": 0.001137}}
{"target": -13.758534938334213, "params": {"gamma": 423.09409208016626, "log10_alpha": -3.326081999034619, "log10_colsample_bytree": -0.05542175651068304, "log10_eta": -3.9788730177915888, "log10_lambda": -3.9656983858539525, "log10_min_child_weight": 2.50472614712352, "log10_subsample": -0.15018910814095332, "max_depth": 2.0, "num_boost_round": 3.0}, "datetime": {"datetime": "2024-01-19 00:17:26", "elapsed": 350.045735, "delta": 0.001006}}
{"target": -13.758533480050234, "params": {"gamma": 423.09409208016626, "log10_alpha": -3.326081999034619, "log10_colsample_bytree": -0.05542175651068304, "log10_eta": -3.9788730177915888, "log10_lambda": -3.9656983858539525, "log10_min_child_weight": 2.50472614712352, "log10_subsample": -0.15018910814095332, "max_depth": 2.0, "num_boost_round": 4.0}, "datetime": {"datetime": "2024-01-19 00:17:26", "elapsed": 350.046731, "delta": 0.000996}}
{"target": -13.758532383068138, "params": {"gamma": 423.09409208016626, "log10_alpha": -3.326081999034619, "log10_colsample_bytree": -0.05542175651068304, "log10_eta": -3.9788730177915888, "log10_lambda": -3.9656983858539525, "log10_min_child_weight": 2.50472614712352, "log10_subsample": -0.15018910814095332, "max_depth": 2.0, "num_boost_round": 5.0}, "datetime": {"datetime": "2024-01-19 00:17:26", "elapsed": 350.047837, "delta": 0.001106}}
{"target": -13.758531295585124, "params": {"gamma": 423.09409208016626, "log10_alpha": -3.326081999034619, "log10_colsample_bytree": -0.05542175651068304, "log10_eta": -3.9788730177915888, "log10_lambda": -3.9656983858539525, "log10_min_child_weight": 2.50472614712352, "log10_subsample": -0.15018910814095332, "max_depth": 2.0, "num_boost_round": 6.0}, "datetime": {"datetime": "2024-01-19 00:17:26", "elapsed": 350.049174, "delta": 0.001337}}
{"target": -13.758530394800275, "params": {"gamma": 423.09409208016626, "log10_alpha": -3.326081999034619, "log10_colsample_bytree": -0.05542175651068304, "log10_eta": -3.9788730177915888, "log10_lambda": -3.9656983858539525, "log10_min_child_weight": 2.50472614712352, "log10_subsample": -0.15018910814095332, "max_depth": 2.0, "num_boost_round": 7.0}, "datetime": {"datetime": "2024-01-19 00:17:26", "elapsed": 350.050199, "delta": 0.001025}}
{"target": -13.758529235655612, "params": {"gamma": 423.09409208016626, "log10_alpha": -3.326081999034619, "log10_colsample_bytree": -0.05542175651068304, "log10_eta": -3.9788730177915888, "log10_lambda": -3.9656983858539525, "log10_min_child_weight": 2.50472614712352, "log10_subsample": -0.15018910814095332, "max_depth": 2.0, "num_boost_round": 8.0}, "datetime": {"datetime": "2024-01-19 00:17:26", "elapsed": 350.051207, "delta": 0.001008}}
{"target": -13.758528147455127, "params": {"gamma": 423.09409208016626, "log10_alpha": -3.326081999034619, "log10_colsample_bytree": -0.05542175651068304, "log10_eta": -3.9788730177915888, "log10_lambda": -3.9656983858539525, "log10_min_child_weight": 2.50472614712352, "log10_subsample": -0.15018910814095332, "max_depth": 2.0, "num_boost_round": 9.0}, "datetime": {"datetime": "2024-01-19 00:17:26", "elapsed": 350.052209, "delta": 0.001002}}
