{"target": -13.755960541759118, "params": {"gamma": 505.4988445414531, "log10_alpha": -0.37481849157907643, "log10_colsample_bytree": -0.5522039669811553, "log10_eta": -2.550241342782781, "log10_lambda": -0.3021750294682217, "log10_min_child_weight": 0.7041141097636822, "log10_subsample": -0.32954596236291234, "max_depth": 5.0, "num_boost_round": 63.0}, "datetime": {"datetime": "2024-01-19 01:01:56", "elapsed": 3020.942836, "delta": 0.003959}}
{"target": -13.755918867942308, "params": {"gamma": 505.4988445414531, "log10_alpha": -0.37481849157907643, "log10_colsample_bytree": -0.5522039669811553, "log10_eta": -2.550241342782781, "log10_lambda": -0.3021750294682217, "log10_min_child_weight": 0.7041141097636822, "log10_subsample": -0.32954596236291234, "max_depth": 5.0, "num_boost_round": 64.0}, "datetime": {"datetime": "2024-01-19 01:01:56", "elapsed": 3020.946784, "delta": 0.003948}}
{"target": -13.755947902661035, "params": {"gamma": 505.4988445414531, "log10_alpha": -0.37481849157907643, "log10_colsample_bytree": -0.5522039669811553, "log10_eta": -2.550241342782781, "log10_lambda": -0.3021750294682217, "log10_min_child_weight": 0.7041141097636822, "log10_subsample": -0.32954596236291234, "max_depth": 5.0, "num_boost_round": 65.0}, "datetime": {"datetime": "2024-01-19 01:01:56", "elapsed": 3020.950863, "delta": 0.004079}}
{"target": -13.758536201024615, "params": {"gamma": 504.90951488507517, "log10_alpha": 0.169218305130574, "log10_colsample_bytree": -0.7021480755400873, "log10_eta": -3.6939350988354573, "log10_lambda": -2.18131113146137, "log10_min_child_weight": 0.7228776090795286, "log10_subsample": -0.6013483884803299, "max_depth": 2.0, "num_boost_round": 0.0}, "datetime": {"datetime": "2024-01-19 01:03:06", "elapsed": 3090.037689, "delta": 69.086826}}
{"target": -13.758532152490197, "params": {"gamma": 504.90951488507517, "log10_alpha": 0.169218305130574, "log10_colsample_bytree": -0.7021480755400873, "log10_eta": -3.6939350988354573, "log10_lambda": -2.18131113146137, "log10_min_child_weight": 0.7228776090795286, "log10_subsample": -0.6013483884803299, "max_depth": 2.0, "num_boost_round": 1.0}, "datetime": {"datetime": "2024-01-19 01:03:06", "elapsed": 3090.04308, "delta": 0.005391}}
{"target": -13.758533082508288, "params": {"gamma": 504.90951488507517, "log10_alpha": 0.169218305130574, "log10_colsample_bytree": -0.7021480755400873, "log10_eta": -3.6939350988354573, "log10_lambda": -2.18131113146137, "log10_min_child_weight": 0.7228776090795286, "log10_subsample": -0.6013483884803299, "max_depth": 2.0, "num_boost_round": 2.0}, "datetime": {"datetime": "2024-01-19 01:03:06", "elapsed": 3090.047826, "delta": 0.004746}}
{"target": -13.758532652011377, "params": {"gamma": 504.90951488507517, "log10_alpha": 0.169218305130574, "log10_colsample_bytree": -0.7021480755400873, "log10_eta": -3.6939350988354573, "log10_lambda": -2.18131113146137, "log10_min_child_weight": 0.7228776090795286, "log10_subsample": -0.6013483884803299, "max_depth": 2.0, "num_boost_round": 3.0}, "datetime": {"datetime": "2024-01-19 01:03:06", "elapsed": 3090.052028, "delta": 0.004202}}
{"target": -13.75853047614204, "params": {"gamma": 504.90951488507517, "log10_alpha": 0.169218305130574, "log10_colsample_bytree": -0.7021480755400873, "log10_eta": -3.6939350988354573, "log10_lambda": -2.18131113146137, "log10_min_child_weight": 0.7228776090795286, "log10_subsample": -0.6013483884803299, "max_depth": 2.0, "num_boost_round": 4.0}, "datetime": {"datetime": "2024-01-19 01:03:06", "elapsed": 3090.056293, "delta": 0.004265}}
{"target": -13.758529609584297, "params": {"gamma": 504.90951488507517, "log10_alpha": 0.169218305130574, "log10_colsample_bytree": -0.7021480755400873, "log10_eta": -3.6939350988354573, "log10_lambda": -2.18131113146137, "log10_min_child_weight": 0.7228776090795286, "log10_subsample": -0.6013483884803299, "max_depth": 2.0, "num_boost_round": 5.0}, "datetime": {"datetime": "2024-01-19 01:03:06", "elapsed": 3090.060492, "delta": 0.004199}}
{"target": -13.758528460167643, "params": {"gamma": 504.90951488507517, "log10_alpha": 0.169218305130574, "log10_colsample_bytree": -0.7021480755400873, "log10_eta": -3.6939350988354573, "log10_lambda": -2.18131113146137, "log10_min_child_weight": 0.7228776090795286, "log10_subsample": -0.6013483884803299, "max_depth": 2.0, "num_boost_round": 6.0}, "datetime": {"datetime": "2024-01-19 01:03:06", "elapsed": 3090.064615, "delta": 0.004123}}
{"target": -13.758526820965702, "params": {"gamma": 504.90951488507517, "log10_alpha": 0.169218305130574, "log10_colsample_bytree": -0.7021480755400873, "log10_eta": -3.6939350988354573, "log10_lambda": -2.18131113146137, "log10_min_child_weight": 0.7228776090795286, "log10_subsample": -0.6013483884803299, "max_depth": 2.0, "num_boost_round": 7.0}, "datetime": {"datetime": "2024-01-19 01:03:06", "elapsed": 3090.068713, "delta": 0.004098}}
{"target": -13.75852566343866, "params": {"gamma": 504.90951488507517, "log10_alpha": 0.169218305130574, "log10_colsample_bytree": -0.7021480755400873, "log10_eta": -3.6939350988354573, "log10_lambda": -2.18131113146137, "log10_min_child_weight": 0.7228776090795286, "log10_subsample": -0.6013483884803299, "max_depth": 2.0, "num_boost_round": 8.0}, "datetime": {"datetime": "2024-01-19 01:03:06", "elapsed": 3090.072803, "delta": 0.00409}}
{"target": -13.758524269105223, "params": {"gamma": 504.90951488507517, "log10_alpha": 0.169218305130574, "log10_colsample_bytree": -0.7021480755400873, "log10_eta": -3.6939350988354573, "log10_lambda": -2.18131113146137, "log10_min_child_weight": 0.7228776090795286, "log10_subsample": -0.6013483884803299, "max_depth": 2.0, "num_boost_round": 9.0}, "datetime": {"datetime": "2024-01-19 01:03:06", "elapsed": 3090.076932, "delta": 0.004129}}
{"target": -13.758524351609518, "params": {"gamma": 504.90951488507517, "log10_alpha": 0.169218305130574, "log10_colsample_bytree": -0.7021480755400873, "log10_eta": -3.6939350988354573, "log10_lambda": -2.18131113146137, "log10_min_child_weight": 0.7228776090795286, "log10_subsample": -0.6013483884803299, "max_depth": 2.0, "num_boost_round": 10.0}, "datetime": {"datetime": "2024-01-19 01:03:06", "elapsed": 3090.081044, "delta": 0.004112}}
{"target": -13.758522081944504, "params": {"gamma": 504.90951488507517, "log10_alpha": 0.169218305130574, "log10_colsample_bytree": -0.7021480755400873, "log10_eta": -3.6939350988354573, "log10_lambda": -2.18131113146137, "log10_min_child_weight": 0.7228776090795286, "log10_subsample": -0.6013483884803299, "max_depth": 2.0, "num_boost_round": 11.0}, "datetime": {"datetime": "2024-01-19 01:03:06", "elapsed": 3090.085218, "delta": 0.004174}}
{"target": -13.758518419625851, "params": {"gamma": 504.90951488507517, "log10_alpha": 0.169218305130574, "log10_colsample_bytree": -0.7021480755400873, "log10_eta": -3.6939350988354573, "log10_lambda": -2.18131113146137, "log10_min_child_weight": 0.7228776090795286, "log10_subsample": -0.6013483884803299, "max_depth": 2.0, "num_boost_round": 12.0}, "datetime": {"datetime": "2024-01-19 01:03:06", "elapsed": 3090.089397, "delta": 0.004179}}
{"target": -13.758516123458877, "params": {"gamma": 504.90951488507517, "log10_alpha": 0.169218305130574, "log10_colsample_bytree": -0.7021480755400873, "log10_eta": -3.6939350988354573, "log10_lambda": -2.18131113146137, "log10_min_child_weight": 0.7228776090795286, "log10_subsample": -0.6013483884803299, "max_depth": 2.0, "num_boost_round": 13.0}, "datetime": {"datetime": "2024-01-19 01:03:06", "elapsed": 3090.093528, "delta": 0.004131}}
{"target": -13.758515848869921, "params": {"gamma": 504.90951488507517, "log10_alpha": 0.169218305130574, "log10_colsample_bytree": -0.7021480755400873, "log10_eta": -3.6939350988354573, "log10_lambda": -2.18131113146137, "log10_min_child_weight": 0.7228776090795286, "log10_subsample": -0.6013483884803299, "max_depth": 2.0, "num_boost_round": 14.0}, "datetime": {"datetime": "2024-01-19 01:03:06", "elapsed": 3090.097669, "delta": 0.004141}}
{"target": -13.758511733552938, "params": {"gamma": 504.90951488507517, "log10_alpha": 0.169218305130574, "log10_colsample_bytree": -0.7021480755400873, "log10_eta": -3.6939350988354573, "log10_lambda": -2.18131113146137, "log10_min_child_weight": 0.7228776090795286, "log10_subsample": -0.6013483884803299, "max_depth": 2.0, "num_boost_round": 15.0}, "datetime": {"datetime": "2024-01-19 01:03:06", "elapsed": 3090.101851, "delta": 0.004182}}
{"target": -13.75851031100868, "params": {"gamma": 504.90951488507517, "log10_alpha": 0.169218305130574, "log10_colsample_bytree": -0.7021480755400873, "log10_eta": -3.6939350988354573, "log10_lambda": -2.18131113146137, "log10_min_child_weight": 0.7228776090795286, "log10_subsample": -0.6013483884803299, "max_depth": 2.0, "num_boost_round": 16.0}, "datetime": {"datetime": "2024-01-19 01:03:06", "elapsed": 3090.106003, "delta": 0.004152}}
{"target": -13.758507075907161, "params": {"gamma": 504.90951488507517, "log10_alpha": 0.169218305130574, "log10_colsample_bytree": -0.7021480755400873, "log10_eta": -3.6939350988354573, "log10_lambda": -2.18131113146137, "log10_min_child_weight": 0.7228776090795286, "log10_subsample": -0.6013483884803299, "max_depth": 2.0, "num_boost_round": 17.0}, "datetime": {"datetime": "2024-01-19 01:03:06", "elapsed": 3090.11012, "delta": 0.004117}}
{"target": -13.758507280498767, "params": {"gamma": 504.90951488507517, "log10_alpha": 0.169218305130574, "log10_colsample_bytree": -0.7021480755400873, "log10_eta": -3.6939350988354573, "log10_lambda": -2.18131113146137, "log10_min_child_weight": 0.7228776090795286, "log10_subsample": -0.6013483884803299, "max_depth": 2.0, "num_boost_round": 18.0}, "datetime": {"datetime": "2024-01-19 01:03:06", "elapsed": 3090.11427, "delta": 0.00415}}
{"target": -13.758505331331698, "params": {"gamma": 504.90951488507517, "log10_alpha": 0.169218305130574, "log10_colsample_bytree": -0.7021480755400873, "log10_eta": -3.6939350988354573, "log10_lambda": -2.18131113146137, "log10_min_child_weight": 0.7228776090795286, "log10_subsample": -0.6013483884803299, "max_depth": 2.0, "num_boost_round": 19.0}, "datetime": {"datetime": "2024-01-19 01:03:06", "elapsed": 3090.118373, "delta": 0.004103}}
{"target": -13.75850486461853, "params": {"gamma": 504.90951488507517, "log10_alpha": 0.169218305130574, "log10_colsample_bytree": -0.7021480755400873, "log10_eta": -3.6939350988354573, "log10_lambda": -2.18131113146137, "log10_min_child_weight": 0.7228776090795286, "log10_subsample": -0.6013483884803299, "max_depth": 2.0, "num_boost_round": 20.0}, "datetime": {"datetime": "2024-01-19 01:03:06", "elapsed": 3090.12255, "delta": 0.004177}}
{"target": -13.75850113937371, "params": {"gamma": 504.90951488507517, "log10_alpha": 0.169218305130574, "log10_colsample_bytree": -0.7021480755400873, "log10_eta": -3.6939350988354573, "log10_lambda": -2.18131113146137, "log10_min_child_weight": 0.7228776090795286, "log10_subsample": -0.6013483884803299, "max_depth": 2.0, "num_boost_round": 21.0}, "datetime": {"datetime": "2024-01-19 01:03:06", "elapsed": 3090.126792, "delta": 0.004242}}
{"target": -13.758499644992845, "params": {"gamma": 504.90951488507517, "log10_alpha": 0.169218305130574, "log10_colsample_bytree": -0.7021480755400873, "log10_eta": -3.6939350988354573, "log10_lambda": -2.18131113146137, "log10_min_child_weight": 0.7228776090795286, "log10_subsample": -0.6013483884803299, "max_depth": 2.0, "num_boost_round": 22.0}, "datetime": {"datetime": "2024-01-19 01:03:06", "elapsed": 3090.130946, "delta": 0.004154}}
{"target": -13.758497399444806, "params": {"gamma": 504.90951488507517, "log10_alpha": 0.169218305130574, "log10_colsample_bytree": -0.7021480755400873, "log10_eta": -3.6939350988354573, "log10_lambda": -2.18131113146137, "log10_min_child_weight": 0.7228776090795286, "log10_subsample": -0.6013483884803299, "max_depth": 2.0, "num_boost_round": 23.0}, "datetime": {"datetime": "2024-01-19 01:03:06", "elapsed": 3090.135102, "delta": 0.004156}}
{"target": -13.758496368827204, "params": {"gamma": 504.90951488507517, "log10_alpha": 0.169218305130574, "log10_colsample_bytree": -0.7021480755400873, "log10_eta": -3.6939350988354573, "log10_lambda": -2.18131113146137, "log10_min_child_weight": 0.7228776090795286, "log10_subsample": -0.6013483884803299, "max_depth": 2.0, "num_boost_round": 24.0}, "datetime": {"datetime": "2024-01-19 01:03:06", "elapsed": 3090.139296, "delta": 0.004194}}
{"target": -13.758493949661737, "params": {"gamma": 504.90951488507517, "log10_alpha": 0.169218305130574, "log10_colsample_bytree": -0.7021480755400873, "log10_eta": -3.6939350988354573, "log10_lambda": -2.18131113146137, "log10_min_child_weight": 0.7228776090795286, "log10_subsample": -0.6013483884803299, "max_depth": 2.0, "num_boost_round": 25.0}, "datetime": {"datetime": "2024-01-19 01:03:06", "elapsed": 3090.143414, "delta": 0.004118}}
{"target": -13.75849321119475, "params": {"gamma": 504.90951488507517, "log10_alpha": 0.169218305130574, "log10_colsample_bytree": -0.7021480755400873, "log10_eta": -3.6939350988354573, "log10_lambda": -2.18131113146137, "log10_min_child_weight": 0.7228776090795286, "log10_subsample": -0.6013483884803299, "max_depth": 2.0, "num_boost_round": 26.0}, "datetime": {"datetime": "2024-01-19 01:03:06", "elapsed": 3090.147563, "delta": 0.004149}}
{"target": -13.758489318508076, "params": {"gamma": 504.90951488507517, "log10_alpha": 0.169218305130574, "log10_colsample_bytree": -0.7021480755400873, "log10_eta": -3.6939350988354573, "log10_lambda": -2.18131113146137, "log10_min_child_weight": 0.7228776090795286, "log10_subsample": -0.6013483884803299, "max_depth": 2.0, "num_boost_round": 27.0}, "datetime": {"datetime": "2024-01-19 01:03:06", "elapsed": 3090.151693, "delta": 0.00413}}
{"target": -13.75853619995628, "params": {"gamma": 507.2733171210163, "log10_alpha": 0.9727041880475724, "log10_colsample_bytree": -0.19966363024509204, "log10_eta": -3.7185855943948836, "log10_lambda": 0.10426857283866742, "log10_min_child_weight": 3.279332199950984, "log10_subsample": -0.3315913005728752, "max_depth": 4.0, "num_boost_round": 0.0}, "datetime": {"datetime": "2024-01-19 01:04:26", "elapsed": 3170.336239, "delta": 80.184546}}
{"target": -13.758533443899774, "params": {"gamma": 507.2733171210163, "log10_alpha": 0.9727041880475724, "log10_colsample_bytree": -0.19966363024509204, "log10_eta": -3.7185855943948836, "log10_lambda": 0.10426857283866742, "log10_min_child_weight": 3.279332199950984, "log10_subsample": -0.3315913005728752, "max_depth": 4.0, "num_boost_round": 1.0}, "datetime": {"datetime": "2024-01-19 01:04:26", "elapsed": 3170.34087, "delta": 0.004631}}
{"target": -13.75853117268361, "params": {"gamma": 507.2733171210163, "log10_alpha": 0.9727041880475724, "log10_colsample_bytree": -0.19966363024509204, "log10_eta": -3.7185855943948836, "log10_lambda": 0.10426857283866742, "log10_min_child_weight": 3.279332199950984, "log10_subsample": -0.3315913005728752, "max_depth": 4.0, "num_boost_round": 2.0}, "datetime": {"datetime": "2024-01-19 01:04:26", "elapsed": 3170.345014, "delta": 0.004144}}
{"target": -13.758532404331376, "params": {"gamma": 507.2733171210163, "log10_alpha": 0.9727041880475724, "log10_colsample_bytree": -0.19966363024509204, "log10_eta": -3.7185855943948836, "log10_lambda": 0.10426857283866742, "log10_min_child_weight": 3.279332199950984, "log10_subsample": -0.3315913005728752, "max_depth": 4.0, "num_boost_round": 3.0}, "datetime": {"datetime": "2024-01-19 01:04:26", "elapsed": 3170.34903, "delta": 0.004016}}
{"target": -13.758530571965647, "params": {"gamma": 507.2733171210163, "log10_alpha": 0.9727041880475724, "log10_colsample_bytree": -0.19966363024509204, "log10_eta": -3.7185855943948836, "log10_lambda": 0.10426857283866742, "log10_min_child_weight": 3.279332199950984, "log10_subsample": -0.3315913005728752, "max_depth": 4.0, "num_boost_round": 4.0}, "datetime": {"datetime": "2024-01-19 01:04:26", "elapsed": 3170.353086, "delta": 0.004056}}
{"target": -13.758525874035065, "params": {"gamma": 507.2733171210163, "log10_alpha": 0.9727041880475724, "log10_colsample_bytree": -0.19966363024509204, "log10_eta": -3.7185855943948836, "log10_lambda": 0.10426857283866742, "log10_min_child_weight": 3.279332199950984, "log10_subsample": -0.3315913005728752, "max_depth": 4.0, "num_boost_round": 5.0}, "datetime": {"datetime": "2024-01-19 01:04:26", "elapsed": 3170.357215, "delta": 0.004129}}
{"target": -13.75852522777303, "params": {"gamma": 507.2733171210163, "log10_alpha": 0.9727041880475724, "log10_colsample_bytree": -0.19966363024509204, "log10_eta": -3.7185855943948836, "log10_lambda": 0.10426857283866742, "log10_min_child_weight": 3.279332199950984, "log10_subsample": -0.3315913005728752, "max_depth": 4.0, "num_boost_round": 6.0}, "datetime": {"datetime": "2024-01-19 01:04:26", "elapsed": 3170.36123, "delta": 0.004015}}
{"target": -13.758527151935635, "params": {"gamma": 507.2733171210163, "log10_alpha": 0.9727041880475724, "log10_colsample_bytree": -0.19966363024509204, "log10_eta": -3.7185855943948836, "log10_lambda": 0.10426857283866742, "log10_min_child_weight": 3.279332199950984, "log10_subsample": -0.3315913005728752, "max_depth": 4.0, "num_boost_round": 7.0}, "datetime": {"datetime": "2024-01-19 01:04:26", "elapsed": 3170.3654, "delta": 0.00417}}
{"target": -13.758528725605188, "params": {"gamma": 507.2733171210163, "log10_alpha": 0.9727041880475724, "log10_colsample_bytree": -0.19966363024509204, "log10_eta": -3.7185855943948836, "log10_lambda": 0.10426857283866742, "log10_min_child_weight": 3.279332199950984, "log10_subsample": -0.3315913005728752, "max_depth": 4.0, "num_boost_round": 8.0}, "datetime": {"datetime": "2024-01-19 01:04:26", "elapsed": 3170.369454, "delta": 0.004054}}
{"target": -13.758523763421813, "params": {"gamma": 507.2733171210163, "log10_alpha": 0.9727041880475724, "log10_colsample_bytree": -0.19966363024509204, "log10_eta": -3.7185855943948836, "log10_lambda": 0.10426857283866742, "log10_min_child_weight": 3.279332199950984, "log10_subsample": -0.3315913005728752, "max_depth": 4.0, "num_boost_round": 9.0}, "datetime": {"datetime": "2024-01-19 01:04:26", "elapsed": 3170.373454, "delta": 0.004}}
{"target": -13.758523828878527, "params": {"gamma": 507.2733171210163, "log10_alpha": 0.9727041880475724, "log10_colsample_bytree": -0.19966363024509204, "log10_eta": -3.7185855943948836, "log10_lambda": 0.10426857283866742, "log10_min_child_weight": 3.279332199950984, "log10_subsample": -0.3315913005728752, "max_depth": 4.0, "num_boost_round": 10.0}, "datetime": {"datetime": "2024-01-19 01:04:26", "elapsed": 3170.377605, "delta": 0.004151}}
{"target": -13.758519524630062, "params": {"gamma": 507.2733171210163, "log10_alpha": 0.9727041880475724, "log10_colsample_bytree": -0.19966363024509204, "log10_eta": -3.7185855943948836, "log10_lambda": 0.10426857283866742, "log10_min_child_weight": 3.279332199950984, "log10_subsample": -0.3315913005728752, "max_depth": 4.0, "num_boost_round": 11.0}, "datetime": {"datetime": "2024-01-19 01:04:26", "elapsed": 3170.381783, "delta": 0.004178}}
{"target": -13.758516501454986, "params": {"gamma": 507.2733171210163, "log10_alpha": 0.9727041880475724, "log10_colsample_bytree": -0.19966363024509204, "log10_eta": -3.7185855943948836, "log10_lambda": 0.10426857283866742, "log10_min_child_weight": 3.279332199950984, "log10_subsample": -0.3315913005728752, "max_depth": 4.0, "num_boost_round": 12.0}, "datetime": {"datetime": "2024-01-19 01:04:26", "elapsed": 3170.385921, "delta": 0.004138}}
{"target": -13.758513962763901, "params": {"gamma": 507.2733171210163, "log10_alpha": 0.9727041880475724, "log10_colsample_bytree": -0.19966363024509204, "log10_eta": -3.7185855943948836, "log10_lambda": 0.10426857283866742, "log10_min_child_weight": 3.279332199950984, "log10_subsample": -0.3315913005728752, "max_depth": 4.0, "num_boost_round": 13.0}, "datetime": {"datetime": "2024-01-19 01:04:26", "elapsed": 3170.38997, "delta": 0.004049}}
{"target": -13.758512129894118, "params": {"gamma": 507.2733171210163, "log10_alpha": 0.9727041880475724, "log10_colsample_bytree": -0.19966363024509204, "log10_eta": -3.7185855943948836, "log10_lambda": 0.10426857283866742, "log10_min_child_weight": 3.279332199950984, "log10_subsample": -0.3315913005728752, "max_depth": 4.0, "num_boost_round": 14.0}, "datetime": {"datetime": "2024-01-19 01:04:26", "elapsed": 3170.393998, "delta": 0.004028}}
{"target": -13.758508976608875, "params": {"gamma": 507.2733171210163, "log10_alpha": 0.9727041880475724, "log10_colsample_bytree": -0.19966363024509204, "log10_eta": -3.7185855943948836, "log10_lambda": 0.10426857283866742, "log10_min_child_weight": 3.279332199950984, "log10_subsample": -0.3315913005728752, "max_depth": 4.0, "num_boost_round": 15.0}, "datetime": {"datetime": "2024-01-19 01:04:26", "elapsed": 3170.398078, "delta": 0.00408}}
{"target": -13.758503617076641, "params": {"gamma": 507.2733171210163, "log10_alpha": 0.9727041880475724, "log10_colsample_bytree": -0.19966363024509204, "log10_eta": -3.7185855943948836, "log10_lambda": 0.10426857283866742, "log10_min_child_weight": 3.279332199950984, "log10_subsample": -0.3315913005728752, "max_depth": 4.0, "num_boost_round": 16.0}, "datetime": {"datetime": "2024-01-19 01:04:26", "elapsed": 3170.402108, "delta": 0.00403}}
{"target": -13.758500924443442, "params": {"gamma": 507.2733171210163, "log10_alpha": 0.9727041880475724, "log10_colsample_bytree": -0.19966363024509204, "log10_eta": -3.7185855943948836, "log10_lambda": 0.10426857283866742, "log10_min_child_weight": 3.279332199950984, "log10_subsample": -0.3315913005728752, "max_depth": 4.0, "num_boost_round": 17.0}, "datetime": {"datetime": "2024-01-19 01:04:26", "elapsed": 3170.4062, "delta": 0.004092}}
