{"target": -17.677149831025, "params": {"gamma": 52.02636694094653, "log10_alpha": -1.2032113763367924, "log10_colsample_bytree": -0.1710771398924511, "log10_eta": -3.7785739542287446, "log10_lambda": -0.5142819781617849, "log10_min_child_weight": 1.0053040461829714, "log10_subsample": -0.17322554577205318, "max_depth": 9.0, "num_boost_round": 9.0}, "datetime": {"datetime": "2024-01-19 01:19:45", "elapsed": 4138.868488, "delta": 0.003641}}
{"target": -17.67714014474484, "params": {"gamma": 52.02636694094653, "log10_alpha": -1.2032113763367924, "log10_colsample_bytree": -0.1710771398924511, "log10_eta": -3.7785739542287446, "log10_lambda": -0.5142819781617849, "log10_min_child_weight": 1.0053040461829714, "log10_subsample": -0.17322554577205318, "max_depth": 9.0, "num_boost_round": 10.0}, "datetime": {"datetime": "2024-01-19 01:19:45", "elapsed": 4138.872345, "delta": 0.003857}}
{"target": -17.681388560328337, "params": {"gamma": 63.687569293158, "log10_alpha": -3.08183402358605, "log10_colsample_bytree": -0.463333042211859, "log10_eta": -0.5925348174053275, "log10_lambda": 0.5184120114485387, "log10_min_child_weight": 1.5467441726678377, "log10_subsample": -0.8612494014753168, "max_depth": 6.0, "num_boost_round": 0.0}, "datetime": {"datetime": "2024-01-19 01:20:44", "elapsed": 4198.686754, "delta": 59.814409}}
{"target": -17.715734141647783, "params": {"gamma": 63.687569293158, "log10_alpha": -3.08183402358605, "log10_colsample_bytree": -0.463333042211859, "log10_eta": -0.5925348174053275, "log10_lambda": 0.5184120114485387, "log10_min_child_weight": 1.5467441726678377, "log10_subsample": -0.8612494014753168, "max_depth": 6.0, "num_boost_round": 1.0}, "datetime": {"datetime": "2024-01-19 01:20:45", "elapsed": 4198.691294, "delta": 0.00454}}
{"target": -17.741790225387142, "params": {"gamma": 63.687569293158, "log10_alpha": -3.08183402358605, "log10_colsample_bytree": -0.463333042211859, "log10_eta": -0.5925348174053275, "log10_lambda": 0.5184120114485387, "log10_min_child_weight": 1.5467441726678377, "log10_subsample": -0.8612494014753168, "max_depth": 6.0, "num_boost_round": 2.0}, "datetime": {"datetime": "2024-01-19 01:20:45", "elapsed": 4198.694924, "delta": 0.00363}}
{"target": -17.762314780419505, "params": {"gamma": 63.687569293158, "log10_alpha": -3.08183402358605, "log10_colsample_bytree": -0.463333042211859, "log10_eta": -0.5925348174053275, "log10_lambda": 0.5184120114485387, "log10_min_child_weight": 1.5467441726678377, "log10_subsample": -0.8612494014753168, "max_depth": 6.0, "num_boost_round": 3.0}, "datetime": {"datetime": "2024-01-19 01:20:45", "elapsed": 4198.69822, "delta": 0.003296}}
{"target": -17.81452330089554, "params": {"gamma": 63.687569293158, "log10_alpha": -3.08183402358605, "log10_colsample_bytree": -0.463333042211859, "log10_eta": -0.5925348174053275, "log10_lambda": 0.5184120114485387, "log10_min_child_weight": 1.5467441726678377, "log10_subsample": -0.8612494014753168, "max_depth": 6.0, "num_boost_round": 4.0}, "datetime": {"datetime": "2024-01-19 01:20:45", "elapsed": 4198.701632, "delta": 0.003412}}
{"target": -17.820664108980704, "params": {"gamma": 63.687569293158, "log10_alpha": -3.08183402358605, "log10_colsample_bytree": -0.463333042211859, "log10_eta": -0.5925348174053275, "log10_lambda": 0.5184120114485387, "log10_min_child_weight": 1.5467441726678377, "log10_subsample": -0.8612494014753168, "max_depth": 6.0, "num_boost_round": 5.0}, "datetime": {"datetime": "2024-01-19 01:20:45", "elapsed": 4198.705333, "delta": 0.003701}}
{"target": -17.829866456378, "params": {"gamma": 63.687569293158, "log10_alpha": -3.08183402358605, "log10_colsample_bytree": -0.463333042211859, "log10_eta": -0.5925348174053275, "log10_lambda": 0.5184120114485387, "log10_min_child_weight": 1.5467441726678377, "log10_subsample": -0.8612494014753168, "max_depth": 6.0, "num_boost_round": 6.0}, "datetime": {"datetime": "2024-01-19 01:20:45", "elapsed": 4198.708825, "delta": 0.003492}}
{"target": -17.874723759363448, "params": {"gamma": 63.687569293158, "log10_alpha": -3.08183402358605, "log10_colsample_bytree": -0.463333042211859, "log10_eta": -0.5925348174053275, "log10_lambda": 0.5184120114485387, "log10_min_child_weight": 1.5467441726678377, "log10_subsample": -0.8612494014753168, "max_depth": 6.0, "num_boost_round": 7.0}, "datetime": {"datetime": "2024-01-19 01:20:45", "elapsed": 4198.712388, "delta": 0.003563}}
{"target": -17.894974742725015, "params": {"gamma": 63.687569293158, "log10_alpha": -3.08183402358605, "log10_colsample_bytree": -0.463333042211859, "log10_eta": -0.5925348174053275, "log10_lambda": 0.5184120114485387, "log10_min_child_weight": 1.5467441726678377, "log10_subsample": -0.8612494014753168, "max_depth": 6.0, "num_boost_round": 8.0}, "datetime": {"datetime": "2024-01-19 01:20:45", "elapsed": 4198.716044, "delta": 0.003656}}
{"target": -17.914187494821363, "params": {"gamma": 63.687569293158, "log10_alpha": -3.08183402358605, "log10_colsample_bytree": -0.463333042211859, "log10_eta": -0.5925348174053275, "log10_lambda": 0.5184120114485387, "log10_min_child_weight": 1.5467441726678377, "log10_subsample": -0.8612494014753168, "max_depth": 6.0, "num_boost_round": 9.0}, "datetime": {"datetime": "2024-01-19 01:20:45", "elapsed": 4198.719612, "delta": 0.003568}}
{"target": -17.923657483408093, "params": {"gamma": 63.687569293158, "log10_alpha": -3.08183402358605, "log10_colsample_bytree": -0.463333042211859, "log10_eta": -0.5925348174053275, "log10_lambda": 0.5184120114485387, "log10_min_child_weight": 1.5467441726678377, "log10_subsample": -0.8612494014753168, "max_depth": 6.0, "num_boost_round": 10.0}, "datetime": {"datetime": "2024-01-19 01:20:45", "elapsed": 4198.723125, "delta": 0.003513}}
{"target": -17.939307415772845, "params": {"gamma": 63.687569293158, "log10_alpha": -3.08183402358605, "log10_colsample_bytree": -0.463333042211859, "log10_eta": -0.5925348174053275, "log10_lambda": 0.5184120114485387, "log10_min_child_weight": 1.5467441726678377, "log10_subsample": -0.8612494014753168, "max_depth": 6.0, "num_boost_round": 11.0}, "datetime": {"datetime": "2024-01-19 01:20:45", "elapsed": 4198.726785, "delta": 0.00366}}
{"target": -17.963688364112215, "params": {"gamma": 63.687569293158, "log10_alpha": -3.08183402358605, "log10_colsample_bytree": -0.463333042211859, "log10_eta": -0.5925348174053275, "log10_lambda": 0.5184120114485387, "log10_min_child_weight": 1.5467441726678377, "log10_subsample": -0.8612494014753168, "max_depth": 6.0, "num_boost_round": 12.0}, "datetime": {"datetime": "2024-01-19 01:20:45", "elapsed": 4198.730149, "delta": 0.003364}}
{"target": -17.97383047024261, "params": {"gamma": 63.687569293158, "log10_alpha": -3.08183402358605, "log10_colsample_bytree": -0.463333042211859, "log10_eta": -0.5925348174053275, "log10_lambda": 0.5184120114485387, "log10_min_child_weight": 1.5467441726678377, "log10_subsample": -0.8612494014753168, "max_depth": 6.0, "num_boost_round": 13.0}, "datetime": {"datetime": "2024-01-19 01:20:45", "elapsed": 4198.73385, "delta": 0.003701}}
{"target": -17.982344494408725, "params": {"gamma": 63.687569293158, "log10_alpha": -3.08183402358605, "log10_colsample_bytree": -0.463333042211859, "log10_eta": -0.5925348174053275, "log10_lambda": 0.5184120114485387, "log10_min_child_weight": 1.5467441726678377, "log10_subsample": -0.8612494014753168, "max_depth": 6.0, "num_boost_round": 14.0}, "datetime": {"datetime": "2024-01-19 01:20:45", "elapsed": 4198.737568, "delta": 0.003718}}
{"target": -17.992728783812552, "params": {"gamma": 63.687569293158, "log10_alpha": -3.08183402358605, "log10_colsample_bytree": -0.463333042211859, "log10_eta": -0.5925348174053275, "log10_lambda": 0.5184120114485387, "log10_min_child_weight": 1.5467441726678377, "log10_subsample": -0.8612494014753168, "max_depth": 6.0, "num_boost_round": 15.0}, "datetime": {"datetime": "2024-01-19 01:20:45", "elapsed": 4198.741046, "delta": 0.003478}}
{"target": -18.00399670146878, "params": {"gamma": 63.687569293158, "log10_alpha": -3.08183402358605, "log10_colsample_bytree": -0.463333042211859, "log10_eta": -0.5925348174053275, "log10_lambda": 0.5184120114485387, "log10_min_child_weight": 1.5467441726678377, "log10_subsample": -0.8612494014753168, "max_depth": 6.0, "num_boost_round": 16.0}, "datetime": {"datetime": "2024-01-19 01:20:45", "elapsed": 4198.744625, "delta": 0.003579}}
{"target": -18.044289862187867, "params": {"gamma": 63.687569293158, "log10_alpha": -3.08183402358605, "log10_colsample_bytree": -0.463333042211859, "log10_eta": -0.5925348174053275, "log10_lambda": 0.5184120114485387, "log10_min_child_weight": 1.5467441726678377, "log10_subsample": -0.8612494014753168, "max_depth": 6.0, "num_boost_round": 17.0}, "datetime": {"datetime": "2024-01-19 01:20:45", "elapsed": 4198.748233, "delta": 0.003608}}
{"target": -18.05907279658625, "params": {"gamma": 63.687569293158, "log10_alpha": -3.08183402358605, "log10_colsample_bytree": -0.463333042211859, "log10_eta": -0.5925348174053275, "log10_lambda": 0.5184120114485387, "log10_min_child_weight": 1.5467441726678377, "log10_subsample": -0.8612494014753168, "max_depth": 6.0, "num_boost_round": 18.0}, "datetime": {"datetime": "2024-01-19 01:20:45", "elapsed": 4198.751733, "delta": 0.0035}}
{"target": -18.075081056084112, "params": {"gamma": 63.687569293158, "log10_alpha": -3.08183402358605, "log10_colsample_bytree": -0.463333042211859, "log10_eta": -0.5925348174053275, "log10_lambda": 0.5184120114485387, "log10_min_child_weight": 1.5467441726678377, "log10_subsample": -0.8612494014753168, "max_depth": 6.0, "num_boost_round": 19.0}, "datetime": {"datetime": "2024-01-19 01:20:45", "elapsed": 4198.75538, "delta": 0.003647}}
{"target": -18.091681311648077, "params": {"gamma": 63.687569293158, "log10_alpha": -3.08183402358605, "log10_colsample_bytree": -0.463333042211859, "log10_eta": -0.5925348174053275, "log10_lambda": 0.5184120114485387, "log10_min_child_weight": 1.5467441726678377, "log10_subsample": -0.8612494014753168, "max_depth": 6.0, "num_boost_round": 20.0}, "datetime": {"datetime": "2024-01-19 01:20:45", "elapsed": 4198.758871, "delta": 0.003491}}
{"target": -18.124728465905175, "params": {"gamma": 63.687569293158, "log10_alpha": -3.08183402358605, "log10_colsample_bytree": -0.463333042211859, "log10_eta": -0.5925348174053275, "log10_lambda": 0.5184120114485387, "log10_min_child_weight": 1.5467441726678377, "log10_subsample": -0.8612494014753168, "max_depth": 6.0, "num_boost_round": 21.0}, "datetime": {"datetime": "2024-01-19 01:20:45", "elapsed": 4198.762249, "delta": 0.003378}}
{"target": -18.138928987823032, "params": {"gamma": 63.687569293158, "log10_alpha": -3.08183402358605, "log10_colsample_bytree": -0.463333042211859, "log10_eta": -0.5925348174053275, "log10_lambda": 0.5184120114485387, "log10_min_child_weight": 1.5467441726678377, "log10_subsample": -0.8612494014753168, "max_depth": 6.0, "num_boost_round": 22.0}, "datetime": {"datetime": "2024-01-19 01:20:45", "elapsed": 4198.766019, "delta": 0.00377}}
{"target": -18.180246957897236, "params": {"gamma": 63.687569293158, "log10_alpha": -3.08183402358605, "log10_colsample_bytree": -0.463333042211859, "log10_eta": -0.5925348174053275, "log10_lambda": 0.5184120114485387, "log10_min_child_weight": 1.5467441726678377, "log10_subsample": -0.8612494014753168, "max_depth": 6.0, "num_boost_round": 23.0}, "datetime": {"datetime": "2024-01-19 01:20:45", "elapsed": 4198.769592, "delta": 0.003573}}
{"target": -18.188217864020395, "params": {"gamma": 63.687569293158, "log10_alpha": -3.08183402358605, "log10_colsample_bytree": -0.463333042211859, "log10_eta": -0.5925348174053275, "log10_lambda": 0.5184120114485387, "log10_min_child_weight": 1.5467441726678377, "log10_subsample": -0.8612494014753168, "max_depth": 6.0, "num_boost_round": 24.0}, "datetime": {"datetime": "2024-01-19 01:20:45", "elapsed": 4198.773159, "delta": 0.003567}}
{"target": -18.191409693987325, "params": {"gamma": 63.687569293158, "log10_alpha": -3.08183402358605, "log10_colsample_bytree": -0.463333042211859, "log10_eta": -0.5925348174053275, "log10_lambda": 0.5184120114485387, "log10_min_child_weight": 1.5467441726678377, "log10_subsample": -0.8612494014753168, "max_depth": 6.0, "num_boost_round": 25.0}, "datetime": {"datetime": "2024-01-19 01:20:45", "elapsed": 4198.776774, "delta": 0.003615}}
{"target": -18.200557236827358, "params": {"gamma": 63.687569293158, "log10_alpha": -3.08183402358605, "log10_colsample_bytree": -0.463333042211859, "log10_eta": -0.5925348174053275, "log10_lambda": 0.5184120114485387, "log10_min_child_weight": 1.5467441726678377, "log10_subsample": -0.8612494014753168, "max_depth": 6.0, "num_boost_round": 26.0}, "datetime": {"datetime": "2024-01-19 01:20:45", "elapsed": 4198.78022, "delta": 0.003446}}
{"target": -18.232556458793812, "params": {"gamma": 63.687569293158, "log10_alpha": -3.08183402358605, "log10_colsample_bytree": -0.463333042211859, "log10_eta": -0.5925348174053275, "log10_lambda": 0.5184120114485387, "log10_min_child_weight": 1.5467441726678377, "log10_subsample": -0.8612494014753168, "max_depth": 6.0, "num_boost_round": 27.0}, "datetime": {"datetime": "2024-01-19 01:20:45", "elapsed": 4198.783807, "delta": 0.003587}}
{"target": -18.241143123866998, "params": {"gamma": 63.687569293158, "log10_alpha": -3.08183402358605, "log10_colsample_bytree": -0.463333042211859, "log10_eta": -0.5925348174053275, "log10_lambda": 0.5184120114485387, "log10_min_child_weight": 1.5467441726678377, "log10_subsample": -0.8612494014753168, "max_depth": 6.0, "num_boost_round": 28.0}, "datetime": {"datetime": "2024-01-19 01:20:45", "elapsed": 4198.787558, "delta": 0.003751}}
{"target": -18.25135970114061, "params": {"gamma": 63.687569293158, "log10_alpha": -3.08183402358605, "log10_colsample_bytree": -0.463333042211859, "log10_eta": -0.5925348174053275, "log10_lambda": 0.5184120114485387, "log10_min_child_weight": 1.5467441726678377, "log10_subsample": -0.8612494014753168, "max_depth": 6.0, "num_boost_round": 29.0}, "datetime": {"datetime": "2024-01-19 01:20:45", "elapsed": 4198.791099, "delta": 0.003541}}
{"target": -18.256459852428016, "params": {"gamma": 63.687569293158, "log10_alpha": -3.08183402358605, "log10_colsample_bytree": -0.463333042211859, "log10_eta": -0.5925348174053275, "log10_lambda": 0.5184120114485387, "log10_min_child_weight": 1.5467441726678377, "log10_subsample": -0.8612494014753168, "max_depth": 6.0, "num_boost_round": 30.0}, "datetime": {"datetime": "2024-01-19 01:20:45", "elapsed": 4198.794571, "delta": 0.003472}}
{"target": -18.261040500565684, "params": {"gamma": 63.687569293158, "log10_alpha": -3.08183402358605, "log10_colsample_bytree": -0.463333042211859, "log10_eta": -0.5925348174053275, "log10_lambda": 0.5184120114485387, "log10_min_child_weight": 1.5467441726678377, "log10_subsample": -0.8612494014753168, "max_depth": 6.0, "num_boost_round": 31.0}, "datetime": {"datetime": "2024-01-19 01:20:45", "elapsed": 4198.903176, "delta": 0.108605}}
{"target": -18.27758062166289, "params": {"gamma": 63.687569293158, "log10_alpha": -3.08183402358605, "log10_colsample_bytree": -0.463333042211859, "log10_eta": -0.5925348174053275, "log10_lambda": 0.5184120114485387, "log10_min_child_weight": 1.5467441726678377, "log10_subsample": -0.8612494014753168, "max_depth": 6.0, "num_boost_round": 32.0}, "datetime": {"datetime": "2024-01-19 01:20:45", "elapsed": 4198.907556, "delta": 0.00438}}
{"target": -18.285887284397578, "params": {"gamma": 63.687569293158, "log10_alpha": -3.08183402358605, "log10_colsample_bytree": -0.463333042211859, "log10_eta": -0.5925348174053275, "log10_lambda": 0.5184120114485387, "log10_min_child_weight": 1.5467441726678377, "log10_subsample": -0.8612494014753168, "max_depth": 6.0, "num_boost_round": 33.0}, "datetime": {"datetime": "2024-01-19 01:20:45", "elapsed": 4198.91155, "delta": 0.003994}}
{"target": -18.29260765848759, "params": {"gamma": 63.687569293158, "log10_alpha": -3.08183402358605, "log10_colsample_bytree": -0.463333042211859, "log10_eta": -0.5925348174053275, "log10_lambda": 0.5184120114485387, "log10_min_child_weight": 1.5467441726678377, "log10_subsample": -0.8612494014753168, "max_depth": 6.0, "num_boost_round": 34.0}, "datetime": {"datetime": "2024-01-19 01:20:45", "elapsed": 4198.915342, "delta": 0.003792}}
{"target": -18.295661446845923, "params": {"gamma": 63.687569293158, "log10_alpha": -3.08183402358605, "log10_colsample_bytree": -0.463333042211859, "log10_eta": -0.5925348174053275, "log10_lambda": 0.5184120114485387, "log10_min_child_weight": 1.5467441726678377, "log10_subsample": -0.8612494014753168, "max_depth": 6.0, "num_boost_round": 35.0}, "datetime": {"datetime": "2024-01-19 01:20:45", "elapsed": 4198.919208, "delta": 0.003866}}
{"target": -17.677205827970866, "params": {"gamma": 55.606450627482594, "log10_alpha": -4.754652313211407, "log10_colsample_bytree": -0.49466189326265564, "log10_eta": -2.8626386805675548, "log10_lambda": -4.344486365305317, "log10_min_child_weight": 3.2610162084303678, "log10_subsample": -0.17491377361035132, "max_depth": 2.0, "num_boost_round": 0.0}, "datetime": {"datetime": "2024-01-19 01:21:58", "elapsed": 4271.80789, "delta": 72.888682}}
{"target": -17.677179275175988, "params": {"gamma": 55.606450627482594, "log10_alpha": -4.754652313211407, "log10_colsample_bytree": -0.49466189326265564, "log10_eta": -2.8626386805675548, "log10_lambda": -4.344486365305317, "log10_min_child_weight": 3.2610162084303678, "log10_subsample": -0.17491377361035132, "max_depth": 2.0, "num_boost_round": 1.0}, "datetime": {"datetime": "2024-01-19 01:21:58", "elapsed": 4271.812095, "delta": 0.004205}}
{"target": -17.677132107296913, "params": {"gamma": 55.606450627482594, "log10_alpha": -4.754652313211407, "log10_colsample_bytree": -0.49466189326265564, "log10_eta": -2.8626386805675548, "log10_lambda": -4.344486365305317, "log10_min_child_weight": 3.2610162084303678, "log10_subsample": -0.17491377361035132, "max_depth": 2.0, "num_boost_round": 2.0}, "datetime": {"datetime": "2024-01-19 01:21:58", "elapsed": 4271.816044, "delta": 0.003949}}
{"target": -17.677107983059795, "params": {"gamma": 55.606450627482594, "log10_alpha": -4.754652313211407, "log10_colsample_bytree": -0.49466189326265564, "log10_eta": -2.8626386805675548, "log10_lambda": -4.344486365305317, "log10_min_child_weight": 3.2610162084303678, "log10_subsample": -0.17491377361035132, "max_depth": 2.0, "num_boost_round": 3.0}, "datetime": {"datetime": "2024-01-19 01:21:58", "elapsed": 4271.819725, "delta": 0.003681}}
{"target": -17.67708645714886, "params": {"gamma": 55.606450627482594, "log10_alpha": -4.754652313211407, "log10_colsample_bytree": -0.49466189326265564, "log10_eta": -2.8626386805675548, "log10_lambda": -4.344486365305317, "log10_min_child_weight": 3.2610162084303678, "log10_subsample": -0.17491377361035132, "max_depth": 2.0, "num_boost_round": 4.0}, "datetime": {"datetime": "2024-01-19 01:21:58", "elapsed": 4271.823547, "delta": 0.003822}}
{"target": -17.67706618474181, "params": {"gamma": 55.606450627482594, "log10_alpha": -4.754652313211407, "log10_colsample_bytree": -0.49466189326265564, "log10_eta": -2.8626386805675548, "log10_lambda": -4.344486365305317, "log10_min_child_weight": 3.2610162084303678, "log10_subsample": -0.17491377361035132, "max_depth": 2.0, "num_boost_round": 5.0}, "datetime": {"datetime": "2024-01-19 01:21:58", "elapsed": 4271.827233, "delta": 0.003686}}
{"target": -17.677056917323775, "params": {"gamma": 55.606450627482594, "log10_alpha": -4.754652313211407, "log10_colsample_bytree": -0.49466189326265564, "log10_eta": -2.8626386805675548, "log10_lambda": -4.344486365305317, "log10_min_child_weight": 3.2610162084303678, "log10_subsample": -0.17491377361035132, "max_depth": 2.0, "num_boost_round": 6.0}, "datetime": {"datetime": "2024-01-19 01:21:58", "elapsed": 4271.830929, "delta": 0.003696}}
{"target": -17.67702851137551, "params": {"gamma": 55.606450627482594, "log10_alpha": -4.754652313211407, "log10_colsample_bytree": -0.49466189326265564, "log10_eta": -2.8626386805675548, "log10_lambda": -4.344486365305317, "log10_min_child_weight": 3.2610162084303678, "log10_subsample": -0.17491377361035132, "max_depth": 2.0, "num_boost_round": 7.0}, "datetime": {"datetime": "2024-01-19 01:21:58", "elapsed": 4271.834765, "delta": 0.003836}}
{"target": -17.677003211923612, "params": {"gamma": 55.606450627482594, "log10_alpha": -4.754652313211407, "log10_colsample_bytree": -0.49466189326265564, "log10_eta": -2.8626386805675548, "log10_lambda": -4.344486365305317, "log10_min_child_weight": 3.2610162084303678, "log10_subsample": -0.17491377361035132, "max_depth": 2.0, "num_boost_round": 8.0}, "datetime": {"datetime": "2024-01-19 01:21:58", "elapsed": 4271.838397, "delta": 0.003632}}
{"target": -17.676961987394453, "params": {"gamma": 55.606450627482594, "log10_alpha": -4.754652313211407, "log10_colsample_bytree": -0.49466189326265564, "log10_eta": -2.8626386805675548, "log10_lambda": -4.344486365305317, "log10_min_child_weight": 3.2610162084303678, "log10_subsample": -0.17491377361035132, "max_depth": 2.0, "num_boost_round": 9.0}, "datetime": {"datetime": "2024-01-19 01:21:58", "elapsed": 4271.842088, "delta": 0.003691}}
{"target": -17.67692567057274, "params": {"gamma": 55.606450627482594, "log10_alpha": -4.754652313211407, "log10_colsample_bytree": -0.49466189326265564, "log10_eta": -2.8626386805675548, "log10_lambda": -4.344486365305317, "log10_min_child_weight": 3.2610162084303678, "log10_subsample": -0.17491377361035132, "max_depth": 2.0, "num_boost_round": 10.0}, "datetime": {"datetime": "2024-01-19 01:21:58", "elapsed": 4271.845824, "delta": 0.003736}}
