{"target": -13.831001956491622, "params": {"gamma": 193.5888953632099, "log10_alpha": -4.853533410497665, "log10_colsample_bytree": -0.7552116255814225, "log10_eta": -0.7945293491085805, "log10_lambda": -3.6608300094520456, "log10_min_child_weight": 2.141448101603247, "log10_subsample": -0.11872940727521464, "max_depth": 6.0, "num_boost_round": 16.0}, "datetime": {"datetime": "2024-01-19 00:27:17", "elapsed": 944.61482, "delta": 0.001271}}
{"target": -13.834335534718912, "params": {"gamma": 193.5888953632099, "log10_alpha": -4.853533410497665, "log10_colsample_bytree": -0.7552116255814225, "log10_eta": -0.7945293491085805, "log10_lambda": -3.6608300094520456, "log10_min_child_weight": 2.141448101603247, "log10_subsample": -0.11872940727521464, "max_depth": 6.0, "num_boost_round": 17.0}, "datetime": {"datetime": "2024-01-19 00:27:17", "elapsed": 944.616073, "delta": 0.001253}}
{"target": -13.833806503197774, "params": {"gamma": 193.5888953632099, "log10_alpha": -4.853533410497665, "log10_colsample_bytree": -0.7552116255814225, "log10_eta": -0.7945293491085805, "log10_lambda": -3.6608300094520456, "log10_min_child_weight": 2.141448101603247, "log10_subsample": -0.11872940727521464, "max_depth": 6.0, "num_boost_round": 18.0}, "datetime": {"datetime": "2024-01-19 00:27:17", "elapsed": 944.617423, "delta": 0.00135}}
{"target": -13.838424372351547, "params": {"gamma": 193.5888953632099, "log10_alpha": -4.853533410497665, "log10_colsample_bytree": -0.7552116255814225, "log10_eta": -0.7945293491085805, "log10_lambda": -3.6608300094520456, "log10_min_child_weight": 2.141448101603247, "log10_subsample": -0.11872940727521464, "max_depth": 6.0, "num_boost_round": 19.0}, "datetime": {"datetime": "2024-01-19 00:27:17", "elapsed": 944.618688, "delta": 0.001265}}
{"target": -13.847739769135123, "params": {"gamma": 193.5888953632099, "log10_alpha": -4.853533410497665, "log10_colsample_bytree": -0.7552116255814225, "log10_eta": -0.7945293491085805, "log10_lambda": -3.6608300094520456, "log10_min_child_weight": 2.141448101603247, "log10_subsample": -0.11872940727521464, "max_depth": 6.0, "num_boost_round": 20.0}, "datetime": {"datetime": "2024-01-19 00:27:17", "elapsed": 944.620046, "delta": 0.001358}}
{"target": -13.853957741840738, "params": {"gamma": 193.5888953632099, "log10_alpha": -4.853533410497665, "log10_colsample_bytree": -0.7552116255814225, "log10_eta": -0.7945293491085805, "log10_lambda": -3.6608300094520456, "log10_min_child_weight": 2.141448101603247, "log10_subsample": -0.11872940727521464, "max_depth": 6.0, "num_boost_round": 21.0}, "datetime": {"datetime": "2024-01-19 00:27:17", "elapsed": 944.621315, "delta": 0.001269}}
{"target": -13.859281754239788, "params": {"gamma": 193.5888953632099, "log10_alpha": -4.853533410497665, "log10_colsample_bytree": -0.7552116255814225, "log10_eta": -0.7945293491085805, "log10_lambda": -3.6608300094520456, "log10_min_child_weight": 2.141448101603247, "log10_subsample": -0.11872940727521464, "max_depth": 6.0, "num_boost_round": 22.0}, "datetime": {"datetime": "2024-01-19 00:27:17", "elapsed": 944.622582, "delta": 0.001267}}
{"target": -13.897667217228214, "params": {"gamma": 193.5888953632099, "log10_alpha": -4.853533410497665, "log10_colsample_bytree": -0.7552116255814225, "log10_eta": -0.7945293491085805, "log10_lambda": -3.6608300094520456, "log10_min_child_weight": 2.141448101603247, "log10_subsample": -0.11872940727521464, "max_depth": 6.0, "num_boost_round": 23.0}, "datetime": {"datetime": "2024-01-19 00:27:17", "elapsed": 944.623839, "delta": 0.001257}}
{"target": -13.91260108459433, "params": {"gamma": 193.5888953632099, "log10_alpha": -4.853533410497665, "log10_colsample_bytree": -0.7552116255814225, "log10_eta": -0.7945293491085805, "log10_lambda": -3.6608300094520456, "log10_min_child_weight": 2.141448101603247, "log10_subsample": -0.11872940727521464, "max_depth": 6.0, "num_boost_round": 24.0}, "datetime": {"datetime": "2024-01-19 00:27:17", "elapsed": 944.625103, "delta": 0.001264}}
{"target": -13.936118465543409, "params": {"gamma": 193.5888953632099, "log10_alpha": -4.853533410497665, "log10_colsample_bytree": -0.7552116255814225, "log10_eta": -0.7945293491085805, "log10_lambda": -3.6608300094520456, "log10_min_child_weight": 2.141448101603247, "log10_subsample": -0.11872940727521464, "max_depth": 6.0, "num_boost_round": 25.0}, "datetime": {"datetime": "2024-01-19 00:27:17", "elapsed": 944.626361, "delta": 0.001258}}
{"target": -13.945766530276442, "params": {"gamma": 193.5888953632099, "log10_alpha": -4.853533410497665, "log10_colsample_bytree": -0.7552116255814225, "log10_eta": -0.7945293491085805, "log10_lambda": -3.6608300094520456, "log10_min_child_weight": 2.141448101603247, "log10_subsample": -0.11872940727521464, "max_depth": 6.0, "num_boost_round": 26.0}, "datetime": {"datetime": "2024-01-19 00:27:17", "elapsed": 944.627613, "delta": 0.001252}}
{"target": -13.944281447884176, "params": {"gamma": 193.5888953632099, "log10_alpha": -4.853533410497665, "log10_colsample_bytree": -0.7552116255814225, "log10_eta": -0.7945293491085805, "log10_lambda": -3.6608300094520456, "log10_min_child_weight": 2.141448101603247, "log10_subsample": -0.11872940727521464, "max_depth": 6.0, "num_boost_round": 27.0}, "datetime": {"datetime": "2024-01-19 00:27:17", "elapsed": 944.628875, "delta": 0.001262}}
{"target": -13.953091664728015, "params": {"gamma": 193.5888953632099, "log10_alpha": -4.853533410497665, "log10_colsample_bytree": -0.7552116255814225, "log10_eta": -0.7945293491085805, "log10_lambda": -3.6608300094520456, "log10_min_child_weight": 2.141448101603247, "log10_subsample": -0.11872940727521464, "max_depth": 6.0, "num_boost_round": 28.0}, "datetime": {"datetime": "2024-01-19 00:27:17", "elapsed": 944.630159, "delta": 0.001284}}
{"target": -13.955540236859203, "params": {"gamma": 193.5888953632099, "log10_alpha": -4.853533410497665, "log10_colsample_bytree": -0.7552116255814225, "log10_eta": -0.7945293491085805, "log10_lambda": -3.6608300094520456, "log10_min_child_weight": 2.141448101603247, "log10_subsample": -0.11872940727521464, "max_depth": 6.0, "num_boost_round": 29.0}, "datetime": {"datetime": "2024-01-19 00:27:17", "elapsed": 944.631515, "delta": 0.001356}}
{"target": -13.95966462094179, "params": {"gamma": 193.5888953632099, "log10_alpha": -4.853533410497665, "log10_colsample_bytree": -0.7552116255814225, "log10_eta": -0.7945293491085805, "log10_lambda": -3.6608300094520456, "log10_min_child_weight": 2.141448101603247, "log10_subsample": -0.11872940727521464, "max_depth": 6.0, "num_boost_round": 30.0}, "datetime": {"datetime": "2024-01-19 00:27:17", "elapsed": 944.6328, "delta": 0.001285}}
{"target": -13.96254727980713, "params": {"gamma": 193.5888953632099, "log10_alpha": -4.853533410497665, "log10_colsample_bytree": -0.7552116255814225, "log10_eta": -0.7945293491085805, "log10_lambda": -3.6608300094520456, "log10_min_child_weight": 2.141448101603247, "log10_subsample": -0.11872940727521464, "max_depth": 6.0, "num_boost_round": 31.0}, "datetime": {"datetime": "2024-01-19 00:27:17", "elapsed": 944.634071, "delta": 0.001271}}
{"target": -13.963600029007202, "params": {"gamma": 193.5888953632099, "log10_alpha": -4.853533410497665, "log10_colsample_bytree": -0.7552116255814225, "log10_eta": -0.7945293491085805, "log10_lambda": -3.6608300094520456, "log10_min_child_weight": 2.141448101603247, "log10_subsample": -0.11872940727521464, "max_depth": 6.0, "num_boost_round": 32.0}, "datetime": {"datetime": "2024-01-19 00:27:17", "elapsed": 944.635347, "delta": 0.001276}}
{"target": -13.758536399755632, "params": {"gamma": 198.7739884563619, "log10_alpha": 1.0, "log10_colsample_bytree": 0.0, "log10_eta": -3.7710830905321844, "log10_lambda": -1.3388255821080508, "log10_min_child_weight": 2.3250934884174357, "log10_subsample": 0.0, "max_depth": 2.0, "num_boost_round": 0.0}, "datetime": {"datetime": "2024-01-19 00:27:37", "elapsed": 964.852568, "delta": 20.217221}}
{"target": -13.758534504419295, "params": {"gamma": 198.7739884563619, "log10_alpha": 1.0, "log10_colsample_bytree": 0.0, "log10_eta": -3.7710830905321844, "log10_lambda": -1.3388255821080508, "log10_min_child_weight": 2.3250934884174357, "log10_subsample": 0.0, "max_depth": 2.0, "num_boost_round": 1.0}, "datetime": {"datetime": "2024-01-19 00:27:37", "elapsed": 964.854633, "delta": 0.002065}}
{"target": -13.758532604919438, "params": {"gamma": 198.7739884563619, "log10_alpha": 1.0, "log10_colsample_bytree": 0.0, "log10_eta": -3.7710830905321844, "log10_lambda": -1.3388255821080508, "log10_min_child_weight": 2.3250934884174357, "log10_subsample": 0.0, "max_depth": 2.0, "num_boost_round": 2.0}, "datetime": {"datetime": "2024-01-19 00:27:37", "elapsed": 964.85602, "delta": 0.001387}}
{"target": -13.758530679209015, "params": {"gamma": 198.7739884563619, "log10_alpha": 1.0, "log10_colsample_bytree": 0.0, "log10_eta": -3.7710830905321844, "log10_lambda": -1.3388255821080508, "log10_min_child_weight": 2.3250934884174357, "log10_subsample": 0.0, "max_depth": 2.0, "num_boost_round": 3.0}, "datetime": {"datetime": "2024-01-19 00:27:37", "elapsed": 964.857535, "delta": 0.001515}}
{"target": -13.758528792389157, "params": {"gamma": 198.7739884563619, "log10_alpha": 1.0, "log10_colsample_bytree": 0.0, "log10_eta": -3.7710830905321844, "log10_lambda": -1.3388255821080508, "log10_min_child_weight": 2.3250934884174357, "log10_subsample": 0.0, "max_depth": 2.0, "num_boost_round": 4.0}, "datetime": {"datetime": "2024-01-19 00:27:37", "elapsed": 964.858849, "delta": 0.001314}}
{"target": -13.758526881836097, "params": {"gamma": 198.7739884563619, "log10_alpha": 1.0, "log10_colsample_bytree": 0.0, "log10_eta": -3.7710830905321844, "log10_lambda": -1.3388255821080508, "log10_min_child_weight": 2.3250934884174357, "log10_subsample": 0.0, "max_depth": 2.0, "num_boost_round": 5.0}, "datetime": {"datetime": "2024-01-19 00:27:37", "elapsed": 964.860404, "delta": 0.001555}}
{"target": -13.75852499595768, "params": {"gamma": 198.7739884563619, "log10_alpha": 1.0, "log10_colsample_bytree": 0.0, "log10_eta": -3.7710830905321844, "log10_lambda": -1.3388255821080508, "log10_min_child_weight": 2.3250934884174357, "log10_subsample": 0.0, "max_depth": 2.0, "num_boost_round": 6.0}, "datetime": {"datetime": "2024-01-19 00:27:37", "elapsed": 964.861733, "delta": 0.001329}}
{"target": -13.758523088203988, "params": {"gamma": 198.7739884563619, "log10_alpha": 1.0, "log10_colsample_bytree": 0.0, "log10_eta": -3.7710830905321844, "log10_lambda": -1.3388255821080508, "log10_min_child_weight": 2.3250934884174357, "log10_subsample": 0.0, "max_depth": 2.0, "num_boost_round": 7.0}, "datetime": {"datetime": "2024-01-19 00:27:37", "elapsed": 964.863013, "delta": 0.00128}}
{"target": -13.758521191388438, "params": {"gamma": 198.7739884563619, "log10_alpha": 1.0, "log10_colsample_bytree": 0.0, "log10_eta": -3.7710830905321844, "log10_lambda": -1.3388255821080508, "log10_min_child_weight": 2.3250934884174357, "log10_subsample": 0.0, "max_depth": 2.0, "num_boost_round": 8.0}, "datetime": {"datetime": "2024-01-19 00:27:37", "elapsed": 964.864295, "delta": 0.001282}}
{"target": -13.758519323474497, "params": {"gamma": 198.7739884563619, "log10_alpha": 1.0, "log10_colsample_bytree": 0.0, "log10_eta": -3.7710830905321844, "log10_lambda": -1.3388255821080508, "log10_min_child_weight": 2.3250934884174357, "log10_subsample": 0.0, "max_depth": 2.0, "num_boost_round": 9.0}, "datetime": {"datetime": "2024-01-19 00:27:37", "elapsed": 964.86558, "delta": 0.001285}}
{"target": -13.75852661822659, "params": {"gamma": 211.42137884998334, "log10_alpha": -4.195819456356112, "log10_colsample_bytree": -0.586748018451789, "log10_eta": -3.3883307618714524, "log10_lambda": -2.324522069312149, "log10_min_child_weight": 3.3237935332701083, "log10_subsample": -0.23582764229730757, "max_depth": 9.0, "num_boost_round": 0.0}, "datetime": {"datetime": "2024-01-19 00:27:59", "elapsed": 986.834801, "delta": 21.969221}}
{"target": -13.75850369669034, "params": {"gamma": 211.42137884998334, "log10_alpha": -4.195819456356112, "log10_colsample_bytree": -0.586748018451789, "log10_eta": -3.3883307618714524, "log10_lambda": -2.324522069312149, "log10_min_child_weight": 3.3237935332701083, "log10_subsample": -0.23582764229730757, "max_depth": 9.0, "num_boost_round": 1.0}, "datetime": {"datetime": "2024-01-19 00:27:59", "elapsed": 986.836272, "delta": 0.001471}}
{"target": -13.758487557973611, "params": {"gamma": 211.42137884998334, "log10_alpha": -4.195819456356112, "log10_colsample_bytree": -0.586748018451789, "log10_eta": -3.3883307618714524, "log10_lambda": -2.324522069312149, "log10_min_child_weight": 3.3237935332701083, "log10_subsample": -0.23582764229730757, "max_depth": 9.0, "num_boost_round": 2.0}, "datetime": {"datetime": "2024-01-19 00:27:59", "elapsed": 986.838213, "delta": 0.001941}}
{"target": -13.75848696799983, "params": {"gamma": 211.42137884998334, "log10_alpha": -4.195819456356112, "log10_colsample_bytree": -0.586748018451789, "log10_eta": -3.3883307618714524, "log10_lambda": -2.324522069312149, "log10_min_child_weight": 3.3237935332701083, "log10_subsample": -0.23582764229730757, "max_depth": 9.0, "num_boost_round": 3.0}, "datetime": {"datetime": "2024-01-19 00:27:59", "elapsed": 986.839815, "delta": 0.001602}}
{"target": -13.758465027413273, "params": {"gamma": 211.42137884998334, "log10_alpha": -4.195819456356112, "log10_colsample_bytree": -0.586748018451789, "log10_eta": -3.3883307618714524, "log10_lambda": -2.324522069312149, "log10_min_child_weight": 3.3237935332701083, "log10_subsample": -0.23582764229730757, "max_depth": 9.0, "num_boost_round": 4.0}, "datetime": {"datetime": "2024-01-19 00:27:59", "elapsed": 986.841269, "delta": 0.001454}}
{"target": -13.758459202620564, "params": {"gamma": 211.42137884998334, "log10_alpha": -4.195819456356112, "log10_colsample_bytree": -0.586748018451789, "log10_eta": -3.3883307618714524, "log10_lambda": -2.324522069312149, "log10_min_child_weight": 3.3237935332701083, "log10_subsample": -0.23582764229730757, "max_depth": 9.0, "num_boost_round": 5.0}, "datetime": {"datetime": "2024-01-19 00:27:59", "elapsed": 986.842862, "delta": 0.001593}}
{"target": -13.758456127661962, "params": {"gamma": 211.42137884998334, "log10_alpha": -4.195819456356112, "log10_colsample_bytree": -0.586748018451789, "log10_eta": -3.3883307618714524, "log10_lambda": -2.324522069312149, "log10_min_child_weight": 3.3237935332701083, "log10_subsample": -0.23582764229730757, "max_depth": 9.0, "num_boost_round": 6.0}, "datetime": {"datetime": "2024-01-19 00:27:59", "elapsed": 986.844225, "delta": 0.001363}}
{"target": -13.758434182240935, "params": {"gamma": 211.42137884998334, "log10_alpha": -4.195819456356112, "log10_colsample_bytree": -0.586748018451789, "log10_eta": -3.3883307618714524, "log10_lambda": -2.324522069312149, "log10_min_child_weight": 3.3237935332701083, "log10_subsample": -0.23582764229730757, "max_depth": 9.0, "num_boost_round": 7.0}, "datetime": {"datetime": "2024-01-19 00:27:59", "elapsed": 986.845526, "delta": 0.001301}}
{"target": -13.758427750086335, "params": {"gamma": 211.42137884998334, "log10_alpha": -4.195819456356112, "log10_colsample_bytree": -0.586748018451789, "log10_eta": -3.3883307618714524, "log10_lambda": -2.324522069312149, "log10_min_child_weight": 3.3237935332701083, "log10_subsample": -0.23582764229730757, "max_depth": 9.0, "num_boost_round": 8.0}, "datetime": {"datetime": "2024-01-19 00:27:59", "elapsed": 986.846828, "delta": 0.001302}}
{"target": -13.758426459214077, "params": {"gamma": 211.42137884998334, "log10_alpha": -4.195819456356112, "log10_colsample_bytree": -0.586748018451789, "log10_eta": -3.3883307618714524, "log10_lambda": -2.324522069312149, "log10_min_child_weight": 3.3237935332701083, "log10_subsample": -0.23582764229730757, "max_depth": 9.0, "num_boost_round": 9.0}, "datetime": {"datetime": "2024-01-19 00:27:59", "elapsed": 986.848121, "delta": 0.001293}}
{"target": -13.758416215935394, "params": {"gamma": 211.42137884998334, "log10_alpha": -4.195819456356112, "log10_colsample_bytree": -0.586748018451789, "log10_eta": -3.3883307618714524, "log10_lambda": -2.324522069312149, "log10_min_child_weight": 3.3237935332701083, "log10_subsample": -0.23582764229730757, "max_depth": 9.0, "num_boost_round": 10.0}, "datetime": {"datetime": "2024-01-19 00:27:59", "elapsed": 986.849421, "delta": 0.0013}}
{"target": -13.758410562730475, "params": {"gamma": 211.42137884998334, "log10_alpha": -4.195819456356112, "log10_colsample_bytree": -0.586748018451789, "log10_eta": -3.3883307618714524, "log10_lambda": -2.324522069312149, "log10_min_child_weight": 3.3237935332701083, "log10_subsample": -0.23582764229730757, "max_depth": 9.0, "num_boost_round": 11.0}, "datetime": {"datetime": "2024-01-19 00:27:59", "elapsed": 986.850821, "delta": 0.0014}}
{"target": -13.758398593765278, "params": {"gamma": 211.42137884998334, "log10_alpha": -4.195819456356112, "log10_colsample_bytree": -0.586748018451789, "log10_eta": -3.3883307618714524, "log10_lambda": -2.324522069312149, "log10_min_child_weight": 3.3237935332701083, "log10_subsample": -0.23582764229730757, "max_depth": 9.0, "num_boost_round": 12.0}, "datetime": {"datetime": "2024-01-19 00:27:59", "elapsed": 986.852144, "delta": 0.001323}}
{"target": -13.758399776133098, "params": {"gamma": 211.42137884998334, "log10_alpha": -4.195819456356112, "log10_colsample_bytree": -0.586748018451789, "log10_eta": -3.3883307618714524, "log10_lambda": -2.324522069312149, "log10_min_child_weight": 3.3237935332701083, "log10_subsample": -0.23582764229730757, "max_depth": 9.0, "num_boost_round": 13.0}, "datetime": {"datetime": "2024-01-19 00:27:59", "elapsed": 986.853452, "delta": 0.001308}}
{"target": -13.758494103098888, "params": {"gamma": 203.46358323111502, "log10_alpha": 0.7711163810346413, "log10_colsample_bytree": -0.9703603069490202, "log10_eta": -2.618007791259633, "log10_lambda": -0.5252586872470939, "log10_min_child_weight": 1.5843271542184878, "log10_subsample": -0.07362726786097018, "max_depth": 4.0, "num_boost_round": 0.0}, "datetime": {"datetime": "2024-01-19 00:28:24", "elapsed": 1012.485421, "delta": 25.631969}}
{"target": -13.758512172947439, "params": {"gamma": 203.46358323111502, "log10_alpha": 0.7711163810346413, "log10_colsample_bytree": -0.9703603069490202, "log10_eta": -2.618007791259633, "log10_lambda": -0.5252586872470939, "log10_min_child_weight": 1.5843271542184878, "log10_subsample": -0.07362726786097018, "max_depth": 4.0, "num_boost_round": 1.0}, "datetime": {"datetime": "2024-01-19 00:28:24", "elapsed": 1012.487373, "delta": 0.001952}}
{"target": -13.758491553932728, "params": {"gamma": 203.46358323111502, "log10_alpha": 0.7711163810346413, "log10_colsample_bytree": -0.9703603069490202, "log10_eta": -2.618007791259633, "log10_lambda": -0.5252586872470939, "log10_min_child_weight": 1.5843271542184878, "log10_subsample": -0.07362726786097018, "max_depth": 4.0, "num_boost_round": 2.0}, "datetime": {"datetime": "2024-01-19 00:28:24", "elapsed": 1012.489151, "delta": 0.001778}}
{"target": -13.758494064095071, "params": {"gamma": 203.46358323111502, "log10_alpha": 0.7711163810346413, "log10_colsample_bytree": -0.9703603069490202, "log10_eta": -2.618007791259633, "log10_lambda": -0.5252586872470939, "log10_min_child_weight": 1.5843271542184878, "log10_subsample": -0.07362726786097018, "max_depth": 4.0, "num_boost_round": 3.0}, "datetime": {"datetime": "2024-01-19 00:28:24", "elapsed": 1012.490711, "delta": 0.00156}}
{"target": -13.758486635772295, "params": {"gamma": 203.46358323111502, "log10_alpha": 0.7711163810346413, "log10_colsample_bytree": -0.9703603069490202, "log10_eta": -2.618007791259633, "log10_lambda": -0.5252586872470939, "log10_min_child_weight": 1.5843271542184878, "log10_subsample": -0.07362726786097018, "max_depth": 4.0, "num_boost_round": 4.0}, "datetime": {"datetime": "2024-01-19 00:28:24", "elapsed": 1012.492115, "delta": 0.001404}}
{"target": -13.758475155384334, "params": {"gamma": 203.46358323111502, "log10_alpha": 0.7711163810346413, "log10_colsample_bytree": -0.9703603069490202, "log10_eta": -2.618007791259633, "log10_lambda": -0.5252586872470939, "log10_min_child_weight": 1.5843271542184878, "log10_subsample": -0.07362726786097018, "max_depth": 4.0, "num_boost_round": 5.0}, "datetime": {"datetime": "2024-01-19 00:28:24", "elapsed": 1012.493435, "delta": 0.00132}}
{"target": -13.758484737069876, "params": {"gamma": 203.46358323111502, "log10_alpha": 0.7711163810346413, "log10_colsample_bytree": -0.9703603069490202, "log10_eta": -2.618007791259633, "log10_lambda": -0.5252586872470939, "log10_min_child_weight": 1.5843271542184878, "log10_subsample": -0.07362726786097018, "max_depth": 4.0, "num_boost_round": 6.0}, "datetime": {"datetime": "2024-01-19 00:28:24", "elapsed": 1012.494791, "delta": 0.001356}}
{"target": -13.758450347209234, "params": {"gamma": 203.46358323111502, "log10_alpha": 0.7711163810346413, "log10_colsample_bytree": -0.9703603069490202, "log10_eta": -2.618007791259633, "log10_lambda": -0.5252586872470939, "log10_min_child_weight": 1.5843271542184878, "log10_subsample": -0.07362726786097018, "max_depth": 4.0, "num_boost_round": 7.0}, "datetime": {"datetime": "2024-01-19 00:28:24", "elapsed": 1012.496093, "delta": 0.001302}}
{"target": -13.758422383717052, "params": {"gamma": 203.46358323111502, "log10_alpha": 0.7711163810346413, "log10_colsample_bytree": -0.9703603069490202, "log10_eta": -2.618007791259633, "log10_lambda": -0.5252586872470939, "log10_min_child_weight": 1.5843271542184878, "log10_subsample": -0.07362726786097018, "max_depth": 4.0, "num_boost_round": 8.0}, "datetime": {"datetime": "2024-01-19 00:28:24", "elapsed": 1012.497496, "delta": 0.001403}}
