{"target": -17.73676090709091, "params": {"gamma": 153.73589748009505, "log10_alpha": 1.0, "log10_colsample_bytree": -1.0, "log10_eta": 0.0, "log10_lambda": 1.0, "log10_min_child_weight": 5.0, "log10_subsample": 0.0, "max_depth": 2.0, "num_boost_round": 14.0}, "datetime": {"datetime": "2024-01-19 00:30:34", "elapsed": 1119.493919, "delta": 0.001667}}
{"target": -17.740471148028764, "params": {"gamma": 153.73589748009505, "log10_alpha": 1.0, "log10_colsample_bytree": -1.0, "log10_eta": 0.0, "log10_lambda": 1.0, "log10_min_child_weight": 5.0, "log10_subsample": 0.0, "max_depth": 2.0, "num_boost_round": 15.0}, "datetime": {"datetime": "2024-01-19 00:30:34", "elapsed": 1119.495576, "delta": 0.001657}}
{"target": -17.744984985788214, "params": {"gamma": 153.73589748009505, "log10_alpha": 1.0, "log10_colsample_bytree": -1.0, "log10_eta": 0.0, "log10_lambda": 1.0, "log10_min_child_weight": 5.0, "log10_subsample": 0.0, "max_depth": 2.0, "num_boost_round": 16.0}, "datetime": {"datetime": "2024-01-19 00:30:34", "elapsed": 1119.49723, "delta": 0.001654}}
{"target": -17.75037906932509, "params": {"gamma": 153.73589748009505, "log10_alpha": 1.0, "log10_colsample_bytree": -1.0, "log10_eta": 0.0, "log10_lambda": 1.0, "log10_min_child_weight": 5.0, "log10_subsample": 0.0, "max_depth": 2.0, "num_boost_round": 17.0}, "datetime": {"datetime": "2024-01-19 00:30:34", "elapsed": 1119.499031, "delta": 0.001801}}
{"target": -17.751399208614647, "params": {"gamma": 153.73589748009505, "log10_alpha": 1.0, "log10_colsample_bytree": -1.0, "log10_eta": 0.0, "log10_lambda": 1.0, "log10_min_child_weight": 5.0, "log10_subsample": 0.0, "max_depth": 2.0, "num_boost_round": 18.0}, "datetime": {"datetime": "2024-01-19 00:30:34", "elapsed": 1119.500682, "delta": 0.001651}}
{"target": -17.75117078651274, "params": {"gamma": 153.73589748009505, "log10_alpha": 1.0, "log10_colsample_bytree": -1.0, "log10_eta": 0.0, "log10_lambda": 1.0, "log10_min_child_weight": 5.0, "log10_subsample": 0.0, "max_depth": 2.0, "num_boost_round": 19.0}, "datetime": {"datetime": "2024-01-19 00:30:34", "elapsed": 1119.502334, "delta": 0.001652}}
{"target": -17.75461833385726, "params": {"gamma": 153.73589748009505, "log10_alpha": 1.0, "log10_colsample_bytree": -1.0, "log10_eta": 0.0, "log10_lambda": 1.0, "log10_min_child_weight": 5.0, "log10_subsample": 0.0, "max_depth": 2.0, "num_boost_round": 20.0}, "datetime": {"datetime": "2024-01-19 00:30:34", "elapsed": 1119.503993, "delta": 0.001659}}
{"target": -17.75953775145299, "params": {"gamma": 153.73589748009505, "log10_alpha": 1.0, "log10_colsample_bytree": -1.0, "log10_eta": 0.0, "log10_lambda": 1.0, "log10_min_child_weight": 5.0, "log10_subsample": 0.0, "max_depth": 2.0, "num_boost_round": 21.0}, "datetime": {"datetime": "2024-01-19 00:30:34", "elapsed": 1119.50564, "delta": 0.001647}}
{"target": -17.764425346848945, "params": {"gamma": 153.73589748009505, "log10_alpha": 1.0, "log10_colsample_bytree": -1.0, "log10_eta": 0.0, "log10_lambda": 1.0, "log10_min_child_weight": 5.0, "log10_subsample": 0.0, "max_depth": 2.0, "num_boost_round": 22.0}, "datetime": {"datetime": "2024-01-19 00:30:34", "elapsed": 1119.507397, "delta": 0.001757}}
{"target": -17.766299462005737, "params": {"gamma": 153.73589748009505, "log10_alpha": 1.0, "log10_colsample_bytree": -1.0, "log10_eta": 0.0, "log10_lambda": 1.0, "log10_min_child_weight": 5.0, "log10_subsample": 0.0, "max_depth": 2.0, "num_boost_round": 23.0}, "datetime": {"datetime": "2024-01-19 00:30:34", "elapsed": 1119.509062, "delta": 0.001665}}
{"target": -17.770678230154683, "params": {"gamma": 153.73589748009505, "log10_alpha": 1.0, "log10_colsample_bytree": -1.0, "log10_eta": 0.0, "log10_lambda": 1.0, "log10_min_child_weight": 5.0, "log10_subsample": 0.0, "max_depth": 2.0, "num_boost_round": 24.0}, "datetime": {"datetime": "2024-01-19 00:30:34", "elapsed": 1119.51073, "delta": 0.001668}}
{"target": -17.77412542596759, "params": {"gamma": 153.73589748009505, "log10_alpha": 1.0, "log10_colsample_bytree": -1.0, "log10_eta": 0.0, "log10_lambda": 1.0, "log10_min_child_weight": 5.0, "log10_subsample": 0.0, "max_depth": 2.0, "num_boost_round": 25.0}, "datetime": {"datetime": "2024-01-19 00:30:34", "elapsed": 1119.512405, "delta": 0.001675}}
{"target": -17.773232105884418, "params": {"gamma": 153.73589748009505, "log10_alpha": 1.0, "log10_colsample_bytree": -1.0, "log10_eta": 0.0, "log10_lambda": 1.0, "log10_min_child_weight": 5.0, "log10_subsample": 0.0, "max_depth": 2.0, "num_boost_round": 26.0}, "datetime": {"datetime": "2024-01-19 00:30:34", "elapsed": 1119.51406, "delta": 0.001655}}
{"target": -17.771435002213146, "params": {"gamma": 153.73589748009505, "log10_alpha": 1.0, "log10_colsample_bytree": -1.0, "log10_eta": 0.0, "log10_lambda": 1.0, "log10_min_child_weight": 5.0, "log10_subsample": 0.0, "max_depth": 2.0, "num_boost_round": 27.0}, "datetime": {"datetime": "2024-01-19 00:30:34", "elapsed": 1119.515735, "delta": 0.001675}}
{"target": -17.7753328101152, "params": {"gamma": 153.73589748009505, "log10_alpha": 1.0, "log10_colsample_bytree": -1.0, "log10_eta": 0.0, "log10_lambda": 1.0, "log10_min_child_weight": 5.0, "log10_subsample": 0.0, "max_depth": 2.0, "num_boost_round": 28.0}, "datetime": {"datetime": "2024-01-19 00:30:34", "elapsed": 1119.51742, "delta": 0.001685}}
{"target": -17.775741642551743, "params": {"gamma": 153.73589748009505, "log10_alpha": 1.0, "log10_colsample_bytree": -1.0, "log10_eta": 0.0, "log10_lambda": 1.0, "log10_min_child_weight": 5.0, "log10_subsample": 0.0, "max_depth": 2.0, "num_boost_round": 29.0}, "datetime": {"datetime": "2024-01-19 00:30:34", "elapsed": 1119.519191, "delta": 0.001771}}
{"target": -17.777080348854142, "params": {"gamma": 153.73589748009505, "log10_alpha": 1.0, "log10_colsample_bytree": -1.0, "log10_eta": 0.0, "log10_lambda": 1.0, "log10_min_child_weight": 5.0, "log10_subsample": 0.0, "max_depth": 2.0, "num_boost_round": 30.0}, "datetime": {"datetime": "2024-01-19 00:30:34", "elapsed": 1119.520881, "delta": 0.00169}}
{"target": -17.774661151049983, "params": {"gamma": 153.73589748009505, "log10_alpha": 1.0, "log10_colsample_bytree": -1.0, "log10_eta": 0.0, "log10_lambda": 1.0, "log10_min_child_weight": 5.0, "log10_subsample": 0.0, "max_depth": 2.0, "num_boost_round": 31.0}, "datetime": {"datetime": "2024-01-19 00:30:34", "elapsed": 1119.522548, "delta": 0.001667}}
{"target": -17.778173407547534, "params": {"gamma": 153.73589748009505, "log10_alpha": 1.0, "log10_colsample_bytree": -1.0, "log10_eta": 0.0, "log10_lambda": 1.0, "log10_min_child_weight": 5.0, "log10_subsample": 0.0, "max_depth": 2.0, "num_boost_round": 32.0}, "datetime": {"datetime": "2024-01-19 00:30:34", "elapsed": 1119.524218, "delta": 0.00167}}
{"target": -17.784297997586325, "params": {"gamma": 153.73589748009505, "log10_alpha": 1.0, "log10_colsample_bytree": -1.0, "log10_eta": 0.0, "log10_lambda": 1.0, "log10_min_child_weight": 5.0, "log10_subsample": 0.0, "max_depth": 2.0, "num_boost_round": 33.0}, "datetime": {"datetime": "2024-01-19 00:30:34", "elapsed": 1119.525931, "delta": 0.001713}}
{"target": -17.77939286068557, "params": {"gamma": 153.73589748009505, "log10_alpha": 1.0, "log10_colsample_bytree": -1.0, "log10_eta": 0.0, "log10_lambda": 1.0, "log10_min_child_weight": 5.0, "log10_subsample": 0.0, "max_depth": 2.0, "num_boost_round": 34.0}, "datetime": {"datetime": "2024-01-19 00:30:35", "elapsed": 1119.527825, "delta": 0.001894}}
{"target": -17.677074544755104, "params": {"gamma": 158.14036468402392, "log10_alpha": -0.7912475825227929, "log10_colsample_bytree": -0.11826830435829994, "log10_eta": -2.2548645453903413, "log10_lambda": -2.0362675354164606, "log10_min_child_weight": 0.9659949100276627, "log10_subsample": -0.4074803639747192, "max_depth": 2.0, "num_boost_round": 0.0}, "datetime": {"datetime": "2024-01-19 00:31:11", "elapsed": 1155.9589, "delta": 36.431075}}
{"target": -17.67692751080973, "params": {"gamma": 158.14036468402392, "log10_alpha": -0.7912475825227929, "log10_colsample_bytree": -0.11826830435829994, "log10_eta": -2.2548645453903413, "log10_lambda": -2.0362675354164606, "log10_min_child_weight": 0.9659949100276627, "log10_subsample": -0.4074803639747192, "max_depth": 2.0, "num_boost_round": 1.0}, "datetime": {"datetime": "2024-01-19 00:31:11", "elapsed": 1155.961267, "delta": 0.002367}}
{"target": -17.676787880216462, "params": {"gamma": 158.14036468402392, "log10_alpha": -0.7912475825227929, "log10_colsample_bytree": -0.11826830435829994, "log10_eta": -2.2548645453903413, "log10_lambda": -2.0362675354164606, "log10_min_child_weight": 0.9659949100276627, "log10_subsample": -0.4074803639747192, "max_depth": 2.0, "num_boost_round": 2.0}, "datetime": {"datetime": "2024-01-19 00:31:11", "elapsed": 1155.963082, "delta": 0.001815}}
{"target": -17.676710773256243, "params": {"gamma": 158.14036468402392, "log10_alpha": -0.7912475825227929, "log10_colsample_bytree": -0.11826830435829994, "log10_eta": -2.2548645453903413, "log10_lambda": -2.0362675354164606, "log10_min_child_weight": 0.9659949100276627, "log10_subsample": -0.4074803639747192, "max_depth": 2.0, "num_boost_round": 3.0}, "datetime": {"datetime": "2024-01-19 00:31:11", "elapsed": 1155.964791, "delta": 0.001709}}
{"target": -17.676622654538033, "params": {"gamma": 158.14036468402392, "log10_alpha": -0.7912475825227929, "log10_colsample_bytree": -0.11826830435829994, "log10_eta": -2.2548645453903413, "log10_lambda": -2.0362675354164606, "log10_min_child_weight": 0.9659949100276627, "log10_subsample": -0.4074803639747192, "max_depth": 2.0, "num_boost_round": 4.0}, "datetime": {"datetime": "2024-01-19 00:31:11", "elapsed": 1155.968319, "delta": 0.003528}}
{"target": -17.67649845040576, "params": {"gamma": 158.14036468402392, "log10_alpha": -0.7912475825227929, "log10_colsample_bytree": -0.11826830435829994, "log10_eta": -2.2548645453903413, "log10_lambda": -2.0362675354164606, "log10_min_child_weight": 0.9659949100276627, "log10_subsample": -0.4074803639747192, "max_depth": 2.0, "num_boost_round": 5.0}, "datetime": {"datetime": "2024-01-19 00:31:11", "elapsed": 1155.970057, "delta": 0.001738}}
{"target": -17.676360870189043, "params": {"gamma": 158.14036468402392, "log10_alpha": -0.7912475825227929, "log10_colsample_bytree": -0.11826830435829994, "log10_eta": -2.2548645453903413, "log10_lambda": -2.0362675354164606, "log10_min_child_weight": 0.9659949100276627, "log10_subsample": -0.4074803639747192, "max_depth": 2.0, "num_boost_round": 6.0}, "datetime": {"datetime": "2024-01-19 00:31:11", "elapsed": 1155.971757, "delta": 0.0017}}
{"target": -17.67624492137332, "params": {"gamma": 158.14036468402392, "log10_alpha": -0.7912475825227929, "log10_colsample_bytree": -0.11826830435829994, "log10_eta": -2.2548645453903413, "log10_lambda": -2.0362675354164606, "log10_min_child_weight": 0.9659949100276627, "log10_subsample": -0.4074803639747192, "max_depth": 2.0, "num_boost_round": 7.0}, "datetime": {"datetime": "2024-01-19 00:31:11", "elapsed": 1155.973467, "delta": 0.00171}}
{"target": -17.67613066353012, "params": {"gamma": 158.14036468402392, "log10_alpha": -0.7912475825227929, "log10_colsample_bytree": -0.11826830435829994, "log10_eta": -2.2548645453903413, "log10_lambda": -2.0362675354164606, "log10_min_child_weight": 0.9659949100276627, "log10_subsample": -0.4074803639747192, "max_depth": 2.0, "num_boost_round": 8.0}, "datetime": {"datetime": "2024-01-19 00:31:11", "elapsed": 1155.975148, "delta": 0.001681}}
{"target": -17.676023986272238, "params": {"gamma": 158.14036468402392, "log10_alpha": -0.7912475825227929, "log10_colsample_bytree": -0.11826830435829994, "log10_eta": -2.2548645453903413, "log10_lambda": -2.0362675354164606, "log10_min_child_weight": 0.9659949100276627, "log10_subsample": -0.4074803639747192, "max_depth": 2.0, "num_boost_round": 9.0}, "datetime": {"datetime": "2024-01-19 00:31:11", "elapsed": 1155.976829, "delta": 0.001681}}
{"target": -17.675937588839574, "params": {"gamma": 158.14036468402392, "log10_alpha": -0.7912475825227929, "log10_colsample_bytree": -0.11826830435829994, "log10_eta": -2.2548645453903413, "log10_lambda": -2.0362675354164606, "log10_min_child_weight": 0.9659949100276627, "log10_subsample": -0.4074803639747192, "max_depth": 2.0, "num_boost_round": 10.0}, "datetime": {"datetime": "2024-01-19 00:31:11", "elapsed": 1155.978504, "delta": 0.001675}}
{"target": -17.67584892347499, "params": {"gamma": 158.14036468402392, "log10_alpha": -0.7912475825227929, "log10_colsample_bytree": -0.11826830435829994, "log10_eta": -2.2548645453903413, "log10_lambda": -2.0362675354164606, "log10_min_child_weight": 0.9659949100276627, "log10_subsample": -0.4074803639747192, "max_depth": 2.0, "num_boost_round": 11.0}, "datetime": {"datetime": "2024-01-19 00:31:11", "elapsed": 1155.980202, "delta": 0.001698}}
{"target": -17.67575700211314, "params": {"gamma": 158.14036468402392, "log10_alpha": -0.7912475825227929, "log10_colsample_bytree": -0.11826830435829994, "log10_eta": -2.2548645453903413, "log10_lambda": -2.0362675354164606, "log10_min_child_weight": 0.9659949100276627, "log10_subsample": -0.4074803639747192, "max_depth": 2.0, "num_boost_round": 12.0}, "datetime": {"datetime": "2024-01-19 00:31:11", "elapsed": 1155.982029, "delta": 0.001827}}
{"target": -17.67567142804416, "params": {"gamma": 158.14036468402392, "log10_alpha": -0.7912475825227929, "log10_colsample_bytree": -0.11826830435829994, "log10_eta": -2.2548645453903413, "log10_lambda": -2.0362675354164606, "log10_min_child_weight": 0.9659949100276627, "log10_subsample": -0.4074803639747192, "max_depth": 2.0, "num_boost_round": 13.0}, "datetime": {"datetime": "2024-01-19 00:31:11", "elapsed": 1155.984078, "delta": 0.002049}}
{"target": -17.67559177913458, "params": {"gamma": 158.14036468402392, "log10_alpha": -0.7912475825227929, "log10_colsample_bytree": -0.11826830435829994, "log10_eta": -2.2548645453903413, "log10_lambda": -2.0362675354164606, "log10_min_child_weight": 0.9659949100276627, "log10_subsample": -0.4074803639747192, "max_depth": 2.0, "num_boost_round": 14.0}, "datetime": {"datetime": "2024-01-19 00:31:11", "elapsed": 1155.986431, "delta": 0.002353}}
{"target": -17.675506281190035, "params": {"gamma": 158.14036468402392, "log10_alpha": -0.7912475825227929, "log10_colsample_bytree": -0.11826830435829994, "log10_eta": -2.2548645453903413, "log10_lambda": -2.0362675354164606, "log10_min_child_weight": 0.9659949100276627, "log10_subsample": -0.4074803639747192, "max_depth": 2.0, "num_boost_round": 15.0}, "datetime": {"datetime": "2024-01-19 00:31:11", "elapsed": 1155.988495, "delta": 0.002064}}
{"target": -17.675450257626025, "params": {"gamma": 158.14036468402392, "log10_alpha": -0.7912475825227929, "log10_colsample_bytree": -0.11826830435829994, "log10_eta": -2.2548645453903413, "log10_lambda": -2.0362675354164606, "log10_min_child_weight": 0.9659949100276627, "log10_subsample": -0.4074803639747192, "max_depth": 2.0, "num_boost_round": 16.0}, "datetime": {"datetime": "2024-01-19 00:31:11", "elapsed": 1155.990375, "delta": 0.00188}}
{"target": -17.675323830296477, "params": {"gamma": 158.14036468402392, "log10_alpha": -0.7912475825227929, "log10_colsample_bytree": -0.11826830435829994, "log10_eta": -2.2548645453903413, "log10_lambda": -2.0362675354164606, "log10_min_child_weight": 0.9659949100276627, "log10_subsample": -0.4074803639747192, "max_depth": 2.0, "num_boost_round": 17.0}, "datetime": {"datetime": "2024-01-19 00:31:11", "elapsed": 1155.99211, "delta": 0.001735}}
{"target": -17.6752593954942, "params": {"gamma": 158.14036468402392, "log10_alpha": -0.7912475825227929, "log10_colsample_bytree": -0.11826830435829994, "log10_eta": -2.2548645453903413, "log10_lambda": -2.0362675354164606, "log10_min_child_weight": 0.9659949100276627, "log10_subsample": -0.4074803639747192, "max_depth": 2.0, "num_boost_round": 18.0}, "datetime": {"datetime": "2024-01-19 00:31:11", "elapsed": 1155.993828, "delta": 0.001718}}
{"target": -17.675216300363267, "params": {"gamma": 158.14036468402392, "log10_alpha": -0.7912475825227929, "log10_colsample_bytree": -0.11826830435829994, "log10_eta": -2.2548645453903413, "log10_lambda": -2.0362675354164606, "log10_min_child_weight": 0.9659949100276627, "log10_subsample": -0.4074803639747192, "max_depth": 2.0, "num_boost_round": 19.0}, "datetime": {"datetime": "2024-01-19 00:31:11", "elapsed": 1155.995525, "delta": 0.001697}}
{"target": -17.67513909461408, "params": {"gamma": 158.14036468402392, "log10_alpha": -0.7912475825227929, "log10_colsample_bytree": -0.11826830435829994, "log10_eta": -2.2548645453903413, "log10_lambda": -2.0362675354164606, "log10_min_child_weight": 0.9659949100276627, "log10_subsample": -0.4074803639747192, "max_depth": 2.0, "num_boost_round": 20.0}, "datetime": {"datetime": "2024-01-19 00:31:11", "elapsed": 1155.997198, "delta": 0.001673}}
{"target": -17.6750955941307, "params": {"gamma": 158.14036468402392, "log10_alpha": -0.7912475825227929, "log10_colsample_bytree": -0.11826830435829994, "log10_eta": -2.2548645453903413, "log10_lambda": -2.0362675354164606, "log10_min_child_weight": 0.9659949100276627, "log10_subsample": -0.4074803639747192, "max_depth": 2.0, "num_boost_round": 21.0}, "datetime": {"datetime": "2024-01-19 00:31:11", "elapsed": 1155.999018, "delta": 0.00182}}
{"target": -17.675063475765164, "params": {"gamma": 158.14036468402392, "log10_alpha": -0.7912475825227929, "log10_colsample_bytree": -0.11826830435829994, "log10_eta": -2.2548645453903413, "log10_lambda": -2.0362675354164606, "log10_min_child_weight": 0.9659949100276627, "log10_subsample": -0.4074803639747192, "max_depth": 2.0, "num_boost_round": 22.0}, "datetime": {"datetime": "2024-01-19 00:31:11", "elapsed": 1156.000704, "delta": 0.001686}}
{"target": -17.675014659213307, "params": {"gamma": 158.14036468402392, "log10_alpha": -0.7912475825227929, "log10_colsample_bytree": -0.11826830435829994, "log10_eta": -2.2548645453903413, "log10_lambda": -2.0362675354164606, "log10_min_child_weight": 0.9659949100276627, "log10_subsample": -0.4074803639747192, "max_depth": 2.0, "num_boost_round": 23.0}, "datetime": {"datetime": "2024-01-19 00:31:11", "elapsed": 1156.002392, "delta": 0.001688}}
{"target": -17.674964645069863, "params": {"gamma": 158.14036468402392, "log10_alpha": -0.7912475825227929, "log10_colsample_bytree": -0.11826830435829994, "log10_eta": -2.2548645453903413, "log10_lambda": -2.0362675354164606, "log10_min_child_weight": 0.9659949100276627, "log10_subsample": -0.4074803639747192, "max_depth": 2.0, "num_boost_round": 24.0}, "datetime": {"datetime": "2024-01-19 00:31:11", "elapsed": 1156.004068, "delta": 0.001676}}
{"target": -17.67492083606935, "params": {"gamma": 158.14036468402392, "log10_alpha": -0.7912475825227929, "log10_colsample_bytree": -0.11826830435829994, "log10_eta": -2.2548645453903413, "log10_lambda": -2.0362675354164606, "log10_min_child_weight": 0.9659949100276627, "log10_subsample": -0.4074803639747192, "max_depth": 2.0, "num_boost_round": 25.0}, "datetime": {"datetime": "2024-01-19 00:31:11", "elapsed": 1156.005756, "delta": 0.001688}}
{"target": -17.674872617487065, "params": {"gamma": 158.14036468402392, "log10_alpha": -0.7912475825227929, "log10_colsample_bytree": -0.11826830435829994, "log10_eta": -2.2548645453903413, "log10_lambda": -2.0362675354164606, "log10_min_child_weight": 0.9659949100276627, "log10_subsample": -0.4074803639747192, "max_depth": 2.0, "num_boost_round": 26.0}, "datetime": {"datetime": "2024-01-19 00:31:11", "elapsed": 1156.007573, "delta": 0.001817}}
{"target": -17.674771587671014, "params": {"gamma": 158.14036468402392, "log10_alpha": -0.7912475825227929, "log10_colsample_bytree": -0.11826830435829994, "log10_eta": -2.2548645453903413, "log10_lambda": -2.0362675354164606, "log10_min_child_weight": 0.9659949100276627, "log10_subsample": -0.4074803639747192, "max_depth": 2.0, "num_boost_round": 27.0}, "datetime": {"datetime": "2024-01-19 00:31:11", "elapsed": 1156.009279, "delta": 0.001706}}
{"target": -17.674710820064014, "params": {"gamma": 158.14036468402392, "log10_alpha": -0.7912475825227929, "log10_colsample_bytree": -0.11826830435829994, "log10_eta": -2.2548645453903413, "log10_lambda": -2.0362675354164606, "log10_min_child_weight": 0.9659949100276627, "log10_subsample": -0.4074803639747192, "max_depth": 2.0, "num_boost_round": 28.0}, "datetime": {"datetime": "2024-01-19 00:31:11", "elapsed": 1156.010993, "delta": 0.001714}}
{"target": -17.674675977328487, "params": {"gamma": 158.14036468402392, "log10_alpha": -0.7912475825227929, "log10_colsample_bytree": -0.11826830435829994, "log10_eta": -2.2548645453903413, "log10_lambda": -2.0362675354164606, "log10_min_child_weight": 0.9659949100276627, "log10_subsample": -0.4074803639747192, "max_depth": 2.0, "num_boost_round": 29.0}, "datetime": {"datetime": "2024-01-19 00:31:11", "elapsed": 1156.012697, "delta": 0.001704}}
{"target": -17.674647825566414, "params": {"gamma": 158.14036468402392, "log10_alpha": -0.7912475825227929, "log10_colsample_bytree": -0.11826830435829994, "log10_eta": -2.2548645453903413, "log10_lambda": -2.0362675354164606, "log10_min_child_weight": 0.9659949100276627, "log10_subsample": -0.4074803639747192, "max_depth": 2.0, "num_boost_round": 30.0}, "datetime": {"datetime": "2024-01-19 00:31:11", "elapsed": 1156.014406, "delta": 0.001709}}
{"target": -17.67463219207031, "params": {"gamma": 158.14036468402392, "log10_alpha": -0.7912475825227929, "log10_colsample_bytree": -0.11826830435829994, "log10_eta": -2.2548645453903413, "log10_lambda": -2.0362675354164606, "log10_min_child_weight": 0.9659949100276627, "log10_subsample": -0.4074803639747192, "max_depth": 2.0, "num_boost_round": 31.0}, "datetime": {"datetime": "2024-01-19 00:31:11", "elapsed": 1156.016112, "delta": 0.001706}}
