{"target": -17.67628140877879, "params": {"gamma": 601.8863228302757, "log10_alpha": -4.674737765836529, "log10_colsample_bytree": -0.10246282994087363, "log10_eta": -1.826934482921276, "log10_lambda": -3.5126671728871175, "log10_min_child_weight": 3.7729112791014066, "log10_subsample": -0.5174833006344329, "max_depth": 7.0, "num_boost_round": 4.0}, "datetime": {"datetime": "2024-01-19 00:41:28", "elapsed": 1785.714706, "delta": 0.002283}}
{"target": -17.676487105688363, "params": {"gamma": 601.8863228302757, "log10_alpha": -4.674737765836529, "log10_colsample_bytree": -0.10246282994087363, "log10_eta": -1.826934482921276, "log10_lambda": -3.5126671728871175, "log10_min_child_weight": 3.7729112791014066, "log10_subsample": -0.5174833006344329, "max_depth": 7.0, "num_boost_round": 5.0}, "datetime": {"datetime": "2024-01-19 00:41:28", "elapsed": 1785.716953, "delta": 0.002247}}
{"target": -17.675704719655588, "params": {"gamma": 601.8863228302757, "log10_alpha": -4.674737765836529, "log10_colsample_bytree": -0.10246282994087363, "log10_eta": -1.826934482921276, "log10_lambda": -3.5126671728871175, "log10_min_child_weight": 3.7729112791014066, "log10_subsample": -0.5174833006344329, "max_depth": 7.0, "num_boost_round": 6.0}, "datetime": {"datetime": "2024-01-19 00:41:28", "elapsed": 1785.719202, "delta": 0.002249}}
{"target": -17.67548755343118, "params": {"gamma": 601.8863228302757, "log10_alpha": -4.674737765836529, "log10_colsample_bytree": -0.10246282994087363, "log10_eta": -1.826934482921276, "log10_lambda": -3.5126671728871175, "log10_min_child_weight": 3.7729112791014066, "log10_subsample": -0.5174833006344329, "max_depth": 7.0, "num_boost_round": 7.0}, "datetime": {"datetime": "2024-01-19 00:41:28", "elapsed": 1785.721524, "delta": 0.002322}}
{"target": -17.675494576460117, "params": {"gamma": 601.8863228302757, "log10_alpha": -4.674737765836529, "log10_colsample_bytree": -0.10246282994087363, "log10_eta": -1.826934482921276, "log10_lambda": -3.5126671728871175, "log10_min_child_weight": 3.7729112791014066, "log10_subsample": -0.5174833006344329, "max_depth": 7.0, "num_boost_round": 8.0}, "datetime": {"datetime": "2024-01-19 00:41:28", "elapsed": 1785.723775, "delta": 0.002251}}
{"target": -17.675425338420922, "params": {"gamma": 601.8863228302757, "log10_alpha": -4.674737765836529, "log10_colsample_bytree": -0.10246282994087363, "log10_eta": -1.826934482921276, "log10_lambda": -3.5126671728871175, "log10_min_child_weight": 3.7729112791014066, "log10_subsample": -0.5174833006344329, "max_depth": 7.0, "num_boost_round": 9.0}, "datetime": {"datetime": "2024-01-19 00:41:28", "elapsed": 1785.726025, "delta": 0.00225}}
{"target": -17.67542424413025, "params": {"gamma": 601.8863228302757, "log10_alpha": -4.674737765836529, "log10_colsample_bytree": -0.10246282994087363, "log10_eta": -1.826934482921276, "log10_lambda": -3.5126671728871175, "log10_min_child_weight": 3.7729112791014066, "log10_subsample": -0.5174833006344329, "max_depth": 7.0, "num_boost_round": 10.0}, "datetime": {"datetime": "2024-01-19 00:41:28", "elapsed": 1785.728296, "delta": 0.002271}}
{"target": -17.675176942148344, "params": {"gamma": 601.8863228302757, "log10_alpha": -4.674737765836529, "log10_colsample_bytree": -0.10246282994087363, "log10_eta": -1.826934482921276, "log10_lambda": -3.5126671728871175, "log10_min_child_weight": 3.7729112791014066, "log10_subsample": -0.5174833006344329, "max_depth": 7.0, "num_boost_round": 11.0}, "datetime": {"datetime": "2024-01-19 00:41:28", "elapsed": 1785.730673, "delta": 0.002377}}
{"target": -17.67723028141941, "params": {"gamma": 591.5738314955568, "log10_alpha": -1.6675502420801598, "log10_colsample_bytree": -0.5502414357869216, "log10_eta": -3.9273677991083806, "log10_lambda": -2.48574665179963, "log10_min_child_weight": 2.3564177910393957, "log10_subsample": -0.4566227395203456, "max_depth": 4.0, "num_boost_round": 0.0}, "datetime": {"datetime": "2024-01-19 00:41:55", "elapsed": 1812.870176, "delta": 27.139503}}
{"target": -17.677223162359283, "params": {"gamma": 591.5738314955568, "log10_alpha": -1.6675502420801598, "log10_colsample_bytree": -0.5502414357869216, "log10_eta": -3.9273677991083806, "log10_lambda": -2.48574665179963, "log10_min_child_weight": 2.3564177910393957, "log10_subsample": -0.4566227395203456, "max_depth": 4.0, "num_boost_round": 1.0}, "datetime": {"datetime": "2024-01-19 00:41:55", "elapsed": 1812.873156, "delta": 0.00298}}
{"target": -17.677217279515244, "params": {"gamma": 591.5738314955568, "log10_alpha": -1.6675502420801598, "log10_colsample_bytree": -0.5502414357869216, "log10_eta": -3.9273677991083806, "log10_lambda": -2.48574665179963, "log10_min_child_weight": 2.3564177910393957, "log10_subsample": -0.4566227395203456, "max_depth": 4.0, "num_boost_round": 2.0}, "datetime": {"datetime": "2024-01-19 00:41:55", "elapsed": 1812.875525, "delta": 0.002369}}
{"target": -17.677218103536656, "params": {"gamma": 591.5738314955568, "log10_alpha": -1.6675502420801598, "log10_colsample_bytree": -0.5502414357869216, "log10_eta": -3.9273677991083806, "log10_lambda": -2.48574665179963, "log10_min_child_weight": 2.3564177910393957, "log10_subsample": -0.4566227395203456, "max_depth": 4.0, "num_boost_round": 3.0}, "datetime": {"datetime": "2024-01-19 00:41:55", "elapsed": 1812.87781, "delta": 0.002285}}
{"target": -17.677216636836288, "params": {"gamma": 591.5738314955568, "log10_alpha": -1.6675502420801598, "log10_colsample_bytree": -0.5502414357869216, "log10_eta": -3.9273677991083806, "log10_lambda": -2.48574665179963, "log10_min_child_weight": 2.3564177910393957, "log10_subsample": -0.4566227395203456, "max_depth": 4.0, "num_boost_round": 4.0}, "datetime": {"datetime": "2024-01-19 00:41:55", "elapsed": 1812.880169, "delta": 0.002359}}
{"target": -17.67721263770255, "params": {"gamma": 591.5738314955568, "log10_alpha": -1.6675502420801598, "log10_colsample_bytree": -0.5502414357869216, "log10_eta": -3.9273677991083806, "log10_lambda": -2.48574665179963, "log10_min_child_weight": 2.3564177910393957, "log10_subsample": -0.4566227395203456, "max_depth": 4.0, "num_boost_round": 5.0}, "datetime": {"datetime": "2024-01-19 00:41:55", "elapsed": 1812.88258, "delta": 0.002411}}
{"target": -17.67720689912789, "params": {"gamma": 591.5738314955568, "log10_alpha": -1.6675502420801598, "log10_colsample_bytree": -0.5502414357869216, "log10_eta": -3.9273677991083806, "log10_lambda": -2.48574665179963, "log10_min_child_weight": 2.3564177910393957, "log10_subsample": -0.4566227395203456, "max_depth": 4.0, "num_boost_round": 6.0}, "datetime": {"datetime": "2024-01-19 00:41:55", "elapsed": 1812.884889, "delta": 0.002309}}
{"target": -17.677200994616133, "params": {"gamma": 591.5738314955568, "log10_alpha": -1.6675502420801598, "log10_colsample_bytree": -0.5502414357869216, "log10_eta": -3.9273677991083806, "log10_lambda": -2.48574665179963, "log10_min_child_weight": 2.3564177910393957, "log10_subsample": -0.4566227395203456, "max_depth": 4.0, "num_boost_round": 7.0}, "datetime": {"datetime": "2024-01-19 00:41:55", "elapsed": 1812.887196, "delta": 0.002307}}
{"target": -17.67720004096635, "params": {"gamma": 591.5738314955568, "log10_alpha": -1.6675502420801598, "log10_colsample_bytree": -0.5502414357869216, "log10_eta": -3.9273677991083806, "log10_lambda": -2.48574665179963, "log10_min_child_weight": 2.3564177910393957, "log10_subsample": -0.4566227395203456, "max_depth": 4.0, "num_boost_round": 8.0}, "datetime": {"datetime": "2024-01-19 00:41:55", "elapsed": 1812.889419, "delta": 0.002223}}
{"target": -17.67719258835271, "params": {"gamma": 591.5738314955568, "log10_alpha": -1.6675502420801598, "log10_colsample_bytree": -0.5502414357869216, "log10_eta": -3.9273677991083806, "log10_lambda": -2.48574665179963, "log10_min_child_weight": 2.3564177910393957, "log10_subsample": -0.4566227395203456, "max_depth": 4.0, "num_boost_round": 9.0}, "datetime": {"datetime": "2024-01-19 00:41:55", "elapsed": 1812.891651, "delta": 0.002232}}
{"target": -17.677220310650856, "params": {"gamma": 578.1022782530075, "log10_alpha": -1.1518488637457036, "log10_colsample_bytree": -0.5524167566464546, "log10_eta": -3.7626720379762792, "log10_lambda": -1.313040650778337, "log10_min_child_weight": 2.5265565837802946, "log10_subsample": -0.6510733636042496, "max_depth": 5.0, "num_boost_round": 0.0}, "datetime": {"datetime": "2024-01-19 00:42:19", "elapsed": 1837.192825, "delta": 24.301174}}
{"target": -17.67721261920269, "params": {"gamma": 578.1022782530075, "log10_alpha": -1.1518488637457036, "log10_colsample_bytree": -0.5524167566464546, "log10_eta": -3.7626720379762792, "log10_lambda": -1.313040650778337, "log10_min_child_weight": 2.5265565837802946, "log10_subsample": -0.6510733636042496, "max_depth": 5.0, "num_boost_round": 1.0}, "datetime": {"datetime": "2024-01-19 00:42:19", "elapsed": 1837.195891, "delta": 0.003066}}
{"target": -17.67720457076594, "params": {"gamma": 578.1022782530075, "log10_alpha": -1.1518488637457036, "log10_colsample_bytree": -0.5524167566464546, "log10_eta": -3.7626720379762792, "log10_lambda": -1.313040650778337, "log10_min_child_weight": 2.5265565837802946, "log10_subsample": -0.6510733636042496, "max_depth": 5.0, "num_boost_round": 2.0}, "datetime": {"datetime": "2024-01-19 00:42:19", "elapsed": 1837.198465, "delta": 0.002574}}
{"target": -17.677203029885387, "params": {"gamma": 578.1022782530075, "log10_alpha": -1.1518488637457036, "log10_colsample_bytree": -0.5524167566464546, "log10_eta": -3.7626720379762792, "log10_lambda": -1.313040650778337, "log10_min_child_weight": 2.5265565837802946, "log10_subsample": -0.6510733636042496, "max_depth": 5.0, "num_boost_round": 3.0}, "datetime": {"datetime": "2024-01-19 00:42:19", "elapsed": 1837.200746, "delta": 0.002281}}
{"target": -17.677196964206416, "params": {"gamma": 578.1022782530075, "log10_alpha": -1.1518488637457036, "log10_colsample_bytree": -0.5524167566464546, "log10_eta": -3.7626720379762792, "log10_lambda": -1.313040650778337, "log10_min_child_weight": 2.5265565837802946, "log10_subsample": -0.6510733636042496, "max_depth": 5.0, "num_boost_round": 4.0}, "datetime": {"datetime": "2024-01-19 00:42:19", "elapsed": 1837.203067, "delta": 0.002321}}
{"target": -17.67719278291866, "params": {"gamma": 578.1022782530075, "log10_alpha": -1.1518488637457036, "log10_colsample_bytree": -0.5524167566464546, "log10_eta": -3.7626720379762792, "log10_lambda": -1.313040650778337, "log10_min_child_weight": 2.5265565837802946, "log10_subsample": -0.6510733636042496, "max_depth": 5.0, "num_boost_round": 5.0}, "datetime": {"datetime": "2024-01-19 00:42:19", "elapsed": 1837.205296, "delta": 0.002229}}
{"target": -17.677186057482892, "params": {"gamma": 578.1022782530075, "log10_alpha": -1.1518488637457036, "log10_colsample_bytree": -0.5524167566464546, "log10_eta": -3.7626720379762792, "log10_lambda": -1.313040650778337, "log10_min_child_weight": 2.5265565837802946, "log10_subsample": -0.6510733636042496, "max_depth": 5.0, "num_boost_round": 6.0}, "datetime": {"datetime": "2024-01-19 00:42:19", "elapsed": 1837.207506, "delta": 0.00221}}
{"target": -17.677178502426724, "params": {"gamma": 578.1022782530075, "log10_alpha": -1.1518488637457036, "log10_colsample_bytree": -0.5524167566464546, "log10_eta": -3.7626720379762792, "log10_lambda": -1.313040650778337, "log10_min_child_weight": 2.5265565837802946, "log10_subsample": -0.6510733636042496, "max_depth": 5.0, "num_boost_round": 7.0}, "datetime": {"datetime": "2024-01-19 00:42:19", "elapsed": 1837.209867, "delta": 0.002361}}
{"target": -17.677174175417807, "params": {"gamma": 578.1022782530075, "log10_alpha": -1.1518488637457036, "log10_colsample_bytree": -0.5524167566464546, "log10_eta": -3.7626720379762792, "log10_lambda": -1.313040650778337, "log10_min_child_weight": 2.5265565837802946, "log10_subsample": -0.6510733636042496, "max_depth": 5.0, "num_boost_round": 8.0}, "datetime": {"datetime": "2024-01-19 00:42:19", "elapsed": 1837.212099, "delta": 0.002232}}
{"target": -17.67716245877489, "params": {"gamma": 578.1022782530075, "log10_alpha": -1.1518488637457036, "log10_colsample_bytree": -0.5524167566464546, "log10_eta": -3.7626720379762792, "log10_lambda": -1.313040650778337, "log10_min_child_weight": 2.5265565837802946, "log10_subsample": -0.6510733636042496, "max_depth": 5.0, "num_boost_round": 9.0}, "datetime": {"datetime": "2024-01-19 00:42:19", "elapsed": 1837.214367, "delta": 0.002268}}
{"target": -17.677183375578917, "params": {"gamma": 598.9213740723058, "log10_alpha": -2.9555061131679823, "log10_colsample_bytree": -0.25761301166600525, "log10_eta": -2.73233135305814, "log10_lambda": -0.37344459780507844, "log10_min_child_weight": 2.424181860738778, "log10_subsample": -0.44858930016084986, "max_depth": 2.0, "num_boost_round": 0.0}, "datetime": {"datetime": "2024-01-19 00:42:46", "elapsed": 1864.244337, "delta": 27.02997}}
{"target": -17.67713473960267, "params": {"gamma": 598.9213740723058, "log10_alpha": -2.9555061131679823, "log10_colsample_bytree": -0.25761301166600525, "log10_eta": -2.73233135305814, "log10_lambda": -0.37344459780507844, "log10_min_child_weight": 2.424181860738778, "log10_subsample": -0.44858930016084986, "max_depth": 2.0, "num_boost_round": 1.0}, "datetime": {"datetime": "2024-01-19 00:42:46", "elapsed": 1864.247031, "delta": 0.002694}}
{"target": -17.677080283200436, "params": {"gamma": 598.9213740723058, "log10_alpha": -2.9555061131679823, "log10_colsample_bytree": -0.25761301166600525, "log10_eta": -2.73233135305814, "log10_lambda": -0.37344459780507844, "log10_min_child_weight": 2.424181860738778, "log10_subsample": -0.44858930016084986, "max_depth": 2.0, "num_boost_round": 2.0}, "datetime": {"datetime": "2024-01-19 00:42:46", "elapsed": 1864.249902, "delta": 0.002871}}
{"target": -17.677097115707177, "params": {"gamma": 598.9213740723058, "log10_alpha": -2.9555061131679823, "log10_colsample_bytree": -0.25761301166600525, "log10_eta": -2.73233135305814, "log10_lambda": -0.37344459780507844, "log10_min_child_weight": 2.424181860738778, "log10_subsample": -0.44858930016084986, "max_depth": 2.0, "num_boost_round": 3.0}, "datetime": {"datetime": "2024-01-19 00:42:46", "elapsed": 1864.252316, "delta": 0.002414}}
{"target": -17.677053893928672, "params": {"gamma": 598.9213740723058, "log10_alpha": -2.9555061131679823, "log10_colsample_bytree": -0.25761301166600525, "log10_eta": -2.73233135305814, "log10_lambda": -0.37344459780507844, "log10_min_child_weight": 2.424181860738778, "log10_subsample": -0.44858930016084986, "max_depth": 2.0, "num_boost_round": 4.0}, "datetime": {"datetime": "2024-01-19 00:42:46", "elapsed": 1864.254584, "delta": 0.002268}}
{"target": -17.677018862386028, "params": {"gamma": 598.9213740723058, "log10_alpha": -2.9555061131679823, "log10_colsample_bytree": -0.25761301166600525, "log10_eta": -2.73233135305814, "log10_lambda": -0.37344459780507844, "log10_min_child_weight": 2.424181860738778, "log10_subsample": -0.44858930016084986, "max_depth": 2.0, "num_boost_round": 5.0}, "datetime": {"datetime": "2024-01-19 00:42:46", "elapsed": 1864.256867, "delta": 0.002283}}
{"target": -17.676949350293032, "params": {"gamma": 598.9213740723058, "log10_alpha": -2.9555061131679823, "log10_colsample_bytree": -0.25761301166600525, "log10_eta": -2.73233135305814, "log10_lambda": -0.37344459780507844, "log10_min_child_weight": 2.424181860738778, "log10_subsample": -0.44858930016084986, "max_depth": 2.0, "num_boost_round": 6.0}, "datetime": {"datetime": "2024-01-19 00:42:46", "elapsed": 1864.259118, "delta": 0.002251}}
{"target": -17.676896214176818, "params": {"gamma": 598.9213740723058, "log10_alpha": -2.9555061131679823, "log10_colsample_bytree": -0.25761301166600525, "log10_eta": -2.73233135305814, "log10_lambda": -0.37344459780507844, "log10_min_child_weight": 2.424181860738778, "log10_subsample": -0.44858930016084986, "max_depth": 2.0, "num_boost_round": 7.0}, "datetime": {"datetime": "2024-01-19 00:42:46", "elapsed": 1864.261449, "delta": 0.002331}}
{"target": -17.676845796757664, "params": {"gamma": 598.9213740723058, "log10_alpha": -2.9555061131679823, "log10_colsample_bytree": -0.25761301166600525, "log10_eta": -2.73233135305814, "log10_lambda": -0.37344459780507844, "log10_min_child_weight": 2.424181860738778, "log10_subsample": -0.44858930016084986, "max_depth": 2.0, "num_boost_round": 8.0}, "datetime": {"datetime": "2024-01-19 00:42:46", "elapsed": 1864.263715, "delta": 0.002266}}
{"target": -17.676809458695015, "params": {"gamma": 598.9213740723058, "log10_alpha": -2.9555061131679823, "log10_colsample_bytree": -0.25761301166600525, "log10_eta": -2.73233135305814, "log10_lambda": -0.37344459780507844, "log10_min_child_weight": 2.424181860738778, "log10_subsample": -0.44858930016084986, "max_depth": 2.0, "num_boost_round": 9.0}, "datetime": {"datetime": "2024-01-19 00:42:46", "elapsed": 1864.265956, "delta": 0.002241}}
{"target": -17.67675729879928, "params": {"gamma": 598.9213740723058, "log10_alpha": -2.9555061131679823, "log10_colsample_bytree": -0.25761301166600525, "log10_eta": -2.73233135305814, "log10_lambda": -0.37344459780507844, "log10_min_child_weight": 2.424181860738778, "log10_subsample": -0.44858930016084986, "max_depth": 2.0, "num_boost_round": 10.0}, "datetime": {"datetime": "2024-01-19 00:42:46", "elapsed": 1864.268202, "delta": 0.002246}}
{"target": -17.676719361112177, "params": {"gamma": 598.9213740723058, "log10_alpha": -2.9555061131679823, "log10_colsample_bytree": -0.25761301166600525, "log10_eta": -2.73233135305814, "log10_lambda": -0.37344459780507844, "log10_min_child_weight": 2.424181860738778, "log10_subsample": -0.44858930016084986, "max_depth": 2.0, "num_boost_round": 11.0}, "datetime": {"datetime": "2024-01-19 00:42:46", "elapsed": 1864.270547, "delta": 0.002345}}
{"target": -17.67666975172073, "params": {"gamma": 598.9213740723058, "log10_alpha": -2.9555061131679823, "log10_colsample_bytree": -0.25761301166600525, "log10_eta": -2.73233135305814, "log10_lambda": -0.37344459780507844, "log10_min_child_weight": 2.424181860738778, "log10_subsample": -0.44858930016084986, "max_depth": 2.0, "num_boost_round": 12.0}, "datetime": {"datetime": "2024-01-19 00:42:46", "elapsed": 1864.27283, "delta": 0.002283}}
{"target": -17.676620078711064, "params": {"gamma": 598.9213740723058, "log10_alpha": -2.9555061131679823, "log10_colsample_bytree": -0.25761301166600525, "log10_eta": -2.73233135305814, "log10_lambda": -0.37344459780507844, "log10_min_child_weight": 2.424181860738778, "log10_subsample": -0.44858930016084986, "max_depth": 2.0, "num_boost_round": 13.0}, "datetime": {"datetime": "2024-01-19 00:42:46", "elapsed": 1864.275077, "delta": 0.002247}}
{"target": -17.676566814119763, "params": {"gamma": 598.9213740723058, "log10_alpha": -2.9555061131679823, "log10_colsample_bytree": -0.25761301166600525, "log10_eta": -2.73233135305814, "log10_lambda": -0.37344459780507844, "log10_min_child_weight": 2.424181860738778, "log10_subsample": -0.44858930016084986, "max_depth": 2.0, "num_boost_round": 14.0}, "datetime": {"datetime": "2024-01-19 00:42:46", "elapsed": 1864.277335, "delta": 0.002258}}
{"target": -17.67653154585907, "params": {"gamma": 598.9213740723058, "log10_alpha": -2.9555061131679823, "log10_colsample_bytree": -0.25761301166600525, "log10_eta": -2.73233135305814, "log10_lambda": -0.37344459780507844, "log10_min_child_weight": 2.424181860738778, "log10_subsample": -0.44858930016084986, "max_depth": 2.0, "num_boost_round": 15.0}, "datetime": {"datetime": "2024-01-19 00:42:46", "elapsed": 1864.279585, "delta": 0.00225}}
{"target": -17.67717745585237, "params": {"gamma": 600.5071416545871, "log10_alpha": -4.664219361183347, "log10_colsample_bytree": -0.2794214582432172, "log10_eta": -2.8144632090795554, "log10_lambda": -3.7221400173521935, "log10_min_child_weight": 2.155564495859074, "log10_subsample": -0.5714976929161304, "max_depth": 6.0, "num_boost_round": 0.0}, "datetime": {"datetime": "2024-01-19 00:43:13", "elapsed": 1890.442551, "delta": 26.162966}}
{"target": -17.67710405756877, "params": {"gamma": 600.5071416545871, "log10_alpha": -4.664219361183347, "log10_colsample_bytree": -0.2794214582432172, "log10_eta": -2.8144632090795554, "log10_lambda": -3.7221400173521935, "log10_min_child_weight": 2.155564495859074, "log10_subsample": -0.5714976929161304, "max_depth": 6.0, "num_boost_round": 1.0}, "datetime": {"datetime": "2024-01-19 00:43:13", "elapsed": 1890.445761, "delta": 0.00321}}
{"target": -17.677013549344522, "params": {"gamma": 600.5071416545871, "log10_alpha": -4.664219361183347, "log10_colsample_bytree": -0.2794214582432172, "log10_eta": -2.8144632090795554, "log10_lambda": -3.7221400173521935, "log10_min_child_weight": 2.155564495859074, "log10_subsample": -0.5714976929161304, "max_depth": 6.0, "num_boost_round": 2.0}, "datetime": {"datetime": "2024-01-19 00:43:13", "elapsed": 1890.448054, "delta": 0.002293}}
{"target": -17.677062796292464, "params": {"gamma": 600.5071416545871, "log10_alpha": -4.664219361183347, "log10_colsample_bytree": -0.2794214582432172, "log10_eta": -2.8144632090795554, "log10_lambda": -3.7221400173521935, "log10_min_child_weight": 2.155564495859074, "log10_subsample": -0.5714976929161304, "max_depth": 6.0, "num_boost_round": 3.0}, "datetime": {"datetime": "2024-01-19 00:43:13", "elapsed": 1890.450464, "delta": 0.00241}}
{"target": -17.677037554538757, "params": {"gamma": 600.5071416545871, "log10_alpha": -4.664219361183347, "log10_colsample_bytree": -0.2794214582432172, "log10_eta": -2.8144632090795554, "log10_lambda": -3.7221400173521935, "log10_min_child_weight": 2.155564495859074, "log10_subsample": -0.5714976929161304, "max_depth": 6.0, "num_boost_round": 4.0}, "datetime": {"datetime": "2024-01-19 00:43:13", "elapsed": 1890.452893, "delta": 0.002429}}
