{"target": -13.758452858962308, "params": {"gamma": 888.7451688317215, "log10_alpha": 0.2372979328158662, "log10_colsample_bytree": -0.39350608277937493, "log10_eta": -3.271496132166119, "log10_lambda": -3.5544614759943984, "log10_min_child_weight": 3.1763390886225578, "log10_subsample": -0.09834549969902429, "max_depth": 5.0, "num_boost_round": 15.0}, "datetime": {"datetime": "2024-01-19 00:20:45", "elapsed": 549.970998, "delta": 0.001124}}
{"target": -13.758449751344248, "params": {"gamma": 888.7451688317215, "log10_alpha": 0.2372979328158662, "log10_colsample_bytree": -0.39350608277937493, "log10_eta": -3.271496132166119, "log10_lambda": -3.5544614759943984, "log10_min_child_weight": 3.1763390886225578, "log10_subsample": -0.09834549969902429, "max_depth": 5.0, "num_boost_round": 16.0}, "datetime": {"datetime": "2024-01-19 00:20:45", "elapsed": 549.972138, "delta": 0.00114}}
{"target": -13.758448433110154, "params": {"gamma": 888.7451688317215, "log10_alpha": 0.2372979328158662, "log10_colsample_bytree": -0.39350608277937493, "log10_eta": -3.271496132166119, "log10_lambda": -3.5544614759943984, "log10_min_child_weight": 3.1763390886225578, "log10_subsample": -0.09834549969902429, "max_depth": 5.0, "num_boost_round": 17.0}, "datetime": {"datetime": "2024-01-19 00:20:45", "elapsed": 549.973282, "delta": 0.001144}}
{"target": -13.758434266381949, "params": {"gamma": 888.7451688317215, "log10_alpha": 0.2372979328158662, "log10_colsample_bytree": -0.39350608277937493, "log10_eta": -3.271496132166119, "log10_lambda": -3.5544614759943984, "log10_min_child_weight": 3.1763390886225578, "log10_subsample": -0.09834549969902429, "max_depth": 5.0, "num_boost_round": 18.0}, "datetime": {"datetime": "2024-01-19 00:20:45", "elapsed": 549.974409, "delta": 0.001127}}
{"target": -13.758428447672701, "params": {"gamma": 888.7451688317215, "log10_alpha": 0.2372979328158662, "log10_colsample_bytree": -0.39350608277937493, "log10_eta": -3.271496132166119, "log10_lambda": -3.5544614759943984, "log10_min_child_weight": 3.1763390886225578, "log10_subsample": -0.09834549969902429, "max_depth": 5.0, "num_boost_round": 19.0}, "datetime": {"datetime": "2024-01-19 00:20:45", "elapsed": 549.975536, "delta": 0.001127}}
{"target": -13.758415362558683, "params": {"gamma": 888.7451688317215, "log10_alpha": 0.2372979328158662, "log10_colsample_bytree": -0.39350608277937493, "log10_eta": -3.271496132166119, "log10_lambda": -3.5544614759943984, "log10_min_child_weight": 3.1763390886225578, "log10_subsample": -0.09834549969902429, "max_depth": 5.0, "num_boost_round": 20.0}, "datetime": {"datetime": "2024-01-19 00:20:45", "elapsed": 549.976665, "delta": 0.001129}}
{"target": -13.758417397432014, "params": {"gamma": 888.7451688317215, "log10_alpha": 0.2372979328158662, "log10_colsample_bytree": -0.39350608277937493, "log10_eta": -3.271496132166119, "log10_lambda": -3.5544614759943984, "log10_min_child_weight": 3.1763390886225578, "log10_subsample": -0.09834549969902429, "max_depth": 5.0, "num_boost_round": 21.0}, "datetime": {"datetime": "2024-01-19 00:20:45", "elapsed": 549.977801, "delta": 0.001136}}
{"target": -13.758412964326935, "params": {"gamma": 888.7451688317215, "log10_alpha": 0.2372979328158662, "log10_colsample_bytree": -0.39350608277937493, "log10_eta": -3.271496132166119, "log10_lambda": -3.5544614759943984, "log10_min_child_weight": 3.1763390886225578, "log10_subsample": -0.09834549969902429, "max_depth": 5.0, "num_boost_round": 22.0}, "datetime": {"datetime": "2024-01-19 00:20:45", "elapsed": 549.978946, "delta": 0.001145}}
{"target": -13.758404298684752, "params": {"gamma": 888.7451688317215, "log10_alpha": 0.2372979328158662, "log10_colsample_bytree": -0.39350608277937493, "log10_eta": -3.271496132166119, "log10_lambda": -3.5544614759943984, "log10_min_child_weight": 3.1763390886225578, "log10_subsample": -0.09834549969902429, "max_depth": 5.0, "num_boost_round": 23.0}, "datetime": {"datetime": "2024-01-19 00:20:45", "elapsed": 549.980079, "delta": 0.001133}}
{"target": -13.758393343001371, "params": {"gamma": 888.7451688317215, "log10_alpha": 0.2372979328158662, "log10_colsample_bytree": -0.39350608277937493, "log10_eta": -3.271496132166119, "log10_lambda": -3.5544614759943984, "log10_min_child_weight": 3.1763390886225578, "log10_subsample": -0.09834549969902429, "max_depth": 5.0, "num_boost_round": 24.0}, "datetime": {"datetime": "2024-01-19 00:20:45", "elapsed": 549.981197, "delta": 0.001118}}
{"target": -13.758387384058256, "params": {"gamma": 888.7451688317215, "log10_alpha": 0.2372979328158662, "log10_colsample_bytree": -0.39350608277937493, "log10_eta": -3.271496132166119, "log10_lambda": -3.5544614759943984, "log10_min_child_weight": 3.1763390886225578, "log10_subsample": -0.09834549969902429, "max_depth": 5.0, "num_boost_round": 25.0}, "datetime": {"datetime": "2024-01-19 00:20:45", "elapsed": 549.982328, "delta": 0.001131}}
{"target": -13.758383352401207, "params": {"gamma": 888.7451688317215, "log10_alpha": 0.2372979328158662, "log10_colsample_bytree": -0.39350608277937493, "log10_eta": -3.271496132166119, "log10_lambda": -3.5544614759943984, "log10_min_child_weight": 3.1763390886225578, "log10_subsample": -0.09834549969902429, "max_depth": 5.0, "num_boost_round": 26.0}, "datetime": {"datetime": "2024-01-19 00:20:45", "elapsed": 549.983461, "delta": 0.001133}}
{"target": -13.758379924561767, "params": {"gamma": 888.7451688317215, "log10_alpha": 0.2372979328158662, "log10_colsample_bytree": -0.39350608277937493, "log10_eta": -3.271496132166119, "log10_lambda": -3.5544614759943984, "log10_min_child_weight": 3.1763390886225578, "log10_subsample": -0.09834549969902429, "max_depth": 5.0, "num_boost_round": 27.0}, "datetime": {"datetime": "2024-01-19 00:20:45", "elapsed": 549.984608, "delta": 0.001147}}
{"target": -13.758375082535556, "params": {"gamma": 888.7451688317215, "log10_alpha": 0.2372979328158662, "log10_colsample_bytree": -0.39350608277937493, "log10_eta": -3.271496132166119, "log10_lambda": -3.5544614759943984, "log10_min_child_weight": 3.1763390886225578, "log10_subsample": -0.09834549969902429, "max_depth": 5.0, "num_boost_round": 28.0}, "datetime": {"datetime": "2024-01-19 00:20:45", "elapsed": 549.985744, "delta": 0.001136}}
{"target": -13.758359943926056, "params": {"gamma": 888.7451688317215, "log10_alpha": 0.2372979328158662, "log10_colsample_bytree": -0.39350608277937493, "log10_eta": -3.271496132166119, "log10_lambda": -3.5544614759943984, "log10_min_child_weight": 3.1763390886225578, "log10_subsample": -0.09834549969902429, "max_depth": 5.0, "num_boost_round": 29.0}, "datetime": {"datetime": "2024-01-19 00:20:45", "elapsed": 549.986902, "delta": 0.001158}}
{"target": -13.758359354473159, "params": {"gamma": 888.7451688317215, "log10_alpha": 0.2372979328158662, "log10_colsample_bytree": -0.39350608277937493, "log10_eta": -3.271496132166119, "log10_lambda": -3.5544614759943984, "log10_min_child_weight": 3.1763390886225578, "log10_subsample": -0.09834549969902429, "max_depth": 5.0, "num_boost_round": 30.0}, "datetime": {"datetime": "2024-01-19 00:20:45", "elapsed": 549.988039, "delta": 0.001137}}
{"target": -13.758351363628488, "params": {"gamma": 888.7451688317215, "log10_alpha": 0.2372979328158662, "log10_colsample_bytree": -0.39350608277937493, "log10_eta": -3.271496132166119, "log10_lambda": -3.5544614759943984, "log10_min_child_weight": 3.1763390886225578, "log10_subsample": -0.09834549969902429, "max_depth": 5.0, "num_boost_round": 31.0}, "datetime": {"datetime": "2024-01-19 00:20:45", "elapsed": 549.989165, "delta": 0.001126}}
{"target": -13.758355609827705, "params": {"gamma": 888.7451688317215, "log10_alpha": 0.2372979328158662, "log10_colsample_bytree": -0.39350608277937493, "log10_eta": -3.271496132166119, "log10_lambda": -3.5544614759943984, "log10_min_child_weight": 3.1763390886225578, "log10_subsample": -0.09834549969902429, "max_depth": 5.0, "num_boost_round": 32.0}, "datetime": {"datetime": "2024-01-19 00:20:45", "elapsed": 549.990316, "delta": 0.001151}}
{"target": -13.758356516977498, "params": {"gamma": 888.7451688317215, "log10_alpha": 0.2372979328158662, "log10_colsample_bytree": -0.39350608277937493, "log10_eta": -3.271496132166119, "log10_lambda": -3.5544614759943984, "log10_min_child_weight": 3.1763390886225578, "log10_subsample": -0.09834549969902429, "max_depth": 5.0, "num_boost_round": 33.0}, "datetime": {"datetime": "2024-01-19 00:20:45", "elapsed": 549.991481, "delta": 0.001165}}
{"target": -13.758355944629237, "params": {"gamma": 888.7451688317215, "log10_alpha": 0.2372979328158662, "log10_colsample_bytree": -0.39350608277937493, "log10_eta": -3.271496132166119, "log10_lambda": -3.5544614759943984, "log10_min_child_weight": 3.1763390886225578, "log10_subsample": -0.09834549969902429, "max_depth": 5.0, "num_boost_round": 34.0}, "datetime": {"datetime": "2024-01-19 00:20:45", "elapsed": 549.992634, "delta": 0.001153}}
{"target": -13.75834901091276, "params": {"gamma": 888.7451688317215, "log10_alpha": 0.2372979328158662, "log10_colsample_bytree": -0.39350608277937493, "log10_eta": -3.271496132166119, "log10_lambda": -3.5544614759943984, "log10_min_child_weight": 3.1763390886225578, "log10_subsample": -0.09834549969902429, "max_depth": 5.0, "num_boost_round": 35.0}, "datetime": {"datetime": "2024-01-19 00:20:45", "elapsed": 549.994423, "delta": 0.001789}}
{"target": -13.758342335508909, "params": {"gamma": 888.7451688317215, "log10_alpha": 0.2372979328158662, "log10_colsample_bytree": -0.39350608277937493, "log10_eta": -3.271496132166119, "log10_lambda": -3.5544614759943984, "log10_min_child_weight": 3.1763390886225578, "log10_subsample": -0.09834549969902429, "max_depth": 5.0, "num_boost_round": 36.0}, "datetime": {"datetime": "2024-01-19 00:20:45", "elapsed": 549.995563, "delta": 0.00114}}
{"target": -13.758334579972951, "params": {"gamma": 888.7451688317215, "log10_alpha": 0.2372979328158662, "log10_colsample_bytree": -0.39350608277937493, "log10_eta": -3.271496132166119, "log10_lambda": -3.5544614759943984, "log10_min_child_weight": 3.1763390886225578, "log10_subsample": -0.09834549969902429, "max_depth": 5.0, "num_boost_round": 37.0}, "datetime": {"datetime": "2024-01-19 00:20:45", "elapsed": 549.997601, "delta": 0.002038}}
{"target": -13.758330748436075, "params": {"gamma": 888.7451688317215, "log10_alpha": 0.2372979328158662, "log10_colsample_bytree": -0.39350608277937493, "log10_eta": -3.271496132166119, "log10_lambda": -3.5544614759943984, "log10_min_child_weight": 3.1763390886225578, "log10_subsample": -0.09834549969902429, "max_depth": 5.0, "num_boost_round": 38.0}, "datetime": {"datetime": "2024-01-19 00:20:45", "elapsed": 549.999219, "delta": 0.001618}}
{"target": -13.758312934755088, "params": {"gamma": 888.7451688317215, "log10_alpha": 0.2372979328158662, "log10_colsample_bytree": -0.39350608277937493, "log10_eta": -3.271496132166119, "log10_lambda": -3.5544614759943984, "log10_min_child_weight": 3.1763390886225578, "log10_subsample": -0.09834549969902429, "max_depth": 5.0, "num_boost_round": 39.0}, "datetime": {"datetime": "2024-01-19 00:20:45", "elapsed": 550.000544, "delta": 0.001325}}
{"target": -13.758312565598706, "params": {"gamma": 888.7451688317215, "log10_alpha": 0.2372979328158662, "log10_colsample_bytree": -0.39350608277937493, "log10_eta": -3.271496132166119, "log10_lambda": -3.5544614759943984, "log10_min_child_weight": 3.1763390886225578, "log10_subsample": -0.09834549969902429, "max_depth": 5.0, "num_boost_round": 40.0}, "datetime": {"datetime": "2024-01-19 00:20:45", "elapsed": 550.001649, "delta": 0.001105}}
{"target": -13.758298999941127, "params": {"gamma": 888.7451688317215, "log10_alpha": 0.2372979328158662, "log10_colsample_bytree": -0.39350608277937493, "log10_eta": -3.271496132166119, "log10_lambda": -3.5544614759943984, "log10_min_child_weight": 3.1763390886225578, "log10_subsample": -0.09834549969902429, "max_depth": 5.0, "num_boost_round": 41.0}, "datetime": {"datetime": "2024-01-19 00:20:45", "elapsed": 550.002889, "delta": 0.00124}}
{"target": -13.758287594065287, "params": {"gamma": 888.7451688317215, "log10_alpha": 0.2372979328158662, "log10_colsample_bytree": -0.39350608277937493, "log10_eta": -3.271496132166119, "log10_lambda": -3.5544614759943984, "log10_min_child_weight": 3.1763390886225578, "log10_subsample": -0.09834549969902429, "max_depth": 5.0, "num_boost_round": 42.0}, "datetime": {"datetime": "2024-01-19 00:20:45", "elapsed": 550.003996, "delta": 0.001107}}
{"target": -13.758284022960465, "params": {"gamma": 888.7451688317215, "log10_alpha": 0.2372979328158662, "log10_colsample_bytree": -0.39350608277937493, "log10_eta": -3.271496132166119, "log10_lambda": -3.5544614759943984, "log10_min_child_weight": 3.1763390886225578, "log10_subsample": -0.09834549969902429, "max_depth": 5.0, "num_boost_round": 43.0}, "datetime": {"datetime": "2024-01-19 00:20:45", "elapsed": 550.005108, "delta": 0.001112}}
{"target": -13.75828186387915, "params": {"gamma": 888.7451688317215, "log10_alpha": 0.2372979328158662, "log10_colsample_bytree": -0.39350608277937493, "log10_eta": -3.271496132166119, "log10_lambda": -3.5544614759943984, "log10_min_child_weight": 3.1763390886225578, "log10_subsample": -0.09834549969902429, "max_depth": 5.0, "num_boost_round": 44.0}, "datetime": {"datetime": "2024-01-19 00:20:45", "elapsed": 550.006209, "delta": 0.001101}}
{"target": -13.758285440924048, "params": {"gamma": 888.7451688317215, "log10_alpha": 0.2372979328158662, "log10_colsample_bytree": -0.39350608277937493, "log10_eta": -3.271496132166119, "log10_lambda": -3.5544614759943984, "log10_min_child_weight": 3.1763390886225578, "log10_subsample": -0.09834549969902429, "max_depth": 5.0, "num_boost_round": 45.0}, "datetime": {"datetime": "2024-01-19 00:20:45", "elapsed": 550.007316, "delta": 0.001107}}
{"target": -13.75827812087729, "params": {"gamma": 888.7451688317215, "log10_alpha": 0.2372979328158662, "log10_colsample_bytree": -0.39350608277937493, "log10_eta": -3.271496132166119, "log10_lambda": -3.5544614759943984, "log10_min_child_weight": 3.1763390886225578, "log10_subsample": -0.09834549969902429, "max_depth": 5.0, "num_boost_round": 46.0}, "datetime": {"datetime": "2024-01-19 00:20:45", "elapsed": 550.008412, "delta": 0.001096}}
{"target": -13.758262079131804, "params": {"gamma": 888.7451688317215, "log10_alpha": 0.2372979328158662, "log10_colsample_bytree": -0.39350608277937493, "log10_eta": -3.271496132166119, "log10_lambda": -3.5544614759943984, "log10_min_child_weight": 3.1763390886225578, "log10_subsample": -0.09834549969902429, "max_depth": 5.0, "num_boost_round": 47.0}, "datetime": {"datetime": "2024-01-19 00:20:45", "elapsed": 550.00953, "delta": 0.001118}}
{"target": -13.758261659345935, "params": {"gamma": 888.7451688317215, "log10_alpha": 0.2372979328158662, "log10_colsample_bytree": -0.39350608277937493, "log10_eta": -3.271496132166119, "log10_lambda": -3.5544614759943984, "log10_min_child_weight": 3.1763390886225578, "log10_subsample": -0.09834549969902429, "max_depth": 5.0, "num_boost_round": 48.0}, "datetime": {"datetime": "2024-01-19 00:20:45", "elapsed": 550.010653, "delta": 0.001123}}
{"target": -13.758534373207054, "params": {"gamma": 886.3235858045451, "log10_alpha": -0.1839351862191032, "log10_colsample_bytree": -0.6856560497019256, "log10_eta": -3.4057750501234465, "log10_lambda": -2.203673599601038, "log10_min_child_weight": 4.307152744708155, "log10_subsample": -0.44209337039408214, "max_depth": 9.0, "num_boost_round": 0.0}, "datetime": {"datetime": "2024-01-19 00:21:25", "elapsed": 590.235168, "delta": 40.224515}}
{"target": -13.758534625151546, "params": {"gamma": 886.3235858045451, "log10_alpha": -0.1839351862191032, "log10_colsample_bytree": -0.6856560497019256, "log10_eta": -3.4057750501234465, "log10_lambda": -2.203673599601038, "log10_min_child_weight": 4.307152744708155, "log10_subsample": -0.44209337039408214, "max_depth": 9.0, "num_boost_round": 1.0}, "datetime": {"datetime": "2024-01-19 00:21:25", "elapsed": 590.236435, "delta": 0.001267}}
{"target": -13.758533112340416, "params": {"gamma": 886.3235858045451, "log10_alpha": -0.1839351862191032, "log10_colsample_bytree": -0.6856560497019256, "log10_eta": -3.4057750501234465, "log10_lambda": -2.203673599601038, "log10_min_child_weight": 4.307152744708155, "log10_subsample": -0.44209337039408214, "max_depth": 9.0, "num_boost_round": 2.0}, "datetime": {"datetime": "2024-01-19 00:21:25", "elapsed": 590.237598, "delta": 0.001163}}
{"target": -13.758528324912485, "params": {"gamma": 886.3235858045451, "log10_alpha": -0.1839351862191032, "log10_colsample_bytree": -0.6856560497019256, "log10_eta": -3.4057750501234465, "log10_lambda": -2.203673599601038, "log10_min_child_weight": 4.307152744708155, "log10_subsample": -0.44209337039408214, "max_depth": 9.0, "num_boost_round": 3.0}, "datetime": {"datetime": "2024-01-19 00:21:25", "elapsed": 590.238731, "delta": 0.001133}}
{"target": -13.758529528277, "params": {"gamma": 886.3235858045451, "log10_alpha": -0.1839351862191032, "log10_colsample_bytree": -0.6856560497019256, "log10_eta": -3.4057750501234465, "log10_lambda": -2.203673599601038, "log10_min_child_weight": 4.307152744708155, "log10_subsample": -0.44209337039408214, "max_depth": 9.0, "num_boost_round": 4.0}, "datetime": {"datetime": "2024-01-19 00:21:25", "elapsed": 590.240054, "delta": 0.001323}}
{"target": -13.75852625894081, "params": {"gamma": 886.3235858045451, "log10_alpha": -0.1839351862191032, "log10_colsample_bytree": -0.6856560497019256, "log10_eta": -3.4057750501234465, "log10_lambda": -2.203673599601038, "log10_min_child_weight": 4.307152744708155, "log10_subsample": -0.44209337039408214, "max_depth": 9.0, "num_boost_round": 5.0}, "datetime": {"datetime": "2024-01-19 00:21:25", "elapsed": 590.241478, "delta": 0.001424}}
{"target": -13.75853081357258, "params": {"gamma": 886.3235858045451, "log10_alpha": -0.1839351862191032, "log10_colsample_bytree": -0.6856560497019256, "log10_eta": -3.4057750501234465, "log10_lambda": -2.203673599601038, "log10_min_child_weight": 4.307152744708155, "log10_subsample": -0.44209337039408214, "max_depth": 9.0, "num_boost_round": 6.0}, "datetime": {"datetime": "2024-01-19 00:21:25", "elapsed": 590.242805, "delta": 0.001327}}
{"target": -13.758528373618855, "params": {"gamma": 886.3235858045451, "log10_alpha": -0.1839351862191032, "log10_colsample_bytree": -0.6856560497019256, "log10_eta": -3.4057750501234465, "log10_lambda": -2.203673599601038, "log10_min_child_weight": 4.307152744708155, "log10_subsample": -0.44209337039408214, "max_depth": 9.0, "num_boost_round": 7.0}, "datetime": {"datetime": "2024-01-19 00:21:25", "elapsed": 590.244004, "delta": 0.001199}}
{"target": -13.758526105547388, "params": {"gamma": 886.3235858045451, "log10_alpha": -0.1839351862191032, "log10_colsample_bytree": -0.6856560497019256, "log10_eta": -3.4057750501234465, "log10_lambda": -2.203673599601038, "log10_min_child_weight": 4.307152744708155, "log10_subsample": -0.44209337039408214, "max_depth": 9.0, "num_boost_round": 8.0}, "datetime": {"datetime": "2024-01-19 00:21:25", "elapsed": 590.245139, "delta": 0.001135}}
{"target": -13.758527858286325, "params": {"gamma": 886.3235858045451, "log10_alpha": -0.1839351862191032, "log10_colsample_bytree": -0.6856560497019256, "log10_eta": -3.4057750501234465, "log10_lambda": -2.203673599601038, "log10_min_child_weight": 4.307152744708155, "log10_subsample": -0.44209337039408214, "max_depth": 9.0, "num_boost_round": 9.0}, "datetime": {"datetime": "2024-01-19 00:21:25", "elapsed": 590.246276, "delta": 0.001137}}
{"target": -13.75852324627409, "params": {"gamma": 886.3235858045451, "log10_alpha": -0.1839351862191032, "log10_colsample_bytree": -0.6856560497019256, "log10_eta": -3.4057750501234465, "log10_lambda": -2.203673599601038, "log10_min_child_weight": 4.307152744708155, "log10_subsample": -0.44209337039408214, "max_depth": 9.0, "num_boost_round": 10.0}, "datetime": {"datetime": "2024-01-19 00:21:25", "elapsed": 590.247402, "delta": 0.001126}}
{"target": -13.758520677332081, "params": {"gamma": 886.3235858045451, "log10_alpha": -0.1839351862191032, "log10_colsample_bytree": -0.6856560497019256, "log10_eta": -3.4057750501234465, "log10_lambda": -2.203673599601038, "log10_min_child_weight": 4.307152744708155, "log10_subsample": -0.44209337039408214, "max_depth": 9.0, "num_boost_round": 11.0}, "datetime": {"datetime": "2024-01-19 00:21:25", "elapsed": 590.248717, "delta": 0.001315}}
{"target": -13.758522612447422, "params": {"gamma": 886.3235858045451, "log10_alpha": -0.1839351862191032, "log10_colsample_bytree": -0.6856560497019256, "log10_eta": -3.4057750501234465, "log10_lambda": -2.203673599601038, "log10_min_child_weight": 4.307152744708155, "log10_subsample": -0.44209337039408214, "max_depth": 9.0, "num_boost_round": 12.0}, "datetime": {"datetime": "2024-01-19 00:21:25", "elapsed": 590.249868, "delta": 0.001151}}
{"target": -13.758519784020725, "params": {"gamma": 886.3235858045451, "log10_alpha": -0.1839351862191032, "log10_colsample_bytree": -0.6856560497019256, "log10_eta": -3.4057750501234465, "log10_lambda": -2.203673599601038, "log10_min_child_weight": 4.307152744708155, "log10_subsample": -0.44209337039408214, "max_depth": 9.0, "num_boost_round": 13.0}, "datetime": {"datetime": "2024-01-19 00:21:25", "elapsed": 590.251112, "delta": 0.001244}}
{"target": -13.75851641381632, "params": {"gamma": 886.3235858045451, "log10_alpha": -0.1839351862191032, "log10_colsample_bytree": -0.6856560497019256, "log10_eta": -3.4057750501234465, "log10_lambda": -2.203673599601038, "log10_min_child_weight": 4.307152744708155, "log10_subsample": -0.44209337039408214, "max_depth": 9.0, "num_boost_round": 14.0}, "datetime": {"datetime": "2024-01-19 00:21:25", "elapsed": 590.252367, "delta": 0.001255}}
