{"target": -13.758403748681022, "params": {"gamma": 25.084820526146466, "log10_alpha": -3.5263276194535225, "log10_colsample_bytree": -0.2914179256794487, "log10_eta": -3.1004035880008343, "log10_lambda": -4.504745999292389, "log10_min_child_weight": 0.7260895663974876, "log10_subsample": -0.5273856263865678, "max_depth": 7.0, "num_boost_round": 9.0}, "datetime": {"datetime": "2024-01-19 02:27:48", "elapsed": 8176.504189, "delta": 0.006326}}
{"target": -13.758382180450337, "params": {"gamma": 25.084820526146466, "log10_alpha": -3.5263276194535225, "log10_colsample_bytree": -0.2914179256794487, "log10_eta": -3.1004035880008343, "log10_lambda": -4.504745999292389, "log10_min_child_weight": 0.7260895663974876, "log10_subsample": -0.5273856263865678, "max_depth": 7.0, "num_boost_round": 10.0}, "datetime": {"datetime": "2024-01-19 02:27:48", "elapsed": 8176.510202, "delta": 0.006013}}
{"target": -13.758367740879871, "params": {"gamma": 25.084820526146466, "log10_alpha": -3.5263276194535225, "log10_colsample_bytree": -0.2914179256794487, "log10_eta": -3.1004035880008343, "log10_lambda": -4.504745999292389, "log10_min_child_weight": 0.7260895663974876, "log10_subsample": -0.5273856263865678, "max_depth": 7.0, "num_boost_round": 11.0}, "datetime": {"datetime": "2024-01-19 02:27:48", "elapsed": 8176.516084, "delta": 0.005882}}
{"target": -13.758385535098155, "params": {"gamma": 25.084820526146466, "log10_alpha": -3.5263276194535225, "log10_colsample_bytree": -0.2914179256794487, "log10_eta": -3.1004035880008343, "log10_lambda": -4.504745999292389, "log10_min_child_weight": 0.7260895663974876, "log10_subsample": -0.5273856263865678, "max_depth": 7.0, "num_boost_round": 12.0}, "datetime": {"datetime": "2024-01-19 02:27:48", "elapsed": 8176.521923, "delta": 0.005839}}
{"target": -13.758361982632048, "params": {"gamma": 25.084820526146466, "log10_alpha": -3.5263276194535225, "log10_colsample_bytree": -0.2914179256794487, "log10_eta": -3.1004035880008343, "log10_lambda": -4.504745999292389, "log10_min_child_weight": 0.7260895663974876, "log10_subsample": -0.5273856263865678, "max_depth": 7.0, "num_boost_round": 13.0}, "datetime": {"datetime": "2024-01-19 02:27:48", "elapsed": 8176.52796, "delta": 0.006037}}
{"target": -13.758374660146858, "params": {"gamma": 25.084820526146466, "log10_alpha": -3.5263276194535225, "log10_colsample_bytree": -0.2914179256794487, "log10_eta": -3.1004035880008343, "log10_lambda": -4.504745999292389, "log10_min_child_weight": 0.7260895663974876, "log10_subsample": -0.5273856263865678, "max_depth": 7.0, "num_boost_round": 14.0}, "datetime": {"datetime": "2024-01-19 02:27:48", "elapsed": 8176.533957, "delta": 0.005997}}
{"target": -13.758333851109478, "params": {"gamma": 25.084820526146466, "log10_alpha": -3.5263276194535225, "log10_colsample_bytree": -0.2914179256794487, "log10_eta": -3.1004035880008343, "log10_lambda": -4.504745999292389, "log10_min_child_weight": 0.7260895663974876, "log10_subsample": -0.5273856263865678, "max_depth": 7.0, "num_boost_round": 15.0}, "datetime": {"datetime": "2024-01-19 02:27:48", "elapsed": 8176.539947, "delta": 0.00599}}
{"target": -13.758318800038824, "params": {"gamma": 25.084820526146466, "log10_alpha": -3.5263276194535225, "log10_colsample_bytree": -0.2914179256794487, "log10_eta": -3.1004035880008343, "log10_lambda": -4.504745999292389, "log10_min_child_weight": 0.7260895663974876, "log10_subsample": -0.5273856263865678, "max_depth": 7.0, "num_boost_round": 16.0}, "datetime": {"datetime": "2024-01-19 02:27:48", "elapsed": 8176.5458, "delta": 0.005853}}
{"target": -13.758338424459529, "params": {"gamma": 25.084820526146466, "log10_alpha": -3.5263276194535225, "log10_colsample_bytree": -0.2914179256794487, "log10_eta": -3.1004035880008343, "log10_lambda": -4.504745999292389, "log10_min_child_weight": 0.7260895663974876, "log10_subsample": -0.5273856263865678, "max_depth": 7.0, "num_boost_round": 17.0}, "datetime": {"datetime": "2024-01-19 02:27:48", "elapsed": 8176.551858, "delta": 0.006058}}
{"target": -13.758286797902485, "params": {"gamma": 25.084820526146466, "log10_alpha": -3.5263276194535225, "log10_colsample_bytree": -0.2914179256794487, "log10_eta": -3.1004035880008343, "log10_lambda": -4.504745999292389, "log10_min_child_weight": 0.7260895663974876, "log10_subsample": -0.5273856263865678, "max_depth": 7.0, "num_boost_round": 18.0}, "datetime": {"datetime": "2024-01-19 02:27:48", "elapsed": 8176.557901, "delta": 0.006043}}
{"target": -13.758287529176094, "params": {"gamma": 25.084820526146466, "log10_alpha": -3.5263276194535225, "log10_colsample_bytree": -0.2914179256794487, "log10_eta": -3.1004035880008343, "log10_lambda": -4.504745999292389, "log10_min_child_weight": 0.7260895663974876, "log10_subsample": -0.5273856263865678, "max_depth": 7.0, "num_boost_round": 19.0}, "datetime": {"datetime": "2024-01-19 02:27:48", "elapsed": 8176.563929, "delta": 0.006028}}
{"target": -13.758224224847748, "params": {"gamma": 25.084820526146466, "log10_alpha": -3.5263276194535225, "log10_colsample_bytree": -0.2914179256794487, "log10_eta": -3.1004035880008343, "log10_lambda": -4.504745999292389, "log10_min_child_weight": 0.7260895663974876, "log10_subsample": -0.5273856263865678, "max_depth": 7.0, "num_boost_round": 20.0}, "datetime": {"datetime": "2024-01-19 02:27:48", "elapsed": 8176.570031, "delta": 0.006102}}
{"target": -13.75816174668929, "params": {"gamma": 25.084820526146466, "log10_alpha": -3.5263276194535225, "log10_colsample_bytree": -0.2914179256794487, "log10_eta": -3.1004035880008343, "log10_lambda": -4.504745999292389, "log10_min_child_weight": 0.7260895663974876, "log10_subsample": -0.5273856263865678, "max_depth": 7.0, "num_boost_round": 21.0}, "datetime": {"datetime": "2024-01-19 02:27:48", "elapsed": 8176.576192, "delta": 0.006161}}
{"target": -13.758149548020103, "params": {"gamma": 25.084820526146466, "log10_alpha": -3.5263276194535225, "log10_colsample_bytree": -0.2914179256794487, "log10_eta": -3.1004035880008343, "log10_lambda": -4.504745999292389, "log10_min_child_weight": 0.7260895663974876, "log10_subsample": -0.5273856263865678, "max_depth": 7.0, "num_boost_round": 22.0}, "datetime": {"datetime": "2024-01-19 02:27:48", "elapsed": 8176.582392, "delta": 0.0062}}
{"target": -13.758094417016446, "params": {"gamma": 25.084820526146466, "log10_alpha": -3.5263276194535225, "log10_colsample_bytree": -0.2914179256794487, "log10_eta": -3.1004035880008343, "log10_lambda": -4.504745999292389, "log10_min_child_weight": 0.7260895663974876, "log10_subsample": -0.5273856263865678, "max_depth": 7.0, "num_boost_round": 23.0}, "datetime": {"datetime": "2024-01-19 02:27:48", "elapsed": 8176.588525, "delta": 0.006133}}
{"target": -13.758105140286203, "params": {"gamma": 25.084820526146466, "log10_alpha": -3.5263276194535225, "log10_colsample_bytree": -0.2914179256794487, "log10_eta": -3.1004035880008343, "log10_lambda": -4.504745999292389, "log10_min_child_weight": 0.7260895663974876, "log10_subsample": -0.5273856263865678, "max_depth": 7.0, "num_boost_round": 24.0}, "datetime": {"datetime": "2024-01-19 02:27:48", "elapsed": 8176.594512, "delta": 0.005987}}
{"target": -13.75810839068762, "params": {"gamma": 25.084820526146466, "log10_alpha": -3.5263276194535225, "log10_colsample_bytree": -0.2914179256794487, "log10_eta": -3.1004035880008343, "log10_lambda": -4.504745999292389, "log10_min_child_weight": 0.7260895663974876, "log10_subsample": -0.5273856263865678, "max_depth": 7.0, "num_boost_round": 25.0}, "datetime": {"datetime": "2024-01-19 02:27:48", "elapsed": 8176.600473, "delta": 0.005961}}
{"target": -13.758044202467241, "params": {"gamma": 25.084820526146466, "log10_alpha": -3.5263276194535225, "log10_colsample_bytree": -0.2914179256794487, "log10_eta": -3.1004035880008343, "log10_lambda": -4.504745999292389, "log10_min_child_weight": 0.7260895663974876, "log10_subsample": -0.5273856263865678, "max_depth": 7.0, "num_boost_round": 26.0}, "datetime": {"datetime": "2024-01-19 02:27:48", "elapsed": 8176.606507, "delta": 0.006034}}
{"target": -13.758030182475405, "params": {"gamma": 25.084820526146466, "log10_alpha": -3.5263276194535225, "log10_colsample_bytree": -0.2914179256794487, "log10_eta": -3.1004035880008343, "log10_lambda": -4.504745999292389, "log10_min_child_weight": 0.7260895663974876, "log10_subsample": -0.5273856263865678, "max_depth": 7.0, "num_boost_round": 27.0}, "datetime": {"datetime": "2024-01-19 02:27:48", "elapsed": 8176.612494, "delta": 0.005987}}
{"target": -13.758005615657734, "params": {"gamma": 25.084820526146466, "log10_alpha": -3.5263276194535225, "log10_colsample_bytree": -0.2914179256794487, "log10_eta": -3.1004035880008343, "log10_lambda": -4.504745999292389, "log10_min_child_weight": 0.7260895663974876, "log10_subsample": -0.5273856263865678, "max_depth": 7.0, "num_boost_round": 28.0}, "datetime": {"datetime": "2024-01-19 02:27:48", "elapsed": 8176.618493, "delta": 0.005999}}
{"target": -13.757982023034103, "params": {"gamma": 25.084820526146466, "log10_alpha": -3.5263276194535225, "log10_colsample_bytree": -0.2914179256794487, "log10_eta": -3.1004035880008343, "log10_lambda": -4.504745999292389, "log10_min_child_weight": 0.7260895663974876, "log10_subsample": -0.5273856263865678, "max_depth": 7.0, "num_boost_round": 29.0}, "datetime": {"datetime": "2024-01-19 02:27:48", "elapsed": 8176.624621, "delta": 0.006128}}
{"target": -13.757985030714835, "params": {"gamma": 25.084820526146466, "log10_alpha": -3.5263276194535225, "log10_colsample_bytree": -0.2914179256794487, "log10_eta": -3.1004035880008343, "log10_lambda": -4.504745999292389, "log10_min_child_weight": 0.7260895663974876, "log10_subsample": -0.5273856263865678, "max_depth": 7.0, "num_boost_round": 30.0}, "datetime": {"datetime": "2024-01-19 02:27:48", "elapsed": 8176.630569, "delta": 0.005948}}
{"target": -13.757942694224615, "params": {"gamma": 25.084820526146466, "log10_alpha": -3.5263276194535225, "log10_colsample_bytree": -0.2914179256794487, "log10_eta": -3.1004035880008343, "log10_lambda": -4.504745999292389, "log10_min_child_weight": 0.7260895663974876, "log10_subsample": -0.5273856263865678, "max_depth": 7.0, "num_boost_round": 31.0}, "datetime": {"datetime": "2024-01-19 02:27:48", "elapsed": 8176.636596, "delta": 0.006027}}
{"target": -13.757912346781614, "params": {"gamma": 25.084820526146466, "log10_alpha": -3.5263276194535225, "log10_colsample_bytree": -0.2914179256794487, "log10_eta": -3.1004035880008343, "log10_lambda": -4.504745999292389, "log10_min_child_weight": 0.7260895663974876, "log10_subsample": -0.5273856263865678, "max_depth": 7.0, "num_boost_round": 32.0}, "datetime": {"datetime": "2024-01-19 02:27:48", "elapsed": 8176.642647, "delta": 0.006051}}
{"target": -13.757879501152898, "params": {"gamma": 25.084820526146466, "log10_alpha": -3.5263276194535225, "log10_colsample_bytree": -0.2914179256794487, "log10_eta": -3.1004035880008343, "log10_lambda": -4.504745999292389, "log10_min_child_weight": 0.7260895663974876, "log10_subsample": -0.5273856263865678, "max_depth": 7.0, "num_boost_round": 33.0}, "datetime": {"datetime": "2024-01-19 02:27:48", "elapsed": 8176.648729, "delta": 0.006082}}
{"target": -13.757847543638201, "params": {"gamma": 25.084820526146466, "log10_alpha": -3.5263276194535225, "log10_colsample_bytree": -0.2914179256794487, "log10_eta": -3.1004035880008343, "log10_lambda": -4.504745999292389, "log10_min_child_weight": 0.7260895663974876, "log10_subsample": -0.5273856263865678, "max_depth": 7.0, "num_boost_round": 34.0}, "datetime": {"datetime": "2024-01-19 02:27:48", "elapsed": 8176.654717, "delta": 0.005988}}
{"target": -13.757816770593625, "params": {"gamma": 25.084820526146466, "log10_alpha": -3.5263276194535225, "log10_colsample_bytree": -0.2914179256794487, "log10_eta": -3.1004035880008343, "log10_lambda": -4.504745999292389, "log10_min_child_weight": 0.7260895663974876, "log10_subsample": -0.5273856263865678, "max_depth": 7.0, "num_boost_round": 35.0}, "datetime": {"datetime": "2024-01-19 02:27:48", "elapsed": 8176.660752, "delta": 0.006035}}
{"target": -13.757801628500347, "params": {"gamma": 25.084820526146466, "log10_alpha": -3.5263276194535225, "log10_colsample_bytree": -0.2914179256794487, "log10_eta": -3.1004035880008343, "log10_lambda": -4.504745999292389, "log10_min_child_weight": 0.7260895663974876, "log10_subsample": -0.5273856263865678, "max_depth": 7.0, "num_boost_round": 36.0}, "datetime": {"datetime": "2024-01-19 02:27:48", "elapsed": 8176.666744, "delta": 0.005992}}
{"target": -13.758429002729068, "params": {"gamma": 16.94188680837194, "log10_alpha": -4.990578040417452, "log10_colsample_bytree": -0.6375187394935324, "log10_eta": -1.9268136424171778, "log10_lambda": -0.9200289395453956, "log10_min_child_weight": 4.630084784834386, "log10_subsample": -0.24446862141927683, "max_depth": 7.0, "num_boost_round": 0.0}, "datetime": {"datetime": "2024-01-19 02:29:33", "elapsed": 8281.877131, "delta": 105.210387}}
{"target": -13.7584186041774, "params": {"gamma": 16.94188680837194, "log10_alpha": -4.990578040417452, "log10_colsample_bytree": -0.6375187394935324, "log10_eta": -1.9268136424171778, "log10_lambda": -0.9200289395453956, "log10_min_child_weight": 4.630084784834386, "log10_subsample": -0.24446862141927683, "max_depth": 7.0, "num_boost_round": 1.0}, "datetime": {"datetime": "2024-01-19 02:29:33", "elapsed": 8281.88398, "delta": 0.006849}}
{"target": -13.758435301690879, "params": {"gamma": 16.94188680837194, "log10_alpha": -4.990578040417452, "log10_colsample_bytree": -0.6375187394935324, "log10_eta": -1.9268136424171778, "log10_lambda": -0.9200289395453956, "log10_min_child_weight": 4.630084784834386, "log10_subsample": -0.24446862141927683, "max_depth": 7.0, "num_boost_round": 2.0}, "datetime": {"datetime": "2024-01-19 02:29:33", "elapsed": 8281.890244, "delta": 0.006264}}
{"target": -13.75842041798788, "params": {"gamma": 16.94188680837194, "log10_alpha": -4.990578040417452, "log10_colsample_bytree": -0.6375187394935324, "log10_eta": -1.9268136424171778, "log10_lambda": -0.9200289395453956, "log10_min_child_weight": 4.630084784834386, "log10_subsample": -0.24446862141927683, "max_depth": 7.0, "num_boost_round": 3.0}, "datetime": {"datetime": "2024-01-19 02:29:33", "elapsed": 8281.896411, "delta": 0.006167}}
{"target": -13.758453410955399, "params": {"gamma": 16.94188680837194, "log10_alpha": -4.990578040417452, "log10_colsample_bytree": -0.6375187394935324, "log10_eta": -1.9268136424171778, "log10_lambda": -0.9200289395453956, "log10_min_child_weight": 4.630084784834386, "log10_subsample": -0.24446862141927683, "max_depth": 7.0, "num_boost_round": 4.0}, "datetime": {"datetime": "2024-01-19 02:29:33", "elapsed": 8281.902728, "delta": 0.006317}}
{"target": -13.758357120411095, "params": {"gamma": 16.94188680837194, "log10_alpha": -4.990578040417452, "log10_colsample_bytree": -0.6375187394935324, "log10_eta": -1.9268136424171778, "log10_lambda": -0.9200289395453956, "log10_min_child_weight": 4.630084784834386, "log10_subsample": -0.24446862141927683, "max_depth": 7.0, "num_boost_round": 5.0}, "datetime": {"datetime": "2024-01-19 02:29:33", "elapsed": 8281.908693, "delta": 0.005965}}
{"target": -13.758433592969737, "params": {"gamma": 16.94188680837194, "log10_alpha": -4.990578040417452, "log10_colsample_bytree": -0.6375187394935324, "log10_eta": -1.9268136424171778, "log10_lambda": -0.9200289395453956, "log10_min_child_weight": 4.630084784834386, "log10_subsample": -0.24446862141927683, "max_depth": 7.0, "num_boost_round": 6.0}, "datetime": {"datetime": "2024-01-19 02:29:33", "elapsed": 8281.91476, "delta": 0.006067}}
{"target": -13.758303286275208, "params": {"gamma": 16.94188680837194, "log10_alpha": -4.990578040417452, "log10_colsample_bytree": -0.6375187394935324, "log10_eta": -1.9268136424171778, "log10_lambda": -0.9200289395453956, "log10_min_child_weight": 4.630084784834386, "log10_subsample": -0.24446862141927683, "max_depth": 7.0, "num_boost_round": 7.0}, "datetime": {"datetime": "2024-01-19 02:29:33", "elapsed": 8281.920736, "delta": 0.005976}}
{"target": -13.758268247625892, "params": {"gamma": 16.94188680837194, "log10_alpha": -4.990578040417452, "log10_colsample_bytree": -0.6375187394935324, "log10_eta": -1.9268136424171778, "log10_lambda": -0.9200289395453956, "log10_min_child_weight": 4.630084784834386, "log10_subsample": -0.24446862141927683, "max_depth": 7.0, "num_boost_round": 8.0}, "datetime": {"datetime": "2024-01-19 02:29:33", "elapsed": 8281.926805, "delta": 0.006069}}
{"target": -13.758276132864047, "params": {"gamma": 16.94188680837194, "log10_alpha": -4.990578040417452, "log10_colsample_bytree": -0.6375187394935324, "log10_eta": -1.9268136424171778, "log10_lambda": -0.9200289395453956, "log10_min_child_weight": 4.630084784834386, "log10_subsample": -0.24446862141927683, "max_depth": 7.0, "num_boost_round": 9.0}, "datetime": {"datetime": "2024-01-19 02:29:33", "elapsed": 8281.932841, "delta": 0.006036}}
{"target": -13.758250100245224, "params": {"gamma": 16.94188680837194, "log10_alpha": -4.990578040417452, "log10_colsample_bytree": -0.6375187394935324, "log10_eta": -1.9268136424171778, "log10_lambda": -0.9200289395453956, "log10_min_child_weight": 4.630084784834386, "log10_subsample": -0.24446862141927683, "max_depth": 7.0, "num_boost_round": 10.0}, "datetime": {"datetime": "2024-01-19 02:29:33", "elapsed": 8281.938912, "delta": 0.006071}}
{"target": -13.75853006245496, "params": {"gamma": 18.1711112222358, "log10_alpha": -2.379461291119429, "log10_colsample_bytree": -0.9941174937489806, "log10_eta": -3.971385730935865, "log10_lambda": -2.596916513161478, "log10_min_child_weight": 0.8365015923394326, "log10_subsample": -0.4970926223179114, "max_depth": 8.0, "num_boost_round": 0.0}, "datetime": {"datetime": "2024-01-19 02:31:47", "elapsed": 8416.024452, "delta": 134.08554}}
{"target": -13.758529492486145, "params": {"gamma": 18.1711112222358, "log10_alpha": -2.379461291119429, "log10_colsample_bytree": -0.9941174937489806, "log10_eta": -3.971385730935865, "log10_lambda": -2.596916513161478, "log10_min_child_weight": 0.8365015923394326, "log10_subsample": -0.4970926223179114, "max_depth": 8.0, "num_boost_round": 1.0}, "datetime": {"datetime": "2024-01-19 02:31:47", "elapsed": 8416.031695, "delta": 0.007243}}
{"target": -13.758529469362008, "params": {"gamma": 18.1711112222358, "log10_alpha": -2.379461291119429, "log10_colsample_bytree": -0.9941174937489806, "log10_eta": -3.971385730935865, "log10_lambda": -2.596916513161478, "log10_min_child_weight": 0.8365015923394326, "log10_subsample": -0.4970926223179114, "max_depth": 8.0, "num_boost_round": 2.0}, "datetime": {"datetime": "2024-01-19 02:31:47", "elapsed": 8416.038115, "delta": 0.00642}}
{"target": -13.758526444283989, "params": {"gamma": 18.1711112222358, "log10_alpha": -2.379461291119429, "log10_colsample_bytree": -0.9941174937489806, "log10_eta": -3.971385730935865, "log10_lambda": -2.596916513161478, "log10_min_child_weight": 0.8365015923394326, "log10_subsample": -0.4970926223179114, "max_depth": 8.0, "num_boost_round": 3.0}, "datetime": {"datetime": "2024-01-19 02:31:47", "elapsed": 8416.04433, "delta": 0.006215}}
{"target": -13.758526409773115, "params": {"gamma": 18.1711112222358, "log10_alpha": -2.379461291119429, "log10_colsample_bytree": -0.9941174937489806, "log10_eta": -3.971385730935865, "log10_lambda": -2.596916513161478, "log10_min_child_weight": 0.8365015923394326, "log10_subsample": -0.4970926223179114, "max_depth": 8.0, "num_boost_round": 4.0}, "datetime": {"datetime": "2024-01-19 02:31:47", "elapsed": 8416.050692, "delta": 0.006362}}
{"target": -13.75852751223271, "params": {"gamma": 18.1711112222358, "log10_alpha": -2.379461291119429, "log10_colsample_bytree": -0.9941174937489806, "log10_eta": -3.971385730935865, "log10_lambda": -2.596916513161478, "log10_min_child_weight": 0.8365015923394326, "log10_subsample": -0.4970926223179114, "max_depth": 8.0, "num_boost_round": 5.0}, "datetime": {"datetime": "2024-01-19 02:31:47", "elapsed": 8416.05705, "delta": 0.006358}}
{"target": -13.75852976313557, "params": {"gamma": 18.1711112222358, "log10_alpha": -2.379461291119429, "log10_colsample_bytree": -0.9941174937489806, "log10_eta": -3.971385730935865, "log10_lambda": -2.596916513161478, "log10_min_child_weight": 0.8365015923394326, "log10_subsample": -0.4970926223179114, "max_depth": 8.0, "num_boost_round": 6.0}, "datetime": {"datetime": "2024-01-19 02:31:47", "elapsed": 8416.063328, "delta": 0.006278}}
{"target": -13.758525725906088, "params": {"gamma": 18.1711112222358, "log10_alpha": -2.379461291119429, "log10_colsample_bytree": -0.9941174937489806, "log10_eta": -3.971385730935865, "log10_lambda": -2.596916513161478, "log10_min_child_weight": 0.8365015923394326, "log10_subsample": -0.4970926223179114, "max_depth": 8.0, "num_boost_round": 7.0}, "datetime": {"datetime": "2024-01-19 02:31:47", "elapsed": 8416.069768, "delta": 0.00644}}
{"target": -13.758525479091793, "params": {"gamma": 18.1711112222358, "log10_alpha": -2.379461291119429, "log10_colsample_bytree": -0.9941174937489806, "log10_eta": -3.971385730935865, "log10_lambda": -2.596916513161478, "log10_min_child_weight": 0.8365015923394326, "log10_subsample": -0.4970926223179114, "max_depth": 8.0, "num_boost_round": 8.0}, "datetime": {"datetime": "2024-01-19 02:31:47", "elapsed": 8416.076145, "delta": 0.006377}}
{"target": -13.758525593603139, "params": {"gamma": 18.1711112222358, "log10_alpha": -2.379461291119429, "log10_colsample_bytree": -0.9941174937489806, "log10_eta": -3.971385730935865, "log10_lambda": -2.596916513161478, "log10_min_child_weight": 0.8365015923394326, "log10_subsample": -0.4970926223179114, "max_depth": 8.0, "num_boost_round": 9.0}, "datetime": {"datetime": "2024-01-19 02:31:47", "elapsed": 8416.082529, "delta": 0.006384}}
