{"target": -13.758487481089633, "params": {"gamma": 855.537267017123, "log10_alpha": -3.4153285595038403, "log10_colsample_bytree": -0.6842211048498266, "log10_eta": -2.890153008705095, "log10_lambda": -0.6405562374723148, "log10_min_child_weight": 2.99114163346845, "log10_subsample": -0.4418646482289179, "max_depth": 4.0, "num_boost_round": 1.0}, "datetime": {"datetime": "2024-01-19 00:27:26", "elapsed": 966.853466, "delta": 0.001469}}
{"target": -13.758468609893612, "params": {"gamma": 855.537267017123, "log10_alpha": -3.4153285595038403, "log10_colsample_bytree": -0.6842211048498266, "log10_eta": -2.890153008705095, "log10_lambda": -0.6405562374723148, "log10_min_child_weight": 2.99114163346845, "log10_subsample": -0.4418646482289179, "max_depth": 4.0, "num_boost_round": 2.0}, "datetime": {"datetime": "2024-01-19 00:27:26", "elapsed": 966.855372, "delta": 0.001906}}
{"target": -13.758455072897563, "params": {"gamma": 855.537267017123, "log10_alpha": -3.4153285595038403, "log10_colsample_bytree": -0.6842211048498266, "log10_eta": -2.890153008705095, "log10_lambda": -0.6405562374723148, "log10_min_child_weight": 2.99114163346845, "log10_subsample": -0.4418646482289179, "max_depth": 4.0, "num_boost_round": 3.0}, "datetime": {"datetime": "2024-01-19 00:27:26", "elapsed": 966.856721, "delta": 0.001349}}
{"target": -13.758417848811007, "params": {"gamma": 855.537267017123, "log10_alpha": -3.4153285595038403, "log10_colsample_bytree": -0.6842211048498266, "log10_eta": -2.890153008705095, "log10_lambda": -0.6405562374723148, "log10_min_child_weight": 2.99114163346845, "log10_subsample": -0.4418646482289179, "max_depth": 4.0, "num_boost_round": 4.0}, "datetime": {"datetime": "2024-01-19 00:27:26", "elapsed": 966.858006, "delta": 0.001285}}
{"target": -13.758394482151935, "params": {"gamma": 855.537267017123, "log10_alpha": -3.4153285595038403, "log10_colsample_bytree": -0.6842211048498266, "log10_eta": -2.890153008705095, "log10_lambda": -0.6405562374723148, "log10_min_child_weight": 2.99114163346845, "log10_subsample": -0.4418646482289179, "max_depth": 4.0, "num_boost_round": 5.0}, "datetime": {"datetime": "2024-01-19 00:27:26", "elapsed": 966.859216, "delta": 0.00121}}
{"target": -13.758367787281488, "params": {"gamma": 855.537267017123, "log10_alpha": -3.4153285595038403, "log10_colsample_bytree": -0.6842211048498266, "log10_eta": -2.890153008705095, "log10_lambda": -0.6405562374723148, "log10_min_child_weight": 2.99114163346845, "log10_subsample": -0.4418646482289179, "max_depth": 4.0, "num_boost_round": 6.0}, "datetime": {"datetime": "2024-01-19 00:27:26", "elapsed": 966.860433, "delta": 0.001217}}
{"target": -13.758296322128723, "params": {"gamma": 855.537267017123, "log10_alpha": -3.4153285595038403, "log10_colsample_bytree": -0.6842211048498266, "log10_eta": -2.890153008705095, "log10_lambda": -0.6405562374723148, "log10_min_child_weight": 2.99114163346845, "log10_subsample": -0.4418646482289179, "max_depth": 4.0, "num_boost_round": 7.0}, "datetime": {"datetime": "2024-01-19 00:27:26", "elapsed": 966.861746, "delta": 0.001313}}
{"target": -13.758280935450784, "params": {"gamma": 855.537267017123, "log10_alpha": -3.4153285595038403, "log10_colsample_bytree": -0.6842211048498266, "log10_eta": -2.890153008705095, "log10_lambda": -0.6405562374723148, "log10_min_child_weight": 2.99114163346845, "log10_subsample": -0.4418646482289179, "max_depth": 4.0, "num_boost_round": 8.0}, "datetime": {"datetime": "2024-01-19 00:27:26", "elapsed": 966.862986, "delta": 0.00124}}
{"target": -13.758279320825835, "params": {"gamma": 855.537267017123, "log10_alpha": -3.4153285595038403, "log10_colsample_bytree": -0.6842211048498266, "log10_eta": -2.890153008705095, "log10_lambda": -0.6405562374723148, "log10_min_child_weight": 2.99114163346845, "log10_subsample": -0.4418646482289179, "max_depth": 4.0, "num_boost_round": 9.0}, "datetime": {"datetime": "2024-01-19 00:27:26", "elapsed": 966.864216, "delta": 0.00123}}
{"target": -13.75852921756398, "params": {"gamma": 863.5142631130881, "log10_alpha": 0.2173147819350314, "log10_colsample_bytree": -0.9578509270658749, "log10_eta": -3.6825864146682217, "log10_lambda": -3.403755724228668, "log10_min_child_weight": 2.296907487687563, "log10_subsample": -0.7624180830579423, "max_depth": 6.0, "num_boost_round": 0.0}, "datetime": {"datetime": "2024-01-19 00:27:46", "elapsed": 986.616436, "delta": 19.75222}}
{"target": -13.758525311985286, "params": {"gamma": 863.5142631130881, "log10_alpha": 0.2173147819350314, "log10_colsample_bytree": -0.9578509270658749, "log10_eta": -3.6825864146682217, "log10_lambda": -3.403755724228668, "log10_min_child_weight": 2.296907487687563, "log10_subsample": -0.7624180830579423, "max_depth": 6.0, "num_boost_round": 1.0}, "datetime": {"datetime": "2024-01-19 00:27:46", "elapsed": 986.618271, "delta": 0.001835}}
{"target": -13.758523821807115, "params": {"gamma": 863.5142631130881, "log10_alpha": 0.2173147819350314, "log10_colsample_bytree": -0.9578509270658749, "log10_eta": -3.6825864146682217, "log10_lambda": -3.403755724228668, "log10_min_child_weight": 2.296907487687563, "log10_subsample": -0.7624180830579423, "max_depth": 6.0, "num_boost_round": 2.0}, "datetime": {"datetime": "2024-01-19 00:27:46", "elapsed": 986.619584, "delta": 0.001313}}
{"target": -13.758521837010683, "params": {"gamma": 863.5142631130881, "log10_alpha": 0.2173147819350314, "log10_colsample_bytree": -0.9578509270658749, "log10_eta": -3.6825864146682217, "log10_lambda": -3.403755724228668, "log10_min_child_weight": 2.296907487687563, "log10_subsample": -0.7624180830579423, "max_depth": 6.0, "num_boost_round": 3.0}, "datetime": {"datetime": "2024-01-19 00:27:46", "elapsed": 986.621164, "delta": 0.00158}}
{"target": -13.758519747247977, "params": {"gamma": 863.5142631130881, "log10_alpha": 0.2173147819350314, "log10_colsample_bytree": -0.9578509270658749, "log10_eta": -3.6825864146682217, "log10_lambda": -3.403755724228668, "log10_min_child_weight": 2.296907487687563, "log10_subsample": -0.7624180830579423, "max_depth": 6.0, "num_boost_round": 4.0}, "datetime": {"datetime": "2024-01-19 00:27:46", "elapsed": 986.622776, "delta": 0.001612}}
{"target": -13.75851585163764, "params": {"gamma": 863.5142631130881, "log10_alpha": 0.2173147819350314, "log10_colsample_bytree": -0.9578509270658749, "log10_eta": -3.6825864146682217, "log10_lambda": -3.403755724228668, "log10_min_child_weight": 2.296907487687563, "log10_subsample": -0.7624180830579423, "max_depth": 6.0, "num_boost_round": 5.0}, "datetime": {"datetime": "2024-01-19 00:27:46", "elapsed": 986.624311, "delta": 0.001535}}
{"target": -13.758519137212318, "params": {"gamma": 863.5142631130881, "log10_alpha": 0.2173147819350314, "log10_colsample_bytree": -0.9578509270658749, "log10_eta": -3.6825864146682217, "log10_lambda": -3.403755724228668, "log10_min_child_weight": 2.296907487687563, "log10_subsample": -0.7624180830579423, "max_depth": 6.0, "num_boost_round": 6.0}, "datetime": {"datetime": "2024-01-19 00:27:46", "elapsed": 986.625645, "delta": 0.001334}}
{"target": -13.758511097348226, "params": {"gamma": 863.5142631130881, "log10_alpha": 0.2173147819350314, "log10_colsample_bytree": -0.9578509270658749, "log10_eta": -3.6825864146682217, "log10_lambda": -3.403755724228668, "log10_min_child_weight": 2.296907487687563, "log10_subsample": -0.7624180830579423, "max_depth": 6.0, "num_boost_round": 7.0}, "datetime": {"datetime": "2024-01-19 00:27:46", "elapsed": 986.626929, "delta": 0.001284}}
{"target": -13.758508232548555, "params": {"gamma": 863.5142631130881, "log10_alpha": 0.2173147819350314, "log10_colsample_bytree": -0.9578509270658749, "log10_eta": -3.6825864146682217, "log10_lambda": -3.403755724228668, "log10_min_child_weight": 2.296907487687563, "log10_subsample": -0.7624180830579423, "max_depth": 6.0, "num_boost_round": 8.0}, "datetime": {"datetime": "2024-01-19 00:27:46", "elapsed": 986.628262, "delta": 0.001333}}
{"target": -13.758507492068654, "params": {"gamma": 863.5142631130881, "log10_alpha": 0.2173147819350314, "log10_colsample_bytree": -0.9578509270658749, "log10_eta": -3.6825864146682217, "log10_lambda": -3.403755724228668, "log10_min_child_weight": 2.296907487687563, "log10_subsample": -0.7624180830579423, "max_depth": 6.0, "num_boost_round": 9.0}, "datetime": {"datetime": "2024-01-19 00:27:46", "elapsed": 986.62956, "delta": 0.001298}}
{"target": -13.758503855010012, "params": {"gamma": 863.5142631130881, "log10_alpha": 0.2173147819350314, "log10_colsample_bytree": -0.9578509270658749, "log10_eta": -3.6825864146682217, "log10_lambda": -3.403755724228668, "log10_min_child_weight": 2.296907487687563, "log10_subsample": -0.7624180830579423, "max_depth": 6.0, "num_boost_round": 10.0}, "datetime": {"datetime": "2024-01-19 00:27:46", "elapsed": 986.630842, "delta": 0.001282}}
{"target": -13.75850070322577, "params": {"gamma": 863.5142631130881, "log10_alpha": 0.2173147819350314, "log10_colsample_bytree": -0.9578509270658749, "log10_eta": -3.6825864146682217, "log10_lambda": -3.403755724228668, "log10_min_child_weight": 2.296907487687563, "log10_subsample": -0.7624180830579423, "max_depth": 6.0, "num_boost_round": 11.0}, "datetime": {"datetime": "2024-01-19 00:27:46", "elapsed": 986.632118, "delta": 0.001276}}
{"target": -13.7584954413513, "params": {"gamma": 863.5142631130881, "log10_alpha": 0.2173147819350314, "log10_colsample_bytree": -0.9578509270658749, "log10_eta": -3.6825864146682217, "log10_lambda": -3.403755724228668, "log10_min_child_weight": 2.296907487687563, "log10_subsample": -0.7624180830579423, "max_depth": 6.0, "num_boost_round": 12.0}, "datetime": {"datetime": "2024-01-19 00:27:46", "elapsed": 986.63348, "delta": 0.001362}}
{"target": -13.758533610068227, "params": {"gamma": 867.2795392799957, "log10_alpha": -0.2652938560140239, "log10_colsample_bytree": -0.7021486151864915, "log10_eta": -3.76035796350054, "log10_lambda": -1.9208064300437684, "log10_min_child_weight": 0.036731321899753366, "log10_subsample": -0.46527645214410585, "max_depth": 6.0, "num_boost_round": 0.0}, "datetime": {"datetime": "2024-01-19 00:28:08", "elapsed": 1008.239458, "delta": 21.605978}}
{"target": -13.758528482833228, "params": {"gamma": 867.2795392799957, "log10_alpha": -0.2652938560140239, "log10_colsample_bytree": -0.7021486151864915, "log10_eta": -3.76035796350054, "log10_lambda": -1.9208064300437684, "log10_min_child_weight": 0.036731321899753366, "log10_subsample": -0.46527645214410585, "max_depth": 6.0, "num_boost_round": 1.0}, "datetime": {"datetime": "2024-01-19 00:28:08", "elapsed": 1008.241081, "delta": 0.001623}}
{"target": -13.758519360225181, "params": {"gamma": 867.2795392799957, "log10_alpha": -0.2652938560140239, "log10_colsample_bytree": -0.7021486151864915, "log10_eta": -3.76035796350054, "log10_lambda": -1.9208064300437684, "log10_min_child_weight": 0.036731321899753366, "log10_subsample": -0.46527645214410585, "max_depth": 6.0, "num_boost_round": 2.0}, "datetime": {"datetime": "2024-01-19 00:28:08", "elapsed": 1008.242679, "delta": 0.001598}}
{"target": -13.758510264312077, "params": {"gamma": 867.2795392799957, "log10_alpha": -0.2652938560140239, "log10_colsample_bytree": -0.7021486151864915, "log10_eta": -3.76035796350054, "log10_lambda": -1.9208064300437684, "log10_min_child_weight": 0.036731321899753366, "log10_subsample": -0.46527645214410585, "max_depth": 6.0, "num_boost_round": 3.0}, "datetime": {"datetime": "2024-01-19 00:28:08", "elapsed": 1008.24404, "delta": 0.001361}}
{"target": -13.758507768622755, "params": {"gamma": 867.2795392799957, "log10_alpha": -0.2652938560140239, "log10_colsample_bytree": -0.7021486151864915, "log10_eta": -3.76035796350054, "log10_lambda": -1.9208064300437684, "log10_min_child_weight": 0.036731321899753366, "log10_subsample": -0.46527645214410585, "max_depth": 6.0, "num_boost_round": 4.0}, "datetime": {"datetime": "2024-01-19 00:28:08", "elapsed": 1008.2453, "delta": 0.00126}}
{"target": -13.758492752914488, "params": {"gamma": 867.2795392799957, "log10_alpha": -0.2652938560140239, "log10_colsample_bytree": -0.7021486151864915, "log10_eta": -3.76035796350054, "log10_lambda": -1.9208064300437684, "log10_min_child_weight": 0.036731321899753366, "log10_subsample": -0.46527645214410585, "max_depth": 6.0, "num_boost_round": 5.0}, "datetime": {"datetime": "2024-01-19 00:28:08", "elapsed": 1008.24655, "delta": 0.00125}}
{"target": -13.758485201308767, "params": {"gamma": 867.2795392799957, "log10_alpha": -0.2652938560140239, "log10_colsample_bytree": -0.7021486151864915, "log10_eta": -3.76035796350054, "log10_lambda": -1.9208064300437684, "log10_min_child_weight": 0.036731321899753366, "log10_subsample": -0.46527645214410585, "max_depth": 6.0, "num_boost_round": 6.0}, "datetime": {"datetime": "2024-01-19 00:28:08", "elapsed": 1008.247847, "delta": 0.001297}}
{"target": -13.758477128682559, "params": {"gamma": 867.2795392799957, "log10_alpha": -0.2652938560140239, "log10_colsample_bytree": -0.7021486151864915, "log10_eta": -3.76035796350054, "log10_lambda": -1.9208064300437684, "log10_min_child_weight": 0.036731321899753366, "log10_subsample": -0.46527645214410585, "max_depth": 6.0, "num_boost_round": 7.0}, "datetime": {"datetime": "2024-01-19 00:28:08", "elapsed": 1008.249119, "delta": 0.001272}}
{"target": -13.758467265294927, "params": {"gamma": 867.2795392799957, "log10_alpha": -0.2652938560140239, "log10_colsample_bytree": -0.7021486151864915, "log10_eta": -3.76035796350054, "log10_lambda": -1.9208064300437684, "log10_min_child_weight": 0.036731321899753366, "log10_subsample": -0.46527645214410585, "max_depth": 6.0, "num_boost_round": 8.0}, "datetime": {"datetime": "2024-01-19 00:28:08", "elapsed": 1008.250362, "delta": 0.001243}}
{"target": -13.75846580205745, "params": {"gamma": 867.2795392799957, "log10_alpha": -0.2652938560140239, "log10_colsample_bytree": -0.7021486151864915, "log10_eta": -3.76035796350054, "log10_lambda": -1.9208064300437684, "log10_min_child_weight": 0.036731321899753366, "log10_subsample": -0.46527645214410585, "max_depth": 6.0, "num_boost_round": 9.0}, "datetime": {"datetime": "2024-01-19 00:28:08", "elapsed": 1008.251623, "delta": 0.001261}}
{"target": -13.758466101903844, "params": {"gamma": 867.2795392799957, "log10_alpha": -0.2652938560140239, "log10_colsample_bytree": -0.7021486151864915, "log10_eta": -3.76035796350054, "log10_lambda": -1.9208064300437684, "log10_min_child_weight": 0.036731321899753366, "log10_subsample": -0.46527645214410585, "max_depth": 6.0, "num_boost_round": 10.0}, "datetime": {"datetime": "2024-01-19 00:28:08", "elapsed": 1008.25294, "delta": 0.001317}}
{"target": -13.758464122674454, "params": {"gamma": 867.2795392799957, "log10_alpha": -0.2652938560140239, "log10_colsample_bytree": -0.7021486151864915, "log10_eta": -3.76035796350054, "log10_lambda": -1.9208064300437684, "log10_min_child_weight": 0.036731321899753366, "log10_subsample": -0.46527645214410585, "max_depth": 6.0, "num_boost_round": 11.0}, "datetime": {"datetime": "2024-01-19 00:28:08", "elapsed": 1008.254176, "delta": 0.001236}}
{"target": -13.758466636375811, "params": {"gamma": 867.2795392799957, "log10_alpha": -0.2652938560140239, "log10_colsample_bytree": -0.7021486151864915, "log10_eta": -3.76035796350054, "log10_lambda": -1.9208064300437684, "log10_min_child_weight": 0.036731321899753366, "log10_subsample": -0.46527645214410585, "max_depth": 6.0, "num_boost_round": 12.0}, "datetime": {"datetime": "2024-01-19 00:28:08", "elapsed": 1008.255434, "delta": 0.001258}}
{"target": -13.758461694397917, "params": {"gamma": 867.2795392799957, "log10_alpha": -0.2652938560140239, "log10_colsample_bytree": -0.7021486151864915, "log10_eta": -3.76035796350054, "log10_lambda": -1.9208064300437684, "log10_min_child_weight": 0.036731321899753366, "log10_subsample": -0.46527645214410585, "max_depth": 6.0, "num_boost_round": 13.0}, "datetime": {"datetime": "2024-01-19 00:28:08", "elapsed": 1008.256702, "delta": 0.001268}}
{"target": -13.758466174425106, "params": {"gamma": 867.2795392799957, "log10_alpha": -0.2652938560140239, "log10_colsample_bytree": -0.7021486151864915, "log10_eta": -3.76035796350054, "log10_lambda": -1.9208064300437684, "log10_min_child_weight": 0.036731321899753366, "log10_subsample": -0.46527645214410585, "max_depth": 6.0, "num_boost_round": 14.0}, "datetime": {"datetime": "2024-01-19 00:28:08", "elapsed": 1008.258041, "delta": 0.001339}}
{"target": -13.758538460176865, "params": {"gamma": 867.2475278026398, "log10_alpha": -3.0865309724908485, "log10_colsample_bytree": -0.8111523828253941, "log10_eta": -3.868543752821327, "log10_lambda": 0.5355968432484257, "log10_min_child_weight": 4.907485106590786, "log10_subsample": -0.7960381713353105, "max_depth": 2.0, "num_boost_round": 0.0}, "datetime": {"datetime": "2024-01-19 00:28:30", "elapsed": 1030.335667, "delta": 22.077626}}
{"target": -13.758538461676334, "params": {"gamma": 867.2475278026398, "log10_alpha": -3.0865309724908485, "log10_colsample_bytree": -0.8111523828253941, "log10_eta": -3.868543752821327, "log10_lambda": 0.5355968432484257, "log10_min_child_weight": 4.907485106590786, "log10_subsample": -0.7960381713353105, "max_depth": 2.0, "num_boost_round": 1.0}, "datetime": {"datetime": "2024-01-19 00:28:30", "elapsed": 1030.337811, "delta": 0.002144}}
{"target": -13.758538176909479, "params": {"gamma": 867.2475278026398, "log10_alpha": -3.0865309724908485, "log10_colsample_bytree": -0.8111523828253941, "log10_eta": -3.868543752821327, "log10_lambda": 0.5355968432484257, "log10_min_child_weight": 4.907485106590786, "log10_subsample": -0.7960381713353105, "max_depth": 2.0, "num_boost_round": 2.0}, "datetime": {"datetime": "2024-01-19 00:28:30", "elapsed": 1030.339391, "delta": 0.00158}}
{"target": -13.758537883171961, "params": {"gamma": 867.2475278026398, "log10_alpha": -3.0865309724908485, "log10_colsample_bytree": -0.8111523828253941, "log10_eta": -3.868543752821327, "log10_lambda": 0.5355968432484257, "log10_min_child_weight": 4.907485106590786, "log10_subsample": -0.7960381713353105, "max_depth": 2.0, "num_boost_round": 3.0}, "datetime": {"datetime": "2024-01-19 00:28:30", "elapsed": 1030.340778, "delta": 0.001387}}
{"target": -13.75853803766837, "params": {"gamma": 867.2475278026398, "log10_alpha": -3.0865309724908485, "log10_colsample_bytree": -0.8111523828253941, "log10_eta": -3.868543752821327, "log10_lambda": 0.5355968432484257, "log10_min_child_weight": 4.907485106590786, "log10_subsample": -0.7960381713353105, "max_depth": 2.0, "num_boost_round": 4.0}, "datetime": {"datetime": "2024-01-19 00:28:30", "elapsed": 1030.342318, "delta": 0.00154}}
{"target": -13.758538296104739, "params": {"gamma": 867.2475278026398, "log10_alpha": -3.0865309724908485, "log10_colsample_bytree": -0.8111523828253941, "log10_eta": -3.868543752821327, "log10_lambda": 0.5355968432484257, "log10_min_child_weight": 4.907485106590786, "log10_subsample": -0.7960381713353105, "max_depth": 2.0, "num_boost_round": 5.0}, "datetime": {"datetime": "2024-01-19 00:28:30", "elapsed": 1030.343642, "delta": 0.001324}}
{"target": -13.758538278020408, "params": {"gamma": 867.2475278026398, "log10_alpha": -3.0865309724908485, "log10_colsample_bytree": -0.8111523828253941, "log10_eta": -3.868543752821327, "log10_lambda": 0.5355968432484257, "log10_min_child_weight": 4.907485106590786, "log10_subsample": -0.7960381713353105, "max_depth": 2.0, "num_boost_round": 6.0}, "datetime": {"datetime": "2024-01-19 00:28:30", "elapsed": 1030.34502, "delta": 0.001378}}
{"target": -13.758538202915778, "params": {"gamma": 867.2475278026398, "log10_alpha": -3.0865309724908485, "log10_colsample_bytree": -0.8111523828253941, "log10_eta": -3.868543752821327, "log10_lambda": 0.5355968432484257, "log10_min_child_weight": 4.907485106590786, "log10_subsample": -0.7960381713353105, "max_depth": 2.0, "num_boost_round": 7.0}, "datetime": {"datetime": "2024-01-19 00:28:30", "elapsed": 1030.346409, "delta": 0.001389}}
{"target": -13.758538065545732, "params": {"gamma": 867.2475278026398, "log10_alpha": -3.0865309724908485, "log10_colsample_bytree": -0.8111523828253941, "log10_eta": -3.868543752821327, "log10_lambda": 0.5355968432484257, "log10_min_child_weight": 4.907485106590786, "log10_subsample": -0.7960381713353105, "max_depth": 2.0, "num_boost_round": 8.0}, "datetime": {"datetime": "2024-01-19 00:28:30", "elapsed": 1030.347751, "delta": 0.001342}}
{"target": -13.75853775407721, "params": {"gamma": 867.2475278026398, "log10_alpha": -3.0865309724908485, "log10_colsample_bytree": -0.8111523828253941, "log10_eta": -3.868543752821327, "log10_lambda": 0.5355968432484257, "log10_min_child_weight": 4.907485106590786, "log10_subsample": -0.7960381713353105, "max_depth": 2.0, "num_boost_round": 9.0}, "datetime": {"datetime": "2024-01-19 00:28:30", "elapsed": 1030.349146, "delta": 0.001395}}
{"target": -13.75853757584735, "params": {"gamma": 867.2475278026398, "log10_alpha": -3.0865309724908485, "log10_colsample_bytree": -0.8111523828253941, "log10_eta": -3.868543752821327, "log10_lambda": 0.5355968432484257, "log10_min_child_weight": 4.907485106590786, "log10_subsample": -0.7960381713353105, "max_depth": 2.0, "num_boost_round": 10.0}, "datetime": {"datetime": "2024-01-19 00:28:30", "elapsed": 1030.350463, "delta": 0.001317}}
{"target": -13.75853730867982, "params": {"gamma": 867.2475278026398, "log10_alpha": -3.0865309724908485, "log10_colsample_bytree": -0.8111523828253941, "log10_eta": -3.868543752821327, "log10_lambda": 0.5355968432484257, "log10_min_child_weight": 4.907485106590786, "log10_subsample": -0.7960381713353105, "max_depth": 2.0, "num_boost_round": 11.0}, "datetime": {"datetime": "2024-01-19 00:28:30", "elapsed": 1030.351769, "delta": 0.001306}}
