{"target": -17.6771789342361, "params": {"gamma": 66.67909437801478, "log10_alpha": -2.5477516104807085, "log10_colsample_bytree": -0.8563748849803281, "log10_eta": -3.3720430315316134, "log10_lambda": -0.7347740719995546, "log10_min_child_weight": 0.9964890960082207, "log10_subsample": -0.12355265534932502, "max_depth": 4.0, "num_boost_round": 5.0}, "datetime": {"datetime": "2024-01-19 00:20:41", "elapsed": 548.411564, "delta": 0.001284}}
{"target": -17.67719383227018, "params": {"gamma": 66.67909437801478, "log10_alpha": -2.5477516104807085, "log10_colsample_bytree": -0.8563748849803281, "log10_eta": -3.3720430315316134, "log10_lambda": -0.7347740719995546, "log10_min_child_weight": 0.9964890960082207, "log10_subsample": -0.12355265534932502, "max_depth": 4.0, "num_boost_round": 6.0}, "datetime": {"datetime": "2024-01-19 00:20:41", "elapsed": 548.41247, "delta": 0.000906}}
{"target": -17.67717035581692, "params": {"gamma": 66.67909437801478, "log10_alpha": -2.5477516104807085, "log10_colsample_bytree": -0.8563748849803281, "log10_eta": -3.3720430315316134, "log10_lambda": -0.7347740719995546, "log10_min_child_weight": 0.9964890960082207, "log10_subsample": -0.12355265534932502, "max_depth": 4.0, "num_boost_round": 7.0}, "datetime": {"datetime": "2024-01-19 00:20:41", "elapsed": 548.413358, "delta": 0.000888}}
{"target": -17.677164901907307, "params": {"gamma": 66.67909437801478, "log10_alpha": -2.5477516104807085, "log10_colsample_bytree": -0.8563748849803281, "log10_eta": -3.3720430315316134, "log10_lambda": -0.7347740719995546, "log10_min_child_weight": 0.9964890960082207, "log10_subsample": -0.12355265534932502, "max_depth": 4.0, "num_boost_round": 8.0}, "datetime": {"datetime": "2024-01-19 00:20:41", "elapsed": 548.414227, "delta": 0.000869}}
{"target": -17.677155568937234, "params": {"gamma": 66.67909437801478, "log10_alpha": -2.5477516104807085, "log10_colsample_bytree": -0.8563748849803281, "log10_eta": -3.3720430315316134, "log10_lambda": -0.7347740719995546, "log10_min_child_weight": 0.9964890960082207, "log10_subsample": -0.12355265534932502, "max_depth": 4.0, "num_boost_round": 9.0}, "datetime": {"datetime": "2024-01-19 00:20:41", "elapsed": 548.415101, "delta": 0.000874}}
{"target": -17.677136468275222, "params": {"gamma": 66.67909437801478, "log10_alpha": -2.5477516104807085, "log10_colsample_bytree": -0.8563748849803281, "log10_eta": -3.3720430315316134, "log10_lambda": -0.7347740719995546, "log10_min_child_weight": 0.9964890960082207, "log10_subsample": -0.12355265534932502, "max_depth": 4.0, "num_boost_round": 10.0}, "datetime": {"datetime": "2024-01-19 00:20:41", "elapsed": 548.416117, "delta": 0.001016}}
{"target": -17.677126304749347, "params": {"gamma": 66.67909437801478, "log10_alpha": -2.5477516104807085, "log10_colsample_bytree": -0.8563748849803281, "log10_eta": -3.3720430315316134, "log10_lambda": -0.7347740719995546, "log10_min_child_weight": 0.9964890960082207, "log10_subsample": -0.12355265534932502, "max_depth": 4.0, "num_boost_round": 11.0}, "datetime": {"datetime": "2024-01-19 00:20:41", "elapsed": 548.416999, "delta": 0.000882}}
{"target": -17.67710079924632, "params": {"gamma": 66.67909437801478, "log10_alpha": -2.5477516104807085, "log10_colsample_bytree": -0.8563748849803281, "log10_eta": -3.3720430315316134, "log10_lambda": -0.7347740719995546, "log10_min_child_weight": 0.9964890960082207, "log10_subsample": -0.12355265534932502, "max_depth": 4.0, "num_boost_round": 12.0}, "datetime": {"datetime": "2024-01-19 00:20:41", "elapsed": 548.417874, "delta": 0.000875}}
{"target": -17.677077067776526, "params": {"gamma": 66.67909437801478, "log10_alpha": -2.5477516104807085, "log10_colsample_bytree": -0.8563748849803281, "log10_eta": -3.3720430315316134, "log10_lambda": -0.7347740719995546, "log10_min_child_weight": 0.9964890960082207, "log10_subsample": -0.12355265534932502, "max_depth": 4.0, "num_boost_round": 13.0}, "datetime": {"datetime": "2024-01-19 00:20:41", "elapsed": 548.418753, "delta": 0.000879}}
{"target": -17.677072076610113, "params": {"gamma": 66.67909437801478, "log10_alpha": -2.5477516104807085, "log10_colsample_bytree": -0.8563748849803281, "log10_eta": -3.3720430315316134, "log10_lambda": -0.7347740719995546, "log10_min_child_weight": 0.9964890960082207, "log10_subsample": -0.12355265534932502, "max_depth": 4.0, "num_boost_round": 14.0}, "datetime": {"datetime": "2024-01-19 00:20:41", "elapsed": 548.419627, "delta": 0.000874}}
{"target": -17.677049595291578, "params": {"gamma": 66.67909437801478, "log10_alpha": -2.5477516104807085, "log10_colsample_bytree": -0.8563748849803281, "log10_eta": -3.3720430315316134, "log10_lambda": -0.7347740719995546, "log10_min_child_weight": 0.9964890960082207, "log10_subsample": -0.12355265534932502, "max_depth": 4.0, "num_boost_round": 15.0}, "datetime": {"datetime": "2024-01-19 00:20:41", "elapsed": 548.420507, "delta": 0.00088}}
{"target": -17.677039178049455, "params": {"gamma": 66.67909437801478, "log10_alpha": -2.5477516104807085, "log10_colsample_bytree": -0.8563748849803281, "log10_eta": -3.3720430315316134, "log10_lambda": -0.7347740719995546, "log10_min_child_weight": 0.9964890960082207, "log10_subsample": -0.12355265534932502, "max_depth": 4.0, "num_boost_round": 16.0}, "datetime": {"datetime": "2024-01-19 00:20:41", "elapsed": 548.421387, "delta": 0.00088}}
{"target": -17.67702459935698, "params": {"gamma": 66.67909437801478, "log10_alpha": -2.5477516104807085, "log10_colsample_bytree": -0.8563748849803281, "log10_eta": -3.3720430315316134, "log10_lambda": -0.7347740719995546, "log10_min_child_weight": 0.9964890960082207, "log10_subsample": -0.12355265534932502, "max_depth": 4.0, "num_boost_round": 17.0}, "datetime": {"datetime": "2024-01-19 00:20:41", "elapsed": 548.422266, "delta": 0.000879}}
{"target": -17.67700864265203, "params": {"gamma": 66.67909437801478, "log10_alpha": -2.5477516104807085, "log10_colsample_bytree": -0.8563748849803281, "log10_eta": -3.3720430315316134, "log10_lambda": -0.7347740719995546, "log10_min_child_weight": 0.9964890960082207, "log10_subsample": -0.12355265534932502, "max_depth": 4.0, "num_boost_round": 18.0}, "datetime": {"datetime": "2024-01-19 00:20:41", "elapsed": 548.423148, "delta": 0.000882}}
{"target": -17.677002888112714, "params": {"gamma": 66.67909437801478, "log10_alpha": -2.5477516104807085, "log10_colsample_bytree": -0.8563748849803281, "log10_eta": -3.3720430315316134, "log10_lambda": -0.7347740719995546, "log10_min_child_weight": 0.9964890960082207, "log10_subsample": -0.12355265534932502, "max_depth": 4.0, "num_boost_round": 19.0}, "datetime": {"datetime": "2024-01-19 00:20:41", "elapsed": 548.424034, "delta": 0.000886}}
{"target": -17.67698668137662, "params": {"gamma": 66.67909437801478, "log10_alpha": -2.5477516104807085, "log10_colsample_bytree": -0.8563748849803281, "log10_eta": -3.3720430315316134, "log10_lambda": -0.7347740719995546, "log10_min_child_weight": 0.9964890960082207, "log10_subsample": -0.12355265534932502, "max_depth": 4.0, "num_boost_round": 20.0}, "datetime": {"datetime": "2024-01-19 00:20:41", "elapsed": 548.424899, "delta": 0.000865}}
{"target": -17.676951346212952, "params": {"gamma": 66.67909437801478, "log10_alpha": -2.5477516104807085, "log10_colsample_bytree": -0.8563748849803281, "log10_eta": -3.3720430315316134, "log10_lambda": -0.7347740719995546, "log10_min_child_weight": 0.9964890960082207, "log10_subsample": -0.12355265534932502, "max_depth": 4.0, "num_boost_round": 21.0}, "datetime": {"datetime": "2024-01-19 00:20:41", "elapsed": 548.425774, "delta": 0.000875}}
{"target": -17.676934627140454, "params": {"gamma": 66.67909437801478, "log10_alpha": -2.5477516104807085, "log10_colsample_bytree": -0.8563748849803281, "log10_eta": -3.3720430315316134, "log10_lambda": -0.7347740719995546, "log10_min_child_weight": 0.9964890960082207, "log10_subsample": -0.12355265534932502, "max_depth": 4.0, "num_boost_round": 22.0}, "datetime": {"datetime": "2024-01-19 00:20:41", "elapsed": 548.42666, "delta": 0.000886}}
{"target": -17.67690929325803, "params": {"gamma": 66.67909437801478, "log10_alpha": -2.5477516104807085, "log10_colsample_bytree": -0.8563748849803281, "log10_eta": -3.3720430315316134, "log10_lambda": -0.7347740719995546, "log10_min_child_weight": 0.9964890960082207, "log10_subsample": -0.12355265534932502, "max_depth": 4.0, "num_boost_round": 23.0}, "datetime": {"datetime": "2024-01-19 00:20:41", "elapsed": 548.427717, "delta": 0.001057}}
{"target": -17.677219751909504, "params": {"gamma": 67.91609089837003, "log10_alpha": -2.834656684368278, "log10_colsample_bytree": -0.5584730301410068, "log10_eta": -3.462995535550115, "log10_lambda": -1.7793817625877812, "log10_min_child_weight": 2.6480021070897926, "log10_subsample": -0.39553987307349314, "max_depth": 3.0, "num_boost_round": 0.0}, "datetime": {"datetime": "2024-01-19 00:21:02", "elapsed": 569.50981, "delta": 21.082093}}
{"target": -17.677206973441784, "params": {"gamma": 67.91609089837003, "log10_alpha": -2.834656684368278, "log10_colsample_bytree": -0.5584730301410068, "log10_eta": -3.462995535550115, "log10_lambda": -1.7793817625877812, "log10_min_child_weight": 2.6480021070897926, "log10_subsample": -0.39553987307349314, "max_depth": 3.0, "num_boost_round": 1.0}, "datetime": {"datetime": "2024-01-19 00:21:02", "elapsed": 569.511284, "delta": 0.001474}}
{"target": -17.67719441039785, "params": {"gamma": 67.91609089837003, "log10_alpha": -2.834656684368278, "log10_colsample_bytree": -0.5584730301410068, "log10_eta": -3.462995535550115, "log10_lambda": -1.7793817625877812, "log10_min_child_weight": 2.6480021070897926, "log10_subsample": -0.39553987307349314, "max_depth": 3.0, "num_boost_round": 2.0}, "datetime": {"datetime": "2024-01-19 00:21:02", "elapsed": 569.512516, "delta": 0.001232}}
{"target": -17.677189955223138, "params": {"gamma": 67.91609089837003, "log10_alpha": -2.834656684368278, "log10_colsample_bytree": -0.5584730301410068, "log10_eta": -3.462995535550115, "log10_lambda": -1.7793817625877812, "log10_min_child_weight": 2.6480021070897926, "log10_subsample": -0.39553987307349314, "max_depth": 3.0, "num_boost_round": 3.0}, "datetime": {"datetime": "2024-01-19 00:21:02", "elapsed": 569.513435, "delta": 0.000919}}
{"target": -17.677183958432906, "params": {"gamma": 67.91609089837003, "log10_alpha": -2.834656684368278, "log10_colsample_bytree": -0.5584730301410068, "log10_eta": -3.462995535550115, "log10_lambda": -1.7793817625877812, "log10_min_child_weight": 2.6480021070897926, "log10_subsample": -0.39553987307349314, "max_depth": 3.0, "num_boost_round": 4.0}, "datetime": {"datetime": "2024-01-19 00:21:02", "elapsed": 569.51446, "delta": 0.001025}}
{"target": -17.677175502062866, "params": {"gamma": 67.91609089837003, "log10_alpha": -2.834656684368278, "log10_colsample_bytree": -0.5584730301410068, "log10_eta": -3.462995535550115, "log10_lambda": -1.7793817625877812, "log10_min_child_weight": 2.6480021070897926, "log10_subsample": -0.39553987307349314, "max_depth": 3.0, "num_boost_round": 5.0}, "datetime": {"datetime": "2024-01-19 00:21:02", "elapsed": 569.515356, "delta": 0.000896}}
{"target": -17.677165798826426, "params": {"gamma": 67.91609089837003, "log10_alpha": -2.834656684368278, "log10_colsample_bytree": -0.5584730301410068, "log10_eta": -3.462995535550115, "log10_lambda": -1.7793817625877812, "log10_min_child_weight": 2.6480021070897926, "log10_subsample": -0.39553987307349314, "max_depth": 3.0, "num_boost_round": 6.0}, "datetime": {"datetime": "2024-01-19 00:21:02", "elapsed": 569.516372, "delta": 0.001016}}
{"target": -17.67715548101848, "params": {"gamma": 67.91609089837003, "log10_alpha": -2.834656684368278, "log10_colsample_bytree": -0.5584730301410068, "log10_eta": -3.462995535550115, "log10_lambda": -1.7793817625877812, "log10_min_child_weight": 2.6480021070897926, "log10_subsample": -0.39553987307349314, "max_depth": 3.0, "num_boost_round": 7.0}, "datetime": {"datetime": "2024-01-19 00:21:02", "elapsed": 569.517275, "delta": 0.000903}}
{"target": -17.67715172495773, "params": {"gamma": 67.91609089837003, "log10_alpha": -2.834656684368278, "log10_colsample_bytree": -0.5584730301410068, "log10_eta": -3.462995535550115, "log10_lambda": -1.7793817625877812, "log10_min_child_weight": 2.6480021070897926, "log10_subsample": -0.39553987307349314, "max_depth": 3.0, "num_boost_round": 8.0}, "datetime": {"datetime": "2024-01-19 00:21:02", "elapsed": 569.518171, "delta": 0.000896}}
{"target": -17.677132009414713, "params": {"gamma": 67.91609089837003, "log10_alpha": -2.834656684368278, "log10_colsample_bytree": -0.5584730301410068, "log10_eta": -3.462995535550115, "log10_lambda": -1.7793817625877812, "log10_min_child_weight": 2.6480021070897926, "log10_subsample": -0.39553987307349314, "max_depth": 3.0, "num_boost_round": 9.0}, "datetime": {"datetime": "2024-01-19 00:21:02", "elapsed": 569.519156, "delta": 0.000985}}
{"target": -17.67712372579125, "params": {"gamma": 67.91609089837003, "log10_alpha": -2.834656684368278, "log10_colsample_bytree": -0.5584730301410068, "log10_eta": -3.462995535550115, "log10_lambda": -1.7793817625877812, "log10_min_child_weight": 2.6480021070897926, "log10_subsample": -0.39553987307349314, "max_depth": 3.0, "num_boost_round": 10.0}, "datetime": {"datetime": "2024-01-19 00:21:02", "elapsed": 569.520059, "delta": 0.000903}}
{"target": -17.677107959085063, "params": {"gamma": 67.91609089837003, "log10_alpha": -2.834656684368278, "log10_colsample_bytree": -0.5584730301410068, "log10_eta": -3.462995535550115, "log10_lambda": -1.7793817625877812, "log10_min_child_weight": 2.6480021070897926, "log10_subsample": -0.39553987307349314, "max_depth": 3.0, "num_boost_round": 11.0}, "datetime": {"datetime": "2024-01-19 00:21:02", "elapsed": 569.520957, "delta": 0.000898}}
{"target": -17.67710300738887, "params": {"gamma": 67.91609089837003, "log10_alpha": -2.834656684368278, "log10_colsample_bytree": -0.5584730301410068, "log10_eta": -3.462995535550115, "log10_lambda": -1.7793817625877812, "log10_min_child_weight": 2.6480021070897926, "log10_subsample": -0.39553987307349314, "max_depth": 3.0, "num_boost_round": 12.0}, "datetime": {"datetime": "2024-01-19 00:21:02", "elapsed": 569.521843, "delta": 0.000886}}
{"target": -17.677090837189198, "params": {"gamma": 67.91609089837003, "log10_alpha": -2.834656684368278, "log10_colsample_bytree": -0.5584730301410068, "log10_eta": -3.462995535550115, "log10_lambda": -1.7793817625877812, "log10_min_child_weight": 2.6480021070897926, "log10_subsample": -0.39553987307349314, "max_depth": 3.0, "num_boost_round": 13.0}, "datetime": {"datetime": "2024-01-19 00:21:02", "elapsed": 569.522747, "delta": 0.000904}}
{"target": -17.677083281521686, "params": {"gamma": 67.91609089837003, "log10_alpha": -2.834656684368278, "log10_colsample_bytree": -0.5584730301410068, "log10_eta": -3.462995535550115, "log10_lambda": -1.7793817625877812, "log10_min_child_weight": 2.6480021070897926, "log10_subsample": -0.39553987307349314, "max_depth": 3.0, "num_boost_round": 14.0}, "datetime": {"datetime": "2024-01-19 00:21:02", "elapsed": 569.523678, "delta": 0.000931}}
{"target": -17.677071320320685, "params": {"gamma": 67.91609089837003, "log10_alpha": -2.834656684368278, "log10_colsample_bytree": -0.5584730301410068, "log10_eta": -3.462995535550115, "log10_lambda": -1.7793817625877812, "log10_min_child_weight": 2.6480021070897926, "log10_subsample": -0.39553987307349314, "max_depth": 3.0, "num_boost_round": 15.0}, "datetime": {"datetime": "2024-01-19 00:21:02", "elapsed": 569.524582, "delta": 0.000904}}
{"target": -17.677231456253242, "params": {"gamma": 71.55739912280535, "log10_alpha": -3.5283856691172053, "log10_colsample_bytree": -0.7369702082281537, "log10_eta": -3.937808721225068, "log10_lambda": 0.339872252931543, "log10_min_child_weight": 4.698732759900201, "log10_subsample": -0.2970065735578835, "max_depth": 4.0, "num_boost_round": 0.0}, "datetime": {"datetime": "2024-01-19 00:21:26", "elapsed": 594.005863, "delta": 24.481281}}
{"target": -17.677230086780188, "params": {"gamma": 71.55739912280535, "log10_alpha": -3.5283856691172053, "log10_colsample_bytree": -0.7369702082281537, "log10_eta": -3.937808721225068, "log10_lambda": 0.339872252931543, "log10_min_child_weight": 4.698732759900201, "log10_subsample": -0.2970065735578835, "max_depth": 4.0, "num_boost_round": 1.0}, "datetime": {"datetime": "2024-01-19 00:21:26", "elapsed": 594.007365, "delta": 0.001502}}
{"target": -17.677229995176653, "params": {"gamma": 71.55739912280535, "log10_alpha": -3.5283856691172053, "log10_colsample_bytree": -0.7369702082281537, "log10_eta": -3.937808721225068, "log10_lambda": 0.339872252931543, "log10_min_child_weight": 4.698732759900201, "log10_subsample": -0.2970065735578835, "max_depth": 4.0, "num_boost_round": 2.0}, "datetime": {"datetime": "2024-01-19 00:21:26", "elapsed": 594.008486, "delta": 0.001121}}
{"target": -17.677229120055607, "params": {"gamma": 71.55739912280535, "log10_alpha": -3.5283856691172053, "log10_colsample_bytree": -0.7369702082281537, "log10_eta": -3.937808721225068, "log10_lambda": 0.339872252931543, "log10_min_child_weight": 4.698732759900201, "log10_subsample": -0.2970065735578835, "max_depth": 4.0, "num_boost_round": 3.0}, "datetime": {"datetime": "2024-01-19 00:21:26", "elapsed": 594.009406, "delta": 0.00092}}
{"target": -17.677227969010023, "params": {"gamma": 71.55739912280535, "log10_alpha": -3.5283856691172053, "log10_colsample_bytree": -0.7369702082281537, "log10_eta": -3.937808721225068, "log10_lambda": 0.339872252931543, "log10_min_child_weight": 4.698732759900201, "log10_subsample": -0.2970065735578835, "max_depth": 4.0, "num_boost_round": 4.0}, "datetime": {"datetime": "2024-01-19 00:21:26", "elapsed": 594.010323, "delta": 0.000917}}
{"target": -17.677227754901867, "params": {"gamma": 71.55739912280535, "log10_alpha": -3.5283856691172053, "log10_colsample_bytree": -0.7369702082281537, "log10_eta": -3.937808721225068, "log10_lambda": 0.339872252931543, "log10_min_child_weight": 4.698732759900201, "log10_subsample": -0.2970065735578835, "max_depth": 4.0, "num_boost_round": 5.0}, "datetime": {"datetime": "2024-01-19 00:21:26", "elapsed": 594.011247, "delta": 0.000924}}
{"target": -17.677228833503058, "params": {"gamma": 71.55739912280535, "log10_alpha": -3.5283856691172053, "log10_colsample_bytree": -0.7369702082281537, "log10_eta": -3.937808721225068, "log10_lambda": 0.339872252931543, "log10_min_child_weight": 4.698732759900201, "log10_subsample": -0.2970065735578835, "max_depth": 4.0, "num_boost_round": 6.0}, "datetime": {"datetime": "2024-01-19 00:21:26", "elapsed": 594.012159, "delta": 0.000912}}
{"target": -17.67722805806161, "params": {"gamma": 71.55739912280535, "log10_alpha": -3.5283856691172053, "log10_colsample_bytree": -0.7369702082281537, "log10_eta": -3.937808721225068, "log10_lambda": 0.339872252931543, "log10_min_child_weight": 4.698732759900201, "log10_subsample": -0.2970065735578835, "max_depth": 4.0, "num_boost_round": 7.0}, "datetime": {"datetime": "2024-01-19 00:21:26", "elapsed": 594.013366, "delta": 0.001207}}
{"target": -17.677227695405207, "params": {"gamma": 71.55739912280535, "log10_alpha": -3.5283856691172053, "log10_colsample_bytree": -0.7369702082281537, "log10_eta": -3.937808721225068, "log10_lambda": 0.339872252931543, "log10_min_child_weight": 4.698732759900201, "log10_subsample": -0.2970065735578835, "max_depth": 4.0, "num_boost_round": 8.0}, "datetime": {"datetime": "2024-01-19 00:21:26", "elapsed": 594.014349, "delta": 0.000983}}
{"target": -17.677226763529024, "params": {"gamma": 71.55739912280535, "log10_alpha": -3.5283856691172053, "log10_colsample_bytree": -0.7369702082281537, "log10_eta": -3.937808721225068, "log10_lambda": 0.339872252931543, "log10_min_child_weight": 4.698732759900201, "log10_subsample": -0.2970065735578835, "max_depth": 4.0, "num_boost_round": 9.0}, "datetime": {"datetime": "2024-01-19 00:21:26", "elapsed": 594.015286, "delta": 0.000937}}
{"target": -17.67722649467972, "params": {"gamma": 71.55739912280535, "log10_alpha": -3.5283856691172053, "log10_colsample_bytree": -0.7369702082281537, "log10_eta": -3.937808721225068, "log10_lambda": 0.339872252931543, "log10_min_child_weight": 4.698732759900201, "log10_subsample": -0.2970065735578835, "max_depth": 4.0, "num_boost_round": 10.0}, "datetime": {"datetime": "2024-01-19 00:21:26", "elapsed": 594.016221, "delta": 0.000935}}
{"target": -17.677225624045015, "params": {"gamma": 71.55739912280535, "log10_alpha": -3.5283856691172053, "log10_colsample_bytree": -0.7369702082281537, "log10_eta": -3.937808721225068, "log10_lambda": 0.339872252931543, "log10_min_child_weight": 4.698732759900201, "log10_subsample": -0.2970065735578835, "max_depth": 4.0, "num_boost_round": 11.0}, "datetime": {"datetime": "2024-01-19 00:21:26", "elapsed": 594.017231, "delta": 0.00101}}
{"target": -17.677225155337897, "params": {"gamma": 71.55739912280535, "log10_alpha": -3.5283856691172053, "log10_colsample_bytree": -0.7369702082281537, "log10_eta": -3.937808721225068, "log10_lambda": 0.339872252931543, "log10_min_child_weight": 4.698732759900201, "log10_subsample": -0.2970065735578835, "max_depth": 4.0, "num_boost_round": 12.0}, "datetime": {"datetime": "2024-01-19 00:21:26", "elapsed": 594.018156, "delta": 0.000925}}
{"target": -17.67722461872999, "params": {"gamma": 71.55739912280535, "log10_alpha": -3.5283856691172053, "log10_colsample_bytree": -0.7369702082281537, "log10_eta": -3.937808721225068, "log10_lambda": 0.339872252931543, "log10_min_child_weight": 4.698732759900201, "log10_subsample": -0.2970065735578835, "max_depth": 4.0, "num_boost_round": 13.0}, "datetime": {"datetime": "2024-01-19 00:21:26", "elapsed": 594.019087, "delta": 0.000931}}
