{"target": -17.6898053502784, "params": {"gamma": 436.8178366813281, "log10_alpha": -4.897056357904235, "log10_colsample_bytree": -0.7910683396463632, "log10_eta": -1.442177945630398, "log10_lambda": -1.2251249323583733, "log10_min_child_weight": 2.3582702808802427, "log10_subsample": -0.8139699372101903, "max_depth": 7.0, "num_boost_round": 33.0}, "datetime": {"datetime": "2024-01-19 00:28:18", "elapsed": 991.048217, "delta": 0.001934}}
{"target": -17.69086583169967, "params": {"gamma": 436.8178366813281, "log10_alpha": -4.897056357904235, "log10_colsample_bytree": -0.7910683396463632, "log10_eta": -1.442177945630398, "log10_lambda": -1.2251249323583733, "log10_min_child_weight": 2.3582702808802427, "log10_subsample": -0.8139699372101903, "max_depth": 7.0, "num_boost_round": 34.0}, "datetime": {"datetime": "2024-01-19 00:28:18", "elapsed": 991.050076, "delta": 0.001859}}
{"target": -17.691876932988453, "params": {"gamma": 436.8178366813281, "log10_alpha": -4.897056357904235, "log10_colsample_bytree": -0.7910683396463632, "log10_eta": -1.442177945630398, "log10_lambda": -1.2251249323583733, "log10_min_child_weight": 2.3582702808802427, "log10_subsample": -0.8139699372101903, "max_depth": 7.0, "num_boost_round": 35.0}, "datetime": {"datetime": "2024-01-19 00:28:18", "elapsed": 991.052181, "delta": 0.002105}}
{"target": -17.69304291290245, "params": {"gamma": 436.8178366813281, "log10_alpha": -4.897056357904235, "log10_colsample_bytree": -0.7910683396463632, "log10_eta": -1.442177945630398, "log10_lambda": -1.2251249323583733, "log10_min_child_weight": 2.3582702808802427, "log10_subsample": -0.8139699372101903, "max_depth": 7.0, "num_boost_round": 36.0}, "datetime": {"datetime": "2024-01-19 00:28:18", "elapsed": 991.054232, "delta": 0.002051}}
{"target": -17.694412469968263, "params": {"gamma": 436.8178366813281, "log10_alpha": -4.897056357904235, "log10_colsample_bytree": -0.7910683396463632, "log10_eta": -1.442177945630398, "log10_lambda": -1.2251249323583733, "log10_min_child_weight": 2.3582702808802427, "log10_subsample": -0.8139699372101903, "max_depth": 7.0, "num_boost_round": 37.0}, "datetime": {"datetime": "2024-01-19 00:28:18", "elapsed": 991.056183, "delta": 0.001951}}
{"target": -17.69410193755106, "params": {"gamma": 436.8178366813281, "log10_alpha": -4.897056357904235, "log10_colsample_bytree": -0.7910683396463632, "log10_eta": -1.442177945630398, "log10_lambda": -1.2251249323583733, "log10_min_child_weight": 2.3582702808802427, "log10_subsample": -0.8139699372101903, "max_depth": 7.0, "num_boost_round": 38.0}, "datetime": {"datetime": "2024-01-19 00:28:18", "elapsed": 991.058144, "delta": 0.001961}}
{"target": -17.695588774110657, "params": {"gamma": 436.8178366813281, "log10_alpha": -4.897056357904235, "log10_colsample_bytree": -0.7910683396463632, "log10_eta": -1.442177945630398, "log10_lambda": -1.2251249323583733, "log10_min_child_weight": 2.3582702808802427, "log10_subsample": -0.8139699372101903, "max_depth": 7.0, "num_boost_round": 39.0}, "datetime": {"datetime": "2024-01-19 00:28:18", "elapsed": 991.060128, "delta": 0.001984}}
{"target": -17.69571051562593, "params": {"gamma": 436.8178366813281, "log10_alpha": -4.897056357904235, "log10_colsample_bytree": -0.7910683396463632, "log10_eta": -1.442177945630398, "log10_lambda": -1.2251249323583733, "log10_min_child_weight": 2.3582702808802427, "log10_subsample": -0.8139699372101903, "max_depth": 7.0, "num_boost_round": 40.0}, "datetime": {"datetime": "2024-01-19 00:28:18", "elapsed": 991.062051, "delta": 0.001923}}
{"target": -17.69680830709793, "params": {"gamma": 436.8178366813281, "log10_alpha": -4.897056357904235, "log10_colsample_bytree": -0.7910683396463632, "log10_eta": -1.442177945630398, "log10_lambda": -1.2251249323583733, "log10_min_child_weight": 2.3582702808802427, "log10_subsample": -0.8139699372101903, "max_depth": 7.0, "num_boost_round": 41.0}, "datetime": {"datetime": "2024-01-19 00:28:18", "elapsed": 991.063956, "delta": 0.001905}}
{"target": -17.6986522088754, "params": {"gamma": 436.8178366813281, "log10_alpha": -4.897056357904235, "log10_colsample_bytree": -0.7910683396463632, "log10_eta": -1.442177945630398, "log10_lambda": -1.2251249323583733, "log10_min_child_weight": 2.3582702808802427, "log10_subsample": -0.8139699372101903, "max_depth": 7.0, "num_boost_round": 42.0}, "datetime": {"datetime": "2024-01-19 00:28:18", "elapsed": 991.065871, "delta": 0.001915}}
{"target": -17.69864933889022, "params": {"gamma": 436.8178366813281, "log10_alpha": -4.897056357904235, "log10_colsample_bytree": -0.7910683396463632, "log10_eta": -1.442177945630398, "log10_lambda": -1.2251249323583733, "log10_min_child_weight": 2.3582702808802427, "log10_subsample": -0.8139699372101903, "max_depth": 7.0, "num_boost_round": 43.0}, "datetime": {"datetime": "2024-01-19 00:28:18", "elapsed": 991.067833, "delta": 0.001962}}
{"target": -17.700937962027293, "params": {"gamma": 436.8178366813281, "log10_alpha": -4.897056357904235, "log10_colsample_bytree": -0.7910683396463632, "log10_eta": -1.442177945630398, "log10_lambda": -1.2251249323583733, "log10_min_child_weight": 2.3582702808802427, "log10_subsample": -0.8139699372101903, "max_depth": 7.0, "num_boost_round": 44.0}, "datetime": {"datetime": "2024-01-19 00:28:18", "elapsed": 991.069775, "delta": 0.001942}}
{"target": -17.70092236903298, "params": {"gamma": 436.8178366813281, "log10_alpha": -4.897056357904235, "log10_colsample_bytree": -0.7910683396463632, "log10_eta": -1.442177945630398, "log10_lambda": -1.2251249323583733, "log10_min_child_weight": 2.3582702808802427, "log10_subsample": -0.8139699372101903, "max_depth": 7.0, "num_boost_round": 45.0}, "datetime": {"datetime": "2024-01-19 00:28:18", "elapsed": 991.071702, "delta": 0.001927}}
{"target": -17.702448575931466, "params": {"gamma": 436.8178366813281, "log10_alpha": -4.897056357904235, "log10_colsample_bytree": -0.7910683396463632, "log10_eta": -1.442177945630398, "log10_lambda": -1.2251249323583733, "log10_min_child_weight": 2.3582702808802427, "log10_subsample": -0.8139699372101903, "max_depth": 7.0, "num_boost_round": 46.0}, "datetime": {"datetime": "2024-01-19 00:28:18", "elapsed": 991.073654, "delta": 0.001952}}
{"target": -17.70219731091928, "params": {"gamma": 436.8178366813281, "log10_alpha": -4.897056357904235, "log10_colsample_bytree": -0.7910683396463632, "log10_eta": -1.442177945630398, "log10_lambda": -1.2251249323583733, "log10_min_child_weight": 2.3582702808802427, "log10_subsample": -0.8139699372101903, "max_depth": 7.0, "num_boost_round": 47.0}, "datetime": {"datetime": "2024-01-19 00:28:18", "elapsed": 991.075581, "delta": 0.001927}}
{"target": -17.706055962045117, "params": {"gamma": 436.8178366813281, "log10_alpha": -4.897056357904235, "log10_colsample_bytree": -0.7910683396463632, "log10_eta": -1.442177945630398, "log10_lambda": -1.2251249323583733, "log10_min_child_weight": 2.3582702808802427, "log10_subsample": -0.8139699372101903, "max_depth": 7.0, "num_boost_round": 48.0}, "datetime": {"datetime": "2024-01-19 00:28:18", "elapsed": 991.077538, "delta": 0.001957}}
{"target": -17.70603265942239, "params": {"gamma": 436.8178366813281, "log10_alpha": -4.897056357904235, "log10_colsample_bytree": -0.7910683396463632, "log10_eta": -1.442177945630398, "log10_lambda": -1.2251249323583733, "log10_min_child_weight": 2.3582702808802427, "log10_subsample": -0.8139699372101903, "max_depth": 7.0, "num_boost_round": 49.0}, "datetime": {"datetime": "2024-01-19 00:28:18", "elapsed": 991.079454, "delta": 0.001916}}
{"target": -17.706664868486776, "params": {"gamma": 436.8178366813281, "log10_alpha": -4.897056357904235, "log10_colsample_bytree": -0.7910683396463632, "log10_eta": -1.442177945630398, "log10_lambda": -1.2251249323583733, "log10_min_child_weight": 2.3582702808802427, "log10_subsample": -0.8139699372101903, "max_depth": 7.0, "num_boost_round": 50.0}, "datetime": {"datetime": "2024-01-19 00:28:18", "elapsed": 991.081392, "delta": 0.001938}}
{"target": -17.70924256194271, "params": {"gamma": 436.8178366813281, "log10_alpha": -4.897056357904235, "log10_colsample_bytree": -0.7910683396463632, "log10_eta": -1.442177945630398, "log10_lambda": -1.2251249323583733, "log10_min_child_weight": 2.3582702808802427, "log10_subsample": -0.8139699372101903, "max_depth": 7.0, "num_boost_round": 51.0}, "datetime": {"datetime": "2024-01-19 00:28:18", "elapsed": 991.083338, "delta": 0.001946}}
{"target": -17.709685566249195, "params": {"gamma": 436.8178366813281, "log10_alpha": -4.897056357904235, "log10_colsample_bytree": -0.7910683396463632, "log10_eta": -1.442177945630398, "log10_lambda": -1.2251249323583733, "log10_min_child_weight": 2.3582702808802427, "log10_subsample": -0.8139699372101903, "max_depth": 7.0, "num_boost_round": 52.0}, "datetime": {"datetime": "2024-01-19 00:28:18", "elapsed": 991.085297, "delta": 0.001959}}
{"target": -17.70919615119199, "params": {"gamma": 436.8178366813281, "log10_alpha": -4.897056357904235, "log10_colsample_bytree": -0.7910683396463632, "log10_eta": -1.442177945630398, "log10_lambda": -1.2251249323583733, "log10_min_child_weight": 2.3582702808802427, "log10_subsample": -0.8139699372101903, "max_depth": 7.0, "num_boost_round": 53.0}, "datetime": {"datetime": "2024-01-19 00:28:18", "elapsed": 991.087254, "delta": 0.001957}}
{"target": -17.710372236127046, "params": {"gamma": 436.8178366813281, "log10_alpha": -4.897056357904235, "log10_colsample_bytree": -0.7910683396463632, "log10_eta": -1.442177945630398, "log10_lambda": -1.2251249323583733, "log10_min_child_weight": 2.3582702808802427, "log10_subsample": -0.8139699372101903, "max_depth": 7.0, "num_boost_round": 54.0}, "datetime": {"datetime": "2024-01-19 00:28:18", "elapsed": 991.089177, "delta": 0.001923}}
{"target": -17.711268924317498, "params": {"gamma": 436.8178366813281, "log10_alpha": -4.897056357904235, "log10_colsample_bytree": -0.7910683396463632, "log10_eta": -1.442177945630398, "log10_lambda": -1.2251249323583733, "log10_min_child_weight": 2.3582702808802427, "log10_subsample": -0.8139699372101903, "max_depth": 7.0, "num_boost_round": 55.0}, "datetime": {"datetime": "2024-01-19 00:28:18", "elapsed": 991.091073, "delta": 0.001896}}
{"target": -17.71352350467981, "params": {"gamma": 436.8178366813281, "log10_alpha": -4.897056357904235, "log10_colsample_bytree": -0.7910683396463632, "log10_eta": -1.442177945630398, "log10_lambda": -1.2251249323583733, "log10_min_child_weight": 2.3582702808802427, "log10_subsample": -0.8139699372101903, "max_depth": 7.0, "num_boost_round": 56.0}, "datetime": {"datetime": "2024-01-19 00:28:18", "elapsed": 991.093016, "delta": 0.001943}}
{"target": -17.715586238961517, "params": {"gamma": 436.8178366813281, "log10_alpha": -4.897056357904235, "log10_colsample_bytree": -0.7910683396463632, "log10_eta": -1.442177945630398, "log10_lambda": -1.2251249323583733, "log10_min_child_weight": 2.3582702808802427, "log10_subsample": -0.8139699372101903, "max_depth": 7.0, "num_boost_round": 57.0}, "datetime": {"datetime": "2024-01-19 00:28:18", "elapsed": 991.094942, "delta": 0.001926}}
{"target": -17.677231102439638, "params": {"gamma": 435.5425280478543, "log10_alpha": -4.840063139463959, "log10_colsample_bytree": -0.1924524059826873, "log10_eta": -3.578920899465651, "log10_lambda": -4.616729313633098, "log10_min_child_weight": 4.32452589580803, "log10_subsample": -0.12758199034413475, "max_depth": 2.0, "num_boost_round": 0.0}, "datetime": {"datetime": "2024-01-19 00:28:55", "elapsed": 1028.176348, "delta": 37.081406}}
{"target": -17.677228877426366, "params": {"gamma": 435.5425280478543, "log10_alpha": -4.840063139463959, "log10_colsample_bytree": -0.1924524059826873, "log10_eta": -3.578920899465651, "log10_lambda": -4.616729313633098, "log10_min_child_weight": 4.32452589580803, "log10_subsample": -0.12758199034413475, "max_depth": 2.0, "num_boost_round": 1.0}, "datetime": {"datetime": "2024-01-19 00:28:55", "elapsed": 1028.179517, "delta": 0.003169}}
{"target": -17.677231301316993, "params": {"gamma": 435.5425280478543, "log10_alpha": -4.840063139463959, "log10_colsample_bytree": -0.1924524059826873, "log10_eta": -3.578920899465651, "log10_lambda": -4.616729313633098, "log10_min_child_weight": 4.32452589580803, "log10_subsample": -0.12758199034413475, "max_depth": 2.0, "num_boost_round": 2.0}, "datetime": {"datetime": "2024-01-19 00:28:55", "elapsed": 1028.181867, "delta": 0.00235}}
{"target": -17.67722930720162, "params": {"gamma": 435.5425280478543, "log10_alpha": -4.840063139463959, "log10_colsample_bytree": -0.1924524059826873, "log10_eta": -3.578920899465651, "log10_lambda": -4.616729313633098, "log10_min_child_weight": 4.32452589580803, "log10_subsample": -0.12758199034413475, "max_depth": 2.0, "num_boost_round": 3.0}, "datetime": {"datetime": "2024-01-19 00:28:55", "elapsed": 1028.183886, "delta": 0.002019}}
{"target": -17.677231859935087, "params": {"gamma": 435.5425280478543, "log10_alpha": -4.840063139463959, "log10_colsample_bytree": -0.1924524059826873, "log10_eta": -3.578920899465651, "log10_lambda": -4.616729313633098, "log10_min_child_weight": 4.32452589580803, "log10_subsample": -0.12758199034413475, "max_depth": 2.0, "num_boost_round": 4.0}, "datetime": {"datetime": "2024-01-19 00:28:55", "elapsed": 1028.185924, "delta": 0.002038}}
{"target": -17.67722998138186, "params": {"gamma": 435.5425280478543, "log10_alpha": -4.840063139463959, "log10_colsample_bytree": -0.1924524059826873, "log10_eta": -3.578920899465651, "log10_lambda": -4.616729313633098, "log10_min_child_weight": 4.32452589580803, "log10_subsample": -0.12758199034413475, "max_depth": 2.0, "num_boost_round": 5.0}, "datetime": {"datetime": "2024-01-19 00:28:55", "elapsed": 1028.188024, "delta": 0.0021}}
{"target": -17.677230757471452, "params": {"gamma": 435.5425280478543, "log10_alpha": -4.840063139463959, "log10_colsample_bytree": -0.1924524059826873, "log10_eta": -3.578920899465651, "log10_lambda": -4.616729313633098, "log10_min_child_weight": 4.32452589580803, "log10_subsample": -0.12758199034413475, "max_depth": 2.0, "num_boost_round": 6.0}, "datetime": {"datetime": "2024-01-19 00:28:55", "elapsed": 1028.19007, "delta": 0.002046}}
{"target": -17.677235183372005, "params": {"gamma": 435.5425280478543, "log10_alpha": -4.840063139463959, "log10_colsample_bytree": -0.1924524059826873, "log10_eta": -3.578920899465651, "log10_lambda": -4.616729313633098, "log10_min_child_weight": 4.32452589580803, "log10_subsample": -0.12758199034413475, "max_depth": 2.0, "num_boost_round": 7.0}, "datetime": {"datetime": "2024-01-19 00:28:55", "elapsed": 1028.192057, "delta": 0.001987}}
{"target": -17.677233440372667, "params": {"gamma": 435.5425280478543, "log10_alpha": -4.840063139463959, "log10_colsample_bytree": -0.1924524059826873, "log10_eta": -3.578920899465651, "log10_lambda": -4.616729313633098, "log10_min_child_weight": 4.32452589580803, "log10_subsample": -0.12758199034413475, "max_depth": 2.0, "num_boost_round": 8.0}, "datetime": {"datetime": "2024-01-19 00:28:55", "elapsed": 1028.194017, "delta": 0.00196}}
{"target": -17.677231411076377, "params": {"gamma": 435.5425280478543, "log10_alpha": -4.840063139463959, "log10_colsample_bytree": -0.1924524059826873, "log10_eta": -3.578920899465651, "log10_lambda": -4.616729313633098, "log10_min_child_weight": 4.32452589580803, "log10_subsample": -0.12758199034413475, "max_depth": 2.0, "num_boost_round": 9.0}, "datetime": {"datetime": "2024-01-19 00:28:55", "elapsed": 1028.195993, "delta": 0.001976}}
{"target": -17.677233704015055, "params": {"gamma": 435.5425280478543, "log10_alpha": -4.840063139463959, "log10_colsample_bytree": -0.1924524059826873, "log10_eta": -3.578920899465651, "log10_lambda": -4.616729313633098, "log10_min_child_weight": 4.32452589580803, "log10_subsample": -0.12758199034413475, "max_depth": 2.0, "num_boost_round": 10.0}, "datetime": {"datetime": "2024-01-19 00:28:55", "elapsed": 1028.197985, "delta": 0.001992}}
{"target": -17.67723057269518, "params": {"gamma": 435.5425280478543, "log10_alpha": -4.840063139463959, "log10_colsample_bytree": -0.1924524059826873, "log10_eta": -3.578920899465651, "log10_lambda": -4.616729313633098, "log10_min_child_weight": 4.32452589580803, "log10_subsample": -0.12758199034413475, "max_depth": 2.0, "num_boost_round": 11.0}, "datetime": {"datetime": "2024-01-19 00:28:55", "elapsed": 1028.199945, "delta": 0.00196}}
{"target": -17.677228667992193, "params": {"gamma": 435.5425280478543, "log10_alpha": -4.840063139463959, "log10_colsample_bytree": -0.1924524059826873, "log10_eta": -3.578920899465651, "log10_lambda": -4.616729313633098, "log10_min_child_weight": 4.32452589580803, "log10_subsample": -0.12758199034413475, "max_depth": 2.0, "num_boost_round": 12.0}, "datetime": {"datetime": "2024-01-19 00:28:55", "elapsed": 1028.202072, "delta": 0.002127}}
{"target": -17.67722698092002, "params": {"gamma": 435.5425280478543, "log10_alpha": -4.840063139463959, "log10_colsample_bytree": -0.1924524059826873, "log10_eta": -3.578920899465651, "log10_lambda": -4.616729313633098, "log10_min_child_weight": 4.32452589580803, "log10_subsample": -0.12758199034413475, "max_depth": 2.0, "num_boost_round": 13.0}, "datetime": {"datetime": "2024-01-19 00:28:55", "elapsed": 1028.204258, "delta": 0.002186}}
{"target": -17.677233452824705, "params": {"gamma": 435.5425280478543, "log10_alpha": -4.840063139463959, "log10_colsample_bytree": -0.1924524059826873, "log10_eta": -3.578920899465651, "log10_lambda": -4.616729313633098, "log10_min_child_weight": 4.32452589580803, "log10_subsample": -0.12758199034413475, "max_depth": 2.0, "num_boost_round": 14.0}, "datetime": {"datetime": "2024-01-19 00:28:55", "elapsed": 1028.206244, "delta": 0.001986}}
{"target": -17.677236000544035, "params": {"gamma": 435.5425280478543, "log10_alpha": -4.840063139463959, "log10_colsample_bytree": -0.1924524059826873, "log10_eta": -3.578920899465651, "log10_lambda": -4.616729313633098, "log10_min_child_weight": 4.32452589580803, "log10_subsample": -0.12758199034413475, "max_depth": 2.0, "num_boost_round": 15.0}, "datetime": {"datetime": "2024-01-19 00:28:55", "elapsed": 1028.208307, "delta": 0.002063}}
{"target": -17.6772330166913, "params": {"gamma": 435.5425280478543, "log10_alpha": -4.840063139463959, "log10_colsample_bytree": -0.1924524059826873, "log10_eta": -3.578920899465651, "log10_lambda": -4.616729313633098, "log10_min_child_weight": 4.32452589580803, "log10_subsample": -0.12758199034413475, "max_depth": 2.0, "num_boost_round": 16.0}, "datetime": {"datetime": "2024-01-19 00:28:55", "elapsed": 1028.210347, "delta": 0.00204}}
{"target": -17.677231248763956, "params": {"gamma": 435.5425280478543, "log10_alpha": -4.840063139463959, "log10_colsample_bytree": -0.1924524059826873, "log10_eta": -3.578920899465651, "log10_lambda": -4.616729313633098, "log10_min_child_weight": 4.32452589580803, "log10_subsample": -0.12758199034413475, "max_depth": 2.0, "num_boost_round": 17.0}, "datetime": {"datetime": "2024-01-19 00:28:55", "elapsed": 1028.212354, "delta": 0.002007}}
{"target": -17.67722955738364, "params": {"gamma": 435.5425280478543, "log10_alpha": -4.840063139463959, "log10_colsample_bytree": -0.1924524059826873, "log10_eta": -3.578920899465651, "log10_lambda": -4.616729313633098, "log10_min_child_weight": 4.32452589580803, "log10_subsample": -0.12758199034413475, "max_depth": 2.0, "num_boost_round": 18.0}, "datetime": {"datetime": "2024-01-19 00:28:55", "elapsed": 1028.21432, "delta": 0.001966}}
{"target": -17.67722774650811, "params": {"gamma": 435.5425280478543, "log10_alpha": -4.840063139463959, "log10_colsample_bytree": -0.1924524059826873, "log10_eta": -3.578920899465651, "log10_lambda": -4.616729313633098, "log10_min_child_weight": 4.32452589580803, "log10_subsample": -0.12758199034413475, "max_depth": 2.0, "num_boost_round": 19.0}, "datetime": {"datetime": "2024-01-19 00:28:55", "elapsed": 1028.216282, "delta": 0.001962}}
{"target": -17.67723220438579, "params": {"gamma": 435.5425280478543, "log10_alpha": -4.840063139463959, "log10_colsample_bytree": -0.1924524059826873, "log10_eta": -3.578920899465651, "log10_lambda": -4.616729313633098, "log10_min_child_weight": 4.32452589580803, "log10_subsample": -0.12758199034413475, "max_depth": 2.0, "num_boost_round": 20.0}, "datetime": {"datetime": "2024-01-19 00:28:55", "elapsed": 1028.218249, "delta": 0.001967}}
{"target": -17.67723007400942, "params": {"gamma": 435.5425280478543, "log10_alpha": -4.840063139463959, "log10_colsample_bytree": -0.1924524059826873, "log10_eta": -3.578920899465651, "log10_lambda": -4.616729313633098, "log10_min_child_weight": 4.32452589580803, "log10_subsample": -0.12758199034413475, "max_depth": 2.0, "num_boost_round": 21.0}, "datetime": {"datetime": "2024-01-19 00:28:55", "elapsed": 1028.22024, "delta": 0.001991}}
{"target": -17.67722646670145, "params": {"gamma": 435.5425280478543, "log10_alpha": -4.840063139463959, "log10_colsample_bytree": -0.1924524059826873, "log10_eta": -3.578920899465651, "log10_lambda": -4.616729313633098, "log10_min_child_weight": 4.32452589580803, "log10_subsample": -0.12758199034413475, "max_depth": 2.0, "num_boost_round": 22.0}, "datetime": {"datetime": "2024-01-19 00:28:55", "elapsed": 1028.22228, "delta": 0.00204}}
{"target": -17.67722672275607, "params": {"gamma": 435.5425280478543, "log10_alpha": -4.840063139463959, "log10_colsample_bytree": -0.1924524059826873, "log10_eta": -3.578920899465651, "log10_lambda": -4.616729313633098, "log10_min_child_weight": 4.32452589580803, "log10_subsample": -0.12758199034413475, "max_depth": 2.0, "num_boost_round": 23.0}, "datetime": {"datetime": "2024-01-19 00:28:55", "elapsed": 1028.224227, "delta": 0.001947}}
