{"target": -13.758542476234426, "params": {"gamma": 428.0337503432504, "log10_alpha": -5.0, "log10_colsample_bytree": 0.0, "log10_eta": 0.0, "log10_lambda": -5.0, "log10_min_child_weight": 5.0, "log10_subsample": -1.0, "max_depth": 8.0, "num_boost_round": 16.0}, "datetime": {"datetime": "2024-01-19 01:05:06", "elapsed": 3209.409002, "delta": 0.004526}}
{"target": -13.75853673250273, "params": {"gamma": 428.0337503432504, "log10_alpha": -5.0, "log10_colsample_bytree": 0.0, "log10_eta": 0.0, "log10_lambda": -5.0, "log10_min_child_weight": 5.0, "log10_subsample": -1.0, "max_depth": 8.0, "num_boost_round": 17.0}, "datetime": {"datetime": "2024-01-19 01:05:06", "elapsed": 3209.413406, "delta": 0.004404}}
{"target": -13.75862120728774, "params": {"gamma": 428.0337503432504, "log10_alpha": -5.0, "log10_colsample_bytree": 0.0, "log10_eta": 0.0, "log10_lambda": -5.0, "log10_min_child_weight": 5.0, "log10_subsample": -1.0, "max_depth": 8.0, "num_boost_round": 18.0}, "datetime": {"datetime": "2024-01-19 01:05:06", "elapsed": 3209.417759, "delta": 0.004353}}
{"target": -13.758615409289847, "params": {"gamma": 428.0337503432504, "log10_alpha": -5.0, "log10_colsample_bytree": 0.0, "log10_eta": 0.0, "log10_lambda": -5.0, "log10_min_child_weight": 5.0, "log10_subsample": -1.0, "max_depth": 8.0, "num_boost_round": 19.0}, "datetime": {"datetime": "2024-01-19 01:05:06", "elapsed": 3209.422119, "delta": 0.00436}}
{"target": -13.758536000663545, "params": {"gamma": 428.0337503432504, "log10_alpha": -5.0, "log10_colsample_bytree": 0.0, "log10_eta": 0.0, "log10_lambda": -5.0, "log10_min_child_weight": 5.0, "log10_subsample": -1.0, "max_depth": 8.0, "num_boost_round": 20.0}, "datetime": {"datetime": "2024-01-19 01:05:06", "elapsed": 3209.42651, "delta": 0.004391}}
{"target": -13.758545464412016, "params": {"gamma": 428.0337503432504, "log10_alpha": -5.0, "log10_colsample_bytree": 0.0, "log10_eta": 0.0, "log10_lambda": -5.0, "log10_min_child_weight": 5.0, "log10_subsample": -1.0, "max_depth": 8.0, "num_boost_round": 21.0}, "datetime": {"datetime": "2024-01-19 01:05:06", "elapsed": 3209.431049, "delta": 0.004539}}
{"target": -13.758538918490979, "params": {"gamma": 428.0337503432504, "log10_alpha": -5.0, "log10_colsample_bytree": 0.0, "log10_eta": 0.0, "log10_lambda": -5.0, "log10_min_child_weight": 5.0, "log10_subsample": -1.0, "max_depth": 8.0, "num_boost_round": 22.0}, "datetime": {"datetime": "2024-01-19 01:05:06", "elapsed": 3209.435388, "delta": 0.004339}}
{"target": -13.758561943660263, "params": {"gamma": 428.0337503432504, "log10_alpha": -5.0, "log10_colsample_bytree": 0.0, "log10_eta": 0.0, "log10_lambda": -5.0, "log10_min_child_weight": 5.0, "log10_subsample": -1.0, "max_depth": 8.0, "num_boost_round": 23.0}, "datetime": {"datetime": "2024-01-19 01:05:06", "elapsed": 3209.439752, "delta": 0.004364}}
{"target": -13.758537766329052, "params": {"gamma": 428.0337503432504, "log10_alpha": -5.0, "log10_colsample_bytree": 0.0, "log10_eta": 0.0, "log10_lambda": -5.0, "log10_min_child_weight": 5.0, "log10_subsample": -1.0, "max_depth": 8.0, "num_boost_round": 24.0}, "datetime": {"datetime": "2024-01-19 01:05:06", "elapsed": 3209.444117, "delta": 0.004365}}
{"target": -13.75854551077522, "params": {"gamma": 428.0337503432504, "log10_alpha": -5.0, "log10_colsample_bytree": 0.0, "log10_eta": 0.0, "log10_lambda": -5.0, "log10_min_child_weight": 5.0, "log10_subsample": -1.0, "max_depth": 8.0, "num_boost_round": 25.0}, "datetime": {"datetime": "2024-01-19 01:05:06", "elapsed": 3209.44858, "delta": 0.004463}}
{"target": -13.758537064989126, "params": {"gamma": 428.0337503432504, "log10_alpha": -5.0, "log10_colsample_bytree": 0.0, "log10_eta": 0.0, "log10_lambda": -5.0, "log10_min_child_weight": 5.0, "log10_subsample": -1.0, "max_depth": 8.0, "num_boost_round": 26.0}, "datetime": {"datetime": "2024-01-19 01:05:06", "elapsed": 3209.45302, "delta": 0.00444}}
{"target": -13.758667038023454, "params": {"gamma": 428.0337503432504, "log10_alpha": -5.0, "log10_colsample_bytree": 0.0, "log10_eta": 0.0, "log10_lambda": -5.0, "log10_min_child_weight": 5.0, "log10_subsample": -1.0, "max_depth": 8.0, "num_boost_round": 27.0}, "datetime": {"datetime": "2024-01-19 01:05:06", "elapsed": 3209.457344, "delta": 0.004324}}
{"target": -13.758570398385313, "params": {"gamma": 428.0337503432504, "log10_alpha": -5.0, "log10_colsample_bytree": 0.0, "log10_eta": 0.0, "log10_lambda": -5.0, "log10_min_child_weight": 5.0, "log10_subsample": -1.0, "max_depth": 8.0, "num_boost_round": 28.0}, "datetime": {"datetime": "2024-01-19 01:05:06", "elapsed": 3209.461677, "delta": 0.004333}}
{"target": -13.758570232435767, "params": {"gamma": 428.0337503432504, "log10_alpha": -5.0, "log10_colsample_bytree": 0.0, "log10_eta": 0.0, "log10_lambda": -5.0, "log10_min_child_weight": 5.0, "log10_subsample": -1.0, "max_depth": 8.0, "num_boost_round": 29.0}, "datetime": {"datetime": "2024-01-19 01:05:06", "elapsed": 3209.466077, "delta": 0.0044}}
{"target": -13.758538188873848, "params": {"gamma": 428.0337503432504, "log10_alpha": -5.0, "log10_colsample_bytree": 0.0, "log10_eta": 0.0, "log10_lambda": -5.0, "log10_min_child_weight": 5.0, "log10_subsample": -1.0, "max_depth": 8.0, "num_boost_round": 30.0}, "datetime": {"datetime": "2024-01-19 01:05:06", "elapsed": 3209.470544, "delta": 0.004467}}
{"target": -13.758542615404526, "params": {"gamma": 428.0337503432504, "log10_alpha": -5.0, "log10_colsample_bytree": 0.0, "log10_eta": 0.0, "log10_lambda": -5.0, "log10_min_child_weight": 5.0, "log10_subsample": -1.0, "max_depth": 8.0, "num_boost_round": 31.0}, "datetime": {"datetime": "2024-01-19 01:05:06", "elapsed": 3209.474949, "delta": 0.004405}}
{"target": -13.758538390595515, "params": {"gamma": 428.0337503432504, "log10_alpha": -5.0, "log10_colsample_bytree": 0.0, "log10_eta": 0.0, "log10_lambda": -5.0, "log10_min_child_weight": 5.0, "log10_subsample": -1.0, "max_depth": 8.0, "num_boost_round": 32.0}, "datetime": {"datetime": "2024-01-19 01:05:06", "elapsed": 3209.479312, "delta": 0.004363}}
{"target": -13.758550000829146, "params": {"gamma": 428.0337503432504, "log10_alpha": -5.0, "log10_colsample_bytree": 0.0, "log10_eta": 0.0, "log10_lambda": -5.0, "log10_min_child_weight": 5.0, "log10_subsample": -1.0, "max_depth": 8.0, "num_boost_round": 33.0}, "datetime": {"datetime": "2024-01-19 01:05:06", "elapsed": 3209.483768, "delta": 0.004456}}
{"target": -13.758536859034685, "params": {"gamma": 428.0337503432504, "log10_alpha": -5.0, "log10_colsample_bytree": 0.0, "log10_eta": 0.0, "log10_lambda": -5.0, "log10_min_child_weight": 5.0, "log10_subsample": -1.0, "max_depth": 8.0, "num_boost_round": 34.0}, "datetime": {"datetime": "2024-01-19 01:05:06", "elapsed": 3209.488124, "delta": 0.004356}}
{"target": -13.758663860571167, "params": {"gamma": 428.0337503432504, "log10_alpha": -5.0, "log10_colsample_bytree": 0.0, "log10_eta": 0.0, "log10_lambda": -5.0, "log10_min_child_weight": 5.0, "log10_subsample": -1.0, "max_depth": 8.0, "num_boost_round": 35.0}, "datetime": {"datetime": "2024-01-19 01:05:06", "elapsed": 3209.492678, "delta": 0.004554}}
{"target": -13.758541193972338, "params": {"gamma": 428.0337503432504, "log10_alpha": -5.0, "log10_colsample_bytree": 0.0, "log10_eta": 0.0, "log10_lambda": -5.0, "log10_min_child_weight": 5.0, "log10_subsample": -1.0, "max_depth": 8.0, "num_boost_round": 36.0}, "datetime": {"datetime": "2024-01-19 01:05:06", "elapsed": 3209.497103, "delta": 0.004425}}
{"target": -13.758536586083794, "params": {"gamma": 428.0337503432504, "log10_alpha": -5.0, "log10_colsample_bytree": 0.0, "log10_eta": 0.0, "log10_lambda": -5.0, "log10_min_child_weight": 5.0, "log10_subsample": -1.0, "max_depth": 8.0, "num_boost_round": 37.0}, "datetime": {"datetime": "2024-01-19 01:05:06", "elapsed": 3209.501623, "delta": 0.00452}}
{"target": -13.75854736609267, "params": {"gamma": 428.0337503432504, "log10_alpha": -5.0, "log10_colsample_bytree": 0.0, "log10_eta": 0.0, "log10_lambda": -5.0, "log10_min_child_weight": 5.0, "log10_subsample": -1.0, "max_depth": 8.0, "num_boost_round": 38.0}, "datetime": {"datetime": "2024-01-19 01:05:06", "elapsed": 3209.506015, "delta": 0.004392}}
{"target": -13.758617789160686, "params": {"gamma": 428.0337503432504, "log10_alpha": -5.0, "log10_colsample_bytree": 0.0, "log10_eta": 0.0, "log10_lambda": -5.0, "log10_min_child_weight": 5.0, "log10_subsample": -1.0, "max_depth": 8.0, "num_boost_round": 39.0}, "datetime": {"datetime": "2024-01-19 01:05:06", "elapsed": 3209.510545, "delta": 0.00453}}
{"target": -13.758536430661037, "params": {"gamma": 428.0337503432504, "log10_alpha": -5.0, "log10_colsample_bytree": 0.0, "log10_eta": 0.0, "log10_lambda": -5.0, "log10_min_child_weight": 5.0, "log10_subsample": -1.0, "max_depth": 8.0, "num_boost_round": 40.0}, "datetime": {"datetime": "2024-01-19 01:05:06", "elapsed": 3209.514915, "delta": 0.00437}}
{"target": -13.758551939284692, "params": {"gamma": 428.0337503432504, "log10_alpha": -5.0, "log10_colsample_bytree": 0.0, "log10_eta": 0.0, "log10_lambda": -5.0, "log10_min_child_weight": 5.0, "log10_subsample": -1.0, "max_depth": 8.0, "num_boost_round": 41.0}, "datetime": {"datetime": "2024-01-19 01:05:06", "elapsed": 3209.609412, "delta": 0.094497}}
{"target": -13.758678371076932, "params": {"gamma": 428.0337503432504, "log10_alpha": -5.0, "log10_colsample_bytree": 0.0, "log10_eta": 0.0, "log10_lambda": -5.0, "log10_min_child_weight": 5.0, "log10_subsample": -1.0, "max_depth": 8.0, "num_boost_round": 42.0}, "datetime": {"datetime": "2024-01-19 01:05:06", "elapsed": 3209.614418, "delta": 0.005006}}
{"target": -13.758549294796563, "params": {"gamma": 428.0337503432504, "log10_alpha": -5.0, "log10_colsample_bytree": 0.0, "log10_eta": 0.0, "log10_lambda": -5.0, "log10_min_child_weight": 5.0, "log10_subsample": -1.0, "max_depth": 8.0, "num_boost_round": 43.0}, "datetime": {"datetime": "2024-01-19 01:05:06", "elapsed": 3209.619237, "delta": 0.004819}}
{"target": -13.758548960294426, "params": {"gamma": 428.0337503432504, "log10_alpha": -5.0, "log10_colsample_bytree": 0.0, "log10_eta": 0.0, "log10_lambda": -5.0, "log10_min_child_weight": 5.0, "log10_subsample": -1.0, "max_depth": 8.0, "num_boost_round": 44.0}, "datetime": {"datetime": "2024-01-19 01:05:06", "elapsed": 3209.623688, "delta": 0.004451}}
{"target": -13.758544932049329, "params": {"gamma": 428.0337503432504, "log10_alpha": -5.0, "log10_colsample_bytree": 0.0, "log10_eta": 0.0, "log10_lambda": -5.0, "log10_min_child_weight": 5.0, "log10_subsample": -1.0, "max_depth": 8.0, "num_boost_round": 45.0}, "datetime": {"datetime": "2024-01-19 01:05:06", "elapsed": 3209.62824, "delta": 0.004552}}
{"target": -13.758602891990867, "params": {"gamma": 428.0337503432504, "log10_alpha": -5.0, "log10_colsample_bytree": 0.0, "log10_eta": 0.0, "log10_lambda": -5.0, "log10_min_child_weight": 5.0, "log10_subsample": -1.0, "max_depth": 8.0, "num_boost_round": 46.0}, "datetime": {"datetime": "2024-01-19 01:05:06", "elapsed": 3209.632684, "delta": 0.004444}}
{"target": -13.758547218469596, "params": {"gamma": 428.0337503432504, "log10_alpha": -5.0, "log10_colsample_bytree": 0.0, "log10_eta": 0.0, "log10_lambda": -5.0, "log10_min_child_weight": 5.0, "log10_subsample": -1.0, "max_depth": 8.0, "num_boost_round": 47.0}, "datetime": {"datetime": "2024-01-19 01:05:06", "elapsed": 3209.637164, "delta": 0.00448}}
{"target": -13.75853889369156, "params": {"gamma": 428.0337503432504, "log10_alpha": -5.0, "log10_colsample_bytree": 0.0, "log10_eta": 0.0, "log10_lambda": -5.0, "log10_min_child_weight": 5.0, "log10_subsample": -1.0, "max_depth": 8.0, "num_boost_round": 48.0}, "datetime": {"datetime": "2024-01-19 01:05:06", "elapsed": 3209.641631, "delta": 0.004467}}
{"target": -13.758585012693626, "params": {"gamma": 428.0337503432504, "log10_alpha": -5.0, "log10_colsample_bytree": 0.0, "log10_eta": 0.0, "log10_lambda": -5.0, "log10_min_child_weight": 5.0, "log10_subsample": -1.0, "max_depth": 8.0, "num_boost_round": 49.0}, "datetime": {"datetime": "2024-01-19 01:05:06", "elapsed": 3209.64622, "delta": 0.004589}}
{"target": -13.758537291905348, "params": {"gamma": 428.0337503432504, "log10_alpha": -5.0, "log10_colsample_bytree": 0.0, "log10_eta": 0.0, "log10_lambda": -5.0, "log10_min_child_weight": 5.0, "log10_subsample": -1.0, "max_depth": 8.0, "num_boost_round": 50.0}, "datetime": {"datetime": "2024-01-19 01:05:06", "elapsed": 3209.650656, "delta": 0.004436}}
{"target": -13.758686737895502, "params": {"gamma": 428.0337503432504, "log10_alpha": -5.0, "log10_colsample_bytree": 0.0, "log10_eta": 0.0, "log10_lambda": -5.0, "log10_min_child_weight": 5.0, "log10_subsample": -1.0, "max_depth": 8.0, "num_boost_round": 51.0}, "datetime": {"datetime": "2024-01-19 01:05:06", "elapsed": 3209.655148, "delta": 0.004492}}
{"target": -13.758580197566802, "params": {"gamma": 428.0337503432504, "log10_alpha": -5.0, "log10_colsample_bytree": 0.0, "log10_eta": 0.0, "log10_lambda": -5.0, "log10_min_child_weight": 5.0, "log10_subsample": -1.0, "max_depth": 8.0, "num_boost_round": 52.0}, "datetime": {"datetime": "2024-01-19 01:05:06", "elapsed": 3209.659622, "delta": 0.004474}}
{"target": -13.75854345091536, "params": {"gamma": 428.0337503432504, "log10_alpha": -5.0, "log10_colsample_bytree": 0.0, "log10_eta": 0.0, "log10_lambda": -5.0, "log10_min_child_weight": 5.0, "log10_subsample": -1.0, "max_depth": 8.0, "num_boost_round": 53.0}, "datetime": {"datetime": "2024-01-19 01:05:06", "elapsed": 3209.664191, "delta": 0.004569}}
{"target": -13.75854618790133, "params": {"gamma": 428.0337503432504, "log10_alpha": -5.0, "log10_colsample_bytree": 0.0, "log10_eta": 0.0, "log10_lambda": -5.0, "log10_min_child_weight": 5.0, "log10_subsample": -1.0, "max_depth": 8.0, "num_boost_round": 54.0}, "datetime": {"datetime": "2024-01-19 01:05:06", "elapsed": 3209.66863, "delta": 0.004439}}
{"target": -13.75854756874428, "params": {"gamma": 428.0337503432504, "log10_alpha": -5.0, "log10_colsample_bytree": 0.0, "log10_eta": 0.0, "log10_lambda": -5.0, "log10_min_child_weight": 5.0, "log10_subsample": -1.0, "max_depth": 8.0, "num_boost_round": 55.0}, "datetime": {"datetime": "2024-01-19 01:05:06", "elapsed": 3209.673114, "delta": 0.004484}}
{"target": -13.758573097554207, "params": {"gamma": 428.0337503432504, "log10_alpha": -5.0, "log10_colsample_bytree": 0.0, "log10_eta": 0.0, "log10_lambda": -5.0, "log10_min_child_weight": 5.0, "log10_subsample": -1.0, "max_depth": 8.0, "num_boost_round": 56.0}, "datetime": {"datetime": "2024-01-19 01:05:06", "elapsed": 3209.677545, "delta": 0.004431}}
{"target": -13.758552918023552, "params": {"gamma": 428.0337503432504, "log10_alpha": -5.0, "log10_colsample_bytree": 0.0, "log10_eta": 0.0, "log10_lambda": -5.0, "log10_min_child_weight": 5.0, "log10_subsample": -1.0, "max_depth": 8.0, "num_boost_round": 57.0}, "datetime": {"datetime": "2024-01-19 01:05:06", "elapsed": 3209.682143, "delta": 0.004598}}
{"target": -13.758564143261589, "params": {"gamma": 428.0337503432504, "log10_alpha": -5.0, "log10_colsample_bytree": 0.0, "log10_eta": 0.0, "log10_lambda": -5.0, "log10_min_child_weight": 5.0, "log10_subsample": -1.0, "max_depth": 8.0, "num_boost_round": 58.0}, "datetime": {"datetime": "2024-01-19 01:05:06", "elapsed": 3209.686937, "delta": 0.004794}}
{"target": -13.758540255075303, "params": {"gamma": 428.0337503432504, "log10_alpha": -5.0, "log10_colsample_bytree": 0.0, "log10_eta": 0.0, "log10_lambda": -5.0, "log10_min_child_weight": 5.0, "log10_subsample": -1.0, "max_depth": 8.0, "num_boost_round": 59.0}, "datetime": {"datetime": "2024-01-19 01:05:06", "elapsed": 3209.691496, "delta": 0.004559}}
{"target": -13.758544244205646, "params": {"gamma": 428.0337503432504, "log10_alpha": -5.0, "log10_colsample_bytree": 0.0, "log10_eta": 0.0, "log10_lambda": -5.0, "log10_min_child_weight": 5.0, "log10_subsample": -1.0, "max_depth": 8.0, "num_boost_round": 60.0}, "datetime": {"datetime": "2024-01-19 01:05:06", "elapsed": 3209.696125, "delta": 0.004629}}
{"target": -13.758538398927643, "params": {"gamma": 428.0337503432504, "log10_alpha": -5.0, "log10_colsample_bytree": 0.0, "log10_eta": 0.0, "log10_lambda": -5.0, "log10_min_child_weight": 5.0, "log10_subsample": -1.0, "max_depth": 8.0, "num_boost_round": 61.0}, "datetime": {"datetime": "2024-01-19 01:05:06", "elapsed": 3209.700727, "delta": 0.004602}}
{"target": -13.758536086377932, "params": {"gamma": 428.0337503432504, "log10_alpha": -5.0, "log10_colsample_bytree": 0.0, "log10_eta": 0.0, "log10_lambda": -5.0, "log10_min_child_weight": 5.0, "log10_subsample": -1.0, "max_depth": 8.0, "num_boost_round": 62.0}, "datetime": {"datetime": "2024-01-19 01:05:06", "elapsed": 3209.705198, "delta": 0.004471}}
{"target": -13.758616430294344, "params": {"gamma": 428.0337503432504, "log10_alpha": -5.0, "log10_colsample_bytree": 0.0, "log10_eta": 0.0, "log10_lambda": -5.0, "log10_min_child_weight": 5.0, "log10_subsample": -1.0, "max_depth": 8.0, "num_boost_round": 63.0}, "datetime": {"datetime": "2024-01-19 01:05:06", "elapsed": 3209.709716, "delta": 0.004518}}
{"target": -13.758542555406246, "params": {"gamma": 428.0337503432504, "log10_alpha": -5.0, "log10_colsample_bytree": 0.0, "log10_eta": 0.0, "log10_lambda": -5.0, "log10_min_child_weight": 5.0, "log10_subsample": -1.0, "max_depth": 8.0, "num_boost_round": 64.0}, "datetime": {"datetime": "2024-01-19 01:05:06", "elapsed": 3209.714212, "delta": 0.004496}}
{"target": -13.758577112423561, "params": {"gamma": 428.0337503432504, "log10_alpha": -5.0, "log10_colsample_bytree": 0.0, "log10_eta": 0.0, "log10_lambda": -5.0, "log10_min_child_weight": 5.0, "log10_subsample": -1.0, "max_depth": 8.0, "num_boost_round": 65.0}, "datetime": {"datetime": "2024-01-19 01:05:06", "elapsed": 3209.718861, "delta": 0.004649}}
{"target": -13.758540821570206, "params": {"gamma": 428.0337503432504, "log10_alpha": -5.0, "log10_colsample_bytree": 0.0, "log10_eta": 0.0, "log10_lambda": -5.0, "log10_min_child_weight": 5.0, "log10_subsample": -1.0, "max_depth": 8.0, "num_boost_round": 66.0}, "datetime": {"datetime": "2024-01-19 01:05:06", "elapsed": 3209.72337, "delta": 0.004509}}
{"target": -13.758538364844187, "params": {"gamma": 428.0337503432504, "log10_alpha": -5.0, "log10_colsample_bytree": 0.0, "log10_eta": 0.0, "log10_lambda": -5.0, "log10_min_child_weight": 5.0, "log10_subsample": -1.0, "max_depth": 8.0, "num_boost_round": 67.0}, "datetime": {"datetime": "2024-01-19 01:05:06", "elapsed": 3209.727861, "delta": 0.004491}}
{"target": -13.758539103606356, "params": {"gamma": 428.0337503432504, "log10_alpha": -5.0, "log10_colsample_bytree": 0.0, "log10_eta": 0.0, "log10_lambda": -5.0, "log10_min_child_weight": 5.0, "log10_subsample": -1.0, "max_depth": 8.0, "num_boost_round": 68.0}, "datetime": {"datetime": "2024-01-19 01:05:06", "elapsed": 3209.732405, "delta": 0.004544}}
{"target": -13.758537824234358, "params": {"gamma": 428.0337503432504, "log10_alpha": -5.0, "log10_colsample_bytree": 0.0, "log10_eta": 0.0, "log10_lambda": -5.0, "log10_min_child_weight": 5.0, "log10_subsample": -1.0, "max_depth": 8.0, "num_boost_round": 69.0}, "datetime": {"datetime": "2024-01-19 01:05:06", "elapsed": 3209.737061, "delta": 0.004656}}
{"target": -13.758545380618575, "params": {"gamma": 428.0337503432504, "log10_alpha": -5.0, "log10_colsample_bytree": 0.0, "log10_eta": 0.0, "log10_lambda": -5.0, "log10_min_child_weight": 5.0, "log10_subsample": -1.0, "max_depth": 8.0, "num_boost_round": 70.0}, "datetime": {"datetime": "2024-01-19 01:05:06", "elapsed": 3209.74158, "delta": 0.004519}}
{"target": -13.75853619727747, "params": {"gamma": 428.0337503432504, "log10_alpha": -5.0, "log10_colsample_bytree": 0.0, "log10_eta": 0.0, "log10_lambda": -5.0, "log10_min_child_weight": 5.0, "log10_subsample": -1.0, "max_depth": 8.0, "num_boost_round": 71.0}, "datetime": {"datetime": "2024-01-19 01:05:06", "elapsed": 3209.746108, "delta": 0.004528}}
{"target": -13.758536117909381, "params": {"gamma": 428.0337503432504, "log10_alpha": -5.0, "log10_colsample_bytree": 0.0, "log10_eta": 0.0, "log10_lambda": -5.0, "log10_min_child_weight": 5.0, "log10_subsample": -1.0, "max_depth": 8.0, "num_boost_round": 72.0}, "datetime": {"datetime": "2024-01-19 01:05:06", "elapsed": 3209.75065, "delta": 0.004542}}
{"target": -13.758674525570195, "params": {"gamma": 428.0337503432504, "log10_alpha": -5.0, "log10_colsample_bytree": 0.0, "log10_eta": 0.0, "log10_lambda": -5.0, "log10_min_child_weight": 5.0, "log10_subsample": -1.0, "max_depth": 8.0, "num_boost_round": 73.0}, "datetime": {"datetime": "2024-01-19 01:05:06", "elapsed": 3209.755643, "delta": 0.004993}}
{"target": -13.758538135721725, "params": {"gamma": 428.0337503432504, "log10_alpha": -5.0, "log10_colsample_bytree": 0.0, "log10_eta": 0.0, "log10_lambda": -5.0, "log10_min_child_weight": 5.0, "log10_subsample": -1.0, "max_depth": 8.0, "num_boost_round": 74.0}, "datetime": {"datetime": "2024-01-19 01:05:06", "elapsed": 3209.760168, "delta": 0.004525}}
{"target": -13.758538727186938, "params": {"gamma": 428.0337503432504, "log10_alpha": -5.0, "log10_colsample_bytree": 0.0, "log10_eta": 0.0, "log10_lambda": -5.0, "log10_min_child_weight": 5.0, "log10_subsample": -1.0, "max_depth": 8.0, "num_boost_round": 75.0}, "datetime": {"datetime": "2024-01-19 01:05:06", "elapsed": 3209.764747, "delta": 0.004579}}
{"target": -13.758562880339237, "params": {"gamma": 428.0337503432504, "log10_alpha": -5.0, "log10_colsample_bytree": 0.0, "log10_eta": 0.0, "log10_lambda": -5.0, "log10_min_child_weight": 5.0, "log10_subsample": -1.0, "max_depth": 8.0, "num_boost_round": 76.0}, "datetime": {"datetime": "2024-01-19 01:05:06", "elapsed": 3209.769247, "delta": 0.0045}}
{"target": -13.758574066496669, "params": {"gamma": 428.0337503432504, "log10_alpha": -5.0, "log10_colsample_bytree": 0.0, "log10_eta": 0.0, "log10_lambda": -5.0, "log10_min_child_weight": 5.0, "log10_subsample": -1.0, "max_depth": 8.0, "num_boost_round": 77.0}, "datetime": {"datetime": "2024-01-19 01:05:06", "elapsed": 3209.773898, "delta": 0.004651}}
