{"target": -13.758484616757501, "params": {"gamma": 845.6525473087718, "log10_alpha": -4.947997819409973, "log10_colsample_bytree": -0.5995487118429378, "log10_eta": -3.806650555499242, "log10_lambda": 0.4962263800611675, "log10_min_child_weight": 0.8924738836244356, "log10_subsample": -0.5672778040257019, "max_depth": 7.0, "num_boost_round": 8.0}, "datetime": {"datetime": "2024-01-19 00:33:35", "elapsed": 1335.773697, "delta": 0.001664}}
{"target": -13.758485062514678, "params": {"gamma": 845.6525473087718, "log10_alpha": -4.947997819409973, "log10_colsample_bytree": -0.5995487118429378, "log10_eta": -3.806650555499242, "log10_lambda": 0.4962263800611675, "log10_min_child_weight": 0.8924738836244356, "log10_subsample": -0.5672778040257019, "max_depth": 7.0, "num_boost_round": 9.0}, "datetime": {"datetime": "2024-01-19 00:33:35", "elapsed": 1335.775296, "delta": 0.001599}}
{"target": -13.758536173428526, "params": {"gamma": 862.6956667301973, "log10_alpha": -0.7575038199699318, "log10_colsample_bytree": -0.24841899055061745, "log10_eta": -3.824597585878452, "log10_lambda": -2.249570148604305, "log10_min_child_weight": 0.9752276536630122, "log10_subsample": -0.3701493311555146, "max_depth": 7.0, "num_boost_round": 0.0}, "datetime": {"datetime": "2024-01-19 00:33:57", "elapsed": 1357.178053, "delta": 21.402757}}
{"target": -13.758534701145981, "params": {"gamma": 862.6956667301973, "log10_alpha": -0.7575038199699318, "log10_colsample_bytree": -0.24841899055061745, "log10_eta": -3.824597585878452, "log10_lambda": -2.249570148604305, "log10_min_child_weight": 0.9752276536630122, "log10_subsample": -0.3701493311555146, "max_depth": 7.0, "num_boost_round": 1.0}, "datetime": {"datetime": "2024-01-19 00:33:57", "elapsed": 1357.180349, "delta": 0.002296}}
{"target": -13.7585269359457, "params": {"gamma": 862.6956667301973, "log10_alpha": -0.7575038199699318, "log10_colsample_bytree": -0.24841899055061745, "log10_eta": -3.824597585878452, "log10_lambda": -2.249570148604305, "log10_min_child_weight": 0.9752276536630122, "log10_subsample": -0.3701493311555146, "max_depth": 7.0, "num_boost_round": 2.0}, "datetime": {"datetime": "2024-01-19 00:33:57", "elapsed": 1357.182097, "delta": 0.001748}}
{"target": -13.75852462156769, "params": {"gamma": 862.6956667301973, "log10_alpha": -0.7575038199699318, "log10_colsample_bytree": -0.24841899055061745, "log10_eta": -3.824597585878452, "log10_lambda": -2.249570148604305, "log10_min_child_weight": 0.9752276536630122, "log10_subsample": -0.3701493311555146, "max_depth": 7.0, "num_boost_round": 3.0}, "datetime": {"datetime": "2024-01-19 00:33:57", "elapsed": 1357.183644, "delta": 0.001547}}
{"target": -13.758516360563895, "params": {"gamma": 862.6956667301973, "log10_alpha": -0.7575038199699318, "log10_colsample_bytree": -0.24841899055061745, "log10_eta": -3.824597585878452, "log10_lambda": -2.249570148604305, "log10_min_child_weight": 0.9752276536630122, "log10_subsample": -0.3701493311555146, "max_depth": 7.0, "num_boost_round": 4.0}, "datetime": {"datetime": "2024-01-19 00:33:57", "elapsed": 1357.185215, "delta": 0.001571}}
{"target": -13.758522050092058, "params": {"gamma": 862.6956667301973, "log10_alpha": -0.7575038199699318, "log10_colsample_bytree": -0.24841899055061745, "log10_eta": -3.824597585878452, "log10_lambda": -2.249570148604305, "log10_min_child_weight": 0.9752276536630122, "log10_subsample": -0.3701493311555146, "max_depth": 7.0, "num_boost_round": 5.0}, "datetime": {"datetime": "2024-01-19 00:33:57", "elapsed": 1357.18676, "delta": 0.001545}}
{"target": -13.758524311326193, "params": {"gamma": 862.6956667301973, "log10_alpha": -0.7575038199699318, "log10_colsample_bytree": -0.24841899055061745, "log10_eta": -3.824597585878452, "log10_lambda": -2.249570148604305, "log10_min_child_weight": 0.9752276536630122, "log10_subsample": -0.3701493311555146, "max_depth": 7.0, "num_boost_round": 6.0}, "datetime": {"datetime": "2024-01-19 00:33:57", "elapsed": 1357.188284, "delta": 0.001524}}
{"target": -13.758525703489472, "params": {"gamma": 862.6956667301973, "log10_alpha": -0.7575038199699318, "log10_colsample_bytree": -0.24841899055061745, "log10_eta": -3.824597585878452, "log10_lambda": -2.249570148604305, "log10_min_child_weight": 0.9752276536630122, "log10_subsample": -0.3701493311555146, "max_depth": 7.0, "num_boost_round": 7.0}, "datetime": {"datetime": "2024-01-19 00:33:57", "elapsed": 1357.189857, "delta": 0.001573}}
{"target": -13.75852521995946, "params": {"gamma": 862.6956667301973, "log10_alpha": -0.7575038199699318, "log10_colsample_bytree": -0.24841899055061745, "log10_eta": -3.824597585878452, "log10_lambda": -2.249570148604305, "log10_min_child_weight": 0.9752276536630122, "log10_subsample": -0.3701493311555146, "max_depth": 7.0, "num_boost_round": 8.0}, "datetime": {"datetime": "2024-01-19 00:33:57", "elapsed": 1357.191377, "delta": 0.00152}}
{"target": -13.758523798096029, "params": {"gamma": 862.6956667301973, "log10_alpha": -0.7575038199699318, "log10_colsample_bytree": -0.24841899055061745, "log10_eta": -3.824597585878452, "log10_lambda": -2.249570148604305, "log10_min_child_weight": 0.9752276536630122, "log10_subsample": -0.3701493311555146, "max_depth": 7.0, "num_boost_round": 9.0}, "datetime": {"datetime": "2024-01-19 00:33:57", "elapsed": 1357.192999, "delta": 0.001622}}
{"target": -13.758518511184016, "params": {"gamma": 862.6956667301973, "log10_alpha": -0.7575038199699318, "log10_colsample_bytree": -0.24841899055061745, "log10_eta": -3.824597585878452, "log10_lambda": -2.249570148604305, "log10_min_child_weight": 0.9752276536630122, "log10_subsample": -0.3701493311555146, "max_depth": 7.0, "num_boost_round": 10.0}, "datetime": {"datetime": "2024-01-19 00:33:57", "elapsed": 1357.194533, "delta": 0.001534}}
{"target": -13.758508897296709, "params": {"gamma": 862.6956667301973, "log10_alpha": -0.7575038199699318, "log10_colsample_bytree": -0.24841899055061745, "log10_eta": -3.824597585878452, "log10_lambda": -2.249570148604305, "log10_min_child_weight": 0.9752276536630122, "log10_subsample": -0.3701493311555146, "max_depth": 7.0, "num_boost_round": 11.0}, "datetime": {"datetime": "2024-01-19 00:33:57", "elapsed": 1357.196097, "delta": 0.001564}}
{"target": -13.758502760355896, "params": {"gamma": 862.6956667301973, "log10_alpha": -0.7575038199699318, "log10_colsample_bytree": -0.24841899055061745, "log10_eta": -3.824597585878452, "log10_lambda": -2.249570148604305, "log10_min_child_weight": 0.9752276536630122, "log10_subsample": -0.3701493311555146, "max_depth": 7.0, "num_boost_round": 12.0}, "datetime": {"datetime": "2024-01-19 00:33:57", "elapsed": 1357.19768, "delta": 0.001583}}
{"target": -13.758534137895765, "params": {"gamma": 857.2426484014804, "log10_alpha": 0.25559485725203146, "log10_colsample_bytree": -0.4462126413718941, "log10_eta": -3.8511275074280045, "log10_lambda": -4.748503326012351, "log10_min_child_weight": 0.9207787327200972, "log10_subsample": -0.19534150258758232, "max_depth": 8.0, "num_boost_round": 0.0}, "datetime": {"datetime": "2024-01-19 00:34:22", "elapsed": 1382.770173, "delta": 25.572493}}
{"target": -13.758529114275266, "params": {"gamma": 857.2426484014804, "log10_alpha": 0.25559485725203146, "log10_colsample_bytree": -0.4462126413718941, "log10_eta": -3.8511275074280045, "log10_lambda": -4.748503326012351, "log10_min_child_weight": 0.9207787327200972, "log10_subsample": -0.19534150258758232, "max_depth": 8.0, "num_boost_round": 1.0}, "datetime": {"datetime": "2024-01-19 00:34:22", "elapsed": 1382.772366, "delta": 0.002193}}
{"target": -13.758526125738198, "params": {"gamma": 857.2426484014804, "log10_alpha": 0.25559485725203146, "log10_colsample_bytree": -0.4462126413718941, "log10_eta": -3.8511275074280045, "log10_lambda": -4.748503326012351, "log10_min_child_weight": 0.9207787327200972, "log10_subsample": -0.19534150258758232, "max_depth": 8.0, "num_boost_round": 2.0}, "datetime": {"datetime": "2024-01-19 00:34:22", "elapsed": 1382.774162, "delta": 0.001796}}
{"target": -13.758520763095568, "params": {"gamma": 857.2426484014804, "log10_alpha": 0.25559485725203146, "log10_colsample_bytree": -0.4462126413718941, "log10_eta": -3.8511275074280045, "log10_lambda": -4.748503326012351, "log10_min_child_weight": 0.9207787327200972, "log10_subsample": -0.19534150258758232, "max_depth": 8.0, "num_boost_round": 3.0}, "datetime": {"datetime": "2024-01-19 00:34:22", "elapsed": 1382.776219, "delta": 0.002057}}
{"target": -13.758511445540833, "params": {"gamma": 857.2426484014804, "log10_alpha": 0.25559485725203146, "log10_colsample_bytree": -0.4462126413718941, "log10_eta": -3.8511275074280045, "log10_lambda": -4.748503326012351, "log10_min_child_weight": 0.9207787327200972, "log10_subsample": -0.19534150258758232, "max_depth": 8.0, "num_boost_round": 4.0}, "datetime": {"datetime": "2024-01-19 00:34:22", "elapsed": 1382.777767, "delta": 0.001548}}
{"target": -13.758509167835149, "params": {"gamma": 857.2426484014804, "log10_alpha": 0.25559485725203146, "log10_colsample_bytree": -0.4462126413718941, "log10_eta": -3.8511275074280045, "log10_lambda": -4.748503326012351, "log10_min_child_weight": 0.9207787327200972, "log10_subsample": -0.19534150258758232, "max_depth": 8.0, "num_boost_round": 5.0}, "datetime": {"datetime": "2024-01-19 00:34:22", "elapsed": 1382.779681, "delta": 0.001914}}
{"target": -13.758504732948115, "params": {"gamma": 857.2426484014804, "log10_alpha": 0.25559485725203146, "log10_colsample_bytree": -0.4462126413718941, "log10_eta": -3.8511275074280045, "log10_lambda": -4.748503326012351, "log10_min_child_weight": 0.9207787327200972, "log10_subsample": -0.19534150258758232, "max_depth": 8.0, "num_boost_round": 6.0}, "datetime": {"datetime": "2024-01-19 00:34:22", "elapsed": 1382.781532, "delta": 0.001851}}
{"target": -13.758503457702943, "params": {"gamma": 857.2426484014804, "log10_alpha": 0.25559485725203146, "log10_colsample_bytree": -0.4462126413718941, "log10_eta": -3.8511275074280045, "log10_lambda": -4.748503326012351, "log10_min_child_weight": 0.9207787327200972, "log10_subsample": -0.19534150258758232, "max_depth": 8.0, "num_boost_round": 7.0}, "datetime": {"datetime": "2024-01-19 00:34:22", "elapsed": 1382.783317, "delta": 0.001785}}
{"target": -13.758497149369854, "params": {"gamma": 857.2426484014804, "log10_alpha": 0.25559485725203146, "log10_colsample_bytree": -0.4462126413718941, "log10_eta": -3.8511275074280045, "log10_lambda": -4.748503326012351, "log10_min_child_weight": 0.9207787327200972, "log10_subsample": -0.19534150258758232, "max_depth": 8.0, "num_boost_round": 8.0}, "datetime": {"datetime": "2024-01-19 00:34:22", "elapsed": 1382.785103, "delta": 0.001786}}
{"target": -13.758489220008459, "params": {"gamma": 857.2426484014804, "log10_alpha": 0.25559485725203146, "log10_colsample_bytree": -0.4462126413718941, "log10_eta": -3.8511275074280045, "log10_lambda": -4.748503326012351, "log10_min_child_weight": 0.9207787327200972, "log10_subsample": -0.19534150258758232, "max_depth": 8.0, "num_boost_round": 9.0}, "datetime": {"datetime": "2024-01-19 00:34:22", "elapsed": 1382.786656, "delta": 0.001553}}
{"target": -13.75848093742446, "params": {"gamma": 857.2426484014804, "log10_alpha": 0.25559485725203146, "log10_colsample_bytree": -0.4462126413718941, "log10_eta": -3.8511275074280045, "log10_lambda": -4.748503326012351, "log10_min_child_weight": 0.9207787327200972, "log10_subsample": -0.19534150258758232, "max_depth": 8.0, "num_boost_round": 10.0}, "datetime": {"datetime": "2024-01-19 00:34:22", "elapsed": 1382.788205, "delta": 0.001549}}
{"target": -13.758475790366969, "params": {"gamma": 857.2426484014804, "log10_alpha": 0.25559485725203146, "log10_colsample_bytree": -0.4462126413718941, "log10_eta": -3.8511275074280045, "log10_lambda": -4.748503326012351, "log10_min_child_weight": 0.9207787327200972, "log10_subsample": -0.19534150258758232, "max_depth": 8.0, "num_boost_round": 11.0}, "datetime": {"datetime": "2024-01-19 00:34:22", "elapsed": 1382.789762, "delta": 0.001557}}
{"target": -13.758472871126674, "params": {"gamma": 857.2426484014804, "log10_alpha": 0.25559485725203146, "log10_colsample_bytree": -0.4462126413718941, "log10_eta": -3.8511275074280045, "log10_lambda": -4.748503326012351, "log10_min_child_weight": 0.9207787327200972, "log10_subsample": -0.19534150258758232, "max_depth": 8.0, "num_boost_round": 12.0}, "datetime": {"datetime": "2024-01-19 00:34:22", "elapsed": 1382.791307, "delta": 0.001545}}
{"target": -13.758463500770397, "params": {"gamma": 857.2426484014804, "log10_alpha": 0.25559485725203146, "log10_colsample_bytree": -0.4462126413718941, "log10_eta": -3.8511275074280045, "log10_lambda": -4.748503326012351, "log10_min_child_weight": 0.9207787327200972, "log10_subsample": -0.19534150258758232, "max_depth": 8.0, "num_boost_round": 13.0}, "datetime": {"datetime": "2024-01-19 00:34:22", "elapsed": 1382.792922, "delta": 0.001615}}
{"target": -13.758468193191918, "params": {"gamma": 857.2426484014804, "log10_alpha": 0.25559485725203146, "log10_colsample_bytree": -0.4462126413718941, "log10_eta": -3.8511275074280045, "log10_lambda": -4.748503326012351, "log10_min_child_weight": 0.9207787327200972, "log10_subsample": -0.19534150258758232, "max_depth": 8.0, "num_boost_round": 14.0}, "datetime": {"datetime": "2024-01-19 00:34:22", "elapsed": 1382.79447, "delta": 0.001548}}
{"target": -13.758537796906781, "params": {"gamma": 867.4658234239031, "log10_alpha": -3.7876141596051305, "log10_colsample_bytree": -0.382203408300931, "log10_eta": -3.9923678434867926, "log10_lambda": 0.8752764826807571, "log10_min_child_weight": 4.793466076202253, "log10_subsample": -0.42407282280041836, "max_depth": 5.0, "num_boost_round": 0.0}, "datetime": {"datetime": "2024-01-19 00:34:47", "elapsed": 1407.639785, "delta": 24.845315}}
{"target": -13.758537249840636, "params": {"gamma": 867.4658234239031, "log10_alpha": -3.7876141596051305, "log10_colsample_bytree": -0.382203408300931, "log10_eta": -3.9923678434867926, "log10_lambda": 0.8752764826807571, "log10_min_child_weight": 4.793466076202253, "log10_subsample": -0.42407282280041836, "max_depth": 5.0, "num_boost_round": 1.0}, "datetime": {"datetime": "2024-01-19 00:34:47", "elapsed": 1407.641973, "delta": 0.002188}}
{"target": -13.75853716661932, "params": {"gamma": 867.4658234239031, "log10_alpha": -3.7876141596051305, "log10_colsample_bytree": -0.382203408300931, "log10_eta": -3.9923678434867926, "log10_lambda": 0.8752764826807571, "log10_min_child_weight": 4.793466076202253, "log10_subsample": -0.42407282280041836, "max_depth": 5.0, "num_boost_round": 2.0}, "datetime": {"datetime": "2024-01-19 00:34:47", "elapsed": 1407.643711, "delta": 0.001738}}
{"target": -13.758537158442728, "params": {"gamma": 867.4658234239031, "log10_alpha": -3.7876141596051305, "log10_colsample_bytree": -0.382203408300931, "log10_eta": -3.9923678434867926, "log10_lambda": 0.8752764826807571, "log10_min_child_weight": 4.793466076202253, "log10_subsample": -0.42407282280041836, "max_depth": 5.0, "num_boost_round": 3.0}, "datetime": {"datetime": "2024-01-19 00:34:47", "elapsed": 1407.645586, "delta": 0.001875}}
{"target": -13.758537127266345, "params": {"gamma": 867.4658234239031, "log10_alpha": -3.7876141596051305, "log10_colsample_bytree": -0.382203408300931, "log10_eta": -3.9923678434867926, "log10_lambda": 0.8752764826807571, "log10_min_child_weight": 4.793466076202253, "log10_subsample": -0.42407282280041836, "max_depth": 5.0, "num_boost_round": 4.0}, "datetime": {"datetime": "2024-01-19 00:34:47", "elapsed": 1407.647164, "delta": 0.001578}}
{"target": -13.75853693135824, "params": {"gamma": 867.4658234239031, "log10_alpha": -3.7876141596051305, "log10_colsample_bytree": -0.382203408300931, "log10_eta": -3.9923678434867926, "log10_lambda": 0.8752764826807571, "log10_min_child_weight": 4.793466076202253, "log10_subsample": -0.42407282280041836, "max_depth": 5.0, "num_boost_round": 5.0}, "datetime": {"datetime": "2024-01-19 00:34:47", "elapsed": 1407.648791, "delta": 0.001627}}
{"target": -13.758536828161667, "params": {"gamma": 867.4658234239031, "log10_alpha": -3.7876141596051305, "log10_colsample_bytree": -0.382203408300931, "log10_eta": -3.9923678434867926, "log10_lambda": 0.8752764826807571, "log10_min_child_weight": 4.793466076202253, "log10_subsample": -0.42407282280041836, "max_depth": 5.0, "num_boost_round": 6.0}, "datetime": {"datetime": "2024-01-19 00:34:47", "elapsed": 1407.650342, "delta": 0.001551}}
{"target": -13.758536785571996, "params": {"gamma": 867.4658234239031, "log10_alpha": -3.7876141596051305, "log10_colsample_bytree": -0.382203408300931, "log10_eta": -3.9923678434867926, "log10_lambda": 0.8752764826807571, "log10_min_child_weight": 4.793466076202253, "log10_subsample": -0.42407282280041836, "max_depth": 5.0, "num_boost_round": 7.0}, "datetime": {"datetime": "2024-01-19 00:34:47", "elapsed": 1407.651912, "delta": 0.00157}}
{"target": -13.75853692355978, "params": {"gamma": 867.4658234239031, "log10_alpha": -3.7876141596051305, "log10_colsample_bytree": -0.382203408300931, "log10_eta": -3.9923678434867926, "log10_lambda": 0.8752764826807571, "log10_min_child_weight": 4.793466076202253, "log10_subsample": -0.42407282280041836, "max_depth": 5.0, "num_boost_round": 8.0}, "datetime": {"datetime": "2024-01-19 00:34:47", "elapsed": 1407.653554, "delta": 0.001642}}
{"target": -13.758536774759515, "params": {"gamma": 867.4658234239031, "log10_alpha": -3.7876141596051305, "log10_colsample_bytree": -0.382203408300931, "log10_eta": -3.9923678434867926, "log10_lambda": 0.8752764826807571, "log10_min_child_weight": 4.793466076202253, "log10_subsample": -0.42407282280041836, "max_depth": 5.0, "num_boost_round": 9.0}, "datetime": {"datetime": "2024-01-19 00:34:47", "elapsed": 1407.655129, "delta": 0.001575}}
{"target": -13.758536576282845, "params": {"gamma": 867.4658234239031, "log10_alpha": -3.7876141596051305, "log10_colsample_bytree": -0.382203408300931, "log10_eta": -3.9923678434867926, "log10_lambda": 0.8752764826807571, "log10_min_child_weight": 4.793466076202253, "log10_subsample": -0.42407282280041836, "max_depth": 5.0, "num_boost_round": 10.0}, "datetime": {"datetime": "2024-01-19 00:34:47", "elapsed": 1407.656697, "delta": 0.001568}}
{"target": -13.758535673803193, "params": {"gamma": 867.4658234239031, "log10_alpha": -3.7876141596051305, "log10_colsample_bytree": -0.382203408300931, "log10_eta": -3.9923678434867926, "log10_lambda": 0.8752764826807571, "log10_min_child_weight": 4.793466076202253, "log10_subsample": -0.42407282280041836, "max_depth": 5.0, "num_boost_round": 11.0}, "datetime": {"datetime": "2024-01-19 00:34:47", "elapsed": 1407.658276, "delta": 0.001579}}
{"target": -13.758535209653846, "params": {"gamma": 867.4658234239031, "log10_alpha": -3.7876141596051305, "log10_colsample_bytree": -0.382203408300931, "log10_eta": -3.9923678434867926, "log10_lambda": 0.8752764826807571, "log10_min_child_weight": 4.793466076202253, "log10_subsample": -0.42407282280041836, "max_depth": 5.0, "num_boost_round": 12.0}, "datetime": {"datetime": "2024-01-19 00:34:47", "elapsed": 1407.659969, "delta": 0.001693}}
{"target": -13.758535259892927, "params": {"gamma": 867.4658234239031, "log10_alpha": -3.7876141596051305, "log10_colsample_bytree": -0.382203408300931, "log10_eta": -3.9923678434867926, "log10_lambda": 0.8752764826807571, "log10_min_child_weight": 4.793466076202253, "log10_subsample": -0.42407282280041836, "max_depth": 5.0, "num_boost_round": 13.0}, "datetime": {"datetime": "2024-01-19 00:34:47", "elapsed": 1407.661611, "delta": 0.001642}}
{"target": -13.758535065136984, "params": {"gamma": 867.4658234239031, "log10_alpha": -3.7876141596051305, "log10_colsample_bytree": -0.382203408300931, "log10_eta": -3.9923678434867926, "log10_lambda": 0.8752764826807571, "log10_min_child_weight": 4.793466076202253, "log10_subsample": -0.42407282280041836, "max_depth": 5.0, "num_boost_round": 14.0}, "datetime": {"datetime": "2024-01-19 00:34:47", "elapsed": 1407.663232, "delta": 0.001621}}
{"target": -13.75853483106634, "params": {"gamma": 867.4658234239031, "log10_alpha": -3.7876141596051305, "log10_colsample_bytree": -0.382203408300931, "log10_eta": -3.9923678434867926, "log10_lambda": 0.8752764826807571, "log10_min_child_weight": 4.793466076202253, "log10_subsample": -0.42407282280041836, "max_depth": 5.0, "num_boost_round": 15.0}, "datetime": {"datetime": "2024-01-19 00:34:47", "elapsed": 1407.664831, "delta": 0.001599}}
{"target": -13.758534075521213, "params": {"gamma": 867.4658234239031, "log10_alpha": -3.7876141596051305, "log10_colsample_bytree": -0.382203408300931, "log10_eta": -3.9923678434867926, "log10_lambda": 0.8752764826807571, "log10_min_child_weight": 4.793466076202253, "log10_subsample": -0.42407282280041836, "max_depth": 5.0, "num_boost_round": 16.0}, "datetime": {"datetime": "2024-01-19 00:34:47", "elapsed": 1407.666404, "delta": 0.001573}}
{"target": -13.758534446097835, "params": {"gamma": 867.4658234239031, "log10_alpha": -3.7876141596051305, "log10_colsample_bytree": -0.382203408300931, "log10_eta": -3.9923678434867926, "log10_lambda": 0.8752764826807571, "log10_min_child_weight": 4.793466076202253, "log10_subsample": -0.42407282280041836, "max_depth": 5.0, "num_boost_round": 17.0}, "datetime": {"datetime": "2024-01-19 00:34:47", "elapsed": 1407.667987, "delta": 0.001583}}
{"target": -13.758534007945002, "params": {"gamma": 867.4658234239031, "log10_alpha": -3.7876141596051305, "log10_colsample_bytree": -0.382203408300931, "log10_eta": -3.9923678434867926, "log10_lambda": 0.8752764826807571, "log10_min_child_weight": 4.793466076202253, "log10_subsample": -0.42407282280041836, "max_depth": 5.0, "num_boost_round": 18.0}, "datetime": {"datetime": "2024-01-19 00:34:47", "elapsed": 1407.669567, "delta": 0.00158}}
