{"target": -17.687954619433214, "params": {"gamma": 407.288006763423, "log10_alpha": -2.3255038678547133, "log10_colsample_bytree": -0.33049632945397556, "log10_eta": -1.2245617677267364, "log10_lambda": -4.923057504865728, "log10_min_child_weight": 1.5663000576871577, "log10_subsample": -0.06519577490470307, "max_depth": 2.0, "num_boost_round": 51.0}, "datetime": {"datetime": "2024-01-19 00:42:21", "elapsed": 1831.295921, "delta": 0.002813}}
{"target": -17.69711278686557, "params": {"gamma": 407.288006763423, "log10_alpha": -2.3255038678547133, "log10_colsample_bytree": -0.33049632945397556, "log10_eta": -1.2245617677267364, "log10_lambda": -4.923057504865728, "log10_min_child_weight": 1.5663000576871577, "log10_subsample": -0.06519577490470307, "max_depth": 2.0, "num_boost_round": 52.0}, "datetime": {"datetime": "2024-01-19 00:42:21", "elapsed": 1831.298695, "delta": 0.002774}}
{"target": -17.697672078784535, "params": {"gamma": 407.288006763423, "log10_alpha": -2.3255038678547133, "log10_colsample_bytree": -0.33049632945397556, "log10_eta": -1.2245617677267364, "log10_lambda": -4.923057504865728, "log10_min_child_weight": 1.5663000576871577, "log10_subsample": -0.06519577490470307, "max_depth": 2.0, "num_boost_round": 53.0}, "datetime": {"datetime": "2024-01-19 00:42:21", "elapsed": 1831.301464, "delta": 0.002769}}
{"target": -17.698539717478113, "params": {"gamma": 407.288006763423, "log10_alpha": -2.3255038678547133, "log10_colsample_bytree": -0.33049632945397556, "log10_eta": -1.2245617677267364, "log10_lambda": -4.923057504865728, "log10_min_child_weight": 1.5663000576871577, "log10_subsample": -0.06519577490470307, "max_depth": 2.0, "num_boost_round": 54.0}, "datetime": {"datetime": "2024-01-19 00:42:21", "elapsed": 1831.304346, "delta": 0.002882}}
{"target": -17.698107445663553, "params": {"gamma": 407.288006763423, "log10_alpha": -2.3255038678547133, "log10_colsample_bytree": -0.33049632945397556, "log10_eta": -1.2245617677267364, "log10_lambda": -4.923057504865728, "log10_min_child_weight": 1.5663000576871577, "log10_subsample": -0.06519577490470307, "max_depth": 2.0, "num_boost_round": 55.0}, "datetime": {"datetime": "2024-01-19 00:42:21", "elapsed": 1831.307131, "delta": 0.002785}}
{"target": -17.70466302734688, "params": {"gamma": 407.288006763423, "log10_alpha": -2.3255038678547133, "log10_colsample_bytree": -0.33049632945397556, "log10_eta": -1.2245617677267364, "log10_lambda": -4.923057504865728, "log10_min_child_weight": 1.5663000576871577, "log10_subsample": -0.06519577490470307, "max_depth": 2.0, "num_boost_round": 56.0}, "datetime": {"datetime": "2024-01-19 00:42:21", "elapsed": 1831.30989, "delta": 0.002759}}
{"target": -17.703565798995236, "params": {"gamma": 407.288006763423, "log10_alpha": -2.3255038678547133, "log10_colsample_bytree": -0.33049632945397556, "log10_eta": -1.2245617677267364, "log10_lambda": -4.923057504865728, "log10_min_child_weight": 1.5663000576871577, "log10_subsample": -0.06519577490470307, "max_depth": 2.0, "num_boost_round": 57.0}, "datetime": {"datetime": "2024-01-19 00:42:21", "elapsed": 1831.312701, "delta": 0.002811}}
{"target": -17.70335086452949, "params": {"gamma": 407.288006763423, "log10_alpha": -2.3255038678547133, "log10_colsample_bytree": -0.33049632945397556, "log10_eta": -1.2245617677267364, "log10_lambda": -4.923057504865728, "log10_min_child_weight": 1.5663000576871577, "log10_subsample": -0.06519577490470307, "max_depth": 2.0, "num_boost_round": 58.0}, "datetime": {"datetime": "2024-01-19 00:42:21", "elapsed": 1831.315523, "delta": 0.002822}}
{"target": -17.709884045050778, "params": {"gamma": 407.288006763423, "log10_alpha": -2.3255038678547133, "log10_colsample_bytree": -0.33049632945397556, "log10_eta": -1.2245617677267364, "log10_lambda": -4.923057504865728, "log10_min_child_weight": 1.5663000576871577, "log10_subsample": -0.06519577490470307, "max_depth": 2.0, "num_boost_round": 59.0}, "datetime": {"datetime": "2024-01-19 00:42:21", "elapsed": 1831.318299, "delta": 0.002776}}
{"target": -17.71116015121245, "params": {"gamma": 407.288006763423, "log10_alpha": -2.3255038678547133, "log10_colsample_bytree": -0.33049632945397556, "log10_eta": -1.2245617677267364, "log10_lambda": -4.923057504865728, "log10_min_child_weight": 1.5663000576871577, "log10_subsample": -0.06519577490470307, "max_depth": 2.0, "num_boost_round": 60.0}, "datetime": {"datetime": "2024-01-19 00:42:21", "elapsed": 1831.321062, "delta": 0.002763}}
{"target": -17.711027261729562, "params": {"gamma": 407.288006763423, "log10_alpha": -2.3255038678547133, "log10_colsample_bytree": -0.33049632945397556, "log10_eta": -1.2245617677267364, "log10_lambda": -4.923057504865728, "log10_min_child_weight": 1.5663000576871577, "log10_subsample": -0.06519577490470307, "max_depth": 2.0, "num_boost_round": 61.0}, "datetime": {"datetime": "2024-01-19 00:42:21", "elapsed": 1831.323954, "delta": 0.002892}}
{"target": -17.710527384297887, "params": {"gamma": 407.288006763423, "log10_alpha": -2.3255038678547133, "log10_colsample_bytree": -0.33049632945397556, "log10_eta": -1.2245617677267364, "log10_lambda": -4.923057504865728, "log10_min_child_weight": 1.5663000576871577, "log10_subsample": -0.06519577490470307, "max_depth": 2.0, "num_boost_round": 62.0}, "datetime": {"datetime": "2024-01-19 00:42:21", "elapsed": 1831.326791, "delta": 0.002837}}
{"target": -17.71157798567986, "params": {"gamma": 407.288006763423, "log10_alpha": -2.3255038678547133, "log10_colsample_bytree": -0.33049632945397556, "log10_eta": -1.2245617677267364, "log10_lambda": -4.923057504865728, "log10_min_child_weight": 1.5663000576871577, "log10_subsample": -0.06519577490470307, "max_depth": 2.0, "num_boost_round": 63.0}, "datetime": {"datetime": "2024-01-19 00:42:21", "elapsed": 1831.32958, "delta": 0.002789}}
{"target": -17.711484011392944, "params": {"gamma": 407.288006763423, "log10_alpha": -2.3255038678547133, "log10_colsample_bytree": -0.33049632945397556, "log10_eta": -1.2245617677267364, "log10_lambda": -4.923057504865728, "log10_min_child_weight": 1.5663000576871577, "log10_subsample": -0.06519577490470307, "max_depth": 2.0, "num_boost_round": 64.0}, "datetime": {"datetime": "2024-01-19 00:42:21", "elapsed": 1831.333004, "delta": 0.003424}}
{"target": -17.71184975982268, "params": {"gamma": 407.288006763423, "log10_alpha": -2.3255038678547133, "log10_colsample_bytree": -0.33049632945397556, "log10_eta": -1.2245617677267364, "log10_lambda": -4.923057504865728, "log10_min_child_weight": 1.5663000576871577, "log10_subsample": -0.06519577490470307, "max_depth": 2.0, "num_boost_round": 65.0}, "datetime": {"datetime": "2024-01-19 00:42:21", "elapsed": 1831.33624, "delta": 0.003236}}
{"target": -17.711826055545167, "params": {"gamma": 407.288006763423, "log10_alpha": -2.3255038678547133, "log10_colsample_bytree": -0.33049632945397556, "log10_eta": -1.2245617677267364, "log10_lambda": -4.923057504865728, "log10_min_child_weight": 1.5663000576871577, "log10_subsample": -0.06519577490470307, "max_depth": 2.0, "num_boost_round": 66.0}, "datetime": {"datetime": "2024-01-19 00:42:21", "elapsed": 1831.339329, "delta": 0.003089}}
{"target": -17.7238396886344, "params": {"gamma": 407.288006763423, "log10_alpha": -2.3255038678547133, "log10_colsample_bytree": -0.33049632945397556, "log10_eta": -1.2245617677267364, "log10_lambda": -4.923057504865728, "log10_min_child_weight": 1.5663000576871577, "log10_subsample": -0.06519577490470307, "max_depth": 2.0, "num_boost_round": 67.0}, "datetime": {"datetime": "2024-01-19 00:42:21", "elapsed": 1831.342326, "delta": 0.002997}}
{"target": -17.72486136186674, "params": {"gamma": 407.288006763423, "log10_alpha": -2.3255038678547133, "log10_colsample_bytree": -0.33049632945397556, "log10_eta": -1.2245617677267364, "log10_lambda": -4.923057504865728, "log10_min_child_weight": 1.5663000576871577, "log10_subsample": -0.06519577490470307, "max_depth": 2.0, "num_boost_round": 68.0}, "datetime": {"datetime": "2024-01-19 00:42:21", "elapsed": 1831.345278, "delta": 0.002952}}
{"target": -17.72562862328783, "params": {"gamma": 407.288006763423, "log10_alpha": -2.3255038678547133, "log10_colsample_bytree": -0.33049632945397556, "log10_eta": -1.2245617677267364, "log10_lambda": -4.923057504865728, "log10_min_child_weight": 1.5663000576871577, "log10_subsample": -0.06519577490470307, "max_depth": 2.0, "num_boost_round": 69.0}, "datetime": {"datetime": "2024-01-19 00:42:21", "elapsed": 1831.348336, "delta": 0.003058}}
{"target": -17.726637645785168, "params": {"gamma": 407.288006763423, "log10_alpha": -2.3255038678547133, "log10_colsample_bytree": -0.33049632945397556, "log10_eta": -1.2245617677267364, "log10_lambda": -4.923057504865728, "log10_min_child_weight": 1.5663000576871577, "log10_subsample": -0.06519577490470307, "max_depth": 2.0, "num_boost_round": 70.0}, "datetime": {"datetime": "2024-01-19 00:42:21", "elapsed": 1831.351398, "delta": 0.003062}}
{"target": -17.726611459959038, "params": {"gamma": 407.288006763423, "log10_alpha": -2.3255038678547133, "log10_colsample_bytree": -0.33049632945397556, "log10_eta": -1.2245617677267364, "log10_lambda": -4.923057504865728, "log10_min_child_weight": 1.5663000576871577, "log10_subsample": -0.06519577490470307, "max_depth": 2.0, "num_boost_round": 71.0}, "datetime": {"datetime": "2024-01-19 00:42:21", "elapsed": 1831.35421, "delta": 0.002812}}
{"target": -17.72682583014585, "params": {"gamma": 407.288006763423, "log10_alpha": -2.3255038678547133, "log10_colsample_bytree": -0.33049632945397556, "log10_eta": -1.2245617677267364, "log10_lambda": -4.923057504865728, "log10_min_child_weight": 1.5663000576871577, "log10_subsample": -0.06519577490470307, "max_depth": 2.0, "num_boost_round": 72.0}, "datetime": {"datetime": "2024-01-19 00:42:21", "elapsed": 1831.357012, "delta": 0.002802}}
{"target": -17.727670964123522, "params": {"gamma": 407.288006763423, "log10_alpha": -2.3255038678547133, "log10_colsample_bytree": -0.33049632945397556, "log10_eta": -1.2245617677267364, "log10_lambda": -4.923057504865728, "log10_min_child_weight": 1.5663000576871577, "log10_subsample": -0.06519577490470307, "max_depth": 2.0, "num_boost_round": 73.0}, "datetime": {"datetime": "2024-01-19 00:42:21", "elapsed": 1831.359843, "delta": 0.002831}}
{"target": -17.727414329807743, "params": {"gamma": 407.288006763423, "log10_alpha": -2.3255038678547133, "log10_colsample_bytree": -0.33049632945397556, "log10_eta": -1.2245617677267364, "log10_lambda": -4.923057504865728, "log10_min_child_weight": 1.5663000576871577, "log10_subsample": -0.06519577490470307, "max_depth": 2.0, "num_boost_round": 74.0}, "datetime": {"datetime": "2024-01-19 00:42:21", "elapsed": 1831.362659, "delta": 0.002816}}
{"target": -17.7271831053839, "params": {"gamma": 407.288006763423, "log10_alpha": -2.3255038678547133, "log10_colsample_bytree": -0.33049632945397556, "log10_eta": -1.2245617677267364, "log10_lambda": -4.923057504865728, "log10_min_child_weight": 1.5663000576871577, "log10_subsample": -0.06519577490470307, "max_depth": 2.0, "num_boost_round": 75.0}, "datetime": {"datetime": "2024-01-19 00:42:21", "elapsed": 1831.365519, "delta": 0.00286}}
{"target": -17.72723692820281, "params": {"gamma": 407.288006763423, "log10_alpha": -2.3255038678547133, "log10_colsample_bytree": -0.33049632945397556, "log10_eta": -1.2245617677267364, "log10_lambda": -4.923057504865728, "log10_min_child_weight": 1.5663000576871577, "log10_subsample": -0.06519577490470307, "max_depth": 2.0, "num_boost_round": 76.0}, "datetime": {"datetime": "2024-01-19 00:42:21", "elapsed": 1831.368336, "delta": 0.002817}}
{"target": -17.733483319059555, "params": {"gamma": 407.288006763423, "log10_alpha": -2.3255038678547133, "log10_colsample_bytree": -0.33049632945397556, "log10_eta": -1.2245617677267364, "log10_lambda": -4.923057504865728, "log10_min_child_weight": 1.5663000576871577, "log10_subsample": -0.06519577490470307, "max_depth": 2.0, "num_boost_round": 77.0}, "datetime": {"datetime": "2024-01-19 00:42:21", "elapsed": 1831.371187, "delta": 0.002851}}
{"target": -17.73376162987052, "params": {"gamma": 407.288006763423, "log10_alpha": -2.3255038678547133, "log10_colsample_bytree": -0.33049632945397556, "log10_eta": -1.2245617677267364, "log10_lambda": -4.923057504865728, "log10_min_child_weight": 1.5663000576871577, "log10_subsample": -0.06519577490470307, "max_depth": 2.0, "num_boost_round": 78.0}, "datetime": {"datetime": "2024-01-19 00:42:21", "elapsed": 1831.374004, "delta": 0.002817}}
{"target": -17.734208303379834, "params": {"gamma": 407.288006763423, "log10_alpha": -2.3255038678547133, "log10_colsample_bytree": -0.33049632945397556, "log10_eta": -1.2245617677267364, "log10_lambda": -4.923057504865728, "log10_min_child_weight": 1.5663000576871577, "log10_subsample": -0.06519577490470307, "max_depth": 2.0, "num_boost_round": 79.0}, "datetime": {"datetime": "2024-01-19 00:42:21", "elapsed": 1831.376841, "delta": 0.002837}}
{"target": -17.734227883295418, "params": {"gamma": 407.288006763423, "log10_alpha": -2.3255038678547133, "log10_colsample_bytree": -0.33049632945397556, "log10_eta": -1.2245617677267364, "log10_lambda": -4.923057504865728, "log10_min_child_weight": 1.5663000576871577, "log10_subsample": -0.06519577490470307, "max_depth": 2.0, "num_boost_round": 80.0}, "datetime": {"datetime": "2024-01-19 00:42:21", "elapsed": 1831.379692, "delta": 0.002851}}
{"target": -17.74875820191268, "params": {"gamma": 407.288006763423, "log10_alpha": -2.3255038678547133, "log10_colsample_bytree": -0.33049632945397556, "log10_eta": -1.2245617677267364, "log10_lambda": -4.923057504865728, "log10_min_child_weight": 1.5663000576871577, "log10_subsample": -0.06519577490470307, "max_depth": 2.0, "num_boost_round": 81.0}, "datetime": {"datetime": "2024-01-19 00:42:21", "elapsed": 1831.382527, "delta": 0.002835}}
{"target": -17.749213012236886, "params": {"gamma": 407.288006763423, "log10_alpha": -2.3255038678547133, "log10_colsample_bytree": -0.33049632945397556, "log10_eta": -1.2245617677267364, "log10_lambda": -4.923057504865728, "log10_min_child_weight": 1.5663000576871577, "log10_subsample": -0.06519577490470307, "max_depth": 2.0, "num_boost_round": 82.0}, "datetime": {"datetime": "2024-01-19 00:42:21", "elapsed": 1831.385407, "delta": 0.00288}}
{"target": -17.749269037295612, "params": {"gamma": 407.288006763423, "log10_alpha": -2.3255038678547133, "log10_colsample_bytree": -0.33049632945397556, "log10_eta": -1.2245617677267364, "log10_lambda": -4.923057504865728, "log10_min_child_weight": 1.5663000576871577, "log10_subsample": -0.06519577490470307, "max_depth": 2.0, "num_boost_round": 83.0}, "datetime": {"datetime": "2024-01-19 00:42:21", "elapsed": 1831.388201, "delta": 0.002794}}
{"target": -17.74965002606976, "params": {"gamma": 407.288006763423, "log10_alpha": -2.3255038678547133, "log10_colsample_bytree": -0.33049632945397556, "log10_eta": -1.2245617677267364, "log10_lambda": -4.923057504865728, "log10_min_child_weight": 1.5663000576871577, "log10_subsample": -0.06519577490470307, "max_depth": 2.0, "num_boost_round": 84.0}, "datetime": {"datetime": "2024-01-19 00:42:21", "elapsed": 1831.391021, "delta": 0.00282}}
{"target": -17.749420005058756, "params": {"gamma": 407.288006763423, "log10_alpha": -2.3255038678547133, "log10_colsample_bytree": -0.33049632945397556, "log10_eta": -1.2245617677267364, "log10_lambda": -4.923057504865728, "log10_min_child_weight": 1.5663000576871577, "log10_subsample": -0.06519577490470307, "max_depth": 2.0, "num_boost_round": 85.0}, "datetime": {"datetime": "2024-01-19 00:42:21", "elapsed": 1831.393833, "delta": 0.002812}}
{"target": -17.67722384329107, "params": {"gamma": 407.5442543914791, "log10_alpha": -4.764804403759309, "log10_colsample_bytree": -0.8229286613607584, "log10_eta": -3.9133166110158792, "log10_lambda": -2.682455253920148, "log10_min_child_weight": 2.9366382694887445, "log10_subsample": -0.05865746055449372, "max_depth": 8.0, "num_boost_round": 0.0}, "datetime": {"datetime": "2024-01-19 00:42:47", "elapsed": 1857.143296, "delta": 25.749463}}
{"target": -17.677220475314442, "params": {"gamma": 407.5442543914791, "log10_alpha": -4.764804403759309, "log10_colsample_bytree": -0.8229286613607584, "log10_eta": -3.9133166110158792, "log10_lambda": -2.682455253920148, "log10_min_child_weight": 2.9366382694887445, "log10_subsample": -0.05865746055449372, "max_depth": 8.0, "num_boost_round": 1.0}, "datetime": {"datetime": "2024-01-19 00:42:47", "elapsed": 1857.146618, "delta": 0.003322}}
{"target": -17.677214778912976, "params": {"gamma": 407.5442543914791, "log10_alpha": -4.764804403759309, "log10_colsample_bytree": -0.8229286613607584, "log10_eta": -3.9133166110158792, "log10_lambda": -2.682455253920148, "log10_min_child_weight": 2.9366382694887445, "log10_subsample": -0.05865746055449372, "max_depth": 8.0, "num_boost_round": 2.0}, "datetime": {"datetime": "2024-01-19 00:42:47", "elapsed": 1857.150318, "delta": 0.0037}}
{"target": -17.677212681489962, "params": {"gamma": 407.5442543914791, "log10_alpha": -4.764804403759309, "log10_colsample_bytree": -0.8229286613607584, "log10_eta": -3.9133166110158792, "log10_lambda": -2.682455253920148, "log10_min_child_weight": 2.9366382694887445, "log10_subsample": -0.05865746055449372, "max_depth": 8.0, "num_boost_round": 3.0}, "datetime": {"datetime": "2024-01-19 00:42:47", "elapsed": 1857.153362, "delta": 0.003044}}
{"target": -17.677204280542448, "params": {"gamma": 407.5442543914791, "log10_alpha": -4.764804403759309, "log10_colsample_bytree": -0.8229286613607584, "log10_eta": -3.9133166110158792, "log10_lambda": -2.682455253920148, "log10_min_child_weight": 2.9366382694887445, "log10_subsample": -0.05865746055449372, "max_depth": 8.0, "num_boost_round": 4.0}, "datetime": {"datetime": "2024-01-19 00:42:47", "elapsed": 1857.156298, "delta": 0.002936}}
{"target": -17.67719961422898, "params": {"gamma": 407.5442543914791, "log10_alpha": -4.764804403759309, "log10_colsample_bytree": -0.8229286613607584, "log10_eta": -3.9133166110158792, "log10_lambda": -2.682455253920148, "log10_min_child_weight": 2.9366382694887445, "log10_subsample": -0.05865746055449372, "max_depth": 8.0, "num_boost_round": 5.0}, "datetime": {"datetime": "2024-01-19 00:42:47", "elapsed": 1857.159238, "delta": 0.00294}}
{"target": -17.67720001612345, "params": {"gamma": 407.5442543914791, "log10_alpha": -4.764804403759309, "log10_colsample_bytree": -0.8229286613607584, "log10_eta": -3.9133166110158792, "log10_lambda": -2.682455253920148, "log10_min_child_weight": 2.9366382694887445, "log10_subsample": -0.05865746055449372, "max_depth": 8.0, "num_boost_round": 6.0}, "datetime": {"datetime": "2024-01-19 00:42:47", "elapsed": 1857.162194, "delta": 0.002956}}
{"target": -17.677188093860696, "params": {"gamma": 407.5442543914791, "log10_alpha": -4.764804403759309, "log10_colsample_bytree": -0.8229286613607584, "log10_eta": -3.9133166110158792, "log10_lambda": -2.682455253920148, "log10_min_child_weight": 2.9366382694887445, "log10_subsample": -0.05865746055449372, "max_depth": 8.0, "num_boost_round": 7.0}, "datetime": {"datetime": "2024-01-19 00:42:47", "elapsed": 1857.165265, "delta": 0.003071}}
{"target": -17.67718674301194, "params": {"gamma": 407.5442543914791, "log10_alpha": -4.764804403759309, "log10_colsample_bytree": -0.8229286613607584, "log10_eta": -3.9133166110158792, "log10_lambda": -2.682455253920148, "log10_min_child_weight": 2.9366382694887445, "log10_subsample": -0.05865746055449372, "max_depth": 8.0, "num_boost_round": 8.0}, "datetime": {"datetime": "2024-01-19 00:42:47", "elapsed": 1857.168218, "delta": 0.002953}}
{"target": -17.677184268294727, "params": {"gamma": 407.5442543914791, "log10_alpha": -4.764804403759309, "log10_colsample_bytree": -0.8229286613607584, "log10_eta": -3.9133166110158792, "log10_lambda": -2.682455253920148, "log10_min_child_weight": 2.9366382694887445, "log10_subsample": -0.05865746055449372, "max_depth": 8.0, "num_boost_round": 9.0}, "datetime": {"datetime": "2024-01-19 00:42:47", "elapsed": 1857.171213, "delta": 0.002995}}
{"target": -17.677179230523485, "params": {"gamma": 407.5442543914791, "log10_alpha": -4.764804403759309, "log10_colsample_bytree": -0.8229286613607584, "log10_eta": -3.9133166110158792, "log10_lambda": -2.682455253920148, "log10_min_child_weight": 2.9366382694887445, "log10_subsample": -0.05865746055449372, "max_depth": 8.0, "num_boost_round": 10.0}, "datetime": {"datetime": "2024-01-19 00:42:47", "elapsed": 1857.17419, "delta": 0.002977}}
{"target": -17.677173526622607, "params": {"gamma": 407.5442543914791, "log10_alpha": -4.764804403759309, "log10_colsample_bytree": -0.8229286613607584, "log10_eta": -3.9133166110158792, "log10_lambda": -2.682455253920148, "log10_min_child_weight": 2.9366382694887445, "log10_subsample": -0.05865746055449372, "max_depth": 8.0, "num_boost_round": 11.0}, "datetime": {"datetime": "2024-01-19 00:42:47", "elapsed": 1857.177137, "delta": 0.002947}}
{"target": -17.677231873748074, "params": {"gamma": 415.32048683392065, "log10_alpha": -2.702486870204095, "log10_colsample_bytree": -0.6299921224111759, "log10_eta": -3.3659840176729956, "log10_lambda": -3.3703516939958122, "log10_min_child_weight": 4.6027308566554765, "log10_subsample": -0.7616531600246741, "max_depth": 3.0, "num_boost_round": 0.0}, "datetime": {"datetime": "2024-01-19 00:43:11", "elapsed": 1881.370361, "delta": 24.193224}}
{"target": -17.677227145966793, "params": {"gamma": 415.32048683392065, "log10_alpha": -2.702486870204095, "log10_colsample_bytree": -0.6299921224111759, "log10_eta": -3.3659840176729956, "log10_lambda": -3.3703516939958122, "log10_min_child_weight": 4.6027308566554765, "log10_subsample": -0.7616531600246741, "max_depth": 3.0, "num_boost_round": 1.0}, "datetime": {"datetime": "2024-01-19 00:43:11", "elapsed": 1881.373772, "delta": 0.003411}}
