{"target": -13.758537871614232, "params": {"gamma": 133.2381682696274, "log10_alpha": 0.5147715140740097, "log10_colsample_bytree": -0.04415104149846805, "log10_eta": -3.890525190235827, "log10_lambda": -2.8707521964199962, "log10_min_child_weight": 4.184989922136663, "log10_subsample": -0.26072364094092326, "max_depth": 2.0, "num_boost_round": 11.0}, "datetime": {"datetime": "2024-01-19 00:45:19", "elapsed": 2026.627538, "delta": 0.002226}}
{"target": -13.758537731151144, "params": {"gamma": 133.2381682696274, "log10_alpha": 0.5147715140740097, "log10_colsample_bytree": -0.04415104149846805, "log10_eta": -3.890525190235827, "log10_lambda": -2.8707521964199962, "log10_min_child_weight": 4.184989922136663, "log10_subsample": -0.26072364094092326, "max_depth": 2.0, "num_boost_round": 12.0}, "datetime": {"datetime": "2024-01-19 00:45:19", "elapsed": 2026.629807, "delta": 0.002269}}
{"target": -13.758537315073708, "params": {"gamma": 133.2381682696274, "log10_alpha": 0.5147715140740097, "log10_colsample_bytree": -0.04415104149846805, "log10_eta": -3.890525190235827, "log10_lambda": -2.8707521964199962, "log10_min_child_weight": 4.184989922136663, "log10_subsample": -0.26072364094092326, "max_depth": 2.0, "num_boost_round": 13.0}, "datetime": {"datetime": "2024-01-19 00:45:19", "elapsed": 2026.632148, "delta": 0.002341}}
{"target": -13.758537018261814, "params": {"gamma": 133.2381682696274, "log10_alpha": 0.5147715140740097, "log10_colsample_bytree": -0.04415104149846805, "log10_eta": -3.890525190235827, "log10_lambda": -2.8707521964199962, "log10_min_child_weight": 4.184989922136663, "log10_subsample": -0.26072364094092326, "max_depth": 2.0, "num_boost_round": 14.0}, "datetime": {"datetime": "2024-01-19 00:45:19", "elapsed": 2026.634333, "delta": 0.002185}}
{"target": -13.758536846229772, "params": {"gamma": 133.2381682696274, "log10_alpha": 0.5147715140740097, "log10_colsample_bytree": -0.04415104149846805, "log10_eta": -3.890525190235827, "log10_lambda": -2.8707521964199962, "log10_min_child_weight": 4.184989922136663, "log10_subsample": -0.26072364094092326, "max_depth": 2.0, "num_boost_round": 15.0}, "datetime": {"datetime": "2024-01-19 00:45:19", "elapsed": 2026.636515, "delta": 0.002182}}
{"target": -13.758537379732577, "params": {"gamma": 133.2381682696274, "log10_alpha": 0.5147715140740097, "log10_colsample_bytree": -0.04415104149846805, "log10_eta": -3.890525190235827, "log10_lambda": -2.8707521964199962, "log10_min_child_weight": 4.184989922136663, "log10_subsample": -0.26072364094092326, "max_depth": 2.0, "num_boost_round": 16.0}, "datetime": {"datetime": "2024-01-19 00:45:19", "elapsed": 2026.638766, "delta": 0.002251}}
{"target": -13.758536837181037, "params": {"gamma": 133.2381682696274, "log10_alpha": 0.5147715140740097, "log10_colsample_bytree": -0.04415104149846805, "log10_eta": -3.890525190235827, "log10_lambda": -2.8707521964199962, "log10_min_child_weight": 4.184989922136663, "log10_subsample": -0.26072364094092326, "max_depth": 2.0, "num_boost_round": 17.0}, "datetime": {"datetime": "2024-01-19 00:45:19", "elapsed": 2026.641207, "delta": 0.002441}}
{"target": -13.758536816644051, "params": {"gamma": 133.2381682696274, "log10_alpha": 0.5147715140740097, "log10_colsample_bytree": -0.04415104149846805, "log10_eta": -3.890525190235827, "log10_lambda": -2.8707521964199962, "log10_min_child_weight": 4.184989922136663, "log10_subsample": -0.26072364094092326, "max_depth": 2.0, "num_boost_round": 18.0}, "datetime": {"datetime": "2024-01-19 00:45:19", "elapsed": 2026.643556, "delta": 0.002349}}
{"target": -13.758536649839327, "params": {"gamma": 133.2381682696274, "log10_alpha": 0.5147715140740097, "log10_colsample_bytree": -0.04415104149846805, "log10_eta": -3.890525190235827, "log10_lambda": -2.8707521964199962, "log10_min_child_weight": 4.184989922136663, "log10_subsample": -0.26072364094092326, "max_depth": 2.0, "num_boost_round": 19.0}, "datetime": {"datetime": "2024-01-19 00:45:19", "elapsed": 2026.645847, "delta": 0.002291}}
{"target": -13.758536895876315, "params": {"gamma": 133.2381682696274, "log10_alpha": 0.5147715140740097, "log10_colsample_bytree": -0.04415104149846805, "log10_eta": -3.890525190235827, "log10_lambda": -2.8707521964199962, "log10_min_child_weight": 4.184989922136663, "log10_subsample": -0.26072364094092326, "max_depth": 2.0, "num_boost_round": 20.0}, "datetime": {"datetime": "2024-01-19 00:45:19", "elapsed": 2026.648057, "delta": 0.00221}}
{"target": -13.757810369174702, "params": {"gamma": 134.78509549142294, "log10_alpha": -4.650755672603367, "log10_colsample_bytree": -0.36248165080608097, "log10_eta": -0.9132051536412482, "log10_lambda": -1.3566864270084102, "log10_min_child_weight": 4.4053616835767215, "log10_subsample": -0.2312029970864029, "max_depth": 8.0, "num_boost_round": 0.0}, "datetime": {"datetime": "2024-01-19 00:45:42", "elapsed": 2049.694765, "delta": 23.046708}}
{"target": -13.758587513439528, "params": {"gamma": 134.78509549142294, "log10_alpha": -4.650755672603367, "log10_colsample_bytree": -0.36248165080608097, "log10_eta": -0.9132051536412482, "log10_lambda": -1.3566864270084102, "log10_min_child_weight": 4.4053616835767215, "log10_subsample": -0.2312029970864029, "max_depth": 8.0, "num_boost_round": 1.0}, "datetime": {"datetime": "2024-01-19 00:45:42", "elapsed": 2049.69792, "delta": 0.003155}}
{"target": -13.761617271869953, "params": {"gamma": 134.78509549142294, "log10_alpha": -4.650755672603367, "log10_colsample_bytree": -0.36248165080608097, "log10_eta": -0.9132051536412482, "log10_lambda": -1.3566864270084102, "log10_min_child_weight": 4.4053616835767215, "log10_subsample": -0.2312029970864029, "max_depth": 8.0, "num_boost_round": 2.0}, "datetime": {"datetime": "2024-01-19 00:45:42", "elapsed": 2049.70032, "delta": 0.0024}}
{"target": -13.762994647338756, "params": {"gamma": 134.78509549142294, "log10_alpha": -4.650755672603367, "log10_colsample_bytree": -0.36248165080608097, "log10_eta": -0.9132051536412482, "log10_lambda": -1.3566864270084102, "log10_min_child_weight": 4.4053616835767215, "log10_subsample": -0.2312029970864029, "max_depth": 8.0, "num_boost_round": 3.0}, "datetime": {"datetime": "2024-01-19 00:45:42", "elapsed": 2049.702604, "delta": 0.002284}}
{"target": -13.76406156318286, "params": {"gamma": 134.78509549142294, "log10_alpha": -4.650755672603367, "log10_colsample_bytree": -0.36248165080608097, "log10_eta": -0.9132051536412482, "log10_lambda": -1.3566864270084102, "log10_min_child_weight": 4.4053616835767215, "log10_subsample": -0.2312029970864029, "max_depth": 8.0, "num_boost_round": 4.0}, "datetime": {"datetime": "2024-01-19 00:45:42", "elapsed": 2049.704834, "delta": 0.00223}}
{"target": -13.764690231612603, "params": {"gamma": 134.78509549142294, "log10_alpha": -4.650755672603367, "log10_colsample_bytree": -0.36248165080608097, "log10_eta": -0.9132051536412482, "log10_lambda": -1.3566864270084102, "log10_min_child_weight": 4.4053616835767215, "log10_subsample": -0.2312029970864029, "max_depth": 8.0, "num_boost_round": 5.0}, "datetime": {"datetime": "2024-01-19 00:45:42", "elapsed": 2049.707047, "delta": 0.002213}}
{"target": -13.767501598430728, "params": {"gamma": 134.78509549142294, "log10_alpha": -4.650755672603367, "log10_colsample_bytree": -0.36248165080608097, "log10_eta": -0.9132051536412482, "log10_lambda": -1.3566864270084102, "log10_min_child_weight": 4.4053616835767215, "log10_subsample": -0.2312029970864029, "max_depth": 8.0, "num_boost_round": 6.0}, "datetime": {"datetime": "2024-01-19 00:45:42", "elapsed": 2049.709263, "delta": 0.002216}}
{"target": -13.769036435511955, "params": {"gamma": 134.78509549142294, "log10_alpha": -4.650755672603367, "log10_colsample_bytree": -0.36248165080608097, "log10_eta": -0.9132051536412482, "log10_lambda": -1.3566864270084102, "log10_min_child_weight": 4.4053616835767215, "log10_subsample": -0.2312029970864029, "max_depth": 8.0, "num_boost_round": 7.0}, "datetime": {"datetime": "2024-01-19 00:45:42", "elapsed": 2049.711501, "delta": 0.002238}}
{"target": -13.771075470488425, "params": {"gamma": 134.78509549142294, "log10_alpha": -4.650755672603367, "log10_colsample_bytree": -0.36248165080608097, "log10_eta": -0.9132051536412482, "log10_lambda": -1.3566864270084102, "log10_min_child_weight": 4.4053616835767215, "log10_subsample": -0.2312029970864029, "max_depth": 8.0, "num_boost_round": 8.0}, "datetime": {"datetime": "2024-01-19 00:45:42", "elapsed": 2049.713682, "delta": 0.002181}}
{"target": -13.771438443018855, "params": {"gamma": 134.78509549142294, "log10_alpha": -4.650755672603367, "log10_colsample_bytree": -0.36248165080608097, "log10_eta": -0.9132051536412482, "log10_lambda": -1.3566864270084102, "log10_min_child_weight": 4.4053616835767215, "log10_subsample": -0.2312029970864029, "max_depth": 8.0, "num_boost_round": 9.0}, "datetime": {"datetime": "2024-01-19 00:45:42", "elapsed": 2049.71589, "delta": 0.002208}}
{"target": -13.758538334392929, "params": {"gamma": 165.69173088012244, "log10_alpha": 1.0, "log10_colsample_bytree": -1.0, "log10_eta": -4.0, "log10_lambda": 1.0, "log10_min_child_weight": 5.0, "log10_subsample": -1.0, "max_depth": 2.0, "num_boost_round": 0.0}, "datetime": {"datetime": "2024-01-19 00:46:06", "elapsed": 2073.705225, "delta": 23.989335}}
{"target": -13.758538316182896, "params": {"gamma": 165.69173088012244, "log10_alpha": 1.0, "log10_colsample_bytree": -1.0, "log10_eta": -4.0, "log10_lambda": 1.0, "log10_min_child_weight": 5.0, "log10_subsample": -1.0, "max_depth": 2.0, "num_boost_round": 1.0}, "datetime": {"datetime": "2024-01-19 00:46:06", "elapsed": 2073.708076, "delta": 0.002851}}
{"target": -13.75853831728937, "params": {"gamma": 165.69173088012244, "log10_alpha": 1.0, "log10_colsample_bytree": -1.0, "log10_eta": -4.0, "log10_lambda": 1.0, "log10_min_child_weight": 5.0, "log10_subsample": -1.0, "max_depth": 2.0, "num_boost_round": 2.0}, "datetime": {"datetime": "2024-01-19 00:46:06", "elapsed": 2073.710825, "delta": 0.002749}}
{"target": -13.758538309193435, "params": {"gamma": 165.69173088012244, "log10_alpha": 1.0, "log10_colsample_bytree": -1.0, "log10_eta": -4.0, "log10_lambda": 1.0, "log10_min_child_weight": 5.0, "log10_subsample": -1.0, "max_depth": 2.0, "num_boost_round": 3.0}, "datetime": {"datetime": "2024-01-19 00:46:06", "elapsed": 2073.713166, "delta": 0.002341}}
{"target": -13.758538316479555, "params": {"gamma": 165.69173088012244, "log10_alpha": 1.0, "log10_colsample_bytree": -1.0, "log10_eta": -4.0, "log10_lambda": 1.0, "log10_min_child_weight": 5.0, "log10_subsample": -1.0, "max_depth": 2.0, "num_boost_round": 4.0}, "datetime": {"datetime": "2024-01-19 00:46:06", "elapsed": 2073.715433, "delta": 0.002267}}
{"target": -13.758538319706732, "params": {"gamma": 165.69173088012244, "log10_alpha": 1.0, "log10_colsample_bytree": -1.0, "log10_eta": -4.0, "log10_lambda": 1.0, "log10_min_child_weight": 5.0, "log10_subsample": -1.0, "max_depth": 2.0, "num_boost_round": 5.0}, "datetime": {"datetime": "2024-01-19 00:46:06", "elapsed": 2073.717755, "delta": 0.002322}}
{"target": -13.758538337020346, "params": {"gamma": 165.69173088012244, "log10_alpha": 1.0, "log10_colsample_bytree": -1.0, "log10_eta": -4.0, "log10_lambda": 1.0, "log10_min_child_weight": 5.0, "log10_subsample": -1.0, "max_depth": 2.0, "num_boost_round": 6.0}, "datetime": {"datetime": "2024-01-19 00:46:06", "elapsed": 2073.720045, "delta": 0.00229}}
{"target": -13.758538339295267, "params": {"gamma": 165.69173088012244, "log10_alpha": 1.0, "log10_colsample_bytree": -1.0, "log10_eta": -4.0, "log10_lambda": 1.0, "log10_min_child_weight": 5.0, "log10_subsample": -1.0, "max_depth": 2.0, "num_boost_round": 7.0}, "datetime": {"datetime": "2024-01-19 00:46:06", "elapsed": 2073.722232, "delta": 0.002187}}
{"target": -13.758538343729947, "params": {"gamma": 165.69173088012244, "log10_alpha": 1.0, "log10_colsample_bytree": -1.0, "log10_eta": -4.0, "log10_lambda": 1.0, "log10_min_child_weight": 5.0, "log10_subsample": -1.0, "max_depth": 2.0, "num_boost_round": 8.0}, "datetime": {"datetime": "2024-01-19 00:46:06", "elapsed": 2073.724449, "delta": 0.002217}}
{"target": -13.758538318126268, "params": {"gamma": 165.69173088012244, "log10_alpha": 1.0, "log10_colsample_bytree": -1.0, "log10_eta": -4.0, "log10_lambda": 1.0, "log10_min_child_weight": 5.0, "log10_subsample": -1.0, "max_depth": 2.0, "num_boost_round": 9.0}, "datetime": {"datetime": "2024-01-19 00:46:06", "elapsed": 2073.726656, "delta": 0.002207}}
{"target": -13.758538339598992, "params": {"gamma": 165.69173088012244, "log10_alpha": 1.0, "log10_colsample_bytree": -1.0, "log10_eta": -4.0, "log10_lambda": 1.0, "log10_min_child_weight": 5.0, "log10_subsample": -1.0, "max_depth": 2.0, "num_boost_round": 10.0}, "datetime": {"datetime": "2024-01-19 00:46:06", "elapsed": 2073.728843, "delta": 0.002187}}
{"target": -13.75838717336595, "params": {"gamma": 128.58765456645727, "log10_alpha": -2.371792533004918, "log10_colsample_bytree": -0.24826634225706756, "log10_eta": -2.109577057623837, "log10_lambda": 0.288282496206552, "log10_min_child_weight": 0.2748874140337043, "log10_subsample": -0.43779592442568327, "max_depth": 5.0, "num_boost_round": 0.0}, "datetime": {"datetime": "2024-01-19 00:46:32", "elapsed": 2099.573206, "delta": 25.844363}}
{"target": -13.758307144992337, "params": {"gamma": 128.58765456645727, "log10_alpha": -2.371792533004918, "log10_colsample_bytree": -0.24826634225706756, "log10_eta": -2.109577057623837, "log10_lambda": 0.288282496206552, "log10_min_child_weight": 0.2748874140337043, "log10_subsample": -0.43779592442568327, "max_depth": 5.0, "num_boost_round": 1.0}, "datetime": {"datetime": "2024-01-19 00:46:32", "elapsed": 2099.576185, "delta": 0.002979}}
{"target": -13.758201776895934, "params": {"gamma": 128.58765456645727, "log10_alpha": -2.371792533004918, "log10_colsample_bytree": -0.24826634225706756, "log10_eta": -2.109577057623837, "log10_lambda": 0.288282496206552, "log10_min_child_weight": 0.2748874140337043, "log10_subsample": -0.43779592442568327, "max_depth": 5.0, "num_boost_round": 2.0}, "datetime": {"datetime": "2024-01-19 00:46:32", "elapsed": 2099.578838, "delta": 0.002653}}
{"target": -13.758118702715631, "params": {"gamma": 128.58765456645727, "log10_alpha": -2.371792533004918, "log10_colsample_bytree": -0.24826634225706756, "log10_eta": -2.109577057623837, "log10_lambda": 0.288282496206552, "log10_min_child_weight": 0.2748874140337043, "log10_subsample": -0.43779592442568327, "max_depth": 5.0, "num_boost_round": 3.0}, "datetime": {"datetime": "2024-01-19 00:46:32", "elapsed": 2099.581171, "delta": 0.002333}}
{"target": -13.757741398575787, "params": {"gamma": 128.58765456645727, "log10_alpha": -2.371792533004918, "log10_colsample_bytree": -0.24826634225706756, "log10_eta": -2.109577057623837, "log10_lambda": 0.288282496206552, "log10_min_child_weight": 0.2748874140337043, "log10_subsample": -0.43779592442568327, "max_depth": 5.0, "num_boost_round": 4.0}, "datetime": {"datetime": "2024-01-19 00:46:32", "elapsed": 2099.583437, "delta": 0.002266}}
{"target": -13.757745885930198, "params": {"gamma": 128.58765456645727, "log10_alpha": -2.371792533004918, "log10_colsample_bytree": -0.24826634225706756, "log10_eta": -2.109577057623837, "log10_lambda": 0.288282496206552, "log10_min_child_weight": 0.2748874140337043, "log10_subsample": -0.43779592442568327, "max_depth": 5.0, "num_boost_round": 5.0}, "datetime": {"datetime": "2024-01-19 00:46:32", "elapsed": 2099.5857, "delta": 0.002263}}
{"target": -13.7576295228941, "params": {"gamma": 128.58765456645727, "log10_alpha": -2.371792533004918, "log10_colsample_bytree": -0.24826634225706756, "log10_eta": -2.109577057623837, "log10_lambda": 0.288282496206552, "log10_min_child_weight": 0.2748874140337043, "log10_subsample": -0.43779592442568327, "max_depth": 5.0, "num_boost_round": 6.0}, "datetime": {"datetime": "2024-01-19 00:46:32", "elapsed": 2099.701607, "delta": 0.115907}}
{"target": -13.757608772026552, "params": {"gamma": 128.58765456645727, "log10_alpha": -2.371792533004918, "log10_colsample_bytree": -0.24826634225706756, "log10_eta": -2.109577057623837, "log10_lambda": 0.288282496206552, "log10_min_child_weight": 0.2748874140337043, "log10_subsample": -0.43779592442568327, "max_depth": 5.0, "num_boost_round": 7.0}, "datetime": {"datetime": "2024-01-19 00:46:32", "elapsed": 2099.704441, "delta": 0.002834}}
{"target": -13.757809068064253, "params": {"gamma": 128.58765456645727, "log10_alpha": -2.371792533004918, "log10_colsample_bytree": -0.24826634225706756, "log10_eta": -2.109577057623837, "log10_lambda": 0.288282496206552, "log10_min_child_weight": 0.2748874140337043, "log10_subsample": -0.43779592442568327, "max_depth": 5.0, "num_boost_round": 8.0}, "datetime": {"datetime": "2024-01-19 00:46:32", "elapsed": 2099.707026, "delta": 0.002585}}
{"target": -13.757757470932267, "params": {"gamma": 128.58765456645727, "log10_alpha": -2.371792533004918, "log10_colsample_bytree": -0.24826634225706756, "log10_eta": -2.109577057623837, "log10_lambda": 0.288282496206552, "log10_min_child_weight": 0.2748874140337043, "log10_subsample": -0.43779592442568327, "max_depth": 5.0, "num_boost_round": 9.0}, "datetime": {"datetime": "2024-01-19 00:46:32", "elapsed": 2099.709484, "delta": 0.002458}}
{"target": -13.757570963156198, "params": {"gamma": 128.58765456645727, "log10_alpha": -2.371792533004918, "log10_colsample_bytree": -0.24826634225706756, "log10_eta": -2.109577057623837, "log10_lambda": 0.288282496206552, "log10_min_child_weight": 0.2748874140337043, "log10_subsample": -0.43779592442568327, "max_depth": 5.0, "num_boost_round": 10.0}, "datetime": {"datetime": "2024-01-19 00:46:32", "elapsed": 2099.711912, "delta": 0.002428}}
{"target": -13.757615840036543, "params": {"gamma": 128.58765456645727, "log10_alpha": -2.371792533004918, "log10_colsample_bytree": -0.24826634225706756, "log10_eta": -2.109577057623837, "log10_lambda": 0.288282496206552, "log10_min_child_weight": 0.2748874140337043, "log10_subsample": -0.43779592442568327, "max_depth": 5.0, "num_boost_round": 11.0}, "datetime": {"datetime": "2024-01-19 00:46:32", "elapsed": 2099.714295, "delta": 0.002383}}
{"target": -13.757712178508326, "params": {"gamma": 128.58765456645727, "log10_alpha": -2.371792533004918, "log10_colsample_bytree": -0.24826634225706756, "log10_eta": -2.109577057623837, "log10_lambda": 0.288282496206552, "log10_min_child_weight": 0.2748874140337043, "log10_subsample": -0.43779592442568327, "max_depth": 5.0, "num_boost_round": 12.0}, "datetime": {"datetime": "2024-01-19 00:46:32", "elapsed": 2099.716788, "delta": 0.002493}}
{"target": -13.758031192315865, "params": {"gamma": 128.58765456645727, "log10_alpha": -2.371792533004918, "log10_colsample_bytree": -0.24826634225706756, "log10_eta": -2.109577057623837, "log10_lambda": 0.288282496206552, "log10_min_child_weight": 0.2748874140337043, "log10_subsample": -0.43779592442568327, "max_depth": 5.0, "num_boost_round": 13.0}, "datetime": {"datetime": "2024-01-19 00:46:32", "elapsed": 2099.719397, "delta": 0.002609}}
{"target": -13.758206517818738, "params": {"gamma": 128.58765456645727, "log10_alpha": -2.371792533004918, "log10_colsample_bytree": -0.24826634225706756, "log10_eta": -2.109577057623837, "log10_lambda": 0.288282496206552, "log10_min_child_weight": 0.2748874140337043, "log10_subsample": -0.43779592442568327, "max_depth": 5.0, "num_boost_round": 14.0}, "datetime": {"datetime": "2024-01-19 00:46:32", "elapsed": 2099.721934, "delta": 0.002537}}
{"target": -13.757895740458785, "params": {"gamma": 128.58765456645727, "log10_alpha": -2.371792533004918, "log10_colsample_bytree": -0.24826634225706756, "log10_eta": -2.109577057623837, "log10_lambda": 0.288282496206552, "log10_min_child_weight": 0.2748874140337043, "log10_subsample": -0.43779592442568327, "max_depth": 5.0, "num_boost_round": 15.0}, "datetime": {"datetime": "2024-01-19 00:46:32", "elapsed": 2099.72442, "delta": 0.002486}}
{"target": -13.757835038383291, "params": {"gamma": 128.58765456645727, "log10_alpha": -2.371792533004918, "log10_colsample_bytree": -0.24826634225706756, "log10_eta": -2.109577057623837, "log10_lambda": 0.288282496206552, "log10_min_child_weight": 0.2748874140337043, "log10_subsample": -0.43779592442568327, "max_depth": 5.0, "num_boost_round": 16.0}, "datetime": {"datetime": "2024-01-19 00:46:32", "elapsed": 2099.726872, "delta": 0.002452}}
{"target": -13.757953484933138, "params": {"gamma": 128.58765456645727, "log10_alpha": -2.371792533004918, "log10_colsample_bytree": -0.24826634225706756, "log10_eta": -2.109577057623837, "log10_lambda": 0.288282496206552, "log10_min_child_weight": 0.2748874140337043, "log10_subsample": -0.43779592442568327, "max_depth": 5.0, "num_boost_round": 17.0}, "datetime": {"datetime": "2024-01-19 00:46:32", "elapsed": 2099.729351, "delta": 0.002479}}
{"target": -13.758536286912193, "params": {"gamma": 193.85744382604153, "log10_alpha": -2.3685985413508703, "log10_colsample_bytree": -0.1650836405428988, "log10_eta": -3.752899584411383, "log10_lambda": 0.3734271766068691, "log10_min_child_weight": 0.006232692506499826, "log10_subsample": -0.25822241710833094, "max_depth": 4.0, "num_boost_round": 0.0}, "datetime": {"datetime": "2024-01-19 00:46:59", "elapsed": 2126.794919, "delta": 27.065568}}
{"target": -13.75853470847112, "params": {"gamma": 193.85744382604153, "log10_alpha": -2.3685985413508703, "log10_colsample_bytree": -0.1650836405428988, "log10_eta": -3.752899584411383, "log10_lambda": 0.3734271766068691, "log10_min_child_weight": 0.006232692506499826, "log10_subsample": -0.25822241710833094, "max_depth": 4.0, "num_boost_round": 1.0}, "datetime": {"datetime": "2024-01-19 00:46:59", "elapsed": 2126.797896, "delta": 0.002977}}
