{"target": -13.758531013541795, "params": {"gamma": 112.93314219646678, "log10_alpha": -1.4397687141410263, "log10_colsample_bytree": -0.1364287590964115, "log10_eta": -3.816124827566735, "log10_lambda": -4.777531003571939, "log10_min_child_weight": 3.455578704646691, "log10_subsample": -0.07060476659752635, "max_depth": 5.0, "num_boost_round": 14.0}, "datetime": {"datetime": "2024-01-19 01:01:27", "elapsed": 2995.516138, "delta": 0.002914}}
{"target": -13.758530583380916, "params": {"gamma": 112.93314219646678, "log10_alpha": -1.4397687141410263, "log10_colsample_bytree": -0.1364287590964115, "log10_eta": -3.816124827566735, "log10_lambda": -4.777531003571939, "log10_min_child_weight": 3.455578704646691, "log10_subsample": -0.07060476659752635, "max_depth": 5.0, "num_boost_round": 15.0}, "datetime": {"datetime": "2024-01-19 01:01:27", "elapsed": 2995.51926, "delta": 0.003122}}
{"target": -13.758525995066519, "params": {"gamma": 112.93314219646678, "log10_alpha": -1.4397687141410263, "log10_colsample_bytree": -0.1364287590964115, "log10_eta": -3.816124827566735, "log10_lambda": -4.777531003571939, "log10_min_child_weight": 3.455578704646691, "log10_subsample": -0.07060476659752635, "max_depth": 5.0, "num_boost_round": 16.0}, "datetime": {"datetime": "2024-01-19 01:01:27", "elapsed": 2995.522182, "delta": 0.002922}}
{"target": -13.75852204717296, "params": {"gamma": 112.93314219646678, "log10_alpha": -1.4397687141410263, "log10_colsample_bytree": -0.1364287590964115, "log10_eta": -3.816124827566735, "log10_lambda": -4.777531003571939, "log10_min_child_weight": 3.455578704646691, "log10_subsample": -0.07060476659752635, "max_depth": 5.0, "num_boost_round": 17.0}, "datetime": {"datetime": "2024-01-19 01:01:27", "elapsed": 2995.525106, "delta": 0.002924}}
{"target": -13.758523035997898, "params": {"gamma": 112.93314219646678, "log10_alpha": -1.4397687141410263, "log10_colsample_bytree": -0.1364287590964115, "log10_eta": -3.816124827566735, "log10_lambda": -4.777531003571939, "log10_min_child_weight": 3.455578704646691, "log10_subsample": -0.07060476659752635, "max_depth": 5.0, "num_boost_round": 18.0}, "datetime": {"datetime": "2024-01-19 01:01:27", "elapsed": 2995.528021, "delta": 0.002915}}
{"target": -13.758522310346113, "params": {"gamma": 112.93314219646678, "log10_alpha": -1.4397687141410263, "log10_colsample_bytree": -0.1364287590964115, "log10_eta": -3.816124827566735, "log10_lambda": -4.777531003571939, "log10_min_child_weight": 3.455578704646691, "log10_subsample": -0.07060476659752635, "max_depth": 5.0, "num_boost_round": 19.0}, "datetime": {"datetime": "2024-01-19 01:01:27", "elapsed": 2995.530984, "delta": 0.002963}}
{"target": -13.758373560659438, "params": {"gamma": 111.97698885343254, "log10_alpha": 0.41752152118129526, "log10_colsample_bytree": -0.8773450839646653, "log10_eta": -2.0064839084197152, "log10_lambda": -0.43433914075012314, "log10_min_child_weight": 1.1045386784570943, "log10_subsample": -0.05876183218640085, "max_depth": 9.0, "num_boost_round": 0.0}, "datetime": {"datetime": "2024-01-19 01:01:57", "elapsed": 3024.664333, "delta": 29.133349}}
{"target": -13.758483326263194, "params": {"gamma": 111.97698885343254, "log10_alpha": 0.41752152118129526, "log10_colsample_bytree": -0.8773450839646653, "log10_eta": -2.0064839084197152, "log10_lambda": -0.43433914075012314, "log10_min_child_weight": 1.1045386784570943, "log10_subsample": -0.05876183218640085, "max_depth": 9.0, "num_boost_round": 1.0}, "datetime": {"datetime": "2024-01-19 01:01:57", "elapsed": 3024.668043, "delta": 0.00371}}
{"target": -13.75851464031971, "params": {"gamma": 111.97698885343254, "log10_alpha": 0.41752152118129526, "log10_colsample_bytree": -0.8773450839646653, "log10_eta": -2.0064839084197152, "log10_lambda": -0.43433914075012314, "log10_min_child_weight": 1.1045386784570943, "log10_subsample": -0.05876183218640085, "max_depth": 9.0, "num_boost_round": 2.0}, "datetime": {"datetime": "2024-01-19 01:01:57", "elapsed": 3024.671571, "delta": 0.003528}}
{"target": -13.758608393163485, "params": {"gamma": 111.97698885343254, "log10_alpha": 0.41752152118129526, "log10_colsample_bytree": -0.8773450839646653, "log10_eta": -2.0064839084197152, "log10_lambda": -0.43433914075012314, "log10_min_child_weight": 1.1045386784570943, "log10_subsample": -0.05876183218640085, "max_depth": 9.0, "num_boost_round": 3.0}, "datetime": {"datetime": "2024-01-19 01:01:57", "elapsed": 3024.795287, "delta": 0.123716}}
{"target": -13.75821927048782, "params": {"gamma": 111.97698885343254, "log10_alpha": 0.41752152118129526, "log10_colsample_bytree": -0.8773450839646653, "log10_eta": -2.0064839084197152, "log10_lambda": -0.43433914075012314, "log10_min_child_weight": 1.1045386784570943, "log10_subsample": -0.05876183218640085, "max_depth": 9.0, "num_boost_round": 4.0}, "datetime": {"datetime": "2024-01-19 01:01:57", "elapsed": 3024.799251, "delta": 0.003964}}
{"target": -13.758111777433548, "params": {"gamma": 111.97698885343254, "log10_alpha": 0.41752152118129526, "log10_colsample_bytree": -0.8773450839646653, "log10_eta": -2.0064839084197152, "log10_lambda": -0.43433914075012314, "log10_min_child_weight": 1.1045386784570943, "log10_subsample": -0.05876183218640085, "max_depth": 9.0, "num_boost_round": 5.0}, "datetime": {"datetime": "2024-01-19 01:01:57", "elapsed": 3024.803039, "delta": 0.003788}}
{"target": -13.758364798645674, "params": {"gamma": 111.97698885343254, "log10_alpha": 0.41752152118129526, "log10_colsample_bytree": -0.8773450839646653, "log10_eta": -2.0064839084197152, "log10_lambda": -0.43433914075012314, "log10_min_child_weight": 1.1045386784570943, "log10_subsample": -0.05876183218640085, "max_depth": 9.0, "num_boost_round": 6.0}, "datetime": {"datetime": "2024-01-19 01:01:57", "elapsed": 3024.80625, "delta": 0.003211}}
{"target": -13.758110247990572, "params": {"gamma": 111.97698885343254, "log10_alpha": 0.41752152118129526, "log10_colsample_bytree": -0.8773450839646653, "log10_eta": -2.0064839084197152, "log10_lambda": -0.43433914075012314, "log10_min_child_weight": 1.1045386784570943, "log10_subsample": -0.05876183218640085, "max_depth": 9.0, "num_boost_round": 7.0}, "datetime": {"datetime": "2024-01-19 01:01:57", "elapsed": 3024.809465, "delta": 0.003215}}
{"target": -13.757981362708083, "params": {"gamma": 111.97698885343254, "log10_alpha": 0.41752152118129526, "log10_colsample_bytree": -0.8773450839646653, "log10_eta": -2.0064839084197152, "log10_lambda": -0.43433914075012314, "log10_min_child_weight": 1.1045386784570943, "log10_subsample": -0.05876183218640085, "max_depth": 9.0, "num_boost_round": 8.0}, "datetime": {"datetime": "2024-01-19 01:01:57", "elapsed": 3024.81258, "delta": 0.003115}}
{"target": -13.757686580264068, "params": {"gamma": 111.97698885343254, "log10_alpha": 0.41752152118129526, "log10_colsample_bytree": -0.8773450839646653, "log10_eta": -2.0064839084197152, "log10_lambda": -0.43433914075012314, "log10_min_child_weight": 1.1045386784570943, "log10_subsample": -0.05876183218640085, "max_depth": 9.0, "num_boost_round": 9.0}, "datetime": {"datetime": "2024-01-19 01:01:57", "elapsed": 3024.815839, "delta": 0.003259}}
{"target": -13.757398202821067, "params": {"gamma": 111.97698885343254, "log10_alpha": 0.41752152118129526, "log10_colsample_bytree": -0.8773450839646653, "log10_eta": -2.0064839084197152, "log10_lambda": -0.43433914075012314, "log10_min_child_weight": 1.1045386784570943, "log10_subsample": -0.05876183218640085, "max_depth": 9.0, "num_boost_round": 10.0}, "datetime": {"datetime": "2024-01-19 01:01:57", "elapsed": 3024.819003, "delta": 0.003164}}
{"target": -13.758536078140052, "params": {"gamma": 114.20372109358412, "log10_alpha": -2.1308323997564194, "log10_colsample_bytree": -0.8970364499259974, "log10_eta": -3.732724568631059, "log10_lambda": -1.8131988220332538, "log10_min_child_weight": 3.498925754428675, "log10_subsample": -0.2564746327450772, "max_depth": 9.0, "num_boost_round": 0.0}, "datetime": {"datetime": "2024-01-19 01:02:31", "elapsed": 3059.047538, "delta": 34.228535}}
{"target": -13.758534418520094, "params": {"gamma": 114.20372109358412, "log10_alpha": -2.1308323997564194, "log10_colsample_bytree": -0.8970364499259974, "log10_eta": -3.732724568631059, "log10_lambda": -1.8131988220332538, "log10_min_child_weight": 3.498925754428675, "log10_subsample": -0.2564746327450772, "max_depth": 9.0, "num_boost_round": 1.0}, "datetime": {"datetime": "2024-01-19 01:02:31", "elapsed": 3059.051848, "delta": 0.00431}}
{"target": -13.758533743021353, "params": {"gamma": 114.20372109358412, "log10_alpha": -2.1308323997564194, "log10_colsample_bytree": -0.8970364499259974, "log10_eta": -3.732724568631059, "log10_lambda": -1.8131988220332538, "log10_min_child_weight": 3.498925754428675, "log10_subsample": -0.2564746327450772, "max_depth": 9.0, "num_boost_round": 2.0}, "datetime": {"datetime": "2024-01-19 01:02:31", "elapsed": 3059.055278, "delta": 0.00343}}
{"target": -13.75853306421878, "params": {"gamma": 114.20372109358412, "log10_alpha": -2.1308323997564194, "log10_colsample_bytree": -0.8970364499259974, "log10_eta": -3.732724568631059, "log10_lambda": -1.8131988220332538, "log10_min_child_weight": 3.498925754428675, "log10_subsample": -0.2564746327450772, "max_depth": 9.0, "num_boost_round": 3.0}, "datetime": {"datetime": "2024-01-19 01:02:31", "elapsed": 3059.058628, "delta": 0.00335}}
{"target": -13.75853119287843, "params": {"gamma": 114.20372109358412, "log10_alpha": -2.1308323997564194, "log10_colsample_bytree": -0.8970364499259974, "log10_eta": -3.732724568631059, "log10_lambda": -1.8131988220332538, "log10_min_child_weight": 3.498925754428675, "log10_subsample": -0.2564746327450772, "max_depth": 9.0, "num_boost_round": 4.0}, "datetime": {"datetime": "2024-01-19 01:02:31", "elapsed": 3059.061867, "delta": 0.003239}}
{"target": -13.758527824103886, "params": {"gamma": 114.20372109358412, "log10_alpha": -2.1308323997564194, "log10_colsample_bytree": -0.8970364499259974, "log10_eta": -3.732724568631059, "log10_lambda": -1.8131988220332538, "log10_min_child_weight": 3.498925754428675, "log10_subsample": -0.2564746327450772, "max_depth": 9.0, "num_boost_round": 5.0}, "datetime": {"datetime": "2024-01-19 01:02:31", "elapsed": 3059.065024, "delta": 0.003157}}
{"target": -13.75852969052991, "params": {"gamma": 114.20372109358412, "log10_alpha": -2.1308323997564194, "log10_colsample_bytree": -0.8970364499259974, "log10_eta": -3.732724568631059, "log10_lambda": -1.8131988220332538, "log10_min_child_weight": 3.498925754428675, "log10_subsample": -0.2564746327450772, "max_depth": 9.0, "num_boost_round": 6.0}, "datetime": {"datetime": "2024-01-19 01:02:31", "elapsed": 3059.068126, "delta": 0.003102}}
{"target": -13.758524514712752, "params": {"gamma": 114.20372109358412, "log10_alpha": -2.1308323997564194, "log10_colsample_bytree": -0.8970364499259974, "log10_eta": -3.732724568631059, "log10_lambda": -1.8131988220332538, "log10_min_child_weight": 3.498925754428675, "log10_subsample": -0.2564746327450772, "max_depth": 9.0, "num_boost_round": 7.0}, "datetime": {"datetime": "2024-01-19 01:02:31", "elapsed": 3059.071245, "delta": 0.003119}}
{"target": -13.758520470049595, "params": {"gamma": 114.20372109358412, "log10_alpha": -2.1308323997564194, "log10_colsample_bytree": -0.8970364499259974, "log10_eta": -3.732724568631059, "log10_lambda": -1.8131988220332538, "log10_min_child_weight": 3.498925754428675, "log10_subsample": -0.2564746327450772, "max_depth": 9.0, "num_boost_round": 8.0}, "datetime": {"datetime": "2024-01-19 01:02:31", "elapsed": 3059.074366, "delta": 0.003121}}
{"target": -13.758522375940096, "params": {"gamma": 114.20372109358412, "log10_alpha": -2.1308323997564194, "log10_colsample_bytree": -0.8970364499259974, "log10_eta": -3.732724568631059, "log10_lambda": -1.8131988220332538, "log10_min_child_weight": 3.498925754428675, "log10_subsample": -0.2564746327450772, "max_depth": 9.0, "num_boost_round": 9.0}, "datetime": {"datetime": "2024-01-19 01:02:31", "elapsed": 3059.077509, "delta": 0.003143}}
{"target": -13.758518057978335, "params": {"gamma": 114.20372109358412, "log10_alpha": -2.1308323997564194, "log10_colsample_bytree": -0.8970364499259974, "log10_eta": -3.732724568631059, "log10_lambda": -1.8131988220332538, "log10_min_child_weight": 3.498925754428675, "log10_subsample": -0.2564746327450772, "max_depth": 9.0, "num_boost_round": 10.0}, "datetime": {"datetime": "2024-01-19 01:02:31", "elapsed": 3059.080753, "delta": 0.003244}}
{"target": -13.758518572837048, "params": {"gamma": 114.20372109358412, "log10_alpha": -2.1308323997564194, "log10_colsample_bytree": -0.8970364499259974, "log10_eta": -3.732724568631059, "log10_lambda": -1.8131988220332538, "log10_min_child_weight": 3.498925754428675, "log10_subsample": -0.2564746327450772, "max_depth": 9.0, "num_boost_round": 11.0}, "datetime": {"datetime": "2024-01-19 01:02:31", "elapsed": 3059.083993, "delta": 0.00324}}
{"target": -13.75851724451071, "params": {"gamma": 114.20372109358412, "log10_alpha": -2.1308323997564194, "log10_colsample_bytree": -0.8970364499259974, "log10_eta": -3.732724568631059, "log10_lambda": -1.8131988220332538, "log10_min_child_weight": 3.498925754428675, "log10_subsample": -0.2564746327450772, "max_depth": 9.0, "num_boost_round": 12.0}, "datetime": {"datetime": "2024-01-19 01:02:31", "elapsed": 3059.087198, "delta": 0.003205}}
{"target": -13.758515773862168, "params": {"gamma": 114.20372109358412, "log10_alpha": -2.1308323997564194, "log10_colsample_bytree": -0.8970364499259974, "log10_eta": -3.732724568631059, "log10_lambda": -1.8131988220332538, "log10_min_child_weight": 3.498925754428675, "log10_subsample": -0.2564746327450772, "max_depth": 9.0, "num_boost_round": 13.0}, "datetime": {"datetime": "2024-01-19 01:02:31", "elapsed": 3059.090394, "delta": 0.003196}}
{"target": -13.758513579360425, "params": {"gamma": 114.20372109358412, "log10_alpha": -2.1308323997564194, "log10_colsample_bytree": -0.8970364499259974, "log10_eta": -3.732724568631059, "log10_lambda": -1.8131988220332538, "log10_min_child_weight": 3.498925754428675, "log10_subsample": -0.2564746327450772, "max_depth": 9.0, "num_boost_round": 14.0}, "datetime": {"datetime": "2024-01-19 01:02:31", "elapsed": 3059.093726, "delta": 0.003332}}
{"target": -13.758509070457503, "params": {"gamma": 114.20372109358412, "log10_alpha": -2.1308323997564194, "log10_colsample_bytree": -0.8970364499259974, "log10_eta": -3.732724568631059, "log10_lambda": -1.8131988220332538, "log10_min_child_weight": 3.498925754428675, "log10_subsample": -0.2564746327450772, "max_depth": 9.0, "num_boost_round": 15.0}, "datetime": {"datetime": "2024-01-19 01:02:31", "elapsed": 3059.097061, "delta": 0.003335}}
{"target": -13.758507026281576, "params": {"gamma": 114.20372109358412, "log10_alpha": -2.1308323997564194, "log10_colsample_bytree": -0.8970364499259974, "log10_eta": -3.732724568631059, "log10_lambda": -1.8131988220332538, "log10_min_child_weight": 3.498925754428675, "log10_subsample": -0.2564746327450772, "max_depth": 9.0, "num_boost_round": 16.0}, "datetime": {"datetime": "2024-01-19 01:02:31", "elapsed": 3059.100383, "delta": 0.003322}}
{"target": -13.758501859344383, "params": {"gamma": 114.20372109358412, "log10_alpha": -2.1308323997564194, "log10_colsample_bytree": -0.8970364499259974, "log10_eta": -3.732724568631059, "log10_lambda": -1.8131988220332538, "log10_min_child_weight": 3.498925754428675, "log10_subsample": -0.2564746327450772, "max_depth": 9.0, "num_boost_round": 17.0}, "datetime": {"datetime": "2024-01-19 01:02:31", "elapsed": 3059.10361, "delta": 0.003227}}
{"target": -13.758496851792959, "params": {"gamma": 114.20372109358412, "log10_alpha": -2.1308323997564194, "log10_colsample_bytree": -0.8970364499259974, "log10_eta": -3.732724568631059, "log10_lambda": -1.8131988220332538, "log10_min_child_weight": 3.498925754428675, "log10_subsample": -0.2564746327450772, "max_depth": 9.0, "num_boost_round": 18.0}, "datetime": {"datetime": "2024-01-19 01:02:31", "elapsed": 3059.106836, "delta": 0.003226}}
{"target": -13.758496143988035, "params": {"gamma": 114.20372109358412, "log10_alpha": -2.1308323997564194, "log10_colsample_bytree": -0.8970364499259974, "log10_eta": -3.732724568631059, "log10_lambda": -1.8131988220332538, "log10_min_child_weight": 3.498925754428675, "log10_subsample": -0.2564746327450772, "max_depth": 9.0, "num_boost_round": 19.0}, "datetime": {"datetime": "2024-01-19 01:02:31", "elapsed": 3059.11009, "delta": 0.003254}}
{"target": -13.758493776714474, "params": {"gamma": 113.50072306179581, "log10_alpha": 0.9439703491316669, "log10_colsample_bytree": -0.7350303730234983, "log10_eta": -2.725570933488583, "log10_lambda": 0.1003527509283062, "log10_min_child_weight": 1.2305028337634898, "log10_subsample": -0.07759825191990821, "max_depth": 3.0, "num_boost_round": 0.0}, "datetime": {"datetime": "2024-01-19 01:03:05", "elapsed": 3093.232364, "delta": 34.122274}}
{"target": -13.75846223177988, "params": {"gamma": 113.50072306179581, "log10_alpha": 0.9439703491316669, "log10_colsample_bytree": -0.7350303730234983, "log10_eta": -2.725570933488583, "log10_lambda": 0.1003527509283062, "log10_min_child_weight": 1.2305028337634898, "log10_subsample": -0.07759825191990821, "max_depth": 3.0, "num_boost_round": 1.0}, "datetime": {"datetime": "2024-01-19 01:03:05", "elapsed": 3093.236179, "delta": 0.003815}}
{"target": -13.758454601519151, "params": {"gamma": 113.50072306179581, "log10_alpha": 0.9439703491316669, "log10_colsample_bytree": -0.7350303730234983, "log10_eta": -2.725570933488583, "log10_lambda": 0.1003527509283062, "log10_min_child_weight": 1.2305028337634898, "log10_subsample": -0.07759825191990821, "max_depth": 3.0, "num_boost_round": 2.0}, "datetime": {"datetime": "2024-01-19 01:03:05", "elapsed": 3093.239752, "delta": 0.003573}}
{"target": -13.758415386107023, "params": {"gamma": 113.50072306179581, "log10_alpha": 0.9439703491316669, "log10_colsample_bytree": -0.7350303730234983, "log10_eta": -2.725570933488583, "log10_lambda": 0.1003527509283062, "log10_min_child_weight": 1.2305028337634898, "log10_subsample": -0.07759825191990821, "max_depth": 3.0, "num_boost_round": 3.0}, "datetime": {"datetime": "2024-01-19 01:03:05", "elapsed": 3093.243253, "delta": 0.003501}}
{"target": -13.758399942940367, "params": {"gamma": 113.50072306179581, "log10_alpha": 0.9439703491316669, "log10_colsample_bytree": -0.7350303730234983, "log10_eta": -2.725570933488583, "log10_lambda": 0.1003527509283062, "log10_min_child_weight": 1.2305028337634898, "log10_subsample": -0.07759825191990821, "max_depth": 3.0, "num_boost_round": 4.0}, "datetime": {"datetime": "2024-01-19 01:03:05", "elapsed": 3093.247233, "delta": 0.00398}}
{"target": -13.758358396634742, "params": {"gamma": 113.50072306179581, "log10_alpha": 0.9439703491316669, "log10_colsample_bytree": -0.7350303730234983, "log10_eta": -2.725570933488583, "log10_lambda": 0.1003527509283062, "log10_min_child_weight": 1.2305028337634898, "log10_subsample": -0.07759825191990821, "max_depth": 3.0, "num_boost_round": 5.0}, "datetime": {"datetime": "2024-01-19 01:03:05", "elapsed": 3093.250472, "delta": 0.003239}}
{"target": -13.75831037314241, "params": {"gamma": 113.50072306179581, "log10_alpha": 0.9439703491316669, "log10_colsample_bytree": -0.7350303730234983, "log10_eta": -2.725570933488583, "log10_lambda": 0.1003527509283062, "log10_min_child_weight": 1.2305028337634898, "log10_subsample": -0.07759825191990821, "max_depth": 3.0, "num_boost_round": 6.0}, "datetime": {"datetime": "2024-01-19 01:03:05", "elapsed": 3093.253694, "delta": 0.003222}}
{"target": -13.758284283405757, "params": {"gamma": 113.50072306179581, "log10_alpha": 0.9439703491316669, "log10_colsample_bytree": -0.7350303730234983, "log10_eta": -2.725570933488583, "log10_lambda": 0.1003527509283062, "log10_min_child_weight": 1.2305028337634898, "log10_subsample": -0.07759825191990821, "max_depth": 3.0, "num_boost_round": 7.0}, "datetime": {"datetime": "2024-01-19 01:03:05", "elapsed": 3093.256756, "delta": 0.003062}}
{"target": -13.758295895010273, "params": {"gamma": 113.50072306179581, "log10_alpha": 0.9439703491316669, "log10_colsample_bytree": -0.7350303730234983, "log10_eta": -2.725570933488583, "log10_lambda": 0.1003527509283062, "log10_min_child_weight": 1.2305028337634898, "log10_subsample": -0.07759825191990821, "max_depth": 3.0, "num_boost_round": 8.0}, "datetime": {"datetime": "2024-01-19 01:03:05", "elapsed": 3093.259917, "delta": 0.003161}}
{"target": -13.758299493428462, "params": {"gamma": 113.50072306179581, "log10_alpha": 0.9439703491316669, "log10_colsample_bytree": -0.7350303730234983, "log10_eta": -2.725570933488583, "log10_lambda": 0.1003527509283062, "log10_min_child_weight": 1.2305028337634898, "log10_subsample": -0.07759825191990821, "max_depth": 3.0, "num_boost_round": 9.0}, "datetime": {"datetime": "2024-01-19 01:03:05", "elapsed": 3093.263023, "delta": 0.003106}}
{"target": -13.758273575903878, "params": {"gamma": 113.50072306179581, "log10_alpha": 0.9439703491316669, "log10_colsample_bytree": -0.7350303730234983, "log10_eta": -2.725570933488583, "log10_lambda": 0.1003527509283062, "log10_min_child_weight": 1.2305028337634898, "log10_subsample": -0.07759825191990821, "max_depth": 3.0, "num_boost_round": 10.0}, "datetime": {"datetime": "2024-01-19 01:03:05", "elapsed": 3093.266168, "delta": 0.003145}}
{"target": -13.758250950115988, "params": {"gamma": 113.50072306179581, "log10_alpha": 0.9439703491316669, "log10_colsample_bytree": -0.7350303730234983, "log10_eta": -2.725570933488583, "log10_lambda": 0.1003527509283062, "log10_min_child_weight": 1.2305028337634898, "log10_subsample": -0.07759825191990821, "max_depth": 3.0, "num_boost_round": 11.0}, "datetime": {"datetime": "2024-01-19 01:03:05", "elapsed": 3093.269285, "delta": 0.003117}}
