{"target": -19.198647494293173, "params": {"gamma": 404.0286230048962, "log10_alpha": -3.6866203996512823, "log10_colsample_bytree": -0.6379948000065051, "log10_eta": -0.41103746716002565, "log10_lambda": -2.404667799522906, "log10_min_child_weight": 0.433804041568952, "log10_subsample": -0.3917335123588621, "max_depth": 7.0, "num_boost_round": 39.0}, "datetime": {"datetime": "2024-01-19 00:54:59", "elapsed": 2589.236944, "delta": 0.003411}}
{"target": -19.20197876829942, "params": {"gamma": 404.0286230048962, "log10_alpha": -3.6866203996512823, "log10_colsample_bytree": -0.6379948000065051, "log10_eta": -0.41103746716002565, "log10_lambda": -2.404667799522906, "log10_min_child_weight": 0.433804041568952, "log10_subsample": -0.3917335123588621, "max_depth": 7.0, "num_boost_round": 40.0}, "datetime": {"datetime": "2024-01-19 00:54:59", "elapsed": 2589.240301, "delta": 0.003357}}
{"target": -19.214661309750635, "params": {"gamma": 404.0286230048962, "log10_alpha": -3.6866203996512823, "log10_colsample_bytree": -0.6379948000065051, "log10_eta": -0.41103746716002565, "log10_lambda": -2.404667799522906, "log10_min_child_weight": 0.433804041568952, "log10_subsample": -0.3917335123588621, "max_depth": 7.0, "num_boost_round": 41.0}, "datetime": {"datetime": "2024-01-19 00:54:59", "elapsed": 2589.243955, "delta": 0.003654}}
{"target": -17.67722647900972, "params": {"gamma": 410.4174782439065, "log10_alpha": -2.5880442819921763, "log10_colsample_bytree": -0.7975325950156341, "log10_eta": -3.2637286933001537, "log10_lambda": -4.936908030024699, "log10_min_child_weight": 3.1697476636076125, "log10_subsample": -0.8364104009062461, "max_depth": 3.0, "num_boost_round": 0.0}, "datetime": {"datetime": "2024-01-19 00:55:35", "elapsed": 2625.255361, "delta": 36.011406}}
{"target": -17.677226914834762, "params": {"gamma": 410.4174782439065, "log10_alpha": -2.5880442819921763, "log10_colsample_bytree": -0.7975325950156341, "log10_eta": -3.2637286933001537, "log10_lambda": -4.936908030024699, "log10_min_child_weight": 3.1697476636076125, "log10_subsample": -0.8364104009062461, "max_depth": 3.0, "num_boost_round": 1.0}, "datetime": {"datetime": "2024-01-19 00:55:35", "elapsed": 2625.264286, "delta": 0.008925}}
{"target": -17.677218239547365, "params": {"gamma": 410.4174782439065, "log10_alpha": -2.5880442819921763, "log10_colsample_bytree": -0.7975325950156341, "log10_eta": -3.2637286933001537, "log10_lambda": -4.936908030024699, "log10_min_child_weight": 3.1697476636076125, "log10_subsample": -0.8364104009062461, "max_depth": 3.0, "num_boost_round": 2.0}, "datetime": {"datetime": "2024-01-19 00:55:35", "elapsed": 2625.267671, "delta": 0.003385}}
{"target": -17.67721817346689, "params": {"gamma": 410.4174782439065, "log10_alpha": -2.5880442819921763, "log10_colsample_bytree": -0.7975325950156341, "log10_eta": -3.2637286933001537, "log10_lambda": -4.936908030024699, "log10_min_child_weight": 3.1697476636076125, "log10_subsample": -0.8364104009062461, "max_depth": 3.0, "num_boost_round": 3.0}, "datetime": {"datetime": "2024-01-19 00:55:35", "elapsed": 2625.270961, "delta": 0.00329}}
{"target": -17.677207785100386, "params": {"gamma": 410.4174782439065, "log10_alpha": -2.5880442819921763, "log10_colsample_bytree": -0.7975325950156341, "log10_eta": -3.2637286933001537, "log10_lambda": -4.936908030024699, "log10_min_child_weight": 3.1697476636076125, "log10_subsample": -0.8364104009062461, "max_depth": 3.0, "num_boost_round": 4.0}, "datetime": {"datetime": "2024-01-19 00:55:35", "elapsed": 2625.274225, "delta": 0.003264}}
{"target": -17.677207228100098, "params": {"gamma": 410.4174782439065, "log10_alpha": -2.5880442819921763, "log10_colsample_bytree": -0.7975325950156341, "log10_eta": -3.2637286933001537, "log10_lambda": -4.936908030024699, "log10_min_child_weight": 3.1697476636076125, "log10_subsample": -0.8364104009062461, "max_depth": 3.0, "num_boost_round": 5.0}, "datetime": {"datetime": "2024-01-19 00:55:35", "elapsed": 2625.277475, "delta": 0.00325}}
{"target": -17.677203206678264, "params": {"gamma": 410.4174782439065, "log10_alpha": -2.5880442819921763, "log10_colsample_bytree": -0.7975325950156341, "log10_eta": -3.2637286933001537, "log10_lambda": -4.936908030024699, "log10_min_child_weight": 3.1697476636076125, "log10_subsample": -0.8364104009062461, "max_depth": 3.0, "num_boost_round": 6.0}, "datetime": {"datetime": "2024-01-19 00:55:35", "elapsed": 2625.280727, "delta": 0.003252}}
{"target": -17.677201265007326, "params": {"gamma": 410.4174782439065, "log10_alpha": -2.5880442819921763, "log10_colsample_bytree": -0.7975325950156341, "log10_eta": -3.2637286933001537, "log10_lambda": -4.936908030024699, "log10_min_child_weight": 3.1697476636076125, "log10_subsample": -0.8364104009062461, "max_depth": 3.0, "num_boost_round": 7.0}, "datetime": {"datetime": "2024-01-19 00:55:35", "elapsed": 2625.284111, "delta": 0.003384}}
{"target": -17.677196127352907, "params": {"gamma": 410.4174782439065, "log10_alpha": -2.5880442819921763, "log10_colsample_bytree": -0.7975325950156341, "log10_eta": -3.2637286933001537, "log10_lambda": -4.936908030024699, "log10_min_child_weight": 3.1697476636076125, "log10_subsample": -0.8364104009062461, "max_depth": 3.0, "num_boost_round": 8.0}, "datetime": {"datetime": "2024-01-19 00:55:35", "elapsed": 2625.287354, "delta": 0.003243}}
{"target": -17.67719129077076, "params": {"gamma": 410.4174782439065, "log10_alpha": -2.5880442819921763, "log10_colsample_bytree": -0.7975325950156341, "log10_eta": -3.2637286933001537, "log10_lambda": -4.936908030024699, "log10_min_child_weight": 3.1697476636076125, "log10_subsample": -0.8364104009062461, "max_depth": 3.0, "num_boost_round": 9.0}, "datetime": {"datetime": "2024-01-19 00:55:35", "elapsed": 2625.290607, "delta": 0.003253}}
{"target": -17.677168102646608, "params": {"gamma": 410.4174782439065, "log10_alpha": -2.5880442819921763, "log10_colsample_bytree": -0.7975325950156341, "log10_eta": -3.2637286933001537, "log10_lambda": -4.936908030024699, "log10_min_child_weight": 3.1697476636076125, "log10_subsample": -0.8364104009062461, "max_depth": 3.0, "num_boost_round": 10.0}, "datetime": {"datetime": "2024-01-19 00:55:35", "elapsed": 2625.29393, "delta": 0.003323}}
{"target": -17.677161060956447, "params": {"gamma": 410.4174782439065, "log10_alpha": -2.5880442819921763, "log10_colsample_bytree": -0.7975325950156341, "log10_eta": -3.2637286933001537, "log10_lambda": -4.936908030024699, "log10_min_child_weight": 3.1697476636076125, "log10_subsample": -0.8364104009062461, "max_depth": 3.0, "num_boost_round": 11.0}, "datetime": {"datetime": "2024-01-19 00:55:35", "elapsed": 2625.297177, "delta": 0.003247}}
{"target": -17.67714851789654, "params": {"gamma": 410.4174782439065, "log10_alpha": -2.5880442819921763, "log10_colsample_bytree": -0.7975325950156341, "log10_eta": -3.2637286933001537, "log10_lambda": -4.936908030024699, "log10_min_child_weight": 3.1697476636076125, "log10_subsample": -0.8364104009062461, "max_depth": 3.0, "num_boost_round": 12.0}, "datetime": {"datetime": "2024-01-19 00:55:35", "elapsed": 2625.300418, "delta": 0.003241}}
{"target": -17.677133299262792, "params": {"gamma": 410.4174782439065, "log10_alpha": -2.5880442819921763, "log10_colsample_bytree": -0.7975325950156341, "log10_eta": -3.2637286933001537, "log10_lambda": -4.936908030024699, "log10_min_child_weight": 3.1697476636076125, "log10_subsample": -0.8364104009062461, "max_depth": 3.0, "num_boost_round": 13.0}, "datetime": {"datetime": "2024-01-19 00:55:35", "elapsed": 2625.303771, "delta": 0.003353}}
{"target": -17.67713443793611, "params": {"gamma": 410.4174782439065, "log10_alpha": -2.5880442819921763, "log10_colsample_bytree": -0.7975325950156341, "log10_eta": -3.2637286933001537, "log10_lambda": -4.936908030024699, "log10_min_child_weight": 3.1697476636076125, "log10_subsample": -0.8364104009062461, "max_depth": 3.0, "num_boost_round": 14.0}, "datetime": {"datetime": "2024-01-19 00:55:35", "elapsed": 2625.306992, "delta": 0.003221}}
{"target": -17.67712245559328, "params": {"gamma": 410.4174782439065, "log10_alpha": -2.5880442819921763, "log10_colsample_bytree": -0.7975325950156341, "log10_eta": -3.2637286933001537, "log10_lambda": -4.936908030024699, "log10_min_child_weight": 3.1697476636076125, "log10_subsample": -0.8364104009062461, "max_depth": 3.0, "num_boost_round": 15.0}, "datetime": {"datetime": "2024-01-19 00:55:35", "elapsed": 2625.310234, "delta": 0.003242}}
{"target": -17.677114164191817, "params": {"gamma": 410.4174782439065, "log10_alpha": -2.5880442819921763, "log10_colsample_bytree": -0.7975325950156341, "log10_eta": -3.2637286933001537, "log10_lambda": -4.936908030024699, "log10_min_child_weight": 3.1697476636076125, "log10_subsample": -0.8364104009062461, "max_depth": 3.0, "num_boost_round": 16.0}, "datetime": {"datetime": "2024-01-19 00:55:35", "elapsed": 2625.313524, "delta": 0.00329}}
{"target": -17.677109251739832, "params": {"gamma": 410.4174782439065, "log10_alpha": -2.5880442819921763, "log10_colsample_bytree": -0.7975325950156341, "log10_eta": -3.2637286933001537, "log10_lambda": -4.936908030024699, "log10_min_child_weight": 3.1697476636076125, "log10_subsample": -0.8364104009062461, "max_depth": 3.0, "num_boost_round": 17.0}, "datetime": {"datetime": "2024-01-19 00:55:35", "elapsed": 2625.316776, "delta": 0.003252}}
{"target": -17.677114494984448, "params": {"gamma": 410.4174782439065, "log10_alpha": -2.5880442819921763, "log10_colsample_bytree": -0.7975325950156341, "log10_eta": -3.2637286933001537, "log10_lambda": -4.936908030024699, "log10_min_child_weight": 3.1697476636076125, "log10_subsample": -0.8364104009062461, "max_depth": 3.0, "num_boost_round": 18.0}, "datetime": {"datetime": "2024-01-19 00:55:35", "elapsed": 2625.320048, "delta": 0.003272}}
{"target": -17.67710334943924, "params": {"gamma": 410.4174782439065, "log10_alpha": -2.5880442819921763, "log10_colsample_bytree": -0.7975325950156341, "log10_eta": -3.2637286933001537, "log10_lambda": -4.936908030024699, "log10_min_child_weight": 3.1697476636076125, "log10_subsample": -0.8364104009062461, "max_depth": 3.0, "num_boost_round": 19.0}, "datetime": {"datetime": "2024-01-19 00:55:35", "elapsed": 2625.323399, "delta": 0.003351}}
{"target": -17.677088524004326, "params": {"gamma": 410.4174782439065, "log10_alpha": -2.5880442819921763, "log10_colsample_bytree": -0.7975325950156341, "log10_eta": -3.2637286933001537, "log10_lambda": -4.936908030024699, "log10_min_child_weight": 3.1697476636076125, "log10_subsample": -0.8364104009062461, "max_depth": 3.0, "num_boost_round": 20.0}, "datetime": {"datetime": "2024-01-19 00:55:35", "elapsed": 2625.326611, "delta": 0.003212}}
{"target": -17.677071051016345, "params": {"gamma": 410.4174782439065, "log10_alpha": -2.5880442819921763, "log10_colsample_bytree": -0.7975325950156341, "log10_eta": -3.2637286933001537, "log10_lambda": -4.936908030024699, "log10_min_child_weight": 3.1697476636076125, "log10_subsample": -0.8364104009062461, "max_depth": 3.0, "num_boost_round": 21.0}, "datetime": {"datetime": "2024-01-19 00:55:35", "elapsed": 2625.329857, "delta": 0.003246}}
{"target": -17.677059328590758, "params": {"gamma": 410.4174782439065, "log10_alpha": -2.5880442819921763, "log10_colsample_bytree": -0.7975325950156341, "log10_eta": -3.2637286933001537, "log10_lambda": -4.936908030024699, "log10_min_child_weight": 3.1697476636076125, "log10_subsample": -0.8364104009062461, "max_depth": 3.0, "num_boost_round": 22.0}, "datetime": {"datetime": "2024-01-19 00:55:35", "elapsed": 2625.333977, "delta": 0.00412}}
{"target": -17.677041926238353, "params": {"gamma": 410.4174782439065, "log10_alpha": -2.5880442819921763, "log10_colsample_bytree": -0.7975325950156341, "log10_eta": -3.2637286933001537, "log10_lambda": -4.936908030024699, "log10_min_child_weight": 3.1697476636076125, "log10_subsample": -0.8364104009062461, "max_depth": 3.0, "num_boost_round": 23.0}, "datetime": {"datetime": "2024-01-19 00:55:35", "elapsed": 2625.337818, "delta": 0.003841}}
{"target": -17.677033080323056, "params": {"gamma": 410.4174782439065, "log10_alpha": -2.5880442819921763, "log10_colsample_bytree": -0.7975325950156341, "log10_eta": -3.2637286933001537, "log10_lambda": -4.936908030024699, "log10_min_child_weight": 3.1697476636076125, "log10_subsample": -0.8364104009062461, "max_depth": 3.0, "num_boost_round": 24.0}, "datetime": {"datetime": "2024-01-19 00:55:35", "elapsed": 2625.34125, "delta": 0.003432}}
{"target": -17.677024756990367, "params": {"gamma": 410.4174782439065, "log10_alpha": -2.5880442819921763, "log10_colsample_bytree": -0.7975325950156341, "log10_eta": -3.2637286933001537, "log10_lambda": -4.936908030024699, "log10_min_child_weight": 3.1697476636076125, "log10_subsample": -0.8364104009062461, "max_depth": 3.0, "num_boost_round": 25.0}, "datetime": {"datetime": "2024-01-19 00:55:35", "elapsed": 2625.345091, "delta": 0.003841}}
{"target": -17.677019978995038, "params": {"gamma": 410.4174782439065, "log10_alpha": -2.5880442819921763, "log10_colsample_bytree": -0.7975325950156341, "log10_eta": -3.2637286933001537, "log10_lambda": -4.936908030024699, "log10_min_child_weight": 3.1697476636076125, "log10_subsample": -0.8364104009062461, "max_depth": 3.0, "num_boost_round": 26.0}, "datetime": {"datetime": "2024-01-19 00:55:35", "elapsed": 2625.348528, "delta": 0.003437}}
{"target": -17.67699975292544, "params": {"gamma": 410.4174782439065, "log10_alpha": -2.5880442819921763, "log10_colsample_bytree": -0.7975325950156341, "log10_eta": -3.2637286933001537, "log10_lambda": -4.936908030024699, "log10_min_child_weight": 3.1697476636076125, "log10_subsample": -0.8364104009062461, "max_depth": 3.0, "num_boost_round": 27.0}, "datetime": {"datetime": "2024-01-19 00:55:35", "elapsed": 2625.351916, "delta": 0.003388}}
{"target": -17.676987642090698, "params": {"gamma": 410.4174782439065, "log10_alpha": -2.5880442819921763, "log10_colsample_bytree": -0.7975325950156341, "log10_eta": -3.2637286933001537, "log10_lambda": -4.936908030024699, "log10_min_child_weight": 3.1697476636076125, "log10_subsample": -0.8364104009062461, "max_depth": 3.0, "num_boost_round": 28.0}, "datetime": {"datetime": "2024-01-19 00:55:35", "elapsed": 2625.355354, "delta": 0.003438}}
{"target": -17.676972356805823, "params": {"gamma": 410.4174782439065, "log10_alpha": -2.5880442819921763, "log10_colsample_bytree": -0.7975325950156341, "log10_eta": -3.2637286933001537, "log10_lambda": -4.936908030024699, "log10_min_child_weight": 3.1697476636076125, "log10_subsample": -0.8364104009062461, "max_depth": 3.0, "num_boost_round": 29.0}, "datetime": {"datetime": "2024-01-19 00:55:35", "elapsed": 2625.358649, "delta": 0.003295}}
{"target": -17.676958075197703, "params": {"gamma": 410.4174782439065, "log10_alpha": -2.5880442819921763, "log10_colsample_bytree": -0.7975325950156341, "log10_eta": -3.2637286933001537, "log10_lambda": -4.936908030024699, "log10_min_child_weight": 3.1697476636076125, "log10_subsample": -0.8364104009062461, "max_depth": 3.0, "num_boost_round": 30.0}, "datetime": {"datetime": "2024-01-19 00:55:35", "elapsed": 2625.361966, "delta": 0.003317}}
{"target": -17.676940047953767, "params": {"gamma": 410.4174782439065, "log10_alpha": -2.5880442819921763, "log10_colsample_bytree": -0.7975325950156341, "log10_eta": -3.2637286933001537, "log10_lambda": -4.936908030024699, "log10_min_child_weight": 3.1697476636076125, "log10_subsample": -0.8364104009062461, "max_depth": 3.0, "num_boost_round": 31.0}, "datetime": {"datetime": "2024-01-19 00:55:35", "elapsed": 2625.365312, "delta": 0.003346}}
{"target": -17.676931364506565, "params": {"gamma": 410.4174782439065, "log10_alpha": -2.5880442819921763, "log10_colsample_bytree": -0.7975325950156341, "log10_eta": -3.2637286933001537, "log10_lambda": -4.936908030024699, "log10_min_child_weight": 3.1697476636076125, "log10_subsample": -0.8364104009062461, "max_depth": 3.0, "num_boost_round": 32.0}, "datetime": {"datetime": "2024-01-19 00:55:35", "elapsed": 2625.368654, "delta": 0.003342}}
{"target": -17.676911727012236, "params": {"gamma": 410.4174782439065, "log10_alpha": -2.5880442819921763, "log10_colsample_bytree": -0.7975325950156341, "log10_eta": -3.2637286933001537, "log10_lambda": -4.936908030024699, "log10_min_child_weight": 3.1697476636076125, "log10_subsample": -0.8364104009062461, "max_depth": 3.0, "num_boost_round": 33.0}, "datetime": {"datetime": "2024-01-19 00:55:35", "elapsed": 2625.37195, "delta": 0.003296}}
{"target": -17.676895512827528, "params": {"gamma": 410.4174782439065, "log10_alpha": -2.5880442819921763, "log10_colsample_bytree": -0.7975325950156341, "log10_eta": -3.2637286933001537, "log10_lambda": -4.936908030024699, "log10_min_child_weight": 3.1697476636076125, "log10_subsample": -0.8364104009062461, "max_depth": 3.0, "num_boost_round": 34.0}, "datetime": {"datetime": "2024-01-19 00:55:35", "elapsed": 2625.375245, "delta": 0.003295}}
{"target": -17.67690361605384, "params": {"gamma": 410.4174782439065, "log10_alpha": -2.5880442819921763, "log10_colsample_bytree": -0.7975325950156341, "log10_eta": -3.2637286933001537, "log10_lambda": -4.936908030024699, "log10_min_child_weight": 3.1697476636076125, "log10_subsample": -0.8364104009062461, "max_depth": 3.0, "num_boost_round": 35.0}, "datetime": {"datetime": "2024-01-19 00:55:35", "elapsed": 2625.378554, "delta": 0.003309}}
{"target": -17.676905258242098, "params": {"gamma": 410.4174782439065, "log10_alpha": -2.5880442819921763, "log10_colsample_bytree": -0.7975325950156341, "log10_eta": -3.2637286933001537, "log10_lambda": -4.936908030024699, "log10_min_child_weight": 3.1697476636076125, "log10_subsample": -0.8364104009062461, "max_depth": 3.0, "num_boost_round": 36.0}, "datetime": {"datetime": "2024-01-19 00:55:35", "elapsed": 2625.381826, "delta": 0.003272}}
{"target": -17.676911632522142, "params": {"gamma": 410.4174782439065, "log10_alpha": -2.5880442819921763, "log10_colsample_bytree": -0.7975325950156341, "log10_eta": -3.2637286933001537, "log10_lambda": -4.936908030024699, "log10_min_child_weight": 3.1697476636076125, "log10_subsample": -0.8364104009062461, "max_depth": 3.0, "num_boost_round": 37.0}, "datetime": {"datetime": "2024-01-19 00:55:35", "elapsed": 2625.385115, "delta": 0.003289}}
{"target": -17.676911455729506, "params": {"gamma": 410.4174782439065, "log10_alpha": -2.5880442819921763, "log10_colsample_bytree": -0.7975325950156341, "log10_eta": -3.2637286933001537, "log10_lambda": -4.936908030024699, "log10_min_child_weight": 3.1697476636076125, "log10_subsample": -0.8364104009062461, "max_depth": 3.0, "num_boost_round": 38.0}, "datetime": {"datetime": "2024-01-19 00:55:35", "elapsed": 2625.388377, "delta": 0.003262}}
{"target": -17.67690537766547, "params": {"gamma": 410.4174782439065, "log10_alpha": -2.5880442819921763, "log10_colsample_bytree": -0.7975325950156341, "log10_eta": -3.2637286933001537, "log10_lambda": -4.936908030024699, "log10_min_child_weight": 3.1697476636076125, "log10_subsample": -0.8364104009062461, "max_depth": 3.0, "num_boost_round": 39.0}, "datetime": {"datetime": "2024-01-19 00:55:35", "elapsed": 2625.391642, "delta": 0.003265}}
{"target": -17.676676997461907, "params": {"gamma": 409.30002575324266, "log10_alpha": 0.33819232412392, "log10_colsample_bytree": -0.4561631569781137, "log10_eta": -1.2288976613416622, "log10_lambda": -2.6285350038455295, "log10_min_child_weight": 3.694179363779368, "log10_subsample": -0.9255018271488075, "max_depth": 7.0, "num_boost_round": 0.0}, "datetime": {"datetime": "2024-01-19 00:56:16", "elapsed": 2666.745174, "delta": 41.353532}}
{"target": -17.67667734842422, "params": {"gamma": 409.30002575324266, "log10_alpha": 0.33819232412392, "log10_colsample_bytree": -0.4561631569781137, "log10_eta": -1.2288976613416622, "log10_lambda": -2.6285350038455295, "log10_min_child_weight": 3.694179363779368, "log10_subsample": -0.9255018271488075, "max_depth": 7.0, "num_boost_round": 1.0}, "datetime": {"datetime": "2024-01-19 00:56:16", "elapsed": 2666.748646, "delta": 0.003472}}
{"target": -17.677548425528933, "params": {"gamma": 409.30002575324266, "log10_alpha": 0.33819232412392, "log10_colsample_bytree": -0.4561631569781137, "log10_eta": -1.2288976613416622, "log10_lambda": -2.6285350038455295, "log10_min_child_weight": 3.694179363779368, "log10_subsample": -0.9255018271488075, "max_depth": 7.0, "num_boost_round": 2.0}, "datetime": {"datetime": "2024-01-19 00:56:16", "elapsed": 2666.751947, "delta": 0.003301}}
{"target": -17.67829710486849, "params": {"gamma": 409.30002575324266, "log10_alpha": 0.33819232412392, "log10_colsample_bytree": -0.4561631569781137, "log10_eta": -1.2288976613416622, "log10_lambda": -2.6285350038455295, "log10_min_child_weight": 3.694179363779368, "log10_subsample": -0.9255018271488075, "max_depth": 7.0, "num_boost_round": 3.0}, "datetime": {"datetime": "2024-01-19 00:56:16", "elapsed": 2666.755229, "delta": 0.003282}}
{"target": -17.679118754824742, "params": {"gamma": 409.30002575324266, "log10_alpha": 0.33819232412392, "log10_colsample_bytree": -0.4561631569781137, "log10_eta": -1.2288976613416622, "log10_lambda": -2.6285350038455295, "log10_min_child_weight": 3.694179363779368, "log10_subsample": -0.9255018271488075, "max_depth": 7.0, "num_boost_round": 4.0}, "datetime": {"datetime": "2024-01-19 00:56:17", "elapsed": 2666.865467, "delta": 0.110238}}
{"target": -17.679174572264575, "params": {"gamma": 409.30002575324266, "log10_alpha": 0.33819232412392, "log10_colsample_bytree": -0.4561631569781137, "log10_eta": -1.2288976613416622, "log10_lambda": -2.6285350038455295, "log10_min_child_weight": 3.694179363779368, "log10_subsample": -0.9255018271488075, "max_depth": 7.0, "num_boost_round": 5.0}, "datetime": {"datetime": "2024-01-19 00:56:17", "elapsed": 2666.869626, "delta": 0.004159}}
