{"target": -13.758527960252064, "params": {"gamma": 579.2659372364918, "log10_alpha": -4.675641246229102, "log10_colsample_bytree": -0.7959128146136272, "log10_eta": -3.796362087681203, "log10_lambda": -1.8427070018022516, "log10_min_child_weight": 0.319328026280854, "log10_subsample": -0.20206165874911908, "max_depth": 2.0, "num_boost_round": 10.0}, "datetime": {"datetime": "2024-01-19 01:59:16", "elapsed": 6487.992149, "delta": 0.006236}}
{"target": -13.758526340429679, "params": {"gamma": 579.2659372364918, "log10_alpha": -4.675641246229102, "log10_colsample_bytree": -0.7959128146136272, "log10_eta": -3.796362087681203, "log10_lambda": -1.8427070018022516, "log10_min_child_weight": 0.319328026280854, "log10_subsample": -0.20206165874911908, "max_depth": 2.0, "num_boost_round": 11.0}, "datetime": {"datetime": "2024-01-19 01:59:16", "elapsed": 6487.998372, "delta": 0.006223}}
{"target": -13.758525059583372, "params": {"gamma": 579.2659372364918, "log10_alpha": -4.675641246229102, "log10_colsample_bytree": -0.7959128146136272, "log10_eta": -3.796362087681203, "log10_lambda": -1.8427070018022516, "log10_min_child_weight": 0.319328026280854, "log10_subsample": -0.20206165874911908, "max_depth": 2.0, "num_boost_round": 12.0}, "datetime": {"datetime": "2024-01-19 01:59:16", "elapsed": 6488.005133, "delta": 0.006761}}
{"target": -13.758522530216277, "params": {"gamma": 579.2659372364918, "log10_alpha": -4.675641246229102, "log10_colsample_bytree": -0.7959128146136272, "log10_eta": -3.796362087681203, "log10_lambda": -1.8427070018022516, "log10_min_child_weight": 0.319328026280854, "log10_subsample": -0.20206165874911908, "max_depth": 2.0, "num_boost_round": 13.0}, "datetime": {"datetime": "2024-01-19 01:59:16", "elapsed": 6488.011623, "delta": 0.00649}}
{"target": -13.758521791202524, "params": {"gamma": 579.2659372364918, "log10_alpha": -4.675641246229102, "log10_colsample_bytree": -0.7959128146136272, "log10_eta": -3.796362087681203, "log10_lambda": -1.8427070018022516, "log10_min_child_weight": 0.319328026280854, "log10_subsample": -0.20206165874911908, "max_depth": 2.0, "num_boost_round": 14.0}, "datetime": {"datetime": "2024-01-19 01:59:16", "elapsed": 6488.018254, "delta": 0.006631}}
{"target": -13.758518672070439, "params": {"gamma": 579.2659372364918, "log10_alpha": -4.675641246229102, "log10_colsample_bytree": -0.7959128146136272, "log10_eta": -3.796362087681203, "log10_lambda": -1.8427070018022516, "log10_min_child_weight": 0.319328026280854, "log10_subsample": -0.20206165874911908, "max_depth": 2.0, "num_boost_round": 15.0}, "datetime": {"datetime": "2024-01-19 01:59:16", "elapsed": 6488.024494, "delta": 0.00624}}
{"target": -13.758517654040133, "params": {"gamma": 579.2659372364918, "log10_alpha": -4.675641246229102, "log10_colsample_bytree": -0.7959128146136272, "log10_eta": -3.796362087681203, "log10_lambda": -1.8427070018022516, "log10_min_child_weight": 0.319328026280854, "log10_subsample": -0.20206165874911908, "max_depth": 2.0, "num_boost_round": 16.0}, "datetime": {"datetime": "2024-01-19 01:59:16", "elapsed": 6488.030916, "delta": 0.006422}}
{"target": -13.7585153042703, "params": {"gamma": 579.2659372364918, "log10_alpha": -4.675641246229102, "log10_colsample_bytree": -0.7959128146136272, "log10_eta": -3.796362087681203, "log10_lambda": -1.8427070018022516, "log10_min_child_weight": 0.319328026280854, "log10_subsample": -0.20206165874911908, "max_depth": 2.0, "num_boost_round": 17.0}, "datetime": {"datetime": "2024-01-19 01:59:16", "elapsed": 6488.037395, "delta": 0.006479}}
{"target": -13.758514445116797, "params": {"gamma": 579.2659372364918, "log10_alpha": -4.675641246229102, "log10_colsample_bytree": -0.7959128146136272, "log10_eta": -3.796362087681203, "log10_lambda": -1.8427070018022516, "log10_min_child_weight": 0.319328026280854, "log10_subsample": -0.20206165874911908, "max_depth": 2.0, "num_boost_round": 18.0}, "datetime": {"datetime": "2024-01-19 01:59:16", "elapsed": 6488.043754, "delta": 0.006359}}
{"target": -13.758512972527377, "params": {"gamma": 579.2659372364918, "log10_alpha": -4.675641246229102, "log10_colsample_bytree": -0.7959128146136272, "log10_eta": -3.796362087681203, "log10_lambda": -1.8427070018022516, "log10_min_child_weight": 0.319328026280854, "log10_subsample": -0.20206165874911908, "max_depth": 2.0, "num_boost_round": 19.0}, "datetime": {"datetime": "2024-01-19 01:59:16", "elapsed": 6488.05027, "delta": 0.006516}}
{"target": -13.758511313114825, "params": {"gamma": 579.2659372364918, "log10_alpha": -4.675641246229102, "log10_colsample_bytree": -0.7959128146136272, "log10_eta": -3.796362087681203, "log10_lambda": -1.8427070018022516, "log10_min_child_weight": 0.319328026280854, "log10_subsample": -0.20206165874911908, "max_depth": 2.0, "num_boost_round": 20.0}, "datetime": {"datetime": "2024-01-19 01:59:16", "elapsed": 6488.056651, "delta": 0.006381}}
{"target": -13.758508548894188, "params": {"gamma": 579.2659372364918, "log10_alpha": -4.675641246229102, "log10_colsample_bytree": -0.7959128146136272, "log10_eta": -3.796362087681203, "log10_lambda": -1.8427070018022516, "log10_min_child_weight": 0.319328026280854, "log10_subsample": -0.20206165874911908, "max_depth": 2.0, "num_boost_round": 21.0}, "datetime": {"datetime": "2024-01-19 01:59:16", "elapsed": 6488.063007, "delta": 0.006356}}
{"target": -13.75850720743305, "params": {"gamma": 579.2659372364918, "log10_alpha": -4.675641246229102, "log10_colsample_bytree": -0.7959128146136272, "log10_eta": -3.796362087681203, "log10_lambda": -1.8427070018022516, "log10_min_child_weight": 0.319328026280854, "log10_subsample": -0.20206165874911908, "max_depth": 2.0, "num_boost_round": 22.0}, "datetime": {"datetime": "2024-01-19 01:59:16", "elapsed": 6488.069472, "delta": 0.006465}}
{"target": -13.758504947972517, "params": {"gamma": 579.2659372364918, "log10_alpha": -4.675641246229102, "log10_colsample_bytree": -0.7959128146136272, "log10_eta": -3.796362087681203, "log10_lambda": -1.8427070018022516, "log10_min_child_weight": 0.319328026280854, "log10_subsample": -0.20206165874911908, "max_depth": 2.0, "num_boost_round": 23.0}, "datetime": {"datetime": "2024-01-19 01:59:16", "elapsed": 6488.07593, "delta": 0.006458}}
{"target": -13.758504772496904, "params": {"gamma": 579.2659372364918, "log10_alpha": -4.675641246229102, "log10_colsample_bytree": -0.7959128146136272, "log10_eta": -3.796362087681203, "log10_lambda": -1.8427070018022516, "log10_min_child_weight": 0.319328026280854, "log10_subsample": -0.20206165874911908, "max_depth": 2.0, "num_boost_round": 24.0}, "datetime": {"datetime": "2024-01-19 01:59:16", "elapsed": 6488.082593, "delta": 0.006663}}
{"target": -13.758502707077922, "params": {"gamma": 579.2659372364918, "log10_alpha": -4.675641246229102, "log10_colsample_bytree": -0.7959128146136272, "log10_eta": -3.796362087681203, "log10_lambda": -1.8427070018022516, "log10_min_child_weight": 0.319328026280854, "log10_subsample": -0.20206165874911908, "max_depth": 2.0, "num_boost_round": 25.0}, "datetime": {"datetime": "2024-01-19 01:59:16", "elapsed": 6488.089472, "delta": 0.006879}}
{"target": -13.758502135686395, "params": {"gamma": 579.2659372364918, "log10_alpha": -4.675641246229102, "log10_colsample_bytree": -0.7959128146136272, "log10_eta": -3.796362087681203, "log10_lambda": -1.8427070018022516, "log10_min_child_weight": 0.319328026280854, "log10_subsample": -0.20206165874911908, "max_depth": 2.0, "num_boost_round": 26.0}, "datetime": {"datetime": "2024-01-19 01:59:16", "elapsed": 6488.095918, "delta": 0.006446}}
{"target": -13.758500122372174, "params": {"gamma": 579.2659372364918, "log10_alpha": -4.675641246229102, "log10_colsample_bytree": -0.7959128146136272, "log10_eta": -3.796362087681203, "log10_lambda": -1.8427070018022516, "log10_min_child_weight": 0.319328026280854, "log10_subsample": -0.20206165874911908, "max_depth": 2.0, "num_boost_round": 27.0}, "datetime": {"datetime": "2024-01-19 01:59:16", "elapsed": 6488.102451, "delta": 0.006533}}
{"target": -13.758498751181671, "params": {"gamma": 579.2659372364918, "log10_alpha": -4.675641246229102, "log10_colsample_bytree": -0.7959128146136272, "log10_eta": -3.796362087681203, "log10_lambda": -1.8427070018022516, "log10_min_child_weight": 0.319328026280854, "log10_subsample": -0.20206165874911908, "max_depth": 2.0, "num_boost_round": 28.0}, "datetime": {"datetime": "2024-01-19 01:59:16", "elapsed": 6488.109118, "delta": 0.006667}}
{"target": -13.758497399674322, "params": {"gamma": 579.2659372364918, "log10_alpha": -4.675641246229102, "log10_colsample_bytree": -0.7959128146136272, "log10_eta": -3.796362087681203, "log10_lambda": -1.8427070018022516, "log10_min_child_weight": 0.319328026280854, "log10_subsample": -0.20206165874911908, "max_depth": 2.0, "num_boost_round": 29.0}, "datetime": {"datetime": "2024-01-19 01:59:16", "elapsed": 6488.11547, "delta": 0.006352}}
{"target": -13.758494612054822, "params": {"gamma": 579.2659372364918, "log10_alpha": -4.675641246229102, "log10_colsample_bytree": -0.7959128146136272, "log10_eta": -3.796362087681203, "log10_lambda": -1.8427070018022516, "log10_min_child_weight": 0.319328026280854, "log10_subsample": -0.20206165874911908, "max_depth": 2.0, "num_boost_round": 30.0}, "datetime": {"datetime": "2024-01-19 01:59:16", "elapsed": 6488.121892, "delta": 0.006422}}
{"target": -13.758491730853256, "params": {"gamma": 579.2659372364918, "log10_alpha": -4.675641246229102, "log10_colsample_bytree": -0.7959128146136272, "log10_eta": -3.796362087681203, "log10_lambda": -1.8427070018022516, "log10_min_child_weight": 0.319328026280854, "log10_subsample": -0.20206165874911908, "max_depth": 2.0, "num_boost_round": 31.0}, "datetime": {"datetime": "2024-01-19 01:59:16", "elapsed": 6488.128331, "delta": 0.006439}}
{"target": -13.758489912294205, "params": {"gamma": 579.2659372364918, "log10_alpha": -4.675641246229102, "log10_colsample_bytree": -0.7959128146136272, "log10_eta": -3.796362087681203, "log10_lambda": -1.8427070018022516, "log10_min_child_weight": 0.319328026280854, "log10_subsample": -0.20206165874911908, "max_depth": 2.0, "num_boost_round": 32.0}, "datetime": {"datetime": "2024-01-19 01:59:16", "elapsed": 6488.135148, "delta": 0.006817}}
{"target": -13.758488365373506, "params": {"gamma": 579.2659372364918, "log10_alpha": -4.675641246229102, "log10_colsample_bytree": -0.7959128146136272, "log10_eta": -3.796362087681203, "log10_lambda": -1.8427070018022516, "log10_min_child_weight": 0.319328026280854, "log10_subsample": -0.20206165874911908, "max_depth": 2.0, "num_boost_round": 33.0}, "datetime": {"datetime": "2024-01-19 01:59:16", "elapsed": 6488.14157, "delta": 0.006422}}
{"target": -13.758486597415743, "params": {"gamma": 579.2659372364918, "log10_alpha": -4.675641246229102, "log10_colsample_bytree": -0.7959128146136272, "log10_eta": -3.796362087681203, "log10_lambda": -1.8427070018022516, "log10_min_child_weight": 0.319328026280854, "log10_subsample": -0.20206165874911908, "max_depth": 2.0, "num_boost_round": 34.0}, "datetime": {"datetime": "2024-01-19 01:59:16", "elapsed": 6488.147789, "delta": 0.006219}}
{"target": -13.758485803067893, "params": {"gamma": 579.2659372364918, "log10_alpha": -4.675641246229102, "log10_colsample_bytree": -0.7959128146136272, "log10_eta": -3.796362087681203, "log10_lambda": -1.8427070018022516, "log10_min_child_weight": 0.319328026280854, "log10_subsample": -0.20206165874911908, "max_depth": 2.0, "num_boost_round": 35.0}, "datetime": {"datetime": "2024-01-19 01:59:16", "elapsed": 6488.153948, "delta": 0.006159}}
{"target": -13.758485297123293, "params": {"gamma": 579.2659372364918, "log10_alpha": -4.675641246229102, "log10_colsample_bytree": -0.7959128146136272, "log10_eta": -3.796362087681203, "log10_lambda": -1.8427070018022516, "log10_min_child_weight": 0.319328026280854, "log10_subsample": -0.20206165874911908, "max_depth": 2.0, "num_boost_round": 36.0}, "datetime": {"datetime": "2024-01-19 01:59:16", "elapsed": 6488.160085, "delta": 0.006137}}
{"target": -13.75848534183091, "params": {"gamma": 579.2659372364918, "log10_alpha": -4.675641246229102, "log10_colsample_bytree": -0.7959128146136272, "log10_eta": -3.796362087681203, "log10_lambda": -1.8427070018022516, "log10_min_child_weight": 0.319328026280854, "log10_subsample": -0.20206165874911908, "max_depth": 2.0, "num_boost_round": 37.0}, "datetime": {"datetime": "2024-01-19 01:59:16", "elapsed": 6488.167062, "delta": 0.006977}}
{"target": -13.758482712092123, "params": {"gamma": 579.2659372364918, "log10_alpha": -4.675641246229102, "log10_colsample_bytree": -0.7959128146136272, "log10_eta": -3.796362087681203, "log10_lambda": -1.8427070018022516, "log10_min_child_weight": 0.319328026280854, "log10_subsample": -0.20206165874911908, "max_depth": 2.0, "num_boost_round": 38.0}, "datetime": {"datetime": "2024-01-19 01:59:16", "elapsed": 6488.17359, "delta": 0.006528}}
{"target": -13.758482112142167, "params": {"gamma": 579.2659372364918, "log10_alpha": -4.675641246229102, "log10_colsample_bytree": -0.7959128146136272, "log10_eta": -3.796362087681203, "log10_lambda": -1.8427070018022516, "log10_min_child_weight": 0.319328026280854, "log10_subsample": -0.20206165874911908, "max_depth": 2.0, "num_boost_round": 39.0}, "datetime": {"datetime": "2024-01-19 01:59:16", "elapsed": 6488.179748, "delta": 0.006158}}
{"target": -13.758481751354102, "params": {"gamma": 579.2659372364918, "log10_alpha": -4.675641246229102, "log10_colsample_bytree": -0.7959128146136272, "log10_eta": -3.796362087681203, "log10_lambda": -1.8427070018022516, "log10_min_child_weight": 0.319328026280854, "log10_subsample": -0.20206165874911908, "max_depth": 2.0, "num_boost_round": 40.0}, "datetime": {"datetime": "2024-01-19 01:59:16", "elapsed": 6488.186414, "delta": 0.006666}}
{"target": -13.758482713156354, "params": {"gamma": 579.2659372364918, "log10_alpha": -4.675641246229102, "log10_colsample_bytree": -0.7959128146136272, "log10_eta": -3.796362087681203, "log10_lambda": -1.8427070018022516, "log10_min_child_weight": 0.319328026280854, "log10_subsample": -0.20206165874911908, "max_depth": 2.0, "num_boost_round": 41.0}, "datetime": {"datetime": "2024-01-19 01:59:16", "elapsed": 6488.19306, "delta": 0.006646}}
{"target": -13.758481563877393, "params": {"gamma": 579.2659372364918, "log10_alpha": -4.675641246229102, "log10_colsample_bytree": -0.7959128146136272, "log10_eta": -3.796362087681203, "log10_lambda": -1.8427070018022516, "log10_min_child_weight": 0.319328026280854, "log10_subsample": -0.20206165874911908, "max_depth": 2.0, "num_boost_round": 42.0}, "datetime": {"datetime": "2024-01-19 01:59:16", "elapsed": 6488.199675, "delta": 0.006615}}
{"target": -13.758529059266012, "params": {"gamma": 559.1797527296752, "log10_alpha": -4.206412690252176, "log10_colsample_bytree": -0.9299569334194924, "log10_eta": -2.942865086694885, "log10_lambda": -4.9203879454767065, "log10_min_child_weight": 3.354273874881832, "log10_subsample": -0.9969940848791378, "max_depth": 8.0, "num_boost_round": 0.0}, "datetime": {"datetime": "2024-01-19 02:01:19", "elapsed": 6611.338794, "delta": 123.139119}}
{"target": -13.758515729784474, "params": {"gamma": 559.1797527296752, "log10_alpha": -4.206412690252176, "log10_colsample_bytree": -0.9299569334194924, "log10_eta": -2.942865086694885, "log10_lambda": -4.9203879454767065, "log10_min_child_weight": 3.354273874881832, "log10_subsample": -0.9969940848791378, "max_depth": 8.0, "num_boost_round": 1.0}, "datetime": {"datetime": "2024-01-19 02:01:19", "elapsed": 6611.347493, "delta": 0.008699}}
{"target": -13.758517366347215, "params": {"gamma": 559.1797527296752, "log10_alpha": -4.206412690252176, "log10_colsample_bytree": -0.9299569334194924, "log10_eta": -2.942865086694885, "log10_lambda": -4.9203879454767065, "log10_min_child_weight": 3.354273874881832, "log10_subsample": -0.9969940848791378, "max_depth": 8.0, "num_boost_round": 2.0}, "datetime": {"datetime": "2024-01-19 02:01:19", "elapsed": 6611.35467, "delta": 0.007177}}
{"target": -13.758510556381145, "params": {"gamma": 559.1797527296752, "log10_alpha": -4.206412690252176, "log10_colsample_bytree": -0.9299569334194924, "log10_eta": -2.942865086694885, "log10_lambda": -4.9203879454767065, "log10_min_child_weight": 3.354273874881832, "log10_subsample": -0.9969940848791378, "max_depth": 8.0, "num_boost_round": 3.0}, "datetime": {"datetime": "2024-01-19 02:01:19", "elapsed": 6611.362388, "delta": 0.007718}}
{"target": -13.75850389370768, "params": {"gamma": 559.1797527296752, "log10_alpha": -4.206412690252176, "log10_colsample_bytree": -0.9299569334194924, "log10_eta": -2.942865086694885, "log10_lambda": -4.9203879454767065, "log10_min_child_weight": 3.354273874881832, "log10_subsample": -0.9969940848791378, "max_depth": 8.0, "num_boost_round": 4.0}, "datetime": {"datetime": "2024-01-19 02:01:19", "elapsed": 6611.369203, "delta": 0.006815}}
{"target": -13.75849209846932, "params": {"gamma": 559.1797527296752, "log10_alpha": -4.206412690252176, "log10_colsample_bytree": -0.9299569334194924, "log10_eta": -2.942865086694885, "log10_lambda": -4.9203879454767065, "log10_min_child_weight": 3.354273874881832, "log10_subsample": -0.9969940848791378, "max_depth": 8.0, "num_boost_round": 5.0}, "datetime": {"datetime": "2024-01-19 02:01:19", "elapsed": 6611.375689, "delta": 0.006486}}
{"target": -13.758495057647906, "params": {"gamma": 559.1797527296752, "log10_alpha": -4.206412690252176, "log10_colsample_bytree": -0.9299569334194924, "log10_eta": -2.942865086694885, "log10_lambda": -4.9203879454767065, "log10_min_child_weight": 3.354273874881832, "log10_subsample": -0.9969940848791378, "max_depth": 8.0, "num_boost_round": 6.0}, "datetime": {"datetime": "2024-01-19 02:01:19", "elapsed": 6611.382191, "delta": 0.006502}}
{"target": -13.758489587472177, "params": {"gamma": 559.1797527296752, "log10_alpha": -4.206412690252176, "log10_colsample_bytree": -0.9299569334194924, "log10_eta": -2.942865086694885, "log10_lambda": -4.9203879454767065, "log10_min_child_weight": 3.354273874881832, "log10_subsample": -0.9969940848791378, "max_depth": 8.0, "num_boost_round": 7.0}, "datetime": {"datetime": "2024-01-19 02:01:19", "elapsed": 6611.388587, "delta": 0.006396}}
{"target": -13.758482324591286, "params": {"gamma": 559.1797527296752, "log10_alpha": -4.206412690252176, "log10_colsample_bytree": -0.9299569334194924, "log10_eta": -2.942865086694885, "log10_lambda": -4.9203879454767065, "log10_min_child_weight": 3.354273874881832, "log10_subsample": -0.9969940848791378, "max_depth": 8.0, "num_boost_round": 8.0}, "datetime": {"datetime": "2024-01-19 02:01:19", "elapsed": 6611.395123, "delta": 0.006536}}
{"target": -13.758482539635098, "params": {"gamma": 559.1797527296752, "log10_alpha": -4.206412690252176, "log10_colsample_bytree": -0.9299569334194924, "log10_eta": -2.942865086694885, "log10_lambda": -4.9203879454767065, "log10_min_child_weight": 3.354273874881832, "log10_subsample": -0.9969940848791378, "max_depth": 8.0, "num_boost_round": 9.0}, "datetime": {"datetime": "2024-01-19 02:01:19", "elapsed": 6611.529433, "delta": 0.13431}}
{"target": -13.758481240502732, "params": {"gamma": 559.1797527296752, "log10_alpha": -4.206412690252176, "log10_colsample_bytree": -0.9299569334194924, "log10_eta": -2.942865086694885, "log10_lambda": -4.9203879454767065, "log10_min_child_weight": 3.354273874881832, "log10_subsample": -0.9969940848791378, "max_depth": 8.0, "num_boost_round": 10.0}, "datetime": {"datetime": "2024-01-19 02:01:19", "elapsed": 6611.537083, "delta": 0.00765}}
{"target": -13.758473538372652, "params": {"gamma": 559.1797527296752, "log10_alpha": -4.206412690252176, "log10_colsample_bytree": -0.9299569334194924, "log10_eta": -2.942865086694885, "log10_lambda": -4.9203879454767065, "log10_min_child_weight": 3.354273874881832, "log10_subsample": -0.9969940848791378, "max_depth": 8.0, "num_boost_round": 11.0}, "datetime": {"datetime": "2024-01-19 02:01:19", "elapsed": 6611.543901, "delta": 0.006818}}
{"target": -13.758477890877135, "params": {"gamma": 559.1797527296752, "log10_alpha": -4.206412690252176, "log10_colsample_bytree": -0.9299569334194924, "log10_eta": -2.942865086694885, "log10_lambda": -4.9203879454767065, "log10_min_child_weight": 3.354273874881832, "log10_subsample": -0.9969940848791378, "max_depth": 8.0, "num_boost_round": 12.0}, "datetime": {"datetime": "2024-01-19 02:01:19", "elapsed": 6611.550622, "delta": 0.006721}}
{"target": -13.758469905305285, "params": {"gamma": 559.1797527296752, "log10_alpha": -4.206412690252176, "log10_colsample_bytree": -0.9299569334194924, "log10_eta": -2.942865086694885, "log10_lambda": -4.9203879454767065, "log10_min_child_weight": 3.354273874881832, "log10_subsample": -0.9969940848791378, "max_depth": 8.0, "num_boost_round": 13.0}, "datetime": {"datetime": "2024-01-19 02:01:19", "elapsed": 6611.557253, "delta": 0.006631}}
{"target": -13.75845106857539, "params": {"gamma": 559.1797527296752, "log10_alpha": -4.206412690252176, "log10_colsample_bytree": -0.9299569334194924, "log10_eta": -2.942865086694885, "log10_lambda": -4.9203879454767065, "log10_min_child_weight": 3.354273874881832, "log10_subsample": -0.9969940848791378, "max_depth": 8.0, "num_boost_round": 14.0}, "datetime": {"datetime": "2024-01-19 02:01:19", "elapsed": 6611.563822, "delta": 0.006569}}
{"target": -13.758430347516136, "params": {"gamma": 559.1797527296752, "log10_alpha": -4.206412690252176, "log10_colsample_bytree": -0.9299569334194924, "log10_eta": -2.942865086694885, "log10_lambda": -4.9203879454767065, "log10_min_child_weight": 3.354273874881832, "log10_subsample": -0.9969940848791378, "max_depth": 8.0, "num_boost_round": 15.0}, "datetime": {"datetime": "2024-01-19 02:01:19", "elapsed": 6611.570535, "delta": 0.006713}}
