{"target": -13.759471879495008, "params": {"gamma": 447.12034495495465, "log10_alpha": -4.08244008908283, "log10_colsample_bytree": -0.25881764598553325, "log10_eta": -1.457659201486925, "log10_lambda": -1.9532294027326058, "log10_min_child_weight": 4.632981454287239, "log10_subsample": -0.7105118466125755, "max_depth": 6.0, "num_boost_round": 17.0}, "datetime": {"datetime": "2024-01-19 01:21:00", "elapsed": 4163.967724, "delta": 0.005182}}
{"target": -13.75954566475448, "params": {"gamma": 447.12034495495465, "log10_alpha": -4.08244008908283, "log10_colsample_bytree": -0.25881764598553325, "log10_eta": -1.457659201486925, "log10_lambda": -1.9532294027326058, "log10_min_child_weight": 4.632981454287239, "log10_subsample": -0.7105118466125755, "max_depth": 6.0, "num_boost_round": 18.0}, "datetime": {"datetime": "2024-01-19 01:21:00", "elapsed": 4163.973061, "delta": 0.005337}}
{"target": -13.75950161386504, "params": {"gamma": 447.12034495495465, "log10_alpha": -4.08244008908283, "log10_colsample_bytree": -0.25881764598553325, "log10_eta": -1.457659201486925, "log10_lambda": -1.9532294027326058, "log10_min_child_weight": 4.632981454287239, "log10_subsample": -0.7105118466125755, "max_depth": 6.0, "num_boost_round": 19.0}, "datetime": {"datetime": "2024-01-19 01:21:00", "elapsed": 4164.069998, "delta": 0.096937}}
{"target": -13.759646254938582, "params": {"gamma": 447.12034495495465, "log10_alpha": -4.08244008908283, "log10_colsample_bytree": -0.25881764598553325, "log10_eta": -1.457659201486925, "log10_lambda": -1.9532294027326058, "log10_min_child_weight": 4.632981454287239, "log10_subsample": -0.7105118466125755, "max_depth": 6.0, "num_boost_round": 20.0}, "datetime": {"datetime": "2024-01-19 01:21:00", "elapsed": 4164.076035, "delta": 0.006037}}
{"target": -13.759795572472607, "params": {"gamma": 447.12034495495465, "log10_alpha": -4.08244008908283, "log10_colsample_bytree": -0.25881764598553325, "log10_eta": -1.457659201486925, "log10_lambda": -1.9532294027326058, "log10_min_child_weight": 4.632981454287239, "log10_subsample": -0.7105118466125755, "max_depth": 6.0, "num_boost_round": 21.0}, "datetime": {"datetime": "2024-01-19 01:21:00", "elapsed": 4164.082184, "delta": 0.006149}}
{"target": -13.760050199913087, "params": {"gamma": 447.12034495495465, "log10_alpha": -4.08244008908283, "log10_colsample_bytree": -0.25881764598553325, "log10_eta": -1.457659201486925, "log10_lambda": -1.9532294027326058, "log10_min_child_weight": 4.632981454287239, "log10_subsample": -0.7105118466125755, "max_depth": 6.0, "num_boost_round": 22.0}, "datetime": {"datetime": "2024-01-19 01:21:00", "elapsed": 4164.088114, "delta": 0.00593}}
{"target": -13.759924238661748, "params": {"gamma": 447.12034495495465, "log10_alpha": -4.08244008908283, "log10_colsample_bytree": -0.25881764598553325, "log10_eta": -1.457659201486925, "log10_lambda": -1.9532294027326058, "log10_min_child_weight": 4.632981454287239, "log10_subsample": -0.7105118466125755, "max_depth": 6.0, "num_boost_round": 23.0}, "datetime": {"datetime": "2024-01-19 01:21:00", "elapsed": 4164.09364, "delta": 0.005526}}
{"target": -13.76014210658526, "params": {"gamma": 447.12034495495465, "log10_alpha": -4.08244008908283, "log10_colsample_bytree": -0.25881764598553325, "log10_eta": -1.457659201486925, "log10_lambda": -1.9532294027326058, "log10_min_child_weight": 4.632981454287239, "log10_subsample": -0.7105118466125755, "max_depth": 6.0, "num_boost_round": 24.0}, "datetime": {"datetime": "2024-01-19 01:21:01", "elapsed": 4164.099121, "delta": 0.005481}}
{"target": -13.760361525257215, "params": {"gamma": 447.12034495495465, "log10_alpha": -4.08244008908283, "log10_colsample_bytree": -0.25881764598553325, "log10_eta": -1.457659201486925, "log10_lambda": -1.9532294027326058, "log10_min_child_weight": 4.632981454287239, "log10_subsample": -0.7105118466125755, "max_depth": 6.0, "num_boost_round": 25.0}, "datetime": {"datetime": "2024-01-19 01:21:01", "elapsed": 4164.104661, "delta": 0.00554}}
{"target": -13.7605640781543, "params": {"gamma": 447.12034495495465, "log10_alpha": -4.08244008908283, "log10_colsample_bytree": -0.25881764598553325, "log10_eta": -1.457659201486925, "log10_lambda": -1.9532294027326058, "log10_min_child_weight": 4.632981454287239, "log10_subsample": -0.7105118466125755, "max_depth": 6.0, "num_boost_round": 26.0}, "datetime": {"datetime": "2024-01-19 01:21:01", "elapsed": 4164.110273, "delta": 0.005612}}
{"target": -13.76092725882201, "params": {"gamma": 447.12034495495465, "log10_alpha": -4.08244008908283, "log10_colsample_bytree": -0.25881764598553325, "log10_eta": -1.457659201486925, "log10_lambda": -1.9532294027326058, "log10_min_child_weight": 4.632981454287239, "log10_subsample": -0.7105118466125755, "max_depth": 6.0, "num_boost_round": 27.0}, "datetime": {"datetime": "2024-01-19 01:21:01", "elapsed": 4164.115662, "delta": 0.005389}}
{"target": -13.761032823183033, "params": {"gamma": 447.12034495495465, "log10_alpha": -4.08244008908283, "log10_colsample_bytree": -0.25881764598553325, "log10_eta": -1.457659201486925, "log10_lambda": -1.9532294027326058, "log10_min_child_weight": 4.632981454287239, "log10_subsample": -0.7105118466125755, "max_depth": 6.0, "num_boost_round": 28.0}, "datetime": {"datetime": "2024-01-19 01:21:01", "elapsed": 4164.120989, "delta": 0.005327}}
{"target": -13.761201357372368, "params": {"gamma": 447.12034495495465, "log10_alpha": -4.08244008908283, "log10_colsample_bytree": -0.25881764598553325, "log10_eta": -1.457659201486925, "log10_lambda": -1.9532294027326058, "log10_min_child_weight": 4.632981454287239, "log10_subsample": -0.7105118466125755, "max_depth": 6.0, "num_boost_round": 29.0}, "datetime": {"datetime": "2024-01-19 01:21:01", "elapsed": 4164.12638, "delta": 0.005391}}
{"target": -13.76137030520952, "params": {"gamma": 447.12034495495465, "log10_alpha": -4.08244008908283, "log10_colsample_bytree": -0.25881764598553325, "log10_eta": -1.457659201486925, "log10_lambda": -1.9532294027326058, "log10_min_child_weight": 4.632981454287239, "log10_subsample": -0.7105118466125755, "max_depth": 6.0, "num_boost_round": 30.0}, "datetime": {"datetime": "2024-01-19 01:21:01", "elapsed": 4164.131744, "delta": 0.005364}}
{"target": -13.761577596732854, "params": {"gamma": 447.12034495495465, "log10_alpha": -4.08244008908283, "log10_colsample_bytree": -0.25881764598553325, "log10_eta": -1.457659201486925, "log10_lambda": -1.9532294027326058, "log10_min_child_weight": 4.632981454287239, "log10_subsample": -0.7105118466125755, "max_depth": 6.0, "num_boost_round": 31.0}, "datetime": {"datetime": "2024-01-19 01:21:01", "elapsed": 4164.137197, "delta": 0.005453}}
{"target": -13.761826153873667, "params": {"gamma": 447.12034495495465, "log10_alpha": -4.08244008908283, "log10_colsample_bytree": -0.25881764598553325, "log10_eta": -1.457659201486925, "log10_lambda": -1.9532294027326058, "log10_min_child_weight": 4.632981454287239, "log10_subsample": -0.7105118466125755, "max_depth": 6.0, "num_boost_round": 32.0}, "datetime": {"datetime": "2024-01-19 01:21:01", "elapsed": 4164.142783, "delta": 0.005586}}
{"target": -13.761938245283057, "params": {"gamma": 447.12034495495465, "log10_alpha": -4.08244008908283, "log10_colsample_bytree": -0.25881764598553325, "log10_eta": -1.457659201486925, "log10_lambda": -1.9532294027326058, "log10_min_child_weight": 4.632981454287239, "log10_subsample": -0.7105118466125755, "max_depth": 6.0, "num_boost_round": 33.0}, "datetime": {"datetime": "2024-01-19 01:21:01", "elapsed": 4164.148122, "delta": 0.005339}}
{"target": -13.762167405678236, "params": {"gamma": 447.12034495495465, "log10_alpha": -4.08244008908283, "log10_colsample_bytree": -0.25881764598553325, "log10_eta": -1.457659201486925, "log10_lambda": -1.9532294027326058, "log10_min_child_weight": 4.632981454287239, "log10_subsample": -0.7105118466125755, "max_depth": 6.0, "num_boost_round": 34.0}, "datetime": {"datetime": "2024-01-19 01:21:01", "elapsed": 4164.153515, "delta": 0.005393}}
{"target": -13.76232065281047, "params": {"gamma": 447.12034495495465, "log10_alpha": -4.08244008908283, "log10_colsample_bytree": -0.25881764598553325, "log10_eta": -1.457659201486925, "log10_lambda": -1.9532294027326058, "log10_min_child_weight": 4.632981454287239, "log10_subsample": -0.7105118466125755, "max_depth": 6.0, "num_boost_round": 35.0}, "datetime": {"datetime": "2024-01-19 01:21:01", "elapsed": 4164.158864, "delta": 0.005349}}
{"target": -13.762556349608948, "params": {"gamma": 447.12034495495465, "log10_alpha": -4.08244008908283, "log10_colsample_bytree": -0.25881764598553325, "log10_eta": -1.457659201486925, "log10_lambda": -1.9532294027326058, "log10_min_child_weight": 4.632981454287239, "log10_subsample": -0.7105118466125755, "max_depth": 6.0, "num_boost_round": 36.0}, "datetime": {"datetime": "2024-01-19 01:21:01", "elapsed": 4164.16422, "delta": 0.005356}}
{"target": -13.762893354785751, "params": {"gamma": 447.12034495495465, "log10_alpha": -4.08244008908283, "log10_colsample_bytree": -0.25881764598553325, "log10_eta": -1.457659201486925, "log10_lambda": -1.9532294027326058, "log10_min_child_weight": 4.632981454287239, "log10_subsample": -0.7105118466125755, "max_depth": 6.0, "num_boost_round": 37.0}, "datetime": {"datetime": "2024-01-19 01:21:01", "elapsed": 4164.169982, "delta": 0.005762}}
{"target": -13.763144625798049, "params": {"gamma": 447.12034495495465, "log10_alpha": -4.08244008908283, "log10_colsample_bytree": -0.25881764598553325, "log10_eta": -1.457659201486925, "log10_lambda": -1.9532294027326058, "log10_min_child_weight": 4.632981454287239, "log10_subsample": -0.7105118466125755, "max_depth": 6.0, "num_boost_round": 38.0}, "datetime": {"datetime": "2024-01-19 01:21:01", "elapsed": 4164.175532, "delta": 0.00555}}
{"target": -13.763081645046775, "params": {"gamma": 447.12034495495465, "log10_alpha": -4.08244008908283, "log10_colsample_bytree": -0.25881764598553325, "log10_eta": -1.457659201486925, "log10_lambda": -1.9532294027326058, "log10_min_child_weight": 4.632981454287239, "log10_subsample": -0.7105118466125755, "max_depth": 6.0, "num_boost_round": 39.0}, "datetime": {"datetime": "2024-01-19 01:21:01", "elapsed": 4164.180919, "delta": 0.005387}}
{"target": -13.76326448495241, "params": {"gamma": 447.12034495495465, "log10_alpha": -4.08244008908283, "log10_colsample_bytree": -0.25881764598553325, "log10_eta": -1.457659201486925, "log10_lambda": -1.9532294027326058, "log10_min_child_weight": 4.632981454287239, "log10_subsample": -0.7105118466125755, "max_depth": 6.0, "num_boost_round": 40.0}, "datetime": {"datetime": "2024-01-19 01:21:01", "elapsed": 4164.186159, "delta": 0.00524}}
{"target": -13.763380858122801, "params": {"gamma": 447.12034495495465, "log10_alpha": -4.08244008908283, "log10_colsample_bytree": -0.25881764598553325, "log10_eta": -1.457659201486925, "log10_lambda": -1.9532294027326058, "log10_min_child_weight": 4.632981454287239, "log10_subsample": -0.7105118466125755, "max_depth": 6.0, "num_boost_round": 41.0}, "datetime": {"datetime": "2024-01-19 01:21:01", "elapsed": 4164.191515, "delta": 0.005356}}
{"target": -13.76353841019945, "params": {"gamma": 447.12034495495465, "log10_alpha": -4.08244008908283, "log10_colsample_bytree": -0.25881764598553325, "log10_eta": -1.457659201486925, "log10_lambda": -1.9532294027326058, "log10_min_child_weight": 4.632981454287239, "log10_subsample": -0.7105118466125755, "max_depth": 6.0, "num_boost_round": 42.0}, "datetime": {"datetime": "2024-01-19 01:21:01", "elapsed": 4164.196847, "delta": 0.005332}}
{"target": -13.763729253028002, "params": {"gamma": 447.12034495495465, "log10_alpha": -4.08244008908283, "log10_colsample_bytree": -0.25881764598553325, "log10_eta": -1.457659201486925, "log10_lambda": -1.9532294027326058, "log10_min_child_weight": 4.632981454287239, "log10_subsample": -0.7105118466125755, "max_depth": 6.0, "num_boost_round": 43.0}, "datetime": {"datetime": "2024-01-19 01:21:01", "elapsed": 4164.202162, "delta": 0.005315}}
{"target": -13.764003781533315, "params": {"gamma": 447.12034495495465, "log10_alpha": -4.08244008908283, "log10_colsample_bytree": -0.25881764598553325, "log10_eta": -1.457659201486925, "log10_lambda": -1.9532294027326058, "log10_min_child_weight": 4.632981454287239, "log10_subsample": -0.7105118466125755, "max_depth": 6.0, "num_boost_round": 44.0}, "datetime": {"datetime": "2024-01-19 01:21:01", "elapsed": 4164.207643, "delta": 0.005481}}
{"target": -13.764025397245215, "params": {"gamma": 447.12034495495465, "log10_alpha": -4.08244008908283, "log10_colsample_bytree": -0.25881764598553325, "log10_eta": -1.457659201486925, "log10_lambda": -1.9532294027326058, "log10_min_child_weight": 4.632981454287239, "log10_subsample": -0.7105118466125755, "max_depth": 6.0, "num_boost_round": 45.0}, "datetime": {"datetime": "2024-01-19 01:21:01", "elapsed": 4164.212977, "delta": 0.005334}}
{"target": -13.764135585186496, "params": {"gamma": 447.12034495495465, "log10_alpha": -4.08244008908283, "log10_colsample_bytree": -0.25881764598553325, "log10_eta": -1.457659201486925, "log10_lambda": -1.9532294027326058, "log10_min_child_weight": 4.632981454287239, "log10_subsample": -0.7105118466125755, "max_depth": 6.0, "num_boost_round": 46.0}, "datetime": {"datetime": "2024-01-19 01:21:01", "elapsed": 4164.218304, "delta": 0.005327}}
{"target": -13.764301671903707, "params": {"gamma": 447.12034495495465, "log10_alpha": -4.08244008908283, "log10_colsample_bytree": -0.25881764598553325, "log10_eta": -1.457659201486925, "log10_lambda": -1.9532294027326058, "log10_min_child_weight": 4.632981454287239, "log10_subsample": -0.7105118466125755, "max_depth": 6.0, "num_boost_round": 47.0}, "datetime": {"datetime": "2024-01-19 01:21:01", "elapsed": 4164.223637, "delta": 0.005333}}
{"target": -13.764413926944243, "params": {"gamma": 447.12034495495465, "log10_alpha": -4.08244008908283, "log10_colsample_bytree": -0.25881764598553325, "log10_eta": -1.457659201486925, "log10_lambda": -1.9532294027326058, "log10_min_child_weight": 4.632981454287239, "log10_subsample": -0.7105118466125755, "max_depth": 6.0, "num_boost_round": 48.0}, "datetime": {"datetime": "2024-01-19 01:21:01", "elapsed": 4164.228991, "delta": 0.005354}}
{"target": -13.764352323614872, "params": {"gamma": 447.12034495495465, "log10_alpha": -4.08244008908283, "log10_colsample_bytree": -0.25881764598553325, "log10_eta": -1.457659201486925, "log10_lambda": -1.9532294027326058, "log10_min_child_weight": 4.632981454287239, "log10_subsample": -0.7105118466125755, "max_depth": 6.0, "num_boost_round": 49.0}, "datetime": {"datetime": "2024-01-19 01:21:01", "elapsed": 4164.234356, "delta": 0.005365}}
{"target": -13.764589320317356, "params": {"gamma": 447.12034495495465, "log10_alpha": -4.08244008908283, "log10_colsample_bytree": -0.25881764598553325, "log10_eta": -1.457659201486925, "log10_lambda": -1.9532294027326058, "log10_min_child_weight": 4.632981454287239, "log10_subsample": -0.7105118466125755, "max_depth": 6.0, "num_boost_round": 50.0}, "datetime": {"datetime": "2024-01-19 01:21:01", "elapsed": 4164.240182, "delta": 0.005826}}
{"target": -13.764738751248682, "params": {"gamma": 447.12034495495465, "log10_alpha": -4.08244008908283, "log10_colsample_bytree": -0.25881764598553325, "log10_eta": -1.457659201486925, "log10_lambda": -1.9532294027326058, "log10_min_child_weight": 4.632981454287239, "log10_subsample": -0.7105118466125755, "max_depth": 6.0, "num_boost_round": 51.0}, "datetime": {"datetime": "2024-01-19 01:21:01", "elapsed": 4164.24561, "delta": 0.005428}}
{"target": -13.764909747379269, "params": {"gamma": 447.12034495495465, "log10_alpha": -4.08244008908283, "log10_colsample_bytree": -0.25881764598553325, "log10_eta": -1.457659201486925, "log10_lambda": -1.9532294027326058, "log10_min_child_weight": 4.632981454287239, "log10_subsample": -0.7105118466125755, "max_depth": 6.0, "num_boost_round": 52.0}, "datetime": {"datetime": "2024-01-19 01:21:01", "elapsed": 4164.250899, "delta": 0.005289}}
{"target": -13.765019733344309, "params": {"gamma": 447.12034495495465, "log10_alpha": -4.08244008908283, "log10_colsample_bytree": -0.25881764598553325, "log10_eta": -1.457659201486925, "log10_lambda": -1.9532294027326058, "log10_min_child_weight": 4.632981454287239, "log10_subsample": -0.7105118466125755, "max_depth": 6.0, "num_boost_round": 53.0}, "datetime": {"datetime": "2024-01-19 01:21:01", "elapsed": 4164.256282, "delta": 0.005383}}
{"target": -13.76524859440064, "params": {"gamma": 447.12034495495465, "log10_alpha": -4.08244008908283, "log10_colsample_bytree": -0.25881764598553325, "log10_eta": -1.457659201486925, "log10_lambda": -1.9532294027326058, "log10_min_child_weight": 4.632981454287239, "log10_subsample": -0.7105118466125755, "max_depth": 6.0, "num_boost_round": 54.0}, "datetime": {"datetime": "2024-01-19 01:21:01", "elapsed": 4164.261692, "delta": 0.00541}}
{"target": -13.765560461965844, "params": {"gamma": 447.12034495495465, "log10_alpha": -4.08244008908283, "log10_colsample_bytree": -0.25881764598553325, "log10_eta": -1.457659201486925, "log10_lambda": -1.9532294027326058, "log10_min_child_weight": 4.632981454287239, "log10_subsample": -0.7105118466125755, "max_depth": 6.0, "num_boost_round": 55.0}, "datetime": {"datetime": "2024-01-19 01:21:01", "elapsed": 4164.267094, "delta": 0.005402}}
{"target": -13.765610198315304, "params": {"gamma": 447.12034495495465, "log10_alpha": -4.08244008908283, "log10_colsample_bytree": -0.25881764598553325, "log10_eta": -1.457659201486925, "log10_lambda": -1.9532294027326058, "log10_min_child_weight": 4.632981454287239, "log10_subsample": -0.7105118466125755, "max_depth": 6.0, "num_boost_round": 56.0}, "datetime": {"datetime": "2024-01-19 01:21:01", "elapsed": 4164.272567, "delta": 0.005473}}
{"target": -13.765443739774033, "params": {"gamma": 447.12034495495465, "log10_alpha": -4.08244008908283, "log10_colsample_bytree": -0.25881764598553325, "log10_eta": -1.457659201486925, "log10_lambda": -1.9532294027326058, "log10_min_child_weight": 4.632981454287239, "log10_subsample": -0.7105118466125755, "max_depth": 6.0, "num_boost_round": 57.0}, "datetime": {"datetime": "2024-01-19 01:21:01", "elapsed": 4164.277912, "delta": 0.005345}}
{"target": -13.765350417684965, "params": {"gamma": 447.12034495495465, "log10_alpha": -4.08244008908283, "log10_colsample_bytree": -0.25881764598553325, "log10_eta": -1.457659201486925, "log10_lambda": -1.9532294027326058, "log10_min_child_weight": 4.632981454287239, "log10_subsample": -0.7105118466125755, "max_depth": 6.0, "num_boost_round": 58.0}, "datetime": {"datetime": "2024-01-19 01:21:01", "elapsed": 4164.283245, "delta": 0.005333}}
{"target": -13.765693100021277, "params": {"gamma": 447.12034495495465, "log10_alpha": -4.08244008908283, "log10_colsample_bytree": -0.25881764598553325, "log10_eta": -1.457659201486925, "log10_lambda": -1.9532294027326058, "log10_min_child_weight": 4.632981454287239, "log10_subsample": -0.7105118466125755, "max_depth": 6.0, "num_boost_round": 59.0}, "datetime": {"datetime": "2024-01-19 01:21:01", "elapsed": 4164.288598, "delta": 0.005353}}
{"target": -13.76592204260049, "params": {"gamma": 447.12034495495465, "log10_alpha": -4.08244008908283, "log10_colsample_bytree": -0.25881764598553325, "log10_eta": -1.457659201486925, "log10_lambda": -1.9532294027326058, "log10_min_child_weight": 4.632981454287239, "log10_subsample": -0.7105118466125755, "max_depth": 6.0, "num_boost_round": 60.0}, "datetime": {"datetime": "2024-01-19 01:21:01", "elapsed": 4164.29392, "delta": 0.005322}}
{"target": -13.765972543674097, "params": {"gamma": 447.12034495495465, "log10_alpha": -4.08244008908283, "log10_colsample_bytree": -0.25881764598553325, "log10_eta": -1.457659201486925, "log10_lambda": -1.9532294027326058, "log10_min_child_weight": 4.632981454287239, "log10_subsample": -0.7105118466125755, "max_depth": 6.0, "num_boost_round": 61.0}, "datetime": {"datetime": "2024-01-19 01:21:01", "elapsed": 4164.299577, "delta": 0.005657}}
{"target": -13.766112771200934, "params": {"gamma": 447.12034495495465, "log10_alpha": -4.08244008908283, "log10_colsample_bytree": -0.25881764598553325, "log10_eta": -1.457659201486925, "log10_lambda": -1.9532294027326058, "log10_min_child_weight": 4.632981454287239, "log10_subsample": -0.7105118466125755, "max_depth": 6.0, "num_boost_round": 62.0}, "datetime": {"datetime": "2024-01-19 01:21:01", "elapsed": 4164.305109, "delta": 0.005532}}
{"target": -13.766358520430206, "params": {"gamma": 447.12034495495465, "log10_alpha": -4.08244008908283, "log10_colsample_bytree": -0.25881764598553325, "log10_eta": -1.457659201486925, "log10_lambda": -1.9532294027326058, "log10_min_child_weight": 4.632981454287239, "log10_subsample": -0.7105118466125755, "max_depth": 6.0, "num_boost_round": 63.0}, "datetime": {"datetime": "2024-01-19 01:21:01", "elapsed": 4164.310564, "delta": 0.005455}}
{"target": -13.766538104847761, "params": {"gamma": 447.12034495495465, "log10_alpha": -4.08244008908283, "log10_colsample_bytree": -0.25881764598553325, "log10_eta": -1.457659201486925, "log10_lambda": -1.9532294027326058, "log10_min_child_weight": 4.632981454287239, "log10_subsample": -0.7105118466125755, "max_depth": 6.0, "num_boost_round": 64.0}, "datetime": {"datetime": "2024-01-19 01:21:01", "elapsed": 4164.315858, "delta": 0.005294}}
{"target": -13.758543197265055, "params": {"gamma": 378.67603685986427, "log10_alpha": -0.6658113522772737, "log10_colsample_bytree": -0.1646802143862537, "log10_eta": -1.860334122081687, "log10_lambda": -0.0013253544142894924, "log10_min_child_weight": 3.95806895178809, "log10_subsample": -0.8118902723343975, "max_depth": 9.0, "num_boost_round": 0.0}, "datetime": {"datetime": "2024-01-19 01:23:05", "elapsed": 4288.700803, "delta": 124.384945}}
