{"target": -13.757994927757197, "params": {"gamma": 88.39791849434575, "log10_alpha": -0.3764909615390293, "log10_colsample_bytree": -0.28376388929460405, "log10_eta": -2.8900576760604744, "log10_lambda": -1.1352810848470973, "log10_min_child_weight": 1.8296397146613104, "log10_subsample": -0.5293774560195996, "max_depth": 3.0, "num_boost_round": 31.0}, "datetime": {"datetime": "2024-01-19 00:23:19", "elapsed": 698.740836, "delta": 0.000937}}
{"target": -13.757981934575016, "params": {"gamma": 88.39791849434575, "log10_alpha": -0.3764909615390293, "log10_colsample_bytree": -0.28376388929460405, "log10_eta": -2.8900576760604744, "log10_lambda": -1.1352810848470973, "log10_min_child_weight": 1.8296397146613104, "log10_subsample": -0.5293774560195996, "max_depth": 3.0, "num_boost_round": 32.0}, "datetime": {"datetime": "2024-01-19 00:23:19", "elapsed": 698.741769, "delta": 0.000933}}
{"target": -13.757977550061801, "params": {"gamma": 88.39791849434575, "log10_alpha": -0.3764909615390293, "log10_colsample_bytree": -0.28376388929460405, "log10_eta": -2.8900576760604744, "log10_lambda": -1.1352810848470973, "log10_min_child_weight": 1.8296397146613104, "log10_subsample": -0.5293774560195996, "max_depth": 3.0, "num_boost_round": 33.0}, "datetime": {"datetime": "2024-01-19 00:23:19", "elapsed": 698.742758, "delta": 0.000989}}
{"target": -13.757941036072163, "params": {"gamma": 88.39791849434575, "log10_alpha": -0.3764909615390293, "log10_colsample_bytree": -0.28376388929460405, "log10_eta": -2.8900576760604744, "log10_lambda": -1.1352810848470973, "log10_min_child_weight": 1.8296397146613104, "log10_subsample": -0.5293774560195996, "max_depth": 3.0, "num_boost_round": 34.0}, "datetime": {"datetime": "2024-01-19 00:23:19", "elapsed": 698.743711, "delta": 0.000953}}
{"target": -13.758537686863788, "params": {"gamma": 83.34321438493306, "log10_alpha": -3.564922927193516, "log10_colsample_bytree": -0.663202264282044, "log10_eta": -4.0, "log10_lambda": -1.130314355495338, "log10_min_child_weight": 4.729559918346598, "log10_subsample": 0.0, "max_depth": 2.0, "num_boost_round": 0.0}, "datetime": {"datetime": "2024-01-19 00:23:39", "elapsed": 718.609687, "delta": 19.865976}}
{"target": -13.758537222832258, "params": {"gamma": 83.34321438493306, "log10_alpha": -3.564922927193516, "log10_colsample_bytree": -0.663202264282044, "log10_eta": -4.0, "log10_lambda": -1.130314355495338, "log10_min_child_weight": 4.729559918346598, "log10_subsample": 0.0, "max_depth": 2.0, "num_boost_round": 1.0}, "datetime": {"datetime": "2024-01-19 00:23:39", "elapsed": 718.611844, "delta": 0.002157}}
{"target": -13.758537454669623, "params": {"gamma": 83.34321438493306, "log10_alpha": -3.564922927193516, "log10_colsample_bytree": -0.663202264282044, "log10_eta": -4.0, "log10_lambda": -1.130314355495338, "log10_min_child_weight": 4.729559918346598, "log10_subsample": 0.0, "max_depth": 2.0, "num_boost_round": 2.0}, "datetime": {"datetime": "2024-01-19 00:23:39", "elapsed": 718.612929, "delta": 0.001085}}
{"target": -13.758537303031861, "params": {"gamma": 83.34321438493306, "log10_alpha": -3.564922927193516, "log10_colsample_bytree": -0.663202264282044, "log10_eta": -4.0, "log10_lambda": -1.130314355495338, "log10_min_child_weight": 4.729559918346598, "log10_subsample": 0.0, "max_depth": 2.0, "num_boost_round": 3.0}, "datetime": {"datetime": "2024-01-19 00:23:39", "elapsed": 718.613878, "delta": 0.000949}}
{"target": -13.758536882334377, "params": {"gamma": 83.34321438493306, "log10_alpha": -3.564922927193516, "log10_colsample_bytree": -0.663202264282044, "log10_eta": -4.0, "log10_lambda": -1.130314355495338, "log10_min_child_weight": 4.729559918346598, "log10_subsample": 0.0, "max_depth": 2.0, "num_boost_round": 4.0}, "datetime": {"datetime": "2024-01-19 00:23:39", "elapsed": 718.6148, "delta": 0.000922}}
{"target": -13.758537014114703, "params": {"gamma": 83.34321438493306, "log10_alpha": -3.564922927193516, "log10_colsample_bytree": -0.663202264282044, "log10_eta": -4.0, "log10_lambda": -1.130314355495338, "log10_min_child_weight": 4.729559918346598, "log10_subsample": 0.0, "max_depth": 2.0, "num_boost_round": 5.0}, "datetime": {"datetime": "2024-01-19 00:23:39", "elapsed": 718.616007, "delta": 0.001207}}
{"target": -13.758537818551833, "params": {"gamma": 83.34321438493306, "log10_alpha": -3.564922927193516, "log10_colsample_bytree": -0.663202264282044, "log10_eta": -4.0, "log10_lambda": -1.130314355495338, "log10_min_child_weight": 4.729559918346598, "log10_subsample": 0.0, "max_depth": 2.0, "num_boost_round": 6.0}, "datetime": {"datetime": "2024-01-19 00:23:39", "elapsed": 718.616966, "delta": 0.000959}}
{"target": -13.758537317604338, "params": {"gamma": 83.34321438493306, "log10_alpha": -3.564922927193516, "log10_colsample_bytree": -0.663202264282044, "log10_eta": -4.0, "log10_lambda": -1.130314355495338, "log10_min_child_weight": 4.729559918346598, "log10_subsample": 0.0, "max_depth": 2.0, "num_boost_round": 7.0}, "datetime": {"datetime": "2024-01-19 00:23:39", "elapsed": 718.61797, "delta": 0.001004}}
{"target": -13.758537645132387, "params": {"gamma": 83.34321438493306, "log10_alpha": -3.564922927193516, "log10_colsample_bytree": -0.663202264282044, "log10_eta": -4.0, "log10_lambda": -1.130314355495338, "log10_min_child_weight": 4.729559918346598, "log10_subsample": 0.0, "max_depth": 2.0, "num_boost_round": 8.0}, "datetime": {"datetime": "2024-01-19 00:23:39", "elapsed": 718.618928, "delta": 0.000958}}
{"target": -13.758536945809384, "params": {"gamma": 83.34321438493306, "log10_alpha": -3.564922927193516, "log10_colsample_bytree": -0.663202264282044, "log10_eta": -4.0, "log10_lambda": -1.130314355495338, "log10_min_child_weight": 4.729559918346598, "log10_subsample": 0.0, "max_depth": 2.0, "num_boost_round": 9.0}, "datetime": {"datetime": "2024-01-19 00:23:39", "elapsed": 718.620057, "delta": 0.001129}}
{"target": -13.758530271454314, "params": {"gamma": 88.53552584837755, "log10_alpha": -4.366575122689206, "log10_colsample_bytree": -0.639108392179173, "log10_eta": -3.2823776391307407, "log10_lambda": -0.9484126003247777, "log10_min_child_weight": 4.189470494130292, "log10_subsample": -0.17714018197212023, "max_depth": 8.0, "num_boost_round": 0.0}, "datetime": {"datetime": "2024-01-19 00:24:10", "elapsed": 749.259628, "delta": 30.639571}}
{"target": -13.758527214154652, "params": {"gamma": 88.53552584837755, "log10_alpha": -4.366575122689206, "log10_colsample_bytree": -0.639108392179173, "log10_eta": -3.2823776391307407, "log10_lambda": -0.9484126003247777, "log10_min_child_weight": 4.189470494130292, "log10_subsample": -0.17714018197212023, "max_depth": 8.0, "num_boost_round": 1.0}, "datetime": {"datetime": "2024-01-19 00:24:10", "elapsed": 749.261126, "delta": 0.001498}}
{"target": -13.758529267554678, "params": {"gamma": 88.53552584837755, "log10_alpha": -4.366575122689206, "log10_colsample_bytree": -0.639108392179173, "log10_eta": -3.2823776391307407, "log10_lambda": -0.9484126003247777, "log10_min_child_weight": 4.189470494130292, "log10_subsample": -0.17714018197212023, "max_depth": 8.0, "num_boost_round": 2.0}, "datetime": {"datetime": "2024-01-19 00:24:10", "elapsed": 749.262485, "delta": 0.001359}}
{"target": -13.758526314332743, "params": {"gamma": 88.53552584837755, "log10_alpha": -4.366575122689206, "log10_colsample_bytree": -0.639108392179173, "log10_eta": -3.2823776391307407, "log10_lambda": -0.9484126003247777, "log10_min_child_weight": 4.189470494130292, "log10_subsample": -0.17714018197212023, "max_depth": 8.0, "num_boost_round": 3.0}, "datetime": {"datetime": "2024-01-19 00:24:10", "elapsed": 749.263579, "delta": 0.001094}}
{"target": -13.758526995172037, "params": {"gamma": 88.53552584837755, "log10_alpha": -4.366575122689206, "log10_colsample_bytree": -0.639108392179173, "log10_eta": -3.2823776391307407, "log10_lambda": -0.9484126003247777, "log10_min_child_weight": 4.189470494130292, "log10_subsample": -0.17714018197212023, "max_depth": 8.0, "num_boost_round": 4.0}, "datetime": {"datetime": "2024-01-19 00:24:10", "elapsed": 749.264544, "delta": 0.000965}}
{"target": -13.758532752285616, "params": {"gamma": 88.53552584837755, "log10_alpha": -4.366575122689206, "log10_colsample_bytree": -0.639108392179173, "log10_eta": -3.2823776391307407, "log10_lambda": -0.9484126003247777, "log10_min_child_weight": 4.189470494130292, "log10_subsample": -0.17714018197212023, "max_depth": 8.0, "num_boost_round": 5.0}, "datetime": {"datetime": "2024-01-19 00:24:10", "elapsed": 749.265488, "delta": 0.000944}}
{"target": -13.75853742978942, "params": {"gamma": 88.53552584837755, "log10_alpha": -4.366575122689206, "log10_colsample_bytree": -0.639108392179173, "log10_eta": -3.2823776391307407, "log10_lambda": -0.9484126003247777, "log10_min_child_weight": 4.189470494130292, "log10_subsample": -0.17714018197212023, "max_depth": 8.0, "num_boost_round": 6.0}, "datetime": {"datetime": "2024-01-19 00:24:10", "elapsed": 749.266452, "delta": 0.000964}}
{"target": -13.75853183099706, "params": {"gamma": 88.53552584837755, "log10_alpha": -4.366575122689206, "log10_colsample_bytree": -0.639108392179173, "log10_eta": -3.2823776391307407, "log10_lambda": -0.9484126003247777, "log10_min_child_weight": 4.189470494130292, "log10_subsample": -0.17714018197212023, "max_depth": 8.0, "num_boost_round": 7.0}, "datetime": {"datetime": "2024-01-19 00:24:10", "elapsed": 749.267515, "delta": 0.001063}}
{"target": -13.75852903010188, "params": {"gamma": 88.53552584837755, "log10_alpha": -4.366575122689206, "log10_colsample_bytree": -0.639108392179173, "log10_eta": -3.2823776391307407, "log10_lambda": -0.9484126003247777, "log10_min_child_weight": 4.189470494130292, "log10_subsample": -0.17714018197212023, "max_depth": 8.0, "num_boost_round": 8.0}, "datetime": {"datetime": "2024-01-19 00:24:10", "elapsed": 749.268589, "delta": 0.001074}}
{"target": -13.75852399285992, "params": {"gamma": 88.53552584837755, "log10_alpha": -4.366575122689206, "log10_colsample_bytree": -0.639108392179173, "log10_eta": -3.2823776391307407, "log10_lambda": -0.9484126003247777, "log10_min_child_weight": 4.189470494130292, "log10_subsample": -0.17714018197212023, "max_depth": 8.0, "num_boost_round": 9.0}, "datetime": {"datetime": "2024-01-19 00:24:10", "elapsed": 749.269661, "delta": 0.001072}}
{"target": -13.758516006249543, "params": {"gamma": 88.53552584837755, "log10_alpha": -4.366575122689206, "log10_colsample_bytree": -0.639108392179173, "log10_eta": -3.2823776391307407, "log10_lambda": -0.9484126003247777, "log10_min_child_weight": 4.189470494130292, "log10_subsample": -0.17714018197212023, "max_depth": 8.0, "num_boost_round": 10.0}, "datetime": {"datetime": "2024-01-19 00:24:10", "elapsed": 749.270762, "delta": 0.001101}}
{"target": -13.75851468052852, "params": {"gamma": 88.53552584837755, "log10_alpha": -4.366575122689206, "log10_colsample_bytree": -0.639108392179173, "log10_eta": -3.2823776391307407, "log10_lambda": -0.9484126003247777, "log10_min_child_weight": 4.189470494130292, "log10_subsample": -0.17714018197212023, "max_depth": 8.0, "num_boost_round": 11.0}, "datetime": {"datetime": "2024-01-19 00:24:10", "elapsed": 749.271743, "delta": 0.000981}}
{"target": -13.758511730149914, "params": {"gamma": 88.53552584837755, "log10_alpha": -4.366575122689206, "log10_colsample_bytree": -0.639108392179173, "log10_eta": -3.2823776391307407, "log10_lambda": -0.9484126003247777, "log10_min_child_weight": 4.189470494130292, "log10_subsample": -0.17714018197212023, "max_depth": 8.0, "num_boost_round": 12.0}, "datetime": {"datetime": "2024-01-19 00:24:10", "elapsed": 749.272748, "delta": 0.001005}}
{"target": -13.758502423277061, "params": {"gamma": 88.53552584837755, "log10_alpha": -4.366575122689206, "log10_colsample_bytree": -0.639108392179173, "log10_eta": -3.2823776391307407, "log10_lambda": -0.9484126003247777, "log10_min_child_weight": 4.189470494130292, "log10_subsample": -0.17714018197212023, "max_depth": 8.0, "num_boost_round": 13.0}, "datetime": {"datetime": "2024-01-19 00:24:10", "elapsed": 749.273719, "delta": 0.000971}}
{"target": -13.75849651614982, "params": {"gamma": 88.53552584837755, "log10_alpha": -4.366575122689206, "log10_colsample_bytree": -0.639108392179173, "log10_eta": -3.2823776391307407, "log10_lambda": -0.9484126003247777, "log10_min_child_weight": 4.189470494130292, "log10_subsample": -0.17714018197212023, "max_depth": 8.0, "num_boost_round": 14.0}, "datetime": {"datetime": "2024-01-19 00:24:10", "elapsed": 749.274722, "delta": 0.001003}}
{"target": -13.758483232966196, "params": {"gamma": 88.53552584837755, "log10_alpha": -4.366575122689206, "log10_colsample_bytree": -0.639108392179173, "log10_eta": -3.2823776391307407, "log10_lambda": -0.9484126003247777, "log10_min_child_weight": 4.189470494130292, "log10_subsample": -0.17714018197212023, "max_depth": 8.0, "num_boost_round": 15.0}, "datetime": {"datetime": "2024-01-19 00:24:10", "elapsed": 749.275778, "delta": 0.001056}}
{"target": -13.75847906379479, "params": {"gamma": 88.53552584837755, "log10_alpha": -4.366575122689206, "log10_colsample_bytree": -0.639108392179173, "log10_eta": -3.2823776391307407, "log10_lambda": -0.9484126003247777, "log10_min_child_weight": 4.189470494130292, "log10_subsample": -0.17714018197212023, "max_depth": 8.0, "num_boost_round": 16.0}, "datetime": {"datetime": "2024-01-19 00:24:10", "elapsed": 749.276788, "delta": 0.00101}}
{"target": -13.75846778516285, "params": {"gamma": 88.53552584837755, "log10_alpha": -4.366575122689206, "log10_colsample_bytree": -0.639108392179173, "log10_eta": -3.2823776391307407, "log10_lambda": -0.9484126003247777, "log10_min_child_weight": 4.189470494130292, "log10_subsample": -0.17714018197212023, "max_depth": 8.0, "num_boost_round": 17.0}, "datetime": {"datetime": "2024-01-19 00:24:10", "elapsed": 749.277827, "delta": 0.001039}}
{"target": -13.758469315854141, "params": {"gamma": 88.53552584837755, "log10_alpha": -4.366575122689206, "log10_colsample_bytree": -0.639108392179173, "log10_eta": -3.2823776391307407, "log10_lambda": -0.9484126003247777, "log10_min_child_weight": 4.189470494130292, "log10_subsample": -0.17714018197212023, "max_depth": 8.0, "num_boost_round": 18.0}, "datetime": {"datetime": "2024-01-19 00:24:10", "elapsed": 749.278857, "delta": 0.00103}}
{"target": -13.758454497869005, "params": {"gamma": 88.53552584837755, "log10_alpha": -4.366575122689206, "log10_colsample_bytree": -0.639108392179173, "log10_eta": -3.2823776391307407, "log10_lambda": -0.9484126003247777, "log10_min_child_weight": 4.189470494130292, "log10_subsample": -0.17714018197212023, "max_depth": 8.0, "num_boost_round": 19.0}, "datetime": {"datetime": "2024-01-19 00:24:10", "elapsed": 749.27991, "delta": 0.001053}}
{"target": -13.758464527057464, "params": {"gamma": 88.53552584837755, "log10_alpha": -4.366575122689206, "log10_colsample_bytree": -0.639108392179173, "log10_eta": -3.2823776391307407, "log10_lambda": -0.9484126003247777, "log10_min_child_weight": 4.189470494130292, "log10_subsample": -0.17714018197212023, "max_depth": 8.0, "num_boost_round": 20.0}, "datetime": {"datetime": "2024-01-19 00:24:10", "elapsed": 749.280929, "delta": 0.001019}}
{"target": -13.758469061856141, "params": {"gamma": 88.53552584837755, "log10_alpha": -4.366575122689206, "log10_colsample_bytree": -0.639108392179173, "log10_eta": -3.2823776391307407, "log10_lambda": -0.9484126003247777, "log10_min_child_weight": 4.189470494130292, "log10_subsample": -0.17714018197212023, "max_depth": 8.0, "num_boost_round": 21.0}, "datetime": {"datetime": "2024-01-19 00:24:10", "elapsed": 749.281991, "delta": 0.001062}}
{"target": -13.758469449960819, "params": {"gamma": 88.53552584837755, "log10_alpha": -4.366575122689206, "log10_colsample_bytree": -0.639108392179173, "log10_eta": -3.2823776391307407, "log10_lambda": -0.9484126003247777, "log10_min_child_weight": 4.189470494130292, "log10_subsample": -0.17714018197212023, "max_depth": 8.0, "num_boost_round": 22.0}, "datetime": {"datetime": "2024-01-19 00:24:10", "elapsed": 749.283001, "delta": 0.00101}}
{"target": -13.758468795322885, "params": {"gamma": 88.53552584837755, "log10_alpha": -4.366575122689206, "log10_colsample_bytree": -0.639108392179173, "log10_eta": -3.2823776391307407, "log10_lambda": -0.9484126003247777, "log10_min_child_weight": 4.189470494130292, "log10_subsample": -0.17714018197212023, "max_depth": 8.0, "num_boost_round": 23.0}, "datetime": {"datetime": "2024-01-19 00:24:10", "elapsed": 749.28403, "delta": 0.001029}}
{"target": -13.758467163055148, "params": {"gamma": 88.53552584837755, "log10_alpha": -4.366575122689206, "log10_colsample_bytree": -0.639108392179173, "log10_eta": -3.2823776391307407, "log10_lambda": -0.9484126003247777, "log10_min_child_weight": 4.189470494130292, "log10_subsample": -0.17714018197212023, "max_depth": 8.0, "num_boost_round": 24.0}, "datetime": {"datetime": "2024-01-19 00:24:10", "elapsed": 749.285078, "delta": 0.001048}}
{"target": -13.758468754069844, "params": {"gamma": 88.53552584837755, "log10_alpha": -4.366575122689206, "log10_colsample_bytree": -0.639108392179173, "log10_eta": -3.2823776391307407, "log10_lambda": -0.9484126003247777, "log10_min_child_weight": 4.189470494130292, "log10_subsample": -0.17714018197212023, "max_depth": 8.0, "num_boost_round": 25.0}, "datetime": {"datetime": "2024-01-19 00:24:10", "elapsed": 749.286111, "delta": 0.001033}}
{"target": -13.758467031736394, "params": {"gamma": 88.53552584837755, "log10_alpha": -4.366575122689206, "log10_colsample_bytree": -0.639108392179173, "log10_eta": -3.2823776391307407, "log10_lambda": -0.9484126003247777, "log10_min_child_weight": 4.189470494130292, "log10_subsample": -0.17714018197212023, "max_depth": 8.0, "num_boost_round": 26.0}, "datetime": {"datetime": "2024-01-19 00:24:10", "elapsed": 749.287146, "delta": 0.001035}}
{"target": -13.75846093162995, "params": {"gamma": 88.53552584837755, "log10_alpha": -4.366575122689206, "log10_colsample_bytree": -0.639108392179173, "log10_eta": -3.2823776391307407, "log10_lambda": -0.9484126003247777, "log10_min_child_weight": 4.189470494130292, "log10_subsample": -0.17714018197212023, "max_depth": 8.0, "num_boost_round": 27.0}, "datetime": {"datetime": "2024-01-19 00:24:10", "elapsed": 749.288225, "delta": 0.001079}}
{"target": -13.75845564802006, "params": {"gamma": 88.53552584837755, "log10_alpha": -4.366575122689206, "log10_colsample_bytree": -0.639108392179173, "log10_eta": -3.2823776391307407, "log10_lambda": -0.9484126003247777, "log10_min_child_weight": 4.189470494130292, "log10_subsample": -0.17714018197212023, "max_depth": 8.0, "num_boost_round": 28.0}, "datetime": {"datetime": "2024-01-19 00:24:10", "elapsed": 749.289259, "delta": 0.001034}}
{"target": -13.758452452276735, "params": {"gamma": 88.53552584837755, "log10_alpha": -4.366575122689206, "log10_colsample_bytree": -0.639108392179173, "log10_eta": -3.2823776391307407, "log10_lambda": -0.9484126003247777, "log10_min_child_weight": 4.189470494130292, "log10_subsample": -0.17714018197212023, "max_depth": 8.0, "num_boost_round": 29.0}, "datetime": {"datetime": "2024-01-19 00:24:10", "elapsed": 749.290299, "delta": 0.00104}}
{"target": -13.758438980414862, "params": {"gamma": 88.53552584837755, "log10_alpha": -4.366575122689206, "log10_colsample_bytree": -0.639108392179173, "log10_eta": -3.2823776391307407, "log10_lambda": -0.9484126003247777, "log10_min_child_weight": 4.189470494130292, "log10_subsample": -0.17714018197212023, "max_depth": 8.0, "num_boost_round": 30.0}, "datetime": {"datetime": "2024-01-19 00:24:10", "elapsed": 749.291356, "delta": 0.001057}}
{"target": -13.75842996718803, "params": {"gamma": 88.53552584837755, "log10_alpha": -4.366575122689206, "log10_colsample_bytree": -0.639108392179173, "log10_eta": -3.2823776391307407, "log10_lambda": -0.9484126003247777, "log10_min_child_weight": 4.189470494130292, "log10_subsample": -0.17714018197212023, "max_depth": 8.0, "num_boost_round": 31.0}, "datetime": {"datetime": "2024-01-19 00:24:10", "elapsed": 749.292412, "delta": 0.001056}}
{"target": -13.758429109181387, "params": {"gamma": 88.53552584837755, "log10_alpha": -4.366575122689206, "log10_colsample_bytree": -0.639108392179173, "log10_eta": -3.2823776391307407, "log10_lambda": -0.9484126003247777, "log10_min_child_weight": 4.189470494130292, "log10_subsample": -0.17714018197212023, "max_depth": 8.0, "num_boost_round": 32.0}, "datetime": {"datetime": "2024-01-19 00:24:10", "elapsed": 749.293453, "delta": 0.001041}}
{"target": -13.758425647442163, "params": {"gamma": 88.53552584837755, "log10_alpha": -4.366575122689206, "log10_colsample_bytree": -0.639108392179173, "log10_eta": -3.2823776391307407, "log10_lambda": -0.9484126003247777, "log10_min_child_weight": 4.189470494130292, "log10_subsample": -0.17714018197212023, "max_depth": 8.0, "num_boost_round": 33.0}, "datetime": {"datetime": "2024-01-19 00:24:10", "elapsed": 749.294491, "delta": 0.001038}}
{"target": -13.758417385111981, "params": {"gamma": 88.53552584837755, "log10_alpha": -4.366575122689206, "log10_colsample_bytree": -0.639108392179173, "log10_eta": -3.2823776391307407, "log10_lambda": -0.9484126003247777, "log10_min_child_weight": 4.189470494130292, "log10_subsample": -0.17714018197212023, "max_depth": 8.0, "num_boost_round": 34.0}, "datetime": {"datetime": "2024-01-19 00:24:10", "elapsed": 749.295542, "delta": 0.001051}}
{"target": -13.753747024756384, "params": {"gamma": 94.82111640025958, "log10_alpha": -4.916100069268653, "log10_colsample_bytree": -0.8015030486047728, "log10_eta": -0.8977112497843152, "log10_lambda": -1.089763900790191, "log10_min_child_weight": 0.8435962659908242, "log10_subsample": -0.8834662999394368, "max_depth": 5.0, "num_boost_round": 0.0}, "datetime": {"datetime": "2024-01-19 00:24:39", "elapsed": 778.392235, "delta": 29.096693}}
