{"target": -13.758127483386993, "params": {"gamma": 78.48894277378227, "log10_alpha": -2.974141975328128, "log10_colsample_bytree": -0.7074260332623157, "log10_eta": -2.4275718914282085, "log10_lambda": 0.7788747811464507, "log10_min_child_weight": 2.4181857640953632, "log10_subsample": -0.2692573028870964, "max_depth": 2.0, "num_boost_round": 10.0}, "datetime": {"datetime": "2024-01-19 02:11:20", "elapsed": 7200.647782, "delta": 0.005145}}
{"target": -13.758058587293748, "params": {"gamma": 78.48894277378227, "log10_alpha": -2.974141975328128, "log10_colsample_bytree": -0.7074260332623157, "log10_eta": -2.4275718914282085, "log10_lambda": 0.7788747811464507, "log10_min_child_weight": 2.4181857640953632, "log10_subsample": -0.2692573028870964, "max_depth": 2.0, "num_boost_round": 11.0}, "datetime": {"datetime": "2024-01-19 02:11:20", "elapsed": 7200.653149, "delta": 0.005367}}
{"target": -13.757997753192942, "params": {"gamma": 78.48894277378227, "log10_alpha": -2.974141975328128, "log10_colsample_bytree": -0.7074260332623157, "log10_eta": -2.4275718914282085, "log10_lambda": 0.7788747811464507, "log10_min_child_weight": 2.4181857640953632, "log10_subsample": -0.2692573028870964, "max_depth": 2.0, "num_boost_round": 12.0}, "datetime": {"datetime": "2024-01-19 02:11:20", "elapsed": 7200.658582, "delta": 0.005433}}
{"target": -13.75796586604582, "params": {"gamma": 78.48894277378227, "log10_alpha": -2.974141975328128, "log10_colsample_bytree": -0.7074260332623157, "log10_eta": -2.4275718914282085, "log10_lambda": 0.7788747811464507, "log10_min_child_weight": 2.4181857640953632, "log10_subsample": -0.2692573028870964, "max_depth": 2.0, "num_boost_round": 13.0}, "datetime": {"datetime": "2024-01-19 02:11:20", "elapsed": 7200.782354, "delta": 0.123772}}
{"target": -13.757958513897389, "params": {"gamma": 78.48894277378227, "log10_alpha": -2.974141975328128, "log10_colsample_bytree": -0.7074260332623157, "log10_eta": -2.4275718914282085, "log10_lambda": 0.7788747811464507, "log10_min_child_weight": 2.4181857640953632, "log10_subsample": -0.2692573028870964, "max_depth": 2.0, "num_boost_round": 14.0}, "datetime": {"datetime": "2024-01-19 02:11:20", "elapsed": 7200.788714, "delta": 0.00636}}
{"target": -13.757866331669394, "params": {"gamma": 78.48894277378227, "log10_alpha": -2.974141975328128, "log10_colsample_bytree": -0.7074260332623157, "log10_eta": -2.4275718914282085, "log10_lambda": 0.7788747811464507, "log10_min_child_weight": 2.4181857640953632, "log10_subsample": -0.2692573028870964, "max_depth": 2.0, "num_boost_round": 15.0}, "datetime": {"datetime": "2024-01-19 02:11:20", "elapsed": 7200.794162, "delta": 0.005448}}
{"target": -13.757844602224347, "params": {"gamma": 78.48894277378227, "log10_alpha": -2.974141975328128, "log10_colsample_bytree": -0.7074260332623157, "log10_eta": -2.4275718914282085, "log10_lambda": 0.7788747811464507, "log10_min_child_weight": 2.4181857640953632, "log10_subsample": -0.2692573028870964, "max_depth": 2.0, "num_boost_round": 16.0}, "datetime": {"datetime": "2024-01-19 02:11:20", "elapsed": 7200.800386, "delta": 0.006224}}
{"target": -13.757813690877308, "params": {"gamma": 78.48894277378227, "log10_alpha": -2.974141975328128, "log10_colsample_bytree": -0.7074260332623157, "log10_eta": -2.4275718914282085, "log10_lambda": 0.7788747811464507, "log10_min_child_weight": 2.4181857640953632, "log10_subsample": -0.2692573028870964, "max_depth": 2.0, "num_boost_round": 17.0}, "datetime": {"datetime": "2024-01-19 02:11:20", "elapsed": 7200.806373, "delta": 0.005987}}
{"target": -13.757797820951813, "params": {"gamma": 78.48894277378227, "log10_alpha": -2.974141975328128, "log10_colsample_bytree": -0.7074260332623157, "log10_eta": -2.4275718914282085, "log10_lambda": 0.7788747811464507, "log10_min_child_weight": 2.4181857640953632, "log10_subsample": -0.2692573028870964, "max_depth": 2.0, "num_boost_round": 18.0}, "datetime": {"datetime": "2024-01-19 02:11:20", "elapsed": 7200.812147, "delta": 0.005774}}
{"target": -13.757749182903204, "params": {"gamma": 78.48894277378227, "log10_alpha": -2.974141975328128, "log10_colsample_bytree": -0.7074260332623157, "log10_eta": -2.4275718914282085, "log10_lambda": 0.7788747811464507, "log10_min_child_weight": 2.4181857640953632, "log10_subsample": -0.2692573028870964, "max_depth": 2.0, "num_boost_round": 19.0}, "datetime": {"datetime": "2024-01-19 02:11:20", "elapsed": 7200.817594, "delta": 0.005447}}
{"target": -13.757713484305823, "params": {"gamma": 78.48894277378227, "log10_alpha": -2.974141975328128, "log10_colsample_bytree": -0.7074260332623157, "log10_eta": -2.4275718914282085, "log10_lambda": 0.7788747811464507, "log10_min_child_weight": 2.4181857640953632, "log10_subsample": -0.2692573028870964, "max_depth": 2.0, "num_boost_round": 20.0}, "datetime": {"datetime": "2024-01-19 02:11:20", "elapsed": 7200.82315, "delta": 0.005556}}
{"target": -13.757680421133074, "params": {"gamma": 78.48894277378227, "log10_alpha": -2.974141975328128, "log10_colsample_bytree": -0.7074260332623157, "log10_eta": -2.4275718914282085, "log10_lambda": 0.7788747811464507, "log10_min_child_weight": 2.4181857640953632, "log10_subsample": -0.2692573028870964, "max_depth": 2.0, "num_boost_round": 21.0}, "datetime": {"datetime": "2024-01-19 02:11:20", "elapsed": 7200.828657, "delta": 0.005507}}
{"target": -13.757690047445148, "params": {"gamma": 78.48894277378227, "log10_alpha": -2.974141975328128, "log10_colsample_bytree": -0.7074260332623157, "log10_eta": -2.4275718914282085, "log10_lambda": 0.7788747811464507, "log10_min_child_weight": 2.4181857640953632, "log10_subsample": -0.2692573028870964, "max_depth": 2.0, "num_boost_round": 22.0}, "datetime": {"datetime": "2024-01-19 02:11:20", "elapsed": 7200.8342, "delta": 0.005543}}
{"target": -13.757633566348172, "params": {"gamma": 78.48894277378227, "log10_alpha": -2.974141975328128, "log10_colsample_bytree": -0.7074260332623157, "log10_eta": -2.4275718914282085, "log10_lambda": 0.7788747811464507, "log10_min_child_weight": 2.4181857640953632, "log10_subsample": -0.2692573028870964, "max_depth": 2.0, "num_boost_round": 23.0}, "datetime": {"datetime": "2024-01-19 02:11:20", "elapsed": 7200.840836, "delta": 0.006636}}
{"target": -13.75763480559668, "params": {"gamma": 78.48894277378227, "log10_alpha": -2.974141975328128, "log10_colsample_bytree": -0.7074260332623157, "log10_eta": -2.4275718914282085, "log10_lambda": 0.7788747811464507, "log10_min_child_weight": 2.4181857640953632, "log10_subsample": -0.2692573028870964, "max_depth": 2.0, "num_boost_round": 24.0}, "datetime": {"datetime": "2024-01-19 02:11:20", "elapsed": 7200.846707, "delta": 0.005871}}
{"target": -13.757583010250746, "params": {"gamma": 78.48894277378227, "log10_alpha": -2.974141975328128, "log10_colsample_bytree": -0.7074260332623157, "log10_eta": -2.4275718914282085, "log10_lambda": 0.7788747811464507, "log10_min_child_weight": 2.4181857640953632, "log10_subsample": -0.2692573028870964, "max_depth": 2.0, "num_boost_round": 25.0}, "datetime": {"datetime": "2024-01-19 02:11:20", "elapsed": 7200.852145, "delta": 0.005438}}
{"target": -13.75758026249962, "params": {"gamma": 78.48894277378227, "log10_alpha": -2.974141975328128, "log10_colsample_bytree": -0.7074260332623157, "log10_eta": -2.4275718914282085, "log10_lambda": 0.7788747811464507, "log10_min_child_weight": 2.4181857640953632, "log10_subsample": -0.2692573028870964, "max_depth": 2.0, "num_boost_round": 26.0}, "datetime": {"datetime": "2024-01-19 02:11:20", "elapsed": 7200.857433, "delta": 0.005288}}
{"target": -13.757517046008086, "params": {"gamma": 78.48894277378227, "log10_alpha": -2.974141975328128, "log10_colsample_bytree": -0.7074260332623157, "log10_eta": -2.4275718914282085, "log10_lambda": 0.7788747811464507, "log10_min_child_weight": 2.4181857640953632, "log10_subsample": -0.2692573028870964, "max_depth": 2.0, "num_boost_round": 27.0}, "datetime": {"datetime": "2024-01-19 02:11:20", "elapsed": 7200.862756, "delta": 0.005323}}
{"target": -13.757482282280675, "params": {"gamma": 78.48894277378227, "log10_alpha": -2.974141975328128, "log10_colsample_bytree": -0.7074260332623157, "log10_eta": -2.4275718914282085, "log10_lambda": 0.7788747811464507, "log10_min_child_weight": 2.4181857640953632, "log10_subsample": -0.2692573028870964, "max_depth": 2.0, "num_boost_round": 28.0}, "datetime": {"datetime": "2024-01-19 02:11:20", "elapsed": 7200.868139, "delta": 0.005383}}
{"target": -13.757463498700758, "params": {"gamma": 78.48894277378227, "log10_alpha": -2.974141975328128, "log10_colsample_bytree": -0.7074260332623157, "log10_eta": -2.4275718914282085, "log10_lambda": 0.7788747811464507, "log10_min_child_weight": 2.4181857640953632, "log10_subsample": -0.2692573028870964, "max_depth": 2.0, "num_boost_round": 29.0}, "datetime": {"datetime": "2024-01-19 02:11:20", "elapsed": 7200.873585, "delta": 0.005446}}
{"target": -13.757442571567136, "params": {"gamma": 78.48894277378227, "log10_alpha": -2.974141975328128, "log10_colsample_bytree": -0.7074260332623157, "log10_eta": -2.4275718914282085, "log10_lambda": 0.7788747811464507, "log10_min_child_weight": 2.4181857640953632, "log10_subsample": -0.2692573028870964, "max_depth": 2.0, "num_boost_round": 30.0}, "datetime": {"datetime": "2024-01-19 02:11:20", "elapsed": 7200.879218, "delta": 0.005633}}
{"target": -13.757388790049685, "params": {"gamma": 78.48894277378227, "log10_alpha": -2.974141975328128, "log10_colsample_bytree": -0.7074260332623157, "log10_eta": -2.4275718914282085, "log10_lambda": 0.7788747811464507, "log10_min_child_weight": 2.4181857640953632, "log10_subsample": -0.2692573028870964, "max_depth": 2.0, "num_boost_round": 31.0}, "datetime": {"datetime": "2024-01-19 02:11:20", "elapsed": 7200.884578, "delta": 0.00536}}
{"target": -13.757364667720783, "params": {"gamma": 78.48894277378227, "log10_alpha": -2.974141975328128, "log10_colsample_bytree": -0.7074260332623157, "log10_eta": -2.4275718914282085, "log10_lambda": 0.7788747811464507, "log10_min_child_weight": 2.4181857640953632, "log10_subsample": -0.2692573028870964, "max_depth": 2.0, "num_boost_round": 32.0}, "datetime": {"datetime": "2024-01-19 02:11:20", "elapsed": 7200.889848, "delta": 0.00527}}
{"target": -13.757361919110904, "params": {"gamma": 78.48894277378227, "log10_alpha": -2.974141975328128, "log10_colsample_bytree": -0.7074260332623157, "log10_eta": -2.4275718914282085, "log10_lambda": 0.7788747811464507, "log10_min_child_weight": 2.4181857640953632, "log10_subsample": -0.2692573028870964, "max_depth": 2.0, "num_boost_round": 33.0}, "datetime": {"datetime": "2024-01-19 02:11:20", "elapsed": 7200.895179, "delta": 0.005331}}
{"target": -13.757321309416275, "params": {"gamma": 78.48894277378227, "log10_alpha": -2.974141975328128, "log10_colsample_bytree": -0.7074260332623157, "log10_eta": -2.4275718914282085, "log10_lambda": 0.7788747811464507, "log10_min_child_weight": 2.4181857640953632, "log10_subsample": -0.2692573028870964, "max_depth": 2.0, "num_boost_round": 34.0}, "datetime": {"datetime": "2024-01-19 02:11:20", "elapsed": 7200.900512, "delta": 0.005333}}
{"target": -13.757294879578616, "params": {"gamma": 78.48894277378227, "log10_alpha": -2.974141975328128, "log10_colsample_bytree": -0.7074260332623157, "log10_eta": -2.4275718914282085, "log10_lambda": 0.7788747811464507, "log10_min_child_weight": 2.4181857640953632, "log10_subsample": -0.2692573028870964, "max_depth": 2.0, "num_boost_round": 35.0}, "datetime": {"datetime": "2024-01-19 02:11:20", "elapsed": 7200.905944, "delta": 0.005432}}
{"target": -13.757290630379048, "params": {"gamma": 78.48894277378227, "log10_alpha": -2.974141975328128, "log10_colsample_bytree": -0.7074260332623157, "log10_eta": -2.4275718914282085, "log10_lambda": 0.7788747811464507, "log10_min_child_weight": 2.4181857640953632, "log10_subsample": -0.2692573028870964, "max_depth": 2.0, "num_boost_round": 36.0}, "datetime": {"datetime": "2024-01-19 02:11:20", "elapsed": 7200.911522, "delta": 0.005578}}
{"target": -13.757295404100429, "params": {"gamma": 78.48894277378227, "log10_alpha": -2.974141975328128, "log10_colsample_bytree": -0.7074260332623157, "log10_eta": -2.4275718914282085, "log10_lambda": 0.7788747811464507, "log10_min_child_weight": 2.4181857640953632, "log10_subsample": -0.2692573028870964, "max_depth": 2.0, "num_boost_round": 37.0}, "datetime": {"datetime": "2024-01-19 02:11:20", "elapsed": 7200.916928, "delta": 0.005406}}
{"target": -13.757268520602702, "params": {"gamma": 78.48894277378227, "log10_alpha": -2.974141975328128, "log10_colsample_bytree": -0.7074260332623157, "log10_eta": -2.4275718914282085, "log10_lambda": 0.7788747811464507, "log10_min_child_weight": 2.4181857640953632, "log10_subsample": -0.2692573028870964, "max_depth": 2.0, "num_boost_round": 38.0}, "datetime": {"datetime": "2024-01-19 02:11:20", "elapsed": 7200.922393, "delta": 0.005465}}
{"target": -13.75722910274862, "params": {"gamma": 78.48894277378227, "log10_alpha": -2.974141975328128, "log10_colsample_bytree": -0.7074260332623157, "log10_eta": -2.4275718914282085, "log10_lambda": 0.7788747811464507, "log10_min_child_weight": 2.4181857640953632, "log10_subsample": -0.2692573028870964, "max_depth": 2.0, "num_boost_round": 39.0}, "datetime": {"datetime": "2024-01-19 02:11:20", "elapsed": 7200.927814, "delta": 0.005421}}
{"target": -13.757218716386172, "params": {"gamma": 78.48894277378227, "log10_alpha": -2.974141975328128, "log10_colsample_bytree": -0.7074260332623157, "log10_eta": -2.4275718914282085, "log10_lambda": 0.7788747811464507, "log10_min_child_weight": 2.4181857640953632, "log10_subsample": -0.2692573028870964, "max_depth": 2.0, "num_boost_round": 40.0}, "datetime": {"datetime": "2024-01-19 02:11:20", "elapsed": 7200.933214, "delta": 0.0054}}
{"target": -13.757244287582187, "params": {"gamma": 78.48894277378227, "log10_alpha": -2.974141975328128, "log10_colsample_bytree": -0.7074260332623157, "log10_eta": -2.4275718914282085, "log10_lambda": 0.7788747811464507, "log10_min_child_weight": 2.4181857640953632, "log10_subsample": -0.2692573028870964, "max_depth": 2.0, "num_boost_round": 41.0}, "datetime": {"datetime": "2024-01-19 02:11:20", "elapsed": 7200.938807, "delta": 0.005593}}
{"target": -13.757231837152633, "params": {"gamma": 78.48894277378227, "log10_alpha": -2.974141975328128, "log10_colsample_bytree": -0.7074260332623157, "log10_eta": -2.4275718914282085, "log10_lambda": 0.7788747811464507, "log10_min_child_weight": 2.4181857640953632, "log10_subsample": -0.2692573028870964, "max_depth": 2.0, "num_boost_round": 42.0}, "datetime": {"datetime": "2024-01-19 02:11:20", "elapsed": 7200.944505, "delta": 0.005698}}
{"target": -13.757218274053912, "params": {"gamma": 78.48894277378227, "log10_alpha": -2.974141975328128, "log10_colsample_bytree": -0.7074260332623157, "log10_eta": -2.4275718914282085, "log10_lambda": 0.7788747811464507, "log10_min_child_weight": 2.4181857640953632, "log10_subsample": -0.2692573028870964, "max_depth": 2.0, "num_boost_round": 43.0}, "datetime": {"datetime": "2024-01-19 02:11:20", "elapsed": 7200.950541, "delta": 0.006036}}
{"target": -13.757153596639945, "params": {"gamma": 78.48894277378227, "log10_alpha": -2.974141975328128, "log10_colsample_bytree": -0.7074260332623157, "log10_eta": -2.4275718914282085, "log10_lambda": 0.7788747811464507, "log10_min_child_weight": 2.4181857640953632, "log10_subsample": -0.2692573028870964, "max_depth": 2.0, "num_boost_round": 44.0}, "datetime": {"datetime": "2024-01-19 02:11:20", "elapsed": 7200.956034, "delta": 0.005493}}
{"target": -13.758537486659941, "params": {"gamma": 79.39813610899205, "log10_alpha": -3.966298324487341, "log10_colsample_bytree": -0.39547401855581543, "log10_eta": -3.9720060524151033, "log10_lambda": -1.9444774746146312, "log10_min_child_weight": 3.875274072106647, "log10_subsample": -0.10710698816128061, "max_depth": 2.0, "num_boost_round": 0.0}, "datetime": {"datetime": "2024-01-19 02:12:55", "elapsed": 7295.078845, "delta": 94.122811}}
{"target": -13.758536279522739, "params": {"gamma": 79.39813610899205, "log10_alpha": -3.966298324487341, "log10_colsample_bytree": -0.39547401855581543, "log10_eta": -3.9720060524151033, "log10_lambda": -1.9444774746146312, "log10_min_child_weight": 3.875274072106647, "log10_subsample": -0.10710698816128061, "max_depth": 2.0, "num_boost_round": 1.0}, "datetime": {"datetime": "2024-01-19 02:12:55", "elapsed": 7295.084951, "delta": 0.006106}}
{"target": -13.758536594251233, "params": {"gamma": 79.39813610899205, "log10_alpha": -3.966298324487341, "log10_colsample_bytree": -0.39547401855581543, "log10_eta": -3.9720060524151033, "log10_lambda": -1.9444774746146312, "log10_min_child_weight": 3.875274072106647, "log10_subsample": -0.10710698816128061, "max_depth": 2.0, "num_boost_round": 2.0}, "datetime": {"datetime": "2024-01-19 02:12:55", "elapsed": 7295.090291, "delta": 0.00534}}
{"target": -13.758536583639414, "params": {"gamma": 79.39813610899205, "log10_alpha": -3.966298324487341, "log10_colsample_bytree": -0.39547401855581543, "log10_eta": -3.9720060524151033, "log10_lambda": -1.9444774746146312, "log10_min_child_weight": 3.875274072106647, "log10_subsample": -0.10710698816128061, "max_depth": 2.0, "num_boost_round": 3.0}, "datetime": {"datetime": "2024-01-19 02:12:55", "elapsed": 7295.095834, "delta": 0.005543}}
{"target": -13.75853669552546, "params": {"gamma": 79.39813610899205, "log10_alpha": -3.966298324487341, "log10_colsample_bytree": -0.39547401855581543, "log10_eta": -3.9720060524151033, "log10_lambda": -1.9444774746146312, "log10_min_child_weight": 3.875274072106647, "log10_subsample": -0.10710698816128061, "max_depth": 2.0, "num_boost_round": 4.0}, "datetime": {"datetime": "2024-01-19 02:12:55", "elapsed": 7295.101025, "delta": 0.005191}}
{"target": -13.758536293553952, "params": {"gamma": 79.39813610899205, "log10_alpha": -3.966298324487341, "log10_colsample_bytree": -0.39547401855581543, "log10_eta": -3.9720060524151033, "log10_lambda": -1.9444774746146312, "log10_min_child_weight": 3.875274072106647, "log10_subsample": -0.10710698816128061, "max_depth": 2.0, "num_boost_round": 5.0}, "datetime": {"datetime": "2024-01-19 02:12:55", "elapsed": 7295.106144, "delta": 0.005119}}
{"target": -13.758535870045943, "params": {"gamma": 79.39813610899205, "log10_alpha": -3.966298324487341, "log10_colsample_bytree": -0.39547401855581543, "log10_eta": -3.9720060524151033, "log10_lambda": -1.9444774746146312, "log10_min_child_weight": 3.875274072106647, "log10_subsample": -0.10710698816128061, "max_depth": 2.0, "num_boost_round": 6.0}, "datetime": {"datetime": "2024-01-19 02:12:55", "elapsed": 7295.111423, "delta": 0.005279}}
{"target": -13.758535710192703, "params": {"gamma": 79.39813610899205, "log10_alpha": -3.966298324487341, "log10_colsample_bytree": -0.39547401855581543, "log10_eta": -3.9720060524151033, "log10_lambda": -1.9444774746146312, "log10_min_child_weight": 3.875274072106647, "log10_subsample": -0.10710698816128061, "max_depth": 2.0, "num_boost_round": 7.0}, "datetime": {"datetime": "2024-01-19 02:12:55", "elapsed": 7295.116634, "delta": 0.005211}}
{"target": -13.75853419187562, "params": {"gamma": 79.39813610899205, "log10_alpha": -3.966298324487341, "log10_colsample_bytree": -0.39547401855581543, "log10_eta": -3.9720060524151033, "log10_lambda": -1.9444774746146312, "log10_min_child_weight": 3.875274072106647, "log10_subsample": -0.10710698816128061, "max_depth": 2.0, "num_boost_round": 8.0}, "datetime": {"datetime": "2024-01-19 02:12:55", "elapsed": 7295.121833, "delta": 0.005199}}
{"target": -13.75853279936954, "params": {"gamma": 79.39813610899205, "log10_alpha": -3.966298324487341, "log10_colsample_bytree": -0.39547401855581543, "log10_eta": -3.9720060524151033, "log10_lambda": -1.9444774746146312, "log10_min_child_weight": 3.875274072106647, "log10_subsample": -0.10710698816128061, "max_depth": 2.0, "num_boost_round": 9.0}, "datetime": {"datetime": "2024-01-19 02:12:55", "elapsed": 7295.127181, "delta": 0.005348}}
{"target": -13.758531596386362, "params": {"gamma": 79.39813610899205, "log10_alpha": -3.966298324487341, "log10_colsample_bytree": -0.39547401855581543, "log10_eta": -3.9720060524151033, "log10_lambda": -1.9444774746146312, "log10_min_child_weight": 3.875274072106647, "log10_subsample": -0.10710698816128061, "max_depth": 2.0, "num_boost_round": 10.0}, "datetime": {"datetime": "2024-01-19 02:12:55", "elapsed": 7295.132353, "delta": 0.005172}}
{"target": -13.758529991323394, "params": {"gamma": 79.39813610899205, "log10_alpha": -3.966298324487341, "log10_colsample_bytree": -0.39547401855581543, "log10_eta": -3.9720060524151033, "log10_lambda": -1.9444774746146312, "log10_min_child_weight": 3.875274072106647, "log10_subsample": -0.10710698816128061, "max_depth": 2.0, "num_boost_round": 11.0}, "datetime": {"datetime": "2024-01-19 02:12:55", "elapsed": 7295.137566, "delta": 0.005213}}
{"target": -13.7585287712321, "params": {"gamma": 79.39813610899205, "log10_alpha": -3.966298324487341, "log10_colsample_bytree": -0.39547401855581543, "log10_eta": -3.9720060524151033, "log10_lambda": -1.9444774746146312, "log10_min_child_weight": 3.875274072106647, "log10_subsample": -0.10710698816128061, "max_depth": 2.0, "num_boost_round": 12.0}, "datetime": {"datetime": "2024-01-19 02:12:55", "elapsed": 7295.142754, "delta": 0.005188}}
{"target": -13.758527569377483, "params": {"gamma": 79.39813610899205, "log10_alpha": -3.966298324487341, "log10_colsample_bytree": -0.39547401855581543, "log10_eta": -3.9720060524151033, "log10_lambda": -1.9444774746146312, "log10_min_child_weight": 3.875274072106647, "log10_subsample": -0.10710698816128061, "max_depth": 2.0, "num_boost_round": 13.0}, "datetime": {"datetime": "2024-01-19 02:12:55", "elapsed": 7295.147909, "delta": 0.005155}}
