{"target": -13.758091258897885, "params": {"gamma": 42.5810879938664, "log10_alpha": -3.7466655335339514, "log10_colsample_bytree": -0.692887981617479, "log10_eta": -2.8006715938701556, "log10_lambda": -4.909522638295574, "log10_min_child_weight": 0.2230620531934241, "log10_subsample": -0.28231555792545904, "max_depth": 7.0, "num_boost_round": 8.0}, "datetime": {"datetime": "2024-01-19 01:57:06", "elapsed": 6334.965165, "delta": 0.005194}}
{"target": -13.758132099866705, "params": {"gamma": 42.5810879938664, "log10_alpha": -3.7466655335339514, "log10_colsample_bytree": -0.692887981617479, "log10_eta": -2.8006715938701556, "log10_lambda": -4.909522638295574, "log10_min_child_weight": 0.2230620531934241, "log10_subsample": -0.28231555792545904, "max_depth": 7.0, "num_boost_round": 9.0}, "datetime": {"datetime": "2024-01-19 01:57:06", "elapsed": 6334.970501, "delta": 0.005336}}
{"target": -13.758067320566692, "params": {"gamma": 42.5810879938664, "log10_alpha": -3.7466655335339514, "log10_colsample_bytree": -0.692887981617479, "log10_eta": -2.8006715938701556, "log10_lambda": -4.909522638295574, "log10_min_child_weight": 0.2230620531934241, "log10_subsample": -0.28231555792545904, "max_depth": 7.0, "num_boost_round": 10.0}, "datetime": {"datetime": "2024-01-19 01:57:06", "elapsed": 6334.975814, "delta": 0.005313}}
{"target": -13.758060206960614, "params": {"gamma": 42.5810879938664, "log10_alpha": -3.7466655335339514, "log10_colsample_bytree": -0.692887981617479, "log10_eta": -2.8006715938701556, "log10_lambda": -4.909522638295574, "log10_min_child_weight": 0.2230620531934241, "log10_subsample": -0.28231555792545904, "max_depth": 7.0, "num_boost_round": 11.0}, "datetime": {"datetime": "2024-01-19 01:57:06", "elapsed": 6334.981139, "delta": 0.005325}}
{"target": -13.758056236682801, "params": {"gamma": 42.5810879938664, "log10_alpha": -3.7466655335339514, "log10_colsample_bytree": -0.692887981617479, "log10_eta": -2.8006715938701556, "log10_lambda": -4.909522638295574, "log10_min_child_weight": 0.2230620531934241, "log10_subsample": -0.28231555792545904, "max_depth": 7.0, "num_boost_round": 12.0}, "datetime": {"datetime": "2024-01-19 01:57:06", "elapsed": 6334.986326, "delta": 0.005187}}
{"target": -13.758006512184803, "params": {"gamma": 42.5810879938664, "log10_alpha": -3.7466655335339514, "log10_colsample_bytree": -0.692887981617479, "log10_eta": -2.8006715938701556, "log10_lambda": -4.909522638295574, "log10_min_child_weight": 0.2230620531934241, "log10_subsample": -0.28231555792545904, "max_depth": 7.0, "num_boost_round": 13.0}, "datetime": {"datetime": "2024-01-19 01:57:06", "elapsed": 6334.991866, "delta": 0.00554}}
{"target": -13.758025483813979, "params": {"gamma": 42.5810879938664, "log10_alpha": -3.7466655335339514, "log10_colsample_bytree": -0.692887981617479, "log10_eta": -2.8006715938701556, "log10_lambda": -4.909522638295574, "log10_min_child_weight": 0.2230620531934241, "log10_subsample": -0.28231555792545904, "max_depth": 7.0, "num_boost_round": 14.0}, "datetime": {"datetime": "2024-01-19 01:57:06", "elapsed": 6334.99722, "delta": 0.005354}}
{"target": -13.757934749866607, "params": {"gamma": 42.5810879938664, "log10_alpha": -3.7466655335339514, "log10_colsample_bytree": -0.692887981617479, "log10_eta": -2.8006715938701556, "log10_lambda": -4.909522638295574, "log10_min_child_weight": 0.2230620531934241, "log10_subsample": -0.28231555792545904, "max_depth": 7.0, "num_boost_round": 15.0}, "datetime": {"datetime": "2024-01-19 01:57:06", "elapsed": 6335.002517, "delta": 0.005297}}
{"target": -13.757910668131364, "params": {"gamma": 42.5810879938664, "log10_alpha": -3.7466655335339514, "log10_colsample_bytree": -0.692887981617479, "log10_eta": -2.8006715938701556, "log10_lambda": -4.909522638295574, "log10_min_child_weight": 0.2230620531934241, "log10_subsample": -0.28231555792545904, "max_depth": 7.0, "num_boost_round": 16.0}, "datetime": {"datetime": "2024-01-19 01:57:06", "elapsed": 6335.007854, "delta": 0.005337}}
{"target": -13.757812074594602, "params": {"gamma": 42.5810879938664, "log10_alpha": -3.7466655335339514, "log10_colsample_bytree": -0.692887981617479, "log10_eta": -2.8006715938701556, "log10_lambda": -4.909522638295574, "log10_min_child_weight": 0.2230620531934241, "log10_subsample": -0.28231555792545904, "max_depth": 7.0, "num_boost_round": 17.0}, "datetime": {"datetime": "2024-01-19 01:57:06", "elapsed": 6335.01319, "delta": 0.005336}}
{"target": -13.75784674976848, "params": {"gamma": 42.5810879938664, "log10_alpha": -3.7466655335339514, "log10_colsample_bytree": -0.692887981617479, "log10_eta": -2.8006715938701556, "log10_lambda": -4.909522638295574, "log10_min_child_weight": 0.2230620531934241, "log10_subsample": -0.28231555792545904, "max_depth": 7.0, "num_boost_round": 18.0}, "datetime": {"datetime": "2024-01-19 01:57:06", "elapsed": 6335.01838, "delta": 0.00519}}
{"target": -13.757794918926557, "params": {"gamma": 42.5810879938664, "log10_alpha": -3.7466655335339514, "log10_colsample_bytree": -0.692887981617479, "log10_eta": -2.8006715938701556, "log10_lambda": -4.909522638295574, "log10_min_child_weight": 0.2230620531934241, "log10_subsample": -0.28231555792545904, "max_depth": 7.0, "num_boost_round": 19.0}, "datetime": {"datetime": "2024-01-19 01:57:06", "elapsed": 6335.023569, "delta": 0.005189}}
{"target": -13.757737851020792, "params": {"gamma": 42.5810879938664, "log10_alpha": -3.7466655335339514, "log10_colsample_bytree": -0.692887981617479, "log10_eta": -2.8006715938701556, "log10_lambda": -4.909522638295574, "log10_min_child_weight": 0.2230620531934241, "log10_subsample": -0.28231555792545904, "max_depth": 7.0, "num_boost_round": 20.0}, "datetime": {"datetime": "2024-01-19 01:57:06", "elapsed": 6335.028816, "delta": 0.005247}}
{"target": -13.757754415581672, "params": {"gamma": 42.5810879938664, "log10_alpha": -3.7466655335339514, "log10_colsample_bytree": -0.692887981617479, "log10_eta": -2.8006715938701556, "log10_lambda": -4.909522638295574, "log10_min_child_weight": 0.2230620531934241, "log10_subsample": -0.28231555792545904, "max_depth": 7.0, "num_boost_round": 21.0}, "datetime": {"datetime": "2024-01-19 01:57:06", "elapsed": 6335.033946, "delta": 0.00513}}
{"target": -13.757734801213257, "params": {"gamma": 42.5810879938664, "log10_alpha": -3.7466655335339514, "log10_colsample_bytree": -0.692887981617479, "log10_eta": -2.8006715938701556, "log10_lambda": -4.909522638295574, "log10_min_child_weight": 0.2230620531934241, "log10_subsample": -0.28231555792545904, "max_depth": 7.0, "num_boost_round": 22.0}, "datetime": {"datetime": "2024-01-19 01:57:06", "elapsed": 6335.039228, "delta": 0.005282}}
{"target": -13.757747904318835, "params": {"gamma": 42.5810879938664, "log10_alpha": -3.7466655335339514, "log10_colsample_bytree": -0.692887981617479, "log10_eta": -2.8006715938701556, "log10_lambda": -4.909522638295574, "log10_min_child_weight": 0.2230620531934241, "log10_subsample": -0.28231555792545904, "max_depth": 7.0, "num_boost_round": 23.0}, "datetime": {"datetime": "2024-01-19 01:57:06", "elapsed": 6335.044582, "delta": 0.005354}}
{"target": -13.757703936554526, "params": {"gamma": 42.5810879938664, "log10_alpha": -3.7466655335339514, "log10_colsample_bytree": -0.692887981617479, "log10_eta": -2.8006715938701556, "log10_lambda": -4.909522638295574, "log10_min_child_weight": 0.2230620531934241, "log10_subsample": -0.28231555792545904, "max_depth": 7.0, "num_boost_round": 24.0}, "datetime": {"datetime": "2024-01-19 01:57:06", "elapsed": 6335.049812, "delta": 0.00523}}
{"target": -13.757649031243286, "params": {"gamma": 42.5810879938664, "log10_alpha": -3.7466655335339514, "log10_colsample_bytree": -0.692887981617479, "log10_eta": -2.8006715938701556, "log10_lambda": -4.909522638295574, "log10_min_child_weight": 0.2230620531934241, "log10_subsample": -0.28231555792545904, "max_depth": 7.0, "num_boost_round": 25.0}, "datetime": {"datetime": "2024-01-19 01:57:06", "elapsed": 6335.055048, "delta": 0.005236}}
{"target": -13.757660061264716, "params": {"gamma": 42.5810879938664, "log10_alpha": -3.7466655335339514, "log10_colsample_bytree": -0.692887981617479, "log10_eta": -2.8006715938701556, "log10_lambda": -4.909522638295574, "log10_min_child_weight": 0.2230620531934241, "log10_subsample": -0.28231555792545904, "max_depth": 7.0, "num_boost_round": 26.0}, "datetime": {"datetime": "2024-01-19 01:57:06", "elapsed": 6335.060218, "delta": 0.00517}}
{"target": -13.757649219446987, "params": {"gamma": 42.5810879938664, "log10_alpha": -3.7466655335339514, "log10_colsample_bytree": -0.692887981617479, "log10_eta": -2.8006715938701556, "log10_lambda": -4.909522638295574, "log10_min_child_weight": 0.2230620531934241, "log10_subsample": -0.28231555792545904, "max_depth": 7.0, "num_boost_round": 27.0}, "datetime": {"datetime": "2024-01-19 01:57:06", "elapsed": 6335.065353, "delta": 0.005135}}
{"target": -13.75761068918942, "params": {"gamma": 42.5810879938664, "log10_alpha": -3.7466655335339514, "log10_colsample_bytree": -0.692887981617479, "log10_eta": -2.8006715938701556, "log10_lambda": -4.909522638295574, "log10_min_child_weight": 0.2230620531934241, "log10_subsample": -0.28231555792545904, "max_depth": 7.0, "num_boost_round": 28.0}, "datetime": {"datetime": "2024-01-19 01:57:06", "elapsed": 6335.070751, "delta": 0.005398}}
{"target": -13.757589584104633, "params": {"gamma": 42.5810879938664, "log10_alpha": -3.7466655335339514, "log10_colsample_bytree": -0.692887981617479, "log10_eta": -2.8006715938701556, "log10_lambda": -4.909522638295574, "log10_min_child_weight": 0.2230620531934241, "log10_subsample": -0.28231555792545904, "max_depth": 7.0, "num_boost_round": 29.0}, "datetime": {"datetime": "2024-01-19 01:57:06", "elapsed": 6335.076149, "delta": 0.005398}}
{"target": -13.757568158997138, "params": {"gamma": 42.5810879938664, "log10_alpha": -3.7466655335339514, "log10_colsample_bytree": -0.692887981617479, "log10_eta": -2.8006715938701556, "log10_lambda": -4.909522638295574, "log10_min_child_weight": 0.2230620531934241, "log10_subsample": -0.28231555792545904, "max_depth": 7.0, "num_boost_round": 30.0}, "datetime": {"datetime": "2024-01-19 01:57:06", "elapsed": 6335.081435, "delta": 0.005286}}
{"target": -13.757470283951339, "params": {"gamma": 42.5810879938664, "log10_alpha": -3.7466655335339514, "log10_colsample_bytree": -0.692887981617479, "log10_eta": -2.8006715938701556, "log10_lambda": -4.909522638295574, "log10_min_child_weight": 0.2230620531934241, "log10_subsample": -0.28231555792545904, "max_depth": 7.0, "num_boost_round": 31.0}, "datetime": {"datetime": "2024-01-19 01:57:06", "elapsed": 6335.086779, "delta": 0.005344}}
{"target": -13.757394484056894, "params": {"gamma": 42.5810879938664, "log10_alpha": -3.7466655335339514, "log10_colsample_bytree": -0.692887981617479, "log10_eta": -2.8006715938701556, "log10_lambda": -4.909522638295574, "log10_min_child_weight": 0.2230620531934241, "log10_subsample": -0.28231555792545904, "max_depth": 7.0, "num_boost_round": 32.0}, "datetime": {"datetime": "2024-01-19 01:57:06", "elapsed": 6335.092016, "delta": 0.005237}}
{"target": -13.757371156775942, "params": {"gamma": 42.5810879938664, "log10_alpha": -3.7466655335339514, "log10_colsample_bytree": -0.692887981617479, "log10_eta": -2.8006715938701556, "log10_lambda": -4.909522638295574, "log10_min_child_weight": 0.2230620531934241, "log10_subsample": -0.28231555792545904, "max_depth": 7.0, "num_boost_round": 33.0}, "datetime": {"datetime": "2024-01-19 01:57:06", "elapsed": 6335.09725, "delta": 0.005234}}
{"target": -13.757308550248347, "params": {"gamma": 42.5810879938664, "log10_alpha": -3.7466655335339514, "log10_colsample_bytree": -0.692887981617479, "log10_eta": -2.8006715938701556, "log10_lambda": -4.909522638295574, "log10_min_child_weight": 0.2230620531934241, "log10_subsample": -0.28231555792545904, "max_depth": 7.0, "num_boost_round": 34.0}, "datetime": {"datetime": "2024-01-19 01:57:06", "elapsed": 6335.102692, "delta": 0.005442}}
{"target": -13.757302546794048, "params": {"gamma": 42.5810879938664, "log10_alpha": -3.7466655335339514, "log10_colsample_bytree": -0.692887981617479, "log10_eta": -2.8006715938701556, "log10_lambda": -4.909522638295574, "log10_min_child_weight": 0.2230620531934241, "log10_subsample": -0.28231555792545904, "max_depth": 7.0, "num_boost_round": 35.0}, "datetime": {"datetime": "2024-01-19 01:57:07", "elapsed": 6335.217068, "delta": 0.114376}}
{"target": -13.757293127015535, "params": {"gamma": 42.5810879938664, "log10_alpha": -3.7466655335339514, "log10_colsample_bytree": -0.692887981617479, "log10_eta": -2.8006715938701556, "log10_lambda": -4.909522638295574, "log10_min_child_weight": 0.2230620531934241, "log10_subsample": -0.28231555792545904, "max_depth": 7.0, "num_boost_round": 36.0}, "datetime": {"datetime": "2024-01-19 01:57:07", "elapsed": 6335.222968, "delta": 0.0059}}
{"target": -13.75853687774457, "params": {"gamma": 61.67914555285348, "log10_alpha": -1.1042478504677025, "log10_colsample_bytree": -0.6591445563609339, "log10_eta": -3.6755724404767878, "log10_lambda": -1.418325221325285, "log10_min_child_weight": 4.4111018917437725, "log10_subsample": -0.10580356190804174, "max_depth": 2.0, "num_boost_round": 0.0}, "datetime": {"datetime": "2024-01-19 01:58:16", "elapsed": 6404.657385, "delta": 69.434417}}
{"target": -13.75853771783271, "params": {"gamma": 61.67914555285348, "log10_alpha": -1.1042478504677025, "log10_colsample_bytree": -0.6591445563609339, "log10_eta": -3.6755724404767878, "log10_lambda": -1.418325221325285, "log10_min_child_weight": 4.4111018917437725, "log10_subsample": -0.10580356190804174, "max_depth": 2.0, "num_boost_round": 1.0}, "datetime": {"datetime": "2024-01-19 01:58:16", "elapsed": 6404.663024, "delta": 0.005639}}
{"target": -13.758536748146604, "params": {"gamma": 61.67914555285348, "log10_alpha": -1.1042478504677025, "log10_colsample_bytree": -0.6591445563609339, "log10_eta": -3.6755724404767878, "log10_lambda": -1.418325221325285, "log10_min_child_weight": 4.4111018917437725, "log10_subsample": -0.10580356190804174, "max_depth": 2.0, "num_boost_round": 2.0}, "datetime": {"datetime": "2024-01-19 01:58:16", "elapsed": 6404.66847, "delta": 0.005446}}
{"target": -13.758535579288974, "params": {"gamma": 61.67914555285348, "log10_alpha": -1.1042478504677025, "log10_colsample_bytree": -0.6591445563609339, "log10_eta": -3.6755724404767878, "log10_lambda": -1.418325221325285, "log10_min_child_weight": 4.4111018917437725, "log10_subsample": -0.10580356190804174, "max_depth": 2.0, "num_boost_round": 3.0}, "datetime": {"datetime": "2024-01-19 01:58:16", "elapsed": 6404.673825, "delta": 0.005355}}
{"target": -13.758534849806818, "params": {"gamma": 61.67914555285348, "log10_alpha": -1.1042478504677025, "log10_colsample_bytree": -0.6591445563609339, "log10_eta": -3.6755724404767878, "log10_lambda": -1.418325221325285, "log10_min_child_weight": 4.4111018917437725, "log10_subsample": -0.10580356190804174, "max_depth": 2.0, "num_boost_round": 4.0}, "datetime": {"datetime": "2024-01-19 01:58:16", "elapsed": 6404.679448, "delta": 0.005623}}
{"target": -13.758534796491467, "params": {"gamma": 61.67914555285348, "log10_alpha": -1.1042478504677025, "log10_colsample_bytree": -0.6591445563609339, "log10_eta": -3.6755724404767878, "log10_lambda": -1.418325221325285, "log10_min_child_weight": 4.4111018917437725, "log10_subsample": -0.10580356190804174, "max_depth": 2.0, "num_boost_round": 5.0}, "datetime": {"datetime": "2024-01-19 01:58:16", "elapsed": 6404.684666, "delta": 0.005218}}
{"target": -13.758536698456883, "params": {"gamma": 61.67914555285348, "log10_alpha": -1.1042478504677025, "log10_colsample_bytree": -0.6591445563609339, "log10_eta": -3.6755724404767878, "log10_lambda": -1.418325221325285, "log10_min_child_weight": 4.4111018917437725, "log10_subsample": -0.10580356190804174, "max_depth": 2.0, "num_boost_round": 6.0}, "datetime": {"datetime": "2024-01-19 01:58:16", "elapsed": 6404.690104, "delta": 0.005438}}
{"target": -13.758535592544275, "params": {"gamma": 61.67914555285348, "log10_alpha": -1.1042478504677025, "log10_colsample_bytree": -0.6591445563609339, "log10_eta": -3.6755724404767878, "log10_lambda": -1.418325221325285, "log10_min_child_weight": 4.4111018917437725, "log10_subsample": -0.10580356190804174, "max_depth": 2.0, "num_boost_round": 7.0}, "datetime": {"datetime": "2024-01-19 01:58:16", "elapsed": 6404.695565, "delta": 0.005461}}
{"target": -13.758536522717156, "params": {"gamma": 61.67914555285348, "log10_alpha": -1.1042478504677025, "log10_colsample_bytree": -0.6591445563609339, "log10_eta": -3.6755724404767878, "log10_lambda": -1.418325221325285, "log10_min_child_weight": 4.4111018917437725, "log10_subsample": -0.10580356190804174, "max_depth": 2.0, "num_boost_round": 8.0}, "datetime": {"datetime": "2024-01-19 01:58:16", "elapsed": 6404.701016, "delta": 0.005451}}
{"target": -13.758534252441123, "params": {"gamma": 61.67914555285348, "log10_alpha": -1.1042478504677025, "log10_colsample_bytree": -0.6591445563609339, "log10_eta": -3.6755724404767878, "log10_lambda": -1.418325221325285, "log10_min_child_weight": 4.4111018917437725, "log10_subsample": -0.10580356190804174, "max_depth": 2.0, "num_boost_round": 9.0}, "datetime": {"datetime": "2024-01-19 01:58:16", "elapsed": 6404.706316, "delta": 0.0053}}
{"target": -13.758533176248077, "params": {"gamma": 61.67914555285348, "log10_alpha": -1.1042478504677025, "log10_colsample_bytree": -0.6591445563609339, "log10_eta": -3.6755724404767878, "log10_lambda": -1.418325221325285, "log10_min_child_weight": 4.4111018917437725, "log10_subsample": -0.10580356190804174, "max_depth": 2.0, "num_boost_round": 10.0}, "datetime": {"datetime": "2024-01-19 01:58:16", "elapsed": 6404.711931, "delta": 0.005615}}
{"target": -13.75853222817935, "params": {"gamma": 61.67914555285348, "log10_alpha": -1.1042478504677025, "log10_colsample_bytree": -0.6591445563609339, "log10_eta": -3.6755724404767878, "log10_lambda": -1.418325221325285, "log10_min_child_weight": 4.4111018917437725, "log10_subsample": -0.10580356190804174, "max_depth": 2.0, "num_boost_round": 11.0}, "datetime": {"datetime": "2024-01-19 01:58:16", "elapsed": 6404.717223, "delta": 0.005292}}
{"target": -13.758534067243222, "params": {"gamma": 61.67914555285348, "log10_alpha": -1.1042478504677025, "log10_colsample_bytree": -0.6591445563609339, "log10_eta": -3.6755724404767878, "log10_lambda": -1.418325221325285, "log10_min_child_weight": 4.4111018917437725, "log10_subsample": -0.10580356190804174, "max_depth": 2.0, "num_boost_round": 12.0}, "datetime": {"datetime": "2024-01-19 01:58:16", "elapsed": 6404.722425, "delta": 0.005202}}
{"target": -13.758532784786272, "params": {"gamma": 61.67914555285348, "log10_alpha": -1.1042478504677025, "log10_colsample_bytree": -0.6591445563609339, "log10_eta": -3.6755724404767878, "log10_lambda": -1.418325221325285, "log10_min_child_weight": 4.4111018917437725, "log10_subsample": -0.10580356190804174, "max_depth": 2.0, "num_boost_round": 13.0}, "datetime": {"datetime": "2024-01-19 01:58:16", "elapsed": 6404.727639, "delta": 0.005214}}
{"target": -13.758531501740483, "params": {"gamma": 61.67914555285348, "log10_alpha": -1.1042478504677025, "log10_colsample_bytree": -0.6591445563609339, "log10_eta": -3.6755724404767878, "log10_lambda": -1.418325221325285, "log10_min_child_weight": 4.4111018917437725, "log10_subsample": -0.10580356190804174, "max_depth": 2.0, "num_boost_round": 14.0}, "datetime": {"datetime": "2024-01-19 01:58:16", "elapsed": 6404.733031, "delta": 0.005392}}
{"target": -13.758530033066105, "params": {"gamma": 61.67914555285348, "log10_alpha": -1.1042478504677025, "log10_colsample_bytree": -0.6591445563609339, "log10_eta": -3.6755724404767878, "log10_lambda": -1.418325221325285, "log10_min_child_weight": 4.4111018917437725, "log10_subsample": -0.10580356190804174, "max_depth": 2.0, "num_boost_round": 15.0}, "datetime": {"datetime": "2024-01-19 01:58:16", "elapsed": 6404.738398, "delta": 0.005367}}
{"target": -13.758529519955113, "params": {"gamma": 61.67914555285348, "log10_alpha": -1.1042478504677025, "log10_colsample_bytree": -0.6591445563609339, "log10_eta": -3.6755724404767878, "log10_lambda": -1.418325221325285, "log10_min_child_weight": 4.4111018917437725, "log10_subsample": -0.10580356190804174, "max_depth": 2.0, "num_boost_round": 16.0}, "datetime": {"datetime": "2024-01-19 01:58:16", "elapsed": 6404.743988, "delta": 0.00559}}
{"target": -13.75852745747578, "params": {"gamma": 61.67914555285348, "log10_alpha": -1.1042478504677025, "log10_colsample_bytree": -0.6591445563609339, "log10_eta": -3.6755724404767878, "log10_lambda": -1.418325221325285, "log10_min_child_weight": 4.4111018917437725, "log10_subsample": -0.10580356190804174, "max_depth": 2.0, "num_boost_round": 17.0}, "datetime": {"datetime": "2024-01-19 01:58:16", "elapsed": 6404.749266, "delta": 0.005278}}
{"target": -13.758526439666156, "params": {"gamma": 61.67914555285348, "log10_alpha": -1.1042478504677025, "log10_colsample_bytree": -0.6591445563609339, "log10_eta": -3.6755724404767878, "log10_lambda": -1.418325221325285, "log10_min_child_weight": 4.4111018917437725, "log10_subsample": -0.10580356190804174, "max_depth": 2.0, "num_boost_round": 18.0}, "datetime": {"datetime": "2024-01-19 01:58:16", "elapsed": 6404.754523, "delta": 0.005257}}
{"target": -13.758536560958765, "params": {"gamma": 31.89310918660615, "log10_alpha": 0.9658134626122203, "log10_colsample_bytree": -0.4140953844776498, "log10_eta": -3.8665996434381418, "log10_lambda": -4.617843936152539, "log10_min_child_weight": 0.2864360653746384, "log10_subsample": -0.3467838875805779, "max_depth": 3.0, "num_boost_round": 0.0}, "datetime": {"datetime": "2024-01-19 01:59:07", "elapsed": 6455.544822, "delta": 50.790299}}
