{"target": -17.67632754921981, "params": {"gamma": 420.76012587951175, "log10_alpha": 0.4515526742865319, "log10_colsample_bytree": -0.39143475350007717, "log10_eta": -2.817191883374371, "log10_lambda": -1.6735566221525047, "log10_min_child_weight": 1.8071806897375653, "log10_subsample": -0.8140746532565096, "max_depth": 3.0, "num_boost_round": 20.0}, "datetime": {"datetime": "2024-01-19 00:57:01", "elapsed": 2713.975789, "delta": 0.003368}}
{"target": -17.676295198282492, "params": {"gamma": 420.76012587951175, "log10_alpha": 0.4515526742865319, "log10_colsample_bytree": -0.39143475350007717, "log10_eta": -2.817191883374371, "log10_lambda": -1.6735566221525047, "log10_min_child_weight": 1.8071806897375653, "log10_subsample": -0.8140746532565096, "max_depth": 3.0, "num_boost_round": 21.0}, "datetime": {"datetime": "2024-01-19 00:57:01", "elapsed": 2713.979205, "delta": 0.003416}}
{"target": -17.676216915650993, "params": {"gamma": 420.76012587951175, "log10_alpha": 0.4515526742865319, "log10_colsample_bytree": -0.39143475350007717, "log10_eta": -2.817191883374371, "log10_lambda": -1.6735566221525047, "log10_min_child_weight": 1.8071806897375653, "log10_subsample": -0.8140746532565096, "max_depth": 3.0, "num_boost_round": 22.0}, "datetime": {"datetime": "2024-01-19 00:57:01", "elapsed": 2713.982794, "delta": 0.003589}}
{"target": -17.676122338282127, "params": {"gamma": 420.76012587951175, "log10_alpha": 0.4515526742865319, "log10_colsample_bytree": -0.39143475350007717, "log10_eta": -2.817191883374371, "log10_lambda": -1.6735566221525047, "log10_min_child_weight": 1.8071806897375653, "log10_subsample": -0.8140746532565096, "max_depth": 3.0, "num_boost_round": 23.0}, "datetime": {"datetime": "2024-01-19 00:57:01", "elapsed": 2713.986173, "delta": 0.003379}}
{"target": -17.67610587334406, "params": {"gamma": 420.76012587951175, "log10_alpha": 0.4515526742865319, "log10_colsample_bytree": -0.39143475350007717, "log10_eta": -2.817191883374371, "log10_lambda": -1.6735566221525047, "log10_min_child_weight": 1.8071806897375653, "log10_subsample": -0.8140746532565096, "max_depth": 3.0, "num_boost_round": 24.0}, "datetime": {"datetime": "2024-01-19 00:57:01", "elapsed": 2713.989756, "delta": 0.003583}}
{"target": -17.676038456554647, "params": {"gamma": 420.76012587951175, "log10_alpha": 0.4515526742865319, "log10_colsample_bytree": -0.39143475350007717, "log10_eta": -2.817191883374371, "log10_lambda": -1.6735566221525047, "log10_min_child_weight": 1.8071806897375653, "log10_subsample": -0.8140746532565096, "max_depth": 3.0, "num_boost_round": 25.0}, "datetime": {"datetime": "2024-01-19 00:57:01", "elapsed": 2713.993263, "delta": 0.003507}}
{"target": -17.67598048430818, "params": {"gamma": 420.76012587951175, "log10_alpha": 0.4515526742865319, "log10_colsample_bytree": -0.39143475350007717, "log10_eta": -2.817191883374371, "log10_lambda": -1.6735566221525047, "log10_min_child_weight": 1.8071806897375653, "log10_subsample": -0.8140746532565096, "max_depth": 3.0, "num_boost_round": 26.0}, "datetime": {"datetime": "2024-01-19 00:57:01", "elapsed": 2713.996647, "delta": 0.003384}}
{"target": -17.675946395194995, "params": {"gamma": 420.76012587951175, "log10_alpha": 0.4515526742865319, "log10_colsample_bytree": -0.39143475350007717, "log10_eta": -2.817191883374371, "log10_lambda": -1.6735566221525047, "log10_min_child_weight": 1.8071806897375653, "log10_subsample": -0.8140746532565096, "max_depth": 3.0, "num_boost_round": 27.0}, "datetime": {"datetime": "2024-01-19 00:57:01", "elapsed": 2714.000026, "delta": 0.003379}}
{"target": -17.67588548305998, "params": {"gamma": 420.76012587951175, "log10_alpha": 0.4515526742865319, "log10_colsample_bytree": -0.39143475350007717, "log10_eta": -2.817191883374371, "log10_lambda": -1.6735566221525047, "log10_min_child_weight": 1.8071806897375653, "log10_subsample": -0.8140746532565096, "max_depth": 3.0, "num_boost_round": 28.0}, "datetime": {"datetime": "2024-01-19 00:57:01", "elapsed": 2714.003542, "delta": 0.003516}}
{"target": -17.675827151482252, "params": {"gamma": 420.76012587951175, "log10_alpha": 0.4515526742865319, "log10_colsample_bytree": -0.39143475350007717, "log10_eta": -2.817191883374371, "log10_lambda": -1.6735566221525047, "log10_min_child_weight": 1.8071806897375653, "log10_subsample": -0.8140746532565096, "max_depth": 3.0, "num_boost_round": 29.0}, "datetime": {"datetime": "2024-01-19 00:57:01", "elapsed": 2714.007142, "delta": 0.0036}}
{"target": -17.675814557591412, "params": {"gamma": 420.76012587951175, "log10_alpha": 0.4515526742865319, "log10_colsample_bytree": -0.39143475350007717, "log10_eta": -2.817191883374371, "log10_lambda": -1.6735566221525047, "log10_min_child_weight": 1.8071806897375653, "log10_subsample": -0.8140746532565096, "max_depth": 3.0, "num_boost_round": 30.0}, "datetime": {"datetime": "2024-01-19 00:57:01", "elapsed": 2714.010608, "delta": 0.003466}}
{"target": -17.675770400972368, "params": {"gamma": 420.76012587951175, "log10_alpha": 0.4515526742865319, "log10_colsample_bytree": -0.39143475350007717, "log10_eta": -2.817191883374371, "log10_lambda": -1.6735566221525047, "log10_min_child_weight": 1.8071806897375653, "log10_subsample": -0.8140746532565096, "max_depth": 3.0, "num_boost_round": 31.0}, "datetime": {"datetime": "2024-01-19 00:57:01", "elapsed": 2714.013985, "delta": 0.003377}}
{"target": -17.67571379133758, "params": {"gamma": 420.76012587951175, "log10_alpha": 0.4515526742865319, "log10_colsample_bytree": -0.39143475350007717, "log10_eta": -2.817191883374371, "log10_lambda": -1.6735566221525047, "log10_min_child_weight": 1.8071806897375653, "log10_subsample": -0.8140746532565096, "max_depth": 3.0, "num_boost_round": 32.0}, "datetime": {"datetime": "2024-01-19 00:57:01", "elapsed": 2714.017377, "delta": 0.003392}}
{"target": -17.677216607916563, "params": {"gamma": 405.48786170328276, "log10_alpha": 0.5107844095764884, "log10_colsample_bytree": -0.672717414681624, "log10_eta": -3.62614654476099, "log10_lambda": -2.0957556135076034, "log10_min_child_weight": 3.3020404166942585, "log10_subsample": -0.21122924723007985, "max_depth": 7.0, "num_boost_round": 0.0}, "datetime": {"datetime": "2024-01-19 00:58:02", "elapsed": 2774.766704, "delta": 60.749327}}
{"target": -17.677203802600076, "params": {"gamma": 405.48786170328276, "log10_alpha": 0.5107844095764884, "log10_colsample_bytree": -0.672717414681624, "log10_eta": -3.62614654476099, "log10_lambda": -2.0957556135076034, "log10_min_child_weight": 3.3020404166942585, "log10_subsample": -0.21122924723007985, "max_depth": 7.0, "num_boost_round": 1.0}, "datetime": {"datetime": "2024-01-19 00:58:02", "elapsed": 2774.770795, "delta": 0.004091}}
{"target": -17.677191688272583, "params": {"gamma": 405.48786170328276, "log10_alpha": 0.5107844095764884, "log10_colsample_bytree": -0.672717414681624, "log10_eta": -3.62614654476099, "log10_lambda": -2.0957556135076034, "log10_min_child_weight": 3.3020404166942585, "log10_subsample": -0.21122924723007985, "max_depth": 7.0, "num_boost_round": 2.0}, "datetime": {"datetime": "2024-01-19 00:58:02", "elapsed": 2774.774335, "delta": 0.00354}}
{"target": -17.677187226827048, "params": {"gamma": 405.48786170328276, "log10_alpha": 0.5107844095764884, "log10_colsample_bytree": -0.672717414681624, "log10_eta": -3.62614654476099, "log10_lambda": -2.0957556135076034, "log10_min_child_weight": 3.3020404166942585, "log10_subsample": -0.21122924723007985, "max_depth": 7.0, "num_boost_round": 3.0}, "datetime": {"datetime": "2024-01-19 00:58:02", "elapsed": 2774.777761, "delta": 0.003426}}
{"target": -17.677173632755004, "params": {"gamma": 405.48786170328276, "log10_alpha": 0.5107844095764884, "log10_colsample_bytree": -0.672717414681624, "log10_eta": -3.62614654476099, "log10_lambda": -2.0957556135076034, "log10_min_child_weight": 3.3020404166942585, "log10_subsample": -0.21122924723007985, "max_depth": 7.0, "num_boost_round": 4.0}, "datetime": {"datetime": "2024-01-19 00:58:02", "elapsed": 2774.781313, "delta": 0.003552}}
{"target": -17.677171822069315, "params": {"gamma": 405.48786170328276, "log10_alpha": 0.5107844095764884, "log10_colsample_bytree": -0.672717414681624, "log10_eta": -3.62614654476099, "log10_lambda": -2.0957556135076034, "log10_min_child_weight": 3.3020404166942585, "log10_subsample": -0.21122924723007985, "max_depth": 7.0, "num_boost_round": 5.0}, "datetime": {"datetime": "2024-01-19 00:58:02", "elapsed": 2774.784735, "delta": 0.003422}}
{"target": -17.67717016340262, "params": {"gamma": 405.48786170328276, "log10_alpha": 0.5107844095764884, "log10_colsample_bytree": -0.672717414681624, "log10_eta": -3.62614654476099, "log10_lambda": -2.0957556135076034, "log10_min_child_weight": 3.3020404166942585, "log10_subsample": -0.21122924723007985, "max_depth": 7.0, "num_boost_round": 6.0}, "datetime": {"datetime": "2024-01-19 00:58:02", "elapsed": 2774.788215, "delta": 0.00348}}
{"target": -17.67714435838441, "params": {"gamma": 405.48786170328276, "log10_alpha": 0.5107844095764884, "log10_colsample_bytree": -0.672717414681624, "log10_eta": -3.62614654476099, "log10_lambda": -2.0957556135076034, "log10_min_child_weight": 3.3020404166942585, "log10_subsample": -0.21122924723007985, "max_depth": 7.0, "num_boost_round": 7.0}, "datetime": {"datetime": "2024-01-19 00:58:02", "elapsed": 2774.791671, "delta": 0.003456}}
{"target": -17.67713363889106, "params": {"gamma": 405.48786170328276, "log10_alpha": 0.5107844095764884, "log10_colsample_bytree": -0.672717414681624, "log10_eta": -3.62614654476099, "log10_lambda": -2.0957556135076034, "log10_min_child_weight": 3.3020404166942585, "log10_subsample": -0.21122924723007985, "max_depth": 7.0, "num_boost_round": 8.0}, "datetime": {"datetime": "2024-01-19 00:58:02", "elapsed": 2774.795119, "delta": 0.003448}}
{"target": -17.67713225327846, "params": {"gamma": 405.48786170328276, "log10_alpha": 0.5107844095764884, "log10_colsample_bytree": -0.672717414681624, "log10_eta": -3.62614654476099, "log10_lambda": -2.0957556135076034, "log10_min_child_weight": 3.3020404166942585, "log10_subsample": -0.21122924723007985, "max_depth": 7.0, "num_boost_round": 9.0}, "datetime": {"datetime": "2024-01-19 00:58:02", "elapsed": 2774.798524, "delta": 0.003405}}
{"target": -17.67712561707247, "params": {"gamma": 405.48786170328276, "log10_alpha": 0.5107844095764884, "log10_colsample_bytree": -0.672717414681624, "log10_eta": -3.62614654476099, "log10_lambda": -2.0957556135076034, "log10_min_child_weight": 3.3020404166942585, "log10_subsample": -0.21122924723007985, "max_depth": 7.0, "num_boost_round": 10.0}, "datetime": {"datetime": "2024-01-19 00:58:02", "elapsed": 2774.802113, "delta": 0.003589}}
{"target": -17.67712364716472, "params": {"gamma": 405.48786170328276, "log10_alpha": 0.5107844095764884, "log10_colsample_bytree": -0.672717414681624, "log10_eta": -3.62614654476099, "log10_lambda": -2.0957556135076034, "log10_min_child_weight": 3.3020404166942585, "log10_subsample": -0.21122924723007985, "max_depth": 7.0, "num_boost_round": 11.0}, "datetime": {"datetime": "2024-01-19 00:58:02", "elapsed": 2774.805714, "delta": 0.003601}}
{"target": -17.67711467497822, "params": {"gamma": 405.48786170328276, "log10_alpha": 0.5107844095764884, "log10_colsample_bytree": -0.672717414681624, "log10_eta": -3.62614654476099, "log10_lambda": -2.0957556135076034, "log10_min_child_weight": 3.3020404166942585, "log10_subsample": -0.21122924723007985, "max_depth": 7.0, "num_boost_round": 12.0}, "datetime": {"datetime": "2024-01-19 00:58:02", "elapsed": 2774.809172, "delta": 0.003458}}
{"target": -17.6771057418917, "params": {"gamma": 405.48786170328276, "log10_alpha": 0.5107844095764884, "log10_colsample_bytree": -0.672717414681624, "log10_eta": -3.62614654476099, "log10_lambda": -2.0957556135076034, "log10_min_child_weight": 3.3020404166942585, "log10_subsample": -0.21122924723007985, "max_depth": 7.0, "num_boost_round": 13.0}, "datetime": {"datetime": "2024-01-19 00:58:02", "elapsed": 2774.81265, "delta": 0.003478}}
{"target": -17.677099638707958, "params": {"gamma": 405.48786170328276, "log10_alpha": 0.5107844095764884, "log10_colsample_bytree": -0.672717414681624, "log10_eta": -3.62614654476099, "log10_lambda": -2.0957556135076034, "log10_min_child_weight": 3.3020404166942585, "log10_subsample": -0.21122924723007985, "max_depth": 7.0, "num_boost_round": 14.0}, "datetime": {"datetime": "2024-01-19 00:58:02", "elapsed": 2774.816117, "delta": 0.003467}}
{"target": -17.677093522042615, "params": {"gamma": 405.48786170328276, "log10_alpha": 0.5107844095764884, "log10_colsample_bytree": -0.672717414681624, "log10_eta": -3.62614654476099, "log10_lambda": -2.0957556135076034, "log10_min_child_weight": 3.3020404166942585, "log10_subsample": -0.21122924723007985, "max_depth": 7.0, "num_boost_round": 15.0}, "datetime": {"datetime": "2024-01-19 00:58:02", "elapsed": 2774.81953, "delta": 0.003413}}
{"target": -17.67709303057378, "params": {"gamma": 405.48786170328276, "log10_alpha": 0.5107844095764884, "log10_colsample_bytree": -0.672717414681624, "log10_eta": -3.62614654476099, "log10_lambda": -2.0957556135076034, "log10_min_child_weight": 3.3020404166942585, "log10_subsample": -0.21122924723007985, "max_depth": 7.0, "num_boost_round": 16.0}, "datetime": {"datetime": "2024-01-19 00:58:02", "elapsed": 2774.823038, "delta": 0.003508}}
{"target": -17.677091052699122, "params": {"gamma": 405.48786170328276, "log10_alpha": 0.5107844095764884, "log10_colsample_bytree": -0.672717414681624, "log10_eta": -3.62614654476099, "log10_lambda": -2.0957556135076034, "log10_min_child_weight": 3.3020404166942585, "log10_subsample": -0.21122924723007985, "max_depth": 7.0, "num_boost_round": 17.0}, "datetime": {"datetime": "2024-01-19 00:58:02", "elapsed": 2774.826468, "delta": 0.00343}}
{"target": -17.67708513726437, "params": {"gamma": 405.48786170328276, "log10_alpha": 0.5107844095764884, "log10_colsample_bytree": -0.672717414681624, "log10_eta": -3.62614654476099, "log10_lambda": -2.0957556135076034, "log10_min_child_weight": 3.3020404166942585, "log10_subsample": -0.21122924723007985, "max_depth": 7.0, "num_boost_round": 18.0}, "datetime": {"datetime": "2024-01-19 00:58:02", "elapsed": 2774.830028, "delta": 0.00356}}
{"target": -17.67707552942399, "params": {"gamma": 405.48786170328276, "log10_alpha": 0.5107844095764884, "log10_colsample_bytree": -0.672717414681624, "log10_eta": -3.62614654476099, "log10_lambda": -2.0957556135076034, "log10_min_child_weight": 3.3020404166942585, "log10_subsample": -0.21122924723007985, "max_depth": 7.0, "num_boost_round": 19.0}, "datetime": {"datetime": "2024-01-19 00:58:02", "elapsed": 2774.833507, "delta": 0.003479}}
{"target": -17.67706774565363, "params": {"gamma": 405.48786170328276, "log10_alpha": 0.5107844095764884, "log10_colsample_bytree": -0.672717414681624, "log10_eta": -3.62614654476099, "log10_lambda": -2.0957556135076034, "log10_min_child_weight": 3.3020404166942585, "log10_subsample": -0.21122924723007985, "max_depth": 7.0, "num_boost_round": 20.0}, "datetime": {"datetime": "2024-01-19 00:58:02", "elapsed": 2774.836978, "delta": 0.003471}}
{"target": -17.677051831854623, "params": {"gamma": 405.48786170328276, "log10_alpha": 0.5107844095764884, "log10_colsample_bytree": -0.672717414681624, "log10_eta": -3.62614654476099, "log10_lambda": -2.0957556135076034, "log10_min_child_weight": 3.3020404166942585, "log10_subsample": -0.21122924723007985, "max_depth": 7.0, "num_boost_round": 21.0}, "datetime": {"datetime": "2024-01-19 00:58:02", "elapsed": 2774.840431, "delta": 0.003453}}
{"target": -17.67703734516434, "params": {"gamma": 405.48786170328276, "log10_alpha": 0.5107844095764884, "log10_colsample_bytree": -0.672717414681624, "log10_eta": -3.62614654476099, "log10_lambda": -2.0957556135076034, "log10_min_child_weight": 3.3020404166942585, "log10_subsample": -0.21122924723007985, "max_depth": 7.0, "num_boost_round": 22.0}, "datetime": {"datetime": "2024-01-19 00:58:02", "elapsed": 2774.843933, "delta": 0.003502}}
{"target": -17.677031875074423, "params": {"gamma": 405.48786170328276, "log10_alpha": 0.5107844095764884, "log10_colsample_bytree": -0.672717414681624, "log10_eta": -3.62614654476099, "log10_lambda": -2.0957556135076034, "log10_min_child_weight": 3.3020404166942585, "log10_subsample": -0.21122924723007985, "max_depth": 7.0, "num_boost_round": 23.0}, "datetime": {"datetime": "2024-01-19 00:58:02", "elapsed": 2774.847421, "delta": 0.003488}}
{"target": -17.67702827607155, "params": {"gamma": 405.48786170328276, "log10_alpha": 0.5107844095764884, "log10_colsample_bytree": -0.672717414681624, "log10_eta": -3.62614654476099, "log10_lambda": -2.0957556135076034, "log10_min_child_weight": 3.3020404166942585, "log10_subsample": -0.21122924723007985, "max_depth": 7.0, "num_boost_round": 24.0}, "datetime": {"datetime": "2024-01-19 00:58:02", "elapsed": 2774.851026, "delta": 0.003605}}
{"target": -17.677007993664503, "params": {"gamma": 405.48786170328276, "log10_alpha": 0.5107844095764884, "log10_colsample_bytree": -0.672717414681624, "log10_eta": -3.62614654476099, "log10_lambda": -2.0957556135076034, "log10_min_child_weight": 3.3020404166942585, "log10_subsample": -0.21122924723007985, "max_depth": 7.0, "num_boost_round": 25.0}, "datetime": {"datetime": "2024-01-19 00:58:02", "elapsed": 2774.854579, "delta": 0.003553}}
{"target": -17.67700785371629, "params": {"gamma": 405.48786170328276, "log10_alpha": 0.5107844095764884, "log10_colsample_bytree": -0.672717414681624, "log10_eta": -3.62614654476099, "log10_lambda": -2.0957556135076034, "log10_min_child_weight": 3.3020404166942585, "log10_subsample": -0.21122924723007985, "max_depth": 7.0, "num_boost_round": 26.0}, "datetime": {"datetime": "2024-01-19 00:58:02", "elapsed": 2774.857952, "delta": 0.003373}}
{"target": -17.67700549618805, "params": {"gamma": 405.48786170328276, "log10_alpha": 0.5107844095764884, "log10_colsample_bytree": -0.672717414681624, "log10_eta": -3.62614654476099, "log10_lambda": -2.0957556135076034, "log10_min_child_weight": 3.3020404166942585, "log10_subsample": -0.21122924723007985, "max_depth": 7.0, "num_boost_round": 27.0}, "datetime": {"datetime": "2024-01-19 00:58:02", "elapsed": 2774.861404, "delta": 0.003452}}
{"target": -17.676997446461513, "params": {"gamma": 405.48786170328276, "log10_alpha": 0.5107844095764884, "log10_colsample_bytree": -0.672717414681624, "log10_eta": -3.62614654476099, "log10_lambda": -2.0957556135076034, "log10_min_child_weight": 3.3020404166942585, "log10_subsample": -0.21122924723007985, "max_depth": 7.0, "num_boost_round": 28.0}, "datetime": {"datetime": "2024-01-19 00:58:02", "elapsed": 2774.864859, "delta": 0.003455}}
{"target": -17.676985319880938, "params": {"gamma": 405.48786170328276, "log10_alpha": 0.5107844095764884, "log10_colsample_bytree": -0.672717414681624, "log10_eta": -3.62614654476099, "log10_lambda": -2.0957556135076034, "log10_min_child_weight": 3.3020404166942585, "log10_subsample": -0.21122924723007985, "max_depth": 7.0, "num_boost_round": 29.0}, "datetime": {"datetime": "2024-01-19 00:58:02", "elapsed": 2774.868328, "delta": 0.003469}}
{"target": -17.67722226910746, "params": {"gamma": 410.44248372096047, "log10_alpha": -0.4680863047835988, "log10_colsample_bytree": -0.9789564541100241, "log10_eta": -3.057976896722465, "log10_lambda": -0.7001612897842708, "log10_min_child_weight": 4.261905162153407, "log10_subsample": -0.8026509470071995, "max_depth": 8.0, "num_boost_round": 0.0}, "datetime": {"datetime": "2024-01-19 00:59:02", "elapsed": 2834.708074, "delta": 59.839746}}
{"target": -17.67721204777448, "params": {"gamma": 410.44248372096047, "log10_alpha": -0.4680863047835988, "log10_colsample_bytree": -0.9789564541100241, "log10_eta": -3.057976896722465, "log10_lambda": -0.7001612897842708, "log10_min_child_weight": 4.261905162153407, "log10_subsample": -0.8026509470071995, "max_depth": 8.0, "num_boost_round": 1.0}, "datetime": {"datetime": "2024-01-19 00:59:02", "elapsed": 2834.712655, "delta": 0.004581}}
{"target": -17.67721650474742, "params": {"gamma": 410.44248372096047, "log10_alpha": -0.4680863047835988, "log10_colsample_bytree": -0.9789564541100241, "log10_eta": -3.057976896722465, "log10_lambda": -0.7001612897842708, "log10_min_child_weight": 4.261905162153407, "log10_subsample": -0.8026509470071995, "max_depth": 8.0, "num_boost_round": 2.0}, "datetime": {"datetime": "2024-01-19 00:59:02", "elapsed": 2834.716213, "delta": 0.003558}}
{"target": -17.677211879668555, "params": {"gamma": 410.44248372096047, "log10_alpha": -0.4680863047835988, "log10_colsample_bytree": -0.9789564541100241, "log10_eta": -3.057976896722465, "log10_lambda": -0.7001612897842708, "log10_min_child_weight": 4.261905162153407, "log10_subsample": -0.8026509470071995, "max_depth": 8.0, "num_boost_round": 3.0}, "datetime": {"datetime": "2024-01-19 00:59:02", "elapsed": 2834.719718, "delta": 0.003505}}
{"target": -17.67720395235126, "params": {"gamma": 410.44248372096047, "log10_alpha": -0.4680863047835988, "log10_colsample_bytree": -0.9789564541100241, "log10_eta": -3.057976896722465, "log10_lambda": -0.7001612897842708, "log10_min_child_weight": 4.261905162153407, "log10_subsample": -0.8026509470071995, "max_depth": 8.0, "num_boost_round": 4.0}, "datetime": {"datetime": "2024-01-19 00:59:02", "elapsed": 2834.723371, "delta": 0.003653}}
{"target": -17.6771982679855, "params": {"gamma": 410.44248372096047, "log10_alpha": -0.4680863047835988, "log10_colsample_bytree": -0.9789564541100241, "log10_eta": -3.057976896722465, "log10_lambda": -0.7001612897842708, "log10_min_child_weight": 4.261905162153407, "log10_subsample": -0.8026509470071995, "max_depth": 8.0, "num_boost_round": 5.0}, "datetime": {"datetime": "2024-01-19 00:59:02", "elapsed": 2834.727, "delta": 0.003629}}
