{"target": -17.67722534672006, "params": {"gamma": 438.0931662646217, "log10_alpha": -4.519104887165063, "log10_colsample_bytree": -0.3179558652155552, "log10_eta": -3.985660584364058, "log10_lambda": -0.9989823783941603, "log10_min_child_weight": 1.8136395860558163, "log10_subsample": -0.905702123768316, "max_depth": 9.0, "num_boost_round": 1.0}, "datetime": {"datetime": "2024-01-19 00:15:43", "elapsed": 235.673303, "delta": 0.001241}}
{"target": -17.67722073120594, "params": {"gamma": 438.0931662646217, "log10_alpha": -4.519104887165063, "log10_colsample_bytree": -0.3179558652155552, "log10_eta": -3.985660584364058, "log10_lambda": -0.9989823783941603, "log10_min_child_weight": 1.8136395860558163, "log10_subsample": -0.905702123768316, "max_depth": 9.0, "num_boost_round": 2.0}, "datetime": {"datetime": "2024-01-19 00:15:43", "elapsed": 235.674182, "delta": 0.000879}}
{"target": -17.677220008797867, "params": {"gamma": 438.0931662646217, "log10_alpha": -4.519104887165063, "log10_colsample_bytree": -0.3179558652155552, "log10_eta": -3.985660584364058, "log10_lambda": -0.9989823783941603, "log10_min_child_weight": 1.8136395860558163, "log10_subsample": -0.905702123768316, "max_depth": 9.0, "num_boost_round": 3.0}, "datetime": {"datetime": "2024-01-19 00:15:43", "elapsed": 235.675148, "delta": 0.000966}}
{"target": -17.677218354073652, "params": {"gamma": 438.0931662646217, "log10_alpha": -4.519104887165063, "log10_colsample_bytree": -0.3179558652155552, "log10_eta": -3.985660584364058, "log10_lambda": -0.9989823783941603, "log10_min_child_weight": 1.8136395860558163, "log10_subsample": -0.905702123768316, "max_depth": 9.0, "num_boost_round": 4.0}, "datetime": {"datetime": "2024-01-19 00:15:43", "elapsed": 235.675853, "delta": 0.000705}}
{"target": -17.677209558947006, "params": {"gamma": 438.0931662646217, "log10_alpha": -4.519104887165063, "log10_colsample_bytree": -0.3179558652155552, "log10_eta": -3.985660584364058, "log10_lambda": -0.9989823783941603, "log10_min_child_weight": 1.8136395860558163, "log10_subsample": -0.905702123768316, "max_depth": 9.0, "num_boost_round": 5.0}, "datetime": {"datetime": "2024-01-19 00:15:43", "elapsed": 235.676559, "delta": 0.000706}}
{"target": -17.67720853760905, "params": {"gamma": 438.0931662646217, "log10_alpha": -4.519104887165063, "log10_colsample_bytree": -0.3179558652155552, "log10_eta": -3.985660584364058, "log10_lambda": -0.9989823783941603, "log10_min_child_weight": 1.8136395860558163, "log10_subsample": -0.905702123768316, "max_depth": 9.0, "num_boost_round": 6.0}, "datetime": {"datetime": "2024-01-19 00:15:43", "elapsed": 235.677263, "delta": 0.000704}}
{"target": -17.67720144265, "params": {"gamma": 438.0931662646217, "log10_alpha": -4.519104887165063, "log10_colsample_bytree": -0.3179558652155552, "log10_eta": -3.985660584364058, "log10_lambda": -0.9989823783941603, "log10_min_child_weight": 1.8136395860558163, "log10_subsample": -0.905702123768316, "max_depth": 9.0, "num_boost_round": 7.0}, "datetime": {"datetime": "2024-01-19 00:15:43", "elapsed": 235.677963, "delta": 0.0007}}
{"target": -17.6771914318179, "params": {"gamma": 438.0931662646217, "log10_alpha": -4.519104887165063, "log10_colsample_bytree": -0.3179558652155552, "log10_eta": -3.985660584364058, "log10_lambda": -0.9989823783941603, "log10_min_child_weight": 1.8136395860558163, "log10_subsample": -0.905702123768316, "max_depth": 9.0, "num_boost_round": 8.0}, "datetime": {"datetime": "2024-01-19 00:15:43", "elapsed": 235.67868, "delta": 0.000717}}
{"target": -17.677181094577556, "params": {"gamma": 438.0931662646217, "log10_alpha": -4.519104887165063, "log10_colsample_bytree": -0.3179558652155552, "log10_eta": -3.985660584364058, "log10_lambda": -0.9989823783941603, "log10_min_child_weight": 1.8136395860558163, "log10_subsample": -0.905702123768316, "max_depth": 9.0, "num_boost_round": 9.0}, "datetime": {"datetime": "2024-01-19 00:15:43", "elapsed": 235.679387, "delta": 0.000707}}
{"target": -17.67718315895063, "params": {"gamma": 438.0931662646217, "log10_alpha": -4.519104887165063, "log10_colsample_bytree": -0.3179558652155552, "log10_eta": -3.985660584364058, "log10_lambda": -0.9989823783941603, "log10_min_child_weight": 1.8136395860558163, "log10_subsample": -0.905702123768316, "max_depth": 9.0, "num_boost_round": 10.0}, "datetime": {"datetime": "2024-01-19 00:15:43", "elapsed": 235.680274, "delta": 0.000887}}
{"target": -17.677173026249026, "params": {"gamma": 438.0931662646217, "log10_alpha": -4.519104887165063, "log10_colsample_bytree": -0.3179558652155552, "log10_eta": -3.985660584364058, "log10_lambda": -0.9989823783941603, "log10_min_child_weight": 1.8136395860558163, "log10_subsample": -0.905702123768316, "max_depth": 9.0, "num_boost_round": 11.0}, "datetime": {"datetime": "2024-01-19 00:15:43", "elapsed": 235.680957, "delta": 0.000683}}
{"target": -17.6771686825183, "params": {"gamma": 438.0931662646217, "log10_alpha": -4.519104887165063, "log10_colsample_bytree": -0.3179558652155552, "log10_eta": -3.985660584364058, "log10_lambda": -0.9989823783941603, "log10_min_child_weight": 1.8136395860558163, "log10_subsample": -0.905702123768316, "max_depth": 9.0, "num_boost_round": 12.0}, "datetime": {"datetime": "2024-01-19 00:15:43", "elapsed": 235.681662, "delta": 0.000705}}
{"target": -17.677168832285187, "params": {"gamma": 438.0931662646217, "log10_alpha": -4.519104887165063, "log10_colsample_bytree": -0.3179558652155552, "log10_eta": -3.985660584364058, "log10_lambda": -0.9989823783941603, "log10_min_child_weight": 1.8136395860558163, "log10_subsample": -0.905702123768316, "max_depth": 9.0, "num_boost_round": 13.0}, "datetime": {"datetime": "2024-01-19 00:15:43", "elapsed": 235.682371, "delta": 0.000709}}
{"target": -17.677158098243172, "params": {"gamma": 438.0931662646217, "log10_alpha": -4.519104887165063, "log10_colsample_bytree": -0.3179558652155552, "log10_eta": -3.985660584364058, "log10_lambda": -0.9989823783941603, "log10_min_child_weight": 1.8136395860558163, "log10_subsample": -0.905702123768316, "max_depth": 9.0, "num_boost_round": 14.0}, "datetime": {"datetime": "2024-01-19 00:15:43", "elapsed": 235.683069, "delta": 0.000698}}
{"target": -17.67715185360988, "params": {"gamma": 438.0931662646217, "log10_alpha": -4.519104887165063, "log10_colsample_bytree": -0.3179558652155552, "log10_eta": -3.985660584364058, "log10_lambda": -0.9989823783941603, "log10_min_child_weight": 1.8136395860558163, "log10_subsample": -0.905702123768316, "max_depth": 9.0, "num_boost_round": 15.0}, "datetime": {"datetime": "2024-01-19 00:15:43", "elapsed": 235.683784, "delta": 0.000715}}
{"target": -17.677149114940445, "params": {"gamma": 438.0931662646217, "log10_alpha": -4.519104887165063, "log10_colsample_bytree": -0.3179558652155552, "log10_eta": -3.985660584364058, "log10_lambda": -0.9989823783941603, "log10_min_child_weight": 1.8136395860558163, "log10_subsample": -0.905702123768316, "max_depth": 9.0, "num_boost_round": 16.0}, "datetime": {"datetime": "2024-01-19 00:15:43", "elapsed": 235.68484, "delta": 0.001056}}
{"target": -17.677146925424488, "params": {"gamma": 438.0931662646217, "log10_alpha": -4.519104887165063, "log10_colsample_bytree": -0.3179558652155552, "log10_eta": -3.985660584364058, "log10_lambda": -0.9989823783941603, "log10_min_child_weight": 1.8136395860558163, "log10_subsample": -0.905702123768316, "max_depth": 9.0, "num_boost_round": 17.0}, "datetime": {"datetime": "2024-01-19 00:15:43", "elapsed": 235.685566, "delta": 0.000726}}
{"target": -17.677144472825294, "params": {"gamma": 438.0931662646217, "log10_alpha": -4.519104887165063, "log10_colsample_bytree": -0.3179558652155552, "log10_eta": -3.985660584364058, "log10_lambda": -0.9989823783941603, "log10_min_child_weight": 1.8136395860558163, "log10_subsample": -0.905702123768316, "max_depth": 9.0, "num_boost_round": 18.0}, "datetime": {"datetime": "2024-01-19 00:15:43", "elapsed": 235.686283, "delta": 0.000717}}
{"target": -17.677140929112912, "params": {"gamma": 438.0931662646217, "log10_alpha": -4.519104887165063, "log10_colsample_bytree": -0.3179558652155552, "log10_eta": -3.985660584364058, "log10_lambda": -0.9989823783941603, "log10_min_child_weight": 1.8136395860558163, "log10_subsample": -0.905702123768316, "max_depth": 9.0, "num_boost_round": 19.0}, "datetime": {"datetime": "2024-01-19 00:15:43", "elapsed": 235.687053, "delta": 0.00077}}
{"target": -17.677135985762444, "params": {"gamma": 438.0931662646217, "log10_alpha": -4.519104887165063, "log10_colsample_bytree": -0.3179558652155552, "log10_eta": -3.985660584364058, "log10_lambda": -0.9989823783941603, "log10_min_child_weight": 1.8136395860558163, "log10_subsample": -0.905702123768316, "max_depth": 9.0, "num_boost_round": 20.0}, "datetime": {"datetime": "2024-01-19 00:15:43", "elapsed": 235.687764, "delta": 0.000711}}
{"target": -17.67713517485058, "params": {"gamma": 438.0931662646217, "log10_alpha": -4.519104887165063, "log10_colsample_bytree": -0.3179558652155552, "log10_eta": -3.985660584364058, "log10_lambda": -0.9989823783941603, "log10_min_child_weight": 1.8136395860558163, "log10_subsample": -0.905702123768316, "max_depth": 9.0, "num_boost_round": 21.0}, "datetime": {"datetime": "2024-01-19 00:15:43", "elapsed": 235.688486, "delta": 0.000722}}
{"target": -17.6771267516215, "params": {"gamma": 438.0931662646217, "log10_alpha": -4.519104887165063, "log10_colsample_bytree": -0.3179558652155552, "log10_eta": -3.985660584364058, "log10_lambda": -0.9989823783941603, "log10_min_child_weight": 1.8136395860558163, "log10_subsample": -0.905702123768316, "max_depth": 9.0, "num_boost_round": 22.0}, "datetime": {"datetime": "2024-01-19 00:15:43", "elapsed": 235.689206, "delta": 0.00072}}
{"target": -17.67712011228136, "params": {"gamma": 438.0931662646217, "log10_alpha": -4.519104887165063, "log10_colsample_bytree": -0.3179558652155552, "log10_eta": -3.985660584364058, "log10_lambda": -0.9989823783941603, "log10_min_child_weight": 1.8136395860558163, "log10_subsample": -0.905702123768316, "max_depth": 9.0, "num_boost_round": 23.0}, "datetime": {"datetime": "2024-01-19 00:15:43", "elapsed": 235.689906, "delta": 0.0007}}
{"target": -17.677114743144653, "params": {"gamma": 438.0931662646217, "log10_alpha": -4.519104887165063, "log10_colsample_bytree": -0.3179558652155552, "log10_eta": -3.985660584364058, "log10_lambda": -0.9989823783941603, "log10_min_child_weight": 1.8136395860558163, "log10_subsample": -0.905702123768316, "max_depth": 9.0, "num_boost_round": 24.0}, "datetime": {"datetime": "2024-01-19 00:15:43", "elapsed": 235.690697, "delta": 0.000791}}
{"target": -17.677110761006464, "params": {"gamma": 438.0931662646217, "log10_alpha": -4.519104887165063, "log10_colsample_bytree": -0.3179558652155552, "log10_eta": -3.985660584364058, "log10_lambda": -0.9989823783941603, "log10_min_child_weight": 1.8136395860558163, "log10_subsample": -0.905702123768316, "max_depth": 9.0, "num_boost_round": 25.0}, "datetime": {"datetime": "2024-01-19 00:15:43", "elapsed": 235.691419, "delta": 0.000722}}
{"target": -17.677110343452767, "params": {"gamma": 438.0931662646217, "log10_alpha": -4.519104887165063, "log10_colsample_bytree": -0.3179558652155552, "log10_eta": -3.985660584364058, "log10_lambda": -0.9989823783941603, "log10_min_child_weight": 1.8136395860558163, "log10_subsample": -0.905702123768316, "max_depth": 9.0, "num_boost_round": 26.0}, "datetime": {"datetime": "2024-01-19 00:15:43", "elapsed": 235.692137, "delta": 0.000718}}
{"target": -17.67710856210695, "params": {"gamma": 438.0931662646217, "log10_alpha": -4.519104887165063, "log10_colsample_bytree": -0.3179558652155552, "log10_eta": -3.985660584364058, "log10_lambda": -0.9989823783941603, "log10_min_child_weight": 1.8136395860558163, "log10_subsample": -0.905702123768316, "max_depth": 9.0, "num_boost_round": 27.0}, "datetime": {"datetime": "2024-01-19 00:15:43", "elapsed": 235.692856, "delta": 0.000719}}
{"target": -17.6771072870552, "params": {"gamma": 438.0931662646217, "log10_alpha": -4.519104887165063, "log10_colsample_bytree": -0.3179558652155552, "log10_eta": -3.985660584364058, "log10_lambda": -0.9989823783941603, "log10_min_child_weight": 1.8136395860558163, "log10_subsample": -0.905702123768316, "max_depth": 9.0, "num_boost_round": 28.0}, "datetime": {"datetime": "2024-01-19 00:15:43", "elapsed": 235.69358, "delta": 0.000724}}
{"target": -17.67710402724232, "params": {"gamma": 438.0931662646217, "log10_alpha": -4.519104887165063, "log10_colsample_bytree": -0.3179558652155552, "log10_eta": -3.985660584364058, "log10_lambda": -0.9989823783941603, "log10_min_child_weight": 1.8136395860558163, "log10_subsample": -0.905702123768316, "max_depth": 9.0, "num_boost_round": 29.0}, "datetime": {"datetime": "2024-01-19 00:15:43", "elapsed": 235.694314, "delta": 0.000734}}
{"target": -17.677107551232556, "params": {"gamma": 438.0931662646217, "log10_alpha": -4.519104887165063, "log10_colsample_bytree": -0.3179558652155552, "log10_eta": -3.985660584364058, "log10_lambda": -0.9989823783941603, "log10_min_child_weight": 1.8136395860558163, "log10_subsample": -0.905702123768316, "max_depth": 9.0, "num_boost_round": 30.0}, "datetime": {"datetime": "2024-01-19 00:15:43", "elapsed": 235.69503, "delta": 0.000716}}
{"target": -17.67710064854547, "params": {"gamma": 438.0931662646217, "log10_alpha": -4.519104887165063, "log10_colsample_bytree": -0.3179558652155552, "log10_eta": -3.985660584364058, "log10_lambda": -0.9989823783941603, "log10_min_child_weight": 1.8136395860558163, "log10_subsample": -0.905702123768316, "max_depth": 9.0, "num_boost_round": 31.0}, "datetime": {"datetime": "2024-01-19 00:15:43", "elapsed": 235.695756, "delta": 0.000726}}
{"target": -17.677096727278638, "params": {"gamma": 438.0931662646217, "log10_alpha": -4.519104887165063, "log10_colsample_bytree": -0.3179558652155552, "log10_eta": -3.985660584364058, "log10_lambda": -0.9989823783941603, "log10_min_child_weight": 1.8136395860558163, "log10_subsample": -0.905702123768316, "max_depth": 9.0, "num_boost_round": 32.0}, "datetime": {"datetime": "2024-01-19 00:15:43", "elapsed": 235.696481, "delta": 0.000725}}
{"target": -17.677090787606147, "params": {"gamma": 438.0931662646217, "log10_alpha": -4.519104887165063, "log10_colsample_bytree": -0.3179558652155552, "log10_eta": -3.985660584364058, "log10_lambda": -0.9989823783941603, "log10_min_child_weight": 1.8136395860558163, "log10_subsample": -0.905702123768316, "max_depth": 9.0, "num_boost_round": 33.0}, "datetime": {"datetime": "2024-01-19 00:15:43", "elapsed": 235.697251, "delta": 0.00077}}
{"target": -17.677079121744192, "params": {"gamma": 438.0931662646217, "log10_alpha": -4.519104887165063, "log10_colsample_bytree": -0.3179558652155552, "log10_eta": -3.985660584364058, "log10_lambda": -0.9989823783941603, "log10_min_child_weight": 1.8136395860558163, "log10_subsample": -0.905702123768316, "max_depth": 9.0, "num_boost_round": 34.0}, "datetime": {"datetime": "2024-01-19 00:15:43", "elapsed": 235.697962, "delta": 0.000711}}
{"target": -17.67706932416366, "params": {"gamma": 438.0931662646217, "log10_alpha": -4.519104887165063, "log10_colsample_bytree": -0.3179558652155552, "log10_eta": -3.985660584364058, "log10_lambda": -0.9989823783941603, "log10_min_child_weight": 1.8136395860558163, "log10_subsample": -0.905702123768316, "max_depth": 9.0, "num_boost_round": 35.0}, "datetime": {"datetime": "2024-01-19 00:15:43", "elapsed": 235.698717, "delta": 0.000755}}
{"target": -17.677066883604528, "params": {"gamma": 438.0931662646217, "log10_alpha": -4.519104887165063, "log10_colsample_bytree": -0.3179558652155552, "log10_eta": -3.985660584364058, "log10_lambda": -0.9989823783941603, "log10_min_child_weight": 1.8136395860558163, "log10_subsample": -0.905702123768316, "max_depth": 9.0, "num_boost_round": 36.0}, "datetime": {"datetime": "2024-01-19 00:15:43", "elapsed": 235.699439, "delta": 0.000722}}
{"target": -17.67706017158158, "params": {"gamma": 438.0931662646217, "log10_alpha": -4.519104887165063, "log10_colsample_bytree": -0.3179558652155552, "log10_eta": -3.985660584364058, "log10_lambda": -0.9989823783941603, "log10_min_child_weight": 1.8136395860558163, "log10_subsample": -0.905702123768316, "max_depth": 9.0, "num_boost_round": 37.0}, "datetime": {"datetime": "2024-01-19 00:15:43", "elapsed": 235.700172, "delta": 0.000733}}
{"target": -17.67705779916727, "params": {"gamma": 438.0931662646217, "log10_alpha": -4.519104887165063, "log10_colsample_bytree": -0.3179558652155552, "log10_eta": -3.985660584364058, "log10_lambda": -0.9989823783941603, "log10_min_child_weight": 1.8136395860558163, "log10_subsample": -0.905702123768316, "max_depth": 9.0, "num_boost_round": 38.0}, "datetime": {"datetime": "2024-01-19 00:15:43", "elapsed": 235.701073, "delta": 0.000901}}
{"target": -17.67705168124236, "params": {"gamma": 438.0931662646217, "log10_alpha": -4.519104887165063, "log10_colsample_bytree": -0.3179558652155552, "log10_eta": -3.985660584364058, "log10_lambda": -0.9989823783941603, "log10_min_child_weight": 1.8136395860558163, "log10_subsample": -0.905702123768316, "max_depth": 9.0, "num_boost_round": 39.0}, "datetime": {"datetime": "2024-01-19 00:15:43", "elapsed": 235.701967, "delta": 0.000894}}
{"target": -17.677043114940027, "params": {"gamma": 438.0931662646217, "log10_alpha": -4.519104887165063, "log10_colsample_bytree": -0.3179558652155552, "log10_eta": -3.985660584364058, "log10_lambda": -0.9989823783941603, "log10_min_child_weight": 1.8136395860558163, "log10_subsample": -0.905702123768316, "max_depth": 9.0, "num_boost_round": 40.0}, "datetime": {"datetime": "2024-01-19 00:15:43", "elapsed": 235.702759, "delta": 0.000792}}
{"target": -17.67703604569245, "params": {"gamma": 438.0931662646217, "log10_alpha": -4.519104887165063, "log10_colsample_bytree": -0.3179558652155552, "log10_eta": -3.985660584364058, "log10_lambda": -0.9989823783941603, "log10_min_child_weight": 1.8136395860558163, "log10_subsample": -0.905702123768316, "max_depth": 9.0, "num_boost_round": 41.0}, "datetime": {"datetime": "2024-01-19 00:15:43", "elapsed": 235.7035, "delta": 0.000741}}
{"target": -17.69063553683406, "params": {"gamma": 431.2519528294047, "log10_alpha": -3.461989008395409, "log10_colsample_bytree": -0.13562865073233354, "log10_eta": -0.23900009489350094, "log10_lambda": 0.672137772420041, "log10_min_child_weight": 4.6712230375133075, "log10_subsample": -0.18463062545338682, "max_depth": 9.0, "num_boost_round": 0.0}, "datetime": {"datetime": "2024-01-19 00:16:16", "elapsed": 268.933406, "delta": 33.229906}}
{"target": -17.707940961034144, "params": {"gamma": 431.2519528294047, "log10_alpha": -3.461989008395409, "log10_colsample_bytree": -0.13562865073233354, "log10_eta": -0.23900009489350094, "log10_lambda": 0.672137772420041, "log10_min_child_weight": 4.6712230375133075, "log10_subsample": -0.18463062545338682, "max_depth": 9.0, "num_boost_round": 1.0}, "datetime": {"datetime": "2024-01-19 00:16:16", "elapsed": 268.934718, "delta": 0.001312}}
{"target": -17.717680446805744, "params": {"gamma": 431.2519528294047, "log10_alpha": -3.461989008395409, "log10_colsample_bytree": -0.13562865073233354, "log10_eta": -0.23900009489350094, "log10_lambda": 0.672137772420041, "log10_min_child_weight": 4.6712230375133075, "log10_subsample": -0.18463062545338682, "max_depth": 9.0, "num_boost_round": 2.0}, "datetime": {"datetime": "2024-01-19 00:16:16", "elapsed": 268.935506, "delta": 0.000788}}
{"target": -17.726442486421032, "params": {"gamma": 431.2519528294047, "log10_alpha": -3.461989008395409, "log10_colsample_bytree": -0.13562865073233354, "log10_eta": -0.23900009489350094, "log10_lambda": 0.672137772420041, "log10_min_child_weight": 4.6712230375133075, "log10_subsample": -0.18463062545338682, "max_depth": 9.0, "num_boost_round": 3.0}, "datetime": {"datetime": "2024-01-19 00:16:16", "elapsed": 268.936268, "delta": 0.000762}}
{"target": -17.727161275615924, "params": {"gamma": 431.2519528294047, "log10_alpha": -3.461989008395409, "log10_colsample_bytree": -0.13562865073233354, "log10_eta": -0.23900009489350094, "log10_lambda": 0.672137772420041, "log10_min_child_weight": 4.6712230375133075, "log10_subsample": -0.18463062545338682, "max_depth": 9.0, "num_boost_round": 4.0}, "datetime": {"datetime": "2024-01-19 00:16:16", "elapsed": 268.937653, "delta": 0.001385}}
{"target": -17.737670152459383, "params": {"gamma": 431.2519528294047, "log10_alpha": -3.461989008395409, "log10_colsample_bytree": -0.13562865073233354, "log10_eta": -0.23900009489350094, "log10_lambda": 0.672137772420041, "log10_min_child_weight": 4.6712230375133075, "log10_subsample": -0.18463062545338682, "max_depth": 9.0, "num_boost_round": 5.0}, "datetime": {"datetime": "2024-01-19 00:16:16", "elapsed": 268.938432, "delta": 0.000779}}
{"target": -17.7442829452338, "params": {"gamma": 431.2519528294047, "log10_alpha": -3.461989008395409, "log10_colsample_bytree": -0.13562865073233354, "log10_eta": -0.23900009489350094, "log10_lambda": 0.672137772420041, "log10_min_child_weight": 4.6712230375133075, "log10_subsample": -0.18463062545338682, "max_depth": 9.0, "num_boost_round": 6.0}, "datetime": {"datetime": "2024-01-19 00:16:16", "elapsed": 268.939199, "delta": 0.000767}}
{"target": -17.757673817038935, "params": {"gamma": 431.2519528294047, "log10_alpha": -3.461989008395409, "log10_colsample_bytree": -0.13562865073233354, "log10_eta": -0.23900009489350094, "log10_lambda": 0.672137772420041, "log10_min_child_weight": 4.6712230375133075, "log10_subsample": -0.18463062545338682, "max_depth": 9.0, "num_boost_round": 7.0}, "datetime": {"datetime": "2024-01-19 00:16:16", "elapsed": 268.939969, "delta": 0.00077}}
