{"target": -13.756734380856273, "params": {"gamma": 14.790229944791733, "log10_alpha": -4.313560277489104, "log10_colsample_bytree": -0.5997129762455535, "log10_eta": -2.401166180250359, "log10_lambda": -3.771078017287435, "log10_min_child_weight": 1.2098232901808874, "log10_subsample": -0.43284643130513867, "max_depth": 6.0, "num_boost_round": 16.0}, "datetime": {"datetime": "2024-01-19 02:39:16", "elapsed": 8864.704459, "delta": 0.1158}}
{"target": -13.756802395687961, "params": {"gamma": 14.790229944791733, "log10_alpha": -4.313560277489104, "log10_colsample_bytree": -0.5997129762455535, "log10_eta": -2.401166180250359, "log10_lambda": -3.771078017287435, "log10_min_child_weight": 1.2098232901808874, "log10_subsample": -0.43284643130513867, "max_depth": 6.0, "num_boost_round": 17.0}, "datetime": {"datetime": "2024-01-19 02:39:16", "elapsed": 8864.711721, "delta": 0.007262}}
{"target": -13.756750370921525, "params": {"gamma": 14.790229944791733, "log10_alpha": -4.313560277489104, "log10_colsample_bytree": -0.5997129762455535, "log10_eta": -2.401166180250359, "log10_lambda": -3.771078017287435, "log10_min_child_weight": 1.2098232901808874, "log10_subsample": -0.43284643130513867, "max_depth": 6.0, "num_boost_round": 18.0}, "datetime": {"datetime": "2024-01-19 02:39:16", "elapsed": 8864.718417, "delta": 0.006696}}
{"target": -13.756650627572297, "params": {"gamma": 14.790229944791733, "log10_alpha": -4.313560277489104, "log10_colsample_bytree": -0.5997129762455535, "log10_eta": -2.401166180250359, "log10_lambda": -3.771078017287435, "log10_min_child_weight": 1.2098232901808874, "log10_subsample": -0.43284643130513867, "max_depth": 6.0, "num_boost_round": 19.0}, "datetime": {"datetime": "2024-01-19 02:39:16", "elapsed": 8864.724937, "delta": 0.00652}}
{"target": -13.756412287568672, "params": {"gamma": 14.790229944791733, "log10_alpha": -4.313560277489104, "log10_colsample_bytree": -0.5997129762455535, "log10_eta": -2.401166180250359, "log10_lambda": -3.771078017287435, "log10_min_child_weight": 1.2098232901808874, "log10_subsample": -0.43284643130513867, "max_depth": 6.0, "num_boost_round": 20.0}, "datetime": {"datetime": "2024-01-19 02:39:16", "elapsed": 8864.731344, "delta": 0.006407}}
{"target": -13.756376839659582, "params": {"gamma": 14.790229944791733, "log10_alpha": -4.313560277489104, "log10_colsample_bytree": -0.5997129762455535, "log10_eta": -2.401166180250359, "log10_lambda": -3.771078017287435, "log10_min_child_weight": 1.2098232901808874, "log10_subsample": -0.43284643130513867, "max_depth": 6.0, "num_boost_round": 21.0}, "datetime": {"datetime": "2024-01-19 02:39:16", "elapsed": 8864.737823, "delta": 0.006479}}
{"target": -13.756391280217747, "params": {"gamma": 14.790229944791733, "log10_alpha": -4.313560277489104, "log10_colsample_bytree": -0.5997129762455535, "log10_eta": -2.401166180250359, "log10_lambda": -3.771078017287435, "log10_min_child_weight": 1.2098232901808874, "log10_subsample": -0.43284643130513867, "max_depth": 6.0, "num_boost_round": 22.0}, "datetime": {"datetime": "2024-01-19 02:39:16", "elapsed": 8864.744335, "delta": 0.006512}}
{"target": -13.756295583040627, "params": {"gamma": 14.790229944791733, "log10_alpha": -4.313560277489104, "log10_colsample_bytree": -0.5997129762455535, "log10_eta": -2.401166180250359, "log10_lambda": -3.771078017287435, "log10_min_child_weight": 1.2098232901808874, "log10_subsample": -0.43284643130513867, "max_depth": 6.0, "num_boost_round": 23.0}, "datetime": {"datetime": "2024-01-19 02:39:16", "elapsed": 8864.750874, "delta": 0.006539}}
{"target": -13.75628827593438, "params": {"gamma": 14.790229944791733, "log10_alpha": -4.313560277489104, "log10_colsample_bytree": -0.5997129762455535, "log10_eta": -2.401166180250359, "log10_lambda": -3.771078017287435, "log10_min_child_weight": 1.2098232901808874, "log10_subsample": -0.43284643130513867, "max_depth": 6.0, "num_boost_round": 24.0}, "datetime": {"datetime": "2024-01-19 02:39:16", "elapsed": 8864.757309, "delta": 0.006435}}
{"target": -13.756213861075794, "params": {"gamma": 14.790229944791733, "log10_alpha": -4.313560277489104, "log10_colsample_bytree": -0.5997129762455535, "log10_eta": -2.401166180250359, "log10_lambda": -3.771078017287435, "log10_min_child_weight": 1.2098232901808874, "log10_subsample": -0.43284643130513867, "max_depth": 6.0, "num_boost_round": 25.0}, "datetime": {"datetime": "2024-01-19 02:39:16", "elapsed": 8864.763793, "delta": 0.006484}}
{"target": -13.756093569120504, "params": {"gamma": 14.790229944791733, "log10_alpha": -4.313560277489104, "log10_colsample_bytree": -0.5997129762455535, "log10_eta": -2.401166180250359, "log10_lambda": -3.771078017287435, "log10_min_child_weight": 1.2098232901808874, "log10_subsample": -0.43284643130513867, "max_depth": 6.0, "num_boost_round": 26.0}, "datetime": {"datetime": "2024-01-19 02:39:16", "elapsed": 8864.770242, "delta": 0.006449}}
{"target": -13.75604464553283, "params": {"gamma": 14.790229944791733, "log10_alpha": -4.313560277489104, "log10_colsample_bytree": -0.5997129762455535, "log10_eta": -2.401166180250359, "log10_lambda": -3.771078017287435, "log10_min_child_weight": 1.2098232901808874, "log10_subsample": -0.43284643130513867, "max_depth": 6.0, "num_boost_round": 27.0}, "datetime": {"datetime": "2024-01-19 02:39:16", "elapsed": 8864.776695, "delta": 0.006453}}
{"target": -13.75600149620237, "params": {"gamma": 14.790229944791733, "log10_alpha": -4.313560277489104, "log10_colsample_bytree": -0.5997129762455535, "log10_eta": -2.401166180250359, "log10_lambda": -3.771078017287435, "log10_min_child_weight": 1.2098232901808874, "log10_subsample": -0.43284643130513867, "max_depth": 6.0, "num_boost_round": 28.0}, "datetime": {"datetime": "2024-01-19 02:39:16", "elapsed": 8864.783235, "delta": 0.00654}}
{"target": -13.755784375196924, "params": {"gamma": 14.790229944791733, "log10_alpha": -4.313560277489104, "log10_colsample_bytree": -0.5997129762455535, "log10_eta": -2.401166180250359, "log10_lambda": -3.771078017287435, "log10_min_child_weight": 1.2098232901808874, "log10_subsample": -0.43284643130513867, "max_depth": 6.0, "num_boost_round": 29.0}, "datetime": {"datetime": "2024-01-19 02:39:16", "elapsed": 8864.789836, "delta": 0.006601}}
{"target": -13.755830323172646, "params": {"gamma": 14.790229944791733, "log10_alpha": -4.313560277489104, "log10_colsample_bytree": -0.5997129762455535, "log10_eta": -2.401166180250359, "log10_lambda": -3.771078017287435, "log10_min_child_weight": 1.2098232901808874, "log10_subsample": -0.43284643130513867, "max_depth": 6.0, "num_boost_round": 30.0}, "datetime": {"datetime": "2024-01-19 02:39:16", "elapsed": 8864.796281, "delta": 0.006445}}
{"target": -13.755786963796883, "params": {"gamma": 14.790229944791733, "log10_alpha": -4.313560277489104, "log10_colsample_bytree": -0.5997129762455535, "log10_eta": -2.401166180250359, "log10_lambda": -3.771078017287435, "log10_min_child_weight": 1.2098232901808874, "log10_subsample": -0.43284643130513867, "max_depth": 6.0, "num_boost_round": 31.0}, "datetime": {"datetime": "2024-01-19 02:39:16", "elapsed": 8864.80267, "delta": 0.006389}}
{"target": -13.755819248612388, "params": {"gamma": 14.790229944791733, "log10_alpha": -4.313560277489104, "log10_colsample_bytree": -0.5997129762455535, "log10_eta": -2.401166180250359, "log10_lambda": -3.771078017287435, "log10_min_child_weight": 1.2098232901808874, "log10_subsample": -0.43284643130513867, "max_depth": 6.0, "num_boost_round": 32.0}, "datetime": {"datetime": "2024-01-19 02:39:16", "elapsed": 8864.809094, "delta": 0.006424}}
{"target": -13.755896571168385, "params": {"gamma": 14.790229944791733, "log10_alpha": -4.313560277489104, "log10_colsample_bytree": -0.5997129762455535, "log10_eta": -2.401166180250359, "log10_lambda": -3.771078017287435, "log10_min_child_weight": 1.2098232901808874, "log10_subsample": -0.43284643130513867, "max_depth": 6.0, "num_boost_round": 33.0}, "datetime": {"datetime": "2024-01-19 02:39:16", "elapsed": 8864.815597, "delta": 0.006503}}
{"target": -13.755825311447264, "params": {"gamma": 14.790229944791733, "log10_alpha": -4.313560277489104, "log10_colsample_bytree": -0.5997129762455535, "log10_eta": -2.401166180250359, "log10_lambda": -3.771078017287435, "log10_min_child_weight": 1.2098232901808874, "log10_subsample": -0.43284643130513867, "max_depth": 6.0, "num_boost_round": 34.0}, "datetime": {"datetime": "2024-01-19 02:39:16", "elapsed": 8864.822869, "delta": 0.007272}}
{"target": -13.758537999029, "params": {"gamma": 15.921047360335283, "log10_alpha": -4.288620717882255, "log10_colsample_bytree": -0.005737483357757256, "log10_eta": -3.3806829217051053, "log10_lambda": 0.9080981198706226, "log10_min_child_weight": 4.880527299560356, "log10_subsample": -0.939892796856114, "max_depth": 8.0, "num_boost_round": 0.0}, "datetime": {"datetime": "2024-01-19 02:40:56", "elapsed": 8964.748531, "delta": 99.925662}}
{"target": -13.758537842245902, "params": {"gamma": 15.921047360335283, "log10_alpha": -4.288620717882255, "log10_colsample_bytree": -0.005737483357757256, "log10_eta": -3.3806829217051053, "log10_lambda": 0.9080981198706226, "log10_min_child_weight": 4.880527299560356, "log10_subsample": -0.939892796856114, "max_depth": 8.0, "num_boost_round": 1.0}, "datetime": {"datetime": "2024-01-19 02:40:56", "elapsed": 8964.75569, "delta": 0.007159}}
{"target": -13.758537651203827, "params": {"gamma": 15.921047360335283, "log10_alpha": -4.288620717882255, "log10_colsample_bytree": -0.005737483357757256, "log10_eta": -3.3806829217051053, "log10_lambda": 0.9080981198706226, "log10_min_child_weight": 4.880527299560356, "log10_subsample": -0.939892796856114, "max_depth": 8.0, "num_boost_round": 2.0}, "datetime": {"datetime": "2024-01-19 02:40:56", "elapsed": 8964.762148, "delta": 0.006458}}
{"target": -13.758537485869828, "params": {"gamma": 15.921047360335283, "log10_alpha": -4.288620717882255, "log10_colsample_bytree": -0.005737483357757256, "log10_eta": -3.3806829217051053, "log10_lambda": 0.9080981198706226, "log10_min_child_weight": 4.880527299560356, "log10_subsample": -0.939892796856114, "max_depth": 8.0, "num_boost_round": 3.0}, "datetime": {"datetime": "2024-01-19 02:40:56", "elapsed": 8964.768666, "delta": 0.006518}}
{"target": -13.758537273104027, "params": {"gamma": 15.921047360335283, "log10_alpha": -4.288620717882255, "log10_colsample_bytree": -0.005737483357757256, "log10_eta": -3.3806829217051053, "log10_lambda": 0.9080981198706226, "log10_min_child_weight": 4.880527299560356, "log10_subsample": -0.939892796856114, "max_depth": 8.0, "num_boost_round": 4.0}, "datetime": {"datetime": "2024-01-19 02:40:56", "elapsed": 8964.775084, "delta": 0.006418}}
{"target": -13.758537062385615, "params": {"gamma": 15.921047360335283, "log10_alpha": -4.288620717882255, "log10_colsample_bytree": -0.005737483357757256, "log10_eta": -3.3806829217051053, "log10_lambda": 0.9080981198706226, "log10_min_child_weight": 4.880527299560356, "log10_subsample": -0.939892796856114, "max_depth": 8.0, "num_boost_round": 5.0}, "datetime": {"datetime": "2024-01-19 02:40:56", "elapsed": 8964.781482, "delta": 0.006398}}
{"target": -13.758536885582938, "params": {"gamma": 15.921047360335283, "log10_alpha": -4.288620717882255, "log10_colsample_bytree": -0.005737483357757256, "log10_eta": -3.3806829217051053, "log10_lambda": 0.9080981198706226, "log10_min_child_weight": 4.880527299560356, "log10_subsample": -0.939892796856114, "max_depth": 8.0, "num_boost_round": 6.0}, "datetime": {"datetime": "2024-01-19 02:40:56", "elapsed": 8964.788506, "delta": 0.007024}}
{"target": -13.758536682293023, "params": {"gamma": 15.921047360335283, "log10_alpha": -4.288620717882255, "log10_colsample_bytree": -0.005737483357757256, "log10_eta": -3.3806829217051053, "log10_lambda": 0.9080981198706226, "log10_min_child_weight": 4.880527299560356, "log10_subsample": -0.939892796856114, "max_depth": 8.0, "num_boost_round": 7.0}, "datetime": {"datetime": "2024-01-19 02:40:56", "elapsed": 8964.795156, "delta": 0.00665}}
{"target": -13.758536548415368, "params": {"gamma": 15.921047360335283, "log10_alpha": -4.288620717882255, "log10_colsample_bytree": -0.005737483357757256, "log10_eta": -3.3806829217051053, "log10_lambda": 0.9080981198706226, "log10_min_child_weight": 4.880527299560356, "log10_subsample": -0.939892796856114, "max_depth": 8.0, "num_boost_round": 8.0}, "datetime": {"datetime": "2024-01-19 02:40:56", "elapsed": 8964.802539, "delta": 0.007383}}
{"target": -13.75853633569563, "params": {"gamma": 15.921047360335283, "log10_alpha": -4.288620717882255, "log10_colsample_bytree": -0.005737483357757256, "log10_eta": -3.3806829217051053, "log10_lambda": 0.9080981198706226, "log10_min_child_weight": 4.880527299560356, "log10_subsample": -0.939892796856114, "max_depth": 8.0, "num_boost_round": 9.0}, "datetime": {"datetime": "2024-01-19 02:40:56", "elapsed": 8964.809014, "delta": 0.006475}}
{"target": -13.75853604562953, "params": {"gamma": 15.921047360335283, "log10_alpha": -4.288620717882255, "log10_colsample_bytree": -0.005737483357757256, "log10_eta": -3.3806829217051053, "log10_lambda": 0.9080981198706226, "log10_min_child_weight": 4.880527299560356, "log10_subsample": -0.939892796856114, "max_depth": 8.0, "num_boost_round": 10.0}, "datetime": {"datetime": "2024-01-19 02:40:56", "elapsed": 8964.815417, "delta": 0.006403}}
{"target": -13.758535864081013, "params": {"gamma": 15.921047360335283, "log10_alpha": -4.288620717882255, "log10_colsample_bytree": -0.005737483357757256, "log10_eta": -3.3806829217051053, "log10_lambda": 0.9080981198706226, "log10_min_child_weight": 4.880527299560356, "log10_subsample": -0.939892796856114, "max_depth": 8.0, "num_boost_round": 11.0}, "datetime": {"datetime": "2024-01-19 02:40:56", "elapsed": 8964.821825, "delta": 0.006408}}
{"target": -13.758535610930572, "params": {"gamma": 15.921047360335283, "log10_alpha": -4.288620717882255, "log10_colsample_bytree": -0.005737483357757256, "log10_eta": -3.3806829217051053, "log10_lambda": 0.9080981198706226, "log10_min_child_weight": 4.880527299560356, "log10_subsample": -0.939892796856114, "max_depth": 8.0, "num_boost_round": 12.0}, "datetime": {"datetime": "2024-01-19 02:40:56", "elapsed": 8964.82829, "delta": 0.006465}}
{"target": -13.758535449219272, "params": {"gamma": 15.921047360335283, "log10_alpha": -4.288620717882255, "log10_colsample_bytree": -0.005737483357757256, "log10_eta": -3.3806829217051053, "log10_lambda": 0.9080981198706226, "log10_min_child_weight": 4.880527299560356, "log10_subsample": -0.939892796856114, "max_depth": 8.0, "num_boost_round": 13.0}, "datetime": {"datetime": "2024-01-19 02:40:56", "elapsed": 8964.834757, "delta": 0.006467}}
{"target": -13.758535272865542, "params": {"gamma": 15.921047360335283, "log10_alpha": -4.288620717882255, "log10_colsample_bytree": -0.005737483357757256, "log10_eta": -3.3806829217051053, "log10_lambda": 0.9080981198706226, "log10_min_child_weight": 4.880527299560356, "log10_subsample": -0.939892796856114, "max_depth": 8.0, "num_boost_round": 14.0}, "datetime": {"datetime": "2024-01-19 02:40:56", "elapsed": 8964.841166, "delta": 0.006409}}
{"target": -13.758535104294761, "params": {"gamma": 15.921047360335283, "log10_alpha": -4.288620717882255, "log10_colsample_bytree": -0.005737483357757256, "log10_eta": -3.3806829217051053, "log10_lambda": 0.9080981198706226, "log10_min_child_weight": 4.880527299560356, "log10_subsample": -0.939892796856114, "max_depth": 8.0, "num_boost_round": 15.0}, "datetime": {"datetime": "2024-01-19 02:40:56", "elapsed": 8964.847635, "delta": 0.006469}}
{"target": -13.758534934638872, "params": {"gamma": 15.921047360335283, "log10_alpha": -4.288620717882255, "log10_colsample_bytree": -0.005737483357757256, "log10_eta": -3.3806829217051053, "log10_lambda": 0.9080981198706226, "log10_min_child_weight": 4.880527299560356, "log10_subsample": -0.939892796856114, "max_depth": 8.0, "num_boost_round": 16.0}, "datetime": {"datetime": "2024-01-19 02:40:56", "elapsed": 8964.853979, "delta": 0.006344}}
{"target": -13.7585347529211, "params": {"gamma": 15.921047360335283, "log10_alpha": -4.288620717882255, "log10_colsample_bytree": -0.005737483357757256, "log10_eta": -3.3806829217051053, "log10_lambda": 0.9080981198706226, "log10_min_child_weight": 4.880527299560356, "log10_subsample": -0.939892796856114, "max_depth": 8.0, "num_boost_round": 17.0}, "datetime": {"datetime": "2024-01-19 02:40:56", "elapsed": 8964.860315, "delta": 0.006336}}
{"target": -13.758534570363835, "params": {"gamma": 15.921047360335283, "log10_alpha": -4.288620717882255, "log10_colsample_bytree": -0.005737483357757256, "log10_eta": -3.3806829217051053, "log10_lambda": 0.9080981198706226, "log10_min_child_weight": 4.880527299560356, "log10_subsample": -0.939892796856114, "max_depth": 8.0, "num_boost_round": 18.0}, "datetime": {"datetime": "2024-01-19 02:40:56", "elapsed": 8964.866662, "delta": 0.006347}}
{"target": -13.75853442327193, "params": {"gamma": 15.921047360335283, "log10_alpha": -4.288620717882255, "log10_colsample_bytree": -0.005737483357757256, "log10_eta": -3.3806829217051053, "log10_lambda": 0.9080981198706226, "log10_min_child_weight": 4.880527299560356, "log10_subsample": -0.939892796856114, "max_depth": 8.0, "num_boost_round": 19.0}, "datetime": {"datetime": "2024-01-19 02:40:56", "elapsed": 8964.873108, "delta": 0.006446}}
{"target": -13.758534287673651, "params": {"gamma": 15.921047360335283, "log10_alpha": -4.288620717882255, "log10_colsample_bytree": -0.005737483357757256, "log10_eta": -3.3806829217051053, "log10_lambda": 0.9080981198706226, "log10_min_child_weight": 4.880527299560356, "log10_subsample": -0.939892796856114, "max_depth": 8.0, "num_boost_round": 20.0}, "datetime": {"datetime": "2024-01-19 02:40:56", "elapsed": 8964.879481, "delta": 0.006373}}
{"target": -13.758534108871789, "params": {"gamma": 15.921047360335283, "log10_alpha": -4.288620717882255, "log10_colsample_bytree": -0.005737483357757256, "log10_eta": -3.3806829217051053, "log10_lambda": 0.9080981198706226, "log10_min_child_weight": 4.880527299560356, "log10_subsample": -0.939892796856114, "max_depth": 8.0, "num_boost_round": 21.0}, "datetime": {"datetime": "2024-01-19 02:40:56", "elapsed": 8964.885879, "delta": 0.006398}}
{"target": -13.758533886057378, "params": {"gamma": 15.921047360335283, "log10_alpha": -4.288620717882255, "log10_colsample_bytree": -0.005737483357757256, "log10_eta": -3.3806829217051053, "log10_lambda": 0.9080981198706226, "log10_min_child_weight": 4.880527299560356, "log10_subsample": -0.939892796856114, "max_depth": 8.0, "num_boost_round": 22.0}, "datetime": {"datetime": "2024-01-19 02:40:56", "elapsed": 8964.979784, "delta": 0.093905}}
{"target": -13.75853373712226, "params": {"gamma": 15.921047360335283, "log10_alpha": -4.288620717882255, "log10_colsample_bytree": -0.005737483357757256, "log10_eta": -3.3806829217051053, "log10_lambda": 0.9080981198706226, "log10_min_child_weight": 4.880527299560356, "log10_subsample": -0.939892796856114, "max_depth": 8.0, "num_boost_round": 23.0}, "datetime": {"datetime": "2024-01-19 02:40:56", "elapsed": 8964.987169, "delta": 0.007385}}
{"target": -13.75853363020473, "params": {"gamma": 15.921047360335283, "log10_alpha": -4.288620717882255, "log10_colsample_bytree": -0.005737483357757256, "log10_eta": -3.3806829217051053, "log10_lambda": 0.9080981198706226, "log10_min_child_weight": 4.880527299560356, "log10_subsample": -0.939892796856114, "max_depth": 8.0, "num_boost_round": 24.0}, "datetime": {"datetime": "2024-01-19 02:40:56", "elapsed": 8964.993846, "delta": 0.006677}}
{"target": -13.75853345355116, "params": {"gamma": 15.921047360335283, "log10_alpha": -4.288620717882255, "log10_colsample_bytree": -0.005737483357757256, "log10_eta": -3.3806829217051053, "log10_lambda": 0.9080981198706226, "log10_min_child_weight": 4.880527299560356, "log10_subsample": -0.939892796856114, "max_depth": 8.0, "num_boost_round": 25.0}, "datetime": {"datetime": "2024-01-19 02:40:56", "elapsed": 8965.000641, "delta": 0.006795}}
{"target": -13.758533345098098, "params": {"gamma": 15.921047360335283, "log10_alpha": -4.288620717882255, "log10_colsample_bytree": -0.005737483357757256, "log10_eta": -3.3806829217051053, "log10_lambda": 0.9080981198706226, "log10_min_child_weight": 4.880527299560356, "log10_subsample": -0.939892796856114, "max_depth": 8.0, "num_boost_round": 26.0}, "datetime": {"datetime": "2024-01-19 02:40:56", "elapsed": 8965.007286, "delta": 0.006645}}
{"target": -13.758533137439965, "params": {"gamma": 15.921047360335283, "log10_alpha": -4.288620717882255, "log10_colsample_bytree": -0.005737483357757256, "log10_eta": -3.3806829217051053, "log10_lambda": 0.9080981198706226, "log10_min_child_weight": 4.880527299560356, "log10_subsample": -0.939892796856114, "max_depth": 8.0, "num_boost_round": 27.0}, "datetime": {"datetime": "2024-01-19 02:40:56", "elapsed": 8965.01465, "delta": 0.007364}}
{"target": -13.75853294787079, "params": {"gamma": 15.921047360335283, "log10_alpha": -4.288620717882255, "log10_colsample_bytree": -0.005737483357757256, "log10_eta": -3.3806829217051053, "log10_lambda": 0.9080981198706226, "log10_min_child_weight": 4.880527299560356, "log10_subsample": -0.939892796856114, "max_depth": 8.0, "num_boost_round": 28.0}, "datetime": {"datetime": "2024-01-19 02:40:56", "elapsed": 8965.021297, "delta": 0.006647}}
{"target": -13.758532858283429, "params": {"gamma": 15.921047360335283, "log10_alpha": -4.288620717882255, "log10_colsample_bytree": -0.005737483357757256, "log10_eta": -3.3806829217051053, "log10_lambda": 0.9080981198706226, "log10_min_child_weight": 4.880527299560356, "log10_subsample": -0.939892796856114, "max_depth": 8.0, "num_boost_round": 29.0}, "datetime": {"datetime": "2024-01-19 02:40:56", "elapsed": 8965.027703, "delta": 0.006406}}
