{"target": -17.677204286458068, "params": {"gamma": 872.3346303419386, "log10_alpha": 0.251832471345244, "log10_colsample_bytree": -0.39775930286880923, "log10_eta": -3.7813753024798653, "log10_lambda": -2.2128197195521797, "log10_min_child_weight": 3.7138701534582848, "log10_subsample": -0.479910915418468, "max_depth": 8.0, "num_boost_round": 4.0}, "datetime": {"datetime": "2024-01-19 00:16:30", "elapsed": 270.864474, "delta": 0.000569}}
{"target": -17.677203021385107, "params": {"gamma": 872.3346303419386, "log10_alpha": 0.251832471345244, "log10_colsample_bytree": -0.39775930286880923, "log10_eta": -3.7813753024798653, "log10_lambda": -2.2128197195521797, "log10_min_child_weight": 3.7138701534582848, "log10_subsample": -0.479910915418468, "max_depth": 8.0, "num_boost_round": 5.0}, "datetime": {"datetime": "2024-01-19 00:16:30", "elapsed": 270.865033, "delta": 0.000559}}
{"target": -17.677202946577772, "params": {"gamma": 872.3346303419386, "log10_alpha": 0.251832471345244, "log10_colsample_bytree": -0.39775930286880923, "log10_eta": -3.7813753024798653, "log10_lambda": -2.2128197195521797, "log10_min_child_weight": 3.7138701534582848, "log10_subsample": -0.479910915418468, "max_depth": 8.0, "num_boost_round": 6.0}, "datetime": {"datetime": "2024-01-19 00:16:30", "elapsed": 270.869323, "delta": 0.00429}}
{"target": -17.67719433270677, "params": {"gamma": 872.3346303419386, "log10_alpha": 0.251832471345244, "log10_colsample_bytree": -0.39775930286880923, "log10_eta": -3.7813753024798653, "log10_lambda": -2.2128197195521797, "log10_min_child_weight": 3.7138701534582848, "log10_subsample": -0.479910915418468, "max_depth": 8.0, "num_boost_round": 7.0}, "datetime": {"datetime": "2024-01-19 00:16:30", "elapsed": 270.869902, "delta": 0.000579}}
{"target": -17.677186025166552, "params": {"gamma": 872.3346303419386, "log10_alpha": 0.251832471345244, "log10_colsample_bytree": -0.39775930286880923, "log10_eta": -3.7813753024798653, "log10_lambda": -2.2128197195521797, "log10_min_child_weight": 3.7138701534582848, "log10_subsample": -0.479910915418468, "max_depth": 8.0, "num_boost_round": 8.0}, "datetime": {"datetime": "2024-01-19 00:16:30", "elapsed": 270.870464, "delta": 0.000562}}
{"target": -17.677177592813027, "params": {"gamma": 872.3346303419386, "log10_alpha": 0.251832471345244, "log10_colsample_bytree": -0.39775930286880923, "log10_eta": -3.7813753024798653, "log10_lambda": -2.2128197195521797, "log10_min_child_weight": 3.7138701534582848, "log10_subsample": -0.479910915418468, "max_depth": 8.0, "num_boost_round": 9.0}, "datetime": {"datetime": "2024-01-19 00:16:30", "elapsed": 270.871046, "delta": 0.000582}}
{"target": -17.677172071223897, "params": {"gamma": 872.3346303419386, "log10_alpha": 0.251832471345244, "log10_colsample_bytree": -0.39775930286880923, "log10_eta": -3.7813753024798653, "log10_lambda": -2.2128197195521797, "log10_min_child_weight": 3.7138701534582848, "log10_subsample": -0.479910915418468, "max_depth": 8.0, "num_boost_round": 10.0}, "datetime": {"datetime": "2024-01-19 00:16:30", "elapsed": 270.871785, "delta": 0.000739}}
{"target": -17.677163021010934, "params": {"gamma": 872.3346303419386, "log10_alpha": 0.251832471345244, "log10_colsample_bytree": -0.39775930286880923, "log10_eta": -3.7813753024798653, "log10_lambda": -2.2128197195521797, "log10_min_child_weight": 3.7138701534582848, "log10_subsample": -0.479910915418468, "max_depth": 8.0, "num_boost_round": 11.0}, "datetime": {"datetime": "2024-01-19 00:16:30", "elapsed": 270.872501, "delta": 0.000716}}
{"target": -17.677154615439623, "params": {"gamma": 872.3346303419386, "log10_alpha": 0.251832471345244, "log10_colsample_bytree": -0.39775930286880923, "log10_eta": -3.7813753024798653, "log10_lambda": -2.2128197195521797, "log10_min_child_weight": 3.7138701534582848, "log10_subsample": -0.479910915418468, "max_depth": 8.0, "num_boost_round": 12.0}, "datetime": {"datetime": "2024-01-19 00:16:30", "elapsed": 270.873104, "delta": 0.000603}}
{"target": -17.67715839404639, "params": {"gamma": 871.1410484853492, "log10_alpha": 0.44347364353723506, "log10_colsample_bytree": -0.8431035080048025, "log10_eta": -2.473235605405409, "log10_lambda": -2.6734453745886917, "log10_min_child_weight": 3.628304521759045, "log10_subsample": -0.6509627569673017, "max_depth": 9.0, "num_boost_round": 0.0}, "datetime": {"datetime": "2024-01-19 00:16:54", "elapsed": 294.828089, "delta": 23.954985}}
{"target": -17.677104726821455, "params": {"gamma": 871.1410484853492, "log10_alpha": 0.44347364353723506, "log10_colsample_bytree": -0.8431035080048025, "log10_eta": -2.473235605405409, "log10_lambda": -2.6734453745886917, "log10_min_child_weight": 3.628304521759045, "log10_subsample": -0.6509627569673017, "max_depth": 9.0, "num_boost_round": 1.0}, "datetime": {"datetime": "2024-01-19 00:16:54", "elapsed": 294.828889, "delta": 0.0008}}
{"target": -17.677000901328633, "params": {"gamma": 871.1410484853492, "log10_alpha": 0.44347364353723506, "log10_colsample_bytree": -0.8431035080048025, "log10_eta": -2.473235605405409, "log10_lambda": -2.6734453745886917, "log10_min_child_weight": 3.628304521759045, "log10_subsample": -0.6509627569673017, "max_depth": 9.0, "num_boost_round": 2.0}, "datetime": {"datetime": "2024-01-19 00:16:54", "elapsed": 294.829502, "delta": 0.000613}}
{"target": -17.67698978206023, "params": {"gamma": 871.1410484853492, "log10_alpha": 0.44347364353723506, "log10_colsample_bytree": -0.8431035080048025, "log10_eta": -2.473235605405409, "log10_lambda": -2.6734453745886917, "log10_min_child_weight": 3.628304521759045, "log10_subsample": -0.6509627569673017, "max_depth": 9.0, "num_boost_round": 3.0}, "datetime": {"datetime": "2024-01-19 00:16:54", "elapsed": 294.83009, "delta": 0.000588}}
{"target": -17.67691149965113, "params": {"gamma": 871.1410484853492, "log10_alpha": 0.44347364353723506, "log10_colsample_bytree": -0.8431035080048025, "log10_eta": -2.473235605405409, "log10_lambda": -2.6734453745886917, "log10_min_child_weight": 3.628304521759045, "log10_subsample": -0.6509627569673017, "max_depth": 9.0, "num_boost_round": 4.0}, "datetime": {"datetime": "2024-01-19 00:16:54", "elapsed": 294.830869, "delta": 0.000779}}
{"target": -17.676902026025683, "params": {"gamma": 871.1410484853492, "log10_alpha": 0.44347364353723506, "log10_colsample_bytree": -0.8431035080048025, "log10_eta": -2.473235605405409, "log10_lambda": -2.6734453745886917, "log10_min_child_weight": 3.628304521759045, "log10_subsample": -0.6509627569673017, "max_depth": 9.0, "num_boost_round": 5.0}, "datetime": {"datetime": "2024-01-19 00:16:54", "elapsed": 294.832037, "delta": 0.001168}}
{"target": -17.676925648240154, "params": {"gamma": 871.1410484853492, "log10_alpha": 0.44347364353723506, "log10_colsample_bytree": -0.8431035080048025, "log10_eta": -2.473235605405409, "log10_lambda": -2.6734453745886917, "log10_min_child_weight": 3.628304521759045, "log10_subsample": -0.6509627569673017, "max_depth": 9.0, "num_boost_round": 6.0}, "datetime": {"datetime": "2024-01-19 00:16:54", "elapsed": 294.832604, "delta": 0.000567}}
{"target": -17.676860377502436, "params": {"gamma": 871.1410484853492, "log10_alpha": 0.44347364353723506, "log10_colsample_bytree": -0.8431035080048025, "log10_eta": -2.473235605405409, "log10_lambda": -2.6734453745886917, "log10_min_child_weight": 3.628304521759045, "log10_subsample": -0.6509627569673017, "max_depth": 9.0, "num_boost_round": 7.0}, "datetime": {"datetime": "2024-01-19 00:16:54", "elapsed": 294.8333, "delta": 0.000696}}
{"target": -17.676850986529786, "params": {"gamma": 871.1410484853492, "log10_alpha": 0.44347364353723506, "log10_colsample_bytree": -0.8431035080048025, "log10_eta": -2.473235605405409, "log10_lambda": -2.6734453745886917, "log10_min_child_weight": 3.628304521759045, "log10_subsample": -0.6509627569673017, "max_depth": 9.0, "num_boost_round": 8.0}, "datetime": {"datetime": "2024-01-19 00:16:54", "elapsed": 294.833889, "delta": 0.000589}}
{"target": -17.67686219156247, "params": {"gamma": 871.1410484853492, "log10_alpha": 0.44347364353723506, "log10_colsample_bytree": -0.8431035080048025, "log10_eta": -2.473235605405409, "log10_lambda": -2.6734453745886917, "log10_min_child_weight": 3.628304521759045, "log10_subsample": -0.6509627569673017, "max_depth": 9.0, "num_boost_round": 9.0}, "datetime": {"datetime": "2024-01-19 00:16:54", "elapsed": 294.834462, "delta": 0.000573}}
{"target": -17.676767022849983, "params": {"gamma": 871.1410484853492, "log10_alpha": 0.44347364353723506, "log10_colsample_bytree": -0.8431035080048025, "log10_eta": -2.473235605405409, "log10_lambda": -2.6734453745886917, "log10_min_child_weight": 3.628304521759045, "log10_subsample": -0.6509627569673017, "max_depth": 9.0, "num_boost_round": 10.0}, "datetime": {"datetime": "2024-01-19 00:16:54", "elapsed": 294.835043, "delta": 0.000581}}
{"target": -17.676775122253225, "params": {"gamma": 871.1410484853492, "log10_alpha": 0.44347364353723506, "log10_colsample_bytree": -0.8431035080048025, "log10_eta": -2.473235605405409, "log10_lambda": -2.6734453745886917, "log10_min_child_weight": 3.628304521759045, "log10_subsample": -0.6509627569673017, "max_depth": 9.0, "num_boost_round": 11.0}, "datetime": {"datetime": "2024-01-19 00:16:54", "elapsed": 294.835627, "delta": 0.000584}}
{"target": -17.67675140077349, "params": {"gamma": 871.1410484853492, "log10_alpha": 0.44347364353723506, "log10_colsample_bytree": -0.8431035080048025, "log10_eta": -2.473235605405409, "log10_lambda": -2.6734453745886917, "log10_min_child_weight": 3.628304521759045, "log10_subsample": -0.6509627569673017, "max_depth": 9.0, "num_boost_round": 12.0}, "datetime": {"datetime": "2024-01-19 00:16:54", "elapsed": 294.836206, "delta": 0.000579}}
{"target": -17.676676627950325, "params": {"gamma": 871.1410484853492, "log10_alpha": 0.44347364353723506, "log10_colsample_bytree": -0.8431035080048025, "log10_eta": -2.473235605405409, "log10_lambda": -2.6734453745886917, "log10_min_child_weight": 3.628304521759045, "log10_subsample": -0.6509627569673017, "max_depth": 9.0, "num_boost_round": 13.0}, "datetime": {"datetime": "2024-01-19 00:16:54", "elapsed": 294.836853, "delta": 0.000647}}
{"target": -17.67661845513785, "params": {"gamma": 871.1410484853492, "log10_alpha": 0.44347364353723506, "log10_colsample_bytree": -0.8431035080048025, "log10_eta": -2.473235605405409, "log10_lambda": -2.6734453745886917, "log10_min_child_weight": 3.628304521759045, "log10_subsample": -0.6509627569673017, "max_depth": 9.0, "num_boost_round": 14.0}, "datetime": {"datetime": "2024-01-19 00:16:54", "elapsed": 294.83743, "delta": 0.000577}}
{"target": -17.676583151667725, "params": {"gamma": 871.1410484853492, "log10_alpha": 0.44347364353723506, "log10_colsample_bytree": -0.8431035080048025, "log10_eta": -2.473235605405409, "log10_lambda": -2.6734453745886917, "log10_min_child_weight": 3.628304521759045, "log10_subsample": -0.6509627569673017, "max_depth": 9.0, "num_boost_round": 15.0}, "datetime": {"datetime": "2024-01-19 00:16:54", "elapsed": 294.838069, "delta": 0.000639}}
{"target": -17.67648779325495, "params": {"gamma": 871.1410484853492, "log10_alpha": 0.44347364353723506, "log10_colsample_bytree": -0.8431035080048025, "log10_eta": -2.473235605405409, "log10_lambda": -2.6734453745886917, "log10_min_child_weight": 3.628304521759045, "log10_subsample": -0.6509627569673017, "max_depth": 9.0, "num_boost_round": 16.0}, "datetime": {"datetime": "2024-01-19 00:16:54", "elapsed": 294.838671, "delta": 0.000602}}
{"target": -17.6777135810404, "params": {"gamma": 872.7619030547215, "log10_alpha": 0.9405649071924991, "log10_colsample_bytree": -0.46831536075809166, "log10_eta": -1.2742456709117462, "log10_lambda": -2.5949741092224823, "log10_min_child_weight": 1.2561359639019103, "log10_subsample": -0.7860530763320912, "max_depth": 8.0, "num_boost_round": 0.0}, "datetime": {"datetime": "2024-01-19 00:17:20", "elapsed": 321.540069, "delta": 26.701398}}
{"target": -17.673895809951002, "params": {"gamma": 872.7619030547215, "log10_alpha": 0.9405649071924991, "log10_colsample_bytree": -0.46831536075809166, "log10_eta": -1.2742456709117462, "log10_lambda": -2.5949741092224823, "log10_min_child_weight": 1.2561359639019103, "log10_subsample": -0.7860530763320912, "max_depth": 8.0, "num_boost_round": 1.0}, "datetime": {"datetime": "2024-01-19 00:17:20", "elapsed": 321.540854, "delta": 0.000785}}
{"target": -17.672408125783843, "params": {"gamma": 872.7619030547215, "log10_alpha": 0.9405649071924991, "log10_colsample_bytree": -0.46831536075809166, "log10_eta": -1.2742456709117462, "log10_lambda": -2.5949741092224823, "log10_min_child_weight": 1.2561359639019103, "log10_subsample": -0.7860530763320912, "max_depth": 8.0, "num_boost_round": 2.0}, "datetime": {"datetime": "2024-01-19 00:17:20", "elapsed": 321.541506, "delta": 0.000652}}
{"target": -17.674097241770248, "params": {"gamma": 872.7619030547215, "log10_alpha": 0.9405649071924991, "log10_colsample_bytree": -0.46831536075809166, "log10_eta": -1.2742456709117462, "log10_lambda": -2.5949741092224823, "log10_min_child_weight": 1.2561359639019103, "log10_subsample": -0.7860530763320912, "max_depth": 8.0, "num_boost_round": 3.0}, "datetime": {"datetime": "2024-01-19 00:17:20", "elapsed": 321.542123, "delta": 0.000617}}
{"target": -17.67111809380786, "params": {"gamma": 872.7619030547215, "log10_alpha": 0.9405649071924991, "log10_colsample_bytree": -0.46831536075809166, "log10_eta": -1.2742456709117462, "log10_lambda": -2.5949741092224823, "log10_min_child_weight": 1.2561359639019103, "log10_subsample": -0.7860530763320912, "max_depth": 8.0, "num_boost_round": 4.0}, "datetime": {"datetime": "2024-01-19 00:17:20", "elapsed": 321.54332, "delta": 0.001197}}
{"target": -17.67107683939145, "params": {"gamma": 872.7619030547215, "log10_alpha": 0.9405649071924991, "log10_colsample_bytree": -0.46831536075809166, "log10_eta": -1.2742456709117462, "log10_lambda": -2.5949741092224823, "log10_min_child_weight": 1.2561359639019103, "log10_subsample": -0.7860530763320912, "max_depth": 8.0, "num_boost_round": 5.0}, "datetime": {"datetime": "2024-01-19 00:17:20", "elapsed": 321.543906, "delta": 0.000586}}
{"target": -17.67655297476875, "params": {"gamma": 872.7619030547215, "log10_alpha": 0.9405649071924991, "log10_colsample_bytree": -0.46831536075809166, "log10_eta": -1.2742456709117462, "log10_lambda": -2.5949741092224823, "log10_min_child_weight": 1.2561359639019103, "log10_subsample": -0.7860530763320912, "max_depth": 8.0, "num_boost_round": 6.0}, "datetime": {"datetime": "2024-01-19 00:17:20", "elapsed": 321.544512, "delta": 0.000606}}
{"target": -17.679907636390077, "params": {"gamma": 872.7619030547215, "log10_alpha": 0.9405649071924991, "log10_colsample_bytree": -0.46831536075809166, "log10_eta": -1.2742456709117462, "log10_lambda": -2.5949741092224823, "log10_min_child_weight": 1.2561359639019103, "log10_subsample": -0.7860530763320912, "max_depth": 8.0, "num_boost_round": 7.0}, "datetime": {"datetime": "2024-01-19 00:17:20", "elapsed": 321.545108, "delta": 0.000596}}
{"target": -17.68206167673332, "params": {"gamma": 872.7619030547215, "log10_alpha": 0.9405649071924991, "log10_colsample_bytree": -0.46831536075809166, "log10_eta": -1.2742456709117462, "log10_lambda": -2.5949741092224823, "log10_min_child_weight": 1.2561359639019103, "log10_subsample": -0.7860530763320912, "max_depth": 8.0, "num_boost_round": 8.0}, "datetime": {"datetime": "2024-01-19 00:17:20", "elapsed": 321.545848, "delta": 0.00074}}
{"target": -17.681199513423557, "params": {"gamma": 872.7619030547215, "log10_alpha": 0.9405649071924991, "log10_colsample_bytree": -0.46831536075809166, "log10_eta": -1.2742456709117462, "log10_lambda": -2.5949741092224823, "log10_min_child_weight": 1.2561359639019103, "log10_subsample": -0.7860530763320912, "max_depth": 8.0, "num_boost_round": 9.0}, "datetime": {"datetime": "2024-01-19 00:17:20", "elapsed": 321.546454, "delta": 0.000606}}
{"target": -17.6826077631277, "params": {"gamma": 872.7619030547215, "log10_alpha": 0.9405649071924991, "log10_colsample_bytree": -0.46831536075809166, "log10_eta": -1.2742456709117462, "log10_lambda": -2.5949741092224823, "log10_min_child_weight": 1.2561359639019103, "log10_subsample": -0.7860530763320912, "max_depth": 8.0, "num_boost_round": 10.0}, "datetime": {"datetime": "2024-01-19 00:17:20", "elapsed": 321.547055, "delta": 0.000601}}
{"target": -17.685464838701964, "params": {"gamma": 872.7619030547215, "log10_alpha": 0.9405649071924991, "log10_colsample_bytree": -0.46831536075809166, "log10_eta": -1.2742456709117462, "log10_lambda": -2.5949741092224823, "log10_min_child_weight": 1.2561359639019103, "log10_subsample": -0.7860530763320912, "max_depth": 8.0, "num_boost_round": 11.0}, "datetime": {"datetime": "2024-01-19 00:17:20", "elapsed": 321.547655, "delta": 0.0006}}
{"target": -17.695182834775565, "params": {"gamma": 872.7619030547215, "log10_alpha": 0.9405649071924991, "log10_colsample_bytree": -0.46831536075809166, "log10_eta": -1.2742456709117462, "log10_lambda": -2.5949741092224823, "log10_min_child_weight": 1.2561359639019103, "log10_subsample": -0.7860530763320912, "max_depth": 8.0, "num_boost_round": 12.0}, "datetime": {"datetime": "2024-01-19 00:17:20", "elapsed": 321.548247, "delta": 0.000592}}
{"target": -17.697956500100346, "params": {"gamma": 872.7619030547215, "log10_alpha": 0.9405649071924991, "log10_colsample_bytree": -0.46831536075809166, "log10_eta": -1.2742456709117462, "log10_lambda": -2.5949741092224823, "log10_min_child_weight": 1.2561359639019103, "log10_subsample": -0.7860530763320912, "max_depth": 8.0, "num_boost_round": 13.0}, "datetime": {"datetime": "2024-01-19 00:17:20", "elapsed": 321.548913, "delta": 0.000666}}
{"target": -17.70195227601396, "params": {"gamma": 872.7619030547215, "log10_alpha": 0.9405649071924991, "log10_colsample_bytree": -0.46831536075809166, "log10_eta": -1.2742456709117462, "log10_lambda": -2.5949741092224823, "log10_min_child_weight": 1.2561359639019103, "log10_subsample": -0.7860530763320912, "max_depth": 8.0, "num_boost_round": 14.0}, "datetime": {"datetime": "2024-01-19 00:17:20", "elapsed": 321.549543, "delta": 0.00063}}
{"target": -17.708355268555554, "params": {"gamma": 872.7619030547215, "log10_alpha": 0.9405649071924991, "log10_colsample_bytree": -0.46831536075809166, "log10_eta": -1.2742456709117462, "log10_lambda": -2.5949741092224823, "log10_min_child_weight": 1.2561359639019103, "log10_subsample": -0.7860530763320912, "max_depth": 8.0, "num_boost_round": 15.0}, "datetime": {"datetime": "2024-01-19 00:17:20", "elapsed": 321.550174, "delta": 0.000631}}
{"target": -17.708873874499563, "params": {"gamma": 872.7619030547215, "log10_alpha": 0.9405649071924991, "log10_colsample_bytree": -0.46831536075809166, "log10_eta": -1.2742456709117462, "log10_lambda": -2.5949741092224823, "log10_min_child_weight": 1.2561359639019103, "log10_subsample": -0.7860530763320912, "max_depth": 8.0, "num_boost_round": 16.0}, "datetime": {"datetime": "2024-01-19 00:17:20", "elapsed": 321.550805, "delta": 0.000631}}
{"target": -17.71230872792037, "params": {"gamma": 872.7619030547215, "log10_alpha": 0.9405649071924991, "log10_colsample_bytree": -0.46831536075809166, "log10_eta": -1.2742456709117462, "log10_lambda": -2.5949741092224823, "log10_min_child_weight": 1.2561359639019103, "log10_subsample": -0.7860530763320912, "max_depth": 8.0, "num_boost_round": 17.0}, "datetime": {"datetime": "2024-01-19 00:17:20", "elapsed": 321.551522, "delta": 0.000717}}
{"target": -17.715941148793494, "params": {"gamma": 872.7619030547215, "log10_alpha": 0.9405649071924991, "log10_colsample_bytree": -0.46831536075809166, "log10_eta": -1.2742456709117462, "log10_lambda": -2.5949741092224823, "log10_min_child_weight": 1.2561359639019103, "log10_subsample": -0.7860530763320912, "max_depth": 8.0, "num_boost_round": 18.0}, "datetime": {"datetime": "2024-01-19 00:17:20", "elapsed": 321.552137, "delta": 0.000615}}
{"target": -17.71676145667215, "params": {"gamma": 872.7619030547215, "log10_alpha": 0.9405649071924991, "log10_colsample_bytree": -0.46831536075809166, "log10_eta": -1.2742456709117462, "log10_lambda": -2.5949741092224823, "log10_min_child_weight": 1.2561359639019103, "log10_subsample": -0.7860530763320912, "max_depth": 8.0, "num_boost_round": 19.0}, "datetime": {"datetime": "2024-01-19 00:17:20", "elapsed": 321.553066, "delta": 0.000929}}
{"target": -17.719401939420656, "params": {"gamma": 872.7619030547215, "log10_alpha": 0.9405649071924991, "log10_colsample_bytree": -0.46831536075809166, "log10_eta": -1.2742456709117462, "log10_lambda": -2.5949741092224823, "log10_min_child_weight": 1.2561359639019103, "log10_subsample": -0.7860530763320912, "max_depth": 8.0, "num_boost_round": 20.0}, "datetime": {"datetime": "2024-01-19 00:17:20", "elapsed": 321.553712, "delta": 0.000646}}
{"target": -17.724374594077542, "params": {"gamma": 872.7619030547215, "log10_alpha": 0.9405649071924991, "log10_colsample_bytree": -0.46831536075809166, "log10_eta": -1.2742456709117462, "log10_lambda": -2.5949741092224823, "log10_min_child_weight": 1.2561359639019103, "log10_subsample": -0.7860530763320912, "max_depth": 8.0, "num_boost_round": 21.0}, "datetime": {"datetime": "2024-01-19 00:17:20", "elapsed": 321.554341, "delta": 0.000629}}
{"target": -17.726729436028197, "params": {"gamma": 872.7619030547215, "log10_alpha": 0.9405649071924991, "log10_colsample_bytree": -0.46831536075809166, "log10_eta": -1.2742456709117462, "log10_lambda": -2.5949741092224823, "log10_min_child_weight": 1.2561359639019103, "log10_subsample": -0.7860530763320912, "max_depth": 8.0, "num_boost_round": 22.0}, "datetime": {"datetime": "2024-01-19 00:17:20", "elapsed": 321.554967, "delta": 0.000626}}
