{"target": -13.758085310874177, "params": {"gamma": 424.096351623, "log10_alpha": 0.8386084632362572, "log10_colsample_bytree": -0.7789939991738084, "log10_eta": -3.103358503914642, "log10_lambda": -0.5284570674720275, "log10_min_child_weight": 2.3613042369761095, "log10_subsample": -0.9913858274361838, "max_depth": 6.0, "num_boost_round": 27.0}, "datetime": {"datetime": "2024-01-19 00:19:24", "elapsed": 467.234581, "delta": 0.001242}}
{"target": -13.758059937114995, "params": {"gamma": 424.096351623, "log10_alpha": 0.8386084632362572, "log10_colsample_bytree": -0.7789939991738084, "log10_eta": -3.103358503914642, "log10_lambda": -0.5284570674720275, "log10_min_child_weight": 2.3613042369761095, "log10_subsample": -0.9913858274361838, "max_depth": 6.0, "num_boost_round": 28.0}, "datetime": {"datetime": "2024-01-19 00:19:24", "elapsed": 467.235784, "delta": 0.001203}}
{"target": -13.758050554526138, "params": {"gamma": 424.096351623, "log10_alpha": 0.8386084632362572, "log10_colsample_bytree": -0.7789939991738084, "log10_eta": -3.103358503914642, "log10_lambda": -0.5284570674720275, "log10_min_child_weight": 2.3613042369761095, "log10_subsample": -0.9913858274361838, "max_depth": 6.0, "num_boost_round": 29.0}, "datetime": {"datetime": "2024-01-19 00:19:24", "elapsed": 467.236975, "delta": 0.001191}}
{"target": -13.758029039262603, "params": {"gamma": 424.096351623, "log10_alpha": 0.8386084632362572, "log10_colsample_bytree": -0.7789939991738084, "log10_eta": -3.103358503914642, "log10_lambda": -0.5284570674720275, "log10_min_child_weight": 2.3613042369761095, "log10_subsample": -0.9913858274361838, "max_depth": 6.0, "num_boost_round": 30.0}, "datetime": {"datetime": "2024-01-19 00:19:24", "elapsed": 467.238169, "delta": 0.001194}}
{"target": -13.758016852847062, "params": {"gamma": 424.096351623, "log10_alpha": 0.8386084632362572, "log10_colsample_bytree": -0.7789939991738084, "log10_eta": -3.103358503914642, "log10_lambda": -0.5284570674720275, "log10_min_child_weight": 2.3613042369761095, "log10_subsample": -0.9913858274361838, "max_depth": 6.0, "num_boost_round": 31.0}, "datetime": {"datetime": "2024-01-19 00:19:24", "elapsed": 467.239377, "delta": 0.001208}}
{"target": -13.75800183699747, "params": {"gamma": 424.096351623, "log10_alpha": 0.8386084632362572, "log10_colsample_bytree": -0.7789939991738084, "log10_eta": -3.103358503914642, "log10_lambda": -0.5284570674720275, "log10_min_child_weight": 2.3613042369761095, "log10_subsample": -0.9913858274361838, "max_depth": 6.0, "num_boost_round": 32.0}, "datetime": {"datetime": "2024-01-19 00:19:24", "elapsed": 467.2406, "delta": 0.001223}}
{"target": -13.757982538860308, "params": {"gamma": 424.096351623, "log10_alpha": 0.8386084632362572, "log10_colsample_bytree": -0.7789939991738084, "log10_eta": -3.103358503914642, "log10_lambda": -0.5284570674720275, "log10_min_child_weight": 2.3613042369761095, "log10_subsample": -0.9913858274361838, "max_depth": 6.0, "num_boost_round": 33.0}, "datetime": {"datetime": "2024-01-19 00:19:24", "elapsed": 467.241802, "delta": 0.001202}}
{"target": -13.757961862443647, "params": {"gamma": 424.096351623, "log10_alpha": 0.8386084632362572, "log10_colsample_bytree": -0.7789939991738084, "log10_eta": -3.103358503914642, "log10_lambda": -0.5284570674720275, "log10_min_child_weight": 2.3613042369761095, "log10_subsample": -0.9913858274361838, "max_depth": 6.0, "num_boost_round": 34.0}, "datetime": {"datetime": "2024-01-19 00:19:24", "elapsed": 467.243015, "delta": 0.001213}}
{"target": -13.757941125654797, "params": {"gamma": 424.096351623, "log10_alpha": 0.8386084632362572, "log10_colsample_bytree": -0.7789939991738084, "log10_eta": -3.103358503914642, "log10_lambda": -0.5284570674720275, "log10_min_child_weight": 2.3613042369761095, "log10_subsample": -0.9913858274361838, "max_depth": 6.0, "num_boost_round": 35.0}, "datetime": {"datetime": "2024-01-19 00:19:24", "elapsed": 467.244228, "delta": 0.001213}}
{"target": -13.757941611284371, "params": {"gamma": 424.096351623, "log10_alpha": 0.8386084632362572, "log10_colsample_bytree": -0.7789939991738084, "log10_eta": -3.103358503914642, "log10_lambda": -0.5284570674720275, "log10_min_child_weight": 2.3613042369761095, "log10_subsample": -0.9913858274361838, "max_depth": 6.0, "num_boost_round": 36.0}, "datetime": {"datetime": "2024-01-19 00:19:24", "elapsed": 467.245435, "delta": 0.001207}}
{"target": -13.757938514520301, "params": {"gamma": 424.096351623, "log10_alpha": 0.8386084632362572, "log10_colsample_bytree": -0.7789939991738084, "log10_eta": -3.103358503914642, "log10_lambda": -0.5284570674720275, "log10_min_child_weight": 2.3613042369761095, "log10_subsample": -0.9913858274361838, "max_depth": 6.0, "num_boost_round": 37.0}, "datetime": {"datetime": "2024-01-19 00:19:24", "elapsed": 467.246654, "delta": 0.001219}}
{"target": -13.757931341075533, "params": {"gamma": 424.096351623, "log10_alpha": 0.8386084632362572, "log10_colsample_bytree": -0.7789939991738084, "log10_eta": -3.103358503914642, "log10_lambda": -0.5284570674720275, "log10_min_child_weight": 2.3613042369761095, "log10_subsample": -0.9913858274361838, "max_depth": 6.0, "num_boost_round": 38.0}, "datetime": {"datetime": "2024-01-19 00:19:24", "elapsed": 467.247946, "delta": 0.001292}}
{"target": -13.757930853393724, "params": {"gamma": 424.096351623, "log10_alpha": 0.8386084632362572, "log10_colsample_bytree": -0.7789939991738084, "log10_eta": -3.103358503914642, "log10_lambda": -0.5284570674720275, "log10_min_child_weight": 2.3613042369761095, "log10_subsample": -0.9913858274361838, "max_depth": 6.0, "num_boost_round": 39.0}, "datetime": {"datetime": "2024-01-19 00:19:24", "elapsed": 467.249226, "delta": 0.00128}}
{"target": -13.757905528317208, "params": {"gamma": 424.096351623, "log10_alpha": 0.8386084632362572, "log10_colsample_bytree": -0.7789939991738084, "log10_eta": -3.103358503914642, "log10_lambda": -0.5284570674720275, "log10_min_child_weight": 2.3613042369761095, "log10_subsample": -0.9913858274361838, "max_depth": 6.0, "num_boost_round": 40.0}, "datetime": {"datetime": "2024-01-19 00:19:24", "elapsed": 467.250445, "delta": 0.001219}}
{"target": -13.75790927358919, "params": {"gamma": 424.096351623, "log10_alpha": 0.8386084632362572, "log10_colsample_bytree": -0.7789939991738084, "log10_eta": -3.103358503914642, "log10_lambda": -0.5284570674720275, "log10_min_child_weight": 2.3613042369761095, "log10_subsample": -0.9913858274361838, "max_depth": 6.0, "num_boost_round": 41.0}, "datetime": {"datetime": "2024-01-19 00:19:24", "elapsed": 467.251671, "delta": 0.001226}}
{"target": -13.757897252548473, "params": {"gamma": 424.096351623, "log10_alpha": 0.8386084632362572, "log10_colsample_bytree": -0.7789939991738084, "log10_eta": -3.103358503914642, "log10_lambda": -0.5284570674720275, "log10_min_child_weight": 2.3613042369761095, "log10_subsample": -0.9913858274361838, "max_depth": 6.0, "num_boost_round": 42.0}, "datetime": {"datetime": "2024-01-19 00:19:24", "elapsed": 467.252888, "delta": 0.001217}}
{"target": -13.757879194827856, "params": {"gamma": 424.096351623, "log10_alpha": 0.8386084632362572, "log10_colsample_bytree": -0.7789939991738084, "log10_eta": -3.103358503914642, "log10_lambda": -0.5284570674720275, "log10_min_child_weight": 2.3613042369761095, "log10_subsample": -0.9913858274361838, "max_depth": 6.0, "num_boost_round": 43.0}, "datetime": {"datetime": "2024-01-19 00:19:24", "elapsed": 467.254117, "delta": 0.001229}}
{"target": -13.757874020273722, "params": {"gamma": 424.096351623, "log10_alpha": 0.8386084632362572, "log10_colsample_bytree": -0.7789939991738084, "log10_eta": -3.103358503914642, "log10_lambda": -0.5284570674720275, "log10_min_child_weight": 2.3613042369761095, "log10_subsample": -0.9913858274361838, "max_depth": 6.0, "num_boost_round": 44.0}, "datetime": {"datetime": "2024-01-19 00:19:24", "elapsed": 467.255339, "delta": 0.001222}}
{"target": -13.75846686603165, "params": {"gamma": 423.0845540557271, "log10_alpha": -0.25590260926845687, "log10_colsample_bytree": -0.6365021177300695, "log10_eta": -2.4324845284853946, "log10_lambda": -4.301292933194624, "log10_min_child_weight": 3.272707902287771, "log10_subsample": -0.8576324407433393, "max_depth": 6.0, "num_boost_round": 0.0}, "datetime": {"datetime": "2024-01-19 00:19:58", "elapsed": 501.605055, "delta": 34.349716}}
{"target": -13.758381610322031, "params": {"gamma": 423.0845540557271, "log10_alpha": -0.25590260926845687, "log10_colsample_bytree": -0.6365021177300695, "log10_eta": -2.4324845284853946, "log10_lambda": -4.301292933194624, "log10_min_child_weight": 3.272707902287771, "log10_subsample": -0.8576324407433393, "max_depth": 6.0, "num_boost_round": 1.0}, "datetime": {"datetime": "2024-01-19 00:19:58", "elapsed": 501.606411, "delta": 0.001356}}
{"target": -13.758303072759626, "params": {"gamma": 423.0845540557271, "log10_alpha": -0.25590260926845687, "log10_colsample_bytree": -0.6365021177300695, "log10_eta": -2.4324845284853946, "log10_lambda": -4.301292933194624, "log10_min_child_weight": 3.272707902287771, "log10_subsample": -0.8576324407433393, "max_depth": 6.0, "num_boost_round": 2.0}, "datetime": {"datetime": "2024-01-19 00:19:58", "elapsed": 501.608422, "delta": 0.002011}}
{"target": -13.758316114293107, "params": {"gamma": 423.0845540557271, "log10_alpha": -0.25590260926845687, "log10_colsample_bytree": -0.6365021177300695, "log10_eta": -2.4324845284853946, "log10_lambda": -4.301292933194624, "log10_min_child_weight": 3.272707902287771, "log10_subsample": -0.8576324407433393, "max_depth": 6.0, "num_boost_round": 3.0}, "datetime": {"datetime": "2024-01-19 00:19:58", "elapsed": 501.610029, "delta": 0.001607}}
{"target": -13.75825745795561, "params": {"gamma": 423.0845540557271, "log10_alpha": -0.25590260926845687, "log10_colsample_bytree": -0.6365021177300695, "log10_eta": -2.4324845284853946, "log10_lambda": -4.301292933194624, "log10_min_child_weight": 3.272707902287771, "log10_subsample": -0.8576324407433393, "max_depth": 6.0, "num_boost_round": 4.0}, "datetime": {"datetime": "2024-01-19 00:19:58", "elapsed": 501.611286, "delta": 0.001257}}
{"target": -13.75821200765311, "params": {"gamma": 423.0845540557271, "log10_alpha": -0.25590260926845687, "log10_colsample_bytree": -0.6365021177300695, "log10_eta": -2.4324845284853946, "log10_lambda": -4.301292933194624, "log10_min_child_weight": 3.272707902287771, "log10_subsample": -0.8576324407433393, "max_depth": 6.0, "num_boost_round": 5.0}, "datetime": {"datetime": "2024-01-19 00:19:58", "elapsed": 501.612534, "delta": 0.001248}}
{"target": -13.758208140703003, "params": {"gamma": 423.0845540557271, "log10_alpha": -0.25590260926845687, "log10_colsample_bytree": -0.6365021177300695, "log10_eta": -2.4324845284853946, "log10_lambda": -4.301292933194624, "log10_min_child_weight": 3.272707902287771, "log10_subsample": -0.8576324407433393, "max_depth": 6.0, "num_boost_round": 6.0}, "datetime": {"datetime": "2024-01-19 00:19:58", "elapsed": 501.613779, "delta": 0.001245}}
{"target": -13.758134167869093, "params": {"gamma": 423.0845540557271, "log10_alpha": -0.25590260926845687, "log10_colsample_bytree": -0.6365021177300695, "log10_eta": -2.4324845284853946, "log10_lambda": -4.301292933194624, "log10_min_child_weight": 3.272707902287771, "log10_subsample": -0.8576324407433393, "max_depth": 6.0, "num_boost_round": 7.0}, "datetime": {"datetime": "2024-01-19 00:19:58", "elapsed": 501.615053, "delta": 0.001274}}
{"target": -13.758021299634724, "params": {"gamma": 423.0845540557271, "log10_alpha": -0.25590260926845687, "log10_colsample_bytree": -0.6365021177300695, "log10_eta": -2.4324845284853946, "log10_lambda": -4.301292933194624, "log10_min_child_weight": 3.272707902287771, "log10_subsample": -0.8576324407433393, "max_depth": 6.0, "num_boost_round": 8.0}, "datetime": {"datetime": "2024-01-19 00:19:58", "elapsed": 501.616314, "delta": 0.001261}}
{"target": -13.75797559848042, "params": {"gamma": 423.0845540557271, "log10_alpha": -0.25590260926845687, "log10_colsample_bytree": -0.6365021177300695, "log10_eta": -2.4324845284853946, "log10_lambda": -4.301292933194624, "log10_min_child_weight": 3.272707902287771, "log10_subsample": -0.8576324407433393, "max_depth": 6.0, "num_boost_round": 9.0}, "datetime": {"datetime": "2024-01-19 00:19:58", "elapsed": 501.617566, "delta": 0.001252}}
{"target": -13.757889400100815, "params": {"gamma": 423.0845540557271, "log10_alpha": -0.25590260926845687, "log10_colsample_bytree": -0.6365021177300695, "log10_eta": -2.4324845284853946, "log10_lambda": -4.301292933194624, "log10_min_child_weight": 3.272707902287771, "log10_subsample": -0.8576324407433393, "max_depth": 6.0, "num_boost_round": 10.0}, "datetime": {"datetime": "2024-01-19 00:19:58", "elapsed": 501.618796, "delta": 0.00123}}
{"target": -13.757908716129931, "params": {"gamma": 423.0845540557271, "log10_alpha": -0.25590260926845687, "log10_colsample_bytree": -0.6365021177300695, "log10_eta": -2.4324845284853946, "log10_lambda": -4.301292933194624, "log10_min_child_weight": 3.272707902287771, "log10_subsample": -0.8576324407433393, "max_depth": 6.0, "num_boost_round": 11.0}, "datetime": {"datetime": "2024-01-19 00:19:58", "elapsed": 501.620031, "delta": 0.001235}}
{"target": -13.757861859490069, "params": {"gamma": 423.0845540557271, "log10_alpha": -0.25590260926845687, "log10_colsample_bytree": -0.6365021177300695, "log10_eta": -2.4324845284853946, "log10_lambda": -4.301292933194624, "log10_min_child_weight": 3.272707902287771, "log10_subsample": -0.8576324407433393, "max_depth": 6.0, "num_boost_round": 12.0}, "datetime": {"datetime": "2024-01-19 00:19:58", "elapsed": 501.62126, "delta": 0.001229}}
{"target": -13.757865882083982, "params": {"gamma": 423.0845540557271, "log10_alpha": -0.25590260926845687, "log10_colsample_bytree": -0.6365021177300695, "log10_eta": -2.4324845284853946, "log10_lambda": -4.301292933194624, "log10_min_child_weight": 3.272707902287771, "log10_subsample": -0.8576324407433393, "max_depth": 6.0, "num_boost_round": 13.0}, "datetime": {"datetime": "2024-01-19 00:19:58", "elapsed": 501.622513, "delta": 0.001253}}
{"target": -13.757858511206113, "params": {"gamma": 423.0845540557271, "log10_alpha": -0.25590260926845687, "log10_colsample_bytree": -0.6365021177300695, "log10_eta": -2.4324845284853946, "log10_lambda": -4.301292933194624, "log10_min_child_weight": 3.272707902287771, "log10_subsample": -0.8576324407433393, "max_depth": 6.0, "num_boost_round": 14.0}, "datetime": {"datetime": "2024-01-19 00:19:58", "elapsed": 501.623748, "delta": 0.001235}}
{"target": -13.757774545966024, "params": {"gamma": 423.0845540557271, "log10_alpha": -0.25590260926845687, "log10_colsample_bytree": -0.6365021177300695, "log10_eta": -2.4324845284853946, "log10_lambda": -4.301292933194624, "log10_min_child_weight": 3.272707902287771, "log10_subsample": -0.8576324407433393, "max_depth": 6.0, "num_boost_round": 15.0}, "datetime": {"datetime": "2024-01-19 00:19:58", "elapsed": 501.62499, "delta": 0.001242}}
{"target": -13.757829803360488, "params": {"gamma": 423.0845540557271, "log10_alpha": -0.25590260926845687, "log10_colsample_bytree": -0.6365021177300695, "log10_eta": -2.4324845284853946, "log10_lambda": -4.301292933194624, "log10_min_child_weight": 3.272707902287771, "log10_subsample": -0.8576324407433393, "max_depth": 6.0, "num_boost_round": 16.0}, "datetime": {"datetime": "2024-01-19 00:19:58", "elapsed": 501.62624, "delta": 0.00125}}
{"target": -13.757815613015982, "params": {"gamma": 423.0845540557271, "log10_alpha": -0.25590260926845687, "log10_colsample_bytree": -0.6365021177300695, "log10_eta": -2.4324845284853946, "log10_lambda": -4.301292933194624, "log10_min_child_weight": 3.272707902287771, "log10_subsample": -0.8576324407433393, "max_depth": 6.0, "num_boost_round": 17.0}, "datetime": {"datetime": "2024-01-19 00:19:58", "elapsed": 501.627484, "delta": 0.001244}}
{"target": -13.757902358419413, "params": {"gamma": 423.0845540557271, "log10_alpha": -0.25590260926845687, "log10_colsample_bytree": -0.6365021177300695, "log10_eta": -2.4324845284853946, "log10_lambda": -4.301292933194624, "log10_min_child_weight": 3.272707902287771, "log10_subsample": -0.8576324407433393, "max_depth": 6.0, "num_boost_round": 18.0}, "datetime": {"datetime": "2024-01-19 00:19:58", "elapsed": 501.628727, "delta": 0.001243}}
{"target": -13.757816298172033, "params": {"gamma": 423.0845540557271, "log10_alpha": -0.25590260926845687, "log10_colsample_bytree": -0.6365021177300695, "log10_eta": -2.4324845284853946, "log10_lambda": -4.301292933194624, "log10_min_child_weight": 3.272707902287771, "log10_subsample": -0.8576324407433393, "max_depth": 6.0, "num_boost_round": 19.0}, "datetime": {"datetime": "2024-01-19 00:19:58", "elapsed": 501.630113, "delta": 0.001386}}
{"target": -13.757751240178075, "params": {"gamma": 423.0845540557271, "log10_alpha": -0.25590260926845687, "log10_colsample_bytree": -0.6365021177300695, "log10_eta": -2.4324845284853946, "log10_lambda": -4.301292933194624, "log10_min_child_weight": 3.272707902287771, "log10_subsample": -0.8576324407433393, "max_depth": 6.0, "num_boost_round": 20.0}, "datetime": {"datetime": "2024-01-19 00:19:58", "elapsed": 501.631378, "delta": 0.001265}}
{"target": -13.757751633948779, "params": {"gamma": 423.0845540557271, "log10_alpha": -0.25590260926845687, "log10_colsample_bytree": -0.6365021177300695, "log10_eta": -2.4324845284853946, "log10_lambda": -4.301292933194624, "log10_min_child_weight": 3.272707902287771, "log10_subsample": -0.8576324407433393, "max_depth": 6.0, "num_boost_round": 21.0}, "datetime": {"datetime": "2024-01-19 00:19:58", "elapsed": 501.632633, "delta": 0.001255}}
{"target": -13.757721139035965, "params": {"gamma": 423.0845540557271, "log10_alpha": -0.25590260926845687, "log10_colsample_bytree": -0.6365021177300695, "log10_eta": -2.4324845284853946, "log10_lambda": -4.301292933194624, "log10_min_child_weight": 3.272707902287771, "log10_subsample": -0.8576324407433393, "max_depth": 6.0, "num_boost_round": 22.0}, "datetime": {"datetime": "2024-01-19 00:19:58", "elapsed": 501.633888, "delta": 0.001255}}
{"target": -13.757724460966939, "params": {"gamma": 423.0845540557271, "log10_alpha": -0.25590260926845687, "log10_colsample_bytree": -0.6365021177300695, "log10_eta": -2.4324845284853946, "log10_lambda": -4.301292933194624, "log10_min_child_weight": 3.272707902287771, "log10_subsample": -0.8576324407433393, "max_depth": 6.0, "num_boost_round": 23.0}, "datetime": {"datetime": "2024-01-19 00:19:58", "elapsed": 501.63514, "delta": 0.001252}}
{"target": -13.757676708471159, "params": {"gamma": 423.0845540557271, "log10_alpha": -0.25590260926845687, "log10_colsample_bytree": -0.6365021177300695, "log10_eta": -2.4324845284853946, "log10_lambda": -4.301292933194624, "log10_min_child_weight": 3.272707902287771, "log10_subsample": -0.8576324407433393, "max_depth": 6.0, "num_boost_round": 24.0}, "datetime": {"datetime": "2024-01-19 00:19:58", "elapsed": 501.636389, "delta": 0.001249}}
{"target": -13.75765807426811, "params": {"gamma": 423.0845540557271, "log10_alpha": -0.25590260926845687, "log10_colsample_bytree": -0.6365021177300695, "log10_eta": -2.4324845284853946, "log10_lambda": -4.301292933194624, "log10_min_child_weight": 3.272707902287771, "log10_subsample": -0.8576324407433393, "max_depth": 6.0, "num_boost_round": 25.0}, "datetime": {"datetime": "2024-01-19 00:19:58", "elapsed": 501.637639, "delta": 0.00125}}
{"target": -13.757596701289051, "params": {"gamma": 423.0845540557271, "log10_alpha": -0.25590260926845687, "log10_colsample_bytree": -0.6365021177300695, "log10_eta": -2.4324845284853946, "log10_lambda": -4.301292933194624, "log10_min_child_weight": 3.272707902287771, "log10_subsample": -0.8576324407433393, "max_depth": 6.0, "num_boost_round": 26.0}, "datetime": {"datetime": "2024-01-19 00:19:58", "elapsed": 501.638903, "delta": 0.001264}}
{"target": -13.757540434882554, "params": {"gamma": 423.0845540557271, "log10_alpha": -0.25590260926845687, "log10_colsample_bytree": -0.6365021177300695, "log10_eta": -2.4324845284853946, "log10_lambda": -4.301292933194624, "log10_min_child_weight": 3.272707902287771, "log10_subsample": -0.8576324407433393, "max_depth": 6.0, "num_boost_round": 27.0}, "datetime": {"datetime": "2024-01-19 00:19:58", "elapsed": 501.640169, "delta": 0.001266}}
{"target": -13.757479128551585, "params": {"gamma": 423.0845540557271, "log10_alpha": -0.25590260926845687, "log10_colsample_bytree": -0.6365021177300695, "log10_eta": -2.4324845284853946, "log10_lambda": -4.301292933194624, "log10_min_child_weight": 3.272707902287771, "log10_subsample": -0.8576324407433393, "max_depth": 6.0, "num_boost_round": 28.0}, "datetime": {"datetime": "2024-01-19 00:19:58", "elapsed": 501.641411, "delta": 0.001242}}
{"target": -13.757407541137297, "params": {"gamma": 423.0845540557271, "log10_alpha": -0.25590260926845687, "log10_colsample_bytree": -0.6365021177300695, "log10_eta": -2.4324845284853946, "log10_lambda": -4.301292933194624, "log10_min_child_weight": 3.272707902287771, "log10_subsample": -0.8576324407433393, "max_depth": 6.0, "num_boost_round": 29.0}, "datetime": {"datetime": "2024-01-19 00:19:58", "elapsed": 501.642735, "delta": 0.001324}}
{"target": -13.757363264441093, "params": {"gamma": 423.0845540557271, "log10_alpha": -0.25590260926845687, "log10_colsample_bytree": -0.6365021177300695, "log10_eta": -2.4324845284853946, "log10_lambda": -4.301292933194624, "log10_min_child_weight": 3.272707902287771, "log10_subsample": -0.8576324407433393, "max_depth": 6.0, "num_boost_round": 30.0}, "datetime": {"datetime": "2024-01-19 00:19:58", "elapsed": 501.643996, "delta": 0.001261}}
