{"target": -17.677080371959406, "params": {"gamma": 433.5978461612448, "log10_alpha": 0.6902420292497089, "log10_colsample_bytree": -0.5873889453912517, "log10_eta": -3.3960781783190632, "log10_lambda": -0.5908979804213086, "log10_min_child_weight": 0.3198921900942575, "log10_subsample": -0.0017233316097843288, "max_depth": 4.0, "num_boost_round": 14.0}, "datetime": {"datetime": "2024-01-19 01:16:53", "elapsed": 3918.381021, "delta": 0.003132}}
{"target": -17.677072263049574, "params": {"gamma": 433.5978461612448, "log10_alpha": 0.6902420292497089, "log10_colsample_bytree": -0.5873889453912517, "log10_eta": -3.3960781783190632, "log10_lambda": -0.5908979804213086, "log10_min_child_weight": 0.3198921900942575, "log10_subsample": -0.0017233316097843288, "max_depth": 4.0, "num_boost_round": 15.0}, "datetime": {"datetime": "2024-01-19 01:16:53", "elapsed": 3918.384009, "delta": 0.002988}}
{"target": -17.677065203136863, "params": {"gamma": 433.5978461612448, "log10_alpha": 0.6902420292497089, "log10_colsample_bytree": -0.5873889453912517, "log10_eta": -3.3960781783190632, "log10_lambda": -0.5908979804213086, "log10_min_child_weight": 0.3198921900942575, "log10_subsample": -0.0017233316097843288, "max_depth": 4.0, "num_boost_round": 16.0}, "datetime": {"datetime": "2024-01-19 01:16:53", "elapsed": 3918.387008, "delta": 0.002999}}
{"target": -17.677064944450056, "params": {"gamma": 433.5978461612448, "log10_alpha": 0.6902420292497089, "log10_colsample_bytree": -0.5873889453912517, "log10_eta": -3.3960781783190632, "log10_lambda": -0.5908979804213086, "log10_min_child_weight": 0.3198921900942575, "log10_subsample": -0.0017233316097843288, "max_depth": 4.0, "num_boost_round": 17.0}, "datetime": {"datetime": "2024-01-19 01:16:53", "elapsed": 3918.39, "delta": 0.002992}}
{"target": -17.67704245459118, "params": {"gamma": 433.5978461612448, "log10_alpha": 0.6902420292497089, "log10_colsample_bytree": -0.5873889453912517, "log10_eta": -3.3960781783190632, "log10_lambda": -0.5908979804213086, "log10_min_child_weight": 0.3198921900942575, "log10_subsample": -0.0017233316097843288, "max_depth": 4.0, "num_boost_round": 18.0}, "datetime": {"datetime": "2024-01-19 01:16:53", "elapsed": 3918.393106, "delta": 0.003106}}
{"target": -17.677036640551385, "params": {"gamma": 433.5978461612448, "log10_alpha": 0.6902420292497089, "log10_colsample_bytree": -0.5873889453912517, "log10_eta": -3.3960781783190632, "log10_lambda": -0.5908979804213086, "log10_min_child_weight": 0.3198921900942575, "log10_subsample": -0.0017233316097843288, "max_depth": 4.0, "num_boost_round": 19.0}, "datetime": {"datetime": "2024-01-19 01:16:53", "elapsed": 3918.396122, "delta": 0.003016}}
{"target": -17.677022322819116, "params": {"gamma": 433.5978461612448, "log10_alpha": 0.6902420292497089, "log10_colsample_bytree": -0.5873889453912517, "log10_eta": -3.3960781783190632, "log10_lambda": -0.5908979804213086, "log10_min_child_weight": 0.3198921900942575, "log10_subsample": -0.0017233316097843288, "max_depth": 4.0, "num_boost_round": 20.0}, "datetime": {"datetime": "2024-01-19 01:16:53", "elapsed": 3918.399105, "delta": 0.002983}}
{"target": -17.67700149952819, "params": {"gamma": 433.5978461612448, "log10_alpha": 0.6902420292497089, "log10_colsample_bytree": -0.5873889453912517, "log10_eta": -3.3960781783190632, "log10_lambda": -0.5908979804213086, "log10_min_child_weight": 0.3198921900942575, "log10_subsample": -0.0017233316097843288, "max_depth": 4.0, "num_boost_round": 21.0}, "datetime": {"datetime": "2024-01-19 01:16:53", "elapsed": 3918.402093, "delta": 0.002988}}
{"target": -17.67697499368702, "params": {"gamma": 433.5978461612448, "log10_alpha": 0.6902420292497089, "log10_colsample_bytree": -0.5873889453912517, "log10_eta": -3.3960781783190632, "log10_lambda": -0.5908979804213086, "log10_min_child_weight": 0.3198921900942575, "log10_subsample": -0.0017233316097843288, "max_depth": 4.0, "num_boost_round": 22.0}, "datetime": {"datetime": "2024-01-19 01:16:53", "elapsed": 3918.405071, "delta": 0.002978}}
{"target": -17.67696738249191, "params": {"gamma": 433.5978461612448, "log10_alpha": 0.6902420292497089, "log10_colsample_bytree": -0.5873889453912517, "log10_eta": -3.3960781783190632, "log10_lambda": -0.5908979804213086, "log10_min_child_weight": 0.3198921900942575, "log10_subsample": -0.0017233316097843288, "max_depth": 4.0, "num_boost_round": 23.0}, "datetime": {"datetime": "2024-01-19 01:16:53", "elapsed": 3918.408073, "delta": 0.003002}}
{"target": -17.676962726482298, "params": {"gamma": 433.5978461612448, "log10_alpha": 0.6902420292497089, "log10_colsample_bytree": -0.5873889453912517, "log10_eta": -3.3960781783190632, "log10_lambda": -0.5908979804213086, "log10_min_child_weight": 0.3198921900942575, "log10_subsample": -0.0017233316097843288, "max_depth": 4.0, "num_boost_round": 24.0}, "datetime": {"datetime": "2024-01-19 01:16:53", "elapsed": 3918.411152, "delta": 0.003079}}
{"target": -17.676950026222595, "params": {"gamma": 433.5978461612448, "log10_alpha": 0.6902420292497089, "log10_colsample_bytree": -0.5873889453912517, "log10_eta": -3.3960781783190632, "log10_lambda": -0.5908979804213086, "log10_min_child_weight": 0.3198921900942575, "log10_subsample": -0.0017233316097843288, "max_depth": 4.0, "num_boost_round": 25.0}, "datetime": {"datetime": "2024-01-19 01:16:53", "elapsed": 3918.414264, "delta": 0.003112}}
{"target": -17.6769416545418, "params": {"gamma": 433.5978461612448, "log10_alpha": 0.6902420292497089, "log10_colsample_bytree": -0.5873889453912517, "log10_eta": -3.3960781783190632, "log10_lambda": -0.5908979804213086, "log10_min_child_weight": 0.3198921900942575, "log10_subsample": -0.0017233316097843288, "max_depth": 4.0, "num_boost_round": 26.0}, "datetime": {"datetime": "2024-01-19 01:16:53", "elapsed": 3918.417277, "delta": 0.003013}}
{"target": -17.676933186799513, "params": {"gamma": 433.5978461612448, "log10_alpha": 0.6902420292497089, "log10_colsample_bytree": -0.5873889453912517, "log10_eta": -3.3960781783190632, "log10_lambda": -0.5908979804213086, "log10_min_child_weight": 0.3198921900942575, "log10_subsample": -0.0017233316097843288, "max_depth": 4.0, "num_boost_round": 27.0}, "datetime": {"datetime": "2024-01-19 01:16:53", "elapsed": 3918.420287, "delta": 0.00301}}
{"target": -17.676920237173952, "params": {"gamma": 433.5978461612448, "log10_alpha": 0.6902420292497089, "log10_colsample_bytree": -0.5873889453912517, "log10_eta": -3.3960781783190632, "log10_lambda": -0.5908979804213086, "log10_min_child_weight": 0.3198921900942575, "log10_subsample": -0.0017233316097843288, "max_depth": 4.0, "num_boost_round": 28.0}, "datetime": {"datetime": "2024-01-19 01:16:53", "elapsed": 3918.423295, "delta": 0.003008}}
{"target": -17.677232018861886, "params": {"gamma": 420.9039674586216, "log10_alpha": -0.2136565942032984, "log10_colsample_bytree": -0.227795748856765, "log10_eta": -3.756463373937474, "log10_lambda": -4.657158464800293, "log10_min_child_weight": 3.571572849556307, "log10_subsample": -0.763251413661813, "max_depth": 6.0, "num_boost_round": 0.0}, "datetime": {"datetime": "2024-01-19 01:17:47", "elapsed": 3971.840275, "delta": 53.41698}}
{"target": -17.67722529669945, "params": {"gamma": 420.9039674586216, "log10_alpha": -0.2136565942032984, "log10_colsample_bytree": -0.227795748856765, "log10_eta": -3.756463373937474, "log10_lambda": -4.657158464800293, "log10_min_child_weight": 3.571572849556307, "log10_subsample": -0.763251413661813, "max_depth": 6.0, "num_boost_round": 1.0}, "datetime": {"datetime": "2024-01-19 01:17:47", "elapsed": 3971.844765, "delta": 0.00449}}
{"target": -17.677220760933533, "params": {"gamma": 420.9039674586216, "log10_alpha": -0.2136565942032984, "log10_colsample_bytree": -0.227795748856765, "log10_eta": -3.756463373937474, "log10_lambda": -4.657158464800293, "log10_min_child_weight": 3.571572849556307, "log10_subsample": -0.763251413661813, "max_depth": 6.0, "num_boost_round": 2.0}, "datetime": {"datetime": "2024-01-19 01:17:47", "elapsed": 3971.84787, "delta": 0.003105}}
{"target": -17.67721976125555, "params": {"gamma": 420.9039674586216, "log10_alpha": -0.2136565942032984, "log10_colsample_bytree": -0.227795748856765, "log10_eta": -3.756463373937474, "log10_lambda": -4.657158464800293, "log10_min_child_weight": 3.571572849556307, "log10_subsample": -0.763251413661813, "max_depth": 6.0, "num_boost_round": 3.0}, "datetime": {"datetime": "2024-01-19 01:17:47", "elapsed": 3971.850987, "delta": 0.003117}}
{"target": -17.677219618533265, "params": {"gamma": 420.9039674586216, "log10_alpha": -0.2136565942032984, "log10_colsample_bytree": -0.227795748856765, "log10_eta": -3.756463373937474, "log10_lambda": -4.657158464800293, "log10_min_child_weight": 3.571572849556307, "log10_subsample": -0.763251413661813, "max_depth": 6.0, "num_boost_round": 4.0}, "datetime": {"datetime": "2024-01-19 01:17:47", "elapsed": 3971.85414, "delta": 0.003153}}
{"target": -17.677222822731046, "params": {"gamma": 420.9039674586216, "log10_alpha": -0.2136565942032984, "log10_colsample_bytree": -0.227795748856765, "log10_eta": -3.756463373937474, "log10_lambda": -4.657158464800293, "log10_min_child_weight": 3.571572849556307, "log10_subsample": -0.763251413661813, "max_depth": 6.0, "num_boost_round": 5.0}, "datetime": {"datetime": "2024-01-19 01:17:47", "elapsed": 3971.857193, "delta": 0.003053}}
{"target": -17.677219289607613, "params": {"gamma": 420.9039674586216, "log10_alpha": -0.2136565942032984, "log10_colsample_bytree": -0.227795748856765, "log10_eta": -3.756463373937474, "log10_lambda": -4.657158464800293, "log10_min_child_weight": 3.571572849556307, "log10_subsample": -0.763251413661813, "max_depth": 6.0, "num_boost_round": 6.0}, "datetime": {"datetime": "2024-01-19 01:17:47", "elapsed": 3971.860234, "delta": 0.003041}}
{"target": -17.67721492218845, "params": {"gamma": 420.9039674586216, "log10_alpha": -0.2136565942032984, "log10_colsample_bytree": -0.227795748856765, "log10_eta": -3.756463373937474, "log10_lambda": -4.657158464800293, "log10_min_child_weight": 3.571572849556307, "log10_subsample": -0.763251413661813, "max_depth": 6.0, "num_boost_round": 7.0}, "datetime": {"datetime": "2024-01-19 01:17:47", "elapsed": 3971.863311, "delta": 0.003077}}
{"target": -17.677208926931776, "params": {"gamma": 420.9039674586216, "log10_alpha": -0.2136565942032984, "log10_colsample_bytree": -0.227795748856765, "log10_eta": -3.756463373937474, "log10_lambda": -4.657158464800293, "log10_min_child_weight": 3.571572849556307, "log10_subsample": -0.763251413661813, "max_depth": 6.0, "num_boost_round": 8.0}, "datetime": {"datetime": "2024-01-19 01:17:47", "elapsed": 3971.866346, "delta": 0.003035}}
{"target": -17.677207497068743, "params": {"gamma": 420.9039674586216, "log10_alpha": -0.2136565942032984, "log10_colsample_bytree": -0.227795748856765, "log10_eta": -3.756463373937474, "log10_lambda": -4.657158464800293, "log10_min_child_weight": 3.571572849556307, "log10_subsample": -0.763251413661813, "max_depth": 6.0, "num_boost_round": 9.0}, "datetime": {"datetime": "2024-01-19 01:17:47", "elapsed": 3971.869391, "delta": 0.003045}}
{"target": -17.677198533849857, "params": {"gamma": 420.9039674586216, "log10_alpha": -0.2136565942032984, "log10_colsample_bytree": -0.227795748856765, "log10_eta": -3.756463373937474, "log10_lambda": -4.657158464800293, "log10_min_child_weight": 3.571572849556307, "log10_subsample": -0.763251413661813, "max_depth": 6.0, "num_boost_round": 10.0}, "datetime": {"datetime": "2024-01-19 01:17:47", "elapsed": 3971.87245, "delta": 0.003059}}
{"target": -17.677191722920522, "params": {"gamma": 420.9039674586216, "log10_alpha": -0.2136565942032984, "log10_colsample_bytree": -0.227795748856765, "log10_eta": -3.756463373937474, "log10_lambda": -4.657158464800293, "log10_min_child_weight": 3.571572849556307, "log10_subsample": -0.763251413661813, "max_depth": 6.0, "num_boost_round": 11.0}, "datetime": {"datetime": "2024-01-19 01:17:47", "elapsed": 3971.875708, "delta": 0.003258}}
{"target": -17.677187399882193, "params": {"gamma": 420.9039674586216, "log10_alpha": -0.2136565942032984, "log10_colsample_bytree": -0.227795748856765, "log10_eta": -3.756463373937474, "log10_lambda": -4.657158464800293, "log10_min_child_weight": 3.571572849556307, "log10_subsample": -0.763251413661813, "max_depth": 6.0, "num_boost_round": 12.0}, "datetime": {"datetime": "2024-01-19 01:17:47", "elapsed": 3971.878879, "delta": 0.003171}}
{"target": -17.677181780353585, "params": {"gamma": 420.9039674586216, "log10_alpha": -0.2136565942032984, "log10_colsample_bytree": -0.227795748856765, "log10_eta": -3.756463373937474, "log10_lambda": -4.657158464800293, "log10_min_child_weight": 3.571572849556307, "log10_subsample": -0.763251413661813, "max_depth": 6.0, "num_boost_round": 13.0}, "datetime": {"datetime": "2024-01-19 01:17:47", "elapsed": 3971.882093, "delta": 0.003214}}
{"target": -17.67718088770362, "params": {"gamma": 420.9039674586216, "log10_alpha": -0.2136565942032984, "log10_colsample_bytree": -0.227795748856765, "log10_eta": -3.756463373937474, "log10_lambda": -4.657158464800293, "log10_min_child_weight": 3.571572849556307, "log10_subsample": -0.763251413661813, "max_depth": 6.0, "num_boost_round": 14.0}, "datetime": {"datetime": "2024-01-19 01:17:47", "elapsed": 3971.885227, "delta": 0.003134}}
{"target": -17.677172388682873, "params": {"gamma": 420.9039674586216, "log10_alpha": -0.2136565942032984, "log10_colsample_bytree": -0.227795748856765, "log10_eta": -3.756463373937474, "log10_lambda": -4.657158464800293, "log10_min_child_weight": 3.571572849556307, "log10_subsample": -0.763251413661813, "max_depth": 6.0, "num_boost_round": 15.0}, "datetime": {"datetime": "2024-01-19 01:17:47", "elapsed": 3971.888301, "delta": 0.003074}}
{"target": -17.67717583195747, "params": {"gamma": 420.9039674586216, "log10_alpha": -0.2136565942032984, "log10_colsample_bytree": -0.227795748856765, "log10_eta": -3.756463373937474, "log10_lambda": -4.657158464800293, "log10_min_child_weight": 3.571572849556307, "log10_subsample": -0.763251413661813, "max_depth": 6.0, "num_boost_round": 16.0}, "datetime": {"datetime": "2024-01-19 01:17:47", "elapsed": 3971.89138, "delta": 0.003079}}
{"target": -17.67717591681726, "params": {"gamma": 420.9039674586216, "log10_alpha": -0.2136565942032984, "log10_colsample_bytree": -0.227795748856765, "log10_eta": -3.756463373937474, "log10_lambda": -4.657158464800293, "log10_min_child_weight": 3.571572849556307, "log10_subsample": -0.763251413661813, "max_depth": 6.0, "num_boost_round": 17.0}, "datetime": {"datetime": "2024-01-19 01:17:47", "elapsed": 3971.894507, "delta": 0.003127}}
{"target": -17.677172324469495, "params": {"gamma": 420.9039674586216, "log10_alpha": -0.2136565942032984, "log10_colsample_bytree": -0.227795748856765, "log10_eta": -3.756463373937474, "log10_lambda": -4.657158464800293, "log10_min_child_weight": 3.571572849556307, "log10_subsample": -0.763251413661813, "max_depth": 6.0, "num_boost_round": 18.0}, "datetime": {"datetime": "2024-01-19 01:17:47", "elapsed": 3971.897536, "delta": 0.003029}}
{"target": -17.67716954504534, "params": {"gamma": 420.9039674586216, "log10_alpha": -0.2136565942032984, "log10_colsample_bytree": -0.227795748856765, "log10_eta": -3.756463373937474, "log10_lambda": -4.657158464800293, "log10_min_child_weight": 3.571572849556307, "log10_subsample": -0.763251413661813, "max_depth": 6.0, "num_boost_round": 19.0}, "datetime": {"datetime": "2024-01-19 01:17:47", "elapsed": 3971.900571, "delta": 0.003035}}
{"target": -17.67716718559153, "params": {"gamma": 420.9039674586216, "log10_alpha": -0.2136565942032984, "log10_colsample_bytree": -0.227795748856765, "log10_eta": -3.756463373937474, "log10_lambda": -4.657158464800293, "log10_min_child_weight": 3.571572849556307, "log10_subsample": -0.763251413661813, "max_depth": 6.0, "num_boost_round": 20.0}, "datetime": {"datetime": "2024-01-19 01:17:47", "elapsed": 3971.90361, "delta": 0.003039}}
{"target": -17.67716594155091, "params": {"gamma": 420.9039674586216, "log10_alpha": -0.2136565942032984, "log10_colsample_bytree": -0.227795748856765, "log10_eta": -3.756463373937474, "log10_lambda": -4.657158464800293, "log10_min_child_weight": 3.571572849556307, "log10_subsample": -0.763251413661813, "max_depth": 6.0, "num_boost_round": 21.0}, "datetime": {"datetime": "2024-01-19 01:17:47", "elapsed": 3971.90664, "delta": 0.00303}}
{"target": -17.677157967721303, "params": {"gamma": 420.9039674586216, "log10_alpha": -0.2136565942032984, "log10_colsample_bytree": -0.227795748856765, "log10_eta": -3.756463373937474, "log10_lambda": -4.657158464800293, "log10_min_child_weight": 3.571572849556307, "log10_subsample": -0.763251413661813, "max_depth": 6.0, "num_boost_round": 22.0}, "datetime": {"datetime": "2024-01-19 01:17:47", "elapsed": 3971.909743, "delta": 0.003103}}
{"target": -17.677156903835385, "params": {"gamma": 420.9039674586216, "log10_alpha": -0.2136565942032984, "log10_colsample_bytree": -0.227795748856765, "log10_eta": -3.756463373937474, "log10_lambda": -4.657158464800293, "log10_min_child_weight": 3.571572849556307, "log10_subsample": -0.763251413661813, "max_depth": 6.0, "num_boost_round": 23.0}, "datetime": {"datetime": "2024-01-19 01:17:47", "elapsed": 3971.91281, "delta": 0.003067}}
{"target": -17.67715782344924, "params": {"gamma": 420.9039674586216, "log10_alpha": -0.2136565942032984, "log10_colsample_bytree": -0.227795748856765, "log10_eta": -3.756463373937474, "log10_lambda": -4.657158464800293, "log10_min_child_weight": 3.571572849556307, "log10_subsample": -0.763251413661813, "max_depth": 6.0, "num_boost_round": 24.0}, "datetime": {"datetime": "2024-01-19 01:17:47", "elapsed": 3971.915896, "delta": 0.003086}}
{"target": -17.677152839571583, "params": {"gamma": 420.9039674586216, "log10_alpha": -0.2136565942032984, "log10_colsample_bytree": -0.227795748856765, "log10_eta": -3.756463373937474, "log10_lambda": -4.657158464800293, "log10_min_child_weight": 3.571572849556307, "log10_subsample": -0.763251413661813, "max_depth": 6.0, "num_boost_round": 25.0}, "datetime": {"datetime": "2024-01-19 01:17:47", "elapsed": 3971.91892, "delta": 0.003024}}
{"target": -17.67715702412349, "params": {"gamma": 420.9039674586216, "log10_alpha": -0.2136565942032984, "log10_colsample_bytree": -0.227795748856765, "log10_eta": -3.756463373937474, "log10_lambda": -4.657158464800293, "log10_min_child_weight": 3.571572849556307, "log10_subsample": -0.763251413661813, "max_depth": 6.0, "num_boost_round": 26.0}, "datetime": {"datetime": "2024-01-19 01:17:47", "elapsed": 3971.921938, "delta": 0.003018}}
{"target": -17.677125507593207, "params": {"gamma": 431.8713606057596, "log10_alpha": -3.999047668606471, "log10_colsample_bytree": -0.17869883682744792, "log10_eta": -2.468938667427967, "log10_lambda": -1.8317217501476302, "log10_min_child_weight": 3.308773123527027, "log10_subsample": -0.7765453699940269, "max_depth": 8.0, "num_boost_round": 0.0}, "datetime": {"datetime": "2024-01-19 01:18:31", "elapsed": 4015.761614, "delta": 43.839676}}
{"target": -17.67706452446181, "params": {"gamma": 431.8713606057596, "log10_alpha": -3.999047668606471, "log10_colsample_bytree": -0.17869883682744792, "log10_eta": -2.468938667427967, "log10_lambda": -1.8317217501476302, "log10_min_child_weight": 3.308773123527027, "log10_subsample": -0.7765453699940269, "max_depth": 8.0, "num_boost_round": 1.0}, "datetime": {"datetime": "2024-01-19 01:18:31", "elapsed": 4015.765227, "delta": 0.003613}}
{"target": -17.676958348722717, "params": {"gamma": 431.8713606057596, "log10_alpha": -3.999047668606471, "log10_colsample_bytree": -0.17869883682744792, "log10_eta": -2.468938667427967, "log10_lambda": -1.8317217501476302, "log10_min_child_weight": 3.308773123527027, "log10_subsample": -0.7765453699940269, "max_depth": 8.0, "num_boost_round": 2.0}, "datetime": {"datetime": "2024-01-19 01:18:31", "elapsed": 4015.768365, "delta": 0.003138}}
{"target": -17.676963316941467, "params": {"gamma": 431.8713606057596, "log10_alpha": -3.999047668606471, "log10_colsample_bytree": -0.17869883682744792, "log10_eta": -2.468938667427967, "log10_lambda": -1.8317217501476302, "log10_min_child_weight": 3.308773123527027, "log10_subsample": -0.7765453699940269, "max_depth": 8.0, "num_boost_round": 3.0}, "datetime": {"datetime": "2024-01-19 01:18:31", "elapsed": 4015.771482, "delta": 0.003117}}
{"target": -17.676850324464382, "params": {"gamma": 431.8713606057596, "log10_alpha": -3.999047668606471, "log10_colsample_bytree": -0.17869883682744792, "log10_eta": -2.468938667427967, "log10_lambda": -1.8317217501476302, "log10_min_child_weight": 3.308773123527027, "log10_subsample": -0.7765453699940269, "max_depth": 8.0, "num_boost_round": 4.0}, "datetime": {"datetime": "2024-01-19 01:18:31", "elapsed": 4015.774752, "delta": 0.00327}}
{"target": -17.67676200429359, "params": {"gamma": 431.8713606057596, "log10_alpha": -3.999047668606471, "log10_colsample_bytree": -0.17869883682744792, "log10_eta": -2.468938667427967, "log10_lambda": -1.8317217501476302, "log10_min_child_weight": 3.308773123527027, "log10_subsample": -0.7765453699940269, "max_depth": 8.0, "num_boost_round": 5.0}, "datetime": {"datetime": "2024-01-19 01:18:31", "elapsed": 4015.777919, "delta": 0.003167}}
{"target": -17.676585831889845, "params": {"gamma": 431.8713606057596, "log10_alpha": -3.999047668606471, "log10_colsample_bytree": -0.17869883682744792, "log10_eta": -2.468938667427967, "log10_lambda": -1.8317217501476302, "log10_min_child_weight": 3.308773123527027, "log10_subsample": -0.7765453699940269, "max_depth": 8.0, "num_boost_round": 6.0}, "datetime": {"datetime": "2024-01-19 01:18:31", "elapsed": 4015.781075, "delta": 0.003156}}
