{"target": -17.692352847726024, "params": {"gamma": 213.11373317856263, "log10_alpha": -3.2610457867215645, "log10_colsample_bytree": -0.23905557027142166, "log10_eta": -0.5227287047909366, "log10_lambda": 0.6994716538014236, "log10_min_child_weight": 1.6338038894317564, "log10_subsample": -0.6489026637986908, "max_depth": 2.0, "num_boost_round": 11.0}, "datetime": {"datetime": "2024-01-19 00:12:53", "elapsed": 57.889038, "delta": 0.000287}}
{"target": -17.702017435408816, "params": {"gamma": 213.11373317856263, "log10_alpha": -3.2610457867215645, "log10_colsample_bytree": -0.23905557027142166, "log10_eta": -0.5227287047909366, "log10_lambda": 0.6994716538014236, "log10_min_child_weight": 1.6338038894317564, "log10_subsample": -0.6489026637986908, "max_depth": 2.0, "num_boost_round": 12.0}, "datetime": {"datetime": "2024-01-19 00:12:53", "elapsed": 57.889327, "delta": 0.000289}}
{"target": -17.70663327340597, "params": {"gamma": 213.11373317856263, "log10_alpha": -3.2610457867215645, "log10_colsample_bytree": -0.23905557027142166, "log10_eta": -0.5227287047909366, "log10_lambda": 0.6994716538014236, "log10_min_child_weight": 1.6338038894317564, "log10_subsample": -0.6489026637986908, "max_depth": 2.0, "num_boost_round": 13.0}, "datetime": {"datetime": "2024-01-19 00:12:53", "elapsed": 57.889759, "delta": 0.000432}}
{"target": -17.756485850718313, "params": {"gamma": 213.11373317856263, "log10_alpha": -3.2610457867215645, "log10_colsample_bytree": -0.23905557027142166, "log10_eta": -0.5227287047909366, "log10_lambda": 0.6994716538014236, "log10_min_child_weight": 1.6338038894317564, "log10_subsample": -0.6489026637986908, "max_depth": 2.0, "num_boost_round": 14.0}, "datetime": {"datetime": "2024-01-19 00:12:53", "elapsed": 57.890049, "delta": 0.00029}}
{"target": -17.67722313348487, "params": {"gamma": 215.41670353756675, "log10_alpha": -3.9178937518156394, "log10_colsample_bytree": -0.5264687260873904, "log10_eta": -3.4094766035556607, "log10_lambda": -2.3457781625717056, "log10_min_child_weight": 1.086057769591343, "log10_subsample": -0.8180022545627962, "max_depth": 2.0, "num_boost_round": 0.0}, "datetime": {"datetime": "2024-01-19 00:13:11", "elapsed": 76.170847, "delta": 18.280798}}
{"target": -17.67721301811675, "params": {"gamma": 215.41670353756675, "log10_alpha": -3.9178937518156394, "log10_colsample_bytree": -0.5264687260873904, "log10_eta": -3.4094766035556607, "log10_lambda": -2.3457781625717056, "log10_min_child_weight": 1.086057769591343, "log10_subsample": -0.8180022545627962, "max_depth": 2.0, "num_boost_round": 1.0}, "datetime": {"datetime": "2024-01-19 00:13:11", "elapsed": 76.171373, "delta": 0.000526}}
{"target": -17.67720680102734, "params": {"gamma": 215.41670353756675, "log10_alpha": -3.9178937518156394, "log10_colsample_bytree": -0.5264687260873904, "log10_eta": -3.4094766035556607, "log10_lambda": -2.3457781625717056, "log10_min_child_weight": 1.086057769591343, "log10_subsample": -0.8180022545627962, "max_depth": 2.0, "num_boost_round": 2.0}, "datetime": {"datetime": "2024-01-19 00:13:11", "elapsed": 76.1717, "delta": 0.000327}}
{"target": -17.677202862107855, "params": {"gamma": 215.41670353756675, "log10_alpha": -3.9178937518156394, "log10_colsample_bytree": -0.5264687260873904, "log10_eta": -3.4094766035556607, "log10_lambda": -2.3457781625717056, "log10_min_child_weight": 1.086057769591343, "log10_subsample": -0.8180022545627962, "max_depth": 2.0, "num_boost_round": 3.0}, "datetime": {"datetime": "2024-01-19 00:13:11", "elapsed": 76.172008, "delta": 0.000308}}
{"target": -17.677197813002348, "params": {"gamma": 215.41670353756675, "log10_alpha": -3.9178937518156394, "log10_colsample_bytree": -0.5264687260873904, "log10_eta": -3.4094766035556607, "log10_lambda": -2.3457781625717056, "log10_min_child_weight": 1.086057769591343, "log10_subsample": -0.8180022545627962, "max_depth": 2.0, "num_boost_round": 4.0}, "datetime": {"datetime": "2024-01-19 00:13:11", "elapsed": 76.172297, "delta": 0.000289}}
{"target": -17.677189791420744, "params": {"gamma": 215.41670353756675, "log10_alpha": -3.9178937518156394, "log10_colsample_bytree": -0.5264687260873904, "log10_eta": -3.4094766035556607, "log10_lambda": -2.3457781625717056, "log10_min_child_weight": 1.086057769591343, "log10_subsample": -0.8180022545627962, "max_depth": 2.0, "num_boost_round": 5.0}, "datetime": {"datetime": "2024-01-19 00:13:11", "elapsed": 76.172607, "delta": 0.00031}}
{"target": -17.677181118088672, "params": {"gamma": 215.41670353756675, "log10_alpha": -3.9178937518156394, "log10_colsample_bytree": -0.5264687260873904, "log10_eta": -3.4094766035556607, "log10_lambda": -2.3457781625717056, "log10_min_child_weight": 1.086057769591343, "log10_subsample": -0.8180022545627962, "max_depth": 2.0, "num_boost_round": 6.0}, "datetime": {"datetime": "2024-01-19 00:13:11", "elapsed": 76.172905, "delta": 0.000298}}
{"target": -17.677174030424244, "params": {"gamma": 215.41670353756675, "log10_alpha": -3.9178937518156394, "log10_colsample_bytree": -0.5264687260873904, "log10_eta": -3.4094766035556607, "log10_lambda": -2.3457781625717056, "log10_min_child_weight": 1.086057769591343, "log10_subsample": -0.8180022545627962, "max_depth": 2.0, "num_boost_round": 7.0}, "datetime": {"datetime": "2024-01-19 00:13:11", "elapsed": 76.173204, "delta": 0.000299}}
{"target": -17.677163777957198, "params": {"gamma": 215.41670353756675, "log10_alpha": -3.9178937518156394, "log10_colsample_bytree": -0.5264687260873904, "log10_eta": -3.4094766035556607, "log10_lambda": -2.3457781625717056, "log10_min_child_weight": 1.086057769591343, "log10_subsample": -0.8180022545627962, "max_depth": 2.0, "num_boost_round": 8.0}, "datetime": {"datetime": "2024-01-19 00:13:11", "elapsed": 76.17351, "delta": 0.000306}}
{"target": -17.677148530915563, "params": {"gamma": 215.41670353756675, "log10_alpha": -3.9178937518156394, "log10_colsample_bytree": -0.5264687260873904, "log10_eta": -3.4094766035556607, "log10_lambda": -2.3457781625717056, "log10_min_child_weight": 1.086057769591343, "log10_subsample": -0.8180022545627962, "max_depth": 2.0, "num_boost_round": 9.0}, "datetime": {"datetime": "2024-01-19 00:13:11", "elapsed": 76.17382, "delta": 0.00031}}
{"target": -17.67490544037189, "params": {"gamma": 215.6161537875707, "log10_alpha": -2.6665413170761383, "log10_colsample_bytree": -0.8687616275679164, "log10_eta": -1.2686778364603666, "log10_lambda": -2.977053220086259, "log10_min_child_weight": 1.6893381296655163, "log10_subsample": -0.5945555888459435, "max_depth": 5.0, "num_boost_round": 0.0}, "datetime": {"datetime": "2024-01-19 00:13:31", "elapsed": 95.838876, "delta": 19.665056}}
{"target": -17.67419115956731, "params": {"gamma": 215.6161537875707, "log10_alpha": -2.6665413170761383, "log10_colsample_bytree": -0.8687616275679164, "log10_eta": -1.2686778364603666, "log10_lambda": -2.977053220086259, "log10_min_child_weight": 1.6893381296655163, "log10_subsample": -0.5945555888459435, "max_depth": 5.0, "num_boost_round": 1.0}, "datetime": {"datetime": "2024-01-19 00:13:31", "elapsed": 95.840379, "delta": 0.001503}}
{"target": -17.673604119401045, "params": {"gamma": 215.6161537875707, "log10_alpha": -2.6665413170761383, "log10_colsample_bytree": -0.8687616275679164, "log10_eta": -1.2686778364603666, "log10_lambda": -2.977053220086259, "log10_min_child_weight": 1.6893381296655163, "log10_subsample": -0.5945555888459435, "max_depth": 5.0, "num_boost_round": 2.0}, "datetime": {"datetime": "2024-01-19 00:13:31", "elapsed": 95.840782, "delta": 0.000403}}
{"target": -17.672631923813924, "params": {"gamma": 215.6161537875707, "log10_alpha": -2.6665413170761383, "log10_colsample_bytree": -0.8687616275679164, "log10_eta": -1.2686778364603666, "log10_lambda": -2.977053220086259, "log10_min_child_weight": 1.6893381296655163, "log10_subsample": -0.5945555888459435, "max_depth": 5.0, "num_boost_round": 3.0}, "datetime": {"datetime": "2024-01-19 00:13:31", "elapsed": 95.841114, "delta": 0.000332}}
{"target": -17.6724322083382, "params": {"gamma": 215.6161537875707, "log10_alpha": -2.6665413170761383, "log10_colsample_bytree": -0.8687616275679164, "log10_eta": -1.2686778364603666, "log10_lambda": -2.977053220086259, "log10_min_child_weight": 1.6893381296655163, "log10_subsample": -0.5945555888459435, "max_depth": 5.0, "num_boost_round": 4.0}, "datetime": {"datetime": "2024-01-19 00:13:31", "elapsed": 95.841445, "delta": 0.000331}}
{"target": -17.672109261716432, "params": {"gamma": 215.6161537875707, "log10_alpha": -2.6665413170761383, "log10_colsample_bytree": -0.8687616275679164, "log10_eta": -1.2686778364603666, "log10_lambda": -2.977053220086259, "log10_min_child_weight": 1.6893381296655163, "log10_subsample": -0.5945555888459435, "max_depth": 5.0, "num_boost_round": 5.0}, "datetime": {"datetime": "2024-01-19 00:13:31", "elapsed": 95.841759, "delta": 0.000314}}
{"target": -17.674473524591722, "params": {"gamma": 215.6161537875707, "log10_alpha": -2.6665413170761383, "log10_colsample_bytree": -0.8687616275679164, "log10_eta": -1.2686778364603666, "log10_lambda": -2.977053220086259, "log10_min_child_weight": 1.6893381296655163, "log10_subsample": -0.5945555888459435, "max_depth": 5.0, "num_boost_round": 6.0}, "datetime": {"datetime": "2024-01-19 00:13:31", "elapsed": 95.842212, "delta": 0.000453}}
{"target": -17.673804807269235, "params": {"gamma": 215.6161537875707, "log10_alpha": -2.6665413170761383, "log10_colsample_bytree": -0.8687616275679164, "log10_eta": -1.2686778364603666, "log10_lambda": -2.977053220086259, "log10_min_child_weight": 1.6893381296655163, "log10_subsample": -0.5945555888459435, "max_depth": 5.0, "num_boost_round": 7.0}, "datetime": {"datetime": "2024-01-19 00:13:31", "elapsed": 95.842539, "delta": 0.000327}}
{"target": -17.674296408484487, "params": {"gamma": 215.6161537875707, "log10_alpha": -2.6665413170761383, "log10_colsample_bytree": -0.8687616275679164, "log10_eta": -1.2686778364603666, "log10_lambda": -2.977053220086259, "log10_min_child_weight": 1.6893381296655163, "log10_subsample": -0.5945555888459435, "max_depth": 5.0, "num_boost_round": 8.0}, "datetime": {"datetime": "2024-01-19 00:13:31", "elapsed": 95.842869, "delta": 0.00033}}
{"target": -17.67497168998543, "params": {"gamma": 215.6161537875707, "log10_alpha": -2.6665413170761383, "log10_colsample_bytree": -0.8687616275679164, "log10_eta": -1.2686778364603666, "log10_lambda": -2.977053220086259, "log10_min_child_weight": 1.6893381296655163, "log10_subsample": -0.5945555888459435, "max_depth": 5.0, "num_boost_round": 9.0}, "datetime": {"datetime": "2024-01-19 00:13:31", "elapsed": 95.843192, "delta": 0.000323}}
{"target": -17.675773465474823, "params": {"gamma": 215.6161537875707, "log10_alpha": -2.6665413170761383, "log10_colsample_bytree": -0.8687616275679164, "log10_eta": -1.2686778364603666, "log10_lambda": -2.977053220086259, "log10_min_child_weight": 1.6893381296655163, "log10_subsample": -0.5945555888459435, "max_depth": 5.0, "num_boost_round": 10.0}, "datetime": {"datetime": "2024-01-19 00:13:31", "elapsed": 95.843517, "delta": 0.000325}}
{"target": -17.67590826808557, "params": {"gamma": 215.6161537875707, "log10_alpha": -2.6665413170761383, "log10_colsample_bytree": -0.8687616275679164, "log10_eta": -1.2686778364603666, "log10_lambda": -2.977053220086259, "log10_min_child_weight": 1.6893381296655163, "log10_subsample": -0.5945555888459435, "max_depth": 5.0, "num_boost_round": 11.0}, "datetime": {"datetime": "2024-01-19 00:13:31", "elapsed": 95.843841, "delta": 0.000324}}
{"target": -17.67410325580079, "params": {"gamma": 209.61177362733906, "log10_alpha": -0.8885746999466306, "log10_colsample_bytree": -0.6654813635305158, "log10_eta": -1.0214672967255298, "log10_lambda": -1.5245675430914254, "log10_min_child_weight": 0.0769609339334687, "log10_subsample": -0.358446665706315, "max_depth": 4.0, "num_boost_round": 0.0}, "datetime": {"datetime": "2024-01-19 00:13:49", "elapsed": 114.475038, "delta": 18.631197}}
{"target": -17.670290016756514, "params": {"gamma": 209.61177362733906, "log10_alpha": -0.8885746999466306, "log10_colsample_bytree": -0.6654813635305158, "log10_eta": -1.0214672967255298, "log10_lambda": -1.5245675430914254, "log10_min_child_weight": 0.0769609339334687, "log10_subsample": -0.358446665706315, "max_depth": 4.0, "num_boost_round": 1.0}, "datetime": {"datetime": "2024-01-19 00:13:49", "elapsed": 114.476549, "delta": 0.001511}}
{"target": -17.66720899662318, "params": {"gamma": 209.61177362733906, "log10_alpha": -0.8885746999466306, "log10_colsample_bytree": -0.6654813635305158, "log10_eta": -1.0214672967255298, "log10_lambda": -1.5245675430914254, "log10_min_child_weight": 0.0769609339334687, "log10_subsample": -0.358446665706315, "max_depth": 4.0, "num_boost_round": 2.0}, "datetime": {"datetime": "2024-01-19 00:13:49", "elapsed": 114.476966, "delta": 0.000417}}
{"target": -17.668683085304973, "params": {"gamma": 209.61177362733906, "log10_alpha": -0.8885746999466306, "log10_colsample_bytree": -0.6654813635305158, "log10_eta": -1.0214672967255298, "log10_lambda": -1.5245675430914254, "log10_min_child_weight": 0.0769609339334687, "log10_subsample": -0.358446665706315, "max_depth": 4.0, "num_boost_round": 3.0}, "datetime": {"datetime": "2024-01-19 00:13:49", "elapsed": 114.477312, "delta": 0.000346}}
{"target": -17.666355297665636, "params": {"gamma": 209.61177362733906, "log10_alpha": -0.8885746999466306, "log10_colsample_bytree": -0.6654813635305158, "log10_eta": -1.0214672967255298, "log10_lambda": -1.5245675430914254, "log10_min_child_weight": 0.0769609339334687, "log10_subsample": -0.358446665706315, "max_depth": 4.0, "num_boost_round": 4.0}, "datetime": {"datetime": "2024-01-19 00:13:49", "elapsed": 114.477873, "delta": 0.000561}}
{"target": -17.667295694555314, "params": {"gamma": 209.61177362733906, "log10_alpha": -0.8885746999466306, "log10_colsample_bytree": -0.6654813635305158, "log10_eta": -1.0214672967255298, "log10_lambda": -1.5245675430914254, "log10_min_child_weight": 0.0769609339334687, "log10_subsample": -0.358446665706315, "max_depth": 4.0, "num_boost_round": 5.0}, "datetime": {"datetime": "2024-01-19 00:13:49", "elapsed": 114.478201, "delta": 0.000328}}
{"target": -17.668224268255194, "params": {"gamma": 209.61177362733906, "log10_alpha": -0.8885746999466306, "log10_colsample_bytree": -0.6654813635305158, "log10_eta": -1.0214672967255298, "log10_lambda": -1.5245675430914254, "log10_min_child_weight": 0.0769609339334687, "log10_subsample": -0.358446665706315, "max_depth": 4.0, "num_boost_round": 6.0}, "datetime": {"datetime": "2024-01-19 00:13:49", "elapsed": 114.478534, "delta": 0.000333}}
{"target": -17.66930931823693, "params": {"gamma": 209.61177362733906, "log10_alpha": -0.8885746999466306, "log10_colsample_bytree": -0.6654813635305158, "log10_eta": -1.0214672967255298, "log10_lambda": -1.5245675430914254, "log10_min_child_weight": 0.0769609339334687, "log10_subsample": -0.358446665706315, "max_depth": 4.0, "num_boost_round": 7.0}, "datetime": {"datetime": "2024-01-19 00:13:49", "elapsed": 114.478858, "delta": 0.000324}}
{"target": -17.671766794230987, "params": {"gamma": 209.61177362733906, "log10_alpha": -0.8885746999466306, "log10_colsample_bytree": -0.6654813635305158, "log10_eta": -1.0214672967255298, "log10_lambda": -1.5245675430914254, "log10_min_child_weight": 0.0769609339334687, "log10_subsample": -0.358446665706315, "max_depth": 4.0, "num_boost_round": 8.0}, "datetime": {"datetime": "2024-01-19 00:13:49", "elapsed": 114.479179, "delta": 0.000321}}
{"target": -17.670947338037674, "params": {"gamma": 209.61177362733906, "log10_alpha": -0.8885746999466306, "log10_colsample_bytree": -0.6654813635305158, "log10_eta": -1.0214672967255298, "log10_lambda": -1.5245675430914254, "log10_min_child_weight": 0.0769609339334687, "log10_subsample": -0.358446665706315, "max_depth": 4.0, "num_boost_round": 9.0}, "datetime": {"datetime": "2024-01-19 00:13:49", "elapsed": 114.47951, "delta": 0.000331}}
{"target": -17.67720243343755, "params": {"gamma": 199.98400196912925, "log10_alpha": -4.610476217445815, "log10_colsample_bytree": -0.7654039414422117, "log10_eta": -2.75880204200403, "log10_lambda": -3.541137555175877, "log10_min_child_weight": 0.07913322362112174, "log10_subsample": -0.2850193808671734, "max_depth": 4.0, "num_boost_round": 0.0}, "datetime": {"datetime": "2024-01-19 00:14:09", "elapsed": 133.872542, "delta": 19.393032}}
{"target": -17.677176178572683, "params": {"gamma": 199.98400196912925, "log10_alpha": -4.610476217445815, "log10_colsample_bytree": -0.7654039414422117, "log10_eta": -2.75880204200403, "log10_lambda": -3.541137555175877, "log10_min_child_weight": 0.07913322362112174, "log10_subsample": -0.2850193808671734, "max_depth": 4.0, "num_boost_round": 1.0}, "datetime": {"datetime": "2024-01-19 00:14:09", "elapsed": 133.873811, "delta": 0.001269}}
{"target": -17.677075680513955, "params": {"gamma": 199.98400196912925, "log10_alpha": -4.610476217445815, "log10_colsample_bytree": -0.7654039414422117, "log10_eta": -2.75880204200403, "log10_lambda": -3.541137555175877, "log10_min_child_weight": 0.07913322362112174, "log10_subsample": -0.2850193808671734, "max_depth": 4.0, "num_boost_round": 2.0}, "datetime": {"datetime": "2024-01-19 00:14:09", "elapsed": 133.874221, "delta": 0.00041}}
{"target": -17.67699298019023, "params": {"gamma": 199.98400196912925, "log10_alpha": -4.610476217445815, "log10_colsample_bytree": -0.7654039414422117, "log10_eta": -2.75880204200403, "log10_lambda": -3.541137555175877, "log10_min_child_weight": 0.07913322362112174, "log10_subsample": -0.2850193808671734, "max_depth": 4.0, "num_boost_round": 3.0}, "datetime": {"datetime": "2024-01-19 00:14:09", "elapsed": 133.874602, "delta": 0.000381}}
{"target": -17.676897572964556, "params": {"gamma": 199.98400196912925, "log10_alpha": -4.610476217445815, "log10_colsample_bytree": -0.7654039414422117, "log10_eta": -2.75880204200403, "log10_lambda": -3.541137555175877, "log10_min_child_weight": 0.07913322362112174, "log10_subsample": -0.2850193808671734, "max_depth": 4.0, "num_boost_round": 4.0}, "datetime": {"datetime": "2024-01-19 00:14:09", "elapsed": 133.874954, "delta": 0.000352}}
{"target": -17.6768372050896, "params": {"gamma": 199.98400196912925, "log10_alpha": -4.610476217445815, "log10_colsample_bytree": -0.7654039414422117, "log10_eta": -2.75880204200403, "log10_lambda": -3.541137555175877, "log10_min_child_weight": 0.07913322362112174, "log10_subsample": -0.2850193808671734, "max_depth": 4.0, "num_boost_round": 5.0}, "datetime": {"datetime": "2024-01-19 00:14:09", "elapsed": 133.875444, "delta": 0.00049}}
{"target": -17.676828194936007, "params": {"gamma": 199.98400196912925, "log10_alpha": -4.610476217445815, "log10_colsample_bytree": -0.7654039414422117, "log10_eta": -2.75880204200403, "log10_lambda": -3.541137555175877, "log10_min_child_weight": 0.07913322362112174, "log10_subsample": -0.2850193808671734, "max_depth": 4.0, "num_boost_round": 6.0}, "datetime": {"datetime": "2024-01-19 00:14:09", "elapsed": 133.875797, "delta": 0.000353}}
{"target": -17.676714554258222, "params": {"gamma": 199.98400196912925, "log10_alpha": -4.610476217445815, "log10_colsample_bytree": -0.7654039414422117, "log10_eta": -2.75880204200403, "log10_lambda": -3.541137555175877, "log10_min_child_weight": 0.07913322362112174, "log10_subsample": -0.2850193808671734, "max_depth": 4.0, "num_boost_round": 7.0}, "datetime": {"datetime": "2024-01-19 00:14:09", "elapsed": 133.87614, "delta": 0.000343}}
{"target": -17.676675073889946, "params": {"gamma": 199.98400196912925, "log10_alpha": -4.610476217445815, "log10_colsample_bytree": -0.7654039414422117, "log10_eta": -2.75880204200403, "log10_lambda": -3.541137555175877, "log10_min_child_weight": 0.07913322362112174, "log10_subsample": -0.2850193808671734, "max_depth": 4.0, "num_boost_round": 8.0}, "datetime": {"datetime": "2024-01-19 00:14:09", "elapsed": 133.876487, "delta": 0.000347}}
{"target": -17.67667895061555, "params": {"gamma": 199.98400196912925, "log10_alpha": -4.610476217445815, "log10_colsample_bytree": -0.7654039414422117, "log10_eta": -2.75880204200403, "log10_lambda": -3.541137555175877, "log10_min_child_weight": 0.07913322362112174, "log10_subsample": -0.2850193808671734, "max_depth": 4.0, "num_boost_round": 9.0}, "datetime": {"datetime": "2024-01-19 00:14:09", "elapsed": 133.876834, "delta": 0.000347}}
{"target": -17.676652327728362, "params": {"gamma": 199.98400196912925, "log10_alpha": -4.610476217445815, "log10_colsample_bytree": -0.7654039414422117, "log10_eta": -2.75880204200403, "log10_lambda": -3.541137555175877, "log10_min_child_weight": 0.07913322362112174, "log10_subsample": -0.2850193808671734, "max_depth": 4.0, "num_boost_round": 10.0}, "datetime": {"datetime": "2024-01-19 00:14:09", "elapsed": 133.877176, "delta": 0.000342}}
{"target": -17.676579941128708, "params": {"gamma": 199.98400196912925, "log10_alpha": -4.610476217445815, "log10_colsample_bytree": -0.7654039414422117, "log10_eta": -2.75880204200403, "log10_lambda": -3.541137555175877, "log10_min_child_weight": 0.07913322362112174, "log10_subsample": -0.2850193808671734, "max_depth": 4.0, "num_boost_round": 11.0}, "datetime": {"datetime": "2024-01-19 00:14:09", "elapsed": 133.877609, "delta": 0.000433}}
{"target": -17.67726101053044, "params": {"gamma": 202.9607861782795, "log10_alpha": -4.300884951547938, "log10_colsample_bytree": -0.32822985811657635, "log10_eta": -2.5631700259877013, "log10_lambda": -0.5460352113824936, "log10_min_child_weight": 2.5542472227677337, "log10_subsample": -0.5869194767517881, "max_depth": 8.0, "num_boost_round": 0.0}, "datetime": {"datetime": "2024-01-19 00:14:29", "elapsed": 153.785838, "delta": 19.908229}}
