{"target": -17.677228537786554, "params": {"gamma": 443.5220026469087, "log10_alpha": -4.963936460636678, "log10_colsample_bytree": -0.2799292236445553, "log10_eta": -3.761385938002499, "log10_lambda": -4.667409203576648, "log10_min_child_weight": 1.6577549337439264, "log10_subsample": -0.3894480554928271, "max_depth": 2.0, "num_boost_round": 0.0}, "datetime": {"datetime": "2024-01-19 01:03:15", "elapsed": 3100.472714, "delta": 44.689076}}
{"target": -17.677223830262268, "params": {"gamma": 443.5220026469087, "log10_alpha": -4.963936460636678, "log10_colsample_bytree": -0.2799292236445553, "log10_eta": -3.761385938002499, "log10_lambda": -4.667409203576648, "log10_min_child_weight": 1.6577549337439264, "log10_subsample": -0.3894480554928271, "max_depth": 2.0, "num_boost_round": 1.0}, "datetime": {"datetime": "2024-01-19 01:03:15", "elapsed": 3100.475701, "delta": 0.002987}}
{"target": -17.6772188522124, "params": {"gamma": 443.5220026469087, "log10_alpha": -4.963936460636678, "log10_colsample_bytree": -0.2799292236445553, "log10_eta": -3.761385938002499, "log10_lambda": -4.667409203576648, "log10_min_child_weight": 1.6577549337439264, "log10_subsample": -0.3894480554928271, "max_depth": 2.0, "num_boost_round": 2.0}, "datetime": {"datetime": "2024-01-19 01:03:15", "elapsed": 3100.478393, "delta": 0.002692}}
{"target": -17.677215948230593, "params": {"gamma": 443.5220026469087, "log10_alpha": -4.963936460636678, "log10_colsample_bytree": -0.2799292236445553, "log10_eta": -3.761385938002499, "log10_lambda": -4.667409203576648, "log10_min_child_weight": 1.6577549337439264, "log10_subsample": -0.3894480554928271, "max_depth": 2.0, "num_boost_round": 3.0}, "datetime": {"datetime": "2024-01-19 01:03:15", "elapsed": 3100.481231, "delta": 0.002838}}
{"target": -17.677212010990804, "params": {"gamma": 443.5220026469087, "log10_alpha": -4.963936460636678, "log10_colsample_bytree": -0.2799292236445553, "log10_eta": -3.761385938002499, "log10_lambda": -4.667409203576648, "log10_min_child_weight": 1.6577549337439264, "log10_subsample": -0.3894480554928271, "max_depth": 2.0, "num_boost_round": 4.0}, "datetime": {"datetime": "2024-01-19 01:03:15", "elapsed": 3100.483953, "delta": 0.002722}}
{"target": -17.67720922056497, "params": {"gamma": 443.5220026469087, "log10_alpha": -4.963936460636678, "log10_colsample_bytree": -0.2799292236445553, "log10_eta": -3.761385938002499, "log10_lambda": -4.667409203576648, "log10_min_child_weight": 1.6577549337439264, "log10_subsample": -0.3894480554928271, "max_depth": 2.0, "num_boost_round": 5.0}, "datetime": {"datetime": "2024-01-19 01:03:15", "elapsed": 3100.486568, "delta": 0.002615}}
{"target": -17.677202624798834, "params": {"gamma": 443.5220026469087, "log10_alpha": -4.963936460636678, "log10_colsample_bytree": -0.2799292236445553, "log10_eta": -3.761385938002499, "log10_lambda": -4.667409203576648, "log10_min_child_weight": 1.6577549337439264, "log10_subsample": -0.3894480554928271, "max_depth": 2.0, "num_boost_round": 6.0}, "datetime": {"datetime": "2024-01-19 01:03:15", "elapsed": 3100.489129, "delta": 0.002561}}
{"target": -17.67719698007875, "params": {"gamma": 443.5220026469087, "log10_alpha": -4.963936460636678, "log10_colsample_bytree": -0.2799292236445553, "log10_eta": -3.761385938002499, "log10_lambda": -4.667409203576648, "log10_min_child_weight": 1.6577549337439264, "log10_subsample": -0.3894480554928271, "max_depth": 2.0, "num_boost_round": 7.0}, "datetime": {"datetime": "2024-01-19 01:03:15", "elapsed": 3100.49162, "delta": 0.002491}}
{"target": -17.677194306358068, "params": {"gamma": 443.5220026469087, "log10_alpha": -4.963936460636678, "log10_colsample_bytree": -0.2799292236445553, "log10_eta": -3.761385938002499, "log10_lambda": -4.667409203576648, "log10_min_child_weight": 1.6577549337439264, "log10_subsample": -0.3894480554928271, "max_depth": 2.0, "num_boost_round": 8.0}, "datetime": {"datetime": "2024-01-19 01:03:15", "elapsed": 3100.494135, "delta": 0.002515}}
{"target": -17.67719041141253, "params": {"gamma": 443.5220026469087, "log10_alpha": -4.963936460636678, "log10_colsample_bytree": -0.2799292236445553, "log10_eta": -3.761385938002499, "log10_lambda": -4.667409203576648, "log10_min_child_weight": 1.6577549337439264, "log10_subsample": -0.3894480554928271, "max_depth": 2.0, "num_boost_round": 9.0}, "datetime": {"datetime": "2024-01-19 01:03:15", "elapsed": 3100.496657, "delta": 0.002522}}
{"target": -17.677185393414796, "params": {"gamma": 443.5220026469087, "log10_alpha": -4.963936460636678, "log10_colsample_bytree": -0.2799292236445553, "log10_eta": -3.761385938002499, "log10_lambda": -4.667409203576648, "log10_min_child_weight": 1.6577549337439264, "log10_subsample": -0.3894480554928271, "max_depth": 2.0, "num_boost_round": 10.0}, "datetime": {"datetime": "2024-01-19 01:03:15", "elapsed": 3100.499143, "delta": 0.002486}}
{"target": -17.67718113754406, "params": {"gamma": 443.5220026469087, "log10_alpha": -4.963936460636678, "log10_colsample_bytree": -0.2799292236445553, "log10_eta": -3.761385938002499, "log10_lambda": -4.667409203576648, "log10_min_child_weight": 1.6577549337439264, "log10_subsample": -0.3894480554928271, "max_depth": 2.0, "num_boost_round": 11.0}, "datetime": {"datetime": "2024-01-19 01:03:15", "elapsed": 3100.501732, "delta": 0.002589}}
{"target": -17.677176116902675, "params": {"gamma": 443.5220026469087, "log10_alpha": -4.963936460636678, "log10_colsample_bytree": -0.2799292236445553, "log10_eta": -3.761385938002499, "log10_lambda": -4.667409203576648, "log10_min_child_weight": 1.6577549337439264, "log10_subsample": -0.3894480554928271, "max_depth": 2.0, "num_boost_round": 12.0}, "datetime": {"datetime": "2024-01-19 01:03:15", "elapsed": 3100.504258, "delta": 0.002526}}
{"target": -17.67717119684464, "params": {"gamma": 443.5220026469087, "log10_alpha": -4.963936460636678, "log10_colsample_bytree": -0.2799292236445553, "log10_eta": -3.761385938002499, "log10_lambda": -4.667409203576648, "log10_min_child_weight": 1.6577549337439264, "log10_subsample": -0.3894480554928271, "max_depth": 2.0, "num_boost_round": 13.0}, "datetime": {"datetime": "2024-01-19 01:03:15", "elapsed": 3100.506779, "delta": 0.002521}}
{"target": -17.677167465661167, "params": {"gamma": 443.5220026469087, "log10_alpha": -4.963936460636678, "log10_colsample_bytree": -0.2799292236445553, "log10_eta": -3.761385938002499, "log10_lambda": -4.667409203576648, "log10_min_child_weight": 1.6577549337439264, "log10_subsample": -0.3894480554928271, "max_depth": 2.0, "num_boost_round": 14.0}, "datetime": {"datetime": "2024-01-19 01:03:15", "elapsed": 3100.509323, "delta": 0.002544}}
{"target": -17.677164421482743, "params": {"gamma": 443.5220026469087, "log10_alpha": -4.963936460636678, "log10_colsample_bytree": -0.2799292236445553, "log10_eta": -3.761385938002499, "log10_lambda": -4.667409203576648, "log10_min_child_weight": 1.6577549337439264, "log10_subsample": -0.3894480554928271, "max_depth": 2.0, "num_boost_round": 15.0}, "datetime": {"datetime": "2024-01-19 01:03:16", "elapsed": 3100.511849, "delta": 0.002526}}
{"target": -17.677160449248696, "params": {"gamma": 443.5220026469087, "log10_alpha": -4.963936460636678, "log10_colsample_bytree": -0.2799292236445553, "log10_eta": -3.761385938002499, "log10_lambda": -4.667409203576648, "log10_min_child_weight": 1.6577549337439264, "log10_subsample": -0.3894480554928271, "max_depth": 2.0, "num_boost_round": 16.0}, "datetime": {"datetime": "2024-01-19 01:03:16", "elapsed": 3100.514364, "delta": 0.002515}}
{"target": -17.6771557294597, "params": {"gamma": 443.5220026469087, "log10_alpha": -4.963936460636678, "log10_colsample_bytree": -0.2799292236445553, "log10_eta": -3.761385938002499, "log10_lambda": -4.667409203576648, "log10_min_child_weight": 1.6577549337439264, "log10_subsample": -0.3894480554928271, "max_depth": 2.0, "num_boost_round": 17.0}, "datetime": {"datetime": "2024-01-19 01:03:16", "elapsed": 3100.516872, "delta": 0.002508}}
{"target": -17.67715282566745, "params": {"gamma": 443.5220026469087, "log10_alpha": -4.963936460636678, "log10_colsample_bytree": -0.2799292236445553, "log10_eta": -3.761385938002499, "log10_lambda": -4.667409203576648, "log10_min_child_weight": 1.6577549337439264, "log10_subsample": -0.3894480554928271, "max_depth": 2.0, "num_boost_round": 18.0}, "datetime": {"datetime": "2024-01-19 01:03:16", "elapsed": 3100.519432, "delta": 0.00256}}
{"target": -17.677234945470747, "params": {"gamma": 422.02170073061575, "log10_alpha": -4.274838865789498, "log10_colsample_bytree": -0.04487398120310582, "log10_eta": -3.820688605889072, "log10_lambda": -2.7161617711204347, "log10_min_child_weight": 3.823580418276415, "log10_subsample": -0.8161476398517774, "max_depth": 4.0, "num_boost_round": 0.0}, "datetime": {"datetime": "2024-01-19 01:04:00", "elapsed": 3144.940034, "delta": 44.420602}}
{"target": -17.67723539794034, "params": {"gamma": 422.02170073061575, "log10_alpha": -4.274838865789498, "log10_colsample_bytree": -0.04487398120310582, "log10_eta": -3.820688605889072, "log10_lambda": -2.7161617711204347, "log10_min_child_weight": 3.823580418276415, "log10_subsample": -0.8161476398517774, "max_depth": 4.0, "num_boost_round": 1.0}, "datetime": {"datetime": "2024-01-19 01:04:00", "elapsed": 3144.943123, "delta": 0.003089}}
{"target": -17.67723562176651, "params": {"gamma": 422.02170073061575, "log10_alpha": -4.274838865789498, "log10_colsample_bytree": -0.04487398120310582, "log10_eta": -3.820688605889072, "log10_lambda": -2.7161617711204347, "log10_min_child_weight": 3.823580418276415, "log10_subsample": -0.8161476398517774, "max_depth": 4.0, "num_boost_round": 2.0}, "datetime": {"datetime": "2024-01-19 01:04:00", "elapsed": 3144.945793, "delta": 0.00267}}
{"target": -17.6772363550985, "params": {"gamma": 422.02170073061575, "log10_alpha": -4.274838865789498, "log10_colsample_bytree": -0.04487398120310582, "log10_eta": -3.820688605889072, "log10_lambda": -2.7161617711204347, "log10_min_child_weight": 3.823580418276415, "log10_subsample": -0.8161476398517774, "max_depth": 4.0, "num_boost_round": 3.0}, "datetime": {"datetime": "2024-01-19 01:04:00", "elapsed": 3144.948371, "delta": 0.002578}}
{"target": -17.67723560809113, "params": {"gamma": 422.02170073061575, "log10_alpha": -4.274838865789498, "log10_colsample_bytree": -0.04487398120310582, "log10_eta": -3.820688605889072, "log10_lambda": -2.7161617711204347, "log10_min_child_weight": 3.823580418276415, "log10_subsample": -0.8161476398517774, "max_depth": 4.0, "num_boost_round": 4.0}, "datetime": {"datetime": "2024-01-19 01:04:00", "elapsed": 3144.95101, "delta": 0.002639}}
{"target": -17.67723515297631, "params": {"gamma": 422.02170073061575, "log10_alpha": -4.274838865789498, "log10_colsample_bytree": -0.04487398120310582, "log10_eta": -3.820688605889072, "log10_lambda": -2.7161617711204347, "log10_min_child_weight": 3.823580418276415, "log10_subsample": -0.8161476398517774, "max_depth": 4.0, "num_boost_round": 5.0}, "datetime": {"datetime": "2024-01-19 01:04:00", "elapsed": 3144.953903, "delta": 0.002893}}
{"target": -17.67723206364087, "params": {"gamma": 422.02170073061575, "log10_alpha": -4.274838865789498, "log10_colsample_bytree": -0.04487398120310582, "log10_eta": -3.820688605889072, "log10_lambda": -2.7161617711204347, "log10_min_child_weight": 3.823580418276415, "log10_subsample": -0.8161476398517774, "max_depth": 4.0, "num_boost_round": 6.0}, "datetime": {"datetime": "2024-01-19 01:04:00", "elapsed": 3144.957021, "delta": 0.003118}}
{"target": -17.67723091373011, "params": {"gamma": 422.02170073061575, "log10_alpha": -4.274838865789498, "log10_colsample_bytree": -0.04487398120310582, "log10_eta": -3.820688605889072, "log10_lambda": -2.7161617711204347, "log10_min_child_weight": 3.823580418276415, "log10_subsample": -0.8161476398517774, "max_depth": 4.0, "num_boost_round": 7.0}, "datetime": {"datetime": "2024-01-19 01:04:00", "elapsed": 3144.959838, "delta": 0.002817}}
{"target": -17.677229764750614, "params": {"gamma": 422.02170073061575, "log10_alpha": -4.274838865789498, "log10_colsample_bytree": -0.04487398120310582, "log10_eta": -3.820688605889072, "log10_lambda": -2.7161617711204347, "log10_min_child_weight": 3.823580418276415, "log10_subsample": -0.8161476398517774, "max_depth": 4.0, "num_boost_round": 8.0}, "datetime": {"datetime": "2024-01-19 01:04:00", "elapsed": 3144.962356, "delta": 0.002518}}
{"target": -17.67722936086142, "params": {"gamma": 422.02170073061575, "log10_alpha": -4.274838865789498, "log10_colsample_bytree": -0.04487398120310582, "log10_eta": -3.820688605889072, "log10_lambda": -2.7161617711204347, "log10_min_child_weight": 3.823580418276415, "log10_subsample": -0.8161476398517774, "max_depth": 4.0, "num_boost_round": 9.0}, "datetime": {"datetime": "2024-01-19 01:04:00", "elapsed": 3144.964934, "delta": 0.002578}}
{"target": -17.677228060368016, "params": {"gamma": 422.02170073061575, "log10_alpha": -4.274838865789498, "log10_colsample_bytree": -0.04487398120310582, "log10_eta": -3.820688605889072, "log10_lambda": -2.7161617711204347, "log10_min_child_weight": 3.823580418276415, "log10_subsample": -0.8161476398517774, "max_depth": 4.0, "num_boost_round": 10.0}, "datetime": {"datetime": "2024-01-19 01:04:00", "elapsed": 3144.967441, "delta": 0.002507}}
{"target": -17.67723009822486, "params": {"gamma": 422.02170073061575, "log10_alpha": -4.274838865789498, "log10_colsample_bytree": -0.04487398120310582, "log10_eta": -3.820688605889072, "log10_lambda": -2.7161617711204347, "log10_min_child_weight": 3.823580418276415, "log10_subsample": -0.8161476398517774, "max_depth": 4.0, "num_boost_round": 11.0}, "datetime": {"datetime": "2024-01-19 01:04:00", "elapsed": 3144.97003, "delta": 0.002589}}
{"target": -17.677230384951837, "params": {"gamma": 422.02170073061575, "log10_alpha": -4.274838865789498, "log10_colsample_bytree": -0.04487398120310582, "log10_eta": -3.820688605889072, "log10_lambda": -2.7161617711204347, "log10_min_child_weight": 3.823580418276415, "log10_subsample": -0.8161476398517774, "max_depth": 4.0, "num_boost_round": 12.0}, "datetime": {"datetime": "2024-01-19 01:04:00", "elapsed": 3144.972516, "delta": 0.002486}}
{"target": -17.677230425642207, "params": {"gamma": 422.02170073061575, "log10_alpha": -4.274838865789498, "log10_colsample_bytree": -0.04487398120310582, "log10_eta": -3.820688605889072, "log10_lambda": -2.7161617711204347, "log10_min_child_weight": 3.823580418276415, "log10_subsample": -0.8161476398517774, "max_depth": 4.0, "num_boost_round": 13.0}, "datetime": {"datetime": "2024-01-19 01:04:00", "elapsed": 3144.975185, "delta": 0.002669}}
{"target": -17.67723186601707, "params": {"gamma": 422.02170073061575, "log10_alpha": -4.274838865789498, "log10_colsample_bytree": -0.04487398120310582, "log10_eta": -3.820688605889072, "log10_lambda": -2.7161617711204347, "log10_min_child_weight": 3.823580418276415, "log10_subsample": -0.8161476398517774, "max_depth": 4.0, "num_boost_round": 14.0}, "datetime": {"datetime": "2024-01-19 01:04:00", "elapsed": 3144.977856, "delta": 0.002671}}
{"target": -17.677230187737045, "params": {"gamma": 422.02170073061575, "log10_alpha": -4.274838865789498, "log10_colsample_bytree": -0.04487398120310582, "log10_eta": -3.820688605889072, "log10_lambda": -2.7161617711204347, "log10_min_child_weight": 3.823580418276415, "log10_subsample": -0.8161476398517774, "max_depth": 4.0, "num_boost_round": 15.0}, "datetime": {"datetime": "2024-01-19 01:04:00", "elapsed": 3144.980548, "delta": 0.002692}}
{"target": -17.67723073501299, "params": {"gamma": 422.02170073061575, "log10_alpha": -4.274838865789498, "log10_colsample_bytree": -0.04487398120310582, "log10_eta": -3.820688605889072, "log10_lambda": -2.7161617711204347, "log10_min_child_weight": 3.823580418276415, "log10_subsample": -0.8161476398517774, "max_depth": 4.0, "num_boost_round": 16.0}, "datetime": {"datetime": "2024-01-19 01:04:00", "elapsed": 3144.983135, "delta": 0.002587}}
{"target": -17.67722920903551, "params": {"gamma": 422.02170073061575, "log10_alpha": -4.274838865789498, "log10_colsample_bytree": -0.04487398120310582, "log10_eta": -3.820688605889072, "log10_lambda": -2.7161617711204347, "log10_min_child_weight": 3.823580418276415, "log10_subsample": -0.8161476398517774, "max_depth": 4.0, "num_boost_round": 17.0}, "datetime": {"datetime": "2024-01-19 01:04:00", "elapsed": 3144.985744, "delta": 0.002609}}
{"target": -17.67722868519425, "params": {"gamma": 422.02170073061575, "log10_alpha": -4.274838865789498, "log10_colsample_bytree": -0.04487398120310582, "log10_eta": -3.820688605889072, "log10_lambda": -2.7161617711204347, "log10_min_child_weight": 3.823580418276415, "log10_subsample": -0.8161476398517774, "max_depth": 4.0, "num_boost_round": 18.0}, "datetime": {"datetime": "2024-01-19 01:04:00", "elapsed": 3144.988244, "delta": 0.0025}}
{"target": -17.677228996848516, "params": {"gamma": 422.02170073061575, "log10_alpha": -4.274838865789498, "log10_colsample_bytree": -0.04487398120310582, "log10_eta": -3.820688605889072, "log10_lambda": -2.7161617711204347, "log10_min_child_weight": 3.823580418276415, "log10_subsample": -0.8161476398517774, "max_depth": 4.0, "num_boost_round": 19.0}, "datetime": {"datetime": "2024-01-19 01:04:00", "elapsed": 3144.990734, "delta": 0.00249}}
{"target": -17.6772271020515, "params": {"gamma": 422.02170073061575, "log10_alpha": -4.274838865789498, "log10_colsample_bytree": -0.04487398120310582, "log10_eta": -3.820688605889072, "log10_lambda": -2.7161617711204347, "log10_min_child_weight": 3.823580418276415, "log10_subsample": -0.8161476398517774, "max_depth": 4.0, "num_boost_round": 20.0}, "datetime": {"datetime": "2024-01-19 01:04:00", "elapsed": 3144.99322, "delta": 0.002486}}
{"target": -17.677225718387735, "params": {"gamma": 422.02170073061575, "log10_alpha": -4.274838865789498, "log10_colsample_bytree": -0.04487398120310582, "log10_eta": -3.820688605889072, "log10_lambda": -2.7161617711204347, "log10_min_child_weight": 3.823580418276415, "log10_subsample": -0.8161476398517774, "max_depth": 4.0, "num_boost_round": 21.0}, "datetime": {"datetime": "2024-01-19 01:04:00", "elapsed": 3144.995772, "delta": 0.002552}}
{"target": -17.67722272251221, "params": {"gamma": 422.02170073061575, "log10_alpha": -4.274838865789498, "log10_colsample_bytree": -0.04487398120310582, "log10_eta": -3.820688605889072, "log10_lambda": -2.7161617711204347, "log10_min_child_weight": 3.823580418276415, "log10_subsample": -0.8161476398517774, "max_depth": 4.0, "num_boost_round": 22.0}, "datetime": {"datetime": "2024-01-19 01:04:00", "elapsed": 3144.998308, "delta": 0.002536}}
{"target": -17.677222868636093, "params": {"gamma": 422.02170073061575, "log10_alpha": -4.274838865789498, "log10_colsample_bytree": -0.04487398120310582, "log10_eta": -3.820688605889072, "log10_lambda": -2.7161617711204347, "log10_min_child_weight": 3.823580418276415, "log10_subsample": -0.8161476398517774, "max_depth": 4.0, "num_boost_round": 23.0}, "datetime": {"datetime": "2024-01-19 01:04:00", "elapsed": 3145.000883, "delta": 0.002575}}
{"target": -17.67722330352189, "params": {"gamma": 422.02170073061575, "log10_alpha": -4.274838865789498, "log10_colsample_bytree": -0.04487398120310582, "log10_eta": -3.820688605889072, "log10_lambda": -2.7161617711204347, "log10_min_child_weight": 3.823580418276415, "log10_subsample": -0.8161476398517774, "max_depth": 4.0, "num_boost_round": 24.0}, "datetime": {"datetime": "2024-01-19 01:04:00", "elapsed": 3145.003399, "delta": 0.002516}}
{"target": -17.67722788886291, "params": {"gamma": 422.02170073061575, "log10_alpha": -4.274838865789498, "log10_colsample_bytree": -0.04487398120310582, "log10_eta": -3.820688605889072, "log10_lambda": -2.7161617711204347, "log10_min_child_weight": 3.823580418276415, "log10_subsample": -0.8161476398517774, "max_depth": 4.0, "num_boost_round": 25.0}, "datetime": {"datetime": "2024-01-19 01:04:00", "elapsed": 3145.005931, "delta": 0.002532}}
{"target": -17.677232000279606, "params": {"gamma": 422.02170073061575, "log10_alpha": -4.274838865789498, "log10_colsample_bytree": -0.04487398120310582, "log10_eta": -3.820688605889072, "log10_lambda": -2.7161617711204347, "log10_min_child_weight": 3.823580418276415, "log10_subsample": -0.8161476398517774, "max_depth": 4.0, "num_boost_round": 26.0}, "datetime": {"datetime": "2024-01-19 01:04:00", "elapsed": 3145.008454, "delta": 0.002523}}
{"target": -17.67722473991087, "params": {"gamma": 443.23355504978014, "log10_alpha": 0.5236442250596696, "log10_colsample_bytree": -0.1502196003393309, "log10_eta": -3.5638871457791765, "log10_lambda": -0.43293123219349994, "log10_min_child_weight": 2.02698305356091, "log10_subsample": -0.6787524761642922, "max_depth": 3.0, "num_boost_round": 0.0}, "datetime": {"datetime": "2024-01-19 01:04:45", "elapsed": 3190.147749, "delta": 45.139295}}
{"target": -17.67721744335975, "params": {"gamma": 443.23355504978014, "log10_alpha": 0.5236442250596696, "log10_colsample_bytree": -0.1502196003393309, "log10_eta": -3.5638871457791765, "log10_lambda": -0.43293123219349994, "log10_min_child_weight": 2.02698305356091, "log10_subsample": -0.6787524761642922, "max_depth": 3.0, "num_boost_round": 1.0}, "datetime": {"datetime": "2024-01-19 01:04:45", "elapsed": 3190.150824, "delta": 0.003075}}
{"target": -17.677209265300288, "params": {"gamma": 443.23355504978014, "log10_alpha": 0.5236442250596696, "log10_colsample_bytree": -0.1502196003393309, "log10_eta": -3.5638871457791765, "log10_lambda": -0.43293123219349994, "log10_min_child_weight": 2.02698305356091, "log10_subsample": -0.6787524761642922, "max_depth": 3.0, "num_boost_round": 2.0}, "datetime": {"datetime": "2024-01-19 01:04:45", "elapsed": 3190.153358, "delta": 0.002534}}
