{"target": -17.677163472004377, "params": {"gamma": 72.61305915576676, "log10_alpha": -3.511964597118383, "log10_colsample_bytree": -0.5726605744709452, "log10_eta": -3.818090065161419, "log10_lambda": -0.70561385677712, "log10_min_child_weight": 2.8484413501613774, "log10_subsample": -0.45297491019921554, "max_depth": 2.0, "num_boost_round": 23.0}, "datetime": {"datetime": "2024-01-19 00:17:55", "elapsed": 382.487939, "delta": 0.000632}}
{"target": -17.677160979051273, "params": {"gamma": 72.61305915576676, "log10_alpha": -3.511964597118383, "log10_colsample_bytree": -0.5726605744709452, "log10_eta": -3.818090065161419, "log10_lambda": -0.70561385677712, "log10_min_child_weight": 2.8484413501613774, "log10_subsample": -0.45297491019921554, "max_depth": 2.0, "num_boost_round": 24.0}, "datetime": {"datetime": "2024-01-19 00:17:55", "elapsed": 382.489005, "delta": 0.001066}}
{"target": -17.677158028453704, "params": {"gamma": 72.61305915576676, "log10_alpha": -3.511964597118383, "log10_colsample_bytree": -0.5726605744709452, "log10_eta": -3.818090065161419, "log10_lambda": -0.70561385677712, "log10_min_child_weight": 2.8484413501613774, "log10_subsample": -0.45297491019921554, "max_depth": 2.0, "num_boost_round": 25.0}, "datetime": {"datetime": "2024-01-19 00:17:55", "elapsed": 382.489741, "delta": 0.000736}}
{"target": -17.67715720040992, "params": {"gamma": 72.61305915576676, "log10_alpha": -3.511964597118383, "log10_colsample_bytree": -0.5726605744709452, "log10_eta": -3.818090065161419, "log10_lambda": -0.70561385677712, "log10_min_child_weight": 2.8484413501613774, "log10_subsample": -0.45297491019921554, "max_depth": 2.0, "num_boost_round": 26.0}, "datetime": {"datetime": "2024-01-19 00:17:55", "elapsed": 382.49048, "delta": 0.000739}}
{"target": -17.677156102066775, "params": {"gamma": 72.61305915576676, "log10_alpha": -3.511964597118383, "log10_colsample_bytree": -0.5726605744709452, "log10_eta": -3.818090065161419, "log10_lambda": -0.70561385677712, "log10_min_child_weight": 2.8484413501613774, "log10_subsample": -0.45297491019921554, "max_depth": 2.0, "num_boost_round": 27.0}, "datetime": {"datetime": "2024-01-19 00:17:55", "elapsed": 382.491192, "delta": 0.000712}}
{"target": -17.677151986394588, "params": {"gamma": 72.61305915576676, "log10_alpha": -3.511964597118383, "log10_colsample_bytree": -0.5726605744709452, "log10_eta": -3.818090065161419, "log10_lambda": -0.70561385677712, "log10_min_child_weight": 2.8484413501613774, "log10_subsample": -0.45297491019921554, "max_depth": 2.0, "num_boost_round": 28.0}, "datetime": {"datetime": "2024-01-19 00:17:55", "elapsed": 382.491799, "delta": 0.000607}}
{"target": -17.67714657214062, "params": {"gamma": 72.61305915576676, "log10_alpha": -3.511964597118383, "log10_colsample_bytree": -0.5726605744709452, "log10_eta": -3.818090065161419, "log10_lambda": -0.70561385677712, "log10_min_child_weight": 2.8484413501613774, "log10_subsample": -0.45297491019921554, "max_depth": 2.0, "num_boost_round": 29.0}, "datetime": {"datetime": "2024-01-19 00:17:55", "elapsed": 382.492515, "delta": 0.000716}}
{"target": -17.677144950291392, "params": {"gamma": 72.61305915576676, "log10_alpha": -3.511964597118383, "log10_colsample_bytree": -0.5726605744709452, "log10_eta": -3.818090065161419, "log10_lambda": -0.70561385677712, "log10_min_child_weight": 2.8484413501613774, "log10_subsample": -0.45297491019921554, "max_depth": 2.0, "num_boost_round": 30.0}, "datetime": {"datetime": "2024-01-19 00:17:55", "elapsed": 382.493236, "delta": 0.000721}}
{"target": -17.677142769406153, "params": {"gamma": 72.61305915576676, "log10_alpha": -3.511964597118383, "log10_colsample_bytree": -0.5726605744709452, "log10_eta": -3.818090065161419, "log10_lambda": -0.70561385677712, "log10_min_child_weight": 2.8484413501613774, "log10_subsample": -0.45297491019921554, "max_depth": 2.0, "num_boost_round": 31.0}, "datetime": {"datetime": "2024-01-19 00:17:55", "elapsed": 382.493974, "delta": 0.000738}}
{"target": -17.677141640540228, "params": {"gamma": 72.61305915576676, "log10_alpha": -3.511964597118383, "log10_colsample_bytree": -0.5726605744709452, "log10_eta": -3.818090065161419, "log10_lambda": -0.70561385677712, "log10_min_child_weight": 2.8484413501613774, "log10_subsample": -0.45297491019921554, "max_depth": 2.0, "num_boost_round": 32.0}, "datetime": {"datetime": "2024-01-19 00:17:55", "elapsed": 382.494702, "delta": 0.000728}}
{"target": -17.6771371133945, "params": {"gamma": 72.61305915576676, "log10_alpha": -3.511964597118383, "log10_colsample_bytree": -0.5726605744709452, "log10_eta": -3.818090065161419, "log10_lambda": -0.70561385677712, "log10_min_child_weight": 2.8484413501613774, "log10_subsample": -0.45297491019921554, "max_depth": 2.0, "num_boost_round": 33.0}, "datetime": {"datetime": "2024-01-19 00:17:55", "elapsed": 382.495344, "delta": 0.000642}}
{"target": -17.677134897316478, "params": {"gamma": 72.61305915576676, "log10_alpha": -3.511964597118383, "log10_colsample_bytree": -0.5726605744709452, "log10_eta": -3.818090065161419, "log10_lambda": -0.70561385677712, "log10_min_child_weight": 2.8484413501613774, "log10_subsample": -0.45297491019921554, "max_depth": 2.0, "num_boost_round": 34.0}, "datetime": {"datetime": "2024-01-19 00:17:55", "elapsed": 382.496029, "delta": 0.000685}}
{"target": -17.677132984263398, "params": {"gamma": 72.61305915576676, "log10_alpha": -3.511964597118383, "log10_colsample_bytree": -0.5726605744709452, "log10_eta": -3.818090065161419, "log10_lambda": -0.70561385677712, "log10_min_child_weight": 2.8484413501613774, "log10_subsample": -0.45297491019921554, "max_depth": 2.0, "num_boost_round": 35.0}, "datetime": {"datetime": "2024-01-19 00:17:55", "elapsed": 382.496728, "delta": 0.000699}}
{"target": -17.675537537835226, "params": {"gamma": 70.5841113194563, "log10_alpha": 0.8339972777385434, "log10_colsample_bytree": -0.31168375452612207, "log10_eta": -1.2543184709991073, "log10_lambda": -1.2957652848665284, "log10_min_child_weight": 3.819405527470614, "log10_subsample": -0.1575364261668356, "max_depth": 5.0, "num_boost_round": 0.0}, "datetime": {"datetime": "2024-01-19 00:18:17", "elapsed": 404.56428, "delta": 22.067552}}
{"target": -17.67342160806361, "params": {"gamma": 70.5841113194563, "log10_alpha": 0.8339972777385434, "log10_colsample_bytree": -0.31168375452612207, "log10_eta": -1.2543184709991073, "log10_lambda": -1.2957652848665284, "log10_min_child_weight": 3.819405527470614, "log10_subsample": -0.1575364261668356, "max_depth": 5.0, "num_boost_round": 1.0}, "datetime": {"datetime": "2024-01-19 00:18:17", "elapsed": 404.566082, "delta": 0.001802}}
{"target": -17.672672398463966, "params": {"gamma": 70.5841113194563, "log10_alpha": 0.8339972777385434, "log10_colsample_bytree": -0.31168375452612207, "log10_eta": -1.2543184709991073, "log10_lambda": -1.2957652848665284, "log10_min_child_weight": 3.819405527470614, "log10_subsample": -0.1575364261668356, "max_depth": 5.0, "num_boost_round": 2.0}, "datetime": {"datetime": "2024-01-19 00:18:17", "elapsed": 404.566911, "delta": 0.000829}}
{"target": -17.672146270420807, "params": {"gamma": 70.5841113194563, "log10_alpha": 0.8339972777385434, "log10_colsample_bytree": -0.31168375452612207, "log10_eta": -1.2543184709991073, "log10_lambda": -1.2957652848665284, "log10_min_child_weight": 3.819405527470614, "log10_subsample": -0.1575364261668356, "max_depth": 5.0, "num_boost_round": 3.0}, "datetime": {"datetime": "2024-01-19 00:18:17", "elapsed": 404.568204, "delta": 0.001293}}
{"target": -17.67371117971695, "params": {"gamma": 70.5841113194563, "log10_alpha": 0.8339972777385434, "log10_colsample_bytree": -0.31168375452612207, "log10_eta": -1.2543184709991073, "log10_lambda": -1.2957652848665284, "log10_min_child_weight": 3.819405527470614, "log10_subsample": -0.1575364261668356, "max_depth": 5.0, "num_boost_round": 4.0}, "datetime": {"datetime": "2024-01-19 00:18:17", "elapsed": 404.568796, "delta": 0.000592}}
{"target": -17.676619687495176, "params": {"gamma": 70.5841113194563, "log10_alpha": 0.8339972777385434, "log10_colsample_bytree": -0.31168375452612207, "log10_eta": -1.2543184709991073, "log10_lambda": -1.2957652848665284, "log10_min_child_weight": 3.819405527470614, "log10_subsample": -0.1575364261668356, "max_depth": 5.0, "num_boost_round": 5.0}, "datetime": {"datetime": "2024-01-19 00:18:17", "elapsed": 404.569471, "delta": 0.000675}}
{"target": -17.678045233854228, "params": {"gamma": 70.5841113194563, "log10_alpha": 0.8339972777385434, "log10_colsample_bytree": -0.31168375452612207, "log10_eta": -1.2543184709991073, "log10_lambda": -1.2957652848665284, "log10_min_child_weight": 3.819405527470614, "log10_subsample": -0.1575364261668356, "max_depth": 5.0, "num_boost_round": 6.0}, "datetime": {"datetime": "2024-01-19 00:18:17", "elapsed": 404.570158, "delta": 0.000687}}
{"target": -17.678473965113966, "params": {"gamma": 70.5841113194563, "log10_alpha": 0.8339972777385434, "log10_colsample_bytree": -0.31168375452612207, "log10_eta": -1.2543184709991073, "log10_lambda": -1.2957652848665284, "log10_min_child_weight": 3.819405527470614, "log10_subsample": -0.1575364261668356, "max_depth": 5.0, "num_boost_round": 7.0}, "datetime": {"datetime": "2024-01-19 00:18:17", "elapsed": 404.570748, "delta": 0.00059}}
{"target": -17.68038173558713, "params": {"gamma": 70.5841113194563, "log10_alpha": 0.8339972777385434, "log10_colsample_bytree": -0.31168375452612207, "log10_eta": -1.2543184709991073, "log10_lambda": -1.2957652848665284, "log10_min_child_weight": 3.819405527470614, "log10_subsample": -0.1575364261668356, "max_depth": 5.0, "num_boost_round": 8.0}, "datetime": {"datetime": "2024-01-19 00:18:17", "elapsed": 404.571535, "delta": 0.000787}}
{"target": -17.68178202965354, "params": {"gamma": 70.5841113194563, "log10_alpha": 0.8339972777385434, "log10_colsample_bytree": -0.31168375452612207, "log10_eta": -1.2543184709991073, "log10_lambda": -1.2957652848665284, "log10_min_child_weight": 3.819405527470614, "log10_subsample": -0.1575364261668356, "max_depth": 5.0, "num_boost_round": 9.0}, "datetime": {"datetime": "2024-01-19 00:18:17", "elapsed": 404.572193, "delta": 0.000658}}
{"target": -17.681789184769528, "params": {"gamma": 70.5841113194563, "log10_alpha": 0.8339972777385434, "log10_colsample_bytree": -0.31168375452612207, "log10_eta": -1.2543184709991073, "log10_lambda": -1.2957652848665284, "log10_min_child_weight": 3.819405527470614, "log10_subsample": -0.1575364261668356, "max_depth": 5.0, "num_boost_round": 10.0}, "datetime": {"datetime": "2024-01-19 00:18:17", "elapsed": 404.572859, "delta": 0.000666}}
{"target": -17.68145139019703, "params": {"gamma": 70.5841113194563, "log10_alpha": 0.8339972777385434, "log10_colsample_bytree": -0.31168375452612207, "log10_eta": -1.2543184709991073, "log10_lambda": -1.2957652848665284, "log10_min_child_weight": 3.819405527470614, "log10_subsample": -0.1575364261668356, "max_depth": 5.0, "num_boost_round": 11.0}, "datetime": {"datetime": "2024-01-19 00:18:17", "elapsed": 404.573731, "delta": 0.000872}}
{"target": -17.68220783263036, "params": {"gamma": 70.5841113194563, "log10_alpha": 0.8339972777385434, "log10_colsample_bytree": -0.31168375452612207, "log10_eta": -1.2543184709991073, "log10_lambda": -1.2957652848665284, "log10_min_child_weight": 3.819405527470614, "log10_subsample": -0.1575364261668356, "max_depth": 5.0, "num_boost_round": 12.0}, "datetime": {"datetime": "2024-01-19 00:18:17", "elapsed": 404.574418, "delta": 0.000687}}
{"target": -17.683842584026706, "params": {"gamma": 70.5841113194563, "log10_alpha": 0.8339972777385434, "log10_colsample_bytree": -0.31168375452612207, "log10_eta": -1.2543184709991073, "log10_lambda": -1.2957652848665284, "log10_min_child_weight": 3.819405527470614, "log10_subsample": -0.1575364261668356, "max_depth": 5.0, "num_boost_round": 13.0}, "datetime": {"datetime": "2024-01-19 00:18:17", "elapsed": 404.575117, "delta": 0.000699}}
{"target": -17.685713695774453, "params": {"gamma": 70.5841113194563, "log10_alpha": 0.8339972777385434, "log10_colsample_bytree": -0.31168375452612207, "log10_eta": -1.2543184709991073, "log10_lambda": -1.2957652848665284, "log10_min_child_weight": 3.819405527470614, "log10_subsample": -0.1575364261668356, "max_depth": 5.0, "num_boost_round": 14.0}, "datetime": {"datetime": "2024-01-19 00:18:17", "elapsed": 404.57596, "delta": 0.000843}}
{"target": -17.68582760051781, "params": {"gamma": 70.5841113194563, "log10_alpha": 0.8339972777385434, "log10_colsample_bytree": -0.31168375452612207, "log10_eta": -1.2543184709991073, "log10_lambda": -1.2957652848665284, "log10_min_child_weight": 3.819405527470614, "log10_subsample": -0.1575364261668356, "max_depth": 5.0, "num_boost_round": 15.0}, "datetime": {"datetime": "2024-01-19 00:18:17", "elapsed": 404.576799, "delta": 0.000839}}
{"target": -17.687221491067167, "params": {"gamma": 70.5841113194563, "log10_alpha": 0.8339972777385434, "log10_colsample_bytree": -0.31168375452612207, "log10_eta": -1.2543184709991073, "log10_lambda": -1.2957652848665284, "log10_min_child_weight": 3.819405527470614, "log10_subsample": -0.1575364261668356, "max_depth": 5.0, "num_boost_round": 16.0}, "datetime": {"datetime": "2024-01-19 00:18:17", "elapsed": 404.57758, "delta": 0.000781}}
{"target": -17.687307318421027, "params": {"gamma": 70.5841113194563, "log10_alpha": 0.8339972777385434, "log10_colsample_bytree": -0.31168375452612207, "log10_eta": -1.2543184709991073, "log10_lambda": -1.2957652848665284, "log10_min_child_weight": 3.819405527470614, "log10_subsample": -0.1575364261668356, "max_depth": 5.0, "num_boost_round": 17.0}, "datetime": {"datetime": "2024-01-19 00:18:17", "elapsed": 404.578187, "delta": 0.000607}}
{"target": -17.677211500779272, "params": {"gamma": 70.04391915186181, "log10_alpha": -4.9658667058802335, "log10_colsample_bytree": -0.32015371764831757, "log10_eta": -3.3034559131767995, "log10_lambda": 0.5495243200282118, "log10_min_child_weight": 2.0720294617339228, "log10_subsample": -0.1590838374456378, "max_depth": 3.0, "num_boost_round": 0.0}, "datetime": {"datetime": "2024-01-19 00:18:43", "elapsed": 430.410752, "delta": 25.832565}}
{"target": -17.677185755455618, "params": {"gamma": 70.04391915186181, "log10_alpha": -4.9658667058802335, "log10_colsample_bytree": -0.32015371764831757, "log10_eta": -3.3034559131767995, "log10_lambda": 0.5495243200282118, "log10_min_child_weight": 2.0720294617339228, "log10_subsample": -0.1590838374456378, "max_depth": 3.0, "num_boost_round": 1.0}, "datetime": {"datetime": "2024-01-19 00:18:43", "elapsed": 430.411647, "delta": 0.000895}}
{"target": -17.677167496194865, "params": {"gamma": 70.04391915186181, "log10_alpha": -4.9658667058802335, "log10_colsample_bytree": -0.32015371764831757, "log10_eta": -3.3034559131767995, "log10_lambda": 0.5495243200282118, "log10_min_child_weight": 2.0720294617339228, "log10_subsample": -0.1590838374456378, "max_depth": 3.0, "num_boost_round": 2.0}, "datetime": {"datetime": "2024-01-19 00:18:43", "elapsed": 430.412383, "delta": 0.000736}}
{"target": -17.677158497119756, "params": {"gamma": 70.04391915186181, "log10_alpha": -4.9658667058802335, "log10_colsample_bytree": -0.32015371764831757, "log10_eta": -3.3034559131767995, "log10_lambda": 0.5495243200282118, "log10_min_child_weight": 2.0720294617339228, "log10_subsample": -0.1590838374456378, "max_depth": 3.0, "num_boost_round": 3.0}, "datetime": {"datetime": "2024-01-19 00:18:43", "elapsed": 430.413363, "delta": 0.00098}}
{"target": -17.677140612289502, "params": {"gamma": 70.04391915186181, "log10_alpha": -4.9658667058802335, "log10_colsample_bytree": -0.32015371764831757, "log10_eta": -3.3034559131767995, "log10_lambda": 0.5495243200282118, "log10_min_child_weight": 2.0720294617339228, "log10_subsample": -0.1590838374456378, "max_depth": 3.0, "num_boost_round": 4.0}, "datetime": {"datetime": "2024-01-19 00:18:43", "elapsed": 430.414082, "delta": 0.000719}}
{"target": -17.677128704166627, "params": {"gamma": 70.04391915186181, "log10_alpha": -4.9658667058802335, "log10_colsample_bytree": -0.32015371764831757, "log10_eta": -3.3034559131767995, "log10_lambda": 0.5495243200282118, "log10_min_child_weight": 2.0720294617339228, "log10_subsample": -0.1590838374456378, "max_depth": 3.0, "num_boost_round": 5.0}, "datetime": {"datetime": "2024-01-19 00:18:43", "elapsed": 430.414957, "delta": 0.000875}}
{"target": -17.67711045636023, "params": {"gamma": 70.04391915186181, "log10_alpha": -4.9658667058802335, "log10_colsample_bytree": -0.32015371764831757, "log10_eta": -3.3034559131767995, "log10_lambda": 0.5495243200282118, "log10_min_child_weight": 2.0720294617339228, "log10_subsample": -0.1590838374456378, "max_depth": 3.0, "num_boost_round": 6.0}, "datetime": {"datetime": "2024-01-19 00:18:43", "elapsed": 430.416428, "delta": 0.001471}}
{"target": -17.677092640174557, "params": {"gamma": 70.04391915186181, "log10_alpha": -4.9658667058802335, "log10_colsample_bytree": -0.32015371764831757, "log10_eta": -3.3034559131767995, "log10_lambda": 0.5495243200282118, "log10_min_child_weight": 2.0720294617339228, "log10_subsample": -0.1590838374456378, "max_depth": 3.0, "num_boost_round": 7.0}, "datetime": {"datetime": "2024-01-19 00:18:43", "elapsed": 430.417144, "delta": 0.000716}}
{"target": -17.677080224627293, "params": {"gamma": 70.04391915186181, "log10_alpha": -4.9658667058802335, "log10_colsample_bytree": -0.32015371764831757, "log10_eta": -3.3034559131767995, "log10_lambda": 0.5495243200282118, "log10_min_child_weight": 2.0720294617339228, "log10_subsample": -0.1590838374456378, "max_depth": 3.0, "num_boost_round": 8.0}, "datetime": {"datetime": "2024-01-19 00:18:43", "elapsed": 430.41786, "delta": 0.000716}}
{"target": -17.677062348438312, "params": {"gamma": 70.04391915186181, "log10_alpha": -4.9658667058802335, "log10_colsample_bytree": -0.32015371764831757, "log10_eta": -3.3034559131767995, "log10_lambda": 0.5495243200282118, "log10_min_child_weight": 2.0720294617339228, "log10_subsample": -0.1590838374456378, "max_depth": 3.0, "num_boost_round": 9.0}, "datetime": {"datetime": "2024-01-19 00:18:43", "elapsed": 430.41857, "delta": 0.00071}}
{"target": -17.677049065576607, "params": {"gamma": 70.04391915186181, "log10_alpha": -4.9658667058802335, "log10_colsample_bytree": -0.32015371764831757, "log10_eta": -3.3034559131767995, "log10_lambda": 0.5495243200282118, "log10_min_child_weight": 2.0720294617339228, "log10_subsample": -0.1590838374456378, "max_depth": 3.0, "num_boost_round": 10.0}, "datetime": {"datetime": "2024-01-19 00:18:43", "elapsed": 430.419227, "delta": 0.000657}}
{"target": -17.67702693405206, "params": {"gamma": 70.04391915186181, "log10_alpha": -4.9658667058802335, "log10_colsample_bytree": -0.32015371764831757, "log10_eta": -3.3034559131767995, "log10_lambda": 0.5495243200282118, "log10_min_child_weight": 2.0720294617339228, "log10_subsample": -0.1590838374456378, "max_depth": 3.0, "num_boost_round": 11.0}, "datetime": {"datetime": "2024-01-19 00:18:43", "elapsed": 430.419915, "delta": 0.000688}}
{"target": -17.67701254715123, "params": {"gamma": 70.04391915186181, "log10_alpha": -4.9658667058802335, "log10_colsample_bytree": -0.32015371764831757, "log10_eta": -3.3034559131767995, "log10_lambda": 0.5495243200282118, "log10_min_child_weight": 2.0720294617339228, "log10_subsample": -0.1590838374456378, "max_depth": 3.0, "num_boost_round": 12.0}, "datetime": {"datetime": "2024-01-19 00:18:43", "elapsed": 430.420701, "delta": 0.000786}}
{"target": -17.67699776301239, "params": {"gamma": 70.04391915186181, "log10_alpha": -4.9658667058802335, "log10_colsample_bytree": -0.32015371764831757, "log10_eta": -3.3034559131767995, "log10_lambda": 0.5495243200282118, "log10_min_child_weight": 2.0720294617339228, "log10_subsample": -0.1590838374456378, "max_depth": 3.0, "num_boost_round": 13.0}, "datetime": {"datetime": "2024-01-19 00:18:43", "elapsed": 430.421442, "delta": 0.000741}}
{"target": -17.676991072765766, "params": {"gamma": 70.04391915186181, "log10_alpha": -4.9658667058802335, "log10_colsample_bytree": -0.32015371764831757, "log10_eta": -3.3034559131767995, "log10_lambda": 0.5495243200282118, "log10_min_child_weight": 2.0720294617339228, "log10_subsample": -0.1590838374456378, "max_depth": 3.0, "num_boost_round": 14.0}, "datetime": {"datetime": "2024-01-19 00:18:43", "elapsed": 430.422185, "delta": 0.000743}}
{"target": -17.676990754834343, "params": {"gamma": 70.04391915186181, "log10_alpha": -4.9658667058802335, "log10_colsample_bytree": -0.32015371764831757, "log10_eta": -3.3034559131767995, "log10_lambda": 0.5495243200282118, "log10_min_child_weight": 2.0720294617339228, "log10_subsample": -0.1590838374456378, "max_depth": 3.0, "num_boost_round": 15.0}, "datetime": {"datetime": "2024-01-19 00:18:43", "elapsed": 430.423124, "delta": 0.000939}}
{"target": -17.676975507784633, "params": {"gamma": 70.04391915186181, "log10_alpha": -4.9658667058802335, "log10_colsample_bytree": -0.32015371764831757, "log10_eta": -3.3034559131767995, "log10_lambda": 0.5495243200282118, "log10_min_child_weight": 2.0720294617339228, "log10_subsample": -0.1590838374456378, "max_depth": 3.0, "num_boost_round": 16.0}, "datetime": {"datetime": "2024-01-19 00:18:43", "elapsed": 430.423873, "delta": 0.000749}}
{"target": -17.676966360310615, "params": {"gamma": 70.04391915186181, "log10_alpha": -4.9658667058802335, "log10_colsample_bytree": -0.32015371764831757, "log10_eta": -3.3034559131767995, "log10_lambda": 0.5495243200282118, "log10_min_child_weight": 2.0720294617339228, "log10_subsample": -0.1590838374456378, "max_depth": 3.0, "num_boost_round": 17.0}, "datetime": {"datetime": "2024-01-19 00:18:43", "elapsed": 430.424615, "delta": 0.000742}}
