{"target": -13.758536180963038, "params": {"gamma": 517.668583502169, "log10_alpha": -4.493620373301636, "log10_colsample_bytree": -0.6779790210352958, "log10_eta": -3.5417823338144845, "log10_lambda": 0.28146326190822, "log10_min_child_weight": 4.229636695039879, "log10_subsample": -0.14998119442781177, "max_depth": 5.0, "num_boost_round": 0.0}, "datetime": {"datetime": "2024-01-19 00:27:40", "elapsed": 991.843375, "delta": 22.769371}}
{"target": -13.758535318035543, "params": {"gamma": 517.668583502169, "log10_alpha": -4.493620373301636, "log10_colsample_bytree": -0.6779790210352958, "log10_eta": -3.5417823338144845, "log10_lambda": 0.28146326190822, "log10_min_child_weight": 4.229636695039879, "log10_subsample": -0.14998119442781177, "max_depth": 5.0, "num_boost_round": 1.0}, "datetime": {"datetime": "2024-01-19 00:27:40", "elapsed": 991.844791, "delta": 0.001416}}
{"target": -13.758539455363023, "params": {"gamma": 517.668583502169, "log10_alpha": -4.493620373301636, "log10_colsample_bytree": -0.6779790210352958, "log10_eta": -3.5417823338144845, "log10_lambda": 0.28146326190822, "log10_min_child_weight": 4.229636695039879, "log10_subsample": -0.14998119442781177, "max_depth": 5.0, "num_boost_round": 2.0}, "datetime": {"datetime": "2024-01-19 00:27:40", "elapsed": 991.846079, "delta": 0.001288}}
{"target": -13.758537686998983, "params": {"gamma": 517.668583502169, "log10_alpha": -4.493620373301636, "log10_colsample_bytree": -0.6779790210352958, "log10_eta": -3.5417823338144845, "log10_lambda": 0.28146326190822, "log10_min_child_weight": 4.229636695039879, "log10_subsample": -0.14998119442781177, "max_depth": 5.0, "num_boost_round": 3.0}, "datetime": {"datetime": "2024-01-19 00:27:40", "elapsed": 991.847343, "delta": 0.001264}}
{"target": -13.758536168309549, "params": {"gamma": 517.668583502169, "log10_alpha": -4.493620373301636, "log10_colsample_bytree": -0.6779790210352958, "log10_eta": -3.5417823338144845, "log10_lambda": 0.28146326190822, "log10_min_child_weight": 4.229636695039879, "log10_subsample": -0.14998119442781177, "max_depth": 5.0, "num_boost_round": 4.0}, "datetime": {"datetime": "2024-01-19 00:27:40", "elapsed": 991.848609, "delta": 0.001266}}
{"target": -13.758537760171786, "params": {"gamma": 517.668583502169, "log10_alpha": -4.493620373301636, "log10_colsample_bytree": -0.6779790210352958, "log10_eta": -3.5417823338144845, "log10_lambda": 0.28146326190822, "log10_min_child_weight": 4.229636695039879, "log10_subsample": -0.14998119442781177, "max_depth": 5.0, "num_boost_round": 5.0}, "datetime": {"datetime": "2024-01-19 00:27:40", "elapsed": 991.850022, "delta": 0.001413}}
{"target": -13.758542404103382, "params": {"gamma": 517.668583502169, "log10_alpha": -4.493620373301636, "log10_colsample_bytree": -0.6779790210352958, "log10_eta": -3.5417823338144845, "log10_lambda": 0.28146326190822, "log10_min_child_weight": 4.229636695039879, "log10_subsample": -0.14998119442781177, "max_depth": 5.0, "num_boost_round": 6.0}, "datetime": {"datetime": "2024-01-19 00:27:40", "elapsed": 991.851286, "delta": 0.001264}}
{"target": -13.758538108268354, "params": {"gamma": 517.668583502169, "log10_alpha": -4.493620373301636, "log10_colsample_bytree": -0.6779790210352958, "log10_eta": -3.5417823338144845, "log10_lambda": 0.28146326190822, "log10_min_child_weight": 4.229636695039879, "log10_subsample": -0.14998119442781177, "max_depth": 5.0, "num_boost_round": 7.0}, "datetime": {"datetime": "2024-01-19 00:27:40", "elapsed": 991.853478, "delta": 0.002192}}
{"target": -13.758537984458652, "params": {"gamma": 517.668583502169, "log10_alpha": -4.493620373301636, "log10_colsample_bytree": -0.6779790210352958, "log10_eta": -3.5417823338144845, "log10_lambda": 0.28146326190822, "log10_min_child_weight": 4.229636695039879, "log10_subsample": -0.14998119442781177, "max_depth": 5.0, "num_boost_round": 8.0}, "datetime": {"datetime": "2024-01-19 00:27:40", "elapsed": 991.855424, "delta": 0.001946}}
{"target": -13.75853944692385, "params": {"gamma": 517.668583502169, "log10_alpha": -4.493620373301636, "log10_colsample_bytree": -0.6779790210352958, "log10_eta": -3.5417823338144845, "log10_lambda": 0.28146326190822, "log10_min_child_weight": 4.229636695039879, "log10_subsample": -0.14998119442781177, "max_depth": 5.0, "num_boost_round": 9.0}, "datetime": {"datetime": "2024-01-19 00:27:40", "elapsed": 991.857047, "delta": 0.001623}}
{"target": -13.758536453295712, "params": {"gamma": 517.668583502169, "log10_alpha": -4.493620373301636, "log10_colsample_bytree": -0.6779790210352958, "log10_eta": -3.5417823338144845, "log10_lambda": 0.28146326190822, "log10_min_child_weight": 4.229636695039879, "log10_subsample": -0.14998119442781177, "max_depth": 5.0, "num_boost_round": 10.0}, "datetime": {"datetime": "2024-01-19 00:27:40", "elapsed": 991.858429, "delta": 0.001382}}
{"target": -13.758535812086214, "params": {"gamma": 517.668583502169, "log10_alpha": -4.493620373301636, "log10_colsample_bytree": -0.6779790210352958, "log10_eta": -3.5417823338144845, "log10_lambda": 0.28146326190822, "log10_min_child_weight": 4.229636695039879, "log10_subsample": -0.14998119442781177, "max_depth": 5.0, "num_boost_round": 11.0}, "datetime": {"datetime": "2024-01-19 00:27:40", "elapsed": 991.859845, "delta": 0.001416}}
{"target": -13.758538815467293, "params": {"gamma": 517.668583502169, "log10_alpha": -4.493620373301636, "log10_colsample_bytree": -0.6779790210352958, "log10_eta": -3.5417823338144845, "log10_lambda": 0.28146326190822, "log10_min_child_weight": 4.229636695039879, "log10_subsample": -0.14998119442781177, "max_depth": 5.0, "num_boost_round": 12.0}, "datetime": {"datetime": "2024-01-19 00:27:40", "elapsed": 991.861341, "delta": 0.001496}}
{"target": -13.758538564524242, "params": {"gamma": 517.668583502169, "log10_alpha": -4.493620373301636, "log10_colsample_bytree": -0.6779790210352958, "log10_eta": -3.5417823338144845, "log10_lambda": 0.28146326190822, "log10_min_child_weight": 4.229636695039879, "log10_subsample": -0.14998119442781177, "max_depth": 5.0, "num_boost_round": 13.0}, "datetime": {"datetime": "2024-01-19 00:27:40", "elapsed": 991.862714, "delta": 0.001373}}
{"target": -13.758536911581928, "params": {"gamma": 517.668583502169, "log10_alpha": -4.493620373301636, "log10_colsample_bytree": -0.6779790210352958, "log10_eta": -3.5417823338144845, "log10_lambda": 0.28146326190822, "log10_min_child_weight": 4.229636695039879, "log10_subsample": -0.14998119442781177, "max_depth": 5.0, "num_boost_round": 14.0}, "datetime": {"datetime": "2024-01-19 00:27:40", "elapsed": 991.864091, "delta": 0.001377}}
{"target": -13.758533704761778, "params": {"gamma": 517.668583502169, "log10_alpha": -4.493620373301636, "log10_colsample_bytree": -0.6779790210352958, "log10_eta": -3.5417823338144845, "log10_lambda": 0.28146326190822, "log10_min_child_weight": 4.229636695039879, "log10_subsample": -0.14998119442781177, "max_depth": 5.0, "num_boost_round": 15.0}, "datetime": {"datetime": "2024-01-19 00:27:40", "elapsed": 991.865349, "delta": 0.001258}}
{"target": -13.758538334726964, "params": {"gamma": 559.9552737929665, "log10_alpha": 1.0, "log10_colsample_bytree": -1.0, "log10_eta": -4.0, "log10_lambda": -2.5574048783142542, "log10_min_child_weight": 5.0, "log10_subsample": -1.0, "max_depth": 2.0, "num_boost_round": 0.0}, "datetime": {"datetime": "2024-01-19 00:28:03", "elapsed": 1015.37844, "delta": 23.513091}}
{"target": -13.758538317914955, "params": {"gamma": 559.9552737929665, "log10_alpha": 1.0, "log10_colsample_bytree": -1.0, "log10_eta": -4.0, "log10_lambda": -2.5574048783142542, "log10_min_child_weight": 5.0, "log10_subsample": -1.0, "max_depth": 2.0, "num_boost_round": 1.0}, "datetime": {"datetime": "2024-01-19 00:28:03", "elapsed": 1015.379882, "delta": 0.001442}}
{"target": -13.75853834800511, "params": {"gamma": 559.9552737929665, "log10_alpha": 1.0, "log10_colsample_bytree": -1.0, "log10_eta": -4.0, "log10_lambda": -2.5574048783142542, "log10_min_child_weight": 5.0, "log10_subsample": -1.0, "max_depth": 2.0, "num_boost_round": 2.0}, "datetime": {"datetime": "2024-01-19 00:28:03", "elapsed": 1015.381796, "delta": 0.001914}}
{"target": -13.758538333248996, "params": {"gamma": 559.9552737929665, "log10_alpha": 1.0, "log10_colsample_bytree": -1.0, "log10_eta": -4.0, "log10_lambda": -2.5574048783142542, "log10_min_child_weight": 5.0, "log10_subsample": -1.0, "max_depth": 2.0, "num_boost_round": 3.0}, "datetime": {"datetime": "2024-01-19 00:28:03", "elapsed": 1015.383306, "delta": 0.00151}}
{"target": -13.758538313536027, "params": {"gamma": 559.9552737929665, "log10_alpha": 1.0, "log10_colsample_bytree": -1.0, "log10_eta": -4.0, "log10_lambda": -2.5574048783142542, "log10_min_child_weight": 5.0, "log10_subsample": -1.0, "max_depth": 2.0, "num_boost_round": 4.0}, "datetime": {"datetime": "2024-01-19 00:28:03", "elapsed": 1015.384604, "delta": 0.001298}}
{"target": -13.758538335062584, "params": {"gamma": 559.9552737929665, "log10_alpha": 1.0, "log10_colsample_bytree": -1.0, "log10_eta": -4.0, "log10_lambda": -2.5574048783142542, "log10_min_child_weight": 5.0, "log10_subsample": -1.0, "max_depth": 2.0, "num_boost_round": 5.0}, "datetime": {"datetime": "2024-01-19 00:28:03", "elapsed": 1015.386062, "delta": 0.001458}}
{"target": -13.758538335256436, "params": {"gamma": 559.9552737929665, "log10_alpha": 1.0, "log10_colsample_bytree": -1.0, "log10_eta": -4.0, "log10_lambda": -2.5574048783142542, "log10_min_child_weight": 5.0, "log10_subsample": -1.0, "max_depth": 2.0, "num_boost_round": 6.0}, "datetime": {"datetime": "2024-01-19 00:28:03", "elapsed": 1015.387499, "delta": 0.001437}}
{"target": -13.75853832441536, "params": {"gamma": 559.9552737929665, "log10_alpha": 1.0, "log10_colsample_bytree": -1.0, "log10_eta": -4.0, "log10_lambda": -2.5574048783142542, "log10_min_child_weight": 5.0, "log10_subsample": -1.0, "max_depth": 2.0, "num_boost_round": 7.0}, "datetime": {"datetime": "2024-01-19 00:28:03", "elapsed": 1015.388779, "delta": 0.00128}}
{"target": -13.758538336464653, "params": {"gamma": 559.9552737929665, "log10_alpha": 1.0, "log10_colsample_bytree": -1.0, "log10_eta": -4.0, "log10_lambda": -2.5574048783142542, "log10_min_child_weight": 5.0, "log10_subsample": -1.0, "max_depth": 2.0, "num_boost_round": 8.0}, "datetime": {"datetime": "2024-01-19 00:28:03", "elapsed": 1015.390073, "delta": 0.001294}}
{"target": -13.758538309739384, "params": {"gamma": 559.9552737929665, "log10_alpha": 1.0, "log10_colsample_bytree": -1.0, "log10_eta": -4.0, "log10_lambda": -2.5574048783142542, "log10_min_child_weight": 5.0, "log10_subsample": -1.0, "max_depth": 2.0, "num_boost_round": 9.0}, "datetime": {"datetime": "2024-01-19 00:28:03", "elapsed": 1015.391368, "delta": 0.001295}}
{"target": -13.758538316168698, "params": {"gamma": 559.9552737929665, "log10_alpha": 1.0, "log10_colsample_bytree": -1.0, "log10_eta": -4.0, "log10_lambda": -2.5574048783142542, "log10_min_child_weight": 5.0, "log10_subsample": -1.0, "max_depth": 2.0, "num_boost_round": 10.0}, "datetime": {"datetime": "2024-01-19 00:28:03", "elapsed": 1015.392657, "delta": 0.001289}}
{"target": -13.75853830798166, "params": {"gamma": 559.9552737929665, "log10_alpha": 1.0, "log10_colsample_bytree": -1.0, "log10_eta": -4.0, "log10_lambda": -2.5574048783142542, "log10_min_child_weight": 5.0, "log10_subsample": -1.0, "max_depth": 2.0, "num_boost_round": 11.0}, "datetime": {"datetime": "2024-01-19 00:28:03", "elapsed": 1015.393957, "delta": 0.0013}}
{"target": -13.758538339246169, "params": {"gamma": 559.9552737929665, "log10_alpha": 1.0, "log10_colsample_bytree": -1.0, "log10_eta": -4.0, "log10_lambda": -2.5574048783142542, "log10_min_child_weight": 5.0, "log10_subsample": -1.0, "max_depth": 2.0, "num_boost_round": 12.0}, "datetime": {"datetime": "2024-01-19 00:28:03", "elapsed": 1015.395256, "delta": 0.001299}}
{"target": -13.758538316292352, "params": {"gamma": 559.9552737929665, "log10_alpha": 1.0, "log10_colsample_bytree": -1.0, "log10_eta": -4.0, "log10_lambda": -2.5574048783142542, "log10_min_child_weight": 5.0, "log10_subsample": -1.0, "max_depth": 2.0, "num_boost_round": 13.0}, "datetime": {"datetime": "2024-01-19 00:28:03", "elapsed": 1015.396557, "delta": 0.001301}}
{"target": -13.758538323444467, "params": {"gamma": 559.9552737929665, "log10_alpha": 1.0, "log10_colsample_bytree": -1.0, "log10_eta": -4.0, "log10_lambda": -2.5574048783142542, "log10_min_child_weight": 5.0, "log10_subsample": -1.0, "max_depth": 2.0, "num_boost_round": 14.0}, "datetime": {"datetime": "2024-01-19 00:28:03", "elapsed": 1015.397859, "delta": 0.001302}}
{"target": -13.758538345230686, "params": {"gamma": 559.9552737929665, "log10_alpha": 1.0, "log10_colsample_bytree": -1.0, "log10_eta": -4.0, "log10_lambda": -2.5574048783142542, "log10_min_child_weight": 5.0, "log10_subsample": -1.0, "max_depth": 2.0, "num_boost_round": 15.0}, "datetime": {"datetime": "2024-01-19 00:28:03", "elapsed": 1015.399155, "delta": 0.001296}}
{"target": -13.758538313789401, "params": {"gamma": 559.9552737929665, "log10_alpha": 1.0, "log10_colsample_bytree": -1.0, "log10_eta": -4.0, "log10_lambda": -2.5574048783142542, "log10_min_child_weight": 5.0, "log10_subsample": -1.0, "max_depth": 2.0, "num_boost_round": 16.0}, "datetime": {"datetime": "2024-01-19 00:28:03", "elapsed": 1015.400455, "delta": 0.0013}}
{"target": -13.758538345226466, "params": {"gamma": 559.9552737929665, "log10_alpha": 1.0, "log10_colsample_bytree": -1.0, "log10_eta": -4.0, "log10_lambda": -2.5574048783142542, "log10_min_child_weight": 5.0, "log10_subsample": -1.0, "max_depth": 2.0, "num_boost_round": 17.0}, "datetime": {"datetime": "2024-01-19 00:28:03", "elapsed": 1015.401754, "delta": 0.001299}}
{"target": -13.758538348169337, "params": {"gamma": 559.9552737929665, "log10_alpha": 1.0, "log10_colsample_bytree": -1.0, "log10_eta": -4.0, "log10_lambda": -2.5574048783142542, "log10_min_child_weight": 5.0, "log10_subsample": -1.0, "max_depth": 2.0, "num_boost_round": 18.0}, "datetime": {"datetime": "2024-01-19 00:28:03", "elapsed": 1015.403112, "delta": 0.001358}}
{"target": -13.75853832868557, "params": {"gamma": 559.9552737929665, "log10_alpha": 1.0, "log10_colsample_bytree": -1.0, "log10_eta": -4.0, "log10_lambda": -2.5574048783142542, "log10_min_child_weight": 5.0, "log10_subsample": -1.0, "max_depth": 2.0, "num_boost_round": 19.0}, "datetime": {"datetime": "2024-01-19 00:28:03", "elapsed": 1015.404458, "delta": 0.001346}}
{"target": -13.758538338925314, "params": {"gamma": 559.9552737929665, "log10_alpha": 1.0, "log10_colsample_bytree": -1.0, "log10_eta": -4.0, "log10_lambda": -2.5574048783142542, "log10_min_child_weight": 5.0, "log10_subsample": -1.0, "max_depth": 2.0, "num_boost_round": 20.0}, "datetime": {"datetime": "2024-01-19 00:28:03", "elapsed": 1015.405759, "delta": 0.001301}}
{"target": -13.758538322172853, "params": {"gamma": 559.9552737929665, "log10_alpha": 1.0, "log10_colsample_bytree": -1.0, "log10_eta": -4.0, "log10_lambda": -2.5574048783142542, "log10_min_child_weight": 5.0, "log10_subsample": -1.0, "max_depth": 2.0, "num_boost_round": 21.0}, "datetime": {"datetime": "2024-01-19 00:28:03", "elapsed": 1015.407172, "delta": 0.001413}}
{"target": -13.758538320632324, "params": {"gamma": 559.9552737929665, "log10_alpha": 1.0, "log10_colsample_bytree": -1.0, "log10_eta": -4.0, "log10_lambda": -2.5574048783142542, "log10_min_child_weight": 5.0, "log10_subsample": -1.0, "max_depth": 2.0, "num_boost_round": 22.0}, "datetime": {"datetime": "2024-01-19 00:28:03", "elapsed": 1015.408473, "delta": 0.001301}}
{"target": -13.75853833320373, "params": {"gamma": 559.9552737929665, "log10_alpha": 1.0, "log10_colsample_bytree": -1.0, "log10_eta": -4.0, "log10_lambda": -2.5574048783142542, "log10_min_child_weight": 5.0, "log10_subsample": -1.0, "max_depth": 2.0, "num_boost_round": 23.0}, "datetime": {"datetime": "2024-01-19 00:28:03", "elapsed": 1015.40979, "delta": 0.001317}}
{"target": -13.758536794609133, "params": {"gamma": 567.7221594662759, "log10_alpha": -1.385240660954568, "log10_colsample_bytree": -0.9926347480029625, "log10_eta": -3.817826106976177, "log10_lambda": -4.252844661102591, "log10_min_child_weight": 3.775995408986539, "log10_subsample": -0.2386218126149382, "max_depth": 9.0, "num_boost_round": 0.0}, "datetime": {"datetime": "2024-01-19 00:28:24", "elapsed": 1035.894707, "delta": 20.484917}}
{"target": -13.758535278137378, "params": {"gamma": 567.7221594662759, "log10_alpha": -1.385240660954568, "log10_colsample_bytree": -0.9926347480029625, "log10_eta": -3.817826106976177, "log10_lambda": -4.252844661102591, "log10_min_child_weight": 3.775995408986539, "log10_subsample": -0.2386218126149382, "max_depth": 9.0, "num_boost_round": 1.0}, "datetime": {"datetime": "2024-01-19 00:28:24", "elapsed": 1035.896619, "delta": 0.001912}}
{"target": -13.758533602168637, "params": {"gamma": 567.7221594662759, "log10_alpha": -1.385240660954568, "log10_colsample_bytree": -0.9926347480029625, "log10_eta": -3.817826106976177, "log10_lambda": -4.252844661102591, "log10_min_child_weight": 3.775995408986539, "log10_subsample": -0.2386218126149382, "max_depth": 9.0, "num_boost_round": 2.0}, "datetime": {"datetime": "2024-01-19 00:28:24", "elapsed": 1035.897978, "delta": 0.001359}}
{"target": -13.758533006797817, "params": {"gamma": 567.7221594662759, "log10_alpha": -1.385240660954568, "log10_colsample_bytree": -0.9926347480029625, "log10_eta": -3.817826106976177, "log10_lambda": -4.252844661102591, "log10_min_child_weight": 3.775995408986539, "log10_subsample": -0.2386218126149382, "max_depth": 9.0, "num_boost_round": 3.0}, "datetime": {"datetime": "2024-01-19 00:28:24", "elapsed": 1035.899426, "delta": 0.001448}}
{"target": -13.758533287443676, "params": {"gamma": 567.7221594662759, "log10_alpha": -1.385240660954568, "log10_colsample_bytree": -0.9926347480029625, "log10_eta": -3.817826106976177, "log10_lambda": -4.252844661102591, "log10_min_child_weight": 3.775995408986539, "log10_subsample": -0.2386218126149382, "max_depth": 9.0, "num_boost_round": 4.0}, "datetime": {"datetime": "2024-01-19 00:28:24", "elapsed": 1035.90105, "delta": 0.001624}}
{"target": -13.758533240142992, "params": {"gamma": 567.7221594662759, "log10_alpha": -1.385240660954568, "log10_colsample_bytree": -0.9926347480029625, "log10_eta": -3.817826106976177, "log10_lambda": -4.252844661102591, "log10_min_child_weight": 3.775995408986539, "log10_subsample": -0.2386218126149382, "max_depth": 9.0, "num_boost_round": 5.0}, "datetime": {"datetime": "2024-01-19 00:28:24", "elapsed": 1035.902469, "delta": 0.001419}}
{"target": -13.758533538578133, "params": {"gamma": 567.7221594662759, "log10_alpha": -1.385240660954568, "log10_colsample_bytree": -0.9926347480029625, "log10_eta": -3.817826106976177, "log10_lambda": -4.252844661102591, "log10_min_child_weight": 3.775995408986539, "log10_subsample": -0.2386218126149382, "max_depth": 9.0, "num_boost_round": 6.0}, "datetime": {"datetime": "2024-01-19 00:28:24", "elapsed": 1035.903823, "delta": 0.001354}}
{"target": -13.758529782430047, "params": {"gamma": 567.7221594662759, "log10_alpha": -1.385240660954568, "log10_colsample_bytree": -0.9926347480029625, "log10_eta": -3.817826106976177, "log10_lambda": -4.252844661102591, "log10_min_child_weight": 3.775995408986539, "log10_subsample": -0.2386218126149382, "max_depth": 9.0, "num_boost_round": 7.0}, "datetime": {"datetime": "2024-01-19 00:28:24", "elapsed": 1035.905144, "delta": 0.001321}}
{"target": -13.758525675285833, "params": {"gamma": 567.7221594662759, "log10_alpha": -1.385240660954568, "log10_colsample_bytree": -0.9926347480029625, "log10_eta": -3.817826106976177, "log10_lambda": -4.252844661102591, "log10_min_child_weight": 3.775995408986539, "log10_subsample": -0.2386218126149382, "max_depth": 9.0, "num_boost_round": 8.0}, "datetime": {"datetime": "2024-01-19 00:28:24", "elapsed": 1035.906595, "delta": 0.001451}}
{"target": -13.758525073666185, "params": {"gamma": 567.7221594662759, "log10_alpha": -1.385240660954568, "log10_colsample_bytree": -0.9926347480029625, "log10_eta": -3.817826106976177, "log10_lambda": -4.252844661102591, "log10_min_child_weight": 3.775995408986539, "log10_subsample": -0.2386218126149382, "max_depth": 9.0, "num_boost_round": 9.0}, "datetime": {"datetime": "2024-01-19 00:28:24", "elapsed": 1035.907907, "delta": 0.001312}}
{"target": -13.758523938692223, "params": {"gamma": 567.7221594662759, "log10_alpha": -1.385240660954568, "log10_colsample_bytree": -0.9926347480029625, "log10_eta": -3.817826106976177, "log10_lambda": -4.252844661102591, "log10_min_child_weight": 3.775995408986539, "log10_subsample": -0.2386218126149382, "max_depth": 9.0, "num_boost_round": 10.0}, "datetime": {"datetime": "2024-01-19 00:28:24", "elapsed": 1035.909232, "delta": 0.001325}}
{"target": -13.758522699098064, "params": {"gamma": 570.9533683048976, "log10_alpha": -4.238053103510571, "log10_colsample_bytree": -0.3626412252446588, "log10_eta": -2.9095002577327533, "log10_lambda": -4.708030947176296, "log10_min_child_weight": 0.3211983894049797, "log10_subsample": -0.35499763878565427, "max_depth": 3.0, "num_boost_round": 0.0}, "datetime": {"datetime": "2024-01-19 00:28:43", "elapsed": 1055.32824, "delta": 19.419008}}
{"target": -13.758498415246319, "params": {"gamma": 570.9533683048976, "log10_alpha": -4.238053103510571, "log10_colsample_bytree": -0.3626412252446588, "log10_eta": -2.9095002577327533, "log10_lambda": -4.708030947176296, "log10_min_child_weight": 0.3211983894049797, "log10_subsample": -0.35499763878565427, "max_depth": 3.0, "num_boost_round": 1.0}, "datetime": {"datetime": "2024-01-19 00:28:43", "elapsed": 1055.329726, "delta": 0.001486}}
