{"target": -13.758517298220436, "params": {"gamma": 870.402071538843, "log10_alpha": -2.5028931204466556, "log10_colsample_bytree": -0.1785979138037107, "log10_eta": -3.8908267594053596, "log10_lambda": -0.5336445034714625, "log10_min_child_weight": 3.2602551525567476, "log10_subsample": -0.9090927479257601, "max_depth": 8.0, "num_boost_round": 9.0}, "datetime": {"datetime": "2024-01-19 01:14:07", "elapsed": 3751.405754, "delta": 0.005327}}
{"target": -13.758514776951182, "params": {"gamma": 870.402071538843, "log10_alpha": -2.5028931204466556, "log10_colsample_bytree": -0.1785979138037107, "log10_eta": -3.8908267594053596, "log10_lambda": -0.5336445034714625, "log10_min_child_weight": 3.2602551525567476, "log10_subsample": -0.9090927479257601, "max_depth": 8.0, "num_boost_round": 10.0}, "datetime": {"datetime": "2024-01-19 01:14:07", "elapsed": 3751.410812, "delta": 0.005058}}
{"target": -13.758509793294884, "params": {"gamma": 870.402071538843, "log10_alpha": -2.5028931204466556, "log10_colsample_bytree": -0.1785979138037107, "log10_eta": -3.8908267594053596, "log10_lambda": -0.5336445034714625, "log10_min_child_weight": 3.2602551525567476, "log10_subsample": -0.9090927479257601, "max_depth": 8.0, "num_boost_round": 11.0}, "datetime": {"datetime": "2024-01-19 01:14:07", "elapsed": 3751.415546, "delta": 0.004734}}
{"target": -13.758507700392745, "params": {"gamma": 870.402071538843, "log10_alpha": -2.5028931204466556, "log10_colsample_bytree": -0.1785979138037107, "log10_eta": -3.8908267594053596, "log10_lambda": -0.5336445034714625, "log10_min_child_weight": 3.2602551525567476, "log10_subsample": -0.9090927479257601, "max_depth": 8.0, "num_boost_round": 12.0}, "datetime": {"datetime": "2024-01-19 01:14:07", "elapsed": 3751.420141, "delta": 0.004595}}
{"target": -13.758505970743347, "params": {"gamma": 870.402071538843, "log10_alpha": -2.5028931204466556, "log10_colsample_bytree": -0.1785979138037107, "log10_eta": -3.8908267594053596, "log10_lambda": -0.5336445034714625, "log10_min_child_weight": 3.2602551525567476, "log10_subsample": -0.9090927479257601, "max_depth": 8.0, "num_boost_round": 13.0}, "datetime": {"datetime": "2024-01-19 01:14:07", "elapsed": 3751.424697, "delta": 0.004556}}
{"target": -13.758505297119683, "params": {"gamma": 870.402071538843, "log10_alpha": -2.5028931204466556, "log10_colsample_bytree": -0.1785979138037107, "log10_eta": -3.8908267594053596, "log10_lambda": -0.5336445034714625, "log10_min_child_weight": 3.2602551525567476, "log10_subsample": -0.9090927479257601, "max_depth": 8.0, "num_boost_round": 14.0}, "datetime": {"datetime": "2024-01-19 01:14:07", "elapsed": 3751.429411, "delta": 0.004714}}
{"target": -13.758502412556282, "params": {"gamma": 870.402071538843, "log10_alpha": -2.5028931204466556, "log10_colsample_bytree": -0.1785979138037107, "log10_eta": -3.8908267594053596, "log10_lambda": -0.5336445034714625, "log10_min_child_weight": 3.2602551525567476, "log10_subsample": -0.9090927479257601, "max_depth": 8.0, "num_boost_round": 15.0}, "datetime": {"datetime": "2024-01-19 01:14:07", "elapsed": 3751.434035, "delta": 0.004624}}
{"target": -13.758498144484301, "params": {"gamma": 870.402071538843, "log10_alpha": -2.5028931204466556, "log10_colsample_bytree": -0.1785979138037107, "log10_eta": -3.8908267594053596, "log10_lambda": -0.5336445034714625, "log10_min_child_weight": 3.2602551525567476, "log10_subsample": -0.9090927479257601, "max_depth": 8.0, "num_boost_round": 16.0}, "datetime": {"datetime": "2024-01-19 01:14:07", "elapsed": 3751.439086, "delta": 0.005051}}
{"target": -13.758499187328255, "params": {"gamma": 870.402071538843, "log10_alpha": -2.5028931204466556, "log10_colsample_bytree": -0.1785979138037107, "log10_eta": -3.8908267594053596, "log10_lambda": -0.5336445034714625, "log10_min_child_weight": 3.2602551525567476, "log10_subsample": -0.9090927479257601, "max_depth": 8.0, "num_boost_round": 17.0}, "datetime": {"datetime": "2024-01-19 01:14:07", "elapsed": 3751.443953, "delta": 0.004867}}
{"target": -13.758501277402821, "params": {"gamma": 870.402071538843, "log10_alpha": -2.5028931204466556, "log10_colsample_bytree": -0.1785979138037107, "log10_eta": -3.8908267594053596, "log10_lambda": -0.5336445034714625, "log10_min_child_weight": 3.2602551525567476, "log10_subsample": -0.9090927479257601, "max_depth": 8.0, "num_boost_round": 18.0}, "datetime": {"datetime": "2024-01-19 01:14:07", "elapsed": 3751.4487, "delta": 0.004747}}
{"target": -13.758500070026018, "params": {"gamma": 870.402071538843, "log10_alpha": -2.5028931204466556, "log10_colsample_bytree": -0.1785979138037107, "log10_eta": -3.8908267594053596, "log10_lambda": -0.5336445034714625, "log10_min_child_weight": 3.2602551525567476, "log10_subsample": -0.9090927479257601, "max_depth": 8.0, "num_boost_round": 19.0}, "datetime": {"datetime": "2024-01-19 01:14:07", "elapsed": 3751.453392, "delta": 0.004692}}
{"target": -13.758497685539098, "params": {"gamma": 870.402071538843, "log10_alpha": -2.5028931204466556, "log10_colsample_bytree": -0.1785979138037107, "log10_eta": -3.8908267594053596, "log10_lambda": -0.5336445034714625, "log10_min_child_weight": 3.2602551525567476, "log10_subsample": -0.9090927479257601, "max_depth": 8.0, "num_boost_round": 20.0}, "datetime": {"datetime": "2024-01-19 01:14:07", "elapsed": 3751.458016, "delta": 0.004624}}
{"target": -13.75849770972984, "params": {"gamma": 870.402071538843, "log10_alpha": -2.5028931204466556, "log10_colsample_bytree": -0.1785979138037107, "log10_eta": -3.8908267594053596, "log10_lambda": -0.5336445034714625, "log10_min_child_weight": 3.2602551525567476, "log10_subsample": -0.9090927479257601, "max_depth": 8.0, "num_boost_round": 21.0}, "datetime": {"datetime": "2024-01-19 01:14:07", "elapsed": 3751.462665, "delta": 0.004649}}
{"target": -13.758493542306503, "params": {"gamma": 870.402071538843, "log10_alpha": -2.5028931204466556, "log10_colsample_bytree": -0.1785979138037107, "log10_eta": -3.8908267594053596, "log10_lambda": -0.5336445034714625, "log10_min_child_weight": 3.2602551525567476, "log10_subsample": -0.9090927479257601, "max_depth": 8.0, "num_boost_round": 22.0}, "datetime": {"datetime": "2024-01-19 01:14:07", "elapsed": 3751.467316, "delta": 0.004651}}
{"target": -13.758532264923744, "params": {"gamma": 875.9097891937294, "log10_alpha": -2.806352172757026, "log10_colsample_bytree": -0.10652620901148957, "log10_eta": -3.5212965098028755, "log10_lambda": -3.142264716565224, "log10_min_child_weight": 0.4057670792617568, "log10_subsample": -0.7119133207835449, "max_depth": 8.0, "num_boost_round": 0.0}, "datetime": {"datetime": "2024-01-19 01:15:08", "elapsed": 3813.199311, "delta": 61.731995}}
{"target": -13.758516157607774, "params": {"gamma": 875.9097891937294, "log10_alpha": -2.806352172757026, "log10_colsample_bytree": -0.10652620901148957, "log10_eta": -3.5212965098028755, "log10_lambda": -3.142264716565224, "log10_min_child_weight": 0.4057670792617568, "log10_subsample": -0.7119133207835449, "max_depth": 8.0, "num_boost_round": 1.0}, "datetime": {"datetime": "2024-01-19 01:15:08", "elapsed": 3813.204603, "delta": 0.005292}}
{"target": -13.758490880629001, "params": {"gamma": 875.9097891937294, "log10_alpha": -2.806352172757026, "log10_colsample_bytree": -0.10652620901148957, "log10_eta": -3.5212965098028755, "log10_lambda": -3.142264716565224, "log10_min_child_weight": 0.4057670792617568, "log10_subsample": -0.7119133207835449, "max_depth": 8.0, "num_boost_round": 2.0}, "datetime": {"datetime": "2024-01-19 01:15:08", "elapsed": 3813.209473, "delta": 0.00487}}
{"target": -13.758459523966062, "params": {"gamma": 875.9097891937294, "log10_alpha": -2.806352172757026, "log10_colsample_bytree": -0.10652620901148957, "log10_eta": -3.5212965098028755, "log10_lambda": -3.142264716565224, "log10_min_child_weight": 0.4057670792617568, "log10_subsample": -0.7119133207835449, "max_depth": 8.0, "num_boost_round": 3.0}, "datetime": {"datetime": "2024-01-19 01:15:08", "elapsed": 3813.214237, "delta": 0.004764}}
{"target": -13.75846189964332, "params": {"gamma": 875.9097891937294, "log10_alpha": -2.806352172757026, "log10_colsample_bytree": -0.10652620901148957, "log10_eta": -3.5212965098028755, "log10_lambda": -3.142264716565224, "log10_min_child_weight": 0.4057670792617568, "log10_subsample": -0.7119133207835449, "max_depth": 8.0, "num_boost_round": 4.0}, "datetime": {"datetime": "2024-01-19 01:15:08", "elapsed": 3813.218809, "delta": 0.004572}}
{"target": -13.758457634532054, "params": {"gamma": 875.9097891937294, "log10_alpha": -2.806352172757026, "log10_colsample_bytree": -0.10652620901148957, "log10_eta": -3.5212965098028755, "log10_lambda": -3.142264716565224, "log10_min_child_weight": 0.4057670792617568, "log10_subsample": -0.7119133207835449, "max_depth": 8.0, "num_boost_round": 5.0}, "datetime": {"datetime": "2024-01-19 01:15:08", "elapsed": 3813.223406, "delta": 0.004597}}
{"target": -13.758438252445243, "params": {"gamma": 875.9097891937294, "log10_alpha": -2.806352172757026, "log10_colsample_bytree": -0.10652620901148957, "log10_eta": -3.5212965098028755, "log10_lambda": -3.142264716565224, "log10_min_child_weight": 0.4057670792617568, "log10_subsample": -0.7119133207835449, "max_depth": 8.0, "num_boost_round": 6.0}, "datetime": {"datetime": "2024-01-19 01:15:08", "elapsed": 3813.227991, "delta": 0.004585}}
{"target": -13.758439855438233, "params": {"gamma": 875.9097891937294, "log10_alpha": -2.806352172757026, "log10_colsample_bytree": -0.10652620901148957, "log10_eta": -3.5212965098028755, "log10_lambda": -3.142264716565224, "log10_min_child_weight": 0.4057670792617568, "log10_subsample": -0.7119133207835449, "max_depth": 8.0, "num_boost_round": 7.0}, "datetime": {"datetime": "2024-01-19 01:15:08", "elapsed": 3813.232734, "delta": 0.004743}}
{"target": -13.758432951248492, "params": {"gamma": 875.9097891937294, "log10_alpha": -2.806352172757026, "log10_colsample_bytree": -0.10652620901148957, "log10_eta": -3.5212965098028755, "log10_lambda": -3.142264716565224, "log10_min_child_weight": 0.4057670792617568, "log10_subsample": -0.7119133207835449, "max_depth": 8.0, "num_boost_round": 8.0}, "datetime": {"datetime": "2024-01-19 01:15:08", "elapsed": 3813.237463, "delta": 0.004729}}
{"target": -13.758430528934548, "params": {"gamma": 875.9097891937294, "log10_alpha": -2.806352172757026, "log10_colsample_bytree": -0.10652620901148957, "log10_eta": -3.5212965098028755, "log10_lambda": -3.142264716565224, "log10_min_child_weight": 0.4057670792617568, "log10_subsample": -0.7119133207835449, "max_depth": 8.0, "num_boost_round": 9.0}, "datetime": {"datetime": "2024-01-19 01:15:08", "elapsed": 3813.242157, "delta": 0.004694}}
{"target": -13.758410190760124, "params": {"gamma": 875.9097891937294, "log10_alpha": -2.806352172757026, "log10_colsample_bytree": -0.10652620901148957, "log10_eta": -3.5212965098028755, "log10_lambda": -3.142264716565224, "log10_min_child_weight": 0.4057670792617568, "log10_subsample": -0.7119133207835449, "max_depth": 8.0, "num_boost_round": 10.0}, "datetime": {"datetime": "2024-01-19 01:15:08", "elapsed": 3813.246677, "delta": 0.00452}}
{"target": -13.758402823790393, "params": {"gamma": 875.9097891937294, "log10_alpha": -2.806352172757026, "log10_colsample_bytree": -0.10652620901148957, "log10_eta": -3.5212965098028755, "log10_lambda": -3.142264716565224, "log10_min_child_weight": 0.4057670792617568, "log10_subsample": -0.7119133207835449, "max_depth": 8.0, "num_boost_round": 11.0}, "datetime": {"datetime": "2024-01-19 01:15:08", "elapsed": 3813.251331, "delta": 0.004654}}
{"target": -13.75839990566487, "params": {"gamma": 875.9097891937294, "log10_alpha": -2.806352172757026, "log10_colsample_bytree": -0.10652620901148957, "log10_eta": -3.5212965098028755, "log10_lambda": -3.142264716565224, "log10_min_child_weight": 0.4057670792617568, "log10_subsample": -0.7119133207835449, "max_depth": 8.0, "num_boost_round": 12.0}, "datetime": {"datetime": "2024-01-19 01:15:08", "elapsed": 3813.25615, "delta": 0.004819}}
{"target": -13.758411606423792, "params": {"gamma": 875.9097891937294, "log10_alpha": -2.806352172757026, "log10_colsample_bytree": -0.10652620901148957, "log10_eta": -3.5212965098028755, "log10_lambda": -3.142264716565224, "log10_min_child_weight": 0.4057670792617568, "log10_subsample": -0.7119133207835449, "max_depth": 8.0, "num_boost_round": 13.0}, "datetime": {"datetime": "2024-01-19 01:15:08", "elapsed": 3813.260728, "delta": 0.004578}}
{"target": -13.758417969062965, "params": {"gamma": 875.9097891937294, "log10_alpha": -2.806352172757026, "log10_colsample_bytree": -0.10652620901148957, "log10_eta": -3.5212965098028755, "log10_lambda": -3.142264716565224, "log10_min_child_weight": 0.4057670792617568, "log10_subsample": -0.7119133207835449, "max_depth": 8.0, "num_boost_round": 14.0}, "datetime": {"datetime": "2024-01-19 01:15:08", "elapsed": 3813.265312, "delta": 0.004584}}
{"target": -13.758415943976644, "params": {"gamma": 875.9097891937294, "log10_alpha": -2.806352172757026, "log10_colsample_bytree": -0.10652620901148957, "log10_eta": -3.5212965098028755, "log10_lambda": -3.142264716565224, "log10_min_child_weight": 0.4057670792617568, "log10_subsample": -0.7119133207835449, "max_depth": 8.0, "num_boost_round": 15.0}, "datetime": {"datetime": "2024-01-19 01:15:08", "elapsed": 3813.269893, "delta": 0.004581}}
{"target": -13.758408990143378, "params": {"gamma": 875.9097891937294, "log10_alpha": -2.806352172757026, "log10_colsample_bytree": -0.10652620901148957, "log10_eta": -3.5212965098028755, "log10_lambda": -3.142264716565224, "log10_min_child_weight": 0.4057670792617568, "log10_subsample": -0.7119133207835449, "max_depth": 8.0, "num_boost_round": 16.0}, "datetime": {"datetime": "2024-01-19 01:15:08", "elapsed": 3813.274546, "delta": 0.004653}}
{"target": -13.758420671136198, "params": {"gamma": 875.9097891937294, "log10_alpha": -2.806352172757026, "log10_colsample_bytree": -0.10652620901148957, "log10_eta": -3.5212965098028755, "log10_lambda": -3.142264716565224, "log10_min_child_weight": 0.4057670792617568, "log10_subsample": -0.7119133207835449, "max_depth": 8.0, "num_boost_round": 17.0}, "datetime": {"datetime": "2024-01-19 01:15:08", "elapsed": 3813.279127, "delta": 0.004581}}
{"target": -13.758412041008956, "params": {"gamma": 875.9097891937294, "log10_alpha": -2.806352172757026, "log10_colsample_bytree": -0.10652620901148957, "log10_eta": -3.5212965098028755, "log10_lambda": -3.142264716565224, "log10_min_child_weight": 0.4057670792617568, "log10_subsample": -0.7119133207835449, "max_depth": 8.0, "num_boost_round": 18.0}, "datetime": {"datetime": "2024-01-19 01:15:08", "elapsed": 3813.283712, "delta": 0.004585}}
{"target": -13.758400069544741, "params": {"gamma": 875.9097891937294, "log10_alpha": -2.806352172757026, "log10_colsample_bytree": -0.10652620901148957, "log10_eta": -3.5212965098028755, "log10_lambda": -3.142264716565224, "log10_min_child_weight": 0.4057670792617568, "log10_subsample": -0.7119133207835449, "max_depth": 8.0, "num_boost_round": 19.0}, "datetime": {"datetime": "2024-01-19 01:15:08", "elapsed": 3813.288417, "delta": 0.004705}}
{"target": -13.75837875893056, "params": {"gamma": 875.9097891937294, "log10_alpha": -2.806352172757026, "log10_colsample_bytree": -0.10652620901148957, "log10_eta": -3.5212965098028755, "log10_lambda": -3.142264716565224, "log10_min_child_weight": 0.4057670792617568, "log10_subsample": -0.7119133207835449, "max_depth": 8.0, "num_boost_round": 20.0}, "datetime": {"datetime": "2024-01-19 01:15:08", "elapsed": 3813.293153, "delta": 0.004736}}
{"target": -13.75838904857993, "params": {"gamma": 875.9097891937294, "log10_alpha": -2.806352172757026, "log10_colsample_bytree": -0.10652620901148957, "log10_eta": -3.5212965098028755, "log10_lambda": -3.142264716565224, "log10_min_child_weight": 0.4057670792617568, "log10_subsample": -0.7119133207835449, "max_depth": 8.0, "num_boost_round": 21.0}, "datetime": {"datetime": "2024-01-19 01:15:08", "elapsed": 3813.297774, "delta": 0.004621}}
{"target": -13.758373838996818, "params": {"gamma": 875.9097891937294, "log10_alpha": -2.806352172757026, "log10_colsample_bytree": -0.10652620901148957, "log10_eta": -3.5212965098028755, "log10_lambda": -3.142264716565224, "log10_min_child_weight": 0.4057670792617568, "log10_subsample": -0.7119133207835449, "max_depth": 8.0, "num_boost_round": 22.0}, "datetime": {"datetime": "2024-01-19 01:15:09", "elapsed": 3813.302367, "delta": 0.004593}}
{"target": -13.758373749256275, "params": {"gamma": 875.9097891937294, "log10_alpha": -2.806352172757026, "log10_colsample_bytree": -0.10652620901148957, "log10_eta": -3.5212965098028755, "log10_lambda": -3.142264716565224, "log10_min_child_weight": 0.4057670792617568, "log10_subsample": -0.7119133207835449, "max_depth": 8.0, "num_boost_round": 23.0}, "datetime": {"datetime": "2024-01-19 01:15:09", "elapsed": 3813.30708, "delta": 0.004713}}
{"target": -13.758373620194636, "params": {"gamma": 875.9097891937294, "log10_alpha": -2.806352172757026, "log10_colsample_bytree": -0.10652620901148957, "log10_eta": -3.5212965098028755, "log10_lambda": -3.142264716565224, "log10_min_child_weight": 0.4057670792617568, "log10_subsample": -0.7119133207835449, "max_depth": 8.0, "num_boost_round": 24.0}, "datetime": {"datetime": "2024-01-19 01:15:09", "elapsed": 3813.311634, "delta": 0.004554}}
{"target": -13.75837910657146, "params": {"gamma": 875.9097891937294, "log10_alpha": -2.806352172757026, "log10_colsample_bytree": -0.10652620901148957, "log10_eta": -3.5212965098028755, "log10_lambda": -3.142264716565224, "log10_min_child_weight": 0.4057670792617568, "log10_subsample": -0.7119133207835449, "max_depth": 8.0, "num_boost_round": 25.0}, "datetime": {"datetime": "2024-01-19 01:15:09", "elapsed": 3813.316387, "delta": 0.004753}}
{"target": -13.758537400360584, "params": {"gamma": 860.1097049790792, "log10_alpha": -0.4657436831229784, "log10_colsample_bytree": -0.1493208153106188, "log10_eta": -3.5348146833245773, "log10_lambda": 0.7001253593923185, "log10_min_child_weight": 4.481523340218028, "log10_subsample": -0.7452398518031739, "max_depth": 5.0, "num_boost_round": 0.0}, "datetime": {"datetime": "2024-01-19 01:16:43", "elapsed": 3908.154283, "delta": 94.837896}}
{"target": -13.75853539409193, "params": {"gamma": 860.1097049790792, "log10_alpha": -0.4657436831229784, "log10_colsample_bytree": -0.1493208153106188, "log10_eta": -3.5348146833245773, "log10_lambda": 0.7001253593923185, "log10_min_child_weight": 4.481523340218028, "log10_subsample": -0.7452398518031739, "max_depth": 5.0, "num_boost_round": 1.0}, "datetime": {"datetime": "2024-01-19 01:16:43", "elapsed": 3908.15932, "delta": 0.005037}}
{"target": -13.758536553131751, "params": {"gamma": 860.1097049790792, "log10_alpha": -0.4657436831229784, "log10_colsample_bytree": -0.1493208153106188, "log10_eta": -3.5348146833245773, "log10_lambda": 0.7001253593923185, "log10_min_child_weight": 4.481523340218028, "log10_subsample": -0.7452398518031739, "max_depth": 5.0, "num_boost_round": 2.0}, "datetime": {"datetime": "2024-01-19 01:16:43", "elapsed": 3908.164044, "delta": 0.004724}}
{"target": -13.758535866630226, "params": {"gamma": 860.1097049790792, "log10_alpha": -0.4657436831229784, "log10_colsample_bytree": -0.1493208153106188, "log10_eta": -3.5348146833245773, "log10_lambda": 0.7001253593923185, "log10_min_child_weight": 4.481523340218028, "log10_subsample": -0.7452398518031739, "max_depth": 5.0, "num_boost_round": 3.0}, "datetime": {"datetime": "2024-01-19 01:16:43", "elapsed": 3908.168702, "delta": 0.004658}}
{"target": -13.75853466127395, "params": {"gamma": 860.1097049790792, "log10_alpha": -0.4657436831229784, "log10_colsample_bytree": -0.1493208153106188, "log10_eta": -3.5348146833245773, "log10_lambda": 0.7001253593923185, "log10_min_child_weight": 4.481523340218028, "log10_subsample": -0.7452398518031739, "max_depth": 5.0, "num_boost_round": 4.0}, "datetime": {"datetime": "2024-01-19 01:16:43", "elapsed": 3908.173469, "delta": 0.004767}}
{"target": -13.758533485274093, "params": {"gamma": 860.1097049790792, "log10_alpha": -0.4657436831229784, "log10_colsample_bytree": -0.1493208153106188, "log10_eta": -3.5348146833245773, "log10_lambda": 0.7001253593923185, "log10_min_child_weight": 4.481523340218028, "log10_subsample": -0.7452398518031739, "max_depth": 5.0, "num_boost_round": 5.0}, "datetime": {"datetime": "2024-01-19 01:16:43", "elapsed": 3908.178078, "delta": 0.004609}}
{"target": -13.758530626020242, "params": {"gamma": 860.1097049790792, "log10_alpha": -0.4657436831229784, "log10_colsample_bytree": -0.1493208153106188, "log10_eta": -3.5348146833245773, "log10_lambda": 0.7001253593923185, "log10_min_child_weight": 4.481523340218028, "log10_subsample": -0.7452398518031739, "max_depth": 5.0, "num_boost_round": 6.0}, "datetime": {"datetime": "2024-01-19 01:16:43", "elapsed": 3908.182677, "delta": 0.004599}}
{"target": -13.758530227962408, "params": {"gamma": 860.1097049790792, "log10_alpha": -0.4657436831229784, "log10_colsample_bytree": -0.1493208153106188, "log10_eta": -3.5348146833245773, "log10_lambda": 0.7001253593923185, "log10_min_child_weight": 4.481523340218028, "log10_subsample": -0.7452398518031739, "max_depth": 5.0, "num_boost_round": 7.0}, "datetime": {"datetime": "2024-01-19 01:16:43", "elapsed": 3908.18733, "delta": 0.004653}}
{"target": -13.758528920884686, "params": {"gamma": 860.1097049790792, "log10_alpha": -0.4657436831229784, "log10_colsample_bytree": -0.1493208153106188, "log10_eta": -3.5348146833245773, "log10_lambda": 0.7001253593923185, "log10_min_child_weight": 4.481523340218028, "log10_subsample": -0.7452398518031739, "max_depth": 5.0, "num_boost_round": 8.0}, "datetime": {"datetime": "2024-01-19 01:16:43", "elapsed": 3908.191941, "delta": 0.004611}}
