{"target": -13.759525967850085, "params": {"gamma": 549.8825112153966, "log10_alpha": -2.595840521530194, "log10_colsample_bytree": -0.23512130683867827, "log10_eta": -1.4981677873357118, "log10_lambda": -1.504082700999771, "log10_min_child_weight": 4.612435485613404, "log10_subsample": -0.5977230099096447, "max_depth": 9.0, "num_boost_round": 24.0}, "datetime": {"datetime": "2024-01-19 00:27:58", "elapsed": 931.376018, "delta": 0.001543}}
{"target": -13.759596675162195, "params": {"gamma": 549.8825112153966, "log10_alpha": -2.595840521530194, "log10_colsample_bytree": -0.23512130683867827, "log10_eta": -1.4981677873357118, "log10_lambda": -1.504082700999771, "log10_min_child_weight": 4.612435485613404, "log10_subsample": -0.5977230099096447, "max_depth": 9.0, "num_boost_round": 25.0}, "datetime": {"datetime": "2024-01-19 00:27:58", "elapsed": 931.377587, "delta": 0.001569}}
{"target": -13.759805157907678, "params": {"gamma": 549.8825112153966, "log10_alpha": -2.595840521530194, "log10_colsample_bytree": -0.23512130683867827, "log10_eta": -1.4981677873357118, "log10_lambda": -1.504082700999771, "log10_min_child_weight": 4.612435485613404, "log10_subsample": -0.5977230099096447, "max_depth": 9.0, "num_boost_round": 26.0}, "datetime": {"datetime": "2024-01-19 00:27:58", "elapsed": 931.379124, "delta": 0.001537}}
{"target": -13.759994200948313, "params": {"gamma": 549.8825112153966, "log10_alpha": -2.595840521530194, "log10_colsample_bytree": -0.23512130683867827, "log10_eta": -1.4981677873357118, "log10_lambda": -1.504082700999771, "log10_min_child_weight": 4.612435485613404, "log10_subsample": -0.5977230099096447, "max_depth": 9.0, "num_boost_round": 27.0}, "datetime": {"datetime": "2024-01-19 00:27:58", "elapsed": 931.380666, "delta": 0.001542}}
{"target": -13.760295127306907, "params": {"gamma": 549.8825112153966, "log10_alpha": -2.595840521530194, "log10_colsample_bytree": -0.23512130683867827, "log10_eta": -1.4981677873357118, "log10_lambda": -1.504082700999771, "log10_min_child_weight": 4.612435485613404, "log10_subsample": -0.5977230099096447, "max_depth": 9.0, "num_boost_round": 28.0}, "datetime": {"datetime": "2024-01-19 00:27:58", "elapsed": 931.38221, "delta": 0.001544}}
{"target": -13.760537827063796, "params": {"gamma": 549.8825112153966, "log10_alpha": -2.595840521530194, "log10_colsample_bytree": -0.23512130683867827, "log10_eta": -1.4981677873357118, "log10_lambda": -1.504082700999771, "log10_min_child_weight": 4.612435485613404, "log10_subsample": -0.5977230099096447, "max_depth": 9.0, "num_boost_round": 29.0}, "datetime": {"datetime": "2024-01-19 00:27:58", "elapsed": 931.383767, "delta": 0.001557}}
{"target": -13.760754406745498, "params": {"gamma": 549.8825112153966, "log10_alpha": -2.595840521530194, "log10_colsample_bytree": -0.23512130683867827, "log10_eta": -1.4981677873357118, "log10_lambda": -1.504082700999771, "log10_min_child_weight": 4.612435485613404, "log10_subsample": -0.5977230099096447, "max_depth": 9.0, "num_boost_round": 30.0}, "datetime": {"datetime": "2024-01-19 00:27:58", "elapsed": 931.385299, "delta": 0.001532}}
{"target": -13.760789227274058, "params": {"gamma": 549.8825112153966, "log10_alpha": -2.595840521530194, "log10_colsample_bytree": -0.23512130683867827, "log10_eta": -1.4981677873357118, "log10_lambda": -1.504082700999771, "log10_min_child_weight": 4.612435485613404, "log10_subsample": -0.5977230099096447, "max_depth": 9.0, "num_boost_round": 31.0}, "datetime": {"datetime": "2024-01-19 00:27:58", "elapsed": 931.386847, "delta": 0.001548}}
{"target": -13.761018758063804, "params": {"gamma": 549.8825112153966, "log10_alpha": -2.595840521530194, "log10_colsample_bytree": -0.23512130683867827, "log10_eta": -1.4981677873357118, "log10_lambda": -1.504082700999771, "log10_min_child_weight": 4.612435485613404, "log10_subsample": -0.5977230099096447, "max_depth": 9.0, "num_boost_round": 32.0}, "datetime": {"datetime": "2024-01-19 00:27:58", "elapsed": 931.388395, "delta": 0.001548}}
{"target": -13.761260209684517, "params": {"gamma": 549.8825112153966, "log10_alpha": -2.595840521530194, "log10_colsample_bytree": -0.23512130683867827, "log10_eta": -1.4981677873357118, "log10_lambda": -1.504082700999771, "log10_min_child_weight": 4.612435485613404, "log10_subsample": -0.5977230099096447, "max_depth": 9.0, "num_boost_round": 33.0}, "datetime": {"datetime": "2024-01-19 00:27:58", "elapsed": 931.389938, "delta": 0.001543}}
{"target": -13.761418926870451, "params": {"gamma": 549.8825112153966, "log10_alpha": -2.595840521530194, "log10_colsample_bytree": -0.23512130683867827, "log10_eta": -1.4981677873357118, "log10_lambda": -1.504082700999771, "log10_min_child_weight": 4.612435485613404, "log10_subsample": -0.5977230099096447, "max_depth": 9.0, "num_boost_round": 34.0}, "datetime": {"datetime": "2024-01-19 00:27:58", "elapsed": 931.391476, "delta": 0.001538}}
{"target": -13.761623308932743, "params": {"gamma": 549.8825112153966, "log10_alpha": -2.595840521530194, "log10_colsample_bytree": -0.23512130683867827, "log10_eta": -1.4981677873357118, "log10_lambda": -1.504082700999771, "log10_min_child_weight": 4.612435485613404, "log10_subsample": -0.5977230099096447, "max_depth": 9.0, "num_boost_round": 35.0}, "datetime": {"datetime": "2024-01-19 00:27:58", "elapsed": 931.393043, "delta": 0.001567}}
{"target": -13.761956821341956, "params": {"gamma": 549.8825112153966, "log10_alpha": -2.595840521530194, "log10_colsample_bytree": -0.23512130683867827, "log10_eta": -1.4981677873357118, "log10_lambda": -1.504082700999771, "log10_min_child_weight": 4.612435485613404, "log10_subsample": -0.5977230099096447, "max_depth": 9.0, "num_boost_round": 36.0}, "datetime": {"datetime": "2024-01-19 00:27:58", "elapsed": 931.394767, "delta": 0.001724}}
{"target": -13.762224601192713, "params": {"gamma": 549.8825112153966, "log10_alpha": -2.595840521530194, "log10_colsample_bytree": -0.23512130683867827, "log10_eta": -1.4981677873357118, "log10_lambda": -1.504082700999771, "log10_min_child_weight": 4.612435485613404, "log10_subsample": -0.5977230099096447, "max_depth": 9.0, "num_boost_round": 37.0}, "datetime": {"datetime": "2024-01-19 00:27:58", "elapsed": 931.396541, "delta": 0.001774}}
{"target": -13.762373231413434, "params": {"gamma": 549.8825112153966, "log10_alpha": -2.595840521530194, "log10_colsample_bytree": -0.23512130683867827, "log10_eta": -1.4981677873357118, "log10_lambda": -1.504082700999771, "log10_min_child_weight": 4.612435485613404, "log10_subsample": -0.5977230099096447, "max_depth": 9.0, "num_boost_round": 38.0}, "datetime": {"datetime": "2024-01-19 00:27:58", "elapsed": 931.398284, "delta": 0.001743}}
{"target": -13.762524922456663, "params": {"gamma": 549.8825112153966, "log10_alpha": -2.595840521530194, "log10_colsample_bytree": -0.23512130683867827, "log10_eta": -1.4981677873357118, "log10_lambda": -1.504082700999771, "log10_min_child_weight": 4.612435485613404, "log10_subsample": -0.5977230099096447, "max_depth": 9.0, "num_boost_round": 39.0}, "datetime": {"datetime": "2024-01-19 00:27:58", "elapsed": 931.399862, "delta": 0.001578}}
{"target": -13.75853760028851, "params": {"gamma": 550.1152717787685, "log10_alpha": 0.8543838338017755, "log10_colsample_bytree": -0.17159318494464826, "log10_eta": -3.5637012122342395, "log10_lambda": -4.494651722501757, "log10_min_child_weight": 4.430543126454704, "log10_subsample": -0.21638644415627417, "max_depth": 8.0, "num_boost_round": 0.0}, "datetime": {"datetime": "2024-01-19 00:28:34", "elapsed": 967.539399, "delta": 36.139537}}
{"target": -13.75853685466475, "params": {"gamma": 550.1152717787685, "log10_alpha": 0.8543838338017755, "log10_colsample_bytree": -0.17159318494464826, "log10_eta": -3.5637012122342395, "log10_lambda": -4.494651722501757, "log10_min_child_weight": 4.430543126454704, "log10_subsample": -0.21638644415627417, "max_depth": 8.0, "num_boost_round": 1.0}, "datetime": {"datetime": "2024-01-19 00:28:34", "elapsed": 967.541677, "delta": 0.002278}}
{"target": -13.758540828122948, "params": {"gamma": 550.1152717787685, "log10_alpha": 0.8543838338017755, "log10_colsample_bytree": -0.17159318494464826, "log10_eta": -3.5637012122342395, "log10_lambda": -4.494651722501757, "log10_min_child_weight": 4.430543126454704, "log10_subsample": -0.21638644415627417, "max_depth": 8.0, "num_boost_round": 2.0}, "datetime": {"datetime": "2024-01-19 00:28:34", "elapsed": 967.543525, "delta": 0.001848}}
{"target": -13.758539323843967, "params": {"gamma": 550.1152717787685, "log10_alpha": 0.8543838338017755, "log10_colsample_bytree": -0.17159318494464826, "log10_eta": -3.5637012122342395, "log10_lambda": -4.494651722501757, "log10_min_child_weight": 4.430543126454704, "log10_subsample": -0.21638644415627417, "max_depth": 8.0, "num_boost_round": 3.0}, "datetime": {"datetime": "2024-01-19 00:28:34", "elapsed": 967.545118, "delta": 0.001593}}
{"target": -13.758543651935705, "params": {"gamma": 550.1152717787685, "log10_alpha": 0.8543838338017755, "log10_colsample_bytree": -0.17159318494464826, "log10_eta": -3.5637012122342395, "log10_lambda": -4.494651722501757, "log10_min_child_weight": 4.430543126454704, "log10_subsample": -0.21638644415627417, "max_depth": 8.0, "num_boost_round": 4.0}, "datetime": {"datetime": "2024-01-19 00:28:34", "elapsed": 967.546705, "delta": 0.001587}}
{"target": -13.75854288211627, "params": {"gamma": 550.1152717787685, "log10_alpha": 0.8543838338017755, "log10_colsample_bytree": -0.17159318494464826, "log10_eta": -3.5637012122342395, "log10_lambda": -4.494651722501757, "log10_min_child_weight": 4.430543126454704, "log10_subsample": -0.21638644415627417, "max_depth": 8.0, "num_boost_round": 5.0}, "datetime": {"datetime": "2024-01-19 00:28:34", "elapsed": 967.548247, "delta": 0.001542}}
{"target": -13.758544068007573, "params": {"gamma": 550.1152717787685, "log10_alpha": 0.8543838338017755, "log10_colsample_bytree": -0.17159318494464826, "log10_eta": -3.5637012122342395, "log10_lambda": -4.494651722501757, "log10_min_child_weight": 4.430543126454704, "log10_subsample": -0.21638644415627417, "max_depth": 8.0, "num_boost_round": 6.0}, "datetime": {"datetime": "2024-01-19 00:28:34", "elapsed": 967.549798, "delta": 0.001551}}
{"target": -13.758544126385246, "params": {"gamma": 550.1152717787685, "log10_alpha": 0.8543838338017755, "log10_colsample_bytree": -0.17159318494464826, "log10_eta": -3.5637012122342395, "log10_lambda": -4.494651722501757, "log10_min_child_weight": 4.430543126454704, "log10_subsample": -0.21638644415627417, "max_depth": 8.0, "num_boost_round": 7.0}, "datetime": {"datetime": "2024-01-19 00:28:34", "elapsed": 967.551419, "delta": 0.001621}}
{"target": -13.758544465152028, "params": {"gamma": 550.1152717787685, "log10_alpha": 0.8543838338017755, "log10_colsample_bytree": -0.17159318494464826, "log10_eta": -3.5637012122342395, "log10_lambda": -4.494651722501757, "log10_min_child_weight": 4.430543126454704, "log10_subsample": -0.21638644415627417, "max_depth": 8.0, "num_boost_round": 8.0}, "datetime": {"datetime": "2024-01-19 00:28:34", "elapsed": 967.553178, "delta": 0.001759}}
{"target": -13.758542480573437, "params": {"gamma": 550.1152717787685, "log10_alpha": 0.8543838338017755, "log10_colsample_bytree": -0.17159318494464826, "log10_eta": -3.5637012122342395, "log10_lambda": -4.494651722501757, "log10_min_child_weight": 4.430543126454704, "log10_subsample": -0.21638644415627417, "max_depth": 8.0, "num_boost_round": 9.0}, "datetime": {"datetime": "2024-01-19 00:28:34", "elapsed": 967.554779, "delta": 0.001601}}
{"target": -13.758541008535849, "params": {"gamma": 550.1152717787685, "log10_alpha": 0.8543838338017755, "log10_colsample_bytree": -0.17159318494464826, "log10_eta": -3.5637012122342395, "log10_lambda": -4.494651722501757, "log10_min_child_weight": 4.430543126454704, "log10_subsample": -0.21638644415627417, "max_depth": 8.0, "num_boost_round": 10.0}, "datetime": {"datetime": "2024-01-19 00:28:34", "elapsed": 967.55637, "delta": 0.001591}}
{"target": -13.758540025166424, "params": {"gamma": 550.1152717787685, "log10_alpha": 0.8543838338017755, "log10_colsample_bytree": -0.17159318494464826, "log10_eta": -3.5637012122342395, "log10_lambda": -4.494651722501757, "log10_min_child_weight": 4.430543126454704, "log10_subsample": -0.21638644415627417, "max_depth": 8.0, "num_boost_round": 11.0}, "datetime": {"datetime": "2024-01-19 00:28:34", "elapsed": 967.557961, "delta": 0.001591}}
{"target": -13.758539775567705, "params": {"gamma": 550.1152717787685, "log10_alpha": 0.8543838338017755, "log10_colsample_bytree": -0.17159318494464826, "log10_eta": -3.5637012122342395, "log10_lambda": -4.494651722501757, "log10_min_child_weight": 4.430543126454704, "log10_subsample": -0.21638644415627417, "max_depth": 8.0, "num_boost_round": 12.0}, "datetime": {"datetime": "2024-01-19 00:28:34", "elapsed": 967.559554, "delta": 0.001593}}
{"target": -13.758539882675262, "params": {"gamma": 550.1152717787685, "log10_alpha": 0.8543838338017755, "log10_colsample_bytree": -0.17159318494464826, "log10_eta": -3.5637012122342395, "log10_lambda": -4.494651722501757, "log10_min_child_weight": 4.430543126454704, "log10_subsample": -0.21638644415627417, "max_depth": 8.0, "num_boost_round": 13.0}, "datetime": {"datetime": "2024-01-19 00:28:34", "elapsed": 967.56114, "delta": 0.001586}}
{"target": -13.758539556810241, "params": {"gamma": 550.1152717787685, "log10_alpha": 0.8543838338017755, "log10_colsample_bytree": -0.17159318494464826, "log10_eta": -3.5637012122342395, "log10_lambda": -4.494651722501757, "log10_min_child_weight": 4.430543126454704, "log10_subsample": -0.21638644415627417, "max_depth": 8.0, "num_boost_round": 14.0}, "datetime": {"datetime": "2024-01-19 00:28:34", "elapsed": 967.562736, "delta": 0.001596}}
{"target": -13.758536519389724, "params": {"gamma": 550.1152717787685, "log10_alpha": 0.8543838338017755, "log10_colsample_bytree": -0.17159318494464826, "log10_eta": -3.5637012122342395, "log10_lambda": -4.494651722501757, "log10_min_child_weight": 4.430543126454704, "log10_subsample": -0.21638644415627417, "max_depth": 8.0, "num_boost_round": 15.0}, "datetime": {"datetime": "2024-01-19 00:28:34", "elapsed": 967.564303, "delta": 0.001567}}
{"target": -13.758535392113219, "params": {"gamma": 550.1152717787685, "log10_alpha": 0.8543838338017755, "log10_colsample_bytree": -0.17159318494464826, "log10_eta": -3.5637012122342395, "log10_lambda": -4.494651722501757, "log10_min_child_weight": 4.430543126454704, "log10_subsample": -0.21638644415627417, "max_depth": 8.0, "num_boost_round": 16.0}, "datetime": {"datetime": "2024-01-19 00:28:34", "elapsed": 967.565853, "delta": 0.00155}}
{"target": -13.758534904168245, "params": {"gamma": 550.1152717787685, "log10_alpha": 0.8543838338017755, "log10_colsample_bytree": -0.17159318494464826, "log10_eta": -3.5637012122342395, "log10_lambda": -4.494651722501757, "log10_min_child_weight": 4.430543126454704, "log10_subsample": -0.21638644415627417, "max_depth": 8.0, "num_boost_round": 17.0}, "datetime": {"datetime": "2024-01-19 00:28:34", "elapsed": 967.567399, "delta": 0.001546}}
{"target": -13.758536967402682, "params": {"gamma": 550.1152717787685, "log10_alpha": 0.8543838338017755, "log10_colsample_bytree": -0.17159318494464826, "log10_eta": -3.5637012122342395, "log10_lambda": -4.494651722501757, "log10_min_child_weight": 4.430543126454704, "log10_subsample": -0.21638644415627417, "max_depth": 8.0, "num_boost_round": 18.0}, "datetime": {"datetime": "2024-01-19 00:28:34", "elapsed": 967.568936, "delta": 0.001537}}
{"target": -13.758536011697847, "params": {"gamma": 550.1152717787685, "log10_alpha": 0.8543838338017755, "log10_colsample_bytree": -0.17159318494464826, "log10_eta": -3.5637012122342395, "log10_lambda": -4.494651722501757, "log10_min_child_weight": 4.430543126454704, "log10_subsample": -0.21638644415627417, "max_depth": 8.0, "num_boost_round": 19.0}, "datetime": {"datetime": "2024-01-19 00:28:34", "elapsed": 967.570491, "delta": 0.001555}}
{"target": -13.758535905646378, "params": {"gamma": 550.1152717787685, "log10_alpha": 0.8543838338017755, "log10_colsample_bytree": -0.17159318494464826, "log10_eta": -3.5637012122342395, "log10_lambda": -4.494651722501757, "log10_min_child_weight": 4.430543126454704, "log10_subsample": -0.21638644415627417, "max_depth": 8.0, "num_boost_round": 20.0}, "datetime": {"datetime": "2024-01-19 00:28:34", "elapsed": 967.572031, "delta": 0.00154}}
{"target": -13.758535705875053, "params": {"gamma": 550.1152717787685, "log10_alpha": 0.8543838338017755, "log10_colsample_bytree": -0.17159318494464826, "log10_eta": -3.5637012122342395, "log10_lambda": -4.494651722501757, "log10_min_child_weight": 4.430543126454704, "log10_subsample": -0.21638644415627417, "max_depth": 8.0, "num_boost_round": 21.0}, "datetime": {"datetime": "2024-01-19 00:28:35", "elapsed": 967.573801, "delta": 0.00177}}
{"target": -13.758534998616467, "params": {"gamma": 550.1152717787685, "log10_alpha": 0.8543838338017755, "log10_colsample_bytree": -0.17159318494464826, "log10_eta": -3.5637012122342395, "log10_lambda": -4.494651722501757, "log10_min_child_weight": 4.430543126454704, "log10_subsample": -0.21638644415627417, "max_depth": 8.0, "num_boost_round": 22.0}, "datetime": {"datetime": "2024-01-19 00:28:35", "elapsed": 967.575387, "delta": 0.001586}}
{"target": -13.75853390309202, "params": {"gamma": 550.1152717787685, "log10_alpha": 0.8543838338017755, "log10_colsample_bytree": -0.17159318494464826, "log10_eta": -3.5637012122342395, "log10_lambda": -4.494651722501757, "log10_min_child_weight": 4.430543126454704, "log10_subsample": -0.21638644415627417, "max_depth": 8.0, "num_boost_round": 23.0}, "datetime": {"datetime": "2024-01-19 00:28:35", "elapsed": 967.576947, "delta": 0.00156}}
{"target": -13.758531121703626, "params": {"gamma": 550.1152717787685, "log10_alpha": 0.8543838338017755, "log10_colsample_bytree": -0.17159318494464826, "log10_eta": -3.5637012122342395, "log10_lambda": -4.494651722501757, "log10_min_child_weight": 4.430543126454704, "log10_subsample": -0.21638644415627417, "max_depth": 8.0, "num_boost_round": 24.0}, "datetime": {"datetime": "2024-01-19 00:28:35", "elapsed": 967.578515, "delta": 0.001568}}
{"target": -13.758531949043743, "params": {"gamma": 550.1152717787685, "log10_alpha": 0.8543838338017755, "log10_colsample_bytree": -0.17159318494464826, "log10_eta": -3.5637012122342395, "log10_lambda": -4.494651722501757, "log10_min_child_weight": 4.430543126454704, "log10_subsample": -0.21638644415627417, "max_depth": 8.0, "num_boost_round": 25.0}, "datetime": {"datetime": "2024-01-19 00:28:35", "elapsed": 967.580085, "delta": 0.00157}}
{"target": -13.758532422834051, "params": {"gamma": 550.1152717787685, "log10_alpha": 0.8543838338017755, "log10_colsample_bytree": -0.17159318494464826, "log10_eta": -3.5637012122342395, "log10_lambda": -4.494651722501757, "log10_min_child_weight": 4.430543126454704, "log10_subsample": -0.21638644415627417, "max_depth": 8.0, "num_boost_round": 26.0}, "datetime": {"datetime": "2024-01-19 00:28:35", "elapsed": 967.581652, "delta": 0.001567}}
{"target": -13.75853203450183, "params": {"gamma": 550.1152717787685, "log10_alpha": 0.8543838338017755, "log10_colsample_bytree": -0.17159318494464826, "log10_eta": -3.5637012122342395, "log10_lambda": -4.494651722501757, "log10_min_child_weight": 4.430543126454704, "log10_subsample": -0.21638644415627417, "max_depth": 8.0, "num_boost_round": 27.0}, "datetime": {"datetime": "2024-01-19 00:28:35", "elapsed": 967.583229, "delta": 0.001577}}
{"target": -13.758530954029636, "params": {"gamma": 550.1152717787685, "log10_alpha": 0.8543838338017755, "log10_colsample_bytree": -0.17159318494464826, "log10_eta": -3.5637012122342395, "log10_lambda": -4.494651722501757, "log10_min_child_weight": 4.430543126454704, "log10_subsample": -0.21638644415627417, "max_depth": 8.0, "num_boost_round": 28.0}, "datetime": {"datetime": "2024-01-19 00:28:35", "elapsed": 967.584806, "delta": 0.001577}}
{"target": -13.75852904606032, "params": {"gamma": 550.1152717787685, "log10_alpha": 0.8543838338017755, "log10_colsample_bytree": -0.17159318494464826, "log10_eta": -3.5637012122342395, "log10_lambda": -4.494651722501757, "log10_min_child_weight": 4.430543126454704, "log10_subsample": -0.21638644415627417, "max_depth": 8.0, "num_boost_round": 29.0}, "datetime": {"datetime": "2024-01-19 00:28:35", "elapsed": 967.58637, "delta": 0.001564}}
{"target": -13.758527262670269, "params": {"gamma": 550.1152717787685, "log10_alpha": 0.8543838338017755, "log10_colsample_bytree": -0.17159318494464826, "log10_eta": -3.5637012122342395, "log10_lambda": -4.494651722501757, "log10_min_child_weight": 4.430543126454704, "log10_subsample": -0.21638644415627417, "max_depth": 8.0, "num_boost_round": 30.0}, "datetime": {"datetime": "2024-01-19 00:28:35", "elapsed": 967.587949, "delta": 0.001579}}
{"target": -13.758525376563487, "params": {"gamma": 550.1152717787685, "log10_alpha": 0.8543838338017755, "log10_colsample_bytree": -0.17159318494464826, "log10_eta": -3.5637012122342395, "log10_lambda": -4.494651722501757, "log10_min_child_weight": 4.430543126454704, "log10_subsample": -0.21638644415627417, "max_depth": 8.0, "num_boost_round": 31.0}, "datetime": {"datetime": "2024-01-19 00:28:35", "elapsed": 967.589524, "delta": 0.001575}}
{"target": -13.758527663161322, "params": {"gamma": 550.1152717787685, "log10_alpha": 0.8543838338017755, "log10_colsample_bytree": -0.17159318494464826, "log10_eta": -3.5637012122342395, "log10_lambda": -4.494651722501757, "log10_min_child_weight": 4.430543126454704, "log10_subsample": -0.21638644415627417, "max_depth": 8.0, "num_boost_round": 32.0}, "datetime": {"datetime": "2024-01-19 00:28:35", "elapsed": 967.591089, "delta": 0.001565}}
