{"target": -13.75757115865497, "params": {"gamma": 25.188857414216837, "log10_alpha": -4.558744815035578, "log10_colsample_bytree": -0.7644218652548589, "log10_eta": -2.7683565996540525, "log10_lambda": -3.781560271957277, "log10_min_child_weight": 2.1241259018220315, "log10_subsample": -0.6071409220711466, "max_depth": 8.0, "num_boost_round": 26.0}, "datetime": {"datetime": "2024-01-19 01:41:05", "elapsed": 5373.852133, "delta": 0.00483}}
{"target": -13.75751980088147, "params": {"gamma": 25.188857414216837, "log10_alpha": -4.558744815035578, "log10_colsample_bytree": -0.7644218652548589, "log10_eta": -2.7683565996540525, "log10_lambda": -3.781560271957277, "log10_min_child_weight": 2.1241259018220315, "log10_subsample": -0.6071409220711466, "max_depth": 8.0, "num_boost_round": 27.0}, "datetime": {"datetime": "2024-01-19 01:41:05", "elapsed": 5373.856906, "delta": 0.004773}}
{"target": -13.757388530254872, "params": {"gamma": 25.188857414216837, "log10_alpha": -4.558744815035578, "log10_colsample_bytree": -0.7644218652548589, "log10_eta": -2.7683565996540525, "log10_lambda": -3.781560271957277, "log10_min_child_weight": 2.1241259018220315, "log10_subsample": -0.6071409220711466, "max_depth": 8.0, "num_boost_round": 28.0}, "datetime": {"datetime": "2024-01-19 01:41:05", "elapsed": 5373.861761, "delta": 0.004855}}
{"target": -13.757348742791708, "params": {"gamma": 25.188857414216837, "log10_alpha": -4.558744815035578, "log10_colsample_bytree": -0.7644218652548589, "log10_eta": -2.7683565996540525, "log10_lambda": -3.781560271957277, "log10_min_child_weight": 2.1241259018220315, "log10_subsample": -0.6071409220711466, "max_depth": 8.0, "num_boost_round": 29.0}, "datetime": {"datetime": "2024-01-19 01:41:05", "elapsed": 5373.866555, "delta": 0.004794}}
{"target": -13.757286182691399, "params": {"gamma": 25.188857414216837, "log10_alpha": -4.558744815035578, "log10_colsample_bytree": -0.7644218652548589, "log10_eta": -2.7683565996540525, "log10_lambda": -3.781560271957277, "log10_min_child_weight": 2.1241259018220315, "log10_subsample": -0.6071409220711466, "max_depth": 8.0, "num_boost_round": 30.0}, "datetime": {"datetime": "2024-01-19 01:41:05", "elapsed": 5373.871504, "delta": 0.004949}}
{"target": -13.757216100642264, "params": {"gamma": 25.188857414216837, "log10_alpha": -4.558744815035578, "log10_colsample_bytree": -0.7644218652548589, "log10_eta": -2.7683565996540525, "log10_lambda": -3.781560271957277, "log10_min_child_weight": 2.1241259018220315, "log10_subsample": -0.6071409220711466, "max_depth": 8.0, "num_boost_round": 31.0}, "datetime": {"datetime": "2024-01-19 01:41:05", "elapsed": 5373.876353, "delta": 0.004849}}
{"target": -13.7572345598487, "params": {"gamma": 25.188857414216837, "log10_alpha": -4.558744815035578, "log10_colsample_bytree": -0.7644218652548589, "log10_eta": -2.7683565996540525, "log10_lambda": -3.781560271957277, "log10_min_child_weight": 2.1241259018220315, "log10_subsample": -0.6071409220711466, "max_depth": 8.0, "num_boost_round": 32.0}, "datetime": {"datetime": "2024-01-19 01:41:05", "elapsed": 5373.881287, "delta": 0.004934}}
{"target": -13.757173927175636, "params": {"gamma": 25.188857414216837, "log10_alpha": -4.558744815035578, "log10_colsample_bytree": -0.7644218652548589, "log10_eta": -2.7683565996540525, "log10_lambda": -3.781560271957277, "log10_min_child_weight": 2.1241259018220315, "log10_subsample": -0.6071409220711466, "max_depth": 8.0, "num_boost_round": 33.0}, "datetime": {"datetime": "2024-01-19 01:41:05", "elapsed": 5373.886127, "delta": 0.00484}}
{"target": -13.757115557244042, "params": {"gamma": 25.188857414216837, "log10_alpha": -4.558744815035578, "log10_colsample_bytree": -0.7644218652548589, "log10_eta": -2.7683565996540525, "log10_lambda": -3.781560271957277, "log10_min_child_weight": 2.1241259018220315, "log10_subsample": -0.6071409220711466, "max_depth": 8.0, "num_boost_round": 34.0}, "datetime": {"datetime": "2024-01-19 01:41:05", "elapsed": 5373.890985, "delta": 0.004858}}
{"target": -13.757113116146847, "params": {"gamma": 25.188857414216837, "log10_alpha": -4.558744815035578, "log10_colsample_bytree": -0.7644218652548589, "log10_eta": -2.7683565996540525, "log10_lambda": -3.781560271957277, "log10_min_child_weight": 2.1241259018220315, "log10_subsample": -0.6071409220711466, "max_depth": 8.0, "num_boost_round": 35.0}, "datetime": {"datetime": "2024-01-19 01:41:05", "elapsed": 5373.895796, "delta": 0.004811}}
{"target": -13.757150523755744, "params": {"gamma": 25.188857414216837, "log10_alpha": -4.558744815035578, "log10_colsample_bytree": -0.7644218652548589, "log10_eta": -2.7683565996540525, "log10_lambda": -3.781560271957277, "log10_min_child_weight": 2.1241259018220315, "log10_subsample": -0.6071409220711466, "max_depth": 8.0, "num_boost_round": 36.0}, "datetime": {"datetime": "2024-01-19 01:41:05", "elapsed": 5373.900751, "delta": 0.004955}}
{"target": -13.75711206300026, "params": {"gamma": 25.188857414216837, "log10_alpha": -4.558744815035578, "log10_colsample_bytree": -0.7644218652548589, "log10_eta": -2.7683565996540525, "log10_lambda": -3.781560271957277, "log10_min_child_weight": 2.1241259018220315, "log10_subsample": -0.6071409220711466, "max_depth": 8.0, "num_boost_round": 37.0}, "datetime": {"datetime": "2024-01-19 01:41:05", "elapsed": 5373.905613, "delta": 0.004862}}
{"target": -13.75709010443421, "params": {"gamma": 25.188857414216837, "log10_alpha": -4.558744815035578, "log10_colsample_bytree": -0.7644218652548589, "log10_eta": -2.7683565996540525, "log10_lambda": -3.781560271957277, "log10_min_child_weight": 2.1241259018220315, "log10_subsample": -0.6071409220711466, "max_depth": 8.0, "num_boost_round": 38.0}, "datetime": {"datetime": "2024-01-19 01:41:05", "elapsed": 5373.910393, "delta": 0.00478}}
{"target": -13.758537643578764, "params": {"gamma": 0.1471966599110308, "log10_alpha": -4.2938044962423945, "log10_colsample_bytree": -0.37883761152409523, "log10_eta": -3.9102107680743976, "log10_lambda": -2.047864787688072, "log10_min_child_weight": 4.878468308588604, "log10_subsample": -0.5374626619495446, "max_depth": 5.0, "num_boost_round": 0.0}, "datetime": {"datetime": "2024-01-19 01:42:09", "elapsed": 5438.09204, "delta": 64.181647}}
{"target": -13.758537135270148, "params": {"gamma": 0.1471966599110308, "log10_alpha": -4.2938044962423945, "log10_colsample_bytree": -0.37883761152409523, "log10_eta": -3.9102107680743976, "log10_lambda": -2.047864787688072, "log10_min_child_weight": 4.878468308588604, "log10_subsample": -0.5374626619495446, "max_depth": 5.0, "num_boost_round": 1.0}, "datetime": {"datetime": "2024-01-19 01:42:09", "elapsed": 5438.097806, "delta": 0.005766}}
{"target": -13.7585370010025, "params": {"gamma": 0.1471966599110308, "log10_alpha": -4.2938044962423945, "log10_colsample_bytree": -0.37883761152409523, "log10_eta": -3.9102107680743976, "log10_lambda": -2.047864787688072, "log10_min_child_weight": 4.878468308588604, "log10_subsample": -0.5374626619495446, "max_depth": 5.0, "num_boost_round": 2.0}, "datetime": {"datetime": "2024-01-19 01:42:09", "elapsed": 5438.102636, "delta": 0.00483}}
{"target": -13.75853674107602, "params": {"gamma": 0.1471966599110308, "log10_alpha": -4.2938044962423945, "log10_colsample_bytree": -0.37883761152409523, "log10_eta": -3.9102107680743976, "log10_lambda": -2.047864787688072, "log10_min_child_weight": 4.878468308588604, "log10_subsample": -0.5374626619495446, "max_depth": 5.0, "num_boost_round": 3.0}, "datetime": {"datetime": "2024-01-19 01:42:09", "elapsed": 5438.107486, "delta": 0.00485}}
{"target": -13.758536705933444, "params": {"gamma": 0.1471966599110308, "log10_alpha": -4.2938044962423945, "log10_colsample_bytree": -0.37883761152409523, "log10_eta": -3.9102107680743976, "log10_lambda": -2.047864787688072, "log10_min_child_weight": 4.878468308588604, "log10_subsample": -0.5374626619495446, "max_depth": 5.0, "num_boost_round": 4.0}, "datetime": {"datetime": "2024-01-19 01:42:09", "elapsed": 5438.11231, "delta": 0.004824}}
{"target": -13.75853651658539, "params": {"gamma": 0.1471966599110308, "log10_alpha": -4.2938044962423945, "log10_colsample_bytree": -0.37883761152409523, "log10_eta": -3.9102107680743976, "log10_lambda": -2.047864787688072, "log10_min_child_weight": 4.878468308588604, "log10_subsample": -0.5374626619495446, "max_depth": 5.0, "num_boost_round": 5.0}, "datetime": {"datetime": "2024-01-19 01:42:09", "elapsed": 5438.117255, "delta": 0.004945}}
{"target": -13.758536598817903, "params": {"gamma": 0.1471966599110308, "log10_alpha": -4.2938044962423945, "log10_colsample_bytree": -0.37883761152409523, "log10_eta": -3.9102107680743976, "log10_lambda": -2.047864787688072, "log10_min_child_weight": 4.878468308588604, "log10_subsample": -0.5374626619495446, "max_depth": 5.0, "num_boost_round": 6.0}, "datetime": {"datetime": "2024-01-19 01:42:09", "elapsed": 5438.122042, "delta": 0.004787}}
{"target": -13.758536078531739, "params": {"gamma": 0.1471966599110308, "log10_alpha": -4.2938044962423945, "log10_colsample_bytree": -0.37883761152409523, "log10_eta": -3.9102107680743976, "log10_lambda": -2.047864787688072, "log10_min_child_weight": 4.878468308588604, "log10_subsample": -0.5374626619495446, "max_depth": 5.0, "num_boost_round": 7.0}, "datetime": {"datetime": "2024-01-19 01:42:10", "elapsed": 5438.12681, "delta": 0.004768}}
{"target": -13.75853655175248, "params": {"gamma": 0.1471966599110308, "log10_alpha": -4.2938044962423945, "log10_colsample_bytree": -0.37883761152409523, "log10_eta": -3.9102107680743976, "log10_lambda": -2.047864787688072, "log10_min_child_weight": 4.878468308588604, "log10_subsample": -0.5374626619495446, "max_depth": 5.0, "num_boost_round": 8.0}, "datetime": {"datetime": "2024-01-19 01:42:10", "elapsed": 5438.131733, "delta": 0.004923}}
{"target": -13.758535979159406, "params": {"gamma": 0.1471966599110308, "log10_alpha": -4.2938044962423945, "log10_colsample_bytree": -0.37883761152409523, "log10_eta": -3.9102107680743976, "log10_lambda": -2.047864787688072, "log10_min_child_weight": 4.878468308588604, "log10_subsample": -0.5374626619495446, "max_depth": 5.0, "num_boost_round": 9.0}, "datetime": {"datetime": "2024-01-19 01:42:10", "elapsed": 5438.136684, "delta": 0.004951}}
{"target": -13.758535517862379, "params": {"gamma": 0.1471966599110308, "log10_alpha": -4.2938044962423945, "log10_colsample_bytree": -0.37883761152409523, "log10_eta": -3.9102107680743976, "log10_lambda": -2.047864787688072, "log10_min_child_weight": 4.878468308588604, "log10_subsample": -0.5374626619495446, "max_depth": 5.0, "num_boost_round": 10.0}, "datetime": {"datetime": "2024-01-19 01:42:10", "elapsed": 5438.141441, "delta": 0.004757}}
{"target": -13.75853459818558, "params": {"gamma": 0.1471966599110308, "log10_alpha": -4.2938044962423945, "log10_colsample_bytree": -0.37883761152409523, "log10_eta": -3.9102107680743976, "log10_lambda": -2.047864787688072, "log10_min_child_weight": 4.878468308588604, "log10_subsample": -0.5374626619495446, "max_depth": 5.0, "num_boost_round": 11.0}, "datetime": {"datetime": "2024-01-19 01:42:10", "elapsed": 5438.146223, "delta": 0.004782}}
{"target": -13.75853405370589, "params": {"gamma": 0.1471966599110308, "log10_alpha": -4.2938044962423945, "log10_colsample_bytree": -0.37883761152409523, "log10_eta": -3.9102107680743976, "log10_lambda": -2.047864787688072, "log10_min_child_weight": 4.878468308588604, "log10_subsample": -0.5374626619495446, "max_depth": 5.0, "num_boost_round": 12.0}, "datetime": {"datetime": "2024-01-19 01:42:10", "elapsed": 5438.151088, "delta": 0.004865}}
{"target": -13.758533516570509, "params": {"gamma": 0.1471966599110308, "log10_alpha": -4.2938044962423945, "log10_colsample_bytree": -0.37883761152409523, "log10_eta": -3.9102107680743976, "log10_lambda": -2.047864787688072, "log10_min_child_weight": 4.878468308588604, "log10_subsample": -0.5374626619495446, "max_depth": 5.0, "num_boost_round": 13.0}, "datetime": {"datetime": "2024-01-19 01:42:10", "elapsed": 5438.156074, "delta": 0.004986}}
{"target": -13.758533352012826, "params": {"gamma": 0.1471966599110308, "log10_alpha": -4.2938044962423945, "log10_colsample_bytree": -0.37883761152409523, "log10_eta": -3.9102107680743976, "log10_lambda": -2.047864787688072, "log10_min_child_weight": 4.878468308588604, "log10_subsample": -0.5374626619495446, "max_depth": 5.0, "num_boost_round": 14.0}, "datetime": {"datetime": "2024-01-19 01:42:10", "elapsed": 5438.160882, "delta": 0.004808}}
{"target": -13.75801969868169, "params": {"gamma": 43.550504164915125, "log10_alpha": -0.32671666737206984, "log10_colsample_bytree": -0.9769796164845767, "log10_eta": -1.8840632670403008, "log10_lambda": -4.905764647215015, "log10_min_child_weight": 2.3171430711177816, "log10_subsample": -0.06694469876732168, "max_depth": 5.0, "num_boost_round": 0.0}, "datetime": {"datetime": "2024-01-19 01:43:15", "elapsed": 5503.845103, "delta": 65.684221}}
{"target": -13.757960045831254, "params": {"gamma": 43.550504164915125, "log10_alpha": -0.32671666737206984, "log10_colsample_bytree": -0.9769796164845767, "log10_eta": -1.8840632670403008, "log10_lambda": -4.905764647215015, "log10_min_child_weight": 2.3171430711177816, "log10_subsample": -0.06694469876732168, "max_depth": 5.0, "num_boost_round": 1.0}, "datetime": {"datetime": "2024-01-19 01:43:15", "elapsed": 5503.850357, "delta": 0.005254}}
{"target": -13.757723727708097, "params": {"gamma": 43.550504164915125, "log10_alpha": -0.32671666737206984, "log10_colsample_bytree": -0.9769796164845767, "log10_eta": -1.8840632670403008, "log10_lambda": -4.905764647215015, "log10_min_child_weight": 2.3171430711177816, "log10_subsample": -0.06694469876732168, "max_depth": 5.0, "num_boost_round": 2.0}, "datetime": {"datetime": "2024-01-19 01:43:15", "elapsed": 5503.855255, "delta": 0.004898}}
{"target": -13.75761280671747, "params": {"gamma": 43.550504164915125, "log10_alpha": -0.32671666737206984, "log10_colsample_bytree": -0.9769796164845767, "log10_eta": -1.8840632670403008, "log10_lambda": -4.905764647215015, "log10_min_child_weight": 2.3171430711177816, "log10_subsample": -0.06694469876732168, "max_depth": 5.0, "num_boost_round": 3.0}, "datetime": {"datetime": "2024-01-19 01:43:15", "elapsed": 5503.860053, "delta": 0.004798}}
{"target": -13.757436766992209, "params": {"gamma": 43.550504164915125, "log10_alpha": -0.32671666737206984, "log10_colsample_bytree": -0.9769796164845767, "log10_eta": -1.8840632670403008, "log10_lambda": -4.905764647215015, "log10_min_child_weight": 2.3171430711177816, "log10_subsample": -0.06694469876732168, "max_depth": 5.0, "num_boost_round": 4.0}, "datetime": {"datetime": "2024-01-19 01:43:15", "elapsed": 5503.864891, "delta": 0.004838}}
{"target": -13.757296699914177, "params": {"gamma": 43.550504164915125, "log10_alpha": -0.32671666737206984, "log10_colsample_bytree": -0.9769796164845767, "log10_eta": -1.8840632670403008, "log10_lambda": -4.905764647215015, "log10_min_child_weight": 2.3171430711177816, "log10_subsample": -0.06694469876732168, "max_depth": 5.0, "num_boost_round": 5.0}, "datetime": {"datetime": "2024-01-19 01:43:15", "elapsed": 5503.869772, "delta": 0.004881}}
{"target": -13.757453229973953, "params": {"gamma": 43.550504164915125, "log10_alpha": -0.32671666737206984, "log10_colsample_bytree": -0.9769796164845767, "log10_eta": -1.8840632670403008, "log10_lambda": -4.905764647215015, "log10_min_child_weight": 2.3171430711177816, "log10_subsample": -0.06694469876732168, "max_depth": 5.0, "num_boost_round": 6.0}, "datetime": {"datetime": "2024-01-19 01:43:15", "elapsed": 5503.874556, "delta": 0.004784}}
{"target": -13.756954453296236, "params": {"gamma": 43.550504164915125, "log10_alpha": -0.32671666737206984, "log10_colsample_bytree": -0.9769796164845767, "log10_eta": -1.8840632670403008, "log10_lambda": -4.905764647215015, "log10_min_child_weight": 2.3171430711177816, "log10_subsample": -0.06694469876732168, "max_depth": 5.0, "num_boost_round": 7.0}, "datetime": {"datetime": "2024-01-19 01:43:15", "elapsed": 5503.87944, "delta": 0.004884}}
{"target": -13.756901275316816, "params": {"gamma": 43.550504164915125, "log10_alpha": -0.32671666737206984, "log10_colsample_bytree": -0.9769796164845767, "log10_eta": -1.8840632670403008, "log10_lambda": -4.905764647215015, "log10_min_child_weight": 2.3171430711177816, "log10_subsample": -0.06694469876732168, "max_depth": 5.0, "num_boost_round": 8.0}, "datetime": {"datetime": "2024-01-19 01:43:15", "elapsed": 5503.884326, "delta": 0.004886}}
{"target": -13.756816110093697, "params": {"gamma": 43.550504164915125, "log10_alpha": -0.32671666737206984, "log10_colsample_bytree": -0.9769796164845767, "log10_eta": -1.8840632670403008, "log10_lambda": -4.905764647215015, "log10_min_child_weight": 2.3171430711177816, "log10_subsample": -0.06694469876732168, "max_depth": 5.0, "num_boost_round": 9.0}, "datetime": {"datetime": "2024-01-19 01:43:15", "elapsed": 5503.889155, "delta": 0.004829}}
{"target": -13.756854329915864, "params": {"gamma": 43.550504164915125, "log10_alpha": -0.32671666737206984, "log10_colsample_bytree": -0.9769796164845767, "log10_eta": -1.8840632670403008, "log10_lambda": -4.905764647215015, "log10_min_child_weight": 2.3171430711177816, "log10_subsample": -0.06694469876732168, "max_depth": 5.0, "num_boost_round": 10.0}, "datetime": {"datetime": "2024-01-19 01:43:15", "elapsed": 5503.894039, "delta": 0.004884}}
{"target": -13.756860919747163, "params": {"gamma": 43.550504164915125, "log10_alpha": -0.32671666737206984, "log10_colsample_bytree": -0.9769796164845767, "log10_eta": -1.8840632670403008, "log10_lambda": -4.905764647215015, "log10_min_child_weight": 2.3171430711177816, "log10_subsample": -0.06694469876732168, "max_depth": 5.0, "num_boost_round": 11.0}, "datetime": {"datetime": "2024-01-19 01:43:15", "elapsed": 5503.898901, "delta": 0.004862}}
{"target": -13.756388331670271, "params": {"gamma": 43.550504164915125, "log10_alpha": -0.32671666737206984, "log10_colsample_bytree": -0.9769796164845767, "log10_eta": -1.8840632670403008, "log10_lambda": -4.905764647215015, "log10_min_child_weight": 2.3171430711177816, "log10_subsample": -0.06694469876732168, "max_depth": 5.0, "num_boost_round": 12.0}, "datetime": {"datetime": "2024-01-19 01:43:15", "elapsed": 5503.903874, "delta": 0.004973}}
{"target": -13.755970951954207, "params": {"gamma": 43.550504164915125, "log10_alpha": -0.32671666737206984, "log10_colsample_bytree": -0.9769796164845767, "log10_eta": -1.8840632670403008, "log10_lambda": -4.905764647215015, "log10_min_child_weight": 2.3171430711177816, "log10_subsample": -0.06694469876732168, "max_depth": 5.0, "num_boost_round": 13.0}, "datetime": {"datetime": "2024-01-19 01:43:15", "elapsed": 5503.908735, "delta": 0.004861}}
{"target": -13.7557864301618, "params": {"gamma": 43.550504164915125, "log10_alpha": -0.32671666737206984, "log10_colsample_bytree": -0.9769796164845767, "log10_eta": -1.8840632670403008, "log10_lambda": -4.905764647215015, "log10_min_child_weight": 2.3171430711177816, "log10_subsample": -0.06694469876732168, "max_depth": 5.0, "num_boost_round": 14.0}, "datetime": {"datetime": "2024-01-19 01:43:15", "elapsed": 5503.913478, "delta": 0.004743}}
{"target": -13.755737355336677, "params": {"gamma": 43.550504164915125, "log10_alpha": -0.32671666737206984, "log10_colsample_bytree": -0.9769796164845767, "log10_eta": -1.8840632670403008, "log10_lambda": -4.905764647215015, "log10_min_child_weight": 2.3171430711177816, "log10_subsample": -0.06694469876732168, "max_depth": 5.0, "num_boost_round": 15.0}, "datetime": {"datetime": "2024-01-19 01:43:15", "elapsed": 5503.918263, "delta": 0.004785}}
{"target": -13.755674159908516, "params": {"gamma": 43.550504164915125, "log10_alpha": -0.32671666737206984, "log10_colsample_bytree": -0.9769796164845767, "log10_eta": -1.8840632670403008, "log10_lambda": -4.905764647215015, "log10_min_child_weight": 2.3171430711177816, "log10_subsample": -0.06694469876732168, "max_depth": 5.0, "num_boost_round": 16.0}, "datetime": {"datetime": "2024-01-19 01:43:15", "elapsed": 5503.923064, "delta": 0.004801}}
{"target": -13.755677785226505, "params": {"gamma": 43.550504164915125, "log10_alpha": -0.32671666737206984, "log10_colsample_bytree": -0.9769796164845767, "log10_eta": -1.8840632670403008, "log10_lambda": -4.905764647215015, "log10_min_child_weight": 2.3171430711177816, "log10_subsample": -0.06694469876732168, "max_depth": 5.0, "num_boost_round": 17.0}, "datetime": {"datetime": "2024-01-19 01:43:15", "elapsed": 5503.927782, "delta": 0.004718}}
{"target": -13.755515710647744, "params": {"gamma": 43.550504164915125, "log10_alpha": -0.32671666737206984, "log10_colsample_bytree": -0.9769796164845767, "log10_eta": -1.8840632670403008, "log10_lambda": -4.905764647215015, "log10_min_child_weight": 2.3171430711177816, "log10_subsample": -0.06694469876732168, "max_depth": 5.0, "num_boost_round": 18.0}, "datetime": {"datetime": "2024-01-19 01:43:15", "elapsed": 5503.932588, "delta": 0.004806}}
{"target": -13.755105941904551, "params": {"gamma": 43.550504164915125, "log10_alpha": -0.32671666737206984, "log10_colsample_bytree": -0.9769796164845767, "log10_eta": -1.8840632670403008, "log10_lambda": -4.905764647215015, "log10_min_child_weight": 2.3171430711177816, "log10_subsample": -0.06694469876732168, "max_depth": 5.0, "num_boost_round": 19.0}, "datetime": {"datetime": "2024-01-19 01:43:15", "elapsed": 5503.937405, "delta": 0.004817}}
{"target": -13.755111453407185, "params": {"gamma": 43.550504164915125, "log10_alpha": -0.32671666737206984, "log10_colsample_bytree": -0.9769796164845767, "log10_eta": -1.8840632670403008, "log10_lambda": -4.905764647215015, "log10_min_child_weight": 2.3171430711177816, "log10_subsample": -0.06694469876732168, "max_depth": 5.0, "num_boost_round": 20.0}, "datetime": {"datetime": "2024-01-19 01:43:15", "elapsed": 5503.942412, "delta": 0.005007}}
