{"target": -13.75851326481166, "params": {"gamma": 449.31985176053684, "log10_alpha": -2.101539596757498, "log10_colsample_bytree": -0.1841090357066224, "log10_eta": -4.0, "log10_lambda": 1.0, "log10_min_child_weight": 0.0, "log10_subsample": -0.08893788369399652, "max_depth": 2.0, "num_boost_round": 29.0}, "datetime": {"datetime": "2024-01-19 01:06:25", "elapsed": 3289.418548, "delta": 0.004498}}
{"target": -13.758511471804908, "params": {"gamma": 449.31985176053684, "log10_alpha": -2.101539596757498, "log10_colsample_bytree": -0.1841090357066224, "log10_eta": -4.0, "log10_lambda": 1.0, "log10_min_child_weight": 0.0, "log10_subsample": -0.08893788369399652, "max_depth": 2.0, "num_boost_round": 30.0}, "datetime": {"datetime": "2024-01-19 01:06:25", "elapsed": 3289.422652, "delta": 0.004104}}
{"target": -13.75851037417808, "params": {"gamma": 449.31985176053684, "log10_alpha": -2.101539596757498, "log10_colsample_bytree": -0.1841090357066224, "log10_eta": -4.0, "log10_lambda": 1.0, "log10_min_child_weight": 0.0, "log10_subsample": -0.08893788369399652, "max_depth": 2.0, "num_boost_round": 31.0}, "datetime": {"datetime": "2024-01-19 01:06:25", "elapsed": 3289.426933, "delta": 0.004281}}
{"target": -13.758509994206108, "params": {"gamma": 449.31985176053684, "log10_alpha": -2.101539596757498, "log10_colsample_bytree": -0.1841090357066224, "log10_eta": -4.0, "log10_lambda": 1.0, "log10_min_child_weight": 0.0, "log10_subsample": -0.08893788369399652, "max_depth": 2.0, "num_boost_round": 32.0}, "datetime": {"datetime": "2024-01-19 01:06:25", "elapsed": 3289.431116, "delta": 0.004183}}
{"target": -13.758509366773945, "params": {"gamma": 449.31985176053684, "log10_alpha": -2.101539596757498, "log10_colsample_bytree": -0.1841090357066224, "log10_eta": -4.0, "log10_lambda": 1.0, "log10_min_child_weight": 0.0, "log10_subsample": -0.08893788369399652, "max_depth": 2.0, "num_boost_round": 33.0}, "datetime": {"datetime": "2024-01-19 01:06:25", "elapsed": 3289.435302, "delta": 0.004186}}
{"target": -13.758508830144748, "params": {"gamma": 449.31985176053684, "log10_alpha": -2.101539596757498, "log10_colsample_bytree": -0.1841090357066224, "log10_eta": -4.0, "log10_lambda": 1.0, "log10_min_child_weight": 0.0, "log10_subsample": -0.08893788369399652, "max_depth": 2.0, "num_boost_round": 34.0}, "datetime": {"datetime": "2024-01-19 01:06:25", "elapsed": 3289.439345, "delta": 0.004043}}
{"target": -13.75850870043153, "params": {"gamma": 449.31985176053684, "log10_alpha": -2.101539596757498, "log10_colsample_bytree": -0.1841090357066224, "log10_eta": -4.0, "log10_lambda": 1.0, "log10_min_child_weight": 0.0, "log10_subsample": -0.08893788369399652, "max_depth": 2.0, "num_boost_round": 35.0}, "datetime": {"datetime": "2024-01-19 01:06:25", "elapsed": 3289.443429, "delta": 0.004084}}
{"target": -13.758508252735288, "params": {"gamma": 449.31985176053684, "log10_alpha": -2.101539596757498, "log10_colsample_bytree": -0.1841090357066224, "log10_eta": -4.0, "log10_lambda": 1.0, "log10_min_child_weight": 0.0, "log10_subsample": -0.08893788369399652, "max_depth": 2.0, "num_boost_round": 36.0}, "datetime": {"datetime": "2024-01-19 01:06:25", "elapsed": 3289.44751, "delta": 0.004081}}
{"target": -13.758507166925249, "params": {"gamma": 449.31985176053684, "log10_alpha": -2.101539596757498, "log10_colsample_bytree": -0.1841090357066224, "log10_eta": -4.0, "log10_lambda": 1.0, "log10_min_child_weight": 0.0, "log10_subsample": -0.08893788369399652, "max_depth": 2.0, "num_boost_round": 37.0}, "datetime": {"datetime": "2024-01-19 01:06:25", "elapsed": 3289.451598, "delta": 0.004088}}
{"target": -13.75850609199416, "params": {"gamma": 449.31985176053684, "log10_alpha": -2.101539596757498, "log10_colsample_bytree": -0.1841090357066224, "log10_eta": -4.0, "log10_lambda": 1.0, "log10_min_child_weight": 0.0, "log10_subsample": -0.08893788369399652, "max_depth": 2.0, "num_boost_round": 38.0}, "datetime": {"datetime": "2024-01-19 01:06:25", "elapsed": 3289.455766, "delta": 0.004168}}
{"target": -13.758504990675922, "params": {"gamma": 449.31985176053684, "log10_alpha": -2.101539596757498, "log10_colsample_bytree": -0.1841090357066224, "log10_eta": -4.0, "log10_lambda": 1.0, "log10_min_child_weight": 0.0, "log10_subsample": -0.08893788369399652, "max_depth": 2.0, "num_boost_round": 39.0}, "datetime": {"datetime": "2024-01-19 01:06:25", "elapsed": 3289.459914, "delta": 0.004148}}
{"target": -13.758503916116121, "params": {"gamma": 449.31985176053684, "log10_alpha": -2.101539596757498, "log10_colsample_bytree": -0.1841090357066224, "log10_eta": -4.0, "log10_lambda": 1.0, "log10_min_child_weight": 0.0, "log10_subsample": -0.08893788369399652, "max_depth": 2.0, "num_boost_round": 40.0}, "datetime": {"datetime": "2024-01-19 01:06:25", "elapsed": 3289.464032, "delta": 0.004118}}
{"target": -13.758502524623294, "params": {"gamma": 449.31985176053684, "log10_alpha": -2.101539596757498, "log10_colsample_bytree": -0.1841090357066224, "log10_eta": -4.0, "log10_lambda": 1.0, "log10_min_child_weight": 0.0, "log10_subsample": -0.08893788369399652, "max_depth": 2.0, "num_boost_round": 41.0}, "datetime": {"datetime": "2024-01-19 01:06:25", "elapsed": 3289.468158, "delta": 0.004126}}
{"target": -13.758502416793586, "params": {"gamma": 449.31985176053684, "log10_alpha": -2.101539596757498, "log10_colsample_bytree": -0.1841090357066224, "log10_eta": -4.0, "log10_lambda": 1.0, "log10_min_child_weight": 0.0, "log10_subsample": -0.08893788369399652, "max_depth": 2.0, "num_boost_round": 42.0}, "datetime": {"datetime": "2024-01-19 01:06:25", "elapsed": 3289.472377, "delta": 0.004219}}
{"target": -13.758502030353075, "params": {"gamma": 449.31985176053684, "log10_alpha": -2.101539596757498, "log10_colsample_bytree": -0.1841090357066224, "log10_eta": -4.0, "log10_lambda": 1.0, "log10_min_child_weight": 0.0, "log10_subsample": -0.08893788369399652, "max_depth": 2.0, "num_boost_round": 43.0}, "datetime": {"datetime": "2024-01-19 01:06:25", "elapsed": 3289.476499, "delta": 0.004122}}
{"target": -13.758500681102618, "params": {"gamma": 449.31985176053684, "log10_alpha": -2.101539596757498, "log10_colsample_bytree": -0.1841090357066224, "log10_eta": -4.0, "log10_lambda": 1.0, "log10_min_child_weight": 0.0, "log10_subsample": -0.08893788369399652, "max_depth": 2.0, "num_boost_round": 44.0}, "datetime": {"datetime": "2024-01-19 01:06:25", "elapsed": 3289.480569, "delta": 0.00407}}
{"target": -13.758500572542605, "params": {"gamma": 449.31985176053684, "log10_alpha": -2.101539596757498, "log10_colsample_bytree": -0.1841090357066224, "log10_eta": -4.0, "log10_lambda": 1.0, "log10_min_child_weight": 0.0, "log10_subsample": -0.08893788369399652, "max_depth": 2.0, "num_boost_round": 45.0}, "datetime": {"datetime": "2024-01-19 01:06:25", "elapsed": 3289.580557, "delta": 0.099988}}
{"target": -13.758499488523094, "params": {"gamma": 449.31985176053684, "log10_alpha": -2.101539596757498, "log10_colsample_bytree": -0.1841090357066224, "log10_eta": -4.0, "log10_lambda": 1.0, "log10_min_child_weight": 0.0, "log10_subsample": -0.08893788369399652, "max_depth": 2.0, "num_boost_round": 46.0}, "datetime": {"datetime": "2024-01-19 01:06:25", "elapsed": 3289.585207, "delta": 0.00465}}
{"target": -13.75849839803353, "params": {"gamma": 449.31985176053684, "log10_alpha": -2.101539596757498, "log10_colsample_bytree": -0.1841090357066224, "log10_eta": -4.0, "log10_lambda": 1.0, "log10_min_child_weight": 0.0, "log10_subsample": -0.08893788369399652, "max_depth": 2.0, "num_boost_round": 47.0}, "datetime": {"datetime": "2024-01-19 01:06:25", "elapsed": 3289.589596, "delta": 0.004389}}
{"target": -13.758498352846063, "params": {"gamma": 449.31985176053684, "log10_alpha": -2.101539596757498, "log10_colsample_bytree": -0.1841090357066224, "log10_eta": -4.0, "log10_lambda": 1.0, "log10_min_child_weight": 0.0, "log10_subsample": -0.08893788369399652, "max_depth": 2.0, "num_boost_round": 48.0}, "datetime": {"datetime": "2024-01-19 01:06:25", "elapsed": 3289.593909, "delta": 0.004313}}
{"target": -13.758498203942803, "params": {"gamma": 449.31985176053684, "log10_alpha": -2.101539596757498, "log10_colsample_bytree": -0.1841090357066224, "log10_eta": -4.0, "log10_lambda": 1.0, "log10_min_child_weight": 0.0, "log10_subsample": -0.08893788369399652, "max_depth": 2.0, "num_boost_round": 49.0}, "datetime": {"datetime": "2024-01-19 01:06:25", "elapsed": 3289.598123, "delta": 0.004214}}
{"target": -13.758498097970817, "params": {"gamma": 449.31985176053684, "log10_alpha": -2.101539596757498, "log10_colsample_bytree": -0.1841090357066224, "log10_eta": -4.0, "log10_lambda": 1.0, "log10_min_child_weight": 0.0, "log10_subsample": -0.08893788369399652, "max_depth": 2.0, "num_boost_round": 50.0}, "datetime": {"datetime": "2024-01-19 01:06:25", "elapsed": 3289.602375, "delta": 0.004252}}
{"target": -13.758497482272459, "params": {"gamma": 449.31985176053684, "log10_alpha": -2.101539596757498, "log10_colsample_bytree": -0.1841090357066224, "log10_eta": -4.0, "log10_lambda": 1.0, "log10_min_child_weight": 0.0, "log10_subsample": -0.08893788369399652, "max_depth": 2.0, "num_boost_round": 51.0}, "datetime": {"datetime": "2024-01-19 01:06:25", "elapsed": 3289.606689, "delta": 0.004314}}
{"target": -13.758496421478561, "params": {"gamma": 449.31985176053684, "log10_alpha": -2.101539596757498, "log10_colsample_bytree": -0.1841090357066224, "log10_eta": -4.0, "log10_lambda": 1.0, "log10_min_child_weight": 0.0, "log10_subsample": -0.08893788369399652, "max_depth": 2.0, "num_boost_round": 52.0}, "datetime": {"datetime": "2024-01-19 01:06:25", "elapsed": 3289.610943, "delta": 0.004254}}
{"target": -13.758495353410046, "params": {"gamma": 449.31985176053684, "log10_alpha": -2.101539596757498, "log10_colsample_bytree": -0.1841090357066224, "log10_eta": -4.0, "log10_lambda": 1.0, "log10_min_child_weight": 0.0, "log10_subsample": -0.08893788369399652, "max_depth": 2.0, "num_boost_round": 53.0}, "datetime": {"datetime": "2024-01-19 01:06:25", "elapsed": 3289.615179, "delta": 0.004236}}
{"target": -13.75849358755959, "params": {"gamma": 449.31985176053684, "log10_alpha": -2.101539596757498, "log10_colsample_bytree": -0.1841090357066224, "log10_eta": -4.0, "log10_lambda": 1.0, "log10_min_child_weight": 0.0, "log10_subsample": -0.08893788369399652, "max_depth": 2.0, "num_boost_round": 54.0}, "datetime": {"datetime": "2024-01-19 01:06:25", "elapsed": 3289.61948, "delta": 0.004301}}
{"target": -13.75849297123213, "params": {"gamma": 449.31985176053684, "log10_alpha": -2.101539596757498, "log10_colsample_bytree": -0.1841090357066224, "log10_eta": -4.0, "log10_lambda": 1.0, "log10_min_child_weight": 0.0, "log10_subsample": -0.08893788369399652, "max_depth": 2.0, "num_boost_round": 55.0}, "datetime": {"datetime": "2024-01-19 01:06:25", "elapsed": 3289.623722, "delta": 0.004242}}
{"target": -13.758491589186898, "params": {"gamma": 449.31985176053684, "log10_alpha": -2.101539596757498, "log10_colsample_bytree": -0.1841090357066224, "log10_eta": -4.0, "log10_lambda": 1.0, "log10_min_child_weight": 0.0, "log10_subsample": -0.08893788369399652, "max_depth": 2.0, "num_boost_round": 56.0}, "datetime": {"datetime": "2024-01-19 01:06:25", "elapsed": 3289.628633, "delta": 0.004911}}
{"target": -13.75849053821575, "params": {"gamma": 449.31985176053684, "log10_alpha": -2.101539596757498, "log10_colsample_bytree": -0.1841090357066224, "log10_eta": -4.0, "log10_lambda": 1.0, "log10_min_child_weight": 0.0, "log10_subsample": -0.08893788369399652, "max_depth": 2.0, "num_boost_round": 57.0}, "datetime": {"datetime": "2024-01-19 01:06:25", "elapsed": 3289.632952, "delta": 0.004319}}
{"target": -13.758490368944317, "params": {"gamma": 449.31985176053684, "log10_alpha": -2.101539596757498, "log10_colsample_bytree": -0.1841090357066224, "log10_eta": -4.0, "log10_lambda": 1.0, "log10_min_child_weight": 0.0, "log10_subsample": -0.08893788369399652, "max_depth": 2.0, "num_boost_round": 58.0}, "datetime": {"datetime": "2024-01-19 01:06:25", "elapsed": 3289.637757, "delta": 0.004805}}
{"target": -13.758489009545901, "params": {"gamma": 449.31985176053684, "log10_alpha": -2.101539596757498, "log10_colsample_bytree": -0.1841090357066224, "log10_eta": -4.0, "log10_lambda": 1.0, "log10_min_child_weight": 0.0, "log10_subsample": -0.08893788369399652, "max_depth": 2.0, "num_boost_round": 59.0}, "datetime": {"datetime": "2024-01-19 01:06:25", "elapsed": 3289.642512, "delta": 0.004755}}
{"target": -13.758487649287515, "params": {"gamma": 449.31985176053684, "log10_alpha": -2.101539596757498, "log10_colsample_bytree": -0.1841090357066224, "log10_eta": -4.0, "log10_lambda": 1.0, "log10_min_child_weight": 0.0, "log10_subsample": -0.08893788369399652, "max_depth": 2.0, "num_boost_round": 60.0}, "datetime": {"datetime": "2024-01-19 01:06:25", "elapsed": 3289.64702, "delta": 0.004508}}
{"target": -13.758486750357063, "params": {"gamma": 449.31985176053684, "log10_alpha": -2.101539596757498, "log10_colsample_bytree": -0.1841090357066224, "log10_eta": -4.0, "log10_lambda": 1.0, "log10_min_child_weight": 0.0, "log10_subsample": -0.08893788369399652, "max_depth": 2.0, "num_boost_round": 61.0}, "datetime": {"datetime": "2024-01-19 01:06:25", "elapsed": 3289.651308, "delta": 0.004288}}
{"target": -13.758486656252353, "params": {"gamma": 449.31985176053684, "log10_alpha": -2.101539596757498, "log10_colsample_bytree": -0.1841090357066224, "log10_eta": -4.0, "log10_lambda": 1.0, "log10_min_child_weight": 0.0, "log10_subsample": -0.08893788369399652, "max_depth": 2.0, "num_boost_round": 62.0}, "datetime": {"datetime": "2024-01-19 01:06:25", "elapsed": 3289.655684, "delta": 0.004376}}
{"target": -13.758485302685177, "params": {"gamma": 449.31985176053684, "log10_alpha": -2.101539596757498, "log10_colsample_bytree": -0.1841090357066224, "log10_eta": -4.0, "log10_lambda": 1.0, "log10_min_child_weight": 0.0, "log10_subsample": -0.08893788369399652, "max_depth": 2.0, "num_boost_round": 63.0}, "datetime": {"datetime": "2024-01-19 01:06:25", "elapsed": 3289.659901, "delta": 0.004217}}
{"target": -13.758484234852686, "params": {"gamma": 449.31985176053684, "log10_alpha": -2.101539596757498, "log10_colsample_bytree": -0.1841090357066224, "log10_eta": -4.0, "log10_lambda": 1.0, "log10_min_child_weight": 0.0, "log10_subsample": -0.08893788369399652, "max_depth": 2.0, "num_boost_round": 64.0}, "datetime": {"datetime": "2024-01-19 01:06:25", "elapsed": 3289.664103, "delta": 0.004202}}
{"target": -13.758483187711578, "params": {"gamma": 449.31985176053684, "log10_alpha": -2.101539596757498, "log10_colsample_bytree": -0.1841090357066224, "log10_eta": -4.0, "log10_lambda": 1.0, "log10_min_child_weight": 0.0, "log10_subsample": -0.08893788369399652, "max_depth": 2.0, "num_boost_round": 65.0}, "datetime": {"datetime": "2024-01-19 01:06:25", "elapsed": 3289.668284, "delta": 0.004181}}
{"target": -13.758483075208993, "params": {"gamma": 449.31985176053684, "log10_alpha": -2.101539596757498, "log10_colsample_bytree": -0.1841090357066224, "log10_eta": -4.0, "log10_lambda": 1.0, "log10_min_child_weight": 0.0, "log10_subsample": -0.08893788369399652, "max_depth": 2.0, "num_boost_round": 66.0}, "datetime": {"datetime": "2024-01-19 01:06:25", "elapsed": 3289.672517, "delta": 0.004233}}
{"target": -13.758482036126452, "params": {"gamma": 449.31985176053684, "log10_alpha": -2.101539596757498, "log10_colsample_bytree": -0.1841090357066224, "log10_eta": -4.0, "log10_lambda": 1.0, "log10_min_child_weight": 0.0, "log10_subsample": -0.08893788369399652, "max_depth": 2.0, "num_boost_round": 67.0}, "datetime": {"datetime": "2024-01-19 01:06:25", "elapsed": 3289.676758, "delta": 0.004241}}
{"target": -13.758481657324207, "params": {"gamma": 449.31985176053684, "log10_alpha": -2.101539596757498, "log10_colsample_bytree": -0.1841090357066224, "log10_eta": -4.0, "log10_lambda": 1.0, "log10_min_child_weight": 0.0, "log10_subsample": -0.08893788369399652, "max_depth": 2.0, "num_boost_round": 68.0}, "datetime": {"datetime": "2024-01-19 01:06:25", "elapsed": 3289.680972, "delta": 0.004214}}
{"target": -13.758481144280891, "params": {"gamma": 449.31985176053684, "log10_alpha": -2.101539596757498, "log10_colsample_bytree": -0.1841090357066224, "log10_eta": -4.0, "log10_lambda": 1.0, "log10_min_child_weight": 0.0, "log10_subsample": -0.08893788369399652, "max_depth": 2.0, "num_boost_round": 69.0}, "datetime": {"datetime": "2024-01-19 01:06:25", "elapsed": 3289.685226, "delta": 0.004254}}
{"target": -13.758481026014513, "params": {"gamma": 449.31985176053684, "log10_alpha": -2.101539596757498, "log10_colsample_bytree": -0.1841090357066224, "log10_eta": -4.0, "log10_lambda": 1.0, "log10_min_child_weight": 0.0, "log10_subsample": -0.08893788369399652, "max_depth": 2.0, "num_boost_round": 70.0}, "datetime": {"datetime": "2024-01-19 01:06:25", "elapsed": 3289.689521, "delta": 0.004295}}
{"target": -13.75847964544803, "params": {"gamma": 449.31985176053684, "log10_alpha": -2.101539596757498, "log10_colsample_bytree": -0.1841090357066224, "log10_eta": -4.0, "log10_lambda": 1.0, "log10_min_child_weight": 0.0, "log10_subsample": -0.08893788369399652, "max_depth": 2.0, "num_boost_round": 71.0}, "datetime": {"datetime": "2024-01-19 01:06:25", "elapsed": 3289.693708, "delta": 0.004187}}
{"target": -13.75847863128986, "params": {"gamma": 449.31985176053684, "log10_alpha": -2.101539596757498, "log10_colsample_bytree": -0.1841090357066224, "log10_eta": -4.0, "log10_lambda": 1.0, "log10_min_child_weight": 0.0, "log10_subsample": -0.08893788369399652, "max_depth": 2.0, "num_boost_round": 72.0}, "datetime": {"datetime": "2024-01-19 01:06:25", "elapsed": 3289.698013, "delta": 0.004305}}
{"target": -13.758477285685679, "params": {"gamma": 449.31985176053684, "log10_alpha": -2.101539596757498, "log10_colsample_bytree": -0.1841090357066224, "log10_eta": -4.0, "log10_lambda": 1.0, "log10_min_child_weight": 0.0, "log10_subsample": -0.08893788369399652, "max_depth": 2.0, "num_boost_round": 73.0}, "datetime": {"datetime": "2024-01-19 01:06:25", "elapsed": 3289.702249, "delta": 0.004236}}
{"target": -13.758477166031003, "params": {"gamma": 449.31985176053684, "log10_alpha": -2.101539596757498, "log10_colsample_bytree": -0.1841090357066224, "log10_eta": -4.0, "log10_lambda": 1.0, "log10_min_child_weight": 0.0, "log10_subsample": -0.08893788369399652, "max_depth": 2.0, "num_boost_round": 74.0}, "datetime": {"datetime": "2024-01-19 01:06:25", "elapsed": 3289.706493, "delta": 0.004244}}
{"target": -13.758476699611677, "params": {"gamma": 449.31985176053684, "log10_alpha": -2.101539596757498, "log10_colsample_bytree": -0.1841090357066224, "log10_eta": -4.0, "log10_lambda": 1.0, "log10_min_child_weight": 0.0, "log10_subsample": -0.08893788369399652, "max_depth": 2.0, "num_boost_round": 75.0}, "datetime": {"datetime": "2024-01-19 01:06:25", "elapsed": 3289.710781, "delta": 0.004288}}
{"target": -13.758474916981301, "params": {"gamma": 449.31985176053684, "log10_alpha": -2.101539596757498, "log10_colsample_bytree": -0.1841090357066224, "log10_eta": -4.0, "log10_lambda": 1.0, "log10_min_child_weight": 0.0, "log10_subsample": -0.08893788369399652, "max_depth": 2.0, "num_boost_round": 76.0}, "datetime": {"datetime": "2024-01-19 01:06:25", "elapsed": 3289.715008, "delta": 0.004227}}
{"target": -13.803288568959704, "params": {"gamma": 498.3503767265348, "log10_alpha": -1.7345076268295987, "log10_colsample_bytree": -0.825112789096789, "log10_eta": -0.3820451331867898, "log10_lambda": -1.3951178477183759, "log10_min_child_weight": 2.089881895255308, "log10_subsample": -0.18369177410925353, "max_depth": 9.0, "num_boost_round": 0.0}, "datetime": {"datetime": "2024-01-19 01:08:17", "elapsed": 3401.369584, "delta": 111.654576}}
{"target": -13.868030498473262, "params": {"gamma": 498.3503767265348, "log10_alpha": -1.7345076268295987, "log10_colsample_bytree": -0.825112789096789, "log10_eta": -0.3820451331867898, "log10_lambda": -1.3951178477183759, "log10_min_child_weight": 2.089881895255308, "log10_subsample": -0.18369177410925353, "max_depth": 9.0, "num_boost_round": 1.0}, "datetime": {"datetime": "2024-01-19 01:08:17", "elapsed": 3401.374068, "delta": 0.004484}}
{"target": -13.93589421148774, "params": {"gamma": 498.3503767265348, "log10_alpha": -1.7345076268295987, "log10_colsample_bytree": -0.825112789096789, "log10_eta": -0.3820451331867898, "log10_lambda": -1.3951178477183759, "log10_min_child_weight": 2.089881895255308, "log10_subsample": -0.18369177410925353, "max_depth": 9.0, "num_boost_round": 2.0}, "datetime": {"datetime": "2024-01-19 01:08:17", "elapsed": 3401.378481, "delta": 0.004413}}
{"target": -13.956520905505267, "params": {"gamma": 498.3503767265348, "log10_alpha": -1.7345076268295987, "log10_colsample_bytree": -0.825112789096789, "log10_eta": -0.3820451331867898, "log10_lambda": -1.3951178477183759, "log10_min_child_weight": 2.089881895255308, "log10_subsample": -0.18369177410925353, "max_depth": 9.0, "num_boost_round": 3.0}, "datetime": {"datetime": "2024-01-19 01:08:17", "elapsed": 3401.382863, "delta": 0.004382}}
{"target": -13.99850991066637, "params": {"gamma": 498.3503767265348, "log10_alpha": -1.7345076268295987, "log10_colsample_bytree": -0.825112789096789, "log10_eta": -0.3820451331867898, "log10_lambda": -1.3951178477183759, "log10_min_child_weight": 2.089881895255308, "log10_subsample": -0.18369177410925353, "max_depth": 9.0, "num_boost_round": 4.0}, "datetime": {"datetime": "2024-01-19 01:08:17", "elapsed": 3401.387228, "delta": 0.004365}}
{"target": -14.038521556527874, "params": {"gamma": 498.3503767265348, "log10_alpha": -1.7345076268295987, "log10_colsample_bytree": -0.825112789096789, "log10_eta": -0.3820451331867898, "log10_lambda": -1.3951178477183759, "log10_min_child_weight": 2.089881895255308, "log10_subsample": -0.18369177410925353, "max_depth": 9.0, "num_boost_round": 5.0}, "datetime": {"datetime": "2024-01-19 01:08:17", "elapsed": 3401.391418, "delta": 0.00419}}
