{"target": -17.67720684826471, "params": {"gamma": 400.7977774589116, "log10_alpha": -5.0, "log10_colsample_bytree": -0.17891008931256505, "log10_eta": -4.0, "log10_lambda": -2.2880889197882075, "log10_min_child_weight": 2.5088132344232514, "log10_subsample": 0.0, "max_depth": 7.0, "num_boost_round": 6.0}, "datetime": {"datetime": "2024-01-19 01:26:47", "elapsed": 4496.886128, "delta": 0.005687}}
{"target": -17.677198824858923, "params": {"gamma": 400.7977774589116, "log10_alpha": -5.0, "log10_colsample_bytree": -0.17891008931256505, "log10_eta": -4.0, "log10_lambda": -2.2880889197882075, "log10_min_child_weight": 2.5088132344232514, "log10_subsample": 0.0, "max_depth": 7.0, "num_boost_round": 7.0}, "datetime": {"datetime": "2024-01-19 01:26:47", "elapsed": 4496.891725, "delta": 0.005597}}
{"target": -17.677189863361725, "params": {"gamma": 400.7977774589116, "log10_alpha": -5.0, "log10_colsample_bytree": -0.17891008931256505, "log10_eta": -4.0, "log10_lambda": -2.2880889197882075, "log10_min_child_weight": 2.5088132344232514, "log10_subsample": 0.0, "max_depth": 7.0, "num_boost_round": 8.0}, "datetime": {"datetime": "2024-01-19 01:26:47", "elapsed": 4496.897137, "delta": 0.005412}}
{"target": -17.677183329932312, "params": {"gamma": 400.7977774589116, "log10_alpha": -5.0, "log10_colsample_bytree": -0.17891008931256505, "log10_eta": -4.0, "log10_lambda": -2.2880889197882075, "log10_min_child_weight": 2.5088132344232514, "log10_subsample": 0.0, "max_depth": 7.0, "num_boost_round": 9.0}, "datetime": {"datetime": "2024-01-19 01:26:47", "elapsed": 4496.902693, "delta": 0.005556}}
{"target": -17.677176875841795, "params": {"gamma": 400.7977774589116, "log10_alpha": -5.0, "log10_colsample_bytree": -0.17891008931256505, "log10_eta": -4.0, "log10_lambda": -2.2880889197882075, "log10_min_child_weight": 2.5088132344232514, "log10_subsample": 0.0, "max_depth": 7.0, "num_boost_round": 10.0}, "datetime": {"datetime": "2024-01-19 01:26:47", "elapsed": 4496.908206, "delta": 0.005513}}
{"target": -17.677170410493392, "params": {"gamma": 400.7977774589116, "log10_alpha": -5.0, "log10_colsample_bytree": -0.17891008931256505, "log10_eta": -4.0, "log10_lambda": -2.2880889197882075, "log10_min_child_weight": 2.5088132344232514, "log10_subsample": 0.0, "max_depth": 7.0, "num_boost_round": 11.0}, "datetime": {"datetime": "2024-01-19 01:26:47", "elapsed": 4496.91385, "delta": 0.005644}}
{"target": -17.677159991248203, "params": {"gamma": 400.7977774589116, "log10_alpha": -5.0, "log10_colsample_bytree": -0.17891008931256505, "log10_eta": -4.0, "log10_lambda": -2.2880889197882075, "log10_min_child_weight": 2.5088132344232514, "log10_subsample": 0.0, "max_depth": 7.0, "num_boost_round": 12.0}, "datetime": {"datetime": "2024-01-19 01:26:47", "elapsed": 4496.919236, "delta": 0.005386}}
{"target": -17.67715072622735, "params": {"gamma": 400.7977774589116, "log10_alpha": -5.0, "log10_colsample_bytree": -0.17891008931256505, "log10_eta": -4.0, "log10_lambda": -2.2880889197882075, "log10_min_child_weight": 2.5088132344232514, "log10_subsample": 0.0, "max_depth": 7.0, "num_boost_round": 13.0}, "datetime": {"datetime": "2024-01-19 01:26:47", "elapsed": 4496.924696, "delta": 0.00546}}
{"target": -17.67714528987539, "params": {"gamma": 400.7977774589116, "log10_alpha": -5.0, "log10_colsample_bytree": -0.17891008931256505, "log10_eta": -4.0, "log10_lambda": -2.2880889197882075, "log10_min_child_weight": 2.5088132344232514, "log10_subsample": 0.0, "max_depth": 7.0, "num_boost_round": 14.0}, "datetime": {"datetime": "2024-01-19 01:26:47", "elapsed": 4496.930123, "delta": 0.005427}}
{"target": -17.677139630177926, "params": {"gamma": 400.7977774589116, "log10_alpha": -5.0, "log10_colsample_bytree": -0.17891008931256505, "log10_eta": -4.0, "log10_lambda": -2.2880889197882075, "log10_min_child_weight": 2.5088132344232514, "log10_subsample": 0.0, "max_depth": 7.0, "num_boost_round": 15.0}, "datetime": {"datetime": "2024-01-19 01:26:47", "elapsed": 4496.936165, "delta": 0.006042}}
{"target": -17.67713428400753, "params": {"gamma": 400.7977774589116, "log10_alpha": -5.0, "log10_colsample_bytree": -0.17891008931256505, "log10_eta": -4.0, "log10_lambda": -2.2880889197882075, "log10_min_child_weight": 2.5088132344232514, "log10_subsample": 0.0, "max_depth": 7.0, "num_boost_round": 16.0}, "datetime": {"datetime": "2024-01-19 01:26:47", "elapsed": 4496.941701, "delta": 0.005536}}
{"target": -17.67712672119395, "params": {"gamma": 400.7977774589116, "log10_alpha": -5.0, "log10_colsample_bytree": -0.17891008931256505, "log10_eta": -4.0, "log10_lambda": -2.2880889197882075, "log10_min_child_weight": 2.5088132344232514, "log10_subsample": 0.0, "max_depth": 7.0, "num_boost_round": 17.0}, "datetime": {"datetime": "2024-01-19 01:26:47", "elapsed": 4496.947155, "delta": 0.005454}}
{"target": -17.677122277222598, "params": {"gamma": 400.7977774589116, "log10_alpha": -5.0, "log10_colsample_bytree": -0.17891008931256505, "log10_eta": -4.0, "log10_lambda": -2.2880889197882075, "log10_min_child_weight": 2.5088132344232514, "log10_subsample": 0.0, "max_depth": 7.0, "num_boost_round": 18.0}, "datetime": {"datetime": "2024-01-19 01:26:47", "elapsed": 4496.952512, "delta": 0.005357}}
{"target": -17.677119442953874, "params": {"gamma": 400.7977774589116, "log10_alpha": -5.0, "log10_colsample_bytree": -0.17891008931256505, "log10_eta": -4.0, "log10_lambda": -2.2880889197882075, "log10_min_child_weight": 2.5088132344232514, "log10_subsample": 0.0, "max_depth": 7.0, "num_boost_round": 19.0}, "datetime": {"datetime": "2024-01-19 01:26:47", "elapsed": 4496.95813, "delta": 0.005618}}
{"target": -17.677111936180957, "params": {"gamma": 400.7977774589116, "log10_alpha": -5.0, "log10_colsample_bytree": -0.17891008931256505, "log10_eta": -4.0, "log10_lambda": -2.2880889197882075, "log10_min_child_weight": 2.5088132344232514, "log10_subsample": 0.0, "max_depth": 7.0, "num_boost_round": 20.0}, "datetime": {"datetime": "2024-01-19 01:26:47", "elapsed": 4496.963479, "delta": 0.005349}}
{"target": -17.677107039808654, "params": {"gamma": 400.7977774589116, "log10_alpha": -5.0, "log10_colsample_bytree": -0.17891008931256505, "log10_eta": -4.0, "log10_lambda": -2.2880889197882075, "log10_min_child_weight": 2.5088132344232514, "log10_subsample": 0.0, "max_depth": 7.0, "num_boost_round": 21.0}, "datetime": {"datetime": "2024-01-19 01:26:47", "elapsed": 4496.968865, "delta": 0.005386}}
{"target": -17.677099837617757, "params": {"gamma": 400.7977774589116, "log10_alpha": -5.0, "log10_colsample_bytree": -0.17891008931256505, "log10_eta": -4.0, "log10_lambda": -2.2880889197882075, "log10_min_child_weight": 2.5088132344232514, "log10_subsample": 0.0, "max_depth": 7.0, "num_boost_round": 22.0}, "datetime": {"datetime": "2024-01-19 01:26:47", "elapsed": 4496.974237, "delta": 0.005372}}
{"target": -17.67709248639297, "params": {"gamma": 400.7977774589116, "log10_alpha": -5.0, "log10_colsample_bytree": -0.17891008931256505, "log10_eta": -4.0, "log10_lambda": -2.2880889197882075, "log10_min_child_weight": 2.5088132344232514, "log10_subsample": 0.0, "max_depth": 7.0, "num_boost_round": 23.0}, "datetime": {"datetime": "2024-01-19 01:26:47", "elapsed": 4496.979817, "delta": 0.00558}}
{"target": -17.67708134010088, "params": {"gamma": 400.7977774589116, "log10_alpha": -5.0, "log10_colsample_bytree": -0.17891008931256505, "log10_eta": -4.0, "log10_lambda": -2.2880889197882075, "log10_min_child_weight": 2.5088132344232514, "log10_subsample": 0.0, "max_depth": 7.0, "num_boost_round": 24.0}, "datetime": {"datetime": "2024-01-19 01:26:47", "elapsed": 4496.985166, "delta": 0.005349}}
{"target": -17.67707632568115, "params": {"gamma": 400.7977774589116, "log10_alpha": -5.0, "log10_colsample_bytree": -0.17891008931256505, "log10_eta": -4.0, "log10_lambda": -2.2880889197882075, "log10_min_child_weight": 2.5088132344232514, "log10_subsample": 0.0, "max_depth": 7.0, "num_boost_round": 25.0}, "datetime": {"datetime": "2024-01-19 01:26:47", "elapsed": 4496.990561, "delta": 0.005395}}
{"target": -17.677069429453415, "params": {"gamma": 400.7977774589116, "log10_alpha": -5.0, "log10_colsample_bytree": -0.17891008931256505, "log10_eta": -4.0, "log10_lambda": -2.2880889197882075, "log10_min_child_weight": 2.5088132344232514, "log10_subsample": 0.0, "max_depth": 7.0, "num_boost_round": 26.0}, "datetime": {"datetime": "2024-01-19 01:26:47", "elapsed": 4496.996555, "delta": 0.005994}}
{"target": -17.67706114956177, "params": {"gamma": 400.7977774589116, "log10_alpha": -5.0, "log10_colsample_bytree": -0.17891008931256505, "log10_eta": -4.0, "log10_lambda": -2.2880889197882075, "log10_min_child_weight": 2.5088132344232514, "log10_subsample": 0.0, "max_depth": 7.0, "num_boost_round": 27.0}, "datetime": {"datetime": "2024-01-19 01:26:47", "elapsed": 4497.002254, "delta": 0.005699}}
{"target": -17.67705913731186, "params": {"gamma": 400.7977774589116, "log10_alpha": -5.0, "log10_colsample_bytree": -0.17891008931256505, "log10_eta": -4.0, "log10_lambda": -2.2880889197882075, "log10_min_child_weight": 2.5088132344232514, "log10_subsample": 0.0, "max_depth": 7.0, "num_boost_round": 28.0}, "datetime": {"datetime": "2024-01-19 01:26:47", "elapsed": 4497.007578, "delta": 0.005324}}
{"target": -17.67705335504552, "params": {"gamma": 400.7977774589116, "log10_alpha": -5.0, "log10_colsample_bytree": -0.17891008931256505, "log10_eta": -4.0, "log10_lambda": -2.2880889197882075, "log10_min_child_weight": 2.5088132344232514, "log10_subsample": 0.0, "max_depth": 7.0, "num_boost_round": 29.0}, "datetime": {"datetime": "2024-01-19 01:26:47", "elapsed": 4497.012992, "delta": 0.005414}}
{"target": -17.677047488269256, "params": {"gamma": 400.7977774589116, "log10_alpha": -5.0, "log10_colsample_bytree": -0.17891008931256505, "log10_eta": -4.0, "log10_lambda": -2.2880889197882075, "log10_min_child_weight": 2.5088132344232514, "log10_subsample": 0.0, "max_depth": 7.0, "num_boost_round": 30.0}, "datetime": {"datetime": "2024-01-19 01:26:47", "elapsed": 4497.018451, "delta": 0.005459}}
{"target": -17.677035966593287, "params": {"gamma": 400.7977774589116, "log10_alpha": -5.0, "log10_colsample_bytree": -0.17891008931256505, "log10_eta": -4.0, "log10_lambda": -2.2880889197882075, "log10_min_child_weight": 2.5088132344232514, "log10_subsample": 0.0, "max_depth": 7.0, "num_boost_round": 31.0}, "datetime": {"datetime": "2024-01-19 01:26:47", "elapsed": 4497.023916, "delta": 0.005465}}
{"target": -17.677027579904728, "params": {"gamma": 400.7977774589116, "log10_alpha": -5.0, "log10_colsample_bytree": -0.17891008931256505, "log10_eta": -4.0, "log10_lambda": -2.2880889197882075, "log10_min_child_weight": 2.5088132344232514, "log10_subsample": 0.0, "max_depth": 7.0, "num_boost_round": 32.0}, "datetime": {"datetime": "2024-01-19 01:26:47", "elapsed": 4497.029248, "delta": 0.005332}}
{"target": -17.677022074948088, "params": {"gamma": 400.7977774589116, "log10_alpha": -5.0, "log10_colsample_bytree": -0.17891008931256505, "log10_eta": -4.0, "log10_lambda": -2.2880889197882075, "log10_min_child_weight": 2.5088132344232514, "log10_subsample": 0.0, "max_depth": 7.0, "num_boost_round": 33.0}, "datetime": {"datetime": "2024-01-19 01:26:47", "elapsed": 4497.034588, "delta": 0.00534}}
{"target": -17.677015001144547, "params": {"gamma": 400.7977774589116, "log10_alpha": -5.0, "log10_colsample_bytree": -0.17891008931256505, "log10_eta": -4.0, "log10_lambda": -2.2880889197882075, "log10_min_child_weight": 2.5088132344232514, "log10_subsample": 0.0, "max_depth": 7.0, "num_boost_round": 34.0}, "datetime": {"datetime": "2024-01-19 01:26:47", "elapsed": 4497.039909, "delta": 0.005321}}
{"target": -17.677006928433233, "params": {"gamma": 400.7977774589116, "log10_alpha": -5.0, "log10_colsample_bytree": -0.17891008931256505, "log10_eta": -4.0, "log10_lambda": -2.2880889197882075, "log10_min_child_weight": 2.5088132344232514, "log10_subsample": 0.0, "max_depth": 7.0, "num_boost_round": 35.0}, "datetime": {"datetime": "2024-01-19 01:26:47", "elapsed": 4497.045479, "delta": 0.00557}}
{"target": -17.67699975506381, "params": {"gamma": 400.7977774589116, "log10_alpha": -5.0, "log10_colsample_bytree": -0.17891008931256505, "log10_eta": -4.0, "log10_lambda": -2.2880889197882075, "log10_min_child_weight": 2.5088132344232514, "log10_subsample": 0.0, "max_depth": 7.0, "num_boost_round": 36.0}, "datetime": {"datetime": "2024-01-19 01:26:47", "elapsed": 4497.051161, "delta": 0.005682}}
{"target": -17.677221640459912, "params": {"gamma": 427.8375899206576, "log10_alpha": -0.6193950199278229, "log10_colsample_bytree": -0.9383186476525639, "log10_eta": -3.8428923757300137, "log10_lambda": -1.415927048484157, "log10_min_child_weight": 0.37748382106900846, "log10_subsample": -0.5205455310361845, "max_depth": 9.0, "num_boost_round": 0.0}, "datetime": {"datetime": "2024-01-19 01:28:21", "elapsed": 4590.918909, "delta": 93.867748}}
{"target": -17.677218829340582, "params": {"gamma": 427.8375899206576, "log10_alpha": -0.6193950199278229, "log10_colsample_bytree": -0.9383186476525639, "log10_eta": -3.8428923757300137, "log10_lambda": -1.415927048484157, "log10_min_child_weight": 0.37748382106900846, "log10_subsample": -0.5205455310361845, "max_depth": 9.0, "num_boost_round": 1.0}, "datetime": {"datetime": "2024-01-19 01:28:21", "elapsed": 4590.924708, "delta": 0.005799}}
{"target": -17.67722149999865, "params": {"gamma": 427.8375899206576, "log10_alpha": -0.6193950199278229, "log10_colsample_bytree": -0.9383186476525639, "log10_eta": -3.8428923757300137, "log10_lambda": -1.415927048484157, "log10_min_child_weight": 0.37748382106900846, "log10_subsample": -0.5205455310361845, "max_depth": 9.0, "num_boost_round": 2.0}, "datetime": {"datetime": "2024-01-19 01:28:21", "elapsed": 4590.929572, "delta": 0.004864}}
{"target": -17.67721347205298, "params": {"gamma": 427.8375899206576, "log10_alpha": -0.6193950199278229, "log10_colsample_bytree": -0.9383186476525639, "log10_eta": -3.8428923757300137, "log10_lambda": -1.415927048484157, "log10_min_child_weight": 0.37748382106900846, "log10_subsample": -0.5205455310361845, "max_depth": 9.0, "num_boost_round": 3.0}, "datetime": {"datetime": "2024-01-19 01:28:21", "elapsed": 4590.934483, "delta": 0.004911}}
{"target": -17.677200200043842, "params": {"gamma": 427.8375899206576, "log10_alpha": -0.6193950199278229, "log10_colsample_bytree": -0.9383186476525639, "log10_eta": -3.8428923757300137, "log10_lambda": -1.415927048484157, "log10_min_child_weight": 0.37748382106900846, "log10_subsample": -0.5205455310361845, "max_depth": 9.0, "num_boost_round": 4.0}, "datetime": {"datetime": "2024-01-19 01:28:21", "elapsed": 4590.939235, "delta": 0.004752}}
{"target": -17.67720104232921, "params": {"gamma": 427.8375899206576, "log10_alpha": -0.6193950199278229, "log10_colsample_bytree": -0.9383186476525639, "log10_eta": -3.8428923757300137, "log10_lambda": -1.415927048484157, "log10_min_child_weight": 0.37748382106900846, "log10_subsample": -0.5205455310361845, "max_depth": 9.0, "num_boost_round": 5.0}, "datetime": {"datetime": "2024-01-19 01:28:21", "elapsed": 4590.944303, "delta": 0.005068}}
{"target": -17.677203634311013, "params": {"gamma": 427.8375899206576, "log10_alpha": -0.6193950199278229, "log10_colsample_bytree": -0.9383186476525639, "log10_eta": -3.8428923757300137, "log10_lambda": -1.415927048484157, "log10_min_child_weight": 0.37748382106900846, "log10_subsample": -0.5205455310361845, "max_depth": 9.0, "num_boost_round": 6.0}, "datetime": {"datetime": "2024-01-19 01:28:21", "elapsed": 4590.949339, "delta": 0.005036}}
{"target": -17.67719745908622, "params": {"gamma": 427.8375899206576, "log10_alpha": -0.6193950199278229, "log10_colsample_bytree": -0.9383186476525639, "log10_eta": -3.8428923757300137, "log10_lambda": -1.415927048484157, "log10_min_child_weight": 0.37748382106900846, "log10_subsample": -0.5205455310361845, "max_depth": 9.0, "num_boost_round": 7.0}, "datetime": {"datetime": "2024-01-19 01:28:21", "elapsed": 4590.95426, "delta": 0.004921}}
{"target": -17.677190798775335, "params": {"gamma": 427.8375899206576, "log10_alpha": -0.6193950199278229, "log10_colsample_bytree": -0.9383186476525639, "log10_eta": -3.8428923757300137, "log10_lambda": -1.415927048484157, "log10_min_child_weight": 0.37748382106900846, "log10_subsample": -0.5205455310361845, "max_depth": 9.0, "num_boost_round": 8.0}, "datetime": {"datetime": "2024-01-19 01:28:21", "elapsed": 4590.959226, "delta": 0.004966}}
{"target": -17.677186968045007, "params": {"gamma": 427.8375899206576, "log10_alpha": -0.6193950199278229, "log10_colsample_bytree": -0.9383186476525639, "log10_eta": -3.8428923757300137, "log10_lambda": -1.415927048484157, "log10_min_child_weight": 0.37748382106900846, "log10_subsample": -0.5205455310361845, "max_depth": 9.0, "num_boost_round": 9.0}, "datetime": {"datetime": "2024-01-19 01:28:21", "elapsed": 4590.964241, "delta": 0.005015}}
{"target": -17.677180418896253, "params": {"gamma": 427.8375899206576, "log10_alpha": -0.6193950199278229, "log10_colsample_bytree": -0.9383186476525639, "log10_eta": -3.8428923757300137, "log10_lambda": -1.415927048484157, "log10_min_child_weight": 0.37748382106900846, "log10_subsample": -0.5205455310361845, "max_depth": 9.0, "num_boost_round": 10.0}, "datetime": {"datetime": "2024-01-19 01:28:21", "elapsed": 4590.969087, "delta": 0.004846}}
{"target": -17.677170716746634, "params": {"gamma": 427.8375899206576, "log10_alpha": -0.6193950199278229, "log10_colsample_bytree": -0.9383186476525639, "log10_eta": -3.8428923757300137, "log10_lambda": -1.415927048484157, "log10_min_child_weight": 0.37748382106900846, "log10_subsample": -0.5205455310361845, "max_depth": 9.0, "num_boost_round": 11.0}, "datetime": {"datetime": "2024-01-19 01:28:21", "elapsed": 4590.973956, "delta": 0.004869}}
{"target": -17.677167686827698, "params": {"gamma": 427.8375899206576, "log10_alpha": -0.6193950199278229, "log10_colsample_bytree": -0.9383186476525639, "log10_eta": -3.8428923757300137, "log10_lambda": -1.415927048484157, "log10_min_child_weight": 0.37748382106900846, "log10_subsample": -0.5205455310361845, "max_depth": 9.0, "num_boost_round": 12.0}, "datetime": {"datetime": "2024-01-19 01:28:21", "elapsed": 4590.978726, "delta": 0.00477}}
{"target": -17.677147549793823, "params": {"gamma": 394.59236334526327, "log10_alpha": -3.2875079036628443, "log10_colsample_bytree": -0.402180845417099, "log10_eta": -2.4112848336393418, "log10_lambda": -1.3959571560202026, "log10_min_child_weight": 1.290382734339749, "log10_subsample": -0.3846823695172321, "max_depth": 7.0, "num_boost_round": 0.0}, "datetime": {"datetime": "2024-01-19 01:29:51", "elapsed": 4681.515991, "delta": 90.537265}}
{"target": -17.677041226259732, "params": {"gamma": 394.59236334526327, "log10_alpha": -3.2875079036628443, "log10_colsample_bytree": -0.402180845417099, "log10_eta": -2.4112848336393418, "log10_lambda": -1.3959571560202026, "log10_min_child_weight": 1.290382734339749, "log10_subsample": -0.3846823695172321, "max_depth": 7.0, "num_boost_round": 1.0}, "datetime": {"datetime": "2024-01-19 01:29:51", "elapsed": 4681.52098, "delta": 0.004989}}
{"target": -17.676760174926304, "params": {"gamma": 394.59236334526327, "log10_alpha": -3.2875079036628443, "log10_colsample_bytree": -0.402180845417099, "log10_eta": -2.4112848336393418, "log10_lambda": -1.3959571560202026, "log10_min_child_weight": 1.290382734339749, "log10_subsample": -0.3846823695172321, "max_depth": 7.0, "num_boost_round": 2.0}, "datetime": {"datetime": "2024-01-19 01:29:51", "elapsed": 4681.525992, "delta": 0.005012}}
{"target": -17.676774457559993, "params": {"gamma": 394.59236334526327, "log10_alpha": -3.2875079036628443, "log10_colsample_bytree": -0.402180845417099, "log10_eta": -2.4112848336393418, "log10_lambda": -1.3959571560202026, "log10_min_child_weight": 1.290382734339749, "log10_subsample": -0.3846823695172321, "max_depth": 7.0, "num_boost_round": 3.0}, "datetime": {"datetime": "2024-01-19 01:29:51", "elapsed": 4681.530672, "delta": 0.00468}}
{"target": -17.676827664060493, "params": {"gamma": 394.59236334526327, "log10_alpha": -3.2875079036628443, "log10_colsample_bytree": -0.402180845417099, "log10_eta": -2.4112848336393418, "log10_lambda": -1.3959571560202026, "log10_min_child_weight": 1.290382734339749, "log10_subsample": -0.3846823695172321, "max_depth": 7.0, "num_boost_round": 4.0}, "datetime": {"datetime": "2024-01-19 01:29:51", "elapsed": 4681.535403, "delta": 0.004731}}
{"target": -17.676537172000184, "params": {"gamma": 394.59236334526327, "log10_alpha": -3.2875079036628443, "log10_colsample_bytree": -0.402180845417099, "log10_eta": -2.4112848336393418, "log10_lambda": -1.3959571560202026, "log10_min_child_weight": 1.290382734339749, "log10_subsample": -0.3846823695172321, "max_depth": 7.0, "num_boost_round": 5.0}, "datetime": {"datetime": "2024-01-19 01:29:51", "elapsed": 4681.540069, "delta": 0.004666}}
{"target": -17.676381573479055, "params": {"gamma": 394.59236334526327, "log10_alpha": -3.2875079036628443, "log10_colsample_bytree": -0.402180845417099, "log10_eta": -2.4112848336393418, "log10_lambda": -1.3959571560202026, "log10_min_child_weight": 1.290382734339749, "log10_subsample": -0.3846823695172321, "max_depth": 7.0, "num_boost_round": 6.0}, "datetime": {"datetime": "2024-01-19 01:29:51", "elapsed": 4681.545057, "delta": 0.004988}}
{"target": -17.676167421774384, "params": {"gamma": 394.59236334526327, "log10_alpha": -3.2875079036628443, "log10_colsample_bytree": -0.402180845417099, "log10_eta": -2.4112848336393418, "log10_lambda": -1.3959571560202026, "log10_min_child_weight": 1.290382734339749, "log10_subsample": -0.3846823695172321, "max_depth": 7.0, "num_boost_round": 7.0}, "datetime": {"datetime": "2024-01-19 01:29:51", "elapsed": 4681.549885, "delta": 0.004828}}
