{"target": -17.677216900088965, "params": {"gamma": 972.231494305919, "log10_alpha": -2.5160349966797266, "log10_colsample_bytree": -0.6856357051926245, "log10_eta": -3.382041484907541, "log10_lambda": -4.851400710260259, "log10_min_child_weight": 4.926439602941375, "log10_subsample": -0.16204817660241455, "max_depth": 4.0, "num_boost_round": 4.0}, "datetime": {"datetime": "2024-01-19 02:00:15", "elapsed": 6509.780346, "delta": 0.006272}}
{"target": -17.677213365171045, "params": {"gamma": 972.231494305919, "log10_alpha": -2.5160349966797266, "log10_colsample_bytree": -0.6856357051926245, "log10_eta": -3.382041484907541, "log10_lambda": -4.851400710260259, "log10_min_child_weight": 4.926439602941375, "log10_subsample": -0.16204817660241455, "max_depth": 4.0, "num_boost_round": 5.0}, "datetime": {"datetime": "2024-01-19 02:00:15", "elapsed": 6509.786423, "delta": 0.006077}}
{"target": -17.677213838702936, "params": {"gamma": 972.231494305919, "log10_alpha": -2.5160349966797266, "log10_colsample_bytree": -0.6856357051926245, "log10_eta": -3.382041484907541, "log10_lambda": -4.851400710260259, "log10_min_child_weight": 4.926439602941375, "log10_subsample": -0.16204817660241455, "max_depth": 4.0, "num_boost_round": 6.0}, "datetime": {"datetime": "2024-01-19 02:00:15", "elapsed": 6509.792668, "delta": 0.006245}}
{"target": -17.67720949499756, "params": {"gamma": 972.231494305919, "log10_alpha": -2.5160349966797266, "log10_colsample_bytree": -0.6856357051926245, "log10_eta": -3.382041484907541, "log10_lambda": -4.851400710260259, "log10_min_child_weight": 4.926439602941375, "log10_subsample": -0.16204817660241455, "max_depth": 4.0, "num_boost_round": 7.0}, "datetime": {"datetime": "2024-01-19 02:00:15", "elapsed": 6509.799052, "delta": 0.006384}}
{"target": -17.677207932390555, "params": {"gamma": 972.231494305919, "log10_alpha": -2.5160349966797266, "log10_colsample_bytree": -0.6856357051926245, "log10_eta": -3.382041484907541, "log10_lambda": -4.851400710260259, "log10_min_child_weight": 4.926439602941375, "log10_subsample": -0.16204817660241455, "max_depth": 4.0, "num_boost_round": 8.0}, "datetime": {"datetime": "2024-01-19 02:00:16", "elapsed": 6509.805582, "delta": 0.00653}}
{"target": -17.677205210761258, "params": {"gamma": 972.231494305919, "log10_alpha": -2.5160349966797266, "log10_colsample_bytree": -0.6856357051926245, "log10_eta": -3.382041484907541, "log10_lambda": -4.851400710260259, "log10_min_child_weight": 4.926439602941375, "log10_subsample": -0.16204817660241455, "max_depth": 4.0, "num_boost_round": 9.0}, "datetime": {"datetime": "2024-01-19 02:00:16", "elapsed": 6509.811792, "delta": 0.00621}}
{"target": -17.67720507450133, "params": {"gamma": 972.231494305919, "log10_alpha": -2.5160349966797266, "log10_colsample_bytree": -0.6856357051926245, "log10_eta": -3.382041484907541, "log10_lambda": -4.851400710260259, "log10_min_child_weight": 4.926439602941375, "log10_subsample": -0.16204817660241455, "max_depth": 4.0, "num_boost_round": 10.0}, "datetime": {"datetime": "2024-01-19 02:00:16", "elapsed": 6509.818054, "delta": 0.006262}}
{"target": -17.677199290182937, "params": {"gamma": 972.231494305919, "log10_alpha": -2.5160349966797266, "log10_colsample_bytree": -0.6856357051926245, "log10_eta": -3.382041484907541, "log10_lambda": -4.851400710260259, "log10_min_child_weight": 4.926439602941375, "log10_subsample": -0.16204817660241455, "max_depth": 4.0, "num_boost_round": 11.0}, "datetime": {"datetime": "2024-01-19 02:00:16", "elapsed": 6509.824606, "delta": 0.006552}}
{"target": -17.67719727237742, "params": {"gamma": 972.231494305919, "log10_alpha": -2.5160349966797266, "log10_colsample_bytree": -0.6856357051926245, "log10_eta": -3.382041484907541, "log10_lambda": -4.851400710260259, "log10_min_child_weight": 4.926439602941375, "log10_subsample": -0.16204817660241455, "max_depth": 4.0, "num_boost_round": 12.0}, "datetime": {"datetime": "2024-01-19 02:00:16", "elapsed": 6509.830806, "delta": 0.0062}}
{"target": -17.677196975464284, "params": {"gamma": 972.231494305919, "log10_alpha": -2.5160349966797266, "log10_colsample_bytree": -0.6856357051926245, "log10_eta": -3.382041484907541, "log10_lambda": -4.851400710260259, "log10_min_child_weight": 4.926439602941375, "log10_subsample": -0.16204817660241455, "max_depth": 4.0, "num_boost_round": 13.0}, "datetime": {"datetime": "2024-01-19 02:00:16", "elapsed": 6509.83692, "delta": 0.006114}}
{"target": -17.67719637128923, "params": {"gamma": 972.231494305919, "log10_alpha": -2.5160349966797266, "log10_colsample_bytree": -0.6856357051926245, "log10_eta": -3.382041484907541, "log10_lambda": -4.851400710260259, "log10_min_child_weight": 4.926439602941375, "log10_subsample": -0.16204817660241455, "max_depth": 4.0, "num_boost_round": 14.0}, "datetime": {"datetime": "2024-01-19 02:00:16", "elapsed": 6509.843187, "delta": 0.006267}}
{"target": -17.677190024234797, "params": {"gamma": 972.231494305919, "log10_alpha": -2.5160349966797266, "log10_colsample_bytree": -0.6856357051926245, "log10_eta": -3.382041484907541, "log10_lambda": -4.851400710260259, "log10_min_child_weight": 4.926439602941375, "log10_subsample": -0.16204817660241455, "max_depth": 4.0, "num_boost_round": 15.0}, "datetime": {"datetime": "2024-01-19 02:00:16", "elapsed": 6509.850561, "delta": 0.007374}}
{"target": -17.677184846947565, "params": {"gamma": 972.231494305919, "log10_alpha": -2.5160349966797266, "log10_colsample_bytree": -0.6856357051926245, "log10_eta": -3.382041484907541, "log10_lambda": -4.851400710260259, "log10_min_child_weight": 4.926439602941375, "log10_subsample": -0.16204817660241455, "max_depth": 4.0, "num_boost_round": 16.0}, "datetime": {"datetime": "2024-01-19 02:00:16", "elapsed": 6509.856923, "delta": 0.006362}}
{"target": -17.6771798489183, "params": {"gamma": 972.231494305919, "log10_alpha": -2.5160349966797266, "log10_colsample_bytree": -0.6856357051926245, "log10_eta": -3.382041484907541, "log10_lambda": -4.851400710260259, "log10_min_child_weight": 4.926439602941375, "log10_subsample": -0.16204817660241455, "max_depth": 4.0, "num_boost_round": 17.0}, "datetime": {"datetime": "2024-01-19 02:00:16", "elapsed": 6509.863222, "delta": 0.006299}}
{"target": -17.67717503945681, "params": {"gamma": 972.231494305919, "log10_alpha": -2.5160349966797266, "log10_colsample_bytree": -0.6856357051926245, "log10_eta": -3.382041484907541, "log10_lambda": -4.851400710260259, "log10_min_child_weight": 4.926439602941375, "log10_subsample": -0.16204817660241455, "max_depth": 4.0, "num_boost_round": 18.0}, "datetime": {"datetime": "2024-01-19 02:00:16", "elapsed": 6509.870287, "delta": 0.007065}}
{"target": -17.6771695648722, "params": {"gamma": 972.231494305919, "log10_alpha": -2.5160349966797266, "log10_colsample_bytree": -0.6856357051926245, "log10_eta": -3.382041484907541, "log10_lambda": -4.851400710260259, "log10_min_child_weight": 4.926439602941375, "log10_subsample": -0.16204817660241455, "max_depth": 4.0, "num_boost_round": 19.0}, "datetime": {"datetime": "2024-01-19 02:00:16", "elapsed": 6509.876899, "delta": 0.006612}}
{"target": -17.67717132919943, "params": {"gamma": 972.231494305919, "log10_alpha": -2.5160349966797266, "log10_colsample_bytree": -0.6856357051926245, "log10_eta": -3.382041484907541, "log10_lambda": -4.851400710260259, "log10_min_child_weight": 4.926439602941375, "log10_subsample": -0.16204817660241455, "max_depth": 4.0, "num_boost_round": 20.0}, "datetime": {"datetime": "2024-01-19 02:00:16", "elapsed": 6509.883125, "delta": 0.006226}}
{"target": -17.677170602253106, "params": {"gamma": 972.231494305919, "log10_alpha": -2.5160349966797266, "log10_colsample_bytree": -0.6856357051926245, "log10_eta": -3.382041484907541, "log10_lambda": -4.851400710260259, "log10_min_child_weight": 4.926439602941375, "log10_subsample": -0.16204817660241455, "max_depth": 4.0, "num_boost_round": 21.0}, "datetime": {"datetime": "2024-01-19 02:00:16", "elapsed": 6509.889139, "delta": 0.006014}}
{"target": -17.677167403532007, "params": {"gamma": 972.231494305919, "log10_alpha": -2.5160349966797266, "log10_colsample_bytree": -0.6856357051926245, "log10_eta": -3.382041484907541, "log10_lambda": -4.851400710260259, "log10_min_child_weight": 4.926439602941375, "log10_subsample": -0.16204817660241455, "max_depth": 4.0, "num_boost_round": 22.0}, "datetime": {"datetime": "2024-01-19 02:00:16", "elapsed": 6509.895027, "delta": 0.005888}}
{"target": -17.67716306140674, "params": {"gamma": 972.231494305919, "log10_alpha": -2.5160349966797266, "log10_colsample_bytree": -0.6856357051926245, "log10_eta": -3.382041484907541, "log10_lambda": -4.851400710260259, "log10_min_child_weight": 4.926439602941375, "log10_subsample": -0.16204817660241455, "max_depth": 4.0, "num_boost_round": 23.0}, "datetime": {"datetime": "2024-01-19 02:00:16", "elapsed": 6509.900929, "delta": 0.005902}}
{"target": -17.677231968255697, "params": {"gamma": 990.1437456254896, "log10_alpha": -5.0, "log10_colsample_bytree": 0.0, "log10_eta": -4.0, "log10_lambda": 0.9817729620684628, "log10_min_child_weight": 3.164984931903458, "log10_subsample": -0.8747988053027875, "max_depth": 9.0, "num_boost_round": 0.0}, "datetime": {"datetime": "2024-01-19 02:01:25", "elapsed": 6578.989339, "delta": 69.08841}}
{"target": -17.67722906758533, "params": {"gamma": 990.1437456254896, "log10_alpha": -5.0, "log10_colsample_bytree": 0.0, "log10_eta": -4.0, "log10_lambda": 0.9817729620684628, "log10_min_child_weight": 3.164984931903458, "log10_subsample": -0.8747988053027875, "max_depth": 9.0, "num_boost_round": 1.0}, "datetime": {"datetime": "2024-01-19 02:01:25", "elapsed": 6578.996651, "delta": 0.007312}}
{"target": -17.677227548039273, "params": {"gamma": 990.1437456254896, "log10_alpha": -5.0, "log10_colsample_bytree": 0.0, "log10_eta": -4.0, "log10_lambda": 0.9817729620684628, "log10_min_child_weight": 3.164984931903458, "log10_subsample": -0.8747988053027875, "max_depth": 9.0, "num_boost_round": 2.0}, "datetime": {"datetime": "2024-01-19 02:01:25", "elapsed": 6579.002634, "delta": 0.005983}}
{"target": -17.67722414114295, "params": {"gamma": 990.1437456254896, "log10_alpha": -5.0, "log10_colsample_bytree": 0.0, "log10_eta": -4.0, "log10_lambda": 0.9817729620684628, "log10_min_child_weight": 3.164984931903458, "log10_subsample": -0.8747988053027875, "max_depth": 9.0, "num_boost_round": 3.0}, "datetime": {"datetime": "2024-01-19 02:01:25", "elapsed": 6579.00863, "delta": 0.005996}}
{"target": -17.677219966342285, "params": {"gamma": 990.1437456254896, "log10_alpha": -5.0, "log10_colsample_bytree": 0.0, "log10_eta": -4.0, "log10_lambda": 0.9817729620684628, "log10_min_child_weight": 3.164984931903458, "log10_subsample": -0.8747988053027875, "max_depth": 9.0, "num_boost_round": 4.0}, "datetime": {"datetime": "2024-01-19 02:01:25", "elapsed": 6579.015068, "delta": 0.006438}}
{"target": -17.677215117650935, "params": {"gamma": 990.1437456254896, "log10_alpha": -5.0, "log10_colsample_bytree": 0.0, "log10_eta": -4.0, "log10_lambda": 0.9817729620684628, "log10_min_child_weight": 3.164984931903458, "log10_subsample": -0.8747988053027875, "max_depth": 9.0, "num_boost_round": 5.0}, "datetime": {"datetime": "2024-01-19 02:01:25", "elapsed": 6579.021189, "delta": 0.006121}}
{"target": -17.67721115408833, "params": {"gamma": 990.1437456254896, "log10_alpha": -5.0, "log10_colsample_bytree": 0.0, "log10_eta": -4.0, "log10_lambda": 0.9817729620684628, "log10_min_child_weight": 3.164984931903458, "log10_subsample": -0.8747988053027875, "max_depth": 9.0, "num_boost_round": 6.0}, "datetime": {"datetime": "2024-01-19 02:01:25", "elapsed": 6579.027275, "delta": 0.006086}}
{"target": -17.677205787365967, "params": {"gamma": 990.1437456254896, "log10_alpha": -5.0, "log10_colsample_bytree": 0.0, "log10_eta": -4.0, "log10_lambda": 0.9817729620684628, "log10_min_child_weight": 3.164984931903458, "log10_subsample": -0.8747988053027875, "max_depth": 9.0, "num_boost_round": 7.0}, "datetime": {"datetime": "2024-01-19 02:01:25", "elapsed": 6579.033162, "delta": 0.005887}}
{"target": -17.677201082371738, "params": {"gamma": 990.1437456254896, "log10_alpha": -5.0, "log10_colsample_bytree": 0.0, "log10_eta": -4.0, "log10_lambda": 0.9817729620684628, "log10_min_child_weight": 3.164984931903458, "log10_subsample": -0.8747988053027875, "max_depth": 9.0, "num_boost_round": 8.0}, "datetime": {"datetime": "2024-01-19 02:01:25", "elapsed": 6579.03895, "delta": 0.005788}}
{"target": -17.677196001553263, "params": {"gamma": 990.1437456254896, "log10_alpha": -5.0, "log10_colsample_bytree": 0.0, "log10_eta": -4.0, "log10_lambda": 0.9817729620684628, "log10_min_child_weight": 3.164984931903458, "log10_subsample": -0.8747988053027875, "max_depth": 9.0, "num_boost_round": 9.0}, "datetime": {"datetime": "2024-01-19 02:01:25", "elapsed": 6579.044784, "delta": 0.005834}}
{"target": -17.677189992581873, "params": {"gamma": 990.1437456254896, "log10_alpha": -5.0, "log10_colsample_bytree": 0.0, "log10_eta": -4.0, "log10_lambda": 0.9817729620684628, "log10_min_child_weight": 3.164984931903458, "log10_subsample": -0.8747988053027875, "max_depth": 9.0, "num_boost_round": 10.0}, "datetime": {"datetime": "2024-01-19 02:01:25", "elapsed": 6579.050627, "delta": 0.005843}}
{"target": -17.677187949480523, "params": {"gamma": 990.1437456254896, "log10_alpha": -5.0, "log10_colsample_bytree": 0.0, "log10_eta": -4.0, "log10_lambda": 0.9817729620684628, "log10_min_child_weight": 3.164984931903458, "log10_subsample": -0.8747988053027875, "max_depth": 9.0, "num_boost_round": 11.0}, "datetime": {"datetime": "2024-01-19 02:01:25", "elapsed": 6579.056406, "delta": 0.005779}}
{"target": -17.677183704013412, "params": {"gamma": 990.1437456254896, "log10_alpha": -5.0, "log10_colsample_bytree": 0.0, "log10_eta": -4.0, "log10_lambda": 0.9817729620684628, "log10_min_child_weight": 3.164984931903458, "log10_subsample": -0.8747988053027875, "max_depth": 9.0, "num_boost_round": 12.0}, "datetime": {"datetime": "2024-01-19 02:01:25", "elapsed": 6579.062298, "delta": 0.005892}}
{"target": -17.677179386848056, "params": {"gamma": 990.1437456254896, "log10_alpha": -5.0, "log10_colsample_bytree": 0.0, "log10_eta": -4.0, "log10_lambda": 0.9817729620684628, "log10_min_child_weight": 3.164984931903458, "log10_subsample": -0.8747988053027875, "max_depth": 9.0, "num_boost_round": 13.0}, "datetime": {"datetime": "2024-01-19 02:01:25", "elapsed": 6579.068106, "delta": 0.005808}}
{"target": -17.67717588039846, "params": {"gamma": 990.1437456254896, "log10_alpha": -5.0, "log10_colsample_bytree": 0.0, "log10_eta": -4.0, "log10_lambda": 0.9817729620684628, "log10_min_child_weight": 3.164984931903458, "log10_subsample": -0.8747988053027875, "max_depth": 9.0, "num_boost_round": 14.0}, "datetime": {"datetime": "2024-01-19 02:01:25", "elapsed": 6579.073934, "delta": 0.005828}}
{"target": -17.677173234246673, "params": {"gamma": 990.1437456254896, "log10_alpha": -5.0, "log10_colsample_bytree": 0.0, "log10_eta": -4.0, "log10_lambda": 0.9817729620684628, "log10_min_child_weight": 3.164984931903458, "log10_subsample": -0.8747988053027875, "max_depth": 9.0, "num_boost_round": 15.0}, "datetime": {"datetime": "2024-01-19 02:01:25", "elapsed": 6579.079735, "delta": 0.005801}}
{"target": -17.677170217449035, "params": {"gamma": 990.1437456254896, "log10_alpha": -5.0, "log10_colsample_bytree": 0.0, "log10_eta": -4.0, "log10_lambda": 0.9817729620684628, "log10_min_child_weight": 3.164984931903458, "log10_subsample": -0.8747988053027875, "max_depth": 9.0, "num_boost_round": 16.0}, "datetime": {"datetime": "2024-01-19 02:01:25", "elapsed": 6579.085597, "delta": 0.005862}}
{"target": -17.67716712372213, "params": {"gamma": 990.1437456254896, "log10_alpha": -5.0, "log10_colsample_bytree": 0.0, "log10_eta": -4.0, "log10_lambda": 0.9817729620684628, "log10_min_child_weight": 3.164984931903458, "log10_subsample": -0.8747988053027875, "max_depth": 9.0, "num_boost_round": 17.0}, "datetime": {"datetime": "2024-01-19 02:01:25", "elapsed": 6579.091618, "delta": 0.006021}}
{"target": -17.677161316214153, "params": {"gamma": 990.1437456254896, "log10_alpha": -5.0, "log10_colsample_bytree": 0.0, "log10_eta": -4.0, "log10_lambda": 0.9817729620684628, "log10_min_child_weight": 3.164984931903458, "log10_subsample": -0.8747988053027875, "max_depth": 9.0, "num_boost_round": 18.0}, "datetime": {"datetime": "2024-01-19 02:01:25", "elapsed": 6579.097568, "delta": 0.00595}}
{"target": -17.677152410027738, "params": {"gamma": 990.1437456254896, "log10_alpha": -5.0, "log10_colsample_bytree": 0.0, "log10_eta": -4.0, "log10_lambda": 0.9817729620684628, "log10_min_child_weight": 3.164984931903458, "log10_subsample": -0.8747988053027875, "max_depth": 9.0, "num_boost_round": 19.0}, "datetime": {"datetime": "2024-01-19 02:01:25", "elapsed": 6579.103663, "delta": 0.006095}}
{"target": -17.677148507204343, "params": {"gamma": 990.1437456254896, "log10_alpha": -5.0, "log10_colsample_bytree": 0.0, "log10_eta": -4.0, "log10_lambda": 0.9817729620684628, "log10_min_child_weight": 3.164984931903458, "log10_subsample": -0.8747988053027875, "max_depth": 9.0, "num_boost_round": 20.0}, "datetime": {"datetime": "2024-01-19 02:01:25", "elapsed": 6579.109787, "delta": 0.006124}}
{"target": -17.677146215827207, "params": {"gamma": 990.1437456254896, "log10_alpha": -5.0, "log10_colsample_bytree": 0.0, "log10_eta": -4.0, "log10_lambda": 0.9817729620684628, "log10_min_child_weight": 3.164984931903458, "log10_subsample": -0.8747988053027875, "max_depth": 9.0, "num_boost_round": 21.0}, "datetime": {"datetime": "2024-01-19 02:01:25", "elapsed": 6579.116223, "delta": 0.006436}}
{"target": -17.67714243281413, "params": {"gamma": 990.1437456254896, "log10_alpha": -5.0, "log10_colsample_bytree": 0.0, "log10_eta": -4.0, "log10_lambda": 0.9817729620684628, "log10_min_child_weight": 3.164984931903458, "log10_subsample": -0.8747988053027875, "max_depth": 9.0, "num_boost_round": 22.0}, "datetime": {"datetime": "2024-01-19 02:01:25", "elapsed": 6579.207329, "delta": 0.091106}}
{"target": -17.67714279180358, "params": {"gamma": 990.1437456254896, "log10_alpha": -5.0, "log10_colsample_bytree": 0.0, "log10_eta": -4.0, "log10_lambda": 0.9817729620684628, "log10_min_child_weight": 3.164984931903458, "log10_subsample": -0.8747988053027875, "max_depth": 9.0, "num_boost_round": 23.0}, "datetime": {"datetime": "2024-01-19 02:01:25", "elapsed": 6579.215538, "delta": 0.008209}}
{"target": -17.677140744968423, "params": {"gamma": 990.1437456254896, "log10_alpha": -5.0, "log10_colsample_bytree": 0.0, "log10_eta": -4.0, "log10_lambda": 0.9817729620684628, "log10_min_child_weight": 3.164984931903458, "log10_subsample": -0.8747988053027875, "max_depth": 9.0, "num_boost_round": 24.0}, "datetime": {"datetime": "2024-01-19 02:01:25", "elapsed": 6579.222357, "delta": 0.006819}}
{"target": -17.677138709832985, "params": {"gamma": 990.1437456254896, "log10_alpha": -5.0, "log10_colsample_bytree": 0.0, "log10_eta": -4.0, "log10_lambda": 0.9817729620684628, "log10_min_child_weight": 3.164984931903458, "log10_subsample": -0.8747988053027875, "max_depth": 9.0, "num_boost_round": 25.0}, "datetime": {"datetime": "2024-01-19 02:01:25", "elapsed": 6579.229284, "delta": 0.006927}}
{"target": -17.677134874174737, "params": {"gamma": 990.1437456254896, "log10_alpha": -5.0, "log10_colsample_bytree": 0.0, "log10_eta": -4.0, "log10_lambda": 0.9817729620684628, "log10_min_child_weight": 3.164984931903458, "log10_subsample": -0.8747988053027875, "max_depth": 9.0, "num_boost_round": 26.0}, "datetime": {"datetime": "2024-01-19 02:01:25", "elapsed": 6579.235883, "delta": 0.006599}}
{"target": -17.677135679217304, "params": {"gamma": 990.1437456254896, "log10_alpha": -5.0, "log10_colsample_bytree": 0.0, "log10_eta": -4.0, "log10_lambda": 0.9817729620684628, "log10_min_child_weight": 3.164984931903458, "log10_subsample": -0.8747988053027875, "max_depth": 9.0, "num_boost_round": 27.0}, "datetime": {"datetime": "2024-01-19 02:01:25", "elapsed": 6579.242474, "delta": 0.006591}}
{"target": -17.677131817684927, "params": {"gamma": 990.1437456254896, "log10_alpha": -5.0, "log10_colsample_bytree": 0.0, "log10_eta": -4.0, "log10_lambda": 0.9817729620684628, "log10_min_child_weight": 3.164984931903458, "log10_subsample": -0.8747988053027875, "max_depth": 9.0, "num_boost_round": 28.0}, "datetime": {"datetime": "2024-01-19 02:01:25", "elapsed": 6579.249399, "delta": 0.006925}}
{"target": -17.67713089101848, "params": {"gamma": 990.1437456254896, "log10_alpha": -5.0, "log10_colsample_bytree": 0.0, "log10_eta": -4.0, "log10_lambda": 0.9817729620684628, "log10_min_child_weight": 3.164984931903458, "log10_subsample": -0.8747988053027875, "max_depth": 9.0, "num_boost_round": 29.0}, "datetime": {"datetime": "2024-01-19 02:01:25", "elapsed": 6579.256003, "delta": 0.006604}}
{"target": -17.6771308504139, "params": {"gamma": 990.1437456254896, "log10_alpha": -5.0, "log10_colsample_bytree": 0.0, "log10_eta": -4.0, "log10_lambda": 0.9817729620684628, "log10_min_child_weight": 3.164984931903458, "log10_subsample": -0.8747988053027875, "max_depth": 9.0, "num_boost_round": 30.0}, "datetime": {"datetime": "2024-01-19 02:01:25", "elapsed": 6579.262643, "delta": 0.00664}}
{"target": -17.677127525735962, "params": {"gamma": 990.1437456254896, "log10_alpha": -5.0, "log10_colsample_bytree": 0.0, "log10_eta": -4.0, "log10_lambda": 0.9817729620684628, "log10_min_child_weight": 3.164984931903458, "log10_subsample": -0.8747988053027875, "max_depth": 9.0, "num_boost_round": 31.0}, "datetime": {"datetime": "2024-01-19 02:01:25", "elapsed": 6579.269356, "delta": 0.006713}}
