{"target": -17.69947770196027, "params": {"gamma": 852.4493922865681, "log10_alpha": -4.6626842035835825, "log10_colsample_bytree": -0.2784162033937987, "log10_eta": -1.4917828407534888, "log10_lambda": 0.9198182279588707, "log10_min_child_weight": 3.805778245036293, "log10_subsample": -0.031396267149954915, "max_depth": 5.0, "num_boost_round": 38.0}, "datetime": {"datetime": "2024-01-19 01:34:51", "elapsed": 4971.651858, "delta": 0.005611}}
{"target": -17.700391064304874, "params": {"gamma": 852.4493922865681, "log10_alpha": -4.6626842035835825, "log10_colsample_bytree": -0.2784162033937987, "log10_eta": -1.4917828407534888, "log10_lambda": 0.9198182279588707, "log10_min_child_weight": 3.805778245036293, "log10_subsample": -0.031396267149954915, "max_depth": 5.0, "num_boost_round": 39.0}, "datetime": {"datetime": "2024-01-19 01:34:51", "elapsed": 4971.657388, "delta": 0.00553}}
{"target": -17.701784983069782, "params": {"gamma": 852.4493922865681, "log10_alpha": -4.6626842035835825, "log10_colsample_bytree": -0.2784162033937987, "log10_eta": -1.4917828407534888, "log10_lambda": 0.9198182279588707, "log10_min_child_weight": 3.805778245036293, "log10_subsample": -0.031396267149954915, "max_depth": 5.0, "num_boost_round": 40.0}, "datetime": {"datetime": "2024-01-19 01:34:51", "elapsed": 4971.662784, "delta": 0.005396}}
{"target": -17.702475543650717, "params": {"gamma": 852.4493922865681, "log10_alpha": -4.6626842035835825, "log10_colsample_bytree": -0.2784162033937987, "log10_eta": -1.4917828407534888, "log10_lambda": 0.9198182279588707, "log10_min_child_weight": 3.805778245036293, "log10_subsample": -0.031396267149954915, "max_depth": 5.0, "num_boost_round": 41.0}, "datetime": {"datetime": "2024-01-19 01:34:51", "elapsed": 4971.668249, "delta": 0.005465}}
{"target": -17.70347500504913, "params": {"gamma": 852.4493922865681, "log10_alpha": -4.6626842035835825, "log10_colsample_bytree": -0.2784162033937987, "log10_eta": -1.4917828407534888, "log10_lambda": 0.9198182279588707, "log10_min_child_weight": 3.805778245036293, "log10_subsample": -0.031396267149954915, "max_depth": 5.0, "num_boost_round": 42.0}, "datetime": {"datetime": "2024-01-19 01:34:51", "elapsed": 4971.674212, "delta": 0.005963}}
{"target": -17.70517387088667, "params": {"gamma": 852.4493922865681, "log10_alpha": -4.6626842035835825, "log10_colsample_bytree": -0.2784162033937987, "log10_eta": -1.4917828407534888, "log10_lambda": 0.9198182279588707, "log10_min_child_weight": 3.805778245036293, "log10_subsample": -0.031396267149954915, "max_depth": 5.0, "num_boost_round": 43.0}, "datetime": {"datetime": "2024-01-19 01:34:51", "elapsed": 4971.810596, "delta": 0.136384}}
{"target": -17.677231187855984, "params": {"gamma": 860.4292724344452, "log10_alpha": -1.3583443848215762, "log10_colsample_bytree": -0.7517175650095681, "log10_eta": -3.9792221524175693, "log10_lambda": -2.1850215313733172, "log10_min_child_weight": 0.9910664626065729, "log10_subsample": -0.20403696285837725, "max_depth": 7.0, "num_boost_round": 0.0}, "datetime": {"datetime": "2024-01-19 01:36:38", "elapsed": 5079.502651, "delta": 107.692055}}
{"target": -17.677221811984126, "params": {"gamma": 860.4292724344452, "log10_alpha": -1.3583443848215762, "log10_colsample_bytree": -0.7517175650095681, "log10_eta": -3.9792221524175693, "log10_lambda": -2.1850215313733172, "log10_min_child_weight": 0.9910664626065729, "log10_subsample": -0.20403696285837725, "max_depth": 7.0, "num_boost_round": 1.0}, "datetime": {"datetime": "2024-01-19 01:36:38", "elapsed": 5079.508528, "delta": 0.005877}}
{"target": -17.67721146879297, "params": {"gamma": 860.4292724344452, "log10_alpha": -1.3583443848215762, "log10_colsample_bytree": -0.7517175650095681, "log10_eta": -3.9792221524175693, "log10_lambda": -2.1850215313733172, "log10_min_child_weight": 0.9910664626065729, "log10_subsample": -0.20403696285837725, "max_depth": 7.0, "num_boost_round": 2.0}, "datetime": {"datetime": "2024-01-19 01:36:38", "elapsed": 5079.513899, "delta": 0.005371}}
{"target": -17.677202596388653, "params": {"gamma": 860.4292724344452, "log10_alpha": -1.3583443848215762, "log10_colsample_bytree": -0.7517175650095681, "log10_eta": -3.9792221524175693, "log10_lambda": -2.1850215313733172, "log10_min_child_weight": 0.9910664626065729, "log10_subsample": -0.20403696285837725, "max_depth": 7.0, "num_boost_round": 3.0}, "datetime": {"datetime": "2024-01-19 01:36:38", "elapsed": 5079.518954, "delta": 0.005055}}
{"target": -17.677195283445048, "params": {"gamma": 860.4292724344452, "log10_alpha": -1.3583443848215762, "log10_colsample_bytree": -0.7517175650095681, "log10_eta": -3.9792221524175693, "log10_lambda": -2.1850215313733172, "log10_min_child_weight": 0.9910664626065729, "log10_subsample": -0.20403696285837725, "max_depth": 7.0, "num_boost_round": 4.0}, "datetime": {"datetime": "2024-01-19 01:36:38", "elapsed": 5079.524302, "delta": 0.005348}}
{"target": -17.677190890901727, "params": {"gamma": 860.4292724344452, "log10_alpha": -1.3583443848215762, "log10_colsample_bytree": -0.7517175650095681, "log10_eta": -3.9792221524175693, "log10_lambda": -2.1850215313733172, "log10_min_child_weight": 0.9910664626065729, "log10_subsample": -0.20403696285837725, "max_depth": 7.0, "num_boost_round": 5.0}, "datetime": {"datetime": "2024-01-19 01:36:38", "elapsed": 5079.529356, "delta": 0.005054}}
{"target": -17.67718471046595, "params": {"gamma": 860.4292724344452, "log10_alpha": -1.3583443848215762, "log10_colsample_bytree": -0.7517175650095681, "log10_eta": -3.9792221524175693, "log10_lambda": -2.1850215313733172, "log10_min_child_weight": 0.9910664626065729, "log10_subsample": -0.20403696285837725, "max_depth": 7.0, "num_boost_round": 6.0}, "datetime": {"datetime": "2024-01-19 01:36:38", "elapsed": 5079.534664, "delta": 0.005308}}
{"target": -17.677178508127827, "params": {"gamma": 860.4292724344452, "log10_alpha": -1.3583443848215762, "log10_colsample_bytree": -0.7517175650095681, "log10_eta": -3.9792221524175693, "log10_lambda": -2.1850215313733172, "log10_min_child_weight": 0.9910664626065729, "log10_subsample": -0.20403696285837725, "max_depth": 7.0, "num_boost_round": 7.0}, "datetime": {"datetime": "2024-01-19 01:36:38", "elapsed": 5079.539693, "delta": 0.005029}}
{"target": -17.677180617852425, "params": {"gamma": 860.4292724344452, "log10_alpha": -1.3583443848215762, "log10_colsample_bytree": -0.7517175650095681, "log10_eta": -3.9792221524175693, "log10_lambda": -2.1850215313733172, "log10_min_child_weight": 0.9910664626065729, "log10_subsample": -0.20403696285837725, "max_depth": 7.0, "num_boost_round": 8.0}, "datetime": {"datetime": "2024-01-19 01:36:38", "elapsed": 5079.544835, "delta": 0.005142}}
{"target": -17.677178486339706, "params": {"gamma": 860.4292724344452, "log10_alpha": -1.3583443848215762, "log10_colsample_bytree": -0.7517175650095681, "log10_eta": -3.9792221524175693, "log10_lambda": -2.1850215313733172, "log10_min_child_weight": 0.9910664626065729, "log10_subsample": -0.20403696285837725, "max_depth": 7.0, "num_boost_round": 9.0}, "datetime": {"datetime": "2024-01-19 01:36:38", "elapsed": 5079.54985, "delta": 0.005015}}
{"target": -17.67716616315486, "params": {"gamma": 860.4292724344452, "log10_alpha": -1.3583443848215762, "log10_colsample_bytree": -0.7517175650095681, "log10_eta": -3.9792221524175693, "log10_lambda": -2.1850215313733172, "log10_min_child_weight": 0.9910664626065729, "log10_subsample": -0.20403696285837725, "max_depth": 7.0, "num_boost_round": 10.0}, "datetime": {"datetime": "2024-01-19 01:36:38", "elapsed": 5079.555104, "delta": 0.005254}}
{"target": -17.677166893534487, "params": {"gamma": 860.4292724344452, "log10_alpha": -1.3583443848215762, "log10_colsample_bytree": -0.7517175650095681, "log10_eta": -3.9792221524175693, "log10_lambda": -2.1850215313733172, "log10_min_child_weight": 0.9910664626065729, "log10_subsample": -0.20403696285837725, "max_depth": 7.0, "num_boost_round": 11.0}, "datetime": {"datetime": "2024-01-19 01:36:38", "elapsed": 5079.560263, "delta": 0.005159}}
{"target": -17.677157428264454, "params": {"gamma": 860.4292724344452, "log10_alpha": -1.3583443848215762, "log10_colsample_bytree": -0.7517175650095681, "log10_eta": -3.9792221524175693, "log10_lambda": -2.1850215313733172, "log10_min_child_weight": 0.9910664626065729, "log10_subsample": -0.20403696285837725, "max_depth": 7.0, "num_boost_round": 12.0}, "datetime": {"datetime": "2024-01-19 01:36:38", "elapsed": 5079.565305, "delta": 0.005042}}
{"target": -17.677145518300055, "params": {"gamma": 860.4292724344452, "log10_alpha": -1.3583443848215762, "log10_colsample_bytree": -0.7517175650095681, "log10_eta": -3.9792221524175693, "log10_lambda": -2.1850215313733172, "log10_min_child_weight": 0.9910664626065729, "log10_subsample": -0.20403696285837725, "max_depth": 7.0, "num_boost_round": 13.0}, "datetime": {"datetime": "2024-01-19 01:36:38", "elapsed": 5079.57031, "delta": 0.005005}}
{"target": -17.67714996974164, "params": {"gamma": 860.4292724344452, "log10_alpha": -1.3583443848215762, "log10_colsample_bytree": -0.7517175650095681, "log10_eta": -3.9792221524175693, "log10_lambda": -2.1850215313733172, "log10_min_child_weight": 0.9910664626065729, "log10_subsample": -0.20403696285837725, "max_depth": 7.0, "num_boost_round": 14.0}, "datetime": {"datetime": "2024-01-19 01:36:38", "elapsed": 5079.575556, "delta": 0.005246}}
{"target": -17.677147190094242, "params": {"gamma": 860.4292724344452, "log10_alpha": -1.3583443848215762, "log10_colsample_bytree": -0.7517175650095681, "log10_eta": -3.9792221524175693, "log10_lambda": -2.1850215313733172, "log10_min_child_weight": 0.9910664626065729, "log10_subsample": -0.20403696285837725, "max_depth": 7.0, "num_boost_round": 15.0}, "datetime": {"datetime": "2024-01-19 01:36:38", "elapsed": 5079.580908, "delta": 0.005352}}
{"target": -17.677142876936287, "params": {"gamma": 860.4292724344452, "log10_alpha": -1.3583443848215762, "log10_colsample_bytree": -0.7517175650095681, "log10_eta": -3.9792221524175693, "log10_lambda": -2.1850215313733172, "log10_min_child_weight": 0.9910664626065729, "log10_subsample": -0.20403696285837725, "max_depth": 7.0, "num_boost_round": 16.0}, "datetime": {"datetime": "2024-01-19 01:36:38", "elapsed": 5079.585986, "delta": 0.005078}}
{"target": -17.677135347747505, "params": {"gamma": 860.4292724344452, "log10_alpha": -1.3583443848215762, "log10_colsample_bytree": -0.7517175650095681, "log10_eta": -3.9792221524175693, "log10_lambda": -2.1850215313733172, "log10_min_child_weight": 0.9910664626065729, "log10_subsample": -0.20403696285837725, "max_depth": 7.0, "num_boost_round": 17.0}, "datetime": {"datetime": "2024-01-19 01:36:38", "elapsed": 5079.591163, "delta": 0.005177}}
{"target": -17.67713666049491, "params": {"gamma": 860.4292724344452, "log10_alpha": -1.3583443848215762, "log10_colsample_bytree": -0.7517175650095681, "log10_eta": -3.9792221524175693, "log10_lambda": -2.1850215313733172, "log10_min_child_weight": 0.9910664626065729, "log10_subsample": -0.20403696285837725, "max_depth": 7.0, "num_boost_round": 18.0}, "datetime": {"datetime": "2024-01-19 01:36:38", "elapsed": 5079.596396, "delta": 0.005233}}
{"target": -17.677133047168663, "params": {"gamma": 860.4292724344452, "log10_alpha": -1.3583443848215762, "log10_colsample_bytree": -0.7517175650095681, "log10_eta": -3.9792221524175693, "log10_lambda": -2.1850215313733172, "log10_min_child_weight": 0.9910664626065729, "log10_subsample": -0.20403696285837725, "max_depth": 7.0, "num_boost_round": 19.0}, "datetime": {"datetime": "2024-01-19 01:36:38", "elapsed": 5079.601446, "delta": 0.00505}}
{"target": -17.67712751450012, "params": {"gamma": 860.4292724344452, "log10_alpha": -1.3583443848215762, "log10_colsample_bytree": -0.7517175650095681, "log10_eta": -3.9792221524175693, "log10_lambda": -2.1850215313733172, "log10_min_child_weight": 0.9910664626065729, "log10_subsample": -0.20403696285837725, "max_depth": 7.0, "num_boost_round": 20.0}, "datetime": {"datetime": "2024-01-19 01:36:38", "elapsed": 5079.606512, "delta": 0.005066}}
{"target": -17.67712251983399, "params": {"gamma": 860.4292724344452, "log10_alpha": -1.3583443848215762, "log10_colsample_bytree": -0.7517175650095681, "log10_eta": -3.9792221524175693, "log10_lambda": -2.1850215313733172, "log10_min_child_weight": 0.9910664626065729, "log10_subsample": -0.20403696285837725, "max_depth": 7.0, "num_boost_round": 21.0}, "datetime": {"datetime": "2024-01-19 01:36:38", "elapsed": 5079.611606, "delta": 0.005094}}
{"target": -17.677114282391788, "params": {"gamma": 860.4292724344452, "log10_alpha": -1.3583443848215762, "log10_colsample_bytree": -0.7517175650095681, "log10_eta": -3.9792221524175693, "log10_lambda": -2.1850215313733172, "log10_min_child_weight": 0.9910664626065729, "log10_subsample": -0.20403696285837725, "max_depth": 7.0, "num_boost_round": 22.0}, "datetime": {"datetime": "2024-01-19 01:36:38", "elapsed": 5079.616907, "delta": 0.005301}}
{"target": -17.677107195568063, "params": {"gamma": 860.4292724344452, "log10_alpha": -1.3583443848215762, "log10_colsample_bytree": -0.7517175650095681, "log10_eta": -3.9792221524175693, "log10_lambda": -2.1850215313733172, "log10_min_child_weight": 0.9910664626065729, "log10_subsample": -0.20403696285837725, "max_depth": 7.0, "num_boost_round": 23.0}, "datetime": {"datetime": "2024-01-19 01:36:38", "elapsed": 5079.621948, "delta": 0.005041}}
{"target": -17.67710679334857, "params": {"gamma": 860.4292724344452, "log10_alpha": -1.3583443848215762, "log10_colsample_bytree": -0.7517175650095681, "log10_eta": -3.9792221524175693, "log10_lambda": -2.1850215313733172, "log10_min_child_weight": 0.9910664626065729, "log10_subsample": -0.20403696285837725, "max_depth": 7.0, "num_boost_round": 24.0}, "datetime": {"datetime": "2024-01-19 01:36:38", "elapsed": 5079.626738, "delta": 0.00479}}
{"target": -17.67710079650365, "params": {"gamma": 860.4292724344452, "log10_alpha": -1.3583443848215762, "log10_colsample_bytree": -0.7517175650095681, "log10_eta": -3.9792221524175693, "log10_lambda": -2.1850215313733172, "log10_min_child_weight": 0.9910664626065729, "log10_subsample": -0.20403696285837725, "max_depth": 7.0, "num_boost_round": 25.0}, "datetime": {"datetime": "2024-01-19 01:36:38", "elapsed": 5079.631658, "delta": 0.00492}}
{"target": -17.677230529977706, "params": {"gamma": 888.3924846862327, "log10_alpha": 0.6663372760141533, "log10_colsample_bytree": -0.9485118587018602, "log10_eta": -3.6747985367821134, "log10_lambda": -2.159070520790088, "log10_min_child_weight": 4.845208354473273, "log10_subsample": -0.3293394079707813, "max_depth": 2.0, "num_boost_round": 0.0}, "datetime": {"datetime": "2024-01-19 01:37:33", "elapsed": 5134.362443, "delta": 54.730785}}
{"target": -17.677228010126516, "params": {"gamma": 888.3924846862327, "log10_alpha": 0.6663372760141533, "log10_colsample_bytree": -0.9485118587018602, "log10_eta": -3.6747985367821134, "log10_lambda": -2.159070520790088, "log10_min_child_weight": 4.845208354473273, "log10_subsample": -0.3293394079707813, "max_depth": 2.0, "num_boost_round": 1.0}, "datetime": {"datetime": "2024-01-19 01:37:33", "elapsed": 5134.368648, "delta": 0.006205}}
{"target": -17.67722876590848, "params": {"gamma": 888.3924846862327, "log10_alpha": 0.6663372760141533, "log10_colsample_bytree": -0.9485118587018602, "log10_eta": -3.6747985367821134, "log10_lambda": -2.159070520790088, "log10_min_child_weight": 4.845208354473273, "log10_subsample": -0.3293394079707813, "max_depth": 2.0, "num_boost_round": 2.0}, "datetime": {"datetime": "2024-01-19 01:37:33", "elapsed": 5134.373824, "delta": 0.005176}}
{"target": -17.677227581782642, "params": {"gamma": 888.3924846862327, "log10_alpha": 0.6663372760141533, "log10_colsample_bytree": -0.9485118587018602, "log10_eta": -3.6747985367821134, "log10_lambda": -2.159070520790088, "log10_min_child_weight": 4.845208354473273, "log10_subsample": -0.3293394079707813, "max_depth": 2.0, "num_boost_round": 3.0}, "datetime": {"datetime": "2024-01-19 01:37:33", "elapsed": 5134.379121, "delta": 0.005297}}
{"target": -17.677225126363066, "params": {"gamma": 888.3924846862327, "log10_alpha": 0.6663372760141533, "log10_colsample_bytree": -0.9485118587018602, "log10_eta": -3.6747985367821134, "log10_lambda": -2.159070520790088, "log10_min_child_weight": 4.845208354473273, "log10_subsample": -0.3293394079707813, "max_depth": 2.0, "num_boost_round": 4.0}, "datetime": {"datetime": "2024-01-19 01:37:33", "elapsed": 5134.384244, "delta": 0.005123}}
{"target": -17.677224772289165, "params": {"gamma": 888.3924846862327, "log10_alpha": 0.6663372760141533, "log10_colsample_bytree": -0.9485118587018602, "log10_eta": -3.6747985367821134, "log10_lambda": -2.159070520790088, "log10_min_child_weight": 4.845208354473273, "log10_subsample": -0.3293394079707813, "max_depth": 2.0, "num_boost_round": 5.0}, "datetime": {"datetime": "2024-01-19 01:37:33", "elapsed": 5134.389281, "delta": 0.005037}}
{"target": -17.67722355252501, "params": {"gamma": 888.3924846862327, "log10_alpha": 0.6663372760141533, "log10_colsample_bytree": -0.9485118587018602, "log10_eta": -3.6747985367821134, "log10_lambda": -2.159070520790088, "log10_min_child_weight": 4.845208354473273, "log10_subsample": -0.3293394079707813, "max_depth": 2.0, "num_boost_round": 6.0}, "datetime": {"datetime": "2024-01-19 01:37:33", "elapsed": 5134.394441, "delta": 0.00516}}
{"target": -17.67722109050062, "params": {"gamma": 888.3924846862327, "log10_alpha": 0.6663372760141533, "log10_colsample_bytree": -0.9485118587018602, "log10_eta": -3.6747985367821134, "log10_lambda": -2.159070520790088, "log10_min_child_weight": 4.845208354473273, "log10_subsample": -0.3293394079707813, "max_depth": 2.0, "num_boost_round": 7.0}, "datetime": {"datetime": "2024-01-19 01:37:33", "elapsed": 5134.399586, "delta": 0.005145}}
{"target": -17.67722166689851, "params": {"gamma": 888.3924846862327, "log10_alpha": 0.6663372760141533, "log10_colsample_bytree": -0.9485118587018602, "log10_eta": -3.6747985367821134, "log10_lambda": -2.159070520790088, "log10_min_child_weight": 4.845208354473273, "log10_subsample": -0.3293394079707813, "max_depth": 2.0, "num_boost_round": 8.0}, "datetime": {"datetime": "2024-01-19 01:37:33", "elapsed": 5134.404792, "delta": 0.005206}}
{"target": -17.67722148671084, "params": {"gamma": 888.3924846862327, "log10_alpha": 0.6663372760141533, "log10_colsample_bytree": -0.9485118587018602, "log10_eta": -3.6747985367821134, "log10_lambda": -2.159070520790088, "log10_min_child_weight": 4.845208354473273, "log10_subsample": -0.3293394079707813, "max_depth": 2.0, "num_boost_round": 9.0}, "datetime": {"datetime": "2024-01-19 01:37:33", "elapsed": 5134.409914, "delta": 0.005122}}
{"target": -17.677222901094122, "params": {"gamma": 888.3924846862327, "log10_alpha": 0.6663372760141533, "log10_colsample_bytree": -0.9485118587018602, "log10_eta": -3.6747985367821134, "log10_lambda": -2.159070520790088, "log10_min_child_weight": 4.845208354473273, "log10_subsample": -0.3293394079707813, "max_depth": 2.0, "num_boost_round": 10.0}, "datetime": {"datetime": "2024-01-19 01:37:33", "elapsed": 5134.414941, "delta": 0.005027}}
{"target": -17.67722067646787, "params": {"gamma": 888.3924846862327, "log10_alpha": 0.6663372760141533, "log10_colsample_bytree": -0.9485118587018602, "log10_eta": -3.6747985367821134, "log10_lambda": -2.159070520790088, "log10_min_child_weight": 4.845208354473273, "log10_subsample": -0.3293394079707813, "max_depth": 2.0, "num_boost_round": 11.0}, "datetime": {"datetime": "2024-01-19 01:37:33", "elapsed": 5134.419966, "delta": 0.005025}}
{"target": -17.677218270909055, "params": {"gamma": 888.3924846862327, "log10_alpha": 0.6663372760141533, "log10_colsample_bytree": -0.9485118587018602, "log10_eta": -3.6747985367821134, "log10_lambda": -2.159070520790088, "log10_min_child_weight": 4.845208354473273, "log10_subsample": -0.3293394079707813, "max_depth": 2.0, "num_boost_round": 12.0}, "datetime": {"datetime": "2024-01-19 01:37:33", "elapsed": 5134.425297, "delta": 0.005331}}
{"target": -17.67721626821653, "params": {"gamma": 888.3924846862327, "log10_alpha": 0.6663372760141533, "log10_colsample_bytree": -0.9485118587018602, "log10_eta": -3.6747985367821134, "log10_lambda": -2.159070520790088, "log10_min_child_weight": 4.845208354473273, "log10_subsample": -0.3293394079707813, "max_depth": 2.0, "num_boost_round": 13.0}, "datetime": {"datetime": "2024-01-19 01:37:33", "elapsed": 5134.430338, "delta": 0.005041}}
{"target": -17.67721633727649, "params": {"gamma": 888.3924846862327, "log10_alpha": 0.6663372760141533, "log10_colsample_bytree": -0.9485118587018602, "log10_eta": -3.6747985367821134, "log10_lambda": -2.159070520790088, "log10_min_child_weight": 4.845208354473273, "log10_subsample": -0.3293394079707813, "max_depth": 2.0, "num_boost_round": 14.0}, "datetime": {"datetime": "2024-01-19 01:37:33", "elapsed": 5134.435457, "delta": 0.005119}}
{"target": -17.677214031140554, "params": {"gamma": 888.3924846862327, "log10_alpha": 0.6663372760141533, "log10_colsample_bytree": -0.9485118587018602, "log10_eta": -3.6747985367821134, "log10_lambda": -2.159070520790088, "log10_min_child_weight": 4.845208354473273, "log10_subsample": -0.3293394079707813, "max_depth": 2.0, "num_boost_round": 15.0}, "datetime": {"datetime": "2024-01-19 01:37:33", "elapsed": 5134.440649, "delta": 0.005192}}
{"target": -17.677213277220236, "params": {"gamma": 888.3924846862327, "log10_alpha": 0.6663372760141533, "log10_colsample_bytree": -0.9485118587018602, "log10_eta": -3.6747985367821134, "log10_lambda": -2.159070520790088, "log10_min_child_weight": 4.845208354473273, "log10_subsample": -0.3293394079707813, "max_depth": 2.0, "num_boost_round": 16.0}, "datetime": {"datetime": "2024-01-19 01:37:33", "elapsed": 5134.445848, "delta": 0.005199}}
