{"target": -13.758316051959165, "params": {"gamma": 10.409022262619194, "log10_alpha": -1.2623129647888764, "log10_colsample_bytree": -0.4242122226077063, "log10_eta": -2.626868512262563, "log10_lambda": -3.1733372394907557, "log10_min_child_weight": 0.6871524232863852, "log10_subsample": -0.5842474613056438, "max_depth": 5.0, "num_boost_round": 3.0}, "datetime": {"datetime": "2024-01-19 00:12:28", "elapsed": 56.511671, "delta": 0.000214}}
{"target": -13.758243010022378, "params": {"gamma": 10.409022262619194, "log10_alpha": -1.2623129647888764, "log10_colsample_bytree": -0.4242122226077063, "log10_eta": -2.626868512262563, "log10_lambda": -3.1733372394907557, "log10_min_child_weight": 0.6871524232863852, "log10_subsample": -0.5842474613056438, "max_depth": 5.0, "num_boost_round": 4.0}, "datetime": {"datetime": "2024-01-19 00:12:28", "elapsed": 56.511875, "delta": 0.000204}}
{"target": -13.758128821387658, "params": {"gamma": 10.409022262619194, "log10_alpha": -1.2623129647888764, "log10_colsample_bytree": -0.4242122226077063, "log10_eta": -2.626868512262563, "log10_lambda": -3.1733372394907557, "log10_min_child_weight": 0.6871524232863852, "log10_subsample": -0.5842474613056438, "max_depth": 5.0, "num_boost_round": 5.0}, "datetime": {"datetime": "2024-01-19 00:12:28", "elapsed": 56.512073, "delta": 0.000198}}
{"target": -13.7580836254674, "params": {"gamma": 10.409022262619194, "log10_alpha": -1.2623129647888764, "log10_colsample_bytree": -0.4242122226077063, "log10_eta": -2.626868512262563, "log10_lambda": -3.1733372394907557, "log10_min_child_weight": 0.6871524232863852, "log10_subsample": -0.5842474613056438, "max_depth": 5.0, "num_boost_round": 6.0}, "datetime": {"datetime": "2024-01-19 00:12:28", "elapsed": 56.512278, "delta": 0.000205}}
{"target": -13.758032251409855, "params": {"gamma": 10.409022262619194, "log10_alpha": -1.2623129647888764, "log10_colsample_bytree": -0.4242122226077063, "log10_eta": -2.626868512262563, "log10_lambda": -3.1733372394907557, "log10_min_child_weight": 0.6871524232863852, "log10_subsample": -0.5842474613056438, "max_depth": 5.0, "num_boost_round": 7.0}, "datetime": {"datetime": "2024-01-19 00:12:28", "elapsed": 56.512494, "delta": 0.000216}}
{"target": -13.757976487785214, "params": {"gamma": 10.409022262619194, "log10_alpha": -1.2623129647888764, "log10_colsample_bytree": -0.4242122226077063, "log10_eta": -2.626868512262563, "log10_lambda": -3.1733372394907557, "log10_min_child_weight": 0.6871524232863852, "log10_subsample": -0.5842474613056438, "max_depth": 5.0, "num_boost_round": 8.0}, "datetime": {"datetime": "2024-01-19 00:12:28", "elapsed": 56.512699, "delta": 0.000205}}
{"target": -13.757937085966512, "params": {"gamma": 10.409022262619194, "log10_alpha": -1.2623129647888764, "log10_colsample_bytree": -0.4242122226077063, "log10_eta": -2.626868512262563, "log10_lambda": -3.1733372394907557, "log10_min_child_weight": 0.6871524232863852, "log10_subsample": -0.5842474613056438, "max_depth": 5.0, "num_boost_round": 9.0}, "datetime": {"datetime": "2024-01-19 00:12:28", "elapsed": 56.512908, "delta": 0.000209}}
{"target": -13.75789204790399, "params": {"gamma": 10.409022262619194, "log10_alpha": -1.2623129647888764, "log10_colsample_bytree": -0.4242122226077063, "log10_eta": -2.626868512262563, "log10_lambda": -3.1733372394907557, "log10_min_child_weight": 0.6871524232863852, "log10_subsample": -0.5842474613056438, "max_depth": 5.0, "num_boost_round": 10.0}, "datetime": {"datetime": "2024-01-19 00:12:28", "elapsed": 56.513486, "delta": 0.000578}}
{"target": -13.75783664409805, "params": {"gamma": 10.409022262619194, "log10_alpha": -1.2623129647888764, "log10_colsample_bytree": -0.4242122226077063, "log10_eta": -2.626868512262563, "log10_lambda": -3.1733372394907557, "log10_min_child_weight": 0.6871524232863852, "log10_subsample": -0.5842474613056438, "max_depth": 5.0, "num_boost_round": 11.0}, "datetime": {"datetime": "2024-01-19 00:12:28", "elapsed": 56.513752, "delta": 0.000266}}
{"target": -13.757848343154917, "params": {"gamma": 10.409022262619194, "log10_alpha": -1.2623129647888764, "log10_colsample_bytree": -0.4242122226077063, "log10_eta": -2.626868512262563, "log10_lambda": -3.1733372394907557, "log10_min_child_weight": 0.6871524232863852, "log10_subsample": -0.5842474613056438, "max_depth": 5.0, "num_boost_round": 12.0}, "datetime": {"datetime": "2024-01-19 00:12:28", "elapsed": 56.514094, "delta": 0.000342}}
{"target": -13.75780984643932, "params": {"gamma": 10.409022262619194, "log10_alpha": -1.2623129647888764, "log10_colsample_bytree": -0.4242122226077063, "log10_eta": -2.626868512262563, "log10_lambda": -3.1733372394907557, "log10_min_child_weight": 0.6871524232863852, "log10_subsample": -0.5842474613056438, "max_depth": 5.0, "num_boost_round": 13.0}, "datetime": {"datetime": "2024-01-19 00:12:28", "elapsed": 56.51449, "delta": 0.000396}}
{"target": -13.75784459134253, "params": {"gamma": 10.409022262619194, "log10_alpha": -1.2623129647888764, "log10_colsample_bytree": -0.4242122226077063, "log10_eta": -2.626868512262563, "log10_lambda": -3.1733372394907557, "log10_min_child_weight": 0.6871524232863852, "log10_subsample": -0.5842474613056438, "max_depth": 5.0, "num_boost_round": 14.0}, "datetime": {"datetime": "2024-01-19 00:12:28", "elapsed": 56.514718, "delta": 0.000228}}
{"target": -13.757809160013911, "params": {"gamma": 10.409022262619194, "log10_alpha": -1.2623129647888764, "log10_colsample_bytree": -0.4242122226077063, "log10_eta": -2.626868512262563, "log10_lambda": -3.1733372394907557, "log10_min_child_weight": 0.6871524232863852, "log10_subsample": -0.5842474613056438, "max_depth": 5.0, "num_boost_round": 15.0}, "datetime": {"datetime": "2024-01-19 00:12:28", "elapsed": 56.51494, "delta": 0.000222}}
{"target": -13.757833806030215, "params": {"gamma": 10.409022262619194, "log10_alpha": -1.2623129647888764, "log10_colsample_bytree": -0.4242122226077063, "log10_eta": -2.626868512262563, "log10_lambda": -3.1733372394907557, "log10_min_child_weight": 0.6871524232863852, "log10_subsample": -0.5842474613056438, "max_depth": 5.0, "num_boost_round": 16.0}, "datetime": {"datetime": "2024-01-19 00:12:28", "elapsed": 56.515158, "delta": 0.000218}}
{"target": -13.75784770578054, "params": {"gamma": 10.409022262619194, "log10_alpha": -1.2623129647888764, "log10_colsample_bytree": -0.4242122226077063, "log10_eta": -2.626868512262563, "log10_lambda": -3.1733372394907557, "log10_min_child_weight": 0.6871524232863852, "log10_subsample": -0.5842474613056438, "max_depth": 5.0, "num_boost_round": 17.0}, "datetime": {"datetime": "2024-01-19 00:12:28", "elapsed": 56.515376, "delta": 0.000218}}
{"target": -13.757803953879025, "params": {"gamma": 10.409022262619194, "log10_alpha": -1.2623129647888764, "log10_colsample_bytree": -0.4242122226077063, "log10_eta": -2.626868512262563, "log10_lambda": -3.1733372394907557, "log10_min_child_weight": 0.6871524232863852, "log10_subsample": -0.5842474613056438, "max_depth": 5.0, "num_boost_round": 18.0}, "datetime": {"datetime": "2024-01-19 00:12:28", "elapsed": 56.51583, "delta": 0.000454}}
{"target": -13.75782924802488, "params": {"gamma": 10.409022262619194, "log10_alpha": -1.2623129647888764, "log10_colsample_bytree": -0.4242122226077063, "log10_eta": -2.626868512262563, "log10_lambda": -3.1733372394907557, "log10_min_child_weight": 0.6871524232863852, "log10_subsample": -0.5842474613056438, "max_depth": 5.0, "num_boost_round": 19.0}, "datetime": {"datetime": "2024-01-19 00:12:28", "elapsed": 56.516087, "delta": 0.000257}}
{"target": -13.75770971804358, "params": {"gamma": 10.409022262619194, "log10_alpha": -1.2623129647888764, "log10_colsample_bytree": -0.4242122226077063, "log10_eta": -2.626868512262563, "log10_lambda": -3.1733372394907557, "log10_min_child_weight": 0.6871524232863852, "log10_subsample": -0.5842474613056438, "max_depth": 5.0, "num_boost_round": 20.0}, "datetime": {"datetime": "2024-01-19 00:12:28", "elapsed": 56.516325, "delta": 0.000238}}
{"target": -13.757699749086932, "params": {"gamma": 10.409022262619194, "log10_alpha": -1.2623129647888764, "log10_colsample_bytree": -0.4242122226077063, "log10_eta": -2.626868512262563, "log10_lambda": -3.1733372394907557, "log10_min_child_weight": 0.6871524232863852, "log10_subsample": -0.5842474613056438, "max_depth": 5.0, "num_boost_round": 21.0}, "datetime": {"datetime": "2024-01-19 00:12:28", "elapsed": 56.516563, "delta": 0.000238}}
{"target": -13.757674031736402, "params": {"gamma": 10.409022262619194, "log10_alpha": -1.2623129647888764, "log10_colsample_bytree": -0.4242122226077063, "log10_eta": -2.626868512262563, "log10_lambda": -3.1733372394907557, "log10_min_child_weight": 0.6871524232863852, "log10_subsample": -0.5842474613056438, "max_depth": 5.0, "num_boost_round": 22.0}, "datetime": {"datetime": "2024-01-19 00:12:28", "elapsed": 56.51679, "delta": 0.000227}}
{"target": -13.758538017765567, "params": {"gamma": 14.545176622572264, "log10_alpha": -0.5630130353466862, "log10_colsample_bytree": -0.8029952234848, "log10_eta": -3.7430077611970205, "log10_lambda": -4.956263589507721, "log10_min_child_weight": 3.397853675328884, "log10_subsample": -0.5660167399930517, "max_depth": 3.0, "num_boost_round": 0.0}, "datetime": {"datetime": "2024-01-19 00:12:47", "elapsed": 75.266247, "delta": 18.749457}}
{"target": -13.75853788969004, "params": {"gamma": 14.545176622572264, "log10_alpha": -0.5630130353466862, "log10_colsample_bytree": -0.8029952234848, "log10_eta": -3.7430077611970205, "log10_lambda": -4.956263589507721, "log10_min_child_weight": 3.397853675328884, "log10_subsample": -0.5660167399930517, "max_depth": 3.0, "num_boost_round": 1.0}, "datetime": {"datetime": "2024-01-19 00:12:47", "elapsed": 75.266671, "delta": 0.000424}}
{"target": -13.758537847100685, "params": {"gamma": 14.545176622572264, "log10_alpha": -0.5630130353466862, "log10_colsample_bytree": -0.8029952234848, "log10_eta": -3.7430077611970205, "log10_lambda": -4.956263589507721, "log10_min_child_weight": 3.397853675328884, "log10_subsample": -0.5660167399930517, "max_depth": 3.0, "num_boost_round": 2.0}, "datetime": {"datetime": "2024-01-19 00:12:47", "elapsed": 75.266936, "delta": 0.000265}}
{"target": -13.758538062207196, "params": {"gamma": 14.545176622572264, "log10_alpha": -0.5630130353466862, "log10_colsample_bytree": -0.8029952234848, "log10_eta": -3.7430077611970205, "log10_lambda": -4.956263589507721, "log10_min_child_weight": 3.397853675328884, "log10_subsample": -0.5660167399930517, "max_depth": 3.0, "num_boost_round": 3.0}, "datetime": {"datetime": "2024-01-19 00:12:47", "elapsed": 75.267179, "delta": 0.000243}}
{"target": -13.75853766514404, "params": {"gamma": 14.545176622572264, "log10_alpha": -0.5630130353466862, "log10_colsample_bytree": -0.8029952234848, "log10_eta": -3.7430077611970205, "log10_lambda": -4.956263589507721, "log10_min_child_weight": 3.397853675328884, "log10_subsample": -0.5660167399930517, "max_depth": 3.0, "num_boost_round": 4.0}, "datetime": {"datetime": "2024-01-19 00:12:47", "elapsed": 75.267433, "delta": 0.000254}}
{"target": -13.758537038632362, "params": {"gamma": 14.545176622572264, "log10_alpha": -0.5630130353466862, "log10_colsample_bytree": -0.8029952234848, "log10_eta": -3.7430077611970205, "log10_lambda": -4.956263589507721, "log10_min_child_weight": 3.397853675328884, "log10_subsample": -0.5660167399930517, "max_depth": 3.0, "num_boost_round": 5.0}, "datetime": {"datetime": "2024-01-19 00:12:47", "elapsed": 75.267676, "delta": 0.000243}}
{"target": -13.758537332520087, "params": {"gamma": 14.545176622572264, "log10_alpha": -0.5630130353466862, "log10_colsample_bytree": -0.8029952234848, "log10_eta": -3.7430077611970205, "log10_lambda": -4.956263589507721, "log10_min_child_weight": 3.397853675328884, "log10_subsample": -0.5660167399930517, "max_depth": 3.0, "num_boost_round": 6.0}, "datetime": {"datetime": "2024-01-19 00:12:47", "elapsed": 75.268484, "delta": 0.000808}}
{"target": -13.758535770035195, "params": {"gamma": 14.545176622572264, "log10_alpha": -0.5630130353466862, "log10_colsample_bytree": -0.8029952234848, "log10_eta": -3.7430077611970205, "log10_lambda": -4.956263589507721, "log10_min_child_weight": 3.397853675328884, "log10_subsample": -0.5660167399930517, "max_depth": 3.0, "num_boost_round": 7.0}, "datetime": {"datetime": "2024-01-19 00:12:47", "elapsed": 75.268734, "delta": 0.00025}}
{"target": -13.758532031862877, "params": {"gamma": 14.545176622572264, "log10_alpha": -0.5630130353466862, "log10_colsample_bytree": -0.8029952234848, "log10_eta": -3.7430077611970205, "log10_lambda": -4.956263589507721, "log10_min_child_weight": 3.397853675328884, "log10_subsample": -0.5660167399930517, "max_depth": 3.0, "num_boost_round": 8.0}, "datetime": {"datetime": "2024-01-19 00:12:47", "elapsed": 75.268979, "delta": 0.000245}}
{"target": -13.758531686402376, "params": {"gamma": 14.545176622572264, "log10_alpha": -0.5630130353466862, "log10_colsample_bytree": -0.8029952234848, "log10_eta": -3.7430077611970205, "log10_lambda": -4.956263589507721, "log10_min_child_weight": 3.397853675328884, "log10_subsample": -0.5660167399930517, "max_depth": 3.0, "num_boost_round": 9.0}, "datetime": {"datetime": "2024-01-19 00:12:47", "elapsed": 75.269223, "delta": 0.000244}}
{"target": -13.7585277392051, "params": {"gamma": 14.545176622572264, "log10_alpha": -0.5630130353466862, "log10_colsample_bytree": -0.8029952234848, "log10_eta": -3.7430077611970205, "log10_lambda": -4.956263589507721, "log10_min_child_weight": 3.397853675328884, "log10_subsample": -0.5660167399930517, "max_depth": 3.0, "num_boost_round": 10.0}, "datetime": {"datetime": "2024-01-19 00:12:47", "elapsed": 75.269478, "delta": 0.000255}}
{"target": -13.758526726145284, "params": {"gamma": 14.545176622572264, "log10_alpha": -0.5630130353466862, "log10_colsample_bytree": -0.8029952234848, "log10_eta": -3.7430077611970205, "log10_lambda": -4.956263589507721, "log10_min_child_weight": 3.397853675328884, "log10_subsample": -0.5660167399930517, "max_depth": 3.0, "num_boost_round": 11.0}, "datetime": {"datetime": "2024-01-19 00:12:47", "elapsed": 75.269728, "delta": 0.00025}}
{"target": -13.758525166125136, "params": {"gamma": 14.545176622572264, "log10_alpha": -0.5630130353466862, "log10_colsample_bytree": -0.8029952234848, "log10_eta": -3.7430077611970205, "log10_lambda": -4.956263589507721, "log10_min_child_weight": 3.397853675328884, "log10_subsample": -0.5660167399930517, "max_depth": 3.0, "num_boost_round": 12.0}, "datetime": {"datetime": "2024-01-19 00:12:47", "elapsed": 75.269978, "delta": 0.00025}}
{"target": -13.758522484803638, "params": {"gamma": 14.545176622572264, "log10_alpha": -0.5630130353466862, "log10_colsample_bytree": -0.8029952234848, "log10_eta": -3.7430077611970205, "log10_lambda": -4.956263589507721, "log10_min_child_weight": 3.397853675328884, "log10_subsample": -0.5660167399930517, "max_depth": 3.0, "num_boost_round": 13.0}, "datetime": {"datetime": "2024-01-19 00:12:47", "elapsed": 75.270229, "delta": 0.000251}}
{"target": -13.758521200751035, "params": {"gamma": 14.545176622572264, "log10_alpha": -0.5630130353466862, "log10_colsample_bytree": -0.8029952234848, "log10_eta": -3.7430077611970205, "log10_lambda": -4.956263589507721, "log10_min_child_weight": 3.397853675328884, "log10_subsample": -0.5660167399930517, "max_depth": 3.0, "num_boost_round": 14.0}, "datetime": {"datetime": "2024-01-19 00:12:47", "elapsed": 75.270599, "delta": 0.00037}}
{"target": -13.758775711173865, "params": {"gamma": 10.693471769644415, "log10_alpha": 0.6852083546077843, "log10_colsample_bytree": -0.1839043754408537, "log10_eta": -1.6848745361823263, "log10_lambda": -1.8092674181795574, "log10_min_child_weight": 1.3531454194132246, "log10_subsample": -0.8798630492304079, "max_depth": 6.0, "num_boost_round": 0.0}, "datetime": {"datetime": "2024-01-19 00:13:09", "elapsed": 97.486477, "delta": 22.215878}}
{"target": -13.75748504065397, "params": {"gamma": 10.693471769644415, "log10_alpha": 0.6852083546077843, "log10_colsample_bytree": -0.1839043754408537, "log10_eta": -1.6848745361823263, "log10_lambda": -1.8092674181795574, "log10_min_child_weight": 1.3531454194132246, "log10_subsample": -0.8798630492304079, "max_depth": 6.0, "num_boost_round": 1.0}, "datetime": {"datetime": "2024-01-19 00:13:09", "elapsed": 97.487339, "delta": 0.000862}}
{"target": -13.755828863297696, "params": {"gamma": 10.693471769644415, "log10_alpha": 0.6852083546077843, "log10_colsample_bytree": -0.1839043754408537, "log10_eta": -1.6848745361823263, "log10_lambda": -1.8092674181795574, "log10_min_child_weight": 1.3531454194132246, "log10_subsample": -0.8798630492304079, "max_depth": 6.0, "num_boost_round": 2.0}, "datetime": {"datetime": "2024-01-19 00:13:09", "elapsed": 97.48764, "delta": 0.000301}}
{"target": -13.756600558113885, "params": {"gamma": 10.693471769644415, "log10_alpha": 0.6852083546077843, "log10_colsample_bytree": -0.1839043754408537, "log10_eta": -1.6848745361823263, "log10_lambda": -1.8092674181795574, "log10_min_child_weight": 1.3531454194132246, "log10_subsample": -0.8798630492304079, "max_depth": 6.0, "num_boost_round": 3.0}, "datetime": {"datetime": "2024-01-19 00:13:09", "elapsed": 97.487916, "delta": 0.000276}}
{"target": -13.756191275545515, "params": {"gamma": 10.693471769644415, "log10_alpha": 0.6852083546077843, "log10_colsample_bytree": -0.1839043754408537, "log10_eta": -1.6848745361823263, "log10_lambda": -1.8092674181795574, "log10_min_child_weight": 1.3531454194132246, "log10_subsample": -0.8798630492304079, "max_depth": 6.0, "num_boost_round": 4.0}, "datetime": {"datetime": "2024-01-19 00:13:09", "elapsed": 97.488187, "delta": 0.000271}}
{"target": -13.756097430244525, "params": {"gamma": 10.693471769644415, "log10_alpha": 0.6852083546077843, "log10_colsample_bytree": -0.1839043754408537, "log10_eta": -1.6848745361823263, "log10_lambda": -1.8092674181795574, "log10_min_child_weight": 1.3531454194132246, "log10_subsample": -0.8798630492304079, "max_depth": 6.0, "num_boost_round": 5.0}, "datetime": {"datetime": "2024-01-19 00:13:09", "elapsed": 97.488621, "delta": 0.000434}}
{"target": -13.755442128842052, "params": {"gamma": 10.693471769644415, "log10_alpha": 0.6852083546077843, "log10_colsample_bytree": -0.1839043754408537, "log10_eta": -1.6848745361823263, "log10_lambda": -1.8092674181795574, "log10_min_child_weight": 1.3531454194132246, "log10_subsample": -0.8798630492304079, "max_depth": 6.0, "num_boost_round": 6.0}, "datetime": {"datetime": "2024-01-19 00:13:09", "elapsed": 97.489023, "delta": 0.000402}}
{"target": -13.756481286923938, "params": {"gamma": 10.693471769644415, "log10_alpha": 0.6852083546077843, "log10_colsample_bytree": -0.1839043754408537, "log10_eta": -1.6848745361823263, "log10_lambda": -1.8092674181795574, "log10_min_child_weight": 1.3531454194132246, "log10_subsample": -0.8798630492304079, "max_depth": 6.0, "num_boost_round": 7.0}, "datetime": {"datetime": "2024-01-19 00:13:09", "elapsed": 97.489384, "delta": 0.000361}}
{"target": -13.756872352111625, "params": {"gamma": 10.693471769644415, "log10_alpha": 0.6852083546077843, "log10_colsample_bytree": -0.1839043754408537, "log10_eta": -1.6848745361823263, "log10_lambda": -1.8092674181795574, "log10_min_child_weight": 1.3531454194132246, "log10_subsample": -0.8798630492304079, "max_depth": 6.0, "num_boost_round": 8.0}, "datetime": {"datetime": "2024-01-19 00:13:09", "elapsed": 97.489727, "delta": 0.000343}}
{"target": -13.756495592299036, "params": {"gamma": 10.693471769644415, "log10_alpha": 0.6852083546077843, "log10_colsample_bytree": -0.1839043754408537, "log10_eta": -1.6848745361823263, "log10_lambda": -1.8092674181795574, "log10_min_child_weight": 1.3531454194132246, "log10_subsample": -0.8798630492304079, "max_depth": 6.0, "num_boost_round": 9.0}, "datetime": {"datetime": "2024-01-19 00:13:09", "elapsed": 97.490052, "delta": 0.000325}}
{"target": -13.75685081938068, "params": {"gamma": 10.693471769644415, "log10_alpha": 0.6852083546077843, "log10_colsample_bytree": -0.1839043754408537, "log10_eta": -1.6848745361823263, "log10_lambda": -1.8092674181795574, "log10_min_child_weight": 1.3531454194132246, "log10_subsample": -0.8798630492304079, "max_depth": 6.0, "num_boost_round": 10.0}, "datetime": {"datetime": "2024-01-19 00:13:09", "elapsed": 97.490327, "delta": 0.000275}}
{"target": -13.7570341355187, "params": {"gamma": 10.693471769644415, "log10_alpha": 0.6852083546077843, "log10_colsample_bytree": -0.1839043754408537, "log10_eta": -1.6848745361823263, "log10_lambda": -1.8092674181795574, "log10_min_child_weight": 1.3531454194132246, "log10_subsample": -0.8798630492304079, "max_depth": 6.0, "num_boost_round": 11.0}, "datetime": {"datetime": "2024-01-19 00:13:09", "elapsed": 97.490605, "delta": 0.000278}}
{"target": -13.758561981700149, "params": {"gamma": 10.693471769644415, "log10_alpha": 0.6852083546077843, "log10_colsample_bytree": -0.1839043754408537, "log10_eta": -1.6848745361823263, "log10_lambda": -1.8092674181795574, "log10_min_child_weight": 1.3531454194132246, "log10_subsample": -0.8798630492304079, "max_depth": 6.0, "num_boost_round": 12.0}, "datetime": {"datetime": "2024-01-19 00:13:09", "elapsed": 97.49088, "delta": 0.000275}}
{"target": -13.758620380821043, "params": {"gamma": 10.693471769644415, "log10_alpha": 0.6852083546077843, "log10_colsample_bytree": -0.1839043754408537, "log10_eta": -1.6848745361823263, "log10_lambda": -1.8092674181795574, "log10_min_child_weight": 1.3531454194132246, "log10_subsample": -0.8798630492304079, "max_depth": 6.0, "num_boost_round": 13.0}, "datetime": {"datetime": "2024-01-19 00:13:09", "elapsed": 97.49126, "delta": 0.00038}}
