{"target": -17.67462556563079, "params": {"gamma": 455.7020947190573, "log10_alpha": 0.5910255918134206, "log10_colsample_bytree": -0.06418810470301806, "log10_eta": -2.2782295047070913, "log10_lambda": 0.2555930958381314, "log10_min_child_weight": 3.0589297031726916, "log10_subsample": -0.775937484106106, "max_depth": 6.0, "num_boost_round": 20.0}, "datetime": {"datetime": "2024-01-19 02:01:58", "elapsed": 6622.612029, "delta": 0.004214}}
{"target": -17.67442016325961, "params": {"gamma": 455.7020947190573, "log10_alpha": 0.5910255918134206, "log10_colsample_bytree": -0.06418810470301806, "log10_eta": -2.2782295047070913, "log10_lambda": 0.2555930958381314, "log10_min_child_weight": 3.0589297031726916, "log10_subsample": -0.775937484106106, "max_depth": 6.0, "num_boost_round": 21.0}, "datetime": {"datetime": "2024-01-19 02:01:58", "elapsed": 6622.616272, "delta": 0.004243}}
{"target": -17.674308013812833, "params": {"gamma": 455.7020947190573, "log10_alpha": 0.5910255918134206, "log10_colsample_bytree": -0.06418810470301806, "log10_eta": -2.2782295047070913, "log10_lambda": 0.2555930958381314, "log10_min_child_weight": 3.0589297031726916, "log10_subsample": -0.775937484106106, "max_depth": 6.0, "num_boost_round": 22.0}, "datetime": {"datetime": "2024-01-19 02:01:58", "elapsed": 6622.620462, "delta": 0.00419}}
{"target": -17.67429223860539, "params": {"gamma": 455.7020947190573, "log10_alpha": 0.5910255918134206, "log10_colsample_bytree": -0.06418810470301806, "log10_eta": -2.2782295047070913, "log10_lambda": 0.2555930958381314, "log10_min_child_weight": 3.0589297031726916, "log10_subsample": -0.775937484106106, "max_depth": 6.0, "num_boost_round": 23.0}, "datetime": {"datetime": "2024-01-19 02:01:58", "elapsed": 6622.624657, "delta": 0.004195}}
{"target": -17.674095996892618, "params": {"gamma": 455.7020947190573, "log10_alpha": 0.5910255918134206, "log10_colsample_bytree": -0.06418810470301806, "log10_eta": -2.2782295047070913, "log10_lambda": 0.2555930958381314, "log10_min_child_weight": 3.0589297031726916, "log10_subsample": -0.775937484106106, "max_depth": 6.0, "num_boost_round": 24.0}, "datetime": {"datetime": "2024-01-19 02:01:58", "elapsed": 6622.628805, "delta": 0.004148}}
{"target": -17.67420279085438, "params": {"gamma": 455.7020947190573, "log10_alpha": 0.5910255918134206, "log10_colsample_bytree": -0.06418810470301806, "log10_eta": -2.2782295047070913, "log10_lambda": 0.2555930958381314, "log10_min_child_weight": 3.0589297031726916, "log10_subsample": -0.775937484106106, "max_depth": 6.0, "num_boost_round": 25.0}, "datetime": {"datetime": "2024-01-19 02:01:58", "elapsed": 6622.633073, "delta": 0.004268}}
{"target": -17.674262273296396, "params": {"gamma": 455.7020947190573, "log10_alpha": 0.5910255918134206, "log10_colsample_bytree": -0.06418810470301806, "log10_eta": -2.2782295047070913, "log10_lambda": 0.2555930958381314, "log10_min_child_weight": 3.0589297031726916, "log10_subsample": -0.775937484106106, "max_depth": 6.0, "num_boost_round": 26.0}, "datetime": {"datetime": "2024-01-19 02:01:58", "elapsed": 6622.637171, "delta": 0.004098}}
{"target": -17.674252059187946, "params": {"gamma": 455.7020947190573, "log10_alpha": 0.5910255918134206, "log10_colsample_bytree": -0.06418810470301806, "log10_eta": -2.2782295047070913, "log10_lambda": 0.2555930958381314, "log10_min_child_weight": 3.0589297031726916, "log10_subsample": -0.775937484106106, "max_depth": 6.0, "num_boost_round": 27.0}, "datetime": {"datetime": "2024-01-19 02:01:58", "elapsed": 6622.64127, "delta": 0.004099}}
{"target": -17.67427719722008, "params": {"gamma": 455.7020947190573, "log10_alpha": 0.5910255918134206, "log10_colsample_bytree": -0.06418810470301806, "log10_eta": -2.2782295047070913, "log10_lambda": 0.2555930958381314, "log10_min_child_weight": 3.0589297031726916, "log10_subsample": -0.775937484106106, "max_depth": 6.0, "num_boost_round": 28.0}, "datetime": {"datetime": "2024-01-19 02:01:58", "elapsed": 6622.645403, "delta": 0.004133}}
{"target": -17.674213362381415, "params": {"gamma": 455.7020947190573, "log10_alpha": 0.5910255918134206, "log10_colsample_bytree": -0.06418810470301806, "log10_eta": -2.2782295047070913, "log10_lambda": 0.2555930958381314, "log10_min_child_weight": 3.0589297031726916, "log10_subsample": -0.775937484106106, "max_depth": 6.0, "num_boost_round": 29.0}, "datetime": {"datetime": "2024-01-19 02:01:58", "elapsed": 6622.649555, "delta": 0.004152}}
{"target": -17.674239042783753, "params": {"gamma": 455.7020947190573, "log10_alpha": 0.5910255918134206, "log10_colsample_bytree": -0.06418810470301806, "log10_eta": -2.2782295047070913, "log10_lambda": 0.2555930958381314, "log10_min_child_weight": 3.0589297031726916, "log10_subsample": -0.775937484106106, "max_depth": 6.0, "num_boost_round": 30.0}, "datetime": {"datetime": "2024-01-19 02:01:58", "elapsed": 6622.653803, "delta": 0.004248}}
{"target": -17.674193995509544, "params": {"gamma": 455.7020947190573, "log10_alpha": 0.5910255918134206, "log10_colsample_bytree": -0.06418810470301806, "log10_eta": -2.2782295047070913, "log10_lambda": 0.2555930958381314, "log10_min_child_weight": 3.0589297031726916, "log10_subsample": -0.775937484106106, "max_depth": 6.0, "num_boost_round": 31.0}, "datetime": {"datetime": "2024-01-19 02:01:58", "elapsed": 6622.657997, "delta": 0.004194}}
{"target": -17.67423883081359, "params": {"gamma": 455.7020947190573, "log10_alpha": 0.5910255918134206, "log10_colsample_bytree": -0.06418810470301806, "log10_eta": -2.2782295047070913, "log10_lambda": 0.2555930958381314, "log10_min_child_weight": 3.0589297031726916, "log10_subsample": -0.775937484106106, "max_depth": 6.0, "num_boost_round": 32.0}, "datetime": {"datetime": "2024-01-19 02:01:58", "elapsed": 6622.662156, "delta": 0.004159}}
{"target": -17.67438324550912, "params": {"gamma": 455.7020947190573, "log10_alpha": 0.5910255918134206, "log10_colsample_bytree": -0.06418810470301806, "log10_eta": -2.2782295047070913, "log10_lambda": 0.2555930958381314, "log10_min_child_weight": 3.0589297031726916, "log10_subsample": -0.775937484106106, "max_depth": 6.0, "num_boost_round": 33.0}, "datetime": {"datetime": "2024-01-19 02:01:58", "elapsed": 6622.666324, "delta": 0.004168}}
{"target": -17.67418374437058, "params": {"gamma": 455.7020947190573, "log10_alpha": 0.5910255918134206, "log10_colsample_bytree": -0.06418810470301806, "log10_eta": -2.2782295047070913, "log10_lambda": 0.2555930958381314, "log10_min_child_weight": 3.0589297031726916, "log10_subsample": -0.775937484106106, "max_depth": 6.0, "num_boost_round": 34.0}, "datetime": {"datetime": "2024-01-19 02:01:58", "elapsed": 6622.6706, "delta": 0.004276}}
{"target": -17.674195121963507, "params": {"gamma": 455.7020947190573, "log10_alpha": 0.5910255918134206, "log10_colsample_bytree": -0.06418810470301806, "log10_eta": -2.2782295047070913, "log10_lambda": 0.2555930958381314, "log10_min_child_weight": 3.0589297031726916, "log10_subsample": -0.775937484106106, "max_depth": 6.0, "num_boost_round": 35.0}, "datetime": {"datetime": "2024-01-19 02:01:58", "elapsed": 6622.674856, "delta": 0.004256}}
{"target": -17.67431009774123, "params": {"gamma": 455.7020947190573, "log10_alpha": 0.5910255918134206, "log10_colsample_bytree": -0.06418810470301806, "log10_eta": -2.2782295047070913, "log10_lambda": 0.2555930958381314, "log10_min_child_weight": 3.0589297031726916, "log10_subsample": -0.775937484106106, "max_depth": 6.0, "num_boost_round": 36.0}, "datetime": {"datetime": "2024-01-19 02:01:58", "elapsed": 6622.679186, "delta": 0.00433}}
{"target": -17.674277169844274, "params": {"gamma": 455.7020947190573, "log10_alpha": 0.5910255918134206, "log10_colsample_bytree": -0.06418810470301806, "log10_eta": -2.2782295047070913, "log10_lambda": 0.2555930958381314, "log10_min_child_weight": 3.0589297031726916, "log10_subsample": -0.775937484106106, "max_depth": 6.0, "num_boost_round": 37.0}, "datetime": {"datetime": "2024-01-19 02:01:58", "elapsed": 6622.683457, "delta": 0.004271}}
{"target": -17.674188470757816, "params": {"gamma": 455.7020947190573, "log10_alpha": 0.5910255918134206, "log10_colsample_bytree": -0.06418810470301806, "log10_eta": -2.2782295047070913, "log10_lambda": 0.2555930958381314, "log10_min_child_weight": 3.0589297031726916, "log10_subsample": -0.775937484106106, "max_depth": 6.0, "num_boost_round": 38.0}, "datetime": {"datetime": "2024-01-19 02:01:58", "elapsed": 6622.687635, "delta": 0.004178}}
{"target": -17.67429599777088, "params": {"gamma": 455.7020947190573, "log10_alpha": 0.5910255918134206, "log10_colsample_bytree": -0.06418810470301806, "log10_eta": -2.2782295047070913, "log10_lambda": 0.2555930958381314, "log10_min_child_weight": 3.0589297031726916, "log10_subsample": -0.775937484106106, "max_depth": 6.0, "num_boost_round": 39.0}, "datetime": {"datetime": "2024-01-19 02:01:58", "elapsed": 6622.69179, "delta": 0.004155}}
{"target": -17.674316568916385, "params": {"gamma": 455.7020947190573, "log10_alpha": 0.5910255918134206, "log10_colsample_bytree": -0.06418810470301806, "log10_eta": -2.2782295047070913, "log10_lambda": 0.2555930958381314, "log10_min_child_weight": 3.0589297031726916, "log10_subsample": -0.775937484106106, "max_depth": 6.0, "num_boost_round": 40.0}, "datetime": {"datetime": "2024-01-19 02:01:58", "elapsed": 6622.696102, "delta": 0.004312}}
{"target": -17.6699770268163, "params": {"gamma": 456.8599058207033, "log10_alpha": -4.280155729594782, "log10_colsample_bytree": -1.0, "log10_eta": 0.0, "log10_lambda": 1.0, "log10_min_child_weight": 0.0, "log10_subsample": 0.0, "max_depth": 2.0, "num_boost_round": 0.0}, "datetime": {"datetime": "2024-01-19 02:03:17", "elapsed": 6701.930971, "delta": 79.234869}}
{"target": -17.69792331526539, "params": {"gamma": 456.8599058207033, "log10_alpha": -4.280155729594782, "log10_colsample_bytree": -1.0, "log10_eta": 0.0, "log10_lambda": 1.0, "log10_min_child_weight": 0.0, "log10_subsample": 0.0, "max_depth": 2.0, "num_boost_round": 1.0}, "datetime": {"datetime": "2024-01-19 02:03:17", "elapsed": 6701.93567, "delta": 0.004699}}
{"target": -17.738729677821123, "params": {"gamma": 456.8599058207033, "log10_alpha": -4.280155729594782, "log10_colsample_bytree": -1.0, "log10_eta": 0.0, "log10_lambda": 1.0, "log10_min_child_weight": 0.0, "log10_subsample": 0.0, "max_depth": 2.0, "num_boost_round": 2.0}, "datetime": {"datetime": "2024-01-19 02:03:17", "elapsed": 6701.939862, "delta": 0.004192}}
{"target": -17.752282879611208, "params": {"gamma": 456.8599058207033, "log10_alpha": -4.280155729594782, "log10_colsample_bytree": -1.0, "log10_eta": 0.0, "log10_lambda": 1.0, "log10_min_child_weight": 0.0, "log10_subsample": 0.0, "max_depth": 2.0, "num_boost_round": 3.0}, "datetime": {"datetime": "2024-01-19 02:03:17", "elapsed": 6701.944053, "delta": 0.004191}}
{"target": -17.770109889090364, "params": {"gamma": 456.8599058207033, "log10_alpha": -4.280155729594782, "log10_colsample_bytree": -1.0, "log10_eta": 0.0, "log10_lambda": 1.0, "log10_min_child_weight": 0.0, "log10_subsample": 0.0, "max_depth": 2.0, "num_boost_round": 4.0}, "datetime": {"datetime": "2024-01-19 02:03:17", "elapsed": 6701.948179, "delta": 0.004126}}
{"target": -17.782301909563923, "params": {"gamma": 456.8599058207033, "log10_alpha": -4.280155729594782, "log10_colsample_bytree": -1.0, "log10_eta": 0.0, "log10_lambda": 1.0, "log10_min_child_weight": 0.0, "log10_subsample": 0.0, "max_depth": 2.0, "num_boost_round": 5.0}, "datetime": {"datetime": "2024-01-19 02:03:17", "elapsed": 6701.952428, "delta": 0.004249}}
{"target": -17.7959983239567, "params": {"gamma": 456.8599058207033, "log10_alpha": -4.280155729594782, "log10_colsample_bytree": -1.0, "log10_eta": 0.0, "log10_lambda": 1.0, "log10_min_child_weight": 0.0, "log10_subsample": 0.0, "max_depth": 2.0, "num_boost_round": 6.0}, "datetime": {"datetime": "2024-01-19 02:03:17", "elapsed": 6701.957278, "delta": 0.00485}}
{"target": -17.805068839321816, "params": {"gamma": 456.8599058207033, "log10_alpha": -4.280155729594782, "log10_colsample_bytree": -1.0, "log10_eta": 0.0, "log10_lambda": 1.0, "log10_min_child_weight": 0.0, "log10_subsample": 0.0, "max_depth": 2.0, "num_boost_round": 7.0}, "datetime": {"datetime": "2024-01-19 02:03:17", "elapsed": 6701.961922, "delta": 0.004644}}
{"target": -17.860291208333432, "params": {"gamma": 456.8599058207033, "log10_alpha": -4.280155729594782, "log10_colsample_bytree": -1.0, "log10_eta": 0.0, "log10_lambda": 1.0, "log10_min_child_weight": 0.0, "log10_subsample": 0.0, "max_depth": 2.0, "num_boost_round": 8.0}, "datetime": {"datetime": "2024-01-19 02:03:17", "elapsed": 6701.966127, "delta": 0.004205}}
{"target": -17.877178607463858, "params": {"gamma": 456.8599058207033, "log10_alpha": -4.280155729594782, "log10_colsample_bytree": -1.0, "log10_eta": 0.0, "log10_lambda": 1.0, "log10_min_child_weight": 0.0, "log10_subsample": 0.0, "max_depth": 2.0, "num_boost_round": 9.0}, "datetime": {"datetime": "2024-01-19 02:03:17", "elapsed": 6701.970314, "delta": 0.004187}}
{"target": -17.885348248806462, "params": {"gamma": 456.8599058207033, "log10_alpha": -4.280155729594782, "log10_colsample_bytree": -1.0, "log10_eta": 0.0, "log10_lambda": 1.0, "log10_min_child_weight": 0.0, "log10_subsample": 0.0, "max_depth": 2.0, "num_boost_round": 10.0}, "datetime": {"datetime": "2024-01-19 02:03:17", "elapsed": 6701.974579, "delta": 0.004265}}
{"target": -17.890483184329526, "params": {"gamma": 456.8599058207033, "log10_alpha": -4.280155729594782, "log10_colsample_bytree": -1.0, "log10_eta": 0.0, "log10_lambda": 1.0, "log10_min_child_weight": 0.0, "log10_subsample": 0.0, "max_depth": 2.0, "num_boost_round": 11.0}, "datetime": {"datetime": "2024-01-19 02:03:17", "elapsed": 6701.978856, "delta": 0.004277}}
{"target": -17.914200480491022, "params": {"gamma": 456.8599058207033, "log10_alpha": -4.280155729594782, "log10_colsample_bytree": -1.0, "log10_eta": 0.0, "log10_lambda": 1.0, "log10_min_child_weight": 0.0, "log10_subsample": 0.0, "max_depth": 2.0, "num_boost_round": 12.0}, "datetime": {"datetime": "2024-01-19 02:03:17", "elapsed": 6701.983234, "delta": 0.004378}}
{"target": -17.919462186046097, "params": {"gamma": 456.8599058207033, "log10_alpha": -4.280155729594782, "log10_colsample_bytree": -1.0, "log10_eta": 0.0, "log10_lambda": 1.0, "log10_min_child_weight": 0.0, "log10_subsample": 0.0, "max_depth": 2.0, "num_boost_round": 13.0}, "datetime": {"datetime": "2024-01-19 02:03:17", "elapsed": 6701.987435, "delta": 0.004201}}
{"target": -17.910014461995594, "params": {"gamma": 456.8599058207033, "log10_alpha": -4.280155729594782, "log10_colsample_bytree": -1.0, "log10_eta": 0.0, "log10_lambda": 1.0, "log10_min_child_weight": 0.0, "log10_subsample": 0.0, "max_depth": 2.0, "num_boost_round": 14.0}, "datetime": {"datetime": "2024-01-19 02:03:17", "elapsed": 6701.991581, "delta": 0.004146}}
{"target": -17.93056322334878, "params": {"gamma": 456.8599058207033, "log10_alpha": -4.280155729594782, "log10_colsample_bytree": -1.0, "log10_eta": 0.0, "log10_lambda": 1.0, "log10_min_child_weight": 0.0, "log10_subsample": 0.0, "max_depth": 2.0, "num_boost_round": 15.0}, "datetime": {"datetime": "2024-01-19 02:03:17", "elapsed": 6701.995722, "delta": 0.004141}}
{"target": -17.945256847272567, "params": {"gamma": 456.8599058207033, "log10_alpha": -4.280155729594782, "log10_colsample_bytree": -1.0, "log10_eta": 0.0, "log10_lambda": 1.0, "log10_min_child_weight": 0.0, "log10_subsample": 0.0, "max_depth": 2.0, "num_boost_round": 16.0}, "datetime": {"datetime": "2024-01-19 02:03:17", "elapsed": 6701.999865, "delta": 0.004143}}
{"target": -17.9595066099955, "params": {"gamma": 456.8599058207033, "log10_alpha": -4.280155729594782, "log10_colsample_bytree": -1.0, "log10_eta": 0.0, "log10_lambda": 1.0, "log10_min_child_weight": 0.0, "log10_subsample": 0.0, "max_depth": 2.0, "num_boost_round": 17.0}, "datetime": {"datetime": "2024-01-19 02:03:17", "elapsed": 6702.004056, "delta": 0.004191}}
{"target": -17.96501045075459, "params": {"gamma": 456.8599058207033, "log10_alpha": -4.280155729594782, "log10_colsample_bytree": -1.0, "log10_eta": 0.0, "log10_lambda": 1.0, "log10_min_child_weight": 0.0, "log10_subsample": 0.0, "max_depth": 2.0, "num_boost_round": 18.0}, "datetime": {"datetime": "2024-01-19 02:03:17", "elapsed": 6702.008268, "delta": 0.004212}}
{"target": -17.96109575161376, "params": {"gamma": 456.8599058207033, "log10_alpha": -4.280155729594782, "log10_colsample_bytree": -1.0, "log10_eta": 0.0, "log10_lambda": 1.0, "log10_min_child_weight": 0.0, "log10_subsample": 0.0, "max_depth": 2.0, "num_boost_round": 19.0}, "datetime": {"datetime": "2024-01-19 02:03:17", "elapsed": 6702.012363, "delta": 0.004095}}
{"target": -17.970359611724696, "params": {"gamma": 456.8599058207033, "log10_alpha": -4.280155729594782, "log10_colsample_bytree": -1.0, "log10_eta": 0.0, "log10_lambda": 1.0, "log10_min_child_weight": 0.0, "log10_subsample": 0.0, "max_depth": 2.0, "num_boost_round": 20.0}, "datetime": {"datetime": "2024-01-19 02:03:17", "elapsed": 6702.016529, "delta": 0.004166}}
{"target": -18.01514625202392, "params": {"gamma": 456.8599058207033, "log10_alpha": -4.280155729594782, "log10_colsample_bytree": -1.0, "log10_eta": 0.0, "log10_lambda": 1.0, "log10_min_child_weight": 0.0, "log10_subsample": 0.0, "max_depth": 2.0, "num_boost_round": 21.0}, "datetime": {"datetime": "2024-01-19 02:03:17", "elapsed": 6702.02071, "delta": 0.004181}}
{"target": -18.01304767243464, "params": {"gamma": 456.8599058207033, "log10_alpha": -4.280155729594782, "log10_colsample_bytree": -1.0, "log10_eta": 0.0, "log10_lambda": 1.0, "log10_min_child_weight": 0.0, "log10_subsample": 0.0, "max_depth": 2.0, "num_boost_round": 22.0}, "datetime": {"datetime": "2024-01-19 02:03:17", "elapsed": 6702.024863, "delta": 0.004153}}
{"target": -18.431654573097422, "params": {"gamma": 456.8599058207033, "log10_alpha": -4.280155729594782, "log10_colsample_bytree": -1.0, "log10_eta": 0.0, "log10_lambda": 1.0, "log10_min_child_weight": 0.0, "log10_subsample": 0.0, "max_depth": 2.0, "num_boost_round": 23.0}, "datetime": {"datetime": "2024-01-19 02:03:17", "elapsed": 6702.029001, "delta": 0.004138}}
{"target": -18.443727941697098, "params": {"gamma": 456.8599058207033, "log10_alpha": -4.280155729594782, "log10_colsample_bytree": -1.0, "log10_eta": 0.0, "log10_lambda": 1.0, "log10_min_child_weight": 0.0, "log10_subsample": 0.0, "max_depth": 2.0, "num_boost_round": 24.0}, "datetime": {"datetime": "2024-01-19 02:03:17", "elapsed": 6702.03321, "delta": 0.004209}}
{"target": -18.443175777217267, "params": {"gamma": 456.8599058207033, "log10_alpha": -4.280155729594782, "log10_colsample_bytree": -1.0, "log10_eta": 0.0, "log10_lambda": 1.0, "log10_min_child_weight": 0.0, "log10_subsample": 0.0, "max_depth": 2.0, "num_boost_round": 25.0}, "datetime": {"datetime": "2024-01-19 02:03:17", "elapsed": 6702.037334, "delta": 0.004124}}
{"target": -18.483960657541836, "params": {"gamma": 456.8599058207033, "log10_alpha": -4.280155729594782, "log10_colsample_bytree": -1.0, "log10_eta": 0.0, "log10_lambda": 1.0, "log10_min_child_weight": 0.0, "log10_subsample": 0.0, "max_depth": 2.0, "num_boost_round": 26.0}, "datetime": {"datetime": "2024-01-19 02:03:17", "elapsed": 6702.041516, "delta": 0.004182}}
{"target": -18.480529400141968, "params": {"gamma": 456.8599058207033, "log10_alpha": -4.280155729594782, "log10_colsample_bytree": -1.0, "log10_eta": 0.0, "log10_lambda": 1.0, "log10_min_child_weight": 0.0, "log10_subsample": 0.0, "max_depth": 2.0, "num_boost_round": 27.0}, "datetime": {"datetime": "2024-01-19 02:03:17", "elapsed": 6702.045715, "delta": 0.004199}}
{"target": -18.53296997103822, "params": {"gamma": 456.8599058207033, "log10_alpha": -4.280155729594782, "log10_colsample_bytree": -1.0, "log10_eta": 0.0, "log10_lambda": 1.0, "log10_min_child_weight": 0.0, "log10_subsample": 0.0, "max_depth": 2.0, "num_boost_round": 28.0}, "datetime": {"datetime": "2024-01-19 02:03:17", "elapsed": 6702.049896, "delta": 0.004181}}
{"target": -18.552736845748846, "params": {"gamma": 456.8599058207033, "log10_alpha": -4.280155729594782, "log10_colsample_bytree": -1.0, "log10_eta": 0.0, "log10_lambda": 1.0, "log10_min_child_weight": 0.0, "log10_subsample": 0.0, "max_depth": 2.0, "num_boost_round": 29.0}, "datetime": {"datetime": "2024-01-19 02:03:17", "elapsed": 6702.054038, "delta": 0.004142}}
{"target": -18.572017816979244, "params": {"gamma": 456.8599058207033, "log10_alpha": -4.280155729594782, "log10_colsample_bytree": -1.0, "log10_eta": 0.0, "log10_lambda": 1.0, "log10_min_child_weight": 0.0, "log10_subsample": 0.0, "max_depth": 2.0, "num_boost_round": 30.0}, "datetime": {"datetime": "2024-01-19 02:03:17", "elapsed": 6702.058263, "delta": 0.004225}}
{"target": -18.588454744953214, "params": {"gamma": 456.8599058207033, "log10_alpha": -4.280155729594782, "log10_colsample_bytree": -1.0, "log10_eta": 0.0, "log10_lambda": 1.0, "log10_min_child_weight": 0.0, "log10_subsample": 0.0, "max_depth": 2.0, "num_boost_round": 31.0}, "datetime": {"datetime": "2024-01-19 02:03:17", "elapsed": 6702.062389, "delta": 0.004126}}
{"target": -18.591718548847954, "params": {"gamma": 456.8599058207033, "log10_alpha": -4.280155729594782, "log10_colsample_bytree": -1.0, "log10_eta": 0.0, "log10_lambda": 1.0, "log10_min_child_weight": 0.0, "log10_subsample": 0.0, "max_depth": 2.0, "num_boost_round": 32.0}, "datetime": {"datetime": "2024-01-19 02:03:17", "elapsed": 6702.066606, "delta": 0.004217}}
{"target": -18.603273506025047, "params": {"gamma": 456.8599058207033, "log10_alpha": -4.280155729594782, "log10_colsample_bytree": -1.0, "log10_eta": 0.0, "log10_lambda": 1.0, "log10_min_child_weight": 0.0, "log10_subsample": 0.0, "max_depth": 2.0, "num_boost_round": 33.0}, "datetime": {"datetime": "2024-01-19 02:03:17", "elapsed": 6702.070799, "delta": 0.004193}}
