{"target": -17.677215983244967, "params": {"gamma": 440.0393526515374, "log10_alpha": -4.742024334723316, "log10_colsample_bytree": -0.6345213056725485, "log10_eta": -3.7079255025542595, "log10_lambda": -0.12870522886499014, "log10_min_child_weight": 4.2732838908810775, "log10_subsample": -0.13955606272584786, "max_depth": 4.0, "num_boost_round": 12.0}, "datetime": {"datetime": "2024-01-19 00:25:37", "elapsed": 842.426859, "delta": 0.001025}}
{"target": -17.67719131300024, "params": {"gamma": 429.0139225110646, "log10_alpha": -0.6560064636998568, "log10_colsample_bytree": -0.0537562073042579, "log10_eta": -2.8725445287082807, "log10_lambda": -1.91638646115383, "log10_min_child_weight": 2.9597439135702217, "log10_subsample": -0.12749679454882368, "max_depth": 3.0, "num_boost_round": 0.0}, "datetime": {"datetime": "2024-01-19 00:26:00", "elapsed": 864.720483, "delta": 22.293624}}
{"target": -17.677146099335594, "params": {"gamma": 429.0139225110646, "log10_alpha": -0.6560064636998568, "log10_colsample_bytree": -0.0537562073042579, "log10_eta": -2.8725445287082807, "log10_lambda": -1.91638646115383, "log10_min_child_weight": 2.9597439135702217, "log10_subsample": -0.12749679454882368, "max_depth": 3.0, "num_boost_round": 1.0}, "datetime": {"datetime": "2024-01-19 00:26:00", "elapsed": 864.721677, "delta": 0.001194}}
{"target": -17.67710338460941, "params": {"gamma": 429.0139225110646, "log10_alpha": -0.6560064636998568, "log10_colsample_bytree": -0.0537562073042579, "log10_eta": -2.8725445287082807, "log10_lambda": -1.91638646115383, "log10_min_child_weight": 2.9597439135702217, "log10_subsample": -0.12749679454882368, "max_depth": 3.0, "num_boost_round": 2.0}, "datetime": {"datetime": "2024-01-19 00:26:00", "elapsed": 864.722716, "delta": 0.001039}}
{"target": -17.67706158342835, "params": {"gamma": 429.0139225110646, "log10_alpha": -0.6560064636998568, "log10_colsample_bytree": -0.0537562073042579, "log10_eta": -2.8725445287082807, "log10_lambda": -1.91638646115383, "log10_min_child_weight": 2.9597439135702217, "log10_subsample": -0.12749679454882368, "max_depth": 3.0, "num_boost_round": 3.0}, "datetime": {"datetime": "2024-01-19 00:26:00", "elapsed": 864.723742, "delta": 0.001026}}
{"target": -17.677047775619993, "params": {"gamma": 429.0139225110646, "log10_alpha": -0.6560064636998568, "log10_colsample_bytree": -0.0537562073042579, "log10_eta": -2.8725445287082807, "log10_lambda": -1.91638646115383, "log10_min_child_weight": 2.9597439135702217, "log10_subsample": -0.12749679454882368, "max_depth": 3.0, "num_boost_round": 4.0}, "datetime": {"datetime": "2024-01-19 00:26:00", "elapsed": 864.724894, "delta": 0.001152}}
{"target": -17.677004729826454, "params": {"gamma": 429.0139225110646, "log10_alpha": -0.6560064636998568, "log10_colsample_bytree": -0.0537562073042579, "log10_eta": -2.8725445287082807, "log10_lambda": -1.91638646115383, "log10_min_child_weight": 2.9597439135702217, "log10_subsample": -0.12749679454882368, "max_depth": 3.0, "num_boost_round": 5.0}, "datetime": {"datetime": "2024-01-19 00:26:00", "elapsed": 864.725929, "delta": 0.001035}}
{"target": -17.67694307067006, "params": {"gamma": 429.0139225110646, "log10_alpha": -0.6560064636998568, "log10_colsample_bytree": -0.0537562073042579, "log10_eta": -2.8725445287082807, "log10_lambda": -1.91638646115383, "log10_min_child_weight": 2.9597439135702217, "log10_subsample": -0.12749679454882368, "max_depth": 3.0, "num_boost_round": 6.0}, "datetime": {"datetime": "2024-01-19 00:26:00", "elapsed": 864.726962, "delta": 0.001033}}
{"target": -17.67690051227231, "params": {"gamma": 429.0139225110646, "log10_alpha": -0.6560064636998568, "log10_colsample_bytree": -0.0537562073042579, "log10_eta": -2.8725445287082807, "log10_lambda": -1.91638646115383, "log10_min_child_weight": 2.9597439135702217, "log10_subsample": -0.12749679454882368, "max_depth": 3.0, "num_boost_round": 7.0}, "datetime": {"datetime": "2024-01-19 00:26:00", "elapsed": 864.727994, "delta": 0.001032}}
{"target": -17.67685934260496, "params": {"gamma": 429.0139225110646, "log10_alpha": -0.6560064636998568, "log10_colsample_bytree": -0.0537562073042579, "log10_eta": -2.8725445287082807, "log10_lambda": -1.91638646115383, "log10_min_child_weight": 2.9597439135702217, "log10_subsample": -0.12749679454882368, "max_depth": 3.0, "num_boost_round": 8.0}, "datetime": {"datetime": "2024-01-19 00:26:00", "elapsed": 864.72906, "delta": 0.001066}}
{"target": -17.67682059490242, "params": {"gamma": 429.0139225110646, "log10_alpha": -0.6560064636998568, "log10_colsample_bytree": -0.0537562073042579, "log10_eta": -2.8725445287082807, "log10_lambda": -1.91638646115383, "log10_min_child_weight": 2.9597439135702217, "log10_subsample": -0.12749679454882368, "max_depth": 3.0, "num_boost_round": 9.0}, "datetime": {"datetime": "2024-01-19 00:26:00", "elapsed": 864.730382, "delta": 0.001322}}
{"target": -17.67677970468533, "params": {"gamma": 429.0139225110646, "log10_alpha": -0.6560064636998568, "log10_colsample_bytree": -0.0537562073042579, "log10_eta": -2.8725445287082807, "log10_lambda": -1.91638646115383, "log10_min_child_weight": 2.9597439135702217, "log10_subsample": -0.12749679454882368, "max_depth": 3.0, "num_boost_round": 10.0}, "datetime": {"datetime": "2024-01-19 00:26:00", "elapsed": 864.731416, "delta": 0.001034}}
{"target": -17.67674066152301, "params": {"gamma": 429.0139225110646, "log10_alpha": -0.6560064636998568, "log10_colsample_bytree": -0.0537562073042579, "log10_eta": -2.8725445287082807, "log10_lambda": -1.91638646115383, "log10_min_child_weight": 2.9597439135702217, "log10_subsample": -0.12749679454882368, "max_depth": 3.0, "num_boost_round": 11.0}, "datetime": {"datetime": "2024-01-19 00:26:00", "elapsed": 864.732453, "delta": 0.001037}}
{"target": -17.676695637200798, "params": {"gamma": 429.0139225110646, "log10_alpha": -0.6560064636998568, "log10_colsample_bytree": -0.0537562073042579, "log10_eta": -2.8725445287082807, "log10_lambda": -1.91638646115383, "log10_min_child_weight": 2.9597439135702217, "log10_subsample": -0.12749679454882368, "max_depth": 3.0, "num_boost_round": 12.0}, "datetime": {"datetime": "2024-01-19 00:26:00", "elapsed": 864.733482, "delta": 0.001029}}
{"target": -17.676660390855112, "params": {"gamma": 429.0139225110646, "log10_alpha": -0.6560064636998568, "log10_colsample_bytree": -0.0537562073042579, "log10_eta": -2.8725445287082807, "log10_lambda": -1.91638646115383, "log10_min_child_weight": 2.9597439135702217, "log10_subsample": -0.12749679454882368, "max_depth": 3.0, "num_boost_round": 13.0}, "datetime": {"datetime": "2024-01-19 00:26:00", "elapsed": 864.734637, "delta": 0.001155}}
{"target": -17.677226791523992, "params": {"gamma": 444.56367422501563, "log10_alpha": -3.585577060525837, "log10_colsample_bytree": 0.0, "log10_eta": -4.0, "log10_lambda": 1.0, "log10_min_child_weight": 1.5703566588573155, "log10_subsample": -1.0, "max_depth": 5.0, "num_boost_round": 0.0}, "datetime": {"datetime": "2024-01-19 00:26:21", "elapsed": 885.936674, "delta": 21.202037}}
{"target": -17.677225054870508, "params": {"gamma": 444.56367422501563, "log10_alpha": -3.585577060525837, "log10_colsample_bytree": 0.0, "log10_eta": -4.0, "log10_lambda": 1.0, "log10_min_child_weight": 1.5703566588573155, "log10_subsample": -1.0, "max_depth": 5.0, "num_boost_round": 1.0}, "datetime": {"datetime": "2024-01-19 00:26:21", "elapsed": 885.938177, "delta": 0.001503}}
{"target": -17.67722379917481, "params": {"gamma": 444.56367422501563, "log10_alpha": -3.585577060525837, "log10_colsample_bytree": 0.0, "log10_eta": -4.0, "log10_lambda": 1.0, "log10_min_child_weight": 1.5703566588573155, "log10_subsample": -1.0, "max_depth": 5.0, "num_boost_round": 2.0}, "datetime": {"datetime": "2024-01-19 00:26:21", "elapsed": 885.939452, "delta": 0.001275}}
{"target": -17.677217384971033, "params": {"gamma": 444.56367422501563, "log10_alpha": -3.585577060525837, "log10_colsample_bytree": 0.0, "log10_eta": -4.0, "log10_lambda": 1.0, "log10_min_child_weight": 1.5703566588573155, "log10_subsample": -1.0, "max_depth": 5.0, "num_boost_round": 3.0}, "datetime": {"datetime": "2024-01-19 00:26:21", "elapsed": 885.940514, "delta": 0.001062}}
{"target": -17.677208992461505, "params": {"gamma": 444.56367422501563, "log10_alpha": -3.585577060525837, "log10_colsample_bytree": 0.0, "log10_eta": -4.0, "log10_lambda": 1.0, "log10_min_child_weight": 1.5703566588573155, "log10_subsample": -1.0, "max_depth": 5.0, "num_boost_round": 4.0}, "datetime": {"datetime": "2024-01-19 00:26:21", "elapsed": 885.941922, "delta": 0.001408}}
{"target": -17.67720936021953, "params": {"gamma": 444.56367422501563, "log10_alpha": -3.585577060525837, "log10_colsample_bytree": 0.0, "log10_eta": -4.0, "log10_lambda": 1.0, "log10_min_child_weight": 1.5703566588573155, "log10_subsample": -1.0, "max_depth": 5.0, "num_boost_round": 5.0}, "datetime": {"datetime": "2024-01-19 00:26:21", "elapsed": 885.943104, "delta": 0.001182}}
{"target": -17.677202273362614, "params": {"gamma": 444.56367422501563, "log10_alpha": -3.585577060525837, "log10_colsample_bytree": 0.0, "log10_eta": -4.0, "log10_lambda": 1.0, "log10_min_child_weight": 1.5703566588573155, "log10_subsample": -1.0, "max_depth": 5.0, "num_boost_round": 6.0}, "datetime": {"datetime": "2024-01-19 00:26:21", "elapsed": 885.944153, "delta": 0.001049}}
{"target": -17.677199000598687, "params": {"gamma": 444.56367422501563, "log10_alpha": -3.585577060525837, "log10_colsample_bytree": 0.0, "log10_eta": -4.0, "log10_lambda": 1.0, "log10_min_child_weight": 1.5703566588573155, "log10_subsample": -1.0, "max_depth": 5.0, "num_boost_round": 7.0}, "datetime": {"datetime": "2024-01-19 00:26:21", "elapsed": 885.94519, "delta": 0.001037}}
{"target": -17.677193942112293, "params": {"gamma": 444.56367422501563, "log10_alpha": -3.585577060525837, "log10_colsample_bytree": 0.0, "log10_eta": -4.0, "log10_lambda": 1.0, "log10_min_child_weight": 1.5703566588573155, "log10_subsample": -1.0, "max_depth": 5.0, "num_boost_round": 8.0}, "datetime": {"datetime": "2024-01-19 00:26:21", "elapsed": 885.946266, "delta": 0.001076}}
{"target": -17.677191893529347, "params": {"gamma": 444.56367422501563, "log10_alpha": -3.585577060525837, "log10_colsample_bytree": 0.0, "log10_eta": -4.0, "log10_lambda": 1.0, "log10_min_child_weight": 1.5703566588573155, "log10_subsample": -1.0, "max_depth": 5.0, "num_boost_round": 9.0}, "datetime": {"datetime": "2024-01-19 00:26:21", "elapsed": 885.947307, "delta": 0.001041}}
{"target": -17.677117166932298, "params": {"gamma": 434.41467226543716, "log10_alpha": 0.39381932246809725, "log10_colsample_bytree": -0.9322451512947161, "log10_eta": -1.916906533810986, "log10_lambda": -3.2028208274659407, "log10_min_child_weight": 3.9832156598761777, "log10_subsample": -0.8412017333565247, "max_depth": 6.0, "num_boost_round": 0.0}, "datetime": {"datetime": "2024-01-19 00:26:42", "elapsed": 907.434759, "delta": 21.487452}}
{"target": -17.67696552564797, "params": {"gamma": 434.41467226543716, "log10_alpha": 0.39381932246809725, "log10_colsample_bytree": -0.9322451512947161, "log10_eta": -1.916906533810986, "log10_lambda": -3.2028208274659407, "log10_min_child_weight": 3.9832156598761777, "log10_subsample": -0.8412017333565247, "max_depth": 6.0, "num_boost_round": 1.0}, "datetime": {"datetime": "2024-01-19 00:26:42", "elapsed": 907.436256, "delta": 0.001497}}
{"target": -17.677088795083648, "params": {"gamma": 434.41467226543716, "log10_alpha": 0.39381932246809725, "log10_colsample_bytree": -0.9322451512947161, "log10_eta": -1.916906533810986, "log10_lambda": -3.2028208274659407, "log10_min_child_weight": 3.9832156598761777, "log10_subsample": -0.8412017333565247, "max_depth": 6.0, "num_boost_round": 2.0}, "datetime": {"datetime": "2024-01-19 00:26:42", "elapsed": 907.437707, "delta": 0.001451}}
{"target": -17.677117282316246, "params": {"gamma": 434.41467226543716, "log10_alpha": 0.39381932246809725, "log10_colsample_bytree": -0.9322451512947161, "log10_eta": -1.916906533810986, "log10_lambda": -3.2028208274659407, "log10_min_child_weight": 3.9832156598761777, "log10_subsample": -0.8412017333565247, "max_depth": 6.0, "num_boost_round": 3.0}, "datetime": {"datetime": "2024-01-19 00:26:42", "elapsed": 907.438793, "delta": 0.001086}}
{"target": -17.67707854868886, "params": {"gamma": 434.41467226543716, "log10_alpha": 0.39381932246809725, "log10_colsample_bytree": -0.9322451512947161, "log10_eta": -1.916906533810986, "log10_lambda": -3.2028208274659407, "log10_min_child_weight": 3.9832156598761777, "log10_subsample": -0.8412017333565247, "max_depth": 6.0, "num_boost_round": 4.0}, "datetime": {"datetime": "2024-01-19 00:26:42", "elapsed": 907.43986, "delta": 0.001067}}
{"target": -17.677028093735288, "params": {"gamma": 434.41467226543716, "log10_alpha": 0.39381932246809725, "log10_colsample_bytree": -0.9322451512947161, "log10_eta": -1.916906533810986, "log10_lambda": -3.2028208274659407, "log10_min_child_weight": 3.9832156598761777, "log10_subsample": -0.8412017333565247, "max_depth": 6.0, "num_boost_round": 5.0}, "datetime": {"datetime": "2024-01-19 00:26:42", "elapsed": 907.440928, "delta": 0.001068}}
{"target": -17.677068071064344, "params": {"gamma": 434.41467226543716, "log10_alpha": 0.39381932246809725, "log10_colsample_bytree": -0.9322451512947161, "log10_eta": -1.916906533810986, "log10_lambda": -3.2028208274659407, "log10_min_child_weight": 3.9832156598761777, "log10_subsample": -0.8412017333565247, "max_depth": 6.0, "num_boost_round": 6.0}, "datetime": {"datetime": "2024-01-19 00:26:42", "elapsed": 907.442023, "delta": 0.001095}}
{"target": -17.676982749651184, "params": {"gamma": 434.41467226543716, "log10_alpha": 0.39381932246809725, "log10_colsample_bytree": -0.9322451512947161, "log10_eta": -1.916906533810986, "log10_lambda": -3.2028208274659407, "log10_min_child_weight": 3.9832156598761777, "log10_subsample": -0.8412017333565247, "max_depth": 6.0, "num_boost_round": 7.0}, "datetime": {"datetime": "2024-01-19 00:26:42", "elapsed": 907.443082, "delta": 0.001059}}
{"target": -17.67695257635772, "params": {"gamma": 434.41467226543716, "log10_alpha": 0.39381932246809725, "log10_colsample_bytree": -0.9322451512947161, "log10_eta": -1.916906533810986, "log10_lambda": -3.2028208274659407, "log10_min_child_weight": 3.9832156598761777, "log10_subsample": -0.8412017333565247, "max_depth": 6.0, "num_boost_round": 8.0}, "datetime": {"datetime": "2024-01-19 00:26:42", "elapsed": 907.444131, "delta": 0.001049}}
{"target": -17.676992506244098, "params": {"gamma": 434.41467226543716, "log10_alpha": 0.39381932246809725, "log10_colsample_bytree": -0.9322451512947161, "log10_eta": -1.916906533810986, "log10_lambda": -3.2028208274659407, "log10_min_child_weight": 3.9832156598761777, "log10_subsample": -0.8412017333565247, "max_depth": 6.0, "num_boost_round": 9.0}, "datetime": {"datetime": "2024-01-19 00:26:42", "elapsed": 907.44519, "delta": 0.001059}}
{"target": -17.677201898123734, "params": {"gamma": 435.8421070913201, "log10_alpha": 0.4551400707418658, "log10_colsample_bytree": -0.6444339824276469, "log10_eta": -3.1955210940754055, "log10_lambda": -0.8633835998159984, "log10_min_child_weight": 2.860279063120059, "log10_subsample": -0.44504509428621697, "max_depth": 4.0, "num_boost_round": 0.0}, "datetime": {"datetime": "2024-01-19 00:27:06", "elapsed": 930.541951, "delta": 23.096761}}
{"target": -17.6771852435917, "params": {"gamma": 435.8421070913201, "log10_alpha": 0.4551400707418658, "log10_colsample_bytree": -0.6444339824276469, "log10_eta": -3.1955210940754055, "log10_lambda": -0.8633835998159984, "log10_min_child_weight": 2.860279063120059, "log10_subsample": -0.44504509428621697, "max_depth": 4.0, "num_boost_round": 1.0}, "datetime": {"datetime": "2024-01-19 00:27:06", "elapsed": 930.543923, "delta": 0.001972}}
{"target": -17.677158528350493, "params": {"gamma": 435.8421070913201, "log10_alpha": 0.4551400707418658, "log10_colsample_bytree": -0.6444339824276469, "log10_eta": -3.1955210940754055, "log10_lambda": -0.8633835998159984, "log10_min_child_weight": 2.860279063120059, "log10_subsample": -0.44504509428621697, "max_depth": 4.0, "num_boost_round": 2.0}, "datetime": {"datetime": "2024-01-19 00:27:06", "elapsed": 930.545017, "delta": 0.001094}}
{"target": -17.677151725279316, "params": {"gamma": 435.8421070913201, "log10_alpha": 0.4551400707418658, "log10_colsample_bytree": -0.6444339824276469, "log10_eta": -3.1955210940754055, "log10_lambda": -0.8633835998159984, "log10_min_child_weight": 2.860279063120059, "log10_subsample": -0.44504509428621697, "max_depth": 4.0, "num_boost_round": 3.0}, "datetime": {"datetime": "2024-01-19 00:27:06", "elapsed": 930.546082, "delta": 0.001065}}
{"target": -17.677141281487337, "params": {"gamma": 435.8421070913201, "log10_alpha": 0.4551400707418658, "log10_colsample_bytree": -0.6444339824276469, "log10_eta": -3.1955210940754055, "log10_lambda": -0.8633835998159984, "log10_min_child_weight": 2.860279063120059, "log10_subsample": -0.44504509428621697, "max_depth": 4.0, "num_boost_round": 4.0}, "datetime": {"datetime": "2024-01-19 00:27:06", "elapsed": 930.547257, "delta": 0.001175}}
{"target": -17.67713133456455, "params": {"gamma": 435.8421070913201, "log10_alpha": 0.4551400707418658, "log10_colsample_bytree": -0.6444339824276469, "log10_eta": -3.1955210940754055, "log10_lambda": -0.8633835998159984, "log10_min_child_weight": 2.860279063120059, "log10_subsample": -0.44504509428621697, "max_depth": 4.0, "num_boost_round": 5.0}, "datetime": {"datetime": "2024-01-19 00:27:06", "elapsed": 930.548318, "delta": 0.001061}}
{"target": -17.677117906064545, "params": {"gamma": 435.8421070913201, "log10_alpha": 0.4551400707418658, "log10_colsample_bytree": -0.6444339824276469, "log10_eta": -3.1955210940754055, "log10_lambda": -0.8633835998159984, "log10_min_child_weight": 2.860279063120059, "log10_subsample": -0.44504509428621697, "max_depth": 4.0, "num_boost_round": 6.0}, "datetime": {"datetime": "2024-01-19 00:27:06", "elapsed": 930.549372, "delta": 0.001054}}
{"target": -17.677088376613515, "params": {"gamma": 435.8421070913201, "log10_alpha": 0.4551400707418658, "log10_colsample_bytree": -0.6444339824276469, "log10_eta": -3.1955210940754055, "log10_lambda": -0.8633835998159984, "log10_min_child_weight": 2.860279063120059, "log10_subsample": -0.44504509428621697, "max_depth": 4.0, "num_boost_round": 7.0}, "datetime": {"datetime": "2024-01-19 00:27:06", "elapsed": 930.550486, "delta": 0.001114}}
{"target": -17.67707956473913, "params": {"gamma": 435.8421070913201, "log10_alpha": 0.4551400707418658, "log10_colsample_bytree": -0.6444339824276469, "log10_eta": -3.1955210940754055, "log10_lambda": -0.8633835998159984, "log10_min_child_weight": 2.860279063120059, "log10_subsample": -0.44504509428621697, "max_depth": 4.0, "num_boost_round": 8.0}, "datetime": {"datetime": "2024-01-19 00:27:06", "elapsed": 930.551581, "delta": 0.001095}}
{"target": -17.677062390644846, "params": {"gamma": 435.8421070913201, "log10_alpha": 0.4551400707418658, "log10_colsample_bytree": -0.6444339824276469, "log10_eta": -3.1955210940754055, "log10_lambda": -0.8633835998159984, "log10_min_child_weight": 2.860279063120059, "log10_subsample": -0.44504509428621697, "max_depth": 4.0, "num_boost_round": 9.0}, "datetime": {"datetime": "2024-01-19 00:27:06", "elapsed": 930.552658, "delta": 0.001077}}
{"target": -17.67705146350026, "params": {"gamma": 435.8421070913201, "log10_alpha": 0.4551400707418658, "log10_colsample_bytree": -0.6444339824276469, "log10_eta": -3.1955210940754055, "log10_lambda": -0.8633835998159984, "log10_min_child_weight": 2.860279063120059, "log10_subsample": -0.44504509428621697, "max_depth": 4.0, "num_boost_round": 10.0}, "datetime": {"datetime": "2024-01-19 00:27:06", "elapsed": 930.553815, "delta": 0.001157}}
{"target": -17.677038486746035, "params": {"gamma": 435.8421070913201, "log10_alpha": 0.4551400707418658, "log10_colsample_bytree": -0.6444339824276469, "log10_eta": -3.1955210940754055, "log10_lambda": -0.8633835998159984, "log10_min_child_weight": 2.860279063120059, "log10_subsample": -0.44504509428621697, "max_depth": 4.0, "num_boost_round": 11.0}, "datetime": {"datetime": "2024-01-19 00:27:06", "elapsed": 930.554924, "delta": 0.001109}}
{"target": -17.67702064266231, "params": {"gamma": 435.8421070913201, "log10_alpha": 0.4551400707418658, "log10_colsample_bytree": -0.6444339824276469, "log10_eta": -3.1955210940754055, "log10_lambda": -0.8633835998159984, "log10_min_child_weight": 2.860279063120059, "log10_subsample": -0.44504509428621697, "max_depth": 4.0, "num_boost_round": 12.0}, "datetime": {"datetime": "2024-01-19 00:27:06", "elapsed": 930.556008, "delta": 0.001084}}
{"target": -17.67699142989872, "params": {"gamma": 435.8421070913201, "log10_alpha": 0.4551400707418658, "log10_colsample_bytree": -0.6444339824276469, "log10_eta": -3.1955210940754055, "log10_lambda": -0.8633835998159984, "log10_min_child_weight": 2.860279063120059, "log10_subsample": -0.44504509428621697, "max_depth": 4.0, "num_boost_round": 13.0}, "datetime": {"datetime": "2024-01-19 00:27:06", "elapsed": 930.5571, "delta": 0.001092}}
{"target": -17.676978032284456, "params": {"gamma": 435.8421070913201, "log10_alpha": 0.4551400707418658, "log10_colsample_bytree": -0.6444339824276469, "log10_eta": -3.1955210940754055, "log10_lambda": -0.8633835998159984, "log10_min_child_weight": 2.860279063120059, "log10_subsample": -0.44504509428621697, "max_depth": 4.0, "num_boost_round": 14.0}, "datetime": {"datetime": "2024-01-19 00:27:06", "elapsed": 930.558173, "delta": 0.001073}}
