{"target": -17.677193143737, "params": {"gamma": 551.1914588915961, "log10_alpha": 0.40645014581360606, "log10_colsample_bytree": -0.3763728103082743, "log10_eta": -2.4122103990801858, "log10_lambda": -1.3641845425173198, "log10_min_child_weight": 4.322095779089448, "log10_subsample": -0.7004973953255331, "max_depth": 2.0, "num_boost_round": 0.0}, "datetime": {"datetime": "2024-01-19 00:38:46", "elapsed": 1624.149285, "delta": 28.518232}}
{"target": -17.677178229375453, "params": {"gamma": 551.1914588915961, "log10_alpha": 0.40645014581360606, "log10_colsample_bytree": -0.3763728103082743, "log10_eta": -2.4122103990801858, "log10_lambda": -1.3641845425173198, "log10_min_child_weight": 4.322095779089448, "log10_subsample": -0.7004973953255331, "max_depth": 2.0, "num_boost_round": 1.0}, "datetime": {"datetime": "2024-01-19 00:38:46", "elapsed": 1624.151552, "delta": 0.002267}}
{"target": -17.677198398520826, "params": {"gamma": 551.1914588915961, "log10_alpha": 0.40645014581360606, "log10_colsample_bytree": -0.3763728103082743, "log10_eta": -2.4122103990801858, "log10_lambda": -1.3641845425173198, "log10_min_child_weight": 4.322095779089448, "log10_subsample": -0.7004973953255331, "max_depth": 2.0, "num_boost_round": 2.0}, "datetime": {"datetime": "2024-01-19 00:38:46", "elapsed": 1624.153669, "delta": 0.002117}}
{"target": -17.677193672063677, "params": {"gamma": 551.1914588915961, "log10_alpha": 0.40645014581360606, "log10_colsample_bytree": -0.3763728103082743, "log10_eta": -2.4122103990801858, "log10_lambda": -1.3641845425173198, "log10_min_child_weight": 4.322095779089448, "log10_subsample": -0.7004973953255331, "max_depth": 2.0, "num_boost_round": 3.0}, "datetime": {"datetime": "2024-01-19 00:38:46", "elapsed": 1624.155806, "delta": 0.002137}}
{"target": -17.677183531237006, "params": {"gamma": 551.1914588915961, "log10_alpha": 0.40645014581360606, "log10_colsample_bytree": -0.3763728103082743, "log10_eta": -2.4122103990801858, "log10_lambda": -1.3641845425173198, "log10_min_child_weight": 4.322095779089448, "log10_subsample": -0.7004973953255331, "max_depth": 2.0, "num_boost_round": 4.0}, "datetime": {"datetime": "2024-01-19 00:38:46", "elapsed": 1624.157909, "delta": 0.002103}}
{"target": -17.67718284417797, "params": {"gamma": 551.1914588915961, "log10_alpha": 0.40645014581360606, "log10_colsample_bytree": -0.3763728103082743, "log10_eta": -2.4122103990801858, "log10_lambda": -1.3641845425173198, "log10_min_child_weight": 4.322095779089448, "log10_subsample": -0.7004973953255331, "max_depth": 2.0, "num_boost_round": 5.0}, "datetime": {"datetime": "2024-01-19 00:38:46", "elapsed": 1624.160047, "delta": 0.002138}}
{"target": -17.6771888137329, "params": {"gamma": 551.1914588915961, "log10_alpha": 0.40645014581360606, "log10_colsample_bytree": -0.3763728103082743, "log10_eta": -2.4122103990801858, "log10_lambda": -1.3641845425173198, "log10_min_child_weight": 4.322095779089448, "log10_subsample": -0.7004973953255331, "max_depth": 2.0, "num_boost_round": 6.0}, "datetime": {"datetime": "2024-01-19 00:38:46", "elapsed": 1624.162882, "delta": 0.002835}}
{"target": -17.677193676720403, "params": {"gamma": 551.1914588915961, "log10_alpha": 0.40645014581360606, "log10_colsample_bytree": -0.3763728103082743, "log10_eta": -2.4122103990801858, "log10_lambda": -1.3641845425173198, "log10_min_child_weight": 4.322095779089448, "log10_subsample": -0.7004973953255331, "max_depth": 2.0, "num_boost_round": 7.0}, "datetime": {"datetime": "2024-01-19 00:38:46", "elapsed": 1624.165132, "delta": 0.00225}}
{"target": -17.677155918886164, "params": {"gamma": 551.1914588915961, "log10_alpha": 0.40645014581360606, "log10_colsample_bytree": -0.3763728103082743, "log10_eta": -2.4122103990801858, "log10_lambda": -1.3641845425173198, "log10_min_child_weight": 4.322095779089448, "log10_subsample": -0.7004973953255331, "max_depth": 2.0, "num_boost_round": 8.0}, "datetime": {"datetime": "2024-01-19 00:38:46", "elapsed": 1624.167237, "delta": 0.002105}}
{"target": -17.677128121896075, "params": {"gamma": 551.1914588915961, "log10_alpha": 0.40645014581360606, "log10_colsample_bytree": -0.3763728103082743, "log10_eta": -2.4122103990801858, "log10_lambda": -1.3641845425173198, "log10_min_child_weight": 4.322095779089448, "log10_subsample": -0.7004973953255331, "max_depth": 2.0, "num_boost_round": 9.0}, "datetime": {"datetime": "2024-01-19 00:38:46", "elapsed": 1624.169378, "delta": 0.002141}}
{"target": -17.677129819034302, "params": {"gamma": 551.1914588915961, "log10_alpha": 0.40645014581360606, "log10_colsample_bytree": -0.3763728103082743, "log10_eta": -2.4122103990801858, "log10_lambda": -1.3641845425173198, "log10_min_child_weight": 4.322095779089448, "log10_subsample": -0.7004973953255331, "max_depth": 2.0, "num_boost_round": 10.0}, "datetime": {"datetime": "2024-01-19 00:38:46", "elapsed": 1624.171476, "delta": 0.002098}}
{"target": -17.677097230201305, "params": {"gamma": 551.1914588915961, "log10_alpha": 0.40645014581360606, "log10_colsample_bytree": -0.3763728103082743, "log10_eta": -2.4122103990801858, "log10_lambda": -1.3641845425173198, "log10_min_child_weight": 4.322095779089448, "log10_subsample": -0.7004973953255331, "max_depth": 2.0, "num_boost_round": 11.0}, "datetime": {"datetime": "2024-01-19 00:38:46", "elapsed": 1624.173581, "delta": 0.002105}}
{"target": -17.67711720876691, "params": {"gamma": 551.1914588915961, "log10_alpha": 0.40645014581360606, "log10_colsample_bytree": -0.3763728103082743, "log10_eta": -2.4122103990801858, "log10_lambda": -1.3641845425173198, "log10_min_child_weight": 4.322095779089448, "log10_subsample": -0.7004973953255331, "max_depth": 2.0, "num_boost_round": 12.0}, "datetime": {"datetime": "2024-01-19 00:38:46", "elapsed": 1624.175709, "delta": 0.002128}}
{"target": -17.677092058013663, "params": {"gamma": 551.1914588915961, "log10_alpha": 0.40645014581360606, "log10_colsample_bytree": -0.3763728103082743, "log10_eta": -2.4122103990801858, "log10_lambda": -1.3641845425173198, "log10_min_child_weight": 4.322095779089448, "log10_subsample": -0.7004973953255331, "max_depth": 2.0, "num_boost_round": 13.0}, "datetime": {"datetime": "2024-01-19 00:38:46", "elapsed": 1624.177914, "delta": 0.002205}}
{"target": -17.677100253998553, "params": {"gamma": 551.1914588915961, "log10_alpha": 0.40645014581360606, "log10_colsample_bytree": -0.3763728103082743, "log10_eta": -2.4122103990801858, "log10_lambda": -1.3641845425173198, "log10_min_child_weight": 4.322095779089448, "log10_subsample": -0.7004973953255331, "max_depth": 2.0, "num_boost_round": 14.0}, "datetime": {"datetime": "2024-01-19 00:38:46", "elapsed": 1624.180084, "delta": 0.00217}}
{"target": -17.677063900416545, "params": {"gamma": 551.1914588915961, "log10_alpha": 0.40645014581360606, "log10_colsample_bytree": -0.3763728103082743, "log10_eta": -2.4122103990801858, "log10_lambda": -1.3641845425173198, "log10_min_child_weight": 4.322095779089448, "log10_subsample": -0.7004973953255331, "max_depth": 2.0, "num_boost_round": 15.0}, "datetime": {"datetime": "2024-01-19 00:38:46", "elapsed": 1624.182248, "delta": 0.002164}}
{"target": -17.677051285954292, "params": {"gamma": 551.1914588915961, "log10_alpha": 0.40645014581360606, "log10_colsample_bytree": -0.3763728103082743, "log10_eta": -2.4122103990801858, "log10_lambda": -1.3641845425173198, "log10_min_child_weight": 4.322095779089448, "log10_subsample": -0.7004973953255331, "max_depth": 2.0, "num_boost_round": 16.0}, "datetime": {"datetime": "2024-01-19 00:38:46", "elapsed": 1624.184391, "delta": 0.002143}}
{"target": -17.677065495009472, "params": {"gamma": 551.1914588915961, "log10_alpha": 0.40645014581360606, "log10_colsample_bytree": -0.3763728103082743, "log10_eta": -2.4122103990801858, "log10_lambda": -1.3641845425173198, "log10_min_child_weight": 4.322095779089448, "log10_subsample": -0.7004973953255331, "max_depth": 2.0, "num_boost_round": 17.0}, "datetime": {"datetime": "2024-01-19 00:38:46", "elapsed": 1624.186561, "delta": 0.00217}}
{"target": -17.677033531502953, "params": {"gamma": 551.1914588915961, "log10_alpha": 0.40645014581360606, "log10_colsample_bytree": -0.3763728103082743, "log10_eta": -2.4122103990801858, "log10_lambda": -1.3641845425173198, "log10_min_child_weight": 4.322095779089448, "log10_subsample": -0.7004973953255331, "max_depth": 2.0, "num_boost_round": 18.0}, "datetime": {"datetime": "2024-01-19 00:38:46", "elapsed": 1624.188764, "delta": 0.002203}}
{"target": -17.6770015496282, "params": {"gamma": 551.1914588915961, "log10_alpha": 0.40645014581360606, "log10_colsample_bytree": -0.3763728103082743, "log10_eta": -2.4122103990801858, "log10_lambda": -1.3641845425173198, "log10_min_child_weight": 4.322095779089448, "log10_subsample": -0.7004973953255331, "max_depth": 2.0, "num_boost_round": 19.0}, "datetime": {"datetime": "2024-01-19 00:38:46", "elapsed": 1624.1909, "delta": 0.002136}}
{"target": -17.67697701463513, "params": {"gamma": 551.1914588915961, "log10_alpha": 0.40645014581360606, "log10_colsample_bytree": -0.3763728103082743, "log10_eta": -2.4122103990801858, "log10_lambda": -1.3641845425173198, "log10_min_child_weight": 4.322095779089448, "log10_subsample": -0.7004973953255331, "max_depth": 2.0, "num_boost_round": 20.0}, "datetime": {"datetime": "2024-01-19 00:38:46", "elapsed": 1624.193055, "delta": 0.002155}}
{"target": -17.67693909776575, "params": {"gamma": 551.1914588915961, "log10_alpha": 0.40645014581360606, "log10_colsample_bytree": -0.3763728103082743, "log10_eta": -2.4122103990801858, "log10_lambda": -1.3641845425173198, "log10_min_child_weight": 4.322095779089448, "log10_subsample": -0.7004973953255331, "max_depth": 2.0, "num_boost_round": 21.0}, "datetime": {"datetime": "2024-01-19 00:38:46", "elapsed": 1624.195219, "delta": 0.002164}}
{"target": -17.6768809196581, "params": {"gamma": 551.1914588915961, "log10_alpha": 0.40645014581360606, "log10_colsample_bytree": -0.3763728103082743, "log10_eta": -2.4122103990801858, "log10_lambda": -1.3641845425173198, "log10_min_child_weight": 4.322095779089448, "log10_subsample": -0.7004973953255331, "max_depth": 2.0, "num_boost_round": 22.0}, "datetime": {"datetime": "2024-01-19 00:38:46", "elapsed": 1624.197411, "delta": 0.002192}}
{"target": -17.676851360422166, "params": {"gamma": 551.1914588915961, "log10_alpha": 0.40645014581360606, "log10_colsample_bytree": -0.3763728103082743, "log10_eta": -2.4122103990801858, "log10_lambda": -1.3641845425173198, "log10_min_child_weight": 4.322095779089448, "log10_subsample": -0.7004973953255331, "max_depth": 2.0, "num_boost_round": 23.0}, "datetime": {"datetime": "2024-01-19 00:38:46", "elapsed": 1624.199585, "delta": 0.002174}}
{"target": -17.676868725630197, "params": {"gamma": 551.1914588915961, "log10_alpha": 0.40645014581360606, "log10_colsample_bytree": -0.3763728103082743, "log10_eta": -2.4122103990801858, "log10_lambda": -1.3641845425173198, "log10_min_child_weight": 4.322095779089448, "log10_subsample": -0.7004973953255331, "max_depth": 2.0, "num_boost_round": 24.0}, "datetime": {"datetime": "2024-01-19 00:38:46", "elapsed": 1624.201781, "delta": 0.002196}}
{"target": -17.676886749971075, "params": {"gamma": 551.1914588915961, "log10_alpha": 0.40645014581360606, "log10_colsample_bytree": -0.3763728103082743, "log10_eta": -2.4122103990801858, "log10_lambda": -1.3641845425173198, "log10_min_child_weight": 4.322095779089448, "log10_subsample": -0.7004973953255331, "max_depth": 2.0, "num_boost_round": 25.0}, "datetime": {"datetime": "2024-01-19 00:38:46", "elapsed": 1624.203936, "delta": 0.002155}}
{"target": -17.67690127945632, "params": {"gamma": 551.1914588915961, "log10_alpha": 0.40645014581360606, "log10_colsample_bytree": -0.3763728103082743, "log10_eta": -2.4122103990801858, "log10_lambda": -1.3641845425173198, "log10_min_child_weight": 4.322095779089448, "log10_subsample": -0.7004973953255331, "max_depth": 2.0, "num_boost_round": 26.0}, "datetime": {"datetime": "2024-01-19 00:38:46", "elapsed": 1624.206109, "delta": 0.002173}}
{"target": -17.676858437040178, "params": {"gamma": 551.1914588915961, "log10_alpha": 0.40645014581360606, "log10_colsample_bytree": -0.3763728103082743, "log10_eta": -2.4122103990801858, "log10_lambda": -1.3641845425173198, "log10_min_child_weight": 4.322095779089448, "log10_subsample": -0.7004973953255331, "max_depth": 2.0, "num_boost_round": 27.0}, "datetime": {"datetime": "2024-01-19 00:38:46", "elapsed": 1624.208274, "delta": 0.002165}}
{"target": -17.676810145279603, "params": {"gamma": 551.1914588915961, "log10_alpha": 0.40645014581360606, "log10_colsample_bytree": -0.3763728103082743, "log10_eta": -2.4122103990801858, "log10_lambda": -1.3641845425173198, "log10_min_child_weight": 4.322095779089448, "log10_subsample": -0.7004973953255331, "max_depth": 2.0, "num_boost_round": 28.0}, "datetime": {"datetime": "2024-01-19 00:38:46", "elapsed": 1624.210428, "delta": 0.002154}}
{"target": -17.67677803839791, "params": {"gamma": 551.1914588915961, "log10_alpha": 0.40645014581360606, "log10_colsample_bytree": -0.3763728103082743, "log10_eta": -2.4122103990801858, "log10_lambda": -1.3641845425173198, "log10_min_child_weight": 4.322095779089448, "log10_subsample": -0.7004973953255331, "max_depth": 2.0, "num_boost_round": 29.0}, "datetime": {"datetime": "2024-01-19 00:38:46", "elapsed": 1624.21259, "delta": 0.002162}}
{"target": -17.676773371641836, "params": {"gamma": 551.1914588915961, "log10_alpha": 0.40645014581360606, "log10_colsample_bytree": -0.3763728103082743, "log10_eta": -2.4122103990801858, "log10_lambda": -1.3641845425173198, "log10_min_child_weight": 4.322095779089448, "log10_subsample": -0.7004973953255331, "max_depth": 2.0, "num_boost_round": 30.0}, "datetime": {"datetime": "2024-01-19 00:38:46", "elapsed": 1624.214775, "delta": 0.002185}}
{"target": -17.676767581815653, "params": {"gamma": 551.1914588915961, "log10_alpha": 0.40645014581360606, "log10_colsample_bytree": -0.3763728103082743, "log10_eta": -2.4122103990801858, "log10_lambda": -1.3641845425173198, "log10_min_child_weight": 4.322095779089448, "log10_subsample": -0.7004973953255331, "max_depth": 2.0, "num_boost_round": 31.0}, "datetime": {"datetime": "2024-01-19 00:38:46", "elapsed": 1624.21694, "delta": 0.002165}}
{"target": -17.676779193891715, "params": {"gamma": 551.1914588915961, "log10_alpha": 0.40645014581360606, "log10_colsample_bytree": -0.3763728103082743, "log10_eta": -2.4122103990801858, "log10_lambda": -1.3641845425173198, "log10_min_child_weight": 4.322095779089448, "log10_subsample": -0.7004973953255331, "max_depth": 2.0, "num_boost_round": 32.0}, "datetime": {"datetime": "2024-01-19 00:38:46", "elapsed": 1624.219107, "delta": 0.002167}}
{"target": -17.676811018442944, "params": {"gamma": 551.1914588915961, "log10_alpha": 0.40645014581360606, "log10_colsample_bytree": -0.3763728103082743, "log10_eta": -2.4122103990801858, "log10_lambda": -1.3641845425173198, "log10_min_child_weight": 4.322095779089448, "log10_subsample": -0.7004973953255331, "max_depth": 2.0, "num_boost_round": 33.0}, "datetime": {"datetime": "2024-01-19 00:38:46", "elapsed": 1624.22128, "delta": 0.002173}}
{"target": -17.677213548877244, "params": {"gamma": 587.0075963923949, "log10_alpha": -3.1755704590654665, "log10_colsample_bytree": -0.8145666205346017, "log10_eta": -3.2274952255014977, "log10_lambda": -1.223588413553217, "log10_min_child_weight": 1.0073215153827846, "log10_subsample": -0.24591466412699414, "max_depth": 6.0, "num_boost_round": 0.0}, "datetime": {"datetime": "2024-01-19 00:39:13", "elapsed": 1650.681306, "delta": 26.460026}}
{"target": -17.677195786282923, "params": {"gamma": 587.0075963923949, "log10_alpha": -3.1755704590654665, "log10_colsample_bytree": -0.8145666205346017, "log10_eta": -3.2274952255014977, "log10_lambda": -1.223588413553217, "log10_min_child_weight": 1.0073215153827846, "log10_subsample": -0.24591466412699414, "max_depth": 6.0, "num_boost_round": 1.0}, "datetime": {"datetime": "2024-01-19 00:39:13", "elapsed": 1650.68423, "delta": 0.002924}}
{"target": -17.677158486516788, "params": {"gamma": 587.0075963923949, "log10_alpha": -3.1755704590654665, "log10_colsample_bytree": -0.8145666205346017, "log10_eta": -3.2274952255014977, "log10_lambda": -1.223588413553217, "log10_min_child_weight": 1.0073215153827846, "log10_subsample": -0.24591466412699414, "max_depth": 6.0, "num_boost_round": 2.0}, "datetime": {"datetime": "2024-01-19 00:39:13", "elapsed": 1650.686403, "delta": 0.002173}}
{"target": -17.67716229031046, "params": {"gamma": 587.0075963923949, "log10_alpha": -3.1755704590654665, "log10_colsample_bytree": -0.8145666205346017, "log10_eta": -3.2274952255014977, "log10_lambda": -1.223588413553217, "log10_min_child_weight": 1.0073215153827846, "log10_subsample": -0.24591466412699414, "max_depth": 6.0, "num_boost_round": 3.0}, "datetime": {"datetime": "2024-01-19 00:39:13", "elapsed": 1650.688544, "delta": 0.002141}}
{"target": -17.67715719847071, "params": {"gamma": 587.0075963923949, "log10_alpha": -3.1755704590654665, "log10_colsample_bytree": -0.8145666205346017, "log10_eta": -3.2274952255014977, "log10_lambda": -1.223588413553217, "log10_min_child_weight": 1.0073215153827846, "log10_subsample": -0.24591466412699414, "max_depth": 6.0, "num_boost_round": 4.0}, "datetime": {"datetime": "2024-01-19 00:39:13", "elapsed": 1650.690844, "delta": 0.0023}}
{"target": -17.677139730378734, "params": {"gamma": 587.0075963923949, "log10_alpha": -3.1755704590654665, "log10_colsample_bytree": -0.8145666205346017, "log10_eta": -3.2274952255014977, "log10_lambda": -1.223588413553217, "log10_min_child_weight": 1.0073215153827846, "log10_subsample": -0.24591466412699414, "max_depth": 6.0, "num_boost_round": 5.0}, "datetime": {"datetime": "2024-01-19 00:39:13", "elapsed": 1650.693026, "delta": 0.002182}}
{"target": -17.677137660472585, "params": {"gamma": 587.0075963923949, "log10_alpha": -3.1755704590654665, "log10_colsample_bytree": -0.8145666205346017, "log10_eta": -3.2274952255014977, "log10_lambda": -1.223588413553217, "log10_min_child_weight": 1.0073215153827846, "log10_subsample": -0.24591466412699414, "max_depth": 6.0, "num_boost_round": 6.0}, "datetime": {"datetime": "2024-01-19 00:39:13", "elapsed": 1650.695151, "delta": 0.002125}}
{"target": -17.67707425220087, "params": {"gamma": 587.0075963923949, "log10_alpha": -3.1755704590654665, "log10_colsample_bytree": -0.8145666205346017, "log10_eta": -3.2274952255014977, "log10_lambda": -1.223588413553217, "log10_min_child_weight": 1.0073215153827846, "log10_subsample": -0.24591466412699414, "max_depth": 6.0, "num_boost_round": 7.0}, "datetime": {"datetime": "2024-01-19 00:39:13", "elapsed": 1650.697297, "delta": 0.002146}}
{"target": -17.677082230034536, "params": {"gamma": 587.0075963923949, "log10_alpha": -3.1755704590654665, "log10_colsample_bytree": -0.8145666205346017, "log10_eta": -3.2274952255014977, "log10_lambda": -1.223588413553217, "log10_min_child_weight": 1.0073215153827846, "log10_subsample": -0.24591466412699414, "max_depth": 6.0, "num_boost_round": 8.0}, "datetime": {"datetime": "2024-01-19 00:39:13", "elapsed": 1650.699423, "delta": 0.002126}}
{"target": -17.67707956746116, "params": {"gamma": 587.0075963923949, "log10_alpha": -3.1755704590654665, "log10_colsample_bytree": -0.8145666205346017, "log10_eta": -3.2274952255014977, "log10_lambda": -1.223588413553217, "log10_min_child_weight": 1.0073215153827846, "log10_subsample": -0.24591466412699414, "max_depth": 6.0, "num_boost_round": 9.0}, "datetime": {"datetime": "2024-01-19 00:39:13", "elapsed": 1650.701652, "delta": 0.002229}}
{"target": -17.67704700821659, "params": {"gamma": 587.0075963923949, "log10_alpha": -3.1755704590654665, "log10_colsample_bytree": -0.8145666205346017, "log10_eta": -3.2274952255014977, "log10_lambda": -1.223588413553217, "log10_min_child_weight": 1.0073215153827846, "log10_subsample": -0.24591466412699414, "max_depth": 6.0, "num_boost_round": 10.0}, "datetime": {"datetime": "2024-01-19 00:39:13", "elapsed": 1650.703819, "delta": 0.002167}}
{"target": -17.677198434831055, "params": {"gamma": 604.3219590712209, "log10_alpha": -1.8942504755420697, "log10_colsample_bytree": -0.567993993863328, "log10_eta": -3.185539580187494, "log10_lambda": -4.229474871265965, "log10_min_child_weight": 0.3582514910909024, "log10_subsample": -0.6422345281500462, "max_depth": 4.0, "num_boost_round": 0.0}, "datetime": {"datetime": "2024-01-19 00:39:37", "elapsed": 1675.19985, "delta": 24.496031}}
{"target": -17.677160565090414, "params": {"gamma": 604.3219590712209, "log10_alpha": -1.8942504755420697, "log10_colsample_bytree": -0.567993993863328, "log10_eta": -3.185539580187494, "log10_lambda": -4.229474871265965, "log10_min_child_weight": 0.3582514910909024, "log10_subsample": -0.6422345281500462, "max_depth": 4.0, "num_boost_round": 1.0}, "datetime": {"datetime": "2024-01-19 00:39:37", "elapsed": 1675.202891, "delta": 0.003041}}
{"target": -17.677121349393524, "params": {"gamma": 604.3219590712209, "log10_alpha": -1.8942504755420697, "log10_colsample_bytree": -0.567993993863328, "log10_eta": -3.185539580187494, "log10_lambda": -4.229474871265965, "log10_min_child_weight": 0.3582514910909024, "log10_subsample": -0.6422345281500462, "max_depth": 4.0, "num_boost_round": 2.0}, "datetime": {"datetime": "2024-01-19 00:39:37", "elapsed": 1675.205193, "delta": 0.002302}}
{"target": -17.677097753448486, "params": {"gamma": 604.3219590712209, "log10_alpha": -1.8942504755420697, "log10_colsample_bytree": -0.567993993863328, "log10_eta": -3.185539580187494, "log10_lambda": -4.229474871265965, "log10_min_child_weight": 0.3582514910909024, "log10_subsample": -0.6422345281500462, "max_depth": 4.0, "num_boost_round": 3.0}, "datetime": {"datetime": "2024-01-19 00:39:37", "elapsed": 1675.207353, "delta": 0.00216}}
