{"target": -17.67718125293238, "params": {"gamma": 869.2645152901953, "log10_alpha": 1.0, "log10_colsample_bytree": -0.6199201014406037, "log10_eta": -4.0, "log10_lambda": -5.0, "log10_min_child_weight": 2.2695229826283736, "log10_subsample": -0.337263478576161, "max_depth": 5.0, "num_boost_round": 9.0}, "datetime": {"datetime": "2024-01-19 00:24:11", "elapsed": 731.796553, "delta": 0.001198}}
{"target": -17.686271240323258, "params": {"gamma": 870.5541355001756, "log10_alpha": -1.036874457543158, "log10_colsample_bytree": -0.774972417032239, "log10_eta": -0.5228886899761087, "log10_lambda": -3.3173482413621898, "log10_min_child_weight": 0.5451845985737103, "log10_subsample": -0.021615153608289583, "max_depth": 6.0, "num_boost_round": 0.0}, "datetime": {"datetime": "2024-01-19 00:24:39", "elapsed": 760.584863, "delta": 28.78831}}
{"target": -17.69365479319101, "params": {"gamma": 870.5541355001756, "log10_alpha": -1.036874457543158, "log10_colsample_bytree": -0.774972417032239, "log10_eta": -0.5228886899761087, "log10_lambda": -3.3173482413621898, "log10_min_child_weight": 0.5451845985737103, "log10_subsample": -0.021615153608289583, "max_depth": 6.0, "num_boost_round": 1.0}, "datetime": {"datetime": "2024-01-19 00:24:39", "elapsed": 760.586376, "delta": 0.001513}}
{"target": -17.702388696694236, "params": {"gamma": 870.5541355001756, "log10_alpha": -1.036874457543158, "log10_colsample_bytree": -0.774972417032239, "log10_eta": -0.5228886899761087, "log10_lambda": -3.3173482413621898, "log10_min_child_weight": 0.5451845985737103, "log10_subsample": -0.021615153608289583, "max_depth": 6.0, "num_boost_round": 2.0}, "datetime": {"datetime": "2024-01-19 00:24:39", "elapsed": 760.587812, "delta": 0.001436}}
{"target": -17.70835942345543, "params": {"gamma": 870.5541355001756, "log10_alpha": -1.036874457543158, "log10_colsample_bytree": -0.774972417032239, "log10_eta": -0.5228886899761087, "log10_lambda": -3.3173482413621898, "log10_min_child_weight": 0.5451845985737103, "log10_subsample": -0.021615153608289583, "max_depth": 6.0, "num_boost_round": 3.0}, "datetime": {"datetime": "2024-01-19 00:24:39", "elapsed": 760.589005, "delta": 0.001193}}
{"target": -17.715349754260732, "params": {"gamma": 870.5541355001756, "log10_alpha": -1.036874457543158, "log10_colsample_bytree": -0.774972417032239, "log10_eta": -0.5228886899761087, "log10_lambda": -3.3173482413621898, "log10_min_child_weight": 0.5451845985737103, "log10_subsample": -0.021615153608289583, "max_depth": 6.0, "num_boost_round": 4.0}, "datetime": {"datetime": "2024-01-19 00:24:39", "elapsed": 760.590055, "delta": 0.00105}}
{"target": -17.726899569028255, "params": {"gamma": 870.5541355001756, "log10_alpha": -1.036874457543158, "log10_colsample_bytree": -0.774972417032239, "log10_eta": -0.5228886899761087, "log10_lambda": -3.3173482413621898, "log10_min_child_weight": 0.5451845985737103, "log10_subsample": -0.021615153608289583, "max_depth": 6.0, "num_boost_round": 5.0}, "datetime": {"datetime": "2024-01-19 00:24:39", "elapsed": 760.591197, "delta": 0.001142}}
{"target": -17.740466154260137, "params": {"gamma": 870.5541355001756, "log10_alpha": -1.036874457543158, "log10_colsample_bytree": -0.774972417032239, "log10_eta": -0.5228886899761087, "log10_lambda": -3.3173482413621898, "log10_min_child_weight": 0.5451845985737103, "log10_subsample": -0.021615153608289583, "max_depth": 6.0, "num_boost_round": 6.0}, "datetime": {"datetime": "2024-01-19 00:24:39", "elapsed": 760.592237, "delta": 0.00104}}
{"target": -17.77732287195109, "params": {"gamma": 870.5541355001756, "log10_alpha": -1.036874457543158, "log10_colsample_bytree": -0.774972417032239, "log10_eta": -0.5228886899761087, "log10_lambda": -3.3173482413621898, "log10_min_child_weight": 0.5451845985737103, "log10_subsample": -0.021615153608289583, "max_depth": 6.0, "num_boost_round": 7.0}, "datetime": {"datetime": "2024-01-19 00:24:39", "elapsed": 760.593328, "delta": 0.001091}}
{"target": -17.797930023167286, "params": {"gamma": 870.5541355001756, "log10_alpha": -1.036874457543158, "log10_colsample_bytree": -0.774972417032239, "log10_eta": -0.5228886899761087, "log10_lambda": -3.3173482413621898, "log10_min_child_weight": 0.5451845985737103, "log10_subsample": -0.021615153608289583, "max_depth": 6.0, "num_boost_round": 8.0}, "datetime": {"datetime": "2024-01-19 00:24:39", "elapsed": 760.59437, "delta": 0.001042}}
{"target": -17.811835948196457, "params": {"gamma": 870.5541355001756, "log10_alpha": -1.036874457543158, "log10_colsample_bytree": -0.774972417032239, "log10_eta": -0.5228886899761087, "log10_lambda": -3.3173482413621898, "log10_min_child_weight": 0.5451845985737103, "log10_subsample": -0.021615153608289583, "max_depth": 6.0, "num_boost_round": 9.0}, "datetime": {"datetime": "2024-01-19 00:24:39", "elapsed": 760.595397, "delta": 0.001027}}
{"target": -17.828555875358234, "params": {"gamma": 870.5541355001756, "log10_alpha": -1.036874457543158, "log10_colsample_bytree": -0.774972417032239, "log10_eta": -0.5228886899761087, "log10_lambda": -3.3173482413621898, "log10_min_child_weight": 0.5451845985737103, "log10_subsample": -0.021615153608289583, "max_depth": 6.0, "num_boost_round": 10.0}, "datetime": {"datetime": "2024-01-19 00:24:39", "elapsed": 760.596541, "delta": 0.001144}}
{"target": -17.85324281678079, "params": {"gamma": 870.5541355001756, "log10_alpha": -1.036874457543158, "log10_colsample_bytree": -0.774972417032239, "log10_eta": -0.5228886899761087, "log10_lambda": -3.3173482413621898, "log10_min_child_weight": 0.5451845985737103, "log10_subsample": -0.021615153608289583, "max_depth": 6.0, "num_boost_round": 11.0}, "datetime": {"datetime": "2024-01-19 00:24:39", "elapsed": 760.597588, "delta": 0.001047}}
{"target": -17.88018373208248, "params": {"gamma": 870.5541355001756, "log10_alpha": -1.036874457543158, "log10_colsample_bytree": -0.774972417032239, "log10_eta": -0.5228886899761087, "log10_lambda": -3.3173482413621898, "log10_min_child_weight": 0.5451845985737103, "log10_subsample": -0.021615153608289583, "max_depth": 6.0, "num_boost_round": 12.0}, "datetime": {"datetime": "2024-01-19 00:24:39", "elapsed": 760.598673, "delta": 0.001085}}
{"target": -17.906277488903847, "params": {"gamma": 870.5541355001756, "log10_alpha": -1.036874457543158, "log10_colsample_bytree": -0.774972417032239, "log10_eta": -0.5228886899761087, "log10_lambda": -3.3173482413621898, "log10_min_child_weight": 0.5451845985737103, "log10_subsample": -0.021615153608289583, "max_depth": 6.0, "num_boost_round": 13.0}, "datetime": {"datetime": "2024-01-19 00:24:39", "elapsed": 760.599718, "delta": 0.001045}}
{"target": -17.938821607050656, "params": {"gamma": 870.5541355001756, "log10_alpha": -1.036874457543158, "log10_colsample_bytree": -0.774972417032239, "log10_eta": -0.5228886899761087, "log10_lambda": -3.3173482413621898, "log10_min_child_weight": 0.5451845985737103, "log10_subsample": -0.021615153608289583, "max_depth": 6.0, "num_boost_round": 14.0}, "datetime": {"datetime": "2024-01-19 00:24:39", "elapsed": 760.600823, "delta": 0.001105}}
{"target": -17.940832699759746, "params": {"gamma": 870.5541355001756, "log10_alpha": -1.036874457543158, "log10_colsample_bytree": -0.774972417032239, "log10_eta": -0.5228886899761087, "log10_lambda": -3.3173482413621898, "log10_min_child_weight": 0.5451845985737103, "log10_subsample": -0.021615153608289583, "max_depth": 6.0, "num_boost_round": 15.0}, "datetime": {"datetime": "2024-01-19 00:24:39", "elapsed": 760.601859, "delta": 0.001036}}
{"target": -17.9525613187159, "params": {"gamma": 870.5541355001756, "log10_alpha": -1.036874457543158, "log10_colsample_bytree": -0.774972417032239, "log10_eta": -0.5228886899761087, "log10_lambda": -3.3173482413621898, "log10_min_child_weight": 0.5451845985737103, "log10_subsample": -0.021615153608289583, "max_depth": 6.0, "num_boost_round": 16.0}, "datetime": {"datetime": "2024-01-19 00:24:39", "elapsed": 760.602901, "delta": 0.001042}}
{"target": -17.96720442211482, "params": {"gamma": 870.5541355001756, "log10_alpha": -1.036874457543158, "log10_colsample_bytree": -0.774972417032239, "log10_eta": -0.5228886899761087, "log10_lambda": -3.3173482413621898, "log10_min_child_weight": 0.5451845985737103, "log10_subsample": -0.021615153608289583, "max_depth": 6.0, "num_boost_round": 17.0}, "datetime": {"datetime": "2024-01-19 00:24:39", "elapsed": 760.603938, "delta": 0.001037}}
{"target": -17.98592718946591, "params": {"gamma": 870.5541355001756, "log10_alpha": -1.036874457543158, "log10_colsample_bytree": -0.774972417032239, "log10_eta": -0.5228886899761087, "log10_lambda": -3.3173482413621898, "log10_min_child_weight": 0.5451845985737103, "log10_subsample": -0.021615153608289583, "max_depth": 6.0, "num_boost_round": 18.0}, "datetime": {"datetime": "2024-01-19 00:24:39", "elapsed": 760.604999, "delta": 0.001061}}
{"target": -18.017558888207645, "params": {"gamma": 870.5541355001756, "log10_alpha": -1.036874457543158, "log10_colsample_bytree": -0.774972417032239, "log10_eta": -0.5228886899761087, "log10_lambda": -3.3173482413621898, "log10_min_child_weight": 0.5451845985737103, "log10_subsample": -0.021615153608289583, "max_depth": 6.0, "num_boost_round": 19.0}, "datetime": {"datetime": "2024-01-19 00:24:39", "elapsed": 760.606047, "delta": 0.001048}}
{"target": -18.025609093225963, "params": {"gamma": 870.5541355001756, "log10_alpha": -1.036874457543158, "log10_colsample_bytree": -0.774972417032239, "log10_eta": -0.5228886899761087, "log10_lambda": -3.3173482413621898, "log10_min_child_weight": 0.5451845985737103, "log10_subsample": -0.021615153608289583, "max_depth": 6.0, "num_boost_round": 20.0}, "datetime": {"datetime": "2024-01-19 00:24:39", "elapsed": 760.607089, "delta": 0.001042}}
{"target": -18.04642561780538, "params": {"gamma": 870.5541355001756, "log10_alpha": -1.036874457543158, "log10_colsample_bytree": -0.774972417032239, "log10_eta": -0.5228886899761087, "log10_lambda": -3.3173482413621898, "log10_min_child_weight": 0.5451845985737103, "log10_subsample": -0.021615153608289583, "max_depth": 6.0, "num_boost_round": 21.0}, "datetime": {"datetime": "2024-01-19 00:24:39", "elapsed": 760.608136, "delta": 0.001047}}
{"target": -18.053477843132494, "params": {"gamma": 870.5541355001756, "log10_alpha": -1.036874457543158, "log10_colsample_bytree": -0.774972417032239, "log10_eta": -0.5228886899761087, "log10_lambda": -3.3173482413621898, "log10_min_child_weight": 0.5451845985737103, "log10_subsample": -0.021615153608289583, "max_depth": 6.0, "num_boost_round": 22.0}, "datetime": {"datetime": "2024-01-19 00:24:39", "elapsed": 760.609179, "delta": 0.001043}}
{"target": -18.221288283157286, "params": {"gamma": 870.5541355001756, "log10_alpha": -1.036874457543158, "log10_colsample_bytree": -0.774972417032239, "log10_eta": -0.5228886899761087, "log10_lambda": -3.3173482413621898, "log10_min_child_weight": 0.5451845985737103, "log10_subsample": -0.021615153608289583, "max_depth": 6.0, "num_boost_round": 23.0}, "datetime": {"datetime": "2024-01-19 00:24:39", "elapsed": 760.610213, "delta": 0.001034}}
{"target": -18.2472908148508, "params": {"gamma": 870.5541355001756, "log10_alpha": -1.036874457543158, "log10_colsample_bytree": -0.774972417032239, "log10_eta": -0.5228886899761087, "log10_lambda": -3.3173482413621898, "log10_min_child_weight": 0.5451845985737103, "log10_subsample": -0.021615153608289583, "max_depth": 6.0, "num_boost_round": 24.0}, "datetime": {"datetime": "2024-01-19 00:24:39", "elapsed": 760.611344, "delta": 0.001131}}
{"target": -18.310858771009457, "params": {"gamma": 870.5541355001756, "log10_alpha": -1.036874457543158, "log10_colsample_bytree": -0.774972417032239, "log10_eta": -0.5228886899761087, "log10_lambda": -3.3173482413621898, "log10_min_child_weight": 0.5451845985737103, "log10_subsample": -0.021615153608289583, "max_depth": 6.0, "num_boost_round": 25.0}, "datetime": {"datetime": "2024-01-19 00:24:39", "elapsed": 760.612386, "delta": 0.001042}}
{"target": -18.327160457719106, "params": {"gamma": 870.5541355001756, "log10_alpha": -1.036874457543158, "log10_colsample_bytree": -0.774972417032239, "log10_eta": -0.5228886899761087, "log10_lambda": -3.3173482413621898, "log10_min_child_weight": 0.5451845985737103, "log10_subsample": -0.021615153608289583, "max_depth": 6.0, "num_boost_round": 26.0}, "datetime": {"datetime": "2024-01-19 00:24:39", "elapsed": 760.613447, "delta": 0.001061}}
{"target": -18.34177047285955, "params": {"gamma": 870.5541355001756, "log10_alpha": -1.036874457543158, "log10_colsample_bytree": -0.774972417032239, "log10_eta": -0.5228886899761087, "log10_lambda": -3.3173482413621898, "log10_min_child_weight": 0.5451845985737103, "log10_subsample": -0.021615153608289583, "max_depth": 6.0, "num_boost_round": 27.0}, "datetime": {"datetime": "2024-01-19 00:24:39", "elapsed": 760.614511, "delta": 0.001064}}
{"target": -18.34735702668182, "params": {"gamma": 870.5541355001756, "log10_alpha": -1.036874457543158, "log10_colsample_bytree": -0.774972417032239, "log10_eta": -0.5228886899761087, "log10_lambda": -3.3173482413621898, "log10_min_child_weight": 0.5451845985737103, "log10_subsample": -0.021615153608289583, "max_depth": 6.0, "num_boost_round": 28.0}, "datetime": {"datetime": "2024-01-19 00:24:39", "elapsed": 760.615559, "delta": 0.001048}}
{"target": -18.361468007348638, "params": {"gamma": 870.5541355001756, "log10_alpha": -1.036874457543158, "log10_colsample_bytree": -0.774972417032239, "log10_eta": -0.5228886899761087, "log10_lambda": -3.3173482413621898, "log10_min_child_weight": 0.5451845985737103, "log10_subsample": -0.021615153608289583, "max_depth": 6.0, "num_boost_round": 29.0}, "datetime": {"datetime": "2024-01-19 00:24:39", "elapsed": 760.616669, "delta": 0.00111}}
{"target": -18.373110831100373, "params": {"gamma": 870.5541355001756, "log10_alpha": -1.036874457543158, "log10_colsample_bytree": -0.774972417032239, "log10_eta": -0.5228886899761087, "log10_lambda": -3.3173482413621898, "log10_min_child_weight": 0.5451845985737103, "log10_subsample": -0.021615153608289583, "max_depth": 6.0, "num_boost_round": 30.0}, "datetime": {"datetime": "2024-01-19 00:24:39", "elapsed": 760.617728, "delta": 0.001059}}
{"target": -18.38136978101757, "params": {"gamma": 870.5541355001756, "log10_alpha": -1.036874457543158, "log10_colsample_bytree": -0.774972417032239, "log10_eta": -0.5228886899761087, "log10_lambda": -3.3173482413621898, "log10_min_child_weight": 0.5451845985737103, "log10_subsample": -0.021615153608289583, "max_depth": 6.0, "num_boost_round": 31.0}, "datetime": {"datetime": "2024-01-19 00:24:39", "elapsed": 760.618782, "delta": 0.001054}}
{"target": -17.676412964796334, "params": {"gamma": 858.7937001394897, "log10_alpha": -0.8693007307055076, "log10_colsample_bytree": -0.541340287342603, "log10_eta": -1.3279229327126587, "log10_lambda": -1.0874842052494413, "log10_min_child_weight": 0.9866200073765202, "log10_subsample": -0.9977326365522976, "max_depth": 3.0, "num_boost_round": 0.0}, "datetime": {"datetime": "2024-01-19 00:25:03", "elapsed": 784.006416, "delta": 23.387634}}
{"target": -17.676006792717395, "params": {"gamma": 858.7937001394897, "log10_alpha": -0.8693007307055076, "log10_colsample_bytree": -0.541340287342603, "log10_eta": -1.3279229327126587, "log10_lambda": -1.0874842052494413, "log10_min_child_weight": 0.9866200073765202, "log10_subsample": -0.9977326365522976, "max_depth": 3.0, "num_boost_round": 1.0}, "datetime": {"datetime": "2024-01-19 00:25:03", "elapsed": 784.008374, "delta": 0.001958}}
{"target": -17.674889336083506, "params": {"gamma": 858.7937001394897, "log10_alpha": -0.8693007307055076, "log10_colsample_bytree": -0.541340287342603, "log10_eta": -1.3279229327126587, "log10_lambda": -1.0874842052494413, "log10_min_child_weight": 0.9866200073765202, "log10_subsample": -0.9977326365522976, "max_depth": 3.0, "num_boost_round": 2.0}, "datetime": {"datetime": "2024-01-19 00:25:03", "elapsed": 784.009523, "delta": 0.001149}}
{"target": -17.6746267247156, "params": {"gamma": 858.7937001394897, "log10_alpha": -0.8693007307055076, "log10_colsample_bytree": -0.541340287342603, "log10_eta": -1.3279229327126587, "log10_lambda": -1.0874842052494413, "log10_min_child_weight": 0.9866200073765202, "log10_subsample": -0.9977326365522976, "max_depth": 3.0, "num_boost_round": 3.0}, "datetime": {"datetime": "2024-01-19 00:25:03", "elapsed": 784.01061, "delta": 0.001087}}
{"target": -17.674405602644892, "params": {"gamma": 858.7937001394897, "log10_alpha": -0.8693007307055076, "log10_colsample_bytree": -0.541340287342603, "log10_eta": -1.3279229327126587, "log10_lambda": -1.0874842052494413, "log10_min_child_weight": 0.9866200073765202, "log10_subsample": -0.9977326365522976, "max_depth": 3.0, "num_boost_round": 4.0}, "datetime": {"datetime": "2024-01-19 00:25:03", "elapsed": 784.01191, "delta": 0.0013}}
{"target": -17.674216055763274, "params": {"gamma": 858.7937001394897, "log10_alpha": -0.8693007307055076, "log10_colsample_bytree": -0.541340287342603, "log10_eta": -1.3279229327126587, "log10_lambda": -1.0874842052494413, "log10_min_child_weight": 0.9866200073765202, "log10_subsample": -0.9977326365522976, "max_depth": 3.0, "num_boost_round": 5.0}, "datetime": {"datetime": "2024-01-19 00:25:03", "elapsed": 784.012993, "delta": 0.001083}}
{"target": -17.673837472865713, "params": {"gamma": 858.7937001394897, "log10_alpha": -0.8693007307055076, "log10_colsample_bytree": -0.541340287342603, "log10_eta": -1.3279229327126587, "log10_lambda": -1.0874842052494413, "log10_min_child_weight": 0.9866200073765202, "log10_subsample": -0.9977326365522976, "max_depth": 3.0, "num_boost_round": 6.0}, "datetime": {"datetime": "2024-01-19 00:25:03", "elapsed": 784.014065, "delta": 0.001072}}
{"target": -17.673599338485445, "params": {"gamma": 858.7937001394897, "log10_alpha": -0.8693007307055076, "log10_colsample_bytree": -0.541340287342603, "log10_eta": -1.3279229327126587, "log10_lambda": -1.0874842052494413, "log10_min_child_weight": 0.9866200073765202, "log10_subsample": -0.9977326365522976, "max_depth": 3.0, "num_boost_round": 7.0}, "datetime": {"datetime": "2024-01-19 00:25:03", "elapsed": 784.015213, "delta": 0.001148}}
{"target": -17.67294154377938, "params": {"gamma": 858.7937001394897, "log10_alpha": -0.8693007307055076, "log10_colsample_bytree": -0.541340287342603, "log10_eta": -1.3279229327126587, "log10_lambda": -1.0874842052494413, "log10_min_child_weight": 0.9866200073765202, "log10_subsample": -0.9977326365522976, "max_depth": 3.0, "num_boost_round": 8.0}, "datetime": {"datetime": "2024-01-19 00:25:03", "elapsed": 784.016356, "delta": 0.001143}}
{"target": -17.672504340878362, "params": {"gamma": 858.7937001394897, "log10_alpha": -0.8693007307055076, "log10_colsample_bytree": -0.541340287342603, "log10_eta": -1.3279229327126587, "log10_lambda": -1.0874842052494413, "log10_min_child_weight": 0.9866200073765202, "log10_subsample": -0.9977326365522976, "max_depth": 3.0, "num_boost_round": 9.0}, "datetime": {"datetime": "2024-01-19 00:25:03", "elapsed": 784.017436, "delta": 0.00108}}
{"target": -17.672212950035416, "params": {"gamma": 858.7937001394897, "log10_alpha": -0.8693007307055076, "log10_colsample_bytree": -0.541340287342603, "log10_eta": -1.3279229327126587, "log10_lambda": -1.0874842052494413, "log10_min_child_weight": 0.9866200073765202, "log10_subsample": -0.9977326365522976, "max_depth": 3.0, "num_boost_round": 10.0}, "datetime": {"datetime": "2024-01-19 00:25:03", "elapsed": 784.018517, "delta": 0.001081}}
{"target": -17.673001555464317, "params": {"gamma": 858.7937001394897, "log10_alpha": -0.8693007307055076, "log10_colsample_bytree": -0.541340287342603, "log10_eta": -1.3279229327126587, "log10_lambda": -1.0874842052494413, "log10_min_child_weight": 0.9866200073765202, "log10_subsample": -0.9977326365522976, "max_depth": 3.0, "num_boost_round": 11.0}, "datetime": {"datetime": "2024-01-19 00:25:03", "elapsed": 784.019598, "delta": 0.001081}}
{"target": -17.673350048041893, "params": {"gamma": 858.7937001394897, "log10_alpha": -0.8693007307055076, "log10_colsample_bytree": -0.541340287342603, "log10_eta": -1.3279229327126587, "log10_lambda": -1.0874842052494413, "log10_min_child_weight": 0.9866200073765202, "log10_subsample": -0.9977326365522976, "max_depth": 3.0, "num_boost_round": 12.0}, "datetime": {"datetime": "2024-01-19 00:25:03", "elapsed": 784.020865, "delta": 0.001267}}
{"target": -17.67419210258724, "params": {"gamma": 858.7937001394897, "log10_alpha": -0.8693007307055076, "log10_colsample_bytree": -0.541340287342603, "log10_eta": -1.3279229327126587, "log10_lambda": -1.0874842052494413, "log10_min_child_weight": 0.9866200073765202, "log10_subsample": -0.9977326365522976, "max_depth": 3.0, "num_boost_round": 13.0}, "datetime": {"datetime": "2024-01-19 00:25:03", "elapsed": 784.022147, "delta": 0.001282}}
{"target": -17.674809098422184, "params": {"gamma": 858.7937001394897, "log10_alpha": -0.8693007307055076, "log10_colsample_bytree": -0.541340287342603, "log10_eta": -1.3279229327126587, "log10_lambda": -1.0874842052494413, "log10_min_child_weight": 0.9866200073765202, "log10_subsample": -0.9977326365522976, "max_depth": 3.0, "num_boost_round": 14.0}, "datetime": {"datetime": "2024-01-19 00:25:03", "elapsed": 784.023231, "delta": 0.001084}}
{"target": -17.67474990321328, "params": {"gamma": 858.7937001394897, "log10_alpha": -0.8693007307055076, "log10_colsample_bytree": -0.541340287342603, "log10_eta": -1.3279229327126587, "log10_lambda": -1.0874842052494413, "log10_min_child_weight": 0.9866200073765202, "log10_subsample": -0.9977326365522976, "max_depth": 3.0, "num_boost_round": 15.0}, "datetime": {"datetime": "2024-01-19 00:25:03", "elapsed": 784.024306, "delta": 0.001075}}
