{"target": -13.758220997331707, "params": {"gamma": 487.9789572374408, "log10_alpha": -0.791745516183882, "log10_colsample_bytree": -0.8301451760360896, "log10_eta": -3.4044485458334353, "log10_lambda": -0.5469785280224659, "log10_min_child_weight": 1.393236873106175, "log10_subsample": -0.15313399774939185, "max_depth": 6.0, "num_boost_round": 32.0}, "datetime": {"datetime": "2024-01-19 01:13:01", "elapsed": 3685.250242, "delta": 0.004559}}
{"target": -13.758214612685965, "params": {"gamma": 487.9789572374408, "log10_alpha": -0.791745516183882, "log10_colsample_bytree": -0.8301451760360896, "log10_eta": -3.4044485458334353, "log10_lambda": -0.5469785280224659, "log10_min_child_weight": 1.393236873106175, "log10_subsample": -0.15313399774939185, "max_depth": 6.0, "num_boost_round": 33.0}, "datetime": {"datetime": "2024-01-19 01:13:01", "elapsed": 3685.254998, "delta": 0.004756}}
{"target": -13.758195683914929, "params": {"gamma": 487.9789572374408, "log10_alpha": -0.791745516183882, "log10_colsample_bytree": -0.8301451760360896, "log10_eta": -3.4044485458334353, "log10_lambda": -0.5469785280224659, "log10_min_child_weight": 1.393236873106175, "log10_subsample": -0.15313399774939185, "max_depth": 6.0, "num_boost_round": 34.0}, "datetime": {"datetime": "2024-01-19 01:13:01", "elapsed": 3685.259581, "delta": 0.004583}}
{"target": -13.758193560118514, "params": {"gamma": 487.9789572374408, "log10_alpha": -0.791745516183882, "log10_colsample_bytree": -0.8301451760360896, "log10_eta": -3.4044485458334353, "log10_lambda": -0.5469785280224659, "log10_min_child_weight": 1.393236873106175, "log10_subsample": -0.15313399774939185, "max_depth": 6.0, "num_boost_round": 35.0}, "datetime": {"datetime": "2024-01-19 01:13:01", "elapsed": 3685.26414, "delta": 0.004559}}
{"target": -13.758194857485105, "params": {"gamma": 487.9789572374408, "log10_alpha": -0.791745516183882, "log10_colsample_bytree": -0.8301451760360896, "log10_eta": -3.4044485458334353, "log10_lambda": -0.5469785280224659, "log10_min_child_weight": 1.393236873106175, "log10_subsample": -0.15313399774939185, "max_depth": 6.0, "num_boost_round": 36.0}, "datetime": {"datetime": "2024-01-19 01:13:01", "elapsed": 3685.268675, "delta": 0.004535}}
{"target": -13.758180117448692, "params": {"gamma": 487.9789572374408, "log10_alpha": -0.791745516183882, "log10_colsample_bytree": -0.8301451760360896, "log10_eta": -3.4044485458334353, "log10_lambda": -0.5469785280224659, "log10_min_child_weight": 1.393236873106175, "log10_subsample": -0.15313399774939185, "max_depth": 6.0, "num_boost_round": 37.0}, "datetime": {"datetime": "2024-01-19 01:13:01", "elapsed": 3685.273386, "delta": 0.004711}}
{"target": -13.758167986766283, "params": {"gamma": 487.9789572374408, "log10_alpha": -0.791745516183882, "log10_colsample_bytree": -0.8301451760360896, "log10_eta": -3.4044485458334353, "log10_lambda": -0.5469785280224659, "log10_min_child_weight": 1.393236873106175, "log10_subsample": -0.15313399774939185, "max_depth": 6.0, "num_boost_round": 38.0}, "datetime": {"datetime": "2024-01-19 01:13:01", "elapsed": 3685.2779, "delta": 0.004514}}
{"target": -13.758163066862574, "params": {"gamma": 487.9789572374408, "log10_alpha": -0.791745516183882, "log10_colsample_bytree": -0.8301451760360896, "log10_eta": -3.4044485458334353, "log10_lambda": -0.5469785280224659, "log10_min_child_weight": 1.393236873106175, "log10_subsample": -0.15313399774939185, "max_depth": 6.0, "num_boost_round": 39.0}, "datetime": {"datetime": "2024-01-19 01:13:01", "elapsed": 3685.286339, "delta": 0.008439}}
{"target": -13.758148356070544, "params": {"gamma": 487.9789572374408, "log10_alpha": -0.791745516183882, "log10_colsample_bytree": -0.8301451760360896, "log10_eta": -3.4044485458334353, "log10_lambda": -0.5469785280224659, "log10_min_child_weight": 1.393236873106175, "log10_subsample": -0.15313399774939185, "max_depth": 6.0, "num_boost_round": 40.0}, "datetime": {"datetime": "2024-01-19 01:13:01", "elapsed": 3685.2909, "delta": 0.004561}}
{"target": -13.75815289147578, "params": {"gamma": 487.9789572374408, "log10_alpha": -0.791745516183882, "log10_colsample_bytree": -0.8301451760360896, "log10_eta": -3.4044485458334353, "log10_lambda": -0.5469785280224659, "log10_min_child_weight": 1.393236873106175, "log10_subsample": -0.15313399774939185, "max_depth": 6.0, "num_boost_round": 41.0}, "datetime": {"datetime": "2024-01-19 01:13:01", "elapsed": 3685.295666, "delta": 0.004766}}
{"target": -13.758138484617472, "params": {"gamma": 487.9789572374408, "log10_alpha": -0.791745516183882, "log10_colsample_bytree": -0.8301451760360896, "log10_eta": -3.4044485458334353, "log10_lambda": -0.5469785280224659, "log10_min_child_weight": 1.393236873106175, "log10_subsample": -0.15313399774939185, "max_depth": 6.0, "num_boost_round": 42.0}, "datetime": {"datetime": "2024-01-19 01:13:01", "elapsed": 3685.400987, "delta": 0.105321}}
{"target": -13.758131893939524, "params": {"gamma": 487.9789572374408, "log10_alpha": -0.791745516183882, "log10_colsample_bytree": -0.8301451760360896, "log10_eta": -3.4044485458334353, "log10_lambda": -0.5469785280224659, "log10_min_child_weight": 1.393236873106175, "log10_subsample": -0.15313399774939185, "max_depth": 6.0, "num_boost_round": 43.0}, "datetime": {"datetime": "2024-01-19 01:13:01", "elapsed": 3685.406134, "delta": 0.005147}}
{"target": -13.758108194623372, "params": {"gamma": 487.9789572374408, "log10_alpha": -0.791745516183882, "log10_colsample_bytree": -0.8301451760360896, "log10_eta": -3.4044485458334353, "log10_lambda": -0.5469785280224659, "log10_min_child_weight": 1.393236873106175, "log10_subsample": -0.15313399774939185, "max_depth": 6.0, "num_boost_round": 44.0}, "datetime": {"datetime": "2024-01-19 01:13:01", "elapsed": 3685.411175, "delta": 0.005041}}
{"target": -13.758088962770119, "params": {"gamma": 487.9789572374408, "log10_alpha": -0.791745516183882, "log10_colsample_bytree": -0.8301451760360896, "log10_eta": -3.4044485458334353, "log10_lambda": -0.5469785280224659, "log10_min_child_weight": 1.393236873106175, "log10_subsample": -0.15313399774939185, "max_depth": 6.0, "num_boost_round": 45.0}, "datetime": {"datetime": "2024-01-19 01:13:01", "elapsed": 3685.416313, "delta": 0.005138}}
{"target": -13.758093354497618, "params": {"gamma": 487.9789572374408, "log10_alpha": -0.791745516183882, "log10_colsample_bytree": -0.8301451760360896, "log10_eta": -3.4044485458334353, "log10_lambda": -0.5469785280224659, "log10_min_child_weight": 1.393236873106175, "log10_subsample": -0.15313399774939185, "max_depth": 6.0, "num_boost_round": 46.0}, "datetime": {"datetime": "2024-01-19 01:13:01", "elapsed": 3685.421458, "delta": 0.005145}}
{"target": -13.758077789334337, "params": {"gamma": 487.9789572374408, "log10_alpha": -0.791745516183882, "log10_colsample_bytree": -0.8301451760360896, "log10_eta": -3.4044485458334353, "log10_lambda": -0.5469785280224659, "log10_min_child_weight": 1.393236873106175, "log10_subsample": -0.15313399774939185, "max_depth": 6.0, "num_boost_round": 47.0}, "datetime": {"datetime": "2024-01-19 01:13:01", "elapsed": 3685.426142, "delta": 0.004684}}
{"target": -13.758058828451087, "params": {"gamma": 487.9789572374408, "log10_alpha": -0.791745516183882, "log10_colsample_bytree": -0.8301451760360896, "log10_eta": -3.4044485458334353, "log10_lambda": -0.5469785280224659, "log10_min_child_weight": 1.393236873106175, "log10_subsample": -0.15313399774939185, "max_depth": 6.0, "num_boost_round": 48.0}, "datetime": {"datetime": "2024-01-19 01:13:01", "elapsed": 3685.43095, "delta": 0.004808}}
{"target": -13.758066642177036, "params": {"gamma": 487.9789572374408, "log10_alpha": -0.791745516183882, "log10_colsample_bytree": -0.8301451760360896, "log10_eta": -3.4044485458334353, "log10_lambda": -0.5469785280224659, "log10_min_child_weight": 1.393236873106175, "log10_subsample": -0.15313399774939185, "max_depth": 6.0, "num_boost_round": 49.0}, "datetime": {"datetime": "2024-01-19 01:13:01", "elapsed": 3685.435599, "delta": 0.004649}}
{"target": -13.758058830868332, "params": {"gamma": 487.9789572374408, "log10_alpha": -0.791745516183882, "log10_colsample_bytree": -0.8301451760360896, "log10_eta": -3.4044485458334353, "log10_lambda": -0.5469785280224659, "log10_min_child_weight": 1.393236873106175, "log10_subsample": -0.15313399774939185, "max_depth": 6.0, "num_boost_round": 50.0}, "datetime": {"datetime": "2024-01-19 01:13:01", "elapsed": 3685.440163, "delta": 0.004564}}
{"target": -13.75805089700084, "params": {"gamma": 487.9789572374408, "log10_alpha": -0.791745516183882, "log10_colsample_bytree": -0.8301451760360896, "log10_eta": -3.4044485458334353, "log10_lambda": -0.5469785280224659, "log10_min_child_weight": 1.393236873106175, "log10_subsample": -0.15313399774939185, "max_depth": 6.0, "num_boost_round": 51.0}, "datetime": {"datetime": "2024-01-19 01:13:01", "elapsed": 3685.444743, "delta": 0.00458}}
{"target": -13.758052009551474, "params": {"gamma": 487.9789572374408, "log10_alpha": -0.791745516183882, "log10_colsample_bytree": -0.8301451760360896, "log10_eta": -3.4044485458334353, "log10_lambda": -0.5469785280224659, "log10_min_child_weight": 1.393236873106175, "log10_subsample": -0.15313399774939185, "max_depth": 6.0, "num_boost_round": 52.0}, "datetime": {"datetime": "2024-01-19 01:13:01", "elapsed": 3685.449361, "delta": 0.004618}}
{"target": -13.758044788888665, "params": {"gamma": 487.9789572374408, "log10_alpha": -0.791745516183882, "log10_colsample_bytree": -0.8301451760360896, "log10_eta": -3.4044485458334353, "log10_lambda": -0.5469785280224659, "log10_min_child_weight": 1.393236873106175, "log10_subsample": -0.15313399774939185, "max_depth": 6.0, "num_boost_round": 53.0}, "datetime": {"datetime": "2024-01-19 01:13:01", "elapsed": 3685.45394, "delta": 0.004579}}
{"target": -13.758367972713188, "params": {"gamma": 485.10639445862637, "log10_alpha": 0.11245727517066317, "log10_colsample_bytree": -0.5470081576573446, "log10_eta": -1.9274306151532739, "log10_lambda": -0.5341224298695284, "log10_min_child_weight": 1.4659763789103701, "log10_subsample": -0.607112521032142, "max_depth": 7.0, "num_boost_round": 0.0}, "datetime": {"datetime": "2024-01-19 01:15:18", "elapsed": 3822.855644, "delta": 137.401704}}
{"target": -13.757479767002302, "params": {"gamma": 485.10639445862637, "log10_alpha": 0.11245727517066317, "log10_colsample_bytree": -0.5470081576573446, "log10_eta": -1.9274306151532739, "log10_lambda": -0.5341224298695284, "log10_min_child_weight": 1.4659763789103701, "log10_subsample": -0.607112521032142, "max_depth": 7.0, "num_boost_round": 1.0}, "datetime": {"datetime": "2024-01-19 01:15:18", "elapsed": 3822.860589, "delta": 0.004945}}
{"target": -13.75710294881092, "params": {"gamma": 485.10639445862637, "log10_alpha": 0.11245727517066317, "log10_colsample_bytree": -0.5470081576573446, "log10_eta": -1.9274306151532739, "log10_lambda": -0.5341224298695284, "log10_min_child_weight": 1.4659763789103701, "log10_subsample": -0.607112521032142, "max_depth": 7.0, "num_boost_round": 2.0}, "datetime": {"datetime": "2024-01-19 01:15:18", "elapsed": 3822.865235, "delta": 0.004646}}
{"target": -13.75668308430279, "params": {"gamma": 485.10639445862637, "log10_alpha": 0.11245727517066317, "log10_colsample_bytree": -0.5470081576573446, "log10_eta": -1.9274306151532739, "log10_lambda": -0.5341224298695284, "log10_min_child_weight": 1.4659763789103701, "log10_subsample": -0.607112521032142, "max_depth": 7.0, "num_boost_round": 3.0}, "datetime": {"datetime": "2024-01-19 01:15:18", "elapsed": 3822.86987, "delta": 0.004635}}
{"target": -13.756444881098345, "params": {"gamma": 485.10639445862637, "log10_alpha": 0.11245727517066317, "log10_colsample_bytree": -0.5470081576573446, "log10_eta": -1.9274306151532739, "log10_lambda": -0.5341224298695284, "log10_min_child_weight": 1.4659763789103701, "log10_subsample": -0.607112521032142, "max_depth": 7.0, "num_boost_round": 4.0}, "datetime": {"datetime": "2024-01-19 01:15:18", "elapsed": 3822.874555, "delta": 0.004685}}
{"target": -13.756074728923892, "params": {"gamma": 485.10639445862637, "log10_alpha": 0.11245727517066317, "log10_colsample_bytree": -0.5470081576573446, "log10_eta": -1.9274306151532739, "log10_lambda": -0.5341224298695284, "log10_min_child_weight": 1.4659763789103701, "log10_subsample": -0.607112521032142, "max_depth": 7.0, "num_boost_round": 5.0}, "datetime": {"datetime": "2024-01-19 01:15:18", "elapsed": 3822.879372, "delta": 0.004817}}
{"target": -13.755759260519525, "params": {"gamma": 485.10639445862637, "log10_alpha": 0.11245727517066317, "log10_colsample_bytree": -0.5470081576573446, "log10_eta": -1.9274306151532739, "log10_lambda": -0.5341224298695284, "log10_min_child_weight": 1.4659763789103701, "log10_subsample": -0.607112521032142, "max_depth": 7.0, "num_boost_round": 6.0}, "datetime": {"datetime": "2024-01-19 01:15:18", "elapsed": 3822.884016, "delta": 0.004644}}
{"target": -13.755571256737952, "params": {"gamma": 485.10639445862637, "log10_alpha": 0.11245727517066317, "log10_colsample_bytree": -0.5470081576573446, "log10_eta": -1.9274306151532739, "log10_lambda": -0.5341224298695284, "log10_min_child_weight": 1.4659763789103701, "log10_subsample": -0.607112521032142, "max_depth": 7.0, "num_boost_round": 7.0}, "datetime": {"datetime": "2024-01-19 01:15:18", "elapsed": 3822.888596, "delta": 0.00458}}
{"target": -13.755226853435278, "params": {"gamma": 485.10639445862637, "log10_alpha": 0.11245727517066317, "log10_colsample_bytree": -0.5470081576573446, "log10_eta": -1.9274306151532739, "log10_lambda": -0.5341224298695284, "log10_min_child_weight": 1.4659763789103701, "log10_subsample": -0.607112521032142, "max_depth": 7.0, "num_boost_round": 8.0}, "datetime": {"datetime": "2024-01-19 01:15:18", "elapsed": 3822.893105, "delta": 0.004509}}
{"target": -13.754986919883303, "params": {"gamma": 485.10639445862637, "log10_alpha": 0.11245727517066317, "log10_colsample_bytree": -0.5470081576573446, "log10_eta": -1.9274306151532739, "log10_lambda": -0.5341224298695284, "log10_min_child_weight": 1.4659763789103701, "log10_subsample": -0.607112521032142, "max_depth": 7.0, "num_boost_round": 9.0}, "datetime": {"datetime": "2024-01-19 01:15:18", "elapsed": 3822.897665, "delta": 0.00456}}
{"target": -13.754790823107324, "params": {"gamma": 485.10639445862637, "log10_alpha": 0.11245727517066317, "log10_colsample_bytree": -0.5470081576573446, "log10_eta": -1.9274306151532739, "log10_lambda": -0.5341224298695284, "log10_min_child_weight": 1.4659763789103701, "log10_subsample": -0.607112521032142, "max_depth": 7.0, "num_boost_round": 10.0}, "datetime": {"datetime": "2024-01-19 01:15:18", "elapsed": 3822.902192, "delta": 0.004527}}
{"target": -13.754205303817395, "params": {"gamma": 485.10639445862637, "log10_alpha": 0.11245727517066317, "log10_colsample_bytree": -0.5470081576573446, "log10_eta": -1.9274306151532739, "log10_lambda": -0.5341224298695284, "log10_min_child_weight": 1.4659763789103701, "log10_subsample": -0.607112521032142, "max_depth": 7.0, "num_boost_round": 11.0}, "datetime": {"datetime": "2024-01-19 01:15:18", "elapsed": 3822.906868, "delta": 0.004676}}
{"target": -13.754463849751053, "params": {"gamma": 485.10639445862637, "log10_alpha": 0.11245727517066317, "log10_colsample_bytree": -0.5470081576573446, "log10_eta": -1.9274306151532739, "log10_lambda": -0.5341224298695284, "log10_min_child_weight": 1.4659763789103701, "log10_subsample": -0.607112521032142, "max_depth": 7.0, "num_boost_round": 12.0}, "datetime": {"datetime": "2024-01-19 01:15:18", "elapsed": 3822.911452, "delta": 0.004584}}
{"target": -13.75460414876286, "params": {"gamma": 485.10639445862637, "log10_alpha": 0.11245727517066317, "log10_colsample_bytree": -0.5470081576573446, "log10_eta": -1.9274306151532739, "log10_lambda": -0.5341224298695284, "log10_min_child_weight": 1.4659763789103701, "log10_subsample": -0.607112521032142, "max_depth": 7.0, "num_boost_round": 13.0}, "datetime": {"datetime": "2024-01-19 01:15:18", "elapsed": 3822.916056, "delta": 0.004604}}
{"target": -13.75486592966464, "params": {"gamma": 485.10639445862637, "log10_alpha": 0.11245727517066317, "log10_colsample_bytree": -0.5470081576573446, "log10_eta": -1.9274306151532739, "log10_lambda": -0.5341224298695284, "log10_min_child_weight": 1.4659763789103701, "log10_subsample": -0.607112521032142, "max_depth": 7.0, "num_boost_round": 14.0}, "datetime": {"datetime": "2024-01-19 01:15:18", "elapsed": 3822.920958, "delta": 0.004902}}
{"target": -13.754856185621769, "params": {"gamma": 485.10639445862637, "log10_alpha": 0.11245727517066317, "log10_colsample_bytree": -0.5470081576573446, "log10_eta": -1.9274306151532739, "log10_lambda": -0.5341224298695284, "log10_min_child_weight": 1.4659763789103701, "log10_subsample": -0.607112521032142, "max_depth": 7.0, "num_boost_round": 15.0}, "datetime": {"datetime": "2024-01-19 01:15:18", "elapsed": 3822.925653, "delta": 0.004695}}
{"target": -13.754924285703618, "params": {"gamma": 485.10639445862637, "log10_alpha": 0.11245727517066317, "log10_colsample_bytree": -0.5470081576573446, "log10_eta": -1.9274306151532739, "log10_lambda": -0.5341224298695284, "log10_min_child_weight": 1.4659763789103701, "log10_subsample": -0.607112521032142, "max_depth": 7.0, "num_boost_round": 16.0}, "datetime": {"datetime": "2024-01-19 01:15:18", "elapsed": 3822.930379, "delta": 0.004726}}
{"target": -13.754879748173211, "params": {"gamma": 485.10639445862637, "log10_alpha": 0.11245727517066317, "log10_colsample_bytree": -0.5470081576573446, "log10_eta": -1.9274306151532739, "log10_lambda": -0.5341224298695284, "log10_min_child_weight": 1.4659763789103701, "log10_subsample": -0.607112521032142, "max_depth": 7.0, "num_boost_round": 17.0}, "datetime": {"datetime": "2024-01-19 01:15:18", "elapsed": 3822.934998, "delta": 0.004619}}
{"target": -13.755236988193587, "params": {"gamma": 485.10639445862637, "log10_alpha": 0.11245727517066317, "log10_colsample_bytree": -0.5470081576573446, "log10_eta": -1.9274306151532739, "log10_lambda": -0.5341224298695284, "log10_min_child_weight": 1.4659763789103701, "log10_subsample": -0.607112521032142, "max_depth": 7.0, "num_boost_round": 18.0}, "datetime": {"datetime": "2024-01-19 01:15:18", "elapsed": 3822.939483, "delta": 0.004485}}
{"target": -13.754941317072472, "params": {"gamma": 485.10639445862637, "log10_alpha": 0.11245727517066317, "log10_colsample_bytree": -0.5470081576573446, "log10_eta": -1.9274306151532739, "log10_lambda": -0.5341224298695284, "log10_min_child_weight": 1.4659763789103701, "log10_subsample": -0.607112521032142, "max_depth": 7.0, "num_boost_round": 19.0}, "datetime": {"datetime": "2024-01-19 01:15:18", "elapsed": 3822.944139, "delta": 0.004656}}
{"target": -13.754976217893079, "params": {"gamma": 485.10639445862637, "log10_alpha": 0.11245727517066317, "log10_colsample_bytree": -0.5470081576573446, "log10_eta": -1.9274306151532739, "log10_lambda": -0.5341224298695284, "log10_min_child_weight": 1.4659763789103701, "log10_subsample": -0.607112521032142, "max_depth": 7.0, "num_boost_round": 20.0}, "datetime": {"datetime": "2024-01-19 01:15:18", "elapsed": 3822.948631, "delta": 0.004492}}
{"target": -13.754310161703874, "params": {"gamma": 485.10639445862637, "log10_alpha": 0.11245727517066317, "log10_colsample_bytree": -0.5470081576573446, "log10_eta": -1.9274306151532739, "log10_lambda": -0.5341224298695284, "log10_min_child_weight": 1.4659763789103701, "log10_subsample": -0.607112521032142, "max_depth": 7.0, "num_boost_round": 21.0}, "datetime": {"datetime": "2024-01-19 01:15:18", "elapsed": 3822.953266, "delta": 0.004635}}
{"target": -13.754490554771408, "params": {"gamma": 485.10639445862637, "log10_alpha": 0.11245727517066317, "log10_colsample_bytree": -0.5470081576573446, "log10_eta": -1.9274306151532739, "log10_lambda": -0.5341224298695284, "log10_min_child_weight": 1.4659763789103701, "log10_subsample": -0.607112521032142, "max_depth": 7.0, "num_boost_round": 22.0}, "datetime": {"datetime": "2024-01-19 01:15:18", "elapsed": 3822.957783, "delta": 0.004517}}
{"target": -13.754711071229853, "params": {"gamma": 485.10639445862637, "log10_alpha": 0.11245727517066317, "log10_colsample_bytree": -0.5470081576573446, "log10_eta": -1.9274306151532739, "log10_lambda": -0.5341224298695284, "log10_min_child_weight": 1.4659763789103701, "log10_subsample": -0.607112521032142, "max_depth": 7.0, "num_boost_round": 23.0}, "datetime": {"datetime": "2024-01-19 01:15:18", "elapsed": 3822.962495, "delta": 0.004712}}
{"target": -13.75540371603522, "params": {"gamma": 485.10639445862637, "log10_alpha": 0.11245727517066317, "log10_colsample_bytree": -0.5470081576573446, "log10_eta": -1.9274306151532739, "log10_lambda": -0.5341224298695284, "log10_min_child_weight": 1.4659763789103701, "log10_subsample": -0.607112521032142, "max_depth": 7.0, "num_boost_round": 24.0}, "datetime": {"datetime": "2024-01-19 01:15:18", "elapsed": 3822.96709, "delta": 0.004595}}
{"target": -13.75538114281961, "params": {"gamma": 485.10639445862637, "log10_alpha": 0.11245727517066317, "log10_colsample_bytree": -0.5470081576573446, "log10_eta": -1.9274306151532739, "log10_lambda": -0.5341224298695284, "log10_min_child_weight": 1.4659763789103701, "log10_subsample": -0.607112521032142, "max_depth": 7.0, "num_boost_round": 25.0}, "datetime": {"datetime": "2024-01-19 01:15:18", "elapsed": 3822.971674, "delta": 0.004584}}
{"target": -13.755416719299232, "params": {"gamma": 485.10639445862637, "log10_alpha": 0.11245727517066317, "log10_colsample_bytree": -0.5470081576573446, "log10_eta": -1.9274306151532739, "log10_lambda": -0.5341224298695284, "log10_min_child_weight": 1.4659763789103701, "log10_subsample": -0.607112521032142, "max_depth": 7.0, "num_boost_round": 26.0}, "datetime": {"datetime": "2024-01-19 01:15:18", "elapsed": 3822.976236, "delta": 0.004562}}
