{"target": -17.67334239531124, "params": {"gamma": 429.1338433774322, "log10_alpha": -0.4355349719689281, "log10_colsample_bytree": -0.8632253045162505, "log10_eta": -1.8458842183773223, "log10_lambda": -0.9185835724291698, "log10_min_child_weight": 0.33589603547900027, "log10_subsample": -0.22743822082448661, "max_depth": 9.0, "num_boost_round": 10.0}, "datetime": {"datetime": "2024-01-19 00:28:40", "elapsed": 1024.832446, "delta": 0.001158}}
{"target": -17.673435519635436, "params": {"gamma": 429.1338433774322, "log10_alpha": -0.4355349719689281, "log10_colsample_bytree": -0.8632253045162505, "log10_eta": -1.8458842183773223, "log10_lambda": -0.9185835724291698, "log10_min_child_weight": 0.33589603547900027, "log10_subsample": -0.22743822082448661, "max_depth": 9.0, "num_boost_round": 11.0}, "datetime": {"datetime": "2024-01-19 00:28:40", "elapsed": 1024.833609, "delta": 0.001163}}
{"target": -17.671554816336347, "params": {"gamma": 429.1338433774322, "log10_alpha": -0.4355349719689281, "log10_colsample_bytree": -0.8632253045162505, "log10_eta": -1.8458842183773223, "log10_lambda": -0.9185835724291698, "log10_min_child_weight": 0.33589603547900027, "log10_subsample": -0.22743822082448661, "max_depth": 9.0, "num_boost_round": 12.0}, "datetime": {"datetime": "2024-01-19 00:28:40", "elapsed": 1024.834892, "delta": 0.001283}}
{"target": -17.671356464240972, "params": {"gamma": 429.1338433774322, "log10_alpha": -0.4355349719689281, "log10_colsample_bytree": -0.8632253045162505, "log10_eta": -1.8458842183773223, "log10_lambda": -0.9185835724291698, "log10_min_child_weight": 0.33589603547900027, "log10_subsample": -0.22743822082448661, "max_depth": 9.0, "num_boost_round": 13.0}, "datetime": {"datetime": "2024-01-19 00:28:40", "elapsed": 1024.83606, "delta": 0.001168}}
{"target": -17.670921077571446, "params": {"gamma": 429.1338433774322, "log10_alpha": -0.4355349719689281, "log10_colsample_bytree": -0.8632253045162505, "log10_eta": -1.8458842183773223, "log10_lambda": -0.9185835724291698, "log10_min_child_weight": 0.33589603547900027, "log10_subsample": -0.22743822082448661, "max_depth": 9.0, "num_boost_round": 14.0}, "datetime": {"datetime": "2024-01-19 00:28:40", "elapsed": 1024.837241, "delta": 0.001181}}
{"target": -17.67012423221211, "params": {"gamma": 429.1338433774322, "log10_alpha": -0.4355349719689281, "log10_colsample_bytree": -0.8632253045162505, "log10_eta": -1.8458842183773223, "log10_lambda": -0.9185835724291698, "log10_min_child_weight": 0.33589603547900027, "log10_subsample": -0.22743822082448661, "max_depth": 9.0, "num_boost_round": 15.0}, "datetime": {"datetime": "2024-01-19 00:28:40", "elapsed": 1024.838405, "delta": 0.001164}}
{"target": -17.677354817568844, "params": {"gamma": 429.8838425373747, "log10_alpha": -2.3510756879339523, "log10_colsample_bytree": -0.4854362956917966, "log10_eta": -0.5717915586777971, "log10_lambda": -2.07992093927537, "log10_min_child_weight": 4.90199275373508, "log10_subsample": -0.6073665704101798, "max_depth": 7.0, "num_boost_round": 0.0}, "datetime": {"datetime": "2024-01-19 00:29:04", "elapsed": 1048.661212, "delta": 23.822807}}
{"target": -17.67600022648946, "params": {"gamma": 429.8838425373747, "log10_alpha": -2.3510756879339523, "log10_colsample_bytree": -0.4854362956917966, "log10_eta": -0.5717915586777971, "log10_lambda": -2.07992093927537, "log10_min_child_weight": 4.90199275373508, "log10_subsample": -0.6073665704101798, "max_depth": 7.0, "num_boost_round": 1.0}, "datetime": {"datetime": "2024-01-19 00:29:04", "elapsed": 1048.662553, "delta": 0.001341}}
{"target": -17.678501754094974, "params": {"gamma": 429.8838425373747, "log10_alpha": -2.3510756879339523, "log10_colsample_bytree": -0.4854362956917966, "log10_eta": -0.5717915586777971, "log10_lambda": -2.07992093927537, "log10_min_child_weight": 4.90199275373508, "log10_subsample": -0.6073665704101798, "max_depth": 7.0, "num_boost_round": 2.0}, "datetime": {"datetime": "2024-01-19 00:29:04", "elapsed": 1048.664402, "delta": 0.001849}}
{"target": -17.6807325435881, "params": {"gamma": 429.8838425373747, "log10_alpha": -2.3510756879339523, "log10_colsample_bytree": -0.4854362956917966, "log10_eta": -0.5717915586777971, "log10_lambda": -2.07992093927537, "log10_min_child_weight": 4.90199275373508, "log10_subsample": -0.6073665704101798, "max_depth": 7.0, "num_boost_round": 3.0}, "datetime": {"datetime": "2024-01-19 00:29:04", "elapsed": 1048.665801, "delta": 0.001399}}
{"target": -17.67985320879957, "params": {"gamma": 429.8838425373747, "log10_alpha": -2.3510756879339523, "log10_colsample_bytree": -0.4854362956917966, "log10_eta": -0.5717915586777971, "log10_lambda": -2.07992093927537, "log10_min_child_weight": 4.90199275373508, "log10_subsample": -0.6073665704101798, "max_depth": 7.0, "num_boost_round": 4.0}, "datetime": {"datetime": "2024-01-19 00:29:04", "elapsed": 1048.666967, "delta": 0.001166}}
{"target": -17.67861445304553, "params": {"gamma": 429.8838425373747, "log10_alpha": -2.3510756879339523, "log10_colsample_bytree": -0.4854362956917966, "log10_eta": -0.5717915586777971, "log10_lambda": -2.07992093927537, "log10_min_child_weight": 4.90199275373508, "log10_subsample": -0.6073665704101798, "max_depth": 7.0, "num_boost_round": 5.0}, "datetime": {"datetime": "2024-01-19 00:29:04", "elapsed": 1048.668133, "delta": 0.001166}}
{"target": -17.679682474218982, "params": {"gamma": 429.8838425373747, "log10_alpha": -2.3510756879339523, "log10_colsample_bytree": -0.4854362956917966, "log10_eta": -0.5717915586777971, "log10_lambda": -2.07992093927537, "log10_min_child_weight": 4.90199275373508, "log10_subsample": -0.6073665704101798, "max_depth": 7.0, "num_boost_round": 6.0}, "datetime": {"datetime": "2024-01-19 00:29:04", "elapsed": 1048.669289, "delta": 0.001156}}
{"target": -17.680964529159525, "params": {"gamma": 429.8838425373747, "log10_alpha": -2.3510756879339523, "log10_colsample_bytree": -0.4854362956917966, "log10_eta": -0.5717915586777971, "log10_lambda": -2.07992093927537, "log10_min_child_weight": 4.90199275373508, "log10_subsample": -0.6073665704101798, "max_depth": 7.0, "num_boost_round": 7.0}, "datetime": {"datetime": "2024-01-19 00:29:04", "elapsed": 1048.670453, "delta": 0.001164}}
{"target": -17.68139836938906, "params": {"gamma": 429.8838425373747, "log10_alpha": -2.3510756879339523, "log10_colsample_bytree": -0.4854362956917966, "log10_eta": -0.5717915586777971, "log10_lambda": -2.07992093927537, "log10_min_child_weight": 4.90199275373508, "log10_subsample": -0.6073665704101798, "max_depth": 7.0, "num_boost_round": 8.0}, "datetime": {"datetime": "2024-01-19 00:29:04", "elapsed": 1048.671712, "delta": 0.001259}}
{"target": -17.68150803541183, "params": {"gamma": 429.8838425373747, "log10_alpha": -2.3510756879339523, "log10_colsample_bytree": -0.4854362956917966, "log10_eta": -0.5717915586777971, "log10_lambda": -2.07992093927537, "log10_min_child_weight": 4.90199275373508, "log10_subsample": -0.6073665704101798, "max_depth": 7.0, "num_boost_round": 9.0}, "datetime": {"datetime": "2024-01-19 00:29:04", "elapsed": 1048.672872, "delta": 0.00116}}
{"target": -17.68195904247098, "params": {"gamma": 429.8838425373747, "log10_alpha": -2.3510756879339523, "log10_colsample_bytree": -0.4854362956917966, "log10_eta": -0.5717915586777971, "log10_lambda": -2.07992093927537, "log10_min_child_weight": 4.90199275373508, "log10_subsample": -0.6073665704101798, "max_depth": 7.0, "num_boost_round": 10.0}, "datetime": {"datetime": "2024-01-19 00:29:04", "elapsed": 1048.674304, "delta": 0.001432}}
{"target": -17.681705529923008, "params": {"gamma": 429.8838425373747, "log10_alpha": -2.3510756879339523, "log10_colsample_bytree": -0.4854362956917966, "log10_eta": -0.5717915586777971, "log10_lambda": -2.07992093927537, "log10_min_child_weight": 4.90199275373508, "log10_subsample": -0.6073665704101798, "max_depth": 7.0, "num_boost_round": 11.0}, "datetime": {"datetime": "2024-01-19 00:29:04", "elapsed": 1048.675547, "delta": 0.001243}}
{"target": -17.683419237768483, "params": {"gamma": 429.8838425373747, "log10_alpha": -2.3510756879339523, "log10_colsample_bytree": -0.4854362956917966, "log10_eta": -0.5717915586777971, "log10_lambda": -2.07992093927537, "log10_min_child_weight": 4.90199275373508, "log10_subsample": -0.6073665704101798, "max_depth": 7.0, "num_boost_round": 12.0}, "datetime": {"datetime": "2024-01-19 00:29:04", "elapsed": 1048.676782, "delta": 0.001235}}
{"target": -17.68484815264183, "params": {"gamma": 429.8838425373747, "log10_alpha": -2.3510756879339523, "log10_colsample_bytree": -0.4854362956917966, "log10_eta": -0.5717915586777971, "log10_lambda": -2.07992093927537, "log10_min_child_weight": 4.90199275373508, "log10_subsample": -0.6073665704101798, "max_depth": 7.0, "num_boost_round": 13.0}, "datetime": {"datetime": "2024-01-19 00:29:04", "elapsed": 1048.678039, "delta": 0.001257}}
{"target": -17.686745181446415, "params": {"gamma": 429.8838425373747, "log10_alpha": -2.3510756879339523, "log10_colsample_bytree": -0.4854362956917966, "log10_eta": -0.5717915586777971, "log10_lambda": -2.07992093927537, "log10_min_child_weight": 4.90199275373508, "log10_subsample": -0.6073665704101798, "max_depth": 7.0, "num_boost_round": 14.0}, "datetime": {"datetime": "2024-01-19 00:29:04", "elapsed": 1048.679209, "delta": 0.00117}}
{"target": -17.67645247691714, "params": {"gamma": 457.84840277609305, "log10_alpha": -3.683767005442992, "log10_colsample_bytree": -0.9573265511517159, "log10_eta": -1.7081216874469196, "log10_lambda": 0.7808442388670178, "log10_min_child_weight": 1.8161242974659935, "log10_subsample": -0.7753111629849951, "max_depth": 6.0, "num_boost_round": 0.0}, "datetime": {"datetime": "2024-01-19 00:29:25", "elapsed": 1069.996647, "delta": 21.317438}}
{"target": -17.676091555139976, "params": {"gamma": 457.84840277609305, "log10_alpha": -3.683767005442992, "log10_colsample_bytree": -0.9573265511517159, "log10_eta": -1.7081216874469196, "log10_lambda": 0.7808442388670178, "log10_min_child_weight": 1.8161242974659935, "log10_subsample": -0.7753111629849951, "max_depth": 6.0, "num_boost_round": 1.0}, "datetime": {"datetime": "2024-01-19 00:29:25", "elapsed": 1069.998159, "delta": 0.001512}}
{"target": -17.676334884837345, "params": {"gamma": 457.84840277609305, "log10_alpha": -3.683767005442992, "log10_colsample_bytree": -0.9573265511517159, "log10_eta": -1.7081216874469196, "log10_lambda": 0.7808442388670178, "log10_min_child_weight": 1.8161242974659935, "log10_subsample": -0.7753111629849951, "max_depth": 6.0, "num_boost_round": 2.0}, "datetime": {"datetime": "2024-01-19 00:29:25", "elapsed": 1069.999602, "delta": 0.001443}}
{"target": -17.67574242483239, "params": {"gamma": 457.84840277609305, "log10_alpha": -3.683767005442992, "log10_colsample_bytree": -0.9573265511517159, "log10_eta": -1.7081216874469196, "log10_lambda": 0.7808442388670178, "log10_min_child_weight": 1.8161242974659935, "log10_subsample": -0.7753111629849951, "max_depth": 6.0, "num_boost_round": 3.0}, "datetime": {"datetime": "2024-01-19 00:29:25", "elapsed": 1070.00105, "delta": 0.001448}}
{"target": -17.673870385017224, "params": {"gamma": 457.84840277609305, "log10_alpha": -3.683767005442992, "log10_colsample_bytree": -0.9573265511517159, "log10_eta": -1.7081216874469196, "log10_lambda": 0.7808442388670178, "log10_min_child_weight": 1.8161242974659935, "log10_subsample": -0.7753111629849951, "max_depth": 6.0, "num_boost_round": 4.0}, "datetime": {"datetime": "2024-01-19 00:29:25", "elapsed": 1070.002409, "delta": 0.001359}}
{"target": -17.673867058627845, "params": {"gamma": 457.84840277609305, "log10_alpha": -3.683767005442992, "log10_colsample_bytree": -0.9573265511517159, "log10_eta": -1.7081216874469196, "log10_lambda": 0.7808442388670178, "log10_min_child_weight": 1.8161242974659935, "log10_subsample": -0.7753111629849951, "max_depth": 6.0, "num_boost_round": 5.0}, "datetime": {"datetime": "2024-01-19 00:29:25", "elapsed": 1070.00382, "delta": 0.001411}}
{"target": -17.674420377278185, "params": {"gamma": 457.84840277609305, "log10_alpha": -3.683767005442992, "log10_colsample_bytree": -0.9573265511517159, "log10_eta": -1.7081216874469196, "log10_lambda": 0.7808442388670178, "log10_min_child_weight": 1.8161242974659935, "log10_subsample": -0.7753111629849951, "max_depth": 6.0, "num_boost_round": 6.0}, "datetime": {"datetime": "2024-01-19 00:29:25", "elapsed": 1070.005001, "delta": 0.001181}}
{"target": -17.67366756910618, "params": {"gamma": 457.84840277609305, "log10_alpha": -3.683767005442992, "log10_colsample_bytree": -0.9573265511517159, "log10_eta": -1.7081216874469196, "log10_lambda": 0.7808442388670178, "log10_min_child_weight": 1.8161242974659935, "log10_subsample": -0.7753111629849951, "max_depth": 6.0, "num_boost_round": 7.0}, "datetime": {"datetime": "2024-01-19 00:29:25", "elapsed": 1070.006218, "delta": 0.001217}}
{"target": -17.674133856524634, "params": {"gamma": 457.84840277609305, "log10_alpha": -3.683767005442992, "log10_colsample_bytree": -0.9573265511517159, "log10_eta": -1.7081216874469196, "log10_lambda": 0.7808442388670178, "log10_min_child_weight": 1.8161242974659935, "log10_subsample": -0.7753111629849951, "max_depth": 6.0, "num_boost_round": 8.0}, "datetime": {"datetime": "2024-01-19 00:29:25", "elapsed": 1070.007401, "delta": 0.001183}}
{"target": -17.67386784103406, "params": {"gamma": 457.84840277609305, "log10_alpha": -3.683767005442992, "log10_colsample_bytree": -0.9573265511517159, "log10_eta": -1.7081216874469196, "log10_lambda": 0.7808442388670178, "log10_min_child_weight": 1.8161242974659935, "log10_subsample": -0.7753111629849951, "max_depth": 6.0, "num_boost_round": 9.0}, "datetime": {"datetime": "2024-01-19 00:29:25", "elapsed": 1070.008612, "delta": 0.001211}}
{"target": -17.6772136137071, "params": {"gamma": 454.2313616997644, "log10_alpha": -3.88484004329451, "log10_colsample_bytree": -0.010222106496372674, "log10_eta": -3.5061143249534794, "log10_lambda": 0.40762249151778107, "log10_min_child_weight": 0.7507961744947661, "log10_subsample": -0.23832589492901335, "max_depth": 5.0, "num_boost_round": 0.0}, "datetime": {"datetime": "2024-01-19 00:29:48", "elapsed": 1093.004018, "delta": 22.995406}}
{"target": -17.67719590612231, "params": {"gamma": 454.2313616997644, "log10_alpha": -3.88484004329451, "log10_colsample_bytree": -0.010222106496372674, "log10_eta": -3.5061143249534794, "log10_lambda": 0.40762249151778107, "log10_min_child_weight": 0.7507961744947661, "log10_subsample": -0.23832589492901335, "max_depth": 5.0, "num_boost_round": 1.0}, "datetime": {"datetime": "2024-01-19 00:29:48", "elapsed": 1093.005367, "delta": 0.001349}}
{"target": -17.6771924058039, "params": {"gamma": 454.2313616997644, "log10_alpha": -3.88484004329451, "log10_colsample_bytree": -0.010222106496372674, "log10_eta": -3.5061143249534794, "log10_lambda": 0.40762249151778107, "log10_min_child_weight": 0.7507961744947661, "log10_subsample": -0.23832589492901335, "max_depth": 5.0, "num_boost_round": 2.0}, "datetime": {"datetime": "2024-01-19 00:29:48", "elapsed": 1093.006692, "delta": 0.001325}}
{"target": -17.67717277533557, "params": {"gamma": 454.2313616997644, "log10_alpha": -3.88484004329451, "log10_colsample_bytree": -0.010222106496372674, "log10_eta": -3.5061143249534794, "log10_lambda": 0.40762249151778107, "log10_min_child_weight": 0.7507961744947661, "log10_subsample": -0.23832589492901335, "max_depth": 5.0, "num_boost_round": 3.0}, "datetime": {"datetime": "2024-01-19 00:29:48", "elapsed": 1093.008128, "delta": 0.001436}}
{"target": -17.677170121412455, "params": {"gamma": 454.2313616997644, "log10_alpha": -3.88484004329451, "log10_colsample_bytree": -0.010222106496372674, "log10_eta": -3.5061143249534794, "log10_lambda": 0.40762249151778107, "log10_min_child_weight": 0.7507961744947661, "log10_subsample": -0.23832589492901335, "max_depth": 5.0, "num_boost_round": 4.0}, "datetime": {"datetime": "2024-01-19 00:29:48", "elapsed": 1093.009335, "delta": 0.001207}}
{"target": -17.6771473597225, "params": {"gamma": 454.2313616997644, "log10_alpha": -3.88484004329451, "log10_colsample_bytree": -0.010222106496372674, "log10_eta": -3.5061143249534794, "log10_lambda": 0.40762249151778107, "log10_min_child_weight": 0.7507961744947661, "log10_subsample": -0.23832589492901335, "max_depth": 5.0, "num_boost_round": 5.0}, "datetime": {"datetime": "2024-01-19 00:29:48", "elapsed": 1093.010535, "delta": 0.0012}}
{"target": -17.677126789135496, "params": {"gamma": 454.2313616997644, "log10_alpha": -3.88484004329451, "log10_colsample_bytree": -0.010222106496372674, "log10_eta": -3.5061143249534794, "log10_lambda": 0.40762249151778107, "log10_min_child_weight": 0.7507961744947661, "log10_subsample": -0.23832589492901335, "max_depth": 5.0, "num_boost_round": 6.0}, "datetime": {"datetime": "2024-01-19 00:29:48", "elapsed": 1093.012034, "delta": 0.001499}}
{"target": -17.677107590505063, "params": {"gamma": 454.2313616997644, "log10_alpha": -3.88484004329451, "log10_colsample_bytree": -0.010222106496372674, "log10_eta": -3.5061143249534794, "log10_lambda": 0.40762249151778107, "log10_min_child_weight": 0.7507961744947661, "log10_subsample": -0.23832589492901335, "max_depth": 5.0, "num_boost_round": 7.0}, "datetime": {"datetime": "2024-01-19 00:29:48", "elapsed": 1093.014067, "delta": 0.002033}}
{"target": -17.67709782111007, "params": {"gamma": 454.2313616997644, "log10_alpha": -3.88484004329451, "log10_colsample_bytree": -0.010222106496372674, "log10_eta": -3.5061143249534794, "log10_lambda": 0.40762249151778107, "log10_min_child_weight": 0.7507961744947661, "log10_subsample": -0.23832589492901335, "max_depth": 5.0, "num_boost_round": 8.0}, "datetime": {"datetime": "2024-01-19 00:29:48", "elapsed": 1093.01527, "delta": 0.001203}}
{"target": -17.677075664634994, "params": {"gamma": 454.2313616997644, "log10_alpha": -3.88484004329451, "log10_colsample_bytree": -0.010222106496372674, "log10_eta": -3.5061143249534794, "log10_lambda": 0.40762249151778107, "log10_min_child_weight": 0.7507961744947661, "log10_subsample": -0.23832589492901335, "max_depth": 5.0, "num_boost_round": 9.0}, "datetime": {"datetime": "2024-01-19 00:29:48", "elapsed": 1093.016489, "delta": 0.001219}}
{"target": -17.67705418741569, "params": {"gamma": 454.2313616997644, "log10_alpha": -3.88484004329451, "log10_colsample_bytree": -0.010222106496372674, "log10_eta": -3.5061143249534794, "log10_lambda": 0.40762249151778107, "log10_min_child_weight": 0.7507961744947661, "log10_subsample": -0.23832589492901335, "max_depth": 5.0, "num_boost_round": 10.0}, "datetime": {"datetime": "2024-01-19 00:29:48", "elapsed": 1093.017708, "delta": 0.001219}}
{"target": -17.677035558477126, "params": {"gamma": 454.2313616997644, "log10_alpha": -3.88484004329451, "log10_colsample_bytree": -0.010222106496372674, "log10_eta": -3.5061143249534794, "log10_lambda": 0.40762249151778107, "log10_min_child_weight": 0.7507961744947661, "log10_subsample": -0.23832589492901335, "max_depth": 5.0, "num_boost_round": 11.0}, "datetime": {"datetime": "2024-01-19 00:29:48", "elapsed": 1093.018901, "delta": 0.001193}}
{"target": -17.67701243137303, "params": {"gamma": 454.2313616997644, "log10_alpha": -3.88484004329451, "log10_colsample_bytree": -0.010222106496372674, "log10_eta": -3.5061143249534794, "log10_lambda": 0.40762249151778107, "log10_min_child_weight": 0.7507961744947661, "log10_subsample": -0.23832589492901335, "max_depth": 5.0, "num_boost_round": 12.0}, "datetime": {"datetime": "2024-01-19 00:29:48", "elapsed": 1093.020095, "delta": 0.001194}}
{"target": -17.677198809377668, "params": {"gamma": 436.4674042697605, "log10_alpha": -2.032111881327105, "log10_colsample_bytree": -0.49594312771839033, "log10_eta": -3.170833368825778, "log10_lambda": -1.6570035235971101, "log10_min_child_weight": 3.884788609984585, "log10_subsample": -0.4111226983955045, "max_depth": 9.0, "num_boost_round": 0.0}, "datetime": {"datetime": "2024-01-19 00:30:13", "elapsed": 1117.998936, "delta": 24.978841}}
{"target": -17.67718702146931, "params": {"gamma": 436.4674042697605, "log10_alpha": -2.032111881327105, "log10_colsample_bytree": -0.49594312771839033, "log10_eta": -3.170833368825778, "log10_lambda": -1.6570035235971101, "log10_min_child_weight": 3.884788609984585, "log10_subsample": -0.4111226983955045, "max_depth": 9.0, "num_boost_round": 1.0}, "datetime": {"datetime": "2024-01-19 00:30:13", "elapsed": 1118.000589, "delta": 0.001653}}
{"target": -17.677170516209344, "params": {"gamma": 436.4674042697605, "log10_alpha": -2.032111881327105, "log10_colsample_bytree": -0.49594312771839033, "log10_eta": -3.170833368825778, "log10_lambda": -1.6570035235971101, "log10_min_child_weight": 3.884788609984585, "log10_subsample": -0.4111226983955045, "max_depth": 9.0, "num_boost_round": 2.0}, "datetime": {"datetime": "2024-01-19 00:30:13", "elapsed": 1118.00204, "delta": 0.001451}}
{"target": -17.67717092422939, "params": {"gamma": 436.4674042697605, "log10_alpha": -2.032111881327105, "log10_colsample_bytree": -0.49594312771839033, "log10_eta": -3.170833368825778, "log10_lambda": -1.6570035235971101, "log10_min_child_weight": 3.884788609984585, "log10_subsample": -0.4111226983955045, "max_depth": 9.0, "num_boost_round": 3.0}, "datetime": {"datetime": "2024-01-19 00:30:13", "elapsed": 1118.003261, "delta": 0.001221}}
{"target": -17.67715319625093, "params": {"gamma": 436.4674042697605, "log10_alpha": -2.032111881327105, "log10_colsample_bytree": -0.49594312771839033, "log10_eta": -3.170833368825778, "log10_lambda": -1.6570035235971101, "log10_min_child_weight": 3.884788609984585, "log10_subsample": -0.4111226983955045, "max_depth": 9.0, "num_boost_round": 4.0}, "datetime": {"datetime": "2024-01-19 00:30:13", "elapsed": 1118.004477, "delta": 0.001216}}
