{"target": -17.676973845415972, "params": {"gamma": 611.1668649277518, "log10_alpha": -1.8351120104394658, "log10_colsample_bytree": -0.7861058619544536, "log10_eta": -3.738231415685268, "log10_lambda": -4.2812196818335835, "log10_min_child_weight": 3.656032899846661, "log10_subsample": -0.03522974563135328, "max_depth": 8.0, "num_boost_round": 44.0}, "datetime": {"datetime": "2024-01-19 01:57:17", "elapsed": 6334.605294, "delta": 0.005172}}
{"target": -17.676963910228636, "params": {"gamma": 611.1668649277518, "log10_alpha": -1.8351120104394658, "log10_colsample_bytree": -0.7861058619544536, "log10_eta": -3.738231415685268, "log10_lambda": -4.2812196818335835, "log10_min_child_weight": 3.656032899846661, "log10_subsample": -0.03522974563135328, "max_depth": 8.0, "num_boost_round": 45.0}, "datetime": {"datetime": "2024-01-19 01:57:17", "elapsed": 6334.610567, "delta": 0.005273}}
{"target": -17.67696172926283, "params": {"gamma": 611.1668649277518, "log10_alpha": -1.8351120104394658, "log10_colsample_bytree": -0.7861058619544536, "log10_eta": -3.738231415685268, "log10_lambda": -4.2812196818335835, "log10_min_child_weight": 3.656032899846661, "log10_subsample": -0.03522974563135328, "max_depth": 8.0, "num_boost_round": 46.0}, "datetime": {"datetime": "2024-01-19 01:57:17", "elapsed": 6334.615798, "delta": 0.005231}}
{"target": -17.67695536404107, "params": {"gamma": 611.1668649277518, "log10_alpha": -1.8351120104394658, "log10_colsample_bytree": -0.7861058619544536, "log10_eta": -3.738231415685268, "log10_lambda": -4.2812196818335835, "log10_min_child_weight": 3.656032899846661, "log10_subsample": -0.03522974563135328, "max_depth": 8.0, "num_boost_round": 47.0}, "datetime": {"datetime": "2024-01-19 01:57:17", "elapsed": 6334.621233, "delta": 0.005435}}
{"target": -17.676956564628668, "params": {"gamma": 611.1668649277518, "log10_alpha": -1.8351120104394658, "log10_colsample_bytree": -0.7861058619544536, "log10_eta": -3.738231415685268, "log10_lambda": -4.2812196818335835, "log10_min_child_weight": 3.656032899846661, "log10_subsample": -0.03522974563135328, "max_depth": 8.0, "num_boost_round": 48.0}, "datetime": {"datetime": "2024-01-19 01:57:17", "elapsed": 6334.626774, "delta": 0.005541}}
{"target": -17.676957944676275, "params": {"gamma": 611.1668649277518, "log10_alpha": -1.8351120104394658, "log10_colsample_bytree": -0.7861058619544536, "log10_eta": -3.738231415685268, "log10_lambda": -4.2812196818335835, "log10_min_child_weight": 3.656032899846661, "log10_subsample": -0.03522974563135328, "max_depth": 8.0, "num_boost_round": 49.0}, "datetime": {"datetime": "2024-01-19 01:57:17", "elapsed": 6334.632344, "delta": 0.00557}}
{"target": -17.676959412119466, "params": {"gamma": 611.1668649277518, "log10_alpha": -1.8351120104394658, "log10_colsample_bytree": -0.7861058619544536, "log10_eta": -3.738231415685268, "log10_lambda": -4.2812196818335835, "log10_min_child_weight": 3.656032899846661, "log10_subsample": -0.03522974563135328, "max_depth": 8.0, "num_boost_round": 50.0}, "datetime": {"datetime": "2024-01-19 01:57:17", "elapsed": 6334.637679, "delta": 0.005335}}
{"target": -17.66595584735077, "params": {"gamma": 603.280986280676, "log10_alpha": -2.8807960739279252, "log10_colsample_bytree": -0.46812530317415746, "log10_eta": -0.7510121782511119, "log10_lambda": -3.711138087816808, "log10_min_child_weight": 1.768367944233515, "log10_subsample": -0.4310848740055494, "max_depth": 4.0, "num_boost_round": 0.0}, "datetime": {"datetime": "2024-01-19 01:58:51", "elapsed": 6428.600764, "delta": 93.963085}}
{"target": -17.666746400429204, "params": {"gamma": 603.280986280676, "log10_alpha": -2.8807960739279252, "log10_colsample_bytree": -0.46812530317415746, "log10_eta": -0.7510121782511119, "log10_lambda": -3.711138087816808, "log10_min_child_weight": 1.768367944233515, "log10_subsample": -0.4310848740055494, "max_depth": 4.0, "num_boost_round": 1.0}, "datetime": {"datetime": "2024-01-19 01:58:51", "elapsed": 6428.607288, "delta": 0.006524}}
{"target": -17.668587512333442, "params": {"gamma": 603.280986280676, "log10_alpha": -2.8807960739279252, "log10_colsample_bytree": -0.46812530317415746, "log10_eta": -0.7510121782511119, "log10_lambda": -3.711138087816808, "log10_min_child_weight": 1.768367944233515, "log10_subsample": -0.4310848740055494, "max_depth": 4.0, "num_boost_round": 2.0}, "datetime": {"datetime": "2024-01-19 01:58:51", "elapsed": 6428.612663, "delta": 0.005375}}
{"target": -17.674278098381993, "params": {"gamma": 603.280986280676, "log10_alpha": -2.8807960739279252, "log10_colsample_bytree": -0.46812530317415746, "log10_eta": -0.7510121782511119, "log10_lambda": -3.711138087816808, "log10_min_child_weight": 1.768367944233515, "log10_subsample": -0.4310848740055494, "max_depth": 4.0, "num_boost_round": 3.0}, "datetime": {"datetime": "2024-01-19 01:58:51", "elapsed": 6428.617848, "delta": 0.005185}}
{"target": -17.674865270567864, "params": {"gamma": 603.280986280676, "log10_alpha": -2.8807960739279252, "log10_colsample_bytree": -0.46812530317415746, "log10_eta": -0.7510121782511119, "log10_lambda": -3.711138087816808, "log10_min_child_weight": 1.768367944233515, "log10_subsample": -0.4310848740055494, "max_depth": 4.0, "num_boost_round": 4.0}, "datetime": {"datetime": "2024-01-19 01:58:51", "elapsed": 6428.623099, "delta": 0.005251}}
{"target": -17.6856798855808, "params": {"gamma": 603.280986280676, "log10_alpha": -2.8807960739279252, "log10_colsample_bytree": -0.46812530317415746, "log10_eta": -0.7510121782511119, "log10_lambda": -3.711138087816808, "log10_min_child_weight": 1.768367944233515, "log10_subsample": -0.4310848740055494, "max_depth": 4.0, "num_boost_round": 5.0}, "datetime": {"datetime": "2024-01-19 01:58:51", "elapsed": 6428.628692, "delta": 0.005593}}
{"target": -17.688875172072432, "params": {"gamma": 603.280986280676, "log10_alpha": -2.8807960739279252, "log10_colsample_bytree": -0.46812530317415746, "log10_eta": -0.7510121782511119, "log10_lambda": -3.711138087816808, "log10_min_child_weight": 1.768367944233515, "log10_subsample": -0.4310848740055494, "max_depth": 4.0, "num_boost_round": 6.0}, "datetime": {"datetime": "2024-01-19 01:58:51", "elapsed": 6428.634102, "delta": 0.00541}}
{"target": -17.695888053724463, "params": {"gamma": 603.280986280676, "log10_alpha": -2.8807960739279252, "log10_colsample_bytree": -0.46812530317415746, "log10_eta": -0.7510121782511119, "log10_lambda": -3.711138087816808, "log10_min_child_weight": 1.768367944233515, "log10_subsample": -0.4310848740055494, "max_depth": 4.0, "num_boost_round": 7.0}, "datetime": {"datetime": "2024-01-19 01:58:51", "elapsed": 6428.639498, "delta": 0.005396}}
{"target": -17.703089785046778, "params": {"gamma": 603.280986280676, "log10_alpha": -2.8807960739279252, "log10_colsample_bytree": -0.46812530317415746, "log10_eta": -0.7510121782511119, "log10_lambda": -3.711138087816808, "log10_min_child_weight": 1.768367944233515, "log10_subsample": -0.4310848740055494, "max_depth": 4.0, "num_boost_round": 8.0}, "datetime": {"datetime": "2024-01-19 01:58:51", "elapsed": 6428.644793, "delta": 0.005295}}
{"target": -17.701481747937052, "params": {"gamma": 603.280986280676, "log10_alpha": -2.8807960739279252, "log10_colsample_bytree": -0.46812530317415746, "log10_eta": -0.7510121782511119, "log10_lambda": -3.711138087816808, "log10_min_child_weight": 1.768367944233515, "log10_subsample": -0.4310848740055494, "max_depth": 4.0, "num_boost_round": 9.0}, "datetime": {"datetime": "2024-01-19 01:58:51", "elapsed": 6428.650109, "delta": 0.005316}}
{"target": -17.705799485652108, "params": {"gamma": 603.280986280676, "log10_alpha": -2.8807960739279252, "log10_colsample_bytree": -0.46812530317415746, "log10_eta": -0.7510121782511119, "log10_lambda": -3.711138087816808, "log10_min_child_weight": 1.768367944233515, "log10_subsample": -0.4310848740055494, "max_depth": 4.0, "num_boost_round": 10.0}, "datetime": {"datetime": "2024-01-19 01:58:51", "elapsed": 6428.655911, "delta": 0.005802}}
{"target": -17.711245111216147, "params": {"gamma": 603.280986280676, "log10_alpha": -2.8807960739279252, "log10_colsample_bytree": -0.46812530317415746, "log10_eta": -0.7510121782511119, "log10_lambda": -3.711138087816808, "log10_min_child_weight": 1.768367944233515, "log10_subsample": -0.4310848740055494, "max_depth": 4.0, "num_boost_round": 11.0}, "datetime": {"datetime": "2024-01-19 01:58:51", "elapsed": 6428.661699, "delta": 0.005788}}
{"target": -17.708844714754495, "params": {"gamma": 603.280986280676, "log10_alpha": -2.8807960739279252, "log10_colsample_bytree": -0.46812530317415746, "log10_eta": -0.7510121782511119, "log10_lambda": -3.711138087816808, "log10_min_child_weight": 1.768367944233515, "log10_subsample": -0.4310848740055494, "max_depth": 4.0, "num_boost_round": 12.0}, "datetime": {"datetime": "2024-01-19 01:58:51", "elapsed": 6428.667003, "delta": 0.005304}}
{"target": -17.72817432245238, "params": {"gamma": 603.280986280676, "log10_alpha": -2.8807960739279252, "log10_colsample_bytree": -0.46812530317415746, "log10_eta": -0.7510121782511119, "log10_lambda": -3.711138087816808, "log10_min_child_weight": 1.768367944233515, "log10_subsample": -0.4310848740055494, "max_depth": 4.0, "num_boost_round": 13.0}, "datetime": {"datetime": "2024-01-19 01:58:51", "elapsed": 6428.672213, "delta": 0.00521}}
{"target": -17.732922418241827, "params": {"gamma": 603.280986280676, "log10_alpha": -2.8807960739279252, "log10_colsample_bytree": -0.46812530317415746, "log10_eta": -0.7510121782511119, "log10_lambda": -3.711138087816808, "log10_min_child_weight": 1.768367944233515, "log10_subsample": -0.4310848740055494, "max_depth": 4.0, "num_boost_round": 14.0}, "datetime": {"datetime": "2024-01-19 01:58:51", "elapsed": 6428.67742, "delta": 0.005207}}
{"target": -17.743644450153713, "params": {"gamma": 603.280986280676, "log10_alpha": -2.8807960739279252, "log10_colsample_bytree": -0.46812530317415746, "log10_eta": -0.7510121782511119, "log10_lambda": -3.711138087816808, "log10_min_child_weight": 1.768367944233515, "log10_subsample": -0.4310848740055494, "max_depth": 4.0, "num_boost_round": 15.0}, "datetime": {"datetime": "2024-01-19 01:58:51", "elapsed": 6428.68261, "delta": 0.00519}}
{"target": -17.74973989296222, "params": {"gamma": 603.280986280676, "log10_alpha": -2.8807960739279252, "log10_colsample_bytree": -0.46812530317415746, "log10_eta": -0.7510121782511119, "log10_lambda": -3.711138087816808, "log10_min_child_weight": 1.768367944233515, "log10_subsample": -0.4310848740055494, "max_depth": 4.0, "num_boost_round": 16.0}, "datetime": {"datetime": "2024-01-19 01:58:51", "elapsed": 6428.687904, "delta": 0.005294}}
{"target": -17.780305647338377, "params": {"gamma": 603.280986280676, "log10_alpha": -2.8807960739279252, "log10_colsample_bytree": -0.46812530317415746, "log10_eta": -0.7510121782511119, "log10_lambda": -3.711138087816808, "log10_min_child_weight": 1.768367944233515, "log10_subsample": -0.4310848740055494, "max_depth": 4.0, "num_boost_round": 17.0}, "datetime": {"datetime": "2024-01-19 01:58:51", "elapsed": 6428.693326, "delta": 0.005422}}
{"target": -17.78191993642091, "params": {"gamma": 603.280986280676, "log10_alpha": -2.8807960739279252, "log10_colsample_bytree": -0.46812530317415746, "log10_eta": -0.7510121782511119, "log10_lambda": -3.711138087816808, "log10_min_child_weight": 1.768367944233515, "log10_subsample": -0.4310848740055494, "max_depth": 4.0, "num_boost_round": 18.0}, "datetime": {"datetime": "2024-01-19 01:58:51", "elapsed": 6428.69856, "delta": 0.005234}}
{"target": -17.782806197464637, "params": {"gamma": 603.280986280676, "log10_alpha": -2.8807960739279252, "log10_colsample_bytree": -0.46812530317415746, "log10_eta": -0.7510121782511119, "log10_lambda": -3.711138087816808, "log10_min_child_weight": 1.768367944233515, "log10_subsample": -0.4310848740055494, "max_depth": 4.0, "num_boost_round": 19.0}, "datetime": {"datetime": "2024-01-19 01:58:51", "elapsed": 6428.70383, "delta": 0.00527}}
{"target": -17.78831651030257, "params": {"gamma": 603.280986280676, "log10_alpha": -2.8807960739279252, "log10_colsample_bytree": -0.46812530317415746, "log10_eta": -0.7510121782511119, "log10_lambda": -3.711138087816808, "log10_min_child_weight": 1.768367944233515, "log10_subsample": -0.4310848740055494, "max_depth": 4.0, "num_boost_round": 20.0}, "datetime": {"datetime": "2024-01-19 01:58:51", "elapsed": 6428.709128, "delta": 0.005298}}
{"target": -17.814356008738518, "params": {"gamma": 603.280986280676, "log10_alpha": -2.8807960739279252, "log10_colsample_bytree": -0.46812530317415746, "log10_eta": -0.7510121782511119, "log10_lambda": -3.711138087816808, "log10_min_child_weight": 1.768367944233515, "log10_subsample": -0.4310848740055494, "max_depth": 4.0, "num_boost_round": 21.0}, "datetime": {"datetime": "2024-01-19 01:58:51", "elapsed": 6428.714374, "delta": 0.005246}}
{"target": -17.818989090911842, "params": {"gamma": 603.280986280676, "log10_alpha": -2.8807960739279252, "log10_colsample_bytree": -0.46812530317415746, "log10_eta": -0.7510121782511119, "log10_lambda": -3.711138087816808, "log10_min_child_weight": 1.768367944233515, "log10_subsample": -0.4310848740055494, "max_depth": 4.0, "num_boost_round": 22.0}, "datetime": {"datetime": "2024-01-19 01:58:51", "elapsed": 6428.719689, "delta": 0.005315}}
{"target": -17.873026619119464, "params": {"gamma": 603.280986280676, "log10_alpha": -2.8807960739279252, "log10_colsample_bytree": -0.46812530317415746, "log10_eta": -0.7510121782511119, "log10_lambda": -3.711138087816808, "log10_min_child_weight": 1.768367944233515, "log10_subsample": -0.4310848740055494, "max_depth": 4.0, "num_boost_round": 23.0}, "datetime": {"datetime": "2024-01-19 01:58:51", "elapsed": 6428.725132, "delta": 0.005443}}
{"target": -17.880478383111978, "params": {"gamma": 603.280986280676, "log10_alpha": -2.8807960739279252, "log10_colsample_bytree": -0.46812530317415746, "log10_eta": -0.7510121782511119, "log10_lambda": -3.711138087816808, "log10_min_child_weight": 1.768367944233515, "log10_subsample": -0.4310848740055494, "max_depth": 4.0, "num_boost_round": 24.0}, "datetime": {"datetime": "2024-01-19 01:58:51", "elapsed": 6428.730359, "delta": 0.005227}}
{"target": -17.87627909966107, "params": {"gamma": 603.280986280676, "log10_alpha": -2.8807960739279252, "log10_colsample_bytree": -0.46812530317415746, "log10_eta": -0.7510121782511119, "log10_lambda": -3.711138087816808, "log10_min_child_weight": 1.768367944233515, "log10_subsample": -0.4310848740055494, "max_depth": 4.0, "num_boost_round": 25.0}, "datetime": {"datetime": "2024-01-19 01:58:51", "elapsed": 6428.735573, "delta": 0.005214}}
{"target": -17.87682292077559, "params": {"gamma": 603.280986280676, "log10_alpha": -2.8807960739279252, "log10_colsample_bytree": -0.46812530317415746, "log10_eta": -0.7510121782511119, "log10_lambda": -3.711138087816808, "log10_min_child_weight": 1.768367944233515, "log10_subsample": -0.4310848740055494, "max_depth": 4.0, "num_boost_round": 26.0}, "datetime": {"datetime": "2024-01-19 01:58:51", "elapsed": 6428.740844, "delta": 0.005271}}
{"target": -17.881878909603703, "params": {"gamma": 603.280986280676, "log10_alpha": -2.8807960739279252, "log10_colsample_bytree": -0.46812530317415746, "log10_eta": -0.7510121782511119, "log10_lambda": -3.711138087816808, "log10_min_child_weight": 1.768367944233515, "log10_subsample": -0.4310848740055494, "max_depth": 4.0, "num_boost_round": 27.0}, "datetime": {"datetime": "2024-01-19 01:58:51", "elapsed": 6428.746749, "delta": 0.005905}}
{"target": -17.89095095087143, "params": {"gamma": 603.280986280676, "log10_alpha": -2.8807960739279252, "log10_colsample_bytree": -0.46812530317415746, "log10_eta": -0.7510121782511119, "log10_lambda": -3.711138087816808, "log10_min_child_weight": 1.768367944233515, "log10_subsample": -0.4310848740055494, "max_depth": 4.0, "num_boost_round": 28.0}, "datetime": {"datetime": "2024-01-19 01:58:51", "elapsed": 6428.86291, "delta": 0.116161}}
{"target": -17.93275832310452, "params": {"gamma": 603.280986280676, "log10_alpha": -2.8807960739279252, "log10_colsample_bytree": -0.46812530317415746, "log10_eta": -0.7510121782511119, "log10_lambda": -3.711138087816808, "log10_min_child_weight": 1.768367944233515, "log10_subsample": -0.4310848740055494, "max_depth": 4.0, "num_boost_round": 29.0}, "datetime": {"datetime": "2024-01-19 01:58:51", "elapsed": 6428.86921, "delta": 0.0063}}
{"target": -17.93859799642116, "params": {"gamma": 603.280986280676, "log10_alpha": -2.8807960739279252, "log10_colsample_bytree": -0.46812530317415746, "log10_eta": -0.7510121782511119, "log10_lambda": -3.711138087816808, "log10_min_child_weight": 1.768367944233515, "log10_subsample": -0.4310848740055494, "max_depth": 4.0, "num_boost_round": 30.0}, "datetime": {"datetime": "2024-01-19 01:58:51", "elapsed": 6428.874647, "delta": 0.005437}}
{"target": -17.943463269060835, "params": {"gamma": 603.280986280676, "log10_alpha": -2.8807960739279252, "log10_colsample_bytree": -0.46812530317415746, "log10_eta": -0.7510121782511119, "log10_lambda": -3.711138087816808, "log10_min_child_weight": 1.768367944233515, "log10_subsample": -0.4310848740055494, "max_depth": 4.0, "num_boost_round": 31.0}, "datetime": {"datetime": "2024-01-19 01:58:51", "elapsed": 6428.880053, "delta": 0.005406}}
{"target": -17.942216337960414, "params": {"gamma": 603.280986280676, "log10_alpha": -2.8807960739279252, "log10_colsample_bytree": -0.46812530317415746, "log10_eta": -0.7510121782511119, "log10_lambda": -3.711138087816808, "log10_min_child_weight": 1.768367944233515, "log10_subsample": -0.4310848740055494, "max_depth": 4.0, "num_boost_round": 32.0}, "datetime": {"datetime": "2024-01-19 01:58:51", "elapsed": 6428.886038, "delta": 0.005985}}
{"target": -17.94529211908967, "params": {"gamma": 603.280986280676, "log10_alpha": -2.8807960739279252, "log10_colsample_bytree": -0.46812530317415746, "log10_eta": -0.7510121782511119, "log10_lambda": -3.711138087816808, "log10_min_child_weight": 1.768367944233515, "log10_subsample": -0.4310848740055494, "max_depth": 4.0, "num_boost_round": 33.0}, "datetime": {"datetime": "2024-01-19 01:58:51", "elapsed": 6428.891846, "delta": 0.005808}}
{"target": -17.948103025403157, "params": {"gamma": 603.280986280676, "log10_alpha": -2.8807960739279252, "log10_colsample_bytree": -0.46812530317415746, "log10_eta": -0.7510121782511119, "log10_lambda": -3.711138087816808, "log10_min_child_weight": 1.768367944233515, "log10_subsample": -0.4310848740055494, "max_depth": 4.0, "num_boost_round": 34.0}, "datetime": {"datetime": "2024-01-19 01:58:51", "elapsed": 6428.897947, "delta": 0.006101}}
{"target": -17.94890975706737, "params": {"gamma": 603.280986280676, "log10_alpha": -2.8807960739279252, "log10_colsample_bytree": -0.46812530317415746, "log10_eta": -0.7510121782511119, "log10_lambda": -3.711138087816808, "log10_min_child_weight": 1.768367944233515, "log10_subsample": -0.4310848740055494, "max_depth": 4.0, "num_boost_round": 35.0}, "datetime": {"datetime": "2024-01-19 01:58:51", "elapsed": 6428.904289, "delta": 0.006342}}
{"target": -17.95113899461306, "params": {"gamma": 603.280986280676, "log10_alpha": -2.8807960739279252, "log10_colsample_bytree": -0.46812530317415746, "log10_eta": -0.7510121782511119, "log10_lambda": -3.711138087816808, "log10_min_child_weight": 1.768367944233515, "log10_subsample": -0.4310848740055494, "max_depth": 4.0, "num_boost_round": 36.0}, "datetime": {"datetime": "2024-01-19 01:58:51", "elapsed": 6428.909649, "delta": 0.00536}}
{"target": -17.95485965145359, "params": {"gamma": 603.280986280676, "log10_alpha": -2.8807960739279252, "log10_colsample_bytree": -0.46812530317415746, "log10_eta": -0.7510121782511119, "log10_lambda": -3.711138087816808, "log10_min_child_weight": 1.768367944233515, "log10_subsample": -0.4310848740055494, "max_depth": 4.0, "num_boost_round": 37.0}, "datetime": {"datetime": "2024-01-19 01:58:51", "elapsed": 6428.914978, "delta": 0.005329}}
{"target": -17.960868729430484, "params": {"gamma": 603.280986280676, "log10_alpha": -2.8807960739279252, "log10_colsample_bytree": -0.46812530317415746, "log10_eta": -0.7510121782511119, "log10_lambda": -3.711138087816808, "log10_min_child_weight": 1.768367944233515, "log10_subsample": -0.4310848740055494, "max_depth": 4.0, "num_boost_round": 38.0}, "datetime": {"datetime": "2024-01-19 01:58:51", "elapsed": 6428.920431, "delta": 0.005453}}
{"target": -17.966814555114645, "params": {"gamma": 603.280986280676, "log10_alpha": -2.8807960739279252, "log10_colsample_bytree": -0.46812530317415746, "log10_eta": -0.7510121782511119, "log10_lambda": -3.711138087816808, "log10_min_child_weight": 1.768367944233515, "log10_subsample": -0.4310848740055494, "max_depth": 4.0, "num_boost_round": 39.0}, "datetime": {"datetime": "2024-01-19 01:58:51", "elapsed": 6428.925823, "delta": 0.005392}}
{"target": -17.979783064275797, "params": {"gamma": 603.280986280676, "log10_alpha": -2.8807960739279252, "log10_colsample_bytree": -0.46812530317415746, "log10_eta": -0.7510121782511119, "log10_lambda": -3.711138087816808, "log10_min_child_weight": 1.768367944233515, "log10_subsample": -0.4310848740055494, "max_depth": 4.0, "num_boost_round": 40.0}, "datetime": {"datetime": "2024-01-19 01:58:51", "elapsed": 6428.931151, "delta": 0.005328}}
{"target": -18.005634367069153, "params": {"gamma": 603.280986280676, "log10_alpha": -2.8807960739279252, "log10_colsample_bytree": -0.46812530317415746, "log10_eta": -0.7510121782511119, "log10_lambda": -3.711138087816808, "log10_min_child_weight": 1.768367944233515, "log10_subsample": -0.4310848740055494, "max_depth": 4.0, "num_boost_round": 41.0}, "datetime": {"datetime": "2024-01-19 01:58:51", "elapsed": 6428.936656, "delta": 0.005505}}
