{"target": -13.758526632858308, "params": {"gamma": 428.57380408264703, "log10_alpha": 0.88916645298844, "log10_colsample_bytree": -0.0003656472298680935, "log10_eta": -3.287861884234703, "log10_lambda": -4.563254229909834, "log10_min_child_weight": 4.33756531286658, "log10_subsample": -0.3462366895522059, "max_depth": 9.0, "num_boost_round": 26.0}, "datetime": {"datetime": "2024-01-19 00:21:09", "elapsed": 572.466691, "delta": 0.00137}}
{"target": -13.758525374919282, "params": {"gamma": 428.57380408264703, "log10_alpha": 0.88916645298844, "log10_colsample_bytree": -0.0003656472298680935, "log10_eta": -3.287861884234703, "log10_lambda": -4.563254229909834, "log10_min_child_weight": 4.33756531286658, "log10_subsample": -0.3462366895522059, "max_depth": 9.0, "num_boost_round": 27.0}, "datetime": {"datetime": "2024-01-19 00:21:09", "elapsed": 572.468061, "delta": 0.00137}}
{"target": -13.758523654751, "params": {"gamma": 428.57380408264703, "log10_alpha": 0.88916645298844, "log10_colsample_bytree": -0.0003656472298680935, "log10_eta": -3.287861884234703, "log10_lambda": -4.563254229909834, "log10_min_child_weight": 4.33756531286658, "log10_subsample": -0.3462366895522059, "max_depth": 9.0, "num_boost_round": 28.0}, "datetime": {"datetime": "2024-01-19 00:21:09", "elapsed": 572.469552, "delta": 0.001491}}
{"target": -13.758522272737753, "params": {"gamma": 428.57380408264703, "log10_alpha": 0.88916645298844, "log10_colsample_bytree": -0.0003656472298680935, "log10_eta": -3.287861884234703, "log10_lambda": -4.563254229909834, "log10_min_child_weight": 4.33756531286658, "log10_subsample": -0.3462366895522059, "max_depth": 9.0, "num_boost_round": 29.0}, "datetime": {"datetime": "2024-01-19 00:21:09", "elapsed": 572.470932, "delta": 0.00138}}
{"target": -13.758520213638098, "params": {"gamma": 428.57380408264703, "log10_alpha": 0.88916645298844, "log10_colsample_bytree": -0.0003656472298680935, "log10_eta": -3.287861884234703, "log10_lambda": -4.563254229909834, "log10_min_child_weight": 4.33756531286658, "log10_subsample": -0.3462366895522059, "max_depth": 9.0, "num_boost_round": 30.0}, "datetime": {"datetime": "2024-01-19 00:21:09", "elapsed": 572.475945, "delta": 0.005013}}
{"target": -13.75852033383834, "params": {"gamma": 428.57380408264703, "log10_alpha": 0.88916645298844, "log10_colsample_bytree": -0.0003656472298680935, "log10_eta": -3.287861884234703, "log10_lambda": -4.563254229909834, "log10_min_child_weight": 4.33756531286658, "log10_subsample": -0.3462366895522059, "max_depth": 9.0, "num_boost_round": 31.0}, "datetime": {"datetime": "2024-01-19 00:21:09", "elapsed": 572.477324, "delta": 0.001379}}
{"target": -13.758520252340654, "params": {"gamma": 428.57380408264703, "log10_alpha": 0.88916645298844, "log10_colsample_bytree": -0.0003656472298680935, "log10_eta": -3.287861884234703, "log10_lambda": -4.563254229909834, "log10_min_child_weight": 4.33756531286658, "log10_subsample": -0.3462366895522059, "max_depth": 9.0, "num_boost_round": 32.0}, "datetime": {"datetime": "2024-01-19 00:21:09", "elapsed": 572.47871, "delta": 0.001386}}
{"target": -13.758519887264208, "params": {"gamma": 428.57380408264703, "log10_alpha": 0.88916645298844, "log10_colsample_bytree": -0.0003656472298680935, "log10_eta": -3.287861884234703, "log10_lambda": -4.563254229909834, "log10_min_child_weight": 4.33756531286658, "log10_subsample": -0.3462366895522059, "max_depth": 9.0, "num_boost_round": 33.0}, "datetime": {"datetime": "2024-01-19 00:21:09", "elapsed": 572.48009, "delta": 0.00138}}
{"target": -13.758520579588474, "params": {"gamma": 428.57380408264703, "log10_alpha": 0.88916645298844, "log10_colsample_bytree": -0.0003656472298680935, "log10_eta": -3.287861884234703, "log10_lambda": -4.563254229909834, "log10_min_child_weight": 4.33756531286658, "log10_subsample": -0.3462366895522059, "max_depth": 9.0, "num_boost_round": 34.0}, "datetime": {"datetime": "2024-01-19 00:21:09", "elapsed": 572.481463, "delta": 0.001373}}
{"target": -13.75851704006371, "params": {"gamma": 428.57380408264703, "log10_alpha": 0.88916645298844, "log10_colsample_bytree": -0.0003656472298680935, "log10_eta": -3.287861884234703, "log10_lambda": -4.563254229909834, "log10_min_child_weight": 4.33756531286658, "log10_subsample": -0.3462366895522059, "max_depth": 9.0, "num_boost_round": 35.0}, "datetime": {"datetime": "2024-01-19 00:21:09", "elapsed": 572.482847, "delta": 0.001384}}
{"target": -13.758516249139806, "params": {"gamma": 428.57380408264703, "log10_alpha": 0.88916645298844, "log10_colsample_bytree": -0.0003656472298680935, "log10_eta": -3.287861884234703, "log10_lambda": -4.563254229909834, "log10_min_child_weight": 4.33756531286658, "log10_subsample": -0.3462366895522059, "max_depth": 9.0, "num_boost_round": 36.0}, "datetime": {"datetime": "2024-01-19 00:21:09", "elapsed": 572.484226, "delta": 0.001379}}
{"target": -13.758256398941525, "params": {"gamma": 419.28139390822537, "log10_alpha": 0.6470615441892908, "log10_colsample_bytree": -0.9510850025827622, "log10_eta": -1.9259111091305914, "log10_lambda": -4.320066264853741, "log10_min_child_weight": 2.259197332307506, "log10_subsample": -0.35996241390137396, "max_depth": 3.0, "num_boost_round": 0.0}, "datetime": {"datetime": "2024-01-19 00:21:38", "elapsed": 601.9858, "delta": 29.501574}}
{"target": -13.758184285653728, "params": {"gamma": 419.28139390822537, "log10_alpha": 0.6470615441892908, "log10_colsample_bytree": -0.9510850025827622, "log10_eta": -1.9259111091305914, "log10_lambda": -4.320066264853741, "log10_min_child_weight": 2.259197332307506, "log10_subsample": -0.35996241390137396, "max_depth": 3.0, "num_boost_round": 1.0}, "datetime": {"datetime": "2024-01-19 00:21:38", "elapsed": 601.98814, "delta": 0.00234}}
{"target": -13.758177559829502, "params": {"gamma": 419.28139390822537, "log10_alpha": 0.6470615441892908, "log10_colsample_bytree": -0.9510850025827622, "log10_eta": -1.9259111091305914, "log10_lambda": -4.320066264853741, "log10_min_child_weight": 2.259197332307506, "log10_subsample": -0.35996241390137396, "max_depth": 3.0, "num_boost_round": 2.0}, "datetime": {"datetime": "2024-01-19 00:21:38", "elapsed": 601.989902, "delta": 0.001762}}
{"target": -13.75814302715252, "params": {"gamma": 419.28139390822537, "log10_alpha": 0.6470615441892908, "log10_colsample_bytree": -0.9510850025827622, "log10_eta": -1.9259111091305914, "log10_lambda": -4.320066264853741, "log10_min_child_weight": 2.259197332307506, "log10_subsample": -0.35996241390137396, "max_depth": 3.0, "num_boost_round": 3.0}, "datetime": {"datetime": "2024-01-19 00:21:38", "elapsed": 601.991463, "delta": 0.001561}}
{"target": -13.75807040330649, "params": {"gamma": 419.28139390822537, "log10_alpha": 0.6470615441892908, "log10_colsample_bytree": -0.9510850025827622, "log10_eta": -1.9259111091305914, "log10_lambda": -4.320066264853741, "log10_min_child_weight": 2.259197332307506, "log10_subsample": -0.35996241390137396, "max_depth": 3.0, "num_boost_round": 4.0}, "datetime": {"datetime": "2024-01-19 00:21:38", "elapsed": 601.993054, "delta": 0.001591}}
{"target": -13.757946932471862, "params": {"gamma": 419.28139390822537, "log10_alpha": 0.6470615441892908, "log10_colsample_bytree": -0.9510850025827622, "log10_eta": -1.9259111091305914, "log10_lambda": -4.320066264853741, "log10_min_child_weight": 2.259197332307506, "log10_subsample": -0.35996241390137396, "max_depth": 3.0, "num_boost_round": 5.0}, "datetime": {"datetime": "2024-01-19 00:21:38", "elapsed": 601.994684, "delta": 0.00163}}
{"target": -13.757980964941503, "params": {"gamma": 419.28139390822537, "log10_alpha": 0.6470615441892908, "log10_colsample_bytree": -0.9510850025827622, "log10_eta": -1.9259111091305914, "log10_lambda": -4.320066264853741, "log10_min_child_weight": 2.259197332307506, "log10_subsample": -0.35996241390137396, "max_depth": 3.0, "num_boost_round": 6.0}, "datetime": {"datetime": "2024-01-19 00:21:38", "elapsed": 601.996095, "delta": 0.001411}}
{"target": -13.75775879722749, "params": {"gamma": 419.28139390822537, "log10_alpha": 0.6470615441892908, "log10_colsample_bytree": -0.9510850025827622, "log10_eta": -1.9259111091305914, "log10_lambda": -4.320066264853741, "log10_min_child_weight": 2.259197332307506, "log10_subsample": -0.35996241390137396, "max_depth": 3.0, "num_boost_round": 7.0}, "datetime": {"datetime": "2024-01-19 00:21:38", "elapsed": 601.997521, "delta": 0.001426}}
{"target": -13.757874693988311, "params": {"gamma": 419.28139390822537, "log10_alpha": 0.6470615441892908, "log10_colsample_bytree": -0.9510850025827622, "log10_eta": -1.9259111091305914, "log10_lambda": -4.320066264853741, "log10_min_child_weight": 2.259197332307506, "log10_subsample": -0.35996241390137396, "max_depth": 3.0, "num_boost_round": 8.0}, "datetime": {"datetime": "2024-01-19 00:21:38", "elapsed": 601.998903, "delta": 0.001382}}
{"target": -13.757826446587584, "params": {"gamma": 419.28139390822537, "log10_alpha": 0.6470615441892908, "log10_colsample_bytree": -0.9510850025827622, "log10_eta": -1.9259111091305914, "log10_lambda": -4.320066264853741, "log10_min_child_weight": 2.259197332307506, "log10_subsample": -0.35996241390137396, "max_depth": 3.0, "num_boost_round": 9.0}, "datetime": {"datetime": "2024-01-19 00:21:38", "elapsed": 602.000284, "delta": 0.001381}}
{"target": -13.757736057428772, "params": {"gamma": 419.28139390822537, "log10_alpha": 0.6470615441892908, "log10_colsample_bytree": -0.9510850025827622, "log10_eta": -1.9259111091305914, "log10_lambda": -4.320066264853741, "log10_min_child_weight": 2.259197332307506, "log10_subsample": -0.35996241390137396, "max_depth": 3.0, "num_boost_round": 10.0}, "datetime": {"datetime": "2024-01-19 00:21:38", "elapsed": 602.001676, "delta": 0.001392}}
{"target": -13.757477460575746, "params": {"gamma": 419.28139390822537, "log10_alpha": 0.6470615441892908, "log10_colsample_bytree": -0.9510850025827622, "log10_eta": -1.9259111091305914, "log10_lambda": -4.320066264853741, "log10_min_child_weight": 2.259197332307506, "log10_subsample": -0.35996241390137396, "max_depth": 3.0, "num_boost_round": 11.0}, "datetime": {"datetime": "2024-01-19 00:21:38", "elapsed": 602.003059, "delta": 0.001383}}
{"target": -13.757405706278497, "params": {"gamma": 419.28139390822537, "log10_alpha": 0.6470615441892908, "log10_colsample_bytree": -0.9510850025827622, "log10_eta": -1.9259111091305914, "log10_lambda": -4.320066264853741, "log10_min_child_weight": 2.259197332307506, "log10_subsample": -0.35996241390137396, "max_depth": 3.0, "num_boost_round": 12.0}, "datetime": {"datetime": "2024-01-19 00:21:38", "elapsed": 602.004447, "delta": 0.001388}}
{"target": -13.757070806456335, "params": {"gamma": 419.28139390822537, "log10_alpha": 0.6470615441892908, "log10_colsample_bytree": -0.9510850025827622, "log10_eta": -1.9259111091305914, "log10_lambda": -4.320066264853741, "log10_min_child_weight": 2.259197332307506, "log10_subsample": -0.35996241390137396, "max_depth": 3.0, "num_boost_round": 13.0}, "datetime": {"datetime": "2024-01-19 00:21:38", "elapsed": 602.005852, "delta": 0.001405}}
{"target": -13.756955883595923, "params": {"gamma": 419.28139390822537, "log10_alpha": 0.6470615441892908, "log10_colsample_bytree": -0.9510850025827622, "log10_eta": -1.9259111091305914, "log10_lambda": -4.320066264853741, "log10_min_child_weight": 2.259197332307506, "log10_subsample": -0.35996241390137396, "max_depth": 3.0, "num_boost_round": 14.0}, "datetime": {"datetime": "2024-01-19 00:21:38", "elapsed": 602.007246, "delta": 0.001394}}
{"target": -13.756799280866177, "params": {"gamma": 419.28139390822537, "log10_alpha": 0.6470615441892908, "log10_colsample_bytree": -0.9510850025827622, "log10_eta": -1.9259111091305914, "log10_lambda": -4.320066264853741, "log10_min_child_weight": 2.259197332307506, "log10_subsample": -0.35996241390137396, "max_depth": 3.0, "num_boost_round": 15.0}, "datetime": {"datetime": "2024-01-19 00:21:38", "elapsed": 602.008783, "delta": 0.001537}}
{"target": -13.756713766188588, "params": {"gamma": 419.28139390822537, "log10_alpha": 0.6470615441892908, "log10_colsample_bytree": -0.9510850025827622, "log10_eta": -1.9259111091305914, "log10_lambda": -4.320066264853741, "log10_min_child_weight": 2.259197332307506, "log10_subsample": -0.35996241390137396, "max_depth": 3.0, "num_boost_round": 16.0}, "datetime": {"datetime": "2024-01-19 00:21:38", "elapsed": 602.010176, "delta": 0.001393}}
{"target": -13.756651788279056, "params": {"gamma": 419.28139390822537, "log10_alpha": 0.6470615441892908, "log10_colsample_bytree": -0.9510850025827622, "log10_eta": -1.9259111091305914, "log10_lambda": -4.320066264853741, "log10_min_child_weight": 2.259197332307506, "log10_subsample": -0.35996241390137396, "max_depth": 3.0, "num_boost_round": 17.0}, "datetime": {"datetime": "2024-01-19 00:21:38", "elapsed": 602.011568, "delta": 0.001392}}
{"target": -13.756591156492215, "params": {"gamma": 419.28139390822537, "log10_alpha": 0.6470615441892908, "log10_colsample_bytree": -0.9510850025827622, "log10_eta": -1.9259111091305914, "log10_lambda": -4.320066264853741, "log10_min_child_weight": 2.259197332307506, "log10_subsample": -0.35996241390137396, "max_depth": 3.0, "num_boost_round": 18.0}, "datetime": {"datetime": "2024-01-19 00:21:38", "elapsed": 602.01296, "delta": 0.001392}}
{"target": -13.756470844471819, "params": {"gamma": 419.28139390822537, "log10_alpha": 0.6470615441892908, "log10_colsample_bytree": -0.9510850025827622, "log10_eta": -1.9259111091305914, "log10_lambda": -4.320066264853741, "log10_min_child_weight": 2.259197332307506, "log10_subsample": -0.35996241390137396, "max_depth": 3.0, "num_boost_round": 19.0}, "datetime": {"datetime": "2024-01-19 00:21:38", "elapsed": 602.014379, "delta": 0.001419}}
{"target": -13.756331978003299, "params": {"gamma": 419.28139390822537, "log10_alpha": 0.6470615441892908, "log10_colsample_bytree": -0.9510850025827622, "log10_eta": -1.9259111091305914, "log10_lambda": -4.320066264853741, "log10_min_child_weight": 2.259197332307506, "log10_subsample": -0.35996241390137396, "max_depth": 3.0, "num_boost_round": 20.0}, "datetime": {"datetime": "2024-01-19 00:21:38", "elapsed": 602.015788, "delta": 0.001409}}
{"target": -13.756010488431667, "params": {"gamma": 419.28139390822537, "log10_alpha": 0.6470615441892908, "log10_colsample_bytree": -0.9510850025827622, "log10_eta": -1.9259111091305914, "log10_lambda": -4.320066264853741, "log10_min_child_weight": 2.259197332307506, "log10_subsample": -0.35996241390137396, "max_depth": 3.0, "num_boost_round": 21.0}, "datetime": {"datetime": "2024-01-19 00:21:38", "elapsed": 602.0172, "delta": 0.001412}}
{"target": -13.75604223232151, "params": {"gamma": 419.28139390822537, "log10_alpha": 0.6470615441892908, "log10_colsample_bytree": -0.9510850025827622, "log10_eta": -1.9259111091305914, "log10_lambda": -4.320066264853741, "log10_min_child_weight": 2.259197332307506, "log10_subsample": -0.35996241390137396, "max_depth": 3.0, "num_boost_round": 22.0}, "datetime": {"datetime": "2024-01-19 00:21:38", "elapsed": 602.01861, "delta": 0.00141}}
{"target": -13.7559722988367, "params": {"gamma": 419.28139390822537, "log10_alpha": 0.6470615441892908, "log10_colsample_bytree": -0.9510850025827622, "log10_eta": -1.9259111091305914, "log10_lambda": -4.320066264853741, "log10_min_child_weight": 2.259197332307506, "log10_subsample": -0.35996241390137396, "max_depth": 3.0, "num_boost_round": 23.0}, "datetime": {"datetime": "2024-01-19 00:21:38", "elapsed": 602.020008, "delta": 0.001398}}
{"target": -13.756064710088333, "params": {"gamma": 419.28139390822537, "log10_alpha": 0.6470615441892908, "log10_colsample_bytree": -0.9510850025827622, "log10_eta": -1.9259111091305914, "log10_lambda": -4.320066264853741, "log10_min_child_weight": 2.259197332307506, "log10_subsample": -0.35996241390137396, "max_depth": 3.0, "num_boost_round": 24.0}, "datetime": {"datetime": "2024-01-19 00:21:38", "elapsed": 602.021404, "delta": 0.001396}}
{"target": -13.755994871279766, "params": {"gamma": 419.28139390822537, "log10_alpha": 0.6470615441892908, "log10_colsample_bytree": -0.9510850025827622, "log10_eta": -1.9259111091305914, "log10_lambda": -4.320066264853741, "log10_min_child_weight": 2.259197332307506, "log10_subsample": -0.35996241390137396, "max_depth": 3.0, "num_boost_round": 25.0}, "datetime": {"datetime": "2024-01-19 00:21:38", "elapsed": 602.022814, "delta": 0.00141}}
{"target": -13.756043751515818, "params": {"gamma": 419.28139390822537, "log10_alpha": 0.6470615441892908, "log10_colsample_bytree": -0.9510850025827622, "log10_eta": -1.9259111091305914, "log10_lambda": -4.320066264853741, "log10_min_child_weight": 2.259197332307506, "log10_subsample": -0.35996241390137396, "max_depth": 3.0, "num_boost_round": 26.0}, "datetime": {"datetime": "2024-01-19 00:21:38", "elapsed": 602.024215, "delta": 0.001401}}
{"target": -13.755912586889828, "params": {"gamma": 419.28139390822537, "log10_alpha": 0.6470615441892908, "log10_colsample_bytree": -0.9510850025827622, "log10_eta": -1.9259111091305914, "log10_lambda": -4.320066264853741, "log10_min_child_weight": 2.259197332307506, "log10_subsample": -0.35996241390137396, "max_depth": 3.0, "num_boost_round": 27.0}, "datetime": {"datetime": "2024-01-19 00:21:38", "elapsed": 602.025626, "delta": 0.001411}}
{"target": -13.755738550854378, "params": {"gamma": 419.28139390822537, "log10_alpha": 0.6470615441892908, "log10_colsample_bytree": -0.9510850025827622, "log10_eta": -1.9259111091305914, "log10_lambda": -4.320066264853741, "log10_min_child_weight": 2.259197332307506, "log10_subsample": -0.35996241390137396, "max_depth": 3.0, "num_boost_round": 28.0}, "datetime": {"datetime": "2024-01-19 00:21:38", "elapsed": 602.027027, "delta": 0.001401}}
{"target": -13.75593051650715, "params": {"gamma": 419.28139390822537, "log10_alpha": 0.6470615441892908, "log10_colsample_bytree": -0.9510850025827622, "log10_eta": -1.9259111091305914, "log10_lambda": -4.320066264853741, "log10_min_child_weight": 2.259197332307506, "log10_subsample": -0.35996241390137396, "max_depth": 3.0, "num_boost_round": 29.0}, "datetime": {"datetime": "2024-01-19 00:21:38", "elapsed": 602.028555, "delta": 0.001528}}
{"target": -13.755683686897166, "params": {"gamma": 419.28139390822537, "log10_alpha": 0.6470615441892908, "log10_colsample_bytree": -0.9510850025827622, "log10_eta": -1.9259111091305914, "log10_lambda": -4.320066264853741, "log10_min_child_weight": 2.259197332307506, "log10_subsample": -0.35996241390137396, "max_depth": 3.0, "num_boost_round": 30.0}, "datetime": {"datetime": "2024-01-19 00:21:38", "elapsed": 602.029967, "delta": 0.001412}}
{"target": -13.755445387015824, "params": {"gamma": 419.28139390822537, "log10_alpha": 0.6470615441892908, "log10_colsample_bytree": -0.9510850025827622, "log10_eta": -1.9259111091305914, "log10_lambda": -4.320066264853741, "log10_min_child_weight": 2.259197332307506, "log10_subsample": -0.35996241390137396, "max_depth": 3.0, "num_boost_round": 31.0}, "datetime": {"datetime": "2024-01-19 00:21:38", "elapsed": 602.031389, "delta": 0.001422}}
{"target": -13.758532524355493, "params": {"gamma": 421.9296308736852, "log10_alpha": 0.39302388317273707, "log10_colsample_bytree": -0.4441019427246925, "log10_eta": -3.3234151548566784, "log10_lambda": -4.571336106307214, "log10_min_child_weight": 3.2661800691559737, "log10_subsample": -0.9613601068041044, "max_depth": 5.0, "num_boost_round": 0.0}, "datetime": {"datetime": "2024-01-19 00:22:12", "elapsed": 635.10536, "delta": 33.073971}}
{"target": -13.758522647258543, "params": {"gamma": 421.9296308736852, "log10_alpha": 0.39302388317273707, "log10_colsample_bytree": -0.4441019427246925, "log10_eta": -3.3234151548566784, "log10_lambda": -4.571336106307214, "log10_min_child_weight": 3.2661800691559737, "log10_subsample": -0.9613601068041044, "max_depth": 5.0, "num_boost_round": 1.0}, "datetime": {"datetime": "2024-01-19 00:22:12", "elapsed": 635.107321, "delta": 0.001961}}
{"target": -13.75852060468811, "params": {"gamma": 421.9296308736852, "log10_alpha": 0.39302388317273707, "log10_colsample_bytree": -0.4441019427246925, "log10_eta": -3.3234151548566784, "log10_lambda": -4.571336106307214, "log10_min_child_weight": 3.2661800691559737, "log10_subsample": -0.9613601068041044, "max_depth": 5.0, "num_boost_round": 2.0}, "datetime": {"datetime": "2024-01-19 00:22:12", "elapsed": 635.109026, "delta": 0.001705}}
{"target": -13.758516120071443, "params": {"gamma": 421.9296308736852, "log10_alpha": 0.39302388317273707, "log10_colsample_bytree": -0.4441019427246925, "log10_eta": -3.3234151548566784, "log10_lambda": -4.571336106307214, "log10_min_child_weight": 3.2661800691559737, "log10_subsample": -0.9613601068041044, "max_depth": 5.0, "num_boost_round": 3.0}, "datetime": {"datetime": "2024-01-19 00:22:12", "elapsed": 635.110462, "delta": 0.001436}}
{"target": -13.758509353433926, "params": {"gamma": 421.9296308736852, "log10_alpha": 0.39302388317273707, "log10_colsample_bytree": -0.4441019427246925, "log10_eta": -3.3234151548566784, "log10_lambda": -4.571336106307214, "log10_min_child_weight": 3.2661800691559737, "log10_subsample": -0.9613601068041044, "max_depth": 5.0, "num_boost_round": 4.0}, "datetime": {"datetime": "2024-01-19 00:22:12", "elapsed": 635.112152, "delta": 0.00169}}
{"target": -13.758506244279342, "params": {"gamma": 421.9296308736852, "log10_alpha": 0.39302388317273707, "log10_colsample_bytree": -0.4441019427246925, "log10_eta": -3.3234151548566784, "log10_lambda": -4.571336106307214, "log10_min_child_weight": 3.2661800691559737, "log10_subsample": -0.9613601068041044, "max_depth": 5.0, "num_boost_round": 5.0}, "datetime": {"datetime": "2024-01-19 00:22:12", "elapsed": 635.113598, "delta": 0.001446}}
