{"target": -17.677104555871313, "params": {"gamma": 974.737927863249, "log10_alpha": -1.4917945928176701, "log10_colsample_bytree": -0.5300933829174909, "log10_eta": -3.635458106230217, "log10_lambda": -4.567411619685135, "log10_min_child_weight": 2.685805404236625, "log10_subsample": -0.6162628963727891, "max_depth": 2.0, "num_boost_round": 25.0}, "datetime": {"datetime": "2024-01-19 01:52:05", "elapsed": 6019.627265, "delta": 0.005696}}
{"target": -17.677102597522936, "params": {"gamma": 974.737927863249, "log10_alpha": -1.4917945928176701, "log10_colsample_bytree": -0.5300933829174909, "log10_eta": -3.635458106230217, "log10_lambda": -4.567411619685135, "log10_min_child_weight": 2.685805404236625, "log10_subsample": -0.6162628963727891, "max_depth": 2.0, "num_boost_round": 26.0}, "datetime": {"datetime": "2024-01-19 01:52:05", "elapsed": 6019.632827, "delta": 0.005562}}
{"target": -17.67710286912209, "params": {"gamma": 974.737927863249, "log10_alpha": -1.4917945928176701, "log10_colsample_bytree": -0.5300933829174909, "log10_eta": -3.635458106230217, "log10_lambda": -4.567411619685135, "log10_min_child_weight": 2.685805404236625, "log10_subsample": -0.6162628963727891, "max_depth": 2.0, "num_boost_round": 27.0}, "datetime": {"datetime": "2024-01-19 01:52:05", "elapsed": 6019.638582, "delta": 0.005755}}
{"target": -17.677097576839724, "params": {"gamma": 974.737927863249, "log10_alpha": -1.4917945928176701, "log10_colsample_bytree": -0.5300933829174909, "log10_eta": -3.635458106230217, "log10_lambda": -4.567411619685135, "log10_min_child_weight": 2.685805404236625, "log10_subsample": -0.6162628963727891, "max_depth": 2.0, "num_boost_round": 28.0}, "datetime": {"datetime": "2024-01-19 01:52:05", "elapsed": 6019.644481, "delta": 0.005899}}
{"target": -17.677089433061326, "params": {"gamma": 974.737927863249, "log10_alpha": -1.4917945928176701, "log10_colsample_bytree": -0.5300933829174909, "log10_eta": -3.635458106230217, "log10_lambda": -4.567411619685135, "log10_min_child_weight": 2.685805404236625, "log10_subsample": -0.6162628963727891, "max_depth": 2.0, "num_boost_round": 29.0}, "datetime": {"datetime": "2024-01-19 01:52:05", "elapsed": 6019.650424, "delta": 0.005943}}
{"target": -17.677087096451416, "params": {"gamma": 974.737927863249, "log10_alpha": -1.4917945928176701, "log10_colsample_bytree": -0.5300933829174909, "log10_eta": -3.635458106230217, "log10_lambda": -4.567411619685135, "log10_min_child_weight": 2.685805404236625, "log10_subsample": -0.6162628963727891, "max_depth": 2.0, "num_boost_round": 30.0}, "datetime": {"datetime": "2024-01-19 01:52:05", "elapsed": 6019.656418, "delta": 0.005994}}
{"target": -17.677084951953248, "params": {"gamma": 974.737927863249, "log10_alpha": -1.4917945928176701, "log10_colsample_bytree": -0.5300933829174909, "log10_eta": -3.635458106230217, "log10_lambda": -4.567411619685135, "log10_min_child_weight": 2.685805404236625, "log10_subsample": -0.6162628963727891, "max_depth": 2.0, "num_boost_round": 31.0}, "datetime": {"datetime": "2024-01-19 01:52:05", "elapsed": 6019.662617, "delta": 0.006199}}
{"target": -17.67708001045493, "params": {"gamma": 974.737927863249, "log10_alpha": -1.4917945928176701, "log10_colsample_bytree": -0.5300933829174909, "log10_eta": -3.635458106230217, "log10_lambda": -4.567411619685135, "log10_min_child_weight": 2.685805404236625, "log10_subsample": -0.6162628963727891, "max_depth": 2.0, "num_boost_round": 32.0}, "datetime": {"datetime": "2024-01-19 01:52:05", "elapsed": 6019.668452, "delta": 0.005835}}
{"target": -17.67707629829229, "params": {"gamma": 974.737927863249, "log10_alpha": -1.4917945928176701, "log10_colsample_bytree": -0.5300933829174909, "log10_eta": -3.635458106230217, "log10_lambda": -4.567411619685135, "log10_min_child_weight": 2.685805404236625, "log10_subsample": -0.6162628963727891, "max_depth": 2.0, "num_boost_round": 33.0}, "datetime": {"datetime": "2024-01-19 01:52:05", "elapsed": 6019.674151, "delta": 0.005699}}
{"target": -17.677070505607382, "params": {"gamma": 974.737927863249, "log10_alpha": -1.4917945928176701, "log10_colsample_bytree": -0.5300933829174909, "log10_eta": -3.635458106230217, "log10_lambda": -4.567411619685135, "log10_min_child_weight": 2.685805404236625, "log10_subsample": -0.6162628963727891, "max_depth": 2.0, "num_boost_round": 34.0}, "datetime": {"datetime": "2024-01-19 01:52:05", "elapsed": 6019.679843, "delta": 0.005692}}
{"target": -17.67706689635839, "params": {"gamma": 974.737927863249, "log10_alpha": -1.4917945928176701, "log10_colsample_bytree": -0.5300933829174909, "log10_eta": -3.635458106230217, "log10_lambda": -4.567411619685135, "log10_min_child_weight": 2.685805404236625, "log10_subsample": -0.6162628963727891, "max_depth": 2.0, "num_boost_round": 35.0}, "datetime": {"datetime": "2024-01-19 01:52:05", "elapsed": 6019.685671, "delta": 0.005828}}
{"target": -17.67706400926812, "params": {"gamma": 974.737927863249, "log10_alpha": -1.4917945928176701, "log10_colsample_bytree": -0.5300933829174909, "log10_eta": -3.635458106230217, "log10_lambda": -4.567411619685135, "log10_min_child_weight": 2.685805404236625, "log10_subsample": -0.6162628963727891, "max_depth": 2.0, "num_boost_round": 36.0}, "datetime": {"datetime": "2024-01-19 01:52:05", "elapsed": 6019.691513, "delta": 0.005842}}
{"target": -17.677060932322487, "params": {"gamma": 974.737927863249, "log10_alpha": -1.4917945928176701, "log10_colsample_bytree": -0.5300933829174909, "log10_eta": -3.635458106230217, "log10_lambda": -4.567411619685135, "log10_min_child_weight": 2.685805404236625, "log10_subsample": -0.6162628963727891, "max_depth": 2.0, "num_boost_round": 37.0}, "datetime": {"datetime": "2024-01-19 01:52:05", "elapsed": 6019.697383, "delta": 0.00587}}
{"target": -17.677053525990658, "params": {"gamma": 974.737927863249, "log10_alpha": -1.4917945928176701, "log10_colsample_bytree": -0.5300933829174909, "log10_eta": -3.635458106230217, "log10_lambda": -4.567411619685135, "log10_min_child_weight": 2.685805404236625, "log10_subsample": -0.6162628963727891, "max_depth": 2.0, "num_boost_round": 38.0}, "datetime": {"datetime": "2024-01-19 01:52:05", "elapsed": 6019.703301, "delta": 0.005918}}
{"target": -17.677052739419125, "params": {"gamma": 974.737927863249, "log10_alpha": -1.4917945928176701, "log10_colsample_bytree": -0.5300933829174909, "log10_eta": -3.635458106230217, "log10_lambda": -4.567411619685135, "log10_min_child_weight": 2.685805404236625, "log10_subsample": -0.6162628963727891, "max_depth": 2.0, "num_boost_round": 39.0}, "datetime": {"datetime": "2024-01-19 01:52:05", "elapsed": 6019.709276, "delta": 0.005975}}
{"target": -17.677045951679037, "params": {"gamma": 974.737927863249, "log10_alpha": -1.4917945928176701, "log10_colsample_bytree": -0.5300933829174909, "log10_eta": -3.635458106230217, "log10_lambda": -4.567411619685135, "log10_min_child_weight": 2.685805404236625, "log10_subsample": -0.6162628963727891, "max_depth": 2.0, "num_boost_round": 40.0}, "datetime": {"datetime": "2024-01-19 01:52:05", "elapsed": 6019.716093, "delta": 0.006817}}
{"target": -17.677093024778493, "params": {"gamma": 969.5447546100494, "log10_alpha": 0.9009637939267021, "log10_colsample_bytree": -0.46335886933235604, "log10_eta": -2.645090765929257, "log10_lambda": -0.9535558102365975, "log10_min_child_weight": 2.1460120443286272, "log10_subsample": -0.2365861598479091, "max_depth": 4.0, "num_boost_round": 0.0}, "datetime": {"datetime": "2024-01-19 01:53:41", "elapsed": 6115.353473, "delta": 95.63738}}
{"target": -17.676969588912854, "params": {"gamma": 969.5447546100494, "log10_alpha": 0.9009637939267021, "log10_colsample_bytree": -0.46335886933235604, "log10_eta": -2.645090765929257, "log10_lambda": -0.9535558102365975, "log10_min_child_weight": 2.1460120443286272, "log10_subsample": -0.2365861598479091, "max_depth": 4.0, "num_boost_round": 1.0}, "datetime": {"datetime": "2024-01-19 01:53:41", "elapsed": 6115.359667, "delta": 0.006194}}
{"target": -17.676819503986867, "params": {"gamma": 969.5447546100494, "log10_alpha": 0.9009637939267021, "log10_colsample_bytree": -0.46335886933235604, "log10_eta": -2.645090765929257, "log10_lambda": -0.9535558102365975, "log10_min_child_weight": 2.1460120443286272, "log10_subsample": -0.2365861598479091, "max_depth": 4.0, "num_boost_round": 2.0}, "datetime": {"datetime": "2024-01-19 01:53:41", "elapsed": 6115.365393, "delta": 0.005726}}
{"target": -17.676685783475484, "params": {"gamma": 969.5447546100494, "log10_alpha": 0.9009637939267021, "log10_colsample_bytree": -0.46335886933235604, "log10_eta": -2.645090765929257, "log10_lambda": -0.9535558102365975, "log10_min_child_weight": 2.1460120443286272, "log10_subsample": -0.2365861598479091, "max_depth": 4.0, "num_boost_round": 3.0}, "datetime": {"datetime": "2024-01-19 01:53:41", "elapsed": 6115.371128, "delta": 0.005735}}
{"target": -17.676613539898522, "params": {"gamma": 969.5447546100494, "log10_alpha": 0.9009637939267021, "log10_colsample_bytree": -0.46335886933235604, "log10_eta": -2.645090765929257, "log10_lambda": -0.9535558102365975, "log10_min_child_weight": 2.1460120443286272, "log10_subsample": -0.2365861598479091, "max_depth": 4.0, "num_boost_round": 4.0}, "datetime": {"datetime": "2024-01-19 01:53:41", "elapsed": 6115.376684, "delta": 0.005556}}
{"target": -17.67653991833034, "params": {"gamma": 969.5447546100494, "log10_alpha": 0.9009637939267021, "log10_colsample_bytree": -0.46335886933235604, "log10_eta": -2.645090765929257, "log10_lambda": -0.9535558102365975, "log10_min_child_weight": 2.1460120443286272, "log10_subsample": -0.2365861598479091, "max_depth": 4.0, "num_boost_round": 5.0}, "datetime": {"datetime": "2024-01-19 01:53:41", "elapsed": 6115.38231, "delta": 0.005626}}
{"target": -17.676497590469133, "params": {"gamma": 969.5447546100494, "log10_alpha": 0.9009637939267021, "log10_colsample_bytree": -0.46335886933235604, "log10_eta": -2.645090765929257, "log10_lambda": -0.9535558102365975, "log10_min_child_weight": 2.1460120443286272, "log10_subsample": -0.2365861598479091, "max_depth": 4.0, "num_boost_round": 6.0}, "datetime": {"datetime": "2024-01-19 01:53:41", "elapsed": 6115.387899, "delta": 0.005589}}
{"target": -17.676425797353406, "params": {"gamma": 969.5447546100494, "log10_alpha": 0.9009637939267021, "log10_colsample_bytree": -0.46335886933235604, "log10_eta": -2.645090765929257, "log10_lambda": -0.9535558102365975, "log10_min_child_weight": 2.1460120443286272, "log10_subsample": -0.2365861598479091, "max_depth": 4.0, "num_boost_round": 7.0}, "datetime": {"datetime": "2024-01-19 01:53:41", "elapsed": 6115.3936, "delta": 0.005701}}
{"target": -17.676378708874193, "params": {"gamma": 969.5447546100494, "log10_alpha": 0.9009637939267021, "log10_colsample_bytree": -0.46335886933235604, "log10_eta": -2.645090765929257, "log10_lambda": -0.9535558102365975, "log10_min_child_weight": 2.1460120443286272, "log10_subsample": -0.2365861598479091, "max_depth": 4.0, "num_boost_round": 8.0}, "datetime": {"datetime": "2024-01-19 01:53:41", "elapsed": 6115.3992, "delta": 0.0056}}
{"target": -17.67630950248028, "params": {"gamma": 969.5447546100494, "log10_alpha": 0.9009637939267021, "log10_colsample_bytree": -0.46335886933235604, "log10_eta": -2.645090765929257, "log10_lambda": -0.9535558102365975, "log10_min_child_weight": 2.1460120443286272, "log10_subsample": -0.2365861598479091, "max_depth": 4.0, "num_boost_round": 9.0}, "datetime": {"datetime": "2024-01-19 01:53:41", "elapsed": 6115.404824, "delta": 0.005624}}
{"target": -17.676223145208187, "params": {"gamma": 969.5447546100494, "log10_alpha": 0.9009637939267021, "log10_colsample_bytree": -0.46335886933235604, "log10_eta": -2.645090765929257, "log10_lambda": -0.9535558102365975, "log10_min_child_weight": 2.1460120443286272, "log10_subsample": -0.2365861598479091, "max_depth": 4.0, "num_boost_round": 10.0}, "datetime": {"datetime": "2024-01-19 01:53:41", "elapsed": 6115.410725, "delta": 0.005901}}
{"target": -17.676171815654122, "params": {"gamma": 969.5447546100494, "log10_alpha": 0.9009637939267021, "log10_colsample_bytree": -0.46335886933235604, "log10_eta": -2.645090765929257, "log10_lambda": -0.9535558102365975, "log10_min_child_weight": 2.1460120443286272, "log10_subsample": -0.2365861598479091, "max_depth": 4.0, "num_boost_round": 11.0}, "datetime": {"datetime": "2024-01-19 01:53:41", "elapsed": 6115.416593, "delta": 0.005868}}
{"target": -17.676077912984475, "params": {"gamma": 969.5447546100494, "log10_alpha": 0.9009637939267021, "log10_colsample_bytree": -0.46335886933235604, "log10_eta": -2.645090765929257, "log10_lambda": -0.9535558102365975, "log10_min_child_weight": 2.1460120443286272, "log10_subsample": -0.2365861598479091, "max_depth": 4.0, "num_boost_round": 12.0}, "datetime": {"datetime": "2024-01-19 01:53:41", "elapsed": 6115.422365, "delta": 0.005772}}
{"target": -17.67603087164624, "params": {"gamma": 969.5447546100494, "log10_alpha": 0.9009637939267021, "log10_colsample_bytree": -0.46335886933235604, "log10_eta": -2.645090765929257, "log10_lambda": -0.9535558102365975, "log10_min_child_weight": 2.1460120443286272, "log10_subsample": -0.2365861598479091, "max_depth": 4.0, "num_boost_round": 13.0}, "datetime": {"datetime": "2024-01-19 01:53:41", "elapsed": 6115.428276, "delta": 0.005911}}
{"target": -17.676054147643004, "params": {"gamma": 969.5447546100494, "log10_alpha": 0.9009637939267021, "log10_colsample_bytree": -0.46335886933235604, "log10_eta": -2.645090765929257, "log10_lambda": -0.9535558102365975, "log10_min_child_weight": 2.1460120443286272, "log10_subsample": -0.2365861598479091, "max_depth": 4.0, "num_boost_round": 14.0}, "datetime": {"datetime": "2024-01-19 01:53:41", "elapsed": 6115.53734, "delta": 0.109064}}
{"target": -17.676021251003764, "params": {"gamma": 969.5447546100494, "log10_alpha": 0.9009637939267021, "log10_colsample_bytree": -0.46335886933235604, "log10_eta": -2.645090765929257, "log10_lambda": -0.9535558102365975, "log10_min_child_weight": 2.1460120443286272, "log10_subsample": -0.2365861598479091, "max_depth": 4.0, "num_boost_round": 15.0}, "datetime": {"datetime": "2024-01-19 01:53:41", "elapsed": 6115.543703, "delta": 0.006363}}
{"target": -17.675924416983552, "params": {"gamma": 969.5447546100494, "log10_alpha": 0.9009637939267021, "log10_colsample_bytree": -0.46335886933235604, "log10_eta": -2.645090765929257, "log10_lambda": -0.9535558102365975, "log10_min_child_weight": 2.1460120443286272, "log10_subsample": -0.2365861598479091, "max_depth": 4.0, "num_boost_round": 16.0}, "datetime": {"datetime": "2024-01-19 01:53:41", "elapsed": 6115.549431, "delta": 0.005728}}
{"target": -17.675833431887046, "params": {"gamma": 969.5447546100494, "log10_alpha": 0.9009637939267021, "log10_colsample_bytree": -0.46335886933235604, "log10_eta": -2.645090765929257, "log10_lambda": -0.9535558102365975, "log10_min_child_weight": 2.1460120443286272, "log10_subsample": -0.2365861598479091, "max_depth": 4.0, "num_boost_round": 17.0}, "datetime": {"datetime": "2024-01-19 01:53:41", "elapsed": 6115.555236, "delta": 0.005805}}
{"target": -17.675883050794067, "params": {"gamma": 969.5447546100494, "log10_alpha": 0.9009637939267021, "log10_colsample_bytree": -0.46335886933235604, "log10_eta": -2.645090765929257, "log10_lambda": -0.9535558102365975, "log10_min_child_weight": 2.1460120443286272, "log10_subsample": -0.2365861598479091, "max_depth": 4.0, "num_boost_round": 18.0}, "datetime": {"datetime": "2024-01-19 01:53:41", "elapsed": 6115.561334, "delta": 0.006098}}
{"target": -17.675839997202743, "params": {"gamma": 969.5447546100494, "log10_alpha": 0.9009637939267021, "log10_colsample_bytree": -0.46335886933235604, "log10_eta": -2.645090765929257, "log10_lambda": -0.9535558102365975, "log10_min_child_weight": 2.1460120443286272, "log10_subsample": -0.2365861598479091, "max_depth": 4.0, "num_boost_round": 19.0}, "datetime": {"datetime": "2024-01-19 01:53:41", "elapsed": 6115.567129, "delta": 0.005795}}
{"target": -17.675780051688946, "params": {"gamma": 969.5447546100494, "log10_alpha": 0.9009637939267021, "log10_colsample_bytree": -0.46335886933235604, "log10_eta": -2.645090765929257, "log10_lambda": -0.9535558102365975, "log10_min_child_weight": 2.1460120443286272, "log10_subsample": -0.2365861598479091, "max_depth": 4.0, "num_boost_round": 20.0}, "datetime": {"datetime": "2024-01-19 01:53:41", "elapsed": 6115.573059, "delta": 0.00593}}
{"target": -17.67562429316811, "params": {"gamma": 969.5447546100494, "log10_alpha": 0.9009637939267021, "log10_colsample_bytree": -0.46335886933235604, "log10_eta": -2.645090765929257, "log10_lambda": -0.9535558102365975, "log10_min_child_weight": 2.1460120443286272, "log10_subsample": -0.2365861598479091, "max_depth": 4.0, "num_boost_round": 21.0}, "datetime": {"datetime": "2024-01-19 01:53:41", "elapsed": 6115.578813, "delta": 0.005754}}
{"target": -17.67549240872829, "params": {"gamma": 969.5447546100494, "log10_alpha": 0.9009637939267021, "log10_colsample_bytree": -0.46335886933235604, "log10_eta": -2.645090765929257, "log10_lambda": -0.9535558102365975, "log10_min_child_weight": 2.1460120443286272, "log10_subsample": -0.2365861598479091, "max_depth": 4.0, "num_boost_round": 22.0}, "datetime": {"datetime": "2024-01-19 01:53:41", "elapsed": 6115.584787, "delta": 0.005974}}
{"target": -17.675323509558158, "params": {"gamma": 969.5447546100494, "log10_alpha": 0.9009637939267021, "log10_colsample_bytree": -0.46335886933235604, "log10_eta": -2.645090765929257, "log10_lambda": -0.9535558102365975, "log10_min_child_weight": 2.1460120443286272, "log10_subsample": -0.2365861598479091, "max_depth": 4.0, "num_boost_round": 23.0}, "datetime": {"datetime": "2024-01-19 01:53:41", "elapsed": 6115.590977, "delta": 0.00619}}
{"target": -17.675285919171664, "params": {"gamma": 969.5447546100494, "log10_alpha": 0.9009637939267021, "log10_colsample_bytree": -0.46335886933235604, "log10_eta": -2.645090765929257, "log10_lambda": -0.9535558102365975, "log10_min_child_weight": 2.1460120443286272, "log10_subsample": -0.2365861598479091, "max_depth": 4.0, "num_boost_round": 24.0}, "datetime": {"datetime": "2024-01-19 01:53:41", "elapsed": 6115.597058, "delta": 0.006081}}
{"target": -17.675161279770787, "params": {"gamma": 969.5447546100494, "log10_alpha": 0.9009637939267021, "log10_colsample_bytree": -0.46335886933235604, "log10_eta": -2.645090765929257, "log10_lambda": -0.9535558102365975, "log10_min_child_weight": 2.1460120443286272, "log10_subsample": -0.2365861598479091, "max_depth": 4.0, "num_boost_round": 25.0}, "datetime": {"datetime": "2024-01-19 01:53:41", "elapsed": 6115.602867, "delta": 0.005809}}
{"target": -17.6750925017146, "params": {"gamma": 969.5447546100494, "log10_alpha": 0.9009637939267021, "log10_colsample_bytree": -0.46335886933235604, "log10_eta": -2.645090765929257, "log10_lambda": -0.9535558102365975, "log10_min_child_weight": 2.1460120443286272, "log10_subsample": -0.2365861598479091, "max_depth": 4.0, "num_boost_round": 26.0}, "datetime": {"datetime": "2024-01-19 01:53:41", "elapsed": 6115.608535, "delta": 0.005668}}
{"target": -17.675022590117457, "params": {"gamma": 969.5447546100494, "log10_alpha": 0.9009637939267021, "log10_colsample_bytree": -0.46335886933235604, "log10_eta": -2.645090765929257, "log10_lambda": -0.9535558102365975, "log10_min_child_weight": 2.1460120443286272, "log10_subsample": -0.2365861598479091, "max_depth": 4.0, "num_boost_round": 27.0}, "datetime": {"datetime": "2024-01-19 01:53:41", "elapsed": 6115.614563, "delta": 0.006028}}
{"target": -17.674929204555838, "params": {"gamma": 969.5447546100494, "log10_alpha": 0.9009637939267021, "log10_colsample_bytree": -0.46335886933235604, "log10_eta": -2.645090765929257, "log10_lambda": -0.9535558102365975, "log10_min_child_weight": 2.1460120443286272, "log10_subsample": -0.2365861598479091, "max_depth": 4.0, "num_boost_round": 28.0}, "datetime": {"datetime": "2024-01-19 01:53:41", "elapsed": 6115.620544, "delta": 0.005981}}
{"target": -17.674789924661834, "params": {"gamma": 969.5447546100494, "log10_alpha": 0.9009637939267021, "log10_colsample_bytree": -0.46335886933235604, "log10_eta": -2.645090765929257, "log10_lambda": -0.9535558102365975, "log10_min_child_weight": 2.1460120443286272, "log10_subsample": -0.2365861598479091, "max_depth": 4.0, "num_boost_round": 29.0}, "datetime": {"datetime": "2024-01-19 01:53:41", "elapsed": 6115.627351, "delta": 0.006807}}
{"target": -17.674737346466046, "params": {"gamma": 969.5447546100494, "log10_alpha": 0.9009637939267021, "log10_colsample_bytree": -0.46335886933235604, "log10_eta": -2.645090765929257, "log10_lambda": -0.9535558102365975, "log10_min_child_weight": 2.1460120443286272, "log10_subsample": -0.2365861598479091, "max_depth": 4.0, "num_boost_round": 30.0}, "datetime": {"datetime": "2024-01-19 01:53:41", "elapsed": 6115.633666, "delta": 0.006315}}
{"target": -17.674679825052298, "params": {"gamma": 969.5447546100494, "log10_alpha": 0.9009637939267021, "log10_colsample_bytree": -0.46335886933235604, "log10_eta": -2.645090765929257, "log10_lambda": -0.9535558102365975, "log10_min_child_weight": 2.1460120443286272, "log10_subsample": -0.2365861598479091, "max_depth": 4.0, "num_boost_round": 31.0}, "datetime": {"datetime": "2024-01-19 01:53:41", "elapsed": 6115.639761, "delta": 0.006095}}
{"target": -17.674639255651485, "params": {"gamma": 969.5447546100494, "log10_alpha": 0.9009637939267021, "log10_colsample_bytree": -0.46335886933235604, "log10_eta": -2.645090765929257, "log10_lambda": -0.9535558102365975, "log10_min_child_weight": 2.1460120443286272, "log10_subsample": -0.2365861598479091, "max_depth": 4.0, "num_boost_round": 32.0}, "datetime": {"datetime": "2024-01-19 01:53:41", "elapsed": 6115.6457, "delta": 0.005939}}
