{"target": -17.69815753177114, "params": {"gamma": 165.4414930308098, "log10_alpha": -4.957401578800852, "log10_colsample_bytree": -0.010252171238036123, "log10_eta": -1.2017754833094005, "log10_lambda": -2.105457420634971, "log10_min_child_weight": 3.0051914864951086, "log10_subsample": -0.7060565549074592, "max_depth": 2.0, "num_boost_round": 43.0}, "datetime": {"datetime": "2024-01-19 00:33:46", "elapsed": 1311.342089, "delta": 0.002027}}
{"target": -17.698849776810995, "params": {"gamma": 165.4414930308098, "log10_alpha": -4.957401578800852, "log10_colsample_bytree": -0.010252171238036123, "log10_eta": -1.2017754833094005, "log10_lambda": -2.105457420634971, "log10_min_child_weight": 3.0051914864951086, "log10_subsample": -0.7060565549074592, "max_depth": 2.0, "num_boost_round": 44.0}, "datetime": {"datetime": "2024-01-19 00:33:46", "elapsed": 1311.344139, "delta": 0.00205}}
{"target": -17.69947296588735, "params": {"gamma": 165.4414930308098, "log10_alpha": -4.957401578800852, "log10_colsample_bytree": -0.010252171238036123, "log10_eta": -1.2017754833094005, "log10_lambda": -2.105457420634971, "log10_min_child_weight": 3.0051914864951086, "log10_subsample": -0.7060565549074592, "max_depth": 2.0, "num_boost_round": 45.0}, "datetime": {"datetime": "2024-01-19 00:33:46", "elapsed": 1311.346214, "delta": 0.002075}}
{"target": -17.69986084422792, "params": {"gamma": 165.4414930308098, "log10_alpha": -4.957401578800852, "log10_colsample_bytree": -0.010252171238036123, "log10_eta": -1.2017754833094005, "log10_lambda": -2.105457420634971, "log10_min_child_weight": 3.0051914864951086, "log10_subsample": -0.7060565549074592, "max_depth": 2.0, "num_boost_round": 46.0}, "datetime": {"datetime": "2024-01-19 00:33:46", "elapsed": 1311.348261, "delta": 0.002047}}
{"target": -17.7010588799042, "params": {"gamma": 165.4414930308098, "log10_alpha": -4.957401578800852, "log10_colsample_bytree": -0.010252171238036123, "log10_eta": -1.2017754833094005, "log10_lambda": -2.105457420634971, "log10_min_child_weight": 3.0051914864951086, "log10_subsample": -0.7060565549074592, "max_depth": 2.0, "num_boost_round": 47.0}, "datetime": {"datetime": "2024-01-19 00:33:46", "elapsed": 1311.350278, "delta": 0.002017}}
{"target": -17.70149637565702, "params": {"gamma": 165.4414930308098, "log10_alpha": -4.957401578800852, "log10_colsample_bytree": -0.010252171238036123, "log10_eta": -1.2017754833094005, "log10_lambda": -2.105457420634971, "log10_min_child_weight": 3.0051914864951086, "log10_subsample": -0.7060565549074592, "max_depth": 2.0, "num_boost_round": 48.0}, "datetime": {"datetime": "2024-01-19 00:33:46", "elapsed": 1311.352375, "delta": 0.002097}}
{"target": -17.708581950831288, "params": {"gamma": 165.4414930308098, "log10_alpha": -4.957401578800852, "log10_colsample_bytree": -0.010252171238036123, "log10_eta": -1.2017754833094005, "log10_lambda": -2.105457420634971, "log10_min_child_weight": 3.0051914864951086, "log10_subsample": -0.7060565549074592, "max_depth": 2.0, "num_boost_round": 49.0}, "datetime": {"datetime": "2024-01-19 00:33:46", "elapsed": 1311.354412, "delta": 0.002037}}
{"target": -17.708857425780153, "params": {"gamma": 165.4414930308098, "log10_alpha": -4.957401578800852, "log10_colsample_bytree": -0.010252171238036123, "log10_eta": -1.2017754833094005, "log10_lambda": -2.105457420634971, "log10_min_child_weight": 3.0051914864951086, "log10_subsample": -0.7060565549074592, "max_depth": 2.0, "num_boost_round": 50.0}, "datetime": {"datetime": "2024-01-19 00:33:46", "elapsed": 1311.356547, "delta": 0.002135}}
{"target": -17.7113605224107, "params": {"gamma": 165.4414930308098, "log10_alpha": -4.957401578800852, "log10_colsample_bytree": -0.010252171238036123, "log10_eta": -1.2017754833094005, "log10_lambda": -2.105457420634971, "log10_min_child_weight": 3.0051914864951086, "log10_subsample": -0.7060565549074592, "max_depth": 2.0, "num_boost_round": 51.0}, "datetime": {"datetime": "2024-01-19 00:33:46", "elapsed": 1311.359412, "delta": 0.002865}}
{"target": -17.712009647500956, "params": {"gamma": 165.4414930308098, "log10_alpha": -4.957401578800852, "log10_colsample_bytree": -0.010252171238036123, "log10_eta": -1.2017754833094005, "log10_lambda": -2.105457420634971, "log10_min_child_weight": 3.0051914864951086, "log10_subsample": -0.7060565549074592, "max_depth": 2.0, "num_boost_round": 52.0}, "datetime": {"datetime": "2024-01-19 00:33:46", "elapsed": 1311.361873, "delta": 0.002461}}
{"target": -17.711247734292296, "params": {"gamma": 165.4414930308098, "log10_alpha": -4.957401578800852, "log10_colsample_bytree": -0.010252171238036123, "log10_eta": -1.2017754833094005, "log10_lambda": -2.105457420634971, "log10_min_child_weight": 3.0051914864951086, "log10_subsample": -0.7060565549074592, "max_depth": 2.0, "num_boost_round": 53.0}, "datetime": {"datetime": "2024-01-19 00:33:46", "elapsed": 1311.363999, "delta": 0.002126}}
{"target": -17.710647907362155, "params": {"gamma": 165.4414930308098, "log10_alpha": -4.957401578800852, "log10_colsample_bytree": -0.010252171238036123, "log10_eta": -1.2017754833094005, "log10_lambda": -2.105457420634971, "log10_min_child_weight": 3.0051914864951086, "log10_subsample": -0.7060565549074592, "max_depth": 2.0, "num_boost_round": 54.0}, "datetime": {"datetime": "2024-01-19 00:33:46", "elapsed": 1311.366018, "delta": 0.002019}}
{"target": -17.710982371227352, "params": {"gamma": 165.4414930308098, "log10_alpha": -4.957401578800852, "log10_colsample_bytree": -0.010252171238036123, "log10_eta": -1.2017754833094005, "log10_lambda": -2.105457420634971, "log10_min_child_weight": 3.0051914864951086, "log10_subsample": -0.7060565549074592, "max_depth": 2.0, "num_boost_round": 55.0}, "datetime": {"datetime": "2024-01-19 00:33:46", "elapsed": 1311.368142, "delta": 0.002124}}
{"target": -17.71114113630067, "params": {"gamma": 165.4414930308098, "log10_alpha": -4.957401578800852, "log10_colsample_bytree": -0.010252171238036123, "log10_eta": -1.2017754833094005, "log10_lambda": -2.105457420634971, "log10_min_child_weight": 3.0051914864951086, "log10_subsample": -0.7060565549074592, "max_depth": 2.0, "num_boost_round": 56.0}, "datetime": {"datetime": "2024-01-19 00:33:46", "elapsed": 1311.370174, "delta": 0.002032}}
{"target": -17.710642830691306, "params": {"gamma": 165.4414930308098, "log10_alpha": -4.957401578800852, "log10_colsample_bytree": -0.010252171238036123, "log10_eta": -1.2017754833094005, "log10_lambda": -2.105457420634971, "log10_min_child_weight": 3.0051914864951086, "log10_subsample": -0.7060565549074592, "max_depth": 2.0, "num_boost_round": 57.0}, "datetime": {"datetime": "2024-01-19 00:33:46", "elapsed": 1311.372211, "delta": 0.002037}}
{"target": -17.71225574743658, "params": {"gamma": 165.4414930308098, "log10_alpha": -4.957401578800852, "log10_colsample_bytree": -0.010252171238036123, "log10_eta": -1.2017754833094005, "log10_lambda": -2.105457420634971, "log10_min_child_weight": 3.0051914864951086, "log10_subsample": -0.7060565549074592, "max_depth": 2.0, "num_boost_round": 58.0}, "datetime": {"datetime": "2024-01-19 00:33:46", "elapsed": 1311.37425, "delta": 0.002039}}
{"target": -17.71108671695701, "params": {"gamma": 165.4414930308098, "log10_alpha": -4.957401578800852, "log10_colsample_bytree": -0.010252171238036123, "log10_eta": -1.2017754833094005, "log10_lambda": -2.105457420634971, "log10_min_child_weight": 3.0051914864951086, "log10_subsample": -0.7060565549074592, "max_depth": 2.0, "num_boost_round": 59.0}, "datetime": {"datetime": "2024-01-19 00:33:46", "elapsed": 1311.376237, "delta": 0.001987}}
{"target": -17.711502474410647, "params": {"gamma": 165.4414930308098, "log10_alpha": -4.957401578800852, "log10_colsample_bytree": -0.010252171238036123, "log10_eta": -1.2017754833094005, "log10_lambda": -2.105457420634971, "log10_min_child_weight": 3.0051914864951086, "log10_subsample": -0.7060565549074592, "max_depth": 2.0, "num_boost_round": 60.0}, "datetime": {"datetime": "2024-01-19 00:33:46", "elapsed": 1311.378306, "delta": 0.002069}}
{"target": -17.712319555689028, "params": {"gamma": 165.4414930308098, "log10_alpha": -4.957401578800852, "log10_colsample_bytree": -0.010252171238036123, "log10_eta": -1.2017754833094005, "log10_lambda": -2.105457420634971, "log10_min_child_weight": 3.0051914864951086, "log10_subsample": -0.7060565549074592, "max_depth": 2.0, "num_boost_round": 61.0}, "datetime": {"datetime": "2024-01-19 00:33:46", "elapsed": 1311.380334, "delta": 0.002028}}
{"target": -17.71296062106186, "params": {"gamma": 165.4414930308098, "log10_alpha": -4.957401578800852, "log10_colsample_bytree": -0.010252171238036123, "log10_eta": -1.2017754833094005, "log10_lambda": -2.105457420634971, "log10_min_child_weight": 3.0051914864951086, "log10_subsample": -0.7060565549074592, "max_depth": 2.0, "num_boost_round": 62.0}, "datetime": {"datetime": "2024-01-19 00:33:46", "elapsed": 1311.382349, "delta": 0.002015}}
{"target": -17.718767706557134, "params": {"gamma": 165.4414930308098, "log10_alpha": -4.957401578800852, "log10_colsample_bytree": -0.010252171238036123, "log10_eta": -1.2017754833094005, "log10_lambda": -2.105457420634971, "log10_min_child_weight": 3.0051914864951086, "log10_subsample": -0.7060565549074592, "max_depth": 2.0, "num_boost_round": 63.0}, "datetime": {"datetime": "2024-01-19 00:33:46", "elapsed": 1311.384333, "delta": 0.001984}}
{"target": -17.71899489466955, "params": {"gamma": 165.4414930308098, "log10_alpha": -4.957401578800852, "log10_colsample_bytree": -0.010252171238036123, "log10_eta": -1.2017754833094005, "log10_lambda": -2.105457420634971, "log10_min_child_weight": 3.0051914864951086, "log10_subsample": -0.7060565549074592, "max_depth": 2.0, "num_boost_round": 64.0}, "datetime": {"datetime": "2024-01-19 00:33:46", "elapsed": 1311.386363, "delta": 0.00203}}
{"target": -17.71962472547289, "params": {"gamma": 165.4414930308098, "log10_alpha": -4.957401578800852, "log10_colsample_bytree": -0.010252171238036123, "log10_eta": -1.2017754833094005, "log10_lambda": -2.105457420634971, "log10_min_child_weight": 3.0051914864951086, "log10_subsample": -0.7060565549074592, "max_depth": 2.0, "num_boost_round": 65.0}, "datetime": {"datetime": "2024-01-19 00:33:46", "elapsed": 1311.388553, "delta": 0.00219}}
{"target": -17.67712975193943, "params": {"gamma": 136.24178295700494, "log10_alpha": -3.148659153869281, "log10_colsample_bytree": -0.34463118953717087, "log10_eta": -2.691817904171909, "log10_lambda": -4.052301355269665, "log10_min_child_weight": 0.6476293137220829, "log10_subsample": -0.23581260422682837, "max_depth": 8.0, "num_boost_round": 0.0}, "datetime": {"datetime": "2024-01-19 00:34:13", "elapsed": 1338.453863, "delta": 27.06531}}
{"target": -17.677061708702723, "params": {"gamma": 136.24178295700494, "log10_alpha": -3.148659153869281, "log10_colsample_bytree": -0.34463118953717087, "log10_eta": -2.691817904171909, "log10_lambda": -4.052301355269665, "log10_min_child_weight": 0.6476293137220829, "log10_subsample": -0.23581260422682837, "max_depth": 8.0, "num_boost_round": 1.0}, "datetime": {"datetime": "2024-01-19 00:34:13", "elapsed": 1338.456288, "delta": 0.002425}}
{"target": -17.676843687924165, "params": {"gamma": 136.24178295700494, "log10_alpha": -3.148659153869281, "log10_colsample_bytree": -0.34463118953717087, "log10_eta": -2.691817904171909, "log10_lambda": -4.052301355269665, "log10_min_child_weight": 0.6476293137220829, "log10_subsample": -0.23581260422682837, "max_depth": 8.0, "num_boost_round": 2.0}, "datetime": {"datetime": "2024-01-19 00:34:13", "elapsed": 1338.458479, "delta": 0.002191}}
{"target": -17.676824085879996, "params": {"gamma": 136.24178295700494, "log10_alpha": -3.148659153869281, "log10_colsample_bytree": -0.34463118953717087, "log10_eta": -2.691817904171909, "log10_lambda": -4.052301355269665, "log10_min_child_weight": 0.6476293137220829, "log10_subsample": -0.23581260422682837, "max_depth": 8.0, "num_boost_round": 3.0}, "datetime": {"datetime": "2024-01-19 00:34:13", "elapsed": 1338.461527, "delta": 0.003048}}
{"target": -17.676738626033774, "params": {"gamma": 136.24178295700494, "log10_alpha": -3.148659153869281, "log10_colsample_bytree": -0.34463118953717087, "log10_eta": -2.691817904171909, "log10_lambda": -4.052301355269665, "log10_min_child_weight": 0.6476293137220829, "log10_subsample": -0.23581260422682837, "max_depth": 8.0, "num_boost_round": 4.0}, "datetime": {"datetime": "2024-01-19 00:34:13", "elapsed": 1338.464042, "delta": 0.002515}}
{"target": -17.676639107292427, "params": {"gamma": 136.24178295700494, "log10_alpha": -3.148659153869281, "log10_colsample_bytree": -0.34463118953717087, "log10_eta": -2.691817904171909, "log10_lambda": -4.052301355269665, "log10_min_child_weight": 0.6476293137220829, "log10_subsample": -0.23581260422682837, "max_depth": 8.0, "num_boost_round": 5.0}, "datetime": {"datetime": "2024-01-19 00:34:13", "elapsed": 1338.46697, "delta": 0.002928}}
{"target": -17.676484176668037, "params": {"gamma": 136.24178295700494, "log10_alpha": -3.148659153869281, "log10_colsample_bytree": -0.34463118953717087, "log10_eta": -2.691817904171909, "log10_lambda": -4.052301355269665, "log10_min_child_weight": 0.6476293137220829, "log10_subsample": -0.23581260422682837, "max_depth": 8.0, "num_boost_round": 6.0}, "datetime": {"datetime": "2024-01-19 00:34:13", "elapsed": 1338.469203, "delta": 0.002233}}
{"target": -17.676410574273028, "params": {"gamma": 136.24178295700494, "log10_alpha": -3.148659153869281, "log10_colsample_bytree": -0.34463118953717087, "log10_eta": -2.691817904171909, "log10_lambda": -4.052301355269665, "log10_min_child_weight": 0.6476293137220829, "log10_subsample": -0.23581260422682837, "max_depth": 8.0, "num_boost_round": 7.0}, "datetime": {"datetime": "2024-01-19 00:34:13", "elapsed": 1338.471372, "delta": 0.002169}}
{"target": -17.676277495563912, "params": {"gamma": 136.24178295700494, "log10_alpha": -3.148659153869281, "log10_colsample_bytree": -0.34463118953717087, "log10_eta": -2.691817904171909, "log10_lambda": -4.052301355269665, "log10_min_child_weight": 0.6476293137220829, "log10_subsample": -0.23581260422682837, "max_depth": 8.0, "num_boost_round": 8.0}, "datetime": {"datetime": "2024-01-19 00:34:13", "elapsed": 1338.473571, "delta": 0.002199}}
{"target": -17.67609529953648, "params": {"gamma": 136.24178295700494, "log10_alpha": -3.148659153869281, "log10_colsample_bytree": -0.34463118953717087, "log10_eta": -2.691817904171909, "log10_lambda": -4.052301355269665, "log10_min_child_weight": 0.6476293137220829, "log10_subsample": -0.23581260422682837, "max_depth": 8.0, "num_boost_round": 9.0}, "datetime": {"datetime": "2024-01-19 00:34:13", "elapsed": 1338.475666, "delta": 0.002095}}
{"target": -17.675982681071417, "params": {"gamma": 136.24178295700494, "log10_alpha": -3.148659153869281, "log10_colsample_bytree": -0.34463118953717087, "log10_eta": -2.691817904171909, "log10_lambda": -4.052301355269665, "log10_min_child_weight": 0.6476293137220829, "log10_subsample": -0.23581260422682837, "max_depth": 8.0, "num_boost_round": 10.0}, "datetime": {"datetime": "2024-01-19 00:34:13", "elapsed": 1338.47776, "delta": 0.002094}}
{"target": -17.67583808831055, "params": {"gamma": 136.24178295700494, "log10_alpha": -3.148659153869281, "log10_colsample_bytree": -0.34463118953717087, "log10_eta": -2.691817904171909, "log10_lambda": -4.052301355269665, "log10_min_child_weight": 0.6476293137220829, "log10_subsample": -0.23581260422682837, "max_depth": 8.0, "num_boost_round": 11.0}, "datetime": {"datetime": "2024-01-19 00:34:13", "elapsed": 1338.479898, "delta": 0.002138}}
{"target": -17.675772938526283, "params": {"gamma": 136.24178295700494, "log10_alpha": -3.148659153869281, "log10_colsample_bytree": -0.34463118953717087, "log10_eta": -2.691817904171909, "log10_lambda": -4.052301355269665, "log10_min_child_weight": 0.6476293137220829, "log10_subsample": -0.23581260422682837, "max_depth": 8.0, "num_boost_round": 12.0}, "datetime": {"datetime": "2024-01-19 00:34:13", "elapsed": 1338.481978, "delta": 0.00208}}
{"target": -17.677212730091036, "params": {"gamma": 189.9007879895096, "log10_alpha": 0.3919736271552683, "log10_colsample_bytree": -0.05832818083038149, "log10_eta": -3.20105204008961, "log10_lambda": -4.984442511766765, "log10_min_child_weight": 2.4542233654969503, "log10_subsample": -0.11484903054440732, "max_depth": 4.0, "num_boost_round": 0.0}, "datetime": {"datetime": "2024-01-19 00:34:43", "elapsed": 1367.537967, "delta": 29.055989}}
{"target": -17.67719441008711, "params": {"gamma": 189.9007879895096, "log10_alpha": 0.3919736271552683, "log10_colsample_bytree": -0.05832818083038149, "log10_eta": -3.20105204008961, "log10_lambda": -4.984442511766765, "log10_min_child_weight": 2.4542233654969503, "log10_subsample": -0.11484903054440732, "max_depth": 4.0, "num_boost_round": 1.0}, "datetime": {"datetime": "2024-01-19 00:34:43", "elapsed": 1367.540753, "delta": 0.002786}}
{"target": -17.677188223051076, "params": {"gamma": 189.9007879895096, "log10_alpha": 0.3919736271552683, "log10_colsample_bytree": -0.05832818083038149, "log10_eta": -3.20105204008961, "log10_lambda": -4.984442511766765, "log10_min_child_weight": 2.4542233654969503, "log10_subsample": -0.11484903054440732, "max_depth": 4.0, "num_boost_round": 2.0}, "datetime": {"datetime": "2024-01-19 00:34:43", "elapsed": 1367.543253, "delta": 0.0025}}
{"target": -17.67717109012582, "params": {"gamma": 189.9007879895096, "log10_alpha": 0.3919736271552683, "log10_colsample_bytree": -0.05832818083038149, "log10_eta": -3.20105204008961, "log10_lambda": -4.984442511766765, "log10_min_child_weight": 2.4542233654969503, "log10_subsample": -0.11484903054440732, "max_depth": 4.0, "num_boost_round": 3.0}, "datetime": {"datetime": "2024-01-19 00:34:43", "elapsed": 1367.545387, "delta": 0.002134}}
{"target": -17.67714479998771, "params": {"gamma": 189.9007879895096, "log10_alpha": 0.3919736271552683, "log10_colsample_bytree": -0.05832818083038149, "log10_eta": -3.20105204008961, "log10_lambda": -4.984442511766765, "log10_min_child_weight": 2.4542233654969503, "log10_subsample": -0.11484903054440732, "max_depth": 4.0, "num_boost_round": 4.0}, "datetime": {"datetime": "2024-01-19 00:34:43", "elapsed": 1367.547573, "delta": 0.002186}}
{"target": -17.677124508486123, "params": {"gamma": 189.9007879895096, "log10_alpha": 0.3919736271552683, "log10_colsample_bytree": -0.05832818083038149, "log10_eta": -3.20105204008961, "log10_lambda": -4.984442511766765, "log10_min_child_weight": 2.4542233654969503, "log10_subsample": -0.11484903054440732, "max_depth": 4.0, "num_boost_round": 5.0}, "datetime": {"datetime": "2024-01-19 00:34:43", "elapsed": 1367.549684, "delta": 0.002111}}
{"target": -17.67712101173258, "params": {"gamma": 189.9007879895096, "log10_alpha": 0.3919736271552683, "log10_colsample_bytree": -0.05832818083038149, "log10_eta": -3.20105204008961, "log10_lambda": -4.984442511766765, "log10_min_child_weight": 2.4542233654969503, "log10_subsample": -0.11484903054440732, "max_depth": 4.0, "num_boost_round": 6.0}, "datetime": {"datetime": "2024-01-19 00:34:43", "elapsed": 1367.551852, "delta": 0.002168}}
{"target": -17.677103078244077, "params": {"gamma": 189.9007879895096, "log10_alpha": 0.3919736271552683, "log10_colsample_bytree": -0.05832818083038149, "log10_eta": -3.20105204008961, "log10_lambda": -4.984442511766765, "log10_min_child_weight": 2.4542233654969503, "log10_subsample": -0.11484903054440732, "max_depth": 4.0, "num_boost_round": 7.0}, "datetime": {"datetime": "2024-01-19 00:34:43", "elapsed": 1367.553966, "delta": 0.002114}}
{"target": -17.67707830564011, "params": {"gamma": 189.9007879895096, "log10_alpha": 0.3919736271552683, "log10_colsample_bytree": -0.05832818083038149, "log10_eta": -3.20105204008961, "log10_lambda": -4.984442511766765, "log10_min_child_weight": 2.4542233654969503, "log10_subsample": -0.11484903054440732, "max_depth": 4.0, "num_boost_round": 8.0}, "datetime": {"datetime": "2024-01-19 00:34:43", "elapsed": 1367.556033, "delta": 0.002067}}
{"target": -17.67705900992708, "params": {"gamma": 189.9007879895096, "log10_alpha": 0.3919736271552683, "log10_colsample_bytree": -0.05832818083038149, "log10_eta": -3.20105204008961, "log10_lambda": -4.984442511766765, "log10_min_child_weight": 2.4542233654969503, "log10_subsample": -0.11484903054440732, "max_depth": 4.0, "num_boost_round": 9.0}, "datetime": {"datetime": "2024-01-19 00:34:43", "elapsed": 1367.558125, "delta": 0.002092}}
{"target": -17.677229466378744, "params": {"gamma": 189.18421435172834, "log10_alpha": -0.9486584473054666, "log10_colsample_bytree": -1.0, "log10_eta": -3.517455247111947, "log10_lambda": -5.0, "log10_min_child_weight": 5.0, "log10_subsample": 0.0, "max_depth": 7.0, "num_boost_round": 0.0}, "datetime": {"datetime": "2024-01-19 00:35:16", "elapsed": 1401.208096, "delta": 33.649971}}
{"target": -17.67722634566649, "params": {"gamma": 189.18421435172834, "log10_alpha": -0.9486584473054666, "log10_colsample_bytree": -1.0, "log10_eta": -3.517455247111947, "log10_lambda": -5.0, "log10_min_child_weight": 5.0, "log10_subsample": 0.0, "max_depth": 7.0, "num_boost_round": 1.0}, "datetime": {"datetime": "2024-01-19 00:35:16", "elapsed": 1401.21106, "delta": 0.002964}}
{"target": -17.677223721173625, "params": {"gamma": 189.18421435172834, "log10_alpha": -0.9486584473054666, "log10_colsample_bytree": -1.0, "log10_eta": -3.517455247111947, "log10_lambda": -5.0, "log10_min_child_weight": 5.0, "log10_subsample": 0.0, "max_depth": 7.0, "num_boost_round": 2.0}, "datetime": {"datetime": "2024-01-19 00:35:16", "elapsed": 1401.213754, "delta": 0.002694}}
