{"target": -17.675077986181506, "params": {"gamma": 35.50836171212956, "log10_alpha": -0.8785569199368828, "log10_colsample_bytree": -0.058649073511580774, "log10_eta": -2.390855608416674, "log10_lambda": -2.505662467828828, "log10_min_child_weight": 1.625930691824478, "log10_subsample": -0.9207059470299652, "max_depth": 2.0, "num_boost_round": 23.0}, "datetime": {"datetime": "2024-01-19 00:38:35", "elapsed": 1669.109786, "delta": 0.002003}}
{"target": -17.677231504375058, "params": {"gamma": 37.950871574594544, "log10_alpha": -2.6381768549257405, "log10_colsample_bytree": 0.0, "log10_eta": -4.0, "log10_lambda": -5.0, "log10_min_child_weight": 5.0, "log10_subsample": 0.0, "max_depth": 7.0, "num_boost_round": 0.0}, "datetime": {"datetime": "2024-01-19 00:39:07", "elapsed": 1701.232456, "delta": 32.12267}}
{"target": -17.677230043943716, "params": {"gamma": 37.950871574594544, "log10_alpha": -2.6381768549257405, "log10_colsample_bytree": 0.0, "log10_eta": -4.0, "log10_lambda": -5.0, "log10_min_child_weight": 5.0, "log10_subsample": 0.0, "max_depth": 7.0, "num_boost_round": 1.0}, "datetime": {"datetime": "2024-01-19 00:39:07", "elapsed": 1701.234762, "delta": 0.002306}}
{"target": -17.6772285944327, "params": {"gamma": 37.950871574594544, "log10_alpha": -2.6381768549257405, "log10_colsample_bytree": 0.0, "log10_eta": -4.0, "log10_lambda": -5.0, "log10_min_child_weight": 5.0, "log10_subsample": 0.0, "max_depth": 7.0, "num_boost_round": 2.0}, "datetime": {"datetime": "2024-01-19 00:39:07", "elapsed": 1701.237503, "delta": 0.002741}}
{"target": -17.677227147119545, "params": {"gamma": 37.950871574594544, "log10_alpha": -2.6381768549257405, "log10_colsample_bytree": 0.0, "log10_eta": -4.0, "log10_lambda": -5.0, "log10_min_child_weight": 5.0, "log10_subsample": 0.0, "max_depth": 7.0, "num_boost_round": 3.0}, "datetime": {"datetime": "2024-01-19 00:39:07", "elapsed": 1701.239728, "delta": 0.002225}}
{"target": -17.67722569864692, "params": {"gamma": 37.950871574594544, "log10_alpha": -2.6381768549257405, "log10_colsample_bytree": 0.0, "log10_eta": -4.0, "log10_lambda": -5.0, "log10_min_child_weight": 5.0, "log10_subsample": 0.0, "max_depth": 7.0, "num_boost_round": 4.0}, "datetime": {"datetime": "2024-01-19 00:39:07", "elapsed": 1701.24215, "delta": 0.002422}}
{"target": -17.6772242469189, "params": {"gamma": 37.950871574594544, "log10_alpha": -2.6381768549257405, "log10_colsample_bytree": 0.0, "log10_eta": -4.0, "log10_lambda": -5.0, "log10_min_child_weight": 5.0, "log10_subsample": 0.0, "max_depth": 7.0, "num_boost_round": 5.0}, "datetime": {"datetime": "2024-01-19 00:39:07", "elapsed": 1701.244172, "delta": 0.002022}}
{"target": -17.677222768572033, "params": {"gamma": 37.950871574594544, "log10_alpha": -2.6381768549257405, "log10_colsample_bytree": 0.0, "log10_eta": -4.0, "log10_lambda": -5.0, "log10_min_child_weight": 5.0, "log10_subsample": 0.0, "max_depth": 7.0, "num_boost_round": 6.0}, "datetime": {"datetime": "2024-01-19 00:39:07", "elapsed": 1701.246318, "delta": 0.002146}}
{"target": -17.677221323504362, "params": {"gamma": 37.950871574594544, "log10_alpha": -2.6381768549257405, "log10_colsample_bytree": 0.0, "log10_eta": -4.0, "log10_lambda": -5.0, "log10_min_child_weight": 5.0, "log10_subsample": 0.0, "max_depth": 7.0, "num_boost_round": 7.0}, "datetime": {"datetime": "2024-01-19 00:39:07", "elapsed": 1701.248346, "delta": 0.002028}}
{"target": -17.677219872537524, "params": {"gamma": 37.950871574594544, "log10_alpha": -2.6381768549257405, "log10_colsample_bytree": 0.0, "log10_eta": -4.0, "log10_lambda": -5.0, "log10_min_child_weight": 5.0, "log10_subsample": 0.0, "max_depth": 7.0, "num_boost_round": 8.0}, "datetime": {"datetime": "2024-01-19 00:39:07", "elapsed": 1701.250378, "delta": 0.002032}}
{"target": -17.677218412259094, "params": {"gamma": 37.950871574594544, "log10_alpha": -2.6381768549257405, "log10_colsample_bytree": 0.0, "log10_eta": -4.0, "log10_lambda": -5.0, "log10_min_child_weight": 5.0, "log10_subsample": 0.0, "max_depth": 7.0, "num_boost_round": 9.0}, "datetime": {"datetime": "2024-01-19 00:39:07", "elapsed": 1701.252442, "delta": 0.002064}}
{"target": -17.67721698651795, "params": {"gamma": 37.950871574594544, "log10_alpha": -2.6381768549257405, "log10_colsample_bytree": 0.0, "log10_eta": -4.0, "log10_lambda": -5.0, "log10_min_child_weight": 5.0, "log10_subsample": 0.0, "max_depth": 7.0, "num_boost_round": 10.0}, "datetime": {"datetime": "2024-01-19 00:39:07", "elapsed": 1701.254501, "delta": 0.002059}}
{"target": -17.67721552946666, "params": {"gamma": 37.950871574594544, "log10_alpha": -2.6381768549257405, "log10_colsample_bytree": 0.0, "log10_eta": -4.0, "log10_lambda": -5.0, "log10_min_child_weight": 5.0, "log10_subsample": 0.0, "max_depth": 7.0, "num_boost_round": 11.0}, "datetime": {"datetime": "2024-01-19 00:39:07", "elapsed": 1701.25659, "delta": 0.002089}}
{"target": -17.67721408499751, "params": {"gamma": 37.950871574594544, "log10_alpha": -2.6381768549257405, "log10_colsample_bytree": 0.0, "log10_eta": -4.0, "log10_lambda": -5.0, "log10_min_child_weight": 5.0, "log10_subsample": 0.0, "max_depth": 7.0, "num_boost_round": 12.0}, "datetime": {"datetime": "2024-01-19 00:39:07", "elapsed": 1701.258646, "delta": 0.002056}}
{"target": -17.677212609088958, "params": {"gamma": 37.950871574594544, "log10_alpha": -2.6381768549257405, "log10_colsample_bytree": 0.0, "log10_eta": -4.0, "log10_lambda": -5.0, "log10_min_child_weight": 5.0, "log10_subsample": 0.0, "max_depth": 7.0, "num_boost_round": 13.0}, "datetime": {"datetime": "2024-01-19 00:39:07", "elapsed": 1701.260686, "delta": 0.00204}}
{"target": -17.67721118642398, "params": {"gamma": 37.950871574594544, "log10_alpha": -2.6381768549257405, "log10_colsample_bytree": 0.0, "log10_eta": -4.0, "log10_lambda": -5.0, "log10_min_child_weight": 5.0, "log10_subsample": 0.0, "max_depth": 7.0, "num_boost_round": 14.0}, "datetime": {"datetime": "2024-01-19 00:39:07", "elapsed": 1701.262689, "delta": 0.002003}}
{"target": -17.67720974869803, "params": {"gamma": 37.950871574594544, "log10_alpha": -2.6381768549257405, "log10_colsample_bytree": 0.0, "log10_eta": -4.0, "log10_lambda": -5.0, "log10_min_child_weight": 5.0, "log10_subsample": 0.0, "max_depth": 7.0, "num_boost_round": 15.0}, "datetime": {"datetime": "2024-01-19 00:39:07", "elapsed": 1701.264758, "delta": 0.002069}}
{"target": -17.67720829160552, "params": {"gamma": 37.950871574594544, "log10_alpha": -2.6381768549257405, "log10_colsample_bytree": 0.0, "log10_eta": -4.0, "log10_lambda": -5.0, "log10_min_child_weight": 5.0, "log10_subsample": 0.0, "max_depth": 7.0, "num_boost_round": 16.0}, "datetime": {"datetime": "2024-01-19 00:39:07", "elapsed": 1701.267009, "delta": 0.002251}}
{"target": -17.677206854722986, "params": {"gamma": 37.950871574594544, "log10_alpha": -2.6381768549257405, "log10_colsample_bytree": 0.0, "log10_eta": -4.0, "log10_lambda": -5.0, "log10_min_child_weight": 5.0, "log10_subsample": 0.0, "max_depth": 7.0, "num_boost_round": 17.0}, "datetime": {"datetime": "2024-01-19 00:39:07", "elapsed": 1701.269205, "delta": 0.002196}}
{"target": -17.67720539961628, "params": {"gamma": 37.950871574594544, "log10_alpha": -2.6381768549257405, "log10_colsample_bytree": 0.0, "log10_eta": -4.0, "log10_lambda": -5.0, "log10_min_child_weight": 5.0, "log10_subsample": 0.0, "max_depth": 7.0, "num_boost_round": 18.0}, "datetime": {"datetime": "2024-01-19 00:39:07", "elapsed": 1701.271394, "delta": 0.002189}}
{"target": -17.677226806791097, "params": {"gamma": 43.84176552404562, "log10_alpha": -1.9441110411977167, "log10_colsample_bytree": -0.02429431570569618, "log10_eta": -3.7495785602596663, "log10_lambda": -0.05178983513432378, "log10_min_child_weight": 2.0052466537741176, "log10_subsample": -0.5191718407566609, "max_depth": 4.0, "num_boost_round": 0.0}, "datetime": {"datetime": "2024-01-19 00:39:36", "elapsed": 1730.028419, "delta": 28.757025}}
{"target": -17.67721168703296, "params": {"gamma": 43.84176552404562, "log10_alpha": -1.9441110411977167, "log10_colsample_bytree": -0.02429431570569618, "log10_eta": -3.7495785602596663, "log10_lambda": -0.05178983513432378, "log10_min_child_weight": 2.0052466537741176, "log10_subsample": -0.5191718407566609, "max_depth": 4.0, "num_boost_round": 1.0}, "datetime": {"datetime": "2024-01-19 00:39:36", "elapsed": 1730.1163, "delta": 0.087881}}
{"target": -17.67720457821154, "params": {"gamma": 43.84176552404562, "log10_alpha": -1.9441110411977167, "log10_colsample_bytree": -0.02429431570569618, "log10_eta": -3.7495785602596663, "log10_lambda": -0.05178983513432378, "log10_min_child_weight": 2.0052466537741176, "log10_subsample": -0.5191718407566609, "max_depth": 4.0, "num_boost_round": 2.0}, "datetime": {"datetime": "2024-01-19 00:39:36", "elapsed": 1730.119227, "delta": 0.002927}}
{"target": -17.677195297022912, "params": {"gamma": 43.84176552404562, "log10_alpha": -1.9441110411977167, "log10_colsample_bytree": -0.02429431570569618, "log10_eta": -3.7495785602596663, "log10_lambda": -0.05178983513432378, "log10_min_child_weight": 2.0052466537741176, "log10_subsample": -0.5191718407566609, "max_depth": 4.0, "num_boost_round": 3.0}, "datetime": {"datetime": "2024-01-19 00:39:36", "elapsed": 1730.121452, "delta": 0.002225}}
{"target": -17.677187865186593, "params": {"gamma": 43.84176552404562, "log10_alpha": -1.9441110411977167, "log10_colsample_bytree": -0.02429431570569618, "log10_eta": -3.7495785602596663, "log10_lambda": -0.05178983513432378, "log10_min_child_weight": 2.0052466537741176, "log10_subsample": -0.5191718407566609, "max_depth": 4.0, "num_boost_round": 4.0}, "datetime": {"datetime": "2024-01-19 00:39:36", "elapsed": 1730.123775, "delta": 0.002323}}
{"target": -17.677182675556917, "params": {"gamma": 43.84176552404562, "log10_alpha": -1.9441110411977167, "log10_colsample_bytree": -0.02429431570569618, "log10_eta": -3.7495785602596663, "log10_lambda": -0.05178983513432378, "log10_min_child_weight": 2.0052466537741176, "log10_subsample": -0.5191718407566609, "max_depth": 4.0, "num_boost_round": 5.0}, "datetime": {"datetime": "2024-01-19 00:39:36", "elapsed": 1730.125913, "delta": 0.002138}}
{"target": -17.677176652586038, "params": {"gamma": 43.84176552404562, "log10_alpha": -1.9441110411977167, "log10_colsample_bytree": -0.02429431570569618, "log10_eta": -3.7495785602596663, "log10_lambda": -0.05178983513432378, "log10_min_child_weight": 2.0052466537741176, "log10_subsample": -0.5191718407566609, "max_depth": 4.0, "num_boost_round": 6.0}, "datetime": {"datetime": "2024-01-19 00:39:36", "elapsed": 1730.127933, "delta": 0.00202}}
{"target": -17.67716652885034, "params": {"gamma": 43.84176552404562, "log10_alpha": -1.9441110411977167, "log10_colsample_bytree": -0.02429431570569618, "log10_eta": -3.7495785602596663, "log10_lambda": -0.05178983513432378, "log10_min_child_weight": 2.0052466537741176, "log10_subsample": -0.5191718407566609, "max_depth": 4.0, "num_boost_round": 7.0}, "datetime": {"datetime": "2024-01-19 00:39:36", "elapsed": 1730.129923, "delta": 0.00199}}
{"target": -17.677157052483032, "params": {"gamma": 43.84176552404562, "log10_alpha": -1.9441110411977167, "log10_colsample_bytree": -0.02429431570569618, "log10_eta": -3.7495785602596663, "log10_lambda": -0.05178983513432378, "log10_min_child_weight": 2.0052466537741176, "log10_subsample": -0.5191718407566609, "max_depth": 4.0, "num_boost_round": 8.0}, "datetime": {"datetime": "2024-01-19 00:39:36", "elapsed": 1730.131928, "delta": 0.002005}}
{"target": -17.67714761248817, "params": {"gamma": 43.84176552404562, "log10_alpha": -1.9441110411977167, "log10_colsample_bytree": -0.02429431570569618, "log10_eta": -3.7495785602596663, "log10_lambda": -0.05178983513432378, "log10_min_child_weight": 2.0052466537741176, "log10_subsample": -0.5191718407566609, "max_depth": 4.0, "num_boost_round": 9.0}, "datetime": {"datetime": "2024-01-19 00:39:36", "elapsed": 1730.13396, "delta": 0.002032}}
{"target": -17.677144816739553, "params": {"gamma": 43.84176552404562, "log10_alpha": -1.9441110411977167, "log10_colsample_bytree": -0.02429431570569618, "log10_eta": -3.7495785602596663, "log10_lambda": -0.05178983513432378, "log10_min_child_weight": 2.0052466537741176, "log10_subsample": -0.5191718407566609, "max_depth": 4.0, "num_boost_round": 10.0}, "datetime": {"datetime": "2024-01-19 00:39:36", "elapsed": 1730.136006, "delta": 0.002046}}
{"target": -17.67713760152029, "params": {"gamma": 43.84176552404562, "log10_alpha": -1.9441110411977167, "log10_colsample_bytree": -0.02429431570569618, "log10_eta": -3.7495785602596663, "log10_lambda": -0.05178983513432378, "log10_min_child_weight": 2.0052466537741176, "log10_subsample": -0.5191718407566609, "max_depth": 4.0, "num_boost_round": 11.0}, "datetime": {"datetime": "2024-01-19 00:39:36", "elapsed": 1730.138039, "delta": 0.002033}}
{"target": -17.677127783667906, "params": {"gamma": 43.84176552404562, "log10_alpha": -1.9441110411977167, "log10_colsample_bytree": -0.02429431570569618, "log10_eta": -3.7495785602596663, "log10_lambda": -0.05178983513432378, "log10_min_child_weight": 2.0052466537741176, "log10_subsample": -0.5191718407566609, "max_depth": 4.0, "num_boost_round": 12.0}, "datetime": {"datetime": "2024-01-19 00:39:36", "elapsed": 1730.140055, "delta": 0.002016}}
{"target": -17.677219961621294, "params": {"gamma": 38.00769810282756, "log10_alpha": -2.5912352589866723, "log10_colsample_bytree": -0.30308163646515773, "log10_eta": -3.645766237966126, "log10_lambda": 0.02904186507348694, "log10_min_child_weight": 4.147906766262449, "log10_subsample": -0.15723169314444574, "max_depth": 7.0, "num_boost_round": 0.0}, "datetime": {"datetime": "2024-01-19 00:40:15", "elapsed": 1769.194088, "delta": 39.054033}}
{"target": -17.677211975914098, "params": {"gamma": 38.00769810282756, "log10_alpha": -2.5912352589866723, "log10_colsample_bytree": -0.30308163646515773, "log10_eta": -3.645766237966126, "log10_lambda": 0.02904186507348694, "log10_min_child_weight": 4.147906766262449, "log10_subsample": -0.15723169314444574, "max_depth": 7.0, "num_boost_round": 1.0}, "datetime": {"datetime": "2024-01-19 00:40:15", "elapsed": 1769.197007, "delta": 0.002919}}
{"target": -17.677204784940837, "params": {"gamma": 38.00769810282756, "log10_alpha": -2.5912352589866723, "log10_colsample_bytree": -0.30308163646515773, "log10_eta": -3.645766237966126, "log10_lambda": 0.02904186507348694, "log10_min_child_weight": 4.147906766262449, "log10_subsample": -0.15723169314444574, "max_depth": 7.0, "num_boost_round": 2.0}, "datetime": {"datetime": "2024-01-19 00:40:15", "elapsed": 1769.199279, "delta": 0.002272}}
{"target": -17.67720469215663, "params": {"gamma": 38.00769810282756, "log10_alpha": -2.5912352589866723, "log10_colsample_bytree": -0.30308163646515773, "log10_eta": -3.645766237966126, "log10_lambda": 0.02904186507348694, "log10_min_child_weight": 4.147906766262449, "log10_subsample": -0.15723169314444574, "max_depth": 7.0, "num_boost_round": 3.0}, "datetime": {"datetime": "2024-01-19 00:40:15", "elapsed": 1769.201453, "delta": 0.002174}}
{"target": -17.67719874288077, "params": {"gamma": 38.00769810282756, "log10_alpha": -2.5912352589866723, "log10_colsample_bytree": -0.30308163646515773, "log10_eta": -3.645766237966126, "log10_lambda": 0.02904186507348694, "log10_min_child_weight": 4.147906766262449, "log10_subsample": -0.15723169314444574, "max_depth": 7.0, "num_boost_round": 4.0}, "datetime": {"datetime": "2024-01-19 00:40:15", "elapsed": 1769.203683, "delta": 0.00223}}
{"target": -17.677201191521096, "params": {"gamma": 38.00769810282756, "log10_alpha": -2.5912352589866723, "log10_colsample_bytree": -0.30308163646515773, "log10_eta": -3.645766237966126, "log10_lambda": 0.02904186507348694, "log10_min_child_weight": 4.147906766262449, "log10_subsample": -0.15723169314444574, "max_depth": 7.0, "num_boost_round": 5.0}, "datetime": {"datetime": "2024-01-19 00:40:15", "elapsed": 1769.205934, "delta": 0.002251}}
{"target": -17.677200469041647, "params": {"gamma": 38.00769810282756, "log10_alpha": -2.5912352589866723, "log10_colsample_bytree": -0.30308163646515773, "log10_eta": -3.645766237966126, "log10_lambda": 0.02904186507348694, "log10_min_child_weight": 4.147906766262449, "log10_subsample": -0.15723169314444574, "max_depth": 7.0, "num_boost_round": 6.0}, "datetime": {"datetime": "2024-01-19 00:40:15", "elapsed": 1769.208138, "delta": 0.002204}}
{"target": -17.677193916501903, "params": {"gamma": 38.00769810282756, "log10_alpha": -2.5912352589866723, "log10_colsample_bytree": -0.30308163646515773, "log10_eta": -3.645766237966126, "log10_lambda": 0.02904186507348694, "log10_min_child_weight": 4.147906766262449, "log10_subsample": -0.15723169314444574, "max_depth": 7.0, "num_boost_round": 7.0}, "datetime": {"datetime": "2024-01-19 00:40:15", "elapsed": 1769.210314, "delta": 0.002176}}
{"target": -17.67719186166781, "params": {"gamma": 38.00769810282756, "log10_alpha": -2.5912352589866723, "log10_colsample_bytree": -0.30308163646515773, "log10_eta": -3.645766237966126, "log10_lambda": 0.02904186507348694, "log10_min_child_weight": 4.147906766262449, "log10_subsample": -0.15723169314444574, "max_depth": 7.0, "num_boost_round": 8.0}, "datetime": {"datetime": "2024-01-19 00:40:15", "elapsed": 1769.212521, "delta": 0.002207}}
{"target": -17.677188895104283, "params": {"gamma": 38.00769810282756, "log10_alpha": -2.5912352589866723, "log10_colsample_bytree": -0.30308163646515773, "log10_eta": -3.645766237966126, "log10_lambda": 0.02904186507348694, "log10_min_child_weight": 4.147906766262449, "log10_subsample": -0.15723169314444574, "max_depth": 7.0, "num_boost_round": 9.0}, "datetime": {"datetime": "2024-01-19 00:40:15", "elapsed": 1769.214666, "delta": 0.002145}}
{"target": -17.677187240290127, "params": {"gamma": 38.00769810282756, "log10_alpha": -2.5912352589866723, "log10_colsample_bytree": -0.30308163646515773, "log10_eta": -3.645766237966126, "log10_lambda": 0.02904186507348694, "log10_min_child_weight": 4.147906766262449, "log10_subsample": -0.15723169314444574, "max_depth": 7.0, "num_boost_round": 10.0}, "datetime": {"datetime": "2024-01-19 00:40:15", "elapsed": 1769.216942, "delta": 0.002276}}
{"target": -17.677182795839556, "params": {"gamma": 38.00769810282756, "log10_alpha": -2.5912352589866723, "log10_colsample_bytree": -0.30308163646515773, "log10_eta": -3.645766237966126, "log10_lambda": 0.02904186507348694, "log10_min_child_weight": 4.147906766262449, "log10_subsample": -0.15723169314444574, "max_depth": 7.0, "num_boost_round": 11.0}, "datetime": {"datetime": "2024-01-19 00:40:15", "elapsed": 1769.219147, "delta": 0.002205}}
{"target": -17.67717754786757, "params": {"gamma": 38.00769810282756, "log10_alpha": -2.5912352589866723, "log10_colsample_bytree": -0.30308163646515773, "log10_eta": -3.645766237966126, "log10_lambda": 0.02904186507348694, "log10_min_child_weight": 4.147906766262449, "log10_subsample": -0.15723169314444574, "max_depth": 7.0, "num_boost_round": 12.0}, "datetime": {"datetime": "2024-01-19 00:40:15", "elapsed": 1769.221283, "delta": 0.002136}}
{"target": -17.677168871519633, "params": {"gamma": 38.00769810282756, "log10_alpha": -2.5912352589866723, "log10_colsample_bytree": -0.30308163646515773, "log10_eta": -3.645766237966126, "log10_lambda": 0.02904186507348694, "log10_min_child_weight": 4.147906766262449, "log10_subsample": -0.15723169314444574, "max_depth": 7.0, "num_boost_round": 13.0}, "datetime": {"datetime": "2024-01-19 00:40:15", "elapsed": 1769.223461, "delta": 0.002178}}
{"target": -17.67716833977339, "params": {"gamma": 38.00769810282756, "log10_alpha": -2.5912352589866723, "log10_colsample_bytree": -0.30308163646515773, "log10_eta": -3.645766237966126, "log10_lambda": 0.02904186507348694, "log10_min_child_weight": 4.147906766262449, "log10_subsample": -0.15723169314444574, "max_depth": 7.0, "num_boost_round": 14.0}, "datetime": {"datetime": "2024-01-19 00:40:15", "elapsed": 1769.225627, "delta": 0.002166}}
{"target": -17.677160999101925, "params": {"gamma": 38.00769810282756, "log10_alpha": -2.5912352589866723, "log10_colsample_bytree": -0.30308163646515773, "log10_eta": -3.645766237966126, "log10_lambda": 0.02904186507348694, "log10_min_child_weight": 4.147906766262449, "log10_subsample": -0.15723169314444574, "max_depth": 7.0, "num_boost_round": 15.0}, "datetime": {"datetime": "2024-01-19 00:40:15", "elapsed": 1769.227836, "delta": 0.002209}}
{"target": -17.67716440516389, "params": {"gamma": 38.00769810282756, "log10_alpha": -2.5912352589866723, "log10_colsample_bytree": -0.30308163646515773, "log10_eta": -3.645766237966126, "log10_lambda": 0.02904186507348694, "log10_min_child_weight": 4.147906766262449, "log10_subsample": -0.15723169314444574, "max_depth": 7.0, "num_boost_round": 16.0}, "datetime": {"datetime": "2024-01-19 00:40:15", "elapsed": 1769.230023, "delta": 0.002187}}
{"target": -17.677168039302284, "params": {"gamma": 38.00769810282756, "log10_alpha": -2.5912352589866723, "log10_colsample_bytree": -0.30308163646515773, "log10_eta": -3.645766237966126, "log10_lambda": 0.02904186507348694, "log10_min_child_weight": 4.147906766262449, "log10_subsample": -0.15723169314444574, "max_depth": 7.0, "num_boost_round": 17.0}, "datetime": {"datetime": "2024-01-19 00:40:15", "elapsed": 1769.232283, "delta": 0.00226}}
{"target": -17.677164851661736, "params": {"gamma": 38.00769810282756, "log10_alpha": -2.5912352589866723, "log10_colsample_bytree": -0.30308163646515773, "log10_eta": -3.645766237966126, "log10_lambda": 0.02904186507348694, "log10_min_child_weight": 4.147906766262449, "log10_subsample": -0.15723169314444574, "max_depth": 7.0, "num_boost_round": 18.0}, "datetime": {"datetime": "2024-01-19 00:40:15", "elapsed": 1769.234484, "delta": 0.002201}}
