{"target": -13.758536546089953, "params": {"gamma": 973.2195353789289, "log10_alpha": -3.3198317100717913, "log10_colsample_bytree": -0.5658374107485251, "log10_eta": -3.7567270388394194, "log10_lambda": -2.164319832363385, "log10_min_child_weight": 4.720988983030441, "log10_subsample": -0.5425284042917835, "max_depth": 3.0, "num_boost_round": 2.0}, "datetime": {"datetime": "2024-01-19 00:34:16", "elapsed": 1357.121216, "delta": 0.002459}}
{"target": -13.75853612460682, "params": {"gamma": 973.2195353789289, "log10_alpha": -3.3198317100717913, "log10_colsample_bytree": -0.5658374107485251, "log10_eta": -3.7567270388394194, "log10_lambda": -2.164319832363385, "log10_min_child_weight": 4.720988983030441, "log10_subsample": -0.5425284042917835, "max_depth": 3.0, "num_boost_round": 3.0}, "datetime": {"datetime": "2024-01-19 00:34:16", "elapsed": 1357.1233, "delta": 0.002084}}
{"target": -13.758535714580775, "params": {"gamma": 973.2195353789289, "log10_alpha": -3.3198317100717913, "log10_colsample_bytree": -0.5658374107485251, "log10_eta": -3.7567270388394194, "log10_lambda": -2.164319832363385, "log10_min_child_weight": 4.720988983030441, "log10_subsample": -0.5425284042917835, "max_depth": 3.0, "num_boost_round": 4.0}, "datetime": {"datetime": "2024-01-19 00:34:16", "elapsed": 1357.125395, "delta": 0.002095}}
{"target": -13.758535754885738, "params": {"gamma": 973.2195353789289, "log10_alpha": -3.3198317100717913, "log10_colsample_bytree": -0.5658374107485251, "log10_eta": -3.7567270388394194, "log10_lambda": -2.164319832363385, "log10_min_child_weight": 4.720988983030441, "log10_subsample": -0.5425284042917835, "max_depth": 3.0, "num_boost_round": 5.0}, "datetime": {"datetime": "2024-01-19 00:34:16", "elapsed": 1357.127547, "delta": 0.002152}}
{"target": -13.758535849357648, "params": {"gamma": 973.2195353789289, "log10_alpha": -3.3198317100717913, "log10_colsample_bytree": -0.5658374107485251, "log10_eta": -3.7567270388394194, "log10_lambda": -2.164319832363385, "log10_min_child_weight": 4.720988983030441, "log10_subsample": -0.5425284042917835, "max_depth": 3.0, "num_boost_round": 6.0}, "datetime": {"datetime": "2024-01-19 00:34:16", "elapsed": 1357.129645, "delta": 0.002098}}
{"target": -13.758535898831072, "params": {"gamma": 973.2195353789289, "log10_alpha": -3.3198317100717913, "log10_colsample_bytree": -0.5658374107485251, "log10_eta": -3.7567270388394194, "log10_lambda": -2.164319832363385, "log10_min_child_weight": 4.720988983030441, "log10_subsample": -0.5425284042917835, "max_depth": 3.0, "num_boost_round": 7.0}, "datetime": {"datetime": "2024-01-19 00:34:16", "elapsed": 1357.131721, "delta": 0.002076}}
{"target": -13.758536323524144, "params": {"gamma": 973.2195353789289, "log10_alpha": -3.3198317100717913, "log10_colsample_bytree": -0.5658374107485251, "log10_eta": -3.7567270388394194, "log10_lambda": -2.164319832363385, "log10_min_child_weight": 4.720988983030441, "log10_subsample": -0.5425284042917835, "max_depth": 3.0, "num_boost_round": 8.0}, "datetime": {"datetime": "2024-01-19 00:34:16", "elapsed": 1357.133813, "delta": 0.002092}}
{"target": -13.75853624846189, "params": {"gamma": 973.2195353789289, "log10_alpha": -3.3198317100717913, "log10_colsample_bytree": -0.5658374107485251, "log10_eta": -3.7567270388394194, "log10_lambda": -2.164319832363385, "log10_min_child_weight": 4.720988983030441, "log10_subsample": -0.5425284042917835, "max_depth": 3.0, "num_boost_round": 9.0}, "datetime": {"datetime": "2024-01-19 00:34:16", "elapsed": 1357.135906, "delta": 0.002093}}
{"target": -13.758535453484162, "params": {"gamma": 973.2195353789289, "log10_alpha": -3.3198317100717913, "log10_colsample_bytree": -0.5658374107485251, "log10_eta": -3.7567270388394194, "log10_lambda": -2.164319832363385, "log10_min_child_weight": 4.720988983030441, "log10_subsample": -0.5425284042917835, "max_depth": 3.0, "num_boost_round": 10.0}, "datetime": {"datetime": "2024-01-19 00:34:16", "elapsed": 1357.138063, "delta": 0.002157}}
{"target": -13.758535034418454, "params": {"gamma": 973.2195353789289, "log10_alpha": -3.3198317100717913, "log10_colsample_bytree": -0.5658374107485251, "log10_eta": -3.7567270388394194, "log10_lambda": -2.164319832363385, "log10_min_child_weight": 4.720988983030441, "log10_subsample": -0.5425284042917835, "max_depth": 3.0, "num_boost_round": 11.0}, "datetime": {"datetime": "2024-01-19 00:34:16", "elapsed": 1357.140154, "delta": 0.002091}}
{"target": -13.75853568365399, "params": {"gamma": 973.2195353789289, "log10_alpha": -3.3198317100717913, "log10_colsample_bytree": -0.5658374107485251, "log10_eta": -3.7567270388394194, "log10_lambda": -2.164319832363385, "log10_min_child_weight": 4.720988983030441, "log10_subsample": -0.5425284042917835, "max_depth": 3.0, "num_boost_round": 12.0}, "datetime": {"datetime": "2024-01-19 00:34:16", "elapsed": 1357.14225, "delta": 0.002096}}
{"target": -13.758535594316763, "params": {"gamma": 973.2195353789289, "log10_alpha": -3.3198317100717913, "log10_colsample_bytree": -0.5658374107485251, "log10_eta": -3.7567270388394194, "log10_lambda": -2.164319832363385, "log10_min_child_weight": 4.720988983030441, "log10_subsample": -0.5425284042917835, "max_depth": 3.0, "num_boost_round": 13.0}, "datetime": {"datetime": "2024-01-19 00:34:16", "elapsed": 1357.144368, "delta": 0.002118}}
{"target": -13.758535628322067, "params": {"gamma": 973.2195353789289, "log10_alpha": -3.3198317100717913, "log10_colsample_bytree": -0.5658374107485251, "log10_eta": -3.7567270388394194, "log10_lambda": -2.164319832363385, "log10_min_child_weight": 4.720988983030441, "log10_subsample": -0.5425284042917835, "max_depth": 3.0, "num_boost_round": 14.0}, "datetime": {"datetime": "2024-01-19 00:34:16", "elapsed": 1357.14658, "delta": 0.002212}}
{"target": -13.758534524644574, "params": {"gamma": 973.2195353789289, "log10_alpha": -3.3198317100717913, "log10_colsample_bytree": -0.5658374107485251, "log10_eta": -3.7567270388394194, "log10_lambda": -2.164319832363385, "log10_min_child_weight": 4.720988983030441, "log10_subsample": -0.5425284042917835, "max_depth": 3.0, "num_boost_round": 15.0}, "datetime": {"datetime": "2024-01-19 00:34:16", "elapsed": 1357.148844, "delta": 0.002264}}
{"target": -13.758534501683872, "params": {"gamma": 973.2195353789289, "log10_alpha": -3.3198317100717913, "log10_colsample_bytree": -0.5658374107485251, "log10_eta": -3.7567270388394194, "log10_lambda": -2.164319832363385, "log10_min_child_weight": 4.720988983030441, "log10_subsample": -0.5425284042917835, "max_depth": 3.0, "num_boost_round": 16.0}, "datetime": {"datetime": "2024-01-19 00:34:16", "elapsed": 1357.151017, "delta": 0.002173}}
{"target": -13.758534284506279, "params": {"gamma": 973.2195353789289, "log10_alpha": -3.3198317100717913, "log10_colsample_bytree": -0.5658374107485251, "log10_eta": -3.7567270388394194, "log10_lambda": -2.164319832363385, "log10_min_child_weight": 4.720988983030441, "log10_subsample": -0.5425284042917835, "max_depth": 3.0, "num_boost_round": 17.0}, "datetime": {"datetime": "2024-01-19 00:34:16", "elapsed": 1357.153186, "delta": 0.002169}}
{"target": -13.758534227100935, "params": {"gamma": 973.2195353789289, "log10_alpha": -3.3198317100717913, "log10_colsample_bytree": -0.5658374107485251, "log10_eta": -3.7567270388394194, "log10_lambda": -2.164319832363385, "log10_min_child_weight": 4.720988983030441, "log10_subsample": -0.5425284042917835, "max_depth": 3.0, "num_boost_round": 18.0}, "datetime": {"datetime": "2024-01-19 00:34:16", "elapsed": 1357.15528, "delta": 0.002094}}
{"target": -13.758532637547438, "params": {"gamma": 973.2195353789289, "log10_alpha": -3.3198317100717913, "log10_colsample_bytree": -0.5658374107485251, "log10_eta": -3.7567270388394194, "log10_lambda": -2.164319832363385, "log10_min_child_weight": 4.720988983030441, "log10_subsample": -0.5425284042917835, "max_depth": 3.0, "num_boost_round": 19.0}, "datetime": {"datetime": "2024-01-19 00:34:16", "elapsed": 1357.157389, "delta": 0.002109}}
{"target": -13.758532001999704, "params": {"gamma": 973.2195353789289, "log10_alpha": -3.3198317100717913, "log10_colsample_bytree": -0.5658374107485251, "log10_eta": -3.7567270388394194, "log10_lambda": -2.164319832363385, "log10_min_child_weight": 4.720988983030441, "log10_subsample": -0.5425284042917835, "max_depth": 3.0, "num_boost_round": 20.0}, "datetime": {"datetime": "2024-01-19 00:34:16", "elapsed": 1357.159474, "delta": 0.002085}}
{"target": -13.758531435317137, "params": {"gamma": 973.2195353789289, "log10_alpha": -3.3198317100717913, "log10_colsample_bytree": -0.5658374107485251, "log10_eta": -3.7567270388394194, "log10_lambda": -2.164319832363385, "log10_min_child_weight": 4.720988983030441, "log10_subsample": -0.5425284042917835, "max_depth": 3.0, "num_boost_round": 21.0}, "datetime": {"datetime": "2024-01-19 00:34:16", "elapsed": 1357.161602, "delta": 0.002128}}
{"target": -13.75853038573235, "params": {"gamma": 973.2195353789289, "log10_alpha": -3.3198317100717913, "log10_colsample_bytree": -0.5658374107485251, "log10_eta": -3.7567270388394194, "log10_lambda": -2.164319832363385, "log10_min_child_weight": 4.720988983030441, "log10_subsample": -0.5425284042917835, "max_depth": 3.0, "num_boost_round": 22.0}, "datetime": {"datetime": "2024-01-19 00:34:16", "elapsed": 1357.163733, "delta": 0.002131}}
{"target": -13.758529280791715, "params": {"gamma": 973.2195353789289, "log10_alpha": -3.3198317100717913, "log10_colsample_bytree": -0.5658374107485251, "log10_eta": -3.7567270388394194, "log10_lambda": -2.164319832363385, "log10_min_child_weight": 4.720988983030441, "log10_subsample": -0.5425284042917835, "max_depth": 3.0, "num_boost_round": 23.0}, "datetime": {"datetime": "2024-01-19 00:34:16", "elapsed": 1357.165894, "delta": 0.002161}}
{"target": -13.758529159450585, "params": {"gamma": 973.2195353789289, "log10_alpha": -3.3198317100717913, "log10_colsample_bytree": -0.5658374107485251, "log10_eta": -3.7567270388394194, "log10_lambda": -2.164319832363385, "log10_min_child_weight": 4.720988983030441, "log10_subsample": -0.5425284042917835, "max_depth": 3.0, "num_boost_round": 24.0}, "datetime": {"datetime": "2024-01-19 00:34:16", "elapsed": 1357.168026, "delta": 0.002132}}
{"target": -13.75852887266871, "params": {"gamma": 973.2195353789289, "log10_alpha": -3.3198317100717913, "log10_colsample_bytree": -0.5658374107485251, "log10_eta": -3.7567270388394194, "log10_lambda": -2.164319832363385, "log10_min_child_weight": 4.720988983030441, "log10_subsample": -0.5425284042917835, "max_depth": 3.0, "num_boost_round": 25.0}, "datetime": {"datetime": "2024-01-19 00:34:16", "elapsed": 1357.170172, "delta": 0.002146}}
{"target": -13.758528656980902, "params": {"gamma": 973.2195353789289, "log10_alpha": -3.3198317100717913, "log10_colsample_bytree": -0.5658374107485251, "log10_eta": -3.7567270388394194, "log10_lambda": -2.164319832363385, "log10_min_child_weight": 4.720988983030441, "log10_subsample": -0.5425284042917835, "max_depth": 3.0, "num_boost_round": 26.0}, "datetime": {"datetime": "2024-01-19 00:34:16", "elapsed": 1357.17232, "delta": 0.002148}}
{"target": -13.758526581867482, "params": {"gamma": 973.2195353789289, "log10_alpha": -3.3198317100717913, "log10_colsample_bytree": -0.5658374107485251, "log10_eta": -3.7567270388394194, "log10_lambda": -2.164319832363385, "log10_min_child_weight": 4.720988983030441, "log10_subsample": -0.5425284042917835, "max_depth": 3.0, "num_boost_round": 27.0}, "datetime": {"datetime": "2024-01-19 00:34:16", "elapsed": 1357.174462, "delta": 0.002142}}
{"target": -13.758524962354004, "params": {"gamma": 973.2195353789289, "log10_alpha": -3.3198317100717913, "log10_colsample_bytree": -0.5658374107485251, "log10_eta": -3.7567270388394194, "log10_lambda": -2.164319832363385, "log10_min_child_weight": 4.720988983030441, "log10_subsample": -0.5425284042917835, "max_depth": 3.0, "num_boost_round": 28.0}, "datetime": {"datetime": "2024-01-19 00:34:16", "elapsed": 1357.176598, "delta": 0.002136}}
{"target": -13.75852413662726, "params": {"gamma": 973.2195353789289, "log10_alpha": -3.3198317100717913, "log10_colsample_bytree": -0.5658374107485251, "log10_eta": -3.7567270388394194, "log10_lambda": -2.164319832363385, "log10_min_child_weight": 4.720988983030441, "log10_subsample": -0.5425284042917835, "max_depth": 3.0, "num_boost_round": 29.0}, "datetime": {"datetime": "2024-01-19 00:34:16", "elapsed": 1357.178745, "delta": 0.002147}}
{"target": -13.758523237060384, "params": {"gamma": 973.2195353789289, "log10_alpha": -3.3198317100717913, "log10_colsample_bytree": -0.5658374107485251, "log10_eta": -3.7567270388394194, "log10_lambda": -2.164319832363385, "log10_min_child_weight": 4.720988983030441, "log10_subsample": -0.5425284042917835, "max_depth": 3.0, "num_boost_round": 30.0}, "datetime": {"datetime": "2024-01-19 00:34:16", "elapsed": 1357.180906, "delta": 0.002161}}
{"target": -13.758522501428505, "params": {"gamma": 973.2195353789289, "log10_alpha": -3.3198317100717913, "log10_colsample_bytree": -0.5658374107485251, "log10_eta": -3.7567270388394194, "log10_lambda": -2.164319832363385, "log10_min_child_weight": 4.720988983030441, "log10_subsample": -0.5425284042917835, "max_depth": 3.0, "num_boost_round": 31.0}, "datetime": {"datetime": "2024-01-19 00:34:16", "elapsed": 1357.183056, "delta": 0.00215}}
{"target": -13.75852157330712, "params": {"gamma": 973.2195353789289, "log10_alpha": -3.3198317100717913, "log10_colsample_bytree": -0.5658374107485251, "log10_eta": -3.7567270388394194, "log10_lambda": -2.164319832363385, "log10_min_child_weight": 4.720988983030441, "log10_subsample": -0.5425284042917835, "max_depth": 3.0, "num_boost_round": 32.0}, "datetime": {"datetime": "2024-01-19 00:34:16", "elapsed": 1357.185193, "delta": 0.002137}}
{"target": -13.758520326980662, "params": {"gamma": 973.2195353789289, "log10_alpha": -3.3198317100717913, "log10_colsample_bytree": -0.5658374107485251, "log10_eta": -3.7567270388394194, "log10_lambda": -2.164319832363385, "log10_min_child_weight": 4.720988983030441, "log10_subsample": -0.5425284042917835, "max_depth": 3.0, "num_boost_round": 33.0}, "datetime": {"datetime": "2024-01-19 00:34:16", "elapsed": 1357.187355, "delta": 0.002162}}
{"target": -13.758520636207578, "params": {"gamma": 973.2195353789289, "log10_alpha": -3.3198317100717913, "log10_colsample_bytree": -0.5658374107485251, "log10_eta": -3.7567270388394194, "log10_lambda": -2.164319832363385, "log10_min_child_weight": 4.720988983030441, "log10_subsample": -0.5425284042917835, "max_depth": 3.0, "num_boost_round": 34.0}, "datetime": {"datetime": "2024-01-19 00:34:16", "elapsed": 1357.189491, "delta": 0.002136}}
{"target": -13.75852040302379, "params": {"gamma": 973.2195353789289, "log10_alpha": -3.3198317100717913, "log10_colsample_bytree": -0.5658374107485251, "log10_eta": -3.7567270388394194, "log10_lambda": -2.164319832363385, "log10_min_child_weight": 4.720988983030441, "log10_subsample": -0.5425284042917835, "max_depth": 3.0, "num_boost_round": 35.0}, "datetime": {"datetime": "2024-01-19 00:34:16", "elapsed": 1357.191648, "delta": 0.002157}}
{"target": -13.758520505613234, "params": {"gamma": 973.2195353789289, "log10_alpha": -3.3198317100717913, "log10_colsample_bytree": -0.5658374107485251, "log10_eta": -3.7567270388394194, "log10_lambda": -2.164319832363385, "log10_min_child_weight": 4.720988983030441, "log10_subsample": -0.5425284042917835, "max_depth": 3.0, "num_boost_round": 36.0}, "datetime": {"datetime": "2024-01-19 00:34:16", "elapsed": 1357.193816, "delta": 0.002168}}
{"target": -13.758520247981384, "params": {"gamma": 973.2195353789289, "log10_alpha": -3.3198317100717913, "log10_colsample_bytree": -0.5658374107485251, "log10_eta": -3.7567270388394194, "log10_lambda": -2.164319832363385, "log10_min_child_weight": 4.720988983030441, "log10_subsample": -0.5425284042917835, "max_depth": 3.0, "num_boost_round": 37.0}, "datetime": {"datetime": "2024-01-19 00:34:16", "elapsed": 1357.195942, "delta": 0.002126}}
{"target": -13.758519143154698, "params": {"gamma": 973.2195353789289, "log10_alpha": -3.3198317100717913, "log10_colsample_bytree": -0.5658374107485251, "log10_eta": -3.7567270388394194, "log10_lambda": -2.164319832363385, "log10_min_child_weight": 4.720988983030441, "log10_subsample": -0.5425284042917835, "max_depth": 3.0, "num_boost_round": 38.0}, "datetime": {"datetime": "2024-01-19 00:34:16", "elapsed": 1357.198086, "delta": 0.002144}}
{"target": -13.758518319424503, "params": {"gamma": 973.2195353789289, "log10_alpha": -3.3198317100717913, "log10_colsample_bytree": -0.5658374107485251, "log10_eta": -3.7567270388394194, "log10_lambda": -2.164319832363385, "log10_min_child_weight": 4.720988983030441, "log10_subsample": -0.5425284042917835, "max_depth": 3.0, "num_boost_round": 39.0}, "datetime": {"datetime": "2024-01-19 00:34:16", "elapsed": 1357.200283, "delta": 0.002197}}
{"target": -13.758518081059563, "params": {"gamma": 973.2195353789289, "log10_alpha": -3.3198317100717913, "log10_colsample_bytree": -0.5658374107485251, "log10_eta": -3.7567270388394194, "log10_lambda": -2.164319832363385, "log10_min_child_weight": 4.720988983030441, "log10_subsample": -0.5425284042917835, "max_depth": 3.0, "num_boost_round": 40.0}, "datetime": {"datetime": "2024-01-19 00:34:16", "elapsed": 1357.202432, "delta": 0.002149}}
{"target": -13.758518750899816, "params": {"gamma": 973.2195353789289, "log10_alpha": -3.3198317100717913, "log10_colsample_bytree": -0.5658374107485251, "log10_eta": -3.7567270388394194, "log10_lambda": -2.164319832363385, "log10_min_child_weight": 4.720988983030441, "log10_subsample": -0.5425284042917835, "max_depth": 3.0, "num_boost_round": 41.0}, "datetime": {"datetime": "2024-01-19 00:34:16", "elapsed": 1357.204567, "delta": 0.002135}}
{"target": -13.75824981913522, "params": {"gamma": 958.630247182887, "log10_alpha": -0.6510965570735978, "log10_colsample_bytree": -0.1251125885619333, "log10_eta": -1.5143673153778594, "log10_lambda": 0.13845806000148464, "log10_min_child_weight": 2.236148995044301, "log10_subsample": -0.17087025661004618, "max_depth": 5.0, "num_boost_round": 0.0}, "datetime": {"datetime": "2024-01-19 00:34:54", "elapsed": 1395.489357, "delta": 38.28479}}
{"target": -13.758821911225827, "params": {"gamma": 958.630247182887, "log10_alpha": -0.6510965570735978, "log10_colsample_bytree": -0.1251125885619333, "log10_eta": -1.5143673153778594, "log10_lambda": 0.13845806000148464, "log10_min_child_weight": 2.236148995044301, "log10_subsample": -0.17087025661004618, "max_depth": 5.0, "num_boost_round": 1.0}, "datetime": {"datetime": "2024-01-19 00:34:54", "elapsed": 1395.492488, "delta": 0.003131}}
{"target": -13.759560529686592, "params": {"gamma": 958.630247182887, "log10_alpha": -0.6510965570735978, "log10_colsample_bytree": -0.1251125885619333, "log10_eta": -1.5143673153778594, "log10_lambda": 0.13845806000148464, "log10_min_child_weight": 2.236148995044301, "log10_subsample": -0.17087025661004618, "max_depth": 5.0, "num_boost_round": 2.0}, "datetime": {"datetime": "2024-01-19 00:34:54", "elapsed": 1395.494844, "delta": 0.002356}}
{"target": -13.76037501076487, "params": {"gamma": 958.630247182887, "log10_alpha": -0.6510965570735978, "log10_colsample_bytree": -0.1251125885619333, "log10_eta": -1.5143673153778594, "log10_lambda": 0.13845806000148464, "log10_min_child_weight": 2.236148995044301, "log10_subsample": -0.17087025661004618, "max_depth": 5.0, "num_boost_round": 3.0}, "datetime": {"datetime": "2024-01-19 00:34:54", "elapsed": 1395.49705, "delta": 0.002206}}
{"target": -13.76089647120777, "params": {"gamma": 958.630247182887, "log10_alpha": -0.6510965570735978, "log10_colsample_bytree": -0.1251125885619333, "log10_eta": -1.5143673153778594, "log10_lambda": 0.13845806000148464, "log10_min_child_weight": 2.236148995044301, "log10_subsample": -0.17087025661004618, "max_depth": 5.0, "num_boost_round": 4.0}, "datetime": {"datetime": "2024-01-19 00:34:54", "elapsed": 1395.499281, "delta": 0.002231}}
{"target": -13.76133937704345, "params": {"gamma": 958.630247182887, "log10_alpha": -0.6510965570735978, "log10_colsample_bytree": -0.1251125885619333, "log10_eta": -1.5143673153778594, "log10_lambda": 0.13845806000148464, "log10_min_child_weight": 2.236148995044301, "log10_subsample": -0.17087025661004618, "max_depth": 5.0, "num_boost_round": 5.0}, "datetime": {"datetime": "2024-01-19 00:34:54", "elapsed": 1395.501475, "delta": 0.002194}}
{"target": -13.763078415109055, "params": {"gamma": 958.630247182887, "log10_alpha": -0.6510965570735978, "log10_colsample_bytree": -0.1251125885619333, "log10_eta": -1.5143673153778594, "log10_lambda": 0.13845806000148464, "log10_min_child_weight": 2.236148995044301, "log10_subsample": -0.17087025661004618, "max_depth": 5.0, "num_boost_round": 6.0}, "datetime": {"datetime": "2024-01-19 00:34:54", "elapsed": 1395.503622, "delta": 0.002147}}
{"target": -13.764492061394836, "params": {"gamma": 958.630247182887, "log10_alpha": -0.6510965570735978, "log10_colsample_bytree": -0.1251125885619333, "log10_eta": -1.5143673153778594, "log10_lambda": 0.13845806000148464, "log10_min_child_weight": 2.236148995044301, "log10_subsample": -0.17087025661004618, "max_depth": 5.0, "num_boost_round": 7.0}, "datetime": {"datetime": "2024-01-19 00:34:54", "elapsed": 1395.505783, "delta": 0.002161}}
{"target": -13.766085621408193, "params": {"gamma": 958.630247182887, "log10_alpha": -0.6510965570735978, "log10_colsample_bytree": -0.1251125885619333, "log10_eta": -1.5143673153778594, "log10_lambda": 0.13845806000148464, "log10_min_child_weight": 2.236148995044301, "log10_subsample": -0.17087025661004618, "max_depth": 5.0, "num_boost_round": 8.0}, "datetime": {"datetime": "2024-01-19 00:34:54", "elapsed": 1395.508106, "delta": 0.002323}}
