{"target": -17.81595475972874, "params": {"gamma": 63.775564715695566, "log10_alpha": -4.719364550002352, "log10_colsample_bytree": -0.7028109165689971, "log10_eta": -0.6139414531002325, "log10_lambda": -0.6309609789956871, "log10_min_child_weight": 2.6696679574069737, "log10_subsample": -0.7818812373221592, "max_depth": 2.0, "num_boost_round": 27.0}, "datetime": {"datetime": "2024-01-19 00:23:24", "elapsed": 711.816057, "delta": 0.001118}}
{"target": -17.81753649905675, "params": {"gamma": 63.775564715695566, "log10_alpha": -4.719364550002352, "log10_colsample_bytree": -0.7028109165689971, "log10_eta": -0.6139414531002325, "log10_lambda": -0.6309609789956871, "log10_min_child_weight": 2.6696679574069737, "log10_subsample": -0.7818812373221592, "max_depth": 2.0, "num_boost_round": 28.0}, "datetime": {"datetime": "2024-01-19 00:23:24", "elapsed": 711.817094, "delta": 0.001037}}
{"target": -17.677033680308707, "params": {"gamma": 76.6151772075967, "log10_alpha": -4.737928817360722, "log10_colsample_bytree": -0.8492197338147481, "log10_eta": -2.0659087200351487, "log10_lambda": 0.1748245833185056, "log10_min_child_weight": 0.0167323817941073, "log10_subsample": -0.7685087688643023, "max_depth": 2.0, "num_boost_round": 0.0}, "datetime": {"datetime": "2024-01-19 00:23:52", "elapsed": 739.43769, "delta": 27.620596}}
{"target": -17.6767191031803, "params": {"gamma": 76.6151772075967, "log10_alpha": -4.737928817360722, "log10_colsample_bytree": -0.8492197338147481, "log10_eta": -2.0659087200351487, "log10_lambda": 0.1748245833185056, "log10_min_child_weight": 0.0167323817941073, "log10_subsample": -0.7685087688643023, "max_depth": 2.0, "num_boost_round": 1.0}, "datetime": {"datetime": "2024-01-19 00:23:52", "elapsed": 739.439576, "delta": 0.001886}}
{"target": -17.676585916575508, "params": {"gamma": 76.6151772075967, "log10_alpha": -4.737928817360722, "log10_colsample_bytree": -0.8492197338147481, "log10_eta": -2.0659087200351487, "log10_lambda": 0.1748245833185056, "log10_min_child_weight": 0.0167323817941073, "log10_subsample": -0.7685087688643023, "max_depth": 2.0, "num_boost_round": 2.0}, "datetime": {"datetime": "2024-01-19 00:23:52", "elapsed": 739.440677, "delta": 0.001101}}
{"target": -17.676447373109305, "params": {"gamma": 76.6151772075967, "log10_alpha": -4.737928817360722, "log10_colsample_bytree": -0.8492197338147481, "log10_eta": -2.0659087200351487, "log10_lambda": 0.1748245833185056, "log10_min_child_weight": 0.0167323817941073, "log10_subsample": -0.7685087688643023, "max_depth": 2.0, "num_boost_round": 3.0}, "datetime": {"datetime": "2024-01-19 00:23:52", "elapsed": 739.441872, "delta": 0.001195}}
{"target": -17.676346942216924, "params": {"gamma": 76.6151772075967, "log10_alpha": -4.737928817360722, "log10_colsample_bytree": -0.8492197338147481, "log10_eta": -2.0659087200351487, "log10_lambda": 0.1748245833185056, "log10_min_child_weight": 0.0167323817941073, "log10_subsample": -0.7685087688643023, "max_depth": 2.0, "num_boost_round": 4.0}, "datetime": {"datetime": "2024-01-19 00:23:52", "elapsed": 739.442927, "delta": 0.001055}}
{"target": -17.676087037520343, "params": {"gamma": 76.6151772075967, "log10_alpha": -4.737928817360722, "log10_colsample_bytree": -0.8492197338147481, "log10_eta": -2.0659087200351487, "log10_lambda": 0.1748245833185056, "log10_min_child_weight": 0.0167323817941073, "log10_subsample": -0.7685087688643023, "max_depth": 2.0, "num_boost_round": 5.0}, "datetime": {"datetime": "2024-01-19 00:23:52", "elapsed": 739.444, "delta": 0.001073}}
{"target": -17.676225552996012, "params": {"gamma": 76.6151772075967, "log10_alpha": -4.737928817360722, "log10_colsample_bytree": -0.8492197338147481, "log10_eta": -2.0659087200351487, "log10_lambda": 0.1748245833185056, "log10_min_child_weight": 0.0167323817941073, "log10_subsample": -0.7685087688643023, "max_depth": 2.0, "num_boost_round": 6.0}, "datetime": {"datetime": "2024-01-19 00:23:52", "elapsed": 739.445446, "delta": 0.001446}}
{"target": -17.675954495097248, "params": {"gamma": 76.6151772075967, "log10_alpha": -4.737928817360722, "log10_colsample_bytree": -0.8492197338147481, "log10_eta": -2.0659087200351487, "log10_lambda": 0.1748245833185056, "log10_min_child_weight": 0.0167323817941073, "log10_subsample": -0.7685087688643023, "max_depth": 2.0, "num_boost_round": 7.0}, "datetime": {"datetime": "2024-01-19 00:23:52", "elapsed": 739.446619, "delta": 0.001173}}
{"target": -17.67586707465421, "params": {"gamma": 76.6151772075967, "log10_alpha": -4.737928817360722, "log10_colsample_bytree": -0.8492197338147481, "log10_eta": -2.0659087200351487, "log10_lambda": 0.1748245833185056, "log10_min_child_weight": 0.0167323817941073, "log10_subsample": -0.7685087688643023, "max_depth": 2.0, "num_boost_round": 8.0}, "datetime": {"datetime": "2024-01-19 00:23:52", "elapsed": 739.447782, "delta": 0.001163}}
{"target": -17.675750518925547, "params": {"gamma": 76.6151772075967, "log10_alpha": -4.737928817360722, "log10_colsample_bytree": -0.8492197338147481, "log10_eta": -2.0659087200351487, "log10_lambda": 0.1748245833185056, "log10_min_child_weight": 0.0167323817941073, "log10_subsample": -0.7685087688643023, "max_depth": 2.0, "num_boost_round": 9.0}, "datetime": {"datetime": "2024-01-19 00:23:52", "elapsed": 739.448849, "delta": 0.001067}}
{"target": -17.67571264316377, "params": {"gamma": 76.6151772075967, "log10_alpha": -4.737928817360722, "log10_colsample_bytree": -0.8492197338147481, "log10_eta": -2.0659087200351487, "log10_lambda": 0.1748245833185056, "log10_min_child_weight": 0.0167323817941073, "log10_subsample": -0.7685087688643023, "max_depth": 2.0, "num_boost_round": 10.0}, "datetime": {"datetime": "2024-01-19 00:23:52", "elapsed": 739.449903, "delta": 0.001054}}
{"target": -17.6756123721632, "params": {"gamma": 76.6151772075967, "log10_alpha": -4.737928817360722, "log10_colsample_bytree": -0.8492197338147481, "log10_eta": -2.0659087200351487, "log10_lambda": 0.1748245833185056, "log10_min_child_weight": 0.0167323817941073, "log10_subsample": -0.7685087688643023, "max_depth": 2.0, "num_boost_round": 11.0}, "datetime": {"datetime": "2024-01-19 00:23:52", "elapsed": 739.451009, "delta": 0.001106}}
{"target": -17.675439164647248, "params": {"gamma": 76.6151772075967, "log10_alpha": -4.737928817360722, "log10_colsample_bytree": -0.8492197338147481, "log10_eta": -2.0659087200351487, "log10_lambda": 0.1748245833185056, "log10_min_child_weight": 0.0167323817941073, "log10_subsample": -0.7685087688643023, "max_depth": 2.0, "num_boost_round": 12.0}, "datetime": {"datetime": "2024-01-19 00:23:52", "elapsed": 739.452083, "delta": 0.001074}}
{"target": -17.67521373618845, "params": {"gamma": 76.6151772075967, "log10_alpha": -4.737928817360722, "log10_colsample_bytree": -0.8492197338147481, "log10_eta": -2.0659087200351487, "log10_lambda": 0.1748245833185056, "log10_min_child_weight": 0.0167323817941073, "log10_subsample": -0.7685087688643023, "max_depth": 2.0, "num_boost_round": 13.0}, "datetime": {"datetime": "2024-01-19 00:23:52", "elapsed": 739.453146, "delta": 0.001063}}
{"target": -17.675173757325126, "params": {"gamma": 76.6151772075967, "log10_alpha": -4.737928817360722, "log10_colsample_bytree": -0.8492197338147481, "log10_eta": -2.0659087200351487, "log10_lambda": 0.1748245833185056, "log10_min_child_weight": 0.0167323817941073, "log10_subsample": -0.7685087688643023, "max_depth": 2.0, "num_boost_round": 14.0}, "datetime": {"datetime": "2024-01-19 00:23:52", "elapsed": 739.454207, "delta": 0.001061}}
{"target": -17.674952057638247, "params": {"gamma": 76.6151772075967, "log10_alpha": -4.737928817360722, "log10_colsample_bytree": -0.8492197338147481, "log10_eta": -2.0659087200351487, "log10_lambda": 0.1748245833185056, "log10_min_child_weight": 0.0167323817941073, "log10_subsample": -0.7685087688643023, "max_depth": 2.0, "num_boost_round": 15.0}, "datetime": {"datetime": "2024-01-19 00:23:52", "elapsed": 739.45526, "delta": 0.001053}}
{"target": -17.674816482727365, "params": {"gamma": 76.6151772075967, "log10_alpha": -4.737928817360722, "log10_colsample_bytree": -0.8492197338147481, "log10_eta": -2.0659087200351487, "log10_lambda": 0.1748245833185056, "log10_min_child_weight": 0.0167323817941073, "log10_subsample": -0.7685087688643023, "max_depth": 2.0, "num_boost_round": 16.0}, "datetime": {"datetime": "2024-01-19 00:23:52", "elapsed": 739.456467, "delta": 0.001207}}
{"target": -17.67476977956454, "params": {"gamma": 76.6151772075967, "log10_alpha": -4.737928817360722, "log10_colsample_bytree": -0.8492197338147481, "log10_eta": -2.0659087200351487, "log10_lambda": 0.1748245833185056, "log10_min_child_weight": 0.0167323817941073, "log10_subsample": -0.7685087688643023, "max_depth": 2.0, "num_boost_round": 17.0}, "datetime": {"datetime": "2024-01-19 00:23:52", "elapsed": 739.457534, "delta": 0.001067}}
{"target": -17.674617008641302, "params": {"gamma": 76.6151772075967, "log10_alpha": -4.737928817360722, "log10_colsample_bytree": -0.8492197338147481, "log10_eta": -2.0659087200351487, "log10_lambda": 0.1748245833185056, "log10_min_child_weight": 0.0167323817941073, "log10_subsample": -0.7685087688643023, "max_depth": 2.0, "num_boost_round": 18.0}, "datetime": {"datetime": "2024-01-19 00:23:52", "elapsed": 739.458621, "delta": 0.001087}}
{"target": -17.67447444085959, "params": {"gamma": 76.6151772075967, "log10_alpha": -4.737928817360722, "log10_colsample_bytree": -0.8492197338147481, "log10_eta": -2.0659087200351487, "log10_lambda": 0.1748245833185056, "log10_min_child_weight": 0.0167323817941073, "log10_subsample": -0.7685087688643023, "max_depth": 2.0, "num_boost_round": 19.0}, "datetime": {"datetime": "2024-01-19 00:23:52", "elapsed": 739.459701, "delta": 0.00108}}
{"target": -17.674398771496804, "params": {"gamma": 76.6151772075967, "log10_alpha": -4.737928817360722, "log10_colsample_bytree": -0.8492197338147481, "log10_eta": -2.0659087200351487, "log10_lambda": 0.1748245833185056, "log10_min_child_weight": 0.0167323817941073, "log10_subsample": -0.7685087688643023, "max_depth": 2.0, "num_boost_round": 20.0}, "datetime": {"datetime": "2024-01-19 00:23:52", "elapsed": 739.460765, "delta": 0.001064}}
{"target": -17.674167993763287, "params": {"gamma": 76.6151772075967, "log10_alpha": -4.737928817360722, "log10_colsample_bytree": -0.8492197338147481, "log10_eta": -2.0659087200351487, "log10_lambda": 0.1748245833185056, "log10_min_child_weight": 0.0167323817941073, "log10_subsample": -0.7685087688643023, "max_depth": 2.0, "num_boost_round": 21.0}, "datetime": {"datetime": "2024-01-19 00:23:52", "elapsed": 739.461843, "delta": 0.001078}}
{"target": -17.674077279623866, "params": {"gamma": 76.6151772075967, "log10_alpha": -4.737928817360722, "log10_colsample_bytree": -0.8492197338147481, "log10_eta": -2.0659087200351487, "log10_lambda": 0.1748245833185056, "log10_min_child_weight": 0.0167323817941073, "log10_subsample": -0.7685087688643023, "max_depth": 2.0, "num_boost_round": 22.0}, "datetime": {"datetime": "2024-01-19 00:23:52", "elapsed": 739.462918, "delta": 0.001075}}
{"target": -17.673842796804518, "params": {"gamma": 76.6151772075967, "log10_alpha": -4.737928817360722, "log10_colsample_bytree": -0.8492197338147481, "log10_eta": -2.0659087200351487, "log10_lambda": 0.1748245833185056, "log10_min_child_weight": 0.0167323817941073, "log10_subsample": -0.7685087688643023, "max_depth": 2.0, "num_boost_round": 23.0}, "datetime": {"datetime": "2024-01-19 00:23:52", "elapsed": 739.464001, "delta": 0.001083}}
{"target": -17.673859239787742, "params": {"gamma": 76.6151772075967, "log10_alpha": -4.737928817360722, "log10_colsample_bytree": -0.8492197338147481, "log10_eta": -2.0659087200351487, "log10_lambda": 0.1748245833185056, "log10_min_child_weight": 0.0167323817941073, "log10_subsample": -0.7685087688643023, "max_depth": 2.0, "num_boost_round": 24.0}, "datetime": {"datetime": "2024-01-19 00:23:52", "elapsed": 739.465083, "delta": 0.001082}}
{"target": -17.673526255032233, "params": {"gamma": 76.6151772075967, "log10_alpha": -4.737928817360722, "log10_colsample_bytree": -0.8492197338147481, "log10_eta": -2.0659087200351487, "log10_lambda": 0.1748245833185056, "log10_min_child_weight": 0.0167323817941073, "log10_subsample": -0.7685087688643023, "max_depth": 2.0, "num_boost_round": 25.0}, "datetime": {"datetime": "2024-01-19 00:23:52", "elapsed": 739.466164, "delta": 0.001081}}
{"target": -17.673507754466783, "params": {"gamma": 76.6151772075967, "log10_alpha": -4.737928817360722, "log10_colsample_bytree": -0.8492197338147481, "log10_eta": -2.0659087200351487, "log10_lambda": 0.1748245833185056, "log10_min_child_weight": 0.0167323817941073, "log10_subsample": -0.7685087688643023, "max_depth": 2.0, "num_boost_round": 26.0}, "datetime": {"datetime": "2024-01-19 00:23:52", "elapsed": 739.467245, "delta": 0.001081}}
{"target": -17.67335263555, "params": {"gamma": 76.6151772075967, "log10_alpha": -4.737928817360722, "log10_colsample_bytree": -0.8492197338147481, "log10_eta": -2.0659087200351487, "log10_lambda": 0.1748245833185056, "log10_min_child_weight": 0.0167323817941073, "log10_subsample": -0.7685087688643023, "max_depth": 2.0, "num_boost_round": 27.0}, "datetime": {"datetime": "2024-01-19 00:23:52", "elapsed": 739.46846, "delta": 0.001215}}
{"target": -17.673303821635066, "params": {"gamma": 76.6151772075967, "log10_alpha": -4.737928817360722, "log10_colsample_bytree": -0.8492197338147481, "log10_eta": -2.0659087200351487, "log10_lambda": 0.1748245833185056, "log10_min_child_weight": 0.0167323817941073, "log10_subsample": -0.7685087688643023, "max_depth": 2.0, "num_boost_round": 28.0}, "datetime": {"datetime": "2024-01-19 00:23:52", "elapsed": 739.469542, "delta": 0.001082}}
{"target": -17.67312804781437, "params": {"gamma": 76.6151772075967, "log10_alpha": -4.737928817360722, "log10_colsample_bytree": -0.8492197338147481, "log10_eta": -2.0659087200351487, "log10_lambda": 0.1748245833185056, "log10_min_child_weight": 0.0167323817941073, "log10_subsample": -0.7685087688643023, "max_depth": 2.0, "num_boost_round": 29.0}, "datetime": {"datetime": "2024-01-19 00:23:52", "elapsed": 739.470622, "delta": 0.00108}}
{"target": -17.673086036212553, "params": {"gamma": 76.6151772075967, "log10_alpha": -4.737928817360722, "log10_colsample_bytree": -0.8492197338147481, "log10_eta": -2.0659087200351487, "log10_lambda": 0.1748245833185056, "log10_min_child_weight": 0.0167323817941073, "log10_subsample": -0.7685087688643023, "max_depth": 2.0, "num_boost_round": 30.0}, "datetime": {"datetime": "2024-01-19 00:23:52", "elapsed": 739.471708, "delta": 0.001086}}
{"target": -17.673051332460332, "params": {"gamma": 76.6151772075967, "log10_alpha": -4.737928817360722, "log10_colsample_bytree": -0.8492197338147481, "log10_eta": -2.0659087200351487, "log10_lambda": 0.1748245833185056, "log10_min_child_weight": 0.0167323817941073, "log10_subsample": -0.7685087688643023, "max_depth": 2.0, "num_boost_round": 31.0}, "datetime": {"datetime": "2024-01-19 00:23:52", "elapsed": 739.472802, "delta": 0.001094}}
{"target": -17.67300487327834, "params": {"gamma": 76.6151772075967, "log10_alpha": -4.737928817360722, "log10_colsample_bytree": -0.8492197338147481, "log10_eta": -2.0659087200351487, "log10_lambda": 0.1748245833185056, "log10_min_child_weight": 0.0167323817941073, "log10_subsample": -0.7685087688643023, "max_depth": 2.0, "num_boost_round": 32.0}, "datetime": {"datetime": "2024-01-19 00:23:52", "elapsed": 739.473879, "delta": 0.001077}}
{"target": -17.672845522957694, "params": {"gamma": 76.6151772075967, "log10_alpha": -4.737928817360722, "log10_colsample_bytree": -0.8492197338147481, "log10_eta": -2.0659087200351487, "log10_lambda": 0.1748245833185056, "log10_min_child_weight": 0.0167323817941073, "log10_subsample": -0.7685087688643023, "max_depth": 2.0, "num_boost_round": 33.0}, "datetime": {"datetime": "2024-01-19 00:23:52", "elapsed": 739.475867, "delta": 0.001988}}
{"target": -17.672706180396535, "params": {"gamma": 76.6151772075967, "log10_alpha": -4.737928817360722, "log10_colsample_bytree": -0.8492197338147481, "log10_eta": -2.0659087200351487, "log10_lambda": 0.1748245833185056, "log10_min_child_weight": 0.0167323817941073, "log10_subsample": -0.7685087688643023, "max_depth": 2.0, "num_boost_round": 34.0}, "datetime": {"datetime": "2024-01-19 00:23:52", "elapsed": 739.477244, "delta": 0.001377}}
{"target": -17.672591290530946, "params": {"gamma": 76.6151772075967, "log10_alpha": -4.737928817360722, "log10_colsample_bytree": -0.8492197338147481, "log10_eta": -2.0659087200351487, "log10_lambda": 0.1748245833185056, "log10_min_child_weight": 0.0167323817941073, "log10_subsample": -0.7685087688643023, "max_depth": 2.0, "num_boost_round": 35.0}, "datetime": {"datetime": "2024-01-19 00:23:52", "elapsed": 739.478519, "delta": 0.001275}}
{"target": -17.6724909434136, "params": {"gamma": 76.6151772075967, "log10_alpha": -4.737928817360722, "log10_colsample_bytree": -0.8492197338147481, "log10_eta": -2.0659087200351487, "log10_lambda": 0.1748245833185056, "log10_min_child_weight": 0.0167323817941073, "log10_subsample": -0.7685087688643023, "max_depth": 2.0, "num_boost_round": 36.0}, "datetime": {"datetime": "2024-01-19 00:23:52", "elapsed": 739.479835, "delta": 0.001316}}
{"target": -17.677220309015016, "params": {"gamma": 66.56907178884141, "log10_alpha": -0.015586974944874044, "log10_colsample_bytree": -0.5768833678165611, "log10_eta": -3.095292352555933, "log10_lambda": -3.4375509085763687, "log10_min_child_weight": 1.3833943056467235, "log10_subsample": -0.5963093192367422, "max_depth": 4.0, "num_boost_round": 0.0}, "datetime": {"datetime": "2024-01-19 00:24:13", "elapsed": 760.900537, "delta": 21.420702}}
{"target": -17.67717917828071, "params": {"gamma": 66.56907178884141, "log10_alpha": -0.015586974944874044, "log10_colsample_bytree": -0.5768833678165611, "log10_eta": -3.095292352555933, "log10_lambda": -3.4375509085763687, "log10_min_child_weight": 1.3833943056467235, "log10_subsample": -0.5963093192367422, "max_depth": 4.0, "num_boost_round": 1.0}, "datetime": {"datetime": "2024-01-19 00:24:13", "elapsed": 760.901848, "delta": 0.001311}}
{"target": -17.677143711819014, "params": {"gamma": 66.56907178884141, "log10_alpha": -0.015586974944874044, "log10_colsample_bytree": -0.5768833678165611, "log10_eta": -3.095292352555933, "log10_lambda": -3.4375509085763687, "log10_min_child_weight": 1.3833943056467235, "log10_subsample": -0.5963093192367422, "max_depth": 4.0, "num_boost_round": 2.0}, "datetime": {"datetime": "2024-01-19 00:24:13", "elapsed": 760.903347, "delta": 0.001499}}
{"target": -17.677141395745227, "params": {"gamma": 66.56907178884141, "log10_alpha": -0.015586974944874044, "log10_colsample_bytree": -0.5768833678165611, "log10_eta": -3.095292352555933, "log10_lambda": -3.4375509085763687, "log10_min_child_weight": 1.3833943056467235, "log10_subsample": -0.5963093192367422, "max_depth": 4.0, "num_boost_round": 3.0}, "datetime": {"datetime": "2024-01-19 00:24:13", "elapsed": 760.90461, "delta": 0.001263}}
{"target": -17.6771157819582, "params": {"gamma": 66.56907178884141, "log10_alpha": -0.015586974944874044, "log10_colsample_bytree": -0.5768833678165611, "log10_eta": -3.095292352555933, "log10_lambda": -3.4375509085763687, "log10_min_child_weight": 1.3833943056467235, "log10_subsample": -0.5963093192367422, "max_depth": 4.0, "num_boost_round": 4.0}, "datetime": {"datetime": "2024-01-19 00:24:13", "elapsed": 760.905707, "delta": 0.001097}}
{"target": -17.677093030705855, "params": {"gamma": 66.56907178884141, "log10_alpha": -0.015586974944874044, "log10_colsample_bytree": -0.5768833678165611, "log10_eta": -3.095292352555933, "log10_lambda": -3.4375509085763687, "log10_min_child_weight": 1.3833943056467235, "log10_subsample": -0.5963093192367422, "max_depth": 4.0, "num_boost_round": 5.0}, "datetime": {"datetime": "2024-01-19 00:24:13", "elapsed": 760.906925, "delta": 0.001218}}
{"target": -17.677067701190296, "params": {"gamma": 66.56907178884141, "log10_alpha": -0.015586974944874044, "log10_colsample_bytree": -0.5768833678165611, "log10_eta": -3.095292352555933, "log10_lambda": -3.4375509085763687, "log10_min_child_weight": 1.3833943056467235, "log10_subsample": -0.5963093192367422, "max_depth": 4.0, "num_boost_round": 6.0}, "datetime": {"datetime": "2024-01-19 00:24:13", "elapsed": 760.908084, "delta": 0.001159}}
{"target": -17.67703575737188, "params": {"gamma": 66.56907178884141, "log10_alpha": -0.015586974944874044, "log10_colsample_bytree": -0.5768833678165611, "log10_eta": -3.095292352555933, "log10_lambda": -3.4375509085763687, "log10_min_child_weight": 1.3833943056467235, "log10_subsample": -0.5963093192367422, "max_depth": 4.0, "num_boost_round": 7.0}, "datetime": {"datetime": "2024-01-19 00:24:13", "elapsed": 760.909192, "delta": 0.001108}}
{"target": -17.677032474241386, "params": {"gamma": 66.56907178884141, "log10_alpha": -0.015586974944874044, "log10_colsample_bytree": -0.5768833678165611, "log10_eta": -3.095292352555933, "log10_lambda": -3.4375509085763687, "log10_min_child_weight": 1.3833943056467235, "log10_subsample": -0.5963093192367422, "max_depth": 4.0, "num_boost_round": 8.0}, "datetime": {"datetime": "2024-01-19 00:24:13", "elapsed": 760.910281, "delta": 0.001089}}
{"target": -17.67700936145888, "params": {"gamma": 66.56907178884141, "log10_alpha": -0.015586974944874044, "log10_colsample_bytree": -0.5768833678165611, "log10_eta": -3.095292352555933, "log10_lambda": -3.4375509085763687, "log10_min_child_weight": 1.3833943056467235, "log10_subsample": -0.5963093192367422, "max_depth": 4.0, "num_boost_round": 9.0}, "datetime": {"datetime": "2024-01-19 00:24:13", "elapsed": 760.911397, "delta": 0.001116}}
