{"target": -13.849994524128762, "params": {"gamma": 513.0517971031715, "log10_alpha": 0.7948599148907256, "log10_colsample_bytree": -0.45959035707410045, "log10_eta": -1.0763226066513987, "log10_lambda": 0.7696427255591871, "log10_min_child_weight": 0.8567066742215268, "log10_subsample": -0.2972590290205137, "max_depth": 4.0, "num_boost_round": 53.0}, "datetime": {"datetime": "2024-01-19 01:18:30", "elapsed": 4014.380272, "delta": 0.005131}}
{"target": -13.851343717689108, "params": {"gamma": 513.0517971031715, "log10_alpha": 0.7948599148907256, "log10_colsample_bytree": -0.45959035707410045, "log10_eta": -1.0763226066513987, "log10_lambda": 0.7696427255591871, "log10_min_child_weight": 0.8567066742215268, "log10_subsample": -0.2972590290205137, "max_depth": 4.0, "num_boost_round": 54.0}, "datetime": {"datetime": "2024-01-19 01:18:30", "elapsed": 4014.385441, "delta": 0.005169}}
{"target": -13.852391045113226, "params": {"gamma": 513.0517971031715, "log10_alpha": 0.7948599148907256, "log10_colsample_bytree": -0.45959035707410045, "log10_eta": -1.0763226066513987, "log10_lambda": 0.7696427255591871, "log10_min_child_weight": 0.8567066742215268, "log10_subsample": -0.2972590290205137, "max_depth": 4.0, "num_boost_round": 55.0}, "datetime": {"datetime": "2024-01-19 01:18:30", "elapsed": 4014.390649, "delta": 0.005208}}
{"target": -13.859147571038191, "params": {"gamma": 513.0517971031715, "log10_alpha": 0.7948599148907256, "log10_colsample_bytree": -0.45959035707410045, "log10_eta": -1.0763226066513987, "log10_lambda": 0.7696427255591871, "log10_min_child_weight": 0.8567066742215268, "log10_subsample": -0.2972590290205137, "max_depth": 4.0, "num_boost_round": 56.0}, "datetime": {"datetime": "2024-01-19 01:18:30", "elapsed": 4014.395976, "delta": 0.005327}}
{"target": -13.862496837902743, "params": {"gamma": 513.0517971031715, "log10_alpha": 0.7948599148907256, "log10_colsample_bytree": -0.45959035707410045, "log10_eta": -1.0763226066513987, "log10_lambda": 0.7696427255591871, "log10_min_child_weight": 0.8567066742215268, "log10_subsample": -0.2972590290205137, "max_depth": 4.0, "num_boost_round": 57.0}, "datetime": {"datetime": "2024-01-19 01:18:30", "elapsed": 4014.401025, "delta": 0.005049}}
{"target": -13.861982760256648, "params": {"gamma": 513.0517971031715, "log10_alpha": 0.7948599148907256, "log10_colsample_bytree": -0.45959035707410045, "log10_eta": -1.0763226066513987, "log10_lambda": 0.7696427255591871, "log10_min_child_weight": 0.8567066742215268, "log10_subsample": -0.2972590290205137, "max_depth": 4.0, "num_boost_round": 58.0}, "datetime": {"datetime": "2024-01-19 01:18:30", "elapsed": 4014.40605, "delta": 0.005025}}
{"target": -13.86250427834629, "params": {"gamma": 513.0517971031715, "log10_alpha": 0.7948599148907256, "log10_colsample_bytree": -0.45959035707410045, "log10_eta": -1.0763226066513987, "log10_lambda": 0.7696427255591871, "log10_min_child_weight": 0.8567066742215268, "log10_subsample": -0.2972590290205137, "max_depth": 4.0, "num_boost_round": 59.0}, "datetime": {"datetime": "2024-01-19 01:18:30", "elapsed": 4014.411108, "delta": 0.005058}}
{"target": -13.862876291795487, "params": {"gamma": 513.0517971031715, "log10_alpha": 0.7948599148907256, "log10_colsample_bytree": -0.45959035707410045, "log10_eta": -1.0763226066513987, "log10_lambda": 0.7696427255591871, "log10_min_child_weight": 0.8567066742215268, "log10_subsample": -0.2972590290205137, "max_depth": 4.0, "num_boost_round": 60.0}, "datetime": {"datetime": "2024-01-19 01:18:30", "elapsed": 4014.41617, "delta": 0.005062}}
{"target": -13.863036559269167, "params": {"gamma": 513.0517971031715, "log10_alpha": 0.7948599148907256, "log10_colsample_bytree": -0.45959035707410045, "log10_eta": -1.0763226066513987, "log10_lambda": 0.7696427255591871, "log10_min_child_weight": 0.8567066742215268, "log10_subsample": -0.2972590290205137, "max_depth": 4.0, "num_boost_round": 61.0}, "datetime": {"datetime": "2024-01-19 01:18:30", "elapsed": 4014.421685, "delta": 0.005515}}
{"target": -13.863422338460131, "params": {"gamma": 513.0517971031715, "log10_alpha": 0.7948599148907256, "log10_colsample_bytree": -0.45959035707410045, "log10_eta": -1.0763226066513987, "log10_lambda": 0.7696427255591871, "log10_min_child_weight": 0.8567066742215268, "log10_subsample": -0.2972590290205137, "max_depth": 4.0, "num_boost_round": 62.0}, "datetime": {"datetime": "2024-01-19 01:18:30", "elapsed": 4014.427038, "delta": 0.005353}}
{"target": -13.864920814876706, "params": {"gamma": 513.0517971031715, "log10_alpha": 0.7948599148907256, "log10_colsample_bytree": -0.45959035707410045, "log10_eta": -1.0763226066513987, "log10_lambda": 0.7696427255591871, "log10_min_child_weight": 0.8567066742215268, "log10_subsample": -0.2972590290205137, "max_depth": 4.0, "num_boost_round": 63.0}, "datetime": {"datetime": "2024-01-19 01:18:30", "elapsed": 4014.432284, "delta": 0.005246}}
{"target": -13.865767168529892, "params": {"gamma": 513.0517971031715, "log10_alpha": 0.7948599148907256, "log10_colsample_bytree": -0.45959035707410045, "log10_eta": -1.0763226066513987, "log10_lambda": 0.7696427255591871, "log10_min_child_weight": 0.8567066742215268, "log10_subsample": -0.2972590290205137, "max_depth": 4.0, "num_boost_round": 64.0}, "datetime": {"datetime": "2024-01-19 01:18:30", "elapsed": 4014.437442, "delta": 0.005158}}
{"target": -13.882864053596414, "params": {"gamma": 513.0517971031715, "log10_alpha": 0.7948599148907256, "log10_colsample_bytree": -0.45959035707410045, "log10_eta": -1.0763226066513987, "log10_lambda": 0.7696427255591871, "log10_min_child_weight": 0.8567066742215268, "log10_subsample": -0.2972590290205137, "max_depth": 4.0, "num_boost_round": 65.0}, "datetime": {"datetime": "2024-01-19 01:18:30", "elapsed": 4014.44236, "delta": 0.004918}}
{"target": -13.888398380593799, "params": {"gamma": 513.0517971031715, "log10_alpha": 0.7948599148907256, "log10_colsample_bytree": -0.45959035707410045, "log10_eta": -1.0763226066513987, "log10_lambda": 0.7696427255591871, "log10_min_child_weight": 0.8567066742215268, "log10_subsample": -0.2972590290205137, "max_depth": 4.0, "num_boost_round": 66.0}, "datetime": {"datetime": "2024-01-19 01:18:30", "elapsed": 4014.447271, "delta": 0.004911}}
{"target": -13.900204939741267, "params": {"gamma": 513.0517971031715, "log10_alpha": 0.7948599148907256, "log10_colsample_bytree": -0.45959035707410045, "log10_eta": -1.0763226066513987, "log10_lambda": 0.7696427255591871, "log10_min_child_weight": 0.8567066742215268, "log10_subsample": -0.2972590290205137, "max_depth": 4.0, "num_boost_round": 67.0}, "datetime": {"datetime": "2024-01-19 01:18:30", "elapsed": 4014.452213, "delta": 0.004942}}
{"target": -13.905664164664918, "params": {"gamma": 513.0517971031715, "log10_alpha": 0.7948599148907256, "log10_colsample_bytree": -0.45959035707410045, "log10_eta": -1.0763226066513987, "log10_lambda": 0.7696427255591871, "log10_min_child_weight": 0.8567066742215268, "log10_subsample": -0.2972590290205137, "max_depth": 4.0, "num_boost_round": 68.0}, "datetime": {"datetime": "2024-01-19 01:18:30", "elapsed": 4014.457313, "delta": 0.0051}}
{"target": -13.906903391973199, "params": {"gamma": 513.0517971031715, "log10_alpha": 0.7948599148907256, "log10_colsample_bytree": -0.45959035707410045, "log10_eta": -1.0763226066513987, "log10_lambda": 0.7696427255591871, "log10_min_child_weight": 0.8567066742215268, "log10_subsample": -0.2972590290205137, "max_depth": 4.0, "num_boost_round": 69.0}, "datetime": {"datetime": "2024-01-19 01:18:30", "elapsed": 4014.462368, "delta": 0.005055}}
{"target": -13.758536260128784, "params": {"gamma": 489.61159907281115, "log10_alpha": 0.7242978419701833, "log10_colsample_bytree": -0.3632263606611944, "log10_eta": -3.8596441280221727, "log10_lambda": -0.6984351574676051, "log10_min_child_weight": 3.9715758824825116, "log10_subsample": -0.2298157836511866, "max_depth": 5.0, "num_boost_round": 0.0}, "datetime": {"datetime": "2024-01-19 01:20:00", "elapsed": 4104.941016, "delta": 90.478648}}
{"target": -13.758532617775074, "params": {"gamma": 489.61159907281115, "log10_alpha": 0.7242978419701833, "log10_colsample_bytree": -0.3632263606611944, "log10_eta": -3.8596441280221727, "log10_lambda": -0.6984351574676051, "log10_min_child_weight": 3.9715758824825116, "log10_subsample": -0.2298157836511866, "max_depth": 5.0, "num_boost_round": 1.0}, "datetime": {"datetime": "2024-01-19 01:20:00", "elapsed": 4104.946039, "delta": 0.005023}}
{"target": -13.75853301278819, "params": {"gamma": 489.61159907281115, "log10_alpha": 0.7242978419701833, "log10_colsample_bytree": -0.3632263606611944, "log10_eta": -3.8596441280221727, "log10_lambda": -0.6984351574676051, "log10_min_child_weight": 3.9715758824825116, "log10_subsample": -0.2298157836511866, "max_depth": 5.0, "num_boost_round": 2.0}, "datetime": {"datetime": "2024-01-19 01:20:00", "elapsed": 4104.9509, "delta": 0.004861}}
{"target": -13.758532188524313, "params": {"gamma": 489.61159907281115, "log10_alpha": 0.7242978419701833, "log10_colsample_bytree": -0.3632263606611944, "log10_eta": -3.8596441280221727, "log10_lambda": -0.6984351574676051, "log10_min_child_weight": 3.9715758824825116, "log10_subsample": -0.2298157836511866, "max_depth": 5.0, "num_boost_round": 3.0}, "datetime": {"datetime": "2024-01-19 01:20:00", "elapsed": 4104.955831, "delta": 0.004931}}
{"target": -13.758530433270407, "params": {"gamma": 489.61159907281115, "log10_alpha": 0.7242978419701833, "log10_colsample_bytree": -0.3632263606611944, "log10_eta": -3.8596441280221727, "log10_lambda": -0.6984351574676051, "log10_min_child_weight": 3.9715758824825116, "log10_subsample": -0.2298157836511866, "max_depth": 5.0, "num_boost_round": 4.0}, "datetime": {"datetime": "2024-01-19 01:20:00", "elapsed": 4104.96073, "delta": 0.004899}}
{"target": -13.758529597538317, "params": {"gamma": 489.61159907281115, "log10_alpha": 0.7242978419701833, "log10_colsample_bytree": -0.3632263606611944, "log10_eta": -3.8596441280221727, "log10_lambda": -0.6984351574676051, "log10_min_child_weight": 3.9715758824825116, "log10_subsample": -0.2298157836511866, "max_depth": 5.0, "num_boost_round": 5.0}, "datetime": {"datetime": "2024-01-19 01:20:00", "elapsed": 4104.96625, "delta": 0.00552}}
{"target": -13.758528726140469, "params": {"gamma": 489.61159907281115, "log10_alpha": 0.7242978419701833, "log10_colsample_bytree": -0.3632263606611944, "log10_eta": -3.8596441280221727, "log10_lambda": -0.6984351574676051, "log10_min_child_weight": 3.9715758824825116, "log10_subsample": -0.2298157836511866, "max_depth": 5.0, "num_boost_round": 6.0}, "datetime": {"datetime": "2024-01-19 01:20:00", "elapsed": 4104.971401, "delta": 0.005151}}
{"target": -13.758527381137077, "params": {"gamma": 489.61159907281115, "log10_alpha": 0.7242978419701833, "log10_colsample_bytree": -0.3632263606611944, "log10_eta": -3.8596441280221727, "log10_lambda": -0.6984351574676051, "log10_min_child_weight": 3.9715758824825116, "log10_subsample": -0.2298157836511866, "max_depth": 5.0, "num_boost_round": 7.0}, "datetime": {"datetime": "2024-01-19 01:20:00", "elapsed": 4104.976314, "delta": 0.004913}}
{"target": -13.75852445347335, "params": {"gamma": 489.61159907281115, "log10_alpha": 0.7242978419701833, "log10_colsample_bytree": -0.3632263606611944, "log10_eta": -3.8596441280221727, "log10_lambda": -0.6984351574676051, "log10_min_child_weight": 3.9715758824825116, "log10_subsample": -0.2298157836511866, "max_depth": 5.0, "num_boost_round": 8.0}, "datetime": {"datetime": "2024-01-19 01:20:00", "elapsed": 4104.981356, "delta": 0.005042}}
{"target": -13.758524713584793, "params": {"gamma": 489.61159907281115, "log10_alpha": 0.7242978419701833, "log10_colsample_bytree": -0.3632263606611944, "log10_eta": -3.8596441280221727, "log10_lambda": -0.6984351574676051, "log10_min_child_weight": 3.9715758824825116, "log10_subsample": -0.2298157836511866, "max_depth": 5.0, "num_boost_round": 9.0}, "datetime": {"datetime": "2024-01-19 01:20:01", "elapsed": 4104.986364, "delta": 0.005008}}
{"target": -13.758521745392498, "params": {"gamma": 489.61159907281115, "log10_alpha": 0.7242978419701833, "log10_colsample_bytree": -0.3632263606611944, "log10_eta": -3.8596441280221727, "log10_lambda": -0.6984351574676051, "log10_min_child_weight": 3.9715758824825116, "log10_subsample": -0.2298157836511866, "max_depth": 5.0, "num_boost_round": 10.0}, "datetime": {"datetime": "2024-01-19 01:20:01", "elapsed": 4104.991353, "delta": 0.004989}}
{"target": -13.758518155864676, "params": {"gamma": 489.61159907281115, "log10_alpha": 0.7242978419701833, "log10_colsample_bytree": -0.3632263606611944, "log10_eta": -3.8596441280221727, "log10_lambda": -0.6984351574676051, "log10_min_child_weight": 3.9715758824825116, "log10_subsample": -0.2298157836511866, "max_depth": 5.0, "num_boost_round": 11.0}, "datetime": {"datetime": "2024-01-19 01:20:01", "elapsed": 4104.996176, "delta": 0.004823}}
{"target": -13.758516085280048, "params": {"gamma": 489.61159907281115, "log10_alpha": 0.7242978419701833, "log10_colsample_bytree": -0.3632263606611944, "log10_eta": -3.8596441280221727, "log10_lambda": -0.6984351574676051, "log10_min_child_weight": 3.9715758824825116, "log10_subsample": -0.2298157836511866, "max_depth": 5.0, "num_boost_round": 12.0}, "datetime": {"datetime": "2024-01-19 01:20:01", "elapsed": 4105.000902, "delta": 0.004726}}
{"target": -13.758513668210025, "params": {"gamma": 489.61159907281115, "log10_alpha": 0.7242978419701833, "log10_colsample_bytree": -0.3632263606611944, "log10_eta": -3.8596441280221727, "log10_lambda": -0.6984351574676051, "log10_min_child_weight": 3.9715758824825116, "log10_subsample": -0.2298157836511866, "max_depth": 5.0, "num_boost_round": 13.0}, "datetime": {"datetime": "2024-01-19 01:20:01", "elapsed": 4105.005689, "delta": 0.004787}}
{"target": -13.758513382936034, "params": {"gamma": 489.61159907281115, "log10_alpha": 0.7242978419701833, "log10_colsample_bytree": -0.3632263606611944, "log10_eta": -3.8596441280221727, "log10_lambda": -0.6984351574676051, "log10_min_child_weight": 3.9715758824825116, "log10_subsample": -0.2298157836511866, "max_depth": 5.0, "num_boost_round": 14.0}, "datetime": {"datetime": "2024-01-19 01:20:01", "elapsed": 4105.010403, "delta": 0.004714}}
{"target": -13.758510874913705, "params": {"gamma": 489.61159907281115, "log10_alpha": 0.7242978419701833, "log10_colsample_bytree": -0.3632263606611944, "log10_eta": -3.8596441280221727, "log10_lambda": -0.6984351574676051, "log10_min_child_weight": 3.9715758824825116, "log10_subsample": -0.2298157836511866, "max_depth": 5.0, "num_boost_round": 15.0}, "datetime": {"datetime": "2024-01-19 01:20:01", "elapsed": 4105.015264, "delta": 0.004861}}
{"target": -13.758510271811566, "params": {"gamma": 489.61159907281115, "log10_alpha": 0.7242978419701833, "log10_colsample_bytree": -0.3632263606611944, "log10_eta": -3.8596441280221727, "log10_lambda": -0.6984351574676051, "log10_min_child_weight": 3.9715758824825116, "log10_subsample": -0.2298157836511866, "max_depth": 5.0, "num_boost_round": 16.0}, "datetime": {"datetime": "2024-01-19 01:20:01", "elapsed": 4105.020273, "delta": 0.005009}}
{"target": -13.7585111773963, "params": {"gamma": 489.61159907281115, "log10_alpha": 0.7242978419701833, "log10_colsample_bytree": -0.3632263606611944, "log10_eta": -3.8596441280221727, "log10_lambda": -0.6984351574676051, "log10_min_child_weight": 3.9715758824825116, "log10_subsample": -0.2298157836511866, "max_depth": 5.0, "num_boost_round": 17.0}, "datetime": {"datetime": "2024-01-19 01:20:01", "elapsed": 4105.02509, "delta": 0.004817}}
{"target": -13.758509514822213, "params": {"gamma": 489.61159907281115, "log10_alpha": 0.7242978419701833, "log10_colsample_bytree": -0.3632263606611944, "log10_eta": -3.8596441280221727, "log10_lambda": -0.6984351574676051, "log10_min_child_weight": 3.9715758824825116, "log10_subsample": -0.2298157836511866, "max_depth": 5.0, "num_boost_round": 18.0}, "datetime": {"datetime": "2024-01-19 01:20:01", "elapsed": 4105.029869, "delta": 0.004779}}
{"target": -13.758506412644348, "params": {"gamma": 489.61159907281115, "log10_alpha": 0.7242978419701833, "log10_colsample_bytree": -0.3632263606611944, "log10_eta": -3.8596441280221727, "log10_lambda": -0.6984351574676051, "log10_min_child_weight": 3.9715758824825116, "log10_subsample": -0.2298157836511866, "max_depth": 5.0, "num_boost_round": 19.0}, "datetime": {"datetime": "2024-01-19 01:20:01", "elapsed": 4105.034697, "delta": 0.004828}}
{"target": -13.758504491642254, "params": {"gamma": 489.61159907281115, "log10_alpha": 0.7242978419701833, "log10_colsample_bytree": -0.3632263606611944, "log10_eta": -3.8596441280221727, "log10_lambda": -0.6984351574676051, "log10_min_child_weight": 3.9715758824825116, "log10_subsample": -0.2298157836511866, "max_depth": 5.0, "num_boost_round": 20.0}, "datetime": {"datetime": "2024-01-19 01:20:01", "elapsed": 4105.039488, "delta": 0.004791}}
{"target": -13.75850253522856, "params": {"gamma": 489.61159907281115, "log10_alpha": 0.7242978419701833, "log10_colsample_bytree": -0.3632263606611944, "log10_eta": -3.8596441280221727, "log10_lambda": -0.6984351574676051, "log10_min_child_weight": 3.9715758824825116, "log10_subsample": -0.2298157836511866, "max_depth": 5.0, "num_boost_round": 21.0}, "datetime": {"datetime": "2024-01-19 01:20:01", "elapsed": 4105.044331, "delta": 0.004843}}
{"target": -13.75850016431934, "params": {"gamma": 489.61159907281115, "log10_alpha": 0.7242978419701833, "log10_colsample_bytree": -0.3632263606611944, "log10_eta": -3.8596441280221727, "log10_lambda": -0.6984351574676051, "log10_min_child_weight": 3.9715758824825116, "log10_subsample": -0.2298157836511866, "max_depth": 5.0, "num_boost_round": 22.0}, "datetime": {"datetime": "2024-01-19 01:20:01", "elapsed": 4105.049279, "delta": 0.004948}}
{"target": -13.758499067413558, "params": {"gamma": 489.61159907281115, "log10_alpha": 0.7242978419701833, "log10_colsample_bytree": -0.3632263606611944, "log10_eta": -3.8596441280221727, "log10_lambda": -0.6984351574676051, "log10_min_child_weight": 3.9715758824825116, "log10_subsample": -0.2298157836511866, "max_depth": 5.0, "num_boost_round": 23.0}, "datetime": {"datetime": "2024-01-19 01:20:01", "elapsed": 4105.054037, "delta": 0.004758}}
{"target": -13.758498524320856, "params": {"gamma": 489.61159907281115, "log10_alpha": 0.7242978419701833, "log10_colsample_bytree": -0.3632263606611944, "log10_eta": -3.8596441280221727, "log10_lambda": -0.6984351574676051, "log10_min_child_weight": 3.9715758824825116, "log10_subsample": -0.2298157836511866, "max_depth": 5.0, "num_boost_round": 24.0}, "datetime": {"datetime": "2024-01-19 01:20:01", "elapsed": 4105.058825, "delta": 0.004788}}
{"target": -13.758497548626858, "params": {"gamma": 489.61159907281115, "log10_alpha": 0.7242978419701833, "log10_colsample_bytree": -0.3632263606611944, "log10_eta": -3.8596441280221727, "log10_lambda": -0.6984351574676051, "log10_min_child_weight": 3.9715758824825116, "log10_subsample": -0.2298157836511866, "max_depth": 5.0, "num_boost_round": 25.0}, "datetime": {"datetime": "2024-01-19 01:20:01", "elapsed": 4105.06363, "delta": 0.004805}}
{"target": -13.758496260417907, "params": {"gamma": 489.61159907281115, "log10_alpha": 0.7242978419701833, "log10_colsample_bytree": -0.3632263606611944, "log10_eta": -3.8596441280221727, "log10_lambda": -0.6984351574676051, "log10_min_child_weight": 3.9715758824825116, "log10_subsample": -0.2298157836511866, "max_depth": 5.0, "num_boost_round": 26.0}, "datetime": {"datetime": "2024-01-19 01:20:01", "elapsed": 4105.068424, "delta": 0.004794}}
{"target": -13.758493277995253, "params": {"gamma": 489.61159907281115, "log10_alpha": 0.7242978419701833, "log10_colsample_bytree": -0.3632263606611944, "log10_eta": -3.8596441280221727, "log10_lambda": -0.6984351574676051, "log10_min_child_weight": 3.9715758824825116, "log10_subsample": -0.2298157836511866, "max_depth": 5.0, "num_boost_round": 27.0}, "datetime": {"datetime": "2024-01-19 01:20:01", "elapsed": 4105.073311, "delta": 0.004887}}
{"target": -13.758490511258126, "params": {"gamma": 489.61159907281115, "log10_alpha": 0.7242978419701833, "log10_colsample_bytree": -0.3632263606611944, "log10_eta": -3.8596441280221727, "log10_lambda": -0.6984351574676051, "log10_min_child_weight": 3.9715758824825116, "log10_subsample": -0.2298157836511866, "max_depth": 5.0, "num_boost_round": 28.0}, "datetime": {"datetime": "2024-01-19 01:20:01", "elapsed": 4105.177576, "delta": 0.104265}}
{"target": -13.758487608305586, "params": {"gamma": 489.61159907281115, "log10_alpha": 0.7242978419701833, "log10_colsample_bytree": -0.3632263606611944, "log10_eta": -3.8596441280221727, "log10_lambda": -0.6984351574676051, "log10_min_child_weight": 3.9715758824825116, "log10_subsample": -0.2298157836511866, "max_depth": 5.0, "num_boost_round": 29.0}, "datetime": {"datetime": "2024-01-19 01:20:01", "elapsed": 4105.183066, "delta": 0.00549}}
{"target": -13.758485638438806, "params": {"gamma": 489.61159907281115, "log10_alpha": 0.7242978419701833, "log10_colsample_bytree": -0.3632263606611944, "log10_eta": -3.8596441280221727, "log10_lambda": -0.6984351574676051, "log10_min_child_weight": 3.9715758824825116, "log10_subsample": -0.2298157836511866, "max_depth": 5.0, "num_boost_round": 30.0}, "datetime": {"datetime": "2024-01-19 01:20:01", "elapsed": 4105.188127, "delta": 0.005061}}
{"target": -13.758482431152245, "params": {"gamma": 489.61159907281115, "log10_alpha": 0.7242978419701833, "log10_colsample_bytree": -0.3632263606611944, "log10_eta": -3.8596441280221727, "log10_lambda": -0.6984351574676051, "log10_min_child_weight": 3.9715758824825116, "log10_subsample": -0.2298157836511866, "max_depth": 5.0, "num_boost_round": 31.0}, "datetime": {"datetime": "2024-01-19 01:20:01", "elapsed": 4105.193132, "delta": 0.005005}}
