{"target": -13.772876019155118, "params": {"gamma": 889.8876778780343, "log10_alpha": -0.2723607725979402, "log10_colsample_bytree": -0.08369767640953607, "log10_eta": -1.0093757559499075, "log10_lambda": -2.0290952171145085, "log10_min_child_weight": 1.2196765457006697, "log10_subsample": -0.8830280190993582, "max_depth": 2.0, "num_boost_round": 23.0}, "datetime": {"datetime": "2024-01-19 00:18:31", "elapsed": 415.878417, "delta": 0.000873}}
{"target": -13.773766394906074, "params": {"gamma": 889.8876778780343, "log10_alpha": -0.2723607725979402, "log10_colsample_bytree": -0.08369767640953607, "log10_eta": -1.0093757559499075, "log10_lambda": -2.0290952171145085, "log10_min_child_weight": 1.2196765457006697, "log10_subsample": -0.8830280190993582, "max_depth": 2.0, "num_boost_round": 24.0}, "datetime": {"datetime": "2024-01-19 00:18:31", "elapsed": 415.879306, "delta": 0.000889}}
{"target": -13.774126346584744, "params": {"gamma": 889.8876778780343, "log10_alpha": -0.2723607725979402, "log10_colsample_bytree": -0.08369767640953607, "log10_eta": -1.0093757559499075, "log10_lambda": -2.0290952171145085, "log10_min_child_weight": 1.2196765457006697, "log10_subsample": -0.8830280190993582, "max_depth": 2.0, "num_boost_round": 25.0}, "datetime": {"datetime": "2024-01-19 00:18:31", "elapsed": 415.880198, "delta": 0.000892}}
{"target": -13.774173617006655, "params": {"gamma": 889.8876778780343, "log10_alpha": -0.2723607725979402, "log10_colsample_bytree": -0.08369767640953607, "log10_eta": -1.0093757559499075, "log10_lambda": -2.0290952171145085, "log10_min_child_weight": 1.2196765457006697, "log10_subsample": -0.8830280190993582, "max_depth": 2.0, "num_boost_round": 26.0}, "datetime": {"datetime": "2024-01-19 00:18:31", "elapsed": 415.88108, "delta": 0.000882}}
{"target": -13.773721208229922, "params": {"gamma": 889.8876778780343, "log10_alpha": -0.2723607725979402, "log10_colsample_bytree": -0.08369767640953607, "log10_eta": -1.0093757559499075, "log10_lambda": -2.0290952171145085, "log10_min_child_weight": 1.2196765457006697, "log10_subsample": -0.8830280190993582, "max_depth": 2.0, "num_boost_round": 27.0}, "datetime": {"datetime": "2024-01-19 00:18:31", "elapsed": 415.881962, "delta": 0.000882}}
{"target": -13.774430481810858, "params": {"gamma": 889.8876778780343, "log10_alpha": -0.2723607725979402, "log10_colsample_bytree": -0.08369767640953607, "log10_eta": -1.0093757559499075, "log10_lambda": -2.0290952171145085, "log10_min_child_weight": 1.2196765457006697, "log10_subsample": -0.8830280190993582, "max_depth": 2.0, "num_boost_round": 28.0}, "datetime": {"datetime": "2024-01-19 00:18:31", "elapsed": 415.882841, "delta": 0.000879}}
{"target": -13.773917220697747, "params": {"gamma": 889.8876778780343, "log10_alpha": -0.2723607725979402, "log10_colsample_bytree": -0.08369767640953607, "log10_eta": -1.0093757559499075, "log10_lambda": -2.0290952171145085, "log10_min_child_weight": 1.2196765457006697, "log10_subsample": -0.8830280190993582, "max_depth": 2.0, "num_boost_round": 29.0}, "datetime": {"datetime": "2024-01-19 00:18:31", "elapsed": 415.883743, "delta": 0.000902}}
{"target": -13.774463120309017, "params": {"gamma": 889.8876778780343, "log10_alpha": -0.2723607725979402, "log10_colsample_bytree": -0.08369767640953607, "log10_eta": -1.0093757559499075, "log10_lambda": -2.0290952171145085, "log10_min_child_weight": 1.2196765457006697, "log10_subsample": -0.8830280190993582, "max_depth": 2.0, "num_boost_round": 30.0}, "datetime": {"datetime": "2024-01-19 00:18:31", "elapsed": 415.884631, "delta": 0.000888}}
{"target": -13.758530823526069, "params": {"gamma": 884.4449710818529, "log10_alpha": -1.7017143666979857, "log10_colsample_bytree": -0.2951107786722508, "log10_eta": -2.8332092672790643, "log10_lambda": -3.7719011439114936, "log10_min_child_weight": 4.228426361230301, "log10_subsample": -0.3671965142361807, "max_depth": 9.0, "num_boost_round": 0.0}, "datetime": {"datetime": "2024-01-19 00:18:55", "elapsed": 439.483659, "delta": 23.599028}}
{"target": -13.758531619811246, "params": {"gamma": 884.4449710818529, "log10_alpha": -1.7017143666979857, "log10_colsample_bytree": -0.2951107786722508, "log10_eta": -2.8332092672790643, "log10_lambda": -3.7719011439114936, "log10_min_child_weight": 4.228426361230301, "log10_subsample": -0.3671965142361807, "max_depth": 9.0, "num_boost_round": 1.0}, "datetime": {"datetime": "2024-01-19 00:18:55", "elapsed": 439.484705, "delta": 0.001046}}
{"target": -13.758565349273756, "params": {"gamma": 884.4449710818529, "log10_alpha": -1.7017143666979857, "log10_colsample_bytree": -0.2951107786722508, "log10_eta": -2.8332092672790643, "log10_lambda": -3.7719011439114936, "log10_min_child_weight": 4.228426361230301, "log10_subsample": -0.3671965142361807, "max_depth": 9.0, "num_boost_round": 2.0}, "datetime": {"datetime": "2024-01-19 00:18:55", "elapsed": 439.485632, "delta": 0.000927}}
{"target": -13.758559479345617, "params": {"gamma": 884.4449710818529, "log10_alpha": -1.7017143666979857, "log10_colsample_bytree": -0.2951107786722508, "log10_eta": -2.8332092672790643, "log10_lambda": -3.7719011439114936, "log10_min_child_weight": 4.228426361230301, "log10_subsample": -0.3671965142361807, "max_depth": 9.0, "num_boost_round": 3.0}, "datetime": {"datetime": "2024-01-19 00:18:55", "elapsed": 439.486539, "delta": 0.000907}}
{"target": -13.758583778210062, "params": {"gamma": 884.4449710818529, "log10_alpha": -1.7017143666979857, "log10_colsample_bytree": -0.2951107786722508, "log10_eta": -2.8332092672790643, "log10_lambda": -3.7719011439114936, "log10_min_child_weight": 4.228426361230301, "log10_subsample": -0.3671965142361807, "max_depth": 9.0, "num_boost_round": 4.0}, "datetime": {"datetime": "2024-01-19 00:18:55", "elapsed": 439.487449, "delta": 0.00091}}
{"target": -13.758587982587711, "params": {"gamma": 884.4449710818529, "log10_alpha": -1.7017143666979857, "log10_colsample_bytree": -0.2951107786722508, "log10_eta": -2.8332092672790643, "log10_lambda": -3.7719011439114936, "log10_min_child_weight": 4.228426361230301, "log10_subsample": -0.3671965142361807, "max_depth": 9.0, "num_boost_round": 5.0}, "datetime": {"datetime": "2024-01-19 00:18:55", "elapsed": 439.488629, "delta": 0.00118}}
{"target": -13.75859348799008, "params": {"gamma": 884.4449710818529, "log10_alpha": -1.7017143666979857, "log10_colsample_bytree": -0.2951107786722508, "log10_eta": -2.8332092672790643, "log10_lambda": -3.7719011439114936, "log10_min_child_weight": 4.228426361230301, "log10_subsample": -0.3671965142361807, "max_depth": 9.0, "num_boost_round": 6.0}, "datetime": {"datetime": "2024-01-19 00:18:55", "elapsed": 439.489881, "delta": 0.001252}}
{"target": -13.758598785741077, "params": {"gamma": 884.4449710818529, "log10_alpha": -1.7017143666979857, "log10_colsample_bytree": -0.2951107786722508, "log10_eta": -2.8332092672790643, "log10_lambda": -3.7719011439114936, "log10_min_child_weight": 4.228426361230301, "log10_subsample": -0.3671965142361807, "max_depth": 9.0, "num_boost_round": 7.0}, "datetime": {"datetime": "2024-01-19 00:18:55", "elapsed": 439.491374, "delta": 0.001493}}
{"target": -13.758606043942853, "params": {"gamma": 884.4449710818529, "log10_alpha": -1.7017143666979857, "log10_colsample_bytree": -0.2951107786722508, "log10_eta": -2.8332092672790643, "log10_lambda": -3.7719011439114936, "log10_min_child_weight": 4.228426361230301, "log10_subsample": -0.3671965142361807, "max_depth": 9.0, "num_boost_round": 8.0}, "datetime": {"datetime": "2024-01-19 00:18:55", "elapsed": 439.4924, "delta": 0.001026}}
{"target": -13.758575900575206, "params": {"gamma": 884.4449710818529, "log10_alpha": -1.7017143666979857, "log10_colsample_bytree": -0.2951107786722508, "log10_eta": -2.8332092672790643, "log10_lambda": -3.7719011439114936, "log10_min_child_weight": 4.228426361230301, "log10_subsample": -0.3671965142361807, "max_depth": 9.0, "num_boost_round": 9.0}, "datetime": {"datetime": "2024-01-19 00:18:55", "elapsed": 439.493306, "delta": 0.000906}}
{"target": -13.758571245476938, "params": {"gamma": 884.4449710818529, "log10_alpha": -1.7017143666979857, "log10_colsample_bytree": -0.2951107786722508, "log10_eta": -2.8332092672790643, "log10_lambda": -3.7719011439114936, "log10_min_child_weight": 4.228426361230301, "log10_subsample": -0.3671965142361807, "max_depth": 9.0, "num_boost_round": 10.0}, "datetime": {"datetime": "2024-01-19 00:18:55", "elapsed": 439.494203, "delta": 0.000897}}
{"target": -13.75856474612664, "params": {"gamma": 884.4449710818529, "log10_alpha": -1.7017143666979857, "log10_colsample_bytree": -0.2951107786722508, "log10_eta": -2.8332092672790643, "log10_lambda": -3.7719011439114936, "log10_min_child_weight": 4.228426361230301, "log10_subsample": -0.3671965142361807, "max_depth": 9.0, "num_boost_round": 11.0}, "datetime": {"datetime": "2024-01-19 00:18:55", "elapsed": 439.495103, "delta": 0.0009}}
{"target": -13.758556521049563, "params": {"gamma": 884.4449710818529, "log10_alpha": -1.7017143666979857, "log10_colsample_bytree": -0.2951107786722508, "log10_eta": -2.8332092672790643, "log10_lambda": -3.7719011439114936, "log10_min_child_weight": 4.228426361230301, "log10_subsample": -0.3671965142361807, "max_depth": 9.0, "num_boost_round": 12.0}, "datetime": {"datetime": "2024-01-19 00:18:55", "elapsed": 439.496021, "delta": 0.000918}}
{"target": -13.758552013344785, "params": {"gamma": 884.4449710818529, "log10_alpha": -1.7017143666979857, "log10_colsample_bytree": -0.2951107786722508, "log10_eta": -2.8332092672790643, "log10_lambda": -3.7719011439114936, "log10_min_child_weight": 4.228426361230301, "log10_subsample": -0.3671965142361807, "max_depth": 9.0, "num_boost_round": 13.0}, "datetime": {"datetime": "2024-01-19 00:18:55", "elapsed": 439.496928, "delta": 0.000907}}
{"target": -13.758537142391921, "params": {"gamma": 884.4449710818529, "log10_alpha": -1.7017143666979857, "log10_colsample_bytree": -0.2951107786722508, "log10_eta": -2.8332092672790643, "log10_lambda": -3.7719011439114936, "log10_min_child_weight": 4.228426361230301, "log10_subsample": -0.3671965142361807, "max_depth": 9.0, "num_boost_round": 14.0}, "datetime": {"datetime": "2024-01-19 00:18:55", "elapsed": 439.497827, "delta": 0.000899}}
{"target": -13.758515861101593, "params": {"gamma": 884.4449710818529, "log10_alpha": -1.7017143666979857, "log10_colsample_bytree": -0.2951107786722508, "log10_eta": -2.8332092672790643, "log10_lambda": -3.7719011439114936, "log10_min_child_weight": 4.228426361230301, "log10_subsample": -0.3671965142361807, "max_depth": 9.0, "num_boost_round": 15.0}, "datetime": {"datetime": "2024-01-19 00:18:55", "elapsed": 439.498739, "delta": 0.000912}}
{"target": -13.758497956067254, "params": {"gamma": 884.4449710818529, "log10_alpha": -1.7017143666979857, "log10_colsample_bytree": -0.2951107786722508, "log10_eta": -2.8332092672790643, "log10_lambda": -3.7719011439114936, "log10_min_child_weight": 4.228426361230301, "log10_subsample": -0.3671965142361807, "max_depth": 9.0, "num_boost_round": 16.0}, "datetime": {"datetime": "2024-01-19 00:18:55", "elapsed": 439.499644, "delta": 0.000905}}
{"target": -13.758493721787774, "params": {"gamma": 884.4449710818529, "log10_alpha": -1.7017143666979857, "log10_colsample_bytree": -0.2951107786722508, "log10_eta": -2.8332092672790643, "log10_lambda": -3.7719011439114936, "log10_min_child_weight": 4.228426361230301, "log10_subsample": -0.3671965142361807, "max_depth": 9.0, "num_boost_round": 17.0}, "datetime": {"datetime": "2024-01-19 00:18:55", "elapsed": 439.50059, "delta": 0.000946}}
{"target": -13.758967136936448, "params": {"gamma": 894.9176168254285, "log10_alpha": -4.002197993216935, "log10_colsample_bytree": -0.021579160272905407, "log10_eta": -0.701743281679279, "log10_lambda": -1.4974829586612763, "log10_min_child_weight": 3.5861463463226464, "log10_subsample": -0.8960763790112346, "max_depth": 3.0, "num_boost_round": 0.0}, "datetime": {"datetime": "2024-01-19 00:19:27", "elapsed": 471.716624, "delta": 32.216034}}
{"target": -13.761144713305088, "params": {"gamma": 894.9176168254285, "log10_alpha": -4.002197993216935, "log10_colsample_bytree": -0.021579160272905407, "log10_eta": -0.701743281679279, "log10_lambda": -1.4974829586612763, "log10_min_child_weight": 3.5861463463226464, "log10_subsample": -0.8960763790112346, "max_depth": 3.0, "num_boost_round": 1.0}, "datetime": {"datetime": "2024-01-19 00:19:27", "elapsed": 471.718113, "delta": 0.001489}}
{"target": -13.763624009024056, "params": {"gamma": 894.9176168254285, "log10_alpha": -4.002197993216935, "log10_colsample_bytree": -0.021579160272905407, "log10_eta": -0.701743281679279, "log10_lambda": -1.4974829586612763, "log10_min_child_weight": 3.5861463463226464, "log10_subsample": -0.8960763790112346, "max_depth": 3.0, "num_boost_round": 2.0}, "datetime": {"datetime": "2024-01-19 00:19:27", "elapsed": 471.719114, "delta": 0.001001}}
{"target": -13.766749704376757, "params": {"gamma": 894.9176168254285, "log10_alpha": -4.002197993216935, "log10_colsample_bytree": -0.021579160272905407, "log10_eta": -0.701743281679279, "log10_lambda": -1.4974829586612763, "log10_min_child_weight": 3.5861463463226464, "log10_subsample": -0.8960763790112346, "max_depth": 3.0, "num_boost_round": 3.0}, "datetime": {"datetime": "2024-01-19 00:19:27", "elapsed": 471.720189, "delta": 0.001075}}
{"target": -13.76902154517137, "params": {"gamma": 894.9176168254285, "log10_alpha": -4.002197993216935, "log10_colsample_bytree": -0.021579160272905407, "log10_eta": -0.701743281679279, "log10_lambda": -1.4974829586612763, "log10_min_child_weight": 3.5861463463226464, "log10_subsample": -0.8960763790112346, "max_depth": 3.0, "num_boost_round": 4.0}, "datetime": {"datetime": "2024-01-19 00:19:27", "elapsed": 471.721126, "delta": 0.000937}}
{"target": -13.77228781994206, "params": {"gamma": 894.9176168254285, "log10_alpha": -4.002197993216935, "log10_colsample_bytree": -0.021579160272905407, "log10_eta": -0.701743281679279, "log10_lambda": -1.4974829586612763, "log10_min_child_weight": 3.5861463463226464, "log10_subsample": -0.8960763790112346, "max_depth": 3.0, "num_boost_round": 5.0}, "datetime": {"datetime": "2024-01-19 00:19:27", "elapsed": 471.722058, "delta": 0.000932}}
{"target": -13.773861820371904, "params": {"gamma": 894.9176168254285, "log10_alpha": -4.002197993216935, "log10_colsample_bytree": -0.021579160272905407, "log10_eta": -0.701743281679279, "log10_lambda": -1.4974829586612763, "log10_min_child_weight": 3.5861463463226464, "log10_subsample": -0.8960763790112346, "max_depth": 3.0, "num_boost_round": 6.0}, "datetime": {"datetime": "2024-01-19 00:19:27", "elapsed": 471.723, "delta": 0.000942}}
{"target": -13.778634182792018, "params": {"gamma": 894.9176168254285, "log10_alpha": -4.002197993216935, "log10_colsample_bytree": -0.021579160272905407, "log10_eta": -0.701743281679279, "log10_lambda": -1.4974829586612763, "log10_min_child_weight": 3.5861463463226464, "log10_subsample": -0.8960763790112346, "max_depth": 3.0, "num_boost_round": 7.0}, "datetime": {"datetime": "2024-01-19 00:19:27", "elapsed": 471.723941, "delta": 0.000941}}
{"target": -13.77819412178262, "params": {"gamma": 894.9176168254285, "log10_alpha": -4.002197993216935, "log10_colsample_bytree": -0.021579160272905407, "log10_eta": -0.701743281679279, "log10_lambda": -1.4974829586612763, "log10_min_child_weight": 3.5861463463226464, "log10_subsample": -0.8960763790112346, "max_depth": 3.0, "num_boost_round": 8.0}, "datetime": {"datetime": "2024-01-19 00:19:27", "elapsed": 471.72526, "delta": 0.001319}}
{"target": -13.777992307269718, "params": {"gamma": 894.9176168254285, "log10_alpha": -4.002197993216935, "log10_colsample_bytree": -0.021579160272905407, "log10_eta": -0.701743281679279, "log10_lambda": -1.4974829586612763, "log10_min_child_weight": 3.5861463463226464, "log10_subsample": -0.8960763790112346, "max_depth": 3.0, "num_boost_round": 9.0}, "datetime": {"datetime": "2024-01-19 00:19:27", "elapsed": 471.726215, "delta": 0.000955}}
{"target": -13.780299173439143, "params": {"gamma": 894.9176168254285, "log10_alpha": -4.002197993216935, "log10_colsample_bytree": -0.021579160272905407, "log10_eta": -0.701743281679279, "log10_lambda": -1.4974829586612763, "log10_min_child_weight": 3.5861463463226464, "log10_subsample": -0.8960763790112346, "max_depth": 3.0, "num_boost_round": 10.0}, "datetime": {"datetime": "2024-01-19 00:19:27", "elapsed": 471.727157, "delta": 0.000942}}
{"target": -13.781159667108064, "params": {"gamma": 894.9176168254285, "log10_alpha": -4.002197993216935, "log10_colsample_bytree": -0.021579160272905407, "log10_eta": -0.701743281679279, "log10_lambda": -1.4974829586612763, "log10_min_child_weight": 3.5861463463226464, "log10_subsample": -0.8960763790112346, "max_depth": 3.0, "num_boost_round": 11.0}, "datetime": {"datetime": "2024-01-19 00:19:27", "elapsed": 471.728101, "delta": 0.000944}}
{"target": -13.781661156977469, "params": {"gamma": 894.9176168254285, "log10_alpha": -4.002197993216935, "log10_colsample_bytree": -0.021579160272905407, "log10_eta": -0.701743281679279, "log10_lambda": -1.4974829586612763, "log10_min_child_weight": 3.5861463463226464, "log10_subsample": -0.8960763790112346, "max_depth": 3.0, "num_boost_round": 12.0}, "datetime": {"datetime": "2024-01-19 00:19:27", "elapsed": 471.72904, "delta": 0.000939}}
{"target": -13.78329283853185, "params": {"gamma": 894.9176168254285, "log10_alpha": -4.002197993216935, "log10_colsample_bytree": -0.021579160272905407, "log10_eta": -0.701743281679279, "log10_lambda": -1.4974829586612763, "log10_min_child_weight": 3.5861463463226464, "log10_subsample": -0.8960763790112346, "max_depth": 3.0, "num_boost_round": 13.0}, "datetime": {"datetime": "2024-01-19 00:19:27", "elapsed": 471.730057, "delta": 0.001017}}
{"target": -13.78290701386767, "params": {"gamma": 894.9176168254285, "log10_alpha": -4.002197993216935, "log10_colsample_bytree": -0.021579160272905407, "log10_eta": -0.701743281679279, "log10_lambda": -1.4974829586612763, "log10_min_child_weight": 3.5861463463226464, "log10_subsample": -0.8960763790112346, "max_depth": 3.0, "num_boost_round": 14.0}, "datetime": {"datetime": "2024-01-19 00:19:27", "elapsed": 471.731014, "delta": 0.000957}}
{"target": -13.783855986052545, "params": {"gamma": 894.9176168254285, "log10_alpha": -4.002197993216935, "log10_colsample_bytree": -0.021579160272905407, "log10_eta": -0.701743281679279, "log10_lambda": -1.4974829586612763, "log10_min_child_weight": 3.5861463463226464, "log10_subsample": -0.8960763790112346, "max_depth": 3.0, "num_boost_round": 15.0}, "datetime": {"datetime": "2024-01-19 00:19:27", "elapsed": 471.731966, "delta": 0.000952}}
{"target": -13.784559201345012, "params": {"gamma": 894.9176168254285, "log10_alpha": -4.002197993216935, "log10_colsample_bytree": -0.021579160272905407, "log10_eta": -0.701743281679279, "log10_lambda": -1.4974829586612763, "log10_min_child_weight": 3.5861463463226464, "log10_subsample": -0.8960763790112346, "max_depth": 3.0, "num_boost_round": 16.0}, "datetime": {"datetime": "2024-01-19 00:19:27", "elapsed": 471.73311, "delta": 0.001144}}
{"target": -13.78455072015171, "params": {"gamma": 894.9176168254285, "log10_alpha": -4.002197993216935, "log10_colsample_bytree": -0.021579160272905407, "log10_eta": -0.701743281679279, "log10_lambda": -1.4974829586612763, "log10_min_child_weight": 3.5861463463226464, "log10_subsample": -0.8960763790112346, "max_depth": 3.0, "num_boost_round": 17.0}, "datetime": {"datetime": "2024-01-19 00:19:27", "elapsed": 471.734225, "delta": 0.001115}}
{"target": -13.783608911833717, "params": {"gamma": 894.9176168254285, "log10_alpha": -4.002197993216935, "log10_colsample_bytree": -0.021579160272905407, "log10_eta": -0.701743281679279, "log10_lambda": -1.4974829586612763, "log10_min_child_weight": 3.5861463463226464, "log10_subsample": -0.8960763790112346, "max_depth": 3.0, "num_boost_round": 18.0}, "datetime": {"datetime": "2024-01-19 00:19:27", "elapsed": 471.735359, "delta": 0.001134}}
{"target": -13.784618059056351, "params": {"gamma": 894.9176168254285, "log10_alpha": -4.002197993216935, "log10_colsample_bytree": -0.021579160272905407, "log10_eta": -0.701743281679279, "log10_lambda": -1.4974829586612763, "log10_min_child_weight": 3.5861463463226464, "log10_subsample": -0.8960763790112346, "max_depth": 3.0, "num_boost_round": 19.0}, "datetime": {"datetime": "2024-01-19 00:19:27", "elapsed": 471.736324, "delta": 0.000965}}
{"target": -13.785588028646389, "params": {"gamma": 894.9176168254285, "log10_alpha": -4.002197993216935, "log10_colsample_bytree": -0.021579160272905407, "log10_eta": -0.701743281679279, "log10_lambda": -1.4974829586612763, "log10_min_child_weight": 3.5861463463226464, "log10_subsample": -0.8960763790112346, "max_depth": 3.0, "num_boost_round": 20.0}, "datetime": {"datetime": "2024-01-19 00:19:27", "elapsed": 471.737288, "delta": 0.000964}}
{"target": -13.786939291977937, "params": {"gamma": 894.9176168254285, "log10_alpha": -4.002197993216935, "log10_colsample_bytree": -0.021579160272905407, "log10_eta": -0.701743281679279, "log10_lambda": -1.4974829586612763, "log10_min_child_weight": 3.5861463463226464, "log10_subsample": -0.8960763790112346, "max_depth": 3.0, "num_boost_round": 21.0}, "datetime": {"datetime": "2024-01-19 00:19:27", "elapsed": 471.73826, "delta": 0.000972}}
{"target": -13.790054026092799, "params": {"gamma": 894.9176168254285, "log10_alpha": -4.002197993216935, "log10_colsample_bytree": -0.021579160272905407, "log10_eta": -0.701743281679279, "log10_lambda": -1.4974829586612763, "log10_min_child_weight": 3.5861463463226464, "log10_subsample": -0.8960763790112346, "max_depth": 3.0, "num_boost_round": 22.0}, "datetime": {"datetime": "2024-01-19 00:19:27", "elapsed": 471.739216, "delta": 0.000956}}
