{"target": -13.759879966953202, "params": {"gamma": 484.17240785676285, "log10_alpha": -0.18486742339910656, "log10_colsample_bytree": -0.19496375155077572, "log10_eta": -1.407264469796183, "log10_lambda": -0.6517892091979807, "log10_min_child_weight": 4.790242237678154, "log10_subsample": -0.05268733478039633, "max_depth": 7.0, "num_boost_round": 3.0}, "datetime": {"datetime": "2024-01-19 00:51:41", "elapsed": 2405.138683, "delta": 0.003485}}
{"target": -13.760214742160064, "params": {"gamma": 484.17240785676285, "log10_alpha": -0.18486742339910656, "log10_colsample_bytree": -0.19496375155077572, "log10_eta": -1.407264469796183, "log10_lambda": -0.6517892091979807, "log10_min_child_weight": 4.790242237678154, "log10_subsample": -0.05268733478039633, "max_depth": 7.0, "num_boost_round": 4.0}, "datetime": {"datetime": "2024-01-19 00:51:41", "elapsed": 2405.142129, "delta": 0.003446}}
{"target": -13.760368519401428, "params": {"gamma": 484.17240785676285, "log10_alpha": -0.18486742339910656, "log10_colsample_bytree": -0.19496375155077572, "log10_eta": -1.407264469796183, "log10_lambda": -0.6517892091979807, "log10_min_child_weight": 4.790242237678154, "log10_subsample": -0.05268733478039633, "max_depth": 7.0, "num_boost_round": 5.0}, "datetime": {"datetime": "2024-01-19 00:51:41", "elapsed": 2405.14563, "delta": 0.003501}}
{"target": -13.760652146921487, "params": {"gamma": 484.17240785676285, "log10_alpha": -0.18486742339910656, "log10_colsample_bytree": -0.19496375155077572, "log10_eta": -1.407264469796183, "log10_lambda": -0.6517892091979807, "log10_min_child_weight": 4.790242237678154, "log10_subsample": -0.05268733478039633, "max_depth": 7.0, "num_boost_round": 6.0}, "datetime": {"datetime": "2024-01-19 00:51:41", "elapsed": 2405.149104, "delta": 0.003474}}
{"target": -13.761217188790479, "params": {"gamma": 484.17240785676285, "log10_alpha": -0.18486742339910656, "log10_colsample_bytree": -0.19496375155077572, "log10_eta": -1.407264469796183, "log10_lambda": -0.6517892091979807, "log10_min_child_weight": 4.790242237678154, "log10_subsample": -0.05268733478039633, "max_depth": 7.0, "num_boost_round": 7.0}, "datetime": {"datetime": "2024-01-19 00:51:41", "elapsed": 2405.152646, "delta": 0.003542}}
{"target": -13.761307274877199, "params": {"gamma": 484.17240785676285, "log10_alpha": -0.18486742339910656, "log10_colsample_bytree": -0.19496375155077572, "log10_eta": -1.407264469796183, "log10_lambda": -0.6517892091979807, "log10_min_child_weight": 4.790242237678154, "log10_subsample": -0.05268733478039633, "max_depth": 7.0, "num_boost_round": 8.0}, "datetime": {"datetime": "2024-01-19 00:51:41", "elapsed": 2405.156281, "delta": 0.003635}}
{"target": -13.76131256059244, "params": {"gamma": 484.17240785676285, "log10_alpha": -0.18486742339910656, "log10_colsample_bytree": -0.19496375155077572, "log10_eta": -1.407264469796183, "log10_lambda": -0.6517892091979807, "log10_min_child_weight": 4.790242237678154, "log10_subsample": -0.05268733478039633, "max_depth": 7.0, "num_boost_round": 9.0}, "datetime": {"datetime": "2024-01-19 00:51:41", "elapsed": 2405.159762, "delta": 0.003481}}
{"target": -13.761805350461781, "params": {"gamma": 484.17240785676285, "log10_alpha": -0.18486742339910656, "log10_colsample_bytree": -0.19496375155077572, "log10_eta": -1.407264469796183, "log10_lambda": -0.6517892091979807, "log10_min_child_weight": 4.790242237678154, "log10_subsample": -0.05268733478039633, "max_depth": 7.0, "num_boost_round": 10.0}, "datetime": {"datetime": "2024-01-19 00:51:41", "elapsed": 2405.163406, "delta": 0.003644}}
{"target": -13.76188007470073, "params": {"gamma": 484.17240785676285, "log10_alpha": -0.18486742339910656, "log10_colsample_bytree": -0.19496375155077572, "log10_eta": -1.407264469796183, "log10_lambda": -0.6517892091979807, "log10_min_child_weight": 4.790242237678154, "log10_subsample": -0.05268733478039633, "max_depth": 7.0, "num_boost_round": 11.0}, "datetime": {"datetime": "2024-01-19 00:51:41", "elapsed": 2405.16689, "delta": 0.003484}}
{"target": -13.762099244784483, "params": {"gamma": 484.17240785676285, "log10_alpha": -0.18486742339910656, "log10_colsample_bytree": -0.19496375155077572, "log10_eta": -1.407264469796183, "log10_lambda": -0.6517892091979807, "log10_min_child_weight": 4.790242237678154, "log10_subsample": -0.05268733478039633, "max_depth": 7.0, "num_boost_round": 12.0}, "datetime": {"datetime": "2024-01-19 00:51:41", "elapsed": 2405.170513, "delta": 0.003623}}
{"target": -13.762727483792387, "params": {"gamma": 484.17240785676285, "log10_alpha": -0.18486742339910656, "log10_colsample_bytree": -0.19496375155077572, "log10_eta": -1.407264469796183, "log10_lambda": -0.6517892091979807, "log10_min_child_weight": 4.790242237678154, "log10_subsample": -0.05268733478039633, "max_depth": 7.0, "num_boost_round": 13.0}, "datetime": {"datetime": "2024-01-19 00:51:41", "elapsed": 2405.174006, "delta": 0.003493}}
{"target": -13.763352212678903, "params": {"gamma": 484.17240785676285, "log10_alpha": -0.18486742339910656, "log10_colsample_bytree": -0.19496375155077572, "log10_eta": -1.407264469796183, "log10_lambda": -0.6517892091979807, "log10_min_child_weight": 4.790242237678154, "log10_subsample": -0.05268733478039633, "max_depth": 7.0, "num_boost_round": 14.0}, "datetime": {"datetime": "2024-01-19 00:51:41", "elapsed": 2405.177699, "delta": 0.003693}}
{"target": -13.763920948209657, "params": {"gamma": 484.17240785676285, "log10_alpha": -0.18486742339910656, "log10_colsample_bytree": -0.19496375155077572, "log10_eta": -1.407264469796183, "log10_lambda": -0.6517892091979807, "log10_min_child_weight": 4.790242237678154, "log10_subsample": -0.05268733478039633, "max_depth": 7.0, "num_boost_round": 15.0}, "datetime": {"datetime": "2024-01-19 00:51:41", "elapsed": 2405.181309, "delta": 0.00361}}
{"target": -13.76413550297945, "params": {"gamma": 484.17240785676285, "log10_alpha": -0.18486742339910656, "log10_colsample_bytree": -0.19496375155077572, "log10_eta": -1.407264469796183, "log10_lambda": -0.6517892091979807, "log10_min_child_weight": 4.790242237678154, "log10_subsample": -0.05268733478039633, "max_depth": 7.0, "num_boost_round": 16.0}, "datetime": {"datetime": "2024-01-19 00:51:41", "elapsed": 2405.184978, "delta": 0.003669}}
{"target": -13.764524974264912, "params": {"gamma": 484.17240785676285, "log10_alpha": -0.18486742339910656, "log10_colsample_bytree": -0.19496375155077572, "log10_eta": -1.407264469796183, "log10_lambda": -0.6517892091979807, "log10_min_child_weight": 4.790242237678154, "log10_subsample": -0.05268733478039633, "max_depth": 7.0, "num_boost_round": 17.0}, "datetime": {"datetime": "2024-01-19 00:51:41", "elapsed": 2405.188487, "delta": 0.003509}}
{"target": -13.765252822800242, "params": {"gamma": 484.17240785676285, "log10_alpha": -0.18486742339910656, "log10_colsample_bytree": -0.19496375155077572, "log10_eta": -1.407264469796183, "log10_lambda": -0.6517892091979807, "log10_min_child_weight": 4.790242237678154, "log10_subsample": -0.05268733478039633, "max_depth": 7.0, "num_boost_round": 18.0}, "datetime": {"datetime": "2024-01-19 00:51:41", "elapsed": 2405.192071, "delta": 0.003584}}
{"target": -13.765549389954536, "params": {"gamma": 484.17240785676285, "log10_alpha": -0.18486742339910656, "log10_colsample_bytree": -0.19496375155077572, "log10_eta": -1.407264469796183, "log10_lambda": -0.6517892091979807, "log10_min_child_weight": 4.790242237678154, "log10_subsample": -0.05268733478039633, "max_depth": 7.0, "num_boost_round": 19.0}, "datetime": {"datetime": "2024-01-19 00:51:41", "elapsed": 2405.195688, "delta": 0.003617}}
{"target": -13.766085172895004, "params": {"gamma": 484.17240785676285, "log10_alpha": -0.18486742339910656, "log10_colsample_bytree": -0.19496375155077572, "log10_eta": -1.407264469796183, "log10_lambda": -0.6517892091979807, "log10_min_child_weight": 4.790242237678154, "log10_subsample": -0.05268733478039633, "max_depth": 7.0, "num_boost_round": 20.0}, "datetime": {"datetime": "2024-01-19 00:51:41", "elapsed": 2405.199211, "delta": 0.003523}}
{"target": -13.766156882657295, "params": {"gamma": 484.17240785676285, "log10_alpha": -0.18486742339910656, "log10_colsample_bytree": -0.19496375155077572, "log10_eta": -1.407264469796183, "log10_lambda": -0.6517892091979807, "log10_min_child_weight": 4.790242237678154, "log10_subsample": -0.05268733478039633, "max_depth": 7.0, "num_boost_round": 21.0}, "datetime": {"datetime": "2024-01-19 00:51:41", "elapsed": 2405.2027, "delta": 0.003489}}
{"target": -13.76661986615315, "params": {"gamma": 484.17240785676285, "log10_alpha": -0.18486742339910656, "log10_colsample_bytree": -0.19496375155077572, "log10_eta": -1.407264469796183, "log10_lambda": -0.6517892091979807, "log10_min_child_weight": 4.790242237678154, "log10_subsample": -0.05268733478039633, "max_depth": 7.0, "num_boost_round": 22.0}, "datetime": {"datetime": "2024-01-19 00:51:41", "elapsed": 2405.206221, "delta": 0.003521}}
{"target": -13.766898797078365, "params": {"gamma": 484.17240785676285, "log10_alpha": -0.18486742339910656, "log10_colsample_bytree": -0.19496375155077572, "log10_eta": -1.407264469796183, "log10_lambda": -0.6517892091979807, "log10_min_child_weight": 4.790242237678154, "log10_subsample": -0.05268733478039633, "max_depth": 7.0, "num_boost_round": 23.0}, "datetime": {"datetime": "2024-01-19 00:51:41", "elapsed": 2405.209707, "delta": 0.003486}}
{"target": -13.767217323917109, "params": {"gamma": 484.17240785676285, "log10_alpha": -0.18486742339910656, "log10_colsample_bytree": -0.19496375155077572, "log10_eta": -1.407264469796183, "log10_lambda": -0.6517892091979807, "log10_min_child_weight": 4.790242237678154, "log10_subsample": -0.05268733478039633, "max_depth": 7.0, "num_boost_round": 24.0}, "datetime": {"datetime": "2024-01-19 00:51:41", "elapsed": 2405.213614, "delta": 0.003907}}
{"target": -13.767531792301783, "params": {"gamma": 484.17240785676285, "log10_alpha": -0.18486742339910656, "log10_colsample_bytree": -0.19496375155077572, "log10_eta": -1.407264469796183, "log10_lambda": -0.6517892091979807, "log10_min_child_weight": 4.790242237678154, "log10_subsample": -0.05268733478039633, "max_depth": 7.0, "num_boost_round": 25.0}, "datetime": {"datetime": "2024-01-19 00:51:41", "elapsed": 2405.217228, "delta": 0.003614}}
{"target": -13.767747132168402, "params": {"gamma": 484.17240785676285, "log10_alpha": -0.18486742339910656, "log10_colsample_bytree": -0.19496375155077572, "log10_eta": -1.407264469796183, "log10_lambda": -0.6517892091979807, "log10_min_child_weight": 4.790242237678154, "log10_subsample": -0.05268733478039633, "max_depth": 7.0, "num_boost_round": 26.0}, "datetime": {"datetime": "2024-01-19 00:51:41", "elapsed": 2405.220754, "delta": 0.003526}}
{"target": -13.767952524939158, "params": {"gamma": 484.17240785676285, "log10_alpha": -0.18486742339910656, "log10_colsample_bytree": -0.19496375155077572, "log10_eta": -1.407264469796183, "log10_lambda": -0.6517892091979807, "log10_min_child_weight": 4.790242237678154, "log10_subsample": -0.05268733478039633, "max_depth": 7.0, "num_boost_round": 27.0}, "datetime": {"datetime": "2024-01-19 00:51:41", "elapsed": 2405.224331, "delta": 0.003577}}
{"target": -13.768188660444395, "params": {"gamma": 484.17240785676285, "log10_alpha": -0.18486742339910656, "log10_colsample_bytree": -0.19496375155077572, "log10_eta": -1.407264469796183, "log10_lambda": -0.6517892091979807, "log10_min_child_weight": 4.790242237678154, "log10_subsample": -0.05268733478039633, "max_depth": 7.0, "num_boost_round": 28.0}, "datetime": {"datetime": "2024-01-19 00:51:41", "elapsed": 2405.227865, "delta": 0.003534}}
{"target": -13.76895253025015, "params": {"gamma": 484.17240785676285, "log10_alpha": -0.18486742339910656, "log10_colsample_bytree": -0.19496375155077572, "log10_eta": -1.407264469796183, "log10_lambda": -0.6517892091979807, "log10_min_child_weight": 4.790242237678154, "log10_subsample": -0.05268733478039633, "max_depth": 7.0, "num_boost_round": 29.0}, "datetime": {"datetime": "2024-01-19 00:51:41", "elapsed": 2405.231368, "delta": 0.003503}}
{"target": -13.769561098479835, "params": {"gamma": 484.17240785676285, "log10_alpha": -0.18486742339910656, "log10_colsample_bytree": -0.19496375155077572, "log10_eta": -1.407264469796183, "log10_lambda": -0.6517892091979807, "log10_min_child_weight": 4.790242237678154, "log10_subsample": -0.05268733478039633, "max_depth": 7.0, "num_boost_round": 30.0}, "datetime": {"datetime": "2024-01-19 00:51:41", "elapsed": 2405.234924, "delta": 0.003556}}
{"target": -13.769915170985824, "params": {"gamma": 484.17240785676285, "log10_alpha": -0.18486742339910656, "log10_colsample_bytree": -0.19496375155077572, "log10_eta": -1.407264469796183, "log10_lambda": -0.6517892091979807, "log10_min_child_weight": 4.790242237678154, "log10_subsample": -0.05268733478039633, "max_depth": 7.0, "num_boost_round": 31.0}, "datetime": {"datetime": "2024-01-19 00:51:41", "elapsed": 2405.238475, "delta": 0.003551}}
{"target": -13.770419062648836, "params": {"gamma": 484.17240785676285, "log10_alpha": -0.18486742339910656, "log10_colsample_bytree": -0.19496375155077572, "log10_eta": -1.407264469796183, "log10_lambda": -0.6517892091979807, "log10_min_child_weight": 4.790242237678154, "log10_subsample": -0.05268733478039633, "max_depth": 7.0, "num_boost_round": 32.0}, "datetime": {"datetime": "2024-01-19 00:51:41", "elapsed": 2405.241959, "delta": 0.003484}}
{"target": -13.770868656423398, "params": {"gamma": 484.17240785676285, "log10_alpha": -0.18486742339910656, "log10_colsample_bytree": -0.19496375155077572, "log10_eta": -1.407264469796183, "log10_lambda": -0.6517892091979807, "log10_min_child_weight": 4.790242237678154, "log10_subsample": -0.05268733478039633, "max_depth": 7.0, "num_boost_round": 33.0}, "datetime": {"datetime": "2024-01-19 00:51:41", "elapsed": 2405.245508, "delta": 0.003549}}
{"target": -13.77118749766439, "params": {"gamma": 484.17240785676285, "log10_alpha": -0.18486742339910656, "log10_colsample_bytree": -0.19496375155077572, "log10_eta": -1.407264469796183, "log10_lambda": -0.6517892091979807, "log10_min_child_weight": 4.790242237678154, "log10_subsample": -0.05268733478039633, "max_depth": 7.0, "num_boost_round": 34.0}, "datetime": {"datetime": "2024-01-19 00:51:41", "elapsed": 2405.249038, "delta": 0.00353}}
{"target": -13.771373253904784, "params": {"gamma": 484.17240785676285, "log10_alpha": -0.18486742339910656, "log10_colsample_bytree": -0.19496375155077572, "log10_eta": -1.407264469796183, "log10_lambda": -0.6517892091979807, "log10_min_child_weight": 4.790242237678154, "log10_subsample": -0.05268733478039633, "max_depth": 7.0, "num_boost_round": 35.0}, "datetime": {"datetime": "2024-01-19 00:51:41", "elapsed": 2405.252555, "delta": 0.003517}}
{"target": -13.771823971586594, "params": {"gamma": 484.17240785676285, "log10_alpha": -0.18486742339910656, "log10_colsample_bytree": -0.19496375155077572, "log10_eta": -1.407264469796183, "log10_lambda": -0.6517892091979807, "log10_min_child_weight": 4.790242237678154, "log10_subsample": -0.05268733478039633, "max_depth": 7.0, "num_boost_round": 36.0}, "datetime": {"datetime": "2024-01-19 00:51:41", "elapsed": 2405.256166, "delta": 0.003611}}
{"target": -13.77250949480548, "params": {"gamma": 484.17240785676285, "log10_alpha": -0.18486742339910656, "log10_colsample_bytree": -0.19496375155077572, "log10_eta": -1.407264469796183, "log10_lambda": -0.6517892091979807, "log10_min_child_weight": 4.790242237678154, "log10_subsample": -0.05268733478039633, "max_depth": 7.0, "num_boost_round": 37.0}, "datetime": {"datetime": "2024-01-19 00:51:41", "elapsed": 2405.259711, "delta": 0.003545}}
{"target": -13.772849847549201, "params": {"gamma": 484.17240785676285, "log10_alpha": -0.18486742339910656, "log10_colsample_bytree": -0.19496375155077572, "log10_eta": -1.407264469796183, "log10_lambda": -0.6517892091979807, "log10_min_child_weight": 4.790242237678154, "log10_subsample": -0.05268733478039633, "max_depth": 7.0, "num_boost_round": 38.0}, "datetime": {"datetime": "2024-01-19 00:51:41", "elapsed": 2405.263278, "delta": 0.003567}}
{"target": -13.772955883386162, "params": {"gamma": 484.17240785676285, "log10_alpha": -0.18486742339910656, "log10_colsample_bytree": -0.19496375155077572, "log10_eta": -1.407264469796183, "log10_lambda": -0.6517892091979807, "log10_min_child_weight": 4.790242237678154, "log10_subsample": -0.05268733478039633, "max_depth": 7.0, "num_boost_round": 39.0}, "datetime": {"datetime": "2024-01-19 00:51:41", "elapsed": 2405.266824, "delta": 0.003546}}
{"target": -13.773461219113836, "params": {"gamma": 484.17240785676285, "log10_alpha": -0.18486742339910656, "log10_colsample_bytree": -0.19496375155077572, "log10_eta": -1.407264469796183, "log10_lambda": -0.6517892091979807, "log10_min_child_weight": 4.790242237678154, "log10_subsample": -0.05268733478039633, "max_depth": 7.0, "num_boost_round": 40.0}, "datetime": {"datetime": "2024-01-19 00:51:41", "elapsed": 2405.27035, "delta": 0.003526}}
{"target": -13.773429181416363, "params": {"gamma": 484.17240785676285, "log10_alpha": -0.18486742339910656, "log10_colsample_bytree": -0.19496375155077572, "log10_eta": -1.407264469796183, "log10_lambda": -0.6517892091979807, "log10_min_child_weight": 4.790242237678154, "log10_subsample": -0.05268733478039633, "max_depth": 7.0, "num_boost_round": 41.0}, "datetime": {"datetime": "2024-01-19 00:51:41", "elapsed": 2405.273982, "delta": 0.003632}}
{"target": -13.774061065482286, "params": {"gamma": 484.17240785676285, "log10_alpha": -0.18486742339910656, "log10_colsample_bytree": -0.19496375155077572, "log10_eta": -1.407264469796183, "log10_lambda": -0.6517892091979807, "log10_min_child_weight": 4.790242237678154, "log10_subsample": -0.05268733478039633, "max_depth": 7.0, "num_boost_round": 42.0}, "datetime": {"datetime": "2024-01-19 00:51:41", "elapsed": 2405.277534, "delta": 0.003552}}
{"target": -13.774639960466544, "params": {"gamma": 484.17240785676285, "log10_alpha": -0.18486742339910656, "log10_colsample_bytree": -0.19496375155077572, "log10_eta": -1.407264469796183, "log10_lambda": -0.6517892091979807, "log10_min_child_weight": 4.790242237678154, "log10_subsample": -0.05268733478039633, "max_depth": 7.0, "num_boost_round": 43.0}, "datetime": {"datetime": "2024-01-19 00:51:41", "elapsed": 2405.281077, "delta": 0.003543}}
{"target": -13.77476837349501, "params": {"gamma": 484.17240785676285, "log10_alpha": -0.18486742339910656, "log10_colsample_bytree": -0.19496375155077572, "log10_eta": -1.407264469796183, "log10_lambda": -0.6517892091979807, "log10_min_child_weight": 4.790242237678154, "log10_subsample": -0.05268733478039633, "max_depth": 7.0, "num_boost_round": 44.0}, "datetime": {"datetime": "2024-01-19 00:51:41", "elapsed": 2405.284645, "delta": 0.003568}}
{"target": -13.775143689912712, "params": {"gamma": 484.17240785676285, "log10_alpha": -0.18486742339910656, "log10_colsample_bytree": -0.19496375155077572, "log10_eta": -1.407264469796183, "log10_lambda": -0.6517892091979807, "log10_min_child_weight": 4.790242237678154, "log10_subsample": -0.05268733478039633, "max_depth": 7.0, "num_boost_round": 45.0}, "datetime": {"datetime": "2024-01-19 00:51:41", "elapsed": 2405.288152, "delta": 0.003507}}
{"target": -13.775462886228276, "params": {"gamma": 484.17240785676285, "log10_alpha": -0.18486742339910656, "log10_colsample_bytree": -0.19496375155077572, "log10_eta": -1.407264469796183, "log10_lambda": -0.6517892091979807, "log10_min_child_weight": 4.790242237678154, "log10_subsample": -0.05268733478039633, "max_depth": 7.0, "num_boost_round": 46.0}, "datetime": {"datetime": "2024-01-19 00:51:41", "elapsed": 2405.291671, "delta": 0.003519}}
{"target": -13.775709085080072, "params": {"gamma": 484.17240785676285, "log10_alpha": -0.18486742339910656, "log10_colsample_bytree": -0.19496375155077572, "log10_eta": -1.407264469796183, "log10_lambda": -0.6517892091979807, "log10_min_child_weight": 4.790242237678154, "log10_subsample": -0.05268733478039633, "max_depth": 7.0, "num_boost_round": 47.0}, "datetime": {"datetime": "2024-01-19 00:51:41", "elapsed": 2405.29518, "delta": 0.003509}}
{"target": -13.775765091105315, "params": {"gamma": 484.17240785676285, "log10_alpha": -0.18486742339910656, "log10_colsample_bytree": -0.19496375155077572, "log10_eta": -1.407264469796183, "log10_lambda": -0.6517892091979807, "log10_min_child_weight": 4.790242237678154, "log10_subsample": -0.05268733478039633, "max_depth": 7.0, "num_boost_round": 48.0}, "datetime": {"datetime": "2024-01-19 00:51:41", "elapsed": 2405.298768, "delta": 0.003588}}
{"target": -13.77641427376751, "params": {"gamma": 484.17240785676285, "log10_alpha": -0.18486742339910656, "log10_colsample_bytree": -0.19496375155077572, "log10_eta": -1.407264469796183, "log10_lambda": -0.6517892091979807, "log10_min_child_weight": 4.790242237678154, "log10_subsample": -0.05268733478039633, "max_depth": 7.0, "num_boost_round": 49.0}, "datetime": {"datetime": "2024-01-19 00:51:41", "elapsed": 2405.302283, "delta": 0.003515}}
{"target": -13.776745045879348, "params": {"gamma": 484.17240785676285, "log10_alpha": -0.18486742339910656, "log10_colsample_bytree": -0.19496375155077572, "log10_eta": -1.407264469796183, "log10_lambda": -0.6517892091979807, "log10_min_child_weight": 4.790242237678154, "log10_subsample": -0.05268733478039633, "max_depth": 7.0, "num_boost_round": 50.0}, "datetime": {"datetime": "2024-01-19 00:51:41", "elapsed": 2405.305811, "delta": 0.003528}}
{"target": -13.7770701206095, "params": {"gamma": 484.17240785676285, "log10_alpha": -0.18486742339910656, "log10_colsample_bytree": -0.19496375155077572, "log10_eta": -1.407264469796183, "log10_lambda": -0.6517892091979807, "log10_min_child_weight": 4.790242237678154, "log10_subsample": -0.05268733478039633, "max_depth": 7.0, "num_boost_round": 51.0}, "datetime": {"datetime": "2024-01-19 00:51:41", "elapsed": 2405.309344, "delta": 0.003533}}
