{"target": -17.677053375816712, "params": {"gamma": 70.0029024772273, "log10_alpha": -1.0522555669552096, "log10_colsample_bytree": -0.8202360561733522, "log10_eta": -2.3807750725233587, "log10_lambda": -0.5973512686520674, "log10_min_child_weight": 0.7365170440302415, "log10_subsample": -0.0934123315527764, "max_depth": 4.0, "num_boost_round": 3.0}, "datetime": {"datetime": "2024-01-19 00:27:31", "elapsed": 959.17272, "delta": 0.001313}}
{"target": -17.676825143891612, "params": {"gamma": 70.0029024772273, "log10_alpha": -1.0522555669552096, "log10_colsample_bytree": -0.8202360561733522, "log10_eta": -2.3807750725233587, "log10_lambda": -0.5973512686520674, "log10_min_child_weight": 0.7365170440302415, "log10_subsample": -0.0934123315527764, "max_depth": 4.0, "num_boost_round": 4.0}, "datetime": {"datetime": "2024-01-19 00:27:31", "elapsed": 959.174055, "delta": 0.001335}}
{"target": -17.6767421615548, "params": {"gamma": 70.0029024772273, "log10_alpha": -1.0522555669552096, "log10_colsample_bytree": -0.8202360561733522, "log10_eta": -2.3807750725233587, "log10_lambda": -0.5973512686520674, "log10_min_child_weight": 0.7365170440302415, "log10_subsample": -0.0934123315527764, "max_depth": 4.0, "num_boost_round": 5.0}, "datetime": {"datetime": "2024-01-19 00:27:31", "elapsed": 959.175565, "delta": 0.00151}}
{"target": -17.676888312928774, "params": {"gamma": 70.0029024772273, "log10_alpha": -1.0522555669552096, "log10_colsample_bytree": -0.8202360561733522, "log10_eta": -2.3807750725233587, "log10_lambda": -0.5973512686520674, "log10_min_child_weight": 0.7365170440302415, "log10_subsample": -0.0934123315527764, "max_depth": 4.0, "num_boost_round": 6.0}, "datetime": {"datetime": "2024-01-19 00:27:31", "elapsed": 959.176901, "delta": 0.001336}}
{"target": -17.676713879107847, "params": {"gamma": 70.0029024772273, "log10_alpha": -1.0522555669552096, "log10_colsample_bytree": -0.8202360561733522, "log10_eta": -2.3807750725233587, "log10_lambda": -0.5973512686520674, "log10_min_child_weight": 0.7365170440302415, "log10_subsample": -0.0934123315527764, "max_depth": 4.0, "num_boost_round": 7.0}, "datetime": {"datetime": "2024-01-19 00:27:31", "elapsed": 959.180059, "delta": 0.003158}}
{"target": -17.676671952868467, "params": {"gamma": 70.0029024772273, "log10_alpha": -1.0522555669552096, "log10_colsample_bytree": -0.8202360561733522, "log10_eta": -2.3807750725233587, "log10_lambda": -0.5973512686520674, "log10_min_child_weight": 0.7365170440302415, "log10_subsample": -0.0934123315527764, "max_depth": 4.0, "num_boost_round": 8.0}, "datetime": {"datetime": "2024-01-19 00:27:31", "elapsed": 959.18141, "delta": 0.001351}}
{"target": -17.67665010917553, "params": {"gamma": 70.0029024772273, "log10_alpha": -1.0522555669552096, "log10_colsample_bytree": -0.8202360561733522, "log10_eta": -2.3807750725233587, "log10_lambda": -0.5973512686520674, "log10_min_child_weight": 0.7365170440302415, "log10_subsample": -0.0934123315527764, "max_depth": 4.0, "num_boost_round": 9.0}, "datetime": {"datetime": "2024-01-19 00:27:31", "elapsed": 959.182751, "delta": 0.001341}}
{"target": -17.676452724856514, "params": {"gamma": 70.0029024772273, "log10_alpha": -1.0522555669552096, "log10_colsample_bytree": -0.8202360561733522, "log10_eta": -2.3807750725233587, "log10_lambda": -0.5973512686520674, "log10_min_child_weight": 0.7365170440302415, "log10_subsample": -0.0934123315527764, "max_depth": 4.0, "num_boost_round": 10.0}, "datetime": {"datetime": "2024-01-19 00:27:31", "elapsed": 959.184075, "delta": 0.001324}}
{"target": -17.67637714645327, "params": {"gamma": 70.0029024772273, "log10_alpha": -1.0522555669552096, "log10_colsample_bytree": -0.8202360561733522, "log10_eta": -2.3807750725233587, "log10_lambda": -0.5973512686520674, "log10_min_child_weight": 0.7365170440302415, "log10_subsample": -0.0934123315527764, "max_depth": 4.0, "num_boost_round": 11.0}, "datetime": {"datetime": "2024-01-19 00:27:31", "elapsed": 959.185408, "delta": 0.001333}}
{"target": -17.67614325805881, "params": {"gamma": 70.0029024772273, "log10_alpha": -1.0522555669552096, "log10_colsample_bytree": -0.8202360561733522, "log10_eta": -2.3807750725233587, "log10_lambda": -0.5973512686520674, "log10_min_child_weight": 0.7365170440302415, "log10_subsample": -0.0934123315527764, "max_depth": 4.0, "num_boost_round": 12.0}, "datetime": {"datetime": "2024-01-19 00:27:31", "elapsed": 959.186721, "delta": 0.001313}}
{"target": -17.675892376068308, "params": {"gamma": 70.0029024772273, "log10_alpha": -1.0522555669552096, "log10_colsample_bytree": -0.8202360561733522, "log10_eta": -2.3807750725233587, "log10_lambda": -0.5973512686520674, "log10_min_child_weight": 0.7365170440302415, "log10_subsample": -0.0934123315527764, "max_depth": 4.0, "num_boost_round": 13.0}, "datetime": {"datetime": "2024-01-19 00:27:31", "elapsed": 959.188068, "delta": 0.001347}}
{"target": -17.675851608134046, "params": {"gamma": 70.0029024772273, "log10_alpha": -1.0522555669552096, "log10_colsample_bytree": -0.8202360561733522, "log10_eta": -2.3807750725233587, "log10_lambda": -0.5973512686520674, "log10_min_child_weight": 0.7365170440302415, "log10_subsample": -0.0934123315527764, "max_depth": 4.0, "num_boost_round": 14.0}, "datetime": {"datetime": "2024-01-19 00:27:31", "elapsed": 959.189398, "delta": 0.00133}}
{"target": -17.6756458182193, "params": {"gamma": 70.0029024772273, "log10_alpha": -1.0522555669552096, "log10_colsample_bytree": -0.8202360561733522, "log10_eta": -2.3807750725233587, "log10_lambda": -0.5973512686520674, "log10_min_child_weight": 0.7365170440302415, "log10_subsample": -0.0934123315527764, "max_depth": 4.0, "num_boost_round": 15.0}, "datetime": {"datetime": "2024-01-19 00:27:31", "elapsed": 959.190743, "delta": 0.001345}}
{"target": -17.675555621799656, "params": {"gamma": 70.0029024772273, "log10_alpha": -1.0522555669552096, "log10_colsample_bytree": -0.8202360561733522, "log10_eta": -2.3807750725233587, "log10_lambda": -0.5973512686520674, "log10_min_child_weight": 0.7365170440302415, "log10_subsample": -0.0934123315527764, "max_depth": 4.0, "num_boost_round": 16.0}, "datetime": {"datetime": "2024-01-19 00:27:31", "elapsed": 959.192098, "delta": 0.001355}}
{"target": -17.675503669841106, "params": {"gamma": 70.0029024772273, "log10_alpha": -1.0522555669552096, "log10_colsample_bytree": -0.8202360561733522, "log10_eta": -2.3807750725233587, "log10_lambda": -0.5973512686520674, "log10_min_child_weight": 0.7365170440302415, "log10_subsample": -0.0934123315527764, "max_depth": 4.0, "num_boost_round": 17.0}, "datetime": {"datetime": "2024-01-19 00:27:31", "elapsed": 959.194337, "delta": 0.002239}}
{"target": -17.67538001240061, "params": {"gamma": 70.0029024772273, "log10_alpha": -1.0522555669552096, "log10_colsample_bytree": -0.8202360561733522, "log10_eta": -2.3807750725233587, "log10_lambda": -0.5973512686520674, "log10_min_child_weight": 0.7365170440302415, "log10_subsample": -0.0934123315527764, "max_depth": 4.0, "num_boost_round": 18.0}, "datetime": {"datetime": "2024-01-19 00:27:31", "elapsed": 959.196014, "delta": 0.001677}}
{"target": -17.675332484311898, "params": {"gamma": 70.0029024772273, "log10_alpha": -1.0522555669552096, "log10_colsample_bytree": -0.8202360561733522, "log10_eta": -2.3807750725233587, "log10_lambda": -0.5973512686520674, "log10_min_child_weight": 0.7365170440302415, "log10_subsample": -0.0934123315527764, "max_depth": 4.0, "num_boost_round": 19.0}, "datetime": {"datetime": "2024-01-19 00:27:31", "elapsed": 959.197547, "delta": 0.001533}}
{"target": -17.675213138683336, "params": {"gamma": 70.0029024772273, "log10_alpha": -1.0522555669552096, "log10_colsample_bytree": -0.8202360561733522, "log10_eta": -2.3807750725233587, "log10_lambda": -0.5973512686520674, "log10_min_child_weight": 0.7365170440302415, "log10_subsample": -0.0934123315527764, "max_depth": 4.0, "num_boost_round": 20.0}, "datetime": {"datetime": "2024-01-19 00:27:31", "elapsed": 959.198881, "delta": 0.001334}}
{"target": -17.674893561275344, "params": {"gamma": 70.0029024772273, "log10_alpha": -1.0522555669552096, "log10_colsample_bytree": -0.8202360561733522, "log10_eta": -2.3807750725233587, "log10_lambda": -0.5973512686520674, "log10_min_child_weight": 0.7365170440302415, "log10_subsample": -0.0934123315527764, "max_depth": 4.0, "num_boost_round": 21.0}, "datetime": {"datetime": "2024-01-19 00:27:31", "elapsed": 959.200229, "delta": 0.001348}}
{"target": -17.67480101174761, "params": {"gamma": 70.0029024772273, "log10_alpha": -1.0522555669552096, "log10_colsample_bytree": -0.8202360561733522, "log10_eta": -2.3807750725233587, "log10_lambda": -0.5973512686520674, "log10_min_child_weight": 0.7365170440302415, "log10_subsample": -0.0934123315527764, "max_depth": 4.0, "num_boost_round": 22.0}, "datetime": {"datetime": "2024-01-19 00:27:31", "elapsed": 959.20158, "delta": 0.001351}}
{"target": -17.674616882045246, "params": {"gamma": 70.0029024772273, "log10_alpha": -1.0522555669552096, "log10_colsample_bytree": -0.8202360561733522, "log10_eta": -2.3807750725233587, "log10_lambda": -0.5973512686520674, "log10_min_child_weight": 0.7365170440302415, "log10_subsample": -0.0934123315527764, "max_depth": 4.0, "num_boost_round": 23.0}, "datetime": {"datetime": "2024-01-19 00:27:31", "elapsed": 959.202948, "delta": 0.001368}}
{"target": -17.674555278635204, "params": {"gamma": 70.0029024772273, "log10_alpha": -1.0522555669552096, "log10_colsample_bytree": -0.8202360561733522, "log10_eta": -2.3807750725233587, "log10_lambda": -0.5973512686520674, "log10_min_child_weight": 0.7365170440302415, "log10_subsample": -0.0934123315527764, "max_depth": 4.0, "num_boost_round": 24.0}, "datetime": {"datetime": "2024-01-19 00:27:31", "elapsed": 959.204288, "delta": 0.00134}}
{"target": -17.674337580620925, "params": {"gamma": 70.0029024772273, "log10_alpha": -1.0522555669552096, "log10_colsample_bytree": -0.8202360561733522, "log10_eta": -2.3807750725233587, "log10_lambda": -0.5973512686520674, "log10_min_child_weight": 0.7365170440302415, "log10_subsample": -0.0934123315527764, "max_depth": 4.0, "num_boost_round": 25.0}, "datetime": {"datetime": "2024-01-19 00:27:31", "elapsed": 959.205619, "delta": 0.001331}}
{"target": -17.674290901427963, "params": {"gamma": 70.0029024772273, "log10_alpha": -1.0522555669552096, "log10_colsample_bytree": -0.8202360561733522, "log10_eta": -2.3807750725233587, "log10_lambda": -0.5973512686520674, "log10_min_child_weight": 0.7365170440302415, "log10_subsample": -0.0934123315527764, "max_depth": 4.0, "num_boost_round": 26.0}, "datetime": {"datetime": "2024-01-19 00:27:31", "elapsed": 959.206993, "delta": 0.001374}}
{"target": -17.674107647946396, "params": {"gamma": 70.0029024772273, "log10_alpha": -1.0522555669552096, "log10_colsample_bytree": -0.8202360561733522, "log10_eta": -2.3807750725233587, "log10_lambda": -0.5973512686520674, "log10_min_child_weight": 0.7365170440302415, "log10_subsample": -0.0934123315527764, "max_depth": 4.0, "num_boost_round": 27.0}, "datetime": {"datetime": "2024-01-19 00:27:31", "elapsed": 959.20847, "delta": 0.001477}}
{"target": -17.673893292672, "params": {"gamma": 70.0029024772273, "log10_alpha": -1.0522555669552096, "log10_colsample_bytree": -0.8202360561733522, "log10_eta": -2.3807750725233587, "log10_lambda": -0.5973512686520674, "log10_min_child_weight": 0.7365170440302415, "log10_subsample": -0.0934123315527764, "max_depth": 4.0, "num_boost_round": 28.0}, "datetime": {"datetime": "2024-01-19 00:27:31", "elapsed": 959.209813, "delta": 0.001343}}
{"target": -17.673704457195527, "params": {"gamma": 70.0029024772273, "log10_alpha": -1.0522555669552096, "log10_colsample_bytree": -0.8202360561733522, "log10_eta": -2.3807750725233587, "log10_lambda": -0.5973512686520674, "log10_min_child_weight": 0.7365170440302415, "log10_subsample": -0.0934123315527764, "max_depth": 4.0, "num_boost_round": 29.0}, "datetime": {"datetime": "2024-01-19 00:27:31", "elapsed": 959.211168, "delta": 0.001355}}
{"target": -17.67356237830684, "params": {"gamma": 70.0029024772273, "log10_alpha": -1.0522555669552096, "log10_colsample_bytree": -0.8202360561733522, "log10_eta": -2.3807750725233587, "log10_lambda": -0.5973512686520674, "log10_min_child_weight": 0.7365170440302415, "log10_subsample": -0.0934123315527764, "max_depth": 4.0, "num_boost_round": 30.0}, "datetime": {"datetime": "2024-01-19 00:27:31", "elapsed": 959.212504, "delta": 0.001336}}
{"target": -17.673531048081408, "params": {"gamma": 70.0029024772273, "log10_alpha": -1.0522555669552096, "log10_colsample_bytree": -0.8202360561733522, "log10_eta": -2.3807750725233587, "log10_lambda": -0.5973512686520674, "log10_min_child_weight": 0.7365170440302415, "log10_subsample": -0.0934123315527764, "max_depth": 4.0, "num_boost_round": 31.0}, "datetime": {"datetime": "2024-01-19 00:27:31", "elapsed": 959.213854, "delta": 0.00135}}
{"target": -17.673511452183728, "params": {"gamma": 70.0029024772273, "log10_alpha": -1.0522555669552096, "log10_colsample_bytree": -0.8202360561733522, "log10_eta": -2.3807750725233587, "log10_lambda": -0.5973512686520674, "log10_min_child_weight": 0.7365170440302415, "log10_subsample": -0.0934123315527764, "max_depth": 4.0, "num_boost_round": 32.0}, "datetime": {"datetime": "2024-01-19 00:27:31", "elapsed": 959.215205, "delta": 0.001351}}
{"target": -17.673468482670373, "params": {"gamma": 70.0029024772273, "log10_alpha": -1.0522555669552096, "log10_colsample_bytree": -0.8202360561733522, "log10_eta": -2.3807750725233587, "log10_lambda": -0.5973512686520674, "log10_min_child_weight": 0.7365170440302415, "log10_subsample": -0.0934123315527764, "max_depth": 4.0, "num_boost_round": 33.0}, "datetime": {"datetime": "2024-01-19 00:27:31", "elapsed": 959.216638, "delta": 0.001433}}
{"target": -17.677226987208478, "params": {"gamma": 69.49778566006637, "log10_alpha": -4.8622218748299275, "log10_colsample_bytree": -0.2403884891147594, "log10_eta": -3.945448094103688, "log10_lambda": -0.57151937243429, "log10_min_child_weight": 2.1887579180327847, "log10_subsample": -0.4647044704063005, "max_depth": 7.0, "num_boost_round": 0.0}, "datetime": {"datetime": "2024-01-19 00:27:55", "elapsed": 982.521016, "delta": 23.304378}}
{"target": -17.677218618767906, "params": {"gamma": 69.49778566006637, "log10_alpha": -4.8622218748299275, "log10_colsample_bytree": -0.2403884891147594, "log10_eta": -3.945448094103688, "log10_lambda": -0.57151937243429, "log10_min_child_weight": 2.1887579180327847, "log10_subsample": -0.4647044704063005, "max_depth": 7.0, "num_boost_round": 1.0}, "datetime": {"datetime": "2024-01-19 00:27:55", "elapsed": 982.522563, "delta": 0.001547}}
{"target": -17.67722640586146, "params": {"gamma": 69.49778566006637, "log10_alpha": -4.8622218748299275, "log10_colsample_bytree": -0.2403884891147594, "log10_eta": -3.945448094103688, "log10_lambda": -0.57151937243429, "log10_min_child_weight": 2.1887579180327847, "log10_subsample": -0.4647044704063005, "max_depth": 7.0, "num_boost_round": 2.0}, "datetime": {"datetime": "2024-01-19 00:27:55", "elapsed": 982.524492, "delta": 0.001929}}
{"target": -17.677227823526994, "params": {"gamma": 69.49778566006637, "log10_alpha": -4.8622218748299275, "log10_colsample_bytree": -0.2403884891147594, "log10_eta": -3.945448094103688, "log10_lambda": -0.57151937243429, "log10_min_child_weight": 2.1887579180327847, "log10_subsample": -0.4647044704063005, "max_depth": 7.0, "num_boost_round": 3.0}, "datetime": {"datetime": "2024-01-19 00:27:55", "elapsed": 982.526022, "delta": 0.00153}}
{"target": -17.67722247621147, "params": {"gamma": 69.49778566006637, "log10_alpha": -4.8622218748299275, "log10_colsample_bytree": -0.2403884891147594, "log10_eta": -3.945448094103688, "log10_lambda": -0.57151937243429, "log10_min_child_weight": 2.1887579180327847, "log10_subsample": -0.4647044704063005, "max_depth": 7.0, "num_boost_round": 4.0}, "datetime": {"datetime": "2024-01-19 00:27:55", "elapsed": 982.52759, "delta": 0.001568}}
{"target": -17.67720872675135, "params": {"gamma": 69.49778566006637, "log10_alpha": -4.8622218748299275, "log10_colsample_bytree": -0.2403884891147594, "log10_eta": -3.945448094103688, "log10_lambda": -0.57151937243429, "log10_min_child_weight": 2.1887579180327847, "log10_subsample": -0.4647044704063005, "max_depth": 7.0, "num_boost_round": 5.0}, "datetime": {"datetime": "2024-01-19 00:27:55", "elapsed": 982.529314, "delta": 0.001724}}
{"target": -17.677197482497963, "params": {"gamma": 69.49778566006637, "log10_alpha": -4.8622218748299275, "log10_colsample_bytree": -0.2403884891147594, "log10_eta": -3.945448094103688, "log10_lambda": -0.57151937243429, "log10_min_child_weight": 2.1887579180327847, "log10_subsample": -0.4647044704063005, "max_depth": 7.0, "num_boost_round": 6.0}, "datetime": {"datetime": "2024-01-19 00:27:55", "elapsed": 982.5309, "delta": 0.001586}}
{"target": -17.67718767527807, "params": {"gamma": 69.49778566006637, "log10_alpha": -4.8622218748299275, "log10_colsample_bytree": -0.2403884891147594, "log10_eta": -3.945448094103688, "log10_lambda": -0.57151937243429, "log10_min_child_weight": 2.1887579180327847, "log10_subsample": -0.4647044704063005, "max_depth": 7.0, "num_boost_round": 7.0}, "datetime": {"datetime": "2024-01-19 00:27:55", "elapsed": 982.532352, "delta": 0.001452}}
{"target": -17.677180231760367, "params": {"gamma": 69.49778566006637, "log10_alpha": -4.8622218748299275, "log10_colsample_bytree": -0.2403884891147594, "log10_eta": -3.945448094103688, "log10_lambda": -0.57151937243429, "log10_min_child_weight": 2.1887579180327847, "log10_subsample": -0.4647044704063005, "max_depth": 7.0, "num_boost_round": 8.0}, "datetime": {"datetime": "2024-01-19 00:27:55", "elapsed": 982.533807, "delta": 0.001455}}
{"target": -17.677178375111854, "params": {"gamma": 69.49778566006637, "log10_alpha": -4.8622218748299275, "log10_colsample_bytree": -0.2403884891147594, "log10_eta": -3.945448094103688, "log10_lambda": -0.57151937243429, "log10_min_child_weight": 2.1887579180327847, "log10_subsample": -0.4647044704063005, "max_depth": 7.0, "num_boost_round": 9.0}, "datetime": {"datetime": "2024-01-19 00:27:55", "elapsed": 982.535164, "delta": 0.001357}}
{"target": -17.677180289024406, "params": {"gamma": 69.49778566006637, "log10_alpha": -4.8622218748299275, "log10_colsample_bytree": -0.2403884891147594, "log10_eta": -3.945448094103688, "log10_lambda": -0.57151937243429, "log10_min_child_weight": 2.1887579180327847, "log10_subsample": -0.4647044704063005, "max_depth": 7.0, "num_boost_round": 10.0}, "datetime": {"datetime": "2024-01-19 00:27:55", "elapsed": 982.536527, "delta": 0.001363}}
{"target": -17.67717257110537, "params": {"gamma": 69.49778566006637, "log10_alpha": -4.8622218748299275, "log10_colsample_bytree": -0.2403884891147594, "log10_eta": -3.945448094103688, "log10_lambda": -0.57151937243429, "log10_min_child_weight": 2.1887579180327847, "log10_subsample": -0.4647044704063005, "max_depth": 7.0, "num_boost_round": 11.0}, "datetime": {"datetime": "2024-01-19 00:27:55", "elapsed": 982.537891, "delta": 0.001364}}
{"target": -17.67716910503282, "params": {"gamma": 69.49778566006637, "log10_alpha": -4.8622218748299275, "log10_colsample_bytree": -0.2403884891147594, "log10_eta": -3.945448094103688, "log10_lambda": -0.57151937243429, "log10_min_child_weight": 2.1887579180327847, "log10_subsample": -0.4647044704063005, "max_depth": 7.0, "num_boost_round": 12.0}, "datetime": {"datetime": "2024-01-19 00:27:55", "elapsed": 982.539241, "delta": 0.00135}}
{"target": -17.67716414853057, "params": {"gamma": 69.49778566006637, "log10_alpha": -4.8622218748299275, "log10_colsample_bytree": -0.2403884891147594, "log10_eta": -3.945448094103688, "log10_lambda": -0.57151937243429, "log10_min_child_weight": 2.1887579180327847, "log10_subsample": -0.4647044704063005, "max_depth": 7.0, "num_boost_round": 13.0}, "datetime": {"datetime": "2024-01-19 00:27:55", "elapsed": 982.540676, "delta": 0.001435}}
{"target": -17.681752811709448, "params": {"gamma": 90.67752963859277, "log10_alpha": -1.3927596370962005, "log10_colsample_bytree": -0.4110859684338669, "log10_eta": -0.46439194972663733, "log10_lambda": 0.46340939722798424, "log10_min_child_weight": 0.9212901595244871, "log10_subsample": -0.27046826938664714, "max_depth": 5.0, "num_boost_round": 0.0}, "datetime": {"datetime": "2024-01-19 00:28:17", "elapsed": 1004.741603, "delta": 22.200927}}
{"target": -17.700635231713935, "params": {"gamma": 90.67752963859277, "log10_alpha": -1.3927596370962005, "log10_colsample_bytree": -0.4110859684338669, "log10_eta": -0.46439194972663733, "log10_lambda": 0.46340939722798424, "log10_min_child_weight": 0.9212901595244871, "log10_subsample": -0.27046826938664714, "max_depth": 5.0, "num_boost_round": 1.0}, "datetime": {"datetime": "2024-01-19 00:28:17", "elapsed": 1004.743596, "delta": 0.001993}}
{"target": -17.71506643664766, "params": {"gamma": 90.67752963859277, "log10_alpha": -1.3927596370962005, "log10_colsample_bytree": -0.4110859684338669, "log10_eta": -0.46439194972663733, "log10_lambda": 0.46340939722798424, "log10_min_child_weight": 0.9212901595244871, "log10_subsample": -0.27046826938664714, "max_depth": 5.0, "num_boost_round": 2.0}, "datetime": {"datetime": "2024-01-19 00:28:17", "elapsed": 1004.745052, "delta": 0.001456}}
{"target": -17.74025854378152, "params": {"gamma": 90.67752963859277, "log10_alpha": -1.3927596370962005, "log10_colsample_bytree": -0.4110859684338669, "log10_eta": -0.46439194972663733, "log10_lambda": 0.46340939722798424, "log10_min_child_weight": 0.9212901595244871, "log10_subsample": -0.27046826938664714, "max_depth": 5.0, "num_boost_round": 3.0}, "datetime": {"datetime": "2024-01-19 00:28:17", "elapsed": 1004.746572, "delta": 0.00152}}
