{"target": -17.7176988858082, "params": {"gamma": 441.1355396008278, "log10_alpha": -3.388234875333894, "log10_colsample_bytree": -0.46401050426543555, "log10_eta": -0.35564014091183616, "log10_lambda": 0.5624978008396919, "log10_min_child_weight": 0.12387252194231035, "log10_subsample": -0.31550237003296466, "max_depth": 3.0, "num_boost_round": 4.0}, "datetime": {"datetime": "2024-01-19 00:37:54", "elapsed": 1564.104488, "delta": 0.00238}}
{"target": -17.735201462365357, "params": {"gamma": 441.1355396008278, "log10_alpha": -3.388234875333894, "log10_colsample_bytree": -0.46401050426543555, "log10_eta": -0.35564014091183616, "log10_lambda": 0.5624978008396919, "log10_min_child_weight": 0.12387252194231035, "log10_subsample": -0.31550237003296466, "max_depth": 3.0, "num_boost_round": 5.0}, "datetime": {"datetime": "2024-01-19 00:37:54", "elapsed": 1564.106858, "delta": 0.00237}}
{"target": -17.758087423147476, "params": {"gamma": 441.1355396008278, "log10_alpha": -3.388234875333894, "log10_colsample_bytree": -0.46401050426543555, "log10_eta": -0.35564014091183616, "log10_lambda": 0.5624978008396919, "log10_min_child_weight": 0.12387252194231035, "log10_subsample": -0.31550237003296466, "max_depth": 3.0, "num_boost_round": 6.0}, "datetime": {"datetime": "2024-01-19 00:37:54", "elapsed": 1564.109203, "delta": 0.002345}}
{"target": -17.758097559662435, "params": {"gamma": 441.1355396008278, "log10_alpha": -3.388234875333894, "log10_colsample_bytree": -0.46401050426543555, "log10_eta": -0.35564014091183616, "log10_lambda": 0.5624978008396919, "log10_min_child_weight": 0.12387252194231035, "log10_subsample": -0.31550237003296466, "max_depth": 3.0, "num_boost_round": 7.0}, "datetime": {"datetime": "2024-01-19 00:37:54", "elapsed": 1564.111614, "delta": 0.002411}}
{"target": -17.763928797541507, "params": {"gamma": 441.1355396008278, "log10_alpha": -3.388234875333894, "log10_colsample_bytree": -0.46401050426543555, "log10_eta": -0.35564014091183616, "log10_lambda": 0.5624978008396919, "log10_min_child_weight": 0.12387252194231035, "log10_subsample": -0.31550237003296466, "max_depth": 3.0, "num_boost_round": 8.0}, "datetime": {"datetime": "2024-01-19 00:37:54", "elapsed": 1564.113973, "delta": 0.002359}}
{"target": -17.779561387286897, "params": {"gamma": 441.1355396008278, "log10_alpha": -3.388234875333894, "log10_colsample_bytree": -0.46401050426543555, "log10_eta": -0.35564014091183616, "log10_lambda": 0.5624978008396919, "log10_min_child_weight": 0.12387252194231035, "log10_subsample": -0.31550237003296466, "max_depth": 3.0, "num_boost_round": 9.0}, "datetime": {"datetime": "2024-01-19 00:37:54", "elapsed": 1564.116398, "delta": 0.002425}}
{"target": -17.78686568900513, "params": {"gamma": 441.1355396008278, "log10_alpha": -3.388234875333894, "log10_colsample_bytree": -0.46401050426543555, "log10_eta": -0.35564014091183616, "log10_lambda": 0.5624978008396919, "log10_min_child_weight": 0.12387252194231035, "log10_subsample": -0.31550237003296466, "max_depth": 3.0, "num_boost_round": 10.0}, "datetime": {"datetime": "2024-01-19 00:37:54", "elapsed": 1564.118772, "delta": 0.002374}}
{"target": -17.795445904108625, "params": {"gamma": 441.1355396008278, "log10_alpha": -3.388234875333894, "log10_colsample_bytree": -0.46401050426543555, "log10_eta": -0.35564014091183616, "log10_lambda": 0.5624978008396919, "log10_min_child_weight": 0.12387252194231035, "log10_subsample": -0.31550237003296466, "max_depth": 3.0, "num_boost_round": 11.0}, "datetime": {"datetime": "2024-01-19 00:37:54", "elapsed": 1564.12114, "delta": 0.002368}}
{"target": -17.671900338471406, "params": {"gamma": 431.21923547292073, "log10_alpha": 0.5073943443948625, "log10_colsample_bytree": -0.9973463032910511, "log10_eta": -0.9827770687737352, "log10_lambda": -3.910229601231686, "log10_min_child_weight": 0.4178470621775593, "log10_subsample": -0.16051010970252622, "max_depth": 9.0, "num_boost_round": 0.0}, "datetime": {"datetime": "2024-01-19 00:38:34", "elapsed": 1604.001759, "delta": 39.880619}}
{"target": -17.679163791342933, "params": {"gamma": 431.21923547292073, "log10_alpha": 0.5073943443948625, "log10_colsample_bytree": -0.9973463032910511, "log10_eta": -0.9827770687737352, "log10_lambda": -3.910229601231686, "log10_min_child_weight": 0.4178470621775593, "log10_subsample": -0.16051010970252622, "max_depth": 9.0, "num_boost_round": 1.0}, "datetime": {"datetime": "2024-01-19 00:38:34", "elapsed": 1604.004602, "delta": 0.002843}}
{"target": -17.68516306594131, "params": {"gamma": 431.21923547292073, "log10_alpha": 0.5073943443948625, "log10_colsample_bytree": -0.9973463032910511, "log10_eta": -0.9827770687737352, "log10_lambda": -3.910229601231686, "log10_min_child_weight": 0.4178470621775593, "log10_subsample": -0.16051010970252622, "max_depth": 9.0, "num_boost_round": 2.0}, "datetime": {"datetime": "2024-01-19 00:38:34", "elapsed": 1604.007052, "delta": 0.00245}}
{"target": -17.686224567785317, "params": {"gamma": 431.21923547292073, "log10_alpha": 0.5073943443948625, "log10_colsample_bytree": -0.9973463032910511, "log10_eta": -0.9827770687737352, "log10_lambda": -3.910229601231686, "log10_min_child_weight": 0.4178470621775593, "log10_subsample": -0.16051010970252622, "max_depth": 9.0, "num_boost_round": 3.0}, "datetime": {"datetime": "2024-01-19 00:38:34", "elapsed": 1604.009447, "delta": 0.002395}}
{"target": -17.687595802715293, "params": {"gamma": 431.21923547292073, "log10_alpha": 0.5073943443948625, "log10_colsample_bytree": -0.9973463032910511, "log10_eta": -0.9827770687737352, "log10_lambda": -3.910229601231686, "log10_min_child_weight": 0.4178470621775593, "log10_subsample": -0.16051010970252622, "max_depth": 9.0, "num_boost_round": 4.0}, "datetime": {"datetime": "2024-01-19 00:38:34", "elapsed": 1604.011833, "delta": 0.002386}}
{"target": -17.692255020424383, "params": {"gamma": 431.21923547292073, "log10_alpha": 0.5073943443948625, "log10_colsample_bytree": -0.9973463032910511, "log10_eta": -0.9827770687737352, "log10_lambda": -3.910229601231686, "log10_min_child_weight": 0.4178470621775593, "log10_subsample": -0.16051010970252622, "max_depth": 9.0, "num_boost_round": 5.0}, "datetime": {"datetime": "2024-01-19 00:38:34", "elapsed": 1604.014227, "delta": 0.002394}}
{"target": -17.700081930408814, "params": {"gamma": 431.21923547292073, "log10_alpha": 0.5073943443948625, "log10_colsample_bytree": -0.9973463032910511, "log10_eta": -0.9827770687737352, "log10_lambda": -3.910229601231686, "log10_min_child_weight": 0.4178470621775593, "log10_subsample": -0.16051010970252622, "max_depth": 9.0, "num_boost_round": 6.0}, "datetime": {"datetime": "2024-01-19 00:38:34", "elapsed": 1604.016608, "delta": 0.002381}}
{"target": -17.702027097118155, "params": {"gamma": 431.21923547292073, "log10_alpha": 0.5073943443948625, "log10_colsample_bytree": -0.9973463032910511, "log10_eta": -0.9827770687737352, "log10_lambda": -3.910229601231686, "log10_min_child_weight": 0.4178470621775593, "log10_subsample": -0.16051010970252622, "max_depth": 9.0, "num_boost_round": 7.0}, "datetime": {"datetime": "2024-01-19 00:38:34", "elapsed": 1604.019935, "delta": 0.003327}}
{"target": -17.707899615869522, "params": {"gamma": 431.21923547292073, "log10_alpha": 0.5073943443948625, "log10_colsample_bytree": -0.9973463032910511, "log10_eta": -0.9827770687737352, "log10_lambda": -3.910229601231686, "log10_min_child_weight": 0.4178470621775593, "log10_subsample": -0.16051010970252622, "max_depth": 9.0, "num_boost_round": 8.0}, "datetime": {"datetime": "2024-01-19 00:38:34", "elapsed": 1604.02304, "delta": 0.003105}}
{"target": -17.710973425382807, "params": {"gamma": 431.21923547292073, "log10_alpha": 0.5073943443948625, "log10_colsample_bytree": -0.9973463032910511, "log10_eta": -0.9827770687737352, "log10_lambda": -3.910229601231686, "log10_min_child_weight": 0.4178470621775593, "log10_subsample": -0.16051010970252622, "max_depth": 9.0, "num_boost_round": 9.0}, "datetime": {"datetime": "2024-01-19 00:38:34", "elapsed": 1604.025451, "delta": 0.002411}}
{"target": -17.725545826676083, "params": {"gamma": 431.21923547292073, "log10_alpha": 0.5073943443948625, "log10_colsample_bytree": -0.9973463032910511, "log10_eta": -0.9827770687737352, "log10_lambda": -3.910229601231686, "log10_min_child_weight": 0.4178470621775593, "log10_subsample": -0.16051010970252622, "max_depth": 9.0, "num_boost_round": 10.0}, "datetime": {"datetime": "2024-01-19 00:38:34", "elapsed": 1604.027864, "delta": 0.002413}}
{"target": -17.727985593627487, "params": {"gamma": 431.21923547292073, "log10_alpha": 0.5073943443948625, "log10_colsample_bytree": -0.9973463032910511, "log10_eta": -0.9827770687737352, "log10_lambda": -3.910229601231686, "log10_min_child_weight": 0.4178470621775593, "log10_subsample": -0.16051010970252622, "max_depth": 9.0, "num_boost_round": 11.0}, "datetime": {"datetime": "2024-01-19 00:38:34", "elapsed": 1604.03025, "delta": 0.002386}}
{"target": -17.733061345304517, "params": {"gamma": 431.21923547292073, "log10_alpha": 0.5073943443948625, "log10_colsample_bytree": -0.9973463032910511, "log10_eta": -0.9827770687737352, "log10_lambda": -3.910229601231686, "log10_min_child_weight": 0.4178470621775593, "log10_subsample": -0.16051010970252622, "max_depth": 9.0, "num_boost_round": 12.0}, "datetime": {"datetime": "2024-01-19 00:38:34", "elapsed": 1604.03268, "delta": 0.00243}}
{"target": -17.736466987278266, "params": {"gamma": 431.21923547292073, "log10_alpha": 0.5073943443948625, "log10_colsample_bytree": -0.9973463032910511, "log10_eta": -0.9827770687737352, "log10_lambda": -3.910229601231686, "log10_min_child_weight": 0.4178470621775593, "log10_subsample": -0.16051010970252622, "max_depth": 9.0, "num_boost_round": 13.0}, "datetime": {"datetime": "2024-01-19 00:38:34", "elapsed": 1604.03507, "delta": 0.00239}}
{"target": -17.73463965735163, "params": {"gamma": 431.21923547292073, "log10_alpha": 0.5073943443948625, "log10_colsample_bytree": -0.9973463032910511, "log10_eta": -0.9827770687737352, "log10_lambda": -3.910229601231686, "log10_min_child_weight": 0.4178470621775593, "log10_subsample": -0.16051010970252622, "max_depth": 9.0, "num_boost_round": 14.0}, "datetime": {"datetime": "2024-01-19 00:38:34", "elapsed": 1604.037452, "delta": 0.002382}}
{"target": -17.739030796355912, "params": {"gamma": 431.21923547292073, "log10_alpha": 0.5073943443948625, "log10_colsample_bytree": -0.9973463032910511, "log10_eta": -0.9827770687737352, "log10_lambda": -3.910229601231686, "log10_min_child_weight": 0.4178470621775593, "log10_subsample": -0.16051010970252622, "max_depth": 9.0, "num_boost_round": 15.0}, "datetime": {"datetime": "2024-01-19 00:38:34", "elapsed": 1604.03982, "delta": 0.002368}}
{"target": -17.743535809174016, "params": {"gamma": 431.21923547292073, "log10_alpha": 0.5073943443948625, "log10_colsample_bytree": -0.9973463032910511, "log10_eta": -0.9827770687737352, "log10_lambda": -3.910229601231686, "log10_min_child_weight": 0.4178470621775593, "log10_subsample": -0.16051010970252622, "max_depth": 9.0, "num_boost_round": 16.0}, "datetime": {"datetime": "2024-01-19 00:38:34", "elapsed": 1604.042197, "delta": 0.002377}}
{"target": -17.750722479053135, "params": {"gamma": 431.21923547292073, "log10_alpha": 0.5073943443948625, "log10_colsample_bytree": -0.9973463032910511, "log10_eta": -0.9827770687737352, "log10_lambda": -3.910229601231686, "log10_min_child_weight": 0.4178470621775593, "log10_subsample": -0.16051010970252622, "max_depth": 9.0, "num_boost_round": 17.0}, "datetime": {"datetime": "2024-01-19 00:38:34", "elapsed": 1604.044753, "delta": 0.002556}}
{"target": -17.75403818623915, "params": {"gamma": 431.21923547292073, "log10_alpha": 0.5073943443948625, "log10_colsample_bytree": -0.9973463032910511, "log10_eta": -0.9827770687737352, "log10_lambda": -3.910229601231686, "log10_min_child_weight": 0.4178470621775593, "log10_subsample": -0.16051010970252622, "max_depth": 9.0, "num_boost_round": 18.0}, "datetime": {"datetime": "2024-01-19 00:38:34", "elapsed": 1604.047248, "delta": 0.002495}}
{"target": -17.758432638033817, "params": {"gamma": 431.21923547292073, "log10_alpha": 0.5073943443948625, "log10_colsample_bytree": -0.9973463032910511, "log10_eta": -0.9827770687737352, "log10_lambda": -3.910229601231686, "log10_min_child_weight": 0.4178470621775593, "log10_subsample": -0.16051010970252622, "max_depth": 9.0, "num_boost_round": 19.0}, "datetime": {"datetime": "2024-01-19 00:38:34", "elapsed": 1604.049797, "delta": 0.002549}}
{"target": -17.762693348822882, "params": {"gamma": 431.21923547292073, "log10_alpha": 0.5073943443948625, "log10_colsample_bytree": -0.9973463032910511, "log10_eta": -0.9827770687737352, "log10_lambda": -3.910229601231686, "log10_min_child_weight": 0.4178470621775593, "log10_subsample": -0.16051010970252622, "max_depth": 9.0, "num_boost_round": 20.0}, "datetime": {"datetime": "2024-01-19 00:38:34", "elapsed": 1604.052332, "delta": 0.002535}}
{"target": -17.67708728586106, "params": {"gamma": 411.79767987412464, "log10_alpha": -2.5710305353266683, "log10_colsample_bytree": -0.692555820348648, "log10_eta": -2.415341434311918, "log10_lambda": -4.442802922133353, "log10_min_child_weight": 0.017644311289207182, "log10_subsample": -0.9008180160271035, "max_depth": 7.0, "num_boost_round": 0.0}, "datetime": {"datetime": "2024-01-19 00:39:32", "elapsed": 1662.113572, "delta": 58.06124}}
{"target": -17.677055027031628, "params": {"gamma": 411.79767987412464, "log10_alpha": -2.5710305353266683, "log10_colsample_bytree": -0.692555820348648, "log10_eta": -2.415341434311918, "log10_lambda": -4.442802922133353, "log10_min_child_weight": 0.017644311289207182, "log10_subsample": -0.9008180160271035, "max_depth": 7.0, "num_boost_round": 1.0}, "datetime": {"datetime": "2024-01-19 00:39:32", "elapsed": 1662.116677, "delta": 0.003105}}
{"target": -17.67676876704288, "params": {"gamma": 411.79767987412464, "log10_alpha": -2.5710305353266683, "log10_colsample_bytree": -0.692555820348648, "log10_eta": -2.415341434311918, "log10_lambda": -4.442802922133353, "log10_min_child_weight": 0.017644311289207182, "log10_subsample": -0.9008180160271035, "max_depth": 7.0, "num_boost_round": 2.0}, "datetime": {"datetime": "2024-01-19 00:39:32", "elapsed": 1662.119495, "delta": 0.002818}}
{"target": -17.676860481262533, "params": {"gamma": 411.79767987412464, "log10_alpha": -2.5710305353266683, "log10_colsample_bytree": -0.692555820348648, "log10_eta": -2.415341434311918, "log10_lambda": -4.442802922133353, "log10_min_child_weight": 0.017644311289207182, "log10_subsample": -0.9008180160271035, "max_depth": 7.0, "num_boost_round": 3.0}, "datetime": {"datetime": "2024-01-19 00:39:32", "elapsed": 1662.122195, "delta": 0.0027}}
{"target": -17.676737201118204, "params": {"gamma": 411.79767987412464, "log10_alpha": -2.5710305353266683, "log10_colsample_bytree": -0.692555820348648, "log10_eta": -2.415341434311918, "log10_lambda": -4.442802922133353, "log10_min_child_weight": 0.017644311289207182, "log10_subsample": -0.9008180160271035, "max_depth": 7.0, "num_boost_round": 4.0}, "datetime": {"datetime": "2024-01-19 00:39:32", "elapsed": 1662.124686, "delta": 0.002491}}
{"target": -17.676624307548217, "params": {"gamma": 411.79767987412464, "log10_alpha": -2.5710305353266683, "log10_colsample_bytree": -0.692555820348648, "log10_eta": -2.415341434311918, "log10_lambda": -4.442802922133353, "log10_min_child_weight": 0.017644311289207182, "log10_subsample": -0.9008180160271035, "max_depth": 7.0, "num_boost_round": 5.0}, "datetime": {"datetime": "2024-01-19 00:39:32", "elapsed": 1662.127176, "delta": 0.00249}}
{"target": -17.676398309319524, "params": {"gamma": 411.79767987412464, "log10_alpha": -2.5710305353266683, "log10_colsample_bytree": -0.692555820348648, "log10_eta": -2.415341434311918, "log10_lambda": -4.442802922133353, "log10_min_child_weight": 0.017644311289207182, "log10_subsample": -0.9008180160271035, "max_depth": 7.0, "num_boost_round": 6.0}, "datetime": {"datetime": "2024-01-19 00:39:32", "elapsed": 1662.129641, "delta": 0.002465}}
{"target": -17.67603938833983, "params": {"gamma": 411.79767987412464, "log10_alpha": -2.5710305353266683, "log10_colsample_bytree": -0.692555820348648, "log10_eta": -2.415341434311918, "log10_lambda": -4.442802922133353, "log10_min_child_weight": 0.017644311289207182, "log10_subsample": -0.9008180160271035, "max_depth": 7.0, "num_boost_round": 7.0}, "datetime": {"datetime": "2024-01-19 00:39:32", "elapsed": 1662.132182, "delta": 0.002541}}
{"target": -17.676004009616157, "params": {"gamma": 411.79767987412464, "log10_alpha": -2.5710305353266683, "log10_colsample_bytree": -0.692555820348648, "log10_eta": -2.415341434311918, "log10_lambda": -4.442802922133353, "log10_min_child_weight": 0.017644311289207182, "log10_subsample": -0.9008180160271035, "max_depth": 7.0, "num_boost_round": 8.0}, "datetime": {"datetime": "2024-01-19 00:39:32", "elapsed": 1662.134648, "delta": 0.002466}}
{"target": -17.675789758010488, "params": {"gamma": 411.79767987412464, "log10_alpha": -2.5710305353266683, "log10_colsample_bytree": -0.692555820348648, "log10_eta": -2.415341434311918, "log10_lambda": -4.442802922133353, "log10_min_child_weight": 0.017644311289207182, "log10_subsample": -0.9008180160271035, "max_depth": 7.0, "num_boost_round": 9.0}, "datetime": {"datetime": "2024-01-19 00:39:32", "elapsed": 1662.137192, "delta": 0.002544}}
{"target": -17.67554194697298, "params": {"gamma": 411.79767987412464, "log10_alpha": -2.5710305353266683, "log10_colsample_bytree": -0.692555820348648, "log10_eta": -2.415341434311918, "log10_lambda": -4.442802922133353, "log10_min_child_weight": 0.017644311289207182, "log10_subsample": -0.9008180160271035, "max_depth": 7.0, "num_boost_round": 10.0}, "datetime": {"datetime": "2024-01-19 00:39:32", "elapsed": 1662.139677, "delta": 0.002485}}
{"target": -17.67544061325065, "params": {"gamma": 411.79767987412464, "log10_alpha": -2.5710305353266683, "log10_colsample_bytree": -0.692555820348648, "log10_eta": -2.415341434311918, "log10_lambda": -4.442802922133353, "log10_min_child_weight": 0.017644311289207182, "log10_subsample": -0.9008180160271035, "max_depth": 7.0, "num_boost_round": 11.0}, "datetime": {"datetime": "2024-01-19 00:39:32", "elapsed": 1662.14214, "delta": 0.002463}}
{"target": -17.675347522563385, "params": {"gamma": 411.79767987412464, "log10_alpha": -2.5710305353266683, "log10_colsample_bytree": -0.692555820348648, "log10_eta": -2.415341434311918, "log10_lambda": -4.442802922133353, "log10_min_child_weight": 0.017644311289207182, "log10_subsample": -0.9008180160271035, "max_depth": 7.0, "num_boost_round": 12.0}, "datetime": {"datetime": "2024-01-19 00:39:32", "elapsed": 1662.144804, "delta": 0.002664}}
{"target": -17.67515705053276, "params": {"gamma": 411.79767987412464, "log10_alpha": -2.5710305353266683, "log10_colsample_bytree": -0.692555820348648, "log10_eta": -2.415341434311918, "log10_lambda": -4.442802922133353, "log10_min_child_weight": 0.017644311289207182, "log10_subsample": -0.9008180160271035, "max_depth": 7.0, "num_boost_round": 13.0}, "datetime": {"datetime": "2024-01-19 00:39:32", "elapsed": 1662.147481, "delta": 0.002677}}
{"target": -17.67522205002894, "params": {"gamma": 411.79767987412464, "log10_alpha": -2.5710305353266683, "log10_colsample_bytree": -0.692555820348648, "log10_eta": -2.415341434311918, "log10_lambda": -4.442802922133353, "log10_min_child_weight": 0.017644311289207182, "log10_subsample": -0.9008180160271035, "max_depth": 7.0, "num_boost_round": 14.0}, "datetime": {"datetime": "2024-01-19 00:39:32", "elapsed": 1662.150131, "delta": 0.00265}}
{"target": -17.675109056596323, "params": {"gamma": 411.79767987412464, "log10_alpha": -2.5710305353266683, "log10_colsample_bytree": -0.692555820348648, "log10_eta": -2.415341434311918, "log10_lambda": -4.442802922133353, "log10_min_child_weight": 0.017644311289207182, "log10_subsample": -0.9008180160271035, "max_depth": 7.0, "num_boost_round": 15.0}, "datetime": {"datetime": "2024-01-19 00:39:32", "elapsed": 1662.152723, "delta": 0.002592}}
{"target": -17.674956406933667, "params": {"gamma": 411.79767987412464, "log10_alpha": -2.5710305353266683, "log10_colsample_bytree": -0.692555820348648, "log10_eta": -2.415341434311918, "log10_lambda": -4.442802922133353, "log10_min_child_weight": 0.017644311289207182, "log10_subsample": -0.9008180160271035, "max_depth": 7.0, "num_boost_round": 16.0}, "datetime": {"datetime": "2024-01-19 00:39:32", "elapsed": 1662.155237, "delta": 0.002514}}
{"target": -17.674885927492134, "params": {"gamma": 411.79767987412464, "log10_alpha": -2.5710305353266683, "log10_colsample_bytree": -0.692555820348648, "log10_eta": -2.415341434311918, "log10_lambda": -4.442802922133353, "log10_min_child_weight": 0.017644311289207182, "log10_subsample": -0.9008180160271035, "max_depth": 7.0, "num_boost_round": 17.0}, "datetime": {"datetime": "2024-01-19 00:39:32", "elapsed": 1662.157754, "delta": 0.002517}}
{"target": -17.67483999566783, "params": {"gamma": 411.79767987412464, "log10_alpha": -2.5710305353266683, "log10_colsample_bytree": -0.692555820348648, "log10_eta": -2.415341434311918, "log10_lambda": -4.442802922133353, "log10_min_child_weight": 0.017644311289207182, "log10_subsample": -0.9008180160271035, "max_depth": 7.0, "num_boost_round": 18.0}, "datetime": {"datetime": "2024-01-19 00:39:32", "elapsed": 1662.160241, "delta": 0.002487}}
{"target": -17.67487170530481, "params": {"gamma": 411.79767987412464, "log10_alpha": -2.5710305353266683, "log10_colsample_bytree": -0.692555820348648, "log10_eta": -2.415341434311918, "log10_lambda": -4.442802922133353, "log10_min_child_weight": 0.017644311289207182, "log10_subsample": -0.9008180160271035, "max_depth": 7.0, "num_boost_round": 19.0}, "datetime": {"datetime": "2024-01-19 00:39:32", "elapsed": 1662.162938, "delta": 0.002697}}
