{"target": -17.676999424889807, "params": {"gamma": 402.25788156966, "log10_alpha": -4.897344722935087, "log10_colsample_bytree": -0.3655321007176644, "log10_eta": -2.766368230636917, "log10_lambda": 0.27658021139094924, "log10_min_child_weight": 2.2057777603675, "log10_subsample": -0.49525997771280694, "max_depth": 7.0, "num_boost_round": 4.0}, "datetime": {"datetime": "2024-01-19 02:17:01", "elapsed": 7511.53034, "delta": 0.006408}}
{"target": -17.676900741694354, "params": {"gamma": 402.25788156966, "log10_alpha": -4.897344722935087, "log10_colsample_bytree": -0.3655321007176644, "log10_eta": -2.766368230636917, "log10_lambda": 0.27658021139094924, "log10_min_child_weight": 2.2057777603675, "log10_subsample": -0.49525997771280694, "max_depth": 7.0, "num_boost_round": 5.0}, "datetime": {"datetime": "2024-01-19 02:17:01", "elapsed": 7511.536613, "delta": 0.006273}}
{"target": -17.676833974307115, "params": {"gamma": 402.25788156966, "log10_alpha": -4.897344722935087, "log10_colsample_bytree": -0.3655321007176644, "log10_eta": -2.766368230636917, "log10_lambda": 0.27658021139094924, "log10_min_child_weight": 2.2057777603675, "log10_subsample": -0.49525997771280694, "max_depth": 7.0, "num_boost_round": 6.0}, "datetime": {"datetime": "2024-01-19 02:17:01", "elapsed": 7511.542997, "delta": 0.006384}}
{"target": -17.67674873575078, "params": {"gamma": 402.25788156966, "log10_alpha": -4.897344722935087, "log10_colsample_bytree": -0.3655321007176644, "log10_eta": -2.766368230636917, "log10_lambda": 0.27658021139094924, "log10_min_child_weight": 2.2057777603675, "log10_subsample": -0.49525997771280694, "max_depth": 7.0, "num_boost_round": 7.0}, "datetime": {"datetime": "2024-01-19 02:17:01", "elapsed": 7511.549363, "delta": 0.006366}}
{"target": -17.676625873723182, "params": {"gamma": 402.25788156966, "log10_alpha": -4.897344722935087, "log10_colsample_bytree": -0.3655321007176644, "log10_eta": -2.766368230636917, "log10_lambda": 0.27658021139094924, "log10_min_child_weight": 2.2057777603675, "log10_subsample": -0.49525997771280694, "max_depth": 7.0, "num_boost_round": 8.0}, "datetime": {"datetime": "2024-01-19 02:17:01", "elapsed": 7511.555697, "delta": 0.006334}}
{"target": -17.676569719387967, "params": {"gamma": 402.25788156966, "log10_alpha": -4.897344722935087, "log10_colsample_bytree": -0.3655321007176644, "log10_eta": -2.766368230636917, "log10_lambda": 0.27658021139094924, "log10_min_child_weight": 2.2057777603675, "log10_subsample": -0.49525997771280694, "max_depth": 7.0, "num_boost_round": 9.0}, "datetime": {"datetime": "2024-01-19 02:17:01", "elapsed": 7511.561997, "delta": 0.0063}}
{"target": -17.676479045471805, "params": {"gamma": 402.25788156966, "log10_alpha": -4.897344722935087, "log10_colsample_bytree": -0.3655321007176644, "log10_eta": -2.766368230636917, "log10_lambda": 0.27658021139094924, "log10_min_child_weight": 2.2057777603675, "log10_subsample": -0.49525997771280694, "max_depth": 7.0, "num_boost_round": 10.0}, "datetime": {"datetime": "2024-01-19 02:17:01", "elapsed": 7511.568174, "delta": 0.006177}}
{"target": -17.676444291591984, "params": {"gamma": 402.25788156966, "log10_alpha": -4.897344722935087, "log10_colsample_bytree": -0.3655321007176644, "log10_eta": -2.766368230636917, "log10_lambda": 0.27658021139094924, "log10_min_child_weight": 2.2057777603675, "log10_subsample": -0.49525997771280694, "max_depth": 7.0, "num_boost_round": 11.0}, "datetime": {"datetime": "2024-01-19 02:17:01", "elapsed": 7511.578513, "delta": 0.010339}}
{"target": -17.676412723542768, "params": {"gamma": 402.25788156966, "log10_alpha": -4.897344722935087, "log10_colsample_bytree": -0.3655321007176644, "log10_eta": -2.766368230636917, "log10_lambda": 0.27658021139094924, "log10_min_child_weight": 2.2057777603675, "log10_subsample": -0.49525997771280694, "max_depth": 7.0, "num_boost_round": 12.0}, "datetime": {"datetime": "2024-01-19 02:17:01", "elapsed": 7511.584881, "delta": 0.006368}}
{"target": -17.676313025373748, "params": {"gamma": 402.25788156966, "log10_alpha": -4.897344722935087, "log10_colsample_bytree": -0.3655321007176644, "log10_eta": -2.766368230636917, "log10_lambda": 0.27658021139094924, "log10_min_child_weight": 2.2057777603675, "log10_subsample": -0.49525997771280694, "max_depth": 7.0, "num_boost_round": 13.0}, "datetime": {"datetime": "2024-01-19 02:17:01", "elapsed": 7511.591153, "delta": 0.006272}}
{"target": -17.67628993330222, "params": {"gamma": 402.25788156966, "log10_alpha": -4.897344722935087, "log10_colsample_bytree": -0.3655321007176644, "log10_eta": -2.766368230636917, "log10_lambda": 0.27658021139094924, "log10_min_child_weight": 2.2057777603675, "log10_subsample": -0.49525997771280694, "max_depth": 7.0, "num_boost_round": 14.0}, "datetime": {"datetime": "2024-01-19 02:17:01", "elapsed": 7511.597355, "delta": 0.006202}}
{"target": -17.67624236913618, "params": {"gamma": 402.25788156966, "log10_alpha": -4.897344722935087, "log10_colsample_bytree": -0.3655321007176644, "log10_eta": -2.766368230636917, "log10_lambda": 0.27658021139094924, "log10_min_child_weight": 2.2057777603675, "log10_subsample": -0.49525997771280694, "max_depth": 7.0, "num_boost_round": 15.0}, "datetime": {"datetime": "2024-01-19 02:17:01", "elapsed": 7511.603713, "delta": 0.006358}}
{"target": -17.67617606686378, "params": {"gamma": 402.25788156966, "log10_alpha": -4.897344722935087, "log10_colsample_bytree": -0.3655321007176644, "log10_eta": -2.766368230636917, "log10_lambda": 0.27658021139094924, "log10_min_child_weight": 2.2057777603675, "log10_subsample": -0.49525997771280694, "max_depth": 7.0, "num_boost_round": 16.0}, "datetime": {"datetime": "2024-01-19 02:17:01", "elapsed": 7511.609944, "delta": 0.006231}}
{"target": -17.676055500422375, "params": {"gamma": 402.25788156966, "log10_alpha": -4.897344722935087, "log10_colsample_bytree": -0.3655321007176644, "log10_eta": -2.766368230636917, "log10_lambda": 0.27658021139094924, "log10_min_child_weight": 2.2057777603675, "log10_subsample": -0.49525997771280694, "max_depth": 7.0, "num_boost_round": 17.0}, "datetime": {"datetime": "2024-01-19 02:17:01", "elapsed": 7511.616225, "delta": 0.006281}}
{"target": -17.675970121051673, "params": {"gamma": 402.25788156966, "log10_alpha": -4.897344722935087, "log10_colsample_bytree": -0.3655321007176644, "log10_eta": -2.766368230636917, "log10_lambda": 0.27658021139094924, "log10_min_child_weight": 2.2057777603675, "log10_subsample": -0.49525997771280694, "max_depth": 7.0, "num_boost_round": 18.0}, "datetime": {"datetime": "2024-01-19 02:17:01", "elapsed": 7511.622506, "delta": 0.006281}}
{"target": -17.67588469619982, "params": {"gamma": 402.25788156966, "log10_alpha": -4.897344722935087, "log10_colsample_bytree": -0.3655321007176644, "log10_eta": -2.766368230636917, "log10_lambda": 0.27658021139094924, "log10_min_child_weight": 2.2057777603675, "log10_subsample": -0.49525997771280694, "max_depth": 7.0, "num_boost_round": 19.0}, "datetime": {"datetime": "2024-01-19 02:17:01", "elapsed": 7511.628721, "delta": 0.006215}}
{"target": -17.675852423607168, "params": {"gamma": 402.25788156966, "log10_alpha": -4.897344722935087, "log10_colsample_bytree": -0.3655321007176644, "log10_eta": -2.766368230636917, "log10_lambda": 0.27658021139094924, "log10_min_child_weight": 2.2057777603675, "log10_subsample": -0.49525997771280694, "max_depth": 7.0, "num_boost_round": 20.0}, "datetime": {"datetime": "2024-01-19 02:17:01", "elapsed": 7511.634938, "delta": 0.006217}}
{"target": -17.67576029828554, "params": {"gamma": 402.25788156966, "log10_alpha": -4.897344722935087, "log10_colsample_bytree": -0.3655321007176644, "log10_eta": -2.766368230636917, "log10_lambda": 0.27658021139094924, "log10_min_child_weight": 2.2057777603675, "log10_subsample": -0.49525997771280694, "max_depth": 7.0, "num_boost_round": 21.0}, "datetime": {"datetime": "2024-01-19 02:17:01", "elapsed": 7511.641374, "delta": 0.006436}}
{"target": -17.675632544651226, "params": {"gamma": 402.25788156966, "log10_alpha": -4.897344722935087, "log10_colsample_bytree": -0.3655321007176644, "log10_eta": -2.766368230636917, "log10_lambda": 0.27658021139094924, "log10_min_child_weight": 2.2057777603675, "log10_subsample": -0.49525997771280694, "max_depth": 7.0, "num_boost_round": 22.0}, "datetime": {"datetime": "2024-01-19 02:17:01", "elapsed": 7511.647838, "delta": 0.006464}}
{"target": -17.67556461212633, "params": {"gamma": 402.25788156966, "log10_alpha": -4.897344722935087, "log10_colsample_bytree": -0.3655321007176644, "log10_eta": -2.766368230636917, "log10_lambda": 0.27658021139094924, "log10_min_child_weight": 2.2057777603675, "log10_subsample": -0.49525997771280694, "max_depth": 7.0, "num_boost_round": 23.0}, "datetime": {"datetime": "2024-01-19 02:17:01", "elapsed": 7511.65417, "delta": 0.006332}}
{"target": -17.677228132898783, "params": {"gamma": 413.819677506735, "log10_alpha": -1.2741156510227993, "log10_colsample_bytree": -0.9856896347974019, "log10_eta": -3.6570302385177067, "log10_lambda": -3.428638592454255, "log10_min_child_weight": 1.3725676675436942, "log10_subsample": -0.39769434099822, "max_depth": 4.0, "num_boost_round": 0.0}, "datetime": {"datetime": "2024-01-19 02:18:01", "elapsed": 7571.08578, "delta": 59.43161}}
{"target": -17.677224059612758, "params": {"gamma": 413.819677506735, "log10_alpha": -1.2741156510227993, "log10_colsample_bytree": -0.9856896347974019, "log10_eta": -3.6570302385177067, "log10_lambda": -3.428638592454255, "log10_min_child_weight": 1.3725676675436942, "log10_subsample": -0.39769434099822, "max_depth": 4.0, "num_boost_round": 1.0}, "datetime": {"datetime": "2024-01-19 02:18:01", "elapsed": 7571.094639, "delta": 0.008859}}
{"target": -17.67721640661048, "params": {"gamma": 413.819677506735, "log10_alpha": -1.2741156510227993, "log10_colsample_bytree": -0.9856896347974019, "log10_eta": -3.6570302385177067, "log10_lambda": -3.428638592454255, "log10_min_child_weight": 1.3725676675436942, "log10_subsample": -0.39769434099822, "max_depth": 4.0, "num_boost_round": 2.0}, "datetime": {"datetime": "2024-01-19 02:18:01", "elapsed": 7571.102726, "delta": 0.008087}}
{"target": -17.67721354230474, "params": {"gamma": 413.819677506735, "log10_alpha": -1.2741156510227993, "log10_colsample_bytree": -0.9856896347974019, "log10_eta": -3.6570302385177067, "log10_lambda": -3.428638592454255, "log10_min_child_weight": 1.3725676675436942, "log10_subsample": -0.39769434099822, "max_depth": 4.0, "num_boost_round": 3.0}, "datetime": {"datetime": "2024-01-19 02:18:01", "elapsed": 7571.110689, "delta": 0.007963}}
{"target": -17.67720773970982, "params": {"gamma": 413.819677506735, "log10_alpha": -1.2741156510227993, "log10_colsample_bytree": -0.9856896347974019, "log10_eta": -3.6570302385177067, "log10_lambda": -3.428638592454255, "log10_min_child_weight": 1.3725676675436942, "log10_subsample": -0.39769434099822, "max_depth": 4.0, "num_boost_round": 4.0}, "datetime": {"datetime": "2024-01-19 02:18:01", "elapsed": 7571.11861, "delta": 0.007921}}
{"target": -17.677206214990743, "params": {"gamma": 413.819677506735, "log10_alpha": -1.2741156510227993, "log10_colsample_bytree": -0.9856896347974019, "log10_eta": -3.6570302385177067, "log10_lambda": -3.428638592454255, "log10_min_child_weight": 1.3725676675436942, "log10_subsample": -0.39769434099822, "max_depth": 4.0, "num_boost_round": 5.0}, "datetime": {"datetime": "2024-01-19 02:18:01", "elapsed": 7571.126765, "delta": 0.008155}}
{"target": -17.67720547264443, "params": {"gamma": 413.819677506735, "log10_alpha": -1.2741156510227993, "log10_colsample_bytree": -0.9856896347974019, "log10_eta": -3.6570302385177067, "log10_lambda": -3.428638592454255, "log10_min_child_weight": 1.3725676675436942, "log10_subsample": -0.39769434099822, "max_depth": 4.0, "num_boost_round": 6.0}, "datetime": {"datetime": "2024-01-19 02:18:01", "elapsed": 7571.134742, "delta": 0.007977}}
{"target": -17.677196242425143, "params": {"gamma": 413.819677506735, "log10_alpha": -1.2741156510227993, "log10_colsample_bytree": -0.9856896347974019, "log10_eta": -3.6570302385177067, "log10_lambda": -3.428638592454255, "log10_min_child_weight": 1.3725676675436942, "log10_subsample": -0.39769434099822, "max_depth": 4.0, "num_boost_round": 7.0}, "datetime": {"datetime": "2024-01-19 02:18:01", "elapsed": 7571.14293, "delta": 0.008188}}
{"target": -17.67718935414008, "params": {"gamma": 413.819677506735, "log10_alpha": -1.2741156510227993, "log10_colsample_bytree": -0.9856896347974019, "log10_eta": -3.6570302385177067, "log10_lambda": -3.428638592454255, "log10_min_child_weight": 1.3725676675436942, "log10_subsample": -0.39769434099822, "max_depth": 4.0, "num_boost_round": 8.0}, "datetime": {"datetime": "2024-01-19 02:18:01", "elapsed": 7571.151003, "delta": 0.008073}}
{"target": -17.67718270536321, "params": {"gamma": 413.819677506735, "log10_alpha": -1.2741156510227993, "log10_colsample_bytree": -0.9856896347974019, "log10_eta": -3.6570302385177067, "log10_lambda": -3.428638592454255, "log10_min_child_weight": 1.3725676675436942, "log10_subsample": -0.39769434099822, "max_depth": 4.0, "num_boost_round": 9.0}, "datetime": {"datetime": "2024-01-19 02:18:01", "elapsed": 7571.158858, "delta": 0.007855}}
{"target": -17.67717500590046, "params": {"gamma": 413.819677506735, "log10_alpha": -1.2741156510227993, "log10_colsample_bytree": -0.9856896347974019, "log10_eta": -3.6570302385177067, "log10_lambda": -3.428638592454255, "log10_min_child_weight": 1.3725676675436942, "log10_subsample": -0.39769434099822, "max_depth": 4.0, "num_boost_round": 10.0}, "datetime": {"datetime": "2024-01-19 02:18:01", "elapsed": 7571.16698, "delta": 0.008122}}
{"target": -17.6772239747148, "params": {"gamma": 411.44798622328415, "log10_alpha": 0.9369117830337421, "log10_colsample_bytree": -0.5639371968331777, "log10_eta": -3.362149754985094, "log10_lambda": -3.232459055559151, "log10_min_child_weight": 2.808768422404797, "log10_subsample": -0.9026528405893229, "max_depth": 5.0, "num_boost_round": 0.0}, "datetime": {"datetime": "2024-01-19 02:19:13", "elapsed": 7643.723057, "delta": 72.556077}}
{"target": -17.677213258538295, "params": {"gamma": 411.44798622328415, "log10_alpha": 0.9369117830337421, "log10_colsample_bytree": -0.5639371968331777, "log10_eta": -3.362149754985094, "log10_lambda": -3.232459055559151, "log10_min_child_weight": 2.808768422404797, "log10_subsample": -0.9026528405893229, "max_depth": 5.0, "num_boost_round": 1.0}, "datetime": {"datetime": "2024-01-19 02:19:13", "elapsed": 7643.730176, "delta": 0.007119}}
{"target": -17.677189625385203, "params": {"gamma": 411.44798622328415, "log10_alpha": 0.9369117830337421, "log10_colsample_bytree": -0.5639371968331777, "log10_eta": -3.362149754985094, "log10_lambda": -3.232459055559151, "log10_min_child_weight": 2.808768422404797, "log10_subsample": -0.9026528405893229, "max_depth": 5.0, "num_boost_round": 2.0}, "datetime": {"datetime": "2024-01-19 02:19:14", "elapsed": 7643.842534, "delta": 0.112358}}
{"target": -17.677177350323007, "params": {"gamma": 411.44798622328415, "log10_alpha": 0.9369117830337421, "log10_colsample_bytree": -0.5639371968331777, "log10_eta": -3.362149754985094, "log10_lambda": -3.232459055559151, "log10_min_child_weight": 2.808768422404797, "log10_subsample": -0.9026528405893229, "max_depth": 5.0, "num_boost_round": 3.0}, "datetime": {"datetime": "2024-01-19 02:19:14", "elapsed": 7643.850326, "delta": 0.007792}}
{"target": -17.677162351650217, "params": {"gamma": 411.44798622328415, "log10_alpha": 0.9369117830337421, "log10_colsample_bytree": -0.5639371968331777, "log10_eta": -3.362149754985094, "log10_lambda": -3.232459055559151, "log10_min_child_weight": 2.808768422404797, "log10_subsample": -0.9026528405893229, "max_depth": 5.0, "num_boost_round": 4.0}, "datetime": {"datetime": "2024-01-19 02:19:14", "elapsed": 7643.857808, "delta": 0.007482}}
{"target": -17.677173733548447, "params": {"gamma": 411.44798622328415, "log10_alpha": 0.9369117830337421, "log10_colsample_bytree": -0.5639371968331777, "log10_eta": -3.362149754985094, "log10_lambda": -3.232459055559151, "log10_min_child_weight": 2.808768422404797, "log10_subsample": -0.9026528405893229, "max_depth": 5.0, "num_boost_round": 5.0}, "datetime": {"datetime": "2024-01-19 02:19:14", "elapsed": 7643.864902, "delta": 0.007094}}
{"target": -17.677166082900857, "params": {"gamma": 411.44798622328415, "log10_alpha": 0.9369117830337421, "log10_colsample_bytree": -0.5639371968331777, "log10_eta": -3.362149754985094, "log10_lambda": -3.232459055559151, "log10_min_child_weight": 2.808768422404797, "log10_subsample": -0.9026528405893229, "max_depth": 5.0, "num_boost_round": 6.0}, "datetime": {"datetime": "2024-01-19 02:19:14", "elapsed": 7643.871524, "delta": 0.006622}}
{"target": -17.677163325085427, "params": {"gamma": 411.44798622328415, "log10_alpha": 0.9369117830337421, "log10_colsample_bytree": -0.5639371968331777, "log10_eta": -3.362149754985094, "log10_lambda": -3.232459055559151, "log10_min_child_weight": 2.808768422404797, "log10_subsample": -0.9026528405893229, "max_depth": 5.0, "num_boost_round": 7.0}, "datetime": {"datetime": "2024-01-19 02:19:14", "elapsed": 7643.878042, "delta": 0.006518}}
{"target": -17.677148951248768, "params": {"gamma": 411.44798622328415, "log10_alpha": 0.9369117830337421, "log10_colsample_bytree": -0.5639371968331777, "log10_eta": -3.362149754985094, "log10_lambda": -3.232459055559151, "log10_min_child_weight": 2.808768422404797, "log10_subsample": -0.9026528405893229, "max_depth": 5.0, "num_boost_round": 8.0}, "datetime": {"datetime": "2024-01-19 02:19:14", "elapsed": 7643.884618, "delta": 0.006576}}
{"target": -17.677134897814653, "params": {"gamma": 411.44798622328415, "log10_alpha": 0.9369117830337421, "log10_colsample_bytree": -0.5639371968331777, "log10_eta": -3.362149754985094, "log10_lambda": -3.232459055559151, "log10_min_child_weight": 2.808768422404797, "log10_subsample": -0.9026528405893229, "max_depth": 5.0, "num_boost_round": 9.0}, "datetime": {"datetime": "2024-01-19 02:19:14", "elapsed": 7643.891153, "delta": 0.006535}}
{"target": -17.677116310155743, "params": {"gamma": 411.44798622328415, "log10_alpha": 0.9369117830337421, "log10_colsample_bytree": -0.5639371968331777, "log10_eta": -3.362149754985094, "log10_lambda": -3.232459055559151, "log10_min_child_weight": 2.808768422404797, "log10_subsample": -0.9026528405893229, "max_depth": 5.0, "num_boost_round": 10.0}, "datetime": {"datetime": "2024-01-19 02:19:14", "elapsed": 7643.89768, "delta": 0.006527}}
{"target": -17.677104542077135, "params": {"gamma": 411.44798622328415, "log10_alpha": 0.9369117830337421, "log10_colsample_bytree": -0.5639371968331777, "log10_eta": -3.362149754985094, "log10_lambda": -3.232459055559151, "log10_min_child_weight": 2.808768422404797, "log10_subsample": -0.9026528405893229, "max_depth": 5.0, "num_boost_round": 11.0}, "datetime": {"datetime": "2024-01-19 02:19:14", "elapsed": 7643.904187, "delta": 0.006507}}
{"target": -17.677203025348998, "params": {"gamma": 404.1449945645754, "log10_alpha": -4.952507729106889, "log10_colsample_bytree": -0.037925268845957816, "log10_eta": -2.1973499997625128, "log10_lambda": 0.34212267481184444, "log10_min_child_weight": 4.857089235190725, "log10_subsample": -0.3942379719633863, "max_depth": 9.0, "num_boost_round": 0.0}, "datetime": {"datetime": "2024-01-19 02:20:58", "elapsed": 7748.257049, "delta": 104.352862}}
{"target": -17.677174702584026, "params": {"gamma": 404.1449945645754, "log10_alpha": -4.952507729106889, "log10_colsample_bytree": -0.037925268845957816, "log10_eta": -2.1973499997625128, "log10_lambda": 0.34212267481184444, "log10_min_child_weight": 4.857089235190725, "log10_subsample": -0.3942379719633863, "max_depth": 9.0, "num_boost_round": 1.0}, "datetime": {"datetime": "2024-01-19 02:20:58", "elapsed": 7748.264799, "delta": 0.00775}}
{"target": -17.677122785485906, "params": {"gamma": 404.1449945645754, "log10_alpha": -4.952507729106889, "log10_colsample_bytree": -0.037925268845957816, "log10_eta": -2.1973499997625128, "log10_lambda": 0.34212267481184444, "log10_min_child_weight": 4.857089235190725, "log10_subsample": -0.3942379719633863, "max_depth": 9.0, "num_boost_round": 2.0}, "datetime": {"datetime": "2024-01-19 02:20:58", "elapsed": 7748.271508, "delta": 0.006709}}
{"target": -17.67711038324875, "params": {"gamma": 404.1449945645754, "log10_alpha": -4.952507729106889, "log10_colsample_bytree": -0.037925268845957816, "log10_eta": -2.1973499997625128, "log10_lambda": 0.34212267481184444, "log10_min_child_weight": 4.857089235190725, "log10_subsample": -0.3942379719633863, "max_depth": 9.0, "num_boost_round": 3.0}, "datetime": {"datetime": "2024-01-19 02:20:58", "elapsed": 7748.278175, "delta": 0.006667}}
{"target": -17.677099527400507, "params": {"gamma": 404.1449945645754, "log10_alpha": -4.952507729106889, "log10_colsample_bytree": -0.037925268845957816, "log10_eta": -2.1973499997625128, "log10_lambda": 0.34212267481184444, "log10_min_child_weight": 4.857089235190725, "log10_subsample": -0.3942379719633863, "max_depth": 9.0, "num_boost_round": 4.0}, "datetime": {"datetime": "2024-01-19 02:20:58", "elapsed": 7748.284891, "delta": 0.006716}}
{"target": -17.67703088206809, "params": {"gamma": 404.1449945645754, "log10_alpha": -4.952507729106889, "log10_colsample_bytree": -0.037925268845957816, "log10_eta": -2.1973499997625128, "log10_lambda": 0.34212267481184444, "log10_min_child_weight": 4.857089235190725, "log10_subsample": -0.3942379719633863, "max_depth": 9.0, "num_boost_round": 5.0}, "datetime": {"datetime": "2024-01-19 02:20:58", "elapsed": 7748.291539, "delta": 0.006648}}
