{"target": -17.67716067856926, "params": {"gamma": 710.5169470134391, "log10_alpha": -0.7303509534800172, "log10_colsample_bytree": -0.05194398720052218, "log10_eta": -3.865580478482704, "log10_lambda": -2.9846007463193285, "log10_min_child_weight": 1.2453609433908897, "log10_subsample": -0.13316474956951252, "max_depth": 5.0, "num_boost_round": 7.0}, "datetime": {"datetime": "2024-01-19 00:35:40", "elapsed": 1447.399909, "delta": 0.001952}}
{"target": -17.67715092256402, "params": {"gamma": 710.5169470134391, "log10_alpha": -0.7303509534800172, "log10_colsample_bytree": -0.05194398720052218, "log10_eta": -3.865580478482704, "log10_lambda": -2.9846007463193285, "log10_min_child_weight": 1.2453609433908897, "log10_subsample": -0.13316474956951252, "max_depth": 5.0, "num_boost_round": 8.0}, "datetime": {"datetime": "2024-01-19 00:35:40", "elapsed": 1447.40184, "delta": 0.001931}}
{"target": -17.677140636750206, "params": {"gamma": 710.5169470134391, "log10_alpha": -0.7303509534800172, "log10_colsample_bytree": -0.05194398720052218, "log10_eta": -3.865580478482704, "log10_lambda": -2.9846007463193285, "log10_min_child_weight": 1.2453609433908897, "log10_subsample": -0.13316474956951252, "max_depth": 5.0, "num_boost_round": 9.0}, "datetime": {"datetime": "2024-01-19 00:35:40", "elapsed": 1447.403741, "delta": 0.001901}}
{"target": -17.677129699975307, "params": {"gamma": 710.5169470134391, "log10_alpha": -0.7303509534800172, "log10_colsample_bytree": -0.05194398720052218, "log10_eta": -3.865580478482704, "log10_lambda": -2.9846007463193285, "log10_min_child_weight": 1.2453609433908897, "log10_subsample": -0.13316474956951252, "max_depth": 5.0, "num_boost_round": 10.0}, "datetime": {"datetime": "2024-01-19 00:35:40", "elapsed": 1447.40567, "delta": 0.001929}}
{"target": -17.67712244700987, "params": {"gamma": 710.5169470134391, "log10_alpha": -0.7303509534800172, "log10_colsample_bytree": -0.05194398720052218, "log10_eta": -3.865580478482704, "log10_lambda": -2.9846007463193285, "log10_min_child_weight": 1.2453609433908897, "log10_subsample": -0.13316474956951252, "max_depth": 5.0, "num_boost_round": 11.0}, "datetime": {"datetime": "2024-01-19 00:35:40", "elapsed": 1447.516162, "delta": 0.110492}}
{"target": -17.677115730185893, "params": {"gamma": 710.5169470134391, "log10_alpha": -0.7303509534800172, "log10_colsample_bytree": -0.05194398720052218, "log10_eta": -3.865580478482704, "log10_lambda": -2.9846007463193285, "log10_min_child_weight": 1.2453609433908897, "log10_subsample": -0.13316474956951252, "max_depth": 5.0, "num_boost_round": 12.0}, "datetime": {"datetime": "2024-01-19 00:35:40", "elapsed": 1447.518709, "delta": 0.002547}}
{"target": -17.677107198267723, "params": {"gamma": 710.5169470134391, "log10_alpha": -0.7303509534800172, "log10_colsample_bytree": -0.05194398720052218, "log10_eta": -3.865580478482704, "log10_lambda": -2.9846007463193285, "log10_min_child_weight": 1.2453609433908897, "log10_subsample": -0.13316474956951252, "max_depth": 5.0, "num_boost_round": 13.0}, "datetime": {"datetime": "2024-01-19 00:35:40", "elapsed": 1447.520934, "delta": 0.002225}}
{"target": -17.677095756343018, "params": {"gamma": 710.5169470134391, "log10_alpha": -0.7303509534800172, "log10_colsample_bytree": -0.05194398720052218, "log10_eta": -3.865580478482704, "log10_lambda": -2.9846007463193285, "log10_min_child_weight": 1.2453609433908897, "log10_subsample": -0.13316474956951252, "max_depth": 5.0, "num_boost_round": 14.0}, "datetime": {"datetime": "2024-01-19 00:35:40", "elapsed": 1447.523021, "delta": 0.002087}}
{"target": -17.67709098471249, "params": {"gamma": 710.5169470134391, "log10_alpha": -0.7303509534800172, "log10_colsample_bytree": -0.05194398720052218, "log10_eta": -3.865580478482704, "log10_lambda": -2.9846007463193285, "log10_min_child_weight": 1.2453609433908897, "log10_subsample": -0.13316474956951252, "max_depth": 5.0, "num_boost_round": 15.0}, "datetime": {"datetime": "2024-01-19 00:35:40", "elapsed": 1447.525272, "delta": 0.002251}}
{"target": -17.677085514524236, "params": {"gamma": 710.5169470134391, "log10_alpha": -0.7303509534800172, "log10_colsample_bytree": -0.05194398720052218, "log10_eta": -3.865580478482704, "log10_lambda": -2.9846007463193285, "log10_min_child_weight": 1.2453609433908897, "log10_subsample": -0.13316474956951252, "max_depth": 5.0, "num_boost_round": 16.0}, "datetime": {"datetime": "2024-01-19 00:35:40", "elapsed": 1447.527317, "delta": 0.002045}}
{"target": -17.677078067391825, "params": {"gamma": 710.5169470134391, "log10_alpha": -0.7303509534800172, "log10_colsample_bytree": -0.05194398720052218, "log10_eta": -3.865580478482704, "log10_lambda": -2.9846007463193285, "log10_min_child_weight": 1.2453609433908897, "log10_subsample": -0.13316474956951252, "max_depth": 5.0, "num_boost_round": 17.0}, "datetime": {"datetime": "2024-01-19 00:35:40", "elapsed": 1447.529291, "delta": 0.001974}}
{"target": -17.67707148015323, "params": {"gamma": 710.5169470134391, "log10_alpha": -0.7303509534800172, "log10_colsample_bytree": -0.05194398720052218, "log10_eta": -3.865580478482704, "log10_lambda": -2.9846007463193285, "log10_min_child_weight": 1.2453609433908897, "log10_subsample": -0.13316474956951252, "max_depth": 5.0, "num_boost_round": 18.0}, "datetime": {"datetime": "2024-01-19 00:35:40", "elapsed": 1447.531314, "delta": 0.002023}}
{"target": -17.67706521528879, "params": {"gamma": 710.5169470134391, "log10_alpha": -0.7303509534800172, "log10_colsample_bytree": -0.05194398720052218, "log10_eta": -3.865580478482704, "log10_lambda": -2.9846007463193285, "log10_min_child_weight": 1.2453609433908897, "log10_subsample": -0.13316474956951252, "max_depth": 5.0, "num_boost_round": 19.0}, "datetime": {"datetime": "2024-01-19 00:35:40", "elapsed": 1447.533364, "delta": 0.00205}}
{"target": -17.677057908487225, "params": {"gamma": 710.5169470134391, "log10_alpha": -0.7303509534800172, "log10_colsample_bytree": -0.05194398720052218, "log10_eta": -3.865580478482704, "log10_lambda": -2.9846007463193285, "log10_min_child_weight": 1.2453609433908897, "log10_subsample": -0.13316474956951252, "max_depth": 5.0, "num_boost_round": 20.0}, "datetime": {"datetime": "2024-01-19 00:35:40", "elapsed": 1447.535429, "delta": 0.002065}}
{"target": -17.677049464304464, "params": {"gamma": 710.5169470134391, "log10_alpha": -0.7303509534800172, "log10_colsample_bytree": -0.05194398720052218, "log10_eta": -3.865580478482704, "log10_lambda": -2.9846007463193285, "log10_min_child_weight": 1.2453609433908897, "log10_subsample": -0.13316474956951252, "max_depth": 5.0, "num_boost_round": 21.0}, "datetime": {"datetime": "2024-01-19 00:35:40", "elapsed": 1447.537481, "delta": 0.002052}}
{"target": -17.67704201152714, "params": {"gamma": 710.5169470134391, "log10_alpha": -0.7303509534800172, "log10_colsample_bytree": -0.05194398720052218, "log10_eta": -3.865580478482704, "log10_lambda": -2.9846007463193285, "log10_min_child_weight": 1.2453609433908897, "log10_subsample": -0.13316474956951252, "max_depth": 5.0, "num_boost_round": 22.0}, "datetime": {"datetime": "2024-01-19 00:35:40", "elapsed": 1447.539544, "delta": 0.002063}}
{"target": -17.677038554778516, "params": {"gamma": 710.5169470134391, "log10_alpha": -0.7303509534800172, "log10_colsample_bytree": -0.05194398720052218, "log10_eta": -3.865580478482704, "log10_lambda": -2.9846007463193285, "log10_min_child_weight": 1.2453609433908897, "log10_subsample": -0.13316474956951252, "max_depth": 5.0, "num_boost_round": 23.0}, "datetime": {"datetime": "2024-01-19 00:35:40", "elapsed": 1447.541584, "delta": 0.00204}}
{"target": -17.67703068991353, "params": {"gamma": 710.5169470134391, "log10_alpha": -0.7303509534800172, "log10_colsample_bytree": -0.05194398720052218, "log10_eta": -3.865580478482704, "log10_lambda": -2.9846007463193285, "log10_min_child_weight": 1.2453609433908897, "log10_subsample": -0.13316474956951252, "max_depth": 5.0, "num_boost_round": 24.0}, "datetime": {"datetime": "2024-01-19 00:35:40", "elapsed": 1447.543609, "delta": 0.002025}}
{"target": -17.677023999439506, "params": {"gamma": 710.5169470134391, "log10_alpha": -0.7303509534800172, "log10_colsample_bytree": -0.05194398720052218, "log10_eta": -3.865580478482704, "log10_lambda": -2.9846007463193285, "log10_min_child_weight": 1.2453609433908897, "log10_subsample": -0.13316474956951252, "max_depth": 5.0, "num_boost_round": 25.0}, "datetime": {"datetime": "2024-01-19 00:35:40", "elapsed": 1447.545646, "delta": 0.002037}}
{"target": -17.67701427061619, "params": {"gamma": 710.5169470134391, "log10_alpha": -0.7303509534800172, "log10_colsample_bytree": -0.05194398720052218, "log10_eta": -3.865580478482704, "log10_lambda": -2.9846007463193285, "log10_min_child_weight": 1.2453609433908897, "log10_subsample": -0.13316474956951252, "max_depth": 5.0, "num_boost_round": 26.0}, "datetime": {"datetime": "2024-01-19 00:35:40", "elapsed": 1447.547693, "delta": 0.002047}}
{"target": -17.677006998435605, "params": {"gamma": 710.5169470134391, "log10_alpha": -0.7303509534800172, "log10_colsample_bytree": -0.05194398720052218, "log10_eta": -3.865580478482704, "log10_lambda": -2.9846007463193285, "log10_min_child_weight": 1.2453609433908897, "log10_subsample": -0.13316474956951252, "max_depth": 5.0, "num_boost_round": 27.0}, "datetime": {"datetime": "2024-01-19 00:35:40", "elapsed": 1447.549709, "delta": 0.002016}}
{"target": -17.677003014656812, "params": {"gamma": 710.5169470134391, "log10_alpha": -0.7303509534800172, "log10_colsample_bytree": -0.05194398720052218, "log10_eta": -3.865580478482704, "log10_lambda": -2.9846007463193285, "log10_min_child_weight": 1.2453609433908897, "log10_subsample": -0.13316474956951252, "max_depth": 5.0, "num_boost_round": 28.0}, "datetime": {"datetime": "2024-01-19 00:35:40", "elapsed": 1447.551743, "delta": 0.002034}}
{"target": -17.676990815141718, "params": {"gamma": 710.5169470134391, "log10_alpha": -0.7303509534800172, "log10_colsample_bytree": -0.05194398720052218, "log10_eta": -3.865580478482704, "log10_lambda": -2.9846007463193285, "log10_min_child_weight": 1.2453609433908897, "log10_subsample": -0.13316474956951252, "max_depth": 5.0, "num_boost_round": 29.0}, "datetime": {"datetime": "2024-01-19 00:35:40", "elapsed": 1447.553788, "delta": 0.002045}}
{"target": -17.676984215720914, "params": {"gamma": 710.5169470134391, "log10_alpha": -0.7303509534800172, "log10_colsample_bytree": -0.05194398720052218, "log10_eta": -3.865580478482704, "log10_lambda": -2.9846007463193285, "log10_min_child_weight": 1.2453609433908897, "log10_subsample": -0.13316474956951252, "max_depth": 5.0, "num_boost_round": 30.0}, "datetime": {"datetime": "2024-01-19 00:35:40", "elapsed": 1447.555834, "delta": 0.002046}}
{"target": -17.676978041532344, "params": {"gamma": 710.5169470134391, "log10_alpha": -0.7303509534800172, "log10_colsample_bytree": -0.05194398720052218, "log10_eta": -3.865580478482704, "log10_lambda": -2.9846007463193285, "log10_min_child_weight": 1.2453609433908897, "log10_subsample": -0.13316474956951252, "max_depth": 5.0, "num_boost_round": 31.0}, "datetime": {"datetime": "2024-01-19 00:35:40", "elapsed": 1447.557864, "delta": 0.00203}}
{"target": -17.676969818962228, "params": {"gamma": 710.5169470134391, "log10_alpha": -0.7303509534800172, "log10_colsample_bytree": -0.05194398720052218, "log10_eta": -3.865580478482704, "log10_lambda": -2.9846007463193285, "log10_min_child_weight": 1.2453609433908897, "log10_subsample": -0.13316474956951252, "max_depth": 5.0, "num_boost_round": 32.0}, "datetime": {"datetime": "2024-01-19 00:35:40", "elapsed": 1447.55992, "delta": 0.002056}}
{"target": -17.676962305690456, "params": {"gamma": 710.5169470134391, "log10_alpha": -0.7303509534800172, "log10_colsample_bytree": -0.05194398720052218, "log10_eta": -3.865580478482704, "log10_lambda": -2.9846007463193285, "log10_min_child_weight": 1.2453609433908897, "log10_subsample": -0.13316474956951252, "max_depth": 5.0, "num_boost_round": 33.0}, "datetime": {"datetime": "2024-01-19 00:35:40", "elapsed": 1447.561961, "delta": 0.002041}}
{"target": -17.676955149064515, "params": {"gamma": 710.5169470134391, "log10_alpha": -0.7303509534800172, "log10_colsample_bytree": -0.05194398720052218, "log10_eta": -3.865580478482704, "log10_lambda": -2.9846007463193285, "log10_min_child_weight": 1.2453609433908897, "log10_subsample": -0.13316474956951252, "max_depth": 5.0, "num_boost_round": 34.0}, "datetime": {"datetime": "2024-01-19 00:35:40", "elapsed": 1447.563994, "delta": 0.002033}}
{"target": -17.676948578850414, "params": {"gamma": 710.5169470134391, "log10_alpha": -0.7303509534800172, "log10_colsample_bytree": -0.05194398720052218, "log10_eta": -3.865580478482704, "log10_lambda": -2.9846007463193285, "log10_min_child_weight": 1.2453609433908897, "log10_subsample": -0.13316474956951252, "max_depth": 5.0, "num_boost_round": 35.0}, "datetime": {"datetime": "2024-01-19 00:35:40", "elapsed": 1447.566047, "delta": 0.002053}}
{"target": -17.67694428129667, "params": {"gamma": 710.5169470134391, "log10_alpha": -0.7303509534800172, "log10_colsample_bytree": -0.05194398720052218, "log10_eta": -3.865580478482704, "log10_lambda": -2.9846007463193285, "log10_min_child_weight": 1.2453609433908897, "log10_subsample": -0.13316474956951252, "max_depth": 5.0, "num_boost_round": 36.0}, "datetime": {"datetime": "2024-01-19 00:35:40", "elapsed": 1447.568094, "delta": 0.002047}}
{"target": -17.676935741275784, "params": {"gamma": 710.5169470134391, "log10_alpha": -0.7303509534800172, "log10_colsample_bytree": -0.05194398720052218, "log10_eta": -3.865580478482704, "log10_lambda": -2.9846007463193285, "log10_min_child_weight": 1.2453609433908897, "log10_subsample": -0.13316474956951252, "max_depth": 5.0, "num_boost_round": 37.0}, "datetime": {"datetime": "2024-01-19 00:35:40", "elapsed": 1447.570123, "delta": 0.002029}}
{"target": -17.67693010170845, "params": {"gamma": 710.5169470134391, "log10_alpha": -0.7303509534800172, "log10_colsample_bytree": -0.05194398720052218, "log10_eta": -3.865580478482704, "log10_lambda": -2.9846007463193285, "log10_min_child_weight": 1.2453609433908897, "log10_subsample": -0.13316474956951252, "max_depth": 5.0, "num_boost_round": 38.0}, "datetime": {"datetime": "2024-01-19 00:35:40", "elapsed": 1447.572158, "delta": 0.002035}}
{"target": -17.676929655817343, "params": {"gamma": 710.5169470134391, "log10_alpha": -0.7303509534800172, "log10_colsample_bytree": -0.05194398720052218, "log10_eta": -3.865580478482704, "log10_lambda": -2.9846007463193285, "log10_min_child_weight": 1.2453609433908897, "log10_subsample": -0.13316474956951252, "max_depth": 5.0, "num_boost_round": 39.0}, "datetime": {"datetime": "2024-01-19 00:35:40", "elapsed": 1447.57422, "delta": 0.002062}}
{"target": -17.67692108123121, "params": {"gamma": 710.5169470134391, "log10_alpha": -0.7303509534800172, "log10_colsample_bytree": -0.05194398720052218, "log10_eta": -3.865580478482704, "log10_lambda": -2.9846007463193285, "log10_min_child_weight": 1.2453609433908897, "log10_subsample": -0.13316474956951252, "max_depth": 5.0, "num_boost_round": 40.0}, "datetime": {"datetime": "2024-01-19 00:35:40", "elapsed": 1447.576275, "delta": 0.002055}}
{"target": -17.676915443450305, "params": {"gamma": 710.5169470134391, "log10_alpha": -0.7303509534800172, "log10_colsample_bytree": -0.05194398720052218, "log10_eta": -3.865580478482704, "log10_lambda": -2.9846007463193285, "log10_min_child_weight": 1.2453609433908897, "log10_subsample": -0.13316474956951252, "max_depth": 5.0, "num_boost_round": 41.0}, "datetime": {"datetime": "2024-01-19 00:35:40", "elapsed": 1447.578297, "delta": 0.002022}}
{"target": -17.676908098989347, "params": {"gamma": 710.5169470134391, "log10_alpha": -0.7303509534800172, "log10_colsample_bytree": -0.05194398720052218, "log10_eta": -3.865580478482704, "log10_lambda": -2.9846007463193285, "log10_min_child_weight": 1.2453609433908897, "log10_subsample": -0.13316474956951252, "max_depth": 5.0, "num_boost_round": 42.0}, "datetime": {"datetime": "2024-01-19 00:35:40", "elapsed": 1447.580379, "delta": 0.002082}}
{"target": -17.67691010373372, "params": {"gamma": 710.5169470134391, "log10_alpha": -0.7303509534800172, "log10_colsample_bytree": -0.05194398720052218, "log10_eta": -3.865580478482704, "log10_lambda": -2.9846007463193285, "log10_min_child_weight": 1.2453609433908897, "log10_subsample": -0.13316474956951252, "max_depth": 5.0, "num_boost_round": 43.0}, "datetime": {"datetime": "2024-01-19 00:35:40", "elapsed": 1447.58242, "delta": 0.002041}}
{"target": -17.67690753978482, "params": {"gamma": 710.5169470134391, "log10_alpha": -0.7303509534800172, "log10_colsample_bytree": -0.05194398720052218, "log10_eta": -3.865580478482704, "log10_lambda": -2.9846007463193285, "log10_min_child_weight": 1.2453609433908897, "log10_subsample": -0.13316474956951252, "max_depth": 5.0, "num_boost_round": 44.0}, "datetime": {"datetime": "2024-01-19 00:35:40", "elapsed": 1447.584474, "delta": 0.002054}}
{"target": -17.676896561254846, "params": {"gamma": 710.5169470134391, "log10_alpha": -0.7303509534800172, "log10_colsample_bytree": -0.05194398720052218, "log10_eta": -3.865580478482704, "log10_lambda": -2.9846007463193285, "log10_min_child_weight": 1.2453609433908897, "log10_subsample": -0.13316474956951252, "max_depth": 5.0, "num_boost_round": 45.0}, "datetime": {"datetime": "2024-01-19 00:35:40", "elapsed": 1447.586543, "delta": 0.002069}}
{"target": -17.676891218584235, "params": {"gamma": 710.5169470134391, "log10_alpha": -0.7303509534800172, "log10_colsample_bytree": -0.05194398720052218, "log10_eta": -3.865580478482704, "log10_lambda": -2.9846007463193285, "log10_min_child_weight": 1.2453609433908897, "log10_subsample": -0.13316474956951252, "max_depth": 5.0, "num_boost_round": 46.0}, "datetime": {"datetime": "2024-01-19 00:35:40", "elapsed": 1447.588635, "delta": 0.002092}}
{"target": -17.67688580627819, "params": {"gamma": 710.5169470134391, "log10_alpha": -0.7303509534800172, "log10_colsample_bytree": -0.05194398720052218, "log10_eta": -3.865580478482704, "log10_lambda": -2.9846007463193285, "log10_min_child_weight": 1.2453609433908897, "log10_subsample": -0.13316474956951252, "max_depth": 5.0, "num_boost_round": 47.0}, "datetime": {"datetime": "2024-01-19 00:35:40", "elapsed": 1447.590706, "delta": 0.002071}}
{"target": -17.67687691350189, "params": {"gamma": 710.5169470134391, "log10_alpha": -0.7303509534800172, "log10_colsample_bytree": -0.05194398720052218, "log10_eta": -3.865580478482704, "log10_lambda": -2.9846007463193285, "log10_min_child_weight": 1.2453609433908897, "log10_subsample": -0.13316474956951252, "max_depth": 5.0, "num_boost_round": 48.0}, "datetime": {"datetime": "2024-01-19 00:35:40", "elapsed": 1447.593717, "delta": 0.003011}}
{"target": -17.676870468340084, "params": {"gamma": 710.5169470134391, "log10_alpha": -0.7303509534800172, "log10_colsample_bytree": -0.05194398720052218, "log10_eta": -3.865580478482704, "log10_lambda": -2.9846007463193285, "log10_min_child_weight": 1.2453609433908897, "log10_subsample": -0.13316474956951252, "max_depth": 5.0, "num_boost_round": 49.0}, "datetime": {"datetime": "2024-01-19 00:35:40", "elapsed": 1447.59591, "delta": 0.002193}}
{"target": -17.67686026997699, "params": {"gamma": 710.5169470134391, "log10_alpha": -0.7303509534800172, "log10_colsample_bytree": -0.05194398720052218, "log10_eta": -3.865580478482704, "log10_lambda": -2.9846007463193285, "log10_min_child_weight": 1.2453609433908897, "log10_subsample": -0.13316474956951252, "max_depth": 5.0, "num_boost_round": 50.0}, "datetime": {"datetime": "2024-01-19 00:35:40", "elapsed": 1447.598074, "delta": 0.002164}}
{"target": -17.676852875185055, "params": {"gamma": 710.5169470134391, "log10_alpha": -0.7303509534800172, "log10_colsample_bytree": -0.05194398720052218, "log10_eta": -3.865580478482704, "log10_lambda": -2.9846007463193285, "log10_min_child_weight": 1.2453609433908897, "log10_subsample": -0.13316474956951252, "max_depth": 5.0, "num_boost_round": 51.0}, "datetime": {"datetime": "2024-01-19 00:35:40", "elapsed": 1447.600144, "delta": 0.00207}}
{"target": -17.676845782538507, "params": {"gamma": 710.5169470134391, "log10_alpha": -0.7303509534800172, "log10_colsample_bytree": -0.05194398720052218, "log10_eta": -3.865580478482704, "log10_lambda": -2.9846007463193285, "log10_min_child_weight": 1.2453609433908897, "log10_subsample": -0.13316474956951252, "max_depth": 5.0, "num_boost_round": 52.0}, "datetime": {"datetime": "2024-01-19 00:35:40", "elapsed": 1447.602173, "delta": 0.002029}}
{"target": -17.676840600851353, "params": {"gamma": 710.5169470134391, "log10_alpha": -0.7303509534800172, "log10_colsample_bytree": -0.05194398720052218, "log10_eta": -3.865580478482704, "log10_lambda": -2.9846007463193285, "log10_min_child_weight": 1.2453609433908897, "log10_subsample": -0.13316474956951252, "max_depth": 5.0, "num_boost_round": 53.0}, "datetime": {"datetime": "2024-01-19 00:35:40", "elapsed": 1447.604184, "delta": 0.002011}}
{"target": -17.67683759503841, "params": {"gamma": 710.5169470134391, "log10_alpha": -0.7303509534800172, "log10_colsample_bytree": -0.05194398720052218, "log10_eta": -3.865580478482704, "log10_lambda": -2.9846007463193285, "log10_min_child_weight": 1.2453609433908897, "log10_subsample": -0.13316474956951252, "max_depth": 5.0, "num_boost_round": 54.0}, "datetime": {"datetime": "2024-01-19 00:35:40", "elapsed": 1447.60622, "delta": 0.002036}}
{"target": -17.6768265851512, "params": {"gamma": 710.5169470134391, "log10_alpha": -0.7303509534800172, "log10_colsample_bytree": -0.05194398720052218, "log10_eta": -3.865580478482704, "log10_lambda": -2.9846007463193285, "log10_min_child_weight": 1.2453609433908897, "log10_subsample": -0.13316474956951252, "max_depth": 5.0, "num_boost_round": 55.0}, "datetime": {"datetime": "2024-01-19 00:35:40", "elapsed": 1447.60826, "delta": 0.00204}}
