{"target": -13.758127088632833, "params": {"gamma": 967.0298390136767, "log10_alpha": -1.7166065049456662, "log10_colsample_bytree": -0.027315640035115663, "log10_eta": -1.1407360253025414, "log10_lambda": -0.8136270524163756, "log10_min_child_weight": 1.080447477901882, "log10_subsample": -0.02372554522375825, "max_depth": 2.0, "num_boost_round": 0.0}, "datetime": {"datetime": "2024-01-19 00:11:38", "elapsed": 0.0, "delta": 0.0}}
{"target": -13.758453433790896, "params": {"gamma": 967.0298390136767, "log10_alpha": -1.7166065049456662, "log10_colsample_bytree": -0.027315640035115663, "log10_eta": -1.1407360253025414, "log10_lambda": -0.8136270524163756, "log10_min_child_weight": 1.080447477901882, "log10_subsample": -0.02372554522375825, "max_depth": 2.0, "num_boost_round": 1.0}, "datetime": {"datetime": "2024-01-19 00:11:46", "elapsed": 7.983539, "delta": 7.983539}}
{"target": -13.758737935223406, "params": {"gamma": 967.0298390136767, "log10_alpha": -1.7166065049456662, "log10_colsample_bytree": -0.027315640035115663, "log10_eta": -1.1407360253025414, "log10_lambda": -0.8136270524163756, "log10_min_child_weight": 1.080447477901882, "log10_subsample": -0.02372554522375825, "max_depth": 2.0, "num_boost_round": 2.0}, "datetime": {"datetime": "2024-01-19 00:11:46", "elapsed": 7.983731, "delta": 0.000192}}
{"target": -13.7594693659388, "params": {"gamma": 967.0298390136767, "log10_alpha": -1.7166065049456662, "log10_colsample_bytree": -0.027315640035115663, "log10_eta": -1.1407360253025414, "log10_lambda": -0.8136270524163756, "log10_min_child_weight": 1.080447477901882, "log10_subsample": -0.02372554522375825, "max_depth": 2.0, "num_boost_round": 3.0}, "datetime": {"datetime": "2024-01-19 00:11:46", "elapsed": 7.983883, "delta": 0.000152}}
{"target": -13.759796394273097, "params": {"gamma": 967.0298390136767, "log10_alpha": -1.7166065049456662, "log10_colsample_bytree": -0.027315640035115663, "log10_eta": -1.1407360253025414, "log10_lambda": -0.8136270524163756, "log10_min_child_weight": 1.080447477901882, "log10_subsample": -0.02372554522375825, "max_depth": 2.0, "num_boost_round": 4.0}, "datetime": {"datetime": "2024-01-19 00:11:46", "elapsed": 7.984044, "delta": 0.000161}}
{"target": -13.760655017679197, "params": {"gamma": 967.0298390136767, "log10_alpha": -1.7166065049456662, "log10_colsample_bytree": -0.027315640035115663, "log10_eta": -1.1407360253025414, "log10_lambda": -0.8136270524163756, "log10_min_child_weight": 1.080447477901882, "log10_subsample": -0.02372554522375825, "max_depth": 2.0, "num_boost_round": 5.0}, "datetime": {"datetime": "2024-01-19 00:11:46", "elapsed": 7.984189, "delta": 0.000145}}
{"target": -13.762204434141319, "params": {"gamma": 967.0298390136767, "log10_alpha": -1.7166065049456662, "log10_colsample_bytree": -0.027315640035115663, "log10_eta": -1.1407360253025414, "log10_lambda": -0.8136270524163756, "log10_min_child_weight": 1.080447477901882, "log10_subsample": -0.02372554522375825, "max_depth": 2.0, "num_boost_round": 6.0}, "datetime": {"datetime": "2024-01-19 00:11:46", "elapsed": 7.984332, "delta": 0.000143}}
{"target": -13.762311652220395, "params": {"gamma": 967.0298390136767, "log10_alpha": -1.7166065049456662, "log10_colsample_bytree": -0.027315640035115663, "log10_eta": -1.1407360253025414, "log10_lambda": -0.8136270524163756, "log10_min_child_weight": 1.080447477901882, "log10_subsample": -0.02372554522375825, "max_depth": 2.0, "num_boost_round": 7.0}, "datetime": {"datetime": "2024-01-19 00:11:46", "elapsed": 7.98449, "delta": 0.000158}}
{"target": -13.762468986392129, "params": {"gamma": 967.0298390136767, "log10_alpha": -1.7166065049456662, "log10_colsample_bytree": -0.027315640035115663, "log10_eta": -1.1407360253025414, "log10_lambda": -0.8136270524163756, "log10_min_child_weight": 1.080447477901882, "log10_subsample": -0.02372554522375825, "max_depth": 2.0, "num_boost_round": 8.0}, "datetime": {"datetime": "2024-01-19 00:11:46", "elapsed": 7.984642, "delta": 0.000152}}
{"target": -13.763065639099793, "params": {"gamma": 967.0298390136767, "log10_alpha": -1.7166065049456662, "log10_colsample_bytree": -0.027315640035115663, "log10_eta": -1.1407360253025414, "log10_lambda": -0.8136270524163756, "log10_min_child_weight": 1.080447477901882, "log10_subsample": -0.02372554522375825, "max_depth": 2.0, "num_boost_round": 9.0}, "datetime": {"datetime": "2024-01-19 00:11:46", "elapsed": 7.989759, "delta": 0.005117}}
{"target": -13.762962098304111, "params": {"gamma": 967.0298390136767, "log10_alpha": -1.7166065049456662, "log10_colsample_bytree": -0.027315640035115663, "log10_eta": -1.1407360253025414, "log10_lambda": -0.8136270524163756, "log10_min_child_weight": 1.080447477901882, "log10_subsample": -0.02372554522375825, "max_depth": 2.0, "num_boost_round": 10.0}, "datetime": {"datetime": "2024-01-19 00:11:46", "elapsed": 7.989935, "delta": 0.000176}}
{"target": -13.764227822284875, "params": {"gamma": 967.0298390136767, "log10_alpha": -1.7166065049456662, "log10_colsample_bytree": -0.027315640035115663, "log10_eta": -1.1407360253025414, "log10_lambda": -0.8136270524163756, "log10_min_child_weight": 1.080447477901882, "log10_subsample": -0.02372554522375825, "max_depth": 2.0, "num_boost_round": 11.0}, "datetime": {"datetime": "2024-01-19 00:11:46", "elapsed": 7.990086, "delta": 0.000151}}
{"target": -13.764846302565253, "params": {"gamma": 967.0298390136767, "log10_alpha": -1.7166065049456662, "log10_colsample_bytree": -0.027315640035115663, "log10_eta": -1.1407360253025414, "log10_lambda": -0.8136270524163756, "log10_min_child_weight": 1.080447477901882, "log10_subsample": -0.02372554522375825, "max_depth": 2.0, "num_boost_round": 12.0}, "datetime": {"datetime": "2024-01-19 00:11:46", "elapsed": 7.99023, "delta": 0.000144}}
{"target": -13.764433682634735, "params": {"gamma": 967.0298390136767, "log10_alpha": -1.7166065049456662, "log10_colsample_bytree": -0.027315640035115663, "log10_eta": -1.1407360253025414, "log10_lambda": -0.8136270524163756, "log10_min_child_weight": 1.080447477901882, "log10_subsample": -0.02372554522375825, "max_depth": 2.0, "num_boost_round": 13.0}, "datetime": {"datetime": "2024-01-19 00:11:46", "elapsed": 7.990376, "delta": 0.000146}}
{"target": -13.764977430372971, "params": {"gamma": 967.0298390136767, "log10_alpha": -1.7166065049456662, "log10_colsample_bytree": -0.027315640035115663, "log10_eta": -1.1407360253025414, "log10_lambda": -0.8136270524163756, "log10_min_child_weight": 1.080447477901882, "log10_subsample": -0.02372554522375825, "max_depth": 2.0, "num_boost_round": 14.0}, "datetime": {"datetime": "2024-01-19 00:11:46", "elapsed": 7.990517, "delta": 0.000141}}
{"target": -13.76452741795602, "params": {"gamma": 967.0298390136767, "log10_alpha": -1.7166065049456662, "log10_colsample_bytree": -0.027315640035115663, "log10_eta": -1.1407360253025414, "log10_lambda": -0.8136270524163756, "log10_min_child_weight": 1.080447477901882, "log10_subsample": -0.02372554522375825, "max_depth": 2.0, "num_boost_round": 15.0}, "datetime": {"datetime": "2024-01-19 00:11:46", "elapsed": 7.990657, "delta": 0.00014}}
{"target": -13.764226862049561, "params": {"gamma": 967.0298390136767, "log10_alpha": -1.7166065049456662, "log10_colsample_bytree": -0.027315640035115663, "log10_eta": -1.1407360253025414, "log10_lambda": -0.8136270524163756, "log10_min_child_weight": 1.080447477901882, "log10_subsample": -0.02372554522375825, "max_depth": 2.0, "num_boost_round": 16.0}, "datetime": {"datetime": "2024-01-19 00:11:46", "elapsed": 7.990797, "delta": 0.00014}}
{"target": -13.764547096783048, "params": {"gamma": 967.0298390136767, "log10_alpha": -1.7166065049456662, "log10_colsample_bytree": -0.027315640035115663, "log10_eta": -1.1407360253025414, "log10_lambda": -0.8136270524163756, "log10_min_child_weight": 1.080447477901882, "log10_subsample": -0.02372554522375825, "max_depth": 2.0, "num_boost_round": 17.0}, "datetime": {"datetime": "2024-01-19 00:11:46", "elapsed": 7.990943, "delta": 0.000146}}
{"target": -13.765765400772915, "params": {"gamma": 967.0298390136767, "log10_alpha": -1.7166065049456662, "log10_colsample_bytree": -0.027315640035115663, "log10_eta": -1.1407360253025414, "log10_lambda": -0.8136270524163756, "log10_min_child_weight": 1.080447477901882, "log10_subsample": -0.02372554522375825, "max_depth": 2.0, "num_boost_round": 18.0}, "datetime": {"datetime": "2024-01-19 00:11:46", "elapsed": 7.991093, "delta": 0.00015}}
{"target": -13.76693753190719, "params": {"gamma": 967.0298390136767, "log10_alpha": -1.7166065049456662, "log10_colsample_bytree": -0.027315640035115663, "log10_eta": -1.1407360253025414, "log10_lambda": -0.8136270524163756, "log10_min_child_weight": 1.080447477901882, "log10_subsample": -0.02372554522375825, "max_depth": 2.0, "num_boost_round": 19.0}, "datetime": {"datetime": "2024-01-19 00:11:46", "elapsed": 7.991245, "delta": 0.000152}}
{"target": -13.76684406625403, "params": {"gamma": 967.0298390136767, "log10_alpha": -1.7166065049456662, "log10_colsample_bytree": -0.027315640035115663, "log10_eta": -1.1407360253025414, "log10_lambda": -0.8136270524163756, "log10_min_child_weight": 1.080447477901882, "log10_subsample": -0.02372554522375825, "max_depth": 2.0, "num_boost_round": 20.0}, "datetime": {"datetime": "2024-01-19 00:11:46", "elapsed": 7.991397, "delta": 0.000152}}
{"target": -13.767327129096616, "params": {"gamma": 967.0298390136767, "log10_alpha": -1.7166065049456662, "log10_colsample_bytree": -0.027315640035115663, "log10_eta": -1.1407360253025414, "log10_lambda": -0.8136270524163756, "log10_min_child_weight": 1.080447477901882, "log10_subsample": -0.02372554522375825, "max_depth": 2.0, "num_boost_round": 21.0}, "datetime": {"datetime": "2024-01-19 00:11:46", "elapsed": 7.991546, "delta": 0.000149}}
{"target": -13.766359288338036, "params": {"gamma": 967.0298390136767, "log10_alpha": -1.7166065049456662, "log10_colsample_bytree": -0.027315640035115663, "log10_eta": -1.1407360253025414, "log10_lambda": -0.8136270524163756, "log10_min_child_weight": 1.080447477901882, "log10_subsample": -0.02372554522375825, "max_depth": 2.0, "num_boost_round": 22.0}, "datetime": {"datetime": "2024-01-19 00:11:46", "elapsed": 7.991695, "delta": 0.000149}}
{"target": -13.767051299126532, "params": {"gamma": 967.0298390136767, "log10_alpha": -1.7166065049456662, "log10_colsample_bytree": -0.027315640035115663, "log10_eta": -1.1407360253025414, "log10_lambda": -0.8136270524163756, "log10_min_child_weight": 1.080447477901882, "log10_subsample": -0.02372554522375825, "max_depth": 2.0, "num_boost_round": 23.0}, "datetime": {"datetime": "2024-01-19 00:11:46", "elapsed": 7.991844, "delta": 0.000149}}
{"target": -13.767258816352069, "params": {"gamma": 967.0298390136767, "log10_alpha": -1.7166065049456662, "log10_colsample_bytree": -0.027315640035115663, "log10_eta": -1.1407360253025414, "log10_lambda": -0.8136270524163756, "log10_min_child_weight": 1.080447477901882, "log10_subsample": -0.02372554522375825, "max_depth": 2.0, "num_boost_round": 24.0}, "datetime": {"datetime": "2024-01-19 00:11:46", "elapsed": 7.992006, "delta": 0.000162}}
{"target": -13.768536301749458, "params": {"gamma": 967.0298390136767, "log10_alpha": -1.7166065049456662, "log10_colsample_bytree": -0.027315640035115663, "log10_eta": -1.1407360253025414, "log10_lambda": -0.8136270524163756, "log10_min_child_weight": 1.080447477901882, "log10_subsample": -0.02372554522375825, "max_depth": 2.0, "num_boost_round": 25.0}, "datetime": {"datetime": "2024-01-19 00:11:46", "elapsed": 7.992163, "delta": 0.000157}}
{"target": -13.769042786228225, "params": {"gamma": 967.0298390136767, "log10_alpha": -1.7166065049456662, "log10_colsample_bytree": -0.027315640035115663, "log10_eta": -1.1407360253025414, "log10_lambda": -0.8136270524163756, "log10_min_child_weight": 1.080447477901882, "log10_subsample": -0.02372554522375825, "max_depth": 2.0, "num_boost_round": 26.0}, "datetime": {"datetime": "2024-01-19 00:11:46", "elapsed": 7.992318, "delta": 0.000155}}
{"target": -13.770624252290055, "params": {"gamma": 967.0298390136767, "log10_alpha": -1.7166065049456662, "log10_colsample_bytree": -0.027315640035115663, "log10_eta": -1.1407360253025414, "log10_lambda": -0.8136270524163756, "log10_min_child_weight": 1.080447477901882, "log10_subsample": -0.02372554522375825, "max_depth": 2.0, "num_boost_round": 27.0}, "datetime": {"datetime": "2024-01-19 00:11:46", "elapsed": 7.992474, "delta": 0.000156}}
{"target": -13.772507482615325, "params": {"gamma": 967.0298390136767, "log10_alpha": -1.7166065049456662, "log10_colsample_bytree": -0.027315640035115663, "log10_eta": -1.1407360253025414, "log10_lambda": -0.8136270524163756, "log10_min_child_weight": 1.080447477901882, "log10_subsample": -0.02372554522375825, "max_depth": 2.0, "num_boost_round": 28.0}, "datetime": {"datetime": "2024-01-19 00:11:46", "elapsed": 7.992633, "delta": 0.000159}}
{"target": -13.773026861347628, "params": {"gamma": 967.0298390136767, "log10_alpha": -1.7166065049456662, "log10_colsample_bytree": -0.027315640035115663, "log10_eta": -1.1407360253025414, "log10_lambda": -0.8136270524163756, "log10_min_child_weight": 1.080447477901882, "log10_subsample": -0.02372554522375825, "max_depth": 2.0, "num_boost_round": 29.0}, "datetime": {"datetime": "2024-01-19 00:11:46", "elapsed": 7.992795, "delta": 0.000162}}
{"target": -13.772993095140855, "params": {"gamma": 967.0298390136767, "log10_alpha": -1.7166065049456662, "log10_colsample_bytree": -0.027315640035115663, "log10_eta": -1.1407360253025414, "log10_lambda": -0.8136270524163756, "log10_min_child_weight": 1.080447477901882, "log10_subsample": -0.02372554522375825, "max_depth": 2.0, "num_boost_round": 30.0}, "datetime": {"datetime": "2024-01-19 00:11:46", "elapsed": 7.992968, "delta": 0.000173}}
{"target": -13.772810387514248, "params": {"gamma": 967.0298390136767, "log10_alpha": -1.7166065049456662, "log10_colsample_bytree": -0.027315640035115663, "log10_eta": -1.1407360253025414, "log10_lambda": -0.8136270524163756, "log10_min_child_weight": 1.080447477901882, "log10_subsample": -0.02372554522375825, "max_depth": 2.0, "num_boost_round": 31.0}, "datetime": {"datetime": "2024-01-19 00:11:46", "elapsed": 7.993139, "delta": 0.000171}}
{"target": -13.77246729836745, "params": {"gamma": 967.0298390136767, "log10_alpha": -1.7166065049456662, "log10_colsample_bytree": -0.027315640035115663, "log10_eta": -1.1407360253025414, "log10_lambda": -0.8136270524163756, "log10_min_child_weight": 1.080447477901882, "log10_subsample": -0.02372554522375825, "max_depth": 2.0, "num_boost_round": 32.0}, "datetime": {"datetime": "2024-01-19 00:11:46", "elapsed": 7.993304, "delta": 0.000165}}
{"target": -13.77238401190231, "params": {"gamma": 967.0298390136767, "log10_alpha": -1.7166065049456662, "log10_colsample_bytree": -0.027315640035115663, "log10_eta": -1.1407360253025414, "log10_lambda": -0.8136270524163756, "log10_min_child_weight": 1.080447477901882, "log10_subsample": -0.02372554522375825, "max_depth": 2.0, "num_boost_round": 33.0}, "datetime": {"datetime": "2024-01-19 00:11:46", "elapsed": 7.993476, "delta": 0.000172}}
{"target": -13.772432488561222, "params": {"gamma": 967.0298390136767, "log10_alpha": -1.7166065049456662, "log10_colsample_bytree": -0.027315640035115663, "log10_eta": -1.1407360253025414, "log10_lambda": -0.8136270524163756, "log10_min_child_weight": 1.080447477901882, "log10_subsample": -0.02372554522375825, "max_depth": 2.0, "num_boost_round": 34.0}, "datetime": {"datetime": "2024-01-19 00:11:46", "elapsed": 7.993648, "delta": 0.000172}}
{"target": -13.77292401705164, "params": {"gamma": 967.0298390136767, "log10_alpha": -1.7166065049456662, "log10_colsample_bytree": -0.027315640035115663, "log10_eta": -1.1407360253025414, "log10_lambda": -0.8136270524163756, "log10_min_child_weight": 1.080447477901882, "log10_subsample": -0.02372554522375825, "max_depth": 2.0, "num_boost_round": 35.0}, "datetime": {"datetime": "2024-01-19 00:11:46", "elapsed": 7.993817, "delta": 0.000169}}
{"target": -13.778356750884226, "params": {"gamma": 967.0298390136767, "log10_alpha": -1.7166065049456662, "log10_colsample_bytree": -0.027315640035115663, "log10_eta": -1.1407360253025414, "log10_lambda": -0.8136270524163756, "log10_min_child_weight": 1.080447477901882, "log10_subsample": -0.02372554522375825, "max_depth": 2.0, "num_boost_round": 36.0}, "datetime": {"datetime": "2024-01-19 00:11:46", "elapsed": 7.993995, "delta": 0.000178}}
{"target": -13.778377979277609, "params": {"gamma": 967.0298390136767, "log10_alpha": -1.7166065049456662, "log10_colsample_bytree": -0.027315640035115663, "log10_eta": -1.1407360253025414, "log10_lambda": -0.8136270524163756, "log10_min_child_weight": 1.080447477901882, "log10_subsample": -0.02372554522375825, "max_depth": 2.0, "num_boost_round": 37.0}, "datetime": {"datetime": "2024-01-19 00:11:46", "elapsed": 7.994171, "delta": 0.000176}}
{"target": -13.780257829858089, "params": {"gamma": 967.0298390136767, "log10_alpha": -1.7166065049456662, "log10_colsample_bytree": -0.027315640035115663, "log10_eta": -1.1407360253025414, "log10_lambda": -0.8136270524163756, "log10_min_child_weight": 1.080447477901882, "log10_subsample": -0.02372554522375825, "max_depth": 2.0, "num_boost_round": 38.0}, "datetime": {"datetime": "2024-01-19 00:11:46", "elapsed": 7.994346, "delta": 0.000175}}
{"target": -13.780308467927902, "params": {"gamma": 967.0298390136767, "log10_alpha": -1.7166065049456662, "log10_colsample_bytree": -0.027315640035115663, "log10_eta": -1.1407360253025414, "log10_lambda": -0.8136270524163756, "log10_min_child_weight": 1.080447477901882, "log10_subsample": -0.02372554522375825, "max_depth": 2.0, "num_boost_round": 39.0}, "datetime": {"datetime": "2024-01-19 00:11:46", "elapsed": 7.994521, "delta": 0.000175}}
{"target": -13.781572318558677, "params": {"gamma": 967.0298390136767, "log10_alpha": -1.7166065049456662, "log10_colsample_bytree": -0.027315640035115663, "log10_eta": -1.1407360253025414, "log10_lambda": -0.8136270524163756, "log10_min_child_weight": 1.080447477901882, "log10_subsample": -0.02372554522375825, "max_depth": 2.0, "num_boost_round": 40.0}, "datetime": {"datetime": "2024-01-19 00:11:46", "elapsed": 7.994696, "delta": 0.000175}}
{"target": -13.783750782238236, "params": {"gamma": 967.0298390136767, "log10_alpha": -1.7166065049456662, "log10_colsample_bytree": -0.027315640035115663, "log10_eta": -1.1407360253025414, "log10_lambda": -0.8136270524163756, "log10_min_child_weight": 1.080447477901882, "log10_subsample": -0.02372554522375825, "max_depth": 2.0, "num_boost_round": 41.0}, "datetime": {"datetime": "2024-01-19 00:11:46", "elapsed": 7.994877, "delta": 0.000181}}
{"target": -13.783633804464795, "params": {"gamma": 967.0298390136767, "log10_alpha": -1.7166065049456662, "log10_colsample_bytree": -0.027315640035115663, "log10_eta": -1.1407360253025414, "log10_lambda": -0.8136270524163756, "log10_min_child_weight": 1.080447477901882, "log10_subsample": -0.02372554522375825, "max_depth": 2.0, "num_boost_round": 42.0}, "datetime": {"datetime": "2024-01-19 00:11:46", "elapsed": 7.995069, "delta": 0.000192}}
{"target": -13.783867204799725, "params": {"gamma": 967.0298390136767, "log10_alpha": -1.7166065049456662, "log10_colsample_bytree": -0.027315640035115663, "log10_eta": -1.1407360253025414, "log10_lambda": -0.8136270524163756, "log10_min_child_weight": 1.080447477901882, "log10_subsample": -0.02372554522375825, "max_depth": 2.0, "num_boost_round": 43.0}, "datetime": {"datetime": "2024-01-19 00:11:46", "elapsed": 7.995255, "delta": 0.000186}}
{"target": -13.787112281429172, "params": {"gamma": 967.0298390136767, "log10_alpha": -1.7166065049456662, "log10_colsample_bytree": -0.027315640035115663, "log10_eta": -1.1407360253025414, "log10_lambda": -0.8136270524163756, "log10_min_child_weight": 1.080447477901882, "log10_subsample": -0.02372554522375825, "max_depth": 2.0, "num_boost_round": 44.0}, "datetime": {"datetime": "2024-01-19 00:11:46", "elapsed": 7.995441, "delta": 0.000186}}
{"target": -13.787165198650474, "params": {"gamma": 967.0298390136767, "log10_alpha": -1.7166065049456662, "log10_colsample_bytree": -0.027315640035115663, "log10_eta": -1.1407360253025414, "log10_lambda": -0.8136270524163756, "log10_min_child_weight": 1.080447477901882, "log10_subsample": -0.02372554522375825, "max_depth": 2.0, "num_boost_round": 45.0}, "datetime": {"datetime": "2024-01-19 00:11:46", "elapsed": 7.995627, "delta": 0.000186}}
{"target": -13.787842451061083, "params": {"gamma": 967.0298390136767, "log10_alpha": -1.7166065049456662, "log10_colsample_bytree": -0.027315640035115663, "log10_eta": -1.1407360253025414, "log10_lambda": -0.8136270524163756, "log10_min_child_weight": 1.080447477901882, "log10_subsample": -0.02372554522375825, "max_depth": 2.0, "num_boost_round": 46.0}, "datetime": {"datetime": "2024-01-19 00:11:46", "elapsed": 7.995815, "delta": 0.000188}}
{"target": -13.787592835989791, "params": {"gamma": 967.0298390136767, "log10_alpha": -1.7166065049456662, "log10_colsample_bytree": -0.027315640035115663, "log10_eta": -1.1407360253025414, "log10_lambda": -0.8136270524163756, "log10_min_child_weight": 1.080447477901882, "log10_subsample": -0.02372554522375825, "max_depth": 2.0, "num_boost_round": 47.0}, "datetime": {"datetime": "2024-01-19 00:11:46", "elapsed": 7.996009, "delta": 0.000194}}
{"target": -13.788387188583066, "params": {"gamma": 967.0298390136767, "log10_alpha": -1.7166065049456662, "log10_colsample_bytree": -0.027315640035115663, "log10_eta": -1.1407360253025414, "log10_lambda": -0.8136270524163756, "log10_min_child_weight": 1.080447477901882, "log10_subsample": -0.02372554522375825, "max_depth": 2.0, "num_boost_round": 48.0}, "datetime": {"datetime": "2024-01-19 00:11:46", "elapsed": 7.996201, "delta": 0.000192}}
