{"target": -13.75786671011991, "params": {"gamma": 504.89995125666667, "log10_alpha": 0.8880994562385185, "log10_colsample_bytree": -0.17932828990286298, "log10_eta": -2.4375473623315336, "log10_lambda": -2.0975958614438284, "log10_min_child_weight": 0.3415803178892157, "log10_subsample": -0.9045055581308473, "max_depth": 4.0, "num_boost_round": 9.0}, "datetime": {"datetime": "2024-01-19 01:39:52", "elapsed": 5296.677066, "delta": 0.005528}}
{"target": -13.757774975956954, "params": {"gamma": 504.89995125666667, "log10_alpha": 0.8880994562385185, "log10_colsample_bytree": -0.17932828990286298, "log10_eta": -2.4375473623315336, "log10_lambda": -2.0975958614438284, "log10_min_child_weight": 0.3415803178892157, "log10_subsample": -0.9045055581308473, "max_depth": 4.0, "num_boost_round": 10.0}, "datetime": {"datetime": "2024-01-19 01:39:52", "elapsed": 5296.682679, "delta": 0.005613}}
{"target": -13.757626583437855, "params": {"gamma": 504.89995125666667, "log10_alpha": 0.8880994562385185, "log10_colsample_bytree": -0.17932828990286298, "log10_eta": -2.4375473623315336, "log10_lambda": -2.0975958614438284, "log10_min_child_weight": 0.3415803178892157, "log10_subsample": -0.9045055581308473, "max_depth": 4.0, "num_boost_round": 11.0}, "datetime": {"datetime": "2024-01-19 01:39:52", "elapsed": 5296.68807, "delta": 0.005391}}
{"target": -13.75752695325982, "params": {"gamma": 504.89995125666667, "log10_alpha": 0.8880994562385185, "log10_colsample_bytree": -0.17932828990286298, "log10_eta": -2.4375473623315336, "log10_lambda": -2.0975958614438284, "log10_min_child_weight": 0.3415803178892157, "log10_subsample": -0.9045055581308473, "max_depth": 4.0, "num_boost_round": 12.0}, "datetime": {"datetime": "2024-01-19 01:39:52", "elapsed": 5296.693552, "delta": 0.005482}}
{"target": -13.757508802865868, "params": {"gamma": 504.89995125666667, "log10_alpha": 0.8880994562385185, "log10_colsample_bytree": -0.17932828990286298, "log10_eta": -2.4375473623315336, "log10_lambda": -2.0975958614438284, "log10_min_child_weight": 0.3415803178892157, "log10_subsample": -0.9045055581308473, "max_depth": 4.0, "num_boost_round": 13.0}, "datetime": {"datetime": "2024-01-19 01:39:52", "elapsed": 5296.699035, "delta": 0.005483}}
{"target": -13.757525341201296, "params": {"gamma": 504.89995125666667, "log10_alpha": 0.8880994562385185, "log10_colsample_bytree": -0.17932828990286298, "log10_eta": -2.4375473623315336, "log10_lambda": -2.0975958614438284, "log10_min_child_weight": 0.3415803178892157, "log10_subsample": -0.9045055581308473, "max_depth": 4.0, "num_boost_round": 14.0}, "datetime": {"datetime": "2024-01-19 01:39:52", "elapsed": 5296.704475, "delta": 0.00544}}
{"target": -13.757467688625596, "params": {"gamma": 504.89995125666667, "log10_alpha": 0.8880994562385185, "log10_colsample_bytree": -0.17932828990286298, "log10_eta": -2.4375473623315336, "log10_lambda": -2.0975958614438284, "log10_min_child_weight": 0.3415803178892157, "log10_subsample": -0.9045055581308473, "max_depth": 4.0, "num_boost_round": 15.0}, "datetime": {"datetime": "2024-01-19 01:39:52", "elapsed": 5296.710022, "delta": 0.005547}}
{"target": -13.757357028494818, "params": {"gamma": 504.89995125666667, "log10_alpha": 0.8880994562385185, "log10_colsample_bytree": -0.17932828990286298, "log10_eta": -2.4375473623315336, "log10_lambda": -2.0975958614438284, "log10_min_child_weight": 0.3415803178892157, "log10_subsample": -0.9045055581308473, "max_depth": 4.0, "num_boost_round": 16.0}, "datetime": {"datetime": "2024-01-19 01:39:52", "elapsed": 5296.715862, "delta": 0.00584}}
{"target": -13.7573379203982, "params": {"gamma": 504.89995125666667, "log10_alpha": 0.8880994562385185, "log10_colsample_bytree": -0.17932828990286298, "log10_eta": -2.4375473623315336, "log10_lambda": -2.0975958614438284, "log10_min_child_weight": 0.3415803178892157, "log10_subsample": -0.9045055581308473, "max_depth": 4.0, "num_boost_round": 17.0}, "datetime": {"datetime": "2024-01-19 01:39:52", "elapsed": 5296.721674, "delta": 0.005812}}
{"target": -13.757357885649423, "params": {"gamma": 504.89995125666667, "log10_alpha": 0.8880994562385185, "log10_colsample_bytree": -0.17932828990286298, "log10_eta": -2.4375473623315336, "log10_lambda": -2.0975958614438284, "log10_min_child_weight": 0.3415803178892157, "log10_subsample": -0.9045055581308473, "max_depth": 4.0, "num_boost_round": 18.0}, "datetime": {"datetime": "2024-01-19 01:39:52", "elapsed": 5296.727019, "delta": 0.005345}}
{"target": -13.757441970104717, "params": {"gamma": 504.89995125666667, "log10_alpha": 0.8880994562385185, "log10_colsample_bytree": -0.17932828990286298, "log10_eta": -2.4375473623315336, "log10_lambda": -2.0975958614438284, "log10_min_child_weight": 0.3415803178892157, "log10_subsample": -0.9045055581308473, "max_depth": 4.0, "num_boost_round": 19.0}, "datetime": {"datetime": "2024-01-19 01:39:52", "elapsed": 5296.732343, "delta": 0.005324}}
{"target": -13.757426826019097, "params": {"gamma": 504.89995125666667, "log10_alpha": 0.8880994562385185, "log10_colsample_bytree": -0.17932828990286298, "log10_eta": -2.4375473623315336, "log10_lambda": -2.0975958614438284, "log10_min_child_weight": 0.3415803178892157, "log10_subsample": -0.9045055581308473, "max_depth": 4.0, "num_boost_round": 20.0}, "datetime": {"datetime": "2024-01-19 01:39:52", "elapsed": 5296.737683, "delta": 0.00534}}
{"target": -13.75744387372007, "params": {"gamma": 504.89995125666667, "log10_alpha": 0.8880994562385185, "log10_colsample_bytree": -0.17932828990286298, "log10_eta": -2.4375473623315336, "log10_lambda": -2.0975958614438284, "log10_min_child_weight": 0.3415803178892157, "log10_subsample": -0.9045055581308473, "max_depth": 4.0, "num_boost_round": 21.0}, "datetime": {"datetime": "2024-01-19 01:39:52", "elapsed": 5296.743057, "delta": 0.005374}}
{"target": -13.757438272643409, "params": {"gamma": 504.89995125666667, "log10_alpha": 0.8880994562385185, "log10_colsample_bytree": -0.17932828990286298, "log10_eta": -2.4375473623315336, "log10_lambda": -2.0975958614438284, "log10_min_child_weight": 0.3415803178892157, "log10_subsample": -0.9045055581308473, "max_depth": 4.0, "num_boost_round": 22.0}, "datetime": {"datetime": "2024-01-19 01:39:52", "elapsed": 5296.74848, "delta": 0.005423}}
{"target": -13.75741594901509, "params": {"gamma": 504.89995125666667, "log10_alpha": 0.8880994562385185, "log10_colsample_bytree": -0.17932828990286298, "log10_eta": -2.4375473623315336, "log10_lambda": -2.0975958614438284, "log10_min_child_weight": 0.3415803178892157, "log10_subsample": -0.9045055581308473, "max_depth": 4.0, "num_boost_round": 23.0}, "datetime": {"datetime": "2024-01-19 01:39:52", "elapsed": 5296.753899, "delta": 0.005419}}
{"target": -13.757447423077148, "params": {"gamma": 504.89995125666667, "log10_alpha": 0.8880994562385185, "log10_colsample_bytree": -0.17932828990286298, "log10_eta": -2.4375473623315336, "log10_lambda": -2.0975958614438284, "log10_min_child_weight": 0.3415803178892157, "log10_subsample": -0.9045055581308473, "max_depth": 4.0, "num_boost_round": 24.0}, "datetime": {"datetime": "2024-01-19 01:39:52", "elapsed": 5296.759388, "delta": 0.005489}}
{"target": -13.757504393516585, "params": {"gamma": 504.89995125666667, "log10_alpha": 0.8880994562385185, "log10_colsample_bytree": -0.17932828990286298, "log10_eta": -2.4375473623315336, "log10_lambda": -2.0975958614438284, "log10_min_child_weight": 0.3415803178892157, "log10_subsample": -0.9045055581308473, "max_depth": 4.0, "num_boost_round": 25.0}, "datetime": {"datetime": "2024-01-19 01:39:52", "elapsed": 5296.764872, "delta": 0.005484}}
{"target": -13.757499118534293, "params": {"gamma": 504.89995125666667, "log10_alpha": 0.8880994562385185, "log10_colsample_bytree": -0.17932828990286298, "log10_eta": -2.4375473623315336, "log10_lambda": -2.0975958614438284, "log10_min_child_weight": 0.3415803178892157, "log10_subsample": -0.9045055581308473, "max_depth": 4.0, "num_boost_round": 26.0}, "datetime": {"datetime": "2024-01-19 01:39:52", "elapsed": 5296.7704, "delta": 0.005528}}
{"target": -13.757417799755444, "params": {"gamma": 504.89995125666667, "log10_alpha": 0.8880994562385185, "log10_colsample_bytree": -0.17932828990286298, "log10_eta": -2.4375473623315336, "log10_lambda": -2.0975958614438284, "log10_min_child_weight": 0.3415803178892157, "log10_subsample": -0.9045055581308473, "max_depth": 4.0, "num_boost_round": 27.0}, "datetime": {"datetime": "2024-01-19 01:39:52", "elapsed": 5296.775992, "delta": 0.005592}}
{"target": -13.757457030703582, "params": {"gamma": 504.89995125666667, "log10_alpha": 0.8880994562385185, "log10_colsample_bytree": -0.17932828990286298, "log10_eta": -2.4375473623315336, "log10_lambda": -2.0975958614438284, "log10_min_child_weight": 0.3415803178892157, "log10_subsample": -0.9045055581308473, "max_depth": 4.0, "num_boost_round": 28.0}, "datetime": {"datetime": "2024-01-19 01:39:52", "elapsed": 5296.879649, "delta": 0.103657}}
{"target": -13.757487310996941, "params": {"gamma": 504.89995125666667, "log10_alpha": 0.8880994562385185, "log10_colsample_bytree": -0.17932828990286298, "log10_eta": -2.4375473623315336, "log10_lambda": -2.0975958614438284, "log10_min_child_weight": 0.3415803178892157, "log10_subsample": -0.9045055581308473, "max_depth": 4.0, "num_boost_round": 29.0}, "datetime": {"datetime": "2024-01-19 01:39:52", "elapsed": 5296.885658, "delta": 0.006009}}
{"target": -13.757492057495865, "params": {"gamma": 504.89995125666667, "log10_alpha": 0.8880994562385185, "log10_colsample_bytree": -0.17932828990286298, "log10_eta": -2.4375473623315336, "log10_lambda": -2.0975958614438284, "log10_min_child_weight": 0.3415803178892157, "log10_subsample": -0.9045055581308473, "max_depth": 4.0, "num_boost_round": 30.0}, "datetime": {"datetime": "2024-01-19 01:39:52", "elapsed": 5296.891325, "delta": 0.005667}}
{"target": -13.76047473726055, "params": {"gamma": 534.0872547786149, "log10_alpha": 0.6855002971901722, "log10_colsample_bytree": -0.22315882914652296, "log10_eta": -0.8152447774302414, "log10_lambda": -0.009433415219772812, "log10_min_child_weight": 4.09264719485593, "log10_subsample": -0.22097764564908817, "max_depth": 6.0, "num_boost_round": 0.0}, "datetime": {"datetime": "2024-01-19 01:40:56", "elapsed": 5360.197668, "delta": 63.306343}}
{"target": -13.765910923477222, "params": {"gamma": 534.0872547786149, "log10_alpha": 0.6855002971901722, "log10_colsample_bytree": -0.22315882914652296, "log10_eta": -0.8152447774302414, "log10_lambda": -0.009433415219772812, "log10_min_child_weight": 4.09264719485593, "log10_subsample": -0.22097764564908817, "max_depth": 6.0, "num_boost_round": 1.0}, "datetime": {"datetime": "2024-01-19 01:40:56", "elapsed": 5360.204256, "delta": 0.006588}}
{"target": -13.76573330929469, "params": {"gamma": 534.0872547786149, "log10_alpha": 0.6855002971901722, "log10_colsample_bytree": -0.22315882914652296, "log10_eta": -0.8152447774302414, "log10_lambda": -0.009433415219772812, "log10_min_child_weight": 4.09264719485593, "log10_subsample": -0.22097764564908817, "max_depth": 6.0, "num_boost_round": 2.0}, "datetime": {"datetime": "2024-01-19 01:40:56", "elapsed": 5360.209854, "delta": 0.005598}}
{"target": -13.765432470626203, "params": {"gamma": 534.0872547786149, "log10_alpha": 0.6855002971901722, "log10_colsample_bytree": -0.22315882914652296, "log10_eta": -0.8152447774302414, "log10_lambda": -0.009433415219772812, "log10_min_child_weight": 4.09264719485593, "log10_subsample": -0.22097764564908817, "max_depth": 6.0, "num_boost_round": 3.0}, "datetime": {"datetime": "2024-01-19 01:40:56", "elapsed": 5360.215674, "delta": 0.00582}}
{"target": -13.76705650662663, "params": {"gamma": 534.0872547786149, "log10_alpha": 0.6855002971901722, "log10_colsample_bytree": -0.22315882914652296, "log10_eta": -0.8152447774302414, "log10_lambda": -0.009433415219772812, "log10_min_child_weight": 4.09264719485593, "log10_subsample": -0.22097764564908817, "max_depth": 6.0, "num_boost_round": 4.0}, "datetime": {"datetime": "2024-01-19 01:40:56", "elapsed": 5360.221437, "delta": 0.005763}}
{"target": -13.771167657457314, "params": {"gamma": 534.0872547786149, "log10_alpha": 0.6855002971901722, "log10_colsample_bytree": -0.22315882914652296, "log10_eta": -0.8152447774302414, "log10_lambda": -0.009433415219772812, "log10_min_child_weight": 4.09264719485593, "log10_subsample": -0.22097764564908817, "max_depth": 6.0, "num_boost_round": 5.0}, "datetime": {"datetime": "2024-01-19 01:40:56", "elapsed": 5360.227149, "delta": 0.005712}}
{"target": -13.770866470253731, "params": {"gamma": 534.0872547786149, "log10_alpha": 0.6855002971901722, "log10_colsample_bytree": -0.22315882914652296, "log10_eta": -0.8152447774302414, "log10_lambda": -0.009433415219772812, "log10_min_child_weight": 4.09264719485593, "log10_subsample": -0.22097764564908817, "max_depth": 6.0, "num_boost_round": 6.0}, "datetime": {"datetime": "2024-01-19 01:40:56", "elapsed": 5360.232927, "delta": 0.005778}}
{"target": -13.770751609365137, "params": {"gamma": 534.0872547786149, "log10_alpha": 0.6855002971901722, "log10_colsample_bytree": -0.22315882914652296, "log10_eta": -0.8152447774302414, "log10_lambda": -0.009433415219772812, "log10_min_child_weight": 4.09264719485593, "log10_subsample": -0.22097764564908817, "max_depth": 6.0, "num_boost_round": 7.0}, "datetime": {"datetime": "2024-01-19 01:40:56", "elapsed": 5360.23881, "delta": 0.005883}}
{"target": -13.772400848505987, "params": {"gamma": 534.0872547786149, "log10_alpha": 0.6855002971901722, "log10_colsample_bytree": -0.22315882914652296, "log10_eta": -0.8152447774302414, "log10_lambda": -0.009433415219772812, "log10_min_child_weight": 4.09264719485593, "log10_subsample": -0.22097764564908817, "max_depth": 6.0, "num_boost_round": 8.0}, "datetime": {"datetime": "2024-01-19 01:40:56", "elapsed": 5360.244387, "delta": 0.005577}}
{"target": -13.773683139149508, "params": {"gamma": 534.0872547786149, "log10_alpha": 0.6855002971901722, "log10_colsample_bytree": -0.22315882914652296, "log10_eta": -0.8152447774302414, "log10_lambda": -0.009433415219772812, "log10_min_child_weight": 4.09264719485593, "log10_subsample": -0.22097764564908817, "max_depth": 6.0, "num_boost_round": 9.0}, "datetime": {"datetime": "2024-01-19 01:40:56", "elapsed": 5360.249894, "delta": 0.005507}}
{"target": -13.776083589829026, "params": {"gamma": 534.0872547786149, "log10_alpha": 0.6855002971901722, "log10_colsample_bytree": -0.22315882914652296, "log10_eta": -0.8152447774302414, "log10_lambda": -0.009433415219772812, "log10_min_child_weight": 4.09264719485593, "log10_subsample": -0.22097764564908817, "max_depth": 6.0, "num_boost_round": 10.0}, "datetime": {"datetime": "2024-01-19 01:40:56", "elapsed": 5360.255446, "delta": 0.005552}}
{"target": -13.77786611200683, "params": {"gamma": 534.0872547786149, "log10_alpha": 0.6855002971901722, "log10_colsample_bytree": -0.22315882914652296, "log10_eta": -0.8152447774302414, "log10_lambda": -0.009433415219772812, "log10_min_child_weight": 4.09264719485593, "log10_subsample": -0.22097764564908817, "max_depth": 6.0, "num_boost_round": 11.0}, "datetime": {"datetime": "2024-01-19 01:40:56", "elapsed": 5360.261027, "delta": 0.005581}}
{"target": -13.7803848272788, "params": {"gamma": 534.0872547786149, "log10_alpha": 0.6855002971901722, "log10_colsample_bytree": -0.22315882914652296, "log10_eta": -0.8152447774302414, "log10_lambda": -0.009433415219772812, "log10_min_child_weight": 4.09264719485593, "log10_subsample": -0.22097764564908817, "max_depth": 6.0, "num_boost_round": 12.0}, "datetime": {"datetime": "2024-01-19 01:40:56", "elapsed": 5360.2666, "delta": 0.005573}}
{"target": -13.781860564315055, "params": {"gamma": 534.0872547786149, "log10_alpha": 0.6855002971901722, "log10_colsample_bytree": -0.22315882914652296, "log10_eta": -0.8152447774302414, "log10_lambda": -0.009433415219772812, "log10_min_child_weight": 4.09264719485593, "log10_subsample": -0.22097764564908817, "max_depth": 6.0, "num_boost_round": 13.0}, "datetime": {"datetime": "2024-01-19 01:40:56", "elapsed": 5360.272158, "delta": 0.005558}}
{"target": -13.78497319309518, "params": {"gamma": 534.0872547786149, "log10_alpha": 0.6855002971901722, "log10_colsample_bytree": -0.22315882914652296, "log10_eta": -0.8152447774302414, "log10_lambda": -0.009433415219772812, "log10_min_child_weight": 4.09264719485593, "log10_subsample": -0.22097764564908817, "max_depth": 6.0, "num_boost_round": 14.0}, "datetime": {"datetime": "2024-01-19 01:40:56", "elapsed": 5360.277759, "delta": 0.005601}}
{"target": -13.787198010419646, "params": {"gamma": 534.0872547786149, "log10_alpha": 0.6855002971901722, "log10_colsample_bytree": -0.22315882914652296, "log10_eta": -0.8152447774302414, "log10_lambda": -0.009433415219772812, "log10_min_child_weight": 4.09264719485593, "log10_subsample": -0.22097764564908817, "max_depth": 6.0, "num_boost_round": 15.0}, "datetime": {"datetime": "2024-01-19 01:40:56", "elapsed": 5360.28334, "delta": 0.005581}}
{"target": -13.78676845501489, "params": {"gamma": 534.0872547786149, "log10_alpha": 0.6855002971901722, "log10_colsample_bytree": -0.22315882914652296, "log10_eta": -0.8152447774302414, "log10_lambda": -0.009433415219772812, "log10_min_child_weight": 4.09264719485593, "log10_subsample": -0.22097764564908817, "max_depth": 6.0, "num_boost_round": 16.0}, "datetime": {"datetime": "2024-01-19 01:40:56", "elapsed": 5360.289016, "delta": 0.005676}}
{"target": -13.790344625042916, "params": {"gamma": 534.0872547786149, "log10_alpha": 0.6855002971901722, "log10_colsample_bytree": -0.22315882914652296, "log10_eta": -0.8152447774302414, "log10_lambda": -0.009433415219772812, "log10_min_child_weight": 4.09264719485593, "log10_subsample": -0.22097764564908817, "max_depth": 6.0, "num_boost_round": 17.0}, "datetime": {"datetime": "2024-01-19 01:40:56", "elapsed": 5360.294708, "delta": 0.005692}}
{"target": -13.793981456485874, "params": {"gamma": 534.0872547786149, "log10_alpha": 0.6855002971901722, "log10_colsample_bytree": -0.22315882914652296, "log10_eta": -0.8152447774302414, "log10_lambda": -0.009433415219772812, "log10_min_child_weight": 4.09264719485593, "log10_subsample": -0.22097764564908817, "max_depth": 6.0, "num_boost_round": 18.0}, "datetime": {"datetime": "2024-01-19 01:40:56", "elapsed": 5360.300515, "delta": 0.005807}}
{"target": -13.793492420695875, "params": {"gamma": 534.0872547786149, "log10_alpha": 0.6855002971901722, "log10_colsample_bytree": -0.22315882914652296, "log10_eta": -0.8152447774302414, "log10_lambda": -0.009433415219772812, "log10_min_child_weight": 4.09264719485593, "log10_subsample": -0.22097764564908817, "max_depth": 6.0, "num_boost_round": 19.0}, "datetime": {"datetime": "2024-01-19 01:40:56", "elapsed": 5360.306416, "delta": 0.005901}}
{"target": -13.758524850271796, "params": {"gamma": 554.9920044409307, "log10_alpha": -1.8899277069689475, "log10_colsample_bytree": -0.46659836044281167, "log10_eta": -3.2065085125989183, "log10_lambda": -3.8737211047731837, "log10_min_child_weight": 1.8989176989322898, "log10_subsample": -0.34847324241919886, "max_depth": 2.0, "num_boost_round": 0.0}, "datetime": {"datetime": "2024-01-19 01:43:36", "elapsed": 5520.668283, "delta": 160.361867}}
{"target": -13.758520073078648, "params": {"gamma": 554.9920044409307, "log10_alpha": -1.8899277069689475, "log10_colsample_bytree": -0.46659836044281167, "log10_eta": -3.2065085125989183, "log10_lambda": -3.8737211047731837, "log10_min_child_weight": 1.8989176989322898, "log10_subsample": -0.34847324241919886, "max_depth": 2.0, "num_boost_round": 1.0}, "datetime": {"datetime": "2024-01-19 01:43:36", "elapsed": 5520.674424, "delta": 0.006141}}
{"target": -13.758518172167177, "params": {"gamma": 554.9920044409307, "log10_alpha": -1.8899277069689475, "log10_colsample_bytree": -0.46659836044281167, "log10_eta": -3.2065085125989183, "log10_lambda": -3.8737211047731837, "log10_min_child_weight": 1.8989176989322898, "log10_subsample": -0.34847324241919886, "max_depth": 2.0, "num_boost_round": 2.0}, "datetime": {"datetime": "2024-01-19 01:43:36", "elapsed": 5520.680066, "delta": 0.005642}}
{"target": -13.758519308995446, "params": {"gamma": 554.9920044409307, "log10_alpha": -1.8899277069689475, "log10_colsample_bytree": -0.46659836044281167, "log10_eta": -3.2065085125989183, "log10_lambda": -3.8737211047731837, "log10_min_child_weight": 1.8989176989322898, "log10_subsample": -0.34847324241919886, "max_depth": 2.0, "num_boost_round": 3.0}, "datetime": {"datetime": "2024-01-19 01:43:36", "elapsed": 5520.685668, "delta": 0.005602}}
{"target": -13.758513301616802, "params": {"gamma": 554.9920044409307, "log10_alpha": -1.8899277069689475, "log10_colsample_bytree": -0.46659836044281167, "log10_eta": -3.2065085125989183, "log10_lambda": -3.8737211047731837, "log10_min_child_weight": 1.8989176989322898, "log10_subsample": -0.34847324241919886, "max_depth": 2.0, "num_boost_round": 4.0}, "datetime": {"datetime": "2024-01-19 01:43:36", "elapsed": 5520.69133, "delta": 0.005662}}
{"target": -13.758510103987636, "params": {"gamma": 554.9920044409307, "log10_alpha": -1.8899277069689475, "log10_colsample_bytree": -0.46659836044281167, "log10_eta": -3.2065085125989183, "log10_lambda": -3.8737211047731837, "log10_min_child_weight": 1.8989176989322898, "log10_subsample": -0.34847324241919886, "max_depth": 2.0, "num_boost_round": 5.0}, "datetime": {"datetime": "2024-01-19 01:43:36", "elapsed": 5520.697078, "delta": 0.005748}}
{"target": -13.758507664410153, "params": {"gamma": 554.9920044409307, "log10_alpha": -1.8899277069689475, "log10_colsample_bytree": -0.46659836044281167, "log10_eta": -3.2065085125989183, "log10_lambda": -3.8737211047731837, "log10_min_child_weight": 1.8989176989322898, "log10_subsample": -0.34847324241919886, "max_depth": 2.0, "num_boost_round": 6.0}, "datetime": {"datetime": "2024-01-19 01:43:36", "elapsed": 5520.702866, "delta": 0.005788}}
