{"target": -17.6772318156673, "params": {"gamma": 396.7165509634395, "log10_alpha": -0.014553904405134759, "log10_colsample_bytree": 0.0, "log10_eta": -2.6969602938663404, "log10_lambda": -4.283286198049758, "log10_min_child_weight": 5.0, "log10_subsample": -0.6987316598656642, "max_depth": 7.0, "num_boost_round": 4.0}, "datetime": {"datetime": "2024-01-19 01:46:20", "elapsed": 5670.405931, "delta": 0.005626}}
{"target": -17.67723224893303, "params": {"gamma": 396.7165509634395, "log10_alpha": -0.014553904405134759, "log10_colsample_bytree": 0.0, "log10_eta": -2.6969602938663404, "log10_lambda": -4.283286198049758, "log10_min_child_weight": 5.0, "log10_subsample": -0.6987316598656642, "max_depth": 7.0, "num_boost_round": 5.0}, "datetime": {"datetime": "2024-01-19 01:46:20", "elapsed": 5670.411713, "delta": 0.005782}}
{"target": -17.67723234173734, "params": {"gamma": 396.7165509634395, "log10_alpha": -0.014553904405134759, "log10_colsample_bytree": 0.0, "log10_eta": -2.6969602938663404, "log10_lambda": -4.283286198049758, "log10_min_child_weight": 5.0, "log10_subsample": -0.6987316598656642, "max_depth": 7.0, "num_boost_round": 6.0}, "datetime": {"datetime": "2024-01-19 01:46:20", "elapsed": 5670.417737, "delta": 0.006024}}
{"target": -17.6772326937199, "params": {"gamma": 396.7165509634395, "log10_alpha": -0.014553904405134759, "log10_colsample_bytree": 0.0, "log10_eta": -2.6969602938663404, "log10_lambda": -4.283286198049758, "log10_min_child_weight": 5.0, "log10_subsample": -0.6987316598656642, "max_depth": 7.0, "num_boost_round": 7.0}, "datetime": {"datetime": "2024-01-19 01:46:20", "elapsed": 5670.423589, "delta": 0.005852}}
{"target": -17.677225858304382, "params": {"gamma": 396.7165509634395, "log10_alpha": -0.014553904405134759, "log10_colsample_bytree": 0.0, "log10_eta": -2.6969602938663404, "log10_lambda": -4.283286198049758, "log10_min_child_weight": 5.0, "log10_subsample": -0.6987316598656642, "max_depth": 7.0, "num_boost_round": 8.0}, "datetime": {"datetime": "2024-01-19 01:46:20", "elapsed": 5670.429445, "delta": 0.005856}}
{"target": -17.67722079667149, "params": {"gamma": 396.7165509634395, "log10_alpha": -0.014553904405134759, "log10_colsample_bytree": 0.0, "log10_eta": -2.6969602938663404, "log10_lambda": -4.283286198049758, "log10_min_child_weight": 5.0, "log10_subsample": -0.6987316598656642, "max_depth": 7.0, "num_boost_round": 9.0}, "datetime": {"datetime": "2024-01-19 01:46:20", "elapsed": 5670.435299, "delta": 0.005854}}
{"target": -17.67722145928803, "params": {"gamma": 396.7165509634395, "log10_alpha": -0.014553904405134759, "log10_colsample_bytree": 0.0, "log10_eta": -2.6969602938663404, "log10_lambda": -4.283286198049758, "log10_min_child_weight": 5.0, "log10_subsample": -0.6987316598656642, "max_depth": 7.0, "num_boost_round": 10.0}, "datetime": {"datetime": "2024-01-19 01:46:20", "elapsed": 5670.444816, "delta": 0.009517}}
{"target": -17.677222264569007, "params": {"gamma": 396.7165509634395, "log10_alpha": -0.014553904405134759, "log10_colsample_bytree": 0.0, "log10_eta": -2.6969602938663404, "log10_lambda": -4.283286198049758, "log10_min_child_weight": 5.0, "log10_subsample": -0.6987316598656642, "max_depth": 7.0, "num_boost_round": 11.0}, "datetime": {"datetime": "2024-01-19 01:46:20", "elapsed": 5670.450383, "delta": 0.005567}}
{"target": -17.67722329509792, "params": {"gamma": 396.7165509634395, "log10_alpha": -0.014553904405134759, "log10_colsample_bytree": 0.0, "log10_eta": -2.6969602938663404, "log10_lambda": -4.283286198049758, "log10_min_child_weight": 5.0, "log10_subsample": -0.6987316598656642, "max_depth": 7.0, "num_boost_round": 12.0}, "datetime": {"datetime": "2024-01-19 01:46:20", "elapsed": 5670.456097, "delta": 0.005714}}
{"target": -17.67721759503165, "params": {"gamma": 396.7165509634395, "log10_alpha": -0.014553904405134759, "log10_colsample_bytree": 0.0, "log10_eta": -2.6969602938663404, "log10_lambda": -4.283286198049758, "log10_min_child_weight": 5.0, "log10_subsample": -0.6987316598656642, "max_depth": 7.0, "num_boost_round": 13.0}, "datetime": {"datetime": "2024-01-19 01:46:20", "elapsed": 5670.461579, "delta": 0.005482}}
{"target": -17.67721177095196, "params": {"gamma": 396.7165509634395, "log10_alpha": -0.014553904405134759, "log10_colsample_bytree": 0.0, "log10_eta": -2.6969602938663404, "log10_lambda": -4.283286198049758, "log10_min_child_weight": 5.0, "log10_subsample": -0.6987316598656642, "max_depth": 7.0, "num_boost_round": 14.0}, "datetime": {"datetime": "2024-01-19 01:46:20", "elapsed": 5670.466929, "delta": 0.00535}}
{"target": -17.677205025336278, "params": {"gamma": 396.7165509634395, "log10_alpha": -0.014553904405134759, "log10_colsample_bytree": 0.0, "log10_eta": -2.6969602938663404, "log10_lambda": -4.283286198049758, "log10_min_child_weight": 5.0, "log10_subsample": -0.6987316598656642, "max_depth": 7.0, "num_boost_round": 15.0}, "datetime": {"datetime": "2024-01-19 01:46:20", "elapsed": 5670.472341, "delta": 0.005412}}
{"target": -17.67720638227935, "params": {"gamma": 396.7165509634395, "log10_alpha": -0.014553904405134759, "log10_colsample_bytree": 0.0, "log10_eta": -2.6969602938663404, "log10_lambda": -4.283286198049758, "log10_min_child_weight": 5.0, "log10_subsample": -0.6987316598656642, "max_depth": 7.0, "num_boost_round": 16.0}, "datetime": {"datetime": "2024-01-19 01:46:20", "elapsed": 5670.477764, "delta": 0.005423}}
{"target": -17.67720753058962, "params": {"gamma": 396.7165509634395, "log10_alpha": -0.014553904405134759, "log10_colsample_bytree": 0.0, "log10_eta": -2.6969602938663404, "log10_lambda": -4.283286198049758, "log10_min_child_weight": 5.0, "log10_subsample": -0.6987316598656642, "max_depth": 7.0, "num_boost_round": 17.0}, "datetime": {"datetime": "2024-01-19 01:46:20", "elapsed": 5670.483359, "delta": 0.005595}}
{"target": -17.677209037918864, "params": {"gamma": 396.7165509634395, "log10_alpha": -0.014553904405134759, "log10_colsample_bytree": 0.0, "log10_eta": -2.6969602938663404, "log10_lambda": -4.283286198049758, "log10_min_child_weight": 5.0, "log10_subsample": -0.6987316598656642, "max_depth": 7.0, "num_boost_round": 18.0}, "datetime": {"datetime": "2024-01-19 01:46:20", "elapsed": 5670.488967, "delta": 0.005608}}
{"target": -17.6772106434093, "params": {"gamma": 396.7165509634395, "log10_alpha": -0.014553904405134759, "log10_colsample_bytree": 0.0, "log10_eta": -2.6969602938663404, "log10_lambda": -4.283286198049758, "log10_min_child_weight": 5.0, "log10_subsample": -0.6987316598656642, "max_depth": 7.0, "num_boost_round": 19.0}, "datetime": {"datetime": "2024-01-19 01:46:20", "elapsed": 5670.494402, "delta": 0.005435}}
{"target": -17.67720493007722, "params": {"gamma": 396.7165509634395, "log10_alpha": -0.014553904405134759, "log10_colsample_bytree": 0.0, "log10_eta": -2.6969602938663404, "log10_lambda": -4.283286198049758, "log10_min_child_weight": 5.0, "log10_subsample": -0.6987316598656642, "max_depth": 7.0, "num_boost_round": 20.0}, "datetime": {"datetime": "2024-01-19 01:46:20", "elapsed": 5670.499913, "delta": 0.005511}}
{"target": -17.677204778873044, "params": {"gamma": 396.7165509634395, "log10_alpha": -0.014553904405134759, "log10_colsample_bytree": 0.0, "log10_eta": -2.6969602938663404, "log10_lambda": -4.283286198049758, "log10_min_child_weight": 5.0, "log10_subsample": -0.6987316598656642, "max_depth": 7.0, "num_boost_round": 21.0}, "datetime": {"datetime": "2024-01-19 01:46:20", "elapsed": 5670.505446, "delta": 0.005533}}
{"target": -17.67719709394453, "params": {"gamma": 396.7165509634395, "log10_alpha": -0.014553904405134759, "log10_colsample_bytree": 0.0, "log10_eta": -2.6969602938663404, "log10_lambda": -4.283286198049758, "log10_min_child_weight": 5.0, "log10_subsample": -0.6987316598656642, "max_depth": 7.0, "num_boost_round": 22.0}, "datetime": {"datetime": "2024-01-19 01:46:20", "elapsed": 5670.510823, "delta": 0.005377}}
{"target": -17.67719825659785, "params": {"gamma": 396.7165509634395, "log10_alpha": -0.014553904405134759, "log10_colsample_bytree": 0.0, "log10_eta": -2.6969602938663404, "log10_lambda": -4.283286198049758, "log10_min_child_weight": 5.0, "log10_subsample": -0.6987316598656642, "max_depth": 7.0, "num_boost_round": 23.0}, "datetime": {"datetime": "2024-01-19 01:46:20", "elapsed": 5670.51629, "delta": 0.005467}}
{"target": -17.67719127890749, "params": {"gamma": 396.7165509634395, "log10_alpha": -0.014553904405134759, "log10_colsample_bytree": 0.0, "log10_eta": -2.6969602938663404, "log10_lambda": -4.283286198049758, "log10_min_child_weight": 5.0, "log10_subsample": -0.6987316598656642, "max_depth": 7.0, "num_boost_round": 24.0}, "datetime": {"datetime": "2024-01-19 01:46:20", "elapsed": 5670.521843, "delta": 0.005553}}
{"target": -17.677184627325847, "params": {"gamma": 396.7165509634395, "log10_alpha": -0.014553904405134759, "log10_colsample_bytree": 0.0, "log10_eta": -2.6969602938663404, "log10_lambda": -4.283286198049758, "log10_min_child_weight": 5.0, "log10_subsample": -0.6987316598656642, "max_depth": 7.0, "num_boost_round": 25.0}, "datetime": {"datetime": "2024-01-19 01:46:20", "elapsed": 5670.52724, "delta": 0.005397}}
{"target": -17.677185935266102, "params": {"gamma": 396.7165509634395, "log10_alpha": -0.014553904405134759, "log10_colsample_bytree": 0.0, "log10_eta": -2.6969602938663404, "log10_lambda": -4.283286198049758, "log10_min_child_weight": 5.0, "log10_subsample": -0.6987316598656642, "max_depth": 7.0, "num_boost_round": 26.0}, "datetime": {"datetime": "2024-01-19 01:46:20", "elapsed": 5670.532635, "delta": 0.005395}}
{"target": -17.677185126710715, "params": {"gamma": 396.7165509634395, "log10_alpha": -0.014553904405134759, "log10_colsample_bytree": 0.0, "log10_eta": -2.6969602938663404, "log10_lambda": -4.283286198049758, "log10_min_child_weight": 5.0, "log10_subsample": -0.6987316598656642, "max_depth": 7.0, "num_boost_round": 27.0}, "datetime": {"datetime": "2024-01-19 01:46:20", "elapsed": 5670.538049, "delta": 0.005414}}
{"target": -17.677179208108377, "params": {"gamma": 396.7165509634395, "log10_alpha": -0.014553904405134759, "log10_colsample_bytree": 0.0, "log10_eta": -2.6969602938663404, "log10_lambda": -4.283286198049758, "log10_min_child_weight": 5.0, "log10_subsample": -0.6987316598656642, "max_depth": 7.0, "num_boost_round": 28.0}, "datetime": {"datetime": "2024-01-19 01:46:20", "elapsed": 5670.543494, "delta": 0.005445}}
{"target": -17.67718056370834, "params": {"gamma": 396.7165509634395, "log10_alpha": -0.014553904405134759, "log10_colsample_bytree": 0.0, "log10_eta": -2.6969602938663404, "log10_lambda": -4.283286198049758, "log10_min_child_weight": 5.0, "log10_subsample": -0.6987316598656642, "max_depth": 7.0, "num_boost_round": 29.0}, "datetime": {"datetime": "2024-01-19 01:46:20", "elapsed": 5670.548986, "delta": 0.005492}}
{"target": -17.677180702056518, "params": {"gamma": 396.7165509634395, "log10_alpha": -0.014553904405134759, "log10_colsample_bytree": 0.0, "log10_eta": -2.6969602938663404, "log10_lambda": -4.283286198049758, "log10_min_child_weight": 5.0, "log10_subsample": -0.6987316598656642, "max_depth": 7.0, "num_boost_round": 30.0}, "datetime": {"datetime": "2024-01-19 01:46:20", "elapsed": 5670.554552, "delta": 0.005566}}
{"target": -17.677180937518724, "params": {"gamma": 396.7165509634395, "log10_alpha": -0.014553904405134759, "log10_colsample_bytree": 0.0, "log10_eta": -2.6969602938663404, "log10_lambda": -4.283286198049758, "log10_min_child_weight": 5.0, "log10_subsample": -0.6987316598656642, "max_depth": 7.0, "num_boost_round": 31.0}, "datetime": {"datetime": "2024-01-19 01:46:20", "elapsed": 5670.560472, "delta": 0.00592}}
{"target": -17.677050382213757, "params": {"gamma": 402.05624986279133, "log10_alpha": -4.7623921792087724, "log10_colsample_bytree": -0.42543348310845785, "log10_eta": -2.653674075315935, "log10_lambda": -0.7920228272279344, "log10_min_child_weight": 2.455634073607807, "log10_subsample": -0.7613222321195893, "max_depth": 8.0, "num_boost_round": 0.0}, "datetime": {"datetime": "2024-01-19 01:47:37", "elapsed": 5747.267926, "delta": 76.707454}}
{"target": -17.676933998271853, "params": {"gamma": 402.05624986279133, "log10_alpha": -4.7623921792087724, "log10_colsample_bytree": -0.42543348310845785, "log10_eta": -2.653674075315935, "log10_lambda": -0.7920228272279344, "log10_min_child_weight": 2.455634073607807, "log10_subsample": -0.7613222321195893, "max_depth": 8.0, "num_boost_round": 1.0}, "datetime": {"datetime": "2024-01-19 01:47:37", "elapsed": 5747.274242, "delta": 0.006316}}
{"target": -17.676821740133594, "params": {"gamma": 402.05624986279133, "log10_alpha": -4.7623921792087724, "log10_colsample_bytree": -0.42543348310845785, "log10_eta": -2.653674075315935, "log10_lambda": -0.7920228272279344, "log10_min_child_weight": 2.455634073607807, "log10_subsample": -0.7613222321195893, "max_depth": 8.0, "num_boost_round": 2.0}, "datetime": {"datetime": "2024-01-19 01:47:37", "elapsed": 5747.27995, "delta": 0.005708}}
{"target": -17.676772108227894, "params": {"gamma": 402.05624986279133, "log10_alpha": -4.7623921792087724, "log10_colsample_bytree": -0.42543348310845785, "log10_eta": -2.653674075315935, "log10_lambda": -0.7920228272279344, "log10_min_child_weight": 2.455634073607807, "log10_subsample": -0.7613222321195893, "max_depth": 8.0, "num_boost_round": 3.0}, "datetime": {"datetime": "2024-01-19 01:47:37", "elapsed": 5747.285465, "delta": 0.005515}}
{"target": -17.67672382390511, "params": {"gamma": 402.05624986279133, "log10_alpha": -4.7623921792087724, "log10_colsample_bytree": -0.42543348310845785, "log10_eta": -2.653674075315935, "log10_lambda": -0.7920228272279344, "log10_min_child_weight": 2.455634073607807, "log10_subsample": -0.7613222321195893, "max_depth": 8.0, "num_boost_round": 4.0}, "datetime": {"datetime": "2024-01-19 01:47:37", "elapsed": 5747.290897, "delta": 0.005432}}
{"target": -17.67665760532903, "params": {"gamma": 402.05624986279133, "log10_alpha": -4.7623921792087724, "log10_colsample_bytree": -0.42543348310845785, "log10_eta": -2.653674075315935, "log10_lambda": -0.7920228272279344, "log10_min_child_weight": 2.455634073607807, "log10_subsample": -0.7613222321195893, "max_depth": 8.0, "num_boost_round": 5.0}, "datetime": {"datetime": "2024-01-19 01:47:37", "elapsed": 5747.296288, "delta": 0.005391}}
{"target": -17.676574361929998, "params": {"gamma": 402.05624986279133, "log10_alpha": -4.7623921792087724, "log10_colsample_bytree": -0.42543348310845785, "log10_eta": -2.653674075315935, "log10_lambda": -0.7920228272279344, "log10_min_child_weight": 2.455634073607807, "log10_subsample": -0.7613222321195893, "max_depth": 8.0, "num_boost_round": 6.0}, "datetime": {"datetime": "2024-01-19 01:47:37", "elapsed": 5747.301725, "delta": 0.005437}}
{"target": -17.67641956955561, "params": {"gamma": 402.05624986279133, "log10_alpha": -4.7623921792087724, "log10_colsample_bytree": -0.42543348310845785, "log10_eta": -2.653674075315935, "log10_lambda": -0.7920228272279344, "log10_min_child_weight": 2.455634073607807, "log10_subsample": -0.7613222321195893, "max_depth": 8.0, "num_boost_round": 7.0}, "datetime": {"datetime": "2024-01-19 01:47:37", "elapsed": 5747.307072, "delta": 0.005347}}
{"target": -17.676309267216524, "params": {"gamma": 402.05624986279133, "log10_alpha": -4.7623921792087724, "log10_colsample_bytree": -0.42543348310845785, "log10_eta": -2.653674075315935, "log10_lambda": -0.7920228272279344, "log10_min_child_weight": 2.455634073607807, "log10_subsample": -0.7613222321195893, "max_depth": 8.0, "num_boost_round": 8.0}, "datetime": {"datetime": "2024-01-19 01:47:37", "elapsed": 5747.312577, "delta": 0.005505}}
{"target": -17.676233053260223, "params": {"gamma": 402.05624986279133, "log10_alpha": -4.7623921792087724, "log10_colsample_bytree": -0.42543348310845785, "log10_eta": -2.653674075315935, "log10_lambda": -0.7920228272279344, "log10_min_child_weight": 2.455634073607807, "log10_subsample": -0.7613222321195893, "max_depth": 8.0, "num_boost_round": 9.0}, "datetime": {"datetime": "2024-01-19 01:47:37", "elapsed": 5747.318138, "delta": 0.005561}}
{"target": -17.67612007377059, "params": {"gamma": 402.05624986279133, "log10_alpha": -4.7623921792087724, "log10_colsample_bytree": -0.42543348310845785, "log10_eta": -2.653674075315935, "log10_lambda": -0.7920228272279344, "log10_min_child_weight": 2.455634073607807, "log10_subsample": -0.7613222321195893, "max_depth": 8.0, "num_boost_round": 10.0}, "datetime": {"datetime": "2024-01-19 01:47:37", "elapsed": 5747.323776, "delta": 0.005638}}
{"target": -17.675979882246796, "params": {"gamma": 402.05624986279133, "log10_alpha": -4.7623921792087724, "log10_colsample_bytree": -0.42543348310845785, "log10_eta": -2.653674075315935, "log10_lambda": -0.7920228272279344, "log10_min_child_weight": 2.455634073607807, "log10_subsample": -0.7613222321195893, "max_depth": 8.0, "num_boost_round": 11.0}, "datetime": {"datetime": "2024-01-19 01:47:37", "elapsed": 5747.329373, "delta": 0.005597}}
{"target": -17.676018690391977, "params": {"gamma": 402.05624986279133, "log10_alpha": -4.7623921792087724, "log10_colsample_bytree": -0.42543348310845785, "log10_eta": -2.653674075315935, "log10_lambda": -0.7920228272279344, "log10_min_child_weight": 2.455634073607807, "log10_subsample": -0.7613222321195893, "max_depth": 8.0, "num_boost_round": 12.0}, "datetime": {"datetime": "2024-01-19 01:47:37", "elapsed": 5747.335876, "delta": 0.006503}}
{"target": -17.676057170902638, "params": {"gamma": 402.05624986279133, "log10_alpha": -4.7623921792087724, "log10_colsample_bytree": -0.42543348310845785, "log10_eta": -2.653674075315935, "log10_lambda": -0.7920228272279344, "log10_min_child_weight": 2.455634073607807, "log10_subsample": -0.7613222321195893, "max_depth": 8.0, "num_boost_round": 13.0}, "datetime": {"datetime": "2024-01-19 01:47:37", "elapsed": 5747.34223, "delta": 0.006354}}
{"target": -17.677199682389478, "params": {"gamma": 400.1383566897375, "log10_alpha": 0.11352499490658285, "log10_colsample_bytree": -0.411585807896532, "log10_eta": -3.0647875212516817, "log10_lambda": 0.8120094969746159, "log10_min_child_weight": 4.020063479679167, "log10_subsample": -0.43041811580478173, "max_depth": 9.0, "num_boost_round": 0.0}, "datetime": {"datetime": "2024-01-19 01:48:59", "elapsed": 5828.899877, "delta": 81.557647}}
{"target": -17.67718525554223, "params": {"gamma": 400.1383566897375, "log10_alpha": 0.11352499490658285, "log10_colsample_bytree": -0.411585807896532, "log10_eta": -3.0647875212516817, "log10_lambda": 0.8120094969746159, "log10_min_child_weight": 4.020063479679167, "log10_subsample": -0.43041811580478173, "max_depth": 9.0, "num_boost_round": 1.0}, "datetime": {"datetime": "2024-01-19 01:48:59", "elapsed": 5829.022403, "delta": 0.122526}}
{"target": -17.67717773748092, "params": {"gamma": 400.1383566897375, "log10_alpha": 0.11352499490658285, "log10_colsample_bytree": -0.411585807896532, "log10_eta": -3.0647875212516817, "log10_lambda": 0.8120094969746159, "log10_min_child_weight": 4.020063479679167, "log10_subsample": -0.43041811580478173, "max_depth": 9.0, "num_boost_round": 2.0}, "datetime": {"datetime": "2024-01-19 01:48:59", "elapsed": 5829.029594, "delta": 0.007191}}
{"target": -17.677174783568667, "params": {"gamma": 400.1383566897375, "log10_alpha": 0.11352499490658285, "log10_colsample_bytree": -0.411585807896532, "log10_eta": -3.0647875212516817, "log10_lambda": 0.8120094969746159, "log10_min_child_weight": 4.020063479679167, "log10_subsample": -0.43041811580478173, "max_depth": 9.0, "num_boost_round": 3.0}, "datetime": {"datetime": "2024-01-19 01:48:59", "elapsed": 5829.035304, "delta": 0.00571}}
{"target": -17.677175078370336, "params": {"gamma": 400.1383566897375, "log10_alpha": 0.11352499490658285, "log10_colsample_bytree": -0.411585807896532, "log10_eta": -3.0647875212516817, "log10_lambda": 0.8120094969746159, "log10_min_child_weight": 4.020063479679167, "log10_subsample": -0.43041811580478173, "max_depth": 9.0, "num_boost_round": 4.0}, "datetime": {"datetime": "2024-01-19 01:48:59", "elapsed": 5829.040829, "delta": 0.005525}}
{"target": -17.677184645550927, "params": {"gamma": 400.1383566897375, "log10_alpha": 0.11352499490658285, "log10_colsample_bytree": -0.411585807896532, "log10_eta": -3.0647875212516817, "log10_lambda": 0.8120094969746159, "log10_min_child_weight": 4.020063479679167, "log10_subsample": -0.43041811580478173, "max_depth": 9.0, "num_boost_round": 5.0}, "datetime": {"datetime": "2024-01-19 01:48:59", "elapsed": 5829.046268, "delta": 0.005439}}
{"target": -17.677176983418025, "params": {"gamma": 400.1383566897375, "log10_alpha": 0.11352499490658285, "log10_colsample_bytree": -0.411585807896532, "log10_eta": -3.0647875212516817, "log10_lambda": 0.8120094969746159, "log10_min_child_weight": 4.020063479679167, "log10_subsample": -0.43041811580478173, "max_depth": 9.0, "num_boost_round": 6.0}, "datetime": {"datetime": "2024-01-19 01:48:59", "elapsed": 5829.051767, "delta": 0.005499}}
{"target": -17.677166432970804, "params": {"gamma": 400.1383566897375, "log10_alpha": 0.11352499490658285, "log10_colsample_bytree": -0.411585807896532, "log10_eta": -3.0647875212516817, "log10_lambda": 0.8120094969746159, "log10_min_child_weight": 4.020063479679167, "log10_subsample": -0.43041811580478173, "max_depth": 9.0, "num_boost_round": 7.0}, "datetime": {"datetime": "2024-01-19 01:48:59", "elapsed": 5829.057257, "delta": 0.00549}}
{"target": -17.67714750131745, "params": {"gamma": 400.1383566897375, "log10_alpha": 0.11352499490658285, "log10_colsample_bytree": -0.411585807896532, "log10_eta": -3.0647875212516817, "log10_lambda": 0.8120094969746159, "log10_min_child_weight": 4.020063479679167, "log10_subsample": -0.43041811580478173, "max_depth": 9.0, "num_boost_round": 8.0}, "datetime": {"datetime": "2024-01-19 01:48:59", "elapsed": 5829.062792, "delta": 0.005535}}
