{"target": -13.758537540203081, "params": {"gamma": 710.9599889901816, "log10_alpha": -3.772888588326551, "log10_colsample_bytree": -0.5359528148799971, "log10_eta": -3.886533934264101, "log10_lambda": -0.9917532214856895, "log10_min_child_weight": 4.937652762039163, "log10_subsample": -0.8865144968415085, "max_depth": 9.0, "num_boost_round": 9.0}, "datetime": {"datetime": "2024-01-19 00:34:43", "elapsed": 1382.992715, "delta": 0.001705}}
{"target": -13.758537401247871, "params": {"gamma": 710.9599889901816, "log10_alpha": -3.772888588326551, "log10_colsample_bytree": -0.5359528148799971, "log10_eta": -3.886533934264101, "log10_lambda": -0.9917532214856895, "log10_min_child_weight": 4.937652762039163, "log10_subsample": -0.8865144968415085, "max_depth": 9.0, "num_boost_round": 10.0}, "datetime": {"datetime": "2024-01-19 00:34:43", "elapsed": 1382.994427, "delta": 0.001712}}
{"target": -13.75853674686726, "params": {"gamma": 710.9599889901816, "log10_alpha": -3.772888588326551, "log10_colsample_bytree": -0.5359528148799971, "log10_eta": -3.886533934264101, "log10_lambda": -0.9917532214856895, "log10_min_child_weight": 4.937652762039163, "log10_subsample": -0.8865144968415085, "max_depth": 9.0, "num_boost_round": 11.0}, "datetime": {"datetime": "2024-01-19 00:34:43", "elapsed": 1382.996172, "delta": 0.001745}}
{"target": -13.758536797411965, "params": {"gamma": 710.9599889901816, "log10_alpha": -3.772888588326551, "log10_colsample_bytree": -0.5359528148799971, "log10_eta": -3.886533934264101, "log10_lambda": -0.9917532214856895, "log10_min_child_weight": 4.937652762039163, "log10_subsample": -0.8865144968415085, "max_depth": 9.0, "num_boost_round": 12.0}, "datetime": {"datetime": "2024-01-19 00:34:43", "elapsed": 1382.997951, "delta": 0.001779}}
{"target": -13.75853672764736, "params": {"gamma": 710.9599889901816, "log10_alpha": -3.772888588326551, "log10_colsample_bytree": -0.5359528148799971, "log10_eta": -3.886533934264101, "log10_lambda": -0.9917532214856895, "log10_min_child_weight": 4.937652762039163, "log10_subsample": -0.8865144968415085, "max_depth": 9.0, "num_boost_round": 13.0}, "datetime": {"datetime": "2024-01-19 00:34:43", "elapsed": 1382.999699, "delta": 0.001748}}
{"target": -13.758536631277297, "params": {"gamma": 710.9599889901816, "log10_alpha": -3.772888588326551, "log10_colsample_bytree": -0.5359528148799971, "log10_eta": -3.886533934264101, "log10_lambda": -0.9917532214856895, "log10_min_child_weight": 4.937652762039163, "log10_subsample": -0.8865144968415085, "max_depth": 9.0, "num_boost_round": 14.0}, "datetime": {"datetime": "2024-01-19 00:34:43", "elapsed": 1383.001456, "delta": 0.001757}}
{"target": -13.758535930842879, "params": {"gamma": 710.9599889901816, "log10_alpha": -3.772888588326551, "log10_colsample_bytree": -0.5359528148799971, "log10_eta": -3.886533934264101, "log10_lambda": -0.9917532214856895, "log10_min_child_weight": 4.937652762039163, "log10_subsample": -0.8865144968415085, "max_depth": 9.0, "num_boost_round": 15.0}, "datetime": {"datetime": "2024-01-19 00:34:43", "elapsed": 1383.003246, "delta": 0.00179}}
{"target": -13.757232216375945, "params": {"gamma": 719.8475141558251, "log10_alpha": -0.5893184403861174, "log10_colsample_bytree": -0.6806487673590994, "log10_eta": -1.5298366250084032, "log10_lambda": -0.8098483943110777, "log10_min_child_weight": 2.882840335970477, "log10_subsample": -0.42343984431761916, "max_depth": 8.0, "num_boost_round": 0.0}, "datetime": {"datetime": "2024-01-19 00:35:17", "elapsed": 1416.221945, "delta": 33.218699}}
{"target": -13.756054699725688, "params": {"gamma": 719.8475141558251, "log10_alpha": -0.5893184403861174, "log10_colsample_bytree": -0.6806487673590994, "log10_eta": -1.5298366250084032, "log10_lambda": -0.8098483943110777, "log10_min_child_weight": 2.882840335970477, "log10_subsample": -0.42343984431761916, "max_depth": 8.0, "num_boost_round": 1.0}, "datetime": {"datetime": "2024-01-19 00:35:17", "elapsed": 1416.224492, "delta": 0.002547}}
{"target": -13.755336900271685, "params": {"gamma": 719.8475141558251, "log10_alpha": -0.5893184403861174, "log10_colsample_bytree": -0.6806487673590994, "log10_eta": -1.5298366250084032, "log10_lambda": -0.8098483943110777, "log10_min_child_weight": 2.882840335970477, "log10_subsample": -0.42343984431761916, "max_depth": 8.0, "num_boost_round": 2.0}, "datetime": {"datetime": "2024-01-19 00:35:17", "elapsed": 1416.227179, "delta": 0.002687}}
{"target": -13.75503671923695, "params": {"gamma": 719.8475141558251, "log10_alpha": -0.5893184403861174, "log10_colsample_bytree": -0.6806487673590994, "log10_eta": -1.5298366250084032, "log10_lambda": -0.8098483943110777, "log10_min_child_weight": 2.882840335970477, "log10_subsample": -0.42343984431761916, "max_depth": 8.0, "num_boost_round": 3.0}, "datetime": {"datetime": "2024-01-19 00:35:17", "elapsed": 1416.228896, "delta": 0.001717}}
{"target": -13.754584325035973, "params": {"gamma": 719.8475141558251, "log10_alpha": -0.5893184403861174, "log10_colsample_bytree": -0.6806487673590994, "log10_eta": -1.5298366250084032, "log10_lambda": -0.8098483943110777, "log10_min_child_weight": 2.882840335970477, "log10_subsample": -0.42343984431761916, "max_depth": 8.0, "num_boost_round": 4.0}, "datetime": {"datetime": "2024-01-19 00:35:17", "elapsed": 1416.230729, "delta": 0.001833}}
{"target": -13.754879199455889, "params": {"gamma": 719.8475141558251, "log10_alpha": -0.5893184403861174, "log10_colsample_bytree": -0.6806487673590994, "log10_eta": -1.5298366250084032, "log10_lambda": -0.8098483943110777, "log10_min_child_weight": 2.882840335970477, "log10_subsample": -0.42343984431761916, "max_depth": 8.0, "num_boost_round": 5.0}, "datetime": {"datetime": "2024-01-19 00:35:17", "elapsed": 1416.232451, "delta": 0.001722}}
{"target": -13.75494001544009, "params": {"gamma": 719.8475141558251, "log10_alpha": -0.5893184403861174, "log10_colsample_bytree": -0.6806487673590994, "log10_eta": -1.5298366250084032, "log10_lambda": -0.8098483943110777, "log10_min_child_weight": 2.882840335970477, "log10_subsample": -0.42343984431761916, "max_depth": 8.0, "num_boost_round": 6.0}, "datetime": {"datetime": "2024-01-19 00:35:17", "elapsed": 1416.23438, "delta": 0.001929}}
{"target": -13.753647449867206, "params": {"gamma": 719.8475141558251, "log10_alpha": -0.5893184403861174, "log10_colsample_bytree": -0.6806487673590994, "log10_eta": -1.5298366250084032, "log10_lambda": -0.8098483943110777, "log10_min_child_weight": 2.882840335970477, "log10_subsample": -0.42343984431761916, "max_depth": 8.0, "num_boost_round": 7.0}, "datetime": {"datetime": "2024-01-19 00:35:17", "elapsed": 1416.236199, "delta": 0.001819}}
{"target": -13.75290697661357, "params": {"gamma": 719.8475141558251, "log10_alpha": -0.5893184403861174, "log10_colsample_bytree": -0.6806487673590994, "log10_eta": -1.5298366250084032, "log10_lambda": -0.8098483943110777, "log10_min_child_weight": 2.882840335970477, "log10_subsample": -0.42343984431761916, "max_depth": 8.0, "num_boost_round": 8.0}, "datetime": {"datetime": "2024-01-19 00:35:17", "elapsed": 1416.238045, "delta": 0.001846}}
{"target": -13.753322949205371, "params": {"gamma": 719.8475141558251, "log10_alpha": -0.5893184403861174, "log10_colsample_bytree": -0.6806487673590994, "log10_eta": -1.5298366250084032, "log10_lambda": -0.8098483943110777, "log10_min_child_weight": 2.882840335970477, "log10_subsample": -0.42343984431761916, "max_depth": 8.0, "num_boost_round": 9.0}, "datetime": {"datetime": "2024-01-19 00:35:17", "elapsed": 1416.239888, "delta": 0.001843}}
{"target": -13.752847033337156, "params": {"gamma": 719.8475141558251, "log10_alpha": -0.5893184403861174, "log10_colsample_bytree": -0.6806487673590994, "log10_eta": -1.5298366250084032, "log10_lambda": -0.8098483943110777, "log10_min_child_weight": 2.882840335970477, "log10_subsample": -0.42343984431761916, "max_depth": 8.0, "num_boost_round": 10.0}, "datetime": {"datetime": "2024-01-19 00:35:17", "elapsed": 1416.241633, "delta": 0.001745}}
{"target": -13.753298254302003, "params": {"gamma": 719.8475141558251, "log10_alpha": -0.5893184403861174, "log10_colsample_bytree": -0.6806487673590994, "log10_eta": -1.5298366250084032, "log10_lambda": -0.8098483943110777, "log10_min_child_weight": 2.882840335970477, "log10_subsample": -0.42343984431761916, "max_depth": 8.0, "num_boost_round": 11.0}, "datetime": {"datetime": "2024-01-19 00:35:17", "elapsed": 1416.243416, "delta": 0.001783}}
{"target": -13.753623592057899, "params": {"gamma": 719.8475141558251, "log10_alpha": -0.5893184403861174, "log10_colsample_bytree": -0.6806487673590994, "log10_eta": -1.5298366250084032, "log10_lambda": -0.8098483943110777, "log10_min_child_weight": 2.882840335970477, "log10_subsample": -0.42343984431761916, "max_depth": 8.0, "num_boost_round": 12.0}, "datetime": {"datetime": "2024-01-19 00:35:17", "elapsed": 1416.245116, "delta": 0.0017}}
{"target": -13.754594452362888, "params": {"gamma": 719.8475141558251, "log10_alpha": -0.5893184403861174, "log10_colsample_bytree": -0.6806487673590994, "log10_eta": -1.5298366250084032, "log10_lambda": -0.8098483943110777, "log10_min_child_weight": 2.882840335970477, "log10_subsample": -0.42343984431761916, "max_depth": 8.0, "num_boost_round": 13.0}, "datetime": {"datetime": "2024-01-19 00:35:17", "elapsed": 1416.246857, "delta": 0.001741}}
{"target": -13.75427524020469, "params": {"gamma": 719.8475141558251, "log10_alpha": -0.5893184403861174, "log10_colsample_bytree": -0.6806487673590994, "log10_eta": -1.5298366250084032, "log10_lambda": -0.8098483943110777, "log10_min_child_weight": 2.882840335970477, "log10_subsample": -0.42343984431761916, "max_depth": 8.0, "num_boost_round": 14.0}, "datetime": {"datetime": "2024-01-19 00:35:17", "elapsed": 1416.248638, "delta": 0.001781}}
{"target": -13.754933936771527, "params": {"gamma": 719.8475141558251, "log10_alpha": -0.5893184403861174, "log10_colsample_bytree": -0.6806487673590994, "log10_eta": -1.5298366250084032, "log10_lambda": -0.8098483943110777, "log10_min_child_weight": 2.882840335970477, "log10_subsample": -0.42343984431761916, "max_depth": 8.0, "num_boost_round": 15.0}, "datetime": {"datetime": "2024-01-19 00:35:17", "elapsed": 1416.250348, "delta": 0.00171}}
{"target": -13.754253233899219, "params": {"gamma": 719.8475141558251, "log10_alpha": -0.5893184403861174, "log10_colsample_bytree": -0.6806487673590994, "log10_eta": -1.5298366250084032, "log10_lambda": -0.8098483943110777, "log10_min_child_weight": 2.882840335970477, "log10_subsample": -0.42343984431761916, "max_depth": 8.0, "num_boost_round": 16.0}, "datetime": {"datetime": "2024-01-19 00:35:17", "elapsed": 1416.252068, "delta": 0.00172}}
{"target": -13.754815465631161, "params": {"gamma": 719.8475141558251, "log10_alpha": -0.5893184403861174, "log10_colsample_bytree": -0.6806487673590994, "log10_eta": -1.5298366250084032, "log10_lambda": -0.8098483943110777, "log10_min_child_weight": 2.882840335970477, "log10_subsample": -0.42343984431761916, "max_depth": 8.0, "num_boost_round": 17.0}, "datetime": {"datetime": "2024-01-19 00:35:17", "elapsed": 1416.253894, "delta": 0.001826}}
{"target": -13.755028782853923, "params": {"gamma": 719.8475141558251, "log10_alpha": -0.5893184403861174, "log10_colsample_bytree": -0.6806487673590994, "log10_eta": -1.5298366250084032, "log10_lambda": -0.8098483943110777, "log10_min_child_weight": 2.882840335970477, "log10_subsample": -0.42343984431761916, "max_depth": 8.0, "num_boost_round": 18.0}, "datetime": {"datetime": "2024-01-19 00:35:17", "elapsed": 1416.255615, "delta": 0.001721}}
{"target": -13.755415682046635, "params": {"gamma": 719.8475141558251, "log10_alpha": -0.5893184403861174, "log10_colsample_bytree": -0.6806487673590994, "log10_eta": -1.5298366250084032, "log10_lambda": -0.8098483943110777, "log10_min_child_weight": 2.882840335970477, "log10_subsample": -0.42343984431761916, "max_depth": 8.0, "num_boost_round": 19.0}, "datetime": {"datetime": "2024-01-19 00:35:17", "elapsed": 1416.25735, "delta": 0.001735}}
{"target": -13.755710083055524, "params": {"gamma": 719.8475141558251, "log10_alpha": -0.5893184403861174, "log10_colsample_bytree": -0.6806487673590994, "log10_eta": -1.5298366250084032, "log10_lambda": -0.8098483943110777, "log10_min_child_weight": 2.882840335970477, "log10_subsample": -0.42343984431761916, "max_depth": 8.0, "num_boost_round": 20.0}, "datetime": {"datetime": "2024-01-19 00:35:17", "elapsed": 1416.259052, "delta": 0.001702}}
{"target": -13.755873251064212, "params": {"gamma": 719.8475141558251, "log10_alpha": -0.5893184403861174, "log10_colsample_bytree": -0.6806487673590994, "log10_eta": -1.5298366250084032, "log10_lambda": -0.8098483943110777, "log10_min_child_weight": 2.882840335970477, "log10_subsample": -0.42343984431761916, "max_depth": 8.0, "num_boost_round": 21.0}, "datetime": {"datetime": "2024-01-19 00:35:17", "elapsed": 1416.260797, "delta": 0.001745}}
{"target": -13.756687763644303, "params": {"gamma": 719.8475141558251, "log10_alpha": -0.5893184403861174, "log10_colsample_bytree": -0.6806487673590994, "log10_eta": -1.5298366250084032, "log10_lambda": -0.8098483943110777, "log10_min_child_weight": 2.882840335970477, "log10_subsample": -0.42343984431761916, "max_depth": 8.0, "num_boost_round": 22.0}, "datetime": {"datetime": "2024-01-19 00:35:17", "elapsed": 1416.262589, "delta": 0.001792}}
{"target": -13.756794335045667, "params": {"gamma": 719.8475141558251, "log10_alpha": -0.5893184403861174, "log10_colsample_bytree": -0.6806487673590994, "log10_eta": -1.5298366250084032, "log10_lambda": -0.8098483943110777, "log10_min_child_weight": 2.882840335970477, "log10_subsample": -0.42343984431761916, "max_depth": 8.0, "num_boost_round": 23.0}, "datetime": {"datetime": "2024-01-19 00:35:17", "elapsed": 1416.264298, "delta": 0.001709}}
{"target": -13.757336551929063, "params": {"gamma": 719.8475141558251, "log10_alpha": -0.5893184403861174, "log10_colsample_bytree": -0.6806487673590994, "log10_eta": -1.5298366250084032, "log10_lambda": -0.8098483943110777, "log10_min_child_weight": 2.882840335970477, "log10_subsample": -0.42343984431761916, "max_depth": 8.0, "num_boost_round": 24.0}, "datetime": {"datetime": "2024-01-19 00:35:17", "elapsed": 1416.266066, "delta": 0.001768}}
{"target": -13.758486200087198, "params": {"gamma": 719.8475141558251, "log10_alpha": -0.5893184403861174, "log10_colsample_bytree": -0.6806487673590994, "log10_eta": -1.5298366250084032, "log10_lambda": -0.8098483943110777, "log10_min_child_weight": 2.882840335970477, "log10_subsample": -0.42343984431761916, "max_depth": 8.0, "num_boost_round": 25.0}, "datetime": {"datetime": "2024-01-19 00:35:17", "elapsed": 1416.267942, "delta": 0.001876}}
{"target": -13.759743204824355, "params": {"gamma": 719.8475141558251, "log10_alpha": -0.5893184403861174, "log10_colsample_bytree": -0.6806487673590994, "log10_eta": -1.5298366250084032, "log10_lambda": -0.8098483943110777, "log10_min_child_weight": 2.882840335970477, "log10_subsample": -0.42343984431761916, "max_depth": 8.0, "num_boost_round": 26.0}, "datetime": {"datetime": "2024-01-19 00:35:17", "elapsed": 1416.269845, "delta": 0.001903}}
{"target": -13.75960754876127, "params": {"gamma": 719.8475141558251, "log10_alpha": -0.5893184403861174, "log10_colsample_bytree": -0.6806487673590994, "log10_eta": -1.5298366250084032, "log10_lambda": -0.8098483943110777, "log10_min_child_weight": 2.882840335970477, "log10_subsample": -0.42343984431761916, "max_depth": 8.0, "num_boost_round": 27.0}, "datetime": {"datetime": "2024-01-19 00:35:17", "elapsed": 1416.271781, "delta": 0.001936}}
{"target": -13.75997056515624, "params": {"gamma": 719.8475141558251, "log10_alpha": -0.5893184403861174, "log10_colsample_bytree": -0.6806487673590994, "log10_eta": -1.5298366250084032, "log10_lambda": -0.8098483943110777, "log10_min_child_weight": 2.882840335970477, "log10_subsample": -0.42343984431761916, "max_depth": 8.0, "num_boost_round": 28.0}, "datetime": {"datetime": "2024-01-19 00:35:17", "elapsed": 1416.273597, "delta": 0.001816}}
{"target": -13.760051318490007, "params": {"gamma": 719.8475141558251, "log10_alpha": -0.5893184403861174, "log10_colsample_bytree": -0.6806487673590994, "log10_eta": -1.5298366250084032, "log10_lambda": -0.8098483943110777, "log10_min_child_weight": 2.882840335970477, "log10_subsample": -0.42343984431761916, "max_depth": 8.0, "num_boost_round": 29.0}, "datetime": {"datetime": "2024-01-19 00:35:17", "elapsed": 1416.275352, "delta": 0.001755}}
{"target": -13.760165462753477, "params": {"gamma": 719.8475141558251, "log10_alpha": -0.5893184403861174, "log10_colsample_bytree": -0.6806487673590994, "log10_eta": -1.5298366250084032, "log10_lambda": -0.8098483943110777, "log10_min_child_weight": 2.882840335970477, "log10_subsample": -0.42343984431761916, "max_depth": 8.0, "num_boost_round": 30.0}, "datetime": {"datetime": "2024-01-19 00:35:17", "elapsed": 1416.277087, "delta": 0.001735}}
{"target": -13.760705803066546, "params": {"gamma": 719.8475141558251, "log10_alpha": -0.5893184403861174, "log10_colsample_bytree": -0.6806487673590994, "log10_eta": -1.5298366250084032, "log10_lambda": -0.8098483943110777, "log10_min_child_weight": 2.882840335970477, "log10_subsample": -0.42343984431761916, "max_depth": 8.0, "num_boost_round": 31.0}, "datetime": {"datetime": "2024-01-19 00:35:17", "elapsed": 1416.278817, "delta": 0.00173}}
{"target": -13.760994085599508, "params": {"gamma": 719.8475141558251, "log10_alpha": -0.5893184403861174, "log10_colsample_bytree": -0.6806487673590994, "log10_eta": -1.5298366250084032, "log10_lambda": -0.8098483943110777, "log10_min_child_weight": 2.882840335970477, "log10_subsample": -0.42343984431761916, "max_depth": 8.0, "num_boost_round": 32.0}, "datetime": {"datetime": "2024-01-19 00:35:17", "elapsed": 1416.280579, "delta": 0.001762}}
{"target": -13.762117283354618, "params": {"gamma": 719.8475141558251, "log10_alpha": -0.5893184403861174, "log10_colsample_bytree": -0.6806487673590994, "log10_eta": -1.5298366250084032, "log10_lambda": -0.8098483943110777, "log10_min_child_weight": 2.882840335970477, "log10_subsample": -0.42343984431761916, "max_depth": 8.0, "num_boost_round": 33.0}, "datetime": {"datetime": "2024-01-19 00:35:17", "elapsed": 1416.28241, "delta": 0.001831}}
{"target": -13.762555863606286, "params": {"gamma": 719.8475141558251, "log10_alpha": -0.5893184403861174, "log10_colsample_bytree": -0.6806487673590994, "log10_eta": -1.5298366250084032, "log10_lambda": -0.8098483943110777, "log10_min_child_weight": 2.882840335970477, "log10_subsample": -0.42343984431761916, "max_depth": 8.0, "num_boost_round": 34.0}, "datetime": {"datetime": "2024-01-19 00:35:17", "elapsed": 1416.284205, "delta": 0.001795}}
{"target": -13.762366785381808, "params": {"gamma": 719.8475141558251, "log10_alpha": -0.5893184403861174, "log10_colsample_bytree": -0.6806487673590994, "log10_eta": -1.5298366250084032, "log10_lambda": -0.8098483943110777, "log10_min_child_weight": 2.882840335970477, "log10_subsample": -0.42343984431761916, "max_depth": 8.0, "num_boost_round": 35.0}, "datetime": {"datetime": "2024-01-19 00:35:17", "elapsed": 1416.286028, "delta": 0.001823}}
{"target": -13.758314961964492, "params": {"gamma": 723.9921556820183, "log10_alpha": -0.7963495668860467, "log10_colsample_bytree": -0.9332493979929799, "log10_eta": -2.3612288919682296, "log10_lambda": -3.2784802871680916, "log10_min_child_weight": 1.9582731755890626, "log10_subsample": -0.17027412391729269, "max_depth": 6.0, "num_boost_round": 0.0}, "datetime": {"datetime": "2024-01-19 00:35:40", "elapsed": 1439.829566, "delta": 23.543538}}
{"target": -13.758393819463373, "params": {"gamma": 723.9921556820183, "log10_alpha": -0.7963495668860467, "log10_colsample_bytree": -0.9332493979929799, "log10_eta": -2.3612288919682296, "log10_lambda": -3.2784802871680916, "log10_min_child_weight": 1.9582731755890626, "log10_subsample": -0.17027412391729269, "max_depth": 6.0, "num_boost_round": 1.0}, "datetime": {"datetime": "2024-01-19 00:35:40", "elapsed": 1439.831808, "delta": 0.002242}}
{"target": -13.758285894815835, "params": {"gamma": 723.9921556820183, "log10_alpha": -0.7963495668860467, "log10_colsample_bytree": -0.9332493979929799, "log10_eta": -2.3612288919682296, "log10_lambda": -3.2784802871680916, "log10_min_child_weight": 1.9582731755890626, "log10_subsample": -0.17027412391729269, "max_depth": 6.0, "num_boost_round": 2.0}, "datetime": {"datetime": "2024-01-19 00:35:40", "elapsed": 1439.834011, "delta": 0.002203}}
{"target": -13.758241567041997, "params": {"gamma": 723.9921556820183, "log10_alpha": -0.7963495668860467, "log10_colsample_bytree": -0.9332493979929799, "log10_eta": -2.3612288919682296, "log10_lambda": -3.2784802871680916, "log10_min_child_weight": 1.9582731755890626, "log10_subsample": -0.17027412391729269, "max_depth": 6.0, "num_boost_round": 3.0}, "datetime": {"datetime": "2024-01-19 00:35:40", "elapsed": 1439.835883, "delta": 0.001872}}
{"target": -13.758106582878149, "params": {"gamma": 723.9921556820183, "log10_alpha": -0.7963495668860467, "log10_colsample_bytree": -0.9332493979929799, "log10_eta": -2.3612288919682296, "log10_lambda": -3.2784802871680916, "log10_min_child_weight": 1.9582731755890626, "log10_subsample": -0.17027412391729269, "max_depth": 6.0, "num_boost_round": 4.0}, "datetime": {"datetime": "2024-01-19 00:35:40", "elapsed": 1439.837985, "delta": 0.002102}}
{"target": -13.75800697619718, "params": {"gamma": 723.9921556820183, "log10_alpha": -0.7963495668860467, "log10_colsample_bytree": -0.9332493979929799, "log10_eta": -2.3612288919682296, "log10_lambda": -3.2784802871680916, "log10_min_child_weight": 1.9582731755890626, "log10_subsample": -0.17027412391729269, "max_depth": 6.0, "num_boost_round": 5.0}, "datetime": {"datetime": "2024-01-19 00:35:40", "elapsed": 1439.839781, "delta": 0.001796}}
