{"target": -17.677260550598202, "params": {"gamma": 969.7571090875434, "log10_alpha": -0.8757514531359636, "log10_colsample_bytree": -0.38366268505489, "log10_eta": -0.920385151509191, "log10_lambda": 0.5329425272694168, "log10_min_child_weight": 4.993463344731868, "log10_subsample": -0.7971453699526762, "max_depth": 8.0, "num_boost_round": 1.0}, "datetime": {"datetime": "2024-01-19 00:53:42", "elapsed": 2516.109726, "delta": 0.003626}}
{"target": -17.677730459776694, "params": {"gamma": 969.7571090875434, "log10_alpha": -0.8757514531359636, "log10_colsample_bytree": -0.38366268505489, "log10_eta": -0.920385151509191, "log10_lambda": 0.5329425272694168, "log10_min_child_weight": 4.993463344731868, "log10_subsample": -0.7971453699526762, "max_depth": 8.0, "num_boost_round": 2.0}, "datetime": {"datetime": "2024-01-19 00:53:42", "elapsed": 2516.11282, "delta": 0.003094}}
{"target": -17.678097398395696, "params": {"gamma": 969.7571090875434, "log10_alpha": -0.8757514531359636, "log10_colsample_bytree": -0.38366268505489, "log10_eta": -0.920385151509191, "log10_lambda": 0.5329425272694168, "log10_min_child_weight": 4.993463344731868, "log10_subsample": -0.7971453699526762, "max_depth": 8.0, "num_boost_round": 3.0}, "datetime": {"datetime": "2024-01-19 00:53:42", "elapsed": 2516.115909, "delta": 0.003089}}
{"target": -17.676943011775162, "params": {"gamma": 969.7571090875434, "log10_alpha": -0.8757514531359636, "log10_colsample_bytree": -0.38366268505489, "log10_eta": -0.920385151509191, "log10_lambda": 0.5329425272694168, "log10_min_child_weight": 4.993463344731868, "log10_subsample": -0.7971453699526762, "max_depth": 8.0, "num_boost_round": 4.0}, "datetime": {"datetime": "2024-01-19 00:53:42", "elapsed": 2516.119354, "delta": 0.003445}}
{"target": -17.67737216959124, "params": {"gamma": 969.7571090875434, "log10_alpha": -0.8757514531359636, "log10_colsample_bytree": -0.38366268505489, "log10_eta": -0.920385151509191, "log10_lambda": 0.5329425272694168, "log10_min_child_weight": 4.993463344731868, "log10_subsample": -0.7971453699526762, "max_depth": 8.0, "num_boost_round": 5.0}, "datetime": {"datetime": "2024-01-19 00:53:42", "elapsed": 2516.122827, "delta": 0.003473}}
{"target": -17.677791829852783, "params": {"gamma": 969.7571090875434, "log10_alpha": -0.8757514531359636, "log10_colsample_bytree": -0.38366268505489, "log10_eta": -0.920385151509191, "log10_lambda": 0.5329425272694168, "log10_min_child_weight": 4.993463344731868, "log10_subsample": -0.7971453699526762, "max_depth": 8.0, "num_boost_round": 6.0}, "datetime": {"datetime": "2024-01-19 00:53:42", "elapsed": 2516.125894, "delta": 0.003067}}
{"target": -17.67739472124247, "params": {"gamma": 969.7571090875434, "log10_alpha": -0.8757514531359636, "log10_colsample_bytree": -0.38366268505489, "log10_eta": -0.920385151509191, "log10_lambda": 0.5329425272694168, "log10_min_child_weight": 4.993463344731868, "log10_subsample": -0.7971453699526762, "max_depth": 8.0, "num_boost_round": 7.0}, "datetime": {"datetime": "2024-01-19 00:53:42", "elapsed": 2516.128817, "delta": 0.002923}}
{"target": -17.6765842545061, "params": {"gamma": 969.7571090875434, "log10_alpha": -0.8757514531359636, "log10_colsample_bytree": -0.38366268505489, "log10_eta": -0.920385151509191, "log10_lambda": 0.5329425272694168, "log10_min_child_weight": 4.993463344731868, "log10_subsample": -0.7971453699526762, "max_depth": 8.0, "num_boost_round": 8.0}, "datetime": {"datetime": "2024-01-19 00:53:42", "elapsed": 2516.131587, "delta": 0.00277}}
{"target": -17.67590241174088, "params": {"gamma": 969.7571090875434, "log10_alpha": -0.8757514531359636, "log10_colsample_bytree": -0.38366268505489, "log10_eta": -0.920385151509191, "log10_lambda": 0.5329425272694168, "log10_min_child_weight": 4.993463344731868, "log10_subsample": -0.7971453699526762, "max_depth": 8.0, "num_boost_round": 9.0}, "datetime": {"datetime": "2024-01-19 00:53:42", "elapsed": 2516.13462, "delta": 0.003033}}
{"target": -17.67565638186395, "params": {"gamma": 969.7571090875434, "log10_alpha": -0.8757514531359636, "log10_colsample_bytree": -0.38366268505489, "log10_eta": -0.920385151509191, "log10_lambda": 0.5329425272694168, "log10_min_child_weight": 4.993463344731868, "log10_subsample": -0.7971453699526762, "max_depth": 8.0, "num_boost_round": 10.0}, "datetime": {"datetime": "2024-01-19 00:53:42", "elapsed": 2516.137396, "delta": 0.002776}}
{"target": -17.67515424644285, "params": {"gamma": 969.7571090875434, "log10_alpha": -0.8757514531359636, "log10_colsample_bytree": -0.38366268505489, "log10_eta": -0.920385151509191, "log10_lambda": 0.5329425272694168, "log10_min_child_weight": 4.993463344731868, "log10_subsample": -0.7971453699526762, "max_depth": 8.0, "num_boost_round": 11.0}, "datetime": {"datetime": "2024-01-19 00:53:42", "elapsed": 2516.140216, "delta": 0.00282}}
{"target": -17.675731583687636, "params": {"gamma": 969.7571090875434, "log10_alpha": -0.8757514531359636, "log10_colsample_bytree": -0.38366268505489, "log10_eta": -0.920385151509191, "log10_lambda": 0.5329425272694168, "log10_min_child_weight": 4.993463344731868, "log10_subsample": -0.7971453699526762, "max_depth": 8.0, "num_boost_round": 12.0}, "datetime": {"datetime": "2024-01-19 00:53:42", "elapsed": 2516.142998, "delta": 0.002782}}
{"target": -17.675336103104133, "params": {"gamma": 969.7571090875434, "log10_alpha": -0.8757514531359636, "log10_colsample_bytree": -0.38366268505489, "log10_eta": -0.920385151509191, "log10_lambda": 0.5329425272694168, "log10_min_child_weight": 4.993463344731868, "log10_subsample": -0.7971453699526762, "max_depth": 8.0, "num_boost_round": 13.0}, "datetime": {"datetime": "2024-01-19 00:53:42", "elapsed": 2516.145796, "delta": 0.002798}}
{"target": -17.67556867821763, "params": {"gamma": 969.7571090875434, "log10_alpha": -0.8757514531359636, "log10_colsample_bytree": -0.38366268505489, "log10_eta": -0.920385151509191, "log10_lambda": 0.5329425272694168, "log10_min_child_weight": 4.993463344731868, "log10_subsample": -0.7971453699526762, "max_depth": 8.0, "num_boost_round": 14.0}, "datetime": {"datetime": "2024-01-19 00:53:42", "elapsed": 2516.148589, "delta": 0.002793}}
{"target": -17.67569484544011, "params": {"gamma": 969.7571090875434, "log10_alpha": -0.8757514531359636, "log10_colsample_bytree": -0.38366268505489, "log10_eta": -0.920385151509191, "log10_lambda": 0.5329425272694168, "log10_min_child_weight": 4.993463344731868, "log10_subsample": -0.7971453699526762, "max_depth": 8.0, "num_boost_round": 15.0}, "datetime": {"datetime": "2024-01-19 00:53:42", "elapsed": 2516.151415, "delta": 0.002826}}
{"target": -17.675580284540104, "params": {"gamma": 969.7571090875434, "log10_alpha": -0.8757514531359636, "log10_colsample_bytree": -0.38366268505489, "log10_eta": -0.920385151509191, "log10_lambda": 0.5329425272694168, "log10_min_child_weight": 4.993463344731868, "log10_subsample": -0.7971453699526762, "max_depth": 8.0, "num_boost_round": 16.0}, "datetime": {"datetime": "2024-01-19 00:53:42", "elapsed": 2516.15422, "delta": 0.002805}}
{"target": -17.67554004344482, "params": {"gamma": 969.7571090875434, "log10_alpha": -0.8757514531359636, "log10_colsample_bytree": -0.38366268505489, "log10_eta": -0.920385151509191, "log10_lambda": 0.5329425272694168, "log10_min_child_weight": 4.993463344731868, "log10_subsample": -0.7971453699526762, "max_depth": 8.0, "num_boost_round": 17.0}, "datetime": {"datetime": "2024-01-19 00:53:42", "elapsed": 2516.157046, "delta": 0.002826}}
{"target": -17.675145071224836, "params": {"gamma": 969.7571090875434, "log10_alpha": -0.8757514531359636, "log10_colsample_bytree": -0.38366268505489, "log10_eta": -0.920385151509191, "log10_lambda": 0.5329425272694168, "log10_min_child_weight": 4.993463344731868, "log10_subsample": -0.7971453699526762, "max_depth": 8.0, "num_boost_round": 18.0}, "datetime": {"datetime": "2024-01-19 00:53:42", "elapsed": 2516.15986, "delta": 0.002814}}
{"target": -17.67503085976195, "params": {"gamma": 969.7571090875434, "log10_alpha": -0.8757514531359636, "log10_colsample_bytree": -0.38366268505489, "log10_eta": -0.920385151509191, "log10_lambda": 0.5329425272694168, "log10_min_child_weight": 4.993463344731868, "log10_subsample": -0.7971453699526762, "max_depth": 8.0, "num_boost_round": 19.0}, "datetime": {"datetime": "2024-01-19 00:53:42", "elapsed": 2516.162644, "delta": 0.002784}}
{"target": -17.67523401926501, "params": {"gamma": 969.7571090875434, "log10_alpha": -0.8757514531359636, "log10_colsample_bytree": -0.38366268505489, "log10_eta": -0.920385151509191, "log10_lambda": 0.5329425272694168, "log10_min_child_weight": 4.993463344731868, "log10_subsample": -0.7971453699526762, "max_depth": 8.0, "num_boost_round": 20.0}, "datetime": {"datetime": "2024-01-19 00:53:42", "elapsed": 2516.165468, "delta": 0.002824}}
{"target": -17.674964750126605, "params": {"gamma": 969.7571090875434, "log10_alpha": -0.8757514531359636, "log10_colsample_bytree": -0.38366268505489, "log10_eta": -0.920385151509191, "log10_lambda": 0.5329425272694168, "log10_min_child_weight": 4.993463344731868, "log10_subsample": -0.7971453699526762, "max_depth": 8.0, "num_boost_round": 21.0}, "datetime": {"datetime": "2024-01-19 00:53:42", "elapsed": 2516.168246, "delta": 0.002778}}
{"target": -17.67505033899614, "params": {"gamma": 969.7571090875434, "log10_alpha": -0.8757514531359636, "log10_colsample_bytree": -0.38366268505489, "log10_eta": -0.920385151509191, "log10_lambda": 0.5329425272694168, "log10_min_child_weight": 4.993463344731868, "log10_subsample": -0.7971453699526762, "max_depth": 8.0, "num_boost_round": 22.0}, "datetime": {"datetime": "2024-01-19 00:53:42", "elapsed": 2516.17108, "delta": 0.002834}}
{"target": -17.67573931487075, "params": {"gamma": 969.7571090875434, "log10_alpha": -0.8757514531359636, "log10_colsample_bytree": -0.38366268505489, "log10_eta": -0.920385151509191, "log10_lambda": 0.5329425272694168, "log10_min_child_weight": 4.993463344731868, "log10_subsample": -0.7971453699526762, "max_depth": 8.0, "num_boost_round": 23.0}, "datetime": {"datetime": "2024-01-19 00:53:42", "elapsed": 2516.173911, "delta": 0.002831}}
{"target": -17.67627181111429, "params": {"gamma": 969.7571090875434, "log10_alpha": -0.8757514531359636, "log10_colsample_bytree": -0.38366268505489, "log10_eta": -0.920385151509191, "log10_lambda": 0.5329425272694168, "log10_min_child_weight": 4.993463344731868, "log10_subsample": -0.7971453699526762, "max_depth": 8.0, "num_boost_round": 24.0}, "datetime": {"datetime": "2024-01-19 00:53:42", "elapsed": 2516.176696, "delta": 0.002785}}
{"target": -17.676190583301356, "params": {"gamma": 969.7571090875434, "log10_alpha": -0.8757514531359636, "log10_colsample_bytree": -0.38366268505489, "log10_eta": -0.920385151509191, "log10_lambda": 0.5329425272694168, "log10_min_child_weight": 4.993463344731868, "log10_subsample": -0.7971453699526762, "max_depth": 8.0, "num_boost_round": 25.0}, "datetime": {"datetime": "2024-01-19 00:53:42", "elapsed": 2516.179517, "delta": 0.002821}}
{"target": -17.676722529983312, "params": {"gamma": 969.7571090875434, "log10_alpha": -0.8757514531359636, "log10_colsample_bytree": -0.38366268505489, "log10_eta": -0.920385151509191, "log10_lambda": 0.5329425272694168, "log10_min_child_weight": 4.993463344731868, "log10_subsample": -0.7971453699526762, "max_depth": 8.0, "num_boost_round": 26.0}, "datetime": {"datetime": "2024-01-19 00:53:42", "elapsed": 2516.182317, "delta": 0.0028}}
{"target": -17.676368613873112, "params": {"gamma": 969.7571090875434, "log10_alpha": -0.8757514531359636, "log10_colsample_bytree": -0.38366268505489, "log10_eta": -0.920385151509191, "log10_lambda": 0.5329425272694168, "log10_min_child_weight": 4.993463344731868, "log10_subsample": -0.7971453699526762, "max_depth": 8.0, "num_boost_round": 27.0}, "datetime": {"datetime": "2024-01-19 00:53:42", "elapsed": 2516.185191, "delta": 0.002874}}
{"target": -17.6766202342171, "params": {"gamma": 969.7571090875434, "log10_alpha": -0.8757514531359636, "log10_colsample_bytree": -0.38366268505489, "log10_eta": -0.920385151509191, "log10_lambda": 0.5329425272694168, "log10_min_child_weight": 4.993463344731868, "log10_subsample": -0.7971453699526762, "max_depth": 8.0, "num_boost_round": 28.0}, "datetime": {"datetime": "2024-01-19 00:53:42", "elapsed": 2516.187993, "delta": 0.002802}}
{"target": -17.677019734472225, "params": {"gamma": 969.7571090875434, "log10_alpha": -0.8757514531359636, "log10_colsample_bytree": -0.38366268505489, "log10_eta": -0.920385151509191, "log10_lambda": 0.5329425272694168, "log10_min_child_weight": 4.993463344731868, "log10_subsample": -0.7971453699526762, "max_depth": 8.0, "num_boost_round": 29.0}, "datetime": {"datetime": "2024-01-19 00:53:42", "elapsed": 2516.19078, "delta": 0.002787}}
{"target": -17.676913798831087, "params": {"gamma": 969.7571090875434, "log10_alpha": -0.8757514531359636, "log10_colsample_bytree": -0.38366268505489, "log10_eta": -0.920385151509191, "log10_lambda": 0.5329425272694168, "log10_min_child_weight": 4.993463344731868, "log10_subsample": -0.7971453699526762, "max_depth": 8.0, "num_boost_round": 30.0}, "datetime": {"datetime": "2024-01-19 00:53:42", "elapsed": 2516.193593, "delta": 0.002813}}
{"target": -17.677234927489373, "params": {"gamma": 969.7571090875434, "log10_alpha": -0.8757514531359636, "log10_colsample_bytree": -0.38366268505489, "log10_eta": -0.920385151509191, "log10_lambda": 0.5329425272694168, "log10_min_child_weight": 4.993463344731868, "log10_subsample": -0.7971453699526762, "max_depth": 8.0, "num_boost_round": 31.0}, "datetime": {"datetime": "2024-01-19 00:53:42", "elapsed": 2516.196423, "delta": 0.00283}}
{"target": -17.677511302812952, "params": {"gamma": 969.7571090875434, "log10_alpha": -0.8757514531359636, "log10_colsample_bytree": -0.38366268505489, "log10_eta": -0.920385151509191, "log10_lambda": 0.5329425272694168, "log10_min_child_weight": 4.993463344731868, "log10_subsample": -0.7971453699526762, "max_depth": 8.0, "num_boost_round": 32.0}, "datetime": {"datetime": "2024-01-19 00:53:42", "elapsed": 2516.199268, "delta": 0.002845}}
{"target": -17.6777909936387, "params": {"gamma": 969.7571090875434, "log10_alpha": -0.8757514531359636, "log10_colsample_bytree": -0.38366268505489, "log10_eta": -0.920385151509191, "log10_lambda": 0.5329425272694168, "log10_min_child_weight": 4.993463344731868, "log10_subsample": -0.7971453699526762, "max_depth": 8.0, "num_boost_round": 33.0}, "datetime": {"datetime": "2024-01-19 00:53:42", "elapsed": 2516.202108, "delta": 0.00284}}
{"target": -17.678167383257577, "params": {"gamma": 969.7571090875434, "log10_alpha": -0.8757514531359636, "log10_colsample_bytree": -0.38366268505489, "log10_eta": -0.920385151509191, "log10_lambda": 0.5329425272694168, "log10_min_child_weight": 4.993463344731868, "log10_subsample": -0.7971453699526762, "max_depth": 8.0, "num_boost_round": 34.0}, "datetime": {"datetime": "2024-01-19 00:53:42", "elapsed": 2516.204961, "delta": 0.002853}}
{"target": -17.678606935463595, "params": {"gamma": 969.7571090875434, "log10_alpha": -0.8757514531359636, "log10_colsample_bytree": -0.38366268505489, "log10_eta": -0.920385151509191, "log10_lambda": 0.5329425272694168, "log10_min_child_weight": 4.993463344731868, "log10_subsample": -0.7971453699526762, "max_depth": 8.0, "num_boost_round": 35.0}, "datetime": {"datetime": "2024-01-19 00:53:42", "elapsed": 2516.207786, "delta": 0.002825}}
{"target": -17.67917787968047, "params": {"gamma": 969.7571090875434, "log10_alpha": -0.8757514531359636, "log10_colsample_bytree": -0.38366268505489, "log10_eta": -0.920385151509191, "log10_lambda": 0.5329425272694168, "log10_min_child_weight": 4.993463344731868, "log10_subsample": -0.7971453699526762, "max_depth": 8.0, "num_boost_round": 36.0}, "datetime": {"datetime": "2024-01-19 00:53:42", "elapsed": 2516.210592, "delta": 0.002806}}
{"target": -17.679693221090194, "params": {"gamma": 969.7571090875434, "log10_alpha": -0.8757514531359636, "log10_colsample_bytree": -0.38366268505489, "log10_eta": -0.920385151509191, "log10_lambda": 0.5329425272694168, "log10_min_child_weight": 4.993463344731868, "log10_subsample": -0.7971453699526762, "max_depth": 8.0, "num_boost_round": 37.0}, "datetime": {"datetime": "2024-01-19 00:53:42", "elapsed": 2516.214118, "delta": 0.003526}}
{"target": -17.677220449404118, "params": {"gamma": 957.5040624644942, "log10_alpha": -4.350016784147758, "log10_colsample_bytree": -0.5153107424445884, "log10_eta": -3.7337203875137805, "log10_lambda": -2.248696396771876, "log10_min_child_weight": 1.0353044406153777, "log10_subsample": -0.4191659742239494, "max_depth": 7.0, "num_boost_round": 0.0}, "datetime": {"datetime": "2024-01-19 00:54:13", "elapsed": 2547.699627, "delta": 31.485509}}
{"target": -17.677212612515913, "params": {"gamma": 957.5040624644942, "log10_alpha": -4.350016784147758, "log10_colsample_bytree": -0.5153107424445884, "log10_eta": -3.7337203875137805, "log10_lambda": -2.248696396771876, "log10_min_child_weight": 1.0353044406153777, "log10_subsample": -0.4191659742239494, "max_depth": 7.0, "num_boost_round": 1.0}, "datetime": {"datetime": "2024-01-19 00:54:13", "elapsed": 2547.703499, "delta": 0.003872}}
{"target": -17.677194741938592, "params": {"gamma": 957.5040624644942, "log10_alpha": -4.350016784147758, "log10_colsample_bytree": -0.5153107424445884, "log10_eta": -3.7337203875137805, "log10_lambda": -2.248696396771876, "log10_min_child_weight": 1.0353044406153777, "log10_subsample": -0.4191659742239494, "max_depth": 7.0, "num_boost_round": 2.0}, "datetime": {"datetime": "2024-01-19 00:54:13", "elapsed": 2547.706494, "delta": 0.002995}}
{"target": -17.677197184223132, "params": {"gamma": 957.5040624644942, "log10_alpha": -4.350016784147758, "log10_colsample_bytree": -0.5153107424445884, "log10_eta": -3.7337203875137805, "log10_lambda": -2.248696396771876, "log10_min_child_weight": 1.0353044406153777, "log10_subsample": -0.4191659742239494, "max_depth": 7.0, "num_boost_round": 3.0}, "datetime": {"datetime": "2024-01-19 00:54:13", "elapsed": 2547.709359, "delta": 0.002865}}
{"target": -17.677189850604403, "params": {"gamma": 957.5040624644942, "log10_alpha": -4.350016784147758, "log10_colsample_bytree": -0.5153107424445884, "log10_eta": -3.7337203875137805, "log10_lambda": -2.248696396771876, "log10_min_child_weight": 1.0353044406153777, "log10_subsample": -0.4191659742239494, "max_depth": 7.0, "num_boost_round": 4.0}, "datetime": {"datetime": "2024-01-19 00:54:13", "elapsed": 2547.71237, "delta": 0.003011}}
{"target": -17.677181723079055, "params": {"gamma": 957.5040624644942, "log10_alpha": -4.350016784147758, "log10_colsample_bytree": -0.5153107424445884, "log10_eta": -3.7337203875137805, "log10_lambda": -2.248696396771876, "log10_min_child_weight": 1.0353044406153777, "log10_subsample": -0.4191659742239494, "max_depth": 7.0, "num_boost_round": 5.0}, "datetime": {"datetime": "2024-01-19 00:54:13", "elapsed": 2547.715453, "delta": 0.003083}}
{"target": -17.677166384189174, "params": {"gamma": 957.5040624644942, "log10_alpha": -4.350016784147758, "log10_colsample_bytree": -0.5153107424445884, "log10_eta": -3.7337203875137805, "log10_lambda": -2.248696396771876, "log10_min_child_weight": 1.0353044406153777, "log10_subsample": -0.4191659742239494, "max_depth": 7.0, "num_boost_round": 6.0}, "datetime": {"datetime": "2024-01-19 00:54:13", "elapsed": 2547.718428, "delta": 0.002975}}
{"target": -17.67716600794362, "params": {"gamma": 957.5040624644942, "log10_alpha": -4.350016784147758, "log10_colsample_bytree": -0.5153107424445884, "log10_eta": -3.7337203875137805, "log10_lambda": -2.248696396771876, "log10_min_child_weight": 1.0353044406153777, "log10_subsample": -0.4191659742239494, "max_depth": 7.0, "num_boost_round": 7.0}, "datetime": {"datetime": "2024-01-19 00:54:13", "elapsed": 2547.721293, "delta": 0.002865}}
{"target": -17.677158290202144, "params": {"gamma": 957.5040624644942, "log10_alpha": -4.350016784147758, "log10_colsample_bytree": -0.5153107424445884, "log10_eta": -3.7337203875137805, "log10_lambda": -2.248696396771876, "log10_min_child_weight": 1.0353044406153777, "log10_subsample": -0.4191659742239494, "max_depth": 7.0, "num_boost_round": 8.0}, "datetime": {"datetime": "2024-01-19 00:54:13", "elapsed": 2547.724203, "delta": 0.00291}}
{"target": -17.6771517516325, "params": {"gamma": 957.5040624644942, "log10_alpha": -4.350016784147758, "log10_colsample_bytree": -0.5153107424445884, "log10_eta": -3.7337203875137805, "log10_lambda": -2.248696396771876, "log10_min_child_weight": 1.0353044406153777, "log10_subsample": -0.4191659742239494, "max_depth": 7.0, "num_boost_round": 9.0}, "datetime": {"datetime": "2024-01-19 00:54:13", "elapsed": 2547.7271, "delta": 0.002897}}
{"target": -17.67713855755066, "params": {"gamma": 957.5040624644942, "log10_alpha": -4.350016784147758, "log10_colsample_bytree": -0.5153107424445884, "log10_eta": -3.7337203875137805, "log10_lambda": -2.248696396771876, "log10_min_child_weight": 1.0353044406153777, "log10_subsample": -0.4191659742239494, "max_depth": 7.0, "num_boost_round": 10.0}, "datetime": {"datetime": "2024-01-19 00:54:13", "elapsed": 2547.729979, "delta": 0.002879}}
{"target": -17.677122775499424, "params": {"gamma": 957.5040624644942, "log10_alpha": -4.350016784147758, "log10_colsample_bytree": -0.5153107424445884, "log10_eta": -3.7337203875137805, "log10_lambda": -2.248696396771876, "log10_min_child_weight": 1.0353044406153777, "log10_subsample": -0.4191659742239494, "max_depth": 7.0, "num_boost_round": 11.0}, "datetime": {"datetime": "2024-01-19 00:54:13", "elapsed": 2547.732949, "delta": 0.00297}}
