{"target": -13.758155386732325, "params": {"gamma": 74.34439604660281, "log10_alpha": 0.5089497207967852, "log10_colsample_bytree": -0.37126788834343527, "log10_eta": -2.9812745687111364, "log10_lambda": -2.795962881017039, "log10_min_child_weight": 2.1373422567241738, "log10_subsample": -0.6003953156772928, "max_depth": 5.0, "num_boost_round": 26.0}, "datetime": {"datetime": "2024-01-19 01:57:02", "elapsed": 6342.165255, "delta": 0.004788}}
{"target": -13.758134702979524, "params": {"gamma": 74.34439604660281, "log10_alpha": 0.5089497207967852, "log10_colsample_bytree": -0.37126788834343527, "log10_eta": -2.9812745687111364, "log10_lambda": -2.795962881017039, "log10_min_child_weight": 2.1373422567241738, "log10_subsample": -0.6003953156772928, "max_depth": 5.0, "num_boost_round": 27.0}, "datetime": {"datetime": "2024-01-19 01:57:02", "elapsed": 6342.170051, "delta": 0.004796}}
{"target": -13.757563155116694, "params": {"gamma": 72.85721306425985, "log10_alpha": -2.514675588742728, "log10_colsample_bytree": -0.8725343024269019, "log10_eta": -0.465583308849463, "log10_lambda": -4.168728849369362, "log10_min_child_weight": 0.3007635534085418, "log10_subsample": -0.6006157019378724, "max_depth": 5.0, "num_boost_round": 0.0}, "datetime": {"datetime": "2024-01-19 01:57:58", "elapsed": 6398.231418, "delta": 56.061367}}
{"target": -13.7720233385862, "params": {"gamma": 72.85721306425985, "log10_alpha": -2.514675588742728, "log10_colsample_bytree": -0.8725343024269019, "log10_eta": -0.465583308849463, "log10_lambda": -4.168728849369362, "log10_min_child_weight": 0.3007635534085418, "log10_subsample": -0.6006157019378724, "max_depth": 5.0, "num_boost_round": 1.0}, "datetime": {"datetime": "2024-01-19 01:57:58", "elapsed": 6398.236917, "delta": 0.005499}}
{"target": -13.777118195524825, "params": {"gamma": 72.85721306425985, "log10_alpha": -2.514675588742728, "log10_colsample_bytree": -0.8725343024269019, "log10_eta": -0.465583308849463, "log10_lambda": -4.168728849369362, "log10_min_child_weight": 0.3007635534085418, "log10_subsample": -0.6006157019378724, "max_depth": 5.0, "num_boost_round": 2.0}, "datetime": {"datetime": "2024-01-19 01:57:58", "elapsed": 6398.241792, "delta": 0.004875}}
{"target": -13.792847949472193, "params": {"gamma": 72.85721306425985, "log10_alpha": -2.514675588742728, "log10_colsample_bytree": -0.8725343024269019, "log10_eta": -0.465583308849463, "log10_lambda": -4.168728849369362, "log10_min_child_weight": 0.3007635534085418, "log10_subsample": -0.6006157019378724, "max_depth": 5.0, "num_boost_round": 3.0}, "datetime": {"datetime": "2024-01-19 01:57:58", "elapsed": 6398.246557, "delta": 0.004765}}
{"target": -13.798305725003955, "params": {"gamma": 72.85721306425985, "log10_alpha": -2.514675588742728, "log10_colsample_bytree": -0.8725343024269019, "log10_eta": -0.465583308849463, "log10_lambda": -4.168728849369362, "log10_min_child_weight": 0.3007635534085418, "log10_subsample": -0.6006157019378724, "max_depth": 5.0, "num_boost_round": 4.0}, "datetime": {"datetime": "2024-01-19 01:57:58", "elapsed": 6398.251242, "delta": 0.004685}}
{"target": -13.80916697882005, "params": {"gamma": 72.85721306425985, "log10_alpha": -2.514675588742728, "log10_colsample_bytree": -0.8725343024269019, "log10_eta": -0.465583308849463, "log10_lambda": -4.168728849369362, "log10_min_child_weight": 0.3007635534085418, "log10_subsample": -0.6006157019378724, "max_depth": 5.0, "num_boost_round": 5.0}, "datetime": {"datetime": "2024-01-19 01:57:58", "elapsed": 6398.256117, "delta": 0.004875}}
{"target": -13.814126394570904, "params": {"gamma": 72.85721306425985, "log10_alpha": -2.514675588742728, "log10_colsample_bytree": -0.8725343024269019, "log10_eta": -0.465583308849463, "log10_lambda": -4.168728849369362, "log10_min_child_weight": 0.3007635534085418, "log10_subsample": -0.6006157019378724, "max_depth": 5.0, "num_boost_round": 6.0}, "datetime": {"datetime": "2024-01-19 01:57:58", "elapsed": 6398.260998, "delta": 0.004881}}
{"target": -13.867208153783922, "params": {"gamma": 72.85721306425985, "log10_alpha": -2.514675588742728, "log10_colsample_bytree": -0.8725343024269019, "log10_eta": -0.465583308849463, "log10_lambda": -4.168728849369362, "log10_min_child_weight": 0.3007635534085418, "log10_subsample": -0.6006157019378724, "max_depth": 5.0, "num_boost_round": 7.0}, "datetime": {"datetime": "2024-01-19 01:57:58", "elapsed": 6398.265765, "delta": 0.004767}}
{"target": -13.889263860028212, "params": {"gamma": 72.85721306425985, "log10_alpha": -2.514675588742728, "log10_colsample_bytree": -0.8725343024269019, "log10_eta": -0.465583308849463, "log10_lambda": -4.168728849369362, "log10_min_child_weight": 0.3007635534085418, "log10_subsample": -0.6006157019378724, "max_depth": 5.0, "num_boost_round": 8.0}, "datetime": {"datetime": "2024-01-19 01:57:58", "elapsed": 6398.270445, "delta": 0.00468}}
{"target": -13.895203478370314, "params": {"gamma": 72.85721306425985, "log10_alpha": -2.514675588742728, "log10_colsample_bytree": -0.8725343024269019, "log10_eta": -0.465583308849463, "log10_lambda": -4.168728849369362, "log10_min_child_weight": 0.3007635534085418, "log10_subsample": -0.6006157019378724, "max_depth": 5.0, "num_boost_round": 9.0}, "datetime": {"datetime": "2024-01-19 01:57:58", "elapsed": 6398.275318, "delta": 0.004873}}
{"target": -13.904119999817693, "params": {"gamma": 72.85721306425985, "log10_alpha": -2.514675588742728, "log10_colsample_bytree": -0.8725343024269019, "log10_eta": -0.465583308849463, "log10_lambda": -4.168728849369362, "log10_min_child_weight": 0.3007635534085418, "log10_subsample": -0.6006157019378724, "max_depth": 5.0, "num_boost_round": 10.0}, "datetime": {"datetime": "2024-01-19 01:57:58", "elapsed": 6398.280198, "delta": 0.00488}}
{"target": -13.9133922349522, "params": {"gamma": 72.85721306425985, "log10_alpha": -2.514675588742728, "log10_colsample_bytree": -0.8725343024269019, "log10_eta": -0.465583308849463, "log10_lambda": -4.168728849369362, "log10_min_child_weight": 0.3007635534085418, "log10_subsample": -0.6006157019378724, "max_depth": 5.0, "num_boost_round": 11.0}, "datetime": {"datetime": "2024-01-19 01:57:58", "elapsed": 6398.285444, "delta": 0.005246}}
{"target": -13.934429474663878, "params": {"gamma": 72.85721306425985, "log10_alpha": -2.514675588742728, "log10_colsample_bytree": -0.8725343024269019, "log10_eta": -0.465583308849463, "log10_lambda": -4.168728849369362, "log10_min_child_weight": 0.3007635534085418, "log10_subsample": -0.6006157019378724, "max_depth": 5.0, "num_boost_round": 12.0}, "datetime": {"datetime": "2024-01-19 01:57:58", "elapsed": 6398.290352, "delta": 0.004908}}
{"target": -13.933543473921977, "params": {"gamma": 72.85721306425985, "log10_alpha": -2.514675588742728, "log10_colsample_bytree": -0.8725343024269019, "log10_eta": -0.465583308849463, "log10_lambda": -4.168728849369362, "log10_min_child_weight": 0.3007635534085418, "log10_subsample": -0.6006157019378724, "max_depth": 5.0, "num_boost_round": 13.0}, "datetime": {"datetime": "2024-01-19 01:57:58", "elapsed": 6398.295232, "delta": 0.00488}}
{"target": -13.947804311406749, "params": {"gamma": 72.85721306425985, "log10_alpha": -2.514675588742728, "log10_colsample_bytree": -0.8725343024269019, "log10_eta": -0.465583308849463, "log10_lambda": -4.168728849369362, "log10_min_child_weight": 0.3007635534085418, "log10_subsample": -0.6006157019378724, "max_depth": 5.0, "num_boost_round": 14.0}, "datetime": {"datetime": "2024-01-19 01:57:58", "elapsed": 6398.300238, "delta": 0.005006}}
{"target": -13.945947278700322, "params": {"gamma": 72.85721306425985, "log10_alpha": -2.514675588742728, "log10_colsample_bytree": -0.8725343024269019, "log10_eta": -0.465583308849463, "log10_lambda": -4.168728849369362, "log10_min_child_weight": 0.3007635534085418, "log10_subsample": -0.6006157019378724, "max_depth": 5.0, "num_boost_round": 15.0}, "datetime": {"datetime": "2024-01-19 01:57:58", "elapsed": 6398.305221, "delta": 0.004983}}
{"target": -13.941948668910353, "params": {"gamma": 72.85721306425985, "log10_alpha": -2.514675588742728, "log10_colsample_bytree": -0.8725343024269019, "log10_eta": -0.465583308849463, "log10_lambda": -4.168728849369362, "log10_min_child_weight": 0.3007635534085418, "log10_subsample": -0.6006157019378724, "max_depth": 5.0, "num_boost_round": 16.0}, "datetime": {"datetime": "2024-01-19 01:57:58", "elapsed": 6398.31007, "delta": 0.004849}}
{"target": -13.951167797774435, "params": {"gamma": 72.85721306425985, "log10_alpha": -2.514675588742728, "log10_colsample_bytree": -0.8725343024269019, "log10_eta": -0.465583308849463, "log10_lambda": -4.168728849369362, "log10_min_child_weight": 0.3007635534085418, "log10_subsample": -0.6006157019378724, "max_depth": 5.0, "num_boost_round": 17.0}, "datetime": {"datetime": "2024-01-19 01:57:58", "elapsed": 6398.315104, "delta": 0.005034}}
{"target": -13.954559428172034, "params": {"gamma": 72.85721306425985, "log10_alpha": -2.514675588742728, "log10_colsample_bytree": -0.8725343024269019, "log10_eta": -0.465583308849463, "log10_lambda": -4.168728849369362, "log10_min_child_weight": 0.3007635534085418, "log10_subsample": -0.6006157019378724, "max_depth": 5.0, "num_boost_round": 18.0}, "datetime": {"datetime": "2024-01-19 01:57:58", "elapsed": 6398.3202, "delta": 0.005096}}
{"target": -13.96348669676164, "params": {"gamma": 72.85721306425985, "log10_alpha": -2.514675588742728, "log10_colsample_bytree": -0.8725343024269019, "log10_eta": -0.465583308849463, "log10_lambda": -4.168728849369362, "log10_min_child_weight": 0.3007635534085418, "log10_subsample": -0.6006157019378724, "max_depth": 5.0, "num_boost_round": 19.0}, "datetime": {"datetime": "2024-01-19 01:57:58", "elapsed": 6398.325342, "delta": 0.005142}}
{"target": -13.970636017224553, "params": {"gamma": 72.85721306425985, "log10_alpha": -2.514675588742728, "log10_colsample_bytree": -0.8725343024269019, "log10_eta": -0.465583308849463, "log10_lambda": -4.168728849369362, "log10_min_child_weight": 0.3007635534085418, "log10_subsample": -0.6006157019378724, "max_depth": 5.0, "num_boost_round": 20.0}, "datetime": {"datetime": "2024-01-19 01:57:58", "elapsed": 6398.331154, "delta": 0.005812}}
{"target": -14.012644312800424, "params": {"gamma": 72.85721306425985, "log10_alpha": -2.514675588742728, "log10_colsample_bytree": -0.8725343024269019, "log10_eta": -0.465583308849463, "log10_lambda": -4.168728849369362, "log10_min_child_weight": 0.3007635534085418, "log10_subsample": -0.6006157019378724, "max_depth": 5.0, "num_boost_round": 21.0}, "datetime": {"datetime": "2024-01-19 01:57:58", "elapsed": 6398.336878, "delta": 0.005724}}
{"target": -14.015865170306487, "params": {"gamma": 72.85721306425985, "log10_alpha": -2.514675588742728, "log10_colsample_bytree": -0.8725343024269019, "log10_eta": -0.465583308849463, "log10_lambda": -4.168728849369362, "log10_min_child_weight": 0.3007635534085418, "log10_subsample": -0.6006157019378724, "max_depth": 5.0, "num_boost_round": 22.0}, "datetime": {"datetime": "2024-01-19 01:57:58", "elapsed": 6398.34186, "delta": 0.004982}}
{"target": -14.072346166356947, "params": {"gamma": 72.85721306425985, "log10_alpha": -2.514675588742728, "log10_colsample_bytree": -0.8725343024269019, "log10_eta": -0.465583308849463, "log10_lambda": -4.168728849369362, "log10_min_child_weight": 0.3007635534085418, "log10_subsample": -0.6006157019378724, "max_depth": 5.0, "num_boost_round": 23.0}, "datetime": {"datetime": "2024-01-19 01:57:58", "elapsed": 6398.346891, "delta": 0.005031}}
{"target": -14.086013114558853, "params": {"gamma": 72.85721306425985, "log10_alpha": -2.514675588742728, "log10_colsample_bytree": -0.8725343024269019, "log10_eta": -0.465583308849463, "log10_lambda": -4.168728849369362, "log10_min_child_weight": 0.3007635534085418, "log10_subsample": -0.6006157019378724, "max_depth": 5.0, "num_boost_round": 24.0}, "datetime": {"datetime": "2024-01-19 01:57:58", "elapsed": 6398.351803, "delta": 0.004912}}
{"target": -14.121757777356546, "params": {"gamma": 72.85721306425985, "log10_alpha": -2.514675588742728, "log10_colsample_bytree": -0.8725343024269019, "log10_eta": -0.465583308849463, "log10_lambda": -4.168728849369362, "log10_min_child_weight": 0.3007635534085418, "log10_subsample": -0.6006157019378724, "max_depth": 5.0, "num_boost_round": 25.0}, "datetime": {"datetime": "2024-01-19 01:57:58", "elapsed": 6398.3566, "delta": 0.004797}}
{"target": -14.130891423239953, "params": {"gamma": 72.85721306425985, "log10_alpha": -2.514675588742728, "log10_colsample_bytree": -0.8725343024269019, "log10_eta": -0.465583308849463, "log10_lambda": -4.168728849369362, "log10_min_child_weight": 0.3007635534085418, "log10_subsample": -0.6006157019378724, "max_depth": 5.0, "num_boost_round": 26.0}, "datetime": {"datetime": "2024-01-19 01:57:58", "elapsed": 6398.361498, "delta": 0.004898}}
{"target": -14.137715648837494, "params": {"gamma": 72.85721306425985, "log10_alpha": -2.514675588742728, "log10_colsample_bytree": -0.8725343024269019, "log10_eta": -0.465583308849463, "log10_lambda": -4.168728849369362, "log10_min_child_weight": 0.3007635534085418, "log10_subsample": -0.6006157019378724, "max_depth": 5.0, "num_boost_round": 27.0}, "datetime": {"datetime": "2024-01-19 01:57:58", "elapsed": 6398.366445, "delta": 0.004947}}
{"target": -14.142195742396764, "params": {"gamma": 72.85721306425985, "log10_alpha": -2.514675588742728, "log10_colsample_bytree": -0.8725343024269019, "log10_eta": -0.465583308849463, "log10_lambda": -4.168728849369362, "log10_min_child_weight": 0.3007635534085418, "log10_subsample": -0.6006157019378724, "max_depth": 5.0, "num_boost_round": 28.0}, "datetime": {"datetime": "2024-01-19 01:57:58", "elapsed": 6398.371505, "delta": 0.00506}}
{"target": -14.178170968550974, "params": {"gamma": 72.85721306425985, "log10_alpha": -2.514675588742728, "log10_colsample_bytree": -0.8725343024269019, "log10_eta": -0.465583308849463, "log10_lambda": -4.168728849369362, "log10_min_child_weight": 0.3007635534085418, "log10_subsample": -0.6006157019378724, "max_depth": 5.0, "num_boost_round": 29.0}, "datetime": {"datetime": "2024-01-19 01:57:58", "elapsed": 6398.37636, "delta": 0.004855}}
{"target": -14.179949116593686, "params": {"gamma": 72.85721306425985, "log10_alpha": -2.514675588742728, "log10_colsample_bytree": -0.8725343024269019, "log10_eta": -0.465583308849463, "log10_lambda": -4.168728849369362, "log10_min_child_weight": 0.3007635534085418, "log10_subsample": -0.6006157019378724, "max_depth": 5.0, "num_boost_round": 30.0}, "datetime": {"datetime": "2024-01-19 01:57:58", "elapsed": 6398.381291, "delta": 0.004931}}
{"target": -14.180734177406787, "params": {"gamma": 72.85721306425985, "log10_alpha": -2.514675588742728, "log10_colsample_bytree": -0.8725343024269019, "log10_eta": -0.465583308849463, "log10_lambda": -4.168728849369362, "log10_min_child_weight": 0.3007635534085418, "log10_subsample": -0.6006157019378724, "max_depth": 5.0, "num_boost_round": 31.0}, "datetime": {"datetime": "2024-01-19 01:57:58", "elapsed": 6398.386221, "delta": 0.00493}}
{"target": -14.184800887011463, "params": {"gamma": 72.85721306425985, "log10_alpha": -2.514675588742728, "log10_colsample_bytree": -0.8725343024269019, "log10_eta": -0.465583308849463, "log10_lambda": -4.168728849369362, "log10_min_child_weight": 0.3007635534085418, "log10_subsample": -0.6006157019378724, "max_depth": 5.0, "num_boost_round": 32.0}, "datetime": {"datetime": "2024-01-19 01:57:58", "elapsed": 6398.391179, "delta": 0.004958}}
{"target": -14.188506156836468, "params": {"gamma": 72.85721306425985, "log10_alpha": -2.514675588742728, "log10_colsample_bytree": -0.8725343024269019, "log10_eta": -0.465583308849463, "log10_lambda": -4.168728849369362, "log10_min_child_weight": 0.3007635534085418, "log10_subsample": -0.6006157019378724, "max_depth": 5.0, "num_boost_round": 33.0}, "datetime": {"datetime": "2024-01-19 01:57:58", "elapsed": 6398.396069, "delta": 0.00489}}
{"target": -14.199044165479407, "params": {"gamma": 72.85721306425985, "log10_alpha": -2.514675588742728, "log10_colsample_bytree": -0.8725343024269019, "log10_eta": -0.465583308849463, "log10_lambda": -4.168728849369362, "log10_min_child_weight": 0.3007635534085418, "log10_subsample": -0.6006157019378724, "max_depth": 5.0, "num_boost_round": 34.0}, "datetime": {"datetime": "2024-01-19 01:57:58", "elapsed": 6398.400948, "delta": 0.004879}}
{"target": -14.205295787252629, "params": {"gamma": 72.85721306425985, "log10_alpha": -2.514675588742728, "log10_colsample_bytree": -0.8725343024269019, "log10_eta": -0.465583308849463, "log10_lambda": -4.168728849369362, "log10_min_child_weight": 0.3007635534085418, "log10_subsample": -0.6006157019378724, "max_depth": 5.0, "num_boost_round": 35.0}, "datetime": {"datetime": "2024-01-19 01:57:58", "elapsed": 6398.405813, "delta": 0.004865}}
{"target": -14.207077164217832, "params": {"gamma": 72.85721306425985, "log10_alpha": -2.514675588742728, "log10_colsample_bytree": -0.8725343024269019, "log10_eta": -0.465583308849463, "log10_lambda": -4.168728849369362, "log10_min_child_weight": 0.3007635534085418, "log10_subsample": -0.6006157019378724, "max_depth": 5.0, "num_boost_round": 36.0}, "datetime": {"datetime": "2024-01-19 01:57:58", "elapsed": 6398.410912, "delta": 0.005099}}
{"target": -13.75852470151614, "params": {"gamma": 80.5357344130685, "log10_alpha": -1.198567196682021, "log10_colsample_bytree": -0.6212520106373528, "log10_eta": -2.873000132004597, "log10_lambda": -1.811759898579743, "log10_min_child_weight": 3.1655426747348643, "log10_subsample": -0.5827327137484634, "max_depth": 7.0, "num_boost_round": 0.0}, "datetime": {"datetime": "2024-01-19 01:59:04", "elapsed": 6464.408917, "delta": 65.998005}}
{"target": -13.758502416192107, "params": {"gamma": 80.5357344130685, "log10_alpha": -1.198567196682021, "log10_colsample_bytree": -0.6212520106373528, "log10_eta": -2.873000132004597, "log10_lambda": -1.811759898579743, "log10_min_child_weight": 3.1655426747348643, "log10_subsample": -0.5827327137484634, "max_depth": 7.0, "num_boost_round": 1.0}, "datetime": {"datetime": "2024-01-19 01:59:04", "elapsed": 6464.414251, "delta": 0.005334}}
{"target": -13.758464258894865, "params": {"gamma": 80.5357344130685, "log10_alpha": -1.198567196682021, "log10_colsample_bytree": -0.6212520106373528, "log10_eta": -2.873000132004597, "log10_lambda": -1.811759898579743, "log10_min_child_weight": 3.1655426747348643, "log10_subsample": -0.5827327137484634, "max_depth": 7.0, "num_boost_round": 2.0}, "datetime": {"datetime": "2024-01-19 01:59:04", "elapsed": 6464.419277, "delta": 0.005026}}
{"target": -13.758439700940341, "params": {"gamma": 80.5357344130685, "log10_alpha": -1.198567196682021, "log10_colsample_bytree": -0.6212520106373528, "log10_eta": -2.873000132004597, "log10_lambda": -1.811759898579743, "log10_min_child_weight": 3.1655426747348643, "log10_subsample": -0.5827327137484634, "max_depth": 7.0, "num_boost_round": 3.0}, "datetime": {"datetime": "2024-01-19 01:59:04", "elapsed": 6464.42413, "delta": 0.004853}}
{"target": -13.758388712061356, "params": {"gamma": 80.5357344130685, "log10_alpha": -1.198567196682021, "log10_colsample_bytree": -0.6212520106373528, "log10_eta": -2.873000132004597, "log10_lambda": -1.811759898579743, "log10_min_child_weight": 3.1655426747348643, "log10_subsample": -0.5827327137484634, "max_depth": 7.0, "num_boost_round": 4.0}, "datetime": {"datetime": "2024-01-19 01:59:04", "elapsed": 6464.428896, "delta": 0.004766}}
{"target": -13.758394042039534, "params": {"gamma": 80.5357344130685, "log10_alpha": -1.198567196682021, "log10_colsample_bytree": -0.6212520106373528, "log10_eta": -2.873000132004597, "log10_lambda": -1.811759898579743, "log10_min_child_weight": 3.1655426747348643, "log10_subsample": -0.5827327137484634, "max_depth": 7.0, "num_boost_round": 5.0}, "datetime": {"datetime": "2024-01-19 01:59:04", "elapsed": 6464.433891, "delta": 0.004995}}
{"target": -13.758387568836563, "params": {"gamma": 80.5357344130685, "log10_alpha": -1.198567196682021, "log10_colsample_bytree": -0.6212520106373528, "log10_eta": -2.873000132004597, "log10_lambda": -1.811759898579743, "log10_min_child_weight": 3.1655426747348643, "log10_subsample": -0.5827327137484634, "max_depth": 7.0, "num_boost_round": 6.0}, "datetime": {"datetime": "2024-01-19 01:59:04", "elapsed": 6464.438931, "delta": 0.00504}}
{"target": -13.758349270995522, "params": {"gamma": 80.5357344130685, "log10_alpha": -1.198567196682021, "log10_colsample_bytree": -0.6212520106373528, "log10_eta": -2.873000132004597, "log10_lambda": -1.811759898579743, "log10_min_child_weight": 3.1655426747348643, "log10_subsample": -0.5827327137484634, "max_depth": 7.0, "num_boost_round": 7.0}, "datetime": {"datetime": "2024-01-19 01:59:04", "elapsed": 6464.443913, "delta": 0.004982}}
{"target": -13.758325217089187, "params": {"gamma": 80.5357344130685, "log10_alpha": -1.198567196682021, "log10_colsample_bytree": -0.6212520106373528, "log10_eta": -2.873000132004597, "log10_lambda": -1.811759898579743, "log10_min_child_weight": 3.1655426747348643, "log10_subsample": -0.5827327137484634, "max_depth": 7.0, "num_boost_round": 8.0}, "datetime": {"datetime": "2024-01-19 01:59:04", "elapsed": 6464.448643, "delta": 0.00473}}
{"target": -13.75834374992544, "params": {"gamma": 80.5357344130685, "log10_alpha": -1.198567196682021, "log10_colsample_bytree": -0.6212520106373528, "log10_eta": -2.873000132004597, "log10_lambda": -1.811759898579743, "log10_min_child_weight": 3.1655426747348643, "log10_subsample": -0.5827327137484634, "max_depth": 7.0, "num_boost_round": 9.0}, "datetime": {"datetime": "2024-01-19 01:59:04", "elapsed": 6464.453566, "delta": 0.004923}}
