{"target": -13.758506577843411, "params": {"gamma": 717.7221320376627, "log10_alpha": -0.9558773715411331, "log10_colsample_bytree": -0.5876573196546553, "log10_eta": -3.3114386048051623, "log10_lambda": 0.16692732635960095, "log10_min_child_weight": 4.605719343184767, "log10_subsample": -0.8709276541830028, "max_depth": 9.0, "num_boost_round": 18.0}, "datetime": {"datetime": "2024-01-19 01:20:24", "elapsed": 4123.345055, "delta": 0.00452}}
{"target": -13.758503229043518, "params": {"gamma": 717.7221320376627, "log10_alpha": -0.9558773715411331, "log10_colsample_bytree": -0.5876573196546553, "log10_eta": -3.3114386048051623, "log10_lambda": 0.16692732635960095, "log10_min_child_weight": 4.605719343184767, "log10_subsample": -0.8709276541830028, "max_depth": 9.0, "num_boost_round": 19.0}, "datetime": {"datetime": "2024-01-19 01:20:24", "elapsed": 4123.349491, "delta": 0.004436}}
{"target": -13.758500848381553, "params": {"gamma": 717.7221320376627, "log10_alpha": -0.9558773715411331, "log10_colsample_bytree": -0.5876573196546553, "log10_eta": -3.3114386048051623, "log10_lambda": 0.16692732635960095, "log10_min_child_weight": 4.605719343184767, "log10_subsample": -0.8709276541830028, "max_depth": 9.0, "num_boost_round": 20.0}, "datetime": {"datetime": "2024-01-19 01:20:24", "elapsed": 4123.353975, "delta": 0.004484}}
{"target": -13.75850239646673, "params": {"gamma": 717.7221320376627, "log10_alpha": -0.9558773715411331, "log10_colsample_bytree": -0.5876573196546553, "log10_eta": -3.3114386048051623, "log10_lambda": 0.16692732635960095, "log10_min_child_weight": 4.605719343184767, "log10_subsample": -0.8709276541830028, "max_depth": 9.0, "num_boost_round": 21.0}, "datetime": {"datetime": "2024-01-19 01:20:24", "elapsed": 4123.358515, "delta": 0.00454}}
{"target": -13.758500756454476, "params": {"gamma": 717.7221320376627, "log10_alpha": -0.9558773715411331, "log10_colsample_bytree": -0.5876573196546553, "log10_eta": -3.3114386048051623, "log10_lambda": 0.16692732635960095, "log10_min_child_weight": 4.605719343184767, "log10_subsample": -0.8709276541830028, "max_depth": 9.0, "num_boost_round": 22.0}, "datetime": {"datetime": "2024-01-19 01:20:24", "elapsed": 4123.362985, "delta": 0.00447}}
{"target": -13.758501277993131, "params": {"gamma": 717.7221320376627, "log10_alpha": -0.9558773715411331, "log10_colsample_bytree": -0.5876573196546553, "log10_eta": -3.3114386048051623, "log10_lambda": 0.16692732635960095, "log10_min_child_weight": 4.605719343184767, "log10_subsample": -0.8709276541830028, "max_depth": 9.0, "num_boost_round": 23.0}, "datetime": {"datetime": "2024-01-19 01:20:24", "elapsed": 4123.367515, "delta": 0.00453}}
{"target": -13.758501837057173, "params": {"gamma": 717.7221320376627, "log10_alpha": -0.9558773715411331, "log10_colsample_bytree": -0.5876573196546553, "log10_eta": -3.3114386048051623, "log10_lambda": 0.16692732635960095, "log10_min_child_weight": 4.605719343184767, "log10_subsample": -0.8709276541830028, "max_depth": 9.0, "num_boost_round": 24.0}, "datetime": {"datetime": "2024-01-19 01:20:24", "elapsed": 4123.371942, "delta": 0.004427}}
{"target": -13.758500879566329, "params": {"gamma": 717.7221320376627, "log10_alpha": -0.9558773715411331, "log10_colsample_bytree": -0.5876573196546553, "log10_eta": -3.3114386048051623, "log10_lambda": 0.16692732635960095, "log10_min_child_weight": 4.605719343184767, "log10_subsample": -0.8709276541830028, "max_depth": 9.0, "num_boost_round": 25.0}, "datetime": {"datetime": "2024-01-19 01:20:24", "elapsed": 4123.377213, "delta": 0.005271}}
{"target": -13.758499474693014, "params": {"gamma": 717.7221320376627, "log10_alpha": -0.9558773715411331, "log10_colsample_bytree": -0.5876573196546553, "log10_eta": -3.3114386048051623, "log10_lambda": 0.16692732635960095, "log10_min_child_weight": 4.605719343184767, "log10_subsample": -0.8709276541830028, "max_depth": 9.0, "num_boost_round": 26.0}, "datetime": {"datetime": "2024-01-19 01:20:24", "elapsed": 4123.382187, "delta": 0.004974}}
{"target": -13.758499621155567, "params": {"gamma": 717.7221320376627, "log10_alpha": -0.9558773715411331, "log10_colsample_bytree": -0.5876573196546553, "log10_eta": -3.3114386048051623, "log10_lambda": 0.16692732635960095, "log10_min_child_weight": 4.605719343184767, "log10_subsample": -0.8709276541830028, "max_depth": 9.0, "num_boost_round": 27.0}, "datetime": {"datetime": "2024-01-19 01:20:24", "elapsed": 4123.386914, "delta": 0.004727}}
{"target": -13.758494928816837, "params": {"gamma": 717.7221320376627, "log10_alpha": -0.9558773715411331, "log10_colsample_bytree": -0.5876573196546553, "log10_eta": -3.3114386048051623, "log10_lambda": 0.16692732635960095, "log10_min_child_weight": 4.605719343184767, "log10_subsample": -0.8709276541830028, "max_depth": 9.0, "num_boost_round": 28.0}, "datetime": {"datetime": "2024-01-19 01:20:24", "elapsed": 4123.391617, "delta": 0.004703}}
{"target": -13.758493719327758, "params": {"gamma": 717.7221320376627, "log10_alpha": -0.9558773715411331, "log10_colsample_bytree": -0.5876573196546553, "log10_eta": -3.3114386048051623, "log10_lambda": 0.16692732635960095, "log10_min_child_weight": 4.605719343184767, "log10_subsample": -0.8709276541830028, "max_depth": 9.0, "num_boost_round": 29.0}, "datetime": {"datetime": "2024-01-19 01:20:24", "elapsed": 4123.396181, "delta": 0.004564}}
{"target": -13.758491078644635, "params": {"gamma": 717.7221320376627, "log10_alpha": -0.9558773715411331, "log10_colsample_bytree": -0.5876573196546553, "log10_eta": -3.3114386048051623, "log10_lambda": 0.16692732635960095, "log10_min_child_weight": 4.605719343184767, "log10_subsample": -0.8709276541830028, "max_depth": 9.0, "num_boost_round": 30.0}, "datetime": {"datetime": "2024-01-19 01:20:24", "elapsed": 4123.400713, "delta": 0.004532}}
{"target": -13.75848963091091, "params": {"gamma": 717.7221320376627, "log10_alpha": -0.9558773715411331, "log10_colsample_bytree": -0.5876573196546553, "log10_eta": -3.3114386048051623, "log10_lambda": 0.16692732635960095, "log10_min_child_weight": 4.605719343184767, "log10_subsample": -0.8709276541830028, "max_depth": 9.0, "num_boost_round": 31.0}, "datetime": {"datetime": "2024-01-19 01:20:24", "elapsed": 4123.405175, "delta": 0.004462}}
{"target": -13.758486850161956, "params": {"gamma": 717.7221320376627, "log10_alpha": -0.9558773715411331, "log10_colsample_bytree": -0.5876573196546553, "log10_eta": -3.3114386048051623, "log10_lambda": 0.16692732635960095, "log10_min_child_weight": 4.605719343184767, "log10_subsample": -0.8709276541830028, "max_depth": 9.0, "num_boost_round": 32.0}, "datetime": {"datetime": "2024-01-19 01:20:24", "elapsed": 4123.409661, "delta": 0.004486}}
{"target": -13.758537157158756, "params": {"gamma": 720.3555686806261, "log10_alpha": -1.8221249582692103, "log10_colsample_bytree": -0.1036231476076872, "log10_eta": -3.2918821527260356, "log10_lambda": -2.049320291654292, "log10_min_child_weight": 4.774501983503934, "log10_subsample": -0.7303588098179311, "max_depth": 2.0, "num_boost_round": 0.0}, "datetime": {"datetime": "2024-01-19 01:21:51", "elapsed": 4210.998673, "delta": 87.589012}}
{"target": -13.758534925368354, "params": {"gamma": 720.3555686806261, "log10_alpha": -1.8221249582692103, "log10_colsample_bytree": -0.1036231476076872, "log10_eta": -3.2918821527260356, "log10_lambda": -2.049320291654292, "log10_min_child_weight": 4.774501983503934, "log10_subsample": -0.7303588098179311, "max_depth": 2.0, "num_boost_round": 1.0}, "datetime": {"datetime": "2024-01-19 01:21:51", "elapsed": 4211.003454, "delta": 0.004781}}
{"target": -13.75853362095692, "params": {"gamma": 720.3555686806261, "log10_alpha": -1.8221249582692103, "log10_colsample_bytree": -0.1036231476076872, "log10_eta": -3.2918821527260356, "log10_lambda": -2.049320291654292, "log10_min_child_weight": 4.774501983503934, "log10_subsample": -0.7303588098179311, "max_depth": 2.0, "num_boost_round": 2.0}, "datetime": {"datetime": "2024-01-19 01:21:51", "elapsed": 4211.007956, "delta": 0.004502}}
{"target": -13.75853154529565, "params": {"gamma": 720.3555686806261, "log10_alpha": -1.8221249582692103, "log10_colsample_bytree": -0.1036231476076872, "log10_eta": -3.2918821527260356, "log10_lambda": -2.049320291654292, "log10_min_child_weight": 4.774501983503934, "log10_subsample": -0.7303588098179311, "max_depth": 2.0, "num_boost_round": 3.0}, "datetime": {"datetime": "2024-01-19 01:21:51", "elapsed": 4211.012518, "delta": 0.004562}}
{"target": -13.758530187232084, "params": {"gamma": 720.3555686806261, "log10_alpha": -1.8221249582692103, "log10_colsample_bytree": -0.1036231476076872, "log10_eta": -3.2918821527260356, "log10_lambda": -2.049320291654292, "log10_min_child_weight": 4.774501983503934, "log10_subsample": -0.7303588098179311, "max_depth": 2.0, "num_boost_round": 4.0}, "datetime": {"datetime": "2024-01-19 01:21:51", "elapsed": 4211.017708, "delta": 0.00519}}
{"target": -13.758528669287136, "params": {"gamma": 720.3555686806261, "log10_alpha": -1.8221249582692103, "log10_colsample_bytree": -0.1036231476076872, "log10_eta": -3.2918821527260356, "log10_lambda": -2.049320291654292, "log10_min_child_weight": 4.774501983503934, "log10_subsample": -0.7303588098179311, "max_depth": 2.0, "num_boost_round": 5.0}, "datetime": {"datetime": "2024-01-19 01:21:51", "elapsed": 4211.02263, "delta": 0.004922}}
{"target": -13.758526689727788, "params": {"gamma": 720.3555686806261, "log10_alpha": -1.8221249582692103, "log10_colsample_bytree": -0.1036231476076872, "log10_eta": -3.2918821527260356, "log10_lambda": -2.049320291654292, "log10_min_child_weight": 4.774501983503934, "log10_subsample": -0.7303588098179311, "max_depth": 2.0, "num_boost_round": 6.0}, "datetime": {"datetime": "2024-01-19 01:21:51", "elapsed": 4211.027145, "delta": 0.004515}}
{"target": -13.758524781081121, "params": {"gamma": 720.3555686806261, "log10_alpha": -1.8221249582692103, "log10_colsample_bytree": -0.1036231476076872, "log10_eta": -3.2918821527260356, "log10_lambda": -2.049320291654292, "log10_min_child_weight": 4.774501983503934, "log10_subsample": -0.7303588098179311, "max_depth": 2.0, "num_boost_round": 7.0}, "datetime": {"datetime": "2024-01-19 01:21:51", "elapsed": 4211.033003, "delta": 0.005858}}
{"target": -13.758526140738946, "params": {"gamma": 720.3555686806261, "log10_alpha": -1.8221249582692103, "log10_colsample_bytree": -0.1036231476076872, "log10_eta": -3.2918821527260356, "log10_lambda": -2.049320291654292, "log10_min_child_weight": 4.774501983503934, "log10_subsample": -0.7303588098179311, "max_depth": 2.0, "num_boost_round": 8.0}, "datetime": {"datetime": "2024-01-19 01:21:51", "elapsed": 4211.037969, "delta": 0.004966}}
{"target": -13.75852747638857, "params": {"gamma": 720.3555686806261, "log10_alpha": -1.8221249582692103, "log10_colsample_bytree": -0.1036231476076872, "log10_eta": -3.2918821527260356, "log10_lambda": -2.049320291654292, "log10_min_child_weight": 4.774501983503934, "log10_subsample": -0.7303588098179311, "max_depth": 2.0, "num_boost_round": 9.0}, "datetime": {"datetime": "2024-01-19 01:21:51", "elapsed": 4211.042541, "delta": 0.004572}}
{"target": -13.758524965543218, "params": {"gamma": 720.3555686806261, "log10_alpha": -1.8221249582692103, "log10_colsample_bytree": -0.1036231476076872, "log10_eta": -3.2918821527260356, "log10_lambda": -2.049320291654292, "log10_min_child_weight": 4.774501983503934, "log10_subsample": -0.7303588098179311, "max_depth": 2.0, "num_boost_round": 10.0}, "datetime": {"datetime": "2024-01-19 01:21:51", "elapsed": 4211.047082, "delta": 0.004541}}
{"target": -13.758521952641491, "params": {"gamma": 720.3555686806261, "log10_alpha": -1.8221249582692103, "log10_colsample_bytree": -0.1036231476076872, "log10_eta": -3.2918821527260356, "log10_lambda": -2.049320291654292, "log10_min_child_weight": 4.774501983503934, "log10_subsample": -0.7303588098179311, "max_depth": 2.0, "num_boost_round": 11.0}, "datetime": {"datetime": "2024-01-19 01:21:51", "elapsed": 4211.051681, "delta": 0.004599}}
{"target": -13.758523207902119, "params": {"gamma": 720.3555686806261, "log10_alpha": -1.8221249582692103, "log10_colsample_bytree": -0.1036231476076872, "log10_eta": -3.2918821527260356, "log10_lambda": -2.049320291654292, "log10_min_child_weight": 4.774501983503934, "log10_subsample": -0.7303588098179311, "max_depth": 2.0, "num_boost_round": 12.0}, "datetime": {"datetime": "2024-01-19 01:21:51", "elapsed": 4211.056019, "delta": 0.004338}}
{"target": -13.758521354798782, "params": {"gamma": 720.3555686806261, "log10_alpha": -1.8221249582692103, "log10_colsample_bytree": -0.1036231476076872, "log10_eta": -3.2918821527260356, "log10_lambda": -2.049320291654292, "log10_min_child_weight": 4.774501983503934, "log10_subsample": -0.7303588098179311, "max_depth": 2.0, "num_boost_round": 13.0}, "datetime": {"datetime": "2024-01-19 01:21:51", "elapsed": 4211.060503, "delta": 0.004484}}
{"target": -13.758519230936598, "params": {"gamma": 720.3555686806261, "log10_alpha": -1.8221249582692103, "log10_colsample_bytree": -0.1036231476076872, "log10_eta": -3.2918821527260356, "log10_lambda": -2.049320291654292, "log10_min_child_weight": 4.774501983503934, "log10_subsample": -0.7303588098179311, "max_depth": 2.0, "num_boost_round": 14.0}, "datetime": {"datetime": "2024-01-19 01:21:51", "elapsed": 4211.064927, "delta": 0.004424}}
{"target": -13.758516819092906, "params": {"gamma": 720.3555686806261, "log10_alpha": -1.8221249582692103, "log10_colsample_bytree": -0.1036231476076872, "log10_eta": -3.2918821527260356, "log10_lambda": -2.049320291654292, "log10_min_child_weight": 4.774501983503934, "log10_subsample": -0.7303588098179311, "max_depth": 2.0, "num_boost_round": 15.0}, "datetime": {"datetime": "2024-01-19 01:21:51", "elapsed": 4211.069372, "delta": 0.004445}}
{"target": -13.758515725762582, "params": {"gamma": 720.3555686806261, "log10_alpha": -1.8221249582692103, "log10_colsample_bytree": -0.1036231476076872, "log10_eta": -3.2918821527260356, "log10_lambda": -2.049320291654292, "log10_min_child_weight": 4.774501983503934, "log10_subsample": -0.7303588098179311, "max_depth": 2.0, "num_boost_round": 16.0}, "datetime": {"datetime": "2024-01-19 01:21:51", "elapsed": 4211.073846, "delta": 0.004474}}
{"target": -13.758513745798641, "params": {"gamma": 720.3555686806261, "log10_alpha": -1.8221249582692103, "log10_colsample_bytree": -0.1036231476076872, "log10_eta": -3.2918821527260356, "log10_lambda": -2.049320291654292, "log10_min_child_weight": 4.774501983503934, "log10_subsample": -0.7303588098179311, "max_depth": 2.0, "num_boost_round": 17.0}, "datetime": {"datetime": "2024-01-19 01:21:51", "elapsed": 4211.07833, "delta": 0.004484}}
{"target": -13.758512931762562, "params": {"gamma": 720.3555686806261, "log10_alpha": -1.8221249582692103, "log10_colsample_bytree": -0.1036231476076872, "log10_eta": -3.2918821527260356, "log10_lambda": -2.049320291654292, "log10_min_child_weight": 4.774501983503934, "log10_subsample": -0.7303588098179311, "max_depth": 2.0, "num_boost_round": 18.0}, "datetime": {"datetime": "2024-01-19 01:21:51", "elapsed": 4211.08277, "delta": 0.00444}}
{"target": -13.758508625518278, "params": {"gamma": 720.3555686806261, "log10_alpha": -1.8221249582692103, "log10_colsample_bytree": -0.1036231476076872, "log10_eta": -3.2918821527260356, "log10_lambda": -2.049320291654292, "log10_min_child_weight": 4.774501983503934, "log10_subsample": -0.7303588098179311, "max_depth": 2.0, "num_boost_round": 19.0}, "datetime": {"datetime": "2024-01-19 01:21:52", "elapsed": 4211.087314, "delta": 0.004544}}
{"target": -13.758510033492177, "params": {"gamma": 720.3555686806261, "log10_alpha": -1.8221249582692103, "log10_colsample_bytree": -0.1036231476076872, "log10_eta": -3.2918821527260356, "log10_lambda": -2.049320291654292, "log10_min_child_weight": 4.774501983503934, "log10_subsample": -0.7303588098179311, "max_depth": 2.0, "num_boost_round": 20.0}, "datetime": {"datetime": "2024-01-19 01:21:52", "elapsed": 4211.091776, "delta": 0.004462}}
{"target": -13.758509329712277, "params": {"gamma": 720.3555686806261, "log10_alpha": -1.8221249582692103, "log10_colsample_bytree": -0.1036231476076872, "log10_eta": -3.2918821527260356, "log10_lambda": -2.049320291654292, "log10_min_child_weight": 4.774501983503934, "log10_subsample": -0.7303588098179311, "max_depth": 2.0, "num_boost_round": 21.0}, "datetime": {"datetime": "2024-01-19 01:21:52", "elapsed": 4211.096286, "delta": 0.00451}}
{"target": -13.75850701651654, "params": {"gamma": 720.3555686806261, "log10_alpha": -1.8221249582692103, "log10_colsample_bytree": -0.1036231476076872, "log10_eta": -3.2918821527260356, "log10_lambda": -2.049320291654292, "log10_min_child_weight": 4.774501983503934, "log10_subsample": -0.7303588098179311, "max_depth": 2.0, "num_boost_round": 22.0}, "datetime": {"datetime": "2024-01-19 01:21:52", "elapsed": 4211.100798, "delta": 0.004512}}
{"target": -13.758503590367008, "params": {"gamma": 720.3555686806261, "log10_alpha": -1.8221249582692103, "log10_colsample_bytree": -0.1036231476076872, "log10_eta": -3.2918821527260356, "log10_lambda": -2.049320291654292, "log10_min_child_weight": 4.774501983503934, "log10_subsample": -0.7303588098179311, "max_depth": 2.0, "num_boost_round": 23.0}, "datetime": {"datetime": "2024-01-19 01:21:52", "elapsed": 4211.105157, "delta": 0.004359}}
{"target": -13.758504124744958, "params": {"gamma": 720.3555686806261, "log10_alpha": -1.8221249582692103, "log10_colsample_bytree": -0.1036231476076872, "log10_eta": -3.2918821527260356, "log10_lambda": -2.049320291654292, "log10_min_child_weight": 4.774501983503934, "log10_subsample": -0.7303588098179311, "max_depth": 2.0, "num_boost_round": 24.0}, "datetime": {"datetime": "2024-01-19 01:21:52", "elapsed": 4211.109611, "delta": 0.004454}}
{"target": -13.758505546814243, "params": {"gamma": 720.3555686806261, "log10_alpha": -1.8221249582692103, "log10_colsample_bytree": -0.1036231476076872, "log10_eta": -3.2918821527260356, "log10_lambda": -2.049320291654292, "log10_min_child_weight": 4.774501983503934, "log10_subsample": -0.7303588098179311, "max_depth": 2.0, "num_boost_round": 25.0}, "datetime": {"datetime": "2024-01-19 01:21:52", "elapsed": 4211.114124, "delta": 0.004513}}
{"target": -13.75850376984705, "params": {"gamma": 720.3555686806261, "log10_alpha": -1.8221249582692103, "log10_colsample_bytree": -0.1036231476076872, "log10_eta": -3.2918821527260356, "log10_lambda": -2.049320291654292, "log10_min_child_weight": 4.774501983503934, "log10_subsample": -0.7303588098179311, "max_depth": 2.0, "num_boost_round": 26.0}, "datetime": {"datetime": "2024-01-19 01:21:52", "elapsed": 4211.118598, "delta": 0.004474}}
{"target": -13.75850163058835, "params": {"gamma": 720.3555686806261, "log10_alpha": -1.8221249582692103, "log10_colsample_bytree": -0.1036231476076872, "log10_eta": -3.2918821527260356, "log10_lambda": -2.049320291654292, "log10_min_child_weight": 4.774501983503934, "log10_subsample": -0.7303588098179311, "max_depth": 2.0, "num_boost_round": 27.0}, "datetime": {"datetime": "2024-01-19 01:21:52", "elapsed": 4211.122967, "delta": 0.004369}}
{"target": -13.758499660927214, "params": {"gamma": 720.3555686806261, "log10_alpha": -1.8221249582692103, "log10_colsample_bytree": -0.1036231476076872, "log10_eta": -3.2918821527260356, "log10_lambda": -2.049320291654292, "log10_min_child_weight": 4.774501983503934, "log10_subsample": -0.7303588098179311, "max_depth": 2.0, "num_boost_round": 28.0}, "datetime": {"datetime": "2024-01-19 01:21:52", "elapsed": 4211.127471, "delta": 0.004504}}
{"target": -13.758498741580766, "params": {"gamma": 720.3555686806261, "log10_alpha": -1.8221249582692103, "log10_colsample_bytree": -0.1036231476076872, "log10_eta": -3.2918821527260356, "log10_lambda": -2.049320291654292, "log10_min_child_weight": 4.774501983503934, "log10_subsample": -0.7303588098179311, "max_depth": 2.0, "num_boost_round": 29.0}, "datetime": {"datetime": "2024-01-19 01:21:52", "elapsed": 4211.131833, "delta": 0.004362}}
{"target": -13.75849732328432, "params": {"gamma": 720.3555686806261, "log10_alpha": -1.8221249582692103, "log10_colsample_bytree": -0.1036231476076872, "log10_eta": -3.2918821527260356, "log10_lambda": -2.049320291654292, "log10_min_child_weight": 4.774501983503934, "log10_subsample": -0.7303588098179311, "max_depth": 2.0, "num_boost_round": 30.0}, "datetime": {"datetime": "2024-01-19 01:21:52", "elapsed": 4211.136294, "delta": 0.004461}}
{"target": -13.758495110836439, "params": {"gamma": 720.3555686806261, "log10_alpha": -1.8221249582692103, "log10_colsample_bytree": -0.1036231476076872, "log10_eta": -3.2918821527260356, "log10_lambda": -2.049320291654292, "log10_min_child_weight": 4.774501983503934, "log10_subsample": -0.7303588098179311, "max_depth": 2.0, "num_boost_round": 31.0}, "datetime": {"datetime": "2024-01-19 01:21:52", "elapsed": 4211.140785, "delta": 0.004491}}
{"target": -13.75849654184574, "params": {"gamma": 720.3555686806261, "log10_alpha": -1.8221249582692103, "log10_colsample_bytree": -0.1036231476076872, "log10_eta": -3.2918821527260356, "log10_lambda": -2.049320291654292, "log10_min_child_weight": 4.774501983503934, "log10_subsample": -0.7303588098179311, "max_depth": 2.0, "num_boost_round": 32.0}, "datetime": {"datetime": "2024-01-19 01:21:52", "elapsed": 4211.145259, "delta": 0.004474}}
{"target": -13.758536922971405, "params": {"gamma": 718.2534785569871, "log10_alpha": 0.6290524033449127, "log10_colsample_bytree": -0.16137708741925894, "log10_eta": -3.9716350575833554, "log10_lambda": -0.8685515290690073, "log10_min_child_weight": 3.675105198103969, "log10_subsample": -0.6241795325400825, "max_depth": 9.0, "num_boost_round": 0.0}, "datetime": {"datetime": "2024-01-19 01:23:15", "elapsed": 4294.105266, "delta": 82.960007}}
