{"target": -15.055332518417396, "params": {"gamma": 380.0961052911589, "log10_alpha": -4.894802208260479, "log10_colsample_bytree": -0.3536435886428525, "log10_eta": -0.03933796621862662, "log10_lambda": 0.762795419466352, "log10_min_child_weight": 1.1060749278150894, "log10_subsample": -0.3161478135572995, "max_depth": 6.0, "num_boost_round": 12.0}, "datetime": {"datetime": "2024-01-19 01:28:53", "elapsed": 4636.975917, "delta": 0.005487}}
{"target": -15.138905733385487, "params": {"gamma": 380.0961052911589, "log10_alpha": -4.894802208260479, "log10_colsample_bytree": -0.3536435886428525, "log10_eta": -0.03933796621862662, "log10_lambda": 0.762795419466352, "log10_min_child_weight": 1.1060749278150894, "log10_subsample": -0.3161478135572995, "max_depth": 6.0, "num_boost_round": 13.0}, "datetime": {"datetime": "2024-01-19 01:28:53", "elapsed": 4636.981433, "delta": 0.005516}}
{"target": -15.152023335378832, "params": {"gamma": 380.0961052911589, "log10_alpha": -4.894802208260479, "log10_colsample_bytree": -0.3536435886428525, "log10_eta": -0.03933796621862662, "log10_lambda": 0.762795419466352, "log10_min_child_weight": 1.1060749278150894, "log10_subsample": -0.3161478135572995, "max_depth": 6.0, "num_boost_round": 14.0}, "datetime": {"datetime": "2024-01-19 01:28:53", "elapsed": 4636.987026, "delta": 0.005593}}
{"target": -15.195650444191878, "params": {"gamma": 380.0961052911589, "log10_alpha": -4.894802208260479, "log10_colsample_bytree": -0.3536435886428525, "log10_eta": -0.03933796621862662, "log10_lambda": 0.762795419466352, "log10_min_child_weight": 1.1060749278150894, "log10_subsample": -0.3161478135572995, "max_depth": 6.0, "num_boost_round": 15.0}, "datetime": {"datetime": "2024-01-19 01:28:53", "elapsed": 4636.992958, "delta": 0.005932}}
{"target": -15.23974927637224, "params": {"gamma": 380.0961052911589, "log10_alpha": -4.894802208260479, "log10_colsample_bytree": -0.3536435886428525, "log10_eta": -0.03933796621862662, "log10_lambda": 0.762795419466352, "log10_min_child_weight": 1.1060749278150894, "log10_subsample": -0.3161478135572995, "max_depth": 6.0, "num_boost_round": 16.0}, "datetime": {"datetime": "2024-01-19 01:28:53", "elapsed": 4636.998822, "delta": 0.005864}}
{"target": -15.266398843886423, "params": {"gamma": 380.0961052911589, "log10_alpha": -4.894802208260479, "log10_colsample_bytree": -0.3536435886428525, "log10_eta": -0.03933796621862662, "log10_lambda": 0.762795419466352, "log10_min_child_weight": 1.1060749278150894, "log10_subsample": -0.3161478135572995, "max_depth": 6.0, "num_boost_round": 17.0}, "datetime": {"datetime": "2024-01-19 01:28:53", "elapsed": 4637.004553, "delta": 0.005731}}
{"target": -15.309008435364543, "params": {"gamma": 380.0961052911589, "log10_alpha": -4.894802208260479, "log10_colsample_bytree": -0.3536435886428525, "log10_eta": -0.03933796621862662, "log10_lambda": 0.762795419466352, "log10_min_child_weight": 1.1060749278150894, "log10_subsample": -0.3161478135572995, "max_depth": 6.0, "num_boost_round": 18.0}, "datetime": {"datetime": "2024-01-19 01:28:53", "elapsed": 4637.010147, "delta": 0.005594}}
{"target": -15.331111532347572, "params": {"gamma": 380.0961052911589, "log10_alpha": -4.894802208260479, "log10_colsample_bytree": -0.3536435886428525, "log10_eta": -0.03933796621862662, "log10_lambda": 0.762795419466352, "log10_min_child_weight": 1.1060749278150894, "log10_subsample": -0.3161478135572995, "max_depth": 6.0, "num_boost_round": 19.0}, "datetime": {"datetime": "2024-01-19 01:28:53", "elapsed": 4637.015625, "delta": 0.005478}}
{"target": -15.35685216468946, "params": {"gamma": 380.0961052911589, "log10_alpha": -4.894802208260479, "log10_colsample_bytree": -0.3536435886428525, "log10_eta": -0.03933796621862662, "log10_lambda": 0.762795419466352, "log10_min_child_weight": 1.1060749278150894, "log10_subsample": -0.3161478135572995, "max_depth": 6.0, "num_boost_round": 20.0}, "datetime": {"datetime": "2024-01-19 01:28:53", "elapsed": 4637.021129, "delta": 0.005504}}
{"target": -15.390432846143087, "params": {"gamma": 380.0961052911589, "log10_alpha": -4.894802208260479, "log10_colsample_bytree": -0.3536435886428525, "log10_eta": -0.03933796621862662, "log10_lambda": 0.762795419466352, "log10_min_child_weight": 1.1060749278150894, "log10_subsample": -0.3161478135572995, "max_depth": 6.0, "num_boost_round": 21.0}, "datetime": {"datetime": "2024-01-19 01:28:53", "elapsed": 4637.026675, "delta": 0.005546}}
{"target": -13.757996903343967, "params": {"gamma": 394.3954242828863, "log10_alpha": 0.15864210848229288, "log10_colsample_bytree": -0.9807974050107932, "log10_eta": -0.39626796590703917, "log10_lambda": -3.69995970310025, "log10_min_child_weight": 4.753693189957037, "log10_subsample": -0.795049801560346, "max_depth": 7.0, "num_boost_round": 0.0}, "datetime": {"datetime": "2024-01-19 01:30:17", "elapsed": 4720.553315, "delta": 83.52664}}
{"target": -13.758259572144736, "params": {"gamma": 394.3954242828863, "log10_alpha": 0.15864210848229288, "log10_colsample_bytree": -0.9807974050107932, "log10_eta": -0.39626796590703917, "log10_lambda": -3.69995970310025, "log10_min_child_weight": 4.753693189957037, "log10_subsample": -0.795049801560346, "max_depth": 7.0, "num_boost_round": 1.0}, "datetime": {"datetime": "2024-01-19 01:30:17", "elapsed": 4720.560066, "delta": 0.006751}}
{"target": -13.759779706624625, "params": {"gamma": 394.3954242828863, "log10_alpha": 0.15864210848229288, "log10_colsample_bytree": -0.9807974050107932, "log10_eta": -0.39626796590703917, "log10_lambda": -3.69995970310025, "log10_min_child_weight": 4.753693189957037, "log10_subsample": -0.795049801560346, "max_depth": 7.0, "num_boost_round": 2.0}, "datetime": {"datetime": "2024-01-19 01:30:17", "elapsed": 4720.565644, "delta": 0.005578}}
{"target": -13.759835282497711, "params": {"gamma": 394.3954242828863, "log10_alpha": 0.15864210848229288, "log10_colsample_bytree": -0.9807974050107932, "log10_eta": -0.39626796590703917, "log10_lambda": -3.69995970310025, "log10_min_child_weight": 4.753693189957037, "log10_subsample": -0.795049801560346, "max_depth": 7.0, "num_boost_round": 3.0}, "datetime": {"datetime": "2024-01-19 01:30:17", "elapsed": 4720.571316, "delta": 0.005672}}
{"target": -13.760445812967804, "params": {"gamma": 394.3954242828863, "log10_alpha": 0.15864210848229288, "log10_colsample_bytree": -0.9807974050107932, "log10_eta": -0.39626796590703917, "log10_lambda": -3.69995970310025, "log10_min_child_weight": 4.753693189957037, "log10_subsample": -0.795049801560346, "max_depth": 7.0, "num_boost_round": 4.0}, "datetime": {"datetime": "2024-01-19 01:30:17", "elapsed": 4720.578301, "delta": 0.006985}}
{"target": -13.761505173058117, "params": {"gamma": 394.3954242828863, "log10_alpha": 0.15864210848229288, "log10_colsample_bytree": -0.9807974050107932, "log10_eta": -0.39626796590703917, "log10_lambda": -3.69995970310025, "log10_min_child_weight": 4.753693189957037, "log10_subsample": -0.795049801560346, "max_depth": 7.0, "num_boost_round": 5.0}, "datetime": {"datetime": "2024-01-19 01:30:17", "elapsed": 4720.583874, "delta": 0.005573}}
{"target": -13.762480372620743, "params": {"gamma": 394.3954242828863, "log10_alpha": 0.15864210848229288, "log10_colsample_bytree": -0.9807974050107932, "log10_eta": -0.39626796590703917, "log10_lambda": -3.69995970310025, "log10_min_child_weight": 4.753693189957037, "log10_subsample": -0.795049801560346, "max_depth": 7.0, "num_boost_round": 6.0}, "datetime": {"datetime": "2024-01-19 01:30:17", "elapsed": 4720.589653, "delta": 0.005779}}
{"target": -13.763047072376937, "params": {"gamma": 394.3954242828863, "log10_alpha": 0.15864210848229288, "log10_colsample_bytree": -0.9807974050107932, "log10_eta": -0.39626796590703917, "log10_lambda": -3.69995970310025, "log10_min_child_weight": 4.753693189957037, "log10_subsample": -0.795049801560346, "max_depth": 7.0, "num_boost_round": 7.0}, "datetime": {"datetime": "2024-01-19 01:30:17", "elapsed": 4720.595388, "delta": 0.005735}}
{"target": -13.763354876898156, "params": {"gamma": 394.3954242828863, "log10_alpha": 0.15864210848229288, "log10_colsample_bytree": -0.9807974050107932, "log10_eta": -0.39626796590703917, "log10_lambda": -3.69995970310025, "log10_min_child_weight": 4.753693189957037, "log10_subsample": -0.795049801560346, "max_depth": 7.0, "num_boost_round": 8.0}, "datetime": {"datetime": "2024-01-19 01:30:17", "elapsed": 4720.60131, "delta": 0.005922}}
{"target": -13.762977120235671, "params": {"gamma": 394.3954242828863, "log10_alpha": 0.15864210848229288, "log10_colsample_bytree": -0.9807974050107932, "log10_eta": -0.39626796590703917, "log10_lambda": -3.69995970310025, "log10_min_child_weight": 4.753693189957037, "log10_subsample": -0.795049801560346, "max_depth": 7.0, "num_boost_round": 9.0}, "datetime": {"datetime": "2024-01-19 01:30:17", "elapsed": 4720.607158, "delta": 0.005848}}
{"target": -13.763532587301325, "params": {"gamma": 394.3954242828863, "log10_alpha": 0.15864210848229288, "log10_colsample_bytree": -0.9807974050107932, "log10_eta": -0.39626796590703917, "log10_lambda": -3.69995970310025, "log10_min_child_weight": 4.753693189957037, "log10_subsample": -0.795049801560346, "max_depth": 7.0, "num_boost_round": 10.0}, "datetime": {"datetime": "2024-01-19 01:30:17", "elapsed": 4720.612957, "delta": 0.005799}}
{"target": -13.76324041224417, "params": {"gamma": 394.3954242828863, "log10_alpha": 0.15864210848229288, "log10_colsample_bytree": -0.9807974050107932, "log10_eta": -0.39626796590703917, "log10_lambda": -3.69995970310025, "log10_min_child_weight": 4.753693189957037, "log10_subsample": -0.795049801560346, "max_depth": 7.0, "num_boost_round": 11.0}, "datetime": {"datetime": "2024-01-19 01:30:17", "elapsed": 4720.618923, "delta": 0.005966}}
{"target": -13.764189119759967, "params": {"gamma": 394.3954242828863, "log10_alpha": 0.15864210848229288, "log10_colsample_bytree": -0.9807974050107932, "log10_eta": -0.39626796590703917, "log10_lambda": -3.69995970310025, "log10_min_child_weight": 4.753693189957037, "log10_subsample": -0.795049801560346, "max_depth": 7.0, "num_boost_round": 12.0}, "datetime": {"datetime": "2024-01-19 01:30:17", "elapsed": 4720.717475, "delta": 0.098552}}
{"target": -13.763524920519, "params": {"gamma": 394.3954242828863, "log10_alpha": 0.15864210848229288, "log10_colsample_bytree": -0.9807974050107932, "log10_eta": -0.39626796590703917, "log10_lambda": -3.69995970310025, "log10_min_child_weight": 4.753693189957037, "log10_subsample": -0.795049801560346, "max_depth": 7.0, "num_boost_round": 13.0}, "datetime": {"datetime": "2024-01-19 01:30:17", "elapsed": 4720.723693, "delta": 0.006218}}
{"target": -13.765107556497968, "params": {"gamma": 394.3954242828863, "log10_alpha": 0.15864210848229288, "log10_colsample_bytree": -0.9807974050107932, "log10_eta": -0.39626796590703917, "log10_lambda": -3.69995970310025, "log10_min_child_weight": 4.753693189957037, "log10_subsample": -0.795049801560346, "max_depth": 7.0, "num_boost_round": 14.0}, "datetime": {"datetime": "2024-01-19 01:30:17", "elapsed": 4720.729493, "delta": 0.0058}}
{"target": -13.765097941323551, "params": {"gamma": 394.3954242828863, "log10_alpha": 0.15864210848229288, "log10_colsample_bytree": -0.9807974050107932, "log10_eta": -0.39626796590703917, "log10_lambda": -3.69995970310025, "log10_min_child_weight": 4.753693189957037, "log10_subsample": -0.795049801560346, "max_depth": 7.0, "num_boost_round": 15.0}, "datetime": {"datetime": "2024-01-19 01:30:17", "elapsed": 4720.735274, "delta": 0.005781}}
{"target": -13.763906807837165, "params": {"gamma": 394.3954242828863, "log10_alpha": 0.15864210848229288, "log10_colsample_bytree": -0.9807974050107932, "log10_eta": -0.39626796590703917, "log10_lambda": -3.69995970310025, "log10_min_child_weight": 4.753693189957037, "log10_subsample": -0.795049801560346, "max_depth": 7.0, "num_boost_round": 16.0}, "datetime": {"datetime": "2024-01-19 01:30:17", "elapsed": 4720.741026, "delta": 0.005752}}
{"target": -13.764342187442013, "params": {"gamma": 394.3954242828863, "log10_alpha": 0.15864210848229288, "log10_colsample_bytree": -0.9807974050107932, "log10_eta": -0.39626796590703917, "log10_lambda": -3.69995970310025, "log10_min_child_weight": 4.753693189957037, "log10_subsample": -0.795049801560346, "max_depth": 7.0, "num_boost_round": 17.0}, "datetime": {"datetime": "2024-01-19 01:30:17", "elapsed": 4720.746807, "delta": 0.005781}}
{"target": -13.758535185746453, "params": {"gamma": 393.65971802072187, "log10_alpha": 0.5414770736198626, "log10_colsample_bytree": -0.830623005803626, "log10_eta": -3.8143464569059393, "log10_lambda": -1.8551175522966514, "log10_min_child_weight": 1.6057208616518452, "log10_subsample": -0.749210586260186, "max_depth": 2.0, "num_boost_round": 0.0}, "datetime": {"datetime": "2024-01-19 01:33:03", "elapsed": 4886.415674, "delta": 165.668867}}
{"target": -13.758533214331292, "params": {"gamma": 393.65971802072187, "log10_alpha": 0.5414770736198626, "log10_colsample_bytree": -0.830623005803626, "log10_eta": -3.8143464569059393, "log10_lambda": -1.8551175522966514, "log10_min_child_weight": 1.6057208616518452, "log10_subsample": -0.749210586260186, "max_depth": 2.0, "num_boost_round": 1.0}, "datetime": {"datetime": "2024-01-19 01:33:03", "elapsed": 4886.422373, "delta": 0.006699}}
{"target": -13.758532936454996, "params": {"gamma": 393.65971802072187, "log10_alpha": 0.5414770736198626, "log10_colsample_bytree": -0.830623005803626, "log10_eta": -3.8143464569059393, "log10_lambda": -1.8551175522966514, "log10_min_child_weight": 1.6057208616518452, "log10_subsample": -0.749210586260186, "max_depth": 2.0, "num_boost_round": 2.0}, "datetime": {"datetime": "2024-01-19 01:33:03", "elapsed": 4886.428086, "delta": 0.005713}}
{"target": -13.758533815826627, "params": {"gamma": 393.65971802072187, "log10_alpha": 0.5414770736198626, "log10_colsample_bytree": -0.830623005803626, "log10_eta": -3.8143464569059393, "log10_lambda": -1.8551175522966514, "log10_min_child_weight": 1.6057208616518452, "log10_subsample": -0.749210586260186, "max_depth": 2.0, "num_boost_round": 3.0}, "datetime": {"datetime": "2024-01-19 01:33:03", "elapsed": 4886.433967, "delta": 0.005881}}
{"target": -13.758533851161177, "params": {"gamma": 393.65971802072187, "log10_alpha": 0.5414770736198626, "log10_colsample_bytree": -0.830623005803626, "log10_eta": -3.8143464569059393, "log10_lambda": -1.8551175522966514, "log10_min_child_weight": 1.6057208616518452, "log10_subsample": -0.749210586260186, "max_depth": 2.0, "num_boost_round": 4.0}, "datetime": {"datetime": "2024-01-19 01:33:03", "elapsed": 4886.439769, "delta": 0.005802}}
{"target": -13.758532201443, "params": {"gamma": 393.65971802072187, "log10_alpha": 0.5414770736198626, "log10_colsample_bytree": -0.830623005803626, "log10_eta": -3.8143464569059393, "log10_lambda": -1.8551175522966514, "log10_min_child_weight": 1.6057208616518452, "log10_subsample": -0.749210586260186, "max_depth": 2.0, "num_boost_round": 5.0}, "datetime": {"datetime": "2024-01-19 01:33:03", "elapsed": 4886.445645, "delta": 0.005876}}
{"target": -13.758532449572138, "params": {"gamma": 393.65971802072187, "log10_alpha": 0.5414770736198626, "log10_colsample_bytree": -0.830623005803626, "log10_eta": -3.8143464569059393, "log10_lambda": -1.8551175522966514, "log10_min_child_weight": 1.6057208616518452, "log10_subsample": -0.749210586260186, "max_depth": 2.0, "num_boost_round": 6.0}, "datetime": {"datetime": "2024-01-19 01:33:03", "elapsed": 4886.451342, "delta": 0.005697}}
{"target": -13.758529658710314, "params": {"gamma": 393.65971802072187, "log10_alpha": 0.5414770736198626, "log10_colsample_bytree": -0.830623005803626, "log10_eta": -3.8143464569059393, "log10_lambda": -1.8551175522966514, "log10_min_child_weight": 1.6057208616518452, "log10_subsample": -0.749210586260186, "max_depth": 2.0, "num_boost_round": 7.0}, "datetime": {"datetime": "2024-01-19 01:33:03", "elapsed": 4886.456948, "delta": 0.005606}}
{"target": -13.758530960849635, "params": {"gamma": 393.65971802072187, "log10_alpha": 0.5414770736198626, "log10_colsample_bytree": -0.830623005803626, "log10_eta": -3.8143464569059393, "log10_lambda": -1.8551175522966514, "log10_min_child_weight": 1.6057208616518452, "log10_subsample": -0.749210586260186, "max_depth": 2.0, "num_boost_round": 8.0}, "datetime": {"datetime": "2024-01-19 01:33:03", "elapsed": 4886.462587, "delta": 0.005639}}
{"target": -13.758529619413824, "params": {"gamma": 393.65971802072187, "log10_alpha": 0.5414770736198626, "log10_colsample_bytree": -0.830623005803626, "log10_eta": -3.8143464569059393, "log10_lambda": -1.8551175522966514, "log10_min_child_weight": 1.6057208616518452, "log10_subsample": -0.749210586260186, "max_depth": 2.0, "num_boost_round": 9.0}, "datetime": {"datetime": "2024-01-19 01:33:03", "elapsed": 4886.468305, "delta": 0.005718}}
{"target": -13.758528344478117, "params": {"gamma": 393.65971802072187, "log10_alpha": 0.5414770736198626, "log10_colsample_bytree": -0.830623005803626, "log10_eta": -3.8143464569059393, "log10_lambda": -1.8551175522966514, "log10_min_child_weight": 1.6057208616518452, "log10_subsample": -0.749210586260186, "max_depth": 2.0, "num_boost_round": 10.0}, "datetime": {"datetime": "2024-01-19 01:33:03", "elapsed": 4886.473944, "delta": 0.005639}}
{"target": -14.02896623177714, "params": {"gamma": 397.4986840316912, "log10_alpha": -4.35038222655278, "log10_colsample_bytree": -0.2156357290293932, "log10_eta": -0.004022775257383149, "log10_lambda": -0.9565660920167902, "log10_min_child_weight": 2.404977052845769, "log10_subsample": -0.815927657285714, "max_depth": 9.0, "num_boost_round": 0.0}, "datetime": {"datetime": "2024-01-19 01:34:35", "elapsed": 4979.084325, "delta": 92.610381}}
{"target": -14.36577356670192, "params": {"gamma": 397.4986840316912, "log10_alpha": -4.35038222655278, "log10_colsample_bytree": -0.2156357290293932, "log10_eta": -0.004022775257383149, "log10_lambda": -0.9565660920167902, "log10_min_child_weight": 2.404977052845769, "log10_subsample": -0.815927657285714, "max_depth": 9.0, "num_boost_round": 1.0}, "datetime": {"datetime": "2024-01-19 01:34:35", "elapsed": 4979.091066, "delta": 0.006741}}
{"target": -14.728454898975347, "params": {"gamma": 397.4986840316912, "log10_alpha": -4.35038222655278, "log10_colsample_bytree": -0.2156357290293932, "log10_eta": -0.004022775257383149, "log10_lambda": -0.9565660920167902, "log10_min_child_weight": 2.404977052845769, "log10_subsample": -0.815927657285714, "max_depth": 9.0, "num_boost_round": 2.0}, "datetime": {"datetime": "2024-01-19 01:34:35", "elapsed": 4979.096983, "delta": 0.005917}}
{"target": -14.85118164243155, "params": {"gamma": 397.4986840316912, "log10_alpha": -4.35038222655278, "log10_colsample_bytree": -0.2156357290293932, "log10_eta": -0.004022775257383149, "log10_lambda": -0.9565660920167902, "log10_min_child_weight": 2.404977052845769, "log10_subsample": -0.815927657285714, "max_depth": 9.0, "num_boost_round": 3.0}, "datetime": {"datetime": "2024-01-19 01:34:36", "elapsed": 4979.102674, "delta": 0.005691}}
{"target": -14.985240815766737, "params": {"gamma": 397.4986840316912, "log10_alpha": -4.35038222655278, "log10_colsample_bytree": -0.2156357290293932, "log10_eta": -0.004022775257383149, "log10_lambda": -0.9565660920167902, "log10_min_child_weight": 2.404977052845769, "log10_subsample": -0.815927657285714, "max_depth": 9.0, "num_boost_round": 4.0}, "datetime": {"datetime": "2024-01-19 01:34:36", "elapsed": 4979.108334, "delta": 0.00566}}
{"target": -15.154397261700161, "params": {"gamma": 397.4986840316912, "log10_alpha": -4.35038222655278, "log10_colsample_bytree": -0.2156357290293932, "log10_eta": -0.004022775257383149, "log10_lambda": -0.9565660920167902, "log10_min_child_weight": 2.404977052845769, "log10_subsample": -0.815927657285714, "max_depth": 9.0, "num_boost_round": 5.0}, "datetime": {"datetime": "2024-01-19 01:34:36", "elapsed": 4979.113998, "delta": 0.005664}}
{"target": -15.346016735672148, "params": {"gamma": 397.4986840316912, "log10_alpha": -4.35038222655278, "log10_colsample_bytree": -0.2156357290293932, "log10_eta": -0.004022775257383149, "log10_lambda": -0.9565660920167902, "log10_min_child_weight": 2.404977052845769, "log10_subsample": -0.815927657285714, "max_depth": 9.0, "num_boost_round": 6.0}, "datetime": {"datetime": "2024-01-19 01:34:36", "elapsed": 4979.119638, "delta": 0.00564}}
{"target": -15.442312712835914, "params": {"gamma": 397.4986840316912, "log10_alpha": -4.35038222655278, "log10_colsample_bytree": -0.2156357290293932, "log10_eta": -0.004022775257383149, "log10_lambda": -0.9565660920167902, "log10_min_child_weight": 2.404977052845769, "log10_subsample": -0.815927657285714, "max_depth": 9.0, "num_boost_round": 7.0}, "datetime": {"datetime": "2024-01-19 01:34:36", "elapsed": 4979.125341, "delta": 0.005703}}
{"target": -15.497242922882853, "params": {"gamma": 397.4986840316912, "log10_alpha": -4.35038222655278, "log10_colsample_bytree": -0.2156357290293932, "log10_eta": -0.004022775257383149, "log10_lambda": -0.9565660920167902, "log10_min_child_weight": 2.404977052845769, "log10_subsample": -0.815927657285714, "max_depth": 9.0, "num_boost_round": 8.0}, "datetime": {"datetime": "2024-01-19 01:34:36", "elapsed": 4979.131077, "delta": 0.005736}}
{"target": -15.549604614297339, "params": {"gamma": 397.4986840316912, "log10_alpha": -4.35038222655278, "log10_colsample_bytree": -0.2156357290293932, "log10_eta": -0.004022775257383149, "log10_lambda": -0.9565660920167902, "log10_min_child_weight": 2.404977052845769, "log10_subsample": -0.815927657285714, "max_depth": 9.0, "num_boost_round": 9.0}, "datetime": {"datetime": "2024-01-19 01:34:36", "elapsed": 4979.136895, "delta": 0.005818}}
