{"target": -13.781679085010628, "params": {"gamma": 561.7357626046577, "log10_alpha": -0.025625625503809424, "log10_colsample_bytree": -0.25743812867734983, "log10_eta": -1.2340544132230975, "log10_lambda": 0.7224949638840661, "log10_min_child_weight": 0.17984696327047411, "log10_subsample": -0.3553617738918502, "max_depth": 8.0, "num_boost_round": 10.0}, "datetime": {"datetime": "2024-01-19 01:46:15", "elapsed": 5679.115801, "delta": 0.005896}}
{"target": -13.784598523279321, "params": {"gamma": 561.7357626046577, "log10_alpha": -0.025625625503809424, "log10_colsample_bytree": -0.25743812867734983, "log10_eta": -1.2340544132230975, "log10_lambda": 0.7224949638840661, "log10_min_child_weight": 0.17984696327047411, "log10_subsample": -0.3553617738918502, "max_depth": 8.0, "num_boost_round": 11.0}, "datetime": {"datetime": "2024-01-19 01:46:15", "elapsed": 5679.12174, "delta": 0.005939}}
{"target": -13.758537565420866, "params": {"gamma": 506.66363575753115, "log10_alpha": -3.509345698344271, "log10_colsample_bytree": -0.38808080544302437, "log10_eta": -3.6665756814587107, "log10_lambda": -0.9865490630409273, "log10_min_child_weight": 0.9870392586874349, "log10_subsample": -0.22674559467679767, "max_depth": 2.0, "num_boost_round": 0.0}, "datetime": {"datetime": "2024-01-19 01:48:38", "elapsed": 5822.826899, "delta": 143.705159}}
{"target": -13.758535908509364, "params": {"gamma": 506.66363575753115, "log10_alpha": -3.509345698344271, "log10_colsample_bytree": -0.38808080544302437, "log10_eta": -3.6665756814587107, "log10_lambda": -0.9865490630409273, "log10_min_child_weight": 0.9870392586874349, "log10_subsample": -0.22674559467679767, "max_depth": 2.0, "num_boost_round": 1.0}, "datetime": {"datetime": "2024-01-19 01:48:38", "elapsed": 5822.833444, "delta": 0.006545}}
{"target": -13.758535595340268, "params": {"gamma": 506.66363575753115, "log10_alpha": -3.509345698344271, "log10_colsample_bytree": -0.38808080544302437, "log10_eta": -3.6665756814587107, "log10_lambda": -0.9865490630409273, "log10_min_child_weight": 0.9870392586874349, "log10_subsample": -0.22674559467679767, "max_depth": 2.0, "num_boost_round": 2.0}, "datetime": {"datetime": "2024-01-19 01:48:38", "elapsed": 5822.838994, "delta": 0.00555}}
{"target": -13.758536052708507, "params": {"gamma": 506.66363575753115, "log10_alpha": -3.509345698344271, "log10_colsample_bytree": -0.38808080544302437, "log10_eta": -3.6665756814587107, "log10_lambda": -0.9865490630409273, "log10_min_child_weight": 0.9870392586874349, "log10_subsample": -0.22674559467679767, "max_depth": 2.0, "num_boost_round": 3.0}, "datetime": {"datetime": "2024-01-19 01:48:38", "elapsed": 5822.844601, "delta": 0.005607}}
{"target": -13.758533037058196, "params": {"gamma": 506.66363575753115, "log10_alpha": -3.509345698344271, "log10_colsample_bytree": -0.38808080544302437, "log10_eta": -3.6665756814587107, "log10_lambda": -0.9865490630409273, "log10_min_child_weight": 0.9870392586874349, "log10_subsample": -0.22674559467679767, "max_depth": 2.0, "num_boost_round": 4.0}, "datetime": {"datetime": "2024-01-19 01:48:38", "elapsed": 5822.850246, "delta": 0.005645}}
{"target": -13.758532136106757, "params": {"gamma": 506.66363575753115, "log10_alpha": -3.509345698344271, "log10_colsample_bytree": -0.38808080544302437, "log10_eta": -3.6665756814587107, "log10_lambda": -0.9865490630409273, "log10_min_child_weight": 0.9870392586874349, "log10_subsample": -0.22674559467679767, "max_depth": 2.0, "num_boost_round": 5.0}, "datetime": {"datetime": "2024-01-19 01:48:38", "elapsed": 5822.856019, "delta": 0.005773}}
{"target": -13.7585312333175, "params": {"gamma": 506.66363575753115, "log10_alpha": -3.509345698344271, "log10_colsample_bytree": -0.38808080544302437, "log10_eta": -3.6665756814587107, "log10_lambda": -0.9865490630409273, "log10_min_child_weight": 0.9870392586874349, "log10_subsample": -0.22674559467679767, "max_depth": 2.0, "num_boost_round": 6.0}, "datetime": {"datetime": "2024-01-19 01:48:38", "elapsed": 5822.861811, "delta": 0.005792}}
{"target": -13.758530900756215, "params": {"gamma": 506.66363575753115, "log10_alpha": -3.509345698344271, "log10_colsample_bytree": -0.38808080544302437, "log10_eta": -3.6665756814587107, "log10_lambda": -0.9865490630409273, "log10_min_child_weight": 0.9870392586874349, "log10_subsample": -0.22674559467679767, "max_depth": 2.0, "num_boost_round": 7.0}, "datetime": {"datetime": "2024-01-19 01:48:38", "elapsed": 5822.867335, "delta": 0.005524}}
{"target": -13.758527843884814, "params": {"gamma": 506.66363575753115, "log10_alpha": -3.509345698344271, "log10_colsample_bytree": -0.38808080544302437, "log10_eta": -3.6665756814587107, "log10_lambda": -0.9865490630409273, "log10_min_child_weight": 0.9870392586874349, "log10_subsample": -0.22674559467679767, "max_depth": 2.0, "num_boost_round": 8.0}, "datetime": {"datetime": "2024-01-19 01:48:38", "elapsed": 5822.872837, "delta": 0.005502}}
{"target": -13.758525182555452, "params": {"gamma": 506.66363575753115, "log10_alpha": -3.509345698344271, "log10_colsample_bytree": -0.38808080544302437, "log10_eta": -3.6665756814587107, "log10_lambda": -0.9865490630409273, "log10_min_child_weight": 0.9870392586874349, "log10_subsample": -0.22674559467679767, "max_depth": 2.0, "num_boost_round": 9.0}, "datetime": {"datetime": "2024-01-19 01:48:38", "elapsed": 5822.97636, "delta": 0.103523}}
{"target": -13.758522768162422, "params": {"gamma": 506.66363575753115, "log10_alpha": -3.509345698344271, "log10_colsample_bytree": -0.38808080544302437, "log10_eta": -3.6665756814587107, "log10_lambda": -0.9865490630409273, "log10_min_child_weight": 0.9870392586874349, "log10_subsample": -0.22674559467679767, "max_depth": 2.0, "num_boost_round": 10.0}, "datetime": {"datetime": "2024-01-19 01:48:38", "elapsed": 5822.98359, "delta": 0.00723}}
{"target": -13.758520219191801, "params": {"gamma": 506.66363575753115, "log10_alpha": -3.509345698344271, "log10_colsample_bytree": -0.38808080544302437, "log10_eta": -3.6665756814587107, "log10_lambda": -0.9865490630409273, "log10_min_child_weight": 0.9870392586874349, "log10_subsample": -0.22674559467679767, "max_depth": 2.0, "num_boost_round": 11.0}, "datetime": {"datetime": "2024-01-19 01:48:39", "elapsed": 5822.989946, "delta": 0.006356}}
{"target": -13.758517915441212, "params": {"gamma": 506.66363575753115, "log10_alpha": -3.509345698344271, "log10_colsample_bytree": -0.38808080544302437, "log10_eta": -3.6665756814587107, "log10_lambda": -0.9865490630409273, "log10_min_child_weight": 0.9870392586874349, "log10_subsample": -0.22674559467679767, "max_depth": 2.0, "num_boost_round": 12.0}, "datetime": {"datetime": "2024-01-19 01:48:39", "elapsed": 5822.99569, "delta": 0.005744}}
{"target": -13.75851548405351, "params": {"gamma": 506.66363575753115, "log10_alpha": -3.509345698344271, "log10_colsample_bytree": -0.38808080544302437, "log10_eta": -3.6665756814587107, "log10_lambda": -0.9865490630409273, "log10_min_child_weight": 0.9870392586874349, "log10_subsample": -0.22674559467679767, "max_depth": 2.0, "num_boost_round": 13.0}, "datetime": {"datetime": "2024-01-19 01:48:39", "elapsed": 5823.001395, "delta": 0.005705}}
{"target": -13.758514859445327, "params": {"gamma": 506.66363575753115, "log10_alpha": -3.509345698344271, "log10_colsample_bytree": -0.38808080544302437, "log10_eta": -3.6665756814587107, "log10_lambda": -0.9865490630409273, "log10_min_child_weight": 0.9870392586874349, "log10_subsample": -0.22674559467679767, "max_depth": 2.0, "num_boost_round": 14.0}, "datetime": {"datetime": "2024-01-19 01:48:39", "elapsed": 5823.007045, "delta": 0.00565}}
{"target": -13.758509817978405, "params": {"gamma": 506.66363575753115, "log10_alpha": -3.509345698344271, "log10_colsample_bytree": -0.38808080544302437, "log10_eta": -3.6665756814587107, "log10_lambda": -0.9865490630409273, "log10_min_child_weight": 0.9870392586874349, "log10_subsample": -0.22674559467679767, "max_depth": 2.0, "num_boost_round": 15.0}, "datetime": {"datetime": "2024-01-19 01:48:39", "elapsed": 5823.012772, "delta": 0.005727}}
{"target": -13.758508018444221, "params": {"gamma": 506.66363575753115, "log10_alpha": -3.509345698344271, "log10_colsample_bytree": -0.38808080544302437, "log10_eta": -3.6665756814587107, "log10_lambda": -0.9865490630409273, "log10_min_child_weight": 0.9870392586874349, "log10_subsample": -0.22674559467679767, "max_depth": 2.0, "num_boost_round": 16.0}, "datetime": {"datetime": "2024-01-19 01:48:39", "elapsed": 5823.018579, "delta": 0.005807}}
{"target": -13.758509584204308, "params": {"gamma": 506.66363575753115, "log10_alpha": -3.509345698344271, "log10_colsample_bytree": -0.38808080544302437, "log10_eta": -3.6665756814587107, "log10_lambda": -0.9865490630409273, "log10_min_child_weight": 0.9870392586874349, "log10_subsample": -0.22674559467679767, "max_depth": 2.0, "num_boost_round": 17.0}, "datetime": {"datetime": "2024-01-19 01:48:39", "elapsed": 5823.024546, "delta": 0.005967}}
{"target": -13.758506627601024, "params": {"gamma": 506.66363575753115, "log10_alpha": -3.509345698344271, "log10_colsample_bytree": -0.38808080544302437, "log10_eta": -3.6665756814587107, "log10_lambda": -0.9865490630409273, "log10_min_child_weight": 0.9870392586874349, "log10_subsample": -0.22674559467679767, "max_depth": 2.0, "num_boost_round": 18.0}, "datetime": {"datetime": "2024-01-19 01:48:39", "elapsed": 5823.030203, "delta": 0.005657}}
{"target": -13.758504664140474, "params": {"gamma": 506.66363575753115, "log10_alpha": -3.509345698344271, "log10_colsample_bytree": -0.38808080544302437, "log10_eta": -3.6665756814587107, "log10_lambda": -0.9865490630409273, "log10_min_child_weight": 0.9870392586874349, "log10_subsample": -0.22674559467679767, "max_depth": 2.0, "num_boost_round": 19.0}, "datetime": {"datetime": "2024-01-19 01:48:39", "elapsed": 5823.035851, "delta": 0.005648}}
{"target": -13.7585014875424, "params": {"gamma": 506.66363575753115, "log10_alpha": -3.509345698344271, "log10_colsample_bytree": -0.38808080544302437, "log10_eta": -3.6665756814587107, "log10_lambda": -0.9865490630409273, "log10_min_child_weight": 0.9870392586874349, "log10_subsample": -0.22674559467679767, "max_depth": 2.0, "num_boost_round": 20.0}, "datetime": {"datetime": "2024-01-19 01:48:39", "elapsed": 5823.04152, "delta": 0.005669}}
{"target": -13.75850106832943, "params": {"gamma": 506.66363575753115, "log10_alpha": -3.509345698344271, "log10_colsample_bytree": -0.38808080544302437, "log10_eta": -3.6665756814587107, "log10_lambda": -0.9865490630409273, "log10_min_child_weight": 0.9870392586874349, "log10_subsample": -0.22674559467679767, "max_depth": 2.0, "num_boost_round": 21.0}, "datetime": {"datetime": "2024-01-19 01:48:39", "elapsed": 5823.047204, "delta": 0.005684}}
{"target": -13.758499853758554, "params": {"gamma": 506.66363575753115, "log10_alpha": -3.509345698344271, "log10_colsample_bytree": -0.38808080544302437, "log10_eta": -3.6665756814587107, "log10_lambda": -0.9865490630409273, "log10_min_child_weight": 0.9870392586874349, "log10_subsample": -0.22674559467679767, "max_depth": 2.0, "num_boost_round": 22.0}, "datetime": {"datetime": "2024-01-19 01:48:39", "elapsed": 5823.05288, "delta": 0.005676}}
{"target": -13.758498541278913, "params": {"gamma": 506.66363575753115, "log10_alpha": -3.509345698344271, "log10_colsample_bytree": -0.38808080544302437, "log10_eta": -3.6665756814587107, "log10_lambda": -0.9865490630409273, "log10_min_child_weight": 0.9870392586874349, "log10_subsample": -0.22674559467679767, "max_depth": 2.0, "num_boost_round": 23.0}, "datetime": {"datetime": "2024-01-19 01:48:39", "elapsed": 5823.058502, "delta": 0.005622}}
{"target": -13.758498352582714, "params": {"gamma": 506.66363575753115, "log10_alpha": -3.509345698344271, "log10_colsample_bytree": -0.38808080544302437, "log10_eta": -3.6665756814587107, "log10_lambda": -0.9865490630409273, "log10_min_child_weight": 0.9870392586874349, "log10_subsample": -0.22674559467679767, "max_depth": 2.0, "num_boost_round": 24.0}, "datetime": {"datetime": "2024-01-19 01:48:39", "elapsed": 5823.064092, "delta": 0.00559}}
{"target": -13.758495949879782, "params": {"gamma": 506.66363575753115, "log10_alpha": -3.509345698344271, "log10_colsample_bytree": -0.38808080544302437, "log10_eta": -3.6665756814587107, "log10_lambda": -0.9865490630409273, "log10_min_child_weight": 0.9870392586874349, "log10_subsample": -0.22674559467679767, "max_depth": 2.0, "num_boost_round": 25.0}, "datetime": {"datetime": "2024-01-19 01:48:39", "elapsed": 5823.069719, "delta": 0.005627}}
{"target": -13.758494723602013, "params": {"gamma": 506.66363575753115, "log10_alpha": -3.509345698344271, "log10_colsample_bytree": -0.38808080544302437, "log10_eta": -3.6665756814587107, "log10_lambda": -0.9865490630409273, "log10_min_child_weight": 0.9870392586874349, "log10_subsample": -0.22674559467679767, "max_depth": 2.0, "num_boost_round": 26.0}, "datetime": {"datetime": "2024-01-19 01:48:39", "elapsed": 5823.075432, "delta": 0.005713}}
{"target": -13.75849078162242, "params": {"gamma": 506.66363575753115, "log10_alpha": -3.509345698344271, "log10_colsample_bytree": -0.38808080544302437, "log10_eta": -3.6665756814587107, "log10_lambda": -0.9865490630409273, "log10_min_child_weight": 0.9870392586874349, "log10_subsample": -0.22674559467679767, "max_depth": 2.0, "num_boost_round": 27.0}, "datetime": {"datetime": "2024-01-19 01:48:39", "elapsed": 5823.0812, "delta": 0.005768}}
{"target": -13.758489386709039, "params": {"gamma": 506.66363575753115, "log10_alpha": -3.509345698344271, "log10_colsample_bytree": -0.38808080544302437, "log10_eta": -3.6665756814587107, "log10_lambda": -0.9865490630409273, "log10_min_child_weight": 0.9870392586874349, "log10_subsample": -0.22674559467679767, "max_depth": 2.0, "num_boost_round": 28.0}, "datetime": {"datetime": "2024-01-19 01:48:39", "elapsed": 5823.087046, "delta": 0.005846}}
{"target": -13.758487365269028, "params": {"gamma": 506.66363575753115, "log10_alpha": -3.509345698344271, "log10_colsample_bytree": -0.38808080544302437, "log10_eta": -3.6665756814587107, "log10_lambda": -0.9865490630409273, "log10_min_child_weight": 0.9870392586874349, "log10_subsample": -0.22674559467679767, "max_depth": 2.0, "num_boost_round": 29.0}, "datetime": {"datetime": "2024-01-19 01:48:39", "elapsed": 5823.09307, "delta": 0.006024}}
{"target": -13.758484224837753, "params": {"gamma": 506.66363575753115, "log10_alpha": -3.509345698344271, "log10_colsample_bytree": -0.38808080544302437, "log10_eta": -3.6665756814587107, "log10_lambda": -0.9865490630409273, "log10_min_child_weight": 0.9870392586874349, "log10_subsample": -0.22674559467679767, "max_depth": 2.0, "num_boost_round": 30.0}, "datetime": {"datetime": "2024-01-19 01:48:39", "elapsed": 5823.098743, "delta": 0.005673}}
{"target": -13.758480264316125, "params": {"gamma": 506.66363575753115, "log10_alpha": -3.509345698344271, "log10_colsample_bytree": -0.38808080544302437, "log10_eta": -3.6665756814587107, "log10_lambda": -0.9865490630409273, "log10_min_child_weight": 0.9870392586874349, "log10_subsample": -0.22674559467679767, "max_depth": 2.0, "num_boost_round": 31.0}, "datetime": {"datetime": "2024-01-19 01:48:39", "elapsed": 5823.104394, "delta": 0.005651}}
{"target": -13.758477827233092, "params": {"gamma": 506.66363575753115, "log10_alpha": -3.509345698344271, "log10_colsample_bytree": -0.38808080544302437, "log10_eta": -3.6665756814587107, "log10_lambda": -0.9865490630409273, "log10_min_child_weight": 0.9870392586874349, "log10_subsample": -0.22674559467679767, "max_depth": 2.0, "num_boost_round": 32.0}, "datetime": {"datetime": "2024-01-19 01:48:39", "elapsed": 5823.109997, "delta": 0.005603}}
{"target": -13.758475663165033, "params": {"gamma": 506.66363575753115, "log10_alpha": -3.509345698344271, "log10_colsample_bytree": -0.38808080544302437, "log10_eta": -3.6665756814587107, "log10_lambda": -0.9865490630409273, "log10_min_child_weight": 0.9870392586874349, "log10_subsample": -0.22674559467679767, "max_depth": 2.0, "num_boost_round": 33.0}, "datetime": {"datetime": "2024-01-19 01:48:39", "elapsed": 5823.115622, "delta": 0.005625}}
{"target": -13.758474458314566, "params": {"gamma": 506.66363575753115, "log10_alpha": -3.509345698344271, "log10_colsample_bytree": -0.38808080544302437, "log10_eta": -3.6665756814587107, "log10_lambda": -0.9865490630409273, "log10_min_child_weight": 0.9870392586874349, "log10_subsample": -0.22674559467679767, "max_depth": 2.0, "num_boost_round": 34.0}, "datetime": {"datetime": "2024-01-19 01:48:39", "elapsed": 5823.121255, "delta": 0.005633}}
{"target": -13.758474283741313, "params": {"gamma": 506.66363575753115, "log10_alpha": -3.509345698344271, "log10_colsample_bytree": -0.38808080544302437, "log10_eta": -3.6665756814587107, "log10_lambda": -0.9865490630409273, "log10_min_child_weight": 0.9870392586874349, "log10_subsample": -0.22674559467679767, "max_depth": 2.0, "num_boost_round": 35.0}, "datetime": {"datetime": "2024-01-19 01:48:39", "elapsed": 5823.126883, "delta": 0.005628}}
{"target": -13.7584758055057, "params": {"gamma": 506.66363575753115, "log10_alpha": -3.509345698344271, "log10_colsample_bytree": -0.38808080544302437, "log10_eta": -3.6665756814587107, "log10_lambda": -0.9865490630409273, "log10_min_child_weight": 0.9870392586874349, "log10_subsample": -0.22674559467679767, "max_depth": 2.0, "num_boost_round": 36.0}, "datetime": {"datetime": "2024-01-19 01:48:39", "elapsed": 5823.132524, "delta": 0.005641}}
{"target": -13.75847560264571, "params": {"gamma": 506.66363575753115, "log10_alpha": -3.509345698344271, "log10_colsample_bytree": -0.38808080544302437, "log10_eta": -3.6665756814587107, "log10_lambda": -0.9865490630409273, "log10_min_child_weight": 0.9870392586874349, "log10_subsample": -0.22674559467679767, "max_depth": 2.0, "num_boost_round": 37.0}, "datetime": {"datetime": "2024-01-19 01:48:39", "elapsed": 5823.138937, "delta": 0.006413}}
{"target": -13.758474771297482, "params": {"gamma": 506.66363575753115, "log10_alpha": -3.509345698344271, "log10_colsample_bytree": -0.38808080544302437, "log10_eta": -3.6665756814587107, "log10_lambda": -0.9865490630409273, "log10_min_child_weight": 0.9870392586874349, "log10_subsample": -0.22674559467679767, "max_depth": 2.0, "num_boost_round": 38.0}, "datetime": {"datetime": "2024-01-19 01:48:39", "elapsed": 5823.144789, "delta": 0.005852}}
{"target": -13.75847017764803, "params": {"gamma": 506.66363575753115, "log10_alpha": -3.509345698344271, "log10_colsample_bytree": -0.38808080544302437, "log10_eta": -3.6665756814587107, "log10_lambda": -0.9865490630409273, "log10_min_child_weight": 0.9870392586874349, "log10_subsample": -0.22674559467679767, "max_depth": 2.0, "num_boost_round": 39.0}, "datetime": {"datetime": "2024-01-19 01:48:39", "elapsed": 5823.150633, "delta": 0.005844}}
{"target": -13.758467898759204, "params": {"gamma": 506.66363575753115, "log10_alpha": -3.509345698344271, "log10_colsample_bytree": -0.38808080544302437, "log10_eta": -3.6665756814587107, "log10_lambda": -0.9865490630409273, "log10_min_child_weight": 0.9870392586874349, "log10_subsample": -0.22674559467679767, "max_depth": 2.0, "num_boost_round": 40.0}, "datetime": {"datetime": "2024-01-19 01:48:39", "elapsed": 5823.156612, "delta": 0.005979}}
{"target": -13.758466354412569, "params": {"gamma": 506.66363575753115, "log10_alpha": -3.509345698344271, "log10_colsample_bytree": -0.38808080544302437, "log10_eta": -3.6665756814587107, "log10_lambda": -0.9865490630409273, "log10_min_child_weight": 0.9870392586874349, "log10_subsample": -0.22674559467679767, "max_depth": 2.0, "num_boost_round": 41.0}, "datetime": {"datetime": "2024-01-19 01:48:39", "elapsed": 5823.162565, "delta": 0.005953}}
{"target": -13.758465320286218, "params": {"gamma": 506.66363575753115, "log10_alpha": -3.509345698344271, "log10_colsample_bytree": -0.38808080544302437, "log10_eta": -3.6665756814587107, "log10_lambda": -0.9865490630409273, "log10_min_child_weight": 0.9870392586874349, "log10_subsample": -0.22674559467679767, "max_depth": 2.0, "num_boost_round": 42.0}, "datetime": {"datetime": "2024-01-19 01:48:39", "elapsed": 5823.168196, "delta": 0.005631}}
{"target": -13.7584635628448, "params": {"gamma": 506.66363575753115, "log10_alpha": -3.509345698344271, "log10_colsample_bytree": -0.38808080544302437, "log10_eta": -3.6665756814587107, "log10_lambda": -0.9865490630409273, "log10_min_child_weight": 0.9870392586874349, "log10_subsample": -0.22674559467679767, "max_depth": 2.0, "num_boost_round": 43.0}, "datetime": {"datetime": "2024-01-19 01:48:39", "elapsed": 5823.173868, "delta": 0.005672}}
{"target": -13.7584606265598, "params": {"gamma": 506.66363575753115, "log10_alpha": -3.509345698344271, "log10_colsample_bytree": -0.38808080544302437, "log10_eta": -3.6665756814587107, "log10_lambda": -0.9865490630409273, "log10_min_child_weight": 0.9870392586874349, "log10_subsample": -0.22674559467679767, "max_depth": 2.0, "num_boost_round": 44.0}, "datetime": {"datetime": "2024-01-19 01:48:39", "elapsed": 5823.179551, "delta": 0.005683}}
{"target": -13.75845955985739, "params": {"gamma": 506.66363575753115, "log10_alpha": -3.509345698344271, "log10_colsample_bytree": -0.38808080544302437, "log10_eta": -3.6665756814587107, "log10_lambda": -0.9865490630409273, "log10_min_child_weight": 0.9870392586874349, "log10_subsample": -0.22674559467679767, "max_depth": 2.0, "num_boost_round": 45.0}, "datetime": {"datetime": "2024-01-19 01:48:39", "elapsed": 5823.18531, "delta": 0.005759}}
{"target": -13.758459351414455, "params": {"gamma": 506.66363575753115, "log10_alpha": -3.509345698344271, "log10_colsample_bytree": -0.38808080544302437, "log10_eta": -3.6665756814587107, "log10_lambda": -0.9865490630409273, "log10_min_child_weight": 0.9870392586874349, "log10_subsample": -0.22674559467679767, "max_depth": 2.0, "num_boost_round": 46.0}, "datetime": {"datetime": "2024-01-19 01:48:39", "elapsed": 5823.191027, "delta": 0.005717}}
