{"target": -13.758404737859559, "params": {"gamma": 945.1047930422384, "log10_alpha": -4.953929132663756, "log10_colsample_bytree": -0.6168656040546399, "log10_eta": -3.529741614385633, "log10_lambda": -1.6362191119618936, "log10_min_child_weight": 3.9092573431292754, "log10_subsample": -0.10491652163978449, "max_depth": 9.0, "num_boost_round": 31.0}, "datetime": {"datetime": "2024-01-19 01:02:02", "elapsed": 3023.601426, "delta": 0.003756}}
{"target": -13.758400350141422, "params": {"gamma": 945.1047930422384, "log10_alpha": -4.953929132663756, "log10_colsample_bytree": -0.6168656040546399, "log10_eta": -3.529741614385633, "log10_lambda": -1.6362191119618936, "log10_min_child_weight": 3.9092573431292754, "log10_subsample": -0.10491652163978449, "max_depth": 9.0, "num_boost_round": 32.0}, "datetime": {"datetime": "2024-01-19 01:02:02", "elapsed": 3023.605121, "delta": 0.003695}}
{"target": -13.758390287692416, "params": {"gamma": 945.1047930422384, "log10_alpha": -4.953929132663756, "log10_colsample_bytree": -0.6168656040546399, "log10_eta": -3.529741614385633, "log10_lambda": -1.6362191119618936, "log10_min_child_weight": 3.9092573431292754, "log10_subsample": -0.10491652163978449, "max_depth": 9.0, "num_boost_round": 33.0}, "datetime": {"datetime": "2024-01-19 01:02:02", "elapsed": 3023.609036, "delta": 0.003915}}
{"target": -13.758384707474066, "params": {"gamma": 945.1047930422384, "log10_alpha": -4.953929132663756, "log10_colsample_bytree": -0.6168656040546399, "log10_eta": -3.529741614385633, "log10_lambda": -1.6362191119618936, "log10_min_child_weight": 3.9092573431292754, "log10_subsample": -0.10491652163978449, "max_depth": 9.0, "num_boost_round": 34.0}, "datetime": {"datetime": "2024-01-19 01:02:02", "elapsed": 3023.612896, "delta": 0.00386}}
{"target": -13.758383722456923, "params": {"gamma": 945.1047930422384, "log10_alpha": -4.953929132663756, "log10_colsample_bytree": -0.6168656040546399, "log10_eta": -3.529741614385633, "log10_lambda": -1.6362191119618936, "log10_min_child_weight": 3.9092573431292754, "log10_subsample": -0.10491652163978449, "max_depth": 9.0, "num_boost_round": 35.0}, "datetime": {"datetime": "2024-01-19 01:02:02", "elapsed": 3023.616637, "delta": 0.003741}}
{"target": -13.75838240774784, "params": {"gamma": 945.1047930422384, "log10_alpha": -4.953929132663756, "log10_colsample_bytree": -0.6168656040546399, "log10_eta": -3.529741614385633, "log10_lambda": -1.6362191119618936, "log10_min_child_weight": 3.9092573431292754, "log10_subsample": -0.10491652163978449, "max_depth": 9.0, "num_boost_round": 36.0}, "datetime": {"datetime": "2024-01-19 01:02:02", "elapsed": 3023.620506, "delta": 0.003869}}
{"target": -13.758376752068095, "params": {"gamma": 945.1047930422384, "log10_alpha": -4.953929132663756, "log10_colsample_bytree": -0.6168656040546399, "log10_eta": -3.529741614385633, "log10_lambda": -1.6362191119618936, "log10_min_child_weight": 3.9092573431292754, "log10_subsample": -0.10491652163978449, "max_depth": 9.0, "num_boost_round": 37.0}, "datetime": {"datetime": "2024-01-19 01:02:02", "elapsed": 3023.624219, "delta": 0.003713}}
{"target": -13.757019441697656, "params": {"gamma": 947.5388624444765, "log10_alpha": -1.7345113941864492, "log10_colsample_bytree": -0.42335847766415435, "log10_eta": -1.229550580156002, "log10_lambda": 0.9260849150041421, "log10_min_child_weight": 3.306982247202642, "log10_subsample": -0.27967332024110425, "max_depth": 8.0, "num_boost_round": 0.0}, "datetime": {"datetime": "2024-01-19 01:02:49", "elapsed": 3070.162402, "delta": 46.538183}}
{"target": -13.756912647379727, "params": {"gamma": 947.5388624444765, "log10_alpha": -1.7345113941864492, "log10_colsample_bytree": -0.42335847766415435, "log10_eta": -1.229550580156002, "log10_lambda": 0.9260849150041421, "log10_min_child_weight": 3.306982247202642, "log10_subsample": -0.27967332024110425, "max_depth": 8.0, "num_boost_round": 1.0}, "datetime": {"datetime": "2024-01-19 01:02:49", "elapsed": 3070.166564, "delta": 0.004162}}
{"target": -13.756915148782697, "params": {"gamma": 947.5388624444765, "log10_alpha": -1.7345113941864492, "log10_colsample_bytree": -0.42335847766415435, "log10_eta": -1.229550580156002, "log10_lambda": 0.9260849150041421, "log10_min_child_weight": 3.306982247202642, "log10_subsample": -0.27967332024110425, "max_depth": 8.0, "num_boost_round": 2.0}, "datetime": {"datetime": "2024-01-19 01:02:49", "elapsed": 3070.170436, "delta": 0.003872}}
{"target": -13.758911313676844, "params": {"gamma": 947.5388624444765, "log10_alpha": -1.7345113941864492, "log10_colsample_bytree": -0.42335847766415435, "log10_eta": -1.229550580156002, "log10_lambda": 0.9260849150041421, "log10_min_child_weight": 3.306982247202642, "log10_subsample": -0.27967332024110425, "max_depth": 8.0, "num_boost_round": 3.0}, "datetime": {"datetime": "2024-01-19 01:02:49", "elapsed": 3070.174176, "delta": 0.00374}}
{"target": -13.758728928327685, "params": {"gamma": 947.5388624444765, "log10_alpha": -1.7345113941864492, "log10_colsample_bytree": -0.42335847766415435, "log10_eta": -1.229550580156002, "log10_lambda": 0.9260849150041421, "log10_min_child_weight": 3.306982247202642, "log10_subsample": -0.27967332024110425, "max_depth": 8.0, "num_boost_round": 4.0}, "datetime": {"datetime": "2024-01-19 01:02:49", "elapsed": 3070.178001, "delta": 0.003825}}
{"target": -13.759720206409668, "params": {"gamma": 947.5388624444765, "log10_alpha": -1.7345113941864492, "log10_colsample_bytree": -0.42335847766415435, "log10_eta": -1.229550580156002, "log10_lambda": 0.9260849150041421, "log10_min_child_weight": 3.306982247202642, "log10_subsample": -0.27967332024110425, "max_depth": 8.0, "num_boost_round": 5.0}, "datetime": {"datetime": "2024-01-19 01:02:49", "elapsed": 3070.181725, "delta": 0.003724}}
{"target": -13.76141641627949, "params": {"gamma": 947.5388624444765, "log10_alpha": -1.7345113941864492, "log10_colsample_bytree": -0.42335847766415435, "log10_eta": -1.229550580156002, "log10_lambda": 0.9260849150041421, "log10_min_child_weight": 3.306982247202642, "log10_subsample": -0.27967332024110425, "max_depth": 8.0, "num_boost_round": 6.0}, "datetime": {"datetime": "2024-01-19 01:02:49", "elapsed": 3070.185542, "delta": 0.003817}}
{"target": -13.760806711003271, "params": {"gamma": 947.5388624444765, "log10_alpha": -1.7345113941864492, "log10_colsample_bytree": -0.42335847766415435, "log10_eta": -1.229550580156002, "log10_lambda": 0.9260849150041421, "log10_min_child_weight": 3.306982247202642, "log10_subsample": -0.27967332024110425, "max_depth": 8.0, "num_boost_round": 7.0}, "datetime": {"datetime": "2024-01-19 01:02:49", "elapsed": 3070.189343, "delta": 0.003801}}
{"target": -13.761753300249149, "params": {"gamma": 947.5388624444765, "log10_alpha": -1.7345113941864492, "log10_colsample_bytree": -0.42335847766415435, "log10_eta": -1.229550580156002, "log10_lambda": 0.9260849150041421, "log10_min_child_weight": 3.306982247202642, "log10_subsample": -0.27967332024110425, "max_depth": 8.0, "num_boost_round": 8.0}, "datetime": {"datetime": "2024-01-19 01:02:49", "elapsed": 3070.193114, "delta": 0.003771}}
{"target": -13.761781383450108, "params": {"gamma": 947.5388624444765, "log10_alpha": -1.7345113941864492, "log10_colsample_bytree": -0.42335847766415435, "log10_eta": -1.229550580156002, "log10_lambda": 0.9260849150041421, "log10_min_child_weight": 3.306982247202642, "log10_subsample": -0.27967332024110425, "max_depth": 8.0, "num_boost_round": 9.0}, "datetime": {"datetime": "2024-01-19 01:02:49", "elapsed": 3070.196832, "delta": 0.003718}}
{"target": -13.76354629154765, "params": {"gamma": 947.5388624444765, "log10_alpha": -1.7345113941864492, "log10_colsample_bytree": -0.42335847766415435, "log10_eta": -1.229550580156002, "log10_lambda": 0.9260849150041421, "log10_min_child_weight": 3.306982247202642, "log10_subsample": -0.27967332024110425, "max_depth": 8.0, "num_boost_round": 10.0}, "datetime": {"datetime": "2024-01-19 01:02:49", "elapsed": 3070.200661, "delta": 0.003829}}
{"target": -13.765006752508292, "params": {"gamma": 947.5388624444765, "log10_alpha": -1.7345113941864492, "log10_colsample_bytree": -0.42335847766415435, "log10_eta": -1.229550580156002, "log10_lambda": 0.9260849150041421, "log10_min_child_weight": 3.306982247202642, "log10_subsample": -0.27967332024110425, "max_depth": 8.0, "num_boost_round": 11.0}, "datetime": {"datetime": "2024-01-19 01:02:49", "elapsed": 3070.204375, "delta": 0.003714}}
{"target": -13.767185289972248, "params": {"gamma": 947.5388624444765, "log10_alpha": -1.7345113941864492, "log10_colsample_bytree": -0.42335847766415435, "log10_eta": -1.229550580156002, "log10_lambda": 0.9260849150041421, "log10_min_child_weight": 3.306982247202642, "log10_subsample": -0.27967332024110425, "max_depth": 8.0, "num_boost_round": 12.0}, "datetime": {"datetime": "2024-01-19 01:02:49", "elapsed": 3070.208266, "delta": 0.003891}}
{"target": -13.770108701922595, "params": {"gamma": 947.5388624444765, "log10_alpha": -1.7345113941864492, "log10_colsample_bytree": -0.42335847766415435, "log10_eta": -1.229550580156002, "log10_lambda": 0.9260849150041421, "log10_min_child_weight": 3.306982247202642, "log10_subsample": -0.27967332024110425, "max_depth": 8.0, "num_boost_round": 13.0}, "datetime": {"datetime": "2024-01-19 01:02:49", "elapsed": 3070.212208, "delta": 0.003942}}
{"target": -13.77028158598037, "params": {"gamma": 947.5388624444765, "log10_alpha": -1.7345113941864492, "log10_colsample_bytree": -0.42335847766415435, "log10_eta": -1.229550580156002, "log10_lambda": 0.9260849150041421, "log10_min_child_weight": 3.306982247202642, "log10_subsample": -0.27967332024110425, "max_depth": 8.0, "num_boost_round": 14.0}, "datetime": {"datetime": "2024-01-19 01:02:49", "elapsed": 3070.215916, "delta": 0.003708}}
{"target": -13.77044340717034, "params": {"gamma": 947.5388624444765, "log10_alpha": -1.7345113941864492, "log10_colsample_bytree": -0.42335847766415435, "log10_eta": -1.229550580156002, "log10_lambda": 0.9260849150041421, "log10_min_child_weight": 3.306982247202642, "log10_subsample": -0.27967332024110425, "max_depth": 8.0, "num_boost_round": 15.0}, "datetime": {"datetime": "2024-01-19 01:02:49", "elapsed": 3070.21972, "delta": 0.003804}}
{"target": -13.771354202253237, "params": {"gamma": 947.5388624444765, "log10_alpha": -1.7345113941864492, "log10_colsample_bytree": -0.42335847766415435, "log10_eta": -1.229550580156002, "log10_lambda": 0.9260849150041421, "log10_min_child_weight": 3.306982247202642, "log10_subsample": -0.27967332024110425, "max_depth": 8.0, "num_boost_round": 16.0}, "datetime": {"datetime": "2024-01-19 01:02:49", "elapsed": 3070.223459, "delta": 0.003739}}
{"target": -13.771939831580198, "params": {"gamma": 947.5388624444765, "log10_alpha": -1.7345113941864492, "log10_colsample_bytree": -0.42335847766415435, "log10_eta": -1.229550580156002, "log10_lambda": 0.9260849150041421, "log10_min_child_weight": 3.306982247202642, "log10_subsample": -0.27967332024110425, "max_depth": 8.0, "num_boost_round": 17.0}, "datetime": {"datetime": "2024-01-19 01:02:49", "elapsed": 3070.227293, "delta": 0.003834}}
{"target": -13.773094553681503, "params": {"gamma": 947.5388624444765, "log10_alpha": -1.7345113941864492, "log10_colsample_bytree": -0.42335847766415435, "log10_eta": -1.229550580156002, "log10_lambda": 0.9260849150041421, "log10_min_child_weight": 3.306982247202642, "log10_subsample": -0.27967332024110425, "max_depth": 8.0, "num_boost_round": 18.0}, "datetime": {"datetime": "2024-01-19 01:02:49", "elapsed": 3070.231095, "delta": 0.003802}}
{"target": -13.772773100254728, "params": {"gamma": 947.5388624444765, "log10_alpha": -1.7345113941864492, "log10_colsample_bytree": -0.42335847766415435, "log10_eta": -1.229550580156002, "log10_lambda": 0.9260849150041421, "log10_min_child_weight": 3.306982247202642, "log10_subsample": -0.27967332024110425, "max_depth": 8.0, "num_boost_round": 19.0}, "datetime": {"datetime": "2024-01-19 01:02:49", "elapsed": 3070.234829, "delta": 0.003734}}
{"target": -13.775121660984656, "params": {"gamma": 947.5388624444765, "log10_alpha": -1.7345113941864492, "log10_colsample_bytree": -0.42335847766415435, "log10_eta": -1.229550580156002, "log10_lambda": 0.9260849150041421, "log10_min_child_weight": 3.306982247202642, "log10_subsample": -0.27967332024110425, "max_depth": 8.0, "num_boost_round": 20.0}, "datetime": {"datetime": "2024-01-19 01:02:49", "elapsed": 3070.238685, "delta": 0.003856}}
{"target": -13.775669313527326, "params": {"gamma": 947.5388624444765, "log10_alpha": -1.7345113941864492, "log10_colsample_bytree": -0.42335847766415435, "log10_eta": -1.229550580156002, "log10_lambda": 0.9260849150041421, "log10_min_child_weight": 3.306982247202642, "log10_subsample": -0.27967332024110425, "max_depth": 8.0, "num_boost_round": 21.0}, "datetime": {"datetime": "2024-01-19 01:02:49", "elapsed": 3070.242426, "delta": 0.003741}}
{"target": -13.776884983835034, "params": {"gamma": 947.5388624444765, "log10_alpha": -1.7345113941864492, "log10_colsample_bytree": -0.42335847766415435, "log10_eta": -1.229550580156002, "log10_lambda": 0.9260849150041421, "log10_min_child_weight": 3.306982247202642, "log10_subsample": -0.27967332024110425, "max_depth": 8.0, "num_boost_round": 22.0}, "datetime": {"datetime": "2024-01-19 01:02:49", "elapsed": 3070.246245, "delta": 0.003819}}
{"target": -13.778547634741333, "params": {"gamma": 947.5388624444765, "log10_alpha": -1.7345113941864492, "log10_colsample_bytree": -0.42335847766415435, "log10_eta": -1.229550580156002, "log10_lambda": 0.9260849150041421, "log10_min_child_weight": 3.306982247202642, "log10_subsample": -0.27967332024110425, "max_depth": 8.0, "num_boost_round": 23.0}, "datetime": {"datetime": "2024-01-19 01:02:49", "elapsed": 3070.250033, "delta": 0.003788}}
{"target": -13.7794525994606, "params": {"gamma": 947.5388624444765, "log10_alpha": -1.7345113941864492, "log10_colsample_bytree": -0.42335847766415435, "log10_eta": -1.229550580156002, "log10_lambda": 0.9260849150041421, "log10_min_child_weight": 3.306982247202642, "log10_subsample": -0.27967332024110425, "max_depth": 8.0, "num_boost_round": 24.0}, "datetime": {"datetime": "2024-01-19 01:02:49", "elapsed": 3070.253803, "delta": 0.00377}}
{"target": -13.783347178553383, "params": {"gamma": 947.5388624444765, "log10_alpha": -1.7345113941864492, "log10_colsample_bytree": -0.42335847766415435, "log10_eta": -1.229550580156002, "log10_lambda": 0.9260849150041421, "log10_min_child_weight": 3.306982247202642, "log10_subsample": -0.27967332024110425, "max_depth": 8.0, "num_boost_round": 25.0}, "datetime": {"datetime": "2024-01-19 01:02:49", "elapsed": 3070.364666, "delta": 0.110863}}
{"target": -13.78561569945367, "params": {"gamma": 947.5388624444765, "log10_alpha": -1.7345113941864492, "log10_colsample_bytree": -0.42335847766415435, "log10_eta": -1.229550580156002, "log10_lambda": 0.9260849150041421, "log10_min_child_weight": 3.306982247202642, "log10_subsample": -0.27967332024110425, "max_depth": 8.0, "num_boost_round": 26.0}, "datetime": {"datetime": "2024-01-19 01:02:49", "elapsed": 3070.369278, "delta": 0.004612}}
{"target": -13.78586714032358, "params": {"gamma": 947.5388624444765, "log10_alpha": -1.7345113941864492, "log10_colsample_bytree": -0.42335847766415435, "log10_eta": -1.229550580156002, "log10_lambda": 0.9260849150041421, "log10_min_child_weight": 3.306982247202642, "log10_subsample": -0.27967332024110425, "max_depth": 8.0, "num_boost_round": 27.0}, "datetime": {"datetime": "2024-01-19 01:02:49", "elapsed": 3070.374169, "delta": 0.004891}}
{"target": -13.786339852713109, "params": {"gamma": 947.5388624444765, "log10_alpha": -1.7345113941864492, "log10_colsample_bytree": -0.42335847766415435, "log10_eta": -1.229550580156002, "log10_lambda": 0.9260849150041421, "log10_min_child_weight": 3.306982247202642, "log10_subsample": -0.27967332024110425, "max_depth": 8.0, "num_boost_round": 28.0}, "datetime": {"datetime": "2024-01-19 01:02:49", "elapsed": 3070.378592, "delta": 0.004423}}
{"target": -13.79017205613056, "params": {"gamma": 947.5388624444765, "log10_alpha": -1.7345113941864492, "log10_colsample_bytree": -0.42335847766415435, "log10_eta": -1.229550580156002, "log10_lambda": 0.9260849150041421, "log10_min_child_weight": 3.306982247202642, "log10_subsample": -0.27967332024110425, "max_depth": 8.0, "num_boost_round": 29.0}, "datetime": {"datetime": "2024-01-19 01:02:49", "elapsed": 3070.382652, "delta": 0.00406}}
{"target": -13.79290643147486, "params": {"gamma": 947.5388624444765, "log10_alpha": -1.7345113941864492, "log10_colsample_bytree": -0.42335847766415435, "log10_eta": -1.229550580156002, "log10_lambda": 0.9260849150041421, "log10_min_child_weight": 3.306982247202642, "log10_subsample": -0.27967332024110425, "max_depth": 8.0, "num_boost_round": 30.0}, "datetime": {"datetime": "2024-01-19 01:02:49", "elapsed": 3070.386817, "delta": 0.004165}}
{"target": -13.794633670322558, "params": {"gamma": 947.5388624444765, "log10_alpha": -1.7345113941864492, "log10_colsample_bytree": -0.42335847766415435, "log10_eta": -1.229550580156002, "log10_lambda": 0.9260849150041421, "log10_min_child_weight": 3.306982247202642, "log10_subsample": -0.27967332024110425, "max_depth": 8.0, "num_boost_round": 31.0}, "datetime": {"datetime": "2024-01-19 01:02:49", "elapsed": 3070.39079, "delta": 0.003973}}
{"target": -13.796934911661568, "params": {"gamma": 947.5388624444765, "log10_alpha": -1.7345113941864492, "log10_colsample_bytree": -0.42335847766415435, "log10_eta": -1.229550580156002, "log10_lambda": 0.9260849150041421, "log10_min_child_weight": 3.306982247202642, "log10_subsample": -0.27967332024110425, "max_depth": 8.0, "num_boost_round": 32.0}, "datetime": {"datetime": "2024-01-19 01:02:49", "elapsed": 3070.394745, "delta": 0.003955}}
{"target": -13.800827349253668, "params": {"gamma": 947.5388624444765, "log10_alpha": -1.7345113941864492, "log10_colsample_bytree": -0.42335847766415435, "log10_eta": -1.229550580156002, "log10_lambda": 0.9260849150041421, "log10_min_child_weight": 3.306982247202642, "log10_subsample": -0.27967332024110425, "max_depth": 8.0, "num_boost_round": 33.0}, "datetime": {"datetime": "2024-01-19 01:02:49", "elapsed": 3070.398665, "delta": 0.00392}}
{"target": -13.80252025792184, "params": {"gamma": 947.5388624444765, "log10_alpha": -1.7345113941864492, "log10_colsample_bytree": -0.42335847766415435, "log10_eta": -1.229550580156002, "log10_lambda": 0.9260849150041421, "log10_min_child_weight": 3.306982247202642, "log10_subsample": -0.27967332024110425, "max_depth": 8.0, "num_boost_round": 34.0}, "datetime": {"datetime": "2024-01-19 01:02:49", "elapsed": 3070.402601, "delta": 0.003936}}
{"target": -13.807198543251442, "params": {"gamma": 947.5388624444765, "log10_alpha": -1.7345113941864492, "log10_colsample_bytree": -0.42335847766415435, "log10_eta": -1.229550580156002, "log10_lambda": 0.9260849150041421, "log10_min_child_weight": 3.306982247202642, "log10_subsample": -0.27967332024110425, "max_depth": 8.0, "num_boost_round": 35.0}, "datetime": {"datetime": "2024-01-19 01:02:49", "elapsed": 3070.406551, "delta": 0.00395}}
{"target": -13.810162586638318, "params": {"gamma": 947.5388624444765, "log10_alpha": -1.7345113941864492, "log10_colsample_bytree": -0.42335847766415435, "log10_eta": -1.229550580156002, "log10_lambda": 0.9260849150041421, "log10_min_child_weight": 3.306982247202642, "log10_subsample": -0.27967332024110425, "max_depth": 8.0, "num_boost_round": 36.0}, "datetime": {"datetime": "2024-01-19 01:02:49", "elapsed": 3070.410511, "delta": 0.00396}}
{"target": -13.815322317355553, "params": {"gamma": 947.5388624444765, "log10_alpha": -1.7345113941864492, "log10_colsample_bytree": -0.42335847766415435, "log10_eta": -1.229550580156002, "log10_lambda": 0.9260849150041421, "log10_min_child_weight": 3.306982247202642, "log10_subsample": -0.27967332024110425, "max_depth": 8.0, "num_boost_round": 37.0}, "datetime": {"datetime": "2024-01-19 01:02:49", "elapsed": 3070.414529, "delta": 0.004018}}
{"target": -13.817908660679945, "params": {"gamma": 947.5388624444765, "log10_alpha": -1.7345113941864492, "log10_colsample_bytree": -0.42335847766415435, "log10_eta": -1.229550580156002, "log10_lambda": 0.9260849150041421, "log10_min_child_weight": 3.306982247202642, "log10_subsample": -0.27967332024110425, "max_depth": 8.0, "num_boost_round": 38.0}, "datetime": {"datetime": "2024-01-19 01:02:49", "elapsed": 3070.418485, "delta": 0.003956}}
{"target": -13.81890491683434, "params": {"gamma": 947.5388624444765, "log10_alpha": -1.7345113941864492, "log10_colsample_bytree": -0.42335847766415435, "log10_eta": -1.229550580156002, "log10_lambda": 0.9260849150041421, "log10_min_child_weight": 3.306982247202642, "log10_subsample": -0.27967332024110425, "max_depth": 8.0, "num_boost_round": 39.0}, "datetime": {"datetime": "2024-01-19 01:02:49", "elapsed": 3070.422451, "delta": 0.003966}}
{"target": -13.81991701195695, "params": {"gamma": 947.5388624444765, "log10_alpha": -1.7345113941864492, "log10_colsample_bytree": -0.42335847766415435, "log10_eta": -1.229550580156002, "log10_lambda": 0.9260849150041421, "log10_min_child_weight": 3.306982247202642, "log10_subsample": -0.27967332024110425, "max_depth": 8.0, "num_boost_round": 40.0}, "datetime": {"datetime": "2024-01-19 01:02:49", "elapsed": 3070.426387, "delta": 0.003936}}
{"target": -13.820291199173685, "params": {"gamma": 947.5388624444765, "log10_alpha": -1.7345113941864492, "log10_colsample_bytree": -0.42335847766415435, "log10_eta": -1.229550580156002, "log10_lambda": 0.9260849150041421, "log10_min_child_weight": 3.306982247202642, "log10_subsample": -0.27967332024110425, "max_depth": 8.0, "num_boost_round": 41.0}, "datetime": {"datetime": "2024-01-19 01:02:49", "elapsed": 3070.430365, "delta": 0.003978}}
