{"target": -13.835090171120196, "params": {"gamma": 721.0198020460016, "log10_alpha": -4.184693018717544, "log10_colsample_bytree": -0.8425936914404101, "log10_eta": -0.8728335696469682, "log10_lambda": -1.366154478846557, "log10_min_child_weight": 0.19187507287783345, "log10_subsample": -0.08521464928063371, "max_depth": 4.0, "num_boost_round": 26.0}, "datetime": {"datetime": "2024-01-19 01:09:40", "elapsed": 3479.576973, "delta": 0.00372}}
{"target": -13.83549468451172, "params": {"gamma": 721.0198020460016, "log10_alpha": -4.184693018717544, "log10_colsample_bytree": -0.8425936914404101, "log10_eta": -0.8728335696469682, "log10_lambda": -1.366154478846557, "log10_min_child_weight": 0.19187507287783345, "log10_subsample": -0.08521464928063371, "max_depth": 4.0, "num_boost_round": 27.0}, "datetime": {"datetime": "2024-01-19 01:09:40", "elapsed": 3479.580609, "delta": 0.003636}}
{"target": -13.83584807190063, "params": {"gamma": 721.0198020460016, "log10_alpha": -4.184693018717544, "log10_colsample_bytree": -0.8425936914404101, "log10_eta": -0.8728335696469682, "log10_lambda": -1.366154478846557, "log10_min_child_weight": 0.19187507287783345, "log10_subsample": -0.08521464928063371, "max_depth": 4.0, "num_boost_round": 28.0}, "datetime": {"datetime": "2024-01-19 01:09:40", "elapsed": 3479.584228, "delta": 0.003619}}
{"target": -13.83803932696383, "params": {"gamma": 721.0198020460016, "log10_alpha": -4.184693018717544, "log10_colsample_bytree": -0.8425936914404101, "log10_eta": -0.8728335696469682, "log10_lambda": -1.366154478846557, "log10_min_child_weight": 0.19187507287783345, "log10_subsample": -0.08521464928063371, "max_depth": 4.0, "num_boost_round": 29.0}, "datetime": {"datetime": "2024-01-19 01:09:40", "elapsed": 3479.587933, "delta": 0.003705}}
{"target": -13.840520584310047, "params": {"gamma": 721.0198020460016, "log10_alpha": -4.184693018717544, "log10_colsample_bytree": -0.8425936914404101, "log10_eta": -0.8728335696469682, "log10_lambda": -1.366154478846557, "log10_min_child_weight": 0.19187507287783345, "log10_subsample": -0.08521464928063371, "max_depth": 4.0, "num_boost_round": 30.0}, "datetime": {"datetime": "2024-01-19 01:09:40", "elapsed": 3479.592482, "delta": 0.004549}}
{"target": -13.844027625285118, "params": {"gamma": 721.0198020460016, "log10_alpha": -4.184693018717544, "log10_colsample_bytree": -0.8425936914404101, "log10_eta": -0.8728335696469682, "log10_lambda": -1.366154478846557, "log10_min_child_weight": 0.19187507287783345, "log10_subsample": -0.08521464928063371, "max_depth": 4.0, "num_boost_round": 31.0}, "datetime": {"datetime": "2024-01-19 01:09:40", "elapsed": 3479.596393, "delta": 0.003911}}
{"target": -13.84751696823068, "params": {"gamma": 721.0198020460016, "log10_alpha": -4.184693018717544, "log10_colsample_bytree": -0.8425936914404101, "log10_eta": -0.8728335696469682, "log10_lambda": -1.366154478846557, "log10_min_child_weight": 0.19187507287783345, "log10_subsample": -0.08521464928063371, "max_depth": 4.0, "num_boost_round": 32.0}, "datetime": {"datetime": "2024-01-19 01:09:40", "elapsed": 3479.600901, "delta": 0.004508}}
{"target": -13.850227511633536, "params": {"gamma": 721.0198020460016, "log10_alpha": -4.184693018717544, "log10_colsample_bytree": -0.8425936914404101, "log10_eta": -0.8728335696469682, "log10_lambda": -1.366154478846557, "log10_min_child_weight": 0.19187507287783345, "log10_subsample": -0.08521464928063371, "max_depth": 4.0, "num_boost_round": 33.0}, "datetime": {"datetime": "2024-01-19 01:09:40", "elapsed": 3479.605127, "delta": 0.004226}}
{"target": -13.850832039503144, "params": {"gamma": 721.0198020460016, "log10_alpha": -4.184693018717544, "log10_colsample_bytree": -0.8425936914404101, "log10_eta": -0.8728335696469682, "log10_lambda": -1.366154478846557, "log10_min_child_weight": 0.19187507287783345, "log10_subsample": -0.08521464928063371, "max_depth": 4.0, "num_boost_round": 34.0}, "datetime": {"datetime": "2024-01-19 01:09:40", "elapsed": 3479.608947, "delta": 0.00382}}
{"target": -13.85324987687598, "params": {"gamma": 721.0198020460016, "log10_alpha": -4.184693018717544, "log10_colsample_bytree": -0.8425936914404101, "log10_eta": -0.8728335696469682, "log10_lambda": -1.366154478846557, "log10_min_child_weight": 0.19187507287783345, "log10_subsample": -0.08521464928063371, "max_depth": 4.0, "num_boost_round": 35.0}, "datetime": {"datetime": "2024-01-19 01:09:40", "elapsed": 3479.612699, "delta": 0.003752}}
{"target": -13.853855614517586, "params": {"gamma": 721.0198020460016, "log10_alpha": -4.184693018717544, "log10_colsample_bytree": -0.8425936914404101, "log10_eta": -0.8728335696469682, "log10_lambda": -1.366154478846557, "log10_min_child_weight": 0.19187507287783345, "log10_subsample": -0.08521464928063371, "max_depth": 4.0, "num_boost_round": 36.0}, "datetime": {"datetime": "2024-01-19 01:09:40", "elapsed": 3479.616645, "delta": 0.003946}}
{"target": -13.856515517063196, "params": {"gamma": 721.0198020460016, "log10_alpha": -4.184693018717544, "log10_colsample_bytree": -0.8425936914404101, "log10_eta": -0.8728335696469682, "log10_lambda": -1.366154478846557, "log10_min_child_weight": 0.19187507287783345, "log10_subsample": -0.08521464928063371, "max_depth": 4.0, "num_boost_round": 37.0}, "datetime": {"datetime": "2024-01-19 01:09:40", "elapsed": 3479.620283, "delta": 0.003638}}
{"target": -13.855972828448277, "params": {"gamma": 721.0198020460016, "log10_alpha": -4.184693018717544, "log10_colsample_bytree": -0.8425936914404101, "log10_eta": -0.8728335696469682, "log10_lambda": -1.366154478846557, "log10_min_child_weight": 0.19187507287783345, "log10_subsample": -0.08521464928063371, "max_depth": 4.0, "num_boost_round": 38.0}, "datetime": {"datetime": "2024-01-19 01:09:40", "elapsed": 3479.624015, "delta": 0.003732}}
{"target": -13.855645878554443, "params": {"gamma": 721.0198020460016, "log10_alpha": -4.184693018717544, "log10_colsample_bytree": -0.8425936914404101, "log10_eta": -0.8728335696469682, "log10_lambda": -1.366154478846557, "log10_min_child_weight": 0.19187507287783345, "log10_subsample": -0.08521464928063371, "max_depth": 4.0, "num_boost_round": 39.0}, "datetime": {"datetime": "2024-01-19 01:09:40", "elapsed": 3479.627678, "delta": 0.003663}}
{"target": -13.858479154285227, "params": {"gamma": 721.0198020460016, "log10_alpha": -4.184693018717544, "log10_colsample_bytree": -0.8425936914404101, "log10_eta": -0.8728335696469682, "log10_lambda": -1.366154478846557, "log10_min_child_weight": 0.19187507287783345, "log10_subsample": -0.08521464928063371, "max_depth": 4.0, "num_boost_round": 40.0}, "datetime": {"datetime": "2024-01-19 01:09:40", "elapsed": 3479.63131, "delta": 0.003632}}
{"target": -13.856850946294452, "params": {"gamma": 721.0198020460016, "log10_alpha": -4.184693018717544, "log10_colsample_bytree": -0.8425936914404101, "log10_eta": -0.8728335696469682, "log10_lambda": -1.366154478846557, "log10_min_child_weight": 0.19187507287783345, "log10_subsample": -0.08521464928063371, "max_depth": 4.0, "num_boost_round": 41.0}, "datetime": {"datetime": "2024-01-19 01:09:40", "elapsed": 3479.634969, "delta": 0.003659}}
{"target": -13.857317470300583, "params": {"gamma": 721.0198020460016, "log10_alpha": -4.184693018717544, "log10_colsample_bytree": -0.8425936914404101, "log10_eta": -0.8728335696469682, "log10_lambda": -1.366154478846557, "log10_min_child_weight": 0.19187507287783345, "log10_subsample": -0.08521464928063371, "max_depth": 4.0, "num_boost_round": 42.0}, "datetime": {"datetime": "2024-01-19 01:09:40", "elapsed": 3479.638733, "delta": 0.003764}}
{"target": -13.857910479800237, "params": {"gamma": 721.0198020460016, "log10_alpha": -4.184693018717544, "log10_colsample_bytree": -0.8425936914404101, "log10_eta": -0.8728335696469682, "log10_lambda": -1.366154478846557, "log10_min_child_weight": 0.19187507287783345, "log10_subsample": -0.08521464928063371, "max_depth": 4.0, "num_boost_round": 43.0}, "datetime": {"datetime": "2024-01-19 01:09:40", "elapsed": 3479.642428, "delta": 0.003695}}
{"target": -13.860967644051325, "params": {"gamma": 721.0198020460016, "log10_alpha": -4.184693018717544, "log10_colsample_bytree": -0.8425936914404101, "log10_eta": -0.8728335696469682, "log10_lambda": -1.366154478846557, "log10_min_child_weight": 0.19187507287783345, "log10_subsample": -0.08521464928063371, "max_depth": 4.0, "num_boost_round": 44.0}, "datetime": {"datetime": "2024-01-19 01:09:40", "elapsed": 3479.64617, "delta": 0.003742}}
{"target": -13.861921557622368, "params": {"gamma": 721.0198020460016, "log10_alpha": -4.184693018717544, "log10_colsample_bytree": -0.8425936914404101, "log10_eta": -0.8728335696469682, "log10_lambda": -1.366154478846557, "log10_min_child_weight": 0.19187507287783345, "log10_subsample": -0.08521464928063371, "max_depth": 4.0, "num_boost_round": 45.0}, "datetime": {"datetime": "2024-01-19 01:09:40", "elapsed": 3479.649931, "delta": 0.003761}}
{"target": -13.862774215721155, "params": {"gamma": 721.0198020460016, "log10_alpha": -4.184693018717544, "log10_colsample_bytree": -0.8425936914404101, "log10_eta": -0.8728335696469682, "log10_lambda": -1.366154478846557, "log10_min_child_weight": 0.19187507287783345, "log10_subsample": -0.08521464928063371, "max_depth": 4.0, "num_boost_round": 46.0}, "datetime": {"datetime": "2024-01-19 01:09:40", "elapsed": 3479.653654, "delta": 0.003723}}
{"target": -13.863352513192892, "params": {"gamma": 721.0198020460016, "log10_alpha": -4.184693018717544, "log10_colsample_bytree": -0.8425936914404101, "log10_eta": -0.8728335696469682, "log10_lambda": -1.366154478846557, "log10_min_child_weight": 0.19187507287783345, "log10_subsample": -0.08521464928063371, "max_depth": 4.0, "num_boost_round": 47.0}, "datetime": {"datetime": "2024-01-19 01:09:40", "elapsed": 3479.65733, "delta": 0.003676}}
{"target": -13.881775260021183, "params": {"gamma": 721.0198020460016, "log10_alpha": -4.184693018717544, "log10_colsample_bytree": -0.8425936914404101, "log10_eta": -0.8728335696469682, "log10_lambda": -1.366154478846557, "log10_min_child_weight": 0.19187507287783345, "log10_subsample": -0.08521464928063371, "max_depth": 4.0, "num_boost_round": 48.0}, "datetime": {"datetime": "2024-01-19 01:09:40", "elapsed": 3479.66111, "delta": 0.00378}}
{"target": -13.880969266158022, "params": {"gamma": 721.0198020460016, "log10_alpha": -4.184693018717544, "log10_colsample_bytree": -0.8425936914404101, "log10_eta": -0.8728335696469682, "log10_lambda": -1.366154478846557, "log10_min_child_weight": 0.19187507287783345, "log10_subsample": -0.08521464928063371, "max_depth": 4.0, "num_boost_round": 49.0}, "datetime": {"datetime": "2024-01-19 01:09:40", "elapsed": 3479.664764, "delta": 0.003654}}
{"target": -13.881180468280363, "params": {"gamma": 721.0198020460016, "log10_alpha": -4.184693018717544, "log10_colsample_bytree": -0.8425936914404101, "log10_eta": -0.8728335696469682, "log10_lambda": -1.366154478846557, "log10_min_child_weight": 0.19187507287783345, "log10_subsample": -0.08521464928063371, "max_depth": 4.0, "num_boost_round": 50.0}, "datetime": {"datetime": "2024-01-19 01:09:40", "elapsed": 3479.668519, "delta": 0.003755}}
{"target": -13.882445593490084, "params": {"gamma": 721.0198020460016, "log10_alpha": -4.184693018717544, "log10_colsample_bytree": -0.8425936914404101, "log10_eta": -0.8728335696469682, "log10_lambda": -1.366154478846557, "log10_min_child_weight": 0.19187507287783345, "log10_subsample": -0.08521464928063371, "max_depth": 4.0, "num_boost_round": 51.0}, "datetime": {"datetime": "2024-01-19 01:09:40", "elapsed": 3479.672185, "delta": 0.003666}}
{"target": -13.88159389107944, "params": {"gamma": 721.0198020460016, "log10_alpha": -4.184693018717544, "log10_colsample_bytree": -0.8425936914404101, "log10_eta": -0.8728335696469682, "log10_lambda": -1.366154478846557, "log10_min_child_weight": 0.19187507287783345, "log10_subsample": -0.08521464928063371, "max_depth": 4.0, "num_boost_round": 52.0}, "datetime": {"datetime": "2024-01-19 01:09:40", "elapsed": 3479.675927, "delta": 0.003742}}
{"target": -13.882830744029965, "params": {"gamma": 721.0198020460016, "log10_alpha": -4.184693018717544, "log10_colsample_bytree": -0.8425936914404101, "log10_eta": -0.8728335696469682, "log10_lambda": -1.366154478846557, "log10_min_child_weight": 0.19187507287783345, "log10_subsample": -0.08521464928063371, "max_depth": 4.0, "num_boost_round": 53.0}, "datetime": {"datetime": "2024-01-19 01:09:40", "elapsed": 3479.679683, "delta": 0.003756}}
{"target": -13.883268699073144, "params": {"gamma": 721.0198020460016, "log10_alpha": -4.184693018717544, "log10_colsample_bytree": -0.8425936914404101, "log10_eta": -0.8728335696469682, "log10_lambda": -1.366154478846557, "log10_min_child_weight": 0.19187507287783345, "log10_subsample": -0.08521464928063371, "max_depth": 4.0, "num_boost_round": 54.0}, "datetime": {"datetime": "2024-01-19 01:09:40", "elapsed": 3479.683412, "delta": 0.003729}}
{"target": -13.886500636095635, "params": {"gamma": 721.0198020460016, "log10_alpha": -4.184693018717544, "log10_colsample_bytree": -0.8425936914404101, "log10_eta": -0.8728335696469682, "log10_lambda": -1.366154478846557, "log10_min_child_weight": 0.19187507287783345, "log10_subsample": -0.08521464928063371, "max_depth": 4.0, "num_boost_round": 55.0}, "datetime": {"datetime": "2024-01-19 01:09:40", "elapsed": 3479.687201, "delta": 0.003789}}
{"target": -13.886943511796586, "params": {"gamma": 721.0198020460016, "log10_alpha": -4.184693018717544, "log10_colsample_bytree": -0.8425936914404101, "log10_eta": -0.8728335696469682, "log10_lambda": -1.366154478846557, "log10_min_child_weight": 0.19187507287783345, "log10_subsample": -0.08521464928063371, "max_depth": 4.0, "num_boost_round": 56.0}, "datetime": {"datetime": "2024-01-19 01:09:40", "elapsed": 3479.690906, "delta": 0.003705}}
{"target": -13.88967146853906, "params": {"gamma": 721.0198020460016, "log10_alpha": -4.184693018717544, "log10_colsample_bytree": -0.8425936914404101, "log10_eta": -0.8728335696469682, "log10_lambda": -1.366154478846557, "log10_min_child_weight": 0.19187507287783345, "log10_subsample": -0.08521464928063371, "max_depth": 4.0, "num_boost_round": 57.0}, "datetime": {"datetime": "2024-01-19 01:09:40", "elapsed": 3479.694698, "delta": 0.003792}}
{"target": -13.889493787682254, "params": {"gamma": 721.0198020460016, "log10_alpha": -4.184693018717544, "log10_colsample_bytree": -0.8425936914404101, "log10_eta": -0.8728335696469682, "log10_lambda": -1.366154478846557, "log10_min_child_weight": 0.19187507287783345, "log10_subsample": -0.08521464928063371, "max_depth": 4.0, "num_boost_round": 58.0}, "datetime": {"datetime": "2024-01-19 01:09:40", "elapsed": 3479.698471, "delta": 0.003773}}
{"target": -13.890694380433981, "params": {"gamma": 721.0198020460016, "log10_alpha": -4.184693018717544, "log10_colsample_bytree": -0.8425936914404101, "log10_eta": -0.8728335696469682, "log10_lambda": -1.366154478846557, "log10_min_child_weight": 0.19187507287783345, "log10_subsample": -0.08521464928063371, "max_depth": 4.0, "num_boost_round": 59.0}, "datetime": {"datetime": "2024-01-19 01:09:40", "elapsed": 3479.702244, "delta": 0.003773}}
{"target": -13.890526340621317, "params": {"gamma": 721.0198020460016, "log10_alpha": -4.184693018717544, "log10_colsample_bytree": -0.8425936914404101, "log10_eta": -0.8728335696469682, "log10_lambda": -1.366154478846557, "log10_min_child_weight": 0.19187507287783345, "log10_subsample": -0.08521464928063371, "max_depth": 4.0, "num_boost_round": 60.0}, "datetime": {"datetime": "2024-01-19 01:09:40", "elapsed": 3479.706041, "delta": 0.003797}}
{"target": -13.892728556684194, "params": {"gamma": 721.0198020460016, "log10_alpha": -4.184693018717544, "log10_colsample_bytree": -0.8425936914404101, "log10_eta": -0.8728335696469682, "log10_lambda": -1.366154478846557, "log10_min_child_weight": 0.19187507287783345, "log10_subsample": -0.08521464928063371, "max_depth": 4.0, "num_boost_round": 61.0}, "datetime": {"datetime": "2024-01-19 01:09:40", "elapsed": 3479.709787, "delta": 0.003746}}
{"target": -13.890581598131638, "params": {"gamma": 721.0198020460016, "log10_alpha": -4.184693018717544, "log10_colsample_bytree": -0.8425936914404101, "log10_eta": -0.8728335696469682, "log10_lambda": -1.366154478846557, "log10_min_child_weight": 0.19187507287783345, "log10_subsample": -0.08521464928063371, "max_depth": 4.0, "num_boost_round": 62.0}, "datetime": {"datetime": "2024-01-19 01:09:40", "elapsed": 3479.713489, "delta": 0.003702}}
{"target": -13.89062525604526, "params": {"gamma": 721.0198020460016, "log10_alpha": -4.184693018717544, "log10_colsample_bytree": -0.8425936914404101, "log10_eta": -0.8728335696469682, "log10_lambda": -1.366154478846557, "log10_min_child_weight": 0.19187507287783345, "log10_subsample": -0.08521464928063371, "max_depth": 4.0, "num_boost_round": 63.0}, "datetime": {"datetime": "2024-01-19 01:09:40", "elapsed": 3479.717216, "delta": 0.003727}}
{"target": -13.892045386962016, "params": {"gamma": 721.0198020460016, "log10_alpha": -4.184693018717544, "log10_colsample_bytree": -0.8425936914404101, "log10_eta": -0.8728335696469682, "log10_lambda": -1.366154478846557, "log10_min_child_weight": 0.19187507287783345, "log10_subsample": -0.08521464928063371, "max_depth": 4.0, "num_boost_round": 64.0}, "datetime": {"datetime": "2024-01-19 01:09:40", "elapsed": 3479.721925, "delta": 0.004709}}
{"target": -13.904502699971413, "params": {"gamma": 721.0198020460016, "log10_alpha": -4.184693018717544, "log10_colsample_bytree": -0.8425936914404101, "log10_eta": -0.8728335696469682, "log10_lambda": -1.366154478846557, "log10_min_child_weight": 0.19187507287783345, "log10_subsample": -0.08521464928063371, "max_depth": 4.0, "num_boost_round": 65.0}, "datetime": {"datetime": "2024-01-19 01:09:40", "elapsed": 3479.725784, "delta": 0.003859}}
{"target": -13.919625950569795, "params": {"gamma": 721.0198020460016, "log10_alpha": -4.184693018717544, "log10_colsample_bytree": -0.8425936914404101, "log10_eta": -0.8728335696469682, "log10_lambda": -1.366154478846557, "log10_min_child_weight": 0.19187507287783345, "log10_subsample": -0.08521464928063371, "max_depth": 4.0, "num_boost_round": 66.0}, "datetime": {"datetime": "2024-01-19 01:09:40", "elapsed": 3479.729541, "delta": 0.003757}}
{"target": -13.92185764792988, "params": {"gamma": 721.0198020460016, "log10_alpha": -4.184693018717544, "log10_colsample_bytree": -0.8425936914404101, "log10_eta": -0.8728335696469682, "log10_lambda": -1.366154478846557, "log10_min_child_weight": 0.19187507287783345, "log10_subsample": -0.08521464928063371, "max_depth": 4.0, "num_boost_round": 67.0}, "datetime": {"datetime": "2024-01-19 01:09:40", "elapsed": 3479.733304, "delta": 0.003763}}
{"target": -13.922029092574437, "params": {"gamma": 721.0198020460016, "log10_alpha": -4.184693018717544, "log10_colsample_bytree": -0.8425936914404101, "log10_eta": -0.8728335696469682, "log10_lambda": -1.366154478846557, "log10_min_child_weight": 0.19187507287783345, "log10_subsample": -0.08521464928063371, "max_depth": 4.0, "num_boost_round": 68.0}, "datetime": {"datetime": "2024-01-19 01:09:40", "elapsed": 3479.737053, "delta": 0.003749}}
{"target": -13.927362966170538, "params": {"gamma": 721.0198020460016, "log10_alpha": -4.184693018717544, "log10_colsample_bytree": -0.8425936914404101, "log10_eta": -0.8728335696469682, "log10_lambda": -1.366154478846557, "log10_min_child_weight": 0.19187507287783345, "log10_subsample": -0.08521464928063371, "max_depth": 4.0, "num_boost_round": 69.0}, "datetime": {"datetime": "2024-01-19 01:09:40", "elapsed": 3479.740729, "delta": 0.003676}}
{"target": -13.928174874623451, "params": {"gamma": 721.0198020460016, "log10_alpha": -4.184693018717544, "log10_colsample_bytree": -0.8425936914404101, "log10_eta": -0.8728335696469682, "log10_lambda": -1.366154478846557, "log10_min_child_weight": 0.19187507287783345, "log10_subsample": -0.08521464928063371, "max_depth": 4.0, "num_boost_round": 70.0}, "datetime": {"datetime": "2024-01-19 01:09:40", "elapsed": 3479.744494, "delta": 0.003765}}
{"target": -13.929470341754657, "params": {"gamma": 721.0198020460016, "log10_alpha": -4.184693018717544, "log10_colsample_bytree": -0.8425936914404101, "log10_eta": -0.8728335696469682, "log10_lambda": -1.366154478846557, "log10_min_child_weight": 0.19187507287783345, "log10_subsample": -0.08521464928063371, "max_depth": 4.0, "num_boost_round": 71.0}, "datetime": {"datetime": "2024-01-19 01:09:40", "elapsed": 3479.748195, "delta": 0.003701}}
{"target": -13.758442014861997, "params": {"gamma": 712.4499686556667, "log10_alpha": 0.3220601968634833, "log10_colsample_bytree": -0.48663973900166246, "log10_eta": -2.218635682409239, "log10_lambda": -4.797734156416518, "log10_min_child_weight": 3.271464971130775, "log10_subsample": -0.3725247096685238, "max_depth": 4.0, "num_boost_round": 0.0}, "datetime": {"datetime": "2024-01-19 01:10:54", "elapsed": 3553.969569, "delta": 74.221374}}
{"target": -13.758352182858511, "params": {"gamma": 712.4499686556667, "log10_alpha": 0.3220601968634833, "log10_colsample_bytree": -0.48663973900166246, "log10_eta": -2.218635682409239, "log10_lambda": -4.797734156416518, "log10_min_child_weight": 3.271464971130775, "log10_subsample": -0.3725247096685238, "max_depth": 4.0, "num_boost_round": 1.0}, "datetime": {"datetime": "2024-01-19 01:10:54", "elapsed": 3553.974078, "delta": 0.004509}}
{"target": -13.758271869709924, "params": {"gamma": 712.4499686556667, "log10_alpha": 0.3220601968634833, "log10_colsample_bytree": -0.48663973900166246, "log10_eta": -2.218635682409239, "log10_lambda": -4.797734156416518, "log10_min_child_weight": 3.271464971130775, "log10_subsample": -0.3725247096685238, "max_depth": 4.0, "num_boost_round": 2.0}, "datetime": {"datetime": "2024-01-19 01:10:54", "elapsed": 3553.978362, "delta": 0.004284}}
