{"target": -17.677221332304423, "params": {"gamma": 195.9653790763789, "log10_alpha": 1.0, "log10_colsample_bytree": -1.0, "log10_eta": -4.0, "log10_lambda": 1.0, "log10_min_child_weight": 5.0, "log10_subsample": 0.0, "max_depth": 2.0, "num_boost_round": 19.0}, "datetime": {"datetime": "2024-01-19 01:59:16", "elapsed": 6440.975968, "delta": 0.006935}}
{"target": -17.677221550174533, "params": {"gamma": 195.9653790763789, "log10_alpha": 1.0, "log10_colsample_bytree": -1.0, "log10_eta": -4.0, "log10_lambda": 1.0, "log10_min_child_weight": 5.0, "log10_subsample": 0.0, "max_depth": 2.0, "num_boost_round": 20.0}, "datetime": {"datetime": "2024-01-19 01:59:16", "elapsed": 6440.982917, "delta": 0.006949}}
{"target": -17.677226673450416, "params": {"gamma": 825.7482532551846, "log10_alpha": -4.748330890641577, "log10_colsample_bytree": -0.41287702332910436, "log10_eta": -3.906423316674284, "log10_lambda": -3.950323604403551, "log10_min_child_weight": 2.186901788911962, "log10_subsample": -0.4690670489330201, "max_depth": 3.0, "num_boost_round": 0.0}, "datetime": {"datetime": "2024-01-19 02:01:30", "elapsed": 6574.762347, "delta": 133.77943}}
{"target": -17.677220411946998, "params": {"gamma": 825.7482532551846, "log10_alpha": -4.748330890641577, "log10_colsample_bytree": -0.41287702332910436, "log10_eta": -3.906423316674284, "log10_lambda": -3.950323604403551, "log10_min_child_weight": 2.186901788911962, "log10_subsample": -0.4690670489330201, "max_depth": 3.0, "num_boost_round": 1.0}, "datetime": {"datetime": "2024-01-19 02:01:30", "elapsed": 6574.770903, "delta": 0.008556}}
{"target": -17.67721603928333, "params": {"gamma": 825.7482532551846, "log10_alpha": -4.748330890641577, "log10_colsample_bytree": -0.41287702332910436, "log10_eta": -3.906423316674284, "log10_lambda": -3.950323604403551, "log10_min_child_weight": 2.186901788911962, "log10_subsample": -0.4690670489330201, "max_depth": 3.0, "num_boost_round": 2.0}, "datetime": {"datetime": "2024-01-19 02:01:30", "elapsed": 6574.778313, "delta": 0.00741}}
{"target": -17.677212031983522, "params": {"gamma": 825.7482532551846, "log10_alpha": -4.748330890641577, "log10_colsample_bytree": -0.41287702332910436, "log10_eta": -3.906423316674284, "log10_lambda": -3.950323604403551, "log10_min_child_weight": 2.186901788911962, "log10_subsample": -0.4690670489330201, "max_depth": 3.0, "num_boost_round": 3.0}, "datetime": {"datetime": "2024-01-19 02:01:30", "elapsed": 6574.786415, "delta": 0.008102}}
{"target": -17.677207741067534, "params": {"gamma": 825.7482532551846, "log10_alpha": -4.748330890641577, "log10_colsample_bytree": -0.41287702332910436, "log10_eta": -3.906423316674284, "log10_lambda": -3.950323604403551, "log10_min_child_weight": 2.186901788911962, "log10_subsample": -0.4690670489330201, "max_depth": 3.0, "num_boost_round": 4.0}, "datetime": {"datetime": "2024-01-19 02:01:30", "elapsed": 6574.794449, "delta": 0.008034}}
{"target": -17.677205266947517, "params": {"gamma": 825.7482532551846, "log10_alpha": -4.748330890641577, "log10_colsample_bytree": -0.41287702332910436, "log10_eta": -3.906423316674284, "log10_lambda": -3.950323604403551, "log10_min_child_weight": 2.186901788911962, "log10_subsample": -0.4690670489330201, "max_depth": 3.0, "num_boost_round": 5.0}, "datetime": {"datetime": "2024-01-19 02:01:30", "elapsed": 6574.802062, "delta": 0.007613}}
{"target": -17.677201833902938, "params": {"gamma": 825.7482532551846, "log10_alpha": -4.748330890641577, "log10_colsample_bytree": -0.41287702332910436, "log10_eta": -3.906423316674284, "log10_lambda": -3.950323604403551, "log10_min_child_weight": 2.186901788911962, "log10_subsample": -0.4690670489330201, "max_depth": 3.0, "num_boost_round": 6.0}, "datetime": {"datetime": "2024-01-19 02:01:30", "elapsed": 6574.809708, "delta": 0.007646}}
{"target": -17.67719802093292, "params": {"gamma": 825.7482532551846, "log10_alpha": -4.748330890641577, "log10_colsample_bytree": -0.41287702332910436, "log10_eta": -3.906423316674284, "log10_lambda": -3.950323604403551, "log10_min_child_weight": 2.186901788911962, "log10_subsample": -0.4690670489330201, "max_depth": 3.0, "num_boost_round": 7.0}, "datetime": {"datetime": "2024-01-19 02:01:30", "elapsed": 6574.817146, "delta": 0.007438}}
{"target": -17.677195532901884, "params": {"gamma": 825.7482532551846, "log10_alpha": -4.748330890641577, "log10_colsample_bytree": -0.41287702332910436, "log10_eta": -3.906423316674284, "log10_lambda": -3.950323604403551, "log10_min_child_weight": 2.186901788911962, "log10_subsample": -0.4690670489330201, "max_depth": 3.0, "num_boost_round": 8.0}, "datetime": {"datetime": "2024-01-19 02:01:30", "elapsed": 6574.824451, "delta": 0.007305}}
{"target": -17.677189843490265, "params": {"gamma": 825.7482532551846, "log10_alpha": -4.748330890641577, "log10_colsample_bytree": -0.41287702332910436, "log10_eta": -3.906423316674284, "log10_lambda": -3.950323604403551, "log10_min_child_weight": 2.186901788911962, "log10_subsample": -0.4690670489330201, "max_depth": 3.0, "num_boost_round": 9.0}, "datetime": {"datetime": "2024-01-19 02:01:30", "elapsed": 6574.831874, "delta": 0.007423}}
{"target": -17.67718648887601, "params": {"gamma": 825.7482532551846, "log10_alpha": -4.748330890641577, "log10_colsample_bytree": -0.41287702332910436, "log10_eta": -3.906423316674284, "log10_lambda": -3.950323604403551, "log10_min_child_weight": 2.186901788911962, "log10_subsample": -0.4690670489330201, "max_depth": 3.0, "num_boost_round": 10.0}, "datetime": {"datetime": "2024-01-19 02:01:30", "elapsed": 6574.843479, "delta": 0.011605}}
{"target": -17.677180464353068, "params": {"gamma": 825.7482532551846, "log10_alpha": -4.748330890641577, "log10_colsample_bytree": -0.41287702332910436, "log10_eta": -3.906423316674284, "log10_lambda": -3.950323604403551, "log10_min_child_weight": 2.186901788911962, "log10_subsample": -0.4690670489330201, "max_depth": 3.0, "num_boost_round": 11.0}, "datetime": {"datetime": "2024-01-19 02:01:30", "elapsed": 6574.850948, "delta": 0.007469}}
{"target": -17.67717516627895, "params": {"gamma": 825.7482532551846, "log10_alpha": -4.748330890641577, "log10_colsample_bytree": -0.41287702332910436, "log10_eta": -3.906423316674284, "log10_lambda": -3.950323604403551, "log10_min_child_weight": 2.186901788911962, "log10_subsample": -0.4690670489330201, "max_depth": 3.0, "num_boost_round": 12.0}, "datetime": {"datetime": "2024-01-19 02:01:30", "elapsed": 6574.858464, "delta": 0.007516}}
{"target": -17.67717046232332, "params": {"gamma": 825.7482532551846, "log10_alpha": -4.748330890641577, "log10_colsample_bytree": -0.41287702332910436, "log10_eta": -3.906423316674284, "log10_lambda": -3.950323604403551, "log10_min_child_weight": 2.186901788911962, "log10_subsample": -0.4690670489330201, "max_depth": 3.0, "num_boost_round": 13.0}, "datetime": {"datetime": "2024-01-19 02:01:30", "elapsed": 6574.866266, "delta": 0.007802}}
{"target": -17.677169700688186, "params": {"gamma": 825.7482532551846, "log10_alpha": -4.748330890641577, "log10_colsample_bytree": -0.41287702332910436, "log10_eta": -3.906423316674284, "log10_lambda": -3.950323604403551, "log10_min_child_weight": 2.186901788911962, "log10_subsample": -0.4690670489330201, "max_depth": 3.0, "num_boost_round": 14.0}, "datetime": {"datetime": "2024-01-19 02:01:30", "elapsed": 6574.873606, "delta": 0.00734}}
{"target": -17.67716444964067, "params": {"gamma": 825.7482532551846, "log10_alpha": -4.748330890641577, "log10_colsample_bytree": -0.41287702332910436, "log10_eta": -3.906423316674284, "log10_lambda": -3.950323604403551, "log10_min_child_weight": 2.186901788911962, "log10_subsample": -0.4690670489330201, "max_depth": 3.0, "num_boost_round": 15.0}, "datetime": {"datetime": "2024-01-19 02:01:30", "elapsed": 6574.881171, "delta": 0.007565}}
{"target": -17.677160122379586, "params": {"gamma": 825.7482532551846, "log10_alpha": -4.748330890641577, "log10_colsample_bytree": -0.41287702332910436, "log10_eta": -3.906423316674284, "log10_lambda": -3.950323604403551, "log10_min_child_weight": 2.186901788911962, "log10_subsample": -0.4690670489330201, "max_depth": 3.0, "num_boost_round": 16.0}, "datetime": {"datetime": "2024-01-19 02:01:30", "elapsed": 6574.88892, "delta": 0.007749}}
{"target": -17.67715836111441, "params": {"gamma": 825.7482532551846, "log10_alpha": -4.748330890641577, "log10_colsample_bytree": -0.41287702332910436, "log10_eta": -3.906423316674284, "log10_lambda": -3.950323604403551, "log10_min_child_weight": 2.186901788911962, "log10_subsample": -0.4690670489330201, "max_depth": 3.0, "num_boost_round": 17.0}, "datetime": {"datetime": "2024-01-19 02:01:30", "elapsed": 6574.896546, "delta": 0.007626}}
{"target": -17.677156456915064, "params": {"gamma": 825.7482532551846, "log10_alpha": -4.748330890641577, "log10_colsample_bytree": -0.41287702332910436, "log10_eta": -3.906423316674284, "log10_lambda": -3.950323604403551, "log10_min_child_weight": 2.186901788911962, "log10_subsample": -0.4690670489330201, "max_depth": 3.0, "num_boost_round": 18.0}, "datetime": {"datetime": "2024-01-19 02:01:30", "elapsed": 6574.904169, "delta": 0.007623}}
{"target": -17.67715013410596, "params": {"gamma": 825.7482532551846, "log10_alpha": -4.748330890641577, "log10_colsample_bytree": -0.41287702332910436, "log10_eta": -3.906423316674284, "log10_lambda": -3.950323604403551, "log10_min_child_weight": 2.186901788911962, "log10_subsample": -0.4690670489330201, "max_depth": 3.0, "num_boost_round": 19.0}, "datetime": {"datetime": "2024-01-19 02:01:30", "elapsed": 6574.911557, "delta": 0.007388}}
{"target": -17.677144397263376, "params": {"gamma": 825.7482532551846, "log10_alpha": -4.748330890641577, "log10_colsample_bytree": -0.41287702332910436, "log10_eta": -3.906423316674284, "log10_lambda": -3.950323604403551, "log10_min_child_weight": 2.186901788911962, "log10_subsample": -0.4690670489330201, "max_depth": 3.0, "num_boost_round": 20.0}, "datetime": {"datetime": "2024-01-19 02:01:30", "elapsed": 6574.919142, "delta": 0.007585}}
{"target": -17.67714085842466, "params": {"gamma": 825.7482532551846, "log10_alpha": -4.748330890641577, "log10_colsample_bytree": -0.41287702332910436, "log10_eta": -3.906423316674284, "log10_lambda": -3.950323604403551, "log10_min_child_weight": 2.186901788911962, "log10_subsample": -0.4690670489330201, "max_depth": 3.0, "num_boost_round": 21.0}, "datetime": {"datetime": "2024-01-19 02:01:30", "elapsed": 6574.926771, "delta": 0.007629}}
{"target": -17.6771345830767, "params": {"gamma": 825.7482532551846, "log10_alpha": -4.748330890641577, "log10_colsample_bytree": -0.41287702332910436, "log10_eta": -3.906423316674284, "log10_lambda": -3.950323604403551, "log10_min_child_weight": 2.186901788911962, "log10_subsample": -0.4690670489330201, "max_depth": 3.0, "num_boost_round": 22.0}, "datetime": {"datetime": "2024-01-19 02:01:30", "elapsed": 6574.934181, "delta": 0.00741}}
{"target": -17.677132089938034, "params": {"gamma": 825.7482532551846, "log10_alpha": -4.748330890641577, "log10_colsample_bytree": -0.41287702332910436, "log10_eta": -3.906423316674284, "log10_lambda": -3.950323604403551, "log10_min_child_weight": 2.186901788911962, "log10_subsample": -0.4690670489330201, "max_depth": 3.0, "num_boost_round": 23.0}, "datetime": {"datetime": "2024-01-19 02:01:30", "elapsed": 6574.941967, "delta": 0.007786}}
{"target": -17.67712810834986, "params": {"gamma": 825.7482532551846, "log10_alpha": -4.748330890641577, "log10_colsample_bytree": -0.41287702332910436, "log10_eta": -3.906423316674284, "log10_lambda": -3.950323604403551, "log10_min_child_weight": 2.186901788911962, "log10_subsample": -0.4690670489330201, "max_depth": 3.0, "num_boost_round": 24.0}, "datetime": {"datetime": "2024-01-19 02:01:30", "elapsed": 6574.949423, "delta": 0.007456}}
{"target": -17.677125237672232, "params": {"gamma": 825.7482532551846, "log10_alpha": -4.748330890641577, "log10_colsample_bytree": -0.41287702332910436, "log10_eta": -3.906423316674284, "log10_lambda": -3.950323604403551, "log10_min_child_weight": 2.186901788911962, "log10_subsample": -0.4690670489330201, "max_depth": 3.0, "num_boost_round": 25.0}, "datetime": {"datetime": "2024-01-19 02:01:30", "elapsed": 6574.956738, "delta": 0.007315}}
{"target": -17.67712247448438, "params": {"gamma": 825.7482532551846, "log10_alpha": -4.748330890641577, "log10_colsample_bytree": -0.41287702332910436, "log10_eta": -3.906423316674284, "log10_lambda": -3.950323604403551, "log10_min_child_weight": 2.186901788911962, "log10_subsample": -0.4690670489330201, "max_depth": 3.0, "num_boost_round": 26.0}, "datetime": {"datetime": "2024-01-19 02:01:30", "elapsed": 6574.964318, "delta": 0.00758}}
{"target": -17.6771229986504, "params": {"gamma": 825.7482532551846, "log10_alpha": -4.748330890641577, "log10_colsample_bytree": -0.41287702332910436, "log10_eta": -3.906423316674284, "log10_lambda": -3.950323604403551, "log10_min_child_weight": 2.186901788911962, "log10_subsample": -0.4690670489330201, "max_depth": 3.0, "num_boost_round": 27.0}, "datetime": {"datetime": "2024-01-19 02:01:30", "elapsed": 6575.104914, "delta": 0.140596}}
{"target": -17.677117668933708, "params": {"gamma": 825.7482532551846, "log10_alpha": -4.748330890641577, "log10_colsample_bytree": -0.41287702332910436, "log10_eta": -3.906423316674284, "log10_lambda": -3.950323604403551, "log10_min_child_weight": 2.186901788911962, "log10_subsample": -0.4690670489330201, "max_depth": 3.0, "num_boost_round": 28.0}, "datetime": {"datetime": "2024-01-19 02:01:30", "elapsed": 6575.113321, "delta": 0.008407}}
{"target": -17.677115596756842, "params": {"gamma": 825.7482532551846, "log10_alpha": -4.748330890641577, "log10_colsample_bytree": -0.41287702332910436, "log10_eta": -3.906423316674284, "log10_lambda": -3.950323604403551, "log10_min_child_weight": 2.186901788911962, "log10_subsample": -0.4690670489330201, "max_depth": 3.0, "num_boost_round": 29.0}, "datetime": {"datetime": "2024-01-19 02:01:30", "elapsed": 6575.121346, "delta": 0.008025}}
{"target": -17.677113825714446, "params": {"gamma": 825.7482532551846, "log10_alpha": -4.748330890641577, "log10_colsample_bytree": -0.41287702332910436, "log10_eta": -3.906423316674284, "log10_lambda": -3.950323604403551, "log10_min_child_weight": 2.186901788911962, "log10_subsample": -0.4690670489330201, "max_depth": 3.0, "num_boost_round": 30.0}, "datetime": {"datetime": "2024-01-19 02:01:30", "elapsed": 6575.129256, "delta": 0.00791}}
{"target": -17.677212587693464, "params": {"gamma": 842.2759967137735, "log10_alpha": 0.9860478693848025, "log10_colsample_bytree": -0.9927175648345727, "log10_eta": -2.839573395784419, "log10_lambda": -1.4792516877781878, "log10_min_child_weight": 0.7300275525474137, "log10_subsample": -0.8303046196388801, "max_depth": 4.0, "num_boost_round": 0.0}, "datetime": {"datetime": "2024-01-19 02:02:58", "elapsed": 6663.331809, "delta": 88.202553}}
{"target": -17.677182556993706, "params": {"gamma": 842.2759967137735, "log10_alpha": 0.9860478693848025, "log10_colsample_bytree": -0.9927175648345727, "log10_eta": -2.839573395784419, "log10_lambda": -1.4792516877781878, "log10_min_child_weight": 0.7300275525474137, "log10_subsample": -0.8303046196388801, "max_depth": 4.0, "num_boost_round": 1.0}, "datetime": {"datetime": "2024-01-19 02:02:58", "elapsed": 6663.339927, "delta": 0.008118}}
{"target": -17.67717089106309, "params": {"gamma": 842.2759967137735, "log10_alpha": 0.9860478693848025, "log10_colsample_bytree": -0.9927175648345727, "log10_eta": -2.839573395784419, "log10_lambda": -1.4792516877781878, "log10_min_child_weight": 0.7300275525474137, "log10_subsample": -0.8303046196388801, "max_depth": 4.0, "num_boost_round": 2.0}, "datetime": {"datetime": "2024-01-19 02:02:58", "elapsed": 6663.3475, "delta": 0.007573}}
{"target": -17.677133410284654, "params": {"gamma": 842.2759967137735, "log10_alpha": 0.9860478693848025, "log10_colsample_bytree": -0.9927175648345727, "log10_eta": -2.839573395784419, "log10_lambda": -1.4792516877781878, "log10_min_child_weight": 0.7300275525474137, "log10_subsample": -0.8303046196388801, "max_depth": 4.0, "num_boost_round": 3.0}, "datetime": {"datetime": "2024-01-19 02:02:58", "elapsed": 6663.355312, "delta": 0.007812}}
{"target": -17.677120087492078, "params": {"gamma": 842.2759967137735, "log10_alpha": 0.9860478693848025, "log10_colsample_bytree": -0.9927175648345727, "log10_eta": -2.839573395784419, "log10_lambda": -1.4792516877781878, "log10_min_child_weight": 0.7300275525474137, "log10_subsample": -0.8303046196388801, "max_depth": 4.0, "num_boost_round": 4.0}, "datetime": {"datetime": "2024-01-19 02:02:58", "elapsed": 6663.362483, "delta": 0.007171}}
{"target": -17.677142185521294, "params": {"gamma": 842.2759967137735, "log10_alpha": 0.9860478693848025, "log10_colsample_bytree": -0.9927175648345727, "log10_eta": -2.839573395784419, "log10_lambda": -1.4792516877781878, "log10_min_child_weight": 0.7300275525474137, "log10_subsample": -0.8303046196388801, "max_depth": 4.0, "num_boost_round": 5.0}, "datetime": {"datetime": "2024-01-19 02:02:58", "elapsed": 6663.369634, "delta": 0.007151}}
{"target": -17.677144410807415, "params": {"gamma": 842.2759967137735, "log10_alpha": 0.9860478693848025, "log10_colsample_bytree": -0.9927175648345727, "log10_eta": -2.839573395784419, "log10_lambda": -1.4792516877781878, "log10_min_child_weight": 0.7300275525474137, "log10_subsample": -0.8303046196388801, "max_depth": 4.0, "num_boost_round": 6.0}, "datetime": {"datetime": "2024-01-19 02:02:58", "elapsed": 6663.376737, "delta": 0.007103}}
{"target": -17.67710512573156, "params": {"gamma": 842.2759967137735, "log10_alpha": 0.9860478693848025, "log10_colsample_bytree": -0.9927175648345727, "log10_eta": -2.839573395784419, "log10_lambda": -1.4792516877781878, "log10_min_child_weight": 0.7300275525474137, "log10_subsample": -0.8303046196388801, "max_depth": 4.0, "num_boost_round": 7.0}, "datetime": {"datetime": "2024-01-19 02:02:58", "elapsed": 6663.383868, "delta": 0.007131}}
{"target": -17.67707386649797, "params": {"gamma": 842.2759967137735, "log10_alpha": 0.9860478693848025, "log10_colsample_bytree": -0.9927175648345727, "log10_eta": -2.839573395784419, "log10_lambda": -1.4792516877781878, "log10_min_child_weight": 0.7300275525474137, "log10_subsample": -0.8303046196388801, "max_depth": 4.0, "num_boost_round": 8.0}, "datetime": {"datetime": "2024-01-19 02:02:58", "elapsed": 6663.391203, "delta": 0.007335}}
{"target": -17.677059776850463, "params": {"gamma": 842.2759967137735, "log10_alpha": 0.9860478693848025, "log10_colsample_bytree": -0.9927175648345727, "log10_eta": -2.839573395784419, "log10_lambda": -1.4792516877781878, "log10_min_child_weight": 0.7300275525474137, "log10_subsample": -0.8303046196388801, "max_depth": 4.0, "num_boost_round": 9.0}, "datetime": {"datetime": "2024-01-19 02:02:58", "elapsed": 6663.39807, "delta": 0.006867}}
{"target": -17.677018182967736, "params": {"gamma": 842.2759967137735, "log10_alpha": 0.9860478693848025, "log10_colsample_bytree": -0.9927175648345727, "log10_eta": -2.839573395784419, "log10_lambda": -1.4792516877781878, "log10_min_child_weight": 0.7300275525474137, "log10_subsample": -0.8303046196388801, "max_depth": 4.0, "num_boost_round": 10.0}, "datetime": {"datetime": "2024-01-19 02:02:58", "elapsed": 6663.40491, "delta": 0.00684}}
{"target": -17.67699722008179, "params": {"gamma": 842.2759967137735, "log10_alpha": 0.9860478693848025, "log10_colsample_bytree": -0.9927175648345727, "log10_eta": -2.839573395784419, "log10_lambda": -1.4792516877781878, "log10_min_child_weight": 0.7300275525474137, "log10_subsample": -0.8303046196388801, "max_depth": 4.0, "num_boost_round": 11.0}, "datetime": {"datetime": "2024-01-19 02:02:58", "elapsed": 6663.411929, "delta": 0.007019}}
{"target": -17.67690644143274, "params": {"gamma": 842.2759967137735, "log10_alpha": 0.9860478693848025, "log10_colsample_bytree": -0.9927175648345727, "log10_eta": -2.839573395784419, "log10_lambda": -1.4792516877781878, "log10_min_child_weight": 0.7300275525474137, "log10_subsample": -0.8303046196388801, "max_depth": 4.0, "num_boost_round": 12.0}, "datetime": {"datetime": "2024-01-19 02:02:58", "elapsed": 6663.418935, "delta": 0.007006}}
{"target": -17.67683699812176, "params": {"gamma": 842.2759967137735, "log10_alpha": 0.9860478693848025, "log10_colsample_bytree": -0.9927175648345727, "log10_eta": -2.839573395784419, "log10_lambda": -1.4792516877781878, "log10_min_child_weight": 0.7300275525474137, "log10_subsample": -0.8303046196388801, "max_depth": 4.0, "num_boost_round": 13.0}, "datetime": {"datetime": "2024-01-19 02:02:58", "elapsed": 6663.425895, "delta": 0.00696}}
{"target": -17.67681650238502, "params": {"gamma": 842.2759967137735, "log10_alpha": 0.9860478693848025, "log10_colsample_bytree": -0.9927175648345727, "log10_eta": -2.839573395784419, "log10_lambda": -1.4792516877781878, "log10_min_child_weight": 0.7300275525474137, "log10_subsample": -0.8303046196388801, "max_depth": 4.0, "num_boost_round": 14.0}, "datetime": {"datetime": "2024-01-19 02:02:58", "elapsed": 6663.43294, "delta": 0.007045}}
{"target": -17.67675531847889, "params": {"gamma": 842.2759967137735, "log10_alpha": 0.9860478693848025, "log10_colsample_bytree": -0.9927175648345727, "log10_eta": -2.839573395784419, "log10_lambda": -1.4792516877781878, "log10_min_child_weight": 0.7300275525474137, "log10_subsample": -0.8303046196388801, "max_depth": 4.0, "num_boost_round": 15.0}, "datetime": {"datetime": "2024-01-19 02:02:58", "elapsed": 6663.439803, "delta": 0.006863}}
{"target": -17.676710627161587, "params": {"gamma": 842.2759967137735, "log10_alpha": 0.9860478693848025, "log10_colsample_bytree": -0.9927175648345727, "log10_eta": -2.839573395784419, "log10_lambda": -1.4792516877781878, "log10_min_child_weight": 0.7300275525474137, "log10_subsample": -0.8303046196388801, "max_depth": 4.0, "num_boost_round": 16.0}, "datetime": {"datetime": "2024-01-19 02:02:58", "elapsed": 6663.447044, "delta": 0.007241}}
