{"target": -17.672393197098838, "params": {"gamma": 559.4102290170318, "log10_alpha": 0.8679699885849823, "log10_colsample_bytree": -0.6123756986547633, "log10_eta": -1.3715388292817843, "log10_lambda": 0.9587629390619652, "log10_min_child_weight": 3.1785196665810123, "log10_subsample": -0.31977847612401344, "max_depth": 2.0, "num_boost_round": 9.0}, "datetime": {"datetime": "2024-01-19 00:31:26", "elapsed": 1184.300347, "delta": 0.001822}}
{"target": -17.671700086939353, "params": {"gamma": 559.4102290170318, "log10_alpha": 0.8679699885849823, "log10_colsample_bytree": -0.6123756986547633, "log10_eta": -1.3715388292817843, "log10_lambda": 0.9587629390619652, "log10_min_child_weight": 3.1785196665810123, "log10_subsample": -0.31977847612401344, "max_depth": 2.0, "num_boost_round": 10.0}, "datetime": {"datetime": "2024-01-19 00:31:26", "elapsed": 1184.302109, "delta": 0.001762}}
{"target": -17.670541505958646, "params": {"gamma": 559.4102290170318, "log10_alpha": 0.8679699885849823, "log10_colsample_bytree": -0.6123756986547633, "log10_eta": -1.3715388292817843, "log10_lambda": 0.9587629390619652, "log10_min_child_weight": 3.1785196665810123, "log10_subsample": -0.31977847612401344, "max_depth": 2.0, "num_boost_round": 11.0}, "datetime": {"datetime": "2024-01-19 00:31:26", "elapsed": 1184.303878, "delta": 0.001769}}
{"target": -17.670549504903768, "params": {"gamma": 559.4102290170318, "log10_alpha": 0.8679699885849823, "log10_colsample_bytree": -0.6123756986547633, "log10_eta": -1.3715388292817843, "log10_lambda": 0.9587629390619652, "log10_min_child_weight": 3.1785196665810123, "log10_subsample": -0.31977847612401344, "max_depth": 2.0, "num_boost_round": 12.0}, "datetime": {"datetime": "2024-01-19 00:31:26", "elapsed": 1184.305625, "delta": 0.001747}}
{"target": -17.670769251108137, "params": {"gamma": 559.4102290170318, "log10_alpha": 0.8679699885849823, "log10_colsample_bytree": -0.6123756986547633, "log10_eta": -1.3715388292817843, "log10_lambda": 0.9587629390619652, "log10_min_child_weight": 3.1785196665810123, "log10_subsample": -0.31977847612401344, "max_depth": 2.0, "num_boost_round": 13.0}, "datetime": {"datetime": "2024-01-19 00:31:26", "elapsed": 1184.307385, "delta": 0.00176}}
{"target": -17.670658831003692, "params": {"gamma": 559.4102290170318, "log10_alpha": 0.8679699885849823, "log10_colsample_bytree": -0.6123756986547633, "log10_eta": -1.3715388292817843, "log10_lambda": 0.9587629390619652, "log10_min_child_weight": 3.1785196665810123, "log10_subsample": -0.31977847612401344, "max_depth": 2.0, "num_boost_round": 14.0}, "datetime": {"datetime": "2024-01-19 00:31:26", "elapsed": 1184.30915, "delta": 0.001765}}
{"target": -17.676353601362102, "params": {"gamma": 570.5123196392624, "log10_alpha": -1.6449953044460308, "log10_colsample_bytree": -0.13550531083756379, "log10_eta": -0.940603243559929, "log10_lambda": -3.523924597554077, "log10_min_child_weight": 2.9359463017279097, "log10_subsample": -0.41089199573388546, "max_depth": 7.0, "num_boost_round": 0.0}, "datetime": {"datetime": "2024-01-19 00:31:50", "elapsed": 1207.655055, "delta": 23.345905}}
{"target": -17.67750327149185, "params": {"gamma": 570.5123196392624, "log10_alpha": -1.6449953044460308, "log10_colsample_bytree": -0.13550531083756379, "log10_eta": -0.940603243559929, "log10_lambda": -3.523924597554077, "log10_min_child_weight": 2.9359463017279097, "log10_subsample": -0.41089199573388546, "max_depth": 7.0, "num_boost_round": 1.0}, "datetime": {"datetime": "2024-01-19 00:31:50", "elapsed": 1207.65698, "delta": 0.001925}}
{"target": -17.681762807261922, "params": {"gamma": 570.5123196392624, "log10_alpha": -1.6449953044460308, "log10_colsample_bytree": -0.13550531083756379, "log10_eta": -0.940603243559929, "log10_lambda": -3.523924597554077, "log10_min_child_weight": 2.9359463017279097, "log10_subsample": -0.41089199573388546, "max_depth": 7.0, "num_boost_round": 2.0}, "datetime": {"datetime": "2024-01-19 00:31:50", "elapsed": 1207.658784, "delta": 0.001804}}
{"target": -17.69488878532843, "params": {"gamma": 570.5123196392624, "log10_alpha": -1.6449953044460308, "log10_colsample_bytree": -0.13550531083756379, "log10_eta": -0.940603243559929, "log10_lambda": -3.523924597554077, "log10_min_child_weight": 2.9359463017279097, "log10_subsample": -0.41089199573388546, "max_depth": 7.0, "num_boost_round": 3.0}, "datetime": {"datetime": "2024-01-19 00:31:50", "elapsed": 1207.660592, "delta": 0.001808}}
{"target": -17.696987033901767, "params": {"gamma": 570.5123196392624, "log10_alpha": -1.6449953044460308, "log10_colsample_bytree": -0.13550531083756379, "log10_eta": -0.940603243559929, "log10_lambda": -3.523924597554077, "log10_min_child_weight": 2.9359463017279097, "log10_subsample": -0.41089199573388546, "max_depth": 7.0, "num_boost_round": 4.0}, "datetime": {"datetime": "2024-01-19 00:31:50", "elapsed": 1207.662455, "delta": 0.001863}}
{"target": -17.700825080479742, "params": {"gamma": 570.5123196392624, "log10_alpha": -1.6449953044460308, "log10_colsample_bytree": -0.13550531083756379, "log10_eta": -0.940603243559929, "log10_lambda": -3.523924597554077, "log10_min_child_weight": 2.9359463017279097, "log10_subsample": -0.41089199573388546, "max_depth": 7.0, "num_boost_round": 5.0}, "datetime": {"datetime": "2024-01-19 00:31:50", "elapsed": 1207.664294, "delta": 0.001839}}
{"target": -17.71074403702771, "params": {"gamma": 570.5123196392624, "log10_alpha": -1.6449953044460308, "log10_colsample_bytree": -0.13550531083756379, "log10_eta": -0.940603243559929, "log10_lambda": -3.523924597554077, "log10_min_child_weight": 2.9359463017279097, "log10_subsample": -0.41089199573388546, "max_depth": 7.0, "num_boost_round": 6.0}, "datetime": {"datetime": "2024-01-19 00:31:50", "elapsed": 1207.666112, "delta": 0.001818}}
{"target": -17.71692100187436, "params": {"gamma": 570.5123196392624, "log10_alpha": -1.6449953044460308, "log10_colsample_bytree": -0.13550531083756379, "log10_eta": -0.940603243559929, "log10_lambda": -3.523924597554077, "log10_min_child_weight": 2.9359463017279097, "log10_subsample": -0.41089199573388546, "max_depth": 7.0, "num_boost_round": 7.0}, "datetime": {"datetime": "2024-01-19 00:31:50", "elapsed": 1207.667944, "delta": 0.001832}}
{"target": -17.72061442431921, "params": {"gamma": 570.5123196392624, "log10_alpha": -1.6449953044460308, "log10_colsample_bytree": -0.13550531083756379, "log10_eta": -0.940603243559929, "log10_lambda": -3.523924597554077, "log10_min_child_weight": 2.9359463017279097, "log10_subsample": -0.41089199573388546, "max_depth": 7.0, "num_boost_round": 8.0}, "datetime": {"datetime": "2024-01-19 00:31:50", "elapsed": 1207.669755, "delta": 0.001811}}
{"target": -17.722913906057936, "params": {"gamma": 570.5123196392624, "log10_alpha": -1.6449953044460308, "log10_colsample_bytree": -0.13550531083756379, "log10_eta": -0.940603243559929, "log10_lambda": -3.523924597554077, "log10_min_child_weight": 2.9359463017279097, "log10_subsample": -0.41089199573388546, "max_depth": 7.0, "num_boost_round": 9.0}, "datetime": {"datetime": "2024-01-19 00:31:50", "elapsed": 1207.671562, "delta": 0.001807}}
{"target": -17.738141527693248, "params": {"gamma": 570.5123196392624, "log10_alpha": -1.6449953044460308, "log10_colsample_bytree": -0.13550531083756379, "log10_eta": -0.940603243559929, "log10_lambda": -3.523924597554077, "log10_min_child_weight": 2.9359463017279097, "log10_subsample": -0.41089199573388546, "max_depth": 7.0, "num_boost_round": 10.0}, "datetime": {"datetime": "2024-01-19 00:31:50", "elapsed": 1207.673385, "delta": 0.001823}}
{"target": -17.74116825529321, "params": {"gamma": 570.5123196392624, "log10_alpha": -1.6449953044460308, "log10_colsample_bytree": -0.13550531083756379, "log10_eta": -0.940603243559929, "log10_lambda": -3.523924597554077, "log10_min_child_weight": 2.9359463017279097, "log10_subsample": -0.41089199573388546, "max_depth": 7.0, "num_boost_round": 11.0}, "datetime": {"datetime": "2024-01-19 00:31:50", "elapsed": 1207.675205, "delta": 0.00182}}
{"target": -17.744334558215087, "params": {"gamma": 570.5123196392624, "log10_alpha": -1.6449953044460308, "log10_colsample_bytree": -0.13550531083756379, "log10_eta": -0.940603243559929, "log10_lambda": -3.523924597554077, "log10_min_child_weight": 2.9359463017279097, "log10_subsample": -0.41089199573388546, "max_depth": 7.0, "num_boost_round": 12.0}, "datetime": {"datetime": "2024-01-19 00:31:50", "elapsed": 1207.677003, "delta": 0.001798}}
{"target": -17.75897510645271, "params": {"gamma": 570.5123196392624, "log10_alpha": -1.6449953044460308, "log10_colsample_bytree": -0.13550531083756379, "log10_eta": -0.940603243559929, "log10_lambda": -3.523924597554077, "log10_min_child_weight": 2.9359463017279097, "log10_subsample": -0.41089199573388546, "max_depth": 7.0, "num_boost_round": 13.0}, "datetime": {"datetime": "2024-01-19 00:31:50", "elapsed": 1207.678811, "delta": 0.001808}}
{"target": -17.772045722052447, "params": {"gamma": 570.5123196392624, "log10_alpha": -1.6449953044460308, "log10_colsample_bytree": -0.13550531083756379, "log10_eta": -0.940603243559929, "log10_lambda": -3.523924597554077, "log10_min_child_weight": 2.9359463017279097, "log10_subsample": -0.41089199573388546, "max_depth": 7.0, "num_boost_round": 14.0}, "datetime": {"datetime": "2024-01-19 00:31:50", "elapsed": 1207.680627, "delta": 0.001816}}
{"target": -17.788782616968447, "params": {"gamma": 570.5123196392624, "log10_alpha": -1.6449953044460308, "log10_colsample_bytree": -0.13550531083756379, "log10_eta": -0.940603243559929, "log10_lambda": -3.523924597554077, "log10_min_child_weight": 2.9359463017279097, "log10_subsample": -0.41089199573388546, "max_depth": 7.0, "num_boost_round": 15.0}, "datetime": {"datetime": "2024-01-19 00:31:50", "elapsed": 1207.682484, "delta": 0.001857}}
{"target": -17.677234343938718, "params": {"gamma": 583.5086047661545, "log10_alpha": -4.160226262798497, "log10_colsample_bytree": -0.18108356343897714, "log10_eta": -3.5026207770151347, "log10_lambda": -3.3675560794751007, "log10_min_child_weight": 4.808865455070559, "log10_subsample": -0.024393193074432107, "max_depth": 4.0, "num_boost_round": 0.0}, "datetime": {"datetime": "2024-01-19 00:32:11", "elapsed": 1228.951747, "delta": 21.269263}}
{"target": -17.6772293997876, "params": {"gamma": 583.5086047661545, "log10_alpha": -4.160226262798497, "log10_colsample_bytree": -0.18108356343897714, "log10_eta": -3.5026207770151347, "log10_lambda": -3.3675560794751007, "log10_min_child_weight": 4.808865455070559, "log10_subsample": -0.024393193074432107, "max_depth": 4.0, "num_boost_round": 1.0}, "datetime": {"datetime": "2024-01-19 00:32:11", "elapsed": 1228.954229, "delta": 0.002482}}
{"target": -17.677229474877755, "params": {"gamma": 583.5086047661545, "log10_alpha": -4.160226262798497, "log10_colsample_bytree": -0.18108356343897714, "log10_eta": -3.5026207770151347, "log10_lambda": -3.3675560794751007, "log10_min_child_weight": 4.808865455070559, "log10_subsample": -0.024393193074432107, "max_depth": 4.0, "num_boost_round": 2.0}, "datetime": {"datetime": "2024-01-19 00:32:11", "elapsed": 1228.956019, "delta": 0.00179}}
{"target": -17.67722774575015, "params": {"gamma": 583.5086047661545, "log10_alpha": -4.160226262798497, "log10_colsample_bytree": -0.18108356343897714, "log10_eta": -3.5026207770151347, "log10_lambda": -3.3675560794751007, "log10_min_child_weight": 4.808865455070559, "log10_subsample": -0.024393193074432107, "max_depth": 4.0, "num_boost_round": 3.0}, "datetime": {"datetime": "2024-01-19 00:32:11", "elapsed": 1228.958266, "delta": 0.002247}}
{"target": -17.67722668664247, "params": {"gamma": 583.5086047661545, "log10_alpha": -4.160226262798497, "log10_colsample_bytree": -0.18108356343897714, "log10_eta": -3.5026207770151347, "log10_lambda": -3.3675560794751007, "log10_min_child_weight": 4.808865455070559, "log10_subsample": -0.024393193074432107, "max_depth": 4.0, "num_boost_round": 4.0}, "datetime": {"datetime": "2024-01-19 00:32:11", "elapsed": 1228.96016, "delta": 0.001894}}
{"target": -17.67722492836271, "params": {"gamma": 583.5086047661545, "log10_alpha": -4.160226262798497, "log10_colsample_bytree": -0.18108356343897714, "log10_eta": -3.5026207770151347, "log10_lambda": -3.3675560794751007, "log10_min_child_weight": 4.808865455070559, "log10_subsample": -0.024393193074432107, "max_depth": 4.0, "num_boost_round": 5.0}, "datetime": {"datetime": "2024-01-19 00:32:11", "elapsed": 1228.962011, "delta": 0.001851}}
{"target": -17.67722324192631, "params": {"gamma": 583.5086047661545, "log10_alpha": -4.160226262798497, "log10_colsample_bytree": -0.18108356343897714, "log10_eta": -3.5026207770151347, "log10_lambda": -3.3675560794751007, "log10_min_child_weight": 4.808865455070559, "log10_subsample": -0.024393193074432107, "max_depth": 4.0, "num_boost_round": 6.0}, "datetime": {"datetime": "2024-01-19 00:32:11", "elapsed": 1228.963809, "delta": 0.001798}}
{"target": -17.677219566026043, "params": {"gamma": 583.5086047661545, "log10_alpha": -4.160226262798497, "log10_colsample_bytree": -0.18108356343897714, "log10_eta": -3.5026207770151347, "log10_lambda": -3.3675560794751007, "log10_min_child_weight": 4.808865455070559, "log10_subsample": -0.024393193074432107, "max_depth": 4.0, "num_boost_round": 7.0}, "datetime": {"datetime": "2024-01-19 00:32:11", "elapsed": 1228.965596, "delta": 0.001787}}
{"target": -17.677217953675328, "params": {"gamma": 583.5086047661545, "log10_alpha": -4.160226262798497, "log10_colsample_bytree": -0.18108356343897714, "log10_eta": -3.5026207770151347, "log10_lambda": -3.3675560794751007, "log10_min_child_weight": 4.808865455070559, "log10_subsample": -0.024393193074432107, "max_depth": 4.0, "num_boost_round": 8.0}, "datetime": {"datetime": "2024-01-19 00:32:11", "elapsed": 1228.967397, "delta": 0.001801}}
{"target": -17.677217403147655, "params": {"gamma": 583.5086047661545, "log10_alpha": -4.160226262798497, "log10_colsample_bytree": -0.18108356343897714, "log10_eta": -3.5026207770151347, "log10_lambda": -3.3675560794751007, "log10_min_child_weight": 4.808865455070559, "log10_subsample": -0.024393193074432107, "max_depth": 4.0, "num_boost_round": 9.0}, "datetime": {"datetime": "2024-01-19 00:32:11", "elapsed": 1228.969294, "delta": 0.001897}}
{"target": -17.67721546065166, "params": {"gamma": 583.5086047661545, "log10_alpha": -4.160226262798497, "log10_colsample_bytree": -0.18108356343897714, "log10_eta": -3.5026207770151347, "log10_lambda": -3.3675560794751007, "log10_min_child_weight": 4.808865455070559, "log10_subsample": -0.024393193074432107, "max_depth": 4.0, "num_boost_round": 10.0}, "datetime": {"datetime": "2024-01-19 00:32:11", "elapsed": 1228.971081, "delta": 0.001787}}
{"target": -17.677208579653108, "params": {"gamma": 535.3032683523915, "log10_alpha": 0.5920751095848873, "log10_colsample_bytree": -0.16685648048931412, "log10_eta": -3.379556512305559, "log10_lambda": -0.6210828009922142, "log10_min_child_weight": 2.8404088788737796, "log10_subsample": -0.0347000496115325, "max_depth": 9.0, "num_boost_round": 0.0}, "datetime": {"datetime": "2024-01-19 00:32:35", "elapsed": 1252.416907, "delta": 23.445826}}
{"target": -17.677188095729363, "params": {"gamma": 535.3032683523915, "log10_alpha": 0.5920751095848873, "log10_colsample_bytree": -0.16685648048931412, "log10_eta": -3.379556512305559, "log10_lambda": -0.6210828009922142, "log10_min_child_weight": 2.8404088788737796, "log10_subsample": -0.0347000496115325, "max_depth": 9.0, "num_boost_round": 1.0}, "datetime": {"datetime": "2024-01-19 00:32:35", "elapsed": 1252.419507, "delta": 0.0026}}
{"target": -17.677166236035024, "params": {"gamma": 535.3032683523915, "log10_alpha": 0.5920751095848873, "log10_colsample_bytree": -0.16685648048931412, "log10_eta": -3.379556512305559, "log10_lambda": -0.6210828009922142, "log10_min_child_weight": 2.8404088788737796, "log10_subsample": -0.0347000496115325, "max_depth": 9.0, "num_boost_round": 2.0}, "datetime": {"datetime": "2024-01-19 00:32:35", "elapsed": 1252.421659, "delta": 0.002152}}
{"target": -17.677156466822023, "params": {"gamma": 535.3032683523915, "log10_alpha": 0.5920751095848873, "log10_colsample_bytree": -0.16685648048931412, "log10_eta": -3.379556512305559, "log10_lambda": -0.6210828009922142, "log10_min_child_weight": 2.8404088788737796, "log10_subsample": -0.0347000496115325, "max_depth": 9.0, "num_boost_round": 3.0}, "datetime": {"datetime": "2024-01-19 00:32:35", "elapsed": 1252.423744, "delta": 0.002085}}
{"target": -17.67715363703229, "params": {"gamma": 535.3032683523915, "log10_alpha": 0.5920751095848873, "log10_colsample_bytree": -0.16685648048931412, "log10_eta": -3.379556512305559, "log10_lambda": -0.6210828009922142, "log10_min_child_weight": 2.8404088788737796, "log10_subsample": -0.0347000496115325, "max_depth": 9.0, "num_boost_round": 4.0}, "datetime": {"datetime": "2024-01-19 00:32:35", "elapsed": 1252.425544, "delta": 0.0018}}
{"target": -17.677143501718074, "params": {"gamma": 535.3032683523915, "log10_alpha": 0.5920751095848873, "log10_colsample_bytree": -0.16685648048931412, "log10_eta": -3.379556512305559, "log10_lambda": -0.6210828009922142, "log10_min_child_weight": 2.8404088788737796, "log10_subsample": -0.0347000496115325, "max_depth": 9.0, "num_boost_round": 5.0}, "datetime": {"datetime": "2024-01-19 00:32:35", "elapsed": 1252.42739, "delta": 0.001846}}
{"target": -17.67713520098331, "params": {"gamma": 535.3032683523915, "log10_alpha": 0.5920751095848873, "log10_colsample_bytree": -0.16685648048931412, "log10_eta": -3.379556512305559, "log10_lambda": -0.6210828009922142, "log10_min_child_weight": 2.8404088788737796, "log10_subsample": -0.0347000496115325, "max_depth": 9.0, "num_boost_round": 6.0}, "datetime": {"datetime": "2024-01-19 00:32:35", "elapsed": 1252.429207, "delta": 0.001817}}
{"target": -17.677104543915412, "params": {"gamma": 535.3032683523915, "log10_alpha": 0.5920751095848873, "log10_colsample_bytree": -0.16685648048931412, "log10_eta": -3.379556512305559, "log10_lambda": -0.6210828009922142, "log10_min_child_weight": 2.8404088788737796, "log10_subsample": -0.0347000496115325, "max_depth": 9.0, "num_boost_round": 7.0}, "datetime": {"datetime": "2024-01-19 00:32:35", "elapsed": 1252.431147, "delta": 0.00194}}
{"target": -17.67705387302886, "params": {"gamma": 535.3032683523915, "log10_alpha": 0.5920751095848873, "log10_colsample_bytree": -0.16685648048931412, "log10_eta": -3.379556512305559, "log10_lambda": -0.6210828009922142, "log10_min_child_weight": 2.8404088788737796, "log10_subsample": -0.0347000496115325, "max_depth": 9.0, "num_boost_round": 8.0}, "datetime": {"datetime": "2024-01-19 00:32:35", "elapsed": 1252.433034, "delta": 0.001887}}
{"target": -17.677038105546433, "params": {"gamma": 535.3032683523915, "log10_alpha": 0.5920751095848873, "log10_colsample_bytree": -0.16685648048931412, "log10_eta": -3.379556512305559, "log10_lambda": -0.6210828009922142, "log10_min_child_weight": 2.8404088788737796, "log10_subsample": -0.0347000496115325, "max_depth": 9.0, "num_boost_round": 9.0}, "datetime": {"datetime": "2024-01-19 00:32:35", "elapsed": 1252.434924, "delta": 0.00189}}
{"target": -17.677013382609122, "params": {"gamma": 535.3032683523915, "log10_alpha": 0.5920751095848873, "log10_colsample_bytree": -0.16685648048931412, "log10_eta": -3.379556512305559, "log10_lambda": -0.6210828009922142, "log10_min_child_weight": 2.8404088788737796, "log10_subsample": -0.0347000496115325, "max_depth": 9.0, "num_boost_round": 10.0}, "datetime": {"datetime": "2024-01-19 00:32:35", "elapsed": 1252.436819, "delta": 0.001895}}
{"target": -17.677162954897366, "params": {"gamma": 583.7678665500482, "log10_alpha": -2.132386585231315, "log10_colsample_bytree": -0.7096455048746798, "log10_eta": -2.9525885402749394, "log10_lambda": -0.3464315260424069, "log10_min_child_weight": 3.216416520455579, "log10_subsample": -0.16131547234087407, "max_depth": 5.0, "num_boost_round": 0.0}, "datetime": {"datetime": "2024-01-19 00:32:57", "elapsed": 1274.736277, "delta": 22.299458}}
{"target": -17.677166020821673, "params": {"gamma": 583.7678665500482, "log10_alpha": -2.132386585231315, "log10_colsample_bytree": -0.7096455048746798, "log10_eta": -2.9525885402749394, "log10_lambda": -0.3464315260424069, "log10_min_child_weight": 3.216416520455579, "log10_subsample": -0.16131547234087407, "max_depth": 5.0, "num_boost_round": 1.0}, "datetime": {"datetime": "2024-01-19 00:32:57", "elapsed": 1274.738428, "delta": 0.002151}}
{"target": -17.67713201283998, "params": {"gamma": 583.7678665500482, "log10_alpha": -2.132386585231315, "log10_colsample_bytree": -0.7096455048746798, "log10_eta": -2.9525885402749394, "log10_lambda": -0.3464315260424069, "log10_min_child_weight": 3.216416520455579, "log10_subsample": -0.16131547234087407, "max_depth": 5.0, "num_boost_round": 2.0}, "datetime": {"datetime": "2024-01-19 00:32:57", "elapsed": 1274.740413, "delta": 0.001985}}
{"target": -17.6771262393337, "params": {"gamma": 583.7678665500482, "log10_alpha": -2.132386585231315, "log10_colsample_bytree": -0.7096455048746798, "log10_eta": -2.9525885402749394, "log10_lambda": -0.3464315260424069, "log10_min_child_weight": 3.216416520455579, "log10_subsample": -0.16131547234087407, "max_depth": 5.0, "num_boost_round": 3.0}, "datetime": {"datetime": "2024-01-19 00:32:57", "elapsed": 1274.74248, "delta": 0.002067}}
{"target": -17.67708328903696, "params": {"gamma": 583.7678665500482, "log10_alpha": -2.132386585231315, "log10_colsample_bytree": -0.7096455048746798, "log10_eta": -2.9525885402749394, "log10_lambda": -0.3464315260424069, "log10_min_child_weight": 3.216416520455579, "log10_subsample": -0.16131547234087407, "max_depth": 5.0, "num_boost_round": 4.0}, "datetime": {"datetime": "2024-01-19 00:32:57", "elapsed": 1274.7443, "delta": 0.00182}}
