{"target": -13.757996901343185, "params": {"gamma": 723.9921556820183, "log10_alpha": -0.7963495668860467, "log10_colsample_bytree": -0.9332493979929799, "log10_eta": -2.3612288919682296, "log10_lambda": -3.2784802871680916, "log10_min_child_weight": 1.9582731755890626, "log10_subsample": -0.17027412391729269, "max_depth": 6.0, "num_boost_round": 6.0}, "datetime": {"datetime": "2024-01-19 00:35:40", "elapsed": 1439.841539, "delta": 0.001758}}
{"target": -13.757806541463443, "params": {"gamma": 723.9921556820183, "log10_alpha": -0.7963495668860467, "log10_colsample_bytree": -0.9332493979929799, "log10_eta": -2.3612288919682296, "log10_lambda": -3.2784802871680916, "log10_min_child_weight": 1.9582731755890626, "log10_subsample": -0.17027412391729269, "max_depth": 6.0, "num_boost_round": 7.0}, "datetime": {"datetime": "2024-01-19 00:35:40", "elapsed": 1439.843354, "delta": 0.001815}}
{"target": -13.757742281708575, "params": {"gamma": 723.9921556820183, "log10_alpha": -0.7963495668860467, "log10_colsample_bytree": -0.9332493979929799, "log10_eta": -2.3612288919682296, "log10_lambda": -3.2784802871680916, "log10_min_child_weight": 1.9582731755890626, "log10_subsample": -0.17027412391729269, "max_depth": 6.0, "num_boost_round": 8.0}, "datetime": {"datetime": "2024-01-19 00:35:40", "elapsed": 1439.845091, "delta": 0.001737}}
{"target": -13.757686596467414, "params": {"gamma": 723.9921556820183, "log10_alpha": -0.7963495668860467, "log10_colsample_bytree": -0.9332493979929799, "log10_eta": -2.3612288919682296, "log10_lambda": -3.2784802871680916, "log10_min_child_weight": 1.9582731755890626, "log10_subsample": -0.17027412391729269, "max_depth": 6.0, "num_boost_round": 9.0}, "datetime": {"datetime": "2024-01-19 00:35:40", "elapsed": 1439.846857, "delta": 0.001766}}
{"target": -13.758537445490326, "params": {"gamma": 719.2309468034273, "log10_alpha": -4.9803068520494245, "log10_colsample_bytree": -0.6578306622734169, "log10_eta": -3.9718431695337957, "log10_lambda": -1.7111578269749077, "log10_min_child_weight": 4.45656031914821, "log10_subsample": -0.3588019179747214, "max_depth": 5.0, "num_boost_round": 0.0}, "datetime": {"datetime": "2024-01-19 00:36:05", "elapsed": 1464.659603, "delta": 24.812746}}
{"target": -13.758537327465918, "params": {"gamma": 719.2309468034273, "log10_alpha": -4.9803068520494245, "log10_colsample_bytree": -0.6578306622734169, "log10_eta": -3.9718431695337957, "log10_lambda": -1.7111578269749077, "log10_min_child_weight": 4.45656031914821, "log10_subsample": -0.3588019179747214, "max_depth": 5.0, "num_boost_round": 1.0}, "datetime": {"datetime": "2024-01-19 00:36:05", "elapsed": 1464.666144, "delta": 0.006541}}
{"target": -13.758537672719532, "params": {"gamma": 719.2309468034273, "log10_alpha": -4.9803068520494245, "log10_colsample_bytree": -0.6578306622734169, "log10_eta": -3.9718431695337957, "log10_lambda": -1.7111578269749077, "log10_min_child_weight": 4.45656031914821, "log10_subsample": -0.3588019179747214, "max_depth": 5.0, "num_boost_round": 2.0}, "datetime": {"datetime": "2024-01-19 00:36:05", "elapsed": 1464.668071, "delta": 0.001927}}
{"target": -13.758537370758752, "params": {"gamma": 719.2309468034273, "log10_alpha": -4.9803068520494245, "log10_colsample_bytree": -0.6578306622734169, "log10_eta": -3.9718431695337957, "log10_lambda": -1.7111578269749077, "log10_min_child_weight": 4.45656031914821, "log10_subsample": -0.3588019179747214, "max_depth": 5.0, "num_boost_round": 3.0}, "datetime": {"datetime": "2024-01-19 00:36:05", "elapsed": 1464.66987, "delta": 0.001799}}
{"target": -13.758536893393414, "params": {"gamma": 719.2309468034273, "log10_alpha": -4.9803068520494245, "log10_colsample_bytree": -0.6578306622734169, "log10_eta": -3.9718431695337957, "log10_lambda": -1.7111578269749077, "log10_min_child_weight": 4.45656031914821, "log10_subsample": -0.3588019179747214, "max_depth": 5.0, "num_boost_round": 4.0}, "datetime": {"datetime": "2024-01-19 00:36:05", "elapsed": 1464.671655, "delta": 0.001785}}
{"target": -13.758536618105648, "params": {"gamma": 719.2309468034273, "log10_alpha": -4.9803068520494245, "log10_colsample_bytree": -0.6578306622734169, "log10_eta": -3.9718431695337957, "log10_lambda": -1.7111578269749077, "log10_min_child_weight": 4.45656031914821, "log10_subsample": -0.3588019179747214, "max_depth": 5.0, "num_boost_round": 5.0}, "datetime": {"datetime": "2024-01-19 00:36:05", "elapsed": 1464.673573, "delta": 0.001918}}
{"target": -13.75853759369681, "params": {"gamma": 719.2309468034273, "log10_alpha": -4.9803068520494245, "log10_colsample_bytree": -0.6578306622734169, "log10_eta": -3.9718431695337957, "log10_lambda": -1.7111578269749077, "log10_min_child_weight": 4.45656031914821, "log10_subsample": -0.3588019179747214, "max_depth": 5.0, "num_boost_round": 6.0}, "datetime": {"datetime": "2024-01-19 00:36:05", "elapsed": 1464.675355, "delta": 0.001782}}
{"target": -13.758536205913499, "params": {"gamma": 719.2309468034273, "log10_alpha": -4.9803068520494245, "log10_colsample_bytree": -0.6578306622734169, "log10_eta": -3.9718431695337957, "log10_lambda": -1.7111578269749077, "log10_min_child_weight": 4.45656031914821, "log10_subsample": -0.3588019179747214, "max_depth": 5.0, "num_boost_round": 7.0}, "datetime": {"datetime": "2024-01-19 00:36:05", "elapsed": 1464.677128, "delta": 0.001773}}
{"target": -13.75853579539068, "params": {"gamma": 719.2309468034273, "log10_alpha": -4.9803068520494245, "log10_colsample_bytree": -0.6578306622734169, "log10_eta": -3.9718431695337957, "log10_lambda": -1.7111578269749077, "log10_min_child_weight": 4.45656031914821, "log10_subsample": -0.3588019179747214, "max_depth": 5.0, "num_boost_round": 8.0}, "datetime": {"datetime": "2024-01-19 00:36:05", "elapsed": 1464.678928, "delta": 0.0018}}
{"target": -13.758535633401156, "params": {"gamma": 719.2309468034273, "log10_alpha": -4.9803068520494245, "log10_colsample_bytree": -0.6578306622734169, "log10_eta": -3.9718431695337957, "log10_lambda": -1.7111578269749077, "log10_min_child_weight": 4.45656031914821, "log10_subsample": -0.3588019179747214, "max_depth": 5.0, "num_boost_round": 9.0}, "datetime": {"datetime": "2024-01-19 00:36:05", "elapsed": 1464.680742, "delta": 0.001814}}
{"target": -13.758535200909519, "params": {"gamma": 719.2309468034273, "log10_alpha": -4.9803068520494245, "log10_colsample_bytree": -0.6578306622734169, "log10_eta": -3.9718431695337957, "log10_lambda": -1.7111578269749077, "log10_min_child_weight": 4.45656031914821, "log10_subsample": -0.3588019179747214, "max_depth": 5.0, "num_boost_round": 10.0}, "datetime": {"datetime": "2024-01-19 00:36:05", "elapsed": 1464.682509, "delta": 0.001767}}
{"target": -13.75853427437935, "params": {"gamma": 719.2309468034273, "log10_alpha": -4.9803068520494245, "log10_colsample_bytree": -0.6578306622734169, "log10_eta": -3.9718431695337957, "log10_lambda": -1.7111578269749077, "log10_min_child_weight": 4.45656031914821, "log10_subsample": -0.3588019179747214, "max_depth": 5.0, "num_boost_round": 11.0}, "datetime": {"datetime": "2024-01-19 00:36:05", "elapsed": 1464.684374, "delta": 0.001865}}
{"target": -13.75853509925994, "params": {"gamma": 719.2309468034273, "log10_alpha": -4.9803068520494245, "log10_colsample_bytree": -0.6578306622734169, "log10_eta": -3.9718431695337957, "log10_lambda": -1.7111578269749077, "log10_min_child_weight": 4.45656031914821, "log10_subsample": -0.3588019179747214, "max_depth": 5.0, "num_boost_round": 12.0}, "datetime": {"datetime": "2024-01-19 00:36:05", "elapsed": 1464.68628, "delta": 0.001906}}
{"target": -13.758534682032739, "params": {"gamma": 719.2309468034273, "log10_alpha": -4.9803068520494245, "log10_colsample_bytree": -0.6578306622734169, "log10_eta": -3.9718431695337957, "log10_lambda": -1.7111578269749077, "log10_min_child_weight": 4.45656031914821, "log10_subsample": -0.3588019179747214, "max_depth": 5.0, "num_boost_round": 13.0}, "datetime": {"datetime": "2024-01-19 00:36:05", "elapsed": 1464.688163, "delta": 0.001883}}
{"target": -13.758534229729511, "params": {"gamma": 719.2309468034273, "log10_alpha": -4.9803068520494245, "log10_colsample_bytree": -0.6578306622734169, "log10_eta": -3.9718431695337957, "log10_lambda": -1.7111578269749077, "log10_min_child_weight": 4.45656031914821, "log10_subsample": -0.3588019179747214, "max_depth": 5.0, "num_boost_round": 14.0}, "datetime": {"datetime": "2024-01-19 00:36:05", "elapsed": 1464.689956, "delta": 0.001793}}
{"target": -13.758532627986556, "params": {"gamma": 719.2309468034273, "log10_alpha": -4.9803068520494245, "log10_colsample_bytree": -0.6578306622734169, "log10_eta": -3.9718431695337957, "log10_lambda": -1.7111578269749077, "log10_min_child_weight": 4.45656031914821, "log10_subsample": -0.3588019179747214, "max_depth": 5.0, "num_boost_round": 15.0}, "datetime": {"datetime": "2024-01-19 00:36:05", "elapsed": 1464.691742, "delta": 0.001786}}
{"target": -13.758531885344652, "params": {"gamma": 719.2309468034273, "log10_alpha": -4.9803068520494245, "log10_colsample_bytree": -0.6578306622734169, "log10_eta": -3.9718431695337957, "log10_lambda": -1.7111578269749077, "log10_min_child_weight": 4.45656031914821, "log10_subsample": -0.3588019179747214, "max_depth": 5.0, "num_boost_round": 16.0}, "datetime": {"datetime": "2024-01-19 00:36:05", "elapsed": 1464.693604, "delta": 0.001862}}
{"target": -13.758531040591285, "params": {"gamma": 719.2309468034273, "log10_alpha": -4.9803068520494245, "log10_colsample_bytree": -0.6578306622734169, "log10_eta": -3.9718431695337957, "log10_lambda": -1.7111578269749077, "log10_min_child_weight": 4.45656031914821, "log10_subsample": -0.3588019179747214, "max_depth": 5.0, "num_boost_round": 17.0}, "datetime": {"datetime": "2024-01-19 00:36:05", "elapsed": 1464.695369, "delta": 0.001765}}
{"target": -13.758434596244184, "params": {"gamma": 721.8814772362811, "log10_alpha": -0.8288014547650887, "log10_colsample_bytree": -0.7294210260484811, "log10_eta": -2.5115432754010647, "log10_lambda": -1.511984606047419, "log10_min_child_weight": 2.9626518282859147, "log10_subsample": -0.28340140243495543, "max_depth": 8.0, "num_boost_round": 0.0}, "datetime": {"datetime": "2024-01-19 00:36:33", "elapsed": 1492.73374, "delta": 28.038371}}
{"target": -13.758392141012727, "params": {"gamma": 721.8814772362811, "log10_alpha": -0.8288014547650887, "log10_colsample_bytree": -0.7294210260484811, "log10_eta": -2.5115432754010647, "log10_lambda": -1.511984606047419, "log10_min_child_weight": 2.9626518282859147, "log10_subsample": -0.28340140243495543, "max_depth": 8.0, "num_boost_round": 1.0}, "datetime": {"datetime": "2024-01-19 00:36:33", "elapsed": 1492.735814, "delta": 0.002074}}
{"target": -13.758251916780022, "params": {"gamma": 721.8814772362811, "log10_alpha": -0.8288014547650887, "log10_colsample_bytree": -0.7294210260484811, "log10_eta": -2.5115432754010647, "log10_lambda": -1.511984606047419, "log10_min_child_weight": 2.9626518282859147, "log10_subsample": -0.28340140243495543, "max_depth": 8.0, "num_boost_round": 2.0}, "datetime": {"datetime": "2024-01-19 00:36:33", "elapsed": 1492.738161, "delta": 0.002347}}
{"target": -13.758190548832532, "params": {"gamma": 721.8814772362811, "log10_alpha": -0.8288014547650887, "log10_colsample_bytree": -0.7294210260484811, "log10_eta": -2.5115432754010647, "log10_lambda": -1.511984606047419, "log10_min_child_weight": 2.9626518282859147, "log10_subsample": -0.28340140243495543, "max_depth": 8.0, "num_boost_round": 3.0}, "datetime": {"datetime": "2024-01-19 00:36:33", "elapsed": 1492.740286, "delta": 0.002125}}
{"target": -13.758081760026956, "params": {"gamma": 721.8814772362811, "log10_alpha": -0.8288014547650887, "log10_colsample_bytree": -0.7294210260484811, "log10_eta": -2.5115432754010647, "log10_lambda": -1.511984606047419, "log10_min_child_weight": 2.9626518282859147, "log10_subsample": -0.28340140243495543, "max_depth": 8.0, "num_boost_round": 4.0}, "datetime": {"datetime": "2024-01-19 00:36:33", "elapsed": 1492.742548, "delta": 0.002262}}
{"target": -13.758021042501536, "params": {"gamma": 721.8814772362811, "log10_alpha": -0.8288014547650887, "log10_colsample_bytree": -0.7294210260484811, "log10_eta": -2.5115432754010647, "log10_lambda": -1.511984606047419, "log10_min_child_weight": 2.9626518282859147, "log10_subsample": -0.28340140243495543, "max_depth": 8.0, "num_boost_round": 5.0}, "datetime": {"datetime": "2024-01-19 00:36:33", "elapsed": 1492.744349, "delta": 0.001801}}
{"target": -13.758008010759555, "params": {"gamma": 721.8814772362811, "log10_alpha": -0.8288014547650887, "log10_colsample_bytree": -0.7294210260484811, "log10_eta": -2.5115432754010647, "log10_lambda": -1.511984606047419, "log10_min_child_weight": 2.9626518282859147, "log10_subsample": -0.28340140243495543, "max_depth": 8.0, "num_boost_round": 6.0}, "datetime": {"datetime": "2024-01-19 00:36:33", "elapsed": 1492.746219, "delta": 0.00187}}
{"target": -13.75781864903369, "params": {"gamma": 721.8814772362811, "log10_alpha": -0.8288014547650887, "log10_colsample_bytree": -0.7294210260484811, "log10_eta": -2.5115432754010647, "log10_lambda": -1.511984606047419, "log10_min_child_weight": 2.9626518282859147, "log10_subsample": -0.28340140243495543, "max_depth": 8.0, "num_boost_round": 7.0}, "datetime": {"datetime": "2024-01-19 00:36:33", "elapsed": 1492.748071, "delta": 0.001852}}
{"target": -13.757745373248182, "params": {"gamma": 721.8814772362811, "log10_alpha": -0.8288014547650887, "log10_colsample_bytree": -0.7294210260484811, "log10_eta": -2.5115432754010647, "log10_lambda": -1.511984606047419, "log10_min_child_weight": 2.9626518282859147, "log10_subsample": -0.28340140243495543, "max_depth": 8.0, "num_boost_round": 8.0}, "datetime": {"datetime": "2024-01-19 00:36:33", "elapsed": 1492.749882, "delta": 0.001811}}
{"target": -13.757708644585042, "params": {"gamma": 721.8814772362811, "log10_alpha": -0.8288014547650887, "log10_colsample_bytree": -0.7294210260484811, "log10_eta": -2.5115432754010647, "log10_lambda": -1.511984606047419, "log10_min_child_weight": 2.9626518282859147, "log10_subsample": -0.28340140243495543, "max_depth": 8.0, "num_boost_round": 9.0}, "datetime": {"datetime": "2024-01-19 00:36:33", "elapsed": 1492.751664, "delta": 0.001782}}
{"target": -13.757622143146722, "params": {"gamma": 721.8814772362811, "log10_alpha": -0.8288014547650887, "log10_colsample_bytree": -0.7294210260484811, "log10_eta": -2.5115432754010647, "log10_lambda": -1.511984606047419, "log10_min_child_weight": 2.9626518282859147, "log10_subsample": -0.28340140243495543, "max_depth": 8.0, "num_boost_round": 10.0}, "datetime": {"datetime": "2024-01-19 00:36:33", "elapsed": 1492.753593, "delta": 0.001929}}
{"target": -13.757688937899665, "params": {"gamma": 721.8814772362811, "log10_alpha": -0.8288014547650887, "log10_colsample_bytree": -0.7294210260484811, "log10_eta": -2.5115432754010647, "log10_lambda": -1.511984606047419, "log10_min_child_weight": 2.9626518282859147, "log10_subsample": -0.28340140243495543, "max_depth": 8.0, "num_boost_round": 11.0}, "datetime": {"datetime": "2024-01-19 00:36:33", "elapsed": 1492.755344, "delta": 0.001751}}
{"target": -13.75770637418868, "params": {"gamma": 721.8814772362811, "log10_alpha": -0.8288014547650887, "log10_colsample_bytree": -0.7294210260484811, "log10_eta": -2.5115432754010647, "log10_lambda": -1.511984606047419, "log10_min_child_weight": 2.9626518282859147, "log10_subsample": -0.28340140243495543, "max_depth": 8.0, "num_boost_round": 12.0}, "datetime": {"datetime": "2024-01-19 00:36:33", "elapsed": 1492.757135, "delta": 0.001791}}
{"target": -13.758531529474189, "params": {"gamma": 722.5938556354165, "log10_alpha": -0.747315281915812, "log10_colsample_bytree": -0.1891560631596645, "log10_eta": -2.5410168899048124, "log10_lambda": -2.2215610918998845, "log10_min_child_weight": 1.8723894894148034, "log10_subsample": -0.4790125164376501, "max_depth": 6.0, "num_boost_round": 0.0}, "datetime": {"datetime": "2024-01-19 00:37:04", "elapsed": 1523.295395, "delta": 30.53826}}
{"target": -13.75854901030204, "params": {"gamma": 722.5938556354165, "log10_alpha": -0.747315281915812, "log10_colsample_bytree": -0.1891560631596645, "log10_eta": -2.5410168899048124, "log10_lambda": -2.2215610918998845, "log10_min_child_weight": 1.8723894894148034, "log10_subsample": -0.4790125164376501, "max_depth": 6.0, "num_boost_round": 1.0}, "datetime": {"datetime": "2024-01-19 00:37:04", "elapsed": 1523.297659, "delta": 0.002264}}
{"target": -13.758417849228127, "params": {"gamma": 722.5938556354165, "log10_alpha": -0.747315281915812, "log10_colsample_bytree": -0.1891560631596645, "log10_eta": -2.5410168899048124, "log10_lambda": -2.2215610918998845, "log10_min_child_weight": 1.8723894894148034, "log10_subsample": -0.4790125164376501, "max_depth": 6.0, "num_boost_round": 2.0}, "datetime": {"datetime": "2024-01-19 00:37:04", "elapsed": 1523.299834, "delta": 0.002175}}
{"target": -13.758290924696267, "params": {"gamma": 722.5938556354165, "log10_alpha": -0.747315281915812, "log10_colsample_bytree": -0.1891560631596645, "log10_eta": -2.5410168899048124, "log10_lambda": -2.2215610918998845, "log10_min_child_weight": 1.8723894894148034, "log10_subsample": -0.4790125164376501, "max_depth": 6.0, "num_boost_round": 3.0}, "datetime": {"datetime": "2024-01-19 00:37:04", "elapsed": 1523.301641, "delta": 0.001807}}
{"target": -13.75817118271707, "params": {"gamma": 722.5938556354165, "log10_alpha": -0.747315281915812, "log10_colsample_bytree": -0.1891560631596645, "log10_eta": -2.5410168899048124, "log10_lambda": -2.2215610918998845, "log10_min_child_weight": 1.8723894894148034, "log10_subsample": -0.4790125164376501, "max_depth": 6.0, "num_boost_round": 4.0}, "datetime": {"datetime": "2024-01-19 00:37:04", "elapsed": 1523.303626, "delta": 0.001985}}
{"target": -13.758138337715648, "params": {"gamma": 722.5938556354165, "log10_alpha": -0.747315281915812, "log10_colsample_bytree": -0.1891560631596645, "log10_eta": -2.5410168899048124, "log10_lambda": -2.2215610918998845, "log10_min_child_weight": 1.8723894894148034, "log10_subsample": -0.4790125164376501, "max_depth": 6.0, "num_boost_round": 5.0}, "datetime": {"datetime": "2024-01-19 00:37:04", "elapsed": 1523.305456, "delta": 0.00183}}
{"target": -13.758022368915698, "params": {"gamma": 722.5938556354165, "log10_alpha": -0.747315281915812, "log10_colsample_bytree": -0.1891560631596645, "log10_eta": -2.5410168899048124, "log10_lambda": -2.2215610918998845, "log10_min_child_weight": 1.8723894894148034, "log10_subsample": -0.4790125164376501, "max_depth": 6.0, "num_boost_round": 6.0}, "datetime": {"datetime": "2024-01-19 00:37:04", "elapsed": 1523.307324, "delta": 0.001868}}
{"target": -13.758065475140683, "params": {"gamma": 722.5938556354165, "log10_alpha": -0.747315281915812, "log10_colsample_bytree": -0.1891560631596645, "log10_eta": -2.5410168899048124, "log10_lambda": -2.2215610918998845, "log10_min_child_weight": 1.8723894894148034, "log10_subsample": -0.4790125164376501, "max_depth": 6.0, "num_boost_round": 7.0}, "datetime": {"datetime": "2024-01-19 00:37:04", "elapsed": 1523.30915, "delta": 0.001826}}
{"target": -13.758022454495498, "params": {"gamma": 722.5938556354165, "log10_alpha": -0.747315281915812, "log10_colsample_bytree": -0.1891560631596645, "log10_eta": -2.5410168899048124, "log10_lambda": -2.2215610918998845, "log10_min_child_weight": 1.8723894894148034, "log10_subsample": -0.4790125164376501, "max_depth": 6.0, "num_boost_round": 8.0}, "datetime": {"datetime": "2024-01-19 00:37:04", "elapsed": 1523.310981, "delta": 0.001831}}
{"target": -13.757999366866544, "params": {"gamma": 722.5938556354165, "log10_alpha": -0.747315281915812, "log10_colsample_bytree": -0.1891560631596645, "log10_eta": -2.5410168899048124, "log10_lambda": -2.2215610918998845, "log10_min_child_weight": 1.8723894894148034, "log10_subsample": -0.4790125164376501, "max_depth": 6.0, "num_boost_round": 9.0}, "datetime": {"datetime": "2024-01-19 00:37:04", "elapsed": 1523.312897, "delta": 0.001916}}
{"target": -13.757952586605816, "params": {"gamma": 722.5938556354165, "log10_alpha": -0.747315281915812, "log10_colsample_bytree": -0.1891560631596645, "log10_eta": -2.5410168899048124, "log10_lambda": -2.2215610918998845, "log10_min_child_weight": 1.8723894894148034, "log10_subsample": -0.4790125164376501, "max_depth": 6.0, "num_boost_round": 10.0}, "datetime": {"datetime": "2024-01-19 00:37:04", "elapsed": 1523.314708, "delta": 0.001811}}
{"target": -13.757891622147854, "params": {"gamma": 722.5938556354165, "log10_alpha": -0.747315281915812, "log10_colsample_bytree": -0.1891560631596645, "log10_eta": -2.5410168899048124, "log10_lambda": -2.2215610918998845, "log10_min_child_weight": 1.8723894894148034, "log10_subsample": -0.4790125164376501, "max_depth": 6.0, "num_boost_round": 11.0}, "datetime": {"datetime": "2024-01-19 00:37:04", "elapsed": 1523.316529, "delta": 0.001821}}
{"target": -13.757841993946508, "params": {"gamma": 722.5938556354165, "log10_alpha": -0.747315281915812, "log10_colsample_bytree": -0.1891560631596645, "log10_eta": -2.5410168899048124, "log10_lambda": -2.2215610918998845, "log10_min_child_weight": 1.8723894894148034, "log10_subsample": -0.4790125164376501, "max_depth": 6.0, "num_boost_round": 12.0}, "datetime": {"datetime": "2024-01-19 00:37:04", "elapsed": 1523.318364, "delta": 0.001835}}
{"target": -13.757840405152653, "params": {"gamma": 722.5938556354165, "log10_alpha": -0.747315281915812, "log10_colsample_bytree": -0.1891560631596645, "log10_eta": -2.5410168899048124, "log10_lambda": -2.2215610918998845, "log10_min_child_weight": 1.8723894894148034, "log10_subsample": -0.4790125164376501, "max_depth": 6.0, "num_boost_round": 13.0}, "datetime": {"datetime": "2024-01-19 00:37:04", "elapsed": 1523.320188, "delta": 0.001824}}
