{"target": -17.6736840663753, "params": {"gamma": 407.7964115463174, "log10_alpha": -0.24953490218973684, "log10_colsample_bytree": -0.4724412229568523, "log10_eta": -1.9218563827803559, "log10_lambda": -4.523020311406159, "log10_min_child_weight": 3.1186018931905126, "log10_subsample": -0.67458255727105, "max_depth": 7.0, "num_boost_round": 15.0}, "datetime": {"datetime": "2024-01-19 01:03:55", "elapsed": 3125.364805, "delta": 0.003765}}
{"target": -17.67384581330598, "params": {"gamma": 407.7964115463174, "log10_alpha": -0.24953490218973684, "log10_colsample_bytree": -0.4724412229568523, "log10_eta": -1.9218563827803559, "log10_lambda": -4.523020311406159, "log10_min_child_weight": 3.1186018931905126, "log10_subsample": -0.67458255727105, "max_depth": 7.0, "num_boost_round": 16.0}, "datetime": {"datetime": "2024-01-19 01:03:55", "elapsed": 3125.368607, "delta": 0.003802}}
{"target": -17.67390984570666, "params": {"gamma": 407.7964115463174, "log10_alpha": -0.24953490218973684, "log10_colsample_bytree": -0.4724412229568523, "log10_eta": -1.9218563827803559, "log10_lambda": -4.523020311406159, "log10_min_child_weight": 3.1186018931905126, "log10_subsample": -0.67458255727105, "max_depth": 7.0, "num_boost_round": 17.0}, "datetime": {"datetime": "2024-01-19 01:03:55", "elapsed": 3125.372477, "delta": 0.00387}}
{"target": -17.674074098994005, "params": {"gamma": 407.7964115463174, "log10_alpha": -0.24953490218973684, "log10_colsample_bytree": -0.4724412229568523, "log10_eta": -1.9218563827803559, "log10_lambda": -4.523020311406159, "log10_min_child_weight": 3.1186018931905126, "log10_subsample": -0.67458255727105, "max_depth": 7.0, "num_boost_round": 18.0}, "datetime": {"datetime": "2024-01-19 01:03:55", "elapsed": 3125.376327, "delta": 0.00385}}
{"target": -17.673686544445925, "params": {"gamma": 407.7964115463174, "log10_alpha": -0.24953490218973684, "log10_colsample_bytree": -0.4724412229568523, "log10_eta": -1.9218563827803559, "log10_lambda": -4.523020311406159, "log10_min_child_weight": 3.1186018931905126, "log10_subsample": -0.67458255727105, "max_depth": 7.0, "num_boost_round": 19.0}, "datetime": {"datetime": "2024-01-19 01:03:55", "elapsed": 3125.380062, "delta": 0.003735}}
{"target": -17.67320533678795, "params": {"gamma": 407.7964115463174, "log10_alpha": -0.24953490218973684, "log10_colsample_bytree": -0.4724412229568523, "log10_eta": -1.9218563827803559, "log10_lambda": -4.523020311406159, "log10_min_child_weight": 3.1186018931905126, "log10_subsample": -0.67458255727105, "max_depth": 7.0, "num_boost_round": 20.0}, "datetime": {"datetime": "2024-01-19 01:03:55", "elapsed": 3125.383826, "delta": 0.003764}}
{"target": -17.67315161330853, "params": {"gamma": 407.7964115463174, "log10_alpha": -0.24953490218973684, "log10_colsample_bytree": -0.4724412229568523, "log10_eta": -1.9218563827803559, "log10_lambda": -4.523020311406159, "log10_min_child_weight": 3.1186018931905126, "log10_subsample": -0.67458255727105, "max_depth": 7.0, "num_boost_round": 21.0}, "datetime": {"datetime": "2024-01-19 01:03:55", "elapsed": 3125.387639, "delta": 0.003813}}
{"target": -17.672696041278567, "params": {"gamma": 407.7964115463174, "log10_alpha": -0.24953490218973684, "log10_colsample_bytree": -0.4724412229568523, "log10_eta": -1.9218563827803559, "log10_lambda": -4.523020311406159, "log10_min_child_weight": 3.1186018931905126, "log10_subsample": -0.67458255727105, "max_depth": 7.0, "num_boost_round": 22.0}, "datetime": {"datetime": "2024-01-19 01:03:55", "elapsed": 3125.391361, "delta": 0.003722}}
{"target": -17.673078116199466, "params": {"gamma": 407.7964115463174, "log10_alpha": -0.24953490218973684, "log10_colsample_bytree": -0.4724412229568523, "log10_eta": -1.9218563827803559, "log10_lambda": -4.523020311406159, "log10_min_child_weight": 3.1186018931905126, "log10_subsample": -0.67458255727105, "max_depth": 7.0, "num_boost_round": 23.0}, "datetime": {"datetime": "2024-01-19 01:03:55", "elapsed": 3125.395076, "delta": 0.003715}}
{"target": -17.673029261836486, "params": {"gamma": 407.7964115463174, "log10_alpha": -0.24953490218973684, "log10_colsample_bytree": -0.4724412229568523, "log10_eta": -1.9218563827803559, "log10_lambda": -4.523020311406159, "log10_min_child_weight": 3.1186018931905126, "log10_subsample": -0.67458255727105, "max_depth": 7.0, "num_boost_round": 24.0}, "datetime": {"datetime": "2024-01-19 01:03:55", "elapsed": 3125.399298, "delta": 0.004222}}
{"target": -17.673263149720178, "params": {"gamma": 407.7964115463174, "log10_alpha": -0.24953490218973684, "log10_colsample_bytree": -0.4724412229568523, "log10_eta": -1.9218563827803559, "log10_lambda": -4.523020311406159, "log10_min_child_weight": 3.1186018931905126, "log10_subsample": -0.67458255727105, "max_depth": 7.0, "num_boost_round": 25.0}, "datetime": {"datetime": "2024-01-19 01:03:55", "elapsed": 3125.403146, "delta": 0.003848}}
{"target": -17.673360462470107, "params": {"gamma": 407.7964115463174, "log10_alpha": -0.24953490218973684, "log10_colsample_bytree": -0.4724412229568523, "log10_eta": -1.9218563827803559, "log10_lambda": -4.523020311406159, "log10_min_child_weight": 3.1186018931905126, "log10_subsample": -0.67458255727105, "max_depth": 7.0, "num_boost_round": 26.0}, "datetime": {"datetime": "2024-01-19 01:03:55", "elapsed": 3125.407011, "delta": 0.003865}}
{"target": -17.67722562580998, "params": {"gamma": 408.87486488013633, "log10_alpha": 0.7765004357465566, "log10_colsample_bytree": -0.6892005665458678, "log10_eta": -3.850297078727893, "log10_lambda": 0.4673650146692472, "log10_min_child_weight": 1.2514836486842695, "log10_subsample": -0.8464318362161946, "max_depth": 8.0, "num_boost_round": 0.0}, "datetime": {"datetime": "2024-01-19 01:04:43", "elapsed": 3172.855871, "delta": 47.44886}}
{"target": -17.6772224244464, "params": {"gamma": 408.87486488013633, "log10_alpha": 0.7765004357465566, "log10_colsample_bytree": -0.6892005665458678, "log10_eta": -3.850297078727893, "log10_lambda": 0.4673650146692472, "log10_min_child_weight": 1.2514836486842695, "log10_subsample": -0.8464318362161946, "max_depth": 8.0, "num_boost_round": 1.0}, "datetime": {"datetime": "2024-01-19 01:04:43", "elapsed": 3172.860499, "delta": 0.004628}}
{"target": -17.677206641832353, "params": {"gamma": 408.87486488013633, "log10_alpha": 0.7765004357465566, "log10_colsample_bytree": -0.6892005665458678, "log10_eta": -3.850297078727893, "log10_lambda": 0.4673650146692472, "log10_min_child_weight": 1.2514836486842695, "log10_subsample": -0.8464318362161946, "max_depth": 8.0, "num_boost_round": 2.0}, "datetime": {"datetime": "2024-01-19 01:04:43", "elapsed": 3172.864547, "delta": 0.004048}}
{"target": -17.677201576805803, "params": {"gamma": 408.87486488013633, "log10_alpha": 0.7765004357465566, "log10_colsample_bytree": -0.6892005665458678, "log10_eta": -3.850297078727893, "log10_lambda": 0.4673650146692472, "log10_min_child_weight": 1.2514836486842695, "log10_subsample": -0.8464318362161946, "max_depth": 8.0, "num_boost_round": 3.0}, "datetime": {"datetime": "2024-01-19 01:04:43", "elapsed": 3172.868328, "delta": 0.003781}}
{"target": -17.67719107923403, "params": {"gamma": 408.87486488013633, "log10_alpha": 0.7765004357465566, "log10_colsample_bytree": -0.6892005665458678, "log10_eta": -3.850297078727893, "log10_lambda": 0.4673650146692472, "log10_min_child_weight": 1.2514836486842695, "log10_subsample": -0.8464318362161946, "max_depth": 8.0, "num_boost_round": 4.0}, "datetime": {"datetime": "2024-01-19 01:04:43", "elapsed": 3172.872157, "delta": 0.003829}}
{"target": -17.67718913437336, "params": {"gamma": 408.87486488013633, "log10_alpha": 0.7765004357465566, "log10_colsample_bytree": -0.6892005665458678, "log10_eta": -3.850297078727893, "log10_lambda": 0.4673650146692472, "log10_min_child_weight": 1.2514836486842695, "log10_subsample": -0.8464318362161946, "max_depth": 8.0, "num_boost_round": 5.0}, "datetime": {"datetime": "2024-01-19 01:04:43", "elapsed": 3172.875949, "delta": 0.003792}}
{"target": -17.677180372685, "params": {"gamma": 408.87486488013633, "log10_alpha": 0.7765004357465566, "log10_colsample_bytree": -0.6892005665458678, "log10_eta": -3.850297078727893, "log10_lambda": 0.4673650146692472, "log10_min_child_weight": 1.2514836486842695, "log10_subsample": -0.8464318362161946, "max_depth": 8.0, "num_boost_round": 6.0}, "datetime": {"datetime": "2024-01-19 01:04:43", "elapsed": 3172.879759, "delta": 0.00381}}
{"target": -17.6771742174589, "params": {"gamma": 408.87486488013633, "log10_alpha": 0.7765004357465566, "log10_colsample_bytree": -0.6892005665458678, "log10_eta": -3.850297078727893, "log10_lambda": 0.4673650146692472, "log10_min_child_weight": 1.2514836486842695, "log10_subsample": -0.8464318362161946, "max_depth": 8.0, "num_boost_round": 7.0}, "datetime": {"datetime": "2024-01-19 01:04:43", "elapsed": 3172.883673, "delta": 0.003914}}
{"target": -17.67717411627249, "params": {"gamma": 408.87486488013633, "log10_alpha": 0.7765004357465566, "log10_colsample_bytree": -0.6892005665458678, "log10_eta": -3.850297078727893, "log10_lambda": 0.4673650146692472, "log10_min_child_weight": 1.2514836486842695, "log10_subsample": -0.8464318362161946, "max_depth": 8.0, "num_boost_round": 8.0}, "datetime": {"datetime": "2024-01-19 01:04:43", "elapsed": 3172.887395, "delta": 0.003722}}
{"target": -17.67716504229557, "params": {"gamma": 408.87486488013633, "log10_alpha": 0.7765004357465566, "log10_colsample_bytree": -0.6892005665458678, "log10_eta": -3.850297078727893, "log10_lambda": 0.4673650146692472, "log10_min_child_weight": 1.2514836486842695, "log10_subsample": -0.8464318362161946, "max_depth": 8.0, "num_boost_round": 9.0}, "datetime": {"datetime": "2024-01-19 01:04:43", "elapsed": 3172.89123, "delta": 0.003835}}
{"target": -17.677148624533633, "params": {"gamma": 408.87486488013633, "log10_alpha": 0.7765004357465566, "log10_colsample_bytree": -0.6892005665458678, "log10_eta": -3.850297078727893, "log10_lambda": 0.4673650146692472, "log10_min_child_weight": 1.2514836486842695, "log10_subsample": -0.8464318362161946, "max_depth": 8.0, "num_boost_round": 10.0}, "datetime": {"datetime": "2024-01-19 01:04:43", "elapsed": 3172.894934, "delta": 0.003704}}
{"target": -17.6771476823247, "params": {"gamma": 408.87486488013633, "log10_alpha": 0.7765004357465566, "log10_colsample_bytree": -0.6892005665458678, "log10_eta": -3.850297078727893, "log10_lambda": 0.4673650146692472, "log10_min_child_weight": 1.2514836486842695, "log10_subsample": -0.8464318362161946, "max_depth": 8.0, "num_boost_round": 11.0}, "datetime": {"datetime": "2024-01-19 01:04:43", "elapsed": 3172.898668, "delta": 0.003734}}
{"target": -17.677135708058167, "params": {"gamma": 408.87486488013633, "log10_alpha": 0.7765004357465566, "log10_colsample_bytree": -0.6892005665458678, "log10_eta": -3.850297078727893, "log10_lambda": 0.4673650146692472, "log10_min_child_weight": 1.2514836486842695, "log10_subsample": -0.8464318362161946, "max_depth": 8.0, "num_boost_round": 12.0}, "datetime": {"datetime": "2024-01-19 01:04:43", "elapsed": 3172.9025, "delta": 0.003832}}
{"target": -17.677133528532607, "params": {"gamma": 408.87486488013633, "log10_alpha": 0.7765004357465566, "log10_colsample_bytree": -0.6892005665458678, "log10_eta": -3.850297078727893, "log10_lambda": 0.4673650146692472, "log10_min_child_weight": 1.2514836486842695, "log10_subsample": -0.8464318362161946, "max_depth": 8.0, "num_boost_round": 13.0}, "datetime": {"datetime": "2024-01-19 01:04:43", "elapsed": 3172.906221, "delta": 0.003721}}
{"target": -17.677140746944257, "params": {"gamma": 408.87486488013633, "log10_alpha": 0.7765004357465566, "log10_colsample_bytree": -0.6892005665458678, "log10_eta": -3.850297078727893, "log10_lambda": 0.4673650146692472, "log10_min_child_weight": 1.2514836486842695, "log10_subsample": -0.8464318362161946, "max_depth": 8.0, "num_boost_round": 14.0}, "datetime": {"datetime": "2024-01-19 01:04:43", "elapsed": 3172.909995, "delta": 0.003774}}
{"target": -17.677131469821994, "params": {"gamma": 408.87486488013633, "log10_alpha": 0.7765004357465566, "log10_colsample_bytree": -0.6892005665458678, "log10_eta": -3.850297078727893, "log10_lambda": 0.4673650146692472, "log10_min_child_weight": 1.2514836486842695, "log10_subsample": -0.8464318362161946, "max_depth": 8.0, "num_boost_round": 15.0}, "datetime": {"datetime": "2024-01-19 01:04:43", "elapsed": 3172.913745, "delta": 0.00375}}
{"target": -17.677123743983064, "params": {"gamma": 408.87486488013633, "log10_alpha": 0.7765004357465566, "log10_colsample_bytree": -0.6892005665458678, "log10_eta": -3.850297078727893, "log10_lambda": 0.4673650146692472, "log10_min_child_weight": 1.2514836486842695, "log10_subsample": -0.8464318362161946, "max_depth": 8.0, "num_boost_round": 16.0}, "datetime": {"datetime": "2024-01-19 01:04:43", "elapsed": 3172.917505, "delta": 0.00376}}
{"target": -17.67712231658207, "params": {"gamma": 408.87486488013633, "log10_alpha": 0.7765004357465566, "log10_colsample_bytree": -0.6892005665458678, "log10_eta": -3.850297078727893, "log10_lambda": 0.4673650146692472, "log10_min_child_weight": 1.2514836486842695, "log10_subsample": -0.8464318362161946, "max_depth": 8.0, "num_boost_round": 17.0}, "datetime": {"datetime": "2024-01-19 01:04:43", "elapsed": 3172.921237, "delta": 0.003732}}
{"target": -17.677125468444682, "params": {"gamma": 408.87486488013633, "log10_alpha": 0.7765004357465566, "log10_colsample_bytree": -0.6892005665458678, "log10_eta": -3.850297078727893, "log10_lambda": 0.4673650146692472, "log10_min_child_weight": 1.2514836486842695, "log10_subsample": -0.8464318362161946, "max_depth": 8.0, "num_boost_round": 18.0}, "datetime": {"datetime": "2024-01-19 01:04:43", "elapsed": 3172.925088, "delta": 0.003851}}
{"target": -17.677114560389256, "params": {"gamma": 408.87486488013633, "log10_alpha": 0.7765004357465566, "log10_colsample_bytree": -0.6892005665458678, "log10_eta": -3.850297078727893, "log10_lambda": 0.4673650146692472, "log10_min_child_weight": 1.2514836486842695, "log10_subsample": -0.8464318362161946, "max_depth": 8.0, "num_boost_round": 19.0}, "datetime": {"datetime": "2024-01-19 01:04:43", "elapsed": 3172.928901, "delta": 0.003813}}
{"target": -17.677103009385444, "params": {"gamma": 408.87486488013633, "log10_alpha": 0.7765004357465566, "log10_colsample_bytree": -0.6892005665458678, "log10_eta": -3.850297078727893, "log10_lambda": 0.4673650146692472, "log10_min_child_weight": 1.2514836486842695, "log10_subsample": -0.8464318362161946, "max_depth": 8.0, "num_boost_round": 20.0}, "datetime": {"datetime": "2024-01-19 01:04:43", "elapsed": 3172.932696, "delta": 0.003795}}
{"target": -17.67709294180823, "params": {"gamma": 408.87486488013633, "log10_alpha": 0.7765004357465566, "log10_colsample_bytree": -0.6892005665458678, "log10_eta": -3.850297078727893, "log10_lambda": 0.4673650146692472, "log10_min_child_weight": 1.2514836486842695, "log10_subsample": -0.8464318362161946, "max_depth": 8.0, "num_boost_round": 21.0}, "datetime": {"datetime": "2024-01-19 01:04:43", "elapsed": 3172.936445, "delta": 0.003749}}
{"target": -17.67708690520617, "params": {"gamma": 408.87486488013633, "log10_alpha": 0.7765004357465566, "log10_colsample_bytree": -0.6892005665458678, "log10_eta": -3.850297078727893, "log10_lambda": 0.4673650146692472, "log10_min_child_weight": 1.2514836486842695, "log10_subsample": -0.8464318362161946, "max_depth": 8.0, "num_boost_round": 22.0}, "datetime": {"datetime": "2024-01-19 01:04:43", "elapsed": 3172.940188, "delta": 0.003743}}
{"target": -17.677082555298394, "params": {"gamma": 408.87486488013633, "log10_alpha": 0.7765004357465566, "log10_colsample_bytree": -0.6892005665458678, "log10_eta": -3.850297078727893, "log10_lambda": 0.4673650146692472, "log10_min_child_weight": 1.2514836486842695, "log10_subsample": -0.8464318362161946, "max_depth": 8.0, "num_boost_round": 23.0}, "datetime": {"datetime": "2024-01-19 01:04:43", "elapsed": 3172.944124, "delta": 0.003936}}
{"target": -17.677083010515407, "params": {"gamma": 408.87486488013633, "log10_alpha": 0.7765004357465566, "log10_colsample_bytree": -0.6892005665458678, "log10_eta": -3.850297078727893, "log10_lambda": 0.4673650146692472, "log10_min_child_weight": 1.2514836486842695, "log10_subsample": -0.8464318362161946, "max_depth": 8.0, "num_boost_round": 24.0}, "datetime": {"datetime": "2024-01-19 01:04:43", "elapsed": 3172.948025, "delta": 0.003901}}
{"target": -17.677077178349155, "params": {"gamma": 408.87486488013633, "log10_alpha": 0.7765004357465566, "log10_colsample_bytree": -0.6892005665458678, "log10_eta": -3.850297078727893, "log10_lambda": 0.4673650146692472, "log10_min_child_weight": 1.2514836486842695, "log10_subsample": -0.8464318362161946, "max_depth": 8.0, "num_boost_round": 25.0}, "datetime": {"datetime": "2024-01-19 01:04:43", "elapsed": 3172.95196, "delta": 0.003935}}
{"target": -17.677071777151237, "params": {"gamma": 408.87486488013633, "log10_alpha": 0.7765004357465566, "log10_colsample_bytree": -0.6892005665458678, "log10_eta": -3.850297078727893, "log10_lambda": 0.4673650146692472, "log10_min_child_weight": 1.2514836486842695, "log10_subsample": -0.8464318362161946, "max_depth": 8.0, "num_boost_round": 26.0}, "datetime": {"datetime": "2024-01-19 01:04:43", "elapsed": 3172.955772, "delta": 0.003812}}
{"target": -17.677229105411563, "params": {"gamma": 411.638125545733, "log10_alpha": -4.69824759476545, "log10_colsample_bytree": -0.8142098517174207, "log10_eta": -3.923828196463865, "log10_lambda": -4.2355255637559415, "log10_min_child_weight": 3.898771938181542, "log10_subsample": -0.4760755436748063, "max_depth": 7.0, "num_boost_round": 0.0}, "datetime": {"datetime": "2024-01-19 01:06:07", "elapsed": 3257.391485, "delta": 84.435713}}
{"target": -17.677229953822636, "params": {"gamma": 411.638125545733, "log10_alpha": -4.69824759476545, "log10_colsample_bytree": -0.8142098517174207, "log10_eta": -3.923828196463865, "log10_lambda": -4.2355255637559415, "log10_min_child_weight": 3.898771938181542, "log10_subsample": -0.4760755436748063, "max_depth": 7.0, "num_boost_round": 1.0}, "datetime": {"datetime": "2024-01-19 01:06:07", "elapsed": 3257.396229, "delta": 0.004744}}
{"target": -17.677228957149964, "params": {"gamma": 411.638125545733, "log10_alpha": -4.69824759476545, "log10_colsample_bytree": -0.8142098517174207, "log10_eta": -3.923828196463865, "log10_lambda": -4.2355255637559415, "log10_min_child_weight": 3.898771938181542, "log10_subsample": -0.4760755436748063, "max_depth": 7.0, "num_boost_round": 2.0}, "datetime": {"datetime": "2024-01-19 01:06:07", "elapsed": 3257.400369, "delta": 0.00414}}
{"target": -17.677229389368645, "params": {"gamma": 411.638125545733, "log10_alpha": -4.69824759476545, "log10_colsample_bytree": -0.8142098517174207, "log10_eta": -3.923828196463865, "log10_lambda": -4.2355255637559415, "log10_min_child_weight": 3.898771938181542, "log10_subsample": -0.4760755436748063, "max_depth": 7.0, "num_boost_round": 3.0}, "datetime": {"datetime": "2024-01-19 01:06:07", "elapsed": 3257.404423, "delta": 0.004054}}
{"target": -17.677226904567043, "params": {"gamma": 411.638125545733, "log10_alpha": -4.69824759476545, "log10_colsample_bytree": -0.8142098517174207, "log10_eta": -3.923828196463865, "log10_lambda": -4.2355255637559415, "log10_min_child_weight": 3.898771938181542, "log10_subsample": -0.4760755436748063, "max_depth": 7.0, "num_boost_round": 4.0}, "datetime": {"datetime": "2024-01-19 01:06:07", "elapsed": 3257.408263, "delta": 0.00384}}
{"target": -17.677227288682626, "params": {"gamma": 411.638125545733, "log10_alpha": -4.69824759476545, "log10_colsample_bytree": -0.8142098517174207, "log10_eta": -3.923828196463865, "log10_lambda": -4.2355255637559415, "log10_min_child_weight": 3.898771938181542, "log10_subsample": -0.4760755436748063, "max_depth": 7.0, "num_boost_round": 5.0}, "datetime": {"datetime": "2024-01-19 01:06:07", "elapsed": 3257.412217, "delta": 0.003954}}
{"target": -17.67722991210145, "params": {"gamma": 411.638125545733, "log10_alpha": -4.69824759476545, "log10_colsample_bytree": -0.8142098517174207, "log10_eta": -3.923828196463865, "log10_lambda": -4.2355255637559415, "log10_min_child_weight": 3.898771938181542, "log10_subsample": -0.4760755436748063, "max_depth": 7.0, "num_boost_round": 6.0}, "datetime": {"datetime": "2024-01-19 01:06:07", "elapsed": 3257.41609, "delta": 0.003873}}
{"target": -17.677227527170746, "params": {"gamma": 411.638125545733, "log10_alpha": -4.69824759476545, "log10_colsample_bytree": -0.8142098517174207, "log10_eta": -3.923828196463865, "log10_lambda": -4.2355255637559415, "log10_min_child_weight": 3.898771938181542, "log10_subsample": -0.4760755436748063, "max_depth": 7.0, "num_boost_round": 7.0}, "datetime": {"datetime": "2024-01-19 01:06:07", "elapsed": 3257.419929, "delta": 0.003839}}
{"target": -17.67722741698699, "params": {"gamma": 411.638125545733, "log10_alpha": -4.69824759476545, "log10_colsample_bytree": -0.8142098517174207, "log10_eta": -3.923828196463865, "log10_lambda": -4.2355255637559415, "log10_min_child_weight": 3.898771938181542, "log10_subsample": -0.4760755436748063, "max_depth": 7.0, "num_boost_round": 8.0}, "datetime": {"datetime": "2024-01-19 01:06:07", "elapsed": 3257.42385, "delta": 0.003921}}
{"target": -17.67722789107281, "params": {"gamma": 411.638125545733, "log10_alpha": -4.69824759476545, "log10_colsample_bytree": -0.8142098517174207, "log10_eta": -3.923828196463865, "log10_lambda": -4.2355255637559415, "log10_min_child_weight": 3.898771938181542, "log10_subsample": -0.4760755436748063, "max_depth": 7.0, "num_boost_round": 9.0}, "datetime": {"datetime": "2024-01-19 01:06:07", "elapsed": 3257.427732, "delta": 0.003882}}
