{"target": -17.669607429018495, "params": {"gamma": 973.7760052316238, "log10_alpha": -4.850029506482209, "log10_colsample_bytree": -0.9004608012764341, "log10_eta": -1.9963563649539635, "log10_lambda": -0.9351617554864093, "log10_min_child_weight": 1.6788431816294958, "log10_subsample": -0.9978335088472001, "max_depth": 9.0, "num_boost_round": 33.0}, "datetime": {"datetime": "2024-01-19 00:48:06", "elapsed": 2180.07881, "delta": 0.002477}}
{"target": -17.669282264280238, "params": {"gamma": 973.7760052316238, "log10_alpha": -4.850029506482209, "log10_colsample_bytree": -0.9004608012764341, "log10_eta": -1.9963563649539635, "log10_lambda": -0.9351617554864093, "log10_min_child_weight": 1.6788431816294958, "log10_subsample": -0.9978335088472001, "max_depth": 9.0, "num_boost_round": 34.0}, "datetime": {"datetime": "2024-01-19 00:48:06", "elapsed": 2180.081278, "delta": 0.002468}}
{"target": -17.669124204503465, "params": {"gamma": 973.7760052316238, "log10_alpha": -4.850029506482209, "log10_colsample_bytree": -0.9004608012764341, "log10_eta": -1.9963563649539635, "log10_lambda": -0.9351617554864093, "log10_min_child_weight": 1.6788431816294958, "log10_subsample": -0.9978335088472001, "max_depth": 9.0, "num_boost_round": 35.0}, "datetime": {"datetime": "2024-01-19 00:48:06", "elapsed": 2180.08387, "delta": 0.002592}}
{"target": -17.669212360495482, "params": {"gamma": 973.7760052316238, "log10_alpha": -4.850029506482209, "log10_colsample_bytree": -0.9004608012764341, "log10_eta": -1.9963563649539635, "log10_lambda": -0.9351617554864093, "log10_min_child_weight": 1.6788431816294958, "log10_subsample": -0.9978335088472001, "max_depth": 9.0, "num_boost_round": 36.0}, "datetime": {"datetime": "2024-01-19 00:48:06", "elapsed": 2180.086437, "delta": 0.002567}}
{"target": -17.669096200072346, "params": {"gamma": 973.7760052316238, "log10_alpha": -4.850029506482209, "log10_colsample_bytree": -0.9004608012764341, "log10_eta": -1.9963563649539635, "log10_lambda": -0.9351617554864093, "log10_min_child_weight": 1.6788431816294958, "log10_subsample": -0.9978335088472001, "max_depth": 9.0, "num_boost_round": 37.0}, "datetime": {"datetime": "2024-01-19 00:48:06", "elapsed": 2180.088956, "delta": 0.002519}}
{"target": -17.66918834516952, "params": {"gamma": 973.7760052316238, "log10_alpha": -4.850029506482209, "log10_colsample_bytree": -0.9004608012764341, "log10_eta": -1.9963563649539635, "log10_lambda": -0.9351617554864093, "log10_min_child_weight": 1.6788431816294958, "log10_subsample": -0.9978335088472001, "max_depth": 9.0, "num_boost_round": 38.0}, "datetime": {"datetime": "2024-01-19 00:48:06", "elapsed": 2180.091541, "delta": 0.002585}}
{"target": -17.669565970283415, "params": {"gamma": 973.7760052316238, "log10_alpha": -4.850029506482209, "log10_colsample_bytree": -0.9004608012764341, "log10_eta": -1.9963563649539635, "log10_lambda": -0.9351617554864093, "log10_min_child_weight": 1.6788431816294958, "log10_subsample": -0.9978335088472001, "max_depth": 9.0, "num_boost_round": 39.0}, "datetime": {"datetime": "2024-01-19 00:48:06", "elapsed": 2180.098424, "delta": 0.006883}}
{"target": -17.6697704367504, "params": {"gamma": 973.7760052316238, "log10_alpha": -4.850029506482209, "log10_colsample_bytree": -0.9004608012764341, "log10_eta": -1.9963563649539635, "log10_lambda": -0.9351617554864093, "log10_min_child_weight": 1.6788431816294958, "log10_subsample": -0.9978335088472001, "max_depth": 9.0, "num_boost_round": 40.0}, "datetime": {"datetime": "2024-01-19 00:48:06", "elapsed": 2180.100911, "delta": 0.002487}}
{"target": -17.669531637545212, "params": {"gamma": 973.7760052316238, "log10_alpha": -4.850029506482209, "log10_colsample_bytree": -0.9004608012764341, "log10_eta": -1.9963563649539635, "log10_lambda": -0.9351617554864093, "log10_min_child_weight": 1.6788431816294958, "log10_subsample": -0.9978335088472001, "max_depth": 9.0, "num_boost_round": 41.0}, "datetime": {"datetime": "2024-01-19 00:48:06", "elapsed": 2180.103478, "delta": 0.002567}}
{"target": -17.669398015796673, "params": {"gamma": 973.7760052316238, "log10_alpha": -4.850029506482209, "log10_colsample_bytree": -0.9004608012764341, "log10_eta": -1.9963563649539635, "log10_lambda": -0.9351617554864093, "log10_min_child_weight": 1.6788431816294958, "log10_subsample": -0.9978335088472001, "max_depth": 9.0, "num_boost_round": 42.0}, "datetime": {"datetime": "2024-01-19 00:48:06", "elapsed": 2180.105952, "delta": 0.002474}}
{"target": -17.66913623369943, "params": {"gamma": 973.7760052316238, "log10_alpha": -4.850029506482209, "log10_colsample_bytree": -0.9004608012764341, "log10_eta": -1.9963563649539635, "log10_lambda": -0.9351617554864093, "log10_min_child_weight": 1.6788431816294958, "log10_subsample": -0.9978335088472001, "max_depth": 9.0, "num_boost_round": 43.0}, "datetime": {"datetime": "2024-01-19 00:48:06", "elapsed": 2180.108417, "delta": 0.002465}}
{"target": -17.669237930975193, "params": {"gamma": 973.7760052316238, "log10_alpha": -4.850029506482209, "log10_colsample_bytree": -0.9004608012764341, "log10_eta": -1.9963563649539635, "log10_lambda": -0.9351617554864093, "log10_min_child_weight": 1.6788431816294958, "log10_subsample": -0.9978335088472001, "max_depth": 9.0, "num_boost_round": 44.0}, "datetime": {"datetime": "2024-01-19 00:48:06", "elapsed": 2180.111125, "delta": 0.002708}}
{"target": -17.67723175116576, "params": {"gamma": 964.8154137639195, "log10_alpha": -2.657211593311649, "log10_colsample_bytree": -0.6980589659606873, "log10_eta": -3.604985426987998, "log10_lambda": 0.6052763232666738, "log10_min_child_weight": 4.877053984831035, "log10_subsample": -0.6203941805469748, "max_depth": 8.0, "num_boost_round": 0.0}, "datetime": {"datetime": "2024-01-19 00:48:35", "elapsed": 2208.948468, "delta": 28.837343}}
{"target": -17.67722959638381, "params": {"gamma": 964.8154137639195, "log10_alpha": -2.657211593311649, "log10_colsample_bytree": -0.6980589659606873, "log10_eta": -3.604985426987998, "log10_lambda": 0.6052763232666738, "log10_min_child_weight": 4.877053984831035, "log10_subsample": -0.6203941805469748, "max_depth": 8.0, "num_boost_round": 1.0}, "datetime": {"datetime": "2024-01-19 00:48:35", "elapsed": 2208.95186, "delta": 0.003392}}
{"target": -17.677229545179983, "params": {"gamma": 964.8154137639195, "log10_alpha": -2.657211593311649, "log10_colsample_bytree": -0.6980589659606873, "log10_eta": -3.604985426987998, "log10_lambda": 0.6052763232666738, "log10_min_child_weight": 4.877053984831035, "log10_subsample": -0.6203941805469748, "max_depth": 8.0, "num_boost_round": 2.0}, "datetime": {"datetime": "2024-01-19 00:48:35", "elapsed": 2208.954548, "delta": 0.002688}}
{"target": -17.677227353911167, "params": {"gamma": 964.8154137639195, "log10_alpha": -2.657211593311649, "log10_colsample_bytree": -0.6980589659606873, "log10_eta": -3.604985426987998, "log10_lambda": 0.6052763232666738, "log10_min_child_weight": 4.877053984831035, "log10_subsample": -0.6203941805469748, "max_depth": 8.0, "num_boost_round": 3.0}, "datetime": {"datetime": "2024-01-19 00:48:35", "elapsed": 2208.957089, "delta": 0.002541}}
{"target": -17.677225380692597, "params": {"gamma": 964.8154137639195, "log10_alpha": -2.657211593311649, "log10_colsample_bytree": -0.6980589659606873, "log10_eta": -3.604985426987998, "log10_lambda": 0.6052763232666738, "log10_min_child_weight": 4.877053984831035, "log10_subsample": -0.6203941805469748, "max_depth": 8.0, "num_boost_round": 4.0}, "datetime": {"datetime": "2024-01-19 00:48:35", "elapsed": 2208.959601, "delta": 0.002512}}
{"target": -17.677225051705005, "params": {"gamma": 964.8154137639195, "log10_alpha": -2.657211593311649, "log10_colsample_bytree": -0.6980589659606873, "log10_eta": -3.604985426987998, "log10_lambda": 0.6052763232666738, "log10_min_child_weight": 4.877053984831035, "log10_subsample": -0.6203941805469748, "max_depth": 8.0, "num_boost_round": 5.0}, "datetime": {"datetime": "2024-01-19 00:48:35", "elapsed": 2208.962267, "delta": 0.002666}}
{"target": -17.677223307211356, "params": {"gamma": 964.8154137639195, "log10_alpha": -2.657211593311649, "log10_colsample_bytree": -0.6980589659606873, "log10_eta": -3.604985426987998, "log10_lambda": 0.6052763232666738, "log10_min_child_weight": 4.877053984831035, "log10_subsample": -0.6203941805469748, "max_depth": 8.0, "num_boost_round": 6.0}, "datetime": {"datetime": "2024-01-19 00:48:35", "elapsed": 2208.964867, "delta": 0.0026}}
{"target": -17.677221729953953, "params": {"gamma": 964.8154137639195, "log10_alpha": -2.657211593311649, "log10_colsample_bytree": -0.6980589659606873, "log10_eta": -3.604985426987998, "log10_lambda": 0.6052763232666738, "log10_min_child_weight": 4.877053984831035, "log10_subsample": -0.6203941805469748, "max_depth": 8.0, "num_boost_round": 7.0}, "datetime": {"datetime": "2024-01-19 00:48:35", "elapsed": 2208.967419, "delta": 0.002552}}
{"target": -17.677220015340264, "params": {"gamma": 964.8154137639195, "log10_alpha": -2.657211593311649, "log10_colsample_bytree": -0.6980589659606873, "log10_eta": -3.604985426987998, "log10_lambda": 0.6052763232666738, "log10_min_child_weight": 4.877053984831035, "log10_subsample": -0.6203941805469748, "max_depth": 8.0, "num_boost_round": 8.0}, "datetime": {"datetime": "2024-01-19 00:48:35", "elapsed": 2208.970013, "delta": 0.002594}}
{"target": -17.677217821764472, "params": {"gamma": 964.8154137639195, "log10_alpha": -2.657211593311649, "log10_colsample_bytree": -0.6980589659606873, "log10_eta": -3.604985426987998, "log10_lambda": 0.6052763232666738, "log10_min_child_weight": 4.877053984831035, "log10_subsample": -0.6203941805469748, "max_depth": 8.0, "num_boost_round": 9.0}, "datetime": {"datetime": "2024-01-19 00:48:35", "elapsed": 2208.972645, "delta": 0.002632}}
{"target": -17.677215237850422, "params": {"gamma": 964.8154137639195, "log10_alpha": -2.657211593311649, "log10_colsample_bytree": -0.6980589659606873, "log10_eta": -3.604985426987998, "log10_lambda": 0.6052763232666738, "log10_min_child_weight": 4.877053984831035, "log10_subsample": -0.6203941805469748, "max_depth": 8.0, "num_boost_round": 10.0}, "datetime": {"datetime": "2024-01-19 00:48:35", "elapsed": 2208.975174, "delta": 0.002529}}
{"target": -17.677213219082876, "params": {"gamma": 964.8154137639195, "log10_alpha": -2.657211593311649, "log10_colsample_bytree": -0.6980589659606873, "log10_eta": -3.604985426987998, "log10_lambda": 0.6052763232666738, "log10_min_child_weight": 4.877053984831035, "log10_subsample": -0.6203941805469748, "max_depth": 8.0, "num_boost_round": 11.0}, "datetime": {"datetime": "2024-01-19 00:48:35", "elapsed": 2208.977695, "delta": 0.002521}}
{"target": -17.677211331979386, "params": {"gamma": 964.8154137639195, "log10_alpha": -2.657211593311649, "log10_colsample_bytree": -0.6980589659606873, "log10_eta": -3.604985426987998, "log10_lambda": 0.6052763232666738, "log10_min_child_weight": 4.877053984831035, "log10_subsample": -0.6203941805469748, "max_depth": 8.0, "num_boost_round": 12.0}, "datetime": {"datetime": "2024-01-19 00:48:35", "elapsed": 2208.980252, "delta": 0.002557}}
{"target": -17.677231379704622, "params": {"gamma": 975.4210895446979, "log10_alpha": -3.820128079524709, "log10_colsample_bytree": -0.3265094744595769, "log10_eta": -3.982922043226131, "log10_lambda": -4.306731680757849, "log10_min_child_weight": 3.5012954856772844, "log10_subsample": -0.09758722735600278, "max_depth": 2.0, "num_boost_round": 0.0}, "datetime": {"datetime": "2024-01-19 00:49:12", "elapsed": 2246.319825, "delta": 37.339573}}
{"target": -17.67722981028725, "params": {"gamma": 975.4210895446979, "log10_alpha": -3.820128079524709, "log10_colsample_bytree": -0.3265094744595769, "log10_eta": -3.982922043226131, "log10_lambda": -4.306731680757849, "log10_min_child_weight": 3.5012954856772844, "log10_subsample": -0.09758722735600278, "max_depth": 2.0, "num_boost_round": 1.0}, "datetime": {"datetime": "2024-01-19 00:49:12", "elapsed": 2246.323354, "delta": 0.003529}}
{"target": -17.67722640086868, "params": {"gamma": 975.4210895446979, "log10_alpha": -3.820128079524709, "log10_colsample_bytree": -0.3265094744595769, "log10_eta": -3.982922043226131, "log10_lambda": -4.306731680757849, "log10_min_child_weight": 3.5012954856772844, "log10_subsample": -0.09758722735600278, "max_depth": 2.0, "num_boost_round": 2.0}, "datetime": {"datetime": "2024-01-19 00:49:12", "elapsed": 2246.326436, "delta": 0.003082}}
{"target": -17.67722442206528, "params": {"gamma": 975.4210895446979, "log10_alpha": -3.820128079524709, "log10_colsample_bytree": -0.3265094744595769, "log10_eta": -3.982922043226131, "log10_lambda": -4.306731680757849, "log10_min_child_weight": 3.5012954856772844, "log10_subsample": -0.09758722735600278, "max_depth": 2.0, "num_boost_round": 3.0}, "datetime": {"datetime": "2024-01-19 00:49:12", "elapsed": 2246.329058, "delta": 0.002622}}
{"target": -17.677222173234036, "params": {"gamma": 975.4210895446979, "log10_alpha": -3.820128079524709, "log10_colsample_bytree": -0.3265094744595769, "log10_eta": -3.982922043226131, "log10_lambda": -4.306731680757849, "log10_min_child_weight": 3.5012954856772844, "log10_subsample": -0.09758722735600278, "max_depth": 2.0, "num_boost_round": 4.0}, "datetime": {"datetime": "2024-01-19 00:49:12", "elapsed": 2246.331808, "delta": 0.00275}}
{"target": -17.67722031746458, "params": {"gamma": 975.4210895446979, "log10_alpha": -3.820128079524709, "log10_colsample_bytree": -0.3265094744595769, "log10_eta": -3.982922043226131, "log10_lambda": -4.306731680757849, "log10_min_child_weight": 3.5012954856772844, "log10_subsample": -0.09758722735600278, "max_depth": 2.0, "num_boost_round": 5.0}, "datetime": {"datetime": "2024-01-19 00:49:12", "elapsed": 2246.334627, "delta": 0.002819}}
{"target": -17.677219149045428, "params": {"gamma": 975.4210895446979, "log10_alpha": -3.820128079524709, "log10_colsample_bytree": -0.3265094744595769, "log10_eta": -3.982922043226131, "log10_lambda": -4.306731680757849, "log10_min_child_weight": 3.5012954856772844, "log10_subsample": -0.09758722735600278, "max_depth": 2.0, "num_boost_round": 6.0}, "datetime": {"datetime": "2024-01-19 00:49:12", "elapsed": 2246.337271, "delta": 0.002644}}
{"target": -17.677216516920353, "params": {"gamma": 975.4210895446979, "log10_alpha": -3.820128079524709, "log10_colsample_bytree": -0.3265094744595769, "log10_eta": -3.982922043226131, "log10_lambda": -4.306731680757849, "log10_min_child_weight": 3.5012954856772844, "log10_subsample": -0.09758722735600278, "max_depth": 2.0, "num_boost_round": 7.0}, "datetime": {"datetime": "2024-01-19 00:49:12", "elapsed": 2246.339923, "delta": 0.002652}}
{"target": -17.677214663714523, "params": {"gamma": 975.4210895446979, "log10_alpha": -3.820128079524709, "log10_colsample_bytree": -0.3265094744595769, "log10_eta": -3.982922043226131, "log10_lambda": -4.306731680757849, "log10_min_child_weight": 3.5012954856772844, "log10_subsample": -0.09758722735600278, "max_depth": 2.0, "num_boost_round": 8.0}, "datetime": {"datetime": "2024-01-19 00:49:12", "elapsed": 2246.342523, "delta": 0.0026}}
{"target": -17.677212923725588, "params": {"gamma": 975.4210895446979, "log10_alpha": -3.820128079524709, "log10_colsample_bytree": -0.3265094744595769, "log10_eta": -3.982922043226131, "log10_lambda": -4.306731680757849, "log10_min_child_weight": 3.5012954856772844, "log10_subsample": -0.09758722735600278, "max_depth": 2.0, "num_boost_round": 9.0}, "datetime": {"datetime": "2024-01-19 00:49:12", "elapsed": 2246.345078, "delta": 0.002555}}
{"target": -17.67721068775918, "params": {"gamma": 975.4210895446979, "log10_alpha": -3.820128079524709, "log10_colsample_bytree": -0.3265094744595769, "log10_eta": -3.982922043226131, "log10_lambda": -4.306731680757849, "log10_min_child_weight": 3.5012954856772844, "log10_subsample": -0.09758722735600278, "max_depth": 2.0, "num_boost_round": 10.0}, "datetime": {"datetime": "2024-01-19 00:49:12", "elapsed": 2246.347671, "delta": 0.002593}}
{"target": -17.67721031181056, "params": {"gamma": 975.4210895446979, "log10_alpha": -3.820128079524709, "log10_colsample_bytree": -0.3265094744595769, "log10_eta": -3.982922043226131, "log10_lambda": -4.306731680757849, "log10_min_child_weight": 3.5012954856772844, "log10_subsample": -0.09758722735600278, "max_depth": 2.0, "num_boost_round": 11.0}, "datetime": {"datetime": "2024-01-19 00:49:12", "elapsed": 2246.350235, "delta": 0.002564}}
{"target": -17.677208012031574, "params": {"gamma": 975.4210895446979, "log10_alpha": -3.820128079524709, "log10_colsample_bytree": -0.3265094744595769, "log10_eta": -3.982922043226131, "log10_lambda": -4.306731680757849, "log10_min_child_weight": 3.5012954856772844, "log10_subsample": -0.09758722735600278, "max_depth": 2.0, "num_boost_round": 12.0}, "datetime": {"datetime": "2024-01-19 00:49:12", "elapsed": 2246.35282, "delta": 0.002585}}
{"target": -17.67720571179716, "params": {"gamma": 975.4210895446979, "log10_alpha": -3.820128079524709, "log10_colsample_bytree": -0.3265094744595769, "log10_eta": -3.982922043226131, "log10_lambda": -4.306731680757849, "log10_min_child_weight": 3.5012954856772844, "log10_subsample": -0.09758722735600278, "max_depth": 2.0, "num_boost_round": 13.0}, "datetime": {"datetime": "2024-01-19 00:49:12", "elapsed": 2246.355408, "delta": 0.002588}}
{"target": -17.677204850849435, "params": {"gamma": 975.4210895446979, "log10_alpha": -3.820128079524709, "log10_colsample_bytree": -0.3265094744595769, "log10_eta": -3.982922043226131, "log10_lambda": -4.306731680757849, "log10_min_child_weight": 3.5012954856772844, "log10_subsample": -0.09758722735600278, "max_depth": 2.0, "num_boost_round": 14.0}, "datetime": {"datetime": "2024-01-19 00:49:12", "elapsed": 2246.358001, "delta": 0.002593}}
{"target": -17.677204004573483, "params": {"gamma": 975.4210895446979, "log10_alpha": -3.820128079524709, "log10_colsample_bytree": -0.3265094744595769, "log10_eta": -3.982922043226131, "log10_lambda": -4.306731680757849, "log10_min_child_weight": 3.5012954856772844, "log10_subsample": -0.09758722735600278, "max_depth": 2.0, "num_boost_round": 15.0}, "datetime": {"datetime": "2024-01-19 00:49:12", "elapsed": 2246.360633, "delta": 0.002632}}
{"target": -17.677203313375408, "params": {"gamma": 975.4210895446979, "log10_alpha": -3.820128079524709, "log10_colsample_bytree": -0.3265094744595769, "log10_eta": -3.982922043226131, "log10_lambda": -4.306731680757849, "log10_min_child_weight": 3.5012954856772844, "log10_subsample": -0.09758722735600278, "max_depth": 2.0, "num_boost_round": 16.0}, "datetime": {"datetime": "2024-01-19 00:49:12", "elapsed": 2246.363245, "delta": 0.002612}}
{"target": -17.6772013934164, "params": {"gamma": 975.4210895446979, "log10_alpha": -3.820128079524709, "log10_colsample_bytree": -0.3265094744595769, "log10_eta": -3.982922043226131, "log10_lambda": -4.306731680757849, "log10_min_child_weight": 3.5012954856772844, "log10_subsample": -0.09758722735600278, "max_depth": 2.0, "num_boost_round": 17.0}, "datetime": {"datetime": "2024-01-19 00:49:12", "elapsed": 2246.36582, "delta": 0.002575}}
{"target": -17.677199541440746, "params": {"gamma": 975.4210895446979, "log10_alpha": -3.820128079524709, "log10_colsample_bytree": -0.3265094744595769, "log10_eta": -3.982922043226131, "log10_lambda": -4.306731680757849, "log10_min_child_weight": 3.5012954856772844, "log10_subsample": -0.09758722735600278, "max_depth": 2.0, "num_boost_round": 18.0}, "datetime": {"datetime": "2024-01-19 00:49:12", "elapsed": 2246.368398, "delta": 0.002578}}
{"target": -17.67719847538636, "params": {"gamma": 975.4210895446979, "log10_alpha": -3.820128079524709, "log10_colsample_bytree": -0.3265094744595769, "log10_eta": -3.982922043226131, "log10_lambda": -4.306731680757849, "log10_min_child_weight": 3.5012954856772844, "log10_subsample": -0.09758722735600278, "max_depth": 2.0, "num_boost_round": 19.0}, "datetime": {"datetime": "2024-01-19 00:49:12", "elapsed": 2246.370962, "delta": 0.002564}}
{"target": -17.677195967886878, "params": {"gamma": 975.4210895446979, "log10_alpha": -3.820128079524709, "log10_colsample_bytree": -0.3265094744595769, "log10_eta": -3.982922043226131, "log10_lambda": -4.306731680757849, "log10_min_child_weight": 3.5012954856772844, "log10_subsample": -0.09758722735600278, "max_depth": 2.0, "num_boost_round": 20.0}, "datetime": {"datetime": "2024-01-19 00:49:12", "elapsed": 2246.373548, "delta": 0.002586}}
{"target": -17.677193142417696, "params": {"gamma": 975.4210895446979, "log10_alpha": -3.820128079524709, "log10_colsample_bytree": -0.3265094744595769, "log10_eta": -3.982922043226131, "log10_lambda": -4.306731680757849, "log10_min_child_weight": 3.5012954856772844, "log10_subsample": -0.09758722735600278, "max_depth": 2.0, "num_boost_round": 21.0}, "datetime": {"datetime": "2024-01-19 00:49:12", "elapsed": 2246.376111, "delta": 0.002563}}
{"target": -17.67719063139156, "params": {"gamma": 975.4210895446979, "log10_alpha": -3.820128079524709, "log10_colsample_bytree": -0.3265094744595769, "log10_eta": -3.982922043226131, "log10_lambda": -4.306731680757849, "log10_min_child_weight": 3.5012954856772844, "log10_subsample": -0.09758722735600278, "max_depth": 2.0, "num_boost_round": 22.0}, "datetime": {"datetime": "2024-01-19 00:49:12", "elapsed": 2246.378741, "delta": 0.00263}}
{"target": -17.67718904720748, "params": {"gamma": 975.4210895446979, "log10_alpha": -3.820128079524709, "log10_colsample_bytree": -0.3265094744595769, "log10_eta": -3.982922043226131, "log10_lambda": -4.306731680757849, "log10_min_child_weight": 3.5012954856772844, "log10_subsample": -0.09758722735600278, "max_depth": 2.0, "num_boost_round": 23.0}, "datetime": {"datetime": "2024-01-19 00:49:12", "elapsed": 2246.381298, "delta": 0.002557}}
