{"target": -13.757729096916393, "params": {"gamma": 714.544086942611, "log10_alpha": -1.595237801480418, "log10_colsample_bytree": -0.2430660328608364, "log10_eta": -3.0354013158673587, "log10_lambda": -3.6520156668556614, "log10_min_child_weight": 1.6972742119804844, "log10_subsample": -0.862832720655526, "max_depth": 7.0, "num_boost_round": 30.0}, "datetime": {"datetime": "2024-01-19 01:25:43", "elapsed": 4450.773967, "delta": 0.004486}}
{"target": -13.757734581491226, "params": {"gamma": 714.544086942611, "log10_alpha": -1.595237801480418, "log10_colsample_bytree": -0.2430660328608364, "log10_eta": -3.0354013158673587, "log10_lambda": -3.6520156668556614, "log10_min_child_weight": 1.6972742119804844, "log10_subsample": -0.862832720655526, "max_depth": 7.0, "num_boost_round": 31.0}, "datetime": {"datetime": "2024-01-19 01:25:43", "elapsed": 4450.778402, "delta": 0.004435}}
{"target": -13.757754369870739, "params": {"gamma": 714.544086942611, "log10_alpha": -1.595237801480418, "log10_colsample_bytree": -0.2430660328608364, "log10_eta": -3.0354013158673587, "log10_lambda": -3.6520156668556614, "log10_min_child_weight": 1.6972742119804844, "log10_subsample": -0.862832720655526, "max_depth": 7.0, "num_boost_round": 32.0}, "datetime": {"datetime": "2024-01-19 01:25:43", "elapsed": 4450.782869, "delta": 0.004467}}
{"target": -13.757779414159481, "params": {"gamma": 714.544086942611, "log10_alpha": -1.595237801480418, "log10_colsample_bytree": -0.2430660328608364, "log10_eta": -3.0354013158673587, "log10_lambda": -3.6520156668556614, "log10_min_child_weight": 1.6972742119804844, "log10_subsample": -0.862832720655526, "max_depth": 7.0, "num_boost_round": 33.0}, "datetime": {"datetime": "2024-01-19 01:25:43", "elapsed": 4450.787466, "delta": 0.004597}}
{"target": -13.757743855831466, "params": {"gamma": 714.544086942611, "log10_alpha": -1.595237801480418, "log10_colsample_bytree": -0.2430660328608364, "log10_eta": -3.0354013158673587, "log10_lambda": -3.6520156668556614, "log10_min_child_weight": 1.6972742119804844, "log10_subsample": -0.862832720655526, "max_depth": 7.0, "num_boost_round": 34.0}, "datetime": {"datetime": "2024-01-19 01:25:43", "elapsed": 4450.796577, "delta": 0.009111}}
{"target": -13.75773461685775, "params": {"gamma": 714.544086942611, "log10_alpha": -1.595237801480418, "log10_colsample_bytree": -0.2430660328608364, "log10_eta": -3.0354013158673587, "log10_lambda": -3.6520156668556614, "log10_min_child_weight": 1.6972742119804844, "log10_subsample": -0.862832720655526, "max_depth": 7.0, "num_boost_round": 35.0}, "datetime": {"datetime": "2024-01-19 01:25:43", "elapsed": 4450.801369, "delta": 0.004792}}
{"target": -13.757736578024513, "params": {"gamma": 714.544086942611, "log10_alpha": -1.595237801480418, "log10_colsample_bytree": -0.2430660328608364, "log10_eta": -3.0354013158673587, "log10_lambda": -3.6520156668556614, "log10_min_child_weight": 1.6972742119804844, "log10_subsample": -0.862832720655526, "max_depth": 7.0, "num_boost_round": 36.0}, "datetime": {"datetime": "2024-01-19 01:25:43", "elapsed": 4450.805906, "delta": 0.004537}}
{"target": -13.757697465282334, "params": {"gamma": 714.544086942611, "log10_alpha": -1.595237801480418, "log10_colsample_bytree": -0.2430660328608364, "log10_eta": -3.0354013158673587, "log10_lambda": -3.6520156668556614, "log10_min_child_weight": 1.6972742119804844, "log10_subsample": -0.862832720655526, "max_depth": 7.0, "num_boost_round": 37.0}, "datetime": {"datetime": "2024-01-19 01:25:43", "elapsed": 4450.810217, "delta": 0.004311}}
{"target": -13.757668450859056, "params": {"gamma": 714.544086942611, "log10_alpha": -1.595237801480418, "log10_colsample_bytree": -0.2430660328608364, "log10_eta": -3.0354013158673587, "log10_lambda": -3.6520156668556614, "log10_min_child_weight": 1.6972742119804844, "log10_subsample": -0.862832720655526, "max_depth": 7.0, "num_boost_round": 38.0}, "datetime": {"datetime": "2024-01-19 01:25:43", "elapsed": 4450.814702, "delta": 0.004485}}
{"target": -13.757617017775257, "params": {"gamma": 714.544086942611, "log10_alpha": -1.595237801480418, "log10_colsample_bytree": -0.2430660328608364, "log10_eta": -3.0354013158673587, "log10_lambda": -3.6520156668556614, "log10_min_child_weight": 1.6972742119804844, "log10_subsample": -0.862832720655526, "max_depth": 7.0, "num_boost_round": 39.0}, "datetime": {"datetime": "2024-01-19 01:25:43", "elapsed": 4450.81926, "delta": 0.004558}}
{"target": -13.757640577859757, "params": {"gamma": 714.544086942611, "log10_alpha": -1.595237801480418, "log10_colsample_bytree": -0.2430660328608364, "log10_eta": -3.0354013158673587, "log10_lambda": -3.6520156668556614, "log10_min_child_weight": 1.6972742119804844, "log10_subsample": -0.862832720655526, "max_depth": 7.0, "num_boost_round": 40.0}, "datetime": {"datetime": "2024-01-19 01:25:43", "elapsed": 4450.823724, "delta": 0.004464}}
{"target": -13.757627671559225, "params": {"gamma": 714.544086942611, "log10_alpha": -1.595237801480418, "log10_colsample_bytree": -0.2430660328608364, "log10_eta": -3.0354013158673587, "log10_lambda": -3.6520156668556614, "log10_min_child_weight": 1.6972742119804844, "log10_subsample": -0.862832720655526, "max_depth": 7.0, "num_boost_round": 41.0}, "datetime": {"datetime": "2024-01-19 01:25:43", "elapsed": 4450.828312, "delta": 0.004588}}
{"target": -13.757611957395174, "params": {"gamma": 714.544086942611, "log10_alpha": -1.595237801480418, "log10_colsample_bytree": -0.2430660328608364, "log10_eta": -3.0354013158673587, "log10_lambda": -3.6520156668556614, "log10_min_child_weight": 1.6972742119804844, "log10_subsample": -0.862832720655526, "max_depth": 7.0, "num_boost_round": 42.0}, "datetime": {"datetime": "2024-01-19 01:25:43", "elapsed": 4450.832928, "delta": 0.004616}}
{"target": -13.757549119953874, "params": {"gamma": 714.544086942611, "log10_alpha": -1.595237801480418, "log10_colsample_bytree": -0.2430660328608364, "log10_eta": -3.0354013158673587, "log10_lambda": -3.6520156668556614, "log10_min_child_weight": 1.6972742119804844, "log10_subsample": -0.862832720655526, "max_depth": 7.0, "num_boost_round": 43.0}, "datetime": {"datetime": "2024-01-19 01:25:43", "elapsed": 4450.837418, "delta": 0.00449}}
{"target": -13.757542532999555, "params": {"gamma": 714.544086942611, "log10_alpha": -1.595237801480418, "log10_colsample_bytree": -0.2430660328608364, "log10_eta": -3.0354013158673587, "log10_lambda": -3.6520156668556614, "log10_min_child_weight": 1.6972742119804844, "log10_subsample": -0.862832720655526, "max_depth": 7.0, "num_boost_round": 44.0}, "datetime": {"datetime": "2024-01-19 01:25:43", "elapsed": 4450.841931, "delta": 0.004513}}
{"target": -13.757545130849147, "params": {"gamma": 714.544086942611, "log10_alpha": -1.595237801480418, "log10_colsample_bytree": -0.2430660328608364, "log10_eta": -3.0354013158673587, "log10_lambda": -3.6520156668556614, "log10_min_child_weight": 1.6972742119804844, "log10_subsample": -0.862832720655526, "max_depth": 7.0, "num_boost_round": 45.0}, "datetime": {"datetime": "2024-01-19 01:25:43", "elapsed": 4450.846558, "delta": 0.004627}}
{"target": -13.757482383807492, "params": {"gamma": 714.544086942611, "log10_alpha": -1.595237801480418, "log10_colsample_bytree": -0.2430660328608364, "log10_eta": -3.0354013158673587, "log10_lambda": -3.6520156668556614, "log10_min_child_weight": 1.6972742119804844, "log10_subsample": -0.862832720655526, "max_depth": 7.0, "num_boost_round": 46.0}, "datetime": {"datetime": "2024-01-19 01:25:43", "elapsed": 4450.851039, "delta": 0.004481}}
{"target": -13.75748957046049, "params": {"gamma": 714.544086942611, "log10_alpha": -1.595237801480418, "log10_colsample_bytree": -0.2430660328608364, "log10_eta": -3.0354013158673587, "log10_lambda": -3.6520156668556614, "log10_min_child_weight": 1.6972742119804844, "log10_subsample": -0.862832720655526, "max_depth": 7.0, "num_boost_round": 47.0}, "datetime": {"datetime": "2024-01-19 01:25:43", "elapsed": 4450.856488, "delta": 0.005449}}
{"target": -13.757508019642257, "params": {"gamma": 714.544086942611, "log10_alpha": -1.595237801480418, "log10_colsample_bytree": -0.2430660328608364, "log10_eta": -3.0354013158673587, "log10_lambda": -3.6520156668556614, "log10_min_child_weight": 1.6972742119804844, "log10_subsample": -0.862832720655526, "max_depth": 7.0, "num_boost_round": 48.0}, "datetime": {"datetime": "2024-01-19 01:25:43", "elapsed": 4450.861192, "delta": 0.004704}}
{"target": -13.757501069843519, "params": {"gamma": 714.544086942611, "log10_alpha": -1.595237801480418, "log10_colsample_bytree": -0.2430660328608364, "log10_eta": -3.0354013158673587, "log10_lambda": -3.6520156668556614, "log10_min_child_weight": 1.6972742119804844, "log10_subsample": -0.862832720655526, "max_depth": 7.0, "num_boost_round": 49.0}, "datetime": {"datetime": "2024-01-19 01:25:43", "elapsed": 4450.865764, "delta": 0.004572}}
{"target": -13.757508795143258, "params": {"gamma": 714.544086942611, "log10_alpha": -1.595237801480418, "log10_colsample_bytree": -0.2430660328608364, "log10_eta": -3.0354013158673587, "log10_lambda": -3.6520156668556614, "log10_min_child_weight": 1.6972742119804844, "log10_subsample": -0.862832720655526, "max_depth": 7.0, "num_boost_round": 50.0}, "datetime": {"datetime": "2024-01-19 01:25:43", "elapsed": 4450.870189, "delta": 0.004425}}
{"target": -13.757495676284874, "params": {"gamma": 714.544086942611, "log10_alpha": -1.595237801480418, "log10_colsample_bytree": -0.2430660328608364, "log10_eta": -3.0354013158673587, "log10_lambda": -3.6520156668556614, "log10_min_child_weight": 1.6972742119804844, "log10_subsample": -0.862832720655526, "max_depth": 7.0, "num_boost_round": 51.0}, "datetime": {"datetime": "2024-01-19 01:25:43", "elapsed": 4450.874825, "delta": 0.004636}}
{"target": -13.757462272345458, "params": {"gamma": 714.544086942611, "log10_alpha": -1.595237801480418, "log10_colsample_bytree": -0.2430660328608364, "log10_eta": -3.0354013158673587, "log10_lambda": -3.6520156668556614, "log10_min_child_weight": 1.6972742119804844, "log10_subsample": -0.862832720655526, "max_depth": 7.0, "num_boost_round": 52.0}, "datetime": {"datetime": "2024-01-19 01:25:43", "elapsed": 4450.87947, "delta": 0.004645}}
{"target": -14.14700486494094, "params": {"gamma": 706.7212429904665, "log10_alpha": 1.0, "log10_colsample_bytree": -0.5388932466365567, "log10_eta": 0.0, "log10_lambda": -4.743059745957015, "log10_min_child_weight": 0.0, "log10_subsample": 0.0, "max_depth": 9.0, "num_boost_round": 0.0}, "datetime": {"datetime": "2024-01-19 01:27:02", "elapsed": 4530.065261, "delta": 79.185791}}
{"target": -14.434527006965897, "params": {"gamma": 706.7212429904665, "log10_alpha": 1.0, "log10_colsample_bytree": -0.5388932466365567, "log10_eta": 0.0, "log10_lambda": -4.743059745957015, "log10_min_child_weight": 0.0, "log10_subsample": 0.0, "max_depth": 9.0, "num_boost_round": 1.0}, "datetime": {"datetime": "2024-01-19 01:27:02", "elapsed": 4530.071395, "delta": 0.006134}}
{"target": -14.618428127840657, "params": {"gamma": 706.7212429904665, "log10_alpha": 1.0, "log10_colsample_bytree": -0.5388932466365567, "log10_eta": 0.0, "log10_lambda": -4.743059745957015, "log10_min_child_weight": 0.0, "log10_subsample": 0.0, "max_depth": 9.0, "num_boost_round": 2.0}, "datetime": {"datetime": "2024-01-19 01:27:02", "elapsed": 4530.076126, "delta": 0.004731}}
{"target": -14.864213684939958, "params": {"gamma": 706.7212429904665, "log10_alpha": 1.0, "log10_colsample_bytree": -0.5388932466365567, "log10_eta": 0.0, "log10_lambda": -4.743059745957015, "log10_min_child_weight": 0.0, "log10_subsample": 0.0, "max_depth": 9.0, "num_boost_round": 3.0}, "datetime": {"datetime": "2024-01-19 01:27:02", "elapsed": 4530.080783, "delta": 0.004657}}
{"target": -15.080002458720067, "params": {"gamma": 706.7212429904665, "log10_alpha": 1.0, "log10_colsample_bytree": -0.5388932466365567, "log10_eta": 0.0, "log10_lambda": -4.743059745957015, "log10_min_child_weight": 0.0, "log10_subsample": 0.0, "max_depth": 9.0, "num_boost_round": 4.0}, "datetime": {"datetime": "2024-01-19 01:27:02", "elapsed": 4530.085271, "delta": 0.004488}}
{"target": -15.262564761877341, "params": {"gamma": 706.7212429904665, "log10_alpha": 1.0, "log10_colsample_bytree": -0.5388932466365567, "log10_eta": 0.0, "log10_lambda": -4.743059745957015, "log10_min_child_weight": 0.0, "log10_subsample": 0.0, "max_depth": 9.0, "num_boost_round": 5.0}, "datetime": {"datetime": "2024-01-19 01:27:02", "elapsed": 4530.089871, "delta": 0.0046}}
{"target": -15.391310415286096, "params": {"gamma": 706.7212429904665, "log10_alpha": 1.0, "log10_colsample_bytree": -0.5388932466365567, "log10_eta": 0.0, "log10_lambda": -4.743059745957015, "log10_min_child_weight": 0.0, "log10_subsample": 0.0, "max_depth": 9.0, "num_boost_round": 6.0}, "datetime": {"datetime": "2024-01-19 01:27:02", "elapsed": 4530.09461, "delta": 0.004739}}
{"target": -16.279432037516543, "params": {"gamma": 706.7212429904665, "log10_alpha": 1.0, "log10_colsample_bytree": -0.5388932466365567, "log10_eta": 0.0, "log10_lambda": -4.743059745957015, "log10_min_child_weight": 0.0, "log10_subsample": 0.0, "max_depth": 9.0, "num_boost_round": 7.0}, "datetime": {"datetime": "2024-01-19 01:27:02", "elapsed": 4530.099323, "delta": 0.004713}}
{"target": -16.37493773714368, "params": {"gamma": 706.7212429904665, "log10_alpha": 1.0, "log10_colsample_bytree": -0.5388932466365567, "log10_eta": 0.0, "log10_lambda": -4.743059745957015, "log10_min_child_weight": 0.0, "log10_subsample": 0.0, "max_depth": 9.0, "num_boost_round": 8.0}, "datetime": {"datetime": "2024-01-19 01:27:02", "elapsed": 4530.104025, "delta": 0.004702}}
{"target": -16.439342924505365, "params": {"gamma": 706.7212429904665, "log10_alpha": 1.0, "log10_colsample_bytree": -0.5388932466365567, "log10_eta": 0.0, "log10_lambda": -4.743059745957015, "log10_min_child_weight": 0.0, "log10_subsample": 0.0, "max_depth": 9.0, "num_boost_round": 9.0}, "datetime": {"datetime": "2024-01-19 01:27:02", "elapsed": 4530.108581, "delta": 0.004556}}
{"target": -16.489632718005293, "params": {"gamma": 706.7212429904665, "log10_alpha": 1.0, "log10_colsample_bytree": -0.5388932466365567, "log10_eta": 0.0, "log10_lambda": -4.743059745957015, "log10_min_child_weight": 0.0, "log10_subsample": 0.0, "max_depth": 9.0, "num_boost_round": 10.0}, "datetime": {"datetime": "2024-01-19 01:27:02", "elapsed": 4530.113162, "delta": 0.004581}}
{"target": -16.583962181597155, "params": {"gamma": 706.7212429904665, "log10_alpha": 1.0, "log10_colsample_bytree": -0.5388932466365567, "log10_eta": 0.0, "log10_lambda": -4.743059745957015, "log10_min_child_weight": 0.0, "log10_subsample": 0.0, "max_depth": 9.0, "num_boost_round": 11.0}, "datetime": {"datetime": "2024-01-19 01:27:02", "elapsed": 4530.117914, "delta": 0.004752}}
{"target": -16.69212750009032, "params": {"gamma": 706.7212429904665, "log10_alpha": 1.0, "log10_colsample_bytree": -0.5388932466365567, "log10_eta": 0.0, "log10_lambda": -4.743059745957015, "log10_min_child_weight": 0.0, "log10_subsample": 0.0, "max_depth": 9.0, "num_boost_round": 12.0}, "datetime": {"datetime": "2024-01-19 01:27:02", "elapsed": 4530.122522, "delta": 0.004608}}
{"target": -16.842411237629026, "params": {"gamma": 706.7212429904665, "log10_alpha": 1.0, "log10_colsample_bytree": -0.5388932466365567, "log10_eta": 0.0, "log10_lambda": -4.743059745957015, "log10_min_child_weight": 0.0, "log10_subsample": 0.0, "max_depth": 9.0, "num_boost_round": 13.0}, "datetime": {"datetime": "2024-01-19 01:27:02", "elapsed": 4530.127113, "delta": 0.004591}}
{"target": -16.915209032589768, "params": {"gamma": 706.7212429904665, "log10_alpha": 1.0, "log10_colsample_bytree": -0.5388932466365567, "log10_eta": 0.0, "log10_lambda": -4.743059745957015, "log10_min_child_weight": 0.0, "log10_subsample": 0.0, "max_depth": 9.0, "num_boost_round": 14.0}, "datetime": {"datetime": "2024-01-19 01:27:02", "elapsed": 4530.131863, "delta": 0.00475}}
{"target": -17.02436091650068, "params": {"gamma": 706.7212429904665, "log10_alpha": 1.0, "log10_colsample_bytree": -0.5388932466365567, "log10_eta": 0.0, "log10_lambda": -4.743059745957015, "log10_min_child_weight": 0.0, "log10_subsample": 0.0, "max_depth": 9.0, "num_boost_round": 15.0}, "datetime": {"datetime": "2024-01-19 01:27:02", "elapsed": 4530.136479, "delta": 0.004616}}
{"target": -17.090248955745853, "params": {"gamma": 706.7212429904665, "log10_alpha": 1.0, "log10_colsample_bytree": -0.5388932466365567, "log10_eta": 0.0, "log10_lambda": -4.743059745957015, "log10_min_child_weight": 0.0, "log10_subsample": 0.0, "max_depth": 9.0, "num_boost_round": 16.0}, "datetime": {"datetime": "2024-01-19 01:27:02", "elapsed": 4530.141338, "delta": 0.004859}}
{"target": -17.19161887006332, "params": {"gamma": 706.7212429904665, "log10_alpha": 1.0, "log10_colsample_bytree": -0.5388932466365567, "log10_eta": 0.0, "log10_lambda": -4.743059745957015, "log10_min_child_weight": 0.0, "log10_subsample": 0.0, "max_depth": 9.0, "num_boost_round": 17.0}, "datetime": {"datetime": "2024-01-19 01:27:02", "elapsed": 4530.146351, "delta": 0.005013}}
{"target": -17.27205993098555, "params": {"gamma": 706.7212429904665, "log10_alpha": 1.0, "log10_colsample_bytree": -0.5388932466365567, "log10_eta": 0.0, "log10_lambda": -4.743059745957015, "log10_min_child_weight": 0.0, "log10_subsample": 0.0, "max_depth": 9.0, "num_boost_round": 18.0}, "datetime": {"datetime": "2024-01-19 01:27:02", "elapsed": 4530.151386, "delta": 0.005035}}
{"target": -17.292530597646245, "params": {"gamma": 706.7212429904665, "log10_alpha": 1.0, "log10_colsample_bytree": -0.5388932466365567, "log10_eta": 0.0, "log10_lambda": -4.743059745957015, "log10_min_child_weight": 0.0, "log10_subsample": 0.0, "max_depth": 9.0, "num_boost_round": 19.0}, "datetime": {"datetime": "2024-01-19 01:27:02", "elapsed": 4530.156181, "delta": 0.004795}}
{"target": -17.32819052321218, "params": {"gamma": 706.7212429904665, "log10_alpha": 1.0, "log10_colsample_bytree": -0.5388932466365567, "log10_eta": 0.0, "log10_lambda": -4.743059745957015, "log10_min_child_weight": 0.0, "log10_subsample": 0.0, "max_depth": 9.0, "num_boost_round": 20.0}, "datetime": {"datetime": "2024-01-19 01:27:02", "elapsed": 4530.161224, "delta": 0.005043}}
{"target": -17.35949627091816, "params": {"gamma": 706.7212429904665, "log10_alpha": 1.0, "log10_colsample_bytree": -0.5388932466365567, "log10_eta": 0.0, "log10_lambda": -4.743059745957015, "log10_min_child_weight": 0.0, "log10_subsample": 0.0, "max_depth": 9.0, "num_boost_round": 21.0}, "datetime": {"datetime": "2024-01-19 01:27:02", "elapsed": 4530.165991, "delta": 0.004767}}
{"target": -17.409582346446882, "params": {"gamma": 706.7212429904665, "log10_alpha": 1.0, "log10_colsample_bytree": -0.5388932466365567, "log10_eta": 0.0, "log10_lambda": -4.743059745957015, "log10_min_child_weight": 0.0, "log10_subsample": 0.0, "max_depth": 9.0, "num_boost_round": 22.0}, "datetime": {"datetime": "2024-01-19 01:27:02", "elapsed": 4530.170552, "delta": 0.004561}}
{"target": -17.485619849266506, "params": {"gamma": 706.7212429904665, "log10_alpha": 1.0, "log10_colsample_bytree": -0.5388932466365567, "log10_eta": 0.0, "log10_lambda": -4.743059745957015, "log10_min_child_weight": 0.0, "log10_subsample": 0.0, "max_depth": 9.0, "num_boost_round": 23.0}, "datetime": {"datetime": "2024-01-19 01:27:02", "elapsed": 4530.175216, "delta": 0.004664}}
{"target": -17.545947171848102, "params": {"gamma": 706.7212429904665, "log10_alpha": 1.0, "log10_colsample_bytree": -0.5388932466365567, "log10_eta": 0.0, "log10_lambda": -4.743059745957015, "log10_min_child_weight": 0.0, "log10_subsample": 0.0, "max_depth": 9.0, "num_boost_round": 24.0}, "datetime": {"datetime": "2024-01-19 01:27:02", "elapsed": 4530.17997, "delta": 0.004754}}
{"target": -17.612869328956627, "params": {"gamma": 706.7212429904665, "log10_alpha": 1.0, "log10_colsample_bytree": -0.5388932466365567, "log10_eta": 0.0, "log10_lambda": -4.743059745957015, "log10_min_child_weight": 0.0, "log10_subsample": 0.0, "max_depth": 9.0, "num_boost_round": 25.0}, "datetime": {"datetime": "2024-01-19 01:27:02", "elapsed": 4530.184603, "delta": 0.004633}}
{"target": -17.63012911997031, "params": {"gamma": 706.7212429904665, "log10_alpha": 1.0, "log10_colsample_bytree": -0.5388932466365567, "log10_eta": 0.0, "log10_lambda": -4.743059745957015, "log10_min_child_weight": 0.0, "log10_subsample": 0.0, "max_depth": 9.0, "num_boost_round": 26.0}, "datetime": {"datetime": "2024-01-19 01:27:02", "elapsed": 4530.189133, "delta": 0.00453}}
{"target": -17.64989089758455, "params": {"gamma": 706.7212429904665, "log10_alpha": 1.0, "log10_colsample_bytree": -0.5388932466365567, "log10_eta": 0.0, "log10_lambda": -4.743059745957015, "log10_min_child_weight": 0.0, "log10_subsample": 0.0, "max_depth": 9.0, "num_boost_round": 27.0}, "datetime": {"datetime": "2024-01-19 01:27:02", "elapsed": 4530.193914, "delta": 0.004781}}
{"target": -17.691164832943706, "params": {"gamma": 706.7212429904665, "log10_alpha": 1.0, "log10_colsample_bytree": -0.5388932466365567, "log10_eta": 0.0, "log10_lambda": -4.743059745957015, "log10_min_child_weight": 0.0, "log10_subsample": 0.0, "max_depth": 9.0, "num_boost_round": 28.0}, "datetime": {"datetime": "2024-01-19 01:27:02", "elapsed": 4530.198552, "delta": 0.004638}}
{"target": -17.73479934984773, "params": {"gamma": 706.7212429904665, "log10_alpha": 1.0, "log10_colsample_bytree": -0.5388932466365567, "log10_eta": 0.0, "log10_lambda": -4.743059745957015, "log10_min_child_weight": 0.0, "log10_subsample": 0.0, "max_depth": 9.0, "num_boost_round": 29.0}, "datetime": {"datetime": "2024-01-19 01:27:02", "elapsed": 4530.203117, "delta": 0.004565}}
