{"target": -17.67689415904454, "params": {"gamma": 825.9222669362397, "log10_alpha": -0.4259119479807838, "log10_colsample_bytree": -0.11845435982022323, "log10_eta": -3.5248849000116116, "log10_lambda": -0.42191908906561615, "log10_min_child_weight": 2.656514331225457, "log10_subsample": -0.6422605428038265, "max_depth": 9.0, "num_boost_round": 29.0}, "datetime": {"datetime": "2024-01-19 01:53:04", "elapsed": 6068.809919, "delta": 0.007149}}
{"target": -17.676880611946014, "params": {"gamma": 825.9222669362397, "log10_alpha": -0.4259119479807838, "log10_colsample_bytree": -0.11845435982022323, "log10_eta": -3.5248849000116116, "log10_lambda": -0.42191908906561615, "log10_min_child_weight": 2.656514331225457, "log10_subsample": -0.6422605428038265, "max_depth": 9.0, "num_boost_round": 30.0}, "datetime": {"datetime": "2024-01-19 01:53:04", "elapsed": 6068.81686, "delta": 0.006941}}
{"target": -17.676886319189485, "params": {"gamma": 825.9222669362397, "log10_alpha": -0.4259119479807838, "log10_colsample_bytree": -0.11845435982022323, "log10_eta": -3.5248849000116116, "log10_lambda": -0.42191908906561615, "log10_min_child_weight": 2.656514331225457, "log10_subsample": -0.6422605428038265, "max_depth": 9.0, "num_boost_round": 31.0}, "datetime": {"datetime": "2024-01-19 01:53:04", "elapsed": 6068.823795, "delta": 0.006935}}
{"target": -17.676871424326222, "params": {"gamma": 825.9222669362397, "log10_alpha": -0.4259119479807838, "log10_colsample_bytree": -0.11845435982022323, "log10_eta": -3.5248849000116116, "log10_lambda": -0.42191908906561615, "log10_min_child_weight": 2.656514331225457, "log10_subsample": -0.6422605428038265, "max_depth": 9.0, "num_boost_round": 32.0}, "datetime": {"datetime": "2024-01-19 01:53:04", "elapsed": 6068.830679, "delta": 0.006884}}
{"target": -17.67687420759604, "params": {"gamma": 825.9222669362397, "log10_alpha": -0.4259119479807838, "log10_colsample_bytree": -0.11845435982022323, "log10_eta": -3.5248849000116116, "log10_lambda": -0.42191908906561615, "log10_min_child_weight": 2.656514331225457, "log10_subsample": -0.6422605428038265, "max_depth": 9.0, "num_boost_round": 33.0}, "datetime": {"datetime": "2024-01-19 01:53:04", "elapsed": 6068.837462, "delta": 0.006783}}
{"target": -17.676840496466337, "params": {"gamma": 825.9222669362397, "log10_alpha": -0.4259119479807838, "log10_colsample_bytree": -0.11845435982022323, "log10_eta": -3.5248849000116116, "log10_lambda": -0.42191908906561615, "log10_min_child_weight": 2.656514331225457, "log10_subsample": -0.6422605428038265, "max_depth": 9.0, "num_boost_round": 34.0}, "datetime": {"datetime": "2024-01-19 01:53:04", "elapsed": 6068.844383, "delta": 0.006921}}
{"target": -17.676831425447883, "params": {"gamma": 825.9222669362397, "log10_alpha": -0.4259119479807838, "log10_colsample_bytree": -0.11845435982022323, "log10_eta": -3.5248849000116116, "log10_lambda": -0.42191908906561615, "log10_min_child_weight": 2.656514331225457, "log10_subsample": -0.6422605428038265, "max_depth": 9.0, "num_boost_round": 35.0}, "datetime": {"datetime": "2024-01-19 01:53:04", "elapsed": 6068.852355, "delta": 0.007972}}
{"target": -17.676826085338085, "params": {"gamma": 825.9222669362397, "log10_alpha": -0.4259119479807838, "log10_colsample_bytree": -0.11845435982022323, "log10_eta": -3.5248849000116116, "log10_lambda": -0.42191908906561615, "log10_min_child_weight": 2.656514331225457, "log10_subsample": -0.6422605428038265, "max_depth": 9.0, "num_boost_round": 36.0}, "datetime": {"datetime": "2024-01-19 01:53:04", "elapsed": 6068.993407, "delta": 0.141052}}
{"target": -17.676811649152917, "params": {"gamma": 825.9222669362397, "log10_alpha": -0.4259119479807838, "log10_colsample_bytree": -0.11845435982022323, "log10_eta": -3.5248849000116116, "log10_lambda": -0.42191908906561615, "log10_min_child_weight": 2.656514331225457, "log10_subsample": -0.6422605428038265, "max_depth": 9.0, "num_boost_round": 37.0}, "datetime": {"datetime": "2024-01-19 01:53:04", "elapsed": 6069.001042, "delta": 0.007635}}
{"target": -17.676809410588987, "params": {"gamma": 825.9222669362397, "log10_alpha": -0.4259119479807838, "log10_colsample_bytree": -0.11845435982022323, "log10_eta": -3.5248849000116116, "log10_lambda": -0.42191908906561615, "log10_min_child_weight": 2.656514331225457, "log10_subsample": -0.6422605428038265, "max_depth": 9.0, "num_boost_round": 38.0}, "datetime": {"datetime": "2024-01-19 01:53:04", "elapsed": 6069.008508, "delta": 0.007466}}
{"target": -17.67679789978561, "params": {"gamma": 825.9222669362397, "log10_alpha": -0.4259119479807838, "log10_colsample_bytree": -0.11845435982022323, "log10_eta": -3.5248849000116116, "log10_lambda": -0.42191908906561615, "log10_min_child_weight": 2.656514331225457, "log10_subsample": -0.6422605428038265, "max_depth": 9.0, "num_boost_round": 39.0}, "datetime": {"datetime": "2024-01-19 01:53:04", "elapsed": 6069.015644, "delta": 0.007136}}
{"target": -17.67678928045523, "params": {"gamma": 825.9222669362397, "log10_alpha": -0.4259119479807838, "log10_colsample_bytree": -0.11845435982022323, "log10_eta": -3.5248849000116116, "log10_lambda": -0.42191908906561615, "log10_min_child_weight": 2.656514331225457, "log10_subsample": -0.6422605428038265, "max_depth": 9.0, "num_boost_round": 40.0}, "datetime": {"datetime": "2024-01-19 01:53:04", "elapsed": 6069.02279, "delta": 0.007146}}
{"target": -17.67678585647009, "params": {"gamma": 825.9222669362397, "log10_alpha": -0.4259119479807838, "log10_colsample_bytree": -0.11845435982022323, "log10_eta": -3.5248849000116116, "log10_lambda": -0.42191908906561615, "log10_min_child_weight": 2.656514331225457, "log10_subsample": -0.6422605428038265, "max_depth": 9.0, "num_boost_round": 41.0}, "datetime": {"datetime": "2024-01-19 01:53:04", "elapsed": 6069.030017, "delta": 0.007227}}
{"target": -17.676794550581924, "params": {"gamma": 825.9222669362397, "log10_alpha": -0.4259119479807838, "log10_colsample_bytree": -0.11845435982022323, "log10_eta": -3.5248849000116116, "log10_lambda": -0.42191908906561615, "log10_min_child_weight": 2.656514331225457, "log10_subsample": -0.6422605428038265, "max_depth": 9.0, "num_boost_round": 42.0}, "datetime": {"datetime": "2024-01-19 01:53:04", "elapsed": 6069.0372, "delta": 0.007183}}
{"target": -17.676792764119924, "params": {"gamma": 825.9222669362397, "log10_alpha": -0.4259119479807838, "log10_colsample_bytree": -0.11845435982022323, "log10_eta": -3.5248849000116116, "log10_lambda": -0.42191908906561615, "log10_min_child_weight": 2.656514331225457, "log10_subsample": -0.6422605428038265, "max_depth": 9.0, "num_boost_round": 43.0}, "datetime": {"datetime": "2024-01-19 01:53:04", "elapsed": 6069.044344, "delta": 0.007144}}
{"target": -17.676784437733804, "params": {"gamma": 825.9222669362397, "log10_alpha": -0.4259119479807838, "log10_colsample_bytree": -0.11845435982022323, "log10_eta": -3.5248849000116116, "log10_lambda": -0.42191908906561615, "log10_min_child_weight": 2.656514331225457, "log10_subsample": -0.6422605428038265, "max_depth": 9.0, "num_boost_round": 44.0}, "datetime": {"datetime": "2024-01-19 01:53:04", "elapsed": 6069.052895, "delta": 0.008551}}
{"target": -17.676768517582804, "params": {"gamma": 825.9222669362397, "log10_alpha": -0.4259119479807838, "log10_colsample_bytree": -0.11845435982022323, "log10_eta": -3.5248849000116116, "log10_lambda": -0.42191908906561615, "log10_min_child_weight": 2.656514331225457, "log10_subsample": -0.6422605428038265, "max_depth": 9.0, "num_boost_round": 45.0}, "datetime": {"datetime": "2024-01-19 01:53:04", "elapsed": 6069.060362, "delta": 0.007467}}
{"target": -17.67676779337517, "params": {"gamma": 825.9222669362397, "log10_alpha": -0.4259119479807838, "log10_colsample_bytree": -0.11845435982022323, "log10_eta": -3.5248849000116116, "log10_lambda": -0.42191908906561615, "log10_min_child_weight": 2.656514331225457, "log10_subsample": -0.6422605428038265, "max_depth": 9.0, "num_boost_round": 46.0}, "datetime": {"datetime": "2024-01-19 01:53:04", "elapsed": 6069.067687, "delta": 0.007325}}
{"target": -17.676753113717254, "params": {"gamma": 825.9222669362397, "log10_alpha": -0.4259119479807838, "log10_colsample_bytree": -0.11845435982022323, "log10_eta": -3.5248849000116116, "log10_lambda": -0.42191908906561615, "log10_min_child_weight": 2.656514331225457, "log10_subsample": -0.6422605428038265, "max_depth": 9.0, "num_boost_round": 47.0}, "datetime": {"datetime": "2024-01-19 01:53:04", "elapsed": 6069.074937, "delta": 0.00725}}
{"target": -17.67675270036695, "params": {"gamma": 825.9222669362397, "log10_alpha": -0.4259119479807838, "log10_colsample_bytree": -0.11845435982022323, "log10_eta": -3.5248849000116116, "log10_lambda": -0.42191908906561615, "log10_min_child_weight": 2.656514331225457, "log10_subsample": -0.6422605428038265, "max_depth": 9.0, "num_boost_round": 48.0}, "datetime": {"datetime": "2024-01-19 01:53:04", "elapsed": 6069.082371, "delta": 0.007434}}
{"target": -17.676765259556674, "params": {"gamma": 825.9222669362397, "log10_alpha": -0.4259119479807838, "log10_colsample_bytree": -0.11845435982022323, "log10_eta": -3.5248849000116116, "log10_lambda": -0.42191908906561615, "log10_min_child_weight": 2.656514331225457, "log10_subsample": -0.6422605428038265, "max_depth": 9.0, "num_boost_round": 49.0}, "datetime": {"datetime": "2024-01-19 01:53:04", "elapsed": 6069.089778, "delta": 0.007407}}
{"target": -17.676763805753463, "params": {"gamma": 825.9222669362397, "log10_alpha": -0.4259119479807838, "log10_colsample_bytree": -0.11845435982022323, "log10_eta": -3.5248849000116116, "log10_lambda": -0.42191908906561615, "log10_min_child_weight": 2.656514331225457, "log10_subsample": -0.6422605428038265, "max_depth": 9.0, "num_boost_round": 50.0}, "datetime": {"datetime": "2024-01-19 01:53:04", "elapsed": 6069.096844, "delta": 0.007066}}
{"target": -17.676748406907205, "params": {"gamma": 825.9222669362397, "log10_alpha": -0.4259119479807838, "log10_colsample_bytree": -0.11845435982022323, "log10_eta": -3.5248849000116116, "log10_lambda": -0.42191908906561615, "log10_min_child_weight": 2.656514331225457, "log10_subsample": -0.6422605428038265, "max_depth": 9.0, "num_boost_round": 51.0}, "datetime": {"datetime": "2024-01-19 01:53:04", "elapsed": 6069.104032, "delta": 0.007188}}
{"target": -17.67675147161835, "params": {"gamma": 825.9222669362397, "log10_alpha": -0.4259119479807838, "log10_colsample_bytree": -0.11845435982022323, "log10_eta": -3.5248849000116116, "log10_lambda": -0.42191908906561615, "log10_min_child_weight": 2.656514331225457, "log10_subsample": -0.6422605428038265, "max_depth": 9.0, "num_boost_round": 52.0}, "datetime": {"datetime": "2024-01-19 01:53:04", "elapsed": 6069.111457, "delta": 0.007425}}
{"target": -17.6767400330386, "params": {"gamma": 825.9222669362397, "log10_alpha": -0.4259119479807838, "log10_colsample_bytree": -0.11845435982022323, "log10_eta": -3.5248849000116116, "log10_lambda": -0.42191908906561615, "log10_min_child_weight": 2.656514331225457, "log10_subsample": -0.6422605428038265, "max_depth": 9.0, "num_boost_round": 53.0}, "datetime": {"datetime": "2024-01-19 01:53:04", "elapsed": 6069.118783, "delta": 0.007326}}
{"target": -17.67673937809953, "params": {"gamma": 825.9222669362397, "log10_alpha": -0.4259119479807838, "log10_colsample_bytree": -0.11845435982022323, "log10_eta": -3.5248849000116116, "log10_lambda": -0.42191908906561615, "log10_min_child_weight": 2.656514331225457, "log10_subsample": -0.6422605428038265, "max_depth": 9.0, "num_boost_round": 54.0}, "datetime": {"datetime": "2024-01-19 01:53:04", "elapsed": 6069.125969, "delta": 0.007186}}
{"target": -17.676727916358075, "params": {"gamma": 825.9222669362397, "log10_alpha": -0.4259119479807838, "log10_colsample_bytree": -0.11845435982022323, "log10_eta": -3.5248849000116116, "log10_lambda": -0.42191908906561615, "log10_min_child_weight": 2.656514331225457, "log10_subsample": -0.6422605428038265, "max_depth": 9.0, "num_boost_round": 55.0}, "datetime": {"datetime": "2024-01-19 01:53:04", "elapsed": 6069.134105, "delta": 0.008136}}
{"target": -17.676725576468947, "params": {"gamma": 825.9222669362397, "log10_alpha": -0.4259119479807838, "log10_colsample_bytree": -0.11845435982022323, "log10_eta": -3.5248849000116116, "log10_lambda": -0.42191908906561615, "log10_min_child_weight": 2.656514331225457, "log10_subsample": -0.6422605428038265, "max_depth": 9.0, "num_boost_round": 56.0}, "datetime": {"datetime": "2024-01-19 01:53:04", "elapsed": 6069.141296, "delta": 0.007191}}
{"target": -17.676709750141715, "params": {"gamma": 825.9222669362397, "log10_alpha": -0.4259119479807838, "log10_colsample_bytree": -0.11845435982022323, "log10_eta": -3.5248849000116116, "log10_lambda": -0.42191908906561615, "log10_min_child_weight": 2.656514331225457, "log10_subsample": -0.6422605428038265, "max_depth": 9.0, "num_boost_round": 57.0}, "datetime": {"datetime": "2024-01-19 01:53:04", "elapsed": 6069.148555, "delta": 0.007259}}
{"target": -17.67671086256864, "params": {"gamma": 825.9222669362397, "log10_alpha": -0.4259119479807838, "log10_colsample_bytree": -0.11845435982022323, "log10_eta": -3.5248849000116116, "log10_lambda": -0.42191908906561615, "log10_min_child_weight": 2.656514331225457, "log10_subsample": -0.6422605428038265, "max_depth": 9.0, "num_boost_round": 58.0}, "datetime": {"datetime": "2024-01-19 01:53:04", "elapsed": 6069.155892, "delta": 0.007337}}
{"target": -17.676697163493337, "params": {"gamma": 825.9222669362397, "log10_alpha": -0.4259119479807838, "log10_colsample_bytree": -0.11845435982022323, "log10_eta": -3.5248849000116116, "log10_lambda": -0.42191908906561615, "log10_min_child_weight": 2.656514331225457, "log10_subsample": -0.6422605428038265, "max_depth": 9.0, "num_boost_round": 59.0}, "datetime": {"datetime": "2024-01-19 01:53:04", "elapsed": 6069.16343, "delta": 0.007538}}
{"target": -17.676688792583462, "params": {"gamma": 825.9222669362397, "log10_alpha": -0.4259119479807838, "log10_colsample_bytree": -0.11845435982022323, "log10_eta": -3.5248849000116116, "log10_lambda": -0.42191908906561615, "log10_min_child_weight": 2.656514331225457, "log10_subsample": -0.6422605428038265, "max_depth": 9.0, "num_boost_round": 60.0}, "datetime": {"datetime": "2024-01-19 01:53:04", "elapsed": 6069.170929, "delta": 0.007499}}
{"target": -17.67667397890412, "params": {"gamma": 825.9222669362397, "log10_alpha": -0.4259119479807838, "log10_colsample_bytree": -0.11845435982022323, "log10_eta": -3.5248849000116116, "log10_lambda": -0.42191908906561615, "log10_min_child_weight": 2.656514331225457, "log10_subsample": -0.6422605428038265, "max_depth": 9.0, "num_boost_round": 61.0}, "datetime": {"datetime": "2024-01-19 01:53:04", "elapsed": 6069.178417, "delta": 0.007488}}
{"target": -17.6766746073651, "params": {"gamma": 825.9222669362397, "log10_alpha": -0.4259119479807838, "log10_colsample_bytree": -0.11845435982022323, "log10_eta": -3.5248849000116116, "log10_lambda": -0.42191908906561615, "log10_min_child_weight": 2.656514331225457, "log10_subsample": -0.6422605428038265, "max_depth": 9.0, "num_boost_round": 62.0}, "datetime": {"datetime": "2024-01-19 01:53:04", "elapsed": 6069.185727, "delta": 0.00731}}
{"target": -17.67666100503471, "params": {"gamma": 825.9222669362397, "log10_alpha": -0.4259119479807838, "log10_colsample_bytree": -0.11845435982022323, "log10_eta": -3.5248849000116116, "log10_lambda": -0.42191908906561615, "log10_min_child_weight": 2.656514331225457, "log10_subsample": -0.6422605428038265, "max_depth": 9.0, "num_boost_round": 63.0}, "datetime": {"datetime": "2024-01-19 01:53:04", "elapsed": 6069.193114, "delta": 0.007387}}
{"target": -17.67666710898723, "params": {"gamma": 825.9222669362397, "log10_alpha": -0.4259119479807838, "log10_colsample_bytree": -0.11845435982022323, "log10_eta": -3.5248849000116116, "log10_lambda": -0.42191908906561615, "log10_min_child_weight": 2.656514331225457, "log10_subsample": -0.6422605428038265, "max_depth": 9.0, "num_boost_round": 64.0}, "datetime": {"datetime": "2024-01-19 01:53:04", "elapsed": 6069.200553, "delta": 0.007439}}
{"target": -17.676653202729113, "params": {"gamma": 825.9222669362397, "log10_alpha": -0.4259119479807838, "log10_colsample_bytree": -0.11845435982022323, "log10_eta": -3.5248849000116116, "log10_lambda": -0.42191908906561615, "log10_min_child_weight": 2.656514331225457, "log10_subsample": -0.6422605428038265, "max_depth": 9.0, "num_boost_round": 65.0}, "datetime": {"datetime": "2024-01-19 01:53:04", "elapsed": 6069.207983, "delta": 0.00743}}
{"target": -17.676634622650308, "params": {"gamma": 825.9222669362397, "log10_alpha": -0.4259119479807838, "log10_colsample_bytree": -0.11845435982022323, "log10_eta": -3.5248849000116116, "log10_lambda": -0.42191908906561615, "log10_min_child_weight": 2.656514331225457, "log10_subsample": -0.6422605428038265, "max_depth": 9.0, "num_boost_round": 66.0}, "datetime": {"datetime": "2024-01-19 01:53:04", "elapsed": 6069.216778, "delta": 0.008795}}
{"target": -17.676625663120145, "params": {"gamma": 825.9222669362397, "log10_alpha": -0.4259119479807838, "log10_colsample_bytree": -0.11845435982022323, "log10_eta": -3.5248849000116116, "log10_lambda": -0.42191908906561615, "log10_min_child_weight": 2.656514331225457, "log10_subsample": -0.6422605428038265, "max_depth": 9.0, "num_boost_round": 67.0}, "datetime": {"datetime": "2024-01-19 01:53:04", "elapsed": 6069.225301, "delta": 0.008523}}
{"target": -17.67661144995257, "params": {"gamma": 825.9222669362397, "log10_alpha": -0.4259119479807838, "log10_colsample_bytree": -0.11845435982022323, "log10_eta": -3.5248849000116116, "log10_lambda": -0.42191908906561615, "log10_min_child_weight": 2.656514331225457, "log10_subsample": -0.6422605428038265, "max_depth": 9.0, "num_boost_round": 68.0}, "datetime": {"datetime": "2024-01-19 01:53:04", "elapsed": 6069.233275, "delta": 0.007974}}
{"target": -17.6766050529888, "params": {"gamma": 825.9222669362397, "log10_alpha": -0.4259119479807838, "log10_colsample_bytree": -0.11845435982022323, "log10_eta": -3.5248849000116116, "log10_lambda": -0.42191908906561615, "log10_min_child_weight": 2.656514331225457, "log10_subsample": -0.6422605428038265, "max_depth": 9.0, "num_boost_round": 69.0}, "datetime": {"datetime": "2024-01-19 01:53:04", "elapsed": 6069.24059, "delta": 0.007315}}
{"target": -17.676593763799374, "params": {"gamma": 825.9222669362397, "log10_alpha": -0.4259119479807838, "log10_colsample_bytree": -0.11845435982022323, "log10_eta": -3.5248849000116116, "log10_lambda": -0.42191908906561615, "log10_min_child_weight": 2.656514331225457, "log10_subsample": -0.6422605428038265, "max_depth": 9.0, "num_boost_round": 70.0}, "datetime": {"datetime": "2024-01-19 01:53:04", "elapsed": 6069.248266, "delta": 0.007676}}
{"target": -17.67661121254137, "params": {"gamma": 825.9222669362397, "log10_alpha": -0.4259119479807838, "log10_colsample_bytree": -0.11845435982022323, "log10_eta": -3.5248849000116116, "log10_lambda": -0.42191908906561615, "log10_min_child_weight": 2.656514331225457, "log10_subsample": -0.6422605428038265, "max_depth": 9.0, "num_boost_round": 71.0}, "datetime": {"datetime": "2024-01-19 01:53:04", "elapsed": 6069.255817, "delta": 0.007551}}
{"target": -17.67661653966219, "params": {"gamma": 825.9222669362397, "log10_alpha": -0.4259119479807838, "log10_colsample_bytree": -0.11845435982022323, "log10_eta": -3.5248849000116116, "log10_lambda": -0.42191908906561615, "log10_min_child_weight": 2.656514331225457, "log10_subsample": -0.6422605428038265, "max_depth": 9.0, "num_boost_round": 72.0}, "datetime": {"datetime": "2024-01-19 01:53:04", "elapsed": 6069.263347, "delta": 0.00753}}
{"target": -17.676607459899643, "params": {"gamma": 825.9222669362397, "log10_alpha": -0.4259119479807838, "log10_colsample_bytree": -0.11845435982022323, "log10_eta": -3.5248849000116116, "log10_lambda": -0.42191908906561615, "log10_min_child_weight": 2.656514331225457, "log10_subsample": -0.6422605428038265, "max_depth": 9.0, "num_boost_round": 73.0}, "datetime": {"datetime": "2024-01-19 01:53:04", "elapsed": 6069.270906, "delta": 0.007559}}
{"target": -17.676601415375664, "params": {"gamma": 825.9222669362397, "log10_alpha": -0.4259119479807838, "log10_colsample_bytree": -0.11845435982022323, "log10_eta": -3.5248849000116116, "log10_lambda": -0.42191908906561615, "log10_min_child_weight": 2.656514331225457, "log10_subsample": -0.6422605428038265, "max_depth": 9.0, "num_boost_round": 74.0}, "datetime": {"datetime": "2024-01-19 01:53:04", "elapsed": 6069.278363, "delta": 0.007457}}
{"target": -17.676596192529484, "params": {"gamma": 825.9222669362397, "log10_alpha": -0.4259119479807838, "log10_colsample_bytree": -0.11845435982022323, "log10_eta": -3.5248849000116116, "log10_lambda": -0.42191908906561615, "log10_min_child_weight": 2.656514331225457, "log10_subsample": -0.6422605428038265, "max_depth": 9.0, "num_boost_round": 75.0}, "datetime": {"datetime": "2024-01-19 01:53:04", "elapsed": 6069.28582, "delta": 0.007457}}
{"target": -17.676583463067423, "params": {"gamma": 825.9222669362397, "log10_alpha": -0.4259119479807838, "log10_colsample_bytree": -0.11845435982022323, "log10_eta": -3.5248849000116116, "log10_lambda": -0.42191908906561615, "log10_min_child_weight": 2.656514331225457, "log10_subsample": -0.6422605428038265, "max_depth": 9.0, "num_boost_round": 76.0}, "datetime": {"datetime": "2024-01-19 01:53:04", "elapsed": 6069.29326, "delta": 0.00744}}
{"target": -17.676572417499685, "params": {"gamma": 825.9222669362397, "log10_alpha": -0.4259119479807838, "log10_colsample_bytree": -0.11845435982022323, "log10_eta": -3.5248849000116116, "log10_lambda": -0.42191908906561615, "log10_min_child_weight": 2.656514331225457, "log10_subsample": -0.6422605428038265, "max_depth": 9.0, "num_boost_round": 77.0}, "datetime": {"datetime": "2024-01-19 01:53:04", "elapsed": 6069.300696, "delta": 0.007436}}
