{"target": -17.67657373727694, "params": {"gamma": 714.5236433199959, "log10_alpha": -3.0391160415459764, "log10_colsample_bytree": -0.5394013970705747, "log10_eta": -3.5319124975507306, "log10_lambda": -4.204031685335522, "log10_min_child_weight": 1.1610661671719802, "log10_subsample": -0.8654281768593521, "max_depth": 7.0, "num_boost_round": 46.0}, "datetime": {"datetime": "2024-01-19 00:37:38", "elapsed": 1566.187064, "delta": 0.002194}}
{"target": -17.676571021049657, "params": {"gamma": 714.5236433199959, "log10_alpha": -3.0391160415459764, "log10_colsample_bytree": -0.5394013970705747, "log10_eta": -3.5319124975507306, "log10_lambda": -4.204031685335522, "log10_min_child_weight": 1.1610661671719802, "log10_subsample": -0.8654281768593521, "max_depth": 7.0, "num_boost_round": 47.0}, "datetime": {"datetime": "2024-01-19 00:37:38", "elapsed": 1566.189259, "delta": 0.002195}}
{"target": -17.676560960167052, "params": {"gamma": 714.5236433199959, "log10_alpha": -3.0391160415459764, "log10_colsample_bytree": -0.5394013970705747, "log10_eta": -3.5319124975507306, "log10_lambda": -4.204031685335522, "log10_min_child_weight": 1.1610661671719802, "log10_subsample": -0.8654281768593521, "max_depth": 7.0, "num_boost_round": 48.0}, "datetime": {"datetime": "2024-01-19 00:37:38", "elapsed": 1566.191342, "delta": 0.002083}}
{"target": -17.676552923529144, "params": {"gamma": 714.5236433199959, "log10_alpha": -3.0391160415459764, "log10_colsample_bytree": -0.5394013970705747, "log10_eta": -3.5319124975507306, "log10_lambda": -4.204031685335522, "log10_min_child_weight": 1.1610661671719802, "log10_subsample": -0.8654281768593521, "max_depth": 7.0, "num_boost_round": 49.0}, "datetime": {"datetime": "2024-01-19 00:37:38", "elapsed": 1566.19343, "delta": 0.002088}}
{"target": -17.676552369442085, "params": {"gamma": 714.5236433199959, "log10_alpha": -3.0391160415459764, "log10_colsample_bytree": -0.5394013970705747, "log10_eta": -3.5319124975507306, "log10_lambda": -4.204031685335522, "log10_min_child_weight": 1.1610661671719802, "log10_subsample": -0.8654281768593521, "max_depth": 7.0, "num_boost_round": 50.0}, "datetime": {"datetime": "2024-01-19 00:37:38", "elapsed": 1566.195503, "delta": 0.002073}}
{"target": -17.676547769213993, "params": {"gamma": 714.5236433199959, "log10_alpha": -3.0391160415459764, "log10_colsample_bytree": -0.5394013970705747, "log10_eta": -3.5319124975507306, "log10_lambda": -4.204031685335522, "log10_min_child_weight": 1.1610661671719802, "log10_subsample": -0.8654281768593521, "max_depth": 7.0, "num_boost_round": 51.0}, "datetime": {"datetime": "2024-01-19 00:37:38", "elapsed": 1566.202413, "delta": 0.00691}}
{"target": -17.676563430702267, "params": {"gamma": 714.5236433199959, "log10_alpha": -3.0391160415459764, "log10_colsample_bytree": -0.5394013970705747, "log10_eta": -3.5319124975507306, "log10_lambda": -4.204031685335522, "log10_min_child_weight": 1.1610661671719802, "log10_subsample": -0.8654281768593521, "max_depth": 7.0, "num_boost_round": 52.0}, "datetime": {"datetime": "2024-01-19 00:37:38", "elapsed": 1566.204555, "delta": 0.002142}}
{"target": -17.67654580905807, "params": {"gamma": 714.5236433199959, "log10_alpha": -3.0391160415459764, "log10_colsample_bytree": -0.5394013970705747, "log10_eta": -3.5319124975507306, "log10_lambda": -4.204031685335522, "log10_min_child_weight": 1.1610661671719802, "log10_subsample": -0.8654281768593521, "max_depth": 7.0, "num_boost_round": 53.0}, "datetime": {"datetime": "2024-01-19 00:37:38", "elapsed": 1566.206661, "delta": 0.002106}}
{"target": -17.676545500226318, "params": {"gamma": 714.5236433199959, "log10_alpha": -3.0391160415459764, "log10_colsample_bytree": -0.5394013970705747, "log10_eta": -3.5319124975507306, "log10_lambda": -4.204031685335522, "log10_min_child_weight": 1.1610661671719802, "log10_subsample": -0.8654281768593521, "max_depth": 7.0, "num_boost_round": 54.0}, "datetime": {"datetime": "2024-01-19 00:37:38", "elapsed": 1566.208916, "delta": 0.002255}}
{"target": -17.67651885537591, "params": {"gamma": 714.5236433199959, "log10_alpha": -3.0391160415459764, "log10_colsample_bytree": -0.5394013970705747, "log10_eta": -3.5319124975507306, "log10_lambda": -4.204031685335522, "log10_min_child_weight": 1.1610661671719802, "log10_subsample": -0.8654281768593521, "max_depth": 7.0, "num_boost_round": 55.0}, "datetime": {"datetime": "2024-01-19 00:37:38", "elapsed": 1566.211011, "delta": 0.002095}}
{"target": -17.676521780837298, "params": {"gamma": 714.5236433199959, "log10_alpha": -3.0391160415459764, "log10_colsample_bytree": -0.5394013970705747, "log10_eta": -3.5319124975507306, "log10_lambda": -4.204031685335522, "log10_min_child_weight": 1.1610661671719802, "log10_subsample": -0.8654281768593521, "max_depth": 7.0, "num_boost_round": 56.0}, "datetime": {"datetime": "2024-01-19 00:37:38", "elapsed": 1566.213097, "delta": 0.002086}}
{"target": -17.6764928359269, "params": {"gamma": 714.5236433199959, "log10_alpha": -3.0391160415459764, "log10_colsample_bytree": -0.5394013970705747, "log10_eta": -3.5319124975507306, "log10_lambda": -4.204031685335522, "log10_min_child_weight": 1.1610661671719802, "log10_subsample": -0.8654281768593521, "max_depth": 7.0, "num_boost_round": 57.0}, "datetime": {"datetime": "2024-01-19 00:37:38", "elapsed": 1566.215194, "delta": 0.002097}}
{"target": -17.67722887036574, "params": {"gamma": 68.57445245999732, "log10_alpha": -2.415488939644014, "log10_colsample_bytree": -0.6364336496419453, "log10_eta": -4.0, "log10_lambda": -3.601972764322606, "log10_min_child_weight": 1.3626198203727569, "log10_subsample": -0.0562194989083835, "max_depth": 3.0, "num_boost_round": 0.0}, "datetime": {"datetime": "2024-01-19 00:38:06", "elapsed": 1593.6956, "delta": 27.480406}}
{"target": -17.677225472861544, "params": {"gamma": 68.57445245999732, "log10_alpha": -2.415488939644014, "log10_colsample_bytree": -0.6364336496419453, "log10_eta": -4.0, "log10_lambda": -3.601972764322606, "log10_min_child_weight": 1.3626198203727569, "log10_subsample": -0.0562194989083835, "max_depth": 3.0, "num_boost_round": 1.0}, "datetime": {"datetime": "2024-01-19 00:38:06", "elapsed": 1593.698269, "delta": 0.002669}}
{"target": -17.677221811293045, "params": {"gamma": 68.57445245999732, "log10_alpha": -2.415488939644014, "log10_colsample_bytree": -0.6364336496419453, "log10_eta": -4.0, "log10_lambda": -3.601972764322606, "log10_min_child_weight": 1.3626198203727569, "log10_subsample": -0.0562194989083835, "max_depth": 3.0, "num_boost_round": 2.0}, "datetime": {"datetime": "2024-01-19 00:38:06", "elapsed": 1593.700781, "delta": 0.002512}}
{"target": -17.67721748373357, "params": {"gamma": 68.57445245999732, "log10_alpha": -2.415488939644014, "log10_colsample_bytree": -0.6364336496419453, "log10_eta": -4.0, "log10_lambda": -3.601972764322606, "log10_min_child_weight": 1.3626198203727569, "log10_subsample": -0.0562194989083835, "max_depth": 3.0, "num_boost_round": 3.0}, "datetime": {"datetime": "2024-01-19 00:38:06", "elapsed": 1593.702963, "delta": 0.002182}}
{"target": -17.677213176404074, "params": {"gamma": 68.57445245999732, "log10_alpha": -2.415488939644014, "log10_colsample_bytree": -0.6364336496419453, "log10_eta": -4.0, "log10_lambda": -3.601972764322606, "log10_min_child_weight": 1.3626198203727569, "log10_subsample": -0.0562194989083835, "max_depth": 3.0, "num_boost_round": 4.0}, "datetime": {"datetime": "2024-01-19 00:38:06", "elapsed": 1593.705129, "delta": 0.002166}}
{"target": -17.677211192248002, "params": {"gamma": 68.57445245999732, "log10_alpha": -2.415488939644014, "log10_colsample_bytree": -0.6364336496419453, "log10_eta": -4.0, "log10_lambda": -3.601972764322606, "log10_min_child_weight": 1.3626198203727569, "log10_subsample": -0.0562194989083835, "max_depth": 3.0, "num_boost_round": 5.0}, "datetime": {"datetime": "2024-01-19 00:38:06", "elapsed": 1593.707338, "delta": 0.002209}}
{"target": -17.677208207078447, "params": {"gamma": 68.57445245999732, "log10_alpha": -2.415488939644014, "log10_colsample_bytree": -0.6364336496419453, "log10_eta": -4.0, "log10_lambda": -3.601972764322606, "log10_min_child_weight": 1.3626198203727569, "log10_subsample": -0.0562194989083835, "max_depth": 3.0, "num_boost_round": 6.0}, "datetime": {"datetime": "2024-01-19 00:38:06", "elapsed": 1593.709507, "delta": 0.002169}}
{"target": -17.67720450492494, "params": {"gamma": 68.57445245999732, "log10_alpha": -2.415488939644014, "log10_colsample_bytree": -0.6364336496419453, "log10_eta": -4.0, "log10_lambda": -3.601972764322606, "log10_min_child_weight": 1.3626198203727569, "log10_subsample": -0.0562194989083835, "max_depth": 3.0, "num_boost_round": 7.0}, "datetime": {"datetime": "2024-01-19 00:38:06", "elapsed": 1593.711615, "delta": 0.002108}}
{"target": -17.677202963892665, "params": {"gamma": 68.57445245999732, "log10_alpha": -2.415488939644014, "log10_colsample_bytree": -0.6364336496419453, "log10_eta": -4.0, "log10_lambda": -3.601972764322606, "log10_min_child_weight": 1.3626198203727569, "log10_subsample": -0.0562194989083835, "max_depth": 3.0, "num_boost_round": 8.0}, "datetime": {"datetime": "2024-01-19 00:38:06", "elapsed": 1593.713721, "delta": 0.002106}}
{"target": -17.67719987405195, "params": {"gamma": 68.57445245999732, "log10_alpha": -2.415488939644014, "log10_colsample_bytree": -0.6364336496419453, "log10_eta": -4.0, "log10_lambda": -3.601972764322606, "log10_min_child_weight": 1.3626198203727569, "log10_subsample": -0.0562194989083835, "max_depth": 3.0, "num_boost_round": 9.0}, "datetime": {"datetime": "2024-01-19 00:38:06", "elapsed": 1593.715865, "delta": 0.002144}}
{"target": -17.67719511295484, "params": {"gamma": 68.57445245999732, "log10_alpha": -2.415488939644014, "log10_colsample_bytree": -0.6364336496419453, "log10_eta": -4.0, "log10_lambda": -3.601972764322606, "log10_min_child_weight": 1.3626198203727569, "log10_subsample": -0.0562194989083835, "max_depth": 3.0, "num_boost_round": 10.0}, "datetime": {"datetime": "2024-01-19 00:38:06", "elapsed": 1593.718059, "delta": 0.002194}}
{"target": -17.677194741945502, "params": {"gamma": 68.57445245999732, "log10_alpha": -2.415488939644014, "log10_colsample_bytree": -0.6364336496419453, "log10_eta": -4.0, "log10_lambda": -3.601972764322606, "log10_min_child_weight": 1.3626198203727569, "log10_subsample": -0.0562194989083835, "max_depth": 3.0, "num_boost_round": 11.0}, "datetime": {"datetime": "2024-01-19 00:38:06", "elapsed": 1593.720162, "delta": 0.002103}}
{"target": -17.677193011367446, "params": {"gamma": 68.57445245999732, "log10_alpha": -2.415488939644014, "log10_colsample_bytree": -0.6364336496419453, "log10_eta": -4.0, "log10_lambda": -3.601972764322606, "log10_min_child_weight": 1.3626198203727569, "log10_subsample": -0.0562194989083835, "max_depth": 3.0, "num_boost_round": 12.0}, "datetime": {"datetime": "2024-01-19 00:38:06", "elapsed": 1593.722262, "delta": 0.0021}}
{"target": -17.67718907757778, "params": {"gamma": 68.57445245999732, "log10_alpha": -2.415488939644014, "log10_colsample_bytree": -0.6364336496419453, "log10_eta": -4.0, "log10_lambda": -3.601972764322606, "log10_min_child_weight": 1.3626198203727569, "log10_subsample": -0.0562194989083835, "max_depth": 3.0, "num_boost_round": 13.0}, "datetime": {"datetime": "2024-01-19 00:38:06", "elapsed": 1593.724373, "delta": 0.002111}}
{"target": -17.67718793137324, "params": {"gamma": 68.57445245999732, "log10_alpha": -2.415488939644014, "log10_colsample_bytree": -0.6364336496419453, "log10_eta": -4.0, "log10_lambda": -3.601972764322606, "log10_min_child_weight": 1.3626198203727569, "log10_subsample": -0.0562194989083835, "max_depth": 3.0, "num_boost_round": 14.0}, "datetime": {"datetime": "2024-01-19 00:38:06", "elapsed": 1593.726483, "delta": 0.00211}}
{"target": -17.677183856790926, "params": {"gamma": 68.57445245999732, "log10_alpha": -2.415488939644014, "log10_colsample_bytree": -0.6364336496419453, "log10_eta": -4.0, "log10_lambda": -3.601972764322606, "log10_min_child_weight": 1.3626198203727569, "log10_subsample": -0.0562194989083835, "max_depth": 3.0, "num_boost_round": 15.0}, "datetime": {"datetime": "2024-01-19 00:38:06", "elapsed": 1593.728757, "delta": 0.002274}}
{"target": -17.677179966077933, "params": {"gamma": 68.57445245999732, "log10_alpha": -2.415488939644014, "log10_colsample_bytree": -0.6364336496419453, "log10_eta": -4.0, "log10_lambda": -3.601972764322606, "log10_min_child_weight": 1.3626198203727569, "log10_subsample": -0.0562194989083835, "max_depth": 3.0, "num_boost_round": 16.0}, "datetime": {"datetime": "2024-01-19 00:38:06", "elapsed": 1593.731016, "delta": 0.002259}}
{"target": -17.67717902569717, "params": {"gamma": 68.57445245999732, "log10_alpha": -2.415488939644014, "log10_colsample_bytree": -0.6364336496419453, "log10_eta": -4.0, "log10_lambda": -3.601972764322606, "log10_min_child_weight": 1.3626198203727569, "log10_subsample": -0.0562194989083835, "max_depth": 3.0, "num_boost_round": 17.0}, "datetime": {"datetime": "2024-01-19 00:38:06", "elapsed": 1593.733244, "delta": 0.002228}}
{"target": -17.67717645749025, "params": {"gamma": 68.57445245999732, "log10_alpha": -2.415488939644014, "log10_colsample_bytree": -0.6364336496419453, "log10_eta": -4.0, "log10_lambda": -3.601972764322606, "log10_min_child_weight": 1.3626198203727569, "log10_subsample": -0.0562194989083835, "max_depth": 3.0, "num_boost_round": 18.0}, "datetime": {"datetime": "2024-01-19 00:38:06", "elapsed": 1593.735379, "delta": 0.002135}}
{"target": -17.677171597068597, "params": {"gamma": 68.57445245999732, "log10_alpha": -2.415488939644014, "log10_colsample_bytree": -0.6364336496419453, "log10_eta": -4.0, "log10_lambda": -3.601972764322606, "log10_min_child_weight": 1.3626198203727569, "log10_subsample": -0.0562194989083835, "max_depth": 3.0, "num_boost_round": 19.0}, "datetime": {"datetime": "2024-01-19 00:38:06", "elapsed": 1593.737566, "delta": 0.002187}}
{"target": -17.67723447553083, "params": {"gamma": 713.9463954522597, "log10_alpha": -3.372381381057252, "log10_colsample_bytree": -0.8638370195966399, "log10_eta": -3.2944496788435975, "log10_lambda": -3.7763501628691936, "log10_min_child_weight": 0.2446131586407163, "log10_subsample": -0.7944976554333311, "max_depth": 7.0, "num_boost_round": 0.0}, "datetime": {"datetime": "2024-01-19 00:38:59", "elapsed": 1646.405666, "delta": 52.6681}}
{"target": -17.677228501853303, "params": {"gamma": 713.9463954522597, "log10_alpha": -3.372381381057252, "log10_colsample_bytree": -0.8638370195966399, "log10_eta": -3.2944496788435975, "log10_lambda": -3.7763501628691936, "log10_min_child_weight": 0.2446131586407163, "log10_subsample": -0.7944976554333311, "max_depth": 7.0, "num_boost_round": 1.0}, "datetime": {"datetime": "2024-01-19 00:38:59", "elapsed": 1646.408855, "delta": 0.003189}}
{"target": -17.67716300220456, "params": {"gamma": 713.9463954522597, "log10_alpha": -3.372381381057252, "log10_colsample_bytree": -0.8638370195966399, "log10_eta": -3.2944496788435975, "log10_lambda": -3.7763501628691936, "log10_min_child_weight": 0.2446131586407163, "log10_subsample": -0.7944976554333311, "max_depth": 7.0, "num_boost_round": 2.0}, "datetime": {"datetime": "2024-01-19 00:38:59", "elapsed": 1646.411081, "delta": 0.002226}}
{"target": -17.67716706271866, "params": {"gamma": 713.9463954522597, "log10_alpha": -3.372381381057252, "log10_colsample_bytree": -0.8638370195966399, "log10_eta": -3.2944496788435975, "log10_lambda": -3.7763501628691936, "log10_min_child_weight": 0.2446131586407163, "log10_subsample": -0.7944976554333311, "max_depth": 7.0, "num_boost_round": 3.0}, "datetime": {"datetime": "2024-01-19 00:38:59", "elapsed": 1646.41328, "delta": 0.002199}}
{"target": -17.67711964274209, "params": {"gamma": 713.9463954522597, "log10_alpha": -3.372381381057252, "log10_colsample_bytree": -0.8638370195966399, "log10_eta": -3.2944496788435975, "log10_lambda": -3.7763501628691936, "log10_min_child_weight": 0.2446131586407163, "log10_subsample": -0.7944976554333311, "max_depth": 7.0, "num_boost_round": 4.0}, "datetime": {"datetime": "2024-01-19 00:38:59", "elapsed": 1646.415479, "delta": 0.002199}}
{"target": -17.67711206610534, "params": {"gamma": 713.9463954522597, "log10_alpha": -3.372381381057252, "log10_colsample_bytree": -0.8638370195966399, "log10_eta": -3.2944496788435975, "log10_lambda": -3.7763501628691936, "log10_min_child_weight": 0.2446131586407163, "log10_subsample": -0.7944976554333311, "max_depth": 7.0, "num_boost_round": 5.0}, "datetime": {"datetime": "2024-01-19 00:38:59", "elapsed": 1646.417701, "delta": 0.002222}}
{"target": -17.677093811916247, "params": {"gamma": 713.9463954522597, "log10_alpha": -3.372381381057252, "log10_colsample_bytree": -0.8638370195966399, "log10_eta": -3.2944496788435975, "log10_lambda": -3.7763501628691936, "log10_min_child_weight": 0.2446131586407163, "log10_subsample": -0.7944976554333311, "max_depth": 7.0, "num_boost_round": 6.0}, "datetime": {"datetime": "2024-01-19 00:38:59", "elapsed": 1646.419838, "delta": 0.002137}}
{"target": -17.67705368334056, "params": {"gamma": 713.9463954522597, "log10_alpha": -3.372381381057252, "log10_colsample_bytree": -0.8638370195966399, "log10_eta": -3.2944496788435975, "log10_lambda": -3.7763501628691936, "log10_min_child_weight": 0.2446131586407163, "log10_subsample": -0.7944976554333311, "max_depth": 7.0, "num_boost_round": 7.0}, "datetime": {"datetime": "2024-01-19 00:38:59", "elapsed": 1646.421964, "delta": 0.002126}}
{"target": -17.67703687006789, "params": {"gamma": 713.9463954522597, "log10_alpha": -3.372381381057252, "log10_colsample_bytree": -0.8638370195966399, "log10_eta": -3.2944496788435975, "log10_lambda": -3.7763501628691936, "log10_min_child_weight": 0.2446131586407163, "log10_subsample": -0.7944976554333311, "max_depth": 7.0, "num_boost_round": 8.0}, "datetime": {"datetime": "2024-01-19 00:38:59", "elapsed": 1646.424111, "delta": 0.002147}}
{"target": -17.677014982159335, "params": {"gamma": 713.9463954522597, "log10_alpha": -3.372381381057252, "log10_colsample_bytree": -0.8638370195966399, "log10_eta": -3.2944496788435975, "log10_lambda": -3.7763501628691936, "log10_min_child_weight": 0.2446131586407163, "log10_subsample": -0.7944976554333311, "max_depth": 7.0, "num_boost_round": 9.0}, "datetime": {"datetime": "2024-01-19 00:38:59", "elapsed": 1646.426225, "delta": 0.002114}}
{"target": -17.676973744722407, "params": {"gamma": 713.9463954522597, "log10_alpha": -3.372381381057252, "log10_colsample_bytree": -0.8638370195966399, "log10_eta": -3.2944496788435975, "log10_lambda": -3.7763501628691936, "log10_min_child_weight": 0.2446131586407163, "log10_subsample": -0.7944976554333311, "max_depth": 7.0, "num_boost_round": 10.0}, "datetime": {"datetime": "2024-01-19 00:38:59", "elapsed": 1646.428504, "delta": 0.002279}}
{"target": -17.676958286217904, "params": {"gamma": 713.9463954522597, "log10_alpha": -3.372381381057252, "log10_colsample_bytree": -0.8638370195966399, "log10_eta": -3.2944496788435975, "log10_lambda": -3.7763501628691936, "log10_min_child_weight": 0.2446131586407163, "log10_subsample": -0.7944976554333311, "max_depth": 7.0, "num_boost_round": 11.0}, "datetime": {"datetime": "2024-01-19 00:38:59", "elapsed": 1646.430797, "delta": 0.002293}}
{"target": -17.676959457290312, "params": {"gamma": 713.9463954522597, "log10_alpha": -3.372381381057252, "log10_colsample_bytree": -0.8638370195966399, "log10_eta": -3.2944496788435975, "log10_lambda": -3.7763501628691936, "log10_min_child_weight": 0.2446131586407163, "log10_subsample": -0.7944976554333311, "max_depth": 7.0, "num_boost_round": 12.0}, "datetime": {"datetime": "2024-01-19 00:38:59", "elapsed": 1646.433033, "delta": 0.002236}}
{"target": -17.676922610089456, "params": {"gamma": 713.9463954522597, "log10_alpha": -3.372381381057252, "log10_colsample_bytree": -0.8638370195966399, "log10_eta": -3.2944496788435975, "log10_lambda": -3.7763501628691936, "log10_min_child_weight": 0.2446131586407163, "log10_subsample": -0.7944976554333311, "max_depth": 7.0, "num_boost_round": 13.0}, "datetime": {"datetime": "2024-01-19 00:38:59", "elapsed": 1646.435174, "delta": 0.002141}}
{"target": -17.67692169708378, "params": {"gamma": 713.9463954522597, "log10_alpha": -3.372381381057252, "log10_colsample_bytree": -0.8638370195966399, "log10_eta": -3.2944496788435975, "log10_lambda": -3.7763501628691936, "log10_min_child_weight": 0.2446131586407163, "log10_subsample": -0.7944976554333311, "max_depth": 7.0, "num_boost_round": 14.0}, "datetime": {"datetime": "2024-01-19 00:38:59", "elapsed": 1646.437371, "delta": 0.002197}}
{"target": -17.67689023933628, "params": {"gamma": 713.9463954522597, "log10_alpha": -3.372381381057252, "log10_colsample_bytree": -0.8638370195966399, "log10_eta": -3.2944496788435975, "log10_lambda": -3.7763501628691936, "log10_min_child_weight": 0.2446131586407163, "log10_subsample": -0.7944976554333311, "max_depth": 7.0, "num_boost_round": 15.0}, "datetime": {"datetime": "2024-01-19 00:38:59", "elapsed": 1646.439499, "delta": 0.002128}}
{"target": -17.676871111754203, "params": {"gamma": 713.9463954522597, "log10_alpha": -3.372381381057252, "log10_colsample_bytree": -0.8638370195966399, "log10_eta": -3.2944496788435975, "log10_lambda": -3.7763501628691936, "log10_min_child_weight": 0.2446131586407163, "log10_subsample": -0.7944976554333311, "max_depth": 7.0, "num_boost_round": 16.0}, "datetime": {"datetime": "2024-01-19 00:38:59", "elapsed": 1646.441657, "delta": 0.002158}}
{"target": -17.676872610626166, "params": {"gamma": 713.9463954522597, "log10_alpha": -3.372381381057252, "log10_colsample_bytree": -0.8638370195966399, "log10_eta": -3.2944496788435975, "log10_lambda": -3.7763501628691936, "log10_min_child_weight": 0.2446131586407163, "log10_subsample": -0.7944976554333311, "max_depth": 7.0, "num_boost_round": 17.0}, "datetime": {"datetime": "2024-01-19 00:38:59", "elapsed": 1646.443817, "delta": 0.00216}}
