{"target": -13.758526976192524, "params": {"gamma": 869.1298805896772, "log10_alpha": -2.4231662132727054, "log10_colsample_bytree": -0.3388376366134378, "log10_eta": -3.906424221355251, "log10_lambda": -3.8107570112552542, "log10_min_child_weight": 4.183727008869881, "log10_subsample": -0.919122590261994, "max_depth": 5.0, "num_boost_round": 30.0}, "datetime": {"datetime": "2024-01-19 00:49:31", "elapsed": 2275.695295, "delta": 0.003141}}
{"target": -13.75852721640082, "params": {"gamma": 869.1298805896772, "log10_alpha": -2.4231662132727054, "log10_colsample_bytree": -0.3388376366134378, "log10_eta": -3.906424221355251, "log10_lambda": -3.8107570112552542, "log10_min_child_weight": 4.183727008869881, "log10_subsample": -0.919122590261994, "max_depth": 5.0, "num_boost_round": 31.0}, "datetime": {"datetime": "2024-01-19 00:49:31", "elapsed": 2275.69839, "delta": 0.003095}}
{"target": -13.758527060904512, "params": {"gamma": 869.1298805896772, "log10_alpha": -2.4231662132727054, "log10_colsample_bytree": -0.3388376366134378, "log10_eta": -3.906424221355251, "log10_lambda": -3.8107570112552542, "log10_min_child_weight": 4.183727008869881, "log10_subsample": -0.919122590261994, "max_depth": 5.0, "num_boost_round": 32.0}, "datetime": {"datetime": "2024-01-19 00:49:31", "elapsed": 2275.701503, "delta": 0.003113}}
{"target": -13.758527085980116, "params": {"gamma": 869.1298805896772, "log10_alpha": -2.4231662132727054, "log10_colsample_bytree": -0.3388376366134378, "log10_eta": -3.906424221355251, "log10_lambda": -3.8107570112552542, "log10_min_child_weight": 4.183727008869881, "log10_subsample": -0.919122590261994, "max_depth": 5.0, "num_boost_round": 33.0}, "datetime": {"datetime": "2024-01-19 00:49:31", "elapsed": 2275.704711, "delta": 0.003208}}
{"target": -13.758527308945926, "params": {"gamma": 869.1298805896772, "log10_alpha": -2.4231662132727054, "log10_colsample_bytree": -0.3388376366134378, "log10_eta": -3.906424221355251, "log10_lambda": -3.8107570112552542, "log10_min_child_weight": 4.183727008869881, "log10_subsample": -0.919122590261994, "max_depth": 5.0, "num_boost_round": 34.0}, "datetime": {"datetime": "2024-01-19 00:49:31", "elapsed": 2275.707827, "delta": 0.003116}}
{"target": -13.758526987553667, "params": {"gamma": 869.1298805896772, "log10_alpha": -2.4231662132727054, "log10_colsample_bytree": -0.3388376366134378, "log10_eta": -3.906424221355251, "log10_lambda": -3.8107570112552542, "log10_min_child_weight": 4.183727008869881, "log10_subsample": -0.919122590261994, "max_depth": 5.0, "num_boost_round": 35.0}, "datetime": {"datetime": "2024-01-19 00:49:31", "elapsed": 2275.710983, "delta": 0.003156}}
{"target": -13.75852681904918, "params": {"gamma": 869.1298805896772, "log10_alpha": -2.4231662132727054, "log10_colsample_bytree": -0.3388376366134378, "log10_eta": -3.906424221355251, "log10_lambda": -3.8107570112552542, "log10_min_child_weight": 4.183727008869881, "log10_subsample": -0.919122590261994, "max_depth": 5.0, "num_boost_round": 36.0}, "datetime": {"datetime": "2024-01-19 00:49:31", "elapsed": 2275.714245, "delta": 0.003262}}
{"target": -13.758526342490972, "params": {"gamma": 869.1298805896772, "log10_alpha": -2.4231662132727054, "log10_colsample_bytree": -0.3388376366134378, "log10_eta": -3.906424221355251, "log10_lambda": -3.8107570112552542, "log10_min_child_weight": 4.183727008869881, "log10_subsample": -0.919122590261994, "max_depth": 5.0, "num_boost_round": 37.0}, "datetime": {"datetime": "2024-01-19 00:49:31", "elapsed": 2275.717371, "delta": 0.003126}}
{"target": -13.75852597101463, "params": {"gamma": 869.1298805896772, "log10_alpha": -2.4231662132727054, "log10_colsample_bytree": -0.3388376366134378, "log10_eta": -3.906424221355251, "log10_lambda": -3.8107570112552542, "log10_min_child_weight": 4.183727008869881, "log10_subsample": -0.919122590261994, "max_depth": 5.0, "num_boost_round": 38.0}, "datetime": {"datetime": "2024-01-19 00:49:31", "elapsed": 2275.720478, "delta": 0.003107}}
{"target": -13.758534262454276, "params": {"gamma": 854.2481846697319, "log10_alpha": -0.9077026203637564, "log10_colsample_bytree": -0.09877379689150334, "log10_eta": -3.681246954073768, "log10_lambda": -0.5560248916036263, "log10_min_child_weight": 1.886908523816413, "log10_subsample": -0.8504641879332148, "max_depth": 7.0, "num_boost_round": 0.0}, "datetime": {"datetime": "2024-01-19 00:50:09", "elapsed": 2313.613649, "delta": 37.893171}}
{"target": -13.758531197224194, "params": {"gamma": 854.2481846697319, "log10_alpha": -0.9077026203637564, "log10_colsample_bytree": -0.09877379689150334, "log10_eta": -3.681246954073768, "log10_lambda": -0.5560248916036263, "log10_min_child_weight": 1.886908523816413, "log10_subsample": -0.8504641879332148, "max_depth": 7.0, "num_boost_round": 1.0}, "datetime": {"datetime": "2024-01-19 00:50:09", "elapsed": 2313.617223, "delta": 0.003574}}
{"target": -13.75852228236164, "params": {"gamma": 854.2481846697319, "log10_alpha": -0.9077026203637564, "log10_colsample_bytree": -0.09877379689150334, "log10_eta": -3.681246954073768, "log10_lambda": -0.5560248916036263, "log10_min_child_weight": 1.886908523816413, "log10_subsample": -0.8504641879332148, "max_depth": 7.0, "num_boost_round": 2.0}, "datetime": {"datetime": "2024-01-19 00:50:09", "elapsed": 2313.620519, "delta": 0.003296}}
{"target": -13.7585071212762, "params": {"gamma": 854.2481846697319, "log10_alpha": -0.9077026203637564, "log10_colsample_bytree": -0.09877379689150334, "log10_eta": -3.681246954073768, "log10_lambda": -0.5560248916036263, "log10_min_child_weight": 1.886908523816413, "log10_subsample": -0.8504641879332148, "max_depth": 7.0, "num_boost_round": 3.0}, "datetime": {"datetime": "2024-01-19 00:50:09", "elapsed": 2313.624091, "delta": 0.003572}}
{"target": -13.758498839984986, "params": {"gamma": 854.2481846697319, "log10_alpha": -0.9077026203637564, "log10_colsample_bytree": -0.09877379689150334, "log10_eta": -3.681246954073768, "log10_lambda": -0.5560248916036263, "log10_min_child_weight": 1.886908523816413, "log10_subsample": -0.8504641879332148, "max_depth": 7.0, "num_boost_round": 4.0}, "datetime": {"datetime": "2024-01-19 00:50:09", "elapsed": 2313.62714, "delta": 0.003049}}
{"target": -13.758492548654914, "params": {"gamma": 854.2481846697319, "log10_alpha": -0.9077026203637564, "log10_colsample_bytree": -0.09877379689150334, "log10_eta": -3.681246954073768, "log10_lambda": -0.5560248916036263, "log10_min_child_weight": 1.886908523816413, "log10_subsample": -0.8504641879332148, "max_depth": 7.0, "num_boost_round": 5.0}, "datetime": {"datetime": "2024-01-19 00:50:09", "elapsed": 2313.630192, "delta": 0.003052}}
{"target": -13.75848147922246, "params": {"gamma": 854.2481846697319, "log10_alpha": -0.9077026203637564, "log10_colsample_bytree": -0.09877379689150334, "log10_eta": -3.681246954073768, "log10_lambda": -0.5560248916036263, "log10_min_child_weight": 1.886908523816413, "log10_subsample": -0.8504641879332148, "max_depth": 7.0, "num_boost_round": 6.0}, "datetime": {"datetime": "2024-01-19 00:50:09", "elapsed": 2313.633611, "delta": 0.003419}}
{"target": -13.758486411098879, "params": {"gamma": 854.2481846697319, "log10_alpha": -0.9077026203637564, "log10_colsample_bytree": -0.09877379689150334, "log10_eta": -3.681246954073768, "log10_lambda": -0.5560248916036263, "log10_min_child_weight": 1.886908523816413, "log10_subsample": -0.8504641879332148, "max_depth": 7.0, "num_boost_round": 7.0}, "datetime": {"datetime": "2024-01-19 00:50:09", "elapsed": 2313.636836, "delta": 0.003225}}
{"target": -13.758479546840618, "params": {"gamma": 854.2481846697319, "log10_alpha": -0.9077026203637564, "log10_colsample_bytree": -0.09877379689150334, "log10_eta": -3.681246954073768, "log10_lambda": -0.5560248916036263, "log10_min_child_weight": 1.886908523816413, "log10_subsample": -0.8504641879332148, "max_depth": 7.0, "num_boost_round": 8.0}, "datetime": {"datetime": "2024-01-19 00:50:09", "elapsed": 2313.640054, "delta": 0.003218}}
{"target": -13.758472985857523, "params": {"gamma": 854.2481846697319, "log10_alpha": -0.9077026203637564, "log10_colsample_bytree": -0.09877379689150334, "log10_eta": -3.681246954073768, "log10_lambda": -0.5560248916036263, "log10_min_child_weight": 1.886908523816413, "log10_subsample": -0.8504641879332148, "max_depth": 7.0, "num_boost_round": 9.0}, "datetime": {"datetime": "2024-01-19 00:50:09", "elapsed": 2313.64314, "delta": 0.003086}}
{"target": -13.758471587567463, "params": {"gamma": 854.2481846697319, "log10_alpha": -0.9077026203637564, "log10_colsample_bytree": -0.09877379689150334, "log10_eta": -3.681246954073768, "log10_lambda": -0.5560248916036263, "log10_min_child_weight": 1.886908523816413, "log10_subsample": -0.8504641879332148, "max_depth": 7.0, "num_boost_round": 10.0}, "datetime": {"datetime": "2024-01-19 00:50:09", "elapsed": 2313.646221, "delta": 0.003081}}
{"target": -13.75847170026728, "params": {"gamma": 854.2481846697319, "log10_alpha": -0.9077026203637564, "log10_colsample_bytree": -0.09877379689150334, "log10_eta": -3.681246954073768, "log10_lambda": -0.5560248916036263, "log10_min_child_weight": 1.886908523816413, "log10_subsample": -0.8504641879332148, "max_depth": 7.0, "num_boost_round": 11.0}, "datetime": {"datetime": "2024-01-19 00:50:09", "elapsed": 2313.649856, "delta": 0.003635}}
{"target": -13.758464567267383, "params": {"gamma": 854.2481846697319, "log10_alpha": -0.9077026203637564, "log10_colsample_bytree": -0.09877379689150334, "log10_eta": -3.681246954073768, "log10_lambda": -0.5560248916036263, "log10_min_child_weight": 1.886908523816413, "log10_subsample": -0.8504641879332148, "max_depth": 7.0, "num_boost_round": 12.0}, "datetime": {"datetime": "2024-01-19 00:50:09", "elapsed": 2313.653144, "delta": 0.003288}}
{"target": -13.758467574658626, "params": {"gamma": 854.2481846697319, "log10_alpha": -0.9077026203637564, "log10_colsample_bytree": -0.09877379689150334, "log10_eta": -3.681246954073768, "log10_lambda": -0.5560248916036263, "log10_min_child_weight": 1.886908523816413, "log10_subsample": -0.8504641879332148, "max_depth": 7.0, "num_boost_round": 13.0}, "datetime": {"datetime": "2024-01-19 00:50:09", "elapsed": 2313.65622, "delta": 0.003076}}
{"target": -13.758466231765135, "params": {"gamma": 854.2481846697319, "log10_alpha": -0.9077026203637564, "log10_colsample_bytree": -0.09877379689150334, "log10_eta": -3.681246954073768, "log10_lambda": -0.5560248916036263, "log10_min_child_weight": 1.886908523816413, "log10_subsample": -0.8504641879332148, "max_depth": 7.0, "num_boost_round": 14.0}, "datetime": {"datetime": "2024-01-19 00:50:09", "elapsed": 2313.659284, "delta": 0.003064}}
{"target": -13.75845950451315, "params": {"gamma": 854.2481846697319, "log10_alpha": -0.9077026203637564, "log10_colsample_bytree": -0.09877379689150334, "log10_eta": -3.681246954073768, "log10_lambda": -0.5560248916036263, "log10_min_child_weight": 1.886908523816413, "log10_subsample": -0.8504641879332148, "max_depth": 7.0, "num_boost_round": 15.0}, "datetime": {"datetime": "2024-01-19 00:50:09", "elapsed": 2313.662367, "delta": 0.003083}}
{"target": -13.758450174444759, "params": {"gamma": 854.2481846697319, "log10_alpha": -0.9077026203637564, "log10_colsample_bytree": -0.09877379689150334, "log10_eta": -3.681246954073768, "log10_lambda": -0.5560248916036263, "log10_min_child_weight": 1.886908523816413, "log10_subsample": -0.8504641879332148, "max_depth": 7.0, "num_boost_round": 16.0}, "datetime": {"datetime": "2024-01-19 00:50:09", "elapsed": 2313.665444, "delta": 0.003077}}
{"target": -13.758453022636216, "params": {"gamma": 854.2481846697319, "log10_alpha": -0.9077026203637564, "log10_colsample_bytree": -0.09877379689150334, "log10_eta": -3.681246954073768, "log10_lambda": -0.5560248916036263, "log10_min_child_weight": 1.886908523816413, "log10_subsample": -0.8504641879332148, "max_depth": 7.0, "num_boost_round": 17.0}, "datetime": {"datetime": "2024-01-19 00:50:09", "elapsed": 2313.668505, "delta": 0.003061}}
{"target": -13.758327481060883, "params": {"gamma": 876.6122112010725, "log10_alpha": -3.7676104255593073, "log10_colsample_bytree": -0.7973954956082667, "log10_eta": -2.403533535185922, "log10_lambda": -0.6283678450986647, "log10_min_child_weight": 1.7442811941074026, "log10_subsample": -0.9691792090915724, "max_depth": 6.0, "num_boost_round": 0.0}, "datetime": {"datetime": "2024-01-19 00:50:50", "elapsed": 2354.472074, "delta": 40.803569}}
{"target": -13.758150611534939, "params": {"gamma": 876.6122112010725, "log10_alpha": -3.7676104255593073, "log10_colsample_bytree": -0.7973954956082667, "log10_eta": -2.403533535185922, "log10_lambda": -0.6283678450986647, "log10_min_child_weight": 1.7442811941074026, "log10_subsample": -0.9691792090915724, "max_depth": 6.0, "num_boost_round": 1.0}, "datetime": {"datetime": "2024-01-19 00:50:50", "elapsed": 2354.475967, "delta": 0.003893}}
{"target": -13.758069442009552, "params": {"gamma": 876.6122112010725, "log10_alpha": -3.7676104255593073, "log10_colsample_bytree": -0.7973954956082667, "log10_eta": -2.403533535185922, "log10_lambda": -0.6283678450986647, "log10_min_child_weight": 1.7442811941074026, "log10_subsample": -0.9691792090915724, "max_depth": 6.0, "num_boost_round": 2.0}, "datetime": {"datetime": "2024-01-19 00:50:50", "elapsed": 2354.479207, "delta": 0.00324}}
{"target": -13.758185259049405, "params": {"gamma": 876.6122112010725, "log10_alpha": -3.7676104255593073, "log10_colsample_bytree": -0.7973954956082667, "log10_eta": -2.403533535185922, "log10_lambda": -0.6283678450986647, "log10_min_child_weight": 1.7442811941074026, "log10_subsample": -0.9691792090915724, "max_depth": 6.0, "num_boost_round": 3.0}, "datetime": {"datetime": "2024-01-19 00:50:50", "elapsed": 2354.482353, "delta": 0.003146}}
{"target": -13.758024875924603, "params": {"gamma": 876.6122112010725, "log10_alpha": -3.7676104255593073, "log10_colsample_bytree": -0.7973954956082667, "log10_eta": -2.403533535185922, "log10_lambda": -0.6283678450986647, "log10_min_child_weight": 1.7442811941074026, "log10_subsample": -0.9691792090915724, "max_depth": 6.0, "num_boost_round": 4.0}, "datetime": {"datetime": "2024-01-19 00:50:50", "elapsed": 2354.485529, "delta": 0.003176}}
{"target": -13.757991282332284, "params": {"gamma": 876.6122112010725, "log10_alpha": -3.7676104255593073, "log10_colsample_bytree": -0.7973954956082667, "log10_eta": -2.403533535185922, "log10_lambda": -0.6283678450986647, "log10_min_child_weight": 1.7442811941074026, "log10_subsample": -0.9691792090915724, "max_depth": 6.0, "num_boost_round": 5.0}, "datetime": {"datetime": "2024-01-19 00:50:50", "elapsed": 2354.488628, "delta": 0.003099}}
{"target": -13.757894268382834, "params": {"gamma": 876.6122112010725, "log10_alpha": -3.7676104255593073, "log10_colsample_bytree": -0.7973954956082667, "log10_eta": -2.403533535185922, "log10_lambda": -0.6283678450986647, "log10_min_child_weight": 1.7442811941074026, "log10_subsample": -0.9691792090915724, "max_depth": 6.0, "num_boost_round": 6.0}, "datetime": {"datetime": "2024-01-19 00:50:50", "elapsed": 2354.491837, "delta": 0.003209}}
{"target": -13.757714857560611, "params": {"gamma": 876.6122112010725, "log10_alpha": -3.7676104255593073, "log10_colsample_bytree": -0.7973954956082667, "log10_eta": -2.403533535185922, "log10_lambda": -0.6283678450986647, "log10_min_child_weight": 1.7442811941074026, "log10_subsample": -0.9691792090915724, "max_depth": 6.0, "num_boost_round": 7.0}, "datetime": {"datetime": "2024-01-19 00:50:50", "elapsed": 2354.494995, "delta": 0.003158}}
{"target": -13.757751713615557, "params": {"gamma": 876.6122112010725, "log10_alpha": -3.7676104255593073, "log10_colsample_bytree": -0.7973954956082667, "log10_eta": -2.403533535185922, "log10_lambda": -0.6283678450986647, "log10_min_child_weight": 1.7442811941074026, "log10_subsample": -0.9691792090915724, "max_depth": 6.0, "num_boost_round": 8.0}, "datetime": {"datetime": "2024-01-19 00:50:50", "elapsed": 2354.498123, "delta": 0.003128}}
{"target": -13.75771725165963, "params": {"gamma": 876.6122112010725, "log10_alpha": -3.7676104255593073, "log10_colsample_bytree": -0.7973954956082667, "log10_eta": -2.403533535185922, "log10_lambda": -0.6283678450986647, "log10_min_child_weight": 1.7442811941074026, "log10_subsample": -0.9691792090915724, "max_depth": 6.0, "num_boost_round": 9.0}, "datetime": {"datetime": "2024-01-19 00:50:50", "elapsed": 2354.501222, "delta": 0.003099}}
{"target": -13.757683122843034, "params": {"gamma": 876.6122112010725, "log10_alpha": -3.7676104255593073, "log10_colsample_bytree": -0.7973954956082667, "log10_eta": -2.403533535185922, "log10_lambda": -0.6283678450986647, "log10_min_child_weight": 1.7442811941074026, "log10_subsample": -0.9691792090915724, "max_depth": 6.0, "num_boost_round": 10.0}, "datetime": {"datetime": "2024-01-19 00:50:50", "elapsed": 2354.504333, "delta": 0.003111}}
{"target": -13.757670309245018, "params": {"gamma": 876.6122112010725, "log10_alpha": -3.7676104255593073, "log10_colsample_bytree": -0.7973954956082667, "log10_eta": -2.403533535185922, "log10_lambda": -0.6283678450986647, "log10_min_child_weight": 1.7442811941074026, "log10_subsample": -0.9691792090915724, "max_depth": 6.0, "num_boost_round": 11.0}, "datetime": {"datetime": "2024-01-19 00:50:50", "elapsed": 2354.507448, "delta": 0.003115}}
{"target": -13.757681297921904, "params": {"gamma": 876.6122112010725, "log10_alpha": -3.7676104255593073, "log10_colsample_bytree": -0.7973954956082667, "log10_eta": -2.403533535185922, "log10_lambda": -0.6283678450986647, "log10_min_child_weight": 1.7442811941074026, "log10_subsample": -0.9691792090915724, "max_depth": 6.0, "num_boost_round": 12.0}, "datetime": {"datetime": "2024-01-19 00:50:50", "elapsed": 2354.510577, "delta": 0.003129}}
{"target": -13.757500218732046, "params": {"gamma": 876.6122112010725, "log10_alpha": -3.7676104255593073, "log10_colsample_bytree": -0.7973954956082667, "log10_eta": -2.403533535185922, "log10_lambda": -0.6283678450986647, "log10_min_child_weight": 1.7442811941074026, "log10_subsample": -0.9691792090915724, "max_depth": 6.0, "num_boost_round": 13.0}, "datetime": {"datetime": "2024-01-19 00:50:50", "elapsed": 2354.51383, "delta": 0.003253}}
{"target": -13.757497318501603, "params": {"gamma": 876.6122112010725, "log10_alpha": -3.7676104255593073, "log10_colsample_bytree": -0.7973954956082667, "log10_eta": -2.403533535185922, "log10_lambda": -0.6283678450986647, "log10_min_child_weight": 1.7442811941074026, "log10_subsample": -0.9691792090915724, "max_depth": 6.0, "num_boost_round": 14.0}, "datetime": {"datetime": "2024-01-19 00:50:50", "elapsed": 2354.516969, "delta": 0.003139}}
{"target": -13.757406458023407, "params": {"gamma": 876.6122112010725, "log10_alpha": -3.7676104255593073, "log10_colsample_bytree": -0.7973954956082667, "log10_eta": -2.403533535185922, "log10_lambda": -0.6283678450986647, "log10_min_child_weight": 1.7442811941074026, "log10_subsample": -0.9691792090915724, "max_depth": 6.0, "num_boost_round": 15.0}, "datetime": {"datetime": "2024-01-19 00:50:50", "elapsed": 2354.520087, "delta": 0.003118}}
{"target": -13.757386815604901, "params": {"gamma": 876.6122112010725, "log10_alpha": -3.7676104255593073, "log10_colsample_bytree": -0.7973954956082667, "log10_eta": -2.403533535185922, "log10_lambda": -0.6283678450986647, "log10_min_child_weight": 1.7442811941074026, "log10_subsample": -0.9691792090915724, "max_depth": 6.0, "num_boost_round": 16.0}, "datetime": {"datetime": "2024-01-19 00:50:50", "elapsed": 2354.523201, "delta": 0.003114}}
{"target": -13.757201390916187, "params": {"gamma": 876.6122112010725, "log10_alpha": -3.7676104255593073, "log10_colsample_bytree": -0.7973954956082667, "log10_eta": -2.403533535185922, "log10_lambda": -0.6283678450986647, "log10_min_child_weight": 1.7442811941074026, "log10_subsample": -0.9691792090915724, "max_depth": 6.0, "num_boost_round": 17.0}, "datetime": {"datetime": "2024-01-19 00:50:50", "elapsed": 2354.526312, "delta": 0.003111}}
{"target": -13.757196834492994, "params": {"gamma": 876.6122112010725, "log10_alpha": -3.7676104255593073, "log10_colsample_bytree": -0.7973954956082667, "log10_eta": -2.403533535185922, "log10_lambda": -0.6283678450986647, "log10_min_child_weight": 1.7442811941074026, "log10_subsample": -0.9691792090915724, "max_depth": 6.0, "num_boost_round": 18.0}, "datetime": {"datetime": "2024-01-19 00:50:50", "elapsed": 2354.529423, "delta": 0.003111}}
{"target": -13.757131181554056, "params": {"gamma": 876.6122112010725, "log10_alpha": -3.7676104255593073, "log10_colsample_bytree": -0.7973954956082667, "log10_eta": -2.403533535185922, "log10_lambda": -0.6283678450986647, "log10_min_child_weight": 1.7442811941074026, "log10_subsample": -0.9691792090915724, "max_depth": 6.0, "num_boost_round": 19.0}, "datetime": {"datetime": "2024-01-19 00:50:50", "elapsed": 2354.532727, "delta": 0.003304}}
{"target": -13.756984750318384, "params": {"gamma": 876.6122112010725, "log10_alpha": -3.7676104255593073, "log10_colsample_bytree": -0.7973954956082667, "log10_eta": -2.403533535185922, "log10_lambda": -0.6283678450986647, "log10_min_child_weight": 1.7442811941074026, "log10_subsample": -0.9691792090915724, "max_depth": 6.0, "num_boost_round": 20.0}, "datetime": {"datetime": "2024-01-19 00:50:50", "elapsed": 2354.536061, "delta": 0.003334}}
{"target": -13.756936844642805, "params": {"gamma": 876.6122112010725, "log10_alpha": -3.7676104255593073, "log10_colsample_bytree": -0.7973954956082667, "log10_eta": -2.403533535185922, "log10_lambda": -0.6283678450986647, "log10_min_child_weight": 1.7442811941074026, "log10_subsample": -0.9691792090915724, "max_depth": 6.0, "num_boost_round": 21.0}, "datetime": {"datetime": "2024-01-19 00:50:50", "elapsed": 2354.539243, "delta": 0.003182}}
