{"target": -17.6764868400453, "params": {"gamma": 441.82705399359014, "log10_alpha": -3.557556247812472, "log10_colsample_bytree": -0.23786264746680086, "log10_eta": -3.6020169548614853, "log10_lambda": -0.7320186465877736, "log10_min_child_weight": 2.277458650596201, "log10_subsample": -0.6540042533117777, "max_depth": 9.0, "num_boost_round": 55.0}, "datetime": {"datetime": "2024-01-19 02:35:27", "elapsed": 8619.677283, "delta": 0.007237}}
{"target": -17.67646492989702, "params": {"gamma": 441.82705399359014, "log10_alpha": -3.557556247812472, "log10_colsample_bytree": -0.23786264746680086, "log10_eta": -3.6020169548614853, "log10_lambda": -0.7320186465877736, "log10_min_child_weight": 2.277458650596201, "log10_subsample": -0.6540042533117777, "max_depth": 9.0, "num_boost_round": 56.0}, "datetime": {"datetime": "2024-01-19 02:35:27", "elapsed": 8619.684569, "delta": 0.007286}}
{"target": -17.676458775412947, "params": {"gamma": 441.82705399359014, "log10_alpha": -3.557556247812472, "log10_colsample_bytree": -0.23786264746680086, "log10_eta": -3.6020169548614853, "log10_lambda": -0.7320186465877736, "log10_min_child_weight": 2.277458650596201, "log10_subsample": -0.6540042533117777, "max_depth": 9.0, "num_boost_round": 57.0}, "datetime": {"datetime": "2024-01-19 02:35:27", "elapsed": 8619.691753, "delta": 0.007184}}
{"target": -17.676460194688975, "params": {"gamma": 441.82705399359014, "log10_alpha": -3.557556247812472, "log10_colsample_bytree": -0.23786264746680086, "log10_eta": -3.6020169548614853, "log10_lambda": -0.7320186465877736, "log10_min_child_weight": 2.277458650596201, "log10_subsample": -0.6540042533117777, "max_depth": 9.0, "num_boost_round": 58.0}, "datetime": {"datetime": "2024-01-19 02:35:27", "elapsed": 8619.698729, "delta": 0.006976}}
{"target": -17.676451931827458, "params": {"gamma": 441.82705399359014, "log10_alpha": -3.557556247812472, "log10_colsample_bytree": -0.23786264746680086, "log10_eta": -3.6020169548614853, "log10_lambda": -0.7320186465877736, "log10_min_child_weight": 2.277458650596201, "log10_subsample": -0.6540042533117777, "max_depth": 9.0, "num_boost_round": 59.0}, "datetime": {"datetime": "2024-01-19 02:35:27", "elapsed": 8619.705541, "delta": 0.006812}}
{"target": -17.676450928212358, "params": {"gamma": 441.82705399359014, "log10_alpha": -3.557556247812472, "log10_colsample_bytree": -0.23786264746680086, "log10_eta": -3.6020169548614853, "log10_lambda": -0.7320186465877736, "log10_min_child_weight": 2.277458650596201, "log10_subsample": -0.6540042533117777, "max_depth": 9.0, "num_boost_round": 60.0}, "datetime": {"datetime": "2024-01-19 02:35:27", "elapsed": 8619.712274, "delta": 0.006733}}
{"target": -17.67645423434385, "params": {"gamma": 441.82705399359014, "log10_alpha": -3.557556247812472, "log10_colsample_bytree": -0.23786264746680086, "log10_eta": -3.6020169548614853, "log10_lambda": -0.7320186465877736, "log10_min_child_weight": 2.277458650596201, "log10_subsample": -0.6540042533117777, "max_depth": 9.0, "num_boost_round": 61.0}, "datetime": {"datetime": "2024-01-19 02:35:27", "elapsed": 8619.720619, "delta": 0.008345}}
{"target": -17.677118940604814, "params": {"gamma": 440.50233819567075, "log10_alpha": -4.741075885704828, "log10_colsample_bytree": -0.3530511830736801, "log10_eta": -2.345874368535477, "log10_lambda": -2.166804698172032, "log10_min_child_weight": 2.306384971892954, "log10_subsample": -0.5514611275406969, "max_depth": 3.0, "num_boost_round": 0.0}, "datetime": {"datetime": "2024-01-19 02:38:23", "elapsed": 8796.060589, "delta": 176.33997}}
{"target": -17.67691698261088, "params": {"gamma": 440.50233819567075, "log10_alpha": -4.741075885704828, "log10_colsample_bytree": -0.3530511830736801, "log10_eta": -2.345874368535477, "log10_lambda": -2.166804698172032, "log10_min_child_weight": 2.306384971892954, "log10_subsample": -0.5514611275406969, "max_depth": 3.0, "num_boost_round": 1.0}, "datetime": {"datetime": "2024-01-19 02:38:23", "elapsed": 8796.068846, "delta": 0.008257}}
{"target": -17.67674788838192, "params": {"gamma": 440.50233819567075, "log10_alpha": -4.741075885704828, "log10_colsample_bytree": -0.3530511830736801, "log10_eta": -2.345874368535477, "log10_lambda": -2.166804698172032, "log10_min_child_weight": 2.306384971892954, "log10_subsample": -0.5514611275406969, "max_depth": 3.0, "num_boost_round": 2.0}, "datetime": {"datetime": "2024-01-19 02:38:23", "elapsed": 8796.076844, "delta": 0.007998}}
{"target": -17.676713258497305, "params": {"gamma": 440.50233819567075, "log10_alpha": -4.741075885704828, "log10_colsample_bytree": -0.3530511830736801, "log10_eta": -2.345874368535477, "log10_lambda": -2.166804698172032, "log10_min_child_weight": 2.306384971892954, "log10_subsample": -0.5514611275406969, "max_depth": 3.0, "num_boost_round": 3.0}, "datetime": {"datetime": "2024-01-19 02:38:23", "elapsed": 8796.084782, "delta": 0.007938}}
{"target": -17.67661158798285, "params": {"gamma": 440.50233819567075, "log10_alpha": -4.741075885704828, "log10_colsample_bytree": -0.3530511830736801, "log10_eta": -2.345874368535477, "log10_lambda": -2.166804698172032, "log10_min_child_weight": 2.306384971892954, "log10_subsample": -0.5514611275406969, "max_depth": 3.0, "num_boost_round": 4.0}, "datetime": {"datetime": "2024-01-19 02:38:23", "elapsed": 8796.092652, "delta": 0.00787}}
{"target": -17.676426991720437, "params": {"gamma": 440.50233819567075, "log10_alpha": -4.741075885704828, "log10_colsample_bytree": -0.3530511830736801, "log10_eta": -2.345874368535477, "log10_lambda": -2.166804698172032, "log10_min_child_weight": 2.306384971892954, "log10_subsample": -0.5514611275406969, "max_depth": 3.0, "num_boost_round": 5.0}, "datetime": {"datetime": "2024-01-19 02:38:23", "elapsed": 8796.100537, "delta": 0.007885}}
{"target": -17.676262852371053, "params": {"gamma": 440.50233819567075, "log10_alpha": -4.741075885704828, "log10_colsample_bytree": -0.3530511830736801, "log10_eta": -2.345874368535477, "log10_lambda": -2.166804698172032, "log10_min_child_weight": 2.306384971892954, "log10_subsample": -0.5514611275406969, "max_depth": 3.0, "num_boost_round": 6.0}, "datetime": {"datetime": "2024-01-19 02:38:23", "elapsed": 8796.108635, "delta": 0.008098}}
{"target": -17.67613189439553, "params": {"gamma": 440.50233819567075, "log10_alpha": -4.741075885704828, "log10_colsample_bytree": -0.3530511830736801, "log10_eta": -2.345874368535477, "log10_lambda": -2.166804698172032, "log10_min_child_weight": 2.306384971892954, "log10_subsample": -0.5514611275406969, "max_depth": 3.0, "num_boost_round": 7.0}, "datetime": {"datetime": "2024-01-19 02:38:23", "elapsed": 8796.11656, "delta": 0.007925}}
{"target": -17.675992777938077, "params": {"gamma": 440.50233819567075, "log10_alpha": -4.741075885704828, "log10_colsample_bytree": -0.3530511830736801, "log10_eta": -2.345874368535477, "log10_lambda": -2.166804698172032, "log10_min_child_weight": 2.306384971892954, "log10_subsample": -0.5514611275406969, "max_depth": 3.0, "num_boost_round": 8.0}, "datetime": {"datetime": "2024-01-19 02:38:23", "elapsed": 8796.124462, "delta": 0.007902}}
{"target": -17.675872617863966, "params": {"gamma": 440.50233819567075, "log10_alpha": -4.741075885704828, "log10_colsample_bytree": -0.3530511830736801, "log10_eta": -2.345874368535477, "log10_lambda": -2.166804698172032, "log10_min_child_weight": 2.306384971892954, "log10_subsample": -0.5514611275406969, "max_depth": 3.0, "num_boost_round": 9.0}, "datetime": {"datetime": "2024-01-19 02:38:23", "elapsed": 8796.132183, "delta": 0.007721}}
{"target": -17.675761039931405, "params": {"gamma": 440.50233819567075, "log10_alpha": -4.741075885704828, "log10_colsample_bytree": -0.3530511830736801, "log10_eta": -2.345874368535477, "log10_lambda": -2.166804698172032, "log10_min_child_weight": 2.306384971892954, "log10_subsample": -0.5514611275406969, "max_depth": 3.0, "num_boost_round": 10.0}, "datetime": {"datetime": "2024-01-19 02:38:23", "elapsed": 8796.140821, "delta": 0.008638}}
{"target": -17.6755625518692, "params": {"gamma": 440.50233819567075, "log10_alpha": -4.741075885704828, "log10_colsample_bytree": -0.3530511830736801, "log10_eta": -2.345874368535477, "log10_lambda": -2.166804698172032, "log10_min_child_weight": 2.306384971892954, "log10_subsample": -0.5514611275406969, "max_depth": 3.0, "num_boost_round": 11.0}, "datetime": {"datetime": "2024-01-19 02:38:23", "elapsed": 8796.149053, "delta": 0.008232}}
{"target": -17.67544792135288, "params": {"gamma": 440.50233819567075, "log10_alpha": -4.741075885704828, "log10_colsample_bytree": -0.3530511830736801, "log10_eta": -2.345874368535477, "log10_lambda": -2.166804698172032, "log10_min_child_weight": 2.306384971892954, "log10_subsample": -0.5514611275406969, "max_depth": 3.0, "num_boost_round": 12.0}, "datetime": {"datetime": "2024-01-19 02:38:23", "elapsed": 8796.15736, "delta": 0.008307}}
{"target": -17.675361449638153, "params": {"gamma": 440.50233819567075, "log10_alpha": -4.741075885704828, "log10_colsample_bytree": -0.3530511830736801, "log10_eta": -2.345874368535477, "log10_lambda": -2.166804698172032, "log10_min_child_weight": 2.306384971892954, "log10_subsample": -0.5514611275406969, "max_depth": 3.0, "num_boost_round": 13.0}, "datetime": {"datetime": "2024-01-19 02:38:23", "elapsed": 8796.165623, "delta": 0.008263}}
{"target": -17.675203839686525, "params": {"gamma": 440.50233819567075, "log10_alpha": -4.741075885704828, "log10_colsample_bytree": -0.3530511830736801, "log10_eta": -2.345874368535477, "log10_lambda": -2.166804698172032, "log10_min_child_weight": 2.306384971892954, "log10_subsample": -0.5514611275406969, "max_depth": 3.0, "num_boost_round": 14.0}, "datetime": {"datetime": "2024-01-19 02:38:23", "elapsed": 8796.173939, "delta": 0.008316}}
{"target": -17.675105816330507, "params": {"gamma": 440.50233819567075, "log10_alpha": -4.741075885704828, "log10_colsample_bytree": -0.3530511830736801, "log10_eta": -2.345874368535477, "log10_lambda": -2.166804698172032, "log10_min_child_weight": 2.306384971892954, "log10_subsample": -0.5514611275406969, "max_depth": 3.0, "num_boost_round": 15.0}, "datetime": {"datetime": "2024-01-19 02:38:23", "elapsed": 8796.181945, "delta": 0.008006}}
{"target": -17.675062955392473, "params": {"gamma": 440.50233819567075, "log10_alpha": -4.741075885704828, "log10_colsample_bytree": -0.3530511830736801, "log10_eta": -2.345874368535477, "log10_lambda": -2.166804698172032, "log10_min_child_weight": 2.306384971892954, "log10_subsample": -0.5514611275406969, "max_depth": 3.0, "num_boost_round": 16.0}, "datetime": {"datetime": "2024-01-19 02:38:23", "elapsed": 8796.190111, "delta": 0.008166}}
{"target": -17.67502881011602, "params": {"gamma": 440.50233819567075, "log10_alpha": -4.741075885704828, "log10_colsample_bytree": -0.3530511830736801, "log10_eta": -2.345874368535477, "log10_lambda": -2.166804698172032, "log10_min_child_weight": 2.306384971892954, "log10_subsample": -0.5514611275406969, "max_depth": 3.0, "num_boost_round": 17.0}, "datetime": {"datetime": "2024-01-19 02:38:23", "elapsed": 8796.198179, "delta": 0.008068}}
{"target": -17.674970236427402, "params": {"gamma": 440.50233819567075, "log10_alpha": -4.741075885704828, "log10_colsample_bytree": -0.3530511830736801, "log10_eta": -2.345874368535477, "log10_lambda": -2.166804698172032, "log10_min_child_weight": 2.306384971892954, "log10_subsample": -0.5514611275406969, "max_depth": 3.0, "num_boost_round": 18.0}, "datetime": {"datetime": "2024-01-19 02:38:23", "elapsed": 8796.206282, "delta": 0.008103}}
{"target": -17.67494432785932, "params": {"gamma": 440.50233819567075, "log10_alpha": -4.741075885704828, "log10_colsample_bytree": -0.3530511830736801, "log10_eta": -2.345874368535477, "log10_lambda": -2.166804698172032, "log10_min_child_weight": 2.306384971892954, "log10_subsample": -0.5514611275406969, "max_depth": 3.0, "num_boost_round": 19.0}, "datetime": {"datetime": "2024-01-19 02:38:23", "elapsed": 8796.214642, "delta": 0.00836}}
{"target": -17.67484296561132, "params": {"gamma": 440.50233819567075, "log10_alpha": -4.741075885704828, "log10_colsample_bytree": -0.3530511830736801, "log10_eta": -2.345874368535477, "log10_lambda": -2.166804698172032, "log10_min_child_weight": 2.306384971892954, "log10_subsample": -0.5514611275406969, "max_depth": 3.0, "num_boost_round": 20.0}, "datetime": {"datetime": "2024-01-19 02:38:23", "elapsed": 8796.222659, "delta": 0.008017}}
{"target": -17.674610630235946, "params": {"gamma": 440.50233819567075, "log10_alpha": -4.741075885704828, "log10_colsample_bytree": -0.3530511830736801, "log10_eta": -2.345874368535477, "log10_lambda": -2.166804698172032, "log10_min_child_weight": 2.306384971892954, "log10_subsample": -0.5514611275406969, "max_depth": 3.0, "num_boost_round": 21.0}, "datetime": {"datetime": "2024-01-19 02:38:23", "elapsed": 8796.231884, "delta": 0.009225}}
{"target": -17.674354843852033, "params": {"gamma": 440.50233819567075, "log10_alpha": -4.741075885704828, "log10_colsample_bytree": -0.3530511830736801, "log10_eta": -2.345874368535477, "log10_lambda": -2.166804698172032, "log10_min_child_weight": 2.306384971892954, "log10_subsample": -0.5514611275406969, "max_depth": 3.0, "num_boost_round": 22.0}, "datetime": {"datetime": "2024-01-19 02:38:23", "elapsed": 8796.241044, "delta": 0.00916}}
{"target": -17.674113610792016, "params": {"gamma": 440.50233819567075, "log10_alpha": -4.741075885704828, "log10_colsample_bytree": -0.3530511830736801, "log10_eta": -2.345874368535477, "log10_lambda": -2.166804698172032, "log10_min_child_weight": 2.306384971892954, "log10_subsample": -0.5514611275406969, "max_depth": 3.0, "num_boost_round": 23.0}, "datetime": {"datetime": "2024-01-19 02:38:23", "elapsed": 8796.250238, "delta": 0.009194}}
{"target": -17.67404768162222, "params": {"gamma": 440.50233819567075, "log10_alpha": -4.741075885704828, "log10_colsample_bytree": -0.3530511830736801, "log10_eta": -2.345874368535477, "log10_lambda": -2.166804698172032, "log10_min_child_weight": 2.306384971892954, "log10_subsample": -0.5514611275406969, "max_depth": 3.0, "num_boost_round": 24.0}, "datetime": {"datetime": "2024-01-19 02:38:23", "elapsed": 8796.259824, "delta": 0.009586}}
{"target": -17.67405738195809, "params": {"gamma": 440.50233819567075, "log10_alpha": -4.741075885704828, "log10_colsample_bytree": -0.3530511830736801, "log10_eta": -2.345874368535477, "log10_lambda": -2.166804698172032, "log10_min_child_weight": 2.306384971892954, "log10_subsample": -0.5514611275406969, "max_depth": 3.0, "num_boost_round": 25.0}, "datetime": {"datetime": "2024-01-19 02:38:23", "elapsed": 8796.268272, "delta": 0.008448}}
{"target": -17.674007647039573, "params": {"gamma": 440.50233819567075, "log10_alpha": -4.741075885704828, "log10_colsample_bytree": -0.3530511830736801, "log10_eta": -2.345874368535477, "log10_lambda": -2.166804698172032, "log10_min_child_weight": 2.306384971892954, "log10_subsample": -0.5514611275406969, "max_depth": 3.0, "num_boost_round": 26.0}, "datetime": {"datetime": "2024-01-19 02:38:23", "elapsed": 8796.276761, "delta": 0.008489}}
{"target": -17.6740248440418, "params": {"gamma": 440.50233819567075, "log10_alpha": -4.741075885704828, "log10_colsample_bytree": -0.3530511830736801, "log10_eta": -2.345874368535477, "log10_lambda": -2.166804698172032, "log10_min_child_weight": 2.306384971892954, "log10_subsample": -0.5514611275406969, "max_depth": 3.0, "num_boost_round": 27.0}, "datetime": {"datetime": "2024-01-19 02:38:23", "elapsed": 8796.285077, "delta": 0.008316}}
{"target": -17.673897787291303, "params": {"gamma": 440.50233819567075, "log10_alpha": -4.741075885704828, "log10_colsample_bytree": -0.3530511830736801, "log10_eta": -2.345874368535477, "log10_lambda": -2.166804698172032, "log10_min_child_weight": 2.306384971892954, "log10_subsample": -0.5514611275406969, "max_depth": 3.0, "num_boost_round": 28.0}, "datetime": {"datetime": "2024-01-19 02:38:23", "elapsed": 8796.29342, "delta": 0.008343}}
{"target": -17.67373115246192, "params": {"gamma": 440.50233819567075, "log10_alpha": -4.741075885704828, "log10_colsample_bytree": -0.3530511830736801, "log10_eta": -2.345874368535477, "log10_lambda": -2.166804698172032, "log10_min_child_weight": 2.306384971892954, "log10_subsample": -0.5514611275406969, "max_depth": 3.0, "num_boost_round": 29.0}, "datetime": {"datetime": "2024-01-19 02:38:23", "elapsed": 8796.301606, "delta": 0.008186}}
{"target": -17.67365254573541, "params": {"gamma": 440.50233819567075, "log10_alpha": -4.741075885704828, "log10_colsample_bytree": -0.3530511830736801, "log10_eta": -2.345874368535477, "log10_lambda": -2.166804698172032, "log10_min_child_weight": 2.306384971892954, "log10_subsample": -0.5514611275406969, "max_depth": 3.0, "num_boost_round": 30.0}, "datetime": {"datetime": "2024-01-19 02:38:23", "elapsed": 8796.309827, "delta": 0.008221}}
{"target": -17.673558174258496, "params": {"gamma": 440.50233819567075, "log10_alpha": -4.741075885704828, "log10_colsample_bytree": -0.3530511830736801, "log10_eta": -2.345874368535477, "log10_lambda": -2.166804698172032, "log10_min_child_weight": 2.306384971892954, "log10_subsample": -0.5514611275406969, "max_depth": 3.0, "num_boost_round": 31.0}, "datetime": {"datetime": "2024-01-19 02:38:23", "elapsed": 8796.31804, "delta": 0.008213}}
{"target": -17.67357757826578, "params": {"gamma": 440.50233819567075, "log10_alpha": -4.741075885704828, "log10_colsample_bytree": -0.3530511830736801, "log10_eta": -2.345874368535477, "log10_lambda": -2.166804698172032, "log10_min_child_weight": 2.306384971892954, "log10_subsample": -0.5514611275406969, "max_depth": 3.0, "num_boost_round": 32.0}, "datetime": {"datetime": "2024-01-19 02:38:23", "elapsed": 8796.326261, "delta": 0.008221}}
{"target": -17.673442380267804, "params": {"gamma": 440.50233819567075, "log10_alpha": -4.741075885704828, "log10_colsample_bytree": -0.3530511830736801, "log10_eta": -2.345874368535477, "log10_lambda": -2.166804698172032, "log10_min_child_weight": 2.306384971892954, "log10_subsample": -0.5514611275406969, "max_depth": 3.0, "num_boost_round": 33.0}, "datetime": {"datetime": "2024-01-19 02:38:23", "elapsed": 8796.334475, "delta": 0.008214}}
{"target": -17.673432983391923, "params": {"gamma": 440.50233819567075, "log10_alpha": -4.741075885704828, "log10_colsample_bytree": -0.3530511830736801, "log10_eta": -2.345874368535477, "log10_lambda": -2.166804698172032, "log10_min_child_weight": 2.306384971892954, "log10_subsample": -0.5514611275406969, "max_depth": 3.0, "num_boost_round": 34.0}, "datetime": {"datetime": "2024-01-19 02:38:23", "elapsed": 8796.342711, "delta": 0.008236}}
{"target": -17.673352389985208, "params": {"gamma": 440.50233819567075, "log10_alpha": -4.741075885704828, "log10_colsample_bytree": -0.3530511830736801, "log10_eta": -2.345874368535477, "log10_lambda": -2.166804698172032, "log10_min_child_weight": 2.306384971892954, "log10_subsample": -0.5514611275406969, "max_depth": 3.0, "num_boost_round": 35.0}, "datetime": {"datetime": "2024-01-19 02:38:23", "elapsed": 8796.351724, "delta": 0.009013}}
{"target": -17.673256759318253, "params": {"gamma": 440.50233819567075, "log10_alpha": -4.741075885704828, "log10_colsample_bytree": -0.3530511830736801, "log10_eta": -2.345874368535477, "log10_lambda": -2.166804698172032, "log10_min_child_weight": 2.306384971892954, "log10_subsample": -0.5514611275406969, "max_depth": 3.0, "num_boost_round": 36.0}, "datetime": {"datetime": "2024-01-19 02:38:23", "elapsed": 8796.482578, "delta": 0.130854}}
{"target": -17.673210566808496, "params": {"gamma": 440.50233819567075, "log10_alpha": -4.741075885704828, "log10_colsample_bytree": -0.3530511830736801, "log10_eta": -2.345874368535477, "log10_lambda": -2.166804698172032, "log10_min_child_weight": 2.306384971892954, "log10_subsample": -0.5514611275406969, "max_depth": 3.0, "num_boost_round": 37.0}, "datetime": {"datetime": "2024-01-19 02:38:23", "elapsed": 8796.491098, "delta": 0.00852}}
{"target": -17.673161809881996, "params": {"gamma": 440.50233819567075, "log10_alpha": -4.741075885704828, "log10_colsample_bytree": -0.3530511830736801, "log10_eta": -2.345874368535477, "log10_lambda": -2.166804698172032, "log10_min_child_weight": 2.306384971892954, "log10_subsample": -0.5514611275406969, "max_depth": 3.0, "num_boost_round": 38.0}, "datetime": {"datetime": "2024-01-19 02:38:23", "elapsed": 8796.498595, "delta": 0.007497}}
{"target": -17.67316306967281, "params": {"gamma": 440.50233819567075, "log10_alpha": -4.741075885704828, "log10_colsample_bytree": -0.3530511830736801, "log10_eta": -2.345874368535477, "log10_lambda": -2.166804698172032, "log10_min_child_weight": 2.306384971892954, "log10_subsample": -0.5514611275406969, "max_depth": 3.0, "num_boost_round": 39.0}, "datetime": {"datetime": "2024-01-19 02:38:23", "elapsed": 8796.505677, "delta": 0.007082}}
{"target": -17.6731178611699, "params": {"gamma": 440.50233819567075, "log10_alpha": -4.741075885704828, "log10_colsample_bytree": -0.3530511830736801, "log10_eta": -2.345874368535477, "log10_lambda": -2.166804698172032, "log10_min_child_weight": 2.306384971892954, "log10_subsample": -0.5514611275406969, "max_depth": 3.0, "num_boost_round": 40.0}, "datetime": {"datetime": "2024-01-19 02:38:23", "elapsed": 8796.51263, "delta": 0.006953}}
{"target": -17.67300744588211, "params": {"gamma": 440.50233819567075, "log10_alpha": -4.741075885704828, "log10_colsample_bytree": -0.3530511830736801, "log10_eta": -2.345874368535477, "log10_lambda": -2.166804698172032, "log10_min_child_weight": 2.306384971892954, "log10_subsample": -0.5514611275406969, "max_depth": 3.0, "num_boost_round": 41.0}, "datetime": {"datetime": "2024-01-19 02:38:23", "elapsed": 8796.519454, "delta": 0.006824}}
