{"target": -13.758455556265014, "params": {"gamma": 130.64920904402945, "log10_alpha": -0.780336435478123, "log10_colsample_bytree": -0.9717375415902637, "log10_eta": -3.821307644801152, "log10_lambda": -4.442478978241865, "log10_min_child_weight": 3.3370853239288873, "log10_subsample": -0.2578253974779202, "max_depth": 8.0, "num_boost_round": 29.0}, "datetime": {"datetime": "2024-01-19 01:00:09", "elapsed": 2916.725043, "delta": 0.002899}}
{"target": -13.75853660303562, "params": {"gamma": 128.07531865344313, "log10_alpha": -0.32324736516257513, "log10_colsample_bytree": -0.2565624710218726, "log10_eta": -3.3766503317440413, "log10_lambda": -2.185098712178995, "log10_min_child_weight": 4.2707820334984605, "log10_subsample": -0.8295986284789136, "max_depth": 3.0, "num_boost_round": 0.0}, "datetime": {"datetime": "2024-01-19 01:00:55", "elapsed": 2962.660406, "delta": 45.935363}}
{"target": -13.75853441746944, "params": {"gamma": 128.07531865344313, "log10_alpha": -0.32324736516257513, "log10_colsample_bytree": -0.2565624710218726, "log10_eta": -3.3766503317440413, "log10_lambda": -2.185098712178995, "log10_min_child_weight": 4.2707820334984605, "log10_subsample": -0.8295986284789136, "max_depth": 3.0, "num_boost_round": 1.0}, "datetime": {"datetime": "2024-01-19 01:00:55", "elapsed": 2962.664081, "delta": 0.003675}}
{"target": -13.75853456522475, "params": {"gamma": 128.07531865344313, "log10_alpha": -0.32324736516257513, "log10_colsample_bytree": -0.2565624710218726, "log10_eta": -3.3766503317440413, "log10_lambda": -2.185098712178995, "log10_min_child_weight": 4.2707820334984605, "log10_subsample": -0.8295986284789136, "max_depth": 3.0, "num_boost_round": 2.0}, "datetime": {"datetime": "2024-01-19 01:00:55", "elapsed": 2962.671877, "delta": 0.007796}}
{"target": -13.758532584423843, "params": {"gamma": 128.07531865344313, "log10_alpha": -0.32324736516257513, "log10_colsample_bytree": -0.2565624710218726, "log10_eta": -3.3766503317440413, "log10_lambda": -2.185098712178995, "log10_min_child_weight": 4.2707820334984605, "log10_subsample": -0.8295986284789136, "max_depth": 3.0, "num_boost_round": 3.0}, "datetime": {"datetime": "2024-01-19 01:00:55", "elapsed": 2962.674891, "delta": 0.003014}}
{"target": -13.758531601429874, "params": {"gamma": 128.07531865344313, "log10_alpha": -0.32324736516257513, "log10_colsample_bytree": -0.2565624710218726, "log10_eta": -3.3766503317440413, "log10_lambda": -2.185098712178995, "log10_min_child_weight": 4.2707820334984605, "log10_subsample": -0.8295986284789136, "max_depth": 3.0, "num_boost_round": 4.0}, "datetime": {"datetime": "2024-01-19 01:00:55", "elapsed": 2962.677885, "delta": 0.002994}}
{"target": -13.758529719243684, "params": {"gamma": 128.07531865344313, "log10_alpha": -0.32324736516257513, "log10_colsample_bytree": -0.2565624710218726, "log10_eta": -3.3766503317440413, "log10_lambda": -2.185098712178995, "log10_min_child_weight": 4.2707820334984605, "log10_subsample": -0.8295986284789136, "max_depth": 3.0, "num_boost_round": 5.0}, "datetime": {"datetime": "2024-01-19 01:00:55", "elapsed": 2962.680863, "delta": 0.002978}}
{"target": -13.758530103324693, "params": {"gamma": 128.07531865344313, "log10_alpha": -0.32324736516257513, "log10_colsample_bytree": -0.2565624710218726, "log10_eta": -3.3766503317440413, "log10_lambda": -2.185098712178995, "log10_min_child_weight": 4.2707820334984605, "log10_subsample": -0.8295986284789136, "max_depth": 3.0, "num_boost_round": 6.0}, "datetime": {"datetime": "2024-01-19 01:00:55", "elapsed": 2962.683784, "delta": 0.002921}}
{"target": -13.75852819186602, "params": {"gamma": 128.07531865344313, "log10_alpha": -0.32324736516257513, "log10_colsample_bytree": -0.2565624710218726, "log10_eta": -3.3766503317440413, "log10_lambda": -2.185098712178995, "log10_min_child_weight": 4.2707820334984605, "log10_subsample": -0.8295986284789136, "max_depth": 3.0, "num_boost_round": 7.0}, "datetime": {"datetime": "2024-01-19 01:00:55", "elapsed": 2962.68672, "delta": 0.002936}}
{"target": -13.758526429449708, "params": {"gamma": 128.07531865344313, "log10_alpha": -0.32324736516257513, "log10_colsample_bytree": -0.2565624710218726, "log10_eta": -3.3766503317440413, "log10_lambda": -2.185098712178995, "log10_min_child_weight": 4.2707820334984605, "log10_subsample": -0.8295986284789136, "max_depth": 3.0, "num_boost_round": 8.0}, "datetime": {"datetime": "2024-01-19 01:00:55", "elapsed": 2962.689664, "delta": 0.002944}}
{"target": -13.75852390103261, "params": {"gamma": 128.07531865344313, "log10_alpha": -0.32324736516257513, "log10_colsample_bytree": -0.2565624710218726, "log10_eta": -3.3766503317440413, "log10_lambda": -2.185098712178995, "log10_min_child_weight": 4.2707820334984605, "log10_subsample": -0.8295986284789136, "max_depth": 3.0, "num_boost_round": 9.0}, "datetime": {"datetime": "2024-01-19 01:00:55", "elapsed": 2962.692686, "delta": 0.003022}}
{"target": -13.758524916096691, "params": {"gamma": 128.07531865344313, "log10_alpha": -0.32324736516257513, "log10_colsample_bytree": -0.2565624710218726, "log10_eta": -3.3766503317440413, "log10_lambda": -2.185098712178995, "log10_min_child_weight": 4.2707820334984605, "log10_subsample": -0.8295986284789136, "max_depth": 3.0, "num_boost_round": 10.0}, "datetime": {"datetime": "2024-01-19 01:00:55", "elapsed": 2962.695596, "delta": 0.00291}}
{"target": -13.758523619412374, "params": {"gamma": 128.07531865344313, "log10_alpha": -0.32324736516257513, "log10_colsample_bytree": -0.2565624710218726, "log10_eta": -3.3766503317440413, "log10_lambda": -2.185098712178995, "log10_min_child_weight": 4.2707820334984605, "log10_subsample": -0.8295986284789136, "max_depth": 3.0, "num_boost_round": 11.0}, "datetime": {"datetime": "2024-01-19 01:00:55", "elapsed": 2962.698589, "delta": 0.002993}}
{"target": -13.758522521298975, "params": {"gamma": 128.07531865344313, "log10_alpha": -0.32324736516257513, "log10_colsample_bytree": -0.2565624710218726, "log10_eta": -3.3766503317440413, "log10_lambda": -2.185098712178995, "log10_min_child_weight": 4.2707820334984605, "log10_subsample": -0.8295986284789136, "max_depth": 3.0, "num_boost_round": 12.0}, "datetime": {"datetime": "2024-01-19 01:00:55", "elapsed": 2962.701559, "delta": 0.00297}}
{"target": -13.758521295794377, "params": {"gamma": 128.07531865344313, "log10_alpha": -0.32324736516257513, "log10_colsample_bytree": -0.2565624710218726, "log10_eta": -3.3766503317440413, "log10_lambda": -2.185098712178995, "log10_min_child_weight": 4.2707820334984605, "log10_subsample": -0.8295986284789136, "max_depth": 3.0, "num_boost_round": 13.0}, "datetime": {"datetime": "2024-01-19 01:00:55", "elapsed": 2962.704465, "delta": 0.002906}}
{"target": -13.758520886066249, "params": {"gamma": 128.07531865344313, "log10_alpha": -0.32324736516257513, "log10_colsample_bytree": -0.2565624710218726, "log10_eta": -3.3766503317440413, "log10_lambda": -2.185098712178995, "log10_min_child_weight": 4.2707820334984605, "log10_subsample": -0.8295986284789136, "max_depth": 3.0, "num_boost_round": 14.0}, "datetime": {"datetime": "2024-01-19 01:00:55", "elapsed": 2962.707323, "delta": 0.002858}}
{"target": -13.758517311708562, "params": {"gamma": 128.07531865344313, "log10_alpha": -0.32324736516257513, "log10_colsample_bytree": -0.2565624710218726, "log10_eta": -3.3766503317440413, "log10_lambda": -2.185098712178995, "log10_min_child_weight": 4.2707820334984605, "log10_subsample": -0.8295986284789136, "max_depth": 3.0, "num_boost_round": 15.0}, "datetime": {"datetime": "2024-01-19 01:00:55", "elapsed": 2962.710211, "delta": 0.002888}}
{"target": -13.758516392292908, "params": {"gamma": 128.07531865344313, "log10_alpha": -0.32324736516257513, "log10_colsample_bytree": -0.2565624710218726, "log10_eta": -3.3766503317440413, "log10_lambda": -2.185098712178995, "log10_min_child_weight": 4.2707820334984605, "log10_subsample": -0.8295986284789136, "max_depth": 3.0, "num_boost_round": 16.0}, "datetime": {"datetime": "2024-01-19 01:00:55", "elapsed": 2962.713156, "delta": 0.002945}}
{"target": -13.758516463804414, "params": {"gamma": 128.07531865344313, "log10_alpha": -0.32324736516257513, "log10_colsample_bytree": -0.2565624710218726, "log10_eta": -3.3766503317440413, "log10_lambda": -2.185098712178995, "log10_min_child_weight": 4.2707820334984605, "log10_subsample": -0.8295986284789136, "max_depth": 3.0, "num_boost_round": 17.0}, "datetime": {"datetime": "2024-01-19 01:00:55", "elapsed": 2962.716015, "delta": 0.002859}}
{"target": -13.758515030921435, "params": {"gamma": 128.07531865344313, "log10_alpha": -0.32324736516257513, "log10_colsample_bytree": -0.2565624710218726, "log10_eta": -3.3766503317440413, "log10_lambda": -2.185098712178995, "log10_min_child_weight": 4.2707820334984605, "log10_subsample": -0.8295986284789136, "max_depth": 3.0, "num_boost_round": 18.0}, "datetime": {"datetime": "2024-01-19 01:00:55", "elapsed": 2962.719028, "delta": 0.003013}}
{"target": -13.758513534323795, "params": {"gamma": 128.07531865344313, "log10_alpha": -0.32324736516257513, "log10_colsample_bytree": -0.2565624710218726, "log10_eta": -3.3766503317440413, "log10_lambda": -2.185098712178995, "log10_min_child_weight": 4.2707820334984605, "log10_subsample": -0.8295986284789136, "max_depth": 3.0, "num_boost_round": 19.0}, "datetime": {"datetime": "2024-01-19 01:00:55", "elapsed": 2962.721991, "delta": 0.002963}}
{"target": -13.758511312082396, "params": {"gamma": 128.07531865344313, "log10_alpha": -0.32324736516257513, "log10_colsample_bytree": -0.2565624710218726, "log10_eta": -3.3766503317440413, "log10_lambda": -2.185098712178995, "log10_min_child_weight": 4.2707820334984605, "log10_subsample": -0.8295986284789136, "max_depth": 3.0, "num_boost_round": 20.0}, "datetime": {"datetime": "2024-01-19 01:00:55", "elapsed": 2962.724868, "delta": 0.002877}}
{"target": -13.758510574614709, "params": {"gamma": 128.07531865344313, "log10_alpha": -0.32324736516257513, "log10_colsample_bytree": -0.2565624710218726, "log10_eta": -3.3766503317440413, "log10_lambda": -2.185098712178995, "log10_min_child_weight": 4.2707820334984605, "log10_subsample": -0.8295986284789136, "max_depth": 3.0, "num_boost_round": 21.0}, "datetime": {"datetime": "2024-01-19 01:00:55", "elapsed": 2962.727745, "delta": 0.002877}}
{"target": -13.758511421827649, "params": {"gamma": 128.07531865344313, "log10_alpha": -0.32324736516257513, "log10_colsample_bytree": -0.2565624710218726, "log10_eta": -3.3766503317440413, "log10_lambda": -2.185098712178995, "log10_min_child_weight": 4.2707820334984605, "log10_subsample": -0.8295986284789136, "max_depth": 3.0, "num_boost_round": 22.0}, "datetime": {"datetime": "2024-01-19 01:00:55", "elapsed": 2962.730662, "delta": 0.002917}}
{"target": -13.758509806860937, "params": {"gamma": 128.07531865344313, "log10_alpha": -0.32324736516257513, "log10_colsample_bytree": -0.2565624710218726, "log10_eta": -3.3766503317440413, "log10_lambda": -2.185098712178995, "log10_min_child_weight": 4.2707820334984605, "log10_subsample": -0.8295986284789136, "max_depth": 3.0, "num_boost_round": 23.0}, "datetime": {"datetime": "2024-01-19 01:00:55", "elapsed": 2962.733549, "delta": 0.002887}}
{"target": -13.758507885448475, "params": {"gamma": 128.07531865344313, "log10_alpha": -0.32324736516257513, "log10_colsample_bytree": -0.2565624710218726, "log10_eta": -3.3766503317440413, "log10_lambda": -2.185098712178995, "log10_min_child_weight": 4.2707820334984605, "log10_subsample": -0.8295986284789136, "max_depth": 3.0, "num_boost_round": 24.0}, "datetime": {"datetime": "2024-01-19 01:00:55", "elapsed": 2962.736436, "delta": 0.002887}}
{"target": -13.758504144848487, "params": {"gamma": 128.07531865344313, "log10_alpha": -0.32324736516257513, "log10_colsample_bytree": -0.2565624710218726, "log10_eta": -3.3766503317440413, "log10_lambda": -2.185098712178995, "log10_min_child_weight": 4.2707820334984605, "log10_subsample": -0.8295986284789136, "max_depth": 3.0, "num_boost_round": 25.0}, "datetime": {"datetime": "2024-01-19 01:00:55", "elapsed": 2962.739695, "delta": 0.003259}}
{"target": -13.758503777384261, "params": {"gamma": 128.07531865344313, "log10_alpha": -0.32324736516257513, "log10_colsample_bytree": -0.2565624710218726, "log10_eta": -3.3766503317440413, "log10_lambda": -2.185098712178995, "log10_min_child_weight": 4.2707820334984605, "log10_subsample": -0.8295986284789136, "max_depth": 3.0, "num_boost_round": 26.0}, "datetime": {"datetime": "2024-01-19 01:00:55", "elapsed": 2962.742834, "delta": 0.003139}}
{"target": -13.75850439626985, "params": {"gamma": 128.07531865344313, "log10_alpha": -0.32324736516257513, "log10_colsample_bytree": -0.2565624710218726, "log10_eta": -3.3766503317440413, "log10_lambda": -2.185098712178995, "log10_min_child_weight": 4.2707820334984605, "log10_subsample": -0.8295986284789136, "max_depth": 3.0, "num_boost_round": 27.0}, "datetime": {"datetime": "2024-01-19 01:00:55", "elapsed": 2962.746482, "delta": 0.003648}}
{"target": -13.758502721116857, "params": {"gamma": 128.07531865344313, "log10_alpha": -0.32324736516257513, "log10_colsample_bytree": -0.2565624710218726, "log10_eta": -3.3766503317440413, "log10_lambda": -2.185098712178995, "log10_min_child_weight": 4.2707820334984605, "log10_subsample": -0.8295986284789136, "max_depth": 3.0, "num_boost_round": 28.0}, "datetime": {"datetime": "2024-01-19 01:00:55", "elapsed": 2962.750155, "delta": 0.003673}}
{"target": -13.758501881301386, "params": {"gamma": 128.07531865344313, "log10_alpha": -0.32324736516257513, "log10_colsample_bytree": -0.2565624710218726, "log10_eta": -3.3766503317440413, "log10_lambda": -2.185098712178995, "log10_min_child_weight": 4.2707820334984605, "log10_subsample": -0.8295986284789136, "max_depth": 3.0, "num_boost_round": 29.0}, "datetime": {"datetime": "2024-01-19 01:00:55", "elapsed": 2962.753174, "delta": 0.003019}}
{"target": -13.758503619344635, "params": {"gamma": 128.07531865344313, "log10_alpha": -0.32324736516257513, "log10_colsample_bytree": -0.2565624710218726, "log10_eta": -3.3766503317440413, "log10_lambda": -2.185098712178995, "log10_min_child_weight": 4.2707820334984605, "log10_subsample": -0.8295986284789136, "max_depth": 3.0, "num_boost_round": 30.0}, "datetime": {"datetime": "2024-01-19 01:00:55", "elapsed": 2962.756177, "delta": 0.003003}}
{"target": -13.758503884560241, "params": {"gamma": 128.07531865344313, "log10_alpha": -0.32324736516257513, "log10_colsample_bytree": -0.2565624710218726, "log10_eta": -3.3766503317440413, "log10_lambda": -2.185098712178995, "log10_min_child_weight": 4.2707820334984605, "log10_subsample": -0.8295986284789136, "max_depth": 3.0, "num_boost_round": 31.0}, "datetime": {"datetime": "2024-01-19 01:00:55", "elapsed": 2962.759202, "delta": 0.003025}}
{"target": -13.758504553544753, "params": {"gamma": 128.07531865344313, "log10_alpha": -0.32324736516257513, "log10_colsample_bytree": -0.2565624710218726, "log10_eta": -3.3766503317440413, "log10_lambda": -2.185098712178995, "log10_min_child_weight": 4.2707820334984605, "log10_subsample": -0.8295986284789136, "max_depth": 3.0, "num_boost_round": 32.0}, "datetime": {"datetime": "2024-01-19 01:00:55", "elapsed": 2962.762117, "delta": 0.002915}}
{"target": -13.758505018259823, "params": {"gamma": 128.07531865344313, "log10_alpha": -0.32324736516257513, "log10_colsample_bytree": -0.2565624710218726, "log10_eta": -3.3766503317440413, "log10_lambda": -2.185098712178995, "log10_min_child_weight": 4.2707820334984605, "log10_subsample": -0.8295986284789136, "max_depth": 3.0, "num_boost_round": 33.0}, "datetime": {"datetime": "2024-01-19 01:00:55", "elapsed": 2962.7651, "delta": 0.002983}}
{"target": -13.758537160078527, "params": {"gamma": 112.93314219646678, "log10_alpha": -1.4397687141410263, "log10_colsample_bytree": -0.1364287590964115, "log10_eta": -3.816124827566735, "log10_lambda": -4.777531003571939, "log10_min_child_weight": 3.455578704646691, "log10_subsample": -0.07060476659752635, "max_depth": 5.0, "num_boost_round": 0.0}, "datetime": {"datetime": "2024-01-19 01:01:27", "elapsed": 2995.473715, "delta": 32.708615}}
{"target": -13.758536767060228, "params": {"gamma": 112.93314219646678, "log10_alpha": -1.4397687141410263, "log10_colsample_bytree": -0.1364287590964115, "log10_eta": -3.816124827566735, "log10_lambda": -4.777531003571939, "log10_min_child_weight": 3.455578704646691, "log10_subsample": -0.07060476659752635, "max_depth": 5.0, "num_boost_round": 1.0}, "datetime": {"datetime": "2024-01-19 01:01:27", "elapsed": 2995.477609, "delta": 0.003894}}
{"target": -13.758536551024417, "params": {"gamma": 112.93314219646678, "log10_alpha": -1.4397687141410263, "log10_colsample_bytree": -0.1364287590964115, "log10_eta": -3.816124827566735, "log10_lambda": -4.777531003571939, "log10_min_child_weight": 3.455578704646691, "log10_subsample": -0.07060476659752635, "max_depth": 5.0, "num_boost_round": 2.0}, "datetime": {"datetime": "2024-01-19 01:01:27", "elapsed": 2995.480711, "delta": 0.003102}}
{"target": -13.758537296228619, "params": {"gamma": 112.93314219646678, "log10_alpha": -1.4397687141410263, "log10_colsample_bytree": -0.1364287590964115, "log10_eta": -3.816124827566735, "log10_lambda": -4.777531003571939, "log10_min_child_weight": 3.455578704646691, "log10_subsample": -0.07060476659752635, "max_depth": 5.0, "num_boost_round": 3.0}, "datetime": {"datetime": "2024-01-19 01:01:27", "elapsed": 2995.483661, "delta": 0.00295}}
{"target": -13.758535360188723, "params": {"gamma": 112.93314219646678, "log10_alpha": -1.4397687141410263, "log10_colsample_bytree": -0.1364287590964115, "log10_eta": -3.816124827566735, "log10_lambda": -4.777531003571939, "log10_min_child_weight": 3.455578704646691, "log10_subsample": -0.07060476659752635, "max_depth": 5.0, "num_boost_round": 4.0}, "datetime": {"datetime": "2024-01-19 01:01:27", "elapsed": 2995.486592, "delta": 0.002931}}
{"target": -13.75853588571892, "params": {"gamma": 112.93314219646678, "log10_alpha": -1.4397687141410263, "log10_colsample_bytree": -0.1364287590964115, "log10_eta": -3.816124827566735, "log10_lambda": -4.777531003571939, "log10_min_child_weight": 3.455578704646691, "log10_subsample": -0.07060476659752635, "max_depth": 5.0, "num_boost_round": 5.0}, "datetime": {"datetime": "2024-01-19 01:01:27", "elapsed": 2995.489498, "delta": 0.002906}}
{"target": -13.758536804740995, "params": {"gamma": 112.93314219646678, "log10_alpha": -1.4397687141410263, "log10_colsample_bytree": -0.1364287590964115, "log10_eta": -3.816124827566735, "log10_lambda": -4.777531003571939, "log10_min_child_weight": 3.455578704646691, "log10_subsample": -0.07060476659752635, "max_depth": 5.0, "num_boost_round": 6.0}, "datetime": {"datetime": "2024-01-19 01:01:27", "elapsed": 2995.492538, "delta": 0.00304}}
{"target": -13.758534962312543, "params": {"gamma": 112.93314219646678, "log10_alpha": -1.4397687141410263, "log10_colsample_bytree": -0.1364287590964115, "log10_eta": -3.816124827566735, "log10_lambda": -4.777531003571939, "log10_min_child_weight": 3.455578704646691, "log10_subsample": -0.07060476659752635, "max_depth": 5.0, "num_boost_round": 7.0}, "datetime": {"datetime": "2024-01-19 01:01:27", "elapsed": 2995.495528, "delta": 0.00299}}
{"target": -13.758535285750606, "params": {"gamma": 112.93314219646678, "log10_alpha": -1.4397687141410263, "log10_colsample_bytree": -0.1364287590964115, "log10_eta": -3.816124827566735, "log10_lambda": -4.777531003571939, "log10_min_child_weight": 3.455578704646691, "log10_subsample": -0.07060476659752635, "max_depth": 5.0, "num_boost_round": 8.0}, "datetime": {"datetime": "2024-01-19 01:01:27", "elapsed": 2995.4985, "delta": 0.002972}}
{"target": -13.758535069745157, "params": {"gamma": 112.93314219646678, "log10_alpha": -1.4397687141410263, "log10_colsample_bytree": -0.1364287590964115, "log10_eta": -3.816124827566735, "log10_lambda": -4.777531003571939, "log10_min_child_weight": 3.455578704646691, "log10_subsample": -0.07060476659752635, "max_depth": 5.0, "num_boost_round": 9.0}, "datetime": {"datetime": "2024-01-19 01:01:27", "elapsed": 2995.501549, "delta": 0.003049}}
{"target": -13.758535866163893, "params": {"gamma": 112.93314219646678, "log10_alpha": -1.4397687141410263, "log10_colsample_bytree": -0.1364287590964115, "log10_eta": -3.816124827566735, "log10_lambda": -4.777531003571939, "log10_min_child_weight": 3.455578704646691, "log10_subsample": -0.07060476659752635, "max_depth": 5.0, "num_boost_round": 10.0}, "datetime": {"datetime": "2024-01-19 01:01:27", "elapsed": 2995.504452, "delta": 0.002903}}
{"target": -13.758534278471533, "params": {"gamma": 112.93314219646678, "log10_alpha": -1.4397687141410263, "log10_colsample_bytree": -0.1364287590964115, "log10_eta": -3.816124827566735, "log10_lambda": -4.777531003571939, "log10_min_child_weight": 3.455578704646691, "log10_subsample": -0.07060476659752635, "max_depth": 5.0, "num_boost_round": 11.0}, "datetime": {"datetime": "2024-01-19 01:01:27", "elapsed": 2995.507342, "delta": 0.00289}}
{"target": -13.758534010836009, "params": {"gamma": 112.93314219646678, "log10_alpha": -1.4397687141410263, "log10_colsample_bytree": -0.1364287590964115, "log10_eta": -3.816124827566735, "log10_lambda": -4.777531003571939, "log10_min_child_weight": 3.455578704646691, "log10_subsample": -0.07060476659752635, "max_depth": 5.0, "num_boost_round": 12.0}, "datetime": {"datetime": "2024-01-19 01:01:27", "elapsed": 2995.510267, "delta": 0.002925}}
{"target": -13.758533621362025, "params": {"gamma": 112.93314219646678, "log10_alpha": -1.4397687141410263, "log10_colsample_bytree": -0.1364287590964115, "log10_eta": -3.816124827566735, "log10_lambda": -4.777531003571939, "log10_min_child_weight": 3.455578704646691, "log10_subsample": -0.07060476659752635, "max_depth": 5.0, "num_boost_round": 13.0}, "datetime": {"datetime": "2024-01-19 01:01:27", "elapsed": 2995.513224, "delta": 0.002957}}
