{"target": -13.758014096584686, "params": {"gamma": 707.8856175082994, "log10_alpha": -3.9935108810927495, "log10_colsample_bytree": -0.7314010592829303, "log10_eta": -3.2013161090559326, "log10_lambda": -1.4710028463248541, "log10_min_child_weight": 1.023589075647784, "log10_subsample": -0.23623283447687837, "max_depth": 9.0, "num_boost_round": 26.0}, "datetime": {"datetime": "2024-01-19 01:37:48", "elapsed": 5167.938394, "delta": 0.005022}}
{"target": -13.757992571859033, "params": {"gamma": 707.8856175082994, "log10_alpha": -3.9935108810927495, "log10_colsample_bytree": -0.7314010592829303, "log10_eta": -3.2013161090559326, "log10_lambda": -1.4710028463248541, "log10_min_child_weight": 1.023589075647784, "log10_subsample": -0.23623283447687837, "max_depth": 9.0, "num_boost_round": 27.0}, "datetime": {"datetime": "2024-01-19 01:37:48", "elapsed": 5167.943487, "delta": 0.005093}}
{"target": -13.757960090329727, "params": {"gamma": 707.8856175082994, "log10_alpha": -3.9935108810927495, "log10_colsample_bytree": -0.7314010592829303, "log10_eta": -3.2013161090559326, "log10_lambda": -1.4710028463248541, "log10_min_child_weight": 1.023589075647784, "log10_subsample": -0.23623283447687837, "max_depth": 9.0, "num_boost_round": 28.0}, "datetime": {"datetime": "2024-01-19 01:37:48", "elapsed": 5167.948593, "delta": 0.005106}}
{"target": -13.75796004226268, "params": {"gamma": 707.8856175082994, "log10_alpha": -3.9935108810927495, "log10_colsample_bytree": -0.7314010592829303, "log10_eta": -3.2013161090559326, "log10_lambda": -1.4710028463248541, "log10_min_child_weight": 1.023589075647784, "log10_subsample": -0.23623283447687837, "max_depth": 9.0, "num_boost_round": 29.0}, "datetime": {"datetime": "2024-01-19 01:37:48", "elapsed": 5167.954609, "delta": 0.006016}}
{"target": -13.757946125525539, "params": {"gamma": 707.8856175082994, "log10_alpha": -3.9935108810927495, "log10_colsample_bytree": -0.7314010592829303, "log10_eta": -3.2013161090559326, "log10_lambda": -1.4710028463248541, "log10_min_child_weight": 1.023589075647784, "log10_subsample": -0.23623283447687837, "max_depth": 9.0, "num_boost_round": 30.0}, "datetime": {"datetime": "2024-01-19 01:37:48", "elapsed": 5167.960321, "delta": 0.005712}}
{"target": -13.757928993034245, "params": {"gamma": 707.8856175082994, "log10_alpha": -3.9935108810927495, "log10_colsample_bytree": -0.7314010592829303, "log10_eta": -3.2013161090559326, "log10_lambda": -1.4710028463248541, "log10_min_child_weight": 1.023589075647784, "log10_subsample": -0.23623283447687837, "max_depth": 9.0, "num_boost_round": 31.0}, "datetime": {"datetime": "2024-01-19 01:37:48", "elapsed": 5167.965689, "delta": 0.005368}}
{"target": -13.75790704689564, "params": {"gamma": 707.8856175082994, "log10_alpha": -3.9935108810927495, "log10_colsample_bytree": -0.7314010592829303, "log10_eta": -3.2013161090559326, "log10_lambda": -1.4710028463248541, "log10_min_child_weight": 1.023589075647784, "log10_subsample": -0.23623283447687837, "max_depth": 9.0, "num_boost_round": 32.0}, "datetime": {"datetime": "2024-01-19 01:37:48", "elapsed": 5167.970925, "delta": 0.005236}}
{"target": -13.757878355035755, "params": {"gamma": 707.8856175082994, "log10_alpha": -3.9935108810927495, "log10_colsample_bytree": -0.7314010592829303, "log10_eta": -3.2013161090559326, "log10_lambda": -1.4710028463248541, "log10_min_child_weight": 1.023589075647784, "log10_subsample": -0.23623283447687837, "max_depth": 9.0, "num_boost_round": 33.0}, "datetime": {"datetime": "2024-01-19 01:37:48", "elapsed": 5167.976578, "delta": 0.005653}}
{"target": -13.75784900704592, "params": {"gamma": 707.8856175082994, "log10_alpha": -3.9935108810927495, "log10_colsample_bytree": -0.7314010592829303, "log10_eta": -3.2013161090559326, "log10_lambda": -1.4710028463248541, "log10_min_child_weight": 1.023589075647784, "log10_subsample": -0.23623283447687837, "max_depth": 9.0, "num_boost_round": 34.0}, "datetime": {"datetime": "2024-01-19 01:37:48", "elapsed": 5167.981815, "delta": 0.005237}}
{"target": -13.75781667326791, "params": {"gamma": 707.8856175082994, "log10_alpha": -3.9935108810927495, "log10_colsample_bytree": -0.7314010592829303, "log10_eta": -3.2013161090559326, "log10_lambda": -1.4710028463248541, "log10_min_child_weight": 1.023589075647784, "log10_subsample": -0.23623283447687837, "max_depth": 9.0, "num_boost_round": 35.0}, "datetime": {"datetime": "2024-01-19 01:37:48", "elapsed": 5167.987361, "delta": 0.005546}}
{"target": -13.757826997698354, "params": {"gamma": 707.8856175082994, "log10_alpha": -3.9935108810927495, "log10_colsample_bytree": -0.7314010592829303, "log10_eta": -3.2013161090559326, "log10_lambda": -1.4710028463248541, "log10_min_child_weight": 1.023589075647784, "log10_subsample": -0.23623283447687837, "max_depth": 9.0, "num_boost_round": 36.0}, "datetime": {"datetime": "2024-01-19 01:37:48", "elapsed": 5167.992648, "delta": 0.005287}}
{"target": -13.757805858341204, "params": {"gamma": 707.8856175082994, "log10_alpha": -3.9935108810927495, "log10_colsample_bytree": -0.7314010592829303, "log10_eta": -3.2013161090559326, "log10_lambda": -1.4710028463248541, "log10_min_child_weight": 1.023589075647784, "log10_subsample": -0.23623283447687837, "max_depth": 9.0, "num_boost_round": 37.0}, "datetime": {"datetime": "2024-01-19 01:37:48", "elapsed": 5167.997739, "delta": 0.005091}}
{"target": -13.757798542109576, "params": {"gamma": 707.8856175082994, "log10_alpha": -3.9935108810927495, "log10_colsample_bytree": -0.7314010592829303, "log10_eta": -3.2013161090559326, "log10_lambda": -1.4710028463248541, "log10_min_child_weight": 1.023589075647784, "log10_subsample": -0.23623283447687837, "max_depth": 9.0, "num_boost_round": 38.0}, "datetime": {"datetime": "2024-01-19 01:37:48", "elapsed": 5168.002889, "delta": 0.00515}}
{"target": -13.75781009665078, "params": {"gamma": 707.8856175082994, "log10_alpha": -3.9935108810927495, "log10_colsample_bytree": -0.7314010592829303, "log10_eta": -3.2013161090559326, "log10_lambda": -1.4710028463248541, "log10_min_child_weight": 1.023589075647784, "log10_subsample": -0.23623283447687837, "max_depth": 9.0, "num_boost_round": 39.0}, "datetime": {"datetime": "2024-01-19 01:37:48", "elapsed": 5168.00812, "delta": 0.005231}}
{"target": -13.758526061313491, "params": {"gamma": 87.08667763539101, "log10_alpha": 0.2510298267806981, "log10_colsample_bytree": -0.5872551034564024, "log10_eta": -3.21818387701841, "log10_lambda": -2.604257176257854, "log10_min_child_weight": 2.9621533274858813, "log10_subsample": -0.3215943046549208, "max_depth": 5.0, "num_boost_round": 0.0}, "datetime": {"datetime": "2024-01-19 01:38:59", "elapsed": 5239.033543, "delta": 71.025423}}
{"target": -13.758519204414402, "params": {"gamma": 87.08667763539101, "log10_alpha": 0.2510298267806981, "log10_colsample_bytree": -0.5872551034564024, "log10_eta": -3.21818387701841, "log10_lambda": -2.604257176257854, "log10_min_child_weight": 2.9621533274858813, "log10_subsample": -0.3215943046549208, "max_depth": 5.0, "num_boost_round": 1.0}, "datetime": {"datetime": "2024-01-19 01:38:59", "elapsed": 5239.040304, "delta": 0.006761}}
{"target": -13.758501161427592, "params": {"gamma": 87.08667763539101, "log10_alpha": 0.2510298267806981, "log10_colsample_bytree": -0.5872551034564024, "log10_eta": -3.21818387701841, "log10_lambda": -2.604257176257854, "log10_min_child_weight": 2.9621533274858813, "log10_subsample": -0.3215943046549208, "max_depth": 5.0, "num_boost_round": 2.0}, "datetime": {"datetime": "2024-01-19 01:38:59", "elapsed": 5239.045681, "delta": 0.005377}}
{"target": -13.758496063118965, "params": {"gamma": 87.08667763539101, "log10_alpha": 0.2510298267806981, "log10_colsample_bytree": -0.5872551034564024, "log10_eta": -3.21818387701841, "log10_lambda": -2.604257176257854, "log10_min_child_weight": 2.9621533274858813, "log10_subsample": -0.3215943046549208, "max_depth": 5.0, "num_boost_round": 3.0}, "datetime": {"datetime": "2024-01-19 01:38:59", "elapsed": 5239.050861, "delta": 0.00518}}
{"target": -13.758482812408856, "params": {"gamma": 87.08667763539101, "log10_alpha": 0.2510298267806981, "log10_colsample_bytree": -0.5872551034564024, "log10_eta": -3.21818387701841, "log10_lambda": -2.604257176257854, "log10_min_child_weight": 2.9621533274858813, "log10_subsample": -0.3215943046549208, "max_depth": 5.0, "num_boost_round": 4.0}, "datetime": {"datetime": "2024-01-19 01:38:59", "elapsed": 5239.055883, "delta": 0.005022}}
{"target": -13.758482566297523, "params": {"gamma": 87.08667763539101, "log10_alpha": 0.2510298267806981, "log10_colsample_bytree": -0.5872551034564024, "log10_eta": -3.21818387701841, "log10_lambda": -2.604257176257854, "log10_min_child_weight": 2.9621533274858813, "log10_subsample": -0.3215943046549208, "max_depth": 5.0, "num_boost_round": 5.0}, "datetime": {"datetime": "2024-01-19 01:38:59", "elapsed": 5239.060895, "delta": 0.005012}}
{"target": -13.758465195068295, "params": {"gamma": 87.08667763539101, "log10_alpha": 0.2510298267806981, "log10_colsample_bytree": -0.5872551034564024, "log10_eta": -3.21818387701841, "log10_lambda": -2.604257176257854, "log10_min_child_weight": 2.9621533274858813, "log10_subsample": -0.3215943046549208, "max_depth": 5.0, "num_boost_round": 6.0}, "datetime": {"datetime": "2024-01-19 01:38:59", "elapsed": 5239.065872, "delta": 0.004977}}
{"target": -13.75844948152049, "params": {"gamma": 87.08667763539101, "log10_alpha": 0.2510298267806981, "log10_colsample_bytree": -0.5872551034564024, "log10_eta": -3.21818387701841, "log10_lambda": -2.604257176257854, "log10_min_child_weight": 2.9621533274858813, "log10_subsample": -0.3215943046549208, "max_depth": 5.0, "num_boost_round": 7.0}, "datetime": {"datetime": "2024-01-19 01:38:59", "elapsed": 5239.071045, "delta": 0.005173}}
{"target": -13.758454822621644, "params": {"gamma": 87.08667763539101, "log10_alpha": 0.2510298267806981, "log10_colsample_bytree": -0.5872551034564024, "log10_eta": -3.21818387701841, "log10_lambda": -2.604257176257854, "log10_min_child_weight": 2.9621533274858813, "log10_subsample": -0.3215943046549208, "max_depth": 5.0, "num_boost_round": 8.0}, "datetime": {"datetime": "2024-01-19 01:38:59", "elapsed": 5239.076099, "delta": 0.005054}}
{"target": -13.758444294318963, "params": {"gamma": 87.08667763539101, "log10_alpha": 0.2510298267806981, "log10_colsample_bytree": -0.5872551034564024, "log10_eta": -3.21818387701841, "log10_lambda": -2.604257176257854, "log10_min_child_weight": 2.9621533274858813, "log10_subsample": -0.3215943046549208, "max_depth": 5.0, "num_boost_round": 9.0}, "datetime": {"datetime": "2024-01-19 01:38:59", "elapsed": 5239.081074, "delta": 0.004975}}
{"target": -13.75843097764961, "params": {"gamma": 87.08667763539101, "log10_alpha": 0.2510298267806981, "log10_colsample_bytree": -0.5872551034564024, "log10_eta": -3.21818387701841, "log10_lambda": -2.604257176257854, "log10_min_child_weight": 2.9621533274858813, "log10_subsample": -0.3215943046549208, "max_depth": 5.0, "num_boost_round": 10.0}, "datetime": {"datetime": "2024-01-19 01:39:00", "elapsed": 5239.086048, "delta": 0.004974}}
{"target": -13.758523524696443, "params": {"gamma": 715.0309225628326, "log10_alpha": -3.340788589914224, "log10_colsample_bytree": -0.7498226708740009, "log10_eta": -3.617620659346777, "log10_lambda": -4.471754177306934, "log10_min_child_weight": 0.6346529214742436, "log10_subsample": -0.6988345987376708, "max_depth": 9.0, "num_boost_round": 0.0}, "datetime": {"datetime": "2024-01-19 01:40:41", "elapsed": 5340.847564, "delta": 101.761516}}
{"target": -13.75852692619732, "params": {"gamma": 715.0309225628326, "log10_alpha": -3.340788589914224, "log10_colsample_bytree": -0.7498226708740009, "log10_eta": -3.617620659346777, "log10_lambda": -4.471754177306934, "log10_min_child_weight": 0.6346529214742436, "log10_subsample": -0.6988345987376708, "max_depth": 9.0, "num_boost_round": 1.0}, "datetime": {"datetime": "2024-01-19 01:40:41", "elapsed": 5340.853888, "delta": 0.006324}}
{"target": -13.758512550473807, "params": {"gamma": 715.0309225628326, "log10_alpha": -3.340788589914224, "log10_colsample_bytree": -0.7498226708740009, "log10_eta": -3.617620659346777, "log10_lambda": -4.471754177306934, "log10_min_child_weight": 0.6346529214742436, "log10_subsample": -0.6988345987376708, "max_depth": 9.0, "num_boost_round": 2.0}, "datetime": {"datetime": "2024-01-19 01:40:41", "elapsed": 5340.859403, "delta": 0.005515}}
{"target": -13.758496853638084, "params": {"gamma": 715.0309225628326, "log10_alpha": -3.340788589914224, "log10_colsample_bytree": -0.7498226708740009, "log10_eta": -3.617620659346777, "log10_lambda": -4.471754177306934, "log10_min_child_weight": 0.6346529214742436, "log10_subsample": -0.6988345987376708, "max_depth": 9.0, "num_boost_round": 3.0}, "datetime": {"datetime": "2024-01-19 01:40:41", "elapsed": 5340.864859, "delta": 0.005456}}
{"target": -13.758497733491499, "params": {"gamma": 715.0309225628326, "log10_alpha": -3.340788589914224, "log10_colsample_bytree": -0.7498226708740009, "log10_eta": -3.617620659346777, "log10_lambda": -4.471754177306934, "log10_min_child_weight": 0.6346529214742436, "log10_subsample": -0.6988345987376708, "max_depth": 9.0, "num_boost_round": 4.0}, "datetime": {"datetime": "2024-01-19 01:40:41", "elapsed": 5340.870864, "delta": 0.006005}}
{"target": -13.758488705837898, "params": {"gamma": 715.0309225628326, "log10_alpha": -3.340788589914224, "log10_colsample_bytree": -0.7498226708740009, "log10_eta": -3.617620659346777, "log10_lambda": -4.471754177306934, "log10_min_child_weight": 0.6346529214742436, "log10_subsample": -0.6988345987376708, "max_depth": 9.0, "num_boost_round": 5.0}, "datetime": {"datetime": "2024-01-19 01:40:41", "elapsed": 5340.876166, "delta": 0.005302}}
{"target": -13.758483715225843, "params": {"gamma": 715.0309225628326, "log10_alpha": -3.340788589914224, "log10_colsample_bytree": -0.7498226708740009, "log10_eta": -3.617620659346777, "log10_lambda": -4.471754177306934, "log10_min_child_weight": 0.6346529214742436, "log10_subsample": -0.6988345987376708, "max_depth": 9.0, "num_boost_round": 6.0}, "datetime": {"datetime": "2024-01-19 01:40:41", "elapsed": 5340.881489, "delta": 0.005323}}
{"target": -13.758470148174181, "params": {"gamma": 715.0309225628326, "log10_alpha": -3.340788589914224, "log10_colsample_bytree": -0.7498226708740009, "log10_eta": -3.617620659346777, "log10_lambda": -4.471754177306934, "log10_min_child_weight": 0.6346529214742436, "log10_subsample": -0.6988345987376708, "max_depth": 9.0, "num_boost_round": 7.0}, "datetime": {"datetime": "2024-01-19 01:40:41", "elapsed": 5340.886749, "delta": 0.00526}}
{"target": -13.758465075500302, "params": {"gamma": 715.0309225628326, "log10_alpha": -3.340788589914224, "log10_colsample_bytree": -0.7498226708740009, "log10_eta": -3.617620659346777, "log10_lambda": -4.471754177306934, "log10_min_child_weight": 0.6346529214742436, "log10_subsample": -0.6988345987376708, "max_depth": 9.0, "num_boost_round": 8.0}, "datetime": {"datetime": "2024-01-19 01:40:41", "elapsed": 5340.89206, "delta": 0.005311}}
{"target": -13.758457631426289, "params": {"gamma": 715.0309225628326, "log10_alpha": -3.340788589914224, "log10_colsample_bytree": -0.7498226708740009, "log10_eta": -3.617620659346777, "log10_lambda": -4.471754177306934, "log10_min_child_weight": 0.6346529214742436, "log10_subsample": -0.6988345987376708, "max_depth": 9.0, "num_boost_round": 9.0}, "datetime": {"datetime": "2024-01-19 01:40:41", "elapsed": 5340.897303, "delta": 0.005243}}
{"target": -13.75844379862293, "params": {"gamma": 715.0309225628326, "log10_alpha": -3.340788589914224, "log10_colsample_bytree": -0.7498226708740009, "log10_eta": -3.617620659346777, "log10_lambda": -4.471754177306934, "log10_min_child_weight": 0.6346529214742436, "log10_subsample": -0.6988345987376708, "max_depth": 9.0, "num_boost_round": 10.0}, "datetime": {"datetime": "2024-01-19 01:40:41", "elapsed": 5340.902636, "delta": 0.005333}}
{"target": -13.75845099601864, "params": {"gamma": 715.0309225628326, "log10_alpha": -3.340788589914224, "log10_colsample_bytree": -0.7498226708740009, "log10_eta": -3.617620659346777, "log10_lambda": -4.471754177306934, "log10_min_child_weight": 0.6346529214742436, "log10_subsample": -0.6988345987376708, "max_depth": 9.0, "num_boost_round": 11.0}, "datetime": {"datetime": "2024-01-19 01:40:41", "elapsed": 5340.908051, "delta": 0.005415}}
{"target": -13.758473874048562, "params": {"gamma": 715.0309225628326, "log10_alpha": -3.340788589914224, "log10_colsample_bytree": -0.7498226708740009, "log10_eta": -3.617620659346777, "log10_lambda": -4.471754177306934, "log10_min_child_weight": 0.6346529214742436, "log10_subsample": -0.6988345987376708, "max_depth": 9.0, "num_boost_round": 12.0}, "datetime": {"datetime": "2024-01-19 01:40:41", "elapsed": 5340.913411, "delta": 0.00536}}
{"target": -13.758455680098049, "params": {"gamma": 715.0309225628326, "log10_alpha": -3.340788589914224, "log10_colsample_bytree": -0.7498226708740009, "log10_eta": -3.617620659346777, "log10_lambda": -4.471754177306934, "log10_min_child_weight": 0.6346529214742436, "log10_subsample": -0.6988345987376708, "max_depth": 9.0, "num_boost_round": 13.0}, "datetime": {"datetime": "2024-01-19 01:40:41", "elapsed": 5340.918474, "delta": 0.005063}}
{"target": -13.758457921500181, "params": {"gamma": 715.0309225628326, "log10_alpha": -3.340788589914224, "log10_colsample_bytree": -0.7498226708740009, "log10_eta": -3.617620659346777, "log10_lambda": -4.471754177306934, "log10_min_child_weight": 0.6346529214742436, "log10_subsample": -0.6988345987376708, "max_depth": 9.0, "num_boost_round": 14.0}, "datetime": {"datetime": "2024-01-19 01:40:41", "elapsed": 5340.923716, "delta": 0.005242}}
{"target": -13.758454387884912, "params": {"gamma": 715.0309225628326, "log10_alpha": -3.340788589914224, "log10_colsample_bytree": -0.7498226708740009, "log10_eta": -3.617620659346777, "log10_lambda": -4.471754177306934, "log10_min_child_weight": 0.6346529214742436, "log10_subsample": -0.6988345987376708, "max_depth": 9.0, "num_boost_round": 15.0}, "datetime": {"datetime": "2024-01-19 01:40:41", "elapsed": 5340.928809, "delta": 0.005093}}
{"target": -13.758451737484345, "params": {"gamma": 715.0309225628326, "log10_alpha": -3.340788589914224, "log10_colsample_bytree": -0.7498226708740009, "log10_eta": -3.617620659346777, "log10_lambda": -4.471754177306934, "log10_min_child_weight": 0.6346529214742436, "log10_subsample": -0.6988345987376708, "max_depth": 9.0, "num_boost_round": 16.0}, "datetime": {"datetime": "2024-01-19 01:40:41", "elapsed": 5340.934141, "delta": 0.005332}}
{"target": -13.758429468597381, "params": {"gamma": 715.0309225628326, "log10_alpha": -3.340788589914224, "log10_colsample_bytree": -0.7498226708740009, "log10_eta": -3.617620659346777, "log10_lambda": -4.471754177306934, "log10_min_child_weight": 0.6346529214742436, "log10_subsample": -0.6988345987376708, "max_depth": 9.0, "num_boost_round": 17.0}, "datetime": {"datetime": "2024-01-19 01:40:41", "elapsed": 5340.939454, "delta": 0.005313}}
{"target": -13.758435024904982, "params": {"gamma": 715.0309225628326, "log10_alpha": -3.340788589914224, "log10_colsample_bytree": -0.7498226708740009, "log10_eta": -3.617620659346777, "log10_lambda": -4.471754177306934, "log10_min_child_weight": 0.6346529214742436, "log10_subsample": -0.6988345987376708, "max_depth": 9.0, "num_boost_round": 18.0}, "datetime": {"datetime": "2024-01-19 01:40:41", "elapsed": 5340.945065, "delta": 0.005611}}
{"target": -13.758424544112964, "params": {"gamma": 715.0309225628326, "log10_alpha": -3.340788589914224, "log10_colsample_bytree": -0.7498226708740009, "log10_eta": -3.617620659346777, "log10_lambda": -4.471754177306934, "log10_min_child_weight": 0.6346529214742436, "log10_subsample": -0.6988345987376708, "max_depth": 9.0, "num_boost_round": 19.0}, "datetime": {"datetime": "2024-01-19 01:40:41", "elapsed": 5340.950202, "delta": 0.005137}}
{"target": -13.758419340701968, "params": {"gamma": 715.0309225628326, "log10_alpha": -3.340788589914224, "log10_colsample_bytree": -0.7498226708740009, "log10_eta": -3.617620659346777, "log10_lambda": -4.471754177306934, "log10_min_child_weight": 0.6346529214742436, "log10_subsample": -0.6988345987376708, "max_depth": 9.0, "num_boost_round": 20.0}, "datetime": {"datetime": "2024-01-19 01:40:41", "elapsed": 5340.955416, "delta": 0.005214}}
{"target": -13.758411138607615, "params": {"gamma": 715.0309225628326, "log10_alpha": -3.340788589914224, "log10_colsample_bytree": -0.7498226708740009, "log10_eta": -3.617620659346777, "log10_lambda": -4.471754177306934, "log10_min_child_weight": 0.6346529214742436, "log10_subsample": -0.6988345987376708, "max_depth": 9.0, "num_boost_round": 21.0}, "datetime": {"datetime": "2024-01-19 01:40:41", "elapsed": 5340.960541, "delta": 0.005125}}
{"target": -13.758396170624229, "params": {"gamma": 715.0309225628326, "log10_alpha": -3.340788589914224, "log10_colsample_bytree": -0.7498226708740009, "log10_eta": -3.617620659346777, "log10_lambda": -4.471754177306934, "log10_min_child_weight": 0.6346529214742436, "log10_subsample": -0.6988345987376708, "max_depth": 9.0, "num_boost_round": 22.0}, "datetime": {"datetime": "2024-01-19 01:40:41", "elapsed": 5340.965862, "delta": 0.005321}}
{"target": -13.758388702504025, "params": {"gamma": 715.0309225628326, "log10_alpha": -3.340788589914224, "log10_colsample_bytree": -0.7498226708740009, "log10_eta": -3.617620659346777, "log10_lambda": -4.471754177306934, "log10_min_child_weight": 0.6346529214742436, "log10_subsample": -0.6988345987376708, "max_depth": 9.0, "num_boost_round": 23.0}, "datetime": {"datetime": "2024-01-19 01:40:41", "elapsed": 5340.97107, "delta": 0.005208}}
