{"target": -19.132265529157312, "params": {"gamma": 354.93381559920414, "log10_alpha": -0.2760050172593056, "log10_colsample_bytree": -0.5161092306846216, "log10_eta": -0.21751842866115734, "log10_lambda": -3.121192044961924, "log10_min_child_weight": 2.8777243849028484, "log10_subsample": -0.1415456311551999, "max_depth": 4.0, "num_boost_round": 79.0}, "datetime": {"datetime": "2024-01-19 00:30:14", "elapsed": 1111.986039, "delta": 0.001701}}
{"target": -19.13802253474043, "params": {"gamma": 354.93381559920414, "log10_alpha": -0.2760050172593056, "log10_colsample_bytree": -0.5161092306846216, "log10_eta": -0.21751842866115734, "log10_lambda": -3.121192044961924, "log10_min_child_weight": 2.8777243849028484, "log10_subsample": -0.1415456311551999, "max_depth": 4.0, "num_boost_round": 80.0}, "datetime": {"datetime": "2024-01-19 00:30:14", "elapsed": 1111.987737, "delta": 0.001698}}
{"target": -19.1442639643021, "params": {"gamma": 354.93381559920414, "log10_alpha": -0.2760050172593056, "log10_colsample_bytree": -0.5161092306846216, "log10_eta": -0.21751842866115734, "log10_lambda": -3.121192044961924, "log10_min_child_weight": 2.8777243849028484, "log10_subsample": -0.1415456311551999, "max_depth": 4.0, "num_boost_round": 81.0}, "datetime": {"datetime": "2024-01-19 00:30:14", "elapsed": 1111.989505, "delta": 0.001768}}
{"target": -19.1652272870563, "params": {"gamma": 354.93381559920414, "log10_alpha": -0.2760050172593056, "log10_colsample_bytree": -0.5161092306846216, "log10_eta": -0.21751842866115734, "log10_lambda": -3.121192044961924, "log10_min_child_weight": 2.8777243849028484, "log10_subsample": -0.1415456311551999, "max_depth": 4.0, "num_boost_round": 82.0}, "datetime": {"datetime": "2024-01-19 00:30:14", "elapsed": 1111.991204, "delta": 0.001699}}
{"target": -19.17109145134919, "params": {"gamma": 354.93381559920414, "log10_alpha": -0.2760050172593056, "log10_colsample_bytree": -0.5161092306846216, "log10_eta": -0.21751842866115734, "log10_lambda": -3.121192044961924, "log10_min_child_weight": 2.8777243849028484, "log10_subsample": -0.1415456311551999, "max_depth": 4.0, "num_boost_round": 83.0}, "datetime": {"datetime": "2024-01-19 00:30:14", "elapsed": 1111.992927, "delta": 0.001723}}
{"target": -19.180105103676624, "params": {"gamma": 354.93381559920414, "log10_alpha": -0.2760050172593056, "log10_colsample_bytree": -0.5161092306846216, "log10_eta": -0.21751842866115734, "log10_lambda": -3.121192044961924, "log10_min_child_weight": 2.8777243849028484, "log10_subsample": -0.1415456311551999, "max_depth": 4.0, "num_boost_round": 84.0}, "datetime": {"datetime": "2024-01-19 00:30:14", "elapsed": 1111.994609, "delta": 0.001682}}
{"target": -17.677230226814054, "params": {"gamma": 543.6315188341586, "log10_alpha": 0.31766276502778457, "log10_colsample_bytree": -0.9872262934747158, "log10_eta": -3.9380093256719593, "log10_lambda": -2.9586784080781605, "log10_min_child_weight": 3.4729318492164767, "log10_subsample": -0.12765497733413778, "max_depth": 2.0, "num_boost_round": 0.0}, "datetime": {"datetime": "2024-01-19 00:30:36", "elapsed": 1133.397925, "delta": 21.403316}}
{"target": -17.677228569244562, "params": {"gamma": 543.6315188341586, "log10_alpha": 0.31766276502778457, "log10_colsample_bytree": -0.9872262934747158, "log10_eta": -3.9380093256719593, "log10_lambda": -2.9586784080781605, "log10_min_child_weight": 3.4729318492164767, "log10_subsample": -0.12765497733413778, "max_depth": 2.0, "num_boost_round": 1.0}, "datetime": {"datetime": "2024-01-19 00:30:36", "elapsed": 1133.40016, "delta": 0.002235}}
{"target": -17.677228016225158, "params": {"gamma": 543.6315188341586, "log10_alpha": 0.31766276502778457, "log10_colsample_bytree": -0.9872262934747158, "log10_eta": -3.9380093256719593, "log10_lambda": -2.9586784080781605, "log10_min_child_weight": 3.4729318492164767, "log10_subsample": -0.12765497733413778, "max_depth": 2.0, "num_boost_round": 2.0}, "datetime": {"datetime": "2024-01-19 00:30:36", "elapsed": 1133.401903, "delta": 0.001743}}
{"target": -17.67722688220795, "params": {"gamma": 543.6315188341586, "log10_alpha": 0.31766276502778457, "log10_colsample_bytree": -0.9872262934747158, "log10_eta": -3.9380093256719593, "log10_lambda": -2.9586784080781605, "log10_min_child_weight": 3.4729318492164767, "log10_subsample": -0.12765497733413778, "max_depth": 2.0, "num_boost_round": 3.0}, "datetime": {"datetime": "2024-01-19 00:30:36", "elapsed": 1133.40381, "delta": 0.001907}}
{"target": -17.677225078479474, "params": {"gamma": 543.6315188341586, "log10_alpha": 0.31766276502778457, "log10_colsample_bytree": -0.9872262934747158, "log10_eta": -3.9380093256719593, "log10_lambda": -2.9586784080781605, "log10_min_child_weight": 3.4729318492164767, "log10_subsample": -0.12765497733413778, "max_depth": 2.0, "num_boost_round": 4.0}, "datetime": {"datetime": "2024-01-19 00:30:36", "elapsed": 1133.405548, "delta": 0.001738}}
{"target": -17.67722518357531, "params": {"gamma": 543.6315188341586, "log10_alpha": 0.31766276502778457, "log10_colsample_bytree": -0.9872262934747158, "log10_eta": -3.9380093256719593, "log10_lambda": -2.9586784080781605, "log10_min_child_weight": 3.4729318492164767, "log10_subsample": -0.12765497733413778, "max_depth": 2.0, "num_boost_round": 5.0}, "datetime": {"datetime": "2024-01-19 00:30:36", "elapsed": 1133.407307, "delta": 0.001759}}
{"target": -17.67722246196861, "params": {"gamma": 543.6315188341586, "log10_alpha": 0.31766276502778457, "log10_colsample_bytree": -0.9872262934747158, "log10_eta": -3.9380093256719593, "log10_lambda": -2.9586784080781605, "log10_min_child_weight": 3.4729318492164767, "log10_subsample": -0.12765497733413778, "max_depth": 2.0, "num_boost_round": 6.0}, "datetime": {"datetime": "2024-01-19 00:30:36", "elapsed": 1133.409044, "delta": 0.001737}}
{"target": -17.677219684001333, "params": {"gamma": 543.6315188341586, "log10_alpha": 0.31766276502778457, "log10_colsample_bytree": -0.9872262934747158, "log10_eta": -3.9380093256719593, "log10_lambda": -2.9586784080781605, "log10_min_child_weight": 3.4729318492164767, "log10_subsample": -0.12765497733413778, "max_depth": 2.0, "num_boost_round": 7.0}, "datetime": {"datetime": "2024-01-19 00:30:36", "elapsed": 1133.410847, "delta": 0.001803}}
{"target": -17.677220517517128, "params": {"gamma": 543.6315188341586, "log10_alpha": 0.31766276502778457, "log10_colsample_bytree": -0.9872262934747158, "log10_eta": -3.9380093256719593, "log10_lambda": -2.9586784080781605, "log10_min_child_weight": 3.4729318492164767, "log10_subsample": -0.12765497733413778, "max_depth": 2.0, "num_boost_round": 8.0}, "datetime": {"datetime": "2024-01-19 00:30:36", "elapsed": 1133.412605, "delta": 0.001758}}
{"target": -17.677218513371216, "params": {"gamma": 543.6315188341586, "log10_alpha": 0.31766276502778457, "log10_colsample_bytree": -0.9872262934747158, "log10_eta": -3.9380093256719593, "log10_lambda": -2.9586784080781605, "log10_min_child_weight": 3.4729318492164767, "log10_subsample": -0.12765497733413778, "max_depth": 2.0, "num_boost_round": 9.0}, "datetime": {"datetime": "2024-01-19 00:30:36", "elapsed": 1133.414376, "delta": 0.001771}}
{"target": -17.677215879523295, "params": {"gamma": 543.6315188341586, "log10_alpha": 0.31766276502778457, "log10_colsample_bytree": -0.9872262934747158, "log10_eta": -3.9380093256719593, "log10_lambda": -2.9586784080781605, "log10_min_child_weight": 3.4729318492164767, "log10_subsample": -0.12765497733413778, "max_depth": 2.0, "num_boost_round": 10.0}, "datetime": {"datetime": "2024-01-19 00:30:36", "elapsed": 1133.416103, "delta": 0.001727}}
{"target": -17.673314564591156, "params": {"gamma": 561.8901094801314, "log10_alpha": 0.724594823667549, "log10_colsample_bytree": -0.3648767357671564, "log10_eta": -0.988377091983303, "log10_lambda": -4.051852332354011, "log10_min_child_weight": 1.2348481608686068, "log10_subsample": -0.2544287116069872, "max_depth": 3.0, "num_boost_round": 0.0}, "datetime": {"datetime": "2024-01-19 00:31:03", "elapsed": 1161.021818, "delta": 27.605715}}
{"target": -17.671637536668907, "params": {"gamma": 561.8901094801314, "log10_alpha": 0.724594823667549, "log10_colsample_bytree": -0.3648767357671564, "log10_eta": -0.988377091983303, "log10_lambda": -4.051852332354011, "log10_min_child_weight": 1.2348481608686068, "log10_subsample": -0.2544287116069872, "max_depth": 3.0, "num_boost_round": 1.0}, "datetime": {"datetime": "2024-01-19 00:31:03", "elapsed": 1161.024001, "delta": 0.002183}}
{"target": -17.671071118981047, "params": {"gamma": 561.8901094801314, "log10_alpha": 0.724594823667549, "log10_colsample_bytree": -0.3648767357671564, "log10_eta": -0.988377091983303, "log10_lambda": -4.051852332354011, "log10_min_child_weight": 1.2348481608686068, "log10_subsample": -0.2544287116069872, "max_depth": 3.0, "num_boost_round": 2.0}, "datetime": {"datetime": "2024-01-19 00:31:03", "elapsed": 1161.025967, "delta": 0.001966}}
{"target": -17.672080161802864, "params": {"gamma": 561.8901094801314, "log10_alpha": 0.724594823667549, "log10_colsample_bytree": -0.3648767357671564, "log10_eta": -0.988377091983303, "log10_lambda": -4.051852332354011, "log10_min_child_weight": 1.2348481608686068, "log10_subsample": -0.2544287116069872, "max_depth": 3.0, "num_boost_round": 3.0}, "datetime": {"datetime": "2024-01-19 00:31:03", "elapsed": 1161.027724, "delta": 0.001757}}
{"target": -17.673507204813255, "params": {"gamma": 561.8901094801314, "log10_alpha": 0.724594823667549, "log10_colsample_bytree": -0.3648767357671564, "log10_eta": -0.988377091983303, "log10_lambda": -4.051852332354011, "log10_min_child_weight": 1.2348481608686068, "log10_subsample": -0.2544287116069872, "max_depth": 3.0, "num_boost_round": 4.0}, "datetime": {"datetime": "2024-01-19 00:31:03", "elapsed": 1161.029659, "delta": 0.001935}}
{"target": -17.6753517603972, "params": {"gamma": 561.8901094801314, "log10_alpha": 0.724594823667549, "log10_colsample_bytree": -0.3648767357671564, "log10_eta": -0.988377091983303, "log10_lambda": -4.051852332354011, "log10_min_child_weight": 1.2348481608686068, "log10_subsample": -0.2544287116069872, "max_depth": 3.0, "num_boost_round": 5.0}, "datetime": {"datetime": "2024-01-19 00:31:03", "elapsed": 1161.031516, "delta": 0.001857}}
{"target": -17.67563763321125, "params": {"gamma": 561.8901094801314, "log10_alpha": 0.724594823667549, "log10_colsample_bytree": -0.3648767357671564, "log10_eta": -0.988377091983303, "log10_lambda": -4.051852332354011, "log10_min_child_weight": 1.2348481608686068, "log10_subsample": -0.2544287116069872, "max_depth": 3.0, "num_boost_round": 6.0}, "datetime": {"datetime": "2024-01-19 00:31:03", "elapsed": 1161.033373, "delta": 0.001857}}
{"target": -17.67578800900916, "params": {"gamma": 561.8901094801314, "log10_alpha": 0.724594823667549, "log10_colsample_bytree": -0.3648767357671564, "log10_eta": -0.988377091983303, "log10_lambda": -4.051852332354011, "log10_min_child_weight": 1.2348481608686068, "log10_subsample": -0.2544287116069872, "max_depth": 3.0, "num_boost_round": 7.0}, "datetime": {"datetime": "2024-01-19 00:31:03", "elapsed": 1161.035097, "delta": 0.001724}}
{"target": -17.675833868706007, "params": {"gamma": 561.8901094801314, "log10_alpha": 0.724594823667549, "log10_colsample_bytree": -0.3648767357671564, "log10_eta": -0.988377091983303, "log10_lambda": -4.051852332354011, "log10_min_child_weight": 1.2348481608686068, "log10_subsample": -0.2544287116069872, "max_depth": 3.0, "num_boost_round": 8.0}, "datetime": {"datetime": "2024-01-19 00:31:03", "elapsed": 1161.036827, "delta": 0.00173}}
{"target": -17.677744189302235, "params": {"gamma": 561.8901094801314, "log10_alpha": 0.724594823667549, "log10_colsample_bytree": -0.3648767357671564, "log10_eta": -0.988377091983303, "log10_lambda": -4.051852332354011, "log10_min_child_weight": 1.2348481608686068, "log10_subsample": -0.2544287116069872, "max_depth": 3.0, "num_boost_round": 9.0}, "datetime": {"datetime": "2024-01-19 00:31:03", "elapsed": 1161.038554, "delta": 0.001727}}
{"target": -17.67975390965325, "params": {"gamma": 561.8901094801314, "log10_alpha": 0.724594823667549, "log10_colsample_bytree": -0.3648767357671564, "log10_eta": -0.988377091983303, "log10_lambda": -4.051852332354011, "log10_min_child_weight": 1.2348481608686068, "log10_subsample": -0.2544287116069872, "max_depth": 3.0, "num_boost_round": 10.0}, "datetime": {"datetime": "2024-01-19 00:31:03", "elapsed": 1161.040275, "delta": 0.001721}}
{"target": -17.677990260511113, "params": {"gamma": 561.8901094801314, "log10_alpha": 0.724594823667549, "log10_colsample_bytree": -0.3648767357671564, "log10_eta": -0.988377091983303, "log10_lambda": -4.051852332354011, "log10_min_child_weight": 1.2348481608686068, "log10_subsample": -0.2544287116069872, "max_depth": 3.0, "num_boost_round": 11.0}, "datetime": {"datetime": "2024-01-19 00:31:03", "elapsed": 1161.042058, "delta": 0.001783}}
{"target": -17.677330548440462, "params": {"gamma": 561.8901094801314, "log10_alpha": 0.724594823667549, "log10_colsample_bytree": -0.3648767357671564, "log10_eta": -0.988377091983303, "log10_lambda": -4.051852332354011, "log10_min_child_weight": 1.2348481608686068, "log10_subsample": -0.2544287116069872, "max_depth": 3.0, "num_boost_round": 12.0}, "datetime": {"datetime": "2024-01-19 00:31:03", "elapsed": 1161.043782, "delta": 0.001724}}
{"target": -17.678771647080517, "params": {"gamma": 561.8901094801314, "log10_alpha": 0.724594823667549, "log10_colsample_bytree": -0.3648767357671564, "log10_eta": -0.988377091983303, "log10_lambda": -4.051852332354011, "log10_min_child_weight": 1.2348481608686068, "log10_subsample": -0.2544287116069872, "max_depth": 3.0, "num_boost_round": 13.0}, "datetime": {"datetime": "2024-01-19 00:31:03", "elapsed": 1161.045513, "delta": 0.001731}}
{"target": -17.680919849068793, "params": {"gamma": 561.8901094801314, "log10_alpha": 0.724594823667549, "log10_colsample_bytree": -0.3648767357671564, "log10_eta": -0.988377091983303, "log10_lambda": -4.051852332354011, "log10_min_child_weight": 1.2348481608686068, "log10_subsample": -0.2544287116069872, "max_depth": 3.0, "num_boost_round": 14.0}, "datetime": {"datetime": "2024-01-19 00:31:03", "elapsed": 1161.047237, "delta": 0.001724}}
{"target": -17.68406260467912, "params": {"gamma": 561.8901094801314, "log10_alpha": 0.724594823667549, "log10_colsample_bytree": -0.3648767357671564, "log10_eta": -0.988377091983303, "log10_lambda": -4.051852332354011, "log10_min_child_weight": 1.2348481608686068, "log10_subsample": -0.2544287116069872, "max_depth": 3.0, "num_boost_round": 15.0}, "datetime": {"datetime": "2024-01-19 00:31:03", "elapsed": 1161.048978, "delta": 0.001741}}
{"target": -17.685519339781614, "params": {"gamma": 561.8901094801314, "log10_alpha": 0.724594823667549, "log10_colsample_bytree": -0.3648767357671564, "log10_eta": -0.988377091983303, "log10_lambda": -4.051852332354011, "log10_min_child_weight": 1.2348481608686068, "log10_subsample": -0.2544287116069872, "max_depth": 3.0, "num_boost_round": 16.0}, "datetime": {"datetime": "2024-01-19 00:31:03", "elapsed": 1161.050848, "delta": 0.00187}}
{"target": -17.697264175124257, "params": {"gamma": 561.8901094801314, "log10_alpha": 0.724594823667549, "log10_colsample_bytree": -0.3648767357671564, "log10_eta": -0.988377091983303, "log10_lambda": -4.051852332354011, "log10_min_child_weight": 1.2348481608686068, "log10_subsample": -0.2544287116069872, "max_depth": 3.0, "num_boost_round": 17.0}, "datetime": {"datetime": "2024-01-19 00:31:03", "elapsed": 1161.052585, "delta": 0.001737}}
{"target": -17.69721136676174, "params": {"gamma": 561.8901094801314, "log10_alpha": 0.724594823667549, "log10_colsample_bytree": -0.3648767357671564, "log10_eta": -0.988377091983303, "log10_lambda": -4.051852332354011, "log10_min_child_weight": 1.2348481608686068, "log10_subsample": -0.2544287116069872, "max_depth": 3.0, "num_boost_round": 18.0}, "datetime": {"datetime": "2024-01-19 00:31:03", "elapsed": 1161.054424, "delta": 0.001839}}
{"target": -17.698241139428998, "params": {"gamma": 561.8901094801314, "log10_alpha": 0.724594823667549, "log10_colsample_bytree": -0.3648767357671564, "log10_eta": -0.988377091983303, "log10_lambda": -4.051852332354011, "log10_min_child_weight": 1.2348481608686068, "log10_subsample": -0.2544287116069872, "max_depth": 3.0, "num_boost_round": 19.0}, "datetime": {"datetime": "2024-01-19 00:31:03", "elapsed": 1161.056177, "delta": 0.001753}}
{"target": -17.699853189219546, "params": {"gamma": 561.8901094801314, "log10_alpha": 0.724594823667549, "log10_colsample_bytree": -0.3648767357671564, "log10_eta": -0.988377091983303, "log10_lambda": -4.051852332354011, "log10_min_child_weight": 1.2348481608686068, "log10_subsample": -0.2544287116069872, "max_depth": 3.0, "num_boost_round": 20.0}, "datetime": {"datetime": "2024-01-19 00:31:03", "elapsed": 1161.057919, "delta": 0.001742}}
{"target": -17.706952427162634, "params": {"gamma": 561.8901094801314, "log10_alpha": 0.724594823667549, "log10_colsample_bytree": -0.3648767357671564, "log10_eta": -0.988377091983303, "log10_lambda": -4.051852332354011, "log10_min_child_weight": 1.2348481608686068, "log10_subsample": -0.2544287116069872, "max_depth": 3.0, "num_boost_round": 21.0}, "datetime": {"datetime": "2024-01-19 00:31:03", "elapsed": 1161.059664, "delta": 0.001745}}
{"target": -17.703665611724897, "params": {"gamma": 561.8901094801314, "log10_alpha": 0.724594823667549, "log10_colsample_bytree": -0.3648767357671564, "log10_eta": -0.988377091983303, "log10_lambda": -4.051852332354011, "log10_min_child_weight": 1.2348481608686068, "log10_subsample": -0.2544287116069872, "max_depth": 3.0, "num_boost_round": 22.0}, "datetime": {"datetime": "2024-01-19 00:31:03", "elapsed": 1161.061449, "delta": 0.001785}}
{"target": -17.676068885845982, "params": {"gamma": 559.4102290170318, "log10_alpha": 0.8679699885849823, "log10_colsample_bytree": -0.6123756986547633, "log10_eta": -1.3715388292817843, "log10_lambda": 0.9587629390619652, "log10_min_child_weight": 3.1785196665810123, "log10_subsample": -0.31977847612401344, "max_depth": 2.0, "num_boost_round": 0.0}, "datetime": {"datetime": "2024-01-19 00:31:26", "elapsed": 1184.283467, "delta": 23.222018}}
{"target": -17.675354614295486, "params": {"gamma": 559.4102290170318, "log10_alpha": 0.8679699885849823, "log10_colsample_bytree": -0.6123756986547633, "log10_eta": -1.3715388292817843, "log10_lambda": 0.9587629390619652, "log10_min_child_weight": 3.1785196665810123, "log10_subsample": -0.31977847612401344, "max_depth": 2.0, "num_boost_round": 1.0}, "datetime": {"datetime": "2024-01-19 00:31:26", "elapsed": 1184.285798, "delta": 0.002331}}
{"target": -17.674129151363516, "params": {"gamma": 559.4102290170318, "log10_alpha": 0.8679699885849823, "log10_colsample_bytree": -0.6123756986547633, "log10_eta": -1.3715388292817843, "log10_lambda": 0.9587629390619652, "log10_min_child_weight": 3.1785196665810123, "log10_subsample": -0.31977847612401344, "max_depth": 2.0, "num_boost_round": 2.0}, "datetime": {"datetime": "2024-01-19 00:31:26", "elapsed": 1184.287761, "delta": 0.001963}}
{"target": -17.674105112665796, "params": {"gamma": 559.4102290170318, "log10_alpha": 0.8679699885849823, "log10_colsample_bytree": -0.6123756986547633, "log10_eta": -1.3715388292817843, "log10_lambda": 0.9587629390619652, "log10_min_child_weight": 3.1785196665810123, "log10_subsample": -0.31977847612401344, "max_depth": 2.0, "num_boost_round": 3.0}, "datetime": {"datetime": "2024-01-19 00:31:26", "elapsed": 1184.289619, "delta": 0.001858}}
{"target": -17.673759173578844, "params": {"gamma": 559.4102290170318, "log10_alpha": 0.8679699885849823, "log10_colsample_bytree": -0.6123756986547633, "log10_eta": -1.3715388292817843, "log10_lambda": 0.9587629390619652, "log10_min_child_weight": 3.1785196665810123, "log10_subsample": -0.31977847612401344, "max_depth": 2.0, "num_boost_round": 4.0}, "datetime": {"datetime": "2024-01-19 00:31:26", "elapsed": 1184.291445, "delta": 0.001826}}
{"target": -17.673647470822267, "params": {"gamma": 559.4102290170318, "log10_alpha": 0.8679699885849823, "log10_colsample_bytree": -0.6123756986547633, "log10_eta": -1.3715388292817843, "log10_lambda": 0.9587629390619652, "log10_min_child_weight": 3.1785196665810123, "log10_subsample": -0.31977847612401344, "max_depth": 2.0, "num_boost_round": 5.0}, "datetime": {"datetime": "2024-01-19 00:31:26", "elapsed": 1184.293254, "delta": 0.001809}}
{"target": -17.67312388795425, "params": {"gamma": 559.4102290170318, "log10_alpha": 0.8679699885849823, "log10_colsample_bytree": -0.6123756986547633, "log10_eta": -1.3715388292817843, "log10_lambda": 0.9587629390619652, "log10_min_child_weight": 3.1785196665810123, "log10_subsample": -0.31977847612401344, "max_depth": 2.0, "num_boost_round": 6.0}, "datetime": {"datetime": "2024-01-19 00:31:26", "elapsed": 1184.295011, "delta": 0.001757}}
{"target": -17.67222311105661, "params": {"gamma": 559.4102290170318, "log10_alpha": 0.8679699885849823, "log10_colsample_bytree": -0.6123756986547633, "log10_eta": -1.3715388292817843, "log10_lambda": 0.9587629390619652, "log10_min_child_weight": 3.1785196665810123, "log10_subsample": -0.31977847612401344, "max_depth": 2.0, "num_boost_round": 7.0}, "datetime": {"datetime": "2024-01-19 00:31:26", "elapsed": 1184.296771, "delta": 0.00176}}
{"target": -17.6728074609215, "params": {"gamma": 559.4102290170318, "log10_alpha": 0.8679699885849823, "log10_colsample_bytree": -0.6123756986547633, "log10_eta": -1.3715388292817843, "log10_lambda": 0.9587629390619652, "log10_min_child_weight": 3.1785196665810123, "log10_subsample": -0.31977847612401344, "max_depth": 2.0, "num_boost_round": 8.0}, "datetime": {"datetime": "2024-01-19 00:31:26", "elapsed": 1184.298525, "delta": 0.001754}}
