{"target": -13.758538642456923, "params": {"gamma": 410.681687416302, "log10_alpha": 1.0, "log10_colsample_bytree": -1.0, "log10_eta": -2.280092521769205, "log10_lambda": -1.3816456177095024, "log10_min_child_weight": 5.0, "log10_subsample": -1.0, "max_depth": 10.0, "num_boost_round": 23.0}, "datetime": {"datetime": "2024-01-19 00:34:21", "elapsed": 1364.741519, "delta": 0.002543}}
{"target": -13.75853861183683, "params": {"gamma": 410.681687416302, "log10_alpha": 1.0, "log10_colsample_bytree": -1.0, "log10_eta": -2.280092521769205, "log10_lambda": -1.3816456177095024, "log10_min_child_weight": 5.0, "log10_subsample": -1.0, "max_depth": 10.0, "num_boost_round": 24.0}, "datetime": {"datetime": "2024-01-19 00:34:21", "elapsed": 1364.744046, "delta": 0.002527}}
{"target": -13.758538636596167, "params": {"gamma": 410.681687416302, "log10_alpha": 1.0, "log10_colsample_bytree": -1.0, "log10_eta": -2.280092521769205, "log10_lambda": -1.3816456177095024, "log10_min_child_weight": 5.0, "log10_subsample": -1.0, "max_depth": 10.0, "num_boost_round": 25.0}, "datetime": {"datetime": "2024-01-19 00:34:21", "elapsed": 1364.746654, "delta": 0.002608}}
{"target": -13.758538611145543, "params": {"gamma": 410.681687416302, "log10_alpha": 1.0, "log10_colsample_bytree": -1.0, "log10_eta": -2.280092521769205, "log10_lambda": -1.3816456177095024, "log10_min_child_weight": 5.0, "log10_subsample": -1.0, "max_depth": 10.0, "num_boost_round": 26.0}, "datetime": {"datetime": "2024-01-19 00:34:21", "elapsed": 1364.749315, "delta": 0.002661}}
{"target": -13.758538802570522, "params": {"gamma": 410.681687416302, "log10_alpha": 1.0, "log10_colsample_bytree": -1.0, "log10_eta": -2.280092521769205, "log10_lambda": -1.3816456177095024, "log10_min_child_weight": 5.0, "log10_subsample": -1.0, "max_depth": 10.0, "num_boost_round": 27.0}, "datetime": {"datetime": "2024-01-19 00:34:21", "elapsed": 1364.751875, "delta": 0.00256}}
{"target": -13.758527832661475, "params": {"gamma": 433.2174653049853, "log10_alpha": -0.3709298615762471, "log10_colsample_bytree": -0.8901697428110177, "log10_eta": -3.6553706171207185, "log10_lambda": -0.5087203066515009, "log10_min_child_weight": 0.8644654204411734, "log10_subsample": -0.15808767194856876, "max_depth": 6.0, "num_boost_round": 0.0}, "datetime": {"datetime": "2024-01-19 00:34:56", "elapsed": 1399.856963, "delta": 35.105088}}
{"target": -13.75852303357086, "params": {"gamma": 433.2174653049853, "log10_alpha": -0.3709298615762471, "log10_colsample_bytree": -0.8901697428110177, "log10_eta": -3.6553706171207185, "log10_lambda": -0.5087203066515009, "log10_min_child_weight": 0.8644654204411734, "log10_subsample": -0.15808767194856876, "max_depth": 6.0, "num_boost_round": 1.0}, "datetime": {"datetime": "2024-01-19 00:34:56", "elapsed": 1399.860303, "delta": 0.00334}}
{"target": -13.758518511379753, "params": {"gamma": 433.2174653049853, "log10_alpha": -0.3709298615762471, "log10_colsample_bytree": -0.8901697428110177, "log10_eta": -3.6553706171207185, "log10_lambda": -0.5087203066515009, "log10_min_child_weight": 0.8644654204411734, "log10_subsample": -0.15808767194856876, "max_depth": 6.0, "num_boost_round": 2.0}, "datetime": {"datetime": "2024-01-19 00:34:56", "elapsed": 1399.862988, "delta": 0.002685}}
{"target": -13.758517283399682, "params": {"gamma": 433.2174653049853, "log10_alpha": -0.3709298615762471, "log10_colsample_bytree": -0.8901697428110177, "log10_eta": -3.6553706171207185, "log10_lambda": -0.5087203066515009, "log10_min_child_weight": 0.8644654204411734, "log10_subsample": -0.15808767194856876, "max_depth": 6.0, "num_boost_round": 3.0}, "datetime": {"datetime": "2024-01-19 00:34:56", "elapsed": 1399.865531, "delta": 0.002543}}
{"target": -13.758512423861179, "params": {"gamma": 433.2174653049853, "log10_alpha": -0.3709298615762471, "log10_colsample_bytree": -0.8901697428110177, "log10_eta": -3.6553706171207185, "log10_lambda": -0.5087203066515009, "log10_min_child_weight": 0.8644654204411734, "log10_subsample": -0.15808767194856876, "max_depth": 6.0, "num_boost_round": 4.0}, "datetime": {"datetime": "2024-01-19 00:34:56", "elapsed": 1399.868072, "delta": 0.002541}}
{"target": -13.758510608901707, "params": {"gamma": 433.2174653049853, "log10_alpha": -0.3709298615762471, "log10_colsample_bytree": -0.8901697428110177, "log10_eta": -3.6553706171207185, "log10_lambda": -0.5087203066515009, "log10_min_child_weight": 0.8644654204411734, "log10_subsample": -0.15808767194856876, "max_depth": 6.0, "num_boost_round": 5.0}, "datetime": {"datetime": "2024-01-19 00:34:56", "elapsed": 1399.870761, "delta": 0.002689}}
{"target": -13.758514838391177, "params": {"gamma": 433.2174653049853, "log10_alpha": -0.3709298615762471, "log10_colsample_bytree": -0.8901697428110177, "log10_eta": -3.6553706171207185, "log10_lambda": -0.5087203066515009, "log10_min_child_weight": 0.8644654204411734, "log10_subsample": -0.15808767194856876, "max_depth": 6.0, "num_boost_round": 6.0}, "datetime": {"datetime": "2024-01-19 00:34:56", "elapsed": 1399.873276, "delta": 0.002515}}
{"target": -13.758503877634007, "params": {"gamma": 433.2174653049853, "log10_alpha": -0.3709298615762471, "log10_colsample_bytree": -0.8901697428110177, "log10_eta": -3.6553706171207185, "log10_lambda": -0.5087203066515009, "log10_min_child_weight": 0.8644654204411734, "log10_subsample": -0.15808767194856876, "max_depth": 6.0, "num_boost_round": 7.0}, "datetime": {"datetime": "2024-01-19 00:34:56", "elapsed": 1399.87584, "delta": 0.002564}}
{"target": -13.758499987704116, "params": {"gamma": 433.2174653049853, "log10_alpha": -0.3709298615762471, "log10_colsample_bytree": -0.8901697428110177, "log10_eta": -3.6553706171207185, "log10_lambda": -0.5087203066515009, "log10_min_child_weight": 0.8644654204411734, "log10_subsample": -0.15808767194856876, "max_depth": 6.0, "num_boost_round": 8.0}, "datetime": {"datetime": "2024-01-19 00:34:56", "elapsed": 1399.878373, "delta": 0.002533}}
{"target": -13.758495254402728, "params": {"gamma": 433.2174653049853, "log10_alpha": -0.3709298615762471, "log10_colsample_bytree": -0.8901697428110177, "log10_eta": -3.6553706171207185, "log10_lambda": -0.5087203066515009, "log10_min_child_weight": 0.8644654204411734, "log10_subsample": -0.15808767194856876, "max_depth": 6.0, "num_boost_round": 9.0}, "datetime": {"datetime": "2024-01-19 00:34:56", "elapsed": 1399.880915, "delta": 0.002542}}
{"target": -13.758492202139085, "params": {"gamma": 433.2174653049853, "log10_alpha": -0.3709298615762471, "log10_colsample_bytree": -0.8901697428110177, "log10_eta": -3.6553706171207185, "log10_lambda": -0.5087203066515009, "log10_min_child_weight": 0.8644654204411734, "log10_subsample": -0.15808767194856876, "max_depth": 6.0, "num_boost_round": 10.0}, "datetime": {"datetime": "2024-01-19 00:34:56", "elapsed": 1399.883468, "delta": 0.002553}}
{"target": -13.758488480134353, "params": {"gamma": 433.2174653049853, "log10_alpha": -0.3709298615762471, "log10_colsample_bytree": -0.8901697428110177, "log10_eta": -3.6553706171207185, "log10_lambda": -0.5087203066515009, "log10_min_child_weight": 0.8644654204411734, "log10_subsample": -0.15808767194856876, "max_depth": 6.0, "num_boost_round": 11.0}, "datetime": {"datetime": "2024-01-19 00:34:56", "elapsed": 1399.885998, "delta": 0.00253}}
{"target": -13.758486375756382, "params": {"gamma": 433.2174653049853, "log10_alpha": -0.3709298615762471, "log10_colsample_bytree": -0.8901697428110177, "log10_eta": -3.6553706171207185, "log10_lambda": -0.5087203066515009, "log10_min_child_weight": 0.8644654204411734, "log10_subsample": -0.15808767194856876, "max_depth": 6.0, "num_boost_round": 12.0}, "datetime": {"datetime": "2024-01-19 00:34:56", "elapsed": 1399.888523, "delta": 0.002525}}
{"target": -13.758479729203321, "params": {"gamma": 433.2174653049853, "log10_alpha": -0.3709298615762471, "log10_colsample_bytree": -0.8901697428110177, "log10_eta": -3.6553706171207185, "log10_lambda": -0.5087203066515009, "log10_min_child_weight": 0.8644654204411734, "log10_subsample": -0.15808767194856876, "max_depth": 6.0, "num_boost_round": 13.0}, "datetime": {"datetime": "2024-01-19 00:34:56", "elapsed": 1399.891357, "delta": 0.002834}}
{"target": -13.7584816574492, "params": {"gamma": 433.2174653049853, "log10_alpha": -0.3709298615762471, "log10_colsample_bytree": -0.8901697428110177, "log10_eta": -3.6553706171207185, "log10_lambda": -0.5087203066515009, "log10_min_child_weight": 0.8644654204411734, "log10_subsample": -0.15808767194856876, "max_depth": 6.0, "num_boost_round": 14.0}, "datetime": {"datetime": "2024-01-19 00:34:56", "elapsed": 1399.894042, "delta": 0.002685}}
{"target": -13.758470186628696, "params": {"gamma": 433.2174653049853, "log10_alpha": -0.3709298615762471, "log10_colsample_bytree": -0.8901697428110177, "log10_eta": -3.6553706171207185, "log10_lambda": -0.5087203066515009, "log10_min_child_weight": 0.8644654204411734, "log10_subsample": -0.15808767194856876, "max_depth": 6.0, "num_boost_round": 15.0}, "datetime": {"datetime": "2024-01-19 00:34:56", "elapsed": 1399.896691, "delta": 0.002649}}
{"target": -13.758466364916766, "params": {"gamma": 433.2174653049853, "log10_alpha": -0.3709298615762471, "log10_colsample_bytree": -0.8901697428110177, "log10_eta": -3.6553706171207185, "log10_lambda": -0.5087203066515009, "log10_min_child_weight": 0.8644654204411734, "log10_subsample": -0.15808767194856876, "max_depth": 6.0, "num_boost_round": 16.0}, "datetime": {"datetime": "2024-01-19 00:34:56", "elapsed": 1399.899218, "delta": 0.002527}}
{"target": -13.758454387434657, "params": {"gamma": 433.2174653049853, "log10_alpha": -0.3709298615762471, "log10_colsample_bytree": -0.8901697428110177, "log10_eta": -3.6553706171207185, "log10_lambda": -0.5087203066515009, "log10_min_child_weight": 0.8644654204411734, "log10_subsample": -0.15808767194856876, "max_depth": 6.0, "num_boost_round": 17.0}, "datetime": {"datetime": "2024-01-19 00:34:56", "elapsed": 1399.901745, "delta": 0.002527}}
{"target": -13.758450683059051, "params": {"gamma": 433.2174653049853, "log10_alpha": -0.3709298615762471, "log10_colsample_bytree": -0.8901697428110177, "log10_eta": -3.6553706171207185, "log10_lambda": -0.5087203066515009, "log10_min_child_weight": 0.8644654204411734, "log10_subsample": -0.15808767194856876, "max_depth": 6.0, "num_boost_round": 18.0}, "datetime": {"datetime": "2024-01-19 00:34:56", "elapsed": 1399.904256, "delta": 0.002511}}
{"target": -13.7584475090376, "params": {"gamma": 433.2174653049853, "log10_alpha": -0.3709298615762471, "log10_colsample_bytree": -0.8901697428110177, "log10_eta": -3.6553706171207185, "log10_lambda": -0.5087203066515009, "log10_min_child_weight": 0.8644654204411734, "log10_subsample": -0.15808767194856876, "max_depth": 6.0, "num_boost_round": 19.0}, "datetime": {"datetime": "2024-01-19 00:34:56", "elapsed": 1399.906776, "delta": 0.00252}}
{"target": -13.758435540393288, "params": {"gamma": 433.2174653049853, "log10_alpha": -0.3709298615762471, "log10_colsample_bytree": -0.8901697428110177, "log10_eta": -3.6553706171207185, "log10_lambda": -0.5087203066515009, "log10_min_child_weight": 0.8644654204411734, "log10_subsample": -0.15808767194856876, "max_depth": 6.0, "num_boost_round": 20.0}, "datetime": {"datetime": "2024-01-19 00:34:56", "elapsed": 1399.909411, "delta": 0.002635}}
{"target": -13.75842752785986, "params": {"gamma": 433.2174653049853, "log10_alpha": -0.3709298615762471, "log10_colsample_bytree": -0.8901697428110177, "log10_eta": -3.6553706171207185, "log10_lambda": -0.5087203066515009, "log10_min_child_weight": 0.8644654204411734, "log10_subsample": -0.15808767194856876, "max_depth": 6.0, "num_boost_round": 21.0}, "datetime": {"datetime": "2024-01-19 00:34:56", "elapsed": 1399.911936, "delta": 0.002525}}
{"target": -13.758421463596854, "params": {"gamma": 433.2174653049853, "log10_alpha": -0.3709298615762471, "log10_colsample_bytree": -0.8901697428110177, "log10_eta": -3.6553706171207185, "log10_lambda": -0.5087203066515009, "log10_min_child_weight": 0.8644654204411734, "log10_subsample": -0.15808767194856876, "max_depth": 6.0, "num_boost_round": 22.0}, "datetime": {"datetime": "2024-01-19 00:34:56", "elapsed": 1399.914457, "delta": 0.002521}}
{"target": -13.758415053046784, "params": {"gamma": 433.2174653049853, "log10_alpha": -0.3709298615762471, "log10_colsample_bytree": -0.8901697428110177, "log10_eta": -3.6553706171207185, "log10_lambda": -0.5087203066515009, "log10_min_child_weight": 0.8644654204411734, "log10_subsample": -0.15808767194856876, "max_depth": 6.0, "num_boost_round": 23.0}, "datetime": {"datetime": "2024-01-19 00:34:56", "elapsed": 1399.917005, "delta": 0.002548}}
{"target": -13.75852883588101, "params": {"gamma": 444.4476661927638, "log10_alpha": -2.253061408012002, "log10_colsample_bytree": -0.5047326034837962, "log10_eta": -3.151080470679015, "log10_lambda": -4.056094382611207, "log10_min_child_weight": 3.894680582928241, "log10_subsample": -0.5856911202890506, "max_depth": 7.0, "num_boost_round": 0.0}, "datetime": {"datetime": "2024-01-19 00:35:22", "elapsed": 1425.314226, "delta": 25.397221}}
{"target": -13.758525819684248, "params": {"gamma": 444.4476661927638, "log10_alpha": -2.253061408012002, "log10_colsample_bytree": -0.5047326034837962, "log10_eta": -3.151080470679015, "log10_lambda": -4.056094382611207, "log10_min_child_weight": 3.894680582928241, "log10_subsample": -0.5856911202890506, "max_depth": 7.0, "num_boost_round": 1.0}, "datetime": {"datetime": "2024-01-19 00:35:22", "elapsed": 1425.317243, "delta": 0.003017}}
{"target": -13.758530376969313, "params": {"gamma": 444.4476661927638, "log10_alpha": -2.253061408012002, "log10_colsample_bytree": -0.5047326034837962, "log10_eta": -3.151080470679015, "log10_lambda": -4.056094382611207, "log10_min_child_weight": 3.894680582928241, "log10_subsample": -0.5856911202890506, "max_depth": 7.0, "num_boost_round": 2.0}, "datetime": {"datetime": "2024-01-19 00:35:22", "elapsed": 1425.319748, "delta": 0.002505}}
{"target": -13.758529010220686, "params": {"gamma": 444.4476661927638, "log10_alpha": -2.253061408012002, "log10_colsample_bytree": -0.5047326034837962, "log10_eta": -3.151080470679015, "log10_lambda": -4.056094382611207, "log10_min_child_weight": 3.894680582928241, "log10_subsample": -0.5856911202890506, "max_depth": 7.0, "num_boost_round": 3.0}, "datetime": {"datetime": "2024-01-19 00:35:22", "elapsed": 1425.322289, "delta": 0.002541}}
{"target": -13.758521390859645, "params": {"gamma": 444.4476661927638, "log10_alpha": -2.253061408012002, "log10_colsample_bytree": -0.5047326034837962, "log10_eta": -3.151080470679015, "log10_lambda": -4.056094382611207, "log10_min_child_weight": 3.894680582928241, "log10_subsample": -0.5856911202890506, "max_depth": 7.0, "num_boost_round": 4.0}, "datetime": {"datetime": "2024-01-19 00:35:22", "elapsed": 1425.324773, "delta": 0.002484}}
{"target": -13.758522989132697, "params": {"gamma": 444.4476661927638, "log10_alpha": -2.253061408012002, "log10_colsample_bytree": -0.5047326034837962, "log10_eta": -3.151080470679015, "log10_lambda": -4.056094382611207, "log10_min_child_weight": 3.894680582928241, "log10_subsample": -0.5856911202890506, "max_depth": 7.0, "num_boost_round": 5.0}, "datetime": {"datetime": "2024-01-19 00:35:22", "elapsed": 1425.327244, "delta": 0.002471}}
{"target": -13.758533170778811, "params": {"gamma": 444.4476661927638, "log10_alpha": -2.253061408012002, "log10_colsample_bytree": -0.5047326034837962, "log10_eta": -3.151080470679015, "log10_lambda": -4.056094382611207, "log10_min_child_weight": 3.894680582928241, "log10_subsample": -0.5856911202890506, "max_depth": 7.0, "num_boost_round": 6.0}, "datetime": {"datetime": "2024-01-19 00:35:22", "elapsed": 1425.329876, "delta": 0.002632}}
{"target": -13.758528514403958, "params": {"gamma": 444.4476661927638, "log10_alpha": -2.253061408012002, "log10_colsample_bytree": -0.5047326034837962, "log10_eta": -3.151080470679015, "log10_lambda": -4.056094382611207, "log10_min_child_weight": 3.894680582928241, "log10_subsample": -0.5856911202890506, "max_depth": 7.0, "num_boost_round": 7.0}, "datetime": {"datetime": "2024-01-19 00:35:22", "elapsed": 1425.33235, "delta": 0.002474}}
{"target": -13.758525106742567, "params": {"gamma": 444.4476661927638, "log10_alpha": -2.253061408012002, "log10_colsample_bytree": -0.5047326034837962, "log10_eta": -3.151080470679015, "log10_lambda": -4.056094382611207, "log10_min_child_weight": 3.894680582928241, "log10_subsample": -0.5856911202890506, "max_depth": 7.0, "num_boost_round": 8.0}, "datetime": {"datetime": "2024-01-19 00:35:22", "elapsed": 1425.334857, "delta": 0.002507}}
{"target": -13.75851663983302, "params": {"gamma": 444.4476661927638, "log10_alpha": -2.253061408012002, "log10_colsample_bytree": -0.5047326034837962, "log10_eta": -3.151080470679015, "log10_lambda": -4.056094382611207, "log10_min_child_weight": 3.894680582928241, "log10_subsample": -0.5856911202890506, "max_depth": 7.0, "num_boost_round": 9.0}, "datetime": {"datetime": "2024-01-19 00:35:22", "elapsed": 1425.337357, "delta": 0.0025}}
{"target": -13.758515174876235, "params": {"gamma": 444.4476661927638, "log10_alpha": -2.253061408012002, "log10_colsample_bytree": -0.5047326034837962, "log10_eta": -3.151080470679015, "log10_lambda": -4.056094382611207, "log10_min_child_weight": 3.894680582928241, "log10_subsample": -0.5856911202890506, "max_depth": 7.0, "num_boost_round": 10.0}, "datetime": {"datetime": "2024-01-19 00:35:22", "elapsed": 1425.339853, "delta": 0.002496}}
{"target": -13.75853242129129, "params": {"gamma": 444.04997941022253, "log10_alpha": 0.3675442541106655, "log10_colsample_bytree": -0.776235696721933, "log10_eta": -2.8804012586517156, "log10_lambda": -3.223538956674961, "log10_min_child_weight": 4.531745954807562, "log10_subsample": -0.03570998676927484, "max_depth": 9.0, "num_boost_round": 0.0}, "datetime": {"datetime": "2024-01-19 00:35:57", "elapsed": 1460.735659, "delta": 35.395806}}
{"target": -13.758522769448636, "params": {"gamma": 444.04997941022253, "log10_alpha": 0.3675442541106655, "log10_colsample_bytree": -0.776235696721933, "log10_eta": -2.8804012586517156, "log10_lambda": -3.223538956674961, "log10_min_child_weight": 4.531745954807562, "log10_subsample": -0.03570998676927484, "max_depth": 9.0, "num_boost_round": 1.0}, "datetime": {"datetime": "2024-01-19 00:35:57", "elapsed": 1460.738685, "delta": 0.003026}}
{"target": -13.758514540344207, "params": {"gamma": 444.04997941022253, "log10_alpha": 0.3675442541106655, "log10_colsample_bytree": -0.776235696721933, "log10_eta": -2.8804012586517156, "log10_lambda": -3.223538956674961, "log10_min_child_weight": 4.531745954807562, "log10_subsample": -0.03570998676927484, "max_depth": 9.0, "num_boost_round": 2.0}, "datetime": {"datetime": "2024-01-19 00:35:57", "elapsed": 1460.741225, "delta": 0.00254}}
{"target": -13.758501560435873, "params": {"gamma": 444.04997941022253, "log10_alpha": 0.3675442541106655, "log10_colsample_bytree": -0.776235696721933, "log10_eta": -2.8804012586517156, "log10_lambda": -3.223538956674961, "log10_min_child_weight": 4.531745954807562, "log10_subsample": -0.03570998676927484, "max_depth": 9.0, "num_boost_round": 3.0}, "datetime": {"datetime": "2024-01-19 00:35:57", "elapsed": 1460.7438, "delta": 0.002575}}
{"target": -13.75850143983642, "params": {"gamma": 444.04997941022253, "log10_alpha": 0.3675442541106655, "log10_colsample_bytree": -0.776235696721933, "log10_eta": -2.8804012586517156, "log10_lambda": -3.223538956674961, "log10_min_child_weight": 4.531745954807562, "log10_subsample": -0.03570998676927484, "max_depth": 9.0, "num_boost_round": 4.0}, "datetime": {"datetime": "2024-01-19 00:35:57", "elapsed": 1460.746301, "delta": 0.002501}}
{"target": -13.758487477990627, "params": {"gamma": 444.04997941022253, "log10_alpha": 0.3675442541106655, "log10_colsample_bytree": -0.776235696721933, "log10_eta": -2.8804012586517156, "log10_lambda": -3.223538956674961, "log10_min_child_weight": 4.531745954807562, "log10_subsample": -0.03570998676927484, "max_depth": 9.0, "num_boost_round": 5.0}, "datetime": {"datetime": "2024-01-19 00:35:57", "elapsed": 1460.748953, "delta": 0.002652}}
{"target": -13.758504817612486, "params": {"gamma": 444.04997941022253, "log10_alpha": 0.3675442541106655, "log10_colsample_bytree": -0.776235696721933, "log10_eta": -2.8804012586517156, "log10_lambda": -3.223538956674961, "log10_min_child_weight": 4.531745954807562, "log10_subsample": -0.03570998676927484, "max_depth": 9.0, "num_boost_round": 6.0}, "datetime": {"datetime": "2024-01-19 00:35:57", "elapsed": 1460.751451, "delta": 0.002498}}
{"target": -13.758491596717942, "params": {"gamma": 444.04997941022253, "log10_alpha": 0.3675442541106655, "log10_colsample_bytree": -0.776235696721933, "log10_eta": -2.8804012586517156, "log10_lambda": -3.223538956674961, "log10_min_child_weight": 4.531745954807562, "log10_subsample": -0.03570998676927484, "max_depth": 9.0, "num_boost_round": 7.0}, "datetime": {"datetime": "2024-01-19 00:35:57", "elapsed": 1460.753964, "delta": 0.002513}}
{"target": -13.758492109492193, "params": {"gamma": 444.04997941022253, "log10_alpha": 0.3675442541106655, "log10_colsample_bytree": -0.776235696721933, "log10_eta": -2.8804012586517156, "log10_lambda": -3.223538956674961, "log10_min_child_weight": 4.531745954807562, "log10_subsample": -0.03570998676927484, "max_depth": 9.0, "num_boost_round": 8.0}, "datetime": {"datetime": "2024-01-19 00:35:57", "elapsed": 1460.756478, "delta": 0.002514}}
{"target": -13.758487733140985, "params": {"gamma": 444.04997941022253, "log10_alpha": 0.3675442541106655, "log10_colsample_bytree": -0.776235696721933, "log10_eta": -2.8804012586517156, "log10_lambda": -3.223538956674961, "log10_min_child_weight": 4.531745954807562, "log10_subsample": -0.03570998676927484, "max_depth": 9.0, "num_boost_round": 9.0}, "datetime": {"datetime": "2024-01-19 00:35:57", "elapsed": 1460.75897, "delta": 0.002492}}
