{"target": -13.757126940775052, "params": {"gamma": 714.5647410222499, "log10_alpha": -3.7691456089347892, "log10_colsample_bytree": -0.9276053649281988, "log10_eta": -2.854751910008964, "log10_lambda": -1.2555155770518298, "log10_min_child_weight": 1.618321644539621, "log10_subsample": -0.19459007357189584, "max_depth": 6.0, "num_boost_round": 56.0}, "datetime": {"datetime": "2024-01-19 00:30:58", "elapsed": 1157.188664, "delta": 0.001488}}
{"target": -13.75709882830614, "params": {"gamma": 714.5647410222499, "log10_alpha": -3.7691456089347892, "log10_colsample_bytree": -0.9276053649281988, "log10_eta": -2.854751910008964, "log10_lambda": -1.2555155770518298, "log10_min_child_weight": 1.618321644539621, "log10_subsample": -0.19459007357189584, "max_depth": 6.0, "num_boost_round": 57.0}, "datetime": {"datetime": "2024-01-19 00:30:58", "elapsed": 1157.190088, "delta": 0.001424}}
{"target": -13.757015952738797, "params": {"gamma": 714.5647410222499, "log10_alpha": -3.7691456089347892, "log10_colsample_bytree": -0.9276053649281988, "log10_eta": -2.854751910008964, "log10_lambda": -1.2555155770518298, "log10_min_child_weight": 1.618321644539621, "log10_subsample": -0.19459007357189584, "max_depth": 6.0, "num_boost_round": 58.0}, "datetime": {"datetime": "2024-01-19 00:30:58", "elapsed": 1157.191493, "delta": 0.001405}}
{"target": -13.757022215264897, "params": {"gamma": 714.5647410222499, "log10_alpha": -3.7691456089347892, "log10_colsample_bytree": -0.9276053649281988, "log10_eta": -2.854751910008964, "log10_lambda": -1.2555155770518298, "log10_min_child_weight": 1.618321644539621, "log10_subsample": -0.19459007357189584, "max_depth": 6.0, "num_boost_round": 59.0}, "datetime": {"datetime": "2024-01-19 00:30:58", "elapsed": 1157.192983, "delta": 0.00149}}
{"target": -13.757027323848911, "params": {"gamma": 714.5647410222499, "log10_alpha": -3.7691456089347892, "log10_colsample_bytree": -0.9276053649281988, "log10_eta": -2.854751910008964, "log10_lambda": -1.2555155770518298, "log10_min_child_weight": 1.618321644539621, "log10_subsample": -0.19459007357189584, "max_depth": 6.0, "num_boost_round": 60.0}, "datetime": {"datetime": "2024-01-19 00:30:58", "elapsed": 1157.194439, "delta": 0.001456}}
{"target": -13.757005198809637, "params": {"gamma": 714.5647410222499, "log10_alpha": -3.7691456089347892, "log10_colsample_bytree": -0.9276053649281988, "log10_eta": -2.854751910008964, "log10_lambda": -1.2555155770518298, "log10_min_child_weight": 1.618321644539621, "log10_subsample": -0.19459007357189584, "max_depth": 6.0, "num_boost_round": 61.0}, "datetime": {"datetime": "2024-01-19 00:30:58", "elapsed": 1157.195884, "delta": 0.001445}}
{"target": -13.756994611504375, "params": {"gamma": 714.5647410222499, "log10_alpha": -3.7691456089347892, "log10_colsample_bytree": -0.9276053649281988, "log10_eta": -2.854751910008964, "log10_lambda": -1.2555155770518298, "log10_min_child_weight": 1.618321644539621, "log10_subsample": -0.19459007357189584, "max_depth": 6.0, "num_boost_round": 62.0}, "datetime": {"datetime": "2024-01-19 00:30:58", "elapsed": 1157.197326, "delta": 0.001442}}
{"target": -13.756932920337999, "params": {"gamma": 714.5647410222499, "log10_alpha": -3.7691456089347892, "log10_colsample_bytree": -0.9276053649281988, "log10_eta": -2.854751910008964, "log10_lambda": -1.2555155770518298, "log10_min_child_weight": 1.618321644539621, "log10_subsample": -0.19459007357189584, "max_depth": 6.0, "num_boost_round": 63.0}, "datetime": {"datetime": "2024-01-19 00:30:58", "elapsed": 1157.19877, "delta": 0.001444}}
{"target": -13.756953221651298, "params": {"gamma": 714.5647410222499, "log10_alpha": -3.7691456089347892, "log10_colsample_bytree": -0.9276053649281988, "log10_eta": -2.854751910008964, "log10_lambda": -1.2555155770518298, "log10_min_child_weight": 1.618321644539621, "log10_subsample": -0.19459007357189584, "max_depth": 6.0, "num_boost_round": 64.0}, "datetime": {"datetime": "2024-01-19 00:30:58", "elapsed": 1157.20021, "delta": 0.00144}}
{"target": -13.756922832756318, "params": {"gamma": 714.5647410222499, "log10_alpha": -3.7691456089347892, "log10_colsample_bytree": -0.9276053649281988, "log10_eta": -2.854751910008964, "log10_lambda": -1.2555155770518298, "log10_min_child_weight": 1.618321644539621, "log10_subsample": -0.19459007357189584, "max_depth": 6.0, "num_boost_round": 65.0}, "datetime": {"datetime": "2024-01-19 00:30:58", "elapsed": 1157.201653, "delta": 0.001443}}
{"target": -13.756906523632496, "params": {"gamma": 714.5647410222499, "log10_alpha": -3.7691456089347892, "log10_colsample_bytree": -0.9276053649281988, "log10_eta": -2.854751910008964, "log10_lambda": -1.2555155770518298, "log10_min_child_weight": 1.618321644539621, "log10_subsample": -0.19459007357189584, "max_depth": 6.0, "num_boost_round": 66.0}, "datetime": {"datetime": "2024-01-19 00:30:58", "elapsed": 1157.203175, "delta": 0.001522}}
{"target": -13.756827285403421, "params": {"gamma": 714.5647410222499, "log10_alpha": -3.7691456089347892, "log10_colsample_bytree": -0.9276053649281988, "log10_eta": -2.854751910008964, "log10_lambda": -1.2555155770518298, "log10_min_child_weight": 1.618321644539621, "log10_subsample": -0.19459007357189584, "max_depth": 6.0, "num_boost_round": 67.0}, "datetime": {"datetime": "2024-01-19 00:30:58", "elapsed": 1157.204626, "delta": 0.001451}}
{"target": -13.756802268307261, "params": {"gamma": 714.5647410222499, "log10_alpha": -3.7691456089347892, "log10_colsample_bytree": -0.9276053649281988, "log10_eta": -2.854751910008964, "log10_lambda": -1.2555155770518298, "log10_min_child_weight": 1.618321644539621, "log10_subsample": -0.19459007357189584, "max_depth": 6.0, "num_boost_round": 68.0}, "datetime": {"datetime": "2024-01-19 00:30:58", "elapsed": 1157.206068, "delta": 0.001442}}
{"target": -13.756794928796582, "params": {"gamma": 714.5647410222499, "log10_alpha": -3.7691456089347892, "log10_colsample_bytree": -0.9276053649281988, "log10_eta": -2.854751910008964, "log10_lambda": -1.2555155770518298, "log10_min_child_weight": 1.618321644539621, "log10_subsample": -0.19459007357189584, "max_depth": 6.0, "num_boost_round": 69.0}, "datetime": {"datetime": "2024-01-19 00:30:58", "elapsed": 1157.20754, "delta": 0.001472}}
{"target": -13.756807150157643, "params": {"gamma": 714.5647410222499, "log10_alpha": -3.7691456089347892, "log10_colsample_bytree": -0.9276053649281988, "log10_eta": -2.854751910008964, "log10_lambda": -1.2555155770518298, "log10_min_child_weight": 1.618321644539621, "log10_subsample": -0.19459007357189584, "max_depth": 6.0, "num_boost_round": 70.0}, "datetime": {"datetime": "2024-01-19 00:30:58", "elapsed": 1157.209021, "delta": 0.001481}}
{"target": -13.75675636559507, "params": {"gamma": 714.5647410222499, "log10_alpha": -3.7691456089347892, "log10_colsample_bytree": -0.9276053649281988, "log10_eta": -2.854751910008964, "log10_lambda": -1.2555155770518298, "log10_min_child_weight": 1.618321644539621, "log10_subsample": -0.19459007357189584, "max_depth": 6.0, "num_boost_round": 71.0}, "datetime": {"datetime": "2024-01-19 00:30:58", "elapsed": 1157.210469, "delta": 0.001448}}
{"target": -13.75669185465579, "params": {"gamma": 714.5647410222499, "log10_alpha": -3.7691456089347892, "log10_colsample_bytree": -0.9276053649281988, "log10_eta": -2.854751910008964, "log10_lambda": -1.2555155770518298, "log10_min_child_weight": 1.618321644539621, "log10_subsample": -0.19459007357189584, "max_depth": 6.0, "num_boost_round": 72.0}, "datetime": {"datetime": "2024-01-19 00:30:58", "elapsed": 1157.211931, "delta": 0.001462}}
{"target": -13.75676457433726, "params": {"gamma": 714.5647410222499, "log10_alpha": -3.7691456089347892, "log10_colsample_bytree": -0.9276053649281988, "log10_eta": -2.854751910008964, "log10_lambda": -1.2555155770518298, "log10_min_child_weight": 1.618321644539621, "log10_subsample": -0.19459007357189584, "max_depth": 6.0, "num_boost_round": 73.0}, "datetime": {"datetime": "2024-01-19 00:30:58", "elapsed": 1157.213463, "delta": 0.001532}}
{"target": -13.756755746834235, "params": {"gamma": 714.5647410222499, "log10_alpha": -3.7691456089347892, "log10_colsample_bytree": -0.9276053649281988, "log10_eta": -2.854751910008964, "log10_lambda": -1.2555155770518298, "log10_min_child_weight": 1.618321644539621, "log10_subsample": -0.19459007357189584, "max_depth": 6.0, "num_boost_round": 74.0}, "datetime": {"datetime": "2024-01-19 00:30:58", "elapsed": 1157.214929, "delta": 0.001466}}
{"target": -13.756724933579072, "params": {"gamma": 714.5647410222499, "log10_alpha": -3.7691456089347892, "log10_colsample_bytree": -0.9276053649281988, "log10_eta": -2.854751910008964, "log10_lambda": -1.2555155770518298, "log10_min_child_weight": 1.618321644539621, "log10_subsample": -0.19459007357189584, "max_depth": 6.0, "num_boost_round": 75.0}, "datetime": {"datetime": "2024-01-19 00:30:58", "elapsed": 1157.216401, "delta": 0.001472}}
{"target": -13.758418327959395, "params": {"gamma": 711.0145548439584, "log10_alpha": -1.5810576943323804, "log10_colsample_bytree": -0.4661974963479295, "log10_eta": -1.912932943732577, "log10_lambda": 0.8587570409978778, "log10_min_child_weight": 4.48473093365717, "log10_subsample": -0.2680871817211721, "max_depth": 9.0, "num_boost_round": 0.0}, "datetime": {"datetime": "2024-01-19 00:31:44", "elapsed": 1203.716091, "delta": 46.49969}}
{"target": -13.758455780963363, "params": {"gamma": 711.0145548439584, "log10_alpha": -1.5810576943323804, "log10_colsample_bytree": -0.4661974963479295, "log10_eta": -1.912932943732577, "log10_lambda": 0.8587570409978778, "log10_min_child_weight": 4.48473093365717, "log10_subsample": -0.2680871817211721, "max_depth": 9.0, "num_boost_round": 1.0}, "datetime": {"datetime": "2024-01-19 00:31:44", "elapsed": 1203.71818, "delta": 0.002089}}
{"target": -13.758561558880718, "params": {"gamma": 711.0145548439584, "log10_alpha": -1.5810576943323804, "log10_colsample_bytree": -0.4661974963479295, "log10_eta": -1.912932943732577, "log10_lambda": 0.8587570409978778, "log10_min_child_weight": 4.48473093365717, "log10_subsample": -0.2680871817211721, "max_depth": 9.0, "num_boost_round": 2.0}, "datetime": {"datetime": "2024-01-19 00:31:44", "elapsed": 1203.720646, "delta": 0.002466}}
{"target": -13.758581121651638, "params": {"gamma": 711.0145548439584, "log10_alpha": -1.5810576943323804, "log10_colsample_bytree": -0.4661974963479295, "log10_eta": -1.912932943732577, "log10_lambda": 0.8587570409978778, "log10_min_child_weight": 4.48473093365717, "log10_subsample": -0.2680871817211721, "max_depth": 9.0, "num_boost_round": 3.0}, "datetime": {"datetime": "2024-01-19 00:31:44", "elapsed": 1203.722157, "delta": 0.001511}}
{"target": -13.758791788214808, "params": {"gamma": 711.0145548439584, "log10_alpha": -1.5810576943323804, "log10_colsample_bytree": -0.4661974963479295, "log10_eta": -1.912932943732577, "log10_lambda": 0.8587570409978778, "log10_min_child_weight": 4.48473093365717, "log10_subsample": -0.2680871817211721, "max_depth": 9.0, "num_boost_round": 4.0}, "datetime": {"datetime": "2024-01-19 00:31:44", "elapsed": 1203.723705, "delta": 0.001548}}
{"target": -13.758783881412525, "params": {"gamma": 711.0145548439584, "log10_alpha": -1.5810576943323804, "log10_colsample_bytree": -0.4661974963479295, "log10_eta": -1.912932943732577, "log10_lambda": 0.8587570409978778, "log10_min_child_weight": 4.48473093365717, "log10_subsample": -0.2680871817211721, "max_depth": 9.0, "num_boost_round": 5.0}, "datetime": {"datetime": "2024-01-19 00:31:44", "elapsed": 1203.72523, "delta": 0.001525}}
{"target": -13.75885315603947, "params": {"gamma": 711.0145548439584, "log10_alpha": -1.5810576943323804, "log10_colsample_bytree": -0.4661974963479295, "log10_eta": -1.912932943732577, "log10_lambda": 0.8587570409978778, "log10_min_child_weight": 4.48473093365717, "log10_subsample": -0.2680871817211721, "max_depth": 9.0, "num_boost_round": 6.0}, "datetime": {"datetime": "2024-01-19 00:31:44", "elapsed": 1203.72673, "delta": 0.0015}}
{"target": -13.758805149724118, "params": {"gamma": 711.0145548439584, "log10_alpha": -1.5810576943323804, "log10_colsample_bytree": -0.4661974963479295, "log10_eta": -1.912932943732577, "log10_lambda": 0.8587570409978778, "log10_min_child_weight": 4.48473093365717, "log10_subsample": -0.2680871817211721, "max_depth": 9.0, "num_boost_round": 7.0}, "datetime": {"datetime": "2024-01-19 00:31:44", "elapsed": 1203.728271, "delta": 0.001541}}
{"target": -13.758857061361294, "params": {"gamma": 711.0145548439584, "log10_alpha": -1.5810576943323804, "log10_colsample_bytree": -0.4661974963479295, "log10_eta": -1.912932943732577, "log10_lambda": 0.8587570409978778, "log10_min_child_weight": 4.48473093365717, "log10_subsample": -0.2680871817211721, "max_depth": 9.0, "num_boost_round": 8.0}, "datetime": {"datetime": "2024-01-19 00:31:44", "elapsed": 1203.729754, "delta": 0.001483}}
{"target": -13.758841084840851, "params": {"gamma": 711.0145548439584, "log10_alpha": -1.5810576943323804, "log10_colsample_bytree": -0.4661974963479295, "log10_eta": -1.912932943732577, "log10_lambda": 0.8587570409978778, "log10_min_child_weight": 4.48473093365717, "log10_subsample": -0.2680871817211721, "max_depth": 9.0, "num_boost_round": 9.0}, "datetime": {"datetime": "2024-01-19 00:31:44", "elapsed": 1203.731195, "delta": 0.001441}}
{"target": -13.758814626863963, "params": {"gamma": 711.0145548439584, "log10_alpha": -1.5810576943323804, "log10_colsample_bytree": -0.4661974963479295, "log10_eta": -1.912932943732577, "log10_lambda": 0.8587570409978778, "log10_min_child_weight": 4.48473093365717, "log10_subsample": -0.2680871817211721, "max_depth": 9.0, "num_boost_round": 10.0}, "datetime": {"datetime": "2024-01-19 00:31:44", "elapsed": 1203.732827, "delta": 0.001632}}
{"target": -13.758839294441358, "params": {"gamma": 711.0145548439584, "log10_alpha": -1.5810576943323804, "log10_colsample_bytree": -0.4661974963479295, "log10_eta": -1.912932943732577, "log10_lambda": 0.8587570409978778, "log10_min_child_weight": 4.48473093365717, "log10_subsample": -0.2680871817211721, "max_depth": 9.0, "num_boost_round": 11.0}, "datetime": {"datetime": "2024-01-19 00:31:44", "elapsed": 1203.734445, "delta": 0.001618}}
{"target": -13.758801611405396, "params": {"gamma": 711.0145548439584, "log10_alpha": -1.5810576943323804, "log10_colsample_bytree": -0.4661974963479295, "log10_eta": -1.912932943732577, "log10_lambda": 0.8587570409978778, "log10_min_child_weight": 4.48473093365717, "log10_subsample": -0.2680871817211721, "max_depth": 9.0, "num_boost_round": 12.0}, "datetime": {"datetime": "2024-01-19 00:31:44", "elapsed": 1203.736057, "delta": 0.001612}}
{"target": -13.758835929003446, "params": {"gamma": 711.0145548439584, "log10_alpha": -1.5810576943323804, "log10_colsample_bytree": -0.4661974963479295, "log10_eta": -1.912932943732577, "log10_lambda": 0.8587570409978778, "log10_min_child_weight": 4.48473093365717, "log10_subsample": -0.2680871817211721, "max_depth": 9.0, "num_boost_round": 13.0}, "datetime": {"datetime": "2024-01-19 00:31:44", "elapsed": 1203.737536, "delta": 0.001479}}
{"target": -13.758826780923947, "params": {"gamma": 711.0145548439584, "log10_alpha": -1.5810576943323804, "log10_colsample_bytree": -0.4661974963479295, "log10_eta": -1.912932943732577, "log10_lambda": 0.8587570409978778, "log10_min_child_weight": 4.48473093365717, "log10_subsample": -0.2680871817211721, "max_depth": 9.0, "num_boost_round": 14.0}, "datetime": {"datetime": "2024-01-19 00:31:44", "elapsed": 1203.738984, "delta": 0.001448}}
{"target": -13.758710256761109, "params": {"gamma": 711.0145548439584, "log10_alpha": -1.5810576943323804, "log10_colsample_bytree": -0.4661974963479295, "log10_eta": -1.912932943732577, "log10_lambda": 0.8587570409978778, "log10_min_child_weight": 4.48473093365717, "log10_subsample": -0.2680871817211721, "max_depth": 9.0, "num_boost_round": 15.0}, "datetime": {"datetime": "2024-01-19 00:31:44", "elapsed": 1203.740457, "delta": 0.001473}}
{"target": -13.758743948457237, "params": {"gamma": 711.0145548439584, "log10_alpha": -1.5810576943323804, "log10_colsample_bytree": -0.4661974963479295, "log10_eta": -1.912932943732577, "log10_lambda": 0.8587570409978778, "log10_min_child_weight": 4.48473093365717, "log10_subsample": -0.2680871817211721, "max_depth": 9.0, "num_boost_round": 16.0}, "datetime": {"datetime": "2024-01-19 00:31:44", "elapsed": 1203.741919, "delta": 0.001462}}
{"target": -13.758810946428513, "params": {"gamma": 711.0145548439584, "log10_alpha": -1.5810576943323804, "log10_colsample_bytree": -0.4661974963479295, "log10_eta": -1.912932943732577, "log10_lambda": 0.8587570409978778, "log10_min_child_weight": 4.48473093365717, "log10_subsample": -0.2680871817211721, "max_depth": 9.0, "num_boost_round": 17.0}, "datetime": {"datetime": "2024-01-19 00:31:44", "elapsed": 1203.743459, "delta": 0.00154}}
{"target": -13.759034110748697, "params": {"gamma": 711.0145548439584, "log10_alpha": -1.5810576943323804, "log10_colsample_bytree": -0.4661974963479295, "log10_eta": -1.912932943732577, "log10_lambda": 0.8587570409978778, "log10_min_child_weight": 4.48473093365717, "log10_subsample": -0.2680871817211721, "max_depth": 9.0, "num_boost_round": 18.0}, "datetime": {"datetime": "2024-01-19 00:31:44", "elapsed": 1203.74493, "delta": 0.001471}}
{"target": -13.758992915960421, "params": {"gamma": 711.0145548439584, "log10_alpha": -1.5810576943323804, "log10_colsample_bytree": -0.4661974963479295, "log10_eta": -1.912932943732577, "log10_lambda": 0.8587570409978778, "log10_min_child_weight": 4.48473093365717, "log10_subsample": -0.2680871817211721, "max_depth": 9.0, "num_boost_round": 19.0}, "datetime": {"datetime": "2024-01-19 00:31:44", "elapsed": 1203.746443, "delta": 0.001513}}
{"target": -13.7590479893975, "params": {"gamma": 711.0145548439584, "log10_alpha": -1.5810576943323804, "log10_colsample_bytree": -0.4661974963479295, "log10_eta": -1.912932943732577, "log10_lambda": 0.8587570409978778, "log10_min_child_weight": 4.48473093365717, "log10_subsample": -0.2680871817211721, "max_depth": 9.0, "num_boost_round": 20.0}, "datetime": {"datetime": "2024-01-19 00:31:44", "elapsed": 1203.747946, "delta": 0.001503}}
{"target": -13.75904207829685, "params": {"gamma": 711.0145548439584, "log10_alpha": -1.5810576943323804, "log10_colsample_bytree": -0.4661974963479295, "log10_eta": -1.912932943732577, "log10_lambda": 0.8587570409978778, "log10_min_child_weight": 4.48473093365717, "log10_subsample": -0.2680871817211721, "max_depth": 9.0, "num_boost_round": 21.0}, "datetime": {"datetime": "2024-01-19 00:31:44", "elapsed": 1203.74944, "delta": 0.001494}}
{"target": -13.7591235371678, "params": {"gamma": 711.0145548439584, "log10_alpha": -1.5810576943323804, "log10_colsample_bytree": -0.4661974963479295, "log10_eta": -1.912932943732577, "log10_lambda": 0.8587570409978778, "log10_min_child_weight": 4.48473093365717, "log10_subsample": -0.2680871817211721, "max_depth": 9.0, "num_boost_round": 22.0}, "datetime": {"datetime": "2024-01-19 00:31:44", "elapsed": 1203.750948, "delta": 0.001508}}
{"target": -13.759070227913966, "params": {"gamma": 711.0145548439584, "log10_alpha": -1.5810576943323804, "log10_colsample_bytree": -0.4661974963479295, "log10_eta": -1.912932943732577, "log10_lambda": 0.8587570409978778, "log10_min_child_weight": 4.48473093365717, "log10_subsample": -0.2680871817211721, "max_depth": 9.0, "num_boost_round": 23.0}, "datetime": {"datetime": "2024-01-19 00:31:44", "elapsed": 1203.752418, "delta": 0.00147}}
{"target": -13.759131470301613, "params": {"gamma": 711.0145548439584, "log10_alpha": -1.5810576943323804, "log10_colsample_bytree": -0.4661974963479295, "log10_eta": -1.912932943732577, "log10_lambda": 0.8587570409978778, "log10_min_child_weight": 4.48473093365717, "log10_subsample": -0.2680871817211721, "max_depth": 9.0, "num_boost_round": 24.0}, "datetime": {"datetime": "2024-01-19 00:31:44", "elapsed": 1203.754003, "delta": 0.001585}}
{"target": -13.759117055491089, "params": {"gamma": 711.0145548439584, "log10_alpha": -1.5810576943323804, "log10_colsample_bytree": -0.4661974963479295, "log10_eta": -1.912932943732577, "log10_lambda": 0.8587570409978778, "log10_min_child_weight": 4.48473093365717, "log10_subsample": -0.2680871817211721, "max_depth": 9.0, "num_boost_round": 25.0}, "datetime": {"datetime": "2024-01-19 00:31:44", "elapsed": 1203.755501, "delta": 0.001498}}
{"target": -13.759156247703858, "params": {"gamma": 711.0145548439584, "log10_alpha": -1.5810576943323804, "log10_colsample_bytree": -0.4661974963479295, "log10_eta": -1.912932943732577, "log10_lambda": 0.8587570409978778, "log10_min_child_weight": 4.48473093365717, "log10_subsample": -0.2680871817211721, "max_depth": 9.0, "num_boost_round": 26.0}, "datetime": {"datetime": "2024-01-19 00:31:44", "elapsed": 1203.75699, "delta": 0.001489}}
{"target": -13.759167038885188, "params": {"gamma": 711.0145548439584, "log10_alpha": -1.5810576943323804, "log10_colsample_bytree": -0.4661974963479295, "log10_eta": -1.912932943732577, "log10_lambda": 0.8587570409978778, "log10_min_child_weight": 4.48473093365717, "log10_subsample": -0.2680871817211721, "max_depth": 9.0, "num_boost_round": 27.0}, "datetime": {"datetime": "2024-01-19 00:31:44", "elapsed": 1203.758491, "delta": 0.001501}}
{"target": -13.759142966472684, "params": {"gamma": 711.0145548439584, "log10_alpha": -1.5810576943323804, "log10_colsample_bytree": -0.4661974963479295, "log10_eta": -1.912932943732577, "log10_lambda": 0.8587570409978778, "log10_min_child_weight": 4.48473093365717, "log10_subsample": -0.2680871817211721, "max_depth": 9.0, "num_boost_round": 28.0}, "datetime": {"datetime": "2024-01-19 00:31:44", "elapsed": 1203.760001, "delta": 0.00151}}
