{"target": -13.758538328240876, "params": {"gamma": 716.9276081838314, "log10_alpha": -0.7515503692991458, "log10_colsample_bytree": 0.0, "log10_eta": -3.0237323083980545, "log10_lambda": 1.0, "log10_min_child_weight": 5.0, "log10_subsample": -1.0, "max_depth": 2.0, "num_boost_round": 9.0}, "datetime": {"datetime": "2024-01-19 01:17:12", "elapsed": 3940.435637, "delta": 0.004169}}
{"target": -13.758538332907216, "params": {"gamma": 716.9276081838314, "log10_alpha": -0.7515503692991458, "log10_colsample_bytree": 0.0, "log10_eta": -3.0237323083980545, "log10_lambda": 1.0, "log10_min_child_weight": 5.0, "log10_subsample": -1.0, "max_depth": 2.0, "num_boost_round": 10.0}, "datetime": {"datetime": "2024-01-19 01:17:12", "elapsed": 3940.4398, "delta": 0.004163}}
{"target": -13.758538323509788, "params": {"gamma": 716.9276081838314, "log10_alpha": -0.7515503692991458, "log10_colsample_bytree": 0.0, "log10_eta": -3.0237323083980545, "log10_lambda": 1.0, "log10_min_child_weight": 5.0, "log10_subsample": -1.0, "max_depth": 2.0, "num_boost_round": 11.0}, "datetime": {"datetime": "2024-01-19 01:17:12", "elapsed": 3940.444029, "delta": 0.004229}}
{"target": -13.758538324856751, "params": {"gamma": 716.9276081838314, "log10_alpha": -0.7515503692991458, "log10_colsample_bytree": 0.0, "log10_eta": -3.0237323083980545, "log10_lambda": 1.0, "log10_min_child_weight": 5.0, "log10_subsample": -1.0, "max_depth": 2.0, "num_boost_round": 12.0}, "datetime": {"datetime": "2024-01-19 01:17:12", "elapsed": 3940.448182, "delta": 0.004153}}
{"target": -13.758538353979995, "params": {"gamma": 716.9276081838314, "log10_alpha": -0.7515503692991458, "log10_colsample_bytree": 0.0, "log10_eta": -3.0237323083980545, "log10_lambda": 1.0, "log10_min_child_weight": 5.0, "log10_subsample": -1.0, "max_depth": 2.0, "num_boost_round": 13.0}, "datetime": {"datetime": "2024-01-19 01:17:12", "elapsed": 3940.453293, "delta": 0.005111}}
{"target": -13.758538349816908, "params": {"gamma": 716.9276081838314, "log10_alpha": -0.7515503692991458, "log10_colsample_bytree": 0.0, "log10_eta": -3.0237323083980545, "log10_lambda": 1.0, "log10_min_child_weight": 5.0, "log10_subsample": -1.0, "max_depth": 2.0, "num_boost_round": 14.0}, "datetime": {"datetime": "2024-01-19 01:17:12", "elapsed": 3940.457733, "delta": 0.00444}}
{"target": -13.758538370994327, "params": {"gamma": 716.9276081838314, "log10_alpha": -0.7515503692991458, "log10_colsample_bytree": 0.0, "log10_eta": -3.0237323083980545, "log10_lambda": 1.0, "log10_min_child_weight": 5.0, "log10_subsample": -1.0, "max_depth": 2.0, "num_boost_round": 15.0}, "datetime": {"datetime": "2024-01-19 01:17:12", "elapsed": 3940.462146, "delta": 0.004413}}
{"target": -13.758538370017725, "params": {"gamma": 716.9276081838314, "log10_alpha": -0.7515503692991458, "log10_colsample_bytree": 0.0, "log10_eta": -3.0237323083980545, "log10_lambda": 1.0, "log10_min_child_weight": 5.0, "log10_subsample": -1.0, "max_depth": 2.0, "num_boost_round": 16.0}, "datetime": {"datetime": "2024-01-19 01:17:12", "elapsed": 3940.46736, "delta": 0.005214}}
{"target": -13.758538342096276, "params": {"gamma": 716.9276081838314, "log10_alpha": -0.7515503692991458, "log10_colsample_bytree": 0.0, "log10_eta": -3.0237323083980545, "log10_lambda": 1.0, "log10_min_child_weight": 5.0, "log10_subsample": -1.0, "max_depth": 2.0, "num_boost_round": 17.0}, "datetime": {"datetime": "2024-01-19 01:17:12", "elapsed": 3940.471802, "delta": 0.004442}}
{"target": -13.758538427934852, "params": {"gamma": 716.9276081838314, "log10_alpha": -0.7515503692991458, "log10_colsample_bytree": 0.0, "log10_eta": -3.0237323083980545, "log10_lambda": 1.0, "log10_min_child_weight": 5.0, "log10_subsample": -1.0, "max_depth": 2.0, "num_boost_round": 18.0}, "datetime": {"datetime": "2024-01-19 01:17:12", "elapsed": 3940.476068, "delta": 0.004266}}
{"target": -13.758538398379706, "params": {"gamma": 716.9276081838314, "log10_alpha": -0.7515503692991458, "log10_colsample_bytree": 0.0, "log10_eta": -3.0237323083980545, "log10_lambda": 1.0, "log10_min_child_weight": 5.0, "log10_subsample": -1.0, "max_depth": 2.0, "num_boost_round": 19.0}, "datetime": {"datetime": "2024-01-19 01:17:12", "elapsed": 3940.480205, "delta": 0.004137}}
{"target": -13.758538439391549, "params": {"gamma": 716.9276081838314, "log10_alpha": -0.7515503692991458, "log10_colsample_bytree": 0.0, "log10_eta": -3.0237323083980545, "log10_lambda": 1.0, "log10_min_child_weight": 5.0, "log10_subsample": -1.0, "max_depth": 2.0, "num_boost_round": 20.0}, "datetime": {"datetime": "2024-01-19 01:17:12", "elapsed": 3940.484547, "delta": 0.004342}}
{"target": -13.758376245414128, "params": {"gamma": 713.7079834573566, "log10_alpha": -1.8515730976214684, "log10_colsample_bytree": -0.8389766808242552, "log10_eta": -2.0489258171226994, "log10_lambda": -1.8089303453521342, "log10_min_child_weight": 1.677764156607705, "log10_subsample": -0.47187908406208645, "max_depth": 2.0, "num_boost_round": 0.0}, "datetime": {"datetime": "2024-01-19 01:18:22", "elapsed": 4009.989771, "delta": 69.505224}}
{"target": -13.758279856823398, "params": {"gamma": 713.7079834573566, "log10_alpha": -1.8515730976214684, "log10_colsample_bytree": -0.8389766808242552, "log10_eta": -2.0489258171226994, "log10_lambda": -1.8089303453521342, "log10_min_child_weight": 1.677764156607705, "log10_subsample": -0.47187908406208645, "max_depth": 2.0, "num_boost_round": 1.0}, "datetime": {"datetime": "2024-01-19 01:18:22", "elapsed": 4009.994492, "delta": 0.004721}}
{"target": -13.75825491976429, "params": {"gamma": 713.7079834573566, "log10_alpha": -1.8515730976214684, "log10_colsample_bytree": -0.8389766808242552, "log10_eta": -2.0489258171226994, "log10_lambda": -1.8089303453521342, "log10_min_child_weight": 1.677764156607705, "log10_subsample": -0.47187908406208645, "max_depth": 2.0, "num_boost_round": 2.0}, "datetime": {"datetime": "2024-01-19 01:18:22", "elapsed": 4009.99888, "delta": 0.004388}}
{"target": -13.758218103522767, "params": {"gamma": 713.7079834573566, "log10_alpha": -1.8515730976214684, "log10_colsample_bytree": -0.8389766808242552, "log10_eta": -2.0489258171226994, "log10_lambda": -1.8089303453521342, "log10_min_child_weight": 1.677764156607705, "log10_subsample": -0.47187908406208645, "max_depth": 2.0, "num_boost_round": 3.0}, "datetime": {"datetime": "2024-01-19 01:18:22", "elapsed": 4010.003181, "delta": 0.004301}}
{"target": -13.758157121760748, "params": {"gamma": 713.7079834573566, "log10_alpha": -1.8515730976214684, "log10_colsample_bytree": -0.8389766808242552, "log10_eta": -2.0489258171226994, "log10_lambda": -1.8089303453521342, "log10_min_child_weight": 1.677764156607705, "log10_subsample": -0.47187908406208645, "max_depth": 2.0, "num_boost_round": 4.0}, "datetime": {"datetime": "2024-01-19 01:18:22", "elapsed": 4010.007487, "delta": 0.004306}}
{"target": -13.758048005938265, "params": {"gamma": 713.7079834573566, "log10_alpha": -1.8515730976214684, "log10_colsample_bytree": -0.8389766808242552, "log10_eta": -2.0489258171226994, "log10_lambda": -1.8089303453521342, "log10_min_child_weight": 1.677764156607705, "log10_subsample": -0.47187908406208645, "max_depth": 2.0, "num_boost_round": 5.0}, "datetime": {"datetime": "2024-01-19 01:18:22", "elapsed": 4010.011803, "delta": 0.004316}}
{"target": -13.758066246349307, "params": {"gamma": 713.7079834573566, "log10_alpha": -1.8515730976214684, "log10_colsample_bytree": -0.8389766808242552, "log10_eta": -2.0489258171226994, "log10_lambda": -1.8089303453521342, "log10_min_child_weight": 1.677764156607705, "log10_subsample": -0.47187908406208645, "max_depth": 2.0, "num_boost_round": 6.0}, "datetime": {"datetime": "2024-01-19 01:18:22", "elapsed": 4010.016089, "delta": 0.004286}}
{"target": -13.757920110052149, "params": {"gamma": 713.7079834573566, "log10_alpha": -1.8515730976214684, "log10_colsample_bytree": -0.8389766808242552, "log10_eta": -2.0489258171226994, "log10_lambda": -1.8089303453521342, "log10_min_child_weight": 1.677764156607705, "log10_subsample": -0.47187908406208645, "max_depth": 2.0, "num_boost_round": 7.0}, "datetime": {"datetime": "2024-01-19 01:18:22", "elapsed": 4010.0205, "delta": 0.004411}}
{"target": -13.758014805435058, "params": {"gamma": 713.7079834573566, "log10_alpha": -1.8515730976214684, "log10_colsample_bytree": -0.8389766808242552, "log10_eta": -2.0489258171226994, "log10_lambda": -1.8089303453521342, "log10_min_child_weight": 1.677764156607705, "log10_subsample": -0.47187908406208645, "max_depth": 2.0, "num_boost_round": 8.0}, "datetime": {"datetime": "2024-01-19 01:18:22", "elapsed": 4010.024609, "delta": 0.004109}}
{"target": -13.757950020259251, "params": {"gamma": 713.7079834573566, "log10_alpha": -1.8515730976214684, "log10_colsample_bytree": -0.8389766808242552, "log10_eta": -2.0489258171226994, "log10_lambda": -1.8089303453521342, "log10_min_child_weight": 1.677764156607705, "log10_subsample": -0.47187908406208645, "max_depth": 2.0, "num_boost_round": 9.0}, "datetime": {"datetime": "2024-01-19 01:18:22", "elapsed": 4010.028705, "delta": 0.004096}}
{"target": -13.757882291552376, "params": {"gamma": 713.7079834573566, "log10_alpha": -1.8515730976214684, "log10_colsample_bytree": -0.8389766808242552, "log10_eta": -2.0489258171226994, "log10_lambda": -1.8089303453521342, "log10_min_child_weight": 1.677764156607705, "log10_subsample": -0.47187908406208645, "max_depth": 2.0, "num_boost_round": 10.0}, "datetime": {"datetime": "2024-01-19 01:18:22", "elapsed": 4010.03294, "delta": 0.004235}}
{"target": -13.75778725193972, "params": {"gamma": 713.7079834573566, "log10_alpha": -1.8515730976214684, "log10_colsample_bytree": -0.8389766808242552, "log10_eta": -2.0489258171226994, "log10_lambda": -1.8089303453521342, "log10_min_child_weight": 1.677764156607705, "log10_subsample": -0.47187908406208645, "max_depth": 2.0, "num_boost_round": 11.0}, "datetime": {"datetime": "2024-01-19 01:18:22", "elapsed": 4010.037021, "delta": 0.004081}}
{"target": -13.757714605555481, "params": {"gamma": 713.7079834573566, "log10_alpha": -1.8515730976214684, "log10_colsample_bytree": -0.8389766808242552, "log10_eta": -2.0489258171226994, "log10_lambda": -1.8089303453521342, "log10_min_child_weight": 1.677764156607705, "log10_subsample": -0.47187908406208645, "max_depth": 2.0, "num_boost_round": 12.0}, "datetime": {"datetime": "2024-01-19 01:18:22", "elapsed": 4010.041427, "delta": 0.004406}}
{"target": -13.757641956891218, "params": {"gamma": 713.7079834573566, "log10_alpha": -1.8515730976214684, "log10_colsample_bytree": -0.8389766808242552, "log10_eta": -2.0489258171226994, "log10_lambda": -1.8089303453521342, "log10_min_child_weight": 1.677764156607705, "log10_subsample": -0.47187908406208645, "max_depth": 2.0, "num_boost_round": 13.0}, "datetime": {"datetime": "2024-01-19 01:18:22", "elapsed": 4010.045819, "delta": 0.004392}}
{"target": -13.757628833152534, "params": {"gamma": 713.7079834573566, "log10_alpha": -1.8515730976214684, "log10_colsample_bytree": -0.8389766808242552, "log10_eta": -2.0489258171226994, "log10_lambda": -1.8089303453521342, "log10_min_child_weight": 1.677764156607705, "log10_subsample": -0.47187908406208645, "max_depth": 2.0, "num_boost_round": 14.0}, "datetime": {"datetime": "2024-01-19 01:18:22", "elapsed": 4010.049964, "delta": 0.004145}}
{"target": -13.757547254132556, "params": {"gamma": 713.7079834573566, "log10_alpha": -1.8515730976214684, "log10_colsample_bytree": -0.8389766808242552, "log10_eta": -2.0489258171226994, "log10_lambda": -1.8089303453521342, "log10_min_child_weight": 1.677764156607705, "log10_subsample": -0.47187908406208645, "max_depth": 2.0, "num_boost_round": 15.0}, "datetime": {"datetime": "2024-01-19 01:18:22", "elapsed": 4010.054171, "delta": 0.004207}}
{"target": -13.75748521784306, "params": {"gamma": 713.7079834573566, "log10_alpha": -1.8515730976214684, "log10_colsample_bytree": -0.8389766808242552, "log10_eta": -2.0489258171226994, "log10_lambda": -1.8089303453521342, "log10_min_child_weight": 1.677764156607705, "log10_subsample": -0.47187908406208645, "max_depth": 2.0, "num_boost_round": 16.0}, "datetime": {"datetime": "2024-01-19 01:18:22", "elapsed": 4010.058306, "delta": 0.004135}}
{"target": -13.75736246864187, "params": {"gamma": 713.7079834573566, "log10_alpha": -1.8515730976214684, "log10_colsample_bytree": -0.8389766808242552, "log10_eta": -2.0489258171226994, "log10_lambda": -1.8089303453521342, "log10_min_child_weight": 1.677764156607705, "log10_subsample": -0.47187908406208645, "max_depth": 2.0, "num_boost_round": 17.0}, "datetime": {"datetime": "2024-01-19 01:18:22", "elapsed": 4010.06273, "delta": 0.004424}}
{"target": -13.757275111849149, "params": {"gamma": 713.7079834573566, "log10_alpha": -1.8515730976214684, "log10_colsample_bytree": -0.8389766808242552, "log10_eta": -2.0489258171226994, "log10_lambda": -1.8089303453521342, "log10_min_child_weight": 1.677764156607705, "log10_subsample": -0.47187908406208645, "max_depth": 2.0, "num_boost_round": 18.0}, "datetime": {"datetime": "2024-01-19 01:18:22", "elapsed": 4010.066857, "delta": 0.004127}}
{"target": -13.757175076842005, "params": {"gamma": 713.7079834573566, "log10_alpha": -1.8515730976214684, "log10_colsample_bytree": -0.8389766808242552, "log10_eta": -2.0489258171226994, "log10_lambda": -1.8089303453521342, "log10_min_child_weight": 1.677764156607705, "log10_subsample": -0.47187908406208645, "max_depth": 2.0, "num_boost_round": 19.0}, "datetime": {"datetime": "2024-01-19 01:18:22", "elapsed": 4010.070946, "delta": 0.004089}}
{"target": -13.757188806261727, "params": {"gamma": 713.7079834573566, "log10_alpha": -1.8515730976214684, "log10_colsample_bytree": -0.8389766808242552, "log10_eta": -2.0489258171226994, "log10_lambda": -1.8089303453521342, "log10_min_child_weight": 1.677764156607705, "log10_subsample": -0.47187908406208645, "max_depth": 2.0, "num_boost_round": 20.0}, "datetime": {"datetime": "2024-01-19 01:18:22", "elapsed": 4010.075038, "delta": 0.004092}}
{"target": -13.757174076258613, "params": {"gamma": 713.7079834573566, "log10_alpha": -1.8515730976214684, "log10_colsample_bytree": -0.8389766808242552, "log10_eta": -2.0489258171226994, "log10_lambda": -1.8089303453521342, "log10_min_child_weight": 1.677764156607705, "log10_subsample": -0.47187908406208645, "max_depth": 2.0, "num_boost_round": 21.0}, "datetime": {"datetime": "2024-01-19 01:18:22", "elapsed": 4010.0793, "delta": 0.004262}}
{"target": -13.75716650684095, "params": {"gamma": 713.7079834573566, "log10_alpha": -1.8515730976214684, "log10_colsample_bytree": -0.8389766808242552, "log10_eta": -2.0489258171226994, "log10_lambda": -1.8089303453521342, "log10_min_child_weight": 1.677764156607705, "log10_subsample": -0.47187908406208645, "max_depth": 2.0, "num_boost_round": 22.0}, "datetime": {"datetime": "2024-01-19 01:18:22", "elapsed": 4010.083477, "delta": 0.004177}}
{"target": -13.757074793110036, "params": {"gamma": 713.7079834573566, "log10_alpha": -1.8515730976214684, "log10_colsample_bytree": -0.8389766808242552, "log10_eta": -2.0489258171226994, "log10_lambda": -1.8089303453521342, "log10_min_child_weight": 1.677764156607705, "log10_subsample": -0.47187908406208645, "max_depth": 2.0, "num_boost_round": 23.0}, "datetime": {"datetime": "2024-01-19 01:18:22", "elapsed": 4010.087607, "delta": 0.00413}}
{"target": -13.757089765314934, "params": {"gamma": 713.7079834573566, "log10_alpha": -1.8515730976214684, "log10_colsample_bytree": -0.8389766808242552, "log10_eta": -2.0489258171226994, "log10_lambda": -1.8089303453521342, "log10_min_child_weight": 1.677764156607705, "log10_subsample": -0.47187908406208645, "max_depth": 2.0, "num_boost_round": 24.0}, "datetime": {"datetime": "2024-01-19 01:18:22", "elapsed": 4010.092087, "delta": 0.00448}}
{"target": -13.757038210427796, "params": {"gamma": 713.7079834573566, "log10_alpha": -1.8515730976214684, "log10_colsample_bytree": -0.8389766808242552, "log10_eta": -2.0489258171226994, "log10_lambda": -1.8089303453521342, "log10_min_child_weight": 1.677764156607705, "log10_subsample": -0.47187908406208645, "max_depth": 2.0, "num_boost_round": 25.0}, "datetime": {"datetime": "2024-01-19 01:18:22", "elapsed": 4010.096165, "delta": 0.004078}}
{"target": -13.757064724397809, "params": {"gamma": 713.7079834573566, "log10_alpha": -1.8515730976214684, "log10_colsample_bytree": -0.8389766808242552, "log10_eta": -2.0489258171226994, "log10_lambda": -1.8089303453521342, "log10_min_child_weight": 1.677764156607705, "log10_subsample": -0.47187908406208645, "max_depth": 2.0, "num_boost_round": 26.0}, "datetime": {"datetime": "2024-01-19 01:18:22", "elapsed": 4010.100441, "delta": 0.004276}}
{"target": -13.756918343956519, "params": {"gamma": 713.7079834573566, "log10_alpha": -1.8515730976214684, "log10_colsample_bytree": -0.8389766808242552, "log10_eta": -2.0489258171226994, "log10_lambda": -1.8089303453521342, "log10_min_child_weight": 1.677764156607705, "log10_subsample": -0.47187908406208645, "max_depth": 2.0, "num_boost_round": 27.0}, "datetime": {"datetime": "2024-01-19 01:18:22", "elapsed": 4010.104559, "delta": 0.004118}}
{"target": -13.756882899994013, "params": {"gamma": 713.7079834573566, "log10_alpha": -1.8515730976214684, "log10_colsample_bytree": -0.8389766808242552, "log10_eta": -2.0489258171226994, "log10_lambda": -1.8089303453521342, "log10_min_child_weight": 1.677764156607705, "log10_subsample": -0.47187908406208645, "max_depth": 2.0, "num_boost_round": 28.0}, "datetime": {"datetime": "2024-01-19 01:18:22", "elapsed": 4010.108724, "delta": 0.004165}}
{"target": -13.756787768715979, "params": {"gamma": 713.7079834573566, "log10_alpha": -1.8515730976214684, "log10_colsample_bytree": -0.8389766808242552, "log10_eta": -2.0489258171226994, "log10_lambda": -1.8089303453521342, "log10_min_child_weight": 1.677764156607705, "log10_subsample": -0.47187908406208645, "max_depth": 2.0, "num_boost_round": 29.0}, "datetime": {"datetime": "2024-01-19 01:18:22", "elapsed": 4010.112964, "delta": 0.00424}}
{"target": -13.756749424262766, "params": {"gamma": 713.7079834573566, "log10_alpha": -1.8515730976214684, "log10_colsample_bytree": -0.8389766808242552, "log10_eta": -2.0489258171226994, "log10_lambda": -1.8089303453521342, "log10_min_child_weight": 1.677764156607705, "log10_subsample": -0.47187908406208645, "max_depth": 2.0, "num_boost_round": 30.0}, "datetime": {"datetime": "2024-01-19 01:18:22", "elapsed": 4010.117074, "delta": 0.00411}}
{"target": -13.756654535435368, "params": {"gamma": 713.7079834573566, "log10_alpha": -1.8515730976214684, "log10_colsample_bytree": -0.8389766808242552, "log10_eta": -2.0489258171226994, "log10_lambda": -1.8089303453521342, "log10_min_child_weight": 1.677764156607705, "log10_subsample": -0.47187908406208645, "max_depth": 2.0, "num_boost_round": 31.0}, "datetime": {"datetime": "2024-01-19 01:18:22", "elapsed": 4010.12148, "delta": 0.004406}}
{"target": -13.756678337214016, "params": {"gamma": 713.7079834573566, "log10_alpha": -1.8515730976214684, "log10_colsample_bytree": -0.8389766808242552, "log10_eta": -2.0489258171226994, "log10_lambda": -1.8089303453521342, "log10_min_child_weight": 1.677764156607705, "log10_subsample": -0.47187908406208645, "max_depth": 2.0, "num_boost_round": 32.0}, "datetime": {"datetime": "2024-01-19 01:18:22", "elapsed": 4010.125834, "delta": 0.004354}}
{"target": -13.756590621521976, "params": {"gamma": 713.7079834573566, "log10_alpha": -1.8515730976214684, "log10_colsample_bytree": -0.8389766808242552, "log10_eta": -2.0489258171226994, "log10_lambda": -1.8089303453521342, "log10_min_child_weight": 1.677764156607705, "log10_subsample": -0.47187908406208645, "max_depth": 2.0, "num_boost_round": 33.0}, "datetime": {"datetime": "2024-01-19 01:18:22", "elapsed": 4010.130108, "delta": 0.004274}}
{"target": -13.756497140753966, "params": {"gamma": 713.7079834573566, "log10_alpha": -1.8515730976214684, "log10_colsample_bytree": -0.8389766808242552, "log10_eta": -2.0489258171226994, "log10_lambda": -1.8089303453521342, "log10_min_child_weight": 1.677764156607705, "log10_subsample": -0.47187908406208645, "max_depth": 2.0, "num_boost_round": 34.0}, "datetime": {"datetime": "2024-01-19 01:18:22", "elapsed": 4010.134786, "delta": 0.004678}}
{"target": -13.756460526719389, "params": {"gamma": 713.7079834573566, "log10_alpha": -1.8515730976214684, "log10_colsample_bytree": -0.8389766808242552, "log10_eta": -2.0489258171226994, "log10_lambda": -1.8089303453521342, "log10_min_child_weight": 1.677764156607705, "log10_subsample": -0.47187908406208645, "max_depth": 2.0, "num_boost_round": 35.0}, "datetime": {"datetime": "2024-01-19 01:18:22", "elapsed": 4010.139276, "delta": 0.00449}}
{"target": -13.75646027368809, "params": {"gamma": 713.7079834573566, "log10_alpha": -1.8515730976214684, "log10_colsample_bytree": -0.8389766808242552, "log10_eta": -2.0489258171226994, "log10_lambda": -1.8089303453521342, "log10_min_child_weight": 1.677764156607705, "log10_subsample": -0.47187908406208645, "max_depth": 2.0, "num_boost_round": 36.0}, "datetime": {"datetime": "2024-01-19 01:18:22", "elapsed": 4010.143942, "delta": 0.004666}}
{"target": -13.75853858144185, "params": {"gamma": 714.3038491640303, "log10_alpha": -1.525807251252552, "log10_colsample_bytree": -0.1283707054000266, "log10_eta": -3.4671166561872986, "log10_lambda": 0.6507399997175023, "log10_min_child_weight": 3.7061684438539344, "log10_subsample": -0.7274162085599962, "max_depth": 6.0, "num_boost_round": 0.0}, "datetime": {"datetime": "2024-01-19 01:19:11", "elapsed": 4059.496331, "delta": 49.352389}}
