{"target": -13.756607036682169, "params": {"gamma": 723.454820335027, "log10_alpha": -2.033619553900408, "log10_colsample_bytree": -0.7493042746625969, "log10_eta": -2.390244247695237, "log10_lambda": -0.4465843947667949, "log10_min_child_weight": 1.6875107607591866, "log10_subsample": -0.5379227873370599, "max_depth": 9.0, "num_boost_round": 21.0}, "datetime": {"datetime": "2024-01-19 01:38:41", "elapsed": 5229.516498, "delta": 0.005164}}
{"target": -13.756447246226065, "params": {"gamma": 723.454820335027, "log10_alpha": -2.033619553900408, "log10_colsample_bytree": -0.7493042746625969, "log10_eta": -2.390244247695237, "log10_lambda": -0.4465843947667949, "log10_min_child_weight": 1.6875107607591866, "log10_subsample": -0.5379227873370599, "max_depth": 9.0, "num_boost_round": 22.0}, "datetime": {"datetime": "2024-01-19 01:38:41", "elapsed": 5229.521907, "delta": 0.005409}}
{"target": -13.75637168334291, "params": {"gamma": 723.454820335027, "log10_alpha": -2.033619553900408, "log10_colsample_bytree": -0.7493042746625969, "log10_eta": -2.390244247695237, "log10_lambda": -0.4465843947667949, "log10_min_child_weight": 1.6875107607591866, "log10_subsample": -0.5379227873370599, "max_depth": 9.0, "num_boost_round": 23.0}, "datetime": {"datetime": "2024-01-19 01:38:41", "elapsed": 5229.527006, "delta": 0.005099}}
{"target": -13.756285300627477, "params": {"gamma": 723.454820335027, "log10_alpha": -2.033619553900408, "log10_colsample_bytree": -0.7493042746625969, "log10_eta": -2.390244247695237, "log10_lambda": -0.4465843947667949, "log10_min_child_weight": 1.6875107607591866, "log10_subsample": -0.5379227873370599, "max_depth": 9.0, "num_boost_round": 24.0}, "datetime": {"datetime": "2024-01-19 01:38:41", "elapsed": 5229.532316, "delta": 0.00531}}
{"target": -13.756311059775536, "params": {"gamma": 723.454820335027, "log10_alpha": -2.033619553900408, "log10_colsample_bytree": -0.7493042746625969, "log10_eta": -2.390244247695237, "log10_lambda": -0.4465843947667949, "log10_min_child_weight": 1.6875107607591866, "log10_subsample": -0.5379227873370599, "max_depth": 9.0, "num_boost_round": 25.0}, "datetime": {"datetime": "2024-01-19 01:38:41", "elapsed": 5229.537521, "delta": 0.005205}}
{"target": -13.756344551832854, "params": {"gamma": 723.454820335027, "log10_alpha": -2.033619553900408, "log10_colsample_bytree": -0.7493042746625969, "log10_eta": -2.390244247695237, "log10_lambda": -0.4465843947667949, "log10_min_child_weight": 1.6875107607591866, "log10_subsample": -0.5379227873370599, "max_depth": 9.0, "num_boost_round": 26.0}, "datetime": {"datetime": "2024-01-19 01:38:41", "elapsed": 5229.547059, "delta": 0.009538}}
{"target": -13.756205042353109, "params": {"gamma": 723.454820335027, "log10_alpha": -2.033619553900408, "log10_colsample_bytree": -0.7493042746625969, "log10_eta": -2.390244247695237, "log10_lambda": -0.4465843947667949, "log10_min_child_weight": 1.6875107607591866, "log10_subsample": -0.5379227873370599, "max_depth": 9.0, "num_boost_round": 27.0}, "datetime": {"datetime": "2024-01-19 01:38:41", "elapsed": 5229.552328, "delta": 0.005269}}
{"target": -13.75621744337923, "params": {"gamma": 723.454820335027, "log10_alpha": -2.033619553900408, "log10_colsample_bytree": -0.7493042746625969, "log10_eta": -2.390244247695237, "log10_lambda": -0.4465843947667949, "log10_min_child_weight": 1.6875107607591866, "log10_subsample": -0.5379227873370599, "max_depth": 9.0, "num_boost_round": 28.0}, "datetime": {"datetime": "2024-01-19 01:38:41", "elapsed": 5229.557773, "delta": 0.005445}}
{"target": -13.756146508776338, "params": {"gamma": 723.454820335027, "log10_alpha": -2.033619553900408, "log10_colsample_bytree": -0.7493042746625969, "log10_eta": -2.390244247695237, "log10_lambda": -0.4465843947667949, "log10_min_child_weight": 1.6875107607591866, "log10_subsample": -0.5379227873370599, "max_depth": 9.0, "num_boost_round": 29.0}, "datetime": {"datetime": "2024-01-19 01:38:42", "elapsed": 5229.693094, "delta": 0.135321}}
{"target": -13.756235043052367, "params": {"gamma": 723.454820335027, "log10_alpha": -2.033619553900408, "log10_colsample_bytree": -0.7493042746625969, "log10_eta": -2.390244247695237, "log10_lambda": -0.4465843947667949, "log10_min_child_weight": 1.6875107607591866, "log10_subsample": -0.5379227873370599, "max_depth": 9.0, "num_boost_round": 30.0}, "datetime": {"datetime": "2024-01-19 01:38:42", "elapsed": 5229.699199, "delta": 0.006105}}
{"target": -13.755993320917614, "params": {"gamma": 723.454820335027, "log10_alpha": -2.033619553900408, "log10_colsample_bytree": -0.7493042746625969, "log10_eta": -2.390244247695237, "log10_lambda": -0.4465843947667949, "log10_min_child_weight": 1.6875107607591866, "log10_subsample": -0.5379227873370599, "max_depth": 9.0, "num_boost_round": 31.0}, "datetime": {"datetime": "2024-01-19 01:38:42", "elapsed": 5229.705504, "delta": 0.006305}}
{"target": -13.75587579414936, "params": {"gamma": 723.454820335027, "log10_alpha": -2.033619553900408, "log10_colsample_bytree": -0.7493042746625969, "log10_eta": -2.390244247695237, "log10_lambda": -0.4465843947667949, "log10_min_child_weight": 1.6875107607591866, "log10_subsample": -0.5379227873370599, "max_depth": 9.0, "num_boost_round": 32.0}, "datetime": {"datetime": "2024-01-19 01:38:42", "elapsed": 5229.711314, "delta": 0.00581}}
{"target": -13.755773002171095, "params": {"gamma": 723.454820335027, "log10_alpha": -2.033619553900408, "log10_colsample_bytree": -0.7493042746625969, "log10_eta": -2.390244247695237, "log10_lambda": -0.4465843947667949, "log10_min_child_weight": 1.6875107607591866, "log10_subsample": -0.5379227873370599, "max_depth": 9.0, "num_boost_round": 33.0}, "datetime": {"datetime": "2024-01-19 01:38:42", "elapsed": 5229.716723, "delta": 0.005409}}
{"target": -13.75570890178353, "params": {"gamma": 723.454820335027, "log10_alpha": -2.033619553900408, "log10_colsample_bytree": -0.7493042746625969, "log10_eta": -2.390244247695237, "log10_lambda": -0.4465843947667949, "log10_min_child_weight": 1.6875107607591866, "log10_subsample": -0.5379227873370599, "max_depth": 9.0, "num_boost_round": 34.0}, "datetime": {"datetime": "2024-01-19 01:38:42", "elapsed": 5229.722417, "delta": 0.005694}}
{"target": -13.75576816954803, "params": {"gamma": 723.454820335027, "log10_alpha": -2.033619553900408, "log10_colsample_bytree": -0.7493042746625969, "log10_eta": -2.390244247695237, "log10_lambda": -0.4465843947667949, "log10_min_child_weight": 1.6875107607591866, "log10_subsample": -0.5379227873370599, "max_depth": 9.0, "num_boost_round": 35.0}, "datetime": {"datetime": "2024-01-19 01:38:42", "elapsed": 5229.727765, "delta": 0.005348}}
{"target": -13.755811812262499, "params": {"gamma": 723.454820335027, "log10_alpha": -2.033619553900408, "log10_colsample_bytree": -0.7493042746625969, "log10_eta": -2.390244247695237, "log10_lambda": -0.4465843947667949, "log10_min_child_weight": 1.6875107607591866, "log10_subsample": -0.5379227873370599, "max_depth": 9.0, "num_boost_round": 36.0}, "datetime": {"datetime": "2024-01-19 01:38:42", "elapsed": 5229.73318, "delta": 0.005415}}
{"target": -13.755878997990271, "params": {"gamma": 723.454820335027, "log10_alpha": -2.033619553900408, "log10_colsample_bytree": -0.7493042746625969, "log10_eta": -2.390244247695237, "log10_lambda": -0.4465843947667949, "log10_min_child_weight": 1.6875107607591866, "log10_subsample": -0.5379227873370599, "max_depth": 9.0, "num_boost_round": 37.0}, "datetime": {"datetime": "2024-01-19 01:38:42", "elapsed": 5229.738693, "delta": 0.005513}}
{"target": -13.75583684435968, "params": {"gamma": 723.454820335027, "log10_alpha": -2.033619553900408, "log10_colsample_bytree": -0.7493042746625969, "log10_eta": -2.390244247695237, "log10_lambda": -0.4465843947667949, "log10_min_child_weight": 1.6875107607591866, "log10_subsample": -0.5379227873370599, "max_depth": 9.0, "num_boost_round": 38.0}, "datetime": {"datetime": "2024-01-19 01:38:42", "elapsed": 5229.744384, "delta": 0.005691}}
{"target": -13.75592992471003, "params": {"gamma": 723.454820335027, "log10_alpha": -2.033619553900408, "log10_colsample_bytree": -0.7493042746625969, "log10_eta": -2.390244247695237, "log10_lambda": -0.4465843947667949, "log10_min_child_weight": 1.6875107607591866, "log10_subsample": -0.5379227873370599, "max_depth": 9.0, "num_boost_round": 39.0}, "datetime": {"datetime": "2024-01-19 01:38:42", "elapsed": 5229.750868, "delta": 0.006484}}
{"target": -13.755870070857693, "params": {"gamma": 723.454820335027, "log10_alpha": -2.033619553900408, "log10_colsample_bytree": -0.7493042746625969, "log10_eta": -2.390244247695237, "log10_lambda": -0.4465843947667949, "log10_min_child_weight": 1.6875107607591866, "log10_subsample": -0.5379227873370599, "max_depth": 9.0, "num_boost_round": 40.0}, "datetime": {"datetime": "2024-01-19 01:38:42", "elapsed": 5229.756839, "delta": 0.005971}}
{"target": -13.755713644605, "params": {"gamma": 723.454820335027, "log10_alpha": -2.033619553900408, "log10_colsample_bytree": -0.7493042746625969, "log10_eta": -2.390244247695237, "log10_lambda": -0.4465843947667949, "log10_min_child_weight": 1.6875107607591866, "log10_subsample": -0.5379227873370599, "max_depth": 9.0, "num_boost_round": 41.0}, "datetime": {"datetime": "2024-01-19 01:38:42", "elapsed": 5229.762275, "delta": 0.005436}}
{"target": -13.755401425901768, "params": {"gamma": 723.454820335027, "log10_alpha": -2.033619553900408, "log10_colsample_bytree": -0.7493042746625969, "log10_eta": -2.390244247695237, "log10_lambda": -0.4465843947667949, "log10_min_child_weight": 1.6875107607591866, "log10_subsample": -0.5379227873370599, "max_depth": 9.0, "num_boost_round": 42.0}, "datetime": {"datetime": "2024-01-19 01:38:42", "elapsed": 5229.767639, "delta": 0.005364}}
{"target": -13.755404476609161, "params": {"gamma": 723.454820335027, "log10_alpha": -2.033619553900408, "log10_colsample_bytree": -0.7493042746625969, "log10_eta": -2.390244247695237, "log10_lambda": -0.4465843947667949, "log10_min_child_weight": 1.6875107607591866, "log10_subsample": -0.5379227873370599, "max_depth": 9.0, "num_boost_round": 43.0}, "datetime": {"datetime": "2024-01-19 01:38:42", "elapsed": 5229.772972, "delta": 0.005333}}
{"target": -13.755227859276712, "params": {"gamma": 723.454820335027, "log10_alpha": -2.033619553900408, "log10_colsample_bytree": -0.7493042746625969, "log10_eta": -2.390244247695237, "log10_lambda": -0.4465843947667949, "log10_min_child_weight": 1.6875107607591866, "log10_subsample": -0.5379227873370599, "max_depth": 9.0, "num_boost_round": 44.0}, "datetime": {"datetime": "2024-01-19 01:38:42", "elapsed": 5229.778589, "delta": 0.005617}}
{"target": -13.755005612383059, "params": {"gamma": 723.454820335027, "log10_alpha": -2.033619553900408, "log10_colsample_bytree": -0.7493042746625969, "log10_eta": -2.390244247695237, "log10_lambda": -0.4465843947667949, "log10_min_child_weight": 1.6875107607591866, "log10_subsample": -0.5379227873370599, "max_depth": 9.0, "num_boost_round": 45.0}, "datetime": {"datetime": "2024-01-19 01:38:42", "elapsed": 5229.784171, "delta": 0.005582}}
{"target": -13.75507975107278, "params": {"gamma": 723.454820335027, "log10_alpha": -2.033619553900408, "log10_colsample_bytree": -0.7493042746625969, "log10_eta": -2.390244247695237, "log10_lambda": -0.4465843947667949, "log10_min_child_weight": 1.6875107607591866, "log10_subsample": -0.5379227873370599, "max_depth": 9.0, "num_boost_round": 46.0}, "datetime": {"datetime": "2024-01-19 01:38:42", "elapsed": 5229.789338, "delta": 0.005167}}
{"target": -13.755034710330504, "params": {"gamma": 723.454820335027, "log10_alpha": -2.033619553900408, "log10_colsample_bytree": -0.7493042746625969, "log10_eta": -2.390244247695237, "log10_lambda": -0.4465843947667949, "log10_min_child_weight": 1.6875107607591866, "log10_subsample": -0.5379227873370599, "max_depth": 9.0, "num_boost_round": 47.0}, "datetime": {"datetime": "2024-01-19 01:38:42", "elapsed": 5229.794757, "delta": 0.005419}}
{"target": -13.754996145347704, "params": {"gamma": 723.454820335027, "log10_alpha": -2.033619553900408, "log10_colsample_bytree": -0.7493042746625969, "log10_eta": -2.390244247695237, "log10_lambda": -0.4465843947667949, "log10_min_child_weight": 1.6875107607591866, "log10_subsample": -0.5379227873370599, "max_depth": 9.0, "num_boost_round": 48.0}, "datetime": {"datetime": "2024-01-19 01:38:42", "elapsed": 5229.800093, "delta": 0.005336}}
{"target": -13.755226275746036, "params": {"gamma": 723.454820335027, "log10_alpha": -2.033619553900408, "log10_colsample_bytree": -0.7493042746625969, "log10_eta": -2.390244247695237, "log10_lambda": -0.4465843947667949, "log10_min_child_weight": 1.6875107607591866, "log10_subsample": -0.5379227873370599, "max_depth": 9.0, "num_boost_round": 49.0}, "datetime": {"datetime": "2024-01-19 01:38:42", "elapsed": 5229.805466, "delta": 0.005373}}
{"target": -13.755227666457124, "params": {"gamma": 723.454820335027, "log10_alpha": -2.033619553900408, "log10_colsample_bytree": -0.7493042746625969, "log10_eta": -2.390244247695237, "log10_lambda": -0.4465843947667949, "log10_min_child_weight": 1.6875107607591866, "log10_subsample": -0.5379227873370599, "max_depth": 9.0, "num_boost_round": 50.0}, "datetime": {"datetime": "2024-01-19 01:38:42", "elapsed": 5229.811611, "delta": 0.006145}}
{"target": -13.758538334396661, "params": {"gamma": 715.3788295180938, "log10_alpha": -2.617408863511114, "log10_colsample_bytree": 0.0, "log10_eta": -4.0, "log10_lambda": -4.307452571484999, "log10_min_child_weight": 5.0, "log10_subsample": -1.0, "max_depth": 4.0, "num_boost_round": 0.0}, "datetime": {"datetime": "2024-01-19 01:40:06", "elapsed": 5313.896508, "delta": 84.084897}}
{"target": -13.758538316173329, "params": {"gamma": 715.3788295180938, "log10_alpha": -2.617408863511114, "log10_colsample_bytree": 0.0, "log10_eta": -4.0, "log10_lambda": -4.307452571484999, "log10_min_child_weight": 5.0, "log10_subsample": -1.0, "max_depth": 4.0, "num_boost_round": 1.0}, "datetime": {"datetime": "2024-01-19 01:40:06", "elapsed": 5313.903107, "delta": 0.006599}}
{"target": -13.758538317287863, "params": {"gamma": 715.3788295180938, "log10_alpha": -2.617408863511114, "log10_colsample_bytree": 0.0, "log10_eta": -4.0, "log10_lambda": -4.307452571484999, "log10_min_child_weight": 5.0, "log10_subsample": -1.0, "max_depth": 4.0, "num_boost_round": 2.0}, "datetime": {"datetime": "2024-01-19 01:40:06", "elapsed": 5313.908437, "delta": 0.00533}}
{"target": -13.758538309193435, "params": {"gamma": 715.3788295180938, "log10_alpha": -2.617408863511114, "log10_colsample_bytree": 0.0, "log10_eta": -4.0, "log10_lambda": -4.307452571484999, "log10_min_child_weight": 5.0, "log10_subsample": -1.0, "max_depth": 4.0, "num_boost_round": 3.0}, "datetime": {"datetime": "2024-01-19 01:40:06", "elapsed": 5313.913852, "delta": 0.005415}}
{"target": -13.75853831676082, "params": {"gamma": 715.3788295180938, "log10_alpha": -2.617408863511114, "log10_colsample_bytree": 0.0, "log10_eta": -4.0, "log10_lambda": -4.307452571484999, "log10_min_child_weight": 5.0, "log10_subsample": -1.0, "max_depth": 4.0, "num_boost_round": 4.0}, "datetime": {"datetime": "2024-01-19 01:40:06", "elapsed": 5313.919082, "delta": 0.00523}}
{"target": -13.758538319722867, "params": {"gamma": 715.3788295180938, "log10_alpha": -2.617408863511114, "log10_colsample_bytree": 0.0, "log10_eta": -4.0, "log10_lambda": -4.307452571484999, "log10_min_child_weight": 5.0, "log10_subsample": -1.0, "max_depth": 4.0, "num_boost_round": 5.0}, "datetime": {"datetime": "2024-01-19 01:40:06", "elapsed": 5313.924475, "delta": 0.005393}}
{"target": -13.758538337020346, "params": {"gamma": 715.3788295180938, "log10_alpha": -2.617408863511114, "log10_colsample_bytree": 0.0, "log10_eta": -4.0, "log10_lambda": -4.307452571484999, "log10_min_child_weight": 5.0, "log10_subsample": -1.0, "max_depth": 4.0, "num_boost_round": 6.0}, "datetime": {"datetime": "2024-01-19 01:40:06", "elapsed": 5313.929557, "delta": 0.005082}}
{"target": -13.758538339250423, "params": {"gamma": 715.3788295180938, "log10_alpha": -2.617408863511114, "log10_colsample_bytree": 0.0, "log10_eta": -4.0, "log10_lambda": -4.307452571484999, "log10_min_child_weight": 5.0, "log10_subsample": -1.0, "max_depth": 4.0, "num_boost_round": 7.0}, "datetime": {"datetime": "2024-01-19 01:40:06", "elapsed": 5313.934556, "delta": 0.004999}}
{"target": -13.75853834371783, "params": {"gamma": 715.3788295180938, "log10_alpha": -2.617408863511114, "log10_colsample_bytree": 0.0, "log10_eta": -4.0, "log10_lambda": -4.307452571484999, "log10_min_child_weight": 5.0, "log10_subsample": -1.0, "max_depth": 4.0, "num_boost_round": 8.0}, "datetime": {"datetime": "2024-01-19 01:40:06", "elapsed": 5313.939453, "delta": 0.004897}}
{"target": -13.758538318122506, "params": {"gamma": 715.3788295180938, "log10_alpha": -2.617408863511114, "log10_colsample_bytree": 0.0, "log10_eta": -4.0, "log10_lambda": -4.307452571484999, "log10_min_child_weight": 5.0, "log10_subsample": -1.0, "max_depth": 4.0, "num_boost_round": 9.0}, "datetime": {"datetime": "2024-01-19 01:40:06", "elapsed": 5313.944446, "delta": 0.004993}}
{"target": -13.758538339609576, "params": {"gamma": 715.3788295180938, "log10_alpha": -2.617408863511114, "log10_colsample_bytree": 0.0, "log10_eta": -4.0, "log10_lambda": -4.307452571484999, "log10_min_child_weight": 5.0, "log10_subsample": -1.0, "max_depth": 4.0, "num_boost_round": 10.0}, "datetime": {"datetime": "2024-01-19 01:40:06", "elapsed": 5313.949314, "delta": 0.004868}}
{"target": -13.758538331945088, "params": {"gamma": 715.3788295180938, "log10_alpha": -2.617408863511114, "log10_colsample_bytree": 0.0, "log10_eta": -4.0, "log10_lambda": -4.307452571484999, "log10_min_child_weight": 5.0, "log10_subsample": -1.0, "max_depth": 4.0, "num_boost_round": 11.0}, "datetime": {"datetime": "2024-01-19 01:40:06", "elapsed": 5313.954295, "delta": 0.004981}}
{"target": -13.758538333243145, "params": {"gamma": 715.3788295180938, "log10_alpha": -2.617408863511114, "log10_colsample_bytree": 0.0, "log10_eta": -4.0, "log10_lambda": -4.307452571484999, "log10_min_child_weight": 5.0, "log10_subsample": -1.0, "max_depth": 4.0, "num_boost_round": 12.0}, "datetime": {"datetime": "2024-01-19 01:40:06", "elapsed": 5313.95922, "delta": 0.004925}}
{"target": -13.758538319878726, "params": {"gamma": 715.3788295180938, "log10_alpha": -2.617408863511114, "log10_colsample_bytree": 0.0, "log10_eta": -4.0, "log10_lambda": -4.307452571484999, "log10_min_child_weight": 5.0, "log10_subsample": -1.0, "max_depth": 4.0, "num_boost_round": 13.0}, "datetime": {"datetime": "2024-01-19 01:40:06", "elapsed": 5313.964214, "delta": 0.004994}}
{"target": -13.758538348160767, "params": {"gamma": 715.3788295180938, "log10_alpha": -2.617408863511114, "log10_colsample_bytree": 0.0, "log10_eta": -4.0, "log10_lambda": -4.307452571484999, "log10_min_child_weight": 5.0, "log10_subsample": -1.0, "max_depth": 4.0, "num_boost_round": 14.0}, "datetime": {"datetime": "2024-01-19 01:40:06", "elapsed": 5313.969577, "delta": 0.005363}}
{"target": -13.758538323261272, "params": {"gamma": 715.3788295180938, "log10_alpha": -2.617408863511114, "log10_colsample_bytree": 0.0, "log10_eta": -4.0, "log10_lambda": -4.307452571484999, "log10_min_child_weight": 5.0, "log10_subsample": -1.0, "max_depth": 4.0, "num_boost_round": 15.0}, "datetime": {"datetime": "2024-01-19 01:40:06", "elapsed": 5313.974844, "delta": 0.005267}}
{"target": -13.758538326055682, "params": {"gamma": 715.3788295180938, "log10_alpha": -2.617408863511114, "log10_colsample_bytree": 0.0, "log10_eta": -4.0, "log10_lambda": -4.307452571484999, "log10_min_child_weight": 5.0, "log10_subsample": -1.0, "max_depth": 4.0, "num_boost_round": 16.0}, "datetime": {"datetime": "2024-01-19 01:40:06", "elapsed": 5313.981189, "delta": 0.006345}}
{"target": -13.758538324242688, "params": {"gamma": 715.3788295180938, "log10_alpha": -2.617408863511114, "log10_colsample_bytree": 0.0, "log10_eta": -4.0, "log10_lambda": -4.307452571484999, "log10_min_child_weight": 5.0, "log10_subsample": -1.0, "max_depth": 4.0, "num_boost_round": 17.0}, "datetime": {"datetime": "2024-01-19 01:40:06", "elapsed": 5313.986658, "delta": 0.005469}}
{"target": -13.758538342945306, "params": {"gamma": 715.3788295180938, "log10_alpha": -2.617408863511114, "log10_colsample_bytree": 0.0, "log10_eta": -4.0, "log10_lambda": -4.307452571484999, "log10_min_child_weight": 5.0, "log10_subsample": -1.0, "max_depth": 4.0, "num_boost_round": 18.0}, "datetime": {"datetime": "2024-01-19 01:40:06", "elapsed": 5313.991959, "delta": 0.005301}}
{"target": -13.758538352934998, "params": {"gamma": 715.3788295180938, "log10_alpha": -2.617408863511114, "log10_colsample_bytree": 0.0, "log10_eta": -4.0, "log10_lambda": -4.307452571484999, "log10_min_child_weight": 5.0, "log10_subsample": -1.0, "max_depth": 4.0, "num_boost_round": 19.0}, "datetime": {"datetime": "2024-01-19 01:40:06", "elapsed": 5313.996995, "delta": 0.005036}}
{"target": -13.758538347865901, "params": {"gamma": 715.3788295180938, "log10_alpha": -2.617408863511114, "log10_colsample_bytree": 0.0, "log10_eta": -4.0, "log10_lambda": -4.307452571484999, "log10_min_child_weight": 5.0, "log10_subsample": -1.0, "max_depth": 4.0, "num_boost_round": 20.0}, "datetime": {"datetime": "2024-01-19 01:40:06", "elapsed": 5314.00213, "delta": 0.005135}}
{"target": -13.758538348706436, "params": {"gamma": 715.3788295180938, "log10_alpha": -2.617408863511114, "log10_colsample_bytree": 0.0, "log10_eta": -4.0, "log10_lambda": -4.307452571484999, "log10_min_child_weight": 5.0, "log10_subsample": -1.0, "max_depth": 4.0, "num_boost_round": 21.0}, "datetime": {"datetime": "2024-01-19 01:40:06", "elapsed": 5314.007276, "delta": 0.005146}}
