{"target": -13.757326446407102, "params": {"gamma": 77.8483174663559, "log10_alpha": -3.5016448389259414, "log10_colsample_bytree": -0.3561762405053841, "log10_eta": -2.7244215679881028, "log10_lambda": -1.9942617032079992, "log10_min_child_weight": 3.0565535712777647, "log10_subsample": -0.3436052193884812, "max_depth": 6.0, "num_boost_round": 50.0}, "datetime": {"datetime": "2024-01-19 01:53:36", "elapsed": 6136.204832, "delta": 0.004711}}
{"target": -13.75731831044622, "params": {"gamma": 77.8483174663559, "log10_alpha": -3.5016448389259414, "log10_colsample_bytree": -0.3561762405053841, "log10_eta": -2.7244215679881028, "log10_lambda": -1.9942617032079992, "log10_min_child_weight": 3.0565535712777647, "log10_subsample": -0.3436052193884812, "max_depth": 6.0, "num_boost_round": 51.0}, "datetime": {"datetime": "2024-01-19 01:53:36", "elapsed": 6136.209636, "delta": 0.004804}}
{"target": -13.757344033449272, "params": {"gamma": 77.8483174663559, "log10_alpha": -3.5016448389259414, "log10_colsample_bytree": -0.3561762405053841, "log10_eta": -2.7244215679881028, "log10_lambda": -1.9942617032079992, "log10_min_child_weight": 3.0565535712777647, "log10_subsample": -0.3436052193884812, "max_depth": 6.0, "num_boost_round": 52.0}, "datetime": {"datetime": "2024-01-19 01:53:36", "elapsed": 6136.214258, "delta": 0.004622}}
{"target": -13.757358362101302, "params": {"gamma": 77.8483174663559, "log10_alpha": -3.5016448389259414, "log10_colsample_bytree": -0.3561762405053841, "log10_eta": -2.7244215679881028, "log10_lambda": -1.9942617032079992, "log10_min_child_weight": 3.0565535712777647, "log10_subsample": -0.3436052193884812, "max_depth": 6.0, "num_boost_round": 53.0}, "datetime": {"datetime": "2024-01-19 01:53:36", "elapsed": 6136.218914, "delta": 0.004656}}
{"target": -13.757310803710265, "params": {"gamma": 77.8483174663559, "log10_alpha": -3.5016448389259414, "log10_colsample_bytree": -0.3561762405053841, "log10_eta": -2.7244215679881028, "log10_lambda": -1.9942617032079992, "log10_min_child_weight": 3.0565535712777647, "log10_subsample": -0.3436052193884812, "max_depth": 6.0, "num_boost_round": 54.0}, "datetime": {"datetime": "2024-01-19 01:53:36", "elapsed": 6136.223679, "delta": 0.004765}}
{"target": -13.757270169409296, "params": {"gamma": 77.8483174663559, "log10_alpha": -3.5016448389259414, "log10_colsample_bytree": -0.3561762405053841, "log10_eta": -2.7244215679881028, "log10_lambda": -1.9942617032079992, "log10_min_child_weight": 3.0565535712777647, "log10_subsample": -0.3436052193884812, "max_depth": 6.0, "num_boost_round": 55.0}, "datetime": {"datetime": "2024-01-19 01:53:36", "elapsed": 6136.229266, "delta": 0.005587}}
{"target": -13.757246910489117, "params": {"gamma": 77.8483174663559, "log10_alpha": -3.5016448389259414, "log10_colsample_bytree": -0.3561762405053841, "log10_eta": -2.7244215679881028, "log10_lambda": -1.9942617032079992, "log10_min_child_weight": 3.0565535712777647, "log10_subsample": -0.3436052193884812, "max_depth": 6.0, "num_boost_round": 56.0}, "datetime": {"datetime": "2024-01-19 01:53:36", "elapsed": 6136.234403, "delta": 0.005137}}
{"target": -13.75853898153276, "params": {"gamma": 74.27737562142545, "log10_alpha": -4.7703789008990265, "log10_colsample_bytree": -0.905516649537072, "log10_eta": -2.8026036053244834, "log10_lambda": -2.1232627348022577, "log10_min_child_weight": 4.034737385578295, "log10_subsample": -0.972387165844371, "max_depth": 2.0, "num_boost_round": 0.0}, "datetime": {"datetime": "2024-01-19 01:55:03", "elapsed": 6223.718411, "delta": 87.484008}}
{"target": -13.758530405050232, "params": {"gamma": 74.27737562142545, "log10_alpha": -4.7703789008990265, "log10_colsample_bytree": -0.905516649537072, "log10_eta": -2.8026036053244834, "log10_lambda": -2.1232627348022577, "log10_min_child_weight": 4.034737385578295, "log10_subsample": -0.972387165844371, "max_depth": 2.0, "num_boost_round": 1.0}, "datetime": {"datetime": "2024-01-19 01:55:03", "elapsed": 6223.723639, "delta": 0.005228}}
{"target": -13.758538179557748, "params": {"gamma": 74.27737562142545, "log10_alpha": -4.7703789008990265, "log10_colsample_bytree": -0.905516649537072, "log10_eta": -2.8026036053244834, "log10_lambda": -2.1232627348022577, "log10_min_child_weight": 4.034737385578295, "log10_subsample": -0.972387165844371, "max_depth": 2.0, "num_boost_round": 2.0}, "datetime": {"datetime": "2024-01-19 01:55:03", "elapsed": 6223.728479, "delta": 0.00484}}
{"target": -13.758542930854194, "params": {"gamma": 74.27737562142545, "log10_alpha": -4.7703789008990265, "log10_colsample_bytree": -0.905516649537072, "log10_eta": -2.8026036053244834, "log10_lambda": -2.1232627348022577, "log10_min_child_weight": 4.034737385578295, "log10_subsample": -0.972387165844371, "max_depth": 2.0, "num_boost_round": 3.0}, "datetime": {"datetime": "2024-01-19 01:55:03", "elapsed": 6223.733158, "delta": 0.004679}}
{"target": -13.758544803767299, "params": {"gamma": 74.27737562142545, "log10_alpha": -4.7703789008990265, "log10_colsample_bytree": -0.905516649537072, "log10_eta": -2.8026036053244834, "log10_lambda": -2.1232627348022577, "log10_min_child_weight": 4.034737385578295, "log10_subsample": -0.972387165844371, "max_depth": 2.0, "num_boost_round": 4.0}, "datetime": {"datetime": "2024-01-19 01:55:03", "elapsed": 6223.737876, "delta": 0.004718}}
{"target": -13.75855692963373, "params": {"gamma": 74.27737562142545, "log10_alpha": -4.7703789008990265, "log10_colsample_bytree": -0.905516649537072, "log10_eta": -2.8026036053244834, "log10_lambda": -2.1232627348022577, "log10_min_child_weight": 4.034737385578295, "log10_subsample": -0.972387165844371, "max_depth": 2.0, "num_boost_round": 5.0}, "datetime": {"datetime": "2024-01-19 01:55:03", "elapsed": 6223.742572, "delta": 0.004696}}
{"target": -13.758560020365923, "params": {"gamma": 74.27737562142545, "log10_alpha": -4.7703789008990265, "log10_colsample_bytree": -0.905516649537072, "log10_eta": -2.8026036053244834, "log10_lambda": -2.1232627348022577, "log10_min_child_weight": 4.034737385578295, "log10_subsample": -0.972387165844371, "max_depth": 2.0, "num_boost_round": 6.0}, "datetime": {"datetime": "2024-01-19 01:55:03", "elapsed": 6223.747528, "delta": 0.004956}}
{"target": -13.758555639927092, "params": {"gamma": 74.27737562142545, "log10_alpha": -4.7703789008990265, "log10_colsample_bytree": -0.905516649537072, "log10_eta": -2.8026036053244834, "log10_lambda": -2.1232627348022577, "log10_min_child_weight": 4.034737385578295, "log10_subsample": -0.972387165844371, "max_depth": 2.0, "num_boost_round": 7.0}, "datetime": {"datetime": "2024-01-19 01:55:03", "elapsed": 6223.752075, "delta": 0.004547}}
{"target": -13.758559913652359, "params": {"gamma": 74.27737562142545, "log10_alpha": -4.7703789008990265, "log10_colsample_bytree": -0.905516649537072, "log10_eta": -2.8026036053244834, "log10_lambda": -2.1232627348022577, "log10_min_child_weight": 4.034737385578295, "log10_subsample": -0.972387165844371, "max_depth": 2.0, "num_boost_round": 8.0}, "datetime": {"datetime": "2024-01-19 01:55:03", "elapsed": 6223.756845, "delta": 0.00477}}
{"target": -13.758560796672539, "params": {"gamma": 74.27737562142545, "log10_alpha": -4.7703789008990265, "log10_colsample_bytree": -0.905516649537072, "log10_eta": -2.8026036053244834, "log10_lambda": -2.1232627348022577, "log10_min_child_weight": 4.034737385578295, "log10_subsample": -0.972387165844371, "max_depth": 2.0, "num_boost_round": 9.0}, "datetime": {"datetime": "2024-01-19 01:55:03", "elapsed": 6223.761588, "delta": 0.004743}}
{"target": -13.758555808895679, "params": {"gamma": 74.27737562142545, "log10_alpha": -4.7703789008990265, "log10_colsample_bytree": -0.905516649537072, "log10_eta": -2.8026036053244834, "log10_lambda": -2.1232627348022577, "log10_min_child_weight": 4.034737385578295, "log10_subsample": -0.972387165844371, "max_depth": 2.0, "num_boost_round": 10.0}, "datetime": {"datetime": "2024-01-19 01:55:03", "elapsed": 6223.766393, "delta": 0.004805}}
{"target": -13.75854889263115, "params": {"gamma": 74.27737562142545, "log10_alpha": -4.7703789008990265, "log10_colsample_bytree": -0.905516649537072, "log10_eta": -2.8026036053244834, "log10_lambda": -2.1232627348022577, "log10_min_child_weight": 4.034737385578295, "log10_subsample": -0.972387165844371, "max_depth": 2.0, "num_boost_round": 11.0}, "datetime": {"datetime": "2024-01-19 01:55:03", "elapsed": 6223.770962, "delta": 0.004569}}
{"target": -13.758555232481028, "params": {"gamma": 74.27737562142545, "log10_alpha": -4.7703789008990265, "log10_colsample_bytree": -0.905516649537072, "log10_eta": -2.8026036053244834, "log10_lambda": -2.1232627348022577, "log10_min_child_weight": 4.034737385578295, "log10_subsample": -0.972387165844371, "max_depth": 2.0, "num_boost_round": 12.0}, "datetime": {"datetime": "2024-01-19 01:55:03", "elapsed": 6223.775766, "delta": 0.004804}}
{"target": -13.75854275323194, "params": {"gamma": 74.27737562142545, "log10_alpha": -4.7703789008990265, "log10_colsample_bytree": -0.905516649537072, "log10_eta": -2.8026036053244834, "log10_lambda": -2.1232627348022577, "log10_min_child_weight": 4.034737385578295, "log10_subsample": -0.972387165844371, "max_depth": 2.0, "num_boost_round": 13.0}, "datetime": {"datetime": "2024-01-19 01:55:03", "elapsed": 6223.780479, "delta": 0.004713}}
{"target": -13.758542202830565, "params": {"gamma": 74.27737562142545, "log10_alpha": -4.7703789008990265, "log10_colsample_bytree": -0.905516649537072, "log10_eta": -2.8026036053244834, "log10_lambda": -2.1232627348022577, "log10_min_child_weight": 4.034737385578295, "log10_subsample": -0.972387165844371, "max_depth": 2.0, "num_boost_round": 14.0}, "datetime": {"datetime": "2024-01-19 01:55:03", "elapsed": 6223.785502, "delta": 0.005023}}
{"target": -13.758533934072506, "params": {"gamma": 74.27737562142545, "log10_alpha": -4.7703789008990265, "log10_colsample_bytree": -0.905516649537072, "log10_eta": -2.8026036053244834, "log10_lambda": -2.1232627348022577, "log10_min_child_weight": 4.034737385578295, "log10_subsample": -0.972387165844371, "max_depth": 2.0, "num_boost_round": 15.0}, "datetime": {"datetime": "2024-01-19 01:55:03", "elapsed": 6223.790182, "delta": 0.00468}}
{"target": -13.758531445035324, "params": {"gamma": 74.27737562142545, "log10_alpha": -4.7703789008990265, "log10_colsample_bytree": -0.905516649537072, "log10_eta": -2.8026036053244834, "log10_lambda": -2.1232627348022577, "log10_min_child_weight": 4.034737385578295, "log10_subsample": -0.972387165844371, "max_depth": 2.0, "num_boost_round": 16.0}, "datetime": {"datetime": "2024-01-19 01:55:03", "elapsed": 6223.794942, "delta": 0.00476}}
{"target": -13.758540023083718, "params": {"gamma": 74.27737562142545, "log10_alpha": -4.7703789008990265, "log10_colsample_bytree": -0.905516649537072, "log10_eta": -2.8026036053244834, "log10_lambda": -2.1232627348022577, "log10_min_child_weight": 4.034737385578295, "log10_subsample": -0.972387165844371, "max_depth": 2.0, "num_boost_round": 17.0}, "datetime": {"datetime": "2024-01-19 01:55:03", "elapsed": 6223.79961, "delta": 0.004668}}
{"target": -13.758540716280493, "params": {"gamma": 74.27737562142545, "log10_alpha": -4.7703789008990265, "log10_colsample_bytree": -0.905516649537072, "log10_eta": -2.8026036053244834, "log10_lambda": -2.1232627348022577, "log10_min_child_weight": 4.034737385578295, "log10_subsample": -0.972387165844371, "max_depth": 2.0, "num_boost_round": 18.0}, "datetime": {"datetime": "2024-01-19 01:55:03", "elapsed": 6223.804446, "delta": 0.004836}}
{"target": -13.758539728054625, "params": {"gamma": 74.27737562142545, "log10_alpha": -4.7703789008990265, "log10_colsample_bytree": -0.905516649537072, "log10_eta": -2.8026036053244834, "log10_lambda": -2.1232627348022577, "log10_min_child_weight": 4.034737385578295, "log10_subsample": -0.972387165844371, "max_depth": 2.0, "num_boost_round": 19.0}, "datetime": {"datetime": "2024-01-19 01:55:03", "elapsed": 6223.918514, "delta": 0.114068}}
{"target": -13.758544041688928, "params": {"gamma": 74.27737562142545, "log10_alpha": -4.7703789008990265, "log10_colsample_bytree": -0.905516649537072, "log10_eta": -2.8026036053244834, "log10_lambda": -2.1232627348022577, "log10_min_child_weight": 4.034737385578295, "log10_subsample": -0.972387165844371, "max_depth": 2.0, "num_boost_round": 20.0}, "datetime": {"datetime": "2024-01-19 01:55:03", "elapsed": 6223.923927, "delta": 0.005413}}
{"target": -13.758543589654963, "params": {"gamma": 74.27737562142545, "log10_alpha": -4.7703789008990265, "log10_colsample_bytree": -0.905516649537072, "log10_eta": -2.8026036053244834, "log10_lambda": -2.1232627348022577, "log10_min_child_weight": 4.034737385578295, "log10_subsample": -0.972387165844371, "max_depth": 2.0, "num_boost_round": 21.0}, "datetime": {"datetime": "2024-01-19 01:55:03", "elapsed": 6223.928704, "delta": 0.004777}}
{"target": -13.758547622199956, "params": {"gamma": 74.27737562142545, "log10_alpha": -4.7703789008990265, "log10_colsample_bytree": -0.905516649537072, "log10_eta": -2.8026036053244834, "log10_lambda": -2.1232627348022577, "log10_min_child_weight": 4.034737385578295, "log10_subsample": -0.972387165844371, "max_depth": 2.0, "num_boost_round": 22.0}, "datetime": {"datetime": "2024-01-19 01:55:03", "elapsed": 6223.933641, "delta": 0.004937}}
{"target": -13.758547723737149, "params": {"gamma": 74.27737562142545, "log10_alpha": -4.7703789008990265, "log10_colsample_bytree": -0.905516649537072, "log10_eta": -2.8026036053244834, "log10_lambda": -2.1232627348022577, "log10_min_child_weight": 4.034737385578295, "log10_subsample": -0.972387165844371, "max_depth": 2.0, "num_boost_round": 23.0}, "datetime": {"datetime": "2024-01-19 01:55:03", "elapsed": 6223.938226, "delta": 0.004585}}
{"target": -13.758547637189908, "params": {"gamma": 74.27737562142545, "log10_alpha": -4.7703789008990265, "log10_colsample_bytree": -0.905516649537072, "log10_eta": -2.8026036053244834, "log10_lambda": -2.1232627348022577, "log10_min_child_weight": 4.034737385578295, "log10_subsample": -0.972387165844371, "max_depth": 2.0, "num_boost_round": 24.0}, "datetime": {"datetime": "2024-01-19 01:55:03", "elapsed": 6223.942847, "delta": 0.004621}}
{"target": -13.7585464344622, "params": {"gamma": 74.27737562142545, "log10_alpha": -4.7703789008990265, "log10_colsample_bytree": -0.905516649537072, "log10_eta": -2.8026036053244834, "log10_lambda": -2.1232627348022577, "log10_min_child_weight": 4.034737385578295, "log10_subsample": -0.972387165844371, "max_depth": 2.0, "num_boost_round": 25.0}, "datetime": {"datetime": "2024-01-19 01:55:03", "elapsed": 6223.947478, "delta": 0.004631}}
{"target": -13.75854670784782, "params": {"gamma": 74.27737562142545, "log10_alpha": -4.7703789008990265, "log10_colsample_bytree": -0.905516649537072, "log10_eta": -2.8026036053244834, "log10_lambda": -2.1232627348022577, "log10_min_child_weight": 4.034737385578295, "log10_subsample": -0.972387165844371, "max_depth": 2.0, "num_boost_round": 26.0}, "datetime": {"datetime": "2024-01-19 01:55:03", "elapsed": 6223.952344, "delta": 0.004866}}
{"target": -13.758533058374248, "params": {"gamma": 74.27737562142545, "log10_alpha": -4.7703789008990265, "log10_colsample_bytree": -0.905516649537072, "log10_eta": -2.8026036053244834, "log10_lambda": -2.1232627348022577, "log10_min_child_weight": 4.034737385578295, "log10_subsample": -0.972387165844371, "max_depth": 2.0, "num_boost_round": 27.0}, "datetime": {"datetime": "2024-01-19 01:55:03", "elapsed": 6223.957147, "delta": 0.004803}}
{"target": -13.758525638724612, "params": {"gamma": 74.27737562142545, "log10_alpha": -4.7703789008990265, "log10_colsample_bytree": -0.905516649537072, "log10_eta": -2.8026036053244834, "log10_lambda": -2.1232627348022577, "log10_min_child_weight": 4.034737385578295, "log10_subsample": -0.972387165844371, "max_depth": 2.0, "num_boost_round": 28.0}, "datetime": {"datetime": "2024-01-19 01:55:03", "elapsed": 6223.961826, "delta": 0.004679}}
{"target": -13.75852557107345, "params": {"gamma": 74.27737562142545, "log10_alpha": -4.7703789008990265, "log10_colsample_bytree": -0.905516649537072, "log10_eta": -2.8026036053244834, "log10_lambda": -2.1232627348022577, "log10_min_child_weight": 4.034737385578295, "log10_subsample": -0.972387165844371, "max_depth": 2.0, "num_boost_round": 29.0}, "datetime": {"datetime": "2024-01-19 01:55:03", "elapsed": 6223.966632, "delta": 0.004806}}
{"target": -13.758509736034629, "params": {"gamma": 74.27737562142545, "log10_alpha": -4.7703789008990265, "log10_colsample_bytree": -0.905516649537072, "log10_eta": -2.8026036053244834, "log10_lambda": -2.1232627348022577, "log10_min_child_weight": 4.034737385578295, "log10_subsample": -0.972387165844371, "max_depth": 2.0, "num_boost_round": 30.0}, "datetime": {"datetime": "2024-01-19 01:55:03", "elapsed": 6223.971563, "delta": 0.004931}}
{"target": -13.75850536942088, "params": {"gamma": 74.27737562142545, "log10_alpha": -4.7703789008990265, "log10_colsample_bytree": -0.905516649537072, "log10_eta": -2.8026036053244834, "log10_lambda": -2.1232627348022577, "log10_min_child_weight": 4.034737385578295, "log10_subsample": -0.972387165844371, "max_depth": 2.0, "num_boost_round": 31.0}, "datetime": {"datetime": "2024-01-19 01:55:03", "elapsed": 6223.976221, "delta": 0.004658}}
{"target": -13.758502999344048, "params": {"gamma": 74.27737562142545, "log10_alpha": -4.7703789008990265, "log10_colsample_bytree": -0.905516649537072, "log10_eta": -2.8026036053244834, "log10_lambda": -2.1232627348022577, "log10_min_child_weight": 4.034737385578295, "log10_subsample": -0.972387165844371, "max_depth": 2.0, "num_boost_round": 32.0}, "datetime": {"datetime": "2024-01-19 01:55:03", "elapsed": 6223.980909, "delta": 0.004688}}
{"target": -13.758486804277894, "params": {"gamma": 74.27737562142545, "log10_alpha": -4.7703789008990265, "log10_colsample_bytree": -0.905516649537072, "log10_eta": -2.8026036053244834, "log10_lambda": -2.1232627348022577, "log10_min_child_weight": 4.034737385578295, "log10_subsample": -0.972387165844371, "max_depth": 2.0, "num_boost_round": 33.0}, "datetime": {"datetime": "2024-01-19 01:55:03", "elapsed": 6223.985708, "delta": 0.004799}}
{"target": -13.758487464441016, "params": {"gamma": 74.27737562142545, "log10_alpha": -4.7703789008990265, "log10_colsample_bytree": -0.905516649537072, "log10_eta": -2.8026036053244834, "log10_lambda": -2.1232627348022577, "log10_min_child_weight": 4.034737385578295, "log10_subsample": -0.972387165844371, "max_depth": 2.0, "num_boost_round": 34.0}, "datetime": {"datetime": "2024-01-19 01:55:03", "elapsed": 6223.990699, "delta": 0.004991}}
{"target": -13.758485980894099, "params": {"gamma": 74.27737562142545, "log10_alpha": -4.7703789008990265, "log10_colsample_bytree": -0.905516649537072, "log10_eta": -2.8026036053244834, "log10_lambda": -2.1232627348022577, "log10_min_child_weight": 4.034737385578295, "log10_subsample": -0.972387165844371, "max_depth": 2.0, "num_boost_round": 35.0}, "datetime": {"datetime": "2024-01-19 01:55:03", "elapsed": 6223.99537, "delta": 0.004671}}
{"target": -13.758479045099618, "params": {"gamma": 74.27737562142545, "log10_alpha": -4.7703789008990265, "log10_colsample_bytree": -0.905516649537072, "log10_eta": -2.8026036053244834, "log10_lambda": -2.1232627348022577, "log10_min_child_weight": 4.034737385578295, "log10_subsample": -0.972387165844371, "max_depth": 2.0, "num_boost_round": 36.0}, "datetime": {"datetime": "2024-01-19 01:55:04", "elapsed": 6224.000153, "delta": 0.004783}}
{"target": -13.758476986952248, "params": {"gamma": 74.27737562142545, "log10_alpha": -4.7703789008990265, "log10_colsample_bytree": -0.905516649537072, "log10_eta": -2.8026036053244834, "log10_lambda": -2.1232627348022577, "log10_min_child_weight": 4.034737385578295, "log10_subsample": -0.972387165844371, "max_depth": 2.0, "num_boost_round": 37.0}, "datetime": {"datetime": "2024-01-19 01:55:04", "elapsed": 6224.004883, "delta": 0.00473}}
{"target": -13.7584775005219, "params": {"gamma": 74.27737562142545, "log10_alpha": -4.7703789008990265, "log10_colsample_bytree": -0.905516649537072, "log10_eta": -2.8026036053244834, "log10_lambda": -2.1232627348022577, "log10_min_child_weight": 4.034737385578295, "log10_subsample": -0.972387165844371, "max_depth": 2.0, "num_boost_round": 38.0}, "datetime": {"datetime": "2024-01-19 01:55:04", "elapsed": 6224.009791, "delta": 0.004908}}
{"target": -13.758479779090683, "params": {"gamma": 74.27737562142545, "log10_alpha": -4.7703789008990265, "log10_colsample_bytree": -0.905516649537072, "log10_eta": -2.8026036053244834, "log10_lambda": -2.1232627348022577, "log10_min_child_weight": 4.034737385578295, "log10_subsample": -0.972387165844371, "max_depth": 2.0, "num_boost_round": 39.0}, "datetime": {"datetime": "2024-01-19 01:55:04", "elapsed": 6224.014575, "delta": 0.004784}}
{"target": -13.758478229424204, "params": {"gamma": 74.27737562142545, "log10_alpha": -4.7703789008990265, "log10_colsample_bytree": -0.905516649537072, "log10_eta": -2.8026036053244834, "log10_lambda": -2.1232627348022577, "log10_min_child_weight": 4.034737385578295, "log10_subsample": -0.972387165844371, "max_depth": 2.0, "num_boost_round": 40.0}, "datetime": {"datetime": "2024-01-19 01:55:04", "elapsed": 6224.019236, "delta": 0.004661}}
{"target": -13.758480700001712, "params": {"gamma": 74.27737562142545, "log10_alpha": -4.7703789008990265, "log10_colsample_bytree": -0.905516649537072, "log10_eta": -2.8026036053244834, "log10_lambda": -2.1232627348022577, "log10_min_child_weight": 4.034737385578295, "log10_subsample": -0.972387165844371, "max_depth": 2.0, "num_boost_round": 41.0}, "datetime": {"datetime": "2024-01-19 01:55:04", "elapsed": 6224.023947, "delta": 0.004711}}
