{"target": -13.758499364946786, "params": {"gamma": 493.80744856527883, "log10_alpha": -0.8344763639571456, "log10_colsample_bytree": 0.0, "log10_eta": -4.0, "log10_lambda": -4.7190683537810605, "log10_min_child_weight": 0.0, "log10_subsample": -1.0, "max_depth": 2.0, "num_boost_round": 45.0}, "datetime": {"datetime": "2024-01-19 01:32:21", "elapsed": 4845.787884, "delta": 0.005819}}
{"target": -13.75849838895006, "params": {"gamma": 493.80744856527883, "log10_alpha": -0.8344763639571456, "log10_colsample_bytree": 0.0, "log10_eta": -4.0, "log10_lambda": -4.7190683537810605, "log10_min_child_weight": 0.0, "log10_subsample": -1.0, "max_depth": 2.0, "num_boost_round": 46.0}, "datetime": {"datetime": "2024-01-19 01:32:21", "elapsed": 4845.793712, "delta": 0.005828}}
{"target": -13.75849773791913, "params": {"gamma": 493.80744856527883, "log10_alpha": -0.8344763639571456, "log10_colsample_bytree": 0.0, "log10_eta": -4.0, "log10_lambda": -4.7190683537810605, "log10_min_child_weight": 0.0, "log10_subsample": -1.0, "max_depth": 2.0, "num_boost_round": 47.0}, "datetime": {"datetime": "2024-01-19 01:32:21", "elapsed": 4845.799232, "delta": 0.00552}}
{"target": -13.758496680124532, "params": {"gamma": 493.80744856527883, "log10_alpha": -0.8344763639571456, "log10_colsample_bytree": 0.0, "log10_eta": -4.0, "log10_lambda": -4.7190683537810605, "log10_min_child_weight": 0.0, "log10_subsample": -1.0, "max_depth": 2.0, "num_boost_round": 48.0}, "datetime": {"datetime": "2024-01-19 01:32:21", "elapsed": 4845.804744, "delta": 0.005512}}
{"target": -13.758495715730145, "params": {"gamma": 493.80744856527883, "log10_alpha": -0.8344763639571456, "log10_colsample_bytree": 0.0, "log10_eta": -4.0, "log10_lambda": -4.7190683537810605, "log10_min_child_weight": 0.0, "log10_subsample": -1.0, "max_depth": 2.0, "num_boost_round": 49.0}, "datetime": {"datetime": "2024-01-19 01:32:21", "elapsed": 4845.810335, "delta": 0.005591}}
{"target": -13.758495153437636, "params": {"gamma": 493.80744856527883, "log10_alpha": -0.8344763639571456, "log10_colsample_bytree": 0.0, "log10_eta": -4.0, "log10_lambda": -4.7190683537810605, "log10_min_child_weight": 0.0, "log10_subsample": -1.0, "max_depth": 2.0, "num_boost_round": 50.0}, "datetime": {"datetime": "2024-01-19 01:32:21", "elapsed": 4845.815868, "delta": 0.005533}}
{"target": -13.758494236526648, "params": {"gamma": 493.80744856527883, "log10_alpha": -0.8344763639571456, "log10_colsample_bytree": 0.0, "log10_eta": -4.0, "log10_lambda": -4.7190683537810605, "log10_min_child_weight": 0.0, "log10_subsample": -1.0, "max_depth": 2.0, "num_boost_round": 51.0}, "datetime": {"datetime": "2024-01-19 01:32:21", "elapsed": 4845.821494, "delta": 0.005626}}
{"target": -13.758493612213114, "params": {"gamma": 493.80744856527883, "log10_alpha": -0.8344763639571456, "log10_colsample_bytree": 0.0, "log10_eta": -4.0, "log10_lambda": -4.7190683537810605, "log10_min_child_weight": 0.0, "log10_subsample": -1.0, "max_depth": 2.0, "num_boost_round": 52.0}, "datetime": {"datetime": "2024-01-19 01:32:21", "elapsed": 4845.827052, "delta": 0.005558}}
{"target": -13.758492524250567, "params": {"gamma": 493.80744856527883, "log10_alpha": -0.8344763639571456, "log10_colsample_bytree": 0.0, "log10_eta": -4.0, "log10_lambda": -4.7190683537810605, "log10_min_child_weight": 0.0, "log10_subsample": -1.0, "max_depth": 2.0, "num_boost_round": 53.0}, "datetime": {"datetime": "2024-01-19 01:32:21", "elapsed": 4845.832638, "delta": 0.005586}}
{"target": -13.758491587283086, "params": {"gamma": 493.80744856527883, "log10_alpha": -0.8344763639571456, "log10_colsample_bytree": 0.0, "log10_eta": -4.0, "log10_lambda": -4.7190683537810605, "log10_min_child_weight": 0.0, "log10_subsample": -1.0, "max_depth": 2.0, "num_boost_round": 54.0}, "datetime": {"datetime": "2024-01-19 01:32:21", "elapsed": 4845.838309, "delta": 0.005671}}
{"target": -13.758529866068963, "params": {"gamma": 434.5166043483492, "log10_alpha": 0.5004184317140998, "log10_colsample_bytree": -0.7199242664749057, "log10_eta": -3.869444778454558, "log10_lambda": -4.17544725876636, "log10_min_child_weight": 0.05728047191952579, "log10_subsample": -0.3251619458508408, "max_depth": 9.0, "num_boost_round": 0.0}, "datetime": {"datetime": "2024-01-19 01:34:36", "elapsed": 4980.925374, "delta": 135.087065}}
{"target": -13.758523633816488, "params": {"gamma": 434.5166043483492, "log10_alpha": 0.5004184317140998, "log10_colsample_bytree": -0.7199242664749057, "log10_eta": -3.869444778454558, "log10_lambda": -4.17544725876636, "log10_min_child_weight": 0.05728047191952579, "log10_subsample": -0.3251619458508408, "max_depth": 9.0, "num_boost_round": 1.0}, "datetime": {"datetime": "2024-01-19 01:34:36", "elapsed": 4980.931296, "delta": 0.005922}}
{"target": -13.758511715003527, "params": {"gamma": 434.5166043483492, "log10_alpha": 0.5004184317140998, "log10_colsample_bytree": -0.7199242664749057, "log10_eta": -3.869444778454558, "log10_lambda": -4.17544725876636, "log10_min_child_weight": 0.05728047191952579, "log10_subsample": -0.3251619458508408, "max_depth": 9.0, "num_boost_round": 2.0}, "datetime": {"datetime": "2024-01-19 01:34:36", "elapsed": 4980.93701, "delta": 0.005714}}
{"target": -13.758500860672216, "params": {"gamma": 434.5166043483492, "log10_alpha": 0.5004184317140998, "log10_colsample_bytree": -0.7199242664749057, "log10_eta": -3.869444778454558, "log10_lambda": -4.17544725876636, "log10_min_child_weight": 0.05728047191952579, "log10_subsample": -0.3251619458508408, "max_depth": 9.0, "num_boost_round": 3.0}, "datetime": {"datetime": "2024-01-19 01:34:36", "elapsed": 4980.942557, "delta": 0.005547}}
{"target": -13.758497631360882, "params": {"gamma": 434.5166043483492, "log10_alpha": 0.5004184317140998, "log10_colsample_bytree": -0.7199242664749057, "log10_eta": -3.869444778454558, "log10_lambda": -4.17544725876636, "log10_min_child_weight": 0.05728047191952579, "log10_subsample": -0.3251619458508408, "max_depth": 9.0, "num_boost_round": 4.0}, "datetime": {"datetime": "2024-01-19 01:34:36", "elapsed": 4980.948102, "delta": 0.005545}}
{"target": -13.75848841324271, "params": {"gamma": 434.5166043483492, "log10_alpha": 0.5004184317140998, "log10_colsample_bytree": -0.7199242664749057, "log10_eta": -3.869444778454558, "log10_lambda": -4.17544725876636, "log10_min_child_weight": 0.05728047191952579, "log10_subsample": -0.3251619458508408, "max_depth": 9.0, "num_boost_round": 5.0}, "datetime": {"datetime": "2024-01-19 01:34:36", "elapsed": 4980.953396, "delta": 0.005294}}
{"target": -13.758484305734159, "params": {"gamma": 434.5166043483492, "log10_alpha": 0.5004184317140998, "log10_colsample_bytree": -0.7199242664749057, "log10_eta": -3.869444778454558, "log10_lambda": -4.17544725876636, "log10_min_child_weight": 0.05728047191952579, "log10_subsample": -0.3251619458508408, "max_depth": 9.0, "num_boost_round": 6.0}, "datetime": {"datetime": "2024-01-19 01:34:36", "elapsed": 4980.958662, "delta": 0.005266}}
{"target": -13.758477550795964, "params": {"gamma": 434.5166043483492, "log10_alpha": 0.5004184317140998, "log10_colsample_bytree": -0.7199242664749057, "log10_eta": -3.869444778454558, "log10_lambda": -4.17544725876636, "log10_min_child_weight": 0.05728047191952579, "log10_subsample": -0.3251619458508408, "max_depth": 9.0, "num_boost_round": 7.0}, "datetime": {"datetime": "2024-01-19 01:34:36", "elapsed": 4980.96396, "delta": 0.005298}}
{"target": -13.75847026411243, "params": {"gamma": 434.5166043483492, "log10_alpha": 0.5004184317140998, "log10_colsample_bytree": -0.7199242664749057, "log10_eta": -3.869444778454558, "log10_lambda": -4.17544725876636, "log10_min_child_weight": 0.05728047191952579, "log10_subsample": -0.3251619458508408, "max_depth": 9.0, "num_boost_round": 8.0}, "datetime": {"datetime": "2024-01-19 01:34:36", "elapsed": 4980.969259, "delta": 0.005299}}
{"target": -13.758467267487601, "params": {"gamma": 434.5166043483492, "log10_alpha": 0.5004184317140998, "log10_colsample_bytree": -0.7199242664749057, "log10_eta": -3.869444778454558, "log10_lambda": -4.17544725876636, "log10_min_child_weight": 0.05728047191952579, "log10_subsample": -0.3251619458508408, "max_depth": 9.0, "num_boost_round": 9.0}, "datetime": {"datetime": "2024-01-19 01:34:36", "elapsed": 4980.974597, "delta": 0.005338}}
{"target": -13.758461599483107, "params": {"gamma": 434.5166043483492, "log10_alpha": 0.5004184317140998, "log10_colsample_bytree": -0.7199242664749057, "log10_eta": -3.869444778454558, "log10_lambda": -4.17544725876636, "log10_min_child_weight": 0.05728047191952579, "log10_subsample": -0.3251619458508408, "max_depth": 9.0, "num_boost_round": 10.0}, "datetime": {"datetime": "2024-01-19 01:34:36", "elapsed": 4980.979942, "delta": 0.005345}}
{"target": -13.75846380603716, "params": {"gamma": 434.5166043483492, "log10_alpha": 0.5004184317140998, "log10_colsample_bytree": -0.7199242664749057, "log10_eta": -3.869444778454558, "log10_lambda": -4.17544725876636, "log10_min_child_weight": 0.05728047191952579, "log10_subsample": -0.3251619458508408, "max_depth": 9.0, "num_boost_round": 11.0}, "datetime": {"datetime": "2024-01-19 01:34:37", "elapsed": 4980.985265, "delta": 0.005323}}
{"target": -13.758470680752922, "params": {"gamma": 434.5166043483492, "log10_alpha": 0.5004184317140998, "log10_colsample_bytree": -0.7199242664749057, "log10_eta": -3.869444778454558, "log10_lambda": -4.17544725876636, "log10_min_child_weight": 0.05728047191952579, "log10_subsample": -0.3251619458508408, "max_depth": 9.0, "num_boost_round": 12.0}, "datetime": {"datetime": "2024-01-19 01:34:37", "elapsed": 4980.990605, "delta": 0.00534}}
{"target": -13.7584598180191, "params": {"gamma": 434.5166043483492, "log10_alpha": 0.5004184317140998, "log10_colsample_bytree": -0.7199242664749057, "log10_eta": -3.869444778454558, "log10_lambda": -4.17544725876636, "log10_min_child_weight": 0.05728047191952579, "log10_subsample": -0.3251619458508408, "max_depth": 9.0, "num_boost_round": 13.0}, "datetime": {"datetime": "2024-01-19 01:34:37", "elapsed": 4980.995975, "delta": 0.00537}}
{"target": -13.758465994628539, "params": {"gamma": 434.5166043483492, "log10_alpha": 0.5004184317140998, "log10_colsample_bytree": -0.7199242664749057, "log10_eta": -3.869444778454558, "log10_lambda": -4.17544725876636, "log10_min_child_weight": 0.05728047191952579, "log10_subsample": -0.3251619458508408, "max_depth": 9.0, "num_boost_round": 14.0}, "datetime": {"datetime": "2024-01-19 01:34:37", "elapsed": 4981.09816, "delta": 0.102185}}
{"target": -13.758462310720784, "params": {"gamma": 434.5166043483492, "log10_alpha": 0.5004184317140998, "log10_colsample_bytree": -0.7199242664749057, "log10_eta": -3.869444778454558, "log10_lambda": -4.17544725876636, "log10_min_child_weight": 0.05728047191952579, "log10_subsample": -0.3251619458508408, "max_depth": 9.0, "num_boost_round": 15.0}, "datetime": {"datetime": "2024-01-19 01:34:37", "elapsed": 4981.104501, "delta": 0.006341}}
{"target": -13.758464081521405, "params": {"gamma": 434.5166043483492, "log10_alpha": 0.5004184317140998, "log10_colsample_bytree": -0.7199242664749057, "log10_eta": -3.869444778454558, "log10_lambda": -4.17544725876636, "log10_min_child_weight": 0.05728047191952579, "log10_subsample": -0.3251619458508408, "max_depth": 9.0, "num_boost_round": 16.0}, "datetime": {"datetime": "2024-01-19 01:34:37", "elapsed": 4981.109915, "delta": 0.005414}}
{"target": -13.758450769462817, "params": {"gamma": 434.5166043483492, "log10_alpha": 0.5004184317140998, "log10_colsample_bytree": -0.7199242664749057, "log10_eta": -3.869444778454558, "log10_lambda": -4.17544725876636, "log10_min_child_weight": 0.05728047191952579, "log10_subsample": -0.3251619458508408, "max_depth": 9.0, "num_boost_round": 17.0}, "datetime": {"datetime": "2024-01-19 01:34:37", "elapsed": 4981.115264, "delta": 0.005349}}
{"target": -13.758442956670262, "params": {"gamma": 434.5166043483492, "log10_alpha": 0.5004184317140998, "log10_colsample_bytree": -0.7199242664749057, "log10_eta": -3.869444778454558, "log10_lambda": -4.17544725876636, "log10_min_child_weight": 0.05728047191952579, "log10_subsample": -0.3251619458508408, "max_depth": 9.0, "num_boost_round": 18.0}, "datetime": {"datetime": "2024-01-19 01:34:37", "elapsed": 4981.12059, "delta": 0.005326}}
{"target": -13.758447967129781, "params": {"gamma": 434.5166043483492, "log10_alpha": 0.5004184317140998, "log10_colsample_bytree": -0.7199242664749057, "log10_eta": -3.869444778454558, "log10_lambda": -4.17544725876636, "log10_min_child_weight": 0.05728047191952579, "log10_subsample": -0.3251619458508408, "max_depth": 9.0, "num_boost_round": 19.0}, "datetime": {"datetime": "2024-01-19 01:34:37", "elapsed": 4981.125924, "delta": 0.005334}}
{"target": -13.758439548878075, "params": {"gamma": 434.5166043483492, "log10_alpha": 0.5004184317140998, "log10_colsample_bytree": -0.7199242664749057, "log10_eta": -3.869444778454558, "log10_lambda": -4.17544725876636, "log10_min_child_weight": 0.05728047191952579, "log10_subsample": -0.3251619458508408, "max_depth": 9.0, "num_boost_round": 20.0}, "datetime": {"datetime": "2024-01-19 01:34:37", "elapsed": 4981.131325, "delta": 0.005401}}
{"target": -13.758438212695678, "params": {"gamma": 434.5166043483492, "log10_alpha": 0.5004184317140998, "log10_colsample_bytree": -0.7199242664749057, "log10_eta": -3.869444778454558, "log10_lambda": -4.17544725876636, "log10_min_child_weight": 0.05728047191952579, "log10_subsample": -0.3251619458508408, "max_depth": 9.0, "num_boost_round": 21.0}, "datetime": {"datetime": "2024-01-19 01:34:37", "elapsed": 4981.136636, "delta": 0.005311}}
{"target": -13.758426614894095, "params": {"gamma": 434.5166043483492, "log10_alpha": 0.5004184317140998, "log10_colsample_bytree": -0.7199242664749057, "log10_eta": -3.869444778454558, "log10_lambda": -4.17544725876636, "log10_min_child_weight": 0.05728047191952579, "log10_subsample": -0.3251619458508408, "max_depth": 9.0, "num_boost_round": 22.0}, "datetime": {"datetime": "2024-01-19 01:34:37", "elapsed": 4981.142013, "delta": 0.005377}}
{"target": -13.75842087683226, "params": {"gamma": 434.5166043483492, "log10_alpha": 0.5004184317140998, "log10_colsample_bytree": -0.7199242664749057, "log10_eta": -3.869444778454558, "log10_lambda": -4.17544725876636, "log10_min_child_weight": 0.05728047191952579, "log10_subsample": -0.3251619458508408, "max_depth": 9.0, "num_boost_round": 23.0}, "datetime": {"datetime": "2024-01-19 01:34:37", "elapsed": 4981.148166, "delta": 0.006153}}
{"target": -13.758420628462254, "params": {"gamma": 434.5166043483492, "log10_alpha": 0.5004184317140998, "log10_colsample_bytree": -0.7199242664749057, "log10_eta": -3.869444778454558, "log10_lambda": -4.17544725876636, "log10_min_child_weight": 0.05728047191952579, "log10_subsample": -0.3251619458508408, "max_depth": 9.0, "num_boost_round": 24.0}, "datetime": {"datetime": "2024-01-19 01:34:37", "elapsed": 4981.154176, "delta": 0.00601}}
{"target": -13.758417329531259, "params": {"gamma": 434.5166043483492, "log10_alpha": 0.5004184317140998, "log10_colsample_bytree": -0.7199242664749057, "log10_eta": -3.869444778454558, "log10_lambda": -4.17544725876636, "log10_min_child_weight": 0.05728047191952579, "log10_subsample": -0.3251619458508408, "max_depth": 9.0, "num_boost_round": 25.0}, "datetime": {"datetime": "2024-01-19 01:34:37", "elapsed": 4981.16066, "delta": 0.006484}}
{"target": -13.758412949092689, "params": {"gamma": 434.5166043483492, "log10_alpha": 0.5004184317140998, "log10_colsample_bytree": -0.7199242664749057, "log10_eta": -3.869444778454558, "log10_lambda": -4.17544725876636, "log10_min_child_weight": 0.05728047191952579, "log10_subsample": -0.3251619458508408, "max_depth": 9.0, "num_boost_round": 26.0}, "datetime": {"datetime": "2024-01-19 01:34:37", "elapsed": 4981.166649, "delta": 0.005989}}
{"target": -13.758407791919828, "params": {"gamma": 434.5166043483492, "log10_alpha": 0.5004184317140998, "log10_colsample_bytree": -0.7199242664749057, "log10_eta": -3.869444778454558, "log10_lambda": -4.17544725876636, "log10_min_child_weight": 0.05728047191952579, "log10_subsample": -0.3251619458508408, "max_depth": 9.0, "num_boost_round": 27.0}, "datetime": {"datetime": "2024-01-19 01:34:37", "elapsed": 4981.172474, "delta": 0.005825}}
{"target": -13.758395912441085, "params": {"gamma": 434.5166043483492, "log10_alpha": 0.5004184317140998, "log10_colsample_bytree": -0.7199242664749057, "log10_eta": -3.869444778454558, "log10_lambda": -4.17544725876636, "log10_min_child_weight": 0.05728047191952579, "log10_subsample": -0.3251619458508408, "max_depth": 9.0, "num_boost_round": 28.0}, "datetime": {"datetime": "2024-01-19 01:34:37", "elapsed": 4981.178006, "delta": 0.005532}}
{"target": -13.758392914163114, "params": {"gamma": 434.5166043483492, "log10_alpha": 0.5004184317140998, "log10_colsample_bytree": -0.7199242664749057, "log10_eta": -3.869444778454558, "log10_lambda": -4.17544725876636, "log10_min_child_weight": 0.05728047191952579, "log10_subsample": -0.3251619458508408, "max_depth": 9.0, "num_boost_round": 29.0}, "datetime": {"datetime": "2024-01-19 01:34:37", "elapsed": 4981.183385, "delta": 0.005379}}
{"target": -13.758388718949224, "params": {"gamma": 434.5166043483492, "log10_alpha": 0.5004184317140998, "log10_colsample_bytree": -0.7199242664749057, "log10_eta": -3.869444778454558, "log10_lambda": -4.17544725876636, "log10_min_child_weight": 0.05728047191952579, "log10_subsample": -0.3251619458508408, "max_depth": 9.0, "num_boost_round": 30.0}, "datetime": {"datetime": "2024-01-19 01:34:37", "elapsed": 4981.188683, "delta": 0.005298}}
{"target": -13.75838028235213, "params": {"gamma": 434.5166043483492, "log10_alpha": 0.5004184317140998, "log10_colsample_bytree": -0.7199242664749057, "log10_eta": -3.869444778454558, "log10_lambda": -4.17544725876636, "log10_min_child_weight": 0.05728047191952579, "log10_subsample": -0.3251619458508408, "max_depth": 9.0, "num_boost_round": 31.0}, "datetime": {"datetime": "2024-01-19 01:34:37", "elapsed": 4981.19402, "delta": 0.005337}}
{"target": -13.758374005361107, "params": {"gamma": 434.5166043483492, "log10_alpha": 0.5004184317140998, "log10_colsample_bytree": -0.7199242664749057, "log10_eta": -3.869444778454558, "log10_lambda": -4.17544725876636, "log10_min_child_weight": 0.05728047191952579, "log10_subsample": -0.3251619458508408, "max_depth": 9.0, "num_boost_round": 32.0}, "datetime": {"datetime": "2024-01-19 01:34:37", "elapsed": 4981.199343, "delta": 0.005323}}
{"target": -13.758365055305296, "params": {"gamma": 434.5166043483492, "log10_alpha": 0.5004184317140998, "log10_colsample_bytree": -0.7199242664749057, "log10_eta": -3.869444778454558, "log10_lambda": -4.17544725876636, "log10_min_child_weight": 0.05728047191952579, "log10_subsample": -0.3251619458508408, "max_depth": 9.0, "num_boost_round": 33.0}, "datetime": {"datetime": "2024-01-19 01:34:37", "elapsed": 4981.204768, "delta": 0.005425}}
{"target": -13.75836447589742, "params": {"gamma": 434.5166043483492, "log10_alpha": 0.5004184317140998, "log10_colsample_bytree": -0.7199242664749057, "log10_eta": -3.869444778454558, "log10_lambda": -4.17544725876636, "log10_min_child_weight": 0.05728047191952579, "log10_subsample": -0.3251619458508408, "max_depth": 9.0, "num_boost_round": 34.0}, "datetime": {"datetime": "2024-01-19 01:34:37", "elapsed": 4981.210119, "delta": 0.005351}}
{"target": -13.758364932272803, "params": {"gamma": 434.5166043483492, "log10_alpha": 0.5004184317140998, "log10_colsample_bytree": -0.7199242664749057, "log10_eta": -3.869444778454558, "log10_lambda": -4.17544725876636, "log10_min_child_weight": 0.05728047191952579, "log10_subsample": -0.3251619458508408, "max_depth": 9.0, "num_boost_round": 35.0}, "datetime": {"datetime": "2024-01-19 01:34:37", "elapsed": 4981.215567, "delta": 0.005448}}
{"target": -13.758369428305903, "params": {"gamma": 434.5166043483492, "log10_alpha": 0.5004184317140998, "log10_colsample_bytree": -0.7199242664749057, "log10_eta": -3.869444778454558, "log10_lambda": -4.17544725876636, "log10_min_child_weight": 0.05728047191952579, "log10_subsample": -0.3251619458508408, "max_depth": 9.0, "num_boost_round": 36.0}, "datetime": {"datetime": "2024-01-19 01:34:37", "elapsed": 4981.221052, "delta": 0.005485}}
{"target": -13.758359593414008, "params": {"gamma": 434.5166043483492, "log10_alpha": 0.5004184317140998, "log10_colsample_bytree": -0.7199242664749057, "log10_eta": -3.869444778454558, "log10_lambda": -4.17544725876636, "log10_min_child_weight": 0.05728047191952579, "log10_subsample": -0.3251619458508408, "max_depth": 9.0, "num_boost_round": 37.0}, "datetime": {"datetime": "2024-01-19 01:34:37", "elapsed": 4981.226641, "delta": 0.005589}}
{"target": -13.758353717009879, "params": {"gamma": 434.5166043483492, "log10_alpha": 0.5004184317140998, "log10_colsample_bytree": -0.7199242664749057, "log10_eta": -3.869444778454558, "log10_lambda": -4.17544725876636, "log10_min_child_weight": 0.05728047191952579, "log10_subsample": -0.3251619458508408, "max_depth": 9.0, "num_boost_round": 38.0}, "datetime": {"datetime": "2024-01-19 01:34:37", "elapsed": 4981.232221, "delta": 0.00558}}
{"target": -13.758353513028204, "params": {"gamma": 434.5166043483492, "log10_alpha": 0.5004184317140998, "log10_colsample_bytree": -0.7199242664749057, "log10_eta": -3.869444778454558, "log10_lambda": -4.17544725876636, "log10_min_child_weight": 0.05728047191952579, "log10_subsample": -0.3251619458508408, "max_depth": 9.0, "num_boost_round": 39.0}, "datetime": {"datetime": "2024-01-19 01:34:37", "elapsed": 4981.237958, "delta": 0.005737}}
