{"target": -17.67479763339947, "params": {"gamma": 54.75432537321468, "log10_alpha": -0.9386900177160271, "log10_colsample_bytree": -0.672606299904964, "log10_eta": -2.7183354087626372, "log10_lambda": -0.9886762263170361, "log10_min_child_weight": 1.1744121787639799, "log10_subsample": -0.5220341366723695, "max_depth": 4.0, "num_boost_round": 40.0}, "datetime": {"datetime": "2024-01-19 01:18:19", "elapsed": 4052.795753, "delta": 0.003596}}
{"target": -17.674680822216313, "params": {"gamma": 54.75432537321468, "log10_alpha": -0.9386900177160271, "log10_colsample_bytree": -0.672606299904964, "log10_eta": -2.7183354087626372, "log10_lambda": -0.9886762263170361, "log10_min_child_weight": 1.1744121787639799, "log10_subsample": -0.5220341366723695, "max_depth": 4.0, "num_boost_round": 41.0}, "datetime": {"datetime": "2024-01-19 01:18:19", "elapsed": 4052.799364, "delta": 0.003611}}
{"target": -17.67722599108449, "params": {"gamma": 60.558060007917526, "log10_alpha": -4.944570651819893, "log10_colsample_bytree": -0.0657845977002478, "log10_eta": -3.511693439192064, "log10_lambda": -4.842485177292876, "log10_min_child_weight": 3.559318511913003, "log10_subsample": -0.5163180949468374, "max_depth": 2.0, "num_boost_round": 0.0}, "datetime": {"datetime": "2024-01-19 01:19:05", "elapsed": 4099.22043, "delta": 46.421066}}
{"target": -17.677218961298767, "params": {"gamma": 60.558060007917526, "log10_alpha": -4.944570651819893, "log10_colsample_bytree": -0.0657845977002478, "log10_eta": -3.511693439192064, "log10_lambda": -4.842485177292876, "log10_min_child_weight": 3.559318511913003, "log10_subsample": -0.5163180949468374, "max_depth": 2.0, "num_boost_round": 1.0}, "datetime": {"datetime": "2024-01-19 01:19:05", "elapsed": 4099.224926, "delta": 0.004496}}
{"target": -17.67721188803175, "params": {"gamma": 60.558060007917526, "log10_alpha": -4.944570651819893, "log10_colsample_bytree": -0.0657845977002478, "log10_eta": -3.511693439192064, "log10_lambda": -4.842485177292876, "log10_min_child_weight": 3.559318511913003, "log10_subsample": -0.5163180949468374, "max_depth": 2.0, "num_boost_round": 2.0}, "datetime": {"datetime": "2024-01-19 01:19:05", "elapsed": 4099.228684, "delta": 0.003758}}
{"target": -17.67720507576064, "params": {"gamma": 60.558060007917526, "log10_alpha": -4.944570651819893, "log10_colsample_bytree": -0.0657845977002478, "log10_eta": -3.511693439192064, "log10_lambda": -4.842485177292876, "log10_min_child_weight": 3.559318511913003, "log10_subsample": -0.5163180949468374, "max_depth": 2.0, "num_boost_round": 3.0}, "datetime": {"datetime": "2024-01-19 01:19:05", "elapsed": 4099.232339, "delta": 0.003655}}
{"target": -17.677200941203274, "params": {"gamma": 60.558060007917526, "log10_alpha": -4.944570651819893, "log10_colsample_bytree": -0.0657845977002478, "log10_eta": -3.511693439192064, "log10_lambda": -4.842485177292876, "log10_min_child_weight": 3.559318511913003, "log10_subsample": -0.5163180949468374, "max_depth": 2.0, "num_boost_round": 4.0}, "datetime": {"datetime": "2024-01-19 01:19:05", "elapsed": 4099.235951, "delta": 0.003612}}
{"target": -17.6771940529302, "params": {"gamma": 60.558060007917526, "log10_alpha": -4.944570651819893, "log10_colsample_bytree": -0.0657845977002478, "log10_eta": -3.511693439192064, "log10_lambda": -4.842485177292876, "log10_min_child_weight": 3.559318511913003, "log10_subsample": -0.5163180949468374, "max_depth": 2.0, "num_boost_round": 5.0}, "datetime": {"datetime": "2024-01-19 01:19:05", "elapsed": 4099.239471, "delta": 0.00352}}
{"target": -17.677186473091258, "params": {"gamma": 60.558060007917526, "log10_alpha": -4.944570651819893, "log10_colsample_bytree": -0.0657845977002478, "log10_eta": -3.511693439192064, "log10_lambda": -4.842485177292876, "log10_min_child_weight": 3.559318511913003, "log10_subsample": -0.5163180949468374, "max_depth": 2.0, "num_boost_round": 6.0}, "datetime": {"datetime": "2024-01-19 01:19:05", "elapsed": 4099.243016, "delta": 0.003545}}
{"target": -17.677179622521976, "params": {"gamma": 60.558060007917526, "log10_alpha": -4.944570651819893, "log10_colsample_bytree": -0.0657845977002478, "log10_eta": -3.511693439192064, "log10_lambda": -4.842485177292876, "log10_min_child_weight": 3.559318511913003, "log10_subsample": -0.5163180949468374, "max_depth": 2.0, "num_boost_round": 7.0}, "datetime": {"datetime": "2024-01-19 01:19:05", "elapsed": 4099.246671, "delta": 0.003655}}
{"target": -17.677173095645497, "params": {"gamma": 60.558060007917526, "log10_alpha": -4.944570651819893, "log10_colsample_bytree": -0.0657845977002478, "log10_eta": -3.511693439192064, "log10_lambda": -4.842485177292876, "log10_min_child_weight": 3.559318511913003, "log10_subsample": -0.5163180949468374, "max_depth": 2.0, "num_boost_round": 8.0}, "datetime": {"datetime": "2024-01-19 01:19:05", "elapsed": 4099.250116, "delta": 0.003445}}
{"target": -17.67716628690105, "params": {"gamma": 60.558060007917526, "log10_alpha": -4.944570651819893, "log10_colsample_bytree": -0.0657845977002478, "log10_eta": -3.511693439192064, "log10_lambda": -4.842485177292876, "log10_min_child_weight": 3.559318511913003, "log10_subsample": -0.5163180949468374, "max_depth": 2.0, "num_boost_round": 9.0}, "datetime": {"datetime": "2024-01-19 01:19:05", "elapsed": 4099.253773, "delta": 0.003657}}
{"target": -17.67715933936121, "params": {"gamma": 60.558060007917526, "log10_alpha": -4.944570651819893, "log10_colsample_bytree": -0.0657845977002478, "log10_eta": -3.511693439192064, "log10_lambda": -4.842485177292876, "log10_min_child_weight": 3.559318511913003, "log10_subsample": -0.5163180949468374, "max_depth": 2.0, "num_boost_round": 10.0}, "datetime": {"datetime": "2024-01-19 01:19:05", "elapsed": 4099.257445, "delta": 0.003672}}
{"target": -17.67715276823462, "params": {"gamma": 60.558060007917526, "log10_alpha": -4.944570651819893, "log10_colsample_bytree": -0.0657845977002478, "log10_eta": -3.511693439192064, "log10_lambda": -4.842485177292876, "log10_min_child_weight": 3.559318511913003, "log10_subsample": -0.5163180949468374, "max_depth": 2.0, "num_boost_round": 11.0}, "datetime": {"datetime": "2024-01-19 01:19:05", "elapsed": 4099.260956, "delta": 0.003511}}
{"target": -17.677145534710988, "params": {"gamma": 60.558060007917526, "log10_alpha": -4.944570651819893, "log10_colsample_bytree": -0.0657845977002478, "log10_eta": -3.511693439192064, "log10_lambda": -4.842485177292876, "log10_min_child_weight": 3.559318511913003, "log10_subsample": -0.5163180949468374, "max_depth": 2.0, "num_boost_round": 12.0}, "datetime": {"datetime": "2024-01-19 01:19:05", "elapsed": 4099.264466, "delta": 0.00351}}
{"target": -17.677138738746503, "params": {"gamma": 60.558060007917526, "log10_alpha": -4.944570651819893, "log10_colsample_bytree": -0.0657845977002478, "log10_eta": -3.511693439192064, "log10_lambda": -4.842485177292876, "log10_min_child_weight": 3.559318511913003, "log10_subsample": -0.5163180949468374, "max_depth": 2.0, "num_boost_round": 13.0}, "datetime": {"datetime": "2024-01-19 01:19:05", "elapsed": 4099.268222, "delta": 0.003756}}
{"target": -17.677132074452626, "params": {"gamma": 60.558060007917526, "log10_alpha": -4.944570651819893, "log10_colsample_bytree": -0.0657845977002478, "log10_eta": -3.511693439192064, "log10_lambda": -4.842485177292876, "log10_min_child_weight": 3.559318511913003, "log10_subsample": -0.5163180949468374, "max_depth": 2.0, "num_boost_round": 14.0}, "datetime": {"datetime": "2024-01-19 01:19:05", "elapsed": 4099.272026, "delta": 0.003804}}
{"target": -17.677125909035578, "params": {"gamma": 60.558060007917526, "log10_alpha": -4.944570651819893, "log10_colsample_bytree": -0.0657845977002478, "log10_eta": -3.511693439192064, "log10_lambda": -4.842485177292876, "log10_min_child_weight": 3.559318511913003, "log10_subsample": -0.5163180949468374, "max_depth": 2.0, "num_boost_round": 15.0}, "datetime": {"datetime": "2024-01-19 01:19:05", "elapsed": 4099.275583, "delta": 0.003557}}
{"target": -17.67712027821203, "params": {"gamma": 60.558060007917526, "log10_alpha": -4.944570651819893, "log10_colsample_bytree": -0.0657845977002478, "log10_eta": -3.511693439192064, "log10_lambda": -4.842485177292876, "log10_min_child_weight": 3.559318511913003, "log10_subsample": -0.5163180949468374, "max_depth": 2.0, "num_boost_round": 16.0}, "datetime": {"datetime": "2024-01-19 01:19:05", "elapsed": 4099.279171, "delta": 0.003588}}
{"target": -17.6771161073509, "params": {"gamma": 60.558060007917526, "log10_alpha": -4.944570651819893, "log10_colsample_bytree": -0.0657845977002478, "log10_eta": -3.511693439192064, "log10_lambda": -4.842485177292876, "log10_min_child_weight": 3.559318511913003, "log10_subsample": -0.5163180949468374, "max_depth": 2.0, "num_boost_round": 17.0}, "datetime": {"datetime": "2024-01-19 01:19:05", "elapsed": 4099.282716, "delta": 0.003545}}
{"target": -17.677109644153067, "params": {"gamma": 60.558060007917526, "log10_alpha": -4.944570651819893, "log10_colsample_bytree": -0.0657845977002478, "log10_eta": -3.511693439192064, "log10_lambda": -4.842485177292876, "log10_min_child_weight": 3.559318511913003, "log10_subsample": -0.5163180949468374, "max_depth": 2.0, "num_boost_round": 18.0}, "datetime": {"datetime": "2024-01-19 01:19:05", "elapsed": 4099.286392, "delta": 0.003676}}
{"target": -17.677105572784825, "params": {"gamma": 60.558060007917526, "log10_alpha": -4.944570651819893, "log10_colsample_bytree": -0.0657845977002478, "log10_eta": -3.511693439192064, "log10_lambda": -4.842485177292876, "log10_min_child_weight": 3.559318511913003, "log10_subsample": -0.5163180949468374, "max_depth": 2.0, "num_boost_round": 19.0}, "datetime": {"datetime": "2024-01-19 01:19:05", "elapsed": 4099.289916, "delta": 0.003524}}
{"target": -17.677100629449573, "params": {"gamma": 60.558060007917526, "log10_alpha": -4.944570651819893, "log10_colsample_bytree": -0.0657845977002478, "log10_eta": -3.511693439192064, "log10_lambda": -4.842485177292876, "log10_min_child_weight": 3.559318511913003, "log10_subsample": -0.5163180949468374, "max_depth": 2.0, "num_boost_round": 20.0}, "datetime": {"datetime": "2024-01-19 01:19:05", "elapsed": 4099.293627, "delta": 0.003711}}
{"target": -17.677094143063016, "params": {"gamma": 60.558060007917526, "log10_alpha": -4.944570651819893, "log10_colsample_bytree": -0.0657845977002478, "log10_eta": -3.511693439192064, "log10_lambda": -4.842485177292876, "log10_min_child_weight": 3.559318511913003, "log10_subsample": -0.5163180949468374, "max_depth": 2.0, "num_boost_round": 21.0}, "datetime": {"datetime": "2024-01-19 01:19:05", "elapsed": 4099.297216, "delta": 0.003589}}
{"target": -17.67708640232648, "params": {"gamma": 60.558060007917526, "log10_alpha": -4.944570651819893, "log10_colsample_bytree": -0.0657845977002478, "log10_eta": -3.511693439192064, "log10_lambda": -4.842485177292876, "log10_min_child_weight": 3.559318511913003, "log10_subsample": -0.5163180949468374, "max_depth": 2.0, "num_boost_round": 22.0}, "datetime": {"datetime": "2024-01-19 01:19:05", "elapsed": 4099.300757, "delta": 0.003541}}
{"target": -17.677083184139303, "params": {"gamma": 60.558060007917526, "log10_alpha": -4.944570651819893, "log10_colsample_bytree": -0.0657845977002478, "log10_eta": -3.511693439192064, "log10_lambda": -4.842485177292876, "log10_min_child_weight": 3.559318511913003, "log10_subsample": -0.5163180949468374, "max_depth": 2.0, "num_boost_round": 23.0}, "datetime": {"datetime": "2024-01-19 01:19:05", "elapsed": 4099.30448, "delta": 0.003723}}
{"target": -17.677076808959505, "params": {"gamma": 60.558060007917526, "log10_alpha": -4.944570651819893, "log10_colsample_bytree": -0.0657845977002478, "log10_eta": -3.511693439192064, "log10_lambda": -4.842485177292876, "log10_min_child_weight": 3.559318511913003, "log10_subsample": -0.5163180949468374, "max_depth": 2.0, "num_boost_round": 24.0}, "datetime": {"datetime": "2024-01-19 01:19:05", "elapsed": 4099.308238, "delta": 0.003758}}
{"target": -17.67707013819726, "params": {"gamma": 60.558060007917526, "log10_alpha": -4.944570651819893, "log10_colsample_bytree": -0.0657845977002478, "log10_eta": -3.511693439192064, "log10_lambda": -4.842485177292876, "log10_min_child_weight": 3.559318511913003, "log10_subsample": -0.5163180949468374, "max_depth": 2.0, "num_boost_round": 25.0}, "datetime": {"datetime": "2024-01-19 01:19:05", "elapsed": 4099.311964, "delta": 0.003726}}
{"target": -17.677062360014045, "params": {"gamma": 60.558060007917526, "log10_alpha": -4.944570651819893, "log10_colsample_bytree": -0.0657845977002478, "log10_eta": -3.511693439192064, "log10_lambda": -4.842485177292876, "log10_min_child_weight": 3.559318511913003, "log10_subsample": -0.5163180949468374, "max_depth": 2.0, "num_boost_round": 26.0}, "datetime": {"datetime": "2024-01-19 01:19:05", "elapsed": 4099.315676, "delta": 0.003712}}
{"target": -17.67705364049076, "params": {"gamma": 60.558060007917526, "log10_alpha": -4.944570651819893, "log10_colsample_bytree": -0.0657845977002478, "log10_eta": -3.511693439192064, "log10_lambda": -4.842485177292876, "log10_min_child_weight": 3.559318511913003, "log10_subsample": -0.5163180949468374, "max_depth": 2.0, "num_boost_round": 27.0}, "datetime": {"datetime": "2024-01-19 01:19:05", "elapsed": 4099.319351, "delta": 0.003675}}
{"target": -17.67704612045791, "params": {"gamma": 60.558060007917526, "log10_alpha": -4.944570651819893, "log10_colsample_bytree": -0.0657845977002478, "log10_eta": -3.511693439192064, "log10_lambda": -4.842485177292876, "log10_min_child_weight": 3.559318511913003, "log10_subsample": -0.5163180949468374, "max_depth": 2.0, "num_boost_round": 28.0}, "datetime": {"datetime": "2024-01-19 01:19:05", "elapsed": 4099.322872, "delta": 0.003521}}
{"target": -17.677039578824616, "params": {"gamma": 60.558060007917526, "log10_alpha": -4.944570651819893, "log10_colsample_bytree": -0.0657845977002478, "log10_eta": -3.511693439192064, "log10_lambda": -4.842485177292876, "log10_min_child_weight": 3.559318511913003, "log10_subsample": -0.5163180949468374, "max_depth": 2.0, "num_boost_round": 29.0}, "datetime": {"datetime": "2024-01-19 01:19:05", "elapsed": 4099.326435, "delta": 0.003563}}
{"target": -17.677033048613026, "params": {"gamma": 60.558060007917526, "log10_alpha": -4.944570651819893, "log10_colsample_bytree": -0.0657845977002478, "log10_eta": -3.511693439192064, "log10_lambda": -4.842485177292876, "log10_min_child_weight": 3.559318511913003, "log10_subsample": -0.5163180949468374, "max_depth": 2.0, "num_boost_round": 30.0}, "datetime": {"datetime": "2024-01-19 01:19:05", "elapsed": 4099.329987, "delta": 0.003552}}
{"target": -17.67702657121486, "params": {"gamma": 60.558060007917526, "log10_alpha": -4.944570651819893, "log10_colsample_bytree": -0.0657845977002478, "log10_eta": -3.511693439192064, "log10_lambda": -4.842485177292876, "log10_min_child_weight": 3.559318511913003, "log10_subsample": -0.5163180949468374, "max_depth": 2.0, "num_boost_round": 31.0}, "datetime": {"datetime": "2024-01-19 01:19:05", "elapsed": 4099.333515, "delta": 0.003528}}
{"target": -17.67701976915323, "params": {"gamma": 60.558060007917526, "log10_alpha": -4.944570651819893, "log10_colsample_bytree": -0.0657845977002478, "log10_eta": -3.511693439192064, "log10_lambda": -4.842485177292876, "log10_min_child_weight": 3.559318511913003, "log10_subsample": -0.5163180949468374, "max_depth": 2.0, "num_boost_round": 32.0}, "datetime": {"datetime": "2024-01-19 01:19:05", "elapsed": 4099.337073, "delta": 0.003558}}
{"target": -17.677013404251326, "params": {"gamma": 60.558060007917526, "log10_alpha": -4.944570651819893, "log10_colsample_bytree": -0.0657845977002478, "log10_eta": -3.511693439192064, "log10_lambda": -4.842485177292876, "log10_min_child_weight": 3.559318511913003, "log10_subsample": -0.5163180949468374, "max_depth": 2.0, "num_boost_round": 33.0}, "datetime": {"datetime": "2024-01-19 01:19:05", "elapsed": 4099.340635, "delta": 0.003562}}
{"target": -17.67700655769514, "params": {"gamma": 60.558060007917526, "log10_alpha": -4.944570651819893, "log10_colsample_bytree": -0.0657845977002478, "log10_eta": -3.511693439192064, "log10_lambda": -4.842485177292876, "log10_min_child_weight": 3.559318511913003, "log10_subsample": -0.5163180949468374, "max_depth": 2.0, "num_boost_round": 34.0}, "datetime": {"datetime": "2024-01-19 01:19:05", "elapsed": 4099.3442, "delta": 0.003565}}
{"target": -17.677000329553405, "params": {"gamma": 60.558060007917526, "log10_alpha": -4.944570651819893, "log10_colsample_bytree": -0.0657845977002478, "log10_eta": -3.511693439192064, "log10_lambda": -4.842485177292876, "log10_min_child_weight": 3.559318511913003, "log10_subsample": -0.5163180949468374, "max_depth": 2.0, "num_boost_round": 35.0}, "datetime": {"datetime": "2024-01-19 01:19:05", "elapsed": 4099.347775, "delta": 0.003575}}
{"target": -17.67699363365952, "params": {"gamma": 60.558060007917526, "log10_alpha": -4.944570651819893, "log10_colsample_bytree": -0.0657845977002478, "log10_eta": -3.511693439192064, "log10_lambda": -4.842485177292876, "log10_min_child_weight": 3.559318511913003, "log10_subsample": -0.5163180949468374, "max_depth": 2.0, "num_boost_round": 36.0}, "datetime": {"datetime": "2024-01-19 01:19:05", "elapsed": 4099.351384, "delta": 0.003609}}
{"target": -17.676986985832954, "params": {"gamma": 60.558060007917526, "log10_alpha": -4.944570651819893, "log10_colsample_bytree": -0.0657845977002478, "log10_eta": -3.511693439192064, "log10_lambda": -4.842485177292876, "log10_min_child_weight": 3.559318511913003, "log10_subsample": -0.5163180949468374, "max_depth": 2.0, "num_boost_round": 37.0}, "datetime": {"datetime": "2024-01-19 01:19:05", "elapsed": 4099.356457, "delta": 0.005073}}
{"target": -17.67723208145909, "params": {"gamma": 52.02636694094653, "log10_alpha": -1.2032113763367924, "log10_colsample_bytree": -0.1710771398924511, "log10_eta": -3.7785739542287446, "log10_lambda": -0.5142819781617849, "log10_min_child_weight": 1.0053040461829714, "log10_subsample": -0.17322554577205318, "max_depth": 9.0, "num_boost_round": 0.0}, "datetime": {"datetime": "2024-01-19 01:19:45", "elapsed": 4138.83593, "delta": 39.479473}}
{"target": -17.677236745301126, "params": {"gamma": 52.02636694094653, "log10_alpha": -1.2032113763367924, "log10_colsample_bytree": -0.1710771398924511, "log10_eta": -3.7785739542287446, "log10_lambda": -0.5142819781617849, "log10_min_child_weight": 1.0053040461829714, "log10_subsample": -0.17322554577205318, "max_depth": 9.0, "num_boost_round": 1.0}, "datetime": {"datetime": "2024-01-19 01:19:45", "elapsed": 4138.840089, "delta": 0.004159}}
{"target": -17.677220732544214, "params": {"gamma": 52.02636694094653, "log10_alpha": -1.2032113763367924, "log10_colsample_bytree": -0.1710771398924511, "log10_eta": -3.7785739542287446, "log10_lambda": -0.5142819781617849, "log10_min_child_weight": 1.0053040461829714, "log10_subsample": -0.17322554577205318, "max_depth": 9.0, "num_boost_round": 2.0}, "datetime": {"datetime": "2024-01-19 01:19:45", "elapsed": 4138.843672, "delta": 0.003583}}
{"target": -17.677205716529272, "params": {"gamma": 52.02636694094653, "log10_alpha": -1.2032113763367924, "log10_colsample_bytree": -0.1710771398924511, "log10_eta": -3.7785739542287446, "log10_lambda": -0.5142819781617849, "log10_min_child_weight": 1.0053040461829714, "log10_subsample": -0.17322554577205318, "max_depth": 9.0, "num_boost_round": 3.0}, "datetime": {"datetime": "2024-01-19 01:19:45", "elapsed": 4138.847219, "delta": 0.003547}}
{"target": -17.677193257288106, "params": {"gamma": 52.02636694094653, "log10_alpha": -1.2032113763367924, "log10_colsample_bytree": -0.1710771398924511, "log10_eta": -3.7785739542287446, "log10_lambda": -0.5142819781617849, "log10_min_child_weight": 1.0053040461829714, "log10_subsample": -0.17322554577205318, "max_depth": 9.0, "num_boost_round": 4.0}, "datetime": {"datetime": "2024-01-19 01:19:45", "elapsed": 4138.850734, "delta": 0.003515}}
{"target": -17.677174004329345, "params": {"gamma": 52.02636694094653, "log10_alpha": -1.2032113763367924, "log10_colsample_bytree": -0.1710771398924511, "log10_eta": -3.7785739542287446, "log10_lambda": -0.5142819781617849, "log10_min_child_weight": 1.0053040461829714, "log10_subsample": -0.17322554577205318, "max_depth": 9.0, "num_boost_round": 5.0}, "datetime": {"datetime": "2024-01-19 01:19:45", "elapsed": 4138.85434, "delta": 0.003606}}
{"target": -17.677168263400343, "params": {"gamma": 52.02636694094653, "log10_alpha": -1.2032113763367924, "log10_colsample_bytree": -0.1710771398924511, "log10_eta": -3.7785739542287446, "log10_lambda": -0.5142819781617849, "log10_min_child_weight": 1.0053040461829714, "log10_subsample": -0.17322554577205318, "max_depth": 9.0, "num_boost_round": 6.0}, "datetime": {"datetime": "2024-01-19 01:19:45", "elapsed": 4138.857828, "delta": 0.003488}}
{"target": -17.677161779754044, "params": {"gamma": 52.02636694094653, "log10_alpha": -1.2032113763367924, "log10_colsample_bytree": -0.1710771398924511, "log10_eta": -3.7785739542287446, "log10_lambda": -0.5142819781617849, "log10_min_child_weight": 1.0053040461829714, "log10_subsample": -0.17322554577205318, "max_depth": 9.0, "num_boost_round": 7.0}, "datetime": {"datetime": "2024-01-19 01:19:45", "elapsed": 4138.861312, "delta": 0.003484}}
{"target": -17.67715557489379, "params": {"gamma": 52.02636694094653, "log10_alpha": -1.2032113763367924, "log10_colsample_bytree": -0.1710771398924511, "log10_eta": -3.7785739542287446, "log10_lambda": -0.5142819781617849, "log10_min_child_weight": 1.0053040461829714, "log10_subsample": -0.17322554577205318, "max_depth": 9.0, "num_boost_round": 8.0}, "datetime": {"datetime": "2024-01-19 01:19:45", "elapsed": 4138.864847, "delta": 0.003535}}
