{"target": -13.75578105276181, "params": {"gamma": 418.0253256598596, "log10_alpha": 0.9682301645462825, "log10_colsample_bytree": -0.6287571324481847, "log10_eta": -2.103017147542216, "log10_lambda": -3.9441439666382667, "log10_min_child_weight": 1.4903625371993128, "log10_subsample": -0.4399756158969077, "max_depth": 4.0, "num_boost_round": 26.0}, "datetime": {"datetime": "2024-01-19 00:13:00", "elapsed": 83.532674, "delta": 0.00043}}
{"target": -13.755720073061534, "params": {"gamma": 418.0253256598596, "log10_alpha": 0.9682301645462825, "log10_colsample_bytree": -0.6287571324481847, "log10_eta": -2.103017147542216, "log10_lambda": -3.9441439666382667, "log10_min_child_weight": 1.4903625371993128, "log10_subsample": -0.4399756158969077, "max_depth": 4.0, "num_boost_round": 27.0}, "datetime": {"datetime": "2024-01-19 00:13:00", "elapsed": 83.533109, "delta": 0.000435}}
{"target": -13.755570943228186, "params": {"gamma": 418.0253256598596, "log10_alpha": 0.9682301645462825, "log10_colsample_bytree": -0.6287571324481847, "log10_eta": -2.103017147542216, "log10_lambda": -3.9441439666382667, "log10_min_child_weight": 1.4903625371993128, "log10_subsample": -0.4399756158969077, "max_depth": 4.0, "num_boost_round": 28.0}, "datetime": {"datetime": "2024-01-19 00:13:00", "elapsed": 83.533543, "delta": 0.000434}}
{"target": -13.755675252730372, "params": {"gamma": 418.0253256598596, "log10_alpha": 0.9682301645462825, "log10_colsample_bytree": -0.6287571324481847, "log10_eta": -2.103017147542216, "log10_lambda": -3.9441439666382667, "log10_min_child_weight": 1.4903625371993128, "log10_subsample": -0.4399756158969077, "max_depth": 4.0, "num_boost_round": 29.0}, "datetime": {"datetime": "2024-01-19 00:13:00", "elapsed": 83.533987, "delta": 0.000444}}
{"target": -13.75556077029815, "params": {"gamma": 418.0253256598596, "log10_alpha": 0.9682301645462825, "log10_colsample_bytree": -0.6287571324481847, "log10_eta": -2.103017147542216, "log10_lambda": -3.9441439666382667, "log10_min_child_weight": 1.4903625371993128, "log10_subsample": -0.4399756158969077, "max_depth": 4.0, "num_boost_round": 30.0}, "datetime": {"datetime": "2024-01-19 00:13:00", "elapsed": 83.534422, "delta": 0.000435}}
{"target": -13.755298515353564, "params": {"gamma": 418.0253256598596, "log10_alpha": 0.9682301645462825, "log10_colsample_bytree": -0.6287571324481847, "log10_eta": -2.103017147542216, "log10_lambda": -3.9441439666382667, "log10_min_child_weight": 1.4903625371993128, "log10_subsample": -0.4399756158969077, "max_depth": 4.0, "num_boost_round": 31.0}, "datetime": {"datetime": "2024-01-19 00:13:00", "elapsed": 83.534865, "delta": 0.000443}}
{"target": -13.755248864735726, "params": {"gamma": 418.0253256598596, "log10_alpha": 0.9682301645462825, "log10_colsample_bytree": -0.6287571324481847, "log10_eta": -2.103017147542216, "log10_lambda": -3.9441439666382667, "log10_min_child_weight": 1.4903625371993128, "log10_subsample": -0.4399756158969077, "max_depth": 4.0, "num_boost_round": 32.0}, "datetime": {"datetime": "2024-01-19 00:13:00", "elapsed": 83.5353, "delta": 0.000435}}
{"target": -13.755275475032668, "params": {"gamma": 418.0253256598596, "log10_alpha": 0.9682301645462825, "log10_colsample_bytree": -0.6287571324481847, "log10_eta": -2.103017147542216, "log10_lambda": -3.9441439666382667, "log10_min_child_weight": 1.4903625371993128, "log10_subsample": -0.4399756158969077, "max_depth": 4.0, "num_boost_round": 33.0}, "datetime": {"datetime": "2024-01-19 00:13:00", "elapsed": 83.535743, "delta": 0.000443}}
{"target": -13.755316022774279, "params": {"gamma": 418.0253256598596, "log10_alpha": 0.9682301645462825, "log10_colsample_bytree": -0.6287571324481847, "log10_eta": -2.103017147542216, "log10_lambda": -3.9441439666382667, "log10_min_child_weight": 1.4903625371993128, "log10_subsample": -0.4399756158969077, "max_depth": 4.0, "num_boost_round": 34.0}, "datetime": {"datetime": "2024-01-19 00:13:00", "elapsed": 83.536181, "delta": 0.000438}}
{"target": -13.755278590561348, "params": {"gamma": 418.0253256598596, "log10_alpha": 0.9682301645462825, "log10_colsample_bytree": -0.6287571324481847, "log10_eta": -2.103017147542216, "log10_lambda": -3.9441439666382667, "log10_min_child_weight": 1.4903625371993128, "log10_subsample": -0.4399756158969077, "max_depth": 4.0, "num_boost_round": 35.0}, "datetime": {"datetime": "2024-01-19 00:13:00", "elapsed": 83.536628, "delta": 0.000447}}
{"target": -13.755366160704414, "params": {"gamma": 418.0253256598596, "log10_alpha": 0.9682301645462825, "log10_colsample_bytree": -0.6287571324481847, "log10_eta": -2.103017147542216, "log10_lambda": -3.9441439666382667, "log10_min_child_weight": 1.4903625371993128, "log10_subsample": -0.4399756158969077, "max_depth": 4.0, "num_boost_round": 36.0}, "datetime": {"datetime": "2024-01-19 00:13:00", "elapsed": 83.537068, "delta": 0.00044}}
{"target": -13.755460806324269, "params": {"gamma": 418.0253256598596, "log10_alpha": 0.9682301645462825, "log10_colsample_bytree": -0.6287571324481847, "log10_eta": -2.103017147542216, "log10_lambda": -3.9441439666382667, "log10_min_child_weight": 1.4903625371993128, "log10_subsample": -0.4399756158969077, "max_depth": 4.0, "num_boost_round": 37.0}, "datetime": {"datetime": "2024-01-19 00:13:00", "elapsed": 83.537513, "delta": 0.000445}}
{"target": -13.755318084505829, "params": {"gamma": 418.0253256598596, "log10_alpha": 0.9682301645462825, "log10_colsample_bytree": -0.6287571324481847, "log10_eta": -2.103017147542216, "log10_lambda": -3.9441439666382667, "log10_min_child_weight": 1.4903625371993128, "log10_subsample": -0.4399756158969077, "max_depth": 4.0, "num_boost_round": 38.0}, "datetime": {"datetime": "2024-01-19 00:13:00", "elapsed": 83.537964, "delta": 0.000451}}
{"target": -13.755231137484602, "params": {"gamma": 418.0253256598596, "log10_alpha": 0.9682301645462825, "log10_colsample_bytree": -0.6287571324481847, "log10_eta": -2.103017147542216, "log10_lambda": -3.9441439666382667, "log10_min_child_weight": 1.4903625371993128, "log10_subsample": -0.4399756158969077, "max_depth": 4.0, "num_boost_round": 39.0}, "datetime": {"datetime": "2024-01-19 00:13:00", "elapsed": 83.538415, "delta": 0.000451}}
{"target": -13.755366948966287, "params": {"gamma": 418.0253256598596, "log10_alpha": 0.9682301645462825, "log10_colsample_bytree": -0.6287571324481847, "log10_eta": -2.103017147542216, "log10_lambda": -3.9441439666382667, "log10_min_child_weight": 1.4903625371993128, "log10_subsample": -0.4399756158969077, "max_depth": 4.0, "num_boost_round": 40.0}, "datetime": {"datetime": "2024-01-19 00:13:00", "elapsed": 83.538868, "delta": 0.000453}}
{"target": -13.755281051565852, "params": {"gamma": 418.0253256598596, "log10_alpha": 0.9682301645462825, "log10_colsample_bytree": -0.6287571324481847, "log10_eta": -2.103017147542216, "log10_lambda": -3.9441439666382667, "log10_min_child_weight": 1.4903625371993128, "log10_subsample": -0.4399756158969077, "max_depth": 4.0, "num_boost_round": 41.0}, "datetime": {"datetime": "2024-01-19 00:13:00", "elapsed": 83.539387, "delta": 0.000519}}
{"target": -13.755150003221502, "params": {"gamma": 418.0253256598596, "log10_alpha": 0.9682301645462825, "log10_colsample_bytree": -0.6287571324481847, "log10_eta": -2.103017147542216, "log10_lambda": -3.9441439666382667, "log10_min_child_weight": 1.4903625371993128, "log10_subsample": -0.4399756158969077, "max_depth": 4.0, "num_boost_round": 42.0}, "datetime": {"datetime": "2024-01-19 00:13:00", "elapsed": 83.53985, "delta": 0.000463}}
{"target": -13.755060581737915, "params": {"gamma": 418.0253256598596, "log10_alpha": 0.9682301645462825, "log10_colsample_bytree": -0.6287571324481847, "log10_eta": -2.103017147542216, "log10_lambda": -3.9441439666382667, "log10_min_child_weight": 1.4903625371993128, "log10_subsample": -0.4399756158969077, "max_depth": 4.0, "num_boost_round": 43.0}, "datetime": {"datetime": "2024-01-19 00:13:00", "elapsed": 83.5403, "delta": 0.00045}}
{"target": -13.754967642022189, "params": {"gamma": 418.0253256598596, "log10_alpha": 0.9682301645462825, "log10_colsample_bytree": -0.6287571324481847, "log10_eta": -2.103017147542216, "log10_lambda": -3.9441439666382667, "log10_min_child_weight": 1.4903625371993128, "log10_subsample": -0.4399756158969077, "max_depth": 4.0, "num_boost_round": 44.0}, "datetime": {"datetime": "2024-01-19 00:13:00", "elapsed": 83.540758, "delta": 0.000458}}
{"target": -13.755470399608797, "params": {"gamma": 418.0253256598596, "log10_alpha": 0.9682301645462825, "log10_colsample_bytree": -0.6287571324481847, "log10_eta": -2.103017147542216, "log10_lambda": -3.9441439666382667, "log10_min_child_weight": 1.4903625371993128, "log10_subsample": -0.4399756158969077, "max_depth": 4.0, "num_boost_round": 45.0}, "datetime": {"datetime": "2024-01-19 00:13:00", "elapsed": 83.541215, "delta": 0.000457}}
{"target": -13.755449882004394, "params": {"gamma": 418.0253256598596, "log10_alpha": 0.9682301645462825, "log10_colsample_bytree": -0.6287571324481847, "log10_eta": -2.103017147542216, "log10_lambda": -3.9441439666382667, "log10_min_child_weight": 1.4903625371993128, "log10_subsample": -0.4399756158969077, "max_depth": 4.0, "num_boost_round": 46.0}, "datetime": {"datetime": "2024-01-19 00:13:00", "elapsed": 83.541675, "delta": 0.00046}}
{"target": -13.755252938559245, "params": {"gamma": 418.0253256598596, "log10_alpha": 0.9682301645462825, "log10_colsample_bytree": -0.6287571324481847, "log10_eta": -2.103017147542216, "log10_lambda": -3.9441439666382667, "log10_min_child_weight": 1.4903625371993128, "log10_subsample": -0.4399756158969077, "max_depth": 4.0, "num_boost_round": 47.0}, "datetime": {"datetime": "2024-01-19 00:13:00", "elapsed": 83.542131, "delta": 0.000456}}
{"target": -13.75528807052889, "params": {"gamma": 418.0253256598596, "log10_alpha": 0.9682301645462825, "log10_colsample_bytree": -0.6287571324481847, "log10_eta": -2.103017147542216, "log10_lambda": -3.9441439666382667, "log10_min_child_weight": 1.4903625371993128, "log10_subsample": -0.4399756158969077, "max_depth": 4.0, "num_boost_round": 48.0}, "datetime": {"datetime": "2024-01-19 00:13:00", "elapsed": 83.542594, "delta": 0.000463}}
{"target": -13.755059454655242, "params": {"gamma": 418.0253256598596, "log10_alpha": 0.9682301645462825, "log10_colsample_bytree": -0.6287571324481847, "log10_eta": -2.103017147542216, "log10_lambda": -3.9441439666382667, "log10_min_child_weight": 1.4903625371993128, "log10_subsample": -0.4399756158969077, "max_depth": 4.0, "num_boost_round": 49.0}, "datetime": {"datetime": "2024-01-19 00:13:00", "elapsed": 83.543048, "delta": 0.000454}}
{"target": -13.755395873199884, "params": {"gamma": 418.0253256598596, "log10_alpha": 0.9682301645462825, "log10_colsample_bytree": -0.6287571324481847, "log10_eta": -2.103017147542216, "log10_lambda": -3.9441439666382667, "log10_min_child_weight": 1.4903625371993128, "log10_subsample": -0.4399756158969077, "max_depth": 4.0, "num_boost_round": 50.0}, "datetime": {"datetime": "2024-01-19 00:13:00", "elapsed": 83.543512, "delta": 0.000464}}
{"target": -13.755590065537662, "params": {"gamma": 418.0253256598596, "log10_alpha": 0.9682301645462825, "log10_colsample_bytree": -0.6287571324481847, "log10_eta": -2.103017147542216, "log10_lambda": -3.9441439666382667, "log10_min_child_weight": 1.4903625371993128, "log10_subsample": -0.4399756158969077, "max_depth": 4.0, "num_boost_round": 51.0}, "datetime": {"datetime": "2024-01-19 00:13:00", "elapsed": 83.543971, "delta": 0.000459}}
{"target": -13.755672374101035, "params": {"gamma": 418.0253256598596, "log10_alpha": 0.9682301645462825, "log10_colsample_bytree": -0.6287571324481847, "log10_eta": -2.103017147542216, "log10_lambda": -3.9441439666382667, "log10_min_child_weight": 1.4903625371993128, "log10_subsample": -0.4399756158969077, "max_depth": 4.0, "num_boost_round": 52.0}, "datetime": {"datetime": "2024-01-19 00:13:00", "elapsed": 83.544427, "delta": 0.000456}}
{"target": -13.755488098918015, "params": {"gamma": 418.0253256598596, "log10_alpha": 0.9682301645462825, "log10_colsample_bytree": -0.6287571324481847, "log10_eta": -2.103017147542216, "log10_lambda": -3.9441439666382667, "log10_min_child_weight": 1.4903625371993128, "log10_subsample": -0.4399756158969077, "max_depth": 4.0, "num_boost_round": 53.0}, "datetime": {"datetime": "2024-01-19 00:13:00", "elapsed": 83.544897, "delta": 0.00047}}
{"target": -13.755416092224786, "params": {"gamma": 418.0253256598596, "log10_alpha": 0.9682301645462825, "log10_colsample_bytree": -0.6287571324481847, "log10_eta": -2.103017147542216, "log10_lambda": -3.9441439666382667, "log10_min_child_weight": 1.4903625371993128, "log10_subsample": -0.4399756158969077, "max_depth": 4.0, "num_boost_round": 54.0}, "datetime": {"datetime": "2024-01-19 00:13:00", "elapsed": 83.545363, "delta": 0.000466}}
{"target": -13.755504575276818, "params": {"gamma": 418.0253256598596, "log10_alpha": 0.9682301645462825, "log10_colsample_bytree": -0.6287571324481847, "log10_eta": -2.103017147542216, "log10_lambda": -3.9441439666382667, "log10_min_child_weight": 1.4903625371993128, "log10_subsample": -0.4399756158969077, "max_depth": 4.0, "num_boost_round": 55.0}, "datetime": {"datetime": "2024-01-19 00:13:00", "elapsed": 83.545836, "delta": 0.000473}}
{"target": -13.755633486545763, "params": {"gamma": 418.0253256598596, "log10_alpha": 0.9682301645462825, "log10_colsample_bytree": -0.6287571324481847, "log10_eta": -2.103017147542216, "log10_lambda": -3.9441439666382667, "log10_min_child_weight": 1.4903625371993128, "log10_subsample": -0.4399756158969077, "max_depth": 4.0, "num_boost_round": 56.0}, "datetime": {"datetime": "2024-01-19 00:13:00", "elapsed": 83.54631, "delta": 0.000474}}
{"target": -13.755450649749065, "params": {"gamma": 418.0253256598596, "log10_alpha": 0.9682301645462825, "log10_colsample_bytree": -0.6287571324481847, "log10_eta": -2.103017147542216, "log10_lambda": -3.9441439666382667, "log10_min_child_weight": 1.4903625371993128, "log10_subsample": -0.4399756158969077, "max_depth": 4.0, "num_boost_round": 57.0}, "datetime": {"datetime": "2024-01-19 00:13:00", "elapsed": 83.546784, "delta": 0.000474}}
{"target": -13.755338996567069, "params": {"gamma": 418.0253256598596, "log10_alpha": 0.9682301645462825, "log10_colsample_bytree": -0.6287571324481847, "log10_eta": -2.103017147542216, "log10_lambda": -3.9441439666382667, "log10_min_child_weight": 1.4903625371993128, "log10_subsample": -0.4399756158969077, "max_depth": 4.0, "num_boost_round": 58.0}, "datetime": {"datetime": "2024-01-19 00:13:00", "elapsed": 83.547254, "delta": 0.00047}}
{"target": -13.755450529563639, "params": {"gamma": 418.0253256598596, "log10_alpha": 0.9682301645462825, "log10_colsample_bytree": -0.6287571324481847, "log10_eta": -2.103017147542216, "log10_lambda": -3.9441439666382667, "log10_min_child_weight": 1.4903625371993128, "log10_subsample": -0.4399756158969077, "max_depth": 4.0, "num_boost_round": 59.0}, "datetime": {"datetime": "2024-01-19 00:13:00", "elapsed": 83.54786, "delta": 0.000606}}
{"target": -13.755520424543139, "params": {"gamma": 418.0253256598596, "log10_alpha": 0.9682301645462825, "log10_colsample_bytree": -0.6287571324481847, "log10_eta": -2.103017147542216, "log10_lambda": -3.9441439666382667, "log10_min_child_weight": 1.4903625371993128, "log10_subsample": -0.4399756158969077, "max_depth": 4.0, "num_boost_round": 60.0}, "datetime": {"datetime": "2024-01-19 00:13:00", "elapsed": 83.548339, "delta": 0.000479}}
{"target": -13.755562316150758, "params": {"gamma": 418.0253256598596, "log10_alpha": 0.9682301645462825, "log10_colsample_bytree": -0.6287571324481847, "log10_eta": -2.103017147542216, "log10_lambda": -3.9441439666382667, "log10_min_child_weight": 1.4903625371993128, "log10_subsample": -0.4399756158969077, "max_depth": 4.0, "num_boost_round": 61.0}, "datetime": {"datetime": "2024-01-19 00:13:00", "elapsed": 83.548817, "delta": 0.000478}}
{"target": -13.755606220851023, "params": {"gamma": 418.0253256598596, "log10_alpha": 0.9682301645462825, "log10_colsample_bytree": -0.6287571324481847, "log10_eta": -2.103017147542216, "log10_lambda": -3.9441439666382667, "log10_min_child_weight": 1.4903625371993128, "log10_subsample": -0.4399756158969077, "max_depth": 4.0, "num_boost_round": 62.0}, "datetime": {"datetime": "2024-01-19 00:13:00", "elapsed": 83.549298, "delta": 0.000481}}
{"target": -13.755477566908905, "params": {"gamma": 418.0253256598596, "log10_alpha": 0.9682301645462825, "log10_colsample_bytree": -0.6287571324481847, "log10_eta": -2.103017147542216, "log10_lambda": -3.9441439666382667, "log10_min_child_weight": 1.4903625371993128, "log10_subsample": -0.4399756158969077, "max_depth": 4.0, "num_boost_round": 63.0}, "datetime": {"datetime": "2024-01-19 00:13:00", "elapsed": 83.549782, "delta": 0.000484}}
{"target": -13.75552236583204, "params": {"gamma": 418.0253256598596, "log10_alpha": 0.9682301645462825, "log10_colsample_bytree": -0.6287571324481847, "log10_eta": -2.103017147542216, "log10_lambda": -3.9441439666382667, "log10_min_child_weight": 1.4903625371993128, "log10_subsample": -0.4399756158969077, "max_depth": 4.0, "num_boost_round": 64.0}, "datetime": {"datetime": "2024-01-19 00:13:00", "elapsed": 83.550266, "delta": 0.000484}}
{"target": -13.755441037179384, "params": {"gamma": 418.0253256598596, "log10_alpha": 0.9682301645462825, "log10_colsample_bytree": -0.6287571324481847, "log10_eta": -2.103017147542216, "log10_lambda": -3.9441439666382667, "log10_min_child_weight": 1.4903625371993128, "log10_subsample": -0.4399756158969077, "max_depth": 4.0, "num_boost_round": 65.0}, "datetime": {"datetime": "2024-01-19 00:13:00", "elapsed": 83.550763, "delta": 0.000497}}
{"target": -13.755361008246895, "params": {"gamma": 418.0253256598596, "log10_alpha": 0.9682301645462825, "log10_colsample_bytree": -0.6287571324481847, "log10_eta": -2.103017147542216, "log10_lambda": -3.9441439666382667, "log10_min_child_weight": 1.4903625371993128, "log10_subsample": -0.4399756158969077, "max_depth": 4.0, "num_boost_round": 66.0}, "datetime": {"datetime": "2024-01-19 00:13:00", "elapsed": 83.551249, "delta": 0.000486}}
{"target": -13.75557806642786, "params": {"gamma": 418.0253256598596, "log10_alpha": 0.9682301645462825, "log10_colsample_bytree": -0.6287571324481847, "log10_eta": -2.103017147542216, "log10_lambda": -3.9441439666382667, "log10_min_child_weight": 1.4903625371993128, "log10_subsample": -0.4399756158969077, "max_depth": 4.0, "num_boost_round": 67.0}, "datetime": {"datetime": "2024-01-19 00:13:00", "elapsed": 83.551739, "delta": 0.00049}}
{"target": -13.755614327012026, "params": {"gamma": 418.0253256598596, "log10_alpha": 0.9682301645462825, "log10_colsample_bytree": -0.6287571324481847, "log10_eta": -2.103017147542216, "log10_lambda": -3.9441439666382667, "log10_min_child_weight": 1.4903625371993128, "log10_subsample": -0.4399756158969077, "max_depth": 4.0, "num_boost_round": 68.0}, "datetime": {"datetime": "2024-01-19 00:13:00", "elapsed": 83.552227, "delta": 0.000488}}
{"target": -13.755507194063126, "params": {"gamma": 418.0253256598596, "log10_alpha": 0.9682301645462825, "log10_colsample_bytree": -0.6287571324481847, "log10_eta": -2.103017147542216, "log10_lambda": -3.9441439666382667, "log10_min_child_weight": 1.4903625371993128, "log10_subsample": -0.4399756158969077, "max_depth": 4.0, "num_boost_round": 69.0}, "datetime": {"datetime": "2024-01-19 00:13:00", "elapsed": 83.55272, "delta": 0.000493}}
{"target": -13.758527957818607, "params": {"gamma": 419.76964844579237, "log10_alpha": 0.7467999558126843, "log10_colsample_bytree": -0.9169148346121805, "log10_eta": -2.0617291012341328, "log10_lambda": 0.049784293531989654, "log10_min_child_weight": 4.499487745443695, "log10_subsample": -0.4223052232600156, "max_depth": 3.0, "num_boost_round": 0.0}, "datetime": {"datetime": "2024-01-19 00:13:26", "elapsed": 109.102589, "delta": 25.549869}}
{"target": -13.758538897986552, "params": {"gamma": 419.76964844579237, "log10_alpha": 0.7467999558126843, "log10_colsample_bytree": -0.9169148346121805, "log10_eta": -2.0617291012341328, "log10_lambda": 0.049784293531989654, "log10_min_child_weight": 4.499487745443695, "log10_subsample": -0.4223052232600156, "max_depth": 3.0, "num_boost_round": 1.0}, "datetime": {"datetime": "2024-01-19 00:13:26", "elapsed": 109.10322, "delta": 0.000631}}
{"target": -13.758560348484185, "params": {"gamma": 419.76964844579237, "log10_alpha": 0.7467999558126843, "log10_colsample_bytree": -0.9169148346121805, "log10_eta": -2.0617291012341328, "log10_lambda": 0.049784293531989654, "log10_min_child_weight": 4.499487745443695, "log10_subsample": -0.4223052232600156, "max_depth": 3.0, "num_boost_round": 2.0}, "datetime": {"datetime": "2024-01-19 00:13:26", "elapsed": 109.103745, "delta": 0.000525}}
{"target": -13.758567110354983, "params": {"gamma": 419.76964844579237, "log10_alpha": 0.7467999558126843, "log10_colsample_bytree": -0.9169148346121805, "log10_eta": -2.0617291012341328, "log10_lambda": 0.049784293531989654, "log10_min_child_weight": 4.499487745443695, "log10_subsample": -0.4223052232600156, "max_depth": 3.0, "num_boost_round": 3.0}, "datetime": {"datetime": "2024-01-19 00:13:26", "elapsed": 109.10426, "delta": 0.000515}}
{"target": -13.758584867898032, "params": {"gamma": 419.76964844579237, "log10_alpha": 0.7467999558126843, "log10_colsample_bytree": -0.9169148346121805, "log10_eta": -2.0617291012341328, "log10_lambda": 0.049784293531989654, "log10_min_child_weight": 4.499487745443695, "log10_subsample": -0.4223052232600156, "max_depth": 3.0, "num_boost_round": 4.0}, "datetime": {"datetime": "2024-01-19 00:13:26", "elapsed": 109.105244, "delta": 0.000984}}
