{"target": -13.757690889180887, "params": {"gamma": 842.398388599059, "log10_alpha": -3.9332157132837535, "log10_colsample_bytree": -0.5342063925652171, "log10_eta": -2.7639821755423895, "log10_lambda": -3.0610859994930246, "log10_min_child_weight": 0.5097231506004973, "log10_subsample": -0.4333482906610432, "max_depth": 7.0, "num_boost_round": 16.0}, "datetime": {"datetime": "2024-01-19 00:56:38", "elapsed": 2718.725429, "delta": 0.002703}}
{"target": -13.75767352225812, "params": {"gamma": 842.398388599059, "log10_alpha": -3.9332157132837535, "log10_colsample_bytree": -0.5342063925652171, "log10_eta": -2.7639821755423895, "log10_lambda": -3.0610859994930246, "log10_min_child_weight": 0.5097231506004973, "log10_subsample": -0.4333482906610432, "max_depth": 7.0, "num_boost_round": 17.0}, "datetime": {"datetime": "2024-01-19 00:56:38", "elapsed": 2718.728125, "delta": 0.002696}}
{"target": -13.757706244829627, "params": {"gamma": 842.398388599059, "log10_alpha": -3.9332157132837535, "log10_colsample_bytree": -0.5342063925652171, "log10_eta": -2.7639821755423895, "log10_lambda": -3.0610859994930246, "log10_min_child_weight": 0.5097231506004973, "log10_subsample": -0.4333482906610432, "max_depth": 7.0, "num_boost_round": 18.0}, "datetime": {"datetime": "2024-01-19 00:56:38", "elapsed": 2718.73078, "delta": 0.002655}}
{"target": -13.757600994872764, "params": {"gamma": 842.398388599059, "log10_alpha": -3.9332157132837535, "log10_colsample_bytree": -0.5342063925652171, "log10_eta": -2.7639821755423895, "log10_lambda": -3.0610859994930246, "log10_min_child_weight": 0.5097231506004973, "log10_subsample": -0.4333482906610432, "max_depth": 7.0, "num_boost_round": 19.0}, "datetime": {"datetime": "2024-01-19 00:56:38", "elapsed": 2718.733464, "delta": 0.002684}}
{"target": -13.757471456416246, "params": {"gamma": 842.398388599059, "log10_alpha": -3.9332157132837535, "log10_colsample_bytree": -0.5342063925652171, "log10_eta": -2.7639821755423895, "log10_lambda": -3.0610859994930246, "log10_min_child_weight": 0.5097231506004973, "log10_subsample": -0.4333482906610432, "max_depth": 7.0, "num_boost_round": 20.0}, "datetime": {"datetime": "2024-01-19 00:56:38", "elapsed": 2718.736051, "delta": 0.002587}}
{"target": -13.757377550318463, "params": {"gamma": 842.398388599059, "log10_alpha": -3.9332157132837535, "log10_colsample_bytree": -0.5342063925652171, "log10_eta": -2.7639821755423895, "log10_lambda": -3.0610859994930246, "log10_min_child_weight": 0.5097231506004973, "log10_subsample": -0.4333482906610432, "max_depth": 7.0, "num_boost_round": 21.0}, "datetime": {"datetime": "2024-01-19 00:56:38", "elapsed": 2718.738679, "delta": 0.002628}}
{"target": -13.758524527879967, "params": {"gamma": 867.5114491031745, "log10_alpha": 0.695848556130362, "log10_colsample_bytree": -0.8702287647106969, "log10_eta": -3.3535163416068494, "log10_lambda": 0.33412864551895005, "log10_min_child_weight": 1.8512658499563617, "log10_subsample": -0.12024804411897594, "max_depth": 6.0, "num_boost_round": 0.0}, "datetime": {"datetime": "2024-01-19 00:57:03", "elapsed": 2743.17995, "delta": 24.441271}}
{"target": -13.75851780139542, "params": {"gamma": 867.5114491031745, "log10_alpha": 0.695848556130362, "log10_colsample_bytree": -0.8702287647106969, "log10_eta": -3.3535163416068494, "log10_lambda": 0.33412864551895005, "log10_min_child_weight": 1.8512658499563617, "log10_subsample": -0.12024804411897594, "max_depth": 6.0, "num_boost_round": 1.0}, "datetime": {"datetime": "2024-01-19 00:57:03", "elapsed": 2743.18352, "delta": 0.00357}}
{"target": -13.758502208258465, "params": {"gamma": 867.5114491031745, "log10_alpha": 0.695848556130362, "log10_colsample_bytree": -0.8702287647106969, "log10_eta": -3.3535163416068494, "log10_lambda": 0.33412864551895005, "log10_min_child_weight": 1.8512658499563617, "log10_subsample": -0.12024804411897594, "max_depth": 6.0, "num_boost_round": 2.0}, "datetime": {"datetime": "2024-01-19 00:57:03", "elapsed": 2743.186204, "delta": 0.002684}}
{"target": -13.758494507889111, "params": {"gamma": 867.5114491031745, "log10_alpha": 0.695848556130362, "log10_colsample_bytree": -0.8702287647106969, "log10_eta": -3.3535163416068494, "log10_lambda": 0.33412864551895005, "log10_min_child_weight": 1.8512658499563617, "log10_subsample": -0.12024804411897594, "max_depth": 6.0, "num_boost_round": 3.0}, "datetime": {"datetime": "2024-01-19 00:57:03", "elapsed": 2743.188864, "delta": 0.00266}}
{"target": -13.758482356839378, "params": {"gamma": 867.5114491031745, "log10_alpha": 0.695848556130362, "log10_colsample_bytree": -0.8702287647106969, "log10_eta": -3.3535163416068494, "log10_lambda": 0.33412864551895005, "log10_min_child_weight": 1.8512658499563617, "log10_subsample": -0.12024804411897594, "max_depth": 6.0, "num_boost_round": 4.0}, "datetime": {"datetime": "2024-01-19 00:57:03", "elapsed": 2743.191478, "delta": 0.002614}}
{"target": -13.758477577441148, "params": {"gamma": 867.5114491031745, "log10_alpha": 0.695848556130362, "log10_colsample_bytree": -0.8702287647106969, "log10_eta": -3.3535163416068494, "log10_lambda": 0.33412864551895005, "log10_min_child_weight": 1.8512658499563617, "log10_subsample": -0.12024804411897594, "max_depth": 6.0, "num_boost_round": 5.0}, "datetime": {"datetime": "2024-01-19 00:57:03", "elapsed": 2743.194259, "delta": 0.002781}}
{"target": -13.75848347265943, "params": {"gamma": 867.5114491031745, "log10_alpha": 0.695848556130362, "log10_colsample_bytree": -0.8702287647106969, "log10_eta": -3.3535163416068494, "log10_lambda": 0.33412864551895005, "log10_min_child_weight": 1.8512658499563617, "log10_subsample": -0.12024804411897594, "max_depth": 6.0, "num_boost_round": 6.0}, "datetime": {"datetime": "2024-01-19 00:57:03", "elapsed": 2743.196811, "delta": 0.002552}}
{"target": -13.75846461354847, "params": {"gamma": 867.5114491031745, "log10_alpha": 0.695848556130362, "log10_colsample_bytree": -0.8702287647106969, "log10_eta": -3.3535163416068494, "log10_lambda": 0.33412864551895005, "log10_min_child_weight": 1.8512658499563617, "log10_subsample": -0.12024804411897594, "max_depth": 6.0, "num_boost_round": 7.0}, "datetime": {"datetime": "2024-01-19 00:57:03", "elapsed": 2743.199512, "delta": 0.002701}}
{"target": -13.758450128730878, "params": {"gamma": 867.5114491031745, "log10_alpha": 0.695848556130362, "log10_colsample_bytree": -0.8702287647106969, "log10_eta": -3.3535163416068494, "log10_lambda": 0.33412864551895005, "log10_min_child_weight": 1.8512658499563617, "log10_subsample": -0.12024804411897594, "max_depth": 6.0, "num_boost_round": 8.0}, "datetime": {"datetime": "2024-01-19 00:57:03", "elapsed": 2743.202291, "delta": 0.002779}}
{"target": -13.758439151579422, "params": {"gamma": 867.5114491031745, "log10_alpha": 0.695848556130362, "log10_colsample_bytree": -0.8702287647106969, "log10_eta": -3.3535163416068494, "log10_lambda": 0.33412864551895005, "log10_min_child_weight": 1.8512658499563617, "log10_subsample": -0.12024804411897594, "max_depth": 6.0, "num_boost_round": 9.0}, "datetime": {"datetime": "2024-01-19 00:57:03", "elapsed": 2743.204899, "delta": 0.002608}}
{"target": -13.758429794948075, "params": {"gamma": 867.5114491031745, "log10_alpha": 0.695848556130362, "log10_colsample_bytree": -0.8702287647106969, "log10_eta": -3.3535163416068494, "log10_lambda": 0.33412864551895005, "log10_min_child_weight": 1.8512658499563617, "log10_subsample": -0.12024804411897594, "max_depth": 6.0, "num_boost_round": 10.0}, "datetime": {"datetime": "2024-01-19 00:57:03", "elapsed": 2743.207503, "delta": 0.002604}}
{"target": -13.758533226712768, "params": {"gamma": 864.6771304197049, "log10_alpha": -2.4031491544745474, "log10_colsample_bytree": -1.0, "log10_eta": -4.0, "log10_lambda": 0.9215341526315517, "log10_min_child_weight": 0.9835629934284991, "log10_subsample": -0.4223635774415568, "max_depth": 6.0, "num_boost_round": 0.0}, "datetime": {"datetime": "2024-01-19 00:57:52", "elapsed": 2792.55469, "delta": 49.347187}}
{"target": -13.758531783113355, "params": {"gamma": 864.6771304197049, "log10_alpha": -2.4031491544745474, "log10_colsample_bytree": -1.0, "log10_eta": -4.0, "log10_lambda": 0.9215341526315517, "log10_min_child_weight": 0.9835629934284991, "log10_subsample": -0.4223635774415568, "max_depth": 6.0, "num_boost_round": 1.0}, "datetime": {"datetime": "2024-01-19 00:57:52", "elapsed": 2792.558002, "delta": 0.003312}}
{"target": -13.758532829264706, "params": {"gamma": 864.6771304197049, "log10_alpha": -2.4031491544745474, "log10_colsample_bytree": -1.0, "log10_eta": -4.0, "log10_lambda": 0.9215341526315517, "log10_min_child_weight": 0.9835629934284991, "log10_subsample": -0.4223635774415568, "max_depth": 6.0, "num_boost_round": 2.0}, "datetime": {"datetime": "2024-01-19 00:57:52", "elapsed": 2792.560737, "delta": 0.002735}}
{"target": -13.75853131390573, "params": {"gamma": 864.6771304197049, "log10_alpha": -2.4031491544745474, "log10_colsample_bytree": -1.0, "log10_eta": -4.0, "log10_lambda": 0.9215341526315517, "log10_min_child_weight": 0.9835629934284991, "log10_subsample": -0.4223635774415568, "max_depth": 6.0, "num_boost_round": 3.0}, "datetime": {"datetime": "2024-01-19 00:57:52", "elapsed": 2792.56342, "delta": 0.002683}}
{"target": -13.75853004929713, "params": {"gamma": 864.6771304197049, "log10_alpha": -2.4031491544745474, "log10_colsample_bytree": -1.0, "log10_eta": -4.0, "log10_lambda": 0.9215341526315517, "log10_min_child_weight": 0.9835629934284991, "log10_subsample": -0.4223635774415568, "max_depth": 6.0, "num_boost_round": 4.0}, "datetime": {"datetime": "2024-01-19 00:57:52", "elapsed": 2792.56608, "delta": 0.00266}}
{"target": -13.758529610628143, "params": {"gamma": 864.6771304197049, "log10_alpha": -2.4031491544745474, "log10_colsample_bytree": -1.0, "log10_eta": -4.0, "log10_lambda": 0.9215341526315517, "log10_min_child_weight": 0.9835629934284991, "log10_subsample": -0.4223635774415568, "max_depth": 6.0, "num_boost_round": 5.0}, "datetime": {"datetime": "2024-01-19 00:57:52", "elapsed": 2792.568706, "delta": 0.002626}}
{"target": -13.758531236833036, "params": {"gamma": 864.6771304197049, "log10_alpha": -2.4031491544745474, "log10_colsample_bytree": -1.0, "log10_eta": -4.0, "log10_lambda": 0.9215341526315517, "log10_min_child_weight": 0.9835629934284991, "log10_subsample": -0.4223635774415568, "max_depth": 6.0, "num_boost_round": 6.0}, "datetime": {"datetime": "2024-01-19 00:57:52", "elapsed": 2792.571331, "delta": 0.002625}}
{"target": -13.758531089510134, "params": {"gamma": 864.6771304197049, "log10_alpha": -2.4031491544745474, "log10_colsample_bytree": -1.0, "log10_eta": -4.0, "log10_lambda": 0.9215341526315517, "log10_min_child_weight": 0.9835629934284991, "log10_subsample": -0.4223635774415568, "max_depth": 6.0, "num_boost_round": 7.0}, "datetime": {"datetime": "2024-01-19 00:57:52", "elapsed": 2792.574152, "delta": 0.002821}}
{"target": -13.758529965868274, "params": {"gamma": 864.6771304197049, "log10_alpha": -2.4031491544745474, "log10_colsample_bytree": -1.0, "log10_eta": -4.0, "log10_lambda": 0.9215341526315517, "log10_min_child_weight": 0.9835629934284991, "log10_subsample": -0.4223635774415568, "max_depth": 6.0, "num_boost_round": 8.0}, "datetime": {"datetime": "2024-01-19 00:57:52", "elapsed": 2792.576984, "delta": 0.002832}}
{"target": -13.758529832829703, "params": {"gamma": 864.6771304197049, "log10_alpha": -2.4031491544745474, "log10_colsample_bytree": -1.0, "log10_eta": -4.0, "log10_lambda": 0.9215341526315517, "log10_min_child_weight": 0.9835629934284991, "log10_subsample": -0.4223635774415568, "max_depth": 6.0, "num_boost_round": 9.0}, "datetime": {"datetime": "2024-01-19 00:57:52", "elapsed": 2792.579751, "delta": 0.002767}}
{"target": -13.75852908546085, "params": {"gamma": 864.6771304197049, "log10_alpha": -2.4031491544745474, "log10_colsample_bytree": -1.0, "log10_eta": -4.0, "log10_lambda": 0.9215341526315517, "log10_min_child_weight": 0.9835629934284991, "log10_subsample": -0.4223635774415568, "max_depth": 6.0, "num_boost_round": 10.0}, "datetime": {"datetime": "2024-01-19 00:57:52", "elapsed": 2792.582562, "delta": 0.002811}}
{"target": -13.758528938033006, "params": {"gamma": 864.6771304197049, "log10_alpha": -2.4031491544745474, "log10_colsample_bytree": -1.0, "log10_eta": -4.0, "log10_lambda": 0.9215341526315517, "log10_min_child_weight": 0.9835629934284991, "log10_subsample": -0.4223635774415568, "max_depth": 6.0, "num_boost_round": 11.0}, "datetime": {"datetime": "2024-01-19 00:57:52", "elapsed": 2792.585293, "delta": 0.002731}}
{"target": -13.758526508314134, "params": {"gamma": 864.6771304197049, "log10_alpha": -2.4031491544745474, "log10_colsample_bytree": -1.0, "log10_eta": -4.0, "log10_lambda": 0.9215341526315517, "log10_min_child_weight": 0.9835629934284991, "log10_subsample": -0.4223635774415568, "max_depth": 6.0, "num_boost_round": 12.0}, "datetime": {"datetime": "2024-01-19 00:57:52", "elapsed": 2792.58807, "delta": 0.002777}}
{"target": -13.75852472243648, "params": {"gamma": 864.6771304197049, "log10_alpha": -2.4031491544745474, "log10_colsample_bytree": -1.0, "log10_eta": -4.0, "log10_lambda": 0.9215341526315517, "log10_min_child_weight": 0.9835629934284991, "log10_subsample": -0.4223635774415568, "max_depth": 6.0, "num_boost_round": 13.0}, "datetime": {"datetime": "2024-01-19 00:57:52", "elapsed": 2792.590733, "delta": 0.002663}}
{"target": -13.758520442338783, "params": {"gamma": 864.6771304197049, "log10_alpha": -2.4031491544745474, "log10_colsample_bytree": -1.0, "log10_eta": -4.0, "log10_lambda": 0.9215341526315517, "log10_min_child_weight": 0.9835629934284991, "log10_subsample": -0.4223635774415568, "max_depth": 6.0, "num_boost_round": 14.0}, "datetime": {"datetime": "2024-01-19 00:57:52", "elapsed": 2792.593371, "delta": 0.002638}}
{"target": -13.758518372581737, "params": {"gamma": 864.6771304197049, "log10_alpha": -2.4031491544745474, "log10_colsample_bytree": -1.0, "log10_eta": -4.0, "log10_lambda": 0.9215341526315517, "log10_min_child_weight": 0.9835629934284991, "log10_subsample": -0.4223635774415568, "max_depth": 6.0, "num_boost_round": 15.0}, "datetime": {"datetime": "2024-01-19 00:57:52", "elapsed": 2792.596031, "delta": 0.00266}}
{"target": -13.758517386366943, "params": {"gamma": 864.6771304197049, "log10_alpha": -2.4031491544745474, "log10_colsample_bytree": -1.0, "log10_eta": -4.0, "log10_lambda": 0.9215341526315517, "log10_min_child_weight": 0.9835629934284991, "log10_subsample": -0.4223635774415568, "max_depth": 6.0, "num_boost_round": 16.0}, "datetime": {"datetime": "2024-01-19 00:57:52", "elapsed": 2792.598704, "delta": 0.002673}}
{"target": -13.75851498284341, "params": {"gamma": 864.6771304197049, "log10_alpha": -2.4031491544745474, "log10_colsample_bytree": -1.0, "log10_eta": -4.0, "log10_lambda": 0.9215341526315517, "log10_min_child_weight": 0.9835629934284991, "log10_subsample": -0.4223635774415568, "max_depth": 6.0, "num_boost_round": 17.0}, "datetime": {"datetime": "2024-01-19 00:57:52", "elapsed": 2792.601383, "delta": 0.002679}}
{"target": -13.758514418847204, "params": {"gamma": 864.6771304197049, "log10_alpha": -2.4031491544745474, "log10_colsample_bytree": -1.0, "log10_eta": -4.0, "log10_lambda": 0.9215341526315517, "log10_min_child_weight": 0.9835629934284991, "log10_subsample": -0.4223635774415568, "max_depth": 6.0, "num_boost_round": 18.0}, "datetime": {"datetime": "2024-01-19 00:57:52", "elapsed": 2792.604056, "delta": 0.002673}}
{"target": -13.758530100401298, "params": {"gamma": 842.5442235848642, "log10_alpha": -4.23610663274811, "log10_colsample_bytree": -0.1503999730100919, "log10_eta": -2.332908423767403, "log10_lambda": -4.118451235155046, "log10_min_child_weight": 4.746293326261916, "log10_subsample": -0.301813896466001, "max_depth": 9.0, "num_boost_round": 0.0}, "datetime": {"datetime": "2024-01-19 00:58:29", "elapsed": 2829.174964, "delta": 36.570908}}
{"target": -13.75849011865676, "params": {"gamma": 842.5442235848642, "log10_alpha": -4.23610663274811, "log10_colsample_bytree": -0.1503999730100919, "log10_eta": -2.332908423767403, "log10_lambda": -4.118451235155046, "log10_min_child_weight": 4.746293326261916, "log10_subsample": -0.301813896466001, "max_depth": 9.0, "num_boost_round": 1.0}, "datetime": {"datetime": "2024-01-19 00:58:29", "elapsed": 2829.178364, "delta": 0.0034}}
{"target": -13.758485580515375, "params": {"gamma": 842.5442235848642, "log10_alpha": -4.23610663274811, "log10_colsample_bytree": -0.1503999730100919, "log10_eta": -2.332908423767403, "log10_lambda": -4.118451235155046, "log10_min_child_weight": 4.746293326261916, "log10_subsample": -0.301813896466001, "max_depth": 9.0, "num_boost_round": 2.0}, "datetime": {"datetime": "2024-01-19 00:58:29", "elapsed": 2829.181234, "delta": 0.00287}}
{"target": -13.758433009348678, "params": {"gamma": 842.5442235848642, "log10_alpha": -4.23610663274811, "log10_colsample_bytree": -0.1503999730100919, "log10_eta": -2.332908423767403, "log10_lambda": -4.118451235155046, "log10_min_child_weight": 4.746293326261916, "log10_subsample": -0.301813896466001, "max_depth": 9.0, "num_boost_round": 3.0}, "datetime": {"datetime": "2024-01-19 00:58:29", "elapsed": 2829.183999, "delta": 0.002765}}
{"target": -13.75842437078804, "params": {"gamma": 842.5442235848642, "log10_alpha": -4.23610663274811, "log10_colsample_bytree": -0.1503999730100919, "log10_eta": -2.332908423767403, "log10_lambda": -4.118451235155046, "log10_min_child_weight": 4.746293326261916, "log10_subsample": -0.301813896466001, "max_depth": 9.0, "num_boost_round": 4.0}, "datetime": {"datetime": "2024-01-19 00:58:29", "elapsed": 2829.186677, "delta": 0.002678}}
{"target": -13.75838246474409, "params": {"gamma": 842.5442235848642, "log10_alpha": -4.23610663274811, "log10_colsample_bytree": -0.1503999730100919, "log10_eta": -2.332908423767403, "log10_lambda": -4.118451235155046, "log10_min_child_weight": 4.746293326261916, "log10_subsample": -0.301813896466001, "max_depth": 9.0, "num_boost_round": 5.0}, "datetime": {"datetime": "2024-01-19 00:58:29", "elapsed": 2829.189352, "delta": 0.002675}}
{"target": -13.758391077401512, "params": {"gamma": 842.5442235848642, "log10_alpha": -4.23610663274811, "log10_colsample_bytree": -0.1503999730100919, "log10_eta": -2.332908423767403, "log10_lambda": -4.118451235155046, "log10_min_child_weight": 4.746293326261916, "log10_subsample": -0.301813896466001, "max_depth": 9.0, "num_boost_round": 6.0}, "datetime": {"datetime": "2024-01-19 00:58:29", "elapsed": 2829.192149, "delta": 0.002797}}
{"target": -13.758410355037444, "params": {"gamma": 842.5442235848642, "log10_alpha": -4.23610663274811, "log10_colsample_bytree": -0.1503999730100919, "log10_eta": -2.332908423767403, "log10_lambda": -4.118451235155046, "log10_min_child_weight": 4.746293326261916, "log10_subsample": -0.301813896466001, "max_depth": 9.0, "num_boost_round": 7.0}, "datetime": {"datetime": "2024-01-19 00:58:29", "elapsed": 2829.194804, "delta": 0.002655}}
{"target": -13.758383468625395, "params": {"gamma": 842.5442235848642, "log10_alpha": -4.23610663274811, "log10_colsample_bytree": -0.1503999730100919, "log10_eta": -2.332908423767403, "log10_lambda": -4.118451235155046, "log10_min_child_weight": 4.746293326261916, "log10_subsample": -0.301813896466001, "max_depth": 9.0, "num_boost_round": 8.0}, "datetime": {"datetime": "2024-01-19 00:58:29", "elapsed": 2829.197452, "delta": 0.002648}}
{"target": -13.758341665845876, "params": {"gamma": 842.5442235848642, "log10_alpha": -4.23610663274811, "log10_colsample_bytree": -0.1503999730100919, "log10_eta": -2.332908423767403, "log10_lambda": -4.118451235155046, "log10_min_child_weight": 4.746293326261916, "log10_subsample": -0.301813896466001, "max_depth": 9.0, "num_boost_round": 9.0}, "datetime": {"datetime": "2024-01-19 00:58:29", "elapsed": 2829.200348, "delta": 0.002896}}
{"target": -13.758327598425192, "params": {"gamma": 842.5442235848642, "log10_alpha": -4.23610663274811, "log10_colsample_bytree": -0.1503999730100919, "log10_eta": -2.332908423767403, "log10_lambda": -4.118451235155046, "log10_min_child_weight": 4.746293326261916, "log10_subsample": -0.301813896466001, "max_depth": 9.0, "num_boost_round": 10.0}, "datetime": {"datetime": "2024-01-19 00:58:29", "elapsed": 2829.20301, "delta": 0.002662}}
{"target": -13.758298192322755, "params": {"gamma": 842.5442235848642, "log10_alpha": -4.23610663274811, "log10_colsample_bytree": -0.1503999730100919, "log10_eta": -2.332908423767403, "log10_lambda": -4.118451235155046, "log10_min_child_weight": 4.746293326261916, "log10_subsample": -0.301813896466001, "max_depth": 9.0, "num_boost_round": 11.0}, "datetime": {"datetime": "2024-01-19 00:58:29", "elapsed": 2829.205753, "delta": 0.002743}}
{"target": -13.758307656727743, "params": {"gamma": 842.5442235848642, "log10_alpha": -4.23610663274811, "log10_colsample_bytree": -0.1503999730100919, "log10_eta": -2.332908423767403, "log10_lambda": -4.118451235155046, "log10_min_child_weight": 4.746293326261916, "log10_subsample": -0.301813896466001, "max_depth": 9.0, "num_boost_round": 12.0}, "datetime": {"datetime": "2024-01-19 00:58:29", "elapsed": 2829.208441, "delta": 0.002688}}
{"target": -13.758305368456222, "params": {"gamma": 842.5442235848642, "log10_alpha": -4.23610663274811, "log10_colsample_bytree": -0.1503999730100919, "log10_eta": -2.332908423767403, "log10_lambda": -4.118451235155046, "log10_min_child_weight": 4.746293326261916, "log10_subsample": -0.301813896466001, "max_depth": 9.0, "num_boost_round": 13.0}, "datetime": {"datetime": "2024-01-19 00:58:29", "elapsed": 2829.21112, "delta": 0.002679}}
