{"target": -17.676990751158957, "params": {"gamma": 434.9730421629505, "log10_alpha": 0.5911833965767013, "log10_colsample_bytree": -0.8209839992629212, "log10_eta": -3.310587740236105, "log10_lambda": 0.48847688547275947, "log10_min_child_weight": 2.2580418518332874, "log10_subsample": -0.15675213873485616, "max_depth": 7.0, "num_boost_round": 12.0}, "datetime": {"datetime": "2024-01-19 00:33:57", "elapsed": 1342.101753, "delta": 0.00139}}
{"target": -17.677215792714588, "params": {"gamma": 434.2572589067629, "log10_alpha": -3.9718855979060343, "log10_colsample_bytree": -0.42613348984091104, "log10_eta": -3.2167534840377296, "log10_lambda": 0.933330250851168, "log10_min_child_weight": 0.06784157879184294, "log10_subsample": -0.36958751172536075, "max_depth": 6.0, "num_boost_round": 0.0}, "datetime": {"datetime": "2024-01-19 00:34:25", "elapsed": 1369.793692, "delta": 27.691939}}
{"target": -17.677173743439006, "params": {"gamma": 434.2572589067629, "log10_alpha": -3.9718855979060343, "log10_colsample_bytree": -0.42613348984091104, "log10_eta": -3.2167534840377296, "log10_lambda": 0.933330250851168, "log10_min_child_weight": 0.06784157879184294, "log10_subsample": -0.36958751172536075, "max_depth": 6.0, "num_boost_round": 1.0}, "datetime": {"datetime": "2024-01-19 00:34:25", "elapsed": 1369.795755, "delta": 0.002063}}
{"target": -17.67714257652496, "params": {"gamma": 434.2572589067629, "log10_alpha": -3.9718855979060343, "log10_colsample_bytree": -0.42613348984091104, "log10_eta": -3.2167534840377296, "log10_lambda": 0.933330250851168, "log10_min_child_weight": 0.06784157879184294, "log10_subsample": -0.36958751172536075, "max_depth": 6.0, "num_boost_round": 2.0}, "datetime": {"datetime": "2024-01-19 00:34:25", "elapsed": 1369.797146, "delta": 0.001391}}
{"target": -17.677132453321867, "params": {"gamma": 434.2572589067629, "log10_alpha": -3.9718855979060343, "log10_colsample_bytree": -0.42613348984091104, "log10_eta": -3.2167534840377296, "log10_lambda": 0.933330250851168, "log10_min_child_weight": 0.06784157879184294, "log10_subsample": -0.36958751172536075, "max_depth": 6.0, "num_boost_round": 3.0}, "datetime": {"datetime": "2024-01-19 00:34:25", "elapsed": 1369.798631, "delta": 0.001485}}
{"target": -17.677138225834153, "params": {"gamma": 434.2572589067629, "log10_alpha": -3.9718855979060343, "log10_colsample_bytree": -0.42613348984091104, "log10_eta": -3.2167534840377296, "log10_lambda": 0.933330250851168, "log10_min_child_weight": 0.06784157879184294, "log10_subsample": -0.36958751172536075, "max_depth": 6.0, "num_boost_round": 4.0}, "datetime": {"datetime": "2024-01-19 00:34:25", "elapsed": 1369.8, "delta": 0.001369}}
{"target": -17.677098598608822, "params": {"gamma": 434.2572589067629, "log10_alpha": -3.9718855979060343, "log10_colsample_bytree": -0.42613348984091104, "log10_eta": -3.2167534840377296, "log10_lambda": 0.933330250851168, "log10_min_child_weight": 0.06784157879184294, "log10_subsample": -0.36958751172536075, "max_depth": 6.0, "num_boost_round": 5.0}, "datetime": {"datetime": "2024-01-19 00:34:25", "elapsed": 1369.801564, "delta": 0.001564}}
{"target": -17.677114352094506, "params": {"gamma": 434.2572589067629, "log10_alpha": -3.9718855979060343, "log10_colsample_bytree": -0.42613348984091104, "log10_eta": -3.2167534840377296, "log10_lambda": 0.933330250851168, "log10_min_child_weight": 0.06784157879184294, "log10_subsample": -0.36958751172536075, "max_depth": 6.0, "num_boost_round": 6.0}, "datetime": {"datetime": "2024-01-19 00:34:25", "elapsed": 1369.802981, "delta": 0.001417}}
{"target": -17.677082974623087, "params": {"gamma": 434.2572589067629, "log10_alpha": -3.9718855979060343, "log10_colsample_bytree": -0.42613348984091104, "log10_eta": -3.2167534840377296, "log10_lambda": 0.933330250851168, "log10_min_child_weight": 0.06784157879184294, "log10_subsample": -0.36958751172536075, "max_depth": 6.0, "num_boost_round": 7.0}, "datetime": {"datetime": "2024-01-19 00:34:25", "elapsed": 1369.804358, "delta": 0.001377}}
{"target": -17.677069105821694, "params": {"gamma": 434.2572589067629, "log10_alpha": -3.9718855979060343, "log10_colsample_bytree": -0.42613348984091104, "log10_eta": -3.2167534840377296, "log10_lambda": 0.933330250851168, "log10_min_child_weight": 0.06784157879184294, "log10_subsample": -0.36958751172536075, "max_depth": 6.0, "num_boost_round": 8.0}, "datetime": {"datetime": "2024-01-19 00:34:25", "elapsed": 1369.805734, "delta": 0.001376}}
{"target": -17.67703676476128, "params": {"gamma": 434.2572589067629, "log10_alpha": -3.9718855979060343, "log10_colsample_bytree": -0.42613348984091104, "log10_eta": -3.2167534840377296, "log10_lambda": 0.933330250851168, "log10_min_child_weight": 0.06784157879184294, "log10_subsample": -0.36958751172536075, "max_depth": 6.0, "num_boost_round": 9.0}, "datetime": {"datetime": "2024-01-19 00:34:25", "elapsed": 1369.807104, "delta": 0.00137}}
{"target": -17.677027992894242, "params": {"gamma": 434.2572589067629, "log10_alpha": -3.9718855979060343, "log10_colsample_bytree": -0.42613348984091104, "log10_eta": -3.2167534840377296, "log10_lambda": 0.933330250851168, "log10_min_child_weight": 0.06784157879184294, "log10_subsample": -0.36958751172536075, "max_depth": 6.0, "num_boost_round": 10.0}, "datetime": {"datetime": "2024-01-19 00:34:25", "elapsed": 1369.808479, "delta": 0.001375}}
{"target": -17.676981793520227, "params": {"gamma": 434.2572589067629, "log10_alpha": -3.9718855979060343, "log10_colsample_bytree": -0.42613348984091104, "log10_eta": -3.2167534840377296, "log10_lambda": 0.933330250851168, "log10_min_child_weight": 0.06784157879184294, "log10_subsample": -0.36958751172536075, "max_depth": 6.0, "num_boost_round": 11.0}, "datetime": {"datetime": "2024-01-19 00:34:25", "elapsed": 1369.809868, "delta": 0.001389}}
{"target": -17.67694130238462, "params": {"gamma": 434.2572589067629, "log10_alpha": -3.9718855979060343, "log10_colsample_bytree": -0.42613348984091104, "log10_eta": -3.2167534840377296, "log10_lambda": 0.933330250851168, "log10_min_child_weight": 0.06784157879184294, "log10_subsample": -0.36958751172536075, "max_depth": 6.0, "num_boost_round": 12.0}, "datetime": {"datetime": "2024-01-19 00:34:25", "elapsed": 1369.81134, "delta": 0.001472}}
{"target": -17.67693208034023, "params": {"gamma": 434.2572589067629, "log10_alpha": -3.9718855979060343, "log10_colsample_bytree": -0.42613348984091104, "log10_eta": -3.2167534840377296, "log10_lambda": 0.933330250851168, "log10_min_child_weight": 0.06784157879184294, "log10_subsample": -0.36958751172536075, "max_depth": 6.0, "num_boost_round": 13.0}, "datetime": {"datetime": "2024-01-19 00:34:25", "elapsed": 1369.812741, "delta": 0.001401}}
{"target": -17.6768971415903, "params": {"gamma": 434.2572589067629, "log10_alpha": -3.9718855979060343, "log10_colsample_bytree": -0.42613348984091104, "log10_eta": -3.2167534840377296, "log10_lambda": 0.933330250851168, "log10_min_child_weight": 0.06784157879184294, "log10_subsample": -0.36958751172536075, "max_depth": 6.0, "num_boost_round": 14.0}, "datetime": {"datetime": "2024-01-19 00:34:25", "elapsed": 1369.814231, "delta": 0.00149}}
{"target": -17.67686596444398, "params": {"gamma": 434.2572589067629, "log10_alpha": -3.9718855979060343, "log10_colsample_bytree": -0.42613348984091104, "log10_eta": -3.2167534840377296, "log10_lambda": 0.933330250851168, "log10_min_child_weight": 0.06784157879184294, "log10_subsample": -0.36958751172536075, "max_depth": 6.0, "num_boost_round": 15.0}, "datetime": {"datetime": "2024-01-19 00:34:25", "elapsed": 1369.815624, "delta": 0.001393}}
{"target": -17.676854612731308, "params": {"gamma": 434.2572589067629, "log10_alpha": -3.9718855979060343, "log10_colsample_bytree": -0.42613348984091104, "log10_eta": -3.2167534840377296, "log10_lambda": 0.933330250851168, "log10_min_child_weight": 0.06784157879184294, "log10_subsample": -0.36958751172536075, "max_depth": 6.0, "num_boost_round": 16.0}, "datetime": {"datetime": "2024-01-19 00:34:25", "elapsed": 1369.817012, "delta": 0.001388}}
{"target": -17.676810358010165, "params": {"gamma": 434.2572589067629, "log10_alpha": -3.9718855979060343, "log10_colsample_bytree": -0.42613348984091104, "log10_eta": -3.2167534840377296, "log10_lambda": 0.933330250851168, "log10_min_child_weight": 0.06784157879184294, "log10_subsample": -0.36958751172536075, "max_depth": 6.0, "num_boost_round": 17.0}, "datetime": {"datetime": "2024-01-19 00:34:25", "elapsed": 1369.818414, "delta": 0.001402}}
{"target": -17.676793073952897, "params": {"gamma": 434.2572589067629, "log10_alpha": -3.9718855979060343, "log10_colsample_bytree": -0.42613348984091104, "log10_eta": -3.2167534840377296, "log10_lambda": 0.933330250851168, "log10_min_child_weight": 0.06784157879184294, "log10_subsample": -0.36958751172536075, "max_depth": 6.0, "num_boost_round": 18.0}, "datetime": {"datetime": "2024-01-19 00:34:25", "elapsed": 1369.819813, "delta": 0.001399}}
{"target": -17.677213044214227, "params": {"gamma": 432.9726017149338, "log10_alpha": -3.8554764687343974, "log10_colsample_bytree": -0.9557944724297998, "log10_eta": -3.4343859558476346, "log10_lambda": -0.8636272154971065, "log10_min_child_weight": 0.1638302535354319, "log10_subsample": -0.7958125288018507, "max_depth": 8.0, "num_boost_round": 0.0}, "datetime": {"datetime": "2024-01-19 00:34:55", "elapsed": 1399.753462, "delta": 29.933649}}
{"target": -17.67721053415983, "params": {"gamma": 432.9726017149338, "log10_alpha": -3.8554764687343974, "log10_colsample_bytree": -0.9557944724297998, "log10_eta": -3.4343859558476346, "log10_lambda": -0.8636272154971065, "log10_min_child_weight": 0.1638302535354319, "log10_subsample": -0.7958125288018507, "max_depth": 8.0, "num_boost_round": 1.0}, "datetime": {"datetime": "2024-01-19 00:34:55", "elapsed": 1399.755048, "delta": 0.001586}}
{"target": -17.6772113990028, "params": {"gamma": 432.9726017149338, "log10_alpha": -3.8554764687343974, "log10_colsample_bytree": -0.9557944724297998, "log10_eta": -3.4343859558476346, "log10_lambda": -0.8636272154971065, "log10_min_child_weight": 0.1638302535354319, "log10_subsample": -0.7958125288018507, "max_depth": 8.0, "num_boost_round": 2.0}, "datetime": {"datetime": "2024-01-19 00:34:55", "elapsed": 1399.756473, "delta": 0.001425}}
{"target": -17.67720072607007, "params": {"gamma": 432.9726017149338, "log10_alpha": -3.8554764687343974, "log10_colsample_bytree": -0.9557944724297998, "log10_eta": -3.4343859558476346, "log10_lambda": -0.8636272154971065, "log10_min_child_weight": 0.1638302535354319, "log10_subsample": -0.7958125288018507, "max_depth": 8.0, "num_boost_round": 3.0}, "datetime": {"datetime": "2024-01-19 00:34:55", "elapsed": 1399.758194, "delta": 0.001721}}
{"target": -17.677163572872672, "params": {"gamma": 432.9726017149338, "log10_alpha": -3.8554764687343974, "log10_colsample_bytree": -0.9557944724297998, "log10_eta": -3.4343859558476346, "log10_lambda": -0.8636272154971065, "log10_min_child_weight": 0.1638302535354319, "log10_subsample": -0.7958125288018507, "max_depth": 8.0, "num_boost_round": 4.0}, "datetime": {"datetime": "2024-01-19 00:34:55", "elapsed": 1399.761028, "delta": 0.002834}}
{"target": -17.677168147102392, "params": {"gamma": 432.9726017149338, "log10_alpha": -3.8554764687343974, "log10_colsample_bytree": -0.9557944724297998, "log10_eta": -3.4343859558476346, "log10_lambda": -0.8636272154971065, "log10_min_child_weight": 0.1638302535354319, "log10_subsample": -0.7958125288018507, "max_depth": 8.0, "num_boost_round": 5.0}, "datetime": {"datetime": "2024-01-19 00:34:55", "elapsed": 1399.762459, "delta": 0.001431}}
{"target": -17.677168290362815, "params": {"gamma": 432.9726017149338, "log10_alpha": -3.8554764687343974, "log10_colsample_bytree": -0.9557944724297998, "log10_eta": -3.4343859558476346, "log10_lambda": -0.8636272154971065, "log10_min_child_weight": 0.1638302535354319, "log10_subsample": -0.7958125288018507, "max_depth": 8.0, "num_boost_round": 6.0}, "datetime": {"datetime": "2024-01-19 00:34:55", "elapsed": 1399.763887, "delta": 0.001428}}
{"target": -17.677162548801164, "params": {"gamma": 432.9726017149338, "log10_alpha": -3.8554764687343974, "log10_colsample_bytree": -0.9557944724297998, "log10_eta": -3.4343859558476346, "log10_lambda": -0.8636272154971065, "log10_min_child_weight": 0.1638302535354319, "log10_subsample": -0.7958125288018507, "max_depth": 8.0, "num_boost_round": 7.0}, "datetime": {"datetime": "2024-01-19 00:34:55", "elapsed": 1399.765299, "delta": 0.001412}}
{"target": -17.677158621761368, "params": {"gamma": 432.9726017149338, "log10_alpha": -3.8554764687343974, "log10_colsample_bytree": -0.9557944724297998, "log10_eta": -3.4343859558476346, "log10_lambda": -0.8636272154971065, "log10_min_child_weight": 0.1638302535354319, "log10_subsample": -0.7958125288018507, "max_depth": 8.0, "num_boost_round": 8.0}, "datetime": {"datetime": "2024-01-19 00:34:55", "elapsed": 1399.76671, "delta": 0.001411}}
{"target": -17.67714988751207, "params": {"gamma": 432.9726017149338, "log10_alpha": -3.8554764687343974, "log10_colsample_bytree": -0.9557944724297998, "log10_eta": -3.4343859558476346, "log10_lambda": -0.8636272154971065, "log10_min_child_weight": 0.1638302535354319, "log10_subsample": -0.7958125288018507, "max_depth": 8.0, "num_boost_round": 9.0}, "datetime": {"datetime": "2024-01-19 00:34:55", "elapsed": 1399.768121, "delta": 0.001411}}
{"target": -17.67712685736982, "params": {"gamma": 432.9726017149338, "log10_alpha": -3.8554764687343974, "log10_colsample_bytree": -0.9557944724297998, "log10_eta": -3.4343859558476346, "log10_lambda": -0.8636272154971065, "log10_min_child_weight": 0.1638302535354319, "log10_subsample": -0.7958125288018507, "max_depth": 8.0, "num_boost_round": 10.0}, "datetime": {"datetime": "2024-01-19 00:34:55", "elapsed": 1399.769534, "delta": 0.001413}}
{"target": -17.67710214810709, "params": {"gamma": 432.9726017149338, "log10_alpha": -3.8554764687343974, "log10_colsample_bytree": -0.9557944724297998, "log10_eta": -3.4343859558476346, "log10_lambda": -0.8636272154971065, "log10_min_child_weight": 0.1638302535354319, "log10_subsample": -0.7958125288018507, "max_depth": 8.0, "num_boost_round": 11.0}, "datetime": {"datetime": "2024-01-19 00:34:55", "elapsed": 1399.770956, "delta": 0.001422}}
{"target": -17.677092660561048, "params": {"gamma": 432.9726017149338, "log10_alpha": -3.8554764687343974, "log10_colsample_bytree": -0.9557944724297998, "log10_eta": -3.4343859558476346, "log10_lambda": -0.8636272154971065, "log10_min_child_weight": 0.1638302535354319, "log10_subsample": -0.7958125288018507, "max_depth": 8.0, "num_boost_round": 12.0}, "datetime": {"datetime": "2024-01-19 00:34:55", "elapsed": 1399.772371, "delta": 0.001415}}
{"target": -17.677091241235214, "params": {"gamma": 432.9726017149338, "log10_alpha": -3.8554764687343974, "log10_colsample_bytree": -0.9557944724297998, "log10_eta": -3.4343859558476346, "log10_lambda": -0.8636272154971065, "log10_min_child_weight": 0.1638302535354319, "log10_subsample": -0.7958125288018507, "max_depth": 8.0, "num_boost_round": 13.0}, "datetime": {"datetime": "2024-01-19 00:34:55", "elapsed": 1399.773796, "delta": 0.001425}}
{"target": -17.677099772722737, "params": {"gamma": 432.9726017149338, "log10_alpha": -3.8554764687343974, "log10_colsample_bytree": -0.9557944724297998, "log10_eta": -3.4343859558476346, "log10_lambda": -0.8636272154971065, "log10_min_child_weight": 0.1638302535354319, "log10_subsample": -0.7958125288018507, "max_depth": 8.0, "num_boost_round": 14.0}, "datetime": {"datetime": "2024-01-19 00:34:55", "elapsed": 1399.775969, "delta": 0.002173}}
{"target": -17.6771057985452, "params": {"gamma": 432.9726017149338, "log10_alpha": -3.8554764687343974, "log10_colsample_bytree": -0.9557944724297998, "log10_eta": -3.4343859558476346, "log10_lambda": -0.8636272154971065, "log10_min_child_weight": 0.1638302535354319, "log10_subsample": -0.7958125288018507, "max_depth": 8.0, "num_boost_round": 15.0}, "datetime": {"datetime": "2024-01-19 00:34:55", "elapsed": 1399.777541, "delta": 0.001572}}
{"target": -17.67709577838881, "params": {"gamma": 432.9726017149338, "log10_alpha": -3.8554764687343974, "log10_colsample_bytree": -0.9557944724297998, "log10_eta": -3.4343859558476346, "log10_lambda": -0.8636272154971065, "log10_min_child_weight": 0.1638302535354319, "log10_subsample": -0.7958125288018507, "max_depth": 8.0, "num_boost_round": 16.0}, "datetime": {"datetime": "2024-01-19 00:34:55", "elapsed": 1399.779128, "delta": 0.001587}}
{"target": -17.677094660348196, "params": {"gamma": 432.9726017149338, "log10_alpha": -3.8554764687343974, "log10_colsample_bytree": -0.9557944724297998, "log10_eta": -3.4343859558476346, "log10_lambda": -0.8636272154971065, "log10_min_child_weight": 0.1638302535354319, "log10_subsample": -0.7958125288018507, "max_depth": 8.0, "num_boost_round": 17.0}, "datetime": {"datetime": "2024-01-19 00:34:55", "elapsed": 1399.780802, "delta": 0.001674}}
{"target": -17.677098775035116, "params": {"gamma": 432.9726017149338, "log10_alpha": -3.8554764687343974, "log10_colsample_bytree": -0.9557944724297998, "log10_eta": -3.4343859558476346, "log10_lambda": -0.8636272154971065, "log10_min_child_weight": 0.1638302535354319, "log10_subsample": -0.7958125288018507, "max_depth": 8.0, "num_boost_round": 18.0}, "datetime": {"datetime": "2024-01-19 00:34:55", "elapsed": 1399.782226, "delta": 0.001424}}
{"target": -17.677092773253378, "params": {"gamma": 432.9726017149338, "log10_alpha": -3.8554764687343974, "log10_colsample_bytree": -0.9557944724297998, "log10_eta": -3.4343859558476346, "log10_lambda": -0.8636272154971065, "log10_min_child_weight": 0.1638302535354319, "log10_subsample": -0.7958125288018507, "max_depth": 8.0, "num_boost_round": 19.0}, "datetime": {"datetime": "2024-01-19 00:34:55", "elapsed": 1399.783645, "delta": 0.001419}}
{"target": -17.677078280146702, "params": {"gamma": 432.9726017149338, "log10_alpha": -3.8554764687343974, "log10_colsample_bytree": -0.9557944724297998, "log10_eta": -3.4343859558476346, "log10_lambda": -0.8636272154971065, "log10_min_child_weight": 0.1638302535354319, "log10_subsample": -0.7958125288018507, "max_depth": 8.0, "num_boost_round": 20.0}, "datetime": {"datetime": "2024-01-19 00:34:55", "elapsed": 1399.785067, "delta": 0.001422}}
{"target": -17.67723490944842, "params": {"gamma": 425.94200571690675, "log10_alpha": -0.4697988710336798, "log10_colsample_bytree": -0.4023697645934996, "log10_eta": -2.804796682421066, "log10_lambda": -4.775435475115462, "log10_min_child_weight": 1.674726143457423, "log10_subsample": -0.6483729858595431, "max_depth": 8.0, "num_boost_round": 0.0}, "datetime": {"datetime": "2024-01-19 00:35:22", "elapsed": 1427.054567, "delta": 27.2695}}
{"target": -17.67713990978566, "params": {"gamma": 425.94200571690675, "log10_alpha": -0.4697988710336798, "log10_colsample_bytree": -0.4023697645934996, "log10_eta": -2.804796682421066, "log10_lambda": -4.775435475115462, "log10_min_child_weight": 1.674726143457423, "log10_subsample": -0.6483729858595431, "max_depth": 8.0, "num_boost_round": 1.0}, "datetime": {"datetime": "2024-01-19 00:35:22", "elapsed": 1427.056167, "delta": 0.0016}}
{"target": -17.67716063363575, "params": {"gamma": 425.94200571690675, "log10_alpha": -0.4697988710336798, "log10_colsample_bytree": -0.4023697645934996, "log10_eta": -2.804796682421066, "log10_lambda": -4.775435475115462, "log10_min_child_weight": 1.674726143457423, "log10_subsample": -0.6483729858595431, "max_depth": 8.0, "num_boost_round": 2.0}, "datetime": {"datetime": "2024-01-19 00:35:22", "elapsed": 1427.057928, "delta": 0.001761}}
{"target": -17.67714996729344, "params": {"gamma": 425.94200571690675, "log10_alpha": -0.4697988710336798, "log10_colsample_bytree": -0.4023697645934996, "log10_eta": -2.804796682421066, "log10_lambda": -4.775435475115462, "log10_min_child_weight": 1.674726143457423, "log10_subsample": -0.6483729858595431, "max_depth": 8.0, "num_boost_round": 3.0}, "datetime": {"datetime": "2024-01-19 00:35:22", "elapsed": 1427.059685, "delta": 0.001757}}
{"target": -17.677001281027962, "params": {"gamma": 425.94200571690675, "log10_alpha": -0.4697988710336798, "log10_colsample_bytree": -0.4023697645934996, "log10_eta": -2.804796682421066, "log10_lambda": -4.775435475115462, "log10_min_child_weight": 1.674726143457423, "log10_subsample": -0.6483729858595431, "max_depth": 8.0, "num_boost_round": 4.0}, "datetime": {"datetime": "2024-01-19 00:35:22", "elapsed": 1427.061388, "delta": 0.001703}}
{"target": -17.67694181042022, "params": {"gamma": 425.94200571690675, "log10_alpha": -0.4697988710336798, "log10_colsample_bytree": -0.4023697645934996, "log10_eta": -2.804796682421066, "log10_lambda": -4.775435475115462, "log10_min_child_weight": 1.674726143457423, "log10_subsample": -0.6483729858595431, "max_depth": 8.0, "num_boost_round": 5.0}, "datetime": {"datetime": "2024-01-19 00:35:22", "elapsed": 1427.152692, "delta": 0.091304}}
{"target": -17.676988485570934, "params": {"gamma": 425.94200571690675, "log10_alpha": -0.4697988710336798, "log10_colsample_bytree": -0.4023697645934996, "log10_eta": -2.804796682421066, "log10_lambda": -4.775435475115462, "log10_min_child_weight": 1.674726143457423, "log10_subsample": -0.6483729858595431, "max_depth": 8.0, "num_boost_round": 6.0}, "datetime": {"datetime": "2024-01-19 00:35:22", "elapsed": 1427.154535, "delta": 0.001843}}
{"target": -17.676970584849666, "params": {"gamma": 425.94200571690675, "log10_alpha": -0.4697988710336798, "log10_colsample_bytree": -0.4023697645934996, "log10_eta": -2.804796682421066, "log10_lambda": -4.775435475115462, "log10_min_child_weight": 1.674726143457423, "log10_subsample": -0.6483729858595431, "max_depth": 8.0, "num_boost_round": 7.0}, "datetime": {"datetime": "2024-01-19 00:35:22", "elapsed": 1427.156256, "delta": 0.001721}}
