{"target": -13.758084192043249, "params": {"gamma": 422.66175151502506, "log10_alpha": 0.44617932356978157, "log10_colsample_bytree": -1.0, "log10_eta": -2.991302501266521, "log10_lambda": -3.772989396017219, "log10_min_child_weight": 3.7313849139521555, "log10_subsample": -0.1295281177904216, "max_depth": 6.0, "num_boost_round": 36.0}, "datetime": {"datetime": "2024-01-19 00:36:38", "elapsed": 1501.247724, "delta": 0.002583}}
{"target": -13.758437062648902, "params": {"gamma": 412.5139344505323, "log10_alpha": -3.869772049650731, "log10_colsample_bytree": -0.7364968373758382, "log10_eta": -2.684074661003377, "log10_lambda": -4.453704558320021, "log10_min_child_weight": 2.934886879428964, "log10_subsample": -0.46023654899606004, "max_depth": 9.0, "num_boost_round": 0.0}, "datetime": {"datetime": "2024-01-19 00:37:37", "elapsed": 1560.811861, "delta": 59.564137}}
{"target": -13.758415074230435, "params": {"gamma": 412.5139344505323, "log10_alpha": -3.869772049650731, "log10_colsample_bytree": -0.7364968373758382, "log10_eta": -2.684074661003377, "log10_lambda": -4.453704558320021, "log10_min_child_weight": 2.934886879428964, "log10_subsample": -0.46023654899606004, "max_depth": 9.0, "num_boost_round": 1.0}, "datetime": {"datetime": "2024-01-19 00:37:37", "elapsed": 1560.815001, "delta": 0.00314}}
{"target": -13.7583842535433, "params": {"gamma": 412.5139344505323, "log10_alpha": -3.869772049650731, "log10_colsample_bytree": -0.7364968373758382, "log10_eta": -2.684074661003377, "log10_lambda": -4.453704558320021, "log10_min_child_weight": 2.934886879428964, "log10_subsample": -0.46023654899606004, "max_depth": 9.0, "num_boost_round": 2.0}, "datetime": {"datetime": "2024-01-19 00:37:37", "elapsed": 1560.817623, "delta": 0.002622}}
{"target": -13.758401962290803, "params": {"gamma": 412.5139344505323, "log10_alpha": -3.869772049650731, "log10_colsample_bytree": -0.7364968373758382, "log10_eta": -2.684074661003377, "log10_lambda": -4.453704558320021, "log10_min_child_weight": 2.934886879428964, "log10_subsample": -0.46023654899606004, "max_depth": 9.0, "num_boost_round": 3.0}, "datetime": {"datetime": "2024-01-19 00:37:37", "elapsed": 1560.820219, "delta": 0.002596}}
{"target": -13.75840111191148, "params": {"gamma": 412.5139344505323, "log10_alpha": -3.869772049650731, "log10_colsample_bytree": -0.7364968373758382, "log10_eta": -2.684074661003377, "log10_lambda": -4.453704558320021, "log10_min_child_weight": 2.934886879428964, "log10_subsample": -0.46023654899606004, "max_depth": 9.0, "num_boost_round": 4.0}, "datetime": {"datetime": "2024-01-19 00:37:37", "elapsed": 1560.822809, "delta": 0.00259}}
{"target": -13.758350463156273, "params": {"gamma": 412.5139344505323, "log10_alpha": -3.869772049650731, "log10_colsample_bytree": -0.7364968373758382, "log10_eta": -2.684074661003377, "log10_lambda": -4.453704558320021, "log10_min_child_weight": 2.934886879428964, "log10_subsample": -0.46023654899606004, "max_depth": 9.0, "num_boost_round": 5.0}, "datetime": {"datetime": "2024-01-19 00:37:37", "elapsed": 1560.82536, "delta": 0.002551}}
{"target": -13.75835156356078, "params": {"gamma": 412.5139344505323, "log10_alpha": -3.869772049650731, "log10_colsample_bytree": -0.7364968373758382, "log10_eta": -2.684074661003377, "log10_lambda": -4.453704558320021, "log10_min_child_weight": 2.934886879428964, "log10_subsample": -0.46023654899606004, "max_depth": 9.0, "num_boost_round": 6.0}, "datetime": {"datetime": "2024-01-19 00:37:37", "elapsed": 1560.827925, "delta": 0.002565}}
{"target": -13.758206489492139, "params": {"gamma": 412.5139344505323, "log10_alpha": -3.869772049650731, "log10_colsample_bytree": -0.7364968373758382, "log10_eta": -2.684074661003377, "log10_lambda": -4.453704558320021, "log10_min_child_weight": 2.934886879428964, "log10_subsample": -0.46023654899606004, "max_depth": 9.0, "num_boost_round": 7.0}, "datetime": {"datetime": "2024-01-19 00:37:37", "elapsed": 1560.830638, "delta": 0.002713}}
{"target": -13.75815110616401, "params": {"gamma": 412.5139344505323, "log10_alpha": -3.869772049650731, "log10_colsample_bytree": -0.7364968373758382, "log10_eta": -2.684074661003377, "log10_lambda": -4.453704558320021, "log10_min_child_weight": 2.934886879428964, "log10_subsample": -0.46023654899606004, "max_depth": 9.0, "num_boost_round": 8.0}, "datetime": {"datetime": "2024-01-19 00:37:37", "elapsed": 1560.833246, "delta": 0.002608}}
{"target": -13.758159095795929, "params": {"gamma": 412.5139344505323, "log10_alpha": -3.869772049650731, "log10_colsample_bytree": -0.7364968373758382, "log10_eta": -2.684074661003377, "log10_lambda": -4.453704558320021, "log10_min_child_weight": 2.934886879428964, "log10_subsample": -0.46023654899606004, "max_depth": 9.0, "num_boost_round": 9.0}, "datetime": {"datetime": "2024-01-19 00:37:37", "elapsed": 1560.835824, "delta": 0.002578}}
{"target": -13.758078264770356, "params": {"gamma": 412.5139344505323, "log10_alpha": -3.869772049650731, "log10_colsample_bytree": -0.7364968373758382, "log10_eta": -2.684074661003377, "log10_lambda": -4.453704558320021, "log10_min_child_weight": 2.934886879428964, "log10_subsample": -0.46023654899606004, "max_depth": 9.0, "num_boost_round": 10.0}, "datetime": {"datetime": "2024-01-19 00:37:37", "elapsed": 1560.838482, "delta": 0.002658}}
{"target": -13.758072819202665, "params": {"gamma": 412.5139344505323, "log10_alpha": -3.869772049650731, "log10_colsample_bytree": -0.7364968373758382, "log10_eta": -2.684074661003377, "log10_lambda": -4.453704558320021, "log10_min_child_weight": 2.934886879428964, "log10_subsample": -0.46023654899606004, "max_depth": 9.0, "num_boost_round": 11.0}, "datetime": {"datetime": "2024-01-19 00:37:37", "elapsed": 1560.841065, "delta": 0.002583}}
{"target": -13.758044805532293, "params": {"gamma": 412.5139344505323, "log10_alpha": -3.869772049650731, "log10_colsample_bytree": -0.7364968373758382, "log10_eta": -2.684074661003377, "log10_lambda": -4.453704558320021, "log10_min_child_weight": 2.934886879428964, "log10_subsample": -0.46023654899606004, "max_depth": 9.0, "num_boost_round": 12.0}, "datetime": {"datetime": "2024-01-19 00:37:37", "elapsed": 1560.843678, "delta": 0.002613}}
{"target": -13.75796641231249, "params": {"gamma": 412.5139344505323, "log10_alpha": -3.869772049650731, "log10_colsample_bytree": -0.7364968373758382, "log10_eta": -2.684074661003377, "log10_lambda": -4.453704558320021, "log10_min_child_weight": 2.934886879428964, "log10_subsample": -0.46023654899606004, "max_depth": 9.0, "num_boost_round": 13.0}, "datetime": {"datetime": "2024-01-19 00:37:37", "elapsed": 1560.846259, "delta": 0.002581}}
{"target": -13.757916456856593, "params": {"gamma": 412.5139344505323, "log10_alpha": -3.869772049650731, "log10_colsample_bytree": -0.7364968373758382, "log10_eta": -2.684074661003377, "log10_lambda": -4.453704558320021, "log10_min_child_weight": 2.934886879428964, "log10_subsample": -0.46023654899606004, "max_depth": 9.0, "num_boost_round": 14.0}, "datetime": {"datetime": "2024-01-19 00:37:37", "elapsed": 1560.848864, "delta": 0.002605}}
{"target": -13.757897605235256, "params": {"gamma": 412.5139344505323, "log10_alpha": -3.869772049650731, "log10_colsample_bytree": -0.7364968373758382, "log10_eta": -2.684074661003377, "log10_lambda": -4.453704558320021, "log10_min_child_weight": 2.934886879428964, "log10_subsample": -0.46023654899606004, "max_depth": 9.0, "num_boost_round": 15.0}, "datetime": {"datetime": "2024-01-19 00:37:37", "elapsed": 1560.851588, "delta": 0.002724}}
{"target": -13.757896864350343, "params": {"gamma": 412.5139344505323, "log10_alpha": -3.869772049650731, "log10_colsample_bytree": -0.7364968373758382, "log10_eta": -2.684074661003377, "log10_lambda": -4.453704558320021, "log10_min_child_weight": 2.934886879428964, "log10_subsample": -0.46023654899606004, "max_depth": 9.0, "num_boost_round": 16.0}, "datetime": {"datetime": "2024-01-19 00:37:37", "elapsed": 1560.854189, "delta": 0.002601}}
{"target": -13.757931874980796, "params": {"gamma": 412.5139344505323, "log10_alpha": -3.869772049650731, "log10_colsample_bytree": -0.7364968373758382, "log10_eta": -2.684074661003377, "log10_lambda": -4.453704558320021, "log10_min_child_weight": 2.934886879428964, "log10_subsample": -0.46023654899606004, "max_depth": 9.0, "num_boost_round": 17.0}, "datetime": {"datetime": "2024-01-19 00:37:37", "elapsed": 1560.856789, "delta": 0.0026}}
{"target": -13.757972451391776, "params": {"gamma": 412.5139344505323, "log10_alpha": -3.869772049650731, "log10_colsample_bytree": -0.7364968373758382, "log10_eta": -2.684074661003377, "log10_lambda": -4.453704558320021, "log10_min_child_weight": 2.934886879428964, "log10_subsample": -0.46023654899606004, "max_depth": 9.0, "num_boost_round": 18.0}, "datetime": {"datetime": "2024-01-19 00:37:37", "elapsed": 1560.859377, "delta": 0.002588}}
{"target": -13.757921108646364, "params": {"gamma": 412.5139344505323, "log10_alpha": -3.869772049650731, "log10_colsample_bytree": -0.7364968373758382, "log10_eta": -2.684074661003377, "log10_lambda": -4.453704558320021, "log10_min_child_weight": 2.934886879428964, "log10_subsample": -0.46023654899606004, "max_depth": 9.0, "num_boost_round": 19.0}, "datetime": {"datetime": "2024-01-19 00:37:37", "elapsed": 1560.861984, "delta": 0.002607}}
{"target": -13.757859262380585, "params": {"gamma": 412.5139344505323, "log10_alpha": -3.869772049650731, "log10_colsample_bytree": -0.7364968373758382, "log10_eta": -2.684074661003377, "log10_lambda": -4.453704558320021, "log10_min_child_weight": 2.934886879428964, "log10_subsample": -0.46023654899606004, "max_depth": 9.0, "num_boost_round": 20.0}, "datetime": {"datetime": "2024-01-19 00:37:37", "elapsed": 1560.864586, "delta": 0.002602}}
{"target": -13.757873606327594, "params": {"gamma": 412.5139344505323, "log10_alpha": -3.869772049650731, "log10_colsample_bytree": -0.7364968373758382, "log10_eta": -2.684074661003377, "log10_lambda": -4.453704558320021, "log10_min_child_weight": 2.934886879428964, "log10_subsample": -0.46023654899606004, "max_depth": 9.0, "num_boost_round": 21.0}, "datetime": {"datetime": "2024-01-19 00:37:37", "elapsed": 1560.867181, "delta": 0.002595}}
{"target": -13.75783718191331, "params": {"gamma": 412.5139344505323, "log10_alpha": -3.869772049650731, "log10_colsample_bytree": -0.7364968373758382, "log10_eta": -2.684074661003377, "log10_lambda": -4.453704558320021, "log10_min_child_weight": 2.934886879428964, "log10_subsample": -0.46023654899606004, "max_depth": 9.0, "num_boost_round": 22.0}, "datetime": {"datetime": "2024-01-19 00:37:37", "elapsed": 1560.869931, "delta": 0.00275}}
{"target": -13.757722796196676, "params": {"gamma": 412.5139344505323, "log10_alpha": -3.869772049650731, "log10_colsample_bytree": -0.7364968373758382, "log10_eta": -2.684074661003377, "log10_lambda": -4.453704558320021, "log10_min_child_weight": 2.934886879428964, "log10_subsample": -0.46023654899606004, "max_depth": 9.0, "num_boost_round": 23.0}, "datetime": {"datetime": "2024-01-19 00:37:37", "elapsed": 1560.872519, "delta": 0.002588}}
{"target": -13.757681053010383, "params": {"gamma": 412.5139344505323, "log10_alpha": -3.869772049650731, "log10_colsample_bytree": -0.7364968373758382, "log10_eta": -2.684074661003377, "log10_lambda": -4.453704558320021, "log10_min_child_weight": 2.934886879428964, "log10_subsample": -0.46023654899606004, "max_depth": 9.0, "num_boost_round": 24.0}, "datetime": {"datetime": "2024-01-19 00:37:37", "elapsed": 1560.875108, "delta": 0.002589}}
{"target": -13.757587442679428, "params": {"gamma": 412.5139344505323, "log10_alpha": -3.869772049650731, "log10_colsample_bytree": -0.7364968373758382, "log10_eta": -2.684074661003377, "log10_lambda": -4.453704558320021, "log10_min_child_weight": 2.934886879428964, "log10_subsample": -0.46023654899606004, "max_depth": 9.0, "num_boost_round": 25.0}, "datetime": {"datetime": "2024-01-19 00:37:37", "elapsed": 1560.877699, "delta": 0.002591}}
{"target": -13.757552437365142, "params": {"gamma": 412.5139344505323, "log10_alpha": -3.869772049650731, "log10_colsample_bytree": -0.7364968373758382, "log10_eta": -2.684074661003377, "log10_lambda": -4.453704558320021, "log10_min_child_weight": 2.934886879428964, "log10_subsample": -0.46023654899606004, "max_depth": 9.0, "num_boost_round": 26.0}, "datetime": {"datetime": "2024-01-19 00:37:37", "elapsed": 1560.88029, "delta": 0.002591}}
{"target": -13.75752290432737, "params": {"gamma": 412.5139344505323, "log10_alpha": -3.869772049650731, "log10_colsample_bytree": -0.7364968373758382, "log10_eta": -2.684074661003377, "log10_lambda": -4.453704558320021, "log10_min_child_weight": 2.934886879428964, "log10_subsample": -0.46023654899606004, "max_depth": 9.0, "num_boost_round": 27.0}, "datetime": {"datetime": "2024-01-19 00:37:37", "elapsed": 1560.882886, "delta": 0.002596}}
{"target": -13.757470323721218, "params": {"gamma": 412.5139344505323, "log10_alpha": -3.869772049650731, "log10_colsample_bytree": -0.7364968373758382, "log10_eta": -2.684074661003377, "log10_lambda": -4.453704558320021, "log10_min_child_weight": 2.934886879428964, "log10_subsample": -0.46023654899606004, "max_depth": 9.0, "num_boost_round": 28.0}, "datetime": {"datetime": "2024-01-19 00:37:37", "elapsed": 1560.885473, "delta": 0.002587}}
{"target": -13.757413341819648, "params": {"gamma": 412.5139344505323, "log10_alpha": -3.869772049650731, "log10_colsample_bytree": -0.7364968373758382, "log10_eta": -2.684074661003377, "log10_lambda": -4.453704558320021, "log10_min_child_weight": 2.934886879428964, "log10_subsample": -0.46023654899606004, "max_depth": 9.0, "num_boost_round": 29.0}, "datetime": {"datetime": "2024-01-19 00:37:37", "elapsed": 1560.888054, "delta": 0.002581}}
{"target": -13.757336703005377, "params": {"gamma": 412.5139344505323, "log10_alpha": -3.869772049650731, "log10_colsample_bytree": -0.7364968373758382, "log10_eta": -2.684074661003377, "log10_lambda": -4.453704558320021, "log10_min_child_weight": 2.934886879428964, "log10_subsample": -0.46023654899606004, "max_depth": 9.0, "num_boost_round": 30.0}, "datetime": {"datetime": "2024-01-19 00:37:37", "elapsed": 1560.890824, "delta": 0.00277}}
{"target": -13.757245684785147, "params": {"gamma": 412.5139344505323, "log10_alpha": -3.869772049650731, "log10_colsample_bytree": -0.7364968373758382, "log10_eta": -2.684074661003377, "log10_lambda": -4.453704558320021, "log10_min_child_weight": 2.934886879428964, "log10_subsample": -0.46023654899606004, "max_depth": 9.0, "num_boost_round": 31.0}, "datetime": {"datetime": "2024-01-19 00:37:37", "elapsed": 1560.893567, "delta": 0.002743}}
{"target": -13.75722637024505, "params": {"gamma": 412.5139344505323, "log10_alpha": -3.869772049650731, "log10_colsample_bytree": -0.7364968373758382, "log10_eta": -2.684074661003377, "log10_lambda": -4.453704558320021, "log10_min_child_weight": 2.934886879428964, "log10_subsample": -0.46023654899606004, "max_depth": 9.0, "num_boost_round": 32.0}, "datetime": {"datetime": "2024-01-19 00:37:37", "elapsed": 1560.89638, "delta": 0.002813}}
{"target": -13.757248053150374, "params": {"gamma": 412.5139344505323, "log10_alpha": -3.869772049650731, "log10_colsample_bytree": -0.7364968373758382, "log10_eta": -2.684074661003377, "log10_lambda": -4.453704558320021, "log10_min_child_weight": 2.934886879428964, "log10_subsample": -0.46023654899606004, "max_depth": 9.0, "num_boost_round": 33.0}, "datetime": {"datetime": "2024-01-19 00:37:37", "elapsed": 1560.899014, "delta": 0.002634}}
{"target": -13.75719980568942, "params": {"gamma": 412.5139344505323, "log10_alpha": -3.869772049650731, "log10_colsample_bytree": -0.7364968373758382, "log10_eta": -2.684074661003377, "log10_lambda": -4.453704558320021, "log10_min_child_weight": 2.934886879428964, "log10_subsample": -0.46023654899606004, "max_depth": 9.0, "num_boost_round": 34.0}, "datetime": {"datetime": "2024-01-19 00:37:37", "elapsed": 1560.901684, "delta": 0.00267}}
{"target": -13.75716490211374, "params": {"gamma": 412.5139344505323, "log10_alpha": -3.869772049650731, "log10_colsample_bytree": -0.7364968373758382, "log10_eta": -2.684074661003377, "log10_lambda": -4.453704558320021, "log10_min_child_weight": 2.934886879428964, "log10_subsample": -0.46023654899606004, "max_depth": 9.0, "num_boost_round": 35.0}, "datetime": {"datetime": "2024-01-19 00:37:37", "elapsed": 1560.982119, "delta": 0.080435}}
{"target": -13.757159701933977, "params": {"gamma": 412.5139344505323, "log10_alpha": -3.869772049650731, "log10_colsample_bytree": -0.7364968373758382, "log10_eta": -2.684074661003377, "log10_lambda": -4.453704558320021, "log10_min_child_weight": 2.934886879428964, "log10_subsample": -0.46023654899606004, "max_depth": 9.0, "num_boost_round": 36.0}, "datetime": {"datetime": "2024-01-19 00:37:37", "elapsed": 1560.984996, "delta": 0.002877}}
{"target": -13.757160975107835, "params": {"gamma": 412.5139344505323, "log10_alpha": -3.869772049650731, "log10_colsample_bytree": -0.7364968373758382, "log10_eta": -2.684074661003377, "log10_lambda": -4.453704558320021, "log10_min_child_weight": 2.934886879428964, "log10_subsample": -0.46023654899606004, "max_depth": 9.0, "num_boost_round": 37.0}, "datetime": {"datetime": "2024-01-19 00:37:37", "elapsed": 1560.98777, "delta": 0.002774}}
{"target": -13.757140764418137, "params": {"gamma": 412.5139344505323, "log10_alpha": -3.869772049650731, "log10_colsample_bytree": -0.7364968373758382, "log10_eta": -2.684074661003377, "log10_lambda": -4.453704558320021, "log10_min_child_weight": 2.934886879428964, "log10_subsample": -0.46023654899606004, "max_depth": 9.0, "num_boost_round": 38.0}, "datetime": {"datetime": "2024-01-19 00:37:37", "elapsed": 1560.990665, "delta": 0.002895}}
{"target": -13.757103373362748, "params": {"gamma": 412.5139344505323, "log10_alpha": -3.869772049650731, "log10_colsample_bytree": -0.7364968373758382, "log10_eta": -2.684074661003377, "log10_lambda": -4.453704558320021, "log10_min_child_weight": 2.934886879428964, "log10_subsample": -0.46023654899606004, "max_depth": 9.0, "num_boost_round": 39.0}, "datetime": {"datetime": "2024-01-19 00:37:37", "elapsed": 1560.993569, "delta": 0.002904}}
{"target": -13.757061172050856, "params": {"gamma": 412.5139344505323, "log10_alpha": -3.869772049650731, "log10_colsample_bytree": -0.7364968373758382, "log10_eta": -2.684074661003377, "log10_lambda": -4.453704558320021, "log10_min_child_weight": 2.934886879428964, "log10_subsample": -0.46023654899606004, "max_depth": 9.0, "num_boost_round": 40.0}, "datetime": {"datetime": "2024-01-19 00:37:37", "elapsed": 1560.996378, "delta": 0.002809}}
{"target": -13.757055856093654, "params": {"gamma": 412.5139344505323, "log10_alpha": -3.869772049650731, "log10_colsample_bytree": -0.7364968373758382, "log10_eta": -2.684074661003377, "log10_lambda": -4.453704558320021, "log10_min_child_weight": 2.934886879428964, "log10_subsample": -0.46023654899606004, "max_depth": 9.0, "num_boost_round": 41.0}, "datetime": {"datetime": "2024-01-19 00:37:37", "elapsed": 1560.999263, "delta": 0.002885}}
{"target": -13.757076347883539, "params": {"gamma": 412.5139344505323, "log10_alpha": -3.869772049650731, "log10_colsample_bytree": -0.7364968373758382, "log10_eta": -2.684074661003377, "log10_lambda": -4.453704558320021, "log10_min_child_weight": 2.934886879428964, "log10_subsample": -0.46023654899606004, "max_depth": 9.0, "num_boost_round": 42.0}, "datetime": {"datetime": "2024-01-19 00:37:37", "elapsed": 1561.002013, "delta": 0.00275}}
{"target": -13.757029221154669, "params": {"gamma": 412.5139344505323, "log10_alpha": -3.869772049650731, "log10_colsample_bytree": -0.7364968373758382, "log10_eta": -2.684074661003377, "log10_lambda": -4.453704558320021, "log10_min_child_weight": 2.934886879428964, "log10_subsample": -0.46023654899606004, "max_depth": 9.0, "num_boost_round": 43.0}, "datetime": {"datetime": "2024-01-19 00:37:37", "elapsed": 1561.00475, "delta": 0.002737}}
{"target": -13.75696646132575, "params": {"gamma": 412.5139344505323, "log10_alpha": -3.869772049650731, "log10_colsample_bytree": -0.7364968373758382, "log10_eta": -2.684074661003377, "log10_lambda": -4.453704558320021, "log10_min_child_weight": 2.934886879428964, "log10_subsample": -0.46023654899606004, "max_depth": 9.0, "num_boost_round": 44.0}, "datetime": {"datetime": "2024-01-19 00:37:37", "elapsed": 1561.007491, "delta": 0.002741}}
{"target": -13.756881452228525, "params": {"gamma": 412.5139344505323, "log10_alpha": -3.869772049650731, "log10_colsample_bytree": -0.7364968373758382, "log10_eta": -2.684074661003377, "log10_lambda": -4.453704558320021, "log10_min_child_weight": 2.934886879428964, "log10_subsample": -0.46023654899606004, "max_depth": 9.0, "num_boost_round": 45.0}, "datetime": {"datetime": "2024-01-19 00:37:37", "elapsed": 1561.010369, "delta": 0.002878}}
{"target": -13.75682487521604, "params": {"gamma": 412.5139344505323, "log10_alpha": -3.869772049650731, "log10_colsample_bytree": -0.7364968373758382, "log10_eta": -2.684074661003377, "log10_lambda": -4.453704558320021, "log10_min_child_weight": 2.934886879428964, "log10_subsample": -0.46023654899606004, "max_depth": 9.0, "num_boost_round": 46.0}, "datetime": {"datetime": "2024-01-19 00:37:37", "elapsed": 1561.013097, "delta": 0.002728}}
{"target": -13.756822867542054, "params": {"gamma": 412.5139344505323, "log10_alpha": -3.869772049650731, "log10_colsample_bytree": -0.7364968373758382, "log10_eta": -2.684074661003377, "log10_lambda": -4.453704558320021, "log10_min_child_weight": 2.934886879428964, "log10_subsample": -0.46023654899606004, "max_depth": 9.0, "num_boost_round": 47.0}, "datetime": {"datetime": "2024-01-19 00:37:37", "elapsed": 1561.015851, "delta": 0.002754}}
