{"target": -13.758612157818412, "params": {"gamma": 561.2681394602993, "log10_alpha": -0.8754473380748635, "log10_colsample_bytree": -0.5335727214502546, "log10_eta": -1.359836394126266, "log10_lambda": 0.058474799970072766, "log10_min_child_weight": 1.0773183496534056, "log10_subsample": -0.1454593520335945, "max_depth": 9.0, "num_boost_round": 8.0}, "datetime": {"datetime": "2024-01-19 00:45:12", "elapsed": 2044.187698, "delta": 0.002386}}
{"target": -13.758158430983745, "params": {"gamma": 561.2681394602993, "log10_alpha": -0.8754473380748635, "log10_colsample_bytree": -0.5335727214502546, "log10_eta": -1.359836394126266, "log10_lambda": 0.058474799970072766, "log10_min_child_weight": 1.0773183496534056, "log10_subsample": -0.1454593520335945, "max_depth": 9.0, "num_boost_round": 9.0}, "datetime": {"datetime": "2024-01-19 00:45:12", "elapsed": 2044.190028, "delta": 0.00233}}
{"target": -13.759298541771384, "params": {"gamma": 561.2681394602993, "log10_alpha": -0.8754473380748635, "log10_colsample_bytree": -0.5335727214502546, "log10_eta": -1.359836394126266, "log10_lambda": 0.058474799970072766, "log10_min_child_weight": 1.0773183496534056, "log10_subsample": -0.1454593520335945, "max_depth": 9.0, "num_boost_round": 10.0}, "datetime": {"datetime": "2024-01-19 00:45:12", "elapsed": 2044.192314, "delta": 0.002286}}
{"target": -13.761029176674276, "params": {"gamma": 561.2681394602993, "log10_alpha": -0.8754473380748635, "log10_colsample_bytree": -0.5335727214502546, "log10_eta": -1.359836394126266, "log10_lambda": 0.058474799970072766, "log10_min_child_weight": 1.0773183496534056, "log10_subsample": -0.1454593520335945, "max_depth": 9.0, "num_boost_round": 11.0}, "datetime": {"datetime": "2024-01-19 00:45:12", "elapsed": 2044.194588, "delta": 0.002274}}
{"target": -13.76402882484827, "params": {"gamma": 561.2681394602993, "log10_alpha": -0.8754473380748635, "log10_colsample_bytree": -0.5335727214502546, "log10_eta": -1.359836394126266, "log10_lambda": 0.058474799970072766, "log10_min_child_weight": 1.0773183496534056, "log10_subsample": -0.1454593520335945, "max_depth": 9.0, "num_boost_round": 12.0}, "datetime": {"datetime": "2024-01-19 00:45:12", "elapsed": 2044.19688, "delta": 0.002292}}
{"target": -13.765775700103879, "params": {"gamma": 561.2681394602993, "log10_alpha": -0.8754473380748635, "log10_colsample_bytree": -0.5335727214502546, "log10_eta": -1.359836394126266, "log10_lambda": 0.058474799970072766, "log10_min_child_weight": 1.0773183496534056, "log10_subsample": -0.1454593520335945, "max_depth": 9.0, "num_boost_round": 13.0}, "datetime": {"datetime": "2024-01-19 00:45:12", "elapsed": 2044.199188, "delta": 0.002308}}
{"target": -13.765935822914411, "params": {"gamma": 561.2681394602993, "log10_alpha": -0.8754473380748635, "log10_colsample_bytree": -0.5335727214502546, "log10_eta": -1.359836394126266, "log10_lambda": 0.058474799970072766, "log10_min_child_weight": 1.0773183496534056, "log10_subsample": -0.1454593520335945, "max_depth": 9.0, "num_boost_round": 14.0}, "datetime": {"datetime": "2024-01-19 00:45:12", "elapsed": 2044.201462, "delta": 0.002274}}
{"target": -13.767632435424174, "params": {"gamma": 561.2681394602993, "log10_alpha": -0.8754473380748635, "log10_colsample_bytree": -0.5335727214502546, "log10_eta": -1.359836394126266, "log10_lambda": 0.058474799970072766, "log10_min_child_weight": 1.0773183496534056, "log10_subsample": -0.1454593520335945, "max_depth": 9.0, "num_boost_round": 15.0}, "datetime": {"datetime": "2024-01-19 00:45:12", "elapsed": 2044.203832, "delta": 0.00237}}
{"target": -13.768931705269978, "params": {"gamma": 561.2681394602993, "log10_alpha": -0.8754473380748635, "log10_colsample_bytree": -0.5335727214502546, "log10_eta": -1.359836394126266, "log10_lambda": 0.058474799970072766, "log10_min_child_weight": 1.0773183496534056, "log10_subsample": -0.1454593520335945, "max_depth": 9.0, "num_boost_round": 16.0}, "datetime": {"datetime": "2024-01-19 00:45:12", "elapsed": 2044.20623, "delta": 0.002398}}
{"target": -13.771312586115156, "params": {"gamma": 561.2681394602993, "log10_alpha": -0.8754473380748635, "log10_colsample_bytree": -0.5335727214502546, "log10_eta": -1.359836394126266, "log10_lambda": 0.058474799970072766, "log10_min_child_weight": 1.0773183496534056, "log10_subsample": -0.1454593520335945, "max_depth": 9.0, "num_boost_round": 17.0}, "datetime": {"datetime": "2024-01-19 00:45:12", "elapsed": 2044.208509, "delta": 0.002279}}
{"target": -13.77244650653636, "params": {"gamma": 561.2681394602993, "log10_alpha": -0.8754473380748635, "log10_colsample_bytree": -0.5335727214502546, "log10_eta": -1.359836394126266, "log10_lambda": 0.058474799970072766, "log10_min_child_weight": 1.0773183496534056, "log10_subsample": -0.1454593520335945, "max_depth": 9.0, "num_boost_round": 18.0}, "datetime": {"datetime": "2024-01-19 00:45:12", "elapsed": 2044.210803, "delta": 0.002294}}
{"target": -13.771360178260192, "params": {"gamma": 561.2681394602993, "log10_alpha": -0.8754473380748635, "log10_colsample_bytree": -0.5335727214502546, "log10_eta": -1.359836394126266, "log10_lambda": 0.058474799970072766, "log10_min_child_weight": 1.0773183496534056, "log10_subsample": -0.1454593520335945, "max_depth": 9.0, "num_boost_round": 19.0}, "datetime": {"datetime": "2024-01-19 00:45:12", "elapsed": 2044.213125, "delta": 0.002322}}
{"target": -13.772933078399275, "params": {"gamma": 561.2681394602993, "log10_alpha": -0.8754473380748635, "log10_colsample_bytree": -0.5335727214502546, "log10_eta": -1.359836394126266, "log10_lambda": 0.058474799970072766, "log10_min_child_weight": 1.0773183496534056, "log10_subsample": -0.1454593520335945, "max_depth": 9.0, "num_boost_round": 20.0}, "datetime": {"datetime": "2024-01-19 00:45:12", "elapsed": 2044.215416, "delta": 0.002291}}
{"target": -13.775954937520082, "params": {"gamma": 561.2681394602993, "log10_alpha": -0.8754473380748635, "log10_colsample_bytree": -0.5335727214502546, "log10_eta": -1.359836394126266, "log10_lambda": 0.058474799970072766, "log10_min_child_weight": 1.0773183496534056, "log10_subsample": -0.1454593520335945, "max_depth": 9.0, "num_boost_round": 21.0}, "datetime": {"datetime": "2024-01-19 00:45:12", "elapsed": 2044.217713, "delta": 0.002297}}
{"target": -13.779347974016977, "params": {"gamma": 561.2681394602993, "log10_alpha": -0.8754473380748635, "log10_colsample_bytree": -0.5335727214502546, "log10_eta": -1.359836394126266, "log10_lambda": 0.058474799970072766, "log10_min_child_weight": 1.0773183496534056, "log10_subsample": -0.1454593520335945, "max_depth": 9.0, "num_boost_round": 22.0}, "datetime": {"datetime": "2024-01-19 00:45:12", "elapsed": 2044.22001, "delta": 0.002297}}
{"target": -13.784023248799121, "params": {"gamma": 561.2681394602993, "log10_alpha": -0.8754473380748635, "log10_colsample_bytree": -0.5335727214502546, "log10_eta": -1.359836394126266, "log10_lambda": 0.058474799970072766, "log10_min_child_weight": 1.0773183496534056, "log10_subsample": -0.1454593520335945, "max_depth": 9.0, "num_boost_round": 23.0}, "datetime": {"datetime": "2024-01-19 00:45:12", "elapsed": 2044.222388, "delta": 0.002378}}
{"target": -13.787643622636809, "params": {"gamma": 561.2681394602993, "log10_alpha": -0.8754473380748635, "log10_colsample_bytree": -0.5335727214502546, "log10_eta": -1.359836394126266, "log10_lambda": 0.058474799970072766, "log10_min_child_weight": 1.0773183496534056, "log10_subsample": -0.1454593520335945, "max_depth": 9.0, "num_boost_round": 24.0}, "datetime": {"datetime": "2024-01-19 00:45:12", "elapsed": 2044.224734, "delta": 0.002346}}
{"target": -13.789953498909911, "params": {"gamma": 561.2681394602993, "log10_alpha": -0.8754473380748635, "log10_colsample_bytree": -0.5335727214502546, "log10_eta": -1.359836394126266, "log10_lambda": 0.058474799970072766, "log10_min_child_weight": 1.0773183496534056, "log10_subsample": -0.1454593520335945, "max_depth": 9.0, "num_boost_round": 25.0}, "datetime": {"datetime": "2024-01-19 00:45:12", "elapsed": 2044.227144, "delta": 0.00241}}
{"target": -13.79469658315155, "params": {"gamma": 561.2681394602993, "log10_alpha": -0.8754473380748635, "log10_colsample_bytree": -0.5335727214502546, "log10_eta": -1.359836394126266, "log10_lambda": 0.058474799970072766, "log10_min_child_weight": 1.0773183496534056, "log10_subsample": -0.1454593520335945, "max_depth": 9.0, "num_boost_round": 26.0}, "datetime": {"datetime": "2024-01-19 00:45:12", "elapsed": 2044.229448, "delta": 0.002304}}
{"target": -13.796930508717061, "params": {"gamma": 561.2681394602993, "log10_alpha": -0.8754473380748635, "log10_colsample_bytree": -0.5335727214502546, "log10_eta": -1.359836394126266, "log10_lambda": 0.058474799970072766, "log10_min_child_weight": 1.0773183496534056, "log10_subsample": -0.1454593520335945, "max_depth": 9.0, "num_boost_round": 27.0}, "datetime": {"datetime": "2024-01-19 00:45:12", "elapsed": 2044.231735, "delta": 0.002287}}
{"target": -13.799864543627313, "params": {"gamma": 561.2681394602993, "log10_alpha": -0.8754473380748635, "log10_colsample_bytree": -0.5335727214502546, "log10_eta": -1.359836394126266, "log10_lambda": 0.058474799970072766, "log10_min_child_weight": 1.0773183496534056, "log10_subsample": -0.1454593520335945, "max_depth": 9.0, "num_boost_round": 28.0}, "datetime": {"datetime": "2024-01-19 00:45:12", "elapsed": 2044.234057, "delta": 0.002322}}
{"target": -13.80364074686304, "params": {"gamma": 561.2681394602993, "log10_alpha": -0.8754473380748635, "log10_colsample_bytree": -0.5335727214502546, "log10_eta": -1.359836394126266, "log10_lambda": 0.058474799970072766, "log10_min_child_weight": 1.0773183496534056, "log10_subsample": -0.1454593520335945, "max_depth": 9.0, "num_boost_round": 29.0}, "datetime": {"datetime": "2024-01-19 00:45:12", "elapsed": 2044.236382, "delta": 0.002325}}
{"target": -13.806078566620924, "params": {"gamma": 561.2681394602993, "log10_alpha": -0.8754473380748635, "log10_colsample_bytree": -0.5335727214502546, "log10_eta": -1.359836394126266, "log10_lambda": 0.058474799970072766, "log10_min_child_weight": 1.0773183496534056, "log10_subsample": -0.1454593520335945, "max_depth": 9.0, "num_boost_round": 30.0}, "datetime": {"datetime": "2024-01-19 00:45:12", "elapsed": 2044.238686, "delta": 0.002304}}
{"target": -13.807420553247583, "params": {"gamma": 561.2681394602993, "log10_alpha": -0.8754473380748635, "log10_colsample_bytree": -0.5335727214502546, "log10_eta": -1.359836394126266, "log10_lambda": 0.058474799970072766, "log10_min_child_weight": 1.0773183496534056, "log10_subsample": -0.1454593520335945, "max_depth": 9.0, "num_boost_round": 31.0}, "datetime": {"datetime": "2024-01-19 00:45:12", "elapsed": 2044.240982, "delta": 0.002296}}
{"target": -13.811227602419317, "params": {"gamma": 561.2681394602993, "log10_alpha": -0.8754473380748635, "log10_colsample_bytree": -0.5335727214502546, "log10_eta": -1.359836394126266, "log10_lambda": 0.058474799970072766, "log10_min_child_weight": 1.0773183496534056, "log10_subsample": -0.1454593520335945, "max_depth": 9.0, "num_boost_round": 32.0}, "datetime": {"datetime": "2024-01-19 00:45:12", "elapsed": 2044.243355, "delta": 0.002373}}
{"target": -13.81225194474717, "params": {"gamma": 561.2681394602993, "log10_alpha": -0.8754473380748635, "log10_colsample_bytree": -0.5335727214502546, "log10_eta": -1.359836394126266, "log10_lambda": 0.058474799970072766, "log10_min_child_weight": 1.0773183496534056, "log10_subsample": -0.1454593520335945, "max_depth": 9.0, "num_boost_round": 33.0}, "datetime": {"datetime": "2024-01-19 00:45:12", "elapsed": 2044.245679, "delta": 0.002324}}
{"target": -13.81632410072083, "params": {"gamma": 561.2681394602993, "log10_alpha": -0.8754473380748635, "log10_colsample_bytree": -0.5335727214502546, "log10_eta": -1.359836394126266, "log10_lambda": 0.058474799970072766, "log10_min_child_weight": 1.0773183496534056, "log10_subsample": -0.1454593520335945, "max_depth": 9.0, "num_boost_round": 34.0}, "datetime": {"datetime": "2024-01-19 00:45:12", "elapsed": 2044.248242, "delta": 0.002563}}
{"target": -13.820276584508948, "params": {"gamma": 561.2681394602993, "log10_alpha": -0.8754473380748635, "log10_colsample_bytree": -0.5335727214502546, "log10_eta": -1.359836394126266, "log10_lambda": 0.058474799970072766, "log10_min_child_weight": 1.0773183496534056, "log10_subsample": -0.1454593520335945, "max_depth": 9.0, "num_boost_round": 35.0}, "datetime": {"datetime": "2024-01-19 00:45:12", "elapsed": 2044.250717, "delta": 0.002475}}
{"target": -13.82399867400947, "params": {"gamma": 561.2681394602993, "log10_alpha": -0.8754473380748635, "log10_colsample_bytree": -0.5335727214502546, "log10_eta": -1.359836394126266, "log10_lambda": 0.058474799970072766, "log10_min_child_weight": 1.0773183496534056, "log10_subsample": -0.1454593520335945, "max_depth": 9.0, "num_boost_round": 36.0}, "datetime": {"datetime": "2024-01-19 00:45:12", "elapsed": 2044.253202, "delta": 0.002485}}
{"target": -13.824917341980372, "params": {"gamma": 561.2681394602993, "log10_alpha": -0.8754473380748635, "log10_colsample_bytree": -0.5335727214502546, "log10_eta": -1.359836394126266, "log10_lambda": 0.058474799970072766, "log10_min_child_weight": 1.0773183496534056, "log10_subsample": -0.1454593520335945, "max_depth": 9.0, "num_boost_round": 37.0}, "datetime": {"datetime": "2024-01-19 00:45:12", "elapsed": 2044.255668, "delta": 0.002466}}
{"target": -13.82590998745163, "params": {"gamma": 561.2681394602993, "log10_alpha": -0.8754473380748635, "log10_colsample_bytree": -0.5335727214502546, "log10_eta": -1.359836394126266, "log10_lambda": 0.058474799970072766, "log10_min_child_weight": 1.0773183496534056, "log10_subsample": -0.1454593520335945, "max_depth": 9.0, "num_boost_round": 38.0}, "datetime": {"datetime": "2024-01-19 00:45:12", "elapsed": 2044.258053, "delta": 0.002385}}
{"target": -13.827834770788245, "params": {"gamma": 561.2681394602993, "log10_alpha": -0.8754473380748635, "log10_colsample_bytree": -0.5335727214502546, "log10_eta": -1.359836394126266, "log10_lambda": 0.058474799970072766, "log10_min_child_weight": 1.0773183496534056, "log10_subsample": -0.1454593520335945, "max_depth": 9.0, "num_boost_round": 39.0}, "datetime": {"datetime": "2024-01-19 00:45:12", "elapsed": 2044.260359, "delta": 0.002306}}
{"target": -13.831410755187806, "params": {"gamma": 561.2681394602993, "log10_alpha": -0.8754473380748635, "log10_colsample_bytree": -0.5335727214502546, "log10_eta": -1.359836394126266, "log10_lambda": 0.058474799970072766, "log10_min_child_weight": 1.0773183496534056, "log10_subsample": -0.1454593520335945, "max_depth": 9.0, "num_boost_round": 40.0}, "datetime": {"datetime": "2024-01-19 00:45:12", "elapsed": 2044.262746, "delta": 0.002387}}
{"target": -13.834052832789213, "params": {"gamma": 561.2681394602993, "log10_alpha": -0.8754473380748635, "log10_colsample_bytree": -0.5335727214502546, "log10_eta": -1.359836394126266, "log10_lambda": 0.058474799970072766, "log10_min_child_weight": 1.0773183496534056, "log10_subsample": -0.1454593520335945, "max_depth": 9.0, "num_boost_round": 41.0}, "datetime": {"datetime": "2024-01-19 00:45:12", "elapsed": 2044.265083, "delta": 0.002337}}
{"target": -13.836709055804846, "params": {"gamma": 561.2681394602993, "log10_alpha": -0.8754473380748635, "log10_colsample_bytree": -0.5335727214502546, "log10_eta": -1.359836394126266, "log10_lambda": 0.058474799970072766, "log10_min_child_weight": 1.0773183496534056, "log10_subsample": -0.1454593520335945, "max_depth": 9.0, "num_boost_round": 42.0}, "datetime": {"datetime": "2024-01-19 00:45:12", "elapsed": 2044.267534, "delta": 0.002451}}
{"target": -13.838587275073033, "params": {"gamma": 561.2681394602993, "log10_alpha": -0.8754473380748635, "log10_colsample_bytree": -0.5335727214502546, "log10_eta": -1.359836394126266, "log10_lambda": 0.058474799970072766, "log10_min_child_weight": 1.0773183496534056, "log10_subsample": -0.1454593520335945, "max_depth": 9.0, "num_boost_round": 43.0}, "datetime": {"datetime": "2024-01-19 00:45:12", "elapsed": 2044.269849, "delta": 0.002315}}
{"target": -13.911912275667834, "params": {"gamma": 544.5938017870046, "log10_alpha": 0.34294365873866717, "log10_colsample_bytree": -0.8906078914003523, "log10_eta": -0.14033392387222543, "log10_lambda": -3.6321288405634795, "log10_min_child_weight": 1.6297694473131004, "log10_subsample": -0.7770267048876001, "max_depth": 9.0, "num_boost_round": 0.0}, "datetime": {"datetime": "2024-01-19 00:46:05", "elapsed": 2096.898558, "delta": 52.628709}}
{"target": -13.983037688586478, "params": {"gamma": 544.5938017870046, "log10_alpha": 0.34294365873866717, "log10_colsample_bytree": -0.8906078914003523, "log10_eta": -0.14033392387222543, "log10_lambda": -3.6321288405634795, "log10_min_child_weight": 1.6297694473131004, "log10_subsample": -0.7770267048876001, "max_depth": 9.0, "num_boost_round": 1.0}, "datetime": {"datetime": "2024-01-19 00:46:05", "elapsed": 2096.901397, "delta": 0.002839}}
{"target": -14.041664753247364, "params": {"gamma": 544.5938017870046, "log10_alpha": 0.34294365873866717, "log10_colsample_bytree": -0.8906078914003523, "log10_eta": -0.14033392387222543, "log10_lambda": -3.6321288405634795, "log10_min_child_weight": 1.6297694473131004, "log10_subsample": -0.7770267048876001, "max_depth": 9.0, "num_boost_round": 2.0}, "datetime": {"datetime": "2024-01-19 00:46:05", "elapsed": 2096.904178, "delta": 0.002781}}
{"target": -14.087834448448428, "params": {"gamma": 544.5938017870046, "log10_alpha": 0.34294365873866717, "log10_colsample_bytree": -0.8906078914003523, "log10_eta": -0.14033392387222543, "log10_lambda": -3.6321288405634795, "log10_min_child_weight": 1.6297694473131004, "log10_subsample": -0.7770267048876001, "max_depth": 9.0, "num_boost_round": 3.0}, "datetime": {"datetime": "2024-01-19 00:46:05", "elapsed": 2096.906755, "delta": 0.002577}}
{"target": -14.167188301875578, "params": {"gamma": 544.5938017870046, "log10_alpha": 0.34294365873866717, "log10_colsample_bytree": -0.8906078914003523, "log10_eta": -0.14033392387222543, "log10_lambda": -3.6321288405634795, "log10_min_child_weight": 1.6297694473131004, "log10_subsample": -0.7770267048876001, "max_depth": 9.0, "num_boost_round": 4.0}, "datetime": {"datetime": "2024-01-19 00:46:05", "elapsed": 2096.909116, "delta": 0.002361}}
{"target": -14.237183648557876, "params": {"gamma": 544.5938017870046, "log10_alpha": 0.34294365873866717, "log10_colsample_bytree": -0.8906078914003523, "log10_eta": -0.14033392387222543, "log10_lambda": -3.6321288405634795, "log10_min_child_weight": 1.6297694473131004, "log10_subsample": -0.7770267048876001, "max_depth": 9.0, "num_boost_round": 5.0}, "datetime": {"datetime": "2024-01-19 00:46:05", "elapsed": 2096.91147, "delta": 0.002354}}
{"target": -14.281547413532651, "params": {"gamma": 544.5938017870046, "log10_alpha": 0.34294365873866717, "log10_colsample_bytree": -0.8906078914003523, "log10_eta": -0.14033392387222543, "log10_lambda": -3.6321288405634795, "log10_min_child_weight": 1.6297694473131004, "log10_subsample": -0.7770267048876001, "max_depth": 9.0, "num_boost_round": 6.0}, "datetime": {"datetime": "2024-01-19 00:46:05", "elapsed": 2096.91383, "delta": 0.00236}}
{"target": -14.695039888336416, "params": {"gamma": 544.5938017870046, "log10_alpha": 0.34294365873866717, "log10_colsample_bytree": -0.8906078914003523, "log10_eta": -0.14033392387222543, "log10_lambda": -3.6321288405634795, "log10_min_child_weight": 1.6297694473131004, "log10_subsample": -0.7770267048876001, "max_depth": 9.0, "num_boost_round": 7.0}, "datetime": {"datetime": "2024-01-19 00:46:05", "elapsed": 2096.916346, "delta": 0.002516}}
{"target": -14.806810503802753, "params": {"gamma": 544.5938017870046, "log10_alpha": 0.34294365873866717, "log10_colsample_bytree": -0.8906078914003523, "log10_eta": -0.14033392387222543, "log10_lambda": -3.6321288405634795, "log10_min_child_weight": 1.6297694473131004, "log10_subsample": -0.7770267048876001, "max_depth": 9.0, "num_boost_round": 8.0}, "datetime": {"datetime": "2024-01-19 00:46:05", "elapsed": 2096.918713, "delta": 0.002367}}
{"target": -14.871274245907806, "params": {"gamma": 544.5938017870046, "log10_alpha": 0.34294365873866717, "log10_colsample_bytree": -0.8906078914003523, "log10_eta": -0.14033392387222543, "log10_lambda": -3.6321288405634795, "log10_min_child_weight": 1.6297694473131004, "log10_subsample": -0.7770267048876001, "max_depth": 9.0, "num_boost_round": 9.0}, "datetime": {"datetime": "2024-01-19 00:46:05", "elapsed": 2096.921054, "delta": 0.002341}}
{"target": -14.953088045229382, "params": {"gamma": 544.5938017870046, "log10_alpha": 0.34294365873866717, "log10_colsample_bytree": -0.8906078914003523, "log10_eta": -0.14033392387222543, "log10_lambda": -3.6321288405634795, "log10_min_child_weight": 1.6297694473131004, "log10_subsample": -0.7770267048876001, "max_depth": 9.0, "num_boost_round": 10.0}, "datetime": {"datetime": "2024-01-19 00:46:05", "elapsed": 2096.923467, "delta": 0.002413}}
{"target": -15.034580769102384, "params": {"gamma": 544.5938017870046, "log10_alpha": 0.34294365873866717, "log10_colsample_bytree": -0.8906078914003523, "log10_eta": -0.14033392387222543, "log10_lambda": -3.6321288405634795, "log10_min_child_weight": 1.6297694473131004, "log10_subsample": -0.7770267048876001, "max_depth": 9.0, "num_boost_round": 11.0}, "datetime": {"datetime": "2024-01-19 00:46:05", "elapsed": 2096.9259, "delta": 0.002433}}
{"target": -15.148628123980576, "params": {"gamma": 544.5938017870046, "log10_alpha": 0.34294365873866717, "log10_colsample_bytree": -0.8906078914003523, "log10_eta": -0.14033392387222543, "log10_lambda": -3.6321288405634795, "log10_min_child_weight": 1.6297694473131004, "log10_subsample": -0.7770267048876001, "max_depth": 9.0, "num_boost_round": 12.0}, "datetime": {"datetime": "2024-01-19 00:46:05", "elapsed": 2096.928306, "delta": 0.002406}}
