{"target": -13.758232217433267, "params": {"gamma": 44.254026049646896, "log10_alpha": -4.133927484094981, "log10_colsample_bytree": -0.46946865968605334, "log10_eta": -2.8697604798854757, "log10_lambda": -4.084906153217236, "log10_min_child_weight": 0.922314003087466, "log10_subsample": -0.9539500829263556, "max_depth": 2.0, "num_boost_round": 20.0}, "datetime": {"datetime": "2024-01-19 01:11:45", "elapsed": 3613.393659, "delta": 0.003587}}
{"target": -13.758229842901775, "params": {"gamma": 44.254026049646896, "log10_alpha": -4.133927484094981, "log10_colsample_bytree": -0.46946865968605334, "log10_eta": -2.8697604798854757, "log10_lambda": -4.084906153217236, "log10_min_child_weight": 0.922314003087466, "log10_subsample": -0.9539500829263556, "max_depth": 2.0, "num_boost_round": 21.0}, "datetime": {"datetime": "2024-01-19 01:11:45", "elapsed": 3613.397171, "delta": 0.003512}}
{"target": -13.758175915368852, "params": {"gamma": 44.254026049646896, "log10_alpha": -4.133927484094981, "log10_colsample_bytree": -0.46946865968605334, "log10_eta": -2.8697604798854757, "log10_lambda": -4.084906153217236, "log10_min_child_weight": 0.922314003087466, "log10_subsample": -0.9539500829263556, "max_depth": 2.0, "num_boost_round": 22.0}, "datetime": {"datetime": "2024-01-19 01:11:45", "elapsed": 3613.400757, "delta": 0.003586}}
{"target": -13.75814962248946, "params": {"gamma": 44.254026049646896, "log10_alpha": -4.133927484094981, "log10_colsample_bytree": -0.46946865968605334, "log10_eta": -2.8697604798854757, "log10_lambda": -4.084906153217236, "log10_min_child_weight": 0.922314003087466, "log10_subsample": -0.9539500829263556, "max_depth": 2.0, "num_boost_round": 23.0}, "datetime": {"datetime": "2024-01-19 01:11:45", "elapsed": 3613.404227, "delta": 0.00347}}
{"target": -13.758142281759971, "params": {"gamma": 44.254026049646896, "log10_alpha": -4.133927484094981, "log10_colsample_bytree": -0.46946865968605334, "log10_eta": -2.8697604798854757, "log10_lambda": -4.084906153217236, "log10_min_child_weight": 0.922314003087466, "log10_subsample": -0.9539500829263556, "max_depth": 2.0, "num_boost_round": 24.0}, "datetime": {"datetime": "2024-01-19 01:11:45", "elapsed": 3613.407732, "delta": 0.003505}}
{"target": -13.758122930001644, "params": {"gamma": 44.254026049646896, "log10_alpha": -4.133927484094981, "log10_colsample_bytree": -0.46946865968605334, "log10_eta": -2.8697604798854757, "log10_lambda": -4.084906153217236, "log10_min_child_weight": 0.922314003087466, "log10_subsample": -0.9539500829263556, "max_depth": 2.0, "num_boost_round": 25.0}, "datetime": {"datetime": "2024-01-19 01:11:45", "elapsed": 3613.411238, "delta": 0.003506}}
{"target": -13.758101799230584, "params": {"gamma": 44.254026049646896, "log10_alpha": -4.133927484094981, "log10_colsample_bytree": -0.46946865968605334, "log10_eta": -2.8697604798854757, "log10_lambda": -4.084906153217236, "log10_min_child_weight": 0.922314003087466, "log10_subsample": -0.9539500829263556, "max_depth": 2.0, "num_boost_round": 26.0}, "datetime": {"datetime": "2024-01-19 01:11:45", "elapsed": 3613.414658, "delta": 0.00342}}
{"target": -13.7580840055781, "params": {"gamma": 44.254026049646896, "log10_alpha": -4.133927484094981, "log10_colsample_bytree": -0.46946865968605334, "log10_eta": -2.8697604798854757, "log10_lambda": -4.084906153217236, "log10_min_child_weight": 0.922314003087466, "log10_subsample": -0.9539500829263556, "max_depth": 2.0, "num_boost_round": 27.0}, "datetime": {"datetime": "2024-01-19 01:11:45", "elapsed": 3613.418162, "delta": 0.003504}}
{"target": -13.758073337345943, "params": {"gamma": 44.254026049646896, "log10_alpha": -4.133927484094981, "log10_colsample_bytree": -0.46946865968605334, "log10_eta": -2.8697604798854757, "log10_lambda": -4.084906153217236, "log10_min_child_weight": 0.922314003087466, "log10_subsample": -0.9539500829263556, "max_depth": 2.0, "num_boost_round": 28.0}, "datetime": {"datetime": "2024-01-19 01:11:45", "elapsed": 3613.421568, "delta": 0.003406}}
{"target": -13.758067033599042, "params": {"gamma": 44.254026049646896, "log10_alpha": -4.133927484094981, "log10_colsample_bytree": -0.46946865968605334, "log10_eta": -2.8697604798854757, "log10_lambda": -4.084906153217236, "log10_min_child_weight": 0.922314003087466, "log10_subsample": -0.9539500829263556, "max_depth": 2.0, "num_boost_round": 29.0}, "datetime": {"datetime": "2024-01-19 01:11:45", "elapsed": 3613.424977, "delta": 0.003409}}
{"target": -13.75805738246689, "params": {"gamma": 44.254026049646896, "log10_alpha": -4.133927484094981, "log10_colsample_bytree": -0.46946865968605334, "log10_eta": -2.8697604798854757, "log10_lambda": -4.084906153217236, "log10_min_child_weight": 0.922314003087466, "log10_subsample": -0.9539500829263556, "max_depth": 2.0, "num_boost_round": 30.0}, "datetime": {"datetime": "2024-01-19 01:11:45", "elapsed": 3613.428534, "delta": 0.003557}}
{"target": -13.75804448264911, "params": {"gamma": 44.254026049646896, "log10_alpha": -4.133927484094981, "log10_colsample_bytree": -0.46946865968605334, "log10_eta": -2.8697604798854757, "log10_lambda": -4.084906153217236, "log10_min_child_weight": 0.922314003087466, "log10_subsample": -0.9539500829263556, "max_depth": 2.0, "num_boost_round": 31.0}, "datetime": {"datetime": "2024-01-19 01:11:45", "elapsed": 3613.431986, "delta": 0.003452}}
{"target": -13.758046469252477, "params": {"gamma": 44.254026049646896, "log10_alpha": -4.133927484094981, "log10_colsample_bytree": -0.46946865968605334, "log10_eta": -2.8697604798854757, "log10_lambda": -4.084906153217236, "log10_min_child_weight": 0.922314003087466, "log10_subsample": -0.9539500829263556, "max_depth": 2.0, "num_boost_round": 32.0}, "datetime": {"datetime": "2024-01-19 01:11:45", "elapsed": 3613.435462, "delta": 0.003476}}
{"target": -13.758017542786185, "params": {"gamma": 44.254026049646896, "log10_alpha": -4.133927484094981, "log10_colsample_bytree": -0.46946865968605334, "log10_eta": -2.8697604798854757, "log10_lambda": -4.084906153217236, "log10_min_child_weight": 0.922314003087466, "log10_subsample": -0.9539500829263556, "max_depth": 2.0, "num_boost_round": 33.0}, "datetime": {"datetime": "2024-01-19 01:11:45", "elapsed": 3613.438906, "delta": 0.003444}}
{"target": -13.758016891982862, "params": {"gamma": 44.254026049646896, "log10_alpha": -4.133927484094981, "log10_colsample_bytree": -0.46946865968605334, "log10_eta": -2.8697604798854757, "log10_lambda": -4.084906153217236, "log10_min_child_weight": 0.922314003087466, "log10_subsample": -0.9539500829263556, "max_depth": 2.0, "num_boost_round": 34.0}, "datetime": {"datetime": "2024-01-19 01:11:45", "elapsed": 3613.442338, "delta": 0.003432}}
{"target": -13.760186184368862, "params": {"gamma": 35.41914426293158, "log10_alpha": -0.5008197992049226, "log10_colsample_bytree": -0.707738864453071, "log10_eta": -0.732258730731842, "log10_lambda": -3.9668457707828724, "log10_min_child_weight": 3.9704025894823873, "log10_subsample": -0.8866102356629556, "max_depth": 9.0, "num_boost_round": 0.0}, "datetime": {"datetime": "2024-01-19 01:12:16", "elapsed": 3644.278472, "delta": 30.836134}}
{"target": -13.760527759518599, "params": {"gamma": 35.41914426293158, "log10_alpha": -0.5008197992049226, "log10_colsample_bytree": -0.707738864453071, "log10_eta": -0.732258730731842, "log10_lambda": -3.9668457707828724, "log10_min_child_weight": 3.9704025894823873, "log10_subsample": -0.8866102356629556, "max_depth": 9.0, "num_boost_round": 1.0}, "datetime": {"datetime": "2024-01-19 01:12:16", "elapsed": 3644.283175, "delta": 0.004703}}
{"target": -13.762093367410001, "params": {"gamma": 35.41914426293158, "log10_alpha": -0.5008197992049226, "log10_colsample_bytree": -0.707738864453071, "log10_eta": -0.732258730731842, "log10_lambda": -3.9668457707828724, "log10_min_child_weight": 3.9704025894823873, "log10_subsample": -0.8866102356629556, "max_depth": 9.0, "num_boost_round": 2.0}, "datetime": {"datetime": "2024-01-19 01:12:16", "elapsed": 3644.287382, "delta": 0.004207}}
{"target": -13.763573218419017, "params": {"gamma": 35.41914426293158, "log10_alpha": -0.5008197992049226, "log10_colsample_bytree": -0.707738864453071, "log10_eta": -0.732258730731842, "log10_lambda": -3.9668457707828724, "log10_min_child_weight": 3.9704025894823873, "log10_subsample": -0.8866102356629556, "max_depth": 9.0, "num_boost_round": 3.0}, "datetime": {"datetime": "2024-01-19 01:12:16", "elapsed": 3644.291303, "delta": 0.003921}}
{"target": -13.765150532174117, "params": {"gamma": 35.41914426293158, "log10_alpha": -0.5008197992049226, "log10_colsample_bytree": -0.707738864453071, "log10_eta": -0.732258730731842, "log10_lambda": -3.9668457707828724, "log10_min_child_weight": 3.9704025894823873, "log10_subsample": -0.8866102356629556, "max_depth": 9.0, "num_boost_round": 4.0}, "datetime": {"datetime": "2024-01-19 01:12:16", "elapsed": 3644.294981, "delta": 0.003678}}
{"target": -13.769260563665355, "params": {"gamma": 35.41914426293158, "log10_alpha": -0.5008197992049226, "log10_colsample_bytree": -0.707738864453071, "log10_eta": -0.732258730731842, "log10_lambda": -3.9668457707828724, "log10_min_child_weight": 3.9704025894823873, "log10_subsample": -0.8866102356629556, "max_depth": 9.0, "num_boost_round": 5.0}, "datetime": {"datetime": "2024-01-19 01:12:16", "elapsed": 3644.298714, "delta": 0.003733}}
{"target": -13.770522667076595, "params": {"gamma": 35.41914426293158, "log10_alpha": -0.5008197992049226, "log10_colsample_bytree": -0.707738864453071, "log10_eta": -0.732258730731842, "log10_lambda": -3.9668457707828724, "log10_min_child_weight": 3.9704025894823873, "log10_subsample": -0.8866102356629556, "max_depth": 9.0, "num_boost_round": 6.0}, "datetime": {"datetime": "2024-01-19 01:12:16", "elapsed": 3644.302273, "delta": 0.003559}}
{"target": -13.770947334969895, "params": {"gamma": 35.41914426293158, "log10_alpha": -0.5008197992049226, "log10_colsample_bytree": -0.707738864453071, "log10_eta": -0.732258730731842, "log10_lambda": -3.9668457707828724, "log10_min_child_weight": 3.9704025894823873, "log10_subsample": -0.8866102356629556, "max_depth": 9.0, "num_boost_round": 7.0}, "datetime": {"datetime": "2024-01-19 01:12:16", "elapsed": 3644.305889, "delta": 0.003616}}
{"target": -13.773508595905101, "params": {"gamma": 35.41914426293158, "log10_alpha": -0.5008197992049226, "log10_colsample_bytree": -0.707738864453071, "log10_eta": -0.732258730731842, "log10_lambda": -3.9668457707828724, "log10_min_child_weight": 3.9704025894823873, "log10_subsample": -0.8866102356629556, "max_depth": 9.0, "num_boost_round": 8.0}, "datetime": {"datetime": "2024-01-19 01:12:16", "elapsed": 3644.309425, "delta": 0.003536}}
{"target": -13.775621812323893, "params": {"gamma": 35.41914426293158, "log10_alpha": -0.5008197992049226, "log10_colsample_bytree": -0.707738864453071, "log10_eta": -0.732258730731842, "log10_lambda": -3.9668457707828724, "log10_min_child_weight": 3.9704025894823873, "log10_subsample": -0.8866102356629556, "max_depth": 9.0, "num_boost_round": 9.0}, "datetime": {"datetime": "2024-01-19 01:12:16", "elapsed": 3644.312917, "delta": 0.003492}}
{"target": -13.758508090318482, "params": {"gamma": 40.6221476113473, "log10_alpha": -4.657673336521929, "log10_colsample_bytree": -0.6899317135945324, "log10_eta": -2.255622713328519, "log10_lambda": -4.336170631001025, "log10_min_child_weight": 4.986928016530503, "log10_subsample": -0.7643953488404404, "max_depth": 5.0, "num_boost_round": 0.0}, "datetime": {"datetime": "2024-01-19 01:12:54", "elapsed": 3682.292249, "delta": 37.979332}}
{"target": -13.758506676098651, "params": {"gamma": 40.6221476113473, "log10_alpha": -4.657673336521929, "log10_colsample_bytree": -0.6899317135945324, "log10_eta": -2.255622713328519, "log10_lambda": -4.336170631001025, "log10_min_child_weight": 4.986928016530503, "log10_subsample": -0.7643953488404404, "max_depth": 5.0, "num_boost_round": 1.0}, "datetime": {"datetime": "2024-01-19 01:12:54", "elapsed": 3682.296408, "delta": 0.004159}}
{"target": -13.75850991603365, "params": {"gamma": 40.6221476113473, "log10_alpha": -4.657673336521929, "log10_colsample_bytree": -0.6899317135945324, "log10_eta": -2.255622713328519, "log10_lambda": -4.336170631001025, "log10_min_child_weight": 4.986928016530503, "log10_subsample": -0.7643953488404404, "max_depth": 5.0, "num_boost_round": 2.0}, "datetime": {"datetime": "2024-01-19 01:12:54", "elapsed": 3682.299977, "delta": 0.003569}}
{"target": -13.758508309539693, "params": {"gamma": 40.6221476113473, "log10_alpha": -4.657673336521929, "log10_colsample_bytree": -0.6899317135945324, "log10_eta": -2.255622713328519, "log10_lambda": -4.336170631001025, "log10_min_child_weight": 4.986928016530503, "log10_subsample": -0.7643953488404404, "max_depth": 5.0, "num_boost_round": 3.0}, "datetime": {"datetime": "2024-01-19 01:12:54", "elapsed": 3682.303669, "delta": 0.003692}}
{"target": -13.758513597735861, "params": {"gamma": 40.6221476113473, "log10_alpha": -4.657673336521929, "log10_colsample_bytree": -0.6899317135945324, "log10_eta": -2.255622713328519, "log10_lambda": -4.336170631001025, "log10_min_child_weight": 4.986928016530503, "log10_subsample": -0.7643953488404404, "max_depth": 5.0, "num_boost_round": 4.0}, "datetime": {"datetime": "2024-01-19 01:12:54", "elapsed": 3682.307227, "delta": 0.003558}}
{"target": -13.758511850543071, "params": {"gamma": 40.6221476113473, "log10_alpha": -4.657673336521929, "log10_colsample_bytree": -0.6899317135945324, "log10_eta": -2.255622713328519, "log10_lambda": -4.336170631001025, "log10_min_child_weight": 4.986928016530503, "log10_subsample": -0.7643953488404404, "max_depth": 5.0, "num_boost_round": 5.0}, "datetime": {"datetime": "2024-01-19 01:12:54", "elapsed": 3682.310868, "delta": 0.003641}}
{"target": -13.758511920518082, "params": {"gamma": 40.6221476113473, "log10_alpha": -4.657673336521929, "log10_colsample_bytree": -0.6899317135945324, "log10_eta": -2.255622713328519, "log10_lambda": -4.336170631001025, "log10_min_child_weight": 4.986928016530503, "log10_subsample": -0.7643953488404404, "max_depth": 5.0, "num_boost_round": 6.0}, "datetime": {"datetime": "2024-01-19 01:12:54", "elapsed": 3682.314389, "delta": 0.003521}}
{"target": -13.758493250054293, "params": {"gamma": 40.6221476113473, "log10_alpha": -4.657673336521929, "log10_colsample_bytree": -0.6899317135945324, "log10_eta": -2.255622713328519, "log10_lambda": -4.336170631001025, "log10_min_child_weight": 4.986928016530503, "log10_subsample": -0.7643953488404404, "max_depth": 5.0, "num_boost_round": 7.0}, "datetime": {"datetime": "2024-01-19 01:12:54", "elapsed": 3682.317903, "delta": 0.003514}}
{"target": -13.758487843233725, "params": {"gamma": 40.6221476113473, "log10_alpha": -4.657673336521929, "log10_colsample_bytree": -0.6899317135945324, "log10_eta": -2.255622713328519, "log10_lambda": -4.336170631001025, "log10_min_child_weight": 4.986928016530503, "log10_subsample": -0.7643953488404404, "max_depth": 5.0, "num_boost_round": 8.0}, "datetime": {"datetime": "2024-01-19 01:12:54", "elapsed": 3682.321392, "delta": 0.003489}}
{"target": -13.75848913010344, "params": {"gamma": 40.6221476113473, "log10_alpha": -4.657673336521929, "log10_colsample_bytree": -0.6899317135945324, "log10_eta": -2.255622713328519, "log10_lambda": -4.336170631001025, "log10_min_child_weight": 4.986928016530503, "log10_subsample": -0.7643953488404404, "max_depth": 5.0, "num_boost_round": 9.0}, "datetime": {"datetime": "2024-01-19 01:12:54", "elapsed": 3682.324967, "delta": 0.003575}}
{"target": -13.75848495879569, "params": {"gamma": 40.6221476113473, "log10_alpha": -4.657673336521929, "log10_colsample_bytree": -0.6899317135945324, "log10_eta": -2.255622713328519, "log10_lambda": -4.336170631001025, "log10_min_child_weight": 4.986928016530503, "log10_subsample": -0.7643953488404404, "max_depth": 5.0, "num_boost_round": 10.0}, "datetime": {"datetime": "2024-01-19 01:12:54", "elapsed": 3682.328556, "delta": 0.003589}}
{"target": -13.75848771730137, "params": {"gamma": 40.6221476113473, "log10_alpha": -4.657673336521929, "log10_colsample_bytree": -0.6899317135945324, "log10_eta": -2.255622713328519, "log10_lambda": -4.336170631001025, "log10_min_child_weight": 4.986928016530503, "log10_subsample": -0.7643953488404404, "max_depth": 5.0, "num_boost_round": 11.0}, "datetime": {"datetime": "2024-01-19 01:12:54", "elapsed": 3682.332087, "delta": 0.003531}}
{"target": -13.758468019346505, "params": {"gamma": 40.6221476113473, "log10_alpha": -4.657673336521929, "log10_colsample_bytree": -0.6899317135945324, "log10_eta": -2.255622713328519, "log10_lambda": -4.336170631001025, "log10_min_child_weight": 4.986928016530503, "log10_subsample": -0.7643953488404404, "max_depth": 5.0, "num_boost_round": 12.0}, "datetime": {"datetime": "2024-01-19 01:12:54", "elapsed": 3682.33566, "delta": 0.003573}}
{"target": -13.758451962553853, "params": {"gamma": 40.6221476113473, "log10_alpha": -4.657673336521929, "log10_colsample_bytree": -0.6899317135945324, "log10_eta": -2.255622713328519, "log10_lambda": -4.336170631001025, "log10_min_child_weight": 4.986928016530503, "log10_subsample": -0.7643953488404404, "max_depth": 5.0, "num_boost_round": 13.0}, "datetime": {"datetime": "2024-01-19 01:12:54", "elapsed": 3682.339207, "delta": 0.003547}}
{"target": -13.758436813074244, "params": {"gamma": 40.6221476113473, "log10_alpha": -4.657673336521929, "log10_colsample_bytree": -0.6899317135945324, "log10_eta": -2.255622713328519, "log10_lambda": -4.336170631001025, "log10_min_child_weight": 4.986928016530503, "log10_subsample": -0.7643953488404404, "max_depth": 5.0, "num_boost_round": 14.0}, "datetime": {"datetime": "2024-01-19 01:12:54", "elapsed": 3682.342731, "delta": 0.003524}}
{"target": -13.758408029284523, "params": {"gamma": 40.6221476113473, "log10_alpha": -4.657673336521929, "log10_colsample_bytree": -0.6899317135945324, "log10_eta": -2.255622713328519, "log10_lambda": -4.336170631001025, "log10_min_child_weight": 4.986928016530503, "log10_subsample": -0.7643953488404404, "max_depth": 5.0, "num_boost_round": 15.0}, "datetime": {"datetime": "2024-01-19 01:12:54", "elapsed": 3682.346376, "delta": 0.003645}}
{"target": -13.758399070764055, "params": {"gamma": 40.6221476113473, "log10_alpha": -4.657673336521929, "log10_colsample_bytree": -0.6899317135945324, "log10_eta": -2.255622713328519, "log10_lambda": -4.336170631001025, "log10_min_child_weight": 4.986928016530503, "log10_subsample": -0.7643953488404404, "max_depth": 5.0, "num_boost_round": 16.0}, "datetime": {"datetime": "2024-01-19 01:12:54", "elapsed": 3682.456882, "delta": 0.110506}}
{"target": -13.758399577446552, "params": {"gamma": 40.6221476113473, "log10_alpha": -4.657673336521929, "log10_colsample_bytree": -0.6899317135945324, "log10_eta": -2.255622713328519, "log10_lambda": -4.336170631001025, "log10_min_child_weight": 4.986928016530503, "log10_subsample": -0.7643953488404404, "max_depth": 5.0, "num_boost_round": 17.0}, "datetime": {"datetime": "2024-01-19 01:12:54", "elapsed": 3682.461077, "delta": 0.004195}}
{"target": -13.758383460451936, "params": {"gamma": 40.6221476113473, "log10_alpha": -4.657673336521929, "log10_colsample_bytree": -0.6899317135945324, "log10_eta": -2.255622713328519, "log10_lambda": -4.336170631001025, "log10_min_child_weight": 4.986928016530503, "log10_subsample": -0.7643953488404404, "max_depth": 5.0, "num_boost_round": 18.0}, "datetime": {"datetime": "2024-01-19 01:12:54", "elapsed": 3682.464751, "delta": 0.003674}}
{"target": -13.758361568560534, "params": {"gamma": 40.6221476113473, "log10_alpha": -4.657673336521929, "log10_colsample_bytree": -0.6899317135945324, "log10_eta": -2.255622713328519, "log10_lambda": -4.336170631001025, "log10_min_child_weight": 4.986928016530503, "log10_subsample": -0.7643953488404404, "max_depth": 5.0, "num_boost_round": 19.0}, "datetime": {"datetime": "2024-01-19 01:12:54", "elapsed": 3682.468429, "delta": 0.003678}}
{"target": -13.758364595449919, "params": {"gamma": 40.6221476113473, "log10_alpha": -4.657673336521929, "log10_colsample_bytree": -0.6899317135945324, "log10_eta": -2.255622713328519, "log10_lambda": -4.336170631001025, "log10_min_child_weight": 4.986928016530503, "log10_subsample": -0.7643953488404404, "max_depth": 5.0, "num_boost_round": 20.0}, "datetime": {"datetime": "2024-01-19 01:12:54", "elapsed": 3682.472049, "delta": 0.00362}}
{"target": -13.758368321835047, "params": {"gamma": 40.6221476113473, "log10_alpha": -4.657673336521929, "log10_colsample_bytree": -0.6899317135945324, "log10_eta": -2.255622713328519, "log10_lambda": -4.336170631001025, "log10_min_child_weight": 4.986928016530503, "log10_subsample": -0.7643953488404404, "max_depth": 5.0, "num_boost_round": 21.0}, "datetime": {"datetime": "2024-01-19 01:12:54", "elapsed": 3682.475722, "delta": 0.003673}}
{"target": -13.758365214609235, "params": {"gamma": 40.6221476113473, "log10_alpha": -4.657673336521929, "log10_colsample_bytree": -0.6899317135945324, "log10_eta": -2.255622713328519, "log10_lambda": -4.336170631001025, "log10_min_child_weight": 4.986928016530503, "log10_subsample": -0.7643953488404404, "max_depth": 5.0, "num_boost_round": 22.0}, "datetime": {"datetime": "2024-01-19 01:12:54", "elapsed": 3682.479548, "delta": 0.003826}}
{"target": -13.758350446455013, "params": {"gamma": 40.6221476113473, "log10_alpha": -4.657673336521929, "log10_colsample_bytree": -0.6899317135945324, "log10_eta": -2.255622713328519, "log10_lambda": -4.336170631001025, "log10_min_child_weight": 4.986928016530503, "log10_subsample": -0.7643953488404404, "max_depth": 5.0, "num_boost_round": 23.0}, "datetime": {"datetime": "2024-01-19 01:12:54", "elapsed": 3682.483192, "delta": 0.003644}}
