{"target": -13.758443975496027, "params": {"gamma": 864.4196074287538, "log10_alpha": -4.582683306885199, "log10_colsample_bytree": -0.10664972248023608, "log10_eta": -3.9535616125421598, "log10_lambda": -3.8013202173945855, "log10_min_child_weight": 2.3312824083056682, "log10_subsample": -0.14689468833330177, "max_depth": 9.0, "num_boost_round": 41.0}, "datetime": {"datetime": "2024-01-19 01:12:13", "elapsed": 3637.662897, "delta": 0.004414}}
{"target": -13.758440916809237, "params": {"gamma": 864.4196074287538, "log10_alpha": -4.582683306885199, "log10_colsample_bytree": -0.10664972248023608, "log10_eta": -3.9535616125421598, "log10_lambda": -3.8013202173945855, "log10_min_child_weight": 2.3312824083056682, "log10_subsample": -0.14689468833330177, "max_depth": 9.0, "num_boost_round": 42.0}, "datetime": {"datetime": "2024-01-19 01:12:13", "elapsed": 3637.667358, "delta": 0.004461}}
{"target": -13.758435963342878, "params": {"gamma": 864.4196074287538, "log10_alpha": -4.582683306885199, "log10_colsample_bytree": -0.10664972248023608, "log10_eta": -3.9535616125421598, "log10_lambda": -3.8013202173945855, "log10_min_child_weight": 2.3312824083056682, "log10_subsample": -0.14689468833330177, "max_depth": 9.0, "num_boost_round": 43.0}, "datetime": {"datetime": "2024-01-19 01:12:13", "elapsed": 3637.671832, "delta": 0.004474}}
{"target": -13.758435344395476, "params": {"gamma": 864.4196074287538, "log10_alpha": -4.582683306885199, "log10_colsample_bytree": -0.10664972248023608, "log10_eta": -3.9535616125421598, "log10_lambda": -3.8013202173945855, "log10_min_child_weight": 2.3312824083056682, "log10_subsample": -0.14689468833330177, "max_depth": 9.0, "num_boost_round": 44.0}, "datetime": {"datetime": "2024-01-19 01:12:13", "elapsed": 3637.676329, "delta": 0.004497}}
{"target": -13.758428680443378, "params": {"gamma": 864.4196074287538, "log10_alpha": -4.582683306885199, "log10_colsample_bytree": -0.10664972248023608, "log10_eta": -3.9535616125421598, "log10_lambda": -3.8013202173945855, "log10_min_child_weight": 2.3312824083056682, "log10_subsample": -0.14689468833330177, "max_depth": 9.0, "num_boost_round": 45.0}, "datetime": {"datetime": "2024-01-19 01:12:13", "elapsed": 3637.680734, "delta": 0.004405}}
{"target": -13.75843357098036, "params": {"gamma": 864.4196074287538, "log10_alpha": -4.582683306885199, "log10_colsample_bytree": -0.10664972248023608, "log10_eta": -3.9535616125421598, "log10_lambda": -3.8013202173945855, "log10_min_child_weight": 2.3312824083056682, "log10_subsample": -0.14689468833330177, "max_depth": 9.0, "num_boost_round": 46.0}, "datetime": {"datetime": "2024-01-19 01:12:13", "elapsed": 3637.685184, "delta": 0.00445}}
{"target": -13.758430939495684, "params": {"gamma": 864.4196074287538, "log10_alpha": -4.582683306885199, "log10_colsample_bytree": -0.10664972248023608, "log10_eta": -3.9535616125421598, "log10_lambda": -3.8013202173945855, "log10_min_child_weight": 2.3312824083056682, "log10_subsample": -0.14689468833330177, "max_depth": 9.0, "num_boost_round": 47.0}, "datetime": {"datetime": "2024-01-19 01:12:13", "elapsed": 3637.689564, "delta": 0.00438}}
{"target": -13.758434246263548, "params": {"gamma": 864.4196074287538, "log10_alpha": -4.582683306885199, "log10_colsample_bytree": -0.10664972248023608, "log10_eta": -3.9535616125421598, "log10_lambda": -3.8013202173945855, "log10_min_child_weight": 2.3312824083056682, "log10_subsample": -0.14689468833330177, "max_depth": 9.0, "num_boost_round": 48.0}, "datetime": {"datetime": "2024-01-19 01:12:13", "elapsed": 3637.694099, "delta": 0.004535}}
{"target": -13.758431351973735, "params": {"gamma": 864.4196074287538, "log10_alpha": -4.582683306885199, "log10_colsample_bytree": -0.10664972248023608, "log10_eta": -3.9535616125421598, "log10_lambda": -3.8013202173945855, "log10_min_child_weight": 2.3312824083056682, "log10_subsample": -0.14689468833330177, "max_depth": 9.0, "num_boost_round": 49.0}, "datetime": {"datetime": "2024-01-19 01:12:13", "elapsed": 3637.698523, "delta": 0.004424}}
{"target": -13.758535122498454, "params": {"gamma": 874.7686951345582, "log10_alpha": -2.6627247688848654, "log10_colsample_bytree": -0.9376763614563963, "log10_eta": -3.81014177178507, "log10_lambda": -3.5057022574825476, "log10_min_child_weight": 3.499785147090943, "log10_subsample": -0.5668222030306244, "max_depth": 6.0, "num_boost_round": 0.0}, "datetime": {"datetime": "2024-01-19 01:13:17", "elapsed": 3701.458494, "delta": 63.759971}}
{"target": -13.758535273967608, "params": {"gamma": 874.7686951345582, "log10_alpha": -2.6627247688848654, "log10_colsample_bytree": -0.9376763614563963, "log10_eta": -3.81014177178507, "log10_lambda": -3.5057022574825476, "log10_min_child_weight": 3.499785147090943, "log10_subsample": -0.5668222030306244, "max_depth": 6.0, "num_boost_round": 1.0}, "datetime": {"datetime": "2024-01-19 01:13:17", "elapsed": 3701.463566, "delta": 0.005072}}
{"target": -13.758533460664912, "params": {"gamma": 874.7686951345582, "log10_alpha": -2.6627247688848654, "log10_colsample_bytree": -0.9376763614563963, "log10_eta": -3.81014177178507, "log10_lambda": -3.5057022574825476, "log10_min_child_weight": 3.499785147090943, "log10_subsample": -0.5668222030306244, "max_depth": 6.0, "num_boost_round": 2.0}, "datetime": {"datetime": "2024-01-19 01:13:17", "elapsed": 3701.468203, "delta": 0.004637}}
{"target": -13.75853332038777, "params": {"gamma": 874.7686951345582, "log10_alpha": -2.6627247688848654, "log10_colsample_bytree": -0.9376763614563963, "log10_eta": -3.81014177178507, "log10_lambda": -3.5057022574825476, "log10_min_child_weight": 3.499785147090943, "log10_subsample": -0.5668222030306244, "max_depth": 6.0, "num_boost_round": 3.0}, "datetime": {"datetime": "2024-01-19 01:13:17", "elapsed": 3701.472608, "delta": 0.004405}}
{"target": -13.758532888558413, "params": {"gamma": 874.7686951345582, "log10_alpha": -2.6627247688848654, "log10_colsample_bytree": -0.9376763614563963, "log10_eta": -3.81014177178507, "log10_lambda": -3.5057022574825476, "log10_min_child_weight": 3.499785147090943, "log10_subsample": -0.5668222030306244, "max_depth": 6.0, "num_boost_round": 4.0}, "datetime": {"datetime": "2024-01-19 01:13:17", "elapsed": 3701.477103, "delta": 0.004495}}
{"target": -13.758531062781456, "params": {"gamma": 874.7686951345582, "log10_alpha": -2.6627247688848654, "log10_colsample_bytree": -0.9376763614563963, "log10_eta": -3.81014177178507, "log10_lambda": -3.5057022574825476, "log10_min_child_weight": 3.499785147090943, "log10_subsample": -0.5668222030306244, "max_depth": 6.0, "num_boost_round": 5.0}, "datetime": {"datetime": "2024-01-19 01:13:17", "elapsed": 3701.481691, "delta": 0.004588}}
{"target": -13.758532733626234, "params": {"gamma": 874.7686951345582, "log10_alpha": -2.6627247688848654, "log10_colsample_bytree": -0.9376763614563963, "log10_eta": -3.81014177178507, "log10_lambda": -3.5057022574825476, "log10_min_child_weight": 3.499785147090943, "log10_subsample": -0.5668222030306244, "max_depth": 6.0, "num_boost_round": 6.0}, "datetime": {"datetime": "2024-01-19 01:13:17", "elapsed": 3701.486108, "delta": 0.004417}}
{"target": -13.758529108929087, "params": {"gamma": 874.7686951345582, "log10_alpha": -2.6627247688848654, "log10_colsample_bytree": -0.9376763614563963, "log10_eta": -3.81014177178507, "log10_lambda": -3.5057022574825476, "log10_min_child_weight": 3.499785147090943, "log10_subsample": -0.5668222030306244, "max_depth": 6.0, "num_boost_round": 7.0}, "datetime": {"datetime": "2024-01-19 01:13:17", "elapsed": 3701.490499, "delta": 0.004391}}
{"target": -13.75852528672718, "params": {"gamma": 874.7686951345582, "log10_alpha": -2.6627247688848654, "log10_colsample_bytree": -0.9376763614563963, "log10_eta": -3.81014177178507, "log10_lambda": -3.5057022574825476, "log10_min_child_weight": 3.499785147090943, "log10_subsample": -0.5668222030306244, "max_depth": 6.0, "num_boost_round": 8.0}, "datetime": {"datetime": "2024-01-19 01:13:17", "elapsed": 3701.494996, "delta": 0.004497}}
{"target": -13.758524966662728, "params": {"gamma": 874.7686951345582, "log10_alpha": -2.6627247688848654, "log10_colsample_bytree": -0.9376763614563963, "log10_eta": -3.81014177178507, "log10_lambda": -3.5057022574825476, "log10_min_child_weight": 3.499785147090943, "log10_subsample": -0.5668222030306244, "max_depth": 6.0, "num_boost_round": 9.0}, "datetime": {"datetime": "2024-01-19 01:13:17", "elapsed": 3701.499472, "delta": 0.004476}}
{"target": -13.758523412398555, "params": {"gamma": 874.7686951345582, "log10_alpha": -2.6627247688848654, "log10_colsample_bytree": -0.9376763614563963, "log10_eta": -3.81014177178507, "log10_lambda": -3.5057022574825476, "log10_min_child_weight": 3.499785147090943, "log10_subsample": -0.5668222030306244, "max_depth": 6.0, "num_boost_round": 10.0}, "datetime": {"datetime": "2024-01-19 01:13:17", "elapsed": 3701.503831, "delta": 0.004359}}
{"target": -13.758523361168447, "params": {"gamma": 874.7686951345582, "log10_alpha": -2.6627247688848654, "log10_colsample_bytree": -0.9376763614563963, "log10_eta": -3.81014177178507, "log10_lambda": -3.5057022574825476, "log10_min_child_weight": 3.499785147090943, "log10_subsample": -0.5668222030306244, "max_depth": 6.0, "num_boost_round": 11.0}, "datetime": {"datetime": "2024-01-19 01:13:17", "elapsed": 3701.508364, "delta": 0.004533}}
{"target": -13.758521004892671, "params": {"gamma": 874.7686951345582, "log10_alpha": -2.6627247688848654, "log10_colsample_bytree": -0.9376763614563963, "log10_eta": -3.81014177178507, "log10_lambda": -3.5057022574825476, "log10_min_child_weight": 3.499785147090943, "log10_subsample": -0.5668222030306244, "max_depth": 6.0, "num_boost_round": 12.0}, "datetime": {"datetime": "2024-01-19 01:13:17", "elapsed": 3701.512805, "delta": 0.004441}}
{"target": -13.75851950161164, "params": {"gamma": 874.7686951345582, "log10_alpha": -2.6627247688848654, "log10_colsample_bytree": -0.9376763614563963, "log10_eta": -3.81014177178507, "log10_lambda": -3.5057022574825476, "log10_min_child_weight": 3.499785147090943, "log10_subsample": -0.5668222030306244, "max_depth": 6.0, "num_boost_round": 13.0}, "datetime": {"datetime": "2024-01-19 01:13:17", "elapsed": 3701.517238, "delta": 0.004433}}
{"target": -13.758519244661674, "params": {"gamma": 874.7686951345582, "log10_alpha": -2.6627247688848654, "log10_colsample_bytree": -0.9376763614563963, "log10_eta": -3.81014177178507, "log10_lambda": -3.5057022574825476, "log10_min_child_weight": 3.499785147090943, "log10_subsample": -0.5668222030306244, "max_depth": 6.0, "num_boost_round": 14.0}, "datetime": {"datetime": "2024-01-19 01:13:17", "elapsed": 3701.521823, "delta": 0.004585}}
{"target": -13.758517009458254, "params": {"gamma": 874.7686951345582, "log10_alpha": -2.6627247688848654, "log10_colsample_bytree": -0.9376763614563963, "log10_eta": -3.81014177178507, "log10_lambda": -3.5057022574825476, "log10_min_child_weight": 3.499785147090943, "log10_subsample": -0.5668222030306244, "max_depth": 6.0, "num_boost_round": 15.0}, "datetime": {"datetime": "2024-01-19 01:13:17", "elapsed": 3701.52623, "delta": 0.004407}}
{"target": -13.758516888422692, "params": {"gamma": 874.7686951345582, "log10_alpha": -2.6627247688848654, "log10_colsample_bytree": -0.9376763614563963, "log10_eta": -3.81014177178507, "log10_lambda": -3.5057022574825476, "log10_min_child_weight": 3.499785147090943, "log10_subsample": -0.5668222030306244, "max_depth": 6.0, "num_boost_round": 16.0}, "datetime": {"datetime": "2024-01-19 01:13:17", "elapsed": 3701.530653, "delta": 0.004423}}
{"target": -13.758515602087122, "params": {"gamma": 874.7686951345582, "log10_alpha": -2.6627247688848654, "log10_colsample_bytree": -0.9376763614563963, "log10_eta": -3.81014177178507, "log10_lambda": -3.5057022574825476, "log10_min_child_weight": 3.499785147090943, "log10_subsample": -0.5668222030306244, "max_depth": 6.0, "num_boost_round": 17.0}, "datetime": {"datetime": "2024-01-19 01:13:17", "elapsed": 3701.535203, "delta": 0.00455}}
{"target": -13.758514755005217, "params": {"gamma": 874.7686951345582, "log10_alpha": -2.6627247688848654, "log10_colsample_bytree": -0.9376763614563963, "log10_eta": -3.81014177178507, "log10_lambda": -3.5057022574825476, "log10_min_child_weight": 3.499785147090943, "log10_subsample": -0.5668222030306244, "max_depth": 6.0, "num_boost_round": 18.0}, "datetime": {"datetime": "2024-01-19 01:13:17", "elapsed": 3701.539619, "delta": 0.004416}}
{"target": -13.758513655467672, "params": {"gamma": 874.7686951345582, "log10_alpha": -2.6627247688848654, "log10_colsample_bytree": -0.9376763614563963, "log10_eta": -3.81014177178507, "log10_lambda": -3.5057022574825476, "log10_min_child_weight": 3.499785147090943, "log10_subsample": -0.5668222030306244, "max_depth": 6.0, "num_boost_round": 19.0}, "datetime": {"datetime": "2024-01-19 01:13:17", "elapsed": 3701.544085, "delta": 0.004466}}
{"target": -13.758513074370939, "params": {"gamma": 874.7686951345582, "log10_alpha": -2.6627247688848654, "log10_colsample_bytree": -0.9376763614563963, "log10_eta": -3.81014177178507, "log10_lambda": -3.5057022574825476, "log10_min_child_weight": 3.499785147090943, "log10_subsample": -0.5668222030306244, "max_depth": 6.0, "num_boost_round": 20.0}, "datetime": {"datetime": "2024-01-19 01:13:17", "elapsed": 3701.548618, "delta": 0.004533}}
{"target": -13.758510112965256, "params": {"gamma": 874.7686951345582, "log10_alpha": -2.6627247688848654, "log10_colsample_bytree": -0.9376763614563963, "log10_eta": -3.81014177178507, "log10_lambda": -3.5057022574825476, "log10_min_child_weight": 3.499785147090943, "log10_subsample": -0.5668222030306244, "max_depth": 6.0, "num_boost_round": 21.0}, "datetime": {"datetime": "2024-01-19 01:13:17", "elapsed": 3701.553073, "delta": 0.004455}}
{"target": -13.758507330032236, "params": {"gamma": 874.7686951345582, "log10_alpha": -2.6627247688848654, "log10_colsample_bytree": -0.9376763614563963, "log10_eta": -3.81014177178507, "log10_lambda": -3.5057022574825476, "log10_min_child_weight": 3.499785147090943, "log10_subsample": -0.5668222030306244, "max_depth": 6.0, "num_boost_round": 22.0}, "datetime": {"datetime": "2024-01-19 01:13:17", "elapsed": 3701.557458, "delta": 0.004385}}
{"target": -13.758506588803334, "params": {"gamma": 874.7686951345582, "log10_alpha": -2.6627247688848654, "log10_colsample_bytree": -0.9376763614563963, "log10_eta": -3.81014177178507, "log10_lambda": -3.5057022574825476, "log10_min_child_weight": 3.499785147090943, "log10_subsample": -0.5668222030306244, "max_depth": 6.0, "num_boost_round": 23.0}, "datetime": {"datetime": "2024-01-19 01:13:17", "elapsed": 3701.561965, "delta": 0.004507}}
{"target": -13.758506432628161, "params": {"gamma": 874.7686951345582, "log10_alpha": -2.6627247688848654, "log10_colsample_bytree": -0.9376763614563963, "log10_eta": -3.81014177178507, "log10_lambda": -3.5057022574825476, "log10_min_child_weight": 3.499785147090943, "log10_subsample": -0.5668222030306244, "max_depth": 6.0, "num_boost_round": 24.0}, "datetime": {"datetime": "2024-01-19 01:13:17", "elapsed": 3701.566333, "delta": 0.004368}}
{"target": -13.758506978266334, "params": {"gamma": 874.7686951345582, "log10_alpha": -2.6627247688848654, "log10_colsample_bytree": -0.9376763614563963, "log10_eta": -3.81014177178507, "log10_lambda": -3.5057022574825476, "log10_min_child_weight": 3.499785147090943, "log10_subsample": -0.5668222030306244, "max_depth": 6.0, "num_boost_round": 25.0}, "datetime": {"datetime": "2024-01-19 01:13:17", "elapsed": 3701.570806, "delta": 0.004473}}
{"target": -13.758505973068182, "params": {"gamma": 874.7686951345582, "log10_alpha": -2.6627247688848654, "log10_colsample_bytree": -0.9376763614563963, "log10_eta": -3.81014177178507, "log10_lambda": -3.5057022574825476, "log10_min_child_weight": 3.499785147090943, "log10_subsample": -0.5668222030306244, "max_depth": 6.0, "num_boost_round": 26.0}, "datetime": {"datetime": "2024-01-19 01:13:17", "elapsed": 3701.575324, "delta": 0.004518}}
{"target": -13.75850581443943, "params": {"gamma": 874.7686951345582, "log10_alpha": -2.6627247688848654, "log10_colsample_bytree": -0.9376763614563963, "log10_eta": -3.81014177178507, "log10_lambda": -3.5057022574825476, "log10_min_child_weight": 3.499785147090943, "log10_subsample": -0.5668222030306244, "max_depth": 6.0, "num_boost_round": 27.0}, "datetime": {"datetime": "2024-01-19 01:13:17", "elapsed": 3701.579766, "delta": 0.004442}}
{"target": -13.75850405247568, "params": {"gamma": 874.7686951345582, "log10_alpha": -2.6627247688848654, "log10_colsample_bytree": -0.9376763614563963, "log10_eta": -3.81014177178507, "log10_lambda": -3.5057022574825476, "log10_min_child_weight": 3.499785147090943, "log10_subsample": -0.5668222030306244, "max_depth": 6.0, "num_boost_round": 28.0}, "datetime": {"datetime": "2024-01-19 01:13:17", "elapsed": 3701.584976, "delta": 0.00521}}
{"target": -13.75850171880327, "params": {"gamma": 874.7686951345582, "log10_alpha": -2.6627247688848654, "log10_colsample_bytree": -0.9376763614563963, "log10_eta": -3.81014177178507, "log10_lambda": -3.5057022574825476, "log10_min_child_weight": 3.499785147090943, "log10_subsample": -0.5668222030306244, "max_depth": 6.0, "num_boost_round": 29.0}, "datetime": {"datetime": "2024-01-19 01:13:17", "elapsed": 3701.590592, "delta": 0.005616}}
{"target": -13.758498964736265, "params": {"gamma": 874.7686951345582, "log10_alpha": -2.6627247688848654, "log10_colsample_bytree": -0.9376763614563963, "log10_eta": -3.81014177178507, "log10_lambda": -3.5057022574825476, "log10_min_child_weight": 3.499785147090943, "log10_subsample": -0.5668222030306244, "max_depth": 6.0, "num_boost_round": 30.0}, "datetime": {"datetime": "2024-01-19 01:13:17", "elapsed": 3701.595191, "delta": 0.004599}}
{"target": -13.75853570721508, "params": {"gamma": 870.402071538843, "log10_alpha": -2.5028931204466556, "log10_colsample_bytree": -0.1785979138037107, "log10_eta": -3.8908267594053596, "log10_lambda": -0.5336445034714625, "log10_min_child_weight": 3.2602551525567476, "log10_subsample": -0.9090927479257601, "max_depth": 8.0, "num_boost_round": 0.0}, "datetime": {"datetime": "2024-01-19 01:14:06", "elapsed": 3751.246962, "delta": 49.651771}}
{"target": -13.758534714249803, "params": {"gamma": 870.402071538843, "log10_alpha": -2.5028931204466556, "log10_colsample_bytree": -0.1785979138037107, "log10_eta": -3.8908267594053596, "log10_lambda": -0.5336445034714625, "log10_min_child_weight": 3.2602551525567476, "log10_subsample": -0.9090927479257601, "max_depth": 8.0, "num_boost_round": 1.0}, "datetime": {"datetime": "2024-01-19 01:14:06", "elapsed": 3751.252822, "delta": 0.00586}}
{"target": -13.758532405530532, "params": {"gamma": 870.402071538843, "log10_alpha": -2.5028931204466556, "log10_colsample_bytree": -0.1785979138037107, "log10_eta": -3.8908267594053596, "log10_lambda": -0.5336445034714625, "log10_min_child_weight": 3.2602551525567476, "log10_subsample": -0.9090927479257601, "max_depth": 8.0, "num_boost_round": 2.0}, "datetime": {"datetime": "2024-01-19 01:14:06", "elapsed": 3751.257474, "delta": 0.004652}}
{"target": -13.758528776114112, "params": {"gamma": 870.402071538843, "log10_alpha": -2.5028931204466556, "log10_colsample_bytree": -0.1785979138037107, "log10_eta": -3.8908267594053596, "log10_lambda": -0.5336445034714625, "log10_min_child_weight": 3.2602551525567476, "log10_subsample": -0.9090927479257601, "max_depth": 8.0, "num_boost_round": 3.0}, "datetime": {"datetime": "2024-01-19 01:14:06", "elapsed": 3751.261937, "delta": 0.004463}}
{"target": -13.758526944402147, "params": {"gamma": 870.402071538843, "log10_alpha": -2.5028931204466556, "log10_colsample_bytree": -0.1785979138037107, "log10_eta": -3.8908267594053596, "log10_lambda": -0.5336445034714625, "log10_min_child_weight": 3.2602551525567476, "log10_subsample": -0.9090927479257601, "max_depth": 8.0, "num_boost_round": 4.0}, "datetime": {"datetime": "2024-01-19 01:14:06", "elapsed": 3751.266372, "delta": 0.004435}}
{"target": -13.758526494460051, "params": {"gamma": 870.402071538843, "log10_alpha": -2.5028931204466556, "log10_colsample_bytree": -0.1785979138037107, "log10_eta": -3.8908267594053596, "log10_lambda": -0.5336445034714625, "log10_min_child_weight": 3.2602551525567476, "log10_subsample": -0.9090927479257601, "max_depth": 8.0, "num_boost_round": 5.0}, "datetime": {"datetime": "2024-01-19 01:14:06", "elapsed": 3751.270829, "delta": 0.004457}}
{"target": -13.758523535409378, "params": {"gamma": 870.402071538843, "log10_alpha": -2.5028931204466556, "log10_colsample_bytree": -0.1785979138037107, "log10_eta": -3.8908267594053596, "log10_lambda": -0.5336445034714625, "log10_min_child_weight": 3.2602551525567476, "log10_subsample": -0.9090927479257601, "max_depth": 8.0, "num_boost_round": 6.0}, "datetime": {"datetime": "2024-01-19 01:14:06", "elapsed": 3751.275469, "delta": 0.00464}}
{"target": -13.758520962506527, "params": {"gamma": 870.402071538843, "log10_alpha": -2.5028931204466556, "log10_colsample_bytree": -0.1785979138037107, "log10_eta": -3.8908267594053596, "log10_lambda": -0.5336445034714625, "log10_min_child_weight": 3.2602551525567476, "log10_subsample": -0.9090927479257601, "max_depth": 8.0, "num_boost_round": 7.0}, "datetime": {"datetime": "2024-01-19 01:14:06", "elapsed": 3751.279921, "delta": 0.004452}}
{"target": -13.758518336018978, "params": {"gamma": 870.402071538843, "log10_alpha": -2.5028931204466556, "log10_colsample_bytree": -0.1785979138037107, "log10_eta": -3.8908267594053596, "log10_lambda": -0.5336445034714625, "log10_min_child_weight": 3.2602551525567476, "log10_subsample": -0.9090927479257601, "max_depth": 8.0, "num_boost_round": 8.0}, "datetime": {"datetime": "2024-01-19 01:14:07", "elapsed": 3751.400427, "delta": 0.120506}}
