{"target": -13.758456642232025, "params": {"gamma": 203.46358323111502, "log10_alpha": 0.7711163810346413, "log10_colsample_bytree": -0.9703603069490202, "log10_eta": -2.618007791259633, "log10_lambda": -0.5252586872470939, "log10_min_child_weight": 1.5843271542184878, "log10_subsample": -0.07362726786097018, "max_depth": 4.0, "num_boost_round": 9.0}, "datetime": {"datetime": "2024-01-19 00:28:24", "elapsed": 1012.498799, "delta": 0.001303}}
{"target": -13.758456367484246, "params": {"gamma": 203.46358323111502, "log10_alpha": 0.7711163810346413, "log10_colsample_bytree": -0.9703603069490202, "log10_eta": -2.618007791259633, "log10_lambda": -0.5252586872470939, "log10_min_child_weight": 1.5843271542184878, "log10_subsample": -0.07362726786097018, "max_depth": 4.0, "num_boost_round": 10.0}, "datetime": {"datetime": "2024-01-19 00:28:24", "elapsed": 1012.50021, "delta": 0.001411}}
{"target": -13.75842529522725, "params": {"gamma": 203.46358323111502, "log10_alpha": 0.7711163810346413, "log10_colsample_bytree": -0.9703603069490202, "log10_eta": -2.618007791259633, "log10_lambda": -0.5252586872470939, "log10_min_child_weight": 1.5843271542184878, "log10_subsample": -0.07362726786097018, "max_depth": 4.0, "num_boost_round": 11.0}, "datetime": {"datetime": "2024-01-19 00:28:24", "elapsed": 1012.501521, "delta": 0.001311}}
{"target": -13.758382279093937, "params": {"gamma": 203.46358323111502, "log10_alpha": 0.7711163810346413, "log10_colsample_bytree": -0.9703603069490202, "log10_eta": -2.618007791259633, "log10_lambda": -0.5252586872470939, "log10_min_child_weight": 1.5843271542184878, "log10_subsample": -0.07362726786097018, "max_depth": 4.0, "num_boost_round": 12.0}, "datetime": {"datetime": "2024-01-19 00:28:24", "elapsed": 1012.50284, "delta": 0.001319}}
{"target": -13.758304257081335, "params": {"gamma": 203.46358323111502, "log10_alpha": 0.7711163810346413, "log10_colsample_bytree": -0.9703603069490202, "log10_eta": -2.618007791259633, "log10_lambda": -0.5252586872470939, "log10_min_child_weight": 1.5843271542184878, "log10_subsample": -0.07362726786097018, "max_depth": 4.0, "num_boost_round": 13.0}, "datetime": {"datetime": "2024-01-19 00:28:24", "elapsed": 1012.504146, "delta": 0.001306}}
{"target": -13.758310776017677, "params": {"gamma": 203.46358323111502, "log10_alpha": 0.7711163810346413, "log10_colsample_bytree": -0.9703603069490202, "log10_eta": -2.618007791259633, "log10_lambda": -0.5252586872470939, "log10_min_child_weight": 1.5843271542184878, "log10_subsample": -0.07362726786097018, "max_depth": 4.0, "num_boost_round": 14.0}, "datetime": {"datetime": "2024-01-19 00:28:24", "elapsed": 1012.505453, "delta": 0.001307}}
{"target": -13.758296539896605, "params": {"gamma": 203.46358323111502, "log10_alpha": 0.7711163810346413, "log10_colsample_bytree": -0.9703603069490202, "log10_eta": -2.618007791259633, "log10_lambda": -0.5252586872470939, "log10_min_child_weight": 1.5843271542184878, "log10_subsample": -0.07362726786097018, "max_depth": 4.0, "num_boost_round": 15.0}, "datetime": {"datetime": "2024-01-19 00:28:24", "elapsed": 1012.506767, "delta": 0.001314}}
{"target": -13.758275492133903, "params": {"gamma": 203.46358323111502, "log10_alpha": 0.7711163810346413, "log10_colsample_bytree": -0.9703603069490202, "log10_eta": -2.618007791259633, "log10_lambda": -0.5252586872470939, "log10_min_child_weight": 1.5843271542184878, "log10_subsample": -0.07362726786097018, "max_depth": 4.0, "num_boost_round": 16.0}, "datetime": {"datetime": "2024-01-19 00:28:24", "elapsed": 1012.508074, "delta": 0.001307}}
{"target": -13.758238166209882, "params": {"gamma": 203.46358323111502, "log10_alpha": 0.7711163810346413, "log10_colsample_bytree": -0.9703603069490202, "log10_eta": -2.618007791259633, "log10_lambda": -0.5252586872470939, "log10_min_child_weight": 1.5843271542184878, "log10_subsample": -0.07362726786097018, "max_depth": 4.0, "num_boost_round": 17.0}, "datetime": {"datetime": "2024-01-19 00:28:24", "elapsed": 1012.509379, "delta": 0.001305}}
{"target": -13.758207539150277, "params": {"gamma": 203.46358323111502, "log10_alpha": 0.7711163810346413, "log10_colsample_bytree": -0.9703603069490202, "log10_eta": -2.618007791259633, "log10_lambda": -0.5252586872470939, "log10_min_child_weight": 1.5843271542184878, "log10_subsample": -0.07362726786097018, "max_depth": 4.0, "num_boost_round": 18.0}, "datetime": {"datetime": "2024-01-19 00:28:24", "elapsed": 1012.510747, "delta": 0.001368}}
{"target": -13.758133870213161, "params": {"gamma": 203.46358323111502, "log10_alpha": 0.7711163810346413, "log10_colsample_bytree": -0.9703603069490202, "log10_eta": -2.618007791259633, "log10_lambda": -0.5252586872470939, "log10_min_child_weight": 1.5843271542184878, "log10_subsample": -0.07362726786097018, "max_depth": 4.0, "num_boost_round": 19.0}, "datetime": {"datetime": "2024-01-19 00:28:24", "elapsed": 1012.51207, "delta": 0.001323}}
{"target": -13.758133939486854, "params": {"gamma": 203.46358323111502, "log10_alpha": 0.7711163810346413, "log10_colsample_bytree": -0.9703603069490202, "log10_eta": -2.618007791259633, "log10_lambda": -0.5252586872470939, "log10_min_child_weight": 1.5843271542184878, "log10_subsample": -0.07362726786097018, "max_depth": 4.0, "num_boost_round": 20.0}, "datetime": {"datetime": "2024-01-19 00:28:24", "elapsed": 1012.513412, "delta": 0.001342}}
{"target": -13.757973195386452, "params": {"gamma": 203.46358323111502, "log10_alpha": 0.7711163810346413, "log10_colsample_bytree": -0.9703603069490202, "log10_eta": -2.618007791259633, "log10_lambda": -0.5252586872470939, "log10_min_child_weight": 1.5843271542184878, "log10_subsample": -0.07362726786097018, "max_depth": 4.0, "num_boost_round": 21.0}, "datetime": {"datetime": "2024-01-19 00:28:24", "elapsed": 1012.514744, "delta": 0.001332}}
{"target": -13.757918177733398, "params": {"gamma": 203.46358323111502, "log10_alpha": 0.7711163810346413, "log10_colsample_bytree": -0.9703603069490202, "log10_eta": -2.618007791259633, "log10_lambda": -0.5252586872470939, "log10_min_child_weight": 1.5843271542184878, "log10_subsample": -0.07362726786097018, "max_depth": 4.0, "num_boost_round": 22.0}, "datetime": {"datetime": "2024-01-19 00:28:24", "elapsed": 1012.516064, "delta": 0.00132}}
{"target": -13.757845058558937, "params": {"gamma": 203.46358323111502, "log10_alpha": 0.7711163810346413, "log10_colsample_bytree": -0.9703603069490202, "log10_eta": -2.618007791259633, "log10_lambda": -0.5252586872470939, "log10_min_child_weight": 1.5843271542184878, "log10_subsample": -0.07362726786097018, "max_depth": 4.0, "num_boost_round": 23.0}, "datetime": {"datetime": "2024-01-19 00:28:24", "elapsed": 1012.517514, "delta": 0.00145}}
{"target": -13.757845973348871, "params": {"gamma": 203.46358323111502, "log10_alpha": 0.7711163810346413, "log10_colsample_bytree": -0.9703603069490202, "log10_eta": -2.618007791259633, "log10_lambda": -0.5252586872470939, "log10_min_child_weight": 1.5843271542184878, "log10_subsample": -0.07362726786097018, "max_depth": 4.0, "num_boost_round": 24.0}, "datetime": {"datetime": "2024-01-19 00:28:24", "elapsed": 1012.518848, "delta": 0.001334}}
{"target": -13.757779018498859, "params": {"gamma": 203.46358323111502, "log10_alpha": 0.7711163810346413, "log10_colsample_bytree": -0.9703603069490202, "log10_eta": -2.618007791259633, "log10_lambda": -0.5252586872470939, "log10_min_child_weight": 1.5843271542184878, "log10_subsample": -0.07362726786097018, "max_depth": 4.0, "num_boost_round": 25.0}, "datetime": {"datetime": "2024-01-19 00:28:24", "elapsed": 1012.520254, "delta": 0.001406}}
{"target": -13.757779000723284, "params": {"gamma": 203.46358323111502, "log10_alpha": 0.7711163810346413, "log10_colsample_bytree": -0.9703603069490202, "log10_eta": -2.618007791259633, "log10_lambda": -0.5252586872470939, "log10_min_child_weight": 1.5843271542184878, "log10_subsample": -0.07362726786097018, "max_depth": 4.0, "num_boost_round": 26.0}, "datetime": {"datetime": "2024-01-19 00:28:24", "elapsed": 1012.521589, "delta": 0.001335}}
{"target": -13.758534865546034, "params": {"gamma": 201.2068128500959, "log10_alpha": -0.06844115055136157, "log10_colsample_bytree": -0.31047340408302526, "log10_eta": -3.29955469127298, "log10_lambda": -0.5174060749124916, "log10_min_child_weight": 4.837041168788479, "log10_subsample": -0.726491309898868, "max_depth": 5.0, "num_boost_round": 0.0}, "datetime": {"datetime": "2024-01-19 00:28:51", "elapsed": 1038.814106, "delta": 26.292517}}
{"target": -13.758533589487888, "params": {"gamma": 201.2068128500959, "log10_alpha": -0.06844115055136157, "log10_colsample_bytree": -0.31047340408302526, "log10_eta": -3.29955469127298, "log10_lambda": -0.5174060749124916, "log10_min_child_weight": 4.837041168788479, "log10_subsample": -0.726491309898868, "max_depth": 5.0, "num_boost_round": 1.0}, "datetime": {"datetime": "2024-01-19 00:28:51", "elapsed": 1038.815918, "delta": 0.001812}}
{"target": -13.758531506237723, "params": {"gamma": 201.2068128500959, "log10_alpha": -0.06844115055136157, "log10_colsample_bytree": -0.31047340408302526, "log10_eta": -3.29955469127298, "log10_lambda": -0.5174060749124916, "log10_min_child_weight": 4.837041168788479, "log10_subsample": -0.726491309898868, "max_depth": 5.0, "num_boost_round": 2.0}, "datetime": {"datetime": "2024-01-19 00:28:51", "elapsed": 1038.817792, "delta": 0.001874}}
{"target": -13.758529161873579, "params": {"gamma": 201.2068128500959, "log10_alpha": -0.06844115055136157, "log10_colsample_bytree": -0.31047340408302526, "log10_eta": -3.29955469127298, "log10_lambda": -0.5174060749124916, "log10_min_child_weight": 4.837041168788479, "log10_subsample": -0.726491309898868, "max_depth": 5.0, "num_boost_round": 3.0}, "datetime": {"datetime": "2024-01-19 00:28:51", "elapsed": 1038.819689, "delta": 0.001897}}
{"target": -13.758527805870187, "params": {"gamma": 201.2068128500959, "log10_alpha": -0.06844115055136157, "log10_colsample_bytree": -0.31047340408302526, "log10_eta": -3.29955469127298, "log10_lambda": -0.5174060749124916, "log10_min_child_weight": 4.837041168788479, "log10_subsample": -0.726491309898868, "max_depth": 5.0, "num_boost_round": 4.0}, "datetime": {"datetime": "2024-01-19 00:28:51", "elapsed": 1038.821106, "delta": 0.001417}}
{"target": -13.758526895954834, "params": {"gamma": 201.2068128500959, "log10_alpha": -0.06844115055136157, "log10_colsample_bytree": -0.31047340408302526, "log10_eta": -3.29955469127298, "log10_lambda": -0.5174060749124916, "log10_min_child_weight": 4.837041168788479, "log10_subsample": -0.726491309898868, "max_depth": 5.0, "num_boost_round": 5.0}, "datetime": {"datetime": "2024-01-19 00:28:51", "elapsed": 1038.822474, "delta": 0.001368}}
{"target": -13.7585256368147, "params": {"gamma": 201.2068128500959, "log10_alpha": -0.06844115055136157, "log10_colsample_bytree": -0.31047340408302526, "log10_eta": -3.29955469127298, "log10_lambda": -0.5174060749124916, "log10_min_child_weight": 4.837041168788479, "log10_subsample": -0.726491309898868, "max_depth": 5.0, "num_boost_round": 6.0}, "datetime": {"datetime": "2024-01-19 00:28:51", "elapsed": 1038.823885, "delta": 0.001411}}
{"target": -13.758523671251183, "params": {"gamma": 201.2068128500959, "log10_alpha": -0.06844115055136157, "log10_colsample_bytree": -0.31047340408302526, "log10_eta": -3.29955469127298, "log10_lambda": -0.5174060749124916, "log10_min_child_weight": 4.837041168788479, "log10_subsample": -0.726491309898868, "max_depth": 5.0, "num_boost_round": 7.0}, "datetime": {"datetime": "2024-01-19 00:28:51", "elapsed": 1038.825222, "delta": 0.001337}}
{"target": -13.758521527639417, "params": {"gamma": 201.2068128500959, "log10_alpha": -0.06844115055136157, "log10_colsample_bytree": -0.31047340408302526, "log10_eta": -3.29955469127298, "log10_lambda": -0.5174060749124916, "log10_min_child_weight": 4.837041168788479, "log10_subsample": -0.726491309898868, "max_depth": 5.0, "num_boost_round": 8.0}, "datetime": {"datetime": "2024-01-19 00:28:51", "elapsed": 1038.826556, "delta": 0.001334}}
{"target": -13.758519406891818, "params": {"gamma": 201.2068128500959, "log10_alpha": -0.06844115055136157, "log10_colsample_bytree": -0.31047340408302526, "log10_eta": -3.29955469127298, "log10_lambda": -0.5174060749124916, "log10_min_child_weight": 4.837041168788479, "log10_subsample": -0.726491309898868, "max_depth": 5.0, "num_boost_round": 9.0}, "datetime": {"datetime": "2024-01-19 00:28:51", "elapsed": 1038.8279, "delta": 0.001344}}
{"target": -13.758517470471391, "params": {"gamma": 201.2068128500959, "log10_alpha": -0.06844115055136157, "log10_colsample_bytree": -0.31047340408302526, "log10_eta": -3.29955469127298, "log10_lambda": -0.5174060749124916, "log10_min_child_weight": 4.837041168788479, "log10_subsample": -0.726491309898868, "max_depth": 5.0, "num_boost_round": 10.0}, "datetime": {"datetime": "2024-01-19 00:28:51", "elapsed": 1038.829239, "delta": 0.001339}}
{"target": -13.758513306455608, "params": {"gamma": 201.2068128500959, "log10_alpha": -0.06844115055136157, "log10_colsample_bytree": -0.31047340408302526, "log10_eta": -3.29955469127298, "log10_lambda": -0.5174060749124916, "log10_min_child_weight": 4.837041168788479, "log10_subsample": -0.726491309898868, "max_depth": 5.0, "num_boost_round": 11.0}, "datetime": {"datetime": "2024-01-19 00:28:51", "elapsed": 1038.830586, "delta": 0.001347}}
{"target": -13.75851135950372, "params": {"gamma": 201.2068128500959, "log10_alpha": -0.06844115055136157, "log10_colsample_bytree": -0.31047340408302526, "log10_eta": -3.29955469127298, "log10_lambda": -0.5174060749124916, "log10_min_child_weight": 4.837041168788479, "log10_subsample": -0.726491309898868, "max_depth": 5.0, "num_boost_round": 12.0}, "datetime": {"datetime": "2024-01-19 00:28:51", "elapsed": 1038.831983, "delta": 0.001397}}
{"target": -13.758509234728344, "params": {"gamma": 201.2068128500959, "log10_alpha": -0.06844115055136157, "log10_colsample_bytree": -0.31047340408302526, "log10_eta": -3.29955469127298, "log10_lambda": -0.5174060749124916, "log10_min_child_weight": 4.837041168788479, "log10_subsample": -0.726491309898868, "max_depth": 5.0, "num_boost_round": 13.0}, "datetime": {"datetime": "2024-01-19 00:28:51", "elapsed": 1038.83332, "delta": 0.001337}}
{"target": -13.758509461003234, "params": {"gamma": 201.2068128500959, "log10_alpha": -0.06844115055136157, "log10_colsample_bytree": -0.31047340408302526, "log10_eta": -3.29955469127298, "log10_lambda": -0.5174060749124916, "log10_min_child_weight": 4.837041168788479, "log10_subsample": -0.726491309898868, "max_depth": 5.0, "num_boost_round": 14.0}, "datetime": {"datetime": "2024-01-19 00:28:51", "elapsed": 1038.834661, "delta": 0.001341}}
{"target": -13.758505337137805, "params": {"gamma": 201.2068128500959, "log10_alpha": -0.06844115055136157, "log10_colsample_bytree": -0.31047340408302526, "log10_eta": -3.29955469127298, "log10_lambda": -0.5174060749124916, "log10_min_child_weight": 4.837041168788479, "log10_subsample": -0.726491309898868, "max_depth": 5.0, "num_boost_round": 15.0}, "datetime": {"datetime": "2024-01-19 00:28:51", "elapsed": 1038.836027, "delta": 0.001366}}
{"target": -13.758502455092366, "params": {"gamma": 201.2068128500959, "log10_alpha": -0.06844115055136157, "log10_colsample_bytree": -0.31047340408302526, "log10_eta": -3.29955469127298, "log10_lambda": -0.5174060749124916, "log10_min_child_weight": 4.837041168788479, "log10_subsample": -0.726491309898868, "max_depth": 5.0, "num_boost_round": 16.0}, "datetime": {"datetime": "2024-01-19 00:28:51", "elapsed": 1038.83746, "delta": 0.001433}}
{"target": -13.75850223327562, "params": {"gamma": 201.2068128500959, "log10_alpha": -0.06844115055136157, "log10_colsample_bytree": -0.31047340408302526, "log10_eta": -3.29955469127298, "log10_lambda": -0.5174060749124916, "log10_min_child_weight": 4.837041168788479, "log10_subsample": -0.726491309898868, "max_depth": 5.0, "num_boost_round": 17.0}, "datetime": {"datetime": "2024-01-19 00:28:51", "elapsed": 1038.838799, "delta": 0.001339}}
{"target": -13.75850201742197, "params": {"gamma": 201.2068128500959, "log10_alpha": -0.06844115055136157, "log10_colsample_bytree": -0.31047340408302526, "log10_eta": -3.29955469127298, "log10_lambda": -0.5174060749124916, "log10_min_child_weight": 4.837041168788479, "log10_subsample": -0.726491309898868, "max_depth": 5.0, "num_boost_round": 18.0}, "datetime": {"datetime": "2024-01-19 00:28:51", "elapsed": 1038.840325, "delta": 0.001526}}
{"target": -13.758498881828631, "params": {"gamma": 201.2068128500959, "log10_alpha": -0.06844115055136157, "log10_colsample_bytree": -0.31047340408302526, "log10_eta": -3.29955469127298, "log10_lambda": -0.5174060749124916, "log10_min_child_weight": 4.837041168788479, "log10_subsample": -0.726491309898868, "max_depth": 5.0, "num_boost_round": 19.0}, "datetime": {"datetime": "2024-01-19 00:28:51", "elapsed": 1038.841819, "delta": 0.001494}}
{"target": -13.758495264374691, "params": {"gamma": 201.2068128500959, "log10_alpha": -0.06844115055136157, "log10_colsample_bytree": -0.31047340408302526, "log10_eta": -3.29955469127298, "log10_lambda": -0.5174060749124916, "log10_min_child_weight": 4.837041168788479, "log10_subsample": -0.726491309898868, "max_depth": 5.0, "num_boost_round": 20.0}, "datetime": {"datetime": "2024-01-19 00:28:51", "elapsed": 1038.843262, "delta": 0.001443}}
{"target": -13.758491677315837, "params": {"gamma": 201.2068128500959, "log10_alpha": -0.06844115055136157, "log10_colsample_bytree": -0.31047340408302526, "log10_eta": -3.29955469127298, "log10_lambda": -0.5174060749124916, "log10_min_child_weight": 4.837041168788479, "log10_subsample": -0.726491309898868, "max_depth": 5.0, "num_boost_round": 21.0}, "datetime": {"datetime": "2024-01-19 00:28:51", "elapsed": 1038.844639, "delta": 0.001377}}
{"target": -13.758492937639193, "params": {"gamma": 201.2068128500959, "log10_alpha": -0.06844115055136157, "log10_colsample_bytree": -0.31047340408302526, "log10_eta": -3.29955469127298, "log10_lambda": -0.5174060749124916, "log10_min_child_weight": 4.837041168788479, "log10_subsample": -0.726491309898868, "max_depth": 5.0, "num_boost_round": 22.0}, "datetime": {"datetime": "2024-01-19 00:28:51", "elapsed": 1038.845992, "delta": 0.001353}}
{"target": -13.758491784374801, "params": {"gamma": 201.2068128500959, "log10_alpha": -0.06844115055136157, "log10_colsample_bytree": -0.31047340408302526, "log10_eta": -3.29955469127298, "log10_lambda": -0.5174060749124916, "log10_min_child_weight": 4.837041168788479, "log10_subsample": -0.726491309898868, "max_depth": 5.0, "num_boost_round": 23.0}, "datetime": {"datetime": "2024-01-19 00:28:51", "elapsed": 1038.847364, "delta": 0.001372}}
{"target": -13.758489683371948, "params": {"gamma": 201.2068128500959, "log10_alpha": -0.06844115055136157, "log10_colsample_bytree": -0.31047340408302526, "log10_eta": -3.29955469127298, "log10_lambda": -0.5174060749124916, "log10_min_child_weight": 4.837041168788479, "log10_subsample": -0.726491309898868, "max_depth": 5.0, "num_boost_round": 24.0}, "datetime": {"datetime": "2024-01-19 00:28:51", "elapsed": 1038.848722, "delta": 0.001358}}
{"target": -13.758487969626248, "params": {"gamma": 201.2068128500959, "log10_alpha": -0.06844115055136157, "log10_colsample_bytree": -0.31047340408302526, "log10_eta": -3.29955469127298, "log10_lambda": -0.5174060749124916, "log10_min_child_weight": 4.837041168788479, "log10_subsample": -0.726491309898868, "max_depth": 5.0, "num_boost_round": 25.0}, "datetime": {"datetime": "2024-01-19 00:28:51", "elapsed": 1038.850086, "delta": 0.001364}}
{"target": -13.75848779158786, "params": {"gamma": 201.2068128500959, "log10_alpha": -0.06844115055136157, "log10_colsample_bytree": -0.31047340408302526, "log10_eta": -3.29955469127298, "log10_lambda": -0.5174060749124916, "log10_min_child_weight": 4.837041168788479, "log10_subsample": -0.726491309898868, "max_depth": 5.0, "num_boost_round": 26.0}, "datetime": {"datetime": "2024-01-19 00:28:51", "elapsed": 1038.851515, "delta": 0.001429}}
{"target": -13.758092923311903, "params": {"gamma": 181.03833924857292, "log10_alpha": 0.5816582201770801, "log10_colsample_bytree": -0.5482432534254087, "log10_eta": -1.3522563315827987, "log10_lambda": -0.8204831330747293, "log10_min_child_weight": 0.4933532269743651, "log10_subsample": -0.5245002032073891, "max_depth": 2.0, "num_boost_round": 0.0}, "datetime": {"datetime": "2024-01-19 00:29:16", "elapsed": 1064.111034, "delta": 25.259519}}
{"target": -13.757625850484619, "params": {"gamma": 181.03833924857292, "log10_alpha": 0.5816582201770801, "log10_colsample_bytree": -0.5482432534254087, "log10_eta": -1.3522563315827987, "log10_lambda": -0.8204831330747293, "log10_min_child_weight": 0.4933532269743651, "log10_subsample": -0.5245002032073891, "max_depth": 2.0, "num_boost_round": 1.0}, "datetime": {"datetime": "2024-01-19 00:29:16", "elapsed": 1064.112988, "delta": 0.001954}}
{"target": -13.75799577073773, "params": {"gamma": 181.03833924857292, "log10_alpha": 0.5816582201770801, "log10_colsample_bytree": -0.5482432534254087, "log10_eta": -1.3522563315827987, "log10_lambda": -0.8204831330747293, "log10_min_child_weight": 0.4933532269743651, "log10_subsample": -0.5245002032073891, "max_depth": 2.0, "num_boost_round": 2.0}, "datetime": {"datetime": "2024-01-19 00:29:16", "elapsed": 1064.11454, "delta": 0.001552}}
{"target": -13.757982368433947, "params": {"gamma": 181.03833924857292, "log10_alpha": 0.5816582201770801, "log10_colsample_bytree": -0.5482432534254087, "log10_eta": -1.3522563315827987, "log10_lambda": -0.8204831330747293, "log10_min_child_weight": 0.4933532269743651, "log10_subsample": -0.5245002032073891, "max_depth": 2.0, "num_boost_round": 3.0}, "datetime": {"datetime": "2024-01-19 00:29:16", "elapsed": 1064.116116, "delta": 0.001576}}
