{"target": -17.67723089790136, "params": {"gamma": 411.03510291392854, "log10_alpha": -2.4127448939503653, "log10_colsample_bytree": -0.9787979288350894, "log10_eta": -3.974197840126004, "log10_lambda": 0.49827458764554944, "log10_min_child_weight": 0.31519071176922153, "log10_subsample": -0.19438117217269157, "max_depth": 7.0, "num_boost_round": 2.0}, "datetime": {"datetime": "2024-01-19 02:39:16", "elapsed": 8860.645149, "delta": 0.004892}}
{"target": -17.67722694064514, "params": {"gamma": 411.03510291392854, "log10_alpha": -2.4127448939503653, "log10_colsample_bytree": -0.9787979288350894, "log10_eta": -3.974197840126004, "log10_lambda": 0.49827458764554944, "log10_min_child_weight": 0.31519071176922153, "log10_subsample": -0.19438117217269157, "max_depth": 7.0, "num_boost_round": 3.0}, "datetime": {"datetime": "2024-01-19 02:39:16", "elapsed": 8860.650105, "delta": 0.004956}}
{"target": -17.677222989606992, "params": {"gamma": 411.03510291392854, "log10_alpha": -2.4127448939503653, "log10_colsample_bytree": -0.9787979288350894, "log10_eta": -3.974197840126004, "log10_lambda": 0.49827458764554944, "log10_min_child_weight": 0.31519071176922153, "log10_subsample": -0.19438117217269157, "max_depth": 7.0, "num_boost_round": 4.0}, "datetime": {"datetime": "2024-01-19 02:39:16", "elapsed": 8860.655238, "delta": 0.005133}}
{"target": -17.677220606014746, "params": {"gamma": 411.03510291392854, "log10_alpha": -2.4127448939503653, "log10_colsample_bytree": -0.9787979288350894, "log10_eta": -3.974197840126004, "log10_lambda": 0.49827458764554944, "log10_min_child_weight": 0.31519071176922153, "log10_subsample": -0.19438117217269157, "max_depth": 7.0, "num_boost_round": 5.0}, "datetime": {"datetime": "2024-01-19 02:39:16", "elapsed": 8860.660093, "delta": 0.004855}}
{"target": -17.677220909745497, "params": {"gamma": 411.03510291392854, "log10_alpha": -2.4127448939503653, "log10_colsample_bytree": -0.9787979288350894, "log10_eta": -3.974197840126004, "log10_lambda": 0.49827458764554944, "log10_min_child_weight": 0.31519071176922153, "log10_subsample": -0.19438117217269157, "max_depth": 7.0, "num_boost_round": 6.0}, "datetime": {"datetime": "2024-01-19 02:39:16", "elapsed": 8860.664918, "delta": 0.004825}}
{"target": -17.677214770991615, "params": {"gamma": 411.03510291392854, "log10_alpha": -2.4127448939503653, "log10_colsample_bytree": -0.9787979288350894, "log10_eta": -3.974197840126004, "log10_lambda": 0.49827458764554944, "log10_min_child_weight": 0.31519071176922153, "log10_subsample": -0.19438117217269157, "max_depth": 7.0, "num_boost_round": 7.0}, "datetime": {"datetime": "2024-01-19 02:39:16", "elapsed": 8860.669831, "delta": 0.004913}}
{"target": -17.67721437274306, "params": {"gamma": 411.03510291392854, "log10_alpha": -2.4127448939503653, "log10_colsample_bytree": -0.9787979288350894, "log10_eta": -3.974197840126004, "log10_lambda": 0.49827458764554944, "log10_min_child_weight": 0.31519071176922153, "log10_subsample": -0.19438117217269157, "max_depth": 7.0, "num_boost_round": 8.0}, "datetime": {"datetime": "2024-01-19 02:39:16", "elapsed": 8860.674857, "delta": 0.005026}}
{"target": -17.67720776503369, "params": {"gamma": 411.03510291392854, "log10_alpha": -2.4127448939503653, "log10_colsample_bytree": -0.9787979288350894, "log10_eta": -3.974197840126004, "log10_lambda": 0.49827458764554944, "log10_min_child_weight": 0.31519071176922153, "log10_subsample": -0.19438117217269157, "max_depth": 7.0, "num_boost_round": 9.0}, "datetime": {"datetime": "2024-01-19 02:39:16", "elapsed": 8860.679936, "delta": 0.005079}}
{"target": -17.67720292681739, "params": {"gamma": 411.03510291392854, "log10_alpha": -2.4127448939503653, "log10_colsample_bytree": -0.9787979288350894, "log10_eta": -3.974197840126004, "log10_lambda": 0.49827458764554944, "log10_min_child_weight": 0.31519071176922153, "log10_subsample": -0.19438117217269157, "max_depth": 7.0, "num_boost_round": 10.0}, "datetime": {"datetime": "2024-01-19 02:39:16", "elapsed": 8860.685205, "delta": 0.005269}}
{"target": -17.677201364634765, "params": {"gamma": 411.03510291392854, "log10_alpha": -2.4127448939503653, "log10_colsample_bytree": -0.9787979288350894, "log10_eta": -3.974197840126004, "log10_lambda": 0.49827458764554944, "log10_min_child_weight": 0.31519071176922153, "log10_subsample": -0.19438117217269157, "max_depth": 7.0, "num_boost_round": 11.0}, "datetime": {"datetime": "2024-01-19 02:39:16", "elapsed": 8860.690132, "delta": 0.004927}}
{"target": -17.67719761496186, "params": {"gamma": 411.03510291392854, "log10_alpha": -2.4127448939503653, "log10_colsample_bytree": -0.9787979288350894, "log10_eta": -3.974197840126004, "log10_lambda": 0.49827458764554944, "log10_min_child_weight": 0.31519071176922153, "log10_subsample": -0.19438117217269157, "max_depth": 7.0, "num_boost_round": 12.0}, "datetime": {"datetime": "2024-01-19 02:39:16", "elapsed": 8860.695079, "delta": 0.004947}}
{"target": -17.677193441569106, "params": {"gamma": 411.03510291392854, "log10_alpha": -2.4127448939503653, "log10_colsample_bytree": -0.9787979288350894, "log10_eta": -3.974197840126004, "log10_lambda": 0.49827458764554944, "log10_min_child_weight": 0.31519071176922153, "log10_subsample": -0.19438117217269157, "max_depth": 7.0, "num_boost_round": 13.0}, "datetime": {"datetime": "2024-01-19 02:39:16", "elapsed": 8860.699946, "delta": 0.004867}}
{"target": -17.6771858433589, "params": {"gamma": 411.03510291392854, "log10_alpha": -2.4127448939503653, "log10_colsample_bytree": -0.9787979288350894, "log10_eta": -3.974197840126004, "log10_lambda": 0.49827458764554944, "log10_min_child_weight": 0.31519071176922153, "log10_subsample": -0.19438117217269157, "max_depth": 7.0, "num_boost_round": 14.0}, "datetime": {"datetime": "2024-01-19 02:39:16", "elapsed": 8860.704811, "delta": 0.004865}}
{"target": -17.6771802389548, "params": {"gamma": 411.03510291392854, "log10_alpha": -2.4127448939503653, "log10_colsample_bytree": -0.9787979288350894, "log10_eta": -3.974197840126004, "log10_lambda": 0.49827458764554944, "log10_min_child_weight": 0.31519071176922153, "log10_subsample": -0.19438117217269157, "max_depth": 7.0, "num_boost_round": 15.0}, "datetime": {"datetime": "2024-01-19 02:39:16", "elapsed": 8860.709818, "delta": 0.005007}}
{"target": -17.677179864816512, "params": {"gamma": 411.03510291392854, "log10_alpha": -2.4127448939503653, "log10_colsample_bytree": -0.9787979288350894, "log10_eta": -3.974197840126004, "log10_lambda": 0.49827458764554944, "log10_min_child_weight": 0.31519071176922153, "log10_subsample": -0.19438117217269157, "max_depth": 7.0, "num_boost_round": 16.0}, "datetime": {"datetime": "2024-01-19 02:39:16", "elapsed": 8860.714972, "delta": 0.005154}}
{"target": -17.677174504868326, "params": {"gamma": 411.03510291392854, "log10_alpha": -2.4127448939503653, "log10_colsample_bytree": -0.9787979288350894, "log10_eta": -3.974197840126004, "log10_lambda": 0.49827458764554944, "log10_min_child_weight": 0.31519071176922153, "log10_subsample": -0.19438117217269157, "max_depth": 7.0, "num_boost_round": 17.0}, "datetime": {"datetime": "2024-01-19 02:39:16", "elapsed": 8860.719965, "delta": 0.004993}}
{"target": -17.6771715256389, "params": {"gamma": 411.03510291392854, "log10_alpha": -2.4127448939503653, "log10_colsample_bytree": -0.9787979288350894, "log10_eta": -3.974197840126004, "log10_lambda": 0.49827458764554944, "log10_min_child_weight": 0.31519071176922153, "log10_subsample": -0.19438117217269157, "max_depth": 7.0, "num_boost_round": 18.0}, "datetime": {"datetime": "2024-01-19 02:39:16", "elapsed": 8860.725055, "delta": 0.00509}}
{"target": -17.677168209040747, "params": {"gamma": 411.03510291392854, "log10_alpha": -2.4127448939503653, "log10_colsample_bytree": -0.9787979288350894, "log10_eta": -3.974197840126004, "log10_lambda": 0.49827458764554944, "log10_min_child_weight": 0.31519071176922153, "log10_subsample": -0.19438117217269157, "max_depth": 7.0, "num_boost_round": 19.0}, "datetime": {"datetime": "2024-01-19 02:39:16", "elapsed": 8860.730091, "delta": 0.005036}}
{"target": -17.677166873477773, "params": {"gamma": 411.03510291392854, "log10_alpha": -2.4127448939503653, "log10_colsample_bytree": -0.9787979288350894, "log10_eta": -3.974197840126004, "log10_lambda": 0.49827458764554944, "log10_min_child_weight": 0.31519071176922153, "log10_subsample": -0.19438117217269157, "max_depth": 7.0, "num_boost_round": 20.0}, "datetime": {"datetime": "2024-01-19 02:39:16", "elapsed": 8860.735009, "delta": 0.004918}}
{"target": -17.67715838550507, "params": {"gamma": 411.03510291392854, "log10_alpha": -2.4127448939503653, "log10_colsample_bytree": -0.9787979288350894, "log10_eta": -3.974197840126004, "log10_lambda": 0.49827458764554944, "log10_min_child_weight": 0.31519071176922153, "log10_subsample": -0.19438117217269157, "max_depth": 7.0, "num_boost_round": 21.0}, "datetime": {"datetime": "2024-01-19 02:39:16", "elapsed": 8860.739917, "delta": 0.004908}}
{"target": -17.67715264768745, "params": {"gamma": 411.03510291392854, "log10_alpha": -2.4127448939503653, "log10_colsample_bytree": -0.9787979288350894, "log10_eta": -3.974197840126004, "log10_lambda": 0.49827458764554944, "log10_min_child_weight": 0.31519071176922153, "log10_subsample": -0.19438117217269157, "max_depth": 7.0, "num_boost_round": 22.0}, "datetime": {"datetime": "2024-01-19 02:39:16", "elapsed": 8860.852156, "delta": 0.112239}}
{"target": -17.677146744084414, "params": {"gamma": 411.03510291392854, "log10_alpha": -2.4127448939503653, "log10_colsample_bytree": -0.9787979288350894, "log10_eta": -3.974197840126004, "log10_lambda": 0.49827458764554944, "log10_min_child_weight": 0.31519071176922153, "log10_subsample": -0.19438117217269157, "max_depth": 7.0, "num_boost_round": 23.0}, "datetime": {"datetime": "2024-01-19 02:39:16", "elapsed": 8860.857598, "delta": 0.005442}}
{"target": -17.67721560971263, "params": {"gamma": 426.4058723709319, "log10_alpha": -4.374582163406648, "log10_colsample_bytree": -0.24788351160778976, "log10_eta": -2.1287615749781024, "log10_lambda": -4.500096052990193, "log10_min_child_weight": 4.560333311287039, "log10_subsample": -0.24963350152743224, "max_depth": 7.0, "num_boost_round": 0.0}, "datetime": {"datetime": "2024-01-19 02:40:53", "elapsed": 8957.734056, "delta": 96.876458}}
{"target": -17.6772071125782, "params": {"gamma": 426.4058723709319, "log10_alpha": -4.374582163406648, "log10_colsample_bytree": -0.24788351160778976, "log10_eta": -2.1287615749781024, "log10_lambda": -4.500096052990193, "log10_min_child_weight": 4.560333311287039, "log10_subsample": -0.24963350152743224, "max_depth": 7.0, "num_boost_round": 1.0}, "datetime": {"datetime": "2024-01-19 02:40:53", "elapsed": 8957.739679, "delta": 0.005623}}
{"target": -17.67720871640933, "params": {"gamma": 426.4058723709319, "log10_alpha": -4.374582163406648, "log10_colsample_bytree": -0.24788351160778976, "log10_eta": -2.1287615749781024, "log10_lambda": -4.500096052990193, "log10_min_child_weight": 4.560333311287039, "log10_subsample": -0.24963350152743224, "max_depth": 7.0, "num_boost_round": 2.0}, "datetime": {"datetime": "2024-01-19 02:40:53", "elapsed": 8957.744711, "delta": 0.005032}}
{"target": -17.67724656699086, "params": {"gamma": 426.4058723709319, "log10_alpha": -4.374582163406648, "log10_colsample_bytree": -0.24788351160778976, "log10_eta": -2.1287615749781024, "log10_lambda": -4.500096052990193, "log10_min_child_weight": 4.560333311287039, "log10_subsample": -0.24963350152743224, "max_depth": 7.0, "num_boost_round": 3.0}, "datetime": {"datetime": "2024-01-19 02:40:53", "elapsed": 8957.749821, "delta": 0.00511}}
{"target": -17.677201190467574, "params": {"gamma": 426.4058723709319, "log10_alpha": -4.374582163406648, "log10_colsample_bytree": -0.24788351160778976, "log10_eta": -2.1287615749781024, "log10_lambda": -4.500096052990193, "log10_min_child_weight": 4.560333311287039, "log10_subsample": -0.24963350152743224, "max_depth": 7.0, "num_boost_round": 4.0}, "datetime": {"datetime": "2024-01-19 02:40:53", "elapsed": 8957.755077, "delta": 0.005256}}
{"target": -17.67720951219942, "params": {"gamma": 426.4058723709319, "log10_alpha": -4.374582163406648, "log10_colsample_bytree": -0.24788351160778976, "log10_eta": -2.1287615749781024, "log10_lambda": -4.500096052990193, "log10_min_child_weight": 4.560333311287039, "log10_subsample": -0.24963350152743224, "max_depth": 7.0, "num_boost_round": 5.0}, "datetime": {"datetime": "2024-01-19 02:40:53", "elapsed": 8957.76009, "delta": 0.005013}}
{"target": -17.67718112281223, "params": {"gamma": 426.4058723709319, "log10_alpha": -4.374582163406648, "log10_colsample_bytree": -0.24788351160778976, "log10_eta": -2.1287615749781024, "log10_lambda": -4.500096052990193, "log10_min_child_weight": 4.560333311287039, "log10_subsample": -0.24963350152743224, "max_depth": 7.0, "num_boost_round": 6.0}, "datetime": {"datetime": "2024-01-19 02:40:53", "elapsed": 8957.765014, "delta": 0.004924}}
{"target": -17.677170349092627, "params": {"gamma": 426.4058723709319, "log10_alpha": -4.374582163406648, "log10_colsample_bytree": -0.24788351160778976, "log10_eta": -2.1287615749781024, "log10_lambda": -4.500096052990193, "log10_min_child_weight": 4.560333311287039, "log10_subsample": -0.24963350152743224, "max_depth": 7.0, "num_boost_round": 7.0}, "datetime": {"datetime": "2024-01-19 02:40:53", "elapsed": 8957.770023, "delta": 0.005009}}
{"target": -17.677199984125224, "params": {"gamma": 426.4058723709319, "log10_alpha": -4.374582163406648, "log10_colsample_bytree": -0.24788351160778976, "log10_eta": -2.1287615749781024, "log10_lambda": -4.500096052990193, "log10_min_child_weight": 4.560333311287039, "log10_subsample": -0.24963350152743224, "max_depth": 7.0, "num_boost_round": 8.0}, "datetime": {"datetime": "2024-01-19 02:40:53", "elapsed": 8957.775227, "delta": 0.005204}}
{"target": -17.67709473931969, "params": {"gamma": 426.4058723709319, "log10_alpha": -4.374582163406648, "log10_colsample_bytree": -0.24788351160778976, "log10_eta": -2.1287615749781024, "log10_lambda": -4.500096052990193, "log10_min_child_weight": 4.560333311287039, "log10_subsample": -0.24963350152743224, "max_depth": 7.0, "num_boost_round": 9.0}, "datetime": {"datetime": "2024-01-19 02:40:53", "elapsed": 8957.780375, "delta": 0.005148}}
{"target": -17.676992008897603, "params": {"gamma": 426.4058723709319, "log10_alpha": -4.374582163406648, "log10_colsample_bytree": -0.24788351160778976, "log10_eta": -2.1287615749781024, "log10_lambda": -4.500096052990193, "log10_min_child_weight": 4.560333311287039, "log10_subsample": -0.24963350152743224, "max_depth": 7.0, "num_boost_round": 10.0}, "datetime": {"datetime": "2024-01-19 02:40:53", "elapsed": 8957.785632, "delta": 0.005257}}
{"target": -17.676909376265527, "params": {"gamma": 426.4058723709319, "log10_alpha": -4.374582163406648, "log10_colsample_bytree": -0.24788351160778976, "log10_eta": -2.1287615749781024, "log10_lambda": -4.500096052990193, "log10_min_child_weight": 4.560333311287039, "log10_subsample": -0.24963350152743224, "max_depth": 7.0, "num_boost_round": 11.0}, "datetime": {"datetime": "2024-01-19 02:40:53", "elapsed": 8957.790607, "delta": 0.004975}}
{"target": -17.676944495986838, "params": {"gamma": 426.4058723709319, "log10_alpha": -4.374582163406648, "log10_colsample_bytree": -0.24788351160778976, "log10_eta": -2.1287615749781024, "log10_lambda": -4.500096052990193, "log10_min_child_weight": 4.560333311287039, "log10_subsample": -0.24963350152743224, "max_depth": 7.0, "num_boost_round": 12.0}, "datetime": {"datetime": "2024-01-19 02:40:53", "elapsed": 8957.795634, "delta": 0.005027}}
{"target": -17.6769609324685, "params": {"gamma": 426.4058723709319, "log10_alpha": -4.374582163406648, "log10_colsample_bytree": -0.24788351160778976, "log10_eta": -2.1287615749781024, "log10_lambda": -4.500096052990193, "log10_min_child_weight": 4.560333311287039, "log10_subsample": -0.24963350152743224, "max_depth": 7.0, "num_boost_round": 13.0}, "datetime": {"datetime": "2024-01-19 02:40:53", "elapsed": 8957.800614, "delta": 0.00498}}
{"target": -17.677016932619694, "params": {"gamma": 426.4058723709319, "log10_alpha": -4.374582163406648, "log10_colsample_bytree": -0.24788351160778976, "log10_eta": -2.1287615749781024, "log10_lambda": -4.500096052990193, "log10_min_child_weight": 4.560333311287039, "log10_subsample": -0.24963350152743224, "max_depth": 7.0, "num_boost_round": 14.0}, "datetime": {"datetime": "2024-01-19 02:40:53", "elapsed": 8957.805555, "delta": 0.004941}}
{"target": -17.6769280312477, "params": {"gamma": 426.4058723709319, "log10_alpha": -4.374582163406648, "log10_colsample_bytree": -0.24788351160778976, "log10_eta": -2.1287615749781024, "log10_lambda": -4.500096052990193, "log10_min_child_weight": 4.560333311287039, "log10_subsample": -0.24963350152743224, "max_depth": 7.0, "num_boost_round": 15.0}, "datetime": {"datetime": "2024-01-19 02:40:53", "elapsed": 8957.810631, "delta": 0.005076}}
{"target": -17.676866186255843, "params": {"gamma": 426.4058723709319, "log10_alpha": -4.374582163406648, "log10_colsample_bytree": -0.24788351160778976, "log10_eta": -2.1287615749781024, "log10_lambda": -4.500096052990193, "log10_min_child_weight": 4.560333311287039, "log10_subsample": -0.24963350152743224, "max_depth": 7.0, "num_boost_round": 16.0}, "datetime": {"datetime": "2024-01-19 02:40:53", "elapsed": 8957.815844, "delta": 0.005213}}
{"target": -17.676740094996195, "params": {"gamma": 426.4058723709319, "log10_alpha": -4.374582163406648, "log10_colsample_bytree": -0.24788351160778976, "log10_eta": -2.1287615749781024, "log10_lambda": -4.500096052990193, "log10_min_child_weight": 4.560333311287039, "log10_subsample": -0.24963350152743224, "max_depth": 7.0, "num_boost_round": 17.0}, "datetime": {"datetime": "2024-01-19 02:40:53", "elapsed": 8957.820779, "delta": 0.004935}}
{"target": -17.67668953411208, "params": {"gamma": 426.4058723709319, "log10_alpha": -4.374582163406648, "log10_colsample_bytree": -0.24788351160778976, "log10_eta": -2.1287615749781024, "log10_lambda": -4.500096052990193, "log10_min_child_weight": 4.560333311287039, "log10_subsample": -0.24963350152743224, "max_depth": 7.0, "num_boost_round": 18.0}, "datetime": {"datetime": "2024-01-19 02:40:53", "elapsed": 8957.825699, "delta": 0.00492}}
{"target": -17.676590851317783, "params": {"gamma": 426.4058723709319, "log10_alpha": -4.374582163406648, "log10_colsample_bytree": -0.24788351160778976, "log10_eta": -2.1287615749781024, "log10_lambda": -4.500096052990193, "log10_min_child_weight": 4.560333311287039, "log10_subsample": -0.24963350152743224, "max_depth": 7.0, "num_boost_round": 19.0}, "datetime": {"datetime": "2024-01-19 02:40:53", "elapsed": 8957.830643, "delta": 0.004944}}
{"target": -17.6766084514412, "params": {"gamma": 426.4058723709319, "log10_alpha": -4.374582163406648, "log10_colsample_bytree": -0.24788351160778976, "log10_eta": -2.1287615749781024, "log10_lambda": -4.500096052990193, "log10_min_child_weight": 4.560333311287039, "log10_subsample": -0.24963350152743224, "max_depth": 7.0, "num_boost_round": 20.0}, "datetime": {"datetime": "2024-01-19 02:40:53", "elapsed": 8957.835711, "delta": 0.005068}}
{"target": -17.67661771986309, "params": {"gamma": 426.4058723709319, "log10_alpha": -4.374582163406648, "log10_colsample_bytree": -0.24788351160778976, "log10_eta": -2.1287615749781024, "log10_lambda": -4.500096052990193, "log10_min_child_weight": 4.560333311287039, "log10_subsample": -0.24963350152743224, "max_depth": 7.0, "num_boost_round": 21.0}, "datetime": {"datetime": "2024-01-19 02:40:53", "elapsed": 8957.840718, "delta": 0.005007}}
{"target": -17.67720588768478, "params": {"gamma": 423.5631654764845, "log10_alpha": -3.5267923467575857, "log10_colsample_bytree": -0.39754856928010696, "log10_eta": -2.7403957194073643, "log10_lambda": -4.154741679423896, "log10_min_child_weight": 0.16141215568332867, "log10_subsample": -0.5181189986122959, "max_depth": 4.0, "num_boost_round": 0.0}, "datetime": {"datetime": "2024-01-19 02:42:40", "elapsed": 9064.686691, "delta": 106.845973}}
{"target": -17.677058911138694, "params": {"gamma": 423.5631654764845, "log10_alpha": -3.5267923467575857, "log10_colsample_bytree": -0.39754856928010696, "log10_eta": -2.7403957194073643, "log10_lambda": -4.154741679423896, "log10_min_child_weight": 0.16141215568332867, "log10_subsample": -0.5181189986122959, "max_depth": 4.0, "num_boost_round": 1.0}, "datetime": {"datetime": "2024-01-19 02:42:40", "elapsed": 9064.692159, "delta": 0.005468}}
{"target": -17.676986685879132, "params": {"gamma": 423.5631654764845, "log10_alpha": -3.5267923467575857, "log10_colsample_bytree": -0.39754856928010696, "log10_eta": -2.7403957194073643, "log10_lambda": -4.154741679423896, "log10_min_child_weight": 0.16141215568332867, "log10_subsample": -0.5181189986122959, "max_depth": 4.0, "num_boost_round": 2.0}, "datetime": {"datetime": "2024-01-19 02:42:40", "elapsed": 9064.697159, "delta": 0.005}}
{"target": -17.676936536253567, "params": {"gamma": 423.5631654764845, "log10_alpha": -3.5267923467575857, "log10_colsample_bytree": -0.39754856928010696, "log10_eta": -2.7403957194073643, "log10_lambda": -4.154741679423896, "log10_min_child_weight": 0.16141215568332867, "log10_subsample": -0.5181189986122959, "max_depth": 4.0, "num_boost_round": 3.0}, "datetime": {"datetime": "2024-01-19 02:42:40", "elapsed": 9064.702207, "delta": 0.005048}}
{"target": -17.676853655237778, "params": {"gamma": 423.5631654764845, "log10_alpha": -3.5267923467575857, "log10_colsample_bytree": -0.39754856928010696, "log10_eta": -2.7403957194073643, "log10_lambda": -4.154741679423896, "log10_min_child_weight": 0.16141215568332867, "log10_subsample": -0.5181189986122959, "max_depth": 4.0, "num_boost_round": 4.0}, "datetime": {"datetime": "2024-01-19 02:42:40", "elapsed": 9064.707376, "delta": 0.005169}}
