{"target": -13.758520165062043, "params": {"gamma": 422.16512237704285, "log10_alpha": -2.0710901159085235, "log10_colsample_bytree": -0.2758607477696531, "log10_eta": -3.981255755145516, "log10_lambda": -4.548923393776294, "log10_min_child_weight": 3.0861895532355406, "log10_subsample": -0.5960405589053437, "max_depth": 8.0, "num_boost_round": 12.0}, "datetime": {"datetime": "2024-01-19 00:17:59", "elapsed": 382.706358, "delta": 0.001074}}
{"target": -13.75851896879627, "params": {"gamma": 422.16512237704285, "log10_alpha": -2.0710901159085235, "log10_colsample_bytree": -0.2758607477696531, "log10_eta": -3.981255755145516, "log10_lambda": -4.548923393776294, "log10_min_child_weight": 3.0861895532355406, "log10_subsample": -0.5960405589053437, "max_depth": 8.0, "num_boost_round": 13.0}, "datetime": {"datetime": "2024-01-19 00:17:59", "elapsed": 382.70743, "delta": 0.001072}}
{"target": -13.758515925282541, "params": {"gamma": 422.16512237704285, "log10_alpha": -2.0710901159085235, "log10_colsample_bytree": -0.2758607477696531, "log10_eta": -3.981255755145516, "log10_lambda": -4.548923393776294, "log10_min_child_weight": 3.0861895532355406, "log10_subsample": -0.5960405589053437, "max_depth": 8.0, "num_boost_round": 14.0}, "datetime": {"datetime": "2024-01-19 00:17:59", "elapsed": 382.708632, "delta": 0.001202}}
{"target": -13.758515839078008, "params": {"gamma": 422.16512237704285, "log10_alpha": -2.0710901159085235, "log10_colsample_bytree": -0.2758607477696531, "log10_eta": -3.981255755145516, "log10_lambda": -4.548923393776294, "log10_min_child_weight": 3.0861895532355406, "log10_subsample": -0.5960405589053437, "max_depth": 8.0, "num_boost_round": 15.0}, "datetime": {"datetime": "2024-01-19 00:17:59", "elapsed": 382.709712, "delta": 0.00108}}
{"target": -13.75851726657067, "params": {"gamma": 422.16512237704285, "log10_alpha": -2.0710901159085235, "log10_colsample_bytree": -0.2758607477696531, "log10_eta": -3.981255755145516, "log10_lambda": -4.548923393776294, "log10_min_child_weight": 3.0861895532355406, "log10_subsample": -0.5960405589053437, "max_depth": 8.0, "num_boost_round": 16.0}, "datetime": {"datetime": "2024-01-19 00:17:59", "elapsed": 382.710804, "delta": 0.001092}}
{"target": -13.758514784477319, "params": {"gamma": 422.16512237704285, "log10_alpha": -2.0710901159085235, "log10_colsample_bytree": -0.2758607477696531, "log10_eta": -3.981255755145516, "log10_lambda": -4.548923393776294, "log10_min_child_weight": 3.0861895532355406, "log10_subsample": -0.5960405589053437, "max_depth": 8.0, "num_boost_round": 17.0}, "datetime": {"datetime": "2024-01-19 00:17:59", "elapsed": 382.711879, "delta": 0.001075}}
{"target": -13.758511922064352, "params": {"gamma": 422.16512237704285, "log10_alpha": -2.0710901159085235, "log10_colsample_bytree": -0.2758607477696531, "log10_eta": -3.981255755145516, "log10_lambda": -4.548923393776294, "log10_min_child_weight": 3.0861895532355406, "log10_subsample": -0.5960405589053437, "max_depth": 8.0, "num_boost_round": 18.0}, "datetime": {"datetime": "2024-01-19 00:17:59", "elapsed": 382.712956, "delta": 0.001077}}
{"target": -13.758511813865544, "params": {"gamma": 422.16512237704285, "log10_alpha": -2.0710901159085235, "log10_colsample_bytree": -0.2758607477696531, "log10_eta": -3.981255755145516, "log10_lambda": -4.548923393776294, "log10_min_child_weight": 3.0861895532355406, "log10_subsample": -0.5960405589053437, "max_depth": 8.0, "num_boost_round": 19.0}, "datetime": {"datetime": "2024-01-19 00:17:59", "elapsed": 382.714035, "delta": 0.001079}}
{"target": -13.758509586784468, "params": {"gamma": 422.16512237704285, "log10_alpha": -2.0710901159085235, "log10_colsample_bytree": -0.2758607477696531, "log10_eta": -3.981255755145516, "log10_lambda": -4.548923393776294, "log10_min_child_weight": 3.0861895532355406, "log10_subsample": -0.5960405589053437, "max_depth": 8.0, "num_boost_round": 20.0}, "datetime": {"datetime": "2024-01-19 00:17:59", "elapsed": 382.715109, "delta": 0.001074}}
{"target": -13.75850499758018, "params": {"gamma": 422.16512237704285, "log10_alpha": -2.0710901159085235, "log10_colsample_bytree": -0.2758607477696531, "log10_eta": -3.981255755145516, "log10_lambda": -4.548923393776294, "log10_min_child_weight": 3.0861895532355406, "log10_subsample": -0.5960405589053437, "max_depth": 8.0, "num_boost_round": 21.0}, "datetime": {"datetime": "2024-01-19 00:17:59", "elapsed": 382.716196, "delta": 0.001087}}
{"target": -13.758501986691542, "params": {"gamma": 422.16512237704285, "log10_alpha": -2.0710901159085235, "log10_colsample_bytree": -0.2758607477696531, "log10_eta": -3.981255755145516, "log10_lambda": -4.548923393776294, "log10_min_child_weight": 3.0861895532355406, "log10_subsample": -0.5960405589053437, "max_depth": 8.0, "num_boost_round": 22.0}, "datetime": {"datetime": "2024-01-19 00:17:59", "elapsed": 382.717268, "delta": 0.001072}}
{"target": -13.75850004381202, "params": {"gamma": 422.16512237704285, "log10_alpha": -2.0710901159085235, "log10_colsample_bytree": -0.2758607477696531, "log10_eta": -3.981255755145516, "log10_lambda": -4.548923393776294, "log10_min_child_weight": 3.0861895532355406, "log10_subsample": -0.5960405589053437, "max_depth": 8.0, "num_boost_round": 23.0}, "datetime": {"datetime": "2024-01-19 00:17:59", "elapsed": 382.718346, "delta": 0.001078}}
{"target": -13.758500092765468, "params": {"gamma": 422.16512237704285, "log10_alpha": -2.0710901159085235, "log10_colsample_bytree": -0.2758607477696531, "log10_eta": -3.981255755145516, "log10_lambda": -4.548923393776294, "log10_min_child_weight": 3.0861895532355406, "log10_subsample": -0.5960405589053437, "max_depth": 8.0, "num_boost_round": 24.0}, "datetime": {"datetime": "2024-01-19 00:17:59", "elapsed": 382.71942, "delta": 0.001074}}
{"target": -13.758499205851342, "params": {"gamma": 422.16512237704285, "log10_alpha": -2.0710901159085235, "log10_colsample_bytree": -0.2758607477696531, "log10_eta": -3.981255755145516, "log10_lambda": -4.548923393776294, "log10_min_child_weight": 3.0861895532355406, "log10_subsample": -0.5960405589053437, "max_depth": 8.0, "num_boost_round": 25.0}, "datetime": {"datetime": "2024-01-19 00:17:59", "elapsed": 382.720509, "delta": 0.001089}}
{"target": -13.758493051783542, "params": {"gamma": 422.16512237704285, "log10_alpha": -2.0710901159085235, "log10_colsample_bytree": -0.2758607477696531, "log10_eta": -3.981255755145516, "log10_lambda": -4.548923393776294, "log10_min_child_weight": 3.0861895532355406, "log10_subsample": -0.5960405589053437, "max_depth": 8.0, "num_boost_round": 26.0}, "datetime": {"datetime": "2024-01-19 00:17:59", "elapsed": 382.721591, "delta": 0.001082}}
{"target": -13.758489884035065, "params": {"gamma": 422.16512237704285, "log10_alpha": -2.0710901159085235, "log10_colsample_bytree": -0.2758607477696531, "log10_eta": -3.981255755145516, "log10_lambda": -4.548923393776294, "log10_min_child_weight": 3.0861895532355406, "log10_subsample": -0.5960405589053437, "max_depth": 8.0, "num_boost_round": 27.0}, "datetime": {"datetime": "2024-01-19 00:17:59", "elapsed": 382.72271, "delta": 0.001119}}
{"target": -13.758487072354594, "params": {"gamma": 422.16512237704285, "log10_alpha": -2.0710901159085235, "log10_colsample_bytree": -0.2758607477696531, "log10_eta": -3.981255755145516, "log10_lambda": -4.548923393776294, "log10_min_child_weight": 3.0861895532355406, "log10_subsample": -0.5960405589053437, "max_depth": 8.0, "num_boost_round": 28.0}, "datetime": {"datetime": "2024-01-19 00:17:59", "elapsed": 382.7238, "delta": 0.00109}}
{"target": -13.758484363194743, "params": {"gamma": 422.16512237704285, "log10_alpha": -2.0710901159085235, "log10_colsample_bytree": -0.2758607477696531, "log10_eta": -3.981255755145516, "log10_lambda": -4.548923393776294, "log10_min_child_weight": 3.0861895532355406, "log10_subsample": -0.5960405589053437, "max_depth": 8.0, "num_boost_round": 29.0}, "datetime": {"datetime": "2024-01-19 00:17:59", "elapsed": 382.72488, "delta": 0.00108}}
{"target": -13.758483814748024, "params": {"gamma": 422.16512237704285, "log10_alpha": -2.0710901159085235, "log10_colsample_bytree": -0.2758607477696531, "log10_eta": -3.981255755145516, "log10_lambda": -4.548923393776294, "log10_min_child_weight": 3.0861895532355406, "log10_subsample": -0.5960405589053437, "max_depth": 8.0, "num_boost_round": 30.0}, "datetime": {"datetime": "2024-01-19 00:17:59", "elapsed": 382.725969, "delta": 0.001089}}
{"target": -13.758482601592894, "params": {"gamma": 422.16512237704285, "log10_alpha": -2.0710901159085235, "log10_colsample_bytree": -0.2758607477696531, "log10_eta": -3.981255755145516, "log10_lambda": -4.548923393776294, "log10_min_child_weight": 3.0861895532355406, "log10_subsample": -0.5960405589053437, "max_depth": 8.0, "num_boost_round": 31.0}, "datetime": {"datetime": "2024-01-19 00:17:59", "elapsed": 382.727072, "delta": 0.001103}}
{"target": -13.758479557160301, "params": {"gamma": 422.16512237704285, "log10_alpha": -2.0710901159085235, "log10_colsample_bytree": -0.2758607477696531, "log10_eta": -3.981255755145516, "log10_lambda": -4.548923393776294, "log10_min_child_weight": 3.0861895532355406, "log10_subsample": -0.5960405589053437, "max_depth": 8.0, "num_boost_round": 32.0}, "datetime": {"datetime": "2024-01-19 00:17:59", "elapsed": 382.728296, "delta": 0.001224}}
{"target": -13.758481399131135, "params": {"gamma": 422.16512237704285, "log10_alpha": -2.0710901159085235, "log10_colsample_bytree": -0.2758607477696531, "log10_eta": -3.981255755145516, "log10_lambda": -4.548923393776294, "log10_min_child_weight": 3.0861895532355406, "log10_subsample": -0.5960405589053437, "max_depth": 8.0, "num_boost_round": 33.0}, "datetime": {"datetime": "2024-01-19 00:17:59", "elapsed": 382.729397, "delta": 0.001101}}
{"target": -13.758479873726538, "params": {"gamma": 422.16512237704285, "log10_alpha": -2.0710901159085235, "log10_colsample_bytree": -0.2758607477696531, "log10_eta": -3.981255755145516, "log10_lambda": -4.548923393776294, "log10_min_child_weight": 3.0861895532355406, "log10_subsample": -0.5960405589053437, "max_depth": 8.0, "num_boost_round": 34.0}, "datetime": {"datetime": "2024-01-19 00:17:59", "elapsed": 382.730514, "delta": 0.001117}}
{"target": -13.758483802708547, "params": {"gamma": 422.16512237704285, "log10_alpha": -2.0710901159085235, "log10_colsample_bytree": -0.2758607477696531, "log10_eta": -3.981255755145516, "log10_lambda": -4.548923393776294, "log10_min_child_weight": 3.0861895532355406, "log10_subsample": -0.5960405589053437, "max_depth": 8.0, "num_boost_round": 35.0}, "datetime": {"datetime": "2024-01-19 00:17:59", "elapsed": 382.731608, "delta": 0.001094}}
{"target": -13.75848280646694, "params": {"gamma": 422.16512237704285, "log10_alpha": -2.0710901159085235, "log10_colsample_bytree": -0.2758607477696531, "log10_eta": -3.981255755145516, "log10_lambda": -4.548923393776294, "log10_min_child_weight": 3.0861895532355406, "log10_subsample": -0.5960405589053437, "max_depth": 8.0, "num_boost_round": 36.0}, "datetime": {"datetime": "2024-01-19 00:17:59", "elapsed": 382.732705, "delta": 0.001097}}
{"target": -13.758480728969069, "params": {"gamma": 422.16512237704285, "log10_alpha": -2.0710901159085235, "log10_colsample_bytree": -0.2758607477696531, "log10_eta": -3.981255755145516, "log10_lambda": -4.548923393776294, "log10_min_child_weight": 3.0861895532355406, "log10_subsample": -0.5960405589053437, "max_depth": 8.0, "num_boost_round": 37.0}, "datetime": {"datetime": "2024-01-19 00:17:59", "elapsed": 382.733804, "delta": 0.001099}}
{"target": -13.758480507609658, "params": {"gamma": 422.16512237704285, "log10_alpha": -2.0710901159085235, "log10_colsample_bytree": -0.2758607477696531, "log10_eta": -3.981255755145516, "log10_lambda": -4.548923393776294, "log10_min_child_weight": 3.0861895532355406, "log10_subsample": -0.5960405589053437, "max_depth": 8.0, "num_boost_round": 38.0}, "datetime": {"datetime": "2024-01-19 00:17:59", "elapsed": 382.734903, "delta": 0.001099}}
{"target": -13.758541008266139, "params": {"gamma": 425.5536198107378, "log10_alpha": 0.48864947322397967, "log10_colsample_bytree": -0.15861777869505056, "log10_eta": -3.950476790554163, "log10_lambda": -0.04641013538636063, "log10_min_child_weight": 2.3750040322383232, "log10_subsample": -0.24826792406418285, "max_depth": 8.0, "num_boost_round": 0.0}, "datetime": {"datetime": "2024-01-19 00:18:27", "elapsed": 410.376688, "delta": 27.641785}}
{"target": -13.758539703241407, "params": {"gamma": 425.5536198107378, "log10_alpha": 0.48864947322397967, "log10_colsample_bytree": -0.15861777869505056, "log10_eta": -3.950476790554163, "log10_lambda": -0.04641013538636063, "log10_min_child_weight": 2.3750040322383232, "log10_subsample": -0.24826792406418285, "max_depth": 8.0, "num_boost_round": 1.0}, "datetime": {"datetime": "2024-01-19 00:18:27", "elapsed": 410.378215, "delta": 0.001527}}
{"target": -13.758537117573958, "params": {"gamma": 425.5536198107378, "log10_alpha": 0.48864947322397967, "log10_colsample_bytree": -0.15861777869505056, "log10_eta": -3.950476790554163, "log10_lambda": -0.04641013538636063, "log10_min_child_weight": 2.3750040322383232, "log10_subsample": -0.24826792406418285, "max_depth": 8.0, "num_boost_round": 2.0}, "datetime": {"datetime": "2024-01-19 00:18:27", "elapsed": 410.379896, "delta": 0.001681}}
{"target": -13.758534131637015, "params": {"gamma": 425.5536198107378, "log10_alpha": 0.48864947322397967, "log10_colsample_bytree": -0.15861777869505056, "log10_eta": -3.950476790554163, "log10_lambda": -0.04641013538636063, "log10_min_child_weight": 2.3750040322383232, "log10_subsample": -0.24826792406418285, "max_depth": 8.0, "num_boost_round": 3.0}, "datetime": {"datetime": "2024-01-19 00:18:27", "elapsed": 410.381049, "delta": 0.001153}}
{"target": -13.75852818315844, "params": {"gamma": 425.5536198107378, "log10_alpha": 0.48864947322397967, "log10_colsample_bytree": -0.15861777869505056, "log10_eta": -3.950476790554163, "log10_lambda": -0.04641013538636063, "log10_min_child_weight": 2.3750040322383232, "log10_subsample": -0.24826792406418285, "max_depth": 8.0, "num_boost_round": 4.0}, "datetime": {"datetime": "2024-01-19 00:18:27", "elapsed": 410.382277, "delta": 0.001228}}
{"target": -13.758527511680851, "params": {"gamma": 425.5536198107378, "log10_alpha": 0.48864947322397967, "log10_colsample_bytree": -0.15861777869505056, "log10_eta": -3.950476790554163, "log10_lambda": -0.04641013538636063, "log10_min_child_weight": 2.3750040322383232, "log10_subsample": -0.24826792406418285, "max_depth": 8.0, "num_boost_round": 5.0}, "datetime": {"datetime": "2024-01-19 00:18:27", "elapsed": 410.383399, "delta": 0.001122}}
{"target": -13.758526868004232, "params": {"gamma": 425.5536198107378, "log10_alpha": 0.48864947322397967, "log10_colsample_bytree": -0.15861777869505056, "log10_eta": -3.950476790554163, "log10_lambda": -0.04641013538636063, "log10_min_child_weight": 2.3750040322383232, "log10_subsample": -0.24826792406418285, "max_depth": 8.0, "num_boost_round": 6.0}, "datetime": {"datetime": "2024-01-19 00:18:27", "elapsed": 410.3846, "delta": 0.001201}}
{"target": -13.758529388318408, "params": {"gamma": 425.5536198107378, "log10_alpha": 0.48864947322397967, "log10_colsample_bytree": -0.15861777869505056, "log10_eta": -3.950476790554163, "log10_lambda": -0.04641013538636063, "log10_min_child_weight": 2.3750040322383232, "log10_subsample": -0.24826792406418285, "max_depth": 8.0, "num_boost_round": 7.0}, "datetime": {"datetime": "2024-01-19 00:18:27", "elapsed": 410.386008, "delta": 0.001408}}
{"target": -13.758528565643406, "params": {"gamma": 425.5536198107378, "log10_alpha": 0.48864947322397967, "log10_colsample_bytree": -0.15861777869505056, "log10_eta": -3.950476790554163, "log10_lambda": -0.04641013538636063, "log10_min_child_weight": 2.3750040322383232, "log10_subsample": -0.24826792406418285, "max_depth": 8.0, "num_boost_round": 8.0}, "datetime": {"datetime": "2024-01-19 00:18:27", "elapsed": 410.387298, "delta": 0.00129}}
{"target": -13.758530811224833, "params": {"gamma": 425.5536198107378, "log10_alpha": 0.48864947322397967, "log10_colsample_bytree": -0.15861777869505056, "log10_eta": -3.950476790554163, "log10_lambda": -0.04641013538636063, "log10_min_child_weight": 2.3750040322383232, "log10_subsample": -0.24826792406418285, "max_depth": 8.0, "num_boost_round": 9.0}, "datetime": {"datetime": "2024-01-19 00:18:27", "elapsed": 410.388611, "delta": 0.001313}}
{"target": -13.758531747664428, "params": {"gamma": 425.5536198107378, "log10_alpha": 0.48864947322397967, "log10_colsample_bytree": -0.15861777869505056, "log10_eta": -3.950476790554163, "log10_lambda": -0.04641013538636063, "log10_min_child_weight": 2.3750040322383232, "log10_subsample": -0.24826792406418285, "max_depth": 8.0, "num_boost_round": 10.0}, "datetime": {"datetime": "2024-01-19 00:18:27", "elapsed": 410.389889, "delta": 0.001278}}
{"target": -13.758527483075136, "params": {"gamma": 425.5536198107378, "log10_alpha": 0.48864947322397967, "log10_colsample_bytree": -0.15861777869505056, "log10_eta": -3.950476790554163, "log10_lambda": -0.04641013538636063, "log10_min_child_weight": 2.3750040322383232, "log10_subsample": -0.24826792406418285, "max_depth": 8.0, "num_boost_round": 11.0}, "datetime": {"datetime": "2024-01-19 00:18:27", "elapsed": 410.391192, "delta": 0.001303}}
{"target": -13.758531176824766, "params": {"gamma": 425.5536198107378, "log10_alpha": 0.48864947322397967, "log10_colsample_bytree": -0.15861777869505056, "log10_eta": -3.950476790554163, "log10_lambda": -0.04641013538636063, "log10_min_child_weight": 2.3750040322383232, "log10_subsample": -0.24826792406418285, "max_depth": 8.0, "num_boost_round": 12.0}, "datetime": {"datetime": "2024-01-19 00:18:27", "elapsed": 410.392415, "delta": 0.001223}}
{"target": -13.758535187223249, "params": {"gamma": 425.5536198107378, "log10_alpha": 0.48864947322397967, "log10_colsample_bytree": -0.15861777869505056, "log10_eta": -3.950476790554163, "log10_lambda": -0.04641013538636063, "log10_min_child_weight": 2.3750040322383232, "log10_subsample": -0.24826792406418285, "max_depth": 8.0, "num_boost_round": 13.0}, "datetime": {"datetime": "2024-01-19 00:18:27", "elapsed": 410.393571, "delta": 0.001156}}
{"target": -13.758535927255629, "params": {"gamma": 425.5536198107378, "log10_alpha": 0.48864947322397967, "log10_colsample_bytree": -0.15861777869505056, "log10_eta": -3.950476790554163, "log10_lambda": -0.04641013538636063, "log10_min_child_weight": 2.3750040322383232, "log10_subsample": -0.24826792406418285, "max_depth": 8.0, "num_boost_round": 14.0}, "datetime": {"datetime": "2024-01-19 00:18:27", "elapsed": 410.394714, "delta": 0.001143}}
{"target": -13.758530414472146, "params": {"gamma": 425.5536198107378, "log10_alpha": 0.48864947322397967, "log10_colsample_bytree": -0.15861777869505056, "log10_eta": -3.950476790554163, "log10_lambda": -0.04641013538636063, "log10_min_child_weight": 2.3750040322383232, "log10_subsample": -0.24826792406418285, "max_depth": 8.0, "num_boost_round": 15.0}, "datetime": {"datetime": "2024-01-19 00:18:27", "elapsed": 410.395866, "delta": 0.001152}}
{"target": -13.758525826609212, "params": {"gamma": 425.5536198107378, "log10_alpha": 0.48864947322397967, "log10_colsample_bytree": -0.15861777869505056, "log10_eta": -3.950476790554163, "log10_lambda": -0.04641013538636063, "log10_min_child_weight": 2.3750040322383232, "log10_subsample": -0.24826792406418285, "max_depth": 8.0, "num_boost_round": 16.0}, "datetime": {"datetime": "2024-01-19 00:18:27", "elapsed": 410.397015, "delta": 0.001149}}
{"target": -13.75852176539734, "params": {"gamma": 425.5536198107378, "log10_alpha": 0.48864947322397967, "log10_colsample_bytree": -0.15861777869505056, "log10_eta": -3.950476790554163, "log10_lambda": -0.04641013538636063, "log10_min_child_weight": 2.3750040322383232, "log10_subsample": -0.24826792406418285, "max_depth": 8.0, "num_boost_round": 17.0}, "datetime": {"datetime": "2024-01-19 00:18:27", "elapsed": 410.398191, "delta": 0.001176}}
{"target": -13.758520309137536, "params": {"gamma": 425.5536198107378, "log10_alpha": 0.48864947322397967, "log10_colsample_bytree": -0.15861777869505056, "log10_eta": -3.950476790554163, "log10_lambda": -0.04641013538636063, "log10_min_child_weight": 2.3750040322383232, "log10_subsample": -0.24826792406418285, "max_depth": 8.0, "num_boost_round": 18.0}, "datetime": {"datetime": "2024-01-19 00:18:27", "elapsed": 410.399344, "delta": 0.001153}}
{"target": -13.758518828710567, "params": {"gamma": 425.5536198107378, "log10_alpha": 0.48864947322397967, "log10_colsample_bytree": -0.15861777869505056, "log10_eta": -3.950476790554163, "log10_lambda": -0.04641013538636063, "log10_min_child_weight": 2.3750040322383232, "log10_subsample": -0.24826792406418285, "max_depth": 8.0, "num_boost_round": 19.0}, "datetime": {"datetime": "2024-01-19 00:18:27", "elapsed": 410.400507, "delta": 0.001163}}
{"target": -13.758519668961306, "params": {"gamma": 425.5536198107378, "log10_alpha": 0.48864947322397967, "log10_colsample_bytree": -0.15861777869505056, "log10_eta": -3.950476790554163, "log10_lambda": -0.04641013538636063, "log10_min_child_weight": 2.3750040322383232, "log10_subsample": -0.24826792406418285, "max_depth": 8.0, "num_boost_round": 20.0}, "datetime": {"datetime": "2024-01-19 00:18:27", "elapsed": 410.401656, "delta": 0.001149}}
{"target": -13.758519936779793, "params": {"gamma": 425.5536198107378, "log10_alpha": 0.48864947322397967, "log10_colsample_bytree": -0.15861777869505056, "log10_eta": -3.950476790554163, "log10_lambda": -0.04641013538636063, "log10_min_child_weight": 2.3750040322383232, "log10_subsample": -0.24826792406418285, "max_depth": 8.0, "num_boost_round": 21.0}, "datetime": {"datetime": "2024-01-19 00:18:27", "elapsed": 410.402807, "delta": 0.001151}}
