{"target": -13.75853965329053, "params": {"gamma": 44.94155822763468, "log10_alpha": -0.21370183686252808, "log10_colsample_bytree": -0.2981900028918456, "log10_eta": -3.2798702423888373, "log10_lambda": -4.183205412568008, "log10_min_child_weight": 4.186734626507808, "log10_subsample": -0.5747495806474703, "max_depth": 3.0, "num_boost_round": 3.0}, "datetime": {"datetime": "2024-01-19 01:01:44", "elapsed": 3012.694959, "delta": 0.11072}}
{"target": -13.758539474906458, "params": {"gamma": 44.94155822763468, "log10_alpha": -0.21370183686252808, "log10_colsample_bytree": -0.2981900028918456, "log10_eta": -3.2798702423888373, "log10_lambda": -4.183205412568008, "log10_min_child_weight": 4.186734626507808, "log10_subsample": -0.5747495806474703, "max_depth": 3.0, "num_boost_round": 4.0}, "datetime": {"datetime": "2024-01-19 01:01:44", "elapsed": 3012.69821, "delta": 0.003251}}
{"target": -13.75853617700734, "params": {"gamma": 44.94155822763468, "log10_alpha": -0.21370183686252808, "log10_colsample_bytree": -0.2981900028918456, "log10_eta": -3.2798702423888373, "log10_lambda": -4.183205412568008, "log10_min_child_weight": 4.186734626507808, "log10_subsample": -0.5747495806474703, "max_depth": 3.0, "num_boost_round": 5.0}, "datetime": {"datetime": "2024-01-19 01:01:44", "elapsed": 3012.701328, "delta": 0.003118}}
{"target": -13.75853803306848, "params": {"gamma": 44.94155822763468, "log10_alpha": -0.21370183686252808, "log10_colsample_bytree": -0.2981900028918456, "log10_eta": -3.2798702423888373, "log10_lambda": -4.183205412568008, "log10_min_child_weight": 4.186734626507808, "log10_subsample": -0.5747495806474703, "max_depth": 3.0, "num_boost_round": 6.0}, "datetime": {"datetime": "2024-01-19 01:01:44", "elapsed": 3012.704335, "delta": 0.003007}}
{"target": -13.758540394861443, "params": {"gamma": 44.94155822763468, "log10_alpha": -0.21370183686252808, "log10_colsample_bytree": -0.2981900028918456, "log10_eta": -3.2798702423888373, "log10_lambda": -4.183205412568008, "log10_min_child_weight": 4.186734626507808, "log10_subsample": -0.5747495806474703, "max_depth": 3.0, "num_boost_round": 7.0}, "datetime": {"datetime": "2024-01-19 01:01:44", "elapsed": 3012.712053, "delta": 0.007718}}
{"target": -13.758537452852472, "params": {"gamma": 44.94155822763468, "log10_alpha": -0.21370183686252808, "log10_colsample_bytree": -0.2981900028918456, "log10_eta": -3.2798702423888373, "log10_lambda": -4.183205412568008, "log10_min_child_weight": 4.186734626507808, "log10_subsample": -0.5747495806474703, "max_depth": 3.0, "num_boost_round": 8.0}, "datetime": {"datetime": "2024-01-19 01:01:44", "elapsed": 3012.715021, "delta": 0.002968}}
{"target": -13.758536386657035, "params": {"gamma": 44.94155822763468, "log10_alpha": -0.21370183686252808, "log10_colsample_bytree": -0.2981900028918456, "log10_eta": -3.2798702423888373, "log10_lambda": -4.183205412568008, "log10_min_child_weight": 4.186734626507808, "log10_subsample": -0.5747495806474703, "max_depth": 3.0, "num_boost_round": 9.0}, "datetime": {"datetime": "2024-01-19 01:01:44", "elapsed": 3012.718062, "delta": 0.003041}}
{"target": -13.758533252565057, "params": {"gamma": 44.94155822763468, "log10_alpha": -0.21370183686252808, "log10_colsample_bytree": -0.2981900028918456, "log10_eta": -3.2798702423888373, "log10_lambda": -4.183205412568008, "log10_min_child_weight": 4.186734626507808, "log10_subsample": -0.5747495806474703, "max_depth": 3.0, "num_boost_round": 10.0}, "datetime": {"datetime": "2024-01-19 01:01:44", "elapsed": 3012.721013, "delta": 0.002951}}
{"target": -13.758530614142106, "params": {"gamma": 44.94155822763468, "log10_alpha": -0.21370183686252808, "log10_colsample_bytree": -0.2981900028918456, "log10_eta": -3.2798702423888373, "log10_lambda": -4.183205412568008, "log10_min_child_weight": 4.186734626507808, "log10_subsample": -0.5747495806474703, "max_depth": 3.0, "num_boost_round": 11.0}, "datetime": {"datetime": "2024-01-19 01:01:44", "elapsed": 3012.724009, "delta": 0.002996}}
{"target": -13.758530076114333, "params": {"gamma": 44.94155822763468, "log10_alpha": -0.21370183686252808, "log10_colsample_bytree": -0.2981900028918456, "log10_eta": -3.2798702423888373, "log10_lambda": -4.183205412568008, "log10_min_child_weight": 4.186734626507808, "log10_subsample": -0.5747495806474703, "max_depth": 3.0, "num_boost_round": 12.0}, "datetime": {"datetime": "2024-01-19 01:01:44", "elapsed": 3012.726978, "delta": 0.002969}}
{"target": -13.758529830713726, "params": {"gamma": 44.94155822763468, "log10_alpha": -0.21370183686252808, "log10_colsample_bytree": -0.2981900028918456, "log10_eta": -3.2798702423888373, "log10_lambda": -4.183205412568008, "log10_min_child_weight": 4.186734626507808, "log10_subsample": -0.5747495806474703, "max_depth": 3.0, "num_boost_round": 13.0}, "datetime": {"datetime": "2024-01-19 01:01:44", "elapsed": 3012.730076, "delta": 0.003098}}
{"target": -13.758524335301281, "params": {"gamma": 44.94155822763468, "log10_alpha": -0.21370183686252808, "log10_colsample_bytree": -0.2981900028918456, "log10_eta": -3.2798702423888373, "log10_lambda": -4.183205412568008, "log10_min_child_weight": 4.186734626507808, "log10_subsample": -0.5747495806474703, "max_depth": 3.0, "num_boost_round": 14.0}, "datetime": {"datetime": "2024-01-19 01:01:44", "elapsed": 3012.733119, "delta": 0.003043}}
{"target": -13.75852006176212, "params": {"gamma": 44.94155822763468, "log10_alpha": -0.21370183686252808, "log10_colsample_bytree": -0.2981900028918456, "log10_eta": -3.2798702423888373, "log10_lambda": -4.183205412568008, "log10_min_child_weight": 4.186734626507808, "log10_subsample": -0.5747495806474703, "max_depth": 3.0, "num_boost_round": 15.0}, "datetime": {"datetime": "2024-01-19 01:01:44", "elapsed": 3012.736116, "delta": 0.002997}}
{"target": -13.758516480091712, "params": {"gamma": 44.94155822763468, "log10_alpha": -0.21370183686252808, "log10_colsample_bytree": -0.2981900028918456, "log10_eta": -3.2798702423888373, "log10_lambda": -4.183205412568008, "log10_min_child_weight": 4.186734626507808, "log10_subsample": -0.5747495806474703, "max_depth": 3.0, "num_boost_round": 16.0}, "datetime": {"datetime": "2024-01-19 01:01:44", "elapsed": 3012.739115, "delta": 0.002999}}
{"target": -13.758514518378922, "params": {"gamma": 44.94155822763468, "log10_alpha": -0.21370183686252808, "log10_colsample_bytree": -0.2981900028918456, "log10_eta": -3.2798702423888373, "log10_lambda": -4.183205412568008, "log10_min_child_weight": 4.186734626507808, "log10_subsample": -0.5747495806474703, "max_depth": 3.0, "num_boost_round": 17.0}, "datetime": {"datetime": "2024-01-19 01:01:44", "elapsed": 3012.742107, "delta": 0.002992}}
{"target": -13.758514987226102, "params": {"gamma": 44.94155822763468, "log10_alpha": -0.21370183686252808, "log10_colsample_bytree": -0.2981900028918456, "log10_eta": -3.2798702423888373, "log10_lambda": -4.183205412568008, "log10_min_child_weight": 4.186734626507808, "log10_subsample": -0.5747495806474703, "max_depth": 3.0, "num_boost_round": 18.0}, "datetime": {"datetime": "2024-01-19 01:01:44", "elapsed": 3012.745067, "delta": 0.00296}}
{"target": -13.758508246174353, "params": {"gamma": 44.94155822763468, "log10_alpha": -0.21370183686252808, "log10_colsample_bytree": -0.2981900028918456, "log10_eta": -3.2798702423888373, "log10_lambda": -4.183205412568008, "log10_min_child_weight": 4.186734626507808, "log10_subsample": -0.5747495806474703, "max_depth": 3.0, "num_boost_round": 19.0}, "datetime": {"datetime": "2024-01-19 01:01:44", "elapsed": 3012.748066, "delta": 0.002999}}
{"target": -13.75850653258101, "params": {"gamma": 44.94155822763468, "log10_alpha": -0.21370183686252808, "log10_colsample_bytree": -0.2981900028918456, "log10_eta": -3.2798702423888373, "log10_lambda": -4.183205412568008, "log10_min_child_weight": 4.186734626507808, "log10_subsample": -0.5747495806474703, "max_depth": 3.0, "num_boost_round": 20.0}, "datetime": {"datetime": "2024-01-19 01:01:44", "elapsed": 3012.751185, "delta": 0.003119}}
{"target": -13.758506224470386, "params": {"gamma": 44.94155822763468, "log10_alpha": -0.21370183686252808, "log10_colsample_bytree": -0.2981900028918456, "log10_eta": -3.2798702423888373, "log10_lambda": -4.183205412568008, "log10_min_child_weight": 4.186734626507808, "log10_subsample": -0.5747495806474703, "max_depth": 3.0, "num_boost_round": 21.0}, "datetime": {"datetime": "2024-01-19 01:01:44", "elapsed": 3012.754167, "delta": 0.002982}}
{"target": -13.758505624973635, "params": {"gamma": 44.94155822763468, "log10_alpha": -0.21370183686252808, "log10_colsample_bytree": -0.2981900028918456, "log10_eta": -3.2798702423888373, "log10_lambda": -4.183205412568008, "log10_min_child_weight": 4.186734626507808, "log10_subsample": -0.5747495806474703, "max_depth": 3.0, "num_boost_round": 22.0}, "datetime": {"datetime": "2024-01-19 01:01:44", "elapsed": 3012.757161, "delta": 0.002994}}
{"target": -13.75850331514126, "params": {"gamma": 44.94155822763468, "log10_alpha": -0.21370183686252808, "log10_colsample_bytree": -0.2981900028918456, "log10_eta": -3.2798702423888373, "log10_lambda": -4.183205412568008, "log10_min_child_weight": 4.186734626507808, "log10_subsample": -0.5747495806474703, "max_depth": 3.0, "num_boost_round": 23.0}, "datetime": {"datetime": "2024-01-19 01:01:44", "elapsed": 3012.76014, "delta": 0.002979}}
{"target": -13.758502989385597, "params": {"gamma": 44.94155822763468, "log10_alpha": -0.21370183686252808, "log10_colsample_bytree": -0.2981900028918456, "log10_eta": -3.2798702423888373, "log10_lambda": -4.183205412568008, "log10_min_child_weight": 4.186734626507808, "log10_subsample": -0.5747495806474703, "max_depth": 3.0, "num_boost_round": 24.0}, "datetime": {"datetime": "2024-01-19 01:01:44", "elapsed": 3012.763556, "delta": 0.003416}}
{"target": -13.758499397839314, "params": {"gamma": 44.94155822763468, "log10_alpha": -0.21370183686252808, "log10_colsample_bytree": -0.2981900028918456, "log10_eta": -3.2798702423888373, "log10_lambda": -4.183205412568008, "log10_min_child_weight": 4.186734626507808, "log10_subsample": -0.5747495806474703, "max_depth": 3.0, "num_boost_round": 25.0}, "datetime": {"datetime": "2024-01-19 01:01:44", "elapsed": 3012.76674, "delta": 0.003184}}
{"target": -13.758495835048134, "params": {"gamma": 44.94155822763468, "log10_alpha": -0.21370183686252808, "log10_colsample_bytree": -0.2981900028918456, "log10_eta": -3.2798702423888373, "log10_lambda": -4.183205412568008, "log10_min_child_weight": 4.186734626507808, "log10_subsample": -0.5747495806474703, "max_depth": 3.0, "num_boost_round": 26.0}, "datetime": {"datetime": "2024-01-19 01:01:44", "elapsed": 3012.769923, "delta": 0.003183}}
{"target": -13.758496159303776, "params": {"gamma": 44.94155822763468, "log10_alpha": -0.21370183686252808, "log10_colsample_bytree": -0.2981900028918456, "log10_eta": -3.2798702423888373, "log10_lambda": -4.183205412568008, "log10_min_child_weight": 4.186734626507808, "log10_subsample": -0.5747495806474703, "max_depth": 3.0, "num_boost_round": 27.0}, "datetime": {"datetime": "2024-01-19 01:01:44", "elapsed": 3012.772919, "delta": 0.002996}}
{"target": -13.758493591344942, "params": {"gamma": 44.94155822763468, "log10_alpha": -0.21370183686252808, "log10_colsample_bytree": -0.2981900028918456, "log10_eta": -3.2798702423888373, "log10_lambda": -4.183205412568008, "log10_min_child_weight": 4.186734626507808, "log10_subsample": -0.5747495806474703, "max_depth": 3.0, "num_boost_round": 28.0}, "datetime": {"datetime": "2024-01-19 01:01:44", "elapsed": 3012.776022, "delta": 0.003103}}
{"target": -13.758493414177691, "params": {"gamma": 44.94155822763468, "log10_alpha": -0.21370183686252808, "log10_colsample_bytree": -0.2981900028918456, "log10_eta": -3.2798702423888373, "log10_lambda": -4.183205412568008, "log10_min_child_weight": 4.186734626507808, "log10_subsample": -0.5747495806474703, "max_depth": 3.0, "num_boost_round": 29.0}, "datetime": {"datetime": "2024-01-19 01:01:44", "elapsed": 3012.779045, "delta": 0.003023}}
{"target": -13.758495710400336, "params": {"gamma": 44.94155822763468, "log10_alpha": -0.21370183686252808, "log10_colsample_bytree": -0.2981900028918456, "log10_eta": -3.2798702423888373, "log10_lambda": -4.183205412568008, "log10_min_child_weight": 4.186734626507808, "log10_subsample": -0.5747495806474703, "max_depth": 3.0, "num_boost_round": 30.0}, "datetime": {"datetime": "2024-01-19 01:01:44", "elapsed": 3012.782665, "delta": 0.00362}}
{"target": -13.758387790572025, "params": {"gamma": 28.093217489219334, "log10_alpha": 1.0, "log10_colsample_bytree": -0.7325388103347603, "log10_eta": -2.6245159400141427, "log10_lambda": -3.365274806032833, "log10_min_child_weight": 0.8564830641382117, "log10_subsample": -0.5288329720636907, "max_depth": 9.0, "num_boost_round": 0.0}, "datetime": {"datetime": "2024-01-19 01:02:21", "elapsed": 3049.156602, "delta": 36.373937}}
{"target": -13.758232127101248, "params": {"gamma": 28.093217489219334, "log10_alpha": 1.0, "log10_colsample_bytree": -0.7325388103347603, "log10_eta": -2.6245159400141427, "log10_lambda": -3.365274806032833, "log10_min_child_weight": 0.8564830641382117, "log10_subsample": -0.5288329720636907, "max_depth": 9.0, "num_boost_round": 1.0}, "datetime": {"datetime": "2024-01-19 01:02:21", "elapsed": 3049.160136, "delta": 0.003534}}
{"target": -13.75802622071044, "params": {"gamma": 28.093217489219334, "log10_alpha": 1.0, "log10_colsample_bytree": -0.7325388103347603, "log10_eta": -2.6245159400141427, "log10_lambda": -3.365274806032833, "log10_min_child_weight": 0.8564830641382117, "log10_subsample": -0.5288329720636907, "max_depth": 9.0, "num_boost_round": 2.0}, "datetime": {"datetime": "2024-01-19 01:02:21", "elapsed": 3049.163207, "delta": 0.003071}}
{"target": -13.757837189978277, "params": {"gamma": 28.093217489219334, "log10_alpha": 1.0, "log10_colsample_bytree": -0.7325388103347603, "log10_eta": -2.6245159400141427, "log10_lambda": -3.365274806032833, "log10_min_child_weight": 0.8564830641382117, "log10_subsample": -0.5288329720636907, "max_depth": 9.0, "num_boost_round": 3.0}, "datetime": {"datetime": "2024-01-19 01:02:21", "elapsed": 3049.166193, "delta": 0.002986}}
{"target": -13.757753620456912, "params": {"gamma": 28.093217489219334, "log10_alpha": 1.0, "log10_colsample_bytree": -0.7325388103347603, "log10_eta": -2.6245159400141427, "log10_lambda": -3.365274806032833, "log10_min_child_weight": 0.8564830641382117, "log10_subsample": -0.5288329720636907, "max_depth": 9.0, "num_boost_round": 4.0}, "datetime": {"datetime": "2024-01-19 01:02:21", "elapsed": 3049.169325, "delta": 0.003132}}
{"target": -13.757711806735635, "params": {"gamma": 28.093217489219334, "log10_alpha": 1.0, "log10_colsample_bytree": -0.7325388103347603, "log10_eta": -2.6245159400141427, "log10_lambda": -3.365274806032833, "log10_min_child_weight": 0.8564830641382117, "log10_subsample": -0.5288329720636907, "max_depth": 9.0, "num_boost_round": 5.0}, "datetime": {"datetime": "2024-01-19 01:02:21", "elapsed": 3049.172324, "delta": 0.002999}}
{"target": -13.757770045553109, "params": {"gamma": 28.093217489219334, "log10_alpha": 1.0, "log10_colsample_bytree": -0.7325388103347603, "log10_eta": -2.6245159400141427, "log10_lambda": -3.365274806032833, "log10_min_child_weight": 0.8564830641382117, "log10_subsample": -0.5288329720636907, "max_depth": 9.0, "num_boost_round": 6.0}, "datetime": {"datetime": "2024-01-19 01:02:21", "elapsed": 3049.175403, "delta": 0.003079}}
{"target": -13.757718536794185, "params": {"gamma": 28.093217489219334, "log10_alpha": 1.0, "log10_colsample_bytree": -0.7325388103347603, "log10_eta": -2.6245159400141427, "log10_lambda": -3.365274806032833, "log10_min_child_weight": 0.8564830641382117, "log10_subsample": -0.5288329720636907, "max_depth": 9.0, "num_boost_round": 7.0}, "datetime": {"datetime": "2024-01-19 01:02:21", "elapsed": 3049.178417, "delta": 0.003014}}
{"target": -13.757639600879411, "params": {"gamma": 28.093217489219334, "log10_alpha": 1.0, "log10_colsample_bytree": -0.7325388103347603, "log10_eta": -2.6245159400141427, "log10_lambda": -3.365274806032833, "log10_min_child_weight": 0.8564830641382117, "log10_subsample": -0.5288329720636907, "max_depth": 9.0, "num_boost_round": 8.0}, "datetime": {"datetime": "2024-01-19 01:02:21", "elapsed": 3049.181443, "delta": 0.003026}}
{"target": -13.757546896659031, "params": {"gamma": 28.093217489219334, "log10_alpha": 1.0, "log10_colsample_bytree": -0.7325388103347603, "log10_eta": -2.6245159400141427, "log10_lambda": -3.365274806032833, "log10_min_child_weight": 0.8564830641382117, "log10_subsample": -0.5288329720636907, "max_depth": 9.0, "num_boost_round": 9.0}, "datetime": {"datetime": "2024-01-19 01:02:21", "elapsed": 3049.184417, "delta": 0.002974}}
{"target": -13.7574485171288, "params": {"gamma": 28.093217489219334, "log10_alpha": 1.0, "log10_colsample_bytree": -0.7325388103347603, "log10_eta": -2.6245159400141427, "log10_lambda": -3.365274806032833, "log10_min_child_weight": 0.8564830641382117, "log10_subsample": -0.5288329720636907, "max_depth": 9.0, "num_boost_round": 10.0}, "datetime": {"datetime": "2024-01-19 01:02:21", "elapsed": 3049.187409, "delta": 0.002992}}
{"target": -13.75746190005623, "params": {"gamma": 28.093217489219334, "log10_alpha": 1.0, "log10_colsample_bytree": -0.7325388103347603, "log10_eta": -2.6245159400141427, "log10_lambda": -3.365274806032833, "log10_min_child_weight": 0.8564830641382117, "log10_subsample": -0.5288329720636907, "max_depth": 9.0, "num_boost_round": 11.0}, "datetime": {"datetime": "2024-01-19 01:02:21", "elapsed": 3049.190618, "delta": 0.003209}}
{"target": -13.75753012863422, "params": {"gamma": 28.093217489219334, "log10_alpha": 1.0, "log10_colsample_bytree": -0.7325388103347603, "log10_eta": -2.6245159400141427, "log10_lambda": -3.365274806032833, "log10_min_child_weight": 0.8564830641382117, "log10_subsample": -0.5288329720636907, "max_depth": 9.0, "num_boost_round": 12.0}, "datetime": {"datetime": "2024-01-19 01:02:21", "elapsed": 3049.193684, "delta": 0.003066}}
{"target": -13.757380106889139, "params": {"gamma": 28.093217489219334, "log10_alpha": 1.0, "log10_colsample_bytree": -0.7325388103347603, "log10_eta": -2.6245159400141427, "log10_lambda": -3.365274806032833, "log10_min_child_weight": 0.8564830641382117, "log10_subsample": -0.5288329720636907, "max_depth": 9.0, "num_boost_round": 13.0}, "datetime": {"datetime": "2024-01-19 01:02:21", "elapsed": 3049.19675, "delta": 0.003066}}
{"target": -13.757367722710434, "params": {"gamma": 28.093217489219334, "log10_alpha": 1.0, "log10_colsample_bytree": -0.7325388103347603, "log10_eta": -2.6245159400141427, "log10_lambda": -3.365274806032833, "log10_min_child_weight": 0.8564830641382117, "log10_subsample": -0.5288329720636907, "max_depth": 9.0, "num_boost_round": 14.0}, "datetime": {"datetime": "2024-01-19 01:02:21", "elapsed": 3049.199884, "delta": 0.003134}}
{"target": -13.757372314730988, "params": {"gamma": 28.093217489219334, "log10_alpha": 1.0, "log10_colsample_bytree": -0.7325388103347603, "log10_eta": -2.6245159400141427, "log10_lambda": -3.365274806032833, "log10_min_child_weight": 0.8564830641382117, "log10_subsample": -0.5288329720636907, "max_depth": 9.0, "num_boost_round": 15.0}, "datetime": {"datetime": "2024-01-19 01:02:21", "elapsed": 3049.203016, "delta": 0.003132}}
{"target": -13.757436189515463, "params": {"gamma": 28.093217489219334, "log10_alpha": 1.0, "log10_colsample_bytree": -0.7325388103347603, "log10_eta": -2.6245159400141427, "log10_lambda": -3.365274806032833, "log10_min_child_weight": 0.8564830641382117, "log10_subsample": -0.5288329720636907, "max_depth": 9.0, "num_boost_round": 16.0}, "datetime": {"datetime": "2024-01-19 01:02:21", "elapsed": 3049.205994, "delta": 0.002978}}
{"target": -13.758536716987503, "params": {"gamma": 55.312717388867895, "log10_alpha": -3.9207336400372252, "log10_colsample_bytree": -0.2540161298040293, "log10_eta": -3.7878114182828577, "log10_lambda": -0.005288285476739318, "log10_min_child_weight": 0.5175519693405894, "log10_subsample": -0.7146065786360561, "max_depth": 2.0, "num_boost_round": 0.0}, "datetime": {"datetime": "2024-01-19 01:02:46", "elapsed": 3074.738086, "delta": 25.532092}}
{"target": -13.75853557412646, "params": {"gamma": 55.312717388867895, "log10_alpha": -3.9207336400372252, "log10_colsample_bytree": -0.2540161298040293, "log10_eta": -3.7878114182828577, "log10_lambda": -0.005288285476739318, "log10_min_child_weight": 0.5175519693405894, "log10_subsample": -0.7146065786360561, "max_depth": 2.0, "num_boost_round": 1.0}, "datetime": {"datetime": "2024-01-19 01:02:46", "elapsed": 3074.741774, "delta": 0.003688}}
{"target": -13.758534281834, "params": {"gamma": 55.312717388867895, "log10_alpha": -3.9207336400372252, "log10_colsample_bytree": -0.2540161298040293, "log10_eta": -3.7878114182828577, "log10_lambda": -0.005288285476739318, "log10_min_child_weight": 0.5175519693405894, "log10_subsample": -0.7146065786360561, "max_depth": 2.0, "num_boost_round": 2.0}, "datetime": {"datetime": "2024-01-19 01:02:46", "elapsed": 3074.744767, "delta": 0.002993}}
{"target": -13.758535380715614, "params": {"gamma": 55.312717388867895, "log10_alpha": -3.9207336400372252, "log10_colsample_bytree": -0.2540161298040293, "log10_eta": -3.7878114182828577, "log10_lambda": -0.005288285476739318, "log10_min_child_weight": 0.5175519693405894, "log10_subsample": -0.7146065786360561, "max_depth": 2.0, "num_boost_round": 3.0}, "datetime": {"datetime": "2024-01-19 01:02:46", "elapsed": 3074.747859, "delta": 0.003092}}
