{"target": -17.677197056738578, "params": {"gamma": 130.11494318560756, "log10_alpha": -3.4257527135744064, "log10_colsample_bytree": -0.8603810346852508, "log10_eta": -3.6741983394271607, "log10_lambda": -4.919931175233639, "log10_min_child_weight": 2.5231717312701445, "log10_subsample": -0.6181856194448085, "max_depth": 2.0, "num_boost_round": 9.0}, "datetime": {"datetime": "2024-01-19 00:56:55", "elapsed": 2700.29014, "delta": 0.003711}}
{"target": -17.680700104236873, "params": {"gamma": 188.7767821627886, "log10_alpha": -1.5645717448236853, "log10_colsample_bytree": -0.24489306845494252, "log10_eta": -0.08023462270142678, "log10_lambda": -4.6916604476773145, "log10_min_child_weight": 4.7853616586496885, "log10_subsample": -0.9531146937476859, "max_depth": 6.0, "num_boost_round": 0.0}, "datetime": {"datetime": "2024-01-19 00:57:42", "elapsed": 2746.908757, "delta": 46.618617}}
{"target": -17.675845265420925, "params": {"gamma": 188.7767821627886, "log10_alpha": -1.5645717448236853, "log10_colsample_bytree": -0.24489306845494252, "log10_eta": -0.08023462270142678, "log10_lambda": -4.6916604476773145, "log10_min_child_weight": 4.7853616586496885, "log10_subsample": -0.9531146937476859, "max_depth": 6.0, "num_boost_round": 1.0}, "datetime": {"datetime": "2024-01-19 00:57:42", "elapsed": 2746.912723, "delta": 0.003966}}
{"target": -17.67838524733464, "params": {"gamma": 188.7767821627886, "log10_alpha": -1.5645717448236853, "log10_colsample_bytree": -0.24489306845494252, "log10_eta": -0.08023462270142678, "log10_lambda": -4.6916604476773145, "log10_min_child_weight": 4.7853616586496885, "log10_subsample": -0.9531146937476859, "max_depth": 6.0, "num_boost_round": 2.0}, "datetime": {"datetime": "2024-01-19 00:57:42", "elapsed": 2746.917566, "delta": 0.004843}}
{"target": -17.679033262243106, "params": {"gamma": 188.7767821627886, "log10_alpha": -1.5645717448236853, "log10_colsample_bytree": -0.24489306845494252, "log10_eta": -0.08023462270142678, "log10_lambda": -4.6916604476773145, "log10_min_child_weight": 4.7853616586496885, "log10_subsample": -0.9531146937476859, "max_depth": 6.0, "num_boost_round": 3.0}, "datetime": {"datetime": "2024-01-19 00:57:42", "elapsed": 2746.921447, "delta": 0.003881}}
{"target": -17.68365411755237, "params": {"gamma": 188.7767821627886, "log10_alpha": -1.5645717448236853, "log10_colsample_bytree": -0.24489306845494252, "log10_eta": -0.08023462270142678, "log10_lambda": -4.6916604476773145, "log10_min_child_weight": 4.7853616586496885, "log10_subsample": -0.9531146937476859, "max_depth": 6.0, "num_boost_round": 4.0}, "datetime": {"datetime": "2024-01-19 00:57:42", "elapsed": 2746.925261, "delta": 0.003814}}
{"target": -17.6868594973324, "params": {"gamma": 188.7767821627886, "log10_alpha": -1.5645717448236853, "log10_colsample_bytree": -0.24489306845494252, "log10_eta": -0.08023462270142678, "log10_lambda": -4.6916604476773145, "log10_min_child_weight": 4.7853616586496885, "log10_subsample": -0.9531146937476859, "max_depth": 6.0, "num_boost_round": 5.0}, "datetime": {"datetime": "2024-01-19 00:57:42", "elapsed": 2746.929071, "delta": 0.00381}}
{"target": -17.6903511219172, "params": {"gamma": 188.7767821627886, "log10_alpha": -1.5645717448236853, "log10_colsample_bytree": -0.24489306845494252, "log10_eta": -0.08023462270142678, "log10_lambda": -4.6916604476773145, "log10_min_child_weight": 4.7853616586496885, "log10_subsample": -0.9531146937476859, "max_depth": 6.0, "num_boost_round": 6.0}, "datetime": {"datetime": "2024-01-19 00:57:42", "elapsed": 2746.933809, "delta": 0.004738}}
{"target": -17.689221932505696, "params": {"gamma": 188.7767821627886, "log10_alpha": -1.5645717448236853, "log10_colsample_bytree": -0.24489306845494252, "log10_eta": -0.08023462270142678, "log10_lambda": -4.6916604476773145, "log10_min_child_weight": 4.7853616586496885, "log10_subsample": -0.9531146937476859, "max_depth": 6.0, "num_boost_round": 7.0}, "datetime": {"datetime": "2024-01-19 00:57:42", "elapsed": 2746.937544, "delta": 0.003735}}
{"target": -17.68782136222334, "params": {"gamma": 188.7767821627886, "log10_alpha": -1.5645717448236853, "log10_colsample_bytree": -0.24489306845494252, "log10_eta": -0.08023462270142678, "log10_lambda": -4.6916604476773145, "log10_min_child_weight": 4.7853616586496885, "log10_subsample": -0.9531146937476859, "max_depth": 6.0, "num_boost_round": 8.0}, "datetime": {"datetime": "2024-01-19 00:57:42", "elapsed": 2746.941561, "delta": 0.004017}}
{"target": -17.68684768652906, "params": {"gamma": 188.7767821627886, "log10_alpha": -1.5645717448236853, "log10_colsample_bytree": -0.24489306845494252, "log10_eta": -0.08023462270142678, "log10_lambda": -4.6916604476773145, "log10_min_child_weight": 4.7853616586496885, "log10_subsample": -0.9531146937476859, "max_depth": 6.0, "num_boost_round": 9.0}, "datetime": {"datetime": "2024-01-19 00:57:42", "elapsed": 2746.945277, "delta": 0.003716}}
{"target": -17.685096293756395, "params": {"gamma": 188.7767821627886, "log10_alpha": -1.5645717448236853, "log10_colsample_bytree": -0.24489306845494252, "log10_eta": -0.08023462270142678, "log10_lambda": -4.6916604476773145, "log10_min_child_weight": 4.7853616586496885, "log10_subsample": -0.9531146937476859, "max_depth": 6.0, "num_boost_round": 10.0}, "datetime": {"datetime": "2024-01-19 00:57:42", "elapsed": 2746.94915, "delta": 0.003873}}
{"target": -17.684555641190528, "params": {"gamma": 188.7767821627886, "log10_alpha": -1.5645717448236853, "log10_colsample_bytree": -0.24489306845494252, "log10_eta": -0.08023462270142678, "log10_lambda": -4.6916604476773145, "log10_min_child_weight": 4.7853616586496885, "log10_subsample": -0.9531146937476859, "max_depth": 6.0, "num_boost_round": 11.0}, "datetime": {"datetime": "2024-01-19 00:57:42", "elapsed": 2746.95285, "delta": 0.0037}}
{"target": -17.6880941821184, "params": {"gamma": 188.7767821627886, "log10_alpha": -1.5645717448236853, "log10_colsample_bytree": -0.24489306845494252, "log10_eta": -0.08023462270142678, "log10_lambda": -4.6916604476773145, "log10_min_child_weight": 4.7853616586496885, "log10_subsample": -0.9531146937476859, "max_depth": 6.0, "num_boost_round": 12.0}, "datetime": {"datetime": "2024-01-19 00:57:42", "elapsed": 2746.956692, "delta": 0.003842}}
{"target": -17.690988926330828, "params": {"gamma": 188.7767821627886, "log10_alpha": -1.5645717448236853, "log10_colsample_bytree": -0.24489306845494252, "log10_eta": -0.08023462270142678, "log10_lambda": -4.6916604476773145, "log10_min_child_weight": 4.7853616586496885, "log10_subsample": -0.9531146937476859, "max_depth": 6.0, "num_boost_round": 13.0}, "datetime": {"datetime": "2024-01-19 00:57:42", "elapsed": 2746.96063, "delta": 0.003938}}
{"target": -17.69112991447857, "params": {"gamma": 188.7767821627886, "log10_alpha": -1.5645717448236853, "log10_colsample_bytree": -0.24489306845494252, "log10_eta": -0.08023462270142678, "log10_lambda": -4.6916604476773145, "log10_min_child_weight": 4.7853616586496885, "log10_subsample": -0.9531146937476859, "max_depth": 6.0, "num_boost_round": 14.0}, "datetime": {"datetime": "2024-01-19 00:57:42", "elapsed": 2746.964348, "delta": 0.003718}}
{"target": -17.69028707378602, "params": {"gamma": 188.7767821627886, "log10_alpha": -1.5645717448236853, "log10_colsample_bytree": -0.24489306845494252, "log10_eta": -0.08023462270142678, "log10_lambda": -4.6916604476773145, "log10_min_child_weight": 4.7853616586496885, "log10_subsample": -0.9531146937476859, "max_depth": 6.0, "num_boost_round": 15.0}, "datetime": {"datetime": "2024-01-19 00:57:42", "elapsed": 2746.968239, "delta": 0.003891}}
{"target": -17.687841822216985, "params": {"gamma": 188.7767821627886, "log10_alpha": -1.5645717448236853, "log10_colsample_bytree": -0.24489306845494252, "log10_eta": -0.08023462270142678, "log10_lambda": -4.6916604476773145, "log10_min_child_weight": 4.7853616586496885, "log10_subsample": -0.9531146937476859, "max_depth": 6.0, "num_boost_round": 16.0}, "datetime": {"datetime": "2024-01-19 00:57:42", "elapsed": 2746.971949, "delta": 0.00371}}
{"target": -17.686760177892477, "params": {"gamma": 188.7767821627886, "log10_alpha": -1.5645717448236853, "log10_colsample_bytree": -0.24489306845494252, "log10_eta": -0.08023462270142678, "log10_lambda": -4.6916604476773145, "log10_min_child_weight": 4.7853616586496885, "log10_subsample": -0.9531146937476859, "max_depth": 6.0, "num_boost_round": 17.0}, "datetime": {"datetime": "2024-01-19 00:57:42", "elapsed": 2746.975669, "delta": 0.00372}}
{"target": -17.689234407736212, "params": {"gamma": 188.7767821627886, "log10_alpha": -1.5645717448236853, "log10_colsample_bytree": -0.24489306845494252, "log10_eta": -0.08023462270142678, "log10_lambda": -4.6916604476773145, "log10_min_child_weight": 4.7853616586496885, "log10_subsample": -0.9531146937476859, "max_depth": 6.0, "num_boost_round": 18.0}, "datetime": {"datetime": "2024-01-19 00:57:42", "elapsed": 2746.979442, "delta": 0.003773}}
{"target": -17.6878344142329, "params": {"gamma": 188.7767821627886, "log10_alpha": -1.5645717448236853, "log10_colsample_bytree": -0.24489306845494252, "log10_eta": -0.08023462270142678, "log10_lambda": -4.6916604476773145, "log10_min_child_weight": 4.7853616586496885, "log10_subsample": -0.9531146937476859, "max_depth": 6.0, "num_boost_round": 19.0}, "datetime": {"datetime": "2024-01-19 00:57:42", "elapsed": 2746.983222, "delta": 0.00378}}
{"target": -17.68798486326394, "params": {"gamma": 188.7767821627886, "log10_alpha": -1.5645717448236853, "log10_colsample_bytree": -0.24489306845494252, "log10_eta": -0.08023462270142678, "log10_lambda": -4.6916604476773145, "log10_min_child_weight": 4.7853616586496885, "log10_subsample": -0.9531146937476859, "max_depth": 6.0, "num_boost_round": 20.0}, "datetime": {"datetime": "2024-01-19 00:57:42", "elapsed": 2746.986961, "delta": 0.003739}}
{"target": -17.691845592169585, "params": {"gamma": 188.7767821627886, "log10_alpha": -1.5645717448236853, "log10_colsample_bytree": -0.24489306845494252, "log10_eta": -0.08023462270142678, "log10_lambda": -4.6916604476773145, "log10_min_child_weight": 4.7853616586496885, "log10_subsample": -0.9531146937476859, "max_depth": 6.0, "num_boost_round": 21.0}, "datetime": {"datetime": "2024-01-19 00:57:42", "elapsed": 2746.991027, "delta": 0.004066}}
{"target": -17.692874626291143, "params": {"gamma": 188.7767821627886, "log10_alpha": -1.5645717448236853, "log10_colsample_bytree": -0.24489306845494252, "log10_eta": -0.08023462270142678, "log10_lambda": -4.6916604476773145, "log10_min_child_weight": 4.7853616586496885, "log10_subsample": -0.9531146937476859, "max_depth": 6.0, "num_boost_round": 22.0}, "datetime": {"datetime": "2024-01-19 00:57:42", "elapsed": 2747.118908, "delta": 0.127881}}
{"target": -17.69294158491432, "params": {"gamma": 188.7767821627886, "log10_alpha": -1.5645717448236853, "log10_colsample_bytree": -0.24489306845494252, "log10_eta": -0.08023462270142678, "log10_lambda": -4.6916604476773145, "log10_min_child_weight": 4.7853616586496885, "log10_subsample": -0.9531146937476859, "max_depth": 6.0, "num_boost_round": 23.0}, "datetime": {"datetime": "2024-01-19 00:57:42", "elapsed": 2747.123658, "delta": 0.00475}}
{"target": -17.690563651599795, "params": {"gamma": 188.7767821627886, "log10_alpha": -1.5645717448236853, "log10_colsample_bytree": -0.24489306845494252, "log10_eta": -0.08023462270142678, "log10_lambda": -4.6916604476773145, "log10_min_child_weight": 4.7853616586496885, "log10_subsample": -0.9531146937476859, "max_depth": 6.0, "num_boost_round": 24.0}, "datetime": {"datetime": "2024-01-19 00:57:42", "elapsed": 2747.128154, "delta": 0.004496}}
{"target": -17.69151567908534, "params": {"gamma": 188.7767821627886, "log10_alpha": -1.5645717448236853, "log10_colsample_bytree": -0.24489306845494252, "log10_eta": -0.08023462270142678, "log10_lambda": -4.6916604476773145, "log10_min_child_weight": 4.7853616586496885, "log10_subsample": -0.9531146937476859, "max_depth": 6.0, "num_boost_round": 25.0}, "datetime": {"datetime": "2024-01-19 00:57:42", "elapsed": 2747.132376, "delta": 0.004222}}
{"target": -17.693466503325208, "params": {"gamma": 188.7767821627886, "log10_alpha": -1.5645717448236853, "log10_colsample_bytree": -0.24489306845494252, "log10_eta": -0.08023462270142678, "log10_lambda": -4.6916604476773145, "log10_min_child_weight": 4.7853616586496885, "log10_subsample": -0.9531146937476859, "max_depth": 6.0, "num_boost_round": 26.0}, "datetime": {"datetime": "2024-01-19 00:57:42", "elapsed": 2747.136571, "delta": 0.004195}}
{"target": -17.692954948256464, "params": {"gamma": 188.7767821627886, "log10_alpha": -1.5645717448236853, "log10_colsample_bytree": -0.24489306845494252, "log10_eta": -0.08023462270142678, "log10_lambda": -4.6916604476773145, "log10_min_child_weight": 4.7853616586496885, "log10_subsample": -0.9531146937476859, "max_depth": 6.0, "num_boost_round": 27.0}, "datetime": {"datetime": "2024-01-19 00:57:42", "elapsed": 2747.141048, "delta": 0.004477}}
{"target": -17.677217248640165, "params": {"gamma": 147.8326261914652, "log10_alpha": -3.809538349172847, "log10_colsample_bytree": -0.9291008575237986, "log10_eta": -3.3184840091323258, "log10_lambda": -3.8329621181744056, "log10_min_child_weight": 0.5247996118823522, "log10_subsample": -0.08025690410144737, "max_depth": 2.0, "num_boost_round": 0.0}, "datetime": {"datetime": "2024-01-19 00:58:14", "elapsed": 2778.720478, "delta": 31.57943}}
{"target": -17.677196788145594, "params": {"gamma": 147.8326261914652, "log10_alpha": -3.809538349172847, "log10_colsample_bytree": -0.9291008575237986, "log10_eta": -3.3184840091323258, "log10_lambda": -3.8329621181744056, "log10_min_child_weight": 0.5247996118823522, "log10_subsample": -0.08025690410144737, "max_depth": 2.0, "num_boost_round": 1.0}, "datetime": {"datetime": "2024-01-19 00:58:14", "elapsed": 2778.725368, "delta": 0.00489}}
{"target": -17.677192354077377, "params": {"gamma": 147.8326261914652, "log10_alpha": -3.809538349172847, "log10_colsample_bytree": -0.9291008575237986, "log10_eta": -3.3184840091323258, "log10_lambda": -3.8329621181744056, "log10_min_child_weight": 0.5247996118823522, "log10_subsample": -0.08025690410144737, "max_depth": 2.0, "num_boost_round": 2.0}, "datetime": {"datetime": "2024-01-19 00:58:14", "elapsed": 2778.729343, "delta": 0.003975}}
{"target": -17.677180975334217, "params": {"gamma": 147.8326261914652, "log10_alpha": -3.809538349172847, "log10_colsample_bytree": -0.9291008575237986, "log10_eta": -3.3184840091323258, "log10_lambda": -3.8329621181744056, "log10_min_child_weight": 0.5247996118823522, "log10_subsample": -0.08025690410144737, "max_depth": 2.0, "num_boost_round": 3.0}, "datetime": {"datetime": "2024-01-19 00:58:14", "elapsed": 2778.733099, "delta": 0.003756}}
{"target": -17.677172427544573, "params": {"gamma": 147.8326261914652, "log10_alpha": -3.809538349172847, "log10_colsample_bytree": -0.9291008575237986, "log10_eta": -3.3184840091323258, "log10_lambda": -3.8329621181744056, "log10_min_child_weight": 0.5247996118823522, "log10_subsample": -0.08025690410144737, "max_depth": 2.0, "num_boost_round": 4.0}, "datetime": {"datetime": "2024-01-19 00:58:14", "elapsed": 2778.736718, "delta": 0.003619}}
{"target": -17.677158854480417, "params": {"gamma": 147.8326261914652, "log10_alpha": -3.809538349172847, "log10_colsample_bytree": -0.9291008575237986, "log10_eta": -3.3184840091323258, "log10_lambda": -3.8329621181744056, "log10_min_child_weight": 0.5247996118823522, "log10_subsample": -0.08025690410144737, "max_depth": 2.0, "num_boost_round": 5.0}, "datetime": {"datetime": "2024-01-19 00:58:14", "elapsed": 2778.740548, "delta": 0.00383}}
{"target": -17.677154284073506, "params": {"gamma": 147.8326261914652, "log10_alpha": -3.809538349172847, "log10_colsample_bytree": -0.9291008575237986, "log10_eta": -3.3184840091323258, "log10_lambda": -3.8329621181744056, "log10_min_child_weight": 0.5247996118823522, "log10_subsample": -0.08025690410144737, "max_depth": 2.0, "num_boost_round": 6.0}, "datetime": {"datetime": "2024-01-19 00:58:14", "elapsed": 2778.74444, "delta": 0.003892}}
{"target": -17.677142518312554, "params": {"gamma": 147.8326261914652, "log10_alpha": -3.809538349172847, "log10_colsample_bytree": -0.9291008575237986, "log10_eta": -3.3184840091323258, "log10_lambda": -3.8329621181744056, "log10_min_child_weight": 0.5247996118823522, "log10_subsample": -0.08025690410144737, "max_depth": 2.0, "num_boost_round": 7.0}, "datetime": {"datetime": "2024-01-19 00:58:14", "elapsed": 2778.748186, "delta": 0.003746}}
{"target": -17.67714627137026, "params": {"gamma": 147.8326261914652, "log10_alpha": -3.809538349172847, "log10_colsample_bytree": -0.9291008575237986, "log10_eta": -3.3184840091323258, "log10_lambda": -3.8329621181744056, "log10_min_child_weight": 0.5247996118823522, "log10_subsample": -0.08025690410144737, "max_depth": 2.0, "num_boost_round": 8.0}, "datetime": {"datetime": "2024-01-19 00:58:14", "elapsed": 2778.751794, "delta": 0.003608}}
{"target": -17.677138298737876, "params": {"gamma": 147.8326261914652, "log10_alpha": -3.809538349172847, "log10_colsample_bytree": -0.9291008575237986, "log10_eta": -3.3184840091323258, "log10_lambda": -3.8329621181744056, "log10_min_child_weight": 0.5247996118823522, "log10_subsample": -0.08025690410144737, "max_depth": 2.0, "num_boost_round": 9.0}, "datetime": {"datetime": "2024-01-19 00:58:14", "elapsed": 2778.755461, "delta": 0.003667}}
{"target": -17.677122037818656, "params": {"gamma": 147.8326261914652, "log10_alpha": -3.809538349172847, "log10_colsample_bytree": -0.9291008575237986, "log10_eta": -3.3184840091323258, "log10_lambda": -3.8329621181744056, "log10_min_child_weight": 0.5247996118823522, "log10_subsample": -0.08025690410144737, "max_depth": 2.0, "num_boost_round": 10.0}, "datetime": {"datetime": "2024-01-19 00:58:14", "elapsed": 2778.759187, "delta": 0.003726}}
{"target": -17.67711383918588, "params": {"gamma": 147.8326261914652, "log10_alpha": -3.809538349172847, "log10_colsample_bytree": -0.9291008575237986, "log10_eta": -3.3184840091323258, "log10_lambda": -3.8329621181744056, "log10_min_child_weight": 0.5247996118823522, "log10_subsample": -0.08025690410144737, "max_depth": 2.0, "num_boost_round": 11.0}, "datetime": {"datetime": "2024-01-19 00:58:14", "elapsed": 2778.762832, "delta": 0.003645}}
{"target": -17.677102328396447, "params": {"gamma": 147.8326261914652, "log10_alpha": -3.809538349172847, "log10_colsample_bytree": -0.9291008575237986, "log10_eta": -3.3184840091323258, "log10_lambda": -3.8329621181744056, "log10_min_child_weight": 0.5247996118823522, "log10_subsample": -0.08025690410144737, "max_depth": 2.0, "num_boost_round": 12.0}, "datetime": {"datetime": "2024-01-19 00:58:14", "elapsed": 2778.766463, "delta": 0.003631}}
{"target": -17.677094624358084, "params": {"gamma": 147.8326261914652, "log10_alpha": -3.809538349172847, "log10_colsample_bytree": -0.9291008575237986, "log10_eta": -3.3184840091323258, "log10_lambda": -3.8329621181744056, "log10_min_child_weight": 0.5247996118823522, "log10_subsample": -0.08025690410144737, "max_depth": 2.0, "num_boost_round": 13.0}, "datetime": {"datetime": "2024-01-19 00:58:14", "elapsed": 2778.770111, "delta": 0.003648}}
{"target": -17.677090803722326, "params": {"gamma": 147.8326261914652, "log10_alpha": -3.809538349172847, "log10_colsample_bytree": -0.9291008575237986, "log10_eta": -3.3184840091323258, "log10_lambda": -3.8329621181744056, "log10_min_child_weight": 0.5247996118823522, "log10_subsample": -0.08025690410144737, "max_depth": 2.0, "num_boost_round": 14.0}, "datetime": {"datetime": "2024-01-19 00:58:14", "elapsed": 2778.773725, "delta": 0.003614}}
{"target": -17.67707718996545, "params": {"gamma": 147.8326261914652, "log10_alpha": -3.809538349172847, "log10_colsample_bytree": -0.9291008575237986, "log10_eta": -3.3184840091323258, "log10_lambda": -3.8329621181744056, "log10_min_child_weight": 0.5247996118823522, "log10_subsample": -0.08025690410144737, "max_depth": 2.0, "num_boost_round": 15.0}, "datetime": {"datetime": "2024-01-19 00:58:14", "elapsed": 2778.777451, "delta": 0.003726}}
{"target": -17.67707117179103, "params": {"gamma": 147.8326261914652, "log10_alpha": -3.809538349172847, "log10_colsample_bytree": -0.9291008575237986, "log10_eta": -3.3184840091323258, "log10_lambda": -3.8329621181744056, "log10_min_child_weight": 0.5247996118823522, "log10_subsample": -0.08025690410144737, "max_depth": 2.0, "num_boost_round": 16.0}, "datetime": {"datetime": "2024-01-19 00:58:14", "elapsed": 2778.781113, "delta": 0.003662}}
{"target": -17.677232209175344, "params": {"gamma": 166.99802046599598, "log10_alpha": -3.6757615778859116, "log10_colsample_bytree": -0.938236733498605, "log10_eta": -3.9841712258356976, "log10_lambda": 0.3239356874626589, "log10_min_child_weight": 3.6883350396592323, "log10_subsample": -0.35932668420700387, "max_depth": 2.0, "num_boost_round": 0.0}, "datetime": {"datetime": "2024-01-19 00:58:58", "elapsed": 2823.51462, "delta": 44.733507}}
{"target": -17.677231197399948, "params": {"gamma": 166.99802046599598, "log10_alpha": -3.6757615778859116, "log10_colsample_bytree": -0.938236733498605, "log10_eta": -3.9841712258356976, "log10_lambda": 0.3239356874626589, "log10_min_child_weight": 3.6883350396592323, "log10_subsample": -0.35932668420700387, "max_depth": 2.0, "num_boost_round": 1.0}, "datetime": {"datetime": "2024-01-19 00:58:58", "elapsed": 2823.518699, "delta": 0.004079}}
{"target": -17.677230821666758, "params": {"gamma": 166.99802046599598, "log10_alpha": -3.6757615778859116, "log10_colsample_bytree": -0.938236733498605, "log10_eta": -3.9841712258356976, "log10_lambda": 0.3239356874626589, "log10_min_child_weight": 3.6883350396592323, "log10_subsample": -0.35932668420700387, "max_depth": 2.0, "num_boost_round": 2.0}, "datetime": {"datetime": "2024-01-19 00:58:58", "elapsed": 2823.52258, "delta": 0.003881}}
