{"target": -13.760320548837834, "params": {"gamma": 428.0489377086365, "log10_alpha": -2.859009364535174, "log10_colsample_bytree": -0.02103654283799461, "log10_eta": -1.3439503429482222, "log10_lambda": 0.01773909422248021, "log10_min_child_weight": 2.8385522646910752, "log10_subsample": -0.6680092084245596, "max_depth": 8.0, "num_boost_round": 3.0}, "datetime": {"datetime": "2024-01-19 00:15:38", "elapsed": 242.183044, "delta": 0.000902}}
{"target": -13.760609557833327, "params": {"gamma": 428.0489377086365, "log10_alpha": -2.859009364535174, "log10_colsample_bytree": -0.02103654283799461, "log10_eta": -1.3439503429482222, "log10_lambda": 0.01773909422248021, "log10_min_child_weight": 2.8385522646910752, "log10_subsample": -0.6680092084245596, "max_depth": 8.0, "num_boost_round": 4.0}, "datetime": {"datetime": "2024-01-19 00:15:38", "elapsed": 242.183707, "delta": 0.000663}}
{"target": -13.760421605506087, "params": {"gamma": 428.0489377086365, "log10_alpha": -2.859009364535174, "log10_colsample_bytree": -0.02103654283799461, "log10_eta": -1.3439503429482222, "log10_lambda": 0.01773909422248021, "log10_min_child_weight": 2.8385522646910752, "log10_subsample": -0.6680092084245596, "max_depth": 8.0, "num_boost_round": 5.0}, "datetime": {"datetime": "2024-01-19 00:15:38", "elapsed": 242.184311, "delta": 0.000604}}
{"target": -13.761088952667304, "params": {"gamma": 428.0489377086365, "log10_alpha": -2.859009364535174, "log10_colsample_bytree": -0.02103654283799461, "log10_eta": -1.3439503429482222, "log10_lambda": 0.01773909422248021, "log10_min_child_weight": 2.8385522646910752, "log10_subsample": -0.6680092084245596, "max_depth": 8.0, "num_boost_round": 6.0}, "datetime": {"datetime": "2024-01-19 00:15:38", "elapsed": 242.184961, "delta": 0.00065}}
{"target": -13.762810168749487, "params": {"gamma": 428.0489377086365, "log10_alpha": -2.859009364535174, "log10_colsample_bytree": -0.02103654283799461, "log10_eta": -1.3439503429482222, "log10_lambda": 0.01773909422248021, "log10_min_child_weight": 2.8385522646910752, "log10_subsample": -0.6680092084245596, "max_depth": 8.0, "num_boost_round": 7.0}, "datetime": {"datetime": "2024-01-19 00:15:38", "elapsed": 242.185724, "delta": 0.000763}}
{"target": -13.765280964328458, "params": {"gamma": 428.0489377086365, "log10_alpha": -2.859009364535174, "log10_colsample_bytree": -0.02103654283799461, "log10_eta": -1.3439503429482222, "log10_lambda": 0.01773909422248021, "log10_min_child_weight": 2.8385522646910752, "log10_subsample": -0.6680092084245596, "max_depth": 8.0, "num_boost_round": 8.0}, "datetime": {"datetime": "2024-01-19 00:15:38", "elapsed": 242.18632, "delta": 0.000596}}
{"target": -13.764908969730032, "params": {"gamma": 428.0489377086365, "log10_alpha": -2.859009364535174, "log10_colsample_bytree": -0.02103654283799461, "log10_eta": -1.3439503429482222, "log10_lambda": 0.01773909422248021, "log10_min_child_weight": 2.8385522646910752, "log10_subsample": -0.6680092084245596, "max_depth": 8.0, "num_boost_round": 9.0}, "datetime": {"datetime": "2024-01-19 00:15:38", "elapsed": 242.186957, "delta": 0.000637}}
{"target": -13.765815708542014, "params": {"gamma": 428.0489377086365, "log10_alpha": -2.859009364535174, "log10_colsample_bytree": -0.02103654283799461, "log10_eta": -1.3439503429482222, "log10_lambda": 0.01773909422248021, "log10_min_child_weight": 2.8385522646910752, "log10_subsample": -0.6680092084245596, "max_depth": 8.0, "num_boost_round": 10.0}, "datetime": {"datetime": "2024-01-19 00:15:38", "elapsed": 242.187609, "delta": 0.000652}}
{"target": -13.767283999657138, "params": {"gamma": 428.0489377086365, "log10_alpha": -2.859009364535174, "log10_colsample_bytree": -0.02103654283799461, "log10_eta": -1.3439503429482222, "log10_lambda": 0.01773909422248021, "log10_min_child_weight": 2.8385522646910752, "log10_subsample": -0.6680092084245596, "max_depth": 8.0, "num_boost_round": 11.0}, "datetime": {"datetime": "2024-01-19 00:15:38", "elapsed": 242.188257, "delta": 0.000648}}
{"target": -13.76995830152507, "params": {"gamma": 428.0489377086365, "log10_alpha": -2.859009364535174, "log10_colsample_bytree": -0.02103654283799461, "log10_eta": -1.3439503429482222, "log10_lambda": 0.01773909422248021, "log10_min_child_weight": 2.8385522646910752, "log10_subsample": -0.6680092084245596, "max_depth": 8.0, "num_boost_round": 12.0}, "datetime": {"datetime": "2024-01-19 00:15:38", "elapsed": 242.188976, "delta": 0.000719}}
{"target": -13.771708891014734, "params": {"gamma": 428.0489377086365, "log10_alpha": -2.859009364535174, "log10_colsample_bytree": -0.02103654283799461, "log10_eta": -1.3439503429482222, "log10_lambda": 0.01773909422248021, "log10_min_child_weight": 2.8385522646910752, "log10_subsample": -0.6680092084245596, "max_depth": 8.0, "num_boost_round": 13.0}, "datetime": {"datetime": "2024-01-19 00:15:38", "elapsed": 242.189632, "delta": 0.000656}}
{"target": -13.771675176912387, "params": {"gamma": 428.0489377086365, "log10_alpha": -2.859009364535174, "log10_colsample_bytree": -0.02103654283799461, "log10_eta": -1.3439503429482222, "log10_lambda": 0.01773909422248021, "log10_min_child_weight": 2.8385522646910752, "log10_subsample": -0.6680092084245596, "max_depth": 8.0, "num_boost_round": 14.0}, "datetime": {"datetime": "2024-01-19 00:15:38", "elapsed": 242.190343, "delta": 0.000711}}
{"target": -13.771798881843633, "params": {"gamma": 428.0489377086365, "log10_alpha": -2.859009364535174, "log10_colsample_bytree": -0.02103654283799461, "log10_eta": -1.3439503429482222, "log10_lambda": 0.01773909422248021, "log10_min_child_weight": 2.8385522646910752, "log10_subsample": -0.6680092084245596, "max_depth": 8.0, "num_boost_round": 15.0}, "datetime": {"datetime": "2024-01-19 00:15:38", "elapsed": 242.190939, "delta": 0.000596}}
{"target": -13.773357619736977, "params": {"gamma": 428.0489377086365, "log10_alpha": -2.859009364535174, "log10_colsample_bytree": -0.02103654283799461, "log10_eta": -1.3439503429482222, "log10_lambda": 0.01773909422248021, "log10_min_child_weight": 2.8385522646910752, "log10_subsample": -0.6680092084245596, "max_depth": 8.0, "num_boost_round": 16.0}, "datetime": {"datetime": "2024-01-19 00:15:38", "elapsed": 242.191596, "delta": 0.000657}}
{"target": -13.776525580095747, "params": {"gamma": 428.0489377086365, "log10_alpha": -2.859009364535174, "log10_colsample_bytree": -0.02103654283799461, "log10_eta": -1.3439503429482222, "log10_lambda": 0.01773909422248021, "log10_min_child_weight": 2.8385522646910752, "log10_subsample": -0.6680092084245596, "max_depth": 8.0, "num_boost_round": 17.0}, "datetime": {"datetime": "2024-01-19 00:15:38", "elapsed": 242.192199, "delta": 0.000603}}
{"target": -13.777456325605716, "params": {"gamma": 428.0489377086365, "log10_alpha": -2.859009364535174, "log10_colsample_bytree": -0.02103654283799461, "log10_eta": -1.3439503429482222, "log10_lambda": 0.01773909422248021, "log10_min_child_weight": 2.8385522646910752, "log10_subsample": -0.6680092084245596, "max_depth": 8.0, "num_boost_round": 18.0}, "datetime": {"datetime": "2024-01-19 00:15:38", "elapsed": 242.192872, "delta": 0.000673}}
{"target": -13.77891815493676, "params": {"gamma": 428.0489377086365, "log10_alpha": -2.859009364535174, "log10_colsample_bytree": -0.02103654283799461, "log10_eta": -1.3439503429482222, "log10_lambda": 0.01773909422248021, "log10_min_child_weight": 2.8385522646910752, "log10_subsample": -0.6680092084245596, "max_depth": 8.0, "num_boost_round": 19.0}, "datetime": {"datetime": "2024-01-19 00:15:38", "elapsed": 242.193629, "delta": 0.000757}}
{"target": -13.78047922864218, "params": {"gamma": 428.0489377086365, "log10_alpha": -2.859009364535174, "log10_colsample_bytree": -0.02103654283799461, "log10_eta": -1.3439503429482222, "log10_lambda": 0.01773909422248021, "log10_min_child_weight": 2.8385522646910752, "log10_subsample": -0.6680092084245596, "max_depth": 8.0, "num_boost_round": 20.0}, "datetime": {"datetime": "2024-01-19 00:15:38", "elapsed": 242.19448, "delta": 0.000851}}
{"target": -13.78101753903909, "params": {"gamma": 428.0489377086365, "log10_alpha": -2.859009364535174, "log10_colsample_bytree": -0.02103654283799461, "log10_eta": -1.3439503429482222, "log10_lambda": 0.01773909422248021, "log10_min_child_weight": 2.8385522646910752, "log10_subsample": -0.6680092084245596, "max_depth": 8.0, "num_boost_round": 21.0}, "datetime": {"datetime": "2024-01-19 00:15:38", "elapsed": 242.195159, "delta": 0.000679}}
{"target": -13.782777032106372, "params": {"gamma": 428.0489377086365, "log10_alpha": -2.859009364535174, "log10_colsample_bytree": -0.02103654283799461, "log10_eta": -1.3439503429482222, "log10_lambda": 0.01773909422248021, "log10_min_child_weight": 2.8385522646910752, "log10_subsample": -0.6680092084245596, "max_depth": 8.0, "num_boost_round": 22.0}, "datetime": {"datetime": "2024-01-19 00:15:38", "elapsed": 242.195769, "delta": 0.00061}}
{"target": -13.784385283079281, "params": {"gamma": 428.0489377086365, "log10_alpha": -2.859009364535174, "log10_colsample_bytree": -0.02103654283799461, "log10_eta": -1.3439503429482222, "log10_lambda": 0.01773909422248021, "log10_min_child_weight": 2.8385522646910752, "log10_subsample": -0.6680092084245596, "max_depth": 8.0, "num_boost_round": 23.0}, "datetime": {"datetime": "2024-01-19 00:15:38", "elapsed": 242.196446, "delta": 0.000677}}
{"target": -13.785070475168276, "params": {"gamma": 428.0489377086365, "log10_alpha": -2.859009364535174, "log10_colsample_bytree": -0.02103654283799461, "log10_eta": -1.3439503429482222, "log10_lambda": 0.01773909422248021, "log10_min_child_weight": 2.8385522646910752, "log10_subsample": -0.6680092084245596, "max_depth": 8.0, "num_boost_round": 24.0}, "datetime": {"datetime": "2024-01-19 00:15:38", "elapsed": 242.197046, "delta": 0.0006}}
{"target": -13.787102938932136, "params": {"gamma": 428.0489377086365, "log10_alpha": -2.859009364535174, "log10_colsample_bytree": -0.02103654283799461, "log10_eta": -1.3439503429482222, "log10_lambda": 0.01773909422248021, "log10_min_child_weight": 2.8385522646910752, "log10_subsample": -0.6680092084245596, "max_depth": 8.0, "num_boost_round": 25.0}, "datetime": {"datetime": "2024-01-19 00:15:38", "elapsed": 242.197713, "delta": 0.000667}}
{"target": -13.786934086141361, "params": {"gamma": 428.0489377086365, "log10_alpha": -2.859009364535174, "log10_colsample_bytree": -0.02103654283799461, "log10_eta": -1.3439503429482222, "log10_lambda": 0.01773909422248021, "log10_min_child_weight": 2.8385522646910752, "log10_subsample": -0.6680092084245596, "max_depth": 8.0, "num_boost_round": 26.0}, "datetime": {"datetime": "2024-01-19 00:15:38", "elapsed": 242.19832, "delta": 0.000607}}
{"target": -13.787889813112828, "params": {"gamma": 428.0489377086365, "log10_alpha": -2.859009364535174, "log10_colsample_bytree": -0.02103654283799461, "log10_eta": -1.3439503429482222, "log10_lambda": 0.01773909422248021, "log10_min_child_weight": 2.8385522646910752, "log10_subsample": -0.6680092084245596, "max_depth": 8.0, "num_boost_round": 27.0}, "datetime": {"datetime": "2024-01-19 00:15:38", "elapsed": 242.198977, "delta": 0.000657}}
{"target": -13.789762628528727, "params": {"gamma": 428.0489377086365, "log10_alpha": -2.859009364535174, "log10_colsample_bytree": -0.02103654283799461, "log10_eta": -1.3439503429482222, "log10_lambda": 0.01773909422248021, "log10_min_child_weight": 2.8385522646910752, "log10_subsample": -0.6680092084245596, "max_depth": 8.0, "num_boost_round": 28.0}, "datetime": {"datetime": "2024-01-19 00:15:38", "elapsed": 242.19965, "delta": 0.000673}}
{"target": -13.791890521947634, "params": {"gamma": 428.0489377086365, "log10_alpha": -2.859009364535174, "log10_colsample_bytree": -0.02103654283799461, "log10_eta": -1.3439503429482222, "log10_lambda": 0.01773909422248021, "log10_min_child_weight": 2.8385522646910752, "log10_subsample": -0.6680092084245596, "max_depth": 8.0, "num_boost_round": 29.0}, "datetime": {"datetime": "2024-01-19 00:15:38", "elapsed": 242.200265, "delta": 0.000615}}
{"target": -13.792775108937212, "params": {"gamma": 428.0489377086365, "log10_alpha": -2.859009364535174, "log10_colsample_bytree": -0.02103654283799461, "log10_eta": -1.3439503429482222, "log10_lambda": 0.01773909422248021, "log10_min_child_weight": 2.8385522646910752, "log10_subsample": -0.6680092084245596, "max_depth": 8.0, "num_boost_round": 30.0}, "datetime": {"datetime": "2024-01-19 00:15:38", "elapsed": 242.200931, "delta": 0.000666}}
{"target": -13.79291155279569, "params": {"gamma": 428.0489377086365, "log10_alpha": -2.859009364535174, "log10_colsample_bytree": -0.02103654283799461, "log10_eta": -1.3439503429482222, "log10_lambda": 0.01773909422248021, "log10_min_child_weight": 2.8385522646910752, "log10_subsample": -0.6680092084245596, "max_depth": 8.0, "num_boost_round": 31.0}, "datetime": {"datetime": "2024-01-19 00:15:38", "elapsed": 242.201547, "delta": 0.000616}}
{"target": -13.795875153554606, "params": {"gamma": 428.0489377086365, "log10_alpha": -2.859009364535174, "log10_colsample_bytree": -0.02103654283799461, "log10_eta": -1.3439503429482222, "log10_lambda": 0.01773909422248021, "log10_min_child_weight": 2.8385522646910752, "log10_subsample": -0.6680092084245596, "max_depth": 8.0, "num_boost_round": 32.0}, "datetime": {"datetime": "2024-01-19 00:15:38", "elapsed": 242.202226, "delta": 0.000679}}
{"target": -13.797715737293627, "params": {"gamma": 428.0489377086365, "log10_alpha": -2.859009364535174, "log10_colsample_bytree": -0.02103654283799461, "log10_eta": -1.3439503429482222, "log10_lambda": 0.01773909422248021, "log10_min_child_weight": 2.8385522646910752, "log10_subsample": -0.6680092084245596, "max_depth": 8.0, "num_boost_round": 33.0}, "datetime": {"datetime": "2024-01-19 00:15:38", "elapsed": 242.202925, "delta": 0.000699}}
{"target": -13.799335441318794, "params": {"gamma": 428.0489377086365, "log10_alpha": -2.859009364535174, "log10_colsample_bytree": -0.02103654283799461, "log10_eta": -1.3439503429482222, "log10_lambda": 0.01773909422248021, "log10_min_child_weight": 2.8385522646910752, "log10_subsample": -0.6680092084245596, "max_depth": 8.0, "num_boost_round": 34.0}, "datetime": {"datetime": "2024-01-19 00:15:38", "elapsed": 242.203608, "delta": 0.000683}}
{"target": -13.799971088813315, "params": {"gamma": 428.0489377086365, "log10_alpha": -2.859009364535174, "log10_colsample_bytree": -0.02103654283799461, "log10_eta": -1.3439503429482222, "log10_lambda": 0.01773909422248021, "log10_min_child_weight": 2.8385522646910752, "log10_subsample": -0.6680092084245596, "max_depth": 8.0, "num_boost_round": 35.0}, "datetime": {"datetime": "2024-01-19 00:15:38", "elapsed": 242.204297, "delta": 0.000689}}
{"target": -13.804096802607294, "params": {"gamma": 428.0489377086365, "log10_alpha": -2.859009364535174, "log10_colsample_bytree": -0.02103654283799461, "log10_eta": -1.3439503429482222, "log10_lambda": 0.01773909422248021, "log10_min_child_weight": 2.8385522646910752, "log10_subsample": -0.6680092084245596, "max_depth": 8.0, "num_boost_round": 36.0}, "datetime": {"datetime": "2024-01-19 00:15:38", "elapsed": 242.204917, "delta": 0.00062}}
{"target": -13.804939536886103, "params": {"gamma": 428.0489377086365, "log10_alpha": -2.859009364535174, "log10_colsample_bytree": -0.02103654283799461, "log10_eta": -1.3439503429482222, "log10_lambda": 0.01773909422248021, "log10_min_child_weight": 2.8385522646910752, "log10_subsample": -0.6680092084245596, "max_depth": 8.0, "num_boost_round": 37.0}, "datetime": {"datetime": "2024-01-19 00:15:38", "elapsed": 242.205609, "delta": 0.000692}}
{"target": -13.80743705129467, "params": {"gamma": 428.0489377086365, "log10_alpha": -2.859009364535174, "log10_colsample_bytree": -0.02103654283799461, "log10_eta": -1.3439503429482222, "log10_lambda": 0.01773909422248021, "log10_min_child_weight": 2.8385522646910752, "log10_subsample": -0.6680092084245596, "max_depth": 8.0, "num_boost_round": 38.0}, "datetime": {"datetime": "2024-01-19 00:15:38", "elapsed": 242.206348, "delta": 0.000739}}
{"target": -13.808810497419074, "params": {"gamma": 428.0489377086365, "log10_alpha": -2.859009364535174, "log10_colsample_bytree": -0.02103654283799461, "log10_eta": -1.3439503429482222, "log10_lambda": 0.01773909422248021, "log10_min_child_weight": 2.8385522646910752, "log10_subsample": -0.6680092084245596, "max_depth": 8.0, "num_boost_round": 39.0}, "datetime": {"datetime": "2024-01-19 00:15:38", "elapsed": 242.207057, "delta": 0.000709}}
{"target": -13.81105723288623, "params": {"gamma": 428.0489377086365, "log10_alpha": -2.859009364535174, "log10_colsample_bytree": -0.02103654283799461, "log10_eta": -1.3439503429482222, "log10_lambda": 0.01773909422248021, "log10_min_child_weight": 2.8385522646910752, "log10_subsample": -0.6680092084245596, "max_depth": 8.0, "num_boost_round": 40.0}, "datetime": {"datetime": "2024-01-19 00:15:38", "elapsed": 242.207768, "delta": 0.000711}}
{"target": -13.812345303004468, "params": {"gamma": 428.0489377086365, "log10_alpha": -2.859009364535174, "log10_colsample_bytree": -0.02103654283799461, "log10_eta": -1.3439503429482222, "log10_lambda": 0.01773909422248021, "log10_min_child_weight": 2.8385522646910752, "log10_subsample": -0.6680092084245596, "max_depth": 8.0, "num_boost_round": 41.0}, "datetime": {"datetime": "2024-01-19 00:15:38", "elapsed": 242.2085, "delta": 0.000732}}
{"target": -13.818451826755428, "params": {"gamma": 428.0489377086365, "log10_alpha": -2.859009364535174, "log10_colsample_bytree": -0.02103654283799461, "log10_eta": -1.3439503429482222, "log10_lambda": 0.01773909422248021, "log10_min_child_weight": 2.8385522646910752, "log10_subsample": -0.6680092084245596, "max_depth": 8.0, "num_boost_round": 42.0}, "datetime": {"datetime": "2024-01-19 00:15:38", "elapsed": 242.209294, "delta": 0.000794}}
{"target": -13.8214157867849, "params": {"gamma": 428.0489377086365, "log10_alpha": -2.859009364535174, "log10_colsample_bytree": -0.02103654283799461, "log10_eta": -1.3439503429482222, "log10_lambda": 0.01773909422248021, "log10_min_child_weight": 2.8385522646910752, "log10_subsample": -0.6680092084245596, "max_depth": 8.0, "num_boost_round": 43.0}, "datetime": {"datetime": "2024-01-19 00:15:38", "elapsed": 242.210005, "delta": 0.000711}}
{"target": -13.822955342466287, "params": {"gamma": 428.0489377086365, "log10_alpha": -2.859009364535174, "log10_colsample_bytree": -0.02103654283799461, "log10_eta": -1.3439503429482222, "log10_lambda": 0.01773909422248021, "log10_min_child_weight": 2.8385522646910752, "log10_subsample": -0.6680092084245596, "max_depth": 8.0, "num_boost_round": 44.0}, "datetime": {"datetime": "2024-01-19 00:15:38", "elapsed": 242.210981, "delta": 0.000976}}
{"target": -13.824026785185263, "params": {"gamma": 428.0489377086365, "log10_alpha": -2.859009364535174, "log10_colsample_bytree": -0.02103654283799461, "log10_eta": -1.3439503429482222, "log10_lambda": 0.01773909422248021, "log10_min_child_weight": 2.8385522646910752, "log10_subsample": -0.6680092084245596, "max_depth": 8.0, "num_boost_round": 45.0}, "datetime": {"datetime": "2024-01-19 00:15:38", "elapsed": 242.211799, "delta": 0.000818}}
{"target": -13.825513935856614, "params": {"gamma": 428.0489377086365, "log10_alpha": -2.859009364535174, "log10_colsample_bytree": -0.02103654283799461, "log10_eta": -1.3439503429482222, "log10_lambda": 0.01773909422248021, "log10_min_child_weight": 2.8385522646910752, "log10_subsample": -0.6680092084245596, "max_depth": 8.0, "num_boost_round": 46.0}, "datetime": {"datetime": "2024-01-19 00:15:38", "elapsed": 242.212557, "delta": 0.000758}}
{"target": -13.825875811824307, "params": {"gamma": 428.0489377086365, "log10_alpha": -2.859009364535174, "log10_colsample_bytree": -0.02103654283799461, "log10_eta": -1.3439503429482222, "log10_lambda": 0.01773909422248021, "log10_min_child_weight": 2.8385522646910752, "log10_subsample": -0.6680092084245596, "max_depth": 8.0, "num_boost_round": 47.0}, "datetime": {"datetime": "2024-01-19 00:15:38", "elapsed": 242.213317, "delta": 0.00076}}
{"target": -13.826566048320899, "params": {"gamma": 428.0489377086365, "log10_alpha": -2.859009364535174, "log10_colsample_bytree": -0.02103654283799461, "log10_eta": -1.3439503429482222, "log10_lambda": 0.01773909422248021, "log10_min_child_weight": 2.8385522646910752, "log10_subsample": -0.6680092084245596, "max_depth": 8.0, "num_boost_round": 48.0}, "datetime": {"datetime": "2024-01-19 00:15:38", "elapsed": 242.214059, "delta": 0.000742}}
{"target": -13.82885017291488, "params": {"gamma": 428.0489377086365, "log10_alpha": -2.859009364535174, "log10_colsample_bytree": -0.02103654283799461, "log10_eta": -1.3439503429482222, "log10_lambda": 0.01773909422248021, "log10_min_child_weight": 2.8385522646910752, "log10_subsample": -0.6680092084245596, "max_depth": 8.0, "num_boost_round": 49.0}, "datetime": {"datetime": "2024-01-19 00:15:38", "elapsed": 242.215092, "delta": 0.001033}}
{"target": -13.833216839996432, "params": {"gamma": 428.0489377086365, "log10_alpha": -2.859009364535174, "log10_colsample_bytree": -0.02103654283799461, "log10_eta": -1.3439503429482222, "log10_lambda": 0.01773909422248021, "log10_min_child_weight": 2.8385522646910752, "log10_subsample": -0.6680092084245596, "max_depth": 8.0, "num_boost_round": 50.0}, "datetime": {"datetime": "2024-01-19 00:15:38", "elapsed": 242.215936, "delta": 0.000844}}
{"target": -13.834887197924319, "params": {"gamma": 428.0489377086365, "log10_alpha": -2.859009364535174, "log10_colsample_bytree": -0.02103654283799461, "log10_eta": -1.3439503429482222, "log10_lambda": 0.01773909422248021, "log10_min_child_weight": 2.8385522646910752, "log10_subsample": -0.6680092084245596, "max_depth": 8.0, "num_boost_round": 51.0}, "datetime": {"datetime": "2024-01-19 00:15:38", "elapsed": 242.216741, "delta": 0.000805}}
