{"target": -13.758241538983588, "params": {"gamma": 559.9446574195669, "log10_alpha": -0.9955278430059433, "log10_colsample_bytree": -0.54289182446697, "log10_eta": -2.5578052843757706, "log10_lambda": -2.0147301986452875, "log10_min_child_weight": 4.8530330422468495, "log10_subsample": -0.5758009494895275, "max_depth": 6.0, "num_boost_round": 39.0}, "datetime": {"datetime": "2024-01-19 01:38:12", "elapsed": 5223.845783, "delta": 0.006371}}
{"target": -13.758232401677862, "params": {"gamma": 559.9446574195669, "log10_alpha": -0.9955278430059433, "log10_colsample_bytree": -0.54289182446697, "log10_eta": -2.5578052843757706, "log10_lambda": -2.0147301986452875, "log10_min_child_weight": 4.8530330422468495, "log10_subsample": -0.5758009494895275, "max_depth": 6.0, "num_boost_round": 40.0}, "datetime": {"datetime": "2024-01-19 01:38:12", "elapsed": 5223.852065, "delta": 0.006282}}
{"target": -13.758222648628847, "params": {"gamma": 559.9446574195669, "log10_alpha": -0.9955278430059433, "log10_colsample_bytree": -0.54289182446697, "log10_eta": -2.5578052843757706, "log10_lambda": -2.0147301986452875, "log10_min_child_weight": 4.8530330422468495, "log10_subsample": -0.5758009494895275, "max_depth": 6.0, "num_boost_round": 41.0}, "datetime": {"datetime": "2024-01-19 01:38:12", "elapsed": 5223.857706, "delta": 0.005641}}
{"target": -13.758207982668717, "params": {"gamma": 559.9446574195669, "log10_alpha": -0.9955278430059433, "log10_colsample_bytree": -0.54289182446697, "log10_eta": -2.5578052843757706, "log10_lambda": -2.0147301986452875, "log10_min_child_weight": 4.8530330422468495, "log10_subsample": -0.5758009494895275, "max_depth": 6.0, "num_boost_round": 42.0}, "datetime": {"datetime": "2024-01-19 01:38:12", "elapsed": 5223.86337, "delta": 0.005664}}
{"target": -13.758201982981616, "params": {"gamma": 559.9446574195669, "log10_alpha": -0.9955278430059433, "log10_colsample_bytree": -0.54289182446697, "log10_eta": -2.5578052843757706, "log10_lambda": -2.0147301986452875, "log10_min_child_weight": 4.8530330422468495, "log10_subsample": -0.5758009494895275, "max_depth": 6.0, "num_boost_round": 43.0}, "datetime": {"datetime": "2024-01-19 01:38:12", "elapsed": 5223.869175, "delta": 0.005805}}
{"target": -13.758193642488196, "params": {"gamma": 559.9446574195669, "log10_alpha": -0.9955278430059433, "log10_colsample_bytree": -0.54289182446697, "log10_eta": -2.5578052843757706, "log10_lambda": -2.0147301986452875, "log10_min_child_weight": 4.8530330422468495, "log10_subsample": -0.5758009494895275, "max_depth": 6.0, "num_boost_round": 44.0}, "datetime": {"datetime": "2024-01-19 01:38:12", "elapsed": 5223.874613, "delta": 0.005438}}
{"target": -13.758193927643863, "params": {"gamma": 559.9446574195669, "log10_alpha": -0.9955278430059433, "log10_colsample_bytree": -0.54289182446697, "log10_eta": -2.5578052843757706, "log10_lambda": -2.0147301986452875, "log10_min_child_weight": 4.8530330422468495, "log10_subsample": -0.5758009494895275, "max_depth": 6.0, "num_boost_round": 45.0}, "datetime": {"datetime": "2024-01-19 01:38:12", "elapsed": 5223.87998, "delta": 0.005367}}
{"target": -13.75818574750221, "params": {"gamma": 559.9446574195669, "log10_alpha": -0.9955278430059433, "log10_colsample_bytree": -0.54289182446697, "log10_eta": -2.5578052843757706, "log10_lambda": -2.0147301986452875, "log10_min_child_weight": 4.8530330422468495, "log10_subsample": -0.5758009494895275, "max_depth": 6.0, "num_boost_round": 46.0}, "datetime": {"datetime": "2024-01-19 01:38:12", "elapsed": 5223.885398, "delta": 0.005418}}
{"target": -13.758162748089756, "params": {"gamma": 559.9446574195669, "log10_alpha": -0.9955278430059433, "log10_colsample_bytree": -0.54289182446697, "log10_eta": -2.5578052843757706, "log10_lambda": -2.0147301986452875, "log10_min_child_weight": 4.8530330422468495, "log10_subsample": -0.5758009494895275, "max_depth": 6.0, "num_boost_round": 47.0}, "datetime": {"datetime": "2024-01-19 01:38:12", "elapsed": 5223.890808, "delta": 0.00541}}
{"target": -13.75846125885225, "params": {"gamma": 563.2893646546069, "log10_alpha": 0.3171082738925435, "log10_colsample_bytree": -0.9010282966168864, "log10_eta": -3.085423954077365, "log10_lambda": -1.1521415259025165, "log10_min_child_weight": 1.6658543028287003, "log10_subsample": -0.1405449513765934, "max_depth": 9.0, "num_boost_round": 0.0}, "datetime": {"datetime": "2024-01-19 01:39:17", "elapsed": 5289.700167, "delta": 65.809359}}
{"target": -13.758471483366515, "params": {"gamma": 563.2893646546069, "log10_alpha": 0.3171082738925435, "log10_colsample_bytree": -0.9010282966168864, "log10_eta": -3.085423954077365, "log10_lambda": -1.1521415259025165, "log10_min_child_weight": 1.6658543028287003, "log10_subsample": -0.1405449513765934, "max_depth": 9.0, "num_boost_round": 1.0}, "datetime": {"datetime": "2024-01-19 01:39:17", "elapsed": 5289.706371, "delta": 0.006204}}
{"target": -13.75846237422661, "params": {"gamma": 563.2893646546069, "log10_alpha": 0.3171082738925435, "log10_colsample_bytree": -0.9010282966168864, "log10_eta": -3.085423954077365, "log10_lambda": -1.1521415259025165, "log10_min_child_weight": 1.6658543028287003, "log10_subsample": -0.1405449513765934, "max_depth": 9.0, "num_boost_round": 2.0}, "datetime": {"datetime": "2024-01-19 01:39:17", "elapsed": 5289.711825, "delta": 0.005454}}
{"target": -13.758439780309546, "params": {"gamma": 563.2893646546069, "log10_alpha": 0.3171082738925435, "log10_colsample_bytree": -0.9010282966168864, "log10_eta": -3.085423954077365, "log10_lambda": -1.1521415259025165, "log10_min_child_weight": 1.6658543028287003, "log10_subsample": -0.1405449513765934, "max_depth": 9.0, "num_boost_round": 3.0}, "datetime": {"datetime": "2024-01-19 01:39:17", "elapsed": 5289.717444, "delta": 0.005619}}
{"target": -13.75840504760334, "params": {"gamma": 563.2893646546069, "log10_alpha": 0.3171082738925435, "log10_colsample_bytree": -0.9010282966168864, "log10_eta": -3.085423954077365, "log10_lambda": -1.1521415259025165, "log10_min_child_weight": 1.6658543028287003, "log10_subsample": -0.1405449513765934, "max_depth": 9.0, "num_boost_round": 4.0}, "datetime": {"datetime": "2024-01-19 01:39:18", "elapsed": 5289.83448, "delta": 0.117036}}
{"target": -13.75840811878787, "params": {"gamma": 563.2893646546069, "log10_alpha": 0.3171082738925435, "log10_colsample_bytree": -0.9010282966168864, "log10_eta": -3.085423954077365, "log10_lambda": -1.1521415259025165, "log10_min_child_weight": 1.6658543028287003, "log10_subsample": -0.1405449513765934, "max_depth": 9.0, "num_boost_round": 5.0}, "datetime": {"datetime": "2024-01-19 01:39:18", "elapsed": 5289.840911, "delta": 0.006431}}
{"target": -13.758420415026233, "params": {"gamma": 563.2893646546069, "log10_alpha": 0.3171082738925435, "log10_colsample_bytree": -0.9010282966168864, "log10_eta": -3.085423954077365, "log10_lambda": -1.1521415259025165, "log10_min_child_weight": 1.6658543028287003, "log10_subsample": -0.1405449513765934, "max_depth": 9.0, "num_boost_round": 6.0}, "datetime": {"datetime": "2024-01-19 01:39:18", "elapsed": 5289.847677, "delta": 0.006766}}
{"target": -13.758389124344257, "params": {"gamma": 563.2893646546069, "log10_alpha": 0.3171082738925435, "log10_colsample_bytree": -0.9010282966168864, "log10_eta": -3.085423954077365, "log10_lambda": -1.1521415259025165, "log10_min_child_weight": 1.6658543028287003, "log10_subsample": -0.1405449513765934, "max_depth": 9.0, "num_boost_round": 7.0}, "datetime": {"datetime": "2024-01-19 01:39:18", "elapsed": 5289.854198, "delta": 0.006521}}
{"target": -13.75837769772505, "params": {"gamma": 563.2893646546069, "log10_alpha": 0.3171082738925435, "log10_colsample_bytree": -0.9010282966168864, "log10_eta": -3.085423954077365, "log10_lambda": -1.1521415259025165, "log10_min_child_weight": 1.6658543028287003, "log10_subsample": -0.1405449513765934, "max_depth": 9.0, "num_boost_round": 8.0}, "datetime": {"datetime": "2024-01-19 01:39:18", "elapsed": 5289.860276, "delta": 0.006078}}
{"target": -13.758361243481898, "params": {"gamma": 563.2893646546069, "log10_alpha": 0.3171082738925435, "log10_colsample_bytree": -0.9010282966168864, "log10_eta": -3.085423954077365, "log10_lambda": -1.1521415259025165, "log10_min_child_weight": 1.6658543028287003, "log10_subsample": -0.1405449513765934, "max_depth": 9.0, "num_boost_round": 9.0}, "datetime": {"datetime": "2024-01-19 01:39:18", "elapsed": 5289.866278, "delta": 0.006002}}
{"target": -13.758356125755967, "params": {"gamma": 563.2893646546069, "log10_alpha": 0.3171082738925435, "log10_colsample_bytree": -0.9010282966168864, "log10_eta": -3.085423954077365, "log10_lambda": -1.1521415259025165, "log10_min_child_weight": 1.6658543028287003, "log10_subsample": -0.1405449513765934, "max_depth": 9.0, "num_boost_round": 10.0}, "datetime": {"datetime": "2024-01-19 01:39:18", "elapsed": 5289.872119, "delta": 0.005841}}
{"target": -13.758331885046776, "params": {"gamma": 563.2893646546069, "log10_alpha": 0.3171082738925435, "log10_colsample_bytree": -0.9010282966168864, "log10_eta": -3.085423954077365, "log10_lambda": -1.1521415259025165, "log10_min_child_weight": 1.6658543028287003, "log10_subsample": -0.1405449513765934, "max_depth": 9.0, "num_boost_round": 11.0}, "datetime": {"datetime": "2024-01-19 01:39:18", "elapsed": 5289.877384, "delta": 0.005265}}
{"target": -13.758322990237668, "params": {"gamma": 563.2893646546069, "log10_alpha": 0.3171082738925435, "log10_colsample_bytree": -0.9010282966168864, "log10_eta": -3.085423954077365, "log10_lambda": -1.1521415259025165, "log10_min_child_weight": 1.6658543028287003, "log10_subsample": -0.1405449513765934, "max_depth": 9.0, "num_boost_round": 12.0}, "datetime": {"datetime": "2024-01-19 01:39:18", "elapsed": 5289.88303, "delta": 0.005646}}
{"target": -13.758303974466113, "params": {"gamma": 563.2893646546069, "log10_alpha": 0.3171082738925435, "log10_colsample_bytree": -0.9010282966168864, "log10_eta": -3.085423954077365, "log10_lambda": -1.1521415259025165, "log10_min_child_weight": 1.6658543028287003, "log10_subsample": -0.1405449513765934, "max_depth": 9.0, "num_boost_round": 13.0}, "datetime": {"datetime": "2024-01-19 01:39:18", "elapsed": 5289.888463, "delta": 0.005433}}
{"target": -13.758299042799203, "params": {"gamma": 563.2893646546069, "log10_alpha": 0.3171082738925435, "log10_colsample_bytree": -0.9010282966168864, "log10_eta": -3.085423954077365, "log10_lambda": -1.1521415259025165, "log10_min_child_weight": 1.6658543028287003, "log10_subsample": -0.1405449513765934, "max_depth": 9.0, "num_boost_round": 14.0}, "datetime": {"datetime": "2024-01-19 01:39:18", "elapsed": 5289.893835, "delta": 0.005372}}
{"target": -13.758252887347808, "params": {"gamma": 563.2893646546069, "log10_alpha": 0.3171082738925435, "log10_colsample_bytree": -0.9010282966168864, "log10_eta": -3.085423954077365, "log10_lambda": -1.1521415259025165, "log10_min_child_weight": 1.6658543028287003, "log10_subsample": -0.1405449513765934, "max_depth": 9.0, "num_boost_round": 15.0}, "datetime": {"datetime": "2024-01-19 01:39:18", "elapsed": 5289.899374, "delta": 0.005539}}
{"target": -13.758237306590177, "params": {"gamma": 563.2893646546069, "log10_alpha": 0.3171082738925435, "log10_colsample_bytree": -0.9010282966168864, "log10_eta": -3.085423954077365, "log10_lambda": -1.1521415259025165, "log10_min_child_weight": 1.6658543028287003, "log10_subsample": -0.1405449513765934, "max_depth": 9.0, "num_boost_round": 16.0}, "datetime": {"datetime": "2024-01-19 01:39:18", "elapsed": 5289.905092, "delta": 0.005718}}
{"target": -13.758174572775008, "params": {"gamma": 563.2893646546069, "log10_alpha": 0.3171082738925435, "log10_colsample_bytree": -0.9010282966168864, "log10_eta": -3.085423954077365, "log10_lambda": -1.1521415259025165, "log10_min_child_weight": 1.6658543028287003, "log10_subsample": -0.1405449513765934, "max_depth": 9.0, "num_boost_round": 17.0}, "datetime": {"datetime": "2024-01-19 01:39:18", "elapsed": 5289.910419, "delta": 0.005327}}
{"target": -13.758148212894072, "params": {"gamma": 563.2893646546069, "log10_alpha": 0.3171082738925435, "log10_colsample_bytree": -0.9010282966168864, "log10_eta": -3.085423954077365, "log10_lambda": -1.1521415259025165, "log10_min_child_weight": 1.6658543028287003, "log10_subsample": -0.1405449513765934, "max_depth": 9.0, "num_boost_round": 18.0}, "datetime": {"datetime": "2024-01-19 01:39:18", "elapsed": 5289.915892, "delta": 0.005473}}
{"target": -13.758123377674606, "params": {"gamma": 563.2893646546069, "log10_alpha": 0.3171082738925435, "log10_colsample_bytree": -0.9010282966168864, "log10_eta": -3.085423954077365, "log10_lambda": -1.1521415259025165, "log10_min_child_weight": 1.6658543028287003, "log10_subsample": -0.1405449513765934, "max_depth": 9.0, "num_boost_round": 19.0}, "datetime": {"datetime": "2024-01-19 01:39:18", "elapsed": 5289.921298, "delta": 0.005406}}
{"target": -13.758071302162017, "params": {"gamma": 563.2893646546069, "log10_alpha": 0.3171082738925435, "log10_colsample_bytree": -0.9010282966168864, "log10_eta": -3.085423954077365, "log10_lambda": -1.1521415259025165, "log10_min_child_weight": 1.6658543028287003, "log10_subsample": -0.1405449513765934, "max_depth": 9.0, "num_boost_round": 20.0}, "datetime": {"datetime": "2024-01-19 01:39:18", "elapsed": 5289.926792, "delta": 0.005494}}
{"target": -13.758025795013982, "params": {"gamma": 563.2893646546069, "log10_alpha": 0.3171082738925435, "log10_colsample_bytree": -0.9010282966168864, "log10_eta": -3.085423954077365, "log10_lambda": -1.1521415259025165, "log10_min_child_weight": 1.6658543028287003, "log10_subsample": -0.1405449513765934, "max_depth": 9.0, "num_boost_round": 21.0}, "datetime": {"datetime": "2024-01-19 01:39:18", "elapsed": 5289.932707, "delta": 0.005915}}
{"target": -13.758005832152131, "params": {"gamma": 563.2893646546069, "log10_alpha": 0.3171082738925435, "log10_colsample_bytree": -0.9010282966168864, "log10_eta": -3.085423954077365, "log10_lambda": -1.1521415259025165, "log10_min_child_weight": 1.6658543028287003, "log10_subsample": -0.1405449513765934, "max_depth": 9.0, "num_boost_round": 22.0}, "datetime": {"datetime": "2024-01-19 01:39:18", "elapsed": 5289.93858, "delta": 0.005873}}
{"target": -13.75797177817742, "params": {"gamma": 563.2893646546069, "log10_alpha": 0.3171082738925435, "log10_colsample_bytree": -0.9010282966168864, "log10_eta": -3.085423954077365, "log10_lambda": -1.1521415259025165, "log10_min_child_weight": 1.6658543028287003, "log10_subsample": -0.1405449513765934, "max_depth": 9.0, "num_boost_round": 23.0}, "datetime": {"datetime": "2024-01-19 01:39:18", "elapsed": 5289.943927, "delta": 0.005347}}
{"target": -13.757967455749393, "params": {"gamma": 563.2893646546069, "log10_alpha": 0.3171082738925435, "log10_colsample_bytree": -0.9010282966168864, "log10_eta": -3.085423954077365, "log10_lambda": -1.1521415259025165, "log10_min_child_weight": 1.6658543028287003, "log10_subsample": -0.1405449513765934, "max_depth": 9.0, "num_boost_round": 24.0}, "datetime": {"datetime": "2024-01-19 01:39:18", "elapsed": 5289.949416, "delta": 0.005489}}
{"target": -13.757943597266543, "params": {"gamma": 563.2893646546069, "log10_alpha": 0.3171082738925435, "log10_colsample_bytree": -0.9010282966168864, "log10_eta": -3.085423954077365, "log10_lambda": -1.1521415259025165, "log10_min_child_weight": 1.6658543028287003, "log10_subsample": -0.1405449513765934, "max_depth": 9.0, "num_boost_round": 25.0}, "datetime": {"datetime": "2024-01-19 01:39:18", "elapsed": 5289.95476, "delta": 0.005344}}
{"target": -13.757946501438024, "params": {"gamma": 563.2893646546069, "log10_alpha": 0.3171082738925435, "log10_colsample_bytree": -0.9010282966168864, "log10_eta": -3.085423954077365, "log10_lambda": -1.1521415259025165, "log10_min_child_weight": 1.6658543028287003, "log10_subsample": -0.1405449513765934, "max_depth": 9.0, "num_boost_round": 26.0}, "datetime": {"datetime": "2024-01-19 01:39:18", "elapsed": 5289.960174, "delta": 0.005414}}
{"target": -13.757931924859989, "params": {"gamma": 563.2893646546069, "log10_alpha": 0.3171082738925435, "log10_colsample_bytree": -0.9010282966168864, "log10_eta": -3.085423954077365, "log10_lambda": -1.1521415259025165, "log10_min_child_weight": 1.6658543028287003, "log10_subsample": -0.1405449513765934, "max_depth": 9.0, "num_boost_round": 27.0}, "datetime": {"datetime": "2024-01-19 01:39:18", "elapsed": 5289.965684, "delta": 0.00551}}
{"target": -13.757920360541057, "params": {"gamma": 563.2893646546069, "log10_alpha": 0.3171082738925435, "log10_colsample_bytree": -0.9010282966168864, "log10_eta": -3.085423954077365, "log10_lambda": -1.1521415259025165, "log10_min_child_weight": 1.6658543028287003, "log10_subsample": -0.1405449513765934, "max_depth": 9.0, "num_boost_round": 28.0}, "datetime": {"datetime": "2024-01-19 01:39:18", "elapsed": 5289.971431, "delta": 0.005747}}
{"target": -13.757825807278927, "params": {"gamma": 563.2893646546069, "log10_alpha": 0.3171082738925435, "log10_colsample_bytree": -0.9010282966168864, "log10_eta": -3.085423954077365, "log10_lambda": -1.1521415259025165, "log10_min_child_weight": 1.6658543028287003, "log10_subsample": -0.1405449513765934, "max_depth": 9.0, "num_boost_round": 29.0}, "datetime": {"datetime": "2024-01-19 01:39:18", "elapsed": 5289.977914, "delta": 0.006483}}
{"target": -13.757826171291448, "params": {"gamma": 563.2893646546069, "log10_alpha": 0.3171082738925435, "log10_colsample_bytree": -0.9010282966168864, "log10_eta": -3.085423954077365, "log10_lambda": -1.1521415259025165, "log10_min_child_weight": 1.6658543028287003, "log10_subsample": -0.1405449513765934, "max_depth": 9.0, "num_boost_round": 30.0}, "datetime": {"datetime": "2024-01-19 01:39:18", "elapsed": 5289.983534, "delta": 0.00562}}
{"target": -13.757778021208187, "params": {"gamma": 563.2893646546069, "log10_alpha": 0.3171082738925435, "log10_colsample_bytree": -0.9010282966168864, "log10_eta": -3.085423954077365, "log10_lambda": -1.1521415259025165, "log10_min_child_weight": 1.6658543028287003, "log10_subsample": -0.1405449513765934, "max_depth": 9.0, "num_boost_round": 31.0}, "datetime": {"datetime": "2024-01-19 01:39:18", "elapsed": 5289.988999, "delta": 0.005465}}
{"target": -13.757781567311625, "params": {"gamma": 563.2893646546069, "log10_alpha": 0.3171082738925435, "log10_colsample_bytree": -0.9010282966168864, "log10_eta": -3.085423954077365, "log10_lambda": -1.1521415259025165, "log10_min_child_weight": 1.6658543028287003, "log10_subsample": -0.1405449513765934, "max_depth": 9.0, "num_boost_round": 32.0}, "datetime": {"datetime": "2024-01-19 01:39:18", "elapsed": 5289.99428, "delta": 0.005281}}
{"target": -13.757752824970963, "params": {"gamma": 563.2893646546069, "log10_alpha": 0.3171082738925435, "log10_colsample_bytree": -0.9010282966168864, "log10_eta": -3.085423954077365, "log10_lambda": -1.1521415259025165, "log10_min_child_weight": 1.6658543028287003, "log10_subsample": -0.1405449513765934, "max_depth": 9.0, "num_boost_round": 33.0}, "datetime": {"datetime": "2024-01-19 01:39:18", "elapsed": 5289.999687, "delta": 0.005407}}
{"target": -13.757727496010682, "params": {"gamma": 563.2893646546069, "log10_alpha": 0.3171082738925435, "log10_colsample_bytree": -0.9010282966168864, "log10_eta": -3.085423954077365, "log10_lambda": -1.1521415259025165, "log10_min_child_weight": 1.6658543028287003, "log10_subsample": -0.1405449513765934, "max_depth": 9.0, "num_boost_round": 34.0}, "datetime": {"datetime": "2024-01-19 01:39:18", "elapsed": 5290.005302, "delta": 0.005615}}
{"target": -13.757705202743049, "params": {"gamma": 563.2893646546069, "log10_alpha": 0.3171082738925435, "log10_colsample_bytree": -0.9010282966168864, "log10_eta": -3.085423954077365, "log10_lambda": -1.1521415259025165, "log10_min_child_weight": 1.6658543028287003, "log10_subsample": -0.1405449513765934, "max_depth": 9.0, "num_boost_round": 35.0}, "datetime": {"datetime": "2024-01-19 01:39:18", "elapsed": 5290.010742, "delta": 0.00544}}
{"target": -13.757715240228661, "params": {"gamma": 563.2893646546069, "log10_alpha": 0.3171082738925435, "log10_colsample_bytree": -0.9010282966168864, "log10_eta": -3.085423954077365, "log10_lambda": -1.1521415259025165, "log10_min_child_weight": 1.6658543028287003, "log10_subsample": -0.1405449513765934, "max_depth": 9.0, "num_boost_round": 36.0}, "datetime": {"datetime": "2024-01-19 01:39:18", "elapsed": 5290.016366, "delta": 0.005624}}
{"target": -13.75767196521216, "params": {"gamma": 563.2893646546069, "log10_alpha": 0.3171082738925435, "log10_colsample_bytree": -0.9010282966168864, "log10_eta": -3.085423954077365, "log10_lambda": -1.1521415259025165, "log10_min_child_weight": 1.6658543028287003, "log10_subsample": -0.1405449513765934, "max_depth": 9.0, "num_boost_round": 37.0}, "datetime": {"datetime": "2024-01-19 01:39:18", "elapsed": 5290.021862, "delta": 0.005496}}
{"target": -13.757654324544628, "params": {"gamma": 563.2893646546069, "log10_alpha": 0.3171082738925435, "log10_colsample_bytree": -0.9010282966168864, "log10_eta": -3.085423954077365, "log10_lambda": -1.1521415259025165, "log10_min_child_weight": 1.6658543028287003, "log10_subsample": -0.1405449513765934, "max_depth": 9.0, "num_boost_round": 38.0}, "datetime": {"datetime": "2024-01-19 01:39:18", "elapsed": 5290.027299, "delta": 0.005437}}
{"target": -13.757665098314513, "params": {"gamma": 563.2893646546069, "log10_alpha": 0.3171082738925435, "log10_colsample_bytree": -0.9010282966168864, "log10_eta": -3.085423954077365, "log10_lambda": -1.1521415259025165, "log10_min_child_weight": 1.6658543028287003, "log10_subsample": -0.1405449513765934, "max_depth": 9.0, "num_boost_round": 39.0}, "datetime": {"datetime": "2024-01-19 01:39:18", "elapsed": 5290.032822, "delta": 0.005523}}
