{"target": -17.67711999319745, "params": {"gamma": 387.73521641075814, "log10_alpha": 0.10799563807376078, "log10_colsample_bytree": -0.8462777111522813, "log10_eta": -2.9637268567972628, "log10_lambda": -4.123837135213151, "log10_min_child_weight": 2.7718567014297686, "log10_subsample": -0.9705501881444678, "max_depth": 4.0, "num_boost_round": 6.0}, "datetime": {"datetime": "2024-01-19 02:11:24", "elapsed": 7177.265644, "delta": 0.005821}}
{"target": -17.67709351186841, "params": {"gamma": 387.73521641075814, "log10_alpha": 0.10799563807376078, "log10_colsample_bytree": -0.8462777111522813, "log10_eta": -2.9637268567972628, "log10_lambda": -4.123837135213151, "log10_min_child_weight": 2.7718567014297686, "log10_subsample": -0.9705501881444678, "max_depth": 4.0, "num_boost_round": 7.0}, "datetime": {"datetime": "2024-01-19 02:11:24", "elapsed": 7177.271348, "delta": 0.005704}}
{"target": -17.677069331112406, "params": {"gamma": 387.73521641075814, "log10_alpha": 0.10799563807376078, "log10_colsample_bytree": -0.8462777111522813, "log10_eta": -2.9637268567972628, "log10_lambda": -4.123837135213151, "log10_min_child_weight": 2.7718567014297686, "log10_subsample": -0.9705501881444678, "max_depth": 4.0, "num_boost_round": 8.0}, "datetime": {"datetime": "2024-01-19 02:11:24", "elapsed": 7177.277271, "delta": 0.005923}}
{"target": -17.67705616788947, "params": {"gamma": 387.73521641075814, "log10_alpha": 0.10799563807376078, "log10_colsample_bytree": -0.8462777111522813, "log10_eta": -2.9637268567972628, "log10_lambda": -4.123837135213151, "log10_min_child_weight": 2.7718567014297686, "log10_subsample": -0.9705501881444678, "max_depth": 4.0, "num_boost_round": 9.0}, "datetime": {"datetime": "2024-01-19 02:11:24", "elapsed": 7177.283076, "delta": 0.005805}}
{"target": -17.677013737935166, "params": {"gamma": 387.73521641075814, "log10_alpha": 0.10799563807376078, "log10_colsample_bytree": -0.8462777111522813, "log10_eta": -2.9637268567972628, "log10_lambda": -4.123837135213151, "log10_min_child_weight": 2.7718567014297686, "log10_subsample": -0.9705501881444678, "max_depth": 4.0, "num_boost_round": 10.0}, "datetime": {"datetime": "2024-01-19 02:11:24", "elapsed": 7177.288844, "delta": 0.005768}}
{"target": -17.67700613180174, "params": {"gamma": 387.73521641075814, "log10_alpha": 0.10799563807376078, "log10_colsample_bytree": -0.8462777111522813, "log10_eta": -2.9637268567972628, "log10_lambda": -4.123837135213151, "log10_min_child_weight": 2.7718567014297686, "log10_subsample": -0.9705501881444678, "max_depth": 4.0, "num_boost_round": 11.0}, "datetime": {"datetime": "2024-01-19 02:11:24", "elapsed": 7177.294592, "delta": 0.005748}}
{"target": -17.67697462644429, "params": {"gamma": 387.73521641075814, "log10_alpha": 0.10799563807376078, "log10_colsample_bytree": -0.8462777111522813, "log10_eta": -2.9637268567972628, "log10_lambda": -4.123837135213151, "log10_min_child_weight": 2.7718567014297686, "log10_subsample": -0.9705501881444678, "max_depth": 4.0, "num_boost_round": 12.0}, "datetime": {"datetime": "2024-01-19 02:11:24", "elapsed": 7177.300341, "delta": 0.005749}}
{"target": -17.67693063849436, "params": {"gamma": 387.73521641075814, "log10_alpha": 0.10799563807376078, "log10_colsample_bytree": -0.8462777111522813, "log10_eta": -2.9637268567972628, "log10_lambda": -4.123837135213151, "log10_min_child_weight": 2.7718567014297686, "log10_subsample": -0.9705501881444678, "max_depth": 4.0, "num_boost_round": 13.0}, "datetime": {"datetime": "2024-01-19 02:11:24", "elapsed": 7177.30615, "delta": 0.005809}}
{"target": -17.677229645537935, "params": {"gamma": 379.14333234253115, "log10_alpha": -2.6127250946971525, "log10_colsample_bytree": -0.9421297474610184, "log10_eta": -3.6305329430418536, "log10_lambda": -0.7913728546358376, "log10_min_child_weight": 3.5291137499976943, "log10_subsample": -0.39953240830492265, "max_depth": 2.0, "num_boost_round": 0.0}, "datetime": {"datetime": "2024-01-19 02:12:51", "elapsed": 7263.926951, "delta": 86.620801}}
{"target": -17.67722736519227, "params": {"gamma": 379.14333234253115, "log10_alpha": -2.6127250946971525, "log10_colsample_bytree": -0.9421297474610184, "log10_eta": -3.6305329430418536, "log10_lambda": -0.7913728546358376, "log10_min_child_weight": 3.5291137499976943, "log10_subsample": -0.39953240830492265, "max_depth": 2.0, "num_boost_round": 1.0}, "datetime": {"datetime": "2024-01-19 02:12:51", "elapsed": 7263.93567, "delta": 0.008719}}
{"target": -17.677226197554695, "params": {"gamma": 379.14333234253115, "log10_alpha": -2.6127250946971525, "log10_colsample_bytree": -0.9421297474610184, "log10_eta": -3.6305329430418536, "log10_lambda": -0.7913728546358376, "log10_min_child_weight": 3.5291137499976943, "log10_subsample": -0.39953240830492265, "max_depth": 2.0, "num_boost_round": 2.0}, "datetime": {"datetime": "2024-01-19 02:12:51", "elapsed": 7263.943845, "delta": 0.008175}}
{"target": -17.67722358937919, "params": {"gamma": 379.14333234253115, "log10_alpha": -2.6127250946971525, "log10_colsample_bytree": -0.9421297474610184, "log10_eta": -3.6305329430418536, "log10_lambda": -0.7913728546358376, "log10_min_child_weight": 3.5291137499976943, "log10_subsample": -0.39953240830492265, "max_depth": 2.0, "num_boost_round": 3.0}, "datetime": {"datetime": "2024-01-19 02:12:51", "elapsed": 7263.951692, "delta": 0.007847}}
{"target": -17.677220800860855, "params": {"gamma": 379.14333234253115, "log10_alpha": -2.6127250946971525, "log10_colsample_bytree": -0.9421297474610184, "log10_eta": -3.6305329430418536, "log10_lambda": -0.7913728546358376, "log10_min_child_weight": 3.5291137499976943, "log10_subsample": -0.39953240830492265, "max_depth": 2.0, "num_boost_round": 4.0}, "datetime": {"datetime": "2024-01-19 02:12:51", "elapsed": 7263.959265, "delta": 0.007573}}
{"target": -17.67722244196433, "params": {"gamma": 379.14333234253115, "log10_alpha": -2.6127250946971525, "log10_colsample_bytree": -0.9421297474610184, "log10_eta": -3.6305329430418536, "log10_lambda": -0.7913728546358376, "log10_min_child_weight": 3.5291137499976943, "log10_subsample": -0.39953240830492265, "max_depth": 2.0, "num_boost_round": 5.0}, "datetime": {"datetime": "2024-01-19 02:12:51", "elapsed": 7263.967142, "delta": 0.007877}}
{"target": -17.677224439151395, "params": {"gamma": 379.14333234253115, "log10_alpha": -2.6127250946971525, "log10_colsample_bytree": -0.9421297474610184, "log10_eta": -3.6305329430418536, "log10_lambda": -0.7913728546358376, "log10_min_child_weight": 3.5291137499976943, "log10_subsample": -0.39953240830492265, "max_depth": 2.0, "num_boost_round": 6.0}, "datetime": {"datetime": "2024-01-19 02:12:51", "elapsed": 7263.974867, "delta": 0.007725}}
{"target": -17.67722215615087, "params": {"gamma": 379.14333234253115, "log10_alpha": -2.6127250946971525, "log10_colsample_bytree": -0.9421297474610184, "log10_eta": -3.6305329430418536, "log10_lambda": -0.7913728546358376, "log10_min_child_weight": 3.5291137499976943, "log10_subsample": -0.39953240830492265, "max_depth": 2.0, "num_boost_round": 7.0}, "datetime": {"datetime": "2024-01-19 02:12:51", "elapsed": 7263.982667, "delta": 0.0078}}
{"target": -17.677219484718236, "params": {"gamma": 379.14333234253115, "log10_alpha": -2.6127250946971525, "log10_colsample_bytree": -0.9421297474610184, "log10_eta": -3.6305329430418536, "log10_lambda": -0.7913728546358376, "log10_min_child_weight": 3.5291137499976943, "log10_subsample": -0.39953240830492265, "max_depth": 2.0, "num_boost_round": 8.0}, "datetime": {"datetime": "2024-01-19 02:12:51", "elapsed": 7263.990203, "delta": 0.007536}}
{"target": -17.67721818614992, "params": {"gamma": 379.14333234253115, "log10_alpha": -2.6127250946971525, "log10_colsample_bytree": -0.9421297474610184, "log10_eta": -3.6305329430418536, "log10_lambda": -0.7913728546358376, "log10_min_child_weight": 3.5291137499976943, "log10_subsample": -0.39953240830492265, "max_depth": 2.0, "num_boost_round": 9.0}, "datetime": {"datetime": "2024-01-19 02:12:51", "elapsed": 7263.99752, "delta": 0.007317}}
{"target": -17.676391439696207, "params": {"gamma": 379.59995643139774, "log10_alpha": -2.197780815414734, "log10_colsample_bytree": -0.6454337889962517, "log10_eta": -1.8887540368984235, "log10_lambda": -4.748405437359405, "log10_min_child_weight": 3.6120319781441754, "log10_subsample": -0.041567537523815035, "max_depth": 9.0, "num_boost_round": 0.0}, "datetime": {"datetime": "2024-01-19 02:14:04", "elapsed": 7337.601493, "delta": 73.603973}}
{"target": -17.675750251524708, "params": {"gamma": 379.59995643139774, "log10_alpha": -2.197780815414734, "log10_colsample_bytree": -0.6454337889962517, "log10_eta": -1.8887540368984235, "log10_lambda": -4.748405437359405, "log10_min_child_weight": 3.6120319781441754, "log10_subsample": -0.041567537523815035, "max_depth": 9.0, "num_boost_round": 1.0}, "datetime": {"datetime": "2024-01-19 02:14:04", "elapsed": 7337.610148, "delta": 0.008655}}
{"target": -17.67526417816724, "params": {"gamma": 379.59995643139774, "log10_alpha": -2.197780815414734, "log10_colsample_bytree": -0.6454337889962517, "log10_eta": -1.8887540368984235, "log10_lambda": -4.748405437359405, "log10_min_child_weight": 3.6120319781441754, "log10_subsample": -0.041567537523815035, "max_depth": 9.0, "num_boost_round": 2.0}, "datetime": {"datetime": "2024-01-19 02:14:04", "elapsed": 7337.618249, "delta": 0.008101}}
{"target": -17.675547773176703, "params": {"gamma": 379.59995643139774, "log10_alpha": -2.197780815414734, "log10_colsample_bytree": -0.6454337889962517, "log10_eta": -1.8887540368984235, "log10_lambda": -4.748405437359405, "log10_min_child_weight": 3.6120319781441754, "log10_subsample": -0.041567537523815035, "max_depth": 9.0, "num_boost_round": 3.0}, "datetime": {"datetime": "2024-01-19 02:14:04", "elapsed": 7337.625534, "delta": 0.007285}}
{"target": -17.67490919376719, "params": {"gamma": 379.59995643139774, "log10_alpha": -2.197780815414734, "log10_colsample_bytree": -0.6454337889962517, "log10_eta": -1.8887540368984235, "log10_lambda": -4.748405437359405, "log10_min_child_weight": 3.6120319781441754, "log10_subsample": -0.041567537523815035, "max_depth": 9.0, "num_boost_round": 4.0}, "datetime": {"datetime": "2024-01-19 02:14:04", "elapsed": 7337.63308, "delta": 0.007546}}
{"target": -17.674855828210227, "params": {"gamma": 379.59995643139774, "log10_alpha": -2.197780815414734, "log10_colsample_bytree": -0.6454337889962517, "log10_eta": -1.8887540368984235, "log10_lambda": -4.748405437359405, "log10_min_child_weight": 3.6120319781441754, "log10_subsample": -0.041567537523815035, "max_depth": 9.0, "num_boost_round": 5.0}, "datetime": {"datetime": "2024-01-19 02:14:04", "elapsed": 7337.640645, "delta": 0.007565}}
{"target": -17.674820640790216, "params": {"gamma": 379.59995643139774, "log10_alpha": -2.197780815414734, "log10_colsample_bytree": -0.6454337889962517, "log10_eta": -1.8887540368984235, "log10_lambda": -4.748405437359405, "log10_min_child_weight": 3.6120319781441754, "log10_subsample": -0.041567537523815035, "max_depth": 9.0, "num_boost_round": 6.0}, "datetime": {"datetime": "2024-01-19 02:14:04", "elapsed": 7337.64825, "delta": 0.007605}}
{"target": -17.67381358761928, "params": {"gamma": 379.59995643139774, "log10_alpha": -2.197780815414734, "log10_colsample_bytree": -0.6454337889962517, "log10_eta": -1.8887540368984235, "log10_lambda": -4.748405437359405, "log10_min_child_weight": 3.6120319781441754, "log10_subsample": -0.041567537523815035, "max_depth": 9.0, "num_boost_round": 7.0}, "datetime": {"datetime": "2024-01-19 02:14:05", "elapsed": 7337.655758, "delta": 0.007508}}
{"target": -17.67352477093051, "params": {"gamma": 379.59995643139774, "log10_alpha": -2.197780815414734, "log10_colsample_bytree": -0.6454337889962517, "log10_eta": -1.8887540368984235, "log10_lambda": -4.748405437359405, "log10_min_child_weight": 3.6120319781441754, "log10_subsample": -0.041567537523815035, "max_depth": 9.0, "num_boost_round": 8.0}, "datetime": {"datetime": "2024-01-19 02:14:05", "elapsed": 7337.663211, "delta": 0.007453}}
{"target": -17.673117614130405, "params": {"gamma": 379.59995643139774, "log10_alpha": -2.197780815414734, "log10_colsample_bytree": -0.6454337889962517, "log10_eta": -1.8887540368984235, "log10_lambda": -4.748405437359405, "log10_min_child_weight": 3.6120319781441754, "log10_subsample": -0.041567537523815035, "max_depth": 9.0, "num_boost_round": 9.0}, "datetime": {"datetime": "2024-01-19 02:14:05", "elapsed": 7337.670678, "delta": 0.007467}}
{"target": -17.672921382856522, "params": {"gamma": 379.59995643139774, "log10_alpha": -2.197780815414734, "log10_colsample_bytree": -0.6454337889962517, "log10_eta": -1.8887540368984235, "log10_lambda": -4.748405437359405, "log10_min_child_weight": 3.6120319781441754, "log10_subsample": -0.041567537523815035, "max_depth": 9.0, "num_boost_round": 10.0}, "datetime": {"datetime": "2024-01-19 02:14:05", "elapsed": 7337.678268, "delta": 0.00759}}
{"target": -17.73905525483181, "params": {"gamma": 385.0487878960581, "log10_alpha": -0.9416916611027855, "log10_colsample_bytree": -0.07451063574259909, "log10_eta": -0.4320328433826135, "log10_lambda": 0.10502067746945531, "log10_min_child_weight": 0.8508283764127594, "log10_subsample": -0.36767274949321005, "max_depth": 8.0, "num_boost_round": 0.0}, "datetime": {"datetime": "2024-01-19 02:15:28", "elapsed": 7420.875093, "delta": 83.196825}}
{"target": -17.810371348751428, "params": {"gamma": 385.0487878960581, "log10_alpha": -0.9416916611027855, "log10_colsample_bytree": -0.07451063574259909, "log10_eta": -0.4320328433826135, "log10_lambda": 0.10502067746945531, "log10_min_child_weight": 0.8508283764127594, "log10_subsample": -0.36767274949321005, "max_depth": 8.0, "num_boost_round": 1.0}, "datetime": {"datetime": "2024-01-19 02:15:28", "elapsed": 7420.882973, "delta": 0.00788}}
{"target": -18.215082291900167, "params": {"gamma": 385.0487878960581, "log10_alpha": -0.9416916611027855, "log10_colsample_bytree": -0.07451063574259909, "log10_eta": -0.4320328433826135, "log10_lambda": 0.10502067746945531, "log10_min_child_weight": 0.8508283764127594, "log10_subsample": -0.36767274949321005, "max_depth": 8.0, "num_boost_round": 2.0}, "datetime": {"datetime": "2024-01-19 02:15:28", "elapsed": 7420.890006, "delta": 0.007033}}
{"target": -18.27179002033611, "params": {"gamma": 385.0487878960581, "log10_alpha": -0.9416916611027855, "log10_colsample_bytree": -0.07451063574259909, "log10_eta": -0.4320328433826135, "log10_lambda": 0.10502067746945531, "log10_min_child_weight": 0.8508283764127594, "log10_subsample": -0.36767274949321005, "max_depth": 8.0, "num_boost_round": 3.0}, "datetime": {"datetime": "2024-01-19 02:15:28", "elapsed": 7420.896464, "delta": 0.006458}}
{"target": -18.28812406232662, "params": {"gamma": 385.0487878960581, "log10_alpha": -0.9416916611027855, "log10_colsample_bytree": -0.07451063574259909, "log10_eta": -0.4320328433826135, "log10_lambda": 0.10502067746945531, "log10_min_child_weight": 0.8508283764127594, "log10_subsample": -0.36767274949321005, "max_depth": 8.0, "num_boost_round": 4.0}, "datetime": {"datetime": "2024-01-19 02:15:28", "elapsed": 7420.902893, "delta": 0.006429}}
{"target": -18.358785323791995, "params": {"gamma": 385.0487878960581, "log10_alpha": -0.9416916611027855, "log10_colsample_bytree": -0.07451063574259909, "log10_eta": -0.4320328433826135, "log10_lambda": 0.10502067746945531, "log10_min_child_weight": 0.8508283764127594, "log10_subsample": -0.36767274949321005, "max_depth": 8.0, "num_boost_round": 5.0}, "datetime": {"datetime": "2024-01-19 02:15:28", "elapsed": 7420.909535, "delta": 0.006642}}
{"target": -18.432047793570106, "params": {"gamma": 385.0487878960581, "log10_alpha": -0.9416916611027855, "log10_colsample_bytree": -0.07451063574259909, "log10_eta": -0.4320328433826135, "log10_lambda": 0.10502067746945531, "log10_min_child_weight": 0.8508283764127594, "log10_subsample": -0.36767274949321005, "max_depth": 8.0, "num_boost_round": 6.0}, "datetime": {"datetime": "2024-01-19 02:15:28", "elapsed": 7420.916033, "delta": 0.006498}}
{"target": -18.45065864222643, "params": {"gamma": 385.0487878960581, "log10_alpha": -0.9416916611027855, "log10_colsample_bytree": -0.07451063574259909, "log10_eta": -0.4320328433826135, "log10_lambda": 0.10502067746945531, "log10_min_child_weight": 0.8508283764127594, "log10_subsample": -0.36767274949321005, "max_depth": 8.0, "num_boost_round": 7.0}, "datetime": {"datetime": "2024-01-19 02:15:28", "elapsed": 7420.922421, "delta": 0.006388}}
{"target": -18.519739715771667, "params": {"gamma": 385.0487878960581, "log10_alpha": -0.9416916611027855, "log10_colsample_bytree": -0.07451063574259909, "log10_eta": -0.4320328433826135, "log10_lambda": 0.10502067746945531, "log10_min_child_weight": 0.8508283764127594, "log10_subsample": -0.36767274949321005, "max_depth": 8.0, "num_boost_round": 8.0}, "datetime": {"datetime": "2024-01-19 02:15:28", "elapsed": 7420.928707, "delta": 0.006286}}
{"target": -18.567824820289037, "params": {"gamma": 385.0487878960581, "log10_alpha": -0.9416916611027855, "log10_colsample_bytree": -0.07451063574259909, "log10_eta": -0.4320328433826135, "log10_lambda": 0.10502067746945531, "log10_min_child_weight": 0.8508283764127594, "log10_subsample": -0.36767274949321005, "max_depth": 8.0, "num_boost_round": 9.0}, "datetime": {"datetime": "2024-01-19 02:15:28", "elapsed": 7420.934969, "delta": 0.006262}}
{"target": -18.592389470869847, "params": {"gamma": 385.0487878960581, "log10_alpha": -0.9416916611027855, "log10_colsample_bytree": -0.07451063574259909, "log10_eta": -0.4320328433826135, "log10_lambda": 0.10502067746945531, "log10_min_child_weight": 0.8508283764127594, "log10_subsample": -0.36767274949321005, "max_depth": 8.0, "num_boost_round": 10.0}, "datetime": {"datetime": "2024-01-19 02:15:28", "elapsed": 7420.941141, "delta": 0.006172}}
{"target": -18.74990325691254, "params": {"gamma": 385.0487878960581, "log10_alpha": -0.9416916611027855, "log10_colsample_bytree": -0.07451063574259909, "log10_eta": -0.4320328433826135, "log10_lambda": 0.10502067746945531, "log10_min_child_weight": 0.8508283764127594, "log10_subsample": -0.36767274949321005, "max_depth": 8.0, "num_boost_round": 11.0}, "datetime": {"datetime": "2024-01-19 02:15:28", "elapsed": 7420.947447, "delta": 0.006306}}
{"target": -18.81356806606, "params": {"gamma": 385.0487878960581, "log10_alpha": -0.9416916611027855, "log10_colsample_bytree": -0.07451063574259909, "log10_eta": -0.4320328433826135, "log10_lambda": 0.10502067746945531, "log10_min_child_weight": 0.8508283764127594, "log10_subsample": -0.36767274949321005, "max_depth": 8.0, "num_boost_round": 12.0}, "datetime": {"datetime": "2024-01-19 02:15:28", "elapsed": 7420.954048, "delta": 0.006601}}
{"target": -18.989228353321533, "params": {"gamma": 385.0487878960581, "log10_alpha": -0.9416916611027855, "log10_colsample_bytree": -0.07451063574259909, "log10_eta": -0.4320328433826135, "log10_lambda": 0.10502067746945531, "log10_min_child_weight": 0.8508283764127594, "log10_subsample": -0.36767274949321005, "max_depth": 8.0, "num_boost_round": 13.0}, "datetime": {"datetime": "2024-01-19 02:15:28", "elapsed": 7420.960441, "delta": 0.006393}}
{"target": -19.07206363693075, "params": {"gamma": 385.0487878960581, "log10_alpha": -0.9416916611027855, "log10_colsample_bytree": -0.07451063574259909, "log10_eta": -0.4320328433826135, "log10_lambda": 0.10502067746945531, "log10_min_child_weight": 0.8508283764127594, "log10_subsample": -0.36767274949321005, "max_depth": 8.0, "num_boost_round": 14.0}, "datetime": {"datetime": "2024-01-19 02:15:28", "elapsed": 7420.966693, "delta": 0.006252}}
{"target": -17.67720585609763, "params": {"gamma": 422.37747773138557, "log10_alpha": -4.214086219956529, "log10_colsample_bytree": -0.7780862575392792, "log10_eta": -3.2923519059842286, "log10_lambda": -3.5789087322374704, "log10_min_child_weight": 0.7408101104042719, "log10_subsample": -0.7928375498454648, "max_depth": 8.0, "num_boost_round": 0.0}, "datetime": {"datetime": "2024-01-19 02:16:37", "elapsed": 7489.746576, "delta": 68.779883}}
{"target": -17.677181558813587, "params": {"gamma": 422.37747773138557, "log10_alpha": -4.214086219956529, "log10_colsample_bytree": -0.7780862575392792, "log10_eta": -3.2923519059842286, "log10_lambda": -3.5789087322374704, "log10_min_child_weight": 0.7408101104042719, "log10_subsample": -0.7928375498454648, "max_depth": 8.0, "num_boost_round": 1.0}, "datetime": {"datetime": "2024-01-19 02:16:37", "elapsed": 7489.754562, "delta": 0.007986}}
{"target": -17.677186079229653, "params": {"gamma": 422.37747773138557, "log10_alpha": -4.214086219956529, "log10_colsample_bytree": -0.7780862575392792, "log10_eta": -3.2923519059842286, "log10_lambda": -3.5789087322374704, "log10_min_child_weight": 0.7408101104042719, "log10_subsample": -0.7928375498454648, "max_depth": 8.0, "num_boost_round": 2.0}, "datetime": {"datetime": "2024-01-19 02:16:37", "elapsed": 7489.763015, "delta": 0.008453}}
{"target": -17.67719312657716, "params": {"gamma": 422.37747773138557, "log10_alpha": -4.214086219956529, "log10_colsample_bytree": -0.7780862575392792, "log10_eta": -3.2923519059842286, "log10_lambda": -3.5789087322374704, "log10_min_child_weight": 0.7408101104042719, "log10_subsample": -0.7928375498454648, "max_depth": 8.0, "num_boost_round": 3.0}, "datetime": {"datetime": "2024-01-19 02:16:37", "elapsed": 7489.770413, "delta": 0.007398}}
{"target": -17.677141793655196, "params": {"gamma": 422.37747773138557, "log10_alpha": -4.214086219956529, "log10_colsample_bytree": -0.7780862575392792, "log10_eta": -3.2923519059842286, "log10_lambda": -3.5789087322374704, "log10_min_child_weight": 0.7408101104042719, "log10_subsample": -0.7928375498454648, "max_depth": 8.0, "num_boost_round": 4.0}, "datetime": {"datetime": "2024-01-19 02:16:37", "elapsed": 7489.777484, "delta": 0.007071}}
