{"target": -13.758526944878524, "params": {"gamma": 36.27806986960569, "log10_alpha": -4.300469414814337, "log10_colsample_bytree": -0.9201123982414116, "log10_eta": -3.834390844036556, "log10_lambda": 0.4056016225789483, "log10_min_child_weight": 0.2986208693275988, "log10_subsample": -0.1649973770943044, "max_depth": 2.0, "num_boost_round": 10.0}, "datetime": {"datetime": "2024-01-19 02:15:57", "elapsed": 7465.190359, "delta": 0.005888}}
{"target": -13.75852438991076, "params": {"gamma": 36.27806986960569, "log10_alpha": -4.300469414814337, "log10_colsample_bytree": -0.9201123982414116, "log10_eta": -3.834390844036556, "log10_lambda": 0.4056016225789483, "log10_min_child_weight": 0.2986208693275988, "log10_subsample": -0.1649973770943044, "max_depth": 2.0, "num_boost_round": 11.0}, "datetime": {"datetime": "2024-01-19 02:15:57", "elapsed": 7465.196097, "delta": 0.005738}}
{"target": -13.758522951357712, "params": {"gamma": 36.27806986960569, "log10_alpha": -4.300469414814337, "log10_colsample_bytree": -0.9201123982414116, "log10_eta": -3.834390844036556, "log10_lambda": 0.4056016225789483, "log10_min_child_weight": 0.2986208693275988, "log10_subsample": -0.1649973770943044, "max_depth": 2.0, "num_boost_round": 12.0}, "datetime": {"datetime": "2024-01-19 02:15:57", "elapsed": 7465.201726, "delta": 0.005629}}
{"target": -13.75852008625582, "params": {"gamma": 36.27806986960569, "log10_alpha": -4.300469414814337, "log10_colsample_bytree": -0.9201123982414116, "log10_eta": -3.834390844036556, "log10_lambda": 0.4056016225789483, "log10_min_child_weight": 0.2986208693275988, "log10_subsample": -0.1649973770943044, "max_depth": 2.0, "num_boost_round": 13.0}, "datetime": {"datetime": "2024-01-19 02:15:57", "elapsed": 7465.207475, "delta": 0.005749}}
{"target": -13.758519644786318, "params": {"gamma": 36.27806986960569, "log10_alpha": -4.300469414814337, "log10_colsample_bytree": -0.9201123982414116, "log10_eta": -3.834390844036556, "log10_lambda": 0.4056016225789483, "log10_min_child_weight": 0.2986208693275988, "log10_subsample": -0.1649973770943044, "max_depth": 2.0, "num_boost_round": 14.0}, "datetime": {"datetime": "2024-01-19 02:15:57", "elapsed": 7465.213131, "delta": 0.005656}}
{"target": -13.758517870709362, "params": {"gamma": 36.27806986960569, "log10_alpha": -4.300469414814337, "log10_colsample_bytree": -0.9201123982414116, "log10_eta": -3.834390844036556, "log10_lambda": 0.4056016225789483, "log10_min_child_weight": 0.2986208693275988, "log10_subsample": -0.1649973770943044, "max_depth": 2.0, "num_boost_round": 15.0}, "datetime": {"datetime": "2024-01-19 02:15:57", "elapsed": 7465.219006, "delta": 0.005875}}
{"target": -13.758517032008507, "params": {"gamma": 36.27806986960569, "log10_alpha": -4.300469414814337, "log10_colsample_bytree": -0.9201123982414116, "log10_eta": -3.834390844036556, "log10_lambda": 0.4056016225789483, "log10_min_child_weight": 0.2986208693275988, "log10_subsample": -0.1649973770943044, "max_depth": 2.0, "num_boost_round": 16.0}, "datetime": {"datetime": "2024-01-19 02:15:57", "elapsed": 7465.224832, "delta": 0.005826}}
{"target": -13.758514878648217, "params": {"gamma": 36.27806986960569, "log10_alpha": -4.300469414814337, "log10_colsample_bytree": -0.9201123982414116, "log10_eta": -3.834390844036556, "log10_lambda": 0.4056016225789483, "log10_min_child_weight": 0.2986208693275988, "log10_subsample": -0.1649973770943044, "max_depth": 2.0, "num_boost_round": 17.0}, "datetime": {"datetime": "2024-01-19 02:15:57", "elapsed": 7465.230477, "delta": 0.005645}}
{"target": -13.758513349362596, "params": {"gamma": 36.27806986960569, "log10_alpha": -4.300469414814337, "log10_colsample_bytree": -0.9201123982414116, "log10_eta": -3.834390844036556, "log10_lambda": 0.4056016225789483, "log10_min_child_weight": 0.2986208693275988, "log10_subsample": -0.1649973770943044, "max_depth": 2.0, "num_boost_round": 18.0}, "datetime": {"datetime": "2024-01-19 02:15:57", "elapsed": 7465.235988, "delta": 0.005511}}
{"target": -13.758512750746865, "params": {"gamma": 36.27806986960569, "log10_alpha": -4.300469414814337, "log10_colsample_bytree": -0.9201123982414116, "log10_eta": -3.834390844036556, "log10_lambda": 0.4056016225789483, "log10_min_child_weight": 0.2986208693275988, "log10_subsample": -0.1649973770943044, "max_depth": 2.0, "num_boost_round": 19.0}, "datetime": {"datetime": "2024-01-19 02:15:57", "elapsed": 7465.241524, "delta": 0.005536}}
{"target": -13.758510890933515, "params": {"gamma": 36.27806986960569, "log10_alpha": -4.300469414814337, "log10_colsample_bytree": -0.9201123982414116, "log10_eta": -3.834390844036556, "log10_lambda": 0.4056016225789483, "log10_min_child_weight": 0.2986208693275988, "log10_subsample": -0.1649973770943044, "max_depth": 2.0, "num_boost_round": 20.0}, "datetime": {"datetime": "2024-01-19 02:15:57", "elapsed": 7465.247177, "delta": 0.005653}}
{"target": -13.758538320988626, "params": {"gamma": 22.557534398526812, "log10_alpha": 0.9852536731587094, "log10_colsample_bytree": -0.12940858736433658, "log10_eta": -3.9072154350887347, "log10_lambda": 0.2696456501040947, "log10_min_child_weight": 2.169582508569648, "log10_subsample": -0.26243845217613204, "max_depth": 8.0, "num_boost_round": 0.0}, "datetime": {"datetime": "2024-01-19 02:17:30", "elapsed": 7558.325817, "delta": 93.07864}}
{"target": -13.758538807743966, "params": {"gamma": 22.557534398526812, "log10_alpha": 0.9852536731587094, "log10_colsample_bytree": -0.12940858736433658, "log10_eta": -3.9072154350887347, "log10_lambda": 0.2696456501040947, "log10_min_child_weight": 2.169582508569648, "log10_subsample": -0.26243845217613204, "max_depth": 8.0, "num_boost_round": 1.0}, "datetime": {"datetime": "2024-01-19 02:17:30", "elapsed": 7558.332063, "delta": 0.006246}}
{"target": -13.75853755611603, "params": {"gamma": 22.557534398526812, "log10_alpha": 0.9852536731587094, "log10_colsample_bytree": -0.12940858736433658, "log10_eta": -3.9072154350887347, "log10_lambda": 0.2696456501040947, "log10_min_child_weight": 2.169582508569648, "log10_subsample": -0.26243845217613204, "max_depth": 8.0, "num_boost_round": 2.0}, "datetime": {"datetime": "2024-01-19 02:17:30", "elapsed": 7558.337833, "delta": 0.00577}}
{"target": -13.758534023588393, "params": {"gamma": 22.557534398526812, "log10_alpha": 0.9852536731587094, "log10_colsample_bytree": -0.12940858736433658, "log10_eta": -3.9072154350887347, "log10_lambda": 0.2696456501040947, "log10_min_child_weight": 2.169582508569648, "log10_subsample": -0.26243845217613204, "max_depth": 8.0, "num_boost_round": 3.0}, "datetime": {"datetime": "2024-01-19 02:17:30", "elapsed": 7558.343389, "delta": 0.005556}}
{"target": -13.758527204921357, "params": {"gamma": 22.557534398526812, "log10_alpha": 0.9852536731587094, "log10_colsample_bytree": -0.12940858736433658, "log10_eta": -3.9072154350887347, "log10_lambda": 0.2696456501040947, "log10_min_child_weight": 2.169582508569648, "log10_subsample": -0.26243845217613204, "max_depth": 8.0, "num_boost_round": 4.0}, "datetime": {"datetime": "2024-01-19 02:17:30", "elapsed": 7558.349089, "delta": 0.0057}}
{"target": -13.758527076890696, "params": {"gamma": 22.557534398526812, "log10_alpha": 0.9852536731587094, "log10_colsample_bytree": -0.12940858736433658, "log10_eta": -3.9072154350887347, "log10_lambda": 0.2696456501040947, "log10_min_child_weight": 2.169582508569648, "log10_subsample": -0.26243845217613204, "max_depth": 8.0, "num_boost_round": 5.0}, "datetime": {"datetime": "2024-01-19 02:17:30", "elapsed": 7558.354772, "delta": 0.005683}}
{"target": -13.758527064429861, "params": {"gamma": 22.557534398526812, "log10_alpha": 0.9852536731587094, "log10_colsample_bytree": -0.12940858736433658, "log10_eta": -3.9072154350887347, "log10_lambda": 0.2696456501040947, "log10_min_child_weight": 2.169582508569648, "log10_subsample": -0.26243845217613204, "max_depth": 8.0, "num_boost_round": 6.0}, "datetime": {"datetime": "2024-01-19 02:17:30", "elapsed": 7558.360484, "delta": 0.005712}}
{"target": -13.75852753708454, "params": {"gamma": 22.557534398526812, "log10_alpha": 0.9852536731587094, "log10_colsample_bytree": -0.12940858736433658, "log10_eta": -3.9072154350887347, "log10_lambda": 0.2696456501040947, "log10_min_child_weight": 2.169582508569648, "log10_subsample": -0.26243845217613204, "max_depth": 8.0, "num_boost_round": 7.0}, "datetime": {"datetime": "2024-01-19 02:17:30", "elapsed": 7558.36619, "delta": 0.005706}}
{"target": -13.75852609313697, "params": {"gamma": 22.557534398526812, "log10_alpha": 0.9852536731587094, "log10_colsample_bytree": -0.12940858736433658, "log10_eta": -3.9072154350887347, "log10_lambda": 0.2696456501040947, "log10_min_child_weight": 2.169582508569648, "log10_subsample": -0.26243845217613204, "max_depth": 8.0, "num_boost_round": 8.0}, "datetime": {"datetime": "2024-01-19 02:17:30", "elapsed": 7558.371967, "delta": 0.005777}}
{"target": -13.758519437400588, "params": {"gamma": 22.557534398526812, "log10_alpha": 0.9852536731587094, "log10_colsample_bytree": -0.12940858736433658, "log10_eta": -3.9072154350887347, "log10_lambda": 0.2696456501040947, "log10_min_child_weight": 2.169582508569648, "log10_subsample": -0.26243845217613204, "max_depth": 8.0, "num_boost_round": 9.0}, "datetime": {"datetime": "2024-01-19 02:17:30", "elapsed": 7558.377906, "delta": 0.005939}}
{"target": -13.758520642983331, "params": {"gamma": 22.557534398526812, "log10_alpha": 0.9852536731587094, "log10_colsample_bytree": -0.12940858736433658, "log10_eta": -3.9072154350887347, "log10_lambda": 0.2696456501040947, "log10_min_child_weight": 2.169582508569648, "log10_subsample": -0.26243845217613204, "max_depth": 8.0, "num_boost_round": 10.0}, "datetime": {"datetime": "2024-01-19 02:17:30", "elapsed": 7558.383884, "delta": 0.005978}}
{"target": -13.758514080128672, "params": {"gamma": 22.557534398526812, "log10_alpha": 0.9852536731587094, "log10_colsample_bytree": -0.12940858736433658, "log10_eta": -3.9072154350887347, "log10_lambda": 0.2696456501040947, "log10_min_child_weight": 2.169582508569648, "log10_subsample": -0.26243845217613204, "max_depth": 8.0, "num_boost_round": 11.0}, "datetime": {"datetime": "2024-01-19 02:17:30", "elapsed": 7558.389984, "delta": 0.0061}}
{"target": -13.758513285977283, "params": {"gamma": 22.557534398526812, "log10_alpha": 0.9852536731587094, "log10_colsample_bytree": -0.12940858736433658, "log10_eta": -3.9072154350887347, "log10_lambda": 0.2696456501040947, "log10_min_child_weight": 2.169582508569648, "log10_subsample": -0.26243845217613204, "max_depth": 8.0, "num_boost_round": 12.0}, "datetime": {"datetime": "2024-01-19 02:17:30", "elapsed": 7558.395766, "delta": 0.005782}}
{"target": -13.75851332192395, "params": {"gamma": 22.557534398526812, "log10_alpha": 0.9852536731587094, "log10_colsample_bytree": -0.12940858736433658, "log10_eta": -3.9072154350887347, "log10_lambda": 0.2696456501040947, "log10_min_child_weight": 2.169582508569648, "log10_subsample": -0.26243845217613204, "max_depth": 8.0, "num_boost_round": 13.0}, "datetime": {"datetime": "2024-01-19 02:17:30", "elapsed": 7558.40153, "delta": 0.005764}}
{"target": -13.758514038180213, "params": {"gamma": 22.557534398526812, "log10_alpha": 0.9852536731587094, "log10_colsample_bytree": -0.12940858736433658, "log10_eta": -3.9072154350887347, "log10_lambda": 0.2696456501040947, "log10_min_child_weight": 2.169582508569648, "log10_subsample": -0.26243845217613204, "max_depth": 8.0, "num_boost_round": 14.0}, "datetime": {"datetime": "2024-01-19 02:17:30", "elapsed": 7558.40722, "delta": 0.00569}}
{"target": -13.758516129950598, "params": {"gamma": 22.557534398526812, "log10_alpha": 0.9852536731587094, "log10_colsample_bytree": -0.12940858736433658, "log10_eta": -3.9072154350887347, "log10_lambda": 0.2696456501040947, "log10_min_child_weight": 2.169582508569648, "log10_subsample": -0.26243845217613204, "max_depth": 8.0, "num_boost_round": 15.0}, "datetime": {"datetime": "2024-01-19 02:17:30", "elapsed": 7558.412883, "delta": 0.005663}}
{"target": -13.758510597713382, "params": {"gamma": 22.557534398526812, "log10_alpha": 0.9852536731587094, "log10_colsample_bytree": -0.12940858736433658, "log10_eta": -3.9072154350887347, "log10_lambda": 0.2696456501040947, "log10_min_child_weight": 2.169582508569648, "log10_subsample": -0.26243845217613204, "max_depth": 8.0, "num_boost_round": 16.0}, "datetime": {"datetime": "2024-01-19 02:17:30", "elapsed": 7558.418525, "delta": 0.005642}}
{"target": -13.758511451649548, "params": {"gamma": 22.557534398526812, "log10_alpha": 0.9852536731587094, "log10_colsample_bytree": -0.12940858736433658, "log10_eta": -3.9072154350887347, "log10_lambda": 0.2696456501040947, "log10_min_child_weight": 2.169582508569648, "log10_subsample": -0.26243845217613204, "max_depth": 8.0, "num_boost_round": 17.0}, "datetime": {"datetime": "2024-01-19 02:17:30", "elapsed": 7558.42408, "delta": 0.005555}}
{"target": -13.75851597318837, "params": {"gamma": 22.557534398526812, "log10_alpha": 0.9852536731587094, "log10_colsample_bytree": -0.12940858736433658, "log10_eta": -3.9072154350887347, "log10_lambda": 0.2696456501040947, "log10_min_child_weight": 2.169582508569648, "log10_subsample": -0.26243845217613204, "max_depth": 8.0, "num_boost_round": 18.0}, "datetime": {"datetime": "2024-01-19 02:17:30", "elapsed": 7558.429929, "delta": 0.005849}}
{"target": -13.758515829737526, "params": {"gamma": 22.557534398526812, "log10_alpha": 0.9852536731587094, "log10_colsample_bytree": -0.12940858736433658, "log10_eta": -3.9072154350887347, "log10_lambda": 0.2696456501040947, "log10_min_child_weight": 2.169582508569648, "log10_subsample": -0.26243845217613204, "max_depth": 8.0, "num_boost_round": 19.0}, "datetime": {"datetime": "2024-01-19 02:17:30", "elapsed": 7558.435607, "delta": 0.005678}}
{"target": -13.758516673562696, "params": {"gamma": 22.557534398526812, "log10_alpha": 0.9852536731587094, "log10_colsample_bytree": -0.12940858736433658, "log10_eta": -3.9072154350887347, "log10_lambda": 0.2696456501040947, "log10_min_child_weight": 2.169582508569648, "log10_subsample": -0.26243845217613204, "max_depth": 8.0, "num_boost_round": 20.0}, "datetime": {"datetime": "2024-01-19 02:17:30", "elapsed": 7558.441343, "delta": 0.005736}}
{"target": -13.758516078127428, "params": {"gamma": 22.557534398526812, "log10_alpha": 0.9852536731587094, "log10_colsample_bytree": -0.12940858736433658, "log10_eta": -3.9072154350887347, "log10_lambda": 0.2696456501040947, "log10_min_child_weight": 2.169582508569648, "log10_subsample": -0.26243845217613204, "max_depth": 8.0, "num_boost_round": 21.0}, "datetime": {"datetime": "2024-01-19 02:17:30", "elapsed": 7558.447338, "delta": 0.005995}}
{"target": -13.758509912325763, "params": {"gamma": 22.557534398526812, "log10_alpha": 0.9852536731587094, "log10_colsample_bytree": -0.12940858736433658, "log10_eta": -3.9072154350887347, "log10_lambda": 0.2696456501040947, "log10_min_child_weight": 2.169582508569648, "log10_subsample": -0.26243845217613204, "max_depth": 8.0, "num_boost_round": 22.0}, "datetime": {"datetime": "2024-01-19 02:17:30", "elapsed": 7558.574046, "delta": 0.126708}}
{"target": -13.75851097196208, "params": {"gamma": 22.557534398526812, "log10_alpha": 0.9852536731587094, "log10_colsample_bytree": -0.12940858736433658, "log10_eta": -3.9072154350887347, "log10_lambda": 0.2696456501040947, "log10_min_child_weight": 2.169582508569648, "log10_subsample": -0.26243845217613204, "max_depth": 8.0, "num_boost_round": 23.0}, "datetime": {"datetime": "2024-01-19 02:17:30", "elapsed": 7558.580566, "delta": 0.00652}}
{"target": -13.75850890241465, "params": {"gamma": 22.557534398526812, "log10_alpha": 0.9852536731587094, "log10_colsample_bytree": -0.12940858736433658, "log10_eta": -3.9072154350887347, "log10_lambda": 0.2696456501040947, "log10_min_child_weight": 2.169582508569648, "log10_subsample": -0.26243845217613204, "max_depth": 8.0, "num_boost_round": 24.0}, "datetime": {"datetime": "2024-01-19 02:17:30", "elapsed": 7558.586713, "delta": 0.006147}}
{"target": -13.758504907069971, "params": {"gamma": 22.557534398526812, "log10_alpha": 0.9852536731587094, "log10_colsample_bytree": -0.12940858736433658, "log10_eta": -3.9072154350887347, "log10_lambda": 0.2696456501040947, "log10_min_child_weight": 2.169582508569648, "log10_subsample": -0.26243845217613204, "max_depth": 8.0, "num_boost_round": 25.0}, "datetime": {"datetime": "2024-01-19 02:17:30", "elapsed": 7558.592434, "delta": 0.005721}}
{"target": -13.758500164918313, "params": {"gamma": 22.557534398526812, "log10_alpha": 0.9852536731587094, "log10_colsample_bytree": -0.12940858736433658, "log10_eta": -3.9072154350887347, "log10_lambda": 0.2696456501040947, "log10_min_child_weight": 2.169582508569648, "log10_subsample": -0.26243845217613204, "max_depth": 8.0, "num_boost_round": 26.0}, "datetime": {"datetime": "2024-01-19 02:17:30", "elapsed": 7558.598102, "delta": 0.005668}}
{"target": -13.75849883991355, "params": {"gamma": 22.557534398526812, "log10_alpha": 0.9852536731587094, "log10_colsample_bytree": -0.12940858736433658, "log10_eta": -3.9072154350887347, "log10_lambda": 0.2696456501040947, "log10_min_child_weight": 2.169582508569648, "log10_subsample": -0.26243845217613204, "max_depth": 8.0, "num_boost_round": 27.0}, "datetime": {"datetime": "2024-01-19 02:17:30", "elapsed": 7558.603809, "delta": 0.005707}}
{"target": -13.758493553135517, "params": {"gamma": 22.557534398526812, "log10_alpha": 0.9852536731587094, "log10_colsample_bytree": -0.12940858736433658, "log10_eta": -3.9072154350887347, "log10_lambda": 0.2696456501040947, "log10_min_child_weight": 2.169582508569648, "log10_subsample": -0.26243845217613204, "max_depth": 8.0, "num_boost_round": 28.0}, "datetime": {"datetime": "2024-01-19 02:17:30", "elapsed": 7558.609506, "delta": 0.005697}}
{"target": -13.758487992877066, "params": {"gamma": 22.557534398526812, "log10_alpha": 0.9852536731587094, "log10_colsample_bytree": -0.12940858736433658, "log10_eta": -3.9072154350887347, "log10_lambda": 0.2696456501040947, "log10_min_child_weight": 2.169582508569648, "log10_subsample": -0.26243845217613204, "max_depth": 8.0, "num_boost_round": 29.0}, "datetime": {"datetime": "2024-01-19 02:17:30", "elapsed": 7558.615264, "delta": 0.005758}}
{"target": -13.758485837952302, "params": {"gamma": 22.557534398526812, "log10_alpha": 0.9852536731587094, "log10_colsample_bytree": -0.12940858736433658, "log10_eta": -3.9072154350887347, "log10_lambda": 0.2696456501040947, "log10_min_child_weight": 2.169582508569648, "log10_subsample": -0.26243845217613204, "max_depth": 8.0, "num_boost_round": 30.0}, "datetime": {"datetime": "2024-01-19 02:17:30", "elapsed": 7558.621088, "delta": 0.005824}}
{"target": -13.758476642593164, "params": {"gamma": 22.557534398526812, "log10_alpha": 0.9852536731587094, "log10_colsample_bytree": -0.12940858736433658, "log10_eta": -3.9072154350887347, "log10_lambda": 0.2696456501040947, "log10_min_child_weight": 2.169582508569648, "log10_subsample": -0.26243845217613204, "max_depth": 8.0, "num_boost_round": 31.0}, "datetime": {"datetime": "2024-01-19 02:17:30", "elapsed": 7558.626868, "delta": 0.00578}}
{"target": -13.758474054934354, "params": {"gamma": 22.557534398526812, "log10_alpha": 0.9852536731587094, "log10_colsample_bytree": -0.12940858736433658, "log10_eta": -3.9072154350887347, "log10_lambda": 0.2696456501040947, "log10_min_child_weight": 2.169582508569648, "log10_subsample": -0.26243845217613204, "max_depth": 8.0, "num_boost_round": 32.0}, "datetime": {"datetime": "2024-01-19 02:17:30", "elapsed": 7558.632698, "delta": 0.00583}}
{"target": -13.758474499508788, "params": {"gamma": 22.557534398526812, "log10_alpha": 0.9852536731587094, "log10_colsample_bytree": -0.12940858736433658, "log10_eta": -3.9072154350887347, "log10_lambda": 0.2696456501040947, "log10_min_child_weight": 2.169582508569648, "log10_subsample": -0.26243845217613204, "max_depth": 8.0, "num_boost_round": 33.0}, "datetime": {"datetime": "2024-01-19 02:17:30", "elapsed": 7558.638694, "delta": 0.005996}}
{"target": -13.758467507948618, "params": {"gamma": 22.557534398526812, "log10_alpha": 0.9852536731587094, "log10_colsample_bytree": -0.12940858736433658, "log10_eta": -3.9072154350887347, "log10_lambda": 0.2696456501040947, "log10_min_child_weight": 2.169582508569648, "log10_subsample": -0.26243845217613204, "max_depth": 8.0, "num_boost_round": 34.0}, "datetime": {"datetime": "2024-01-19 02:17:30", "elapsed": 7558.64482, "delta": 0.006126}}
{"target": -13.758462030266669, "params": {"gamma": 22.557534398526812, "log10_alpha": 0.9852536731587094, "log10_colsample_bytree": -0.12940858736433658, "log10_eta": -3.9072154350887347, "log10_lambda": 0.2696456501040947, "log10_min_child_weight": 2.169582508569648, "log10_subsample": -0.26243845217613204, "max_depth": 8.0, "num_boost_round": 35.0}, "datetime": {"datetime": "2024-01-19 02:17:30", "elapsed": 7558.650535, "delta": 0.005715}}
{"target": -13.758460786029035, "params": {"gamma": 22.557534398526812, "log10_alpha": 0.9852536731587094, "log10_colsample_bytree": -0.12940858736433658, "log10_eta": -3.9072154350887347, "log10_lambda": 0.2696456501040947, "log10_min_child_weight": 2.169582508569648, "log10_subsample": -0.26243845217613204, "max_depth": 8.0, "num_boost_round": 36.0}, "datetime": {"datetime": "2024-01-19 02:17:30", "elapsed": 7558.656311, "delta": 0.005776}}
{"target": -13.758457701903604, "params": {"gamma": 22.557534398526812, "log10_alpha": 0.9852536731587094, "log10_colsample_bytree": -0.12940858736433658, "log10_eta": -3.9072154350887347, "log10_lambda": 0.2696456501040947, "log10_min_child_weight": 2.169582508569648, "log10_subsample": -0.26243845217613204, "max_depth": 8.0, "num_boost_round": 37.0}, "datetime": {"datetime": "2024-01-19 02:17:30", "elapsed": 7558.66202, "delta": 0.005709}}
