{"target": -13.758488391405828, "params": {"gamma": 571.0378853169398, "log10_alpha": 1.0, "log10_colsample_bytree": -1.0, "log10_eta": -3.5467297828037383, "log10_lambda": -2.0965245289824237, "log10_min_child_weight": 0.0, "log10_subsample": -0.3489452107945286, "max_depth": 10.0, "num_boost_round": 7.0}, "datetime": {"datetime": "2024-01-19 01:50:39", "elapsed": 5971.024228, "delta": 0.005832}}
{"target": -13.758484016082491, "params": {"gamma": 571.0378853169398, "log10_alpha": 1.0, "log10_colsample_bytree": -1.0, "log10_eta": -3.5467297828037383, "log10_lambda": -2.0965245289824237, "log10_min_child_weight": 0.0, "log10_subsample": -0.3489452107945286, "max_depth": 10.0, "num_boost_round": 8.0}, "datetime": {"datetime": "2024-01-19 01:50:39", "elapsed": 5971.030257, "delta": 0.006029}}
{"target": -13.758472210741894, "params": {"gamma": 571.0378853169398, "log10_alpha": 1.0, "log10_colsample_bytree": -1.0, "log10_eta": -3.5467297828037383, "log10_lambda": -2.0965245289824237, "log10_min_child_weight": 0.0, "log10_subsample": -0.3489452107945286, "max_depth": 10.0, "num_boost_round": 9.0}, "datetime": {"datetime": "2024-01-19 01:50:39", "elapsed": 5971.035982, "delta": 0.005725}}
{"target": -13.758468125551428, "params": {"gamma": 571.0378853169398, "log10_alpha": 1.0, "log10_colsample_bytree": -1.0, "log10_eta": -3.5467297828037383, "log10_lambda": -2.0965245289824237, "log10_min_child_weight": 0.0, "log10_subsample": -0.3489452107945286, "max_depth": 10.0, "num_boost_round": 10.0}, "datetime": {"datetime": "2024-01-19 01:50:39", "elapsed": 5971.041755, "delta": 0.005773}}
{"target": -13.75847385100303, "params": {"gamma": 571.0378853169398, "log10_alpha": 1.0, "log10_colsample_bytree": -1.0, "log10_eta": -3.5467297828037383, "log10_lambda": -2.0965245289824237, "log10_min_child_weight": 0.0, "log10_subsample": -0.3489452107945286, "max_depth": 10.0, "num_boost_round": 11.0}, "datetime": {"datetime": "2024-01-19 01:50:39", "elapsed": 5971.047809, "delta": 0.006054}}
{"target": -13.758464234772733, "params": {"gamma": 571.0378853169398, "log10_alpha": 1.0, "log10_colsample_bytree": -1.0, "log10_eta": -3.5467297828037383, "log10_lambda": -2.0965245289824237, "log10_min_child_weight": 0.0, "log10_subsample": -0.3489452107945286, "max_depth": 10.0, "num_boost_round": 12.0}, "datetime": {"datetime": "2024-01-19 01:50:39", "elapsed": 5971.053911, "delta": 0.006102}}
{"target": -13.75845593514782, "params": {"gamma": 571.0378853169398, "log10_alpha": 1.0, "log10_colsample_bytree": -1.0, "log10_eta": -3.5467297828037383, "log10_lambda": -2.0965245289824237, "log10_min_child_weight": 0.0, "log10_subsample": -0.3489452107945286, "max_depth": 10.0, "num_boost_round": 13.0}, "datetime": {"datetime": "2024-01-19 01:50:39", "elapsed": 5971.059865, "delta": 0.005954}}
{"target": -13.758437345368703, "params": {"gamma": 571.0378853169398, "log10_alpha": 1.0, "log10_colsample_bytree": -1.0, "log10_eta": -3.5467297828037383, "log10_lambda": -2.0965245289824237, "log10_min_child_weight": 0.0, "log10_subsample": -0.3489452107945286, "max_depth": 10.0, "num_boost_round": 14.0}, "datetime": {"datetime": "2024-01-19 01:50:39", "elapsed": 5971.065972, "delta": 0.006107}}
{"target": -13.75843656624459, "params": {"gamma": 571.0378853169398, "log10_alpha": 1.0, "log10_colsample_bytree": -1.0, "log10_eta": -3.5467297828037383, "log10_lambda": -2.0965245289824237, "log10_min_child_weight": 0.0, "log10_subsample": -0.3489452107945286, "max_depth": 10.0, "num_boost_round": 15.0}, "datetime": {"datetime": "2024-01-19 01:50:39", "elapsed": 5971.072195, "delta": 0.006223}}
{"target": -13.758431450091837, "params": {"gamma": 571.0378853169398, "log10_alpha": 1.0, "log10_colsample_bytree": -1.0, "log10_eta": -3.5467297828037383, "log10_lambda": -2.0965245289824237, "log10_min_child_weight": 0.0, "log10_subsample": -0.3489452107945286, "max_depth": 10.0, "num_boost_round": 16.0}, "datetime": {"datetime": "2024-01-19 01:50:39", "elapsed": 5971.077947, "delta": 0.005752}}
{"target": -13.758423290215054, "params": {"gamma": 571.0378853169398, "log10_alpha": 1.0, "log10_colsample_bytree": -1.0, "log10_eta": -3.5467297828037383, "log10_lambda": -2.0965245289824237, "log10_min_child_weight": 0.0, "log10_subsample": -0.3489452107945286, "max_depth": 10.0, "num_boost_round": 17.0}, "datetime": {"datetime": "2024-01-19 01:50:39", "elapsed": 5971.083788, "delta": 0.005841}}
{"target": -13.758410679550272, "params": {"gamma": 571.0378853169398, "log10_alpha": 1.0, "log10_colsample_bytree": -1.0, "log10_eta": -3.5467297828037383, "log10_lambda": -2.0965245289824237, "log10_min_child_weight": 0.0, "log10_subsample": -0.3489452107945286, "max_depth": 10.0, "num_boost_round": 18.0}, "datetime": {"datetime": "2024-01-19 01:50:39", "elapsed": 5971.089828, "delta": 0.00604}}
{"target": -13.758401000281761, "params": {"gamma": 571.0378853169398, "log10_alpha": 1.0, "log10_colsample_bytree": -1.0, "log10_eta": -3.5467297828037383, "log10_lambda": -2.0965245289824237, "log10_min_child_weight": 0.0, "log10_subsample": -0.3489452107945286, "max_depth": 10.0, "num_boost_round": 19.0}, "datetime": {"datetime": "2024-01-19 01:50:39", "elapsed": 5971.095868, "delta": 0.00604}}
{"target": -13.758398143610966, "params": {"gamma": 571.0378853169398, "log10_alpha": 1.0, "log10_colsample_bytree": -1.0, "log10_eta": -3.5467297828037383, "log10_lambda": -2.0965245289824237, "log10_min_child_weight": 0.0, "log10_subsample": -0.3489452107945286, "max_depth": 10.0, "num_boost_round": 20.0}, "datetime": {"datetime": "2024-01-19 01:50:39", "elapsed": 5971.101868, "delta": 0.006}}
{"target": -13.75840159652295, "params": {"gamma": 571.0378853169398, "log10_alpha": 1.0, "log10_colsample_bytree": -1.0, "log10_eta": -3.5467297828037383, "log10_lambda": -2.0965245289824237, "log10_min_child_weight": 0.0, "log10_subsample": -0.3489452107945286, "max_depth": 10.0, "num_boost_round": 21.0}, "datetime": {"datetime": "2024-01-19 01:50:39", "elapsed": 5971.107659, "delta": 0.005791}}
{"target": -13.758381537039963, "params": {"gamma": 571.0378853169398, "log10_alpha": 1.0, "log10_colsample_bytree": -1.0, "log10_eta": -3.5467297828037383, "log10_lambda": -2.0965245289824237, "log10_min_child_weight": 0.0, "log10_subsample": -0.3489452107945286, "max_depth": 10.0, "num_boost_round": 22.0}, "datetime": {"datetime": "2024-01-19 01:50:39", "elapsed": 5971.113545, "delta": 0.005886}}
{"target": -13.758383423606102, "params": {"gamma": 571.0378853169398, "log10_alpha": 1.0, "log10_colsample_bytree": -1.0, "log10_eta": -3.5467297828037383, "log10_lambda": -2.0965245289824237, "log10_min_child_weight": 0.0, "log10_subsample": -0.3489452107945286, "max_depth": 10.0, "num_boost_round": 23.0}, "datetime": {"datetime": "2024-01-19 01:50:39", "elapsed": 5971.119414, "delta": 0.005869}}
{"target": -13.758382321868687, "params": {"gamma": 571.0378853169398, "log10_alpha": 1.0, "log10_colsample_bytree": -1.0, "log10_eta": -3.5467297828037383, "log10_lambda": -2.0965245289824237, "log10_min_child_weight": 0.0, "log10_subsample": -0.3489452107945286, "max_depth": 10.0, "num_boost_round": 24.0}, "datetime": {"datetime": "2024-01-19 01:50:39", "elapsed": 5971.125507, "delta": 0.006093}}
{"target": -13.758376931377503, "params": {"gamma": 571.0378853169398, "log10_alpha": 1.0, "log10_colsample_bytree": -1.0, "log10_eta": -3.5467297828037383, "log10_lambda": -2.0965245289824237, "log10_min_child_weight": 0.0, "log10_subsample": -0.3489452107945286, "max_depth": 10.0, "num_boost_round": 25.0}, "datetime": {"datetime": "2024-01-19 01:50:39", "elapsed": 5971.131528, "delta": 0.006021}}
{"target": -13.75836976141216, "params": {"gamma": 571.0378853169398, "log10_alpha": 1.0, "log10_colsample_bytree": -1.0, "log10_eta": -3.5467297828037383, "log10_lambda": -2.0965245289824237, "log10_min_child_weight": 0.0, "log10_subsample": -0.3489452107945286, "max_depth": 10.0, "num_boost_round": 26.0}, "datetime": {"datetime": "2024-01-19 01:50:39", "elapsed": 5971.137566, "delta": 0.006038}}
{"target": -13.758365736750644, "params": {"gamma": 571.0378853169398, "log10_alpha": 1.0, "log10_colsample_bytree": -1.0, "log10_eta": -3.5467297828037383, "log10_lambda": -2.0965245289824237, "log10_min_child_weight": 0.0, "log10_subsample": -0.3489452107945286, "max_depth": 10.0, "num_boost_round": 27.0}, "datetime": {"datetime": "2024-01-19 01:50:39", "elapsed": 5971.14368, "delta": 0.006114}}
{"target": -13.758355946189205, "params": {"gamma": 571.0378853169398, "log10_alpha": 1.0, "log10_colsample_bytree": -1.0, "log10_eta": -3.5467297828037383, "log10_lambda": -2.0965245289824237, "log10_min_child_weight": 0.0, "log10_subsample": -0.3489452107945286, "max_depth": 10.0, "num_boost_round": 28.0}, "datetime": {"datetime": "2024-01-19 01:50:39", "elapsed": 5971.275548, "delta": 0.131868}}
{"target": -13.75835945798954, "params": {"gamma": 571.0378853169398, "log10_alpha": 1.0, "log10_colsample_bytree": -1.0, "log10_eta": -3.5467297828037383, "log10_lambda": -2.0965245289824237, "log10_min_child_weight": 0.0, "log10_subsample": -0.3489452107945286, "max_depth": 10.0, "num_boost_round": 29.0}, "datetime": {"datetime": "2024-01-19 01:50:39", "elapsed": 5971.282256, "delta": 0.006708}}
{"target": -13.758359977049697, "params": {"gamma": 571.0378853169398, "log10_alpha": 1.0, "log10_colsample_bytree": -1.0, "log10_eta": -3.5467297828037383, "log10_lambda": -2.0965245289824237, "log10_min_child_weight": 0.0, "log10_subsample": -0.3489452107945286, "max_depth": 10.0, "num_boost_round": 30.0}, "datetime": {"datetime": "2024-01-19 01:50:39", "elapsed": 5971.288372, "delta": 0.006116}}
{"target": -13.758355790591626, "params": {"gamma": 571.0378853169398, "log10_alpha": 1.0, "log10_colsample_bytree": -1.0, "log10_eta": -3.5467297828037383, "log10_lambda": -2.0965245289824237, "log10_min_child_weight": 0.0, "log10_subsample": -0.3489452107945286, "max_depth": 10.0, "num_boost_round": 31.0}, "datetime": {"datetime": "2024-01-19 01:50:39", "elapsed": 5971.294426, "delta": 0.006054}}
{"target": -13.758353117034188, "params": {"gamma": 571.0378853169398, "log10_alpha": 1.0, "log10_colsample_bytree": -1.0, "log10_eta": -3.5467297828037383, "log10_lambda": -2.0965245289824237, "log10_min_child_weight": 0.0, "log10_subsample": -0.3489452107945286, "max_depth": 10.0, "num_boost_round": 32.0}, "datetime": {"datetime": "2024-01-19 01:50:39", "elapsed": 5971.300483, "delta": 0.006057}}
{"target": -13.758332668469182, "params": {"gamma": 571.0378853169398, "log10_alpha": 1.0, "log10_colsample_bytree": -1.0, "log10_eta": -3.5467297828037383, "log10_lambda": -2.0965245289824237, "log10_min_child_weight": 0.0, "log10_subsample": -0.3489452107945286, "max_depth": 10.0, "num_boost_round": 33.0}, "datetime": {"datetime": "2024-01-19 01:50:39", "elapsed": 5971.306528, "delta": 0.006045}}
{"target": -13.758323191266781, "params": {"gamma": 571.0378853169398, "log10_alpha": 1.0, "log10_colsample_bytree": -1.0, "log10_eta": -3.5467297828037383, "log10_lambda": -2.0965245289824237, "log10_min_child_weight": 0.0, "log10_subsample": -0.3489452107945286, "max_depth": 10.0, "num_boost_round": 34.0}, "datetime": {"datetime": "2024-01-19 01:50:39", "elapsed": 5971.313818, "delta": 0.00729}}
{"target": -13.758302891274788, "params": {"gamma": 571.0378853169398, "log10_alpha": 1.0, "log10_colsample_bytree": -1.0, "log10_eta": -3.5467297828037383, "log10_lambda": -2.0965245289824237, "log10_min_child_weight": 0.0, "log10_subsample": -0.3489452107945286, "max_depth": 10.0, "num_boost_round": 35.0}, "datetime": {"datetime": "2024-01-19 01:50:39", "elapsed": 5971.320376, "delta": 0.006558}}
{"target": -13.758305604662324, "params": {"gamma": 571.0378853169398, "log10_alpha": 1.0, "log10_colsample_bytree": -1.0, "log10_eta": -3.5467297828037383, "log10_lambda": -2.0965245289824237, "log10_min_child_weight": 0.0, "log10_subsample": -0.3489452107945286, "max_depth": 10.0, "num_boost_round": 36.0}, "datetime": {"datetime": "2024-01-19 01:50:39", "elapsed": 5971.326811, "delta": 0.006435}}
{"target": -13.758295361649303, "params": {"gamma": 571.0378853169398, "log10_alpha": 1.0, "log10_colsample_bytree": -1.0, "log10_eta": -3.5467297828037383, "log10_lambda": -2.0965245289824237, "log10_min_child_weight": 0.0, "log10_subsample": -0.3489452107945286, "max_depth": 10.0, "num_boost_round": 37.0}, "datetime": {"datetime": "2024-01-19 01:50:39", "elapsed": 5971.332946, "delta": 0.006135}}
{"target": -13.758291591474332, "params": {"gamma": 571.0378853169398, "log10_alpha": 1.0, "log10_colsample_bytree": -1.0, "log10_eta": -3.5467297828037383, "log10_lambda": -2.0965245289824237, "log10_min_child_weight": 0.0, "log10_subsample": -0.3489452107945286, "max_depth": 10.0, "num_boost_round": 38.0}, "datetime": {"datetime": "2024-01-19 01:50:39", "elapsed": 5971.339352, "delta": 0.006406}}
{"target": -13.758294972356106, "params": {"gamma": 571.0378853169398, "log10_alpha": 1.0, "log10_colsample_bytree": -1.0, "log10_eta": -3.5467297828037383, "log10_lambda": -2.0965245289824237, "log10_min_child_weight": 0.0, "log10_subsample": -0.3489452107945286, "max_depth": 10.0, "num_boost_round": 39.0}, "datetime": {"datetime": "2024-01-19 01:50:39", "elapsed": 5971.346544, "delta": 0.007192}}
{"target": -13.758272294156862, "params": {"gamma": 571.0378853169398, "log10_alpha": 1.0, "log10_colsample_bytree": -1.0, "log10_eta": -3.5467297828037383, "log10_lambda": -2.0965245289824237, "log10_min_child_weight": 0.0, "log10_subsample": -0.3489452107945286, "max_depth": 10.0, "num_boost_round": 40.0}, "datetime": {"datetime": "2024-01-19 01:50:39", "elapsed": 5971.352776, "delta": 0.006232}}
{"target": -13.758527106789234, "params": {"gamma": 558.9982406370543, "log10_alpha": -3.9970490647619297, "log10_colsample_bytree": -0.979476687634158, "log10_eta": -3.264158370511594, "log10_lambda": -1.7268678165672613, "log10_min_child_weight": 2.1125923374911677, "log10_subsample": -0.39828947488329425, "max_depth": 2.0, "num_boost_round": 0.0}, "datetime": {"datetime": "2024-01-19 01:51:48", "elapsed": 6040.197337, "delta": 68.844561}}
{"target": -13.758517538102865, "params": {"gamma": 558.9982406370543, "log10_alpha": -3.9970490647619297, "log10_colsample_bytree": -0.979476687634158, "log10_eta": -3.264158370511594, "log10_lambda": -1.7268678165672613, "log10_min_child_weight": 2.1125923374911677, "log10_subsample": -0.39828947488329425, "max_depth": 2.0, "num_boost_round": 1.0}, "datetime": {"datetime": "2024-01-19 01:51:48", "elapsed": 6040.20461, "delta": 0.007273}}
{"target": -13.758517297418392, "params": {"gamma": 558.9982406370543, "log10_alpha": -3.9970490647619297, "log10_colsample_bytree": -0.979476687634158, "log10_eta": -3.264158370511594, "log10_lambda": -1.7268678165672613, "log10_min_child_weight": 2.1125923374911677, "log10_subsample": -0.39828947488329425, "max_depth": 2.0, "num_boost_round": 2.0}, "datetime": {"datetime": "2024-01-19 01:51:48", "elapsed": 6040.210662, "delta": 0.006052}}
{"target": -13.758520333797057, "params": {"gamma": 558.9982406370543, "log10_alpha": -3.9970490647619297, "log10_colsample_bytree": -0.979476687634158, "log10_eta": -3.264158370511594, "log10_lambda": -1.7268678165672613, "log10_min_child_weight": 2.1125923374911677, "log10_subsample": -0.39828947488329425, "max_depth": 2.0, "num_boost_round": 3.0}, "datetime": {"datetime": "2024-01-19 01:51:48", "elapsed": 6040.216563, "delta": 0.005901}}
{"target": -13.758517743187252, "params": {"gamma": 558.9982406370543, "log10_alpha": -3.9970490647619297, "log10_colsample_bytree": -0.979476687634158, "log10_eta": -3.264158370511594, "log10_lambda": -1.7268678165672613, "log10_min_child_weight": 2.1125923374911677, "log10_subsample": -0.39828947488329425, "max_depth": 2.0, "num_boost_round": 4.0}, "datetime": {"datetime": "2024-01-19 01:51:48", "elapsed": 6040.222577, "delta": 0.006014}}
{"target": -13.75851525876787, "params": {"gamma": 558.9982406370543, "log10_alpha": -3.9970490647619297, "log10_colsample_bytree": -0.979476687634158, "log10_eta": -3.264158370511594, "log10_lambda": -1.7268678165672613, "log10_min_child_weight": 2.1125923374911677, "log10_subsample": -0.39828947488329425, "max_depth": 2.0, "num_boost_round": 5.0}, "datetime": {"datetime": "2024-01-19 01:51:48", "elapsed": 6040.228568, "delta": 0.005991}}
{"target": -13.75851465717204, "params": {"gamma": 558.9982406370543, "log10_alpha": -3.9970490647619297, "log10_colsample_bytree": -0.979476687634158, "log10_eta": -3.264158370511594, "log10_lambda": -1.7268678165672613, "log10_min_child_weight": 2.1125923374911677, "log10_subsample": -0.39828947488329425, "max_depth": 2.0, "num_boost_round": 6.0}, "datetime": {"datetime": "2024-01-19 01:51:48", "elapsed": 6040.234573, "delta": 0.006005}}
{"target": -13.758508307116768, "params": {"gamma": 558.9982406370543, "log10_alpha": -3.9970490647619297, "log10_colsample_bytree": -0.979476687634158, "log10_eta": -3.264158370511594, "log10_lambda": -1.7268678165672613, "log10_min_child_weight": 2.1125923374911677, "log10_subsample": -0.39828947488329425, "max_depth": 2.0, "num_boost_round": 7.0}, "datetime": {"datetime": "2024-01-19 01:51:48", "elapsed": 6040.240671, "delta": 0.006098}}
{"target": -13.758511784606522, "params": {"gamma": 558.9982406370543, "log10_alpha": -3.9970490647619297, "log10_colsample_bytree": -0.979476687634158, "log10_eta": -3.264158370511594, "log10_lambda": -1.7268678165672613, "log10_min_child_weight": 2.1125923374911677, "log10_subsample": -0.39828947488329425, "max_depth": 2.0, "num_boost_round": 8.0}, "datetime": {"datetime": "2024-01-19 01:51:48", "elapsed": 6040.247248, "delta": 0.006577}}
{"target": -13.758506566134072, "params": {"gamma": 558.9982406370543, "log10_alpha": -3.9970490647619297, "log10_colsample_bytree": -0.979476687634158, "log10_eta": -3.264158370511594, "log10_lambda": -1.7268678165672613, "log10_min_child_weight": 2.1125923374911677, "log10_subsample": -0.39828947488329425, "max_depth": 2.0, "num_boost_round": 9.0}, "datetime": {"datetime": "2024-01-19 01:51:48", "elapsed": 6040.253193, "delta": 0.005945}}
{"target": -13.758506103543763, "params": {"gamma": 558.9982406370543, "log10_alpha": -3.9970490647619297, "log10_colsample_bytree": -0.979476687634158, "log10_eta": -3.264158370511594, "log10_lambda": -1.7268678165672613, "log10_min_child_weight": 2.1125923374911677, "log10_subsample": -0.39828947488329425, "max_depth": 2.0, "num_boost_round": 10.0}, "datetime": {"datetime": "2024-01-19 01:51:48", "elapsed": 6040.259195, "delta": 0.006002}}
{"target": -13.758500019205245, "params": {"gamma": 558.9982406370543, "log10_alpha": -3.9970490647619297, "log10_colsample_bytree": -0.979476687634158, "log10_eta": -3.264158370511594, "log10_lambda": -1.7268678165672613, "log10_min_child_weight": 2.1125923374911677, "log10_subsample": -0.39828947488329425, "max_depth": 2.0, "num_boost_round": 11.0}, "datetime": {"datetime": "2024-01-19 01:51:48", "elapsed": 6040.265148, "delta": 0.005953}}
{"target": -13.758495226980772, "params": {"gamma": 558.9982406370543, "log10_alpha": -3.9970490647619297, "log10_colsample_bytree": -0.979476687634158, "log10_eta": -3.264158370511594, "log10_lambda": -1.7268678165672613, "log10_min_child_weight": 2.1125923374911677, "log10_subsample": -0.39828947488329425, "max_depth": 2.0, "num_boost_round": 12.0}, "datetime": {"datetime": "2024-01-19 01:51:48", "elapsed": 6040.270987, "delta": 0.005839}}
{"target": -13.758484502851662, "params": {"gamma": 558.9982406370543, "log10_alpha": -3.9970490647619297, "log10_colsample_bytree": -0.979476687634158, "log10_eta": -3.264158370511594, "log10_lambda": -1.7268678165672613, "log10_min_child_weight": 2.1125923374911677, "log10_subsample": -0.39828947488329425, "max_depth": 2.0, "num_boost_round": 13.0}, "datetime": {"datetime": "2024-01-19 01:51:48", "elapsed": 6040.276764, "delta": 0.005777}}
{"target": -13.758480834057405, "params": {"gamma": 558.9982406370543, "log10_alpha": -3.9970490647619297, "log10_colsample_bytree": -0.979476687634158, "log10_eta": -3.264158370511594, "log10_lambda": -1.7268678165672613, "log10_min_child_weight": 2.1125923374911677, "log10_subsample": -0.39828947488329425, "max_depth": 2.0, "num_boost_round": 14.0}, "datetime": {"datetime": "2024-01-19 01:51:48", "elapsed": 6040.282726, "delta": 0.005962}}
{"target": -13.758474356329364, "params": {"gamma": 558.9982406370543, "log10_alpha": -3.9970490647619297, "log10_colsample_bytree": -0.979476687634158, "log10_eta": -3.264158370511594, "log10_lambda": -1.7268678165672613, "log10_min_child_weight": 2.1125923374911677, "log10_subsample": -0.39828947488329425, "max_depth": 2.0, "num_boost_round": 15.0}, "datetime": {"datetime": "2024-01-19 01:51:48", "elapsed": 6040.288567, "delta": 0.005841}}
{"target": -13.758470759625865, "params": {"gamma": 558.9982406370543, "log10_alpha": -3.9970490647619297, "log10_colsample_bytree": -0.979476687634158, "log10_eta": -3.264158370511594, "log10_lambda": -1.7268678165672613, "log10_min_child_weight": 2.1125923374911677, "log10_subsample": -0.39828947488329425, "max_depth": 2.0, "num_boost_round": 16.0}, "datetime": {"datetime": "2024-01-19 01:51:48", "elapsed": 6040.294393, "delta": 0.005826}}
{"target": -13.758465446820928, "params": {"gamma": 558.9982406370543, "log10_alpha": -3.9970490647619297, "log10_colsample_bytree": -0.979476687634158, "log10_eta": -3.264158370511594, "log10_lambda": -1.7268678165672613, "log10_min_child_weight": 2.1125923374911677, "log10_subsample": -0.39828947488329425, "max_depth": 2.0, "num_boost_round": 17.0}, "datetime": {"datetime": "2024-01-19 01:51:48", "elapsed": 6040.300325, "delta": 0.005932}}
