{"target": -13.758531913841999, "params": {"gamma": 10.374153885699954, "log10_alpha": -1.9887524471075677, "log10_colsample_bytree": -0.5042267068658539, "log10_eta": -3.4646818841628937, "log10_lambda": -4.1473334872727685, "log10_min_child_weight": 1.0927933781303911, "log10_subsample": -0.5814918194895475, "max_depth": 3.0, "num_boost_round": 0.0}, "datetime": {"datetime": "2024-01-19 00:11:31", "elapsed": 0.0, "delta": 0.0}}
{"target": -13.758519240459666, "params": {"gamma": 10.374153885699954, "log10_alpha": -1.9887524471075677, "log10_colsample_bytree": -0.5042267068658539, "log10_eta": -3.4646818841628937, "log10_lambda": -4.1473334872727685, "log10_min_child_weight": 1.0927933781303911, "log10_subsample": -0.5814918194895475, "max_depth": 3.0, "num_boost_round": 1.0}, "datetime": {"datetime": "2024-01-19 00:11:39", "elapsed": 7.572836, "delta": 7.572836}}
{"target": -13.758518064014218, "params": {"gamma": 10.374153885699954, "log10_alpha": -1.9887524471075677, "log10_colsample_bytree": -0.5042267068658539, "log10_eta": -3.4646818841628937, "log10_lambda": -4.1473334872727685, "log10_min_child_weight": 1.0927933781303911, "log10_subsample": -0.5814918194895475, "max_depth": 3.0, "num_boost_round": 2.0}, "datetime": {"datetime": "2024-01-19 00:11:45", "elapsed": 13.883148, "delta": 6.310312}}
{"target": -13.758520502517039, "params": {"gamma": 10.374153885699954, "log10_alpha": -1.9887524471075677, "log10_colsample_bytree": -0.5042267068658539, "log10_eta": -3.4646818841628937, "log10_lambda": -4.1473334872727685, "log10_min_child_weight": 1.0927933781303911, "log10_subsample": -0.5814918194895475, "max_depth": 3.0, "num_boost_round": 3.0}, "datetime": {"datetime": "2024-01-19 00:11:45", "elapsed": 13.883351, "delta": 0.000203}}
{"target": -13.758515231400219, "params": {"gamma": 10.374153885699954, "log10_alpha": -1.9887524471075677, "log10_colsample_bytree": -0.5042267068658539, "log10_eta": -3.4646818841628937, "log10_lambda": -4.1473334872727685, "log10_min_child_weight": 1.0927933781303911, "log10_subsample": -0.5814918194895475, "max_depth": 3.0, "num_boost_round": 4.0}, "datetime": {"datetime": "2024-01-19 00:11:45", "elapsed": 13.883516, "delta": 0.000165}}
{"target": -13.758507811813354, "params": {"gamma": 10.374153885699954, "log10_alpha": -1.9887524471075677, "log10_colsample_bytree": -0.5042267068658539, "log10_eta": -3.4646818841628937, "log10_lambda": -4.1473334872727685, "log10_min_child_weight": 1.0927933781303911, "log10_subsample": -0.5814918194895475, "max_depth": 3.0, "num_boost_round": 5.0}, "datetime": {"datetime": "2024-01-19 00:11:45", "elapsed": 13.883664, "delta": 0.000148}}
{"target": -13.758501587055427, "params": {"gamma": 10.374153885699954, "log10_alpha": -1.9887524471075677, "log10_colsample_bytree": -0.5042267068658539, "log10_eta": -3.4646818841628937, "log10_lambda": -4.1473334872727685, "log10_min_child_weight": 1.0927933781303911, "log10_subsample": -0.5814918194895475, "max_depth": 3.0, "num_boost_round": 6.0}, "datetime": {"datetime": "2024-01-19 00:11:45", "elapsed": 13.883812, "delta": 0.000148}}
{"target": -13.758500739890817, "params": {"gamma": 10.374153885699954, "log10_alpha": -1.9887524471075677, "log10_colsample_bytree": -0.5042267068658539, "log10_eta": -3.4646818841628937, "log10_lambda": -4.1473334872727685, "log10_min_child_weight": 1.0927933781303911, "log10_subsample": -0.5814918194895475, "max_depth": 3.0, "num_boost_round": 7.0}, "datetime": {"datetime": "2024-01-19 00:11:45", "elapsed": 13.883976, "delta": 0.000164}}
{"target": -13.758501959455536, "params": {"gamma": 10.374153885699954, "log10_alpha": -1.9887524471075677, "log10_colsample_bytree": -0.5042267068658539, "log10_eta": -3.4646818841628937, "log10_lambda": -4.1473334872727685, "log10_min_child_weight": 1.0927933781303911, "log10_subsample": -0.5814918194895475, "max_depth": 3.0, "num_boost_round": 8.0}, "datetime": {"datetime": "2024-01-19 00:11:45", "elapsed": 13.884143, "delta": 0.000167}}
{"target": -13.758491412857675, "params": {"gamma": 10.374153885699954, "log10_alpha": -1.9887524471075677, "log10_colsample_bytree": -0.5042267068658539, "log10_eta": -3.4646818841628937, "log10_lambda": -4.1473334872727685, "log10_min_child_weight": 1.0927933781303911, "log10_subsample": -0.5814918194895475, "max_depth": 3.0, "num_boost_round": 9.0}, "datetime": {"datetime": "2024-01-19 00:11:45", "elapsed": 13.888515, "delta": 0.004372}}
{"target": -13.758487424984905, "params": {"gamma": 10.374153885699954, "log10_alpha": -1.9887524471075677, "log10_colsample_bytree": -0.5042267068658539, "log10_eta": -3.4646818841628937, "log10_lambda": -4.1473334872727685, "log10_min_child_weight": 1.0927933781303911, "log10_subsample": -0.5814918194895475, "max_depth": 3.0, "num_boost_round": 10.0}, "datetime": {"datetime": "2024-01-19 00:11:45", "elapsed": 13.888692, "delta": 0.000177}}
{"target": -13.758479626829049, "params": {"gamma": 10.374153885699954, "log10_alpha": -1.9887524471075677, "log10_colsample_bytree": -0.5042267068658539, "log10_eta": -3.4646818841628937, "log10_lambda": -4.1473334872727685, "log10_min_child_weight": 1.0927933781303911, "log10_subsample": -0.5814918194895475, "max_depth": 3.0, "num_boost_round": 11.0}, "datetime": {"datetime": "2024-01-19 00:11:45", "elapsed": 13.888993, "delta": 0.000301}}
{"target": -13.758475358012394, "params": {"gamma": 10.374153885699954, "log10_alpha": -1.9887524471075677, "log10_colsample_bytree": -0.5042267068658539, "log10_eta": -3.4646818841628937, "log10_lambda": -4.1473334872727685, "log10_min_child_weight": 1.0927933781303911, "log10_subsample": -0.5814918194895475, "max_depth": 3.0, "num_boost_round": 12.0}, "datetime": {"datetime": "2024-01-19 00:11:45", "elapsed": 13.889271, "delta": 0.000278}}
{"target": -13.758470939535895, "params": {"gamma": 10.374153885699954, "log10_alpha": -1.9887524471075677, "log10_colsample_bytree": -0.5042267068658539, "log10_eta": -3.4646818841628937, "log10_lambda": -4.1473334872727685, "log10_min_child_weight": 1.0927933781303911, "log10_subsample": -0.5814918194895475, "max_depth": 3.0, "num_boost_round": 13.0}, "datetime": {"datetime": "2024-01-19 00:11:45", "elapsed": 13.889506, "delta": 0.000235}}
{"target": -13.758467026225915, "params": {"gamma": 10.374153885699954, "log10_alpha": -1.9887524471075677, "log10_colsample_bytree": -0.5042267068658539, "log10_eta": -3.4646818841628937, "log10_lambda": -4.1473334872727685, "log10_min_child_weight": 1.0927933781303911, "log10_subsample": -0.5814918194895475, "max_depth": 3.0, "num_boost_round": 14.0}, "datetime": {"datetime": "2024-01-19 00:11:45", "elapsed": 13.889764, "delta": 0.000258}}
{"target": -13.7584596334599, "params": {"gamma": 10.374153885699954, "log10_alpha": -1.9887524471075677, "log10_colsample_bytree": -0.5042267068658539, "log10_eta": -3.4646818841628937, "log10_lambda": -4.1473334872727685, "log10_min_child_weight": 1.0927933781303911, "log10_subsample": -0.5814918194895475, "max_depth": 3.0, "num_boost_round": 15.0}, "datetime": {"datetime": "2024-01-19 00:11:45", "elapsed": 13.88997, "delta": 0.000206}}
{"target": -13.758452498547612, "params": {"gamma": 10.374153885699954, "log10_alpha": -1.9887524471075677, "log10_colsample_bytree": -0.5042267068658539, "log10_eta": -3.4646818841628937, "log10_lambda": -4.1473334872727685, "log10_min_child_weight": 1.0927933781303911, "log10_subsample": -0.5814918194895475, "max_depth": 3.0, "num_boost_round": 16.0}, "datetime": {"datetime": "2024-01-19 00:11:45", "elapsed": 13.890127, "delta": 0.000157}}
{"target": -13.758452555160492, "params": {"gamma": 10.374153885699954, "log10_alpha": -1.9887524471075677, "log10_colsample_bytree": -0.5042267068658539, "log10_eta": -3.4646818841628937, "log10_lambda": -4.1473334872727685, "log10_min_child_weight": 1.0927933781303911, "log10_subsample": -0.5814918194895475, "max_depth": 3.0, "num_boost_round": 17.0}, "datetime": {"datetime": "2024-01-19 00:11:45", "elapsed": 13.890278, "delta": 0.000151}}
{"target": -13.75845181678126, "params": {"gamma": 10.374153885699954, "log10_alpha": -1.9887524471075677, "log10_colsample_bytree": -0.5042267068658539, "log10_eta": -3.4646818841628937, "log10_lambda": -4.1473334872727685, "log10_min_child_weight": 1.0927933781303911, "log10_subsample": -0.5814918194895475, "max_depth": 3.0, "num_boost_round": 18.0}, "datetime": {"datetime": "2024-01-19 00:11:45", "elapsed": 13.89044, "delta": 0.000162}}
{"target": -13.758450909559025, "params": {"gamma": 10.374153885699954, "log10_alpha": -1.9887524471075677, "log10_colsample_bytree": -0.5042267068658539, "log10_eta": -3.4646818841628937, "log10_lambda": -4.1473334872727685, "log10_min_child_weight": 1.0927933781303911, "log10_subsample": -0.5814918194895475, "max_depth": 3.0, "num_boost_round": 19.0}, "datetime": {"datetime": "2024-01-19 00:11:45", "elapsed": 13.890597, "delta": 0.000157}}
{"target": -13.758436287535211, "params": {"gamma": 10.374153885699954, "log10_alpha": -1.9887524471075677, "log10_colsample_bytree": -0.5042267068658539, "log10_eta": -3.4646818841628937, "log10_lambda": -4.1473334872727685, "log10_min_child_weight": 1.0927933781303911, "log10_subsample": -0.5814918194895475, "max_depth": 3.0, "num_boost_round": 20.0}, "datetime": {"datetime": "2024-01-19 00:11:45", "elapsed": 13.890751, "delta": 0.000154}}
{"target": -13.758432760928812, "params": {"gamma": 10.374153885699954, "log10_alpha": -1.9887524471075677, "log10_colsample_bytree": -0.5042267068658539, "log10_eta": -3.4646818841628937, "log10_lambda": -4.1473334872727685, "log10_min_child_weight": 1.0927933781303911, "log10_subsample": -0.5814918194895475, "max_depth": 3.0, "num_boost_round": 21.0}, "datetime": {"datetime": "2024-01-19 00:11:45", "elapsed": 13.890905, "delta": 0.000154}}
{"target": -13.758436021396692, "params": {"gamma": 10.374153885699954, "log10_alpha": -1.9887524471075677, "log10_colsample_bytree": -0.5042267068658539, "log10_eta": -3.4646818841628937, "log10_lambda": -4.1473334872727685, "log10_min_child_weight": 1.0927933781303911, "log10_subsample": -0.5814918194895475, "max_depth": 3.0, "num_boost_round": 22.0}, "datetime": {"datetime": "2024-01-19 00:11:45", "elapsed": 13.891058, "delta": 0.000153}}
{"target": -13.758426731187956, "params": {"gamma": 10.374153885699954, "log10_alpha": -1.9887524471075677, "log10_colsample_bytree": -0.5042267068658539, "log10_eta": -3.4646818841628937, "log10_lambda": -4.1473334872727685, "log10_min_child_weight": 1.0927933781303911, "log10_subsample": -0.5814918194895475, "max_depth": 3.0, "num_boost_round": 23.0}, "datetime": {"datetime": "2024-01-19 00:11:45", "elapsed": 13.891211, "delta": 0.000153}}
{"target": -13.758425562200848, "params": {"gamma": 10.374153885699954, "log10_alpha": -1.9887524471075677, "log10_colsample_bytree": -0.5042267068658539, "log10_eta": -3.4646818841628937, "log10_lambda": -4.1473334872727685, "log10_min_child_weight": 1.0927933781303911, "log10_subsample": -0.5814918194895475, "max_depth": 3.0, "num_boost_round": 24.0}, "datetime": {"datetime": "2024-01-19 00:11:45", "elapsed": 13.891368, "delta": 0.000157}}
{"target": -13.75877432312178, "params": {"gamma": 5.959897112149504, "log10_alpha": 0.743986722151341, "log10_colsample_bytree": -0.21826510570071544, "log10_eta": -1.1563126076595016, "log10_lambda": -0.14582009511899763, "log10_min_child_weight": 2.307819543342905, "log10_subsample": -0.33975627484603255, "max_depth": 2.0, "num_boost_round": 0.0}, "datetime": {"datetime": "2024-01-19 00:12:06", "elapsed": 34.496099, "delta": 20.604731}}
{"target": -13.758735119042361, "params": {"gamma": 5.959897112149504, "log10_alpha": 0.743986722151341, "log10_colsample_bytree": -0.21826510570071544, "log10_eta": -1.1563126076595016, "log10_lambda": -0.14582009511899763, "log10_min_child_weight": 2.307819543342905, "log10_subsample": -0.33975627484603255, "max_depth": 2.0, "num_boost_round": 1.0}, "datetime": {"datetime": "2024-01-19 00:12:06", "elapsed": 34.496592, "delta": 0.000493}}
{"target": -13.759623182344713, "params": {"gamma": 5.959897112149504, "log10_alpha": 0.743986722151341, "log10_colsample_bytree": -0.21826510570071544, "log10_eta": -1.1563126076595016, "log10_lambda": -0.14582009511899763, "log10_min_child_weight": 2.307819543342905, "log10_subsample": -0.33975627484603255, "max_depth": 2.0, "num_boost_round": 2.0}, "datetime": {"datetime": "2024-01-19 00:12:06", "elapsed": 34.496815, "delta": 0.000223}}
{"target": -13.75989163709122, "params": {"gamma": 5.959897112149504, "log10_alpha": 0.743986722151341, "log10_colsample_bytree": -0.21826510570071544, "log10_eta": -1.1563126076595016, "log10_lambda": -0.14582009511899763, "log10_min_child_weight": 2.307819543342905, "log10_subsample": -0.33975627484603255, "max_depth": 2.0, "num_boost_round": 3.0}, "datetime": {"datetime": "2024-01-19 00:12:06", "elapsed": 34.497129, "delta": 0.000314}}
{"target": -13.759608916682849, "params": {"gamma": 5.959897112149504, "log10_alpha": 0.743986722151341, "log10_colsample_bytree": -0.21826510570071544, "log10_eta": -1.1563126076595016, "log10_lambda": -0.14582009511899763, "log10_min_child_weight": 2.307819543342905, "log10_subsample": -0.33975627484603255, "max_depth": 2.0, "num_boost_round": 4.0}, "datetime": {"datetime": "2024-01-19 00:12:06", "elapsed": 34.497416, "delta": 0.000287}}
{"target": -13.760932307916663, "params": {"gamma": 5.959897112149504, "log10_alpha": 0.743986722151341, "log10_colsample_bytree": -0.21826510570071544, "log10_eta": -1.1563126076595016, "log10_lambda": -0.14582009511899763, "log10_min_child_weight": 2.307819543342905, "log10_subsample": -0.33975627484603255, "max_depth": 2.0, "num_boost_round": 5.0}, "datetime": {"datetime": "2024-01-19 00:12:06", "elapsed": 34.497597, "delta": 0.000181}}
{"target": -13.762147059731614, "params": {"gamma": 5.959897112149504, "log10_alpha": 0.743986722151341, "log10_colsample_bytree": -0.21826510570071544, "log10_eta": -1.1563126076595016, "log10_lambda": -0.14582009511899763, "log10_min_child_weight": 2.307819543342905, "log10_subsample": -0.33975627484603255, "max_depth": 2.0, "num_boost_round": 6.0}, "datetime": {"datetime": "2024-01-19 00:12:06", "elapsed": 34.497773, "delta": 0.000176}}
{"target": -13.761590141657024, "params": {"gamma": 5.959897112149504, "log10_alpha": 0.743986722151341, "log10_colsample_bytree": -0.21826510570071544, "log10_eta": -1.1563126076595016, "log10_lambda": -0.14582009511899763, "log10_min_child_weight": 2.307819543342905, "log10_subsample": -0.33975627484603255, "max_depth": 2.0, "num_boost_round": 7.0}, "datetime": {"datetime": "2024-01-19 00:12:06", "elapsed": 34.497946, "delta": 0.000173}}
{"target": -13.76139907714288, "params": {"gamma": 5.959897112149504, "log10_alpha": 0.743986722151341, "log10_colsample_bytree": -0.21826510570071544, "log10_eta": -1.1563126076595016, "log10_lambda": -0.14582009511899763, "log10_min_child_weight": 2.307819543342905, "log10_subsample": -0.33975627484603255, "max_depth": 2.0, "num_boost_round": 8.0}, "datetime": {"datetime": "2024-01-19 00:12:06", "elapsed": 34.498121, "delta": 0.000175}}
{"target": -13.76125568020362, "params": {"gamma": 5.959897112149504, "log10_alpha": 0.743986722151341, "log10_colsample_bytree": -0.21826510570071544, "log10_eta": -1.1563126076595016, "log10_lambda": -0.14582009511899763, "log10_min_child_weight": 2.307819543342905, "log10_subsample": -0.33975627484603255, "max_depth": 2.0, "num_boost_round": 9.0}, "datetime": {"datetime": "2024-01-19 00:12:06", "elapsed": 34.498297, "delta": 0.000176}}
{"target": -13.761108617053532, "params": {"gamma": 5.959897112149504, "log10_alpha": 0.743986722151341, "log10_colsample_bytree": -0.21826510570071544, "log10_eta": -1.1563126076595016, "log10_lambda": -0.14582009511899763, "log10_min_child_weight": 2.307819543342905, "log10_subsample": -0.33975627484603255, "max_depth": 2.0, "num_boost_round": 10.0}, "datetime": {"datetime": "2024-01-19 00:12:06", "elapsed": 34.498476, "delta": 0.000179}}
{"target": -13.760794970127792, "params": {"gamma": 5.959897112149504, "log10_alpha": 0.743986722151341, "log10_colsample_bytree": -0.21826510570071544, "log10_eta": -1.1563126076595016, "log10_lambda": -0.14582009511899763, "log10_min_child_weight": 2.307819543342905, "log10_subsample": -0.33975627484603255, "max_depth": 2.0, "num_boost_round": 11.0}, "datetime": {"datetime": "2024-01-19 00:12:06", "elapsed": 34.498652, "delta": 0.000176}}
{"target": -13.76180259872638, "params": {"gamma": 5.959897112149504, "log10_alpha": 0.743986722151341, "log10_colsample_bytree": -0.21826510570071544, "log10_eta": -1.1563126076595016, "log10_lambda": -0.14582009511899763, "log10_min_child_weight": 2.307819543342905, "log10_subsample": -0.33975627484603255, "max_depth": 2.0, "num_boost_round": 12.0}, "datetime": {"datetime": "2024-01-19 00:12:06", "elapsed": 34.498828, "delta": 0.000176}}
{"target": -13.76202586457513, "params": {"gamma": 5.959897112149504, "log10_alpha": 0.743986722151341, "log10_colsample_bytree": -0.21826510570071544, "log10_eta": -1.1563126076595016, "log10_lambda": -0.14582009511899763, "log10_min_child_weight": 2.307819543342905, "log10_subsample": -0.33975627484603255, "max_depth": 2.0, "num_boost_round": 13.0}, "datetime": {"datetime": "2024-01-19 00:12:06", "elapsed": 34.499007, "delta": 0.000179}}
{"target": -13.762201673537316, "params": {"gamma": 5.959897112149504, "log10_alpha": 0.743986722151341, "log10_colsample_bytree": -0.21826510570071544, "log10_eta": -1.1563126076595016, "log10_lambda": -0.14582009511899763, "log10_min_child_weight": 2.307819543342905, "log10_subsample": -0.33975627484603255, "max_depth": 2.0, "num_boost_round": 14.0}, "datetime": {"datetime": "2024-01-19 00:12:06", "elapsed": 34.499185, "delta": 0.000178}}
{"target": -13.761878868847614, "params": {"gamma": 5.959897112149504, "log10_alpha": 0.743986722151341, "log10_colsample_bytree": -0.21826510570071544, "log10_eta": -1.1563126076595016, "log10_lambda": -0.14582009511899763, "log10_min_child_weight": 2.307819543342905, "log10_subsample": -0.33975627484603255, "max_depth": 2.0, "num_boost_round": 15.0}, "datetime": {"datetime": "2024-01-19 00:12:06", "elapsed": 34.499367, "delta": 0.000182}}
{"target": -13.761709027324121, "params": {"gamma": 5.959897112149504, "log10_alpha": 0.743986722151341, "log10_colsample_bytree": -0.21826510570071544, "log10_eta": -1.1563126076595016, "log10_lambda": -0.14582009511899763, "log10_min_child_weight": 2.307819543342905, "log10_subsample": -0.33975627484603255, "max_depth": 2.0, "num_boost_round": 16.0}, "datetime": {"datetime": "2024-01-19 00:12:06", "elapsed": 34.499674, "delta": 0.000307}}
{"target": -13.762219505887526, "params": {"gamma": 5.959897112149504, "log10_alpha": 0.743986722151341, "log10_colsample_bytree": -0.21826510570071544, "log10_eta": -1.1563126076595016, "log10_lambda": -0.14582009511899763, "log10_min_child_weight": 2.307819543342905, "log10_subsample": -0.33975627484603255, "max_depth": 2.0, "num_boost_round": 17.0}, "datetime": {"datetime": "2024-01-19 00:12:06", "elapsed": 34.499866, "delta": 0.000192}}
{"target": -13.763046861956356, "params": {"gamma": 5.959897112149504, "log10_alpha": 0.743986722151341, "log10_colsample_bytree": -0.21826510570071544, "log10_eta": -1.1563126076595016, "log10_lambda": -0.14582009511899763, "log10_min_child_weight": 2.307819543342905, "log10_subsample": -0.33975627484603255, "max_depth": 2.0, "num_boost_round": 18.0}, "datetime": {"datetime": "2024-01-19 00:12:06", "elapsed": 34.500057, "delta": 0.000191}}
{"target": -13.761659418523816, "params": {"gamma": 5.959897112149504, "log10_alpha": 0.743986722151341, "log10_colsample_bytree": -0.21826510570071544, "log10_eta": -1.1563126076595016, "log10_lambda": -0.14582009511899763, "log10_min_child_weight": 2.307819543342905, "log10_subsample": -0.33975627484603255, "max_depth": 2.0, "num_boost_round": 19.0}, "datetime": {"datetime": "2024-01-19 00:12:06", "elapsed": 34.500242, "delta": 0.000185}}
{"target": -13.762403385055938, "params": {"gamma": 5.959897112149504, "log10_alpha": 0.743986722151341, "log10_colsample_bytree": -0.21826510570071544, "log10_eta": -1.1563126076595016, "log10_lambda": -0.14582009511899763, "log10_min_child_weight": 2.307819543342905, "log10_subsample": -0.33975627484603255, "max_depth": 2.0, "num_boost_round": 20.0}, "datetime": {"datetime": "2024-01-19 00:12:06", "elapsed": 34.500438, "delta": 0.000196}}
{"target": -13.758498508573384, "params": {"gamma": 10.409022262619194, "log10_alpha": -1.2623129647888764, "log10_colsample_bytree": -0.4242122226077063, "log10_eta": -2.626868512262563, "log10_lambda": -3.1733372394907557, "log10_min_child_weight": 0.6871524232863852, "log10_subsample": -0.5842474613056438, "max_depth": 5.0, "num_boost_round": 0.0}, "datetime": {"datetime": "2024-01-19 00:12:28", "elapsed": 56.510882, "delta": 22.010444}}
{"target": -13.758421144318424, "params": {"gamma": 10.409022262619194, "log10_alpha": -1.2623129647888764, "log10_colsample_bytree": -0.4242122226077063, "log10_eta": -2.626868512262563, "log10_lambda": -3.1733372394907557, "log10_min_child_weight": 0.6871524232863852, "log10_subsample": -0.5842474613056438, "max_depth": 5.0, "num_boost_round": 1.0}, "datetime": {"datetime": "2024-01-19 00:12:28", "elapsed": 56.511224, "delta": 0.000342}}
{"target": -13.758379004286889, "params": {"gamma": 10.409022262619194, "log10_alpha": -1.2623129647888764, "log10_colsample_bytree": -0.4242122226077063, "log10_eta": -2.626868512262563, "log10_lambda": -3.1733372394907557, "log10_min_child_weight": 0.6871524232863852, "log10_subsample": -0.5842474613056438, "max_depth": 5.0, "num_boost_round": 2.0}, "datetime": {"datetime": "2024-01-19 00:12:28", "elapsed": 56.511457, "delta": 0.000233}}
