{"target": -13.757717348162457, "params": {"gamma": 968.7916516882128, "log10_alpha": -0.6066912851963805, "log10_colsample_bytree": -1.0, "log10_eta": -1.20119131240374, "log10_lambda": -4.377510737871812, "log10_min_child_weight": 0.7768526091008902, "log10_subsample": 0.0, "max_depth": 2.0, "num_boost_round": 3.0}, "datetime": {"datetime": "2024-01-19 00:26:21", "elapsed": 882.668392, "delta": 0.002002}}
{"target": -13.757718882098652, "params": {"gamma": 968.7916516882128, "log10_alpha": -0.6066912851963805, "log10_colsample_bytree": -1.0, "log10_eta": -1.20119131240374, "log10_lambda": -4.377510737871812, "log10_min_child_weight": 0.7768526091008902, "log10_subsample": 0.0, "max_depth": 2.0, "num_boost_round": 4.0}, "datetime": {"datetime": "2024-01-19 00:26:21", "elapsed": 882.669791, "delta": 0.001399}}
{"target": -13.757377273659332, "params": {"gamma": 968.7916516882128, "log10_alpha": -0.6066912851963805, "log10_colsample_bytree": -1.0, "log10_eta": -1.20119131240374, "log10_lambda": -4.377510737871812, "log10_min_child_weight": 0.7768526091008902, "log10_subsample": 0.0, "max_depth": 2.0, "num_boost_round": 5.0}, "datetime": {"datetime": "2024-01-19 00:26:21", "elapsed": 882.67124, "delta": 0.001449}}
{"target": -13.757443644322546, "params": {"gamma": 968.7916516882128, "log10_alpha": -0.6066912851963805, "log10_colsample_bytree": -1.0, "log10_eta": -1.20119131240374, "log10_lambda": -4.377510737871812, "log10_min_child_weight": 0.7768526091008902, "log10_subsample": 0.0, "max_depth": 2.0, "num_boost_round": 6.0}, "datetime": {"datetime": "2024-01-19 00:26:21", "elapsed": 882.672632, "delta": 0.001392}}
{"target": -13.756750084522222, "params": {"gamma": 968.7916516882128, "log10_alpha": -0.6066912851963805, "log10_colsample_bytree": -1.0, "log10_eta": -1.20119131240374, "log10_lambda": -4.377510737871812, "log10_min_child_weight": 0.7768526091008902, "log10_subsample": 0.0, "max_depth": 2.0, "num_boost_round": 7.0}, "datetime": {"datetime": "2024-01-19 00:26:21", "elapsed": 882.678388, "delta": 0.005756}}
{"target": -13.757822351390061, "params": {"gamma": 968.7916516882128, "log10_alpha": -0.6066912851963805, "log10_colsample_bytree": -1.0, "log10_eta": -1.20119131240374, "log10_lambda": -4.377510737871812, "log10_min_child_weight": 0.7768526091008902, "log10_subsample": 0.0, "max_depth": 2.0, "num_boost_round": 8.0}, "datetime": {"datetime": "2024-01-19 00:26:21", "elapsed": 882.67978, "delta": 0.001392}}
{"target": -13.757432508334611, "params": {"gamma": 968.7916516882128, "log10_alpha": -0.6066912851963805, "log10_colsample_bytree": -1.0, "log10_eta": -1.20119131240374, "log10_lambda": -4.377510737871812, "log10_min_child_weight": 0.7768526091008902, "log10_subsample": 0.0, "max_depth": 2.0, "num_boost_round": 9.0}, "datetime": {"datetime": "2024-01-19 00:26:21", "elapsed": 882.681207, "delta": 0.001427}}
{"target": -13.758237027968832, "params": {"gamma": 968.7916516882128, "log10_alpha": -0.6066912851963805, "log10_colsample_bytree": -1.0, "log10_eta": -1.20119131240374, "log10_lambda": -4.377510737871812, "log10_min_child_weight": 0.7768526091008902, "log10_subsample": 0.0, "max_depth": 2.0, "num_boost_round": 10.0}, "datetime": {"datetime": "2024-01-19 00:26:21", "elapsed": 882.682623, "delta": 0.001416}}
{"target": -13.757417505441076, "params": {"gamma": 968.7916516882128, "log10_alpha": -0.6066912851963805, "log10_colsample_bytree": -1.0, "log10_eta": -1.20119131240374, "log10_lambda": -4.377510737871812, "log10_min_child_weight": 0.7768526091008902, "log10_subsample": 0.0, "max_depth": 2.0, "num_boost_round": 11.0}, "datetime": {"datetime": "2024-01-19 00:26:21", "elapsed": 882.684016, "delta": 0.001393}}
{"target": -13.757488499768108, "params": {"gamma": 968.7916516882128, "log10_alpha": -0.6066912851963805, "log10_colsample_bytree": -1.0, "log10_eta": -1.20119131240374, "log10_lambda": -4.377510737871812, "log10_min_child_weight": 0.7768526091008902, "log10_subsample": 0.0, "max_depth": 2.0, "num_boost_round": 12.0}, "datetime": {"datetime": "2024-01-19 00:26:21", "elapsed": 882.685448, "delta": 0.001432}}
{"target": -13.772843309412512, "params": {"gamma": 990.195143558676, "log10_alpha": -0.6713302099974419, "log10_colsample_bytree": -0.08272446987873616, "log10_eta": -0.7978940762935802, "log10_lambda": -4.893608315594745, "log10_min_child_weight": 2.475276739932217, "log10_subsample": -0.3674352551147564, "max_depth": 7.0, "num_boost_round": 0.0}, "datetime": {"datetime": "2024-01-19 00:26:50", "elapsed": 911.556401, "delta": 28.870953}}
{"target": -13.783131651112514, "params": {"gamma": 990.195143558676, "log10_alpha": -0.6713302099974419, "log10_colsample_bytree": -0.08272446987873616, "log10_eta": -0.7978940762935802, "log10_lambda": -4.893608315594745, "log10_min_child_weight": 2.475276739932217, "log10_subsample": -0.3674352551147564, "max_depth": 7.0, "num_boost_round": 1.0}, "datetime": {"datetime": "2024-01-19 00:26:50", "elapsed": 911.558513, "delta": 0.002112}}
{"target": -13.804126049049893, "params": {"gamma": 990.195143558676, "log10_alpha": -0.6713302099974419, "log10_colsample_bytree": -0.08272446987873616, "log10_eta": -0.7978940762935802, "log10_lambda": -4.893608315594745, "log10_min_child_weight": 2.475276739932217, "log10_subsample": -0.3674352551147564, "max_depth": 7.0, "num_boost_round": 2.0}, "datetime": {"datetime": "2024-01-19 00:26:50", "elapsed": 911.560296, "delta": 0.001783}}
{"target": -13.81778605982559, "params": {"gamma": 990.195143558676, "log10_alpha": -0.6713302099974419, "log10_colsample_bytree": -0.08272446987873616, "log10_eta": -0.7978940762935802, "log10_lambda": -4.893608315594745, "log10_min_child_weight": 2.475276739932217, "log10_subsample": -0.3674352551147564, "max_depth": 7.0, "num_boost_round": 3.0}, "datetime": {"datetime": "2024-01-19 00:26:50", "elapsed": 911.561849, "delta": 0.001553}}
{"target": -13.82519149935117, "params": {"gamma": 990.195143558676, "log10_alpha": -0.6713302099974419, "log10_colsample_bytree": -0.08272446987873616, "log10_eta": -0.7978940762935802, "log10_lambda": -4.893608315594745, "log10_min_child_weight": 2.475276739932217, "log10_subsample": -0.3674352551147564, "max_depth": 7.0, "num_boost_round": 4.0}, "datetime": {"datetime": "2024-01-19 00:26:50", "elapsed": 911.563276, "delta": 0.001427}}
{"target": -13.836034363257665, "params": {"gamma": 990.195143558676, "log10_alpha": -0.6713302099974419, "log10_colsample_bytree": -0.08272446987873616, "log10_eta": -0.7978940762935802, "log10_lambda": -4.893608315594745, "log10_min_child_weight": 2.475276739932217, "log10_subsample": -0.3674352551147564, "max_depth": 7.0, "num_boost_round": 5.0}, "datetime": {"datetime": "2024-01-19 00:26:50", "elapsed": 911.564706, "delta": 0.00143}}
{"target": -13.841877303389428, "params": {"gamma": 990.195143558676, "log10_alpha": -0.6713302099974419, "log10_colsample_bytree": -0.08272446987873616, "log10_eta": -0.7978940762935802, "log10_lambda": -4.893608315594745, "log10_min_child_weight": 2.475276739932217, "log10_subsample": -0.3674352551147564, "max_depth": 7.0, "num_boost_round": 6.0}, "datetime": {"datetime": "2024-01-19 00:26:50", "elapsed": 911.566198, "delta": 0.001492}}
{"target": -13.859757745067062, "params": {"gamma": 990.195143558676, "log10_alpha": -0.6713302099974419, "log10_colsample_bytree": -0.08272446987873616, "log10_eta": -0.7978940762935802, "log10_lambda": -4.893608315594745, "log10_min_child_weight": 2.475276739932217, "log10_subsample": -0.3674352551147564, "max_depth": 7.0, "num_boost_round": 7.0}, "datetime": {"datetime": "2024-01-19 00:26:50", "elapsed": 911.567699, "delta": 0.001501}}
{"target": -13.86875078743341, "params": {"gamma": 990.195143558676, "log10_alpha": -0.6713302099974419, "log10_colsample_bytree": -0.08272446987873616, "log10_eta": -0.7978940762935802, "log10_lambda": -4.893608315594745, "log10_min_child_weight": 2.475276739932217, "log10_subsample": -0.3674352551147564, "max_depth": 7.0, "num_boost_round": 8.0}, "datetime": {"datetime": "2024-01-19 00:26:50", "elapsed": 911.569125, "delta": 0.001426}}
{"target": -13.87623243044138, "params": {"gamma": 990.195143558676, "log10_alpha": -0.6713302099974419, "log10_colsample_bytree": -0.08272446987873616, "log10_eta": -0.7978940762935802, "log10_lambda": -4.893608315594745, "log10_min_child_weight": 2.475276739932217, "log10_subsample": -0.3674352551147564, "max_depth": 7.0, "num_boost_round": 9.0}, "datetime": {"datetime": "2024-01-19 00:26:50", "elapsed": 911.570531, "delta": 0.001406}}
{"target": -13.87788698751441, "params": {"gamma": 990.195143558676, "log10_alpha": -0.6713302099974419, "log10_colsample_bytree": -0.08272446987873616, "log10_eta": -0.7978940762935802, "log10_lambda": -4.893608315594745, "log10_min_child_weight": 2.475276739932217, "log10_subsample": -0.3674352551147564, "max_depth": 7.0, "num_boost_round": 10.0}, "datetime": {"datetime": "2024-01-19 00:26:50", "elapsed": 911.571957, "delta": 0.001426}}
{"target": -13.897986768545312, "params": {"gamma": 990.195143558676, "log10_alpha": -0.6713302099974419, "log10_colsample_bytree": -0.08272446987873616, "log10_eta": -0.7978940762935802, "log10_lambda": -4.893608315594745, "log10_min_child_weight": 2.475276739932217, "log10_subsample": -0.3674352551147564, "max_depth": 7.0, "num_boost_round": 11.0}, "datetime": {"datetime": "2024-01-19 00:26:50", "elapsed": 911.573383, "delta": 0.001426}}
{"target": -13.908918252895734, "params": {"gamma": 990.195143558676, "log10_alpha": -0.6713302099974419, "log10_colsample_bytree": -0.08272446987873616, "log10_eta": -0.7978940762935802, "log10_lambda": -4.893608315594745, "log10_min_child_weight": 2.475276739932217, "log10_subsample": -0.3674352551147564, "max_depth": 7.0, "num_boost_round": 12.0}, "datetime": {"datetime": "2024-01-19 00:26:50", "elapsed": 911.574805, "delta": 0.001422}}
{"target": -13.960669774325329, "params": {"gamma": 990.195143558676, "log10_alpha": -0.6713302099974419, "log10_colsample_bytree": -0.08272446987873616, "log10_eta": -0.7978940762935802, "log10_lambda": -4.893608315594745, "log10_min_child_weight": 2.475276739932217, "log10_subsample": -0.3674352551147564, "max_depth": 7.0, "num_boost_round": 13.0}, "datetime": {"datetime": "2024-01-19 00:26:50", "elapsed": 911.576235, "delta": 0.00143}}
{"target": -13.966588076264095, "params": {"gamma": 990.195143558676, "log10_alpha": -0.6713302099974419, "log10_colsample_bytree": -0.08272446987873616, "log10_eta": -0.7978940762935802, "log10_lambda": -4.893608315594745, "log10_min_child_weight": 2.475276739932217, "log10_subsample": -0.3674352551147564, "max_depth": 7.0, "num_boost_round": 14.0}, "datetime": {"datetime": "2024-01-19 00:26:50", "elapsed": 911.577722, "delta": 0.001487}}
{"target": -13.974539357381595, "params": {"gamma": 990.195143558676, "log10_alpha": -0.6713302099974419, "log10_colsample_bytree": -0.08272446987873616, "log10_eta": -0.7978940762935802, "log10_lambda": -4.893608315594745, "log10_min_child_weight": 2.475276739932217, "log10_subsample": -0.3674352551147564, "max_depth": 7.0, "num_boost_round": 15.0}, "datetime": {"datetime": "2024-01-19 00:26:50", "elapsed": 911.579148, "delta": 0.001426}}
{"target": -13.992293690269795, "params": {"gamma": 990.195143558676, "log10_alpha": -0.6713302099974419, "log10_colsample_bytree": -0.08272446987873616, "log10_eta": -0.7978940762935802, "log10_lambda": -4.893608315594745, "log10_min_child_weight": 2.475276739932217, "log10_subsample": -0.3674352551147564, "max_depth": 7.0, "num_boost_round": 16.0}, "datetime": {"datetime": "2024-01-19 00:26:50", "elapsed": 911.580575, "delta": 0.001427}}
{"target": -13.991955412624545, "params": {"gamma": 990.195143558676, "log10_alpha": -0.6713302099974419, "log10_colsample_bytree": -0.08272446987873616, "log10_eta": -0.7978940762935802, "log10_lambda": -4.893608315594745, "log10_min_child_weight": 2.475276739932217, "log10_subsample": -0.3674352551147564, "max_depth": 7.0, "num_boost_round": 17.0}, "datetime": {"datetime": "2024-01-19 00:26:50", "elapsed": 911.581997, "delta": 0.001422}}
{"target": -13.99812960608525, "params": {"gamma": 990.195143558676, "log10_alpha": -0.6713302099974419, "log10_colsample_bytree": -0.08272446987873616, "log10_eta": -0.7978940762935802, "log10_lambda": -4.893608315594745, "log10_min_child_weight": 2.475276739932217, "log10_subsample": -0.3674352551147564, "max_depth": 7.0, "num_boost_round": 18.0}, "datetime": {"datetime": "2024-01-19 00:26:50", "elapsed": 911.583416, "delta": 0.001419}}
{"target": -14.000042435767458, "params": {"gamma": 990.195143558676, "log10_alpha": -0.6713302099974419, "log10_colsample_bytree": -0.08272446987873616, "log10_eta": -0.7978940762935802, "log10_lambda": -4.893608315594745, "log10_min_child_weight": 2.475276739932217, "log10_subsample": -0.3674352551147564, "max_depth": 7.0, "num_boost_round": 19.0}, "datetime": {"datetime": "2024-01-19 00:26:50", "elapsed": 911.584845, "delta": 0.001429}}
{"target": -14.026038766543255, "params": {"gamma": 990.195143558676, "log10_alpha": -0.6713302099974419, "log10_colsample_bytree": -0.08272446987873616, "log10_eta": -0.7978940762935802, "log10_lambda": -4.893608315594745, "log10_min_child_weight": 2.475276739932217, "log10_subsample": -0.3674352551147564, "max_depth": 7.0, "num_boost_round": 20.0}, "datetime": {"datetime": "2024-01-19 00:26:50", "elapsed": 911.586356, "delta": 0.001511}}
{"target": -14.030985422953368, "params": {"gamma": 990.195143558676, "log10_alpha": -0.6713302099974419, "log10_colsample_bytree": -0.08272446987873616, "log10_eta": -0.7978940762935802, "log10_lambda": -4.893608315594745, "log10_min_child_weight": 2.475276739932217, "log10_subsample": -0.3674352551147564, "max_depth": 7.0, "num_boost_round": 21.0}, "datetime": {"datetime": "2024-01-19 00:26:50", "elapsed": 911.587829, "delta": 0.001473}}
{"target": -14.05661442371451, "params": {"gamma": 990.195143558676, "log10_alpha": -0.6713302099974419, "log10_colsample_bytree": -0.08272446987873616, "log10_eta": -0.7978940762935802, "log10_lambda": -4.893608315594745, "log10_min_child_weight": 2.475276739932217, "log10_subsample": -0.3674352551147564, "max_depth": 7.0, "num_boost_round": 22.0}, "datetime": {"datetime": "2024-01-19 00:26:50", "elapsed": 911.589265, "delta": 0.001436}}
{"target": -14.083780314152529, "params": {"gamma": 990.195143558676, "log10_alpha": -0.6713302099974419, "log10_colsample_bytree": -0.08272446987873616, "log10_eta": -0.7978940762935802, "log10_lambda": -4.893608315594745, "log10_min_child_weight": 2.475276739932217, "log10_subsample": -0.3674352551147564, "max_depth": 7.0, "num_boost_round": 23.0}, "datetime": {"datetime": "2024-01-19 00:26:50", "elapsed": 911.590692, "delta": 0.001427}}
{"target": -14.090215160931253, "params": {"gamma": 990.195143558676, "log10_alpha": -0.6713302099974419, "log10_colsample_bytree": -0.08272446987873616, "log10_eta": -0.7978940762935802, "log10_lambda": -4.893608315594745, "log10_min_child_weight": 2.475276739932217, "log10_subsample": -0.3674352551147564, "max_depth": 7.0, "num_boost_round": 24.0}, "datetime": {"datetime": "2024-01-19 00:26:50", "elapsed": 911.592121, "delta": 0.001429}}
{"target": -14.096455162291157, "params": {"gamma": 990.195143558676, "log10_alpha": -0.6713302099974419, "log10_colsample_bytree": -0.08272446987873616, "log10_eta": -0.7978940762935802, "log10_lambda": -4.893608315594745, "log10_min_child_weight": 2.475276739932217, "log10_subsample": -0.3674352551147564, "max_depth": 7.0, "num_boost_round": 25.0}, "datetime": {"datetime": "2024-01-19 00:26:50", "elapsed": 911.593569, "delta": 0.001448}}
{"target": -14.1050064858711, "params": {"gamma": 990.195143558676, "log10_alpha": -0.6713302099974419, "log10_colsample_bytree": -0.08272446987873616, "log10_eta": -0.7978940762935802, "log10_lambda": -4.893608315594745, "log10_min_child_weight": 2.475276739932217, "log10_subsample": -0.3674352551147564, "max_depth": 7.0, "num_boost_round": 26.0}, "datetime": {"datetime": "2024-01-19 00:26:50", "elapsed": 911.595023, "delta": 0.001454}}
{"target": -14.109378465520951, "params": {"gamma": 990.195143558676, "log10_alpha": -0.6713302099974419, "log10_colsample_bytree": -0.08272446987873616, "log10_eta": -0.7978940762935802, "log10_lambda": -4.893608315594745, "log10_min_child_weight": 2.475276739932217, "log10_subsample": -0.3674352551147564, "max_depth": 7.0, "num_boost_round": 27.0}, "datetime": {"datetime": "2024-01-19 00:26:50", "elapsed": 911.596448, "delta": 0.001425}}
{"target": -14.114456798865653, "params": {"gamma": 990.195143558676, "log10_alpha": -0.6713302099974419, "log10_colsample_bytree": -0.08272446987873616, "log10_eta": -0.7978940762935802, "log10_lambda": -4.893608315594745, "log10_min_child_weight": 2.475276739932217, "log10_subsample": -0.3674352551147564, "max_depth": 7.0, "num_boost_round": 28.0}, "datetime": {"datetime": "2024-01-19 00:26:50", "elapsed": 911.597952, "delta": 0.001504}}
{"target": -14.118041915455203, "params": {"gamma": 990.195143558676, "log10_alpha": -0.6713302099974419, "log10_colsample_bytree": -0.08272446987873616, "log10_eta": -0.7978940762935802, "log10_lambda": -4.893608315594745, "log10_min_child_weight": 2.475276739932217, "log10_subsample": -0.3674352551147564, "max_depth": 7.0, "num_boost_round": 29.0}, "datetime": {"datetime": "2024-01-19 00:26:50", "elapsed": 911.599391, "delta": 0.001439}}
{"target": -14.124214797296474, "params": {"gamma": 990.195143558676, "log10_alpha": -0.6713302099974419, "log10_colsample_bytree": -0.08272446987873616, "log10_eta": -0.7978940762935802, "log10_lambda": -4.893608315594745, "log10_min_child_weight": 2.475276739932217, "log10_subsample": -0.3674352551147564, "max_depth": 7.0, "num_boost_round": 30.0}, "datetime": {"datetime": "2024-01-19 00:26:50", "elapsed": 911.600824, "delta": 0.001433}}
{"target": -14.131094340777024, "params": {"gamma": 990.195143558676, "log10_alpha": -0.6713302099974419, "log10_colsample_bytree": -0.08272446987873616, "log10_eta": -0.7978940762935802, "log10_lambda": -4.893608315594745, "log10_min_child_weight": 2.475276739932217, "log10_subsample": -0.3674352551147564, "max_depth": 7.0, "num_boost_round": 31.0}, "datetime": {"datetime": "2024-01-19 00:26:50", "elapsed": 911.602283, "delta": 0.001459}}
{"target": -13.758537203974239, "params": {"gamma": 976.8717197425052, "log10_alpha": 0.18596737816985076, "log10_colsample_bytree": -0.5825694397131737, "log10_eta": -3.8987869537510496, "log10_lambda": -1.9193424889930393, "log10_min_child_weight": 4.269484888792788, "log10_subsample": -0.1948658220166939, "max_depth": 4.0, "num_boost_round": 0.0}, "datetime": {"datetime": "2024-01-19 00:27:22", "elapsed": 943.184198, "delta": 31.581915}}
{"target": -13.758537281391796, "params": {"gamma": 976.8717197425052, "log10_alpha": 0.18596737816985076, "log10_colsample_bytree": -0.5825694397131737, "log10_eta": -3.8987869537510496, "log10_lambda": -1.9193424889930393, "log10_min_child_weight": 4.269484888792788, "log10_subsample": -0.1948658220166939, "max_depth": 4.0, "num_boost_round": 1.0}, "datetime": {"datetime": "2024-01-19 00:27:22", "elapsed": 943.186026, "delta": 0.001828}}
{"target": -13.758537665220432, "params": {"gamma": 976.8717197425052, "log10_alpha": 0.18596737816985076, "log10_colsample_bytree": -0.5825694397131737, "log10_eta": -3.8987869537510496, "log10_lambda": -1.9193424889930393, "log10_min_child_weight": 4.269484888792788, "log10_subsample": -0.1948658220166939, "max_depth": 4.0, "num_boost_round": 2.0}, "datetime": {"datetime": "2024-01-19 00:27:22", "elapsed": 943.187673, "delta": 0.001647}}
{"target": -13.75853734351851, "params": {"gamma": 976.8717197425052, "log10_alpha": 0.18596737816985076, "log10_colsample_bytree": -0.5825694397131737, "log10_eta": -3.8987869537510496, "log10_lambda": -1.9193424889930393, "log10_min_child_weight": 4.269484888792788, "log10_subsample": -0.1948658220166939, "max_depth": 4.0, "num_boost_round": 3.0}, "datetime": {"datetime": "2024-01-19 00:27:22", "elapsed": 943.18939, "delta": 0.001717}}
{"target": -13.75853641456881, "params": {"gamma": 976.8717197425052, "log10_alpha": 0.18596737816985076, "log10_colsample_bytree": -0.5825694397131737, "log10_eta": -3.8987869537510496, "log10_lambda": -1.9193424889930393, "log10_min_child_weight": 4.269484888792788, "log10_subsample": -0.1948658220166939, "max_depth": 4.0, "num_boost_round": 4.0}, "datetime": {"datetime": "2024-01-19 00:27:22", "elapsed": 943.190857, "delta": 0.001467}}
{"target": -13.758536695745008, "params": {"gamma": 976.8717197425052, "log10_alpha": 0.18596737816985076, "log10_colsample_bytree": -0.5825694397131737, "log10_eta": -3.8987869537510496, "log10_lambda": -1.9193424889930393, "log10_min_child_weight": 4.269484888792788, "log10_subsample": -0.1948658220166939, "max_depth": 4.0, "num_boost_round": 5.0}, "datetime": {"datetime": "2024-01-19 00:27:22", "elapsed": 943.192327, "delta": 0.00147}}
{"target": -13.758538110578733, "params": {"gamma": 976.8717197425052, "log10_alpha": 0.18596737816985076, "log10_colsample_bytree": -0.5825694397131737, "log10_eta": -3.8987869537510496, "log10_lambda": -1.9193424889930393, "log10_min_child_weight": 4.269484888792788, "log10_subsample": -0.1948658220166939, "max_depth": 4.0, "num_boost_round": 6.0}, "datetime": {"datetime": "2024-01-19 00:27:22", "elapsed": 943.193768, "delta": 0.001441}}
{"target": -13.758538450171873, "params": {"gamma": 976.8717197425052, "log10_alpha": 0.18596737816985076, "log10_colsample_bytree": -0.5825694397131737, "log10_eta": -3.8987869537510496, "log10_lambda": -1.9193424889930393, "log10_min_child_weight": 4.269484888792788, "log10_subsample": -0.1948658220166939, "max_depth": 4.0, "num_boost_round": 7.0}, "datetime": {"datetime": "2024-01-19 00:27:22", "elapsed": 943.195203, "delta": 0.001435}}
