{"target": -14.197014035342708, "params": {"gamma": 977.0435519464828, "log10_alpha": -1.6700614927714357, "log10_colsample_bytree": -0.1688752727173265, "log10_eta": -0.3553167787852476, "log10_lambda": 0.4950756166645931, "log10_min_child_weight": 1.5788337789271678, "log10_subsample": -0.8909712826731101, "max_depth": 8.0, "num_boost_round": 5.0}, "datetime": {"datetime": "2024-01-19 00:33:39", "elapsed": 1320.502392, "delta": 0.002007}}
{"target": -14.259479797520054, "params": {"gamma": 977.0435519464828, "log10_alpha": -1.6700614927714357, "log10_colsample_bytree": -0.1688752727173265, "log10_eta": -0.3553167787852476, "log10_lambda": 0.4950756166645931, "log10_min_child_weight": 1.5788337789271678, "log10_subsample": -0.8909712826731101, "max_depth": 8.0, "num_boost_round": 6.0}, "datetime": {"datetime": "2024-01-19 00:33:39", "elapsed": 1320.504422, "delta": 0.00203}}
{"target": -14.291170432392637, "params": {"gamma": 977.0435519464828, "log10_alpha": -1.6700614927714357, "log10_colsample_bytree": -0.1688752727173265, "log10_eta": -0.3553167787852476, "log10_lambda": 0.4950756166645931, "log10_min_child_weight": 1.5788337789271678, "log10_subsample": -0.8909712826731101, "max_depth": 8.0, "num_boost_round": 7.0}, "datetime": {"datetime": "2024-01-19 00:33:39", "elapsed": 1320.506548, "delta": 0.002126}}
{"target": -14.331767884377545, "params": {"gamma": 977.0435519464828, "log10_alpha": -1.6700614927714357, "log10_colsample_bytree": -0.1688752727173265, "log10_eta": -0.3553167787852476, "log10_lambda": 0.4950756166645931, "log10_min_child_weight": 1.5788337789271678, "log10_subsample": -0.8909712826731101, "max_depth": 8.0, "num_boost_round": 8.0}, "datetime": {"datetime": "2024-01-19 00:33:39", "elapsed": 1320.508726, "delta": 0.002178}}
{"target": -14.37231508454576, "params": {"gamma": 977.0435519464828, "log10_alpha": -1.6700614927714357, "log10_colsample_bytree": -0.1688752727173265, "log10_eta": -0.3553167787852476, "log10_lambda": 0.4950756166645931, "log10_min_child_weight": 1.5788337789271678, "log10_subsample": -0.8909712826731101, "max_depth": 8.0, "num_boost_round": 9.0}, "datetime": {"datetime": "2024-01-19 00:33:39", "elapsed": 1320.51079, "delta": 0.002064}}
{"target": -14.386438981545483, "params": {"gamma": 977.0435519464828, "log10_alpha": -1.6700614927714357, "log10_colsample_bytree": -0.1688752727173265, "log10_eta": -0.3553167787852476, "log10_lambda": 0.4950756166645931, "log10_min_child_weight": 1.5788337789271678, "log10_subsample": -0.8909712826731101, "max_depth": 8.0, "num_boost_round": 10.0}, "datetime": {"datetime": "2024-01-19 00:33:39", "elapsed": 1320.512799, "delta": 0.002009}}
{"target": -14.412745024418998, "params": {"gamma": 977.0435519464828, "log10_alpha": -1.6700614927714357, "log10_colsample_bytree": -0.1688752727173265, "log10_eta": -0.3553167787852476, "log10_lambda": 0.4950756166645931, "log10_min_child_weight": 1.5788337789271678, "log10_subsample": -0.8909712826731101, "max_depth": 8.0, "num_boost_round": 11.0}, "datetime": {"datetime": "2024-01-19 00:33:39", "elapsed": 1320.514811, "delta": 0.002012}}
{"target": -14.449305705842495, "params": {"gamma": 977.0435519464828, "log10_alpha": -1.6700614927714357, "log10_colsample_bytree": -0.1688752727173265, "log10_eta": -0.3553167787852476, "log10_lambda": 0.4950756166645931, "log10_min_child_weight": 1.5788337789271678, "log10_subsample": -0.8909712826731101, "max_depth": 8.0, "num_boost_round": 12.0}, "datetime": {"datetime": "2024-01-19 00:33:39", "elapsed": 1320.516817, "delta": 0.002006}}
{"target": -14.537046236021794, "params": {"gamma": 977.0435519464828, "log10_alpha": -1.6700614927714357, "log10_colsample_bytree": -0.1688752727173265, "log10_eta": -0.3553167787852476, "log10_lambda": 0.4950756166645931, "log10_min_child_weight": 1.5788337789271678, "log10_subsample": -0.8909712826731101, "max_depth": 8.0, "num_boost_round": 13.0}, "datetime": {"datetime": "2024-01-19 00:33:39", "elapsed": 1320.518898, "delta": 0.002081}}
{"target": -14.567724733754067, "params": {"gamma": 977.0435519464828, "log10_alpha": -1.6700614927714357, "log10_colsample_bytree": -0.1688752727173265, "log10_eta": -0.3553167787852476, "log10_lambda": 0.4950756166645931, "log10_min_child_weight": 1.5788337789271678, "log10_subsample": -0.8909712826731101, "max_depth": 8.0, "num_boost_round": 14.0}, "datetime": {"datetime": "2024-01-19 00:33:39", "elapsed": 1320.52092, "delta": 0.002022}}
{"target": -14.592964659231706, "params": {"gamma": 977.0435519464828, "log10_alpha": -1.6700614927714357, "log10_colsample_bytree": -0.1688752727173265, "log10_eta": -0.3553167787852476, "log10_lambda": 0.4950756166645931, "log10_min_child_weight": 1.5788337789271678, "log10_subsample": -0.8909712826731101, "max_depth": 8.0, "num_boost_round": 15.0}, "datetime": {"datetime": "2024-01-19 00:33:39", "elapsed": 1320.522952, "delta": 0.002032}}
{"target": -14.61334851690369, "params": {"gamma": 977.0435519464828, "log10_alpha": -1.6700614927714357, "log10_colsample_bytree": -0.1688752727173265, "log10_eta": -0.3553167787852476, "log10_lambda": 0.4950756166645931, "log10_min_child_weight": 1.5788337789271678, "log10_subsample": -0.8909712826731101, "max_depth": 8.0, "num_boost_round": 16.0}, "datetime": {"datetime": "2024-01-19 00:33:39", "elapsed": 1320.524985, "delta": 0.002033}}
{"target": -14.627690521456767, "params": {"gamma": 977.0435519464828, "log10_alpha": -1.6700614927714357, "log10_colsample_bytree": -0.1688752727173265, "log10_eta": -0.3553167787852476, "log10_lambda": 0.4950756166645931, "log10_min_child_weight": 1.5788337789271678, "log10_subsample": -0.8909712826731101, "max_depth": 8.0, "num_boost_round": 17.0}, "datetime": {"datetime": "2024-01-19 00:33:39", "elapsed": 1320.527075, "delta": 0.00209}}
{"target": -14.655990397399343, "params": {"gamma": 977.0435519464828, "log10_alpha": -1.6700614927714357, "log10_colsample_bytree": -0.1688752727173265, "log10_eta": -0.3553167787852476, "log10_lambda": 0.4950756166645931, "log10_min_child_weight": 1.5788337789271678, "log10_subsample": -0.8909712826731101, "max_depth": 8.0, "num_boost_round": 18.0}, "datetime": {"datetime": "2024-01-19 00:33:39", "elapsed": 1320.529136, "delta": 0.002061}}
{"target": -14.67573693679367, "params": {"gamma": 977.0435519464828, "log10_alpha": -1.6700614927714357, "log10_colsample_bytree": -0.1688752727173265, "log10_eta": -0.3553167787852476, "log10_lambda": 0.4950756166645931, "log10_min_child_weight": 1.5788337789271678, "log10_subsample": -0.8909712826731101, "max_depth": 8.0, "num_boost_round": 19.0}, "datetime": {"datetime": "2024-01-19 00:33:39", "elapsed": 1320.531182, "delta": 0.002046}}
{"target": -14.686208426441652, "params": {"gamma": 977.0435519464828, "log10_alpha": -1.6700614927714357, "log10_colsample_bytree": -0.1688752727173265, "log10_eta": -0.3553167787852476, "log10_lambda": 0.4950756166645931, "log10_min_child_weight": 1.5788337789271678, "log10_subsample": -0.8909712826731101, "max_depth": 8.0, "num_boost_round": 20.0}, "datetime": {"datetime": "2024-01-19 00:33:39", "elapsed": 1320.533222, "delta": 0.00204}}
{"target": -14.721173292071468, "params": {"gamma": 977.0435519464828, "log10_alpha": -1.6700614927714357, "log10_colsample_bytree": -0.1688752727173265, "log10_eta": -0.3553167787852476, "log10_lambda": 0.4950756166645931, "log10_min_child_weight": 1.5788337789271678, "log10_subsample": -0.8909712826731101, "max_depth": 8.0, "num_boost_round": 21.0}, "datetime": {"datetime": "2024-01-19 00:33:39", "elapsed": 1320.535243, "delta": 0.002021}}
{"target": -14.745789136421605, "params": {"gamma": 977.0435519464828, "log10_alpha": -1.6700614927714357, "log10_colsample_bytree": -0.1688752727173265, "log10_eta": -0.3553167787852476, "log10_lambda": 0.4950756166645931, "log10_min_child_weight": 1.5788337789271678, "log10_subsample": -0.8909712826731101, "max_depth": 8.0, "num_boost_round": 22.0}, "datetime": {"datetime": "2024-01-19 00:33:39", "elapsed": 1320.537365, "delta": 0.002122}}
{"target": -14.773905353176763, "params": {"gamma": 977.0435519464828, "log10_alpha": -1.6700614927714357, "log10_colsample_bytree": -0.1688752727173265, "log10_eta": -0.3553167787852476, "log10_lambda": 0.4950756166645931, "log10_min_child_weight": 1.5788337789271678, "log10_subsample": -0.8909712826731101, "max_depth": 8.0, "num_boost_round": 23.0}, "datetime": {"datetime": "2024-01-19 00:33:39", "elapsed": 1320.539391, "delta": 0.002026}}
{"target": -14.810467271141174, "params": {"gamma": 977.0435519464828, "log10_alpha": -1.6700614927714357, "log10_colsample_bytree": -0.1688752727173265, "log10_eta": -0.3553167787852476, "log10_lambda": 0.4950756166645931, "log10_min_child_weight": 1.5788337789271678, "log10_subsample": -0.8909712826731101, "max_depth": 8.0, "num_boost_round": 24.0}, "datetime": {"datetime": "2024-01-19 00:33:39", "elapsed": 1320.541442, "delta": 0.002051}}
{"target": -14.819231646328282, "params": {"gamma": 977.0435519464828, "log10_alpha": -1.6700614927714357, "log10_colsample_bytree": -0.1688752727173265, "log10_eta": -0.3553167787852476, "log10_lambda": 0.4950756166645931, "log10_min_child_weight": 1.5788337789271678, "log10_subsample": -0.8909712826731101, "max_depth": 8.0, "num_boost_round": 25.0}, "datetime": {"datetime": "2024-01-19 00:33:39", "elapsed": 1320.543477, "delta": 0.002035}}
{"target": -14.835266329520321, "params": {"gamma": 977.0435519464828, "log10_alpha": -1.6700614927714357, "log10_colsample_bytree": -0.1688752727173265, "log10_eta": -0.3553167787852476, "log10_lambda": 0.4950756166645931, "log10_min_child_weight": 1.5788337789271678, "log10_subsample": -0.8909712826731101, "max_depth": 8.0, "num_boost_round": 26.0}, "datetime": {"datetime": "2024-01-19 00:33:39", "elapsed": 1320.545501, "delta": 0.002024}}
{"target": -14.86975055824782, "params": {"gamma": 977.0435519464828, "log10_alpha": -1.6700614927714357, "log10_colsample_bytree": -0.1688752727173265, "log10_eta": -0.3553167787852476, "log10_lambda": 0.4950756166645931, "log10_min_child_weight": 1.5788337789271678, "log10_subsample": -0.8909712826731101, "max_depth": 8.0, "num_boost_round": 27.0}, "datetime": {"datetime": "2024-01-19 00:33:39", "elapsed": 1320.547669, "delta": 0.002168}}
{"target": -14.873730933802973, "params": {"gamma": 977.0435519464828, "log10_alpha": -1.6700614927714357, "log10_colsample_bytree": -0.1688752727173265, "log10_eta": -0.3553167787852476, "log10_lambda": 0.4950756166645931, "log10_min_child_weight": 1.5788337789271678, "log10_subsample": -0.8909712826731101, "max_depth": 8.0, "num_boost_round": 28.0}, "datetime": {"datetime": "2024-01-19 00:33:39", "elapsed": 1320.549702, "delta": 0.002033}}
{"target": -14.89103094680797, "params": {"gamma": 977.0435519464828, "log10_alpha": -1.6700614927714357, "log10_colsample_bytree": -0.1688752727173265, "log10_eta": -0.3553167787852476, "log10_lambda": 0.4950756166645931, "log10_min_child_weight": 1.5788337789271678, "log10_subsample": -0.8909712826731101, "max_depth": 8.0, "num_boost_round": 29.0}, "datetime": {"datetime": "2024-01-19 00:33:39", "elapsed": 1320.551737, "delta": 0.002035}}
{"target": -14.904866861188149, "params": {"gamma": 977.0435519464828, "log10_alpha": -1.6700614927714357, "log10_colsample_bytree": -0.1688752727173265, "log10_eta": -0.3553167787852476, "log10_lambda": 0.4950756166645931, "log10_min_child_weight": 1.5788337789271678, "log10_subsample": -0.8909712826731101, "max_depth": 8.0, "num_boost_round": 30.0}, "datetime": {"datetime": "2024-01-19 00:33:39", "elapsed": 1320.553778, "delta": 0.002041}}
{"target": -14.918420239026549, "params": {"gamma": 977.0435519464828, "log10_alpha": -1.6700614927714357, "log10_colsample_bytree": -0.1688752727173265, "log10_eta": -0.3553167787852476, "log10_lambda": 0.4950756166645931, "log10_min_child_weight": 1.5788337789271678, "log10_subsample": -0.8909712826731101, "max_depth": 8.0, "num_boost_round": 31.0}, "datetime": {"datetime": "2024-01-19 00:33:39", "elapsed": 1320.555819, "delta": 0.002041}}
{"target": -14.933956775940496, "params": {"gamma": 977.0435519464828, "log10_alpha": -1.6700614927714357, "log10_colsample_bytree": -0.1688752727173265, "log10_eta": -0.3553167787852476, "log10_lambda": 0.4950756166645931, "log10_min_child_weight": 1.5788337789271678, "log10_subsample": -0.8909712826731101, "max_depth": 8.0, "num_boost_round": 32.0}, "datetime": {"datetime": "2024-01-19 00:33:39", "elapsed": 1320.558025, "delta": 0.002206}}
{"target": -14.939589056717224, "params": {"gamma": 977.0435519464828, "log10_alpha": -1.6700614927714357, "log10_colsample_bytree": -0.1688752727173265, "log10_eta": -0.3553167787852476, "log10_lambda": 0.4950756166645931, "log10_min_child_weight": 1.5788337789271678, "log10_subsample": -0.8909712826731101, "max_depth": 8.0, "num_boost_round": 33.0}, "datetime": {"datetime": "2024-01-19 00:33:39", "elapsed": 1320.560168, "delta": 0.002143}}
{"target": -14.954745358398881, "params": {"gamma": 977.0435519464828, "log10_alpha": -1.6700614927714357, "log10_colsample_bytree": -0.1688752727173265, "log10_eta": -0.3553167787852476, "log10_lambda": 0.4950756166645931, "log10_min_child_weight": 1.5788337789271678, "log10_subsample": -0.8909712826731101, "max_depth": 8.0, "num_boost_round": 34.0}, "datetime": {"datetime": "2024-01-19 00:33:39", "elapsed": 1320.562259, "delta": 0.002091}}
{"target": -14.993886361901836, "params": {"gamma": 977.0435519464828, "log10_alpha": -1.6700614927714357, "log10_colsample_bytree": -0.1688752727173265, "log10_eta": -0.3553167787852476, "log10_lambda": 0.4950756166645931, "log10_min_child_weight": 1.5788337789271678, "log10_subsample": -0.8909712826731101, "max_depth": 8.0, "num_boost_round": 35.0}, "datetime": {"datetime": "2024-01-19 00:33:39", "elapsed": 1320.564304, "delta": 0.002045}}
{"target": -15.007647991212894, "params": {"gamma": 977.0435519464828, "log10_alpha": -1.6700614927714357, "log10_colsample_bytree": -0.1688752727173265, "log10_eta": -0.3553167787852476, "log10_lambda": 0.4950756166645931, "log10_min_child_weight": 1.5788337789271678, "log10_subsample": -0.8909712826731101, "max_depth": 8.0, "num_boost_round": 36.0}, "datetime": {"datetime": "2024-01-19 00:33:39", "elapsed": 1320.566399, "delta": 0.002095}}
{"target": -15.009048935787948, "params": {"gamma": 977.0435519464828, "log10_alpha": -1.6700614927714357, "log10_colsample_bytree": -0.1688752727173265, "log10_eta": -0.3553167787852476, "log10_lambda": 0.4950756166645931, "log10_min_child_weight": 1.5788337789271678, "log10_subsample": -0.8909712826731101, "max_depth": 8.0, "num_boost_round": 37.0}, "datetime": {"datetime": "2024-01-19 00:33:39", "elapsed": 1320.5685, "delta": 0.002101}}
{"target": -15.034373529455051, "params": {"gamma": 977.0435519464828, "log10_alpha": -1.6700614927714357, "log10_colsample_bytree": -0.1688752727173265, "log10_eta": -0.3553167787852476, "log10_lambda": 0.4950756166645931, "log10_min_child_weight": 1.5788337789271678, "log10_subsample": -0.8909712826731101, "max_depth": 8.0, "num_boost_round": 38.0}, "datetime": {"datetime": "2024-01-19 00:33:39", "elapsed": 1320.57056, "delta": 0.00206}}
{"target": -15.050790619919226, "params": {"gamma": 977.0435519464828, "log10_alpha": -1.6700614927714357, "log10_colsample_bytree": -0.1688752727173265, "log10_eta": -0.3553167787852476, "log10_lambda": 0.4950756166645931, "log10_min_child_weight": 1.5788337789271678, "log10_subsample": -0.8909712826731101, "max_depth": 8.0, "num_boost_round": 39.0}, "datetime": {"datetime": "2024-01-19 00:33:39", "elapsed": 1320.572612, "delta": 0.002052}}
{"target": -15.061465497776265, "params": {"gamma": 977.0435519464828, "log10_alpha": -1.6700614927714357, "log10_colsample_bytree": -0.1688752727173265, "log10_eta": -0.3553167787852476, "log10_lambda": 0.4950756166645931, "log10_min_child_weight": 1.5788337789271678, "log10_subsample": -0.8909712826731101, "max_depth": 8.0, "num_boost_round": 40.0}, "datetime": {"datetime": "2024-01-19 00:33:39", "elapsed": 1320.574673, "delta": 0.002061}}
{"target": -15.070728384388692, "params": {"gamma": 977.0435519464828, "log10_alpha": -1.6700614927714357, "log10_colsample_bytree": -0.1688752727173265, "log10_eta": -0.3553167787852476, "log10_lambda": 0.4950756166645931, "log10_min_child_weight": 1.5788337789271678, "log10_subsample": -0.8909712826731101, "max_depth": 8.0, "num_boost_round": 41.0}, "datetime": {"datetime": "2024-01-19 00:33:39", "elapsed": 1320.576734, "delta": 0.002061}}
{"target": -15.087300835393053, "params": {"gamma": 977.0435519464828, "log10_alpha": -1.6700614927714357, "log10_colsample_bytree": -0.1688752727173265, "log10_eta": -0.3553167787852476, "log10_lambda": 0.4950756166645931, "log10_min_child_weight": 1.5788337789271678, "log10_subsample": -0.8909712826731101, "max_depth": 8.0, "num_boost_round": 42.0}, "datetime": {"datetime": "2024-01-19 00:33:39", "elapsed": 1320.578867, "delta": 0.002133}}
{"target": -15.098097875147822, "params": {"gamma": 977.0435519464828, "log10_alpha": -1.6700614927714357, "log10_colsample_bytree": -0.1688752727173265, "log10_eta": -0.3553167787852476, "log10_lambda": 0.4950756166645931, "log10_min_child_weight": 1.5788337789271678, "log10_subsample": -0.8909712826731101, "max_depth": 8.0, "num_boost_round": 43.0}, "datetime": {"datetime": "2024-01-19 00:33:39", "elapsed": 1320.580916, "delta": 0.002049}}
{"target": -15.103678580767154, "params": {"gamma": 977.0435519464828, "log10_alpha": -1.6700614927714357, "log10_colsample_bytree": -0.1688752727173265, "log10_eta": -0.3553167787852476, "log10_lambda": 0.4950756166645931, "log10_min_child_weight": 1.5788337789271678, "log10_subsample": -0.8909712826731101, "max_depth": 8.0, "num_boost_round": 44.0}, "datetime": {"datetime": "2024-01-19 00:33:39", "elapsed": 1320.582996, "delta": 0.00208}}
{"target": -15.123282243925537, "params": {"gamma": 977.0435519464828, "log10_alpha": -1.6700614927714357, "log10_colsample_bytree": -0.1688752727173265, "log10_eta": -0.3553167787852476, "log10_lambda": 0.4950756166645931, "log10_min_child_weight": 1.5788337789271678, "log10_subsample": -0.8909712826731101, "max_depth": 8.0, "num_boost_round": 45.0}, "datetime": {"datetime": "2024-01-19 00:33:39", "elapsed": 1320.585038, "delta": 0.002042}}
{"target": -15.13540705962606, "params": {"gamma": 977.0435519464828, "log10_alpha": -1.6700614927714357, "log10_colsample_bytree": -0.1688752727173265, "log10_eta": -0.3553167787852476, "log10_lambda": 0.4950756166645931, "log10_min_child_weight": 1.5788337789271678, "log10_subsample": -0.8909712826731101, "max_depth": 8.0, "num_boost_round": 46.0}, "datetime": {"datetime": "2024-01-19 00:33:39", "elapsed": 1320.587141, "delta": 0.002103}}
{"target": -15.143274941141176, "params": {"gamma": 977.0435519464828, "log10_alpha": -1.6700614927714357, "log10_colsample_bytree": -0.1688752727173265, "log10_eta": -0.3553167787852476, "log10_lambda": 0.4950756166645931, "log10_min_child_weight": 1.5788337789271678, "log10_subsample": -0.8909712826731101, "max_depth": 8.0, "num_boost_round": 47.0}, "datetime": {"datetime": "2024-01-19 00:33:39", "elapsed": 1320.589231, "delta": 0.00209}}
{"target": -15.152426896078094, "params": {"gamma": 977.0435519464828, "log10_alpha": -1.6700614927714357, "log10_colsample_bytree": -0.1688752727173265, "log10_eta": -0.3553167787852476, "log10_lambda": 0.4950756166645931, "log10_min_child_weight": 1.5788337789271678, "log10_subsample": -0.8909712826731101, "max_depth": 8.0, "num_boost_round": 48.0}, "datetime": {"datetime": "2024-01-19 00:33:39", "elapsed": 1320.591281, "delta": 0.00205}}
{"target": -15.163357093329765, "params": {"gamma": 977.0435519464828, "log10_alpha": -1.6700614927714357, "log10_colsample_bytree": -0.1688752727173265, "log10_eta": -0.3553167787852476, "log10_lambda": 0.4950756166645931, "log10_min_child_weight": 1.5788337789271678, "log10_subsample": -0.8909712826731101, "max_depth": 8.0, "num_boost_round": 49.0}, "datetime": {"datetime": "2024-01-19 00:33:39", "elapsed": 1320.593349, "delta": 0.002068}}
{"target": -15.167445260917576, "params": {"gamma": 977.0435519464828, "log10_alpha": -1.6700614927714357, "log10_colsample_bytree": -0.1688752727173265, "log10_eta": -0.3553167787852476, "log10_lambda": 0.4950756166645931, "log10_min_child_weight": 1.5788337789271678, "log10_subsample": -0.8909712826731101, "max_depth": 8.0, "num_boost_round": 50.0}, "datetime": {"datetime": "2024-01-19 00:33:39", "elapsed": 1320.595404, "delta": 0.002055}}
{"target": -15.176432822638478, "params": {"gamma": 977.0435519464828, "log10_alpha": -1.6700614927714357, "log10_colsample_bytree": -0.1688752727173265, "log10_eta": -0.3553167787852476, "log10_lambda": 0.4950756166645931, "log10_min_child_weight": 1.5788337789271678, "log10_subsample": -0.8909712826731101, "max_depth": 8.0, "num_boost_round": 51.0}, "datetime": {"datetime": "2024-01-19 00:33:39", "elapsed": 1320.597513, "delta": 0.002109}}
{"target": -13.758537657414413, "params": {"gamma": 973.2195353789289, "log10_alpha": -3.3198317100717913, "log10_colsample_bytree": -0.5658374107485251, "log10_eta": -3.7567270388394194, "log10_lambda": -2.164319832363385, "log10_min_child_weight": 4.720988983030441, "log10_subsample": -0.5425284042917835, "max_depth": 3.0, "num_boost_round": 0.0}, "datetime": {"datetime": "2024-01-19 00:34:16", "elapsed": 1357.116023, "delta": 36.51851}}
{"target": -13.75853705659915, "params": {"gamma": 973.2195353789289, "log10_alpha": -3.3198317100717913, "log10_colsample_bytree": -0.5658374107485251, "log10_eta": -3.7567270388394194, "log10_lambda": -2.164319832363385, "log10_min_child_weight": 4.720988983030441, "log10_subsample": -0.5425284042917835, "max_depth": 3.0, "num_boost_round": 1.0}, "datetime": {"datetime": "2024-01-19 00:34:16", "elapsed": 1357.118757, "delta": 0.002734}}
