{"target": -13.769511431306706, "params": {"gamma": 721.1479575491683, "log10_alpha": -0.1887213358108628, "log10_colsample_bytree": -0.17704581934086616, "log10_eta": -1.5464596506308306, "log10_lambda": 0.3633208281121174, "log10_min_child_weight": 3.5304457807073177, "log10_subsample": -0.8537371304422156, "max_depth": 2.0, "num_boost_round": 94.0}, "datetime": {"datetime": "2024-01-19 01:12:11", "elapsed": 3639.278891, "delta": 0.004082}}
{"target": -13.769540630695312, "params": {"gamma": 721.1479575491683, "log10_alpha": -0.1887213358108628, "log10_colsample_bytree": -0.17704581934086616, "log10_eta": -1.5464596506308306, "log10_lambda": 0.3633208281121174, "log10_min_child_weight": 3.5304457807073177, "log10_subsample": -0.8537371304422156, "max_depth": 2.0, "num_boost_round": 95.0}, "datetime": {"datetime": "2024-01-19 01:12:11", "elapsed": 3639.282982, "delta": 0.004091}}
{"target": -13.769746987735253, "params": {"gamma": 721.1479575491683, "log10_alpha": -0.1887213358108628, "log10_colsample_bytree": -0.17704581934086616, "log10_eta": -1.5464596506308306, "log10_lambda": 0.3633208281121174, "log10_min_child_weight": 3.5304457807073177, "log10_subsample": -0.8537371304422156, "max_depth": 2.0, "num_boost_round": 96.0}, "datetime": {"datetime": "2024-01-19 01:12:11", "elapsed": 3639.28698, "delta": 0.003998}}
{"target": -13.76965947094108, "params": {"gamma": 721.1479575491683, "log10_alpha": -0.1887213358108628, "log10_colsample_bytree": -0.17704581934086616, "log10_eta": -1.5464596506308306, "log10_lambda": 0.3633208281121174, "log10_min_child_weight": 3.5304457807073177, "log10_subsample": -0.8537371304422156, "max_depth": 2.0, "num_boost_round": 97.0}, "datetime": {"datetime": "2024-01-19 01:12:11", "elapsed": 3639.291, "delta": 0.00402}}
{"target": -13.769847991631693, "params": {"gamma": 721.1479575491683, "log10_alpha": -0.1887213358108628, "log10_colsample_bytree": -0.17704581934086616, "log10_eta": -1.5464596506308306, "log10_lambda": 0.3633208281121174, "log10_min_child_weight": 3.5304457807073177, "log10_subsample": -0.8537371304422156, "max_depth": 2.0, "num_boost_round": 98.0}, "datetime": {"datetime": "2024-01-19 01:12:11", "elapsed": 3639.295026, "delta": 0.004026}}
{"target": -13.76998323777055, "params": {"gamma": 721.1479575491683, "log10_alpha": -0.1887213358108628, "log10_colsample_bytree": -0.17704581934086616, "log10_eta": -1.5464596506308306, "log10_lambda": 0.3633208281121174, "log10_min_child_weight": 3.5304457807073177, "log10_subsample": -0.8537371304422156, "max_depth": 2.0, "num_boost_round": 99.0}, "datetime": {"datetime": "2024-01-19 01:12:11", "elapsed": 3639.299067, "delta": 0.004041}}
{"target": -13.770241963341842, "params": {"gamma": 721.1479575491683, "log10_alpha": -0.1887213358108628, "log10_colsample_bytree": -0.17704581934086616, "log10_eta": -1.5464596506308306, "log10_lambda": 0.3633208281121174, "log10_min_child_weight": 3.5304457807073177, "log10_subsample": -0.8537371304422156, "max_depth": 2.0, "num_boost_round": 100.0}, "datetime": {"datetime": "2024-01-19 01:12:11", "elapsed": 3639.303233, "delta": 0.004166}}
{"target": -13.77040346771633, "params": {"gamma": 721.1479575491683, "log10_alpha": -0.1887213358108628, "log10_colsample_bytree": -0.17704581934086616, "log10_eta": -1.5464596506308306, "log10_lambda": 0.3633208281121174, "log10_min_child_weight": 3.5304457807073177, "log10_subsample": -0.8537371304422156, "max_depth": 2.0, "num_boost_round": 101.0}, "datetime": {"datetime": "2024-01-19 01:12:11", "elapsed": 3639.307325, "delta": 0.004092}}
{"target": -13.770468689165323, "params": {"gamma": 721.1479575491683, "log10_alpha": -0.1887213358108628, "log10_colsample_bytree": -0.17704581934086616, "log10_eta": -1.5464596506308306, "log10_lambda": 0.3633208281121174, "log10_min_child_weight": 3.5304457807073177, "log10_subsample": -0.8537371304422156, "max_depth": 2.0, "num_boost_round": 102.0}, "datetime": {"datetime": "2024-01-19 01:12:11", "elapsed": 3639.312034, "delta": 0.004709}}
{"target": -13.770475713539778, "params": {"gamma": 721.1479575491683, "log10_alpha": -0.1887213358108628, "log10_colsample_bytree": -0.17704581934086616, "log10_eta": -1.5464596506308306, "log10_lambda": 0.3633208281121174, "log10_min_child_weight": 3.5304457807073177, "log10_subsample": -0.8537371304422156, "max_depth": 2.0, "num_boost_round": 103.0}, "datetime": {"datetime": "2024-01-19 01:12:11", "elapsed": 3639.316282, "delta": 0.004248}}
{"target": -13.770711644636057, "params": {"gamma": 721.1479575491683, "log10_alpha": -0.1887213358108628, "log10_colsample_bytree": -0.17704581934086616, "log10_eta": -1.5464596506308306, "log10_lambda": 0.3633208281121174, "log10_min_child_weight": 3.5304457807073177, "log10_subsample": -0.8537371304422156, "max_depth": 2.0, "num_boost_round": 104.0}, "datetime": {"datetime": "2024-01-19 01:12:11", "elapsed": 3639.320441, "delta": 0.004159}}
{"target": -13.771130272882374, "params": {"gamma": 721.1479575491683, "log10_alpha": -0.1887213358108628, "log10_colsample_bytree": -0.17704581934086616, "log10_eta": -1.5464596506308306, "log10_lambda": 0.3633208281121174, "log10_min_child_weight": 3.5304457807073177, "log10_subsample": -0.8537371304422156, "max_depth": 2.0, "num_boost_round": 105.0}, "datetime": {"datetime": "2024-01-19 01:12:11", "elapsed": 3639.324441, "delta": 0.004}}
{"target": -13.771089959132349, "params": {"gamma": 721.1479575491683, "log10_alpha": -0.1887213358108628, "log10_colsample_bytree": -0.17704581934086616, "log10_eta": -1.5464596506308306, "log10_lambda": 0.3633208281121174, "log10_min_child_weight": 3.5304457807073177, "log10_subsample": -0.8537371304422156, "max_depth": 2.0, "num_boost_round": 106.0}, "datetime": {"datetime": "2024-01-19 01:12:11", "elapsed": 3639.328487, "delta": 0.004046}}
{"target": -13.77124356933122, "params": {"gamma": 721.1479575491683, "log10_alpha": -0.1887213358108628, "log10_colsample_bytree": -0.17704581934086616, "log10_eta": -1.5464596506308306, "log10_lambda": 0.3633208281121174, "log10_min_child_weight": 3.5304457807073177, "log10_subsample": -0.8537371304422156, "max_depth": 2.0, "num_boost_round": 107.0}, "datetime": {"datetime": "2024-01-19 01:12:11", "elapsed": 3639.332646, "delta": 0.004159}}
{"target": -13.771264623060699, "params": {"gamma": 721.1479575491683, "log10_alpha": -0.1887213358108628, "log10_colsample_bytree": -0.17704581934086616, "log10_eta": -1.5464596506308306, "log10_lambda": 0.3633208281121174, "log10_min_child_weight": 3.5304457807073177, "log10_subsample": -0.8537371304422156, "max_depth": 2.0, "num_boost_round": 108.0}, "datetime": {"datetime": "2024-01-19 01:12:11", "elapsed": 3639.336676, "delta": 0.00403}}
{"target": -13.771363598762214, "params": {"gamma": 721.1479575491683, "log10_alpha": -0.1887213358108628, "log10_colsample_bytree": -0.17704581934086616, "log10_eta": -1.5464596506308306, "log10_lambda": 0.3633208281121174, "log10_min_child_weight": 3.5304457807073177, "log10_subsample": -0.8537371304422156, "max_depth": 2.0, "num_boost_round": 109.0}, "datetime": {"datetime": "2024-01-19 01:12:11", "elapsed": 3639.340817, "delta": 0.004141}}
{"target": -13.77159295189133, "params": {"gamma": 721.1479575491683, "log10_alpha": -0.1887213358108628, "log10_colsample_bytree": -0.17704581934086616, "log10_eta": -1.5464596506308306, "log10_lambda": 0.3633208281121174, "log10_min_child_weight": 3.5304457807073177, "log10_subsample": -0.8537371304422156, "max_depth": 2.0, "num_boost_round": 110.0}, "datetime": {"datetime": "2024-01-19 01:12:11", "elapsed": 3639.344837, "delta": 0.00402}}
{"target": -13.771634884374821, "params": {"gamma": 721.1479575491683, "log10_alpha": -0.1887213358108628, "log10_colsample_bytree": -0.17704581934086616, "log10_eta": -1.5464596506308306, "log10_lambda": 0.3633208281121174, "log10_min_child_weight": 3.5304457807073177, "log10_subsample": -0.8537371304422156, "max_depth": 2.0, "num_boost_round": 111.0}, "datetime": {"datetime": "2024-01-19 01:12:11", "elapsed": 3639.348943, "delta": 0.004106}}
{"target": -13.771732123250375, "params": {"gamma": 721.1479575491683, "log10_alpha": -0.1887213358108628, "log10_colsample_bytree": -0.17704581934086616, "log10_eta": -1.5464596506308306, "log10_lambda": 0.3633208281121174, "log10_min_child_weight": 3.5304457807073177, "log10_subsample": -0.8537371304422156, "max_depth": 2.0, "num_boost_round": 112.0}, "datetime": {"datetime": "2024-01-19 01:12:11", "elapsed": 3639.353058, "delta": 0.004115}}
{"target": -13.771841130476918, "params": {"gamma": 721.1479575491683, "log10_alpha": -0.1887213358108628, "log10_colsample_bytree": -0.17704581934086616, "log10_eta": -1.5464596506308306, "log10_lambda": 0.3633208281121174, "log10_min_child_weight": 3.5304457807073177, "log10_subsample": -0.8537371304422156, "max_depth": 2.0, "num_boost_round": 113.0}, "datetime": {"datetime": "2024-01-19 01:12:11", "elapsed": 3639.3569, "delta": 0.003842}}
{"target": -13.771800651808647, "params": {"gamma": 721.1479575491683, "log10_alpha": -0.1887213358108628, "log10_colsample_bytree": -0.17704581934086616, "log10_eta": -1.5464596506308306, "log10_lambda": 0.3633208281121174, "log10_min_child_weight": 3.5304457807073177, "log10_subsample": -0.8537371304422156, "max_depth": 2.0, "num_boost_round": 114.0}, "datetime": {"datetime": "2024-01-19 01:12:11", "elapsed": 3639.360871, "delta": 0.003971}}
{"target": -13.771913932396123, "params": {"gamma": 721.1479575491683, "log10_alpha": -0.1887213358108628, "log10_colsample_bytree": -0.17704581934086616, "log10_eta": -1.5464596506308306, "log10_lambda": 0.3633208281121174, "log10_min_child_weight": 3.5304457807073177, "log10_subsample": -0.8537371304422156, "max_depth": 2.0, "num_boost_round": 115.0}, "datetime": {"datetime": "2024-01-19 01:12:11", "elapsed": 3639.364703, "delta": 0.003832}}
{"target": -13.771922655199791, "params": {"gamma": 721.1479575491683, "log10_alpha": -0.1887213358108628, "log10_colsample_bytree": -0.17704581934086616, "log10_eta": -1.5464596506308306, "log10_lambda": 0.3633208281121174, "log10_min_child_weight": 3.5304457807073177, "log10_subsample": -0.8537371304422156, "max_depth": 2.0, "num_boost_round": 116.0}, "datetime": {"datetime": "2024-01-19 01:12:11", "elapsed": 3639.369178, "delta": 0.004475}}
{"target": -13.772144813107838, "params": {"gamma": 721.1479575491683, "log10_alpha": -0.1887213358108628, "log10_colsample_bytree": -0.17704581934086616, "log10_eta": -1.5464596506308306, "log10_lambda": 0.3633208281121174, "log10_min_child_weight": 3.5304457807073177, "log10_subsample": -0.8537371304422156, "max_depth": 2.0, "num_boost_round": 117.0}, "datetime": {"datetime": "2024-01-19 01:12:11", "elapsed": 3639.373215, "delta": 0.004037}}
{"target": -13.77229861790707, "params": {"gamma": 721.1479575491683, "log10_alpha": -0.1887213358108628, "log10_colsample_bytree": -0.17704581934086616, "log10_eta": -1.5464596506308306, "log10_lambda": 0.3633208281121174, "log10_min_child_weight": 3.5304457807073177, "log10_subsample": -0.8537371304422156, "max_depth": 2.0, "num_boost_round": 118.0}, "datetime": {"datetime": "2024-01-19 01:12:11", "elapsed": 3639.377134, "delta": 0.003919}}
{"target": -13.772268102830092, "params": {"gamma": 721.1479575491683, "log10_alpha": -0.1887213358108628, "log10_colsample_bytree": -0.17704581934086616, "log10_eta": -1.5464596506308306, "log10_lambda": 0.3633208281121174, "log10_min_child_weight": 3.5304457807073177, "log10_subsample": -0.8537371304422156, "max_depth": 2.0, "num_boost_round": 119.0}, "datetime": {"datetime": "2024-01-19 01:12:11", "elapsed": 3639.381239, "delta": 0.004105}}
{"target": -13.772254944911301, "params": {"gamma": 721.1479575491683, "log10_alpha": -0.1887213358108628, "log10_colsample_bytree": -0.17704581934086616, "log10_eta": -1.5464596506308306, "log10_lambda": 0.3633208281121174, "log10_min_child_weight": 3.5304457807073177, "log10_subsample": -0.8537371304422156, "max_depth": 2.0, "num_boost_round": 120.0}, "datetime": {"datetime": "2024-01-19 01:12:11", "elapsed": 3639.385077, "delta": 0.003838}}
{"target": -13.772258505897861, "params": {"gamma": 721.1479575491683, "log10_alpha": -0.1887213358108628, "log10_colsample_bytree": -0.17704581934086616, "log10_eta": -1.5464596506308306, "log10_lambda": 0.3633208281121174, "log10_min_child_weight": 3.5304457807073177, "log10_subsample": -0.8537371304422156, "max_depth": 2.0, "num_boost_round": 121.0}, "datetime": {"datetime": "2024-01-19 01:12:11", "elapsed": 3639.388994, "delta": 0.003917}}
{"target": -13.772249712594148, "params": {"gamma": 721.1479575491683, "log10_alpha": -0.1887213358108628, "log10_colsample_bytree": -0.17704581934086616, "log10_eta": -1.5464596506308306, "log10_lambda": 0.3633208281121174, "log10_min_child_weight": 3.5304457807073177, "log10_subsample": -0.8537371304422156, "max_depth": 2.0, "num_boost_round": 122.0}, "datetime": {"datetime": "2024-01-19 01:12:11", "elapsed": 3639.392869, "delta": 0.003875}}
{"target": -13.772566987258825, "params": {"gamma": 721.1479575491683, "log10_alpha": -0.1887213358108628, "log10_colsample_bytree": -0.17704581934086616, "log10_eta": -1.5464596506308306, "log10_lambda": 0.3633208281121174, "log10_min_child_weight": 3.5304457807073177, "log10_subsample": -0.8537371304422156, "max_depth": 2.0, "num_boost_round": 123.0}, "datetime": {"datetime": "2024-01-19 01:12:11", "elapsed": 3639.396749, "delta": 0.00388}}
{"target": -13.772692209029545, "params": {"gamma": 721.1479575491683, "log10_alpha": -0.1887213358108628, "log10_colsample_bytree": -0.17704581934086616, "log10_eta": -1.5464596506308306, "log10_lambda": 0.3633208281121174, "log10_min_child_weight": 3.5304457807073177, "log10_subsample": -0.8537371304422156, "max_depth": 2.0, "num_boost_round": 124.0}, "datetime": {"datetime": "2024-01-19 01:12:11", "elapsed": 3639.400771, "delta": 0.004022}}
{"target": -13.77270674320547, "params": {"gamma": 721.1479575491683, "log10_alpha": -0.1887213358108628, "log10_colsample_bytree": -0.17704581934086616, "log10_eta": -1.5464596506308306, "log10_lambda": 0.3633208281121174, "log10_min_child_weight": 3.5304457807073177, "log10_subsample": -0.8537371304422156, "max_depth": 2.0, "num_boost_round": 125.0}, "datetime": {"datetime": "2024-01-19 01:12:11", "elapsed": 3639.404582, "delta": 0.003811}}
{"target": -13.772724452806795, "params": {"gamma": 721.1479575491683, "log10_alpha": -0.1887213358108628, "log10_colsample_bytree": -0.17704581934086616, "log10_eta": -1.5464596506308306, "log10_lambda": 0.3633208281121174, "log10_min_child_weight": 3.5304457807073177, "log10_subsample": -0.8537371304422156, "max_depth": 2.0, "num_boost_round": 126.0}, "datetime": {"datetime": "2024-01-19 01:12:11", "elapsed": 3639.408458, "delta": 0.003876}}
{"target": -13.77269327467363, "params": {"gamma": 721.1479575491683, "log10_alpha": -0.1887213358108628, "log10_colsample_bytree": -0.17704581934086616, "log10_eta": -1.5464596506308306, "log10_lambda": 0.3633208281121174, "log10_min_child_weight": 3.5304457807073177, "log10_subsample": -0.8537371304422156, "max_depth": 2.0, "num_boost_round": 127.0}, "datetime": {"datetime": "2024-01-19 01:12:11", "elapsed": 3639.412297, "delta": 0.003839}}
{"target": -13.77285630511166, "params": {"gamma": 721.1479575491683, "log10_alpha": -0.1887213358108628, "log10_colsample_bytree": -0.17704581934086616, "log10_eta": -1.5464596506308306, "log10_lambda": 0.3633208281121174, "log10_min_child_weight": 3.5304457807073177, "log10_subsample": -0.8537371304422156, "max_depth": 2.0, "num_boost_round": 128.0}, "datetime": {"datetime": "2024-01-19 01:12:11", "elapsed": 3639.41624, "delta": 0.003943}}
{"target": -13.772813908412719, "params": {"gamma": 721.1479575491683, "log10_alpha": -0.1887213358108628, "log10_colsample_bytree": -0.17704581934086616, "log10_eta": -1.5464596506308306, "log10_lambda": 0.3633208281121174, "log10_min_child_weight": 3.5304457807073177, "log10_subsample": -0.8537371304422156, "max_depth": 2.0, "num_boost_round": 129.0}, "datetime": {"datetime": "2024-01-19 01:12:11", "elapsed": 3639.420285, "delta": 0.004045}}
{"target": -13.772897076664778, "params": {"gamma": 721.1479575491683, "log10_alpha": -0.1887213358108628, "log10_colsample_bytree": -0.17704581934086616, "log10_eta": -1.5464596506308306, "log10_lambda": 0.3633208281121174, "log10_min_child_weight": 3.5304457807073177, "log10_subsample": -0.8537371304422156, "max_depth": 2.0, "num_boost_round": 130.0}, "datetime": {"datetime": "2024-01-19 01:12:11", "elapsed": 3639.424362, "delta": 0.004077}}
{"target": -13.772944254967106, "params": {"gamma": 721.1479575491683, "log10_alpha": -0.1887213358108628, "log10_colsample_bytree": -0.17704581934086616, "log10_eta": -1.5464596506308306, "log10_lambda": 0.3633208281121174, "log10_min_child_weight": 3.5304457807073177, "log10_subsample": -0.8537371304422156, "max_depth": 2.0, "num_boost_round": 131.0}, "datetime": {"datetime": "2024-01-19 01:12:11", "elapsed": 3639.429206, "delta": 0.004844}}
{"target": -13.772916719535333, "params": {"gamma": 721.1479575491683, "log10_alpha": -0.1887213358108628, "log10_colsample_bytree": -0.17704581934086616, "log10_eta": -1.5464596506308306, "log10_lambda": 0.3633208281121174, "log10_min_child_weight": 3.5304457807073177, "log10_subsample": -0.8537371304422156, "max_depth": 2.0, "num_boost_round": 132.0}, "datetime": {"datetime": "2024-01-19 01:12:11", "elapsed": 3639.433824, "delta": 0.004618}}
{"target": -13.77374196043915, "params": {"gamma": 721.1479575491683, "log10_alpha": -0.1887213358108628, "log10_colsample_bytree": -0.17704581934086616, "log10_eta": -1.5464596506308306, "log10_lambda": 0.3633208281121174, "log10_min_child_weight": 3.5304457807073177, "log10_subsample": -0.8537371304422156, "max_depth": 2.0, "num_boost_round": 133.0}, "datetime": {"datetime": "2024-01-19 01:12:11", "elapsed": 3639.438092, "delta": 0.004268}}
{"target": -13.7737218822353, "params": {"gamma": 721.1479575491683, "log10_alpha": -0.1887213358108628, "log10_colsample_bytree": -0.17704581934086616, "log10_eta": -1.5464596506308306, "log10_lambda": 0.3633208281121174, "log10_min_child_weight": 3.5304457807073177, "log10_subsample": -0.8537371304422156, "max_depth": 2.0, "num_boost_round": 134.0}, "datetime": {"datetime": "2024-01-19 01:12:11", "elapsed": 3639.442295, "delta": 0.004203}}
{"target": -13.773749559440102, "params": {"gamma": 721.1479575491683, "log10_alpha": -0.1887213358108628, "log10_colsample_bytree": -0.17704581934086616, "log10_eta": -1.5464596506308306, "log10_lambda": 0.3633208281121174, "log10_min_child_weight": 3.5304457807073177, "log10_subsample": -0.8537371304422156, "max_depth": 2.0, "num_boost_round": 135.0}, "datetime": {"datetime": "2024-01-19 01:12:11", "elapsed": 3639.446318, "delta": 0.004023}}
{"target": -13.773913181022959, "params": {"gamma": 721.1479575491683, "log10_alpha": -0.1887213358108628, "log10_colsample_bytree": -0.17704581934086616, "log10_eta": -1.5464596506308306, "log10_lambda": 0.3633208281121174, "log10_min_child_weight": 3.5304457807073177, "log10_subsample": -0.8537371304422156, "max_depth": 2.0, "num_boost_round": 136.0}, "datetime": {"datetime": "2024-01-19 01:12:11", "elapsed": 3639.450663, "delta": 0.004345}}
{"target": -13.773564135860644, "params": {"gamma": 721.1479575491683, "log10_alpha": -0.1887213358108628, "log10_colsample_bytree": -0.17704581934086616, "log10_eta": -1.5464596506308306, "log10_lambda": 0.3633208281121174, "log10_min_child_weight": 3.5304457807073177, "log10_subsample": -0.8537371304422156, "max_depth": 2.0, "num_boost_round": 137.0}, "datetime": {"datetime": "2024-01-19 01:12:11", "elapsed": 3639.454733, "delta": 0.00407}}
{"target": -13.773682211119063, "params": {"gamma": 721.1479575491683, "log10_alpha": -0.1887213358108628, "log10_colsample_bytree": -0.17704581934086616, "log10_eta": -1.5464596506308306, "log10_lambda": 0.3633208281121174, "log10_min_child_weight": 3.5304457807073177, "log10_subsample": -0.8537371304422156, "max_depth": 2.0, "num_boost_round": 138.0}, "datetime": {"datetime": "2024-01-19 01:12:11", "elapsed": 3639.458762, "delta": 0.004029}}
{"target": -13.77347659862036, "params": {"gamma": 721.1479575491683, "log10_alpha": -0.1887213358108628, "log10_colsample_bytree": -0.17704581934086616, "log10_eta": -1.5464596506308306, "log10_lambda": 0.3633208281121174, "log10_min_child_weight": 3.5304457807073177, "log10_subsample": -0.8537371304422156, "max_depth": 2.0, "num_boost_round": 139.0}, "datetime": {"datetime": "2024-01-19 01:12:11", "elapsed": 3639.462823, "delta": 0.004061}}
{"target": -13.773590966205862, "params": {"gamma": 721.1479575491683, "log10_alpha": -0.1887213358108628, "log10_colsample_bytree": -0.17704581934086616, "log10_eta": -1.5464596506308306, "log10_lambda": 0.3633208281121174, "log10_min_child_weight": 3.5304457807073177, "log10_subsample": -0.8537371304422156, "max_depth": 2.0, "num_boost_round": 140.0}, "datetime": {"datetime": "2024-01-19 01:12:11", "elapsed": 3639.466783, "delta": 0.00396}}
{"target": -13.773574054743921, "params": {"gamma": 721.1479575491683, "log10_alpha": -0.1887213358108628, "log10_colsample_bytree": -0.17704581934086616, "log10_eta": -1.5464596506308306, "log10_lambda": 0.3633208281121174, "log10_min_child_weight": 3.5304457807073177, "log10_subsample": -0.8537371304422156, "max_depth": 2.0, "num_boost_round": 141.0}, "datetime": {"datetime": "2024-01-19 01:12:11", "elapsed": 3639.470798, "delta": 0.004015}}
{"target": -13.773663289484928, "params": {"gamma": 721.1479575491683, "log10_alpha": -0.1887213358108628, "log10_colsample_bytree": -0.17704581934086616, "log10_eta": -1.5464596506308306, "log10_lambda": 0.3633208281121174, "log10_min_child_weight": 3.5304457807073177, "log10_subsample": -0.8537371304422156, "max_depth": 2.0, "num_boost_round": 142.0}, "datetime": {"datetime": "2024-01-19 01:12:11", "elapsed": 3639.47486, "delta": 0.004062}}
