{"target": -17.676987705401125, "params": {"gamma": 877.6098140018622, "log10_alpha": -1.5913399907218482, "log10_colsample_bytree": -0.6501007495517888, "log10_eta": -3.8216177595152034, "log10_lambda": -3.3907967780648827, "log10_min_child_weight": 0.2682317761476516, "log10_subsample": -0.9915514772353596, "max_depth": 5.0, "num_boost_round": 37.0}, "datetime": {"datetime": "2024-01-19 02:14:20", "elapsed": 7341.1001, "delta": 0.006507}}
{"target": -17.6769865895751, "params": {"gamma": 877.6098140018622, "log10_alpha": -1.5913399907218482, "log10_colsample_bytree": -0.6501007495517888, "log10_eta": -3.8216177595152034, "log10_lambda": -3.3907967780648827, "log10_min_child_weight": 0.2682317761476516, "log10_subsample": -0.9915514772353596, "max_depth": 5.0, "num_boost_round": 38.0}, "datetime": {"datetime": "2024-01-19 02:14:20", "elapsed": 7341.106542, "delta": 0.006442}}
{"target": -17.67699142480507, "params": {"gamma": 877.6098140018622, "log10_alpha": -1.5913399907218482, "log10_colsample_bytree": -0.6501007495517888, "log10_eta": -3.8216177595152034, "log10_lambda": -3.3907967780648827, "log10_min_child_weight": 0.2682317761476516, "log10_subsample": -0.9915514772353596, "max_depth": 5.0, "num_boost_round": 39.0}, "datetime": {"datetime": "2024-01-19 02:14:20", "elapsed": 7341.11311, "delta": 0.006568}}
{"target": -17.677172478196816, "params": {"gamma": 841.1855146111998, "log10_alpha": -3.3735407840456832, "log10_colsample_bytree": -0.6940545828705528, "log10_eta": -1.441920488785366, "log10_lambda": -1.3797495973417906, "log10_min_child_weight": 4.580352316910697, "log10_subsample": -0.8072832507905637, "max_depth": 8.0, "num_boost_round": 0.0}, "datetime": {"datetime": "2024-01-19 02:16:27", "elapsed": 7468.532044, "delta": 127.418934}}
{"target": -17.676860183874847, "params": {"gamma": 841.1855146111998, "log10_alpha": -3.3735407840456832, "log10_colsample_bytree": -0.6940545828705528, "log10_eta": -1.441920488785366, "log10_lambda": -1.3797495973417906, "log10_min_child_weight": 4.580352316910697, "log10_subsample": -0.8072832507905637, "max_depth": 8.0, "num_boost_round": 1.0}, "datetime": {"datetime": "2024-01-19 02:16:28", "elapsed": 7468.671358, "delta": 0.139314}}
{"target": -17.676890669688905, "params": {"gamma": 841.1855146111998, "log10_alpha": -3.3735407840456832, "log10_colsample_bytree": -0.6940545828705528, "log10_eta": -1.441920488785366, "log10_lambda": -1.3797495973417906, "log10_min_child_weight": 4.580352316910697, "log10_subsample": -0.8072832507905637, "max_depth": 8.0, "num_boost_round": 2.0}, "datetime": {"datetime": "2024-01-19 02:16:28", "elapsed": 7468.678862, "delta": 0.007504}}
{"target": -17.676729256206624, "params": {"gamma": 841.1855146111998, "log10_alpha": -3.3735407840456832, "log10_colsample_bytree": -0.6940545828705528, "log10_eta": -1.441920488785366, "log10_lambda": -1.3797495973417906, "log10_min_child_weight": 4.580352316910697, "log10_subsample": -0.8072832507905637, "max_depth": 8.0, "num_boost_round": 3.0}, "datetime": {"datetime": "2024-01-19 02:16:28", "elapsed": 7468.685575, "delta": 0.006713}}
{"target": -17.676605782017198, "params": {"gamma": 841.1855146111998, "log10_alpha": -3.3735407840456832, "log10_colsample_bytree": -0.6940545828705528, "log10_eta": -1.441920488785366, "log10_lambda": -1.3797495973417906, "log10_min_child_weight": 4.580352316910697, "log10_subsample": -0.8072832507905637, "max_depth": 8.0, "num_boost_round": 4.0}, "datetime": {"datetime": "2024-01-19 02:16:28", "elapsed": 7468.692203, "delta": 0.006628}}
{"target": -17.676714496956684, "params": {"gamma": 841.1855146111998, "log10_alpha": -3.3735407840456832, "log10_colsample_bytree": -0.6940545828705528, "log10_eta": -1.441920488785366, "log10_lambda": -1.3797495973417906, "log10_min_child_weight": 4.580352316910697, "log10_subsample": -0.8072832507905637, "max_depth": 8.0, "num_boost_round": 5.0}, "datetime": {"datetime": "2024-01-19 02:16:28", "elapsed": 7468.698585, "delta": 0.006382}}
{"target": -17.676787673056914, "params": {"gamma": 841.1855146111998, "log10_alpha": -3.3735407840456832, "log10_colsample_bytree": -0.6940545828705528, "log10_eta": -1.441920488785366, "log10_lambda": -1.3797495973417906, "log10_min_child_weight": 4.580352316910697, "log10_subsample": -0.8072832507905637, "max_depth": 8.0, "num_boost_round": 6.0}, "datetime": {"datetime": "2024-01-19 02:16:28", "elapsed": 7468.70477, "delta": 0.006185}}
{"target": -17.67651651918825, "params": {"gamma": 841.1855146111998, "log10_alpha": -3.3735407840456832, "log10_colsample_bytree": -0.6940545828705528, "log10_eta": -1.441920488785366, "log10_lambda": -1.3797495973417906, "log10_min_child_weight": 4.580352316910697, "log10_subsample": -0.8072832507905637, "max_depth": 8.0, "num_boost_round": 7.0}, "datetime": {"datetime": "2024-01-19 02:16:28", "elapsed": 7468.711022, "delta": 0.006252}}
{"target": -17.676228438087918, "params": {"gamma": 841.1855146111998, "log10_alpha": -3.3735407840456832, "log10_colsample_bytree": -0.6940545828705528, "log10_eta": -1.441920488785366, "log10_lambda": -1.3797495973417906, "log10_min_child_weight": 4.580352316910697, "log10_subsample": -0.8072832507905637, "max_depth": 8.0, "num_boost_round": 8.0}, "datetime": {"datetime": "2024-01-19 02:16:28", "elapsed": 7468.717088, "delta": 0.006066}}
{"target": -17.67597989242634, "params": {"gamma": 841.1855146111998, "log10_alpha": -3.3735407840456832, "log10_colsample_bytree": -0.6940545828705528, "log10_eta": -1.441920488785366, "log10_lambda": -1.3797495973417906, "log10_min_child_weight": 4.580352316910697, "log10_subsample": -0.8072832507905637, "max_depth": 8.0, "num_boost_round": 9.0}, "datetime": {"datetime": "2024-01-19 02:16:28", "elapsed": 7468.723765, "delta": 0.006677}}
{"target": -17.675764912387994, "params": {"gamma": 841.1855146111998, "log10_alpha": -3.3735407840456832, "log10_colsample_bytree": -0.6940545828705528, "log10_eta": -1.441920488785366, "log10_lambda": -1.3797495973417906, "log10_min_child_weight": 4.580352316910697, "log10_subsample": -0.8072832507905637, "max_depth": 8.0, "num_boost_round": 10.0}, "datetime": {"datetime": "2024-01-19 02:16:28", "elapsed": 7468.730956, "delta": 0.007191}}
{"target": -17.67564611471877, "params": {"gamma": 841.1855146111998, "log10_alpha": -3.3735407840456832, "log10_colsample_bytree": -0.6940545828705528, "log10_eta": -1.441920488785366, "log10_lambda": -1.3797495973417906, "log10_min_child_weight": 4.580352316910697, "log10_subsample": -0.8072832507905637, "max_depth": 8.0, "num_boost_round": 11.0}, "datetime": {"datetime": "2024-01-19 02:16:28", "elapsed": 7468.73742, "delta": 0.006464}}
{"target": -17.67540060809812, "params": {"gamma": 841.1855146111998, "log10_alpha": -3.3735407840456832, "log10_colsample_bytree": -0.6940545828705528, "log10_eta": -1.441920488785366, "log10_lambda": -1.3797495973417906, "log10_min_child_weight": 4.580352316910697, "log10_subsample": -0.8072832507905637, "max_depth": 8.0, "num_boost_round": 12.0}, "datetime": {"datetime": "2024-01-19 02:16:28", "elapsed": 7468.743762, "delta": 0.006342}}
{"target": -17.675608479520594, "params": {"gamma": 841.1855146111998, "log10_alpha": -3.3735407840456832, "log10_colsample_bytree": -0.6940545828705528, "log10_eta": -1.441920488785366, "log10_lambda": -1.3797495973417906, "log10_min_child_weight": 4.580352316910697, "log10_subsample": -0.8072832507905637, "max_depth": 8.0, "num_boost_round": 13.0}, "datetime": {"datetime": "2024-01-19 02:16:28", "elapsed": 7468.750194, "delta": 0.006432}}
{"target": -17.67577383202117, "params": {"gamma": 841.1855146111998, "log10_alpha": -3.3735407840456832, "log10_colsample_bytree": -0.6940545828705528, "log10_eta": -1.441920488785366, "log10_lambda": -1.3797495973417906, "log10_min_child_weight": 4.580352316910697, "log10_subsample": -0.8072832507905637, "max_depth": 8.0, "num_boost_round": 14.0}, "datetime": {"datetime": "2024-01-19 02:16:28", "elapsed": 7468.756711, "delta": 0.006517}}
{"target": -17.677232522839944, "params": {"gamma": 841.2603169332633, "log10_alpha": -0.2936524472137618, "log10_colsample_bytree": -0.08246334243522002, "log10_eta": -3.94774034488952, "log10_lambda": -4.2041193798038385, "log10_min_child_weight": 4.727589632278419, "log10_subsample": -0.8622880065767743, "max_depth": 4.0, "num_boost_round": 0.0}, "datetime": {"datetime": "2024-01-19 02:17:52", "elapsed": 7552.754369, "delta": 83.997658}}
{"target": -17.677231614813753, "params": {"gamma": 841.2603169332633, "log10_alpha": -0.2936524472137618, "log10_colsample_bytree": -0.08246334243522002, "log10_eta": -3.94774034488952, "log10_lambda": -4.2041193798038385, "log10_min_child_weight": 4.727589632278419, "log10_subsample": -0.8622880065767743, "max_depth": 4.0, "num_boost_round": 1.0}, "datetime": {"datetime": "2024-01-19 02:17:52", "elapsed": 7552.762175, "delta": 0.007806}}
{"target": -17.677231632668207, "params": {"gamma": 841.2603169332633, "log10_alpha": -0.2936524472137618, "log10_colsample_bytree": -0.08246334243522002, "log10_eta": -3.94774034488952, "log10_lambda": -4.2041193798038385, "log10_min_child_weight": 4.727589632278419, "log10_subsample": -0.8622880065767743, "max_depth": 4.0, "num_boost_round": 2.0}, "datetime": {"datetime": "2024-01-19 02:17:52", "elapsed": 7552.76856, "delta": 0.006385}}
{"target": -17.677230552770478, "params": {"gamma": 841.2603169332633, "log10_alpha": -0.2936524472137618, "log10_colsample_bytree": -0.08246334243522002, "log10_eta": -3.94774034488952, "log10_lambda": -4.2041193798038385, "log10_min_child_weight": 4.727589632278419, "log10_subsample": -0.8622880065767743, "max_depth": 4.0, "num_boost_round": 3.0}, "datetime": {"datetime": "2024-01-19 02:17:52", "elapsed": 7552.775201, "delta": 0.006641}}
{"target": -17.677230164694205, "params": {"gamma": 841.2603169332633, "log10_alpha": -0.2936524472137618, "log10_colsample_bytree": -0.08246334243522002, "log10_eta": -3.94774034488952, "log10_lambda": -4.2041193798038385, "log10_min_child_weight": 4.727589632278419, "log10_subsample": -0.8622880065767743, "max_depth": 4.0, "num_boost_round": 4.0}, "datetime": {"datetime": "2024-01-19 02:17:52", "elapsed": 7552.781992, "delta": 0.006791}}
{"target": -17.677229196450536, "params": {"gamma": 841.2603169332633, "log10_alpha": -0.2936524472137618, "log10_colsample_bytree": -0.08246334243522002, "log10_eta": -3.94774034488952, "log10_lambda": -4.2041193798038385, "log10_min_child_weight": 4.727589632278419, "log10_subsample": -0.8622880065767743, "max_depth": 4.0, "num_boost_round": 5.0}, "datetime": {"datetime": "2024-01-19 02:17:52", "elapsed": 7552.788566, "delta": 0.006574}}
{"target": -17.677228155383126, "params": {"gamma": 841.2603169332633, "log10_alpha": -0.2936524472137618, "log10_colsample_bytree": -0.08246334243522002, "log10_eta": -3.94774034488952, "log10_lambda": -4.2041193798038385, "log10_min_child_weight": 4.727589632278419, "log10_subsample": -0.8622880065767743, "max_depth": 4.0, "num_boost_round": 6.0}, "datetime": {"datetime": "2024-01-19 02:17:52", "elapsed": 7552.795036, "delta": 0.00647}}
{"target": -17.677227138575073, "params": {"gamma": 841.2603169332633, "log10_alpha": -0.2936524472137618, "log10_colsample_bytree": -0.08246334243522002, "log10_eta": -3.94774034488952, "log10_lambda": -4.2041193798038385, "log10_min_child_weight": 4.727589632278419, "log10_subsample": -0.8622880065767743, "max_depth": 4.0, "num_boost_round": 7.0}, "datetime": {"datetime": "2024-01-19 02:17:52", "elapsed": 7552.801538, "delta": 0.006502}}
{"target": -17.67722715111665, "params": {"gamma": 841.2603169332633, "log10_alpha": -0.2936524472137618, "log10_colsample_bytree": -0.08246334243522002, "log10_eta": -3.94774034488952, "log10_lambda": -4.2041193798038385, "log10_min_child_weight": 4.727589632278419, "log10_subsample": -0.8622880065767743, "max_depth": 4.0, "num_boost_round": 8.0}, "datetime": {"datetime": "2024-01-19 02:17:52", "elapsed": 7552.808135, "delta": 0.006597}}
{"target": -17.67722715749091, "params": {"gamma": 841.2603169332633, "log10_alpha": -0.2936524472137618, "log10_colsample_bytree": -0.08246334243522002, "log10_eta": -3.94774034488952, "log10_lambda": -4.2041193798038385, "log10_min_child_weight": 4.727589632278419, "log10_subsample": -0.8622880065767743, "max_depth": 4.0, "num_boost_round": 9.0}, "datetime": {"datetime": "2024-01-19 02:17:52", "elapsed": 7552.814412, "delta": 0.006277}}
{"target": -17.677226071738993, "params": {"gamma": 841.2603169332633, "log10_alpha": -0.2936524472137618, "log10_colsample_bytree": -0.08246334243522002, "log10_eta": -3.94774034488952, "log10_lambda": -4.2041193798038385, "log10_min_child_weight": 4.727589632278419, "log10_subsample": -0.8622880065767743, "max_depth": 4.0, "num_boost_round": 10.0}, "datetime": {"datetime": "2024-01-19 02:17:52", "elapsed": 7552.820335, "delta": 0.005923}}
{"target": -17.677225118072478, "params": {"gamma": 841.2603169332633, "log10_alpha": -0.2936524472137618, "log10_colsample_bytree": -0.08246334243522002, "log10_eta": -3.94774034488952, "log10_lambda": -4.2041193798038385, "log10_min_child_weight": 4.727589632278419, "log10_subsample": -0.8622880065767743, "max_depth": 4.0, "num_boost_round": 11.0}, "datetime": {"datetime": "2024-01-19 02:17:52", "elapsed": 7552.826623, "delta": 0.006288}}
{"target": -17.67722414363706, "params": {"gamma": 841.2603169332633, "log10_alpha": -0.2936524472137618, "log10_colsample_bytree": -0.08246334243522002, "log10_eta": -3.94774034488952, "log10_lambda": -4.2041193798038385, "log10_min_child_weight": 4.727589632278419, "log10_subsample": -0.8622880065767743, "max_depth": 4.0, "num_boost_round": 12.0}, "datetime": {"datetime": "2024-01-19 02:17:52", "elapsed": 7552.833052, "delta": 0.006429}}
{"target": -17.67722308755808, "params": {"gamma": 841.2603169332633, "log10_alpha": -0.2936524472137618, "log10_colsample_bytree": -0.08246334243522002, "log10_eta": -3.94774034488952, "log10_lambda": -4.2041193798038385, "log10_min_child_weight": 4.727589632278419, "log10_subsample": -0.8622880065767743, "max_depth": 4.0, "num_boost_round": 13.0}, "datetime": {"datetime": "2024-01-19 02:17:52", "elapsed": 7552.839619, "delta": 0.006567}}
{"target": -17.67721139163248, "params": {"gamma": 839.3918266678363, "log10_alpha": -1.4178703096197447, "log10_colsample_bytree": -0.20698211131259792, "log10_eta": -2.975953100830452, "log10_lambda": -0.8795883671366802, "log10_min_child_weight": 1.6585366241963617, "log10_subsample": -0.11598299954363722, "max_depth": 6.0, "num_boost_round": 0.0}, "datetime": {"datetime": "2024-01-19 02:19:47", "elapsed": 7668.563586, "delta": 115.723967}}
{"target": -17.677184978891024, "params": {"gamma": 839.3918266678363, "log10_alpha": -1.4178703096197447, "log10_colsample_bytree": -0.20698211131259792, "log10_eta": -2.975953100830452, "log10_lambda": -0.8795883671366802, "log10_min_child_weight": 1.6585366241963617, "log10_subsample": -0.11598299954363722, "max_depth": 6.0, "num_boost_round": 1.0}, "datetime": {"datetime": "2024-01-19 02:19:47", "elapsed": 7668.570342, "delta": 0.006756}}
{"target": -17.67715012165578, "params": {"gamma": 839.3918266678363, "log10_alpha": -1.4178703096197447, "log10_colsample_bytree": -0.20698211131259792, "log10_eta": -2.975953100830452, "log10_lambda": -0.8795883671366802, "log10_min_child_weight": 1.6585366241963617, "log10_subsample": -0.11598299954363722, "max_depth": 6.0, "num_boost_round": 2.0}, "datetime": {"datetime": "2024-01-19 02:19:47", "elapsed": 7668.577164, "delta": 0.006822}}
{"target": -17.677107847520855, "params": {"gamma": 839.3918266678363, "log10_alpha": -1.4178703096197447, "log10_colsample_bytree": -0.20698211131259792, "log10_eta": -2.975953100830452, "log10_lambda": -0.8795883671366802, "log10_min_child_weight": 1.6585366241963617, "log10_subsample": -0.11598299954363722, "max_depth": 6.0, "num_boost_round": 3.0}, "datetime": {"datetime": "2024-01-19 02:19:47", "elapsed": 7668.583687, "delta": 0.006523}}
{"target": -17.67707795820601, "params": {"gamma": 839.3918266678363, "log10_alpha": -1.4178703096197447, "log10_colsample_bytree": -0.20698211131259792, "log10_eta": -2.975953100830452, "log10_lambda": -0.8795883671366802, "log10_min_child_weight": 1.6585366241963617, "log10_subsample": -0.11598299954363722, "max_depth": 6.0, "num_boost_round": 4.0}, "datetime": {"datetime": "2024-01-19 02:19:47", "elapsed": 7668.590164, "delta": 0.006477}}
{"target": -17.677029610990438, "params": {"gamma": 839.3918266678363, "log10_alpha": -1.4178703096197447, "log10_colsample_bytree": -0.20698211131259792, "log10_eta": -2.975953100830452, "log10_lambda": -0.8795883671366802, "log10_min_child_weight": 1.6585366241963617, "log10_subsample": -0.11598299954363722, "max_depth": 6.0, "num_boost_round": 5.0}, "datetime": {"datetime": "2024-01-19 02:19:47", "elapsed": 7668.596419, "delta": 0.006255}}
{"target": -17.676983920841906, "params": {"gamma": 839.3918266678363, "log10_alpha": -1.4178703096197447, "log10_colsample_bytree": -0.20698211131259792, "log10_eta": -2.975953100830452, "log10_lambda": -0.8795883671366802, "log10_min_child_weight": 1.6585366241963617, "log10_subsample": -0.11598299954363722, "max_depth": 6.0, "num_boost_round": 6.0}, "datetime": {"datetime": "2024-01-19 02:19:47", "elapsed": 7668.602627, "delta": 0.006208}}
{"target": -17.676908858131906, "params": {"gamma": 839.3918266678363, "log10_alpha": -1.4178703096197447, "log10_colsample_bytree": -0.20698211131259792, "log10_eta": -2.975953100830452, "log10_lambda": -0.8795883671366802, "log10_min_child_weight": 1.6585366241963617, "log10_subsample": -0.11598299954363722, "max_depth": 6.0, "num_boost_round": 7.0}, "datetime": {"datetime": "2024-01-19 02:19:47", "elapsed": 7668.608733, "delta": 0.006106}}
{"target": -17.676860396700988, "params": {"gamma": 839.3918266678363, "log10_alpha": -1.4178703096197447, "log10_colsample_bytree": -0.20698211131259792, "log10_eta": -2.975953100830452, "log10_lambda": -0.8795883671366802, "log10_min_child_weight": 1.6585366241963617, "log10_subsample": -0.11598299954363722, "max_depth": 6.0, "num_boost_round": 8.0}, "datetime": {"datetime": "2024-01-19 02:19:47", "elapsed": 7668.614928, "delta": 0.006195}}
{"target": -17.67678974625589, "params": {"gamma": 839.3918266678363, "log10_alpha": -1.4178703096197447, "log10_colsample_bytree": -0.20698211131259792, "log10_eta": -2.975953100830452, "log10_lambda": -0.8795883671366802, "log10_min_child_weight": 1.6585366241963617, "log10_subsample": -0.11598299954363722, "max_depth": 6.0, "num_boost_round": 9.0}, "datetime": {"datetime": "2024-01-19 02:19:47", "elapsed": 7668.621205, "delta": 0.006277}}
{"target": -17.676722877838653, "params": {"gamma": 839.3918266678363, "log10_alpha": -1.4178703096197447, "log10_colsample_bytree": -0.20698211131259792, "log10_eta": -2.975953100830452, "log10_lambda": -0.8795883671366802, "log10_min_child_weight": 1.6585366241963617, "log10_subsample": -0.11598299954363722, "max_depth": 6.0, "num_boost_round": 10.0}, "datetime": {"datetime": "2024-01-19 02:19:47", "elapsed": 7668.627436, "delta": 0.006231}}
{"target": -17.67624920642389, "params": {"gamma": 838.2712982088059, "log10_alpha": -3.3912907136725456, "log10_colsample_bytree": -0.5862706009022778, "log10_eta": -1.5881616444589266, "log10_lambda": -1.9565394379625127, "log10_min_child_weight": 1.4384148821965907, "log10_subsample": -0.42087703005178156, "max_depth": 3.0, "num_boost_round": 0.0}, "datetime": {"datetime": "2024-01-19 02:21:28", "elapsed": 7769.315169, "delta": 100.687733}}
{"target": -17.675166501114706, "params": {"gamma": 838.2712982088059, "log10_alpha": -3.3912907136725456, "log10_colsample_bytree": -0.5862706009022778, "log10_eta": -1.5881616444589266, "log10_lambda": -1.9565394379625127, "log10_min_child_weight": 1.4384148821965907, "log10_subsample": -0.42087703005178156, "max_depth": 3.0, "num_boost_round": 1.0}, "datetime": {"datetime": "2024-01-19 02:21:28", "elapsed": 7769.322755, "delta": 0.007586}}
{"target": -17.674342417380757, "params": {"gamma": 838.2712982088059, "log10_alpha": -3.3912907136725456, "log10_colsample_bytree": -0.5862706009022778, "log10_eta": -1.5881616444589266, "log10_lambda": -1.9565394379625127, "log10_min_child_weight": 1.4384148821965907, "log10_subsample": -0.42087703005178156, "max_depth": 3.0, "num_boost_round": 2.0}, "datetime": {"datetime": "2024-01-19 02:21:28", "elapsed": 7769.329443, "delta": 0.006688}}
{"target": -17.673480963285506, "params": {"gamma": 838.2712982088059, "log10_alpha": -3.3912907136725456, "log10_colsample_bytree": -0.5862706009022778, "log10_eta": -1.5881616444589266, "log10_lambda": -1.9565394379625127, "log10_min_child_weight": 1.4384148821965907, "log10_subsample": -0.42087703005178156, "max_depth": 3.0, "num_boost_round": 3.0}, "datetime": {"datetime": "2024-01-19 02:21:28", "elapsed": 7769.335928, "delta": 0.006485}}
{"target": -17.67335296691999, "params": {"gamma": 838.2712982088059, "log10_alpha": -3.3912907136725456, "log10_colsample_bytree": -0.5862706009022778, "log10_eta": -1.5881616444589266, "log10_lambda": -1.9565394379625127, "log10_min_child_weight": 1.4384148821965907, "log10_subsample": -0.42087703005178156, "max_depth": 3.0, "num_boost_round": 4.0}, "datetime": {"datetime": "2024-01-19 02:21:28", "elapsed": 7769.342315, "delta": 0.006387}}
{"target": -17.67291615214946, "params": {"gamma": 838.2712982088059, "log10_alpha": -3.3912907136725456, "log10_colsample_bytree": -0.5862706009022778, "log10_eta": -1.5881616444589266, "log10_lambda": -1.9565394379625127, "log10_min_child_weight": 1.4384148821965907, "log10_subsample": -0.42087703005178156, "max_depth": 3.0, "num_boost_round": 5.0}, "datetime": {"datetime": "2024-01-19 02:21:28", "elapsed": 7769.348676, "delta": 0.006361}}
