{"target": -17.677217486363435, "params": {"gamma": 431.3119701258057, "log10_alpha": 0.9441867394609531, "log10_colsample_bytree": -0.1292963759560316, "log10_eta": -3.957344536353076, "log10_lambda": -0.7266686914206009, "log10_min_child_weight": 0.9927984675248808, "log10_subsample": -0.37270945587424065, "max_depth": 2.0, "num_boost_round": 5.0}, "datetime": {"datetime": "2024-01-19 02:30:57", "elapsed": 8361.559759, "delta": 0.004817}}
{"target": -17.6772133347959, "params": {"gamma": 431.3119701258057, "log10_alpha": 0.9441867394609531, "log10_colsample_bytree": -0.1292963759560316, "log10_eta": -3.957344536353076, "log10_lambda": -0.7266686914206009, "log10_min_child_weight": 0.9927984675248808, "log10_subsample": -0.37270945587424065, "max_depth": 2.0, "num_boost_round": 6.0}, "datetime": {"datetime": "2024-01-19 02:30:57", "elapsed": 8361.56465, "delta": 0.004891}}
{"target": -17.677210099913115, "params": {"gamma": 431.3119701258057, "log10_alpha": 0.9441867394609531, "log10_colsample_bytree": -0.1292963759560316, "log10_eta": -3.957344536353076, "log10_lambda": -0.7266686914206009, "log10_min_child_weight": 0.9927984675248808, "log10_subsample": -0.37270945587424065, "max_depth": 2.0, "num_boost_round": 7.0}, "datetime": {"datetime": "2024-01-19 02:30:57", "elapsed": 8361.569689, "delta": 0.005039}}
{"target": -17.67720708585222, "params": {"gamma": 431.3119701258057, "log10_alpha": 0.9441867394609531, "log10_colsample_bytree": -0.1292963759560316, "log10_eta": -3.957344536353076, "log10_lambda": -0.7266686914206009, "log10_min_child_weight": 0.9927984675248808, "log10_subsample": -0.37270945587424065, "max_depth": 2.0, "num_boost_round": 8.0}, "datetime": {"datetime": "2024-01-19 02:30:57", "elapsed": 8361.574511, "delta": 0.004822}}
{"target": -17.677203814367225, "params": {"gamma": 431.3119701258057, "log10_alpha": 0.9441867394609531, "log10_colsample_bytree": -0.1292963759560316, "log10_eta": -3.957344536353076, "log10_lambda": -0.7266686914206009, "log10_min_child_weight": 0.9927984675248808, "log10_subsample": -0.37270945587424065, "max_depth": 2.0, "num_boost_round": 9.0}, "datetime": {"datetime": "2024-01-19 02:30:57", "elapsed": 8361.579429, "delta": 0.004918}}
{"target": -17.677200615275357, "params": {"gamma": 431.3119701258057, "log10_alpha": 0.9441867394609531, "log10_colsample_bytree": -0.1292963759560316, "log10_eta": -3.957344536353076, "log10_lambda": -0.7266686914206009, "log10_min_child_weight": 0.9927984675248808, "log10_subsample": -0.37270945587424065, "max_depth": 2.0, "num_boost_round": 10.0}, "datetime": {"datetime": "2024-01-19 02:30:57", "elapsed": 8361.584344, "delta": 0.004915}}
{"target": -17.677197588308303, "params": {"gamma": 431.3119701258057, "log10_alpha": 0.9441867394609531, "log10_colsample_bytree": -0.1292963759560316, "log10_eta": -3.957344536353076, "log10_lambda": -0.7266686914206009, "log10_min_child_weight": 0.9927984675248808, "log10_subsample": -0.37270945587424065, "max_depth": 2.0, "num_boost_round": 11.0}, "datetime": {"datetime": "2024-01-19 02:30:57", "elapsed": 8361.58924, "delta": 0.004896}}
{"target": -17.67719435164669, "params": {"gamma": 431.3119701258057, "log10_alpha": 0.9441867394609531, "log10_colsample_bytree": -0.1292963759560316, "log10_eta": -3.957344536353076, "log10_lambda": -0.7266686914206009, "log10_min_child_weight": 0.9927984675248808, "log10_subsample": -0.37270945587424065, "max_depth": 2.0, "num_boost_round": 12.0}, "datetime": {"datetime": "2024-01-19 02:30:57", "elapsed": 8361.594191, "delta": 0.004951}}
{"target": -17.677191213909452, "params": {"gamma": 431.3119701258057, "log10_alpha": 0.9441867394609531, "log10_colsample_bytree": -0.1292963759560316, "log10_eta": -3.957344536353076, "log10_lambda": -0.7266686914206009, "log10_min_child_weight": 0.9927984675248808, "log10_subsample": -0.37270945587424065, "max_depth": 2.0, "num_boost_round": 13.0}, "datetime": {"datetime": "2024-01-19 02:30:57", "elapsed": 8361.599292, "delta": 0.005101}}
{"target": -17.677188017793725, "params": {"gamma": 431.3119701258057, "log10_alpha": 0.9441867394609531, "log10_colsample_bytree": -0.1292963759560316, "log10_eta": -3.957344536353076, "log10_lambda": -0.7266686914206009, "log10_min_child_weight": 0.9927984675248808, "log10_subsample": -0.37270945587424065, "max_depth": 2.0, "num_boost_round": 14.0}, "datetime": {"datetime": "2024-01-19 02:30:57", "elapsed": 8361.604182, "delta": 0.00489}}
{"target": -17.677184549530494, "params": {"gamma": 431.3119701258057, "log10_alpha": 0.9441867394609531, "log10_colsample_bytree": -0.1292963759560316, "log10_eta": -3.957344536353076, "log10_lambda": -0.7266686914206009, "log10_min_child_weight": 0.9927984675248808, "log10_subsample": -0.37270945587424065, "max_depth": 2.0, "num_boost_round": 15.0}, "datetime": {"datetime": "2024-01-19 02:30:57", "elapsed": 8361.609068, "delta": 0.004886}}
{"target": -17.677219088168705, "params": {"gamma": 425.9509712404388, "log10_alpha": -3.119938945960038, "log10_colsample_bytree": -0.9600167196547904, "log10_eta": -3.3629195241728334, "log10_lambda": -4.862879240704158, "log10_min_child_weight": 1.5338238969241509, "log10_subsample": -0.925177906092134, "max_depth": 3.0, "num_boost_round": 0.0}, "datetime": {"datetime": "2024-01-19 02:32:28", "elapsed": 8452.596185, "delta": 90.987117}}
{"target": -17.677204693689816, "params": {"gamma": 425.9509712404388, "log10_alpha": -3.119938945960038, "log10_colsample_bytree": -0.9600167196547904, "log10_eta": -3.3629195241728334, "log10_lambda": -4.862879240704158, "log10_min_child_weight": 1.5338238969241509, "log10_subsample": -0.925177906092134, "max_depth": 3.0, "num_boost_round": 1.0}, "datetime": {"datetime": "2024-01-19 02:32:28", "elapsed": 8452.601754, "delta": 0.005569}}
{"target": -17.67720406522683, "params": {"gamma": 425.9509712404388, "log10_alpha": -3.119938945960038, "log10_colsample_bytree": -0.9600167196547904, "log10_eta": -3.3629195241728334, "log10_lambda": -4.862879240704158, "log10_min_child_weight": 1.5338238969241509, "log10_subsample": -0.925177906092134, "max_depth": 3.0, "num_boost_round": 2.0}, "datetime": {"datetime": "2024-01-19 02:32:28", "elapsed": 8452.606768, "delta": 0.005014}}
{"target": -17.677193111381435, "params": {"gamma": 425.9509712404388, "log10_alpha": -3.119938945960038, "log10_colsample_bytree": -0.9600167196547904, "log10_eta": -3.3629195241728334, "log10_lambda": -4.862879240704158, "log10_min_child_weight": 1.5338238969241509, "log10_subsample": -0.925177906092134, "max_depth": 3.0, "num_boost_round": 3.0}, "datetime": {"datetime": "2024-01-19 02:32:28", "elapsed": 8452.612081, "delta": 0.005313}}
{"target": -17.677180710868576, "params": {"gamma": 425.9509712404388, "log10_alpha": -3.119938945960038, "log10_colsample_bytree": -0.9600167196547904, "log10_eta": -3.3629195241728334, "log10_lambda": -4.862879240704158, "log10_min_child_weight": 1.5338238969241509, "log10_subsample": -0.925177906092134, "max_depth": 3.0, "num_boost_round": 4.0}, "datetime": {"datetime": "2024-01-19 02:32:28", "elapsed": 8452.617034, "delta": 0.004953}}
{"target": -17.677180912526396, "params": {"gamma": 425.9509712404388, "log10_alpha": -3.119938945960038, "log10_colsample_bytree": -0.9600167196547904, "log10_eta": -3.3629195241728334, "log10_lambda": -4.862879240704158, "log10_min_child_weight": 1.5338238969241509, "log10_subsample": -0.925177906092134, "max_depth": 3.0, "num_boost_round": 5.0}, "datetime": {"datetime": "2024-01-19 02:32:28", "elapsed": 8452.621913, "delta": 0.004879}}
{"target": -17.677185322438177, "params": {"gamma": 425.9509712404388, "log10_alpha": -3.119938945960038, "log10_colsample_bytree": -0.9600167196547904, "log10_eta": -3.3629195241728334, "log10_lambda": -4.862879240704158, "log10_min_child_weight": 1.5338238969241509, "log10_subsample": -0.925177906092134, "max_depth": 3.0, "num_boost_round": 6.0}, "datetime": {"datetime": "2024-01-19 02:32:28", "elapsed": 8452.626777, "delta": 0.004864}}
{"target": -17.677170806764018, "params": {"gamma": 425.9509712404388, "log10_alpha": -3.119938945960038, "log10_colsample_bytree": -0.9600167196547904, "log10_eta": -3.3629195241728334, "log10_lambda": -4.862879240704158, "log10_min_child_weight": 1.5338238969241509, "log10_subsample": -0.925177906092134, "max_depth": 3.0, "num_boost_round": 7.0}, "datetime": {"datetime": "2024-01-19 02:32:28", "elapsed": 8452.63169, "delta": 0.004913}}
{"target": -17.677164642811153, "params": {"gamma": 425.9509712404388, "log10_alpha": -3.119938945960038, "log10_colsample_bytree": -0.9600167196547904, "log10_eta": -3.3629195241728334, "log10_lambda": -4.862879240704158, "log10_min_child_weight": 1.5338238969241509, "log10_subsample": -0.925177906092134, "max_depth": 3.0, "num_boost_round": 8.0}, "datetime": {"datetime": "2024-01-19 02:32:28", "elapsed": 8452.636721, "delta": 0.005031}}
{"target": -17.677157166002697, "params": {"gamma": 425.9509712404388, "log10_alpha": -3.119938945960038, "log10_colsample_bytree": -0.9600167196547904, "log10_eta": -3.3629195241728334, "log10_lambda": -4.862879240704158, "log10_min_child_weight": 1.5338238969241509, "log10_subsample": -0.925177906092134, "max_depth": 3.0, "num_boost_round": 9.0}, "datetime": {"datetime": "2024-01-19 02:32:28", "elapsed": 8452.641786, "delta": 0.005065}}
{"target": -17.677154353458793, "params": {"gamma": 425.9509712404388, "log10_alpha": -3.119938945960038, "log10_colsample_bytree": -0.9600167196547904, "log10_eta": -3.3629195241728334, "log10_lambda": -4.862879240704158, "log10_min_child_weight": 1.5338238969241509, "log10_subsample": -0.925177906092134, "max_depth": 3.0, "num_boost_round": 10.0}, "datetime": {"datetime": "2024-01-19 02:32:28", "elapsed": 8452.646565, "delta": 0.004779}}
{"target": -17.67714720689252, "params": {"gamma": 425.9509712404388, "log10_alpha": -3.119938945960038, "log10_colsample_bytree": -0.9600167196547904, "log10_eta": -3.3629195241728334, "log10_lambda": -4.862879240704158, "log10_min_child_weight": 1.5338238969241509, "log10_subsample": -0.925177906092134, "max_depth": 3.0, "num_boost_round": 11.0}, "datetime": {"datetime": "2024-01-19 02:32:28", "elapsed": 8452.651454, "delta": 0.004889}}
{"target": -17.677136896161652, "params": {"gamma": 425.9509712404388, "log10_alpha": -3.119938945960038, "log10_colsample_bytree": -0.9600167196547904, "log10_eta": -3.3629195241728334, "log10_lambda": -4.862879240704158, "log10_min_child_weight": 1.5338238969241509, "log10_subsample": -0.925177906092134, "max_depth": 3.0, "num_boost_round": 12.0}, "datetime": {"datetime": "2024-01-19 02:32:28", "elapsed": 8452.656353, "delta": 0.004899}}
{"target": -17.677129132795287, "params": {"gamma": 425.9509712404388, "log10_alpha": -3.119938945960038, "log10_colsample_bytree": -0.9600167196547904, "log10_eta": -3.3629195241728334, "log10_lambda": -4.862879240704158, "log10_min_child_weight": 1.5338238969241509, "log10_subsample": -0.925177906092134, "max_depth": 3.0, "num_boost_round": 13.0}, "datetime": {"datetime": "2024-01-19 02:32:28", "elapsed": 8452.661164, "delta": 0.004811}}
{"target": -17.677114873789225, "params": {"gamma": 425.9509712404388, "log10_alpha": -3.119938945960038, "log10_colsample_bytree": -0.9600167196547904, "log10_eta": -3.3629195241728334, "log10_lambda": -4.862879240704158, "log10_min_child_weight": 1.5338238969241509, "log10_subsample": -0.925177906092134, "max_depth": 3.0, "num_boost_round": 14.0}, "datetime": {"datetime": "2024-01-19 02:32:28", "elapsed": 8452.666067, "delta": 0.004903}}
{"target": -17.677108832128308, "params": {"gamma": 425.9509712404388, "log10_alpha": -3.119938945960038, "log10_colsample_bytree": -0.9600167196547904, "log10_eta": -3.3629195241728334, "log10_lambda": -4.862879240704158, "log10_min_child_weight": 1.5338238969241509, "log10_subsample": -0.925177906092134, "max_depth": 3.0, "num_boost_round": 15.0}, "datetime": {"datetime": "2024-01-19 02:32:28", "elapsed": 8452.671215, "delta": 0.005148}}
{"target": -17.677098762740094, "params": {"gamma": 425.9509712404388, "log10_alpha": -3.119938945960038, "log10_colsample_bytree": -0.9600167196547904, "log10_eta": -3.3629195241728334, "log10_lambda": -4.862879240704158, "log10_min_child_weight": 1.5338238969241509, "log10_subsample": -0.925177906092134, "max_depth": 3.0, "num_boost_round": 16.0}, "datetime": {"datetime": "2024-01-19 02:32:28", "elapsed": 8452.676206, "delta": 0.004991}}
{"target": -17.677089588693466, "params": {"gamma": 425.9509712404388, "log10_alpha": -3.119938945960038, "log10_colsample_bytree": -0.9600167196547904, "log10_eta": -3.3629195241728334, "log10_lambda": -4.862879240704158, "log10_min_child_weight": 1.5338238969241509, "log10_subsample": -0.925177906092134, "max_depth": 3.0, "num_boost_round": 17.0}, "datetime": {"datetime": "2024-01-19 02:32:28", "elapsed": 8452.681185, "delta": 0.004979}}
{"target": -17.677087735474416, "params": {"gamma": 425.9509712404388, "log10_alpha": -3.119938945960038, "log10_colsample_bytree": -0.9600167196547904, "log10_eta": -3.3629195241728334, "log10_lambda": -4.862879240704158, "log10_min_child_weight": 1.5338238969241509, "log10_subsample": -0.925177906092134, "max_depth": 3.0, "num_boost_round": 18.0}, "datetime": {"datetime": "2024-01-19 02:32:28", "elapsed": 8452.686106, "delta": 0.004921}}
{"target": -17.677078326128292, "params": {"gamma": 425.9509712404388, "log10_alpha": -3.119938945960038, "log10_colsample_bytree": -0.9600167196547904, "log10_eta": -3.3629195241728334, "log10_lambda": -4.862879240704158, "log10_min_child_weight": 1.5338238969241509, "log10_subsample": -0.925177906092134, "max_depth": 3.0, "num_boost_round": 19.0}, "datetime": {"datetime": "2024-01-19 02:32:28", "elapsed": 8452.691059, "delta": 0.004953}}
{"target": -17.6770649836649, "params": {"gamma": 425.9509712404388, "log10_alpha": -3.119938945960038, "log10_colsample_bytree": -0.9600167196547904, "log10_eta": -3.3629195241728334, "log10_lambda": -4.862879240704158, "log10_min_child_weight": 1.5338238969241509, "log10_subsample": -0.925177906092134, "max_depth": 3.0, "num_boost_round": 20.0}, "datetime": {"datetime": "2024-01-19 02:32:28", "elapsed": 8452.696074, "delta": 0.005015}}
{"target": -17.677044422773847, "params": {"gamma": 425.9509712404388, "log10_alpha": -3.119938945960038, "log10_colsample_bytree": -0.9600167196547904, "log10_eta": -3.3629195241728334, "log10_lambda": -4.862879240704158, "log10_min_child_weight": 1.5338238969241509, "log10_subsample": -0.925177906092134, "max_depth": 3.0, "num_boost_round": 21.0}, "datetime": {"datetime": "2024-01-19 02:32:28", "elapsed": 8452.70115, "delta": 0.005076}}
{"target": -17.67703001902066, "params": {"gamma": 425.9509712404388, "log10_alpha": -3.119938945960038, "log10_colsample_bytree": -0.9600167196547904, "log10_eta": -3.3629195241728334, "log10_lambda": -4.862879240704158, "log10_min_child_weight": 1.5338238969241509, "log10_subsample": -0.925177906092134, "max_depth": 3.0, "num_boost_round": 22.0}, "datetime": {"datetime": "2024-01-19 02:32:28", "elapsed": 8452.705982, "delta": 0.004832}}
{"target": -17.677009026217217, "params": {"gamma": 425.9509712404388, "log10_alpha": -3.119938945960038, "log10_colsample_bytree": -0.9600167196547904, "log10_eta": -3.3629195241728334, "log10_lambda": -4.862879240704158, "log10_min_child_weight": 1.5338238969241509, "log10_subsample": -0.925177906092134, "max_depth": 3.0, "num_boost_round": 23.0}, "datetime": {"datetime": "2024-01-19 02:32:28", "elapsed": 8452.710924, "delta": 0.004942}}
{"target": -17.677005567888052, "params": {"gamma": 425.9509712404388, "log10_alpha": -3.119938945960038, "log10_colsample_bytree": -0.9600167196547904, "log10_eta": -3.3629195241728334, "log10_lambda": -4.862879240704158, "log10_min_child_weight": 1.5338238969241509, "log10_subsample": -0.925177906092134, "max_depth": 3.0, "num_boost_round": 24.0}, "datetime": {"datetime": "2024-01-19 02:32:28", "elapsed": 8452.715929, "delta": 0.005005}}
{"target": -17.676979304927457, "params": {"gamma": 425.9509712404388, "log10_alpha": -3.119938945960038, "log10_colsample_bytree": -0.9600167196547904, "log10_eta": -3.3629195241728334, "log10_lambda": -4.862879240704158, "log10_min_child_weight": 1.5338238969241509, "log10_subsample": -0.925177906092134, "max_depth": 3.0, "num_boost_round": 25.0}, "datetime": {"datetime": "2024-01-19 02:32:28", "elapsed": 8452.720881, "delta": 0.004952}}
{"target": -17.677144311562948, "params": {"gamma": 450.5298524559098, "log10_alpha": -4.255598723031242, "log10_colsample_bytree": -0.2146371554462524, "log10_eta": -1.403492856062896, "log10_lambda": -4.6597877834515415, "log10_min_child_weight": 4.58329048544477, "log10_subsample": -0.5066768088986462, "max_depth": 5.0, "num_boost_round": 0.0}, "datetime": {"datetime": "2024-01-19 02:34:19", "elapsed": 8564.024035, "delta": 111.303154}}
{"target": -17.67717037935428, "params": {"gamma": 450.5298524559098, "log10_alpha": -4.255598723031242, "log10_colsample_bytree": -0.2146371554462524, "log10_eta": -1.403492856062896, "log10_lambda": -4.6597877834515415, "log10_min_child_weight": 4.58329048544477, "log10_subsample": -0.5066768088986462, "max_depth": 5.0, "num_boost_round": 1.0}, "datetime": {"datetime": "2024-01-19 02:34:19", "elapsed": 8564.029839, "delta": 0.005804}}
{"target": -17.677218943848636, "params": {"gamma": 450.5298524559098, "log10_alpha": -4.255598723031242, "log10_colsample_bytree": -0.2146371554462524, "log10_eta": -1.403492856062896, "log10_lambda": -4.6597877834515415, "log10_min_child_weight": 4.58329048544477, "log10_subsample": -0.5066768088986462, "max_depth": 5.0, "num_boost_round": 2.0}, "datetime": {"datetime": "2024-01-19 02:34:19", "elapsed": 8564.034782, "delta": 0.004943}}
{"target": -17.677171781372238, "params": {"gamma": 450.5298524559098, "log10_alpha": -4.255598723031242, "log10_colsample_bytree": -0.2146371554462524, "log10_eta": -1.403492856062896, "log10_lambda": -4.6597877834515415, "log10_min_child_weight": 4.58329048544477, "log10_subsample": -0.5066768088986462, "max_depth": 5.0, "num_boost_round": 3.0}, "datetime": {"datetime": "2024-01-19 02:34:19", "elapsed": 8564.039743, "delta": 0.004961}}
{"target": -17.676966811666926, "params": {"gamma": 450.5298524559098, "log10_alpha": -4.255598723031242, "log10_colsample_bytree": -0.2146371554462524, "log10_eta": -1.403492856062896, "log10_lambda": -4.6597877834515415, "log10_min_child_weight": 4.58329048544477, "log10_subsample": -0.5066768088986462, "max_depth": 5.0, "num_boost_round": 4.0}, "datetime": {"datetime": "2024-01-19 02:34:19", "elapsed": 8564.044802, "delta": 0.005059}}
{"target": -17.676995362843016, "params": {"gamma": 450.5298524559098, "log10_alpha": -4.255598723031242, "log10_colsample_bytree": -0.2146371554462524, "log10_eta": -1.403492856062896, "log10_lambda": -4.6597877834515415, "log10_min_child_weight": 4.58329048544477, "log10_subsample": -0.5066768088986462, "max_depth": 5.0, "num_boost_round": 5.0}, "datetime": {"datetime": "2024-01-19 02:34:19", "elapsed": 8564.049671, "delta": 0.004869}}
{"target": -17.677295401249843, "params": {"gamma": 450.5298524559098, "log10_alpha": -4.255598723031242, "log10_colsample_bytree": -0.2146371554462524, "log10_eta": -1.403492856062896, "log10_lambda": -4.6597877834515415, "log10_min_child_weight": 4.58329048544477, "log10_subsample": -0.5066768088986462, "max_depth": 5.0, "num_boost_round": 6.0}, "datetime": {"datetime": "2024-01-19 02:34:19", "elapsed": 8564.054569, "delta": 0.004898}}
{"target": -17.67674276738511, "params": {"gamma": 450.5298524559098, "log10_alpha": -4.255598723031242, "log10_colsample_bytree": -0.2146371554462524, "log10_eta": -1.403492856062896, "log10_lambda": -4.6597877834515415, "log10_min_child_weight": 4.58329048544477, "log10_subsample": -0.5066768088986462, "max_depth": 5.0, "num_boost_round": 7.0}, "datetime": {"datetime": "2024-01-19 02:34:19", "elapsed": 8564.059378, "delta": 0.004809}}
{"target": -17.676720188799496, "params": {"gamma": 450.5298524559098, "log10_alpha": -4.255598723031242, "log10_colsample_bytree": -0.2146371554462524, "log10_eta": -1.403492856062896, "log10_lambda": -4.6597877834515415, "log10_min_child_weight": 4.58329048544477, "log10_subsample": -0.5066768088986462, "max_depth": 5.0, "num_boost_round": 8.0}, "datetime": {"datetime": "2024-01-19 02:34:19", "elapsed": 8564.064183, "delta": 0.004805}}
{"target": -17.676600289026897, "params": {"gamma": 450.5298524559098, "log10_alpha": -4.255598723031242, "log10_colsample_bytree": -0.2146371554462524, "log10_eta": -1.403492856062896, "log10_lambda": -4.6597877834515415, "log10_min_child_weight": 4.58329048544477, "log10_subsample": -0.5066768088986462, "max_depth": 5.0, "num_boost_round": 9.0}, "datetime": {"datetime": "2024-01-19 02:34:19", "elapsed": 8564.069119, "delta": 0.004936}}
{"target": -17.676618344646897, "params": {"gamma": 450.5298524559098, "log10_alpha": -4.255598723031242, "log10_colsample_bytree": -0.2146371554462524, "log10_eta": -1.403492856062896, "log10_lambda": -4.6597877834515415, "log10_min_child_weight": 4.58329048544477, "log10_subsample": -0.5066768088986462, "max_depth": 5.0, "num_boost_round": 10.0}, "datetime": {"datetime": "2024-01-19 02:34:19", "elapsed": 8564.074312, "delta": 0.005193}}
{"target": -17.676353802576372, "params": {"gamma": 450.5298524559098, "log10_alpha": -4.255598723031242, "log10_colsample_bytree": -0.2146371554462524, "log10_eta": -1.403492856062896, "log10_lambda": -4.6597877834515415, "log10_min_child_weight": 4.58329048544477, "log10_subsample": -0.5066768088986462, "max_depth": 5.0, "num_boost_round": 11.0}, "datetime": {"datetime": "2024-01-19 02:34:19", "elapsed": 8564.079239, "delta": 0.004927}}
