{"target": -17.67722952660465, "params": {"gamma": 758.8899433872251, "log10_alpha": -0.9493972400688779, "log10_colsample_bytree": -0.5032522567257821, "log10_eta": -3.2689048433230843, "log10_lambda": -3.107360614297554, "log10_min_child_weight": 4.687619708798087, "log10_subsample": -0.7861644784765917, "max_depth": 4.0, "num_boost_round": 6.0}, "datetime": {"datetime": "2024-01-19 00:16:35", "elapsed": 299.525942, "delta": 0.000408}}
{"target": -17.677227464164154, "params": {"gamma": 758.8899433872251, "log10_alpha": -0.9493972400688779, "log10_colsample_bytree": -0.5032522567257821, "log10_eta": -3.2689048433230843, "log10_lambda": -3.107360614297554, "log10_min_child_weight": 4.687619708798087, "log10_subsample": -0.7861644784765917, "max_depth": 4.0, "num_boost_round": 7.0}, "datetime": {"datetime": "2024-01-19 00:16:35", "elapsed": 299.526458, "delta": 0.000516}}
{"target": -17.677225163294064, "params": {"gamma": 758.8899433872251, "log10_alpha": -0.9493972400688779, "log10_colsample_bytree": -0.5032522567257821, "log10_eta": -3.2689048433230843, "log10_lambda": -3.107360614297554, "log10_min_child_weight": 4.687619708798087, "log10_subsample": -0.7861644784765917, "max_depth": 4.0, "num_boost_round": 8.0}, "datetime": {"datetime": "2024-01-19 00:16:35", "elapsed": 299.526877, "delta": 0.000419}}
{"target": -17.677220338672264, "params": {"gamma": 758.8899433872251, "log10_alpha": -0.9493972400688779, "log10_colsample_bytree": -0.5032522567257821, "log10_eta": -3.2689048433230843, "log10_lambda": -3.107360614297554, "log10_min_child_weight": 4.687619708798087, "log10_subsample": -0.7861644784765917, "max_depth": 4.0, "num_boost_round": 9.0}, "datetime": {"datetime": "2024-01-19 00:16:35", "elapsed": 299.527285, "delta": 0.000408}}
{"target": -17.677217447431193, "params": {"gamma": 758.8899433872251, "log10_alpha": -0.9493972400688779, "log10_colsample_bytree": -0.5032522567257821, "log10_eta": -3.2689048433230843, "log10_lambda": -3.107360614297554, "log10_min_child_weight": 4.687619708798087, "log10_subsample": -0.7861644784765917, "max_depth": 4.0, "num_boost_round": 10.0}, "datetime": {"datetime": "2024-01-19 00:16:35", "elapsed": 299.527696, "delta": 0.000411}}
{"target": -17.677229280944, "params": {"gamma": 768.0045499225224, "log10_alpha": 0.43289759021985397, "log10_colsample_bytree": -0.8017374421512635, "log10_eta": -3.4361316752244444, "log10_lambda": -0.8685581051794902, "log10_min_child_weight": 4.53530621096882, "log10_subsample": -0.48086007177272294, "max_depth": 5.0, "num_boost_round": 0.0}, "datetime": {"datetime": "2024-01-19 00:16:56", "elapsed": 321.050604, "delta": 21.522908}}
{"target": -17.677224412311364, "params": {"gamma": 768.0045499225224, "log10_alpha": 0.43289759021985397, "log10_colsample_bytree": -0.8017374421512635, "log10_eta": -3.4361316752244444, "log10_lambda": -0.8685581051794902, "log10_min_child_weight": 4.53530621096882, "log10_subsample": -0.48086007177272294, "max_depth": 5.0, "num_boost_round": 1.0}, "datetime": {"datetime": "2024-01-19 00:16:56", "elapsed": 321.051478, "delta": 0.000874}}
{"target": -17.67722262378411, "params": {"gamma": 768.0045499225224, "log10_alpha": 0.43289759021985397, "log10_colsample_bytree": -0.8017374421512635, "log10_eta": -3.4361316752244444, "log10_lambda": -0.8685581051794902, "log10_min_child_weight": 4.53530621096882, "log10_subsample": -0.48086007177272294, "max_depth": 5.0, "num_boost_round": 2.0}, "datetime": {"datetime": "2024-01-19 00:16:56", "elapsed": 321.051959, "delta": 0.000481}}
{"target": -17.6772195136344, "params": {"gamma": 768.0045499225224, "log10_alpha": 0.43289759021985397, "log10_colsample_bytree": -0.8017374421512635, "log10_eta": -3.4361316752244444, "log10_lambda": -0.8685581051794902, "log10_min_child_weight": 4.53530621096882, "log10_subsample": -0.48086007177272294, "max_depth": 5.0, "num_boost_round": 3.0}, "datetime": {"datetime": "2024-01-19 00:16:56", "elapsed": 321.052397, "delta": 0.000438}}
{"target": -17.677216285372985, "params": {"gamma": 768.0045499225224, "log10_alpha": 0.43289759021985397, "log10_colsample_bytree": -0.8017374421512635, "log10_eta": -3.4361316752244444, "log10_lambda": -0.8685581051794902, "log10_min_child_weight": 4.53530621096882, "log10_subsample": -0.48086007177272294, "max_depth": 5.0, "num_boost_round": 4.0}, "datetime": {"datetime": "2024-01-19 00:16:56", "elapsed": 321.052836, "delta": 0.000439}}
{"target": -17.677214019293444, "params": {"gamma": 768.0045499225224, "log10_alpha": 0.43289759021985397, "log10_colsample_bytree": -0.8017374421512635, "log10_eta": -3.4361316752244444, "log10_lambda": -0.8685581051794902, "log10_min_child_weight": 4.53530621096882, "log10_subsample": -0.48086007177272294, "max_depth": 5.0, "num_boost_round": 5.0}, "datetime": {"datetime": "2024-01-19 00:16:56", "elapsed": 321.05326, "delta": 0.000424}}
{"target": -17.67721711377378, "params": {"gamma": 768.0045499225224, "log10_alpha": 0.43289759021985397, "log10_colsample_bytree": -0.8017374421512635, "log10_eta": -3.4361316752244444, "log10_lambda": -0.8685581051794902, "log10_min_child_weight": 4.53530621096882, "log10_subsample": -0.48086007177272294, "max_depth": 5.0, "num_boost_round": 6.0}, "datetime": {"datetime": "2024-01-19 00:16:56", "elapsed": 321.053914, "delta": 0.000654}}
{"target": -17.677214127466755, "params": {"gamma": 768.0045499225224, "log10_alpha": 0.43289759021985397, "log10_colsample_bytree": -0.8017374421512635, "log10_eta": -3.4361316752244444, "log10_lambda": -0.8685581051794902, "log10_min_child_weight": 4.53530621096882, "log10_subsample": -0.48086007177272294, "max_depth": 5.0, "num_boost_round": 7.0}, "datetime": {"datetime": "2024-01-19 00:16:56", "elapsed": 321.054343, "delta": 0.000429}}
{"target": -17.67721330756634, "params": {"gamma": 768.0045499225224, "log10_alpha": 0.43289759021985397, "log10_colsample_bytree": -0.8017374421512635, "log10_eta": -3.4361316752244444, "log10_lambda": -0.8685581051794902, "log10_min_child_weight": 4.53530621096882, "log10_subsample": -0.48086007177272294, "max_depth": 5.0, "num_boost_round": 8.0}, "datetime": {"datetime": "2024-01-19 00:16:56", "elapsed": 321.054773, "delta": 0.00043}}
{"target": -17.677211476788145, "params": {"gamma": 768.0045499225224, "log10_alpha": 0.43289759021985397, "log10_colsample_bytree": -0.8017374421512635, "log10_eta": -3.4361316752244444, "log10_lambda": -0.8685581051794902, "log10_min_child_weight": 4.53530621096882, "log10_subsample": -0.48086007177272294, "max_depth": 5.0, "num_boost_round": 9.0}, "datetime": {"datetime": "2024-01-19 00:16:56", "elapsed": 321.055197, "delta": 0.000424}}
{"target": -17.677209312685925, "params": {"gamma": 768.0045499225224, "log10_alpha": 0.43289759021985397, "log10_colsample_bytree": -0.8017374421512635, "log10_eta": -3.4361316752244444, "log10_lambda": -0.8685581051794902, "log10_min_child_weight": 4.53530621096882, "log10_subsample": -0.48086007177272294, "max_depth": 5.0, "num_boost_round": 10.0}, "datetime": {"datetime": "2024-01-19 00:16:56", "elapsed": 321.055624, "delta": 0.000427}}
{"target": -17.67720601492724, "params": {"gamma": 768.0045499225224, "log10_alpha": 0.43289759021985397, "log10_colsample_bytree": -0.8017374421512635, "log10_eta": -3.4361316752244444, "log10_lambda": -0.8685581051794902, "log10_min_child_weight": 4.53530621096882, "log10_subsample": -0.48086007177272294, "max_depth": 5.0, "num_boost_round": 11.0}, "datetime": {"datetime": "2024-01-19 00:16:56", "elapsed": 321.056047, "delta": 0.000423}}
{"target": -17.677208555045503, "params": {"gamma": 745.7287033638578, "log10_alpha": -4.4757219086836635, "log10_colsample_bytree": -0.822286113427977, "log10_eta": -2.926273302553772, "log10_lambda": 0.9807310645186487, "log10_min_child_weight": 0.7358915024698703, "log10_subsample": -0.681859261520871, "max_depth": 4.0, "num_boost_round": 0.0}, "datetime": {"datetime": "2024-01-19 00:17:16", "elapsed": 341.163672, "delta": 20.107625}}
{"target": -17.677177707797807, "params": {"gamma": 745.7287033638578, "log10_alpha": -4.4757219086836635, "log10_colsample_bytree": -0.822286113427977, "log10_eta": -2.926273302553772, "log10_lambda": 0.9807310645186487, "log10_min_child_weight": 0.7358915024698703, "log10_subsample": -0.681859261520871, "max_depth": 4.0, "num_boost_round": 1.0}, "datetime": {"datetime": "2024-01-19 00:17:16", "elapsed": 341.164296, "delta": 0.000624}}
{"target": -17.677183170688597, "params": {"gamma": 745.7287033638578, "log10_alpha": -4.4757219086836635, "log10_colsample_bytree": -0.822286113427977, "log10_eta": -2.926273302553772, "log10_lambda": 0.9807310645186487, "log10_min_child_weight": 0.7358915024698703, "log10_subsample": -0.681859261520871, "max_depth": 4.0, "num_boost_round": 2.0}, "datetime": {"datetime": "2024-01-19 00:17:16", "elapsed": 341.164778, "delta": 0.000482}}
{"target": -17.6771851669599, "params": {"gamma": 745.7287033638578, "log10_alpha": -4.4757219086836635, "log10_colsample_bytree": -0.822286113427977, "log10_eta": -2.926273302553772, "log10_lambda": 0.9807310645186487, "log10_min_child_weight": 0.7358915024698703, "log10_subsample": -0.681859261520871, "max_depth": 4.0, "num_boost_round": 3.0}, "datetime": {"datetime": "2024-01-19 00:17:16", "elapsed": 341.165237, "delta": 0.000459}}
{"target": -17.67715132460111, "params": {"gamma": 745.7287033638578, "log10_alpha": -4.4757219086836635, "log10_colsample_bytree": -0.822286113427977, "log10_eta": -2.926273302553772, "log10_lambda": 0.9807310645186487, "log10_min_child_weight": 0.7358915024698703, "log10_subsample": -0.681859261520871, "max_depth": 4.0, "num_boost_round": 4.0}, "datetime": {"datetime": "2024-01-19 00:17:16", "elapsed": 341.165692, "delta": 0.000455}}
{"target": -17.677146120825725, "params": {"gamma": 745.7287033638578, "log10_alpha": -4.4757219086836635, "log10_colsample_bytree": -0.822286113427977, "log10_eta": -2.926273302553772, "log10_lambda": 0.9807310645186487, "log10_min_child_weight": 0.7358915024698703, "log10_subsample": -0.681859261520871, "max_depth": 4.0, "num_boost_round": 5.0}, "datetime": {"datetime": "2024-01-19 00:17:16", "elapsed": 341.166133, "delta": 0.000441}}
{"target": -17.67713835734992, "params": {"gamma": 745.7287033638578, "log10_alpha": -4.4757219086836635, "log10_colsample_bytree": -0.822286113427977, "log10_eta": -2.926273302553772, "log10_lambda": 0.9807310645186487, "log10_min_child_weight": 0.7358915024698703, "log10_subsample": -0.681859261520871, "max_depth": 4.0, "num_boost_round": 6.0}, "datetime": {"datetime": "2024-01-19 00:17:16", "elapsed": 341.16658, "delta": 0.000447}}
{"target": -17.67709926513382, "params": {"gamma": 745.7287033638578, "log10_alpha": -4.4757219086836635, "log10_colsample_bytree": -0.822286113427977, "log10_eta": -2.926273302553772, "log10_lambda": 0.9807310645186487, "log10_min_child_weight": 0.7358915024698703, "log10_subsample": -0.681859261520871, "max_depth": 4.0, "num_boost_round": 7.0}, "datetime": {"datetime": "2024-01-19 00:17:16", "elapsed": 341.167023, "delta": 0.000443}}
{"target": -17.677084397425233, "params": {"gamma": 745.7287033638578, "log10_alpha": -4.4757219086836635, "log10_colsample_bytree": -0.822286113427977, "log10_eta": -2.926273302553772, "log10_lambda": 0.9807310645186487, "log10_min_child_weight": 0.7358915024698703, "log10_subsample": -0.681859261520871, "max_depth": 4.0, "num_boost_round": 8.0}, "datetime": {"datetime": "2024-01-19 00:17:16", "elapsed": 341.167464, "delta": 0.000441}}
{"target": -17.67705827636783, "params": {"gamma": 745.7287033638578, "log10_alpha": -4.4757219086836635, "log10_colsample_bytree": -0.822286113427977, "log10_eta": -2.926273302553772, "log10_lambda": 0.9807310645186487, "log10_min_child_weight": 0.7358915024698703, "log10_subsample": -0.681859261520871, "max_depth": 4.0, "num_boost_round": 9.0}, "datetime": {"datetime": "2024-01-19 00:17:16", "elapsed": 341.167913, "delta": 0.000449}}
{"target": -17.67703996218765, "params": {"gamma": 745.7287033638578, "log10_alpha": -4.4757219086836635, "log10_colsample_bytree": -0.822286113427977, "log10_eta": -2.926273302553772, "log10_lambda": 0.9807310645186487, "log10_min_child_weight": 0.7358915024698703, "log10_subsample": -0.681859261520871, "max_depth": 4.0, "num_boost_round": 10.0}, "datetime": {"datetime": "2024-01-19 00:17:16", "elapsed": 341.168359, "delta": 0.000446}}
{"target": -17.677228755908658, "params": {"gamma": 754.5620470535625, "log10_alpha": -1.0590669066538245, "log10_colsample_bytree": -0.007760909534456295, "log10_eta": -3.8760894586896306, "log10_lambda": -2.5417214492771008, "log10_min_child_weight": 3.3385676657220897, "log10_subsample": -0.32551828944798444, "max_depth": 6.0, "num_boost_round": 0.0}, "datetime": {"datetime": "2024-01-19 00:17:38", "elapsed": 362.938892, "delta": 21.770533}}
{"target": -17.677230286686857, "params": {"gamma": 754.5620470535625, "log10_alpha": -1.0590669066538245, "log10_colsample_bytree": -0.007760909534456295, "log10_eta": -3.8760894586896306, "log10_lambda": -2.5417214492771008, "log10_min_child_weight": 3.3385676657220897, "log10_subsample": -0.32551828944798444, "max_depth": 6.0, "num_boost_round": 1.0}, "datetime": {"datetime": "2024-01-19 00:17:38", "elapsed": 362.939853, "delta": 0.000961}}
{"target": -17.67723035734555, "params": {"gamma": 754.5620470535625, "log10_alpha": -1.0590669066538245, "log10_colsample_bytree": -0.007760909534456295, "log10_eta": -3.8760894586896306, "log10_lambda": -2.5417214492771008, "log10_min_child_weight": 3.3385676657220897, "log10_subsample": -0.32551828944798444, "max_depth": 6.0, "num_boost_round": 2.0}, "datetime": {"datetime": "2024-01-19 00:17:38", "elapsed": 362.940466, "delta": 0.000613}}
{"target": -17.677225796641192, "params": {"gamma": 754.5620470535625, "log10_alpha": -1.0590669066538245, "log10_colsample_bytree": -0.007760909534456295, "log10_eta": -3.8760894586896306, "log10_lambda": -2.5417214492771008, "log10_min_child_weight": 3.3385676657220897, "log10_subsample": -0.32551828944798444, "max_depth": 6.0, "num_boost_round": 3.0}, "datetime": {"datetime": "2024-01-19 00:17:38", "elapsed": 362.940951, "delta": 0.000485}}
{"target": -17.677224055217547, "params": {"gamma": 754.5620470535625, "log10_alpha": -1.0590669066538245, "log10_colsample_bytree": -0.007760909534456295, "log10_eta": -3.8760894586896306, "log10_lambda": -2.5417214492771008, "log10_min_child_weight": 3.3385676657220897, "log10_subsample": -0.32551828944798444, "max_depth": 6.0, "num_boost_round": 4.0}, "datetime": {"datetime": "2024-01-19 00:17:38", "elapsed": 362.941545, "delta": 0.000594}}
{"target": -17.67722218381699, "params": {"gamma": 754.5620470535625, "log10_alpha": -1.0590669066538245, "log10_colsample_bytree": -0.007760909534456295, "log10_eta": -3.8760894586896306, "log10_lambda": -2.5417214492771008, "log10_min_child_weight": 3.3385676657220897, "log10_subsample": -0.32551828944798444, "max_depth": 6.0, "num_boost_round": 5.0}, "datetime": {"datetime": "2024-01-19 00:17:38", "elapsed": 362.942022, "delta": 0.000477}}
{"target": -17.677218348839087, "params": {"gamma": 754.5620470535625, "log10_alpha": -1.0590669066538245, "log10_colsample_bytree": -0.007760909534456295, "log10_eta": -3.8760894586896306, "log10_lambda": -2.5417214492771008, "log10_min_child_weight": 3.3385676657220897, "log10_subsample": -0.32551828944798444, "max_depth": 6.0, "num_boost_round": 6.0}, "datetime": {"datetime": "2024-01-19 00:17:38", "elapsed": 362.94249, "delta": 0.000468}}
{"target": -17.67721688161834, "params": {"gamma": 754.5620470535625, "log10_alpha": -1.0590669066538245, "log10_colsample_bytree": -0.007760909534456295, "log10_eta": -3.8760894586896306, "log10_lambda": -2.5417214492771008, "log10_min_child_weight": 3.3385676657220897, "log10_subsample": -0.32551828944798444, "max_depth": 6.0, "num_boost_round": 7.0}, "datetime": {"datetime": "2024-01-19 00:17:38", "elapsed": 362.94296, "delta": 0.00047}}
{"target": -17.677216118127486, "params": {"gamma": 754.5620470535625, "log10_alpha": -1.0590669066538245, "log10_colsample_bytree": -0.007760909534456295, "log10_eta": -3.8760894586896306, "log10_lambda": -2.5417214492771008, "log10_min_child_weight": 3.3385676657220897, "log10_subsample": -0.32551828944798444, "max_depth": 6.0, "num_boost_round": 8.0}, "datetime": {"datetime": "2024-01-19 00:17:38", "elapsed": 362.943426, "delta": 0.000466}}
{"target": -17.677210655235747, "params": {"gamma": 754.5620470535625, "log10_alpha": -1.0590669066538245, "log10_colsample_bytree": -0.007760909534456295, "log10_eta": -3.8760894586896306, "log10_lambda": -2.5417214492771008, "log10_min_child_weight": 3.3385676657220897, "log10_subsample": -0.32551828944798444, "max_depth": 6.0, "num_boost_round": 9.0}, "datetime": {"datetime": "2024-01-19 00:17:38", "elapsed": 362.943899, "delta": 0.000473}}
{"target": -17.67721049058565, "params": {"gamma": 754.5620470535625, "log10_alpha": -1.0590669066538245, "log10_colsample_bytree": -0.007760909534456295, "log10_eta": -3.8760894586896306, "log10_lambda": -2.5417214492771008, "log10_min_child_weight": 3.3385676657220897, "log10_subsample": -0.32551828944798444, "max_depth": 6.0, "num_boost_round": 10.0}, "datetime": {"datetime": "2024-01-19 00:17:38", "elapsed": 362.944366, "delta": 0.000467}}
{"target": -17.67721017495305, "params": {"gamma": 754.5620470535625, "log10_alpha": -1.0590669066538245, "log10_colsample_bytree": -0.007760909534456295, "log10_eta": -3.8760894586896306, "log10_lambda": -2.5417214492771008, "log10_min_child_weight": 3.3385676657220897, "log10_subsample": -0.32551828944798444, "max_depth": 6.0, "num_boost_round": 11.0}, "datetime": {"datetime": "2024-01-19 00:17:38", "elapsed": 362.944851, "delta": 0.000485}}
{"target": -17.677209988444783, "params": {"gamma": 754.5620470535625, "log10_alpha": -1.0590669066538245, "log10_colsample_bytree": -0.007760909534456295, "log10_eta": -3.8760894586896306, "log10_lambda": -2.5417214492771008, "log10_min_child_weight": 3.3385676657220897, "log10_subsample": -0.32551828944798444, "max_depth": 6.0, "num_boost_round": 12.0}, "datetime": {"datetime": "2024-01-19 00:17:38", "elapsed": 362.945329, "delta": 0.000478}}
{"target": -17.677210562249897, "params": {"gamma": 754.5620470535625, "log10_alpha": -1.0590669066538245, "log10_colsample_bytree": -0.007760909534456295, "log10_eta": -3.8760894586896306, "log10_lambda": -2.5417214492771008, "log10_min_child_weight": 3.3385676657220897, "log10_subsample": -0.32551828944798444, "max_depth": 6.0, "num_boost_round": 13.0}, "datetime": {"datetime": "2024-01-19 00:17:38", "elapsed": 362.945814, "delta": 0.000485}}
{"target": -17.69112708434039, "params": {"gamma": 752.8067296957602, "log10_alpha": -2.832797857417774, "log10_colsample_bytree": -0.7138522656157027, "log10_eta": -0.7608656042868684, "log10_lambda": -2.53486653264791, "log10_min_child_weight": 1.1288409904589825, "log10_subsample": -0.3073877997065656, "max_depth": 7.0, "num_boost_round": 0.0}, "datetime": {"datetime": "2024-01-19 00:17:59", "elapsed": 383.793405, "delta": 20.847591}}
{"target": -17.71221678168947, "params": {"gamma": 752.8067296957602, "log10_alpha": -2.832797857417774, "log10_colsample_bytree": -0.7138522656157027, "log10_eta": -0.7608656042868684, "log10_lambda": -2.53486653264791, "log10_min_child_weight": 1.1288409904589825, "log10_subsample": -0.3073877997065656, "max_depth": 7.0, "num_boost_round": 1.0}, "datetime": {"datetime": "2024-01-19 00:17:59", "elapsed": 383.794023, "delta": 0.000618}}
{"target": -17.71537727063993, "params": {"gamma": 752.8067296957602, "log10_alpha": -2.832797857417774, "log10_colsample_bytree": -0.7138522656157027, "log10_eta": -0.7608656042868684, "log10_lambda": -2.53486653264791, "log10_min_child_weight": 1.1288409904589825, "log10_subsample": -0.3073877997065656, "max_depth": 7.0, "num_boost_round": 2.0}, "datetime": {"datetime": "2024-01-19 00:17:59", "elapsed": 383.794528, "delta": 0.000505}}
{"target": -17.72916490704159, "params": {"gamma": 752.8067296957602, "log10_alpha": -2.832797857417774, "log10_colsample_bytree": -0.7138522656157027, "log10_eta": -0.7608656042868684, "log10_lambda": -2.53486653264791, "log10_min_child_weight": 1.1288409904589825, "log10_subsample": -0.3073877997065656, "max_depth": 7.0, "num_boost_round": 3.0}, "datetime": {"datetime": "2024-01-19 00:17:59", "elapsed": 383.79501, "delta": 0.000482}}
{"target": -17.732256221894154, "params": {"gamma": 752.8067296957602, "log10_alpha": -2.832797857417774, "log10_colsample_bytree": -0.7138522656157027, "log10_eta": -0.7608656042868684, "log10_lambda": -2.53486653264791, "log10_min_child_weight": 1.1288409904589825, "log10_subsample": -0.3073877997065656, "max_depth": 7.0, "num_boost_round": 4.0}, "datetime": {"datetime": "2024-01-19 00:17:59", "elapsed": 383.795488, "delta": 0.000478}}
{"target": -17.740801174242034, "params": {"gamma": 752.8067296957602, "log10_alpha": -2.832797857417774, "log10_colsample_bytree": -0.7138522656157027, "log10_eta": -0.7608656042868684, "log10_lambda": -2.53486653264791, "log10_min_child_weight": 1.1288409904589825, "log10_subsample": -0.3073877997065656, "max_depth": 7.0, "num_boost_round": 5.0}, "datetime": {"datetime": "2024-01-19 00:17:59", "elapsed": 383.795982, "delta": 0.000494}}
{"target": -17.754610103175292, "params": {"gamma": 752.8067296957602, "log10_alpha": -2.832797857417774, "log10_colsample_bytree": -0.7138522656157027, "log10_eta": -0.7608656042868684, "log10_lambda": -2.53486653264791, "log10_min_child_weight": 1.1288409904589825, "log10_subsample": -0.3073877997065656, "max_depth": 7.0, "num_boost_round": 6.0}, "datetime": {"datetime": "2024-01-19 00:17:59", "elapsed": 383.796468, "delta": 0.000486}}
