{"target": -17.688915600060348, "params": {"gamma": 402.0424562701739, "log10_alpha": -4.845298327743746, "log10_colsample_bytree": -0.5118976702602116, "log10_eta": -1.8217920875704512, "log10_lambda": -2.0357900657517014, "log10_min_child_weight": 1.4489696963955312, "log10_subsample": -0.12087523948936696, "max_depth": 7.0, "num_boost_round": 55.0}, "datetime": {"datetime": "2024-01-19 01:17:16", "elapsed": 3926.328446, "delta": 0.004316}}
{"target": -17.689867467284333, "params": {"gamma": 402.0424562701739, "log10_alpha": -4.845298327743746, "log10_colsample_bytree": -0.5118976702602116, "log10_eta": -1.8217920875704512, "log10_lambda": -2.0357900657517014, "log10_min_child_weight": 1.4489696963955312, "log10_subsample": -0.12087523948936696, "max_depth": 7.0, "num_boost_round": 56.0}, "datetime": {"datetime": "2024-01-19 01:17:16", "elapsed": 3926.333389, "delta": 0.004943}}
{"target": -17.690664802487028, "params": {"gamma": 402.0424562701739, "log10_alpha": -4.845298327743746, "log10_colsample_bytree": -0.5118976702602116, "log10_eta": -1.8217920875704512, "log10_lambda": -2.0357900657517014, "log10_min_child_weight": 1.4489696963955312, "log10_subsample": -0.12087523948936696, "max_depth": 7.0, "num_boost_round": 57.0}, "datetime": {"datetime": "2024-01-19 01:17:16", "elapsed": 3926.338708, "delta": 0.005319}}
{"target": -17.690497874702206, "params": {"gamma": 402.0424562701739, "log10_alpha": -4.845298327743746, "log10_colsample_bytree": -0.5118976702602116, "log10_eta": -1.8217920875704512, "log10_lambda": -2.0357900657517014, "log10_min_child_weight": 1.4489696963955312, "log10_subsample": -0.12087523948936696, "max_depth": 7.0, "num_boost_round": 58.0}, "datetime": {"datetime": "2024-01-19 01:17:16", "elapsed": 3926.343326, "delta": 0.004618}}
{"target": -17.69030824634998, "params": {"gamma": 402.0424562701739, "log10_alpha": -4.845298327743746, "log10_colsample_bytree": -0.5118976702602116, "log10_eta": -1.8217920875704512, "log10_lambda": -2.0357900657517014, "log10_min_child_weight": 1.4489696963955312, "log10_subsample": -0.12087523948936696, "max_depth": 7.0, "num_boost_round": 59.0}, "datetime": {"datetime": "2024-01-19 01:17:16", "elapsed": 3926.347852, "delta": 0.004526}}
{"target": -17.69030938506171, "params": {"gamma": 402.0424562701739, "log10_alpha": -4.845298327743746, "log10_colsample_bytree": -0.5118976702602116, "log10_eta": -1.8217920875704512, "log10_lambda": -2.0357900657517014, "log10_min_child_weight": 1.4489696963955312, "log10_subsample": -0.12087523948936696, "max_depth": 7.0, "num_boost_round": 60.0}, "datetime": {"datetime": "2024-01-19 01:17:16", "elapsed": 3926.352396, "delta": 0.004544}}
{"target": -17.690358994878594, "params": {"gamma": 402.0424562701739, "log10_alpha": -4.845298327743746, "log10_colsample_bytree": -0.5118976702602116, "log10_eta": -1.8217920875704512, "log10_lambda": -2.0357900657517014, "log10_min_child_weight": 1.4489696963955312, "log10_subsample": -0.12087523948936696, "max_depth": 7.0, "num_boost_round": 61.0}, "datetime": {"datetime": "2024-01-19 01:17:16", "elapsed": 3926.357189, "delta": 0.004793}}
{"target": -17.69215654675119, "params": {"gamma": 402.0424562701739, "log10_alpha": -4.845298327743746, "log10_colsample_bytree": -0.5118976702602116, "log10_eta": -1.8217920875704512, "log10_lambda": -2.0357900657517014, "log10_min_child_weight": 1.4489696963955312, "log10_subsample": -0.12087523948936696, "max_depth": 7.0, "num_boost_round": 62.0}, "datetime": {"datetime": "2024-01-19 01:17:16", "elapsed": 3926.361955, "delta": 0.004766}}
{"target": -17.69261783431726, "params": {"gamma": 402.0424562701739, "log10_alpha": -4.845298327743746, "log10_colsample_bytree": -0.5118976702602116, "log10_eta": -1.8217920875704512, "log10_lambda": -2.0357900657517014, "log10_min_child_weight": 1.4489696963955312, "log10_subsample": -0.12087523948936696, "max_depth": 7.0, "num_boost_round": 63.0}, "datetime": {"datetime": "2024-01-19 01:17:16", "elapsed": 3926.366482, "delta": 0.004527}}
{"target": -17.693522416216243, "params": {"gamma": 402.0424562701739, "log10_alpha": -4.845298327743746, "log10_colsample_bytree": -0.5118976702602116, "log10_eta": -1.8217920875704512, "log10_lambda": -2.0357900657517014, "log10_min_child_weight": 1.4489696963955312, "log10_subsample": -0.12087523948936696, "max_depth": 7.0, "num_boost_round": 64.0}, "datetime": {"datetime": "2024-01-19 01:17:16", "elapsed": 3926.370901, "delta": 0.004419}}
{"target": -17.694260895384165, "params": {"gamma": 402.0424562701739, "log10_alpha": -4.845298327743746, "log10_colsample_bytree": -0.5118976702602116, "log10_eta": -1.8217920875704512, "log10_lambda": -2.0357900657517014, "log10_min_child_weight": 1.4489696963955312, "log10_subsample": -0.12087523948936696, "max_depth": 7.0, "num_boost_round": 65.0}, "datetime": {"datetime": "2024-01-19 01:17:16", "elapsed": 3926.375347, "delta": 0.004446}}
{"target": -17.695068955141707, "params": {"gamma": 402.0424562701739, "log10_alpha": -4.845298327743746, "log10_colsample_bytree": -0.5118976702602116, "log10_eta": -1.8217920875704512, "log10_lambda": -2.0357900657517014, "log10_min_child_weight": 1.4489696963955312, "log10_subsample": -0.12087523948936696, "max_depth": 7.0, "num_boost_round": 66.0}, "datetime": {"datetime": "2024-01-19 01:17:16", "elapsed": 3926.37984, "delta": 0.004493}}
{"target": -17.69638758589059, "params": {"gamma": 402.0424562701739, "log10_alpha": -4.845298327743746, "log10_colsample_bytree": -0.5118976702602116, "log10_eta": -1.8217920875704512, "log10_lambda": -2.0357900657517014, "log10_min_child_weight": 1.4489696963955312, "log10_subsample": -0.12087523948936696, "max_depth": 7.0, "num_boost_round": 67.0}, "datetime": {"datetime": "2024-01-19 01:17:16", "elapsed": 3926.38419, "delta": 0.00435}}
{"target": -17.696912734238378, "params": {"gamma": 402.0424562701739, "log10_alpha": -4.845298327743746, "log10_colsample_bytree": -0.5118976702602116, "log10_eta": -1.8217920875704512, "log10_lambda": -2.0357900657517014, "log10_min_child_weight": 1.4489696963955312, "log10_subsample": -0.12087523948936696, "max_depth": 7.0, "num_boost_round": 68.0}, "datetime": {"datetime": "2024-01-19 01:17:16", "elapsed": 3926.38858, "delta": 0.00439}}
{"target": -17.69841981859377, "params": {"gamma": 402.0424562701739, "log10_alpha": -4.845298327743746, "log10_colsample_bytree": -0.5118976702602116, "log10_eta": -1.8217920875704512, "log10_lambda": -2.0357900657517014, "log10_min_child_weight": 1.4489696963955312, "log10_subsample": -0.12087523948936696, "max_depth": 7.0, "num_boost_round": 69.0}, "datetime": {"datetime": "2024-01-19 01:17:16", "elapsed": 3926.393004, "delta": 0.004424}}
{"target": -17.69849062352549, "params": {"gamma": 402.0424562701739, "log10_alpha": -4.845298327743746, "log10_colsample_bytree": -0.5118976702602116, "log10_eta": -1.8217920875704512, "log10_lambda": -2.0357900657517014, "log10_min_child_weight": 1.4489696963955312, "log10_subsample": -0.12087523948936696, "max_depth": 7.0, "num_boost_round": 70.0}, "datetime": {"datetime": "2024-01-19 01:17:16", "elapsed": 3926.397389, "delta": 0.004385}}
{"target": -17.698463695931142, "params": {"gamma": 402.0424562701739, "log10_alpha": -4.845298327743746, "log10_colsample_bytree": -0.5118976702602116, "log10_eta": -1.8217920875704512, "log10_lambda": -2.0357900657517014, "log10_min_child_weight": 1.4489696963955312, "log10_subsample": -0.12087523948936696, "max_depth": 7.0, "num_boost_round": 71.0}, "datetime": {"datetime": "2024-01-19 01:17:16", "elapsed": 3926.401733, "delta": 0.004344}}
{"target": -17.69942579422715, "params": {"gamma": 402.0424562701739, "log10_alpha": -4.845298327743746, "log10_colsample_bytree": -0.5118976702602116, "log10_eta": -1.8217920875704512, "log10_lambda": -2.0357900657517014, "log10_min_child_weight": 1.4489696963955312, "log10_subsample": -0.12087523948936696, "max_depth": 7.0, "num_boost_round": 72.0}, "datetime": {"datetime": "2024-01-19 01:17:16", "elapsed": 3926.406152, "delta": 0.004419}}
{"target": -17.7004010186251, "params": {"gamma": 402.0424562701739, "log10_alpha": -4.845298327743746, "log10_colsample_bytree": -0.5118976702602116, "log10_eta": -1.8217920875704512, "log10_lambda": -2.0357900657517014, "log10_min_child_weight": 1.4489696963955312, "log10_subsample": -0.12087523948936696, "max_depth": 7.0, "num_boost_round": 73.0}, "datetime": {"datetime": "2024-01-19 01:17:16", "elapsed": 3926.41055, "delta": 0.004398}}
{"target": -17.702022115347038, "params": {"gamma": 402.0424562701739, "log10_alpha": -4.845298327743746, "log10_colsample_bytree": -0.5118976702602116, "log10_eta": -1.8217920875704512, "log10_lambda": -2.0357900657517014, "log10_min_child_weight": 1.4489696963955312, "log10_subsample": -0.12087523948936696, "max_depth": 7.0, "num_boost_round": 74.0}, "datetime": {"datetime": "2024-01-19 01:17:16", "elapsed": 3926.41495, "delta": 0.0044}}
{"target": -17.70357334095476, "params": {"gamma": 402.0424562701739, "log10_alpha": -4.845298327743746, "log10_colsample_bytree": -0.5118976702602116, "log10_eta": -1.8217920875704512, "log10_lambda": -2.0357900657517014, "log10_min_child_weight": 1.4489696963955312, "log10_subsample": -0.12087523948936696, "max_depth": 7.0, "num_boost_round": 75.0}, "datetime": {"datetime": "2024-01-19 01:17:16", "elapsed": 3926.419365, "delta": 0.004415}}
{"target": -17.677102075568964, "params": {"gamma": 399.65876397924393, "log10_alpha": -2.808042476434636, "log10_colsample_bytree": -0.5163603465963367, "log10_eta": -2.5375746735073585, "log10_lambda": 0.11261271236726245, "log10_min_child_weight": 3.568027172391586, "log10_subsample": -0.26939898152018515, "max_depth": 6.0, "num_boost_round": 0.0}, "datetime": {"datetime": "2024-01-19 01:18:26", "elapsed": 3996.056012, "delta": 69.636647}}
{"target": -17.67706165381049, "params": {"gamma": 399.65876397924393, "log10_alpha": -2.808042476434636, "log10_colsample_bytree": -0.5163603465963367, "log10_eta": -2.5375746735073585, "log10_lambda": 0.11261271236726245, "log10_min_child_weight": 3.568027172391586, "log10_subsample": -0.26939898152018515, "max_depth": 6.0, "num_boost_round": 1.0}, "datetime": {"datetime": "2024-01-19 01:18:26", "elapsed": 3996.061262, "delta": 0.00525}}
{"target": -17.67690510975114, "params": {"gamma": 399.65876397924393, "log10_alpha": -2.808042476434636, "log10_colsample_bytree": -0.5163603465963367, "log10_eta": -2.5375746735073585, "log10_lambda": 0.11261271236726245, "log10_min_child_weight": 3.568027172391586, "log10_subsample": -0.26939898152018515, "max_depth": 6.0, "num_boost_round": 2.0}, "datetime": {"datetime": "2024-01-19 01:18:26", "elapsed": 3996.065958, "delta": 0.004696}}
{"target": -17.67694101917004, "params": {"gamma": 399.65876397924393, "log10_alpha": -2.808042476434636, "log10_colsample_bytree": -0.5163603465963367, "log10_eta": -2.5375746735073585, "log10_lambda": 0.11261271236726245, "log10_min_child_weight": 3.568027172391586, "log10_subsample": -0.26939898152018515, "max_depth": 6.0, "num_boost_round": 3.0}, "datetime": {"datetime": "2024-01-19 01:18:26", "elapsed": 3996.071762, "delta": 0.005804}}
{"target": -17.676869458075448, "params": {"gamma": 399.65876397924393, "log10_alpha": -2.808042476434636, "log10_colsample_bytree": -0.5163603465963367, "log10_eta": -2.5375746735073585, "log10_lambda": 0.11261271236726245, "log10_min_child_weight": 3.568027172391586, "log10_subsample": -0.26939898152018515, "max_depth": 6.0, "num_boost_round": 4.0}, "datetime": {"datetime": "2024-01-19 01:18:26", "elapsed": 3996.077603, "delta": 0.005841}}
{"target": -17.676817174055838, "params": {"gamma": 399.65876397924393, "log10_alpha": -2.808042476434636, "log10_colsample_bytree": -0.5163603465963367, "log10_eta": -2.5375746735073585, "log10_lambda": 0.11261271236726245, "log10_min_child_weight": 3.568027172391586, "log10_subsample": -0.26939898152018515, "max_depth": 6.0, "num_boost_round": 5.0}, "datetime": {"datetime": "2024-01-19 01:18:26", "elapsed": 3996.208455, "delta": 0.130852}}
{"target": -17.676839446714467, "params": {"gamma": 399.65876397924393, "log10_alpha": -2.808042476434636, "log10_colsample_bytree": -0.5163603465963367, "log10_eta": -2.5375746735073585, "log10_lambda": 0.11261271236726245, "log10_min_child_weight": 3.568027172391586, "log10_subsample": -0.26939898152018515, "max_depth": 6.0, "num_boost_round": 6.0}, "datetime": {"datetime": "2024-01-19 01:18:26", "elapsed": 3996.214225, "delta": 0.00577}}
{"target": -17.67682102655688, "params": {"gamma": 399.65876397924393, "log10_alpha": -2.808042476434636, "log10_colsample_bytree": -0.5163603465963367, "log10_eta": -2.5375746735073585, "log10_lambda": 0.11261271236726245, "log10_min_child_weight": 3.568027172391586, "log10_subsample": -0.26939898152018515, "max_depth": 6.0, "num_boost_round": 7.0}, "datetime": {"datetime": "2024-01-19 01:18:26", "elapsed": 3996.219562, "delta": 0.005337}}
{"target": -17.676710573578625, "params": {"gamma": 399.65876397924393, "log10_alpha": -2.808042476434636, "log10_colsample_bytree": -0.5163603465963367, "log10_eta": -2.5375746735073585, "log10_lambda": 0.11261271236726245, "log10_min_child_weight": 3.568027172391586, "log10_subsample": -0.26939898152018515, "max_depth": 6.0, "num_boost_round": 8.0}, "datetime": {"datetime": "2024-01-19 01:18:26", "elapsed": 3996.224539, "delta": 0.004977}}
{"target": -17.676678362264273, "params": {"gamma": 399.65876397924393, "log10_alpha": -2.808042476434636, "log10_colsample_bytree": -0.5163603465963367, "log10_eta": -2.5375746735073585, "log10_lambda": 0.11261271236726245, "log10_min_child_weight": 3.568027172391586, "log10_subsample": -0.26939898152018515, "max_depth": 6.0, "num_boost_round": 9.0}, "datetime": {"datetime": "2024-01-19 01:18:26", "elapsed": 3996.229422, "delta": 0.004883}}
{"target": -17.67650750875031, "params": {"gamma": 399.65876397924393, "log10_alpha": -2.808042476434636, "log10_colsample_bytree": -0.5163603465963367, "log10_eta": -2.5375746735073585, "log10_lambda": 0.11261271236726245, "log10_min_child_weight": 3.568027172391586, "log10_subsample": -0.26939898152018515, "max_depth": 6.0, "num_boost_round": 10.0}, "datetime": {"datetime": "2024-01-19 01:18:26", "elapsed": 3996.234081, "delta": 0.004659}}
{"target": -17.67637575684849, "params": {"gamma": 399.65876397924393, "log10_alpha": -2.808042476434636, "log10_colsample_bytree": -0.5163603465963367, "log10_eta": -2.5375746735073585, "log10_lambda": 0.11261271236726245, "log10_min_child_weight": 3.568027172391586, "log10_subsample": -0.26939898152018515, "max_depth": 6.0, "num_boost_round": 11.0}, "datetime": {"datetime": "2024-01-19 01:18:26", "elapsed": 3996.238649, "delta": 0.004568}}
{"target": -17.67632925576058, "params": {"gamma": 399.65876397924393, "log10_alpha": -2.808042476434636, "log10_colsample_bytree": -0.5163603465963367, "log10_eta": -2.5375746735073585, "log10_lambda": 0.11261271236726245, "log10_min_child_weight": 3.568027172391586, "log10_subsample": -0.26939898152018515, "max_depth": 6.0, "num_boost_round": 12.0}, "datetime": {"datetime": "2024-01-19 01:18:26", "elapsed": 3996.24349, "delta": 0.004841}}
{"target": -17.676304843427896, "params": {"gamma": 399.65876397924393, "log10_alpha": -2.808042476434636, "log10_colsample_bytree": -0.5163603465963367, "log10_eta": -2.5375746735073585, "log10_lambda": 0.11261271236726245, "log10_min_child_weight": 3.568027172391586, "log10_subsample": -0.26939898152018515, "max_depth": 6.0, "num_boost_round": 13.0}, "datetime": {"datetime": "2024-01-19 01:18:26", "elapsed": 3996.248434, "delta": 0.004944}}
{"target": -17.676373547468817, "params": {"gamma": 399.65876397924393, "log10_alpha": -2.808042476434636, "log10_colsample_bytree": -0.5163603465963367, "log10_eta": -2.5375746735073585, "log10_lambda": 0.11261271236726245, "log10_min_child_weight": 3.568027172391586, "log10_subsample": -0.26939898152018515, "max_depth": 6.0, "num_boost_round": 14.0}, "datetime": {"datetime": "2024-01-19 01:18:26", "elapsed": 3996.253248, "delta": 0.004814}}
{"target": -17.676289367316492, "params": {"gamma": 399.65876397924393, "log10_alpha": -2.808042476434636, "log10_colsample_bytree": -0.5163603465963367, "log10_eta": -2.5375746735073585, "log10_lambda": 0.11261271236726245, "log10_min_child_weight": 3.568027172391586, "log10_subsample": -0.26939898152018515, "max_depth": 6.0, "num_boost_round": 15.0}, "datetime": {"datetime": "2024-01-19 01:18:26", "elapsed": 3996.257805, "delta": 0.004557}}
{"target": -17.67625429882619, "params": {"gamma": 399.65876397924393, "log10_alpha": -2.808042476434636, "log10_colsample_bytree": -0.5163603465963367, "log10_eta": -2.5375746735073585, "log10_lambda": 0.11261271236726245, "log10_min_child_weight": 3.568027172391586, "log10_subsample": -0.26939898152018515, "max_depth": 6.0, "num_boost_round": 16.0}, "datetime": {"datetime": "2024-01-19 01:18:26", "elapsed": 3996.262499, "delta": 0.004694}}
{"target": -17.6763205858216, "params": {"gamma": 399.65876397924393, "log10_alpha": -2.808042476434636, "log10_colsample_bytree": -0.5163603465963367, "log10_eta": -2.5375746735073585, "log10_lambda": 0.11261271236726245, "log10_min_child_weight": 3.568027172391586, "log10_subsample": -0.26939898152018515, "max_depth": 6.0, "num_boost_round": 17.0}, "datetime": {"datetime": "2024-01-19 01:18:26", "elapsed": 3996.267227, "delta": 0.004728}}
{"target": -17.67638535556514, "params": {"gamma": 399.65876397924393, "log10_alpha": -2.808042476434636, "log10_colsample_bytree": -0.5163603465963367, "log10_eta": -2.5375746735073585, "log10_lambda": 0.11261271236726245, "log10_min_child_weight": 3.568027172391586, "log10_subsample": -0.26939898152018515, "max_depth": 6.0, "num_boost_round": 18.0}, "datetime": {"datetime": "2024-01-19 01:18:26", "elapsed": 3996.271754, "delta": 0.004527}}
{"target": -17.676305312312202, "params": {"gamma": 399.65876397924393, "log10_alpha": -2.808042476434636, "log10_colsample_bytree": -0.5163603465963367, "log10_eta": -2.5375746735073585, "log10_lambda": 0.11261271236726245, "log10_min_child_weight": 3.568027172391586, "log10_subsample": -0.26939898152018515, "max_depth": 6.0, "num_boost_round": 19.0}, "datetime": {"datetime": "2024-01-19 01:18:26", "elapsed": 3996.276382, "delta": 0.004628}}
{"target": -17.676216868246755, "params": {"gamma": 399.65876397924393, "log10_alpha": -2.808042476434636, "log10_colsample_bytree": -0.5163603465963367, "log10_eta": -2.5375746735073585, "log10_lambda": 0.11261271236726245, "log10_min_child_weight": 3.568027172391586, "log10_subsample": -0.26939898152018515, "max_depth": 6.0, "num_boost_round": 20.0}, "datetime": {"datetime": "2024-01-19 01:18:26", "elapsed": 3996.281136, "delta": 0.004754}}
{"target": -17.67611317906042, "params": {"gamma": 399.65876397924393, "log10_alpha": -2.808042476434636, "log10_colsample_bytree": -0.5163603465963367, "log10_eta": -2.5375746735073585, "log10_lambda": 0.11261271236726245, "log10_min_child_weight": 3.568027172391586, "log10_subsample": -0.26939898152018515, "max_depth": 6.0, "num_boost_round": 21.0}, "datetime": {"datetime": "2024-01-19 01:18:26", "elapsed": 3996.286278, "delta": 0.005142}}
{"target": -17.67597834424717, "params": {"gamma": 399.65876397924393, "log10_alpha": -2.808042476434636, "log10_colsample_bytree": -0.5163603465963367, "log10_eta": -2.5375746735073585, "log10_lambda": 0.11261271236726245, "log10_min_child_weight": 3.568027172391586, "log10_subsample": -0.26939898152018515, "max_depth": 6.0, "num_boost_round": 22.0}, "datetime": {"datetime": "2024-01-19 01:18:26", "elapsed": 3996.290983, "delta": 0.004705}}
{"target": -17.676031266634144, "params": {"gamma": 399.65876397924393, "log10_alpha": -2.808042476434636, "log10_colsample_bytree": -0.5163603465963367, "log10_eta": -2.5375746735073585, "log10_lambda": 0.11261271236726245, "log10_min_child_weight": 3.568027172391586, "log10_subsample": -0.26939898152018515, "max_depth": 6.0, "num_boost_round": 23.0}, "datetime": {"datetime": "2024-01-19 01:18:26", "elapsed": 3996.29557, "delta": 0.004587}}
{"target": -17.676019983091223, "params": {"gamma": 399.65876397924393, "log10_alpha": -2.808042476434636, "log10_colsample_bytree": -0.5163603465963367, "log10_eta": -2.5375746735073585, "log10_lambda": 0.11261271236726245, "log10_min_child_weight": 3.568027172391586, "log10_subsample": -0.26939898152018515, "max_depth": 6.0, "num_boost_round": 24.0}, "datetime": {"datetime": "2024-01-19 01:18:26", "elapsed": 3996.300132, "delta": 0.004562}}
{"target": -17.67597850457715, "params": {"gamma": 399.65876397924393, "log10_alpha": -2.808042476434636, "log10_colsample_bytree": -0.5163603465963367, "log10_eta": -2.5375746735073585, "log10_lambda": 0.11261271236726245, "log10_min_child_weight": 3.568027172391586, "log10_subsample": -0.26939898152018515, "max_depth": 6.0, "num_boost_round": 25.0}, "datetime": {"datetime": "2024-01-19 01:18:26", "elapsed": 3996.305011, "delta": 0.004879}}
{"target": -17.67601040470196, "params": {"gamma": 399.65876397924393, "log10_alpha": -2.808042476434636, "log10_colsample_bytree": -0.5163603465963367, "log10_eta": -2.5375746735073585, "log10_lambda": 0.11261271236726245, "log10_min_child_weight": 3.568027172391586, "log10_subsample": -0.26939898152018515, "max_depth": 6.0, "num_boost_round": 26.0}, "datetime": {"datetime": "2024-01-19 01:18:26", "elapsed": 3996.30955, "delta": 0.004539}}
{"target": -17.67597649448583, "params": {"gamma": 399.65876397924393, "log10_alpha": -2.808042476434636, "log10_colsample_bytree": -0.5163603465963367, "log10_eta": -2.5375746735073585, "log10_lambda": 0.11261271236726245, "log10_min_child_weight": 3.568027172391586, "log10_subsample": -0.26939898152018515, "max_depth": 6.0, "num_boost_round": 27.0}, "datetime": {"datetime": "2024-01-19 01:18:26", "elapsed": 3996.314137, "delta": 0.004587}}
