{"target": -13.758504894889818, "params": {"gamma": 703.02365573022, "log10_alpha": -2.98818478370107, "log10_colsample_bytree": -0.001596634510981465, "log10_eta": -3.6311108769261353, "log10_lambda": -1.7758587566544746, "log10_min_child_weight": 2.1244728656106786, "log10_subsample": -0.8175289119077515, "max_depth": 2.0, "num_boost_round": 15.0}, "datetime": {"datetime": "2024-01-19 02:05:22", "elapsed": 6830.150612, "delta": 0.006531}}
{"target": -13.758502279709745, "params": {"gamma": 703.02365573022, "log10_alpha": -2.98818478370107, "log10_colsample_bytree": -0.001596634510981465, "log10_eta": -3.6311108769261353, "log10_lambda": -1.7758587566544746, "log10_min_child_weight": 2.1244728656106786, "log10_subsample": -0.8175289119077515, "max_depth": 2.0, "num_boost_round": 16.0}, "datetime": {"datetime": "2024-01-19 02:05:22", "elapsed": 6830.157058, "delta": 0.006446}}
{"target": -13.75849946171787, "params": {"gamma": 703.02365573022, "log10_alpha": -2.98818478370107, "log10_colsample_bytree": -0.001596634510981465, "log10_eta": -3.6311108769261353, "log10_lambda": -1.7758587566544746, "log10_min_child_weight": 2.1244728656106786, "log10_subsample": -0.8175289119077515, "max_depth": 2.0, "num_boost_round": 17.0}, "datetime": {"datetime": "2024-01-19 02:05:22", "elapsed": 6830.163408, "delta": 0.00635}}
{"target": -13.75849863392046, "params": {"gamma": 703.02365573022, "log10_alpha": -2.98818478370107, "log10_colsample_bytree": -0.001596634510981465, "log10_eta": -3.6311108769261353, "log10_lambda": -1.7758587566544746, "log10_min_child_weight": 2.1244728656106786, "log10_subsample": -0.8175289119077515, "max_depth": 2.0, "num_boost_round": 18.0}, "datetime": {"datetime": "2024-01-19 02:05:22", "elapsed": 6830.169799, "delta": 0.006391}}
{"target": -13.758498683975425, "params": {"gamma": 703.02365573022, "log10_alpha": -2.98818478370107, "log10_colsample_bytree": -0.001596634510981465, "log10_eta": -3.6311108769261353, "log10_lambda": -1.7758587566544746, "log10_min_child_weight": 2.1244728656106786, "log10_subsample": -0.8175289119077515, "max_depth": 2.0, "num_boost_round": 19.0}, "datetime": {"datetime": "2024-01-19 02:05:22", "elapsed": 6830.176669, "delta": 0.00687}}
{"target": -13.758496224172573, "params": {"gamma": 703.02365573022, "log10_alpha": -2.98818478370107, "log10_colsample_bytree": -0.001596634510981465, "log10_eta": -3.6311108769261353, "log10_lambda": -1.7758587566544746, "log10_min_child_weight": 2.1244728656106786, "log10_subsample": -0.8175289119077515, "max_depth": 2.0, "num_boost_round": 20.0}, "datetime": {"datetime": "2024-01-19 02:05:22", "elapsed": 6830.183267, "delta": 0.006598}}
{"target": -13.758493662352096, "params": {"gamma": 703.02365573022, "log10_alpha": -2.98818478370107, "log10_colsample_bytree": -0.001596634510981465, "log10_eta": -3.6311108769261353, "log10_lambda": -1.7758587566544746, "log10_min_child_weight": 2.1244728656106786, "log10_subsample": -0.8175289119077515, "max_depth": 2.0, "num_boost_round": 21.0}, "datetime": {"datetime": "2024-01-19 02:05:22", "elapsed": 6830.190364, "delta": 0.007097}}
{"target": -13.758492241406032, "params": {"gamma": 703.02365573022, "log10_alpha": -2.98818478370107, "log10_colsample_bytree": -0.001596634510981465, "log10_eta": -3.6311108769261353, "log10_lambda": -1.7758587566544746, "log10_min_child_weight": 2.1244728656106786, "log10_subsample": -0.8175289119077515, "max_depth": 2.0, "num_boost_round": 22.0}, "datetime": {"datetime": "2024-01-19 02:05:22", "elapsed": 6830.19729, "delta": 0.006926}}
{"target": -13.758489480328858, "params": {"gamma": 703.02365573022, "log10_alpha": -2.98818478370107, "log10_colsample_bytree": -0.001596634510981465, "log10_eta": -3.6311108769261353, "log10_lambda": -1.7758587566544746, "log10_min_child_weight": 2.1244728656106786, "log10_subsample": -0.8175289119077515, "max_depth": 2.0, "num_boost_round": 23.0}, "datetime": {"datetime": "2024-01-19 02:05:22", "elapsed": 6830.203718, "delta": 0.006428}}
{"target": -13.758537890651663, "params": {"gamma": 712.3259937910847, "log10_alpha": -0.480552443412618, "log10_colsample_bytree": 0.0, "log10_eta": -4.0, "log10_lambda": -2.2768247621966227, "log10_min_child_weight": 1.6240834388714505, "log10_subsample": -0.2695207510181991, "max_depth": 7.0, "num_boost_round": 0.0}, "datetime": {"datetime": "2024-01-19 02:07:26", "elapsed": 6954.139445, "delta": 123.935727}}
{"target": -13.758538720880427, "params": {"gamma": 712.3259937910847, "log10_alpha": -0.480552443412618, "log10_colsample_bytree": 0.0, "log10_eta": -4.0, "log10_lambda": -2.2768247621966227, "log10_min_child_weight": 1.6240834388714505, "log10_subsample": -0.2695207510181991, "max_depth": 7.0, "num_boost_round": 1.0}, "datetime": {"datetime": "2024-01-19 02:07:26", "elapsed": 6954.147435, "delta": 0.00799}}
{"target": -13.758537220234599, "params": {"gamma": 712.3259937910847, "log10_alpha": -0.480552443412618, "log10_colsample_bytree": 0.0, "log10_eta": -4.0, "log10_lambda": -2.2768247621966227, "log10_min_child_weight": 1.6240834388714505, "log10_subsample": -0.2695207510181991, "max_depth": 7.0, "num_boost_round": 2.0}, "datetime": {"datetime": "2024-01-19 02:07:26", "elapsed": 6954.155111, "delta": 0.007676}}
{"target": -13.758537010768135, "params": {"gamma": 712.3259937910847, "log10_alpha": -0.480552443412618, "log10_colsample_bytree": 0.0, "log10_eta": -4.0, "log10_lambda": -2.2768247621966227, "log10_min_child_weight": 1.6240834388714505, "log10_subsample": -0.2695207510181991, "max_depth": 7.0, "num_boost_round": 3.0}, "datetime": {"datetime": "2024-01-19 02:07:26", "elapsed": 6954.162229, "delta": 0.007118}}
{"target": -13.758535414396752, "params": {"gamma": 712.3259937910847, "log10_alpha": -0.480552443412618, "log10_colsample_bytree": 0.0, "log10_eta": -4.0, "log10_lambda": -2.2768247621966227, "log10_min_child_weight": 1.6240834388714505, "log10_subsample": -0.2695207510181991, "max_depth": 7.0, "num_boost_round": 4.0}, "datetime": {"datetime": "2024-01-19 02:07:26", "elapsed": 6954.168979, "delta": 0.00675}}
{"target": -13.758534848053367, "params": {"gamma": 712.3259937910847, "log10_alpha": -0.480552443412618, "log10_colsample_bytree": 0.0, "log10_eta": -4.0, "log10_lambda": -2.2768247621966227, "log10_min_child_weight": 1.6240834388714505, "log10_subsample": -0.2695207510181991, "max_depth": 7.0, "num_boost_round": 5.0}, "datetime": {"datetime": "2024-01-19 02:07:26", "elapsed": 6954.175938, "delta": 0.006959}}
{"target": -13.758533372977256, "params": {"gamma": 712.3259937910847, "log10_alpha": -0.480552443412618, "log10_colsample_bytree": 0.0, "log10_eta": -4.0, "log10_lambda": -2.2768247621966227, "log10_min_child_weight": 1.6240834388714505, "log10_subsample": -0.2695207510181991, "max_depth": 7.0, "num_boost_round": 6.0}, "datetime": {"datetime": "2024-01-19 02:07:26", "elapsed": 6954.1827, "delta": 0.006762}}
{"target": -13.75853134930334, "params": {"gamma": 712.3259937910847, "log10_alpha": -0.480552443412618, "log10_colsample_bytree": 0.0, "log10_eta": -4.0, "log10_lambda": -2.2768247621966227, "log10_min_child_weight": 1.6240834388714505, "log10_subsample": -0.2695207510181991, "max_depth": 7.0, "num_boost_round": 7.0}, "datetime": {"datetime": "2024-01-19 02:07:26", "elapsed": 6954.189595, "delta": 0.006895}}
{"target": -13.75853069646994, "params": {"gamma": 712.3259937910847, "log10_alpha": -0.480552443412618, "log10_colsample_bytree": 0.0, "log10_eta": -4.0, "log10_lambda": -2.2768247621966227, "log10_min_child_weight": 1.6240834388714505, "log10_subsample": -0.2695207510181991, "max_depth": 7.0, "num_boost_round": 8.0}, "datetime": {"datetime": "2024-01-19 02:07:26", "elapsed": 6954.196615, "delta": 0.00702}}
{"target": -13.758529096494781, "params": {"gamma": 712.3259937910847, "log10_alpha": -0.480552443412618, "log10_colsample_bytree": 0.0, "log10_eta": -4.0, "log10_lambda": -2.2768247621966227, "log10_min_child_weight": 1.6240834388714505, "log10_subsample": -0.2695207510181991, "max_depth": 7.0, "num_boost_round": 9.0}, "datetime": {"datetime": "2024-01-19 02:07:26", "elapsed": 6954.203353, "delta": 0.006738}}
{"target": -13.758530107744795, "params": {"gamma": 712.3259937910847, "log10_alpha": -0.480552443412618, "log10_colsample_bytree": 0.0, "log10_eta": -4.0, "log10_lambda": -2.2768247621966227, "log10_min_child_weight": 1.6240834388714505, "log10_subsample": -0.2695207510181991, "max_depth": 7.0, "num_boost_round": 10.0}, "datetime": {"datetime": "2024-01-19 02:07:26", "elapsed": 6954.209999, "delta": 0.006646}}
{"target": -13.758527588401012, "params": {"gamma": 712.3259937910847, "log10_alpha": -0.480552443412618, "log10_colsample_bytree": 0.0, "log10_eta": -4.0, "log10_lambda": -2.2768247621966227, "log10_min_child_weight": 1.6240834388714505, "log10_subsample": -0.2695207510181991, "max_depth": 7.0, "num_boost_round": 11.0}, "datetime": {"datetime": "2024-01-19 02:07:26", "elapsed": 6954.217017, "delta": 0.007018}}
{"target": -13.758525995235958, "params": {"gamma": 712.3259937910847, "log10_alpha": -0.480552443412618, "log10_colsample_bytree": 0.0, "log10_eta": -4.0, "log10_lambda": -2.2768247621966227, "log10_min_child_weight": 1.6240834388714505, "log10_subsample": -0.2695207510181991, "max_depth": 7.0, "num_boost_round": 12.0}, "datetime": {"datetime": "2024-01-19 02:07:26", "elapsed": 6954.223741, "delta": 0.006724}}
{"target": -13.758526086282554, "params": {"gamma": 712.3259937910847, "log10_alpha": -0.480552443412618, "log10_colsample_bytree": 0.0, "log10_eta": -4.0, "log10_lambda": -2.2768247621966227, "log10_min_child_weight": 1.6240834388714505, "log10_subsample": -0.2695207510181991, "max_depth": 7.0, "num_boost_round": 13.0}, "datetime": {"datetime": "2024-01-19 02:07:26", "elapsed": 6954.36791, "delta": 0.144169}}
{"target": -13.758522619567236, "params": {"gamma": 712.3259937910847, "log10_alpha": -0.480552443412618, "log10_colsample_bytree": 0.0, "log10_eta": -4.0, "log10_lambda": -2.2768247621966227, "log10_min_child_weight": 1.6240834388714505, "log10_subsample": -0.2695207510181991, "max_depth": 7.0, "num_boost_round": 14.0}, "datetime": {"datetime": "2024-01-19 02:07:26", "elapsed": 6954.375391, "delta": 0.007481}}
{"target": -13.758520245898964, "params": {"gamma": 712.3259937910847, "log10_alpha": -0.480552443412618, "log10_colsample_bytree": 0.0, "log10_eta": -4.0, "log10_lambda": -2.2768247621966227, "log10_min_child_weight": 1.6240834388714505, "log10_subsample": -0.2695207510181991, "max_depth": 7.0, "num_boost_round": 15.0}, "datetime": {"datetime": "2024-01-19 02:07:26", "elapsed": 6954.38287, "delta": 0.007479}}
{"target": -13.758518457927256, "params": {"gamma": 712.3259937910847, "log10_alpha": -0.480552443412618, "log10_colsample_bytree": 0.0, "log10_eta": -4.0, "log10_lambda": -2.2768247621966227, "log10_min_child_weight": 1.6240834388714505, "log10_subsample": -0.2695207510181991, "max_depth": 7.0, "num_boost_round": 16.0}, "datetime": {"datetime": "2024-01-19 02:07:26", "elapsed": 6954.389705, "delta": 0.006835}}
{"target": -13.758516907488055, "params": {"gamma": 712.3259937910847, "log10_alpha": -0.480552443412618, "log10_colsample_bytree": 0.0, "log10_eta": -4.0, "log10_lambda": -2.2768247621966227, "log10_min_child_weight": 1.6240834388714505, "log10_subsample": -0.2695207510181991, "max_depth": 7.0, "num_boost_round": 17.0}, "datetime": {"datetime": "2024-01-19 02:07:26", "elapsed": 6954.396644, "delta": 0.006939}}
{"target": -13.758517671612617, "params": {"gamma": 712.3259937910847, "log10_alpha": -0.480552443412618, "log10_colsample_bytree": 0.0, "log10_eta": -4.0, "log10_lambda": -2.2768247621966227, "log10_min_child_weight": 1.6240834388714505, "log10_subsample": -0.2695207510181991, "max_depth": 7.0, "num_boost_round": 18.0}, "datetime": {"datetime": "2024-01-19 02:07:26", "elapsed": 6954.403411, "delta": 0.006767}}
{"target": -13.758515918376627, "params": {"gamma": 712.3259937910847, "log10_alpha": -0.480552443412618, "log10_colsample_bytree": 0.0, "log10_eta": -4.0, "log10_lambda": -2.2768247621966227, "log10_min_child_weight": 1.6240834388714505, "log10_subsample": -0.2695207510181991, "max_depth": 7.0, "num_boost_round": 19.0}, "datetime": {"datetime": "2024-01-19 02:07:26", "elapsed": 6954.410247, "delta": 0.006836}}
{"target": -13.758513401946132, "params": {"gamma": 712.3259937910847, "log10_alpha": -0.480552443412618, "log10_colsample_bytree": 0.0, "log10_eta": -4.0, "log10_lambda": -2.2768247621966227, "log10_min_child_weight": 1.6240834388714505, "log10_subsample": -0.2695207510181991, "max_depth": 7.0, "num_boost_round": 20.0}, "datetime": {"datetime": "2024-01-19 02:07:26", "elapsed": 6954.417051, "delta": 0.006804}}
{"target": -13.758515639161757, "params": {"gamma": 712.3259937910847, "log10_alpha": -0.480552443412618, "log10_colsample_bytree": 0.0, "log10_eta": -4.0, "log10_lambda": -2.2768247621966227, "log10_min_child_weight": 1.6240834388714505, "log10_subsample": -0.2695207510181991, "max_depth": 7.0, "num_boost_round": 21.0}, "datetime": {"datetime": "2024-01-19 02:07:26", "elapsed": 6954.42493, "delta": 0.007879}}
{"target": -13.758513147559828, "params": {"gamma": 712.3259937910847, "log10_alpha": -0.480552443412618, "log10_colsample_bytree": 0.0, "log10_eta": -4.0, "log10_lambda": -2.2768247621966227, "log10_min_child_weight": 1.6240834388714505, "log10_subsample": -0.2695207510181991, "max_depth": 7.0, "num_boost_round": 22.0}, "datetime": {"datetime": "2024-01-19 02:07:26", "elapsed": 6954.432048, "delta": 0.007118}}
{"target": -13.75851077646749, "params": {"gamma": 712.3259937910847, "log10_alpha": -0.480552443412618, "log10_colsample_bytree": 0.0, "log10_eta": -4.0, "log10_lambda": -2.2768247621966227, "log10_min_child_weight": 1.6240834388714505, "log10_subsample": -0.2695207510181991, "max_depth": 7.0, "num_boost_round": 23.0}, "datetime": {"datetime": "2024-01-19 02:07:26", "elapsed": 6954.439259, "delta": 0.007211}}
{"target": -13.758509949756519, "params": {"gamma": 712.3259937910847, "log10_alpha": -0.480552443412618, "log10_colsample_bytree": 0.0, "log10_eta": -4.0, "log10_lambda": -2.2768247621966227, "log10_min_child_weight": 1.6240834388714505, "log10_subsample": -0.2695207510181991, "max_depth": 7.0, "num_boost_round": 24.0}, "datetime": {"datetime": "2024-01-19 02:07:26", "elapsed": 6954.446087, "delta": 0.006828}}
{"target": -13.758508774981092, "params": {"gamma": 712.3259937910847, "log10_alpha": -0.480552443412618, "log10_colsample_bytree": 0.0, "log10_eta": -4.0, "log10_lambda": -2.2768247621966227, "log10_min_child_weight": 1.6240834388714505, "log10_subsample": -0.2695207510181991, "max_depth": 7.0, "num_boost_round": 25.0}, "datetime": {"datetime": "2024-01-19 02:07:26", "elapsed": 6954.453239, "delta": 0.007152}}
{"target": -13.758509204741447, "params": {"gamma": 712.3259937910847, "log10_alpha": -0.480552443412618, "log10_colsample_bytree": 0.0, "log10_eta": -4.0, "log10_lambda": -2.2768247621966227, "log10_min_child_weight": 1.6240834388714505, "log10_subsample": -0.2695207510181991, "max_depth": 7.0, "num_boost_round": 26.0}, "datetime": {"datetime": "2024-01-19 02:07:26", "elapsed": 6954.459969, "delta": 0.00673}}
{"target": -13.758507699007783, "params": {"gamma": 712.3259937910847, "log10_alpha": -0.480552443412618, "log10_colsample_bytree": 0.0, "log10_eta": -4.0, "log10_lambda": -2.2768247621966227, "log10_min_child_weight": 1.6240834388714505, "log10_subsample": -0.2695207510181991, "max_depth": 7.0, "num_boost_round": 27.0}, "datetime": {"datetime": "2024-01-19 02:07:26", "elapsed": 6954.46703, "delta": 0.007061}}
{"target": -13.758508108726293, "params": {"gamma": 712.3259937910847, "log10_alpha": -0.480552443412618, "log10_colsample_bytree": 0.0, "log10_eta": -4.0, "log10_lambda": -2.2768247621966227, "log10_min_child_weight": 1.6240834388714505, "log10_subsample": -0.2695207510181991, "max_depth": 7.0, "num_boost_round": 28.0}, "datetime": {"datetime": "2024-01-19 02:07:26", "elapsed": 6954.47391, "delta": 0.00688}}
{"target": -13.758507260847693, "params": {"gamma": 712.3259937910847, "log10_alpha": -0.480552443412618, "log10_colsample_bytree": 0.0, "log10_eta": -4.0, "log10_lambda": -2.2768247621966227, "log10_min_child_weight": 1.6240834388714505, "log10_subsample": -0.2695207510181991, "max_depth": 7.0, "num_boost_round": 29.0}, "datetime": {"datetime": "2024-01-19 02:07:26", "elapsed": 6954.481738, "delta": 0.007828}}
{"target": -13.758503704384804, "params": {"gamma": 712.3259937910847, "log10_alpha": -0.480552443412618, "log10_colsample_bytree": 0.0, "log10_eta": -4.0, "log10_lambda": -2.2768247621966227, "log10_min_child_weight": 1.6240834388714505, "log10_subsample": -0.2695207510181991, "max_depth": 7.0, "num_boost_round": 30.0}, "datetime": {"datetime": "2024-01-19 02:07:26", "elapsed": 6954.488708, "delta": 0.00697}}
{"target": -13.758498321404709, "params": {"gamma": 712.3259937910847, "log10_alpha": -0.480552443412618, "log10_colsample_bytree": 0.0, "log10_eta": -4.0, "log10_lambda": -2.2768247621966227, "log10_min_child_weight": 1.6240834388714505, "log10_subsample": -0.2695207510181991, "max_depth": 7.0, "num_boost_round": 31.0}, "datetime": {"datetime": "2024-01-19 02:07:26", "elapsed": 6954.495646, "delta": 0.006938}}
{"target": -13.758495399853613, "params": {"gamma": 712.3259937910847, "log10_alpha": -0.480552443412618, "log10_colsample_bytree": 0.0, "log10_eta": -4.0, "log10_lambda": -2.2768247621966227, "log10_min_child_weight": 1.6240834388714505, "log10_subsample": -0.2695207510181991, "max_depth": 7.0, "num_boost_round": 32.0}, "datetime": {"datetime": "2024-01-19 02:07:26", "elapsed": 6954.502646, "delta": 0.007}}
{"target": -13.758497307525682, "params": {"gamma": 712.3259937910847, "log10_alpha": -0.480552443412618, "log10_colsample_bytree": 0.0, "log10_eta": -4.0, "log10_lambda": -2.2768247621966227, "log10_min_child_weight": 1.6240834388714505, "log10_subsample": -0.2695207510181991, "max_depth": 7.0, "num_boost_round": 33.0}, "datetime": {"datetime": "2024-01-19 02:07:26", "elapsed": 6954.510252, "delta": 0.007606}}
{"target": -13.758495485483152, "params": {"gamma": 712.3259937910847, "log10_alpha": -0.480552443412618, "log10_colsample_bytree": 0.0, "log10_eta": -4.0, "log10_lambda": -2.2768247621966227, "log10_min_child_weight": 1.6240834388714505, "log10_subsample": -0.2695207510181991, "max_depth": 7.0, "num_boost_round": 34.0}, "datetime": {"datetime": "2024-01-19 02:07:26", "elapsed": 6954.517739, "delta": 0.007487}}
{"target": -13.758494053529464, "params": {"gamma": 712.3259937910847, "log10_alpha": -0.480552443412618, "log10_colsample_bytree": 0.0, "log10_eta": -4.0, "log10_lambda": -2.2768247621966227, "log10_min_child_weight": 1.6240834388714505, "log10_subsample": -0.2695207510181991, "max_depth": 7.0, "num_boost_round": 35.0}, "datetime": {"datetime": "2024-01-19 02:07:26", "elapsed": 6954.524883, "delta": 0.007144}}
{"target": -13.758493505150643, "params": {"gamma": 712.3259937910847, "log10_alpha": -0.480552443412618, "log10_colsample_bytree": 0.0, "log10_eta": -4.0, "log10_lambda": -2.2768247621966227, "log10_min_child_weight": 1.6240834388714505, "log10_subsample": -0.2695207510181991, "max_depth": 7.0, "num_boost_round": 36.0}, "datetime": {"datetime": "2024-01-19 02:07:26", "elapsed": 6954.532927, "delta": 0.008044}}
{"target": -13.758492266045776, "params": {"gamma": 712.3259937910847, "log10_alpha": -0.480552443412618, "log10_colsample_bytree": 0.0, "log10_eta": -4.0, "log10_lambda": -2.2768247621966227, "log10_min_child_weight": 1.6240834388714505, "log10_subsample": -0.2695207510181991, "max_depth": 7.0, "num_boost_round": 37.0}, "datetime": {"datetime": "2024-01-19 02:07:26", "elapsed": 6954.541091, "delta": 0.008164}}
{"target": -13.758492957298087, "params": {"gamma": 712.3259937910847, "log10_alpha": -0.480552443412618, "log10_colsample_bytree": 0.0, "log10_eta": -4.0, "log10_lambda": -2.2768247621966227, "log10_min_child_weight": 1.6240834388714505, "log10_subsample": -0.2695207510181991, "max_depth": 7.0, "num_boost_round": 38.0}, "datetime": {"datetime": "2024-01-19 02:07:26", "elapsed": 6954.548384, "delta": 0.007293}}
{"target": -13.758486631705864, "params": {"gamma": 712.3259937910847, "log10_alpha": -0.480552443412618, "log10_colsample_bytree": 0.0, "log10_eta": -4.0, "log10_lambda": -2.2768247621966227, "log10_min_child_weight": 1.6240834388714505, "log10_subsample": -0.2695207510181991, "max_depth": 7.0, "num_boost_round": 39.0}, "datetime": {"datetime": "2024-01-19 02:07:26", "elapsed": 6954.5554, "delta": 0.007016}}
{"target": -13.758486020067037, "params": {"gamma": 712.3259937910847, "log10_alpha": -0.480552443412618, "log10_colsample_bytree": 0.0, "log10_eta": -4.0, "log10_lambda": -2.2768247621966227, "log10_min_child_weight": 1.6240834388714505, "log10_subsample": -0.2695207510181991, "max_depth": 7.0, "num_boost_round": 40.0}, "datetime": {"datetime": "2024-01-19 02:07:26", "elapsed": 6954.562243, "delta": 0.006843}}
{"target": -13.758486790287742, "params": {"gamma": 712.3259937910847, "log10_alpha": -0.480552443412618, "log10_colsample_bytree": 0.0, "log10_eta": -4.0, "log10_lambda": -2.2768247621966227, "log10_min_child_weight": 1.6240834388714505, "log10_subsample": -0.2695207510181991, "max_depth": 7.0, "num_boost_round": 41.0}, "datetime": {"datetime": "2024-01-19 02:07:26", "elapsed": 6954.569148, "delta": 0.006905}}
{"target": -13.75848825705177, "params": {"gamma": 712.3259937910847, "log10_alpha": -0.480552443412618, "log10_colsample_bytree": 0.0, "log10_eta": -4.0, "log10_lambda": -2.2768247621966227, "log10_min_child_weight": 1.6240834388714505, "log10_subsample": -0.2695207510181991, "max_depth": 7.0, "num_boost_round": 42.0}, "datetime": {"datetime": "2024-01-19 02:07:27", "elapsed": 6954.576056, "delta": 0.006908}}
