{"target": -13.758535327615245, "params": {"gamma": 700.305900902771, "log10_alpha": -4.538634380364089, "log10_colsample_bytree": -0.05858303558414013, "log10_eta": -3.854697600899173, "log10_lambda": 0.11943369689096617, "log10_min_child_weight": 3.0022365065865504, "log10_subsample": -0.7088851363201042, "max_depth": 5.0, "num_boost_round": 1.0}, "datetime": {"datetime": "2024-01-19 02:15:15", "elapsed": 7423.446979, "delta": 0.008421}}
{"target": -13.758533117200079, "params": {"gamma": 700.305900902771, "log10_alpha": -4.538634380364089, "log10_colsample_bytree": -0.05858303558414013, "log10_eta": -3.854697600899173, "log10_lambda": 0.11943369689096617, "log10_min_child_weight": 3.0022365065865504, "log10_subsample": -0.7088851363201042, "max_depth": 5.0, "num_boost_round": 2.0}, "datetime": {"datetime": "2024-01-19 02:15:15", "elapsed": 7423.454333, "delta": 0.007354}}
{"target": -13.7585300099297, "params": {"gamma": 700.305900902771, "log10_alpha": -4.538634380364089, "log10_colsample_bytree": -0.05858303558414013, "log10_eta": -3.854697600899173, "log10_lambda": 0.11943369689096617, "log10_min_child_weight": 3.0022365065865504, "log10_subsample": -0.7088851363201042, "max_depth": 5.0, "num_boost_round": 3.0}, "datetime": {"datetime": "2024-01-19 02:15:15", "elapsed": 7423.461584, "delta": 0.007251}}
{"target": -13.758527827554172, "params": {"gamma": 700.305900902771, "log10_alpha": -4.538634380364089, "log10_colsample_bytree": -0.05858303558414013, "log10_eta": -3.854697600899173, "log10_lambda": 0.11943369689096617, "log10_min_child_weight": 3.0022365065865504, "log10_subsample": -0.7088851363201042, "max_depth": 5.0, "num_boost_round": 4.0}, "datetime": {"datetime": "2024-01-19 02:15:15", "elapsed": 7423.468504, "delta": 0.00692}}
{"target": -13.758528041077888, "params": {"gamma": 700.305900902771, "log10_alpha": -4.538634380364089, "log10_colsample_bytree": -0.05858303558414013, "log10_eta": -3.854697600899173, "log10_lambda": 0.11943369689096617, "log10_min_child_weight": 3.0022365065865504, "log10_subsample": -0.7088851363201042, "max_depth": 5.0, "num_boost_round": 5.0}, "datetime": {"datetime": "2024-01-19 02:15:15", "elapsed": 7423.475452, "delta": 0.006948}}
{"target": -13.758526797466418, "params": {"gamma": 700.305900902771, "log10_alpha": -4.538634380364089, "log10_colsample_bytree": -0.05858303558414013, "log10_eta": -3.854697600899173, "log10_lambda": 0.11943369689096617, "log10_min_child_weight": 3.0022365065865504, "log10_subsample": -0.7088851363201042, "max_depth": 5.0, "num_boost_round": 6.0}, "datetime": {"datetime": "2024-01-19 02:15:15", "elapsed": 7423.482486, "delta": 0.007034}}
{"target": -13.758526447708448, "params": {"gamma": 700.305900902771, "log10_alpha": -4.538634380364089, "log10_colsample_bytree": -0.05858303558414013, "log10_eta": -3.854697600899173, "log10_lambda": 0.11943369689096617, "log10_min_child_weight": 3.0022365065865504, "log10_subsample": -0.7088851363201042, "max_depth": 5.0, "num_boost_round": 7.0}, "datetime": {"datetime": "2024-01-19 02:15:15", "elapsed": 7423.489413, "delta": 0.006927}}
{"target": -13.758520005204263, "params": {"gamma": 700.305900902771, "log10_alpha": -4.538634380364089, "log10_colsample_bytree": -0.05858303558414013, "log10_eta": -3.854697600899173, "log10_lambda": 0.11943369689096617, "log10_min_child_weight": 3.0022365065865504, "log10_subsample": -0.7088851363201042, "max_depth": 5.0, "num_boost_round": 8.0}, "datetime": {"datetime": "2024-01-19 02:15:15", "elapsed": 7423.500534, "delta": 0.011121}}
{"target": -13.758519130230098, "params": {"gamma": 700.305900902771, "log10_alpha": -4.538634380364089, "log10_colsample_bytree": -0.05858303558414013, "log10_eta": -3.854697600899173, "log10_lambda": 0.11943369689096617, "log10_min_child_weight": 3.0022365065865504, "log10_subsample": -0.7088851363201042, "max_depth": 5.0, "num_boost_round": 9.0}, "datetime": {"datetime": "2024-01-19 02:15:15", "elapsed": 7423.507499, "delta": 0.006965}}
{"target": -13.758515496403444, "params": {"gamma": 700.305900902771, "log10_alpha": -4.538634380364089, "log10_colsample_bytree": -0.05858303558414013, "log10_eta": -3.854697600899173, "log10_lambda": 0.11943369689096617, "log10_min_child_weight": 3.0022365065865504, "log10_subsample": -0.7088851363201042, "max_depth": 5.0, "num_boost_round": 10.0}, "datetime": {"datetime": "2024-01-19 02:15:15", "elapsed": 7423.514379, "delta": 0.00688}}
{"target": -13.758508242169993, "params": {"gamma": 700.305900902771, "log10_alpha": -4.538634380364089, "log10_colsample_bytree": -0.05858303558414013, "log10_eta": -3.854697600899173, "log10_lambda": 0.11943369689096617, "log10_min_child_weight": 3.0022365065865504, "log10_subsample": -0.7088851363201042, "max_depth": 5.0, "num_boost_round": 11.0}, "datetime": {"datetime": "2024-01-19 02:15:15", "elapsed": 7423.521475, "delta": 0.007096}}
{"target": -13.758503630969733, "params": {"gamma": 700.305900902771, "log10_alpha": -4.538634380364089, "log10_colsample_bytree": -0.05858303558414013, "log10_eta": -3.854697600899173, "log10_lambda": 0.11943369689096617, "log10_min_child_weight": 3.0022365065865504, "log10_subsample": -0.7088851363201042, "max_depth": 5.0, "num_boost_round": 12.0}, "datetime": {"datetime": "2024-01-19 02:15:15", "elapsed": 7423.528372, "delta": 0.006897}}
{"target": -13.758502493965558, "params": {"gamma": 700.305900902771, "log10_alpha": -4.538634380364089, "log10_colsample_bytree": -0.05858303558414013, "log10_eta": -3.854697600899173, "log10_lambda": 0.11943369689096617, "log10_min_child_weight": 3.0022365065865504, "log10_subsample": -0.7088851363201042, "max_depth": 5.0, "num_boost_round": 13.0}, "datetime": {"datetime": "2024-01-19 02:15:15", "elapsed": 7423.535429, "delta": 0.007057}}
{"target": -13.758498990184734, "params": {"gamma": 700.305900902771, "log10_alpha": -4.538634380364089, "log10_colsample_bytree": -0.05858303558414013, "log10_eta": -3.854697600899173, "log10_lambda": 0.11943369689096617, "log10_min_child_weight": 3.0022365065865504, "log10_subsample": -0.7088851363201042, "max_depth": 5.0, "num_boost_round": 14.0}, "datetime": {"datetime": "2024-01-19 02:15:15", "elapsed": 7423.542864, "delta": 0.007435}}
{"target": -13.758496845802194, "params": {"gamma": 700.305900902771, "log10_alpha": -4.538634380364089, "log10_colsample_bytree": -0.05858303558414013, "log10_eta": -3.854697600899173, "log10_lambda": 0.11943369689096617, "log10_min_child_weight": 3.0022365065865504, "log10_subsample": -0.7088851363201042, "max_depth": 5.0, "num_boost_round": 15.0}, "datetime": {"datetime": "2024-01-19 02:15:15", "elapsed": 7423.550254, "delta": 0.00739}}
{"target": -13.758494887521124, "params": {"gamma": 700.305900902771, "log10_alpha": -4.538634380364089, "log10_colsample_bytree": -0.05858303558414013, "log10_eta": -3.854697600899173, "log10_lambda": 0.11943369689096617, "log10_min_child_weight": 3.0022365065865504, "log10_subsample": -0.7088851363201042, "max_depth": 5.0, "num_boost_round": 16.0}, "datetime": {"datetime": "2024-01-19 02:15:15", "elapsed": 7423.557555, "delta": 0.007301}}
{"target": -13.758491372860332, "params": {"gamma": 700.305900902771, "log10_alpha": -4.538634380364089, "log10_colsample_bytree": -0.05858303558414013, "log10_eta": -3.854697600899173, "log10_lambda": 0.11943369689096617, "log10_min_child_weight": 3.0022365065865504, "log10_subsample": -0.7088851363201042, "max_depth": 5.0, "num_boost_round": 17.0}, "datetime": {"datetime": "2024-01-19 02:15:15", "elapsed": 7423.564853, "delta": 0.007298}}
{"target": -13.758485970349911, "params": {"gamma": 700.305900902771, "log10_alpha": -4.538634380364089, "log10_colsample_bytree": -0.05858303558414013, "log10_eta": -3.854697600899173, "log10_lambda": 0.11943369689096617, "log10_min_child_weight": 3.0022365065865504, "log10_subsample": -0.7088851363201042, "max_depth": 5.0, "num_boost_round": 18.0}, "datetime": {"datetime": "2024-01-19 02:15:15", "elapsed": 7423.57192, "delta": 0.007067}}
{"target": -13.758481568343317, "params": {"gamma": 700.305900902771, "log10_alpha": -4.538634380364089, "log10_colsample_bytree": -0.05858303558414013, "log10_eta": -3.854697600899173, "log10_lambda": 0.11943369689096617, "log10_min_child_weight": 3.0022365065865504, "log10_subsample": -0.7088851363201042, "max_depth": 5.0, "num_boost_round": 19.0}, "datetime": {"datetime": "2024-01-19 02:15:16", "elapsed": 7423.57887, "delta": 0.00695}}
{"target": -13.758477545844269, "params": {"gamma": 700.305900902771, "log10_alpha": -4.538634380364089, "log10_colsample_bytree": -0.05858303558414013, "log10_eta": -3.854697600899173, "log10_lambda": 0.11943369689096617, "log10_min_child_weight": 3.0022365065865504, "log10_subsample": -0.7088851363201042, "max_depth": 5.0, "num_boost_round": 20.0}, "datetime": {"datetime": "2024-01-19 02:15:16", "elapsed": 7423.585806, "delta": 0.006936}}
{"target": -13.75847649234039, "params": {"gamma": 700.305900902771, "log10_alpha": -4.538634380364089, "log10_colsample_bytree": -0.05858303558414013, "log10_eta": -3.854697600899173, "log10_lambda": 0.11943369689096617, "log10_min_child_weight": 3.0022365065865504, "log10_subsample": -0.7088851363201042, "max_depth": 5.0, "num_boost_round": 21.0}, "datetime": {"datetime": "2024-01-19 02:15:16", "elapsed": 7423.593039, "delta": 0.007233}}
{"target": -13.758473616720027, "params": {"gamma": 700.305900902771, "log10_alpha": -4.538634380364089, "log10_colsample_bytree": -0.05858303558414013, "log10_eta": -3.854697600899173, "log10_lambda": 0.11943369689096617, "log10_min_child_weight": 3.0022365065865504, "log10_subsample": -0.7088851363201042, "max_depth": 5.0, "num_boost_round": 22.0}, "datetime": {"datetime": "2024-01-19 02:15:16", "elapsed": 7423.600311, "delta": 0.007272}}
{"target": -13.758471386973683, "params": {"gamma": 700.305900902771, "log10_alpha": -4.538634380364089, "log10_colsample_bytree": -0.05858303558414013, "log10_eta": -3.854697600899173, "log10_lambda": 0.11943369689096617, "log10_min_child_weight": 3.0022365065865504, "log10_subsample": -0.7088851363201042, "max_depth": 5.0, "num_boost_round": 23.0}, "datetime": {"datetime": "2024-01-19 02:15:16", "elapsed": 7423.607371, "delta": 0.00706}}
{"target": -13.758468934966334, "params": {"gamma": 700.305900902771, "log10_alpha": -4.538634380364089, "log10_colsample_bytree": -0.05858303558414013, "log10_eta": -3.854697600899173, "log10_lambda": 0.11943369689096617, "log10_min_child_weight": 3.0022365065865504, "log10_subsample": -0.7088851363201042, "max_depth": 5.0, "num_boost_round": 24.0}, "datetime": {"datetime": "2024-01-19 02:15:16", "elapsed": 7423.614567, "delta": 0.007196}}
{"target": -13.75846808401952, "params": {"gamma": 700.305900902771, "log10_alpha": -4.538634380364089, "log10_colsample_bytree": -0.05858303558414013, "log10_eta": -3.854697600899173, "log10_lambda": 0.11943369689096617, "log10_min_child_weight": 3.0022365065865504, "log10_subsample": -0.7088851363201042, "max_depth": 5.0, "num_boost_round": 25.0}, "datetime": {"datetime": "2024-01-19 02:15:16", "elapsed": 7423.621782, "delta": 0.007215}}
{"target": -13.758462984692136, "params": {"gamma": 700.305900902771, "log10_alpha": -4.538634380364089, "log10_colsample_bytree": -0.05858303558414013, "log10_eta": -3.854697600899173, "log10_lambda": 0.11943369689096617, "log10_min_child_weight": 3.0022365065865504, "log10_subsample": -0.7088851363201042, "max_depth": 5.0, "num_boost_round": 26.0}, "datetime": {"datetime": "2024-01-19 02:15:16", "elapsed": 7423.628826, "delta": 0.007044}}
{"target": -13.758460605520497, "params": {"gamma": 700.305900902771, "log10_alpha": -4.538634380364089, "log10_colsample_bytree": -0.05858303558414013, "log10_eta": -3.854697600899173, "log10_lambda": 0.11943369689096617, "log10_min_child_weight": 3.0022365065865504, "log10_subsample": -0.7088851363201042, "max_depth": 5.0, "num_boost_round": 27.0}, "datetime": {"datetime": "2024-01-19 02:15:16", "elapsed": 7423.635804, "delta": 0.006978}}
{"target": -13.75845875502141, "params": {"gamma": 700.305900902771, "log10_alpha": -4.538634380364089, "log10_colsample_bytree": -0.05858303558414013, "log10_eta": -3.854697600899173, "log10_lambda": 0.11943369689096617, "log10_min_child_weight": 3.0022365065865504, "log10_subsample": -0.7088851363201042, "max_depth": 5.0, "num_boost_round": 28.0}, "datetime": {"datetime": "2024-01-19 02:15:16", "elapsed": 7423.643331, "delta": 0.007527}}
{"target": -13.75845743215405, "params": {"gamma": 700.305900902771, "log10_alpha": -4.538634380364089, "log10_colsample_bytree": -0.05858303558414013, "log10_eta": -3.854697600899173, "log10_lambda": 0.11943369689096617, "log10_min_child_weight": 3.0022365065865504, "log10_subsample": -0.7088851363201042, "max_depth": 5.0, "num_boost_round": 29.0}, "datetime": {"datetime": "2024-01-19 02:15:16", "elapsed": 7423.650904, "delta": 0.007573}}
{"target": -13.758454052329144, "params": {"gamma": 700.305900902771, "log10_alpha": -4.538634380364089, "log10_colsample_bytree": -0.05858303558414013, "log10_eta": -3.854697600899173, "log10_lambda": 0.11943369689096617, "log10_min_child_weight": 3.0022365065865504, "log10_subsample": -0.7088851363201042, "max_depth": 5.0, "num_boost_round": 30.0}, "datetime": {"datetime": "2024-01-19 02:15:16", "elapsed": 7423.658288, "delta": 0.007384}}
{"target": -13.758454918266047, "params": {"gamma": 700.305900902771, "log10_alpha": -4.538634380364089, "log10_colsample_bytree": -0.05858303558414013, "log10_eta": -3.854697600899173, "log10_lambda": 0.11943369689096617, "log10_min_child_weight": 3.0022365065865504, "log10_subsample": -0.7088851363201042, "max_depth": 5.0, "num_boost_round": 31.0}, "datetime": {"datetime": "2024-01-19 02:15:16", "elapsed": 7423.66523, "delta": 0.006942}}
{"target": -13.75844933292475, "params": {"gamma": 700.305900902771, "log10_alpha": -4.538634380364089, "log10_colsample_bytree": -0.05858303558414013, "log10_eta": -3.854697600899173, "log10_lambda": 0.11943369689096617, "log10_min_child_weight": 3.0022365065865504, "log10_subsample": -0.7088851363201042, "max_depth": 5.0, "num_boost_round": 32.0}, "datetime": {"datetime": "2024-01-19 02:15:16", "elapsed": 7423.672265, "delta": 0.007035}}
{"target": -13.758450620664027, "params": {"gamma": 700.305900902771, "log10_alpha": -4.538634380364089, "log10_colsample_bytree": -0.05858303558414013, "log10_eta": -3.854697600899173, "log10_lambda": 0.11943369689096617, "log10_min_child_weight": 3.0022365065865504, "log10_subsample": -0.7088851363201042, "max_depth": 5.0, "num_boost_round": 33.0}, "datetime": {"datetime": "2024-01-19 02:15:16", "elapsed": 7423.679164, "delta": 0.006899}}
{"target": -13.758447608712027, "params": {"gamma": 700.305900902771, "log10_alpha": -4.538634380364089, "log10_colsample_bytree": -0.05858303558414013, "log10_eta": -3.854697600899173, "log10_lambda": 0.11943369689096617, "log10_min_child_weight": 3.0022365065865504, "log10_subsample": -0.7088851363201042, "max_depth": 5.0, "num_boost_round": 34.0}, "datetime": {"datetime": "2024-01-19 02:15:16", "elapsed": 7423.686386, "delta": 0.007222}}
{"target": -13.758444906821984, "params": {"gamma": 700.305900902771, "log10_alpha": -4.538634380364089, "log10_colsample_bytree": -0.05858303558414013, "log10_eta": -3.854697600899173, "log10_lambda": 0.11943369689096617, "log10_min_child_weight": 3.0022365065865504, "log10_subsample": -0.7088851363201042, "max_depth": 5.0, "num_boost_round": 35.0}, "datetime": {"datetime": "2024-01-19 02:15:16", "elapsed": 7423.693797, "delta": 0.007411}}
{"target": -13.75844453331198, "params": {"gamma": 700.305900902771, "log10_alpha": -4.538634380364089, "log10_colsample_bytree": -0.05858303558414013, "log10_eta": -3.854697600899173, "log10_lambda": 0.11943369689096617, "log10_min_child_weight": 3.0022365065865504, "log10_subsample": -0.7088851363201042, "max_depth": 5.0, "num_boost_round": 36.0}, "datetime": {"datetime": "2024-01-19 02:15:16", "elapsed": 7423.700696, "delta": 0.006899}}
{"target": -13.758440578077284, "params": {"gamma": 700.305900902771, "log10_alpha": -4.538634380364089, "log10_colsample_bytree": -0.05858303558414013, "log10_eta": -3.854697600899173, "log10_lambda": 0.11943369689096617, "log10_min_child_weight": 3.0022365065865504, "log10_subsample": -0.7088851363201042, "max_depth": 5.0, "num_boost_round": 37.0}, "datetime": {"datetime": "2024-01-19 02:15:16", "elapsed": 7423.707497, "delta": 0.006801}}
{"target": -13.758436985314262, "params": {"gamma": 700.305900902771, "log10_alpha": -4.538634380364089, "log10_colsample_bytree": -0.05858303558414013, "log10_eta": -3.854697600899173, "log10_lambda": 0.11943369689096617, "log10_min_child_weight": 3.0022365065865504, "log10_subsample": -0.7088851363201042, "max_depth": 5.0, "num_boost_round": 38.0}, "datetime": {"datetime": "2024-01-19 02:15:16", "elapsed": 7423.714239, "delta": 0.006742}}
{"target": -13.758536014586687, "params": {"gamma": 702.9803195878965, "log10_alpha": -3.0871601919527754, "log10_colsample_bytree": -0.34755148171640915, "log10_eta": -3.747213877792236, "log10_lambda": -4.818528689184966, "log10_min_child_weight": 2.1036604484385752, "log10_subsample": -0.9416747414497559, "max_depth": 2.0, "num_boost_round": 0.0}, "datetime": {"datetime": "2024-01-19 02:16:33", "elapsed": 7500.908385, "delta": 77.194146}}
{"target": -13.758533512473063, "params": {"gamma": 702.9803195878965, "log10_alpha": -3.0871601919527754, "log10_colsample_bytree": -0.34755148171640915, "log10_eta": -3.747213877792236, "log10_lambda": -4.818528689184966, "log10_min_child_weight": 2.1036604484385752, "log10_subsample": -0.9416747414497559, "max_depth": 2.0, "num_boost_round": 1.0}, "datetime": {"datetime": "2024-01-19 02:16:33", "elapsed": 7500.917244, "delta": 0.008859}}
{"target": -13.75853203229026, "params": {"gamma": 702.9803195878965, "log10_alpha": -3.0871601919527754, "log10_colsample_bytree": -0.34755148171640915, "log10_eta": -3.747213877792236, "log10_lambda": -4.818528689184966, "log10_min_child_weight": 2.1036604484385752, "log10_subsample": -0.9416747414497559, "max_depth": 2.0, "num_boost_round": 2.0}, "datetime": {"datetime": "2024-01-19 02:16:33", "elapsed": 7500.924953, "delta": 0.007709}}
{"target": -13.758530059486564, "params": {"gamma": 702.9803195878965, "log10_alpha": -3.0871601919527754, "log10_colsample_bytree": -0.34755148171640915, "log10_eta": -3.747213877792236, "log10_lambda": -4.818528689184966, "log10_min_child_weight": 2.1036604484385752, "log10_subsample": -0.9416747414497559, "max_depth": 2.0, "num_boost_round": 3.0}, "datetime": {"datetime": "2024-01-19 02:16:33", "elapsed": 7500.932231, "delta": 0.007278}}
{"target": -13.758527746953098, "params": {"gamma": 702.9803195878965, "log10_alpha": -3.0871601919527754, "log10_colsample_bytree": -0.34755148171640915, "log10_eta": -3.747213877792236, "log10_lambda": -4.818528689184966, "log10_min_child_weight": 2.1036604484385752, "log10_subsample": -0.9416747414497559, "max_depth": 2.0, "num_boost_round": 4.0}, "datetime": {"datetime": "2024-01-19 02:16:33", "elapsed": 7500.938803, "delta": 0.006572}}
{"target": -13.758527077913827, "params": {"gamma": 702.9803195878965, "log10_alpha": -3.0871601919527754, "log10_colsample_bytree": -0.34755148171640915, "log10_eta": -3.747213877792236, "log10_lambda": -4.818528689184966, "log10_min_child_weight": 2.1036604484385752, "log10_subsample": -0.9416747414497559, "max_depth": 2.0, "num_boost_round": 5.0}, "datetime": {"datetime": "2024-01-19 02:16:33", "elapsed": 7500.94547, "delta": 0.006667}}
{"target": -13.758526393322096, "params": {"gamma": 702.9803195878965, "log10_alpha": -3.0871601919527754, "log10_colsample_bytree": -0.34755148171640915, "log10_eta": -3.747213877792236, "log10_lambda": -4.818528689184966, "log10_min_child_weight": 2.1036604484385752, "log10_subsample": -0.9416747414497559, "max_depth": 2.0, "num_boost_round": 6.0}, "datetime": {"datetime": "2024-01-19 02:16:33", "elapsed": 7500.952118, "delta": 0.006648}}
{"target": -13.758525212783153, "params": {"gamma": 702.9803195878965, "log10_alpha": -3.0871601919527754, "log10_colsample_bytree": -0.34755148171640915, "log10_eta": -3.747213877792236, "log10_lambda": -4.818528689184966, "log10_min_child_weight": 2.1036604484385752, "log10_subsample": -0.9416747414497559, "max_depth": 2.0, "num_boost_round": 7.0}, "datetime": {"datetime": "2024-01-19 02:16:33", "elapsed": 7500.958736, "delta": 0.006618}}
{"target": -13.758523087162908, "params": {"gamma": 702.9803195878965, "log10_alpha": -3.0871601919527754, "log10_colsample_bytree": -0.34755148171640915, "log10_eta": -3.747213877792236, "log10_lambda": -4.818528689184966, "log10_min_child_weight": 2.1036604484385752, "log10_subsample": -0.9416747414497559, "max_depth": 2.0, "num_boost_round": 8.0}, "datetime": {"datetime": "2024-01-19 02:16:33", "elapsed": 7500.965245, "delta": 0.006509}}
{"target": -13.758521556630718, "params": {"gamma": 702.9803195878965, "log10_alpha": -3.0871601919527754, "log10_colsample_bytree": -0.34755148171640915, "log10_eta": -3.747213877792236, "log10_lambda": -4.818528689184966, "log10_min_child_weight": 2.1036604484385752, "log10_subsample": -0.9416747414497559, "max_depth": 2.0, "num_boost_round": 9.0}, "datetime": {"datetime": "2024-01-19 02:16:33", "elapsed": 7500.972846, "delta": 0.007601}}
{"target": -13.758521472035033, "params": {"gamma": 702.9803195878965, "log10_alpha": -3.0871601919527754, "log10_colsample_bytree": -0.34755148171640915, "log10_eta": -3.747213877792236, "log10_lambda": -4.818528689184966, "log10_min_child_weight": 2.1036604484385752, "log10_subsample": -0.9416747414497559, "max_depth": 2.0, "num_boost_round": 10.0}, "datetime": {"datetime": "2024-01-19 02:16:33", "elapsed": 7500.979518, "delta": 0.006672}}
