{"target": -17.67723019362755, "params": {"gamma": 407.32012729729695, "log10_alpha": -4.749475261067156, "log10_colsample_bytree": -0.8546673825478276, "log10_eta": -3.589295689349961, "log10_lambda": -3.2527894071130996, "log10_min_child_weight": 4.972501224467264, "log10_subsample": -0.5219989547008529, "max_depth": 8.0, "num_boost_round": 1.0}, "datetime": {"datetime": "2024-01-19 01:53:35", "elapsed": 6108.204281, "delta": 0.00613}}
{"target": -17.677229254706713, "params": {"gamma": 407.32012729729695, "log10_alpha": -4.749475261067156, "log10_colsample_bytree": -0.8546673825478276, "log10_eta": -3.589295689349961, "log10_lambda": -3.2527894071130996, "log10_min_child_weight": 4.972501224467264, "log10_subsample": -0.5219989547008529, "max_depth": 8.0, "num_boost_round": 2.0}, "datetime": {"datetime": "2024-01-19 01:53:35", "elapsed": 6108.330748, "delta": 0.126467}}
{"target": -17.677226509269023, "params": {"gamma": 407.32012729729695, "log10_alpha": -4.749475261067156, "log10_colsample_bytree": -0.8546673825478276, "log10_eta": -3.589295689349961, "log10_lambda": -3.2527894071130996, "log10_min_child_weight": 4.972501224467264, "log10_subsample": -0.5219989547008529, "max_depth": 8.0, "num_boost_round": 3.0}, "datetime": {"datetime": "2024-01-19 01:53:35", "elapsed": 6108.337608, "delta": 0.00686}}
{"target": -17.67722580686418, "params": {"gamma": 407.32012729729695, "log10_alpha": -4.749475261067156, "log10_colsample_bytree": -0.8546673825478276, "log10_eta": -3.589295689349961, "log10_lambda": -3.2527894071130996, "log10_min_child_weight": 4.972501224467264, "log10_subsample": -0.5219989547008529, "max_depth": 8.0, "num_boost_round": 4.0}, "datetime": {"datetime": "2024-01-19 01:53:35", "elapsed": 6108.343166, "delta": 0.005558}}
{"target": -17.677225718175176, "params": {"gamma": 407.32012729729695, "log10_alpha": -4.749475261067156, "log10_colsample_bytree": -0.8546673825478276, "log10_eta": -3.589295689349961, "log10_lambda": -3.2527894071130996, "log10_min_child_weight": 4.972501224467264, "log10_subsample": -0.5219989547008529, "max_depth": 8.0, "num_boost_round": 5.0}, "datetime": {"datetime": "2024-01-19 01:53:35", "elapsed": 6108.348991, "delta": 0.005825}}
{"target": -17.67722454442626, "params": {"gamma": 407.32012729729695, "log10_alpha": -4.749475261067156, "log10_colsample_bytree": -0.8546673825478276, "log10_eta": -3.589295689349961, "log10_lambda": -3.2527894071130996, "log10_min_child_weight": 4.972501224467264, "log10_subsample": -0.5219989547008529, "max_depth": 8.0, "num_boost_round": 6.0}, "datetime": {"datetime": "2024-01-19 01:53:35", "elapsed": 6108.354889, "delta": 0.005898}}
{"target": -17.677224630322492, "params": {"gamma": 407.32012729729695, "log10_alpha": -4.749475261067156, "log10_colsample_bytree": -0.8546673825478276, "log10_eta": -3.589295689349961, "log10_lambda": -3.2527894071130996, "log10_min_child_weight": 4.972501224467264, "log10_subsample": -0.5219989547008529, "max_depth": 8.0, "num_boost_round": 7.0}, "datetime": {"datetime": "2024-01-19 01:53:35", "elapsed": 6108.360672, "delta": 0.005783}}
{"target": -17.67722245684831, "params": {"gamma": 407.32012729729695, "log10_alpha": -4.749475261067156, "log10_colsample_bytree": -0.8546673825478276, "log10_eta": -3.589295689349961, "log10_lambda": -3.2527894071130996, "log10_min_child_weight": 4.972501224467264, "log10_subsample": -0.5219989547008529, "max_depth": 8.0, "num_boost_round": 8.0}, "datetime": {"datetime": "2024-01-19 01:53:35", "elapsed": 6108.366752, "delta": 0.00608}}
{"target": -17.677222199150584, "params": {"gamma": 407.32012729729695, "log10_alpha": -4.749475261067156, "log10_colsample_bytree": -0.8546673825478276, "log10_eta": -3.589295689349961, "log10_lambda": -3.2527894071130996, "log10_min_child_weight": 4.972501224467264, "log10_subsample": -0.5219989547008529, "max_depth": 8.0, "num_boost_round": 9.0}, "datetime": {"datetime": "2024-01-19 01:53:35", "elapsed": 6108.372718, "delta": 0.005966}}
{"target": -17.677220328339033, "params": {"gamma": 407.32012729729695, "log10_alpha": -4.749475261067156, "log10_colsample_bytree": -0.8546673825478276, "log10_eta": -3.589295689349961, "log10_lambda": -3.2527894071130996, "log10_min_child_weight": 4.972501224467264, "log10_subsample": -0.5219989547008529, "max_depth": 8.0, "num_boost_round": 10.0}, "datetime": {"datetime": "2024-01-19 01:53:35", "elapsed": 6108.378472, "delta": 0.005754}}
{"target": -17.677218306644665, "params": {"gamma": 407.32012729729695, "log10_alpha": -4.749475261067156, "log10_colsample_bytree": -0.8546673825478276, "log10_eta": -3.589295689349961, "log10_lambda": -3.2527894071130996, "log10_min_child_weight": 4.972501224467264, "log10_subsample": -0.5219989547008529, "max_depth": 8.0, "num_boost_round": 11.0}, "datetime": {"datetime": "2024-01-19 01:53:35", "elapsed": 6108.384056, "delta": 0.005584}}
{"target": -17.67721710610067, "params": {"gamma": 407.32012729729695, "log10_alpha": -4.749475261067156, "log10_colsample_bytree": -0.8546673825478276, "log10_eta": -3.589295689349961, "log10_lambda": -3.2527894071130996, "log10_min_child_weight": 4.972501224467264, "log10_subsample": -0.5219989547008529, "max_depth": 8.0, "num_boost_round": 12.0}, "datetime": {"datetime": "2024-01-19 01:53:35", "elapsed": 6108.394097, "delta": 0.010041}}
{"target": -17.677214963637564, "params": {"gamma": 407.32012729729695, "log10_alpha": -4.749475261067156, "log10_colsample_bytree": -0.8546673825478276, "log10_eta": -3.589295689349961, "log10_lambda": -3.2527894071130996, "log10_min_child_weight": 4.972501224467264, "log10_subsample": -0.5219989547008529, "max_depth": 8.0, "num_boost_round": 13.0}, "datetime": {"datetime": "2024-01-19 01:53:35", "elapsed": 6108.399816, "delta": 0.005719}}
{"target": -17.6772150630665, "params": {"gamma": 407.32012729729695, "log10_alpha": -4.749475261067156, "log10_colsample_bytree": -0.8546673825478276, "log10_eta": -3.589295689349961, "log10_lambda": -3.2527894071130996, "log10_min_child_weight": 4.972501224467264, "log10_subsample": -0.5219989547008529, "max_depth": 8.0, "num_boost_round": 14.0}, "datetime": {"datetime": "2024-01-19 01:53:35", "elapsed": 6108.405994, "delta": 0.006178}}
{"target": -17.677213723350395, "params": {"gamma": 407.32012729729695, "log10_alpha": -4.749475261067156, "log10_colsample_bytree": -0.8546673825478276, "log10_eta": -3.589295689349961, "log10_lambda": -3.2527894071130996, "log10_min_child_weight": 4.972501224467264, "log10_subsample": -0.5219989547008529, "max_depth": 8.0, "num_boost_round": 15.0}, "datetime": {"datetime": "2024-01-19 01:53:35", "elapsed": 6108.411994, "delta": 0.006}}
{"target": -17.677211300998284, "params": {"gamma": 407.32012729729695, "log10_alpha": -4.749475261067156, "log10_colsample_bytree": -0.8546673825478276, "log10_eta": -3.589295689349961, "log10_lambda": -3.2527894071130996, "log10_min_child_weight": 4.972501224467264, "log10_subsample": -0.5219989547008529, "max_depth": 8.0, "num_boost_round": 16.0}, "datetime": {"datetime": "2024-01-19 01:53:35", "elapsed": 6108.417658, "delta": 0.005664}}
{"target": -17.677209946140124, "params": {"gamma": 407.32012729729695, "log10_alpha": -4.749475261067156, "log10_colsample_bytree": -0.8546673825478276, "log10_eta": -3.589295689349961, "log10_lambda": -3.2527894071130996, "log10_min_child_weight": 4.972501224467264, "log10_subsample": -0.5219989547008529, "max_depth": 8.0, "num_boost_round": 17.0}, "datetime": {"datetime": "2024-01-19 01:53:35", "elapsed": 6108.423314, "delta": 0.005656}}
{"target": -17.677207693655262, "params": {"gamma": 407.32012729729695, "log10_alpha": -4.749475261067156, "log10_colsample_bytree": -0.8546673825478276, "log10_eta": -3.589295689349961, "log10_lambda": -3.2527894071130996, "log10_min_child_weight": 4.972501224467264, "log10_subsample": -0.5219989547008529, "max_depth": 8.0, "num_boost_round": 18.0}, "datetime": {"datetime": "2024-01-19 01:53:35", "elapsed": 6108.429165, "delta": 0.005851}}
{"target": -17.677205188900935, "params": {"gamma": 407.32012729729695, "log10_alpha": -4.749475261067156, "log10_colsample_bytree": -0.8546673825478276, "log10_eta": -3.589295689349961, "log10_lambda": -3.2527894071130996, "log10_min_child_weight": 4.972501224467264, "log10_subsample": -0.5219989547008529, "max_depth": 8.0, "num_boost_round": 19.0}, "datetime": {"datetime": "2024-01-19 01:53:35", "elapsed": 6108.434945, "delta": 0.00578}}
{"target": -17.677205593606352, "params": {"gamma": 407.32012729729695, "log10_alpha": -4.749475261067156, "log10_colsample_bytree": -0.8546673825478276, "log10_eta": -3.589295689349961, "log10_lambda": -3.2527894071130996, "log10_min_child_weight": 4.972501224467264, "log10_subsample": -0.5219989547008529, "max_depth": 8.0, "num_boost_round": 20.0}, "datetime": {"datetime": "2024-01-19 01:53:35", "elapsed": 6108.440779, "delta": 0.005834}}
{"target": -17.67720334354675, "params": {"gamma": 407.32012729729695, "log10_alpha": -4.749475261067156, "log10_colsample_bytree": -0.8546673825478276, "log10_eta": -3.589295689349961, "log10_lambda": -3.2527894071130996, "log10_min_child_weight": 4.972501224467264, "log10_subsample": -0.5219989547008529, "max_depth": 8.0, "num_boost_round": 21.0}, "datetime": {"datetime": "2024-01-19 01:53:35", "elapsed": 6108.446908, "delta": 0.006129}}
{"target": -17.67720269290455, "params": {"gamma": 407.32012729729695, "log10_alpha": -4.749475261067156, "log10_colsample_bytree": -0.8546673825478276, "log10_eta": -3.589295689349961, "log10_lambda": -3.2527894071130996, "log10_min_child_weight": 4.972501224467264, "log10_subsample": -0.5219989547008529, "max_depth": 8.0, "num_boost_round": 22.0}, "datetime": {"datetime": "2024-01-19 01:53:35", "elapsed": 6108.452827, "delta": 0.005919}}
{"target": -17.677199966933134, "params": {"gamma": 407.32012729729695, "log10_alpha": -4.749475261067156, "log10_colsample_bytree": -0.8546673825478276, "log10_eta": -3.589295689349961, "log10_lambda": -3.2527894071130996, "log10_min_child_weight": 4.972501224467264, "log10_subsample": -0.5219989547008529, "max_depth": 8.0, "num_boost_round": 23.0}, "datetime": {"datetime": "2024-01-19 01:53:35", "elapsed": 6108.458551, "delta": 0.005724}}
{"target": -17.677199580024837, "params": {"gamma": 407.32012729729695, "log10_alpha": -4.749475261067156, "log10_colsample_bytree": -0.8546673825478276, "log10_eta": -3.589295689349961, "log10_lambda": -3.2527894071130996, "log10_min_child_weight": 4.972501224467264, "log10_subsample": -0.5219989547008529, "max_depth": 8.0, "num_boost_round": 24.0}, "datetime": {"datetime": "2024-01-19 01:53:35", "elapsed": 6108.464352, "delta": 0.005801}}
{"target": -17.678565405289625, "params": {"gamma": 460.7780576368808, "log10_alpha": 0.0837842728939826, "log10_colsample_bytree": -0.17169625474307593, "log10_eta": -1.013669004569918, "log10_lambda": -2.8067960484711203, "log10_min_child_weight": 3.274746334323227, "log10_subsample": -0.0950410660447969, "max_depth": 5.0, "num_boost_round": 0.0}, "datetime": {"datetime": "2024-01-19 01:54:57", "elapsed": 6189.994328, "delta": 81.529976}}
{"target": -17.677592449475693, "params": {"gamma": 460.7780576368808, "log10_alpha": 0.0837842728939826, "log10_colsample_bytree": -0.17169625474307593, "log10_eta": -1.013669004569918, "log10_lambda": -2.8067960484711203, "log10_min_child_weight": 3.274746334323227, "log10_subsample": -0.0950410660447969, "max_depth": 5.0, "num_boost_round": 1.0}, "datetime": {"datetime": "2024-01-19 01:54:57", "elapsed": 6189.999884, "delta": 0.005556}}
{"target": -17.676499727753278, "params": {"gamma": 460.7780576368808, "log10_alpha": 0.0837842728939826, "log10_colsample_bytree": -0.17169625474307593, "log10_eta": -1.013669004569918, "log10_lambda": -2.8067960484711203, "log10_min_child_weight": 3.274746334323227, "log10_subsample": -0.0950410660447969, "max_depth": 5.0, "num_boost_round": 2.0}, "datetime": {"datetime": "2024-01-19 01:54:57", "elapsed": 6190.005159, "delta": 0.005275}}
{"target": -17.67801744231864, "params": {"gamma": 460.7780576368808, "log10_alpha": 0.0837842728939826, "log10_colsample_bytree": -0.17169625474307593, "log10_eta": -1.013669004569918, "log10_lambda": -2.8067960484711203, "log10_min_child_weight": 3.274746334323227, "log10_subsample": -0.0950410660447969, "max_depth": 5.0, "num_boost_round": 3.0}, "datetime": {"datetime": "2024-01-19 01:54:57", "elapsed": 6190.010476, "delta": 0.005317}}
{"target": -17.68251990103568, "params": {"gamma": 460.7780576368808, "log10_alpha": 0.0837842728939826, "log10_colsample_bytree": -0.17169625474307593, "log10_eta": -1.013669004569918, "log10_lambda": -2.8067960484711203, "log10_min_child_weight": 3.274746334323227, "log10_subsample": -0.0950410660447969, "max_depth": 5.0, "num_boost_round": 4.0}, "datetime": {"datetime": "2024-01-19 01:54:57", "elapsed": 6190.015627, "delta": 0.005151}}
{"target": -17.689333661269156, "params": {"gamma": 460.7780576368808, "log10_alpha": 0.0837842728939826, "log10_colsample_bytree": -0.17169625474307593, "log10_eta": -1.013669004569918, "log10_lambda": -2.8067960484711203, "log10_min_child_weight": 3.274746334323227, "log10_subsample": -0.0950410660447969, "max_depth": 5.0, "num_boost_round": 5.0}, "datetime": {"datetime": "2024-01-19 01:54:57", "elapsed": 6190.020918, "delta": 0.005291}}
{"target": -17.69358005686584, "params": {"gamma": 460.7780576368808, "log10_alpha": 0.0837842728939826, "log10_colsample_bytree": -0.17169625474307593, "log10_eta": -1.013669004569918, "log10_lambda": -2.8067960484711203, "log10_min_child_weight": 3.274746334323227, "log10_subsample": -0.0950410660447969, "max_depth": 5.0, "num_boost_round": 6.0}, "datetime": {"datetime": "2024-01-19 01:54:57", "elapsed": 6190.026294, "delta": 0.005376}}
{"target": -17.698489554387578, "params": {"gamma": 460.7780576368808, "log10_alpha": 0.0837842728939826, "log10_colsample_bytree": -0.17169625474307593, "log10_eta": -1.013669004569918, "log10_lambda": -2.8067960484711203, "log10_min_child_weight": 3.274746334323227, "log10_subsample": -0.0950410660447969, "max_depth": 5.0, "num_boost_round": 7.0}, "datetime": {"datetime": "2024-01-19 01:54:57", "elapsed": 6190.031485, "delta": 0.005191}}
{"target": -17.698966912784453, "params": {"gamma": 460.7780576368808, "log10_alpha": 0.0837842728939826, "log10_colsample_bytree": -0.17169625474307593, "log10_eta": -1.013669004569918, "log10_lambda": -2.8067960484711203, "log10_min_child_weight": 3.274746334323227, "log10_subsample": -0.0950410660447969, "max_depth": 5.0, "num_boost_round": 8.0}, "datetime": {"datetime": "2024-01-19 01:54:57", "elapsed": 6190.03668, "delta": 0.005195}}
{"target": -17.697619728319648, "params": {"gamma": 460.7780576368808, "log10_alpha": 0.0837842728939826, "log10_colsample_bytree": -0.17169625474307593, "log10_eta": -1.013669004569918, "log10_lambda": -2.8067960484711203, "log10_min_child_weight": 3.274746334323227, "log10_subsample": -0.0950410660447969, "max_depth": 5.0, "num_boost_round": 9.0}, "datetime": {"datetime": "2024-01-19 01:54:57", "elapsed": 6190.04188, "delta": 0.0052}}
{"target": -17.700038019053085, "params": {"gamma": 460.7780576368808, "log10_alpha": 0.0837842728939826, "log10_colsample_bytree": -0.17169625474307593, "log10_eta": -1.013669004569918, "log10_lambda": -2.8067960484711203, "log10_min_child_weight": 3.274746334323227, "log10_subsample": -0.0950410660447969, "max_depth": 5.0, "num_boost_round": 10.0}, "datetime": {"datetime": "2024-01-19 01:54:57", "elapsed": 6190.047074, "delta": 0.005194}}
{"target": -17.70068233803486, "params": {"gamma": 460.7780576368808, "log10_alpha": 0.0837842728939826, "log10_colsample_bytree": -0.17169625474307593, "log10_eta": -1.013669004569918, "log10_lambda": -2.8067960484711203, "log10_min_child_weight": 3.274746334323227, "log10_subsample": -0.0950410660447969, "max_depth": 5.0, "num_boost_round": 11.0}, "datetime": {"datetime": "2024-01-19 01:54:57", "elapsed": 6190.052508, "delta": 0.005434}}
{"target": -17.703933420557068, "params": {"gamma": 460.7780576368808, "log10_alpha": 0.0837842728939826, "log10_colsample_bytree": -0.17169625474307593, "log10_eta": -1.013669004569918, "log10_lambda": -2.8067960484711203, "log10_min_child_weight": 3.274746334323227, "log10_subsample": -0.0950410660447969, "max_depth": 5.0, "num_boost_round": 12.0}, "datetime": {"datetime": "2024-01-19 01:54:57", "elapsed": 6190.05904, "delta": 0.006532}}
{"target": -17.705187417651807, "params": {"gamma": 460.7780576368808, "log10_alpha": 0.0837842728939826, "log10_colsample_bytree": -0.17169625474307593, "log10_eta": -1.013669004569918, "log10_lambda": -2.8067960484711203, "log10_min_child_weight": 3.274746334323227, "log10_subsample": -0.0950410660447969, "max_depth": 5.0, "num_boost_round": 13.0}, "datetime": {"datetime": "2024-01-19 01:54:57", "elapsed": 6190.064508, "delta": 0.005468}}
{"target": -17.710402173368152, "params": {"gamma": 460.7780576368808, "log10_alpha": 0.0837842728939826, "log10_colsample_bytree": -0.17169625474307593, "log10_eta": -1.013669004569918, "log10_lambda": -2.8067960484711203, "log10_min_child_weight": 3.274746334323227, "log10_subsample": -0.0950410660447969, "max_depth": 5.0, "num_boost_round": 14.0}, "datetime": {"datetime": "2024-01-19 01:54:57", "elapsed": 6190.06985, "delta": 0.005342}}
{"target": -17.705843635716505, "params": {"gamma": 460.7780576368808, "log10_alpha": 0.0837842728939826, "log10_colsample_bytree": -0.17169625474307593, "log10_eta": -1.013669004569918, "log10_lambda": -2.8067960484711203, "log10_min_child_weight": 3.274746334323227, "log10_subsample": -0.0950410660447969, "max_depth": 5.0, "num_boost_round": 15.0}, "datetime": {"datetime": "2024-01-19 01:54:57", "elapsed": 6190.075042, "delta": 0.005192}}
{"target": -17.706840215088956, "params": {"gamma": 460.7780576368808, "log10_alpha": 0.0837842728939826, "log10_colsample_bytree": -0.17169625474307593, "log10_eta": -1.013669004569918, "log10_lambda": -2.8067960484711203, "log10_min_child_weight": 3.274746334323227, "log10_subsample": -0.0950410660447969, "max_depth": 5.0, "num_boost_round": 16.0}, "datetime": {"datetime": "2024-01-19 01:54:57", "elapsed": 6190.080248, "delta": 0.005206}}
{"target": -17.709757379512265, "params": {"gamma": 460.7780576368808, "log10_alpha": 0.0837842728939826, "log10_colsample_bytree": -0.17169625474307593, "log10_eta": -1.013669004569918, "log10_lambda": -2.8067960484711203, "log10_min_child_weight": 3.274746334323227, "log10_subsample": -0.0950410660447969, "max_depth": 5.0, "num_boost_round": 17.0}, "datetime": {"datetime": "2024-01-19 01:54:57", "elapsed": 6190.085432, "delta": 0.005184}}
{"target": -17.71107225372005, "params": {"gamma": 460.7780576368808, "log10_alpha": 0.0837842728939826, "log10_colsample_bytree": -0.17169625474307593, "log10_eta": -1.013669004569918, "log10_lambda": -2.8067960484711203, "log10_min_child_weight": 3.274746334323227, "log10_subsample": -0.0950410660447969, "max_depth": 5.0, "num_boost_round": 18.0}, "datetime": {"datetime": "2024-01-19 01:54:57", "elapsed": 6190.090775, "delta": 0.005343}}
{"target": -17.71637625150267, "params": {"gamma": 460.7780576368808, "log10_alpha": 0.0837842728939826, "log10_colsample_bytree": -0.17169625474307593, "log10_eta": -1.013669004569918, "log10_lambda": -2.8067960484711203, "log10_min_child_weight": 3.274746334323227, "log10_subsample": -0.0950410660447969, "max_depth": 5.0, "num_boost_round": 19.0}, "datetime": {"datetime": "2024-01-19 01:54:57", "elapsed": 6190.096024, "delta": 0.005249}}
{"target": -17.724487248885616, "params": {"gamma": 460.7780576368808, "log10_alpha": 0.0837842728939826, "log10_colsample_bytree": -0.17169625474307593, "log10_eta": -1.013669004569918, "log10_lambda": -2.8067960484711203, "log10_min_child_weight": 3.274746334323227, "log10_subsample": -0.0950410660447969, "max_depth": 5.0, "num_boost_round": 20.0}, "datetime": {"datetime": "2024-01-19 01:54:57", "elapsed": 6190.101211, "delta": 0.005187}}
{"target": -17.735183121329484, "params": {"gamma": 460.7780576368808, "log10_alpha": 0.0837842728939826, "log10_colsample_bytree": -0.17169625474307593, "log10_eta": -1.013669004569918, "log10_lambda": -2.8067960484711203, "log10_min_child_weight": 3.274746334323227, "log10_subsample": -0.0950410660447969, "max_depth": 5.0, "num_boost_round": 21.0}, "datetime": {"datetime": "2024-01-19 01:54:57", "elapsed": 6190.106394, "delta": 0.005183}}
{"target": -17.735433560554725, "params": {"gamma": 460.7780576368808, "log10_alpha": 0.0837842728939826, "log10_colsample_bytree": -0.17169625474307593, "log10_eta": -1.013669004569918, "log10_lambda": -2.8067960484711203, "log10_min_child_weight": 3.274746334323227, "log10_subsample": -0.0950410660447969, "max_depth": 5.0, "num_boost_round": 22.0}, "datetime": {"datetime": "2024-01-19 01:54:57", "elapsed": 6190.111615, "delta": 0.005221}}
{"target": -17.746523887502114, "params": {"gamma": 460.7780576368808, "log10_alpha": 0.0837842728939826, "log10_colsample_bytree": -0.17169625474307593, "log10_eta": -1.013669004569918, "log10_lambda": -2.8067960484711203, "log10_min_child_weight": 3.274746334323227, "log10_subsample": -0.0950410660447969, "max_depth": 5.0, "num_boost_round": 23.0}, "datetime": {"datetime": "2024-01-19 01:54:57", "elapsed": 6190.116872, "delta": 0.005257}}
{"target": -17.761416881179475, "params": {"gamma": 460.7780576368808, "log10_alpha": 0.0837842728939826, "log10_colsample_bytree": -0.17169625474307593, "log10_eta": -1.013669004569918, "log10_lambda": -2.8067960484711203, "log10_min_child_weight": 3.274746334323227, "log10_subsample": -0.0950410660447969, "max_depth": 5.0, "num_boost_round": 24.0}, "datetime": {"datetime": "2024-01-19 01:54:57", "elapsed": 6190.122253, "delta": 0.005381}}
