{"target": -17.677134714617786, "params": {"gamma": 725.6888919266144, "log10_alpha": -2.4591895944118223, "log10_colsample_bytree": -0.3383443985529292, "log10_eta": -3.883407275041554, "log10_lambda": 0.9395087045153758, "log10_min_child_weight": 0.2221788043177103, "log10_subsample": -0.4221991904547172, "max_depth": 3.0, "num_boost_round": 26.0}, "datetime": {"datetime": "2024-01-19 00:45:01", "elapsed": 2009.203812, "delta": 0.002607}}
{"target": -17.677133304812322, "params": {"gamma": 725.6888919266144, "log10_alpha": -2.4591895944118223, "log10_colsample_bytree": -0.3383443985529292, "log10_eta": -3.883407275041554, "log10_lambda": 0.9395087045153758, "log10_min_child_weight": 0.2221788043177103, "log10_subsample": -0.4221991904547172, "max_depth": 3.0, "num_boost_round": 27.0}, "datetime": {"datetime": "2024-01-19 00:45:01", "elapsed": 2009.206452, "delta": 0.00264}}
{"target": -17.677128005861675, "params": {"gamma": 725.6888919266144, "log10_alpha": -2.4591895944118223, "log10_colsample_bytree": -0.3383443985529292, "log10_eta": -3.883407275041554, "log10_lambda": 0.9395087045153758, "log10_min_child_weight": 0.2221788043177103, "log10_subsample": -0.4221991904547172, "max_depth": 3.0, "num_boost_round": 28.0}, "datetime": {"datetime": "2024-01-19 00:45:01", "elapsed": 2009.209165, "delta": 0.002713}}
{"target": -17.67712040904251, "params": {"gamma": 725.6888919266144, "log10_alpha": -2.4591895944118223, "log10_colsample_bytree": -0.3383443985529292, "log10_eta": -3.883407275041554, "log10_lambda": 0.9395087045153758, "log10_min_child_weight": 0.2221788043177103, "log10_subsample": -0.4221991904547172, "max_depth": 3.0, "num_boost_round": 29.0}, "datetime": {"datetime": "2024-01-19 00:45:01", "elapsed": 2009.211769, "delta": 0.002604}}
{"target": -17.67711504361272, "params": {"gamma": 725.6888919266144, "log10_alpha": -2.4591895944118223, "log10_colsample_bytree": -0.3383443985529292, "log10_eta": -3.883407275041554, "log10_lambda": 0.9395087045153758, "log10_min_child_weight": 0.2221788043177103, "log10_subsample": -0.4221991904547172, "max_depth": 3.0, "num_boost_round": 30.0}, "datetime": {"datetime": "2024-01-19 00:45:01", "elapsed": 2009.214439, "delta": 0.00267}}
{"target": -17.677111081217937, "params": {"gamma": 725.6888919266144, "log10_alpha": -2.4591895944118223, "log10_colsample_bytree": -0.3383443985529292, "log10_eta": -3.883407275041554, "log10_lambda": 0.9395087045153758, "log10_min_child_weight": 0.2221788043177103, "log10_subsample": -0.4221991904547172, "max_depth": 3.0, "num_boost_round": 31.0}, "datetime": {"datetime": "2024-01-19 00:45:01", "elapsed": 2009.21716, "delta": 0.002721}}
{"target": -17.677109892422813, "params": {"gamma": 725.6888919266144, "log10_alpha": -2.4591895944118223, "log10_colsample_bytree": -0.3383443985529292, "log10_eta": -3.883407275041554, "log10_lambda": 0.9395087045153758, "log10_min_child_weight": 0.2221788043177103, "log10_subsample": -0.4221991904547172, "max_depth": 3.0, "num_boost_round": 32.0}, "datetime": {"datetime": "2024-01-19 00:45:01", "elapsed": 2009.219808, "delta": 0.002648}}
{"target": -17.67710532385563, "params": {"gamma": 725.6888919266144, "log10_alpha": -2.4591895944118223, "log10_colsample_bytree": -0.3383443985529292, "log10_eta": -3.883407275041554, "log10_lambda": 0.9395087045153758, "log10_min_child_weight": 0.2221788043177103, "log10_subsample": -0.4221991904547172, "max_depth": 3.0, "num_boost_round": 33.0}, "datetime": {"datetime": "2024-01-19 00:45:01", "elapsed": 2009.222451, "delta": 0.002643}}
{"target": -17.67710360779367, "params": {"gamma": 725.6888919266144, "log10_alpha": -2.4591895944118223, "log10_colsample_bytree": -0.3383443985529292, "log10_eta": -3.883407275041554, "log10_lambda": 0.9395087045153758, "log10_min_child_weight": 0.2221788043177103, "log10_subsample": -0.4221991904547172, "max_depth": 3.0, "num_boost_round": 34.0}, "datetime": {"datetime": "2024-01-19 00:45:01", "elapsed": 2009.225181, "delta": 0.00273}}
{"target": -17.677099289984742, "params": {"gamma": 725.6888919266144, "log10_alpha": -2.4591895944118223, "log10_colsample_bytree": -0.3383443985529292, "log10_eta": -3.883407275041554, "log10_lambda": 0.9395087045153758, "log10_min_child_weight": 0.2221788043177103, "log10_subsample": -0.4221991904547172, "max_depth": 3.0, "num_boost_round": 35.0}, "datetime": {"datetime": "2024-01-19 00:45:01", "elapsed": 2009.227979, "delta": 0.002798}}
{"target": -17.677098039091913, "params": {"gamma": 725.6888919266144, "log10_alpha": -2.4591895944118223, "log10_colsample_bytree": -0.3383443985529292, "log10_eta": -3.883407275041554, "log10_lambda": 0.9395087045153758, "log10_min_child_weight": 0.2221788043177103, "log10_subsample": -0.4221991904547172, "max_depth": 3.0, "num_boost_round": 36.0}, "datetime": {"datetime": "2024-01-19 00:45:01", "elapsed": 2009.230711, "delta": 0.002732}}
{"target": -17.67709103859389, "params": {"gamma": 725.6888919266144, "log10_alpha": -2.4591895944118223, "log10_colsample_bytree": -0.3383443985529292, "log10_eta": -3.883407275041554, "log10_lambda": 0.9395087045153758, "log10_min_child_weight": 0.2221788043177103, "log10_subsample": -0.4221991904547172, "max_depth": 3.0, "num_boost_round": 37.0}, "datetime": {"datetime": "2024-01-19 00:45:01", "elapsed": 2009.233538, "delta": 0.002827}}
{"target": -17.677089056705736, "params": {"gamma": 725.6888919266144, "log10_alpha": -2.4591895944118223, "log10_colsample_bytree": -0.3383443985529292, "log10_eta": -3.883407275041554, "log10_lambda": 0.9395087045153758, "log10_min_child_weight": 0.2221788043177103, "log10_subsample": -0.4221991904547172, "max_depth": 3.0, "num_boost_round": 38.0}, "datetime": {"datetime": "2024-01-19 00:45:01", "elapsed": 2009.236229, "delta": 0.002691}}
{"target": -17.677087169993822, "params": {"gamma": 725.6888919266144, "log10_alpha": -2.4591895944118223, "log10_colsample_bytree": -0.3383443985529292, "log10_eta": -3.883407275041554, "log10_lambda": 0.9395087045153758, "log10_min_child_weight": 0.2221788043177103, "log10_subsample": -0.4221991904547172, "max_depth": 3.0, "num_boost_round": 39.0}, "datetime": {"datetime": "2024-01-19 00:45:01", "elapsed": 2009.238946, "delta": 0.002717}}
{"target": -17.677083364046656, "params": {"gamma": 725.6888919266144, "log10_alpha": -2.4591895944118223, "log10_colsample_bytree": -0.3383443985529292, "log10_eta": -3.883407275041554, "log10_lambda": 0.9395087045153758, "log10_min_child_weight": 0.2221788043177103, "log10_subsample": -0.4221991904547172, "max_depth": 3.0, "num_boost_round": 40.0}, "datetime": {"datetime": "2024-01-19 00:45:01", "elapsed": 2009.241674, "delta": 0.002728}}
{"target": -17.67707878671614, "params": {"gamma": 725.6888919266144, "log10_alpha": -2.4591895944118223, "log10_colsample_bytree": -0.3383443985529292, "log10_eta": -3.883407275041554, "log10_lambda": 0.9395087045153758, "log10_min_child_weight": 0.2221788043177103, "log10_subsample": -0.4221991904547172, "max_depth": 3.0, "num_boost_round": 41.0}, "datetime": {"datetime": "2024-01-19 00:45:01", "elapsed": 2009.244297, "delta": 0.002623}}
{"target": -17.677073616301314, "params": {"gamma": 725.6888919266144, "log10_alpha": -2.4591895944118223, "log10_colsample_bytree": -0.3383443985529292, "log10_eta": -3.883407275041554, "log10_lambda": 0.9395087045153758, "log10_min_child_weight": 0.2221788043177103, "log10_subsample": -0.4221991904547172, "max_depth": 3.0, "num_boost_round": 42.0}, "datetime": {"datetime": "2024-01-19 00:45:01", "elapsed": 2009.246953, "delta": 0.002656}}
{"target": -17.677073230515195, "params": {"gamma": 725.6888919266144, "log10_alpha": -2.4591895944118223, "log10_colsample_bytree": -0.3383443985529292, "log10_eta": -3.883407275041554, "log10_lambda": 0.9395087045153758, "log10_min_child_weight": 0.2221788043177103, "log10_subsample": -0.4221991904547172, "max_depth": 3.0, "num_boost_round": 43.0}, "datetime": {"datetime": "2024-01-19 00:45:01", "elapsed": 2009.249683, "delta": 0.00273}}
{"target": -17.677070276952396, "params": {"gamma": 725.6888919266144, "log10_alpha": -2.4591895944118223, "log10_colsample_bytree": -0.3383443985529292, "log10_eta": -3.883407275041554, "log10_lambda": 0.9395087045153758, "log10_min_child_weight": 0.2221788043177103, "log10_subsample": -0.4221991904547172, "max_depth": 3.0, "num_boost_round": 44.0}, "datetime": {"datetime": "2024-01-19 00:45:01", "elapsed": 2009.252336, "delta": 0.002653}}
{"target": -17.6770652883946, "params": {"gamma": 725.6888919266144, "log10_alpha": -2.4591895944118223, "log10_colsample_bytree": -0.3383443985529292, "log10_eta": -3.883407275041554, "log10_lambda": 0.9395087045153758, "log10_min_child_weight": 0.2221788043177103, "log10_subsample": -0.4221991904547172, "max_depth": 3.0, "num_boost_round": 45.0}, "datetime": {"datetime": "2024-01-19 00:45:01", "elapsed": 2009.254967, "delta": 0.002631}}
{"target": -17.677064282013493, "params": {"gamma": 725.6888919266144, "log10_alpha": -2.4591895944118223, "log10_colsample_bytree": -0.3383443985529292, "log10_eta": -3.883407275041554, "log10_lambda": 0.9395087045153758, "log10_min_child_weight": 0.2221788043177103, "log10_subsample": -0.4221991904547172, "max_depth": 3.0, "num_boost_round": 46.0}, "datetime": {"datetime": "2024-01-19 00:45:01", "elapsed": 2009.257679, "delta": 0.002712}}
{"target": -17.6770621737757, "params": {"gamma": 725.6888919266144, "log10_alpha": -2.4591895944118223, "log10_colsample_bytree": -0.3383443985529292, "log10_eta": -3.883407275041554, "log10_lambda": 0.9395087045153758, "log10_min_child_weight": 0.2221788043177103, "log10_subsample": -0.4221991904547172, "max_depth": 3.0, "num_boost_round": 47.0}, "datetime": {"datetime": "2024-01-19 00:45:01", "elapsed": 2009.260332, "delta": 0.002653}}
{"target": -17.67705859643153, "params": {"gamma": 725.6888919266144, "log10_alpha": -2.4591895944118223, "log10_colsample_bytree": -0.3383443985529292, "log10_eta": -3.883407275041554, "log10_lambda": 0.9395087045153758, "log10_min_child_weight": 0.2221788043177103, "log10_subsample": -0.4221991904547172, "max_depth": 3.0, "num_boost_round": 48.0}, "datetime": {"datetime": "2024-01-19 00:45:01", "elapsed": 2009.262971, "delta": 0.002639}}
{"target": -17.677061245727366, "params": {"gamma": 725.6888919266144, "log10_alpha": -2.4591895944118223, "log10_colsample_bytree": -0.3383443985529292, "log10_eta": -3.883407275041554, "log10_lambda": 0.9395087045153758, "log10_min_child_weight": 0.2221788043177103, "log10_subsample": -0.4221991904547172, "max_depth": 3.0, "num_boost_round": 49.0}, "datetime": {"datetime": "2024-01-19 00:45:01", "elapsed": 2009.265665, "delta": 0.002694}}
{"target": -17.677056795189323, "params": {"gamma": 725.6888919266144, "log10_alpha": -2.4591895944118223, "log10_colsample_bytree": -0.3383443985529292, "log10_eta": -3.883407275041554, "log10_lambda": 0.9395087045153758, "log10_min_child_weight": 0.2221788043177103, "log10_subsample": -0.4221991904547172, "max_depth": 3.0, "num_boost_round": 50.0}, "datetime": {"datetime": "2024-01-19 00:45:01", "elapsed": 2009.268451, "delta": 0.002786}}
{"target": -17.677053422552508, "params": {"gamma": 725.6888919266144, "log10_alpha": -2.4591895944118223, "log10_colsample_bytree": -0.3383443985529292, "log10_eta": -3.883407275041554, "log10_lambda": 0.9395087045153758, "log10_min_child_weight": 0.2221788043177103, "log10_subsample": -0.4221991904547172, "max_depth": 3.0, "num_boost_round": 51.0}, "datetime": {"datetime": "2024-01-19 00:45:01", "elapsed": 2009.27109, "delta": 0.002639}}
{"target": -17.677051052102307, "params": {"gamma": 725.6888919266144, "log10_alpha": -2.4591895944118223, "log10_colsample_bytree": -0.3383443985529292, "log10_eta": -3.883407275041554, "log10_lambda": 0.9395087045153758, "log10_min_child_weight": 0.2221788043177103, "log10_subsample": -0.4221991904547172, "max_depth": 3.0, "num_boost_round": 52.0}, "datetime": {"datetime": "2024-01-19 00:45:01", "elapsed": 2009.273728, "delta": 0.002638}}
{"target": -17.677046220927956, "params": {"gamma": 725.6888919266144, "log10_alpha": -2.4591895944118223, "log10_colsample_bytree": -0.3383443985529292, "log10_eta": -3.883407275041554, "log10_lambda": 0.9395087045153758, "log10_min_child_weight": 0.2221788043177103, "log10_subsample": -0.4221991904547172, "max_depth": 3.0, "num_boost_round": 53.0}, "datetime": {"datetime": "2024-01-19 00:45:01", "elapsed": 2009.276499, "delta": 0.002771}}
{"target": -17.677042150640386, "params": {"gamma": 725.6888919266144, "log10_alpha": -2.4591895944118223, "log10_colsample_bytree": -0.3383443985529292, "log10_eta": -3.883407275041554, "log10_lambda": 0.9395087045153758, "log10_min_child_weight": 0.2221788043177103, "log10_subsample": -0.4221991904547172, "max_depth": 3.0, "num_boost_round": 54.0}, "datetime": {"datetime": "2024-01-19 00:45:01", "elapsed": 2009.2794, "delta": 0.002901}}
{"target": -17.67704032846579, "params": {"gamma": 725.6888919266144, "log10_alpha": -2.4591895944118223, "log10_colsample_bytree": -0.3383443985529292, "log10_eta": -3.883407275041554, "log10_lambda": 0.9395087045153758, "log10_min_child_weight": 0.2221788043177103, "log10_subsample": -0.4221991904547172, "max_depth": 3.0, "num_boost_round": 55.0}, "datetime": {"datetime": "2024-01-19 00:45:01", "elapsed": 2009.282468, "delta": 0.003068}}
{"target": -17.677034376420917, "params": {"gamma": 725.6888919266144, "log10_alpha": -2.4591895944118223, "log10_colsample_bytree": -0.3383443985529292, "log10_eta": -3.883407275041554, "log10_lambda": 0.9395087045153758, "log10_min_child_weight": 0.2221788043177103, "log10_subsample": -0.4221991904547172, "max_depth": 3.0, "num_boost_round": 56.0}, "datetime": {"datetime": "2024-01-19 00:45:01", "elapsed": 2009.285485, "delta": 0.003017}}
{"target": -17.6770288662431, "params": {"gamma": 725.6888919266144, "log10_alpha": -2.4591895944118223, "log10_colsample_bytree": -0.3383443985529292, "log10_eta": -3.883407275041554, "log10_lambda": 0.9395087045153758, "log10_min_child_weight": 0.2221788043177103, "log10_subsample": -0.4221991904547172, "max_depth": 3.0, "num_boost_round": 57.0}, "datetime": {"datetime": "2024-01-19 00:45:01", "elapsed": 2009.28838, "delta": 0.002895}}
{"target": -17.677025548983202, "params": {"gamma": 725.6888919266144, "log10_alpha": -2.4591895944118223, "log10_colsample_bytree": -0.3383443985529292, "log10_eta": -3.883407275041554, "log10_lambda": 0.9395087045153758, "log10_min_child_weight": 0.2221788043177103, "log10_subsample": -0.4221991904547172, "max_depth": 3.0, "num_boost_round": 58.0}, "datetime": {"datetime": "2024-01-19 00:45:01", "elapsed": 2009.291096, "delta": 0.002716}}
{"target": -17.67702216499912, "params": {"gamma": 725.6888919266144, "log10_alpha": -2.4591895944118223, "log10_colsample_bytree": -0.3383443985529292, "log10_eta": -3.883407275041554, "log10_lambda": 0.9395087045153758, "log10_min_child_weight": 0.2221788043177103, "log10_subsample": -0.4221991904547172, "max_depth": 3.0, "num_boost_round": 59.0}, "datetime": {"datetime": "2024-01-19 00:45:01", "elapsed": 2009.293861, "delta": 0.002765}}
{"target": -17.677016881059938, "params": {"gamma": 725.6888919266144, "log10_alpha": -2.4591895944118223, "log10_colsample_bytree": -0.3383443985529292, "log10_eta": -3.883407275041554, "log10_lambda": 0.9395087045153758, "log10_min_child_weight": 0.2221788043177103, "log10_subsample": -0.4221991904547172, "max_depth": 3.0, "num_boost_round": 60.0}, "datetime": {"datetime": "2024-01-19 00:45:01", "elapsed": 2009.296672, "delta": 0.002811}}
{"target": -17.67701631220907, "params": {"gamma": 725.6888919266144, "log10_alpha": -2.4591895944118223, "log10_colsample_bytree": -0.3383443985529292, "log10_eta": -3.883407275041554, "log10_lambda": 0.9395087045153758, "log10_min_child_weight": 0.2221788043177103, "log10_subsample": -0.4221991904547172, "max_depth": 3.0, "num_boost_round": 61.0}, "datetime": {"datetime": "2024-01-19 00:45:01", "elapsed": 2009.299411, "delta": 0.002739}}
{"target": -17.677011757147973, "params": {"gamma": 725.6888919266144, "log10_alpha": -2.4591895944118223, "log10_colsample_bytree": -0.3383443985529292, "log10_eta": -3.883407275041554, "log10_lambda": 0.9395087045153758, "log10_min_child_weight": 0.2221788043177103, "log10_subsample": -0.4221991904547172, "max_depth": 3.0, "num_boost_round": 62.0}, "datetime": {"datetime": "2024-01-19 00:45:01", "elapsed": 2009.302085, "delta": 0.002674}}
{"target": -17.67701155856453, "params": {"gamma": 725.6888919266144, "log10_alpha": -2.4591895944118223, "log10_colsample_bytree": -0.3383443985529292, "log10_eta": -3.883407275041554, "log10_lambda": 0.9395087045153758, "log10_min_child_weight": 0.2221788043177103, "log10_subsample": -0.4221991904547172, "max_depth": 3.0, "num_boost_round": 63.0}, "datetime": {"datetime": "2024-01-19 00:45:01", "elapsed": 2009.304752, "delta": 0.002667}}
{"target": -17.67700541306411, "params": {"gamma": 725.6888919266144, "log10_alpha": -2.4591895944118223, "log10_colsample_bytree": -0.3383443985529292, "log10_eta": -3.883407275041554, "log10_lambda": 0.9395087045153758, "log10_min_child_weight": 0.2221788043177103, "log10_subsample": -0.4221991904547172, "max_depth": 3.0, "num_boost_round": 64.0}, "datetime": {"datetime": "2024-01-19 00:45:01", "elapsed": 2009.307431, "delta": 0.002679}}
{"target": -17.676999655583444, "params": {"gamma": 725.6888919266144, "log10_alpha": -2.4591895944118223, "log10_colsample_bytree": -0.3383443985529292, "log10_eta": -3.883407275041554, "log10_lambda": 0.9395087045153758, "log10_min_child_weight": 0.2221788043177103, "log10_subsample": -0.4221991904547172, "max_depth": 3.0, "num_boost_round": 65.0}, "datetime": {"datetime": "2024-01-19 00:45:01", "elapsed": 2009.310198, "delta": 0.002767}}
{"target": -17.676994330915853, "params": {"gamma": 725.6888919266144, "log10_alpha": -2.4591895944118223, "log10_colsample_bytree": -0.3383443985529292, "log10_eta": -3.883407275041554, "log10_lambda": 0.9395087045153758, "log10_min_child_weight": 0.2221788043177103, "log10_subsample": -0.4221991904547172, "max_depth": 3.0, "num_boost_round": 66.0}, "datetime": {"datetime": "2024-01-19 00:45:01", "elapsed": 2009.312884, "delta": 0.002686}}
{"target": -17.676988016869103, "params": {"gamma": 725.6888919266144, "log10_alpha": -2.4591895944118223, "log10_colsample_bytree": -0.3383443985529292, "log10_eta": -3.883407275041554, "log10_lambda": 0.9395087045153758, "log10_min_child_weight": 0.2221788043177103, "log10_subsample": -0.4221991904547172, "max_depth": 3.0, "num_boost_round": 67.0}, "datetime": {"datetime": "2024-01-19 00:45:01", "elapsed": 2009.315555, "delta": 0.002671}}
{"target": -17.676985050532014, "params": {"gamma": 725.6888919266144, "log10_alpha": -2.4591895944118223, "log10_colsample_bytree": -0.3383443985529292, "log10_eta": -3.883407275041554, "log10_lambda": 0.9395087045153758, "log10_min_child_weight": 0.2221788043177103, "log10_subsample": -0.4221991904547172, "max_depth": 3.0, "num_boost_round": 68.0}, "datetime": {"datetime": "2024-01-19 00:45:01", "elapsed": 2009.318342, "delta": 0.002787}}
{"target": -17.676979905030027, "params": {"gamma": 725.6888919266144, "log10_alpha": -2.4591895944118223, "log10_colsample_bytree": -0.3383443985529292, "log10_eta": -3.883407275041554, "log10_lambda": 0.9395087045153758, "log10_min_child_weight": 0.2221788043177103, "log10_subsample": -0.4221991904547172, "max_depth": 3.0, "num_boost_round": 69.0}, "datetime": {"datetime": "2024-01-19 00:45:01", "elapsed": 2009.321055, "delta": 0.002713}}
{"target": -17.67697783853769, "params": {"gamma": 725.6888919266144, "log10_alpha": -2.4591895944118223, "log10_colsample_bytree": -0.3383443985529292, "log10_eta": -3.883407275041554, "log10_lambda": 0.9395087045153758, "log10_min_child_weight": 0.2221788043177103, "log10_subsample": -0.4221991904547172, "max_depth": 3.0, "num_boost_round": 70.0}, "datetime": {"datetime": "2024-01-19 00:45:01", "elapsed": 2009.323762, "delta": 0.002707}}
{"target": -17.67697257076027, "params": {"gamma": 725.6888919266144, "log10_alpha": -2.4591895944118223, "log10_colsample_bytree": -0.3383443985529292, "log10_eta": -3.883407275041554, "log10_lambda": 0.9395087045153758, "log10_min_child_weight": 0.2221788043177103, "log10_subsample": -0.4221991904547172, "max_depth": 3.0, "num_boost_round": 71.0}, "datetime": {"datetime": "2024-01-19 00:45:01", "elapsed": 2009.326464, "delta": 0.002702}}
{"target": -17.676573699692863, "params": {"gamma": 723.8104875300608, "log10_alpha": -1.6975679817166167, "log10_colsample_bytree": -0.0005970136712026841, "log10_eta": -1.4369122270146293, "log10_lambda": 0.7846755063936541, "log10_min_child_weight": 3.361767380551945, "log10_subsample": -0.9895978605766108, "max_depth": 3.0, "num_boost_round": 0.0}, "datetime": {"datetime": "2024-01-19 00:46:01", "elapsed": 2069.244046, "delta": 59.917582}}
{"target": -17.676549616224268, "params": {"gamma": 723.8104875300608, "log10_alpha": -1.6975679817166167, "log10_colsample_bytree": -0.0005970136712026841, "log10_eta": -1.4369122270146293, "log10_lambda": 0.7846755063936541, "log10_min_child_weight": 3.361767380551945, "log10_subsample": -0.9895978605766108, "max_depth": 3.0, "num_boost_round": 1.0}, "datetime": {"datetime": "2024-01-19 00:46:02", "elapsed": 2069.356807, "delta": 0.112761}}
{"target": -17.67681979622937, "params": {"gamma": 723.8104875300608, "log10_alpha": -1.6975679817166167, "log10_colsample_bytree": -0.0005970136712026841, "log10_eta": -1.4369122270146293, "log10_lambda": 0.7846755063936541, "log10_min_child_weight": 3.361767380551945, "log10_subsample": -0.9895978605766108, "max_depth": 3.0, "num_boost_round": 2.0}, "datetime": {"datetime": "2024-01-19 00:46:02", "elapsed": 2069.360275, "delta": 0.003468}}
