{"target": -13.75787100723787, "params": {"gamma": 641.2038115541709, "log10_alpha": 0.3372669133531039, "log10_colsample_bytree": -0.6278218083828313, "log10_eta": -2.959095916603715, "log10_lambda": -2.010993135083483, "log10_min_child_weight": 0.5387007003923483, "log10_subsample": -0.12584041201186535, "max_depth": 9.0, "num_boost_round": 26.0}, "datetime": {"datetime": "2024-01-19 01:44:03", "elapsed": 5496.162884, "delta": 0.005084}}
{"target": -13.757871380338115, "params": {"gamma": 641.2038115541709, "log10_alpha": 0.3372669133531039, "log10_colsample_bytree": -0.6278218083828313, "log10_eta": -2.959095916603715, "log10_lambda": -2.010993135083483, "log10_min_child_weight": 0.5387007003923483, "log10_subsample": -0.12584041201186535, "max_depth": 9.0, "num_boost_round": 27.0}, "datetime": {"datetime": "2024-01-19 01:44:03", "elapsed": 5496.168025, "delta": 0.005141}}
{"target": -13.7578310899921, "params": {"gamma": 641.2038115541709, "log10_alpha": 0.3372669133531039, "log10_colsample_bytree": -0.6278218083828313, "log10_eta": -2.959095916603715, "log10_lambda": -2.010993135083483, "log10_min_child_weight": 0.5387007003923483, "log10_subsample": -0.12584041201186535, "max_depth": 9.0, "num_boost_round": 28.0}, "datetime": {"datetime": "2024-01-19 01:44:03", "elapsed": 5496.173038, "delta": 0.005013}}
{"target": -13.757796973164641, "params": {"gamma": 641.2038115541709, "log10_alpha": 0.3372669133531039, "log10_colsample_bytree": -0.6278218083828313, "log10_eta": -2.959095916603715, "log10_lambda": -2.010993135083483, "log10_min_child_weight": 0.5387007003923483, "log10_subsample": -0.12584041201186535, "max_depth": 9.0, "num_boost_round": 29.0}, "datetime": {"datetime": "2024-01-19 01:44:03", "elapsed": 5496.178489, "delta": 0.005451}}
{"target": -13.75778326058412, "params": {"gamma": 641.2038115541709, "log10_alpha": 0.3372669133531039, "log10_colsample_bytree": -0.6278218083828313, "log10_eta": -2.959095916603715, "log10_lambda": -2.010993135083483, "log10_min_child_weight": 0.5387007003923483, "log10_subsample": -0.12584041201186535, "max_depth": 9.0, "num_boost_round": 30.0}, "datetime": {"datetime": "2024-01-19 01:44:03", "elapsed": 5496.183638, "delta": 0.005149}}
{"target": -13.757775445434724, "params": {"gamma": 641.2038115541709, "log10_alpha": 0.3372669133531039, "log10_colsample_bytree": -0.6278218083828313, "log10_eta": -2.959095916603715, "log10_lambda": -2.010993135083483, "log10_min_child_weight": 0.5387007003923483, "log10_subsample": -0.12584041201186535, "max_depth": 9.0, "num_boost_round": 31.0}, "datetime": {"datetime": "2024-01-19 01:44:03", "elapsed": 5496.18875, "delta": 0.005112}}
{"target": -13.75772209896672, "params": {"gamma": 641.2038115541709, "log10_alpha": 0.3372669133531039, "log10_colsample_bytree": -0.6278218083828313, "log10_eta": -2.959095916603715, "log10_lambda": -2.010993135083483, "log10_min_child_weight": 0.5387007003923483, "log10_subsample": -0.12584041201186535, "max_depth": 9.0, "num_boost_round": 32.0}, "datetime": {"datetime": "2024-01-19 01:44:03", "elapsed": 5496.193898, "delta": 0.005148}}
{"target": -13.757666570550928, "params": {"gamma": 641.2038115541709, "log10_alpha": 0.3372669133531039, "log10_colsample_bytree": -0.6278218083828313, "log10_eta": -2.959095916603715, "log10_lambda": -2.010993135083483, "log10_min_child_weight": 0.5387007003923483, "log10_subsample": -0.12584041201186535, "max_depth": 9.0, "num_boost_round": 33.0}, "datetime": {"datetime": "2024-01-19 01:44:03", "elapsed": 5496.198758, "delta": 0.00486}}
{"target": -13.75767091495444, "params": {"gamma": 641.2038115541709, "log10_alpha": 0.3372669133531039, "log10_colsample_bytree": -0.6278218083828313, "log10_eta": -2.959095916603715, "log10_lambda": -2.010993135083483, "log10_min_child_weight": 0.5387007003923483, "log10_subsample": -0.12584041201186535, "max_depth": 9.0, "num_boost_round": 34.0}, "datetime": {"datetime": "2024-01-19 01:44:03", "elapsed": 5496.203846, "delta": 0.005088}}
{"target": -13.757674589019716, "params": {"gamma": 641.2038115541709, "log10_alpha": 0.3372669133531039, "log10_colsample_bytree": -0.6278218083828313, "log10_eta": -2.959095916603715, "log10_lambda": -2.010993135083483, "log10_min_child_weight": 0.5387007003923483, "log10_subsample": -0.12584041201186535, "max_depth": 9.0, "num_boost_round": 35.0}, "datetime": {"datetime": "2024-01-19 01:44:03", "elapsed": 5496.208991, "delta": 0.005145}}
{"target": -13.757668748763159, "params": {"gamma": 641.2038115541709, "log10_alpha": 0.3372669133531039, "log10_colsample_bytree": -0.6278218083828313, "log10_eta": -2.959095916603715, "log10_lambda": -2.010993135083483, "log10_min_child_weight": 0.5387007003923483, "log10_subsample": -0.12584041201186535, "max_depth": 9.0, "num_boost_round": 36.0}, "datetime": {"datetime": "2024-01-19 01:44:03", "elapsed": 5496.214213, "delta": 0.005222}}
{"target": -13.757616163013104, "params": {"gamma": 641.2038115541709, "log10_alpha": 0.3372669133531039, "log10_colsample_bytree": -0.6278218083828313, "log10_eta": -2.959095916603715, "log10_lambda": -2.010993135083483, "log10_min_child_weight": 0.5387007003923483, "log10_subsample": -0.12584041201186535, "max_depth": 9.0, "num_boost_round": 37.0}, "datetime": {"datetime": "2024-01-19 01:44:03", "elapsed": 5496.219252, "delta": 0.005039}}
{"target": -13.757589296625053, "params": {"gamma": 641.2038115541709, "log10_alpha": 0.3372669133531039, "log10_colsample_bytree": -0.6278218083828313, "log10_eta": -2.959095916603715, "log10_lambda": -2.010993135083483, "log10_min_child_weight": 0.5387007003923483, "log10_subsample": -0.12584041201186535, "max_depth": 9.0, "num_boost_round": 38.0}, "datetime": {"datetime": "2024-01-19 01:44:03", "elapsed": 5496.224329, "delta": 0.005077}}
{"target": -13.757556636514755, "params": {"gamma": 641.2038115541709, "log10_alpha": 0.3372669133531039, "log10_colsample_bytree": -0.6278218083828313, "log10_eta": -2.959095916603715, "log10_lambda": -2.010993135083483, "log10_min_child_weight": 0.5387007003923483, "log10_subsample": -0.12584041201186535, "max_depth": 9.0, "num_boost_round": 39.0}, "datetime": {"datetime": "2024-01-19 01:44:03", "elapsed": 5496.229411, "delta": 0.005082}}
{"target": -13.75755697163204, "params": {"gamma": 641.2038115541709, "log10_alpha": 0.3372669133531039, "log10_colsample_bytree": -0.6278218083828313, "log10_eta": -2.959095916603715, "log10_lambda": -2.010993135083483, "log10_min_child_weight": 0.5387007003923483, "log10_subsample": -0.12584041201186535, "max_depth": 9.0, "num_boost_round": 40.0}, "datetime": {"datetime": "2024-01-19 01:44:03", "elapsed": 5496.234648, "delta": 0.005237}}
{"target": -13.757520396771353, "params": {"gamma": 641.2038115541709, "log10_alpha": 0.3372669133531039, "log10_colsample_bytree": -0.6278218083828313, "log10_eta": -2.959095916603715, "log10_lambda": -2.010993135083483, "log10_min_child_weight": 0.5387007003923483, "log10_subsample": -0.12584041201186535, "max_depth": 9.0, "num_boost_round": 41.0}, "datetime": {"datetime": "2024-01-19 01:44:03", "elapsed": 5496.239659, "delta": 0.005011}}
{"target": -13.757425874585326, "params": {"gamma": 641.2038115541709, "log10_alpha": 0.3372669133531039, "log10_colsample_bytree": -0.6278218083828313, "log10_eta": -2.959095916603715, "log10_lambda": -2.010993135083483, "log10_min_child_weight": 0.5387007003923483, "log10_subsample": -0.12584041201186535, "max_depth": 9.0, "num_boost_round": 42.0}, "datetime": {"datetime": "2024-01-19 01:44:03", "elapsed": 5496.244714, "delta": 0.005055}}
{"target": -13.757400710921537, "params": {"gamma": 641.2038115541709, "log10_alpha": 0.3372669133531039, "log10_colsample_bytree": -0.6278218083828313, "log10_eta": -2.959095916603715, "log10_lambda": -2.010993135083483, "log10_min_child_weight": 0.5387007003923483, "log10_subsample": -0.12584041201186535, "max_depth": 9.0, "num_boost_round": 43.0}, "datetime": {"datetime": "2024-01-19 01:44:03", "elapsed": 5496.249663, "delta": 0.004949}}
{"target": -13.757368527539683, "params": {"gamma": 641.2038115541709, "log10_alpha": 0.3372669133531039, "log10_colsample_bytree": -0.6278218083828313, "log10_eta": -2.959095916603715, "log10_lambda": -2.010993135083483, "log10_min_child_weight": 0.5387007003923483, "log10_subsample": -0.12584041201186535, "max_depth": 9.0, "num_boost_round": 44.0}, "datetime": {"datetime": "2024-01-19 01:44:03", "elapsed": 5496.254978, "delta": 0.005315}}
{"target": -13.757331339316107, "params": {"gamma": 641.2038115541709, "log10_alpha": 0.3372669133531039, "log10_colsample_bytree": -0.6278218083828313, "log10_eta": -2.959095916603715, "log10_lambda": -2.010993135083483, "log10_min_child_weight": 0.5387007003923483, "log10_subsample": -0.12584041201186535, "max_depth": 9.0, "num_boost_round": 45.0}, "datetime": {"datetime": "2024-01-19 01:44:03", "elapsed": 5496.260122, "delta": 0.005144}}
{"target": -13.757345416867262, "params": {"gamma": 641.2038115541709, "log10_alpha": 0.3372669133531039, "log10_colsample_bytree": -0.6278218083828313, "log10_eta": -2.959095916603715, "log10_lambda": -2.010993135083483, "log10_min_child_weight": 0.5387007003923483, "log10_subsample": -0.12584041201186535, "max_depth": 9.0, "num_boost_round": 46.0}, "datetime": {"datetime": "2024-01-19 01:44:03", "elapsed": 5496.265854, "delta": 0.005732}}
{"target": -13.757319624225271, "params": {"gamma": 641.2038115541709, "log10_alpha": 0.3372669133531039, "log10_colsample_bytree": -0.6278218083828313, "log10_eta": -2.959095916603715, "log10_lambda": -2.010993135083483, "log10_min_child_weight": 0.5387007003923483, "log10_subsample": -0.12584041201186535, "max_depth": 9.0, "num_boost_round": 47.0}, "datetime": {"datetime": "2024-01-19 01:44:03", "elapsed": 5496.271075, "delta": 0.005221}}
{"target": -13.757335135630493, "params": {"gamma": 641.2038115541709, "log10_alpha": 0.3372669133531039, "log10_colsample_bytree": -0.6278218083828313, "log10_eta": -2.959095916603715, "log10_lambda": -2.010993135083483, "log10_min_child_weight": 0.5387007003923483, "log10_subsample": -0.12584041201186535, "max_depth": 9.0, "num_boost_round": 48.0}, "datetime": {"datetime": "2024-01-19 01:44:03", "elapsed": 5496.276101, "delta": 0.005026}}
{"target": -13.757356069322269, "params": {"gamma": 641.2038115541709, "log10_alpha": 0.3372669133531039, "log10_colsample_bytree": -0.6278218083828313, "log10_eta": -2.959095916603715, "log10_lambda": -2.010993135083483, "log10_min_child_weight": 0.5387007003923483, "log10_subsample": -0.12584041201186535, "max_depth": 9.0, "num_boost_round": 49.0}, "datetime": {"datetime": "2024-01-19 01:44:03", "elapsed": 5496.281463, "delta": 0.005362}}
{"target": -13.757321725705824, "params": {"gamma": 641.2038115541709, "log10_alpha": 0.3372669133531039, "log10_colsample_bytree": -0.6278218083828313, "log10_eta": -2.959095916603715, "log10_lambda": -2.010993135083483, "log10_min_child_weight": 0.5387007003923483, "log10_subsample": -0.12584041201186535, "max_depth": 9.0, "num_boost_round": 50.0}, "datetime": {"datetime": "2024-01-19 01:44:03", "elapsed": 5496.286574, "delta": 0.005111}}
{"target": -13.758531976001418, "params": {"gamma": 546.6020632677703, "log10_alpha": 0.43741658693276086, "log10_colsample_bytree": -0.4195219914356598, "log10_eta": -3.2031429663647994, "log10_lambda": -4.107315409572398, "log10_min_child_weight": 1.2443100051902674, "log10_subsample": -0.15100181535148627, "max_depth": 9.0, "num_boost_round": 0.0}, "datetime": {"datetime": "2024-01-19 01:45:23", "elapsed": 5575.826884, "delta": 79.54031}}
{"target": -13.758526890260919, "params": {"gamma": 546.6020632677703, "log10_alpha": 0.43741658693276086, "log10_colsample_bytree": -0.4195219914356598, "log10_eta": -3.2031429663647994, "log10_lambda": -4.107315409572398, "log10_min_child_weight": 1.2443100051902674, "log10_subsample": -0.15100181535148627, "max_depth": 9.0, "num_boost_round": 1.0}, "datetime": {"datetime": "2024-01-19 01:45:23", "elapsed": 5575.833411, "delta": 0.006527}}
{"target": -13.758506494064969, "params": {"gamma": 546.6020632677703, "log10_alpha": 0.43741658693276086, "log10_colsample_bytree": -0.4195219914356598, "log10_eta": -3.2031429663647994, "log10_lambda": -4.107315409572398, "log10_min_child_weight": 1.2443100051902674, "log10_subsample": -0.15100181535148627, "max_depth": 9.0, "num_boost_round": 2.0}, "datetime": {"datetime": "2024-01-19 01:45:23", "elapsed": 5575.839715, "delta": 0.006304}}
{"target": -13.758476102431999, "params": {"gamma": 546.6020632677703, "log10_alpha": 0.43741658693276086, "log10_colsample_bytree": -0.4195219914356598, "log10_eta": -3.2031429663647994, "log10_lambda": -4.107315409572398, "log10_min_child_weight": 1.2443100051902674, "log10_subsample": -0.15100181535148627, "max_depth": 9.0, "num_boost_round": 3.0}, "datetime": {"datetime": "2024-01-19 01:45:23", "elapsed": 5575.845819, "delta": 0.006104}}
{"target": -13.758437653590034, "params": {"gamma": 546.6020632677703, "log10_alpha": 0.43741658693276086, "log10_colsample_bytree": -0.4195219914356598, "log10_eta": -3.2031429663647994, "log10_lambda": -4.107315409572398, "log10_min_child_weight": 1.2443100051902674, "log10_subsample": -0.15100181535148627, "max_depth": 9.0, "num_boost_round": 4.0}, "datetime": {"datetime": "2024-01-19 01:45:23", "elapsed": 5575.851122, "delta": 0.005303}}
{"target": -13.758400840411946, "params": {"gamma": 546.6020632677703, "log10_alpha": 0.43741658693276086, "log10_colsample_bytree": -0.4195219914356598, "log10_eta": -3.2031429663647994, "log10_lambda": -4.107315409572398, "log10_min_child_weight": 1.2443100051902674, "log10_subsample": -0.15100181535148627, "max_depth": 9.0, "num_boost_round": 5.0}, "datetime": {"datetime": "2024-01-19 01:45:23", "elapsed": 5575.856691, "delta": 0.005569}}
{"target": -13.7583792806942, "params": {"gamma": 546.6020632677703, "log10_alpha": 0.43741658693276086, "log10_colsample_bytree": -0.4195219914356598, "log10_eta": -3.2031429663647994, "log10_lambda": -4.107315409572398, "log10_min_child_weight": 1.2443100051902674, "log10_subsample": -0.15100181535148627, "max_depth": 9.0, "num_boost_round": 6.0}, "datetime": {"datetime": "2024-01-19 01:45:23", "elapsed": 5575.86227, "delta": 0.005579}}
{"target": -13.758355558470125, "params": {"gamma": 546.6020632677703, "log10_alpha": 0.43741658693276086, "log10_colsample_bytree": -0.4195219914356598, "log10_eta": -3.2031429663647994, "log10_lambda": -4.107315409572398, "log10_min_child_weight": 1.2443100051902674, "log10_subsample": -0.15100181535148627, "max_depth": 9.0, "num_boost_round": 7.0}, "datetime": {"datetime": "2024-01-19 01:45:23", "elapsed": 5575.868, "delta": 0.00573}}
{"target": -13.758324426637383, "params": {"gamma": 546.6020632677703, "log10_alpha": 0.43741658693276086, "log10_colsample_bytree": -0.4195219914356598, "log10_eta": -3.2031429663647994, "log10_lambda": -4.107315409572398, "log10_min_child_weight": 1.2443100051902674, "log10_subsample": -0.15100181535148627, "max_depth": 9.0, "num_boost_round": 8.0}, "datetime": {"datetime": "2024-01-19 01:45:23", "elapsed": 5575.873505, "delta": 0.005505}}
{"target": -13.75828547278023, "params": {"gamma": 546.6020632677703, "log10_alpha": 0.43741658693276086, "log10_colsample_bytree": -0.4195219914356598, "log10_eta": -3.2031429663647994, "log10_lambda": -4.107315409572398, "log10_min_child_weight": 1.2443100051902674, "log10_subsample": -0.15100181535148627, "max_depth": 9.0, "num_boost_round": 9.0}, "datetime": {"datetime": "2024-01-19 01:45:23", "elapsed": 5575.878864, "delta": 0.005359}}
{"target": -13.758270381623412, "params": {"gamma": 546.6020632677703, "log10_alpha": 0.43741658693276086, "log10_colsample_bytree": -0.4195219914356598, "log10_eta": -3.2031429663647994, "log10_lambda": -4.107315409572398, "log10_min_child_weight": 1.2443100051902674, "log10_subsample": -0.15100181535148627, "max_depth": 9.0, "num_boost_round": 10.0}, "datetime": {"datetime": "2024-01-19 01:45:23", "elapsed": 5575.884123, "delta": 0.005259}}
{"target": -13.758282032219531, "params": {"gamma": 546.6020632677703, "log10_alpha": 0.43741658693276086, "log10_colsample_bytree": -0.4195219914356598, "log10_eta": -3.2031429663647994, "log10_lambda": -4.107315409572398, "log10_min_child_weight": 1.2443100051902674, "log10_subsample": -0.15100181535148627, "max_depth": 9.0, "num_boost_round": 11.0}, "datetime": {"datetime": "2024-01-19 01:45:23", "elapsed": 5575.88973, "delta": 0.005607}}
{"target": -13.758275575357052, "params": {"gamma": 546.6020632677703, "log10_alpha": 0.43741658693276086, "log10_colsample_bytree": -0.4195219914356598, "log10_eta": -3.2031429663647994, "log10_lambda": -4.107315409572398, "log10_min_child_weight": 1.2443100051902674, "log10_subsample": -0.15100181535148627, "max_depth": 9.0, "num_boost_round": 12.0}, "datetime": {"datetime": "2024-01-19 01:45:23", "elapsed": 5575.895565, "delta": 0.005835}}
{"target": -13.758218751170284, "params": {"gamma": 546.6020632677703, "log10_alpha": 0.43741658693276086, "log10_colsample_bytree": -0.4195219914356598, "log10_eta": -3.2031429663647994, "log10_lambda": -4.107315409572398, "log10_min_child_weight": 1.2443100051902674, "log10_subsample": -0.15100181535148627, "max_depth": 9.0, "num_boost_round": 13.0}, "datetime": {"datetime": "2024-01-19 01:45:23", "elapsed": 5575.901571, "delta": 0.006006}}
{"target": -13.758224549452153, "params": {"gamma": 546.6020632677703, "log10_alpha": 0.43741658693276086, "log10_colsample_bytree": -0.4195219914356598, "log10_eta": -3.2031429663647994, "log10_lambda": -4.107315409572398, "log10_min_child_weight": 1.2443100051902674, "log10_subsample": -0.15100181535148627, "max_depth": 9.0, "num_boost_round": 14.0}, "datetime": {"datetime": "2024-01-19 01:45:23", "elapsed": 5575.907244, "delta": 0.005673}}
{"target": -13.758201345680561, "params": {"gamma": 546.6020632677703, "log10_alpha": 0.43741658693276086, "log10_colsample_bytree": -0.4195219914356598, "log10_eta": -3.2031429663647994, "log10_lambda": -4.107315409572398, "log10_min_child_weight": 1.2443100051902674, "log10_subsample": -0.15100181535148627, "max_depth": 9.0, "num_boost_round": 15.0}, "datetime": {"datetime": "2024-01-19 01:45:23", "elapsed": 5575.913201, "delta": 0.005957}}
{"target": -13.75818557421353, "params": {"gamma": 546.6020632677703, "log10_alpha": 0.43741658693276086, "log10_colsample_bytree": -0.4195219914356598, "log10_eta": -3.2031429663647994, "log10_lambda": -4.107315409572398, "log10_min_child_weight": 1.2443100051902674, "log10_subsample": -0.15100181535148627, "max_depth": 9.0, "num_boost_round": 16.0}, "datetime": {"datetime": "2024-01-19 01:45:23", "elapsed": 5575.918674, "delta": 0.005473}}
{"target": -13.758154312901231, "params": {"gamma": 546.6020632677703, "log10_alpha": 0.43741658693276086, "log10_colsample_bytree": -0.4195219914356598, "log10_eta": -3.2031429663647994, "log10_lambda": -4.107315409572398, "log10_min_child_weight": 1.2443100051902674, "log10_subsample": -0.15100181535148627, "max_depth": 9.0, "num_boost_round": 17.0}, "datetime": {"datetime": "2024-01-19 01:45:23", "elapsed": 5575.923964, "delta": 0.00529}}
{"target": -13.75853854192083, "params": {"gamma": 617.290572440146, "log10_alpha": 1.0, "log10_colsample_bytree": -1.0, "log10_eta": -4.0, "log10_lambda": 1.0, "log10_min_child_weight": 0.0, "log10_subsample": -1.0, "max_depth": 2.0, "num_boost_round": 0.0}, "datetime": {"datetime": "2024-01-19 01:47:04", "elapsed": 5676.596637, "delta": 100.672673}}
{"target": -13.75853930084689, "params": {"gamma": 617.290572440146, "log10_alpha": 1.0, "log10_colsample_bytree": -1.0, "log10_eta": -4.0, "log10_lambda": 1.0, "log10_min_child_weight": 0.0, "log10_subsample": -1.0, "max_depth": 2.0, "num_boost_round": 1.0}, "datetime": {"datetime": "2024-01-19 01:47:04", "elapsed": 5676.603212, "delta": 0.006575}}
{"target": -13.758539498832853, "params": {"gamma": 617.290572440146, "log10_alpha": 1.0, "log10_colsample_bytree": -1.0, "log10_eta": -4.0, "log10_lambda": 1.0, "log10_min_child_weight": 0.0, "log10_subsample": -1.0, "max_depth": 2.0, "num_boost_round": 2.0}, "datetime": {"datetime": "2024-01-19 01:47:04", "elapsed": 5676.608462, "delta": 0.00525}}
{"target": -13.758539999038039, "params": {"gamma": 617.290572440146, "log10_alpha": 1.0, "log10_colsample_bytree": -1.0, "log10_eta": -4.0, "log10_lambda": 1.0, "log10_min_child_weight": 0.0, "log10_subsample": -1.0, "max_depth": 2.0, "num_boost_round": 3.0}, "datetime": {"datetime": "2024-01-19 01:47:04", "elapsed": 5676.614208, "delta": 0.005746}}
{"target": -13.758539435214738, "params": {"gamma": 617.290572440146, "log10_alpha": 1.0, "log10_colsample_bytree": -1.0, "log10_eta": -4.0, "log10_lambda": 1.0, "log10_min_child_weight": 0.0, "log10_subsample": -1.0, "max_depth": 2.0, "num_boost_round": 4.0}, "datetime": {"datetime": "2024-01-19 01:47:04", "elapsed": 5676.619629, "delta": 0.005421}}
{"target": -13.75853935122711, "params": {"gamma": 617.290572440146, "log10_alpha": 1.0, "log10_colsample_bytree": -1.0, "log10_eta": -4.0, "log10_lambda": 1.0, "log10_min_child_weight": 0.0, "log10_subsample": -1.0, "max_depth": 2.0, "num_boost_round": 5.0}, "datetime": {"datetime": "2024-01-19 01:47:04", "elapsed": 5676.625144, "delta": 0.005515}}
{"target": -13.75853935777964, "params": {"gamma": 617.290572440146, "log10_alpha": 1.0, "log10_colsample_bytree": -1.0, "log10_eta": -4.0, "log10_lambda": 1.0, "log10_min_child_weight": 0.0, "log10_subsample": -1.0, "max_depth": 2.0, "num_boost_round": 6.0}, "datetime": {"datetime": "2024-01-19 01:47:04", "elapsed": 5676.630696, "delta": 0.005552}}
{"target": -13.758537692211027, "params": {"gamma": 617.290572440146, "log10_alpha": 1.0, "log10_colsample_bytree": -1.0, "log10_eta": -4.0, "log10_lambda": 1.0, "log10_min_child_weight": 0.0, "log10_subsample": -1.0, "max_depth": 2.0, "num_boost_round": 7.0}, "datetime": {"datetime": "2024-01-19 01:47:04", "elapsed": 5676.636313, "delta": 0.005617}}
