{"target": -17.67688214930354, "params": {"gamma": 596.7587326661701, "log10_alpha": -3.289968530869035, "log10_colsample_bytree": -0.1175199721467074, "log10_eta": -3.4717308355805843, "log10_lambda": 0.042059941317790894, "log10_min_child_weight": 0.3403624803876387, "log10_subsample": -0.8830959427720122, "max_depth": 7.0, "num_boost_round": 23.0}, "datetime": {"datetime": "2024-01-19 02:29:22", "elapsed": 8259.546454, "delta": 0.006773}}
{"target": -17.67722521028191, "params": {"gamma": 613.0865920371898, "log10_alpha": -0.21568283789505927, "log10_colsample_bytree": -0.09509698124085109, "log10_eta": -3.499953251555801, "log10_lambda": -4.1921572217681415, "log10_min_child_weight": 3.4144217206170073, "log10_subsample": -0.7818799913809268, "max_depth": 2.0, "num_boost_round": 0.0}, "datetime": {"datetime": "2024-01-19 02:30:44", "elapsed": 8342.235592, "delta": 82.689138}}
{"target": -17.67721841926695, "params": {"gamma": 613.0865920371898, "log10_alpha": -0.21568283789505927, "log10_colsample_bytree": -0.09509698124085109, "log10_eta": -3.499953251555801, "log10_lambda": -4.1921572217681415, "log10_min_child_weight": 3.4144217206170073, "log10_subsample": -0.7818799913809268, "max_depth": 2.0, "num_boost_round": 1.0}, "datetime": {"datetime": "2024-01-19 02:30:44", "elapsed": 8342.242502, "delta": 0.00691}}
{"target": -17.6772107592523, "params": {"gamma": 613.0865920371898, "log10_alpha": -0.21568283789505927, "log10_colsample_bytree": -0.09509698124085109, "log10_eta": -3.499953251555801, "log10_lambda": -4.1921572217681415, "log10_min_child_weight": 3.4144217206170073, "log10_subsample": -0.7818799913809268, "max_depth": 2.0, "num_boost_round": 2.0}, "datetime": {"datetime": "2024-01-19 02:30:44", "elapsed": 8342.249207, "delta": 0.006705}}
{"target": -17.67720622711565, "params": {"gamma": 613.0865920371898, "log10_alpha": -0.21568283789505927, "log10_colsample_bytree": -0.09509698124085109, "log10_eta": -3.499953251555801, "log10_lambda": -4.1921572217681415, "log10_min_child_weight": 3.4144217206170073, "log10_subsample": -0.7818799913809268, "max_depth": 2.0, "num_boost_round": 3.0}, "datetime": {"datetime": "2024-01-19 02:30:44", "elapsed": 8342.256025, "delta": 0.006818}}
{"target": -17.67720157600817, "params": {"gamma": 613.0865920371898, "log10_alpha": -0.21568283789505927, "log10_colsample_bytree": -0.09509698124085109, "log10_eta": -3.499953251555801, "log10_lambda": -4.1921572217681415, "log10_min_child_weight": 3.4144217206170073, "log10_subsample": -0.7818799913809268, "max_depth": 2.0, "num_boost_round": 4.0}, "datetime": {"datetime": "2024-01-19 02:30:44", "elapsed": 8342.262628, "delta": 0.006603}}
{"target": -17.677193978913404, "params": {"gamma": 613.0865920371898, "log10_alpha": -0.21568283789505927, "log10_colsample_bytree": -0.09509698124085109, "log10_eta": -3.499953251555801, "log10_lambda": -4.1921572217681415, "log10_min_child_weight": 3.4144217206170073, "log10_subsample": -0.7818799913809268, "max_depth": 2.0, "num_boost_round": 5.0}, "datetime": {"datetime": "2024-01-19 02:30:44", "elapsed": 8342.269281, "delta": 0.006653}}
{"target": -17.677189339570642, "params": {"gamma": 613.0865920371898, "log10_alpha": -0.21568283789505927, "log10_colsample_bytree": -0.09509698124085109, "log10_eta": -3.499953251555801, "log10_lambda": -4.1921572217681415, "log10_min_child_weight": 3.4144217206170073, "log10_subsample": -0.7818799913809268, "max_depth": 2.0, "num_boost_round": 6.0}, "datetime": {"datetime": "2024-01-19 02:30:44", "elapsed": 8342.275961, "delta": 0.00668}}
{"target": -17.677182001287527, "params": {"gamma": 613.0865920371898, "log10_alpha": -0.21568283789505927, "log10_colsample_bytree": -0.09509698124085109, "log10_eta": -3.499953251555801, "log10_lambda": -4.1921572217681415, "log10_min_child_weight": 3.4144217206170073, "log10_subsample": -0.7818799913809268, "max_depth": 2.0, "num_boost_round": 7.0}, "datetime": {"datetime": "2024-01-19 02:30:44", "elapsed": 8342.282963, "delta": 0.007002}}
{"target": -17.677175164355276, "params": {"gamma": 613.0865920371898, "log10_alpha": -0.21568283789505927, "log10_colsample_bytree": -0.09509698124085109, "log10_eta": -3.499953251555801, "log10_lambda": -4.1921572217681415, "log10_min_child_weight": 3.4144217206170073, "log10_subsample": -0.7818799913809268, "max_depth": 2.0, "num_boost_round": 8.0}, "datetime": {"datetime": "2024-01-19 02:30:44", "elapsed": 8342.290028, "delta": 0.007065}}
{"target": -17.67716780553543, "params": {"gamma": 613.0865920371898, "log10_alpha": -0.21568283789505927, "log10_colsample_bytree": -0.09509698124085109, "log10_eta": -3.499953251555801, "log10_lambda": -4.1921572217681415, "log10_min_child_weight": 3.4144217206170073, "log10_subsample": -0.7818799913809268, "max_depth": 2.0, "num_boost_round": 9.0}, "datetime": {"datetime": "2024-01-19 02:30:44", "elapsed": 8342.296682, "delta": 0.006654}}
{"target": -17.67716059660786, "params": {"gamma": 613.0865920371898, "log10_alpha": -0.21568283789505927, "log10_colsample_bytree": -0.09509698124085109, "log10_eta": -3.499953251555801, "log10_lambda": -4.1921572217681415, "log10_min_child_weight": 3.4144217206170073, "log10_subsample": -0.7818799913809268, "max_depth": 2.0, "num_boost_round": 10.0}, "datetime": {"datetime": "2024-01-19 02:30:44", "elapsed": 8342.303328, "delta": 0.006646}}
{"target": -17.67715300502592, "params": {"gamma": 613.0865920371898, "log10_alpha": -0.21568283789505927, "log10_colsample_bytree": -0.09509698124085109, "log10_eta": -3.499953251555801, "log10_lambda": -4.1921572217681415, "log10_min_child_weight": 3.4144217206170073, "log10_subsample": -0.7818799913809268, "max_depth": 2.0, "num_boost_round": 11.0}, "datetime": {"datetime": "2024-01-19 02:30:44", "elapsed": 8342.310109, "delta": 0.006781}}
{"target": -17.6771458710364, "params": {"gamma": 613.0865920371898, "log10_alpha": -0.21568283789505927, "log10_colsample_bytree": -0.09509698124085109, "log10_eta": -3.499953251555801, "log10_lambda": -4.1921572217681415, "log10_min_child_weight": 3.4144217206170073, "log10_subsample": -0.7818799913809268, "max_depth": 2.0, "num_boost_round": 12.0}, "datetime": {"datetime": "2024-01-19 02:30:44", "elapsed": 8342.316693, "delta": 0.006584}}
{"target": -17.677138909335785, "params": {"gamma": 613.0865920371898, "log10_alpha": -0.21568283789505927, "log10_colsample_bytree": -0.09509698124085109, "log10_eta": -3.499953251555801, "log10_lambda": -4.1921572217681415, "log10_min_child_weight": 3.4144217206170073, "log10_subsample": -0.7818799913809268, "max_depth": 2.0, "num_boost_round": 13.0}, "datetime": {"datetime": "2024-01-19 02:30:44", "elapsed": 8342.323306, "delta": 0.006613}}
{"target": -17.677131842613182, "params": {"gamma": 613.0865920371898, "log10_alpha": -0.21568283789505927, "log10_colsample_bytree": -0.09509698124085109, "log10_eta": -3.499953251555801, "log10_lambda": -4.1921572217681415, "log10_min_child_weight": 3.4144217206170073, "log10_subsample": -0.7818799913809268, "max_depth": 2.0, "num_boost_round": 14.0}, "datetime": {"datetime": "2024-01-19 02:30:44", "elapsed": 8342.330074, "delta": 0.006768}}
{"target": -17.677126114003404, "params": {"gamma": 613.0865920371898, "log10_alpha": -0.21568283789505927, "log10_colsample_bytree": -0.09509698124085109, "log10_eta": -3.499953251555801, "log10_lambda": -4.1921572217681415, "log10_min_child_weight": 3.4144217206170073, "log10_subsample": -0.7818799913809268, "max_depth": 2.0, "num_boost_round": 15.0}, "datetime": {"datetime": "2024-01-19 02:30:44", "elapsed": 8342.336848, "delta": 0.006774}}
{"target": -17.677120267024122, "params": {"gamma": 613.0865920371898, "log10_alpha": -0.21568283789505927, "log10_colsample_bytree": -0.09509698124085109, "log10_eta": -3.499953251555801, "log10_lambda": -4.1921572217681415, "log10_min_child_weight": 3.4144217206170073, "log10_subsample": -0.7818799913809268, "max_depth": 2.0, "num_boost_round": 16.0}, "datetime": {"datetime": "2024-01-19 02:30:45", "elapsed": 8342.344344, "delta": 0.007496}}
{"target": -17.677119229933364, "params": {"gamma": 613.0865920371898, "log10_alpha": -0.21568283789505927, "log10_colsample_bytree": -0.09509698124085109, "log10_eta": -3.499953251555801, "log10_lambda": -4.1921572217681415, "log10_min_child_weight": 3.4144217206170073, "log10_subsample": -0.7818799913809268, "max_depth": 2.0, "num_boost_round": 17.0}, "datetime": {"datetime": "2024-01-19 02:30:45", "elapsed": 8342.465833, "delta": 0.121489}}
{"target": -17.677112376260336, "params": {"gamma": 613.0865920371898, "log10_alpha": -0.21568283789505927, "log10_colsample_bytree": -0.09509698124085109, "log10_eta": -3.499953251555801, "log10_lambda": -4.1921572217681415, "log10_min_child_weight": 3.4144217206170073, "log10_subsample": -0.7818799913809268, "max_depth": 2.0, "num_boost_round": 18.0}, "datetime": {"datetime": "2024-01-19 02:30:45", "elapsed": 8342.47382, "delta": 0.007987}}
{"target": -17.67710809909608, "params": {"gamma": 613.0865920371898, "log10_alpha": -0.21568283789505927, "log10_colsample_bytree": -0.09509698124085109, "log10_eta": -3.499953251555801, "log10_lambda": -4.1921572217681415, "log10_min_child_weight": 3.4144217206170073, "log10_subsample": -0.7818799913809268, "max_depth": 2.0, "num_boost_round": 19.0}, "datetime": {"datetime": "2024-01-19 02:30:45", "elapsed": 8342.480707, "delta": 0.006887}}
{"target": -17.67709977250297, "params": {"gamma": 613.0865920371898, "log10_alpha": -0.21568283789505927, "log10_colsample_bytree": -0.09509698124085109, "log10_eta": -3.499953251555801, "log10_lambda": -4.1921572217681415, "log10_min_child_weight": 3.4144217206170073, "log10_subsample": -0.7818799913809268, "max_depth": 2.0, "num_boost_round": 20.0}, "datetime": {"datetime": "2024-01-19 02:30:45", "elapsed": 8342.487568, "delta": 0.006861}}
{"target": -17.677092942548672, "params": {"gamma": 613.0865920371898, "log10_alpha": -0.21568283789505927, "log10_colsample_bytree": -0.09509698124085109, "log10_eta": -3.499953251555801, "log10_lambda": -4.1921572217681415, "log10_min_child_weight": 3.4144217206170073, "log10_subsample": -0.7818799913809268, "max_depth": 2.0, "num_boost_round": 21.0}, "datetime": {"datetime": "2024-01-19 02:30:45", "elapsed": 8342.494368, "delta": 0.0068}}
{"target": -17.67708519625863, "params": {"gamma": 613.0865920371898, "log10_alpha": -0.21568283789505927, "log10_colsample_bytree": -0.09509698124085109, "log10_eta": -3.499953251555801, "log10_lambda": -4.1921572217681415, "log10_min_child_weight": 3.4144217206170073, "log10_subsample": -0.7818799913809268, "max_depth": 2.0, "num_boost_round": 22.0}, "datetime": {"datetime": "2024-01-19 02:30:45", "elapsed": 8342.50116, "delta": 0.006792}}
{"target": -17.677077468308564, "params": {"gamma": 613.0865920371898, "log10_alpha": -0.21568283789505927, "log10_colsample_bytree": -0.09509698124085109, "log10_eta": -3.499953251555801, "log10_lambda": -4.1921572217681415, "log10_min_child_weight": 3.4144217206170073, "log10_subsample": -0.7818799913809268, "max_depth": 2.0, "num_boost_round": 23.0}, "datetime": {"datetime": "2024-01-19 02:30:45", "elapsed": 8342.507946, "delta": 0.006786}}
{"target": -17.677070724196636, "params": {"gamma": 613.0865920371898, "log10_alpha": -0.21568283789505927, "log10_colsample_bytree": -0.09509698124085109, "log10_eta": -3.499953251555801, "log10_lambda": -4.1921572217681415, "log10_min_child_weight": 3.4144217206170073, "log10_subsample": -0.7818799913809268, "max_depth": 2.0, "num_boost_round": 24.0}, "datetime": {"datetime": "2024-01-19 02:30:45", "elapsed": 8342.514789, "delta": 0.006843}}
{"target": -17.677063576379645, "params": {"gamma": 613.0865920371898, "log10_alpha": -0.21568283789505927, "log10_colsample_bytree": -0.09509698124085109, "log10_eta": -3.499953251555801, "log10_lambda": -4.1921572217681415, "log10_min_child_weight": 3.4144217206170073, "log10_subsample": -0.7818799913809268, "max_depth": 2.0, "num_boost_round": 25.0}, "datetime": {"datetime": "2024-01-19 02:30:45", "elapsed": 8342.522213, "delta": 0.007424}}
{"target": -17.6770573982587, "params": {"gamma": 613.0865920371898, "log10_alpha": -0.21568283789505927, "log10_colsample_bytree": -0.09509698124085109, "log10_eta": -3.499953251555801, "log10_lambda": -4.1921572217681415, "log10_min_child_weight": 3.4144217206170073, "log10_subsample": -0.7818799913809268, "max_depth": 2.0, "num_boost_round": 26.0}, "datetime": {"datetime": "2024-01-19 02:30:45", "elapsed": 8342.529148, "delta": 0.006935}}
{"target": -17.67706239986421, "params": {"gamma": 613.0865920371898, "log10_alpha": -0.21568283789505927, "log10_colsample_bytree": -0.09509698124085109, "log10_eta": -3.499953251555801, "log10_lambda": -4.1921572217681415, "log10_min_child_weight": 3.4144217206170073, "log10_subsample": -0.7818799913809268, "max_depth": 2.0, "num_boost_round": 27.0}, "datetime": {"datetime": "2024-01-19 02:30:45", "elapsed": 8342.535961, "delta": 0.006813}}
{"target": -17.67705869299388, "params": {"gamma": 613.0865920371898, "log10_alpha": -0.21568283789505927, "log10_colsample_bytree": -0.09509698124085109, "log10_eta": -3.499953251555801, "log10_lambda": -4.1921572217681415, "log10_min_child_weight": 3.4144217206170073, "log10_subsample": -0.7818799913809268, "max_depth": 2.0, "num_boost_round": 28.0}, "datetime": {"datetime": "2024-01-19 02:30:45", "elapsed": 8342.542796, "delta": 0.006835}}
{"target": -17.677051901541162, "params": {"gamma": 613.0865920371898, "log10_alpha": -0.21568283789505927, "log10_colsample_bytree": -0.09509698124085109, "log10_eta": -3.499953251555801, "log10_lambda": -4.1921572217681415, "log10_min_child_weight": 3.4144217206170073, "log10_subsample": -0.7818799913809268, "max_depth": 2.0, "num_boost_round": 29.0}, "datetime": {"datetime": "2024-01-19 02:30:45", "elapsed": 8342.549673, "delta": 0.006877}}
{"target": -17.677045520377817, "params": {"gamma": 613.0865920371898, "log10_alpha": -0.21568283789505927, "log10_colsample_bytree": -0.09509698124085109, "log10_eta": -3.499953251555801, "log10_lambda": -4.1921572217681415, "log10_min_child_weight": 3.4144217206170073, "log10_subsample": -0.7818799913809268, "max_depth": 2.0, "num_boost_round": 30.0}, "datetime": {"datetime": "2024-01-19 02:30:45", "elapsed": 8342.556455, "delta": 0.006782}}
{"target": -17.67703864972301, "params": {"gamma": 613.0865920371898, "log10_alpha": -0.21568283789505927, "log10_colsample_bytree": -0.09509698124085109, "log10_eta": -3.499953251555801, "log10_lambda": -4.1921572217681415, "log10_min_child_weight": 3.4144217206170073, "log10_subsample": -0.7818799913809268, "max_depth": 2.0, "num_boost_round": 31.0}, "datetime": {"datetime": "2024-01-19 02:30:45", "elapsed": 8342.563401, "delta": 0.006946}}
{"target": -17.677031448003813, "params": {"gamma": 613.0865920371898, "log10_alpha": -0.21568283789505927, "log10_colsample_bytree": -0.09509698124085109, "log10_eta": -3.499953251555801, "log10_lambda": -4.1921572217681415, "log10_min_child_weight": 3.4144217206170073, "log10_subsample": -0.7818799913809268, "max_depth": 2.0, "num_boost_round": 32.0}, "datetime": {"datetime": "2024-01-19 02:30:45", "elapsed": 8342.570689, "delta": 0.007288}}
{"target": -17.677024157193223, "params": {"gamma": 613.0865920371898, "log10_alpha": -0.21568283789505927, "log10_colsample_bytree": -0.09509698124085109, "log10_eta": -3.499953251555801, "log10_lambda": -4.1921572217681415, "log10_min_child_weight": 3.4144217206170073, "log10_subsample": -0.7818799913809268, "max_depth": 2.0, "num_boost_round": 33.0}, "datetime": {"datetime": "2024-01-19 02:30:45", "elapsed": 8342.577596, "delta": 0.006907}}
{"target": -17.677016610237967, "params": {"gamma": 613.0865920371898, "log10_alpha": -0.21568283789505927, "log10_colsample_bytree": -0.09509698124085109, "log10_eta": -3.499953251555801, "log10_lambda": -4.1921572217681415, "log10_min_child_weight": 3.4144217206170073, "log10_subsample": -0.7818799913809268, "max_depth": 2.0, "num_boost_round": 34.0}, "datetime": {"datetime": "2024-01-19 02:30:45", "elapsed": 8342.585266, "delta": 0.00767}}
{"target": -17.677016325248996, "params": {"gamma": 613.0865920371898, "log10_alpha": -0.21568283789505927, "log10_colsample_bytree": -0.09509698124085109, "log10_eta": -3.499953251555801, "log10_lambda": -4.1921572217681415, "log10_min_child_weight": 3.4144217206170073, "log10_subsample": -0.7818799913809268, "max_depth": 2.0, "num_boost_round": 35.0}, "datetime": {"datetime": "2024-01-19 02:30:45", "elapsed": 8342.592055, "delta": 0.006789}}
{"target": -17.677011949291504, "params": {"gamma": 613.0865920371898, "log10_alpha": -0.21568283789505927, "log10_colsample_bytree": -0.09509698124085109, "log10_eta": -3.499953251555801, "log10_lambda": -4.1921572217681415, "log10_min_child_weight": 3.4144217206170073, "log10_subsample": -0.7818799913809268, "max_depth": 2.0, "num_boost_round": 36.0}, "datetime": {"datetime": "2024-01-19 02:30:45", "elapsed": 8342.598781, "delta": 0.006726}}
{"target": -17.677004875562968, "params": {"gamma": 613.0865920371898, "log10_alpha": -0.21568283789505927, "log10_colsample_bytree": -0.09509698124085109, "log10_eta": -3.499953251555801, "log10_lambda": -4.1921572217681415, "log10_min_child_weight": 3.4144217206170073, "log10_subsample": -0.7818799913809268, "max_depth": 2.0, "num_boost_round": 37.0}, "datetime": {"datetime": "2024-01-19 02:30:45", "elapsed": 8342.696944, "delta": 0.098163}}
{"target": -17.676998633641535, "params": {"gamma": 613.0865920371898, "log10_alpha": -0.21568283789505927, "log10_colsample_bytree": -0.09509698124085109, "log10_eta": -3.499953251555801, "log10_lambda": -4.1921572217681415, "log10_min_child_weight": 3.4144217206170073, "log10_subsample": -0.7818799913809268, "max_depth": 2.0, "num_boost_round": 38.0}, "datetime": {"datetime": "2024-01-19 02:30:45", "elapsed": 8342.704908, "delta": 0.007964}}
