{"target": -17.677200767686752, "params": {"gamma": 2.886290638446254, "log10_alpha": -1.4878056586199104, "log10_colsample_bytree": -0.7522180931128519, "log10_eta": -3.8919464784549618, "log10_lambda": -3.207938896768764, "log10_min_child_weight": 3.255396440866884, "log10_subsample": -0.4533352381357568, "max_depth": 2.0, "num_boost_round": 12.0}, "datetime": {"datetime": "2024-01-19 00:35:24", "elapsed": 1478.508249, "delta": 0.00172}}
{"target": -17.677197072006543, "params": {"gamma": 2.886290638446254, "log10_alpha": -1.4878056586199104, "log10_colsample_bytree": -0.7522180931128519, "log10_eta": -3.8919464784549618, "log10_lambda": -3.207938896768764, "log10_min_child_weight": 3.255396440866884, "log10_subsample": -0.4533352381357568, "max_depth": 2.0, "num_boost_round": 13.0}, "datetime": {"datetime": "2024-01-19 00:35:24", "elapsed": 1478.50995, "delta": 0.001701}}
{"target": -17.677195993490283, "params": {"gamma": 2.886290638446254, "log10_alpha": -1.4878056586199104, "log10_colsample_bytree": -0.7522180931128519, "log10_eta": -3.8919464784549618, "log10_lambda": -3.207938896768764, "log10_min_child_weight": 3.255396440866884, "log10_subsample": -0.4533352381357568, "max_depth": 2.0, "num_boost_round": 14.0}, "datetime": {"datetime": "2024-01-19 00:35:24", "elapsed": 1478.511697, "delta": 0.001747}}
{"target": -17.677193921642807, "params": {"gamma": 2.886290638446254, "log10_alpha": -1.4878056586199104, "log10_colsample_bytree": -0.7522180931128519, "log10_eta": -3.8919464784549618, "log10_lambda": -3.207938896768764, "log10_min_child_weight": 3.255396440866884, "log10_subsample": -0.4533352381357568, "max_depth": 2.0, "num_boost_round": 15.0}, "datetime": {"datetime": "2024-01-19 00:35:24", "elapsed": 1478.513412, "delta": 0.001715}}
{"target": -17.677194140217363, "params": {"gamma": 2.886290638446254, "log10_alpha": -1.4878056586199104, "log10_colsample_bytree": -0.7522180931128519, "log10_eta": -3.8919464784549618, "log10_lambda": -3.207938896768764, "log10_min_child_weight": 3.255396440866884, "log10_subsample": -0.4533352381357568, "max_depth": 2.0, "num_boost_round": 16.0}, "datetime": {"datetime": "2024-01-19 00:35:24", "elapsed": 1478.515145, "delta": 0.001733}}
{"target": -17.677192224167865, "params": {"gamma": 2.886290638446254, "log10_alpha": -1.4878056586199104, "log10_colsample_bytree": -0.7522180931128519, "log10_eta": -3.8919464784549618, "log10_lambda": -3.207938896768764, "log10_min_child_weight": 3.255396440866884, "log10_subsample": -0.4533352381357568, "max_depth": 2.0, "num_boost_round": 17.0}, "datetime": {"datetime": "2024-01-19 00:35:24", "elapsed": 1478.517647, "delta": 0.002502}}
{"target": -17.677190372599238, "params": {"gamma": 2.886290638446254, "log10_alpha": -1.4878056586199104, "log10_colsample_bytree": -0.7522180931128519, "log10_eta": -3.8919464784549618, "log10_lambda": -3.207938896768764, "log10_min_child_weight": 3.255396440866884, "log10_subsample": -0.4533352381357568, "max_depth": 2.0, "num_boost_round": 18.0}, "datetime": {"datetime": "2024-01-19 00:35:24", "elapsed": 1478.520308, "delta": 0.002661}}
{"target": -17.677187928251726, "params": {"gamma": 2.886290638446254, "log10_alpha": -1.4878056586199104, "log10_colsample_bytree": -0.7522180931128519, "log10_eta": -3.8919464784549618, "log10_lambda": -3.207938896768764, "log10_min_child_weight": 3.255396440866884, "log10_subsample": -0.4533352381357568, "max_depth": 2.0, "num_boost_round": 19.0}, "datetime": {"datetime": "2024-01-19 00:35:24", "elapsed": 1478.522214, "delta": 0.001906}}
{"target": -17.677184523115983, "params": {"gamma": 2.886290638446254, "log10_alpha": -1.4878056586199104, "log10_colsample_bytree": -0.7522180931128519, "log10_eta": -3.8919464784549618, "log10_lambda": -3.207938896768764, "log10_min_child_weight": 3.255396440866884, "log10_subsample": -0.4533352381357568, "max_depth": 2.0, "num_boost_round": 20.0}, "datetime": {"datetime": "2024-01-19 00:35:24", "elapsed": 1478.52408, "delta": 0.001866}}
{"target": -17.67717961245474, "params": {"gamma": 2.886290638446254, "log10_alpha": -1.4878056586199104, "log10_colsample_bytree": -0.7522180931128519, "log10_eta": -3.8919464784549618, "log10_lambda": -3.207938896768764, "log10_min_child_weight": 3.255396440866884, "log10_subsample": -0.4533352381357568, "max_depth": 2.0, "num_boost_round": 21.0}, "datetime": {"datetime": "2024-01-19 00:35:24", "elapsed": 1478.525829, "delta": 0.001749}}
{"target": -17.67717667827527, "params": {"gamma": 2.886290638446254, "log10_alpha": -1.4878056586199104, "log10_colsample_bytree": -0.7522180931128519, "log10_eta": -3.8919464784549618, "log10_lambda": -3.207938896768764, "log10_min_child_weight": 3.255396440866884, "log10_subsample": -0.4533352381357568, "max_depth": 2.0, "num_boost_round": 22.0}, "datetime": {"datetime": "2024-01-19 00:35:24", "elapsed": 1478.527552, "delta": 0.001723}}
{"target": -17.677173161281424, "params": {"gamma": 2.886290638446254, "log10_alpha": -1.4878056586199104, "log10_colsample_bytree": -0.7522180931128519, "log10_eta": -3.8919464784549618, "log10_lambda": -3.207938896768764, "log10_min_child_weight": 3.255396440866884, "log10_subsample": -0.4533352381357568, "max_depth": 2.0, "num_boost_round": 23.0}, "datetime": {"datetime": "2024-01-19 00:35:24", "elapsed": 1478.529298, "delta": 0.001746}}
{"target": -17.67717078319011, "params": {"gamma": 2.886290638446254, "log10_alpha": -1.4878056586199104, "log10_colsample_bytree": -0.7522180931128519, "log10_eta": -3.8919464784549618, "log10_lambda": -3.207938896768764, "log10_min_child_weight": 3.255396440866884, "log10_subsample": -0.4533352381357568, "max_depth": 2.0, "num_boost_round": 24.0}, "datetime": {"datetime": "2024-01-19 00:35:24", "elapsed": 1478.531052, "delta": 0.001754}}
{"target": -17.677165181379856, "params": {"gamma": 2.886290638446254, "log10_alpha": -1.4878056586199104, "log10_colsample_bytree": -0.7522180931128519, "log10_eta": -3.8919464784549618, "log10_lambda": -3.207938896768764, "log10_min_child_weight": 3.255396440866884, "log10_subsample": -0.4533352381357568, "max_depth": 2.0, "num_boost_round": 25.0}, "datetime": {"datetime": "2024-01-19 00:35:24", "elapsed": 1478.532793, "delta": 0.001741}}
{"target": -17.677163211409976, "params": {"gamma": 2.886290638446254, "log10_alpha": -1.4878056586199104, "log10_colsample_bytree": -0.7522180931128519, "log10_eta": -3.8919464784549618, "log10_lambda": -3.207938896768764, "log10_min_child_weight": 3.255396440866884, "log10_subsample": -0.4533352381357568, "max_depth": 2.0, "num_boost_round": 26.0}, "datetime": {"datetime": "2024-01-19 00:35:24", "elapsed": 1478.534575, "delta": 0.001782}}
{"target": -17.677160244682277, "params": {"gamma": 2.886290638446254, "log10_alpha": -1.4878056586199104, "log10_colsample_bytree": -0.7522180931128519, "log10_eta": -3.8919464784549618, "log10_lambda": -3.207938896768764, "log10_min_child_weight": 3.255396440866884, "log10_subsample": -0.4533352381357568, "max_depth": 2.0, "num_boost_round": 27.0}, "datetime": {"datetime": "2024-01-19 00:35:24", "elapsed": 1478.536339, "delta": 0.001764}}
{"target": -17.677155941195334, "params": {"gamma": 2.886290638446254, "log10_alpha": -1.4878056586199104, "log10_colsample_bytree": -0.7522180931128519, "log10_eta": -3.8919464784549618, "log10_lambda": -3.207938896768764, "log10_min_child_weight": 3.255396440866884, "log10_subsample": -0.4533352381357568, "max_depth": 2.0, "num_boost_round": 28.0}, "datetime": {"datetime": "2024-01-19 00:35:24", "elapsed": 1478.538095, "delta": 0.001756}}
{"target": -17.677150172128698, "params": {"gamma": 2.886290638446254, "log10_alpha": -1.4878056586199104, "log10_colsample_bytree": -0.7522180931128519, "log10_eta": -3.8919464784549618, "log10_lambda": -3.207938896768764, "log10_min_child_weight": 3.255396440866884, "log10_subsample": -0.4533352381357568, "max_depth": 2.0, "num_boost_round": 29.0}, "datetime": {"datetime": "2024-01-19 00:35:24", "elapsed": 1478.539851, "delta": 0.001756}}
{"target": -17.677146650830593, "params": {"gamma": 2.886290638446254, "log10_alpha": -1.4878056586199104, "log10_colsample_bytree": -0.7522180931128519, "log10_eta": -3.8919464784549618, "log10_lambda": -3.207938896768764, "log10_min_child_weight": 3.255396440866884, "log10_subsample": -0.4533352381357568, "max_depth": 2.0, "num_boost_round": 30.0}, "datetime": {"datetime": "2024-01-19 00:35:24", "elapsed": 1478.541631, "delta": 0.00178}}
{"target": -17.677205072144766, "params": {"gamma": 34.04512680844807, "log10_alpha": -0.5490963125456165, "log10_colsample_bytree": -0.06789701802120551, "log10_eta": -3.4372232038378336, "log10_lambda": -0.539146106067391, "log10_min_child_weight": 0.36642235570184645, "log10_subsample": -0.26003476662283476, "max_depth": 9.0, "num_boost_round": 0.0}, "datetime": {"datetime": "2024-01-19 00:36:07", "elapsed": 1521.325562, "delta": 42.783931}}
{"target": -17.67719034724878, "params": {"gamma": 34.04512680844807, "log10_alpha": -0.5490963125456165, "log10_colsample_bytree": -0.06789701802120551, "log10_eta": -3.4372232038378336, "log10_lambda": -0.539146106067391, "log10_min_child_weight": 0.36642235570184645, "log10_subsample": -0.26003476662283476, "max_depth": 9.0, "num_boost_round": 1.0}, "datetime": {"datetime": "2024-01-19 00:36:07", "elapsed": 1521.328169, "delta": 0.002607}}
{"target": -17.677178828567435, "params": {"gamma": 34.04512680844807, "log10_alpha": -0.5490963125456165, "log10_colsample_bytree": -0.06789701802120551, "log10_eta": -3.4372232038378336, "log10_lambda": -0.539146106067391, "log10_min_child_weight": 0.36642235570184645, "log10_subsample": -0.26003476662283476, "max_depth": 9.0, "num_boost_round": 2.0}, "datetime": {"datetime": "2024-01-19 00:36:07", "elapsed": 1521.330083, "delta": 0.001914}}
{"target": -17.67718150662169, "params": {"gamma": 34.04512680844807, "log10_alpha": -0.5490963125456165, "log10_colsample_bytree": -0.06789701802120551, "log10_eta": -3.4372232038378336, "log10_lambda": -0.539146106067391, "log10_min_child_weight": 0.36642235570184645, "log10_subsample": -0.26003476662283476, "max_depth": 9.0, "num_boost_round": 3.0}, "datetime": {"datetime": "2024-01-19 00:36:07", "elapsed": 1521.331894, "delta": 0.001811}}
{"target": -17.677144491531696, "params": {"gamma": 34.04512680844807, "log10_alpha": -0.5490963125456165, "log10_colsample_bytree": -0.06789701802120551, "log10_eta": -3.4372232038378336, "log10_lambda": -0.539146106067391, "log10_min_child_weight": 0.36642235570184645, "log10_subsample": -0.26003476662283476, "max_depth": 9.0, "num_boost_round": 4.0}, "datetime": {"datetime": "2024-01-19 00:36:07", "elapsed": 1521.333718, "delta": 0.001824}}
{"target": -17.67712218477218, "params": {"gamma": 34.04512680844807, "log10_alpha": -0.5490963125456165, "log10_colsample_bytree": -0.06789701802120551, "log10_eta": -3.4372232038378336, "log10_lambda": -0.539146106067391, "log10_min_child_weight": 0.36642235570184645, "log10_subsample": -0.26003476662283476, "max_depth": 9.0, "num_boost_round": 5.0}, "datetime": {"datetime": "2024-01-19 00:36:07", "elapsed": 1521.335459, "delta": 0.001741}}
{"target": -17.67712937829594, "params": {"gamma": 34.04512680844807, "log10_alpha": -0.5490963125456165, "log10_colsample_bytree": -0.06789701802120551, "log10_eta": -3.4372232038378336, "log10_lambda": -0.539146106067391, "log10_min_child_weight": 0.36642235570184645, "log10_subsample": -0.26003476662283476, "max_depth": 9.0, "num_boost_round": 6.0}, "datetime": {"datetime": "2024-01-19 00:36:07", "elapsed": 1521.337273, "delta": 0.001814}}
{"target": -17.677115212651923, "params": {"gamma": 34.04512680844807, "log10_alpha": -0.5490963125456165, "log10_colsample_bytree": -0.06789701802120551, "log10_eta": -3.4372232038378336, "log10_lambda": -0.539146106067391, "log10_min_child_weight": 0.36642235570184645, "log10_subsample": -0.26003476662283476, "max_depth": 9.0, "num_boost_round": 7.0}, "datetime": {"datetime": "2024-01-19 00:36:07", "elapsed": 1521.339037, "delta": 0.001764}}
{"target": -17.677094857936726, "params": {"gamma": 34.04512680844807, "log10_alpha": -0.5490963125456165, "log10_colsample_bytree": -0.06789701802120551, "log10_eta": -3.4372232038378336, "log10_lambda": -0.539146106067391, "log10_min_child_weight": 0.36642235570184645, "log10_subsample": -0.26003476662283476, "max_depth": 9.0, "num_boost_round": 8.0}, "datetime": {"datetime": "2024-01-19 00:36:07", "elapsed": 1521.340651, "delta": 0.001614}}
{"target": -17.67704461420638, "params": {"gamma": 34.04512680844807, "log10_alpha": -0.5490963125456165, "log10_colsample_bytree": -0.06789701802120551, "log10_eta": -3.4372232038378336, "log10_lambda": -0.539146106067391, "log10_min_child_weight": 0.36642235570184645, "log10_subsample": -0.26003476662283476, "max_depth": 9.0, "num_boost_round": 9.0}, "datetime": {"datetime": "2024-01-19 00:36:07", "elapsed": 1521.342365, "delta": 0.001714}}
{"target": -17.67704392531787, "params": {"gamma": 34.04512680844807, "log10_alpha": -0.5490963125456165, "log10_colsample_bytree": -0.06789701802120551, "log10_eta": -3.4372232038378336, "log10_lambda": -0.539146106067391, "log10_min_child_weight": 0.36642235570184645, "log10_subsample": -0.26003476662283476, "max_depth": 9.0, "num_boost_round": 10.0}, "datetime": {"datetime": "2024-01-19 00:36:07", "elapsed": 1521.344074, "delta": 0.001709}}
{"target": -17.677029017612, "params": {"gamma": 34.04512680844807, "log10_alpha": -0.5490963125456165, "log10_colsample_bytree": -0.06789701802120551, "log10_eta": -3.4372232038378336, "log10_lambda": -0.539146106067391, "log10_min_child_weight": 0.36642235570184645, "log10_subsample": -0.26003476662283476, "max_depth": 9.0, "num_boost_round": 11.0}, "datetime": {"datetime": "2024-01-19 00:36:07", "elapsed": 1521.345791, "delta": 0.001717}}
{"target": -17.677004403061986, "params": {"gamma": 34.04512680844807, "log10_alpha": -0.5490963125456165, "log10_colsample_bytree": -0.06789701802120551, "log10_eta": -3.4372232038378336, "log10_lambda": -0.539146106067391, "log10_min_child_weight": 0.36642235570184645, "log10_subsample": -0.26003476662283476, "max_depth": 9.0, "num_boost_round": 12.0}, "datetime": {"datetime": "2024-01-19 00:36:07", "elapsed": 1521.347595, "delta": 0.001804}}
{"target": -17.677019059863, "params": {"gamma": 34.04512680844807, "log10_alpha": -0.5490963125456165, "log10_colsample_bytree": -0.06789701802120551, "log10_eta": -3.4372232038378336, "log10_lambda": -0.539146106067391, "log10_min_child_weight": 0.36642235570184645, "log10_subsample": -0.26003476662283476, "max_depth": 9.0, "num_boost_round": 13.0}, "datetime": {"datetime": "2024-01-19 00:36:07", "elapsed": 1521.349242, "delta": 0.001647}}
{"target": -17.6769936262233, "params": {"gamma": 34.04512680844807, "log10_alpha": -0.5490963125456165, "log10_colsample_bytree": -0.06789701802120551, "log10_eta": -3.4372232038378336, "log10_lambda": -0.539146106067391, "log10_min_child_weight": 0.36642235570184645, "log10_subsample": -0.26003476662283476, "max_depth": 9.0, "num_boost_round": 14.0}, "datetime": {"datetime": "2024-01-19 00:36:07", "elapsed": 1521.350872, "delta": 0.00163}}
{"target": -17.676960457368555, "params": {"gamma": 34.04512680844807, "log10_alpha": -0.5490963125456165, "log10_colsample_bytree": -0.06789701802120551, "log10_eta": -3.4372232038378336, "log10_lambda": -0.539146106067391, "log10_min_child_weight": 0.36642235570184645, "log10_subsample": -0.26003476662283476, "max_depth": 9.0, "num_boost_round": 15.0}, "datetime": {"datetime": "2024-01-19 00:36:07", "elapsed": 1521.352583, "delta": 0.001711}}
{"target": -17.676948167878873, "params": {"gamma": 34.04512680844807, "log10_alpha": -0.5490963125456165, "log10_colsample_bytree": -0.06789701802120551, "log10_eta": -3.4372232038378336, "log10_lambda": -0.539146106067391, "log10_min_child_weight": 0.36642235570184645, "log10_subsample": -0.26003476662283476, "max_depth": 9.0, "num_boost_round": 16.0}, "datetime": {"datetime": "2024-01-19 00:36:07", "elapsed": 1521.354302, "delta": 0.001719}}
{"target": -17.67711286229248, "params": {"gamma": 36.70359246858934, "log10_alpha": 0.43648858364953025, "log10_colsample_bytree": -0.6424403750426066, "log10_eta": -1.5089623836765105, "log10_lambda": -1.4169333581725896, "log10_min_child_weight": 4.864166939862345, "log10_subsample": -0.69906816879519, "max_depth": 4.0, "num_boost_round": 0.0}, "datetime": {"datetime": "2024-01-19 00:36:34", "elapsed": 1547.947087, "delta": 26.592785}}
{"target": -17.676855409025745, "params": {"gamma": 36.70359246858934, "log10_alpha": 0.43648858364953025, "log10_colsample_bytree": -0.6424403750426066, "log10_eta": -1.5089623836765105, "log10_lambda": -1.4169333581725896, "log10_min_child_weight": 4.864166939862345, "log10_subsample": -0.69906816879519, "max_depth": 4.0, "num_boost_round": 1.0}, "datetime": {"datetime": "2024-01-19 00:36:34", "elapsed": 1547.949543, "delta": 0.002456}}
{"target": -17.676938888804738, "params": {"gamma": 36.70359246858934, "log10_alpha": 0.43648858364953025, "log10_colsample_bytree": -0.6424403750426066, "log10_eta": -1.5089623836765105, "log10_lambda": -1.4169333581725896, "log10_min_child_weight": 4.864166939862345, "log10_subsample": -0.69906816879519, "max_depth": 4.0, "num_boost_round": 2.0}, "datetime": {"datetime": "2024-01-19 00:36:34", "elapsed": 1547.951588, "delta": 0.002045}}
{"target": -17.676692239715813, "params": {"gamma": 36.70359246858934, "log10_alpha": 0.43648858364953025, "log10_colsample_bytree": -0.6424403750426066, "log10_eta": -1.5089623836765105, "log10_lambda": -1.4169333581725896, "log10_min_child_weight": 4.864166939862345, "log10_subsample": -0.69906816879519, "max_depth": 4.0, "num_boost_round": 3.0}, "datetime": {"datetime": "2024-01-19 00:36:34", "elapsed": 1547.953634, "delta": 0.002046}}
{"target": -17.67675767858419, "params": {"gamma": 36.70359246858934, "log10_alpha": 0.43648858364953025, "log10_colsample_bytree": -0.6424403750426066, "log10_eta": -1.5089623836765105, "log10_lambda": -1.4169333581725896, "log10_min_child_weight": 4.864166939862345, "log10_subsample": -0.69906816879519, "max_depth": 4.0, "num_boost_round": 4.0}, "datetime": {"datetime": "2024-01-19 00:36:34", "elapsed": 1547.95544, "delta": 0.001806}}
{"target": -17.676824405018394, "params": {"gamma": 36.70359246858934, "log10_alpha": 0.43648858364953025, "log10_colsample_bytree": -0.6424403750426066, "log10_eta": -1.5089623836765105, "log10_lambda": -1.4169333581725896, "log10_min_child_weight": 4.864166939862345, "log10_subsample": -0.69906816879519, "max_depth": 4.0, "num_boost_round": 5.0}, "datetime": {"datetime": "2024-01-19 00:36:34", "elapsed": 1547.957267, "delta": 0.001827}}
{"target": -17.67673805253893, "params": {"gamma": 36.70359246858934, "log10_alpha": 0.43648858364953025, "log10_colsample_bytree": -0.6424403750426066, "log10_eta": -1.5089623836765105, "log10_lambda": -1.4169333581725896, "log10_min_child_weight": 4.864166939862345, "log10_subsample": -0.69906816879519, "max_depth": 4.0, "num_boost_round": 6.0}, "datetime": {"datetime": "2024-01-19 00:36:34", "elapsed": 1547.959055, "delta": 0.001788}}
{"target": -17.67680814673779, "params": {"gamma": 36.70359246858934, "log10_alpha": 0.43648858364953025, "log10_colsample_bytree": -0.6424403750426066, "log10_eta": -1.5089623836765105, "log10_lambda": -1.4169333581725896, "log10_min_child_weight": 4.864166939862345, "log10_subsample": -0.69906816879519, "max_depth": 4.0, "num_boost_round": 7.0}, "datetime": {"datetime": "2024-01-19 00:36:34", "elapsed": 1547.960812, "delta": 0.001757}}
{"target": -17.676807237440798, "params": {"gamma": 36.70359246858934, "log10_alpha": 0.43648858364953025, "log10_colsample_bytree": -0.6424403750426066, "log10_eta": -1.5089623836765105, "log10_lambda": -1.4169333581725896, "log10_min_child_weight": 4.864166939862345, "log10_subsample": -0.69906816879519, "max_depth": 4.0, "num_boost_round": 8.0}, "datetime": {"datetime": "2024-01-19 00:36:34", "elapsed": 1547.962553, "delta": 0.001741}}
{"target": -17.67648291594629, "params": {"gamma": 36.70359246858934, "log10_alpha": 0.43648858364953025, "log10_colsample_bytree": -0.6424403750426066, "log10_eta": -1.5089623836765105, "log10_lambda": -1.4169333581725896, "log10_min_child_weight": 4.864166939862345, "log10_subsample": -0.69906816879519, "max_depth": 4.0, "num_boost_round": 9.0}, "datetime": {"datetime": "2024-01-19 00:36:34", "elapsed": 1547.964307, "delta": 0.001754}}
{"target": -17.676278043306517, "params": {"gamma": 36.70359246858934, "log10_alpha": 0.43648858364953025, "log10_colsample_bytree": -0.6424403750426066, "log10_eta": -1.5089623836765105, "log10_lambda": -1.4169333581725896, "log10_min_child_weight": 4.864166939862345, "log10_subsample": -0.69906816879519, "max_depth": 4.0, "num_boost_round": 10.0}, "datetime": {"datetime": "2024-01-19 00:36:34", "elapsed": 1547.966247, "delta": 0.00194}}
{"target": -17.676062214554328, "params": {"gamma": 36.70359246858934, "log10_alpha": 0.43648858364953025, "log10_colsample_bytree": -0.6424403750426066, "log10_eta": -1.5089623836765105, "log10_lambda": -1.4169333581725896, "log10_min_child_weight": 4.864166939862345, "log10_subsample": -0.69906816879519, "max_depth": 4.0, "num_boost_round": 11.0}, "datetime": {"datetime": "2024-01-19 00:36:34", "elapsed": 1547.968145, "delta": 0.001898}}
{"target": -17.67586324258118, "params": {"gamma": 36.70359246858934, "log10_alpha": 0.43648858364953025, "log10_colsample_bytree": -0.6424403750426066, "log10_eta": -1.5089623836765105, "log10_lambda": -1.4169333581725896, "log10_min_child_weight": 4.864166939862345, "log10_subsample": -0.69906816879519, "max_depth": 4.0, "num_boost_round": 12.0}, "datetime": {"datetime": "2024-01-19 00:36:34", "elapsed": 1547.969907, "delta": 0.001762}}
