{"target": -13.758479102183838, "params": {"gamma": 843.8974703624851, "log10_alpha": -4.0967750059110095, "log10_colsample_bytree": -0.8638600750628195, "log10_eta": -3.9445547248860215, "log10_lambda": -4.007504713634758, "log10_min_child_weight": 2.497834223386477, "log10_subsample": -0.0024971438925679434, "max_depth": 8.0, "num_boost_round": 18.0}, "datetime": {"datetime": "2024-01-19 01:04:41", "elapsed": 3201.659981, "delta": 0.00306}}
{"target": -13.758473964862592, "params": {"gamma": 843.8974703624851, "log10_alpha": -4.0967750059110095, "log10_colsample_bytree": -0.8638600750628195, "log10_eta": -3.9445547248860215, "log10_lambda": -4.007504713634758, "log10_min_child_weight": 2.497834223386477, "log10_subsample": -0.0024971438925679434, "max_depth": 8.0, "num_boost_round": 19.0}, "datetime": {"datetime": "2024-01-19 01:04:41", "elapsed": 3201.663171, "delta": 0.00319}}
{"target": -13.758469529826177, "params": {"gamma": 843.8974703624851, "log10_alpha": -4.0967750059110095, "log10_colsample_bytree": -0.8638600750628195, "log10_eta": -3.9445547248860215, "log10_lambda": -4.007504713634758, "log10_min_child_weight": 2.497834223386477, "log10_subsample": -0.0024971438925679434, "max_depth": 8.0, "num_boost_round": 20.0}, "datetime": {"datetime": "2024-01-19 01:04:41", "elapsed": 3201.666221, "delta": 0.00305}}
{"target": -13.758463250257996, "params": {"gamma": 843.8974703624851, "log10_alpha": -4.0967750059110095, "log10_colsample_bytree": -0.8638600750628195, "log10_eta": -3.9445547248860215, "log10_lambda": -4.007504713634758, "log10_min_child_weight": 2.497834223386477, "log10_subsample": -0.0024971438925679434, "max_depth": 8.0, "num_boost_round": 21.0}, "datetime": {"datetime": "2024-01-19 01:04:41", "elapsed": 3201.669362, "delta": 0.003141}}
{"target": -13.758458503616588, "params": {"gamma": 843.8974703624851, "log10_alpha": -4.0967750059110095, "log10_colsample_bytree": -0.8638600750628195, "log10_eta": -3.9445547248860215, "log10_lambda": -4.007504713634758, "log10_min_child_weight": 2.497834223386477, "log10_subsample": -0.0024971438925679434, "max_depth": 8.0, "num_boost_round": 22.0}, "datetime": {"datetime": "2024-01-19 01:04:41", "elapsed": 3201.672447, "delta": 0.003085}}
{"target": -13.75845527030673, "params": {"gamma": 843.8974703624851, "log10_alpha": -4.0967750059110095, "log10_colsample_bytree": -0.8638600750628195, "log10_eta": -3.9445547248860215, "log10_lambda": -4.007504713634758, "log10_min_child_weight": 2.497834223386477, "log10_subsample": -0.0024971438925679434, "max_depth": 8.0, "num_boost_round": 23.0}, "datetime": {"datetime": "2024-01-19 01:04:41", "elapsed": 3201.67572, "delta": 0.003273}}
{"target": -13.75853224816342, "params": {"gamma": 871.2680452978346, "log10_alpha": 0.980964596086408, "log10_colsample_bytree": -0.5320712295001534, "log10_eta": -3.6613394422490986, "log10_lambda": 0.24110215177801297, "log10_min_child_weight": 0.9771790421053766, "log10_subsample": -0.3489283838007169, "max_depth": 5.0, "num_boost_round": 0.0}, "datetime": {"datetime": "2024-01-19 01:05:10", "elapsed": 3230.145304, "delta": 28.469584}}
{"target": -13.758526707852283, "params": {"gamma": 871.2680452978346, "log10_alpha": 0.980964596086408, "log10_colsample_bytree": -0.5320712295001534, "log10_eta": -3.6613394422490986, "log10_lambda": 0.24110215177801297, "log10_min_child_weight": 0.9771790421053766, "log10_subsample": -0.3489283838007169, "max_depth": 5.0, "num_boost_round": 1.0}, "datetime": {"datetime": "2024-01-19 01:05:10", "elapsed": 3230.149086, "delta": 0.003782}}
{"target": -13.7585184872569, "params": {"gamma": 871.2680452978346, "log10_alpha": 0.980964596086408, "log10_colsample_bytree": -0.5320712295001534, "log10_eta": -3.6613394422490986, "log10_lambda": 0.24110215177801297, "log10_min_child_weight": 0.9771790421053766, "log10_subsample": -0.3489283838007169, "max_depth": 5.0, "num_boost_round": 2.0}, "datetime": {"datetime": "2024-01-19 01:05:10", "elapsed": 3230.152537, "delta": 0.003451}}
{"target": -13.758512879492777, "params": {"gamma": 871.2680452978346, "log10_alpha": 0.980964596086408, "log10_colsample_bytree": -0.5320712295001534, "log10_eta": -3.6613394422490986, "log10_lambda": 0.24110215177801297, "log10_min_child_weight": 0.9771790421053766, "log10_subsample": -0.3489283838007169, "max_depth": 5.0, "num_boost_round": 3.0}, "datetime": {"datetime": "2024-01-19 01:05:10", "elapsed": 3230.155596, "delta": 0.003059}}
{"target": -13.758508631768283, "params": {"gamma": 871.2680452978346, "log10_alpha": 0.980964596086408, "log10_colsample_bytree": -0.5320712295001534, "log10_eta": -3.6613394422490986, "log10_lambda": 0.24110215177801297, "log10_min_child_weight": 0.9771790421053766, "log10_subsample": -0.3489283838007169, "max_depth": 5.0, "num_boost_round": 4.0}, "datetime": {"datetime": "2024-01-19 01:05:10", "elapsed": 3230.158831, "delta": 0.003235}}
{"target": -13.75850800795563, "params": {"gamma": 871.2680452978346, "log10_alpha": 0.980964596086408, "log10_colsample_bytree": -0.5320712295001534, "log10_eta": -3.6613394422490986, "log10_lambda": 0.24110215177801297, "log10_min_child_weight": 0.9771790421053766, "log10_subsample": -0.3489283838007169, "max_depth": 5.0, "num_boost_round": 5.0}, "datetime": {"datetime": "2024-01-19 01:05:10", "elapsed": 3230.161993, "delta": 0.003162}}
{"target": -13.758498180727523, "params": {"gamma": 871.2680452978346, "log10_alpha": 0.980964596086408, "log10_colsample_bytree": -0.5320712295001534, "log10_eta": -3.6613394422490986, "log10_lambda": 0.24110215177801297, "log10_min_child_weight": 0.9771790421053766, "log10_subsample": -0.3489283838007169, "max_depth": 5.0, "num_boost_round": 6.0}, "datetime": {"datetime": "2024-01-19 01:05:10", "elapsed": 3230.165148, "delta": 0.003155}}
{"target": -13.758496478707615, "params": {"gamma": 871.2680452978346, "log10_alpha": 0.980964596086408, "log10_colsample_bytree": -0.5320712295001534, "log10_eta": -3.6613394422490986, "log10_lambda": 0.24110215177801297, "log10_min_child_weight": 0.9771790421053766, "log10_subsample": -0.3489283838007169, "max_depth": 5.0, "num_boost_round": 7.0}, "datetime": {"datetime": "2024-01-19 01:05:10", "elapsed": 3230.168277, "delta": 0.003129}}
{"target": -13.758495628899055, "params": {"gamma": 871.2680452978346, "log10_alpha": 0.980964596086408, "log10_colsample_bytree": -0.5320712295001534, "log10_eta": -3.6613394422490986, "log10_lambda": 0.24110215177801297, "log10_min_child_weight": 0.9771790421053766, "log10_subsample": -0.3489283838007169, "max_depth": 5.0, "num_boost_round": 8.0}, "datetime": {"datetime": "2024-01-19 01:05:10", "elapsed": 3230.171493, "delta": 0.003216}}
{"target": -13.758495353941612, "params": {"gamma": 871.2680452978346, "log10_alpha": 0.980964596086408, "log10_colsample_bytree": -0.5320712295001534, "log10_eta": -3.6613394422490986, "log10_lambda": 0.24110215177801297, "log10_min_child_weight": 0.9771790421053766, "log10_subsample": -0.3489283838007169, "max_depth": 5.0, "num_boost_round": 9.0}, "datetime": {"datetime": "2024-01-19 01:05:10", "elapsed": 3230.174735, "delta": 0.003242}}
{"target": -13.758490984844817, "params": {"gamma": 871.2680452978346, "log10_alpha": 0.980964596086408, "log10_colsample_bytree": -0.5320712295001534, "log10_eta": -3.6613394422490986, "log10_lambda": 0.24110215177801297, "log10_min_child_weight": 0.9771790421053766, "log10_subsample": -0.3489283838007169, "max_depth": 5.0, "num_boost_round": 10.0}, "datetime": {"datetime": "2024-01-19 01:05:10", "elapsed": 3230.178169, "delta": 0.003434}}
{"target": -13.758478629562289, "params": {"gamma": 871.2680452978346, "log10_alpha": 0.980964596086408, "log10_colsample_bytree": -0.5320712295001534, "log10_eta": -3.6613394422490986, "log10_lambda": 0.24110215177801297, "log10_min_child_weight": 0.9771790421053766, "log10_subsample": -0.3489283838007169, "max_depth": 5.0, "num_boost_round": 11.0}, "datetime": {"datetime": "2024-01-19 01:05:10", "elapsed": 3230.181332, "delta": 0.003163}}
{"target": -13.75847084478173, "params": {"gamma": 871.2680452978346, "log10_alpha": 0.980964596086408, "log10_colsample_bytree": -0.5320712295001534, "log10_eta": -3.6613394422490986, "log10_lambda": 0.24110215177801297, "log10_min_child_weight": 0.9771790421053766, "log10_subsample": -0.3489283838007169, "max_depth": 5.0, "num_boost_round": 12.0}, "datetime": {"datetime": "2024-01-19 01:05:10", "elapsed": 3230.184536, "delta": 0.003204}}
{"target": -13.75784948387826, "params": {"gamma": 842.1712111424207, "log10_alpha": -4.788183864945898, "log10_colsample_bytree": -0.6202823444470822, "log10_eta": -1.3879392316452805, "log10_lambda": -3.6855827417512286, "log10_min_child_weight": 1.0921140617128766, "log10_subsample": -0.6292298649103363, "max_depth": 8.0, "num_boost_round": 0.0}, "datetime": {"datetime": "2024-01-19 01:05:46", "elapsed": 3266.126082, "delta": 35.941546}}
{"target": -13.755849333428287, "params": {"gamma": 842.1712111424207, "log10_alpha": -4.788183864945898, "log10_colsample_bytree": -0.6202823444470822, "log10_eta": -1.3879392316452805, "log10_lambda": -3.6855827417512286, "log10_min_child_weight": 1.0921140617128766, "log10_subsample": -0.6292298649103363, "max_depth": 8.0, "num_boost_round": 1.0}, "datetime": {"datetime": "2024-01-19 01:05:46", "elapsed": 3266.129982, "delta": 0.0039}}
{"target": -13.75500317158138, "params": {"gamma": 842.1712111424207, "log10_alpha": -4.788183864945898, "log10_colsample_bytree": -0.6202823444470822, "log10_eta": -1.3879392316452805, "log10_lambda": -3.6855827417512286, "log10_min_child_weight": 1.0921140617128766, "log10_subsample": -0.6292298649103363, "max_depth": 8.0, "num_boost_round": 2.0}, "datetime": {"datetime": "2024-01-19 01:05:46", "elapsed": 3266.133283, "delta": 0.003301}}
{"target": -13.753472092915052, "params": {"gamma": 842.1712111424207, "log10_alpha": -4.788183864945898, "log10_colsample_bytree": -0.6202823444470822, "log10_eta": -1.3879392316452805, "log10_lambda": -3.6855827417512286, "log10_min_child_weight": 1.0921140617128766, "log10_subsample": -0.6292298649103363, "max_depth": 8.0, "num_boost_round": 3.0}, "datetime": {"datetime": "2024-01-19 01:05:46", "elapsed": 3266.136389, "delta": 0.003106}}
{"target": -13.752519296557642, "params": {"gamma": 842.1712111424207, "log10_alpha": -4.788183864945898, "log10_colsample_bytree": -0.6202823444470822, "log10_eta": -1.3879392316452805, "log10_lambda": -3.6855827417512286, "log10_min_child_weight": 1.0921140617128766, "log10_subsample": -0.6292298649103363, "max_depth": 8.0, "num_boost_round": 4.0}, "datetime": {"datetime": "2024-01-19 01:05:46", "elapsed": 3266.139489, "delta": 0.0031}}
{"target": -13.753544874666307, "params": {"gamma": 842.1712111424207, "log10_alpha": -4.788183864945898, "log10_colsample_bytree": -0.6202823444470822, "log10_eta": -1.3879392316452805, "log10_lambda": -3.6855827417512286, "log10_min_child_weight": 1.0921140617128766, "log10_subsample": -0.6292298649103363, "max_depth": 8.0, "num_boost_round": 5.0}, "datetime": {"datetime": "2024-01-19 01:05:46", "elapsed": 3266.142557, "delta": 0.003068}}
{"target": -13.755831714583362, "params": {"gamma": 842.1712111424207, "log10_alpha": -4.788183864945898, "log10_colsample_bytree": -0.6202823444470822, "log10_eta": -1.3879392316452805, "log10_lambda": -3.6855827417512286, "log10_min_child_weight": 1.0921140617128766, "log10_subsample": -0.6292298649103363, "max_depth": 8.0, "num_boost_round": 6.0}, "datetime": {"datetime": "2024-01-19 01:05:46", "elapsed": 3266.145597, "delta": 0.00304}}
{"target": -13.757400840035983, "params": {"gamma": 842.1712111424207, "log10_alpha": -4.788183864945898, "log10_colsample_bytree": -0.6202823444470822, "log10_eta": -1.3879392316452805, "log10_lambda": -3.6855827417512286, "log10_min_child_weight": 1.0921140617128766, "log10_subsample": -0.6292298649103363, "max_depth": 8.0, "num_boost_round": 7.0}, "datetime": {"datetime": "2024-01-19 01:05:46", "elapsed": 3266.1486, "delta": 0.003003}}
{"target": -13.758167153276851, "params": {"gamma": 842.1712111424207, "log10_alpha": -4.788183864945898, "log10_colsample_bytree": -0.6202823444470822, "log10_eta": -1.3879392316452805, "log10_lambda": -3.6855827417512286, "log10_min_child_weight": 1.0921140617128766, "log10_subsample": -0.6292298649103363, "max_depth": 8.0, "num_boost_round": 8.0}, "datetime": {"datetime": "2024-01-19 01:05:46", "elapsed": 3266.151604, "delta": 0.003004}}
{"target": -13.757671120909007, "params": {"gamma": 842.1712111424207, "log10_alpha": -4.788183864945898, "log10_colsample_bytree": -0.6202823444470822, "log10_eta": -1.3879392316452805, "log10_lambda": -3.6855827417512286, "log10_min_child_weight": 1.0921140617128766, "log10_subsample": -0.6292298649103363, "max_depth": 8.0, "num_boost_round": 9.0}, "datetime": {"datetime": "2024-01-19 01:05:46", "elapsed": 3266.154746, "delta": 0.003142}}
{"target": -13.757034226522224, "params": {"gamma": 842.1712111424207, "log10_alpha": -4.788183864945898, "log10_colsample_bytree": -0.6202823444470822, "log10_eta": -1.3879392316452805, "log10_lambda": -3.6855827417512286, "log10_min_child_weight": 1.0921140617128766, "log10_subsample": -0.6292298649103363, "max_depth": 8.0, "num_boost_round": 10.0}, "datetime": {"datetime": "2024-01-19 01:05:46", "elapsed": 3266.157763, "delta": 0.003017}}
{"target": -13.758062105466413, "params": {"gamma": 842.1712111424207, "log10_alpha": -4.788183864945898, "log10_colsample_bytree": -0.6202823444470822, "log10_eta": -1.3879392316452805, "log10_lambda": -3.6855827417512286, "log10_min_child_weight": 1.0921140617128766, "log10_subsample": -0.6292298649103363, "max_depth": 8.0, "num_boost_round": 11.0}, "datetime": {"datetime": "2024-01-19 01:05:46", "elapsed": 3266.16096, "delta": 0.003197}}
{"target": -13.76044098771374, "params": {"gamma": 842.1712111424207, "log10_alpha": -4.788183864945898, "log10_colsample_bytree": -0.6202823444470822, "log10_eta": -1.3879392316452805, "log10_lambda": -3.6855827417512286, "log10_min_child_weight": 1.0921140617128766, "log10_subsample": -0.6292298649103363, "max_depth": 8.0, "num_boost_round": 12.0}, "datetime": {"datetime": "2024-01-19 01:05:46", "elapsed": 3266.164015, "delta": 0.003055}}
{"target": -13.765019559265731, "params": {"gamma": 842.1712111424207, "log10_alpha": -4.788183864945898, "log10_colsample_bytree": -0.6202823444470822, "log10_eta": -1.3879392316452805, "log10_lambda": -3.6855827417512286, "log10_min_child_weight": 1.0921140617128766, "log10_subsample": -0.6292298649103363, "max_depth": 8.0, "num_boost_round": 13.0}, "datetime": {"datetime": "2024-01-19 01:05:46", "elapsed": 3266.167034, "delta": 0.003019}}
{"target": -13.767056909181772, "params": {"gamma": 842.1712111424207, "log10_alpha": -4.788183864945898, "log10_colsample_bytree": -0.6202823444470822, "log10_eta": -1.3879392316452805, "log10_lambda": -3.6855827417512286, "log10_min_child_weight": 1.0921140617128766, "log10_subsample": -0.6292298649103363, "max_depth": 8.0, "num_boost_round": 14.0}, "datetime": {"datetime": "2024-01-19 01:05:46", "elapsed": 3266.170052, "delta": 0.003018}}
{"target": -13.765566359729808, "params": {"gamma": 842.1712111424207, "log10_alpha": -4.788183864945898, "log10_colsample_bytree": -0.6202823444470822, "log10_eta": -1.3879392316452805, "log10_lambda": -3.6855827417512286, "log10_min_child_weight": 1.0921140617128766, "log10_subsample": -0.6292298649103363, "max_depth": 8.0, "num_boost_round": 15.0}, "datetime": {"datetime": "2024-01-19 01:05:46", "elapsed": 3266.173294, "delta": 0.003242}}
{"target": -13.765842462149688, "params": {"gamma": 842.1712111424207, "log10_alpha": -4.788183864945898, "log10_colsample_bytree": -0.6202823444470822, "log10_eta": -1.3879392316452805, "log10_lambda": -3.6855827417512286, "log10_min_child_weight": 1.0921140617128766, "log10_subsample": -0.6292298649103363, "max_depth": 8.0, "num_boost_round": 16.0}, "datetime": {"datetime": "2024-01-19 01:05:46", "elapsed": 3266.176489, "delta": 0.003195}}
{"target": -13.769434487284235, "params": {"gamma": 842.1712111424207, "log10_alpha": -4.788183864945898, "log10_colsample_bytree": -0.6202823444470822, "log10_eta": -1.3879392316452805, "log10_lambda": -3.6855827417512286, "log10_min_child_weight": 1.0921140617128766, "log10_subsample": -0.6292298649103363, "max_depth": 8.0, "num_boost_round": 17.0}, "datetime": {"datetime": "2024-01-19 01:05:46", "elapsed": 3266.17967, "delta": 0.003181}}
{"target": -13.769645104387592, "params": {"gamma": 842.1712111424207, "log10_alpha": -4.788183864945898, "log10_colsample_bytree": -0.6202823444470822, "log10_eta": -1.3879392316452805, "log10_lambda": -3.6855827417512286, "log10_min_child_weight": 1.0921140617128766, "log10_subsample": -0.6292298649103363, "max_depth": 8.0, "num_boost_round": 18.0}, "datetime": {"datetime": "2024-01-19 01:05:46", "elapsed": 3266.18275, "delta": 0.00308}}
{"target": -13.772274719677705, "params": {"gamma": 842.1712111424207, "log10_alpha": -4.788183864945898, "log10_colsample_bytree": -0.6202823444470822, "log10_eta": -1.3879392316452805, "log10_lambda": -3.6855827417512286, "log10_min_child_weight": 1.0921140617128766, "log10_subsample": -0.6292298649103363, "max_depth": 8.0, "num_boost_round": 19.0}, "datetime": {"datetime": "2024-01-19 01:05:46", "elapsed": 3266.185756, "delta": 0.003006}}
{"target": -13.774173545667033, "params": {"gamma": 842.1712111424207, "log10_alpha": -4.788183864945898, "log10_colsample_bytree": -0.6202823444470822, "log10_eta": -1.3879392316452805, "log10_lambda": -3.6855827417512286, "log10_min_child_weight": 1.0921140617128766, "log10_subsample": -0.6292298649103363, "max_depth": 8.0, "num_boost_round": 20.0}, "datetime": {"datetime": "2024-01-19 01:05:46", "elapsed": 3266.188807, "delta": 0.003051}}
{"target": -13.776824561285137, "params": {"gamma": 842.1712111424207, "log10_alpha": -4.788183864945898, "log10_colsample_bytree": -0.6202823444470822, "log10_eta": -1.3879392316452805, "log10_lambda": -3.6855827417512286, "log10_min_child_weight": 1.0921140617128766, "log10_subsample": -0.6292298649103363, "max_depth": 8.0, "num_boost_round": 21.0}, "datetime": {"datetime": "2024-01-19 01:05:46", "elapsed": 3266.191833, "delta": 0.003026}}
{"target": -13.77858389577274, "params": {"gamma": 842.1712111424207, "log10_alpha": -4.788183864945898, "log10_colsample_bytree": -0.6202823444470822, "log10_eta": -1.3879392316452805, "log10_lambda": -3.6855827417512286, "log10_min_child_weight": 1.0921140617128766, "log10_subsample": -0.6292298649103363, "max_depth": 8.0, "num_boost_round": 22.0}, "datetime": {"datetime": "2024-01-19 01:05:46", "elapsed": 3266.195033, "delta": 0.0032}}
{"target": -13.781675114036876, "params": {"gamma": 842.1712111424207, "log10_alpha": -4.788183864945898, "log10_colsample_bytree": -0.6202823444470822, "log10_eta": -1.3879392316452805, "log10_lambda": -3.6855827417512286, "log10_min_child_weight": 1.0921140617128766, "log10_subsample": -0.6292298649103363, "max_depth": 8.0, "num_boost_round": 23.0}, "datetime": {"datetime": "2024-01-19 01:05:46", "elapsed": 3266.198076, "delta": 0.003043}}
{"target": -13.78286951170083, "params": {"gamma": 842.1712111424207, "log10_alpha": -4.788183864945898, "log10_colsample_bytree": -0.6202823444470822, "log10_eta": -1.3879392316452805, "log10_lambda": -3.6855827417512286, "log10_min_child_weight": 1.0921140617128766, "log10_subsample": -0.6292298649103363, "max_depth": 8.0, "num_boost_round": 24.0}, "datetime": {"datetime": "2024-01-19 01:05:46", "elapsed": 3266.20128, "delta": 0.003204}}
{"target": -13.758491990717886, "params": {"gamma": 858.5195649547352, "log10_alpha": 0.777333496201905, "log10_colsample_bytree": -0.6810467061805252, "log10_eta": -2.6639547078094994, "log10_lambda": -1.8600465367083565, "log10_min_child_weight": 0.5276978187761344, "log10_subsample": -0.3809378945725168, "max_depth": 4.0, "num_boost_round": 0.0}, "datetime": {"datetime": "2024-01-19 01:06:18", "elapsed": 3298.798377, "delta": 32.597097}}
{"target": -13.75841732021149, "params": {"gamma": 858.5195649547352, "log10_alpha": 0.777333496201905, "log10_colsample_bytree": -0.6810467061805252, "log10_eta": -2.6639547078094994, "log10_lambda": -1.8600465367083565, "log10_min_child_weight": 0.5276978187761344, "log10_subsample": -0.3809378945725168, "max_depth": 4.0, "num_boost_round": 1.0}, "datetime": {"datetime": "2024-01-19 01:06:18", "elapsed": 3298.80244, "delta": 0.004063}}
{"target": -13.758363162476494, "params": {"gamma": 858.5195649547352, "log10_alpha": 0.777333496201905, "log10_colsample_bytree": -0.6810467061805252, "log10_eta": -2.6639547078094994, "log10_lambda": -1.8600465367083565, "log10_min_child_weight": 0.5276978187761344, "log10_subsample": -0.3809378945725168, "max_depth": 4.0, "num_boost_round": 2.0}, "datetime": {"datetime": "2024-01-19 01:06:18", "elapsed": 3298.80554, "delta": 0.0031}}
{"target": -13.758293198533776, "params": {"gamma": 858.5195649547352, "log10_alpha": 0.777333496201905, "log10_colsample_bytree": -0.6810467061805252, "log10_eta": -2.6639547078094994, "log10_lambda": -1.8600465367083565, "log10_min_child_weight": 0.5276978187761344, "log10_subsample": -0.3809378945725168, "max_depth": 4.0, "num_boost_round": 3.0}, "datetime": {"datetime": "2024-01-19 01:06:18", "elapsed": 3298.808614, "delta": 0.003074}}
{"target": -13.758283255582418, "params": {"gamma": 858.5195649547352, "log10_alpha": 0.777333496201905, "log10_colsample_bytree": -0.6810467061805252, "log10_eta": -2.6639547078094994, "log10_lambda": -1.8600465367083565, "log10_min_child_weight": 0.5276978187761344, "log10_subsample": -0.3809378945725168, "max_depth": 4.0, "num_boost_round": 4.0}, "datetime": {"datetime": "2024-01-19 01:06:18", "elapsed": 3298.811686, "delta": 0.003072}}
