{"target": -13.755706974246182, "params": {"gamma": 874.1811842358769, "log10_alpha": -0.7930425072449054, "log10_colsample_bytree": -0.7056801012880038, "log10_eta": -2.0320136622447658, "log10_lambda": 0.41934305802610616, "log10_min_child_weight": 1.4969089862914242, "log10_subsample": -0.10370826936169708, "max_depth": 9.0, "num_boost_round": 6.0}, "datetime": {"datetime": "2024-01-19 00:38:35", "elapsed": 1620.014717, "delta": 0.002425}}
{"target": -13.755456201856552, "params": {"gamma": 874.1811842358769, "log10_alpha": -0.7930425072449054, "log10_colsample_bytree": -0.7056801012880038, "log10_eta": -2.0320136622447658, "log10_lambda": 0.41934305802610616, "log10_min_child_weight": 1.4969089862914242, "log10_subsample": -0.10370826936169708, "max_depth": 9.0, "num_boost_round": 7.0}, "datetime": {"datetime": "2024-01-19 00:38:35", "elapsed": 1620.017143, "delta": 0.002426}}
{"target": -13.755142839959388, "params": {"gamma": 874.1811842358769, "log10_alpha": -0.7930425072449054, "log10_colsample_bytree": -0.7056801012880038, "log10_eta": -2.0320136622447658, "log10_lambda": 0.41934305802610616, "log10_min_child_weight": 1.4969089862914242, "log10_subsample": -0.10370826936169708, "max_depth": 9.0, "num_boost_round": 8.0}, "datetime": {"datetime": "2024-01-19 00:38:35", "elapsed": 1620.01956, "delta": 0.002417}}
{"target": -13.755203848191213, "params": {"gamma": 874.1811842358769, "log10_alpha": -0.7930425072449054, "log10_colsample_bytree": -0.7056801012880038, "log10_eta": -2.0320136622447658, "log10_lambda": 0.41934305802610616, "log10_min_child_weight": 1.4969089862914242, "log10_subsample": -0.10370826936169708, "max_depth": 9.0, "num_boost_round": 9.0}, "datetime": {"datetime": "2024-01-19 00:38:35", "elapsed": 1620.021988, "delta": 0.002428}}
{"target": -13.755102334013229, "params": {"gamma": 874.1811842358769, "log10_alpha": -0.7930425072449054, "log10_colsample_bytree": -0.7056801012880038, "log10_eta": -2.0320136622447658, "log10_lambda": 0.41934305802610616, "log10_min_child_weight": 1.4969089862914242, "log10_subsample": -0.10370826936169708, "max_depth": 9.0, "num_boost_round": 10.0}, "datetime": {"datetime": "2024-01-19 00:38:35", "elapsed": 1620.024405, "delta": 0.002417}}
{"target": -13.755229253112894, "params": {"gamma": 874.1811842358769, "log10_alpha": -0.7930425072449054, "log10_colsample_bytree": -0.7056801012880038, "log10_eta": -2.0320136622447658, "log10_lambda": 0.41934305802610616, "log10_min_child_weight": 1.4969089862914242, "log10_subsample": -0.10370826936169708, "max_depth": 9.0, "num_boost_round": 11.0}, "datetime": {"datetime": "2024-01-19 00:38:35", "elapsed": 1620.026816, "delta": 0.002411}}
{"target": -13.755638909094232, "params": {"gamma": 874.1811842358769, "log10_alpha": -0.7930425072449054, "log10_colsample_bytree": -0.7056801012880038, "log10_eta": -2.0320136622447658, "log10_lambda": 0.41934305802610616, "log10_min_child_weight": 1.4969089862914242, "log10_subsample": -0.10370826936169708, "max_depth": 9.0, "num_boost_round": 12.0}, "datetime": {"datetime": "2024-01-19 00:38:35", "elapsed": 1620.029239, "delta": 0.002423}}
{"target": -13.755703070312528, "params": {"gamma": 874.1811842358769, "log10_alpha": -0.7930425072449054, "log10_colsample_bytree": -0.7056801012880038, "log10_eta": -2.0320136622447658, "log10_lambda": 0.41934305802610616, "log10_min_child_weight": 1.4969089862914242, "log10_subsample": -0.10370826936169708, "max_depth": 9.0, "num_boost_round": 13.0}, "datetime": {"datetime": "2024-01-19 00:38:35", "elapsed": 1620.031822, "delta": 0.002583}}
{"target": -13.75574760704868, "params": {"gamma": 874.1811842358769, "log10_alpha": -0.7930425072449054, "log10_colsample_bytree": -0.7056801012880038, "log10_eta": -2.0320136622447658, "log10_lambda": 0.41934305802610616, "log10_min_child_weight": 1.4969089862914242, "log10_subsample": -0.10370826936169708, "max_depth": 9.0, "num_boost_round": 14.0}, "datetime": {"datetime": "2024-01-19 00:38:35", "elapsed": 1620.034478, "delta": 0.002656}}
{"target": -13.755500072279434, "params": {"gamma": 874.1811842358769, "log10_alpha": -0.7930425072449054, "log10_colsample_bytree": -0.7056801012880038, "log10_eta": -2.0320136622447658, "log10_lambda": 0.41934305802610616, "log10_min_child_weight": 1.4969089862914242, "log10_subsample": -0.10370826936169708, "max_depth": 9.0, "num_boost_round": 15.0}, "datetime": {"datetime": "2024-01-19 00:38:35", "elapsed": 1620.037084, "delta": 0.002606}}
{"target": -13.755363671488357, "params": {"gamma": 874.1811842358769, "log10_alpha": -0.7930425072449054, "log10_colsample_bytree": -0.7056801012880038, "log10_eta": -2.0320136622447658, "log10_lambda": 0.41934305802610616, "log10_min_child_weight": 1.4969089862914242, "log10_subsample": -0.10370826936169708, "max_depth": 9.0, "num_boost_round": 16.0}, "datetime": {"datetime": "2024-01-19 00:38:35", "elapsed": 1620.039627, "delta": 0.002543}}
{"target": -13.755238520633984, "params": {"gamma": 874.1811842358769, "log10_alpha": -0.7930425072449054, "log10_colsample_bytree": -0.7056801012880038, "log10_eta": -2.0320136622447658, "log10_lambda": 0.41934305802610616, "log10_min_child_weight": 1.4969089862914242, "log10_subsample": -0.10370826936169708, "max_depth": 9.0, "num_boost_round": 17.0}, "datetime": {"datetime": "2024-01-19 00:38:35", "elapsed": 1620.042076, "delta": 0.002449}}
{"target": -13.755251851961258, "params": {"gamma": 874.1811842358769, "log10_alpha": -0.7930425072449054, "log10_colsample_bytree": -0.7056801012880038, "log10_eta": -2.0320136622447658, "log10_lambda": 0.41934305802610616, "log10_min_child_weight": 1.4969089862914242, "log10_subsample": -0.10370826936169708, "max_depth": 9.0, "num_boost_round": 18.0}, "datetime": {"datetime": "2024-01-19 00:38:35", "elapsed": 1620.044585, "delta": 0.002509}}
{"target": -13.755029635359538, "params": {"gamma": 874.1811842358769, "log10_alpha": -0.7930425072449054, "log10_colsample_bytree": -0.7056801012880038, "log10_eta": -2.0320136622447658, "log10_lambda": 0.41934305802610616, "log10_min_child_weight": 1.4969089862914242, "log10_subsample": -0.10370826936169708, "max_depth": 9.0, "num_boost_round": 19.0}, "datetime": {"datetime": "2024-01-19 00:38:35", "elapsed": 1620.04704, "delta": 0.002455}}
{"target": -13.754450546269751, "params": {"gamma": 874.1811842358769, "log10_alpha": -0.7930425072449054, "log10_colsample_bytree": -0.7056801012880038, "log10_eta": -2.0320136622447658, "log10_lambda": 0.41934305802610616, "log10_min_child_weight": 1.4969089862914242, "log10_subsample": -0.10370826936169708, "max_depth": 9.0, "num_boost_round": 20.0}, "datetime": {"datetime": "2024-01-19 00:38:35", "elapsed": 1620.049498, "delta": 0.002458}}
{"target": -13.754693494679113, "params": {"gamma": 874.1811842358769, "log10_alpha": -0.7930425072449054, "log10_colsample_bytree": -0.7056801012880038, "log10_eta": -2.0320136622447658, "log10_lambda": 0.41934305802610616, "log10_min_child_weight": 1.4969089862914242, "log10_subsample": -0.10370826936169708, "max_depth": 9.0, "num_boost_round": 21.0}, "datetime": {"datetime": "2024-01-19 00:38:35", "elapsed": 1620.052137, "delta": 0.002639}}
{"target": -13.754442094258495, "params": {"gamma": 874.1811842358769, "log10_alpha": -0.7930425072449054, "log10_colsample_bytree": -0.7056801012880038, "log10_eta": -2.0320136622447658, "log10_lambda": 0.41934305802610616, "log10_min_child_weight": 1.4969089862914242, "log10_subsample": -0.10370826936169708, "max_depth": 9.0, "num_boost_round": 22.0}, "datetime": {"datetime": "2024-01-19 00:38:35", "elapsed": 1620.054614, "delta": 0.002477}}
{"target": -13.754411589033868, "params": {"gamma": 874.1811842358769, "log10_alpha": -0.7930425072449054, "log10_colsample_bytree": -0.7056801012880038, "log10_eta": -2.0320136622447658, "log10_lambda": 0.41934305802610616, "log10_min_child_weight": 1.4969089862914242, "log10_subsample": -0.10370826936169708, "max_depth": 9.0, "num_boost_round": 23.0}, "datetime": {"datetime": "2024-01-19 00:38:35", "elapsed": 1620.05707, "delta": 0.002456}}
{"target": -13.754440777927345, "params": {"gamma": 874.1811842358769, "log10_alpha": -0.7930425072449054, "log10_colsample_bytree": -0.7056801012880038, "log10_eta": -2.0320136622447658, "log10_lambda": 0.41934305802610616, "log10_min_child_weight": 1.4969089862914242, "log10_subsample": -0.10370826936169708, "max_depth": 9.0, "num_boost_round": 24.0}, "datetime": {"datetime": "2024-01-19 00:38:35", "elapsed": 1620.0595, "delta": 0.00243}}
{"target": -13.75420539867606, "params": {"gamma": 874.1811842358769, "log10_alpha": -0.7930425072449054, "log10_colsample_bytree": -0.7056801012880038, "log10_eta": -2.0320136622447658, "log10_lambda": 0.41934305802610616, "log10_min_child_weight": 1.4969089862914242, "log10_subsample": -0.10370826936169708, "max_depth": 9.0, "num_boost_round": 25.0}, "datetime": {"datetime": "2024-01-19 00:38:35", "elapsed": 1620.061935, "delta": 0.002435}}
{"target": -13.754594944589929, "params": {"gamma": 874.1811842358769, "log10_alpha": -0.7930425072449054, "log10_colsample_bytree": -0.7056801012880038, "log10_eta": -2.0320136622447658, "log10_lambda": 0.41934305802610616, "log10_min_child_weight": 1.4969089862914242, "log10_subsample": -0.10370826936169708, "max_depth": 9.0, "num_boost_round": 26.0}, "datetime": {"datetime": "2024-01-19 00:38:35", "elapsed": 1620.064358, "delta": 0.002423}}
{"target": -13.754604290823579, "params": {"gamma": 874.1811842358769, "log10_alpha": -0.7930425072449054, "log10_colsample_bytree": -0.7056801012880038, "log10_eta": -2.0320136622447658, "log10_lambda": 0.41934305802610616, "log10_min_child_weight": 1.4969089862914242, "log10_subsample": -0.10370826936169708, "max_depth": 9.0, "num_boost_round": 27.0}, "datetime": {"datetime": "2024-01-19 00:38:35", "elapsed": 1620.0668, "delta": 0.002442}}
{"target": -13.75415644760464, "params": {"gamma": 874.1811842358769, "log10_alpha": -0.7930425072449054, "log10_colsample_bytree": -0.7056801012880038, "log10_eta": -2.0320136622447658, "log10_lambda": 0.41934305802610616, "log10_min_child_weight": 1.4969089862914242, "log10_subsample": -0.10370826936169708, "max_depth": 9.0, "num_boost_round": 28.0}, "datetime": {"datetime": "2024-01-19 00:38:35", "elapsed": 1620.069285, "delta": 0.002485}}
{"target": -13.75402476837711, "params": {"gamma": 874.1811842358769, "log10_alpha": -0.7930425072449054, "log10_colsample_bytree": -0.7056801012880038, "log10_eta": -2.0320136622447658, "log10_lambda": 0.41934305802610616, "log10_min_child_weight": 1.4969089862914242, "log10_subsample": -0.10370826936169708, "max_depth": 9.0, "num_boost_round": 29.0}, "datetime": {"datetime": "2024-01-19 00:38:35", "elapsed": 1620.071897, "delta": 0.002612}}
{"target": -13.753956923426646, "params": {"gamma": 874.1811842358769, "log10_alpha": -0.7930425072449054, "log10_colsample_bytree": -0.7056801012880038, "log10_eta": -2.0320136622447658, "log10_lambda": 0.41934305802610616, "log10_min_child_weight": 1.4969089862914242, "log10_subsample": -0.10370826936169708, "max_depth": 9.0, "num_boost_round": 30.0}, "datetime": {"datetime": "2024-01-19 00:38:35", "elapsed": 1620.074452, "delta": 0.002555}}
{"target": -13.753585177157676, "params": {"gamma": 874.1811842358769, "log10_alpha": -0.7930425072449054, "log10_colsample_bytree": -0.7056801012880038, "log10_eta": -2.0320136622447658, "log10_lambda": 0.41934305802610616, "log10_min_child_weight": 1.4969089862914242, "log10_subsample": -0.10370826936169708, "max_depth": 9.0, "num_boost_round": 31.0}, "datetime": {"datetime": "2024-01-19 00:38:35", "elapsed": 1620.076933, "delta": 0.002481}}
{"target": -13.753658245631785, "params": {"gamma": 874.1811842358769, "log10_alpha": -0.7930425072449054, "log10_colsample_bytree": -0.7056801012880038, "log10_eta": -2.0320136622447658, "log10_lambda": 0.41934305802610616, "log10_min_child_weight": 1.4969089862914242, "log10_subsample": -0.10370826936169708, "max_depth": 9.0, "num_boost_round": 32.0}, "datetime": {"datetime": "2024-01-19 00:38:35", "elapsed": 1620.079381, "delta": 0.002448}}
{"target": -13.758545530344994, "params": {"gamma": 876.0879791249766, "log10_alpha": -3.1028800321663423, "log10_colsample_bytree": -0.8919280907373661, "log10_eta": -2.445434620911406, "log10_lambda": 0.38781129291953054, "log10_min_child_weight": 4.527060788657497, "log10_subsample": -0.3716659322779685, "max_depth": 9.0, "num_boost_round": 0.0}, "datetime": {"datetime": "2024-01-19 00:39:13", "elapsed": 1657.496521, "delta": 37.41714}}
{"target": -13.75851160236019, "params": {"gamma": 876.0879791249766, "log10_alpha": -3.1028800321663423, "log10_colsample_bytree": -0.8919280907373661, "log10_eta": -2.445434620911406, "log10_lambda": 0.38781129291953054, "log10_min_child_weight": 4.527060788657497, "log10_subsample": -0.3716659322779685, "max_depth": 9.0, "num_boost_round": 1.0}, "datetime": {"datetime": "2024-01-19 00:39:13", "elapsed": 1657.49958, "delta": 0.003059}}
{"target": -13.758509799479059, "params": {"gamma": 876.0879791249766, "log10_alpha": -3.1028800321663423, "log10_colsample_bytree": -0.8919280907373661, "log10_eta": -2.445434620911406, "log10_lambda": 0.38781129291953054, "log10_min_child_weight": 4.527060788657497, "log10_subsample": -0.3716659322779685, "max_depth": 9.0, "num_boost_round": 2.0}, "datetime": {"datetime": "2024-01-19 00:39:13", "elapsed": 1657.502402, "delta": 0.002822}}
{"target": -13.758519445369407, "params": {"gamma": 876.0879791249766, "log10_alpha": -3.1028800321663423, "log10_colsample_bytree": -0.8919280907373661, "log10_eta": -2.445434620911406, "log10_lambda": 0.38781129291953054, "log10_min_child_weight": 4.527060788657497, "log10_subsample": -0.3716659322779685, "max_depth": 9.0, "num_boost_round": 3.0}, "datetime": {"datetime": "2024-01-19 00:39:13", "elapsed": 1657.50496, "delta": 0.002558}}
{"target": -13.758526824190588, "params": {"gamma": 876.0879791249766, "log10_alpha": -3.1028800321663423, "log10_colsample_bytree": -0.8919280907373661, "log10_eta": -2.445434620911406, "log10_lambda": 0.38781129291953054, "log10_min_child_weight": 4.527060788657497, "log10_subsample": -0.3716659322779685, "max_depth": 9.0, "num_boost_round": 4.0}, "datetime": {"datetime": "2024-01-19 00:39:13", "elapsed": 1657.507487, "delta": 0.002527}}
{"target": -13.758515573970806, "params": {"gamma": 876.0879791249766, "log10_alpha": -3.1028800321663423, "log10_colsample_bytree": -0.8919280907373661, "log10_eta": -2.445434620911406, "log10_lambda": 0.38781129291953054, "log10_min_child_weight": 4.527060788657497, "log10_subsample": -0.3716659322779685, "max_depth": 9.0, "num_boost_round": 5.0}, "datetime": {"datetime": "2024-01-19 00:39:13", "elapsed": 1657.509964, "delta": 0.002477}}
{"target": -13.758509036425966, "params": {"gamma": 876.0879791249766, "log10_alpha": -3.1028800321663423, "log10_colsample_bytree": -0.8919280907373661, "log10_eta": -2.445434620911406, "log10_lambda": 0.38781129291953054, "log10_min_child_weight": 4.527060788657497, "log10_subsample": -0.3716659322779685, "max_depth": 9.0, "num_boost_round": 6.0}, "datetime": {"datetime": "2024-01-19 00:39:13", "elapsed": 1657.512588, "delta": 0.002624}}
{"target": -13.758492137284795, "params": {"gamma": 876.0879791249766, "log10_alpha": -3.1028800321663423, "log10_colsample_bytree": -0.8919280907373661, "log10_eta": -2.445434620911406, "log10_lambda": 0.38781129291953054, "log10_min_child_weight": 4.527060788657497, "log10_subsample": -0.3716659322779685, "max_depth": 9.0, "num_boost_round": 7.0}, "datetime": {"datetime": "2024-01-19 00:39:13", "elapsed": 1657.515066, "delta": 0.002478}}
{"target": -13.7584904388464, "params": {"gamma": 876.0879791249766, "log10_alpha": -3.1028800321663423, "log10_colsample_bytree": -0.8919280907373661, "log10_eta": -2.445434620911406, "log10_lambda": 0.38781129291953054, "log10_min_child_weight": 4.527060788657497, "log10_subsample": -0.3716659322779685, "max_depth": 9.0, "num_boost_round": 8.0}, "datetime": {"datetime": "2024-01-19 00:39:13", "elapsed": 1657.517546, "delta": 0.00248}}
{"target": -13.758493959208456, "params": {"gamma": 876.0879791249766, "log10_alpha": -3.1028800321663423, "log10_colsample_bytree": -0.8919280907373661, "log10_eta": -2.445434620911406, "log10_lambda": 0.38781129291953054, "log10_min_child_weight": 4.527060788657497, "log10_subsample": -0.3716659322779685, "max_depth": 9.0, "num_boost_round": 9.0}, "datetime": {"datetime": "2024-01-19 00:39:13", "elapsed": 1657.520032, "delta": 0.002486}}
{"target": -13.758489393969125, "params": {"gamma": 876.0879791249766, "log10_alpha": -3.1028800321663423, "log10_colsample_bytree": -0.8919280907373661, "log10_eta": -2.445434620911406, "log10_lambda": 0.38781129291953054, "log10_min_child_weight": 4.527060788657497, "log10_subsample": -0.3716659322779685, "max_depth": 9.0, "num_boost_round": 10.0}, "datetime": {"datetime": "2024-01-19 00:39:13", "elapsed": 1657.522491, "delta": 0.002459}}
{"target": -13.758510062569496, "params": {"gamma": 876.0879791249766, "log10_alpha": -3.1028800321663423, "log10_colsample_bytree": -0.8919280907373661, "log10_eta": -2.445434620911406, "log10_lambda": 0.38781129291953054, "log10_min_child_weight": 4.527060788657497, "log10_subsample": -0.3716659322779685, "max_depth": 9.0, "num_boost_round": 11.0}, "datetime": {"datetime": "2024-01-19 00:39:13", "elapsed": 1657.525034, "delta": 0.002543}}
{"target": -13.758528036850098, "params": {"gamma": 876.0879791249766, "log10_alpha": -3.1028800321663423, "log10_colsample_bytree": -0.8919280907373661, "log10_eta": -2.445434620911406, "log10_lambda": 0.38781129291953054, "log10_min_child_weight": 4.527060788657497, "log10_subsample": -0.3716659322779685, "max_depth": 9.0, "num_boost_round": 12.0}, "datetime": {"datetime": "2024-01-19 00:39:13", "elapsed": 1657.527508, "delta": 0.002474}}
{"target": -13.758496908825968, "params": {"gamma": 876.0879791249766, "log10_alpha": -3.1028800321663423, "log10_colsample_bytree": -0.8919280907373661, "log10_eta": -2.445434620911406, "log10_lambda": 0.38781129291953054, "log10_min_child_weight": 4.527060788657497, "log10_subsample": -0.3716659322779685, "max_depth": 9.0, "num_boost_round": 13.0}, "datetime": {"datetime": "2024-01-19 00:39:13", "elapsed": 1657.529964, "delta": 0.002456}}
{"target": -13.758486999908325, "params": {"gamma": 876.0879791249766, "log10_alpha": -3.1028800321663423, "log10_colsample_bytree": -0.8919280907373661, "log10_eta": -2.445434620911406, "log10_lambda": 0.38781129291953054, "log10_min_child_weight": 4.527060788657497, "log10_subsample": -0.3716659322779685, "max_depth": 9.0, "num_boost_round": 14.0}, "datetime": {"datetime": "2024-01-19 00:39:13", "elapsed": 1657.532696, "delta": 0.002732}}
{"target": -13.758437424968152, "params": {"gamma": 876.0879791249766, "log10_alpha": -3.1028800321663423, "log10_colsample_bytree": -0.8919280907373661, "log10_eta": -2.445434620911406, "log10_lambda": 0.38781129291953054, "log10_min_child_weight": 4.527060788657497, "log10_subsample": -0.3716659322779685, "max_depth": 9.0, "num_boost_round": 15.0}, "datetime": {"datetime": "2024-01-19 00:39:13", "elapsed": 1657.535353, "delta": 0.002657}}
{"target": -13.758425843239651, "params": {"gamma": 876.0879791249766, "log10_alpha": -3.1028800321663423, "log10_colsample_bytree": -0.8919280907373661, "log10_eta": -2.445434620911406, "log10_lambda": 0.38781129291953054, "log10_min_child_weight": 4.527060788657497, "log10_subsample": -0.3716659322779685, "max_depth": 9.0, "num_boost_round": 16.0}, "datetime": {"datetime": "2024-01-19 00:39:13", "elapsed": 1657.537953, "delta": 0.0026}}
{"target": -13.758441004377769, "params": {"gamma": 876.0879791249766, "log10_alpha": -3.1028800321663423, "log10_colsample_bytree": -0.8919280907373661, "log10_eta": -2.445434620911406, "log10_lambda": 0.38781129291953054, "log10_min_child_weight": 4.527060788657497, "log10_subsample": -0.3716659322779685, "max_depth": 9.0, "num_boost_round": 17.0}, "datetime": {"datetime": "2024-01-19 00:39:13", "elapsed": 1657.540564, "delta": 0.002611}}
{"target": -13.758431034572233, "params": {"gamma": 876.0879791249766, "log10_alpha": -3.1028800321663423, "log10_colsample_bytree": -0.8919280907373661, "log10_eta": -2.445434620911406, "log10_lambda": 0.38781129291953054, "log10_min_child_weight": 4.527060788657497, "log10_subsample": -0.3716659322779685, "max_depth": 9.0, "num_boost_round": 18.0}, "datetime": {"datetime": "2024-01-19 00:39:13", "elapsed": 1657.543028, "delta": 0.002464}}
{"target": -13.758434027980027, "params": {"gamma": 876.0879791249766, "log10_alpha": -3.1028800321663423, "log10_colsample_bytree": -0.8919280907373661, "log10_eta": -2.445434620911406, "log10_lambda": 0.38781129291953054, "log10_min_child_weight": 4.527060788657497, "log10_subsample": -0.3716659322779685, "max_depth": 9.0, "num_boost_round": 19.0}, "datetime": {"datetime": "2024-01-19 00:39:13", "elapsed": 1657.545514, "delta": 0.002486}}
{"target": -13.758433944252525, "params": {"gamma": 876.0879791249766, "log10_alpha": -3.1028800321663423, "log10_colsample_bytree": -0.8919280907373661, "log10_eta": -2.445434620911406, "log10_lambda": 0.38781129291953054, "log10_min_child_weight": 4.527060788657497, "log10_subsample": -0.3716659322779685, "max_depth": 9.0, "num_boost_round": 20.0}, "datetime": {"datetime": "2024-01-19 00:39:13", "elapsed": 1657.548013, "delta": 0.002499}}
{"target": -13.758414595879465, "params": {"gamma": 876.0879791249766, "log10_alpha": -3.1028800321663423, "log10_colsample_bytree": -0.8919280907373661, "log10_eta": -2.445434620911406, "log10_lambda": 0.38781129291953054, "log10_min_child_weight": 4.527060788657497, "log10_subsample": -0.3716659322779685, "max_depth": 9.0, "num_boost_round": 21.0}, "datetime": {"datetime": "2024-01-19 00:39:13", "elapsed": 1657.550587, "delta": 0.002574}}
