{"target": -17.676981035196903, "params": {"gamma": 600.5071416545871, "log10_alpha": -4.664219361183347, "log10_colsample_bytree": -0.2794214582432172, "log10_eta": -2.8144632090795554, "log10_lambda": -3.7221400173521935, "log10_min_child_weight": 2.155564495859074, "log10_subsample": -0.5714976929161304, "max_depth": 6.0, "num_boost_round": 5.0}, "datetime": {"datetime": "2024-01-19 00:43:13", "elapsed": 1890.455156, "delta": 0.002263}}
{"target": -17.676959332000543, "params": {"gamma": 600.5071416545871, "log10_alpha": -4.664219361183347, "log10_colsample_bytree": -0.2794214582432172, "log10_eta": -2.8144632090795554, "log10_lambda": -3.7221400173521935, "log10_min_child_weight": 2.155564495859074, "log10_subsample": -0.5714976929161304, "max_depth": 6.0, "num_boost_round": 6.0}, "datetime": {"datetime": "2024-01-19 00:43:13", "elapsed": 1890.457425, "delta": 0.002269}}
{"target": -17.676901649787453, "params": {"gamma": 600.5071416545871, "log10_alpha": -4.664219361183347, "log10_colsample_bytree": -0.2794214582432172, "log10_eta": -2.8144632090795554, "log10_lambda": -3.7221400173521935, "log10_min_child_weight": 2.155564495859074, "log10_subsample": -0.5714976929161304, "max_depth": 6.0, "num_boost_round": 7.0}, "datetime": {"datetime": "2024-01-19 00:43:13", "elapsed": 1890.459709, "delta": 0.002284}}
{"target": -17.67683381360113, "params": {"gamma": 600.5071416545871, "log10_alpha": -4.664219361183347, "log10_colsample_bytree": -0.2794214582432172, "log10_eta": -2.8144632090795554, "log10_lambda": -3.7221400173521935, "log10_min_child_weight": 2.155564495859074, "log10_subsample": -0.5714976929161304, "max_depth": 6.0, "num_boost_round": 8.0}, "datetime": {"datetime": "2024-01-19 00:43:13", "elapsed": 1890.462043, "delta": 0.002334}}
{"target": -17.676726943081093, "params": {"gamma": 600.5071416545871, "log10_alpha": -4.664219361183347, "log10_colsample_bytree": -0.2794214582432172, "log10_eta": -2.8144632090795554, "log10_lambda": -3.7221400173521935, "log10_min_child_weight": 2.155564495859074, "log10_subsample": -0.5714976929161304, "max_depth": 6.0, "num_boost_round": 9.0}, "datetime": {"datetime": "2024-01-19 00:43:13", "elapsed": 1890.464319, "delta": 0.002276}}
{"target": -17.676644617844296, "params": {"gamma": 600.5071416545871, "log10_alpha": -4.664219361183347, "log10_colsample_bytree": -0.2794214582432172, "log10_eta": -2.8144632090795554, "log10_lambda": -3.7221400173521935, "log10_min_child_weight": 2.155564495859074, "log10_subsample": -0.5714976929161304, "max_depth": 6.0, "num_boost_round": 10.0}, "datetime": {"datetime": "2024-01-19 00:43:13", "elapsed": 1890.466599, "delta": 0.00228}}
{"target": -17.67658822298852, "params": {"gamma": 600.5071416545871, "log10_alpha": -4.664219361183347, "log10_colsample_bytree": -0.2794214582432172, "log10_eta": -2.8144632090795554, "log10_lambda": -3.7221400173521935, "log10_min_child_weight": 2.155564495859074, "log10_subsample": -0.5714976929161304, "max_depth": 6.0, "num_boost_round": 11.0}, "datetime": {"datetime": "2024-01-19 00:43:13", "elapsed": 1890.468862, "delta": 0.002263}}
{"target": -17.6765318633957, "params": {"gamma": 600.5071416545871, "log10_alpha": -4.664219361183347, "log10_colsample_bytree": -0.2794214582432172, "log10_eta": -2.8144632090795554, "log10_lambda": -3.7221400173521935, "log10_min_child_weight": 2.155564495859074, "log10_subsample": -0.5714976929161304, "max_depth": 6.0, "num_boost_round": 12.0}, "datetime": {"datetime": "2024-01-19 00:43:13", "elapsed": 1890.471235, "delta": 0.002373}}
{"target": -17.67649474428527, "params": {"gamma": 600.5071416545871, "log10_alpha": -4.664219361183347, "log10_colsample_bytree": -0.2794214582432172, "log10_eta": -2.8144632090795554, "log10_lambda": -3.7221400173521935, "log10_min_child_weight": 2.155564495859074, "log10_subsample": -0.5714976929161304, "max_depth": 6.0, "num_boost_round": 13.0}, "datetime": {"datetime": "2024-01-19 00:43:13", "elapsed": 1890.473546, "delta": 0.002311}}
{"target": -17.676469406527723, "params": {"gamma": 600.5071416545871, "log10_alpha": -4.664219361183347, "log10_colsample_bytree": -0.2794214582432172, "log10_eta": -2.8144632090795554, "log10_lambda": -3.7221400173521935, "log10_min_child_weight": 2.155564495859074, "log10_subsample": -0.5714976929161304, "max_depth": 6.0, "num_boost_round": 14.0}, "datetime": {"datetime": "2024-01-19 00:43:13", "elapsed": 1890.475821, "delta": 0.002275}}
{"target": -17.676363709532687, "params": {"gamma": 600.5071416545871, "log10_alpha": -4.664219361183347, "log10_colsample_bytree": -0.2794214582432172, "log10_eta": -2.8144632090795554, "log10_lambda": -3.7221400173521935, "log10_min_child_weight": 2.155564495859074, "log10_subsample": -0.5714976929161304, "max_depth": 6.0, "num_boost_round": 15.0}, "datetime": {"datetime": "2024-01-19 00:43:13", "elapsed": 1890.478089, "delta": 0.002268}}
{"target": -17.67636509102744, "params": {"gamma": 600.5071416545871, "log10_alpha": -4.664219361183347, "log10_colsample_bytree": -0.2794214582432172, "log10_eta": -2.8144632090795554, "log10_lambda": -3.7221400173521935, "log10_min_child_weight": 2.155564495859074, "log10_subsample": -0.5714976929161304, "max_depth": 6.0, "num_boost_round": 16.0}, "datetime": {"datetime": "2024-01-19 00:43:13", "elapsed": 1890.480478, "delta": 0.002389}}
{"target": -17.666711703108938, "params": {"gamma": 564.6726760656953, "log10_alpha": -0.6295584147910915, "log10_colsample_bytree": -0.840524546726444, "log10_eta": -0.20164330425511112, "log10_lambda": 0.2519378294609851, "log10_min_child_weight": 1.9749549346034052, "log10_subsample": -0.09054440802155084, "max_depth": 2.0, "num_boost_round": 0.0}, "datetime": {"datetime": "2024-01-19 00:43:41", "elapsed": 1918.468326, "delta": 27.987848}}
{"target": -17.675839063479405, "params": {"gamma": 564.6726760656953, "log10_alpha": -0.6295584147910915, "log10_colsample_bytree": -0.840524546726444, "log10_eta": -0.20164330425511112, "log10_lambda": 0.2519378294609851, "log10_min_child_weight": 1.9749549346034052, "log10_subsample": -0.09054440802155084, "max_depth": 2.0, "num_boost_round": 1.0}, "datetime": {"datetime": "2024-01-19 00:43:41", "elapsed": 1918.471974, "delta": 0.003648}}
{"target": -17.685711598110547, "params": {"gamma": 564.6726760656953, "log10_alpha": -0.6295584147910915, "log10_colsample_bytree": -0.840524546726444, "log10_eta": -0.20164330425511112, "log10_lambda": 0.2519378294609851, "log10_min_child_weight": 1.9749549346034052, "log10_subsample": -0.09054440802155084, "max_depth": 2.0, "num_boost_round": 2.0}, "datetime": {"datetime": "2024-01-19 00:43:41", "elapsed": 1918.474759, "delta": 0.002785}}
{"target": -17.688751294424737, "params": {"gamma": 564.6726760656953, "log10_alpha": -0.6295584147910915, "log10_colsample_bytree": -0.840524546726444, "log10_eta": -0.20164330425511112, "log10_lambda": 0.2519378294609851, "log10_min_child_weight": 1.9749549346034052, "log10_subsample": -0.09054440802155084, "max_depth": 2.0, "num_boost_round": 3.0}, "datetime": {"datetime": "2024-01-19 00:43:41", "elapsed": 1918.47731, "delta": 0.002551}}
{"target": -17.706854340341707, "params": {"gamma": 564.6726760656953, "log10_alpha": -0.6295584147910915, "log10_colsample_bytree": -0.840524546726444, "log10_eta": -0.20164330425511112, "log10_lambda": 0.2519378294609851, "log10_min_child_weight": 1.9749549346034052, "log10_subsample": -0.09054440802155084, "max_depth": 2.0, "num_boost_round": 4.0}, "datetime": {"datetime": "2024-01-19 00:43:41", "elapsed": 1918.479647, "delta": 0.002337}}
{"target": -17.71711945374675, "params": {"gamma": 564.6726760656953, "log10_alpha": -0.6295584147910915, "log10_colsample_bytree": -0.840524546726444, "log10_eta": -0.20164330425511112, "log10_lambda": 0.2519378294609851, "log10_min_child_weight": 1.9749549346034052, "log10_subsample": -0.09054440802155084, "max_depth": 2.0, "num_boost_round": 5.0}, "datetime": {"datetime": "2024-01-19 00:43:41", "elapsed": 1918.482038, "delta": 0.002391}}
{"target": -17.7369590076356, "params": {"gamma": 564.6726760656953, "log10_alpha": -0.6295584147910915, "log10_colsample_bytree": -0.840524546726444, "log10_eta": -0.20164330425511112, "log10_lambda": 0.2519378294609851, "log10_min_child_weight": 1.9749549346034052, "log10_subsample": -0.09054440802155084, "max_depth": 2.0, "num_boost_round": 6.0}, "datetime": {"datetime": "2024-01-19 00:43:41", "elapsed": 1918.48442, "delta": 0.002382}}
{"target": -17.96538359774244, "params": {"gamma": 564.6726760656953, "log10_alpha": -0.6295584147910915, "log10_colsample_bytree": -0.840524546726444, "log10_eta": -0.20164330425511112, "log10_lambda": 0.2519378294609851, "log10_min_child_weight": 1.9749549346034052, "log10_subsample": -0.09054440802155084, "max_depth": 2.0, "num_boost_round": 7.0}, "datetime": {"datetime": "2024-01-19 00:43:41", "elapsed": 1918.486712, "delta": 0.002292}}
{"target": -17.986721071382124, "params": {"gamma": 564.6726760656953, "log10_alpha": -0.6295584147910915, "log10_colsample_bytree": -0.840524546726444, "log10_eta": -0.20164330425511112, "log10_lambda": 0.2519378294609851, "log10_min_child_weight": 1.9749549346034052, "log10_subsample": -0.09054440802155084, "max_depth": 2.0, "num_boost_round": 8.0}, "datetime": {"datetime": "2024-01-19 00:43:41", "elapsed": 1918.488996, "delta": 0.002284}}
{"target": -17.990006272233476, "params": {"gamma": 564.6726760656953, "log10_alpha": -0.6295584147910915, "log10_colsample_bytree": -0.840524546726444, "log10_eta": -0.20164330425511112, "log10_lambda": 0.2519378294609851, "log10_min_child_weight": 1.9749549346034052, "log10_subsample": -0.09054440802155084, "max_depth": 2.0, "num_boost_round": 9.0}, "datetime": {"datetime": "2024-01-19 00:43:41", "elapsed": 1918.491361, "delta": 0.002365}}
{"target": -17.986084446013457, "params": {"gamma": 564.6726760656953, "log10_alpha": -0.6295584147910915, "log10_colsample_bytree": -0.840524546726444, "log10_eta": -0.20164330425511112, "log10_lambda": 0.2519378294609851, "log10_min_child_weight": 1.9749549346034052, "log10_subsample": -0.09054440802155084, "max_depth": 2.0, "num_boost_round": 10.0}, "datetime": {"datetime": "2024-01-19 00:43:41", "elapsed": 1918.493699, "delta": 0.002338}}
{"target": -17.99133777507859, "params": {"gamma": 564.6726760656953, "log10_alpha": -0.6295584147910915, "log10_colsample_bytree": -0.840524546726444, "log10_eta": -0.20164330425511112, "log10_lambda": 0.2519378294609851, "log10_min_child_weight": 1.9749549346034052, "log10_subsample": -0.09054440802155084, "max_depth": 2.0, "num_boost_round": 11.0}, "datetime": {"datetime": "2024-01-19 00:43:41", "elapsed": 1918.495986, "delta": 0.002287}}
{"target": -17.985943455766257, "params": {"gamma": 564.6726760656953, "log10_alpha": -0.6295584147910915, "log10_colsample_bytree": -0.840524546726444, "log10_eta": -0.20164330425511112, "log10_lambda": 0.2519378294609851, "log10_min_child_weight": 1.9749549346034052, "log10_subsample": -0.09054440802155084, "max_depth": 2.0, "num_boost_round": 12.0}, "datetime": {"datetime": "2024-01-19 00:43:41", "elapsed": 1918.498268, "delta": 0.002282}}
{"target": -17.992846506997278, "params": {"gamma": 564.6726760656953, "log10_alpha": -0.6295584147910915, "log10_colsample_bytree": -0.840524546726444, "log10_eta": -0.20164330425511112, "log10_lambda": 0.2519378294609851, "log10_min_child_weight": 1.9749549346034052, "log10_subsample": -0.09054440802155084, "max_depth": 2.0, "num_boost_round": 13.0}, "datetime": {"datetime": "2024-01-19 00:43:41", "elapsed": 1918.500592, "delta": 0.002324}}
{"target": -18.00767140618713, "params": {"gamma": 564.6726760656953, "log10_alpha": -0.6295584147910915, "log10_colsample_bytree": -0.840524546726444, "log10_eta": -0.20164330425511112, "log10_lambda": 0.2519378294609851, "log10_min_child_weight": 1.9749549346034052, "log10_subsample": -0.09054440802155084, "max_depth": 2.0, "num_boost_round": 14.0}, "datetime": {"datetime": "2024-01-19 00:43:41", "elapsed": 1918.502885, "delta": 0.002293}}
{"target": -17.997780752327827, "params": {"gamma": 564.6726760656953, "log10_alpha": -0.6295584147910915, "log10_colsample_bytree": -0.840524546726444, "log10_eta": -0.20164330425511112, "log10_lambda": 0.2519378294609851, "log10_min_child_weight": 1.9749549346034052, "log10_subsample": -0.09054440802155084, "max_depth": 2.0, "num_boost_round": 15.0}, "datetime": {"datetime": "2024-01-19 00:43:41", "elapsed": 1918.505181, "delta": 0.002296}}
{"target": -18.010669199114442, "params": {"gamma": 564.6726760656953, "log10_alpha": -0.6295584147910915, "log10_colsample_bytree": -0.840524546726444, "log10_eta": -0.20164330425511112, "log10_lambda": 0.2519378294609851, "log10_min_child_weight": 1.9749549346034052, "log10_subsample": -0.09054440802155084, "max_depth": 2.0, "num_boost_round": 16.0}, "datetime": {"datetime": "2024-01-19 00:43:41", "elapsed": 1918.50747, "delta": 0.002289}}
{"target": -18.006273090497576, "params": {"gamma": 564.6726760656953, "log10_alpha": -0.6295584147910915, "log10_colsample_bytree": -0.840524546726444, "log10_eta": -0.20164330425511112, "log10_lambda": 0.2519378294609851, "log10_min_child_weight": 1.9749549346034052, "log10_subsample": -0.09054440802155084, "max_depth": 2.0, "num_boost_round": 17.0}, "datetime": {"datetime": "2024-01-19 00:43:41", "elapsed": 1918.509853, "delta": 0.002383}}
{"target": -18.002702349875, "params": {"gamma": 564.6726760656953, "log10_alpha": -0.6295584147910915, "log10_colsample_bytree": -0.840524546726444, "log10_eta": -0.20164330425511112, "log10_lambda": 0.2519378294609851, "log10_min_child_weight": 1.9749549346034052, "log10_subsample": -0.09054440802155084, "max_depth": 2.0, "num_boost_round": 18.0}, "datetime": {"datetime": "2024-01-19 00:43:41", "elapsed": 1918.512169, "delta": 0.002316}}
{"target": -18.013730952293454, "params": {"gamma": 564.6726760656953, "log10_alpha": -0.6295584147910915, "log10_colsample_bytree": -0.840524546726444, "log10_eta": -0.20164330425511112, "log10_lambda": 0.2519378294609851, "log10_min_child_weight": 1.9749549346034052, "log10_subsample": -0.09054440802155084, "max_depth": 2.0, "num_boost_round": 19.0}, "datetime": {"datetime": "2024-01-19 00:43:41", "elapsed": 1918.514476, "delta": 0.002307}}
{"target": -18.020420436422004, "params": {"gamma": 564.6726760656953, "log10_alpha": -0.6295584147910915, "log10_colsample_bytree": -0.840524546726444, "log10_eta": -0.20164330425511112, "log10_lambda": 0.2519378294609851, "log10_min_child_weight": 1.9749549346034052, "log10_subsample": -0.09054440802155084, "max_depth": 2.0, "num_boost_round": 20.0}, "datetime": {"datetime": "2024-01-19 00:43:41", "elapsed": 1918.516781, "delta": 0.002305}}
{"target": -18.006192623232888, "params": {"gamma": 564.6726760656953, "log10_alpha": -0.6295584147910915, "log10_colsample_bytree": -0.840524546726444, "log10_eta": -0.20164330425511112, "log10_lambda": 0.2519378294609851, "log10_min_child_weight": 1.9749549346034052, "log10_subsample": -0.09054440802155084, "max_depth": 2.0, "num_boost_round": 21.0}, "datetime": {"datetime": "2024-01-19 00:43:41", "elapsed": 1918.519069, "delta": 0.002288}}
{"target": -18.013614315761142, "params": {"gamma": 564.6726760656953, "log10_alpha": -0.6295584147910915, "log10_colsample_bytree": -0.840524546726444, "log10_eta": -0.20164330425511112, "log10_lambda": 0.2519378294609851, "log10_min_child_weight": 1.9749549346034052, "log10_subsample": -0.09054440802155084, "max_depth": 2.0, "num_boost_round": 22.0}, "datetime": {"datetime": "2024-01-19 00:43:41", "elapsed": 1918.521408, "delta": 0.002339}}
{"target": -18.01702258344914, "params": {"gamma": 564.6726760656953, "log10_alpha": -0.6295584147910915, "log10_colsample_bytree": -0.840524546726444, "log10_eta": -0.20164330425511112, "log10_lambda": 0.2519378294609851, "log10_min_child_weight": 1.9749549346034052, "log10_subsample": -0.09054440802155084, "max_depth": 2.0, "num_boost_round": 23.0}, "datetime": {"datetime": "2024-01-19 00:43:41", "elapsed": 1918.523699, "delta": 0.002291}}
{"target": -18.034684117238793, "params": {"gamma": 564.6726760656953, "log10_alpha": -0.6295584147910915, "log10_colsample_bytree": -0.840524546726444, "log10_eta": -0.20164330425511112, "log10_lambda": 0.2519378294609851, "log10_min_child_weight": 1.9749549346034052, "log10_subsample": -0.09054440802155084, "max_depth": 2.0, "num_boost_round": 24.0}, "datetime": {"datetime": "2024-01-19 00:43:41", "elapsed": 1918.526007, "delta": 0.002308}}
{"target": -18.031803903110827, "params": {"gamma": 564.6726760656953, "log10_alpha": -0.6295584147910915, "log10_colsample_bytree": -0.840524546726444, "log10_eta": -0.20164330425511112, "log10_lambda": 0.2519378294609851, "log10_min_child_weight": 1.9749549346034052, "log10_subsample": -0.09054440802155084, "max_depth": 2.0, "num_boost_round": 25.0}, "datetime": {"datetime": "2024-01-19 00:43:41", "elapsed": 1918.528296, "delta": 0.002289}}
{"target": -18.042380634012765, "params": {"gamma": 564.6726760656953, "log10_alpha": -0.6295584147910915, "log10_colsample_bytree": -0.840524546726444, "log10_eta": -0.20164330425511112, "log10_lambda": 0.2519378294609851, "log10_min_child_weight": 1.9749549346034052, "log10_subsample": -0.09054440802155084, "max_depth": 2.0, "num_boost_round": 26.0}, "datetime": {"datetime": "2024-01-19 00:43:41", "elapsed": 1918.530715, "delta": 0.002419}}
{"target": -18.029920229756534, "params": {"gamma": 564.6726760656953, "log10_alpha": -0.6295584147910915, "log10_colsample_bytree": -0.840524546726444, "log10_eta": -0.20164330425511112, "log10_lambda": 0.2519378294609851, "log10_min_child_weight": 1.9749549346034052, "log10_subsample": -0.09054440802155084, "max_depth": 2.0, "num_boost_round": 27.0}, "datetime": {"datetime": "2024-01-19 00:43:41", "elapsed": 1918.533141, "delta": 0.002426}}
{"target": -17.67719485672995, "params": {"gamma": 583.3267353380886, "log10_alpha": 0.4372346411389598, "log10_colsample_bytree": -0.5393631807393234, "log10_eta": -3.2962720829181027, "log10_lambda": -0.37693512395198603, "log10_min_child_weight": 0.30718069024772976, "log10_subsample": -0.4701382348263925, "max_depth": 6.0, "num_boost_round": 0.0}, "datetime": {"datetime": "2024-01-19 00:44:06", "elapsed": 1944.298122, "delta": 25.764981}}
{"target": -17.677187566789083, "params": {"gamma": 583.3267353380886, "log10_alpha": 0.4372346411389598, "log10_colsample_bytree": -0.5393631807393234, "log10_eta": -3.2962720829181027, "log10_lambda": -0.37693512395198603, "log10_min_child_weight": 0.30718069024772976, "log10_subsample": -0.4701382348263925, "max_depth": 6.0, "num_boost_round": 1.0}, "datetime": {"datetime": "2024-01-19 00:44:06", "elapsed": 1944.300895, "delta": 0.002773}}
{"target": -17.677156715158574, "params": {"gamma": 583.3267353380886, "log10_alpha": 0.4372346411389598, "log10_colsample_bytree": -0.5393631807393234, "log10_eta": -3.2962720829181027, "log10_lambda": -0.37693512395198603, "log10_min_child_weight": 0.30718069024772976, "log10_subsample": -0.4701382348263925, "max_depth": 6.0, "num_boost_round": 2.0}, "datetime": {"datetime": "2024-01-19 00:44:06", "elapsed": 1944.303739, "delta": 0.002844}}
{"target": -17.67716209685711, "params": {"gamma": 583.3267353380886, "log10_alpha": 0.4372346411389598, "log10_colsample_bytree": -0.5393631807393234, "log10_eta": -3.2962720829181027, "log10_lambda": -0.37693512395198603, "log10_min_child_weight": 0.30718069024772976, "log10_subsample": -0.4701382348263925, "max_depth": 6.0, "num_boost_round": 3.0}, "datetime": {"datetime": "2024-01-19 00:44:06", "elapsed": 1944.306065, "delta": 0.002326}}
{"target": -17.677148362559667, "params": {"gamma": 583.3267353380886, "log10_alpha": 0.4372346411389598, "log10_colsample_bytree": -0.5393631807393234, "log10_eta": -3.2962720829181027, "log10_lambda": -0.37693512395198603, "log10_min_child_weight": 0.30718069024772976, "log10_subsample": -0.4701382348263925, "max_depth": 6.0, "num_boost_round": 4.0}, "datetime": {"datetime": "2024-01-19 00:44:06", "elapsed": 1944.308473, "delta": 0.002408}}
{"target": -17.677130769166148, "params": {"gamma": 583.3267353380886, "log10_alpha": 0.4372346411389598, "log10_colsample_bytree": -0.5393631807393234, "log10_eta": -3.2962720829181027, "log10_lambda": -0.37693512395198603, "log10_min_child_weight": 0.30718069024772976, "log10_subsample": -0.4701382348263925, "max_depth": 6.0, "num_boost_round": 5.0}, "datetime": {"datetime": "2024-01-19 00:44:06", "elapsed": 1944.310926, "delta": 0.002453}}
{"target": -17.677124883943854, "params": {"gamma": 583.3267353380886, "log10_alpha": 0.4372346411389598, "log10_colsample_bytree": -0.5393631807393234, "log10_eta": -3.2962720829181027, "log10_lambda": -0.37693512395198603, "log10_min_child_weight": 0.30718069024772976, "log10_subsample": -0.4701382348263925, "max_depth": 6.0, "num_boost_round": 6.0}, "datetime": {"datetime": "2024-01-19 00:44:06", "elapsed": 1944.313252, "delta": 0.002326}}
{"target": -17.677103561122337, "params": {"gamma": 583.3267353380886, "log10_alpha": 0.4372346411389598, "log10_colsample_bytree": -0.5393631807393234, "log10_eta": -3.2962720829181027, "log10_lambda": -0.37693512395198603, "log10_min_child_weight": 0.30718069024772976, "log10_subsample": -0.4701382348263925, "max_depth": 6.0, "num_boost_round": 7.0}, "datetime": {"datetime": "2024-01-19 00:44:06", "elapsed": 1944.315546, "delta": 0.002294}}
{"target": -17.67708139506864, "params": {"gamma": 583.3267353380886, "log10_alpha": 0.4372346411389598, "log10_colsample_bytree": -0.5393631807393234, "log10_eta": -3.2962720829181027, "log10_lambda": -0.37693512395198603, "log10_min_child_weight": 0.30718069024772976, "log10_subsample": -0.4701382348263925, "max_depth": 6.0, "num_boost_round": 8.0}, "datetime": {"datetime": "2024-01-19 00:44:06", "elapsed": 1944.317872, "delta": 0.002326}}
