{"target": -13.758527459333997, "params": {"gamma": 87.25479225045518, "log10_alpha": -3.539278340033556, "log10_colsample_bytree": -0.23440171425829448, "log10_eta": -3.7982090209282613, "log10_lambda": -4.533628510100253, "log10_min_child_weight": 2.4290981647510144, "log10_subsample": -0.3696936483448935, "max_depth": 2.0, "num_boost_round": 9.0}, "datetime": {"datetime": "2024-01-19 02:32:42", "elapsed": 8482.256446, "delta": 0.005986}}
{"target": -13.758525990147197, "params": {"gamma": 87.25479225045518, "log10_alpha": -3.539278340033556, "log10_colsample_bytree": -0.23440171425829448, "log10_eta": -3.7982090209282613, "log10_lambda": -4.533628510100253, "log10_min_child_weight": 2.4290981647510144, "log10_subsample": -0.3696936483448935, "max_depth": 2.0, "num_boost_round": 10.0}, "datetime": {"datetime": "2024-01-19 02:32:42", "elapsed": 8482.262304, "delta": 0.005858}}
{"target": -13.75852280436541, "params": {"gamma": 87.25479225045518, "log10_alpha": -3.539278340033556, "log10_colsample_bytree": -0.23440171425829448, "log10_eta": -3.7982090209282613, "log10_lambda": -4.533628510100253, "log10_min_child_weight": 2.4290981647510144, "log10_subsample": -0.3696936483448935, "max_depth": 2.0, "num_boost_round": 11.0}, "datetime": {"datetime": "2024-01-19 02:32:42", "elapsed": 8482.268106, "delta": 0.005802}}
{"target": -13.758521384417456, "params": {"gamma": 87.25479225045518, "log10_alpha": -3.539278340033556, "log10_colsample_bytree": -0.23440171425829448, "log10_eta": -3.7982090209282613, "log10_lambda": -4.533628510100253, "log10_min_child_weight": 2.4290981647510144, "log10_subsample": -0.3696936483448935, "max_depth": 2.0, "num_boost_round": 12.0}, "datetime": {"datetime": "2024-01-19 02:32:42", "elapsed": 8482.274029, "delta": 0.005923}}
{"target": -13.758519743547419, "params": {"gamma": 87.25479225045518, "log10_alpha": -3.539278340033556, "log10_colsample_bytree": -0.23440171425829448, "log10_eta": -3.7982090209282613, "log10_lambda": -4.533628510100253, "log10_min_child_weight": 2.4290981647510144, "log10_subsample": -0.3696936483448935, "max_depth": 2.0, "num_boost_round": 13.0}, "datetime": {"datetime": "2024-01-19 02:32:42", "elapsed": 8482.280037, "delta": 0.006008}}
{"target": -13.758518119464782, "params": {"gamma": 87.25479225045518, "log10_alpha": -3.539278340033556, "log10_colsample_bytree": -0.23440171425829448, "log10_eta": -3.7982090209282613, "log10_lambda": -4.533628510100253, "log10_min_child_weight": 2.4290981647510144, "log10_subsample": -0.3696936483448935, "max_depth": 2.0, "num_boost_round": 14.0}, "datetime": {"datetime": "2024-01-19 02:32:42", "elapsed": 8482.285771, "delta": 0.005734}}
{"target": -13.758515934866288, "params": {"gamma": 87.25479225045518, "log10_alpha": -3.539278340033556, "log10_colsample_bytree": -0.23440171425829448, "log10_eta": -3.7982090209282613, "log10_lambda": -4.533628510100253, "log10_min_child_weight": 2.4290981647510144, "log10_subsample": -0.3696936483448935, "max_depth": 2.0, "num_boost_round": 15.0}, "datetime": {"datetime": "2024-01-19 02:32:42", "elapsed": 8482.291813, "delta": 0.006042}}
{"target": -13.758512440883036, "params": {"gamma": 87.25479225045518, "log10_alpha": -3.539278340033556, "log10_colsample_bytree": -0.23440171425829448, "log10_eta": -3.7982090209282613, "log10_lambda": -4.533628510100253, "log10_min_child_weight": 2.4290981647510144, "log10_subsample": -0.3696936483448935, "max_depth": 2.0, "num_boost_round": 16.0}, "datetime": {"datetime": "2024-01-19 02:32:42", "elapsed": 8482.297653, "delta": 0.00584}}
{"target": -13.758512281587722, "params": {"gamma": 87.25479225045518, "log10_alpha": -3.539278340033556, "log10_colsample_bytree": -0.23440171425829448, "log10_eta": -3.7982090209282613, "log10_lambda": -4.533628510100253, "log10_min_child_weight": 2.4290981647510144, "log10_subsample": -0.3696936483448935, "max_depth": 2.0, "num_boost_round": 17.0}, "datetime": {"datetime": "2024-01-19 02:32:42", "elapsed": 8482.303514, "delta": 0.005861}}
{"target": -13.758512141935995, "params": {"gamma": 87.25479225045518, "log10_alpha": -3.539278340033556, "log10_colsample_bytree": -0.23440171425829448, "log10_eta": -3.7982090209282613, "log10_lambda": -4.533628510100253, "log10_min_child_weight": 2.4290981647510144, "log10_subsample": -0.3696936483448935, "max_depth": 2.0, "num_boost_round": 18.0}, "datetime": {"datetime": "2024-01-19 02:32:42", "elapsed": 8482.309301, "delta": 0.005787}}
{"target": -13.758511254049383, "params": {"gamma": 87.25479225045518, "log10_alpha": -3.539278340033556, "log10_colsample_bytree": -0.23440171425829448, "log10_eta": -3.7982090209282613, "log10_lambda": -4.533628510100253, "log10_min_child_weight": 2.4290981647510144, "log10_subsample": -0.3696936483448935, "max_depth": 2.0, "num_boost_round": 19.0}, "datetime": {"datetime": "2024-01-19 02:32:42", "elapsed": 8482.315078, "delta": 0.005777}}
{"target": -13.758509959483202, "params": {"gamma": 87.25479225045518, "log10_alpha": -3.539278340033556, "log10_colsample_bytree": -0.23440171425829448, "log10_eta": -3.7982090209282613, "log10_lambda": -4.533628510100253, "log10_min_child_weight": 2.4290981647510144, "log10_subsample": -0.3696936483448935, "max_depth": 2.0, "num_boost_round": 20.0}, "datetime": {"datetime": "2024-01-19 02:32:42", "elapsed": 8482.321122, "delta": 0.006044}}
{"target": -13.758509930860047, "params": {"gamma": 87.25479225045518, "log10_alpha": -3.539278340033556, "log10_colsample_bytree": -0.23440171425829448, "log10_eta": -3.7982090209282613, "log10_lambda": -4.533628510100253, "log10_min_child_weight": 2.4290981647510144, "log10_subsample": -0.3696936483448935, "max_depth": 2.0, "num_boost_round": 21.0}, "datetime": {"datetime": "2024-01-19 02:32:42", "elapsed": 8482.327635, "delta": 0.006513}}
{"target": -13.75850798045343, "params": {"gamma": 87.25479225045518, "log10_alpha": -3.539278340033556, "log10_colsample_bytree": -0.23440171425829448, "log10_eta": -3.7982090209282613, "log10_lambda": -4.533628510100253, "log10_min_child_weight": 2.4290981647510144, "log10_subsample": -0.3696936483448935, "max_depth": 2.0, "num_boost_round": 22.0}, "datetime": {"datetime": "2024-01-19 02:32:42", "elapsed": 8482.333835, "delta": 0.0062}}
{"target": -13.758505548722303, "params": {"gamma": 87.25479225045518, "log10_alpha": -3.539278340033556, "log10_colsample_bytree": -0.23440171425829448, "log10_eta": -3.7982090209282613, "log10_lambda": -4.533628510100253, "log10_min_child_weight": 2.4290981647510144, "log10_subsample": -0.3696936483448935, "max_depth": 2.0, "num_boost_round": 23.0}, "datetime": {"datetime": "2024-01-19 02:32:42", "elapsed": 8482.339823, "delta": 0.005988}}
{"target": -13.758505433408592, "params": {"gamma": 87.25479225045518, "log10_alpha": -3.539278340033556, "log10_colsample_bytree": -0.23440171425829448, "log10_eta": -3.7982090209282613, "log10_lambda": -4.533628510100253, "log10_min_child_weight": 2.4290981647510144, "log10_subsample": -0.3696936483448935, "max_depth": 2.0, "num_boost_round": 24.0}, "datetime": {"datetime": "2024-01-19 02:32:42", "elapsed": 8482.345653, "delta": 0.00583}}
{"target": -13.758504289865936, "params": {"gamma": 87.25479225045518, "log10_alpha": -3.539278340033556, "log10_colsample_bytree": -0.23440171425829448, "log10_eta": -3.7982090209282613, "log10_lambda": -4.533628510100253, "log10_min_child_weight": 2.4290981647510144, "log10_subsample": -0.3696936483448935, "max_depth": 2.0, "num_boost_round": 25.0}, "datetime": {"datetime": "2024-01-19 02:32:42", "elapsed": 8482.351452, "delta": 0.005799}}
{"target": -13.758503465554934, "params": {"gamma": 87.25479225045518, "log10_alpha": -3.539278340033556, "log10_colsample_bytree": -0.23440171425829448, "log10_eta": -3.7982090209282613, "log10_lambda": -4.533628510100253, "log10_min_child_weight": 2.4290981647510144, "log10_subsample": -0.3696936483448935, "max_depth": 2.0, "num_boost_round": 26.0}, "datetime": {"datetime": "2024-01-19 02:32:42", "elapsed": 8482.357177, "delta": 0.005725}}
{"target": -13.758503206812128, "params": {"gamma": 87.25479225045518, "log10_alpha": -3.539278340033556, "log10_colsample_bytree": -0.23440171425829448, "log10_eta": -3.7982090209282613, "log10_lambda": -4.533628510100253, "log10_min_child_weight": 2.4290981647510144, "log10_subsample": -0.3696936483448935, "max_depth": 2.0, "num_boost_round": 27.0}, "datetime": {"datetime": "2024-01-19 02:32:42", "elapsed": 8482.362963, "delta": 0.005786}}
{"target": -13.758502392265058, "params": {"gamma": 87.25479225045518, "log10_alpha": -3.539278340033556, "log10_colsample_bytree": -0.23440171425829448, "log10_eta": -3.7982090209282613, "log10_lambda": -4.533628510100253, "log10_min_child_weight": 2.4290981647510144, "log10_subsample": -0.3696936483448935, "max_depth": 2.0, "num_boost_round": 28.0}, "datetime": {"datetime": "2024-01-19 02:32:42", "elapsed": 8482.368685, "delta": 0.005722}}
{"target": -13.758500230633087, "params": {"gamma": 87.25479225045518, "log10_alpha": -3.539278340033556, "log10_colsample_bytree": -0.23440171425829448, "log10_eta": -3.7982090209282613, "log10_lambda": -4.533628510100253, "log10_min_child_weight": 2.4290981647510144, "log10_subsample": -0.3696936483448935, "max_depth": 2.0, "num_boost_round": 29.0}, "datetime": {"datetime": "2024-01-19 02:32:42", "elapsed": 8482.374534, "delta": 0.005849}}
{"target": -13.75849830140505, "params": {"gamma": 87.25479225045518, "log10_alpha": -3.539278340033556, "log10_colsample_bytree": -0.23440171425829448, "log10_eta": -3.7982090209282613, "log10_lambda": -4.533628510100253, "log10_min_child_weight": 2.4290981647510144, "log10_subsample": -0.3696936483448935, "max_depth": 2.0, "num_boost_round": 30.0}, "datetime": {"datetime": "2024-01-19 02:32:42", "elapsed": 8482.380275, "delta": 0.005741}}
{"target": -13.758496103765768, "params": {"gamma": 87.25479225045518, "log10_alpha": -3.539278340033556, "log10_colsample_bytree": -0.23440171425829448, "log10_eta": -3.7982090209282613, "log10_lambda": -4.533628510100253, "log10_min_child_weight": 2.4290981647510144, "log10_subsample": -0.3696936483448935, "max_depth": 2.0, "num_boost_round": 31.0}, "datetime": {"datetime": "2024-01-19 02:32:42", "elapsed": 8482.386161, "delta": 0.005886}}
{"target": -13.758495391627255, "params": {"gamma": 87.25479225045518, "log10_alpha": -3.539278340033556, "log10_colsample_bytree": -0.23440171425829448, "log10_eta": -3.7982090209282613, "log10_lambda": -4.533628510100253, "log10_min_child_weight": 2.4290981647510144, "log10_subsample": -0.3696936483448935, "max_depth": 2.0, "num_boost_round": 32.0}, "datetime": {"datetime": "2024-01-19 02:32:42", "elapsed": 8482.391916, "delta": 0.005755}}
{"target": -13.758495046379979, "params": {"gamma": 87.25479225045518, "log10_alpha": -3.539278340033556, "log10_colsample_bytree": -0.23440171425829448, "log10_eta": -3.7982090209282613, "log10_lambda": -4.533628510100253, "log10_min_child_weight": 2.4290981647510144, "log10_subsample": -0.3696936483448935, "max_depth": 2.0, "num_boost_round": 33.0}, "datetime": {"datetime": "2024-01-19 02:32:42", "elapsed": 8482.397873, "delta": 0.005957}}
{"target": -13.758493016926957, "params": {"gamma": 87.25479225045518, "log10_alpha": -3.539278340033556, "log10_colsample_bytree": -0.23440171425829448, "log10_eta": -3.7982090209282613, "log10_lambda": -4.533628510100253, "log10_min_child_weight": 2.4290981647510144, "log10_subsample": -0.3696936483448935, "max_depth": 2.0, "num_boost_round": 34.0}, "datetime": {"datetime": "2024-01-19 02:32:42", "elapsed": 8482.403639, "delta": 0.005766}}
{"target": -13.758492989671842, "params": {"gamma": 87.25479225045518, "log10_alpha": -3.539278340033556, "log10_colsample_bytree": -0.23440171425829448, "log10_eta": -3.7982090209282613, "log10_lambda": -4.533628510100253, "log10_min_child_weight": 2.4290981647510144, "log10_subsample": -0.3696936483448935, "max_depth": 2.0, "num_boost_round": 35.0}, "datetime": {"datetime": "2024-01-19 02:32:42", "elapsed": 8482.409456, "delta": 0.005817}}
{"target": -13.758492206882737, "params": {"gamma": 87.25479225045518, "log10_alpha": -3.539278340033556, "log10_colsample_bytree": -0.23440171425829448, "log10_eta": -3.7982090209282613, "log10_lambda": -4.533628510100253, "log10_min_child_weight": 2.4290981647510144, "log10_subsample": -0.3696936483448935, "max_depth": 2.0, "num_boost_round": 36.0}, "datetime": {"datetime": "2024-01-19 02:32:42", "elapsed": 8482.415277, "delta": 0.005821}}
{"target": -13.758490637390961, "params": {"gamma": 87.25479225045518, "log10_alpha": -3.539278340033556, "log10_colsample_bytree": -0.23440171425829448, "log10_eta": -3.7982090209282613, "log10_lambda": -4.533628510100253, "log10_min_child_weight": 2.4290981647510144, "log10_subsample": -0.3696936483448935, "max_depth": 2.0, "num_boost_round": 37.0}, "datetime": {"datetime": "2024-01-19 02:32:42", "elapsed": 8482.421093, "delta": 0.005816}}
{"target": -13.758490602150587, "params": {"gamma": 87.25479225045518, "log10_alpha": -3.539278340033556, "log10_colsample_bytree": -0.23440171425829448, "log10_eta": -3.7982090209282613, "log10_lambda": -4.533628510100253, "log10_min_child_weight": 2.4290981647510144, "log10_subsample": -0.3696936483448935, "max_depth": 2.0, "num_boost_round": 38.0}, "datetime": {"datetime": "2024-01-19 02:32:42", "elapsed": 8482.42682, "delta": 0.005727}}
{"target": -13.758487170269685, "params": {"gamma": 87.25479225045518, "log10_alpha": -3.539278340033556, "log10_colsample_bytree": -0.23440171425829448, "log10_eta": -3.7982090209282613, "log10_lambda": -4.533628510100253, "log10_min_child_weight": 2.4290981647510144, "log10_subsample": -0.3696936483448935, "max_depth": 2.0, "num_boost_round": 39.0}, "datetime": {"datetime": "2024-01-19 02:32:42", "elapsed": 8482.432694, "delta": 0.005874}}
{"target": -13.758535359833038, "params": {"gamma": 836.3806214203554, "log10_alpha": -5.0, "log10_colsample_bytree": -1.0, "log10_eta": -3.3127629709301827, "log10_lambda": -1.0125927990441908, "log10_min_child_weight": 2.6735013332790944, "log10_subsample": -1.0, "max_depth": 6.0, "num_boost_round": 0.0}, "datetime": {"datetime": "2024-01-19 02:33:52", "elapsed": 8552.962011, "delta": 70.529317}}
{"target": -13.758530260822017, "params": {"gamma": 836.3806214203554, "log10_alpha": -5.0, "log10_colsample_bytree": -1.0, "log10_eta": -3.3127629709301827, "log10_lambda": -1.0125927990441908, "log10_min_child_weight": 2.6735013332790944, "log10_subsample": -1.0, "max_depth": 6.0, "num_boost_round": 1.0}, "datetime": {"datetime": "2024-01-19 02:33:52", "elapsed": 8552.968809, "delta": 0.006798}}
{"target": -13.758527361840159, "params": {"gamma": 836.3806214203554, "log10_alpha": -5.0, "log10_colsample_bytree": -1.0, "log10_eta": -3.3127629709301827, "log10_lambda": -1.0125927990441908, "log10_min_child_weight": 2.6735013332790944, "log10_subsample": -1.0, "max_depth": 6.0, "num_boost_round": 2.0}, "datetime": {"datetime": "2024-01-19 02:33:52", "elapsed": 8552.974917, "delta": 0.006108}}
{"target": -13.758523710000459, "params": {"gamma": 836.3806214203554, "log10_alpha": -5.0, "log10_colsample_bytree": -1.0, "log10_eta": -3.3127629709301827, "log10_lambda": -1.0125927990441908, "log10_min_child_weight": 2.6735013332790944, "log10_subsample": -1.0, "max_depth": 6.0, "num_boost_round": 3.0}, "datetime": {"datetime": "2024-01-19 02:33:52", "elapsed": 8552.98098, "delta": 0.006063}}
{"target": -13.758512189197655, "params": {"gamma": 836.3806214203554, "log10_alpha": -5.0, "log10_colsample_bytree": -1.0, "log10_eta": -3.3127629709301827, "log10_lambda": -1.0125927990441908, "log10_min_child_weight": 2.6735013332790944, "log10_subsample": -1.0, "max_depth": 6.0, "num_boost_round": 4.0}, "datetime": {"datetime": "2024-01-19 02:33:52", "elapsed": 8552.986892, "delta": 0.005912}}
{"target": -13.75850696699062, "params": {"gamma": 836.3806214203554, "log10_alpha": -5.0, "log10_colsample_bytree": -1.0, "log10_eta": -3.3127629709301827, "log10_lambda": -1.0125927990441908, "log10_min_child_weight": 2.6735013332790944, "log10_subsample": -1.0, "max_depth": 6.0, "num_boost_round": 5.0}, "datetime": {"datetime": "2024-01-19 02:33:52", "elapsed": 8552.992766, "delta": 0.005874}}
{"target": -13.758506811405107, "params": {"gamma": 836.3806214203554, "log10_alpha": -5.0, "log10_colsample_bytree": -1.0, "log10_eta": -3.3127629709301827, "log10_lambda": -1.0125927990441908, "log10_min_child_weight": 2.6735013332790944, "log10_subsample": -1.0, "max_depth": 6.0, "num_boost_round": 6.0}, "datetime": {"datetime": "2024-01-19 02:33:52", "elapsed": 8552.998813, "delta": 0.006047}}
{"target": -13.75849392641899, "params": {"gamma": 836.3806214203554, "log10_alpha": -5.0, "log10_colsample_bytree": -1.0, "log10_eta": -3.3127629709301827, "log10_lambda": -1.0125927990441908, "log10_min_child_weight": 2.6735013332790944, "log10_subsample": -1.0, "max_depth": 6.0, "num_boost_round": 7.0}, "datetime": {"datetime": "2024-01-19 02:33:53", "elapsed": 8553.004717, "delta": 0.005904}}
{"target": -13.758487592105249, "params": {"gamma": 836.3806214203554, "log10_alpha": -5.0, "log10_colsample_bytree": -1.0, "log10_eta": -3.3127629709301827, "log10_lambda": -1.0125927990441908, "log10_min_child_weight": 2.6735013332790944, "log10_subsample": -1.0, "max_depth": 6.0, "num_boost_round": 8.0}, "datetime": {"datetime": "2024-01-19 02:33:53", "elapsed": 8553.010708, "delta": 0.005991}}
{"target": -13.758489440166548, "params": {"gamma": 836.3806214203554, "log10_alpha": -5.0, "log10_colsample_bytree": -1.0, "log10_eta": -3.3127629709301827, "log10_lambda": -1.0125927990441908, "log10_min_child_weight": 2.6735013332790944, "log10_subsample": -1.0, "max_depth": 6.0, "num_boost_round": 9.0}, "datetime": {"datetime": "2024-01-19 02:33:53", "elapsed": 8553.01663, "delta": 0.005922}}
{"target": -13.758475236158981, "params": {"gamma": 836.3806214203554, "log10_alpha": -5.0, "log10_colsample_bytree": -1.0, "log10_eta": -3.3127629709301827, "log10_lambda": -1.0125927990441908, "log10_min_child_weight": 2.6735013332790944, "log10_subsample": -1.0, "max_depth": 6.0, "num_boost_round": 10.0}, "datetime": {"datetime": "2024-01-19 02:33:53", "elapsed": 8553.02271, "delta": 0.00608}}
{"target": -13.7584771408533, "params": {"gamma": 836.3806214203554, "log10_alpha": -5.0, "log10_colsample_bytree": -1.0, "log10_eta": -3.3127629709301827, "log10_lambda": -1.0125927990441908, "log10_min_child_weight": 2.6735013332790944, "log10_subsample": -1.0, "max_depth": 6.0, "num_boost_round": 11.0}, "datetime": {"datetime": "2024-01-19 02:33:53", "elapsed": 8553.028813, "delta": 0.006103}}
{"target": -13.758471495982622, "params": {"gamma": 836.3806214203554, "log10_alpha": -5.0, "log10_colsample_bytree": -1.0, "log10_eta": -3.3127629709301827, "log10_lambda": -1.0125927990441908, "log10_min_child_weight": 2.6735013332790944, "log10_subsample": -1.0, "max_depth": 6.0, "num_boost_round": 12.0}, "datetime": {"datetime": "2024-01-19 02:33:53", "elapsed": 8553.034839, "delta": 0.006026}}
{"target": -13.75845685008779, "params": {"gamma": 836.3806214203554, "log10_alpha": -5.0, "log10_colsample_bytree": -1.0, "log10_eta": -3.3127629709301827, "log10_lambda": -1.0125927990441908, "log10_min_child_weight": 2.6735013332790944, "log10_subsample": -1.0, "max_depth": 6.0, "num_boost_round": 13.0}, "datetime": {"datetime": "2024-01-19 02:33:53", "elapsed": 8553.040797, "delta": 0.005958}}
{"target": -13.758455961049222, "params": {"gamma": 836.3806214203554, "log10_alpha": -5.0, "log10_colsample_bytree": -1.0, "log10_eta": -3.3127629709301827, "log10_lambda": -1.0125927990441908, "log10_min_child_weight": 2.6735013332790944, "log10_subsample": -1.0, "max_depth": 6.0, "num_boost_round": 14.0}, "datetime": {"datetime": "2024-01-19 02:33:53", "elapsed": 8553.046673, "delta": 0.005876}}
{"target": -13.758443596099404, "params": {"gamma": 836.3806214203554, "log10_alpha": -5.0, "log10_colsample_bytree": -1.0, "log10_eta": -3.3127629709301827, "log10_lambda": -1.0125927990441908, "log10_min_child_weight": 2.6735013332790944, "log10_subsample": -1.0, "max_depth": 6.0, "num_boost_round": 15.0}, "datetime": {"datetime": "2024-01-19 02:33:53", "elapsed": 8553.05269, "delta": 0.006017}}
{"target": -13.758438263152193, "params": {"gamma": 836.3806214203554, "log10_alpha": -5.0, "log10_colsample_bytree": -1.0, "log10_eta": -3.3127629709301827, "log10_lambda": -1.0125927990441908, "log10_min_child_weight": 2.6735013332790944, "log10_subsample": -1.0, "max_depth": 6.0, "num_boost_round": 16.0}, "datetime": {"datetime": "2024-01-19 02:33:53", "elapsed": 8553.058787, "delta": 0.006097}}
{"target": -13.758430732884145, "params": {"gamma": 836.3806214203554, "log10_alpha": -5.0, "log10_colsample_bytree": -1.0, "log10_eta": -3.3127629709301827, "log10_lambda": -1.0125927990441908, "log10_min_child_weight": 2.6735013332790944, "log10_subsample": -1.0, "max_depth": 6.0, "num_boost_round": 17.0}, "datetime": {"datetime": "2024-01-19 02:33:53", "elapsed": 8553.064618, "delta": 0.005831}}
{"target": -13.758424191884375, "params": {"gamma": 836.3806214203554, "log10_alpha": -5.0, "log10_colsample_bytree": -1.0, "log10_eta": -3.3127629709301827, "log10_lambda": -1.0125927990441908, "log10_min_child_weight": 2.6735013332790944, "log10_subsample": -1.0, "max_depth": 6.0, "num_boost_round": 18.0}, "datetime": {"datetime": "2024-01-19 02:33:53", "elapsed": 8553.070667, "delta": 0.006049}}
{"target": -13.758418483732978, "params": {"gamma": 836.3806214203554, "log10_alpha": -5.0, "log10_colsample_bytree": -1.0, "log10_eta": -3.3127629709301827, "log10_lambda": -1.0125927990441908, "log10_min_child_weight": 2.6735013332790944, "log10_subsample": -1.0, "max_depth": 6.0, "num_boost_round": 19.0}, "datetime": {"datetime": "2024-01-19 02:33:53", "elapsed": 8553.076767, "delta": 0.0061}}
