{"target": -13.75847650491721, "params": {"gamma": 932.2027121411228, "log10_alpha": -2.968676253161086, "log10_colsample_bytree": -0.9519873101788394, "log10_eta": -3.3329849521748733, "log10_lambda": 0.3975370089970145, "log10_min_child_weight": 3.3983605685033798, "log10_subsample": -0.8307100600977534, "max_depth": 2.0, "num_boost_round": 31.0}, "datetime": {"datetime": "2024-01-19 01:54:39", "elapsed": 6180.437979, "delta": 0.006129}}
{"target": -13.758478080285471, "params": {"gamma": 932.2027121411228, "log10_alpha": -2.968676253161086, "log10_colsample_bytree": -0.9519873101788394, "log10_eta": -3.3329849521748733, "log10_lambda": 0.3975370089970145, "log10_min_child_weight": 3.3983605685033798, "log10_subsample": -0.8307100600977534, "max_depth": 2.0, "num_boost_round": 32.0}, "datetime": {"datetime": "2024-01-19 01:54:39", "elapsed": 6180.444124, "delta": 0.006145}}
{"target": -13.758474084747393, "params": {"gamma": 932.2027121411228, "log10_alpha": -2.968676253161086, "log10_colsample_bytree": -0.9519873101788394, "log10_eta": -3.3329849521748733, "log10_lambda": 0.3975370089970145, "log10_min_child_weight": 3.3983605685033798, "log10_subsample": -0.8307100600977534, "max_depth": 2.0, "num_boost_round": 33.0}, "datetime": {"datetime": "2024-01-19 01:54:39", "elapsed": 6180.450281, "delta": 0.006157}}
{"target": -13.758471604758903, "params": {"gamma": 932.2027121411228, "log10_alpha": -2.968676253161086, "log10_colsample_bytree": -0.9519873101788394, "log10_eta": -3.3329849521748733, "log10_lambda": 0.3975370089970145, "log10_min_child_weight": 3.3983605685033798, "log10_subsample": -0.8307100600977534, "max_depth": 2.0, "num_boost_round": 34.0}, "datetime": {"datetime": "2024-01-19 01:54:39", "elapsed": 6180.45642, "delta": 0.006139}}
{"target": -13.75847213949, "params": {"gamma": 932.2027121411228, "log10_alpha": -2.968676253161086, "log10_colsample_bytree": -0.9519873101788394, "log10_eta": -3.3329849521748733, "log10_lambda": 0.3975370089970145, "log10_min_child_weight": 3.3983605685033798, "log10_subsample": -0.8307100600977534, "max_depth": 2.0, "num_boost_round": 35.0}, "datetime": {"datetime": "2024-01-19 01:54:39", "elapsed": 6180.462524, "delta": 0.006104}}
{"target": -13.758469385447953, "params": {"gamma": 932.2027121411228, "log10_alpha": -2.968676253161086, "log10_colsample_bytree": -0.9519873101788394, "log10_eta": -3.3329849521748733, "log10_lambda": 0.3975370089970145, "log10_min_child_weight": 3.3983605685033798, "log10_subsample": -0.8307100600977534, "max_depth": 2.0, "num_boost_round": 36.0}, "datetime": {"datetime": "2024-01-19 01:54:39", "elapsed": 6180.468606, "delta": 0.006082}}
{"target": -13.758469306326274, "params": {"gamma": 932.2027121411228, "log10_alpha": -2.968676253161086, "log10_colsample_bytree": -0.9519873101788394, "log10_eta": -3.3329849521748733, "log10_lambda": 0.3975370089970145, "log10_min_child_weight": 3.3983605685033798, "log10_subsample": -0.8307100600977534, "max_depth": 2.0, "num_boost_round": 37.0}, "datetime": {"datetime": "2024-01-19 01:54:39", "elapsed": 6180.474736, "delta": 0.00613}}
{"target": -13.758472292759912, "params": {"gamma": 932.2027121411228, "log10_alpha": -2.968676253161086, "log10_colsample_bytree": -0.9519873101788394, "log10_eta": -3.3329849521748733, "log10_lambda": 0.3975370089970145, "log10_min_child_weight": 3.3983605685033798, "log10_subsample": -0.8307100600977534, "max_depth": 2.0, "num_boost_round": 38.0}, "datetime": {"datetime": "2024-01-19 01:54:39", "elapsed": 6180.480903, "delta": 0.006167}}
{"target": -13.758472225938785, "params": {"gamma": 932.2027121411228, "log10_alpha": -2.968676253161086, "log10_colsample_bytree": -0.9519873101788394, "log10_eta": -3.3329849521748733, "log10_lambda": 0.3975370089970145, "log10_min_child_weight": 3.3983605685033798, "log10_subsample": -0.8307100600977534, "max_depth": 2.0, "num_boost_round": 39.0}, "datetime": {"datetime": "2024-01-19 01:54:39", "elapsed": 6180.48704, "delta": 0.006137}}
{"target": -13.75846619449342, "params": {"gamma": 932.2027121411228, "log10_alpha": -2.968676253161086, "log10_colsample_bytree": -0.9519873101788394, "log10_eta": -3.3329849521748733, "log10_lambda": 0.3975370089970145, "log10_min_child_weight": 3.3983605685033798, "log10_subsample": -0.8307100600977534, "max_depth": 2.0, "num_boost_round": 40.0}, "datetime": {"datetime": "2024-01-19 01:54:39", "elapsed": 6180.493158, "delta": 0.006118}}
{"target": -13.758467007106823, "params": {"gamma": 932.2027121411228, "log10_alpha": -2.968676253161086, "log10_colsample_bytree": -0.9519873101788394, "log10_eta": -3.3329849521748733, "log10_lambda": 0.3975370089970145, "log10_min_child_weight": 3.3983605685033798, "log10_subsample": -0.8307100600977534, "max_depth": 2.0, "num_boost_round": 41.0}, "datetime": {"datetime": "2024-01-19 01:54:39", "elapsed": 6180.499267, "delta": 0.006109}}
{"target": -13.758463519922884, "params": {"gamma": 932.2027121411228, "log10_alpha": -2.968676253161086, "log10_colsample_bytree": -0.9519873101788394, "log10_eta": -3.3329849521748733, "log10_lambda": 0.3975370089970145, "log10_min_child_weight": 3.3983605685033798, "log10_subsample": -0.8307100600977534, "max_depth": 2.0, "num_boost_round": 42.0}, "datetime": {"datetime": "2024-01-19 01:54:39", "elapsed": 6180.505345, "delta": 0.006078}}
{"target": -13.758460421643232, "params": {"gamma": 932.2027121411228, "log10_alpha": -2.968676253161086, "log10_colsample_bytree": -0.9519873101788394, "log10_eta": -3.3329849521748733, "log10_lambda": 0.3975370089970145, "log10_min_child_weight": 3.3983605685033798, "log10_subsample": -0.8307100600977534, "max_depth": 2.0, "num_boost_round": 43.0}, "datetime": {"datetime": "2024-01-19 01:54:39", "elapsed": 6180.511442, "delta": 0.006097}}
{"target": -13.758536790689034, "params": {"gamma": 932.2524367478408, "log10_alpha": -4.0030236006047195, "log10_colsample_bytree": -0.8977559658749793, "log10_eta": -3.5659007731079444, "log10_lambda": 0.16550994459332724, "log10_min_child_weight": 4.66607829956833, "log10_subsample": -0.291783801204372, "max_depth": 5.0, "num_boost_round": 0.0}, "datetime": {"datetime": "2024-01-19 01:56:54", "elapsed": 6315.353823, "delta": 134.842381}}
{"target": -13.758536333728308, "params": {"gamma": 932.2524367478408, "log10_alpha": -4.0030236006047195, "log10_colsample_bytree": -0.8977559658749793, "log10_eta": -3.5659007731079444, "log10_lambda": 0.16550994459332724, "log10_min_child_weight": 4.66607829956833, "log10_subsample": -0.291783801204372, "max_depth": 5.0, "num_boost_round": 1.0}, "datetime": {"datetime": "2024-01-19 01:56:54", "elapsed": 6315.361753, "delta": 0.00793}}
{"target": -13.758536576712334, "params": {"gamma": 932.2524367478408, "log10_alpha": -4.0030236006047195, "log10_colsample_bytree": -0.8977559658749793, "log10_eta": -3.5659007731079444, "log10_lambda": 0.16550994459332724, "log10_min_child_weight": 4.66607829956833, "log10_subsample": -0.291783801204372, "max_depth": 5.0, "num_boost_round": 2.0}, "datetime": {"datetime": "2024-01-19 01:56:54", "elapsed": 6315.368897, "delta": 0.007144}}
{"target": -13.758537222772874, "params": {"gamma": 932.2524367478408, "log10_alpha": -4.0030236006047195, "log10_colsample_bytree": -0.8977559658749793, "log10_eta": -3.5659007731079444, "log10_lambda": 0.16550994459332724, "log10_min_child_weight": 4.66607829956833, "log10_subsample": -0.291783801204372, "max_depth": 5.0, "num_boost_round": 3.0}, "datetime": {"datetime": "2024-01-19 01:56:54", "elapsed": 6315.379892, "delta": 0.010995}}
{"target": -13.758538242994439, "params": {"gamma": 932.2524367478408, "log10_alpha": -4.0030236006047195, "log10_colsample_bytree": -0.8977559658749793, "log10_eta": -3.5659007731079444, "log10_lambda": 0.16550994459332724, "log10_min_child_weight": 4.66607829956833, "log10_subsample": -0.291783801204372, "max_depth": 5.0, "num_boost_round": 4.0}, "datetime": {"datetime": "2024-01-19 01:56:54", "elapsed": 6315.386467, "delta": 0.006575}}
{"target": -13.758536899171126, "params": {"gamma": 932.2524367478408, "log10_alpha": -4.0030236006047195, "log10_colsample_bytree": -0.8977559658749793, "log10_eta": -3.5659007731079444, "log10_lambda": 0.16550994459332724, "log10_min_child_weight": 4.66607829956833, "log10_subsample": -0.291783801204372, "max_depth": 5.0, "num_boost_round": 5.0}, "datetime": {"datetime": "2024-01-19 01:56:54", "elapsed": 6315.393095, "delta": 0.006628}}
{"target": -13.758536576403214, "params": {"gamma": 932.2524367478408, "log10_alpha": -4.0030236006047195, "log10_colsample_bytree": -0.8977559658749793, "log10_eta": -3.5659007731079444, "log10_lambda": 0.16550994459332724, "log10_min_child_weight": 4.66607829956833, "log10_subsample": -0.291783801204372, "max_depth": 5.0, "num_boost_round": 6.0}, "datetime": {"datetime": "2024-01-19 01:56:54", "elapsed": 6315.39957, "delta": 0.006475}}
{"target": -13.75853603678766, "params": {"gamma": 932.2524367478408, "log10_alpha": -4.0030236006047195, "log10_colsample_bytree": -0.8977559658749793, "log10_eta": -3.5659007731079444, "log10_lambda": 0.16550994459332724, "log10_min_child_weight": 4.66607829956833, "log10_subsample": -0.291783801204372, "max_depth": 5.0, "num_boost_round": 7.0}, "datetime": {"datetime": "2024-01-19 01:56:54", "elapsed": 6315.406082, "delta": 0.006512}}
{"target": -13.758535277371061, "params": {"gamma": 932.2524367478408, "log10_alpha": -4.0030236006047195, "log10_colsample_bytree": -0.8977559658749793, "log10_eta": -3.5659007731079444, "log10_lambda": 0.16550994459332724, "log10_min_child_weight": 4.66607829956833, "log10_subsample": -0.291783801204372, "max_depth": 5.0, "num_boost_round": 8.0}, "datetime": {"datetime": "2024-01-19 01:56:54", "elapsed": 6315.412591, "delta": 0.006509}}
{"target": -13.758537071523488, "params": {"gamma": 932.2524367478408, "log10_alpha": -4.0030236006047195, "log10_colsample_bytree": -0.8977559658749793, "log10_eta": -3.5659007731079444, "log10_lambda": 0.16550994459332724, "log10_min_child_weight": 4.66607829956833, "log10_subsample": -0.291783801204372, "max_depth": 5.0, "num_boost_round": 9.0}, "datetime": {"datetime": "2024-01-19 01:56:54", "elapsed": 6315.419087, "delta": 0.006496}}
{"target": -13.758536550779707, "params": {"gamma": 932.2524367478408, "log10_alpha": -4.0030236006047195, "log10_colsample_bytree": -0.8977559658749793, "log10_eta": -3.5659007731079444, "log10_lambda": 0.16550994459332724, "log10_min_child_weight": 4.66607829956833, "log10_subsample": -0.291783801204372, "max_depth": 5.0, "num_boost_round": 10.0}, "datetime": {"datetime": "2024-01-19 01:56:54", "elapsed": 6315.425684, "delta": 0.006597}}
{"target": -13.758536821853136, "params": {"gamma": 932.2524367478408, "log10_alpha": -4.0030236006047195, "log10_colsample_bytree": -0.8977559658749793, "log10_eta": -3.5659007731079444, "log10_lambda": 0.16550994459332724, "log10_min_child_weight": 4.66607829956833, "log10_subsample": -0.291783801204372, "max_depth": 5.0, "num_boost_round": 11.0}, "datetime": {"datetime": "2024-01-19 01:56:54", "elapsed": 6315.432174, "delta": 0.00649}}
{"target": -13.75853771641784, "params": {"gamma": 932.2524367478408, "log10_alpha": -4.0030236006047195, "log10_colsample_bytree": -0.8977559658749793, "log10_eta": -3.5659007731079444, "log10_lambda": 0.16550994459332724, "log10_min_child_weight": 4.66607829956833, "log10_subsample": -0.291783801204372, "max_depth": 5.0, "num_boost_round": 12.0}, "datetime": {"datetime": "2024-01-19 01:56:54", "elapsed": 6315.438603, "delta": 0.006429}}
{"target": -13.758535138558633, "params": {"gamma": 932.2524367478408, "log10_alpha": -4.0030236006047195, "log10_colsample_bytree": -0.8977559658749793, "log10_eta": -3.5659007731079444, "log10_lambda": 0.16550994459332724, "log10_min_child_weight": 4.66607829956833, "log10_subsample": -0.291783801204372, "max_depth": 5.0, "num_boost_round": 13.0}, "datetime": {"datetime": "2024-01-19 01:56:54", "elapsed": 6315.548042, "delta": 0.109439}}
{"target": -13.758535445827112, "params": {"gamma": 932.2524367478408, "log10_alpha": -4.0030236006047195, "log10_colsample_bytree": -0.8977559658749793, "log10_eta": -3.5659007731079444, "log10_lambda": 0.16550994459332724, "log10_min_child_weight": 4.66607829956833, "log10_subsample": -0.291783801204372, "max_depth": 5.0, "num_boost_round": 14.0}, "datetime": {"datetime": "2024-01-19 01:56:54", "elapsed": 6315.554748, "delta": 0.006706}}
{"target": -13.758531889233451, "params": {"gamma": 932.2524367478408, "log10_alpha": -4.0030236006047195, "log10_colsample_bytree": -0.8977559658749793, "log10_eta": -3.5659007731079444, "log10_lambda": 0.16550994459332724, "log10_min_child_weight": 4.66607829956833, "log10_subsample": -0.291783801204372, "max_depth": 5.0, "num_boost_round": 15.0}, "datetime": {"datetime": "2024-01-19 01:56:54", "elapsed": 6315.560874, "delta": 0.006126}}
{"target": -13.758529318785188, "params": {"gamma": 932.2524367478408, "log10_alpha": -4.0030236006047195, "log10_colsample_bytree": -0.8977559658749793, "log10_eta": -3.5659007731079444, "log10_lambda": 0.16550994459332724, "log10_min_child_weight": 4.66607829956833, "log10_subsample": -0.291783801204372, "max_depth": 5.0, "num_boost_round": 16.0}, "datetime": {"datetime": "2024-01-19 01:56:54", "elapsed": 6315.567002, "delta": 0.006128}}
{"target": -13.75852978960042, "params": {"gamma": 932.2524367478408, "log10_alpha": -4.0030236006047195, "log10_colsample_bytree": -0.8977559658749793, "log10_eta": -3.5659007731079444, "log10_lambda": 0.16550994459332724, "log10_min_child_weight": 4.66607829956833, "log10_subsample": -0.291783801204372, "max_depth": 5.0, "num_boost_round": 17.0}, "datetime": {"datetime": "2024-01-19 01:56:54", "elapsed": 6315.573115, "delta": 0.006113}}
{"target": -13.758528127210775, "params": {"gamma": 932.2524367478408, "log10_alpha": -4.0030236006047195, "log10_colsample_bytree": -0.8977559658749793, "log10_eta": -3.5659007731079444, "log10_lambda": 0.16550994459332724, "log10_min_child_weight": 4.66607829956833, "log10_subsample": -0.291783801204372, "max_depth": 5.0, "num_boost_round": 18.0}, "datetime": {"datetime": "2024-01-19 01:56:54", "elapsed": 6315.579213, "delta": 0.006098}}
{"target": -13.7585289368432, "params": {"gamma": 932.2524367478408, "log10_alpha": -4.0030236006047195, "log10_colsample_bytree": -0.8977559658749793, "log10_eta": -3.5659007731079444, "log10_lambda": 0.16550994459332724, "log10_min_child_weight": 4.66607829956833, "log10_subsample": -0.291783801204372, "max_depth": 5.0, "num_boost_round": 19.0}, "datetime": {"datetime": "2024-01-19 01:56:54", "elapsed": 6315.58605, "delta": 0.006837}}
{"target": -13.758529453183826, "params": {"gamma": 932.2524367478408, "log10_alpha": -4.0030236006047195, "log10_colsample_bytree": -0.8977559658749793, "log10_eta": -3.5659007731079444, "log10_lambda": 0.16550994459332724, "log10_min_child_weight": 4.66607829956833, "log10_subsample": -0.291783801204372, "max_depth": 5.0, "num_boost_round": 20.0}, "datetime": {"datetime": "2024-01-19 01:56:54", "elapsed": 6315.592169, "delta": 0.006119}}
{"target": -13.758528370307486, "params": {"gamma": 932.2524367478408, "log10_alpha": -4.0030236006047195, "log10_colsample_bytree": -0.8977559658749793, "log10_eta": -3.5659007731079444, "log10_lambda": 0.16550994459332724, "log10_min_child_weight": 4.66607829956833, "log10_subsample": -0.291783801204372, "max_depth": 5.0, "num_boost_round": 21.0}, "datetime": {"datetime": "2024-01-19 01:56:54", "elapsed": 6315.598329, "delta": 0.00616}}
{"target": -13.758528933657109, "params": {"gamma": 932.2524367478408, "log10_alpha": -4.0030236006047195, "log10_colsample_bytree": -0.8977559658749793, "log10_eta": -3.5659007731079444, "log10_lambda": 0.16550994459332724, "log10_min_child_weight": 4.66607829956833, "log10_subsample": -0.291783801204372, "max_depth": 5.0, "num_boost_round": 22.0}, "datetime": {"datetime": "2024-01-19 01:56:54", "elapsed": 6315.604371, "delta": 0.006042}}
{"target": -13.75852802255336, "params": {"gamma": 932.2524367478408, "log10_alpha": -4.0030236006047195, "log10_colsample_bytree": -0.8977559658749793, "log10_eta": -3.5659007731079444, "log10_lambda": 0.16550994459332724, "log10_min_child_weight": 4.66607829956833, "log10_subsample": -0.291783801204372, "max_depth": 5.0, "num_boost_round": 23.0}, "datetime": {"datetime": "2024-01-19 01:56:54", "elapsed": 6315.610426, "delta": 0.006055}}
{"target": -13.758527163777382, "params": {"gamma": 932.2524367478408, "log10_alpha": -4.0030236006047195, "log10_colsample_bytree": -0.8977559658749793, "log10_eta": -3.5659007731079444, "log10_lambda": 0.16550994459332724, "log10_min_child_weight": 4.66607829956833, "log10_subsample": -0.291783801204372, "max_depth": 5.0, "num_boost_round": 24.0}, "datetime": {"datetime": "2024-01-19 01:56:54", "elapsed": 6315.616425, "delta": 0.005999}}
{"target": -13.7585268698048, "params": {"gamma": 932.2524367478408, "log10_alpha": -4.0030236006047195, "log10_colsample_bytree": -0.8977559658749793, "log10_eta": -3.5659007731079444, "log10_lambda": 0.16550994459332724, "log10_min_child_weight": 4.66607829956833, "log10_subsample": -0.291783801204372, "max_depth": 5.0, "num_boost_round": 25.0}, "datetime": {"datetime": "2024-01-19 01:56:54", "elapsed": 6315.622646, "delta": 0.006221}}
{"target": -13.758525405796664, "params": {"gamma": 932.2524367478408, "log10_alpha": -4.0030236006047195, "log10_colsample_bytree": -0.8977559658749793, "log10_eta": -3.5659007731079444, "log10_lambda": 0.16550994459332724, "log10_min_child_weight": 4.66607829956833, "log10_subsample": -0.291783801204372, "max_depth": 5.0, "num_boost_round": 26.0}, "datetime": {"datetime": "2024-01-19 01:56:54", "elapsed": 6315.628823, "delta": 0.006177}}
{"target": -13.758522929581217, "params": {"gamma": 932.2524367478408, "log10_alpha": -4.0030236006047195, "log10_colsample_bytree": -0.8977559658749793, "log10_eta": -3.5659007731079444, "log10_lambda": 0.16550994459332724, "log10_min_child_weight": 4.66607829956833, "log10_subsample": -0.291783801204372, "max_depth": 5.0, "num_boost_round": 27.0}, "datetime": {"datetime": "2024-01-19 01:56:54", "elapsed": 6315.634958, "delta": 0.006135}}
{"target": -13.758520224768787, "params": {"gamma": 932.2524367478408, "log10_alpha": -4.0030236006047195, "log10_colsample_bytree": -0.8977559658749793, "log10_eta": -3.5659007731079444, "log10_lambda": 0.16550994459332724, "log10_min_child_weight": 4.66607829956833, "log10_subsample": -0.291783801204372, "max_depth": 5.0, "num_boost_round": 28.0}, "datetime": {"datetime": "2024-01-19 01:56:54", "elapsed": 6315.641107, "delta": 0.006149}}
{"target": -13.75851935692594, "params": {"gamma": 932.2524367478408, "log10_alpha": -4.0030236006047195, "log10_colsample_bytree": -0.8977559658749793, "log10_eta": -3.5659007731079444, "log10_lambda": 0.16550994459332724, "log10_min_child_weight": 4.66607829956833, "log10_subsample": -0.291783801204372, "max_depth": 5.0, "num_boost_round": 29.0}, "datetime": {"datetime": "2024-01-19 01:56:54", "elapsed": 6315.647291, "delta": 0.006184}}
{"target": -13.758519464254347, "params": {"gamma": 932.2524367478408, "log10_alpha": -4.0030236006047195, "log10_colsample_bytree": -0.8977559658749793, "log10_eta": -3.5659007731079444, "log10_lambda": 0.16550994459332724, "log10_min_child_weight": 4.66607829956833, "log10_subsample": -0.291783801204372, "max_depth": 5.0, "num_boost_round": 30.0}, "datetime": {"datetime": "2024-01-19 01:56:54", "elapsed": 6315.653451, "delta": 0.00616}}
{"target": -13.758520258600802, "params": {"gamma": 932.2524367478408, "log10_alpha": -4.0030236006047195, "log10_colsample_bytree": -0.8977559658749793, "log10_eta": -3.5659007731079444, "log10_lambda": 0.16550994459332724, "log10_min_child_weight": 4.66607829956833, "log10_subsample": -0.291783801204372, "max_depth": 5.0, "num_boost_round": 31.0}, "datetime": {"datetime": "2024-01-19 01:56:54", "elapsed": 6315.659604, "delta": 0.006153}}
{"target": -13.758519610813712, "params": {"gamma": 932.2524367478408, "log10_alpha": -4.0030236006047195, "log10_colsample_bytree": -0.8977559658749793, "log10_eta": -3.5659007731079444, "log10_lambda": 0.16550994459332724, "log10_min_child_weight": 4.66607829956833, "log10_subsample": -0.291783801204372, "max_depth": 5.0, "num_boost_round": 32.0}, "datetime": {"datetime": "2024-01-19 01:56:54", "elapsed": 6315.665748, "delta": 0.006144}}
{"target": -13.75851755506624, "params": {"gamma": 932.2524367478408, "log10_alpha": -4.0030236006047195, "log10_colsample_bytree": -0.8977559658749793, "log10_eta": -3.5659007731079444, "log10_lambda": 0.16550994459332724, "log10_min_child_weight": 4.66607829956833, "log10_subsample": -0.291783801204372, "max_depth": 5.0, "num_boost_round": 33.0}, "datetime": {"datetime": "2024-01-19 01:56:54", "elapsed": 6315.67197, "delta": 0.006222}}
{"target": -13.758517419357611, "params": {"gamma": 932.2524367478408, "log10_alpha": -4.0030236006047195, "log10_colsample_bytree": -0.8977559658749793, "log10_eta": -3.5659007731079444, "log10_lambda": 0.16550994459332724, "log10_min_child_weight": 4.66607829956833, "log10_subsample": -0.291783801204372, "max_depth": 5.0, "num_boost_round": 34.0}, "datetime": {"datetime": "2024-01-19 01:56:54", "elapsed": 6315.678269, "delta": 0.006299}}
{"target": -13.758517018285525, "params": {"gamma": 932.2524367478408, "log10_alpha": -4.0030236006047195, "log10_colsample_bytree": -0.8977559658749793, "log10_eta": -3.5659007731079444, "log10_lambda": 0.16550994459332724, "log10_min_child_weight": 4.66607829956833, "log10_subsample": -0.291783801204372, "max_depth": 5.0, "num_boost_round": 35.0}, "datetime": {"datetime": "2024-01-19 01:56:54", "elapsed": 6315.68455, "delta": 0.006281}}
