{"target": -17.707919538185067, "params": {"gamma": 831.8679318239685, "log10_alpha": -4.641395581592125, "log10_colsample_bytree": -0.23592047084472256, "log10_eta": -1.318809124728348, "log10_lambda": -2.7887686858293135, "log10_min_child_weight": 1.414559559027423, "log10_subsample": -0.2143829077785594, "max_depth": 9.0, "num_boost_round": 13.0}, "datetime": {"datetime": "2024-01-19 01:36:44", "elapsed": 5089.073755, "delta": 0.006456}}
{"target": -17.711916899805885, "params": {"gamma": 831.8679318239685, "log10_alpha": -4.641395581592125, "log10_colsample_bytree": -0.23592047084472256, "log10_eta": -1.318809124728348, "log10_lambda": -2.7887686858293135, "log10_min_child_weight": 1.414559559027423, "log10_subsample": -0.2143829077785594, "max_depth": 9.0, "num_boost_round": 14.0}, "datetime": {"datetime": "2024-01-19 01:36:44", "elapsed": 5089.079952, "delta": 0.006197}}
{"target": -17.71419969152724, "params": {"gamma": 831.8679318239685, "log10_alpha": -4.641395581592125, "log10_colsample_bytree": -0.23592047084472256, "log10_eta": -1.318809124728348, "log10_lambda": -2.7887686858293135, "log10_min_child_weight": 1.414559559027423, "log10_subsample": -0.2143829077785594, "max_depth": 9.0, "num_boost_round": 15.0}, "datetime": {"datetime": "2024-01-19 01:36:44", "elapsed": 5089.08624, "delta": 0.006288}}
{"target": -17.720150882544104, "params": {"gamma": 831.8679318239685, "log10_alpha": -4.641395581592125, "log10_colsample_bytree": -0.23592047084472256, "log10_eta": -1.318809124728348, "log10_lambda": -2.7887686858293135, "log10_min_child_weight": 1.414559559027423, "log10_subsample": -0.2143829077785594, "max_depth": 9.0, "num_boost_round": 16.0}, "datetime": {"datetime": "2024-01-19 01:36:44", "elapsed": 5089.093003, "delta": 0.006763}}
{"target": -17.72721216594157, "params": {"gamma": 831.8679318239685, "log10_alpha": -4.641395581592125, "log10_colsample_bytree": -0.23592047084472256, "log10_eta": -1.318809124728348, "log10_lambda": -2.7887686858293135, "log10_min_child_weight": 1.414559559027423, "log10_subsample": -0.2143829077785594, "max_depth": 9.0, "num_boost_round": 17.0}, "datetime": {"datetime": "2024-01-19 01:36:44", "elapsed": 5089.099465, "delta": 0.006462}}
{"target": -17.73240568817576, "params": {"gamma": 831.8679318239685, "log10_alpha": -4.641395581592125, "log10_colsample_bytree": -0.23592047084472256, "log10_eta": -1.318809124728348, "log10_lambda": -2.7887686858293135, "log10_min_child_weight": 1.414559559027423, "log10_subsample": -0.2143829077785594, "max_depth": 9.0, "num_boost_round": 18.0}, "datetime": {"datetime": "2024-01-19 01:36:44", "elapsed": 5089.105715, "delta": 0.00625}}
{"target": -17.737622814075866, "params": {"gamma": 831.8679318239685, "log10_alpha": -4.641395581592125, "log10_colsample_bytree": -0.23592047084472256, "log10_eta": -1.318809124728348, "log10_lambda": -2.7887686858293135, "log10_min_child_weight": 1.414559559027423, "log10_subsample": -0.2143829077785594, "max_depth": 9.0, "num_boost_round": 19.0}, "datetime": {"datetime": "2024-01-19 01:36:44", "elapsed": 5089.112024, "delta": 0.006309}}
{"target": -17.743942720861824, "params": {"gamma": 831.8679318239685, "log10_alpha": -4.641395581592125, "log10_colsample_bytree": -0.23592047084472256, "log10_eta": -1.318809124728348, "log10_lambda": -2.7887686858293135, "log10_min_child_weight": 1.414559559027423, "log10_subsample": -0.2143829077785594, "max_depth": 9.0, "num_boost_round": 20.0}, "datetime": {"datetime": "2024-01-19 01:36:44", "elapsed": 5089.118242, "delta": 0.006218}}
{"target": -17.750176451449867, "params": {"gamma": 831.8679318239685, "log10_alpha": -4.641395581592125, "log10_colsample_bytree": -0.23592047084472256, "log10_eta": -1.318809124728348, "log10_lambda": -2.7887686858293135, "log10_min_child_weight": 1.414559559027423, "log10_subsample": -0.2143829077785594, "max_depth": 9.0, "num_boost_round": 21.0}, "datetime": {"datetime": "2024-01-19 01:36:44", "elapsed": 5089.124434, "delta": 0.006192}}
{"target": -17.753642633223254, "params": {"gamma": 831.8679318239685, "log10_alpha": -4.641395581592125, "log10_colsample_bytree": -0.23592047084472256, "log10_eta": -1.318809124728348, "log10_lambda": -2.7887686858293135, "log10_min_child_weight": 1.414559559027423, "log10_subsample": -0.2143829077785594, "max_depth": 9.0, "num_boost_round": 22.0}, "datetime": {"datetime": "2024-01-19 01:36:44", "elapsed": 5089.13067, "delta": 0.006236}}
{"target": -17.76418003659983, "params": {"gamma": 831.8679318239685, "log10_alpha": -4.641395581592125, "log10_colsample_bytree": -0.23592047084472256, "log10_eta": -1.318809124728348, "log10_lambda": -2.7887686858293135, "log10_min_child_weight": 1.414559559027423, "log10_subsample": -0.2143829077785594, "max_depth": 9.0, "num_boost_round": 23.0}, "datetime": {"datetime": "2024-01-19 01:36:44", "elapsed": 5089.136794, "delta": 0.006124}}
{"target": -17.775424517533263, "params": {"gamma": 831.8679318239685, "log10_alpha": -4.641395581592125, "log10_colsample_bytree": -0.23592047084472256, "log10_eta": -1.318809124728348, "log10_lambda": -2.7887686858293135, "log10_min_child_weight": 1.414559559027423, "log10_subsample": -0.2143829077785594, "max_depth": 9.0, "num_boost_round": 24.0}, "datetime": {"datetime": "2024-01-19 01:36:44", "elapsed": 5089.143005, "delta": 0.006211}}
{"target": -17.78241405653659, "params": {"gamma": 831.8679318239685, "log10_alpha": -4.641395581592125, "log10_colsample_bytree": -0.23592047084472256, "log10_eta": -1.318809124728348, "log10_lambda": -2.7887686858293135, "log10_min_child_weight": 1.414559559027423, "log10_subsample": -0.2143829077785594, "max_depth": 9.0, "num_boost_round": 25.0}, "datetime": {"datetime": "2024-01-19 01:36:44", "elapsed": 5089.149391, "delta": 0.006386}}
{"target": -17.789323108789137, "params": {"gamma": 831.8679318239685, "log10_alpha": -4.641395581592125, "log10_colsample_bytree": -0.23592047084472256, "log10_eta": -1.318809124728348, "log10_lambda": -2.7887686858293135, "log10_min_child_weight": 1.414559559027423, "log10_subsample": -0.2143829077785594, "max_depth": 9.0, "num_boost_round": 26.0}, "datetime": {"datetime": "2024-01-19 01:36:44", "elapsed": 5089.155649, "delta": 0.006258}}
{"target": -17.797466540215314, "params": {"gamma": 831.8679318239685, "log10_alpha": -4.641395581592125, "log10_colsample_bytree": -0.23592047084472256, "log10_eta": -1.318809124728348, "log10_lambda": -2.7887686858293135, "log10_min_child_weight": 1.414559559027423, "log10_subsample": -0.2143829077785594, "max_depth": 9.0, "num_boost_round": 27.0}, "datetime": {"datetime": "2024-01-19 01:36:44", "elapsed": 5089.161742, "delta": 0.006093}}
{"target": -17.800265280161522, "params": {"gamma": 831.8679318239685, "log10_alpha": -4.641395581592125, "log10_colsample_bytree": -0.23592047084472256, "log10_eta": -1.318809124728348, "log10_lambda": -2.7887686858293135, "log10_min_child_weight": 1.414559559027423, "log10_subsample": -0.2143829077785594, "max_depth": 9.0, "num_boost_round": 28.0}, "datetime": {"datetime": "2024-01-19 01:36:44", "elapsed": 5089.168073, "delta": 0.006331}}
{"target": -17.806516752920917, "params": {"gamma": 831.8679318239685, "log10_alpha": -4.641395581592125, "log10_colsample_bytree": -0.23592047084472256, "log10_eta": -1.318809124728348, "log10_lambda": -2.7887686858293135, "log10_min_child_weight": 1.414559559027423, "log10_subsample": -0.2143829077785594, "max_depth": 9.0, "num_boost_round": 29.0}, "datetime": {"datetime": "2024-01-19 01:36:44", "elapsed": 5089.174113, "delta": 0.00604}}
{"target": -17.807849576676162, "params": {"gamma": 831.8679318239685, "log10_alpha": -4.641395581592125, "log10_colsample_bytree": -0.23592047084472256, "log10_eta": -1.318809124728348, "log10_lambda": -2.7887686858293135, "log10_min_child_weight": 1.414559559027423, "log10_subsample": -0.2143829077785594, "max_depth": 9.0, "num_boost_round": 30.0}, "datetime": {"datetime": "2024-01-19 01:36:44", "elapsed": 5089.180176, "delta": 0.006063}}
{"target": -17.81196203978141, "params": {"gamma": 831.8679318239685, "log10_alpha": -4.641395581592125, "log10_colsample_bytree": -0.23592047084472256, "log10_eta": -1.318809124728348, "log10_lambda": -2.7887686858293135, "log10_min_child_weight": 1.414559559027423, "log10_subsample": -0.2143829077785594, "max_depth": 9.0, "num_boost_round": 31.0}, "datetime": {"datetime": "2024-01-19 01:36:44", "elapsed": 5089.18636, "delta": 0.006184}}
{"target": -17.82761325550278, "params": {"gamma": 831.8679318239685, "log10_alpha": -4.641395581592125, "log10_colsample_bytree": -0.23592047084472256, "log10_eta": -1.318809124728348, "log10_lambda": -2.7887686858293135, "log10_min_child_weight": 1.414559559027423, "log10_subsample": -0.2143829077785594, "max_depth": 9.0, "num_boost_round": 32.0}, "datetime": {"datetime": "2024-01-19 01:36:44", "elapsed": 5089.192788, "delta": 0.006428}}
{"target": -17.829450352097158, "params": {"gamma": 831.8679318239685, "log10_alpha": -4.641395581592125, "log10_colsample_bytree": -0.23592047084472256, "log10_eta": -1.318809124728348, "log10_lambda": -2.7887686858293135, "log10_min_child_weight": 1.414559559027423, "log10_subsample": -0.2143829077785594, "max_depth": 9.0, "num_boost_round": 33.0}, "datetime": {"datetime": "2024-01-19 01:36:44", "elapsed": 5089.199283, "delta": 0.006495}}
{"target": -17.83494287081131, "params": {"gamma": 831.8679318239685, "log10_alpha": -4.641395581592125, "log10_colsample_bytree": -0.23592047084472256, "log10_eta": -1.318809124728348, "log10_lambda": -2.7887686858293135, "log10_min_child_weight": 1.414559559027423, "log10_subsample": -0.2143829077785594, "max_depth": 9.0, "num_boost_round": 34.0}, "datetime": {"datetime": "2024-01-19 01:36:44", "elapsed": 5089.205444, "delta": 0.006161}}
{"target": -17.83721273892692, "params": {"gamma": 831.8679318239685, "log10_alpha": -4.641395581592125, "log10_colsample_bytree": -0.23592047084472256, "log10_eta": -1.318809124728348, "log10_lambda": -2.7887686858293135, "log10_min_child_weight": 1.414559559027423, "log10_subsample": -0.2143829077785594, "max_depth": 9.0, "num_boost_round": 35.0}, "datetime": {"datetime": "2024-01-19 01:36:44", "elapsed": 5089.211611, "delta": 0.006167}}
{"target": -17.840858648310938, "params": {"gamma": 831.8679318239685, "log10_alpha": -4.641395581592125, "log10_colsample_bytree": -0.23592047084472256, "log10_eta": -1.318809124728348, "log10_lambda": -2.7887686858293135, "log10_min_child_weight": 1.414559559027423, "log10_subsample": -0.2143829077785594, "max_depth": 9.0, "num_boost_round": 36.0}, "datetime": {"datetime": "2024-01-19 01:36:44", "elapsed": 5089.217847, "delta": 0.006236}}
{"target": -17.85289735486559, "params": {"gamma": 831.8679318239685, "log10_alpha": -4.641395581592125, "log10_colsample_bytree": -0.23592047084472256, "log10_eta": -1.318809124728348, "log10_lambda": -2.7887686858293135, "log10_min_child_weight": 1.414559559027423, "log10_subsample": -0.2143829077785594, "max_depth": 9.0, "num_boost_round": 37.0}, "datetime": {"datetime": "2024-01-19 01:36:44", "elapsed": 5089.224053, "delta": 0.006206}}
{"target": -17.86949162758558, "params": {"gamma": 831.8679318239685, "log10_alpha": -4.641395581592125, "log10_colsample_bytree": -0.23592047084472256, "log10_eta": -1.318809124728348, "log10_lambda": -2.7887686858293135, "log10_min_child_weight": 1.414559559027423, "log10_subsample": -0.2143829077785594, "max_depth": 9.0, "num_boost_round": 38.0}, "datetime": {"datetime": "2024-01-19 01:36:44", "elapsed": 5089.230296, "delta": 0.006243}}
{"target": -17.879795070906958, "params": {"gamma": 831.8679318239685, "log10_alpha": -4.641395581592125, "log10_colsample_bytree": -0.23592047084472256, "log10_eta": -1.318809124728348, "log10_lambda": -2.7887686858293135, "log10_min_child_weight": 1.414559559027423, "log10_subsample": -0.2143829077785594, "max_depth": 9.0, "num_boost_round": 39.0}, "datetime": {"datetime": "2024-01-19 01:36:44", "elapsed": 5089.236744, "delta": 0.006448}}
{"target": -17.88169368727721, "params": {"gamma": 831.8679318239685, "log10_alpha": -4.641395581592125, "log10_colsample_bytree": -0.23592047084472256, "log10_eta": -1.318809124728348, "log10_lambda": -2.7887686858293135, "log10_min_child_weight": 1.414559559027423, "log10_subsample": -0.2143829077785594, "max_depth": 9.0, "num_boost_round": 40.0}, "datetime": {"datetime": "2024-01-19 01:36:44", "elapsed": 5089.24293, "delta": 0.006186}}
{"target": -17.677125596563474, "params": {"gamma": 821.7266343503835, "log10_alpha": -3.306012800567519, "log10_colsample_bytree": -0.7752454237328164, "log10_eta": -2.787945704068017, "log10_lambda": -2.872866077811654, "log10_min_child_weight": 2.6269093178669403, "log10_subsample": -0.06592595867150342, "max_depth": 7.0, "num_boost_round": 0.0}, "datetime": {"datetime": "2024-01-19 01:38:07", "elapsed": 5171.981759, "delta": 82.738829}}
{"target": -17.677096634287533, "params": {"gamma": 821.7266343503835, "log10_alpha": -3.306012800567519, "log10_colsample_bytree": -0.7752454237328164, "log10_eta": -2.787945704068017, "log10_lambda": -2.872866077811654, "log10_min_child_weight": 2.6269093178669403, "log10_subsample": -0.06592595867150342, "max_depth": 7.0, "num_boost_round": 1.0}, "datetime": {"datetime": "2024-01-19 01:38:07", "elapsed": 5171.988433, "delta": 0.006674}}
{"target": -17.67699476506272, "params": {"gamma": 821.7266343503835, "log10_alpha": -3.306012800567519, "log10_colsample_bytree": -0.7752454237328164, "log10_eta": -2.787945704068017, "log10_lambda": -2.872866077811654, "log10_min_child_weight": 2.6269093178669403, "log10_subsample": -0.06592595867150342, "max_depth": 7.0, "num_boost_round": 2.0}, "datetime": {"datetime": "2024-01-19 01:38:07", "elapsed": 5171.994271, "delta": 0.005838}}
{"target": -17.67696006400151, "params": {"gamma": 821.7266343503835, "log10_alpha": -3.306012800567519, "log10_colsample_bytree": -0.7752454237328164, "log10_eta": -2.787945704068017, "log10_lambda": -2.872866077811654, "log10_min_child_weight": 2.6269093178669403, "log10_subsample": -0.06592595867150342, "max_depth": 7.0, "num_boost_round": 3.0}, "datetime": {"datetime": "2024-01-19 01:38:07", "elapsed": 5171.999898, "delta": 0.005627}}
{"target": -17.67678010933443, "params": {"gamma": 821.7266343503835, "log10_alpha": -3.306012800567519, "log10_colsample_bytree": -0.7752454237328164, "log10_eta": -2.787945704068017, "log10_lambda": -2.872866077811654, "log10_min_child_weight": 2.6269093178669403, "log10_subsample": -0.06592595867150342, "max_depth": 7.0, "num_boost_round": 4.0}, "datetime": {"datetime": "2024-01-19 01:38:07", "elapsed": 5172.005478, "delta": 0.00558}}
{"target": -17.676775531517507, "params": {"gamma": 821.7266343503835, "log10_alpha": -3.306012800567519, "log10_colsample_bytree": -0.7752454237328164, "log10_eta": -2.787945704068017, "log10_lambda": -2.872866077811654, "log10_min_child_weight": 2.6269093178669403, "log10_subsample": -0.06592595867150342, "max_depth": 7.0, "num_boost_round": 5.0}, "datetime": {"datetime": "2024-01-19 01:38:07", "elapsed": 5172.01112, "delta": 0.005642}}
{"target": -17.676777937439972, "params": {"gamma": 821.7266343503835, "log10_alpha": -3.306012800567519, "log10_colsample_bytree": -0.7752454237328164, "log10_eta": -2.787945704068017, "log10_lambda": -2.872866077811654, "log10_min_child_weight": 2.6269093178669403, "log10_subsample": -0.06592595867150342, "max_depth": 7.0, "num_boost_round": 6.0}, "datetime": {"datetime": "2024-01-19 01:38:07", "elapsed": 5172.016388, "delta": 0.005268}}
{"target": -17.676620294601175, "params": {"gamma": 821.7266343503835, "log10_alpha": -3.306012800567519, "log10_colsample_bytree": -0.7752454237328164, "log10_eta": -2.787945704068017, "log10_lambda": -2.872866077811654, "log10_min_child_weight": 2.6269093178669403, "log10_subsample": -0.06592595867150342, "max_depth": 7.0, "num_boost_round": 7.0}, "datetime": {"datetime": "2024-01-19 01:38:07", "elapsed": 5172.021737, "delta": 0.005349}}
{"target": -17.676606005852125, "params": {"gamma": 821.7266343503835, "log10_alpha": -3.306012800567519, "log10_colsample_bytree": -0.7752454237328164, "log10_eta": -2.787945704068017, "log10_lambda": -2.872866077811654, "log10_min_child_weight": 2.6269093178669403, "log10_subsample": -0.06592595867150342, "max_depth": 7.0, "num_boost_round": 8.0}, "datetime": {"datetime": "2024-01-19 01:38:07", "elapsed": 5172.02706, "delta": 0.005323}}
{"target": -17.676613078434823, "params": {"gamma": 821.7266343503835, "log10_alpha": -3.306012800567519, "log10_colsample_bytree": -0.7752454237328164, "log10_eta": -2.787945704068017, "log10_lambda": -2.872866077811654, "log10_min_child_weight": 2.6269093178669403, "log10_subsample": -0.06592595867150342, "max_depth": 7.0, "num_boost_round": 9.0}, "datetime": {"datetime": "2024-01-19 01:38:07", "elapsed": 5172.032333, "delta": 0.005273}}
{"target": -17.676480567543692, "params": {"gamma": 821.7266343503835, "log10_alpha": -3.306012800567519, "log10_colsample_bytree": -0.7752454237328164, "log10_eta": -2.787945704068017, "log10_lambda": -2.872866077811654, "log10_min_child_weight": 2.6269093178669403, "log10_subsample": -0.06592595867150342, "max_depth": 7.0, "num_boost_round": 10.0}, "datetime": {"datetime": "2024-01-19 01:38:07", "elapsed": 5172.037711, "delta": 0.005378}}
{"target": -17.676464456882467, "params": {"gamma": 821.7266343503835, "log10_alpha": -3.306012800567519, "log10_colsample_bytree": -0.7752454237328164, "log10_eta": -2.787945704068017, "log10_lambda": -2.872866077811654, "log10_min_child_weight": 2.6269093178669403, "log10_subsample": -0.06592595867150342, "max_depth": 7.0, "num_boost_round": 11.0}, "datetime": {"datetime": "2024-01-19 01:38:07", "elapsed": 5172.043469, "delta": 0.005758}}
{"target": -17.676403520976468, "params": {"gamma": 821.7266343503835, "log10_alpha": -3.306012800567519, "log10_colsample_bytree": -0.7752454237328164, "log10_eta": -2.787945704068017, "log10_lambda": -2.872866077811654, "log10_min_child_weight": 2.6269093178669403, "log10_subsample": -0.06592595867150342, "max_depth": 7.0, "num_boost_round": 12.0}, "datetime": {"datetime": "2024-01-19 01:38:07", "elapsed": 5172.048835, "delta": 0.005366}}
{"target": -17.676219006425242, "params": {"gamma": 821.7266343503835, "log10_alpha": -3.306012800567519, "log10_colsample_bytree": -0.7752454237328164, "log10_eta": -2.787945704068017, "log10_lambda": -2.872866077811654, "log10_min_child_weight": 2.6269093178669403, "log10_subsample": -0.06592595867150342, "max_depth": 7.0, "num_boost_round": 13.0}, "datetime": {"datetime": "2024-01-19 01:38:07", "elapsed": 5172.054289, "delta": 0.005454}}
{"target": -17.676243707185805, "params": {"gamma": 821.7266343503835, "log10_alpha": -3.306012800567519, "log10_colsample_bytree": -0.7752454237328164, "log10_eta": -2.787945704068017, "log10_lambda": -2.872866077811654, "log10_min_child_weight": 2.6269093178669403, "log10_subsample": -0.06592595867150342, "max_depth": 7.0, "num_boost_round": 14.0}, "datetime": {"datetime": "2024-01-19 01:38:07", "elapsed": 5172.059701, "delta": 0.005412}}
{"target": -17.676171093986415, "params": {"gamma": 821.7266343503835, "log10_alpha": -3.306012800567519, "log10_colsample_bytree": -0.7752454237328164, "log10_eta": -2.787945704068017, "log10_lambda": -2.872866077811654, "log10_min_child_weight": 2.6269093178669403, "log10_subsample": -0.06592595867150342, "max_depth": 7.0, "num_boost_round": 15.0}, "datetime": {"datetime": "2024-01-19 01:38:07", "elapsed": 5172.065108, "delta": 0.005407}}
{"target": -17.676090151821153, "params": {"gamma": 821.7266343503835, "log10_alpha": -3.306012800567519, "log10_colsample_bytree": -0.7752454237328164, "log10_eta": -2.787945704068017, "log10_lambda": -2.872866077811654, "log10_min_child_weight": 2.6269093178669403, "log10_subsample": -0.06592595867150342, "max_depth": 7.0, "num_boost_round": 16.0}, "datetime": {"datetime": "2024-01-19 01:38:07", "elapsed": 5172.070635, "delta": 0.005527}}
{"target": -17.67602080159161, "params": {"gamma": 821.7266343503835, "log10_alpha": -3.306012800567519, "log10_colsample_bytree": -0.7752454237328164, "log10_eta": -2.787945704068017, "log10_lambda": -2.872866077811654, "log10_min_child_weight": 2.6269093178669403, "log10_subsample": -0.06592595867150342, "max_depth": 7.0, "num_boost_round": 17.0}, "datetime": {"datetime": "2024-01-19 01:38:07", "elapsed": 5172.076168, "delta": 0.005533}}
{"target": -17.675978095903815, "params": {"gamma": 821.7266343503835, "log10_alpha": -3.306012800567519, "log10_colsample_bytree": -0.7752454237328164, "log10_eta": -2.787945704068017, "log10_lambda": -2.872866077811654, "log10_min_child_weight": 2.6269093178669403, "log10_subsample": -0.06592595867150342, "max_depth": 7.0, "num_boost_round": 18.0}, "datetime": {"datetime": "2024-01-19 01:38:07", "elapsed": 5172.081717, "delta": 0.005549}}
{"target": -17.675879769444762, "params": {"gamma": 821.7266343503835, "log10_alpha": -3.306012800567519, "log10_colsample_bytree": -0.7752454237328164, "log10_eta": -2.787945704068017, "log10_lambda": -2.872866077811654, "log10_min_child_weight": 2.6269093178669403, "log10_subsample": -0.06592595867150342, "max_depth": 7.0, "num_boost_round": 19.0}, "datetime": {"datetime": "2024-01-19 01:38:07", "elapsed": 5172.087185, "delta": 0.005468}}
{"target": -17.675785875643616, "params": {"gamma": 821.7266343503835, "log10_alpha": -3.306012800567519, "log10_colsample_bytree": -0.7752454237328164, "log10_eta": -2.787945704068017, "log10_lambda": -2.872866077811654, "log10_min_child_weight": 2.6269093178669403, "log10_subsample": -0.06592595867150342, "max_depth": 7.0, "num_boost_round": 20.0}, "datetime": {"datetime": "2024-01-19 01:38:07", "elapsed": 5172.09312, "delta": 0.005935}}
