{"target": -17.677173478301928, "params": {"gamma": 54.354411960603755, "log10_alpha": -4.446402928036628, "log10_colsample_bytree": -0.7223373465994908, "log10_eta": -3.898962343447949, "log10_lambda": -4.097276019957067, "log10_min_child_weight": 2.6974932242756307, "log10_subsample": -0.9578970809596558, "max_depth": 4.0, "num_boost_round": 16.0}, "datetime": {"datetime": "2024-01-19 01:43:36", "elapsed": 5570.271834, "delta": 0.004771}}
{"target": -17.677171440810795, "params": {"gamma": 54.354411960603755, "log10_alpha": -4.446402928036628, "log10_colsample_bytree": -0.7223373465994908, "log10_eta": -3.898962343447949, "log10_lambda": -4.097276019957067, "log10_min_child_weight": 2.6974932242756307, "log10_subsample": -0.9578970809596558, "max_depth": 4.0, "num_boost_round": 17.0}, "datetime": {"datetime": "2024-01-19 01:43:36", "elapsed": 5570.276304, "delta": 0.00447}}
{"target": -17.67717075930177, "params": {"gamma": 54.354411960603755, "log10_alpha": -4.446402928036628, "log10_colsample_bytree": -0.7223373465994908, "log10_eta": -3.898962343447949, "log10_lambda": -4.097276019957067, "log10_min_child_weight": 2.6974932242756307, "log10_subsample": -0.9578970809596558, "max_depth": 4.0, "num_boost_round": 18.0}, "datetime": {"datetime": "2024-01-19 01:43:36", "elapsed": 5570.280845, "delta": 0.004541}}
{"target": -17.677167987362257, "params": {"gamma": 54.354411960603755, "log10_alpha": -4.446402928036628, "log10_colsample_bytree": -0.7223373465994908, "log10_eta": -3.898962343447949, "log10_lambda": -4.097276019957067, "log10_min_child_weight": 2.6974932242756307, "log10_subsample": -0.9578970809596558, "max_depth": 4.0, "num_boost_round": 19.0}, "datetime": {"datetime": "2024-01-19 01:43:36", "elapsed": 5570.285397, "delta": 0.004552}}
{"target": -17.67716403311336, "params": {"gamma": 54.354411960603755, "log10_alpha": -4.446402928036628, "log10_colsample_bytree": -0.7223373465994908, "log10_eta": -3.898962343447949, "log10_lambda": -4.097276019957067, "log10_min_child_weight": 2.6974932242756307, "log10_subsample": -0.9578970809596558, "max_depth": 4.0, "num_boost_round": 20.0}, "datetime": {"datetime": "2024-01-19 01:43:36", "elapsed": 5570.289892, "delta": 0.004495}}
{"target": -17.67716336699214, "params": {"gamma": 54.354411960603755, "log10_alpha": -4.446402928036628, "log10_colsample_bytree": -0.7223373465994908, "log10_eta": -3.898962343447949, "log10_lambda": -4.097276019957067, "log10_min_child_weight": 2.6974932242756307, "log10_subsample": -0.9578970809596558, "max_depth": 4.0, "num_boost_round": 21.0}, "datetime": {"datetime": "2024-01-19 01:43:36", "elapsed": 5570.294589, "delta": 0.004697}}
{"target": -17.677158060202604, "params": {"gamma": 54.354411960603755, "log10_alpha": -4.446402928036628, "log10_colsample_bytree": -0.7223373465994908, "log10_eta": -3.898962343447949, "log10_lambda": -4.097276019957067, "log10_min_child_weight": 2.6974932242756307, "log10_subsample": -0.9578970809596558, "max_depth": 4.0, "num_boost_round": 22.0}, "datetime": {"datetime": "2024-01-19 01:43:36", "elapsed": 5570.299059, "delta": 0.00447}}
{"target": -17.677149301808125, "params": {"gamma": 54.354411960603755, "log10_alpha": -4.446402928036628, "log10_colsample_bytree": -0.7223373465994908, "log10_eta": -3.898962343447949, "log10_lambda": -4.097276019957067, "log10_min_child_weight": 2.6974932242756307, "log10_subsample": -0.9578970809596558, "max_depth": 4.0, "num_boost_round": 23.0}, "datetime": {"datetime": "2024-01-19 01:43:36", "elapsed": 5570.303559, "delta": 0.0045}}
{"target": -17.67715007354744, "params": {"gamma": 54.354411960603755, "log10_alpha": -4.446402928036628, "log10_colsample_bytree": -0.7223373465994908, "log10_eta": -3.898962343447949, "log10_lambda": -4.097276019957067, "log10_min_child_weight": 2.6974932242756307, "log10_subsample": -0.9578970809596558, "max_depth": 4.0, "num_boost_round": 24.0}, "datetime": {"datetime": "2024-01-19 01:43:36", "elapsed": 5570.411267, "delta": 0.107708}}
{"target": -17.677144571200724, "params": {"gamma": 54.354411960603755, "log10_alpha": -4.446402928036628, "log10_colsample_bytree": -0.7223373465994908, "log10_eta": -3.898962343447949, "log10_lambda": -4.097276019957067, "log10_min_child_weight": 2.6974932242756307, "log10_subsample": -0.9578970809596558, "max_depth": 4.0, "num_boost_round": 25.0}, "datetime": {"datetime": "2024-01-19 01:43:36", "elapsed": 5570.416403, "delta": 0.005136}}
{"target": -17.67713868452734, "params": {"gamma": 54.354411960603755, "log10_alpha": -4.446402928036628, "log10_colsample_bytree": -0.7223373465994908, "log10_eta": -3.898962343447949, "log10_lambda": -4.097276019957067, "log10_min_child_weight": 2.6974932242756307, "log10_subsample": -0.9578970809596558, "max_depth": 4.0, "num_boost_round": 26.0}, "datetime": {"datetime": "2024-01-19 01:43:36", "elapsed": 5570.421155, "delta": 0.004752}}
{"target": -17.67713201557646, "params": {"gamma": 54.354411960603755, "log10_alpha": -4.446402928036628, "log10_colsample_bytree": -0.7223373465994908, "log10_eta": -3.898962343447949, "log10_lambda": -4.097276019957067, "log10_min_child_weight": 2.6974932242756307, "log10_subsample": -0.9578970809596558, "max_depth": 4.0, "num_boost_round": 27.0}, "datetime": {"datetime": "2024-01-19 01:43:36", "elapsed": 5570.425742, "delta": 0.004587}}
{"target": -17.677127084461308, "params": {"gamma": 54.354411960603755, "log10_alpha": -4.446402928036628, "log10_colsample_bytree": -0.7223373465994908, "log10_eta": -3.898962343447949, "log10_lambda": -4.097276019957067, "log10_min_child_weight": 2.6974932242756307, "log10_subsample": -0.9578970809596558, "max_depth": 4.0, "num_boost_round": 28.0}, "datetime": {"datetime": "2024-01-19 01:43:36", "elapsed": 5570.430538, "delta": 0.004796}}
{"target": -17.67712195353846, "params": {"gamma": 54.354411960603755, "log10_alpha": -4.446402928036628, "log10_colsample_bytree": -0.7223373465994908, "log10_eta": -3.898962343447949, "log10_lambda": -4.097276019957067, "log10_min_child_weight": 2.6974932242756307, "log10_subsample": -0.9578970809596558, "max_depth": 4.0, "num_boost_round": 29.0}, "datetime": {"datetime": "2024-01-19 01:43:36", "elapsed": 5570.435132, "delta": 0.004594}}
{"target": -17.67711773311595, "params": {"gamma": 54.354411960603755, "log10_alpha": -4.446402928036628, "log10_colsample_bytree": -0.7223373465994908, "log10_eta": -3.898962343447949, "log10_lambda": -4.097276019957067, "log10_min_child_weight": 2.6974932242756307, "log10_subsample": -0.9578970809596558, "max_depth": 4.0, "num_boost_round": 30.0}, "datetime": {"datetime": "2024-01-19 01:43:36", "elapsed": 5570.439891, "delta": 0.004759}}
{"target": -17.677109609305475, "params": {"gamma": 54.354411960603755, "log10_alpha": -4.446402928036628, "log10_colsample_bytree": -0.7223373465994908, "log10_eta": -3.898962343447949, "log10_lambda": -4.097276019957067, "log10_min_child_weight": 2.6974932242756307, "log10_subsample": -0.9578970809596558, "max_depth": 4.0, "num_boost_round": 31.0}, "datetime": {"datetime": "2024-01-19 01:43:36", "elapsed": 5570.444514, "delta": 0.004623}}
{"target": -17.677105207260855, "params": {"gamma": 54.354411960603755, "log10_alpha": -4.446402928036628, "log10_colsample_bytree": -0.7223373465994908, "log10_eta": -3.898962343447949, "log10_lambda": -4.097276019957067, "log10_min_child_weight": 2.6974932242756307, "log10_subsample": -0.9578970809596558, "max_depth": 4.0, "num_boost_round": 32.0}, "datetime": {"datetime": "2024-01-19 01:43:36", "elapsed": 5570.449259, "delta": 0.004745}}
{"target": -17.677098583947444, "params": {"gamma": 54.354411960603755, "log10_alpha": -4.446402928036628, "log10_colsample_bytree": -0.7223373465994908, "log10_eta": -3.898962343447949, "log10_lambda": -4.097276019957067, "log10_min_child_weight": 2.6974932242756307, "log10_subsample": -0.9578970809596558, "max_depth": 4.0, "num_boost_round": 33.0}, "datetime": {"datetime": "2024-01-19 01:43:36", "elapsed": 5570.453937, "delta": 0.004678}}
{"target": -17.677091525321046, "params": {"gamma": 54.354411960603755, "log10_alpha": -4.446402928036628, "log10_colsample_bytree": -0.7223373465994908, "log10_eta": -3.898962343447949, "log10_lambda": -4.097276019957067, "log10_min_child_weight": 2.6974932242756307, "log10_subsample": -0.9578970809596558, "max_depth": 4.0, "num_boost_round": 34.0}, "datetime": {"datetime": "2024-01-19 01:43:36", "elapsed": 5570.458559, "delta": 0.004622}}
{"target": -17.677090396074696, "params": {"gamma": 54.354411960603755, "log10_alpha": -4.446402928036628, "log10_colsample_bytree": -0.7223373465994908, "log10_eta": -3.898962343447949, "log10_lambda": -4.097276019957067, "log10_min_child_weight": 2.6974932242756307, "log10_subsample": -0.9578970809596558, "max_depth": 4.0, "num_boost_round": 35.0}, "datetime": {"datetime": "2024-01-19 01:43:36", "elapsed": 5570.463172, "delta": 0.004613}}
{"target": -17.6772313074724, "params": {"gamma": 52.34809883668423, "log10_alpha": -4.256887498530285, "log10_colsample_bytree": -0.3780939871450639, "log10_eta": -3.904747457909068, "log10_lambda": 0.07165676590226155, "log10_min_child_weight": 3.723163508168269, "log10_subsample": -0.8887958854940554, "max_depth": 8.0, "num_boost_round": 0.0}, "datetime": {"datetime": "2024-01-19 01:45:28", "elapsed": 5681.85644, "delta": 111.393268}}
{"target": -17.677230250397795, "params": {"gamma": 52.34809883668423, "log10_alpha": -4.256887498530285, "log10_colsample_bytree": -0.3780939871450639, "log10_eta": -3.904747457909068, "log10_lambda": 0.07165676590226155, "log10_min_child_weight": 3.723163508168269, "log10_subsample": -0.8887958854940554, "max_depth": 8.0, "num_boost_round": 1.0}, "datetime": {"datetime": "2024-01-19 01:45:28", "elapsed": 5681.861774, "delta": 0.005334}}
{"target": -17.677232239924923, "params": {"gamma": 52.34809883668423, "log10_alpha": -4.256887498530285, "log10_colsample_bytree": -0.3780939871450639, "log10_eta": -3.904747457909068, "log10_lambda": 0.07165676590226155, "log10_min_child_weight": 3.723163508168269, "log10_subsample": -0.8887958854940554, "max_depth": 8.0, "num_boost_round": 2.0}, "datetime": {"datetime": "2024-01-19 01:45:28", "elapsed": 5681.866609, "delta": 0.004835}}
{"target": -17.677230387698664, "params": {"gamma": 52.34809883668423, "log10_alpha": -4.256887498530285, "log10_colsample_bytree": -0.3780939871450639, "log10_eta": -3.904747457909068, "log10_lambda": 0.07165676590226155, "log10_min_child_weight": 3.723163508168269, "log10_subsample": -0.8887958854940554, "max_depth": 8.0, "num_boost_round": 3.0}, "datetime": {"datetime": "2024-01-19 01:45:28", "elapsed": 5681.871397, "delta": 0.004788}}
{"target": -17.677230397473192, "params": {"gamma": 52.34809883668423, "log10_alpha": -4.256887498530285, "log10_colsample_bytree": -0.3780939871450639, "log10_eta": -3.904747457909068, "log10_lambda": 0.07165676590226155, "log10_min_child_weight": 3.723163508168269, "log10_subsample": -0.8887958854940554, "max_depth": 8.0, "num_boost_round": 4.0}, "datetime": {"datetime": "2024-01-19 01:45:28", "elapsed": 5681.876075, "delta": 0.004678}}
{"target": -17.677232233003725, "params": {"gamma": 52.34809883668423, "log10_alpha": -4.256887498530285, "log10_colsample_bytree": -0.3780939871450639, "log10_eta": -3.904747457909068, "log10_lambda": 0.07165676590226155, "log10_min_child_weight": 3.723163508168269, "log10_subsample": -0.8887958854940554, "max_depth": 8.0, "num_boost_round": 5.0}, "datetime": {"datetime": "2024-01-19 01:45:28", "elapsed": 5681.88087, "delta": 0.004795}}
{"target": -17.67723285364552, "params": {"gamma": 52.34809883668423, "log10_alpha": -4.256887498530285, "log10_colsample_bytree": -0.3780939871450639, "log10_eta": -3.904747457909068, "log10_lambda": 0.07165676590226155, "log10_min_child_weight": 3.723163508168269, "log10_subsample": -0.8887958854940554, "max_depth": 8.0, "num_boost_round": 6.0}, "datetime": {"datetime": "2024-01-19 01:45:28", "elapsed": 5681.885439, "delta": 0.004569}}
{"target": -17.677232423811677, "params": {"gamma": 52.34809883668423, "log10_alpha": -4.256887498530285, "log10_colsample_bytree": -0.3780939871450639, "log10_eta": -3.904747457909068, "log10_lambda": 0.07165676590226155, "log10_min_child_weight": 3.723163508168269, "log10_subsample": -0.8887958854940554, "max_depth": 8.0, "num_boost_round": 7.0}, "datetime": {"datetime": "2024-01-19 01:45:28", "elapsed": 5681.890196, "delta": 0.004757}}
{"target": -17.677232570184245, "params": {"gamma": 52.34809883668423, "log10_alpha": -4.256887498530285, "log10_colsample_bytree": -0.3780939871450639, "log10_eta": -3.904747457909068, "log10_lambda": 0.07165676590226155, "log10_min_child_weight": 3.723163508168269, "log10_subsample": -0.8887958854940554, "max_depth": 8.0, "num_boost_round": 8.0}, "datetime": {"datetime": "2024-01-19 01:45:28", "elapsed": 5681.894857, "delta": 0.004661}}
{"target": -17.677230027923986, "params": {"gamma": 52.34809883668423, "log10_alpha": -4.256887498530285, "log10_colsample_bytree": -0.3780939871450639, "log10_eta": -3.904747457909068, "log10_lambda": 0.07165676590226155, "log10_min_child_weight": 3.723163508168269, "log10_subsample": -0.8887958854940554, "max_depth": 8.0, "num_boost_round": 9.0}, "datetime": {"datetime": "2024-01-19 01:45:28", "elapsed": 5681.89953, "delta": 0.004673}}
{"target": -17.677229353845167, "params": {"gamma": 52.34809883668423, "log10_alpha": -4.256887498530285, "log10_colsample_bytree": -0.3780939871450639, "log10_eta": -3.904747457909068, "log10_lambda": 0.07165676590226155, "log10_min_child_weight": 3.723163508168269, "log10_subsample": -0.8887958854940554, "max_depth": 8.0, "num_boost_round": 10.0}, "datetime": {"datetime": "2024-01-19 01:45:28", "elapsed": 5681.904027, "delta": 0.004497}}
{"target": -17.677227436180505, "params": {"gamma": 52.34809883668423, "log10_alpha": -4.256887498530285, "log10_colsample_bytree": -0.3780939871450639, "log10_eta": -3.904747457909068, "log10_lambda": 0.07165676590226155, "log10_min_child_weight": 3.723163508168269, "log10_subsample": -0.8887958854940554, "max_depth": 8.0, "num_boost_round": 11.0}, "datetime": {"datetime": "2024-01-19 01:45:28", "elapsed": 5681.908818, "delta": 0.004791}}
{"target": -17.67723044026958, "params": {"gamma": 52.34809883668423, "log10_alpha": -4.256887498530285, "log10_colsample_bytree": -0.3780939871450639, "log10_eta": -3.904747457909068, "log10_lambda": 0.07165676590226155, "log10_min_child_weight": 3.723163508168269, "log10_subsample": -0.8887958854940554, "max_depth": 8.0, "num_boost_round": 12.0}, "datetime": {"datetime": "2024-01-19 01:45:28", "elapsed": 5681.913558, "delta": 0.00474}}
{"target": -17.677227812689807, "params": {"gamma": 52.34809883668423, "log10_alpha": -4.256887498530285, "log10_colsample_bytree": -0.3780939871450639, "log10_eta": -3.904747457909068, "log10_lambda": 0.07165676590226155, "log10_min_child_weight": 3.723163508168269, "log10_subsample": -0.8887958854940554, "max_depth": 8.0, "num_boost_round": 13.0}, "datetime": {"datetime": "2024-01-19 01:45:28", "elapsed": 5681.918487, "delta": 0.004929}}
{"target": -17.677226457910937, "params": {"gamma": 52.34809883668423, "log10_alpha": -4.256887498530285, "log10_colsample_bytree": -0.3780939871450639, "log10_eta": -3.904747457909068, "log10_lambda": 0.07165676590226155, "log10_min_child_weight": 3.723163508168269, "log10_subsample": -0.8887958854940554, "max_depth": 8.0, "num_boost_round": 14.0}, "datetime": {"datetime": "2024-01-19 01:45:28", "elapsed": 5681.92315, "delta": 0.004663}}
{"target": -17.677223929687024, "params": {"gamma": 52.34809883668423, "log10_alpha": -4.256887498530285, "log10_colsample_bytree": -0.3780939871450639, "log10_eta": -3.904747457909068, "log10_lambda": 0.07165676590226155, "log10_min_child_weight": 3.723163508168269, "log10_subsample": -0.8887958854940554, "max_depth": 8.0, "num_boost_round": 15.0}, "datetime": {"datetime": "2024-01-19 01:45:28", "elapsed": 5681.927911, "delta": 0.004761}}
{"target": -17.677222740716697, "params": {"gamma": 52.34809883668423, "log10_alpha": -4.256887498530285, "log10_colsample_bytree": -0.3780939871450639, "log10_eta": -3.904747457909068, "log10_lambda": 0.07165676590226155, "log10_min_child_weight": 3.723163508168269, "log10_subsample": -0.8887958854940554, "max_depth": 8.0, "num_boost_round": 16.0}, "datetime": {"datetime": "2024-01-19 01:45:28", "elapsed": 5681.932607, "delta": 0.004696}}
{"target": -17.677222381636803, "params": {"gamma": 52.34809883668423, "log10_alpha": -4.256887498530285, "log10_colsample_bytree": -0.3780939871450639, "log10_eta": -3.904747457909068, "log10_lambda": 0.07165676590226155, "log10_min_child_weight": 3.723163508168269, "log10_subsample": -0.8887958854940554, "max_depth": 8.0, "num_boost_round": 17.0}, "datetime": {"datetime": "2024-01-19 01:45:28", "elapsed": 5681.937547, "delta": 0.00494}}
{"target": -17.677219585970207, "params": {"gamma": 52.34809883668423, "log10_alpha": -4.256887498530285, "log10_colsample_bytree": -0.3780939871450639, "log10_eta": -3.904747457909068, "log10_lambda": 0.07165676590226155, "log10_min_child_weight": 3.723163508168269, "log10_subsample": -0.8887958854940554, "max_depth": 8.0, "num_boost_round": 18.0}, "datetime": {"datetime": "2024-01-19 01:45:28", "elapsed": 5681.94215, "delta": 0.004603}}
{"target": -17.677216710897362, "params": {"gamma": 52.34809883668423, "log10_alpha": -4.256887498530285, "log10_colsample_bytree": -0.3780939871450639, "log10_eta": -3.904747457909068, "log10_lambda": 0.07165676590226155, "log10_min_child_weight": 3.723163508168269, "log10_subsample": -0.8887958854940554, "max_depth": 8.0, "num_boost_round": 19.0}, "datetime": {"datetime": "2024-01-19 01:45:28", "elapsed": 5681.946805, "delta": 0.004655}}
{"target": -17.677219694186487, "params": {"gamma": 52.34809883668423, "log10_alpha": -4.256887498530285, "log10_colsample_bytree": -0.3780939871450639, "log10_eta": -3.904747457909068, "log10_lambda": 0.07165676590226155, "log10_min_child_weight": 3.723163508168269, "log10_subsample": -0.8887958854940554, "max_depth": 8.0, "num_boost_round": 20.0}, "datetime": {"datetime": "2024-01-19 01:45:28", "elapsed": 5681.951527, "delta": 0.004722}}
{"target": -17.677218336470663, "params": {"gamma": 52.34809883668423, "log10_alpha": -4.256887498530285, "log10_colsample_bytree": -0.3780939871450639, "log10_eta": -3.904747457909068, "log10_lambda": 0.07165676590226155, "log10_min_child_weight": 3.723163508168269, "log10_subsample": -0.8887958854940554, "max_depth": 8.0, "num_boost_round": 21.0}, "datetime": {"datetime": "2024-01-19 01:45:28", "elapsed": 5681.956284, "delta": 0.004757}}
{"target": -17.677217799938013, "params": {"gamma": 52.34809883668423, "log10_alpha": -4.256887498530285, "log10_colsample_bytree": -0.3780939871450639, "log10_eta": -3.904747457909068, "log10_lambda": 0.07165676590226155, "log10_min_child_weight": 3.723163508168269, "log10_subsample": -0.8887958854940554, "max_depth": 8.0, "num_boost_round": 22.0}, "datetime": {"datetime": "2024-01-19 01:45:28", "elapsed": 5681.960783, "delta": 0.004499}}
{"target": -17.677216850234664, "params": {"gamma": 52.34809883668423, "log10_alpha": -4.256887498530285, "log10_colsample_bytree": -0.3780939871450639, "log10_eta": -3.904747457909068, "log10_lambda": 0.07165676590226155, "log10_min_child_weight": 3.723163508168269, "log10_subsample": -0.8887958854940554, "max_depth": 8.0, "num_boost_round": 23.0}, "datetime": {"datetime": "2024-01-19 01:45:28", "elapsed": 5681.965458, "delta": 0.004675}}
{"target": -17.67721584297757, "params": {"gamma": 52.34809883668423, "log10_alpha": -4.256887498530285, "log10_colsample_bytree": -0.3780939871450639, "log10_eta": -3.904747457909068, "log10_lambda": 0.07165676590226155, "log10_min_child_weight": 3.723163508168269, "log10_subsample": -0.8887958854940554, "max_depth": 8.0, "num_boost_round": 24.0}, "datetime": {"datetime": "2024-01-19 01:45:28", "elapsed": 5681.9702, "delta": 0.004742}}
{"target": -17.67721501340718, "params": {"gamma": 52.34809883668423, "log10_alpha": -4.256887498530285, "log10_colsample_bytree": -0.3780939871450639, "log10_eta": -3.904747457909068, "log10_lambda": 0.07165676590226155, "log10_min_child_weight": 3.723163508168269, "log10_subsample": -0.8887958854940554, "max_depth": 8.0, "num_boost_round": 25.0}, "datetime": {"datetime": "2024-01-19 01:45:28", "elapsed": 5681.975089, "delta": 0.004889}}
{"target": -17.677213986913397, "params": {"gamma": 52.34809883668423, "log10_alpha": -4.256887498530285, "log10_colsample_bytree": -0.3780939871450639, "log10_eta": -3.904747457909068, "log10_lambda": 0.07165676590226155, "log10_min_child_weight": 3.723163508168269, "log10_subsample": -0.8887958854940554, "max_depth": 8.0, "num_boost_round": 26.0}, "datetime": {"datetime": "2024-01-19 01:45:28", "elapsed": 5681.979629, "delta": 0.00454}}
{"target": -17.677211147081234, "params": {"gamma": 52.34809883668423, "log10_alpha": -4.256887498530285, "log10_colsample_bytree": -0.3780939871450639, "log10_eta": -3.904747457909068, "log10_lambda": 0.07165676590226155, "log10_min_child_weight": 3.723163508168269, "log10_subsample": -0.8887958854940554, "max_depth": 8.0, "num_boost_round": 27.0}, "datetime": {"datetime": "2024-01-19 01:45:28", "elapsed": 5681.984247, "delta": 0.004618}}
{"target": -17.677210992573535, "params": {"gamma": 52.34809883668423, "log10_alpha": -4.256887498530285, "log10_colsample_bytree": -0.3780939871450639, "log10_eta": -3.904747457909068, "log10_lambda": 0.07165676590226155, "log10_min_child_weight": 3.723163508168269, "log10_subsample": -0.8887958854940554, "max_depth": 8.0, "num_boost_round": 28.0}, "datetime": {"datetime": "2024-01-19 01:45:28", "elapsed": 5681.989087, "delta": 0.00484}}
