{"target": -17.67717580268275, "params": {"gamma": 404.127485884196, "log10_alpha": 0.6293851583553813, "log10_colsample_bytree": -0.15936056928790998, "log10_eta": -3.7094506089577313, "log10_lambda": -2.2109792057991116, "log10_min_child_weight": 4.027078116573258, "log10_subsample": -0.13495718779573473, "max_depth": 5.0, "num_boost_round": 11.0}, "datetime": {"datetime": "2024-01-19 02:09:23", "elapsed": 7053.516748, "delta": 0.007138}}
{"target": -17.677170067843967, "params": {"gamma": 404.127485884196, "log10_alpha": 0.6293851583553813, "log10_colsample_bytree": -0.15936056928790998, "log10_eta": -3.7094506089577313, "log10_lambda": -2.2109792057991116, "log10_min_child_weight": 4.027078116573258, "log10_subsample": -0.13495718779573473, "max_depth": 5.0, "num_boost_round": 12.0}, "datetime": {"datetime": "2024-01-19 02:09:23", "elapsed": 7053.524298, "delta": 0.00755}}
{"target": -17.67716414772464, "params": {"gamma": 404.127485884196, "log10_alpha": 0.6293851583553813, "log10_colsample_bytree": -0.15936056928790998, "log10_eta": -3.7094506089577313, "log10_lambda": -2.2109792057991116, "log10_min_child_weight": 4.027078116573258, "log10_subsample": -0.13495718779573473, "max_depth": 5.0, "num_boost_round": 13.0}, "datetime": {"datetime": "2024-01-19 02:09:23", "elapsed": 7053.531242, "delta": 0.006944}}
{"target": -17.67715909352084, "params": {"gamma": 404.127485884196, "log10_alpha": 0.6293851583553813, "log10_colsample_bytree": -0.15936056928790998, "log10_eta": -3.7094506089577313, "log10_lambda": -2.2109792057991116, "log10_min_child_weight": 4.027078116573258, "log10_subsample": -0.13495718779573473, "max_depth": 5.0, "num_boost_round": 14.0}, "datetime": {"datetime": "2024-01-19 02:09:23", "elapsed": 7053.538112, "delta": 0.00687}}
{"target": -17.677154181941457, "params": {"gamma": 404.127485884196, "log10_alpha": 0.6293851583553813, "log10_colsample_bytree": -0.15936056928790998, "log10_eta": -3.7094506089577313, "log10_lambda": -2.2109792057991116, "log10_min_child_weight": 4.027078116573258, "log10_subsample": -0.13495718779573473, "max_depth": 5.0, "num_boost_round": 15.0}, "datetime": {"datetime": "2024-01-19 02:09:23", "elapsed": 7053.544865, "delta": 0.006753}}
{"target": -17.677146182628768, "params": {"gamma": 404.127485884196, "log10_alpha": 0.6293851583553813, "log10_colsample_bytree": -0.15936056928790998, "log10_eta": -3.7094506089577313, "log10_lambda": -2.2109792057991116, "log10_min_child_weight": 4.027078116573258, "log10_subsample": -0.13495718779573473, "max_depth": 5.0, "num_boost_round": 16.0}, "datetime": {"datetime": "2024-01-19 02:09:23", "elapsed": 7053.551782, "delta": 0.006917}}
{"target": -17.67714526611389, "params": {"gamma": 404.127485884196, "log10_alpha": 0.6293851583553813, "log10_colsample_bytree": -0.15936056928790998, "log10_eta": -3.7094506089577313, "log10_lambda": -2.2109792057991116, "log10_min_child_weight": 4.027078116573258, "log10_subsample": -0.13495718779573473, "max_depth": 5.0, "num_boost_round": 17.0}, "datetime": {"datetime": "2024-01-19 02:09:23", "elapsed": 7053.558909, "delta": 0.007127}}
{"target": -17.67714105197071, "params": {"gamma": 404.127485884196, "log10_alpha": 0.6293851583553813, "log10_colsample_bytree": -0.15936056928790998, "log10_eta": -3.7094506089577313, "log10_lambda": -2.2109792057991116, "log10_min_child_weight": 4.027078116573258, "log10_subsample": -0.13495718779573473, "max_depth": 5.0, "num_boost_round": 18.0}, "datetime": {"datetime": "2024-01-19 02:09:23", "elapsed": 7053.566401, "delta": 0.007492}}
{"target": -17.677136406261052, "params": {"gamma": 404.127485884196, "log10_alpha": 0.6293851583553813, "log10_colsample_bytree": -0.15936056928790998, "log10_eta": -3.7094506089577313, "log10_lambda": -2.2109792057991116, "log10_min_child_weight": 4.027078116573258, "log10_subsample": -0.13495718779573473, "max_depth": 5.0, "num_boost_round": 19.0}, "datetime": {"datetime": "2024-01-19 02:09:23", "elapsed": 7053.57358, "delta": 0.007179}}
{"target": -17.677128646404864, "params": {"gamma": 404.127485884196, "log10_alpha": 0.6293851583553813, "log10_colsample_bytree": -0.15936056928790998, "log10_eta": -3.7094506089577313, "log10_lambda": -2.2109792057991116, "log10_min_child_weight": 4.027078116573258, "log10_subsample": -0.13495718779573473, "max_depth": 5.0, "num_boost_round": 20.0}, "datetime": {"datetime": "2024-01-19 02:09:23", "elapsed": 7053.580411, "delta": 0.006831}}
{"target": -17.677121714729108, "params": {"gamma": 404.127485884196, "log10_alpha": 0.6293851583553813, "log10_colsample_bytree": -0.15936056928790998, "log10_eta": -3.7094506089577313, "log10_lambda": -2.2109792057991116, "log10_min_child_weight": 4.027078116573258, "log10_subsample": -0.13495718779573473, "max_depth": 5.0, "num_boost_round": 21.0}, "datetime": {"datetime": "2024-01-19 02:09:23", "elapsed": 7053.587198, "delta": 0.006787}}
{"target": -17.677112959912556, "params": {"gamma": 404.127485884196, "log10_alpha": 0.6293851583553813, "log10_colsample_bytree": -0.15936056928790998, "log10_eta": -3.7094506089577313, "log10_lambda": -2.2109792057991116, "log10_min_child_weight": 4.027078116573258, "log10_subsample": -0.13495718779573473, "max_depth": 5.0, "num_boost_round": 22.0}, "datetime": {"datetime": "2024-01-19 02:09:23", "elapsed": 7053.594013, "delta": 0.006815}}
{"target": -17.677111669356698, "params": {"gamma": 404.127485884196, "log10_alpha": 0.6293851583553813, "log10_colsample_bytree": -0.15936056928790998, "log10_eta": -3.7094506089577313, "log10_lambda": -2.2109792057991116, "log10_min_child_weight": 4.027078116573258, "log10_subsample": -0.13495718779573473, "max_depth": 5.0, "num_boost_round": 23.0}, "datetime": {"datetime": "2024-01-19 02:09:23", "elapsed": 7053.600823, "delta": 0.00681}}
{"target": -17.677108909351613, "params": {"gamma": 404.127485884196, "log10_alpha": 0.6293851583553813, "log10_colsample_bytree": -0.15936056928790998, "log10_eta": -3.7094506089577313, "log10_lambda": -2.2109792057991116, "log10_min_child_weight": 4.027078116573258, "log10_subsample": -0.13495718779573473, "max_depth": 5.0, "num_boost_round": 24.0}, "datetime": {"datetime": "2024-01-19 02:09:23", "elapsed": 7053.607641, "delta": 0.006818}}
{"target": -17.677103528820957, "params": {"gamma": 404.127485884196, "log10_alpha": 0.6293851583553813, "log10_colsample_bytree": -0.15936056928790998, "log10_eta": -3.7094506089577313, "log10_lambda": -2.2109792057991116, "log10_min_child_weight": 4.027078116573258, "log10_subsample": -0.13495718779573473, "max_depth": 5.0, "num_boost_round": 25.0}, "datetime": {"datetime": "2024-01-19 02:09:23", "elapsed": 7053.615003, "delta": 0.007362}}
{"target": -17.677100807019485, "params": {"gamma": 404.127485884196, "log10_alpha": 0.6293851583553813, "log10_colsample_bytree": -0.15936056928790998, "log10_eta": -3.7094506089577313, "log10_lambda": -2.2109792057991116, "log10_min_child_weight": 4.027078116573258, "log10_subsample": -0.13495718779573473, "max_depth": 5.0, "num_boost_round": 26.0}, "datetime": {"datetime": "2024-01-19 02:09:23", "elapsed": 7053.728063, "delta": 0.11306}}
{"target": -17.677098255963138, "params": {"gamma": 404.127485884196, "log10_alpha": 0.6293851583553813, "log10_colsample_bytree": -0.15936056928790998, "log10_eta": -3.7094506089577313, "log10_lambda": -2.2109792057991116, "log10_min_child_weight": 4.027078116573258, "log10_subsample": -0.13495718779573473, "max_depth": 5.0, "num_boost_round": 27.0}, "datetime": {"datetime": "2024-01-19 02:09:23", "elapsed": 7053.736901, "delta": 0.008838}}
{"target": -17.677091166947903, "params": {"gamma": 404.127485884196, "log10_alpha": 0.6293851583553813, "log10_colsample_bytree": -0.15936056928790998, "log10_eta": -3.7094506089577313, "log10_lambda": -2.2109792057991116, "log10_min_child_weight": 4.027078116573258, "log10_subsample": -0.13495718779573473, "max_depth": 5.0, "num_boost_round": 28.0}, "datetime": {"datetime": "2024-01-19 02:09:23", "elapsed": 7053.744204, "delta": 0.007303}}
{"target": -17.677082259525754, "params": {"gamma": 404.127485884196, "log10_alpha": 0.6293851583553813, "log10_colsample_bytree": -0.15936056928790998, "log10_eta": -3.7094506089577313, "log10_lambda": -2.2109792057991116, "log10_min_child_weight": 4.027078116573258, "log10_subsample": -0.13495718779573473, "max_depth": 5.0, "num_boost_round": 29.0}, "datetime": {"datetime": "2024-01-19 02:09:23", "elapsed": 7053.751335, "delta": 0.007131}}
{"target": -17.677072631915898, "params": {"gamma": 404.127485884196, "log10_alpha": 0.6293851583553813, "log10_colsample_bytree": -0.15936056928790998, "log10_eta": -3.7094506089577313, "log10_lambda": -2.2109792057991116, "log10_min_child_weight": 4.027078116573258, "log10_subsample": -0.13495718779573473, "max_depth": 5.0, "num_boost_round": 30.0}, "datetime": {"datetime": "2024-01-19 02:09:23", "elapsed": 7053.758393, "delta": 0.007058}}
{"target": -17.67706739372261, "params": {"gamma": 404.127485884196, "log10_alpha": 0.6293851583553813, "log10_colsample_bytree": -0.15936056928790998, "log10_eta": -3.7094506089577313, "log10_lambda": -2.2109792057991116, "log10_min_child_weight": 4.027078116573258, "log10_subsample": -0.13495718779573473, "max_depth": 5.0, "num_boost_round": 31.0}, "datetime": {"datetime": "2024-01-19 02:09:23", "elapsed": 7053.765721, "delta": 0.007328}}
{"target": -17.677063578689168, "params": {"gamma": 404.127485884196, "log10_alpha": 0.6293851583553813, "log10_colsample_bytree": -0.15936056928790998, "log10_eta": -3.7094506089577313, "log10_lambda": -2.2109792057991116, "log10_min_child_weight": 4.027078116573258, "log10_subsample": -0.13495718779573473, "max_depth": 5.0, "num_boost_round": 32.0}, "datetime": {"datetime": "2024-01-19 02:09:23", "elapsed": 7053.773169, "delta": 0.007448}}
{"target": -17.677054708837215, "params": {"gamma": 404.127485884196, "log10_alpha": 0.6293851583553813, "log10_colsample_bytree": -0.15936056928790998, "log10_eta": -3.7094506089577313, "log10_lambda": -2.2109792057991116, "log10_min_child_weight": 4.027078116573258, "log10_subsample": -0.13495718779573473, "max_depth": 5.0, "num_boost_round": 33.0}, "datetime": {"datetime": "2024-01-19 02:09:23", "elapsed": 7053.780261, "delta": 0.007092}}
{"target": -17.677045778885326, "params": {"gamma": 404.127485884196, "log10_alpha": 0.6293851583553813, "log10_colsample_bytree": -0.15936056928790998, "log10_eta": -3.7094506089577313, "log10_lambda": -2.2109792057991116, "log10_min_child_weight": 4.027078116573258, "log10_subsample": -0.13495718779573473, "max_depth": 5.0, "num_boost_round": 34.0}, "datetime": {"datetime": "2024-01-19 02:09:23", "elapsed": 7053.787242, "delta": 0.006981}}
{"target": -17.677039700687946, "params": {"gamma": 404.127485884196, "log10_alpha": 0.6293851583553813, "log10_colsample_bytree": -0.15936056928790998, "log10_eta": -3.7094506089577313, "log10_lambda": -2.2109792057991116, "log10_min_child_weight": 4.027078116573258, "log10_subsample": -0.13495718779573473, "max_depth": 5.0, "num_boost_round": 35.0}, "datetime": {"datetime": "2024-01-19 02:09:23", "elapsed": 7053.79412, "delta": 0.006878}}
{"target": -17.677040376628373, "params": {"gamma": 404.127485884196, "log10_alpha": 0.6293851583553813, "log10_colsample_bytree": -0.15936056928790998, "log10_eta": -3.7094506089577313, "log10_lambda": -2.2109792057991116, "log10_min_child_weight": 4.027078116573258, "log10_subsample": -0.13495718779573473, "max_depth": 5.0, "num_boost_round": 36.0}, "datetime": {"datetime": "2024-01-19 02:09:24", "elapsed": 7053.801016, "delta": 0.006896}}
{"target": -17.67703443551247, "params": {"gamma": 404.127485884196, "log10_alpha": 0.6293851583553813, "log10_colsample_bytree": -0.15936056928790998, "log10_eta": -3.7094506089577313, "log10_lambda": -2.2109792057991116, "log10_min_child_weight": 4.027078116573258, "log10_subsample": -0.13495718779573473, "max_depth": 5.0, "num_boost_round": 37.0}, "datetime": {"datetime": "2024-01-19 02:09:24", "elapsed": 7053.807897, "delta": 0.006881}}
{"target": -17.677210263814437, "params": {"gamma": 401.7160360733485, "log10_alpha": -4.545622172984816, "log10_colsample_bytree": -0.8280762386994897, "log10_eta": -3.066295886306006, "log10_lambda": -0.863415045824869, "log10_min_child_weight": 3.3934248575326937, "log10_subsample": -0.8102728865248304, "max_depth": 6.0, "num_boost_round": 0.0}, "datetime": {"datetime": "2024-01-19 02:11:13", "elapsed": 7163.733319, "delta": 109.925422}}
{"target": -17.677218767923236, "params": {"gamma": 401.7160360733485, "log10_alpha": -4.545622172984816, "log10_colsample_bytree": -0.8280762386994897, "log10_eta": -3.066295886306006, "log10_lambda": -0.863415045824869, "log10_min_child_weight": 3.3934248575326937, "log10_subsample": -0.8102728865248304, "max_depth": 6.0, "num_boost_round": 1.0}, "datetime": {"datetime": "2024-01-19 02:11:13", "elapsed": 7163.742432, "delta": 0.009113}}
{"target": -17.677206797003667, "params": {"gamma": 401.7160360733485, "log10_alpha": -4.545622172984816, "log10_colsample_bytree": -0.8280762386994897, "log10_eta": -3.066295886306006, "log10_lambda": -0.863415045824869, "log10_min_child_weight": 3.3934248575326937, "log10_subsample": -0.8102728865248304, "max_depth": 6.0, "num_boost_round": 2.0}, "datetime": {"datetime": "2024-01-19 02:11:13", "elapsed": 7163.7504, "delta": 0.007968}}
{"target": -17.67721082011799, "params": {"gamma": 401.7160360733485, "log10_alpha": -4.545622172984816, "log10_colsample_bytree": -0.8280762386994897, "log10_eta": -3.066295886306006, "log10_lambda": -0.863415045824869, "log10_min_child_weight": 3.3934248575326937, "log10_subsample": -0.8102728865248304, "max_depth": 6.0, "num_boost_round": 3.0}, "datetime": {"datetime": "2024-01-19 02:11:13", "elapsed": 7163.757877, "delta": 0.007477}}
{"target": -17.677196281760075, "params": {"gamma": 401.7160360733485, "log10_alpha": -4.545622172984816, "log10_colsample_bytree": -0.8280762386994897, "log10_eta": -3.066295886306006, "log10_lambda": -0.863415045824869, "log10_min_child_weight": 3.3934248575326937, "log10_subsample": -0.8102728865248304, "max_depth": 6.0, "num_boost_round": 4.0}, "datetime": {"datetime": "2024-01-19 02:11:13", "elapsed": 7163.765385, "delta": 0.007508}}
{"target": -17.67720564265241, "params": {"gamma": 401.7160360733485, "log10_alpha": -4.545622172984816, "log10_colsample_bytree": -0.8280762386994897, "log10_eta": -3.066295886306006, "log10_lambda": -0.863415045824869, "log10_min_child_weight": 3.3934248575326937, "log10_subsample": -0.8102728865248304, "max_depth": 6.0, "num_boost_round": 5.0}, "datetime": {"datetime": "2024-01-19 02:11:13", "elapsed": 7163.772801, "delta": 0.007416}}
{"target": -17.67721160125439, "params": {"gamma": 401.7160360733485, "log10_alpha": -4.545622172984816, "log10_colsample_bytree": -0.8280762386994897, "log10_eta": -3.066295886306006, "log10_lambda": -0.863415045824869, "log10_min_child_weight": 3.3934248575326937, "log10_subsample": -0.8102728865248304, "max_depth": 6.0, "num_boost_round": 6.0}, "datetime": {"datetime": "2024-01-19 02:11:13", "elapsed": 7163.780386, "delta": 0.007585}}
{"target": -17.677192280917975, "params": {"gamma": 401.7160360733485, "log10_alpha": -4.545622172984816, "log10_colsample_bytree": -0.8280762386994897, "log10_eta": -3.066295886306006, "log10_lambda": -0.863415045824869, "log10_min_child_weight": 3.3934248575326937, "log10_subsample": -0.8102728865248304, "max_depth": 6.0, "num_boost_round": 7.0}, "datetime": {"datetime": "2024-01-19 02:11:13", "elapsed": 7163.787717, "delta": 0.007331}}
{"target": -17.677160882461486, "params": {"gamma": 401.7160360733485, "log10_alpha": -4.545622172984816, "log10_colsample_bytree": -0.8280762386994897, "log10_eta": -3.066295886306006, "log10_lambda": -0.863415045824869, "log10_min_child_weight": 3.3934248575326937, "log10_subsample": -0.8102728865248304, "max_depth": 6.0, "num_boost_round": 8.0}, "datetime": {"datetime": "2024-01-19 02:11:13", "elapsed": 7163.795238, "delta": 0.007521}}
{"target": -17.67716271527315, "params": {"gamma": 401.7160360733485, "log10_alpha": -4.545622172984816, "log10_colsample_bytree": -0.8280762386994897, "log10_eta": -3.066295886306006, "log10_lambda": -0.863415045824869, "log10_min_child_weight": 3.3934248575326937, "log10_subsample": -0.8102728865248304, "max_depth": 6.0, "num_boost_round": 9.0}, "datetime": {"datetime": "2024-01-19 02:11:14", "elapsed": 7163.802548, "delta": 0.00731}}
{"target": -17.677149140581296, "params": {"gamma": 401.7160360733485, "log10_alpha": -4.545622172984816, "log10_colsample_bytree": -0.8280762386994897, "log10_eta": -3.066295886306006, "log10_lambda": -0.863415045824869, "log10_min_child_weight": 3.3934248575326937, "log10_subsample": -0.8102728865248304, "max_depth": 6.0, "num_boost_round": 10.0}, "datetime": {"datetime": "2024-01-19 02:11:14", "elapsed": 7163.80989, "delta": 0.007342}}
{"target": -17.67714370983428, "params": {"gamma": 401.7160360733485, "log10_alpha": -4.545622172984816, "log10_colsample_bytree": -0.8280762386994897, "log10_eta": -3.066295886306006, "log10_lambda": -0.863415045824869, "log10_min_child_weight": 3.3934248575326937, "log10_subsample": -0.8102728865248304, "max_depth": 6.0, "num_boost_round": 11.0}, "datetime": {"datetime": "2024-01-19 02:11:14", "elapsed": 7163.817278, "delta": 0.007388}}
{"target": -17.67711137675894, "params": {"gamma": 401.7160360733485, "log10_alpha": -4.545622172984816, "log10_colsample_bytree": -0.8280762386994897, "log10_eta": -3.066295886306006, "log10_lambda": -0.863415045824869, "log10_min_child_weight": 3.3934248575326937, "log10_subsample": -0.8102728865248304, "max_depth": 6.0, "num_boost_round": 12.0}, "datetime": {"datetime": "2024-01-19 02:11:14", "elapsed": 7163.82473, "delta": 0.007452}}
{"target": -17.677077439986952, "params": {"gamma": 401.7160360733485, "log10_alpha": -4.545622172984816, "log10_colsample_bytree": -0.8280762386994897, "log10_eta": -3.066295886306006, "log10_lambda": -0.863415045824869, "log10_min_child_weight": 3.3934248575326937, "log10_subsample": -0.8102728865248304, "max_depth": 6.0, "num_boost_round": 13.0}, "datetime": {"datetime": "2024-01-19 02:11:14", "elapsed": 7163.832358, "delta": 0.007628}}
{"target": -17.67707975859415, "params": {"gamma": 401.7160360733485, "log10_alpha": -4.545622172984816, "log10_colsample_bytree": -0.8280762386994897, "log10_eta": -3.066295886306006, "log10_lambda": -0.863415045824869, "log10_min_child_weight": 3.3934248575326937, "log10_subsample": -0.8102728865248304, "max_depth": 6.0, "num_boost_round": 14.0}, "datetime": {"datetime": "2024-01-19 02:11:14", "elapsed": 7163.841007, "delta": 0.008649}}
{"target": -17.67704784645695, "params": {"gamma": 401.7160360733485, "log10_alpha": -4.545622172984816, "log10_colsample_bytree": -0.8280762386994897, "log10_eta": -3.066295886306006, "log10_lambda": -0.863415045824869, "log10_min_child_weight": 3.3934248575326937, "log10_subsample": -0.8102728865248304, "max_depth": 6.0, "num_boost_round": 15.0}, "datetime": {"datetime": "2024-01-19 02:11:14", "elapsed": 7163.849018, "delta": 0.008011}}
{"target": -17.677040287522285, "params": {"gamma": 401.7160360733485, "log10_alpha": -4.545622172984816, "log10_colsample_bytree": -0.8280762386994897, "log10_eta": -3.066295886306006, "log10_lambda": -0.863415045824869, "log10_min_child_weight": 3.3934248575326937, "log10_subsample": -0.8102728865248304, "max_depth": 6.0, "num_boost_round": 16.0}, "datetime": {"datetime": "2024-01-19 02:11:14", "elapsed": 7163.85668, "delta": 0.007662}}
{"target": -17.677024108979147, "params": {"gamma": 401.7160360733485, "log10_alpha": -4.545622172984816, "log10_colsample_bytree": -0.8280762386994897, "log10_eta": -3.066295886306006, "log10_lambda": -0.863415045824869, "log10_min_child_weight": 3.3934248575326937, "log10_subsample": -0.8102728865248304, "max_depth": 6.0, "num_boost_round": 17.0}, "datetime": {"datetime": "2024-01-19 02:11:14", "elapsed": 7163.864376, "delta": 0.007696}}
{"target": -17.677015110934924, "params": {"gamma": 401.7160360733485, "log10_alpha": -4.545622172984816, "log10_colsample_bytree": -0.8280762386994897, "log10_eta": -3.066295886306006, "log10_lambda": -0.863415045824869, "log10_min_child_weight": 3.3934248575326937, "log10_subsample": -0.8102728865248304, "max_depth": 6.0, "num_boost_round": 18.0}, "datetime": {"datetime": "2024-01-19 02:11:14", "elapsed": 7163.871912, "delta": 0.007536}}
{"target": -17.67697751276305, "params": {"gamma": 401.7160360733485, "log10_alpha": -4.545622172984816, "log10_colsample_bytree": -0.8280762386994897, "log10_eta": -3.066295886306006, "log10_lambda": -0.863415045824869, "log10_min_child_weight": 3.3934248575326937, "log10_subsample": -0.8102728865248304, "max_depth": 6.0, "num_boost_round": 19.0}, "datetime": {"datetime": "2024-01-19 02:11:14", "elapsed": 7163.879394, "delta": 0.007482}}
{"target": -17.676948408813306, "params": {"gamma": 401.7160360733485, "log10_alpha": -4.545622172984816, "log10_colsample_bytree": -0.8280762386994897, "log10_eta": -3.066295886306006, "log10_lambda": -0.863415045824869, "log10_min_child_weight": 3.3934248575326937, "log10_subsample": -0.8102728865248304, "max_depth": 6.0, "num_boost_round": 20.0}, "datetime": {"datetime": "2024-01-19 02:11:14", "elapsed": 7163.886901, "delta": 0.007507}}
{"target": -17.676920753999116, "params": {"gamma": 401.7160360733485, "log10_alpha": -4.545622172984816, "log10_colsample_bytree": -0.8280762386994897, "log10_eta": -3.066295886306006, "log10_lambda": -0.863415045824869, "log10_min_child_weight": 3.3934248575326937, "log10_subsample": -0.8102728865248304, "max_depth": 6.0, "num_boost_round": 21.0}, "datetime": {"datetime": "2024-01-19 02:11:14", "elapsed": 7163.894406, "delta": 0.007505}}
