{"target": -17.712573290790488, "params": {"gamma": 873.4294027918163, "log10_alpha": 0.8112439769255921, "log10_colsample_bytree": -0.13080545978608005, "log10_eta": -1.876577233777604, "log10_lambda": -3.6036300321362558, "log10_min_child_weight": 0.056994021387149485, "log10_subsample": -0.5695311817075095, "max_depth": 5.0, "num_boost_round": 98.0}, "datetime": {"datetime": "2024-01-19 00:11:59", "elapsed": 0.03392, "delta": 0.000262}}
{"target": -17.712115558876317, "params": {"gamma": 873.4294027918163, "log10_alpha": 0.8112439769255921, "log10_colsample_bytree": -0.13080545978608005, "log10_eta": -1.876577233777604, "log10_lambda": -3.6036300321362558, "log10_min_child_weight": 0.056994021387149485, "log10_subsample": -0.5695311817075095, "max_depth": 5.0, "num_boost_round": 99.0}, "datetime": {"datetime": "2024-01-19 00:11:59", "elapsed": 0.034187, "delta": 0.000267}}
{"target": -17.712914370853824, "params": {"gamma": 873.4294027918163, "log10_alpha": 0.8112439769255921, "log10_colsample_bytree": -0.13080545978608005, "log10_eta": -1.876577233777604, "log10_lambda": -3.6036300321362558, "log10_min_child_weight": 0.056994021387149485, "log10_subsample": -0.5695311817075095, "max_depth": 5.0, "num_boost_round": 100.0}, "datetime": {"datetime": "2024-01-19 00:11:59", "elapsed": 0.034455, "delta": 0.000268}}
{"target": -17.71415852540566, "params": {"gamma": 873.4294027918163, "log10_alpha": 0.8112439769255921, "log10_colsample_bytree": -0.13080545978608005, "log10_eta": -1.876577233777604, "log10_lambda": -3.6036300321362558, "log10_min_child_weight": 0.056994021387149485, "log10_subsample": -0.5695311817075095, "max_depth": 5.0, "num_boost_round": 101.0}, "datetime": {"datetime": "2024-01-19 00:11:59", "elapsed": 0.034729, "delta": 0.000274}}
{"target": -17.7148027220841, "params": {"gamma": 873.4294027918163, "log10_alpha": 0.8112439769255921, "log10_colsample_bytree": -0.13080545978608005, "log10_eta": -1.876577233777604, "log10_lambda": -3.6036300321362558, "log10_min_child_weight": 0.056994021387149485, "log10_subsample": -0.5695311817075095, "max_depth": 5.0, "num_boost_round": 102.0}, "datetime": {"datetime": "2024-01-19 00:11:59", "elapsed": 0.035004, "delta": 0.000275}}
{"target": -17.71633111907256, "params": {"gamma": 873.4294027918163, "log10_alpha": 0.8112439769255921, "log10_colsample_bytree": -0.13080545978608005, "log10_eta": -1.876577233777604, "log10_lambda": -3.6036300321362558, "log10_min_child_weight": 0.056994021387149485, "log10_subsample": -0.5695311817075095, "max_depth": 5.0, "num_boost_round": 103.0}, "datetime": {"datetime": "2024-01-19 00:11:59", "elapsed": 0.035283, "delta": 0.000279}}
{"target": -17.716596737677893, "params": {"gamma": 873.4294027918163, "log10_alpha": 0.8112439769255921, "log10_colsample_bytree": -0.13080545978608005, "log10_eta": -1.876577233777604, "log10_lambda": -3.6036300321362558, "log10_min_child_weight": 0.056994021387149485, "log10_subsample": -0.5695311817075095, "max_depth": 5.0, "num_boost_round": 104.0}, "datetime": {"datetime": "2024-01-19 00:11:59", "elapsed": 0.035568, "delta": 0.000285}}
{"target": -17.716755519330842, "params": {"gamma": 873.4294027918163, "log10_alpha": 0.8112439769255921, "log10_colsample_bytree": -0.13080545978608005, "log10_eta": -1.876577233777604, "log10_lambda": -3.6036300321362558, "log10_min_child_weight": 0.056994021387149485, "log10_subsample": -0.5695311817075095, "max_depth": 5.0, "num_boost_round": 105.0}, "datetime": {"datetime": "2024-01-19 00:11:59", "elapsed": 0.035845, "delta": 0.000277}}
{"target": -17.718144784676806, "params": {"gamma": 873.4294027918163, "log10_alpha": 0.8112439769255921, "log10_colsample_bytree": -0.13080545978608005, "log10_eta": -1.876577233777604, "log10_lambda": -3.6036300321362558, "log10_min_child_weight": 0.056994021387149485, "log10_subsample": -0.5695311817075095, "max_depth": 5.0, "num_boost_round": 106.0}, "datetime": {"datetime": "2024-01-19 00:11:59", "elapsed": 0.036119, "delta": 0.000274}}
{"target": -17.71976453180691, "params": {"gamma": 873.4294027918163, "log10_alpha": 0.8112439769255921, "log10_colsample_bytree": -0.13080545978608005, "log10_eta": -1.876577233777604, "log10_lambda": -3.6036300321362558, "log10_min_child_weight": 0.056994021387149485, "log10_subsample": -0.5695311817075095, "max_depth": 5.0, "num_boost_round": 107.0}, "datetime": {"datetime": "2024-01-19 00:11:59", "elapsed": 0.036473, "delta": 0.000354}}
{"target": -17.720249225331965, "params": {"gamma": 873.4294027918163, "log10_alpha": 0.8112439769255921, "log10_colsample_bytree": -0.13080545978608005, "log10_eta": -1.876577233777604, "log10_lambda": -3.6036300321362558, "log10_min_child_weight": 0.056994021387149485, "log10_subsample": -0.5695311817075095, "max_depth": 5.0, "num_boost_round": 108.0}, "datetime": {"datetime": "2024-01-19 00:11:59", "elapsed": 0.036765, "delta": 0.000292}}
{"target": -17.751248110215332, "params": {"gamma": 870.2386190500912, "log10_alpha": -2.2631545777907753, "log10_colsample_bytree": -0.7609871252281227, "log10_eta": -0.04165369066750868, "log10_lambda": -3.0930621360183275, "log10_min_child_weight": 0.47864129964463875, "log10_subsample": -0.9570818636896622, "max_depth": 3.0, "num_boost_round": 0.0}, "datetime": {"datetime": "2024-01-19 00:12:20", "elapsed": 21.205157, "delta": 21.168392}}
{"target": -17.773409197435846, "params": {"gamma": 870.2386190500912, "log10_alpha": -2.2631545777907753, "log10_colsample_bytree": -0.7609871252281227, "log10_eta": -0.04165369066750868, "log10_lambda": -3.0930621360183275, "log10_min_child_weight": 0.47864129964463875, "log10_subsample": -0.9570818636896622, "max_depth": 3.0, "num_boost_round": 1.0}, "datetime": {"datetime": "2024-01-19 00:12:20", "elapsed": 21.205975, "delta": 0.000818}}
{"target": -17.827205022801223, "params": {"gamma": 870.2386190500912, "log10_alpha": -2.2631545777907753, "log10_colsample_bytree": -0.7609871252281227, "log10_eta": -0.04165369066750868, "log10_lambda": -3.0930621360183275, "log10_min_child_weight": 0.47864129964463875, "log10_subsample": -0.9570818636896622, "max_depth": 3.0, "num_boost_round": 2.0}, "datetime": {"datetime": "2024-01-19 00:12:20", "elapsed": 21.206405, "delta": 0.00043}}
{"target": -17.88520475453003, "params": {"gamma": 870.2386190500912, "log10_alpha": -2.2631545777907753, "log10_colsample_bytree": -0.7609871252281227, "log10_eta": -0.04165369066750868, "log10_lambda": -3.0930621360183275, "log10_min_child_weight": 0.47864129964463875, "log10_subsample": -0.9570818636896622, "max_depth": 3.0, "num_boost_round": 3.0}, "datetime": {"datetime": "2024-01-19 00:12:20", "elapsed": 21.206719, "delta": 0.000314}}
{"target": -17.900967893981758, "params": {"gamma": 870.2386190500912, "log10_alpha": -2.2631545777907753, "log10_colsample_bytree": -0.7609871252281227, "log10_eta": -0.04165369066750868, "log10_lambda": -3.0930621360183275, "log10_min_child_weight": 0.47864129964463875, "log10_subsample": -0.9570818636896622, "max_depth": 3.0, "num_boost_round": 4.0}, "datetime": {"datetime": "2024-01-19 00:12:20", "elapsed": 21.207016, "delta": 0.000297}}
{"target": -17.900761423883772, "params": {"gamma": 870.2386190500912, "log10_alpha": -2.2631545777907753, "log10_colsample_bytree": -0.7609871252281227, "log10_eta": -0.04165369066750868, "log10_lambda": -3.0930621360183275, "log10_min_child_weight": 0.47864129964463875, "log10_subsample": -0.9570818636896622, "max_depth": 3.0, "num_boost_round": 5.0}, "datetime": {"datetime": "2024-01-19 00:12:20", "elapsed": 21.207307, "delta": 0.000291}}
{"target": -17.938450935507223, "params": {"gamma": 870.2386190500912, "log10_alpha": -2.2631545777907753, "log10_colsample_bytree": -0.7609871252281227, "log10_eta": -0.04165369066750868, "log10_lambda": -3.0930621360183275, "log10_min_child_weight": 0.47864129964463875, "log10_subsample": -0.9570818636896622, "max_depth": 3.0, "num_boost_round": 6.0}, "datetime": {"datetime": "2024-01-19 00:12:20", "elapsed": 21.207604, "delta": 0.000297}}
{"target": -18.16625248261305, "params": {"gamma": 870.2386190500912, "log10_alpha": -2.2631545777907753, "log10_colsample_bytree": -0.7609871252281227, "log10_eta": -0.04165369066750868, "log10_lambda": -3.0930621360183275, "log10_min_child_weight": 0.47864129964463875, "log10_subsample": -0.9570818636896622, "max_depth": 3.0, "num_boost_round": 7.0}, "datetime": {"datetime": "2024-01-19 00:12:20", "elapsed": 21.207899, "delta": 0.000295}}
{"target": -18.18749762632867, "params": {"gamma": 870.2386190500912, "log10_alpha": -2.2631545777907753, "log10_colsample_bytree": -0.7609871252281227, "log10_eta": -0.04165369066750868, "log10_lambda": -3.0930621360183275, "log10_min_child_weight": 0.47864129964463875, "log10_subsample": -0.9570818636896622, "max_depth": 3.0, "num_boost_round": 8.0}, "datetime": {"datetime": "2024-01-19 00:12:20", "elapsed": 21.20819, "delta": 0.000291}}
{"target": -18.212344483390037, "params": {"gamma": 870.2386190500912, "log10_alpha": -2.2631545777907753, "log10_colsample_bytree": -0.7609871252281227, "log10_eta": -0.04165369066750868, "log10_lambda": -3.0930621360183275, "log10_min_child_weight": 0.47864129964463875, "log10_subsample": -0.9570818636896622, "max_depth": 3.0, "num_boost_round": 9.0}, "datetime": {"datetime": "2024-01-19 00:12:20", "elapsed": 21.208611, "delta": 0.000421}}
{"target": -18.549788236355294, "params": {"gamma": 870.2386190500912, "log10_alpha": -2.2631545777907753, "log10_colsample_bytree": -0.7609871252281227, "log10_eta": -0.04165369066750868, "log10_lambda": -3.0930621360183275, "log10_min_child_weight": 0.47864129964463875, "log10_subsample": -0.9570818636896622, "max_depth": 3.0, "num_boost_round": 10.0}, "datetime": {"datetime": "2024-01-19 00:12:20", "elapsed": 21.208919, "delta": 0.000308}}
{"target": -18.56564462544282, "params": {"gamma": 870.2386190500912, "log10_alpha": -2.2631545777907753, "log10_colsample_bytree": -0.7609871252281227, "log10_eta": -0.04165369066750868, "log10_lambda": -3.0930621360183275, "log10_min_child_weight": 0.47864129964463875, "log10_subsample": -0.9570818636896622, "max_depth": 3.0, "num_boost_round": 11.0}, "datetime": {"datetime": "2024-01-19 00:12:20", "elapsed": 21.209219, "delta": 0.0003}}
{"target": -17.67723276289274, "params": {"gamma": 872.965226040502, "log10_alpha": 0.2500260329933983, "log10_colsample_bytree": -0.23571008630672285, "log10_eta": -3.4046073730992017, "log10_lambda": -3.8560218854081065, "log10_min_child_weight": 3.3101157941660038, "log10_subsample": -0.39575557710347065, "max_depth": 6.0, "num_boost_round": 0.0}, "datetime": {"datetime": "2024-01-19 00:12:46", "elapsed": 46.656617, "delta": 25.447398}}
{"target": -17.677208284071842, "params": {"gamma": 872.965226040502, "log10_alpha": 0.2500260329933983, "log10_colsample_bytree": -0.23571008630672285, "log10_eta": -3.4046073730992017, "log10_lambda": -3.8560218854081065, "log10_min_child_weight": 3.3101157941660038, "log10_subsample": -0.39575557710347065, "max_depth": 6.0, "num_boost_round": 1.0}, "datetime": {"datetime": "2024-01-19 00:12:46", "elapsed": 46.657111, "delta": 0.000494}}
{"target": -17.677198641593577, "params": {"gamma": 872.965226040502, "log10_alpha": 0.2500260329933983, "log10_colsample_bytree": -0.23571008630672285, "log10_eta": -3.4046073730992017, "log10_lambda": -3.8560218854081065, "log10_min_child_weight": 3.3101157941660038, "log10_subsample": -0.39575557710347065, "max_depth": 6.0, "num_boost_round": 2.0}, "datetime": {"datetime": "2024-01-19 00:12:46", "elapsed": 46.657569, "delta": 0.000458}}
{"target": -17.67719866389637, "params": {"gamma": 872.965226040502, "log10_alpha": 0.2500260329933983, "log10_colsample_bytree": -0.23571008630672285, "log10_eta": -3.4046073730992017, "log10_lambda": -3.8560218854081065, "log10_min_child_weight": 3.3101157941660038, "log10_subsample": -0.39575557710347065, "max_depth": 6.0, "num_boost_round": 3.0}, "datetime": {"datetime": "2024-01-19 00:12:46", "elapsed": 46.658388, "delta": 0.000819}}
{"target": -17.677199614272777, "params": {"gamma": 872.965226040502, "log10_alpha": 0.2500260329933983, "log10_colsample_bytree": -0.23571008630672285, "log10_eta": -3.4046073730992017, "log10_lambda": -3.8560218854081065, "log10_min_child_weight": 3.3101157941660038, "log10_subsample": -0.39575557710347065, "max_depth": 6.0, "num_boost_round": 4.0}, "datetime": {"datetime": "2024-01-19 00:12:46", "elapsed": 46.658712, "delta": 0.000324}}
{"target": -17.677197943299017, "params": {"gamma": 872.965226040502, "log10_alpha": 0.2500260329933983, "log10_colsample_bytree": -0.23571008630672285, "log10_eta": -3.4046073730992017, "log10_lambda": -3.8560218854081065, "log10_min_child_weight": 3.3101157941660038, "log10_subsample": -0.39575557710347065, "max_depth": 6.0, "num_boost_round": 5.0}, "datetime": {"datetime": "2024-01-19 00:12:46", "elapsed": 46.659133, "delta": 0.000421}}
{"target": -17.67717541001031, "params": {"gamma": 872.965226040502, "log10_alpha": 0.2500260329933983, "log10_colsample_bytree": -0.23571008630672285, "log10_eta": -3.4046073730992017, "log10_lambda": -3.8560218854081065, "log10_min_child_weight": 3.3101157941660038, "log10_subsample": -0.39575557710347065, "max_depth": 6.0, "num_boost_round": 6.0}, "datetime": {"datetime": "2024-01-19 00:12:46", "elapsed": 46.659451, "delta": 0.000318}}
{"target": -17.677162600467483, "params": {"gamma": 872.965226040502, "log10_alpha": 0.2500260329933983, "log10_colsample_bytree": -0.23571008630672285, "log10_eta": -3.4046073730992017, "log10_lambda": -3.8560218854081065, "log10_min_child_weight": 3.3101157941660038, "log10_subsample": -0.39575557710347065, "max_depth": 6.0, "num_boost_round": 7.0}, "datetime": {"datetime": "2024-01-19 00:12:46", "elapsed": 46.659774, "delta": 0.000323}}
{"target": -17.67715668067199, "params": {"gamma": 872.965226040502, "log10_alpha": 0.2500260329933983, "log10_colsample_bytree": -0.23571008630672285, "log10_eta": -3.4046073730992017, "log10_lambda": -3.8560218854081065, "log10_min_child_weight": 3.3101157941660038, "log10_subsample": -0.39575557710347065, "max_depth": 6.0, "num_boost_round": 8.0}, "datetime": {"datetime": "2024-01-19 00:12:46", "elapsed": 46.660197, "delta": 0.000423}}
{"target": -17.67714908970149, "params": {"gamma": 872.965226040502, "log10_alpha": 0.2500260329933983, "log10_colsample_bytree": -0.23571008630672285, "log10_eta": -3.4046073730992017, "log10_lambda": -3.8560218854081065, "log10_min_child_weight": 3.3101157941660038, "log10_subsample": -0.39575557710347065, "max_depth": 6.0, "num_boost_round": 9.0}, "datetime": {"datetime": "2024-01-19 00:12:46", "elapsed": 46.660528, "delta": 0.000331}}
{"target": -17.67713603453476, "params": {"gamma": 872.965226040502, "log10_alpha": 0.2500260329933983, "log10_colsample_bytree": -0.23571008630672285, "log10_eta": -3.4046073730992017, "log10_lambda": -3.8560218854081065, "log10_min_child_weight": 3.3101157941660038, "log10_subsample": -0.39575557710347065, "max_depth": 6.0, "num_boost_round": 10.0}, "datetime": {"datetime": "2024-01-19 00:12:46", "elapsed": 46.660844, "delta": 0.000316}}
{"target": -17.677105258202022, "params": {"gamma": 872.965226040502, "log10_alpha": 0.2500260329933983, "log10_colsample_bytree": -0.23571008630672285, "log10_eta": -3.4046073730992017, "log10_lambda": -3.8560218854081065, "log10_min_child_weight": 3.3101157941660038, "log10_subsample": -0.39575557710347065, "max_depth": 6.0, "num_boost_round": 11.0}, "datetime": {"datetime": "2024-01-19 00:12:46", "elapsed": 46.661159, "delta": 0.000315}}
{"target": -17.67710010701579, "params": {"gamma": 872.965226040502, "log10_alpha": 0.2500260329933983, "log10_colsample_bytree": -0.23571008630672285, "log10_eta": -3.4046073730992017, "log10_lambda": -3.8560218854081065, "log10_min_child_weight": 3.3101157941660038, "log10_subsample": -0.39575557710347065, "max_depth": 6.0, "num_boost_round": 12.0}, "datetime": {"datetime": "2024-01-19 00:12:46", "elapsed": 46.66159, "delta": 0.000431}}
{"target": -17.67709853902064, "params": {"gamma": 872.965226040502, "log10_alpha": 0.2500260329933983, "log10_colsample_bytree": -0.23571008630672285, "log10_eta": -3.4046073730992017, "log10_lambda": -3.8560218854081065, "log10_min_child_weight": 3.3101157941660038, "log10_subsample": -0.39575557710347065, "max_depth": 6.0, "num_boost_round": 13.0}, "datetime": {"datetime": "2024-01-19 00:12:46", "elapsed": 46.661911, "delta": 0.000321}}
{"target": -17.677097913407827, "params": {"gamma": 872.965226040502, "log10_alpha": 0.2500260329933983, "log10_colsample_bytree": -0.23571008630672285, "log10_eta": -3.4046073730992017, "log10_lambda": -3.8560218854081065, "log10_min_child_weight": 3.3101157941660038, "log10_subsample": -0.39575557710347065, "max_depth": 6.0, "num_boost_round": 14.0}, "datetime": {"datetime": "2024-01-19 00:12:46", "elapsed": 46.66223, "delta": 0.000319}}
{"target": -17.677087912738596, "params": {"gamma": 872.965226040502, "log10_alpha": 0.2500260329933983, "log10_colsample_bytree": -0.23571008630672285, "log10_eta": -3.4046073730992017, "log10_lambda": -3.8560218854081065, "log10_min_child_weight": 3.3101157941660038, "log10_subsample": -0.39575557710347065, "max_depth": 6.0, "num_boost_round": 15.0}, "datetime": {"datetime": "2024-01-19 00:12:46", "elapsed": 46.662557, "delta": 0.000327}}
{"target": -17.677070682897874, "params": {"gamma": 872.965226040502, "log10_alpha": 0.2500260329933983, "log10_colsample_bytree": -0.23571008630672285, "log10_eta": -3.4046073730992017, "log10_lambda": -3.8560218854081065, "log10_min_child_weight": 3.3101157941660038, "log10_subsample": -0.39575557710347065, "max_depth": 6.0, "num_boost_round": 16.0}, "datetime": {"datetime": "2024-01-19 00:12:46", "elapsed": 46.662883, "delta": 0.000326}}
{"target": -17.677076209059827, "params": {"gamma": 872.965226040502, "log10_alpha": 0.2500260329933983, "log10_colsample_bytree": -0.23571008630672285, "log10_eta": -3.4046073730992017, "log10_lambda": -3.8560218854081065, "log10_min_child_weight": 3.3101157941660038, "log10_subsample": -0.39575557710347065, "max_depth": 6.0, "num_boost_round": 17.0}, "datetime": {"datetime": "2024-01-19 00:12:46", "elapsed": 46.663206, "delta": 0.000323}}
{"target": -17.67707327313003, "params": {"gamma": 872.965226040502, "log10_alpha": 0.2500260329933983, "log10_colsample_bytree": -0.23571008630672285, "log10_eta": -3.4046073730992017, "log10_lambda": -3.8560218854081065, "log10_min_child_weight": 3.3101157941660038, "log10_subsample": -0.39575557710347065, "max_depth": 6.0, "num_boost_round": 18.0}, "datetime": {"datetime": "2024-01-19 00:12:46", "elapsed": 46.663545, "delta": 0.000339}}
{"target": -17.677052676359438, "params": {"gamma": 872.965226040502, "log10_alpha": 0.2500260329933983, "log10_colsample_bytree": -0.23571008630672285, "log10_eta": -3.4046073730992017, "log10_lambda": -3.8560218854081065, "log10_min_child_weight": 3.3101157941660038, "log10_subsample": -0.39575557710347065, "max_depth": 6.0, "num_boost_round": 19.0}, "datetime": {"datetime": "2024-01-19 00:12:46", "elapsed": 46.663879, "delta": 0.000334}}
{"target": -17.67703545114662, "params": {"gamma": 872.965226040502, "log10_alpha": 0.2500260329933983, "log10_colsample_bytree": -0.23571008630672285, "log10_eta": -3.4046073730992017, "log10_lambda": -3.8560218854081065, "log10_min_child_weight": 3.3101157941660038, "log10_subsample": -0.39575557710347065, "max_depth": 6.0, "num_boost_round": 20.0}, "datetime": {"datetime": "2024-01-19 00:12:46", "elapsed": 46.664218, "delta": 0.000339}}
{"target": -17.677011392933203, "params": {"gamma": 872.965226040502, "log10_alpha": 0.2500260329933983, "log10_colsample_bytree": -0.23571008630672285, "log10_eta": -3.4046073730992017, "log10_lambda": -3.8560218854081065, "log10_min_child_weight": 3.3101157941660038, "log10_subsample": -0.39575557710347065, "max_depth": 6.0, "num_boost_round": 21.0}, "datetime": {"datetime": "2024-01-19 00:12:46", "elapsed": 46.664558, "delta": 0.00034}}
{"target": -17.676987254792348, "params": {"gamma": 872.965226040502, "log10_alpha": 0.2500260329933983, "log10_colsample_bytree": -0.23571008630672285, "log10_eta": -3.4046073730992017, "log10_lambda": -3.8560218854081065, "log10_min_child_weight": 3.3101157941660038, "log10_subsample": -0.39575557710347065, "max_depth": 6.0, "num_boost_round": 22.0}, "datetime": {"datetime": "2024-01-19 00:12:46", "elapsed": 46.664897, "delta": 0.000339}}
{"target": -17.673655507855443, "params": {"gamma": 875.5550534808876, "log10_alpha": -0.20064041429916024, "log10_colsample_bytree": -0.7156196026296665, "log10_eta": -0.46197653620806145, "log10_lambda": -1.8303436874106551, "log10_min_child_weight": 0.8412759187823182, "log10_subsample": -0.9872764502224928, "max_depth": 2.0, "num_boost_round": 0.0}, "datetime": {"datetime": "2024-01-19 00:13:10", "elapsed": 71.356261, "delta": 24.691364}}
{"target": -17.67240999907283, "params": {"gamma": 875.5550534808876, "log10_alpha": -0.20064041429916024, "log10_colsample_bytree": -0.7156196026296665, "log10_eta": -0.46197653620806145, "log10_lambda": -1.8303436874106551, "log10_min_child_weight": 0.8412759187823182, "log10_subsample": -0.9872764502224928, "max_depth": 2.0, "num_boost_round": 1.0}, "datetime": {"datetime": "2024-01-19 00:13:10", "elapsed": 71.358692, "delta": 0.002431}}
{"target": -17.67590136276596, "params": {"gamma": 875.5550534808876, "log10_alpha": -0.20064041429916024, "log10_colsample_bytree": -0.7156196026296665, "log10_eta": -0.46197653620806145, "log10_lambda": -1.8303436874106551, "log10_min_child_weight": 0.8412759187823182, "log10_subsample": -0.9872764502224928, "max_depth": 2.0, "num_boost_round": 2.0}, "datetime": {"datetime": "2024-01-19 00:13:10", "elapsed": 71.359106, "delta": 0.000414}}
