{"target": -13.796713683044807, "params": {"gamma": 967.0298390136767, "log10_alpha": -1.7166065049456662, "log10_colsample_bytree": -0.027315640035115663, "log10_eta": -1.1407360253025414, "log10_lambda": -0.8136270524163756, "log10_min_child_weight": 1.080447477901882, "log10_subsample": -0.02372554522375825, "max_depth": 2.0, "num_boost_round": 49.0}, "datetime": {"datetime": "2024-01-19 00:11:46", "elapsed": 7.996392, "delta": 0.000191}}
{"target": -13.796654396011236, "params": {"gamma": 967.0298390136767, "log10_alpha": -1.7166065049456662, "log10_colsample_bytree": -0.027315640035115663, "log10_eta": -1.1407360253025414, "log10_lambda": -0.8136270524163756, "log10_min_child_weight": 1.080447477901882, "log10_subsample": -0.02372554522375825, "max_depth": 2.0, "num_boost_round": 50.0}, "datetime": {"datetime": "2024-01-19 00:11:46", "elapsed": 7.996586, "delta": 0.000194}}
{"target": -13.797559795648874, "params": {"gamma": 967.0298390136767, "log10_alpha": -1.7166065049456662, "log10_colsample_bytree": -0.027315640035115663, "log10_eta": -1.1407360253025414, "log10_lambda": -0.8136270524163756, "log10_min_child_weight": 1.080447477901882, "log10_subsample": -0.02372554522375825, "max_depth": 2.0, "num_boost_round": 51.0}, "datetime": {"datetime": "2024-01-19 00:11:46", "elapsed": 7.996864, "delta": 0.000278}}
{"target": -13.797437112681486, "params": {"gamma": 967.0298390136767, "log10_alpha": -1.7166065049456662, "log10_colsample_bytree": -0.027315640035115663, "log10_eta": -1.1407360253025414, "log10_lambda": -0.8136270524163756, "log10_min_child_weight": 1.080447477901882, "log10_subsample": -0.02372554522375825, "max_depth": 2.0, "num_boost_round": 52.0}, "datetime": {"datetime": "2024-01-19 00:11:46", "elapsed": 7.99708, "delta": 0.000216}}
{"target": -13.797430804469984, "params": {"gamma": 967.0298390136767, "log10_alpha": -1.7166065049456662, "log10_colsample_bytree": -0.027315640035115663, "log10_eta": -1.1407360253025414, "log10_lambda": -0.8136270524163756, "log10_min_child_weight": 1.080447477901882, "log10_subsample": -0.02372554522375825, "max_depth": 2.0, "num_boost_round": 53.0}, "datetime": {"datetime": "2024-01-19 00:11:46", "elapsed": 7.997283, "delta": 0.000203}}
{"target": -13.798802173017483, "params": {"gamma": 967.0298390136767, "log10_alpha": -1.7166065049456662, "log10_colsample_bytree": -0.027315640035115663, "log10_eta": -1.1407360253025414, "log10_lambda": -0.8136270524163756, "log10_min_child_weight": 1.080447477901882, "log10_subsample": -0.02372554522375825, "max_depth": 2.0, "num_boost_round": 54.0}, "datetime": {"datetime": "2024-01-19 00:11:46", "elapsed": 7.997489, "delta": 0.000206}}
{"target": -13.799534133121227, "params": {"gamma": 967.0298390136767, "log10_alpha": -1.7166065049456662, "log10_colsample_bytree": -0.027315640035115663, "log10_eta": -1.1407360253025414, "log10_lambda": -0.8136270524163756, "log10_min_child_weight": 1.080447477901882, "log10_subsample": -0.02372554522375825, "max_depth": 2.0, "num_boost_round": 55.0}, "datetime": {"datetime": "2024-01-19 00:11:46", "elapsed": 7.997706, "delta": 0.000217}}
{"target": -13.800425895127043, "params": {"gamma": 967.0298390136767, "log10_alpha": -1.7166065049456662, "log10_colsample_bytree": -0.027315640035115663, "log10_eta": -1.1407360253025414, "log10_lambda": -0.8136270524163756, "log10_min_child_weight": 1.080447477901882, "log10_subsample": -0.02372554522375825, "max_depth": 2.0, "num_boost_round": 56.0}, "datetime": {"datetime": "2024-01-19 00:11:46", "elapsed": 7.997911, "delta": 0.000205}}
{"target": -13.804386348195054, "params": {"gamma": 967.0298390136767, "log10_alpha": -1.7166065049456662, "log10_colsample_bytree": -0.027315640035115663, "log10_eta": -1.1407360253025414, "log10_lambda": -0.8136270524163756, "log10_min_child_weight": 1.080447477901882, "log10_subsample": -0.02372554522375825, "max_depth": 2.0, "num_boost_round": 57.0}, "datetime": {"datetime": "2024-01-19 00:11:46", "elapsed": 7.998145, "delta": 0.000234}}
{"target": -13.758536362637578, "params": {"gamma": 965.768417611316, "log10_alpha": -1.995933481403008, "log10_colsample_bytree": -0.9103667985681134, "log10_eta": -3.722134173426485, "log10_lambda": -1.6818852693559387, "log10_min_child_weight": 3.4042979617508418, "log10_subsample": -0.693635130349493, "max_depth": 2.0, "num_boost_round": 0.0}, "datetime": {"datetime": "2024-01-19 00:12:05", "elapsed": 26.575539, "delta": 18.577394}}
{"target": -13.758535064334067, "params": {"gamma": 965.768417611316, "log10_alpha": -1.995933481403008, "log10_colsample_bytree": -0.9103667985681134, "log10_eta": -3.722134173426485, "log10_lambda": -1.6818852693559387, "log10_min_child_weight": 3.4042979617508418, "log10_subsample": -0.693635130349493, "max_depth": 2.0, "num_boost_round": 1.0}, "datetime": {"datetime": "2024-01-19 00:12:05", "elapsed": 26.575894, "delta": 0.000355}}
{"target": -13.758534510176661, "params": {"gamma": 965.768417611316, "log10_alpha": -1.995933481403008, "log10_colsample_bytree": -0.9103667985681134, "log10_eta": -3.722134173426485, "log10_lambda": -1.6818852693559387, "log10_min_child_weight": 3.4042979617508418, "log10_subsample": -0.693635130349493, "max_depth": 2.0, "num_boost_round": 2.0}, "datetime": {"datetime": "2024-01-19 00:12:05", "elapsed": 26.576149, "delta": 0.000255}}
{"target": -13.758534370766219, "params": {"gamma": 965.768417611316, "log10_alpha": -1.995933481403008, "log10_colsample_bytree": -0.9103667985681134, "log10_eta": -3.722134173426485, "log10_lambda": -1.6818852693559387, "log10_min_child_weight": 3.4042979617508418, "log10_subsample": -0.693635130349493, "max_depth": 2.0, "num_boost_round": 3.0}, "datetime": {"datetime": "2024-01-19 00:12:05", "elapsed": 26.576379, "delta": 0.00023}}
{"target": -13.758534062690718, "params": {"gamma": 965.768417611316, "log10_alpha": -1.995933481403008, "log10_colsample_bytree": -0.9103667985681134, "log10_eta": -3.722134173426485, "log10_lambda": -1.6818852693559387, "log10_min_child_weight": 3.4042979617508418, "log10_subsample": -0.693635130349493, "max_depth": 2.0, "num_boost_round": 4.0}, "datetime": {"datetime": "2024-01-19 00:12:05", "elapsed": 26.5766, "delta": 0.000221}}
{"target": -13.758532780736623, "params": {"gamma": 965.768417611316, "log10_alpha": -1.995933481403008, "log10_colsample_bytree": -0.9103667985681134, "log10_eta": -3.722134173426485, "log10_lambda": -1.6818852693559387, "log10_min_child_weight": 3.4042979617508418, "log10_subsample": -0.693635130349493, "max_depth": 2.0, "num_boost_round": 5.0}, "datetime": {"datetime": "2024-01-19 00:12:05", "elapsed": 26.576822, "delta": 0.000222}}
{"target": -13.758533718831146, "params": {"gamma": 965.768417611316, "log10_alpha": -1.995933481403008, "log10_colsample_bytree": -0.9103667985681134, "log10_eta": -3.722134173426485, "log10_lambda": -1.6818852693559387, "log10_min_child_weight": 3.4042979617508418, "log10_subsample": -0.693635130349493, "max_depth": 2.0, "num_boost_round": 6.0}, "datetime": {"datetime": "2024-01-19 00:12:05", "elapsed": 26.57706, "delta": 0.000238}}
{"target": -13.758532624306305, "params": {"gamma": 965.768417611316, "log10_alpha": -1.995933481403008, "log10_colsample_bytree": -0.9103667985681134, "log10_eta": -3.722134173426485, "log10_lambda": -1.6818852693559387, "log10_min_child_weight": 3.4042979617508418, "log10_subsample": -0.693635130349493, "max_depth": 2.0, "num_boost_round": 7.0}, "datetime": {"datetime": "2024-01-19 00:12:05", "elapsed": 26.577296, "delta": 0.000236}}
{"target": -13.75853146222993, "params": {"gamma": 965.768417611316, "log10_alpha": -1.995933481403008, "log10_colsample_bytree": -0.9103667985681134, "log10_eta": -3.722134173426485, "log10_lambda": -1.6818852693559387, "log10_min_child_weight": 3.4042979617508418, "log10_subsample": -0.693635130349493, "max_depth": 2.0, "num_boost_round": 8.0}, "datetime": {"datetime": "2024-01-19 00:12:05", "elapsed": 26.577531, "delta": 0.000235}}
{"target": -13.758529589800897, "params": {"gamma": 965.768417611316, "log10_alpha": -1.995933481403008, "log10_colsample_bytree": -0.9103667985681134, "log10_eta": -3.722134173426485, "log10_lambda": -1.6818852693559387, "log10_min_child_weight": 3.4042979617508418, "log10_subsample": -0.693635130349493, "max_depth": 2.0, "num_boost_round": 9.0}, "datetime": {"datetime": "2024-01-19 00:12:05", "elapsed": 26.577757, "delta": 0.000226}}
{"target": -13.758528969255407, "params": {"gamma": 965.768417611316, "log10_alpha": -1.995933481403008, "log10_colsample_bytree": -0.9103667985681134, "log10_eta": -3.722134173426485, "log10_lambda": -1.6818852693559387, "log10_min_child_weight": 3.4042979617508418, "log10_subsample": -0.693635130349493, "max_depth": 2.0, "num_boost_round": 10.0}, "datetime": {"datetime": "2024-01-19 00:12:05", "elapsed": 26.577987, "delta": 0.00023}}
{"target": -13.758528944503198, "params": {"gamma": 965.768417611316, "log10_alpha": -1.995933481403008, "log10_colsample_bytree": -0.9103667985681134, "log10_eta": -3.722134173426485, "log10_lambda": -1.6818852693559387, "log10_min_child_weight": 3.4042979617508418, "log10_subsample": -0.693635130349493, "max_depth": 2.0, "num_boost_round": 11.0}, "datetime": {"datetime": "2024-01-19 00:12:05", "elapsed": 26.578214, "delta": 0.000227}}
{"target": -13.758527097961053, "params": {"gamma": 965.768417611316, "log10_alpha": -1.995933481403008, "log10_colsample_bytree": -0.9103667985681134, "log10_eta": -3.722134173426485, "log10_lambda": -1.6818852693559387, "log10_min_child_weight": 3.4042979617508418, "log10_subsample": -0.693635130349493, "max_depth": 2.0, "num_boost_round": 12.0}, "datetime": {"datetime": "2024-01-19 00:12:05", "elapsed": 26.578438, "delta": 0.000224}}
{"target": -13.758503369838962, "params": {"gamma": 966.3454278620237, "log10_alpha": -1.0272260908708963, "log10_colsample_bytree": -0.17162104233621744, "log10_eta": -2.7150040845523935, "log10_lambda": -2.450438103201856, "log10_min_child_weight": 1.1746463804019092, "log10_subsample": -0.8925230640141693, "max_depth": 3.0, "num_boost_round": 0.0}, "datetime": {"datetime": "2024-01-19 00:12:23", "elapsed": 44.648144, "delta": 18.069706}}
{"target": -13.758479029360942, "params": {"gamma": 966.3454278620237, "log10_alpha": -1.0272260908708963, "log10_colsample_bytree": -0.17162104233621744, "log10_eta": -2.7150040845523935, "log10_lambda": -2.450438103201856, "log10_min_child_weight": 1.1746463804019092, "log10_subsample": -0.8925230640141693, "max_depth": 3.0, "num_boost_round": 1.0}, "datetime": {"datetime": "2024-01-19 00:12:23", "elapsed": 44.648568, "delta": 0.000424}}
{"target": -13.758467684630709, "params": {"gamma": 966.3454278620237, "log10_alpha": -1.0272260908708963, "log10_colsample_bytree": -0.17162104233621744, "log10_eta": -2.7150040845523935, "log10_lambda": -2.450438103201856, "log10_min_child_weight": 1.1746463804019092, "log10_subsample": -0.8925230640141693, "max_depth": 3.0, "num_boost_round": 2.0}, "datetime": {"datetime": "2024-01-19 00:12:23", "elapsed": 44.648883, "delta": 0.000315}}
{"target": -13.758475029860463, "params": {"gamma": 966.3454278620237, "log10_alpha": -1.0272260908708963, "log10_colsample_bytree": -0.17162104233621744, "log10_eta": -2.7150040845523935, "log10_lambda": -2.450438103201856, "log10_min_child_weight": 1.1746463804019092, "log10_subsample": -0.8925230640141693, "max_depth": 3.0, "num_boost_round": 3.0}, "datetime": {"datetime": "2024-01-19 00:12:23", "elapsed": 44.649184, "delta": 0.000301}}
{"target": -13.758415423228477, "params": {"gamma": 966.3454278620237, "log10_alpha": -1.0272260908708963, "log10_colsample_bytree": -0.17162104233621744, "log10_eta": -2.7150040845523935, "log10_lambda": -2.450438103201856, "log10_min_child_weight": 1.1746463804019092, "log10_subsample": -0.8925230640141693, "max_depth": 3.0, "num_boost_round": 4.0}, "datetime": {"datetime": "2024-01-19 00:12:23", "elapsed": 44.649477, "delta": 0.000293}}
{"target": -13.758394545225167, "params": {"gamma": 966.3454278620237, "log10_alpha": -1.0272260908708963, "log10_colsample_bytree": -0.17162104233621744, "log10_eta": -2.7150040845523935, "log10_lambda": -2.450438103201856, "log10_min_child_weight": 1.1746463804019092, "log10_subsample": -0.8925230640141693, "max_depth": 3.0, "num_boost_round": 5.0}, "datetime": {"datetime": "2024-01-19 00:12:23", "elapsed": 44.649769, "delta": 0.000292}}
{"target": -13.758363176333647, "params": {"gamma": 966.3454278620237, "log10_alpha": -1.0272260908708963, "log10_colsample_bytree": -0.17162104233621744, "log10_eta": -2.7150040845523935, "log10_lambda": -2.450438103201856, "log10_min_child_weight": 1.1746463804019092, "log10_subsample": -0.8925230640141693, "max_depth": 3.0, "num_boost_round": 6.0}, "datetime": {"datetime": "2024-01-19 00:12:23", "elapsed": 44.650059, "delta": 0.00029}}
{"target": -13.758359839857263, "params": {"gamma": 966.3454278620237, "log10_alpha": -1.0272260908708963, "log10_colsample_bytree": -0.17162104233621744, "log10_eta": -2.7150040845523935, "log10_lambda": -2.450438103201856, "log10_min_child_weight": 1.1746463804019092, "log10_subsample": -0.8925230640141693, "max_depth": 3.0, "num_boost_round": 7.0}, "datetime": {"datetime": "2024-01-19 00:12:23", "elapsed": 44.650349, "delta": 0.00029}}
{"target": -13.758355767760062, "params": {"gamma": 966.3454278620237, "log10_alpha": -1.0272260908708963, "log10_colsample_bytree": -0.17162104233621744, "log10_eta": -2.7150040845523935, "log10_lambda": -2.450438103201856, "log10_min_child_weight": 1.1746463804019092, "log10_subsample": -0.8925230640141693, "max_depth": 3.0, "num_boost_round": 8.0}, "datetime": {"datetime": "2024-01-19 00:12:23", "elapsed": 44.650631, "delta": 0.000282}}
{"target": -13.758334592308085, "params": {"gamma": 966.3454278620237, "log10_alpha": -1.0272260908708963, "log10_colsample_bytree": -0.17162104233621744, "log10_eta": -2.7150040845523935, "log10_lambda": -2.450438103201856, "log10_min_child_weight": 1.1746463804019092, "log10_subsample": -0.8925230640141693, "max_depth": 3.0, "num_boost_round": 9.0}, "datetime": {"datetime": "2024-01-19 00:12:23", "elapsed": 44.650937, "delta": 0.000306}}
{"target": -13.758316014275628, "params": {"gamma": 966.3454278620237, "log10_alpha": -1.0272260908708963, "log10_colsample_bytree": -0.17162104233621744, "log10_eta": -2.7150040845523935, "log10_lambda": -2.450438103201856, "log10_min_child_weight": 1.1746463804019092, "log10_subsample": -0.8925230640141693, "max_depth": 3.0, "num_boost_round": 10.0}, "datetime": {"datetime": "2024-01-19 00:12:23", "elapsed": 44.65124, "delta": 0.000303}}
{"target": -13.795222509481622, "params": {"gamma": 961.3281530104232, "log10_alpha": -4.7918785378892075, "log10_colsample_bytree": -0.13275755440546033, "log10_eta": -0.5227932545058596, "log10_lambda": 0.6314941719881535, "log10_min_child_weight": 1.3916847840062156, "log10_subsample": -0.42721286870316133, "max_depth": 6.0, "num_boost_round": 0.0}, "datetime": {"datetime": "2024-01-19 00:12:43", "elapsed": 64.26422, "delta": 19.61298}}
{"target": -13.844352030250992, "params": {"gamma": 961.3281530104232, "log10_alpha": -4.7918785378892075, "log10_colsample_bytree": -0.13275755440546033, "log10_eta": -0.5227932545058596, "log10_lambda": 0.6314941719881535, "log10_min_child_weight": 1.3916847840062156, "log10_subsample": -0.42721286870316133, "max_depth": 6.0, "num_boost_round": 1.0}, "datetime": {"datetime": "2024-01-19 00:12:43", "elapsed": 64.264715, "delta": 0.000495}}
{"target": -13.861118645095598, "params": {"gamma": 961.3281530104232, "log10_alpha": -4.7918785378892075, "log10_colsample_bytree": -0.13275755440546033, "log10_eta": -0.5227932545058596, "log10_lambda": 0.6314941719881535, "log10_min_child_weight": 1.3916847840062156, "log10_subsample": -0.42721286870316133, "max_depth": 6.0, "num_boost_round": 2.0}, "datetime": {"datetime": "2024-01-19 00:12:43", "elapsed": 64.265006, "delta": 0.000291}}
{"target": -13.885707066696279, "params": {"gamma": 961.3281530104232, "log10_alpha": -4.7918785378892075, "log10_colsample_bytree": -0.13275755440546033, "log10_eta": -0.5227932545058596, "log10_lambda": 0.6314941719881535, "log10_min_child_weight": 1.3916847840062156, "log10_subsample": -0.42721286870316133, "max_depth": 6.0, "num_boost_round": 3.0}, "datetime": {"datetime": "2024-01-19 00:12:43", "elapsed": 64.265282, "delta": 0.000276}}
{"target": -13.922038796116302, "params": {"gamma": 961.3281530104232, "log10_alpha": -4.7918785378892075, "log10_colsample_bytree": -0.13275755440546033, "log10_eta": -0.5227932545058596, "log10_lambda": 0.6314941719881535, "log10_min_child_weight": 1.3916847840062156, "log10_subsample": -0.42721286870316133, "max_depth": 6.0, "num_boost_round": 4.0}, "datetime": {"datetime": "2024-01-19 00:12:43", "elapsed": 64.265546, "delta": 0.000264}}
{"target": -13.962104959501076, "params": {"gamma": 961.3281530104232, "log10_alpha": -4.7918785378892075, "log10_colsample_bytree": -0.13275755440546033, "log10_eta": -0.5227932545058596, "log10_lambda": 0.6314941719881535, "log10_min_child_weight": 1.3916847840062156, "log10_subsample": -0.42721286870316133, "max_depth": 6.0, "num_boost_round": 5.0}, "datetime": {"datetime": "2024-01-19 00:12:43", "elapsed": 64.265935, "delta": 0.000389}}
{"target": -13.968291069589121, "params": {"gamma": 961.3281530104232, "log10_alpha": -4.7918785378892075, "log10_colsample_bytree": -0.13275755440546033, "log10_eta": -0.5227932545058596, "log10_lambda": 0.6314941719881535, "log10_min_child_weight": 1.3916847840062156, "log10_subsample": -0.42721286870316133, "max_depth": 6.0, "num_boost_round": 6.0}, "datetime": {"datetime": "2024-01-19 00:12:43", "elapsed": 64.266208, "delta": 0.000273}}
{"target": -13.968769019353672, "params": {"gamma": 961.3281530104232, "log10_alpha": -4.7918785378892075, "log10_colsample_bytree": -0.13275755440546033, "log10_eta": -0.5227932545058596, "log10_lambda": 0.6314941719881535, "log10_min_child_weight": 1.3916847840062156, "log10_subsample": -0.42721286870316133, "max_depth": 6.0, "num_boost_round": 7.0}, "datetime": {"datetime": "2024-01-19 00:12:43", "elapsed": 64.266473, "delta": 0.000265}}
{"target": -13.978890168120245, "params": {"gamma": 961.3281530104232, "log10_alpha": -4.7918785378892075, "log10_colsample_bytree": -0.13275755440546033, "log10_eta": -0.5227932545058596, "log10_lambda": 0.6314941719881535, "log10_min_child_weight": 1.3916847840062156, "log10_subsample": -0.42721286870316133, "max_depth": 6.0, "num_boost_round": 8.0}, "datetime": {"datetime": "2024-01-19 00:12:43", "elapsed": 64.266738, "delta": 0.000265}}
{"target": -14.001905029465755, "params": {"gamma": 961.3281530104232, "log10_alpha": -4.7918785378892075, "log10_colsample_bytree": -0.13275755440546033, "log10_eta": -0.5227932545058596, "log10_lambda": 0.6314941719881535, "log10_min_child_weight": 1.3916847840062156, "log10_subsample": -0.42721286870316133, "max_depth": 6.0, "num_boost_round": 9.0}, "datetime": {"datetime": "2024-01-19 00:12:43", "elapsed": 64.26714, "delta": 0.000402}}
{"target": -14.012598806747858, "params": {"gamma": 961.3281530104232, "log10_alpha": -4.7918785378892075, "log10_colsample_bytree": -0.13275755440546033, "log10_eta": -0.5227932545058596, "log10_lambda": 0.6314941719881535, "log10_min_child_weight": 1.3916847840062156, "log10_subsample": -0.42721286870316133, "max_depth": 6.0, "num_boost_round": 10.0}, "datetime": {"datetime": "2024-01-19 00:12:43", "elapsed": 64.267413, "delta": 0.000273}}
{"target": -14.092484150966179, "params": {"gamma": 961.3281530104232, "log10_alpha": -4.7918785378892075, "log10_colsample_bytree": -0.13275755440546033, "log10_eta": -0.5227932545058596, "log10_lambda": 0.6314941719881535, "log10_min_child_weight": 1.3916847840062156, "log10_subsample": -0.42721286870316133, "max_depth": 6.0, "num_boost_round": 11.0}, "datetime": {"datetime": "2024-01-19 00:12:43", "elapsed": 64.267681, "delta": 0.000268}}
{"target": -14.098089452062606, "params": {"gamma": 961.3281530104232, "log10_alpha": -4.7918785378892075, "log10_colsample_bytree": -0.13275755440546033, "log10_eta": -0.5227932545058596, "log10_lambda": 0.6314941719881535, "log10_min_child_weight": 1.3916847840062156, "log10_subsample": -0.42721286870316133, "max_depth": 6.0, "num_boost_round": 12.0}, "datetime": {"datetime": "2024-01-19 00:12:43", "elapsed": 64.267962, "delta": 0.000281}}
{"target": -14.144179131962893, "params": {"gamma": 961.3281530104232, "log10_alpha": -4.7918785378892075, "log10_colsample_bytree": -0.13275755440546033, "log10_eta": -0.5227932545058596, "log10_lambda": 0.6314941719881535, "log10_min_child_weight": 1.3916847840062156, "log10_subsample": -0.42721286870316133, "max_depth": 6.0, "num_boost_round": 13.0}, "datetime": {"datetime": "2024-01-19 00:12:43", "elapsed": 64.268238, "delta": 0.000276}}
{"target": -13.757625005708402, "params": {"gamma": 968.5754560719909, "log10_alpha": -1.7879907792272558, "log10_colsample_bytree": -0.7080743747711016, "log10_eta": -1.4934339935616423, "log10_lambda": -3.0620339551868767, "log10_min_child_weight": 1.5047041729145723, "log10_subsample": -0.3316459126366992, "max_depth": 4.0, "num_boost_round": 0.0}, "datetime": {"datetime": "2024-01-19 00:13:03", "elapsed": 84.132153, "delta": 19.863915}}
{"target": -13.757152782233575, "params": {"gamma": 968.5754560719909, "log10_alpha": -1.7879907792272558, "log10_colsample_bytree": -0.7080743747711016, "log10_eta": -1.4934339935616423, "log10_lambda": -3.0620339551868767, "log10_min_child_weight": 1.5047041729145723, "log10_subsample": -0.3316459126366992, "max_depth": 4.0, "num_boost_round": 1.0}, "datetime": {"datetime": "2024-01-19 00:13:03", "elapsed": 84.132598, "delta": 0.000445}}
