{"target": -13.793984249538173, "params": {"gamma": 708.4265782297432, "log10_alpha": -1.6842190708742466, "log10_colsample_bytree": -0.6424864931850368, "log10_eta": -0.3911669764114123, "log10_lambda": -3.0987239547630105, "log10_min_child_weight": 3.859067686625327, "log10_subsample": -0.6330255922840817, "max_depth": 3.0, "num_boost_round": 16.0}, "datetime": {"datetime": "2024-01-19 00:32:11", "elapsed": 1231.08208, "delta": 0.001553}}
{"target": -13.793410743620976, "params": {"gamma": 708.4265782297432, "log10_alpha": -1.6842190708742466, "log10_colsample_bytree": -0.6424864931850368, "log10_eta": -0.3911669764114123, "log10_lambda": -3.0987239547630105, "log10_min_child_weight": 3.859067686625327, "log10_subsample": -0.6330255922840817, "max_depth": 3.0, "num_boost_round": 17.0}, "datetime": {"datetime": "2024-01-19 00:32:11", "elapsed": 1231.083816, "delta": 0.001736}}
{"target": -13.79629682153943, "params": {"gamma": 708.4265782297432, "log10_alpha": -1.6842190708742466, "log10_colsample_bytree": -0.6424864931850368, "log10_eta": -0.3911669764114123, "log10_lambda": -3.0987239547630105, "log10_min_child_weight": 3.859067686625327, "log10_subsample": -0.6330255922840817, "max_depth": 3.0, "num_boost_round": 18.0}, "datetime": {"datetime": "2024-01-19 00:32:12", "elapsed": 1231.085443, "delta": 0.001627}}
{"target": -13.797704142770083, "params": {"gamma": 708.4265782297432, "log10_alpha": -1.6842190708742466, "log10_colsample_bytree": -0.6424864931850368, "log10_eta": -0.3911669764114123, "log10_lambda": -3.0987239547630105, "log10_min_child_weight": 3.859067686625327, "log10_subsample": -0.6330255922840817, "max_depth": 3.0, "num_boost_round": 19.0}, "datetime": {"datetime": "2024-01-19 00:32:12", "elapsed": 1231.087018, "delta": 0.001575}}
{"target": -13.799580279068243, "params": {"gamma": 708.4265782297432, "log10_alpha": -1.6842190708742466, "log10_colsample_bytree": -0.6424864931850368, "log10_eta": -0.3911669764114123, "log10_lambda": -3.0987239547630105, "log10_min_child_weight": 3.859067686625327, "log10_subsample": -0.6330255922840817, "max_depth": 3.0, "num_boost_round": 20.0}, "datetime": {"datetime": "2024-01-19 00:32:12", "elapsed": 1231.088672, "delta": 0.001654}}
{"target": -13.803810630709684, "params": {"gamma": 708.4265782297432, "log10_alpha": -1.6842190708742466, "log10_colsample_bytree": -0.6424864931850368, "log10_eta": -0.3911669764114123, "log10_lambda": -3.0987239547630105, "log10_min_child_weight": 3.859067686625327, "log10_subsample": -0.6330255922840817, "max_depth": 3.0, "num_boost_round": 21.0}, "datetime": {"datetime": "2024-01-19 00:32:12", "elapsed": 1231.090209, "delta": 0.001537}}
{"target": -13.80471670422676, "params": {"gamma": 708.4265782297432, "log10_alpha": -1.6842190708742466, "log10_colsample_bytree": -0.6424864931850368, "log10_eta": -0.3911669764114123, "log10_lambda": -3.0987239547630105, "log10_min_child_weight": 3.859067686625327, "log10_subsample": -0.6330255922840817, "max_depth": 3.0, "num_boost_round": 22.0}, "datetime": {"datetime": "2024-01-19 00:32:12", "elapsed": 1231.091764, "delta": 0.001555}}
{"target": -13.807788883618427, "params": {"gamma": 708.4265782297432, "log10_alpha": -1.6842190708742466, "log10_colsample_bytree": -0.6424864931850368, "log10_eta": -0.3911669764114123, "log10_lambda": -3.0987239547630105, "log10_min_child_weight": 3.859067686625327, "log10_subsample": -0.6330255922840817, "max_depth": 3.0, "num_boost_round": 23.0}, "datetime": {"datetime": "2024-01-19 00:32:12", "elapsed": 1231.093434, "delta": 0.00167}}
{"target": -13.810894464103347, "params": {"gamma": 708.4265782297432, "log10_alpha": -1.6842190708742466, "log10_colsample_bytree": -0.6424864931850368, "log10_eta": -0.3911669764114123, "log10_lambda": -3.0987239547630105, "log10_min_child_weight": 3.859067686625327, "log10_subsample": -0.6330255922840817, "max_depth": 3.0, "num_boost_round": 24.0}, "datetime": {"datetime": "2024-01-19 00:32:12", "elapsed": 1231.095018, "delta": 0.001584}}
{"target": -13.812731691964949, "params": {"gamma": 708.4265782297432, "log10_alpha": -1.6842190708742466, "log10_colsample_bytree": -0.6424864931850368, "log10_eta": -0.3911669764114123, "log10_lambda": -3.0987239547630105, "log10_min_child_weight": 3.859067686625327, "log10_subsample": -0.6330255922840817, "max_depth": 3.0, "num_boost_round": 25.0}, "datetime": {"datetime": "2024-01-19 00:32:12", "elapsed": 1231.097007, "delta": 0.001989}}
{"target": -13.821943707655885, "params": {"gamma": 708.4265782297432, "log10_alpha": -1.6842190708742466, "log10_colsample_bytree": -0.6424864931850368, "log10_eta": -0.3911669764114123, "log10_lambda": -3.0987239547630105, "log10_min_child_weight": 3.859067686625327, "log10_subsample": -0.6330255922840817, "max_depth": 3.0, "num_boost_round": 26.0}, "datetime": {"datetime": "2024-01-19 00:32:12", "elapsed": 1231.098741, "delta": 0.001734}}
{"target": -13.820216909976134, "params": {"gamma": 708.4265782297432, "log10_alpha": -1.6842190708742466, "log10_colsample_bytree": -0.6424864931850368, "log10_eta": -0.3911669764114123, "log10_lambda": -3.0987239547630105, "log10_min_child_weight": 3.859067686625327, "log10_subsample": -0.6330255922840817, "max_depth": 3.0, "num_boost_round": 27.0}, "datetime": {"datetime": "2024-01-19 00:32:12", "elapsed": 1231.100345, "delta": 0.001604}}
{"target": -13.757853697861814, "params": {"gamma": 720.8392558918817, "log10_alpha": -4.880808418740943, "log10_colsample_bytree": -0.4231962724689228, "log10_eta": -1.514861011394673, "log10_lambda": 0.7763084637234972, "log10_min_child_weight": 3.2587819503588205, "log10_subsample": -0.4577654159503276, "max_depth": 7.0, "num_boost_round": 0.0}, "datetime": {"datetime": "2024-01-19 00:32:41", "elapsed": 1260.162099, "delta": 29.061754}}
{"target": -13.756561191552326, "params": {"gamma": 720.8392558918817, "log10_alpha": -4.880808418740943, "log10_colsample_bytree": -0.4231962724689228, "log10_eta": -1.514861011394673, "log10_lambda": 0.7763084637234972, "log10_min_child_weight": 3.2587819503588205, "log10_subsample": -0.4577654159503276, "max_depth": 7.0, "num_boost_round": 1.0}, "datetime": {"datetime": "2024-01-19 00:32:41", "elapsed": 1260.163866, "delta": 0.001767}}
{"target": -13.756198155673042, "params": {"gamma": 720.8392558918817, "log10_alpha": -4.880808418740943, "log10_colsample_bytree": -0.4231962724689228, "log10_eta": -1.514861011394673, "log10_lambda": 0.7763084637234972, "log10_min_child_weight": 3.2587819503588205, "log10_subsample": -0.4577654159503276, "max_depth": 7.0, "num_boost_round": 2.0}, "datetime": {"datetime": "2024-01-19 00:32:41", "elapsed": 1260.165596, "delta": 0.00173}}
{"target": -13.756627933119104, "params": {"gamma": 720.8392558918817, "log10_alpha": -4.880808418740943, "log10_colsample_bytree": -0.4231962724689228, "log10_eta": -1.514861011394673, "log10_lambda": 0.7763084637234972, "log10_min_child_weight": 3.2587819503588205, "log10_subsample": -0.4577654159503276, "max_depth": 7.0, "num_boost_round": 3.0}, "datetime": {"datetime": "2024-01-19 00:32:41", "elapsed": 1260.167597, "delta": 0.002001}}
{"target": -13.75651533978144, "params": {"gamma": 720.8392558918817, "log10_alpha": -4.880808418740943, "log10_colsample_bytree": -0.4231962724689228, "log10_eta": -1.514861011394673, "log10_lambda": 0.7763084637234972, "log10_min_child_weight": 3.2587819503588205, "log10_subsample": -0.4577654159503276, "max_depth": 7.0, "num_boost_round": 4.0}, "datetime": {"datetime": "2024-01-19 00:32:41", "elapsed": 1260.169193, "delta": 0.001596}}
{"target": -13.756915566456541, "params": {"gamma": 720.8392558918817, "log10_alpha": -4.880808418740943, "log10_colsample_bytree": -0.4231962724689228, "log10_eta": -1.514861011394673, "log10_lambda": 0.7763084637234972, "log10_min_child_weight": 3.2587819503588205, "log10_subsample": -0.4577654159503276, "max_depth": 7.0, "num_boost_round": 5.0}, "datetime": {"datetime": "2024-01-19 00:32:41", "elapsed": 1260.17084, "delta": 0.001647}}
{"target": -13.757511227576183, "params": {"gamma": 720.8392558918817, "log10_alpha": -4.880808418740943, "log10_colsample_bytree": -0.4231962724689228, "log10_eta": -1.514861011394673, "log10_lambda": 0.7763084637234972, "log10_min_child_weight": 3.2587819503588205, "log10_subsample": -0.4577654159503276, "max_depth": 7.0, "num_boost_round": 6.0}, "datetime": {"datetime": "2024-01-19 00:32:41", "elapsed": 1260.172391, "delta": 0.001551}}
{"target": -13.757654315193436, "params": {"gamma": 720.8392558918817, "log10_alpha": -4.880808418740943, "log10_colsample_bytree": -0.4231962724689228, "log10_eta": -1.514861011394673, "log10_lambda": 0.7763084637234972, "log10_min_child_weight": 3.2587819503588205, "log10_subsample": -0.4577654159503276, "max_depth": 7.0, "num_boost_round": 7.0}, "datetime": {"datetime": "2024-01-19 00:32:41", "elapsed": 1260.174089, "delta": 0.001698}}
{"target": -13.757254758709532, "params": {"gamma": 720.8392558918817, "log10_alpha": -4.880808418740943, "log10_colsample_bytree": -0.4231962724689228, "log10_eta": -1.514861011394673, "log10_lambda": 0.7763084637234972, "log10_min_child_weight": 3.2587819503588205, "log10_subsample": -0.4577654159503276, "max_depth": 7.0, "num_boost_round": 8.0}, "datetime": {"datetime": "2024-01-19 00:32:41", "elapsed": 1260.175679, "delta": 0.00159}}
{"target": -13.758048802895038, "params": {"gamma": 720.8392558918817, "log10_alpha": -4.880808418740943, "log10_colsample_bytree": -0.4231962724689228, "log10_eta": -1.514861011394673, "log10_lambda": 0.7763084637234972, "log10_min_child_weight": 3.2587819503588205, "log10_subsample": -0.4577654159503276, "max_depth": 7.0, "num_boost_round": 9.0}, "datetime": {"datetime": "2024-01-19 00:32:41", "elapsed": 1260.177238, "delta": 0.001559}}
{"target": -13.758241423777278, "params": {"gamma": 720.8392558918817, "log10_alpha": -4.880808418740943, "log10_colsample_bytree": -0.4231962724689228, "log10_eta": -1.514861011394673, "log10_lambda": 0.7763084637234972, "log10_min_child_weight": 3.2587819503588205, "log10_subsample": -0.4577654159503276, "max_depth": 7.0, "num_boost_round": 10.0}, "datetime": {"datetime": "2024-01-19 00:32:41", "elapsed": 1260.178818, "delta": 0.00158}}
{"target": -13.757612019254294, "params": {"gamma": 720.8392558918817, "log10_alpha": -4.880808418740943, "log10_colsample_bytree": -0.4231962724689228, "log10_eta": -1.514861011394673, "log10_lambda": 0.7763084637234972, "log10_min_child_weight": 3.2587819503588205, "log10_subsample": -0.4577654159503276, "max_depth": 7.0, "num_boost_round": 11.0}, "datetime": {"datetime": "2024-01-19 00:32:41", "elapsed": 1260.180412, "delta": 0.001594}}
{"target": -13.758166825486741, "params": {"gamma": 720.8392558918817, "log10_alpha": -4.880808418740943, "log10_colsample_bytree": -0.4231962724689228, "log10_eta": -1.514861011394673, "log10_lambda": 0.7763084637234972, "log10_min_child_weight": 3.2587819503588205, "log10_subsample": -0.4577654159503276, "max_depth": 7.0, "num_boost_round": 12.0}, "datetime": {"datetime": "2024-01-19 00:32:41", "elapsed": 1260.182014, "delta": 0.001602}}
{"target": -13.758123272094826, "params": {"gamma": 720.8392558918817, "log10_alpha": -4.880808418740943, "log10_colsample_bytree": -0.4231962724689228, "log10_eta": -1.514861011394673, "log10_lambda": 0.7763084637234972, "log10_min_child_weight": 3.2587819503588205, "log10_subsample": -0.4577654159503276, "max_depth": 7.0, "num_boost_round": 13.0}, "datetime": {"datetime": "2024-01-19 00:32:41", "elapsed": 1260.183751, "delta": 0.001737}}
{"target": -13.758552451402297, "params": {"gamma": 720.8392558918817, "log10_alpha": -4.880808418740943, "log10_colsample_bytree": -0.4231962724689228, "log10_eta": -1.514861011394673, "log10_lambda": 0.7763084637234972, "log10_min_child_weight": 3.2587819503588205, "log10_subsample": -0.4577654159503276, "max_depth": 7.0, "num_boost_round": 14.0}, "datetime": {"datetime": "2024-01-19 00:32:41", "elapsed": 1260.185415, "delta": 0.001664}}
{"target": -13.75837003030063, "params": {"gamma": 720.8392558918817, "log10_alpha": -4.880808418740943, "log10_colsample_bytree": -0.4231962724689228, "log10_eta": -1.514861011394673, "log10_lambda": 0.7763084637234972, "log10_min_child_weight": 3.2587819503588205, "log10_subsample": -0.4577654159503276, "max_depth": 7.0, "num_boost_round": 15.0}, "datetime": {"datetime": "2024-01-19 00:32:41", "elapsed": 1260.187036, "delta": 0.001621}}
{"target": -13.758662246280549, "params": {"gamma": 720.8392558918817, "log10_alpha": -4.880808418740943, "log10_colsample_bytree": -0.4231962724689228, "log10_eta": -1.514861011394673, "log10_lambda": 0.7763084637234972, "log10_min_child_weight": 3.2587819503588205, "log10_subsample": -0.4577654159503276, "max_depth": 7.0, "num_boost_round": 16.0}, "datetime": {"datetime": "2024-01-19 00:32:41", "elapsed": 1260.188678, "delta": 0.001642}}
{"target": -13.759119951809152, "params": {"gamma": 720.8392558918817, "log10_alpha": -4.880808418740943, "log10_colsample_bytree": -0.4231962724689228, "log10_eta": -1.514861011394673, "log10_lambda": 0.7763084637234972, "log10_min_child_weight": 3.2587819503588205, "log10_subsample": -0.4577654159503276, "max_depth": 7.0, "num_boost_round": 17.0}, "datetime": {"datetime": "2024-01-19 00:32:41", "elapsed": 1260.190282, "delta": 0.001604}}
{"target": -13.760110778094083, "params": {"gamma": 720.8392558918817, "log10_alpha": -4.880808418740943, "log10_colsample_bytree": -0.4231962724689228, "log10_eta": -1.514861011394673, "log10_lambda": 0.7763084637234972, "log10_min_child_weight": 3.2587819503588205, "log10_subsample": -0.4577654159503276, "max_depth": 7.0, "num_boost_round": 18.0}, "datetime": {"datetime": "2024-01-19 00:32:41", "elapsed": 1260.191865, "delta": 0.001583}}
{"target": -13.759897308108009, "params": {"gamma": 720.8392558918817, "log10_alpha": -4.880808418740943, "log10_colsample_bytree": -0.4231962724689228, "log10_eta": -1.514861011394673, "log10_lambda": 0.7763084637234972, "log10_min_child_weight": 3.2587819503588205, "log10_subsample": -0.4577654159503276, "max_depth": 7.0, "num_boost_round": 19.0}, "datetime": {"datetime": "2024-01-19 00:32:41", "elapsed": 1260.193555, "delta": 0.00169}}
{"target": -13.75970016988368, "params": {"gamma": 720.8392558918817, "log10_alpha": -4.880808418740943, "log10_colsample_bytree": -0.4231962724689228, "log10_eta": -1.514861011394673, "log10_lambda": 0.7763084637234972, "log10_min_child_weight": 3.2587819503588205, "log10_subsample": -0.4577654159503276, "max_depth": 7.0, "num_boost_round": 20.0}, "datetime": {"datetime": "2024-01-19 00:32:41", "elapsed": 1260.19517, "delta": 0.001615}}
{"target": -13.760165262628357, "params": {"gamma": 720.8392558918817, "log10_alpha": -4.880808418740943, "log10_colsample_bytree": -0.4231962724689228, "log10_eta": -1.514861011394673, "log10_lambda": 0.7763084637234972, "log10_min_child_weight": 3.2587819503588205, "log10_subsample": -0.4577654159503276, "max_depth": 7.0, "num_boost_round": 21.0}, "datetime": {"datetime": "2024-01-19 00:32:41", "elapsed": 1260.196777, "delta": 0.001607}}
{"target": -13.760512180896637, "params": {"gamma": 720.8392558918817, "log10_alpha": -4.880808418740943, "log10_colsample_bytree": -0.4231962724689228, "log10_eta": -1.514861011394673, "log10_lambda": 0.7763084637234972, "log10_min_child_weight": 3.2587819503588205, "log10_subsample": -0.4577654159503276, "max_depth": 7.0, "num_boost_round": 22.0}, "datetime": {"datetime": "2024-01-19 00:32:41", "elapsed": 1260.198357, "delta": 0.00158}}
{"target": -13.76016026989325, "params": {"gamma": 720.8392558918817, "log10_alpha": -4.880808418740943, "log10_colsample_bytree": -0.4231962724689228, "log10_eta": -1.514861011394673, "log10_lambda": 0.7763084637234972, "log10_min_child_weight": 3.2587819503588205, "log10_subsample": -0.4577654159503276, "max_depth": 7.0, "num_boost_round": 23.0}, "datetime": {"datetime": "2024-01-19 00:32:41", "elapsed": 1260.19994, "delta": 0.001583}}
{"target": -13.761089607824326, "params": {"gamma": 720.8392558918817, "log10_alpha": -4.880808418740943, "log10_colsample_bytree": -0.4231962724689228, "log10_eta": -1.514861011394673, "log10_lambda": 0.7763084637234972, "log10_min_child_weight": 3.2587819503588205, "log10_subsample": -0.4577654159503276, "max_depth": 7.0, "num_boost_round": 24.0}, "datetime": {"datetime": "2024-01-19 00:32:41", "elapsed": 1260.201553, "delta": 0.001613}}
{"target": -13.76106019161996, "params": {"gamma": 720.8392558918817, "log10_alpha": -4.880808418740943, "log10_colsample_bytree": -0.4231962724689228, "log10_eta": -1.514861011394673, "log10_lambda": 0.7763084637234972, "log10_min_child_weight": 3.2587819503588205, "log10_subsample": -0.4577654159503276, "max_depth": 7.0, "num_boost_round": 25.0}, "datetime": {"datetime": "2024-01-19 00:32:41", "elapsed": 1260.20317, "delta": 0.001617}}
{"target": -13.761652391305608, "params": {"gamma": 720.8392558918817, "log10_alpha": -4.880808418740943, "log10_colsample_bytree": -0.4231962724689228, "log10_eta": -1.514861011394673, "log10_lambda": 0.7763084637234972, "log10_min_child_weight": 3.2587819503588205, "log10_subsample": -0.4577654159503276, "max_depth": 7.0, "num_boost_round": 26.0}, "datetime": {"datetime": "2024-01-19 00:32:41", "elapsed": 1260.205207, "delta": 0.002037}}
{"target": -13.761851378538472, "params": {"gamma": 720.8392558918817, "log10_alpha": -4.880808418740943, "log10_colsample_bytree": -0.4231962724689228, "log10_eta": -1.514861011394673, "log10_lambda": 0.7763084637234972, "log10_min_child_weight": 3.2587819503588205, "log10_subsample": -0.4577654159503276, "max_depth": 7.0, "num_boost_round": 27.0}, "datetime": {"datetime": "2024-01-19 00:32:41", "elapsed": 1260.207023, "delta": 0.001816}}
{"target": -13.770620215972864, "params": {"gamma": 715.8068907910799, "log10_alpha": -0.45079864977699646, "log10_colsample_bytree": -0.6474684746326046, "log10_eta": -0.33011295468681423, "log10_lambda": 0.2807607296164649, "log10_min_child_weight": 2.6354416012708812, "log10_subsample": -0.5575586045811731, "max_depth": 8.0, "num_boost_round": 0.0}, "datetime": {"datetime": "2024-01-19 00:33:05", "elapsed": 1284.849009, "delta": 24.641986}}
{"target": -13.813020741968987, "params": {"gamma": 715.8068907910799, "log10_alpha": -0.45079864977699646, "log10_colsample_bytree": -0.6474684746326046, "log10_eta": -0.33011295468681423, "log10_lambda": 0.2807607296164649, "log10_min_child_weight": 2.6354416012708812, "log10_subsample": -0.5575586045811731, "max_depth": 8.0, "num_boost_round": 1.0}, "datetime": {"datetime": "2024-01-19 00:33:05", "elapsed": 1284.850943, "delta": 0.001934}}
{"target": -13.83053467979567, "params": {"gamma": 715.8068907910799, "log10_alpha": -0.45079864977699646, "log10_colsample_bytree": -0.6474684746326046, "log10_eta": -0.33011295468681423, "log10_lambda": 0.2807607296164649, "log10_min_child_weight": 2.6354416012708812, "log10_subsample": -0.5575586045811731, "max_depth": 8.0, "num_boost_round": 2.0}, "datetime": {"datetime": "2024-01-19 00:33:05", "elapsed": 1284.852972, "delta": 0.002029}}
{"target": -13.8657300333955, "params": {"gamma": 715.8068907910799, "log10_alpha": -0.45079864977699646, "log10_colsample_bytree": -0.6474684746326046, "log10_eta": -0.33011295468681423, "log10_lambda": 0.2807607296164649, "log10_min_child_weight": 2.6354416012708812, "log10_subsample": -0.5575586045811731, "max_depth": 8.0, "num_boost_round": 3.0}, "datetime": {"datetime": "2024-01-19 00:33:05", "elapsed": 1284.854901, "delta": 0.001929}}
{"target": -13.880301036499247, "params": {"gamma": 715.8068907910799, "log10_alpha": -0.45079864977699646, "log10_colsample_bytree": -0.6474684746326046, "log10_eta": -0.33011295468681423, "log10_lambda": 0.2807607296164649, "log10_min_child_weight": 2.6354416012708812, "log10_subsample": -0.5575586045811731, "max_depth": 8.0, "num_boost_round": 4.0}, "datetime": {"datetime": "2024-01-19 00:33:05", "elapsed": 1284.856552, "delta": 0.001651}}
{"target": -13.920931024572294, "params": {"gamma": 715.8068907910799, "log10_alpha": -0.45079864977699646, "log10_colsample_bytree": -0.6474684746326046, "log10_eta": -0.33011295468681423, "log10_lambda": 0.2807607296164649, "log10_min_child_weight": 2.6354416012708812, "log10_subsample": -0.5575586045811731, "max_depth": 8.0, "num_boost_round": 5.0}, "datetime": {"datetime": "2024-01-19 00:33:05", "elapsed": 1284.858199, "delta": 0.001647}}
{"target": -13.938322222542679, "params": {"gamma": 715.8068907910799, "log10_alpha": -0.45079864977699646, "log10_colsample_bytree": -0.6474684746326046, "log10_eta": -0.33011295468681423, "log10_lambda": 0.2807607296164649, "log10_min_child_weight": 2.6354416012708812, "log10_subsample": -0.5575586045811731, "max_depth": 8.0, "num_boost_round": 6.0}, "datetime": {"datetime": "2024-01-19 00:33:05", "elapsed": 1284.859833, "delta": 0.001634}}
{"target": -13.981641399600116, "params": {"gamma": 715.8068907910799, "log10_alpha": -0.45079864977699646, "log10_colsample_bytree": -0.6474684746326046, "log10_eta": -0.33011295468681423, "log10_lambda": 0.2807607296164649, "log10_min_child_weight": 2.6354416012708812, "log10_subsample": -0.5575586045811731, "max_depth": 8.0, "num_boost_round": 7.0}, "datetime": {"datetime": "2024-01-19 00:33:05", "elapsed": 1284.861458, "delta": 0.001625}}
{"target": -13.991086411009876, "params": {"gamma": 715.8068907910799, "log10_alpha": -0.45079864977699646, "log10_colsample_bytree": -0.6474684746326046, "log10_eta": -0.33011295468681423, "log10_lambda": 0.2807607296164649, "log10_min_child_weight": 2.6354416012708812, "log10_subsample": -0.5575586045811731, "max_depth": 8.0, "num_boost_round": 8.0}, "datetime": {"datetime": "2024-01-19 00:33:05", "elapsed": 1284.863151, "delta": 0.001693}}
