{"target": -17.677229558505548, "params": {"gamma": 428.671544259529, "log10_alpha": -1.5525360348908341, "log10_colsample_bytree": -0.6130854678560814, "log10_eta": -3.631803404817602, "log10_lambda": -4.916795898519384, "log10_min_child_weight": 4.894521947701506, "log10_subsample": -0.8366421709303715, "max_depth": 7.0, "num_boost_round": 11.0}, "datetime": {"datetime": "2024-01-19 03:00:26", "elapsed": 10131.378494, "delta": 0.005429}}
{"target": -17.677228084601698, "params": {"gamma": 428.671544259529, "log10_alpha": -1.5525360348908341, "log10_colsample_bytree": -0.6130854678560814, "log10_eta": -3.631803404817602, "log10_lambda": -4.916795898519384, "log10_min_child_weight": 4.894521947701506, "log10_subsample": -0.8366421709303715, "max_depth": 7.0, "num_boost_round": 12.0}, "datetime": {"datetime": "2024-01-19 03:00:26", "elapsed": 10131.383771, "delta": 0.005277}}
{"target": -17.677227972984937, "params": {"gamma": 428.671544259529, "log10_alpha": -1.5525360348908341, "log10_colsample_bytree": -0.6130854678560814, "log10_eta": -3.631803404817602, "log10_lambda": -4.916795898519384, "log10_min_child_weight": 4.894521947701506, "log10_subsample": -0.8366421709303715, "max_depth": 7.0, "num_boost_round": 13.0}, "datetime": {"datetime": "2024-01-19 03:00:26", "elapsed": 10131.389153, "delta": 0.005382}}
{"target": -17.677227970081756, "params": {"gamma": 428.671544259529, "log10_alpha": -1.5525360348908341, "log10_colsample_bytree": -0.6130854678560814, "log10_eta": -3.631803404817602, "log10_lambda": -4.916795898519384, "log10_min_child_weight": 4.894521947701506, "log10_subsample": -0.8366421709303715, "max_depth": 7.0, "num_boost_round": 14.0}, "datetime": {"datetime": "2024-01-19 03:00:26", "elapsed": 10131.394531, "delta": 0.005378}}
{"target": -17.677227029349613, "params": {"gamma": 428.671544259529, "log10_alpha": -1.5525360348908341, "log10_colsample_bytree": -0.6130854678560814, "log10_eta": -3.631803404817602, "log10_lambda": -4.916795898519384, "log10_min_child_weight": 4.894521947701506, "log10_subsample": -0.8366421709303715, "max_depth": 7.0, "num_boost_round": 15.0}, "datetime": {"datetime": "2024-01-19 03:00:26", "elapsed": 10131.399895, "delta": 0.005364}}
{"target": -17.67722575946615, "params": {"gamma": 428.671544259529, "log10_alpha": -1.5525360348908341, "log10_colsample_bytree": -0.6130854678560814, "log10_eta": -3.631803404817602, "log10_lambda": -4.916795898519384, "log10_min_child_weight": 4.894521947701506, "log10_subsample": -0.8366421709303715, "max_depth": 7.0, "num_boost_round": 16.0}, "datetime": {"datetime": "2024-01-19 03:00:26", "elapsed": 10131.40524, "delta": 0.005345}}
{"target": -17.677225121033196, "params": {"gamma": 428.671544259529, "log10_alpha": -1.5525360348908341, "log10_colsample_bytree": -0.6130854678560814, "log10_eta": -3.631803404817602, "log10_lambda": -4.916795898519384, "log10_min_child_weight": 4.894521947701506, "log10_subsample": -0.8366421709303715, "max_depth": 7.0, "num_boost_round": 17.0}, "datetime": {"datetime": "2024-01-19 03:00:26", "elapsed": 10131.410672, "delta": 0.005432}}
{"target": -17.67722274933747, "params": {"gamma": 428.671544259529, "log10_alpha": -1.5525360348908341, "log10_colsample_bytree": -0.6130854678560814, "log10_eta": -3.631803404817602, "log10_lambda": -4.916795898519384, "log10_min_child_weight": 4.894521947701506, "log10_subsample": -0.8366421709303715, "max_depth": 7.0, "num_boost_round": 18.0}, "datetime": {"datetime": "2024-01-19 03:00:26", "elapsed": 10131.416184, "delta": 0.005512}}
{"target": -17.677220096054704, "params": {"gamma": 428.671544259529, "log10_alpha": -1.5525360348908341, "log10_colsample_bytree": -0.6130854678560814, "log10_eta": -3.631803404817602, "log10_lambda": -4.916795898519384, "log10_min_child_weight": 4.894521947701506, "log10_subsample": -0.8366421709303715, "max_depth": 7.0, "num_boost_round": 19.0}, "datetime": {"datetime": "2024-01-19 03:00:26", "elapsed": 10131.421728, "delta": 0.005544}}
{"target": -17.677220703539582, "params": {"gamma": 428.671544259529, "log10_alpha": -1.5525360348908341, "log10_colsample_bytree": -0.6130854678560814, "log10_eta": -3.631803404817602, "log10_lambda": -4.916795898519384, "log10_min_child_weight": 4.894521947701506, "log10_subsample": -0.8366421709303715, "max_depth": 7.0, "num_boost_round": 20.0}, "datetime": {"datetime": "2024-01-19 03:00:26", "elapsed": 10131.426938, "delta": 0.00521}}
{"target": -17.677218210910837, "params": {"gamma": 428.671544259529, "log10_alpha": -1.5525360348908341, "log10_colsample_bytree": -0.6130854678560814, "log10_eta": -3.631803404817602, "log10_lambda": -4.916795898519384, "log10_min_child_weight": 4.894521947701506, "log10_subsample": -0.8366421709303715, "max_depth": 7.0, "num_boost_round": 21.0}, "datetime": {"datetime": "2024-01-19 03:00:26", "elapsed": 10131.432266, "delta": 0.005328}}
{"target": -17.67721571305812, "params": {"gamma": 428.671544259529, "log10_alpha": -1.5525360348908341, "log10_colsample_bytree": -0.6130854678560814, "log10_eta": -3.631803404817602, "log10_lambda": -4.916795898519384, "log10_min_child_weight": 4.894521947701506, "log10_subsample": -0.8366421709303715, "max_depth": 7.0, "num_boost_round": 22.0}, "datetime": {"datetime": "2024-01-19 03:00:26", "elapsed": 10131.437501, "delta": 0.005235}}
{"target": -17.67721477465549, "params": {"gamma": 428.671544259529, "log10_alpha": -1.5525360348908341, "log10_colsample_bytree": -0.6130854678560814, "log10_eta": -3.631803404817602, "log10_lambda": -4.916795898519384, "log10_min_child_weight": 4.894521947701506, "log10_subsample": -0.8366421709303715, "max_depth": 7.0, "num_boost_round": 23.0}, "datetime": {"datetime": "2024-01-19 03:00:26", "elapsed": 10131.442744, "delta": 0.005243}}
{"target": -17.677214082402596, "params": {"gamma": 428.671544259529, "log10_alpha": -1.5525360348908341, "log10_colsample_bytree": -0.6130854678560814, "log10_eta": -3.631803404817602, "log10_lambda": -4.916795898519384, "log10_min_child_weight": 4.894521947701506, "log10_subsample": -0.8366421709303715, "max_depth": 7.0, "num_boost_round": 24.0}, "datetime": {"datetime": "2024-01-19 03:00:26", "elapsed": 10131.447974, "delta": 0.00523}}
{"target": -17.677212929985142, "params": {"gamma": 428.671544259529, "log10_alpha": -1.5525360348908341, "log10_colsample_bytree": -0.6130854678560814, "log10_eta": -3.631803404817602, "log10_lambda": -4.916795898519384, "log10_min_child_weight": 4.894521947701506, "log10_subsample": -0.8366421709303715, "max_depth": 7.0, "num_boost_round": 25.0}, "datetime": {"datetime": "2024-01-19 03:00:26", "elapsed": 10131.453329, "delta": 0.005355}}
{"target": -17.67722813012306, "params": {"gamma": 423.4631061704716, "log10_alpha": -4.34983263932163, "log10_colsample_bytree": -0.8564992961608069, "log10_eta": -3.9950014663261304, "log10_lambda": 0.1085115492061961, "log10_min_child_weight": 3.3529254631625287, "log10_subsample": -0.36723606872279424, "max_depth": 7.0, "num_boost_round": 0.0}, "datetime": {"datetime": "2024-01-19 03:02:10", "elapsed": 10234.696932, "delta": 103.243603}}
{"target": -17.67722991249832, "params": {"gamma": 423.4631061704716, "log10_alpha": -4.34983263932163, "log10_colsample_bytree": -0.8564992961608069, "log10_eta": -3.9950014663261304, "log10_lambda": 0.1085115492061961, "log10_min_child_weight": 3.3529254631625287, "log10_subsample": -0.36723606872279424, "max_depth": 7.0, "num_boost_round": 1.0}, "datetime": {"datetime": "2024-01-19 03:02:10", "elapsed": 10234.702947, "delta": 0.006015}}
{"target": -17.677223824104402, "params": {"gamma": 423.4631061704716, "log10_alpha": -4.34983263932163, "log10_colsample_bytree": -0.8564992961608069, "log10_eta": -3.9950014663261304, "log10_lambda": 0.1085115492061961, "log10_min_child_weight": 3.3529254631625287, "log10_subsample": -0.36723606872279424, "max_depth": 7.0, "num_boost_round": 2.0}, "datetime": {"datetime": "2024-01-19 03:02:10", "elapsed": 10234.708336, "delta": 0.005389}}
{"target": -17.677225638989405, "params": {"gamma": 423.4631061704716, "log10_alpha": -4.34983263932163, "log10_colsample_bytree": -0.8564992961608069, "log10_eta": -3.9950014663261304, "log10_lambda": 0.1085115492061961, "log10_min_child_weight": 3.3529254631625287, "log10_subsample": -0.36723606872279424, "max_depth": 7.0, "num_boost_round": 3.0}, "datetime": {"datetime": "2024-01-19 03:02:10", "elapsed": 10234.713722, "delta": 0.005386}}
{"target": -17.677222995312402, "params": {"gamma": 423.4631061704716, "log10_alpha": -4.34983263932163, "log10_colsample_bytree": -0.8564992961608069, "log10_eta": -3.9950014663261304, "log10_lambda": 0.1085115492061961, "log10_min_child_weight": 3.3529254631625287, "log10_subsample": -0.36723606872279424, "max_depth": 7.0, "num_boost_round": 4.0}, "datetime": {"datetime": "2024-01-19 03:02:10", "elapsed": 10234.719276, "delta": 0.005554}}
{"target": -17.677219648674754, "params": {"gamma": 423.4631061704716, "log10_alpha": -4.34983263932163, "log10_colsample_bytree": -0.8564992961608069, "log10_eta": -3.9950014663261304, "log10_lambda": 0.1085115492061961, "log10_min_child_weight": 3.3529254631625287, "log10_subsample": -0.36723606872279424, "max_depth": 7.0, "num_boost_round": 5.0}, "datetime": {"datetime": "2024-01-19 03:02:10", "elapsed": 10234.724713, "delta": 0.005437}}
{"target": -17.677219465679528, "params": {"gamma": 423.4631061704716, "log10_alpha": -4.34983263932163, "log10_colsample_bytree": -0.8564992961608069, "log10_eta": -3.9950014663261304, "log10_lambda": 0.1085115492061961, "log10_min_child_weight": 3.3529254631625287, "log10_subsample": -0.36723606872279424, "max_depth": 7.0, "num_boost_round": 6.0}, "datetime": {"datetime": "2024-01-19 03:02:10", "elapsed": 10234.730132, "delta": 0.005419}}
{"target": -17.67721416470612, "params": {"gamma": 423.4631061704716, "log10_alpha": -4.34983263932163, "log10_colsample_bytree": -0.8564992961608069, "log10_eta": -3.9950014663261304, "log10_lambda": 0.1085115492061961, "log10_min_child_weight": 3.3529254631625287, "log10_subsample": -0.36723606872279424, "max_depth": 7.0, "num_boost_round": 7.0}, "datetime": {"datetime": "2024-01-19 03:02:10", "elapsed": 10234.735636, "delta": 0.005504}}
{"target": -17.677212511140517, "params": {"gamma": 423.4631061704716, "log10_alpha": -4.34983263932163, "log10_colsample_bytree": -0.8564992961608069, "log10_eta": -3.9950014663261304, "log10_lambda": 0.1085115492061961, "log10_min_child_weight": 3.3529254631625287, "log10_subsample": -0.36723606872279424, "max_depth": 7.0, "num_boost_round": 8.0}, "datetime": {"datetime": "2024-01-19 03:02:10", "elapsed": 10234.741188, "delta": 0.005552}}
{"target": -17.677211918200555, "params": {"gamma": 423.4631061704716, "log10_alpha": -4.34983263932163, "log10_colsample_bytree": -0.8564992961608069, "log10_eta": -3.9950014663261304, "log10_lambda": 0.1085115492061961, "log10_min_child_weight": 3.3529254631625287, "log10_subsample": -0.36723606872279424, "max_depth": 7.0, "num_boost_round": 9.0}, "datetime": {"datetime": "2024-01-19 03:02:10", "elapsed": 10234.746406, "delta": 0.005218}}
{"target": -17.67721069633946, "params": {"gamma": 423.4631061704716, "log10_alpha": -4.34983263932163, "log10_colsample_bytree": -0.8564992961608069, "log10_eta": -3.9950014663261304, "log10_lambda": 0.1085115492061961, "log10_min_child_weight": 3.3529254631625287, "log10_subsample": -0.36723606872279424, "max_depth": 7.0, "num_boost_round": 10.0}, "datetime": {"datetime": "2024-01-19 03:02:10", "elapsed": 10234.751761, "delta": 0.005355}}
{"target": -17.67720876594469, "params": {"gamma": 423.4631061704716, "log10_alpha": -4.34983263932163, "log10_colsample_bytree": -0.8564992961608069, "log10_eta": -3.9950014663261304, "log10_lambda": 0.1085115492061961, "log10_min_child_weight": 3.3529254631625287, "log10_subsample": -0.36723606872279424, "max_depth": 7.0, "num_boost_round": 11.0}, "datetime": {"datetime": "2024-01-19 03:02:10", "elapsed": 10234.757021, "delta": 0.00526}}
{"target": -17.677205454053965, "params": {"gamma": 423.4631061704716, "log10_alpha": -4.34983263932163, "log10_colsample_bytree": -0.8564992961608069, "log10_eta": -3.9950014663261304, "log10_lambda": 0.1085115492061961, "log10_min_child_weight": 3.3529254631625287, "log10_subsample": -0.36723606872279424, "max_depth": 7.0, "num_boost_round": 12.0}, "datetime": {"datetime": "2024-01-19 03:02:10", "elapsed": 10234.762317, "delta": 0.005296}}
{"target": -17.677201124188255, "params": {"gamma": 423.4631061704716, "log10_alpha": -4.34983263932163, "log10_colsample_bytree": -0.8564992961608069, "log10_eta": -3.9950014663261304, "log10_lambda": 0.1085115492061961, "log10_min_child_weight": 3.3529254631625287, "log10_subsample": -0.36723606872279424, "max_depth": 7.0, "num_boost_round": 13.0}, "datetime": {"datetime": "2024-01-19 03:02:10", "elapsed": 10234.767652, "delta": 0.005335}}
{"target": -17.677201174664642, "params": {"gamma": 423.4631061704716, "log10_alpha": -4.34983263932163, "log10_colsample_bytree": -0.8564992961608069, "log10_eta": -3.9950014663261304, "log10_lambda": 0.1085115492061961, "log10_min_child_weight": 3.3529254631625287, "log10_subsample": -0.36723606872279424, "max_depth": 7.0, "num_boost_round": 14.0}, "datetime": {"datetime": "2024-01-19 03:02:10", "elapsed": 10234.772969, "delta": 0.005317}}
{"target": -17.67719696316739, "params": {"gamma": 423.4631061704716, "log10_alpha": -4.34983263932163, "log10_colsample_bytree": -0.8564992961608069, "log10_eta": -3.9950014663261304, "log10_lambda": 0.1085115492061961, "log10_min_child_weight": 3.3529254631625287, "log10_subsample": -0.36723606872279424, "max_depth": 7.0, "num_boost_round": 15.0}, "datetime": {"datetime": "2024-01-19 03:02:10", "elapsed": 10234.778252, "delta": 0.005283}}
{"target": -17.677195609475444, "params": {"gamma": 423.4631061704716, "log10_alpha": -4.34983263932163, "log10_colsample_bytree": -0.8564992961608069, "log10_eta": -3.9950014663261304, "log10_lambda": 0.1085115492061961, "log10_min_child_weight": 3.3529254631625287, "log10_subsample": -0.36723606872279424, "max_depth": 7.0, "num_boost_round": 16.0}, "datetime": {"datetime": "2024-01-19 03:02:10", "elapsed": 10234.783615, "delta": 0.005363}}
{"target": -17.677194178955126, "params": {"gamma": 423.4631061704716, "log10_alpha": -4.34983263932163, "log10_colsample_bytree": -0.8564992961608069, "log10_eta": -3.9950014663261304, "log10_lambda": 0.1085115492061961, "log10_min_child_weight": 3.3529254631625287, "log10_subsample": -0.36723606872279424, "max_depth": 7.0, "num_boost_round": 17.0}, "datetime": {"datetime": "2024-01-19 03:02:10", "elapsed": 10234.788993, "delta": 0.005378}}
{"target": -17.677192762574307, "params": {"gamma": 423.4631061704716, "log10_alpha": -4.34983263932163, "log10_colsample_bytree": -0.8564992961608069, "log10_eta": -3.9950014663261304, "log10_lambda": 0.1085115492061961, "log10_min_child_weight": 3.3529254631625287, "log10_subsample": -0.36723606872279424, "max_depth": 7.0, "num_boost_round": 18.0}, "datetime": {"datetime": "2024-01-19 03:02:10", "elapsed": 10234.794464, "delta": 0.005471}}
{"target": -17.67709183012405, "params": {"gamma": 454.54593233959986, "log10_alpha": -0.3777437869470255, "log10_colsample_bytree": -0.43063951515512644, "log10_eta": -1.9172982691860243, "log10_lambda": -2.2072338903723896, "log10_min_child_weight": 3.8701022202557533, "log10_subsample": -0.5661703068716875, "max_depth": 2.0, "num_boost_round": 0.0}, "datetime": {"datetime": "2024-01-19 03:04:48", "elapsed": 10393.009349, "delta": 158.214885}}
{"target": -17.677220392521743, "params": {"gamma": 454.54593233959986, "log10_alpha": -0.3777437869470255, "log10_colsample_bytree": -0.43063951515512644, "log10_eta": -1.9172982691860243, "log10_lambda": -2.2072338903723896, "log10_min_child_weight": 3.8701022202557533, "log10_subsample": -0.5661703068716875, "max_depth": 2.0, "num_boost_round": 1.0}, "datetime": {"datetime": "2024-01-19 03:04:48", "elapsed": 10393.015203, "delta": 0.005854}}
{"target": -17.677339625537282, "params": {"gamma": 454.54593233959986, "log10_alpha": -0.3777437869470255, "log10_colsample_bytree": -0.43063951515512644, "log10_eta": -1.9172982691860243, "log10_lambda": -2.2072338903723896, "log10_min_child_weight": 3.8701022202557533, "log10_subsample": -0.5661703068716875, "max_depth": 2.0, "num_boost_round": 2.0}, "datetime": {"datetime": "2024-01-19 03:04:48", "elapsed": 10393.020556, "delta": 0.005353}}
{"target": -17.677374985434316, "params": {"gamma": 454.54593233959986, "log10_alpha": -0.3777437869470255, "log10_colsample_bytree": -0.43063951515512644, "log10_eta": -1.9172982691860243, "log10_lambda": -2.2072338903723896, "log10_min_child_weight": 3.8701022202557533, "log10_subsample": -0.5661703068716875, "max_depth": 2.0, "num_boost_round": 3.0}, "datetime": {"datetime": "2024-01-19 03:04:48", "elapsed": 10393.025987, "delta": 0.005431}}
{"target": -17.67749238501584, "params": {"gamma": 454.54593233959986, "log10_alpha": -0.3777437869470255, "log10_colsample_bytree": -0.43063951515512644, "log10_eta": -1.9172982691860243, "log10_lambda": -2.2072338903723896, "log10_min_child_weight": 3.8701022202557533, "log10_subsample": -0.5661703068716875, "max_depth": 2.0, "num_boost_round": 4.0}, "datetime": {"datetime": "2024-01-19 03:04:48", "elapsed": 10393.031594, "delta": 0.005607}}
{"target": -17.67748393069408, "params": {"gamma": 454.54593233959986, "log10_alpha": -0.3777437869470255, "log10_colsample_bytree": -0.43063951515512644, "log10_eta": -1.9172982691860243, "log10_lambda": -2.2072338903723896, "log10_min_child_weight": 3.8701022202557533, "log10_subsample": -0.5661703068716875, "max_depth": 2.0, "num_boost_round": 5.0}, "datetime": {"datetime": "2024-01-19 03:04:48", "elapsed": 10393.037582, "delta": 0.005988}}
{"target": -17.67753571493681, "params": {"gamma": 454.54593233959986, "log10_alpha": -0.3777437869470255, "log10_colsample_bytree": -0.43063951515512644, "log10_eta": -1.9172982691860243, "log10_lambda": -2.2072338903723896, "log10_min_child_weight": 3.8701022202557533, "log10_subsample": -0.5661703068716875, "max_depth": 2.0, "num_boost_round": 6.0}, "datetime": {"datetime": "2024-01-19 03:04:48", "elapsed": 10393.043188, "delta": 0.005606}}
{"target": -17.677621482735713, "params": {"gamma": 454.54593233959986, "log10_alpha": -0.3777437869470255, "log10_colsample_bytree": -0.43063951515512644, "log10_eta": -1.9172982691860243, "log10_lambda": -2.2072338903723896, "log10_min_child_weight": 3.8701022202557533, "log10_subsample": -0.5661703068716875, "max_depth": 2.0, "num_boost_round": 7.0}, "datetime": {"datetime": "2024-01-19 03:04:48", "elapsed": 10393.04894, "delta": 0.005752}}
{"target": -17.677643124019994, "params": {"gamma": 454.54593233959986, "log10_alpha": -0.3777437869470255, "log10_colsample_bytree": -0.43063951515512644, "log10_eta": -1.9172982691860243, "log10_lambda": -2.2072338903723896, "log10_min_child_weight": 3.8701022202557533, "log10_subsample": -0.5661703068716875, "max_depth": 2.0, "num_boost_round": 8.0}, "datetime": {"datetime": "2024-01-19 03:04:48", "elapsed": 10393.160996, "delta": 0.112056}}
{"target": -17.67753530673007, "params": {"gamma": 454.54593233959986, "log10_alpha": -0.3777437869470255, "log10_colsample_bytree": -0.43063951515512644, "log10_eta": -1.9172982691860243, "log10_lambda": -2.2072338903723896, "log10_min_child_weight": 3.8701022202557533, "log10_subsample": -0.5661703068716875, "max_depth": 2.0, "num_boost_round": 9.0}, "datetime": {"datetime": "2024-01-19 03:04:48", "elapsed": 10393.167068, "delta": 0.006072}}
{"target": -17.677387165302136, "params": {"gamma": 454.54593233959986, "log10_alpha": -0.3777437869470255, "log10_colsample_bytree": -0.43063951515512644, "log10_eta": -1.9172982691860243, "log10_lambda": -2.2072338903723896, "log10_min_child_weight": 3.8701022202557533, "log10_subsample": -0.5661703068716875, "max_depth": 2.0, "num_boost_round": 10.0}, "datetime": {"datetime": "2024-01-19 03:04:48", "elapsed": 10393.172839, "delta": 0.005771}}
{"target": -17.677236864667076, "params": {"gamma": 454.54593233959986, "log10_alpha": -0.3777437869470255, "log10_colsample_bytree": -0.43063951515512644, "log10_eta": -1.9172982691860243, "log10_lambda": -2.2072338903723896, "log10_min_child_weight": 3.8701022202557533, "log10_subsample": -0.5661703068716875, "max_depth": 2.0, "num_boost_round": 11.0}, "datetime": {"datetime": "2024-01-19 03:04:48", "elapsed": 10393.178374, "delta": 0.005535}}
{"target": -17.677226663547103, "params": {"gamma": 454.54593233959986, "log10_alpha": -0.3777437869470255, "log10_colsample_bytree": -0.43063951515512644, "log10_eta": -1.9172982691860243, "log10_lambda": -2.2072338903723896, "log10_min_child_weight": 3.8701022202557533, "log10_subsample": -0.5661703068716875, "max_depth": 2.0, "num_boost_round": 12.0}, "datetime": {"datetime": "2024-01-19 03:04:48", "elapsed": 10393.18377, "delta": 0.005396}}
{"target": -17.677449329436275, "params": {"gamma": 454.54593233959986, "log10_alpha": -0.3777437869470255, "log10_colsample_bytree": -0.43063951515512644, "log10_eta": -1.9172982691860243, "log10_lambda": -2.2072338903723896, "log10_min_child_weight": 3.8701022202557533, "log10_subsample": -0.5661703068716875, "max_depth": 2.0, "num_boost_round": 13.0}, "datetime": {"datetime": "2024-01-19 03:04:48", "elapsed": 10393.189183, "delta": 0.005413}}
{"target": -17.677550639094406, "params": {"gamma": 454.54593233959986, "log10_alpha": -0.3777437869470255, "log10_colsample_bytree": -0.43063951515512644, "log10_eta": -1.9172982691860243, "log10_lambda": -2.2072338903723896, "log10_min_child_weight": 3.8701022202557533, "log10_subsample": -0.5661703068716875, "max_depth": 2.0, "num_boost_round": 14.0}, "datetime": {"datetime": "2024-01-19 03:04:48", "elapsed": 10393.194665, "delta": 0.005482}}
