{"target": -13.75850523251468, "params": {"gamma": 570.9533683048976, "log10_alpha": -4.238053103510571, "log10_colsample_bytree": -0.3626412252446588, "log10_eta": -2.9095002577327533, "log10_lambda": -4.708030947176296, "log10_min_child_weight": 0.3211983894049797, "log10_subsample": -0.35499763878565427, "max_depth": 3.0, "num_boost_round": 2.0}, "datetime": {"datetime": "2024-01-19 00:28:43", "elapsed": 1055.331597, "delta": 0.001871}}
{"target": -13.758504198011128, "params": {"gamma": 570.9533683048976, "log10_alpha": -4.238053103510571, "log10_colsample_bytree": -0.3626412252446588, "log10_eta": -2.9095002577327533, "log10_lambda": -4.708030947176296, "log10_min_child_weight": 0.3211983894049797, "log10_subsample": -0.35499763878565427, "max_depth": 3.0, "num_boost_round": 3.0}, "datetime": {"datetime": "2024-01-19 00:28:43", "elapsed": 1055.333444, "delta": 0.001847}}
{"target": -13.75850088848716, "params": {"gamma": 570.9533683048976, "log10_alpha": -4.238053103510571, "log10_colsample_bytree": -0.3626412252446588, "log10_eta": -2.9095002577327533, "log10_lambda": -4.708030947176296, "log10_min_child_weight": 0.3211983894049797, "log10_subsample": -0.35499763878565427, "max_depth": 3.0, "num_boost_round": 4.0}, "datetime": {"datetime": "2024-01-19 00:28:43", "elapsed": 1055.334893, "delta": 0.001449}}
{"target": -13.758470790011932, "params": {"gamma": 570.9533683048976, "log10_alpha": -4.238053103510571, "log10_colsample_bytree": -0.3626412252446588, "log10_eta": -2.9095002577327533, "log10_lambda": -4.708030947176296, "log10_min_child_weight": 0.3211983894049797, "log10_subsample": -0.35499763878565427, "max_depth": 3.0, "num_boost_round": 5.0}, "datetime": {"datetime": "2024-01-19 00:28:43", "elapsed": 1055.33622, "delta": 0.001327}}
{"target": -13.758456775134174, "params": {"gamma": 570.9533683048976, "log10_alpha": -4.238053103510571, "log10_colsample_bytree": -0.3626412252446588, "log10_eta": -2.9095002577327533, "log10_lambda": -4.708030947176296, "log10_min_child_weight": 0.3211983894049797, "log10_subsample": -0.35499763878565427, "max_depth": 3.0, "num_boost_round": 6.0}, "datetime": {"datetime": "2024-01-19 00:28:43", "elapsed": 1055.337583, "delta": 0.001363}}
{"target": -13.758454720688217, "params": {"gamma": 570.9533683048976, "log10_alpha": -4.238053103510571, "log10_colsample_bytree": -0.3626412252446588, "log10_eta": -2.9095002577327533, "log10_lambda": -4.708030947176296, "log10_min_child_weight": 0.3211983894049797, "log10_subsample": -0.35499763878565427, "max_depth": 3.0, "num_boost_round": 7.0}, "datetime": {"datetime": "2024-01-19 00:28:43", "elapsed": 1055.3393, "delta": 0.001717}}
{"target": -13.75843545458824, "params": {"gamma": 570.9533683048976, "log10_alpha": -4.238053103510571, "log10_colsample_bytree": -0.3626412252446588, "log10_eta": -2.9095002577327533, "log10_lambda": -4.708030947176296, "log10_min_child_weight": 0.3211983894049797, "log10_subsample": -0.35499763878565427, "max_depth": 3.0, "num_boost_round": 8.0}, "datetime": {"datetime": "2024-01-19 00:28:43", "elapsed": 1055.341186, "delta": 0.001886}}
{"target": -13.758415349665052, "params": {"gamma": 570.9533683048976, "log10_alpha": -4.238053103510571, "log10_colsample_bytree": -0.3626412252446588, "log10_eta": -2.9095002577327533, "log10_lambda": -4.708030947176296, "log10_min_child_weight": 0.3211983894049797, "log10_subsample": -0.35499763878565427, "max_depth": 3.0, "num_boost_round": 9.0}, "datetime": {"datetime": "2024-01-19 00:28:43", "elapsed": 1055.342945, "delta": 0.001759}}
{"target": -13.758543747919619, "params": {"gamma": 571.7716793704909, "log10_alpha": -3.3480098714152073, "log10_colsample_bytree": -0.1836473117383184, "log10_eta": -3.546051987526375, "log10_lambda": -0.923877920639665, "log10_min_child_weight": 2.6021321502998243, "log10_subsample": -0.20623044543955116, "max_depth": 5.0, "num_boost_round": 0.0}, "datetime": {"datetime": "2024-01-19 00:29:03", "elapsed": 1075.68152, "delta": 20.338575}}
{"target": -13.758547825249433, "params": {"gamma": 571.7716793704909, "log10_alpha": -3.3480098714152073, "log10_colsample_bytree": -0.1836473117383184, "log10_eta": -3.546051987526375, "log10_lambda": -0.923877920639665, "log10_min_child_weight": 2.6021321502998243, "log10_subsample": -0.20623044543955116, "max_depth": 5.0, "num_boost_round": 1.0}, "datetime": {"datetime": "2024-01-19 00:29:03", "elapsed": 1075.68362, "delta": 0.0021}}
{"target": -13.758542970422337, "params": {"gamma": 571.7716793704909, "log10_alpha": -3.3480098714152073, "log10_colsample_bytree": -0.1836473117383184, "log10_eta": -3.546051987526375, "log10_lambda": -0.923877920639665, "log10_min_child_weight": 2.6021321502998243, "log10_subsample": -0.20623044543955116, "max_depth": 5.0, "num_boost_round": 2.0}, "datetime": {"datetime": "2024-01-19 00:29:03", "elapsed": 1075.685266, "delta": 0.001646}}
{"target": -13.758536570029129, "params": {"gamma": 571.7716793704909, "log10_alpha": -3.3480098714152073, "log10_colsample_bytree": -0.1836473117383184, "log10_eta": -3.546051987526375, "log10_lambda": -0.923877920639665, "log10_min_child_weight": 2.6021321502998243, "log10_subsample": -0.20623044543955116, "max_depth": 5.0, "num_boost_round": 3.0}, "datetime": {"datetime": "2024-01-19 00:29:03", "elapsed": 1075.686844, "delta": 0.001578}}
{"target": -13.75853288651833, "params": {"gamma": 571.7716793704909, "log10_alpha": -3.3480098714152073, "log10_colsample_bytree": -0.1836473117383184, "log10_eta": -3.546051987526375, "log10_lambda": -0.923877920639665, "log10_min_child_weight": 2.6021321502998243, "log10_subsample": -0.20623044543955116, "max_depth": 5.0, "num_boost_round": 4.0}, "datetime": {"datetime": "2024-01-19 00:29:03", "elapsed": 1075.68849, "delta": 0.001646}}
{"target": -13.75853677132047, "params": {"gamma": 571.7716793704909, "log10_alpha": -3.3480098714152073, "log10_colsample_bytree": -0.1836473117383184, "log10_eta": -3.546051987526375, "log10_lambda": -0.923877920639665, "log10_min_child_weight": 2.6021321502998243, "log10_subsample": -0.20623044543955116, "max_depth": 5.0, "num_boost_round": 5.0}, "datetime": {"datetime": "2024-01-19 00:29:03", "elapsed": 1075.689849, "delta": 0.001359}}
{"target": -13.75853563688877, "params": {"gamma": 571.7716793704909, "log10_alpha": -3.3480098714152073, "log10_colsample_bytree": -0.1836473117383184, "log10_eta": -3.546051987526375, "log10_lambda": -0.923877920639665, "log10_min_child_weight": 2.6021321502998243, "log10_subsample": -0.20623044543955116, "max_depth": 5.0, "num_boost_round": 6.0}, "datetime": {"datetime": "2024-01-19 00:29:03", "elapsed": 1075.691244, "delta": 0.001395}}
{"target": -13.75853874220851, "params": {"gamma": 571.7716793704909, "log10_alpha": -3.3480098714152073, "log10_colsample_bytree": -0.1836473117383184, "log10_eta": -3.546051987526375, "log10_lambda": -0.923877920639665, "log10_min_child_weight": 2.6021321502998243, "log10_subsample": -0.20623044543955116, "max_depth": 5.0, "num_boost_round": 7.0}, "datetime": {"datetime": "2024-01-19 00:29:03", "elapsed": 1075.69259, "delta": 0.001346}}
{"target": -13.75854282231472, "params": {"gamma": 571.7716793704909, "log10_alpha": -3.3480098714152073, "log10_colsample_bytree": -0.1836473117383184, "log10_eta": -3.546051987526375, "log10_lambda": -0.923877920639665, "log10_min_child_weight": 2.6021321502998243, "log10_subsample": -0.20623044543955116, "max_depth": 5.0, "num_boost_round": 8.0}, "datetime": {"datetime": "2024-01-19 00:29:03", "elapsed": 1075.693944, "delta": 0.001354}}
{"target": -13.758543154548516, "params": {"gamma": 571.7716793704909, "log10_alpha": -3.3480098714152073, "log10_colsample_bytree": -0.1836473117383184, "log10_eta": -3.546051987526375, "log10_lambda": -0.923877920639665, "log10_min_child_weight": 2.6021321502998243, "log10_subsample": -0.20623044543955116, "max_depth": 5.0, "num_boost_round": 9.0}, "datetime": {"datetime": "2024-01-19 00:29:03", "elapsed": 1075.695302, "delta": 0.001358}}
{"target": -13.757504585410288, "params": {"gamma": 532.5980653448192, "log10_alpha": -3.9436338798093473, "log10_colsample_bytree": -0.8078099487384729, "log10_eta": -1.8600601087263935, "log10_lambda": 0.605123633347179, "log10_min_child_weight": 0.74991578468451, "log10_subsample": -0.005596327523190392, "max_depth": 9.0, "num_boost_round": 0.0}, "datetime": {"datetime": "2024-01-19 00:29:27", "elapsed": 1099.243144, "delta": 23.547842}}
{"target": -13.756962915869476, "params": {"gamma": 532.5980653448192, "log10_alpha": -3.9436338798093473, "log10_colsample_bytree": -0.8078099487384729, "log10_eta": -1.8600601087263935, "log10_lambda": 0.605123633347179, "log10_min_child_weight": 0.74991578468451, "log10_subsample": -0.005596327523190392, "max_depth": 9.0, "num_boost_round": 1.0}, "datetime": {"datetime": "2024-01-19 00:29:27", "elapsed": 1099.244654, "delta": 0.00151}}
{"target": -13.756314848055197, "params": {"gamma": 532.5980653448192, "log10_alpha": -3.9436338798093473, "log10_colsample_bytree": -0.8078099487384729, "log10_eta": -1.8600601087263935, "log10_lambda": 0.605123633347179, "log10_min_child_weight": 0.74991578468451, "log10_subsample": -0.005596327523190392, "max_depth": 9.0, "num_boost_round": 2.0}, "datetime": {"datetime": "2024-01-19 00:29:27", "elapsed": 1099.246411, "delta": 0.001757}}
{"target": -13.756676961730053, "params": {"gamma": 532.5980653448192, "log10_alpha": -3.9436338798093473, "log10_colsample_bytree": -0.8078099487384729, "log10_eta": -1.8600601087263935, "log10_lambda": 0.605123633347179, "log10_min_child_weight": 0.74991578468451, "log10_subsample": -0.005596327523190392, "max_depth": 9.0, "num_boost_round": 3.0}, "datetime": {"datetime": "2024-01-19 00:29:27", "elapsed": 1099.247867, "delta": 0.001456}}
{"target": -13.756003123692876, "params": {"gamma": 532.5980653448192, "log10_alpha": -3.9436338798093473, "log10_colsample_bytree": -0.8078099487384729, "log10_eta": -1.8600601087263935, "log10_lambda": 0.605123633347179, "log10_min_child_weight": 0.74991578468451, "log10_subsample": -0.005596327523190392, "max_depth": 9.0, "num_boost_round": 4.0}, "datetime": {"datetime": "2024-01-19 00:29:27", "elapsed": 1099.249638, "delta": 0.001771}}
{"target": -13.756083782094322, "params": {"gamma": 532.5980653448192, "log10_alpha": -3.9436338798093473, "log10_colsample_bytree": -0.8078099487384729, "log10_eta": -1.8600601087263935, "log10_lambda": 0.605123633347179, "log10_min_child_weight": 0.74991578468451, "log10_subsample": -0.005596327523190392, "max_depth": 9.0, "num_boost_round": 5.0}, "datetime": {"datetime": "2024-01-19 00:29:27", "elapsed": 1099.251536, "delta": 0.001898}}
{"target": -13.755945616657185, "params": {"gamma": 532.5980653448192, "log10_alpha": -3.9436338798093473, "log10_colsample_bytree": -0.8078099487384729, "log10_eta": -1.8600601087263935, "log10_lambda": 0.605123633347179, "log10_min_child_weight": 0.74991578468451, "log10_subsample": -0.005596327523190392, "max_depth": 9.0, "num_boost_round": 6.0}, "datetime": {"datetime": "2024-01-19 00:29:27", "elapsed": 1099.2529, "delta": 0.001364}}
{"target": -13.755590559715378, "params": {"gamma": 532.5980653448192, "log10_alpha": -3.9436338798093473, "log10_colsample_bytree": -0.8078099487384729, "log10_eta": -1.8600601087263935, "log10_lambda": 0.605123633347179, "log10_min_child_weight": 0.74991578468451, "log10_subsample": -0.005596327523190392, "max_depth": 9.0, "num_boost_round": 7.0}, "datetime": {"datetime": "2024-01-19 00:29:27", "elapsed": 1099.254269, "delta": 0.001369}}
{"target": -13.755724602880166, "params": {"gamma": 532.5980653448192, "log10_alpha": -3.9436338798093473, "log10_colsample_bytree": -0.8078099487384729, "log10_eta": -1.8600601087263935, "log10_lambda": 0.605123633347179, "log10_min_child_weight": 0.74991578468451, "log10_subsample": -0.005596327523190392, "max_depth": 9.0, "num_boost_round": 8.0}, "datetime": {"datetime": "2024-01-19 00:29:27", "elapsed": 1099.255644, "delta": 0.001375}}
{"target": -13.755871930198115, "params": {"gamma": 532.5980653448192, "log10_alpha": -3.9436338798093473, "log10_colsample_bytree": -0.8078099487384729, "log10_eta": -1.8600601087263935, "log10_lambda": 0.605123633347179, "log10_min_child_weight": 0.74991578468451, "log10_subsample": -0.005596327523190392, "max_depth": 9.0, "num_boost_round": 9.0}, "datetime": {"datetime": "2024-01-19 00:29:27", "elapsed": 1099.257015, "delta": 0.001371}}
{"target": -13.755311626442268, "params": {"gamma": 532.5980653448192, "log10_alpha": -3.9436338798093473, "log10_colsample_bytree": -0.8078099487384729, "log10_eta": -1.8600601087263935, "log10_lambda": 0.605123633347179, "log10_min_child_weight": 0.74991578468451, "log10_subsample": -0.005596327523190392, "max_depth": 9.0, "num_boost_round": 10.0}, "datetime": {"datetime": "2024-01-19 00:29:27", "elapsed": 1099.2584, "delta": 0.001385}}
{"target": -13.968475916183971, "params": {"gamma": 514.7236318271881, "log10_alpha": -3.443761157008023, "log10_colsample_bytree": -0.856743693680614, "log10_eta": -0.01959461030613241, "log10_lambda": -1.6656575005498109, "log10_min_child_weight": 1.3639406231546687, "log10_subsample": -0.11763053574159676, "max_depth": 8.0, "num_boost_round": 0.0}, "datetime": {"datetime": "2024-01-19 00:29:50", "elapsed": 1122.77182, "delta": 23.51342}}
{"target": -14.144716368130034, "params": {"gamma": 514.7236318271881, "log10_alpha": -3.443761157008023, "log10_colsample_bytree": -0.856743693680614, "log10_eta": -0.01959461030613241, "log10_lambda": -1.6656575005498109, "log10_min_child_weight": 1.3639406231546687, "log10_subsample": -0.11763053574159676, "max_depth": 8.0, "num_boost_round": 1.0}, "datetime": {"datetime": "2024-01-19 00:29:50", "elapsed": 1122.773419, "delta": 0.001599}}
{"target": -14.321483398544654, "params": {"gamma": 514.7236318271881, "log10_alpha": -3.443761157008023, "log10_colsample_bytree": -0.856743693680614, "log10_eta": -0.01959461030613241, "log10_lambda": -1.6656575005498109, "log10_min_child_weight": 1.3639406231546687, "log10_subsample": -0.11763053574159676, "max_depth": 8.0, "num_boost_round": 2.0}, "datetime": {"datetime": "2024-01-19 00:29:50", "elapsed": 1122.77503, "delta": 0.001611}}
{"target": -14.423643558166171, "params": {"gamma": 514.7236318271881, "log10_alpha": -3.443761157008023, "log10_colsample_bytree": -0.856743693680614, "log10_eta": -0.01959461030613241, "log10_lambda": -1.6656575005498109, "log10_min_child_weight": 1.3639406231546687, "log10_subsample": -0.11763053574159676, "max_depth": 8.0, "num_boost_round": 3.0}, "datetime": {"datetime": "2024-01-19 00:29:50", "elapsed": 1122.776733, "delta": 0.001703}}
{"target": -14.555112196684615, "params": {"gamma": 514.7236318271881, "log10_alpha": -3.443761157008023, "log10_colsample_bytree": -0.856743693680614, "log10_eta": -0.01959461030613241, "log10_lambda": -1.6656575005498109, "log10_min_child_weight": 1.3639406231546687, "log10_subsample": -0.11763053574159676, "max_depth": 8.0, "num_boost_round": 4.0}, "datetime": {"datetime": "2024-01-19 00:29:50", "elapsed": 1122.778496, "delta": 0.001763}}
{"target": -14.661134455514846, "params": {"gamma": 514.7236318271881, "log10_alpha": -3.443761157008023, "log10_colsample_bytree": -0.856743693680614, "log10_eta": -0.01959461030613241, "log10_lambda": -1.6656575005498109, "log10_min_child_weight": 1.3639406231546687, "log10_subsample": -0.11763053574159676, "max_depth": 8.0, "num_boost_round": 5.0}, "datetime": {"datetime": "2024-01-19 00:29:50", "elapsed": 1122.779894, "delta": 0.001398}}
{"target": -14.744583647816528, "params": {"gamma": 514.7236318271881, "log10_alpha": -3.443761157008023, "log10_colsample_bytree": -0.856743693680614, "log10_eta": -0.01959461030613241, "log10_lambda": -1.6656575005498109, "log10_min_child_weight": 1.3639406231546687, "log10_subsample": -0.11763053574159676, "max_depth": 8.0, "num_boost_round": 6.0}, "datetime": {"datetime": "2024-01-19 00:29:50", "elapsed": 1122.781302, "delta": 0.001408}}
{"target": -15.329564640907526, "params": {"gamma": 514.7236318271881, "log10_alpha": -3.443761157008023, "log10_colsample_bytree": -0.856743693680614, "log10_eta": -0.01959461030613241, "log10_lambda": -1.6656575005498109, "log10_min_child_weight": 1.3639406231546687, "log10_subsample": -0.11763053574159676, "max_depth": 8.0, "num_boost_round": 7.0}, "datetime": {"datetime": "2024-01-19 00:29:50", "elapsed": 1122.78276, "delta": 0.001458}}
{"target": -15.394924744137315, "params": {"gamma": 514.7236318271881, "log10_alpha": -3.443761157008023, "log10_colsample_bytree": -0.856743693680614, "log10_eta": -0.01959461030613241, "log10_lambda": -1.6656575005498109, "log10_min_child_weight": 1.3639406231546687, "log10_subsample": -0.11763053574159676, "max_depth": 8.0, "num_boost_round": 8.0}, "datetime": {"datetime": "2024-01-19 00:29:50", "elapsed": 1122.784124, "delta": 0.001364}}
{"target": -15.504859929534069, "params": {"gamma": 514.7236318271881, "log10_alpha": -3.443761157008023, "log10_colsample_bytree": -0.856743693680614, "log10_eta": -0.01959461030613241, "log10_lambda": -1.6656575005498109, "log10_min_child_weight": 1.3639406231546687, "log10_subsample": -0.11763053574159676, "max_depth": 8.0, "num_boost_round": 9.0}, "datetime": {"datetime": "2024-01-19 00:29:50", "elapsed": 1122.785498, "delta": 0.001374}}
{"target": -15.605749664463442, "params": {"gamma": 514.7236318271881, "log10_alpha": -3.443761157008023, "log10_colsample_bytree": -0.856743693680614, "log10_eta": -0.01959461030613241, "log10_lambda": -1.6656575005498109, "log10_min_child_weight": 1.3639406231546687, "log10_subsample": -0.11763053574159676, "max_depth": 8.0, "num_boost_round": 10.0}, "datetime": {"datetime": "2024-01-19 00:29:50", "elapsed": 1122.786998, "delta": 0.0015}}
{"target": -15.72659024001823, "params": {"gamma": 514.7236318271881, "log10_alpha": -3.443761157008023, "log10_colsample_bytree": -0.856743693680614, "log10_eta": -0.01959461030613241, "log10_lambda": -1.6656575005498109, "log10_min_child_weight": 1.3639406231546687, "log10_subsample": -0.11763053574159676, "max_depth": 8.0, "num_boost_round": 11.0}, "datetime": {"datetime": "2024-01-19 00:29:50", "elapsed": 1122.788357, "delta": 0.001359}}
{"target": -15.775135044124466, "params": {"gamma": 514.7236318271881, "log10_alpha": -3.443761157008023, "log10_colsample_bytree": -0.856743693680614, "log10_eta": -0.01959461030613241, "log10_lambda": -1.6656575005498109, "log10_min_child_weight": 1.3639406231546687, "log10_subsample": -0.11763053574159676, "max_depth": 8.0, "num_boost_round": 12.0}, "datetime": {"datetime": "2024-01-19 00:29:50", "elapsed": 1122.789712, "delta": 0.001355}}
{"target": -15.802259247114431, "params": {"gamma": 514.7236318271881, "log10_alpha": -3.443761157008023, "log10_colsample_bytree": -0.856743693680614, "log10_eta": -0.01959461030613241, "log10_lambda": -1.6656575005498109, "log10_min_child_weight": 1.3639406231546687, "log10_subsample": -0.11763053574159676, "max_depth": 8.0, "num_boost_round": 13.0}, "datetime": {"datetime": "2024-01-19 00:29:50", "elapsed": 1122.791079, "delta": 0.001367}}
{"target": -13.758534008441234, "params": {"gamma": 542.690022548396, "log10_alpha": -1.687505085660605, "log10_colsample_bytree": -0.6896973763124525, "log10_eta": -3.1948780100131295, "log10_lambda": 0.9391237916113431, "log10_min_child_weight": 3.9350053735331447, "log10_subsample": -0.17370169747592812, "max_depth": 4.0, "num_boost_round": 0.0}, "datetime": {"datetime": "2024-01-19 00:30:10", "elapsed": 1142.673835, "delta": 19.882756}}
{"target": -13.758517567731838, "params": {"gamma": 542.690022548396, "log10_alpha": -1.687505085660605, "log10_colsample_bytree": -0.6896973763124525, "log10_eta": -3.1948780100131295, "log10_lambda": 0.9391237916113431, "log10_min_child_weight": 3.9350053735331447, "log10_subsample": -0.17370169747592812, "max_depth": 4.0, "num_boost_round": 1.0}, "datetime": {"datetime": "2024-01-19 00:30:10", "elapsed": 1142.675447, "delta": 0.001612}}
{"target": -13.758516618882435, "params": {"gamma": 542.690022548396, "log10_alpha": -1.687505085660605, "log10_colsample_bytree": -0.6896973763124525, "log10_eta": -3.1948780100131295, "log10_lambda": 0.9391237916113431, "log10_min_child_weight": 3.9350053735331447, "log10_subsample": -0.17370169747592812, "max_depth": 4.0, "num_boost_round": 2.0}, "datetime": {"datetime": "2024-01-19 00:30:10", "elapsed": 1142.676858, "delta": 0.001411}}
{"target": -13.758513703960512, "params": {"gamma": 542.690022548396, "log10_alpha": -1.687505085660605, "log10_colsample_bytree": -0.6896973763124525, "log10_eta": -3.1948780100131295, "log10_lambda": 0.9391237916113431, "log10_min_child_weight": 3.9350053735331447, "log10_subsample": -0.17370169747592812, "max_depth": 4.0, "num_boost_round": 3.0}, "datetime": {"datetime": "2024-01-19 00:30:10", "elapsed": 1142.678257, "delta": 0.001399}}
{"target": -13.758505776427558, "params": {"gamma": 542.690022548396, "log10_alpha": -1.687505085660605, "log10_colsample_bytree": -0.6896973763124525, "log10_eta": -3.1948780100131295, "log10_lambda": 0.9391237916113431, "log10_min_child_weight": 3.9350053735331447, "log10_subsample": -0.17370169747592812, "max_depth": 4.0, "num_boost_round": 4.0}, "datetime": {"datetime": "2024-01-19 00:30:10", "elapsed": 1142.679644, "delta": 0.001387}}
{"target": -13.758498844904157, "params": {"gamma": 542.690022548396, "log10_alpha": -1.687505085660605, "log10_colsample_bytree": -0.6896973763124525, "log10_eta": -3.1948780100131295, "log10_lambda": 0.9391237916113431, "log10_min_child_weight": 3.9350053735331447, "log10_subsample": -0.17370169747592812, "max_depth": 4.0, "num_boost_round": 5.0}, "datetime": {"datetime": "2024-01-19 00:30:10", "elapsed": 1142.681034, "delta": 0.00139}}
