{"target": -13.758517036349597, "params": {"gamma": 932.2524367478408, "log10_alpha": -4.0030236006047195, "log10_colsample_bytree": -0.8977559658749793, "log10_eta": -3.5659007731079444, "log10_lambda": 0.16550994459332724, "log10_min_child_weight": 4.66607829956833, "log10_subsample": -0.291783801204372, "max_depth": 5.0, "num_boost_round": 36.0}, "datetime": {"datetime": "2024-01-19 01:56:54", "elapsed": 6315.690711, "delta": 0.006161}}
{"target": -13.758515342793455, "params": {"gamma": 932.2524367478408, "log10_alpha": -4.0030236006047195, "log10_colsample_bytree": -0.8977559658749793, "log10_eta": -3.5659007731079444, "log10_lambda": 0.16550994459332724, "log10_min_child_weight": 4.66607829956833, "log10_subsample": -0.291783801204372, "max_depth": 5.0, "num_boost_round": 37.0}, "datetime": {"datetime": "2024-01-19 01:56:54", "elapsed": 6315.697005, "delta": 0.006294}}
{"target": -13.758515364442076, "params": {"gamma": 932.2524367478408, "log10_alpha": -4.0030236006047195, "log10_colsample_bytree": -0.8977559658749793, "log10_eta": -3.5659007731079444, "log10_lambda": 0.16550994459332724, "log10_min_child_weight": 4.66607829956833, "log10_subsample": -0.291783801204372, "max_depth": 5.0, "num_boost_round": 38.0}, "datetime": {"datetime": "2024-01-19 01:56:54", "elapsed": 6315.703238, "delta": 0.006233}}
{"target": -13.758515643365152, "params": {"gamma": 932.2524367478408, "log10_alpha": -4.0030236006047195, "log10_colsample_bytree": -0.8977559658749793, "log10_eta": -3.5659007731079444, "log10_lambda": 0.16550994459332724, "log10_min_child_weight": 4.66607829956833, "log10_subsample": -0.291783801204372, "max_depth": 5.0, "num_boost_round": 39.0}, "datetime": {"datetime": "2024-01-19 01:56:54", "elapsed": 6315.709437, "delta": 0.006199}}
{"target": -13.75851407234131, "params": {"gamma": 932.2524367478408, "log10_alpha": -4.0030236006047195, "log10_colsample_bytree": -0.8977559658749793, "log10_eta": -3.5659007731079444, "log10_lambda": 0.16550994459332724, "log10_min_child_weight": 4.66607829956833, "log10_subsample": -0.291783801204372, "max_depth": 5.0, "num_boost_round": 40.0}, "datetime": {"datetime": "2024-01-19 01:56:54", "elapsed": 6315.715624, "delta": 0.006187}}
{"target": -13.758512739034842, "params": {"gamma": 932.2524367478408, "log10_alpha": -4.0030236006047195, "log10_colsample_bytree": -0.8977559658749793, "log10_eta": -3.5659007731079444, "log10_lambda": 0.16550994459332724, "log10_min_child_weight": 4.66607829956833, "log10_subsample": -0.291783801204372, "max_depth": 5.0, "num_boost_round": 41.0}, "datetime": {"datetime": "2024-01-19 01:56:54", "elapsed": 6315.722773, "delta": 0.007149}}
{"target": -13.758509993854615, "params": {"gamma": 932.2524367478408, "log10_alpha": -4.0030236006047195, "log10_colsample_bytree": -0.8977559658749793, "log10_eta": -3.5659007731079444, "log10_lambda": 0.16550994459332724, "log10_min_child_weight": 4.66607829956833, "log10_subsample": -0.291783801204372, "max_depth": 5.0, "num_boost_round": 42.0}, "datetime": {"datetime": "2024-01-19 01:56:54", "elapsed": 6315.729647, "delta": 0.006874}}
{"target": -13.75850876824206, "params": {"gamma": 932.2524367478408, "log10_alpha": -4.0030236006047195, "log10_colsample_bytree": -0.8977559658749793, "log10_eta": -3.5659007731079444, "log10_lambda": 0.16550994459332724, "log10_min_child_weight": 4.66607829956833, "log10_subsample": -0.291783801204372, "max_depth": 5.0, "num_boost_round": 43.0}, "datetime": {"datetime": "2024-01-19 01:56:54", "elapsed": 6315.736637, "delta": 0.00699}}
{"target": -13.758506565624792, "params": {"gamma": 932.2524367478408, "log10_alpha": -4.0030236006047195, "log10_colsample_bytree": -0.8977559658749793, "log10_eta": -3.5659007731079444, "log10_lambda": 0.16550994459332724, "log10_min_child_weight": 4.66607829956833, "log10_subsample": -0.291783801204372, "max_depth": 5.0, "num_boost_round": 44.0}, "datetime": {"datetime": "2024-01-19 01:56:54", "elapsed": 6315.743121, "delta": 0.006484}}
{"target": -13.758504881582308, "params": {"gamma": 932.2524367478408, "log10_alpha": -4.0030236006047195, "log10_colsample_bytree": -0.8977559658749793, "log10_eta": -3.5659007731079444, "log10_lambda": 0.16550994459332724, "log10_min_child_weight": 4.66607829956833, "log10_subsample": -0.291783801204372, "max_depth": 5.0, "num_boost_round": 45.0}, "datetime": {"datetime": "2024-01-19 01:56:54", "elapsed": 6315.749375, "delta": 0.006254}}
{"target": -13.758505047381107, "params": {"gamma": 932.2524367478408, "log10_alpha": -4.0030236006047195, "log10_colsample_bytree": -0.8977559658749793, "log10_eta": -3.5659007731079444, "log10_lambda": 0.16550994459332724, "log10_min_child_weight": 4.66607829956833, "log10_subsample": -0.291783801204372, "max_depth": 5.0, "num_boost_round": 46.0}, "datetime": {"datetime": "2024-01-19 01:56:54", "elapsed": 6315.755682, "delta": 0.006307}}
{"target": -13.758504908278384, "params": {"gamma": 932.2524367478408, "log10_alpha": -4.0030236006047195, "log10_colsample_bytree": -0.8977559658749793, "log10_eta": -3.5659007731079444, "log10_lambda": 0.16550994459332724, "log10_min_child_weight": 4.66607829956833, "log10_subsample": -0.291783801204372, "max_depth": 5.0, "num_boost_round": 47.0}, "datetime": {"datetime": "2024-01-19 01:56:54", "elapsed": 6315.761838, "delta": 0.006156}}
{"target": -13.758503304411565, "params": {"gamma": 932.2524367478408, "log10_alpha": -4.0030236006047195, "log10_colsample_bytree": -0.8977559658749793, "log10_eta": -3.5659007731079444, "log10_lambda": 0.16550994459332724, "log10_min_child_weight": 4.66607829956833, "log10_subsample": -0.291783801204372, "max_depth": 5.0, "num_boost_round": 48.0}, "datetime": {"datetime": "2024-01-19 01:56:54", "elapsed": 6315.767983, "delta": 0.006145}}
{"target": -13.758503608987246, "params": {"gamma": 932.2524367478408, "log10_alpha": -4.0030236006047195, "log10_colsample_bytree": -0.8977559658749793, "log10_eta": -3.5659007731079444, "log10_lambda": 0.16550994459332724, "log10_min_child_weight": 4.66607829956833, "log10_subsample": -0.291783801204372, "max_depth": 5.0, "num_boost_round": 49.0}, "datetime": {"datetime": "2024-01-19 01:56:54", "elapsed": 6315.774197, "delta": 0.006214}}
{"target": -13.758503105012384, "params": {"gamma": 932.2524367478408, "log10_alpha": -4.0030236006047195, "log10_colsample_bytree": -0.8977559658749793, "log10_eta": -3.5659007731079444, "log10_lambda": 0.16550994459332724, "log10_min_child_weight": 4.66607829956833, "log10_subsample": -0.291783801204372, "max_depth": 5.0, "num_boost_round": 50.0}, "datetime": {"datetime": "2024-01-19 01:56:54", "elapsed": 6315.780424, "delta": 0.006227}}
{"target": -13.75853908914248, "params": {"gamma": 934.1290391240209, "log10_alpha": 0.47080771750116845, "log10_colsample_bytree": -0.9243519034329526, "log10_eta": -3.868741872930213, "log10_lambda": -2.246972299398732, "log10_min_child_weight": 4.587219225128548, "log10_subsample": -0.14100350474609435, "max_depth": 7.0, "num_boost_round": 0.0}, "datetime": {"datetime": "2024-01-19 01:58:14", "elapsed": 6395.265218, "delta": 79.484794}}
{"target": -13.75853886068191, "params": {"gamma": 934.1290391240209, "log10_alpha": 0.47080771750116845, "log10_colsample_bytree": -0.9243519034329526, "log10_eta": -3.868741872930213, "log10_lambda": -2.246972299398732, "log10_min_child_weight": 4.587219225128548, "log10_subsample": -0.14100350474609435, "max_depth": 7.0, "num_boost_round": 1.0}, "datetime": {"datetime": "2024-01-19 01:58:14", "elapsed": 6395.272032, "delta": 0.006814}}
{"target": -13.758538616350359, "params": {"gamma": 934.1290391240209, "log10_alpha": 0.47080771750116845, "log10_colsample_bytree": -0.9243519034329526, "log10_eta": -3.868741872930213, "log10_lambda": -2.246972299398732, "log10_min_child_weight": 4.587219225128548, "log10_subsample": -0.14100350474609435, "max_depth": 7.0, "num_boost_round": 2.0}, "datetime": {"datetime": "2024-01-19 01:58:14", "elapsed": 6395.278344, "delta": 0.006312}}
{"target": -13.758538367985299, "params": {"gamma": 934.1290391240209, "log10_alpha": 0.47080771750116845, "log10_colsample_bytree": -0.9243519034329526, "log10_eta": -3.868741872930213, "log10_lambda": -2.246972299398732, "log10_min_child_weight": 4.587219225128548, "log10_subsample": -0.14100350474609435, "max_depth": 7.0, "num_boost_round": 3.0}, "datetime": {"datetime": "2024-01-19 01:58:14", "elapsed": 6395.284462, "delta": 0.006118}}
{"target": -13.758538147303302, "params": {"gamma": 934.1290391240209, "log10_alpha": 0.47080771750116845, "log10_colsample_bytree": -0.9243519034329526, "log10_eta": -3.868741872930213, "log10_lambda": -2.246972299398732, "log10_min_child_weight": 4.587219225128548, "log10_subsample": -0.14100350474609435, "max_depth": 7.0, "num_boost_round": 4.0}, "datetime": {"datetime": "2024-01-19 01:58:14", "elapsed": 6395.29068, "delta": 0.006218}}
{"target": -13.758537323507362, "params": {"gamma": 934.1290391240209, "log10_alpha": 0.47080771750116845, "log10_colsample_bytree": -0.9243519034329526, "log10_eta": -3.868741872930213, "log10_lambda": -2.246972299398732, "log10_min_child_weight": 4.587219225128548, "log10_subsample": -0.14100350474609435, "max_depth": 7.0, "num_boost_round": 5.0}, "datetime": {"datetime": "2024-01-19 01:58:14", "elapsed": 6395.296984, "delta": 0.006304}}
{"target": -13.758537842467597, "params": {"gamma": 934.1290391240209, "log10_alpha": 0.47080771750116845, "log10_colsample_bytree": -0.9243519034329526, "log10_eta": -3.868741872930213, "log10_lambda": -2.246972299398732, "log10_min_child_weight": 4.587219225128548, "log10_subsample": -0.14100350474609435, "max_depth": 7.0, "num_boost_round": 6.0}, "datetime": {"datetime": "2024-01-19 01:58:14", "elapsed": 6395.303087, "delta": 0.006103}}
{"target": -13.758537374472533, "params": {"gamma": 934.1290391240209, "log10_alpha": 0.47080771750116845, "log10_colsample_bytree": -0.9243519034329526, "log10_eta": -3.868741872930213, "log10_lambda": -2.246972299398732, "log10_min_child_weight": 4.587219225128548, "log10_subsample": -0.14100350474609435, "max_depth": 7.0, "num_boost_round": 7.0}, "datetime": {"datetime": "2024-01-19 01:58:14", "elapsed": 6395.309557, "delta": 0.00647}}
{"target": -13.758537659158824, "params": {"gamma": 934.1290391240209, "log10_alpha": 0.47080771750116845, "log10_colsample_bytree": -0.9243519034329526, "log10_eta": -3.868741872930213, "log10_lambda": -2.246972299398732, "log10_min_child_weight": 4.587219225128548, "log10_subsample": -0.14100350474609435, "max_depth": 7.0, "num_boost_round": 8.0}, "datetime": {"datetime": "2024-01-19 01:58:14", "elapsed": 6395.316191, "delta": 0.006634}}
{"target": -13.758537144566958, "params": {"gamma": 934.1290391240209, "log10_alpha": 0.47080771750116845, "log10_colsample_bytree": -0.9243519034329526, "log10_eta": -3.868741872930213, "log10_lambda": -2.246972299398732, "log10_min_child_weight": 4.587219225128548, "log10_subsample": -0.14100350474609435, "max_depth": 7.0, "num_boost_round": 9.0}, "datetime": {"datetime": "2024-01-19 01:58:14", "elapsed": 6395.322399, "delta": 0.006208}}
{"target": -13.758536525024642, "params": {"gamma": 934.1290391240209, "log10_alpha": 0.47080771750116845, "log10_colsample_bytree": -0.9243519034329526, "log10_eta": -3.868741872930213, "log10_lambda": -2.246972299398732, "log10_min_child_weight": 4.587219225128548, "log10_subsample": -0.14100350474609435, "max_depth": 7.0, "num_boost_round": 10.0}, "datetime": {"datetime": "2024-01-19 01:58:14", "elapsed": 6395.328613, "delta": 0.006214}}
{"target": -13.758536320927968, "params": {"gamma": 934.1290391240209, "log10_alpha": 0.47080771750116845, "log10_colsample_bytree": -0.9243519034329526, "log10_eta": -3.868741872930213, "log10_lambda": -2.246972299398732, "log10_min_child_weight": 4.587219225128548, "log10_subsample": -0.14100350474609435, "max_depth": 7.0, "num_boost_round": 11.0}, "datetime": {"datetime": "2024-01-19 01:58:14", "elapsed": 6395.334841, "delta": 0.006228}}
{"target": -13.758537304553654, "params": {"gamma": 934.1290391240209, "log10_alpha": 0.47080771750116845, "log10_colsample_bytree": -0.9243519034329526, "log10_eta": -3.868741872930213, "log10_lambda": -2.246972299398732, "log10_min_child_weight": 4.587219225128548, "log10_subsample": -0.14100350474609435, "max_depth": 7.0, "num_boost_round": 12.0}, "datetime": {"datetime": "2024-01-19 01:58:14", "elapsed": 6395.341019, "delta": 0.006178}}
{"target": -13.758535602098448, "params": {"gamma": 934.1290391240209, "log10_alpha": 0.47080771750116845, "log10_colsample_bytree": -0.9243519034329526, "log10_eta": -3.868741872930213, "log10_lambda": -2.246972299398732, "log10_min_child_weight": 4.587219225128548, "log10_subsample": -0.14100350474609435, "max_depth": 7.0, "num_boost_round": 13.0}, "datetime": {"datetime": "2024-01-19 01:58:14", "elapsed": 6395.347222, "delta": 0.006203}}
{"target": -13.758535103042446, "params": {"gamma": 934.1290391240209, "log10_alpha": 0.47080771750116845, "log10_colsample_bytree": -0.9243519034329526, "log10_eta": -3.868741872930213, "log10_lambda": -2.246972299398732, "log10_min_child_weight": 4.587219225128548, "log10_subsample": -0.14100350474609435, "max_depth": 7.0, "num_boost_round": 14.0}, "datetime": {"datetime": "2024-01-19 01:58:14", "elapsed": 6395.353384, "delta": 0.006162}}
{"target": -13.758534138743522, "params": {"gamma": 934.1290391240209, "log10_alpha": 0.47080771750116845, "log10_colsample_bytree": -0.9243519034329526, "log10_eta": -3.868741872930213, "log10_lambda": -2.246972299398732, "log10_min_child_weight": 4.587219225128548, "log10_subsample": -0.14100350474609435, "max_depth": 7.0, "num_boost_round": 15.0}, "datetime": {"datetime": "2024-01-19 01:58:14", "elapsed": 6395.359604, "delta": 0.00622}}
{"target": -13.758534011818842, "params": {"gamma": 934.1290391240209, "log10_alpha": 0.47080771750116845, "log10_colsample_bytree": -0.9243519034329526, "log10_eta": -3.868741872930213, "log10_lambda": -2.246972299398732, "log10_min_child_weight": 4.587219225128548, "log10_subsample": -0.14100350474609435, "max_depth": 7.0, "num_boost_round": 16.0}, "datetime": {"datetime": "2024-01-19 01:58:14", "elapsed": 6395.365814, "delta": 0.00621}}
{"target": -13.758534130288604, "params": {"gamma": 934.1290391240209, "log10_alpha": 0.47080771750116845, "log10_colsample_bytree": -0.9243519034329526, "log10_eta": -3.868741872930213, "log10_lambda": -2.246972299398732, "log10_min_child_weight": 4.587219225128548, "log10_subsample": -0.14100350474609435, "max_depth": 7.0, "num_boost_round": 17.0}, "datetime": {"datetime": "2024-01-19 01:58:14", "elapsed": 6395.372036, "delta": 0.006222}}
{"target": -13.75853360167208, "params": {"gamma": 934.1290391240209, "log10_alpha": 0.47080771750116845, "log10_colsample_bytree": -0.9243519034329526, "log10_eta": -3.868741872930213, "log10_lambda": -2.246972299398732, "log10_min_child_weight": 4.587219225128548, "log10_subsample": -0.14100350474609435, "max_depth": 7.0, "num_boost_round": 18.0}, "datetime": {"datetime": "2024-01-19 01:58:14", "elapsed": 6395.378217, "delta": 0.006181}}
{"target": -13.758533736866632, "params": {"gamma": 934.1290391240209, "log10_alpha": 0.47080771750116845, "log10_colsample_bytree": -0.9243519034329526, "log10_eta": -3.868741872930213, "log10_lambda": -2.246972299398732, "log10_min_child_weight": 4.587219225128548, "log10_subsample": -0.14100350474609435, "max_depth": 7.0, "num_boost_round": 19.0}, "datetime": {"datetime": "2024-01-19 01:58:14", "elapsed": 6395.384424, "delta": 0.006207}}
{"target": -13.758534124938418, "params": {"gamma": 934.1290391240209, "log10_alpha": 0.47080771750116845, "log10_colsample_bytree": -0.9243519034329526, "log10_eta": -3.868741872930213, "log10_lambda": -2.246972299398732, "log10_min_child_weight": 4.587219225128548, "log10_subsample": -0.14100350474609435, "max_depth": 7.0, "num_boost_round": 20.0}, "datetime": {"datetime": "2024-01-19 01:58:14", "elapsed": 6395.390608, "delta": 0.006184}}
{"target": -13.758534199188679, "params": {"gamma": 934.1290391240209, "log10_alpha": 0.47080771750116845, "log10_colsample_bytree": -0.9243519034329526, "log10_eta": -3.868741872930213, "log10_lambda": -2.246972299398732, "log10_min_child_weight": 4.587219225128548, "log10_subsample": -0.14100350474609435, "max_depth": 7.0, "num_boost_round": 21.0}, "datetime": {"datetime": "2024-01-19 01:58:14", "elapsed": 6395.396773, "delta": 0.006165}}
{"target": -13.758535038413639, "params": {"gamma": 934.1290391240209, "log10_alpha": 0.47080771750116845, "log10_colsample_bytree": -0.9243519034329526, "log10_eta": -3.868741872930213, "log10_lambda": -2.246972299398732, "log10_min_child_weight": 4.587219225128548, "log10_subsample": -0.14100350474609435, "max_depth": 7.0, "num_boost_round": 22.0}, "datetime": {"datetime": "2024-01-19 01:58:14", "elapsed": 6395.402982, "delta": 0.006209}}
{"target": -13.7585349097438, "params": {"gamma": 934.1290391240209, "log10_alpha": 0.47080771750116845, "log10_colsample_bytree": -0.9243519034329526, "log10_eta": -3.868741872930213, "log10_lambda": -2.246972299398732, "log10_min_child_weight": 4.587219225128548, "log10_subsample": -0.14100350474609435, "max_depth": 7.0, "num_boost_round": 23.0}, "datetime": {"datetime": "2024-01-19 01:58:14", "elapsed": 6395.409174, "delta": 0.006192}}
{"target": -13.758534564386846, "params": {"gamma": 934.1290391240209, "log10_alpha": 0.47080771750116845, "log10_colsample_bytree": -0.9243519034329526, "log10_eta": -3.868741872930213, "log10_lambda": -2.246972299398732, "log10_min_child_weight": 4.587219225128548, "log10_subsample": -0.14100350474609435, "max_depth": 7.0, "num_boost_round": 24.0}, "datetime": {"datetime": "2024-01-19 01:58:14", "elapsed": 6395.41535, "delta": 0.006176}}
{"target": -13.758534577307161, "params": {"gamma": 934.1290391240209, "log10_alpha": 0.47080771750116845, "log10_colsample_bytree": -0.9243519034329526, "log10_eta": -3.868741872930213, "log10_lambda": -2.246972299398732, "log10_min_child_weight": 4.587219225128548, "log10_subsample": -0.14100350474609435, "max_depth": 7.0, "num_boost_round": 25.0}, "datetime": {"datetime": "2024-01-19 01:58:14", "elapsed": 6395.421513, "delta": 0.006163}}
{"target": -13.758533871093682, "params": {"gamma": 934.1290391240209, "log10_alpha": 0.47080771750116845, "log10_colsample_bytree": -0.9243519034329526, "log10_eta": -3.868741872930213, "log10_lambda": -2.246972299398732, "log10_min_child_weight": 4.587219225128548, "log10_subsample": -0.14100350474609435, "max_depth": 7.0, "num_boost_round": 26.0}, "datetime": {"datetime": "2024-01-19 01:58:14", "elapsed": 6395.428411, "delta": 0.006898}}
{"target": -13.758532530071559, "params": {"gamma": 934.1290391240209, "log10_alpha": 0.47080771750116845, "log10_colsample_bytree": -0.9243519034329526, "log10_eta": -3.868741872930213, "log10_lambda": -2.246972299398732, "log10_min_child_weight": 4.587219225128548, "log10_subsample": -0.14100350474609435, "max_depth": 7.0, "num_boost_round": 27.0}, "datetime": {"datetime": "2024-01-19 01:58:14", "elapsed": 6395.435568, "delta": 0.007157}}
{"target": -13.758531723112366, "params": {"gamma": 934.1290391240209, "log10_alpha": 0.47080771750116845, "log10_colsample_bytree": -0.9243519034329526, "log10_eta": -3.868741872930213, "log10_lambda": -2.246972299398732, "log10_min_child_weight": 4.587219225128548, "log10_subsample": -0.14100350474609435, "max_depth": 7.0, "num_boost_round": 28.0}, "datetime": {"datetime": "2024-01-19 01:58:14", "elapsed": 6395.442176, "delta": 0.006608}}
{"target": -13.75853131819673, "params": {"gamma": 934.1290391240209, "log10_alpha": 0.47080771750116845, "log10_colsample_bytree": -0.9243519034329526, "log10_eta": -3.868741872930213, "log10_lambda": -2.246972299398732, "log10_min_child_weight": 4.587219225128548, "log10_subsample": -0.14100350474609435, "max_depth": 7.0, "num_boost_round": 29.0}, "datetime": {"datetime": "2024-01-19 01:58:14", "elapsed": 6395.448613, "delta": 0.006437}}
{"target": -13.75852970186867, "params": {"gamma": 934.1290391240209, "log10_alpha": 0.47080771750116845, "log10_colsample_bytree": -0.9243519034329526, "log10_eta": -3.868741872930213, "log10_lambda": -2.246972299398732, "log10_min_child_weight": 4.587219225128548, "log10_subsample": -0.14100350474609435, "max_depth": 7.0, "num_boost_round": 30.0}, "datetime": {"datetime": "2024-01-19 01:58:14", "elapsed": 6395.454753, "delta": 0.00614}}
{"target": -13.758529412833205, "params": {"gamma": 934.1290391240209, "log10_alpha": 0.47080771750116845, "log10_colsample_bytree": -0.9243519034329526, "log10_eta": -3.868741872930213, "log10_lambda": -2.246972299398732, "log10_min_child_weight": 4.587219225128548, "log10_subsample": -0.14100350474609435, "max_depth": 7.0, "num_boost_round": 31.0}, "datetime": {"datetime": "2024-01-19 01:58:14", "elapsed": 6395.460925, "delta": 0.006172}}
{"target": -13.758529223241277, "params": {"gamma": 934.1290391240209, "log10_alpha": 0.47080771750116845, "log10_colsample_bytree": -0.9243519034329526, "log10_eta": -3.868741872930213, "log10_lambda": -2.246972299398732, "log10_min_child_weight": 4.587219225128548, "log10_subsample": -0.14100350474609435, "max_depth": 7.0, "num_boost_round": 32.0}, "datetime": {"datetime": "2024-01-19 01:58:14", "elapsed": 6395.467235, "delta": 0.00631}}
{"target": -13.758529258988178, "params": {"gamma": 934.1290391240209, "log10_alpha": 0.47080771750116845, "log10_colsample_bytree": -0.9243519034329526, "log10_eta": -3.868741872930213, "log10_lambda": -2.246972299398732, "log10_min_child_weight": 4.587219225128548, "log10_subsample": -0.14100350474609435, "max_depth": 7.0, "num_boost_round": 33.0}, "datetime": {"datetime": "2024-01-19 01:58:14", "elapsed": 6395.473477, "delta": 0.006242}}
