{"target": -13.757707622858886, "params": {"gamma": 979.590245633012, "log10_alpha": -1.344306944561425, "log10_colsample_bytree": -0.7814608482625123, "log10_eta": -2.417176507232539, "log10_lambda": -4.210368948498784, "log10_min_child_weight": 2.258850793826022, "log10_subsample": -0.28930425012038297, "max_depth": 3.0, "num_boost_round": 22.0}, "datetime": {"datetime": "2024-01-19 00:21:21", "elapsed": 582.600041, "delta": 0.001006}}
{"target": -13.757633132714725, "params": {"gamma": 979.590245633012, "log10_alpha": -1.344306944561425, "log10_colsample_bytree": -0.7814608482625123, "log10_eta": -2.417176507232539, "log10_lambda": -4.210368948498784, "log10_min_child_weight": 2.258850793826022, "log10_subsample": -0.28930425012038297, "max_depth": 3.0, "num_boost_round": 23.0}, "datetime": {"datetime": "2024-01-19 00:21:21", "elapsed": 582.601049, "delta": 0.001008}}
{"target": -13.757640257967713, "params": {"gamma": 979.590245633012, "log10_alpha": -1.344306944561425, "log10_colsample_bytree": -0.7814608482625123, "log10_eta": -2.417176507232539, "log10_lambda": -4.210368948498784, "log10_min_child_weight": 2.258850793826022, "log10_subsample": -0.28930425012038297, "max_depth": 3.0, "num_boost_round": 24.0}, "datetime": {"datetime": "2024-01-19 00:21:21", "elapsed": 582.60633, "delta": 0.005281}}
{"target": -13.757569293023169, "params": {"gamma": 979.590245633012, "log10_alpha": -1.344306944561425, "log10_colsample_bytree": -0.7814608482625123, "log10_eta": -2.417176507232539, "log10_lambda": -4.210368948498784, "log10_min_child_weight": 2.258850793826022, "log10_subsample": -0.28930425012038297, "max_depth": 3.0, "num_boost_round": 25.0}, "datetime": {"datetime": "2024-01-19 00:21:21", "elapsed": 582.607485, "delta": 0.001155}}
{"target": -13.757551406061594, "params": {"gamma": 979.590245633012, "log10_alpha": -1.344306944561425, "log10_colsample_bytree": -0.7814608482625123, "log10_eta": -2.417176507232539, "log10_lambda": -4.210368948498784, "log10_min_child_weight": 2.258850793826022, "log10_subsample": -0.28930425012038297, "max_depth": 3.0, "num_boost_round": 26.0}, "datetime": {"datetime": "2024-01-19 00:21:21", "elapsed": 582.608502, "delta": 0.001017}}
{"target": -13.757531868923609, "params": {"gamma": 979.590245633012, "log10_alpha": -1.344306944561425, "log10_colsample_bytree": -0.7814608482625123, "log10_eta": -2.417176507232539, "log10_lambda": -4.210368948498784, "log10_min_child_weight": 2.258850793826022, "log10_subsample": -0.28930425012038297, "max_depth": 3.0, "num_boost_round": 27.0}, "datetime": {"datetime": "2024-01-19 00:21:21", "elapsed": 582.60952, "delta": 0.001018}}
{"target": -13.757487712364794, "params": {"gamma": 979.590245633012, "log10_alpha": -1.344306944561425, "log10_colsample_bytree": -0.7814608482625123, "log10_eta": -2.417176507232539, "log10_lambda": -4.210368948498784, "log10_min_child_weight": 2.258850793826022, "log10_subsample": -0.28930425012038297, "max_depth": 3.0, "num_boost_round": 28.0}, "datetime": {"datetime": "2024-01-19 00:21:21", "elapsed": 582.610528, "delta": 0.001008}}
{"target": -13.757452627777987, "params": {"gamma": 979.590245633012, "log10_alpha": -1.344306944561425, "log10_colsample_bytree": -0.7814608482625123, "log10_eta": -2.417176507232539, "log10_lambda": -4.210368948498784, "log10_min_child_weight": 2.258850793826022, "log10_subsample": -0.28930425012038297, "max_depth": 3.0, "num_boost_round": 29.0}, "datetime": {"datetime": "2024-01-19 00:21:21", "elapsed": 582.611539, "delta": 0.001011}}
{"target": -13.757394580582183, "params": {"gamma": 979.590245633012, "log10_alpha": -1.344306944561425, "log10_colsample_bytree": -0.7814608482625123, "log10_eta": -2.417176507232539, "log10_lambda": -4.210368948498784, "log10_min_child_weight": 2.258850793826022, "log10_subsample": -0.28930425012038297, "max_depth": 3.0, "num_boost_round": 30.0}, "datetime": {"datetime": "2024-01-19 00:21:21", "elapsed": 582.612545, "delta": 0.001006}}
{"target": -13.757348747913463, "params": {"gamma": 979.590245633012, "log10_alpha": -1.344306944561425, "log10_colsample_bytree": -0.7814608482625123, "log10_eta": -2.417176507232539, "log10_lambda": -4.210368948498784, "log10_min_child_weight": 2.258850793826022, "log10_subsample": -0.28930425012038297, "max_depth": 3.0, "num_boost_round": 31.0}, "datetime": {"datetime": "2024-01-19 00:21:21", "elapsed": 582.613561, "delta": 0.001016}}
{"target": -13.757340713635173, "params": {"gamma": 979.590245633012, "log10_alpha": -1.344306944561425, "log10_colsample_bytree": -0.7814608482625123, "log10_eta": -2.417176507232539, "log10_lambda": -4.210368948498784, "log10_min_child_weight": 2.258850793826022, "log10_subsample": -0.28930425012038297, "max_depth": 3.0, "num_boost_round": 32.0}, "datetime": {"datetime": "2024-01-19 00:21:21", "elapsed": 582.614571, "delta": 0.00101}}
{"target": -13.757353201449847, "params": {"gamma": 979.590245633012, "log10_alpha": -1.344306944561425, "log10_colsample_bytree": -0.7814608482625123, "log10_eta": -2.417176507232539, "log10_lambda": -4.210368948498784, "log10_min_child_weight": 2.258850793826022, "log10_subsample": -0.28930425012038297, "max_depth": 3.0, "num_boost_round": 33.0}, "datetime": {"datetime": "2024-01-19 00:21:21", "elapsed": 582.615586, "delta": 0.001015}}
{"target": -13.75853503301663, "params": {"gamma": 983.8745479894654, "log10_alpha": -3.1010886762697156, "log10_colsample_bytree": -0.9450482567483612, "log10_eta": -2.8103808893282203, "log10_lambda": 0.7548966811415294, "log10_min_child_weight": 3.62123716801929, "log10_subsample": -0.34842962457491344, "max_depth": 3.0, "num_boost_round": 0.0}, "datetime": {"datetime": "2024-01-19 00:21:41", "elapsed": 602.319516, "delta": 19.70393}}
{"target": -13.758520338337458, "params": {"gamma": 983.8745479894654, "log10_alpha": -3.1010886762697156, "log10_colsample_bytree": -0.9450482567483612, "log10_eta": -2.8103808893282203, "log10_lambda": 0.7548966811415294, "log10_min_child_weight": 3.62123716801929, "log10_subsample": -0.34842962457491344, "max_depth": 3.0, "num_boost_round": 1.0}, "datetime": {"datetime": "2024-01-19 00:21:41", "elapsed": 602.321015, "delta": 0.001499}}
{"target": -13.758512872628229, "params": {"gamma": 983.8745479894654, "log10_alpha": -3.1010886762697156, "log10_colsample_bytree": -0.9450482567483612, "log10_eta": -2.8103808893282203, "log10_lambda": 0.7548966811415294, "log10_min_child_weight": 3.62123716801929, "log10_subsample": -0.34842962457491344, "max_depth": 3.0, "num_boost_round": 2.0}, "datetime": {"datetime": "2024-01-19 00:21:41", "elapsed": 602.322248, "delta": 0.001233}}
{"target": -13.75851000948979, "params": {"gamma": 983.8745479894654, "log10_alpha": -3.1010886762697156, "log10_colsample_bytree": -0.9450482567483612, "log10_eta": -2.8103808893282203, "log10_lambda": 0.7548966811415294, "log10_min_child_weight": 3.62123716801929, "log10_subsample": -0.34842962457491344, "max_depth": 3.0, "num_boost_round": 3.0}, "datetime": {"datetime": "2024-01-19 00:21:41", "elapsed": 602.323397, "delta": 0.001149}}
{"target": -13.758502354579552, "params": {"gamma": 983.8745479894654, "log10_alpha": -3.1010886762697156, "log10_colsample_bytree": -0.9450482567483612, "log10_eta": -2.8103808893282203, "log10_lambda": 0.7548966811415294, "log10_min_child_weight": 3.62123716801929, "log10_subsample": -0.34842962457491344, "max_depth": 3.0, "num_boost_round": 4.0}, "datetime": {"datetime": "2024-01-19 00:21:41", "elapsed": 602.324425, "delta": 0.001028}}
{"target": -13.758493369887262, "params": {"gamma": 983.8745479894654, "log10_alpha": -3.1010886762697156, "log10_colsample_bytree": -0.9450482567483612, "log10_eta": -2.8103808893282203, "log10_lambda": 0.7548966811415294, "log10_min_child_weight": 3.62123716801929, "log10_subsample": -0.34842962457491344, "max_depth": 3.0, "num_boost_round": 5.0}, "datetime": {"datetime": "2024-01-19 00:21:41", "elapsed": 602.325521, "delta": 0.001096}}
{"target": -13.758494954192551, "params": {"gamma": 983.8745479894654, "log10_alpha": -3.1010886762697156, "log10_colsample_bytree": -0.9450482567483612, "log10_eta": -2.8103808893282203, "log10_lambda": 0.7548966811415294, "log10_min_child_weight": 3.62123716801929, "log10_subsample": -0.34842962457491344, "max_depth": 3.0, "num_boost_round": 6.0}, "datetime": {"datetime": "2024-01-19 00:21:41", "elapsed": 602.3266, "delta": 0.001079}}
{"target": -13.758472954490404, "params": {"gamma": 983.8745479894654, "log10_alpha": -3.1010886762697156, "log10_colsample_bytree": -0.9450482567483612, "log10_eta": -2.8103808893282203, "log10_lambda": 0.7548966811415294, "log10_min_child_weight": 3.62123716801929, "log10_subsample": -0.34842962457491344, "max_depth": 3.0, "num_boost_round": 7.0}, "datetime": {"datetime": "2024-01-19 00:21:41", "elapsed": 602.327714, "delta": 0.001114}}
{"target": -13.75844441007787, "params": {"gamma": 983.8745479894654, "log10_alpha": -3.1010886762697156, "log10_colsample_bytree": -0.9450482567483612, "log10_eta": -2.8103808893282203, "log10_lambda": 0.7548966811415294, "log10_min_child_weight": 3.62123716801929, "log10_subsample": -0.34842962457491344, "max_depth": 3.0, "num_boost_round": 8.0}, "datetime": {"datetime": "2024-01-19 00:21:41", "elapsed": 602.329003, "delta": 0.001289}}
{"target": -13.758434232592188, "params": {"gamma": 983.8745479894654, "log10_alpha": -3.1010886762697156, "log10_colsample_bytree": -0.9450482567483612, "log10_eta": -2.8103808893282203, "log10_lambda": 0.7548966811415294, "log10_min_child_weight": 3.62123716801929, "log10_subsample": -0.34842962457491344, "max_depth": 3.0, "num_boost_round": 9.0}, "datetime": {"datetime": "2024-01-19 00:21:41", "elapsed": 602.330048, "delta": 0.001045}}
{"target": -13.758440121170498, "params": {"gamma": 983.8745479894654, "log10_alpha": -3.1010886762697156, "log10_colsample_bytree": -0.9450482567483612, "log10_eta": -2.8103808893282203, "log10_lambda": 0.7548966811415294, "log10_min_child_weight": 3.62123716801929, "log10_subsample": -0.34842962457491344, "max_depth": 3.0, "num_boost_round": 10.0}, "datetime": {"datetime": "2024-01-19 00:21:41", "elapsed": 602.331088, "delta": 0.00104}}
{"target": -13.758430205946913, "params": {"gamma": 983.8745479894654, "log10_alpha": -3.1010886762697156, "log10_colsample_bytree": -0.9450482567483612, "log10_eta": -2.8103808893282203, "log10_lambda": 0.7548966811415294, "log10_min_child_weight": 3.62123716801929, "log10_subsample": -0.34842962457491344, "max_depth": 3.0, "num_boost_round": 11.0}, "datetime": {"datetime": "2024-01-19 00:21:41", "elapsed": 602.332125, "delta": 0.001037}}
{"target": -13.758541213750284, "params": {"gamma": 976.318363780687, "log10_alpha": -1.7680209648339567, "log10_colsample_bytree": -0.2675719594612249, "log10_eta": -2.9365560883215545, "log10_lambda": -4.161710625628985, "log10_min_child_weight": 4.812411216199638, "log10_subsample": -0.0005770405761496011, "max_depth": 2.0, "num_boost_round": 0.0}, "datetime": {"datetime": "2024-01-19 00:22:06", "elapsed": 627.925119, "delta": 25.592994}}
{"target": -13.758544199094079, "params": {"gamma": 976.318363780687, "log10_alpha": -1.7680209648339567, "log10_colsample_bytree": -0.2675719594612249, "log10_eta": -2.9365560883215545, "log10_lambda": -4.161710625628985, "log10_min_child_weight": 4.812411216199638, "log10_subsample": -0.0005770405761496011, "max_depth": 2.0, "num_boost_round": 1.0}, "datetime": {"datetime": "2024-01-19 00:22:06", "elapsed": 627.926288, "delta": 0.001169}}
{"target": -13.758549756689177, "params": {"gamma": 976.318363780687, "log10_alpha": -1.7680209648339567, "log10_colsample_bytree": -0.2675719594612249, "log10_eta": -2.9365560883215545, "log10_lambda": -4.161710625628985, "log10_min_child_weight": 4.812411216199638, "log10_subsample": -0.0005770405761496011, "max_depth": 2.0, "num_boost_round": 2.0}, "datetime": {"datetime": "2024-01-19 00:22:06", "elapsed": 627.927354, "delta": 0.001066}}
{"target": -13.758550772589933, "params": {"gamma": 976.318363780687, "log10_alpha": -1.7680209648339567, "log10_colsample_bytree": -0.2675719594612249, "log10_eta": -2.9365560883215545, "log10_lambda": -4.161710625628985, "log10_min_child_weight": 4.812411216199638, "log10_subsample": -0.0005770405761496011, "max_depth": 2.0, "num_boost_round": 3.0}, "datetime": {"datetime": "2024-01-19 00:22:06", "elapsed": 627.928398, "delta": 0.001044}}
{"target": -13.758553000219022, "params": {"gamma": 976.318363780687, "log10_alpha": -1.7680209648339567, "log10_colsample_bytree": -0.2675719594612249, "log10_eta": -2.9365560883215545, "log10_lambda": -4.161710625628985, "log10_min_child_weight": 4.812411216199638, "log10_subsample": -0.0005770405761496011, "max_depth": 2.0, "num_boost_round": 4.0}, "datetime": {"datetime": "2024-01-19 00:22:06", "elapsed": 627.930046, "delta": 0.001648}}
{"target": -13.758551797131611, "params": {"gamma": 976.318363780687, "log10_alpha": -1.7680209648339567, "log10_colsample_bytree": -0.2675719594612249, "log10_eta": -2.9365560883215545, "log10_lambda": -4.161710625628985, "log10_min_child_weight": 4.812411216199638, "log10_subsample": -0.0005770405761496011, "max_depth": 2.0, "num_boost_round": 5.0}, "datetime": {"datetime": "2024-01-19 00:22:06", "elapsed": 627.931338, "delta": 0.001292}}
{"target": -13.758555721971177, "params": {"gamma": 976.318363780687, "log10_alpha": -1.7680209648339567, "log10_colsample_bytree": -0.2675719594612249, "log10_eta": -2.9365560883215545, "log10_lambda": -4.161710625628985, "log10_min_child_weight": 4.812411216199638, "log10_subsample": -0.0005770405761496011, "max_depth": 2.0, "num_boost_round": 6.0}, "datetime": {"datetime": "2024-01-19 00:22:06", "elapsed": 627.932392, "delta": 0.001054}}
{"target": -13.758560737151672, "params": {"gamma": 976.318363780687, "log10_alpha": -1.7680209648339567, "log10_colsample_bytree": -0.2675719594612249, "log10_eta": -2.9365560883215545, "log10_lambda": -4.161710625628985, "log10_min_child_weight": 4.812411216199638, "log10_subsample": -0.0005770405761496011, "max_depth": 2.0, "num_boost_round": 7.0}, "datetime": {"datetime": "2024-01-19 00:22:06", "elapsed": 627.933439, "delta": 0.001047}}
{"target": -13.758561987329378, "params": {"gamma": 976.318363780687, "log10_alpha": -1.7680209648339567, "log10_colsample_bytree": -0.2675719594612249, "log10_eta": -2.9365560883215545, "log10_lambda": -4.161710625628985, "log10_min_child_weight": 4.812411216199638, "log10_subsample": -0.0005770405761496011, "max_depth": 2.0, "num_boost_round": 8.0}, "datetime": {"datetime": "2024-01-19 00:22:06", "elapsed": 627.934538, "delta": 0.001099}}
{"target": -13.758560898971705, "params": {"gamma": 976.318363780687, "log10_alpha": -1.7680209648339567, "log10_colsample_bytree": -0.2675719594612249, "log10_eta": -2.9365560883215545, "log10_lambda": -4.161710625628985, "log10_min_child_weight": 4.812411216199638, "log10_subsample": -0.0005770405761496011, "max_depth": 2.0, "num_boost_round": 9.0}, "datetime": {"datetime": "2024-01-19 00:22:06", "elapsed": 627.935602, "delta": 0.001064}}
{"target": -13.75855472884966, "params": {"gamma": 976.318363780687, "log10_alpha": -1.7680209648339567, "log10_colsample_bytree": -0.2675719594612249, "log10_eta": -2.9365560883215545, "log10_lambda": -4.161710625628985, "log10_min_child_weight": 4.812411216199638, "log10_subsample": -0.0005770405761496011, "max_depth": 2.0, "num_boost_round": 10.0}, "datetime": {"datetime": "2024-01-19 00:22:06", "elapsed": 627.936682, "delta": 0.00108}}
{"target": -13.758550848623482, "params": {"gamma": 976.318363780687, "log10_alpha": -1.7680209648339567, "log10_colsample_bytree": -0.2675719594612249, "log10_eta": -2.9365560883215545, "log10_lambda": -4.161710625628985, "log10_min_child_weight": 4.812411216199638, "log10_subsample": -0.0005770405761496011, "max_depth": 2.0, "num_boost_round": 11.0}, "datetime": {"datetime": "2024-01-19 00:22:06", "elapsed": 627.937803, "delta": 0.001121}}
{"target": -13.758555014061747, "params": {"gamma": 976.318363780687, "log10_alpha": -1.7680209648339567, "log10_colsample_bytree": -0.2675719594612249, "log10_eta": -2.9365560883215545, "log10_lambda": -4.161710625628985, "log10_min_child_weight": 4.812411216199638, "log10_subsample": -0.0005770405761496011, "max_depth": 2.0, "num_boost_round": 12.0}, "datetime": {"datetime": "2024-01-19 00:22:06", "elapsed": 627.938865, "delta": 0.001062}}
{"target": -13.758557485105934, "params": {"gamma": 976.318363780687, "log10_alpha": -1.7680209648339567, "log10_colsample_bytree": -0.2675719594612249, "log10_eta": -2.9365560883215545, "log10_lambda": -4.161710625628985, "log10_min_child_weight": 4.812411216199638, "log10_subsample": -0.0005770405761496011, "max_depth": 2.0, "num_boost_round": 13.0}, "datetime": {"datetime": "2024-01-19 00:22:06", "elapsed": 627.939915, "delta": 0.00105}}
{"target": -13.758559342868779, "params": {"gamma": 976.318363780687, "log10_alpha": -1.7680209648339567, "log10_colsample_bytree": -0.2675719594612249, "log10_eta": -2.9365560883215545, "log10_lambda": -4.161710625628985, "log10_min_child_weight": 4.812411216199638, "log10_subsample": -0.0005770405761496011, "max_depth": 2.0, "num_boost_round": 14.0}, "datetime": {"datetime": "2024-01-19 00:22:06", "elapsed": 627.940979, "delta": 0.001064}}
{"target": -13.758558120253037, "params": {"gamma": 976.318363780687, "log10_alpha": -1.7680209648339567, "log10_colsample_bytree": -0.2675719594612249, "log10_eta": -2.9365560883215545, "log10_lambda": -4.161710625628985, "log10_min_child_weight": 4.812411216199638, "log10_subsample": -0.0005770405761496011, "max_depth": 2.0, "num_boost_round": 15.0}, "datetime": {"datetime": "2024-01-19 00:22:06", "elapsed": 627.94204, "delta": 0.001061}}
{"target": -13.758549585358923, "params": {"gamma": 976.318363780687, "log10_alpha": -1.7680209648339567, "log10_colsample_bytree": -0.2675719594612249, "log10_eta": -2.9365560883215545, "log10_lambda": -4.161710625628985, "log10_min_child_weight": 4.812411216199638, "log10_subsample": -0.0005770405761496011, "max_depth": 2.0, "num_boost_round": 16.0}, "datetime": {"datetime": "2024-01-19 00:22:06", "elapsed": 627.943093, "delta": 0.001053}}
{"target": -13.758553919827337, "params": {"gamma": 976.318363780687, "log10_alpha": -1.7680209648339567, "log10_colsample_bytree": -0.2675719594612249, "log10_eta": -2.9365560883215545, "log10_lambda": -4.161710625628985, "log10_min_child_weight": 4.812411216199638, "log10_subsample": -0.0005770405761496011, "max_depth": 2.0, "num_boost_round": 17.0}, "datetime": {"datetime": "2024-01-19 00:22:06", "elapsed": 627.944161, "delta": 0.001068}}
{"target": -13.758555519109446, "params": {"gamma": 976.318363780687, "log10_alpha": -1.7680209648339567, "log10_colsample_bytree": -0.2675719594612249, "log10_eta": -2.9365560883215545, "log10_lambda": -4.161710625628985, "log10_min_child_weight": 4.812411216199638, "log10_subsample": -0.0005770405761496011, "max_depth": 2.0, "num_boost_round": 18.0}, "datetime": {"datetime": "2024-01-19 00:22:06", "elapsed": 627.945227, "delta": 0.001066}}
{"target": -13.758551796491398, "params": {"gamma": 976.318363780687, "log10_alpha": -1.7680209648339567, "log10_colsample_bytree": -0.2675719594612249, "log10_eta": -2.9365560883215545, "log10_lambda": -4.161710625628985, "log10_min_child_weight": 4.812411216199638, "log10_subsample": -0.0005770405761496011, "max_depth": 2.0, "num_boost_round": 19.0}, "datetime": {"datetime": "2024-01-19 00:22:06", "elapsed": 627.946392, "delta": 0.001165}}
{"target": -13.758553044609688, "params": {"gamma": 976.318363780687, "log10_alpha": -1.7680209648339567, "log10_colsample_bytree": -0.2675719594612249, "log10_eta": -2.9365560883215545, "log10_lambda": -4.161710625628985, "log10_min_child_weight": 4.812411216199638, "log10_subsample": -0.0005770405761496011, "max_depth": 2.0, "num_boost_round": 20.0}, "datetime": {"datetime": "2024-01-19 00:22:06", "elapsed": 627.94748, "delta": 0.001088}}
{"target": -13.758554711445061, "params": {"gamma": 976.318363780687, "log10_alpha": -1.7680209648339567, "log10_colsample_bytree": -0.2675719594612249, "log10_eta": -2.9365560883215545, "log10_lambda": -4.161710625628985, "log10_min_child_weight": 4.812411216199638, "log10_subsample": -0.0005770405761496011, "max_depth": 2.0, "num_boost_round": 21.0}, "datetime": {"datetime": "2024-01-19 00:22:06", "elapsed": 627.948536, "delta": 0.001056}}
{"target": -13.758555395130836, "params": {"gamma": 976.318363780687, "log10_alpha": -1.7680209648339567, "log10_colsample_bytree": -0.2675719594612249, "log10_eta": -2.9365560883215545, "log10_lambda": -4.161710625628985, "log10_min_child_weight": 4.812411216199638, "log10_subsample": -0.0005770405761496011, "max_depth": 2.0, "num_boost_round": 22.0}, "datetime": {"datetime": "2024-01-19 00:22:06", "elapsed": 627.949596, "delta": 0.00106}}
{"target": -13.758551751233364, "params": {"gamma": 976.318363780687, "log10_alpha": -1.7680209648339567, "log10_colsample_bytree": -0.2675719594612249, "log10_eta": -2.9365560883215545, "log10_lambda": -4.161710625628985, "log10_min_child_weight": 4.812411216199638, "log10_subsample": -0.0005770405761496011, "max_depth": 2.0, "num_boost_round": 23.0}, "datetime": {"datetime": "2024-01-19 00:22:06", "elapsed": 627.950656, "delta": 0.00106}}
{"target": -13.758554532602219, "params": {"gamma": 976.318363780687, "log10_alpha": -1.7680209648339567, "log10_colsample_bytree": -0.2675719594612249, "log10_eta": -2.9365560883215545, "log10_lambda": -4.161710625628985, "log10_min_child_weight": 4.812411216199638, "log10_subsample": -0.0005770405761496011, "max_depth": 2.0, "num_boost_round": 24.0}, "datetime": {"datetime": "2024-01-19 00:22:06", "elapsed": 627.951715, "delta": 0.001059}}
