{"target": -13.758578761035926, "params": {"gamma": 712.0023525785934, "log10_alpha": 0.8084551984446442, "log10_colsample_bytree": -0.0274589928247293, "log10_eta": -2.8281813216063516, "log10_lambda": -1.3698874549713018, "log10_min_child_weight": 3.9476950931600236, "log10_subsample": -0.7244393512891903, "max_depth": 8.0, "num_boost_round": 51.0}, "datetime": {"datetime": "2024-01-19 01:55:36", "elapsed": 6235.587351, "delta": 0.006047}}
{"target": -13.758589364514911, "params": {"gamma": 712.0023525785934, "log10_alpha": 0.8084551984446442, "log10_colsample_bytree": -0.0274589928247293, "log10_eta": -2.8281813216063516, "log10_lambda": -1.3698874549713018, "log10_min_child_weight": 3.9476950931600236, "log10_subsample": -0.7244393512891903, "max_depth": 8.0, "num_boost_round": 52.0}, "datetime": {"datetime": "2024-01-19 01:55:36", "elapsed": 6235.593631, "delta": 0.00628}}
{"target": -13.7585984676063, "params": {"gamma": 712.0023525785934, "log10_alpha": 0.8084551984446442, "log10_colsample_bytree": -0.0274589928247293, "log10_eta": -2.8281813216063516, "log10_lambda": -1.3698874549713018, "log10_min_child_weight": 3.9476950931600236, "log10_subsample": -0.7244393512891903, "max_depth": 8.0, "num_boost_round": 53.0}, "datetime": {"datetime": "2024-01-19 01:55:36", "elapsed": 6235.600397, "delta": 0.006766}}
{"target": -13.75861496478072, "params": {"gamma": 712.0023525785934, "log10_alpha": 0.8084551984446442, "log10_colsample_bytree": -0.0274589928247293, "log10_eta": -2.8281813216063516, "log10_lambda": -1.3698874549713018, "log10_min_child_weight": 3.9476950931600236, "log10_subsample": -0.7244393512891903, "max_depth": 8.0, "num_boost_round": 54.0}, "datetime": {"datetime": "2024-01-19 01:55:36", "elapsed": 6235.607146, "delta": 0.006749}}
{"target": -13.758620779596106, "params": {"gamma": 712.0023525785934, "log10_alpha": 0.8084551984446442, "log10_colsample_bytree": -0.0274589928247293, "log10_eta": -2.8281813216063516, "log10_lambda": -1.3698874549713018, "log10_min_child_weight": 3.9476950931600236, "log10_subsample": -0.7244393512891903, "max_depth": 8.0, "num_boost_round": 55.0}, "datetime": {"datetime": "2024-01-19 01:55:36", "elapsed": 6235.613316, "delta": 0.00617}}
{"target": -13.758621858148967, "params": {"gamma": 712.0023525785934, "log10_alpha": 0.8084551984446442, "log10_colsample_bytree": -0.0274589928247293, "log10_eta": -2.8281813216063516, "log10_lambda": -1.3698874549713018, "log10_min_child_weight": 3.9476950931600236, "log10_subsample": -0.7244393512891903, "max_depth": 8.0, "num_boost_round": 56.0}, "datetime": {"datetime": "2024-01-19 01:55:36", "elapsed": 6235.619504, "delta": 0.006188}}
{"target": -13.758623063646219, "params": {"gamma": 712.0023525785934, "log10_alpha": 0.8084551984446442, "log10_colsample_bytree": -0.0274589928247293, "log10_eta": -2.8281813216063516, "log10_lambda": -1.3698874549713018, "log10_min_child_weight": 3.9476950931600236, "log10_subsample": -0.7244393512891903, "max_depth": 8.0, "num_boost_round": 57.0}, "datetime": {"datetime": "2024-01-19 01:55:36", "elapsed": 6235.625564, "delta": 0.00606}}
{"target": -13.758620754998587, "params": {"gamma": 712.0023525785934, "log10_alpha": 0.8084551984446442, "log10_colsample_bytree": -0.0274589928247293, "log10_eta": -2.8281813216063516, "log10_lambda": -1.3698874549713018, "log10_min_child_weight": 3.9476950931600236, "log10_subsample": -0.7244393512891903, "max_depth": 8.0, "num_boost_round": 58.0}, "datetime": {"datetime": "2024-01-19 01:55:36", "elapsed": 6235.631752, "delta": 0.006188}}
{"target": -13.758626881155635, "params": {"gamma": 712.0023525785934, "log10_alpha": 0.8084551984446442, "log10_colsample_bytree": -0.0274589928247293, "log10_eta": -2.8281813216063516, "log10_lambda": -1.3698874549713018, "log10_min_child_weight": 3.9476950931600236, "log10_subsample": -0.7244393512891903, "max_depth": 8.0, "num_boost_round": 59.0}, "datetime": {"datetime": "2024-01-19 01:55:36", "elapsed": 6235.637996, "delta": 0.006244}}
{"target": -13.75862809878398, "params": {"gamma": 712.0023525785934, "log10_alpha": 0.8084551984446442, "log10_colsample_bytree": -0.0274589928247293, "log10_eta": -2.8281813216063516, "log10_lambda": -1.3698874549713018, "log10_min_child_weight": 3.9476950931600236, "log10_subsample": -0.7244393512891903, "max_depth": 8.0, "num_boost_round": 60.0}, "datetime": {"datetime": "2024-01-19 01:55:36", "elapsed": 6235.644182, "delta": 0.006186}}
{"target": -13.758631595955054, "params": {"gamma": 712.0023525785934, "log10_alpha": 0.8084551984446442, "log10_colsample_bytree": -0.0274589928247293, "log10_eta": -2.8281813216063516, "log10_lambda": -1.3698874549713018, "log10_min_child_weight": 3.9476950931600236, "log10_subsample": -0.7244393512891903, "max_depth": 8.0, "num_boost_round": 61.0}, "datetime": {"datetime": "2024-01-19 01:55:36", "elapsed": 6235.651424, "delta": 0.007242}}
{"target": -13.758639959540782, "params": {"gamma": 712.0023525785934, "log10_alpha": 0.8084551984446442, "log10_colsample_bytree": -0.0274589928247293, "log10_eta": -2.8281813216063516, "log10_lambda": -1.3698874549713018, "log10_min_child_weight": 3.9476950931600236, "log10_subsample": -0.7244393512891903, "max_depth": 8.0, "num_boost_round": 62.0}, "datetime": {"datetime": "2024-01-19 01:55:36", "elapsed": 6235.657911, "delta": 0.006487}}
{"target": -13.758640525136265, "params": {"gamma": 712.0023525785934, "log10_alpha": 0.8084551984446442, "log10_colsample_bytree": -0.0274589928247293, "log10_eta": -2.8281813216063516, "log10_lambda": -1.3698874549713018, "log10_min_child_weight": 3.9476950931600236, "log10_subsample": -0.7244393512891903, "max_depth": 8.0, "num_boost_round": 63.0}, "datetime": {"datetime": "2024-01-19 01:55:36", "elapsed": 6235.664222, "delta": 0.006311}}
{"target": -13.758645010775231, "params": {"gamma": 712.0023525785934, "log10_alpha": 0.8084551984446442, "log10_colsample_bytree": -0.0274589928247293, "log10_eta": -2.8281813216063516, "log10_lambda": -1.3698874549713018, "log10_min_child_weight": 3.9476950931600236, "log10_subsample": -0.7244393512891903, "max_depth": 8.0, "num_boost_round": 64.0}, "datetime": {"datetime": "2024-01-19 01:55:36", "elapsed": 6235.670615, "delta": 0.006393}}
{"target": -13.75864123176617, "params": {"gamma": 712.0023525785934, "log10_alpha": 0.8084551984446442, "log10_colsample_bytree": -0.0274589928247293, "log10_eta": -2.8281813216063516, "log10_lambda": -1.3698874549713018, "log10_min_child_weight": 3.9476950931600236, "log10_subsample": -0.7244393512891903, "max_depth": 8.0, "num_boost_round": 65.0}, "datetime": {"datetime": "2024-01-19 01:55:36", "elapsed": 6235.677254, "delta": 0.006639}}
{"target": -13.758653569204816, "params": {"gamma": 712.0023525785934, "log10_alpha": 0.8084551984446442, "log10_colsample_bytree": -0.0274589928247293, "log10_eta": -2.8281813216063516, "log10_lambda": -1.3698874549713018, "log10_min_child_weight": 3.9476950931600236, "log10_subsample": -0.7244393512891903, "max_depth": 8.0, "num_boost_round": 66.0}, "datetime": {"datetime": "2024-01-19 01:55:36", "elapsed": 6235.683829, "delta": 0.006575}}
{"target": -13.75864510278449, "params": {"gamma": 712.0023525785934, "log10_alpha": 0.8084551984446442, "log10_colsample_bytree": -0.0274589928247293, "log10_eta": -2.8281813216063516, "log10_lambda": -1.3698874549713018, "log10_min_child_weight": 3.9476950931600236, "log10_subsample": -0.7244393512891903, "max_depth": 8.0, "num_boost_round": 67.0}, "datetime": {"datetime": "2024-01-19 01:55:36", "elapsed": 6235.690061, "delta": 0.006232}}
{"target": -13.758668121371445, "params": {"gamma": 712.0023525785934, "log10_alpha": 0.8084551984446442, "log10_colsample_bytree": -0.0274589928247293, "log10_eta": -2.8281813216063516, "log10_lambda": -1.3698874549713018, "log10_min_child_weight": 3.9476950931600236, "log10_subsample": -0.7244393512891903, "max_depth": 8.0, "num_boost_round": 68.0}, "datetime": {"datetime": "2024-01-19 01:55:36", "elapsed": 6235.696385, "delta": 0.006324}}
{"target": -13.758684886724451, "params": {"gamma": 712.0023525785934, "log10_alpha": 0.8084551984446442, "log10_colsample_bytree": -0.0274589928247293, "log10_eta": -2.8281813216063516, "log10_lambda": -1.3698874549713018, "log10_min_child_weight": 3.9476950931600236, "log10_subsample": -0.7244393512891903, "max_depth": 8.0, "num_boost_round": 69.0}, "datetime": {"datetime": "2024-01-19 01:55:36", "elapsed": 6235.703048, "delta": 0.006663}}
{"target": -13.758684434062808, "params": {"gamma": 712.0023525785934, "log10_alpha": 0.8084551984446442, "log10_colsample_bytree": -0.0274589928247293, "log10_eta": -2.8281813216063516, "log10_lambda": -1.3698874549713018, "log10_min_child_weight": 3.9476950931600236, "log10_subsample": -0.7244393512891903, "max_depth": 8.0, "num_boost_round": 70.0}, "datetime": {"datetime": "2024-01-19 01:55:36", "elapsed": 6235.709441, "delta": 0.006393}}
{"target": -13.75869095276677, "params": {"gamma": 712.0023525785934, "log10_alpha": 0.8084551984446442, "log10_colsample_bytree": -0.0274589928247293, "log10_eta": -2.8281813216063516, "log10_lambda": -1.3698874549713018, "log10_min_child_weight": 3.9476950931600236, "log10_subsample": -0.7244393512891903, "max_depth": 8.0, "num_boost_round": 71.0}, "datetime": {"datetime": "2024-01-19 01:55:36", "elapsed": 6235.715999, "delta": 0.006558}}
{"target": -13.758698968692922, "params": {"gamma": 712.0023525785934, "log10_alpha": 0.8084551984446442, "log10_colsample_bytree": -0.0274589928247293, "log10_eta": -2.8281813216063516, "log10_lambda": -1.3698874549713018, "log10_min_child_weight": 3.9476950931600236, "log10_subsample": -0.7244393512891903, "max_depth": 8.0, "num_boost_round": 72.0}, "datetime": {"datetime": "2024-01-19 01:55:36", "elapsed": 6235.723467, "delta": 0.007468}}
{"target": -13.75869890974743, "params": {"gamma": 712.0023525785934, "log10_alpha": 0.8084551984446442, "log10_colsample_bytree": -0.0274589928247293, "log10_eta": -2.8281813216063516, "log10_lambda": -1.3698874549713018, "log10_min_child_weight": 3.9476950931600236, "log10_subsample": -0.7244393512891903, "max_depth": 8.0, "num_boost_round": 73.0}, "datetime": {"datetime": "2024-01-19 01:55:36", "elapsed": 6235.730508, "delta": 0.007041}}
{"target": -13.758704444649588, "params": {"gamma": 712.0023525785934, "log10_alpha": 0.8084551984446442, "log10_colsample_bytree": -0.0274589928247293, "log10_eta": -2.8281813216063516, "log10_lambda": -1.3698874549713018, "log10_min_child_weight": 3.9476950931600236, "log10_subsample": -0.7244393512891903, "max_depth": 8.0, "num_boost_round": 74.0}, "datetime": {"datetime": "2024-01-19 01:55:36", "elapsed": 6235.737277, "delta": 0.006769}}
{"target": -13.758701443786258, "params": {"gamma": 712.0023525785934, "log10_alpha": 0.8084551984446442, "log10_colsample_bytree": -0.0274589928247293, "log10_eta": -2.8281813216063516, "log10_lambda": -1.3698874549713018, "log10_min_child_weight": 3.9476950931600236, "log10_subsample": -0.7244393512891903, "max_depth": 8.0, "num_boost_round": 75.0}, "datetime": {"datetime": "2024-01-19 01:55:36", "elapsed": 6235.744166, "delta": 0.006889}}
{"target": -13.758692104484867, "params": {"gamma": 712.0023525785934, "log10_alpha": 0.8084551984446442, "log10_colsample_bytree": -0.0274589928247293, "log10_eta": -2.8281813216063516, "log10_lambda": -1.3698874549713018, "log10_min_child_weight": 3.9476950931600236, "log10_subsample": -0.7244393512891903, "max_depth": 8.0, "num_boost_round": 76.0}, "datetime": {"datetime": "2024-01-19 01:55:36", "elapsed": 6235.750876, "delta": 0.00671}}
{"target": -13.758695527692012, "params": {"gamma": 712.0023525785934, "log10_alpha": 0.8084551984446442, "log10_colsample_bytree": -0.0274589928247293, "log10_eta": -2.8281813216063516, "log10_lambda": -1.3698874549713018, "log10_min_child_weight": 3.9476950931600236, "log10_subsample": -0.7244393512891903, "max_depth": 8.0, "num_boost_round": 77.0}, "datetime": {"datetime": "2024-01-19 01:55:36", "elapsed": 6235.868994, "delta": 0.118118}}
{"target": -13.758712646749178, "params": {"gamma": 712.0023525785934, "log10_alpha": 0.8084551984446442, "log10_colsample_bytree": -0.0274589928247293, "log10_eta": -2.8281813216063516, "log10_lambda": -1.3698874549713018, "log10_min_child_weight": 3.9476950931600236, "log10_subsample": -0.7244393512891903, "max_depth": 8.0, "num_boost_round": 78.0}, "datetime": {"datetime": "2024-01-19 01:55:36", "elapsed": 6235.876429, "delta": 0.007435}}
{"target": -13.758711783457006, "params": {"gamma": 712.0023525785934, "log10_alpha": 0.8084551984446442, "log10_colsample_bytree": -0.0274589928247293, "log10_eta": -2.8281813216063516, "log10_lambda": -1.3698874549713018, "log10_min_child_weight": 3.9476950931600236, "log10_subsample": -0.7244393512891903, "max_depth": 8.0, "num_boost_round": 79.0}, "datetime": {"datetime": "2024-01-19 01:55:36", "elapsed": 6235.883182, "delta": 0.006753}}
{"target": -13.758687724395395, "params": {"gamma": 712.0023525785934, "log10_alpha": 0.8084551984446442, "log10_colsample_bytree": -0.0274589928247293, "log10_eta": -2.8281813216063516, "log10_lambda": -1.3698874549713018, "log10_min_child_weight": 3.9476950931600236, "log10_subsample": -0.7244393512891903, "max_depth": 8.0, "num_boost_round": 80.0}, "datetime": {"datetime": "2024-01-19 01:55:36", "elapsed": 6235.88969, "delta": 0.006508}}
{"target": -13.758438492258831, "params": {"gamma": 707.1679999358021, "log10_alpha": -1.8985805745017492, "log10_colsample_bytree": -0.1083078217525485, "log10_eta": -1.6987145932274297, "log10_lambda": -4.3917518082489115, "log10_min_child_weight": 4.756318925832687, "log10_subsample": -0.9030309279574156, "max_depth": 2.0, "num_boost_round": 0.0}, "datetime": {"datetime": "2024-01-19 01:57:14", "elapsed": 6333.507257, "delta": 97.617567}}
{"target": -13.75836953423938, "params": {"gamma": 707.1679999358021, "log10_alpha": -1.8985805745017492, "log10_colsample_bytree": -0.1083078217525485, "log10_eta": -1.6987145932274297, "log10_lambda": -4.3917518082489115, "log10_min_child_weight": 4.756318925832687, "log10_subsample": -0.9030309279574156, "max_depth": 2.0, "num_boost_round": 1.0}, "datetime": {"datetime": "2024-01-19 01:57:14", "elapsed": 6333.514677, "delta": 0.00742}}
{"target": -13.758327826684342, "params": {"gamma": 707.1679999358021, "log10_alpha": -1.8985805745017492, "log10_colsample_bytree": -0.1083078217525485, "log10_eta": -1.6987145932274297, "log10_lambda": -4.3917518082489115, "log10_min_child_weight": 4.756318925832687, "log10_subsample": -0.9030309279574156, "max_depth": 2.0, "num_boost_round": 2.0}, "datetime": {"datetime": "2024-01-19 01:57:14", "elapsed": 6333.520768, "delta": 0.006091}}
{"target": -13.758277885754074, "params": {"gamma": 707.1679999358021, "log10_alpha": -1.8985805745017492, "log10_colsample_bytree": -0.1083078217525485, "log10_eta": -1.6987145932274297, "log10_lambda": -4.3917518082489115, "log10_min_child_weight": 4.756318925832687, "log10_subsample": -0.9030309279574156, "max_depth": 2.0, "num_boost_round": 3.0}, "datetime": {"datetime": "2024-01-19 01:57:14", "elapsed": 6333.527306, "delta": 0.006538}}
{"target": -13.758247266392932, "params": {"gamma": 707.1679999358021, "log10_alpha": -1.8985805745017492, "log10_colsample_bytree": -0.1083078217525485, "log10_eta": -1.6987145932274297, "log10_lambda": -4.3917518082489115, "log10_min_child_weight": 4.756318925832687, "log10_subsample": -0.9030309279574156, "max_depth": 2.0, "num_boost_round": 4.0}, "datetime": {"datetime": "2024-01-19 01:57:14", "elapsed": 6333.534074, "delta": 0.006768}}
{"target": -13.758201145871487, "params": {"gamma": 707.1679999358021, "log10_alpha": -1.8985805745017492, "log10_colsample_bytree": -0.1083078217525485, "log10_eta": -1.6987145932274297, "log10_lambda": -4.3917518082489115, "log10_min_child_weight": 4.756318925832687, "log10_subsample": -0.9030309279574156, "max_depth": 2.0, "num_boost_round": 5.0}, "datetime": {"datetime": "2024-01-19 01:57:14", "elapsed": 6333.541183, "delta": 0.007109}}
{"target": -13.758160893029752, "params": {"gamma": 707.1679999358021, "log10_alpha": -1.8985805745017492, "log10_colsample_bytree": -0.1083078217525485, "log10_eta": -1.6987145932274297, "log10_lambda": -4.3917518082489115, "log10_min_child_weight": 4.756318925832687, "log10_subsample": -0.9030309279574156, "max_depth": 2.0, "num_boost_round": 6.0}, "datetime": {"datetime": "2024-01-19 01:57:14", "elapsed": 6333.548652, "delta": 0.007469}}
{"target": -13.758133011186079, "params": {"gamma": 707.1679999358021, "log10_alpha": -1.8985805745017492, "log10_colsample_bytree": -0.1083078217525485, "log10_eta": -1.6987145932274297, "log10_lambda": -4.3917518082489115, "log10_min_child_weight": 4.756318925832687, "log10_subsample": -0.9030309279574156, "max_depth": 2.0, "num_boost_round": 7.0}, "datetime": {"datetime": "2024-01-19 01:57:14", "elapsed": 6333.555258, "delta": 0.006606}}
{"target": -13.758162789569688, "params": {"gamma": 707.1679999358021, "log10_alpha": -1.8985805745017492, "log10_colsample_bytree": -0.1083078217525485, "log10_eta": -1.6987145932274297, "log10_lambda": -4.3917518082489115, "log10_min_child_weight": 4.756318925832687, "log10_subsample": -0.9030309279574156, "max_depth": 2.0, "num_boost_round": 8.0}, "datetime": {"datetime": "2024-01-19 01:57:14", "elapsed": 6333.561333, "delta": 0.006075}}
{"target": -13.758202046826032, "params": {"gamma": 707.1679999358021, "log10_alpha": -1.8985805745017492, "log10_colsample_bytree": -0.1083078217525485, "log10_eta": -1.6987145932274297, "log10_lambda": -4.3917518082489115, "log10_min_child_weight": 4.756318925832687, "log10_subsample": -0.9030309279574156, "max_depth": 2.0, "num_boost_round": 9.0}, "datetime": {"datetime": "2024-01-19 01:57:14", "elapsed": 6333.567413, "delta": 0.00608}}
{"target": -13.758189157798316, "params": {"gamma": 707.1679999358021, "log10_alpha": -1.8985805745017492, "log10_colsample_bytree": -0.1083078217525485, "log10_eta": -1.6987145932274297, "log10_lambda": -4.3917518082489115, "log10_min_child_weight": 4.756318925832687, "log10_subsample": -0.9030309279574156, "max_depth": 2.0, "num_boost_round": 10.0}, "datetime": {"datetime": "2024-01-19 01:57:14", "elapsed": 6333.573595, "delta": 0.006182}}
{"target": -13.758138277540068, "params": {"gamma": 707.1679999358021, "log10_alpha": -1.8985805745017492, "log10_colsample_bytree": -0.1083078217525485, "log10_eta": -1.6987145932274297, "log10_lambda": -4.3917518082489115, "log10_min_child_weight": 4.756318925832687, "log10_subsample": -0.9030309279574156, "max_depth": 2.0, "num_boost_round": 11.0}, "datetime": {"datetime": "2024-01-19 01:57:14", "elapsed": 6333.579941, "delta": 0.006346}}
{"target": -13.758186883091598, "params": {"gamma": 707.1679999358021, "log10_alpha": -1.8985805745017492, "log10_colsample_bytree": -0.1083078217525485, "log10_eta": -1.6987145932274297, "log10_lambda": -4.3917518082489115, "log10_min_child_weight": 4.756318925832687, "log10_subsample": -0.9030309279574156, "max_depth": 2.0, "num_boost_round": 12.0}, "datetime": {"datetime": "2024-01-19 01:57:14", "elapsed": 6333.586344, "delta": 0.006403}}
{"target": -13.758213154825837, "params": {"gamma": 707.1679999358021, "log10_alpha": -1.8985805745017492, "log10_colsample_bytree": -0.1083078217525485, "log10_eta": -1.6987145932274297, "log10_lambda": -4.3917518082489115, "log10_min_child_weight": 4.756318925832687, "log10_subsample": -0.9030309279574156, "max_depth": 2.0, "num_boost_round": 13.0}, "datetime": {"datetime": "2024-01-19 01:57:14", "elapsed": 6333.592585, "delta": 0.006241}}
{"target": -13.758243805193581, "params": {"gamma": 707.1679999358021, "log10_alpha": -1.8985805745017492, "log10_colsample_bytree": -0.1083078217525485, "log10_eta": -1.6987145932274297, "log10_lambda": -4.3917518082489115, "log10_min_child_weight": 4.756318925832687, "log10_subsample": -0.9030309279574156, "max_depth": 2.0, "num_boost_round": 14.0}, "datetime": {"datetime": "2024-01-19 01:57:14", "elapsed": 6333.598599, "delta": 0.006014}}
{"target": -13.758268171801499, "params": {"gamma": 707.1679999358021, "log10_alpha": -1.8985805745017492, "log10_colsample_bytree": -0.1083078217525485, "log10_eta": -1.6987145932274297, "log10_lambda": -4.3917518082489115, "log10_min_child_weight": 4.756318925832687, "log10_subsample": -0.9030309279574156, "max_depth": 2.0, "num_boost_round": 15.0}, "datetime": {"datetime": "2024-01-19 01:57:14", "elapsed": 6333.604868, "delta": 0.006269}}
{"target": -13.758219148971985, "params": {"gamma": 707.1679999358021, "log10_alpha": -1.8985805745017492, "log10_colsample_bytree": -0.1083078217525485, "log10_eta": -1.6987145932274297, "log10_lambda": -4.3917518082489115, "log10_min_child_weight": 4.756318925832687, "log10_subsample": -0.9030309279574156, "max_depth": 2.0, "num_boost_round": 16.0}, "datetime": {"datetime": "2024-01-19 01:57:14", "elapsed": 6333.610967, "delta": 0.006099}}
{"target": -13.7582224756024, "params": {"gamma": 707.1679999358021, "log10_alpha": -1.8985805745017492, "log10_colsample_bytree": -0.1083078217525485, "log10_eta": -1.6987145932274297, "log10_lambda": -4.3917518082489115, "log10_min_child_weight": 4.756318925832687, "log10_subsample": -0.9030309279574156, "max_depth": 2.0, "num_boost_round": 17.0}, "datetime": {"datetime": "2024-01-19 01:57:14", "elapsed": 6333.617215, "delta": 0.006248}}
{"target": -13.758287094585112, "params": {"gamma": 707.1679999358021, "log10_alpha": -1.8985805745017492, "log10_colsample_bytree": -0.1083078217525485, "log10_eta": -1.6987145932274297, "log10_lambda": -4.3917518082489115, "log10_min_child_weight": 4.756318925832687, "log10_subsample": -0.9030309279574156, "max_depth": 2.0, "num_boost_round": 18.0}, "datetime": {"datetime": "2024-01-19 01:57:14", "elapsed": 6333.623576, "delta": 0.006361}}
