{"target": -13.81499933057031, "params": {"gamma": 60.38542936173108, "log10_alpha": 0.17074041132564943, "log10_colsample_bytree": -0.39281049851417005, "log10_eta": -0.38239873533702795, "log10_lambda": -2.207296979012292, "log10_min_child_weight": 2.885135803721685, "log10_subsample": -0.7270086101395555, "max_depth": 4.0, "num_boost_round": 8.0}, "datetime": {"datetime": "2024-01-19 02:02:31", "elapsed": 6659.317867, "delta": 0.005255}}
{"target": -13.817426648471736, "params": {"gamma": 60.38542936173108, "log10_alpha": 0.17074041132564943, "log10_colsample_bytree": -0.39281049851417005, "log10_eta": -0.38239873533702795, "log10_lambda": -2.207296979012292, "log10_min_child_weight": 2.885135803721685, "log10_subsample": -0.7270086101395555, "max_depth": 4.0, "num_boost_round": 9.0}, "datetime": {"datetime": "2024-01-19 02:02:31", "elapsed": 6659.323123, "delta": 0.005256}}
{"target": -13.821332530229977, "params": {"gamma": 60.38542936173108, "log10_alpha": 0.17074041132564943, "log10_colsample_bytree": -0.39281049851417005, "log10_eta": -0.38239873533702795, "log10_lambda": -2.207296979012292, "log10_min_child_weight": 2.885135803721685, "log10_subsample": -0.7270086101395555, "max_depth": 4.0, "num_boost_round": 10.0}, "datetime": {"datetime": "2024-01-19 02:02:31", "elapsed": 6659.439264, "delta": 0.116141}}
{"target": -13.820376175308015, "params": {"gamma": 60.38542936173108, "log10_alpha": 0.17074041132564943, "log10_colsample_bytree": -0.39281049851417005, "log10_eta": -0.38239873533702795, "log10_lambda": -2.207296979012292, "log10_min_child_weight": 2.885135803721685, "log10_subsample": -0.7270086101395555, "max_depth": 4.0, "num_boost_round": 11.0}, "datetime": {"datetime": "2024-01-19 02:02:31", "elapsed": 6659.445798, "delta": 0.006534}}
{"target": -13.836828516494528, "params": {"gamma": 60.38542936173108, "log10_alpha": 0.17074041132564943, "log10_colsample_bytree": -0.39281049851417005, "log10_eta": -0.38239873533702795, "log10_lambda": -2.207296979012292, "log10_min_child_weight": 2.885135803721685, "log10_subsample": -0.7270086101395555, "max_depth": 4.0, "num_boost_round": 12.0}, "datetime": {"datetime": "2024-01-19 02:02:31", "elapsed": 6659.451241, "delta": 0.005443}}
{"target": -13.855709620958303, "params": {"gamma": 60.38542936173108, "log10_alpha": 0.17074041132564943, "log10_colsample_bytree": -0.39281049851417005, "log10_eta": -0.38239873533702795, "log10_lambda": -2.207296979012292, "log10_min_child_weight": 2.885135803721685, "log10_subsample": -0.7270086101395555, "max_depth": 4.0, "num_boost_round": 13.0}, "datetime": {"datetime": "2024-01-19 02:02:31", "elapsed": 6659.456605, "delta": 0.005364}}
{"target": -13.884180714004009, "params": {"gamma": 60.38542936173108, "log10_alpha": 0.17074041132564943, "log10_colsample_bytree": -0.39281049851417005, "log10_eta": -0.38239873533702795, "log10_lambda": -2.207296979012292, "log10_min_child_weight": 2.885135803721685, "log10_subsample": -0.7270086101395555, "max_depth": 4.0, "num_boost_round": 14.0}, "datetime": {"datetime": "2024-01-19 02:02:31", "elapsed": 6659.461931, "delta": 0.005326}}
{"target": -13.888681005044512, "params": {"gamma": 60.38542936173108, "log10_alpha": 0.17074041132564943, "log10_colsample_bytree": -0.39281049851417005, "log10_eta": -0.38239873533702795, "log10_lambda": -2.207296979012292, "log10_min_child_weight": 2.885135803721685, "log10_subsample": -0.7270086101395555, "max_depth": 4.0, "num_boost_round": 15.0}, "datetime": {"datetime": "2024-01-19 02:02:31", "elapsed": 6659.467331, "delta": 0.0054}}
{"target": -13.89919007753804, "params": {"gamma": 60.38542936173108, "log10_alpha": 0.17074041132564943, "log10_colsample_bytree": -0.39281049851417005, "log10_eta": -0.38239873533702795, "log10_lambda": -2.207296979012292, "log10_min_child_weight": 2.885135803721685, "log10_subsample": -0.7270086101395555, "max_depth": 4.0, "num_boost_round": 16.0}, "datetime": {"datetime": "2024-01-19 02:02:31", "elapsed": 6659.472774, "delta": 0.005443}}
{"target": -13.911141965756787, "params": {"gamma": 60.38542936173108, "log10_alpha": 0.17074041132564943, "log10_colsample_bytree": -0.39281049851417005, "log10_eta": -0.38239873533702795, "log10_lambda": -2.207296979012292, "log10_min_child_weight": 2.885135803721685, "log10_subsample": -0.7270086101395555, "max_depth": 4.0, "num_boost_round": 17.0}, "datetime": {"datetime": "2024-01-19 02:02:31", "elapsed": 6659.478459, "delta": 0.005685}}
{"target": -13.91802130140067, "params": {"gamma": 60.38542936173108, "log10_alpha": 0.17074041132564943, "log10_colsample_bytree": -0.39281049851417005, "log10_eta": -0.38239873533702795, "log10_lambda": -2.207296979012292, "log10_min_child_weight": 2.885135803721685, "log10_subsample": -0.7270086101395555, "max_depth": 4.0, "num_boost_round": 18.0}, "datetime": {"datetime": "2024-01-19 02:02:31", "elapsed": 6659.483893, "delta": 0.005434}}
{"target": -13.922437269807546, "params": {"gamma": 60.38542936173108, "log10_alpha": 0.17074041132564943, "log10_colsample_bytree": -0.39281049851417005, "log10_eta": -0.38239873533702795, "log10_lambda": -2.207296979012292, "log10_min_child_weight": 2.885135803721685, "log10_subsample": -0.7270086101395555, "max_depth": 4.0, "num_boost_round": 19.0}, "datetime": {"datetime": "2024-01-19 02:02:31", "elapsed": 6659.489288, "delta": 0.005395}}
{"target": -13.926382376145625, "params": {"gamma": 60.38542936173108, "log10_alpha": 0.17074041132564943, "log10_colsample_bytree": -0.39281049851417005, "log10_eta": -0.38239873533702795, "log10_lambda": -2.207296979012292, "log10_min_child_weight": 2.885135803721685, "log10_subsample": -0.7270086101395555, "max_depth": 4.0, "num_boost_round": 20.0}, "datetime": {"datetime": "2024-01-19 02:02:31", "elapsed": 6659.494722, "delta": 0.005434}}
{"target": -13.970943712784996, "params": {"gamma": 60.38542936173108, "log10_alpha": 0.17074041132564943, "log10_colsample_bytree": -0.39281049851417005, "log10_eta": -0.38239873533702795, "log10_lambda": -2.207296979012292, "log10_min_child_weight": 2.885135803721685, "log10_subsample": -0.7270086101395555, "max_depth": 4.0, "num_boost_round": 21.0}, "datetime": {"datetime": "2024-01-19 02:02:31", "elapsed": 6659.500135, "delta": 0.005413}}
{"target": -13.97829785131626, "params": {"gamma": 60.38542936173108, "log10_alpha": 0.17074041132564943, "log10_colsample_bytree": -0.39281049851417005, "log10_eta": -0.38239873533702795, "log10_lambda": -2.207296979012292, "log10_min_child_weight": 2.885135803721685, "log10_subsample": -0.7270086101395555, "max_depth": 4.0, "num_boost_round": 22.0}, "datetime": {"datetime": "2024-01-19 02:02:31", "elapsed": 6659.50563, "delta": 0.005495}}
{"target": -13.977829330868877, "params": {"gamma": 60.38542936173108, "log10_alpha": 0.17074041132564943, "log10_colsample_bytree": -0.39281049851417005, "log10_eta": -0.38239873533702795, "log10_lambda": -2.207296979012292, "log10_min_child_weight": 2.885135803721685, "log10_subsample": -0.7270086101395555, "max_depth": 4.0, "num_boost_round": 23.0}, "datetime": {"datetime": "2024-01-19 02:02:31", "elapsed": 6659.511239, "delta": 0.005609}}
{"target": -13.984109640999922, "params": {"gamma": 60.38542936173108, "log10_alpha": 0.17074041132564943, "log10_colsample_bytree": -0.39281049851417005, "log10_eta": -0.38239873533702795, "log10_lambda": -2.207296979012292, "log10_min_child_weight": 2.885135803721685, "log10_subsample": -0.7270086101395555, "max_depth": 4.0, "num_boost_round": 24.0}, "datetime": {"datetime": "2024-01-19 02:02:31", "elapsed": 6659.516672, "delta": 0.005433}}
{"target": -13.758537523886949, "params": {"gamma": 34.21236529139959, "log10_alpha": -3.9452241243625155, "log10_colsample_bytree": -0.3301129474034896, "log10_eta": -3.791551520350948, "log10_lambda": 0.31118866380219323, "log10_min_child_weight": 4.492937635028933, "log10_subsample": -0.7844833240040863, "max_depth": 7.0, "num_boost_round": 0.0}, "datetime": {"datetime": "2024-01-19 02:04:05", "elapsed": 6753.483947, "delta": 93.967275}}
{"target": -13.75853757827418, "params": {"gamma": 34.21236529139959, "log10_alpha": -3.9452241243625155, "log10_colsample_bytree": -0.3301129474034896, "log10_eta": -3.791551520350948, "log10_lambda": 0.31118866380219323, "log10_min_child_weight": 4.492937635028933, "log10_subsample": -0.7844833240040863, "max_depth": 7.0, "num_boost_round": 1.0}, "datetime": {"datetime": "2024-01-19 02:04:05", "elapsed": 6753.490586, "delta": 0.006639}}
{"target": -13.758537073121863, "params": {"gamma": 34.21236529139959, "log10_alpha": -3.9452241243625155, "log10_colsample_bytree": -0.3301129474034896, "log10_eta": -3.791551520350948, "log10_lambda": 0.31118866380219323, "log10_min_child_weight": 4.492937635028933, "log10_subsample": -0.7844833240040863, "max_depth": 7.0, "num_boost_round": 2.0}, "datetime": {"datetime": "2024-01-19 02:04:05", "elapsed": 6753.496569, "delta": 0.005983}}
{"target": -13.758536960459546, "params": {"gamma": 34.21236529139959, "log10_alpha": -3.9452241243625155, "log10_colsample_bytree": -0.3301129474034896, "log10_eta": -3.791551520350948, "log10_lambda": 0.31118866380219323, "log10_min_child_weight": 4.492937635028933, "log10_subsample": -0.7844833240040863, "max_depth": 7.0, "num_boost_round": 3.0}, "datetime": {"datetime": "2024-01-19 02:04:05", "elapsed": 6753.501903, "delta": 0.005334}}
{"target": -13.75853667788985, "params": {"gamma": 34.21236529139959, "log10_alpha": -3.9452241243625155, "log10_colsample_bytree": -0.3301129474034896, "log10_eta": -3.791551520350948, "log10_lambda": 0.31118866380219323, "log10_min_child_weight": 4.492937635028933, "log10_subsample": -0.7844833240040863, "max_depth": 7.0, "num_boost_round": 4.0}, "datetime": {"datetime": "2024-01-19 02:04:05", "elapsed": 6753.507282, "delta": 0.005379}}
{"target": -13.758536495000902, "params": {"gamma": 34.21236529139959, "log10_alpha": -3.9452241243625155, "log10_colsample_bytree": -0.3301129474034896, "log10_eta": -3.791551520350948, "log10_lambda": 0.31118866380219323, "log10_min_child_weight": 4.492937635028933, "log10_subsample": -0.7844833240040863, "max_depth": 7.0, "num_boost_round": 5.0}, "datetime": {"datetime": "2024-01-19 02:04:05", "elapsed": 6753.51302, "delta": 0.005738}}
{"target": -13.758536311021034, "params": {"gamma": 34.21236529139959, "log10_alpha": -3.9452241243625155, "log10_colsample_bytree": -0.3301129474034896, "log10_eta": -3.791551520350948, "log10_lambda": 0.31118866380219323, "log10_min_child_weight": 4.492937635028933, "log10_subsample": -0.7844833240040863, "max_depth": 7.0, "num_boost_round": 6.0}, "datetime": {"datetime": "2024-01-19 02:04:05", "elapsed": 6753.518415, "delta": 0.005395}}
{"target": -13.758536021409633, "params": {"gamma": 34.21236529139959, "log10_alpha": -3.9452241243625155, "log10_colsample_bytree": -0.3301129474034896, "log10_eta": -3.791551520350948, "log10_lambda": 0.31118866380219323, "log10_min_child_weight": 4.492937635028933, "log10_subsample": -0.7844833240040863, "max_depth": 7.0, "num_boost_round": 7.0}, "datetime": {"datetime": "2024-01-19 02:04:05", "elapsed": 6753.523729, "delta": 0.005314}}
{"target": -13.758535075616683, "params": {"gamma": 34.21236529139959, "log10_alpha": -3.9452241243625155, "log10_colsample_bytree": -0.3301129474034896, "log10_eta": -3.791551520350948, "log10_lambda": 0.31118866380219323, "log10_min_child_weight": 4.492937635028933, "log10_subsample": -0.7844833240040863, "max_depth": 7.0, "num_boost_round": 8.0}, "datetime": {"datetime": "2024-01-19 02:04:05", "elapsed": 6753.529158, "delta": 0.005429}}
{"target": -13.75853474553642, "params": {"gamma": 34.21236529139959, "log10_alpha": -3.9452241243625155, "log10_colsample_bytree": -0.3301129474034896, "log10_eta": -3.791551520350948, "log10_lambda": 0.31118866380219323, "log10_min_child_weight": 4.492937635028933, "log10_subsample": -0.7844833240040863, "max_depth": 7.0, "num_boost_round": 9.0}, "datetime": {"datetime": "2024-01-19 02:04:05", "elapsed": 6753.534563, "delta": 0.005405}}
{"target": -13.75853455652321, "params": {"gamma": 34.21236529139959, "log10_alpha": -3.9452241243625155, "log10_colsample_bytree": -0.3301129474034896, "log10_eta": -3.791551520350948, "log10_lambda": 0.31118866380219323, "log10_min_child_weight": 4.492937635028933, "log10_subsample": -0.7844833240040863, "max_depth": 7.0, "num_boost_round": 10.0}, "datetime": {"datetime": "2024-01-19 02:04:05", "elapsed": 6753.540026, "delta": 0.005463}}
{"target": -13.758533734289275, "params": {"gamma": 34.21236529139959, "log10_alpha": -3.9452241243625155, "log10_colsample_bytree": -0.3301129474034896, "log10_eta": -3.791551520350948, "log10_lambda": 0.31118866380219323, "log10_min_child_weight": 4.492937635028933, "log10_subsample": -0.7844833240040863, "max_depth": 7.0, "num_boost_round": 11.0}, "datetime": {"datetime": "2024-01-19 02:04:05", "elapsed": 6753.545547, "delta": 0.005521}}
{"target": -13.758533850479061, "params": {"gamma": 34.21236529139959, "log10_alpha": -3.9452241243625155, "log10_colsample_bytree": -0.3301129474034896, "log10_eta": -3.791551520350948, "log10_lambda": 0.31118866380219323, "log10_min_child_weight": 4.492937635028933, "log10_subsample": -0.7844833240040863, "max_depth": 7.0, "num_boost_round": 12.0}, "datetime": {"datetime": "2024-01-19 02:04:05", "elapsed": 6753.550985, "delta": 0.005438}}
{"target": -13.758533455171182, "params": {"gamma": 34.21236529139959, "log10_alpha": -3.9452241243625155, "log10_colsample_bytree": -0.3301129474034896, "log10_eta": -3.791551520350948, "log10_lambda": 0.31118866380219323, "log10_min_child_weight": 4.492937635028933, "log10_subsample": -0.7844833240040863, "max_depth": 7.0, "num_boost_round": 13.0}, "datetime": {"datetime": "2024-01-19 02:04:05", "elapsed": 6753.556378, "delta": 0.005393}}
{"target": -13.758533227531531, "params": {"gamma": 34.21236529139959, "log10_alpha": -3.9452241243625155, "log10_colsample_bytree": -0.3301129474034896, "log10_eta": -3.791551520350948, "log10_lambda": 0.31118866380219323, "log10_min_child_weight": 4.492937635028933, "log10_subsample": -0.7844833240040863, "max_depth": 7.0, "num_boost_round": 14.0}, "datetime": {"datetime": "2024-01-19 02:04:05", "elapsed": 6753.561766, "delta": 0.005388}}
{"target": -13.758532325020246, "params": {"gamma": 34.21236529139959, "log10_alpha": -3.9452241243625155, "log10_colsample_bytree": -0.3301129474034896, "log10_eta": -3.791551520350948, "log10_lambda": 0.31118866380219323, "log10_min_child_weight": 4.492937635028933, "log10_subsample": -0.7844833240040863, "max_depth": 7.0, "num_boost_round": 15.0}, "datetime": {"datetime": "2024-01-19 02:04:05", "elapsed": 6753.56714, "delta": 0.005374}}
{"target": -13.758531286106114, "params": {"gamma": 34.21236529139959, "log10_alpha": -3.9452241243625155, "log10_colsample_bytree": -0.3301129474034896, "log10_eta": -3.791551520350948, "log10_lambda": 0.31118866380219323, "log10_min_child_weight": 4.492937635028933, "log10_subsample": -0.7844833240040863, "max_depth": 7.0, "num_boost_round": 16.0}, "datetime": {"datetime": "2024-01-19 02:04:05", "elapsed": 6753.572657, "delta": 0.005517}}
{"target": -13.758531916313695, "params": {"gamma": 34.21236529139959, "log10_alpha": -3.9452241243625155, "log10_colsample_bytree": -0.3301129474034896, "log10_eta": -3.791551520350948, "log10_lambda": 0.31118866380219323, "log10_min_child_weight": 4.492937635028933, "log10_subsample": -0.7844833240040863, "max_depth": 7.0, "num_boost_round": 17.0}, "datetime": {"datetime": "2024-01-19 02:04:05", "elapsed": 6753.578273, "delta": 0.005616}}
{"target": -13.758531906932205, "params": {"gamma": 34.21236529139959, "log10_alpha": -3.9452241243625155, "log10_colsample_bytree": -0.3301129474034896, "log10_eta": -3.791551520350948, "log10_lambda": 0.31118866380219323, "log10_min_child_weight": 4.492937635028933, "log10_subsample": -0.7844833240040863, "max_depth": 7.0, "num_boost_round": 18.0}, "datetime": {"datetime": "2024-01-19 02:04:05", "elapsed": 6753.583791, "delta": 0.005518}}
{"target": -13.75853068481902, "params": {"gamma": 34.21236529139959, "log10_alpha": -3.9452241243625155, "log10_colsample_bytree": -0.3301129474034896, "log10_eta": -3.791551520350948, "log10_lambda": 0.31118866380219323, "log10_min_child_weight": 4.492937635028933, "log10_subsample": -0.7844833240040863, "max_depth": 7.0, "num_boost_round": 19.0}, "datetime": {"datetime": "2024-01-19 02:04:05", "elapsed": 6753.589282, "delta": 0.005491}}
{"target": -13.758529469790123, "params": {"gamma": 34.21236529139959, "log10_alpha": -3.9452241243625155, "log10_colsample_bytree": -0.3301129474034896, "log10_eta": -3.791551520350948, "log10_lambda": 0.31118866380219323, "log10_min_child_weight": 4.492937635028933, "log10_subsample": -0.7844833240040863, "max_depth": 7.0, "num_boost_round": 20.0}, "datetime": {"datetime": "2024-01-19 02:04:05", "elapsed": 6753.594651, "delta": 0.005369}}
{"target": -13.758528743995951, "params": {"gamma": 34.21236529139959, "log10_alpha": -3.9452241243625155, "log10_colsample_bytree": -0.3301129474034896, "log10_eta": -3.791551520350948, "log10_lambda": 0.31118866380219323, "log10_min_child_weight": 4.492937635028933, "log10_subsample": -0.7844833240040863, "max_depth": 7.0, "num_boost_round": 21.0}, "datetime": {"datetime": "2024-01-19 02:04:05", "elapsed": 6753.600051, "delta": 0.0054}}
{"target": -13.758533593059806, "params": {"gamma": 37.831175231834216, "log10_alpha": -2.544371059852452, "log10_colsample_bytree": -0.38314882162960173, "log10_eta": -2.9779323875381785, "log10_lambda": -3.603524575487216, "log10_min_child_weight": 4.236624443301454, "log10_subsample": -0.7642856450816831, "max_depth": 7.0, "num_boost_round": 0.0}, "datetime": {"datetime": "2024-01-19 02:05:36", "elapsed": 6844.235919, "delta": 90.635868}}
{"target": -13.75853319830532, "params": {"gamma": 37.831175231834216, "log10_alpha": -2.544371059852452, "log10_colsample_bytree": -0.38314882162960173, "log10_eta": -2.9779323875381785, "log10_lambda": -3.603524575487216, "log10_min_child_weight": 4.236624443301454, "log10_subsample": -0.7642856450816831, "max_depth": 7.0, "num_boost_round": 1.0}, "datetime": {"datetime": "2024-01-19 02:05:36", "elapsed": 6844.241878, "delta": 0.005959}}
{"target": -13.758533666464972, "params": {"gamma": 37.831175231834216, "log10_alpha": -2.544371059852452, "log10_colsample_bytree": -0.38314882162960173, "log10_eta": -2.9779323875381785, "log10_lambda": -3.603524575487216, "log10_min_child_weight": 4.236624443301454, "log10_subsample": -0.7642856450816831, "max_depth": 7.0, "num_boost_round": 2.0}, "datetime": {"datetime": "2024-01-19 02:05:36", "elapsed": 6844.247374, "delta": 0.005496}}
{"target": -13.758533588097619, "params": {"gamma": 37.831175231834216, "log10_alpha": -2.544371059852452, "log10_colsample_bytree": -0.38314882162960173, "log10_eta": -2.9779323875381785, "log10_lambda": -3.603524575487216, "log10_min_child_weight": 4.236624443301454, "log10_subsample": -0.7642856450816831, "max_depth": 7.0, "num_boost_round": 3.0}, "datetime": {"datetime": "2024-01-19 02:05:36", "elapsed": 6844.252973, "delta": 0.005599}}
{"target": -13.75852659576748, "params": {"gamma": 37.831175231834216, "log10_alpha": -2.544371059852452, "log10_colsample_bytree": -0.38314882162960173, "log10_eta": -2.9779323875381785, "log10_lambda": -3.603524575487216, "log10_min_child_weight": 4.236624443301454, "log10_subsample": -0.7642856450816831, "max_depth": 7.0, "num_boost_round": 4.0}, "datetime": {"datetime": "2024-01-19 02:05:36", "elapsed": 6844.258566, "delta": 0.005593}}
{"target": -13.758525426906044, "params": {"gamma": 37.831175231834216, "log10_alpha": -2.544371059852452, "log10_colsample_bytree": -0.38314882162960173, "log10_eta": -2.9779323875381785, "log10_lambda": -3.603524575487216, "log10_min_child_weight": 4.236624443301454, "log10_subsample": -0.7642856450816831, "max_depth": 7.0, "num_boost_round": 5.0}, "datetime": {"datetime": "2024-01-19 02:05:36", "elapsed": 6844.264592, "delta": 0.006026}}
{"target": -13.75852162805292, "params": {"gamma": 37.831175231834216, "log10_alpha": -2.544371059852452, "log10_colsample_bytree": -0.38314882162960173, "log10_eta": -2.9779323875381785, "log10_lambda": -3.603524575487216, "log10_min_child_weight": 4.236624443301454, "log10_subsample": -0.7642856450816831, "max_depth": 7.0, "num_boost_round": 6.0}, "datetime": {"datetime": "2024-01-19 02:05:36", "elapsed": 6844.270042, "delta": 0.00545}}
{"target": -13.758523328015414, "params": {"gamma": 37.831175231834216, "log10_alpha": -2.544371059852452, "log10_colsample_bytree": -0.38314882162960173, "log10_eta": -2.9779323875381785, "log10_lambda": -3.603524575487216, "log10_min_child_weight": 4.236624443301454, "log10_subsample": -0.7642856450816831, "max_depth": 7.0, "num_boost_round": 7.0}, "datetime": {"datetime": "2024-01-19 02:05:36", "elapsed": 6844.27547, "delta": 0.005428}}
{"target": -13.758517302076696, "params": {"gamma": 37.831175231834216, "log10_alpha": -2.544371059852452, "log10_colsample_bytree": -0.38314882162960173, "log10_eta": -2.9779323875381785, "log10_lambda": -3.603524575487216, "log10_min_child_weight": 4.236624443301454, "log10_subsample": -0.7642856450816831, "max_depth": 7.0, "num_boost_round": 8.0}, "datetime": {"datetime": "2024-01-19 02:05:36", "elapsed": 6844.280777, "delta": 0.005307}}
{"target": -13.758509964581632, "params": {"gamma": 37.831175231834216, "log10_alpha": -2.544371059852452, "log10_colsample_bytree": -0.38314882162960173, "log10_eta": -2.9779323875381785, "log10_lambda": -3.603524575487216, "log10_min_child_weight": 4.236624443301454, "log10_subsample": -0.7642856450816831, "max_depth": 7.0, "num_boost_round": 9.0}, "datetime": {"datetime": "2024-01-19 02:05:36", "elapsed": 6844.287412, "delta": 0.006635}}
