{"target": -17.67720024072882, "params": {"gamma": 422.93692162157083, "log10_alpha": -2.166970820703612, "log10_colsample_bytree": -0.6744084237402816, "log10_eta": -3.898340498697041, "log10_lambda": -4.903287288849922, "log10_min_child_weight": 0.918278959105841, "log10_subsample": -0.39856014490163827, "max_depth": 3.0, "num_boost_round": 7.0}, "datetime": {"datetime": "2024-01-19 00:14:02", "elapsed": 132.011842, "delta": 0.000705}}
{"target": -17.677198174653796, "params": {"gamma": 422.93692162157083, "log10_alpha": -2.166970820703612, "log10_colsample_bytree": -0.6744084237402816, "log10_eta": -3.898340498697041, "log10_lambda": -4.903287288849922, "log10_min_child_weight": 0.918278959105841, "log10_subsample": -0.39856014490163827, "max_depth": 3.0, "num_boost_round": 8.0}, "datetime": {"datetime": "2024-01-19 00:14:02", "elapsed": 132.012432, "delta": 0.00059}}
{"target": -17.677193246824288, "params": {"gamma": 422.93692162157083, "log10_alpha": -2.166970820703612, "log10_colsample_bytree": -0.6744084237402816, "log10_eta": -3.898340498697041, "log10_lambda": -4.903287288849922, "log10_min_child_weight": 0.918278959105841, "log10_subsample": -0.39856014490163827, "max_depth": 3.0, "num_boost_round": 9.0}, "datetime": {"datetime": "2024-01-19 00:14:02", "elapsed": 132.016638, "delta": 0.004206}}
{"target": -17.67718716073912, "params": {"gamma": 422.93692162157083, "log10_alpha": -2.166970820703612, "log10_colsample_bytree": -0.6744084237402816, "log10_eta": -3.898340498697041, "log10_lambda": -4.903287288849922, "log10_min_child_weight": 0.918278959105841, "log10_subsample": -0.39856014490163827, "max_depth": 3.0, "num_boost_round": 10.0}, "datetime": {"datetime": "2024-01-19 00:14:02", "elapsed": 132.017234, "delta": 0.000596}}
{"target": -17.6771828106449, "params": {"gamma": 422.93692162157083, "log10_alpha": -2.166970820703612, "log10_colsample_bytree": -0.6744084237402816, "log10_eta": -3.898340498697041, "log10_lambda": -4.903287288849922, "log10_min_child_weight": 0.918278959105841, "log10_subsample": -0.39856014490163827, "max_depth": 3.0, "num_boost_round": 11.0}, "datetime": {"datetime": "2024-01-19 00:14:02", "elapsed": 132.017838, "delta": 0.000604}}
{"target": -17.67717790793169, "params": {"gamma": 422.93692162157083, "log10_alpha": -2.166970820703612, "log10_colsample_bytree": -0.6744084237402816, "log10_eta": -3.898340498697041, "log10_lambda": -4.903287288849922, "log10_min_child_weight": 0.918278959105841, "log10_subsample": -0.39856014490163827, "max_depth": 3.0, "num_boost_round": 12.0}, "datetime": {"datetime": "2024-01-19 00:14:02", "elapsed": 132.018443, "delta": 0.000605}}
{"target": -17.677171093736675, "params": {"gamma": 422.93692162157083, "log10_alpha": -2.166970820703612, "log10_colsample_bytree": -0.6744084237402816, "log10_eta": -3.898340498697041, "log10_lambda": -4.903287288849922, "log10_min_child_weight": 0.918278959105841, "log10_subsample": -0.39856014490163827, "max_depth": 3.0, "num_boost_round": 13.0}, "datetime": {"datetime": "2024-01-19 00:14:02", "elapsed": 132.01903, "delta": 0.000587}}
{"target": -17.67716892363903, "params": {"gamma": 422.93692162157083, "log10_alpha": -2.166970820703612, "log10_colsample_bytree": -0.6744084237402816, "log10_eta": -3.898340498697041, "log10_lambda": -4.903287288849922, "log10_min_child_weight": 0.918278959105841, "log10_subsample": -0.39856014490163827, "max_depth": 3.0, "num_boost_round": 14.0}, "datetime": {"datetime": "2024-01-19 00:14:02", "elapsed": 132.019621, "delta": 0.000591}}
{"target": -17.677164486519843, "params": {"gamma": 422.93692162157083, "log10_alpha": -2.166970820703612, "log10_colsample_bytree": -0.6744084237402816, "log10_eta": -3.898340498697041, "log10_lambda": -4.903287288849922, "log10_min_child_weight": 0.918278959105841, "log10_subsample": -0.39856014490163827, "max_depth": 3.0, "num_boost_round": 15.0}, "datetime": {"datetime": "2024-01-19 00:14:02", "elapsed": 132.020203, "delta": 0.000582}}
{"target": -17.677164278935717, "params": {"gamma": 422.93692162157083, "log10_alpha": -2.166970820703612, "log10_colsample_bytree": -0.6744084237402816, "log10_eta": -3.898340498697041, "log10_lambda": -4.903287288849922, "log10_min_child_weight": 0.918278959105841, "log10_subsample": -0.39856014490163827, "max_depth": 3.0, "num_boost_round": 16.0}, "datetime": {"datetime": "2024-01-19 00:14:02", "elapsed": 132.020796, "delta": 0.000593}}
{"target": -17.677163308259168, "params": {"gamma": 422.93692162157083, "log10_alpha": -2.166970820703612, "log10_colsample_bytree": -0.6744084237402816, "log10_eta": -3.898340498697041, "log10_lambda": -4.903287288849922, "log10_min_child_weight": 0.918278959105841, "log10_subsample": -0.39856014490163827, "max_depth": 3.0, "num_boost_round": 17.0}, "datetime": {"datetime": "2024-01-19 00:14:02", "elapsed": 132.021544, "delta": 0.000748}}
{"target": -17.67716193390833, "params": {"gamma": 422.93692162157083, "log10_alpha": -2.166970820703612, "log10_colsample_bytree": -0.6744084237402816, "log10_eta": -3.898340498697041, "log10_lambda": -4.903287288849922, "log10_min_child_weight": 0.918278959105841, "log10_subsample": -0.39856014490163827, "max_depth": 3.0, "num_boost_round": 18.0}, "datetime": {"datetime": "2024-01-19 00:14:02", "elapsed": 132.022149, "delta": 0.000605}}
{"target": -17.67716200301643, "params": {"gamma": 422.93692162157083, "log10_alpha": -2.166970820703612, "log10_colsample_bytree": -0.6744084237402816, "log10_eta": -3.898340498697041, "log10_lambda": -4.903287288849922, "log10_min_child_weight": 0.918278959105841, "log10_subsample": -0.39856014490163827, "max_depth": 3.0, "num_boost_round": 19.0}, "datetime": {"datetime": "2024-01-19 00:14:02", "elapsed": 132.022754, "delta": 0.000605}}
{"target": -17.677158410211483, "params": {"gamma": 422.93692162157083, "log10_alpha": -2.166970820703612, "log10_colsample_bytree": -0.6744084237402816, "log10_eta": -3.898340498697041, "log10_lambda": -4.903287288849922, "log10_min_child_weight": 0.918278959105841, "log10_subsample": -0.39856014490163827, "max_depth": 3.0, "num_boost_round": 20.0}, "datetime": {"datetime": "2024-01-19 00:14:02", "elapsed": 132.023357, "delta": 0.000603}}
{"target": -17.67715046895784, "params": {"gamma": 422.93692162157083, "log10_alpha": -2.166970820703612, "log10_colsample_bytree": -0.6744084237402816, "log10_eta": -3.898340498697041, "log10_lambda": -4.903287288849922, "log10_min_child_weight": 0.918278959105841, "log10_subsample": -0.39856014490163827, "max_depth": 3.0, "num_boost_round": 21.0}, "datetime": {"datetime": "2024-01-19 00:14:02", "elapsed": 132.023963, "delta": 0.000606}}
{"target": -17.67714146502944, "params": {"gamma": 422.93692162157083, "log10_alpha": -2.166970820703612, "log10_colsample_bytree": -0.6744084237402816, "log10_eta": -3.898340498697041, "log10_lambda": -4.903287288849922, "log10_min_child_weight": 0.918278959105841, "log10_subsample": -0.39856014490163827, "max_depth": 3.0, "num_boost_round": 22.0}, "datetime": {"datetime": "2024-01-19 00:14:02", "elapsed": 132.024574, "delta": 0.000611}}
{"target": -17.67713448371797, "params": {"gamma": 422.93692162157083, "log10_alpha": -2.166970820703612, "log10_colsample_bytree": -0.6744084237402816, "log10_eta": -3.898340498697041, "log10_lambda": -4.903287288849922, "log10_min_child_weight": 0.918278959105841, "log10_subsample": -0.39856014490163827, "max_depth": 3.0, "num_boost_round": 23.0}, "datetime": {"datetime": "2024-01-19 00:14:02", "elapsed": 132.025184, "delta": 0.00061}}
{"target": -17.677135188918175, "params": {"gamma": 422.93692162157083, "log10_alpha": -2.166970820703612, "log10_colsample_bytree": -0.6744084237402816, "log10_eta": -3.898340498697041, "log10_lambda": -4.903287288849922, "log10_min_child_weight": 0.918278959105841, "log10_subsample": -0.39856014490163827, "max_depth": 3.0, "num_boost_round": 24.0}, "datetime": {"datetime": "2024-01-19 00:14:02", "elapsed": 132.025809, "delta": 0.000625}}
{"target": -17.677132413043772, "params": {"gamma": 422.93692162157083, "log10_alpha": -2.166970820703612, "log10_colsample_bytree": -0.6744084237402816, "log10_eta": -3.898340498697041, "log10_lambda": -4.903287288849922, "log10_min_child_weight": 0.918278959105841, "log10_subsample": -0.39856014490163827, "max_depth": 3.0, "num_boost_round": 25.0}, "datetime": {"datetime": "2024-01-19 00:14:02", "elapsed": 132.026431, "delta": 0.000622}}
{"target": -17.67712919669897, "params": {"gamma": 422.93692162157083, "log10_alpha": -2.166970820703612, "log10_colsample_bytree": -0.6744084237402816, "log10_eta": -3.898340498697041, "log10_lambda": -4.903287288849922, "log10_min_child_weight": 0.918278959105841, "log10_subsample": -0.39856014490163827, "max_depth": 3.0, "num_boost_round": 26.0}, "datetime": {"datetime": "2024-01-19 00:14:02", "elapsed": 132.027042, "delta": 0.000611}}
{"target": -17.677129034307224, "params": {"gamma": 422.93692162157083, "log10_alpha": -2.166970820703612, "log10_colsample_bytree": -0.6744084237402816, "log10_eta": -3.898340498697041, "log10_lambda": -4.903287288849922, "log10_min_child_weight": 0.918278959105841, "log10_subsample": -0.39856014490163827, "max_depth": 3.0, "num_boost_round": 27.0}, "datetime": {"datetime": "2024-01-19 00:14:02", "elapsed": 132.027663, "delta": 0.000621}}
{"target": -17.677122017383507, "params": {"gamma": 422.93692162157083, "log10_alpha": -2.166970820703612, "log10_colsample_bytree": -0.6744084237402816, "log10_eta": -3.898340498697041, "log10_lambda": -4.903287288849922, "log10_min_child_weight": 0.918278959105841, "log10_subsample": -0.39856014490163827, "max_depth": 3.0, "num_boost_round": 28.0}, "datetime": {"datetime": "2024-01-19 00:14:02", "elapsed": 132.028281, "delta": 0.000618}}
{"target": -17.677115488572404, "params": {"gamma": 422.93692162157083, "log10_alpha": -2.166970820703612, "log10_colsample_bytree": -0.6744084237402816, "log10_eta": -3.898340498697041, "log10_lambda": -4.903287288849922, "log10_min_child_weight": 0.918278959105841, "log10_subsample": -0.39856014490163827, "max_depth": 3.0, "num_boost_round": 29.0}, "datetime": {"datetime": "2024-01-19 00:14:02", "elapsed": 132.02892, "delta": 0.000639}}
{"target": -17.67711256195507, "params": {"gamma": 422.93692162157083, "log10_alpha": -2.166970820703612, "log10_colsample_bytree": -0.6744084237402816, "log10_eta": -3.898340498697041, "log10_lambda": -4.903287288849922, "log10_min_child_weight": 0.918278959105841, "log10_subsample": -0.39856014490163827, "max_depth": 3.0, "num_boost_round": 30.0}, "datetime": {"datetime": "2024-01-19 00:14:02", "elapsed": 132.029545, "delta": 0.000625}}
{"target": -17.677108997715333, "params": {"gamma": 422.93692162157083, "log10_alpha": -2.166970820703612, "log10_colsample_bytree": -0.6744084237402816, "log10_eta": -3.898340498697041, "log10_lambda": -4.903287288849922, "log10_min_child_weight": 0.918278959105841, "log10_subsample": -0.39856014490163827, "max_depth": 3.0, "num_boost_round": 31.0}, "datetime": {"datetime": "2024-01-19 00:14:02", "elapsed": 132.030165, "delta": 0.00062}}
{"target": -17.677102882912244, "params": {"gamma": 422.93692162157083, "log10_alpha": -2.166970820703612, "log10_colsample_bytree": -0.6744084237402816, "log10_eta": -3.898340498697041, "log10_lambda": -4.903287288849922, "log10_min_child_weight": 0.918278959105841, "log10_subsample": -0.39856014490163827, "max_depth": 3.0, "num_boost_round": 32.0}, "datetime": {"datetime": "2024-01-19 00:14:02", "elapsed": 132.030793, "delta": 0.000628}}
{"target": -17.677098439719632, "params": {"gamma": 422.93692162157083, "log10_alpha": -2.166970820703612, "log10_colsample_bytree": -0.6744084237402816, "log10_eta": -3.898340498697041, "log10_lambda": -4.903287288849922, "log10_min_child_weight": 0.918278959105841, "log10_subsample": -0.39856014490163827, "max_depth": 3.0, "num_boost_round": 33.0}, "datetime": {"datetime": "2024-01-19 00:14:02", "elapsed": 132.031423, "delta": 0.00063}}
{"target": -17.677093841642066, "params": {"gamma": 422.93692162157083, "log10_alpha": -2.166970820703612, "log10_colsample_bytree": -0.6744084237402816, "log10_eta": -3.898340498697041, "log10_lambda": -4.903287288849922, "log10_min_child_weight": 0.918278959105841, "log10_subsample": -0.39856014490163827, "max_depth": 3.0, "num_boost_round": 34.0}, "datetime": {"datetime": "2024-01-19 00:14:02", "elapsed": 132.032033, "delta": 0.00061}}
{"target": -17.677090376139557, "params": {"gamma": 422.93692162157083, "log10_alpha": -2.166970820703612, "log10_colsample_bytree": -0.6744084237402816, "log10_eta": -3.898340498697041, "log10_lambda": -4.903287288849922, "log10_min_child_weight": 0.918278959105841, "log10_subsample": -0.39856014490163827, "max_depth": 3.0, "num_boost_round": 35.0}, "datetime": {"datetime": "2024-01-19 00:14:02", "elapsed": 132.032662, "delta": 0.000629}}
{"target": -17.67708720178319, "params": {"gamma": 422.93692162157083, "log10_alpha": -2.166970820703612, "log10_colsample_bytree": -0.6744084237402816, "log10_eta": -3.898340498697041, "log10_lambda": -4.903287288849922, "log10_min_child_weight": 0.918278959105841, "log10_subsample": -0.39856014490163827, "max_depth": 3.0, "num_boost_round": 36.0}, "datetime": {"datetime": "2024-01-19 00:14:02", "elapsed": 132.033294, "delta": 0.000632}}
{"target": -17.677086327790906, "params": {"gamma": 422.93692162157083, "log10_alpha": -2.166970820703612, "log10_colsample_bytree": -0.6744084237402816, "log10_eta": -3.898340498697041, "log10_lambda": -4.903287288849922, "log10_min_child_weight": 0.918278959105841, "log10_subsample": -0.39856014490163827, "max_depth": 3.0, "num_boost_round": 37.0}, "datetime": {"datetime": "2024-01-19 00:14:02", "elapsed": 132.033947, "delta": 0.000653}}
{"target": -17.677083275818333, "params": {"gamma": 422.93692162157083, "log10_alpha": -2.166970820703612, "log10_colsample_bytree": -0.6744084237402816, "log10_eta": -3.898340498697041, "log10_lambda": -4.903287288849922, "log10_min_child_weight": 0.918278959105841, "log10_subsample": -0.39856014490163827, "max_depth": 3.0, "num_boost_round": 38.0}, "datetime": {"datetime": "2024-01-19 00:14:02", "elapsed": 132.0346, "delta": 0.000653}}
{"target": -17.677082203661367, "params": {"gamma": 422.93692162157083, "log10_alpha": -2.166970820703612, "log10_colsample_bytree": -0.6744084237402816, "log10_eta": -3.898340498697041, "log10_lambda": -4.903287288849922, "log10_min_child_weight": 0.918278959105841, "log10_subsample": -0.39856014490163827, "max_depth": 3.0, "num_boost_round": 39.0}, "datetime": {"datetime": "2024-01-19 00:14:02", "elapsed": 132.035233, "delta": 0.000633}}
{"target": -17.677079156865215, "params": {"gamma": 422.93692162157083, "log10_alpha": -2.166970820703612, "log10_colsample_bytree": -0.6744084237402816, "log10_eta": -3.898340498697041, "log10_lambda": -4.903287288849922, "log10_min_child_weight": 0.918278959105841, "log10_subsample": -0.39856014490163827, "max_depth": 3.0, "num_boost_round": 40.0}, "datetime": {"datetime": "2024-01-19 00:14:02", "elapsed": 132.035881, "delta": 0.000648}}
{"target": -17.6770766979624, "params": {"gamma": 422.93692162157083, "log10_alpha": -2.166970820703612, "log10_colsample_bytree": -0.6744084237402816, "log10_eta": -3.898340498697041, "log10_lambda": -4.903287288849922, "log10_min_child_weight": 0.918278959105841, "log10_subsample": -0.39856014490163827, "max_depth": 3.0, "num_boost_round": 41.0}, "datetime": {"datetime": "2024-01-19 00:14:02", "elapsed": 132.036529, "delta": 0.000648}}
{"target": -17.677072409341672, "params": {"gamma": 422.93692162157083, "log10_alpha": -2.166970820703612, "log10_colsample_bytree": -0.6744084237402816, "log10_eta": -3.898340498697041, "log10_lambda": -4.903287288849922, "log10_min_child_weight": 0.918278959105841, "log10_subsample": -0.39856014490163827, "max_depth": 3.0, "num_boost_round": 42.0}, "datetime": {"datetime": "2024-01-19 00:14:02", "elapsed": 132.037164, "delta": 0.000635}}
{"target": -17.677070057175847, "params": {"gamma": 422.93692162157083, "log10_alpha": -2.166970820703612, "log10_colsample_bytree": -0.6744084237402816, "log10_eta": -3.898340498697041, "log10_lambda": -4.903287288849922, "log10_min_child_weight": 0.918278959105841, "log10_subsample": -0.39856014490163827, "max_depth": 3.0, "num_boost_round": 43.0}, "datetime": {"datetime": "2024-01-19 00:14:02", "elapsed": 132.037806, "delta": 0.000642}}
{"target": -17.677065817312947, "params": {"gamma": 422.93692162157083, "log10_alpha": -2.166970820703612, "log10_colsample_bytree": -0.6744084237402816, "log10_eta": -3.898340498697041, "log10_lambda": -4.903287288849922, "log10_min_child_weight": 0.918278959105841, "log10_subsample": -0.39856014490163827, "max_depth": 3.0, "num_boost_round": 44.0}, "datetime": {"datetime": "2024-01-19 00:14:02", "elapsed": 132.038449, "delta": 0.000643}}
{"target": -17.677206204663587, "params": {"gamma": 425.7422468027873, "log10_alpha": -0.17307660367884736, "log10_colsample_bytree": -0.6620297242265757, "log10_eta": -2.8802714476996565, "log10_lambda": -4.077793138459246, "log10_min_child_weight": 0.6354894674869688, "log10_subsample": -0.07093726020763513, "max_depth": 6.0, "num_boost_round": 0.0}, "datetime": {"datetime": "2024-01-19 00:14:44", "elapsed": 174.096405, "delta": 42.057956}}
{"target": -17.67716594622252, "params": {"gamma": 425.7422468027873, "log10_alpha": -0.17307660367884736, "log10_colsample_bytree": -0.6620297242265757, "log10_eta": -2.8802714476996565, "log10_lambda": -4.077793138459246, "log10_min_child_weight": 0.6354894674869688, "log10_subsample": -0.07093726020763513, "max_depth": 6.0, "num_boost_round": 1.0}, "datetime": {"datetime": "2024-01-19 00:14:44", "elapsed": 174.098829, "delta": 0.002424}}
{"target": -17.677076066772567, "params": {"gamma": 425.7422468027873, "log10_alpha": -0.17307660367884736, "log10_colsample_bytree": -0.6620297242265757, "log10_eta": -2.8802714476996565, "log10_lambda": -4.077793138459246, "log10_min_child_weight": 0.6354894674869688, "log10_subsample": -0.07093726020763513, "max_depth": 6.0, "num_boost_round": 2.0}, "datetime": {"datetime": "2024-01-19 00:14:44", "elapsed": 174.099545, "delta": 0.000716}}
{"target": -17.67702842890654, "params": {"gamma": 425.7422468027873, "log10_alpha": -0.17307660367884736, "log10_colsample_bytree": -0.6620297242265757, "log10_eta": -2.8802714476996565, "log10_lambda": -4.077793138459246, "log10_min_child_weight": 0.6354894674869688, "log10_subsample": -0.07093726020763513, "max_depth": 6.0, "num_boost_round": 3.0}, "datetime": {"datetime": "2024-01-19 00:14:44", "elapsed": 174.100136, "delta": 0.000591}}
{"target": -17.676953111920078, "params": {"gamma": 425.7422468027873, "log10_alpha": -0.17307660367884736, "log10_colsample_bytree": -0.6620297242265757, "log10_eta": -2.8802714476996565, "log10_lambda": -4.077793138459246, "log10_min_child_weight": 0.6354894674869688, "log10_subsample": -0.07093726020763513, "max_depth": 6.0, "num_boost_round": 4.0}, "datetime": {"datetime": "2024-01-19 00:14:44", "elapsed": 174.100779, "delta": 0.000643}}
{"target": -17.67686101023113, "params": {"gamma": 425.7422468027873, "log10_alpha": -0.17307660367884736, "log10_colsample_bytree": -0.6620297242265757, "log10_eta": -2.8802714476996565, "log10_lambda": -4.077793138459246, "log10_min_child_weight": 0.6354894674869688, "log10_subsample": -0.07093726020763513, "max_depth": 6.0, "num_boost_round": 5.0}, "datetime": {"datetime": "2024-01-19 00:14:44", "elapsed": 174.101651, "delta": 0.000872}}
{"target": -17.67679712244732, "params": {"gamma": 425.7422468027873, "log10_alpha": -0.17307660367884736, "log10_colsample_bytree": -0.6620297242265757, "log10_eta": -2.8802714476996565, "log10_lambda": -4.077793138459246, "log10_min_child_weight": 0.6354894674869688, "log10_subsample": -0.07093726020763513, "max_depth": 6.0, "num_boost_round": 6.0}, "datetime": {"datetime": "2024-01-19 00:14:44", "elapsed": 174.102299, "delta": 0.000648}}
{"target": -17.67673072995336, "params": {"gamma": 425.7422468027873, "log10_alpha": -0.17307660367884736, "log10_colsample_bytree": -0.6620297242265757, "log10_eta": -2.8802714476996565, "log10_lambda": -4.077793138459246, "log10_min_child_weight": 0.6354894674869688, "log10_subsample": -0.07093726020763513, "max_depth": 6.0, "num_boost_round": 7.0}, "datetime": {"datetime": "2024-01-19 00:14:44", "elapsed": 174.10296, "delta": 0.000661}}
{"target": -17.676679949124733, "params": {"gamma": 425.7422468027873, "log10_alpha": -0.17307660367884736, "log10_colsample_bytree": -0.6620297242265757, "log10_eta": -2.8802714476996565, "log10_lambda": -4.077793138459246, "log10_min_child_weight": 0.6354894674869688, "log10_subsample": -0.07093726020763513, "max_depth": 6.0, "num_boost_round": 8.0}, "datetime": {"datetime": "2024-01-19 00:14:44", "elapsed": 174.103619, "delta": 0.000659}}
{"target": -17.676674785011766, "params": {"gamma": 425.7422468027873, "log10_alpha": -0.17307660367884736, "log10_colsample_bytree": -0.6620297242265757, "log10_eta": -2.8802714476996565, "log10_lambda": -4.077793138459246, "log10_min_child_weight": 0.6354894674869688, "log10_subsample": -0.07093726020763513, "max_depth": 6.0, "num_boost_round": 9.0}, "datetime": {"datetime": "2024-01-19 00:14:44", "elapsed": 174.10427, "delta": 0.000651}}
{"target": -17.67655084098926, "params": {"gamma": 425.7422468027873, "log10_alpha": -0.17307660367884736, "log10_colsample_bytree": -0.6620297242265757, "log10_eta": -2.8802714476996565, "log10_lambda": -4.077793138459246, "log10_min_child_weight": 0.6354894674869688, "log10_subsample": -0.07093726020763513, "max_depth": 6.0, "num_boost_round": 10.0}, "datetime": {"datetime": "2024-01-19 00:14:44", "elapsed": 174.104968, "delta": 0.000698}}
