{"target": -13.75852650580005, "params": {"gamma": 869.4171615670695, "log10_alpha": 0.7724904897009086, "log10_colsample_bytree": -0.7863368768586265, "log10_eta": -3.0765849388529776, "log10_lambda": -4.999530078837567, "log10_min_child_weight": 1.6665795106319514, "log10_subsample": -0.6212441015687593, "max_depth": 4.0, "num_boost_round": 0.0}, "datetime": {"datetime": "2024-01-19 00:16:43", "elapsed": 323.4394, "delta": 24.206272}}
{"target": -13.758516916349333, "params": {"gamma": 869.4171615670695, "log10_alpha": 0.7724904897009086, "log10_colsample_bytree": -0.7863368768586265, "log10_eta": -3.0765849388529776, "log10_lambda": -4.999530078837567, "log10_min_child_weight": 1.6665795106319514, "log10_subsample": -0.6212441015687593, "max_depth": 4.0, "num_boost_round": 1.0}, "datetime": {"datetime": "2024-01-19 00:16:43", "elapsed": 323.440154, "delta": 0.000754}}
{"target": -13.75849699228491, "params": {"gamma": 869.4171615670695, "log10_alpha": 0.7724904897009086, "log10_colsample_bytree": -0.7863368768586265, "log10_eta": -3.0765849388529776, "log10_lambda": -4.999530078837567, "log10_min_child_weight": 1.6665795106319514, "log10_subsample": -0.6212441015687593, "max_depth": 4.0, "num_boost_round": 2.0}, "datetime": {"datetime": "2024-01-19 00:16:43", "elapsed": 323.440928, "delta": 0.000774}}
{"target": -13.758483586095865, "params": {"gamma": 869.4171615670695, "log10_alpha": 0.7724904897009086, "log10_colsample_bytree": -0.7863368768586265, "log10_eta": -3.0765849388529776, "log10_lambda": -4.999530078837567, "log10_min_child_weight": 1.6665795106319514, "log10_subsample": -0.6212441015687593, "max_depth": 4.0, "num_boost_round": 3.0}, "datetime": {"datetime": "2024-01-19 00:16:43", "elapsed": 323.441943, "delta": 0.001015}}
{"target": -13.7584720789403, "params": {"gamma": 869.4171615670695, "log10_alpha": 0.7724904897009086, "log10_colsample_bytree": -0.7863368768586265, "log10_eta": -3.0765849388529776, "log10_lambda": -4.999530078837567, "log10_min_child_weight": 1.6665795106319514, "log10_subsample": -0.6212441015687593, "max_depth": 4.0, "num_boost_round": 4.0}, "datetime": {"datetime": "2024-01-19 00:16:43", "elapsed": 323.442528, "delta": 0.000585}}
{"target": -13.758462532605762, "params": {"gamma": 869.4171615670695, "log10_alpha": 0.7724904897009086, "log10_colsample_bytree": -0.7863368768586265, "log10_eta": -3.0765849388529776, "log10_lambda": -4.999530078837567, "log10_min_child_weight": 1.6665795106319514, "log10_subsample": -0.6212441015687593, "max_depth": 4.0, "num_boost_round": 5.0}, "datetime": {"datetime": "2024-01-19 00:16:43", "elapsed": 323.443108, "delta": 0.00058}}
{"target": -13.75844803432617, "params": {"gamma": 869.4171615670695, "log10_alpha": 0.7724904897009086, "log10_colsample_bytree": -0.7863368768586265, "log10_eta": -3.0765849388529776, "log10_lambda": -4.999530078837567, "log10_min_child_weight": 1.6665795106319514, "log10_subsample": -0.6212441015687593, "max_depth": 4.0, "num_boost_round": 6.0}, "datetime": {"datetime": "2024-01-19 00:16:43", "elapsed": 323.44369, "delta": 0.000582}}
{"target": -13.758438123955388, "params": {"gamma": 869.4171615670695, "log10_alpha": 0.7724904897009086, "log10_colsample_bytree": -0.7863368768586265, "log10_eta": -3.0765849388529776, "log10_lambda": -4.999530078837567, "log10_min_child_weight": 1.6665795106319514, "log10_subsample": -0.6212441015687593, "max_depth": 4.0, "num_boost_round": 7.0}, "datetime": {"datetime": "2024-01-19 00:16:43", "elapsed": 323.444356, "delta": 0.000666}}
{"target": -13.758428970405513, "params": {"gamma": 869.4171615670695, "log10_alpha": 0.7724904897009086, "log10_colsample_bytree": -0.7863368768586265, "log10_eta": -3.0765849388529776, "log10_lambda": -4.999530078837567, "log10_min_child_weight": 1.6665795106319514, "log10_subsample": -0.6212441015687593, "max_depth": 4.0, "num_boost_round": 8.0}, "datetime": {"datetime": "2024-01-19 00:16:43", "elapsed": 323.444936, "delta": 0.00058}}
{"target": -13.758424228115242, "params": {"gamma": 869.4171615670695, "log10_alpha": 0.7724904897009086, "log10_colsample_bytree": -0.7863368768586265, "log10_eta": -3.0765849388529776, "log10_lambda": -4.999530078837567, "log10_min_child_weight": 1.6665795106319514, "log10_subsample": -0.6212441015687593, "max_depth": 4.0, "num_boost_round": 9.0}, "datetime": {"datetime": "2024-01-19 00:16:43", "elapsed": 323.445507, "delta": 0.000571}}
{"target": -13.7584134790853, "params": {"gamma": 869.4171615670695, "log10_alpha": 0.7724904897009086, "log10_colsample_bytree": -0.7863368768586265, "log10_eta": -3.0765849388529776, "log10_lambda": -4.999530078837567, "log10_min_child_weight": 1.6665795106319514, "log10_subsample": -0.6212441015687593, "max_depth": 4.0, "num_boost_round": 10.0}, "datetime": {"datetime": "2024-01-19 00:16:43", "elapsed": 323.446082, "delta": 0.000575}}
{"target": -13.75840761583927, "params": {"gamma": 869.4171615670695, "log10_alpha": 0.7724904897009086, "log10_colsample_bytree": -0.7863368768586265, "log10_eta": -3.0765849388529776, "log10_lambda": -4.999530078837567, "log10_min_child_weight": 1.6665795106319514, "log10_subsample": -0.6212441015687593, "max_depth": 4.0, "num_boost_round": 11.0}, "datetime": {"datetime": "2024-01-19 00:16:43", "elapsed": 323.446659, "delta": 0.000577}}
{"target": -13.758402402240604, "params": {"gamma": 869.4171615670695, "log10_alpha": 0.7724904897009086, "log10_colsample_bytree": -0.7863368768586265, "log10_eta": -3.0765849388529776, "log10_lambda": -4.999530078837567, "log10_min_child_weight": 1.6665795106319514, "log10_subsample": -0.6212441015687593, "max_depth": 4.0, "num_boost_round": 12.0}, "datetime": {"datetime": "2024-01-19 00:16:43", "elapsed": 323.447238, "delta": 0.000579}}
{"target": -13.75836290753827, "params": {"gamma": 869.4171615670695, "log10_alpha": 0.7724904897009086, "log10_colsample_bytree": -0.7863368768586265, "log10_eta": -3.0765849388529776, "log10_lambda": -4.999530078837567, "log10_min_child_weight": 1.6665795106319514, "log10_subsample": -0.6212441015687593, "max_depth": 4.0, "num_boost_round": 13.0}, "datetime": {"datetime": "2024-01-19 00:16:43", "elapsed": 323.447817, "delta": 0.000579}}
{"target": -13.758374369888081, "params": {"gamma": 869.4171615670695, "log10_alpha": 0.7724904897009086, "log10_colsample_bytree": -0.7863368768586265, "log10_eta": -3.0765849388529776, "log10_lambda": -4.999530078837567, "log10_min_child_weight": 1.6665795106319514, "log10_subsample": -0.6212441015687593, "max_depth": 4.0, "num_boost_round": 14.0}, "datetime": {"datetime": "2024-01-19 00:16:43", "elapsed": 323.448429, "delta": 0.000612}}
{"target": -13.75833993242957, "params": {"gamma": 869.4171615670695, "log10_alpha": 0.7724904897009086, "log10_colsample_bytree": -0.7863368768586265, "log10_eta": -3.0765849388529776, "log10_lambda": -4.999530078837567, "log10_min_child_weight": 1.6665795106319514, "log10_subsample": -0.6212441015687593, "max_depth": 4.0, "num_boost_round": 15.0}, "datetime": {"datetime": "2024-01-19 00:16:43", "elapsed": 323.449013, "delta": 0.000584}}
{"target": -13.758339715445613, "params": {"gamma": 869.4171615670695, "log10_alpha": 0.7724904897009086, "log10_colsample_bytree": -0.7863368768586265, "log10_eta": -3.0765849388529776, "log10_lambda": -4.999530078837567, "log10_min_child_weight": 1.6665795106319514, "log10_subsample": -0.6212441015687593, "max_depth": 4.0, "num_boost_round": 16.0}, "datetime": {"datetime": "2024-01-19 00:16:43", "elapsed": 323.44959, "delta": 0.000577}}
{"target": -13.758328621972264, "params": {"gamma": 869.4171615670695, "log10_alpha": 0.7724904897009086, "log10_colsample_bytree": -0.7863368768586265, "log10_eta": -3.0765849388529776, "log10_lambda": -4.999530078837567, "log10_min_child_weight": 1.6665795106319514, "log10_subsample": -0.6212441015687593, "max_depth": 4.0, "num_boost_round": 17.0}, "datetime": {"datetime": "2024-01-19 00:16:43", "elapsed": 323.450174, "delta": 0.000584}}
{"target": -13.758319473555805, "params": {"gamma": 869.4171615670695, "log10_alpha": 0.7724904897009086, "log10_colsample_bytree": -0.7863368768586265, "log10_eta": -3.0765849388529776, "log10_lambda": -4.999530078837567, "log10_min_child_weight": 1.6665795106319514, "log10_subsample": -0.6212441015687593, "max_depth": 4.0, "num_boost_round": 18.0}, "datetime": {"datetime": "2024-01-19 00:16:43", "elapsed": 323.450763, "delta": 0.000589}}
{"target": -13.758321521272324, "params": {"gamma": 869.4171615670695, "log10_alpha": 0.7724904897009086, "log10_colsample_bytree": -0.7863368768586265, "log10_eta": -3.0765849388529776, "log10_lambda": -4.999530078837567, "log10_min_child_weight": 1.6665795106319514, "log10_subsample": -0.6212441015687593, "max_depth": 4.0, "num_boost_round": 19.0}, "datetime": {"datetime": "2024-01-19 00:16:43", "elapsed": 323.451346, "delta": 0.000583}}
{"target": -13.758293052875961, "params": {"gamma": 869.4171615670695, "log10_alpha": 0.7724904897009086, "log10_colsample_bytree": -0.7863368768586265, "log10_eta": -3.0765849388529776, "log10_lambda": -4.999530078837567, "log10_min_child_weight": 1.6665795106319514, "log10_subsample": -0.6212441015687593, "max_depth": 4.0, "num_boost_round": 20.0}, "datetime": {"datetime": "2024-01-19 00:16:43", "elapsed": 323.451939, "delta": 0.000593}}
{"target": -13.758282136377549, "params": {"gamma": 869.4171615670695, "log10_alpha": 0.7724904897009086, "log10_colsample_bytree": -0.7863368768586265, "log10_eta": -3.0765849388529776, "log10_lambda": -4.999530078837567, "log10_min_child_weight": 1.6665795106319514, "log10_subsample": -0.6212441015687593, "max_depth": 4.0, "num_boost_round": 21.0}, "datetime": {"datetime": "2024-01-19 00:16:43", "elapsed": 323.452612, "delta": 0.000673}}
{"target": -13.758272852664692, "params": {"gamma": 869.4171615670695, "log10_alpha": 0.7724904897009086, "log10_colsample_bytree": -0.7863368768586265, "log10_eta": -3.0765849388529776, "log10_lambda": -4.999530078837567, "log10_min_child_weight": 1.6665795106319514, "log10_subsample": -0.6212441015687593, "max_depth": 4.0, "num_boost_round": 22.0}, "datetime": {"datetime": "2024-01-19 00:16:43", "elapsed": 323.453213, "delta": 0.000601}}
{"target": -13.758253487827966, "params": {"gamma": 869.4171615670695, "log10_alpha": 0.7724904897009086, "log10_colsample_bytree": -0.7863368768586265, "log10_eta": -3.0765849388529776, "log10_lambda": -4.999530078837567, "log10_min_child_weight": 1.6665795106319514, "log10_subsample": -0.6212441015687593, "max_depth": 4.0, "num_boost_round": 23.0}, "datetime": {"datetime": "2024-01-19 00:16:43", "elapsed": 323.453818, "delta": 0.000605}}
{"target": -13.758244571075254, "params": {"gamma": 869.4171615670695, "log10_alpha": 0.7724904897009086, "log10_colsample_bytree": -0.7863368768586265, "log10_eta": -3.0765849388529776, "log10_lambda": -4.999530078837567, "log10_min_child_weight": 1.6665795106319514, "log10_subsample": -0.6212441015687593, "max_depth": 4.0, "num_boost_round": 24.0}, "datetime": {"datetime": "2024-01-19 00:16:43", "elapsed": 323.454401, "delta": 0.000583}}
{"target": -13.758224968604294, "params": {"gamma": 869.4171615670695, "log10_alpha": 0.7724904897009086, "log10_colsample_bytree": -0.7863368768586265, "log10_eta": -3.0765849388529776, "log10_lambda": -4.999530078837567, "log10_min_child_weight": 1.6665795106319514, "log10_subsample": -0.6212441015687593, "max_depth": 4.0, "num_boost_round": 25.0}, "datetime": {"datetime": "2024-01-19 00:16:43", "elapsed": 323.455024, "delta": 0.000623}}
{"target": -13.75820741262706, "params": {"gamma": 869.4171615670695, "log10_alpha": 0.7724904897009086, "log10_colsample_bytree": -0.7863368768586265, "log10_eta": -3.0765849388529776, "log10_lambda": -4.999530078837567, "log10_min_child_weight": 1.6665795106319514, "log10_subsample": -0.6212441015687593, "max_depth": 4.0, "num_boost_round": 26.0}, "datetime": {"datetime": "2024-01-19 00:16:43", "elapsed": 323.455613, "delta": 0.000589}}
{"target": -13.758186443364202, "params": {"gamma": 869.4171615670695, "log10_alpha": 0.7724904897009086, "log10_colsample_bytree": -0.7863368768586265, "log10_eta": -3.0765849388529776, "log10_lambda": -4.999530078837567, "log10_min_child_weight": 1.6665795106319514, "log10_subsample": -0.6212441015687593, "max_depth": 4.0, "num_boost_round": 27.0}, "datetime": {"datetime": "2024-01-19 00:16:43", "elapsed": 323.456232, "delta": 0.000619}}
{"target": -13.758153147127144, "params": {"gamma": 869.4171615670695, "log10_alpha": 0.7724904897009086, "log10_colsample_bytree": -0.7863368768586265, "log10_eta": -3.0765849388529776, "log10_lambda": -4.999530078837567, "log10_min_child_weight": 1.6665795106319514, "log10_subsample": -0.6212441015687593, "max_depth": 4.0, "num_boost_round": 28.0}, "datetime": {"datetime": "2024-01-19 00:16:43", "elapsed": 323.456845, "delta": 0.000613}}
{"target": -13.758078174428663, "params": {"gamma": 869.4171615670695, "log10_alpha": 0.7724904897009086, "log10_colsample_bytree": -0.7863368768586265, "log10_eta": -3.0765849388529776, "log10_lambda": -4.999530078837567, "log10_min_child_weight": 1.6665795106319514, "log10_subsample": -0.6212441015687593, "max_depth": 4.0, "num_boost_round": 29.0}, "datetime": {"datetime": "2024-01-19 00:16:43", "elapsed": 323.457421, "delta": 0.000576}}
{"target": -13.758534881369386, "params": {"gamma": 867.4532290092787, "log10_alpha": -2.793841995677491, "log10_colsample_bytree": -0.28057257423341175, "log10_eta": -3.31369852162152, "log10_lambda": -4.413843227573257, "log10_min_child_weight": 4.933425664054645, "log10_subsample": -0.5882856796960346, "max_depth": 7.0, "num_boost_round": 0.0}, "datetime": {"datetime": "2024-01-19 00:17:05", "elapsed": 345.536221, "delta": 22.0788}}
{"target": -13.758533583246615, "params": {"gamma": 867.4532290092787, "log10_alpha": -2.793841995677491, "log10_colsample_bytree": -0.28057257423341175, "log10_eta": -3.31369852162152, "log10_lambda": -4.413843227573257, "log10_min_child_weight": 4.933425664054645, "log10_subsample": -0.5882856796960346, "max_depth": 7.0, "num_boost_round": 1.0}, "datetime": {"datetime": "2024-01-19 00:17:05", "elapsed": 345.537417, "delta": 0.001196}}
{"target": -13.75853255394378, "params": {"gamma": 867.4532290092787, "log10_alpha": -2.793841995677491, "log10_colsample_bytree": -0.28057257423341175, "log10_eta": -3.31369852162152, "log10_lambda": -4.413843227573257, "log10_min_child_weight": 4.933425664054645, "log10_subsample": -0.5882856796960346, "max_depth": 7.0, "num_boost_round": 2.0}, "datetime": {"datetime": "2024-01-19 00:17:05", "elapsed": 345.538348, "delta": 0.000931}}
{"target": -13.758531195059945, "params": {"gamma": 867.4532290092787, "log10_alpha": -2.793841995677491, "log10_colsample_bytree": -0.28057257423341175, "log10_eta": -3.31369852162152, "log10_lambda": -4.413843227573257, "log10_min_child_weight": 4.933425664054645, "log10_subsample": -0.5882856796960346, "max_depth": 7.0, "num_boost_round": 3.0}, "datetime": {"datetime": "2024-01-19 00:17:05", "elapsed": 345.539282, "delta": 0.000934}}
{"target": -13.758529841051944, "params": {"gamma": 867.4532290092787, "log10_alpha": -2.793841995677491, "log10_colsample_bytree": -0.28057257423341175, "log10_eta": -3.31369852162152, "log10_lambda": -4.413843227573257, "log10_min_child_weight": 4.933425664054645, "log10_subsample": -0.5882856796960346, "max_depth": 7.0, "num_boost_round": 4.0}, "datetime": {"datetime": "2024-01-19 00:17:05", "elapsed": 345.539898, "delta": 0.000616}}
{"target": -13.758528050364118, "params": {"gamma": 867.4532290092787, "log10_alpha": -2.793841995677491, "log10_colsample_bytree": -0.28057257423341175, "log10_eta": -3.31369852162152, "log10_lambda": -4.413843227573257, "log10_min_child_weight": 4.933425664054645, "log10_subsample": -0.5882856796960346, "max_depth": 7.0, "num_boost_round": 5.0}, "datetime": {"datetime": "2024-01-19 00:17:05", "elapsed": 345.540505, "delta": 0.000607}}
{"target": -13.758525802876711, "params": {"gamma": 867.4532290092787, "log10_alpha": -2.793841995677491, "log10_colsample_bytree": -0.28057257423341175, "log10_eta": -3.31369852162152, "log10_lambda": -4.413843227573257, "log10_min_child_weight": 4.933425664054645, "log10_subsample": -0.5882856796960346, "max_depth": 7.0, "num_boost_round": 6.0}, "datetime": {"datetime": "2024-01-19 00:17:05", "elapsed": 345.541121, "delta": 0.000616}}
{"target": -13.758523957517056, "params": {"gamma": 867.4532290092787, "log10_alpha": -2.793841995677491, "log10_colsample_bytree": -0.28057257423341175, "log10_eta": -3.31369852162152, "log10_lambda": -4.413843227573257, "log10_min_child_weight": 4.933425664054645, "log10_subsample": -0.5882856796960346, "max_depth": 7.0, "num_boost_round": 7.0}, "datetime": {"datetime": "2024-01-19 00:17:05", "elapsed": 345.541861, "delta": 0.00074}}
{"target": -13.758521944875795, "params": {"gamma": 867.4532290092787, "log10_alpha": -2.793841995677491, "log10_colsample_bytree": -0.28057257423341175, "log10_eta": -3.31369852162152, "log10_lambda": -4.413843227573257, "log10_min_child_weight": 4.933425664054645, "log10_subsample": -0.5882856796960346, "max_depth": 7.0, "num_boost_round": 8.0}, "datetime": {"datetime": "2024-01-19 00:17:05", "elapsed": 345.542498, "delta": 0.000637}}
{"target": -13.758521299471335, "params": {"gamma": 867.4532290092787, "log10_alpha": -2.793841995677491, "log10_colsample_bytree": -0.28057257423341175, "log10_eta": -3.31369852162152, "log10_lambda": -4.413843227573257, "log10_min_child_weight": 4.933425664054645, "log10_subsample": -0.5882856796960346, "max_depth": 7.0, "num_boost_round": 9.0}, "datetime": {"datetime": "2024-01-19 00:17:05", "elapsed": 345.543116, "delta": 0.000618}}
{"target": -13.758519476135387, "params": {"gamma": 867.4532290092787, "log10_alpha": -2.793841995677491, "log10_colsample_bytree": -0.28057257423341175, "log10_eta": -3.31369852162152, "log10_lambda": -4.413843227573257, "log10_min_child_weight": 4.933425664054645, "log10_subsample": -0.5882856796960346, "max_depth": 7.0, "num_boost_round": 10.0}, "datetime": {"datetime": "2024-01-19 00:17:05", "elapsed": 345.543733, "delta": 0.000617}}
{"target": -13.75851801440223, "params": {"gamma": 867.4532290092787, "log10_alpha": -2.793841995677491, "log10_colsample_bytree": -0.28057257423341175, "log10_eta": -3.31369852162152, "log10_lambda": -4.413843227573257, "log10_min_child_weight": 4.933425664054645, "log10_subsample": -0.5882856796960346, "max_depth": 7.0, "num_boost_round": 11.0}, "datetime": {"datetime": "2024-01-19 00:17:05", "elapsed": 345.544387, "delta": 0.000654}}
{"target": -13.758516151653128, "params": {"gamma": 867.4532290092787, "log10_alpha": -2.793841995677491, "log10_colsample_bytree": -0.28057257423341175, "log10_eta": -3.31369852162152, "log10_lambda": -4.413843227573257, "log10_min_child_weight": 4.933425664054645, "log10_subsample": -0.5882856796960346, "max_depth": 7.0, "num_boost_round": 12.0}, "datetime": {"datetime": "2024-01-19 00:17:05", "elapsed": 345.545021, "delta": 0.000634}}
{"target": -13.758514477752508, "params": {"gamma": 867.4532290092787, "log10_alpha": -2.793841995677491, "log10_colsample_bytree": -0.28057257423341175, "log10_eta": -3.31369852162152, "log10_lambda": -4.413843227573257, "log10_min_child_weight": 4.933425664054645, "log10_subsample": -0.5882856796960346, "max_depth": 7.0, "num_boost_round": 13.0}, "datetime": {"datetime": "2024-01-19 00:17:05", "elapsed": 345.545663, "delta": 0.000642}}
{"target": -13.758514258429912, "params": {"gamma": 867.4532290092787, "log10_alpha": -2.793841995677491, "log10_colsample_bytree": -0.28057257423341175, "log10_eta": -3.31369852162152, "log10_lambda": -4.413843227573257, "log10_min_child_weight": 4.933425664054645, "log10_subsample": -0.5882856796960346, "max_depth": 7.0, "num_boost_round": 14.0}, "datetime": {"datetime": "2024-01-19 00:17:05", "elapsed": 345.54661, "delta": 0.000947}}
{"target": -13.758512698941804, "params": {"gamma": 867.4532290092787, "log10_alpha": -2.793841995677491, "log10_colsample_bytree": -0.28057257423341175, "log10_eta": -3.31369852162152, "log10_lambda": -4.413843227573257, "log10_min_child_weight": 4.933425664054645, "log10_subsample": -0.5882856796960346, "max_depth": 7.0, "num_boost_round": 15.0}, "datetime": {"datetime": "2024-01-19 00:17:05", "elapsed": 345.547281, "delta": 0.000671}}
{"target": -13.75850972515507, "params": {"gamma": 867.4532290092787, "log10_alpha": -2.793841995677491, "log10_colsample_bytree": -0.28057257423341175, "log10_eta": -3.31369852162152, "log10_lambda": -4.413843227573257, "log10_min_child_weight": 4.933425664054645, "log10_subsample": -0.5882856796960346, "max_depth": 7.0, "num_boost_round": 16.0}, "datetime": {"datetime": "2024-01-19 00:17:05", "elapsed": 345.547948, "delta": 0.000667}}
{"target": -13.758507740519486, "params": {"gamma": 867.4532290092787, "log10_alpha": -2.793841995677491, "log10_colsample_bytree": -0.28057257423341175, "log10_eta": -3.31369852162152, "log10_lambda": -4.413843227573257, "log10_min_child_weight": 4.933425664054645, "log10_subsample": -0.5882856796960346, "max_depth": 7.0, "num_boost_round": 17.0}, "datetime": {"datetime": "2024-01-19 00:17:05", "elapsed": 345.548583, "delta": 0.000635}}
{"target": -13.758505782796695, "params": {"gamma": 867.4532290092787, "log10_alpha": -2.793841995677491, "log10_colsample_bytree": -0.28057257423341175, "log10_eta": -3.31369852162152, "log10_lambda": -4.413843227573257, "log10_min_child_weight": 4.933425664054645, "log10_subsample": -0.5882856796960346, "max_depth": 7.0, "num_boost_round": 18.0}, "datetime": {"datetime": "2024-01-19 00:17:05", "elapsed": 345.549257, "delta": 0.000674}}
