{"target": -17.67716475121969, "params": {"gamma": 178.05777665503498, "log10_alpha": -1.9153113098345043, "log10_colsample_bytree": -0.8155829900528708, "log10_eta": -3.357211277197348, "log10_lambda": -1.2823034576034766, "log10_min_child_weight": 4.372400089047106, "log10_subsample": -0.0655167888165189, "max_depth": 4.0, "num_boost_round": 24.0}, "datetime": {"datetime": "2024-01-19 00:25:09", "elapsed": 794.318011, "delta": 0.001268}}
{"target": -17.67716507024925, "params": {"gamma": 178.05777665503498, "log10_alpha": -1.9153113098345043, "log10_colsample_bytree": -0.8155829900528708, "log10_eta": -3.357211277197348, "log10_lambda": -1.2823034576034766, "log10_min_child_weight": 4.372400089047106, "log10_subsample": -0.0655167888165189, "max_depth": 4.0, "num_boost_round": 25.0}, "datetime": {"datetime": "2024-01-19 00:25:09", "elapsed": 794.319306, "delta": 0.001295}}
{"target": -17.6771612698003, "params": {"gamma": 178.05777665503498, "log10_alpha": -1.9153113098345043, "log10_colsample_bytree": -0.8155829900528708, "log10_eta": -3.357211277197348, "log10_lambda": -1.2823034576034766, "log10_min_child_weight": 4.372400089047106, "log10_subsample": -0.0655167888165189, "max_depth": 4.0, "num_boost_round": 26.0}, "datetime": {"datetime": "2024-01-19 00:25:09", "elapsed": 794.320584, "delta": 0.001278}}
{"target": -17.677152814353565, "params": {"gamma": 178.05777665503498, "log10_alpha": -1.9153113098345043, "log10_colsample_bytree": -0.8155829900528708, "log10_eta": -3.357211277197348, "log10_lambda": -1.2823034576034766, "log10_min_child_weight": 4.372400089047106, "log10_subsample": -0.0655167888165189, "max_depth": 4.0, "num_boost_round": 27.0}, "datetime": {"datetime": "2024-01-19 00:25:09", "elapsed": 794.321886, "delta": 0.001302}}
{"target": -17.677157989512548, "params": {"gamma": 178.05777665503498, "log10_alpha": -1.9153113098345043, "log10_colsample_bytree": -0.8155829900528708, "log10_eta": -3.357211277197348, "log10_lambda": -1.2823034576034766, "log10_min_child_weight": 4.372400089047106, "log10_subsample": -0.0655167888165189, "max_depth": 4.0, "num_boost_round": 28.0}, "datetime": {"datetime": "2024-01-19 00:25:09", "elapsed": 794.32323, "delta": 0.001344}}
{"target": -17.677155418921465, "params": {"gamma": 178.05777665503498, "log10_alpha": -1.9153113098345043, "log10_colsample_bytree": -0.8155829900528708, "log10_eta": -3.357211277197348, "log10_lambda": -1.2823034576034766, "log10_min_child_weight": 4.372400089047106, "log10_subsample": -0.0655167888165189, "max_depth": 4.0, "num_boost_round": 29.0}, "datetime": {"datetime": "2024-01-19 00:25:09", "elapsed": 794.324557, "delta": 0.001327}}
{"target": -17.67714967466223, "params": {"gamma": 178.05777665503498, "log10_alpha": -1.9153113098345043, "log10_colsample_bytree": -0.8155829900528708, "log10_eta": -3.357211277197348, "log10_lambda": -1.2823034576034766, "log10_min_child_weight": 4.372400089047106, "log10_subsample": -0.0655167888165189, "max_depth": 4.0, "num_boost_round": 30.0}, "datetime": {"datetime": "2024-01-19 00:25:09", "elapsed": 794.325828, "delta": 0.001271}}
{"target": -17.677144490962707, "params": {"gamma": 178.05777665503498, "log10_alpha": -1.9153113098345043, "log10_colsample_bytree": -0.8155829900528708, "log10_eta": -3.357211277197348, "log10_lambda": -1.2823034576034766, "log10_min_child_weight": 4.372400089047106, "log10_subsample": -0.0655167888165189, "max_depth": 4.0, "num_boost_round": 31.0}, "datetime": {"datetime": "2024-01-19 00:25:09", "elapsed": 794.327117, "delta": 0.001289}}
{"target": -17.677149002771092, "params": {"gamma": 178.05777665503498, "log10_alpha": -1.9153113098345043, "log10_colsample_bytree": -0.8155829900528708, "log10_eta": -3.357211277197348, "log10_lambda": -1.2823034576034766, "log10_min_child_weight": 4.372400089047106, "log10_subsample": -0.0655167888165189, "max_depth": 4.0, "num_boost_round": 32.0}, "datetime": {"datetime": "2024-01-19 00:25:09", "elapsed": 794.328393, "delta": 0.001276}}
{"target": -17.677146177054905, "params": {"gamma": 178.05777665503498, "log10_alpha": -1.9153113098345043, "log10_colsample_bytree": -0.8155829900528708, "log10_eta": -3.357211277197348, "log10_lambda": -1.2823034576034766, "log10_min_child_weight": 4.372400089047106, "log10_subsample": -0.0655167888165189, "max_depth": 4.0, "num_boost_round": 33.0}, "datetime": {"datetime": "2024-01-19 00:25:09", "elapsed": 794.329707, "delta": 0.001314}}
{"target": -17.67714041294869, "params": {"gamma": 178.05777665503498, "log10_alpha": -1.9153113098345043, "log10_colsample_bytree": -0.8155829900528708, "log10_eta": -3.357211277197348, "log10_lambda": -1.2823034576034766, "log10_min_child_weight": 4.372400089047106, "log10_subsample": -0.0655167888165189, "max_depth": 4.0, "num_boost_round": 34.0}, "datetime": {"datetime": "2024-01-19 00:25:09", "elapsed": 794.331001, "delta": 0.001294}}
{"target": -17.67713689112082, "params": {"gamma": 178.05777665503498, "log10_alpha": -1.9153113098345043, "log10_colsample_bytree": -0.8155829900528708, "log10_eta": -3.357211277197348, "log10_lambda": -1.2823034576034766, "log10_min_child_weight": 4.372400089047106, "log10_subsample": -0.0655167888165189, "max_depth": 4.0, "num_boost_round": 35.0}, "datetime": {"datetime": "2024-01-19 00:25:09", "elapsed": 794.332305, "delta": 0.001304}}
{"target": -17.677140567303322, "params": {"gamma": 178.05777665503498, "log10_alpha": -1.9153113098345043, "log10_colsample_bytree": -0.8155829900528708, "log10_eta": -3.357211277197348, "log10_lambda": -1.2823034576034766, "log10_min_child_weight": 4.372400089047106, "log10_subsample": -0.0655167888165189, "max_depth": 4.0, "num_boost_round": 36.0}, "datetime": {"datetime": "2024-01-19 00:25:09", "elapsed": 794.333595, "delta": 0.00129}}
{"target": -17.677140696258483, "params": {"gamma": 178.05777665503498, "log10_alpha": -1.9153113098345043, "log10_colsample_bytree": -0.8155829900528708, "log10_eta": -3.357211277197348, "log10_lambda": -1.2823034576034766, "log10_min_child_weight": 4.372400089047106, "log10_subsample": -0.0655167888165189, "max_depth": 4.0, "num_boost_round": 37.0}, "datetime": {"datetime": "2024-01-19 00:25:09", "elapsed": 794.334872, "delta": 0.001277}}
{"target": -17.677136862944593, "params": {"gamma": 178.05777665503498, "log10_alpha": -1.9153113098345043, "log10_colsample_bytree": -0.8155829900528708, "log10_eta": -3.357211277197348, "log10_lambda": -1.2823034576034766, "log10_min_child_weight": 4.372400089047106, "log10_subsample": -0.0655167888165189, "max_depth": 4.0, "num_boost_round": 38.0}, "datetime": {"datetime": "2024-01-19 00:25:09", "elapsed": 794.336179, "delta": 0.001307}}
{"target": -17.677134759590903, "params": {"gamma": 178.05777665503498, "log10_alpha": -1.9153113098345043, "log10_colsample_bytree": -0.8155829900528708, "log10_eta": -3.357211277197348, "log10_lambda": -1.2823034576034766, "log10_min_child_weight": 4.372400089047106, "log10_subsample": -0.0655167888165189, "max_depth": 4.0, "num_boost_round": 39.0}, "datetime": {"datetime": "2024-01-19 00:25:09", "elapsed": 794.337487, "delta": 0.001308}}
{"target": -17.677130998564433, "params": {"gamma": 178.05777665503498, "log10_alpha": -1.9153113098345043, "log10_colsample_bytree": -0.8155829900528708, "log10_eta": -3.357211277197348, "log10_lambda": -1.2823034576034766, "log10_min_child_weight": 4.372400089047106, "log10_subsample": -0.0655167888165189, "max_depth": 4.0, "num_boost_round": 40.0}, "datetime": {"datetime": "2024-01-19 00:25:09", "elapsed": 794.338776, "delta": 0.001289}}
{"target": -17.677347866187684, "params": {"gamma": 175.13304646684202, "log10_alpha": -0.7296158329910485, "log10_colsample_bytree": -0.17762553630182254, "log10_eta": -1.1514729020472925, "log10_lambda": -3.511311329157935, "log10_min_child_weight": 4.4348294206426395, "log10_subsample": -0.9640412519308159, "max_depth": 3.0, "num_boost_round": 0.0}, "datetime": {"datetime": "2024-01-19 00:25:43", "elapsed": 827.729572, "delta": 33.390796}}
{"target": -17.6776424200533, "params": {"gamma": 175.13304646684202, "log10_alpha": -0.7296158329910485, "log10_colsample_bytree": -0.17762553630182254, "log10_eta": -1.1514729020472925, "log10_lambda": -3.511311329157935, "log10_min_child_weight": 4.4348294206426395, "log10_subsample": -0.9640412519308159, "max_depth": 3.0, "num_boost_round": 1.0}, "datetime": {"datetime": "2024-01-19 00:25:43", "elapsed": 827.731756, "delta": 0.002184}}
{"target": -17.677021441548398, "params": {"gamma": 175.13304646684202, "log10_alpha": -0.7296158329910485, "log10_colsample_bytree": -0.17762553630182254, "log10_eta": -1.1514729020472925, "log10_lambda": -3.511311329157935, "log10_min_child_weight": 4.4348294206426395, "log10_subsample": -0.9640412519308159, "max_depth": 3.0, "num_boost_round": 2.0}, "datetime": {"datetime": "2024-01-19 00:25:43", "elapsed": 827.733589, "delta": 0.001833}}
{"target": -17.676817571738887, "params": {"gamma": 175.13304646684202, "log10_alpha": -0.7296158329910485, "log10_colsample_bytree": -0.17762553630182254, "log10_eta": -1.1514729020472925, "log10_lambda": -3.511311329157935, "log10_min_child_weight": 4.4348294206426395, "log10_subsample": -0.9640412519308159, "max_depth": 3.0, "num_boost_round": 3.0}, "datetime": {"datetime": "2024-01-19 00:25:43", "elapsed": 827.735099, "delta": 0.00151}}
{"target": -17.676914996181942, "params": {"gamma": 175.13304646684202, "log10_alpha": -0.7296158329910485, "log10_colsample_bytree": -0.17762553630182254, "log10_eta": -1.1514729020472925, "log10_lambda": -3.511311329157935, "log10_min_child_weight": 4.4348294206426395, "log10_subsample": -0.9640412519308159, "max_depth": 3.0, "num_boost_round": 4.0}, "datetime": {"datetime": "2024-01-19 00:25:43", "elapsed": 827.736365, "delta": 0.001266}}
{"target": -17.67735315361145, "params": {"gamma": 175.13304646684202, "log10_alpha": -0.7296158329910485, "log10_colsample_bytree": -0.17762553630182254, "log10_eta": -1.1514729020472925, "log10_lambda": -3.511311329157935, "log10_min_child_weight": 4.4348294206426395, "log10_subsample": -0.9640412519308159, "max_depth": 3.0, "num_boost_round": 5.0}, "datetime": {"datetime": "2024-01-19 00:25:43", "elapsed": 827.738081, "delta": 0.001716}}
{"target": -17.677351288568644, "params": {"gamma": 175.13304646684202, "log10_alpha": -0.7296158329910485, "log10_colsample_bytree": -0.17762553630182254, "log10_eta": -1.1514729020472925, "log10_lambda": -3.511311329157935, "log10_min_child_weight": 4.4348294206426395, "log10_subsample": -0.9640412519308159, "max_depth": 3.0, "num_boost_round": 6.0}, "datetime": {"datetime": "2024-01-19 00:25:43", "elapsed": 827.739629, "delta": 0.001548}}
{"target": -17.677501588036506, "params": {"gamma": 175.13304646684202, "log10_alpha": -0.7296158329910485, "log10_colsample_bytree": -0.17762553630182254, "log10_eta": -1.1514729020472925, "log10_lambda": -3.511311329157935, "log10_min_child_weight": 4.4348294206426395, "log10_subsample": -0.9640412519308159, "max_depth": 3.0, "num_boost_round": 7.0}, "datetime": {"datetime": "2024-01-19 00:25:43", "elapsed": 827.741055, "delta": 0.001426}}
{"target": -17.677461255130186, "params": {"gamma": 175.13304646684202, "log10_alpha": -0.7296158329910485, "log10_colsample_bytree": -0.17762553630182254, "log10_eta": -1.1514729020472925, "log10_lambda": -3.511311329157935, "log10_min_child_weight": 4.4348294206426395, "log10_subsample": -0.9640412519308159, "max_depth": 3.0, "num_boost_round": 8.0}, "datetime": {"datetime": "2024-01-19 00:25:43", "elapsed": 827.742336, "delta": 0.001281}}
{"target": -17.676929127904895, "params": {"gamma": 175.13304646684202, "log10_alpha": -0.7296158329910485, "log10_colsample_bytree": -0.17762553630182254, "log10_eta": -1.1514729020472925, "log10_lambda": -3.511311329157935, "log10_min_child_weight": 4.4348294206426395, "log10_subsample": -0.9640412519308159, "max_depth": 3.0, "num_boost_round": 9.0}, "datetime": {"datetime": "2024-01-19 00:25:43", "elapsed": 827.743606, "delta": 0.00127}}
{"target": -17.677321080480336, "params": {"gamma": 175.13304646684202, "log10_alpha": -0.7296158329910485, "log10_colsample_bytree": -0.17762553630182254, "log10_eta": -1.1514729020472925, "log10_lambda": -3.511311329157935, "log10_min_child_weight": 4.4348294206426395, "log10_subsample": -0.9640412519308159, "max_depth": 3.0, "num_boost_round": 10.0}, "datetime": {"datetime": "2024-01-19 00:25:43", "elapsed": 827.744903, "delta": 0.001297}}
{"target": -17.677481825528332, "params": {"gamma": 175.13304646684202, "log10_alpha": -0.7296158329910485, "log10_colsample_bytree": -0.17762553630182254, "log10_eta": -1.1514729020472925, "log10_lambda": -3.511311329157935, "log10_min_child_weight": 4.4348294206426395, "log10_subsample": -0.9640412519308159, "max_depth": 3.0, "num_boost_round": 11.0}, "datetime": {"datetime": "2024-01-19 00:25:43", "elapsed": 827.746217, "delta": 0.001314}}
{"target": -17.678152496161413, "params": {"gamma": 175.13304646684202, "log10_alpha": -0.7296158329910485, "log10_colsample_bytree": -0.17762553630182254, "log10_eta": -1.1514729020472925, "log10_lambda": -3.511311329157935, "log10_min_child_weight": 4.4348294206426395, "log10_subsample": -0.9640412519308159, "max_depth": 3.0, "num_boost_round": 12.0}, "datetime": {"datetime": "2024-01-19 00:25:43", "elapsed": 827.74754, "delta": 0.001323}}
{"target": -17.677606315234026, "params": {"gamma": 175.13304646684202, "log10_alpha": -0.7296158329910485, "log10_colsample_bytree": -0.17762553630182254, "log10_eta": -1.1514729020472925, "log10_lambda": -3.511311329157935, "log10_min_child_weight": 4.4348294206426395, "log10_subsample": -0.9640412519308159, "max_depth": 3.0, "num_boost_round": 13.0}, "datetime": {"datetime": "2024-01-19 00:25:43", "elapsed": 827.748871, "delta": 0.001331}}
{"target": -17.67807627549767, "params": {"gamma": 175.13304646684202, "log10_alpha": -0.7296158329910485, "log10_colsample_bytree": -0.17762553630182254, "log10_eta": -1.1514729020472925, "log10_lambda": -3.511311329157935, "log10_min_child_weight": 4.4348294206426395, "log10_subsample": -0.9640412519308159, "max_depth": 3.0, "num_boost_round": 14.0}, "datetime": {"datetime": "2024-01-19 00:25:43", "elapsed": 827.750213, "delta": 0.001342}}
{"target": -17.67790138622898, "params": {"gamma": 175.13304646684202, "log10_alpha": -0.7296158329910485, "log10_colsample_bytree": -0.17762553630182254, "log10_eta": -1.1514729020472925, "log10_lambda": -3.511311329157935, "log10_min_child_weight": 4.4348294206426395, "log10_subsample": -0.9640412519308159, "max_depth": 3.0, "num_boost_round": 15.0}, "datetime": {"datetime": "2024-01-19 00:25:43", "elapsed": 827.751537, "delta": 0.001324}}
{"target": -17.67790583707649, "params": {"gamma": 175.13304646684202, "log10_alpha": -0.7296158329910485, "log10_colsample_bytree": -0.17762553630182254, "log10_eta": -1.1514729020472925, "log10_lambda": -3.511311329157935, "log10_min_child_weight": 4.4348294206426395, "log10_subsample": -0.9640412519308159, "max_depth": 3.0, "num_boost_round": 16.0}, "datetime": {"datetime": "2024-01-19 00:25:43", "elapsed": 827.752908, "delta": 0.001371}}
{"target": -17.677537807027036, "params": {"gamma": 175.13304646684202, "log10_alpha": -0.7296158329910485, "log10_colsample_bytree": -0.17762553630182254, "log10_eta": -1.1514729020472925, "log10_lambda": -3.511311329157935, "log10_min_child_weight": 4.4348294206426395, "log10_subsample": -0.9640412519308159, "max_depth": 3.0, "num_boost_round": 17.0}, "datetime": {"datetime": "2024-01-19 00:25:43", "elapsed": 827.754275, "delta": 0.001367}}
{"target": -17.677377396848172, "params": {"gamma": 175.13304646684202, "log10_alpha": -0.7296158329910485, "log10_colsample_bytree": -0.17762553630182254, "log10_eta": -1.1514729020472925, "log10_lambda": -3.511311329157935, "log10_min_child_weight": 4.4348294206426395, "log10_subsample": -0.9640412519308159, "max_depth": 3.0, "num_boost_round": 18.0}, "datetime": {"datetime": "2024-01-19 00:25:43", "elapsed": 827.755611, "delta": 0.001336}}
{"target": -17.677101054695274, "params": {"gamma": 175.13304646684202, "log10_alpha": -0.7296158329910485, "log10_colsample_bytree": -0.17762553630182254, "log10_eta": -1.1514729020472925, "log10_lambda": -3.511311329157935, "log10_min_child_weight": 4.4348294206426395, "log10_subsample": -0.9640412519308159, "max_depth": 3.0, "num_boost_round": 19.0}, "datetime": {"datetime": "2024-01-19 00:25:43", "elapsed": 827.756954, "delta": 0.001343}}
{"target": -17.67751579712251, "params": {"gamma": 175.13304646684202, "log10_alpha": -0.7296158329910485, "log10_colsample_bytree": -0.17762553630182254, "log10_eta": -1.1514729020472925, "log10_lambda": -3.511311329157935, "log10_min_child_weight": 4.4348294206426395, "log10_subsample": -0.9640412519308159, "max_depth": 3.0, "num_boost_round": 20.0}, "datetime": {"datetime": "2024-01-19 00:25:43", "elapsed": 827.758293, "delta": 0.001339}}
{"target": -17.67746618620625, "params": {"gamma": 175.13304646684202, "log10_alpha": -0.7296158329910485, "log10_colsample_bytree": -0.17762553630182254, "log10_eta": -1.1514729020472925, "log10_lambda": -3.511311329157935, "log10_min_child_weight": 4.4348294206426395, "log10_subsample": -0.9640412519308159, "max_depth": 3.0, "num_boost_round": 21.0}, "datetime": {"datetime": "2024-01-19 00:25:43", "elapsed": 827.759634, "delta": 0.001341}}
{"target": -17.677841572255172, "params": {"gamma": 175.13304646684202, "log10_alpha": -0.7296158329910485, "log10_colsample_bytree": -0.17762553630182254, "log10_eta": -1.1514729020472925, "log10_lambda": -3.511311329157935, "log10_min_child_weight": 4.4348294206426395, "log10_subsample": -0.9640412519308159, "max_depth": 3.0, "num_boost_round": 22.0}, "datetime": {"datetime": "2024-01-19 00:25:43", "elapsed": 827.760967, "delta": 0.001333}}
{"target": -17.678007804206462, "params": {"gamma": 175.13304646684202, "log10_alpha": -0.7296158329910485, "log10_colsample_bytree": -0.17762553630182254, "log10_eta": -1.1514729020472925, "log10_lambda": -3.511311329157935, "log10_min_child_weight": 4.4348294206426395, "log10_subsample": -0.9640412519308159, "max_depth": 3.0, "num_boost_round": 23.0}, "datetime": {"datetime": "2024-01-19 00:25:43", "elapsed": 827.762306, "delta": 0.001339}}
{"target": -17.67847793710297, "params": {"gamma": 175.13304646684202, "log10_alpha": -0.7296158329910485, "log10_colsample_bytree": -0.17762553630182254, "log10_eta": -1.1514729020472925, "log10_lambda": -3.511311329157935, "log10_min_child_weight": 4.4348294206426395, "log10_subsample": -0.9640412519308159, "max_depth": 3.0, "num_boost_round": 24.0}, "datetime": {"datetime": "2024-01-19 00:25:43", "elapsed": 827.763631, "delta": 0.001325}}
{"target": -17.67882559458636, "params": {"gamma": 175.13304646684202, "log10_alpha": -0.7296158329910485, "log10_colsample_bytree": -0.17762553630182254, "log10_eta": -1.1514729020472925, "log10_lambda": -3.511311329157935, "log10_min_child_weight": 4.4348294206426395, "log10_subsample": -0.9640412519308159, "max_depth": 3.0, "num_boost_round": 25.0}, "datetime": {"datetime": "2024-01-19 00:25:43", "elapsed": 827.764959, "delta": 0.001328}}
{"target": -17.679362926914287, "params": {"gamma": 175.13304646684202, "log10_alpha": -0.7296158329910485, "log10_colsample_bytree": -0.17762553630182254, "log10_eta": -1.1514729020472925, "log10_lambda": -3.511311329157935, "log10_min_child_weight": 4.4348294206426395, "log10_subsample": -0.9640412519308159, "max_depth": 3.0, "num_boost_round": 26.0}, "datetime": {"datetime": "2024-01-19 00:25:43", "elapsed": 827.766298, "delta": 0.001339}}
{"target": -17.67922665673004, "params": {"gamma": 175.13304646684202, "log10_alpha": -0.7296158329910485, "log10_colsample_bytree": -0.17762553630182254, "log10_eta": -1.1514729020472925, "log10_lambda": -3.511311329157935, "log10_min_child_weight": 4.4348294206426395, "log10_subsample": -0.9640412519308159, "max_depth": 3.0, "num_boost_round": 27.0}, "datetime": {"datetime": "2024-01-19 00:25:43", "elapsed": 827.767632, "delta": 0.001334}}
{"target": -17.67951526077301, "params": {"gamma": 175.13304646684202, "log10_alpha": -0.7296158329910485, "log10_colsample_bytree": -0.17762553630182254, "log10_eta": -1.1514729020472925, "log10_lambda": -3.511311329157935, "log10_min_child_weight": 4.4348294206426395, "log10_subsample": -0.9640412519308159, "max_depth": 3.0, "num_boost_round": 28.0}, "datetime": {"datetime": "2024-01-19 00:25:43", "elapsed": 827.768972, "delta": 0.00134}}
{"target": -17.680342009219938, "params": {"gamma": 175.13304646684202, "log10_alpha": -0.7296158329910485, "log10_colsample_bytree": -0.17762553630182254, "log10_eta": -1.1514729020472925, "log10_lambda": -3.511311329157935, "log10_min_child_weight": 4.4348294206426395, "log10_subsample": -0.9640412519308159, "max_depth": 3.0, "num_boost_round": 29.0}, "datetime": {"datetime": "2024-01-19 00:25:43", "elapsed": 827.770311, "delta": 0.001339}}
{"target": -17.680668679168274, "params": {"gamma": 175.13304646684202, "log10_alpha": -0.7296158329910485, "log10_colsample_bytree": -0.17762553630182254, "log10_eta": -1.1514729020472925, "log10_lambda": -3.511311329157935, "log10_min_child_weight": 4.4348294206426395, "log10_subsample": -0.9640412519308159, "max_depth": 3.0, "num_boost_round": 30.0}, "datetime": {"datetime": "2024-01-19 00:25:43", "elapsed": 827.771658, "delta": 0.001347}}
{"target": -17.680678187205125, "params": {"gamma": 175.13304646684202, "log10_alpha": -0.7296158329910485, "log10_colsample_bytree": -0.17762553630182254, "log10_eta": -1.1514729020472925, "log10_lambda": -3.511311329157935, "log10_min_child_weight": 4.4348294206426395, "log10_subsample": -0.9640412519308159, "max_depth": 3.0, "num_boost_round": 31.0}, "datetime": {"datetime": "2024-01-19 00:25:43", "elapsed": 827.773016, "delta": 0.001358}}
