{"target": -13.758386631220441, "params": {"gamma": 549.7681034196559, "log10_alpha": -0.3341548746217642, "log10_colsample_bytree": -0.4092763324970211, "log10_eta": -3.769122577854158, "log10_lambda": -3.17949764824638, "log10_min_child_weight": 0.6765067944525449, "log10_subsample": -0.5736167787300123, "max_depth": 9.0, "num_boost_round": 29.0}, "datetime": {"datetime": "2024-01-19 00:36:21", "elapsed": 1434.110046, "delta": 0.002172}}
{"target": -13.758533536767466, "params": {"gamma": 552.5200791333514, "log10_alpha": -2.528265502452716, "log10_colsample_bytree": -0.808467127690382, "log10_eta": -3.5919405766878505, "log10_lambda": 0.14653029000257245, "log10_min_child_weight": 2.5553770071774693, "log10_subsample": -0.8642740111175106, "max_depth": 7.0, "num_boost_round": 0.0}, "datetime": {"datetime": "2024-01-19 00:36:58", "elapsed": 1470.682302, "delta": 36.572256}}
{"target": -13.758530796122608, "params": {"gamma": 552.5200791333514, "log10_alpha": -2.528265502452716, "log10_colsample_bytree": -0.808467127690382, "log10_eta": -3.5919405766878505, "log10_lambda": 0.14653029000257245, "log10_min_child_weight": 2.5553770071774693, "log10_subsample": -0.8642740111175106, "max_depth": 7.0, "num_boost_round": 1.0}, "datetime": {"datetime": "2024-01-19 00:36:58", "elapsed": 1470.685045, "delta": 0.002743}}
{"target": -13.758522736202293, "params": {"gamma": 552.5200791333514, "log10_alpha": -2.528265502452716, "log10_colsample_bytree": -0.808467127690382, "log10_eta": -3.5919405766878505, "log10_lambda": 0.14653029000257245, "log10_min_child_weight": 2.5553770071774693, "log10_subsample": -0.8642740111175106, "max_depth": 7.0, "num_boost_round": 2.0}, "datetime": {"datetime": "2024-01-19 00:36:58", "elapsed": 1470.68752, "delta": 0.002475}}
{"target": -13.758522101136611, "params": {"gamma": 552.5200791333514, "log10_alpha": -2.528265502452716, "log10_colsample_bytree": -0.808467127690382, "log10_eta": -3.5919405766878505, "log10_lambda": 0.14653029000257245, "log10_min_child_weight": 2.5553770071774693, "log10_subsample": -0.8642740111175106, "max_depth": 7.0, "num_boost_round": 3.0}, "datetime": {"datetime": "2024-01-19 00:36:58", "elapsed": 1470.689713, "delta": 0.002193}}
{"target": -13.758515867600622, "params": {"gamma": 552.5200791333514, "log10_alpha": -2.528265502452716, "log10_colsample_bytree": -0.808467127690382, "log10_eta": -3.5919405766878505, "log10_lambda": 0.14653029000257245, "log10_min_child_weight": 2.5553770071774693, "log10_subsample": -0.8642740111175106, "max_depth": 7.0, "num_boost_round": 4.0}, "datetime": {"datetime": "2024-01-19 00:36:58", "elapsed": 1470.691965, "delta": 0.002252}}
{"target": -13.758514086928638, "params": {"gamma": 552.5200791333514, "log10_alpha": -2.528265502452716, "log10_colsample_bytree": -0.808467127690382, "log10_eta": -3.5919405766878505, "log10_lambda": 0.14653029000257245, "log10_min_child_weight": 2.5553770071774693, "log10_subsample": -0.8642740111175106, "max_depth": 7.0, "num_boost_round": 5.0}, "datetime": {"datetime": "2024-01-19 00:36:58", "elapsed": 1470.694376, "delta": 0.002411}}
{"target": -13.758514396763777, "params": {"gamma": 552.5200791333514, "log10_alpha": -2.528265502452716, "log10_colsample_bytree": -0.808467127690382, "log10_eta": -3.5919405766878505, "log10_lambda": 0.14653029000257245, "log10_min_child_weight": 2.5553770071774693, "log10_subsample": -0.8642740111175106, "max_depth": 7.0, "num_boost_round": 6.0}, "datetime": {"datetime": "2024-01-19 00:36:58", "elapsed": 1470.696707, "delta": 0.002331}}
{"target": -13.75850326091459, "params": {"gamma": 552.5200791333514, "log10_alpha": -2.528265502452716, "log10_colsample_bytree": -0.808467127690382, "log10_eta": -3.5919405766878505, "log10_lambda": 0.14653029000257245, "log10_min_child_weight": 2.5553770071774693, "log10_subsample": -0.8642740111175106, "max_depth": 7.0, "num_boost_round": 7.0}, "datetime": {"datetime": "2024-01-19 00:36:58", "elapsed": 1470.699044, "delta": 0.002337}}
{"target": -13.758503033605805, "params": {"gamma": 552.5200791333514, "log10_alpha": -2.528265502452716, "log10_colsample_bytree": -0.808467127690382, "log10_eta": -3.5919405766878505, "log10_lambda": 0.14653029000257245, "log10_min_child_weight": 2.5553770071774693, "log10_subsample": -0.8642740111175106, "max_depth": 7.0, "num_boost_round": 8.0}, "datetime": {"datetime": "2024-01-19 00:36:58", "elapsed": 1470.701396, "delta": 0.002352}}
{"target": -13.758506554727983, "params": {"gamma": 552.5200791333514, "log10_alpha": -2.528265502452716, "log10_colsample_bytree": -0.808467127690382, "log10_eta": -3.5919405766878505, "log10_lambda": 0.14653029000257245, "log10_min_child_weight": 2.5553770071774693, "log10_subsample": -0.8642740111175106, "max_depth": 7.0, "num_boost_round": 9.0}, "datetime": {"datetime": "2024-01-19 00:36:58", "elapsed": 1470.703526, "delta": 0.00213}}
{"target": -13.758496461020007, "params": {"gamma": 552.5200791333514, "log10_alpha": -2.528265502452716, "log10_colsample_bytree": -0.808467127690382, "log10_eta": -3.5919405766878505, "log10_lambda": 0.14653029000257245, "log10_min_child_weight": 2.5553770071774693, "log10_subsample": -0.8642740111175106, "max_depth": 7.0, "num_boost_round": 10.0}, "datetime": {"datetime": "2024-01-19 00:36:58", "elapsed": 1470.705643, "delta": 0.002117}}
{"target": -13.758489486292733, "params": {"gamma": 552.5200791333514, "log10_alpha": -2.528265502452716, "log10_colsample_bytree": -0.808467127690382, "log10_eta": -3.5919405766878505, "log10_lambda": 0.14653029000257245, "log10_min_child_weight": 2.5553770071774693, "log10_subsample": -0.8642740111175106, "max_depth": 7.0, "num_boost_round": 11.0}, "datetime": {"datetime": "2024-01-19 00:36:58", "elapsed": 1470.707758, "delta": 0.002115}}
{"target": -13.75848814964262, "params": {"gamma": 552.5200791333514, "log10_alpha": -2.528265502452716, "log10_colsample_bytree": -0.808467127690382, "log10_eta": -3.5919405766878505, "log10_lambda": 0.14653029000257245, "log10_min_child_weight": 2.5553770071774693, "log10_subsample": -0.8642740111175106, "max_depth": 7.0, "num_boost_round": 12.0}, "datetime": {"datetime": "2024-01-19 00:36:58", "elapsed": 1470.70987, "delta": 0.002112}}
{"target": -13.75847718332009, "params": {"gamma": 552.5200791333514, "log10_alpha": -2.528265502452716, "log10_colsample_bytree": -0.808467127690382, "log10_eta": -3.5919405766878505, "log10_lambda": 0.14653029000257245, "log10_min_child_weight": 2.5553770071774693, "log10_subsample": -0.8642740111175106, "max_depth": 7.0, "num_boost_round": 13.0}, "datetime": {"datetime": "2024-01-19 00:36:58", "elapsed": 1470.71198, "delta": 0.00211}}
{"target": -13.758473827069896, "params": {"gamma": 552.5200791333514, "log10_alpha": -2.528265502452716, "log10_colsample_bytree": -0.808467127690382, "log10_eta": -3.5919405766878505, "log10_lambda": 0.14653029000257245, "log10_min_child_weight": 2.5553770071774693, "log10_subsample": -0.8642740111175106, "max_depth": 7.0, "num_boost_round": 14.0}, "datetime": {"datetime": "2024-01-19 00:36:58", "elapsed": 1470.714269, "delta": 0.002289}}
{"target": -13.758467579617268, "params": {"gamma": 552.5200791333514, "log10_alpha": -2.528265502452716, "log10_colsample_bytree": -0.808467127690382, "log10_eta": -3.5919405766878505, "log10_lambda": 0.14653029000257245, "log10_min_child_weight": 2.5553770071774693, "log10_subsample": -0.8642740111175106, "max_depth": 7.0, "num_boost_round": 15.0}, "datetime": {"datetime": "2024-01-19 00:36:58", "elapsed": 1470.716391, "delta": 0.002122}}
{"target": -13.758465218550562, "params": {"gamma": 552.5200791333514, "log10_alpha": -2.528265502452716, "log10_colsample_bytree": -0.808467127690382, "log10_eta": -3.5919405766878505, "log10_lambda": 0.14653029000257245, "log10_min_child_weight": 2.5553770071774693, "log10_subsample": -0.8642740111175106, "max_depth": 7.0, "num_boost_round": 16.0}, "datetime": {"datetime": "2024-01-19 00:36:58", "elapsed": 1470.71884, "delta": 0.002449}}
{"target": -13.758460784997844, "params": {"gamma": 552.5200791333514, "log10_alpha": -2.528265502452716, "log10_colsample_bytree": -0.808467127690382, "log10_eta": -3.5919405766878505, "log10_lambda": 0.14653029000257245, "log10_min_child_weight": 2.5553770071774693, "log10_subsample": -0.8642740111175106, "max_depth": 7.0, "num_boost_round": 17.0}, "datetime": {"datetime": "2024-01-19 00:36:58", "elapsed": 1470.721002, "delta": 0.002162}}
{"target": -13.758460502519176, "params": {"gamma": 552.5200791333514, "log10_alpha": -2.528265502452716, "log10_colsample_bytree": -0.808467127690382, "log10_eta": -3.5919405766878505, "log10_lambda": 0.14653029000257245, "log10_min_child_weight": 2.5553770071774693, "log10_subsample": -0.8642740111175106, "max_depth": 7.0, "num_boost_round": 18.0}, "datetime": {"datetime": "2024-01-19 00:36:58", "elapsed": 1470.723161, "delta": 0.002159}}
{"target": -13.758450702643247, "params": {"gamma": 552.5200791333514, "log10_alpha": -2.528265502452716, "log10_colsample_bytree": -0.808467127690382, "log10_eta": -3.5919405766878505, "log10_lambda": 0.14653029000257245, "log10_min_child_weight": 2.5553770071774693, "log10_subsample": -0.8642740111175106, "max_depth": 7.0, "num_boost_round": 19.0}, "datetime": {"datetime": "2024-01-19 00:36:58", "elapsed": 1470.725296, "delta": 0.002135}}
{"target": -13.75844209652788, "params": {"gamma": 552.5200791333514, "log10_alpha": -2.528265502452716, "log10_colsample_bytree": -0.808467127690382, "log10_eta": -3.5919405766878505, "log10_lambda": 0.14653029000257245, "log10_min_child_weight": 2.5553770071774693, "log10_subsample": -0.8642740111175106, "max_depth": 7.0, "num_boost_round": 20.0}, "datetime": {"datetime": "2024-01-19 00:36:58", "elapsed": 1470.727441, "delta": 0.002145}}
{"target": -13.75843635793453, "params": {"gamma": 552.5200791333514, "log10_alpha": -2.528265502452716, "log10_colsample_bytree": -0.808467127690382, "log10_eta": -3.5919405766878505, "log10_lambda": 0.14653029000257245, "log10_min_child_weight": 2.5553770071774693, "log10_subsample": -0.8642740111175106, "max_depth": 7.0, "num_boost_round": 21.0}, "datetime": {"datetime": "2024-01-19 00:36:58", "elapsed": 1470.72959, "delta": 0.002149}}
{"target": -13.758430600347312, "params": {"gamma": 552.5200791333514, "log10_alpha": -2.528265502452716, "log10_colsample_bytree": -0.808467127690382, "log10_eta": -3.5919405766878505, "log10_lambda": 0.14653029000257245, "log10_min_child_weight": 2.5553770071774693, "log10_subsample": -0.8642740111175106, "max_depth": 7.0, "num_boost_round": 22.0}, "datetime": {"datetime": "2024-01-19 00:36:58", "elapsed": 1470.731763, "delta": 0.002173}}
{"target": -13.758423701585675, "params": {"gamma": 552.5200791333514, "log10_alpha": -2.528265502452716, "log10_colsample_bytree": -0.808467127690382, "log10_eta": -3.5919405766878505, "log10_lambda": 0.14653029000257245, "log10_min_child_weight": 2.5553770071774693, "log10_subsample": -0.8642740111175106, "max_depth": 7.0, "num_boost_round": 23.0}, "datetime": {"datetime": "2024-01-19 00:36:58", "elapsed": 1470.734099, "delta": 0.002336}}
{"target": -13.75842055812902, "params": {"gamma": 552.5200791333514, "log10_alpha": -2.528265502452716, "log10_colsample_bytree": -0.808467127690382, "log10_eta": -3.5919405766878505, "log10_lambda": 0.14653029000257245, "log10_min_child_weight": 2.5553770071774693, "log10_subsample": -0.8642740111175106, "max_depth": 7.0, "num_boost_round": 24.0}, "datetime": {"datetime": "2024-01-19 00:36:58", "elapsed": 1470.736232, "delta": 0.002133}}
{"target": -13.758407849265751, "params": {"gamma": 552.5200791333514, "log10_alpha": -2.528265502452716, "log10_colsample_bytree": -0.808467127690382, "log10_eta": -3.5919405766878505, "log10_lambda": 0.14653029000257245, "log10_min_child_weight": 2.5553770071774693, "log10_subsample": -0.8642740111175106, "max_depth": 7.0, "num_boost_round": 25.0}, "datetime": {"datetime": "2024-01-19 00:36:58", "elapsed": 1470.73855, "delta": 0.002318}}
{"target": -13.758406192662282, "params": {"gamma": 552.5200791333514, "log10_alpha": -2.528265502452716, "log10_colsample_bytree": -0.808467127690382, "log10_eta": -3.5919405766878505, "log10_lambda": 0.14653029000257245, "log10_min_child_weight": 2.5553770071774693, "log10_subsample": -0.8642740111175106, "max_depth": 7.0, "num_boost_round": 26.0}, "datetime": {"datetime": "2024-01-19 00:36:58", "elapsed": 1470.740833, "delta": 0.002283}}
{"target": -13.758399052047247, "params": {"gamma": 552.5200791333514, "log10_alpha": -2.528265502452716, "log10_colsample_bytree": -0.808467127690382, "log10_eta": -3.5919405766878505, "log10_lambda": 0.14653029000257245, "log10_min_child_weight": 2.5553770071774693, "log10_subsample": -0.8642740111175106, "max_depth": 7.0, "num_boost_round": 27.0}, "datetime": {"datetime": "2024-01-19 00:36:58", "elapsed": 1470.742957, "delta": 0.002124}}
{"target": -13.758390431248161, "params": {"gamma": 552.5200791333514, "log10_alpha": -2.528265502452716, "log10_colsample_bytree": -0.808467127690382, "log10_eta": -3.5919405766878505, "log10_lambda": 0.14653029000257245, "log10_min_child_weight": 2.5553770071774693, "log10_subsample": -0.8642740111175106, "max_depth": 7.0, "num_boost_round": 28.0}, "datetime": {"datetime": "2024-01-19 00:36:58", "elapsed": 1470.745107, "delta": 0.00215}}
{"target": -13.758381622179096, "params": {"gamma": 552.5200791333514, "log10_alpha": -2.528265502452716, "log10_colsample_bytree": -0.808467127690382, "log10_eta": -3.5919405766878505, "log10_lambda": 0.14653029000257245, "log10_min_child_weight": 2.5553770071774693, "log10_subsample": -0.8642740111175106, "max_depth": 7.0, "num_boost_round": 29.0}, "datetime": {"datetime": "2024-01-19 00:36:58", "elapsed": 1470.747262, "delta": 0.002155}}
{"target": -13.758373727443965, "params": {"gamma": 552.5200791333514, "log10_alpha": -2.528265502452716, "log10_colsample_bytree": -0.808467127690382, "log10_eta": -3.5919405766878505, "log10_lambda": 0.14653029000257245, "log10_min_child_weight": 2.5553770071774693, "log10_subsample": -0.8642740111175106, "max_depth": 7.0, "num_boost_round": 30.0}, "datetime": {"datetime": "2024-01-19 00:36:58", "elapsed": 1470.749404, "delta": 0.002142}}
{"target": -13.758492290032054, "params": {"gamma": 593.1011997815144, "log10_alpha": -4.597963596889893, "log10_colsample_bytree": -0.25695576239703977, "log10_eta": -1.6124896460870155, "log10_lambda": 0.12222924325593443, "log10_min_child_weight": 3.6486762959592145, "log10_subsample": -0.17987294566602974, "max_depth": 6.0, "num_boost_round": 0.0}, "datetime": {"datetime": "2024-01-19 00:37:23", "elapsed": 1495.700738, "delta": 24.951334}}
{"target": -13.758182083050016, "params": {"gamma": 593.1011997815144, "log10_alpha": -4.597963596889893, "log10_colsample_bytree": -0.25695576239703977, "log10_eta": -1.6124896460870155, "log10_lambda": 0.12222924325593443, "log10_min_child_weight": 3.6486762959592145, "log10_subsample": -0.17987294566602974, "max_depth": 6.0, "num_boost_round": 1.0}, "datetime": {"datetime": "2024-01-19 00:37:23", "elapsed": 1495.703698, "delta": 0.00296}}
{"target": -13.757954104447013, "params": {"gamma": 593.1011997815144, "log10_alpha": -4.597963596889893, "log10_colsample_bytree": -0.25695576239703977, "log10_eta": -1.6124896460870155, "log10_lambda": 0.12222924325593443, "log10_min_child_weight": 3.6486762959592145, "log10_subsample": -0.17987294566602974, "max_depth": 6.0, "num_boost_round": 2.0}, "datetime": {"datetime": "2024-01-19 00:37:23", "elapsed": 1495.706096, "delta": 0.002398}}
{"target": -13.758343652112758, "params": {"gamma": 593.1011997815144, "log10_alpha": -4.597963596889893, "log10_colsample_bytree": -0.25695576239703977, "log10_eta": -1.6124896460870155, "log10_lambda": 0.12222924325593443, "log10_min_child_weight": 3.6486762959592145, "log10_subsample": -0.17987294566602974, "max_depth": 6.0, "num_boost_round": 3.0}, "datetime": {"datetime": "2024-01-19 00:37:23", "elapsed": 1495.708283, "delta": 0.002187}}
{"target": -13.758127054999854, "params": {"gamma": 593.1011997815144, "log10_alpha": -4.597963596889893, "log10_colsample_bytree": -0.25695576239703977, "log10_eta": -1.6124896460870155, "log10_lambda": 0.12222924325593443, "log10_min_child_weight": 3.6486762959592145, "log10_subsample": -0.17987294566602974, "max_depth": 6.0, "num_boost_round": 4.0}, "datetime": {"datetime": "2024-01-19 00:37:23", "elapsed": 1495.71049, "delta": 0.002207}}
{"target": -13.758360986181424, "params": {"gamma": 593.1011997815144, "log10_alpha": -4.597963596889893, "log10_colsample_bytree": -0.25695576239703977, "log10_eta": -1.6124896460870155, "log10_lambda": 0.12222924325593443, "log10_min_child_weight": 3.6486762959592145, "log10_subsample": -0.17987294566602974, "max_depth": 6.0, "num_boost_round": 5.0}, "datetime": {"datetime": "2024-01-19 00:37:23", "elapsed": 1495.712807, "delta": 0.002317}}
{"target": -13.758175934970584, "params": {"gamma": 593.1011997815144, "log10_alpha": -4.597963596889893, "log10_colsample_bytree": -0.25695576239703977, "log10_eta": -1.6124896460870155, "log10_lambda": 0.12222924325593443, "log10_min_child_weight": 3.6486762959592145, "log10_subsample": -0.17987294566602974, "max_depth": 6.0, "num_boost_round": 6.0}, "datetime": {"datetime": "2024-01-19 00:37:23", "elapsed": 1495.715031, "delta": 0.002224}}
{"target": -13.758207119010343, "params": {"gamma": 593.1011997815144, "log10_alpha": -4.597963596889893, "log10_colsample_bytree": -0.25695576239703977, "log10_eta": -1.6124896460870155, "log10_lambda": 0.12222924325593443, "log10_min_child_weight": 3.6486762959592145, "log10_subsample": -0.17987294566602974, "max_depth": 6.0, "num_boost_round": 7.0}, "datetime": {"datetime": "2024-01-19 00:37:23", "elapsed": 1495.717629, "delta": 0.002598}}
{"target": -13.758352378135362, "params": {"gamma": 593.1011997815144, "log10_alpha": -4.597963596889893, "log10_colsample_bytree": -0.25695576239703977, "log10_eta": -1.6124896460870155, "log10_lambda": 0.12222924325593443, "log10_min_child_weight": 3.6486762959592145, "log10_subsample": -0.17987294566602974, "max_depth": 6.0, "num_boost_round": 8.0}, "datetime": {"datetime": "2024-01-19 00:37:23", "elapsed": 1495.720384, "delta": 0.002755}}
{"target": -13.758095906827615, "params": {"gamma": 593.1011997815144, "log10_alpha": -4.597963596889893, "log10_colsample_bytree": -0.25695576239703977, "log10_eta": -1.6124896460870155, "log10_lambda": 0.12222924325593443, "log10_min_child_weight": 3.6486762959592145, "log10_subsample": -0.17987294566602974, "max_depth": 6.0, "num_boost_round": 9.0}, "datetime": {"datetime": "2024-01-19 00:37:23", "elapsed": 1495.72269, "delta": 0.002306}}
{"target": -13.757621643293255, "params": {"gamma": 593.1011997815144, "log10_alpha": -4.597963596889893, "log10_colsample_bytree": -0.25695576239703977, "log10_eta": -1.6124896460870155, "log10_lambda": 0.12222924325593443, "log10_min_child_weight": 3.6486762959592145, "log10_subsample": -0.17987294566602974, "max_depth": 6.0, "num_boost_round": 10.0}, "datetime": {"datetime": "2024-01-19 00:37:23", "elapsed": 1495.724887, "delta": 0.002197}}
{"target": -13.757430200174783, "params": {"gamma": 593.1011997815144, "log10_alpha": -4.597963596889893, "log10_colsample_bytree": -0.25695576239703977, "log10_eta": -1.6124896460870155, "log10_lambda": 0.12222924325593443, "log10_min_child_weight": 3.6486762959592145, "log10_subsample": -0.17987294566602974, "max_depth": 6.0, "num_boost_round": 11.0}, "datetime": {"datetime": "2024-01-19 00:37:23", "elapsed": 1495.727108, "delta": 0.002221}}
{"target": -13.75820967933038, "params": {"gamma": 593.1011997815144, "log10_alpha": -4.597963596889893, "log10_colsample_bytree": -0.25695576239703977, "log10_eta": -1.6124896460870155, "log10_lambda": 0.12222924325593443, "log10_min_child_weight": 3.6486762959592145, "log10_subsample": -0.17987294566602974, "max_depth": 6.0, "num_boost_round": 12.0}, "datetime": {"datetime": "2024-01-19 00:37:23", "elapsed": 1495.729361, "delta": 0.002253}}
{"target": -13.758655534538123, "params": {"gamma": 580.3959109926218, "log10_alpha": 0.1628591849580996, "log10_colsample_bytree": -0.9337099818750838, "log10_eta": -0.7336791060958872, "log10_lambda": 0.331694838166837, "log10_min_child_weight": 2.4228872096251846, "log10_subsample": -0.9553749342006215, "max_depth": 2.0, "num_boost_round": 0.0}, "datetime": {"datetime": "2024-01-19 00:37:50", "elapsed": 1522.589136, "delta": 26.859775}}
{"target": -13.757746551682244, "params": {"gamma": 580.3959109926218, "log10_alpha": 0.1628591849580996, "log10_colsample_bytree": -0.9337099818750838, "log10_eta": -0.7336791060958872, "log10_lambda": 0.331694838166837, "log10_min_child_weight": 2.4228872096251846, "log10_subsample": -0.9553749342006215, "max_depth": 2.0, "num_boost_round": 1.0}, "datetime": {"datetime": "2024-01-19 00:37:50", "elapsed": 1522.592068, "delta": 0.002932}}
{"target": -13.758421235997288, "params": {"gamma": 580.3959109926218, "log10_alpha": 0.1628591849580996, "log10_colsample_bytree": -0.9337099818750838, "log10_eta": -0.7336791060958872, "log10_lambda": 0.331694838166837, "log10_min_child_weight": 2.4228872096251846, "log10_subsample": -0.9553749342006215, "max_depth": 2.0, "num_boost_round": 2.0}, "datetime": {"datetime": "2024-01-19 00:37:50", "elapsed": 1522.594555, "delta": 0.002487}}
{"target": -13.75793020377349, "params": {"gamma": 580.3959109926218, "log10_alpha": 0.1628591849580996, "log10_colsample_bytree": -0.9337099818750838, "log10_eta": -0.7336791060958872, "log10_lambda": 0.331694838166837, "log10_min_child_weight": 2.4228872096251846, "log10_subsample": -0.9553749342006215, "max_depth": 2.0, "num_boost_round": 3.0}, "datetime": {"datetime": "2024-01-19 00:37:50", "elapsed": 1522.5969, "delta": 0.002345}}
