{"target": -17.66958184364684, "params": {"gamma": 411.79767987412464, "log10_alpha": -2.5710305353266683, "log10_colsample_bytree": -0.692555820348648, "log10_eta": -2.415341434311918, "log10_lambda": -4.442802922133353, "log10_min_child_weight": 0.017644311289207182, "log10_subsample": -0.9008180160271035, "max_depth": 7.0, "num_boost_round": 69.0}, "datetime": {"datetime": "2024-01-19 00:39:32", "elapsed": 1662.290227, "delta": 0.002575}}
{"target": -17.669210344898943, "params": {"gamma": 411.79767987412464, "log10_alpha": -2.5710305353266683, "log10_colsample_bytree": -0.692555820348648, "log10_eta": -2.415341434311918, "log10_lambda": -4.442802922133353, "log10_min_child_weight": 0.017644311289207182, "log10_subsample": -0.9008180160271035, "max_depth": 7.0, "num_boost_round": 70.0}, "datetime": {"datetime": "2024-01-19 00:39:32", "elapsed": 1662.292869, "delta": 0.002642}}
{"target": -17.66919525731839, "params": {"gamma": 411.79767987412464, "log10_alpha": -2.5710305353266683, "log10_colsample_bytree": -0.692555820348648, "log10_eta": -2.415341434311918, "log10_lambda": -4.442802922133353, "log10_min_child_weight": 0.017644311289207182, "log10_subsample": -0.9008180160271035, "max_depth": 7.0, "num_boost_round": 71.0}, "datetime": {"datetime": "2024-01-19 00:39:32", "elapsed": 1662.295433, "delta": 0.002564}}
{"target": -17.669201273162123, "params": {"gamma": 411.79767987412464, "log10_alpha": -2.5710305353266683, "log10_colsample_bytree": -0.692555820348648, "log10_eta": -2.415341434311918, "log10_lambda": -4.442802922133353, "log10_min_child_weight": 0.017644311289207182, "log10_subsample": -0.9008180160271035, "max_depth": 7.0, "num_boost_round": 72.0}, "datetime": {"datetime": "2024-01-19 00:39:32", "elapsed": 1662.297987, "delta": 0.002554}}
{"target": -17.669198705966917, "params": {"gamma": 411.79767987412464, "log10_alpha": -2.5710305353266683, "log10_colsample_bytree": -0.692555820348648, "log10_eta": -2.415341434311918, "log10_lambda": -4.442802922133353, "log10_min_child_weight": 0.017644311289207182, "log10_subsample": -0.9008180160271035, "max_depth": 7.0, "num_boost_round": 73.0}, "datetime": {"datetime": "2024-01-19 00:39:32", "elapsed": 1662.305439, "delta": 0.007452}}
{"target": -17.669457598272803, "params": {"gamma": 411.79767987412464, "log10_alpha": -2.5710305353266683, "log10_colsample_bytree": -0.692555820348648, "log10_eta": -2.415341434311918, "log10_lambda": -4.442802922133353, "log10_min_child_weight": 0.017644311289207182, "log10_subsample": -0.9008180160271035, "max_depth": 7.0, "num_boost_round": 74.0}, "datetime": {"datetime": "2024-01-19 00:39:32", "elapsed": 1662.308114, "delta": 0.002675}}
{"target": -17.669289955918007, "params": {"gamma": 411.79767987412464, "log10_alpha": -2.5710305353266683, "log10_colsample_bytree": -0.692555820348648, "log10_eta": -2.415341434311918, "log10_lambda": -4.442802922133353, "log10_min_child_weight": 0.017644311289207182, "log10_subsample": -0.9008180160271035, "max_depth": 7.0, "num_boost_round": 75.0}, "datetime": {"datetime": "2024-01-19 00:39:32", "elapsed": 1662.3107, "delta": 0.002586}}
{"target": -17.669103404942106, "params": {"gamma": 411.79767987412464, "log10_alpha": -2.5710305353266683, "log10_colsample_bytree": -0.692555820348648, "log10_eta": -2.415341434311918, "log10_lambda": -4.442802922133353, "log10_min_child_weight": 0.017644311289207182, "log10_subsample": -0.9008180160271035, "max_depth": 7.0, "num_boost_round": 76.0}, "datetime": {"datetime": "2024-01-19 00:39:32", "elapsed": 1662.31332, "delta": 0.00262}}
{"target": -17.66908742226631, "params": {"gamma": 411.79767987412464, "log10_alpha": -2.5710305353266683, "log10_colsample_bytree": -0.692555820348648, "log10_eta": -2.415341434311918, "log10_lambda": -4.442802922133353, "log10_min_child_weight": 0.017644311289207182, "log10_subsample": -0.9008180160271035, "max_depth": 7.0, "num_boost_round": 77.0}, "datetime": {"datetime": "2024-01-19 00:39:32", "elapsed": 1662.315901, "delta": 0.002581}}
{"target": -17.66942573950128, "params": {"gamma": 411.79767987412464, "log10_alpha": -2.5710305353266683, "log10_colsample_bytree": -0.692555820348648, "log10_eta": -2.415341434311918, "log10_lambda": -4.442802922133353, "log10_min_child_weight": 0.017644311289207182, "log10_subsample": -0.9008180160271035, "max_depth": 7.0, "num_boost_round": 78.0}, "datetime": {"datetime": "2024-01-19 00:39:32", "elapsed": 1662.318481, "delta": 0.00258}}
{"target": -17.669289279674114, "params": {"gamma": 411.79767987412464, "log10_alpha": -2.5710305353266683, "log10_colsample_bytree": -0.692555820348648, "log10_eta": -2.415341434311918, "log10_lambda": -4.442802922133353, "log10_min_child_weight": 0.017644311289207182, "log10_subsample": -0.9008180160271035, "max_depth": 7.0, "num_boost_round": 79.0}, "datetime": {"datetime": "2024-01-19 00:39:32", "elapsed": 1662.321082, "delta": 0.002601}}
{"target": -17.66940918634709, "params": {"gamma": 411.79767987412464, "log10_alpha": -2.5710305353266683, "log10_colsample_bytree": -0.692555820348648, "log10_eta": -2.415341434311918, "log10_lambda": -4.442802922133353, "log10_min_child_weight": 0.017644311289207182, "log10_subsample": -0.9008180160271035, "max_depth": 7.0, "num_boost_round": 80.0}, "datetime": {"datetime": "2024-01-19 00:39:32", "elapsed": 1662.323754, "delta": 0.002672}}
{"target": -17.669376543513774, "params": {"gamma": 411.79767987412464, "log10_alpha": -2.5710305353266683, "log10_colsample_bytree": -0.692555820348648, "log10_eta": -2.415341434311918, "log10_lambda": -4.442802922133353, "log10_min_child_weight": 0.017644311289207182, "log10_subsample": -0.9008180160271035, "max_depth": 7.0, "num_boost_round": 81.0}, "datetime": {"datetime": "2024-01-19 00:39:32", "elapsed": 1662.326313, "delta": 0.002559}}
{"target": -17.669283748972198, "params": {"gamma": 411.79767987412464, "log10_alpha": -2.5710305353266683, "log10_colsample_bytree": -0.692555820348648, "log10_eta": -2.415341434311918, "log10_lambda": -4.442802922133353, "log10_min_child_weight": 0.017644311289207182, "log10_subsample": -0.9008180160271035, "max_depth": 7.0, "num_boost_round": 82.0}, "datetime": {"datetime": "2024-01-19 00:39:32", "elapsed": 1662.3289, "delta": 0.002587}}
{"target": -17.669227306165293, "params": {"gamma": 411.79767987412464, "log10_alpha": -2.5710305353266683, "log10_colsample_bytree": -0.692555820348648, "log10_eta": -2.415341434311918, "log10_lambda": -4.442802922133353, "log10_min_child_weight": 0.017644311289207182, "log10_subsample": -0.9008180160271035, "max_depth": 7.0, "num_boost_round": 83.0}, "datetime": {"datetime": "2024-01-19 00:39:32", "elapsed": 1662.331901, "delta": 0.003001}}
{"target": -17.669293949471296, "params": {"gamma": 411.79767987412464, "log10_alpha": -2.5710305353266683, "log10_colsample_bytree": -0.692555820348648, "log10_eta": -2.415341434311918, "log10_lambda": -4.442802922133353, "log10_min_child_weight": 0.017644311289207182, "log10_subsample": -0.9008180160271035, "max_depth": 7.0, "num_boost_round": 84.0}, "datetime": {"datetime": "2024-01-19 00:39:32", "elapsed": 1662.335196, "delta": 0.003295}}
{"target": -17.669136575888697, "params": {"gamma": 411.79767987412464, "log10_alpha": -2.5710305353266683, "log10_colsample_bytree": -0.692555820348648, "log10_eta": -2.415341434311918, "log10_lambda": -4.442802922133353, "log10_min_child_weight": 0.017644311289207182, "log10_subsample": -0.9008180160271035, "max_depth": 7.0, "num_boost_round": 85.0}, "datetime": {"datetime": "2024-01-19 00:39:32", "elapsed": 1662.338325, "delta": 0.003129}}
{"target": -17.66912512695774, "params": {"gamma": 411.79767987412464, "log10_alpha": -2.5710305353266683, "log10_colsample_bytree": -0.692555820348648, "log10_eta": -2.415341434311918, "log10_lambda": -4.442802922133353, "log10_min_child_weight": 0.017644311289207182, "log10_subsample": -0.9008180160271035, "max_depth": 7.0, "num_boost_round": 86.0}, "datetime": {"datetime": "2024-01-19 00:39:32", "elapsed": 1662.340995, "delta": 0.00267}}
{"target": -17.669501597589544, "params": {"gamma": 411.79767987412464, "log10_alpha": -2.5710305353266683, "log10_colsample_bytree": -0.692555820348648, "log10_eta": -2.415341434311918, "log10_lambda": -4.442802922133353, "log10_min_child_weight": 0.017644311289207182, "log10_subsample": -0.9008180160271035, "max_depth": 7.0, "num_boost_round": 87.0}, "datetime": {"datetime": "2024-01-19 00:39:32", "elapsed": 1662.34386, "delta": 0.002865}}
{"target": -17.66956334545094, "params": {"gamma": 411.79767987412464, "log10_alpha": -2.5710305353266683, "log10_colsample_bytree": -0.692555820348648, "log10_eta": -2.415341434311918, "log10_lambda": -4.442802922133353, "log10_min_child_weight": 0.017644311289207182, "log10_subsample": -0.9008180160271035, "max_depth": 7.0, "num_boost_round": 88.0}, "datetime": {"datetime": "2024-01-19 00:39:32", "elapsed": 1662.346643, "delta": 0.002783}}
{"target": -17.751251353418855, "params": {"gamma": 405.73237535182506, "log10_alpha": -3.7687127645673755, "log10_colsample_bytree": -0.4512143353860528, "log10_eta": -0.19805678802466442, "log10_lambda": -4.315907451936184, "log10_min_child_weight": 1.1553561893926956, "log10_subsample": -0.7570503202288522, "max_depth": 5.0, "num_boost_round": 0.0}, "datetime": {"datetime": "2024-01-19 00:39:57", "elapsed": 1687.432145, "delta": 25.085502}}
{"target": -17.78472384631774, "params": {"gamma": 405.73237535182506, "log10_alpha": -3.7687127645673755, "log10_colsample_bytree": -0.4512143353860528, "log10_eta": -0.19805678802466442, "log10_lambda": -4.315907451936184, "log10_min_child_weight": 1.1553561893926956, "log10_subsample": -0.7570503202288522, "max_depth": 5.0, "num_boost_round": 1.0}, "datetime": {"datetime": "2024-01-19 00:39:57", "elapsed": 1687.435245, "delta": 0.0031}}
{"target": -17.88562666694711, "params": {"gamma": 405.73237535182506, "log10_alpha": -3.7687127645673755, "log10_colsample_bytree": -0.4512143353860528, "log10_eta": -0.19805678802466442, "log10_lambda": -4.315907451936184, "log10_min_child_weight": 1.1553561893926956, "log10_subsample": -0.7570503202288522, "max_depth": 5.0, "num_boost_round": 2.0}, "datetime": {"datetime": "2024-01-19 00:39:57", "elapsed": 1687.438123, "delta": 0.002878}}
{"target": -17.937816506285436, "params": {"gamma": 405.73237535182506, "log10_alpha": -3.7687127645673755, "log10_colsample_bytree": -0.4512143353860528, "log10_eta": -0.19805678802466442, "log10_lambda": -4.315907451936184, "log10_min_child_weight": 1.1553561893926956, "log10_subsample": -0.7570503202288522, "max_depth": 5.0, "num_boost_round": 3.0}, "datetime": {"datetime": "2024-01-19 00:39:57", "elapsed": 1687.440712, "delta": 0.002589}}
{"target": -18.003266994200228, "params": {"gamma": 405.73237535182506, "log10_alpha": -3.7687127645673755, "log10_colsample_bytree": -0.4512143353860528, "log10_eta": -0.19805678802466442, "log10_lambda": -4.315907451936184, "log10_min_child_weight": 1.1553561893926956, "log10_subsample": -0.7570503202288522, "max_depth": 5.0, "num_boost_round": 4.0}, "datetime": {"datetime": "2024-01-19 00:39:57", "elapsed": 1687.443479, "delta": 0.002767}}
{"target": -18.059617875882484, "params": {"gamma": 405.73237535182506, "log10_alpha": -3.7687127645673755, "log10_colsample_bytree": -0.4512143353860528, "log10_eta": -0.19805678802466442, "log10_lambda": -4.315907451936184, "log10_min_child_weight": 1.1553561893926956, "log10_subsample": -0.7570503202288522, "max_depth": 5.0, "num_boost_round": 5.0}, "datetime": {"datetime": "2024-01-19 00:39:57", "elapsed": 1687.446192, "delta": 0.002713}}
{"target": -18.12909768417808, "params": {"gamma": 405.73237535182506, "log10_alpha": -3.7687127645673755, "log10_colsample_bytree": -0.4512143353860528, "log10_eta": -0.19805678802466442, "log10_lambda": -4.315907451936184, "log10_min_child_weight": 1.1553561893926956, "log10_subsample": -0.7570503202288522, "max_depth": 5.0, "num_boost_round": 6.0}, "datetime": {"datetime": "2024-01-19 00:39:57", "elapsed": 1687.448931, "delta": 0.002739}}
{"target": -18.45119336649288, "params": {"gamma": 405.73237535182506, "log10_alpha": -3.7687127645673755, "log10_colsample_bytree": -0.4512143353860528, "log10_eta": -0.19805678802466442, "log10_lambda": -4.315907451936184, "log10_min_child_weight": 1.1553561893926956, "log10_subsample": -0.7570503202288522, "max_depth": 5.0, "num_boost_round": 7.0}, "datetime": {"datetime": "2024-01-19 00:39:57", "elapsed": 1687.451513, "delta": 0.002582}}
{"target": -18.46015744898487, "params": {"gamma": 405.73237535182506, "log10_alpha": -3.7687127645673755, "log10_colsample_bytree": -0.4512143353860528, "log10_eta": -0.19805678802466442, "log10_lambda": -4.315907451936184, "log10_min_child_weight": 1.1553561893926956, "log10_subsample": -0.7570503202288522, "max_depth": 5.0, "num_boost_round": 8.0}, "datetime": {"datetime": "2024-01-19 00:39:57", "elapsed": 1687.454052, "delta": 0.002539}}
{"target": -18.472520800842553, "params": {"gamma": 405.73237535182506, "log10_alpha": -3.7687127645673755, "log10_colsample_bytree": -0.4512143353860528, "log10_eta": -0.19805678802466442, "log10_lambda": -4.315907451936184, "log10_min_child_weight": 1.1553561893926956, "log10_subsample": -0.7570503202288522, "max_depth": 5.0, "num_boost_round": 9.0}, "datetime": {"datetime": "2024-01-19 00:39:57", "elapsed": 1687.45659, "delta": 0.002538}}
{"target": -18.522683249958487, "params": {"gamma": 405.73237535182506, "log10_alpha": -3.7687127645673755, "log10_colsample_bytree": -0.4512143353860528, "log10_eta": -0.19805678802466442, "log10_lambda": -4.315907451936184, "log10_min_child_weight": 1.1553561893926956, "log10_subsample": -0.7570503202288522, "max_depth": 5.0, "num_boost_round": 10.0}, "datetime": {"datetime": "2024-01-19 00:39:57", "elapsed": 1687.459122, "delta": 0.002532}}
{"target": -18.574857610624075, "params": {"gamma": 405.73237535182506, "log10_alpha": -3.7687127645673755, "log10_colsample_bytree": -0.4512143353860528, "log10_eta": -0.19805678802466442, "log10_lambda": -4.315907451936184, "log10_min_child_weight": 1.1553561893926956, "log10_subsample": -0.7570503202288522, "max_depth": 5.0, "num_boost_round": 11.0}, "datetime": {"datetime": "2024-01-19 00:39:57", "elapsed": 1687.461773, "delta": 0.002651}}
{"target": -18.609046085440944, "params": {"gamma": 405.73237535182506, "log10_alpha": -3.7687127645673755, "log10_colsample_bytree": -0.4512143353860528, "log10_eta": -0.19805678802466442, "log10_lambda": -4.315907451936184, "log10_min_child_weight": 1.1553561893926956, "log10_subsample": -0.7570503202288522, "max_depth": 5.0, "num_boost_round": 12.0}, "datetime": {"datetime": "2024-01-19 00:39:57", "elapsed": 1687.464328, "delta": 0.002555}}
{"target": -18.650837448571465, "params": {"gamma": 405.73237535182506, "log10_alpha": -3.7687127645673755, "log10_colsample_bytree": -0.4512143353860528, "log10_eta": -0.19805678802466442, "log10_lambda": -4.315907451936184, "log10_min_child_weight": 1.1553561893926956, "log10_subsample": -0.7570503202288522, "max_depth": 5.0, "num_boost_round": 13.0}, "datetime": {"datetime": "2024-01-19 00:39:57", "elapsed": 1687.466874, "delta": 0.002546}}
{"target": -18.670578636194925, "params": {"gamma": 405.73237535182506, "log10_alpha": -3.7687127645673755, "log10_colsample_bytree": -0.4512143353860528, "log10_eta": -0.19805678802466442, "log10_lambda": -4.315907451936184, "log10_min_child_weight": 1.1553561893926956, "log10_subsample": -0.7570503202288522, "max_depth": 5.0, "num_boost_round": 14.0}, "datetime": {"datetime": "2024-01-19 00:39:57", "elapsed": 1687.469435, "delta": 0.002561}}
{"target": -18.724524359063736, "params": {"gamma": 405.73237535182506, "log10_alpha": -3.7687127645673755, "log10_colsample_bytree": -0.4512143353860528, "log10_eta": -0.19805678802466442, "log10_lambda": -4.315907451936184, "log10_min_child_weight": 1.1553561893926956, "log10_subsample": -0.7570503202288522, "max_depth": 5.0, "num_boost_round": 15.0}, "datetime": {"datetime": "2024-01-19 00:39:57", "elapsed": 1687.472016, "delta": 0.002581}}
{"target": -17.677218957942436, "params": {"gamma": 407.90832893067676, "log10_alpha": -4.521040826468844, "log10_colsample_bytree": -0.4944142947007373, "log10_eta": -3.292584729583526, "log10_lambda": -4.217909861817722, "log10_min_child_weight": 2.7636516056562126, "log10_subsample": -0.9669953611973579, "max_depth": 8.0, "num_boost_round": 0.0}, "datetime": {"datetime": "2024-01-19 00:40:53", "elapsed": 1743.107278, "delta": 55.635262}}
{"target": -17.677210131866918, "params": {"gamma": 407.90832893067676, "log10_alpha": -4.521040826468844, "log10_colsample_bytree": -0.4944142947007373, "log10_eta": -3.292584729583526, "log10_lambda": -4.217909861817722, "log10_min_child_weight": 2.7636516056562126, "log10_subsample": -0.9669953611973579, "max_depth": 8.0, "num_boost_round": 1.0}, "datetime": {"datetime": "2024-01-19 00:40:53", "elapsed": 1743.110062, "delta": 0.002784}}
{"target": -17.67719662561281, "params": {"gamma": 407.90832893067676, "log10_alpha": -4.521040826468844, "log10_colsample_bytree": -0.4944142947007373, "log10_eta": -3.292584729583526, "log10_lambda": -4.217909861817722, "log10_min_child_weight": 2.7636516056562126, "log10_subsample": -0.9669953611973579, "max_depth": 8.0, "num_boost_round": 2.0}, "datetime": {"datetime": "2024-01-19 00:40:53", "elapsed": 1743.113315, "delta": 0.003253}}
{"target": -17.67718844398291, "params": {"gamma": 407.90832893067676, "log10_alpha": -4.521040826468844, "log10_colsample_bytree": -0.4944142947007373, "log10_eta": -3.292584729583526, "log10_lambda": -4.217909861817722, "log10_min_child_weight": 2.7636516056562126, "log10_subsample": -0.9669953611973579, "max_depth": 8.0, "num_boost_round": 3.0}, "datetime": {"datetime": "2024-01-19 00:40:53", "elapsed": 1743.115912, "delta": 0.002597}}
{"target": -17.67718857579072, "params": {"gamma": 407.90832893067676, "log10_alpha": -4.521040826468844, "log10_colsample_bytree": -0.4944142947007373, "log10_eta": -3.292584729583526, "log10_lambda": -4.217909861817722, "log10_min_child_weight": 2.7636516056562126, "log10_subsample": -0.9669953611973579, "max_depth": 8.0, "num_boost_round": 4.0}, "datetime": {"datetime": "2024-01-19 00:40:53", "elapsed": 1743.118523, "delta": 0.002611}}
{"target": -17.67719504787014, "params": {"gamma": 407.90832893067676, "log10_alpha": -4.521040826468844, "log10_colsample_bytree": -0.4944142947007373, "log10_eta": -3.292584729583526, "log10_lambda": -4.217909861817722, "log10_min_child_weight": 2.7636516056562126, "log10_subsample": -0.9669953611973579, "max_depth": 8.0, "num_boost_round": 5.0}, "datetime": {"datetime": "2024-01-19 00:40:53", "elapsed": 1743.121068, "delta": 0.002545}}
{"target": -17.67719498976149, "params": {"gamma": 407.90832893067676, "log10_alpha": -4.521040826468844, "log10_colsample_bytree": -0.4944142947007373, "log10_eta": -3.292584729583526, "log10_lambda": -4.217909861817722, "log10_min_child_weight": 2.7636516056562126, "log10_subsample": -0.9669953611973579, "max_depth": 8.0, "num_boost_round": 6.0}, "datetime": {"datetime": "2024-01-19 00:40:53", "elapsed": 1743.123701, "delta": 0.002633}}
{"target": -17.67718606653695, "params": {"gamma": 407.90832893067676, "log10_alpha": -4.521040826468844, "log10_colsample_bytree": -0.4944142947007373, "log10_eta": -3.292584729583526, "log10_lambda": -4.217909861817722, "log10_min_child_weight": 2.7636516056562126, "log10_subsample": -0.9669953611973579, "max_depth": 8.0, "num_boost_round": 7.0}, "datetime": {"datetime": "2024-01-19 00:40:53", "elapsed": 1743.126241, "delta": 0.00254}}
{"target": -17.677165614374807, "params": {"gamma": 407.90832893067676, "log10_alpha": -4.521040826468844, "log10_colsample_bytree": -0.4944142947007373, "log10_eta": -3.292584729583526, "log10_lambda": -4.217909861817722, "log10_min_child_weight": 2.7636516056562126, "log10_subsample": -0.9669953611973579, "max_depth": 8.0, "num_boost_round": 8.0}, "datetime": {"datetime": "2024-01-19 00:40:53", "elapsed": 1743.128791, "delta": 0.00255}}
{"target": -17.677150465145328, "params": {"gamma": 407.90832893067676, "log10_alpha": -4.521040826468844, "log10_colsample_bytree": -0.4944142947007373, "log10_eta": -3.292584729583526, "log10_lambda": -4.217909861817722, "log10_min_child_weight": 2.7636516056562126, "log10_subsample": -0.9669953611973579, "max_depth": 8.0, "num_boost_round": 9.0}, "datetime": {"datetime": "2024-01-19 00:40:53", "elapsed": 1743.13135, "delta": 0.002559}}
{"target": -17.677117787505935, "params": {"gamma": 407.90832893067676, "log10_alpha": -4.521040826468844, "log10_colsample_bytree": -0.4944142947007373, "log10_eta": -3.292584729583526, "log10_lambda": -4.217909861817722, "log10_min_child_weight": 2.7636516056562126, "log10_subsample": -0.9669953611973579, "max_depth": 8.0, "num_boost_round": 10.0}, "datetime": {"datetime": "2024-01-19 00:40:53", "elapsed": 1743.133923, "delta": 0.002573}}
{"target": -17.677087979873892, "params": {"gamma": 407.90832893067676, "log10_alpha": -4.521040826468844, "log10_colsample_bytree": -0.4944142947007373, "log10_eta": -3.292584729583526, "log10_lambda": -4.217909861817722, "log10_min_child_weight": 2.7636516056562126, "log10_subsample": -0.9669953611973579, "max_depth": 8.0, "num_boost_round": 11.0}, "datetime": {"datetime": "2024-01-19 00:40:53", "elapsed": 1743.136544, "delta": 0.002621}}
{"target": -17.677084868568222, "params": {"gamma": 407.90832893067676, "log10_alpha": -4.521040826468844, "log10_colsample_bytree": -0.4944142947007373, "log10_eta": -3.292584729583526, "log10_lambda": -4.217909861817722, "log10_min_child_weight": 2.7636516056562126, "log10_subsample": -0.9669953611973579, "max_depth": 8.0, "num_boost_round": 12.0}, "datetime": {"datetime": "2024-01-19 00:40:53", "elapsed": 1743.139063, "delta": 0.002519}}
