{"target": -13.758495745834399, "params": {"gamma": 942.0926955750102, "log10_alpha": -3.3669487989877824, "log10_colsample_bytree": -0.9584027739154298, "log10_eta": -2.7407570633256153, "log10_lambda": -0.38351411457354256, "log10_min_child_weight": 4.665794078880131, "log10_subsample": -0.5484964623202533, "max_depth": 7.0, "num_boost_round": 12.0}, "datetime": {"datetime": "2024-01-19 01:09:48", "elapsed": 3489.665492, "delta": 0.004217}}
{"target": -13.758482525217808, "params": {"gamma": 942.0926955750102, "log10_alpha": -3.3669487989877824, "log10_colsample_bytree": -0.9584027739154298, "log10_eta": -2.7407570633256153, "log10_lambda": -0.38351411457354256, "log10_min_child_weight": 4.665794078880131, "log10_subsample": -0.5484964623202533, "max_depth": 7.0, "num_boost_round": 13.0}, "datetime": {"datetime": "2024-01-19 01:09:48", "elapsed": 3489.66961, "delta": 0.004118}}
{"target": -13.758480586138043, "params": {"gamma": 942.0926955750102, "log10_alpha": -3.3669487989877824, "log10_colsample_bytree": -0.9584027739154298, "log10_eta": -2.7407570633256153, "log10_lambda": -0.38351411457354256, "log10_min_child_weight": 4.665794078880131, "log10_subsample": -0.5484964623202533, "max_depth": 7.0, "num_boost_round": 14.0}, "datetime": {"datetime": "2024-01-19 01:09:48", "elapsed": 3489.673747, "delta": 0.004137}}
{"target": -13.758464518131495, "params": {"gamma": 942.0926955750102, "log10_alpha": -3.3669487989877824, "log10_colsample_bytree": -0.9584027739154298, "log10_eta": -2.7407570633256153, "log10_lambda": -0.38351411457354256, "log10_min_child_weight": 4.665794078880131, "log10_subsample": -0.5484964623202533, "max_depth": 7.0, "num_boost_round": 15.0}, "datetime": {"datetime": "2024-01-19 01:09:48", "elapsed": 3489.778982, "delta": 0.105235}}
{"target": -13.758456476154787, "params": {"gamma": 942.0926955750102, "log10_alpha": -3.3669487989877824, "log10_colsample_bytree": -0.9584027739154298, "log10_eta": -2.7407570633256153, "log10_lambda": -0.38351411457354256, "log10_min_child_weight": 4.665794078880131, "log10_subsample": -0.5484964623202533, "max_depth": 7.0, "num_boost_round": 16.0}, "datetime": {"datetime": "2024-01-19 01:09:48", "elapsed": 3489.783652, "delta": 0.00467}}
{"target": -13.758454937381954, "params": {"gamma": 942.0926955750102, "log10_alpha": -3.3669487989877824, "log10_colsample_bytree": -0.9584027739154298, "log10_eta": -2.7407570633256153, "log10_lambda": -0.38351411457354256, "log10_min_child_weight": 4.665794078880131, "log10_subsample": -0.5484964623202533, "max_depth": 7.0, "num_boost_round": 17.0}, "datetime": {"datetime": "2024-01-19 01:09:48", "elapsed": 3489.788082, "delta": 0.00443}}
{"target": -13.758451540314157, "params": {"gamma": 942.0926955750102, "log10_alpha": -3.3669487989877824, "log10_colsample_bytree": -0.9584027739154298, "log10_eta": -2.7407570633256153, "log10_lambda": -0.38351411457354256, "log10_min_child_weight": 4.665794078880131, "log10_subsample": -0.5484964623202533, "max_depth": 7.0, "num_boost_round": 18.0}, "datetime": {"datetime": "2024-01-19 01:09:48", "elapsed": 3489.79246, "delta": 0.004378}}
{"target": -13.758451039770252, "params": {"gamma": 942.0926955750102, "log10_alpha": -3.3669487989877824, "log10_colsample_bytree": -0.9584027739154298, "log10_eta": -2.7407570633256153, "log10_lambda": -0.38351411457354256, "log10_min_child_weight": 4.665794078880131, "log10_subsample": -0.5484964623202533, "max_depth": 7.0, "num_boost_round": 19.0}, "datetime": {"datetime": "2024-01-19 01:09:48", "elapsed": 3489.796776, "delta": 0.004316}}
{"target": -13.758453305747128, "params": {"gamma": 942.0926955750102, "log10_alpha": -3.3669487989877824, "log10_colsample_bytree": -0.9584027739154298, "log10_eta": -2.7407570633256153, "log10_lambda": -0.38351411457354256, "log10_min_child_weight": 4.665794078880131, "log10_subsample": -0.5484964623202533, "max_depth": 7.0, "num_boost_round": 20.0}, "datetime": {"datetime": "2024-01-19 01:09:48", "elapsed": 3489.801074, "delta": 0.004298}}
{"target": -13.758448126913132, "params": {"gamma": 942.0926955750102, "log10_alpha": -3.3669487989877824, "log10_colsample_bytree": -0.9584027739154298, "log10_eta": -2.7407570633256153, "log10_lambda": -0.38351411457354256, "log10_min_child_weight": 4.665794078880131, "log10_subsample": -0.5484964623202533, "max_depth": 7.0, "num_boost_round": 21.0}, "datetime": {"datetime": "2024-01-19 01:09:48", "elapsed": 3489.80549, "delta": 0.004416}}
{"target": -13.75845260954218, "params": {"gamma": 942.0926955750102, "log10_alpha": -3.3669487989877824, "log10_colsample_bytree": -0.9584027739154298, "log10_eta": -2.7407570633256153, "log10_lambda": -0.38351411457354256, "log10_min_child_weight": 4.665794078880131, "log10_subsample": -0.5484964623202533, "max_depth": 7.0, "num_boost_round": 22.0}, "datetime": {"datetime": "2024-01-19 01:09:48", "elapsed": 3489.809758, "delta": 0.004268}}
{"target": -13.758447466967425, "params": {"gamma": 942.0926955750102, "log10_alpha": -3.3669487989877824, "log10_colsample_bytree": -0.9584027739154298, "log10_eta": -2.7407570633256153, "log10_lambda": -0.38351411457354256, "log10_min_child_weight": 4.665794078880131, "log10_subsample": -0.5484964623202533, "max_depth": 7.0, "num_boost_round": 23.0}, "datetime": {"datetime": "2024-01-19 01:09:48", "elapsed": 3489.814047, "delta": 0.004289}}
{"target": -13.758445493913614, "params": {"gamma": 942.0926955750102, "log10_alpha": -3.3669487989877824, "log10_colsample_bytree": -0.9584027739154298, "log10_eta": -2.7407570633256153, "log10_lambda": -0.38351411457354256, "log10_min_child_weight": 4.665794078880131, "log10_subsample": -0.5484964623202533, "max_depth": 7.0, "num_boost_round": 24.0}, "datetime": {"datetime": "2024-01-19 01:09:48", "elapsed": 3489.818463, "delta": 0.004416}}
{"target": -13.758443597609975, "params": {"gamma": 942.0926955750102, "log10_alpha": -3.3669487989877824, "log10_colsample_bytree": -0.9584027739154298, "log10_eta": -2.7407570633256153, "log10_lambda": -0.38351411457354256, "log10_min_child_weight": 4.665794078880131, "log10_subsample": -0.5484964623202533, "max_depth": 7.0, "num_boost_round": 25.0}, "datetime": {"datetime": "2024-01-19 01:09:48", "elapsed": 3489.822794, "delta": 0.004331}}
{"target": -13.758445748170715, "params": {"gamma": 942.0926955750102, "log10_alpha": -3.3669487989877824, "log10_colsample_bytree": -0.9584027739154298, "log10_eta": -2.7407570633256153, "log10_lambda": -0.38351411457354256, "log10_min_child_weight": 4.665794078880131, "log10_subsample": -0.5484964623202533, "max_depth": 7.0, "num_boost_round": 26.0}, "datetime": {"datetime": "2024-01-19 01:09:48", "elapsed": 3489.827103, "delta": 0.004309}}
{"target": -13.758437050289535, "params": {"gamma": 942.0926955750102, "log10_alpha": -3.3669487989877824, "log10_colsample_bytree": -0.9584027739154298, "log10_eta": -2.7407570633256153, "log10_lambda": -0.38351411457354256, "log10_min_child_weight": 4.665794078880131, "log10_subsample": -0.5484964623202533, "max_depth": 7.0, "num_boost_round": 27.0}, "datetime": {"datetime": "2024-01-19 01:09:48", "elapsed": 3489.831505, "delta": 0.004402}}
{"target": -13.758423601926008, "params": {"gamma": 942.0926955750102, "log10_alpha": -3.3669487989877824, "log10_colsample_bytree": -0.9584027739154298, "log10_eta": -2.7407570633256153, "log10_lambda": -0.38351411457354256, "log10_min_child_weight": 4.665794078880131, "log10_subsample": -0.5484964623202533, "max_depth": 7.0, "num_boost_round": 28.0}, "datetime": {"datetime": "2024-01-19 01:09:48", "elapsed": 3489.835811, "delta": 0.004306}}
{"target": -13.758423194648678, "params": {"gamma": 942.0926955750102, "log10_alpha": -3.3669487989877824, "log10_colsample_bytree": -0.9584027739154298, "log10_eta": -2.7407570633256153, "log10_lambda": -0.38351411457354256, "log10_min_child_weight": 4.665794078880131, "log10_subsample": -0.5484964623202533, "max_depth": 7.0, "num_boost_round": 29.0}, "datetime": {"datetime": "2024-01-19 01:09:48", "elapsed": 3489.840127, "delta": 0.004316}}
{"target": -13.758427214938276, "params": {"gamma": 942.0926955750102, "log10_alpha": -3.3669487989877824, "log10_colsample_bytree": -0.9584027739154298, "log10_eta": -2.7407570633256153, "log10_lambda": -0.38351411457354256, "log10_min_child_weight": 4.665794078880131, "log10_subsample": -0.5484964623202533, "max_depth": 7.0, "num_boost_round": 30.0}, "datetime": {"datetime": "2024-01-19 01:09:48", "elapsed": 3489.844548, "delta": 0.004421}}
{"target": -13.7584313176472, "params": {"gamma": 942.0926955750102, "log10_alpha": -3.3669487989877824, "log10_colsample_bytree": -0.9584027739154298, "log10_eta": -2.7407570633256153, "log10_lambda": -0.38351411457354256, "log10_min_child_weight": 4.665794078880131, "log10_subsample": -0.5484964623202533, "max_depth": 7.0, "num_boost_round": 31.0}, "datetime": {"datetime": "2024-01-19 01:09:48", "elapsed": 3489.848861, "delta": 0.004313}}
{"target": -13.75842267035438, "params": {"gamma": 942.0926955750102, "log10_alpha": -3.3669487989877824, "log10_colsample_bytree": -0.9584027739154298, "log10_eta": -2.7407570633256153, "log10_lambda": -0.38351411457354256, "log10_min_child_weight": 4.665794078880131, "log10_subsample": -0.5484964623202533, "max_depth": 7.0, "num_boost_round": 32.0}, "datetime": {"datetime": "2024-01-19 01:09:48", "elapsed": 3489.853189, "delta": 0.004328}}
{"target": -13.758404746250097, "params": {"gamma": 942.0926955750102, "log10_alpha": -3.3669487989877824, "log10_colsample_bytree": -0.9584027739154298, "log10_eta": -2.7407570633256153, "log10_lambda": -0.38351411457354256, "log10_min_child_weight": 4.665794078880131, "log10_subsample": -0.5484964623202533, "max_depth": 7.0, "num_boost_round": 33.0}, "datetime": {"datetime": "2024-01-19 01:09:48", "elapsed": 3489.857607, "delta": 0.004418}}
{"target": -13.758396364363373, "params": {"gamma": 942.0926955750102, "log10_alpha": -3.3669487989877824, "log10_colsample_bytree": -0.9584027739154298, "log10_eta": -2.7407570633256153, "log10_lambda": -0.38351411457354256, "log10_min_child_weight": 4.665794078880131, "log10_subsample": -0.5484964623202533, "max_depth": 7.0, "num_boost_round": 34.0}, "datetime": {"datetime": "2024-01-19 01:09:48", "elapsed": 3489.861891, "delta": 0.004284}}
{"target": -13.758399179312987, "params": {"gamma": 942.0926955750102, "log10_alpha": -3.3669487989877824, "log10_colsample_bytree": -0.9584027739154298, "log10_eta": -2.7407570633256153, "log10_lambda": -0.38351411457354256, "log10_min_child_weight": 4.665794078880131, "log10_subsample": -0.5484964623202533, "max_depth": 7.0, "num_boost_round": 35.0}, "datetime": {"datetime": "2024-01-19 01:09:48", "elapsed": 3489.866842, "delta": 0.004951}}
{"target": -13.758393571186124, "params": {"gamma": 942.0926955750102, "log10_alpha": -3.3669487989877824, "log10_colsample_bytree": -0.9584027739154298, "log10_eta": -2.7407570633256153, "log10_lambda": -0.38351411457354256, "log10_min_child_weight": 4.665794078880131, "log10_subsample": -0.5484964623202533, "max_depth": 7.0, "num_boost_round": 36.0}, "datetime": {"datetime": "2024-01-19 01:09:48", "elapsed": 3489.871425, "delta": 0.004583}}
{"target": -13.758393223523601, "params": {"gamma": 942.0926955750102, "log10_alpha": -3.3669487989877824, "log10_colsample_bytree": -0.9584027739154298, "log10_eta": -2.7407570633256153, "log10_lambda": -0.38351411457354256, "log10_min_child_weight": 4.665794078880131, "log10_subsample": -0.5484964623202533, "max_depth": 7.0, "num_boost_round": 37.0}, "datetime": {"datetime": "2024-01-19 01:09:48", "elapsed": 3489.876408, "delta": 0.004983}}
{"target": -13.758391299522293, "params": {"gamma": 942.0926955750102, "log10_alpha": -3.3669487989877824, "log10_colsample_bytree": -0.9584027739154298, "log10_eta": -2.7407570633256153, "log10_lambda": -0.38351411457354256, "log10_min_child_weight": 4.665794078880131, "log10_subsample": -0.5484964623202533, "max_depth": 7.0, "num_boost_round": 38.0}, "datetime": {"datetime": "2024-01-19 01:09:48", "elapsed": 3489.88149, "delta": 0.005082}}
{"target": -13.758385039598283, "params": {"gamma": 942.0926955750102, "log10_alpha": -3.3669487989877824, "log10_colsample_bytree": -0.9584027739154298, "log10_eta": -2.7407570633256153, "log10_lambda": -0.38351411457354256, "log10_min_child_weight": 4.665794078880131, "log10_subsample": -0.5484964623202533, "max_depth": 7.0, "num_boost_round": 39.0}, "datetime": {"datetime": "2024-01-19 01:09:48", "elapsed": 3489.88601, "delta": 0.00452}}
{"target": -13.758534842671363, "params": {"gamma": 952.5805351486339, "log10_alpha": -0.12352900355327989, "log10_colsample_bytree": -0.9970661128355485, "log10_eta": -3.802503437528319, "log10_lambda": -1.4098099406515896, "log10_min_child_weight": 0.5216431965405149, "log10_subsample": -0.20653825630548495, "max_depth": 3.0, "num_boost_round": 0.0}, "datetime": {"datetime": "2024-01-19 01:11:17", "elapsed": 3578.100311, "delta": 88.214301}}
{"target": -13.75853586139543, "params": {"gamma": 952.5805351486339, "log10_alpha": -0.12352900355327989, "log10_colsample_bytree": -0.9970661128355485, "log10_eta": -3.802503437528319, "log10_lambda": -1.4098099406515896, "log10_min_child_weight": 0.5216431965405149, "log10_subsample": -0.20653825630548495, "max_depth": 3.0, "num_boost_round": 1.0}, "datetime": {"datetime": "2024-01-19 01:11:17", "elapsed": 3578.105025, "delta": 0.004714}}
{"target": -13.758536042492308, "params": {"gamma": 952.5805351486339, "log10_alpha": -0.12352900355327989, "log10_colsample_bytree": -0.9970661128355485, "log10_eta": -3.802503437528319, "log10_lambda": -1.4098099406515896, "log10_min_child_weight": 0.5216431965405149, "log10_subsample": -0.20653825630548495, "max_depth": 3.0, "num_boost_round": 2.0}, "datetime": {"datetime": "2024-01-19 01:11:17", "elapsed": 3578.109469, "delta": 0.004444}}
{"target": -13.758536523368438, "params": {"gamma": 952.5805351486339, "log10_alpha": -0.12352900355327989, "log10_colsample_bytree": -0.9970661128355485, "log10_eta": -3.802503437528319, "log10_lambda": -1.4098099406515896, "log10_min_child_weight": 0.5216431965405149, "log10_subsample": -0.20653825630548495, "max_depth": 3.0, "num_boost_round": 3.0}, "datetime": {"datetime": "2024-01-19 01:11:17", "elapsed": 3578.113898, "delta": 0.004429}}
{"target": -13.75853471418667, "params": {"gamma": 952.5805351486339, "log10_alpha": -0.12352900355327989, "log10_colsample_bytree": -0.9970661128355485, "log10_eta": -3.802503437528319, "log10_lambda": -1.4098099406515896, "log10_min_child_weight": 0.5216431965405149, "log10_subsample": -0.20653825630548495, "max_depth": 3.0, "num_boost_round": 4.0}, "datetime": {"datetime": "2024-01-19 01:11:17", "elapsed": 3578.118231, "delta": 0.004333}}
{"target": -13.758533524774688, "params": {"gamma": 952.5805351486339, "log10_alpha": -0.12352900355327989, "log10_colsample_bytree": -0.9970661128355485, "log10_eta": -3.802503437528319, "log10_lambda": -1.4098099406515896, "log10_min_child_weight": 0.5216431965405149, "log10_subsample": -0.20653825630548495, "max_depth": 3.0, "num_boost_round": 5.0}, "datetime": {"datetime": "2024-01-19 01:11:17", "elapsed": 3578.122498, "delta": 0.004267}}
{"target": -13.758532604854743, "params": {"gamma": 952.5805351486339, "log10_alpha": -0.12352900355327989, "log10_colsample_bytree": -0.9970661128355485, "log10_eta": -3.802503437528319, "log10_lambda": -1.4098099406515896, "log10_min_child_weight": 0.5216431965405149, "log10_subsample": -0.20653825630548495, "max_depth": 3.0, "num_boost_round": 6.0}, "datetime": {"datetime": "2024-01-19 01:11:17", "elapsed": 3578.126806, "delta": 0.004308}}
{"target": -13.758529923880761, "params": {"gamma": 952.5805351486339, "log10_alpha": -0.12352900355327989, "log10_colsample_bytree": -0.9970661128355485, "log10_eta": -3.802503437528319, "log10_lambda": -1.4098099406515896, "log10_min_child_weight": 0.5216431965405149, "log10_subsample": -0.20653825630548495, "max_depth": 3.0, "num_boost_round": 7.0}, "datetime": {"datetime": "2024-01-19 01:11:17", "elapsed": 3578.131094, "delta": 0.004288}}
{"target": -13.758531304512967, "params": {"gamma": 952.5805351486339, "log10_alpha": -0.12352900355327989, "log10_colsample_bytree": -0.9970661128355485, "log10_eta": -3.802503437528319, "log10_lambda": -1.4098099406515896, "log10_min_child_weight": 0.5216431965405149, "log10_subsample": -0.20653825630548495, "max_depth": 3.0, "num_boost_round": 8.0}, "datetime": {"datetime": "2024-01-19 01:11:17", "elapsed": 3578.135323, "delta": 0.004229}}
{"target": -13.758530813906365, "params": {"gamma": 952.5805351486339, "log10_alpha": -0.12352900355327989, "log10_colsample_bytree": -0.9970661128355485, "log10_eta": -3.802503437528319, "log10_lambda": -1.4098099406515896, "log10_min_child_weight": 0.5216431965405149, "log10_subsample": -0.20653825630548495, "max_depth": 3.0, "num_boost_round": 9.0}, "datetime": {"datetime": "2024-01-19 01:11:17", "elapsed": 3578.13967, "delta": 0.004347}}
{"target": -13.758530838857988, "params": {"gamma": 952.5805351486339, "log10_alpha": -0.12352900355327989, "log10_colsample_bytree": -0.9970661128355485, "log10_eta": -3.802503437528319, "log10_lambda": -1.4098099406515896, "log10_min_child_weight": 0.5216431965405149, "log10_subsample": -0.20653825630548495, "max_depth": 3.0, "num_boost_round": 10.0}, "datetime": {"datetime": "2024-01-19 01:11:17", "elapsed": 3578.143992, "delta": 0.004322}}
{"target": -13.758529530035386, "params": {"gamma": 952.5805351486339, "log10_alpha": -0.12352900355327989, "log10_colsample_bytree": -0.9970661128355485, "log10_eta": -3.802503437528319, "log10_lambda": -1.4098099406515896, "log10_min_child_weight": 0.5216431965405149, "log10_subsample": -0.20653825630548495, "max_depth": 3.0, "num_boost_round": 11.0}, "datetime": {"datetime": "2024-01-19 01:11:17", "elapsed": 3578.148384, "delta": 0.004392}}
{"target": -13.758527662971877, "params": {"gamma": 952.5805351486339, "log10_alpha": -0.12352900355327989, "log10_colsample_bytree": -0.9970661128355485, "log10_eta": -3.802503437528319, "log10_lambda": -1.4098099406515896, "log10_min_child_weight": 0.5216431965405149, "log10_subsample": -0.20653825630548495, "max_depth": 3.0, "num_boost_round": 12.0}, "datetime": {"datetime": "2024-01-19 01:11:17", "elapsed": 3578.152915, "delta": 0.004531}}
{"target": -13.75852581534128, "params": {"gamma": 952.5805351486339, "log10_alpha": -0.12352900355327989, "log10_colsample_bytree": -0.9970661128355485, "log10_eta": -3.802503437528319, "log10_lambda": -1.4098099406515896, "log10_min_child_weight": 0.5216431965405149, "log10_subsample": -0.20653825630548495, "max_depth": 3.0, "num_boost_round": 13.0}, "datetime": {"datetime": "2024-01-19 01:11:17", "elapsed": 3578.157336, "delta": 0.004421}}
{"target": -13.758524939859367, "params": {"gamma": 952.5805351486339, "log10_alpha": -0.12352900355327989, "log10_colsample_bytree": -0.9970661128355485, "log10_eta": -3.802503437528319, "log10_lambda": -1.4098099406515896, "log10_min_child_weight": 0.5216431965405149, "log10_subsample": -0.20653825630548495, "max_depth": 3.0, "num_boost_round": 14.0}, "datetime": {"datetime": "2024-01-19 01:11:17", "elapsed": 3578.161615, "delta": 0.004279}}
{"target": -13.758523249997964, "params": {"gamma": 952.5805351486339, "log10_alpha": -0.12352900355327989, "log10_colsample_bytree": -0.9970661128355485, "log10_eta": -3.802503437528319, "log10_lambda": -1.4098099406515896, "log10_min_child_weight": 0.5216431965405149, "log10_subsample": -0.20653825630548495, "max_depth": 3.0, "num_boost_round": 15.0}, "datetime": {"datetime": "2024-01-19 01:11:17", "elapsed": 3578.165876, "delta": 0.004261}}
{"target": -13.75852197005786, "params": {"gamma": 952.5805351486339, "log10_alpha": -0.12352900355327989, "log10_colsample_bytree": -0.9970661128355485, "log10_eta": -3.802503437528319, "log10_lambda": -1.4098099406515896, "log10_min_child_weight": 0.5216431965405149, "log10_subsample": -0.20653825630548495, "max_depth": 3.0, "num_boost_round": 16.0}, "datetime": {"datetime": "2024-01-19 01:11:17", "elapsed": 3578.170171, "delta": 0.004295}}
{"target": -13.758520614070337, "params": {"gamma": 952.5805351486339, "log10_alpha": -0.12352900355327989, "log10_colsample_bytree": -0.9970661128355485, "log10_eta": -3.802503437528319, "log10_lambda": -1.4098099406515896, "log10_min_child_weight": 0.5216431965405149, "log10_subsample": -0.20653825630548495, "max_depth": 3.0, "num_boost_round": 17.0}, "datetime": {"datetime": "2024-01-19 01:11:17", "elapsed": 3578.174459, "delta": 0.004288}}
{"target": -13.75851938653124, "params": {"gamma": 952.5805351486339, "log10_alpha": -0.12352900355327989, "log10_colsample_bytree": -0.9970661128355485, "log10_eta": -3.802503437528319, "log10_lambda": -1.4098099406515896, "log10_min_child_weight": 0.5216431965405149, "log10_subsample": -0.20653825630548495, "max_depth": 3.0, "num_boost_round": 18.0}, "datetime": {"datetime": "2024-01-19 01:11:17", "elapsed": 3578.178768, "delta": 0.004309}}
{"target": -13.758517552164934, "params": {"gamma": 952.5805351486339, "log10_alpha": -0.12352900355327989, "log10_colsample_bytree": -0.9970661128355485, "log10_eta": -3.802503437528319, "log10_lambda": -1.4098099406515896, "log10_min_child_weight": 0.5216431965405149, "log10_subsample": -0.20653825630548495, "max_depth": 3.0, "num_boost_round": 19.0}, "datetime": {"datetime": "2024-01-19 01:11:17", "elapsed": 3578.183084, "delta": 0.004316}}
{"target": -13.758516524384127, "params": {"gamma": 952.5805351486339, "log10_alpha": -0.12352900355327989, "log10_colsample_bytree": -0.9970661128355485, "log10_eta": -3.802503437528319, "log10_lambda": -1.4098099406515896, "log10_min_child_weight": 0.5216431965405149, "log10_subsample": -0.20653825630548495, "max_depth": 3.0, "num_boost_round": 20.0}, "datetime": {"datetime": "2024-01-19 01:11:17", "elapsed": 3578.187452, "delta": 0.004368}}
