{"target": -13.760842807560742, "params": {"gamma": 626.8289042176699, "log10_alpha": -0.6790437342741908, "log10_colsample_bytree": -0.2894315016398059, "log10_eta": -1.1842889865944808, "log10_lambda": -4.0491263971025635, "log10_min_child_weight": 0.11110603459072721, "log10_subsample": -0.03316958388692004, "max_depth": 2.0, "num_boost_round": 10.0}, "datetime": {"datetime": "2024-01-19 01:31:59", "elapsed": 4772.378065, "delta": 0.004588}}
{"target": -13.760484134393678, "params": {"gamma": 626.8289042176699, "log10_alpha": -0.6790437342741908, "log10_colsample_bytree": -0.2894315016398059, "log10_eta": -1.1842889865944808, "log10_lambda": -4.0491263971025635, "log10_min_child_weight": 0.11110603459072721, "log10_subsample": -0.03316958388692004, "max_depth": 2.0, "num_boost_round": 11.0}, "datetime": {"datetime": "2024-01-19 01:31:59", "elapsed": 4772.382678, "delta": 0.004613}}
{"target": -13.761129328628266, "params": {"gamma": 626.8289042176699, "log10_alpha": -0.6790437342741908, "log10_colsample_bytree": -0.2894315016398059, "log10_eta": -1.1842889865944808, "log10_lambda": -4.0491263971025635, "log10_min_child_weight": 0.11110603459072721, "log10_subsample": -0.03316958388692004, "max_depth": 2.0, "num_boost_round": 12.0}, "datetime": {"datetime": "2024-01-19 01:31:59", "elapsed": 4772.38737, "delta": 0.004692}}
{"target": -13.762024830852699, "params": {"gamma": 626.8289042176699, "log10_alpha": -0.6790437342741908, "log10_colsample_bytree": -0.2894315016398059, "log10_eta": -1.1842889865944808, "log10_lambda": -4.0491263971025635, "log10_min_child_weight": 0.11110603459072721, "log10_subsample": -0.03316958388692004, "max_depth": 2.0, "num_boost_round": 13.0}, "datetime": {"datetime": "2024-01-19 01:31:59", "elapsed": 4772.392114, "delta": 0.004744}}
{"target": -13.762115223459116, "params": {"gamma": 626.8289042176699, "log10_alpha": -0.6790437342741908, "log10_colsample_bytree": -0.2894315016398059, "log10_eta": -1.1842889865944808, "log10_lambda": -4.0491263971025635, "log10_min_child_weight": 0.11110603459072721, "log10_subsample": -0.03316958388692004, "max_depth": 2.0, "num_boost_round": 14.0}, "datetime": {"datetime": "2024-01-19 01:31:59", "elapsed": 4772.396967, "delta": 0.004853}}
{"target": -13.762535253585527, "params": {"gamma": 626.8289042176699, "log10_alpha": -0.6790437342741908, "log10_colsample_bytree": -0.2894315016398059, "log10_eta": -1.1842889865944808, "log10_lambda": -4.0491263971025635, "log10_min_child_weight": 0.11110603459072721, "log10_subsample": -0.03316958388692004, "max_depth": 2.0, "num_boost_round": 15.0}, "datetime": {"datetime": "2024-01-19 01:31:59", "elapsed": 4772.401805, "delta": 0.004838}}
{"target": -13.762313577200706, "params": {"gamma": 626.8289042176699, "log10_alpha": -0.6790437342741908, "log10_colsample_bytree": -0.2894315016398059, "log10_eta": -1.1842889865944808, "log10_lambda": -4.0491263971025635, "log10_min_child_weight": 0.11110603459072721, "log10_subsample": -0.03316958388692004, "max_depth": 2.0, "num_boost_round": 16.0}, "datetime": {"datetime": "2024-01-19 01:31:59", "elapsed": 4772.407025, "delta": 0.00522}}
{"target": -13.762730384729101, "params": {"gamma": 626.8289042176699, "log10_alpha": -0.6790437342741908, "log10_colsample_bytree": -0.2894315016398059, "log10_eta": -1.1842889865944808, "log10_lambda": -4.0491263971025635, "log10_min_child_weight": 0.11110603459072721, "log10_subsample": -0.03316958388692004, "max_depth": 2.0, "num_boost_round": 17.0}, "datetime": {"datetime": "2024-01-19 01:31:59", "elapsed": 4772.411813, "delta": 0.004788}}
{"target": -13.763110540490864, "params": {"gamma": 626.8289042176699, "log10_alpha": -0.6790437342741908, "log10_colsample_bytree": -0.2894315016398059, "log10_eta": -1.1842889865944808, "log10_lambda": -4.0491263971025635, "log10_min_child_weight": 0.11110603459072721, "log10_subsample": -0.03316958388692004, "max_depth": 2.0, "num_boost_round": 18.0}, "datetime": {"datetime": "2024-01-19 01:31:59", "elapsed": 4772.416636, "delta": 0.004823}}
{"target": -13.763315666397085, "params": {"gamma": 626.8289042176699, "log10_alpha": -0.6790437342741908, "log10_colsample_bytree": -0.2894315016398059, "log10_eta": -1.1842889865944808, "log10_lambda": -4.0491263971025635, "log10_min_child_weight": 0.11110603459072721, "log10_subsample": -0.03316958388692004, "max_depth": 2.0, "num_boost_round": 19.0}, "datetime": {"datetime": "2024-01-19 01:31:59", "elapsed": 4772.42132, "delta": 0.004684}}
{"target": -13.763938623075571, "params": {"gamma": 626.8289042176699, "log10_alpha": -0.6790437342741908, "log10_colsample_bytree": -0.2894315016398059, "log10_eta": -1.1842889865944808, "log10_lambda": -4.0491263971025635, "log10_min_child_weight": 0.11110603459072721, "log10_subsample": -0.03316958388692004, "max_depth": 2.0, "num_boost_round": 20.0}, "datetime": {"datetime": "2024-01-19 01:31:59", "elapsed": 4772.426047, "delta": 0.004727}}
{"target": -13.76355349147565, "params": {"gamma": 626.8289042176699, "log10_alpha": -0.6790437342741908, "log10_colsample_bytree": -0.2894315016398059, "log10_eta": -1.1842889865944808, "log10_lambda": -4.0491263971025635, "log10_min_child_weight": 0.11110603459072721, "log10_subsample": -0.03316958388692004, "max_depth": 2.0, "num_boost_round": 21.0}, "datetime": {"datetime": "2024-01-19 01:31:59", "elapsed": 4772.430726, "delta": 0.004679}}
{"target": -13.764460558052052, "params": {"gamma": 626.8289042176699, "log10_alpha": -0.6790437342741908, "log10_colsample_bytree": -0.2894315016398059, "log10_eta": -1.1842889865944808, "log10_lambda": -4.0491263971025635, "log10_min_child_weight": 0.11110603459072721, "log10_subsample": -0.03316958388692004, "max_depth": 2.0, "num_boost_round": 22.0}, "datetime": {"datetime": "2024-01-19 01:31:59", "elapsed": 4772.435442, "delta": 0.004716}}
{"target": -13.764255985453623, "params": {"gamma": 626.8289042176699, "log10_alpha": -0.6790437342741908, "log10_colsample_bytree": -0.2894315016398059, "log10_eta": -1.1842889865944808, "log10_lambda": -4.0491263971025635, "log10_min_child_weight": 0.11110603459072721, "log10_subsample": -0.03316958388692004, "max_depth": 2.0, "num_boost_round": 23.0}, "datetime": {"datetime": "2024-01-19 01:31:59", "elapsed": 4772.440076, "delta": 0.004634}}
{"target": -13.764146904276885, "params": {"gamma": 626.8289042176699, "log10_alpha": -0.6790437342741908, "log10_colsample_bytree": -0.2894315016398059, "log10_eta": -1.1842889865944808, "log10_lambda": -4.0491263971025635, "log10_min_child_weight": 0.11110603459072721, "log10_subsample": -0.03316958388692004, "max_depth": 2.0, "num_boost_round": 24.0}, "datetime": {"datetime": "2024-01-19 01:31:59", "elapsed": 4772.444742, "delta": 0.004666}}
{"target": -13.763769041994454, "params": {"gamma": 626.8289042176699, "log10_alpha": -0.6790437342741908, "log10_colsample_bytree": -0.2894315016398059, "log10_eta": -1.1842889865944808, "log10_lambda": -4.0491263971025635, "log10_min_child_weight": 0.11110603459072721, "log10_subsample": -0.03316958388692004, "max_depth": 2.0, "num_boost_round": 25.0}, "datetime": {"datetime": "2024-01-19 01:31:59", "elapsed": 4772.449613, "delta": 0.004871}}
{"target": -13.765181593666954, "params": {"gamma": 626.8289042176699, "log10_alpha": -0.6790437342741908, "log10_colsample_bytree": -0.2894315016398059, "log10_eta": -1.1842889865944808, "log10_lambda": -4.0491263971025635, "log10_min_child_weight": 0.11110603459072721, "log10_subsample": -0.03316958388692004, "max_depth": 2.0, "num_boost_round": 26.0}, "datetime": {"datetime": "2024-01-19 01:31:59", "elapsed": 4772.454613, "delta": 0.005}}
{"target": -13.765166248628764, "params": {"gamma": 626.8289042176699, "log10_alpha": -0.6790437342741908, "log10_colsample_bytree": -0.2894315016398059, "log10_eta": -1.1842889865944808, "log10_lambda": -4.0491263971025635, "log10_min_child_weight": 0.11110603459072721, "log10_subsample": -0.03316958388692004, "max_depth": 2.0, "num_boost_round": 27.0}, "datetime": {"datetime": "2024-01-19 01:31:59", "elapsed": 4772.459345, "delta": 0.004732}}
{"target": -13.76592872871835, "params": {"gamma": 626.8289042176699, "log10_alpha": -0.6790437342741908, "log10_colsample_bytree": -0.2894315016398059, "log10_eta": -1.1842889865944808, "log10_lambda": -4.0491263971025635, "log10_min_child_weight": 0.11110603459072721, "log10_subsample": -0.03316958388692004, "max_depth": 2.0, "num_boost_round": 28.0}, "datetime": {"datetime": "2024-01-19 01:31:59", "elapsed": 4772.464051, "delta": 0.004706}}
{"target": -13.766314927551862, "params": {"gamma": 626.8289042176699, "log10_alpha": -0.6790437342741908, "log10_colsample_bytree": -0.2894315016398059, "log10_eta": -1.1842889865944808, "log10_lambda": -4.0491263971025635, "log10_min_child_weight": 0.11110603459072721, "log10_subsample": -0.03316958388692004, "max_depth": 2.0, "num_boost_round": 29.0}, "datetime": {"datetime": "2024-01-19 01:31:59", "elapsed": 4772.468682, "delta": 0.004631}}
{"target": -13.766799530771069, "params": {"gamma": 626.8289042176699, "log10_alpha": -0.6790437342741908, "log10_colsample_bytree": -0.2894315016398059, "log10_eta": -1.1842889865944808, "log10_lambda": -4.0491263971025635, "log10_min_child_weight": 0.11110603459072721, "log10_subsample": -0.03316958388692004, "max_depth": 2.0, "num_boost_round": 30.0}, "datetime": {"datetime": "2024-01-19 01:31:59", "elapsed": 4772.473519, "delta": 0.004837}}
{"target": -13.766139722998751, "params": {"gamma": 626.8289042176699, "log10_alpha": -0.6790437342741908, "log10_colsample_bytree": -0.2894315016398059, "log10_eta": -1.1842889865944808, "log10_lambda": -4.0491263971025635, "log10_min_child_weight": 0.11110603459072721, "log10_subsample": -0.03316958388692004, "max_depth": 2.0, "num_boost_round": 31.0}, "datetime": {"datetime": "2024-01-19 01:31:59", "elapsed": 4772.478193, "delta": 0.004674}}
{"target": -13.766569413381843, "params": {"gamma": 626.8289042176699, "log10_alpha": -0.6790437342741908, "log10_colsample_bytree": -0.2894315016398059, "log10_eta": -1.1842889865944808, "log10_lambda": -4.0491263971025635, "log10_min_child_weight": 0.11110603459072721, "log10_subsample": -0.03316958388692004, "max_depth": 2.0, "num_boost_round": 32.0}, "datetime": {"datetime": "2024-01-19 01:31:59", "elapsed": 4772.483522, "delta": 0.005329}}
{"target": -13.766775617167053, "params": {"gamma": 626.8289042176699, "log10_alpha": -0.6790437342741908, "log10_colsample_bytree": -0.2894315016398059, "log10_eta": -1.1842889865944808, "log10_lambda": -4.0491263971025635, "log10_min_child_weight": 0.11110603459072721, "log10_subsample": -0.03316958388692004, "max_depth": 2.0, "num_boost_round": 33.0}, "datetime": {"datetime": "2024-01-19 01:31:59", "elapsed": 4772.488999, "delta": 0.005477}}
{"target": -13.768102452853284, "params": {"gamma": 626.8289042176699, "log10_alpha": -0.6790437342741908, "log10_colsample_bytree": -0.2894315016398059, "log10_eta": -1.1842889865944808, "log10_lambda": -4.0491263971025635, "log10_min_child_weight": 0.11110603459072721, "log10_subsample": -0.03316958388692004, "max_depth": 2.0, "num_boost_round": 34.0}, "datetime": {"datetime": "2024-01-19 01:31:59", "elapsed": 4772.494236, "delta": 0.005237}}
{"target": -13.768305264102667, "params": {"gamma": 626.8289042176699, "log10_alpha": -0.6790437342741908, "log10_colsample_bytree": -0.2894315016398059, "log10_eta": -1.1842889865944808, "log10_lambda": -4.0491263971025635, "log10_min_child_weight": 0.11110603459072721, "log10_subsample": -0.03316958388692004, "max_depth": 2.0, "num_boost_round": 35.0}, "datetime": {"datetime": "2024-01-19 01:31:59", "elapsed": 4772.499046, "delta": 0.00481}}
{"target": -13.769058172575397, "params": {"gamma": 626.8289042176699, "log10_alpha": -0.6790437342741908, "log10_colsample_bytree": -0.2894315016398059, "log10_eta": -1.1842889865944808, "log10_lambda": -4.0491263971025635, "log10_min_child_weight": 0.11110603459072721, "log10_subsample": -0.03316958388692004, "max_depth": 2.0, "num_boost_round": 36.0}, "datetime": {"datetime": "2024-01-19 01:31:59", "elapsed": 4772.503965, "delta": 0.004919}}
{"target": -13.769441832205331, "params": {"gamma": 626.8289042176699, "log10_alpha": -0.6790437342741908, "log10_colsample_bytree": -0.2894315016398059, "log10_eta": -1.1842889865944808, "log10_lambda": -4.0491263971025635, "log10_min_child_weight": 0.11110603459072721, "log10_subsample": -0.03316958388692004, "max_depth": 2.0, "num_boost_round": 37.0}, "datetime": {"datetime": "2024-01-19 01:31:59", "elapsed": 4772.508918, "delta": 0.004953}}
{"target": -13.76922183420352, "params": {"gamma": 626.8289042176699, "log10_alpha": -0.6790437342741908, "log10_colsample_bytree": -0.2894315016398059, "log10_eta": -1.1842889865944808, "log10_lambda": -4.0491263971025635, "log10_min_child_weight": 0.11110603459072721, "log10_subsample": -0.03316958388692004, "max_depth": 2.0, "num_boost_round": 38.0}, "datetime": {"datetime": "2024-01-19 01:31:59", "elapsed": 4772.51386, "delta": 0.004942}}
{"target": -13.770513143783473, "params": {"gamma": 626.8289042176699, "log10_alpha": -0.6790437342741908, "log10_colsample_bytree": -0.2894315016398059, "log10_eta": -1.1842889865944808, "log10_lambda": -4.0491263971025635, "log10_min_child_weight": 0.11110603459072721, "log10_subsample": -0.03316958388692004, "max_depth": 2.0, "num_boost_round": 39.0}, "datetime": {"datetime": "2024-01-19 01:31:59", "elapsed": 4772.518847, "delta": 0.004987}}
{"target": -13.758469879240623, "params": {"gamma": 552.2345872106198, "log10_alpha": -1.4992605252008202, "log10_colsample_bytree": -0.44612494965866745, "log10_eta": -1.6860096723533542, "log10_lambda": -2.6271724136251846, "log10_min_child_weight": 4.371002197034505, "log10_subsample": -0.19370297282061888, "max_depth": 9.0, "num_boost_round": 0.0}, "datetime": {"datetime": "2024-01-19 01:33:11", "elapsed": 4844.527009, "delta": 72.008162}}
{"target": -13.758457581631125, "params": {"gamma": 552.2345872106198, "log10_alpha": -1.4992605252008202, "log10_colsample_bytree": -0.44612494965866745, "log10_eta": -1.6860096723533542, "log10_lambda": -2.6271724136251846, "log10_min_child_weight": 4.371002197034505, "log10_subsample": -0.19370297282061888, "max_depth": 9.0, "num_boost_round": 1.0}, "datetime": {"datetime": "2024-01-19 01:33:11", "elapsed": 4844.53247, "delta": 0.005461}}
{"target": -13.758574196102957, "params": {"gamma": 552.2345872106198, "log10_alpha": -1.4992605252008202, "log10_colsample_bytree": -0.44612494965866745, "log10_eta": -1.6860096723533542, "log10_lambda": -2.6271724136251846, "log10_min_child_weight": 4.371002197034505, "log10_subsample": -0.19370297282061888, "max_depth": 9.0, "num_boost_round": 2.0}, "datetime": {"datetime": "2024-01-19 01:33:11", "elapsed": 4844.537091, "delta": 0.004621}}
{"target": -13.75853001294378, "params": {"gamma": 552.2345872106198, "log10_alpha": -1.4992605252008202, "log10_colsample_bytree": -0.44612494965866745, "log10_eta": -1.6860096723533542, "log10_lambda": -2.6271724136251846, "log10_min_child_weight": 4.371002197034505, "log10_subsample": -0.19370297282061888, "max_depth": 9.0, "num_boost_round": 3.0}, "datetime": {"datetime": "2024-01-19 01:33:11", "elapsed": 4844.541601, "delta": 0.00451}}
{"target": -13.758698207665546, "params": {"gamma": 552.2345872106198, "log10_alpha": -1.4992605252008202, "log10_colsample_bytree": -0.44612494965866745, "log10_eta": -1.6860096723533542, "log10_lambda": -2.6271724136251846, "log10_min_child_weight": 4.371002197034505, "log10_subsample": -0.19370297282061888, "max_depth": 9.0, "num_boost_round": 4.0}, "datetime": {"datetime": "2024-01-19 01:33:11", "elapsed": 4844.546201, "delta": 0.0046}}
{"target": -13.758533927380926, "params": {"gamma": 552.2345872106198, "log10_alpha": -1.4992605252008202, "log10_colsample_bytree": -0.44612494965866745, "log10_eta": -1.6860096723533542, "log10_lambda": -2.6271724136251846, "log10_min_child_weight": 4.371002197034505, "log10_subsample": -0.19370297282061888, "max_depth": 9.0, "num_boost_round": 5.0}, "datetime": {"datetime": "2024-01-19 01:33:11", "elapsed": 4844.550655, "delta": 0.004454}}
{"target": -13.75881571189996, "params": {"gamma": 552.2345872106198, "log10_alpha": -1.4992605252008202, "log10_colsample_bytree": -0.44612494965866745, "log10_eta": -1.6860096723533542, "log10_lambda": -2.6271724136251846, "log10_min_child_weight": 4.371002197034505, "log10_subsample": -0.19370297282061888, "max_depth": 9.0, "num_boost_round": 6.0}, "datetime": {"datetime": "2024-01-19 01:33:11", "elapsed": 4844.555326, "delta": 0.004671}}
{"target": -13.75865399059214, "params": {"gamma": 552.2345872106198, "log10_alpha": -1.4992605252008202, "log10_colsample_bytree": -0.44612494965866745, "log10_eta": -1.6860096723533542, "log10_lambda": -2.6271724136251846, "log10_min_child_weight": 4.371002197034505, "log10_subsample": -0.19370297282061888, "max_depth": 9.0, "num_boost_round": 7.0}, "datetime": {"datetime": "2024-01-19 01:33:11", "elapsed": 4844.560169, "delta": 0.004843}}
{"target": -13.758584271207077, "params": {"gamma": 552.2345872106198, "log10_alpha": -1.4992605252008202, "log10_colsample_bytree": -0.44612494965866745, "log10_eta": -1.6860096723533542, "log10_lambda": -2.6271724136251846, "log10_min_child_weight": 4.371002197034505, "log10_subsample": -0.19370297282061888, "max_depth": 9.0, "num_boost_round": 8.0}, "datetime": {"datetime": "2024-01-19 01:33:11", "elapsed": 4844.564934, "delta": 0.004765}}
{"target": -13.758342466702056, "params": {"gamma": 552.2345872106198, "log10_alpha": -1.4992605252008202, "log10_colsample_bytree": -0.44612494965866745, "log10_eta": -1.6860096723533542, "log10_lambda": -2.6271724136251846, "log10_min_child_weight": 4.371002197034505, "log10_subsample": -0.19370297282061888, "max_depth": 9.0, "num_boost_round": 9.0}, "datetime": {"datetime": "2024-01-19 01:33:11", "elapsed": 4844.56943, "delta": 0.004496}}
{"target": -13.758346538850999, "params": {"gamma": 552.2345872106198, "log10_alpha": -1.4992605252008202, "log10_colsample_bytree": -0.44612494965866745, "log10_eta": -1.6860096723533542, "log10_lambda": -2.6271724136251846, "log10_min_child_weight": 4.371002197034505, "log10_subsample": -0.19370297282061888, "max_depth": 9.0, "num_boost_round": 10.0}, "datetime": {"datetime": "2024-01-19 01:33:12", "elapsed": 4844.574129, "delta": 0.004699}}
{"target": -13.758425943088367, "params": {"gamma": 552.2345872106198, "log10_alpha": -1.4992605252008202, "log10_colsample_bytree": -0.44612494965866745, "log10_eta": -1.6860096723533542, "log10_lambda": -2.6271724136251846, "log10_min_child_weight": 4.371002197034505, "log10_subsample": -0.19370297282061888, "max_depth": 9.0, "num_boost_round": 11.0}, "datetime": {"datetime": "2024-01-19 01:33:12", "elapsed": 4844.578639, "delta": 0.00451}}
{"target": -13.758685437858862, "params": {"gamma": 552.2345872106198, "log10_alpha": -1.4992605252008202, "log10_colsample_bytree": -0.44612494965866745, "log10_eta": -1.6860096723533542, "log10_lambda": -2.6271724136251846, "log10_min_child_weight": 4.371002197034505, "log10_subsample": -0.19370297282061888, "max_depth": 9.0, "num_boost_round": 12.0}, "datetime": {"datetime": "2024-01-19 01:33:12", "elapsed": 4844.583247, "delta": 0.004608}}
{"target": -13.75853505913253, "params": {"gamma": 552.2345872106198, "log10_alpha": -1.4992605252008202, "log10_colsample_bytree": -0.44612494965866745, "log10_eta": -1.6860096723533542, "log10_lambda": -2.6271724136251846, "log10_min_child_weight": 4.371002197034505, "log10_subsample": -0.19370297282061888, "max_depth": 9.0, "num_boost_round": 13.0}, "datetime": {"datetime": "2024-01-19 01:33:12", "elapsed": 4844.587761, "delta": 0.004514}}
{"target": -13.758608867669462, "params": {"gamma": 552.2345872106198, "log10_alpha": -1.4992605252008202, "log10_colsample_bytree": -0.44612494965866745, "log10_eta": -1.6860096723533542, "log10_lambda": -2.6271724136251846, "log10_min_child_weight": 4.371002197034505, "log10_subsample": -0.19370297282061888, "max_depth": 9.0, "num_boost_round": 14.0}, "datetime": {"datetime": "2024-01-19 01:33:12", "elapsed": 4844.592248, "delta": 0.004487}}
{"target": -13.758546976762123, "params": {"gamma": 552.2345872106198, "log10_alpha": -1.4992605252008202, "log10_colsample_bytree": -0.44612494965866745, "log10_eta": -1.6860096723533542, "log10_lambda": -2.6271724136251846, "log10_min_child_weight": 4.371002197034505, "log10_subsample": -0.19370297282061888, "max_depth": 9.0, "num_boost_round": 15.0}, "datetime": {"datetime": "2024-01-19 01:33:12", "elapsed": 4844.596935, "delta": 0.004687}}
{"target": -13.758619012657135, "params": {"gamma": 552.2345872106198, "log10_alpha": -1.4992605252008202, "log10_colsample_bytree": -0.44612494965866745, "log10_eta": -1.6860096723533542, "log10_lambda": -2.6271724136251846, "log10_min_child_weight": 4.371002197034505, "log10_subsample": -0.19370297282061888, "max_depth": 9.0, "num_boost_round": 16.0}, "datetime": {"datetime": "2024-01-19 01:33:12", "elapsed": 4844.601554, "delta": 0.004619}}
{"target": -13.758951015897445, "params": {"gamma": 552.2345872106198, "log10_alpha": -1.4992605252008202, "log10_colsample_bytree": -0.44612494965866745, "log10_eta": -1.6860096723533542, "log10_lambda": -2.6271724136251846, "log10_min_child_weight": 4.371002197034505, "log10_subsample": -0.19370297282061888, "max_depth": 9.0, "num_boost_round": 17.0}, "datetime": {"datetime": "2024-01-19 01:33:12", "elapsed": 4844.606078, "delta": 0.004524}}
{"target": -13.7591294863231, "params": {"gamma": 552.2345872106198, "log10_alpha": -1.4992605252008202, "log10_colsample_bytree": -0.44612494965866745, "log10_eta": -1.6860096723533542, "log10_lambda": -2.6271724136251846, "log10_min_child_weight": 4.371002197034505, "log10_subsample": -0.19370297282061888, "max_depth": 9.0, "num_boost_round": 18.0}, "datetime": {"datetime": "2024-01-19 01:33:12", "elapsed": 4844.610981, "delta": 0.004903}}
