{"target": -17.6770988104983, "params": {"gamma": 431.4893931251511, "log10_alpha": -3.8931299898823015, "log10_colsample_bytree": -0.7897609669293731, "log10_eta": -2.4315401660783706, "log10_lambda": 0.6757999395960006, "log10_min_child_weight": 4.453390898912373, "log10_subsample": -0.42483996006188474, "max_depth": 4.0, "num_boost_round": 8.0}, "datetime": {"datetime": "2024-01-19 03:29:37", "elapsed": 11881.518495, "delta": 0.005748}}
{"target": -17.677089277926857, "params": {"gamma": 431.4893931251511, "log10_alpha": -3.8931299898823015, "log10_colsample_bytree": -0.7897609669293731, "log10_eta": -2.4315401660783706, "log10_lambda": 0.6757999395960006, "log10_min_child_weight": 4.453390898912373, "log10_subsample": -0.42483996006188474, "max_depth": 4.0, "num_boost_round": 9.0}, "datetime": {"datetime": "2024-01-19 03:29:37", "elapsed": 11881.524292, "delta": 0.005797}}
{"target": -17.67708110331909, "params": {"gamma": 431.4893931251511, "log10_alpha": -3.8931299898823015, "log10_colsample_bytree": -0.7897609669293731, "log10_eta": -2.4315401660783706, "log10_lambda": 0.6757999395960006, "log10_min_child_weight": 4.453390898912373, "log10_subsample": -0.42483996006188474, "max_depth": 4.0, "num_boost_round": 10.0}, "datetime": {"datetime": "2024-01-19 03:29:37", "elapsed": 11881.530077, "delta": 0.005785}}
{"target": -17.67706484888662, "params": {"gamma": 431.4893931251511, "log10_alpha": -3.8931299898823015, "log10_colsample_bytree": -0.7897609669293731, "log10_eta": -2.4315401660783706, "log10_lambda": 0.6757999395960006, "log10_min_child_weight": 4.453390898912373, "log10_subsample": -0.42483996006188474, "max_depth": 4.0, "num_boost_round": 11.0}, "datetime": {"datetime": "2024-01-19 03:29:37", "elapsed": 11881.535855, "delta": 0.005778}}
{"target": -17.67705755932429, "params": {"gamma": 431.4893931251511, "log10_alpha": -3.8931299898823015, "log10_colsample_bytree": -0.7897609669293731, "log10_eta": -2.4315401660783706, "log10_lambda": 0.6757999395960006, "log10_min_child_weight": 4.453390898912373, "log10_subsample": -0.42483996006188474, "max_depth": 4.0, "num_boost_round": 12.0}, "datetime": {"datetime": "2024-01-19 03:29:37", "elapsed": 11881.54159, "delta": 0.005735}}
{"target": -17.67703963603494, "params": {"gamma": 431.4893931251511, "log10_alpha": -3.8931299898823015, "log10_colsample_bytree": -0.7897609669293731, "log10_eta": -2.4315401660783706, "log10_lambda": 0.6757999395960006, "log10_min_child_weight": 4.453390898912373, "log10_subsample": -0.42483996006188474, "max_depth": 4.0, "num_boost_round": 13.0}, "datetime": {"datetime": "2024-01-19 03:29:37", "elapsed": 11881.547335, "delta": 0.005745}}
{"target": -17.677035318906558, "params": {"gamma": 431.4893931251511, "log10_alpha": -3.8931299898823015, "log10_colsample_bytree": -0.7897609669293731, "log10_eta": -2.4315401660783706, "log10_lambda": 0.6757999395960006, "log10_min_child_weight": 4.453390898912373, "log10_subsample": -0.42483996006188474, "max_depth": 4.0, "num_boost_round": 14.0}, "datetime": {"datetime": "2024-01-19 03:29:37", "elapsed": 11881.553077, "delta": 0.005742}}
{"target": -17.67696954201384, "params": {"gamma": 431.4893931251511, "log10_alpha": -3.8931299898823015, "log10_colsample_bytree": -0.7897609669293731, "log10_eta": -2.4315401660783706, "log10_lambda": 0.6757999395960006, "log10_min_child_weight": 4.453390898912373, "log10_subsample": -0.42483996006188474, "max_depth": 4.0, "num_boost_round": 15.0}, "datetime": {"datetime": "2024-01-19 03:29:37", "elapsed": 11881.558843, "delta": 0.005766}}
{"target": -17.676932507394945, "params": {"gamma": 431.4893931251511, "log10_alpha": -3.8931299898823015, "log10_colsample_bytree": -0.7897609669293731, "log10_eta": -2.4315401660783706, "log10_lambda": 0.6757999395960006, "log10_min_child_weight": 4.453390898912373, "log10_subsample": -0.42483996006188474, "max_depth": 4.0, "num_boost_round": 16.0}, "datetime": {"datetime": "2024-01-19 03:29:37", "elapsed": 11881.564606, "delta": 0.005763}}
{"target": -17.676913762018582, "params": {"gamma": 431.4893931251511, "log10_alpha": -3.8931299898823015, "log10_colsample_bytree": -0.7897609669293731, "log10_eta": -2.4315401660783706, "log10_lambda": 0.6757999395960006, "log10_min_child_weight": 4.453390898912373, "log10_subsample": -0.42483996006188474, "max_depth": 4.0, "num_boost_round": 17.0}, "datetime": {"datetime": "2024-01-19 03:29:37", "elapsed": 11881.570425, "delta": 0.005819}}
{"target": -17.676864068333778, "params": {"gamma": 431.4893931251511, "log10_alpha": -3.8931299898823015, "log10_colsample_bytree": -0.7897609669293731, "log10_eta": -2.4315401660783706, "log10_lambda": 0.6757999395960006, "log10_min_child_weight": 4.453390898912373, "log10_subsample": -0.42483996006188474, "max_depth": 4.0, "num_boost_round": 18.0}, "datetime": {"datetime": "2024-01-19 03:29:37", "elapsed": 11881.57615, "delta": 0.005725}}
{"target": -17.676816382931822, "params": {"gamma": 431.4893931251511, "log10_alpha": -3.8931299898823015, "log10_colsample_bytree": -0.7897609669293731, "log10_eta": -2.4315401660783706, "log10_lambda": 0.6757999395960006, "log10_min_child_weight": 4.453390898912373, "log10_subsample": -0.42483996006188474, "max_depth": 4.0, "num_boost_round": 19.0}, "datetime": {"datetime": "2024-01-19 03:29:37", "elapsed": 11881.58189, "delta": 0.00574}}
{"target": -17.67684553068299, "params": {"gamma": 431.4893931251511, "log10_alpha": -3.8931299898823015, "log10_colsample_bytree": -0.7897609669293731, "log10_eta": -2.4315401660783706, "log10_lambda": 0.6757999395960006, "log10_min_child_weight": 4.453390898912373, "log10_subsample": -0.42483996006188474, "max_depth": 4.0, "num_boost_round": 20.0}, "datetime": {"datetime": "2024-01-19 03:29:37", "elapsed": 11881.587663, "delta": 0.005773}}
{"target": -17.67682836246976, "params": {"gamma": 431.4893931251511, "log10_alpha": -3.8931299898823015, "log10_colsample_bytree": -0.7897609669293731, "log10_eta": -2.4315401660783706, "log10_lambda": 0.6757999395960006, "log10_min_child_weight": 4.453390898912373, "log10_subsample": -0.42483996006188474, "max_depth": 4.0, "num_boost_round": 21.0}, "datetime": {"datetime": "2024-01-19 03:29:37", "elapsed": 11881.593398, "delta": 0.005735}}
{"target": -17.67681642081543, "params": {"gamma": 431.4893931251511, "log10_alpha": -3.8931299898823015, "log10_colsample_bytree": -0.7897609669293731, "log10_eta": -2.4315401660783706, "log10_lambda": 0.6757999395960006, "log10_min_child_weight": 4.453390898912373, "log10_subsample": -0.42483996006188474, "max_depth": 4.0, "num_boost_round": 22.0}, "datetime": {"datetime": "2024-01-19 03:29:37", "elapsed": 11881.599146, "delta": 0.005748}}
{"target": -17.6767710301573, "params": {"gamma": 431.4893931251511, "log10_alpha": -3.8931299898823015, "log10_colsample_bytree": -0.7897609669293731, "log10_eta": -2.4315401660783706, "log10_lambda": 0.6757999395960006, "log10_min_child_weight": 4.453390898912373, "log10_subsample": -0.42483996006188474, "max_depth": 4.0, "num_boost_round": 23.0}, "datetime": {"datetime": "2024-01-19 03:29:37", "elapsed": 11881.604913, "delta": 0.005767}}
{"target": -17.676750236238536, "params": {"gamma": 431.4893931251511, "log10_alpha": -3.8931299898823015, "log10_colsample_bytree": -0.7897609669293731, "log10_eta": -2.4315401660783706, "log10_lambda": 0.6757999395960006, "log10_min_child_weight": 4.453390898912373, "log10_subsample": -0.42483996006188474, "max_depth": 4.0, "num_boost_round": 24.0}, "datetime": {"datetime": "2024-01-19 03:29:37", "elapsed": 11881.611332, "delta": 0.006419}}
{"target": -17.67672600936312, "params": {"gamma": 431.4893931251511, "log10_alpha": -3.8931299898823015, "log10_colsample_bytree": -0.7897609669293731, "log10_eta": -2.4315401660783706, "log10_lambda": 0.6757999395960006, "log10_min_child_weight": 4.453390898912373, "log10_subsample": -0.42483996006188474, "max_depth": 4.0, "num_boost_round": 25.0}, "datetime": {"datetime": "2024-01-19 03:29:37", "elapsed": 11881.617257, "delta": 0.005925}}
{"target": -17.676734431252562, "params": {"gamma": 431.4893931251511, "log10_alpha": -3.8931299898823015, "log10_colsample_bytree": -0.7897609669293731, "log10_eta": -2.4315401660783706, "log10_lambda": 0.6757999395960006, "log10_min_child_weight": 4.453390898912373, "log10_subsample": -0.42483996006188474, "max_depth": 4.0, "num_boost_round": 26.0}, "datetime": {"datetime": "2024-01-19 03:29:37", "elapsed": 11881.623063, "delta": 0.005806}}
{"target": -17.67723218396275, "params": {"gamma": 450.95314095344787, "log10_alpha": -1.8901823468798422, "log10_colsample_bytree": 0.0, "log10_eta": -4.0, "log10_lambda": -4.456602084207954, "log10_min_child_weight": 5.0, "log10_subsample": -0.6145425106337247, "max_depth": 2.0, "num_boost_round": 0.0}, "datetime": {"datetime": "2024-01-19 03:33:01", "elapsed": 12086.01277, "delta": 204.389707}}
{"target": -17.677232164913292, "params": {"gamma": 450.95314095344787, "log10_alpha": -1.8901823468798422, "log10_colsample_bytree": 0.0, "log10_eta": -4.0, "log10_lambda": -4.456602084207954, "log10_min_child_weight": 5.0, "log10_subsample": -0.6145425106337247, "max_depth": 2.0, "num_boost_round": 1.0}, "datetime": {"datetime": "2024-01-19 03:33:01", "elapsed": 12086.019939, "delta": 0.007169}}
{"target": -17.677231336456558, "params": {"gamma": 450.95314095344787, "log10_alpha": -1.8901823468798422, "log10_colsample_bytree": 0.0, "log10_eta": -4.0, "log10_lambda": -4.456602084207954, "log10_min_child_weight": 5.0, "log10_subsample": -0.6145425106337247, "max_depth": 2.0, "num_boost_round": 2.0}, "datetime": {"datetime": "2024-01-19 03:33:01", "elapsed": 12086.026101, "delta": 0.006162}}
{"target": -17.677231330822696, "params": {"gamma": 450.95314095344787, "log10_alpha": -1.8901823468798422, "log10_colsample_bytree": 0.0, "log10_eta": -4.0, "log10_lambda": -4.456602084207954, "log10_min_child_weight": 5.0, "log10_subsample": -0.6145425106337247, "max_depth": 2.0, "num_boost_round": 3.0}, "datetime": {"datetime": "2024-01-19 03:33:01", "elapsed": 12086.032439, "delta": 0.006338}}
{"target": -17.67723047502806, "params": {"gamma": 450.95314095344787, "log10_alpha": -1.8901823468798422, "log10_colsample_bytree": 0.0, "log10_eta": -4.0, "log10_lambda": -4.456602084207954, "log10_min_child_weight": 5.0, "log10_subsample": -0.6145425106337247, "max_depth": 2.0, "num_boost_round": 4.0}, "datetime": {"datetime": "2024-01-19 03:33:01", "elapsed": 12086.038629, "delta": 0.00619}}
{"target": -17.677229652909396, "params": {"gamma": 450.95314095344787, "log10_alpha": -1.8901823468798422, "log10_colsample_bytree": 0.0, "log10_eta": -4.0, "log10_lambda": -4.456602084207954, "log10_min_child_weight": 5.0, "log10_subsample": -0.6145425106337247, "max_depth": 2.0, "num_boost_round": 5.0}, "datetime": {"datetime": "2024-01-19 03:33:01", "elapsed": 12086.044762, "delta": 0.006133}}
{"target": -17.677229652480424, "params": {"gamma": 450.95314095344787, "log10_alpha": -1.8901823468798422, "log10_colsample_bytree": 0.0, "log10_eta": -4.0, "log10_lambda": -4.456602084207954, "log10_min_child_weight": 5.0, "log10_subsample": -0.6145425106337247, "max_depth": 2.0, "num_boost_round": 6.0}, "datetime": {"datetime": "2024-01-19 03:33:01", "elapsed": 12086.050939, "delta": 0.006177}}
{"target": -17.677228825830888, "params": {"gamma": 450.95314095344787, "log10_alpha": -1.8901823468798422, "log10_colsample_bytree": 0.0, "log10_eta": -4.0, "log10_lambda": -4.456602084207954, "log10_min_child_weight": 5.0, "log10_subsample": -0.6145425106337247, "max_depth": 2.0, "num_boost_round": 7.0}, "datetime": {"datetime": "2024-01-19 03:33:01", "elapsed": 12086.057139, "delta": 0.0062}}
{"target": -17.677228005079762, "params": {"gamma": 450.95314095344787, "log10_alpha": -1.8901823468798422, "log10_colsample_bytree": 0.0, "log10_eta": -4.0, "log10_lambda": -4.456602084207954, "log10_min_child_weight": 5.0, "log10_subsample": -0.6145425106337247, "max_depth": 2.0, "num_boost_round": 8.0}, "datetime": {"datetime": "2024-01-19 03:33:01", "elapsed": 12086.063265, "delta": 0.006126}}
{"target": -17.67722801065615, "params": {"gamma": 450.95314095344787, "log10_alpha": -1.8901823468798422, "log10_colsample_bytree": 0.0, "log10_eta": -4.0, "log10_lambda": -4.456602084207954, "log10_min_child_weight": 5.0, "log10_subsample": -0.6145425106337247, "max_depth": 2.0, "num_boost_round": 9.0}, "datetime": {"datetime": "2024-01-19 03:33:01", "elapsed": 12086.069441, "delta": 0.006176}}
{"target": -17.67722775044566, "params": {"gamma": 450.95314095344787, "log10_alpha": -1.8901823468798422, "log10_colsample_bytree": 0.0, "log10_eta": -4.0, "log10_lambda": -4.456602084207954, "log10_min_child_weight": 5.0, "log10_subsample": -0.6145425106337247, "max_depth": 2.0, "num_boost_round": 10.0}, "datetime": {"datetime": "2024-01-19 03:33:01", "elapsed": 12086.075854, "delta": 0.006413}}
{"target": -17.677226977713428, "params": {"gamma": 450.95314095344787, "log10_alpha": -1.8901823468798422, "log10_colsample_bytree": 0.0, "log10_eta": -4.0, "log10_lambda": -4.456602084207954, "log10_min_child_weight": 5.0, "log10_subsample": -0.6145425106337247, "max_depth": 2.0, "num_boost_round": 11.0}, "datetime": {"datetime": "2024-01-19 03:33:01", "elapsed": 12086.082115, "delta": 0.006261}}
{"target": -17.67722611543007, "params": {"gamma": 450.95314095344787, "log10_alpha": -1.8901823468798422, "log10_colsample_bytree": 0.0, "log10_eta": -4.0, "log10_lambda": -4.456602084207954, "log10_min_child_weight": 5.0, "log10_subsample": -0.6145425106337247, "max_depth": 2.0, "num_boost_round": 12.0}, "datetime": {"datetime": "2024-01-19 03:33:01", "elapsed": 12086.197307, "delta": 0.115192}}
{"target": -17.677225976361242, "params": {"gamma": 450.95314095344787, "log10_alpha": -1.8901823468798422, "log10_colsample_bytree": 0.0, "log10_eta": -4.0, "log10_lambda": -4.456602084207954, "log10_min_child_weight": 5.0, "log10_subsample": -0.6145425106337247, "max_depth": 2.0, "num_boost_round": 13.0}, "datetime": {"datetime": "2024-01-19 03:33:01", "elapsed": 12086.203718, "delta": 0.006411}}
{"target": -17.677225990817103, "params": {"gamma": 450.95314095344787, "log10_alpha": -1.8901823468798422, "log10_colsample_bytree": 0.0, "log10_eta": -4.0, "log10_lambda": -4.456602084207954, "log10_min_child_weight": 5.0, "log10_subsample": -0.6145425106337247, "max_depth": 2.0, "num_boost_round": 14.0}, "datetime": {"datetime": "2024-01-19 03:33:01", "elapsed": 12086.209686, "delta": 0.005968}}
{"target": -17.67722599468474, "params": {"gamma": 450.95314095344787, "log10_alpha": -1.8901823468798422, "log10_colsample_bytree": 0.0, "log10_eta": -4.0, "log10_lambda": -4.456602084207954, "log10_min_child_weight": 5.0, "log10_subsample": -0.6145425106337247, "max_depth": 2.0, "num_boost_round": 15.0}, "datetime": {"datetime": "2024-01-19 03:33:01", "elapsed": 12086.215612, "delta": 0.005926}}
{"target": -17.677225194882265, "params": {"gamma": 450.95314095344787, "log10_alpha": -1.8901823468798422, "log10_colsample_bytree": 0.0, "log10_eta": -4.0, "log10_lambda": -4.456602084207954, "log10_min_child_weight": 5.0, "log10_subsample": -0.6145425106337247, "max_depth": 2.0, "num_boost_round": 16.0}, "datetime": {"datetime": "2024-01-19 03:33:01", "elapsed": 12086.221654, "delta": 0.006042}}
{"target": -17.67722433430521, "params": {"gamma": 450.95314095344787, "log10_alpha": -1.8901823468798422, "log10_colsample_bytree": 0.0, "log10_eta": -4.0, "log10_lambda": -4.456602084207954, "log10_min_child_weight": 5.0, "log10_subsample": -0.6145425106337247, "max_depth": 2.0, "num_boost_round": 17.0}, "datetime": {"datetime": "2024-01-19 03:33:01", "elapsed": 12086.227654, "delta": 0.006}}
{"target": -17.677223494698605, "params": {"gamma": 450.95314095344787, "log10_alpha": -1.8901823468798422, "log10_colsample_bytree": 0.0, "log10_eta": -4.0, "log10_lambda": -4.456602084207954, "log10_min_child_weight": 5.0, "log10_subsample": -0.6145425106337247, "max_depth": 2.0, "num_boost_round": 18.0}, "datetime": {"datetime": "2024-01-19 03:33:01", "elapsed": 12086.23351, "delta": 0.005856}}
{"target": -17.677222651784273, "params": {"gamma": 450.95314095344787, "log10_alpha": -1.8901823468798422, "log10_colsample_bytree": 0.0, "log10_eta": -4.0, "log10_lambda": -4.456602084207954, "log10_min_child_weight": 5.0, "log10_subsample": -0.6145425106337247, "max_depth": 2.0, "num_boost_round": 19.0}, "datetime": {"datetime": "2024-01-19 03:33:01", "elapsed": 12086.239399, "delta": 0.005889}}
{"target": -17.677222629486792, "params": {"gamma": 450.95314095344787, "log10_alpha": -1.8901823468798422, "log10_colsample_bytree": 0.0, "log10_eta": -4.0, "log10_lambda": -4.456602084207954, "log10_min_child_weight": 5.0, "log10_subsample": -0.6145425106337247, "max_depth": 2.0, "num_boost_round": 20.0}, "datetime": {"datetime": "2024-01-19 03:33:01", "elapsed": 12086.245251, "delta": 0.005852}}
{"target": -17.677222667202212, "params": {"gamma": 450.95314095344787, "log10_alpha": -1.8901823468798422, "log10_colsample_bytree": 0.0, "log10_eta": -4.0, "log10_lambda": -4.456602084207954, "log10_min_child_weight": 5.0, "log10_subsample": -0.6145425106337247, "max_depth": 2.0, "num_boost_round": 21.0}, "datetime": {"datetime": "2024-01-19 03:33:01", "elapsed": 12086.251153, "delta": 0.005902}}
{"target": -17.677221837428483, "params": {"gamma": 450.95314095344787, "log10_alpha": -1.8901823468798422, "log10_colsample_bytree": 0.0, "log10_eta": -4.0, "log10_lambda": -4.456602084207954, "log10_min_child_weight": 5.0, "log10_subsample": -0.6145425106337247, "max_depth": 2.0, "num_boost_round": 22.0}, "datetime": {"datetime": "2024-01-19 03:33:01", "elapsed": 12086.256986, "delta": 0.005833}}
{"target": -17.677221020920737, "params": {"gamma": 450.95314095344787, "log10_alpha": -1.8901823468798422, "log10_colsample_bytree": 0.0, "log10_eta": -4.0, "log10_lambda": -4.456602084207954, "log10_min_child_weight": 5.0, "log10_subsample": -0.6145425106337247, "max_depth": 2.0, "num_boost_round": 23.0}, "datetime": {"datetime": "2024-01-19 03:33:01", "elapsed": 12086.26295, "delta": 0.005964}}
{"target": -17.67722033780988, "params": {"gamma": 450.95314095344787, "log10_alpha": -1.8901823468798422, "log10_colsample_bytree": 0.0, "log10_eta": -4.0, "log10_lambda": -4.456602084207954, "log10_min_child_weight": 5.0, "log10_subsample": -0.6145425106337247, "max_depth": 2.0, "num_boost_round": 24.0}, "datetime": {"datetime": "2024-01-19 03:33:01", "elapsed": 12086.268824, "delta": 0.005874}}
{"target": -17.677219404073554, "params": {"gamma": 450.95314095344787, "log10_alpha": -1.8901823468798422, "log10_colsample_bytree": 0.0, "log10_eta": -4.0, "log10_lambda": -4.456602084207954, "log10_min_child_weight": 5.0, "log10_subsample": -0.6145425106337247, "max_depth": 2.0, "num_boost_round": 25.0}, "datetime": {"datetime": "2024-01-19 03:33:01", "elapsed": 12086.274741, "delta": 0.005917}}
{"target": -17.677219429597187, "params": {"gamma": 450.95314095344787, "log10_alpha": -1.8901823468798422, "log10_colsample_bytree": 0.0, "log10_eta": -4.0, "log10_lambda": -4.456602084207954, "log10_min_child_weight": 5.0, "log10_subsample": -0.6145425106337247, "max_depth": 2.0, "num_boost_round": 26.0}, "datetime": {"datetime": "2024-01-19 03:33:01", "elapsed": 12086.280632, "delta": 0.005891}}
{"target": -17.677218589574558, "params": {"gamma": 450.95314095344787, "log10_alpha": -1.8901823468798422, "log10_colsample_bytree": 0.0, "log10_eta": -4.0, "log10_lambda": -4.456602084207954, "log10_min_child_weight": 5.0, "log10_subsample": -0.6145425106337247, "max_depth": 2.0, "num_boost_round": 27.0}, "datetime": {"datetime": "2024-01-19 03:33:01", "elapsed": 12086.286547, "delta": 0.005915}}
{"target": -17.677217703926416, "params": {"gamma": 450.95314095344787, "log10_alpha": -1.8901823468798422, "log10_colsample_bytree": 0.0, "log10_eta": -4.0, "log10_lambda": -4.456602084207954, "log10_min_child_weight": 5.0, "log10_subsample": -0.6145425106337247, "max_depth": 2.0, "num_boost_round": 28.0}, "datetime": {"datetime": "2024-01-19 03:33:01", "elapsed": 12086.292683, "delta": 0.006136}}
{"target": -17.677217709972627, "params": {"gamma": 450.95314095344787, "log10_alpha": -1.8901823468798422, "log10_colsample_bytree": 0.0, "log10_eta": -4.0, "log10_lambda": -4.456602084207954, "log10_min_child_weight": 5.0, "log10_subsample": -0.6145425106337247, "max_depth": 2.0, "num_boost_round": 29.0}, "datetime": {"datetime": "2024-01-19 03:33:01", "elapsed": 12086.29859, "delta": 0.005907}}
{"target": -17.677217750894435, "params": {"gamma": 450.95314095344787, "log10_alpha": -1.8901823468798422, "log10_colsample_bytree": 0.0, "log10_eta": -4.0, "log10_lambda": -4.456602084207954, "log10_min_child_weight": 5.0, "log10_subsample": -0.6145425106337247, "max_depth": 2.0, "num_boost_round": 30.0}, "datetime": {"datetime": "2024-01-19 03:33:01", "elapsed": 12086.30447, "delta": 0.00588}}
{"target": -17.677216902391507, "params": {"gamma": 450.95314095344787, "log10_alpha": -1.8901823468798422, "log10_colsample_bytree": 0.0, "log10_eta": -4.0, "log10_lambda": -4.456602084207954, "log10_min_child_weight": 5.0, "log10_subsample": -0.6145425106337247, "max_depth": 2.0, "num_boost_round": 31.0}, "datetime": {"datetime": "2024-01-19 03:33:01", "elapsed": 12086.310365, "delta": 0.005895}}
{"target": -17.67721688474267, "params": {"gamma": 450.95314095344787, "log10_alpha": -1.8901823468798422, "log10_colsample_bytree": 0.0, "log10_eta": -4.0, "log10_lambda": -4.456602084207954, "log10_min_child_weight": 5.0, "log10_subsample": -0.6145425106337247, "max_depth": 2.0, "num_boost_round": 32.0}, "datetime": {"datetime": "2024-01-19 03:33:01", "elapsed": 12086.316263, "delta": 0.005898}}
