{"target": -13.756549456834993, "params": {"gamma": 626.2442449999791, "log10_alpha": 0.021619919184384884, "log10_colsample_bytree": -0.6047013722018733, "log10_eta": -1.4941998860325119, "log10_lambda": 0.91364856008712, "log10_min_child_weight": 0.9604818505170992, "log10_subsample": -0.32468074910122857, "max_depth": 2.0, "num_boost_round": 18.0}, "datetime": {"datetime": "2024-01-19 01:25:45", "elapsed": 4398.396541, "delta": 0.004395}}
{"target": -13.756598097170462, "params": {"gamma": 626.2442449999791, "log10_alpha": 0.021619919184384884, "log10_colsample_bytree": -0.6047013722018733, "log10_eta": -1.4941998860325119, "log10_lambda": 0.91364856008712, "log10_min_child_weight": 0.9604818505170992, "log10_subsample": -0.32468074910122857, "max_depth": 2.0, "num_boost_round": 19.0}, "datetime": {"datetime": "2024-01-19 01:25:45", "elapsed": 4398.400869, "delta": 0.004328}}
{"target": -13.756727200873287, "params": {"gamma": 626.2442449999791, "log10_alpha": 0.021619919184384884, "log10_colsample_bytree": -0.6047013722018733, "log10_eta": -1.4941998860325119, "log10_lambda": 0.91364856008712, "log10_min_child_weight": 0.9604818505170992, "log10_subsample": -0.32468074910122857, "max_depth": 2.0, "num_boost_round": 20.0}, "datetime": {"datetime": "2024-01-19 01:25:45", "elapsed": 4398.405266, "delta": 0.004397}}
{"target": -13.756813450967162, "params": {"gamma": 626.2442449999791, "log10_alpha": 0.021619919184384884, "log10_colsample_bytree": -0.6047013722018733, "log10_eta": -1.4941998860325119, "log10_lambda": 0.91364856008712, "log10_min_child_weight": 0.9604818505170992, "log10_subsample": -0.32468074910122857, "max_depth": 2.0, "num_boost_round": 21.0}, "datetime": {"datetime": "2024-01-19 01:25:45", "elapsed": 4398.409496, "delta": 0.00423}}
{"target": -13.757360414158956, "params": {"gamma": 626.2442449999791, "log10_alpha": 0.021619919184384884, "log10_colsample_bytree": -0.6047013722018733, "log10_eta": -1.4941998860325119, "log10_lambda": 0.91364856008712, "log10_min_child_weight": 0.9604818505170992, "log10_subsample": -0.32468074910122857, "max_depth": 2.0, "num_boost_round": 22.0}, "datetime": {"datetime": "2024-01-19 01:25:45", "elapsed": 4398.52587, "delta": 0.116374}}
{"target": -13.757058766243132, "params": {"gamma": 626.2442449999791, "log10_alpha": 0.021619919184384884, "log10_colsample_bytree": -0.6047013722018733, "log10_eta": -1.4941998860325119, "log10_lambda": 0.91364856008712, "log10_min_child_weight": 0.9604818505170992, "log10_subsample": -0.32468074910122857, "max_depth": 2.0, "num_boost_round": 23.0}, "datetime": {"datetime": "2024-01-19 01:25:45", "elapsed": 4398.530774, "delta": 0.004904}}
{"target": -13.75739216640927, "params": {"gamma": 626.2442449999791, "log10_alpha": 0.021619919184384884, "log10_colsample_bytree": -0.6047013722018733, "log10_eta": -1.4941998860325119, "log10_lambda": 0.91364856008712, "log10_min_child_weight": 0.9604818505170992, "log10_subsample": -0.32468074910122857, "max_depth": 2.0, "num_boost_round": 24.0}, "datetime": {"datetime": "2024-01-19 01:25:45", "elapsed": 4398.53541, "delta": 0.004636}}
{"target": -13.757289531958214, "params": {"gamma": 626.2442449999791, "log10_alpha": 0.021619919184384884, "log10_colsample_bytree": -0.6047013722018733, "log10_eta": -1.4941998860325119, "log10_lambda": 0.91364856008712, "log10_min_child_weight": 0.9604818505170992, "log10_subsample": -0.32468074910122857, "max_depth": 2.0, "num_boost_round": 25.0}, "datetime": {"datetime": "2024-01-19 01:25:45", "elapsed": 4398.539873, "delta": 0.004463}}
{"target": -13.75766243442732, "params": {"gamma": 626.2442449999791, "log10_alpha": 0.021619919184384884, "log10_colsample_bytree": -0.6047013722018733, "log10_eta": -1.4941998860325119, "log10_lambda": 0.91364856008712, "log10_min_child_weight": 0.9604818505170992, "log10_subsample": -0.32468074910122857, "max_depth": 2.0, "num_boost_round": 26.0}, "datetime": {"datetime": "2024-01-19 01:25:45", "elapsed": 4398.544234, "delta": 0.004361}}
{"target": -13.757368644522295, "params": {"gamma": 626.2442449999791, "log10_alpha": 0.021619919184384884, "log10_colsample_bytree": -0.6047013722018733, "log10_eta": -1.4941998860325119, "log10_lambda": 0.91364856008712, "log10_min_child_weight": 0.9604818505170992, "log10_subsample": -0.32468074910122857, "max_depth": 2.0, "num_boost_round": 27.0}, "datetime": {"datetime": "2024-01-19 01:25:45", "elapsed": 4398.548678, "delta": 0.004444}}
{"target": -13.758538695573895, "params": {"gamma": 628.3548733339451, "log10_alpha": -4.308336379540931, "log10_colsample_bytree": -0.7603552105941401, "log10_eta": -3.2923601411637216, "log10_lambda": -0.49759213878244335, "log10_min_child_weight": 4.165273702236408, "log10_subsample": -0.6968807860630167, "max_depth": 4.0, "num_boost_round": 0.0}, "datetime": {"datetime": "2024-01-19 01:26:36", "elapsed": 4449.219761, "delta": 50.671083}}
{"target": -13.758536355223887, "params": {"gamma": 628.3548733339451, "log10_alpha": -4.308336379540931, "log10_colsample_bytree": -0.7603552105941401, "log10_eta": -3.2923601411637216, "log10_lambda": -0.49759213878244335, "log10_min_child_weight": 4.165273702236408, "log10_subsample": -0.6968807860630167, "max_depth": 4.0, "num_boost_round": 1.0}, "datetime": {"datetime": "2024-01-19 01:26:36", "elapsed": 4449.224964, "delta": 0.005203}}
{"target": -13.758534191021319, "params": {"gamma": 628.3548733339451, "log10_alpha": -4.308336379540931, "log10_colsample_bytree": -0.7603552105941401, "log10_eta": -3.2923601411637216, "log10_lambda": -0.49759213878244335, "log10_min_child_weight": 4.165273702236408, "log10_subsample": -0.6968807860630167, "max_depth": 4.0, "num_boost_round": 2.0}, "datetime": {"datetime": "2024-01-19 01:26:36", "elapsed": 4449.229652, "delta": 0.004688}}
{"target": -13.75853190521364, "params": {"gamma": 628.3548733339451, "log10_alpha": -4.308336379540931, "log10_colsample_bytree": -0.7603552105941401, "log10_eta": -3.2923601411637216, "log10_lambda": -0.49759213878244335, "log10_min_child_weight": 4.165273702236408, "log10_subsample": -0.6968807860630167, "max_depth": 4.0, "num_boost_round": 3.0}, "datetime": {"datetime": "2024-01-19 01:26:36", "elapsed": 4449.234457, "delta": 0.004805}}
{"target": -13.758531842713612, "params": {"gamma": 628.3548733339451, "log10_alpha": -4.308336379540931, "log10_colsample_bytree": -0.7603552105941401, "log10_eta": -3.2923601411637216, "log10_lambda": -0.49759213878244335, "log10_min_child_weight": 4.165273702236408, "log10_subsample": -0.6968807860630167, "max_depth": 4.0, "num_boost_round": 4.0}, "datetime": {"datetime": "2024-01-19 01:26:36", "elapsed": 4449.239015, "delta": 0.004558}}
{"target": -13.758530019420736, "params": {"gamma": 628.3548733339451, "log10_alpha": -4.308336379540931, "log10_colsample_bytree": -0.7603552105941401, "log10_eta": -3.2923601411637216, "log10_lambda": -0.49759213878244335, "log10_min_child_weight": 4.165273702236408, "log10_subsample": -0.6968807860630167, "max_depth": 4.0, "num_boost_round": 5.0}, "datetime": {"datetime": "2024-01-19 01:26:36", "elapsed": 4449.243489, "delta": 0.004474}}
{"target": -13.758533425506602, "params": {"gamma": 628.3548733339451, "log10_alpha": -4.308336379540931, "log10_colsample_bytree": -0.7603552105941401, "log10_eta": -3.2923601411637216, "log10_lambda": -0.49759213878244335, "log10_min_child_weight": 4.165273702236408, "log10_subsample": -0.6968807860630167, "max_depth": 4.0, "num_boost_round": 6.0}, "datetime": {"datetime": "2024-01-19 01:26:36", "elapsed": 4449.24795, "delta": 0.004461}}
{"target": -13.758532654871667, "params": {"gamma": 628.3548733339451, "log10_alpha": -4.308336379540931, "log10_colsample_bytree": -0.7603552105941401, "log10_eta": -3.2923601411637216, "log10_lambda": -0.49759213878244335, "log10_min_child_weight": 4.165273702236408, "log10_subsample": -0.6968807860630167, "max_depth": 4.0, "num_boost_round": 7.0}, "datetime": {"datetime": "2024-01-19 01:26:36", "elapsed": 4449.252408, "delta": 0.004458}}
{"target": -13.758532487322945, "params": {"gamma": 628.3548733339451, "log10_alpha": -4.308336379540931, "log10_colsample_bytree": -0.7603552105941401, "log10_eta": -3.2923601411637216, "log10_lambda": -0.49759213878244335, "log10_min_child_weight": 4.165273702236408, "log10_subsample": -0.6968807860630167, "max_depth": 4.0, "num_boost_round": 8.0}, "datetime": {"datetime": "2024-01-19 01:26:36", "elapsed": 4449.257263, "delta": 0.004855}}
{"target": -13.758532952489565, "params": {"gamma": 628.3548733339451, "log10_alpha": -4.308336379540931, "log10_colsample_bytree": -0.7603552105941401, "log10_eta": -3.2923601411637216, "log10_lambda": -0.49759213878244335, "log10_min_child_weight": 4.165273702236408, "log10_subsample": -0.6968807860630167, "max_depth": 4.0, "num_boost_round": 9.0}, "datetime": {"datetime": "2024-01-19 01:26:36", "elapsed": 4449.261733, "delta": 0.00447}}
{"target": -13.75853177066707, "params": {"gamma": 628.3548733339451, "log10_alpha": -4.308336379540931, "log10_colsample_bytree": -0.7603552105941401, "log10_eta": -3.2923601411637216, "log10_lambda": -0.49759213878244335, "log10_min_child_weight": 4.165273702236408, "log10_subsample": -0.6968807860630167, "max_depth": 4.0, "num_boost_round": 10.0}, "datetime": {"datetime": "2024-01-19 01:26:36", "elapsed": 4449.26625, "delta": 0.004517}}
{"target": -13.75852934314785, "params": {"gamma": 628.3548733339451, "log10_alpha": -4.308336379540931, "log10_colsample_bytree": -0.7603552105941401, "log10_eta": -3.2923601411637216, "log10_lambda": -0.49759213878244335, "log10_min_child_weight": 4.165273702236408, "log10_subsample": -0.6968807860630167, "max_depth": 4.0, "num_boost_round": 11.0}, "datetime": {"datetime": "2024-01-19 01:26:36", "elapsed": 4449.270832, "delta": 0.004582}}
{"target": -13.758531553950133, "params": {"gamma": 628.3548733339451, "log10_alpha": -4.308336379540931, "log10_colsample_bytree": -0.7603552105941401, "log10_eta": -3.2923601411637216, "log10_lambda": -0.49759213878244335, "log10_min_child_weight": 4.165273702236408, "log10_subsample": -0.6968807860630167, "max_depth": 4.0, "num_boost_round": 12.0}, "datetime": {"datetime": "2024-01-19 01:26:36", "elapsed": 4449.275504, "delta": 0.004672}}
{"target": -13.758531149649277, "params": {"gamma": 628.3548733339451, "log10_alpha": -4.308336379540931, "log10_colsample_bytree": -0.7603552105941401, "log10_eta": -3.2923601411637216, "log10_lambda": -0.49759213878244335, "log10_min_child_weight": 4.165273702236408, "log10_subsample": -0.6968807860630167, "max_depth": 4.0, "num_boost_round": 13.0}, "datetime": {"datetime": "2024-01-19 01:26:36", "elapsed": 4449.279899, "delta": 0.004395}}
{"target": -13.75852975118346, "params": {"gamma": 628.3548733339451, "log10_alpha": -4.308336379540931, "log10_colsample_bytree": -0.7603552105941401, "log10_eta": -3.2923601411637216, "log10_lambda": -0.49759213878244335, "log10_min_child_weight": 4.165273702236408, "log10_subsample": -0.6968807860630167, "max_depth": 4.0, "num_boost_round": 14.0}, "datetime": {"datetime": "2024-01-19 01:26:36", "elapsed": 4449.284333, "delta": 0.004434}}
{"target": -13.758523388343157, "params": {"gamma": 628.3548733339451, "log10_alpha": -4.308336379540931, "log10_colsample_bytree": -0.7603552105941401, "log10_eta": -3.2923601411637216, "log10_lambda": -0.49759213878244335, "log10_min_child_weight": 4.165273702236408, "log10_subsample": -0.6968807860630167, "max_depth": 4.0, "num_boost_round": 15.0}, "datetime": {"datetime": "2024-01-19 01:26:36", "elapsed": 4449.288878, "delta": 0.004545}}
{"target": -13.758519939125675, "params": {"gamma": 628.3548733339451, "log10_alpha": -4.308336379540931, "log10_colsample_bytree": -0.7603552105941401, "log10_eta": -3.2923601411637216, "log10_lambda": -0.49759213878244335, "log10_min_child_weight": 4.165273702236408, "log10_subsample": -0.6968807860630167, "max_depth": 4.0, "num_boost_round": 16.0}, "datetime": {"datetime": "2024-01-19 01:26:36", "elapsed": 4449.293552, "delta": 0.004674}}
{"target": -13.758516778357041, "params": {"gamma": 628.3548733339451, "log10_alpha": -4.308336379540931, "log10_colsample_bytree": -0.7603552105941401, "log10_eta": -3.2923601411637216, "log10_lambda": -0.49759213878244335, "log10_min_child_weight": 4.165273702236408, "log10_subsample": -0.6968807860630167, "max_depth": 4.0, "num_boost_round": 17.0}, "datetime": {"datetime": "2024-01-19 01:26:36", "elapsed": 4449.298217, "delta": 0.004665}}
{"target": -13.758515515499042, "params": {"gamma": 628.3548733339451, "log10_alpha": -4.308336379540931, "log10_colsample_bytree": -0.7603552105941401, "log10_eta": -3.2923601411637216, "log10_lambda": -0.49759213878244335, "log10_min_child_weight": 4.165273702236408, "log10_subsample": -0.6968807860630167, "max_depth": 4.0, "num_boost_round": 18.0}, "datetime": {"datetime": "2024-01-19 01:26:36", "elapsed": 4449.302884, "delta": 0.004667}}
{"target": -13.758515142353378, "params": {"gamma": 628.3548733339451, "log10_alpha": -4.308336379540931, "log10_colsample_bytree": -0.7603552105941401, "log10_eta": -3.2923601411637216, "log10_lambda": -0.49759213878244335, "log10_min_child_weight": 4.165273702236408, "log10_subsample": -0.6968807860630167, "max_depth": 4.0, "num_boost_round": 19.0}, "datetime": {"datetime": "2024-01-19 01:26:36", "elapsed": 4449.307549, "delta": 0.004665}}
{"target": -13.758515625757699, "params": {"gamma": 628.3548733339451, "log10_alpha": -4.308336379540931, "log10_colsample_bytree": -0.7603552105941401, "log10_eta": -3.2923601411637216, "log10_lambda": -0.49759213878244335, "log10_min_child_weight": 4.165273702236408, "log10_subsample": -0.6968807860630167, "max_depth": 4.0, "num_boost_round": 20.0}, "datetime": {"datetime": "2024-01-19 01:26:36", "elapsed": 4449.312135, "delta": 0.004586}}
{"target": -13.75851376364807, "params": {"gamma": 628.3548733339451, "log10_alpha": -4.308336379540931, "log10_colsample_bytree": -0.7603552105941401, "log10_eta": -3.2923601411637216, "log10_lambda": -0.49759213878244335, "log10_min_child_weight": 4.165273702236408, "log10_subsample": -0.6968807860630167, "max_depth": 4.0, "num_boost_round": 21.0}, "datetime": {"datetime": "2024-01-19 01:26:36", "elapsed": 4449.316888, "delta": 0.004753}}
{"target": -13.758513732534865, "params": {"gamma": 628.3548733339451, "log10_alpha": -4.308336379540931, "log10_colsample_bytree": -0.7603552105941401, "log10_eta": -3.2923601411637216, "log10_lambda": -0.49759213878244335, "log10_min_child_weight": 4.165273702236408, "log10_subsample": -0.6968807860630167, "max_depth": 4.0, "num_boost_round": 22.0}, "datetime": {"datetime": "2024-01-19 01:26:36", "elapsed": 4449.321296, "delta": 0.004408}}
{"target": -13.75851033685784, "params": {"gamma": 628.3548733339451, "log10_alpha": -4.308336379540931, "log10_colsample_bytree": -0.7603552105941401, "log10_eta": -3.2923601411637216, "log10_lambda": -0.49759213878244335, "log10_min_child_weight": 4.165273702236408, "log10_subsample": -0.6968807860630167, "max_depth": 4.0, "num_boost_round": 23.0}, "datetime": {"datetime": "2024-01-19 01:26:36", "elapsed": 4449.325876, "delta": 0.00458}}
{"target": -13.75851169452356, "params": {"gamma": 628.3548733339451, "log10_alpha": -4.308336379540931, "log10_colsample_bytree": -0.7603552105941401, "log10_eta": -3.2923601411637216, "log10_lambda": -0.49759213878244335, "log10_min_child_weight": 4.165273702236408, "log10_subsample": -0.6968807860630167, "max_depth": 4.0, "num_boost_round": 24.0}, "datetime": {"datetime": "2024-01-19 01:26:36", "elapsed": 4449.330484, "delta": 0.004608}}
{"target": -13.75851120219051, "params": {"gamma": 628.3548733339451, "log10_alpha": -4.308336379540931, "log10_colsample_bytree": -0.7603552105941401, "log10_eta": -3.2923601411637216, "log10_lambda": -0.49759213878244335, "log10_min_child_weight": 4.165273702236408, "log10_subsample": -0.6968807860630167, "max_depth": 4.0, "num_boost_round": 25.0}, "datetime": {"datetime": "2024-01-19 01:26:36", "elapsed": 4449.335265, "delta": 0.004781}}
{"target": -13.758510031675533, "params": {"gamma": 628.3548733339451, "log10_alpha": -4.308336379540931, "log10_colsample_bytree": -0.7603552105941401, "log10_eta": -3.2923601411637216, "log10_lambda": -0.49759213878244335, "log10_min_child_weight": 4.165273702236408, "log10_subsample": -0.6968807860630167, "max_depth": 4.0, "num_boost_round": 26.0}, "datetime": {"datetime": "2024-01-19 01:26:36", "elapsed": 4449.339865, "delta": 0.0046}}
{"target": -13.758503749729766, "params": {"gamma": 628.3548733339451, "log10_alpha": -4.308336379540931, "log10_colsample_bytree": -0.7603552105941401, "log10_eta": -3.2923601411637216, "log10_lambda": -0.49759213878244335, "log10_min_child_weight": 4.165273702236408, "log10_subsample": -0.6968807860630167, "max_depth": 4.0, "num_boost_round": 27.0}, "datetime": {"datetime": "2024-01-19 01:26:36", "elapsed": 4449.344321, "delta": 0.004456}}
{"target": -13.758499905925374, "params": {"gamma": 628.3548733339451, "log10_alpha": -4.308336379540931, "log10_colsample_bytree": -0.7603552105941401, "log10_eta": -3.2923601411637216, "log10_lambda": -0.49759213878244335, "log10_min_child_weight": 4.165273702236408, "log10_subsample": -0.6968807860630167, "max_depth": 4.0, "num_boost_round": 28.0}, "datetime": {"datetime": "2024-01-19 01:26:36", "elapsed": 4449.348765, "delta": 0.004444}}
{"target": -13.758502678841483, "params": {"gamma": 628.3548733339451, "log10_alpha": -4.308336379540931, "log10_colsample_bytree": -0.7603552105941401, "log10_eta": -3.2923601411637216, "log10_lambda": -0.49759213878244335, "log10_min_child_weight": 4.165273702236408, "log10_subsample": -0.6968807860630167, "max_depth": 4.0, "num_boost_round": 29.0}, "datetime": {"datetime": "2024-01-19 01:26:36", "elapsed": 4449.353759, "delta": 0.004994}}
{"target": -13.758499090262932, "params": {"gamma": 628.3548733339451, "log10_alpha": -4.308336379540931, "log10_colsample_bytree": -0.7603552105941401, "log10_eta": -3.2923601411637216, "log10_lambda": -0.49759213878244335, "log10_min_child_weight": 4.165273702236408, "log10_subsample": -0.6968807860630167, "max_depth": 4.0, "num_boost_round": 30.0}, "datetime": {"datetime": "2024-01-19 01:26:36", "elapsed": 4449.358768, "delta": 0.005009}}
{"target": -13.758503093036607, "params": {"gamma": 628.3548733339451, "log10_alpha": -4.308336379540931, "log10_colsample_bytree": -0.7603552105941401, "log10_eta": -3.2923601411637216, "log10_lambda": -0.49759213878244335, "log10_min_child_weight": 4.165273702236408, "log10_subsample": -0.6968807860630167, "max_depth": 4.0, "num_boost_round": 31.0}, "datetime": {"datetime": "2024-01-19 01:26:36", "elapsed": 4449.363582, "delta": 0.004814}}
{"target": -13.75850347915516, "params": {"gamma": 628.3548733339451, "log10_alpha": -4.308336379540931, "log10_colsample_bytree": -0.7603552105941401, "log10_eta": -3.2923601411637216, "log10_lambda": -0.49759213878244335, "log10_min_child_weight": 4.165273702236408, "log10_subsample": -0.6968807860630167, "max_depth": 4.0, "num_boost_round": 32.0}, "datetime": {"datetime": "2024-01-19 01:26:36", "elapsed": 4449.368284, "delta": 0.004702}}
{"target": -13.758501543294997, "params": {"gamma": 628.3548733339451, "log10_alpha": -4.308336379540931, "log10_colsample_bytree": -0.7603552105941401, "log10_eta": -3.2923601411637216, "log10_lambda": -0.49759213878244335, "log10_min_child_weight": 4.165273702236408, "log10_subsample": -0.6968807860630167, "max_depth": 4.0, "num_boost_round": 33.0}, "datetime": {"datetime": "2024-01-19 01:26:36", "elapsed": 4449.372889, "delta": 0.004605}}
{"target": -13.758500468679681, "params": {"gamma": 628.3548733339451, "log10_alpha": -4.308336379540931, "log10_colsample_bytree": -0.7603552105941401, "log10_eta": -3.2923601411637216, "log10_lambda": -0.49759213878244335, "log10_min_child_weight": 4.165273702236408, "log10_subsample": -0.6968807860630167, "max_depth": 4.0, "num_boost_round": 34.0}, "datetime": {"datetime": "2024-01-19 01:26:36", "elapsed": 4449.377624, "delta": 0.004735}}
{"target": -13.758309220832402, "params": {"gamma": 637.2209515034326, "log10_alpha": -4.730220988486484, "log10_colsample_bytree": -0.583859681200195, "log10_eta": -1.825994085229306, "log10_lambda": -3.4467943573846958, "log10_min_child_weight": 3.4695850881552914, "log10_subsample": -0.17261913492466585, "max_depth": 9.0, "num_boost_round": 0.0}, "datetime": {"datetime": "2024-01-19 01:27:31", "elapsed": 4503.84704, "delta": 54.469416}}
{"target": -13.757677942004062, "params": {"gamma": 637.2209515034326, "log10_alpha": -4.730220988486484, "log10_colsample_bytree": -0.583859681200195, "log10_eta": -1.825994085229306, "log10_lambda": -3.4467943573846958, "log10_min_child_weight": 3.4695850881552914, "log10_subsample": -0.17261913492466585, "max_depth": 9.0, "num_boost_round": 1.0}, "datetime": {"datetime": "2024-01-19 01:27:31", "elapsed": 4503.852435, "delta": 0.005395}}
{"target": -13.75724229670734, "params": {"gamma": 637.2209515034326, "log10_alpha": -4.730220988486484, "log10_colsample_bytree": -0.583859681200195, "log10_eta": -1.825994085229306, "log10_lambda": -3.4467943573846958, "log10_min_child_weight": 3.4695850881552914, "log10_subsample": -0.17261913492466585, "max_depth": 9.0, "num_boost_round": 2.0}, "datetime": {"datetime": "2024-01-19 01:27:31", "elapsed": 4503.857099, "delta": 0.004664}}
{"target": -13.757271523208672, "params": {"gamma": 637.2209515034326, "log10_alpha": -4.730220988486484, "log10_colsample_bytree": -0.583859681200195, "log10_eta": -1.825994085229306, "log10_lambda": -3.4467943573846958, "log10_min_child_weight": 3.4695850881552914, "log10_subsample": -0.17261913492466585, "max_depth": 9.0, "num_boost_round": 3.0}, "datetime": {"datetime": "2024-01-19 01:27:31", "elapsed": 4503.86171, "delta": 0.004611}}
