{"target": -18.00991422077685, "params": {"gamma": 401.06672480322436, "log10_alpha": -2.0355668506487046, "log10_colsample_bytree": -0.1485662728874375, "log10_eta": -0.7193003669780178, "log10_lambda": -4.990146893738072, "log10_min_child_weight": 1.2129320715322522, "log10_subsample": -0.7178426886042534, "max_depth": 4.0, "num_boost_round": 31.0}, "datetime": {"datetime": "2024-01-19 00:48:22", "elapsed": 2192.43539, "delta": 0.003086}}
{"target": -18.024346423060837, "params": {"gamma": 401.06672480322436, "log10_alpha": -2.0355668506487046, "log10_colsample_bytree": -0.1485662728874375, "log10_eta": -0.7193003669780178, "log10_lambda": -4.990146893738072, "log10_min_child_weight": 1.2129320715322522, "log10_subsample": -0.7178426886042534, "max_depth": 4.0, "num_boost_round": 32.0}, "datetime": {"datetime": "2024-01-19 00:48:22", "elapsed": 2192.438496, "delta": 0.003106}}
{"target": -17.677230171291747, "params": {"gamma": 403.8386656634495, "log10_alpha": 0.9087265050472331, "log10_colsample_bytree": -0.3838067484300527, "log10_eta": -3.7891983117754977, "log10_lambda": -2.65468471622358, "log10_min_child_weight": 3.3129151111520234, "log10_subsample": -0.6636413388900497, "max_depth": 2.0, "num_boost_round": 0.0}, "datetime": {"datetime": "2024-01-19 00:49:21", "elapsed": 2251.359466, "delta": 58.92097}}
{"target": -17.6772266959899, "params": {"gamma": 403.8386656634495, "log10_alpha": 0.9087265050472331, "log10_colsample_bytree": -0.3838067484300527, "log10_eta": -3.7891983117754977, "log10_lambda": -2.65468471622358, "log10_min_child_weight": 3.3129151111520234, "log10_subsample": -0.6636413388900497, "max_depth": 2.0, "num_boost_round": 1.0}, "datetime": {"datetime": "2024-01-19 00:49:21", "elapsed": 2251.363859, "delta": 0.004393}}
{"target": -17.677222312189944, "params": {"gamma": 403.8386656634495, "log10_alpha": 0.9087265050472331, "log10_colsample_bytree": -0.3838067484300527, "log10_eta": -3.7891983117754977, "log10_lambda": -2.65468471622358, "log10_min_child_weight": 3.3129151111520234, "log10_subsample": -0.6636413388900497, "max_depth": 2.0, "num_boost_round": 2.0}, "datetime": {"datetime": "2024-01-19 00:49:21", "elapsed": 2251.367085, "delta": 0.003226}}
{"target": -17.67722215445967, "params": {"gamma": 403.8386656634495, "log10_alpha": 0.9087265050472331, "log10_colsample_bytree": -0.3838067484300527, "log10_eta": -3.7891983117754977, "log10_lambda": -2.65468471622358, "log10_min_child_weight": 3.3129151111520234, "log10_subsample": -0.6636413388900497, "max_depth": 2.0, "num_boost_round": 3.0}, "datetime": {"datetime": "2024-01-19 00:49:21", "elapsed": 2251.370322, "delta": 0.003237}}
{"target": -17.677218936223305, "params": {"gamma": 403.8386656634495, "log10_alpha": 0.9087265050472331, "log10_colsample_bytree": -0.3838067484300527, "log10_eta": -3.7891983117754977, "log10_lambda": -2.65468471622358, "log10_min_child_weight": 3.3129151111520234, "log10_subsample": -0.6636413388900497, "max_depth": 2.0, "num_boost_round": 4.0}, "datetime": {"datetime": "2024-01-19 00:49:21", "elapsed": 2251.373573, "delta": 0.003251}}
{"target": -17.677216535910052, "params": {"gamma": 403.8386656634495, "log10_alpha": 0.9087265050472331, "log10_colsample_bytree": -0.3838067484300527, "log10_eta": -3.7891983117754977, "log10_lambda": -2.65468471622358, "log10_min_child_weight": 3.3129151111520234, "log10_subsample": -0.6636413388900497, "max_depth": 2.0, "num_boost_round": 5.0}, "datetime": {"datetime": "2024-01-19 00:49:21", "elapsed": 2251.376786, "delta": 0.003213}}
{"target": -17.677212451814636, "params": {"gamma": 403.8386656634495, "log10_alpha": 0.9087265050472331, "log10_colsample_bytree": -0.3838067484300527, "log10_eta": -3.7891983117754977, "log10_lambda": -2.65468471622358, "log10_min_child_weight": 3.3129151111520234, "log10_subsample": -0.6636413388900497, "max_depth": 2.0, "num_boost_round": 6.0}, "datetime": {"datetime": "2024-01-19 00:49:21", "elapsed": 2251.379911, "delta": 0.003125}}
{"target": -17.67720916974701, "params": {"gamma": 403.8386656634495, "log10_alpha": 0.9087265050472331, "log10_colsample_bytree": -0.3838067484300527, "log10_eta": -3.7891983117754977, "log10_lambda": -2.65468471622358, "log10_min_child_weight": 3.3129151111520234, "log10_subsample": -0.6636413388900497, "max_depth": 2.0, "num_boost_round": 7.0}, "datetime": {"datetime": "2024-01-19 00:49:21", "elapsed": 2251.383198, "delta": 0.003287}}
{"target": -17.677205668674617, "params": {"gamma": 403.8386656634495, "log10_alpha": 0.9087265050472331, "log10_colsample_bytree": -0.3838067484300527, "log10_eta": -3.7891983117754977, "log10_lambda": -2.65468471622358, "log10_min_child_weight": 3.3129151111520234, "log10_subsample": -0.6636413388900497, "max_depth": 2.0, "num_boost_round": 8.0}, "datetime": {"datetime": "2024-01-19 00:49:21", "elapsed": 2251.386331, "delta": 0.003133}}
{"target": -17.67720244614451, "params": {"gamma": 403.8386656634495, "log10_alpha": 0.9087265050472331, "log10_colsample_bytree": -0.3838067484300527, "log10_eta": -3.7891983117754977, "log10_lambda": -2.65468471622358, "log10_min_child_weight": 3.3129151111520234, "log10_subsample": -0.6636413388900497, "max_depth": 2.0, "num_boost_round": 9.0}, "datetime": {"datetime": "2024-01-19 00:49:21", "elapsed": 2251.389486, "delta": 0.003155}}
{"target": -17.67722970065859, "params": {"gamma": 411.1043917516263, "log10_alpha": -4.015600564532203, "log10_colsample_bytree": -0.9276162838779346, "log10_eta": -3.957317595835291, "log10_lambda": -4.686989957331709, "log10_min_child_weight": 3.686654959829725, "log10_subsample": -0.6019927450044903, "max_depth": 9.0, "num_boost_round": 0.0}, "datetime": {"datetime": "2024-01-19 00:49:52", "elapsed": 2282.343964, "delta": 30.954478}}
{"target": -17.677229274097222, "params": {"gamma": 411.1043917516263, "log10_alpha": -4.015600564532203, "log10_colsample_bytree": -0.9276162838779346, "log10_eta": -3.957317595835291, "log10_lambda": -4.686989957331709, "log10_min_child_weight": 3.686654959829725, "log10_subsample": -0.6019927450044903, "max_depth": 9.0, "num_boost_round": 1.0}, "datetime": {"datetime": "2024-01-19 00:49:52", "elapsed": 2282.348291, "delta": 0.004327}}
{"target": -17.67722797664169, "params": {"gamma": 411.1043917516263, "log10_alpha": -4.015600564532203, "log10_colsample_bytree": -0.9276162838779346, "log10_eta": -3.957317595835291, "log10_lambda": -4.686989957331709, "log10_min_child_weight": 3.686654959829725, "log10_subsample": -0.6019927450044903, "max_depth": 9.0, "num_boost_round": 2.0}, "datetime": {"datetime": "2024-01-19 00:49:52", "elapsed": 2282.351691, "delta": 0.0034}}
{"target": -17.677228021722485, "params": {"gamma": 411.1043917516263, "log10_alpha": -4.015600564532203, "log10_colsample_bytree": -0.9276162838779346, "log10_eta": -3.957317595835291, "log10_lambda": -4.686989957331709, "log10_min_child_weight": 3.686654959829725, "log10_subsample": -0.6019927450044903, "max_depth": 9.0, "num_boost_round": 3.0}, "datetime": {"datetime": "2024-01-19 00:49:52", "elapsed": 2282.354902, "delta": 0.003211}}
{"target": -17.67722731635816, "params": {"gamma": 411.1043917516263, "log10_alpha": -4.015600564532203, "log10_colsample_bytree": -0.9276162838779346, "log10_eta": -3.957317595835291, "log10_lambda": -4.686989957331709, "log10_min_child_weight": 3.686654959829725, "log10_subsample": -0.6019927450044903, "max_depth": 9.0, "num_boost_round": 4.0}, "datetime": {"datetime": "2024-01-19 00:49:52", "elapsed": 2282.358154, "delta": 0.003252}}
{"target": -17.677226628473928, "params": {"gamma": 411.1043917516263, "log10_alpha": -4.015600564532203, "log10_colsample_bytree": -0.9276162838779346, "log10_eta": -3.957317595835291, "log10_lambda": -4.686989957331709, "log10_min_child_weight": 3.686654959829725, "log10_subsample": -0.6019927450044903, "max_depth": 9.0, "num_boost_round": 5.0}, "datetime": {"datetime": "2024-01-19 00:49:52", "elapsed": 2282.361385, "delta": 0.003231}}
{"target": -17.677228630639632, "params": {"gamma": 411.1043917516263, "log10_alpha": -4.015600564532203, "log10_colsample_bytree": -0.9276162838779346, "log10_eta": -3.957317595835291, "log10_lambda": -4.686989957331709, "log10_min_child_weight": 3.686654959829725, "log10_subsample": -0.6019927450044903, "max_depth": 9.0, "num_boost_round": 6.0}, "datetime": {"datetime": "2024-01-19 00:49:52", "elapsed": 2282.364718, "delta": 0.003333}}
{"target": -17.677226305689455, "params": {"gamma": 411.1043917516263, "log10_alpha": -4.015600564532203, "log10_colsample_bytree": -0.9276162838779346, "log10_eta": -3.957317595835291, "log10_lambda": -4.686989957331709, "log10_min_child_weight": 3.686654959829725, "log10_subsample": -0.6019927450044903, "max_depth": 9.0, "num_boost_round": 7.0}, "datetime": {"datetime": "2024-01-19 00:49:52", "elapsed": 2282.36797, "delta": 0.003252}}
{"target": -17.67722662194869, "params": {"gamma": 411.1043917516263, "log10_alpha": -4.015600564532203, "log10_colsample_bytree": -0.9276162838779346, "log10_eta": -3.957317595835291, "log10_lambda": -4.686989957331709, "log10_min_child_weight": 3.686654959829725, "log10_subsample": -0.6019927450044903, "max_depth": 9.0, "num_boost_round": 8.0}, "datetime": {"datetime": "2024-01-19 00:49:52", "elapsed": 2282.371203, "delta": 0.003233}}
{"target": -17.677225167133898, "params": {"gamma": 411.1043917516263, "log10_alpha": -4.015600564532203, "log10_colsample_bytree": -0.9276162838779346, "log10_eta": -3.957317595835291, "log10_lambda": -4.686989957331709, "log10_min_child_weight": 3.686654959829725, "log10_subsample": -0.6019927450044903, "max_depth": 9.0, "num_boost_round": 9.0}, "datetime": {"datetime": "2024-01-19 00:49:52", "elapsed": 2282.374431, "delta": 0.003228}}
{"target": -17.677226303661, "params": {"gamma": 411.1043917516263, "log10_alpha": -4.015600564532203, "log10_colsample_bytree": -0.9276162838779346, "log10_eta": -3.957317595835291, "log10_lambda": -4.686989957331709, "log10_min_child_weight": 3.686654959829725, "log10_subsample": -0.6019927450044903, "max_depth": 9.0, "num_boost_round": 10.0}, "datetime": {"datetime": "2024-01-19 00:49:52", "elapsed": 2282.377601, "delta": 0.00317}}
{"target": -17.677225026711156, "params": {"gamma": 411.1043917516263, "log10_alpha": -4.015600564532203, "log10_colsample_bytree": -0.9276162838779346, "log10_eta": -3.957317595835291, "log10_lambda": -4.686989957331709, "log10_min_child_weight": 3.686654959829725, "log10_subsample": -0.6019927450044903, "max_depth": 9.0, "num_boost_round": 11.0}, "datetime": {"datetime": "2024-01-19 00:49:52", "elapsed": 2282.380831, "delta": 0.00323}}
{"target": -17.67722311431291, "params": {"gamma": 411.1043917516263, "log10_alpha": -4.015600564532203, "log10_colsample_bytree": -0.9276162838779346, "log10_eta": -3.957317595835291, "log10_lambda": -4.686989957331709, "log10_min_child_weight": 3.686654959829725, "log10_subsample": -0.6019927450044903, "max_depth": 9.0, "num_boost_round": 12.0}, "datetime": {"datetime": "2024-01-19 00:49:52", "elapsed": 2282.384571, "delta": 0.00374}}
{"target": -17.677219804861192, "params": {"gamma": 425.1799203256512, "log10_alpha": -2.4602931352933144, "log10_colsample_bytree": -0.42399501577281906, "log10_eta": -3.252075458945868, "log10_lambda": -0.9420639660382895, "log10_min_child_weight": 1.0121648286569485, "log10_subsample": -0.03743069663634491, "max_depth": 2.0, "num_boost_round": 0.0}, "datetime": {"datetime": "2024-01-19 00:50:27", "elapsed": 2317.534312, "delta": 35.149741}}
{"target": -17.677203571539497, "params": {"gamma": 425.1799203256512, "log10_alpha": -2.4602931352933144, "log10_colsample_bytree": -0.42399501577281906, "log10_eta": -3.252075458945868, "log10_lambda": -0.9420639660382895, "log10_min_child_weight": 1.0121648286569485, "log10_subsample": -0.03743069663634491, "max_depth": 2.0, "num_boost_round": 1.0}, "datetime": {"datetime": "2024-01-19 00:50:27", "elapsed": 2317.538643, "delta": 0.004331}}
{"target": -17.67718751702243, "params": {"gamma": 425.1799203256512, "log10_alpha": -2.4602931352933144, "log10_colsample_bytree": -0.42399501577281906, "log10_eta": -3.252075458945868, "log10_lambda": -0.9420639660382895, "log10_min_child_weight": 1.0121648286569485, "log10_subsample": -0.03743069663634491, "max_depth": 2.0, "num_boost_round": 2.0}, "datetime": {"datetime": "2024-01-19 00:50:27", "elapsed": 2317.542212, "delta": 0.003569}}
{"target": -17.67717653104375, "params": {"gamma": 425.1799203256512, "log10_alpha": -2.4602931352933144, "log10_colsample_bytree": -0.42399501577281906, "log10_eta": -3.252075458945868, "log10_lambda": -0.9420639660382895, "log10_min_child_weight": 1.0121648286569485, "log10_subsample": -0.03743069663634491, "max_depth": 2.0, "num_boost_round": 3.0}, "datetime": {"datetime": "2024-01-19 00:50:27", "elapsed": 2317.545616, "delta": 0.003404}}
{"target": -17.67716457619293, "params": {"gamma": 425.1799203256512, "log10_alpha": -2.4602931352933144, "log10_colsample_bytree": -0.42399501577281906, "log10_eta": -3.252075458945868, "log10_lambda": -0.9420639660382895, "log10_min_child_weight": 1.0121648286569485, "log10_subsample": -0.03743069663634491, "max_depth": 2.0, "num_boost_round": 4.0}, "datetime": {"datetime": "2024-01-19 00:50:27", "elapsed": 2317.548735, "delta": 0.003119}}
{"target": -17.677153614174657, "params": {"gamma": 425.1799203256512, "log10_alpha": -2.4602931352933144, "log10_colsample_bytree": -0.42399501577281906, "log10_eta": -3.252075458945868, "log10_lambda": -0.9420639660382895, "log10_min_child_weight": 1.0121648286569485, "log10_subsample": -0.03743069663634491, "max_depth": 2.0, "num_boost_round": 5.0}, "datetime": {"datetime": "2024-01-19 00:50:27", "elapsed": 2317.551916, "delta": 0.003181}}
{"target": -17.677147075402626, "params": {"gamma": 425.1799203256512, "log10_alpha": -2.4602931352933144, "log10_colsample_bytree": -0.42399501577281906, "log10_eta": -3.252075458945868, "log10_lambda": -0.9420639660382895, "log10_min_child_weight": 1.0121648286569485, "log10_subsample": -0.03743069663634491, "max_depth": 2.0, "num_boost_round": 6.0}, "datetime": {"datetime": "2024-01-19 00:50:27", "elapsed": 2317.555026, "delta": 0.00311}}
{"target": -17.677129760941465, "params": {"gamma": 425.1799203256512, "log10_alpha": -2.4602931352933144, "log10_colsample_bytree": -0.42399501577281906, "log10_eta": -3.252075458945868, "log10_lambda": -0.9420639660382895, "log10_min_child_weight": 1.0121648286569485, "log10_subsample": -0.03743069663634491, "max_depth": 2.0, "num_boost_round": 7.0}, "datetime": {"datetime": "2024-01-19 00:50:27", "elapsed": 2317.558135, "delta": 0.003109}}
{"target": -17.677119497868976, "params": {"gamma": 425.1799203256512, "log10_alpha": -2.4602931352933144, "log10_colsample_bytree": -0.42399501577281906, "log10_eta": -3.252075458945868, "log10_lambda": -0.9420639660382895, "log10_min_child_weight": 1.0121648286569485, "log10_subsample": -0.03743069663634491, "max_depth": 2.0, "num_boost_round": 8.0}, "datetime": {"datetime": "2024-01-19 00:50:27", "elapsed": 2317.561219, "delta": 0.003084}}
{"target": -17.677099037338273, "params": {"gamma": 425.1799203256512, "log10_alpha": -2.4602931352933144, "log10_colsample_bytree": -0.42399501577281906, "log10_eta": -3.252075458945868, "log10_lambda": -0.9420639660382895, "log10_min_child_weight": 1.0121648286569485, "log10_subsample": -0.03743069663634491, "max_depth": 2.0, "num_boost_round": 9.0}, "datetime": {"datetime": "2024-01-19 00:50:27", "elapsed": 2317.564497, "delta": 0.003278}}
{"target": -17.675987407943843, "params": {"gamma": 398.81077152079325, "log10_alpha": 0.6205838532343941, "log10_colsample_bytree": -0.3107853317761924, "log10_eta": -1.3456705365871922, "log10_lambda": -1.3761783322203414, "log10_min_child_weight": 1.4274083620099587, "log10_subsample": -0.9389767082760522, "max_depth": 7.0, "num_boost_round": 0.0}, "datetime": {"datetime": "2024-01-19 00:50:57", "elapsed": 2347.578084, "delta": 30.013587}}
{"target": -17.676526072951788, "params": {"gamma": 398.81077152079325, "log10_alpha": 0.6205838532343941, "log10_colsample_bytree": -0.3107853317761924, "log10_eta": -1.3456705365871922, "log10_lambda": -1.3761783322203414, "log10_min_child_weight": 1.4274083620099587, "log10_subsample": -0.9389767082760522, "max_depth": 7.0, "num_boost_round": 1.0}, "datetime": {"datetime": "2024-01-19 00:50:57", "elapsed": 2347.699515, "delta": 0.121431}}
{"target": -17.678146608169786, "params": {"gamma": 398.81077152079325, "log10_alpha": 0.6205838532343941, "log10_colsample_bytree": -0.3107853317761924, "log10_eta": -1.3456705365871922, "log10_lambda": -1.3761783322203414, "log10_min_child_weight": 1.4274083620099587, "log10_subsample": -0.9389767082760522, "max_depth": 7.0, "num_boost_round": 2.0}, "datetime": {"datetime": "2024-01-19 00:50:57", "elapsed": 2347.703446, "delta": 0.003931}}
{"target": -17.674338326680218, "params": {"gamma": 398.81077152079325, "log10_alpha": 0.6205838532343941, "log10_colsample_bytree": -0.3107853317761924, "log10_eta": -1.3456705365871922, "log10_lambda": -1.3761783322203414, "log10_min_child_weight": 1.4274083620099587, "log10_subsample": -0.9389767082760522, "max_depth": 7.0, "num_boost_round": 3.0}, "datetime": {"datetime": "2024-01-19 00:50:57", "elapsed": 2347.707425, "delta": 0.003979}}
{"target": -17.67318199753751, "params": {"gamma": 398.81077152079325, "log10_alpha": 0.6205838532343941, "log10_colsample_bytree": -0.3107853317761924, "log10_eta": -1.3456705365871922, "log10_lambda": -1.3761783322203414, "log10_min_child_weight": 1.4274083620099587, "log10_subsample": -0.9389767082760522, "max_depth": 7.0, "num_boost_round": 4.0}, "datetime": {"datetime": "2024-01-19 00:50:57", "elapsed": 2347.71094, "delta": 0.003515}}
{"target": -17.672904166952094, "params": {"gamma": 398.81077152079325, "log10_alpha": 0.6205838532343941, "log10_colsample_bytree": -0.3107853317761924, "log10_eta": -1.3456705365871922, "log10_lambda": -1.3761783322203414, "log10_min_child_weight": 1.4274083620099587, "log10_subsample": -0.9389767082760522, "max_depth": 7.0, "num_boost_round": 5.0}, "datetime": {"datetime": "2024-01-19 00:50:57", "elapsed": 2347.714446, "delta": 0.003506}}
{"target": -17.675364517958037, "params": {"gamma": 398.81077152079325, "log10_alpha": 0.6205838532343941, "log10_colsample_bytree": -0.3107853317761924, "log10_eta": -1.3456705365871922, "log10_lambda": -1.3761783322203414, "log10_min_child_weight": 1.4274083620099587, "log10_subsample": -0.9389767082760522, "max_depth": 7.0, "num_boost_round": 6.0}, "datetime": {"datetime": "2024-01-19 00:50:57", "elapsed": 2347.717844, "delta": 0.003398}}
{"target": -17.67755028009018, "params": {"gamma": 398.81077152079325, "log10_alpha": 0.6205838532343941, "log10_colsample_bytree": -0.3107853317761924, "log10_eta": -1.3456705365871922, "log10_lambda": -1.3761783322203414, "log10_min_child_weight": 1.4274083620099587, "log10_subsample": -0.9389767082760522, "max_depth": 7.0, "num_boost_round": 7.0}, "datetime": {"datetime": "2024-01-19 00:50:57", "elapsed": 2347.721182, "delta": 0.003338}}
{"target": -17.677942336197933, "params": {"gamma": 398.81077152079325, "log10_alpha": 0.6205838532343941, "log10_colsample_bytree": -0.3107853317761924, "log10_eta": -1.3456705365871922, "log10_lambda": -1.3761783322203414, "log10_min_child_weight": 1.4274083620099587, "log10_subsample": -0.9389767082760522, "max_depth": 7.0, "num_boost_round": 8.0}, "datetime": {"datetime": "2024-01-19 00:50:57", "elapsed": 2347.724707, "delta": 0.003525}}
{"target": -17.679118452565366, "params": {"gamma": 398.81077152079325, "log10_alpha": 0.6205838532343941, "log10_colsample_bytree": -0.3107853317761924, "log10_eta": -1.3456705365871922, "log10_lambda": -1.3761783322203414, "log10_min_child_weight": 1.4274083620099587, "log10_subsample": -0.9389767082760522, "max_depth": 7.0, "num_boost_round": 9.0}, "datetime": {"datetime": "2024-01-19 00:50:57", "elapsed": 2347.728102, "delta": 0.003395}}
{"target": -17.68174204623068, "params": {"gamma": 398.81077152079325, "log10_alpha": 0.6205838532343941, "log10_colsample_bytree": -0.3107853317761924, "log10_eta": -1.3456705365871922, "log10_lambda": -1.3761783322203414, "log10_min_child_weight": 1.4274083620099587, "log10_subsample": -0.9389767082760522, "max_depth": 7.0, "num_boost_round": 10.0}, "datetime": {"datetime": "2024-01-19 00:50:57", "elapsed": 2347.731447, "delta": 0.003345}}
{"target": -17.681540104819046, "params": {"gamma": 398.81077152079325, "log10_alpha": 0.6205838532343941, "log10_colsample_bytree": -0.3107853317761924, "log10_eta": -1.3456705365871922, "log10_lambda": -1.3761783322203414, "log10_min_child_weight": 1.4274083620099587, "log10_subsample": -0.9389767082760522, "max_depth": 7.0, "num_boost_round": 11.0}, "datetime": {"datetime": "2024-01-19 00:50:57", "elapsed": 2347.7349, "delta": 0.003453}}
{"target": -17.68361204707559, "params": {"gamma": 398.81077152079325, "log10_alpha": 0.6205838532343941, "log10_colsample_bytree": -0.3107853317761924, "log10_eta": -1.3456705365871922, "log10_lambda": -1.3761783322203414, "log10_min_child_weight": 1.4274083620099587, "log10_subsample": -0.9389767082760522, "max_depth": 7.0, "num_boost_round": 12.0}, "datetime": {"datetime": "2024-01-19 00:50:57", "elapsed": 2347.73835, "delta": 0.00345}}
{"target": -17.67721811057888, "params": {"gamma": 395.6648464167647, "log10_alpha": -0.5408089042833684, "log10_colsample_bytree": -0.9337169518570345, "log10_eta": -2.800187966467924, "log10_lambda": -2.8715710507644365, "log10_min_child_weight": 2.0128050757435014, "log10_subsample": -0.7358794521878942, "max_depth": 4.0, "num_boost_round": 0.0}, "datetime": {"datetime": "2024-01-19 00:51:40", "elapsed": 2390.059351, "delta": 42.321001}}
