{"target": -13.758446024901614, "params": {"gamma": 884.3273443180343, "log10_alpha": 0.051826862832974996, "log10_colsample_bytree": -0.22389188350989275, "log10_eta": -3.7513232266344225, "log10_lambda": -3.3390682473675612, "log10_min_child_weight": 0.7909592711440433, "log10_subsample": -0.7551370578052382, "max_depth": 3.0, "num_boost_round": 28.0}, "datetime": {"datetime": "2024-01-19 00:26:45", "elapsed": 910.121152, "delta": 0.00164}}
{"target": -13.75844360109377, "params": {"gamma": 884.3273443180343, "log10_alpha": 0.051826862832974996, "log10_colsample_bytree": -0.22389188350989275, "log10_eta": -3.7513232266344225, "log10_lambda": -3.3390682473675612, "log10_min_child_weight": 0.7909592711440433, "log10_subsample": -0.7551370578052382, "max_depth": 3.0, "num_boost_round": 29.0}, "datetime": {"datetime": "2024-01-19 00:26:45", "elapsed": 910.122771, "delta": 0.001619}}
{"target": -13.758439523834712, "params": {"gamma": 884.3273443180343, "log10_alpha": 0.051826862832974996, "log10_colsample_bytree": -0.22389188350989275, "log10_eta": -3.7513232266344225, "log10_lambda": -3.3390682473675612, "log10_min_child_weight": 0.7909592711440433, "log10_subsample": -0.7551370578052382, "max_depth": 3.0, "num_boost_round": 30.0}, "datetime": {"datetime": "2024-01-19 00:26:45", "elapsed": 910.124406, "delta": 0.001635}}
{"target": -13.758437728152266, "params": {"gamma": 884.3273443180343, "log10_alpha": 0.051826862832974996, "log10_colsample_bytree": -0.22389188350989275, "log10_eta": -3.7513232266344225, "log10_lambda": -3.3390682473675612, "log10_min_child_weight": 0.7909592711440433, "log10_subsample": -0.7551370578052382, "max_depth": 3.0, "num_boost_round": 31.0}, "datetime": {"datetime": "2024-01-19 00:26:45", "elapsed": 910.126057, "delta": 0.001651}}
{"target": -13.75843444782366, "params": {"gamma": 884.3273443180343, "log10_alpha": 0.051826862832974996, "log10_colsample_bytree": -0.22389188350989275, "log10_eta": -3.7513232266344225, "log10_lambda": -3.3390682473675612, "log10_min_child_weight": 0.7909592711440433, "log10_subsample": -0.7551370578052382, "max_depth": 3.0, "num_boost_round": 32.0}, "datetime": {"datetime": "2024-01-19 00:26:45", "elapsed": 910.127702, "delta": 0.001645}}
{"target": -13.758434251302766, "params": {"gamma": 884.3273443180343, "log10_alpha": 0.051826862832974996, "log10_colsample_bytree": -0.22389188350989275, "log10_eta": -3.7513232266344225, "log10_lambda": -3.3390682473675612, "log10_min_child_weight": 0.7909592711440433, "log10_subsample": -0.7551370578052382, "max_depth": 3.0, "num_boost_round": 33.0}, "datetime": {"datetime": "2024-01-19 00:26:45", "elapsed": 910.129367, "delta": 0.001665}}
{"target": -13.758429149399792, "params": {"gamma": 884.3273443180343, "log10_alpha": 0.051826862832974996, "log10_colsample_bytree": -0.22389188350989275, "log10_eta": -3.7513232266344225, "log10_lambda": -3.3390682473675612, "log10_min_child_weight": 0.7909592711440433, "log10_subsample": -0.7551370578052382, "max_depth": 3.0, "num_boost_round": 34.0}, "datetime": {"datetime": "2024-01-19 00:26:45", "elapsed": 910.131011, "delta": 0.001644}}
{"target": -13.758422678991526, "params": {"gamma": 884.3273443180343, "log10_alpha": 0.051826862832974996, "log10_colsample_bytree": -0.22389188350989275, "log10_eta": -3.7513232266344225, "log10_lambda": -3.3390682473675612, "log10_min_child_weight": 0.7909592711440433, "log10_subsample": -0.7551370578052382, "max_depth": 3.0, "num_boost_round": 35.0}, "datetime": {"datetime": "2024-01-19 00:26:45", "elapsed": 910.132863, "delta": 0.001852}}
{"target": -13.75842299015051, "params": {"gamma": 884.3273443180343, "log10_alpha": 0.051826862832974996, "log10_colsample_bytree": -0.22389188350989275, "log10_eta": -3.7513232266344225, "log10_lambda": -3.3390682473675612, "log10_min_child_weight": 0.7909592711440433, "log10_subsample": -0.7551370578052382, "max_depth": 3.0, "num_boost_round": 36.0}, "datetime": {"datetime": "2024-01-19 00:26:45", "elapsed": 910.134655, "delta": 0.001792}}
{"target": -13.758423175808158, "params": {"gamma": 884.3273443180343, "log10_alpha": 0.051826862832974996, "log10_colsample_bytree": -0.22389188350989275, "log10_eta": -3.7513232266344225, "log10_lambda": -3.3390682473675612, "log10_min_child_weight": 0.7909592711440433, "log10_subsample": -0.7551370578052382, "max_depth": 3.0, "num_boost_round": 37.0}, "datetime": {"datetime": "2024-01-19 00:26:45", "elapsed": 910.136399, "delta": 0.001744}}
{"target": -13.758422770165279, "params": {"gamma": 884.3273443180343, "log10_alpha": 0.051826862832974996, "log10_colsample_bytree": -0.22389188350989275, "log10_eta": -3.7513232266344225, "log10_lambda": -3.3390682473675612, "log10_min_child_weight": 0.7909592711440433, "log10_subsample": -0.7551370578052382, "max_depth": 3.0, "num_boost_round": 38.0}, "datetime": {"datetime": "2024-01-19 00:26:45", "elapsed": 910.138224, "delta": 0.001825}}
{"target": -13.758418587258987, "params": {"gamma": 884.3273443180343, "log10_alpha": 0.051826862832974996, "log10_colsample_bytree": -0.22389188350989275, "log10_eta": -3.7513232266344225, "log10_lambda": -3.3390682473675612, "log10_min_child_weight": 0.7909592711440433, "log10_subsample": -0.7551370578052382, "max_depth": 3.0, "num_boost_round": 39.0}, "datetime": {"datetime": "2024-01-19 00:26:45", "elapsed": 910.139893, "delta": 0.001669}}
{"target": -13.758417101108869, "params": {"gamma": 884.3273443180343, "log10_alpha": 0.051826862832974996, "log10_colsample_bytree": -0.22389188350989275, "log10_eta": -3.7513232266344225, "log10_lambda": -3.3390682473675612, "log10_min_child_weight": 0.7909592711440433, "log10_subsample": -0.7551370578052382, "max_depth": 3.0, "num_boost_round": 40.0}, "datetime": {"datetime": "2024-01-19 00:26:45", "elapsed": 910.14156, "delta": 0.001667}}
{"target": -13.758414754165578, "params": {"gamma": 884.3273443180343, "log10_alpha": 0.051826862832974996, "log10_colsample_bytree": -0.22389188350989275, "log10_eta": -3.7513232266344225, "log10_lambda": -3.3390682473675612, "log10_min_child_weight": 0.7909592711440433, "log10_subsample": -0.7551370578052382, "max_depth": 3.0, "num_boost_round": 41.0}, "datetime": {"datetime": "2024-01-19 00:26:45", "elapsed": 910.143236, "delta": 0.001676}}
{"target": -13.758414234260549, "params": {"gamma": 884.3273443180343, "log10_alpha": 0.051826862832974996, "log10_colsample_bytree": -0.22389188350989275, "log10_eta": -3.7513232266344225, "log10_lambda": -3.3390682473675612, "log10_min_child_weight": 0.7909592711440433, "log10_subsample": -0.7551370578052382, "max_depth": 3.0, "num_boost_round": 42.0}, "datetime": {"datetime": "2024-01-19 00:26:45", "elapsed": 910.144901, "delta": 0.001665}}
{"target": -13.758414893579282, "params": {"gamma": 884.3273443180343, "log10_alpha": 0.051826862832974996, "log10_colsample_bytree": -0.22389188350989275, "log10_eta": -3.7513232266344225, "log10_lambda": -3.3390682473675612, "log10_min_child_weight": 0.7909592711440433, "log10_subsample": -0.7551370578052382, "max_depth": 3.0, "num_boost_round": 43.0}, "datetime": {"datetime": "2024-01-19 00:26:45", "elapsed": 910.146562, "delta": 0.001661}}
{"target": -13.758417258941261, "params": {"gamma": 884.3273443180343, "log10_alpha": 0.051826862832974996, "log10_colsample_bytree": -0.22389188350989275, "log10_eta": -3.7513232266344225, "log10_lambda": -3.3390682473675612, "log10_min_child_weight": 0.7909592711440433, "log10_subsample": -0.7551370578052382, "max_depth": 3.0, "num_boost_round": 44.0}, "datetime": {"datetime": "2024-01-19 00:26:45", "elapsed": 910.148231, "delta": 0.001669}}
{"target": -13.758415120611472, "params": {"gamma": 884.3273443180343, "log10_alpha": 0.051826862832974996, "log10_colsample_bytree": -0.22389188350989275, "log10_eta": -3.7513232266344225, "log10_lambda": -3.3390682473675612, "log10_min_child_weight": 0.7909592711440433, "log10_subsample": -0.7551370578052382, "max_depth": 3.0, "num_boost_round": 45.0}, "datetime": {"datetime": "2024-01-19 00:26:45", "elapsed": 910.149911, "delta": 0.00168}}
{"target": -13.758414947170355, "params": {"gamma": 884.3273443180343, "log10_alpha": 0.051826862832974996, "log10_colsample_bytree": -0.22389188350989275, "log10_eta": -3.7513232266344225, "log10_lambda": -3.3390682473675612, "log10_min_child_weight": 0.7909592711440433, "log10_subsample": -0.7551370578052382, "max_depth": 3.0, "num_boost_round": 46.0}, "datetime": {"datetime": "2024-01-19 00:26:45", "elapsed": 910.151747, "delta": 0.001836}}
{"target": -13.758410606084468, "params": {"gamma": 884.3273443180343, "log10_alpha": 0.051826862832974996, "log10_colsample_bytree": -0.22389188350989275, "log10_eta": -3.7513232266344225, "log10_lambda": -3.3390682473675612, "log10_min_child_weight": 0.7909592711440433, "log10_subsample": -0.7551370578052382, "max_depth": 3.0, "num_boost_round": 47.0}, "datetime": {"datetime": "2024-01-19 00:26:45", "elapsed": 910.153487, "delta": 0.00174}}
{"target": -13.758410209208618, "params": {"gamma": 884.3273443180343, "log10_alpha": 0.051826862832974996, "log10_colsample_bytree": -0.22389188350989275, "log10_eta": -3.7513232266344225, "log10_lambda": -3.3390682473675612, "log10_min_child_weight": 0.7909592711440433, "log10_subsample": -0.7551370578052382, "max_depth": 3.0, "num_boost_round": 48.0}, "datetime": {"datetime": "2024-01-19 00:26:45", "elapsed": 910.155179, "delta": 0.001692}}
{"target": -13.75840655220886, "params": {"gamma": 884.3273443180343, "log10_alpha": 0.051826862832974996, "log10_colsample_bytree": -0.22389188350989275, "log10_eta": -3.7513232266344225, "log10_lambda": -3.3390682473675612, "log10_min_child_weight": 0.7909592711440433, "log10_subsample": -0.7551370578052382, "max_depth": 3.0, "num_boost_round": 49.0}, "datetime": {"datetime": "2024-01-19 00:26:45", "elapsed": 910.156863, "delta": 0.001684}}
{"target": -13.758402497984633, "params": {"gamma": 884.3273443180343, "log10_alpha": 0.051826862832974996, "log10_colsample_bytree": -0.22389188350989275, "log10_eta": -3.7513232266344225, "log10_lambda": -3.3390682473675612, "log10_min_child_weight": 0.7909592711440433, "log10_subsample": -0.7551370578052382, "max_depth": 3.0, "num_boost_round": 50.0}, "datetime": {"datetime": "2024-01-19 00:26:45", "elapsed": 910.158539, "delta": 0.001676}}
{"target": -13.758537318102476, "params": {"gamma": 892.1326164237553, "log10_alpha": 0.8433094024743442, "log10_colsample_bytree": -0.522849825253602, "log10_eta": -3.5571165230580073, "log10_lambda": -3.7882054757701926, "log10_min_child_weight": 0.28093908322587846, "log10_subsample": -0.6308699490178803, "max_depth": 2.0, "num_boost_round": 0.0}, "datetime": {"datetime": "2024-01-19 00:27:10", "elapsed": 934.370314, "delta": 24.211775}}
{"target": -13.758532503338863, "params": {"gamma": 892.1326164237553, "log10_alpha": 0.8433094024743442, "log10_colsample_bytree": -0.522849825253602, "log10_eta": -3.5571165230580073, "log10_lambda": -3.7882054757701926, "log10_min_child_weight": 0.28093908322587846, "log10_subsample": -0.6308699490178803, "max_depth": 2.0, "num_boost_round": 1.0}, "datetime": {"datetime": "2024-01-19 00:27:10", "elapsed": 934.372682, "delta": 0.002368}}
{"target": -13.758532188087743, "params": {"gamma": 892.1326164237553, "log10_alpha": 0.8433094024743442, "log10_colsample_bytree": -0.522849825253602, "log10_eta": -3.5571165230580073, "log10_lambda": -3.7882054757701926, "log10_min_child_weight": 0.28093908322587846, "log10_subsample": -0.6308699490178803, "max_depth": 2.0, "num_boost_round": 2.0}, "datetime": {"datetime": "2024-01-19 00:27:10", "elapsed": 934.374399, "delta": 0.001717}}
{"target": -13.758529810644069, "params": {"gamma": 892.1326164237553, "log10_alpha": 0.8433094024743442, "log10_colsample_bytree": -0.522849825253602, "log10_eta": -3.5571165230580073, "log10_lambda": -3.7882054757701926, "log10_min_child_weight": 0.28093908322587846, "log10_subsample": -0.6308699490178803, "max_depth": 2.0, "num_boost_round": 3.0}, "datetime": {"datetime": "2024-01-19 00:27:10", "elapsed": 934.376109, "delta": 0.00171}}
{"target": -13.758529420558713, "params": {"gamma": 892.1326164237553, "log10_alpha": 0.8433094024743442, "log10_colsample_bytree": -0.522849825253602, "log10_eta": -3.5571165230580073, "log10_lambda": -3.7882054757701926, "log10_min_child_weight": 0.28093908322587846, "log10_subsample": -0.6308699490178803, "max_depth": 2.0, "num_boost_round": 4.0}, "datetime": {"datetime": "2024-01-19 00:27:10", "elapsed": 934.37786, "delta": 0.001751}}
{"target": -13.758528435959326, "params": {"gamma": 892.1326164237553, "log10_alpha": 0.8433094024743442, "log10_colsample_bytree": -0.522849825253602, "log10_eta": -3.5571165230580073, "log10_lambda": -3.7882054757701926, "log10_min_child_weight": 0.28093908322587846, "log10_subsample": -0.6308699490178803, "max_depth": 2.0, "num_boost_round": 5.0}, "datetime": {"datetime": "2024-01-19 00:27:10", "elapsed": 934.379542, "delta": 0.001682}}
{"target": -13.758525249517222, "params": {"gamma": 892.1326164237553, "log10_alpha": 0.8433094024743442, "log10_colsample_bytree": -0.522849825253602, "log10_eta": -3.5571165230580073, "log10_lambda": -3.7882054757701926, "log10_min_child_weight": 0.28093908322587846, "log10_subsample": -0.6308699490178803, "max_depth": 2.0, "num_boost_round": 6.0}, "datetime": {"datetime": "2024-01-19 00:27:10", "elapsed": 934.381219, "delta": 0.001677}}
{"target": -13.75852468241017, "params": {"gamma": 892.1326164237553, "log10_alpha": 0.8433094024743442, "log10_colsample_bytree": -0.522849825253602, "log10_eta": -3.5571165230580073, "log10_lambda": -3.7882054757701926, "log10_min_child_weight": 0.28093908322587846, "log10_subsample": -0.6308699490178803, "max_depth": 2.0, "num_boost_round": 7.0}, "datetime": {"datetime": "2024-01-19 00:27:10", "elapsed": 934.382898, "delta": 0.001679}}
{"target": -13.758523415030131, "params": {"gamma": 892.1326164237553, "log10_alpha": 0.8433094024743442, "log10_colsample_bytree": -0.522849825253602, "log10_eta": -3.5571165230580073, "log10_lambda": -3.7882054757701926, "log10_min_child_weight": 0.28093908322587846, "log10_subsample": -0.6308699490178803, "max_depth": 2.0, "num_boost_round": 8.0}, "datetime": {"datetime": "2024-01-19 00:27:10", "elapsed": 934.384589, "delta": 0.001691}}
{"target": -13.758521240050916, "params": {"gamma": 892.1326164237553, "log10_alpha": 0.8433094024743442, "log10_colsample_bytree": -0.522849825253602, "log10_eta": -3.5571165230580073, "log10_lambda": -3.7882054757701926, "log10_min_child_weight": 0.28093908322587846, "log10_subsample": -0.6308699490178803, "max_depth": 2.0, "num_boost_round": 9.0}, "datetime": {"datetime": "2024-01-19 00:27:10", "elapsed": 934.386288, "delta": 0.001699}}
{"target": -13.75851450421364, "params": {"gamma": 892.1326164237553, "log10_alpha": 0.8433094024743442, "log10_colsample_bytree": -0.522849825253602, "log10_eta": -3.5571165230580073, "log10_lambda": -3.7882054757701926, "log10_min_child_weight": 0.28093908322587846, "log10_subsample": -0.6308699490178803, "max_depth": 2.0, "num_boost_round": 10.0}, "datetime": {"datetime": "2024-01-19 00:27:10", "elapsed": 934.38798, "delta": 0.001692}}
{"target": -13.758510588041997, "params": {"gamma": 892.1326164237553, "log10_alpha": 0.8433094024743442, "log10_colsample_bytree": -0.522849825253602, "log10_eta": -3.5571165230580073, "log10_lambda": -3.7882054757701926, "log10_min_child_weight": 0.28093908322587846, "log10_subsample": -0.6308699490178803, "max_depth": 2.0, "num_boost_round": 11.0}, "datetime": {"datetime": "2024-01-19 00:27:10", "elapsed": 934.389675, "delta": 0.001695}}
{"target": -13.758506085025301, "params": {"gamma": 892.1326164237553, "log10_alpha": 0.8433094024743442, "log10_colsample_bytree": -0.522849825253602, "log10_eta": -3.5571165230580073, "log10_lambda": -3.7882054757701926, "log10_min_child_weight": 0.28093908322587846, "log10_subsample": -0.6308699490178803, "max_depth": 2.0, "num_boost_round": 12.0}, "datetime": {"datetime": "2024-01-19 00:27:10", "elapsed": 934.391379, "delta": 0.001704}}
{"target": -13.758503152551887, "params": {"gamma": 892.1326164237553, "log10_alpha": 0.8433094024743442, "log10_colsample_bytree": -0.522849825253602, "log10_eta": -3.5571165230580073, "log10_lambda": -3.7882054757701926, "log10_min_child_weight": 0.28093908322587846, "log10_subsample": -0.6308699490178803, "max_depth": 2.0, "num_boost_round": 13.0}, "datetime": {"datetime": "2024-01-19 00:27:10", "elapsed": 934.393229, "delta": 0.00185}}
{"target": -13.758502292451729, "params": {"gamma": 892.1326164237553, "log10_alpha": 0.8433094024743442, "log10_colsample_bytree": -0.522849825253602, "log10_eta": -3.5571165230580073, "log10_lambda": -3.7882054757701926, "log10_min_child_weight": 0.28093908322587846, "log10_subsample": -0.6308699490178803, "max_depth": 2.0, "num_boost_round": 14.0}, "datetime": {"datetime": "2024-01-19 00:27:10", "elapsed": 934.394932, "delta": 0.001703}}
{"target": -13.75849627960446, "params": {"gamma": 892.1326164237553, "log10_alpha": 0.8433094024743442, "log10_colsample_bytree": -0.522849825253602, "log10_eta": -3.5571165230580073, "log10_lambda": -3.7882054757701926, "log10_min_child_weight": 0.28093908322587846, "log10_subsample": -0.6308699490178803, "max_depth": 2.0, "num_boost_round": 15.0}, "datetime": {"datetime": "2024-01-19 00:27:10", "elapsed": 934.396626, "delta": 0.001694}}
{"target": -13.758494948225895, "params": {"gamma": 892.1326164237553, "log10_alpha": 0.8433094024743442, "log10_colsample_bytree": -0.522849825253602, "log10_eta": -3.5571165230580073, "log10_lambda": -3.7882054757701926, "log10_min_child_weight": 0.28093908322587846, "log10_subsample": -0.6308699490178803, "max_depth": 2.0, "num_boost_round": 16.0}, "datetime": {"datetime": "2024-01-19 00:27:10", "elapsed": 934.398391, "delta": 0.001765}}
{"target": -13.758525136919978, "params": {"gamma": 891.2822288266736, "log10_alpha": -1.0662832775152582, "log10_colsample_bytree": -0.8680238322547155, "log10_eta": -3.444634922630131, "log10_lambda": -4.842662124472156, "log10_min_child_weight": 3.0090686358108103, "log10_subsample": -0.10388471606610405, "max_depth": 9.0, "num_boost_round": 0.0}, "datetime": {"datetime": "2024-01-19 00:27:43", "elapsed": 968.234269, "delta": 33.835878}}
{"target": -13.758522122235274, "params": {"gamma": 891.2822288266736, "log10_alpha": -1.0662832775152582, "log10_colsample_bytree": -0.8680238322547155, "log10_eta": -3.444634922630131, "log10_lambda": -4.842662124472156, "log10_min_child_weight": 3.0090686358108103, "log10_subsample": -0.10388471606610405, "max_depth": 9.0, "num_boost_round": 1.0}, "datetime": {"datetime": "2024-01-19 00:27:43", "elapsed": 968.236502, "delta": 0.002233}}
{"target": -13.758517097399993, "params": {"gamma": 891.2822288266736, "log10_alpha": -1.0662832775152582, "log10_colsample_bytree": -0.8680238322547155, "log10_eta": -3.444634922630131, "log10_lambda": -4.842662124472156, "log10_min_child_weight": 3.0090686358108103, "log10_subsample": -0.10388471606610405, "max_depth": 9.0, "num_boost_round": 2.0}, "datetime": {"datetime": "2024-01-19 00:27:43", "elapsed": 968.238995, "delta": 0.002493}}
{"target": -13.758511078094807, "params": {"gamma": 891.2822288266736, "log10_alpha": -1.0662832775152582, "log10_colsample_bytree": -0.8680238322547155, "log10_eta": -3.444634922630131, "log10_lambda": -4.842662124472156, "log10_min_child_weight": 3.0090686358108103, "log10_subsample": -0.10388471606610405, "max_depth": 9.0, "num_boost_round": 3.0}, "datetime": {"datetime": "2024-01-19 00:27:43", "elapsed": 968.240738, "delta": 0.001743}}
{"target": -13.758505597405799, "params": {"gamma": 891.2822288266736, "log10_alpha": -1.0662832775152582, "log10_colsample_bytree": -0.8680238322547155, "log10_eta": -3.444634922630131, "log10_lambda": -4.842662124472156, "log10_min_child_weight": 3.0090686358108103, "log10_subsample": -0.10388471606610405, "max_depth": 9.0, "num_boost_round": 4.0}, "datetime": {"datetime": "2024-01-19 00:27:43", "elapsed": 968.242492, "delta": 0.001754}}
{"target": -13.758490460181369, "params": {"gamma": 891.2822288266736, "log10_alpha": -1.0662832775152582, "log10_colsample_bytree": -0.8680238322547155, "log10_eta": -3.444634922630131, "log10_lambda": -4.842662124472156, "log10_min_child_weight": 3.0090686358108103, "log10_subsample": -0.10388471606610405, "max_depth": 9.0, "num_boost_round": 5.0}, "datetime": {"datetime": "2024-01-19 00:27:43", "elapsed": 968.244266, "delta": 0.001774}}
{"target": -13.758497831130928, "params": {"gamma": 891.2822288266736, "log10_alpha": -1.0662832775152582, "log10_colsample_bytree": -0.8680238322547155, "log10_eta": -3.444634922630131, "log10_lambda": -4.842662124472156, "log10_min_child_weight": 3.0090686358108103, "log10_subsample": -0.10388471606610405, "max_depth": 9.0, "num_boost_round": 6.0}, "datetime": {"datetime": "2024-01-19 00:27:43", "elapsed": 968.245983, "delta": 0.001717}}
{"target": -13.758470662319002, "params": {"gamma": 891.2822288266736, "log10_alpha": -1.0662832775152582, "log10_colsample_bytree": -0.8680238322547155, "log10_eta": -3.444634922630131, "log10_lambda": -4.842662124472156, "log10_min_child_weight": 3.0090686358108103, "log10_subsample": -0.10388471606610405, "max_depth": 9.0, "num_boost_round": 7.0}, "datetime": {"datetime": "2024-01-19 00:27:43", "elapsed": 968.247716, "delta": 0.001733}}
{"target": -13.758469811691713, "params": {"gamma": 891.2822288266736, "log10_alpha": -1.0662832775152582, "log10_colsample_bytree": -0.8680238322547155, "log10_eta": -3.444634922630131, "log10_lambda": -4.842662124472156, "log10_min_child_weight": 3.0090686358108103, "log10_subsample": -0.10388471606610405, "max_depth": 9.0, "num_boost_round": 8.0}, "datetime": {"datetime": "2024-01-19 00:27:43", "elapsed": 968.249435, "delta": 0.001719}}
