{"target": -13.758171856930483, "params": {"gamma": 430.46378249063224, "log10_alpha": 0.856657463564706, "log10_colsample_bytree": -0.05923501921995744, "log10_eta": -2.004664066304804, "log10_lambda": 0.490525859135726, "log10_min_child_weight": 3.983752715731221, "log10_subsample": -0.24942472702333907, "max_depth": 7.0, "num_boost_round": 28.0}, "datetime": {"datetime": "2024-01-19 00:26:56", "elapsed": 919.472782, "delta": 0.001938}}
{"target": -13.758254655911877, "params": {"gamma": 430.46378249063224, "log10_alpha": 0.856657463564706, "log10_colsample_bytree": -0.05923501921995744, "log10_eta": -2.004664066304804, "log10_lambda": 0.490525859135726, "log10_min_child_weight": 3.983752715731221, "log10_subsample": -0.24942472702333907, "max_depth": 7.0, "num_boost_round": 29.0}, "datetime": {"datetime": "2024-01-19 00:26:56", "elapsed": 919.474715, "delta": 0.001933}}
{"target": -13.758237196067656, "params": {"gamma": 430.46378249063224, "log10_alpha": 0.856657463564706, "log10_colsample_bytree": -0.05923501921995744, "log10_eta": -2.004664066304804, "log10_lambda": 0.490525859135726, "log10_min_child_weight": 3.983752715731221, "log10_subsample": -0.24942472702333907, "max_depth": 7.0, "num_boost_round": 30.0}, "datetime": {"datetime": "2024-01-19 00:26:56", "elapsed": 919.476664, "delta": 0.001949}}
{"target": -13.75822044317154, "params": {"gamma": 430.46378249063224, "log10_alpha": 0.856657463564706, "log10_colsample_bytree": -0.05923501921995744, "log10_eta": -2.004664066304804, "log10_lambda": 0.490525859135726, "log10_min_child_weight": 3.983752715731221, "log10_subsample": -0.24942472702333907, "max_depth": 7.0, "num_boost_round": 31.0}, "datetime": {"datetime": "2024-01-19 00:26:56", "elapsed": 919.478593, "delta": 0.001929}}
{"target": -13.758119579470112, "params": {"gamma": 430.46378249063224, "log10_alpha": 0.856657463564706, "log10_colsample_bytree": -0.05923501921995744, "log10_eta": -2.004664066304804, "log10_lambda": 0.490525859135726, "log10_min_child_weight": 3.983752715731221, "log10_subsample": -0.24942472702333907, "max_depth": 7.0, "num_boost_round": 32.0}, "datetime": {"datetime": "2024-01-19 00:26:56", "elapsed": 919.480517, "delta": 0.001924}}
{"target": -13.75853768865126, "params": {"gamma": 435.5329713856665, "log10_alpha": -0.4779948272737897, "log10_colsample_bytree": -0.4030193531961741, "log10_eta": -3.343712039433861, "log10_lambda": -0.7408009911803273, "log10_min_child_weight": 3.0906300195584335, "log10_subsample": -0.2720457787549996, "max_depth": 2.0, "num_boost_round": 0.0}, "datetime": {"datetime": "2024-01-19 00:27:28", "elapsed": 951.180832, "delta": 31.700315}}
{"target": -13.758534089495166, "params": {"gamma": 435.5329713856665, "log10_alpha": -0.4779948272737897, "log10_colsample_bytree": -0.4030193531961741, "log10_eta": -3.343712039433861, "log10_lambda": -0.7408009911803273, "log10_min_child_weight": 3.0906300195584335, "log10_subsample": -0.2720457787549996, "max_depth": 2.0, "num_boost_round": 1.0}, "datetime": {"datetime": "2024-01-19 00:27:28", "elapsed": 951.1835, "delta": 0.002668}}
{"target": -13.75853402497403, "params": {"gamma": 435.5329713856665, "log10_alpha": -0.4779948272737897, "log10_colsample_bytree": -0.4030193531961741, "log10_eta": -3.343712039433861, "log10_lambda": -0.7408009911803273, "log10_min_child_weight": 3.0906300195584335, "log10_subsample": -0.2720457787549996, "max_depth": 2.0, "num_boost_round": 2.0}, "datetime": {"datetime": "2024-01-19 00:27:28", "elapsed": 951.185586, "delta": 0.002086}}
{"target": -13.75853067896331, "params": {"gamma": 435.5329713856665, "log10_alpha": -0.4779948272737897, "log10_colsample_bytree": -0.4030193531961741, "log10_eta": -3.343712039433861, "log10_lambda": -0.7408009911803273, "log10_min_child_weight": 3.0906300195584335, "log10_subsample": -0.2720457787549996, "max_depth": 2.0, "num_boost_round": 3.0}, "datetime": {"datetime": "2024-01-19 00:27:28", "elapsed": 951.18761, "delta": 0.002024}}
{"target": -13.758530441005819, "params": {"gamma": 435.5329713856665, "log10_alpha": -0.4779948272737897, "log10_colsample_bytree": -0.4030193531961741, "log10_eta": -3.343712039433861, "log10_lambda": -0.7408009911803273, "log10_min_child_weight": 3.0906300195584335, "log10_subsample": -0.2720457787549996, "max_depth": 2.0, "num_boost_round": 4.0}, "datetime": {"datetime": "2024-01-19 00:27:28", "elapsed": 951.189745, "delta": 0.002135}}
{"target": -13.758527556327563, "params": {"gamma": 435.5329713856665, "log10_alpha": -0.4779948272737897, "log10_colsample_bytree": -0.4030193531961741, "log10_eta": -3.343712039433861, "log10_lambda": -0.7408009911803273, "log10_min_child_weight": 3.0906300195584335, "log10_subsample": -0.2720457787549996, "max_depth": 2.0, "num_boost_round": 5.0}, "datetime": {"datetime": "2024-01-19 00:27:28", "elapsed": 951.191828, "delta": 0.002083}}
{"target": -13.758524763994018, "params": {"gamma": 435.5329713856665, "log10_alpha": -0.4779948272737897, "log10_colsample_bytree": -0.4030193531961741, "log10_eta": -3.343712039433861, "log10_lambda": -0.7408009911803273, "log10_min_child_weight": 3.0906300195584335, "log10_subsample": -0.2720457787549996, "max_depth": 2.0, "num_boost_round": 6.0}, "datetime": {"datetime": "2024-01-19 00:27:28", "elapsed": 951.193891, "delta": 0.002063}}
{"target": -13.758523820386122, "params": {"gamma": 435.5329713856665, "log10_alpha": -0.4779948272737897, "log10_colsample_bytree": -0.4030193531961741, "log10_eta": -3.343712039433861, "log10_lambda": -0.7408009911803273, "log10_min_child_weight": 3.0906300195584335, "log10_subsample": -0.2720457787549996, "max_depth": 2.0, "num_boost_round": 7.0}, "datetime": {"datetime": "2024-01-19 00:27:28", "elapsed": 951.196029, "delta": 0.002138}}
{"target": -13.75851834752369, "params": {"gamma": 435.5329713856665, "log10_alpha": -0.4779948272737897, "log10_colsample_bytree": -0.4030193531961741, "log10_eta": -3.343712039433861, "log10_lambda": -0.7408009911803273, "log10_min_child_weight": 3.0906300195584335, "log10_subsample": -0.2720457787549996, "max_depth": 2.0, "num_boost_round": 8.0}, "datetime": {"datetime": "2024-01-19 00:27:28", "elapsed": 951.198007, "delta": 0.001978}}
{"target": -13.75850991770804, "params": {"gamma": 435.5329713856665, "log10_alpha": -0.4779948272737897, "log10_colsample_bytree": -0.4030193531961741, "log10_eta": -3.343712039433861, "log10_lambda": -0.7408009911803273, "log10_min_child_weight": 3.0906300195584335, "log10_subsample": -0.2720457787549996, "max_depth": 2.0, "num_boost_round": 9.0}, "datetime": {"datetime": "2024-01-19 00:27:28", "elapsed": 951.199979, "delta": 0.001972}}
{"target": -13.758504482716681, "params": {"gamma": 435.5329713856665, "log10_alpha": -0.4779948272737897, "log10_colsample_bytree": -0.4030193531961741, "log10_eta": -3.343712039433861, "log10_lambda": -0.7408009911803273, "log10_min_child_weight": 3.0906300195584335, "log10_subsample": -0.2720457787549996, "max_depth": 2.0, "num_boost_round": 10.0}, "datetime": {"datetime": "2024-01-19 00:27:28", "elapsed": 951.201936, "delta": 0.001957}}
{"target": -13.758498927134431, "params": {"gamma": 435.5329713856665, "log10_alpha": -0.4779948272737897, "log10_colsample_bytree": -0.4030193531961741, "log10_eta": -3.343712039433861, "log10_lambda": -0.7408009911803273, "log10_min_child_weight": 3.0906300195584335, "log10_subsample": -0.2720457787549996, "max_depth": 2.0, "num_boost_round": 11.0}, "datetime": {"datetime": "2024-01-19 00:27:28", "elapsed": 951.20392, "delta": 0.001984}}
{"target": -13.758494205092934, "params": {"gamma": 435.5329713856665, "log10_alpha": -0.4779948272737897, "log10_colsample_bytree": -0.4030193531961741, "log10_eta": -3.343712039433861, "log10_lambda": -0.7408009911803273, "log10_min_child_weight": 3.0906300195584335, "log10_subsample": -0.2720457787549996, "max_depth": 2.0, "num_boost_round": 12.0}, "datetime": {"datetime": "2024-01-19 00:27:28", "elapsed": 951.205914, "delta": 0.001994}}
{"target": -13.758488868587339, "params": {"gamma": 435.5329713856665, "log10_alpha": -0.4779948272737897, "log10_colsample_bytree": -0.4030193531961741, "log10_eta": -3.343712039433861, "log10_lambda": -0.7408009911803273, "log10_min_child_weight": 3.0906300195584335, "log10_subsample": -0.2720457787549996, "max_depth": 2.0, "num_boost_round": 13.0}, "datetime": {"datetime": "2024-01-19 00:27:28", "elapsed": 951.207885, "delta": 0.001971}}
{"target": -13.758486920895084, "params": {"gamma": 435.5329713856665, "log10_alpha": -0.4779948272737897, "log10_colsample_bytree": -0.4030193531961741, "log10_eta": -3.343712039433861, "log10_lambda": -0.7408009911803273, "log10_min_child_weight": 3.0906300195584335, "log10_subsample": -0.2720457787549996, "max_depth": 2.0, "num_boost_round": 14.0}, "datetime": {"datetime": "2024-01-19 00:27:28", "elapsed": 951.209983, "delta": 0.002098}}
{"target": -13.758478040474866, "params": {"gamma": 435.5329713856665, "log10_alpha": -0.4779948272737897, "log10_colsample_bytree": -0.4030193531961741, "log10_eta": -3.343712039433861, "log10_lambda": -0.7408009911803273, "log10_min_child_weight": 3.0906300195584335, "log10_subsample": -0.2720457787549996, "max_depth": 2.0, "num_boost_round": 15.0}, "datetime": {"datetime": "2024-01-19 00:27:28", "elapsed": 951.211963, "delta": 0.00198}}
{"target": -13.758469385105167, "params": {"gamma": 435.5329713856665, "log10_alpha": -0.4779948272737897, "log10_colsample_bytree": -0.4030193531961741, "log10_eta": -3.343712039433861, "log10_lambda": -0.7408009911803273, "log10_min_child_weight": 3.0906300195584335, "log10_subsample": -0.2720457787549996, "max_depth": 2.0, "num_boost_round": 16.0}, "datetime": {"datetime": "2024-01-19 00:27:28", "elapsed": 951.213948, "delta": 0.001985}}
{"target": -13.75846933659524, "params": {"gamma": 435.5329713856665, "log10_alpha": -0.4779948272737897, "log10_colsample_bytree": -0.4030193531961741, "log10_eta": -3.343712039433861, "log10_lambda": -0.7408009911803273, "log10_min_child_weight": 3.0906300195584335, "log10_subsample": -0.2720457787549996, "max_depth": 2.0, "num_boost_round": 17.0}, "datetime": {"datetime": "2024-01-19 00:27:28", "elapsed": 951.215921, "delta": 0.001973}}
{"target": -13.758467917152297, "params": {"gamma": 435.5329713856665, "log10_alpha": -0.4779948272737897, "log10_colsample_bytree": -0.4030193531961741, "log10_eta": -3.343712039433861, "log10_lambda": -0.7408009911803273, "log10_min_child_weight": 3.0906300195584335, "log10_subsample": -0.2720457787549996, "max_depth": 2.0, "num_boost_round": 18.0}, "datetime": {"datetime": "2024-01-19 00:27:28", "elapsed": 951.217906, "delta": 0.001985}}
{"target": -13.758458622823369, "params": {"gamma": 435.5329713856665, "log10_alpha": -0.4779948272737897, "log10_colsample_bytree": -0.4030193531961741, "log10_eta": -3.343712039433861, "log10_lambda": -0.7408009911803273, "log10_min_child_weight": 3.0906300195584335, "log10_subsample": -0.2720457787549996, "max_depth": 2.0, "num_boost_round": 19.0}, "datetime": {"datetime": "2024-01-19 00:27:28", "elapsed": 951.219876, "delta": 0.00197}}
{"target": -13.758452767179362, "params": {"gamma": 435.5329713856665, "log10_alpha": -0.4779948272737897, "log10_colsample_bytree": -0.4030193531961741, "log10_eta": -3.343712039433861, "log10_lambda": -0.7408009911803273, "log10_min_child_weight": 3.0906300195584335, "log10_subsample": -0.2720457787549996, "max_depth": 2.0, "num_boost_round": 20.0}, "datetime": {"datetime": "2024-01-19 00:27:28", "elapsed": 951.221842, "delta": 0.001966}}
{"target": -13.758448036556171, "params": {"gamma": 435.5329713856665, "log10_alpha": -0.4779948272737897, "log10_colsample_bytree": -0.4030193531961741, "log10_eta": -3.343712039433861, "log10_lambda": -0.7408009911803273, "log10_min_child_weight": 3.0906300195584335, "log10_subsample": -0.2720457787549996, "max_depth": 2.0, "num_boost_round": 21.0}, "datetime": {"datetime": "2024-01-19 00:27:28", "elapsed": 951.223815, "delta": 0.001973}}
{"target": -13.758449268799868, "params": {"gamma": 435.5329713856665, "log10_alpha": -0.4779948272737897, "log10_colsample_bytree": -0.4030193531961741, "log10_eta": -3.343712039433861, "log10_lambda": -0.7408009911803273, "log10_min_child_weight": 3.0906300195584335, "log10_subsample": -0.2720457787549996, "max_depth": 2.0, "num_boost_round": 22.0}, "datetime": {"datetime": "2024-01-19 00:27:28", "elapsed": 951.225787, "delta": 0.001972}}
{"target": -13.758445470654134, "params": {"gamma": 435.5329713856665, "log10_alpha": -0.4779948272737897, "log10_colsample_bytree": -0.4030193531961741, "log10_eta": -3.343712039433861, "log10_lambda": -0.7408009911803273, "log10_min_child_weight": 3.0906300195584335, "log10_subsample": -0.2720457787549996, "max_depth": 2.0, "num_boost_round": 23.0}, "datetime": {"datetime": "2024-01-19 00:27:28", "elapsed": 951.227755, "delta": 0.001968}}
{"target": -13.758444852203988, "params": {"gamma": 435.5329713856665, "log10_alpha": -0.4779948272737897, "log10_colsample_bytree": -0.4030193531961741, "log10_eta": -3.343712039433861, "log10_lambda": -0.7408009911803273, "log10_min_child_weight": 3.0906300195584335, "log10_subsample": -0.2720457787549996, "max_depth": 2.0, "num_boost_round": 24.0}, "datetime": {"datetime": "2024-01-19 00:27:28", "elapsed": 951.229848, "delta": 0.002093}}
{"target": -13.758442270829779, "params": {"gamma": 435.5329713856665, "log10_alpha": -0.4779948272737897, "log10_colsample_bytree": -0.4030193531961741, "log10_eta": -3.343712039433861, "log10_lambda": -0.7408009911803273, "log10_min_child_weight": 3.0906300195584335, "log10_subsample": -0.2720457787549996, "max_depth": 2.0, "num_boost_round": 25.0}, "datetime": {"datetime": "2024-01-19 00:27:28", "elapsed": 951.231827, "delta": 0.001979}}
{"target": -13.75843768589997, "params": {"gamma": 435.5329713856665, "log10_alpha": -0.4779948272737897, "log10_colsample_bytree": -0.4030193531961741, "log10_eta": -3.343712039433861, "log10_lambda": -0.7408009911803273, "log10_min_child_weight": 3.0906300195584335, "log10_subsample": -0.2720457787549996, "max_depth": 2.0, "num_boost_round": 26.0}, "datetime": {"datetime": "2024-01-19 00:27:28", "elapsed": 951.233802, "delta": 0.001975}}
{"target": -13.758429946469809, "params": {"gamma": 435.5329713856665, "log10_alpha": -0.4779948272737897, "log10_colsample_bytree": -0.4030193531961741, "log10_eta": -3.343712039433861, "log10_lambda": -0.7408009911803273, "log10_min_child_weight": 3.0906300195584335, "log10_subsample": -0.2720457787549996, "max_depth": 2.0, "num_boost_round": 27.0}, "datetime": {"datetime": "2024-01-19 00:27:28", "elapsed": 951.235787, "delta": 0.001985}}
{"target": -13.758429452526478, "params": {"gamma": 435.5329713856665, "log10_alpha": -0.4779948272737897, "log10_colsample_bytree": -0.4030193531961741, "log10_eta": -3.343712039433861, "log10_lambda": -0.7408009911803273, "log10_min_child_weight": 3.0906300195584335, "log10_subsample": -0.2720457787549996, "max_depth": 2.0, "num_boost_round": 28.0}, "datetime": {"datetime": "2024-01-19 00:27:28", "elapsed": 951.237774, "delta": 0.001987}}
{"target": -13.758420649872768, "params": {"gamma": 435.5329713856665, "log10_alpha": -0.4779948272737897, "log10_colsample_bytree": -0.4030193531961741, "log10_eta": -3.343712039433861, "log10_lambda": -0.7408009911803273, "log10_min_child_weight": 3.0906300195584335, "log10_subsample": -0.2720457787549996, "max_depth": 2.0, "num_boost_round": 29.0}, "datetime": {"datetime": "2024-01-19 00:27:28", "elapsed": 951.23975, "delta": 0.001976}}
{"target": -13.758418170979457, "params": {"gamma": 435.5329713856665, "log10_alpha": -0.4779948272737897, "log10_colsample_bytree": -0.4030193531961741, "log10_eta": -3.343712039433861, "log10_lambda": -0.7408009911803273, "log10_min_child_weight": 3.0906300195584335, "log10_subsample": -0.2720457787549996, "max_depth": 2.0, "num_boost_round": 30.0}, "datetime": {"datetime": "2024-01-19 00:27:28", "elapsed": 951.241731, "delta": 0.001981}}
{"target": -13.758411087437295, "params": {"gamma": 435.5329713856665, "log10_alpha": -0.4779948272737897, "log10_colsample_bytree": -0.4030193531961741, "log10_eta": -3.343712039433861, "log10_lambda": -0.7408009911803273, "log10_min_child_weight": 3.0906300195584335, "log10_subsample": -0.2720457787549996, "max_depth": 2.0, "num_boost_round": 31.0}, "datetime": {"datetime": "2024-01-19 00:27:28", "elapsed": 951.243706, "delta": 0.001975}}
{"target": -13.758406138812601, "params": {"gamma": 435.5329713856665, "log10_alpha": -0.4779948272737897, "log10_colsample_bytree": -0.4030193531961741, "log10_eta": -3.343712039433861, "log10_lambda": -0.7408009911803273, "log10_min_child_weight": 3.0906300195584335, "log10_subsample": -0.2720457787549996, "max_depth": 2.0, "num_boost_round": 32.0}, "datetime": {"datetime": "2024-01-19 00:27:28", "elapsed": 951.245691, "delta": 0.001985}}
{"target": -13.758407368763534, "params": {"gamma": 435.5329713856665, "log10_alpha": -0.4779948272737897, "log10_colsample_bytree": -0.4030193531961741, "log10_eta": -3.343712039433861, "log10_lambda": -0.7408009911803273, "log10_min_child_weight": 3.0906300195584335, "log10_subsample": -0.2720457787549996, "max_depth": 2.0, "num_boost_round": 33.0}, "datetime": {"datetime": "2024-01-19 00:27:28", "elapsed": 951.247669, "delta": 0.001978}}
{"target": -13.758406208834375, "params": {"gamma": 435.5329713856665, "log10_alpha": -0.4779948272737897, "log10_colsample_bytree": -0.4030193531961741, "log10_eta": -3.343712039433861, "log10_lambda": -0.7408009911803273, "log10_min_child_weight": 3.0906300195584335, "log10_subsample": -0.2720457787549996, "max_depth": 2.0, "num_boost_round": 34.0}, "datetime": {"datetime": "2024-01-19 00:27:28", "elapsed": 951.249762, "delta": 0.002093}}
{"target": -13.758405641349086, "params": {"gamma": 435.5329713856665, "log10_alpha": -0.4779948272737897, "log10_colsample_bytree": -0.4030193531961741, "log10_eta": -3.343712039433861, "log10_lambda": -0.7408009911803273, "log10_min_child_weight": 3.0906300195584335, "log10_subsample": -0.2720457787549996, "max_depth": 2.0, "num_boost_round": 35.0}, "datetime": {"datetime": "2024-01-19 00:27:28", "elapsed": 951.251763, "delta": 0.002001}}
{"target": -13.758403835560795, "params": {"gamma": 435.5329713856665, "log10_alpha": -0.4779948272737897, "log10_colsample_bytree": -0.4030193531961741, "log10_eta": -3.343712039433861, "log10_lambda": -0.7408009911803273, "log10_min_child_weight": 3.0906300195584335, "log10_subsample": -0.2720457787549996, "max_depth": 2.0, "num_boost_round": 36.0}, "datetime": {"datetime": "2024-01-19 00:27:28", "elapsed": 951.253789, "delta": 0.002026}}
{"target": -13.758534804079051, "params": {"gamma": 429.8914675786244, "log10_alpha": -0.03317557419694772, "log10_colsample_bytree": -0.0464500368535149, "log10_eta": -3.1470059588057873, "log10_lambda": 0.5619241637053056, "log10_min_child_weight": 0.45658544907044296, "log10_subsample": -0.053077949700730875, "max_depth": 3.0, "num_boost_round": 0.0}, "datetime": {"datetime": "2024-01-19 00:27:51", "elapsed": 974.689219, "delta": 23.43543}}
{"target": -13.758531383089153, "params": {"gamma": 429.8914675786244, "log10_alpha": -0.03317557419694772, "log10_colsample_bytree": -0.0464500368535149, "log10_eta": -3.1470059588057873, "log10_lambda": 0.5619241637053056, "log10_min_child_weight": 0.45658544907044296, "log10_subsample": -0.053077949700730875, "max_depth": 3.0, "num_boost_round": 1.0}, "datetime": {"datetime": "2024-01-19 00:27:51", "elapsed": 974.691696, "delta": 0.002477}}
{"target": -13.758528066767052, "params": {"gamma": 429.8914675786244, "log10_alpha": -0.03317557419694772, "log10_colsample_bytree": -0.0464500368535149, "log10_eta": -3.1470059588057873, "log10_lambda": 0.5619241637053056, "log10_min_child_weight": 0.45658544907044296, "log10_subsample": -0.053077949700730875, "max_depth": 3.0, "num_boost_round": 2.0}, "datetime": {"datetime": "2024-01-19 00:27:51", "elapsed": 974.693884, "delta": 0.002188}}
{"target": -13.758514321367747, "params": {"gamma": 429.8914675786244, "log10_alpha": -0.03317557419694772, "log10_colsample_bytree": -0.0464500368535149, "log10_eta": -3.1470059588057873, "log10_lambda": 0.5619241637053056, "log10_min_child_weight": 0.45658544907044296, "log10_subsample": -0.053077949700730875, "max_depth": 3.0, "num_boost_round": 3.0}, "datetime": {"datetime": "2024-01-19 00:27:51", "elapsed": 974.696119, "delta": 0.002235}}
{"target": -13.758509531597197, "params": {"gamma": 429.8914675786244, "log10_alpha": -0.03317557419694772, "log10_colsample_bytree": -0.0464500368535149, "log10_eta": -3.1470059588057873, "log10_lambda": 0.5619241637053056, "log10_min_child_weight": 0.45658544907044296, "log10_subsample": -0.053077949700730875, "max_depth": 3.0, "num_boost_round": 4.0}, "datetime": {"datetime": "2024-01-19 00:27:51", "elapsed": 974.69817, "delta": 0.002051}}
{"target": -13.758503633842725, "params": {"gamma": 429.8914675786244, "log10_alpha": -0.03317557419694772, "log10_colsample_bytree": -0.0464500368535149, "log10_eta": -3.1470059588057873, "log10_lambda": 0.5619241637053056, "log10_min_child_weight": 0.45658544907044296, "log10_subsample": -0.053077949700730875, "max_depth": 3.0, "num_boost_round": 5.0}, "datetime": {"datetime": "2024-01-19 00:27:51", "elapsed": 974.700163, "delta": 0.001993}}
{"target": -13.75850145790997, "params": {"gamma": 429.8914675786244, "log10_alpha": -0.03317557419694772, "log10_colsample_bytree": -0.0464500368535149, "log10_eta": -3.1470059588057873, "log10_lambda": 0.5619241637053056, "log10_min_child_weight": 0.45658544907044296, "log10_subsample": -0.053077949700730875, "max_depth": 3.0, "num_boost_round": 6.0}, "datetime": {"datetime": "2024-01-19 00:27:51", "elapsed": 974.702156, "delta": 0.001993}}
