{"target": -17.677193208437355, "params": {"gamma": 835.2486076725793, "log10_alpha": -1.2497973040890336, "log10_colsample_bytree": -0.6995153840890023, "log10_eta": -3.642872342111139, "log10_lambda": -3.561836221062342, "log10_min_child_weight": 4.657619505453305, "log10_subsample": -0.730990514428127, "max_depth": 8.0, "num_boost_round": 26.0}, "datetime": {"datetime": "2024-01-19 02:05:55", "elapsed": 6840.431744, "delta": 0.008336}}
{"target": -17.677222129720654, "params": {"gamma": 828.8505260413555, "log10_alpha": -5.0, "log10_colsample_bytree": 0.0, "log10_eta": -4.0, "log10_lambda": -5.0, "log10_min_child_weight": 0.0, "log10_subsample": -1.0, "max_depth": 10.0, "num_boost_round": 0.0}, "datetime": {"datetime": "2024-01-19 02:08:08", "elapsed": 6973.292399, "delta": 132.860655}}
{"target": -17.677217245372027, "params": {"gamma": 828.8505260413555, "log10_alpha": -5.0, "log10_colsample_bytree": 0.0, "log10_eta": -4.0, "log10_lambda": -5.0, "log10_min_child_weight": 0.0, "log10_subsample": -1.0, "max_depth": 10.0, "num_boost_round": 1.0}, "datetime": {"datetime": "2024-01-19 02:08:08", "elapsed": 6973.301006, "delta": 0.008607}}
{"target": -17.677219092329654, "params": {"gamma": 828.8505260413555, "log10_alpha": -5.0, "log10_colsample_bytree": 0.0, "log10_eta": -4.0, "log10_lambda": -5.0, "log10_min_child_weight": 0.0, "log10_subsample": -1.0, "max_depth": 10.0, "num_boost_round": 2.0}, "datetime": {"datetime": "2024-01-19 02:08:08", "elapsed": 6973.308635, "delta": 0.007629}}
{"target": -17.677224443196668, "params": {"gamma": 828.8505260413555, "log10_alpha": -5.0, "log10_colsample_bytree": 0.0, "log10_eta": -4.0, "log10_lambda": -5.0, "log10_min_child_weight": 0.0, "log10_subsample": -1.0, "max_depth": 10.0, "num_boost_round": 3.0}, "datetime": {"datetime": "2024-01-19 02:08:08", "elapsed": 6973.315815, "delta": 0.00718}}
{"target": -17.677213454859725, "params": {"gamma": 828.8505260413555, "log10_alpha": -5.0, "log10_colsample_bytree": 0.0, "log10_eta": -4.0, "log10_lambda": -5.0, "log10_min_child_weight": 0.0, "log10_subsample": -1.0, "max_depth": 10.0, "num_boost_round": 4.0}, "datetime": {"datetime": "2024-01-19 02:08:08", "elapsed": 6973.453847, "delta": 0.138032}}
{"target": -17.677210671358118, "params": {"gamma": 828.8505260413555, "log10_alpha": -5.0, "log10_colsample_bytree": 0.0, "log10_eta": -4.0, "log10_lambda": -5.0, "log10_min_child_weight": 0.0, "log10_subsample": -1.0, "max_depth": 10.0, "num_boost_round": 5.0}, "datetime": {"datetime": "2024-01-19 02:08:08", "elapsed": 6973.462549, "delta": 0.008702}}
{"target": -17.677206286770726, "params": {"gamma": 828.8505260413555, "log10_alpha": -5.0, "log10_colsample_bytree": 0.0, "log10_eta": -4.0, "log10_lambda": -5.0, "log10_min_child_weight": 0.0, "log10_subsample": -1.0, "max_depth": 10.0, "num_boost_round": 6.0}, "datetime": {"datetime": "2024-01-19 02:08:08", "elapsed": 6973.470475, "delta": 0.007926}}
{"target": -17.677207676520116, "params": {"gamma": 828.8505260413555, "log10_alpha": -5.0, "log10_colsample_bytree": 0.0, "log10_eta": -4.0, "log10_lambda": -5.0, "log10_min_child_weight": 0.0, "log10_subsample": -1.0, "max_depth": 10.0, "num_boost_round": 7.0}, "datetime": {"datetime": "2024-01-19 02:08:08", "elapsed": 6973.477824, "delta": 0.007349}}
{"target": -17.67720725646853, "params": {"gamma": 828.8505260413555, "log10_alpha": -5.0, "log10_colsample_bytree": 0.0, "log10_eta": -4.0, "log10_lambda": -5.0, "log10_min_child_weight": 0.0, "log10_subsample": -1.0, "max_depth": 10.0, "num_boost_round": 8.0}, "datetime": {"datetime": "2024-01-19 02:08:08", "elapsed": 6973.484953, "delta": 0.007129}}
{"target": -17.677200709303666, "params": {"gamma": 828.8505260413555, "log10_alpha": -5.0, "log10_colsample_bytree": 0.0, "log10_eta": -4.0, "log10_lambda": -5.0, "log10_min_child_weight": 0.0, "log10_subsample": -1.0, "max_depth": 10.0, "num_boost_round": 9.0}, "datetime": {"datetime": "2024-01-19 02:08:08", "elapsed": 6973.49247, "delta": 0.007517}}
{"target": -17.677193642445605, "params": {"gamma": 828.8505260413555, "log10_alpha": -5.0, "log10_colsample_bytree": 0.0, "log10_eta": -4.0, "log10_lambda": -5.0, "log10_min_child_weight": 0.0, "log10_subsample": -1.0, "max_depth": 10.0, "num_boost_round": 10.0}, "datetime": {"datetime": "2024-01-19 02:08:08", "elapsed": 6973.49974, "delta": 0.00727}}
{"target": -17.677183550034673, "params": {"gamma": 828.8505260413555, "log10_alpha": -5.0, "log10_colsample_bytree": 0.0, "log10_eta": -4.0, "log10_lambda": -5.0, "log10_min_child_weight": 0.0, "log10_subsample": -1.0, "max_depth": 10.0, "num_boost_round": 11.0}, "datetime": {"datetime": "2024-01-19 02:08:08", "elapsed": 6973.507889, "delta": 0.008149}}
{"target": -17.677178518859368, "params": {"gamma": 828.8505260413555, "log10_alpha": -5.0, "log10_colsample_bytree": 0.0, "log10_eta": -4.0, "log10_lambda": -5.0, "log10_min_child_weight": 0.0, "log10_subsample": -1.0, "max_depth": 10.0, "num_boost_round": 12.0}, "datetime": {"datetime": "2024-01-19 02:08:08", "elapsed": 6973.516131, "delta": 0.008242}}
{"target": -17.677176209639455, "params": {"gamma": 828.8505260413555, "log10_alpha": -5.0, "log10_colsample_bytree": 0.0, "log10_eta": -4.0, "log10_lambda": -5.0, "log10_min_child_weight": 0.0, "log10_subsample": -1.0, "max_depth": 10.0, "num_boost_round": 13.0}, "datetime": {"datetime": "2024-01-19 02:08:08", "elapsed": 6973.523522, "delta": 0.007391}}
{"target": -17.677171565609218, "params": {"gamma": 828.8505260413555, "log10_alpha": -5.0, "log10_colsample_bytree": 0.0, "log10_eta": -4.0, "log10_lambda": -5.0, "log10_min_child_weight": 0.0, "log10_subsample": -1.0, "max_depth": 10.0, "num_boost_round": 14.0}, "datetime": {"datetime": "2024-01-19 02:08:09", "elapsed": 6973.531556, "delta": 0.008034}}
{"target": -17.677165551822632, "params": {"gamma": 828.8505260413555, "log10_alpha": -5.0, "log10_colsample_bytree": 0.0, "log10_eta": -4.0, "log10_lambda": -5.0, "log10_min_child_weight": 0.0, "log10_subsample": -1.0, "max_depth": 10.0, "num_boost_round": 15.0}, "datetime": {"datetime": "2024-01-19 02:08:09", "elapsed": 6973.539392, "delta": 0.007836}}
{"target": -17.67715332404904, "params": {"gamma": 828.8505260413555, "log10_alpha": -5.0, "log10_colsample_bytree": 0.0, "log10_eta": -4.0, "log10_lambda": -5.0, "log10_min_child_weight": 0.0, "log10_subsample": -1.0, "max_depth": 10.0, "num_boost_round": 16.0}, "datetime": {"datetime": "2024-01-19 02:08:09", "elapsed": 6973.546723, "delta": 0.007331}}
{"target": -17.677146907812148, "params": {"gamma": 828.8505260413555, "log10_alpha": -5.0, "log10_colsample_bytree": 0.0, "log10_eta": -4.0, "log10_lambda": -5.0, "log10_min_child_weight": 0.0, "log10_subsample": -1.0, "max_depth": 10.0, "num_boost_round": 17.0}, "datetime": {"datetime": "2024-01-19 02:08:09", "elapsed": 6973.554156, "delta": 0.007433}}
{"target": -17.67714272806128, "params": {"gamma": 828.8505260413555, "log10_alpha": -5.0, "log10_colsample_bytree": 0.0, "log10_eta": -4.0, "log10_lambda": -5.0, "log10_min_child_weight": 0.0, "log10_subsample": -1.0, "max_depth": 10.0, "num_boost_round": 18.0}, "datetime": {"datetime": "2024-01-19 02:08:09", "elapsed": 6973.56183, "delta": 0.007674}}
{"target": -17.677128926762908, "params": {"gamma": 828.8505260413555, "log10_alpha": -5.0, "log10_colsample_bytree": 0.0, "log10_eta": -4.0, "log10_lambda": -5.0, "log10_min_child_weight": 0.0, "log10_subsample": -1.0, "max_depth": 10.0, "num_boost_round": 19.0}, "datetime": {"datetime": "2024-01-19 02:08:09", "elapsed": 6973.56956, "delta": 0.00773}}
{"target": -17.67712121523307, "params": {"gamma": 828.8505260413555, "log10_alpha": -5.0, "log10_colsample_bytree": 0.0, "log10_eta": -4.0, "log10_lambda": -5.0, "log10_min_child_weight": 0.0, "log10_subsample": -1.0, "max_depth": 10.0, "num_boost_round": 20.0}, "datetime": {"datetime": "2024-01-19 02:08:09", "elapsed": 6973.577216, "delta": 0.007656}}
{"target": -17.677120729774476, "params": {"gamma": 828.8505260413555, "log10_alpha": -5.0, "log10_colsample_bytree": 0.0, "log10_eta": -4.0, "log10_lambda": -5.0, "log10_min_child_weight": 0.0, "log10_subsample": -1.0, "max_depth": 10.0, "num_boost_round": 21.0}, "datetime": {"datetime": "2024-01-19 02:08:09", "elapsed": 6973.69892, "delta": 0.121704}}
{"target": -17.67711251505021, "params": {"gamma": 828.8505260413555, "log10_alpha": -5.0, "log10_colsample_bytree": 0.0, "log10_eta": -4.0, "log10_lambda": -5.0, "log10_min_child_weight": 0.0, "log10_subsample": -1.0, "max_depth": 10.0, "num_boost_round": 22.0}, "datetime": {"datetime": "2024-01-19 02:08:09", "elapsed": 6973.708616, "delta": 0.009696}}
{"target": -17.677101735000765, "params": {"gamma": 828.8505260413555, "log10_alpha": -5.0, "log10_colsample_bytree": 0.0, "log10_eta": -4.0, "log10_lambda": -5.0, "log10_min_child_weight": 0.0, "log10_subsample": -1.0, "max_depth": 10.0, "num_boost_round": 23.0}, "datetime": {"datetime": "2024-01-19 02:08:09", "elapsed": 6973.717276, "delta": 0.00866}}
{"target": -17.677099963829903, "params": {"gamma": 828.8505260413555, "log10_alpha": -5.0, "log10_colsample_bytree": 0.0, "log10_eta": -4.0, "log10_lambda": -5.0, "log10_min_child_weight": 0.0, "log10_subsample": -1.0, "max_depth": 10.0, "num_boost_round": 24.0}, "datetime": {"datetime": "2024-01-19 02:08:09", "elapsed": 6973.725122, "delta": 0.007846}}
{"target": -17.677090126658545, "params": {"gamma": 828.8505260413555, "log10_alpha": -5.0, "log10_colsample_bytree": 0.0, "log10_eta": -4.0, "log10_lambda": -5.0, "log10_min_child_weight": 0.0, "log10_subsample": -1.0, "max_depth": 10.0, "num_boost_round": 25.0}, "datetime": {"datetime": "2024-01-19 02:08:09", "elapsed": 6973.732809, "delta": 0.007687}}
{"target": -17.677085821579105, "params": {"gamma": 828.8505260413555, "log10_alpha": -5.0, "log10_colsample_bytree": 0.0, "log10_eta": -4.0, "log10_lambda": -5.0, "log10_min_child_weight": 0.0, "log10_subsample": -1.0, "max_depth": 10.0, "num_boost_round": 26.0}, "datetime": {"datetime": "2024-01-19 02:08:09", "elapsed": 6973.740684, "delta": 0.007875}}
{"target": -17.677079349687087, "params": {"gamma": 828.8505260413555, "log10_alpha": -5.0, "log10_colsample_bytree": 0.0, "log10_eta": -4.0, "log10_lambda": -5.0, "log10_min_child_weight": 0.0, "log10_subsample": -1.0, "max_depth": 10.0, "num_boost_round": 27.0}, "datetime": {"datetime": "2024-01-19 02:08:09", "elapsed": 6973.748235, "delta": 0.007551}}
{"target": -17.677067063464325, "params": {"gamma": 828.8505260413555, "log10_alpha": -5.0, "log10_colsample_bytree": 0.0, "log10_eta": -4.0, "log10_lambda": -5.0, "log10_min_child_weight": 0.0, "log10_subsample": -1.0, "max_depth": 10.0, "num_boost_round": 28.0}, "datetime": {"datetime": "2024-01-19 02:08:09", "elapsed": 6973.755827, "delta": 0.007592}}
{"target": -17.677047810166023, "params": {"gamma": 828.8505260413555, "log10_alpha": -5.0, "log10_colsample_bytree": 0.0, "log10_eta": -4.0, "log10_lambda": -5.0, "log10_min_child_weight": 0.0, "log10_subsample": -1.0, "max_depth": 10.0, "num_boost_round": 29.0}, "datetime": {"datetime": "2024-01-19 02:08:09", "elapsed": 6973.763323, "delta": 0.007496}}
{"target": -17.67704701838754, "params": {"gamma": 828.8505260413555, "log10_alpha": -5.0, "log10_colsample_bytree": 0.0, "log10_eta": -4.0, "log10_lambda": -5.0, "log10_min_child_weight": 0.0, "log10_subsample": -1.0, "max_depth": 10.0, "num_boost_round": 30.0}, "datetime": {"datetime": "2024-01-19 02:08:09", "elapsed": 6973.770438, "delta": 0.007115}}
{"target": -17.677043227601235, "params": {"gamma": 828.8505260413555, "log10_alpha": -5.0, "log10_colsample_bytree": 0.0, "log10_eta": -4.0, "log10_lambda": -5.0, "log10_min_child_weight": 0.0, "log10_subsample": -1.0, "max_depth": 10.0, "num_boost_round": 31.0}, "datetime": {"datetime": "2024-01-19 02:08:09", "elapsed": 6973.777843, "delta": 0.007405}}
{"target": -17.677040201240324, "params": {"gamma": 828.8505260413555, "log10_alpha": -5.0, "log10_colsample_bytree": 0.0, "log10_eta": -4.0, "log10_lambda": -5.0, "log10_min_child_weight": 0.0, "log10_subsample": -1.0, "max_depth": 10.0, "num_boost_round": 32.0}, "datetime": {"datetime": "2024-01-19 02:08:09", "elapsed": 6973.78506, "delta": 0.007217}}
{"target": -17.677044773435632, "params": {"gamma": 828.8505260413555, "log10_alpha": -5.0, "log10_colsample_bytree": 0.0, "log10_eta": -4.0, "log10_lambda": -5.0, "log10_min_child_weight": 0.0, "log10_subsample": -1.0, "max_depth": 10.0, "num_boost_round": 33.0}, "datetime": {"datetime": "2024-01-19 02:08:09", "elapsed": 6973.792125, "delta": 0.007065}}
{"target": -17.677041000929027, "params": {"gamma": 828.8505260413555, "log10_alpha": -5.0, "log10_colsample_bytree": 0.0, "log10_eta": -4.0, "log10_lambda": -5.0, "log10_min_child_weight": 0.0, "log10_subsample": -1.0, "max_depth": 10.0, "num_boost_round": 34.0}, "datetime": {"datetime": "2024-01-19 02:08:09", "elapsed": 6973.800082, "delta": 0.007957}}
{"target": -17.677027107279105, "params": {"gamma": 828.8505260413555, "log10_alpha": -5.0, "log10_colsample_bytree": 0.0, "log10_eta": -4.0, "log10_lambda": -5.0, "log10_min_child_weight": 0.0, "log10_subsample": -1.0, "max_depth": 10.0, "num_boost_round": 35.0}, "datetime": {"datetime": "2024-01-19 02:08:09", "elapsed": 6973.807259, "delta": 0.007177}}
{"target": -17.67702130175927, "params": {"gamma": 828.8505260413555, "log10_alpha": -5.0, "log10_colsample_bytree": 0.0, "log10_eta": -4.0, "log10_lambda": -5.0, "log10_min_child_weight": 0.0, "log10_subsample": -1.0, "max_depth": 10.0, "num_boost_round": 36.0}, "datetime": {"datetime": "2024-01-19 02:08:09", "elapsed": 6973.923607, "delta": 0.116348}}
{"target": -17.677013013071353, "params": {"gamma": 828.8505260413555, "log10_alpha": -5.0, "log10_colsample_bytree": 0.0, "log10_eta": -4.0, "log10_lambda": -5.0, "log10_min_child_weight": 0.0, "log10_subsample": -1.0, "max_depth": 10.0, "num_boost_round": 37.0}, "datetime": {"datetime": "2024-01-19 02:08:09", "elapsed": 6973.93128, "delta": 0.007673}}
{"target": -17.67701008688181, "params": {"gamma": 828.8505260413555, "log10_alpha": -5.0, "log10_colsample_bytree": 0.0, "log10_eta": -4.0, "log10_lambda": -5.0, "log10_min_child_weight": 0.0, "log10_subsample": -1.0, "max_depth": 10.0, "num_boost_round": 38.0}, "datetime": {"datetime": "2024-01-19 02:08:09", "elapsed": 6973.938514, "delta": 0.007234}}
{"target": -17.677004541599604, "params": {"gamma": 828.8505260413555, "log10_alpha": -5.0, "log10_colsample_bytree": 0.0, "log10_eta": -4.0, "log10_lambda": -5.0, "log10_min_child_weight": 0.0, "log10_subsample": -1.0, "max_depth": 10.0, "num_boost_round": 39.0}, "datetime": {"datetime": "2024-01-19 02:08:09", "elapsed": 6973.945921, "delta": 0.007407}}
{"target": -17.67700301911249, "params": {"gamma": 828.8505260413555, "log10_alpha": -5.0, "log10_colsample_bytree": 0.0, "log10_eta": -4.0, "log10_lambda": -5.0, "log10_min_child_weight": 0.0, "log10_subsample": -1.0, "max_depth": 10.0, "num_boost_round": 40.0}, "datetime": {"datetime": "2024-01-19 02:08:09", "elapsed": 6973.953192, "delta": 0.007271}}
{"target": -17.67699806214977, "params": {"gamma": 828.8505260413555, "log10_alpha": -5.0, "log10_colsample_bytree": 0.0, "log10_eta": -4.0, "log10_lambda": -5.0, "log10_min_child_weight": 0.0, "log10_subsample": -1.0, "max_depth": 10.0, "num_boost_round": 41.0}, "datetime": {"datetime": "2024-01-19 02:08:09", "elapsed": 6973.960316, "delta": 0.007124}}
{"target": -17.676996354050143, "params": {"gamma": 828.8505260413555, "log10_alpha": -5.0, "log10_colsample_bytree": 0.0, "log10_eta": -4.0, "log10_lambda": -5.0, "log10_min_child_weight": 0.0, "log10_subsample": -1.0, "max_depth": 10.0, "num_boost_round": 42.0}, "datetime": {"datetime": "2024-01-19 02:08:09", "elapsed": 6973.967335, "delta": 0.007019}}
{"target": -17.676999251941286, "params": {"gamma": 828.8505260413555, "log10_alpha": -5.0, "log10_colsample_bytree": 0.0, "log10_eta": -4.0, "log10_lambda": -5.0, "log10_min_child_weight": 0.0, "log10_subsample": -1.0, "max_depth": 10.0, "num_boost_round": 43.0}, "datetime": {"datetime": "2024-01-19 02:08:09", "elapsed": 6973.974337, "delta": 0.007002}}
{"target": -17.677002376754714, "params": {"gamma": 828.8505260413555, "log10_alpha": -5.0, "log10_colsample_bytree": 0.0, "log10_eta": -4.0, "log10_lambda": -5.0, "log10_min_child_weight": 0.0, "log10_subsample": -1.0, "max_depth": 10.0, "num_boost_round": 44.0}, "datetime": {"datetime": "2024-01-19 02:08:09", "elapsed": 6973.98209, "delta": 0.007753}}
{"target": -17.67699963584416, "params": {"gamma": 828.8505260413555, "log10_alpha": -5.0, "log10_colsample_bytree": 0.0, "log10_eta": -4.0, "log10_lambda": -5.0, "log10_min_child_weight": 0.0, "log10_subsample": -1.0, "max_depth": 10.0, "num_boost_round": 45.0}, "datetime": {"datetime": "2024-01-19 02:08:09", "elapsed": 6973.989392, "delta": 0.007302}}
{"target": -17.677000046320888, "params": {"gamma": 828.8505260413555, "log10_alpha": -5.0, "log10_colsample_bytree": 0.0, "log10_eta": -4.0, "log10_lambda": -5.0, "log10_min_child_weight": 0.0, "log10_subsample": -1.0, "max_depth": 10.0, "num_boost_round": 46.0}, "datetime": {"datetime": "2024-01-19 02:08:09", "elapsed": 6973.99652, "delta": 0.007128}}
{"target": -17.67698361661416, "params": {"gamma": 828.8505260413555, "log10_alpha": -5.0, "log10_colsample_bytree": 0.0, "log10_eta": -4.0, "log10_lambda": -5.0, "log10_min_child_weight": 0.0, "log10_subsample": -1.0, "max_depth": 10.0, "num_boost_round": 47.0}, "datetime": {"datetime": "2024-01-19 02:08:09", "elapsed": 6974.003686, "delta": 0.007166}}
{"target": -17.676978404100613, "params": {"gamma": 828.8505260413555, "log10_alpha": -5.0, "log10_colsample_bytree": 0.0, "log10_eta": -4.0, "log10_lambda": -5.0, "log10_min_child_weight": 0.0, "log10_subsample": -1.0, "max_depth": 10.0, "num_boost_round": 48.0}, "datetime": {"datetime": "2024-01-19 02:08:09", "elapsed": 6974.010482, "delta": 0.006796}}
{"target": -17.676966034695425, "params": {"gamma": 828.8505260413555, "log10_alpha": -5.0, "log10_colsample_bytree": 0.0, "log10_eta": -4.0, "log10_lambda": -5.0, "log10_min_child_weight": 0.0, "log10_subsample": -1.0, "max_depth": 10.0, "num_boost_round": 49.0}, "datetime": {"datetime": "2024-01-19 02:08:09", "elapsed": 6974.017101, "delta": 0.006619}}
{"target": -17.676968836242807, "params": {"gamma": 828.8505260413555, "log10_alpha": -5.0, "log10_colsample_bytree": 0.0, "log10_eta": -4.0, "log10_lambda": -5.0, "log10_min_child_weight": 0.0, "log10_subsample": -1.0, "max_depth": 10.0, "num_boost_round": 50.0}, "datetime": {"datetime": "2024-01-19 02:08:09", "elapsed": 6974.023646, "delta": 0.006545}}
{"target": -17.676956962012028, "params": {"gamma": 828.8505260413555, "log10_alpha": -5.0, "log10_colsample_bytree": 0.0, "log10_eta": -4.0, "log10_lambda": -5.0, "log10_min_child_weight": 0.0, "log10_subsample": -1.0, "max_depth": 10.0, "num_boost_round": 51.0}, "datetime": {"datetime": "2024-01-19 02:08:09", "elapsed": 6974.030239, "delta": 0.006593}}
{"target": -17.676950068519123, "params": {"gamma": 828.8505260413555, "log10_alpha": -5.0, "log10_colsample_bytree": 0.0, "log10_eta": -4.0, "log10_lambda": -5.0, "log10_min_child_weight": 0.0, "log10_subsample": -1.0, "max_depth": 10.0, "num_boost_round": 52.0}, "datetime": {"datetime": "2024-01-19 02:08:09", "elapsed": 6974.036995, "delta": 0.006756}}
{"target": -17.676950191992468, "params": {"gamma": 828.8505260413555, "log10_alpha": -5.0, "log10_colsample_bytree": 0.0, "log10_eta": -4.0, "log10_lambda": -5.0, "log10_min_child_weight": 0.0, "log10_subsample": -1.0, "max_depth": 10.0, "num_boost_round": 53.0}, "datetime": {"datetime": "2024-01-19 02:08:09", "elapsed": 6974.04391, "delta": 0.006915}}
{"target": -17.676943779206507, "params": {"gamma": 828.8505260413555, "log10_alpha": -5.0, "log10_colsample_bytree": 0.0, "log10_eta": -4.0, "log10_lambda": -5.0, "log10_min_child_weight": 0.0, "log10_subsample": -1.0, "max_depth": 10.0, "num_boost_round": 54.0}, "datetime": {"datetime": "2024-01-19 02:08:09", "elapsed": 6974.050999, "delta": 0.007089}}
{"target": -17.676942657772134, "params": {"gamma": 828.8505260413555, "log10_alpha": -5.0, "log10_colsample_bytree": 0.0, "log10_eta": -4.0, "log10_lambda": -5.0, "log10_min_child_weight": 0.0, "log10_subsample": -1.0, "max_depth": 10.0, "num_boost_round": 55.0}, "datetime": {"datetime": "2024-01-19 02:08:09", "elapsed": 6974.058841, "delta": 0.007842}}
{"target": -17.67693567144902, "params": {"gamma": 828.8505260413555, "log10_alpha": -5.0, "log10_colsample_bytree": 0.0, "log10_eta": -4.0, "log10_lambda": -5.0, "log10_min_child_weight": 0.0, "log10_subsample": -1.0, "max_depth": 10.0, "num_boost_round": 56.0}, "datetime": {"datetime": "2024-01-19 02:08:09", "elapsed": 6974.066346, "delta": 0.007505}}
{"target": -17.676926612551977, "params": {"gamma": 828.8505260413555, "log10_alpha": -5.0, "log10_colsample_bytree": 0.0, "log10_eta": -4.0, "log10_lambda": -5.0, "log10_min_child_weight": 0.0, "log10_subsample": -1.0, "max_depth": 10.0, "num_boost_round": 57.0}, "datetime": {"datetime": "2024-01-19 02:08:09", "elapsed": 6974.073383, "delta": 0.007037}}
{"target": -17.676916695395274, "params": {"gamma": 828.8505260413555, "log10_alpha": -5.0, "log10_colsample_bytree": 0.0, "log10_eta": -4.0, "log10_lambda": -5.0, "log10_min_child_weight": 0.0, "log10_subsample": -1.0, "max_depth": 10.0, "num_boost_round": 58.0}, "datetime": {"datetime": "2024-01-19 02:08:09", "elapsed": 6974.080239, "delta": 0.006856}}
{"target": -17.676918244311754, "params": {"gamma": 828.8505260413555, "log10_alpha": -5.0, "log10_colsample_bytree": 0.0, "log10_eta": -4.0, "log10_lambda": -5.0, "log10_min_child_weight": 0.0, "log10_subsample": -1.0, "max_depth": 10.0, "num_boost_round": 59.0}, "datetime": {"datetime": "2024-01-19 02:08:09", "elapsed": 6974.087284, "delta": 0.007045}}
