{"target": -18.183313198611483, "params": {"gamma": 836.5098782648663, "log10_alpha": 0.008368967392976323, "log10_colsample_bytree": -0.252104479723106, "log10_eta": -0.3946697029924775, "log10_lambda": -4.40378038578685, "log10_min_child_weight": 2.188028311107721, "log10_subsample": -0.3255232164046721, "max_depth": 7.0, "num_boost_round": 9.0}, "datetime": {"datetime": "2024-01-19 02:39:52", "elapsed": 8873.214816, "delta": 0.006711}}
{"target": -18.201618077393167, "params": {"gamma": 836.5098782648663, "log10_alpha": 0.008368967392976323, "log10_colsample_bytree": -0.252104479723106, "log10_eta": -0.3946697029924775, "log10_lambda": -4.40378038578685, "log10_min_child_weight": 2.188028311107721, "log10_subsample": -0.3255232164046721, "max_depth": 7.0, "num_boost_round": 10.0}, "datetime": {"datetime": "2024-01-19 02:39:52", "elapsed": 8873.221352, "delta": 0.006536}}
{"target": -18.225626280986845, "params": {"gamma": 836.5098782648663, "log10_alpha": 0.008368967392976323, "log10_colsample_bytree": -0.252104479723106, "log10_eta": -0.3946697029924775, "log10_lambda": -4.40378038578685, "log10_min_child_weight": 2.188028311107721, "log10_subsample": -0.3255232164046721, "max_depth": 7.0, "num_boost_round": 11.0}, "datetime": {"datetime": "2024-01-19 02:39:52", "elapsed": 8873.228175, "delta": 0.006823}}
{"target": -18.250570209039644, "params": {"gamma": 836.5098782648663, "log10_alpha": 0.008368967392976323, "log10_colsample_bytree": -0.252104479723106, "log10_eta": -0.3946697029924775, "log10_lambda": -4.40378038578685, "log10_min_child_weight": 2.188028311107721, "log10_subsample": -0.3255232164046721, "max_depth": 7.0, "num_boost_round": 12.0}, "datetime": {"datetime": "2024-01-19 02:39:52", "elapsed": 8873.367468, "delta": 0.139293}}
{"target": -18.27048681645306, "params": {"gamma": 836.5098782648663, "log10_alpha": 0.008368967392976323, "log10_colsample_bytree": -0.252104479723106, "log10_eta": -0.3946697029924775, "log10_lambda": -4.40378038578685, "log10_min_child_weight": 2.188028311107721, "log10_subsample": -0.3255232164046721, "max_depth": 7.0, "num_boost_round": 13.0}, "datetime": {"datetime": "2024-01-19 02:39:52", "elapsed": 8873.375326, "delta": 0.007858}}
{"target": -18.357904173416916, "params": {"gamma": 836.5098782648663, "log10_alpha": 0.008368967392976323, "log10_colsample_bytree": -0.252104479723106, "log10_eta": -0.3946697029924775, "log10_lambda": -4.40378038578685, "log10_min_child_weight": 2.188028311107721, "log10_subsample": -0.3255232164046721, "max_depth": 7.0, "num_boost_round": 14.0}, "datetime": {"datetime": "2024-01-19 02:39:52", "elapsed": 8873.382693, "delta": 0.007367}}
{"target": -18.405410291009353, "params": {"gamma": 836.5098782648663, "log10_alpha": 0.008368967392976323, "log10_colsample_bytree": -0.252104479723106, "log10_eta": -0.3946697029924775, "log10_lambda": -4.40378038578685, "log10_min_child_weight": 2.188028311107721, "log10_subsample": -0.3255232164046721, "max_depth": 7.0, "num_boost_round": 15.0}, "datetime": {"datetime": "2024-01-19 02:39:52", "elapsed": 8873.389762, "delta": 0.007069}}
{"target": -18.444824579463464, "params": {"gamma": 836.5098782648663, "log10_alpha": 0.008368967392976323, "log10_colsample_bytree": -0.252104479723106, "log10_eta": -0.3946697029924775, "log10_lambda": -4.40378038578685, "log10_min_child_weight": 2.188028311107721, "log10_subsample": -0.3255232164046721, "max_depth": 7.0, "num_boost_round": 16.0}, "datetime": {"datetime": "2024-01-19 02:39:52", "elapsed": 8873.396761, "delta": 0.006999}}
{"target": -18.49529592274674, "params": {"gamma": 836.5098782648663, "log10_alpha": 0.008368967392976323, "log10_colsample_bytree": -0.252104479723106, "log10_eta": -0.3946697029924775, "log10_lambda": -4.40378038578685, "log10_min_child_weight": 2.188028311107721, "log10_subsample": -0.3255232164046721, "max_depth": 7.0, "num_boost_round": 17.0}, "datetime": {"datetime": "2024-01-19 02:39:52", "elapsed": 8873.403766, "delta": 0.007005}}
{"target": -18.532842887197564, "params": {"gamma": 836.5098782648663, "log10_alpha": 0.008368967392976323, "log10_colsample_bytree": -0.252104479723106, "log10_eta": -0.3946697029924775, "log10_lambda": -4.40378038578685, "log10_min_child_weight": 2.188028311107721, "log10_subsample": -0.3255232164046721, "max_depth": 7.0, "num_boost_round": 18.0}, "datetime": {"datetime": "2024-01-19 02:39:52", "elapsed": 8873.410848, "delta": 0.007082}}
{"target": -18.552919620357876, "params": {"gamma": 836.5098782648663, "log10_alpha": 0.008368967392976323, "log10_colsample_bytree": -0.252104479723106, "log10_eta": -0.3946697029924775, "log10_lambda": -4.40378038578685, "log10_min_child_weight": 2.188028311107721, "log10_subsample": -0.3255232164046721, "max_depth": 7.0, "num_boost_round": 19.0}, "datetime": {"datetime": "2024-01-19 02:39:52", "elapsed": 8873.417958, "delta": 0.00711}}
{"target": -17.67720178607446, "params": {"gamma": 842.0715856370344, "log10_alpha": -3.5516850266312248, "log10_colsample_bytree": -0.3329820754458158, "log10_eta": -2.8033059275615106, "log10_lambda": -0.4388304723536871, "log10_min_child_weight": 3.791961471148941, "log10_subsample": -0.31709495750837113, "max_depth": 2.0, "num_boost_round": 0.0}, "datetime": {"datetime": "2024-01-19 02:41:15", "elapsed": 8956.082788, "delta": 82.66483}}
{"target": -17.67716662948098, "params": {"gamma": 842.0715856370344, "log10_alpha": -3.5516850266312248, "log10_colsample_bytree": -0.3329820754458158, "log10_eta": -2.8033059275615106, "log10_lambda": -0.4388304723536871, "log10_min_child_weight": 3.791961471148941, "log10_subsample": -0.31709495750837113, "max_depth": 2.0, "num_boost_round": 1.0}, "datetime": {"datetime": "2024-01-19 02:41:15", "elapsed": 8956.090374, "delta": 0.007586}}
{"target": -17.677126910088987, "params": {"gamma": 842.0715856370344, "log10_alpha": -3.5516850266312248, "log10_colsample_bytree": -0.3329820754458158, "log10_eta": -2.8033059275615106, "log10_lambda": -0.4388304723536871, "log10_min_child_weight": 3.791961471148941, "log10_subsample": -0.31709495750837113, "max_depth": 2.0, "num_boost_round": 2.0}, "datetime": {"datetime": "2024-01-19 02:41:15", "elapsed": 8956.097192, "delta": 0.006818}}
{"target": -17.677123448252228, "params": {"gamma": 842.0715856370344, "log10_alpha": -3.5516850266312248, "log10_colsample_bytree": -0.3329820754458158, "log10_eta": -2.8033059275615106, "log10_lambda": -0.4388304723536871, "log10_min_child_weight": 3.791961471148941, "log10_subsample": -0.31709495750837113, "max_depth": 2.0, "num_boost_round": 3.0}, "datetime": {"datetime": "2024-01-19 02:41:15", "elapsed": 8956.103972, "delta": 0.00678}}
{"target": -17.67709271225635, "params": {"gamma": 842.0715856370344, "log10_alpha": -3.5516850266312248, "log10_colsample_bytree": -0.3329820754458158, "log10_eta": -2.8033059275615106, "log10_lambda": -0.4388304723536871, "log10_min_child_weight": 3.791961471148941, "log10_subsample": -0.31709495750837113, "max_depth": 2.0, "num_boost_round": 4.0}, "datetime": {"datetime": "2024-01-19 02:41:15", "elapsed": 8956.110662, "delta": 0.00669}}
{"target": -17.677070064811684, "params": {"gamma": 842.0715856370344, "log10_alpha": -3.5516850266312248, "log10_colsample_bytree": -0.3329820754458158, "log10_eta": -2.8033059275615106, "log10_lambda": -0.4388304723536871, "log10_min_child_weight": 3.791961471148941, "log10_subsample": -0.31709495750837113, "max_depth": 2.0, "num_boost_round": 5.0}, "datetime": {"datetime": "2024-01-19 02:41:15", "elapsed": 8956.116909, "delta": 0.006247}}
{"target": -17.677051159488254, "params": {"gamma": 842.0715856370344, "log10_alpha": -3.5516850266312248, "log10_colsample_bytree": -0.3329820754458158, "log10_eta": -2.8033059275615106, "log10_lambda": -0.4388304723536871, "log10_min_child_weight": 3.791961471148941, "log10_subsample": -0.31709495750837113, "max_depth": 2.0, "num_boost_round": 6.0}, "datetime": {"datetime": "2024-01-19 02:41:15", "elapsed": 8956.123649, "delta": 0.00674}}
{"target": -17.67701251068713, "params": {"gamma": 842.0715856370344, "log10_alpha": -3.5516850266312248, "log10_colsample_bytree": -0.3329820754458158, "log10_eta": -2.8033059275615106, "log10_lambda": -0.4388304723536871, "log10_min_child_weight": 3.791961471148941, "log10_subsample": -0.31709495750837113, "max_depth": 2.0, "num_boost_round": 7.0}, "datetime": {"datetime": "2024-01-19 02:41:15", "elapsed": 8956.130236, "delta": 0.006587}}
{"target": -17.676991522068285, "params": {"gamma": 842.0715856370344, "log10_alpha": -3.5516850266312248, "log10_colsample_bytree": -0.3329820754458158, "log10_eta": -2.8033059275615106, "log10_lambda": -0.4388304723536871, "log10_min_child_weight": 3.791961471148941, "log10_subsample": -0.31709495750837113, "max_depth": 2.0, "num_boost_round": 8.0}, "datetime": {"datetime": "2024-01-19 02:41:15", "elapsed": 8956.136763, "delta": 0.006527}}
{"target": -17.676981415107274, "params": {"gamma": 842.0715856370344, "log10_alpha": -3.5516850266312248, "log10_colsample_bytree": -0.3329820754458158, "log10_eta": -2.8033059275615106, "log10_lambda": -0.4388304723536871, "log10_min_child_weight": 3.791961471148941, "log10_subsample": -0.31709495750837113, "max_depth": 2.0, "num_boost_round": 9.0}, "datetime": {"datetime": "2024-01-19 02:41:15", "elapsed": 8956.143527, "delta": 0.006764}}
{"target": -17.67694760717594, "params": {"gamma": 842.0715856370344, "log10_alpha": -3.5516850266312248, "log10_colsample_bytree": -0.3329820754458158, "log10_eta": -2.8033059275615106, "log10_lambda": -0.4388304723536871, "log10_min_child_weight": 3.791961471148941, "log10_subsample": -0.31709495750837113, "max_depth": 2.0, "num_boost_round": 10.0}, "datetime": {"datetime": "2024-01-19 02:41:15", "elapsed": 8956.150124, "delta": 0.006597}}
{"target": -17.676903799048073, "params": {"gamma": 842.0715856370344, "log10_alpha": -3.5516850266312248, "log10_colsample_bytree": -0.3329820754458158, "log10_eta": -2.8033059275615106, "log10_lambda": -0.4388304723536871, "log10_min_child_weight": 3.791961471148941, "log10_subsample": -0.31709495750837113, "max_depth": 2.0, "num_boost_round": 11.0}, "datetime": {"datetime": "2024-01-19 02:41:15", "elapsed": 8956.156764, "delta": 0.00664}}
{"target": -17.676870095850344, "params": {"gamma": 842.0715856370344, "log10_alpha": -3.5516850266312248, "log10_colsample_bytree": -0.3329820754458158, "log10_eta": -2.8033059275615106, "log10_lambda": -0.4388304723536871, "log10_min_child_weight": 3.791961471148941, "log10_subsample": -0.31709495750837113, "max_depth": 2.0, "num_boost_round": 12.0}, "datetime": {"datetime": "2024-01-19 02:41:15", "elapsed": 8956.29579, "delta": 0.139026}}
{"target": -17.67683679861258, "params": {"gamma": 842.0715856370344, "log10_alpha": -3.5516850266312248, "log10_colsample_bytree": -0.3329820754458158, "log10_eta": -2.8033059275615106, "log10_lambda": -0.4388304723536871, "log10_min_child_weight": 3.791961471148941, "log10_subsample": -0.31709495750837113, "max_depth": 2.0, "num_boost_round": 13.0}, "datetime": {"datetime": "2024-01-19 02:41:15", "elapsed": 8956.304068, "delta": 0.008278}}
{"target": -17.676827591618444, "params": {"gamma": 842.0715856370344, "log10_alpha": -3.5516850266312248, "log10_colsample_bytree": -0.3329820754458158, "log10_eta": -2.8033059275615106, "log10_lambda": -0.4388304723536871, "log10_min_child_weight": 3.791961471148941, "log10_subsample": -0.31709495750837113, "max_depth": 2.0, "num_boost_round": 14.0}, "datetime": {"datetime": "2024-01-19 02:41:15", "elapsed": 8956.311345, "delta": 0.007277}}
{"target": -17.67681669993459, "params": {"gamma": 842.0715856370344, "log10_alpha": -3.5516850266312248, "log10_colsample_bytree": -0.3329820754458158, "log10_eta": -2.8033059275615106, "log10_lambda": -0.4388304723536871, "log10_min_child_weight": 3.791961471148941, "log10_subsample": -0.31709495750837113, "max_depth": 2.0, "num_boost_round": 15.0}, "datetime": {"datetime": "2024-01-19 02:41:15", "elapsed": 8956.318205, "delta": 0.00686}}
{"target": -17.676775496946462, "params": {"gamma": 842.0715856370344, "log10_alpha": -3.5516850266312248, "log10_colsample_bytree": -0.3329820754458158, "log10_eta": -2.8033059275615106, "log10_lambda": -0.4388304723536871, "log10_min_child_weight": 3.791961471148941, "log10_subsample": -0.31709495750837113, "max_depth": 2.0, "num_boost_round": 16.0}, "datetime": {"datetime": "2024-01-19 02:41:15", "elapsed": 8956.324953, "delta": 0.006748}}
{"target": -17.677217386793355, "params": {"gamma": 613.5122177821706, "log10_alpha": -3.3956514210963125, "log10_colsample_bytree": -0.7442683357305452, "log10_eta": -3.4903658230987222, "log10_lambda": 0.47700980692032413, "log10_min_child_weight": 2.3534262099750918, "log10_subsample": -0.5951940343722811, "max_depth": 4.0, "num_boost_round": 0.0}, "datetime": {"datetime": "2024-01-19 02:43:31", "elapsed": 9092.108302, "delta": 135.783349}}
{"target": -17.677198462211788, "params": {"gamma": 613.5122177821706, "log10_alpha": -3.3956514210963125, "log10_colsample_bytree": -0.7442683357305452, "log10_eta": -3.4903658230987222, "log10_lambda": 0.47700980692032413, "log10_min_child_weight": 2.3534262099750918, "log10_subsample": -0.5951940343722811, "max_depth": 4.0, "num_boost_round": 1.0}, "datetime": {"datetime": "2024-01-19 02:43:31", "elapsed": 9092.115875, "delta": 0.007573}}
{"target": -17.677192112100037, "params": {"gamma": 613.5122177821706, "log10_alpha": -3.3956514210963125, "log10_colsample_bytree": -0.7442683357305452, "log10_eta": -3.4903658230987222, "log10_lambda": 0.47700980692032413, "log10_min_child_weight": 2.3534262099750918, "log10_subsample": -0.5951940343722811, "max_depth": 4.0, "num_boost_round": 2.0}, "datetime": {"datetime": "2024-01-19 02:43:31", "elapsed": 9092.122896, "delta": 0.007021}}
{"target": -17.677183370754896, "params": {"gamma": 613.5122177821706, "log10_alpha": -3.3956514210963125, "log10_colsample_bytree": -0.7442683357305452, "log10_eta": -3.4903658230987222, "log10_lambda": 0.47700980692032413, "log10_min_child_weight": 2.3534262099750918, "log10_subsample": -0.5951940343722811, "max_depth": 4.0, "num_boost_round": 3.0}, "datetime": {"datetime": "2024-01-19 02:43:31", "elapsed": 9092.129805, "delta": 0.006909}}
{"target": -17.677167508272724, "params": {"gamma": 613.5122177821706, "log10_alpha": -3.3956514210963125, "log10_colsample_bytree": -0.7442683357305452, "log10_eta": -3.4903658230987222, "log10_lambda": 0.47700980692032413, "log10_min_child_weight": 2.3534262099750918, "log10_subsample": -0.5951940343722811, "max_depth": 4.0, "num_boost_round": 4.0}, "datetime": {"datetime": "2024-01-19 02:43:31", "elapsed": 9092.136706, "delta": 0.006901}}
{"target": -17.67715427445098, "params": {"gamma": 613.5122177821706, "log10_alpha": -3.3956514210963125, "log10_colsample_bytree": -0.7442683357305452, "log10_eta": -3.4903658230987222, "log10_lambda": 0.47700980692032413, "log10_min_child_weight": 2.3534262099750918, "log10_subsample": -0.5951940343722811, "max_depth": 4.0, "num_boost_round": 5.0}, "datetime": {"datetime": "2024-01-19 02:43:31", "elapsed": 9092.143519, "delta": 0.006813}}
{"target": -17.677147112119595, "params": {"gamma": 613.5122177821706, "log10_alpha": -3.3956514210963125, "log10_colsample_bytree": -0.7442683357305452, "log10_eta": -3.4903658230987222, "log10_lambda": 0.47700980692032413, "log10_min_child_weight": 2.3534262099750918, "log10_subsample": -0.5951940343722811, "max_depth": 4.0, "num_boost_round": 6.0}, "datetime": {"datetime": "2024-01-19 02:43:31", "elapsed": 9092.150351, "delta": 0.006832}}
{"target": -17.677127167541546, "params": {"gamma": 613.5122177821706, "log10_alpha": -3.3956514210963125, "log10_colsample_bytree": -0.7442683357305452, "log10_eta": -3.4903658230987222, "log10_lambda": 0.47700980692032413, "log10_min_child_weight": 2.3534262099750918, "log10_subsample": -0.5951940343722811, "max_depth": 4.0, "num_boost_round": 7.0}, "datetime": {"datetime": "2024-01-19 02:43:31", "elapsed": 9092.157204, "delta": 0.006853}}
{"target": -17.67711817116867, "params": {"gamma": 613.5122177821706, "log10_alpha": -3.3956514210963125, "log10_colsample_bytree": -0.7442683357305452, "log10_eta": -3.4903658230987222, "log10_lambda": 0.47700980692032413, "log10_min_child_weight": 2.3534262099750918, "log10_subsample": -0.5951940343722811, "max_depth": 4.0, "num_boost_round": 8.0}, "datetime": {"datetime": "2024-01-19 02:43:31", "elapsed": 9092.163986, "delta": 0.006782}}
{"target": -17.677104810963428, "params": {"gamma": 613.5122177821706, "log10_alpha": -3.3956514210963125, "log10_colsample_bytree": -0.7442683357305452, "log10_eta": -3.4903658230987222, "log10_lambda": 0.47700980692032413, "log10_min_child_weight": 2.3534262099750918, "log10_subsample": -0.5951940343722811, "max_depth": 4.0, "num_boost_round": 9.0}, "datetime": {"datetime": "2024-01-19 02:43:31", "elapsed": 9092.171021, "delta": 0.007035}}
{"target": -17.67708513493524, "params": {"gamma": 613.5122177821706, "log10_alpha": -3.3956514210963125, "log10_colsample_bytree": -0.7442683357305452, "log10_eta": -3.4903658230987222, "log10_lambda": 0.47700980692032413, "log10_min_child_weight": 2.3534262099750918, "log10_subsample": -0.5951940343722811, "max_depth": 4.0, "num_boost_round": 10.0}, "datetime": {"datetime": "2024-01-19 02:43:31", "elapsed": 9092.17808, "delta": 0.007059}}
{"target": -17.677080990287006, "params": {"gamma": 613.5122177821706, "log10_alpha": -3.3956514210963125, "log10_colsample_bytree": -0.7442683357305452, "log10_eta": -3.4903658230987222, "log10_lambda": 0.47700980692032413, "log10_min_child_weight": 2.3534262099750918, "log10_subsample": -0.5951940343722811, "max_depth": 4.0, "num_boost_round": 11.0}, "datetime": {"datetime": "2024-01-19 02:43:31", "elapsed": 9092.185024, "delta": 0.006944}}
{"target": -17.67706729170275, "params": {"gamma": 613.5122177821706, "log10_alpha": -3.3956514210963125, "log10_colsample_bytree": -0.7442683357305452, "log10_eta": -3.4903658230987222, "log10_lambda": 0.47700980692032413, "log10_min_child_weight": 2.3534262099750918, "log10_subsample": -0.5951940343722811, "max_depth": 4.0, "num_boost_round": 12.0}, "datetime": {"datetime": "2024-01-19 02:43:31", "elapsed": 9092.191838, "delta": 0.006814}}
{"target": -17.677052636960216, "params": {"gamma": 613.5122177821706, "log10_alpha": -3.3956514210963125, "log10_colsample_bytree": -0.7442683357305452, "log10_eta": -3.4903658230987222, "log10_lambda": 0.47700980692032413, "log10_min_child_weight": 2.3534262099750918, "log10_subsample": -0.5951940343722811, "max_depth": 4.0, "num_boost_round": 13.0}, "datetime": {"datetime": "2024-01-19 02:43:31", "elapsed": 9092.198779, "delta": 0.006941}}
{"target": -17.677049513402352, "params": {"gamma": 613.5122177821706, "log10_alpha": -3.3956514210963125, "log10_colsample_bytree": -0.7442683357305452, "log10_eta": -3.4903658230987222, "log10_lambda": 0.47700980692032413, "log10_min_child_weight": 2.3534262099750918, "log10_subsample": -0.5951940343722811, "max_depth": 4.0, "num_boost_round": 14.0}, "datetime": {"datetime": "2024-01-19 02:43:31", "elapsed": 9092.20552, "delta": 0.006741}}
{"target": -17.677036919908307, "params": {"gamma": 613.5122177821706, "log10_alpha": -3.3956514210963125, "log10_colsample_bytree": -0.7442683357305452, "log10_eta": -3.4903658230987222, "log10_lambda": 0.47700980692032413, "log10_min_child_weight": 2.3534262099750918, "log10_subsample": -0.5951940343722811, "max_depth": 4.0, "num_boost_round": 15.0}, "datetime": {"datetime": "2024-01-19 02:43:31", "elapsed": 9092.212322, "delta": 0.006802}}
{"target": -17.677027463316204, "params": {"gamma": 613.5122177821706, "log10_alpha": -3.3956514210963125, "log10_colsample_bytree": -0.7442683357305452, "log10_eta": -3.4903658230987222, "log10_lambda": 0.47700980692032413, "log10_min_child_weight": 2.3534262099750918, "log10_subsample": -0.5951940343722811, "max_depth": 4.0, "num_boost_round": 16.0}, "datetime": {"datetime": "2024-01-19 02:43:31", "elapsed": 9092.219427, "delta": 0.007105}}
{"target": -17.67702757881083, "params": {"gamma": 613.5122177821706, "log10_alpha": -3.3956514210963125, "log10_colsample_bytree": -0.7442683357305452, "log10_eta": -3.4903658230987222, "log10_lambda": 0.47700980692032413, "log10_min_child_weight": 2.3534262099750918, "log10_subsample": -0.5951940343722811, "max_depth": 4.0, "num_boost_round": 17.0}, "datetime": {"datetime": "2024-01-19 02:43:31", "elapsed": 9092.227441, "delta": 0.008014}}
{"target": -17.677033731808685, "params": {"gamma": 613.5122177821706, "log10_alpha": -3.3956514210963125, "log10_colsample_bytree": -0.7442683357305452, "log10_eta": -3.4903658230987222, "log10_lambda": 0.47700980692032413, "log10_min_child_weight": 2.3534262099750918, "log10_subsample": -0.5951940343722811, "max_depth": 4.0, "num_boost_round": 18.0}, "datetime": {"datetime": "2024-01-19 02:43:31", "elapsed": 9092.234434, "delta": 0.006993}}
{"target": -17.67703052780034, "params": {"gamma": 613.5122177821706, "log10_alpha": -3.3956514210963125, "log10_colsample_bytree": -0.7442683357305452, "log10_eta": -3.4903658230987222, "log10_lambda": 0.47700980692032413, "log10_min_child_weight": 2.3534262099750918, "log10_subsample": -0.5951940343722811, "max_depth": 4.0, "num_boost_round": 19.0}, "datetime": {"datetime": "2024-01-19 02:43:31", "elapsed": 9092.376962, "delta": 0.142528}}
{"target": -17.677014645243055, "params": {"gamma": 613.5122177821706, "log10_alpha": -3.3956514210963125, "log10_colsample_bytree": -0.7442683357305452, "log10_eta": -3.4903658230987222, "log10_lambda": 0.47700980692032413, "log10_min_child_weight": 2.3534262099750918, "log10_subsample": -0.5951940343722811, "max_depth": 4.0, "num_boost_round": 20.0}, "datetime": {"datetime": "2024-01-19 02:43:31", "elapsed": 9092.384973, "delta": 0.008011}}
