{"target": -13.758411339026503, "params": {"gamma": 549.6499894775907, "log10_alpha": 0.7062669034342726, "log10_colsample_bytree": -0.16777895100415852, "log10_eta": -3.2689860906723416, "log10_lambda": -2.5581645896107896, "log10_min_child_weight": 3.818883576364112, "log10_subsample": -0.2686512137277577, "max_depth": 9.0, "num_boost_round": 14.0}, "datetime": {"datetime": "2024-01-19 00:24:34", "elapsed": 727.273325, "delta": 0.00149}}
{"target": -13.758399144808275, "params": {"gamma": 549.6499894775907, "log10_alpha": 0.7062669034342726, "log10_colsample_bytree": -0.16777895100415852, "log10_eta": -3.2689860906723416, "log10_lambda": -2.5581645896107896, "log10_min_child_weight": 3.818883576364112, "log10_subsample": -0.2686512137277577, "max_depth": 9.0, "num_boost_round": 15.0}, "datetime": {"datetime": "2024-01-19 00:24:34", "elapsed": 727.2746, "delta": 0.001275}}
{"target": -13.758386354215586, "params": {"gamma": 549.6499894775907, "log10_alpha": 0.7062669034342726, "log10_colsample_bytree": -0.16777895100415852, "log10_eta": -3.2689860906723416, "log10_lambda": -2.5581645896107896, "log10_min_child_weight": 3.818883576364112, "log10_subsample": -0.2686512137277577, "max_depth": 9.0, "num_boost_round": 16.0}, "datetime": {"datetime": "2024-01-19 00:24:34", "elapsed": 727.275867, "delta": 0.001267}}
{"target": -13.758383341395204, "params": {"gamma": 549.6499894775907, "log10_alpha": 0.7062669034342726, "log10_colsample_bytree": -0.16777895100415852, "log10_eta": -3.2689860906723416, "log10_lambda": -2.5581645896107896, "log10_min_child_weight": 3.818883576364112, "log10_subsample": -0.2686512137277577, "max_depth": 9.0, "num_boost_round": 17.0}, "datetime": {"datetime": "2024-01-19 00:24:34", "elapsed": 727.277126, "delta": 0.001259}}
{"target": -13.758395920985814, "params": {"gamma": 549.6499894775907, "log10_alpha": 0.7062669034342726, "log10_colsample_bytree": -0.16777895100415852, "log10_eta": -3.2689860906723416, "log10_lambda": -2.5581645896107896, "log10_min_child_weight": 3.818883576364112, "log10_subsample": -0.2686512137277577, "max_depth": 9.0, "num_boost_round": 18.0}, "datetime": {"datetime": "2024-01-19 00:24:34", "elapsed": 727.278413, "delta": 0.001287}}
{"target": -13.758387450350584, "params": {"gamma": 549.6499894775907, "log10_alpha": 0.7062669034342726, "log10_colsample_bytree": -0.16777895100415852, "log10_eta": -3.2689860906723416, "log10_lambda": -2.5581645896107896, "log10_min_child_weight": 3.818883576364112, "log10_subsample": -0.2686512137277577, "max_depth": 9.0, "num_boost_round": 19.0}, "datetime": {"datetime": "2024-01-19 00:24:34", "elapsed": 727.279682, "delta": 0.001269}}
{"target": -13.758382708973217, "params": {"gamma": 549.6499894775907, "log10_alpha": 0.7062669034342726, "log10_colsample_bytree": -0.16777895100415852, "log10_eta": -3.2689860906723416, "log10_lambda": -2.5581645896107896, "log10_min_child_weight": 3.818883576364112, "log10_subsample": -0.2686512137277577, "max_depth": 9.0, "num_boost_round": 20.0}, "datetime": {"datetime": "2024-01-19 00:24:34", "elapsed": 727.280959, "delta": 0.001277}}
{"target": -13.758370173375107, "params": {"gamma": 549.6499894775907, "log10_alpha": 0.7062669034342726, "log10_colsample_bytree": -0.16777895100415852, "log10_eta": -3.2689860906723416, "log10_lambda": -2.5581645896107896, "log10_min_child_weight": 3.818883576364112, "log10_subsample": -0.2686512137277577, "max_depth": 9.0, "num_boost_round": 21.0}, "datetime": {"datetime": "2024-01-19 00:24:34", "elapsed": 727.282225, "delta": 0.001266}}
{"target": -13.758358678138494, "params": {"gamma": 549.6499894775907, "log10_alpha": 0.7062669034342726, "log10_colsample_bytree": -0.16777895100415852, "log10_eta": -3.2689860906723416, "log10_lambda": -2.5581645896107896, "log10_min_child_weight": 3.818883576364112, "log10_subsample": -0.2686512137277577, "max_depth": 9.0, "num_boost_round": 22.0}, "datetime": {"datetime": "2024-01-19 00:24:34", "elapsed": 727.283506, "delta": 0.001281}}
{"target": -13.75835667349788, "params": {"gamma": 549.6499894775907, "log10_alpha": 0.7062669034342726, "log10_colsample_bytree": -0.16777895100415852, "log10_eta": -3.2689860906723416, "log10_lambda": -2.5581645896107896, "log10_min_child_weight": 3.818883576364112, "log10_subsample": -0.2686512137277577, "max_depth": 9.0, "num_boost_round": 23.0}, "datetime": {"datetime": "2024-01-19 00:24:34", "elapsed": 727.284787, "delta": 0.001281}}
{"target": -13.758350714366347, "params": {"gamma": 549.6499894775907, "log10_alpha": 0.7062669034342726, "log10_colsample_bytree": -0.16777895100415852, "log10_eta": -3.2689860906723416, "log10_lambda": -2.5581645896107896, "log10_min_child_weight": 3.818883576364112, "log10_subsample": -0.2686512137277577, "max_depth": 9.0, "num_boost_round": 24.0}, "datetime": {"datetime": "2024-01-19 00:24:34", "elapsed": 727.28607, "delta": 0.001283}}
{"target": -13.758354171039096, "params": {"gamma": 549.6499894775907, "log10_alpha": 0.7062669034342726, "log10_colsample_bytree": -0.16777895100415852, "log10_eta": -3.2689860906723416, "log10_lambda": -2.5581645896107896, "log10_min_child_weight": 3.818883576364112, "log10_subsample": -0.2686512137277577, "max_depth": 9.0, "num_boost_round": 25.0}, "datetime": {"datetime": "2024-01-19 00:24:34", "elapsed": 727.287338, "delta": 0.001268}}
{"target": -13.758350040637215, "params": {"gamma": 549.6499894775907, "log10_alpha": 0.7062669034342726, "log10_colsample_bytree": -0.16777895100415852, "log10_eta": -3.2689860906723416, "log10_lambda": -2.5581645896107896, "log10_min_child_weight": 3.818883576364112, "log10_subsample": -0.2686512137277577, "max_depth": 9.0, "num_boost_round": 26.0}, "datetime": {"datetime": "2024-01-19 00:24:34", "elapsed": 727.28861, "delta": 0.001272}}
{"target": -13.758340264519866, "params": {"gamma": 549.6499894775907, "log10_alpha": 0.7062669034342726, "log10_colsample_bytree": -0.16777895100415852, "log10_eta": -3.2689860906723416, "log10_lambda": -2.5581645896107896, "log10_min_child_weight": 3.818883576364112, "log10_subsample": -0.2686512137277577, "max_depth": 9.0, "num_boost_round": 27.0}, "datetime": {"datetime": "2024-01-19 00:24:34", "elapsed": 727.289891, "delta": 0.001281}}
{"target": -13.75862671265621, "params": {"gamma": 553.5588618159271, "log10_alpha": -2.3052424097532382, "log10_colsample_bytree": -0.18482218101488113, "log10_eta": -1.1519087400848544, "log10_lambda": 0.6570257754514381, "log10_min_child_weight": 3.908830333573145, "log10_subsample": -0.5601926734884162, "max_depth": 7.0, "num_boost_round": 0.0}, "datetime": {"datetime": "2024-01-19 00:25:09", "elapsed": 761.704001, "delta": 34.41411}}
{"target": -13.758951342255665, "params": {"gamma": 553.5588618159271, "log10_alpha": -2.3052424097532382, "log10_colsample_bytree": -0.18482218101488113, "log10_eta": -1.1519087400848544, "log10_lambda": 0.6570257754514381, "log10_min_child_weight": 3.908830333573145, "log10_subsample": -0.5601926734884162, "max_depth": 7.0, "num_boost_round": 1.0}, "datetime": {"datetime": "2024-01-19 00:25:09", "elapsed": 761.705444, "delta": 0.001443}}
{"target": -13.760395047621715, "params": {"gamma": 553.5588618159271, "log10_alpha": -2.3052424097532382, "log10_colsample_bytree": -0.18482218101488113, "log10_eta": -1.1519087400848544, "log10_lambda": 0.6570257754514381, "log10_min_child_weight": 3.908830333573145, "log10_subsample": -0.5601926734884162, "max_depth": 7.0, "num_boost_round": 2.0}, "datetime": {"datetime": "2024-01-19 00:25:09", "elapsed": 761.706779, "delta": 0.001335}}
{"target": -13.759501315899678, "params": {"gamma": 553.5588618159271, "log10_alpha": -2.3052424097532382, "log10_colsample_bytree": -0.18482218101488113, "log10_eta": -1.1519087400848544, "log10_lambda": 0.6570257754514381, "log10_min_child_weight": 3.908830333573145, "log10_subsample": -0.5601926734884162, "max_depth": 7.0, "num_boost_round": 3.0}, "datetime": {"datetime": "2024-01-19 00:25:09", "elapsed": 761.708073, "delta": 0.001294}}
{"target": -13.760336930511516, "params": {"gamma": 553.5588618159271, "log10_alpha": -2.3052424097532382, "log10_colsample_bytree": -0.18482218101488113, "log10_eta": -1.1519087400848544, "log10_lambda": 0.6570257754514381, "log10_min_child_weight": 3.908830333573145, "log10_subsample": -0.5601926734884162, "max_depth": 7.0, "num_boost_round": 4.0}, "datetime": {"datetime": "2024-01-19 00:25:09", "elapsed": 761.709365, "delta": 0.001292}}
{"target": -13.760384088008538, "params": {"gamma": 553.5588618159271, "log10_alpha": -2.3052424097532382, "log10_colsample_bytree": -0.18482218101488113, "log10_eta": -1.1519087400848544, "log10_lambda": 0.6570257754514381, "log10_min_child_weight": 3.908830333573145, "log10_subsample": -0.5601926734884162, "max_depth": 7.0, "num_boost_round": 5.0}, "datetime": {"datetime": "2024-01-19 00:25:09", "elapsed": 761.71067, "delta": 0.001305}}
{"target": -13.761420802543004, "params": {"gamma": 553.5588618159271, "log10_alpha": -2.3052424097532382, "log10_colsample_bytree": -0.18482218101488113, "log10_eta": -1.1519087400848544, "log10_lambda": 0.6570257754514381, "log10_min_child_weight": 3.908830333573145, "log10_subsample": -0.5601926734884162, "max_depth": 7.0, "num_boost_round": 6.0}, "datetime": {"datetime": "2024-01-19 00:25:09", "elapsed": 761.711988, "delta": 0.001318}}
{"target": -13.762687217366523, "params": {"gamma": 553.5588618159271, "log10_alpha": -2.3052424097532382, "log10_colsample_bytree": -0.18482218101488113, "log10_eta": -1.1519087400848544, "log10_lambda": 0.6570257754514381, "log10_min_child_weight": 3.908830333573145, "log10_subsample": -0.5601926734884162, "max_depth": 7.0, "num_boost_round": 7.0}, "datetime": {"datetime": "2024-01-19 00:25:09", "elapsed": 761.713294, "delta": 0.001306}}
{"target": -13.762840382692104, "params": {"gamma": 553.5588618159271, "log10_alpha": -2.3052424097532382, "log10_colsample_bytree": -0.18482218101488113, "log10_eta": -1.1519087400848544, "log10_lambda": 0.6570257754514381, "log10_min_child_weight": 3.908830333573145, "log10_subsample": -0.5601926734884162, "max_depth": 7.0, "num_boost_round": 8.0}, "datetime": {"datetime": "2024-01-19 00:25:09", "elapsed": 761.714597, "delta": 0.001303}}
{"target": -13.763296554866647, "params": {"gamma": 553.5588618159271, "log10_alpha": -2.3052424097532382, "log10_colsample_bytree": -0.18482218101488113, "log10_eta": -1.1519087400848544, "log10_lambda": 0.6570257754514381, "log10_min_child_weight": 3.908830333573145, "log10_subsample": -0.5601926734884162, "max_depth": 7.0, "num_boost_round": 9.0}, "datetime": {"datetime": "2024-01-19 00:25:09", "elapsed": 761.716983, "delta": 0.002386}}
{"target": -13.764597120548217, "params": {"gamma": 553.5588618159271, "log10_alpha": -2.3052424097532382, "log10_colsample_bytree": -0.18482218101488113, "log10_eta": -1.1519087400848544, "log10_lambda": 0.6570257754514381, "log10_min_child_weight": 3.908830333573145, "log10_subsample": -0.5601926734884162, "max_depth": 7.0, "num_boost_round": 10.0}, "datetime": {"datetime": "2024-01-19 00:25:09", "elapsed": 761.718597, "delta": 0.001614}}
{"target": -13.764554150392716, "params": {"gamma": 553.5588618159271, "log10_alpha": -2.3052424097532382, "log10_colsample_bytree": -0.18482218101488113, "log10_eta": -1.1519087400848544, "log10_lambda": 0.6570257754514381, "log10_min_child_weight": 3.908830333573145, "log10_subsample": -0.5601926734884162, "max_depth": 7.0, "num_boost_round": 11.0}, "datetime": {"datetime": "2024-01-19 00:25:09", "elapsed": 761.719912, "delta": 0.001315}}
{"target": -13.764431333125701, "params": {"gamma": 553.5588618159271, "log10_alpha": -2.3052424097532382, "log10_colsample_bytree": -0.18482218101488113, "log10_eta": -1.1519087400848544, "log10_lambda": 0.6570257754514381, "log10_min_child_weight": 3.908830333573145, "log10_subsample": -0.5601926734884162, "max_depth": 7.0, "num_boost_round": 12.0}, "datetime": {"datetime": "2024-01-19 00:25:09", "elapsed": 761.721259, "delta": 0.001347}}
{"target": -13.765064383183688, "params": {"gamma": 553.5588618159271, "log10_alpha": -2.3052424097532382, "log10_colsample_bytree": -0.18482218101488113, "log10_eta": -1.1519087400848544, "log10_lambda": 0.6570257754514381, "log10_min_child_weight": 3.908830333573145, "log10_subsample": -0.5601926734884162, "max_depth": 7.0, "num_boost_round": 13.0}, "datetime": {"datetime": "2024-01-19 00:25:09", "elapsed": 761.722579, "delta": 0.00132}}
{"target": -13.766700045513481, "params": {"gamma": 553.5588618159271, "log10_alpha": -2.3052424097532382, "log10_colsample_bytree": -0.18482218101488113, "log10_eta": -1.1519087400848544, "log10_lambda": 0.6570257754514381, "log10_min_child_weight": 3.908830333573145, "log10_subsample": -0.5601926734884162, "max_depth": 7.0, "num_boost_round": 14.0}, "datetime": {"datetime": "2024-01-19 00:25:09", "elapsed": 761.72388, "delta": 0.001301}}
{"target": -13.767989232020525, "params": {"gamma": 553.5588618159271, "log10_alpha": -2.3052424097532382, "log10_colsample_bytree": -0.18482218101488113, "log10_eta": -1.1519087400848544, "log10_lambda": 0.6570257754514381, "log10_min_child_weight": 3.908830333573145, "log10_subsample": -0.5601926734884162, "max_depth": 7.0, "num_boost_round": 15.0}, "datetime": {"datetime": "2024-01-19 00:25:09", "elapsed": 761.725179, "delta": 0.001299}}
{"target": -13.767904692975089, "params": {"gamma": 553.5588618159271, "log10_alpha": -2.3052424097532382, "log10_colsample_bytree": -0.18482218101488113, "log10_eta": -1.1519087400848544, "log10_lambda": 0.6570257754514381, "log10_min_child_weight": 3.908830333573145, "log10_subsample": -0.5601926734884162, "max_depth": 7.0, "num_boost_round": 16.0}, "datetime": {"datetime": "2024-01-19 00:25:09", "elapsed": 761.726502, "delta": 0.001323}}
{"target": -13.769034135746603, "params": {"gamma": 553.5588618159271, "log10_alpha": -2.3052424097532382, "log10_colsample_bytree": -0.18482218101488113, "log10_eta": -1.1519087400848544, "log10_lambda": 0.6570257754514381, "log10_min_child_weight": 3.908830333573145, "log10_subsample": -0.5601926734884162, "max_depth": 7.0, "num_boost_round": 17.0}, "datetime": {"datetime": "2024-01-19 00:25:09", "elapsed": 761.727815, "delta": 0.001313}}
{"target": -13.76961923165969, "params": {"gamma": 553.5588618159271, "log10_alpha": -2.3052424097532382, "log10_colsample_bytree": -0.18482218101488113, "log10_eta": -1.1519087400848544, "log10_lambda": 0.6570257754514381, "log10_min_child_weight": 3.908830333573145, "log10_subsample": -0.5601926734884162, "max_depth": 7.0, "num_boost_round": 18.0}, "datetime": {"datetime": "2024-01-19 00:25:09", "elapsed": 761.729125, "delta": 0.00131}}
{"target": -13.769654171683845, "params": {"gamma": 553.5588618159271, "log10_alpha": -2.3052424097532382, "log10_colsample_bytree": -0.18482218101488113, "log10_eta": -1.1519087400848544, "log10_lambda": 0.6570257754514381, "log10_min_child_weight": 3.908830333573145, "log10_subsample": -0.5601926734884162, "max_depth": 7.0, "num_boost_round": 19.0}, "datetime": {"datetime": "2024-01-19 00:25:09", "elapsed": 761.730459, "delta": 0.001334}}
{"target": -13.771224162244748, "params": {"gamma": 553.5588618159271, "log10_alpha": -2.3052424097532382, "log10_colsample_bytree": -0.18482218101488113, "log10_eta": -1.1519087400848544, "log10_lambda": 0.6570257754514381, "log10_min_child_weight": 3.908830333573145, "log10_subsample": -0.5601926734884162, "max_depth": 7.0, "num_boost_round": 20.0}, "datetime": {"datetime": "2024-01-19 00:25:09", "elapsed": 761.73184, "delta": 0.001381}}
{"target": -13.772880330234223, "params": {"gamma": 553.5588618159271, "log10_alpha": -2.3052424097532382, "log10_colsample_bytree": -0.18482218101488113, "log10_eta": -1.1519087400848544, "log10_lambda": 0.6570257754514381, "log10_min_child_weight": 3.908830333573145, "log10_subsample": -0.5601926734884162, "max_depth": 7.0, "num_boost_round": 21.0}, "datetime": {"datetime": "2024-01-19 00:25:09", "elapsed": 761.733387, "delta": 0.001547}}
{"target": -13.773170353809906, "params": {"gamma": 553.5588618159271, "log10_alpha": -2.3052424097532382, "log10_colsample_bytree": -0.18482218101488113, "log10_eta": -1.1519087400848544, "log10_lambda": 0.6570257754514381, "log10_min_child_weight": 3.908830333573145, "log10_subsample": -0.5601926734884162, "max_depth": 7.0, "num_boost_round": 22.0}, "datetime": {"datetime": "2024-01-19 00:25:09", "elapsed": 761.734718, "delta": 0.001331}}
{"target": -13.77396977754344, "params": {"gamma": 553.5588618159271, "log10_alpha": -2.3052424097532382, "log10_colsample_bytree": -0.18482218101488113, "log10_eta": -1.1519087400848544, "log10_lambda": 0.6570257754514381, "log10_min_child_weight": 3.908830333573145, "log10_subsample": -0.5601926734884162, "max_depth": 7.0, "num_boost_round": 23.0}, "datetime": {"datetime": "2024-01-19 00:25:09", "elapsed": 761.736571, "delta": 0.001853}}
{"target": -13.774989716096403, "params": {"gamma": 553.5588618159271, "log10_alpha": -2.3052424097532382, "log10_colsample_bytree": -0.18482218101488113, "log10_eta": -1.1519087400848544, "log10_lambda": 0.6570257754514381, "log10_min_child_weight": 3.908830333573145, "log10_subsample": -0.5601926734884162, "max_depth": 7.0, "num_boost_round": 24.0}, "datetime": {"datetime": "2024-01-19 00:25:09", "elapsed": 761.737946, "delta": 0.001375}}
{"target": -13.775919403184123, "params": {"gamma": 553.5588618159271, "log10_alpha": -2.3052424097532382, "log10_colsample_bytree": -0.18482218101488113, "log10_eta": -1.1519087400848544, "log10_lambda": 0.6570257754514381, "log10_min_child_weight": 3.908830333573145, "log10_subsample": -0.5601926734884162, "max_depth": 7.0, "num_boost_round": 25.0}, "datetime": {"datetime": "2024-01-19 00:25:09", "elapsed": 761.73926, "delta": 0.001314}}
{"target": -13.7761352627833, "params": {"gamma": 553.5588618159271, "log10_alpha": -2.3052424097532382, "log10_colsample_bytree": -0.18482218101488113, "log10_eta": -1.1519087400848544, "log10_lambda": 0.6570257754514381, "log10_min_child_weight": 3.908830333573145, "log10_subsample": -0.5601926734884162, "max_depth": 7.0, "num_boost_round": 26.0}, "datetime": {"datetime": "2024-01-19 00:25:09", "elapsed": 761.74058, "delta": 0.00132}}
{"target": -13.776476382481228, "params": {"gamma": 553.5588618159271, "log10_alpha": -2.3052424097532382, "log10_colsample_bytree": -0.18482218101488113, "log10_eta": -1.1519087400848544, "log10_lambda": 0.6570257754514381, "log10_min_child_weight": 3.908830333573145, "log10_subsample": -0.5601926734884162, "max_depth": 7.0, "num_boost_round": 27.0}, "datetime": {"datetime": "2024-01-19 00:25:09", "elapsed": 761.741926, "delta": 0.001346}}
{"target": -13.777890657958963, "params": {"gamma": 553.5588618159271, "log10_alpha": -2.3052424097532382, "log10_colsample_bytree": -0.18482218101488113, "log10_eta": -1.1519087400848544, "log10_lambda": 0.6570257754514381, "log10_min_child_weight": 3.908830333573145, "log10_subsample": -0.5601926734884162, "max_depth": 7.0, "num_boost_round": 28.0}, "datetime": {"datetime": "2024-01-19 00:25:09", "elapsed": 761.743242, "delta": 0.001316}}
{"target": -13.779262546761307, "params": {"gamma": 553.5588618159271, "log10_alpha": -2.3052424097532382, "log10_colsample_bytree": -0.18482218101488113, "log10_eta": -1.1519087400848544, "log10_lambda": 0.6570257754514381, "log10_min_child_weight": 3.908830333573145, "log10_subsample": -0.5601926734884162, "max_depth": 7.0, "num_boost_round": 29.0}, "datetime": {"datetime": "2024-01-19 00:25:09", "elapsed": 761.74458, "delta": 0.001338}}
{"target": -13.780061066935023, "params": {"gamma": 553.5588618159271, "log10_alpha": -2.3052424097532382, "log10_colsample_bytree": -0.18482218101488113, "log10_eta": -1.1519087400848544, "log10_lambda": 0.6570257754514381, "log10_min_child_weight": 3.908830333573145, "log10_subsample": -0.5601926734884162, "max_depth": 7.0, "num_boost_round": 30.0}, "datetime": {"datetime": "2024-01-19 00:25:09", "elapsed": 761.745902, "delta": 0.001322}}
{"target": -13.7808613246916, "params": {"gamma": 553.5588618159271, "log10_alpha": -2.3052424097532382, "log10_colsample_bytree": -0.18482218101488113, "log10_eta": -1.1519087400848544, "log10_lambda": 0.6570257754514381, "log10_min_child_weight": 3.908830333573145, "log10_subsample": -0.5601926734884162, "max_depth": 7.0, "num_boost_round": 31.0}, "datetime": {"datetime": "2024-01-19 00:25:09", "elapsed": 761.747222, "delta": 0.00132}}
{"target": -13.781903524588214, "params": {"gamma": 553.5588618159271, "log10_alpha": -2.3052424097532382, "log10_colsample_bytree": -0.18482218101488113, "log10_eta": -1.1519087400848544, "log10_lambda": 0.6570257754514381, "log10_min_child_weight": 3.908830333573145, "log10_subsample": -0.5601926734884162, "max_depth": 7.0, "num_boost_round": 32.0}, "datetime": {"datetime": "2024-01-19 00:25:09", "elapsed": 761.748557, "delta": 0.001335}}
{"target": -13.783038801495248, "params": {"gamma": 553.5588618159271, "log10_alpha": -2.3052424097532382, "log10_colsample_bytree": -0.18482218101488113, "log10_eta": -1.1519087400848544, "log10_lambda": 0.6570257754514381, "log10_min_child_weight": 3.908830333573145, "log10_subsample": -0.5601926734884162, "max_depth": 7.0, "num_boost_round": 33.0}, "datetime": {"datetime": "2024-01-19 00:25:09", "elapsed": 761.749878, "delta": 0.001321}}
{"target": -13.783978066136234, "params": {"gamma": 553.5588618159271, "log10_alpha": -2.3052424097532382, "log10_colsample_bytree": -0.18482218101488113, "log10_eta": -1.1519087400848544, "log10_lambda": 0.6570257754514381, "log10_min_child_weight": 3.908830333573145, "log10_subsample": -0.5601926734884162, "max_depth": 7.0, "num_boost_round": 34.0}, "datetime": {"datetime": "2024-01-19 00:25:09", "elapsed": 761.751208, "delta": 0.00133}}
