{"target": -13.758429430767308, "params": {"gamma": 438.0931662646217, "log10_alpha": -4.519104887165063, "log10_colsample_bytree": -0.3179558652155552, "log10_eta": -3.985660584364058, "log10_lambda": -0.9989823783941603, "log10_min_child_weight": 1.8136395860558163, "log10_subsample": -0.905702123768316, "max_depth": 9.0, "num_boost_round": 36.0}, "datetime": {"datetime": "2024-01-19 00:14:35", "elapsed": 179.072338, "delta": 0.000571}}
{"target": -13.758428086968056, "params": {"gamma": 438.0931662646217, "log10_alpha": -4.519104887165063, "log10_colsample_bytree": -0.3179558652155552, "log10_eta": -3.985660584364058, "log10_lambda": -0.9989823783941603, "log10_min_child_weight": 1.8136395860558163, "log10_subsample": -0.905702123768316, "max_depth": 9.0, "num_boost_round": 37.0}, "datetime": {"datetime": "2024-01-19 00:14:35", "elapsed": 179.072901, "delta": 0.000563}}
{"target": -13.758424468331064, "params": {"gamma": 438.0931662646217, "log10_alpha": -4.519104887165063, "log10_colsample_bytree": -0.3179558652155552, "log10_eta": -3.985660584364058, "log10_lambda": -0.9989823783941603, "log10_min_child_weight": 1.8136395860558163, "log10_subsample": -0.905702123768316, "max_depth": 9.0, "num_boost_round": 38.0}, "datetime": {"datetime": "2024-01-19 00:14:35", "elapsed": 179.077003, "delta": 0.004102}}
{"target": -13.758419367400315, "params": {"gamma": 438.0931662646217, "log10_alpha": -4.519104887165063, "log10_colsample_bytree": -0.3179558652155552, "log10_eta": -3.985660584364058, "log10_lambda": -0.9989823783941603, "log10_min_child_weight": 1.8136395860558163, "log10_subsample": -0.905702123768316, "max_depth": 9.0, "num_boost_round": 39.0}, "datetime": {"datetime": "2024-01-19 00:14:35", "elapsed": 179.07759, "delta": 0.000587}}
{"target": -13.758415869785404, "params": {"gamma": 438.0931662646217, "log10_alpha": -4.519104887165063, "log10_colsample_bytree": -0.3179558652155552, "log10_eta": -3.985660584364058, "log10_lambda": -0.9989823783941603, "log10_min_child_weight": 1.8136395860558163, "log10_subsample": -0.905702123768316, "max_depth": 9.0, "num_boost_round": 40.0}, "datetime": {"datetime": "2024-01-19 00:14:35", "elapsed": 179.078158, "delta": 0.000568}}
{"target": -13.758410224017787, "params": {"gamma": 438.0931662646217, "log10_alpha": -4.519104887165063, "log10_colsample_bytree": -0.3179558652155552, "log10_eta": -3.985660584364058, "log10_lambda": -0.9989823783941603, "log10_min_child_weight": 1.8136395860558163, "log10_subsample": -0.905702123768316, "max_depth": 9.0, "num_boost_round": 41.0}, "datetime": {"datetime": "2024-01-19 00:14:35", "elapsed": 179.078734, "delta": 0.000576}}
{"target": -13.758537354926121, "params": {"gamma": 438.54655763482765, "log10_alpha": -1.4003438522607095, "log10_colsample_bytree": -0.1197951528929988, "log10_eta": -3.779533942011212, "log10_lambda": 0.32928126664540525, "log10_min_child_weight": 3.236718930981441, "log10_subsample": -0.3912008327689114, "max_depth": 5.0, "num_boost_round": 0.0}, "datetime": {"datetime": "2024-01-19 00:15:03", "elapsed": 207.202022, "delta": 28.123288}}
{"target": -13.758533130131216, "params": {"gamma": 438.54655763482765, "log10_alpha": -1.4003438522607095, "log10_colsample_bytree": -0.1197951528929988, "log10_eta": -3.779533942011212, "log10_lambda": 0.32928126664540525, "log10_min_child_weight": 3.236718930981441, "log10_subsample": -0.3912008327689114, "max_depth": 5.0, "num_boost_round": 1.0}, "datetime": {"datetime": "2024-01-19 00:15:03", "elapsed": 207.202761, "delta": 0.000739}}
{"target": -13.758528289973768, "params": {"gamma": 438.54655763482765, "log10_alpha": -1.4003438522607095, "log10_colsample_bytree": -0.1197951528929988, "log10_eta": -3.779533942011212, "log10_lambda": 0.32928126664540525, "log10_min_child_weight": 3.236718930981441, "log10_subsample": -0.3912008327689114, "max_depth": 5.0, "num_boost_round": 2.0}, "datetime": {"datetime": "2024-01-19 00:15:03", "elapsed": 207.203441, "delta": 0.00068}}
{"target": -13.75852836916248, "params": {"gamma": 438.54655763482765, "log10_alpha": -1.4003438522607095, "log10_colsample_bytree": -0.1197951528929988, "log10_eta": -3.779533942011212, "log10_lambda": 0.32928126664540525, "log10_min_child_weight": 3.236718930981441, "log10_subsample": -0.3912008327689114, "max_depth": 5.0, "num_boost_round": 3.0}, "datetime": {"datetime": "2024-01-19 00:15:03", "elapsed": 207.204029, "delta": 0.000588}}
{"target": -13.758527639972126, "params": {"gamma": 438.54655763482765, "log10_alpha": -1.4003438522607095, "log10_colsample_bytree": -0.1197951528929988, "log10_eta": -3.779533942011212, "log10_lambda": 0.32928126664540525, "log10_min_child_weight": 3.236718930981441, "log10_subsample": -0.3912008327689114, "max_depth": 5.0, "num_boost_round": 4.0}, "datetime": {"datetime": "2024-01-19 00:15:03", "elapsed": 207.204653, "delta": 0.000624}}
{"target": -13.758527525547134, "params": {"gamma": 438.54655763482765, "log10_alpha": -1.4003438522607095, "log10_colsample_bytree": -0.1197951528929988, "log10_eta": -3.779533942011212, "log10_lambda": 0.32928126664540525, "log10_min_child_weight": 3.236718930981441, "log10_subsample": -0.3912008327689114, "max_depth": 5.0, "num_boost_round": 5.0}, "datetime": {"datetime": "2024-01-19 00:15:03", "elapsed": 207.205248, "delta": 0.000595}}
{"target": -13.758526787556988, "params": {"gamma": 438.54655763482765, "log10_alpha": -1.4003438522607095, "log10_colsample_bytree": -0.1197951528929988, "log10_eta": -3.779533942011212, "log10_lambda": 0.32928126664540525, "log10_min_child_weight": 3.236718930981441, "log10_subsample": -0.3912008327689114, "max_depth": 5.0, "num_boost_round": 6.0}, "datetime": {"datetime": "2024-01-19 00:15:03", "elapsed": 207.205846, "delta": 0.000598}}
{"target": -13.758525185099455, "params": {"gamma": 438.54655763482765, "log10_alpha": -1.4003438522607095, "log10_colsample_bytree": -0.1197951528929988, "log10_eta": -3.779533942011212, "log10_lambda": 0.32928126664540525, "log10_min_child_weight": 3.236718930981441, "log10_subsample": -0.3912008327689114, "max_depth": 5.0, "num_boost_round": 7.0}, "datetime": {"datetime": "2024-01-19 00:15:03", "elapsed": 207.206448, "delta": 0.000602}}
{"target": -13.75852396255541, "params": {"gamma": 438.54655763482765, "log10_alpha": -1.4003438522607095, "log10_colsample_bytree": -0.1197951528929988, "log10_eta": -3.779533942011212, "log10_lambda": 0.32928126664540525, "log10_min_child_weight": 3.236718930981441, "log10_subsample": -0.3912008327689114, "max_depth": 5.0, "num_boost_round": 8.0}, "datetime": {"datetime": "2024-01-19 00:15:03", "elapsed": 207.207037, "delta": 0.000589}}
{"target": -13.75852525098876, "params": {"gamma": 438.54655763482765, "log10_alpha": -1.4003438522607095, "log10_colsample_bytree": -0.1197951528929988, "log10_eta": -3.779533942011212, "log10_lambda": 0.32928126664540525, "log10_min_child_weight": 3.236718930981441, "log10_subsample": -0.3912008327689114, "max_depth": 5.0, "num_boost_round": 9.0}, "datetime": {"datetime": "2024-01-19 00:15:03", "elapsed": 207.207628, "delta": 0.000591}}
{"target": -13.758524419704358, "params": {"gamma": 438.54655763482765, "log10_alpha": -1.4003438522607095, "log10_colsample_bytree": -0.1197951528929988, "log10_eta": -3.779533942011212, "log10_lambda": 0.32928126664540525, "log10_min_child_weight": 3.236718930981441, "log10_subsample": -0.3912008327689114, "max_depth": 5.0, "num_boost_round": 10.0}, "datetime": {"datetime": "2024-01-19 00:15:03", "elapsed": 207.208213, "delta": 0.000585}}
{"target": -13.75852359169819, "params": {"gamma": 438.54655763482765, "log10_alpha": -1.4003438522607095, "log10_colsample_bytree": -0.1197951528929988, "log10_eta": -3.779533942011212, "log10_lambda": 0.32928126664540525, "log10_min_child_weight": 3.236718930981441, "log10_subsample": -0.3912008327689114, "max_depth": 5.0, "num_boost_round": 11.0}, "datetime": {"datetime": "2024-01-19 00:15:03", "elapsed": 207.208988, "delta": 0.000775}}
{"target": -13.758518724112506, "params": {"gamma": 438.54655763482765, "log10_alpha": -1.4003438522607095, "log10_colsample_bytree": -0.1197951528929988, "log10_eta": -3.779533942011212, "log10_lambda": 0.32928126664540525, "log10_min_child_weight": 3.236718930981441, "log10_subsample": -0.3912008327689114, "max_depth": 5.0, "num_boost_round": 12.0}, "datetime": {"datetime": "2024-01-19 00:15:03", "elapsed": 207.209576, "delta": 0.000588}}
{"target": -13.758515011336925, "params": {"gamma": 438.54655763482765, "log10_alpha": -1.4003438522607095, "log10_colsample_bytree": -0.1197951528929988, "log10_eta": -3.779533942011212, "log10_lambda": 0.32928126664540525, "log10_min_child_weight": 3.236718930981441, "log10_subsample": -0.3912008327689114, "max_depth": 5.0, "num_boost_round": 13.0}, "datetime": {"datetime": "2024-01-19 00:15:03", "elapsed": 207.210418, "delta": 0.000842}}
{"target": -13.758514082560522, "params": {"gamma": 438.54655763482765, "log10_alpha": -1.4003438522607095, "log10_colsample_bytree": -0.1197951528929988, "log10_eta": -3.779533942011212, "log10_lambda": 0.32928126664540525, "log10_min_child_weight": 3.236718930981441, "log10_subsample": -0.3912008327689114, "max_depth": 5.0, "num_boost_round": 14.0}, "datetime": {"datetime": "2024-01-19 00:15:03", "elapsed": 207.211122, "delta": 0.000704}}
{"target": -13.758512703624369, "params": {"gamma": 438.54655763482765, "log10_alpha": -1.4003438522607095, "log10_colsample_bytree": -0.1197951528929988, "log10_eta": -3.779533942011212, "log10_lambda": 0.32928126664540525, "log10_min_child_weight": 3.236718930981441, "log10_subsample": -0.3912008327689114, "max_depth": 5.0, "num_boost_round": 15.0}, "datetime": {"datetime": "2024-01-19 00:15:03", "elapsed": 207.211669, "delta": 0.000547}}
{"target": -13.758513090946781, "params": {"gamma": 438.54655763482765, "log10_alpha": -1.4003438522607095, "log10_colsample_bytree": -0.1197951528929988, "log10_eta": -3.779533942011212, "log10_lambda": 0.32928126664540525, "log10_min_child_weight": 3.236718930981441, "log10_subsample": -0.3912008327689114, "max_depth": 5.0, "num_boost_round": 16.0}, "datetime": {"datetime": "2024-01-19 00:15:03", "elapsed": 207.212264, "delta": 0.000595}}
{"target": -13.758511987344173, "params": {"gamma": 438.54655763482765, "log10_alpha": -1.4003438522607095, "log10_colsample_bytree": -0.1197951528929988, "log10_eta": -3.779533942011212, "log10_lambda": 0.32928126664540525, "log10_min_child_weight": 3.236718930981441, "log10_subsample": -0.3912008327689114, "max_depth": 5.0, "num_boost_round": 17.0}, "datetime": {"datetime": "2024-01-19 00:15:03", "elapsed": 207.212853, "delta": 0.000589}}
{"target": -13.758512960863511, "params": {"gamma": 438.54655763482765, "log10_alpha": -1.4003438522607095, "log10_colsample_bytree": -0.1197951528929988, "log10_eta": -3.779533942011212, "log10_lambda": 0.32928126664540525, "log10_min_child_weight": 3.236718930981441, "log10_subsample": -0.3912008327689114, "max_depth": 5.0, "num_boost_round": 18.0}, "datetime": {"datetime": "2024-01-19 00:15:03", "elapsed": 207.213455, "delta": 0.000602}}
{"target": -13.758511942291763, "params": {"gamma": 438.54655763482765, "log10_alpha": -1.4003438522607095, "log10_colsample_bytree": -0.1197951528929988, "log10_eta": -3.779533942011212, "log10_lambda": 0.32928126664540525, "log10_min_child_weight": 3.236718930981441, "log10_subsample": -0.3912008327689114, "max_depth": 5.0, "num_boost_round": 19.0}, "datetime": {"datetime": "2024-01-19 00:15:03", "elapsed": 207.214093, "delta": 0.000638}}
{"target": -13.758509731089935, "params": {"gamma": 438.54655763482765, "log10_alpha": -1.4003438522607095, "log10_colsample_bytree": -0.1197951528929988, "log10_eta": -3.779533942011212, "log10_lambda": 0.32928126664540525, "log10_min_child_weight": 3.236718930981441, "log10_subsample": -0.3912008327689114, "max_depth": 5.0, "num_boost_round": 20.0}, "datetime": {"datetime": "2024-01-19 00:15:03", "elapsed": 207.214748, "delta": 0.000655}}
{"target": -13.758507925287375, "params": {"gamma": 438.54655763482765, "log10_alpha": -1.4003438522607095, "log10_colsample_bytree": -0.1197951528929988, "log10_eta": -3.779533942011212, "log10_lambda": 0.32928126664540525, "log10_min_child_weight": 3.236718930981441, "log10_subsample": -0.3912008327689114, "max_depth": 5.0, "num_boost_round": 21.0}, "datetime": {"datetime": "2024-01-19 00:15:03", "elapsed": 207.21535, "delta": 0.000602}}
{"target": -13.758505839056568, "params": {"gamma": 438.54655763482765, "log10_alpha": -1.4003438522607095, "log10_colsample_bytree": -0.1197951528929988, "log10_eta": -3.779533942011212, "log10_lambda": 0.32928126664540525, "log10_min_child_weight": 3.236718930981441, "log10_subsample": -0.3912008327689114, "max_depth": 5.0, "num_boost_round": 22.0}, "datetime": {"datetime": "2024-01-19 00:15:03", "elapsed": 207.21599, "delta": 0.00064}}
{"target": -13.758502938494477, "params": {"gamma": 438.54655763482765, "log10_alpha": -1.4003438522607095, "log10_colsample_bytree": -0.1197951528929988, "log10_eta": -3.779533942011212, "log10_lambda": 0.32928126664540525, "log10_min_child_weight": 3.236718930981441, "log10_subsample": -0.3912008327689114, "max_depth": 5.0, "num_boost_round": 23.0}, "datetime": {"datetime": "2024-01-19 00:15:03", "elapsed": 207.216626, "delta": 0.000636}}
{"target": -13.75850246777686, "params": {"gamma": 438.54655763482765, "log10_alpha": -1.4003438522607095, "log10_colsample_bytree": -0.1197951528929988, "log10_eta": -3.779533942011212, "log10_lambda": 0.32928126664540525, "log10_min_child_weight": 3.236718930981441, "log10_subsample": -0.3912008327689114, "max_depth": 5.0, "num_boost_round": 24.0}, "datetime": {"datetime": "2024-01-19 00:15:03", "elapsed": 207.217296, "delta": 0.00067}}
{"target": -13.75850323071101, "params": {"gamma": 438.54655763482765, "log10_alpha": -1.4003438522607095, "log10_colsample_bytree": -0.1197951528929988, "log10_eta": -3.779533942011212, "log10_lambda": 0.32928126664540525, "log10_min_child_weight": 3.236718930981441, "log10_subsample": -0.3912008327689114, "max_depth": 5.0, "num_boost_round": 25.0}, "datetime": {"datetime": "2024-01-19 00:15:03", "elapsed": 207.217893, "delta": 0.000597}}
{"target": -13.75850143302391, "params": {"gamma": 438.54655763482765, "log10_alpha": -1.4003438522607095, "log10_colsample_bytree": -0.1197951528929988, "log10_eta": -3.779533942011212, "log10_lambda": 0.32928126664540525, "log10_min_child_weight": 3.236718930981441, "log10_subsample": -0.3912008327689114, "max_depth": 5.0, "num_boost_round": 26.0}, "datetime": {"datetime": "2024-01-19 00:15:03", "elapsed": 207.218544, "delta": 0.000651}}
{"target": -13.758500292603554, "params": {"gamma": 438.54655763482765, "log10_alpha": -1.4003438522607095, "log10_colsample_bytree": -0.1197951528929988, "log10_eta": -3.779533942011212, "log10_lambda": 0.32928126664540525, "log10_min_child_weight": 3.236718930981441, "log10_subsample": -0.3912008327689114, "max_depth": 5.0, "num_boost_round": 27.0}, "datetime": {"datetime": "2024-01-19 00:15:03", "elapsed": 207.219483, "delta": 0.000939}}
{"target": -13.758498439518918, "params": {"gamma": 438.54655763482765, "log10_alpha": -1.4003438522607095, "log10_colsample_bytree": -0.1197951528929988, "log10_eta": -3.779533942011212, "log10_lambda": 0.32928126664540525, "log10_min_child_weight": 3.236718930981441, "log10_subsample": -0.3912008327689114, "max_depth": 5.0, "num_boost_round": 28.0}, "datetime": {"datetime": "2024-01-19 00:15:03", "elapsed": 207.220158, "delta": 0.000675}}
{"target": -13.758498674542349, "params": {"gamma": 438.54655763482765, "log10_alpha": -1.4003438522607095, "log10_colsample_bytree": -0.1197951528929988, "log10_eta": -3.779533942011212, "log10_lambda": 0.32928126664540525, "log10_min_child_weight": 3.236718930981441, "log10_subsample": -0.3912008327689114, "max_depth": 5.0, "num_boost_round": 29.0}, "datetime": {"datetime": "2024-01-19 00:15:03", "elapsed": 207.220871, "delta": 0.000713}}
{"target": -13.758498151236777, "params": {"gamma": 438.54655763482765, "log10_alpha": -1.4003438522607095, "log10_colsample_bytree": -0.1197951528929988, "log10_eta": -3.779533942011212, "log10_lambda": 0.32928126664540525, "log10_min_child_weight": 3.236718930981441, "log10_subsample": -0.3912008327689114, "max_depth": 5.0, "num_boost_round": 30.0}, "datetime": {"datetime": "2024-01-19 00:15:03", "elapsed": 207.221466, "delta": 0.000595}}
{"target": -13.758496524465205, "params": {"gamma": 438.54655763482765, "log10_alpha": -1.4003438522607095, "log10_colsample_bytree": -0.1197951528929988, "log10_eta": -3.779533942011212, "log10_lambda": 0.32928126664540525, "log10_min_child_weight": 3.236718930981441, "log10_subsample": -0.3912008327689114, "max_depth": 5.0, "num_boost_round": 31.0}, "datetime": {"datetime": "2024-01-19 00:15:03", "elapsed": 207.222115, "delta": 0.000649}}
{"target": -13.758496302286147, "params": {"gamma": 438.54655763482765, "log10_alpha": -1.4003438522607095, "log10_colsample_bytree": -0.1197951528929988, "log10_eta": -3.779533942011212, "log10_lambda": 0.32928126664540525, "log10_min_child_weight": 3.236718930981441, "log10_subsample": -0.3912008327689114, "max_depth": 5.0, "num_boost_round": 32.0}, "datetime": {"datetime": "2024-01-19 00:15:03", "elapsed": 207.222726, "delta": 0.000611}}
{"target": -13.758495632556059, "params": {"gamma": 438.54655763482765, "log10_alpha": -1.4003438522607095, "log10_colsample_bytree": -0.1197951528929988, "log10_eta": -3.779533942011212, "log10_lambda": 0.32928126664540525, "log10_min_child_weight": 3.236718930981441, "log10_subsample": -0.3912008327689114, "max_depth": 5.0, "num_boost_round": 33.0}, "datetime": {"datetime": "2024-01-19 00:15:03", "elapsed": 207.223394, "delta": 0.000668}}
{"target": -13.758491212609115, "params": {"gamma": 438.54655763482765, "log10_alpha": -1.4003438522607095, "log10_colsample_bytree": -0.1197951528929988, "log10_eta": -3.779533942011212, "log10_lambda": 0.32928126664540525, "log10_min_child_weight": 3.236718930981441, "log10_subsample": -0.3912008327689114, "max_depth": 5.0, "num_boost_round": 34.0}, "datetime": {"datetime": "2024-01-19 00:15:03", "elapsed": 207.223986, "delta": 0.000592}}
{"target": -13.758489309817852, "params": {"gamma": 438.54655763482765, "log10_alpha": -1.4003438522607095, "log10_colsample_bytree": -0.1197951528929988, "log10_eta": -3.779533942011212, "log10_lambda": 0.32928126664540525, "log10_min_child_weight": 3.236718930981441, "log10_subsample": -0.3912008327689114, "max_depth": 5.0, "num_boost_round": 35.0}, "datetime": {"datetime": "2024-01-19 00:15:03", "elapsed": 207.22463, "delta": 0.000644}}
{"target": -13.75849164790931, "params": {"gamma": 438.54655763482765, "log10_alpha": -1.4003438522607095, "log10_colsample_bytree": -0.1197951528929988, "log10_eta": -3.779533942011212, "log10_lambda": 0.32928126664540525, "log10_min_child_weight": 3.236718930981441, "log10_subsample": -0.3912008327689114, "max_depth": 5.0, "num_boost_round": 36.0}, "datetime": {"datetime": "2024-01-19 00:15:03", "elapsed": 207.225296, "delta": 0.000666}}
{"target": -13.758491855715265, "params": {"gamma": 438.54655763482765, "log10_alpha": -1.4003438522607095, "log10_colsample_bytree": -0.1197951528929988, "log10_eta": -3.779533942011212, "log10_lambda": 0.32928126664540525, "log10_min_child_weight": 3.236718930981441, "log10_subsample": -0.3912008327689114, "max_depth": 5.0, "num_boost_round": 37.0}, "datetime": {"datetime": "2024-01-19 00:15:03", "elapsed": 207.226002, "delta": 0.000706}}
{"target": -13.758491558464636, "params": {"gamma": 438.54655763482765, "log10_alpha": -1.4003438522607095, "log10_colsample_bytree": -0.1197951528929988, "log10_eta": -3.779533942011212, "log10_lambda": 0.32928126664540525, "log10_min_child_weight": 3.236718930981441, "log10_subsample": -0.3912008327689114, "max_depth": 5.0, "num_boost_round": 38.0}, "datetime": {"datetime": "2024-01-19 00:15:03", "elapsed": 207.226595, "delta": 0.000593}}
{"target": -13.758491315881432, "params": {"gamma": 438.54655763482765, "log10_alpha": -1.4003438522607095, "log10_colsample_bytree": -0.1197951528929988, "log10_eta": -3.779533942011212, "log10_lambda": 0.32928126664540525, "log10_min_child_weight": 3.236718930981441, "log10_subsample": -0.3912008327689114, "max_depth": 5.0, "num_boost_round": 39.0}, "datetime": {"datetime": "2024-01-19 00:15:03", "elapsed": 207.227266, "delta": 0.000671}}
{"target": -13.756995145696985, "params": {"gamma": 428.0489377086365, "log10_alpha": -2.859009364535174, "log10_colsample_bytree": -0.02103654283799461, "log10_eta": -1.3439503429482222, "log10_lambda": 0.01773909422248021, "log10_min_child_weight": 2.8385522646910752, "log10_subsample": -0.6680092084245596, "max_depth": 8.0, "num_boost_round": 0.0}, "datetime": {"datetime": "2024-01-19 00:15:38", "elapsed": 242.180197, "delta": 34.952931}}
{"target": -13.756448285278449, "params": {"gamma": 428.0489377086365, "log10_alpha": -2.859009364535174, "log10_colsample_bytree": -0.02103654283799461, "log10_eta": -1.3439503429482222, "log10_lambda": 0.01773909422248021, "log10_min_child_weight": 2.8385522646910752, "log10_subsample": -0.6680092084245596, "max_depth": 8.0, "num_boost_round": 1.0}, "datetime": {"datetime": "2024-01-19 00:15:38", "elapsed": 242.181021, "delta": 0.000824}}
{"target": -13.759114138550135, "params": {"gamma": 428.0489377086365, "log10_alpha": -2.859009364535174, "log10_colsample_bytree": -0.02103654283799461, "log10_eta": -1.3439503429482222, "log10_lambda": 0.01773909422248021, "log10_min_child_weight": 2.8385522646910752, "log10_subsample": -0.6680092084245596, "max_depth": 8.0, "num_boost_round": 2.0}, "datetime": {"datetime": "2024-01-19 00:15:38", "elapsed": 242.182142, "delta": 0.001121}}
