{"target": -17.677118782149186, "params": {"gamma": 857.5558501227423, "log10_alpha": 0.39406236382568594, "log10_colsample_bytree": -0.30548574558712616, "log10_eta": -2.8414134198771737, "log10_lambda": -3.9430524978903967, "log10_min_child_weight": 0.12134201305856407, "log10_subsample": -0.9547697984232847, "max_depth": 4.0, "num_boost_round": 0.0}, "datetime": {"datetime": "2024-01-19 01:57:29", "elapsed": 6330.542765, "delta": 117.809973}}
{"target": -17.677010773449947, "params": {"gamma": 857.5558501227423, "log10_alpha": 0.39406236382568594, "log10_colsample_bytree": -0.30548574558712616, "log10_eta": -2.8414134198771737, "log10_lambda": -3.9430524978903967, "log10_min_child_weight": 0.12134201305856407, "log10_subsample": -0.9547697984232847, "max_depth": 4.0, "num_boost_round": 1.0}, "datetime": {"datetime": "2024-01-19 01:57:29", "elapsed": 6330.548848, "delta": 0.006083}}
{"target": -17.676959455529808, "params": {"gamma": 857.5558501227423, "log10_alpha": 0.39406236382568594, "log10_colsample_bytree": -0.30548574558712616, "log10_eta": -2.8414134198771737, "log10_lambda": -3.9430524978903967, "log10_min_child_weight": 0.12134201305856407, "log10_subsample": -0.9547697984232847, "max_depth": 4.0, "num_boost_round": 2.0}, "datetime": {"datetime": "2024-01-19 01:57:29", "elapsed": 6330.554799, "delta": 0.005951}}
{"target": -17.676971078823836, "params": {"gamma": 857.5558501227423, "log10_alpha": 0.39406236382568594, "log10_colsample_bytree": -0.30548574558712616, "log10_eta": -2.8414134198771737, "log10_lambda": -3.9430524978903967, "log10_min_child_weight": 0.12134201305856407, "log10_subsample": -0.9547697984232847, "max_depth": 4.0, "num_boost_round": 3.0}, "datetime": {"datetime": "2024-01-19 01:57:29", "elapsed": 6330.560522, "delta": 0.005723}}
{"target": -17.67687544127569, "params": {"gamma": 857.5558501227423, "log10_alpha": 0.39406236382568594, "log10_colsample_bytree": -0.30548574558712616, "log10_eta": -2.8414134198771737, "log10_lambda": -3.9430524978903967, "log10_min_child_weight": 0.12134201305856407, "log10_subsample": -0.9547697984232847, "max_depth": 4.0, "num_boost_round": 4.0}, "datetime": {"datetime": "2024-01-19 01:57:29", "elapsed": 6330.566366, "delta": 0.005844}}
{"target": -17.676848272080864, "params": {"gamma": 857.5558501227423, "log10_alpha": 0.39406236382568594, "log10_colsample_bytree": -0.30548574558712616, "log10_eta": -2.8414134198771737, "log10_lambda": -3.9430524978903967, "log10_min_child_weight": 0.12134201305856407, "log10_subsample": -0.9547697984232847, "max_depth": 4.0, "num_boost_round": 5.0}, "datetime": {"datetime": "2024-01-19 01:57:29", "elapsed": 6330.572337, "delta": 0.005971}}
{"target": -17.676809846987023, "params": {"gamma": 857.5558501227423, "log10_alpha": 0.39406236382568594, "log10_colsample_bytree": -0.30548574558712616, "log10_eta": -2.8414134198771737, "log10_lambda": -3.9430524978903967, "log10_min_child_weight": 0.12134201305856407, "log10_subsample": -0.9547697984232847, "max_depth": 4.0, "num_boost_round": 6.0}, "datetime": {"datetime": "2024-01-19 01:57:29", "elapsed": 6330.57806, "delta": 0.005723}}
{"target": -17.676743840834924, "params": {"gamma": 857.5558501227423, "log10_alpha": 0.39406236382568594, "log10_colsample_bytree": -0.30548574558712616, "log10_eta": -2.8414134198771737, "log10_lambda": -3.9430524978903967, "log10_min_child_weight": 0.12134201305856407, "log10_subsample": -0.9547697984232847, "max_depth": 4.0, "num_boost_round": 7.0}, "datetime": {"datetime": "2024-01-19 01:57:29", "elapsed": 6330.583821, "delta": 0.005761}}
{"target": -17.67668489411462, "params": {"gamma": 857.5558501227423, "log10_alpha": 0.39406236382568594, "log10_colsample_bytree": -0.30548574558712616, "log10_eta": -2.8414134198771737, "log10_lambda": -3.9430524978903967, "log10_min_child_weight": 0.12134201305856407, "log10_subsample": -0.9547697984232847, "max_depth": 4.0, "num_boost_round": 8.0}, "datetime": {"datetime": "2024-01-19 01:57:29", "elapsed": 6330.589621, "delta": 0.0058}}
{"target": -17.676637522215074, "params": {"gamma": 857.5558501227423, "log10_alpha": 0.39406236382568594, "log10_colsample_bytree": -0.30548574558712616, "log10_eta": -2.8414134198771737, "log10_lambda": -3.9430524978903967, "log10_min_child_weight": 0.12134201305856407, "log10_subsample": -0.9547697984232847, "max_depth": 4.0, "num_boost_round": 9.0}, "datetime": {"datetime": "2024-01-19 01:57:29", "elapsed": 6330.595372, "delta": 0.005751}}
{"target": -17.6765648669542, "params": {"gamma": 857.5558501227423, "log10_alpha": 0.39406236382568594, "log10_colsample_bytree": -0.30548574558712616, "log10_eta": -2.8414134198771737, "log10_lambda": -3.9430524978903967, "log10_min_child_weight": 0.12134201305856407, "log10_subsample": -0.9547697984232847, "max_depth": 4.0, "num_boost_round": 10.0}, "datetime": {"datetime": "2024-01-19 01:57:29", "elapsed": 6330.601169, "delta": 0.005797}}
{"target": -17.67654297593974, "params": {"gamma": 857.5558501227423, "log10_alpha": 0.39406236382568594, "log10_colsample_bytree": -0.30548574558712616, "log10_eta": -2.8414134198771737, "log10_lambda": -3.9430524978903967, "log10_min_child_weight": 0.12134201305856407, "log10_subsample": -0.9547697984232847, "max_depth": 4.0, "num_boost_round": 11.0}, "datetime": {"datetime": "2024-01-19 01:57:29", "elapsed": 6330.606746, "delta": 0.005577}}
{"target": -17.676556008972607, "params": {"gamma": 857.5558501227423, "log10_alpha": 0.39406236382568594, "log10_colsample_bytree": -0.30548574558712616, "log10_eta": -2.8414134198771737, "log10_lambda": -3.9430524978903967, "log10_min_child_weight": 0.12134201305856407, "log10_subsample": -0.9547697984232847, "max_depth": 4.0, "num_boost_round": 12.0}, "datetime": {"datetime": "2024-01-19 01:57:29", "elapsed": 6330.612372, "delta": 0.005626}}
{"target": -17.67654109545429, "params": {"gamma": 857.5558501227423, "log10_alpha": 0.39406236382568594, "log10_colsample_bytree": -0.30548574558712616, "log10_eta": -2.8414134198771737, "log10_lambda": -3.9430524978903967, "log10_min_child_weight": 0.12134201305856407, "log10_subsample": -0.9547697984232847, "max_depth": 4.0, "num_boost_round": 13.0}, "datetime": {"datetime": "2024-01-19 01:57:29", "elapsed": 6330.618157, "delta": 0.005785}}
{"target": -17.676542315554197, "params": {"gamma": 857.5558501227423, "log10_alpha": 0.39406236382568594, "log10_colsample_bytree": -0.30548574558712616, "log10_eta": -2.8414134198771737, "log10_lambda": -3.9430524978903967, "log10_min_child_weight": 0.12134201305856407, "log10_subsample": -0.9547697984232847, "max_depth": 4.0, "num_boost_round": 14.0}, "datetime": {"datetime": "2024-01-19 01:57:29", "elapsed": 6330.624173, "delta": 0.006016}}
{"target": -17.676531953075177, "params": {"gamma": 857.5558501227423, "log10_alpha": 0.39406236382568594, "log10_colsample_bytree": -0.30548574558712616, "log10_eta": -2.8414134198771737, "log10_lambda": -3.9430524978903967, "log10_min_child_weight": 0.12134201305856407, "log10_subsample": -0.9547697984232847, "max_depth": 4.0, "num_boost_round": 15.0}, "datetime": {"datetime": "2024-01-19 01:57:29", "elapsed": 6330.629691, "delta": 0.005518}}
{"target": -17.676468387372992, "params": {"gamma": 857.5558501227423, "log10_alpha": 0.39406236382568594, "log10_colsample_bytree": -0.30548574558712616, "log10_eta": -2.8414134198771737, "log10_lambda": -3.9430524978903967, "log10_min_child_weight": 0.12134201305856407, "log10_subsample": -0.9547697984232847, "max_depth": 4.0, "num_boost_round": 16.0}, "datetime": {"datetime": "2024-01-19 01:57:29", "elapsed": 6330.635402, "delta": 0.005711}}
{"target": -17.676488396621618, "params": {"gamma": 857.5558501227423, "log10_alpha": 0.39406236382568594, "log10_colsample_bytree": -0.30548574558712616, "log10_eta": -2.8414134198771737, "log10_lambda": -3.9430524978903967, "log10_min_child_weight": 0.12134201305856407, "log10_subsample": -0.9547697984232847, "max_depth": 4.0, "num_boost_round": 17.0}, "datetime": {"datetime": "2024-01-19 01:57:29", "elapsed": 6330.641141, "delta": 0.005739}}
{"target": -17.676452133600716, "params": {"gamma": 857.5558501227423, "log10_alpha": 0.39406236382568594, "log10_colsample_bytree": -0.30548574558712616, "log10_eta": -2.8414134198771737, "log10_lambda": -3.9430524978903967, "log10_min_child_weight": 0.12134201305856407, "log10_subsample": -0.9547697984232847, "max_depth": 4.0, "num_boost_round": 18.0}, "datetime": {"datetime": "2024-01-19 01:57:29", "elapsed": 6330.646914, "delta": 0.005773}}
{"target": -17.676412406435958, "params": {"gamma": 857.5558501227423, "log10_alpha": 0.39406236382568594, "log10_colsample_bytree": -0.30548574558712616, "log10_eta": -2.8414134198771737, "log10_lambda": -3.9430524978903967, "log10_min_child_weight": 0.12134201305856407, "log10_subsample": -0.9547697984232847, "max_depth": 4.0, "num_boost_round": 19.0}, "datetime": {"datetime": "2024-01-19 01:57:30", "elapsed": 6330.652754, "delta": 0.00584}}
{"target": -17.67635145358372, "params": {"gamma": 857.5558501227423, "log10_alpha": 0.39406236382568594, "log10_colsample_bytree": -0.30548574558712616, "log10_eta": -2.8414134198771737, "log10_lambda": -3.9430524978903967, "log10_min_child_weight": 0.12134201305856407, "log10_subsample": -0.9547697984232847, "max_depth": 4.0, "num_boost_round": 20.0}, "datetime": {"datetime": "2024-01-19 01:57:30", "elapsed": 6330.658612, "delta": 0.005858}}
{"target": -17.67626387450126, "params": {"gamma": 857.5558501227423, "log10_alpha": 0.39406236382568594, "log10_colsample_bytree": -0.30548574558712616, "log10_eta": -2.8414134198771737, "log10_lambda": -3.9430524978903967, "log10_min_child_weight": 0.12134201305856407, "log10_subsample": -0.9547697984232847, "max_depth": 4.0, "num_boost_round": 21.0}, "datetime": {"datetime": "2024-01-19 01:57:30", "elapsed": 6330.66409, "delta": 0.005478}}
{"target": -17.676192878852664, "params": {"gamma": 857.5558501227423, "log10_alpha": 0.39406236382568594, "log10_colsample_bytree": -0.30548574558712616, "log10_eta": -2.8414134198771737, "log10_lambda": -3.9430524978903967, "log10_min_child_weight": 0.12134201305856407, "log10_subsample": -0.9547697984232847, "max_depth": 4.0, "num_boost_round": 22.0}, "datetime": {"datetime": "2024-01-19 01:57:30", "elapsed": 6330.669757, "delta": 0.005667}}
{"target": -17.67612780545392, "params": {"gamma": 857.5558501227423, "log10_alpha": 0.39406236382568594, "log10_colsample_bytree": -0.30548574558712616, "log10_eta": -2.8414134198771737, "log10_lambda": -3.9430524978903967, "log10_min_child_weight": 0.12134201305856407, "log10_subsample": -0.9547697984232847, "max_depth": 4.0, "num_boost_round": 23.0}, "datetime": {"datetime": "2024-01-19 01:57:30", "elapsed": 6330.675678, "delta": 0.005921}}
{"target": -17.676108566389328, "params": {"gamma": 857.5558501227423, "log10_alpha": 0.39406236382568594, "log10_colsample_bytree": -0.30548574558712616, "log10_eta": -2.8414134198771737, "log10_lambda": -3.9430524978903967, "log10_min_child_weight": 0.12134201305856407, "log10_subsample": -0.9547697984232847, "max_depth": 4.0, "num_boost_round": 24.0}, "datetime": {"datetime": "2024-01-19 01:57:30", "elapsed": 6330.681355, "delta": 0.005677}}
{"target": -17.676074206355846, "params": {"gamma": 857.5558501227423, "log10_alpha": 0.39406236382568594, "log10_colsample_bytree": -0.30548574558712616, "log10_eta": -2.8414134198771737, "log10_lambda": -3.9430524978903967, "log10_min_child_weight": 0.12134201305856407, "log10_subsample": -0.9547697984232847, "max_depth": 4.0, "num_boost_round": 25.0}, "datetime": {"datetime": "2024-01-19 01:57:30", "elapsed": 6330.687069, "delta": 0.005714}}
{"target": -17.67604448118065, "params": {"gamma": 857.5558501227423, "log10_alpha": 0.39406236382568594, "log10_colsample_bytree": -0.30548574558712616, "log10_eta": -2.8414134198771737, "log10_lambda": -3.9430524978903967, "log10_min_child_weight": 0.12134201305856407, "log10_subsample": -0.9547697984232847, "max_depth": 4.0, "num_boost_round": 26.0}, "datetime": {"datetime": "2024-01-19 01:57:30", "elapsed": 6330.692982, "delta": 0.005913}}
{"target": -17.676032230401965, "params": {"gamma": 857.5558501227423, "log10_alpha": 0.39406236382568594, "log10_colsample_bytree": -0.30548574558712616, "log10_eta": -2.8414134198771737, "log10_lambda": -3.9430524978903967, "log10_min_child_weight": 0.12134201305856407, "log10_subsample": -0.9547697984232847, "max_depth": 4.0, "num_boost_round": 27.0}, "datetime": {"datetime": "2024-01-19 01:57:30", "elapsed": 6330.698596, "delta": 0.005614}}
{"target": -17.67595016375336, "params": {"gamma": 857.5558501227423, "log10_alpha": 0.39406236382568594, "log10_colsample_bytree": -0.30548574558712616, "log10_eta": -2.8414134198771737, "log10_lambda": -3.9430524978903967, "log10_min_child_weight": 0.12134201305856407, "log10_subsample": -0.9547697984232847, "max_depth": 4.0, "num_boost_round": 28.0}, "datetime": {"datetime": "2024-01-19 01:57:30", "elapsed": 6330.704204, "delta": 0.005608}}
{"target": -17.67585212530676, "params": {"gamma": 857.5558501227423, "log10_alpha": 0.39406236382568594, "log10_colsample_bytree": -0.30548574558712616, "log10_eta": -2.8414134198771737, "log10_lambda": -3.9430524978903967, "log10_min_child_weight": 0.12134201305856407, "log10_subsample": -0.9547697984232847, "max_depth": 4.0, "num_boost_round": 29.0}, "datetime": {"datetime": "2024-01-19 01:57:30", "elapsed": 6330.709805, "delta": 0.005601}}
{"target": -17.677229492075867, "params": {"gamma": 835.1881361735193, "log10_alpha": -1.3158917485163908, "log10_colsample_bytree": -0.8385085924278388, "log10_eta": -3.435786557218989, "log10_lambda": 0.03176422452233485, "log10_min_child_weight": 3.13406753648388, "log10_subsample": -0.680996881747678, "max_depth": 4.0, "num_boost_round": 0.0}, "datetime": {"datetime": "2024-01-19 01:59:29", "elapsed": 6450.273416, "delta": 119.563611}}
{"target": -17.677229399479543, "params": {"gamma": 835.1881361735193, "log10_alpha": -1.3158917485163908, "log10_colsample_bytree": -0.8385085924278388, "log10_eta": -3.435786557218989, "log10_lambda": 0.03176422452233485, "log10_min_child_weight": 3.13406753648388, "log10_subsample": -0.680996881747678, "max_depth": 4.0, "num_boost_round": 1.0}, "datetime": {"datetime": "2024-01-19 01:59:29", "elapsed": 6450.280087, "delta": 0.006671}}
{"target": -17.67722013934148, "params": {"gamma": 835.1881361735193, "log10_alpha": -1.3158917485163908, "log10_colsample_bytree": -0.8385085924278388, "log10_eta": -3.435786557218989, "log10_lambda": 0.03176422452233485, "log10_min_child_weight": 3.13406753648388, "log10_subsample": -0.680996881747678, "max_depth": 4.0, "num_boost_round": 2.0}, "datetime": {"datetime": "2024-01-19 01:59:29", "elapsed": 6450.286519, "delta": 0.006432}}
{"target": -17.677217022677052, "params": {"gamma": 835.1881361735193, "log10_alpha": -1.3158917485163908, "log10_colsample_bytree": -0.8385085924278388, "log10_eta": -3.435786557218989, "log10_lambda": 0.03176422452233485, "log10_min_child_weight": 3.13406753648388, "log10_subsample": -0.680996881747678, "max_depth": 4.0, "num_boost_round": 3.0}, "datetime": {"datetime": "2024-01-19 01:59:29", "elapsed": 6450.292458, "delta": 0.005939}}
{"target": -17.677210696952606, "params": {"gamma": 835.1881361735193, "log10_alpha": -1.3158917485163908, "log10_colsample_bytree": -0.8385085924278388, "log10_eta": -3.435786557218989, "log10_lambda": 0.03176422452233485, "log10_min_child_weight": 3.13406753648388, "log10_subsample": -0.680996881747678, "max_depth": 4.0, "num_boost_round": 4.0}, "datetime": {"datetime": "2024-01-19 01:59:29", "elapsed": 6450.298422, "delta": 0.005964}}
{"target": -17.677207117149695, "params": {"gamma": 835.1881361735193, "log10_alpha": -1.3158917485163908, "log10_colsample_bytree": -0.8385085924278388, "log10_eta": -3.435786557218989, "log10_lambda": 0.03176422452233485, "log10_min_child_weight": 3.13406753648388, "log10_subsample": -0.680996881747678, "max_depth": 4.0, "num_boost_round": 5.0}, "datetime": {"datetime": "2024-01-19 01:59:29", "elapsed": 6450.432639, "delta": 0.134217}}
{"target": -17.6772118543294, "params": {"gamma": 835.1881361735193, "log10_alpha": -1.3158917485163908, "log10_colsample_bytree": -0.8385085924278388, "log10_eta": -3.435786557218989, "log10_lambda": 0.03176422452233485, "log10_min_child_weight": 3.13406753648388, "log10_subsample": -0.680996881747678, "max_depth": 4.0, "num_boost_round": 6.0}, "datetime": {"datetime": "2024-01-19 01:59:29", "elapsed": 6450.439174, "delta": 0.006535}}
{"target": -17.67720537789935, "params": {"gamma": 835.1881361735193, "log10_alpha": -1.3158917485163908, "log10_colsample_bytree": -0.8385085924278388, "log10_eta": -3.435786557218989, "log10_lambda": 0.03176422452233485, "log10_min_child_weight": 3.13406753648388, "log10_subsample": -0.680996881747678, "max_depth": 4.0, "num_boost_round": 7.0}, "datetime": {"datetime": "2024-01-19 01:59:29", "elapsed": 6450.445151, "delta": 0.005977}}
{"target": -17.677199264213144, "params": {"gamma": 835.1881361735193, "log10_alpha": -1.3158917485163908, "log10_colsample_bytree": -0.8385085924278388, "log10_eta": -3.435786557218989, "log10_lambda": 0.03176422452233485, "log10_min_child_weight": 3.13406753648388, "log10_subsample": -0.680996881747678, "max_depth": 4.0, "num_boost_round": 8.0}, "datetime": {"datetime": "2024-01-19 01:59:29", "elapsed": 6450.451046, "delta": 0.005895}}
{"target": -17.67720244014693, "params": {"gamma": 835.1881361735193, "log10_alpha": -1.3158917485163908, "log10_colsample_bytree": -0.8385085924278388, "log10_eta": -3.435786557218989, "log10_lambda": 0.03176422452233485, "log10_min_child_weight": 3.13406753648388, "log10_subsample": -0.680996881747678, "max_depth": 4.0, "num_boost_round": 9.0}, "datetime": {"datetime": "2024-01-19 01:59:29", "elapsed": 6450.457002, "delta": 0.005956}}
{"target": -17.677189727444336, "params": {"gamma": 835.1881361735193, "log10_alpha": -1.3158917485163908, "log10_colsample_bytree": -0.8385085924278388, "log10_eta": -3.435786557218989, "log10_lambda": 0.03176422452233485, "log10_min_child_weight": 3.13406753648388, "log10_subsample": -0.680996881747678, "max_depth": 4.0, "num_boost_round": 10.0}, "datetime": {"datetime": "2024-01-19 01:59:29", "elapsed": 6450.462921, "delta": 0.005919}}
{"target": -17.677187268869556, "params": {"gamma": 835.1881361735193, "log10_alpha": -1.3158917485163908, "log10_colsample_bytree": -0.8385085924278388, "log10_eta": -3.435786557218989, "log10_lambda": 0.03176422452233485, "log10_min_child_weight": 3.13406753648388, "log10_subsample": -0.680996881747678, "max_depth": 4.0, "num_boost_round": 11.0}, "datetime": {"datetime": "2024-01-19 01:59:29", "elapsed": 6450.46883, "delta": 0.005909}}
{"target": -17.677175999706837, "params": {"gamma": 835.1881361735193, "log10_alpha": -1.3158917485163908, "log10_colsample_bytree": -0.8385085924278388, "log10_eta": -3.435786557218989, "log10_lambda": 0.03176422452233485, "log10_min_child_weight": 3.13406753648388, "log10_subsample": -0.680996881747678, "max_depth": 4.0, "num_boost_round": 12.0}, "datetime": {"datetime": "2024-01-19 01:59:29", "elapsed": 6450.47472, "delta": 0.00589}}
{"target": -17.677161841171156, "params": {"gamma": 835.1881361735193, "log10_alpha": -1.3158917485163908, "log10_colsample_bytree": -0.8385085924278388, "log10_eta": -3.435786557218989, "log10_lambda": 0.03176422452233485, "log10_min_child_weight": 3.13406753648388, "log10_subsample": -0.680996881747678, "max_depth": 4.0, "num_boost_round": 13.0}, "datetime": {"datetime": "2024-01-19 01:59:29", "elapsed": 6450.480591, "delta": 0.005871}}
{"target": -17.677159780055838, "params": {"gamma": 835.1881361735193, "log10_alpha": -1.3158917485163908, "log10_colsample_bytree": -0.8385085924278388, "log10_eta": -3.435786557218989, "log10_lambda": 0.03176422452233485, "log10_min_child_weight": 3.13406753648388, "log10_subsample": -0.680996881747678, "max_depth": 4.0, "num_boost_round": 14.0}, "datetime": {"datetime": "2024-01-19 01:59:29", "elapsed": 6450.486343, "delta": 0.005752}}
{"target": -17.677206221703326, "params": {"gamma": 888.9100494218276, "log10_alpha": -2.462569612022919, "log10_colsample_bytree": -0.8522460042581395, "log10_eta": -2.318233157464902, "log10_lambda": 0.2169134356036464, "log10_min_child_weight": 0.3104290391686432, "log10_subsample": -0.966027854541259, "max_depth": 3.0, "num_boost_round": 0.0}, "datetime": {"datetime": "2024-01-19 02:00:28", "elapsed": 6508.96409, "delta": 58.477747}}
{"target": -17.677098336194682, "params": {"gamma": 888.9100494218276, "log10_alpha": -2.462569612022919, "log10_colsample_bytree": -0.8522460042581395, "log10_eta": -2.318233157464902, "log10_lambda": 0.2169134356036464, "log10_min_child_weight": 0.3104290391686432, "log10_subsample": -0.966027854541259, "max_depth": 3.0, "num_boost_round": 1.0}, "datetime": {"datetime": "2024-01-19 02:00:28", "elapsed": 6508.971202, "delta": 0.007112}}
{"target": -17.677074273900264, "params": {"gamma": 888.9100494218276, "log10_alpha": -2.462569612022919, "log10_colsample_bytree": -0.8522460042581395, "log10_eta": -2.318233157464902, "log10_lambda": 0.2169134356036464, "log10_min_child_weight": 0.3104290391686432, "log10_subsample": -0.966027854541259, "max_depth": 3.0, "num_boost_round": 2.0}, "datetime": {"datetime": "2024-01-19 02:00:28", "elapsed": 6508.977487, "delta": 0.006285}}
{"target": -17.677023879462137, "params": {"gamma": 888.9100494218276, "log10_alpha": -2.462569612022919, "log10_colsample_bytree": -0.8522460042581395, "log10_eta": -2.318233157464902, "log10_lambda": 0.2169134356036464, "log10_min_child_weight": 0.3104290391686432, "log10_subsample": -0.966027854541259, "max_depth": 3.0, "num_boost_round": 3.0}, "datetime": {"datetime": "2024-01-19 02:00:28", "elapsed": 6508.983611, "delta": 0.006124}}
