{"target": -17.677108756876496, "params": {"gamma": 862.6558517089267, "log10_alpha": -0.060012963279458376, "log10_colsample_bytree": -0.1685799467489435, "log10_eta": -3.566370844625458, "log10_lambda": 0.4216402147452003, "log10_min_child_weight": 0.3282390699420179, "log10_subsample": -0.914840873283806, "max_depth": 4.0, "num_boost_round": 11.0}, "datetime": {"datetime": "2024-01-19 00:27:03", "elapsed": 904.494734, "delta": 0.001403}}
{"target": -17.677111177782887, "params": {"gamma": 862.6558517089267, "log10_alpha": -0.060012963279458376, "log10_colsample_bytree": -0.1685799467489435, "log10_eta": -3.566370844625458, "log10_lambda": 0.4216402147452003, "log10_min_child_weight": 0.3282390699420179, "log10_subsample": -0.914840873283806, "max_depth": 4.0, "num_boost_round": 12.0}, "datetime": {"datetime": "2024-01-19 00:27:03", "elapsed": 904.496032, "delta": 0.001298}}
{"target": -17.677109239111324, "params": {"gamma": 862.6558517089267, "log10_alpha": -0.060012963279458376, "log10_colsample_bytree": -0.1685799467489435, "log10_eta": -3.566370844625458, "log10_lambda": 0.4216402147452003, "log10_min_child_weight": 0.3282390699420179, "log10_subsample": -0.914840873283806, "max_depth": 4.0, "num_boost_round": 13.0}, "datetime": {"datetime": "2024-01-19 00:27:03", "elapsed": 904.497291, "delta": 0.001259}}
{"target": -17.677097398752775, "params": {"gamma": 862.6558517089267, "log10_alpha": -0.060012963279458376, "log10_colsample_bytree": -0.1685799467489435, "log10_eta": -3.566370844625458, "log10_lambda": 0.4216402147452003, "log10_min_child_weight": 0.3282390699420179, "log10_subsample": -0.914840873283806, "max_depth": 4.0, "num_boost_round": 14.0}, "datetime": {"datetime": "2024-01-19 00:27:03", "elapsed": 904.498569, "delta": 0.001278}}
{"target": -17.677080642806843, "params": {"gamma": 862.6558517089267, "log10_alpha": -0.060012963279458376, "log10_colsample_bytree": -0.1685799467489435, "log10_eta": -3.566370844625458, "log10_lambda": 0.4216402147452003, "log10_min_child_weight": 0.3282390699420179, "log10_subsample": -0.914840873283806, "max_depth": 4.0, "num_boost_round": 15.0}, "datetime": {"datetime": "2024-01-19 00:27:03", "elapsed": 904.499925, "delta": 0.001356}}
{"target": -17.677072428462182, "params": {"gamma": 862.6558517089267, "log10_alpha": -0.060012963279458376, "log10_colsample_bytree": -0.1685799467489435, "log10_eta": -3.566370844625458, "log10_lambda": 0.4216402147452003, "log10_min_child_weight": 0.3282390699420179, "log10_subsample": -0.914840873283806, "max_depth": 4.0, "num_boost_round": 16.0}, "datetime": {"datetime": "2024-01-19 00:27:03", "elapsed": 904.501262, "delta": 0.001337}}
{"target": -17.67706959331381, "params": {"gamma": 862.6558517089267, "log10_alpha": -0.060012963279458376, "log10_colsample_bytree": -0.1685799467489435, "log10_eta": -3.566370844625458, "log10_lambda": 0.4216402147452003, "log10_min_child_weight": 0.3282390699420179, "log10_subsample": -0.914840873283806, "max_depth": 4.0, "num_boost_round": 17.0}, "datetime": {"datetime": "2024-01-19 00:27:03", "elapsed": 904.502581, "delta": 0.001319}}
{"target": -17.677061374080875, "params": {"gamma": 862.6558517089267, "log10_alpha": -0.060012963279458376, "log10_colsample_bytree": -0.1685799467489435, "log10_eta": -3.566370844625458, "log10_lambda": 0.4216402147452003, "log10_min_child_weight": 0.3282390699420179, "log10_subsample": -0.914840873283806, "max_depth": 4.0, "num_boost_round": 18.0}, "datetime": {"datetime": "2024-01-19 00:27:03", "elapsed": 904.503897, "delta": 0.001316}}
{"target": -17.67705148287464, "params": {"gamma": 862.6558517089267, "log10_alpha": -0.060012963279458376, "log10_colsample_bytree": -0.1685799467489435, "log10_eta": -3.566370844625458, "log10_lambda": 0.4216402147452003, "log10_min_child_weight": 0.3282390699420179, "log10_subsample": -0.914840873283806, "max_depth": 4.0, "num_boost_round": 19.0}, "datetime": {"datetime": "2024-01-19 00:27:03", "elapsed": 904.50521, "delta": 0.001313}}
{"target": -17.677231303018374, "params": {"gamma": 864.2077510564908, "log10_alpha": 0.4284796254250436, "log10_colsample_bytree": -0.07794155400911429, "log10_eta": -3.4091076168752124, "log10_lambda": -1.633815018389074, "log10_min_child_weight": 3.930379940368121, "log10_subsample": -0.7090591487730611, "max_depth": 4.0, "num_boost_round": 0.0}, "datetime": {"datetime": "2024-01-19 00:27:29", "elapsed": 929.687106, "delta": 25.181896}}
{"target": -17.677242715545958, "params": {"gamma": 864.2077510564908, "log10_alpha": 0.4284796254250436, "log10_colsample_bytree": -0.07794155400911429, "log10_eta": -3.4091076168752124, "log10_lambda": -1.633815018389074, "log10_min_child_weight": 3.930379940368121, "log10_subsample": -0.7090591487730611, "max_depth": 4.0, "num_boost_round": 1.0}, "datetime": {"datetime": "2024-01-19 00:27:29", "elapsed": 929.688993, "delta": 0.001887}}
{"target": -17.677242537449633, "params": {"gamma": 864.2077510564908, "log10_alpha": 0.4284796254250436, "log10_colsample_bytree": -0.07794155400911429, "log10_eta": -3.4091076168752124, "log10_lambda": -1.633815018389074, "log10_min_child_weight": 3.930379940368121, "log10_subsample": -0.7090591487730611, "max_depth": 4.0, "num_boost_round": 2.0}, "datetime": {"datetime": "2024-01-19 00:27:29", "elapsed": 929.690591, "delta": 0.001598}}
{"target": -17.677242044890424, "params": {"gamma": 864.2077510564908, "log10_alpha": 0.4284796254250436, "log10_colsample_bytree": -0.07794155400911429, "log10_eta": -3.4091076168752124, "log10_lambda": -1.633815018389074, "log10_min_child_weight": 3.930379940368121, "log10_subsample": -0.7090591487730611, "max_depth": 4.0, "num_boost_round": 3.0}, "datetime": {"datetime": "2024-01-19 00:27:29", "elapsed": 929.692141, "delta": 0.00155}}
{"target": -17.677246458961253, "params": {"gamma": 864.2077510564908, "log10_alpha": 0.4284796254250436, "log10_colsample_bytree": -0.07794155400911429, "log10_eta": -3.4091076168752124, "log10_lambda": -1.633815018389074, "log10_min_child_weight": 3.930379940368121, "log10_subsample": -0.7090591487730611, "max_depth": 4.0, "num_boost_round": 4.0}, "datetime": {"datetime": "2024-01-19 00:27:29", "elapsed": 929.69371, "delta": 0.001569}}
{"target": -17.67724071065059, "params": {"gamma": 864.2077510564908, "log10_alpha": 0.4284796254250436, "log10_colsample_bytree": -0.07794155400911429, "log10_eta": -3.4091076168752124, "log10_lambda": -1.633815018389074, "log10_min_child_weight": 3.930379940368121, "log10_subsample": -0.7090591487730611, "max_depth": 4.0, "num_boost_round": 5.0}, "datetime": {"datetime": "2024-01-19 00:27:29", "elapsed": 929.695006, "delta": 0.001296}}
{"target": -17.677236833057883, "params": {"gamma": 864.2077510564908, "log10_alpha": 0.4284796254250436, "log10_colsample_bytree": -0.07794155400911429, "log10_eta": -3.4091076168752124, "log10_lambda": -1.633815018389074, "log10_min_child_weight": 3.930379940368121, "log10_subsample": -0.7090591487730611, "max_depth": 4.0, "num_boost_round": 6.0}, "datetime": {"datetime": "2024-01-19 00:27:29", "elapsed": 929.696446, "delta": 0.00144}}
{"target": -17.67723687906317, "params": {"gamma": 864.2077510564908, "log10_alpha": 0.4284796254250436, "log10_colsample_bytree": -0.07794155400911429, "log10_eta": -3.4091076168752124, "log10_lambda": -1.633815018389074, "log10_min_child_weight": 3.930379940368121, "log10_subsample": -0.7090591487730611, "max_depth": 4.0, "num_boost_round": 7.0}, "datetime": {"datetime": "2024-01-19 00:27:29", "elapsed": 929.697723, "delta": 0.001277}}
{"target": -17.67723508722491, "params": {"gamma": 864.2077510564908, "log10_alpha": 0.4284796254250436, "log10_colsample_bytree": -0.07794155400911429, "log10_eta": -3.4091076168752124, "log10_lambda": -1.633815018389074, "log10_min_child_weight": 3.930379940368121, "log10_subsample": -0.7090591487730611, "max_depth": 4.0, "num_boost_round": 8.0}, "datetime": {"datetime": "2024-01-19 00:27:29", "elapsed": 929.698982, "delta": 0.001259}}
{"target": -17.677239213086654, "params": {"gamma": 864.2077510564908, "log10_alpha": 0.4284796254250436, "log10_colsample_bytree": -0.07794155400911429, "log10_eta": -3.4091076168752124, "log10_lambda": -1.633815018389074, "log10_min_child_weight": 3.930379940368121, "log10_subsample": -0.7090591487730611, "max_depth": 4.0, "num_boost_round": 9.0}, "datetime": {"datetime": "2024-01-19 00:27:29", "elapsed": 929.700234, "delta": 0.001252}}
{"target": -17.677237268842067, "params": {"gamma": 864.2077510564908, "log10_alpha": 0.4284796254250436, "log10_colsample_bytree": -0.07794155400911429, "log10_eta": -3.4091076168752124, "log10_lambda": -1.633815018389074, "log10_min_child_weight": 3.930379940368121, "log10_subsample": -0.7090591487730611, "max_depth": 4.0, "num_boost_round": 10.0}, "datetime": {"datetime": "2024-01-19 00:27:29", "elapsed": 929.701586, "delta": 0.001352}}
{"target": -17.67723341883601, "params": {"gamma": 864.2077510564908, "log10_alpha": 0.4284796254250436, "log10_colsample_bytree": -0.07794155400911429, "log10_eta": -3.4091076168752124, "log10_lambda": -1.633815018389074, "log10_min_child_weight": 3.930379940368121, "log10_subsample": -0.7090591487730611, "max_depth": 4.0, "num_boost_round": 11.0}, "datetime": {"datetime": "2024-01-19 00:27:29", "elapsed": 929.702844, "delta": 0.001258}}
{"target": -17.67723649069678, "params": {"gamma": 864.2077510564908, "log10_alpha": 0.4284796254250436, "log10_colsample_bytree": -0.07794155400911429, "log10_eta": -3.4091076168752124, "log10_lambda": -1.633815018389074, "log10_min_child_weight": 3.930379940368121, "log10_subsample": -0.7090591487730611, "max_depth": 4.0, "num_boost_round": 12.0}, "datetime": {"datetime": "2024-01-19 00:27:29", "elapsed": 929.704132, "delta": 0.001288}}
{"target": -17.677237402293116, "params": {"gamma": 864.2077510564908, "log10_alpha": 0.4284796254250436, "log10_colsample_bytree": -0.07794155400911429, "log10_eta": -3.4091076168752124, "log10_lambda": -1.633815018389074, "log10_min_child_weight": 3.930379940368121, "log10_subsample": -0.7090591487730611, "max_depth": 4.0, "num_boost_round": 13.0}, "datetime": {"datetime": "2024-01-19 00:27:29", "elapsed": 929.705383, "delta": 0.001251}}
{"target": -17.677231297747948, "params": {"gamma": 864.2077510564908, "log10_alpha": 0.4284796254250436, "log10_colsample_bytree": -0.07794155400911429, "log10_eta": -3.4091076168752124, "log10_lambda": -1.633815018389074, "log10_min_child_weight": 3.930379940368121, "log10_subsample": -0.7090591487730611, "max_depth": 4.0, "num_boost_round": 14.0}, "datetime": {"datetime": "2024-01-19 00:27:29", "elapsed": 929.706656, "delta": 0.001273}}
{"target": -17.677231735018243, "params": {"gamma": 864.2077510564908, "log10_alpha": 0.4284796254250436, "log10_colsample_bytree": -0.07794155400911429, "log10_eta": -3.4091076168752124, "log10_lambda": -1.633815018389074, "log10_min_child_weight": 3.930379940368121, "log10_subsample": -0.7090591487730611, "max_depth": 4.0, "num_boost_round": 15.0}, "datetime": {"datetime": "2024-01-19 00:27:29", "elapsed": 929.707909, "delta": 0.001253}}
{"target": -17.677232706137136, "params": {"gamma": 864.2077510564908, "log10_alpha": 0.4284796254250436, "log10_colsample_bytree": -0.07794155400911429, "log10_eta": -3.4091076168752124, "log10_lambda": -1.633815018389074, "log10_min_child_weight": 3.930379940368121, "log10_subsample": -0.7090591487730611, "max_depth": 4.0, "num_boost_round": 16.0}, "datetime": {"datetime": "2024-01-19 00:27:29", "elapsed": 929.709174, "delta": 0.001265}}
{"target": -17.67722560297424, "params": {"gamma": 864.2077510564908, "log10_alpha": 0.4284796254250436, "log10_colsample_bytree": -0.07794155400911429, "log10_eta": -3.4091076168752124, "log10_lambda": -1.633815018389074, "log10_min_child_weight": 3.930379940368121, "log10_subsample": -0.7090591487730611, "max_depth": 4.0, "num_boost_round": 17.0}, "datetime": {"datetime": "2024-01-19 00:27:29", "elapsed": 929.710442, "delta": 0.001268}}
{"target": -17.677224188525184, "params": {"gamma": 864.2077510564908, "log10_alpha": 0.4284796254250436, "log10_colsample_bytree": -0.07794155400911429, "log10_eta": -3.4091076168752124, "log10_lambda": -1.633815018389074, "log10_min_child_weight": 3.930379940368121, "log10_subsample": -0.7090591487730611, "max_depth": 4.0, "num_boost_round": 18.0}, "datetime": {"datetime": "2024-01-19 00:27:29", "elapsed": 929.711801, "delta": 0.001359}}
{"target": -17.677216730598325, "params": {"gamma": 864.2077510564908, "log10_alpha": 0.4284796254250436, "log10_colsample_bytree": -0.07794155400911429, "log10_eta": -3.4091076168752124, "log10_lambda": -1.633815018389074, "log10_min_child_weight": 3.930379940368121, "log10_subsample": -0.7090591487730611, "max_depth": 4.0, "num_boost_round": 19.0}, "datetime": {"datetime": "2024-01-19 00:27:29", "elapsed": 929.713066, "delta": 0.001265}}
{"target": -17.67722568990775, "params": {"gamma": 864.2077510564908, "log10_alpha": 0.4284796254250436, "log10_colsample_bytree": -0.07794155400911429, "log10_eta": -3.4091076168752124, "log10_lambda": -1.633815018389074, "log10_min_child_weight": 3.930379940368121, "log10_subsample": -0.7090591487730611, "max_depth": 4.0, "num_boost_round": 20.0}, "datetime": {"datetime": "2024-01-19 00:27:29", "elapsed": 929.714337, "delta": 0.001271}}
{"target": -17.676929058225056, "params": {"gamma": 861.3065016053678, "log10_alpha": -0.5789961589104182, "log10_colsample_bytree": -0.7394058701042726, "log10_eta": -2.3439930934720707, "log10_lambda": 0.4592466416382175, "log10_min_child_weight": 2.4886387917898696, "log10_subsample": -0.22061028992636877, "max_depth": 5.0, "num_boost_round": 0.0}, "datetime": {"datetime": "2024-01-19 00:27:54", "elapsed": 955.506663, "delta": 25.792326}}
{"target": -17.676578107847362, "params": {"gamma": 861.3065016053678, "log10_alpha": -0.5789961589104182, "log10_colsample_bytree": -0.7394058701042726, "log10_eta": -2.3439930934720707, "log10_lambda": 0.4592466416382175, "log10_min_child_weight": 2.4886387917898696, "log10_subsample": -0.22061028992636877, "max_depth": 5.0, "num_boost_round": 1.0}, "datetime": {"datetime": "2024-01-19 00:27:54", "elapsed": 955.50858, "delta": 0.001917}}
{"target": -17.67649310739836, "params": {"gamma": 861.3065016053678, "log10_alpha": -0.5789961589104182, "log10_colsample_bytree": -0.7394058701042726, "log10_eta": -2.3439930934720707, "log10_lambda": 0.4592466416382175, "log10_min_child_weight": 2.4886387917898696, "log10_subsample": -0.22061028992636877, "max_depth": 5.0, "num_boost_round": 2.0}, "datetime": {"datetime": "2024-01-19 00:27:54", "elapsed": 955.510082, "delta": 0.001502}}
{"target": -17.676288679241996, "params": {"gamma": 861.3065016053678, "log10_alpha": -0.5789961589104182, "log10_colsample_bytree": -0.7394058701042726, "log10_eta": -2.3439930934720707, "log10_lambda": 0.4592466416382175, "log10_min_child_weight": 2.4886387917898696, "log10_subsample": -0.22061028992636877, "max_depth": 5.0, "num_boost_round": 3.0}, "datetime": {"datetime": "2024-01-19 00:27:54", "elapsed": 955.511572, "delta": 0.00149}}
{"target": -17.67600962112676, "params": {"gamma": 861.3065016053678, "log10_alpha": -0.5789961589104182, "log10_colsample_bytree": -0.7394058701042726, "log10_eta": -2.3439930934720707, "log10_lambda": 0.4592466416382175, "log10_min_child_weight": 2.4886387917898696, "log10_subsample": -0.22061028992636877, "max_depth": 5.0, "num_boost_round": 4.0}, "datetime": {"datetime": "2024-01-19 00:27:54", "elapsed": 955.513026, "delta": 0.001454}}
{"target": -17.675806658029952, "params": {"gamma": 861.3065016053678, "log10_alpha": -0.5789961589104182, "log10_colsample_bytree": -0.7394058701042726, "log10_eta": -2.3439930934720707, "log10_lambda": 0.4592466416382175, "log10_min_child_weight": 2.4886387917898696, "log10_subsample": -0.22061028992636877, "max_depth": 5.0, "num_boost_round": 5.0}, "datetime": {"datetime": "2024-01-19 00:27:54", "elapsed": 955.514307, "delta": 0.001281}}
{"target": -17.675718184244683, "params": {"gamma": 861.3065016053678, "log10_alpha": -0.5789961589104182, "log10_colsample_bytree": -0.7394058701042726, "log10_eta": -2.3439930934720707, "log10_lambda": 0.4592466416382175, "log10_min_child_weight": 2.4886387917898696, "log10_subsample": -0.22061028992636877, "max_depth": 5.0, "num_boost_round": 6.0}, "datetime": {"datetime": "2024-01-19 00:27:54", "elapsed": 955.515627, "delta": 0.00132}}
{"target": -17.675453948770794, "params": {"gamma": 861.3065016053678, "log10_alpha": -0.5789961589104182, "log10_colsample_bytree": -0.7394058701042726, "log10_eta": -2.3439930934720707, "log10_lambda": 0.4592466416382175, "log10_min_child_weight": 2.4886387917898696, "log10_subsample": -0.22061028992636877, "max_depth": 5.0, "num_boost_round": 7.0}, "datetime": {"datetime": "2024-01-19 00:27:54", "elapsed": 955.516955, "delta": 0.001328}}
{"target": -17.67538504218405, "params": {"gamma": 861.3065016053678, "log10_alpha": -0.5789961589104182, "log10_colsample_bytree": -0.7394058701042726, "log10_eta": -2.3439930934720707, "log10_lambda": 0.4592466416382175, "log10_min_child_weight": 2.4886387917898696, "log10_subsample": -0.22061028992636877, "max_depth": 5.0, "num_boost_round": 8.0}, "datetime": {"datetime": "2024-01-19 00:27:54", "elapsed": 955.518212, "delta": 0.001257}}
{"target": -17.67548030732569, "params": {"gamma": 861.3065016053678, "log10_alpha": -0.5789961589104182, "log10_colsample_bytree": -0.7394058701042726, "log10_eta": -2.3439930934720707, "log10_lambda": 0.4592466416382175, "log10_min_child_weight": 2.4886387917898696, "log10_subsample": -0.22061028992636877, "max_depth": 5.0, "num_boost_round": 9.0}, "datetime": {"datetime": "2024-01-19 00:27:54", "elapsed": 955.519497, "delta": 0.001285}}
{"target": -17.675198888845774, "params": {"gamma": 861.3065016053678, "log10_alpha": -0.5789961589104182, "log10_colsample_bytree": -0.7394058701042726, "log10_eta": -2.3439930934720707, "log10_lambda": 0.4592466416382175, "log10_min_child_weight": 2.4886387917898696, "log10_subsample": -0.22061028992636877, "max_depth": 5.0, "num_boost_round": 10.0}, "datetime": {"datetime": "2024-01-19 00:27:54", "elapsed": 955.520926, "delta": 0.001429}}
{"target": -17.675187590190564, "params": {"gamma": 861.3065016053678, "log10_alpha": -0.5789961589104182, "log10_colsample_bytree": -0.7394058701042726, "log10_eta": -2.3439930934720707, "log10_lambda": 0.4592466416382175, "log10_min_child_weight": 2.4886387917898696, "log10_subsample": -0.22061028992636877, "max_depth": 5.0, "num_boost_round": 11.0}, "datetime": {"datetime": "2024-01-19 00:27:54", "elapsed": 955.52231, "delta": 0.001384}}
{"target": -17.674984773577506, "params": {"gamma": 861.3065016053678, "log10_alpha": -0.5789961589104182, "log10_colsample_bytree": -0.7394058701042726, "log10_eta": -2.3439930934720707, "log10_lambda": 0.4592466416382175, "log10_min_child_weight": 2.4886387917898696, "log10_subsample": -0.22061028992636877, "max_depth": 5.0, "num_boost_round": 12.0}, "datetime": {"datetime": "2024-01-19 00:27:54", "elapsed": 955.523639, "delta": 0.001329}}
{"target": -17.674696359270754, "params": {"gamma": 861.3065016053678, "log10_alpha": -0.5789961589104182, "log10_colsample_bytree": -0.7394058701042726, "log10_eta": -2.3439930934720707, "log10_lambda": 0.4592466416382175, "log10_min_child_weight": 2.4886387917898696, "log10_subsample": -0.22061028992636877, "max_depth": 5.0, "num_boost_round": 13.0}, "datetime": {"datetime": "2024-01-19 00:27:54", "elapsed": 955.524897, "delta": 0.001258}}
{"target": -17.674677055864414, "params": {"gamma": 861.3065016053678, "log10_alpha": -0.5789961589104182, "log10_colsample_bytree": -0.7394058701042726, "log10_eta": -2.3439930934720707, "log10_lambda": 0.4592466416382175, "log10_min_child_weight": 2.4886387917898696, "log10_subsample": -0.22061028992636877, "max_depth": 5.0, "num_boost_round": 14.0}, "datetime": {"datetime": "2024-01-19 00:27:54", "elapsed": 955.526171, "delta": 0.001274}}
{"target": -17.674452437790492, "params": {"gamma": 861.3065016053678, "log10_alpha": -0.5789961589104182, "log10_colsample_bytree": -0.7394058701042726, "log10_eta": -2.3439930934720707, "log10_lambda": 0.4592466416382175, "log10_min_child_weight": 2.4886387917898696, "log10_subsample": -0.22061028992636877, "max_depth": 5.0, "num_boost_round": 15.0}, "datetime": {"datetime": "2024-01-19 00:27:54", "elapsed": 955.527435, "delta": 0.001264}}
{"target": -17.674288260113038, "params": {"gamma": 861.3065016053678, "log10_alpha": -0.5789961589104182, "log10_colsample_bytree": -0.7394058701042726, "log10_eta": -2.3439930934720707, "log10_lambda": 0.4592466416382175, "log10_min_child_weight": 2.4886387917898696, "log10_subsample": -0.22061028992636877, "max_depth": 5.0, "num_boost_round": 16.0}, "datetime": {"datetime": "2024-01-19 00:27:54", "elapsed": 955.528715, "delta": 0.00128}}
{"target": -17.674229250185036, "params": {"gamma": 861.3065016053678, "log10_alpha": -0.5789961589104182, "log10_colsample_bytree": -0.7394058701042726, "log10_eta": -2.3439930934720707, "log10_lambda": 0.4592466416382175, "log10_min_child_weight": 2.4886387917898696, "log10_subsample": -0.22061028992636877, "max_depth": 5.0, "num_boost_round": 17.0}, "datetime": {"datetime": "2024-01-19 00:27:54", "elapsed": 955.529984, "delta": 0.001269}}
{"target": -17.67433642396704, "params": {"gamma": 861.3065016053678, "log10_alpha": -0.5789961589104182, "log10_colsample_bytree": -0.7394058701042726, "log10_eta": -2.3439930934720707, "log10_lambda": 0.4592466416382175, "log10_min_child_weight": 2.4886387917898696, "log10_subsample": -0.22061028992636877, "max_depth": 5.0, "num_boost_round": 18.0}, "datetime": {"datetime": "2024-01-19 00:27:54", "elapsed": 955.53134, "delta": 0.001356}}
