{"target": -13.758297935487006, "params": {"gamma": 938.1253752739549, "log10_alpha": -4.142550687732839, "log10_colsample_bytree": -0.7779967703845649, "log10_eta": -2.962800592369132, "log10_lambda": -4.4330202761107715, "log10_min_child_weight": 2.714761033849913, "log10_subsample": -0.32682731482785454, "max_depth": 2.0, "num_boost_round": 27.0}, "datetime": {"datetime": "2024-01-19 01:22:30", "elapsed": 4251.930042, "delta": 0.004764}}
{"target": -13.758281599110832, "params": {"gamma": 938.1253752739549, "log10_alpha": -4.142550687732839, "log10_colsample_bytree": -0.7779967703845649, "log10_eta": -2.962800592369132, "log10_lambda": -4.4330202761107715, "log10_min_child_weight": 2.714761033849913, "log10_subsample": -0.32682731482785454, "max_depth": 2.0, "num_boost_round": 28.0}, "datetime": {"datetime": "2024-01-19 01:22:30", "elapsed": 4251.934792, "delta": 0.00475}}
{"target": -13.758262788903313, "params": {"gamma": 938.1253752739549, "log10_alpha": -4.142550687732839, "log10_colsample_bytree": -0.7779967703845649, "log10_eta": -2.962800592369132, "log10_lambda": -4.4330202761107715, "log10_min_child_weight": 2.714761033849913, "log10_subsample": -0.32682731482785454, "max_depth": 2.0, "num_boost_round": 29.0}, "datetime": {"datetime": "2024-01-19 01:22:30", "elapsed": 4251.940356, "delta": 0.005564}}
{"target": -13.758255532991562, "params": {"gamma": 938.1253752739549, "log10_alpha": -4.142550687732839, "log10_colsample_bytree": -0.7779967703845649, "log10_eta": -2.962800592369132, "log10_lambda": -4.4330202761107715, "log10_min_child_weight": 2.714761033849913, "log10_subsample": -0.32682731482785454, "max_depth": 2.0, "num_boost_round": 30.0}, "datetime": {"datetime": "2024-01-19 01:22:30", "elapsed": 4251.946187, "delta": 0.005831}}
{"target": -13.758238412573213, "params": {"gamma": 938.1253752739549, "log10_alpha": -4.142550687732839, "log10_colsample_bytree": -0.7779967703845649, "log10_eta": -2.962800592369132, "log10_lambda": -4.4330202761107715, "log10_min_child_weight": 2.714761033849913, "log10_subsample": -0.32682731482785454, "max_depth": 2.0, "num_boost_round": 31.0}, "datetime": {"datetime": "2024-01-19 01:22:31", "elapsed": 4252.047654, "delta": 0.101467}}
{"target": -13.758227982558147, "params": {"gamma": 938.1253752739549, "log10_alpha": -4.142550687732839, "log10_colsample_bytree": -0.7779967703845649, "log10_eta": -2.962800592369132, "log10_lambda": -4.4330202761107715, "log10_min_child_weight": 2.714761033849913, "log10_subsample": -0.32682731482785454, "max_depth": 2.0, "num_boost_round": 32.0}, "datetime": {"datetime": "2024-01-19 01:22:31", "elapsed": 4252.053217, "delta": 0.005563}}
{"target": -13.758223599933453, "params": {"gamma": 938.1253752739549, "log10_alpha": -4.142550687732839, "log10_colsample_bytree": -0.7779967703845649, "log10_eta": -2.962800592369132, "log10_lambda": -4.4330202761107715, "log10_min_child_weight": 2.714761033849913, "log10_subsample": -0.32682731482785454, "max_depth": 2.0, "num_boost_round": 33.0}, "datetime": {"datetime": "2024-01-19 01:22:31", "elapsed": 4252.058298, "delta": 0.005081}}
{"target": -13.758209911335149, "params": {"gamma": 938.1253752739549, "log10_alpha": -4.142550687732839, "log10_colsample_bytree": -0.7779967703845649, "log10_eta": -2.962800592369132, "log10_lambda": -4.4330202761107715, "log10_min_child_weight": 2.714761033849913, "log10_subsample": -0.32682731482785454, "max_depth": 2.0, "num_boost_round": 34.0}, "datetime": {"datetime": "2024-01-19 01:22:31", "elapsed": 4252.063163, "delta": 0.004865}}
{"target": -13.758204628691889, "params": {"gamma": 938.1253752739549, "log10_alpha": -4.142550687732839, "log10_colsample_bytree": -0.7779967703845649, "log10_eta": -2.962800592369132, "log10_lambda": -4.4330202761107715, "log10_min_child_weight": 2.714761033849913, "log10_subsample": -0.32682731482785454, "max_depth": 2.0, "num_boost_round": 35.0}, "datetime": {"datetime": "2024-01-19 01:22:31", "elapsed": 4252.06805, "delta": 0.004887}}
{"target": -13.758201787983646, "params": {"gamma": 938.1253752739549, "log10_alpha": -4.142550687732839, "log10_colsample_bytree": -0.7779967703845649, "log10_eta": -2.962800592369132, "log10_lambda": -4.4330202761107715, "log10_min_child_weight": 2.714761033849913, "log10_subsample": -0.32682731482785454, "max_depth": 2.0, "num_boost_round": 36.0}, "datetime": {"datetime": "2024-01-19 01:22:31", "elapsed": 4252.072946, "delta": 0.004896}}
{"target": -13.758200857657098, "params": {"gamma": 938.1253752739549, "log10_alpha": -4.142550687732839, "log10_colsample_bytree": -0.7779967703845649, "log10_eta": -2.962800592369132, "log10_lambda": -4.4330202761107715, "log10_min_child_weight": 2.714761033849913, "log10_subsample": -0.32682731482785454, "max_depth": 2.0, "num_boost_round": 37.0}, "datetime": {"datetime": "2024-01-19 01:22:31", "elapsed": 4252.077858, "delta": 0.004912}}
{"target": -13.758184321912557, "params": {"gamma": 938.1253752739549, "log10_alpha": -4.142550687732839, "log10_colsample_bytree": -0.7779967703845649, "log10_eta": -2.962800592369132, "log10_lambda": -4.4330202761107715, "log10_min_child_weight": 2.714761033849913, "log10_subsample": -0.32682731482785454, "max_depth": 2.0, "num_boost_round": 38.0}, "datetime": {"datetime": "2024-01-19 01:22:31", "elapsed": 4252.08275, "delta": 0.004892}}
{"target": -13.758180799714957, "params": {"gamma": 938.1253752739549, "log10_alpha": -4.142550687732839, "log10_colsample_bytree": -0.7779967703845649, "log10_eta": -2.962800592369132, "log10_lambda": -4.4330202761107715, "log10_min_child_weight": 2.714761033849913, "log10_subsample": -0.32682731482785454, "max_depth": 2.0, "num_boost_round": 39.0}, "datetime": {"datetime": "2024-01-19 01:22:31", "elapsed": 4252.087672, "delta": 0.004922}}
{"target": -13.758173537906293, "params": {"gamma": 938.1253752739549, "log10_alpha": -4.142550687732839, "log10_colsample_bytree": -0.7779967703845649, "log10_eta": -2.962800592369132, "log10_lambda": -4.4330202761107715, "log10_min_child_weight": 2.714761033849913, "log10_subsample": -0.32682731482785454, "max_depth": 2.0, "num_boost_round": 40.0}, "datetime": {"datetime": "2024-01-19 01:22:31", "elapsed": 4252.092556, "delta": 0.004884}}
{"target": -13.75853797408088, "params": {"gamma": 984.8050030780078, "log10_alpha": -4.881954896533036, "log10_colsample_bytree": -0.1299313930152498, "log10_eta": -3.901399575220097, "log10_lambda": -2.866830783566562, "log10_min_child_weight": 4.710893024909359, "log10_subsample": -0.3273629671795625, "max_depth": 3.0, "num_boost_round": 0.0}, "datetime": {"datetime": "2024-01-19 01:23:29", "elapsed": 4310.768643, "delta": 58.676087}}
{"target": -13.758537393781756, "params": {"gamma": 984.8050030780078, "log10_alpha": -4.881954896533036, "log10_colsample_bytree": -0.1299313930152498, "log10_eta": -3.901399575220097, "log10_lambda": -2.866830783566562, "log10_min_child_weight": 4.710893024909359, "log10_subsample": -0.3273629671795625, "max_depth": 3.0, "num_boost_round": 1.0}, "datetime": {"datetime": "2024-01-19 01:23:29", "elapsed": 4310.774234, "delta": 0.005591}}
{"target": -13.758537475749108, "params": {"gamma": 984.8050030780078, "log10_alpha": -4.881954896533036, "log10_colsample_bytree": -0.1299313930152498, "log10_eta": -3.901399575220097, "log10_lambda": -2.866830783566562, "log10_min_child_weight": 4.710893024909359, "log10_subsample": -0.3273629671795625, "max_depth": 3.0, "num_boost_round": 2.0}, "datetime": {"datetime": "2024-01-19 01:23:29", "elapsed": 4310.779231, "delta": 0.004997}}
{"target": -13.758536839358042, "params": {"gamma": 984.8050030780078, "log10_alpha": -4.881954896533036, "log10_colsample_bytree": -0.1299313930152498, "log10_eta": -3.901399575220097, "log10_lambda": -2.866830783566562, "log10_min_child_weight": 4.710893024909359, "log10_subsample": -0.3273629671795625, "max_depth": 3.0, "num_boost_round": 3.0}, "datetime": {"datetime": "2024-01-19 01:23:29", "elapsed": 4310.784112, "delta": 0.004881}}
{"target": -13.758536934453684, "params": {"gamma": 984.8050030780078, "log10_alpha": -4.881954896533036, "log10_colsample_bytree": -0.1299313930152498, "log10_eta": -3.901399575220097, "log10_lambda": -2.866830783566562, "log10_min_child_weight": 4.710893024909359, "log10_subsample": -0.3273629671795625, "max_depth": 3.0, "num_boost_round": 4.0}, "datetime": {"datetime": "2024-01-19 01:23:29", "elapsed": 4310.789213, "delta": 0.005101}}
{"target": -13.758536339940893, "params": {"gamma": 984.8050030780078, "log10_alpha": -4.881954896533036, "log10_colsample_bytree": -0.1299313930152498, "log10_eta": -3.901399575220097, "log10_lambda": -2.866830783566562, "log10_min_child_weight": 4.710893024909359, "log10_subsample": -0.3273629671795625, "max_depth": 3.0, "num_boost_round": 5.0}, "datetime": {"datetime": "2024-01-19 01:23:29", "elapsed": 4310.794058, "delta": 0.004845}}
{"target": -13.758535694289385, "params": {"gamma": 984.8050030780078, "log10_alpha": -4.881954896533036, "log10_colsample_bytree": -0.1299313930152498, "log10_eta": -3.901399575220097, "log10_lambda": -2.866830783566562, "log10_min_child_weight": 4.710893024909359, "log10_subsample": -0.3273629671795625, "max_depth": 3.0, "num_boost_round": 6.0}, "datetime": {"datetime": "2024-01-19 01:23:29", "elapsed": 4310.798882, "delta": 0.004824}}
{"target": -13.758535096686028, "params": {"gamma": 984.8050030780078, "log10_alpha": -4.881954896533036, "log10_colsample_bytree": -0.1299313930152498, "log10_eta": -3.901399575220097, "log10_lambda": -2.866830783566562, "log10_min_child_weight": 4.710893024909359, "log10_subsample": -0.3273629671795625, "max_depth": 3.0, "num_boost_round": 7.0}, "datetime": {"datetime": "2024-01-19 01:23:29", "elapsed": 4310.803888, "delta": 0.005006}}
{"target": -13.758534568409742, "params": {"gamma": 984.8050030780078, "log10_alpha": -4.881954896533036, "log10_colsample_bytree": -0.1299313930152498, "log10_eta": -3.901399575220097, "log10_lambda": -2.866830783566562, "log10_min_child_weight": 4.710893024909359, "log10_subsample": -0.3273629671795625, "max_depth": 3.0, "num_boost_round": 8.0}, "datetime": {"datetime": "2024-01-19 01:23:29", "elapsed": 4310.809404, "delta": 0.005516}}
{"target": -13.75853401295253, "params": {"gamma": 984.8050030780078, "log10_alpha": -4.881954896533036, "log10_colsample_bytree": -0.1299313930152498, "log10_eta": -3.901399575220097, "log10_lambda": -2.866830783566562, "log10_min_child_weight": 4.710893024909359, "log10_subsample": -0.3273629671795625, "max_depth": 3.0, "num_boost_round": 9.0}, "datetime": {"datetime": "2024-01-19 01:23:29", "elapsed": 4310.81452, "delta": 0.005116}}
{"target": -13.758533466466469, "params": {"gamma": 984.8050030780078, "log10_alpha": -4.881954896533036, "log10_colsample_bytree": -0.1299313930152498, "log10_eta": -3.901399575220097, "log10_lambda": -2.866830783566562, "log10_min_child_weight": 4.710893024909359, "log10_subsample": -0.3273629671795625, "max_depth": 3.0, "num_boost_round": 10.0}, "datetime": {"datetime": "2024-01-19 01:23:29", "elapsed": 4310.819485, "delta": 0.004965}}
{"target": -13.758533096941237, "params": {"gamma": 984.8050030780078, "log10_alpha": -4.881954896533036, "log10_colsample_bytree": -0.1299313930152498, "log10_eta": -3.901399575220097, "log10_lambda": -2.866830783566562, "log10_min_child_weight": 4.710893024909359, "log10_subsample": -0.3273629671795625, "max_depth": 3.0, "num_boost_round": 11.0}, "datetime": {"datetime": "2024-01-19 01:23:29", "elapsed": 4310.824458, "delta": 0.004973}}
{"target": -13.758532551952458, "params": {"gamma": 984.8050030780078, "log10_alpha": -4.881954896533036, "log10_colsample_bytree": -0.1299313930152498, "log10_eta": -3.901399575220097, "log10_lambda": -2.866830783566562, "log10_min_child_weight": 4.710893024909359, "log10_subsample": -0.3273629671795625, "max_depth": 3.0, "num_boost_round": 12.0}, "datetime": {"datetime": "2024-01-19 01:23:29", "elapsed": 4310.829512, "delta": 0.005054}}
{"target": -13.758532016337483, "params": {"gamma": 984.8050030780078, "log10_alpha": -4.881954896533036, "log10_colsample_bytree": -0.1299313930152498, "log10_eta": -3.901399575220097, "log10_lambda": -2.866830783566562, "log10_min_child_weight": 4.710893024909359, "log10_subsample": -0.3273629671795625, "max_depth": 3.0, "num_boost_round": 13.0}, "datetime": {"datetime": "2024-01-19 01:23:29", "elapsed": 4310.834367, "delta": 0.004855}}
{"target": -13.75853205317894, "params": {"gamma": 984.8050030780078, "log10_alpha": -4.881954896533036, "log10_colsample_bytree": -0.1299313930152498, "log10_eta": -3.901399575220097, "log10_lambda": -2.866830783566562, "log10_min_child_weight": 4.710893024909359, "log10_subsample": -0.3273629671795625, "max_depth": 3.0, "num_boost_round": 14.0}, "datetime": {"datetime": "2024-01-19 01:23:29", "elapsed": 4310.839243, "delta": 0.004876}}
{"target": -13.75853143505601, "params": {"gamma": 984.8050030780078, "log10_alpha": -4.881954896533036, "log10_colsample_bytree": -0.1299313930152498, "log10_eta": -3.901399575220097, "log10_lambda": -2.866830783566562, "log10_min_child_weight": 4.710893024909359, "log10_subsample": -0.3273629671795625, "max_depth": 3.0, "num_boost_round": 15.0}, "datetime": {"datetime": "2024-01-19 01:23:29", "elapsed": 4310.844114, "delta": 0.004871}}
{"target": -13.75853078824165, "params": {"gamma": 984.8050030780078, "log10_alpha": -4.881954896533036, "log10_colsample_bytree": -0.1299313930152498, "log10_eta": -3.901399575220097, "log10_lambda": -2.866830783566562, "log10_min_child_weight": 4.710893024909359, "log10_subsample": -0.3273629671795625, "max_depth": 3.0, "num_boost_round": 16.0}, "datetime": {"datetime": "2024-01-19 01:23:29", "elapsed": 4310.849178, "delta": 0.005064}}
{"target": -13.758530256924562, "params": {"gamma": 984.8050030780078, "log10_alpha": -4.881954896533036, "log10_colsample_bytree": -0.1299313930152498, "log10_eta": -3.901399575220097, "log10_lambda": -2.866830783566562, "log10_min_child_weight": 4.710893024909359, "log10_subsample": -0.3273629671795625, "max_depth": 3.0, "num_boost_round": 17.0}, "datetime": {"datetime": "2024-01-19 01:23:29", "elapsed": 4310.85405, "delta": 0.004872}}
{"target": -13.758529704063765, "params": {"gamma": 984.8050030780078, "log10_alpha": -4.881954896533036, "log10_colsample_bytree": -0.1299313930152498, "log10_eta": -3.901399575220097, "log10_lambda": -2.866830783566562, "log10_min_child_weight": 4.710893024909359, "log10_subsample": -0.3273629671795625, "max_depth": 3.0, "num_boost_round": 18.0}, "datetime": {"datetime": "2024-01-19 01:23:29", "elapsed": 4310.858943, "delta": 0.004893}}
{"target": -13.758529121229314, "params": {"gamma": 984.8050030780078, "log10_alpha": -4.881954896533036, "log10_colsample_bytree": -0.1299313930152498, "log10_eta": -3.901399575220097, "log10_lambda": -2.866830783566562, "log10_min_child_weight": 4.710893024909359, "log10_subsample": -0.3273629671795625, "max_depth": 3.0, "num_boost_round": 19.0}, "datetime": {"datetime": "2024-01-19 01:23:29", "elapsed": 4310.863857, "delta": 0.004914}}
{"target": -13.758529199744318, "params": {"gamma": 984.8050030780078, "log10_alpha": -4.881954896533036, "log10_colsample_bytree": -0.1299313930152498, "log10_eta": -3.901399575220097, "log10_lambda": -2.866830783566562, "log10_min_child_weight": 4.710893024909359, "log10_subsample": -0.3273629671795625, "max_depth": 3.0, "num_boost_round": 20.0}, "datetime": {"datetime": "2024-01-19 01:23:29", "elapsed": 4310.868931, "delta": 0.005074}}
{"target": -13.758528568745621, "params": {"gamma": 984.8050030780078, "log10_alpha": -4.881954896533036, "log10_colsample_bytree": -0.1299313930152498, "log10_eta": -3.901399575220097, "log10_lambda": -2.866830783566562, "log10_min_child_weight": 4.710893024909359, "log10_subsample": -0.3273629671795625, "max_depth": 3.0, "num_boost_round": 21.0}, "datetime": {"datetime": "2024-01-19 01:23:29", "elapsed": 4310.873845, "delta": 0.004914}}
{"target": -13.758528405087432, "params": {"gamma": 984.8050030780078, "log10_alpha": -4.881954896533036, "log10_colsample_bytree": -0.1299313930152498, "log10_eta": -3.901399575220097, "log10_lambda": -2.866830783566562, "log10_min_child_weight": 4.710893024909359, "log10_subsample": -0.3273629671795625, "max_depth": 3.0, "num_boost_round": 22.0}, "datetime": {"datetime": "2024-01-19 01:23:29", "elapsed": 4310.878771, "delta": 0.004926}}
{"target": -13.7585275426019, "params": {"gamma": 984.8050030780078, "log10_alpha": -4.881954896533036, "log10_colsample_bytree": -0.1299313930152498, "log10_eta": -3.901399575220097, "log10_lambda": -2.866830783566562, "log10_min_child_weight": 4.710893024909359, "log10_subsample": -0.3273629671795625, "max_depth": 3.0, "num_boost_round": 23.0}, "datetime": {"datetime": "2024-01-19 01:23:29", "elapsed": 4310.883728, "delta": 0.004957}}
{"target": -13.758526970378854, "params": {"gamma": 984.8050030780078, "log10_alpha": -4.881954896533036, "log10_colsample_bytree": -0.1299313930152498, "log10_eta": -3.901399575220097, "log10_lambda": -2.866830783566562, "log10_min_child_weight": 4.710893024909359, "log10_subsample": -0.3273629671795625, "max_depth": 3.0, "num_boost_round": 24.0}, "datetime": {"datetime": "2024-01-19 01:23:29", "elapsed": 4310.888865, "delta": 0.005137}}
{"target": -13.758526983168867, "params": {"gamma": 984.8050030780078, "log10_alpha": -4.881954896533036, "log10_colsample_bytree": -0.1299313930152498, "log10_eta": -3.901399575220097, "log10_lambda": -2.866830783566562, "log10_min_child_weight": 4.710893024909359, "log10_subsample": -0.3273629671795625, "max_depth": 3.0, "num_boost_round": 25.0}, "datetime": {"datetime": "2024-01-19 01:23:29", "elapsed": 4310.893741, "delta": 0.004876}}
{"target": -13.7585265111731, "params": {"gamma": 984.8050030780078, "log10_alpha": -4.881954896533036, "log10_colsample_bytree": -0.1299313930152498, "log10_eta": -3.901399575220097, "log10_lambda": -2.866830783566562, "log10_min_child_weight": 4.710893024909359, "log10_subsample": -0.3273629671795625, "max_depth": 3.0, "num_boost_round": 26.0}, "datetime": {"datetime": "2024-01-19 01:23:29", "elapsed": 4310.898664, "delta": 0.004923}}
{"target": -13.758525998775552, "params": {"gamma": 984.8050030780078, "log10_alpha": -4.881954896533036, "log10_colsample_bytree": -0.1299313930152498, "log10_eta": -3.901399575220097, "log10_lambda": -2.866830783566562, "log10_min_child_weight": 4.710893024909359, "log10_subsample": -0.3273629671795625, "max_depth": 3.0, "num_boost_round": 27.0}, "datetime": {"datetime": "2024-01-19 01:23:29", "elapsed": 4310.90358, "delta": 0.004916}}
{"target": -13.758525508642604, "params": {"gamma": 984.8050030780078, "log10_alpha": -4.881954896533036, "log10_colsample_bytree": -0.1299313930152498, "log10_eta": -3.901399575220097, "log10_lambda": -2.866830783566562, "log10_min_child_weight": 4.710893024909359, "log10_subsample": -0.3273629671795625, "max_depth": 3.0, "num_boost_round": 28.0}, "datetime": {"datetime": "2024-01-19 01:23:29", "elapsed": 4310.9086, "delta": 0.00502}}
{"target": -13.75852533137386, "params": {"gamma": 984.8050030780078, "log10_alpha": -4.881954896533036, "log10_colsample_bytree": -0.1299313930152498, "log10_eta": -3.901399575220097, "log10_lambda": -2.866830783566562, "log10_min_child_weight": 4.710893024909359, "log10_subsample": -0.3273629671795625, "max_depth": 3.0, "num_boost_round": 29.0}, "datetime": {"datetime": "2024-01-19 01:23:29", "elapsed": 4310.913478, "delta": 0.004878}}
{"target": -13.758525413094208, "params": {"gamma": 984.8050030780078, "log10_alpha": -4.881954896533036, "log10_colsample_bytree": -0.1299313930152498, "log10_eta": -3.901399575220097, "log10_lambda": -2.866830783566562, "log10_min_child_weight": 4.710893024909359, "log10_subsample": -0.3273629671795625, "max_depth": 3.0, "num_boost_round": 30.0}, "datetime": {"datetime": "2024-01-19 01:23:29", "elapsed": 4310.918414, "delta": 0.004936}}
{"target": -13.758525584263372, "params": {"gamma": 984.8050030780078, "log10_alpha": -4.881954896533036, "log10_colsample_bytree": -0.1299313930152498, "log10_eta": -3.901399575220097, "log10_lambda": -2.866830783566562, "log10_min_child_weight": 4.710893024909359, "log10_subsample": -0.3273629671795625, "max_depth": 3.0, "num_boost_round": 31.0}, "datetime": {"datetime": "2024-01-19 01:23:29", "elapsed": 4310.923277, "delta": 0.004863}}
{"target": -13.75852579576243, "params": {"gamma": 984.8050030780078, "log10_alpha": -4.881954896533036, "log10_colsample_bytree": -0.1299313930152498, "log10_eta": -3.901399575220097, "log10_lambda": -2.866830783566562, "log10_min_child_weight": 4.710893024909359, "log10_subsample": -0.3273629671795625, "max_depth": 3.0, "num_boost_round": 32.0}, "datetime": {"datetime": "2024-01-19 01:23:29", "elapsed": 4310.928337, "delta": 0.00506}}
{"target": -13.758525994029613, "params": {"gamma": 984.8050030780078, "log10_alpha": -4.881954896533036, "log10_colsample_bytree": -0.1299313930152498, "log10_eta": -3.901399575220097, "log10_lambda": -2.866830783566562, "log10_min_child_weight": 4.710893024909359, "log10_subsample": -0.3273629671795625, "max_depth": 3.0, "num_boost_round": 33.0}, "datetime": {"datetime": "2024-01-19 01:23:29", "elapsed": 4310.933164, "delta": 0.004827}}
{"target": -13.758525819456958, "params": {"gamma": 984.8050030780078, "log10_alpha": -4.881954896533036, "log10_colsample_bytree": -0.1299313930152498, "log10_eta": -3.901399575220097, "log10_lambda": -2.866830783566562, "log10_min_child_weight": 4.710893024909359, "log10_subsample": -0.3273629671795625, "max_depth": 3.0, "num_boost_round": 34.0}, "datetime": {"datetime": "2024-01-19 01:23:29", "elapsed": 4310.938092, "delta": 0.004928}}
