{"target": -13.776713794826989, "params": {"gamma": 633.1360121451814, "log10_alpha": -3.794934679957782, "log10_colsample_bytree": -0.4515762302594739, "log10_eta": -1.605496085561834, "log10_lambda": -3.261244842339976, "log10_min_child_weight": 2.0719110902980304, "log10_subsample": -0.46278949450674367, "max_depth": 6.0, "num_boost_round": 36.0}, "datetime": {"datetime": "2024-01-19 01:49:35", "elapsed": 5827.86819, "delta": 0.00653}}
{"target": -13.777390891323467, "params": {"gamma": 633.1360121451814, "log10_alpha": -3.794934679957782, "log10_colsample_bytree": -0.4515762302594739, "log10_eta": -1.605496085561834, "log10_lambda": -3.261244842339976, "log10_min_child_weight": 2.0719110902980304, "log10_subsample": -0.46278949450674367, "max_depth": 6.0, "num_boost_round": 37.0}, "datetime": {"datetime": "2024-01-19 01:49:35", "elapsed": 5827.874909, "delta": 0.006719}}
{"target": -13.777741711290407, "params": {"gamma": 633.1360121451814, "log10_alpha": -3.794934679957782, "log10_colsample_bytree": -0.4515762302594739, "log10_eta": -1.605496085561834, "log10_lambda": -3.261244842339976, "log10_min_child_weight": 2.0719110902980304, "log10_subsample": -0.46278949450674367, "max_depth": 6.0, "num_boost_round": 38.0}, "datetime": {"datetime": "2024-01-19 01:49:35", "elapsed": 5827.881092, "delta": 0.006183}}
{"target": -13.779400196027428, "params": {"gamma": 633.1360121451814, "log10_alpha": -3.794934679957782, "log10_colsample_bytree": -0.4515762302594739, "log10_eta": -1.605496085561834, "log10_lambda": -3.261244842339976, "log10_min_child_weight": 2.0719110902980304, "log10_subsample": -0.46278949450674367, "max_depth": 6.0, "num_boost_round": 39.0}, "datetime": {"datetime": "2024-01-19 01:49:35", "elapsed": 5827.88645, "delta": 0.005358}}
{"target": -13.779803462279022, "params": {"gamma": 633.1360121451814, "log10_alpha": -3.794934679957782, "log10_colsample_bytree": -0.4515762302594739, "log10_eta": -1.605496085561834, "log10_lambda": -3.261244842339976, "log10_min_child_weight": 2.0719110902980304, "log10_subsample": -0.46278949450674367, "max_depth": 6.0, "num_boost_round": 40.0}, "datetime": {"datetime": "2024-01-19 01:49:35", "elapsed": 5827.891897, "delta": 0.005447}}
{"target": -13.780682352957927, "params": {"gamma": 633.1360121451814, "log10_alpha": -3.794934679957782, "log10_colsample_bytree": -0.4515762302594739, "log10_eta": -1.605496085561834, "log10_lambda": -3.261244842339976, "log10_min_child_weight": 2.0719110902980304, "log10_subsample": -0.46278949450674367, "max_depth": 6.0, "num_boost_round": 41.0}, "datetime": {"datetime": "2024-01-19 01:49:35", "elapsed": 5827.898133, "delta": 0.006236}}
{"target": -13.781053620394744, "params": {"gamma": 633.1360121451814, "log10_alpha": -3.794934679957782, "log10_colsample_bytree": -0.4515762302594739, "log10_eta": -1.605496085561834, "log10_lambda": -3.261244842339976, "log10_min_child_weight": 2.0719110902980304, "log10_subsample": -0.46278949450674367, "max_depth": 6.0, "num_boost_round": 42.0}, "datetime": {"datetime": "2024-01-19 01:49:35", "elapsed": 5827.904351, "delta": 0.006218}}
{"target": -13.781470039377039, "params": {"gamma": 633.1360121451814, "log10_alpha": -3.794934679957782, "log10_colsample_bytree": -0.4515762302594739, "log10_eta": -1.605496085561834, "log10_lambda": -3.261244842339976, "log10_min_child_weight": 2.0719110902980304, "log10_subsample": -0.46278949450674367, "max_depth": 6.0, "num_boost_round": 43.0}, "datetime": {"datetime": "2024-01-19 01:49:35", "elapsed": 5827.909913, "delta": 0.005562}}
{"target": -13.781666152073704, "params": {"gamma": 633.1360121451814, "log10_alpha": -3.794934679957782, "log10_colsample_bytree": -0.4515762302594739, "log10_eta": -1.605496085561834, "log10_lambda": -3.261244842339976, "log10_min_child_weight": 2.0719110902980304, "log10_subsample": -0.46278949450674367, "max_depth": 6.0, "num_boost_round": 44.0}, "datetime": {"datetime": "2024-01-19 01:49:35", "elapsed": 5827.915459, "delta": 0.005546}}
{"target": -13.783044726533564, "params": {"gamma": 633.1360121451814, "log10_alpha": -3.794934679957782, "log10_colsample_bytree": -0.4515762302594739, "log10_eta": -1.605496085561834, "log10_lambda": -3.261244842339976, "log10_min_child_weight": 2.0719110902980304, "log10_subsample": -0.46278949450674367, "max_depth": 6.0, "num_boost_round": 45.0}, "datetime": {"datetime": "2024-01-19 01:49:35", "elapsed": 5827.920974, "delta": 0.005515}}
{"target": -13.78379514472838, "params": {"gamma": 633.1360121451814, "log10_alpha": -3.794934679957782, "log10_colsample_bytree": -0.4515762302594739, "log10_eta": -1.605496085561834, "log10_lambda": -3.261244842339976, "log10_min_child_weight": 2.0719110902980304, "log10_subsample": -0.46278949450674367, "max_depth": 6.0, "num_boost_round": 46.0}, "datetime": {"datetime": "2024-01-19 01:49:35", "elapsed": 5827.926655, "delta": 0.005681}}
{"target": -13.78396693508018, "params": {"gamma": 633.1360121451814, "log10_alpha": -3.794934679957782, "log10_colsample_bytree": -0.4515762302594739, "log10_eta": -1.605496085561834, "log10_lambda": -3.261244842339976, "log10_min_child_weight": 2.0719110902980304, "log10_subsample": -0.46278949450674367, "max_depth": 6.0, "num_boost_round": 47.0}, "datetime": {"datetime": "2024-01-19 01:49:35", "elapsed": 5827.932596, "delta": 0.005941}}
{"target": -13.784870769823065, "params": {"gamma": 633.1360121451814, "log10_alpha": -3.794934679957782, "log10_colsample_bytree": -0.4515762302594739, "log10_eta": -1.605496085561834, "log10_lambda": -3.261244842339976, "log10_min_child_weight": 2.0719110902980304, "log10_subsample": -0.46278949450674367, "max_depth": 6.0, "num_boost_round": 48.0}, "datetime": {"datetime": "2024-01-19 01:49:35", "elapsed": 5827.938023, "delta": 0.005427}}
{"target": -13.786599463515834, "params": {"gamma": 633.1360121451814, "log10_alpha": -3.794934679957782, "log10_colsample_bytree": -0.4515762302594739, "log10_eta": -1.605496085561834, "log10_lambda": -3.261244842339976, "log10_min_child_weight": 2.0719110902980304, "log10_subsample": -0.46278949450674367, "max_depth": 6.0, "num_boost_round": 49.0}, "datetime": {"datetime": "2024-01-19 01:49:35", "elapsed": 5827.943419, "delta": 0.005396}}
{"target": -13.787837354497425, "params": {"gamma": 633.1360121451814, "log10_alpha": -3.794934679957782, "log10_colsample_bytree": -0.4515762302594739, "log10_eta": -1.605496085561834, "log10_lambda": -3.261244842339976, "log10_min_child_weight": 2.0719110902980304, "log10_subsample": -0.46278949450674367, "max_depth": 6.0, "num_boost_round": 50.0}, "datetime": {"datetime": "2024-01-19 01:49:35", "elapsed": 5827.949315, "delta": 0.005896}}
{"target": -13.787729506847455, "params": {"gamma": 633.1360121451814, "log10_alpha": -3.794934679957782, "log10_colsample_bytree": -0.4515762302594739, "log10_eta": -1.605496085561834, "log10_lambda": -3.261244842339976, "log10_min_child_weight": 2.0719110902980304, "log10_subsample": -0.46278949450674367, "max_depth": 6.0, "num_boost_round": 51.0}, "datetime": {"datetime": "2024-01-19 01:49:35", "elapsed": 5827.954883, "delta": 0.005568}}
{"target": -13.788069307600466, "params": {"gamma": 633.1360121451814, "log10_alpha": -3.794934679957782, "log10_colsample_bytree": -0.4515762302594739, "log10_eta": -1.605496085561834, "log10_lambda": -3.261244842339976, "log10_min_child_weight": 2.0719110902980304, "log10_subsample": -0.46278949450674367, "max_depth": 6.0, "num_boost_round": 52.0}, "datetime": {"datetime": "2024-01-19 01:49:35", "elapsed": 5827.96066, "delta": 0.005777}}
{"target": -13.788270189911279, "params": {"gamma": 633.1360121451814, "log10_alpha": -3.794934679957782, "log10_colsample_bytree": -0.4515762302594739, "log10_eta": -1.605496085561834, "log10_lambda": -3.261244842339976, "log10_min_child_weight": 2.0719110902980304, "log10_subsample": -0.46278949450674367, "max_depth": 6.0, "num_boost_round": 53.0}, "datetime": {"datetime": "2024-01-19 01:49:35", "elapsed": 5827.966197, "delta": 0.005537}}
{"target": -13.788619300797029, "params": {"gamma": 633.1360121451814, "log10_alpha": -3.794934679957782, "log10_colsample_bytree": -0.4515762302594739, "log10_eta": -1.605496085561834, "log10_lambda": -3.261244842339976, "log10_min_child_weight": 2.0719110902980304, "log10_subsample": -0.46278949450674367, "max_depth": 6.0, "num_boost_round": 54.0}, "datetime": {"datetime": "2024-01-19 01:49:35", "elapsed": 5827.97183, "delta": 0.005633}}
{"target": -13.789006101101386, "params": {"gamma": 633.1360121451814, "log10_alpha": -3.794934679957782, "log10_colsample_bytree": -0.4515762302594739, "log10_eta": -1.605496085561834, "log10_lambda": -3.261244842339976, "log10_min_child_weight": 2.0719110902980304, "log10_subsample": -0.46278949450674367, "max_depth": 6.0, "num_boost_round": 55.0}, "datetime": {"datetime": "2024-01-19 01:49:35", "elapsed": 5827.977288, "delta": 0.005458}}
{"target": -13.758542450689383, "params": {"gamma": 647.2074948359036, "log10_alpha": -2.888533663441661, "log10_colsample_bytree": -0.1556942722185124, "log10_eta": -3.6880366668451336, "log10_lambda": 0.5543755908835664, "log10_min_child_weight": 2.7247615191512145, "log10_subsample": -0.07333613999848465, "max_depth": 9.0, "num_boost_round": 0.0}, "datetime": {"datetime": "2024-01-19 01:51:06", "elapsed": 5918.830206, "delta": 90.852918}}
{"target": -13.758543027503762, "params": {"gamma": 647.2074948359036, "log10_alpha": -2.888533663441661, "log10_colsample_bytree": -0.1556942722185124, "log10_eta": -3.6880366668451336, "log10_lambda": 0.5543755908835664, "log10_min_child_weight": 2.7247615191512145, "log10_subsample": -0.07333613999848465, "max_depth": 9.0, "num_boost_round": 1.0}, "datetime": {"datetime": "2024-01-19 01:51:06", "elapsed": 5918.836057, "delta": 0.005851}}
{"target": -13.758543518511924, "params": {"gamma": 647.2074948359036, "log10_alpha": -2.888533663441661, "log10_colsample_bytree": -0.1556942722185124, "log10_eta": -3.6880366668451336, "log10_lambda": 0.5543755908835664, "log10_min_child_weight": 2.7247615191512145, "log10_subsample": -0.07333613999848465, "max_depth": 9.0, "num_boost_round": 2.0}, "datetime": {"datetime": "2024-01-19 01:51:06", "elapsed": 5918.841609, "delta": 0.005552}}
{"target": -13.758540228095583, "params": {"gamma": 647.2074948359036, "log10_alpha": -2.888533663441661, "log10_colsample_bytree": -0.1556942722185124, "log10_eta": -3.6880366668451336, "log10_lambda": 0.5543755908835664, "log10_min_child_weight": 2.7247615191512145, "log10_subsample": -0.07333613999848465, "max_depth": 9.0, "num_boost_round": 3.0}, "datetime": {"datetime": "2024-01-19 01:51:06", "elapsed": 5918.847111, "delta": 0.005502}}
{"target": -13.758527084025083, "params": {"gamma": 647.2074948359036, "log10_alpha": -2.888533663441661, "log10_colsample_bytree": -0.1556942722185124, "log10_eta": -3.6880366668451336, "log10_lambda": 0.5543755908835664, "log10_min_child_weight": 2.7247615191512145, "log10_subsample": -0.07333613999848465, "max_depth": 9.0, "num_boost_round": 4.0}, "datetime": {"datetime": "2024-01-19 01:51:06", "elapsed": 5918.852947, "delta": 0.005836}}
{"target": -13.758525345818082, "params": {"gamma": 647.2074948359036, "log10_alpha": -2.888533663441661, "log10_colsample_bytree": -0.1556942722185124, "log10_eta": -3.6880366668451336, "log10_lambda": 0.5543755908835664, "log10_min_child_weight": 2.7247615191512145, "log10_subsample": -0.07333613999848465, "max_depth": 9.0, "num_boost_round": 5.0}, "datetime": {"datetime": "2024-01-19 01:51:06", "elapsed": 5918.858632, "delta": 0.005685}}
{"target": -13.758531582092703, "params": {"gamma": 647.2074948359036, "log10_alpha": -2.888533663441661, "log10_colsample_bytree": -0.1556942722185124, "log10_eta": -3.6880366668451336, "log10_lambda": 0.5543755908835664, "log10_min_child_weight": 2.7247615191512145, "log10_subsample": -0.07333613999848465, "max_depth": 9.0, "num_boost_round": 6.0}, "datetime": {"datetime": "2024-01-19 01:51:06", "elapsed": 5918.864412, "delta": 0.00578}}
{"target": -13.75853866753335, "params": {"gamma": 647.2074948359036, "log10_alpha": -2.888533663441661, "log10_colsample_bytree": -0.1556942722185124, "log10_eta": -3.6880366668451336, "log10_lambda": 0.5543755908835664, "log10_min_child_weight": 2.7247615191512145, "log10_subsample": -0.07333613999848465, "max_depth": 9.0, "num_boost_round": 7.0}, "datetime": {"datetime": "2024-01-19 01:51:06", "elapsed": 5918.869911, "delta": 0.005499}}
{"target": -13.758543533947662, "params": {"gamma": 647.2074948359036, "log10_alpha": -2.888533663441661, "log10_colsample_bytree": -0.1556942722185124, "log10_eta": -3.6880366668451336, "log10_lambda": 0.5543755908835664, "log10_min_child_weight": 2.7247615191512145, "log10_subsample": -0.07333613999848465, "max_depth": 9.0, "num_boost_round": 8.0}, "datetime": {"datetime": "2024-01-19 01:51:06", "elapsed": 5918.875633, "delta": 0.005722}}
{"target": -13.758543185683076, "params": {"gamma": 647.2074948359036, "log10_alpha": -2.888533663441661, "log10_colsample_bytree": -0.1556942722185124, "log10_eta": -3.6880366668451336, "log10_lambda": 0.5543755908835664, "log10_min_child_weight": 2.7247615191512145, "log10_subsample": -0.07333613999848465, "max_depth": 9.0, "num_boost_round": 9.0}, "datetime": {"datetime": "2024-01-19 01:51:06", "elapsed": 5918.881589, "delta": 0.005956}}
{"target": -13.758546659953033, "params": {"gamma": 647.2074948359036, "log10_alpha": -2.888533663441661, "log10_colsample_bytree": -0.1556942722185124, "log10_eta": -3.6880366668451336, "log10_lambda": 0.5543755908835664, "log10_min_child_weight": 2.7247615191512145, "log10_subsample": -0.07333613999848465, "max_depth": 9.0, "num_boost_round": 10.0}, "datetime": {"datetime": "2024-01-19 01:51:06", "elapsed": 5918.887035, "delta": 0.005446}}
{"target": -13.758537872225597, "params": {"gamma": 647.2074948359036, "log10_alpha": -2.888533663441661, "log10_colsample_bytree": -0.1556942722185124, "log10_eta": -3.6880366668451336, "log10_lambda": 0.5543755908835664, "log10_min_child_weight": 2.7247615191512145, "log10_subsample": -0.07333613999848465, "max_depth": 9.0, "num_boost_round": 11.0}, "datetime": {"datetime": "2024-01-19 01:51:06", "elapsed": 5918.892843, "delta": 0.005808}}
{"target": -13.75854522336751, "params": {"gamma": 647.2074948359036, "log10_alpha": -2.888533663441661, "log10_colsample_bytree": -0.1556942722185124, "log10_eta": -3.6880366668451336, "log10_lambda": 0.5543755908835664, "log10_min_child_weight": 2.7247615191512145, "log10_subsample": -0.07333613999848465, "max_depth": 9.0, "num_boost_round": 12.0}, "datetime": {"datetime": "2024-01-19 01:51:06", "elapsed": 5918.898777, "delta": 0.005934}}
{"target": -13.758554386067226, "params": {"gamma": 647.2074948359036, "log10_alpha": -2.888533663441661, "log10_colsample_bytree": -0.1556942722185124, "log10_eta": -3.6880366668451336, "log10_lambda": 0.5543755908835664, "log10_min_child_weight": 2.7247615191512145, "log10_subsample": -0.07333613999848465, "max_depth": 9.0, "num_boost_round": 13.0}, "datetime": {"datetime": "2024-01-19 01:51:06", "elapsed": 5918.904604, "delta": 0.005827}}
{"target": -13.758560795295681, "params": {"gamma": 647.2074948359036, "log10_alpha": -2.888533663441661, "log10_colsample_bytree": -0.1556942722185124, "log10_eta": -3.6880366668451336, "log10_lambda": 0.5543755908835664, "log10_min_child_weight": 2.7247615191512145, "log10_subsample": -0.07333613999848465, "max_depth": 9.0, "num_boost_round": 14.0}, "datetime": {"datetime": "2024-01-19 01:51:06", "elapsed": 5918.910068, "delta": 0.005464}}
{"target": -13.758562150626272, "params": {"gamma": 647.2074948359036, "log10_alpha": -2.888533663441661, "log10_colsample_bytree": -0.1556942722185124, "log10_eta": -3.6880366668451336, "log10_lambda": 0.5543755908835664, "log10_min_child_weight": 2.7247615191512145, "log10_subsample": -0.07333613999848465, "max_depth": 9.0, "num_boost_round": 15.0}, "datetime": {"datetime": "2024-01-19 01:51:06", "elapsed": 5918.915421, "delta": 0.005353}}
{"target": -13.758559779704404, "params": {"gamma": 647.2074948359036, "log10_alpha": -2.888533663441661, "log10_colsample_bytree": -0.1556942722185124, "log10_eta": -3.6880366668451336, "log10_lambda": 0.5543755908835664, "log10_min_child_weight": 2.7247615191512145, "log10_subsample": -0.07333613999848465, "max_depth": 9.0, "num_boost_round": 16.0}, "datetime": {"datetime": "2024-01-19 01:51:06", "elapsed": 5918.920904, "delta": 0.005483}}
{"target": -13.758549803457987, "params": {"gamma": 647.2074948359036, "log10_alpha": -2.888533663441661, "log10_colsample_bytree": -0.1556942722185124, "log10_eta": -3.6880366668451336, "log10_lambda": 0.5543755908835664, "log10_min_child_weight": 2.7247615191512145, "log10_subsample": -0.07333613999848465, "max_depth": 9.0, "num_boost_round": 17.0}, "datetime": {"datetime": "2024-01-19 01:51:06", "elapsed": 5918.926594, "delta": 0.00569}}
{"target": -13.758542080958794, "params": {"gamma": 647.2074948359036, "log10_alpha": -2.888533663441661, "log10_colsample_bytree": -0.1556942722185124, "log10_eta": -3.6880366668451336, "log10_lambda": 0.5543755908835664, "log10_min_child_weight": 2.7247615191512145, "log10_subsample": -0.07333613999848465, "max_depth": 9.0, "num_boost_round": 18.0}, "datetime": {"datetime": "2024-01-19 01:51:06", "elapsed": 5918.932478, "delta": 0.005884}}
{"target": -13.758536767122905, "params": {"gamma": 647.2074948359036, "log10_alpha": -2.888533663441661, "log10_colsample_bytree": -0.1556942722185124, "log10_eta": -3.6880366668451336, "log10_lambda": 0.5543755908835664, "log10_min_child_weight": 2.7247615191512145, "log10_subsample": -0.07333613999848465, "max_depth": 9.0, "num_boost_round": 19.0}, "datetime": {"datetime": "2024-01-19 01:51:06", "elapsed": 5918.937826, "delta": 0.005348}}
{"target": -13.758538507071217, "params": {"gamma": 647.2074948359036, "log10_alpha": -2.888533663441661, "log10_colsample_bytree": -0.1556942722185124, "log10_eta": -3.6880366668451336, "log10_lambda": 0.5543755908835664, "log10_min_child_weight": 2.7247615191512145, "log10_subsample": -0.07333613999848465, "max_depth": 9.0, "num_boost_round": 20.0}, "datetime": {"datetime": "2024-01-19 01:51:06", "elapsed": 5918.943094, "delta": 0.005268}}
{"target": -13.75853909549009, "params": {"gamma": 647.2074948359036, "log10_alpha": -2.888533663441661, "log10_colsample_bytree": -0.1556942722185124, "log10_eta": -3.6880366668451336, "log10_lambda": 0.5543755908835664, "log10_min_child_weight": 2.7247615191512145, "log10_subsample": -0.07333613999848465, "max_depth": 9.0, "num_boost_round": 21.0}, "datetime": {"datetime": "2024-01-19 01:51:06", "elapsed": 5918.948579, "delta": 0.005485}}
{"target": -13.758528043466226, "params": {"gamma": 647.2074948359036, "log10_alpha": -2.888533663441661, "log10_colsample_bytree": -0.1556942722185124, "log10_eta": -3.6880366668451336, "log10_lambda": 0.5543755908835664, "log10_min_child_weight": 2.7247615191512145, "log10_subsample": -0.07333613999848465, "max_depth": 9.0, "num_boost_round": 22.0}, "datetime": {"datetime": "2024-01-19 01:51:06", "elapsed": 5918.954326, "delta": 0.005747}}
{"target": -13.758514605764274, "params": {"gamma": 647.2074948359036, "log10_alpha": -2.888533663441661, "log10_colsample_bytree": -0.1556942722185124, "log10_eta": -3.6880366668451336, "log10_lambda": 0.5543755908835664, "log10_min_child_weight": 2.7247615191512145, "log10_subsample": -0.07333613999848465, "max_depth": 9.0, "num_boost_round": 23.0}, "datetime": {"datetime": "2024-01-19 01:51:06", "elapsed": 5918.959965, "delta": 0.005639}}
{"target": -13.758507832296145, "params": {"gamma": 647.2074948359036, "log10_alpha": -2.888533663441661, "log10_colsample_bytree": -0.1556942722185124, "log10_eta": -3.6880366668451336, "log10_lambda": 0.5543755908835664, "log10_min_child_weight": 2.7247615191512145, "log10_subsample": -0.07333613999848465, "max_depth": 9.0, "num_boost_round": 24.0}, "datetime": {"datetime": "2024-01-19 01:51:06", "elapsed": 5918.965511, "delta": 0.005546}}
{"target": -13.758504247743415, "params": {"gamma": 647.2074948359036, "log10_alpha": -2.888533663441661, "log10_colsample_bytree": -0.1556942722185124, "log10_eta": -3.6880366668451336, "log10_lambda": 0.5543755908835664, "log10_min_child_weight": 2.7247615191512145, "log10_subsample": -0.07333613999848465, "max_depth": 9.0, "num_boost_round": 25.0}, "datetime": {"datetime": "2024-01-19 01:51:06", "elapsed": 5919.081893, "delta": 0.116382}}
{"target": -13.758498798836639, "params": {"gamma": 647.2074948359036, "log10_alpha": -2.888533663441661, "log10_colsample_bytree": -0.1556942722185124, "log10_eta": -3.6880366668451336, "log10_lambda": 0.5543755908835664, "log10_min_child_weight": 2.7247615191512145, "log10_subsample": -0.07333613999848465, "max_depth": 9.0, "num_boost_round": 26.0}, "datetime": {"datetime": "2024-01-19 01:51:06", "elapsed": 5919.088023, "delta": 0.00613}}
{"target": -13.758496404392808, "params": {"gamma": 647.2074948359036, "log10_alpha": -2.888533663441661, "log10_colsample_bytree": -0.1556942722185124, "log10_eta": -3.6880366668451336, "log10_lambda": 0.5543755908835664, "log10_min_child_weight": 2.7247615191512145, "log10_subsample": -0.07333613999848465, "max_depth": 9.0, "num_boost_round": 27.0}, "datetime": {"datetime": "2024-01-19 01:51:06", "elapsed": 5919.093773, "delta": 0.00575}}
{"target": -13.758493051881343, "params": {"gamma": 647.2074948359036, "log10_alpha": -2.888533663441661, "log10_colsample_bytree": -0.1556942722185124, "log10_eta": -3.6880366668451336, "log10_lambda": 0.5543755908835664, "log10_min_child_weight": 2.7247615191512145, "log10_subsample": -0.07333613999848465, "max_depth": 9.0, "num_boost_round": 28.0}, "datetime": {"datetime": "2024-01-19 01:51:06", "elapsed": 5919.099544, "delta": 0.005771}}
