{"target": -13.76222284746826, "params": {"gamma": 900.7372118270084, "log10_alpha": -3.0283326917138074, "log10_colsample_bytree": -0.07509301239512278, "log10_eta": -0.9205497749962075, "log10_lambda": 0.2502436303746043, "log10_min_child_weight": 2.282751712585816, "log10_subsample": -0.83115399155973, "max_depth": 2.0, "num_boost_round": 8.0}, "datetime": {"datetime": "2024-01-19 01:41:32", "elapsed": 5412.643713, "delta": 0.004135}}
{"target": -13.765125343510949, "params": {"gamma": 900.7372118270084, "log10_alpha": -3.0283326917138074, "log10_colsample_bytree": -0.07509301239512278, "log10_eta": -0.9205497749962075, "log10_lambda": 0.2502436303746043, "log10_min_child_weight": 2.282751712585816, "log10_subsample": -0.83115399155973, "max_depth": 2.0, "num_boost_round": 9.0}, "datetime": {"datetime": "2024-01-19 01:41:32", "elapsed": 5412.647902, "delta": 0.004189}}
{"target": -13.764967157205325, "params": {"gamma": 900.7372118270084, "log10_alpha": -3.0283326917138074, "log10_colsample_bytree": -0.07509301239512278, "log10_eta": -0.9205497749962075, "log10_lambda": 0.2502436303746043, "log10_min_child_weight": 2.282751712585816, "log10_subsample": -0.83115399155973, "max_depth": 2.0, "num_boost_round": 10.0}, "datetime": {"datetime": "2024-01-19 01:41:32", "elapsed": 5412.652191, "delta": 0.004289}}
{"target": -13.764386565472604, "params": {"gamma": 900.7372118270084, "log10_alpha": -3.0283326917138074, "log10_colsample_bytree": -0.07509301239512278, "log10_eta": -0.9205497749962075, "log10_lambda": 0.2502436303746043, "log10_min_child_weight": 2.282751712585816, "log10_subsample": -0.83115399155973, "max_depth": 2.0, "num_boost_round": 11.0}, "datetime": {"datetime": "2024-01-19 01:41:32", "elapsed": 5412.656333, "delta": 0.004142}}
{"target": -13.765987336235948, "params": {"gamma": 900.7372118270084, "log10_alpha": -3.0283326917138074, "log10_colsample_bytree": -0.07509301239512278, "log10_eta": -0.9205497749962075, "log10_lambda": 0.2502436303746043, "log10_min_child_weight": 2.282751712585816, "log10_subsample": -0.83115399155973, "max_depth": 2.0, "num_boost_round": 12.0}, "datetime": {"datetime": "2024-01-19 01:41:32", "elapsed": 5412.660775, "delta": 0.004442}}
{"target": -13.766563935171483, "params": {"gamma": 900.7372118270084, "log10_alpha": -3.0283326917138074, "log10_colsample_bytree": -0.07509301239512278, "log10_eta": -0.9205497749962075, "log10_lambda": 0.2502436303746043, "log10_min_child_weight": 2.282751712585816, "log10_subsample": -0.83115399155973, "max_depth": 2.0, "num_boost_round": 13.0}, "datetime": {"datetime": "2024-01-19 01:41:32", "elapsed": 5412.665101, "delta": 0.004326}}
{"target": -13.774014344214837, "params": {"gamma": 900.7372118270084, "log10_alpha": -3.0283326917138074, "log10_colsample_bytree": -0.07509301239512278, "log10_eta": -0.9205497749962075, "log10_lambda": 0.2502436303746043, "log10_min_child_weight": 2.282751712585816, "log10_subsample": -0.83115399155973, "max_depth": 2.0, "num_boost_round": 14.0}, "datetime": {"datetime": "2024-01-19 01:41:32", "elapsed": 5412.669308, "delta": 0.004207}}
{"target": -13.773650098176454, "params": {"gamma": 900.7372118270084, "log10_alpha": -3.0283326917138074, "log10_colsample_bytree": -0.07509301239512278, "log10_eta": -0.9205497749962075, "log10_lambda": 0.2502436303746043, "log10_min_child_weight": 2.282751712585816, "log10_subsample": -0.83115399155973, "max_depth": 2.0, "num_boost_round": 15.0}, "datetime": {"datetime": "2024-01-19 01:41:32", "elapsed": 5412.673638, "delta": 0.00433}}
{"target": -13.773737049688764, "params": {"gamma": 900.7372118270084, "log10_alpha": -3.0283326917138074, "log10_colsample_bytree": -0.07509301239512278, "log10_eta": -0.9205497749962075, "log10_lambda": 0.2502436303746043, "log10_min_child_weight": 2.282751712585816, "log10_subsample": -0.83115399155973, "max_depth": 2.0, "num_boost_round": 16.0}, "datetime": {"datetime": "2024-01-19 01:41:32", "elapsed": 5412.678015, "delta": 0.004377}}
{"target": -13.77593827677458, "params": {"gamma": 900.7372118270084, "log10_alpha": -3.0283326917138074, "log10_colsample_bytree": -0.07509301239512278, "log10_eta": -0.9205497749962075, "log10_lambda": 0.2502436303746043, "log10_min_child_weight": 2.282751712585816, "log10_subsample": -0.83115399155973, "max_depth": 2.0, "num_boost_round": 17.0}, "datetime": {"datetime": "2024-01-19 01:41:32", "elapsed": 5412.68237, "delta": 0.004355}}
{"target": -13.77755473033948, "params": {"gamma": 900.7372118270084, "log10_alpha": -3.0283326917138074, "log10_colsample_bytree": -0.07509301239512278, "log10_eta": -0.9205497749962075, "log10_lambda": 0.2502436303746043, "log10_min_child_weight": 2.282751712585816, "log10_subsample": -0.83115399155973, "max_depth": 2.0, "num_boost_round": 18.0}, "datetime": {"datetime": "2024-01-19 01:41:32", "elapsed": 5412.686514, "delta": 0.004144}}
{"target": -13.778604909578258, "params": {"gamma": 900.7372118270084, "log10_alpha": -3.0283326917138074, "log10_colsample_bytree": -0.07509301239512278, "log10_eta": -0.9205497749962075, "log10_lambda": 0.2502436303746043, "log10_min_child_weight": 2.282751712585816, "log10_subsample": -0.83115399155973, "max_depth": 2.0, "num_boost_round": 19.0}, "datetime": {"datetime": "2024-01-19 01:41:32", "elapsed": 5412.690649, "delta": 0.004135}}
{"target": -13.758530013325327, "params": {"gamma": 898.4580071389041, "log10_alpha": -1.761679735413856, "log10_colsample_bytree": -0.8089662535729636, "log10_eta": -2.6001287197642924, "log10_lambda": -1.9108632029486299, "log10_min_child_weight": 4.498285479707275, "log10_subsample": -0.5804255406679069, "max_depth": 6.0, "num_boost_round": 0.0}, "datetime": {"datetime": "2024-01-19 01:42:16", "elapsed": 5456.297151, "delta": 43.606502}}
{"target": -13.758508587110155, "params": {"gamma": 898.4580071389041, "log10_alpha": -1.761679735413856, "log10_colsample_bytree": -0.8089662535729636, "log10_eta": -2.6001287197642924, "log10_lambda": -1.9108632029486299, "log10_min_child_weight": 4.498285479707275, "log10_subsample": -0.5804255406679069, "max_depth": 6.0, "num_boost_round": 1.0}, "datetime": {"datetime": "2024-01-19 01:42:16", "elapsed": 5456.30251, "delta": 0.005359}}
{"target": -13.758487371326087, "params": {"gamma": 898.4580071389041, "log10_alpha": -1.761679735413856, "log10_colsample_bytree": -0.8089662535729636, "log10_eta": -2.6001287197642924, "log10_lambda": -1.9108632029486299, "log10_min_child_weight": 4.498285479707275, "log10_subsample": -0.5804255406679069, "max_depth": 6.0, "num_boost_round": 2.0}, "datetime": {"datetime": "2024-01-19 01:42:16", "elapsed": 5456.306977, "delta": 0.004467}}
{"target": -13.7584877072238, "params": {"gamma": 898.4580071389041, "log10_alpha": -1.761679735413856, "log10_colsample_bytree": -0.8089662535729636, "log10_eta": -2.6001287197642924, "log10_lambda": -1.9108632029486299, "log10_min_child_weight": 4.498285479707275, "log10_subsample": -0.5804255406679069, "max_depth": 6.0, "num_boost_round": 3.0}, "datetime": {"datetime": "2024-01-19 01:42:16", "elapsed": 5456.311296, "delta": 0.004319}}
{"target": -13.758490320062679, "params": {"gamma": 898.4580071389041, "log10_alpha": -1.761679735413856, "log10_colsample_bytree": -0.8089662535729636, "log10_eta": -2.6001287197642924, "log10_lambda": -1.9108632029486299, "log10_min_child_weight": 4.498285479707275, "log10_subsample": -0.5804255406679069, "max_depth": 6.0, "num_boost_round": 4.0}, "datetime": {"datetime": "2024-01-19 01:42:16", "elapsed": 5456.315422, "delta": 0.004126}}
{"target": -13.75850121262073, "params": {"gamma": 898.4580071389041, "log10_alpha": -1.761679735413856, "log10_colsample_bytree": -0.8089662535729636, "log10_eta": -2.6001287197642924, "log10_lambda": -1.9108632029486299, "log10_min_child_weight": 4.498285479707275, "log10_subsample": -0.5804255406679069, "max_depth": 6.0, "num_boost_round": 5.0}, "datetime": {"datetime": "2024-01-19 01:42:16", "elapsed": 5456.319874, "delta": 0.004452}}
{"target": -13.75851378033984, "params": {"gamma": 898.4580071389041, "log10_alpha": -1.761679735413856, "log10_colsample_bytree": -0.8089662535729636, "log10_eta": -2.6001287197642924, "log10_lambda": -1.9108632029486299, "log10_min_child_weight": 4.498285479707275, "log10_subsample": -0.5804255406679069, "max_depth": 6.0, "num_boost_round": 6.0}, "datetime": {"datetime": "2024-01-19 01:42:16", "elapsed": 5456.324207, "delta": 0.004333}}
{"target": -13.758508319833268, "params": {"gamma": 898.4580071389041, "log10_alpha": -1.761679735413856, "log10_colsample_bytree": -0.8089662535729636, "log10_eta": -2.6001287197642924, "log10_lambda": -1.9108632029486299, "log10_min_child_weight": 4.498285479707275, "log10_subsample": -0.5804255406679069, "max_depth": 6.0, "num_boost_round": 7.0}, "datetime": {"datetime": "2024-01-19 01:42:16", "elapsed": 5456.329015, "delta": 0.004808}}
{"target": -13.758509265923918, "params": {"gamma": 898.4580071389041, "log10_alpha": -1.761679735413856, "log10_colsample_bytree": -0.8089662535729636, "log10_eta": -2.6001287197642924, "log10_lambda": -1.9108632029486299, "log10_min_child_weight": 4.498285479707275, "log10_subsample": -0.5804255406679069, "max_depth": 6.0, "num_boost_round": 8.0}, "datetime": {"datetime": "2024-01-19 01:42:16", "elapsed": 5456.333801, "delta": 0.004786}}
{"target": -13.758505038162614, "params": {"gamma": 898.4580071389041, "log10_alpha": -1.761679735413856, "log10_colsample_bytree": -0.8089662535729636, "log10_eta": -2.6001287197642924, "log10_lambda": -1.9108632029486299, "log10_min_child_weight": 4.498285479707275, "log10_subsample": -0.5804255406679069, "max_depth": 6.0, "num_boost_round": 9.0}, "datetime": {"datetime": "2024-01-19 01:42:16", "elapsed": 5456.338229, "delta": 0.004428}}
{"target": -13.758495748574257, "params": {"gamma": 898.4580071389041, "log10_alpha": -1.761679735413856, "log10_colsample_bytree": -0.8089662535729636, "log10_eta": -2.6001287197642924, "log10_lambda": -1.9108632029486299, "log10_min_child_weight": 4.498285479707275, "log10_subsample": -0.5804255406679069, "max_depth": 6.0, "num_boost_round": 10.0}, "datetime": {"datetime": "2024-01-19 01:42:16", "elapsed": 5456.342568, "delta": 0.004339}}
{"target": -13.758493192607226, "params": {"gamma": 898.4580071389041, "log10_alpha": -1.761679735413856, "log10_colsample_bytree": -0.8089662535729636, "log10_eta": -2.6001287197642924, "log10_lambda": -1.9108632029486299, "log10_min_child_weight": 4.498285479707275, "log10_subsample": -0.5804255406679069, "max_depth": 6.0, "num_boost_round": 11.0}, "datetime": {"datetime": "2024-01-19 01:42:16", "elapsed": 5456.346929, "delta": 0.004361}}
{"target": -13.758502674782463, "params": {"gamma": 898.4580071389041, "log10_alpha": -1.761679735413856, "log10_colsample_bytree": -0.8089662535729636, "log10_eta": -2.6001287197642924, "log10_lambda": -1.9108632029486299, "log10_min_child_weight": 4.498285479707275, "log10_subsample": -0.5804255406679069, "max_depth": 6.0, "num_boost_round": 12.0}, "datetime": {"datetime": "2024-01-19 01:42:16", "elapsed": 5456.351031, "delta": 0.004102}}
{"target": -13.758491389745652, "params": {"gamma": 898.4580071389041, "log10_alpha": -1.761679735413856, "log10_colsample_bytree": -0.8089662535729636, "log10_eta": -2.6001287197642924, "log10_lambda": -1.9108632029486299, "log10_min_child_weight": 4.498285479707275, "log10_subsample": -0.5804255406679069, "max_depth": 6.0, "num_boost_round": 13.0}, "datetime": {"datetime": "2024-01-19 01:42:16", "elapsed": 5456.355234, "delta": 0.004203}}
{"target": -13.758496414763734, "params": {"gamma": 898.4580071389041, "log10_alpha": -1.761679735413856, "log10_colsample_bytree": -0.8089662535729636, "log10_eta": -2.6001287197642924, "log10_lambda": -1.9108632029486299, "log10_min_child_weight": 4.498285479707275, "log10_subsample": -0.5804255406679069, "max_depth": 6.0, "num_boost_round": 14.0}, "datetime": {"datetime": "2024-01-19 01:42:16", "elapsed": 5456.359471, "delta": 0.004237}}
{"target": -13.758468391096345, "params": {"gamma": 898.4580071389041, "log10_alpha": -1.761679735413856, "log10_colsample_bytree": -0.8089662535729636, "log10_eta": -2.6001287197642924, "log10_lambda": -1.9108632029486299, "log10_min_child_weight": 4.498285479707275, "log10_subsample": -0.5804255406679069, "max_depth": 6.0, "num_boost_round": 15.0}, "datetime": {"datetime": "2024-01-19 01:42:16", "elapsed": 5456.363635, "delta": 0.004164}}
{"target": -13.758443151344592, "params": {"gamma": 898.4580071389041, "log10_alpha": -1.761679735413856, "log10_colsample_bytree": -0.8089662535729636, "log10_eta": -2.6001287197642924, "log10_lambda": -1.9108632029486299, "log10_min_child_weight": 4.498285479707275, "log10_subsample": -0.5804255406679069, "max_depth": 6.0, "num_boost_round": 16.0}, "datetime": {"datetime": "2024-01-19 01:42:16", "elapsed": 5456.367927, "delta": 0.004292}}
{"target": -13.75844918356372, "params": {"gamma": 898.4580071389041, "log10_alpha": -1.761679735413856, "log10_colsample_bytree": -0.8089662535729636, "log10_eta": -2.6001287197642924, "log10_lambda": -1.9108632029486299, "log10_min_child_weight": 4.498285479707275, "log10_subsample": -0.5804255406679069, "max_depth": 6.0, "num_boost_round": 17.0}, "datetime": {"datetime": "2024-01-19 01:42:16", "elapsed": 5456.488274, "delta": 0.120347}}
{"target": -13.758458943024428, "params": {"gamma": 898.4580071389041, "log10_alpha": -1.761679735413856, "log10_colsample_bytree": -0.8089662535729636, "log10_eta": -2.6001287197642924, "log10_lambda": -1.9108632029486299, "log10_min_child_weight": 4.498285479707275, "log10_subsample": -0.5804255406679069, "max_depth": 6.0, "num_boost_round": 18.0}, "datetime": {"datetime": "2024-01-19 01:42:16", "elapsed": 5456.493171, "delta": 0.004897}}
{"target": -13.758457559125311, "params": {"gamma": 898.4580071389041, "log10_alpha": -1.761679735413856, "log10_colsample_bytree": -0.8089662535729636, "log10_eta": -2.6001287197642924, "log10_lambda": -1.9108632029486299, "log10_min_child_weight": 4.498285479707275, "log10_subsample": -0.5804255406679069, "max_depth": 6.0, "num_boost_round": 19.0}, "datetime": {"datetime": "2024-01-19 01:42:16", "elapsed": 5456.497566, "delta": 0.004395}}
{"target": -13.75846250380771, "params": {"gamma": 898.4580071389041, "log10_alpha": -1.761679735413856, "log10_colsample_bytree": -0.8089662535729636, "log10_eta": -2.6001287197642924, "log10_lambda": -1.9108632029486299, "log10_min_child_weight": 4.498285479707275, "log10_subsample": -0.5804255406679069, "max_depth": 6.0, "num_boost_round": 20.0}, "datetime": {"datetime": "2024-01-19 01:42:16", "elapsed": 5456.502, "delta": 0.004434}}
{"target": -13.758454090572668, "params": {"gamma": 898.4580071389041, "log10_alpha": -1.761679735413856, "log10_colsample_bytree": -0.8089662535729636, "log10_eta": -2.6001287197642924, "log10_lambda": -1.9108632029486299, "log10_min_child_weight": 4.498285479707275, "log10_subsample": -0.5804255406679069, "max_depth": 6.0, "num_boost_round": 21.0}, "datetime": {"datetime": "2024-01-19 01:42:16", "elapsed": 5456.506355, "delta": 0.004355}}
{"target": -13.75845186702558, "params": {"gamma": 898.4580071389041, "log10_alpha": -1.761679735413856, "log10_colsample_bytree": -0.8089662535729636, "log10_eta": -2.6001287197642924, "log10_lambda": -1.9108632029486299, "log10_min_child_weight": 4.498285479707275, "log10_subsample": -0.5804255406679069, "max_depth": 6.0, "num_boost_round": 22.0}, "datetime": {"datetime": "2024-01-19 01:42:16", "elapsed": 5456.510588, "delta": 0.004233}}
{"target": -13.758442926182756, "params": {"gamma": 898.4580071389041, "log10_alpha": -1.761679735413856, "log10_colsample_bytree": -0.8089662535729636, "log10_eta": -2.6001287197642924, "log10_lambda": -1.9108632029486299, "log10_min_child_weight": 4.498285479707275, "log10_subsample": -0.5804255406679069, "max_depth": 6.0, "num_boost_round": 23.0}, "datetime": {"datetime": "2024-01-19 01:42:16", "elapsed": 5456.515051, "delta": 0.004463}}
{"target": -13.758520889470288, "params": {"gamma": 894.3650465344743, "log10_alpha": 0.1135877152073066, "log10_colsample_bytree": -0.3903829296982413, "log10_eta": -2.8132405763850548, "log10_lambda": -2.0290675537853398, "log10_min_child_weight": 3.308057454432658, "log10_subsample": -0.44016330641826684, "max_depth": 3.0, "num_boost_round": 0.0}, "datetime": {"datetime": "2024-01-19 01:43:14", "elapsed": 5514.695797, "delta": 58.180746}}
{"target": -13.758484009444446, "params": {"gamma": 894.3650465344743, "log10_alpha": 0.1135877152073066, "log10_colsample_bytree": -0.3903829296982413, "log10_eta": -2.8132405763850548, "log10_lambda": -2.0290675537853398, "log10_min_child_weight": 3.308057454432658, "log10_subsample": -0.44016330641826684, "max_depth": 3.0, "num_boost_round": 1.0}, "datetime": {"datetime": "2024-01-19 01:43:14", "elapsed": 5514.700741, "delta": 0.004944}}
{"target": -13.758476522834151, "params": {"gamma": 894.3650465344743, "log10_alpha": 0.1135877152073066, "log10_colsample_bytree": -0.3903829296982413, "log10_eta": -2.8132405763850548, "log10_lambda": -2.0290675537853398, "log10_min_child_weight": 3.308057454432658, "log10_subsample": -0.44016330641826684, "max_depth": 3.0, "num_boost_round": 2.0}, "datetime": {"datetime": "2024-01-19 01:43:14", "elapsed": 5514.705093, "delta": 0.004352}}
{"target": -13.758476889306008, "params": {"gamma": 894.3650465344743, "log10_alpha": 0.1135877152073066, "log10_colsample_bytree": -0.3903829296982413, "log10_eta": -2.8132405763850548, "log10_lambda": -2.0290675537853398, "log10_min_child_weight": 3.308057454432658, "log10_subsample": -0.44016330641826684, "max_depth": 3.0, "num_boost_round": 3.0}, "datetime": {"datetime": "2024-01-19 01:43:14", "elapsed": 5514.70937, "delta": 0.004277}}
{"target": -13.758459825900262, "params": {"gamma": 894.3650465344743, "log10_alpha": 0.1135877152073066, "log10_colsample_bytree": -0.3903829296982413, "log10_eta": -2.8132405763850548, "log10_lambda": -2.0290675537853398, "log10_min_child_weight": 3.308057454432658, "log10_subsample": -0.44016330641826684, "max_depth": 3.0, "num_boost_round": 4.0}, "datetime": {"datetime": "2024-01-19 01:43:14", "elapsed": 5514.713856, "delta": 0.004486}}
{"target": -13.758416496339406, "params": {"gamma": 894.3650465344743, "log10_alpha": 0.1135877152073066, "log10_colsample_bytree": -0.3903829296982413, "log10_eta": -2.8132405763850548, "log10_lambda": -2.0290675537853398, "log10_min_child_weight": 3.308057454432658, "log10_subsample": -0.44016330641826684, "max_depth": 3.0, "num_boost_round": 5.0}, "datetime": {"datetime": "2024-01-19 01:43:14", "elapsed": 5514.718267, "delta": 0.004411}}
{"target": -13.758428007063678, "params": {"gamma": 894.3650465344743, "log10_alpha": 0.1135877152073066, "log10_colsample_bytree": -0.3903829296982413, "log10_eta": -2.8132405763850548, "log10_lambda": -2.0290675537853398, "log10_min_child_weight": 3.308057454432658, "log10_subsample": -0.44016330641826684, "max_depth": 3.0, "num_boost_round": 6.0}, "datetime": {"datetime": "2024-01-19 01:43:14", "elapsed": 5514.722686, "delta": 0.004419}}
{"target": -13.758392398217941, "params": {"gamma": 894.3650465344743, "log10_alpha": 0.1135877152073066, "log10_colsample_bytree": -0.3903829296982413, "log10_eta": -2.8132405763850548, "log10_lambda": -2.0290675537853398, "log10_min_child_weight": 3.308057454432658, "log10_subsample": -0.44016330641826684, "max_depth": 3.0, "num_boost_round": 7.0}, "datetime": {"datetime": "2024-01-19 01:43:14", "elapsed": 5514.727074, "delta": 0.004388}}
{"target": -13.758406355849077, "params": {"gamma": 894.3650465344743, "log10_alpha": 0.1135877152073066, "log10_colsample_bytree": -0.3903829296982413, "log10_eta": -2.8132405763850548, "log10_lambda": -2.0290675537853398, "log10_min_child_weight": 3.308057454432658, "log10_subsample": -0.44016330641826684, "max_depth": 3.0, "num_boost_round": 8.0}, "datetime": {"datetime": "2024-01-19 01:43:14", "elapsed": 5514.731504, "delta": 0.00443}}
{"target": -13.758380097734463, "params": {"gamma": 894.3650465344743, "log10_alpha": 0.1135877152073066, "log10_colsample_bytree": -0.3903829296982413, "log10_eta": -2.8132405763850548, "log10_lambda": -2.0290675537853398, "log10_min_child_weight": 3.308057454432658, "log10_subsample": -0.44016330641826684, "max_depth": 3.0, "num_boost_round": 9.0}, "datetime": {"datetime": "2024-01-19 01:43:14", "elapsed": 5514.735717, "delta": 0.004213}}
{"target": -13.758350245700017, "params": {"gamma": 894.3650465344743, "log10_alpha": 0.1135877152073066, "log10_colsample_bytree": -0.3903829296982413, "log10_eta": -2.8132405763850548, "log10_lambda": -2.0290675537853398, "log10_min_child_weight": 3.308057454432658, "log10_subsample": -0.44016330641826684, "max_depth": 3.0, "num_boost_round": 10.0}, "datetime": {"datetime": "2024-01-19 01:43:14", "elapsed": 5514.740076, "delta": 0.004359}}
{"target": -13.758328406852717, "params": {"gamma": 894.3650465344743, "log10_alpha": 0.1135877152073066, "log10_colsample_bytree": -0.3903829296982413, "log10_eta": -2.8132405763850548, "log10_lambda": -2.0290675537853398, "log10_min_child_weight": 3.308057454432658, "log10_subsample": -0.44016330641826684, "max_depth": 3.0, "num_boost_round": 11.0}, "datetime": {"datetime": "2024-01-19 01:43:14", "elapsed": 5514.744306, "delta": 0.00423}}
{"target": -13.75830780288399, "params": {"gamma": 894.3650465344743, "log10_alpha": 0.1135877152073066, "log10_colsample_bytree": -0.3903829296982413, "log10_eta": -2.8132405763850548, "log10_lambda": -2.0290675537853398, "log10_min_child_weight": 3.308057454432658, "log10_subsample": -0.44016330641826684, "max_depth": 3.0, "num_boost_round": 12.0}, "datetime": {"datetime": "2024-01-19 01:43:14", "elapsed": 5514.748507, "delta": 0.004201}}
