{"target": -17.67717669415648, "params": {"gamma": 52.12672003971819, "log10_alpha": -4.672005075526423, "log10_colsample_bytree": -0.6488618815245775, "log10_eta": -3.3590452507083546, "log10_lambda": -4.568135706383829, "log10_min_child_weight": 4.827828347976283, "log10_subsample": -0.8787128031437358, "max_depth": 5.0, "num_boost_round": 34.0}, "datetime": {"datetime": "2024-01-19 02:15:35", "elapsed": 7443.128982, "delta": 0.00786}}
{"target": -17.677176767202063, "params": {"gamma": 52.12672003971819, "log10_alpha": -4.672005075526423, "log10_colsample_bytree": -0.6488618815245775, "log10_eta": -3.3590452507083546, "log10_lambda": -4.568135706383829, "log10_min_child_weight": 4.827828347976283, "log10_subsample": -0.8787128031437358, "max_depth": 5.0, "num_boost_round": 35.0}, "datetime": {"datetime": "2024-01-19 02:15:35", "elapsed": 7443.136953, "delta": 0.007971}}
{"target": -17.67717591527102, "params": {"gamma": 52.12672003971819, "log10_alpha": -4.672005075526423, "log10_colsample_bytree": -0.6488618815245775, "log10_eta": -3.3590452507083546, "log10_lambda": -4.568135706383829, "log10_min_child_weight": 4.827828347976283, "log10_subsample": -0.8787128031437358, "max_depth": 5.0, "num_boost_round": 36.0}, "datetime": {"datetime": "2024-01-19 02:15:35", "elapsed": 7443.144783, "delta": 0.00783}}
{"target": -17.67717594174836, "params": {"gamma": 52.12672003971819, "log10_alpha": -4.672005075526423, "log10_colsample_bytree": -0.6488618815245775, "log10_eta": -3.3590452507083546, "log10_lambda": -4.568135706383829, "log10_min_child_weight": 4.827828347976283, "log10_subsample": -0.8787128031437358, "max_depth": 5.0, "num_boost_round": 37.0}, "datetime": {"datetime": "2024-01-19 02:15:35", "elapsed": 7443.152735, "delta": 0.007952}}
{"target": -17.677174265611576, "params": {"gamma": 52.12672003971819, "log10_alpha": -4.672005075526423, "log10_colsample_bytree": -0.6488618815245775, "log10_eta": -3.3590452507083546, "log10_lambda": -4.568135706383829, "log10_min_child_weight": 4.827828347976283, "log10_subsample": -0.8787128031437358, "max_depth": 5.0, "num_boost_round": 38.0}, "datetime": {"datetime": "2024-01-19 02:15:35", "elapsed": 7443.160576, "delta": 0.007841}}
{"target": -17.67717258834321, "params": {"gamma": 52.12672003971819, "log10_alpha": -4.672005075526423, "log10_colsample_bytree": -0.6488618815245775, "log10_eta": -3.3590452507083546, "log10_lambda": -4.568135706383829, "log10_min_child_weight": 4.827828347976283, "log10_subsample": -0.8787128031437358, "max_depth": 5.0, "num_boost_round": 39.0}, "datetime": {"datetime": "2024-01-19 02:15:35", "elapsed": 7443.168355, "delta": 0.007779}}
{"target": -17.67717100802192, "params": {"gamma": 52.12672003971819, "log10_alpha": -4.672005075526423, "log10_colsample_bytree": -0.6488618815245775, "log10_eta": -3.3590452507083546, "log10_lambda": -4.568135706383829, "log10_min_child_weight": 4.827828347976283, "log10_subsample": -0.8787128031437358, "max_depth": 5.0, "num_boost_round": 40.0}, "datetime": {"datetime": "2024-01-19 02:15:35", "elapsed": 7443.176259, "delta": 0.007904}}
{"target": -17.677166320802037, "params": {"gamma": 52.12672003971819, "log10_alpha": -4.672005075526423, "log10_colsample_bytree": -0.6488618815245775, "log10_eta": -3.3590452507083546, "log10_lambda": -4.568135706383829, "log10_min_child_weight": 4.827828347976283, "log10_subsample": -0.8787128031437358, "max_depth": 5.0, "num_boost_round": 41.0}, "datetime": {"datetime": "2024-01-19 02:15:35", "elapsed": 7443.184277, "delta": 0.008018}}
{"target": -17.677164943319347, "params": {"gamma": 52.12672003971819, "log10_alpha": -4.672005075526423, "log10_colsample_bytree": -0.6488618815245775, "log10_eta": -3.3590452507083546, "log10_lambda": -4.568135706383829, "log10_min_child_weight": 4.827828347976283, "log10_subsample": -0.8787128031437358, "max_depth": 5.0, "num_boost_round": 42.0}, "datetime": {"datetime": "2024-01-19 02:15:35", "elapsed": 7443.192258, "delta": 0.007981}}
{"target": -17.735481488084748, "params": {"gamma": 78.0059710719002, "log10_alpha": 1.0, "log10_colsample_bytree": 0.0, "log10_eta": 0.0, "log10_lambda": -5.0, "log10_min_child_weight": 2.3488992161667834, "log10_subsample": 0.0, "max_depth": 2.0, "num_boost_round": 0.0}, "datetime": {"datetime": "2024-01-19 02:17:34", "elapsed": 7561.868849, "delta": 118.676591}}
{"target": -17.770235739638206, "params": {"gamma": 78.0059710719002, "log10_alpha": 1.0, "log10_colsample_bytree": 0.0, "log10_eta": 0.0, "log10_lambda": -5.0, "log10_min_child_weight": 2.3488992161667834, "log10_subsample": 0.0, "max_depth": 2.0, "num_boost_round": 1.0}, "datetime": {"datetime": "2024-01-19 02:17:34", "elapsed": 7561.877669, "delta": 0.00882}}
{"target": -17.786827434727662, "params": {"gamma": 78.0059710719002, "log10_alpha": 1.0, "log10_colsample_bytree": 0.0, "log10_eta": 0.0, "log10_lambda": -5.0, "log10_min_child_weight": 2.3488992161667834, "log10_subsample": 0.0, "max_depth": 2.0, "num_boost_round": 2.0}, "datetime": {"datetime": "2024-01-19 02:17:34", "elapsed": 7561.886359, "delta": 0.00869}}
{"target": -17.796481174747846, "params": {"gamma": 78.0059710719002, "log10_alpha": 1.0, "log10_colsample_bytree": 0.0, "log10_eta": 0.0, "log10_lambda": -5.0, "log10_min_child_weight": 2.3488992161667834, "log10_subsample": 0.0, "max_depth": 2.0, "num_boost_round": 3.0}, "datetime": {"datetime": "2024-01-19 02:17:34", "elapsed": 7561.894564, "delta": 0.008205}}
{"target": -17.853368878588842, "params": {"gamma": 78.0059710719002, "log10_alpha": 1.0, "log10_colsample_bytree": 0.0, "log10_eta": 0.0, "log10_lambda": -5.0, "log10_min_child_weight": 2.3488992161667834, "log10_subsample": 0.0, "max_depth": 2.0, "num_boost_round": 4.0}, "datetime": {"datetime": "2024-01-19 02:17:34", "elapsed": 7561.902105, "delta": 0.007541}}
{"target": -18.471772986511166, "params": {"gamma": 78.0059710719002, "log10_alpha": 1.0, "log10_colsample_bytree": 0.0, "log10_eta": 0.0, "log10_lambda": -5.0, "log10_min_child_weight": 2.3488992161667834, "log10_subsample": 0.0, "max_depth": 2.0, "num_boost_round": 5.0}, "datetime": {"datetime": "2024-01-19 02:17:34", "elapsed": 7561.910188, "delta": 0.008083}}
{"target": -18.480385120836857, "params": {"gamma": 78.0059710719002, "log10_alpha": 1.0, "log10_colsample_bytree": 0.0, "log10_eta": 0.0, "log10_lambda": -5.0, "log10_min_child_weight": 2.3488992161667834, "log10_subsample": 0.0, "max_depth": 2.0, "num_boost_round": 6.0}, "datetime": {"datetime": "2024-01-19 02:17:34", "elapsed": 7561.918174, "delta": 0.007986}}
{"target": -18.899431582229123, "params": {"gamma": 78.0059710719002, "log10_alpha": 1.0, "log10_colsample_bytree": 0.0, "log10_eta": 0.0, "log10_lambda": -5.0, "log10_min_child_weight": 2.3488992161667834, "log10_subsample": 0.0, "max_depth": 2.0, "num_boost_round": 7.0}, "datetime": {"datetime": "2024-01-19 02:17:34", "elapsed": 7561.926531, "delta": 0.008357}}
{"target": -18.92440606267589, "params": {"gamma": 78.0059710719002, "log10_alpha": 1.0, "log10_colsample_bytree": 0.0, "log10_eta": 0.0, "log10_lambda": -5.0, "log10_min_child_weight": 2.3488992161667834, "log10_subsample": 0.0, "max_depth": 2.0, "num_boost_round": 8.0}, "datetime": {"datetime": "2024-01-19 02:17:34", "elapsed": 7561.935221, "delta": 0.00869}}
{"target": -18.95429471801337, "params": {"gamma": 78.0059710719002, "log10_alpha": 1.0, "log10_colsample_bytree": 0.0, "log10_eta": 0.0, "log10_lambda": -5.0, "log10_min_child_weight": 2.3488992161667834, "log10_subsample": 0.0, "max_depth": 2.0, "num_boost_round": 9.0}, "datetime": {"datetime": "2024-01-19 02:17:34", "elapsed": 7561.943789, "delta": 0.008568}}
{"target": -18.901997821728244, "params": {"gamma": 78.0059710719002, "log10_alpha": 1.0, "log10_colsample_bytree": 0.0, "log10_eta": 0.0, "log10_lambda": -5.0, "log10_min_child_weight": 2.3488992161667834, "log10_subsample": 0.0, "max_depth": 2.0, "num_boost_round": 10.0}, "datetime": {"datetime": "2024-01-19 02:17:34", "elapsed": 7561.952196, "delta": 0.008407}}
{"target": -18.918414995273725, "params": {"gamma": 78.0059710719002, "log10_alpha": 1.0, "log10_colsample_bytree": 0.0, "log10_eta": 0.0, "log10_lambda": -5.0, "log10_min_child_weight": 2.3488992161667834, "log10_subsample": 0.0, "max_depth": 2.0, "num_boost_round": 11.0}, "datetime": {"datetime": "2024-01-19 02:17:34", "elapsed": 7561.960555, "delta": 0.008359}}
{"target": -18.928517630762414, "params": {"gamma": 78.0059710719002, "log10_alpha": 1.0, "log10_colsample_bytree": 0.0, "log10_eta": 0.0, "log10_lambda": -5.0, "log10_min_child_weight": 2.3488992161667834, "log10_subsample": 0.0, "max_depth": 2.0, "num_boost_round": 12.0}, "datetime": {"datetime": "2024-01-19 02:17:34", "elapsed": 7561.968851, "delta": 0.008296}}
{"target": -18.92416039842896, "params": {"gamma": 78.0059710719002, "log10_alpha": 1.0, "log10_colsample_bytree": 0.0, "log10_eta": 0.0, "log10_lambda": -5.0, "log10_min_child_weight": 2.3488992161667834, "log10_subsample": 0.0, "max_depth": 2.0, "num_boost_round": 13.0}, "datetime": {"datetime": "2024-01-19 02:17:34", "elapsed": 7561.977076, "delta": 0.008225}}
{"target": -18.94599595121019, "params": {"gamma": 78.0059710719002, "log10_alpha": 1.0, "log10_colsample_bytree": 0.0, "log10_eta": 0.0, "log10_lambda": -5.0, "log10_min_child_weight": 2.3488992161667834, "log10_subsample": 0.0, "max_depth": 2.0, "num_boost_round": 14.0}, "datetime": {"datetime": "2024-01-19 02:17:34", "elapsed": 7561.985744, "delta": 0.008668}}
{"target": -18.961617339024528, "params": {"gamma": 78.0059710719002, "log10_alpha": 1.0, "log10_colsample_bytree": 0.0, "log10_eta": 0.0, "log10_lambda": -5.0, "log10_min_child_weight": 2.3488992161667834, "log10_subsample": 0.0, "max_depth": 2.0, "num_boost_round": 15.0}, "datetime": {"datetime": "2024-01-19 02:17:34", "elapsed": 7561.995349, "delta": 0.009605}}
{"target": -18.96819842965813, "params": {"gamma": 78.0059710719002, "log10_alpha": 1.0, "log10_colsample_bytree": 0.0, "log10_eta": 0.0, "log10_lambda": -5.0, "log10_min_child_weight": 2.3488992161667834, "log10_subsample": 0.0, "max_depth": 2.0, "num_boost_round": 16.0}, "datetime": {"datetime": "2024-01-19 02:17:34", "elapsed": 7562.003663, "delta": 0.008314}}
{"target": -19.00224165533138, "params": {"gamma": 78.0059710719002, "log10_alpha": 1.0, "log10_colsample_bytree": 0.0, "log10_eta": 0.0, "log10_lambda": -5.0, "log10_min_child_weight": 2.3488992161667834, "log10_subsample": 0.0, "max_depth": 2.0, "num_boost_round": 17.0}, "datetime": {"datetime": "2024-01-19 02:17:34", "elapsed": 7562.011676, "delta": 0.008013}}
{"target": -19.06173005454315, "params": {"gamma": 78.0059710719002, "log10_alpha": 1.0, "log10_colsample_bytree": 0.0, "log10_eta": 0.0, "log10_lambda": -5.0, "log10_min_child_weight": 2.3488992161667834, "log10_subsample": 0.0, "max_depth": 2.0, "num_boost_round": 18.0}, "datetime": {"datetime": "2024-01-19 02:17:34", "elapsed": 7562.019728, "delta": 0.008052}}
{"target": -19.092132517794777, "params": {"gamma": 78.0059710719002, "log10_alpha": 1.0, "log10_colsample_bytree": 0.0, "log10_eta": 0.0, "log10_lambda": -5.0, "log10_min_child_weight": 2.3488992161667834, "log10_subsample": 0.0, "max_depth": 2.0, "num_boost_round": 19.0}, "datetime": {"datetime": "2024-01-19 02:17:34", "elapsed": 7562.028043, "delta": 0.008315}}
{"target": -19.101724404786726, "params": {"gamma": 78.0059710719002, "log10_alpha": 1.0, "log10_colsample_bytree": 0.0, "log10_eta": 0.0, "log10_lambda": -5.0, "log10_min_child_weight": 2.3488992161667834, "log10_subsample": 0.0, "max_depth": 2.0, "num_boost_round": 20.0}, "datetime": {"datetime": "2024-01-19 02:17:34", "elapsed": 7562.036634, "delta": 0.008591}}
{"target": -19.130660326876274, "params": {"gamma": 78.0059710719002, "log10_alpha": 1.0, "log10_colsample_bytree": 0.0, "log10_eta": 0.0, "log10_lambda": -5.0, "log10_min_child_weight": 2.3488992161667834, "log10_subsample": 0.0, "max_depth": 2.0, "num_boost_round": 21.0}, "datetime": {"datetime": "2024-01-19 02:17:34", "elapsed": 7562.045101, "delta": 0.008467}}
{"target": -19.12874218135041, "params": {"gamma": 78.0059710719002, "log10_alpha": 1.0, "log10_colsample_bytree": 0.0, "log10_eta": 0.0, "log10_lambda": -5.0, "log10_min_child_weight": 2.3488992161667834, "log10_subsample": 0.0, "max_depth": 2.0, "num_boost_round": 22.0}, "datetime": {"datetime": "2024-01-19 02:17:34", "elapsed": 7562.053443, "delta": 0.008342}}
{"target": -19.121406652616244, "params": {"gamma": 78.0059710719002, "log10_alpha": 1.0, "log10_colsample_bytree": 0.0, "log10_eta": 0.0, "log10_lambda": -5.0, "log10_min_child_weight": 2.3488992161667834, "log10_subsample": 0.0, "max_depth": 2.0, "num_boost_round": 23.0}, "datetime": {"datetime": "2024-01-19 02:17:34", "elapsed": 7562.194586, "delta": 0.141143}}
{"target": -19.13000974843146, "params": {"gamma": 78.0059710719002, "log10_alpha": 1.0, "log10_colsample_bytree": 0.0, "log10_eta": 0.0, "log10_lambda": -5.0, "log10_min_child_weight": 2.3488992161667834, "log10_subsample": 0.0, "max_depth": 2.0, "num_boost_round": 24.0}, "datetime": {"datetime": "2024-01-19 02:17:34", "elapsed": 7562.203816, "delta": 0.00923}}
{"target": -19.121756391811815, "params": {"gamma": 78.0059710719002, "log10_alpha": 1.0, "log10_colsample_bytree": 0.0, "log10_eta": 0.0, "log10_lambda": -5.0, "log10_min_child_weight": 2.3488992161667834, "log10_subsample": 0.0, "max_depth": 2.0, "num_boost_round": 25.0}, "datetime": {"datetime": "2024-01-19 02:17:34", "elapsed": 7562.212127, "delta": 0.008311}}
{"target": -19.12888685559571, "params": {"gamma": 78.0059710719002, "log10_alpha": 1.0, "log10_colsample_bytree": 0.0, "log10_eta": 0.0, "log10_lambda": -5.0, "log10_min_child_weight": 2.3488992161667834, "log10_subsample": 0.0, "max_depth": 2.0, "num_boost_round": 26.0}, "datetime": {"datetime": "2024-01-19 02:17:34", "elapsed": 7562.221269, "delta": 0.009142}}
{"target": -17.677230317077896, "params": {"gamma": 93.88243109817492, "log10_alpha": -5.0, "log10_colsample_bytree": -1.0, "log10_eta": -4.0, "log10_lambda": 0.6692556505185641, "log10_min_child_weight": 1.5698693535326633, "log10_subsample": -1.0, "max_depth": 3.0, "num_boost_round": 0.0}, "datetime": {"datetime": "2024-01-19 02:19:08", "elapsed": 7655.570508, "delta": 93.349239}}
{"target": -17.677227632013658, "params": {"gamma": 93.88243109817492, "log10_alpha": -5.0, "log10_colsample_bytree": -1.0, "log10_eta": -4.0, "log10_lambda": 0.6692556505185641, "log10_min_child_weight": 1.5698693535326633, "log10_subsample": -1.0, "max_depth": 3.0, "num_boost_round": 1.0}, "datetime": {"datetime": "2024-01-19 02:19:08", "elapsed": 7655.57983, "delta": 0.009322}}
{"target": -17.677226035899277, "params": {"gamma": 93.88243109817492, "log10_alpha": -5.0, "log10_colsample_bytree": -1.0, "log10_eta": -4.0, "log10_lambda": 0.6692556505185641, "log10_min_child_weight": 1.5698693535326633, "log10_subsample": -1.0, "max_depth": 3.0, "num_boost_round": 2.0}, "datetime": {"datetime": "2024-01-19 02:19:08", "elapsed": 7655.588869, "delta": 0.009039}}
{"target": -17.677225745151045, "params": {"gamma": 93.88243109817492, "log10_alpha": -5.0, "log10_colsample_bytree": -1.0, "log10_eta": -4.0, "log10_lambda": 0.6692556505185641, "log10_min_child_weight": 1.5698693535326633, "log10_subsample": -1.0, "max_depth": 3.0, "num_boost_round": 3.0}, "datetime": {"datetime": "2024-01-19 02:19:08", "elapsed": 7655.597244, "delta": 0.008375}}
{"target": -17.677223110470052, "params": {"gamma": 93.88243109817492, "log10_alpha": -5.0, "log10_colsample_bytree": -1.0, "log10_eta": -4.0, "log10_lambda": 0.6692556505185641, "log10_min_child_weight": 1.5698693535326633, "log10_subsample": -1.0, "max_depth": 3.0, "num_boost_round": 4.0}, "datetime": {"datetime": "2024-01-19 02:19:08", "elapsed": 7655.60529, "delta": 0.008046}}
{"target": -17.677220232227324, "params": {"gamma": 93.88243109817492, "log10_alpha": -5.0, "log10_colsample_bytree": -1.0, "log10_eta": -4.0, "log10_lambda": 0.6692556505185641, "log10_min_child_weight": 1.5698693535326633, "log10_subsample": -1.0, "max_depth": 3.0, "num_boost_round": 5.0}, "datetime": {"datetime": "2024-01-19 02:19:08", "elapsed": 7655.613335, "delta": 0.008045}}
