{"target": -13.758443473857819, "params": {"gamma": 837.038670929101, "log10_alpha": -3.951745940720647, "log10_colsample_bytree": -0.918647646258046, "log10_eta": -2.4912285672174828, "log10_lambda": -1.2825465566296792, "log10_min_child_weight": 2.4260495641695865, "log10_subsample": -0.6779849206536742, "max_depth": 6.0, "num_boost_round": 0.0}, "datetime": {"datetime": "2024-01-19 00:50:16", "elapsed": 2336.870749, "delta": 33.945271}}
{"target": -13.758407615768734, "params": {"gamma": 837.038670929101, "log10_alpha": -3.951745940720647, "log10_colsample_bytree": -0.918647646258046, "log10_eta": -2.4912285672174828, "log10_lambda": -1.2825465566296792, "log10_min_child_weight": 2.4260495641695865, "log10_subsample": -0.6779849206536742, "max_depth": 6.0, "num_boost_round": 1.0}, "datetime": {"datetime": "2024-01-19 00:50:16", "elapsed": 2336.873831, "delta": 0.003082}}
{"target": -13.758379344700899, "params": {"gamma": 837.038670929101, "log10_alpha": -3.951745940720647, "log10_colsample_bytree": -0.918647646258046, "log10_eta": -2.4912285672174828, "log10_lambda": -1.2825465566296792, "log10_min_child_weight": 2.4260495641695865, "log10_subsample": -0.6779849206536742, "max_depth": 6.0, "num_boost_round": 2.0}, "datetime": {"datetime": "2024-01-19 00:50:16", "elapsed": 2336.876778, "delta": 0.002947}}
{"target": -13.75835678212911, "params": {"gamma": 837.038670929101, "log10_alpha": -3.951745940720647, "log10_colsample_bytree": -0.918647646258046, "log10_eta": -2.4912285672174828, "log10_lambda": -1.2825465566296792, "log10_min_child_weight": 2.4260495641695865, "log10_subsample": -0.6779849206536742, "max_depth": 6.0, "num_boost_round": 3.0}, "datetime": {"datetime": "2024-01-19 00:50:16", "elapsed": 2336.98706, "delta": 0.110282}}
{"target": -13.758275616722717, "params": {"gamma": 837.038670929101, "log10_alpha": -3.951745940720647, "log10_colsample_bytree": -0.918647646258046, "log10_eta": -2.4912285672174828, "log10_lambda": -1.2825465566296792, "log10_min_child_weight": 2.4260495641695865, "log10_subsample": -0.6779849206536742, "max_depth": 6.0, "num_boost_round": 4.0}, "datetime": {"datetime": "2024-01-19 00:50:16", "elapsed": 2336.989993, "delta": 0.002933}}
{"target": -13.758213278719012, "params": {"gamma": 837.038670929101, "log10_alpha": -3.951745940720647, "log10_colsample_bytree": -0.918647646258046, "log10_eta": -2.4912285672174828, "log10_lambda": -1.2825465566296792, "log10_min_child_weight": 2.4260495641695865, "log10_subsample": -0.6779849206536742, "max_depth": 6.0, "num_boost_round": 5.0}, "datetime": {"datetime": "2024-01-19 00:50:16", "elapsed": 2336.992602, "delta": 0.002609}}
{"target": -13.758238816137755, "params": {"gamma": 837.038670929101, "log10_alpha": -3.951745940720647, "log10_colsample_bytree": -0.918647646258046, "log10_eta": -2.4912285672174828, "log10_lambda": -1.2825465566296792, "log10_min_child_weight": 2.4260495641695865, "log10_subsample": -0.6779849206536742, "max_depth": 6.0, "num_boost_round": 6.0}, "datetime": {"datetime": "2024-01-19 00:50:16", "elapsed": 2336.995232, "delta": 0.00263}}
{"target": -13.758112905931071, "params": {"gamma": 837.038670929101, "log10_alpha": -3.951745940720647, "log10_colsample_bytree": -0.918647646258046, "log10_eta": -2.4912285672174828, "log10_lambda": -1.2825465566296792, "log10_min_child_weight": 2.4260495641695865, "log10_subsample": -0.6779849206536742, "max_depth": 6.0, "num_boost_round": 7.0}, "datetime": {"datetime": "2024-01-19 00:50:16", "elapsed": 2336.997794, "delta": 0.002562}}
{"target": -13.75806397132306, "params": {"gamma": 837.038670929101, "log10_alpha": -3.951745940720647, "log10_colsample_bytree": -0.918647646258046, "log10_eta": -2.4912285672174828, "log10_lambda": -1.2825465566296792, "log10_min_child_weight": 2.4260495641695865, "log10_subsample": -0.6779849206536742, "max_depth": 6.0, "num_boost_round": 8.0}, "datetime": {"datetime": "2024-01-19 00:50:17", "elapsed": 2337.000461, "delta": 0.002667}}
{"target": -13.758028152286302, "params": {"gamma": 837.038670929101, "log10_alpha": -3.951745940720647, "log10_colsample_bytree": -0.918647646258046, "log10_eta": -2.4912285672174828, "log10_lambda": -1.2825465566296792, "log10_min_child_weight": 2.4260495641695865, "log10_subsample": -0.6779849206536742, "max_depth": 6.0, "num_boost_round": 9.0}, "datetime": {"datetime": "2024-01-19 00:50:17", "elapsed": 2337.003092, "delta": 0.002631}}
{"target": -13.757879712124748, "params": {"gamma": 837.038670929101, "log10_alpha": -3.951745940720647, "log10_colsample_bytree": -0.918647646258046, "log10_eta": -2.4912285672174828, "log10_lambda": -1.2825465566296792, "log10_min_child_weight": 2.4260495641695865, "log10_subsample": -0.6779849206536742, "max_depth": 6.0, "num_boost_round": 10.0}, "datetime": {"datetime": "2024-01-19 00:50:17", "elapsed": 2337.005659, "delta": 0.002567}}
{"target": -13.757839051020348, "params": {"gamma": 837.038670929101, "log10_alpha": -3.951745940720647, "log10_colsample_bytree": -0.918647646258046, "log10_eta": -2.4912285672174828, "log10_lambda": -1.2825465566296792, "log10_min_child_weight": 2.4260495641695865, "log10_subsample": -0.6779849206536742, "max_depth": 6.0, "num_boost_round": 11.0}, "datetime": {"datetime": "2024-01-19 00:50:17", "elapsed": 2337.008327, "delta": 0.002668}}
{"target": -13.757843017460415, "params": {"gamma": 837.038670929101, "log10_alpha": -3.951745940720647, "log10_colsample_bytree": -0.918647646258046, "log10_eta": -2.4912285672174828, "log10_lambda": -1.2825465566296792, "log10_min_child_weight": 2.4260495641695865, "log10_subsample": -0.6779849206536742, "max_depth": 6.0, "num_boost_round": 12.0}, "datetime": {"datetime": "2024-01-19 00:50:17", "elapsed": 2337.010956, "delta": 0.002629}}
{"target": -13.75775773601738, "params": {"gamma": 837.038670929101, "log10_alpha": -3.951745940720647, "log10_colsample_bytree": -0.918647646258046, "log10_eta": -2.4912285672174828, "log10_lambda": -1.2825465566296792, "log10_min_child_weight": 2.4260495641695865, "log10_subsample": -0.6779849206536742, "max_depth": 6.0, "num_boost_round": 13.0}, "datetime": {"datetime": "2024-01-19 00:50:17", "elapsed": 2337.013532, "delta": 0.002576}}
{"target": -13.757712566900958, "params": {"gamma": 837.038670929101, "log10_alpha": -3.951745940720647, "log10_colsample_bytree": -0.918647646258046, "log10_eta": -2.4912285672174828, "log10_lambda": -1.2825465566296792, "log10_min_child_weight": 2.4260495641695865, "log10_subsample": -0.6779849206536742, "max_depth": 6.0, "num_boost_round": 14.0}, "datetime": {"datetime": "2024-01-19 00:50:17", "elapsed": 2337.016172, "delta": 0.00264}}
{"target": -13.757599220317292, "params": {"gamma": 837.038670929101, "log10_alpha": -3.951745940720647, "log10_colsample_bytree": -0.918647646258046, "log10_eta": -2.4912285672174828, "log10_lambda": -1.2825465566296792, "log10_min_child_weight": 2.4260495641695865, "log10_subsample": -0.6779849206536742, "max_depth": 6.0, "num_boost_round": 15.0}, "datetime": {"datetime": "2024-01-19 00:50:17", "elapsed": 2337.01881, "delta": 0.002638}}
{"target": -13.757545364826951, "params": {"gamma": 837.038670929101, "log10_alpha": -3.951745940720647, "log10_colsample_bytree": -0.918647646258046, "log10_eta": -2.4912285672174828, "log10_lambda": -1.2825465566296792, "log10_min_child_weight": 2.4260495641695865, "log10_subsample": -0.6779849206536742, "max_depth": 6.0, "num_boost_round": 16.0}, "datetime": {"datetime": "2024-01-19 00:50:17", "elapsed": 2337.021457, "delta": 0.002647}}
{"target": -13.757407125746418, "params": {"gamma": 837.038670929101, "log10_alpha": -3.951745940720647, "log10_colsample_bytree": -0.918647646258046, "log10_eta": -2.4912285672174828, "log10_lambda": -1.2825465566296792, "log10_min_child_weight": 2.4260495641695865, "log10_subsample": -0.6779849206536742, "max_depth": 6.0, "num_boost_round": 17.0}, "datetime": {"datetime": "2024-01-19 00:50:17", "elapsed": 2337.024076, "delta": 0.002619}}
{"target": -13.757368270551547, "params": {"gamma": 837.038670929101, "log10_alpha": -3.951745940720647, "log10_colsample_bytree": -0.918647646258046, "log10_eta": -2.4912285672174828, "log10_lambda": -1.2825465566296792, "log10_min_child_weight": 2.4260495641695865, "log10_subsample": -0.6779849206536742, "max_depth": 6.0, "num_boost_round": 18.0}, "datetime": {"datetime": "2024-01-19 00:50:17", "elapsed": 2337.026721, "delta": 0.002645}}
{"target": -13.757223727487798, "params": {"gamma": 837.038670929101, "log10_alpha": -3.951745940720647, "log10_colsample_bytree": -0.918647646258046, "log10_eta": -2.4912285672174828, "log10_lambda": -1.2825465566296792, "log10_min_child_weight": 2.4260495641695865, "log10_subsample": -0.6779849206536742, "max_depth": 6.0, "num_boost_round": 19.0}, "datetime": {"datetime": "2024-01-19 00:50:17", "elapsed": 2337.029357, "delta": 0.002636}}
{"target": -13.757097745282428, "params": {"gamma": 837.038670929101, "log10_alpha": -3.951745940720647, "log10_colsample_bytree": -0.918647646258046, "log10_eta": -2.4912285672174828, "log10_lambda": -1.2825465566296792, "log10_min_child_weight": 2.4260495641695865, "log10_subsample": -0.6779849206536742, "max_depth": 6.0, "num_boost_round": 20.0}, "datetime": {"datetime": "2024-01-19 00:50:17", "elapsed": 2337.031982, "delta": 0.002625}}
{"target": -13.75697617265897, "params": {"gamma": 837.038670929101, "log10_alpha": -3.951745940720647, "log10_colsample_bytree": -0.918647646258046, "log10_eta": -2.4912285672174828, "log10_lambda": -1.2825465566296792, "log10_min_child_weight": 2.4260495641695865, "log10_subsample": -0.6779849206536742, "max_depth": 6.0, "num_boost_round": 21.0}, "datetime": {"datetime": "2024-01-19 00:50:17", "elapsed": 2337.034637, "delta": 0.002655}}
{"target": -13.756879162674108, "params": {"gamma": 837.038670929101, "log10_alpha": -3.951745940720647, "log10_colsample_bytree": -0.918647646258046, "log10_eta": -2.4912285672174828, "log10_lambda": -1.2825465566296792, "log10_min_child_weight": 2.4260495641695865, "log10_subsample": -0.6779849206536742, "max_depth": 6.0, "num_boost_round": 22.0}, "datetime": {"datetime": "2024-01-19 00:50:17", "elapsed": 2337.037301, "delta": 0.002664}}
{"target": -13.758410223797094, "params": {"gamma": 838.5839360039868, "log10_alpha": -2.6875699288859307, "log10_colsample_bytree": -0.7150425695962968, "log10_eta": -2.4897567907621925, "log10_lambda": 0.9416690924773787, "log10_min_child_weight": 1.6842525851705448, "log10_subsample": -0.31756954180551433, "max_depth": 9.0, "num_boost_round": 0.0}, "datetime": {"datetime": "2024-01-19 00:50:52", "elapsed": 2372.474098, "delta": 35.436797}}
{"target": -13.758288192481968, "params": {"gamma": 838.5839360039868, "log10_alpha": -2.6875699288859307, "log10_colsample_bytree": -0.7150425695962968, "log10_eta": -2.4897567907621925, "log10_lambda": 0.9416690924773787, "log10_min_child_weight": 1.6842525851705448, "log10_subsample": -0.31756954180551433, "max_depth": 9.0, "num_boost_round": 1.0}, "datetime": {"datetime": "2024-01-19 00:50:52", "elapsed": 2372.477047, "delta": 0.002949}}
{"target": -13.758173123964324, "params": {"gamma": 838.5839360039868, "log10_alpha": -2.6875699288859307, "log10_colsample_bytree": -0.7150425695962968, "log10_eta": -2.4897567907621925, "log10_lambda": 0.9416690924773787, "log10_min_child_weight": 1.6842525851705448, "log10_subsample": -0.31756954180551433, "max_depth": 9.0, "num_boost_round": 2.0}, "datetime": {"datetime": "2024-01-19 00:50:52", "elapsed": 2372.479955, "delta": 0.002908}}
{"target": -13.75797677384317, "params": {"gamma": 838.5839360039868, "log10_alpha": -2.6875699288859307, "log10_colsample_bytree": -0.7150425695962968, "log10_eta": -2.4897567907621925, "log10_lambda": 0.9416690924773787, "log10_min_child_weight": 1.6842525851705448, "log10_subsample": -0.31756954180551433, "max_depth": 9.0, "num_boost_round": 3.0}, "datetime": {"datetime": "2024-01-19 00:50:52", "elapsed": 2372.482581, "delta": 0.002626}}
{"target": -13.757956934645236, "params": {"gamma": 838.5839360039868, "log10_alpha": -2.6875699288859307, "log10_colsample_bytree": -0.7150425695962968, "log10_eta": -2.4897567907621925, "log10_lambda": 0.9416690924773787, "log10_min_child_weight": 1.6842525851705448, "log10_subsample": -0.31756954180551433, "max_depth": 9.0, "num_boost_round": 4.0}, "datetime": {"datetime": "2024-01-19 00:50:52", "elapsed": 2372.485254, "delta": 0.002673}}
{"target": -13.758065710058403, "params": {"gamma": 838.5839360039868, "log10_alpha": -2.6875699288859307, "log10_colsample_bytree": -0.7150425695962968, "log10_eta": -2.4897567907621925, "log10_lambda": 0.9416690924773787, "log10_min_child_weight": 1.6842525851705448, "log10_subsample": -0.31756954180551433, "max_depth": 9.0, "num_boost_round": 5.0}, "datetime": {"datetime": "2024-01-19 00:50:52", "elapsed": 2372.487806, "delta": 0.002552}}
{"target": -13.757992165782015, "params": {"gamma": 838.5839360039868, "log10_alpha": -2.6875699288859307, "log10_colsample_bytree": -0.7150425695962968, "log10_eta": -2.4897567907621925, "log10_lambda": 0.9416690924773787, "log10_min_child_weight": 1.6842525851705448, "log10_subsample": -0.31756954180551433, "max_depth": 9.0, "num_boost_round": 6.0}, "datetime": {"datetime": "2024-01-19 00:50:52", "elapsed": 2372.490249, "delta": 0.002443}}
{"target": -13.75789051601582, "params": {"gamma": 838.5839360039868, "log10_alpha": -2.6875699288859307, "log10_colsample_bytree": -0.7150425695962968, "log10_eta": -2.4897567907621925, "log10_lambda": 0.9416690924773787, "log10_min_child_weight": 1.6842525851705448, "log10_subsample": -0.31756954180551433, "max_depth": 9.0, "num_boost_round": 7.0}, "datetime": {"datetime": "2024-01-19 00:50:52", "elapsed": 2372.492821, "delta": 0.002572}}
{"target": -13.75777064509125, "params": {"gamma": 838.5839360039868, "log10_alpha": -2.6875699288859307, "log10_colsample_bytree": -0.7150425695962968, "log10_eta": -2.4897567907621925, "log10_lambda": 0.9416690924773787, "log10_min_child_weight": 1.6842525851705448, "log10_subsample": -0.31756954180551433, "max_depth": 9.0, "num_boost_round": 8.0}, "datetime": {"datetime": "2024-01-19 00:50:52", "elapsed": 2372.495263, "delta": 0.002442}}
{"target": -13.757764964254365, "params": {"gamma": 838.5839360039868, "log10_alpha": -2.6875699288859307, "log10_colsample_bytree": -0.7150425695962968, "log10_eta": -2.4897567907621925, "log10_lambda": 0.9416690924773787, "log10_min_child_weight": 1.6842525851705448, "log10_subsample": -0.31756954180551433, "max_depth": 9.0, "num_boost_round": 9.0}, "datetime": {"datetime": "2024-01-19 00:50:52", "elapsed": 2372.497715, "delta": 0.002452}}
{"target": -13.757689229528644, "params": {"gamma": 838.5839360039868, "log10_alpha": -2.6875699288859307, "log10_colsample_bytree": -0.7150425695962968, "log10_eta": -2.4897567907621925, "log10_lambda": 0.9416690924773787, "log10_min_child_weight": 1.6842525851705448, "log10_subsample": -0.31756954180551433, "max_depth": 9.0, "num_boost_round": 10.0}, "datetime": {"datetime": "2024-01-19 00:50:52", "elapsed": 2372.50039, "delta": 0.002675}}
{"target": -13.75761929942035, "params": {"gamma": 838.5839360039868, "log10_alpha": -2.6875699288859307, "log10_colsample_bytree": -0.7150425695962968, "log10_eta": -2.4897567907621925, "log10_lambda": 0.9416690924773787, "log10_min_child_weight": 1.6842525851705448, "log10_subsample": -0.31756954180551433, "max_depth": 9.0, "num_boost_round": 11.0}, "datetime": {"datetime": "2024-01-19 00:50:52", "elapsed": 2372.502916, "delta": 0.002526}}
{"target": -13.757764681243142, "params": {"gamma": 838.5839360039868, "log10_alpha": -2.6875699288859307, "log10_colsample_bytree": -0.7150425695962968, "log10_eta": -2.4897567907621925, "log10_lambda": 0.9416690924773787, "log10_min_child_weight": 1.6842525851705448, "log10_subsample": -0.31756954180551433, "max_depth": 9.0, "num_boost_round": 12.0}, "datetime": {"datetime": "2024-01-19 00:50:52", "elapsed": 2372.505322, "delta": 0.002406}}
{"target": -13.757621701003279, "params": {"gamma": 838.5839360039868, "log10_alpha": -2.6875699288859307, "log10_colsample_bytree": -0.7150425695962968, "log10_eta": -2.4897567907621925, "log10_lambda": 0.9416690924773787, "log10_min_child_weight": 1.6842525851705448, "log10_subsample": -0.31756954180551433, "max_depth": 9.0, "num_boost_round": 13.0}, "datetime": {"datetime": "2024-01-19 00:50:52", "elapsed": 2372.507728, "delta": 0.002406}}
{"target": -13.757587234084776, "params": {"gamma": 838.5839360039868, "log10_alpha": -2.6875699288859307, "log10_colsample_bytree": -0.7150425695962968, "log10_eta": -2.4897567907621925, "log10_lambda": 0.9416690924773787, "log10_min_child_weight": 1.6842525851705448, "log10_subsample": -0.31756954180551433, "max_depth": 9.0, "num_boost_round": 14.0}, "datetime": {"datetime": "2024-01-19 00:50:52", "elapsed": 2372.510146, "delta": 0.002418}}
{"target": -13.757482228607834, "params": {"gamma": 838.5839360039868, "log10_alpha": -2.6875699288859307, "log10_colsample_bytree": -0.7150425695962968, "log10_eta": -2.4897567907621925, "log10_lambda": 0.9416690924773787, "log10_min_child_weight": 1.6842525851705448, "log10_subsample": -0.31756954180551433, "max_depth": 9.0, "num_boost_round": 15.0}, "datetime": {"datetime": "2024-01-19 00:50:52", "elapsed": 2372.512648, "delta": 0.002502}}
{"target": -13.757460119971553, "params": {"gamma": 838.5839360039868, "log10_alpha": -2.6875699288859307, "log10_colsample_bytree": -0.7150425695962968, "log10_eta": -2.4897567907621925, "log10_lambda": 0.9416690924773787, "log10_min_child_weight": 1.6842525851705448, "log10_subsample": -0.31756954180551433, "max_depth": 9.0, "num_boost_round": 16.0}, "datetime": {"datetime": "2024-01-19 00:50:52", "elapsed": 2372.515245, "delta": 0.002597}}
{"target": -13.75730404755481, "params": {"gamma": 838.5839360039868, "log10_alpha": -2.6875699288859307, "log10_colsample_bytree": -0.7150425695962968, "log10_eta": -2.4897567907621925, "log10_lambda": 0.9416690924773787, "log10_min_child_weight": 1.6842525851705448, "log10_subsample": -0.31756954180551433, "max_depth": 9.0, "num_boost_round": 17.0}, "datetime": {"datetime": "2024-01-19 00:50:52", "elapsed": 2372.517744, "delta": 0.002499}}
{"target": -13.758532012492916, "params": {"gamma": 870.4485451113903, "log10_alpha": 0.009451801186017406, "log10_colsample_bytree": -0.45772609965893685, "log10_eta": -3.8806272326359736, "log10_lambda": 0.41372655436503436, "log10_min_child_weight": 0.09744070889318723, "log10_subsample": -0.7225742410736484, "max_depth": 8.0, "num_boost_round": 0.0}, "datetime": {"datetime": "2024-01-19 00:51:26", "elapsed": 2406.444206, "delta": 33.926462}}
{"target": -13.758530440332706, "params": {"gamma": 870.4485451113903, "log10_alpha": 0.009451801186017406, "log10_colsample_bytree": -0.45772609965893685, "log10_eta": -3.8806272326359736, "log10_lambda": 0.41372655436503436, "log10_min_child_weight": 0.09744070889318723, "log10_subsample": -0.7225742410736484, "max_depth": 8.0, "num_boost_round": 1.0}, "datetime": {"datetime": "2024-01-19 00:51:26", "elapsed": 2406.447331, "delta": 0.003125}}
{"target": -13.758526303136085, "params": {"gamma": 870.4485451113903, "log10_alpha": 0.009451801186017406, "log10_colsample_bytree": -0.45772609965893685, "log10_eta": -3.8806272326359736, "log10_lambda": 0.41372655436503436, "log10_min_child_weight": 0.09744070889318723, "log10_subsample": -0.7225742410736484, "max_depth": 8.0, "num_boost_round": 2.0}, "datetime": {"datetime": "2024-01-19 00:51:26", "elapsed": 2406.450455, "delta": 0.003124}}
{"target": -13.758523040965784, "params": {"gamma": 870.4485451113903, "log10_alpha": 0.009451801186017406, "log10_colsample_bytree": -0.45772609965893685, "log10_eta": -3.8806272326359736, "log10_lambda": 0.41372655436503436, "log10_min_child_weight": 0.09744070889318723, "log10_subsample": -0.7225742410736484, "max_depth": 8.0, "num_boost_round": 3.0}, "datetime": {"datetime": "2024-01-19 00:51:26", "elapsed": 2406.453108, "delta": 0.002653}}
{"target": -13.758520868986572, "params": {"gamma": 870.4485451113903, "log10_alpha": 0.009451801186017406, "log10_colsample_bytree": -0.45772609965893685, "log10_eta": -3.8806272326359736, "log10_lambda": 0.41372655436503436, "log10_min_child_weight": 0.09744070889318723, "log10_subsample": -0.7225742410736484, "max_depth": 8.0, "num_boost_round": 4.0}, "datetime": {"datetime": "2024-01-19 00:51:26", "elapsed": 2406.45558, "delta": 0.002472}}
{"target": -13.758522768577746, "params": {"gamma": 870.4485451113903, "log10_alpha": 0.009451801186017406, "log10_colsample_bytree": -0.45772609965893685, "log10_eta": -3.8806272326359736, "log10_lambda": 0.41372655436503436, "log10_min_child_weight": 0.09744070889318723, "log10_subsample": -0.7225742410736484, "max_depth": 8.0, "num_boost_round": 5.0}, "datetime": {"datetime": "2024-01-19 00:51:26", "elapsed": 2406.458085, "delta": 0.002505}}
{"target": -13.758521983149341, "params": {"gamma": 870.4485451113903, "log10_alpha": 0.009451801186017406, "log10_colsample_bytree": -0.45772609965893685, "log10_eta": -3.8806272326359736, "log10_lambda": 0.41372655436503436, "log10_min_child_weight": 0.09744070889318723, "log10_subsample": -0.7225742410736484, "max_depth": 8.0, "num_boost_round": 6.0}, "datetime": {"datetime": "2024-01-19 00:51:26", "elapsed": 2406.460543, "delta": 0.002458}}
{"target": -13.758521723518468, "params": {"gamma": 870.4485451113903, "log10_alpha": 0.009451801186017406, "log10_colsample_bytree": -0.45772609965893685, "log10_eta": -3.8806272326359736, "log10_lambda": 0.41372655436503436, "log10_min_child_weight": 0.09744070889318723, "log10_subsample": -0.7225742410736484, "max_depth": 8.0, "num_boost_round": 7.0}, "datetime": {"datetime": "2024-01-19 00:51:26", "elapsed": 2406.463111, "delta": 0.002568}}
