{"target": -13.756774557378478, "params": {"gamma": 412.5139344505323, "log10_alpha": -3.869772049650731, "log10_colsample_bytree": -0.7364968373758382, "log10_eta": -2.684074661003377, "log10_lambda": -4.453704558320021, "log10_min_child_weight": 2.934886879428964, "log10_subsample": -0.46023654899606004, "max_depth": 9.0, "num_boost_round": 48.0}, "datetime": {"datetime": "2024-01-19 00:37:37", "elapsed": 1561.018579, "delta": 0.002728}}
{"target": -13.75679165553505, "params": {"gamma": 412.5139344505323, "log10_alpha": -3.869772049650731, "log10_colsample_bytree": -0.7364968373758382, "log10_eta": -2.684074661003377, "log10_lambda": -4.453704558320021, "log10_min_child_weight": 2.934886879428964, "log10_subsample": -0.46023654899606004, "max_depth": 9.0, "num_boost_round": 49.0}, "datetime": {"datetime": "2024-01-19 00:37:37", "elapsed": 1561.021325, "delta": 0.002746}}
{"target": -13.756792208771277, "params": {"gamma": 412.5139344505323, "log10_alpha": -3.869772049650731, "log10_colsample_bytree": -0.7364968373758382, "log10_eta": -2.684074661003377, "log10_lambda": -4.453704558320021, "log10_min_child_weight": 2.934886879428964, "log10_subsample": -0.46023654899606004, "max_depth": 9.0, "num_boost_round": 50.0}, "datetime": {"datetime": "2024-01-19 00:37:37", "elapsed": 1561.024076, "delta": 0.002751}}
{"target": -13.756819996755965, "params": {"gamma": 412.5139344505323, "log10_alpha": -3.869772049650731, "log10_colsample_bytree": -0.7364968373758382, "log10_eta": -2.684074661003377, "log10_lambda": -4.453704558320021, "log10_min_child_weight": 2.934886879428964, "log10_subsample": -0.46023654899606004, "max_depth": 9.0, "num_boost_round": 51.0}, "datetime": {"datetime": "2024-01-19 00:37:37", "elapsed": 1561.0269, "delta": 0.002824}}
{"target": -13.756861221330958, "params": {"gamma": 412.5139344505323, "log10_alpha": -3.869772049650731, "log10_colsample_bytree": -0.7364968373758382, "log10_eta": -2.684074661003377, "log10_lambda": -4.453704558320021, "log10_min_child_weight": 2.934886879428964, "log10_subsample": -0.46023654899606004, "max_depth": 9.0, "num_boost_round": 52.0}, "datetime": {"datetime": "2024-01-19 00:37:37", "elapsed": 1561.029735, "delta": 0.002835}}
{"target": -13.75676597912343, "params": {"gamma": 412.5139344505323, "log10_alpha": -3.869772049650731, "log10_colsample_bytree": -0.7364968373758382, "log10_eta": -2.684074661003377, "log10_lambda": -4.453704558320021, "log10_min_child_weight": 2.934886879428964, "log10_subsample": -0.46023654899606004, "max_depth": 9.0, "num_boost_round": 53.0}, "datetime": {"datetime": "2024-01-19 00:37:37", "elapsed": 1561.032482, "delta": 0.002747}}
{"target": -13.756739528130078, "params": {"gamma": 412.5139344505323, "log10_alpha": -3.869772049650731, "log10_colsample_bytree": -0.7364968373758382, "log10_eta": -2.684074661003377, "log10_lambda": -4.453704558320021, "log10_min_child_weight": 2.934886879428964, "log10_subsample": -0.46023654899606004, "max_depth": 9.0, "num_boost_round": 54.0}, "datetime": {"datetime": "2024-01-19 00:37:37", "elapsed": 1561.035234, "delta": 0.002752}}
{"target": -13.75668726407627, "params": {"gamma": 412.5139344505323, "log10_alpha": -3.869772049650731, "log10_colsample_bytree": -0.7364968373758382, "log10_eta": -2.684074661003377, "log10_lambda": -4.453704558320021, "log10_min_child_weight": 2.934886879428964, "log10_subsample": -0.46023654899606004, "max_depth": 9.0, "num_boost_round": 55.0}, "datetime": {"datetime": "2024-01-19 00:37:37", "elapsed": 1561.037977, "delta": 0.002743}}
{"target": -13.756668834240694, "params": {"gamma": 412.5139344505323, "log10_alpha": -3.869772049650731, "log10_colsample_bytree": -0.7364968373758382, "log10_eta": -2.684074661003377, "log10_lambda": -4.453704558320021, "log10_min_child_weight": 2.934886879428964, "log10_subsample": -0.46023654899606004, "max_depth": 9.0, "num_boost_round": 56.0}, "datetime": {"datetime": "2024-01-19 00:37:37", "elapsed": 1561.04081, "delta": 0.002833}}
{"target": -13.756619572106228, "params": {"gamma": 412.5139344505323, "log10_alpha": -3.869772049650731, "log10_colsample_bytree": -0.7364968373758382, "log10_eta": -2.684074661003377, "log10_lambda": -4.453704558320021, "log10_min_child_weight": 2.934886879428964, "log10_subsample": -0.46023654899606004, "max_depth": 9.0, "num_boost_round": 57.0}, "datetime": {"datetime": "2024-01-19 00:37:37", "elapsed": 1561.043544, "delta": 0.002734}}
{"target": -13.75659711843673, "params": {"gamma": 412.5139344505323, "log10_alpha": -3.869772049650731, "log10_colsample_bytree": -0.7364968373758382, "log10_eta": -2.684074661003377, "log10_lambda": -4.453704558320021, "log10_min_child_weight": 2.934886879428964, "log10_subsample": -0.46023654899606004, "max_depth": 9.0, "num_boost_round": 58.0}, "datetime": {"datetime": "2024-01-19 00:37:37", "elapsed": 1561.046287, "delta": 0.002743}}
{"target": -13.75651884815309, "params": {"gamma": 412.5139344505323, "log10_alpha": -3.869772049650731, "log10_colsample_bytree": -0.7364968373758382, "log10_eta": -2.684074661003377, "log10_lambda": -4.453704558320021, "log10_min_child_weight": 2.934886879428964, "log10_subsample": -0.46023654899606004, "max_depth": 9.0, "num_boost_round": 59.0}, "datetime": {"datetime": "2024-01-19 00:37:37", "elapsed": 1561.04914, "delta": 0.002853}}
{"target": -13.756509255592272, "params": {"gamma": 412.5139344505323, "log10_alpha": -3.869772049650731, "log10_colsample_bytree": -0.7364968373758382, "log10_eta": -2.684074661003377, "log10_lambda": -4.453704558320021, "log10_min_child_weight": 2.934886879428964, "log10_subsample": -0.46023654899606004, "max_depth": 9.0, "num_boost_round": 60.0}, "datetime": {"datetime": "2024-01-19 00:37:37", "elapsed": 1561.051893, "delta": 0.002753}}
{"target": -13.756485623773088, "params": {"gamma": 412.5139344505323, "log10_alpha": -3.869772049650731, "log10_colsample_bytree": -0.7364968373758382, "log10_eta": -2.684074661003377, "log10_lambda": -4.453704558320021, "log10_min_child_weight": 2.934886879428964, "log10_subsample": -0.46023654899606004, "max_depth": 9.0, "num_boost_round": 61.0}, "datetime": {"datetime": "2024-01-19 00:37:37", "elapsed": 1561.054636, "delta": 0.002743}}
{"target": -13.756457298017896, "params": {"gamma": 412.5139344505323, "log10_alpha": -3.869772049650731, "log10_colsample_bytree": -0.7364968373758382, "log10_eta": -2.684074661003377, "log10_lambda": -4.453704558320021, "log10_min_child_weight": 2.934886879428964, "log10_subsample": -0.46023654899606004, "max_depth": 9.0, "num_boost_round": 62.0}, "datetime": {"datetime": "2024-01-19 00:37:37", "elapsed": 1561.057377, "delta": 0.002741}}
{"target": -13.756375931516397, "params": {"gamma": 412.5139344505323, "log10_alpha": -3.869772049650731, "log10_colsample_bytree": -0.7364968373758382, "log10_eta": -2.684074661003377, "log10_lambda": -4.453704558320021, "log10_min_child_weight": 2.934886879428964, "log10_subsample": -0.46023654899606004, "max_depth": 9.0, "num_boost_round": 63.0}, "datetime": {"datetime": "2024-01-19 00:37:37", "elapsed": 1561.060202, "delta": 0.002825}}
{"target": -13.756360114299087, "params": {"gamma": 412.5139344505323, "log10_alpha": -3.869772049650731, "log10_colsample_bytree": -0.7364968373758382, "log10_eta": -2.684074661003377, "log10_lambda": -4.453704558320021, "log10_min_child_weight": 2.934886879428964, "log10_subsample": -0.46023654899606004, "max_depth": 9.0, "num_boost_round": 64.0}, "datetime": {"datetime": "2024-01-19 00:37:37", "elapsed": 1561.062947, "delta": 0.002745}}
{"target": -13.756413627294007, "params": {"gamma": 412.5139344505323, "log10_alpha": -3.869772049650731, "log10_colsample_bytree": -0.7364968373758382, "log10_eta": -2.684074661003377, "log10_lambda": -4.453704558320021, "log10_min_child_weight": 2.934886879428964, "log10_subsample": -0.46023654899606004, "max_depth": 9.0, "num_boost_round": 65.0}, "datetime": {"datetime": "2024-01-19 00:37:37", "elapsed": 1561.065694, "delta": 0.002747}}
{"target": -13.75632855296456, "params": {"gamma": 412.5139344505323, "log10_alpha": -3.869772049650731, "log10_colsample_bytree": -0.7364968373758382, "log10_eta": -2.684074661003377, "log10_lambda": -4.453704558320021, "log10_min_child_weight": 2.934886879428964, "log10_subsample": -0.46023654899606004, "max_depth": 9.0, "num_boost_round": 66.0}, "datetime": {"datetime": "2024-01-19 00:37:37", "elapsed": 1561.068564, "delta": 0.00287}}
{"target": -13.756316516416208, "params": {"gamma": 412.5139344505323, "log10_alpha": -3.869772049650731, "log10_colsample_bytree": -0.7364968373758382, "log10_eta": -2.684074661003377, "log10_lambda": -4.453704558320021, "log10_min_child_weight": 2.934886879428964, "log10_subsample": -0.46023654899606004, "max_depth": 9.0, "num_boost_round": 67.0}, "datetime": {"datetime": "2024-01-19 00:37:37", "elapsed": 1561.072058, "delta": 0.003494}}
{"target": -13.756306254714621, "params": {"gamma": 412.5139344505323, "log10_alpha": -3.869772049650731, "log10_colsample_bytree": -0.7364968373758382, "log10_eta": -2.684074661003377, "log10_lambda": -4.453704558320021, "log10_min_child_weight": 2.934886879428964, "log10_subsample": -0.46023654899606004, "max_depth": 9.0, "num_boost_round": 68.0}, "datetime": {"datetime": "2024-01-19 00:37:37", "elapsed": 1561.075477, "delta": 0.003419}}
{"target": -13.756263306782321, "params": {"gamma": 412.5139344505323, "log10_alpha": -3.869772049650731, "log10_colsample_bytree": -0.7364968373758382, "log10_eta": -2.684074661003377, "log10_lambda": -4.453704558320021, "log10_min_child_weight": 2.934886879428964, "log10_subsample": -0.46023654899606004, "max_depth": 9.0, "num_boost_round": 69.0}, "datetime": {"datetime": "2024-01-19 00:37:37", "elapsed": 1561.078247, "delta": 0.00277}}
{"target": -13.756207418104418, "params": {"gamma": 412.5139344505323, "log10_alpha": -3.869772049650731, "log10_colsample_bytree": -0.7364968373758382, "log10_eta": -2.684074661003377, "log10_lambda": -4.453704558320021, "log10_min_child_weight": 2.934886879428964, "log10_subsample": -0.46023654899606004, "max_depth": 9.0, "num_boost_round": 70.0}, "datetime": {"datetime": "2024-01-19 00:37:37", "elapsed": 1561.081021, "delta": 0.002774}}
{"target": -13.756135813938867, "params": {"gamma": 412.5139344505323, "log10_alpha": -3.869772049650731, "log10_colsample_bytree": -0.7364968373758382, "log10_eta": -2.684074661003377, "log10_lambda": -4.453704558320021, "log10_min_child_weight": 2.934886879428964, "log10_subsample": -0.46023654899606004, "max_depth": 9.0, "num_boost_round": 71.0}, "datetime": {"datetime": "2024-01-19 00:37:37", "elapsed": 1561.083804, "delta": 0.002783}}
{"target": -13.756168660057071, "params": {"gamma": 412.5139344505323, "log10_alpha": -3.869772049650731, "log10_colsample_bytree": -0.7364968373758382, "log10_eta": -2.684074661003377, "log10_lambda": -4.453704558320021, "log10_min_child_weight": 2.934886879428964, "log10_subsample": -0.46023654899606004, "max_depth": 9.0, "num_boost_round": 72.0}, "datetime": {"datetime": "2024-01-19 00:37:37", "elapsed": 1561.08657, "delta": 0.002766}}
{"target": -13.756205877166334, "params": {"gamma": 412.5139344505323, "log10_alpha": -3.869772049650731, "log10_colsample_bytree": -0.7364968373758382, "log10_eta": -2.684074661003377, "log10_lambda": -4.453704558320021, "log10_min_child_weight": 2.934886879428964, "log10_subsample": -0.46023654899606004, "max_depth": 9.0, "num_boost_round": 73.0}, "datetime": {"datetime": "2024-01-19 00:37:37", "elapsed": 1561.089336, "delta": 0.002766}}
{"target": -13.756205770301191, "params": {"gamma": 412.5139344505323, "log10_alpha": -3.869772049650731, "log10_colsample_bytree": -0.7364968373758382, "log10_eta": -2.684074661003377, "log10_lambda": -4.453704558320021, "log10_min_child_weight": 2.934886879428964, "log10_subsample": -0.46023654899606004, "max_depth": 9.0, "num_boost_round": 74.0}, "datetime": {"datetime": "2024-01-19 00:37:37", "elapsed": 1561.092325, "delta": 0.002989}}
{"target": -13.756112186185778, "params": {"gamma": 412.5139344505323, "log10_alpha": -3.869772049650731, "log10_colsample_bytree": -0.7364968373758382, "log10_eta": -2.684074661003377, "log10_lambda": -4.453704558320021, "log10_min_child_weight": 2.934886879428964, "log10_subsample": -0.46023654899606004, "max_depth": 9.0, "num_boost_round": 75.0}, "datetime": {"datetime": "2024-01-19 00:37:37", "elapsed": 1561.095338, "delta": 0.003013}}
{"target": -13.756141615350476, "params": {"gamma": 412.5139344505323, "log10_alpha": -3.869772049650731, "log10_colsample_bytree": -0.7364968373758382, "log10_eta": -2.684074661003377, "log10_lambda": -4.453704558320021, "log10_min_child_weight": 2.934886879428964, "log10_subsample": -0.46023654899606004, "max_depth": 9.0, "num_boost_round": 76.0}, "datetime": {"datetime": "2024-01-19 00:37:38", "elapsed": 1561.098263, "delta": 0.002925}}
{"target": -13.756088420382742, "params": {"gamma": 412.5139344505323, "log10_alpha": -3.869772049650731, "log10_colsample_bytree": -0.7364968373758382, "log10_eta": -2.684074661003377, "log10_lambda": -4.453704558320021, "log10_min_child_weight": 2.934886879428964, "log10_subsample": -0.46023654899606004, "max_depth": 9.0, "num_boost_round": 77.0}, "datetime": {"datetime": "2024-01-19 00:37:38", "elapsed": 1561.101089, "delta": 0.002826}}
{"target": -13.75853735981057, "params": {"gamma": 433.7030200333146, "log10_alpha": -3.108457808216493, "log10_colsample_bytree": -0.5996858736950641, "log10_eta": -3.873248420303905, "log10_lambda": 0.20586559619079825, "log10_min_child_weight": 4.897161005888026, "log10_subsample": -0.18908702608820982, "max_depth": 5.0, "num_boost_round": 0.0}, "datetime": {"datetime": "2024-01-19 00:38:39", "elapsed": 1622.305231, "delta": 61.204142}}
{"target": -13.758536891714563, "params": {"gamma": 433.7030200333146, "log10_alpha": -3.108457808216493, "log10_colsample_bytree": -0.5996858736950641, "log10_eta": -3.873248420303905, "log10_lambda": 0.20586559619079825, "log10_min_child_weight": 4.897161005888026, "log10_subsample": -0.18908702608820982, "max_depth": 5.0, "num_boost_round": 1.0}, "datetime": {"datetime": "2024-01-19 00:38:39", "elapsed": 1622.308995, "delta": 0.003764}}
{"target": -13.75853674556518, "params": {"gamma": 433.7030200333146, "log10_alpha": -3.108457808216493, "log10_colsample_bytree": -0.5996858736950641, "log10_eta": -3.873248420303905, "log10_lambda": 0.20586559619079825, "log10_min_child_weight": 4.897161005888026, "log10_subsample": -0.18908702608820982, "max_depth": 5.0, "num_boost_round": 2.0}, "datetime": {"datetime": "2024-01-19 00:38:39", "elapsed": 1622.311842, "delta": 0.002847}}
{"target": -13.758536159141135, "params": {"gamma": 433.7030200333146, "log10_alpha": -3.108457808216493, "log10_colsample_bytree": -0.5996858736950641, "log10_eta": -3.873248420303905, "log10_lambda": 0.20586559619079825, "log10_min_child_weight": 4.897161005888026, "log10_subsample": -0.18908702608820982, "max_depth": 5.0, "num_boost_round": 3.0}, "datetime": {"datetime": "2024-01-19 00:38:39", "elapsed": 1622.314601, "delta": 0.002759}}
{"target": -13.758536502042396, "params": {"gamma": 433.7030200333146, "log10_alpha": -3.108457808216493, "log10_colsample_bytree": -0.5996858736950641, "log10_eta": -3.873248420303905, "log10_lambda": 0.20586559619079825, "log10_min_child_weight": 4.897161005888026, "log10_subsample": -0.18908702608820982, "max_depth": 5.0, "num_boost_round": 4.0}, "datetime": {"datetime": "2024-01-19 00:38:39", "elapsed": 1622.317308, "delta": 0.002707}}
{"target": -13.758535830666908, "params": {"gamma": 433.7030200333146, "log10_alpha": -3.108457808216493, "log10_colsample_bytree": -0.5996858736950641, "log10_eta": -3.873248420303905, "log10_lambda": 0.20586559619079825, "log10_min_child_weight": 4.897161005888026, "log10_subsample": -0.18908702608820982, "max_depth": 5.0, "num_boost_round": 5.0}, "datetime": {"datetime": "2024-01-19 00:38:39", "elapsed": 1622.320065, "delta": 0.002757}}
{"target": -13.758535935631066, "params": {"gamma": 433.7030200333146, "log10_alpha": -3.108457808216493, "log10_colsample_bytree": -0.5996858736950641, "log10_eta": -3.873248420303905, "log10_lambda": 0.20586559619079825, "log10_min_child_weight": 4.897161005888026, "log10_subsample": -0.18908702608820982, "max_depth": 5.0, "num_boost_round": 6.0}, "datetime": {"datetime": "2024-01-19 00:38:39", "elapsed": 1622.322763, "delta": 0.002698}}
{"target": -13.758534064892437, "params": {"gamma": 433.7030200333146, "log10_alpha": -3.108457808216493, "log10_colsample_bytree": -0.5996858736950641, "log10_eta": -3.873248420303905, "log10_lambda": 0.20586559619079825, "log10_min_child_weight": 4.897161005888026, "log10_subsample": -0.18908702608820982, "max_depth": 5.0, "num_boost_round": 7.0}, "datetime": {"datetime": "2024-01-19 00:38:39", "elapsed": 1622.325439, "delta": 0.002676}}
{"target": -13.75853424497712, "params": {"gamma": 433.7030200333146, "log10_alpha": -3.108457808216493, "log10_colsample_bytree": -0.5996858736950641, "log10_eta": -3.873248420303905, "log10_lambda": 0.20586559619079825, "log10_min_child_weight": 4.897161005888026, "log10_subsample": -0.18908702608820982, "max_depth": 5.0, "num_boost_round": 8.0}, "datetime": {"datetime": "2024-01-19 00:38:39", "elapsed": 1622.328146, "delta": 0.002707}}
{"target": -13.758534012415572, "params": {"gamma": 433.7030200333146, "log10_alpha": -3.108457808216493, "log10_colsample_bytree": -0.5996858736950641, "log10_eta": -3.873248420303905, "log10_lambda": 0.20586559619079825, "log10_min_child_weight": 4.897161005888026, "log10_subsample": -0.18908702608820982, "max_depth": 5.0, "num_boost_round": 9.0}, "datetime": {"datetime": "2024-01-19 00:38:39", "elapsed": 1622.330987, "delta": 0.002841}}
{"target": -13.75853287687548, "params": {"gamma": 433.7030200333146, "log10_alpha": -3.108457808216493, "log10_colsample_bytree": -0.5996858736950641, "log10_eta": -3.873248420303905, "log10_lambda": 0.20586559619079825, "log10_min_child_weight": 4.897161005888026, "log10_subsample": -0.18908702608820982, "max_depth": 5.0, "num_boost_round": 10.0}, "datetime": {"datetime": "2024-01-19 00:38:39", "elapsed": 1622.333721, "delta": 0.002734}}
{"target": -13.758533356821289, "params": {"gamma": 433.7030200333146, "log10_alpha": -3.108457808216493, "log10_colsample_bytree": -0.5996858736950641, "log10_eta": -3.873248420303905, "log10_lambda": 0.20586559619079825, "log10_min_child_weight": 4.897161005888026, "log10_subsample": -0.18908702608820982, "max_depth": 5.0, "num_boost_round": 11.0}, "datetime": {"datetime": "2024-01-19 00:38:39", "elapsed": 1622.336428, "delta": 0.002707}}
{"target": -13.758533421069101, "params": {"gamma": 433.7030200333146, "log10_alpha": -3.108457808216493, "log10_colsample_bytree": -0.5996858736950641, "log10_eta": -3.873248420303905, "log10_lambda": 0.20586559619079825, "log10_min_child_weight": 4.897161005888026, "log10_subsample": -0.18908702608820982, "max_depth": 5.0, "num_boost_round": 12.0}, "datetime": {"datetime": "2024-01-19 00:38:39", "elapsed": 1622.339168, "delta": 0.00274}}
{"target": -13.758533910715911, "params": {"gamma": 433.7030200333146, "log10_alpha": -3.108457808216493, "log10_colsample_bytree": -0.5996858736950641, "log10_eta": -3.873248420303905, "log10_lambda": 0.20586559619079825, "log10_min_child_weight": 4.897161005888026, "log10_subsample": -0.18908702608820982, "max_depth": 5.0, "num_boost_round": 13.0}, "datetime": {"datetime": "2024-01-19 00:38:39", "elapsed": 1622.341943, "delta": 0.002775}}
{"target": -13.758533979113034, "params": {"gamma": 433.7030200333146, "log10_alpha": -3.108457808216493, "log10_colsample_bytree": -0.5996858736950641, "log10_eta": -3.873248420303905, "log10_lambda": 0.20586559619079825, "log10_min_child_weight": 4.897161005888026, "log10_subsample": -0.18908702608820982, "max_depth": 5.0, "num_boost_round": 14.0}, "datetime": {"datetime": "2024-01-19 00:38:39", "elapsed": 1622.344674, "delta": 0.002731}}
{"target": -13.758532916215447, "params": {"gamma": 433.7030200333146, "log10_alpha": -3.108457808216493, "log10_colsample_bytree": -0.5996858736950641, "log10_eta": -3.873248420303905, "log10_lambda": 0.20586559619079825, "log10_min_child_weight": 4.897161005888026, "log10_subsample": -0.18908702608820982, "max_depth": 5.0, "num_boost_round": 15.0}, "datetime": {"datetime": "2024-01-19 00:38:39", "elapsed": 1622.347386, "delta": 0.002712}}
{"target": -13.758532283143916, "params": {"gamma": 433.7030200333146, "log10_alpha": -3.108457808216493, "log10_colsample_bytree": -0.5996858736950641, "log10_eta": -3.873248420303905, "log10_lambda": 0.20586559619079825, "log10_min_child_weight": 4.897161005888026, "log10_subsample": -0.18908702608820982, "max_depth": 5.0, "num_boost_round": 16.0}, "datetime": {"datetime": "2024-01-19 00:38:39", "elapsed": 1622.350226, "delta": 0.00284}}
{"target": -13.758531858583863, "params": {"gamma": 433.7030200333146, "log10_alpha": -3.108457808216493, "log10_colsample_bytree": -0.5996858736950641, "log10_eta": -3.873248420303905, "log10_lambda": 0.20586559619079825, "log10_min_child_weight": 4.897161005888026, "log10_subsample": -0.18908702608820982, "max_depth": 5.0, "num_boost_round": 17.0}, "datetime": {"datetime": "2024-01-19 00:38:39", "elapsed": 1622.353008, "delta": 0.002782}}
{"target": -13.758530845053722, "params": {"gamma": 433.7030200333146, "log10_alpha": -3.108457808216493, "log10_colsample_bytree": -0.5996858736950641, "log10_eta": -3.873248420303905, "log10_lambda": 0.20586559619079825, "log10_min_child_weight": 4.897161005888026, "log10_subsample": -0.18908702608820982, "max_depth": 5.0, "num_boost_round": 18.0}, "datetime": {"datetime": "2024-01-19 00:38:39", "elapsed": 1622.355733, "delta": 0.002725}}
