{"target": -13.758489673333152, "params": {"gamma": 402.7782218427919, "log10_alpha": -2.721635437301234, "log10_colsample_bytree": -0.3431144586771119, "log10_eta": -3.0885591543110804, "log10_lambda": -1.7249375907848288, "log10_min_child_weight": 3.438109026963541, "log10_subsample": -0.2307069632001605, "max_depth": 9.0, "num_boost_round": 2.0}, "datetime": {"datetime": "2024-01-19 00:43:24", "elapsed": 1907.120363, "delta": 0.003085}}
{"target": -13.75849242080582, "params": {"gamma": 402.7782218427919, "log10_alpha": -2.721635437301234, "log10_colsample_bytree": -0.3431144586771119, "log10_eta": -3.0885591543110804, "log10_lambda": -1.7249375907848288, "log10_min_child_weight": 3.438109026963541, "log10_subsample": -0.2307069632001605, "max_depth": 9.0, "num_boost_round": 3.0}, "datetime": {"datetime": "2024-01-19 00:43:24", "elapsed": 1907.123521, "delta": 0.003158}}
{"target": -13.758461996136209, "params": {"gamma": 402.7782218427919, "log10_alpha": -2.721635437301234, "log10_colsample_bytree": -0.3431144586771119, "log10_eta": -3.0885591543110804, "log10_lambda": -1.7249375907848288, "log10_min_child_weight": 3.438109026963541, "log10_subsample": -0.2307069632001605, "max_depth": 9.0, "num_boost_round": 4.0}, "datetime": {"datetime": "2024-01-19 00:43:24", "elapsed": 1907.126557, "delta": 0.003036}}
{"target": -13.758461371150034, "params": {"gamma": 402.7782218427919, "log10_alpha": -2.721635437301234, "log10_colsample_bytree": -0.3431144586771119, "log10_eta": -3.0885591543110804, "log10_lambda": -1.7249375907848288, "log10_min_child_weight": 3.438109026963541, "log10_subsample": -0.2307069632001605, "max_depth": 9.0, "num_boost_round": 5.0}, "datetime": {"datetime": "2024-01-19 00:43:24", "elapsed": 1907.129721, "delta": 0.003164}}
{"target": -13.758459409539483, "params": {"gamma": 402.7782218427919, "log10_alpha": -2.721635437301234, "log10_colsample_bytree": -0.3431144586771119, "log10_eta": -3.0885591543110804, "log10_lambda": -1.7249375907848288, "log10_min_child_weight": 3.438109026963541, "log10_subsample": -0.2307069632001605, "max_depth": 9.0, "num_boost_round": 6.0}, "datetime": {"datetime": "2024-01-19 00:43:24", "elapsed": 1907.132746, "delta": 0.003025}}
{"target": -13.7584415683743, "params": {"gamma": 402.7782218427919, "log10_alpha": -2.721635437301234, "log10_colsample_bytree": -0.3431144586771119, "log10_eta": -3.0885591543110804, "log10_lambda": -1.7249375907848288, "log10_min_child_weight": 3.438109026963541, "log10_subsample": -0.2307069632001605, "max_depth": 9.0, "num_boost_round": 7.0}, "datetime": {"datetime": "2024-01-19 00:43:24", "elapsed": 1907.135795, "delta": 0.003049}}
{"target": -13.758429439697352, "params": {"gamma": 402.7782218427919, "log10_alpha": -2.721635437301234, "log10_colsample_bytree": -0.3431144586771119, "log10_eta": -3.0885591543110804, "log10_lambda": -1.7249375907848288, "log10_min_child_weight": 3.438109026963541, "log10_subsample": -0.2307069632001605, "max_depth": 9.0, "num_boost_round": 8.0}, "datetime": {"datetime": "2024-01-19 00:43:24", "elapsed": 1907.138813, "delta": 0.003018}}
{"target": -13.75842820241375, "params": {"gamma": 402.7782218427919, "log10_alpha": -2.721635437301234, "log10_colsample_bytree": -0.3431144586771119, "log10_eta": -3.0885591543110804, "log10_lambda": -1.7249375907848288, "log10_min_child_weight": 3.438109026963541, "log10_subsample": -0.2307069632001605, "max_depth": 9.0, "num_boost_round": 9.0}, "datetime": {"datetime": "2024-01-19 00:43:24", "elapsed": 1907.141856, "delta": 0.003043}}
{"target": -13.758421063317382, "params": {"gamma": 402.7782218427919, "log10_alpha": -2.721635437301234, "log10_colsample_bytree": -0.3431144586771119, "log10_eta": -3.0885591543110804, "log10_lambda": -1.7249375907848288, "log10_min_child_weight": 3.438109026963541, "log10_subsample": -0.2307069632001605, "max_depth": 9.0, "num_boost_round": 10.0}, "datetime": {"datetime": "2024-01-19 00:43:24", "elapsed": 1907.144875, "delta": 0.003019}}
{"target": -13.758417457008614, "params": {"gamma": 402.7782218427919, "log10_alpha": -2.721635437301234, "log10_colsample_bytree": -0.3431144586771119, "log10_eta": -3.0885591543110804, "log10_lambda": -1.7249375907848288, "log10_min_child_weight": 3.438109026963541, "log10_subsample": -0.2307069632001605, "max_depth": 9.0, "num_boost_round": 11.0}, "datetime": {"datetime": "2024-01-19 00:43:24", "elapsed": 1907.14791, "delta": 0.003035}}
{"target": -13.758433789623659, "params": {"gamma": 402.7782218427919, "log10_alpha": -2.721635437301234, "log10_colsample_bytree": -0.3431144586771119, "log10_eta": -3.0885591543110804, "log10_lambda": -1.7249375907848288, "log10_min_child_weight": 3.438109026963541, "log10_subsample": -0.2307069632001605, "max_depth": 9.0, "num_boost_round": 12.0}, "datetime": {"datetime": "2024-01-19 00:43:24", "elapsed": 1907.151052, "delta": 0.003142}}
{"target": -13.758440349520983, "params": {"gamma": 402.7782218427919, "log10_alpha": -2.721635437301234, "log10_colsample_bytree": -0.3431144586771119, "log10_eta": -3.0885591543110804, "log10_lambda": -1.7249375907848288, "log10_min_child_weight": 3.438109026963541, "log10_subsample": -0.2307069632001605, "max_depth": 9.0, "num_boost_round": 13.0}, "datetime": {"datetime": "2024-01-19 00:43:24", "elapsed": 1907.154138, "delta": 0.003086}}
{"target": -13.758436655988591, "params": {"gamma": 402.7782218427919, "log10_alpha": -2.721635437301234, "log10_colsample_bytree": -0.3431144586771119, "log10_eta": -3.0885591543110804, "log10_lambda": -1.7249375907848288, "log10_min_child_weight": 3.438109026963541, "log10_subsample": -0.2307069632001605, "max_depth": 9.0, "num_boost_round": 14.0}, "datetime": {"datetime": "2024-01-19 00:43:24", "elapsed": 1907.157158, "delta": 0.00302}}
{"target": -13.758420831342605, "params": {"gamma": 402.7782218427919, "log10_alpha": -2.721635437301234, "log10_colsample_bytree": -0.3431144586771119, "log10_eta": -3.0885591543110804, "log10_lambda": -1.7249375907848288, "log10_min_child_weight": 3.438109026963541, "log10_subsample": -0.2307069632001605, "max_depth": 9.0, "num_boost_round": 15.0}, "datetime": {"datetime": "2024-01-19 00:43:24", "elapsed": 1907.160239, "delta": 0.003081}}
{"target": -13.758432252901278, "params": {"gamma": 402.7782218427919, "log10_alpha": -2.721635437301234, "log10_colsample_bytree": -0.3431144586771119, "log10_eta": -3.0885591543110804, "log10_lambda": -1.7249375907848288, "log10_min_child_weight": 3.438109026963541, "log10_subsample": -0.2307069632001605, "max_depth": 9.0, "num_boost_round": 16.0}, "datetime": {"datetime": "2024-01-19 00:43:24", "elapsed": 1907.163261, "delta": 0.003022}}
{"target": -13.758416059459812, "params": {"gamma": 402.7782218427919, "log10_alpha": -2.721635437301234, "log10_colsample_bytree": -0.3431144586771119, "log10_eta": -3.0885591543110804, "log10_lambda": -1.7249375907848288, "log10_min_child_weight": 3.438109026963541, "log10_subsample": -0.2307069632001605, "max_depth": 9.0, "num_boost_round": 17.0}, "datetime": {"datetime": "2024-01-19 00:43:24", "elapsed": 1907.166345, "delta": 0.003084}}
{"target": -13.758394845774943, "params": {"gamma": 402.7782218427919, "log10_alpha": -2.721635437301234, "log10_colsample_bytree": -0.3431144586771119, "log10_eta": -3.0885591543110804, "log10_lambda": -1.7249375907848288, "log10_min_child_weight": 3.438109026963541, "log10_subsample": -0.2307069632001605, "max_depth": 9.0, "num_boost_round": 18.0}, "datetime": {"datetime": "2024-01-19 00:43:24", "elapsed": 1907.16949, "delta": 0.003145}}
{"target": -13.758370123366085, "params": {"gamma": 402.7782218427919, "log10_alpha": -2.721635437301234, "log10_colsample_bytree": -0.3431144586771119, "log10_eta": -3.0885591543110804, "log10_lambda": -1.7249375907848288, "log10_min_child_weight": 3.438109026963541, "log10_subsample": -0.2307069632001605, "max_depth": 9.0, "num_boost_round": 19.0}, "datetime": {"datetime": "2024-01-19 00:43:24", "elapsed": 1907.172553, "delta": 0.003063}}
{"target": -13.758341750360204, "params": {"gamma": 402.7782218427919, "log10_alpha": -2.721635437301234, "log10_colsample_bytree": -0.3431144586771119, "log10_eta": -3.0885591543110804, "log10_lambda": -1.7249375907848288, "log10_min_child_weight": 3.438109026963541, "log10_subsample": -0.2307069632001605, "max_depth": 9.0, "num_boost_round": 20.0}, "datetime": {"datetime": "2024-01-19 00:43:24", "elapsed": 1907.175583, "delta": 0.00303}}
{"target": -13.75834380109744, "params": {"gamma": 402.7782218427919, "log10_alpha": -2.721635437301234, "log10_colsample_bytree": -0.3431144586771119, "log10_eta": -3.0885591543110804, "log10_lambda": -1.7249375907848288, "log10_min_child_weight": 3.438109026963541, "log10_subsample": -0.2307069632001605, "max_depth": 9.0, "num_boost_round": 21.0}, "datetime": {"datetime": "2024-01-19 00:43:24", "elapsed": 1907.178633, "delta": 0.00305}}
{"target": -13.758323276438306, "params": {"gamma": 402.7782218427919, "log10_alpha": -2.721635437301234, "log10_colsample_bytree": -0.3431144586771119, "log10_eta": -3.0885591543110804, "log10_lambda": -1.7249375907848288, "log10_min_child_weight": 3.438109026963541, "log10_subsample": -0.2307069632001605, "max_depth": 9.0, "num_boost_round": 22.0}, "datetime": {"datetime": "2024-01-19 00:43:24", "elapsed": 1907.181698, "delta": 0.003065}}
{"target": -13.758314302394286, "params": {"gamma": 402.7782218427919, "log10_alpha": -2.721635437301234, "log10_colsample_bytree": -0.3431144586771119, "log10_eta": -3.0885591543110804, "log10_lambda": -1.7249375907848288, "log10_min_child_weight": 3.438109026963541, "log10_subsample": -0.2307069632001605, "max_depth": 9.0, "num_boost_round": 23.0}, "datetime": {"datetime": "2024-01-19 00:43:24", "elapsed": 1907.184745, "delta": 0.003047}}
{"target": -13.758316002047412, "params": {"gamma": 402.7782218427919, "log10_alpha": -2.721635437301234, "log10_colsample_bytree": -0.3431144586771119, "log10_eta": -3.0885591543110804, "log10_lambda": -1.7249375907848288, "log10_min_child_weight": 3.438109026963541, "log10_subsample": -0.2307069632001605, "max_depth": 9.0, "num_boost_round": 24.0}, "datetime": {"datetime": "2024-01-19 00:43:24", "elapsed": 1907.18777, "delta": 0.003025}}
{"target": -13.758296611295357, "params": {"gamma": 402.7782218427919, "log10_alpha": -2.721635437301234, "log10_colsample_bytree": -0.3431144586771119, "log10_eta": -3.0885591543110804, "log10_lambda": -1.7249375907848288, "log10_min_child_weight": 3.438109026963541, "log10_subsample": -0.2307069632001605, "max_depth": 9.0, "num_boost_round": 25.0}, "datetime": {"datetime": "2024-01-19 00:43:24", "elapsed": 1907.19113, "delta": 0.00336}}
{"target": -13.758265750391264, "params": {"gamma": 402.7782218427919, "log10_alpha": -2.721635437301234, "log10_colsample_bytree": -0.3431144586771119, "log10_eta": -3.0885591543110804, "log10_lambda": -1.7249375907848288, "log10_min_child_weight": 3.438109026963541, "log10_subsample": -0.2307069632001605, "max_depth": 9.0, "num_boost_round": 26.0}, "datetime": {"datetime": "2024-01-19 00:43:24", "elapsed": 1907.194354, "delta": 0.003224}}
{"target": -13.75825700145642, "params": {"gamma": 402.7782218427919, "log10_alpha": -2.721635437301234, "log10_colsample_bytree": -0.3431144586771119, "log10_eta": -3.0885591543110804, "log10_lambda": -1.7249375907848288, "log10_min_child_weight": 3.438109026963541, "log10_subsample": -0.2307069632001605, "max_depth": 9.0, "num_boost_round": 27.0}, "datetime": {"datetime": "2024-01-19 00:43:24", "elapsed": 1907.197922, "delta": 0.003568}}
{"target": -13.758254724246399, "params": {"gamma": 402.7782218427919, "log10_alpha": -2.721635437301234, "log10_colsample_bytree": -0.3431144586771119, "log10_eta": -3.0885591543110804, "log10_lambda": -1.7249375907848288, "log10_min_child_weight": 3.438109026963541, "log10_subsample": -0.2307069632001605, "max_depth": 9.0, "num_boost_round": 28.0}, "datetime": {"datetime": "2024-01-19 00:43:24", "elapsed": 1907.200964, "delta": 0.003042}}
{"target": -13.758226886119775, "params": {"gamma": 402.7782218427919, "log10_alpha": -2.721635437301234, "log10_colsample_bytree": -0.3431144586771119, "log10_eta": -3.0885591543110804, "log10_lambda": -1.7249375907848288, "log10_min_child_weight": 3.438109026963541, "log10_subsample": -0.2307069632001605, "max_depth": 9.0, "num_boost_round": 29.0}, "datetime": {"datetime": "2024-01-19 00:43:24", "elapsed": 1907.284448, "delta": 0.083484}}
{"target": -13.758236555412026, "params": {"gamma": 402.7782218427919, "log10_alpha": -2.721635437301234, "log10_colsample_bytree": -0.3431144586771119, "log10_eta": -3.0885591543110804, "log10_lambda": -1.7249375907848288, "log10_min_child_weight": 3.438109026963541, "log10_subsample": -0.2307069632001605, "max_depth": 9.0, "num_boost_round": 30.0}, "datetime": {"datetime": "2024-01-19 00:43:24", "elapsed": 1907.287871, "delta": 0.003423}}
{"target": -13.758214681819199, "params": {"gamma": 402.7782218427919, "log10_alpha": -2.721635437301234, "log10_colsample_bytree": -0.3431144586771119, "log10_eta": -3.0885591543110804, "log10_lambda": -1.7249375907848288, "log10_min_child_weight": 3.438109026963541, "log10_subsample": -0.2307069632001605, "max_depth": 9.0, "num_boost_round": 31.0}, "datetime": {"datetime": "2024-01-19 00:43:24", "elapsed": 1907.291399, "delta": 0.003528}}
{"target": -13.758227518992399, "params": {"gamma": 402.7782218427919, "log10_alpha": -2.721635437301234, "log10_colsample_bytree": -0.3431144586771119, "log10_eta": -3.0885591543110804, "log10_lambda": -1.7249375907848288, "log10_min_child_weight": 3.438109026963541, "log10_subsample": -0.2307069632001605, "max_depth": 9.0, "num_boost_round": 32.0}, "datetime": {"datetime": "2024-01-19 00:43:24", "elapsed": 1907.294668, "delta": 0.003269}}
{"target": -13.758229769096449, "params": {"gamma": 402.7782218427919, "log10_alpha": -2.721635437301234, "log10_colsample_bytree": -0.3431144586771119, "log10_eta": -3.0885591543110804, "log10_lambda": -1.7249375907848288, "log10_min_child_weight": 3.438109026963541, "log10_subsample": -0.2307069632001605, "max_depth": 9.0, "num_boost_round": 33.0}, "datetime": {"datetime": "2024-01-19 00:43:24", "elapsed": 1907.298021, "delta": 0.003353}}
{"target": -13.758220808111595, "params": {"gamma": 402.7782218427919, "log10_alpha": -2.721635437301234, "log10_colsample_bytree": -0.3431144586771119, "log10_eta": -3.0885591543110804, "log10_lambda": -1.7249375907848288, "log10_min_child_weight": 3.438109026963541, "log10_subsample": -0.2307069632001605, "max_depth": 9.0, "num_boost_round": 34.0}, "datetime": {"datetime": "2024-01-19 00:43:24", "elapsed": 1907.30126, "delta": 0.003239}}
{"target": -13.758228495869561, "params": {"gamma": 402.7782218427919, "log10_alpha": -2.721635437301234, "log10_colsample_bytree": -0.3431144586771119, "log10_eta": -3.0885591543110804, "log10_lambda": -1.7249375907848288, "log10_min_child_weight": 3.438109026963541, "log10_subsample": -0.2307069632001605, "max_depth": 9.0, "num_boost_round": 35.0}, "datetime": {"datetime": "2024-01-19 00:43:24", "elapsed": 1907.304581, "delta": 0.003321}}
{"target": -13.758220671221318, "params": {"gamma": 402.7782218427919, "log10_alpha": -2.721635437301234, "log10_colsample_bytree": -0.3431144586771119, "log10_eta": -3.0885591543110804, "log10_lambda": -1.7249375907848288, "log10_min_child_weight": 3.438109026963541, "log10_subsample": -0.2307069632001605, "max_depth": 9.0, "num_boost_round": 36.0}, "datetime": {"datetime": "2024-01-19 00:43:24", "elapsed": 1907.307729, "delta": 0.003148}}
{"target": -13.75822246657797, "params": {"gamma": 402.7782218427919, "log10_alpha": -2.721635437301234, "log10_colsample_bytree": -0.3431144586771119, "log10_eta": -3.0885591543110804, "log10_lambda": -1.7249375907848288, "log10_min_child_weight": 3.438109026963541, "log10_subsample": -0.2307069632001605, "max_depth": 9.0, "num_boost_round": 37.0}, "datetime": {"datetime": "2024-01-19 00:43:24", "elapsed": 1907.310973, "delta": 0.003244}}
{"target": -13.758219358061208, "params": {"gamma": 402.7782218427919, "log10_alpha": -2.721635437301234, "log10_colsample_bytree": -0.3431144586771119, "log10_eta": -3.0885591543110804, "log10_lambda": -1.7249375907848288, "log10_min_child_weight": 3.438109026963541, "log10_subsample": -0.2307069632001605, "max_depth": 9.0, "num_boost_round": 38.0}, "datetime": {"datetime": "2024-01-19 00:43:24", "elapsed": 1907.314168, "delta": 0.003195}}
{"target": -13.758186823651272, "params": {"gamma": 402.7782218427919, "log10_alpha": -2.721635437301234, "log10_colsample_bytree": -0.3431144586771119, "log10_eta": -3.0885591543110804, "log10_lambda": -1.7249375907848288, "log10_min_child_weight": 3.438109026963541, "log10_subsample": -0.2307069632001605, "max_depth": 9.0, "num_boost_round": 39.0}, "datetime": {"datetime": "2024-01-19 00:43:24", "elapsed": 1907.317457, "delta": 0.003289}}
{"target": -13.75819741236262, "params": {"gamma": 402.7782218427919, "log10_alpha": -2.721635437301234, "log10_colsample_bytree": -0.3431144586771119, "log10_eta": -3.0885591543110804, "log10_lambda": -1.7249375907848288, "log10_min_child_weight": 3.438109026963541, "log10_subsample": -0.2307069632001605, "max_depth": 9.0, "num_boost_round": 40.0}, "datetime": {"datetime": "2024-01-19 00:43:24", "elapsed": 1907.320645, "delta": 0.003188}}
{"target": -13.758182529122456, "params": {"gamma": 402.7782218427919, "log10_alpha": -2.721635437301234, "log10_colsample_bytree": -0.3431144586771119, "log10_eta": -3.0885591543110804, "log10_lambda": -1.7249375907848288, "log10_min_child_weight": 3.438109026963541, "log10_subsample": -0.2307069632001605, "max_depth": 9.0, "num_boost_round": 41.0}, "datetime": {"datetime": "2024-01-19 00:43:24", "elapsed": 1907.323914, "delta": 0.003269}}
{"target": -13.758173940202667, "params": {"gamma": 402.7782218427919, "log10_alpha": -2.721635437301234, "log10_colsample_bytree": -0.3431144586771119, "log10_eta": -3.0885591543110804, "log10_lambda": -1.7249375907848288, "log10_min_child_weight": 3.438109026963541, "log10_subsample": -0.2307069632001605, "max_depth": 9.0, "num_boost_round": 42.0}, "datetime": {"datetime": "2024-01-19 00:43:24", "elapsed": 1907.327088, "delta": 0.003174}}
{"target": -13.758187266985745, "params": {"gamma": 402.7782218427919, "log10_alpha": -2.721635437301234, "log10_colsample_bytree": -0.3431144586771119, "log10_eta": -3.0885591543110804, "log10_lambda": -1.7249375907848288, "log10_min_child_weight": 3.438109026963541, "log10_subsample": -0.2307069632001605, "max_depth": 9.0, "num_boost_round": 43.0}, "datetime": {"datetime": "2024-01-19 00:43:24", "elapsed": 1907.330351, "delta": 0.003263}}
{"target": -13.75816879607374, "params": {"gamma": 402.7782218427919, "log10_alpha": -2.721635437301234, "log10_colsample_bytree": -0.3431144586771119, "log10_eta": -3.0885591543110804, "log10_lambda": -1.7249375907848288, "log10_min_child_weight": 3.438109026963541, "log10_subsample": -0.2307069632001605, "max_depth": 9.0, "num_boost_round": 44.0}, "datetime": {"datetime": "2024-01-19 00:43:24", "elapsed": 1907.333529, "delta": 0.003178}}
{"target": -13.758172524225142, "params": {"gamma": 402.7782218427919, "log10_alpha": -2.721635437301234, "log10_colsample_bytree": -0.3431144586771119, "log10_eta": -3.0885591543110804, "log10_lambda": -1.7249375907848288, "log10_min_child_weight": 3.438109026963541, "log10_subsample": -0.2307069632001605, "max_depth": 9.0, "num_boost_round": 45.0}, "datetime": {"datetime": "2024-01-19 00:43:24", "elapsed": 1907.336767, "delta": 0.003238}}
{"target": -13.758168888666011, "params": {"gamma": 402.7782218427919, "log10_alpha": -2.721635437301234, "log10_colsample_bytree": -0.3431144586771119, "log10_eta": -3.0885591543110804, "log10_lambda": -1.7249375907848288, "log10_min_child_weight": 3.438109026963541, "log10_subsample": -0.2307069632001605, "max_depth": 9.0, "num_boost_round": 46.0}, "datetime": {"datetime": "2024-01-19 00:43:24", "elapsed": 1907.339932, "delta": 0.003165}}
{"target": -13.758155594213727, "params": {"gamma": 402.7782218427919, "log10_alpha": -2.721635437301234, "log10_colsample_bytree": -0.3431144586771119, "log10_eta": -3.0885591543110804, "log10_lambda": -1.7249375907848288, "log10_min_child_weight": 3.438109026963541, "log10_subsample": -0.2307069632001605, "max_depth": 9.0, "num_boost_round": 47.0}, "datetime": {"datetime": "2024-01-19 00:43:24", "elapsed": 1907.343202, "delta": 0.00327}}
{"target": -13.758155785894523, "params": {"gamma": 402.7782218427919, "log10_alpha": -2.721635437301234, "log10_colsample_bytree": -0.3431144586771119, "log10_eta": -3.0885591543110804, "log10_lambda": -1.7249375907848288, "log10_min_child_weight": 3.438109026963541, "log10_subsample": -0.2307069632001605, "max_depth": 9.0, "num_boost_round": 48.0}, "datetime": {"datetime": "2024-01-19 00:43:24", "elapsed": 1907.346374, "delta": 0.003172}}
{"target": -13.758150182693733, "params": {"gamma": 402.7782218427919, "log10_alpha": -2.721635437301234, "log10_colsample_bytree": -0.3431144586771119, "log10_eta": -3.0885591543110804, "log10_lambda": -1.7249375907848288, "log10_min_child_weight": 3.438109026963541, "log10_subsample": -0.2307069632001605, "max_depth": 9.0, "num_boost_round": 49.0}, "datetime": {"datetime": "2024-01-19 00:43:24", "elapsed": 1907.349649, "delta": 0.003275}}
{"target": -13.758148370127913, "params": {"gamma": 402.7782218427919, "log10_alpha": -2.721635437301234, "log10_colsample_bytree": -0.3431144586771119, "log10_eta": -3.0885591543110804, "log10_lambda": -1.7249375907848288, "log10_min_child_weight": 3.438109026963541, "log10_subsample": -0.2307069632001605, "max_depth": 9.0, "num_boost_round": 50.0}, "datetime": {"datetime": "2024-01-19 00:43:24", "elapsed": 1907.352814, "delta": 0.003165}}
