{"target": -17.676795639734692, "params": {"gamma": 880.3200345603146, "log10_alpha": 0.50848903537804, "log10_colsample_bytree": -0.003000363193758182, "log10_eta": -3.2000937753652754, "log10_lambda": -1.3207807935011568, "log10_min_child_weight": 2.4738615302342337, "log10_subsample": -0.8876901502865127, "max_depth": 9.0, "num_boost_round": 36.0}, "datetime": {"datetime": "2024-01-19 00:36:04", "elapsed": 1445.493022, "delta": 0.001954}}
{"target": -17.676788694113963, "params": {"gamma": 880.3200345603146, "log10_alpha": 0.50848903537804, "log10_colsample_bytree": -0.003000363193758182, "log10_eta": -3.2000937753652754, "log10_lambda": -1.3207807935011568, "log10_min_child_weight": 2.4738615302342337, "log10_subsample": -0.8876901502865127, "max_depth": 9.0, "num_boost_round": 37.0}, "datetime": {"datetime": "2024-01-19 00:36:04", "elapsed": 1445.494872, "delta": 0.00185}}
{"target": -17.676770349627546, "params": {"gamma": 880.3200345603146, "log10_alpha": 0.50848903537804, "log10_colsample_bytree": -0.003000363193758182, "log10_eta": -3.2000937753652754, "log10_lambda": -1.3207807935011568, "log10_min_child_weight": 2.4738615302342337, "log10_subsample": -0.8876901502865127, "max_depth": 9.0, "num_boost_round": 38.0}, "datetime": {"datetime": "2024-01-19 00:36:04", "elapsed": 1445.496804, "delta": 0.001932}}
{"target": -17.676777975504873, "params": {"gamma": 880.3200345603146, "log10_alpha": 0.50848903537804, "log10_colsample_bytree": -0.003000363193758182, "log10_eta": -3.2000937753652754, "log10_lambda": -1.3207807935011568, "log10_min_child_weight": 2.4738615302342337, "log10_subsample": -0.8876901502865127, "max_depth": 9.0, "num_boost_round": 39.0}, "datetime": {"datetime": "2024-01-19 00:36:04", "elapsed": 1445.498663, "delta": 0.001859}}
{"target": -17.677222137724538, "params": {"gamma": 878.9717293538117, "log10_alpha": -1.4203061346975385, "log10_colsample_bytree": -0.657100163601677, "log10_eta": -3.600314454446585, "log10_lambda": -4.293424558294117, "log10_min_child_weight": 1.640186766218536, "log10_subsample": -0.0660099557893471, "max_depth": 4.0, "num_boost_round": 0.0}, "datetime": {"datetime": "2024-01-19 00:36:36", "elapsed": 1476.693901, "delta": 31.195238}}
{"target": -17.67721451964366, "params": {"gamma": 878.9717293538117, "log10_alpha": -1.4203061346975385, "log10_colsample_bytree": -0.657100163601677, "log10_eta": -3.600314454446585, "log10_lambda": -4.293424558294117, "log10_min_child_weight": 1.640186766218536, "log10_subsample": -0.0660099557893471, "max_depth": 4.0, "num_boost_round": 1.0}, "datetime": {"datetime": "2024-01-19 00:36:36", "elapsed": 1476.696441, "delta": 0.00254}}
{"target": -17.6772005346974, "params": {"gamma": 878.9717293538117, "log10_alpha": -1.4203061346975385, "log10_colsample_bytree": -0.657100163601677, "log10_eta": -3.600314454446585, "log10_lambda": -4.293424558294117, "log10_min_child_weight": 1.640186766218536, "log10_subsample": -0.0660099557893471, "max_depth": 4.0, "num_boost_round": 2.0}, "datetime": {"datetime": "2024-01-19 00:36:36", "elapsed": 1476.698738, "delta": 0.002297}}
{"target": -17.677194247828098, "params": {"gamma": 878.9717293538117, "log10_alpha": -1.4203061346975385, "log10_colsample_bytree": -0.657100163601677, "log10_eta": -3.600314454446585, "log10_lambda": -4.293424558294117, "log10_min_child_weight": 1.640186766218536, "log10_subsample": -0.0660099557893471, "max_depth": 4.0, "num_boost_round": 3.0}, "datetime": {"datetime": "2024-01-19 00:36:36", "elapsed": 1476.700678, "delta": 0.00194}}
{"target": -17.67717827232688, "params": {"gamma": 878.9717293538117, "log10_alpha": -1.4203061346975385, "log10_colsample_bytree": -0.657100163601677, "log10_eta": -3.600314454446585, "log10_lambda": -4.293424558294117, "log10_min_child_weight": 1.640186766218536, "log10_subsample": -0.0660099557893471, "max_depth": 4.0, "num_boost_round": 4.0}, "datetime": {"datetime": "2024-01-19 00:36:36", "elapsed": 1476.702475, "delta": 0.001797}}
{"target": -17.677172470369456, "params": {"gamma": 878.9717293538117, "log10_alpha": -1.4203061346975385, "log10_colsample_bytree": -0.657100163601677, "log10_eta": -3.600314454446585, "log10_lambda": -4.293424558294117, "log10_min_child_weight": 1.640186766218536, "log10_subsample": -0.0660099557893471, "max_depth": 4.0, "num_boost_round": 5.0}, "datetime": {"datetime": "2024-01-19 00:36:36", "elapsed": 1476.704274, "delta": 0.001799}}
{"target": -17.677164803174357, "params": {"gamma": 878.9717293538117, "log10_alpha": -1.4203061346975385, "log10_colsample_bytree": -0.657100163601677, "log10_eta": -3.600314454446585, "log10_lambda": -4.293424558294117, "log10_min_child_weight": 1.640186766218536, "log10_subsample": -0.0660099557893471, "max_depth": 4.0, "num_boost_round": 6.0}, "datetime": {"datetime": "2024-01-19 00:36:36", "elapsed": 1476.706106, "delta": 0.001832}}
{"target": -17.677160011630853, "params": {"gamma": 878.9717293538117, "log10_alpha": -1.4203061346975385, "log10_colsample_bytree": -0.657100163601677, "log10_eta": -3.600314454446585, "log10_lambda": -4.293424558294117, "log10_min_child_weight": 1.640186766218536, "log10_subsample": -0.0660099557893471, "max_depth": 4.0, "num_boost_round": 7.0}, "datetime": {"datetime": "2024-01-19 00:36:36", "elapsed": 1476.707893, "delta": 0.001787}}
{"target": -17.677155177661753, "params": {"gamma": 878.9717293538117, "log10_alpha": -1.4203061346975385, "log10_colsample_bytree": -0.657100163601677, "log10_eta": -3.600314454446585, "log10_lambda": -4.293424558294117, "log10_min_child_weight": 1.640186766218536, "log10_subsample": -0.0660099557893471, "max_depth": 4.0, "num_boost_round": 8.0}, "datetime": {"datetime": "2024-01-19 00:36:36", "elapsed": 1476.709686, "delta": 0.001793}}
{"target": -17.67714655952877, "params": {"gamma": 878.9717293538117, "log10_alpha": -1.4203061346975385, "log10_colsample_bytree": -0.657100163601677, "log10_eta": -3.600314454446585, "log10_lambda": -4.293424558294117, "log10_min_child_weight": 1.640186766218536, "log10_subsample": -0.0660099557893471, "max_depth": 4.0, "num_boost_round": 9.0}, "datetime": {"datetime": "2024-01-19 00:36:36", "elapsed": 1476.71148, "delta": 0.001794}}
{"target": -17.677133446843783, "params": {"gamma": 878.9717293538117, "log10_alpha": -1.4203061346975385, "log10_colsample_bytree": -0.657100163601677, "log10_eta": -3.600314454446585, "log10_lambda": -4.293424558294117, "log10_min_child_weight": 1.640186766218536, "log10_subsample": -0.0660099557893471, "max_depth": 4.0, "num_boost_round": 10.0}, "datetime": {"datetime": "2024-01-19 00:36:36", "elapsed": 1476.713401, "delta": 0.001921}}
{"target": -17.67712572102718, "params": {"gamma": 878.9717293538117, "log10_alpha": -1.4203061346975385, "log10_colsample_bytree": -0.657100163601677, "log10_eta": -3.600314454446585, "log10_lambda": -4.293424558294117, "log10_min_child_weight": 1.640186766218536, "log10_subsample": -0.0660099557893471, "max_depth": 4.0, "num_boost_round": 11.0}, "datetime": {"datetime": "2024-01-19 00:36:36", "elapsed": 1476.715218, "delta": 0.001817}}
{"target": -17.677119639132584, "params": {"gamma": 878.9717293538117, "log10_alpha": -1.4203061346975385, "log10_colsample_bytree": -0.657100163601677, "log10_eta": -3.600314454446585, "log10_lambda": -4.293424558294117, "log10_min_child_weight": 1.640186766218536, "log10_subsample": -0.0660099557893471, "max_depth": 4.0, "num_boost_round": 12.0}, "datetime": {"datetime": "2024-01-19 00:36:36", "elapsed": 1476.717059, "delta": 0.001841}}
{"target": -17.67710483465871, "params": {"gamma": 878.9717293538117, "log10_alpha": -1.4203061346975385, "log10_colsample_bytree": -0.657100163601677, "log10_eta": -3.600314454446585, "log10_lambda": -4.293424558294117, "log10_min_child_weight": 1.640186766218536, "log10_subsample": -0.0660099557893471, "max_depth": 4.0, "num_boost_round": 13.0}, "datetime": {"datetime": "2024-01-19 00:36:36", "elapsed": 1476.71886, "delta": 0.001801}}
{"target": -17.677108238526912, "params": {"gamma": 878.9717293538117, "log10_alpha": -1.4203061346975385, "log10_colsample_bytree": -0.657100163601677, "log10_eta": -3.600314454446585, "log10_lambda": -4.293424558294117, "log10_min_child_weight": 1.640186766218536, "log10_subsample": -0.0660099557893471, "max_depth": 4.0, "num_boost_round": 14.0}, "datetime": {"datetime": "2024-01-19 00:36:36", "elapsed": 1476.720901, "delta": 0.002041}}
{"target": -17.67710115964992, "params": {"gamma": 878.9717293538117, "log10_alpha": -1.4203061346975385, "log10_colsample_bytree": -0.657100163601677, "log10_eta": -3.600314454446585, "log10_lambda": -4.293424558294117, "log10_min_child_weight": 1.640186766218536, "log10_subsample": -0.0660099557893471, "max_depth": 4.0, "num_boost_round": 15.0}, "datetime": {"datetime": "2024-01-19 00:36:36", "elapsed": 1476.722831, "delta": 0.00193}}
{"target": -17.677096483055045, "params": {"gamma": 878.9717293538117, "log10_alpha": -1.4203061346975385, "log10_colsample_bytree": -0.657100163601677, "log10_eta": -3.600314454446585, "log10_lambda": -4.293424558294117, "log10_min_child_weight": 1.640186766218536, "log10_subsample": -0.0660099557893471, "max_depth": 4.0, "num_boost_round": 16.0}, "datetime": {"datetime": "2024-01-19 00:36:36", "elapsed": 1476.725209, "delta": 0.002378}}
{"target": -17.677092762596033, "params": {"gamma": 878.9717293538117, "log10_alpha": -1.4203061346975385, "log10_colsample_bytree": -0.657100163601677, "log10_eta": -3.600314454446585, "log10_lambda": -4.293424558294117, "log10_min_child_weight": 1.640186766218536, "log10_subsample": -0.0660099557893471, "max_depth": 4.0, "num_boost_round": 17.0}, "datetime": {"datetime": "2024-01-19 00:36:36", "elapsed": 1476.727575, "delta": 0.002366}}
{"target": -17.67708657271913, "params": {"gamma": 878.9717293538117, "log10_alpha": -1.4203061346975385, "log10_colsample_bytree": -0.657100163601677, "log10_eta": -3.600314454446585, "log10_lambda": -4.293424558294117, "log10_min_child_weight": 1.640186766218536, "log10_subsample": -0.0660099557893471, "max_depth": 4.0, "num_boost_round": 18.0}, "datetime": {"datetime": "2024-01-19 00:36:36", "elapsed": 1476.730038, "delta": 0.002463}}
{"target": -17.67708242216948, "params": {"gamma": 878.9717293538117, "log10_alpha": -1.4203061346975385, "log10_colsample_bytree": -0.657100163601677, "log10_eta": -3.600314454446585, "log10_lambda": -4.293424558294117, "log10_min_child_weight": 1.640186766218536, "log10_subsample": -0.0660099557893471, "max_depth": 4.0, "num_boost_round": 19.0}, "datetime": {"datetime": "2024-01-19 00:36:36", "elapsed": 1476.731947, "delta": 0.001909}}
{"target": -17.677073224762008, "params": {"gamma": 878.9717293538117, "log10_alpha": -1.4203061346975385, "log10_colsample_bytree": -0.657100163601677, "log10_eta": -3.600314454446585, "log10_lambda": -4.293424558294117, "log10_min_child_weight": 1.640186766218536, "log10_subsample": -0.0660099557893471, "max_depth": 4.0, "num_boost_round": 20.0}, "datetime": {"datetime": "2024-01-19 00:36:36", "elapsed": 1476.733904, "delta": 0.001957}}
{"target": -17.677060183491573, "params": {"gamma": 878.9717293538117, "log10_alpha": -1.4203061346975385, "log10_colsample_bytree": -0.657100163601677, "log10_eta": -3.600314454446585, "log10_lambda": -4.293424558294117, "log10_min_child_weight": 1.640186766218536, "log10_subsample": -0.0660099557893471, "max_depth": 4.0, "num_boost_round": 21.0}, "datetime": {"datetime": "2024-01-19 00:36:36", "elapsed": 1476.735714, "delta": 0.00181}}
{"target": -17.677043254803902, "params": {"gamma": 878.9717293538117, "log10_alpha": -1.4203061346975385, "log10_colsample_bytree": -0.657100163601677, "log10_eta": -3.600314454446585, "log10_lambda": -4.293424558294117, "log10_min_child_weight": 1.640186766218536, "log10_subsample": -0.0660099557893471, "max_depth": 4.0, "num_boost_round": 22.0}, "datetime": {"datetime": "2024-01-19 00:36:36", "elapsed": 1476.737558, "delta": 0.001844}}
{"target": -17.677199910561228, "params": {"gamma": 882.8229290221258, "log10_alpha": -0.392003558294169, "log10_colsample_bytree": -0.042798597312646236, "log10_eta": -2.906866496943356, "log10_lambda": -4.8540691093279555, "log10_min_child_weight": 1.727029952092583, "log10_subsample": -0.7818428896423314, "max_depth": 5.0, "num_boost_round": 0.0}, "datetime": {"datetime": "2024-01-19 00:37:04", "elapsed": 1505.287188, "delta": 28.54963}}
{"target": -17.677103111112213, "params": {"gamma": 882.8229290221258, "log10_alpha": -0.392003558294169, "log10_colsample_bytree": -0.042798597312646236, "log10_eta": -2.906866496943356, "log10_lambda": -4.8540691093279555, "log10_min_child_weight": 1.727029952092583, "log10_subsample": -0.7818428896423314, "max_depth": 5.0, "num_boost_round": 1.0}, "datetime": {"datetime": "2024-01-19 00:37:04", "elapsed": 1505.289216, "delta": 0.002028}}
{"target": -17.67699555579928, "params": {"gamma": 882.8229290221258, "log10_alpha": -0.392003558294169, "log10_colsample_bytree": -0.042798597312646236, "log10_eta": -2.906866496943356, "log10_lambda": -4.8540691093279555, "log10_min_child_weight": 1.727029952092583, "log10_subsample": -0.7818428896423314, "max_depth": 5.0, "num_boost_round": 2.0}, "datetime": {"datetime": "2024-01-19 00:37:04", "elapsed": 1505.291427, "delta": 0.002211}}
{"target": -17.676983954926847, "params": {"gamma": 882.8229290221258, "log10_alpha": -0.392003558294169, "log10_colsample_bytree": -0.042798597312646236, "log10_eta": -2.906866496943356, "log10_lambda": -4.8540691093279555, "log10_min_child_weight": 1.727029952092583, "log10_subsample": -0.7818428896423314, "max_depth": 5.0, "num_boost_round": 3.0}, "datetime": {"datetime": "2024-01-19 00:37:04", "elapsed": 1505.293717, "delta": 0.00229}}
{"target": -17.676961376390288, "params": {"gamma": 882.8229290221258, "log10_alpha": -0.392003558294169, "log10_colsample_bytree": -0.042798597312646236, "log10_eta": -2.906866496943356, "log10_lambda": -4.8540691093279555, "log10_min_child_weight": 1.727029952092583, "log10_subsample": -0.7818428896423314, "max_depth": 5.0, "num_boost_round": 4.0}, "datetime": {"datetime": "2024-01-19 00:37:04", "elapsed": 1505.296215, "delta": 0.002498}}
{"target": -17.67687411674898, "params": {"gamma": 882.8229290221258, "log10_alpha": -0.392003558294169, "log10_colsample_bytree": -0.042798597312646236, "log10_eta": -2.906866496943356, "log10_lambda": -4.8540691093279555, "log10_min_child_weight": 1.727029952092583, "log10_subsample": -0.7818428896423314, "max_depth": 5.0, "num_boost_round": 5.0}, "datetime": {"datetime": "2024-01-19 00:37:04", "elapsed": 1505.298742, "delta": 0.002527}}
{"target": -17.676798163370147, "params": {"gamma": 882.8229290221258, "log10_alpha": -0.392003558294169, "log10_colsample_bytree": -0.042798597312646236, "log10_eta": -2.906866496943356, "log10_lambda": -4.8540691093279555, "log10_min_child_weight": 1.727029952092583, "log10_subsample": -0.7818428896423314, "max_depth": 5.0, "num_boost_round": 6.0}, "datetime": {"datetime": "2024-01-19 00:37:04", "elapsed": 1505.300744, "delta": 0.002002}}
{"target": -17.676716715640527, "params": {"gamma": 882.8229290221258, "log10_alpha": -0.392003558294169, "log10_colsample_bytree": -0.042798597312646236, "log10_eta": -2.906866496943356, "log10_lambda": -4.8540691093279555, "log10_min_child_weight": 1.727029952092583, "log10_subsample": -0.7818428896423314, "max_depth": 5.0, "num_boost_round": 7.0}, "datetime": {"datetime": "2024-01-19 00:37:04", "elapsed": 1505.30275, "delta": 0.002006}}
{"target": -17.676560229591082, "params": {"gamma": 882.8229290221258, "log10_alpha": -0.392003558294169, "log10_colsample_bytree": -0.042798597312646236, "log10_eta": -2.906866496943356, "log10_lambda": -4.8540691093279555, "log10_min_child_weight": 1.727029952092583, "log10_subsample": -0.7818428896423314, "max_depth": 5.0, "num_boost_round": 8.0}, "datetime": {"datetime": "2024-01-19 00:37:04", "elapsed": 1505.304645, "delta": 0.001895}}
{"target": -17.676488470422548, "params": {"gamma": 882.8229290221258, "log10_alpha": -0.392003558294169, "log10_colsample_bytree": -0.042798597312646236, "log10_eta": -2.906866496943356, "log10_lambda": -4.8540691093279555, "log10_min_child_weight": 1.727029952092583, "log10_subsample": -0.7818428896423314, "max_depth": 5.0, "num_boost_round": 9.0}, "datetime": {"datetime": "2024-01-19 00:37:04", "elapsed": 1505.306481, "delta": 0.001836}}
{"target": -17.676462960879753, "params": {"gamma": 882.8229290221258, "log10_alpha": -0.392003558294169, "log10_colsample_bytree": -0.042798597312646236, "log10_eta": -2.906866496943356, "log10_lambda": -4.8540691093279555, "log10_min_child_weight": 1.727029952092583, "log10_subsample": -0.7818428896423314, "max_depth": 5.0, "num_boost_round": 10.0}, "datetime": {"datetime": "2024-01-19 00:37:04", "elapsed": 1505.308386, "delta": 0.001905}}
{"target": -17.676445263614465, "params": {"gamma": 882.8229290221258, "log10_alpha": -0.392003558294169, "log10_colsample_bytree": -0.042798597312646236, "log10_eta": -2.906866496943356, "log10_lambda": -4.8540691093279555, "log10_min_child_weight": 1.727029952092583, "log10_subsample": -0.7818428896423314, "max_depth": 5.0, "num_boost_round": 11.0}, "datetime": {"datetime": "2024-01-19 00:37:04", "elapsed": 1505.310237, "delta": 0.001851}}
{"target": -17.67641318762077, "params": {"gamma": 882.8229290221258, "log10_alpha": -0.392003558294169, "log10_colsample_bytree": -0.042798597312646236, "log10_eta": -2.906866496943356, "log10_lambda": -4.8540691093279555, "log10_min_child_weight": 1.727029952092583, "log10_subsample": -0.7818428896423314, "max_depth": 5.0, "num_boost_round": 12.0}, "datetime": {"datetime": "2024-01-19 00:37:04", "elapsed": 1505.312133, "delta": 0.001896}}
{"target": -17.676428013377198, "params": {"gamma": 882.8229290221258, "log10_alpha": -0.392003558294169, "log10_colsample_bytree": -0.042798597312646236, "log10_eta": -2.906866496943356, "log10_lambda": -4.8540691093279555, "log10_min_child_weight": 1.727029952092583, "log10_subsample": -0.7818428896423314, "max_depth": 5.0, "num_boost_round": 13.0}, "datetime": {"datetime": "2024-01-19 00:37:04", "elapsed": 1505.313957, "delta": 0.001824}}
{"target": -17.67640624074102, "params": {"gamma": 882.8229290221258, "log10_alpha": -0.392003558294169, "log10_colsample_bytree": -0.042798597312646236, "log10_eta": -2.906866496943356, "log10_lambda": -4.8540691093279555, "log10_min_child_weight": 1.727029952092583, "log10_subsample": -0.7818428896423314, "max_depth": 5.0, "num_boost_round": 14.0}, "datetime": {"datetime": "2024-01-19 00:37:04", "elapsed": 1505.315832, "delta": 0.001875}}
{"target": -17.676397357503888, "params": {"gamma": 882.8229290221258, "log10_alpha": -0.392003558294169, "log10_colsample_bytree": -0.042798597312646236, "log10_eta": -2.906866496943356, "log10_lambda": -4.8540691093279555, "log10_min_child_weight": 1.727029952092583, "log10_subsample": -0.7818428896423314, "max_depth": 5.0, "num_boost_round": 15.0}, "datetime": {"datetime": "2024-01-19 00:37:04", "elapsed": 1505.317735, "delta": 0.001903}}
{"target": -17.676342661237136, "params": {"gamma": 882.8229290221258, "log10_alpha": -0.392003558294169, "log10_colsample_bytree": -0.042798597312646236, "log10_eta": -2.906866496943356, "log10_lambda": -4.8540691093279555, "log10_min_child_weight": 1.727029952092583, "log10_subsample": -0.7818428896423314, "max_depth": 5.0, "num_boost_round": 16.0}, "datetime": {"datetime": "2024-01-19 00:37:04", "elapsed": 1505.319583, "delta": 0.001848}}
{"target": -17.676375345457252, "params": {"gamma": 882.8229290221258, "log10_alpha": -0.392003558294169, "log10_colsample_bytree": -0.042798597312646236, "log10_eta": -2.906866496943356, "log10_lambda": -4.8540691093279555, "log10_min_child_weight": 1.727029952092583, "log10_subsample": -0.7818428896423314, "max_depth": 5.0, "num_boost_round": 17.0}, "datetime": {"datetime": "2024-01-19 00:37:04", "elapsed": 1505.321546, "delta": 0.001963}}
{"target": -17.67629505847916, "params": {"gamma": 882.8229290221258, "log10_alpha": -0.392003558294169, "log10_colsample_bytree": -0.042798597312646236, "log10_eta": -2.906866496943356, "log10_lambda": -4.8540691093279555, "log10_min_child_weight": 1.727029952092583, "log10_subsample": -0.7818428896423314, "max_depth": 5.0, "num_boost_round": 18.0}, "datetime": {"datetime": "2024-01-19 00:37:04", "elapsed": 1505.323586, "delta": 0.00204}}
{"target": -17.676249588068853, "params": {"gamma": 882.8229290221258, "log10_alpha": -0.392003558294169, "log10_colsample_bytree": -0.042798597312646236, "log10_eta": -2.906866496943356, "log10_lambda": -4.8540691093279555, "log10_min_child_weight": 1.727029952092583, "log10_subsample": -0.7818428896423314, "max_depth": 5.0, "num_boost_round": 19.0}, "datetime": {"datetime": "2024-01-19 00:37:04", "elapsed": 1505.325508, "delta": 0.001922}}
{"target": -17.676201215448067, "params": {"gamma": 882.8229290221258, "log10_alpha": -0.392003558294169, "log10_colsample_bytree": -0.042798597312646236, "log10_eta": -2.906866496943356, "log10_lambda": -4.8540691093279555, "log10_min_child_weight": 1.727029952092583, "log10_subsample": -0.7818428896423314, "max_depth": 5.0, "num_boost_round": 20.0}, "datetime": {"datetime": "2024-01-19 00:37:04", "elapsed": 1505.327347, "delta": 0.001839}}
{"target": -17.676170767904097, "params": {"gamma": 882.8229290221258, "log10_alpha": -0.392003558294169, "log10_colsample_bytree": -0.042798597312646236, "log10_eta": -2.906866496943356, "log10_lambda": -4.8540691093279555, "log10_min_child_weight": 1.727029952092583, "log10_subsample": -0.7818428896423314, "max_depth": 5.0, "num_boost_round": 21.0}, "datetime": {"datetime": "2024-01-19 00:37:04", "elapsed": 1505.32919, "delta": 0.001843}}
