{"target": -17.675159134639685, "params": {"gamma": 170.81760908901856, "log10_alpha": -1.6066201162655074, "log10_colsample_bytree": -0.0317848576404105, "log10_eta": -2.869732003021588, "log10_lambda": -0.5131381714217502, "log10_min_child_weight": 1.1182631762121291, "log10_subsample": -0.1870119190429368, "max_depth": 6.0, "num_boost_round": 21.0}, "datetime": {"datetime": "2024-01-19 00:24:37", "elapsed": 762.366222, "delta": 0.001176}}
{"target": -17.675219705503, "params": {"gamma": 170.81760908901856, "log10_alpha": -1.6066201162655074, "log10_colsample_bytree": -0.0317848576404105, "log10_eta": -2.869732003021588, "log10_lambda": -0.5131381714217502, "log10_min_child_weight": 1.1182631762121291, "log10_subsample": -0.1870119190429368, "max_depth": 6.0, "num_boost_round": 22.0}, "datetime": {"datetime": "2024-01-19 00:24:37", "elapsed": 762.367496, "delta": 0.001274}}
{"target": -17.675127944666826, "params": {"gamma": 170.81760908901856, "log10_alpha": -1.6066201162655074, "log10_colsample_bytree": -0.0317848576404105, "log10_eta": -2.869732003021588, "log10_lambda": -0.5131381714217502, "log10_min_child_weight": 1.1182631762121291, "log10_subsample": -0.1870119190429368, "max_depth": 6.0, "num_boost_round": 23.0}, "datetime": {"datetime": "2024-01-19 00:24:37", "elapsed": 762.368708, "delta": 0.001212}}
{"target": -17.67493847590408, "params": {"gamma": 170.81760908901856, "log10_alpha": -1.6066201162655074, "log10_colsample_bytree": -0.0317848576404105, "log10_eta": -2.869732003021588, "log10_lambda": -0.5131381714217502, "log10_min_child_weight": 1.1182631762121291, "log10_subsample": -0.1870119190429368, "max_depth": 6.0, "num_boost_round": 24.0}, "datetime": {"datetime": "2024-01-19 00:24:37", "elapsed": 762.369883, "delta": 0.001175}}
{"target": -17.674860550024686, "params": {"gamma": 170.81760908901856, "log10_alpha": -1.6066201162655074, "log10_colsample_bytree": -0.0317848576404105, "log10_eta": -2.869732003021588, "log10_lambda": -0.5131381714217502, "log10_min_child_weight": 1.1182631762121291, "log10_subsample": -0.1870119190429368, "max_depth": 6.0, "num_boost_round": 25.0}, "datetime": {"datetime": "2024-01-19 00:24:37", "elapsed": 762.371072, "delta": 0.001189}}
{"target": -17.67480150400929, "params": {"gamma": 170.81760908901856, "log10_alpha": -1.6066201162655074, "log10_colsample_bytree": -0.0317848576404105, "log10_eta": -2.869732003021588, "log10_lambda": -0.5131381714217502, "log10_min_child_weight": 1.1182631762121291, "log10_subsample": -0.1870119190429368, "max_depth": 6.0, "num_boost_round": 26.0}, "datetime": {"datetime": "2024-01-19 00:24:37", "elapsed": 762.372243, "delta": 0.001171}}
{"target": -17.674684259737727, "params": {"gamma": 170.81760908901856, "log10_alpha": -1.6066201162655074, "log10_colsample_bytree": -0.0317848576404105, "log10_eta": -2.869732003021588, "log10_lambda": -0.5131381714217502, "log10_min_child_weight": 1.1182631762121291, "log10_subsample": -0.1870119190429368, "max_depth": 6.0, "num_boost_round": 27.0}, "datetime": {"datetime": "2024-01-19 00:24:37", "elapsed": 762.373417, "delta": 0.001174}}
{"target": -17.67459141981418, "params": {"gamma": 170.81760908901856, "log10_alpha": -1.6066201162655074, "log10_colsample_bytree": -0.0317848576404105, "log10_eta": -2.869732003021588, "log10_lambda": -0.5131381714217502, "log10_min_child_weight": 1.1182631762121291, "log10_subsample": -0.1870119190429368, "max_depth": 6.0, "num_boost_round": 28.0}, "datetime": {"datetime": "2024-01-19 00:24:37", "elapsed": 762.3746, "delta": 0.001183}}
{"target": -17.67460417067271, "params": {"gamma": 170.81760908901856, "log10_alpha": -1.6066201162655074, "log10_colsample_bytree": -0.0317848576404105, "log10_eta": -2.869732003021588, "log10_lambda": -0.5131381714217502, "log10_min_child_weight": 1.1182631762121291, "log10_subsample": -0.1870119190429368, "max_depth": 6.0, "num_boost_round": 29.0}, "datetime": {"datetime": "2024-01-19 00:24:37", "elapsed": 762.375803, "delta": 0.001203}}
{"target": -17.67458847154821, "params": {"gamma": 170.81760908901856, "log10_alpha": -1.6066201162655074, "log10_colsample_bytree": -0.0317848576404105, "log10_eta": -2.869732003021588, "log10_lambda": -0.5131381714217502, "log10_min_child_weight": 1.1182631762121291, "log10_subsample": -0.1870119190429368, "max_depth": 6.0, "num_boost_round": 30.0}, "datetime": {"datetime": "2024-01-19 00:24:37", "elapsed": 762.376991, "delta": 0.001188}}
{"target": -17.674595904545544, "params": {"gamma": 170.81760908901856, "log10_alpha": -1.6066201162655074, "log10_colsample_bytree": -0.0317848576404105, "log10_eta": -2.869732003021588, "log10_lambda": -0.5131381714217502, "log10_min_child_weight": 1.1182631762121291, "log10_subsample": -0.1870119190429368, "max_depth": 6.0, "num_boost_round": 31.0}, "datetime": {"datetime": "2024-01-19 00:24:37", "elapsed": 762.378177, "delta": 0.001186}}
{"target": -17.674514043125495, "params": {"gamma": 170.81760908901856, "log10_alpha": -1.6066201162655074, "log10_colsample_bytree": -0.0317848576404105, "log10_eta": -2.869732003021588, "log10_lambda": -0.5131381714217502, "log10_min_child_weight": 1.1182631762121291, "log10_subsample": -0.1870119190429368, "max_depth": 6.0, "num_boost_round": 32.0}, "datetime": {"datetime": "2024-01-19 00:24:37", "elapsed": 762.379451, "delta": 0.001274}}
{"target": -17.674378759556767, "params": {"gamma": 170.81760908901856, "log10_alpha": -1.6066201162655074, "log10_colsample_bytree": -0.0317848576404105, "log10_eta": -2.869732003021588, "log10_lambda": -0.5131381714217502, "log10_min_child_weight": 1.1182631762121291, "log10_subsample": -0.1870119190429368, "max_depth": 6.0, "num_boost_round": 33.0}, "datetime": {"datetime": "2024-01-19 00:24:37", "elapsed": 762.380627, "delta": 0.001176}}
{"target": -17.674321929737484, "params": {"gamma": 170.81760908901856, "log10_alpha": -1.6066201162655074, "log10_colsample_bytree": -0.0317848576404105, "log10_eta": -2.869732003021588, "log10_lambda": -0.5131381714217502, "log10_min_child_weight": 1.1182631762121291, "log10_subsample": -0.1870119190429368, "max_depth": 6.0, "num_boost_round": 34.0}, "datetime": {"datetime": "2024-01-19 00:24:37", "elapsed": 762.381803, "delta": 0.001176}}
{"target": -17.6742485788134, "params": {"gamma": 170.81760908901856, "log10_alpha": -1.6066201162655074, "log10_colsample_bytree": -0.0317848576404105, "log10_eta": -2.869732003021588, "log10_lambda": -0.5131381714217502, "log10_min_child_weight": 1.1182631762121291, "log10_subsample": -0.1870119190429368, "max_depth": 6.0, "num_boost_round": 35.0}, "datetime": {"datetime": "2024-01-19 00:24:37", "elapsed": 762.382995, "delta": 0.001192}}
{"target": -17.67411426838385, "params": {"gamma": 170.81760908901856, "log10_alpha": -1.6066201162655074, "log10_colsample_bytree": -0.0317848576404105, "log10_eta": -2.869732003021588, "log10_lambda": -0.5131381714217502, "log10_min_child_weight": 1.1182631762121291, "log10_subsample": -0.1870119190429368, "max_depth": 6.0, "num_boost_round": 36.0}, "datetime": {"datetime": "2024-01-19 00:24:37", "elapsed": 762.384201, "delta": 0.001206}}
{"target": -17.674009188021206, "params": {"gamma": 170.81760908901856, "log10_alpha": -1.6066201162655074, "log10_colsample_bytree": -0.0317848576404105, "log10_eta": -2.869732003021588, "log10_lambda": -0.5131381714217502, "log10_min_child_weight": 1.1182631762121291, "log10_subsample": -0.1870119190429368, "max_depth": 6.0, "num_boost_round": 37.0}, "datetime": {"datetime": "2024-01-19 00:24:37", "elapsed": 762.385388, "delta": 0.001187}}
{"target": -17.673973178258006, "params": {"gamma": 170.81760908901856, "log10_alpha": -1.6066201162655074, "log10_colsample_bytree": -0.0317848576404105, "log10_eta": -2.869732003021588, "log10_lambda": -0.5131381714217502, "log10_min_child_weight": 1.1182631762121291, "log10_subsample": -0.1870119190429368, "max_depth": 6.0, "num_boost_round": 38.0}, "datetime": {"datetime": "2024-01-19 00:24:37", "elapsed": 762.386738, "delta": 0.00135}}
{"target": -17.673907997686836, "params": {"gamma": 170.81760908901856, "log10_alpha": -1.6066201162655074, "log10_colsample_bytree": -0.0317848576404105, "log10_eta": -2.869732003021588, "log10_lambda": -0.5131381714217502, "log10_min_child_weight": 1.1182631762121291, "log10_subsample": -0.1870119190429368, "max_depth": 6.0, "num_boost_round": 39.0}, "datetime": {"datetime": "2024-01-19 00:24:37", "elapsed": 762.388155, "delta": 0.001417}}
{"target": -17.67380774504095, "params": {"gamma": 170.81760908901856, "log10_alpha": -1.6066201162655074, "log10_colsample_bytree": -0.0317848576404105, "log10_eta": -2.869732003021588, "log10_lambda": -0.5131381714217502, "log10_min_child_weight": 1.1182631762121291, "log10_subsample": -0.1870119190429368, "max_depth": 6.0, "num_boost_round": 40.0}, "datetime": {"datetime": "2024-01-19 00:24:37", "elapsed": 762.389431, "delta": 0.001276}}
{"target": -17.673747851156747, "params": {"gamma": 170.81760908901856, "log10_alpha": -1.6066201162655074, "log10_colsample_bytree": -0.0317848576404105, "log10_eta": -2.869732003021588, "log10_lambda": -0.5131381714217502, "log10_min_child_weight": 1.1182631762121291, "log10_subsample": -0.1870119190429368, "max_depth": 6.0, "num_boost_round": 41.0}, "datetime": {"datetime": "2024-01-19 00:24:37", "elapsed": 762.39063, "delta": 0.001199}}
{"target": -17.673723813499812, "params": {"gamma": 170.81760908901856, "log10_alpha": -1.6066201162655074, "log10_colsample_bytree": -0.0317848576404105, "log10_eta": -2.869732003021588, "log10_lambda": -0.5131381714217502, "log10_min_child_weight": 1.1182631762121291, "log10_subsample": -0.1870119190429368, "max_depth": 6.0, "num_boost_round": 42.0}, "datetime": {"datetime": "2024-01-19 00:24:37", "elapsed": 762.391825, "delta": 0.001195}}
{"target": -17.673742708095915, "params": {"gamma": 170.81760908901856, "log10_alpha": -1.6066201162655074, "log10_colsample_bytree": -0.0317848576404105, "log10_eta": -2.869732003021588, "log10_lambda": -0.5131381714217502, "log10_min_child_weight": 1.1182631762121291, "log10_subsample": -0.1870119190429368, "max_depth": 6.0, "num_boost_round": 43.0}, "datetime": {"datetime": "2024-01-19 00:24:37", "elapsed": 762.393011, "delta": 0.001186}}
{"target": -17.673730056577664, "params": {"gamma": 170.81760908901856, "log10_alpha": -1.6066201162655074, "log10_colsample_bytree": -0.0317848576404105, "log10_eta": -2.869732003021588, "log10_lambda": -0.5131381714217502, "log10_min_child_weight": 1.1182631762121291, "log10_subsample": -0.1870119190429368, "max_depth": 6.0, "num_boost_round": 44.0}, "datetime": {"datetime": "2024-01-19 00:24:37", "elapsed": 762.394196, "delta": 0.001185}}
{"target": -17.673673409855418, "params": {"gamma": 170.81760908901856, "log10_alpha": -1.6066201162655074, "log10_colsample_bytree": -0.0317848576404105, "log10_eta": -2.869732003021588, "log10_lambda": -0.5131381714217502, "log10_min_child_weight": 1.1182631762121291, "log10_subsample": -0.1870119190429368, "max_depth": 6.0, "num_boost_round": 45.0}, "datetime": {"datetime": "2024-01-19 00:24:37", "elapsed": 762.395387, "delta": 0.001191}}
{"target": -17.677219089784423, "params": {"gamma": 178.05777665503498, "log10_alpha": -1.9153113098345043, "log10_colsample_bytree": -0.8155829900528708, "log10_eta": -3.357211277197348, "log10_lambda": -1.2823034576034766, "log10_min_child_weight": 4.372400089047106, "log10_subsample": -0.0655167888165189, "max_depth": 4.0, "num_boost_round": 0.0}, "datetime": {"datetime": "2024-01-19 00:25:09", "elapsed": 794.284514, "delta": 31.889127}}
{"target": -17.677221312031374, "params": {"gamma": 178.05777665503498, "log10_alpha": -1.9153113098345043, "log10_colsample_bytree": -0.8155829900528708, "log10_eta": -3.357211277197348, "log10_lambda": -1.2823034576034766, "log10_min_child_weight": 4.372400089047106, "log10_subsample": -0.0655167888165189, "max_depth": 4.0, "num_boost_round": 1.0}, "datetime": {"datetime": "2024-01-19 00:25:09", "elapsed": 794.286639, "delta": 0.002125}}
{"target": -17.677218478740084, "params": {"gamma": 178.05777665503498, "log10_alpha": -1.9153113098345043, "log10_colsample_bytree": -0.8155829900528708, "log10_eta": -3.357211277197348, "log10_lambda": -1.2823034576034766, "log10_min_child_weight": 4.372400089047106, "log10_subsample": -0.0655167888165189, "max_depth": 4.0, "num_boost_round": 2.0}, "datetime": {"datetime": "2024-01-19 00:25:09", "elapsed": 794.288233, "delta": 0.001594}}
{"target": -17.677221088108958, "params": {"gamma": 178.05777665503498, "log10_alpha": -1.9153113098345043, "log10_colsample_bytree": -0.8155829900528708, "log10_eta": -3.357211277197348, "log10_lambda": -1.2823034576034766, "log10_min_child_weight": 4.372400089047106, "log10_subsample": -0.0655167888165189, "max_depth": 4.0, "num_boost_round": 3.0}, "datetime": {"datetime": "2024-01-19 00:25:09", "elapsed": 794.290067, "delta": 0.001834}}
{"target": -17.67721222224755, "params": {"gamma": 178.05777665503498, "log10_alpha": -1.9153113098345043, "log10_colsample_bytree": -0.8155829900528708, "log10_eta": -3.357211277197348, "log10_lambda": -1.2823034576034766, "log10_min_child_weight": 4.372400089047106, "log10_subsample": -0.0655167888165189, "max_depth": 4.0, "num_boost_round": 4.0}, "datetime": {"datetime": "2024-01-19 00:25:09", "elapsed": 794.291711, "delta": 0.001644}}
{"target": -17.677212480982337, "params": {"gamma": 178.05777665503498, "log10_alpha": -1.9153113098345043, "log10_colsample_bytree": -0.8155829900528708, "log10_eta": -3.357211277197348, "log10_lambda": -1.2823034576034766, "log10_min_child_weight": 4.372400089047106, "log10_subsample": -0.0655167888165189, "max_depth": 4.0, "num_boost_round": 5.0}, "datetime": {"datetime": "2024-01-19 00:25:09", "elapsed": 794.293231, "delta": 0.00152}}
{"target": -17.67722349114919, "params": {"gamma": 178.05777665503498, "log10_alpha": -1.9153113098345043, "log10_colsample_bytree": -0.8155829900528708, "log10_eta": -3.357211277197348, "log10_lambda": -1.2823034576034766, "log10_min_child_weight": 4.372400089047106, "log10_subsample": -0.0655167888165189, "max_depth": 4.0, "num_boost_round": 6.0}, "datetime": {"datetime": "2024-01-19 00:25:09", "elapsed": 794.294498, "delta": 0.001267}}
{"target": -17.67721517987864, "params": {"gamma": 178.05777665503498, "log10_alpha": -1.9153113098345043, "log10_colsample_bytree": -0.8155829900528708, "log10_eta": -3.357211277197348, "log10_lambda": -1.2823034576034766, "log10_min_child_weight": 4.372400089047106, "log10_subsample": -0.0655167888165189, "max_depth": 4.0, "num_boost_round": 7.0}, "datetime": {"datetime": "2024-01-19 00:25:09", "elapsed": 794.295752, "delta": 0.001254}}
{"target": -17.677214620022458, "params": {"gamma": 178.05777665503498, "log10_alpha": -1.9153113098345043, "log10_colsample_bytree": -0.8155829900528708, "log10_eta": -3.357211277197348, "log10_lambda": -1.2823034576034766, "log10_min_child_weight": 4.372400089047106, "log10_subsample": -0.0655167888165189, "max_depth": 4.0, "num_boost_round": 8.0}, "datetime": {"datetime": "2024-01-19 00:25:09", "elapsed": 794.296994, "delta": 0.001242}}
{"target": -17.677210524505934, "params": {"gamma": 178.05777665503498, "log10_alpha": -1.9153113098345043, "log10_colsample_bytree": -0.8155829900528708, "log10_eta": -3.357211277197348, "log10_lambda": -1.2823034576034766, "log10_min_child_weight": 4.372400089047106, "log10_subsample": -0.0655167888165189, "max_depth": 4.0, "num_boost_round": 9.0}, "datetime": {"datetime": "2024-01-19 00:25:09", "elapsed": 794.298407, "delta": 0.001413}}
{"target": -17.67720347395808, "params": {"gamma": 178.05777665503498, "log10_alpha": -1.9153113098345043, "log10_colsample_bytree": -0.8155829900528708, "log10_eta": -3.357211277197348, "log10_lambda": -1.2823034576034766, "log10_min_child_weight": 4.372400089047106, "log10_subsample": -0.0655167888165189, "max_depth": 4.0, "num_boost_round": 10.0}, "datetime": {"datetime": "2024-01-19 00:25:09", "elapsed": 794.299759, "delta": 0.001352}}
{"target": -17.677198667404678, "params": {"gamma": 178.05777665503498, "log10_alpha": -1.9153113098345043, "log10_colsample_bytree": -0.8155829900528708, "log10_eta": -3.357211277197348, "log10_lambda": -1.2823034576034766, "log10_min_child_weight": 4.372400089047106, "log10_subsample": -0.0655167888165189, "max_depth": 4.0, "num_boost_round": 11.0}, "datetime": {"datetime": "2024-01-19 00:25:09", "elapsed": 794.301145, "delta": 0.001386}}
{"target": -17.67720141280745, "params": {"gamma": 178.05777665503498, "log10_alpha": -1.9153113098345043, "log10_colsample_bytree": -0.8155829900528708, "log10_eta": -3.357211277197348, "log10_lambda": -1.2823034576034766, "log10_min_child_weight": 4.372400089047106, "log10_subsample": -0.0655167888165189, "max_depth": 4.0, "num_boost_round": 12.0}, "datetime": {"datetime": "2024-01-19 00:25:09", "elapsed": 794.302507, "delta": 0.001362}}
{"target": -17.677201708873522, "params": {"gamma": 178.05777665503498, "log10_alpha": -1.9153113098345043, "log10_colsample_bytree": -0.8155829900528708, "log10_eta": -3.357211277197348, "log10_lambda": -1.2823034576034766, "log10_min_child_weight": 4.372400089047106, "log10_subsample": -0.0655167888165189, "max_depth": 4.0, "num_boost_round": 13.0}, "datetime": {"datetime": "2024-01-19 00:25:09", "elapsed": 794.303773, "delta": 0.001266}}
{"target": -17.677198826194843, "params": {"gamma": 178.05777665503498, "log10_alpha": -1.9153113098345043, "log10_colsample_bytree": -0.8155829900528708, "log10_eta": -3.357211277197348, "log10_lambda": -1.2823034576034766, "log10_min_child_weight": 4.372400089047106, "log10_subsample": -0.0655167888165189, "max_depth": 4.0, "num_boost_round": 14.0}, "datetime": {"datetime": "2024-01-19 00:25:09", "elapsed": 794.305015, "delta": 0.001242}}
{"target": -17.677195309055946, "params": {"gamma": 178.05777665503498, "log10_alpha": -1.9153113098345043, "log10_colsample_bytree": -0.8155829900528708, "log10_eta": -3.357211277197348, "log10_lambda": -1.2823034576034766, "log10_min_child_weight": 4.372400089047106, "log10_subsample": -0.0655167888165189, "max_depth": 4.0, "num_boost_round": 15.0}, "datetime": {"datetime": "2024-01-19 00:25:09", "elapsed": 794.306281, "delta": 0.001266}}
{"target": -17.677191689085436, "params": {"gamma": 178.05777665503498, "log10_alpha": -1.9153113098345043, "log10_colsample_bytree": -0.8155829900528708, "log10_eta": -3.357211277197348, "log10_lambda": -1.2823034576034766, "log10_min_child_weight": 4.372400089047106, "log10_subsample": -0.0655167888165189, "max_depth": 4.0, "num_boost_round": 16.0}, "datetime": {"datetime": "2024-01-19 00:25:09", "elapsed": 794.30756, "delta": 0.001279}}
{"target": -17.67718897657321, "params": {"gamma": 178.05777665503498, "log10_alpha": -1.9153113098345043, "log10_colsample_bytree": -0.8155829900528708, "log10_eta": -3.357211277197348, "log10_lambda": -1.2823034576034766, "log10_min_child_weight": 4.372400089047106, "log10_subsample": -0.0655167888165189, "max_depth": 4.0, "num_boost_round": 17.0}, "datetime": {"datetime": "2024-01-19 00:25:09", "elapsed": 794.308909, "delta": 0.001349}}
{"target": -17.677184827358168, "params": {"gamma": 178.05777665503498, "log10_alpha": -1.9153113098345043, "log10_colsample_bytree": -0.8155829900528708, "log10_eta": -3.357211277197348, "log10_lambda": -1.2823034576034766, "log10_min_child_weight": 4.372400089047106, "log10_subsample": -0.0655167888165189, "max_depth": 4.0, "num_boost_round": 18.0}, "datetime": {"datetime": "2024-01-19 00:25:09", "elapsed": 794.310237, "delta": 0.001328}}
{"target": -17.677176188676896, "params": {"gamma": 178.05777665503498, "log10_alpha": -1.9153113098345043, "log10_colsample_bytree": -0.8155829900528708, "log10_eta": -3.357211277197348, "log10_lambda": -1.2823034576034766, "log10_min_child_weight": 4.372400089047106, "log10_subsample": -0.0655167888165189, "max_depth": 4.0, "num_boost_round": 19.0}, "datetime": {"datetime": "2024-01-19 00:25:09", "elapsed": 794.311557, "delta": 0.00132}}
{"target": -17.677178315420047, "params": {"gamma": 178.05777665503498, "log10_alpha": -1.9153113098345043, "log10_colsample_bytree": -0.8155829900528708, "log10_eta": -3.357211277197348, "log10_lambda": -1.2823034576034766, "log10_min_child_weight": 4.372400089047106, "log10_subsample": -0.0655167888165189, "max_depth": 4.0, "num_boost_round": 20.0}, "datetime": {"datetime": "2024-01-19 00:25:09", "elapsed": 794.312872, "delta": 0.001315}}
{"target": -17.677172727221162, "params": {"gamma": 178.05777665503498, "log10_alpha": -1.9153113098345043, "log10_colsample_bytree": -0.8155829900528708, "log10_eta": -3.357211277197348, "log10_lambda": -1.2823034576034766, "log10_min_child_weight": 4.372400089047106, "log10_subsample": -0.0655167888165189, "max_depth": 4.0, "num_boost_round": 21.0}, "datetime": {"datetime": "2024-01-19 00:25:09", "elapsed": 794.314172, "delta": 0.0013}}
{"target": -17.677168500116863, "params": {"gamma": 178.05777665503498, "log10_alpha": -1.9153113098345043, "log10_colsample_bytree": -0.8155829900528708, "log10_eta": -3.357211277197348, "log10_lambda": -1.2823034576034766, "log10_min_child_weight": 4.372400089047106, "log10_subsample": -0.0655167888165189, "max_depth": 4.0, "num_boost_round": 22.0}, "datetime": {"datetime": "2024-01-19 00:25:09", "elapsed": 794.315474, "delta": 0.001302}}
{"target": -17.677164325171713, "params": {"gamma": 178.05777665503498, "log10_alpha": -1.9153113098345043, "log10_colsample_bytree": -0.8155829900528708, "log10_eta": -3.357211277197348, "log10_lambda": -1.2823034576034766, "log10_min_child_weight": 4.372400089047106, "log10_subsample": -0.0655167888165189, "max_depth": 4.0, "num_boost_round": 23.0}, "datetime": {"datetime": "2024-01-19 00:25:09", "elapsed": 794.316743, "delta": 0.001269}}
