{"target": -13.757954146031958, "params": {"gamma": 713.9731436695346, "log10_alpha": 0.4146868646073969, "log10_colsample_bytree": -0.33301061382686337, "log10_eta": -3.1152190989188133, "log10_lambda": -3.219418698633591, "log10_min_child_weight": 2.677355293336485, "log10_subsample": -0.42060278531925854, "max_depth": 5.0, "num_boost_round": 63.0}, "datetime": {"datetime": "2024-01-19 01:49:58", "elapsed": 5897.851204, "delta": 0.00565}}
{"target": -13.757966606104349, "params": {"gamma": 713.9731436695346, "log10_alpha": 0.4146868646073969, "log10_colsample_bytree": -0.33301061382686337, "log10_eta": -3.1152190989188133, "log10_lambda": -3.219418698633591, "log10_min_child_weight": 2.677355293336485, "log10_subsample": -0.42060278531925854, "max_depth": 5.0, "num_boost_round": 64.0}, "datetime": {"datetime": "2024-01-19 01:49:58", "elapsed": 5897.856836, "delta": 0.005632}}
{"target": -13.757968366973012, "params": {"gamma": 713.9731436695346, "log10_alpha": 0.4146868646073969, "log10_colsample_bytree": -0.33301061382686337, "log10_eta": -3.1152190989188133, "log10_lambda": -3.219418698633591, "log10_min_child_weight": 2.677355293336485, "log10_subsample": -0.42060278531925854, "max_depth": 5.0, "num_boost_round": 65.0}, "datetime": {"datetime": "2024-01-19 01:49:58", "elapsed": 5897.862345, "delta": 0.005509}}
{"target": -13.757972556450236, "params": {"gamma": 713.9731436695346, "log10_alpha": 0.4146868646073969, "log10_colsample_bytree": -0.33301061382686337, "log10_eta": -3.1152190989188133, "log10_lambda": -3.219418698633591, "log10_min_child_weight": 2.677355293336485, "log10_subsample": -0.42060278531925854, "max_depth": 5.0, "num_boost_round": 66.0}, "datetime": {"datetime": "2024-01-19 01:49:58", "elapsed": 5897.867894, "delta": 0.005549}}
{"target": -13.757972985414387, "params": {"gamma": 713.9731436695346, "log10_alpha": 0.4146868646073969, "log10_colsample_bytree": -0.33301061382686337, "log10_eta": -3.1152190989188133, "log10_lambda": -3.219418698633591, "log10_min_child_weight": 2.677355293336485, "log10_subsample": -0.42060278531925854, "max_depth": 5.0, "num_boost_round": 67.0}, "datetime": {"datetime": "2024-01-19 01:49:58", "elapsed": 5897.87367, "delta": 0.005776}}
{"target": -13.757971263512069, "params": {"gamma": 713.9731436695346, "log10_alpha": 0.4146868646073969, "log10_colsample_bytree": -0.33301061382686337, "log10_eta": -3.1152190989188133, "log10_lambda": -3.219418698633591, "log10_min_child_weight": 2.677355293336485, "log10_subsample": -0.42060278531925854, "max_depth": 5.0, "num_boost_round": 68.0}, "datetime": {"datetime": "2024-01-19 01:49:58", "elapsed": 5897.879212, "delta": 0.005542}}
{"target": -13.757960454806833, "params": {"gamma": 713.9731436695346, "log10_alpha": 0.4146868646073969, "log10_colsample_bytree": -0.33301061382686337, "log10_eta": -3.1152190989188133, "log10_lambda": -3.219418698633591, "log10_min_child_weight": 2.677355293336485, "log10_subsample": -0.42060278531925854, "max_depth": 5.0, "num_boost_round": 69.0}, "datetime": {"datetime": "2024-01-19 01:49:58", "elapsed": 5897.884694, "delta": 0.005482}}
{"target": -13.757934028712913, "params": {"gamma": 713.9731436695346, "log10_alpha": 0.4146868646073969, "log10_colsample_bytree": -0.33301061382686337, "log10_eta": -3.1152190989188133, "log10_lambda": -3.219418698633591, "log10_min_child_weight": 2.677355293336485, "log10_subsample": -0.42060278531925854, "max_depth": 5.0, "num_boost_round": 70.0}, "datetime": {"datetime": "2024-01-19 01:49:58", "elapsed": 5897.890274, "delta": 0.00558}}
{"target": -13.757931018336953, "params": {"gamma": 713.9731436695346, "log10_alpha": 0.4146868646073969, "log10_colsample_bytree": -0.33301061382686337, "log10_eta": -3.1152190989188133, "log10_lambda": -3.219418698633591, "log10_min_child_weight": 2.677355293336485, "log10_subsample": -0.42060278531925854, "max_depth": 5.0, "num_boost_round": 71.0}, "datetime": {"datetime": "2024-01-19 01:49:58", "elapsed": 5897.89595, "delta": 0.005676}}
{"target": -13.757956214322222, "params": {"gamma": 713.9731436695346, "log10_alpha": 0.4146868646073969, "log10_colsample_bytree": -0.33301061382686337, "log10_eta": -3.1152190989188133, "log10_lambda": -3.219418698633591, "log10_min_child_weight": 2.677355293336485, "log10_subsample": -0.42060278531925854, "max_depth": 5.0, "num_boost_round": 72.0}, "datetime": {"datetime": "2024-01-19 01:49:58", "elapsed": 5897.901695, "delta": 0.005745}}
{"target": -13.757943625664723, "params": {"gamma": 713.9731436695346, "log10_alpha": 0.4146868646073969, "log10_colsample_bytree": -0.33301061382686337, "log10_eta": -3.1152190989188133, "log10_lambda": -3.219418698633591, "log10_min_child_weight": 2.677355293336485, "log10_subsample": -0.42060278531925854, "max_depth": 5.0, "num_boost_round": 73.0}, "datetime": {"datetime": "2024-01-19 01:49:58", "elapsed": 5897.907574, "delta": 0.005879}}
{"target": -13.75792708679188, "params": {"gamma": 713.9731436695346, "log10_alpha": 0.4146868646073969, "log10_colsample_bytree": -0.33301061382686337, "log10_eta": -3.1152190989188133, "log10_lambda": -3.219418698633591, "log10_min_child_weight": 2.677355293336485, "log10_subsample": -0.42060278531925854, "max_depth": 5.0, "num_boost_round": 74.0}, "datetime": {"datetime": "2024-01-19 01:49:58", "elapsed": 5897.913026, "delta": 0.005452}}
{"target": -13.757923879590697, "params": {"gamma": 713.9731436695346, "log10_alpha": 0.4146868646073969, "log10_colsample_bytree": -0.33301061382686337, "log10_eta": -3.1152190989188133, "log10_lambda": -3.219418698633591, "log10_min_child_weight": 2.677355293336485, "log10_subsample": -0.42060278531925854, "max_depth": 5.0, "num_boost_round": 75.0}, "datetime": {"datetime": "2024-01-19 01:49:58", "elapsed": 5897.918473, "delta": 0.005447}}
{"target": -13.757915073877182, "params": {"gamma": 713.9731436695346, "log10_alpha": 0.4146868646073969, "log10_colsample_bytree": -0.33301061382686337, "log10_eta": -3.1152190989188133, "log10_lambda": -3.219418698633591, "log10_min_child_weight": 2.677355293336485, "log10_subsample": -0.42060278531925854, "max_depth": 5.0, "num_boost_round": 76.0}, "datetime": {"datetime": "2024-01-19 01:49:58", "elapsed": 5897.924386, "delta": 0.005913}}
{"target": -13.757920933684321, "params": {"gamma": 713.9731436695346, "log10_alpha": 0.4146868646073969, "log10_colsample_bytree": -0.33301061382686337, "log10_eta": -3.1152190989188133, "log10_lambda": -3.219418698633591, "log10_min_child_weight": 2.677355293336485, "log10_subsample": -0.42060278531925854, "max_depth": 5.0, "num_boost_round": 77.0}, "datetime": {"datetime": "2024-01-19 01:49:58", "elapsed": 5897.930058, "delta": 0.005672}}
{"target": -13.757888691742965, "params": {"gamma": 713.9731436695346, "log10_alpha": 0.4146868646073969, "log10_colsample_bytree": -0.33301061382686337, "log10_eta": -3.1152190989188133, "log10_lambda": -3.219418698633591, "log10_min_child_weight": 2.677355293336485, "log10_subsample": -0.42060278531925854, "max_depth": 5.0, "num_boost_round": 78.0}, "datetime": {"datetime": "2024-01-19 01:49:58", "elapsed": 5897.935872, "delta": 0.005814}}
{"target": -13.757901054494242, "params": {"gamma": 713.9731436695346, "log10_alpha": 0.4146868646073969, "log10_colsample_bytree": -0.33301061382686337, "log10_eta": -3.1152190989188133, "log10_lambda": -3.219418698633591, "log10_min_child_weight": 2.677355293336485, "log10_subsample": -0.42060278531925854, "max_depth": 5.0, "num_boost_round": 79.0}, "datetime": {"datetime": "2024-01-19 01:49:58", "elapsed": 5897.942966, "delta": 0.007094}}
{"target": -13.757899633714224, "params": {"gamma": 713.9731436695346, "log10_alpha": 0.4146868646073969, "log10_colsample_bytree": -0.33301061382686337, "log10_eta": -3.1152190989188133, "log10_lambda": -3.219418698633591, "log10_min_child_weight": 2.677355293336485, "log10_subsample": -0.42060278531925854, "max_depth": 5.0, "num_boost_round": 80.0}, "datetime": {"datetime": "2024-01-19 01:49:58", "elapsed": 5897.948845, "delta": 0.005879}}
{"target": -13.75788871526003, "params": {"gamma": 713.9731436695346, "log10_alpha": 0.4146868646073969, "log10_colsample_bytree": -0.33301061382686337, "log10_eta": -3.1152190989188133, "log10_lambda": -3.219418698633591, "log10_min_child_weight": 2.677355293336485, "log10_subsample": -0.42060278531925854, "max_depth": 5.0, "num_boost_round": 81.0}, "datetime": {"datetime": "2024-01-19 01:49:58", "elapsed": 5897.954525, "delta": 0.00568}}
{"target": -13.757855071949542, "params": {"gamma": 713.9731436695346, "log10_alpha": 0.4146868646073969, "log10_colsample_bytree": -0.33301061382686337, "log10_eta": -3.1152190989188133, "log10_lambda": -3.219418698633591, "log10_min_child_weight": 2.677355293336485, "log10_subsample": -0.42060278531925854, "max_depth": 5.0, "num_boost_round": 82.0}, "datetime": {"datetime": "2024-01-19 01:49:58", "elapsed": 5897.961009, "delta": 0.006484}}
{"target": -13.758440066583576, "params": {"gamma": 708.6103308031677, "log10_alpha": -2.452490771903797, "log10_colsample_bytree": -0.5051112248308935, "log10_eta": -2.5693937419342356, "log10_lambda": -3.244661512819858, "log10_min_child_weight": 3.0704505976708782, "log10_subsample": -0.6735269778851976, "max_depth": 9.0, "num_boost_round": 0.0}, "datetime": {"datetime": "2024-01-19 01:51:34", "elapsed": 5993.657527, "delta": 95.696518}}
{"target": -13.758393177668555, "params": {"gamma": 708.6103308031677, "log10_alpha": -2.452490771903797, "log10_colsample_bytree": -0.5051112248308935, "log10_eta": -2.5693937419342356, "log10_lambda": -3.244661512819858, "log10_min_child_weight": 3.0704505976708782, "log10_subsample": -0.6735269778851976, "max_depth": 9.0, "num_boost_round": 1.0}, "datetime": {"datetime": "2024-01-19 01:51:34", "elapsed": 5993.663792, "delta": 0.006265}}
{"target": -13.7583244247212, "params": {"gamma": 708.6103308031677, "log10_alpha": -2.452490771903797, "log10_colsample_bytree": -0.5051112248308935, "log10_eta": -2.5693937419342356, "log10_lambda": -3.244661512819858, "log10_min_child_weight": 3.0704505976708782, "log10_subsample": -0.6735269778851976, "max_depth": 9.0, "num_boost_round": 2.0}, "datetime": {"datetime": "2024-01-19 01:51:34", "elapsed": 5993.669521, "delta": 0.005729}}
{"target": -13.75833644927235, "params": {"gamma": 708.6103308031677, "log10_alpha": -2.452490771903797, "log10_colsample_bytree": -0.5051112248308935, "log10_eta": -2.5693937419342356, "log10_lambda": -3.244661512819858, "log10_min_child_weight": 3.0704505976708782, "log10_subsample": -0.6735269778851976, "max_depth": 9.0, "num_boost_round": 3.0}, "datetime": {"datetime": "2024-01-19 01:51:34", "elapsed": 5993.675289, "delta": 0.005768}}
{"target": -13.758292704007927, "params": {"gamma": 708.6103308031677, "log10_alpha": -2.452490771903797, "log10_colsample_bytree": -0.5051112248308935, "log10_eta": -2.5693937419342356, "log10_lambda": -3.244661512819858, "log10_min_child_weight": 3.0704505976708782, "log10_subsample": -0.6735269778851976, "max_depth": 9.0, "num_boost_round": 4.0}, "datetime": {"datetime": "2024-01-19 01:51:34", "elapsed": 5993.680826, "delta": 0.005537}}
{"target": -13.758305588325513, "params": {"gamma": 708.6103308031677, "log10_alpha": -2.452490771903797, "log10_colsample_bytree": -0.5051112248308935, "log10_eta": -2.5693937419342356, "log10_lambda": -3.244661512819858, "log10_min_child_weight": 3.0704505976708782, "log10_subsample": -0.6735269778851976, "max_depth": 9.0, "num_boost_round": 5.0}, "datetime": {"datetime": "2024-01-19 01:51:34", "elapsed": 5993.686477, "delta": 0.005651}}
{"target": -13.758285876815936, "params": {"gamma": 708.6103308031677, "log10_alpha": -2.452490771903797, "log10_colsample_bytree": -0.5051112248308935, "log10_eta": -2.5693937419342356, "log10_lambda": -3.244661512819858, "log10_min_child_weight": 3.0704505976708782, "log10_subsample": -0.6735269778851976, "max_depth": 9.0, "num_boost_round": 6.0}, "datetime": {"datetime": "2024-01-19 01:51:34", "elapsed": 5993.691955, "delta": 0.005478}}
{"target": -13.758227539605384, "params": {"gamma": 708.6103308031677, "log10_alpha": -2.452490771903797, "log10_colsample_bytree": -0.5051112248308935, "log10_eta": -2.5693937419342356, "log10_lambda": -3.244661512819858, "log10_min_child_weight": 3.0704505976708782, "log10_subsample": -0.6735269778851976, "max_depth": 9.0, "num_boost_round": 7.0}, "datetime": {"datetime": "2024-01-19 01:51:34", "elapsed": 5993.820655, "delta": 0.1287}}
{"target": -13.758186551493585, "params": {"gamma": 708.6103308031677, "log10_alpha": -2.452490771903797, "log10_colsample_bytree": -0.5051112248308935, "log10_eta": -2.5693937419342356, "log10_lambda": -3.244661512819858, "log10_min_child_weight": 3.0704505976708782, "log10_subsample": -0.6735269778851976, "max_depth": 9.0, "num_boost_round": 8.0}, "datetime": {"datetime": "2024-01-19 01:51:34", "elapsed": 5993.827382, "delta": 0.006727}}
{"target": -13.758185804237094, "params": {"gamma": 708.6103308031677, "log10_alpha": -2.452490771903797, "log10_colsample_bytree": -0.5051112248308935, "log10_eta": -2.5693937419342356, "log10_lambda": -3.244661512819858, "log10_min_child_weight": 3.0704505976708782, "log10_subsample": -0.6735269778851976, "max_depth": 9.0, "num_boost_round": 9.0}, "datetime": {"datetime": "2024-01-19 01:51:34", "elapsed": 5993.834109, "delta": 0.006727}}
{"target": -13.758119936462611, "params": {"gamma": 708.6103308031677, "log10_alpha": -2.452490771903797, "log10_colsample_bytree": -0.5051112248308935, "log10_eta": -2.5693937419342356, "log10_lambda": -3.244661512819858, "log10_min_child_weight": 3.0704505976708782, "log10_subsample": -0.6735269778851976, "max_depth": 9.0, "num_boost_round": 10.0}, "datetime": {"datetime": "2024-01-19 01:51:34", "elapsed": 5993.840104, "delta": 0.005995}}
{"target": -13.758095976208939, "params": {"gamma": 708.6103308031677, "log10_alpha": -2.452490771903797, "log10_colsample_bytree": -0.5051112248308935, "log10_eta": -2.5693937419342356, "log10_lambda": -3.244661512819858, "log10_min_child_weight": 3.0704505976708782, "log10_subsample": -0.6735269778851976, "max_depth": 9.0, "num_boost_round": 11.0}, "datetime": {"datetime": "2024-01-19 01:51:34", "elapsed": 5993.845657, "delta": 0.005553}}
{"target": -13.758051795288313, "params": {"gamma": 708.6103308031677, "log10_alpha": -2.452490771903797, "log10_colsample_bytree": -0.5051112248308935, "log10_eta": -2.5693937419342356, "log10_lambda": -3.244661512819858, "log10_min_child_weight": 3.0704505976708782, "log10_subsample": -0.6735269778851976, "max_depth": 9.0, "num_boost_round": 12.0}, "datetime": {"datetime": "2024-01-19 01:51:34", "elapsed": 5993.851368, "delta": 0.005711}}
{"target": -13.758047303740653, "params": {"gamma": 708.6103308031677, "log10_alpha": -2.452490771903797, "log10_colsample_bytree": -0.5051112248308935, "log10_eta": -2.5693937419342356, "log10_lambda": -3.244661512819858, "log10_min_child_weight": 3.0704505976708782, "log10_subsample": -0.6735269778851976, "max_depth": 9.0, "num_boost_round": 13.0}, "datetime": {"datetime": "2024-01-19 01:51:34", "elapsed": 5993.857152, "delta": 0.005784}}
{"target": -13.758062457474004, "params": {"gamma": 708.6103308031677, "log10_alpha": -2.452490771903797, "log10_colsample_bytree": -0.5051112248308935, "log10_eta": -2.5693937419342356, "log10_lambda": -3.244661512819858, "log10_min_child_weight": 3.0704505976708782, "log10_subsample": -0.6735269778851976, "max_depth": 9.0, "num_boost_round": 14.0}, "datetime": {"datetime": "2024-01-19 01:51:34", "elapsed": 5993.862686, "delta": 0.005534}}
{"target": -13.758012494835606, "params": {"gamma": 708.6103308031677, "log10_alpha": -2.452490771903797, "log10_colsample_bytree": -0.5051112248308935, "log10_eta": -2.5693937419342356, "log10_lambda": -3.244661512819858, "log10_min_child_weight": 3.0704505976708782, "log10_subsample": -0.6735269778851976, "max_depth": 9.0, "num_boost_round": 15.0}, "datetime": {"datetime": "2024-01-19 01:51:34", "elapsed": 5993.868244, "delta": 0.005558}}
{"target": -13.758009423634494, "params": {"gamma": 708.6103308031677, "log10_alpha": -2.452490771903797, "log10_colsample_bytree": -0.5051112248308935, "log10_eta": -2.5693937419342356, "log10_lambda": -3.244661512819858, "log10_min_child_weight": 3.0704505976708782, "log10_subsample": -0.6735269778851976, "max_depth": 9.0, "num_boost_round": 16.0}, "datetime": {"datetime": "2024-01-19 01:51:34", "elapsed": 5993.873975, "delta": 0.005731}}
{"target": -13.757967818309194, "params": {"gamma": 708.6103308031677, "log10_alpha": -2.452490771903797, "log10_colsample_bytree": -0.5051112248308935, "log10_eta": -2.5693937419342356, "log10_lambda": -3.244661512819858, "log10_min_child_weight": 3.0704505976708782, "log10_subsample": -0.6735269778851976, "max_depth": 9.0, "num_boost_round": 17.0}, "datetime": {"datetime": "2024-01-19 01:51:34", "elapsed": 5993.879765, "delta": 0.00579}}
{"target": -13.757997527624946, "params": {"gamma": 708.6103308031677, "log10_alpha": -2.452490771903797, "log10_colsample_bytree": -0.5051112248308935, "log10_eta": -2.5693937419342356, "log10_lambda": -3.244661512819858, "log10_min_child_weight": 3.0704505976708782, "log10_subsample": -0.6735269778851976, "max_depth": 9.0, "num_boost_round": 18.0}, "datetime": {"datetime": "2024-01-19 01:51:34", "elapsed": 5993.885541, "delta": 0.005776}}
{"target": -13.757996638259868, "params": {"gamma": 708.6103308031677, "log10_alpha": -2.452490771903797, "log10_colsample_bytree": -0.5051112248308935, "log10_eta": -2.5693937419342356, "log10_lambda": -3.244661512819858, "log10_min_child_weight": 3.0704505976708782, "log10_subsample": -0.6735269778851976, "max_depth": 9.0, "num_boost_round": 19.0}, "datetime": {"datetime": "2024-01-19 01:51:34", "elapsed": 5993.891249, "delta": 0.005708}}
{"target": -13.757962764651237, "params": {"gamma": 708.6103308031677, "log10_alpha": -2.452490771903797, "log10_colsample_bytree": -0.5051112248308935, "log10_eta": -2.5693937419342356, "log10_lambda": -3.244661512819858, "log10_min_child_weight": 3.0704505976708782, "log10_subsample": -0.6735269778851976, "max_depth": 9.0, "num_boost_round": 20.0}, "datetime": {"datetime": "2024-01-19 01:51:34", "elapsed": 5993.896946, "delta": 0.005697}}
{"target": -13.757922359253481, "params": {"gamma": 708.6103308031677, "log10_alpha": -2.452490771903797, "log10_colsample_bytree": -0.5051112248308935, "log10_eta": -2.5693937419342356, "log10_lambda": -3.244661512819858, "log10_min_child_weight": 3.0704505976708782, "log10_subsample": -0.6735269778851976, "max_depth": 9.0, "num_boost_round": 21.0}, "datetime": {"datetime": "2024-01-19 01:51:34", "elapsed": 5993.902639, "delta": 0.005693}}
{"target": -13.757816844485932, "params": {"gamma": 708.6103308031677, "log10_alpha": -2.452490771903797, "log10_colsample_bytree": -0.5051112248308935, "log10_eta": -2.5693937419342356, "log10_lambda": -3.244661512819858, "log10_min_child_weight": 3.0704505976708782, "log10_subsample": -0.6735269778851976, "max_depth": 9.0, "num_boost_round": 22.0}, "datetime": {"datetime": "2024-01-19 01:51:34", "elapsed": 5993.908377, "delta": 0.005738}}
{"target": -13.757774241599444, "params": {"gamma": 708.6103308031677, "log10_alpha": -2.452490771903797, "log10_colsample_bytree": -0.5051112248308935, "log10_eta": -2.5693937419342356, "log10_lambda": -3.244661512819858, "log10_min_child_weight": 3.0704505976708782, "log10_subsample": -0.6735269778851976, "max_depth": 9.0, "num_boost_round": 23.0}, "datetime": {"datetime": "2024-01-19 01:51:34", "elapsed": 5993.914955, "delta": 0.006578}}
{"target": -13.757803917660459, "params": {"gamma": 708.6103308031677, "log10_alpha": -2.452490771903797, "log10_colsample_bytree": -0.5051112248308935, "log10_eta": -2.5693937419342356, "log10_lambda": -3.244661512819858, "log10_min_child_weight": 3.0704505976708782, "log10_subsample": -0.6735269778851976, "max_depth": 9.0, "num_boost_round": 24.0}, "datetime": {"datetime": "2024-01-19 01:51:34", "elapsed": 5993.921094, "delta": 0.006139}}
{"target": -13.75777876740725, "params": {"gamma": 708.6103308031677, "log10_alpha": -2.452490771903797, "log10_colsample_bytree": -0.5051112248308935, "log10_eta": -2.5693937419342356, "log10_lambda": -3.244661512819858, "log10_min_child_weight": 3.0704505976708782, "log10_subsample": -0.6735269778851976, "max_depth": 9.0, "num_boost_round": 25.0}, "datetime": {"datetime": "2024-01-19 01:51:34", "elapsed": 5993.927695, "delta": 0.006601}}
{"target": -13.75772771352638, "params": {"gamma": 708.6103308031677, "log10_alpha": -2.452490771903797, "log10_colsample_bytree": -0.5051112248308935, "log10_eta": -2.5693937419342356, "log10_lambda": -3.244661512819858, "log10_min_child_weight": 3.0704505976708782, "log10_subsample": -0.6735269778851976, "max_depth": 9.0, "num_boost_round": 26.0}, "datetime": {"datetime": "2024-01-19 01:51:34", "elapsed": 5993.934158, "delta": 0.006463}}
{"target": -13.757689650319245, "params": {"gamma": 708.6103308031677, "log10_alpha": -2.452490771903797, "log10_colsample_bytree": -0.5051112248308935, "log10_eta": -2.5693937419342356, "log10_lambda": -3.244661512819858, "log10_min_child_weight": 3.0704505976708782, "log10_subsample": -0.6735269778851976, "max_depth": 9.0, "num_boost_round": 27.0}, "datetime": {"datetime": "2024-01-19 01:51:34", "elapsed": 5993.940178, "delta": 0.00602}}
{"target": -13.757644494620655, "params": {"gamma": 708.6103308031677, "log10_alpha": -2.452490771903797, "log10_colsample_bytree": -0.5051112248308935, "log10_eta": -2.5693937419342356, "log10_lambda": -3.244661512819858, "log10_min_child_weight": 3.0704505976708782, "log10_subsample": -0.6735269778851976, "max_depth": 9.0, "num_boost_round": 28.0}, "datetime": {"datetime": "2024-01-19 01:51:34", "elapsed": 5993.946285, "delta": 0.006107}}
