{"target": -17.677226916772337, "params": {"gamma": 883.2508460003099, "log10_alpha": -2.662357321153163, "log10_colsample_bytree": -0.6905363112731508, "log10_eta": -3.9491001307772557, "log10_lambda": -2.5035971957246224, "log10_min_child_weight": 4.199788014880869, "log10_subsample": -0.5713862053735091, "max_depth": 7.0, "num_boost_round": 11.0}, "datetime": {"datetime": "2024-01-19 00:44:25", "elapsed": 1945.719908, "delta": 0.002274}}
{"target": -17.6772262769425, "params": {"gamma": 883.2508460003099, "log10_alpha": -2.662357321153163, "log10_colsample_bytree": -0.6905363112731508, "log10_eta": -3.9491001307772557, "log10_lambda": -2.5035971957246224, "log10_min_child_weight": 4.199788014880869, "log10_subsample": -0.5713862053735091, "max_depth": 7.0, "num_boost_round": 12.0}, "datetime": {"datetime": "2024-01-19 00:44:25", "elapsed": 1945.722426, "delta": 0.002518}}
{"target": -17.67722743093009, "params": {"gamma": 883.2508460003099, "log10_alpha": -2.662357321153163, "log10_colsample_bytree": -0.6905363112731508, "log10_eta": -3.9491001307772557, "log10_lambda": -2.5035971957246224, "log10_min_child_weight": 4.199788014880869, "log10_subsample": -0.5713862053735091, "max_depth": 7.0, "num_boost_round": 13.0}, "datetime": {"datetime": "2024-01-19 00:44:25", "elapsed": 1945.724954, "delta": 0.002528}}
{"target": -17.677222508031335, "params": {"gamma": 866.1602406388932, "log10_alpha": -0.5816741250831701, "log10_colsample_bytree": -0.20361337276122815, "log10_eta": -3.61271583363446, "log10_lambda": -2.2653186845112323, "log10_min_child_weight": 3.1077148230383056, "log10_subsample": -0.7739670970445035, "max_depth": 7.0, "num_boost_round": 0.0}, "datetime": {"datetime": "2024-01-19 00:44:53", "elapsed": 1973.747078, "delta": 28.022124}}
{"target": -17.677216416767855, "params": {"gamma": 866.1602406388932, "log10_alpha": -0.5816741250831701, "log10_colsample_bytree": -0.20361337276122815, "log10_eta": -3.61271583363446, "log10_lambda": -2.2653186845112323, "log10_min_child_weight": 3.1077148230383056, "log10_subsample": -0.7739670970445035, "max_depth": 7.0, "num_boost_round": 1.0}, "datetime": {"datetime": "2024-01-19 00:44:53", "elapsed": 1973.749886, "delta": 0.002808}}
{"target": -17.67721385094063, "params": {"gamma": 866.1602406388932, "log10_alpha": -0.5816741250831701, "log10_colsample_bytree": -0.20361337276122815, "log10_eta": -3.61271583363446, "log10_lambda": -2.2653186845112323, "log10_min_child_weight": 3.1077148230383056, "log10_subsample": -0.7739670970445035, "max_depth": 7.0, "num_boost_round": 2.0}, "datetime": {"datetime": "2024-01-19 00:44:53", "elapsed": 1973.75318, "delta": 0.003294}}
{"target": -17.67721076790185, "params": {"gamma": 866.1602406388932, "log10_alpha": -0.5816741250831701, "log10_colsample_bytree": -0.20361337276122815, "log10_eta": -3.61271583363446, "log10_lambda": -2.2653186845112323, "log10_min_child_weight": 3.1077148230383056, "log10_subsample": -0.7739670970445035, "max_depth": 7.0, "num_boost_round": 3.0}, "datetime": {"datetime": "2024-01-19 00:44:53", "elapsed": 1973.755512, "delta": 0.002332}}
{"target": -17.677203419263414, "params": {"gamma": 866.1602406388932, "log10_alpha": -0.5816741250831701, "log10_colsample_bytree": -0.20361337276122815, "log10_eta": -3.61271583363446, "log10_lambda": -2.2653186845112323, "log10_min_child_weight": 3.1077148230383056, "log10_subsample": -0.7739670970445035, "max_depth": 7.0, "num_boost_round": 4.0}, "datetime": {"datetime": "2024-01-19 00:44:53", "elapsed": 1973.75792, "delta": 0.002408}}
{"target": -17.67720047704455, "params": {"gamma": 866.1602406388932, "log10_alpha": -0.5816741250831701, "log10_colsample_bytree": -0.20361337276122815, "log10_eta": -3.61271583363446, "log10_lambda": -2.2653186845112323, "log10_min_child_weight": 3.1077148230383056, "log10_subsample": -0.7739670970445035, "max_depth": 7.0, "num_boost_round": 5.0}, "datetime": {"datetime": "2024-01-19 00:44:53", "elapsed": 1973.760336, "delta": 0.002416}}
{"target": -17.677193250381347, "params": {"gamma": 866.1602406388932, "log10_alpha": -0.5816741250831701, "log10_colsample_bytree": -0.20361337276122815, "log10_eta": -3.61271583363446, "log10_lambda": -2.2653186845112323, "log10_min_child_weight": 3.1077148230383056, "log10_subsample": -0.7739670970445035, "max_depth": 7.0, "num_boost_round": 6.0}, "datetime": {"datetime": "2024-01-19 00:44:53", "elapsed": 1973.762635, "delta": 0.002299}}
{"target": -17.67718587325165, "params": {"gamma": 866.1602406388932, "log10_alpha": -0.5816741250831701, "log10_colsample_bytree": -0.20361337276122815, "log10_eta": -3.61271583363446, "log10_lambda": -2.2653186845112323, "log10_min_child_weight": 3.1077148230383056, "log10_subsample": -0.7739670970445035, "max_depth": 7.0, "num_boost_round": 7.0}, "datetime": {"datetime": "2024-01-19 00:44:53", "elapsed": 1973.764928, "delta": 0.002293}}
{"target": -17.67717232038054, "params": {"gamma": 866.1602406388932, "log10_alpha": -0.5816741250831701, "log10_colsample_bytree": -0.20361337276122815, "log10_eta": -3.61271583363446, "log10_lambda": -2.2653186845112323, "log10_min_child_weight": 3.1077148230383056, "log10_subsample": -0.7739670970445035, "max_depth": 7.0, "num_boost_round": 8.0}, "datetime": {"datetime": "2024-01-19 00:44:53", "elapsed": 1973.767217, "delta": 0.002289}}
{"target": -17.67716686725855, "params": {"gamma": 866.1602406388932, "log10_alpha": -0.5816741250831701, "log10_colsample_bytree": -0.20361337276122815, "log10_eta": -3.61271583363446, "log10_lambda": -2.2653186845112323, "log10_min_child_weight": 3.1077148230383056, "log10_subsample": -0.7739670970445035, "max_depth": 7.0, "num_boost_round": 9.0}, "datetime": {"datetime": "2024-01-19 00:44:53", "elapsed": 1973.76951, "delta": 0.002293}}
{"target": -17.67715945922604, "params": {"gamma": 866.1602406388932, "log10_alpha": -0.5816741250831701, "log10_colsample_bytree": -0.20361337276122815, "log10_eta": -3.61271583363446, "log10_lambda": -2.2653186845112323, "log10_min_child_weight": 3.1077148230383056, "log10_subsample": -0.7739670970445035, "max_depth": 7.0, "num_boost_round": 10.0}, "datetime": {"datetime": "2024-01-19 00:44:53", "elapsed": 1973.771929, "delta": 0.002419}}
{"target": -17.677149028446795, "params": {"gamma": 866.1602406388932, "log10_alpha": -0.5816741250831701, "log10_colsample_bytree": -0.20361337276122815, "log10_eta": -3.61271583363446, "log10_lambda": -2.2653186845112323, "log10_min_child_weight": 3.1077148230383056, "log10_subsample": -0.7739670970445035, "max_depth": 7.0, "num_boost_round": 11.0}, "datetime": {"datetime": "2024-01-19 00:44:53", "elapsed": 1973.774355, "delta": 0.002426}}
{"target": -17.67714859448637, "params": {"gamma": 866.1602406388932, "log10_alpha": -0.5816741250831701, "log10_colsample_bytree": -0.20361337276122815, "log10_eta": -3.61271583363446, "log10_lambda": -2.2653186845112323, "log10_min_child_weight": 3.1077148230383056, "log10_subsample": -0.7739670970445035, "max_depth": 7.0, "num_boost_round": 12.0}, "datetime": {"datetime": "2024-01-19 00:44:53", "elapsed": 1973.776839, "delta": 0.002484}}
{"target": -17.677137992341965, "params": {"gamma": 866.1602406388932, "log10_alpha": -0.5816741250831701, "log10_colsample_bytree": -0.20361337276122815, "log10_eta": -3.61271583363446, "log10_lambda": -2.2653186845112323, "log10_min_child_weight": 3.1077148230383056, "log10_subsample": -0.7739670970445035, "max_depth": 7.0, "num_boost_round": 13.0}, "datetime": {"datetime": "2024-01-19 00:44:53", "elapsed": 1973.779229, "delta": 0.00239}}
{"target": -17.677138391801343, "params": {"gamma": 866.1602406388932, "log10_alpha": -0.5816741250831701, "log10_colsample_bytree": -0.20361337276122815, "log10_eta": -3.61271583363446, "log10_lambda": -2.2653186845112323, "log10_min_child_weight": 3.1077148230383056, "log10_subsample": -0.7739670970445035, "max_depth": 7.0, "num_boost_round": 14.0}, "datetime": {"datetime": "2024-01-19 00:44:53", "elapsed": 1973.781572, "delta": 0.002343}}
{"target": -17.677131962239898, "params": {"gamma": 866.1602406388932, "log10_alpha": -0.5816741250831701, "log10_colsample_bytree": -0.20361337276122815, "log10_eta": -3.61271583363446, "log10_lambda": -2.2653186845112323, "log10_min_child_weight": 3.1077148230383056, "log10_subsample": -0.7739670970445035, "max_depth": 7.0, "num_boost_round": 15.0}, "datetime": {"datetime": "2024-01-19 00:44:53", "elapsed": 1973.783975, "delta": 0.002403}}
{"target": -17.677126127869435, "params": {"gamma": 866.1602406388932, "log10_alpha": -0.5816741250831701, "log10_colsample_bytree": -0.20361337276122815, "log10_eta": -3.61271583363446, "log10_lambda": -2.2653186845112323, "log10_min_child_weight": 3.1077148230383056, "log10_subsample": -0.7739670970445035, "max_depth": 7.0, "num_boost_round": 16.0}, "datetime": {"datetime": "2024-01-19 00:44:53", "elapsed": 1973.78629, "delta": 0.002315}}
{"target": -17.677127974902817, "params": {"gamma": 866.1602406388932, "log10_alpha": -0.5816741250831701, "log10_colsample_bytree": -0.20361337276122815, "log10_eta": -3.61271583363446, "log10_lambda": -2.2653186845112323, "log10_min_child_weight": 3.1077148230383056, "log10_subsample": -0.7739670970445035, "max_depth": 7.0, "num_boost_round": 17.0}, "datetime": {"datetime": "2024-01-19 00:44:53", "elapsed": 1973.788592, "delta": 0.002302}}
{"target": -17.677131421827394, "params": {"gamma": 866.1602406388932, "log10_alpha": -0.5816741250831701, "log10_colsample_bytree": -0.20361337276122815, "log10_eta": -3.61271583363446, "log10_lambda": -2.2653186845112323, "log10_min_child_weight": 3.1077148230383056, "log10_subsample": -0.7739670970445035, "max_depth": 7.0, "num_boost_round": 18.0}, "datetime": {"datetime": "2024-01-19 00:44:53", "elapsed": 1973.790899, "delta": 0.002307}}
{"target": -17.6772254224543, "params": {"gamma": 882.654756391589, "log10_alpha": -4.394749628052996, "log10_colsample_bytree": -0.6892950863908899, "log10_eta": -3.8925755318879123, "log10_lambda": -3.3785168039863818, "log10_min_child_weight": 1.2217136293719517, "log10_subsample": -0.08454740877482236, "max_depth": 4.0, "num_boost_round": 0.0}, "datetime": {"datetime": "2024-01-19 00:45:26", "elapsed": 2007.552656, "delta": 33.761757}}
{"target": -17.677220982335317, "params": {"gamma": 882.654756391589, "log10_alpha": -4.394749628052996, "log10_colsample_bytree": -0.6892950863908899, "log10_eta": -3.8925755318879123, "log10_lambda": -3.3785168039863818, "log10_min_child_weight": 1.2217136293719517, "log10_subsample": -0.08454740877482236, "max_depth": 4.0, "num_boost_round": 1.0}, "datetime": {"datetime": "2024-01-19 00:45:26", "elapsed": 2007.555819, "delta": 0.003163}}
{"target": -17.67721383196953, "params": {"gamma": 882.654756391589, "log10_alpha": -4.394749628052996, "log10_colsample_bytree": -0.6892950863908899, "log10_eta": -3.8925755318879123, "log10_lambda": -3.3785168039863818, "log10_min_child_weight": 1.2217136293719517, "log10_subsample": -0.08454740877482236, "max_depth": 4.0, "num_boost_round": 2.0}, "datetime": {"datetime": "2024-01-19 00:45:26", "elapsed": 2007.558247, "delta": 0.002428}}
{"target": -17.677209672966207, "params": {"gamma": 882.654756391589, "log10_alpha": -4.394749628052996, "log10_colsample_bytree": -0.6892950863908899, "log10_eta": -3.8925755318879123, "log10_lambda": -3.3785168039863818, "log10_min_child_weight": 1.2217136293719517, "log10_subsample": -0.08454740877482236, "max_depth": 4.0, "num_boost_round": 3.0}, "datetime": {"datetime": "2024-01-19 00:45:26", "elapsed": 2007.560743, "delta": 0.002496}}
{"target": -17.677201294387768, "params": {"gamma": 882.654756391589, "log10_alpha": -4.394749628052996, "log10_colsample_bytree": -0.6892950863908899, "log10_eta": -3.8925755318879123, "log10_lambda": -3.3785168039863818, "log10_min_child_weight": 1.2217136293719517, "log10_subsample": -0.08454740877482236, "max_depth": 4.0, "num_boost_round": 4.0}, "datetime": {"datetime": "2024-01-19 00:45:26", "elapsed": 2007.563076, "delta": 0.002333}}
{"target": -17.677197608432966, "params": {"gamma": 882.654756391589, "log10_alpha": -4.394749628052996, "log10_colsample_bytree": -0.6892950863908899, "log10_eta": -3.8925755318879123, "log10_lambda": -3.3785168039863818, "log10_min_child_weight": 1.2217136293719517, "log10_subsample": -0.08454740877482236, "max_depth": 4.0, "num_boost_round": 5.0}, "datetime": {"datetime": "2024-01-19 00:45:26", "elapsed": 2007.565371, "delta": 0.002295}}
{"target": -17.67719464450048, "params": {"gamma": 882.654756391589, "log10_alpha": -4.394749628052996, "log10_colsample_bytree": -0.6892950863908899, "log10_eta": -3.8925755318879123, "log10_lambda": -3.3785168039863818, "log10_min_child_weight": 1.2217136293719517, "log10_subsample": -0.08454740877482236, "max_depth": 4.0, "num_boost_round": 6.0}, "datetime": {"datetime": "2024-01-19 00:45:26", "elapsed": 2007.567681, "delta": 0.00231}}
{"target": -17.67719012594105, "params": {"gamma": 882.654756391589, "log10_alpha": -4.394749628052996, "log10_colsample_bytree": -0.6892950863908899, "log10_eta": -3.8925755318879123, "log10_lambda": -3.3785168039863818, "log10_min_child_weight": 1.2217136293719517, "log10_subsample": -0.08454740877482236, "max_depth": 4.0, "num_boost_round": 7.0}, "datetime": {"datetime": "2024-01-19 00:45:26", "elapsed": 2007.569972, "delta": 0.002291}}
{"target": -17.677187632248135, "params": {"gamma": 882.654756391589, "log10_alpha": -4.394749628052996, "log10_colsample_bytree": -0.6892950863908899, "log10_eta": -3.8925755318879123, "log10_lambda": -3.3785168039863818, "log10_min_child_weight": 1.2217136293719517, "log10_subsample": -0.08454740877482236, "max_depth": 4.0, "num_boost_round": 8.0}, "datetime": {"datetime": "2024-01-19 00:45:26", "elapsed": 2007.572461, "delta": 0.002489}}
{"target": -17.677185569941553, "params": {"gamma": 882.654756391589, "log10_alpha": -4.394749628052996, "log10_colsample_bytree": -0.6892950863908899, "log10_eta": -3.8925755318879123, "log10_lambda": -3.3785168039863818, "log10_min_child_weight": 1.2217136293719517, "log10_subsample": -0.08454740877482236, "max_depth": 4.0, "num_boost_round": 9.0}, "datetime": {"datetime": "2024-01-19 00:45:26", "elapsed": 2007.574924, "delta": 0.002463}}
{"target": -17.67717893166722, "params": {"gamma": 882.654756391589, "log10_alpha": -4.394749628052996, "log10_colsample_bytree": -0.6892950863908899, "log10_eta": -3.8925755318879123, "log10_lambda": -3.3785168039863818, "log10_min_child_weight": 1.2217136293719517, "log10_subsample": -0.08454740877482236, "max_depth": 4.0, "num_boost_round": 10.0}, "datetime": {"datetime": "2024-01-19 00:45:26", "elapsed": 2007.577365, "delta": 0.002441}}
{"target": -17.677175095168593, "params": {"gamma": 882.654756391589, "log10_alpha": -4.394749628052996, "log10_colsample_bytree": -0.6892950863908899, "log10_eta": -3.8925755318879123, "log10_lambda": -3.3785168039863818, "log10_min_child_weight": 1.2217136293719517, "log10_subsample": -0.08454740877482236, "max_depth": 4.0, "num_boost_round": 11.0}, "datetime": {"datetime": "2024-01-19 00:45:26", "elapsed": 2007.579698, "delta": 0.002333}}
{"target": -17.677171473310004, "params": {"gamma": 882.654756391589, "log10_alpha": -4.394749628052996, "log10_colsample_bytree": -0.6892950863908899, "log10_eta": -3.8925755318879123, "log10_lambda": -3.3785168039863818, "log10_min_child_weight": 1.2217136293719517, "log10_subsample": -0.08454740877482236, "max_depth": 4.0, "num_boost_round": 12.0}, "datetime": {"datetime": "2024-01-19 00:45:26", "elapsed": 2007.58219, "delta": 0.002492}}
{"target": -17.67716554283935, "params": {"gamma": 882.654756391589, "log10_alpha": -4.394749628052996, "log10_colsample_bytree": -0.6892950863908899, "log10_eta": -3.8925755318879123, "log10_lambda": -3.3785168039863818, "log10_min_child_weight": 1.2217136293719517, "log10_subsample": -0.08454740877482236, "max_depth": 4.0, "num_boost_round": 13.0}, "datetime": {"datetime": "2024-01-19 00:45:26", "elapsed": 2007.584536, "delta": 0.002346}}
{"target": -17.67716689801219, "params": {"gamma": 882.654756391589, "log10_alpha": -4.394749628052996, "log10_colsample_bytree": -0.6892950863908899, "log10_eta": -3.8925755318879123, "log10_lambda": -3.3785168039863818, "log10_min_child_weight": 1.2217136293719517, "log10_subsample": -0.08454740877482236, "max_depth": 4.0, "num_boost_round": 14.0}, "datetime": {"datetime": "2024-01-19 00:45:26", "elapsed": 2007.586878, "delta": 0.002342}}
{"target": -17.677163215104372, "params": {"gamma": 882.654756391589, "log10_alpha": -4.394749628052996, "log10_colsample_bytree": -0.6892950863908899, "log10_eta": -3.8925755318879123, "log10_lambda": -3.3785168039863818, "log10_min_child_weight": 1.2217136293719517, "log10_subsample": -0.08454740877482236, "max_depth": 4.0, "num_boost_round": 15.0}, "datetime": {"datetime": "2024-01-19 00:45:26", "elapsed": 2007.589196, "delta": 0.002318}}
{"target": -17.67716017730426, "params": {"gamma": 882.654756391589, "log10_alpha": -4.394749628052996, "log10_colsample_bytree": -0.6892950863908899, "log10_eta": -3.8925755318879123, "log10_lambda": -3.3785168039863818, "log10_min_child_weight": 1.2217136293719517, "log10_subsample": -0.08454740877482236, "max_depth": 4.0, "num_boost_round": 16.0}, "datetime": {"datetime": "2024-01-19 00:45:26", "elapsed": 2007.591524, "delta": 0.002328}}
{"target": -17.677159430511708, "params": {"gamma": 882.654756391589, "log10_alpha": -4.394749628052996, "log10_colsample_bytree": -0.6892950863908899, "log10_eta": -3.8925755318879123, "log10_lambda": -3.3785168039863818, "log10_min_child_weight": 1.2217136293719517, "log10_subsample": -0.08454740877482236, "max_depth": 4.0, "num_boost_round": 17.0}, "datetime": {"datetime": "2024-01-19 00:45:26", "elapsed": 2007.59395, "delta": 0.002426}}
{"target": -17.67715628573434, "params": {"gamma": 882.654756391589, "log10_alpha": -4.394749628052996, "log10_colsample_bytree": -0.6892950863908899, "log10_eta": -3.8925755318879123, "log10_lambda": -3.3785168039863818, "log10_min_child_weight": 1.2217136293719517, "log10_subsample": -0.08454740877482236, "max_depth": 4.0, "num_boost_round": 18.0}, "datetime": {"datetime": "2024-01-19 00:45:26", "elapsed": 2007.59638, "delta": 0.00243}}
{"target": -17.67715438494158, "params": {"gamma": 882.654756391589, "log10_alpha": -4.394749628052996, "log10_colsample_bytree": -0.6892950863908899, "log10_eta": -3.8925755318879123, "log10_lambda": -3.3785168039863818, "log10_min_child_weight": 1.2217136293719517, "log10_subsample": -0.08454740877482236, "max_depth": 4.0, "num_boost_round": 19.0}, "datetime": {"datetime": "2024-01-19 00:45:26", "elapsed": 2007.598699, "delta": 0.002319}}
{"target": -17.677149773643695, "params": {"gamma": 882.654756391589, "log10_alpha": -4.394749628052996, "log10_colsample_bytree": -0.6892950863908899, "log10_eta": -3.8925755318879123, "log10_lambda": -3.3785168039863818, "log10_min_child_weight": 1.2217136293719517, "log10_subsample": -0.08454740877482236, "max_depth": 4.0, "num_boost_round": 20.0}, "datetime": {"datetime": "2024-01-19 00:45:26", "elapsed": 2007.601069, "delta": 0.00237}}
{"target": -17.677143067653578, "params": {"gamma": 882.654756391589, "log10_alpha": -4.394749628052996, "log10_colsample_bytree": -0.6892950863908899, "log10_eta": -3.8925755318879123, "log10_lambda": -3.3785168039863818, "log10_min_child_weight": 1.2217136293719517, "log10_subsample": -0.08454740877482236, "max_depth": 4.0, "num_boost_round": 21.0}, "datetime": {"datetime": "2024-01-19 00:45:26", "elapsed": 2007.603403, "delta": 0.002334}}
{"target": -17.677135817070912, "params": {"gamma": 882.654756391589, "log10_alpha": -4.394749628052996, "log10_colsample_bytree": -0.6892950863908899, "log10_eta": -3.8925755318879123, "log10_lambda": -3.3785168039863818, "log10_min_child_weight": 1.2217136293719517, "log10_subsample": -0.08454740877482236, "max_depth": 4.0, "num_boost_round": 22.0}, "datetime": {"datetime": "2024-01-19 00:45:26", "elapsed": 2007.605727, "delta": 0.002324}}
{"target": -17.677126752354656, "params": {"gamma": 882.654756391589, "log10_alpha": -4.394749628052996, "log10_colsample_bytree": -0.6892950863908899, "log10_eta": -3.8925755318879123, "log10_lambda": -3.3785168039863818, "log10_min_child_weight": 1.2217136293719517, "log10_subsample": -0.08454740877482236, "max_depth": 4.0, "num_boost_round": 23.0}, "datetime": {"datetime": "2024-01-19 00:45:26", "elapsed": 2007.60804, "delta": 0.002313}}
{"target": -17.677124906222218, "params": {"gamma": 882.654756391589, "log10_alpha": -4.394749628052996, "log10_colsample_bytree": -0.6892950863908899, "log10_eta": -3.8925755318879123, "log10_lambda": -3.3785168039863818, "log10_min_child_weight": 1.2217136293719517, "log10_subsample": -0.08454740877482236, "max_depth": 4.0, "num_boost_round": 24.0}, "datetime": {"datetime": "2024-01-19 00:45:26", "elapsed": 2007.610374, "delta": 0.002334}}
{"target": -17.677117986932576, "params": {"gamma": 882.654756391589, "log10_alpha": -4.394749628052996, "log10_colsample_bytree": -0.6892950863908899, "log10_eta": -3.8925755318879123, "log10_lambda": -3.3785168039863818, "log10_min_child_weight": 1.2217136293719517, "log10_subsample": -0.08454740877482236, "max_depth": 4.0, "num_boost_round": 25.0}, "datetime": {"datetime": "2024-01-19 00:45:26", "elapsed": 2007.612819, "delta": 0.002445}}
{"target": -17.67723094830772, "params": {"gamma": 881.545800361852, "log10_alpha": -4.2577261190516875, "log10_colsample_bytree": -1.0, "log10_eta": -4.0, "log10_lambda": -2.8576298514108833, "log10_min_child_weight": 3.380692686489681, "log10_subsample": -1.0, "max_depth": 8.0, "num_boost_round": 0.0}, "datetime": {"datetime": "2024-01-19 00:45:59", "elapsed": 2040.183444, "delta": 32.570625}}
