{"target": -17.67723202961874, "params": {"gamma": 536.2627091413318, "log10_alpha": -1.5109989987268069, "log10_colsample_bytree": -0.6408631432863506, "log10_eta": -4.0, "log10_lambda": 0.6846487479203754, "log10_min_child_weight": 5.0, "log10_subsample": -0.3419988081836695, "max_depth": 3.0, "num_boost_round": 2.0}, "datetime": {"datetime": "2024-01-19 00:17:04", "elapsed": 321.842563, "delta": 0.001196}}
{"target": -17.677231665164506, "params": {"gamma": 536.2627091413318, "log10_alpha": -1.5109989987268069, "log10_colsample_bytree": -0.6408631432863506, "log10_eta": -4.0, "log10_lambda": 0.6846487479203754, "log10_min_child_weight": 5.0, "log10_subsample": -0.3419988081836695, "max_depth": 3.0, "num_boost_round": 3.0}, "datetime": {"datetime": "2024-01-19 00:17:04", "elapsed": 321.843168, "delta": 0.000605}}
{"target": -17.677231829919595, "params": {"gamma": 536.2627091413318, "log10_alpha": -1.5109989987268069, "log10_colsample_bytree": -0.6408631432863506, "log10_eta": -4.0, "log10_lambda": 0.6846487479203754, "log10_min_child_weight": 5.0, "log10_subsample": -0.3419988081836695, "max_depth": 3.0, "num_boost_round": 4.0}, "datetime": {"datetime": "2024-01-19 00:17:04", "elapsed": 321.844136, "delta": 0.000968}}
{"target": -17.677232067085, "params": {"gamma": 536.2627091413318, "log10_alpha": -1.5109989987268069, "log10_colsample_bytree": -0.6408631432863506, "log10_eta": -4.0, "log10_lambda": 0.6846487479203754, "log10_min_child_weight": 5.0, "log10_subsample": -0.3419988081836695, "max_depth": 3.0, "num_boost_round": 5.0}, "datetime": {"datetime": "2024-01-19 00:17:04", "elapsed": 321.844756, "delta": 0.00062}}
{"target": -17.677231929859982, "params": {"gamma": 536.2627091413318, "log10_alpha": -1.5109989987268069, "log10_colsample_bytree": -0.6408631432863506, "log10_eta": -4.0, "log10_lambda": 0.6846487479203754, "log10_min_child_weight": 5.0, "log10_subsample": -0.3419988081836695, "max_depth": 3.0, "num_boost_round": 6.0}, "datetime": {"datetime": "2024-01-19 00:17:04", "elapsed": 321.845261, "delta": 0.000505}}
{"target": -17.677231210837434, "params": {"gamma": 536.2627091413318, "log10_alpha": -1.5109989987268069, "log10_colsample_bytree": -0.6408631432863506, "log10_eta": -4.0, "log10_lambda": 0.6846487479203754, "log10_min_child_weight": 5.0, "log10_subsample": -0.3419988081836695, "max_depth": 3.0, "num_boost_round": 7.0}, "datetime": {"datetime": "2024-01-19 00:17:04", "elapsed": 321.84577, "delta": 0.000509}}
{"target": -17.67723093354258, "params": {"gamma": 536.2627091413318, "log10_alpha": -1.5109989987268069, "log10_colsample_bytree": -0.6408631432863506, "log10_eta": -4.0, "log10_lambda": 0.6846487479203754, "log10_min_child_weight": 5.0, "log10_subsample": -0.3419988081836695, "max_depth": 3.0, "num_boost_round": 8.0}, "datetime": {"datetime": "2024-01-19 00:17:04", "elapsed": 321.846272, "delta": 0.000502}}
{"target": -17.67723000213479, "params": {"gamma": 536.2627091413318, "log10_alpha": -1.5109989987268069, "log10_colsample_bytree": -0.6408631432863506, "log10_eta": -4.0, "log10_lambda": 0.6846487479203754, "log10_min_child_weight": 5.0, "log10_subsample": -0.3419988081836695, "max_depth": 3.0, "num_boost_round": 9.0}, "datetime": {"datetime": "2024-01-19 00:17:04", "elapsed": 321.846778, "delta": 0.000506}}
{"target": -17.677232227723586, "params": {"gamma": 535.7325883174283, "log10_alpha": 1.0, "log10_colsample_bytree": 0.0, "log10_eta": -4.0, "log10_lambda": 1.0, "log10_min_child_weight": 5.0, "log10_subsample": 0.0, "max_depth": 2.0, "num_boost_round": 0.0}, "datetime": {"datetime": "2024-01-19 00:17:24", "elapsed": 342.235621, "delta": 20.388843}}
{"target": -17.677231532759556, "params": {"gamma": 535.7325883174283, "log10_alpha": 1.0, "log10_colsample_bytree": 0.0, "log10_eta": -4.0, "log10_lambda": 1.0, "log10_min_child_weight": 5.0, "log10_subsample": 0.0, "max_depth": 2.0, "num_boost_round": 1.0}, "datetime": {"datetime": "2024-01-19 00:17:24", "elapsed": 342.237081, "delta": 0.00146}}
{"target": -17.67723081115139, "params": {"gamma": 535.7325883174283, "log10_alpha": 1.0, "log10_colsample_bytree": 0.0, "log10_eta": -4.0, "log10_lambda": 1.0, "log10_min_child_weight": 5.0, "log10_subsample": 0.0, "max_depth": 2.0, "num_boost_round": 2.0}, "datetime": {"datetime": "2024-01-19 00:17:24", "elapsed": 342.237779, "delta": 0.000698}}
{"target": -17.67723007387848, "params": {"gamma": 535.7325883174283, "log10_alpha": 1.0, "log10_colsample_bytree": 0.0, "log10_eta": -4.0, "log10_lambda": 1.0, "log10_min_child_weight": 5.0, "log10_subsample": 0.0, "max_depth": 2.0, "num_boost_round": 3.0}, "datetime": {"datetime": "2024-01-19 00:17:24", "elapsed": 342.238314, "delta": 0.000535}}
{"target": -17.677229373535194, "params": {"gamma": 535.7325883174283, "log10_alpha": 1.0, "log10_colsample_bytree": 0.0, "log10_eta": -4.0, "log10_lambda": 1.0, "log10_min_child_weight": 5.0, "log10_subsample": 0.0, "max_depth": 2.0, "num_boost_round": 4.0}, "datetime": {"datetime": "2024-01-19 00:17:24", "elapsed": 342.238843, "delta": 0.000529}}
{"target": -17.677228624104288, "params": {"gamma": 535.7325883174283, "log10_alpha": 1.0, "log10_colsample_bytree": 0.0, "log10_eta": -4.0, "log10_lambda": 1.0, "log10_min_child_weight": 5.0, "log10_subsample": 0.0, "max_depth": 2.0, "num_boost_round": 5.0}, "datetime": {"datetime": "2024-01-19 00:17:24", "elapsed": 342.23937, "delta": 0.000527}}
{"target": -17.67722792397968, "params": {"gamma": 535.7325883174283, "log10_alpha": 1.0, "log10_colsample_bytree": 0.0, "log10_eta": -4.0, "log10_lambda": 1.0, "log10_min_child_weight": 5.0, "log10_subsample": 0.0, "max_depth": 2.0, "num_boost_round": 6.0}, "datetime": {"datetime": "2024-01-19 00:17:24", "elapsed": 342.240037, "delta": 0.000667}}
{"target": -17.677227168512733, "params": {"gamma": 535.7325883174283, "log10_alpha": 1.0, "log10_colsample_bytree": 0.0, "log10_eta": -4.0, "log10_lambda": 1.0, "log10_min_child_weight": 5.0, "log10_subsample": 0.0, "max_depth": 2.0, "num_boost_round": 7.0}, "datetime": {"datetime": "2024-01-19 00:17:24", "elapsed": 342.240565, "delta": 0.000528}}
{"target": -17.677226476582437, "params": {"gamma": 535.7325883174283, "log10_alpha": 1.0, "log10_colsample_bytree": 0.0, "log10_eta": -4.0, "log10_lambda": 1.0, "log10_min_child_weight": 5.0, "log10_subsample": 0.0, "max_depth": 2.0, "num_boost_round": 8.0}, "datetime": {"datetime": "2024-01-19 00:17:24", "elapsed": 342.241101, "delta": 0.000536}}
{"target": -17.67722575425298, "params": {"gamma": 535.7325883174283, "log10_alpha": 1.0, "log10_colsample_bytree": 0.0, "log10_eta": -4.0, "log10_lambda": 1.0, "log10_min_child_weight": 5.0, "log10_subsample": 0.0, "max_depth": 2.0, "num_boost_round": 9.0}, "datetime": {"datetime": "2024-01-19 00:17:24", "elapsed": 342.241624, "delta": 0.000523}}
{"target": -17.677225007591773, "params": {"gamma": 535.7325883174283, "log10_alpha": 1.0, "log10_colsample_bytree": 0.0, "log10_eta": -4.0, "log10_lambda": 1.0, "log10_min_child_weight": 5.0, "log10_subsample": 0.0, "max_depth": 2.0, "num_boost_round": 10.0}, "datetime": {"datetime": "2024-01-19 00:17:24", "elapsed": 342.242155, "delta": 0.000531}}
{"target": -17.677224321958064, "params": {"gamma": 535.7325883174283, "log10_alpha": 1.0, "log10_colsample_bytree": 0.0, "log10_eta": -4.0, "log10_lambda": 1.0, "log10_min_child_weight": 5.0, "log10_subsample": 0.0, "max_depth": 2.0, "num_boost_round": 11.0}, "datetime": {"datetime": "2024-01-19 00:17:24", "elapsed": 342.242683, "delta": 0.000528}}
{"target": -17.677223565746772, "params": {"gamma": 535.7325883174283, "log10_alpha": 1.0, "log10_colsample_bytree": 0.0, "log10_eta": -4.0, "log10_lambda": 1.0, "log10_min_child_weight": 5.0, "log10_subsample": 0.0, "max_depth": 2.0, "num_boost_round": 12.0}, "datetime": {"datetime": "2024-01-19 00:17:24", "elapsed": 342.243217, "delta": 0.000534}}
{"target": -17.6772228616278, "params": {"gamma": 535.7325883174283, "log10_alpha": 1.0, "log10_colsample_bytree": 0.0, "log10_eta": -4.0, "log10_lambda": 1.0, "log10_min_child_weight": 5.0, "log10_subsample": 0.0, "max_depth": 2.0, "num_boost_round": 13.0}, "datetime": {"datetime": "2024-01-19 00:17:24", "elapsed": 342.243754, "delta": 0.000537}}
{"target": -17.67722214288377, "params": {"gamma": 535.7325883174283, "log10_alpha": 1.0, "log10_colsample_bytree": 0.0, "log10_eta": -4.0, "log10_lambda": 1.0, "log10_min_child_weight": 5.0, "log10_subsample": 0.0, "max_depth": 2.0, "num_boost_round": 14.0}, "datetime": {"datetime": "2024-01-19 00:17:24", "elapsed": 342.244293, "delta": 0.000539}}
{"target": -17.6772214425081, "params": {"gamma": 535.7325883174283, "log10_alpha": 1.0, "log10_colsample_bytree": 0.0, "log10_eta": -4.0, "log10_lambda": 1.0, "log10_min_child_weight": 5.0, "log10_subsample": 0.0, "max_depth": 2.0, "num_boost_round": 15.0}, "datetime": {"datetime": "2024-01-19 00:17:24", "elapsed": 342.244834, "delta": 0.000541}}
{"target": -17.677220711885045, "params": {"gamma": 535.7325883174283, "log10_alpha": 1.0, "log10_colsample_bytree": 0.0, "log10_eta": -4.0, "log10_lambda": 1.0, "log10_min_child_weight": 5.0, "log10_subsample": 0.0, "max_depth": 2.0, "num_boost_round": 16.0}, "datetime": {"datetime": "2024-01-19 00:17:24", "elapsed": 342.245427, "delta": 0.000593}}
{"target": -17.67333801166964, "params": {"gamma": 536.8275418258438, "log10_alpha": -1.4884810803281194, "log10_colsample_bytree": -0.43041134247235524, "log10_eta": -1.053341580189243, "log10_lambda": -4.510691370113788, "log10_min_child_weight": 0.1759012266126253, "log10_subsample": -0.8196136706819851, "max_depth": 3.0, "num_boost_round": 0.0}, "datetime": {"datetime": "2024-01-19 00:17:47", "elapsed": 364.972451, "delta": 22.727024}}
{"target": -17.673169263688223, "params": {"gamma": 536.8275418258438, "log10_alpha": -1.4884810803281194, "log10_colsample_bytree": -0.43041134247235524, "log10_eta": -1.053341580189243, "log10_lambda": -4.510691370113788, "log10_min_child_weight": 0.1759012266126253, "log10_subsample": -0.8196136706819851, "max_depth": 3.0, "num_boost_round": 1.0}, "datetime": {"datetime": "2024-01-19 00:17:47", "elapsed": 364.973248, "delta": 0.000797}}
{"target": -17.671986513349594, "params": {"gamma": 536.8275418258438, "log10_alpha": -1.4884810803281194, "log10_colsample_bytree": -0.43041134247235524, "log10_eta": -1.053341580189243, "log10_lambda": -4.510691370113788, "log10_min_child_weight": 0.1759012266126253, "log10_subsample": -0.8196136706819851, "max_depth": 3.0, "num_boost_round": 2.0}, "datetime": {"datetime": "2024-01-19 00:17:47", "elapsed": 364.973847, "delta": 0.000599}}
{"target": -17.67084311774855, "params": {"gamma": 536.8275418258438, "log10_alpha": -1.4884810803281194, "log10_colsample_bytree": -0.43041134247235524, "log10_eta": -1.053341580189243, "log10_lambda": -4.510691370113788, "log10_min_child_weight": 0.1759012266126253, "log10_subsample": -0.8196136706819851, "max_depth": 3.0, "num_boost_round": 3.0}, "datetime": {"datetime": "2024-01-19 00:17:47", "elapsed": 364.974626, "delta": 0.000779}}
{"target": -17.67143004294662, "params": {"gamma": 536.8275418258438, "log10_alpha": -1.4884810803281194, "log10_colsample_bytree": -0.43041134247235524, "log10_eta": -1.053341580189243, "log10_lambda": -4.510691370113788, "log10_min_child_weight": 0.1759012266126253, "log10_subsample": -0.8196136706819851, "max_depth": 3.0, "num_boost_round": 4.0}, "datetime": {"datetime": "2024-01-19 00:17:47", "elapsed": 364.975173, "delta": 0.000547}}
{"target": -17.672194006560424, "params": {"gamma": 536.8275418258438, "log10_alpha": -1.4884810803281194, "log10_colsample_bytree": -0.43041134247235524, "log10_eta": -1.053341580189243, "log10_lambda": -4.510691370113788, "log10_min_child_weight": 0.1759012266126253, "log10_subsample": -0.8196136706819851, "max_depth": 3.0, "num_boost_round": 5.0}, "datetime": {"datetime": "2024-01-19 00:17:47", "elapsed": 364.975734, "delta": 0.000561}}
{"target": -17.671442358350472, "params": {"gamma": 536.8275418258438, "log10_alpha": -1.4884810803281194, "log10_colsample_bytree": -0.43041134247235524, "log10_eta": -1.053341580189243, "log10_lambda": -4.510691370113788, "log10_min_child_weight": 0.1759012266126253, "log10_subsample": -0.8196136706819851, "max_depth": 3.0, "num_boost_round": 6.0}, "datetime": {"datetime": "2024-01-19 00:17:47", "elapsed": 364.976306, "delta": 0.000572}}
{"target": -17.674390745716376, "params": {"gamma": 536.8275418258438, "log10_alpha": -1.4884810803281194, "log10_colsample_bytree": -0.43041134247235524, "log10_eta": -1.053341580189243, "log10_lambda": -4.510691370113788, "log10_min_child_weight": 0.1759012266126253, "log10_subsample": -0.8196136706819851, "max_depth": 3.0, "num_boost_round": 7.0}, "datetime": {"datetime": "2024-01-19 00:17:47", "elapsed": 364.976939, "delta": 0.000633}}
{"target": -17.67386787474284, "params": {"gamma": 536.8275418258438, "log10_alpha": -1.4884810803281194, "log10_colsample_bytree": -0.43041134247235524, "log10_eta": -1.053341580189243, "log10_lambda": -4.510691370113788, "log10_min_child_weight": 0.1759012266126253, "log10_subsample": -0.8196136706819851, "max_depth": 3.0, "num_boost_round": 8.0}, "datetime": {"datetime": "2024-01-19 00:17:47", "elapsed": 364.977507, "delta": 0.000568}}
{"target": -17.675105699443545, "params": {"gamma": 536.8275418258438, "log10_alpha": -1.4884810803281194, "log10_colsample_bytree": -0.43041134247235524, "log10_eta": -1.053341580189243, "log10_lambda": -4.510691370113788, "log10_min_child_weight": 0.1759012266126253, "log10_subsample": -0.8196136706819851, "max_depth": 3.0, "num_boost_round": 9.0}, "datetime": {"datetime": "2024-01-19 00:17:47", "elapsed": 364.978074, "delta": 0.000567}}
{"target": -17.67623873606894, "params": {"gamma": 536.8275418258438, "log10_alpha": -1.4884810803281194, "log10_colsample_bytree": -0.43041134247235524, "log10_eta": -1.053341580189243, "log10_lambda": -4.510691370113788, "log10_min_child_weight": 0.1759012266126253, "log10_subsample": -0.8196136706819851, "max_depth": 3.0, "num_boost_round": 10.0}, "datetime": {"datetime": "2024-01-19 00:17:47", "elapsed": 364.978637, "delta": 0.000563}}
{"target": -17.67604083025512, "params": {"gamma": 536.8275418258438, "log10_alpha": -1.4884810803281194, "log10_colsample_bytree": -0.43041134247235524, "log10_eta": -1.053341580189243, "log10_lambda": -4.510691370113788, "log10_min_child_weight": 0.1759012266126253, "log10_subsample": -0.8196136706819851, "max_depth": 3.0, "num_boost_round": 11.0}, "datetime": {"datetime": "2024-01-19 00:17:47", "elapsed": 364.979206, "delta": 0.000569}}
{"target": -17.676399848421102, "params": {"gamma": 536.8275418258438, "log10_alpha": -1.4884810803281194, "log10_colsample_bytree": -0.43041134247235524, "log10_eta": -1.053341580189243, "log10_lambda": -4.510691370113788, "log10_min_child_weight": 0.1759012266126253, "log10_subsample": -0.8196136706819851, "max_depth": 3.0, "num_boost_round": 12.0}, "datetime": {"datetime": "2024-01-19 00:17:47", "elapsed": 364.979782, "delta": 0.000576}}
{"target": -17.678627031558268, "params": {"gamma": 536.8275418258438, "log10_alpha": -1.4884810803281194, "log10_colsample_bytree": -0.43041134247235524, "log10_eta": -1.053341580189243, "log10_lambda": -4.510691370113788, "log10_min_child_weight": 0.1759012266126253, "log10_subsample": -0.8196136706819851, "max_depth": 3.0, "num_boost_round": 13.0}, "datetime": {"datetime": "2024-01-19 00:17:47", "elapsed": 364.980406, "delta": 0.000624}}
{"target": -17.679803755012685, "params": {"gamma": 536.8275418258438, "log10_alpha": -1.4884810803281194, "log10_colsample_bytree": -0.43041134247235524, "log10_eta": -1.053341580189243, "log10_lambda": -4.510691370113788, "log10_min_child_weight": 0.1759012266126253, "log10_subsample": -0.8196136706819851, "max_depth": 3.0, "num_boost_round": 14.0}, "datetime": {"datetime": "2024-01-19 00:17:47", "elapsed": 364.981091, "delta": 0.000685}}
{"target": -17.684891716951416, "params": {"gamma": 536.8275418258438, "log10_alpha": -1.4884810803281194, "log10_colsample_bytree": -0.43041134247235524, "log10_eta": -1.053341580189243, "log10_lambda": -4.510691370113788, "log10_min_child_weight": 0.1759012266126253, "log10_subsample": -0.8196136706819851, "max_depth": 3.0, "num_boost_round": 15.0}, "datetime": {"datetime": "2024-01-19 00:17:47", "elapsed": 364.981665, "delta": 0.000574}}
{"target": -17.686341143524206, "params": {"gamma": 536.8275418258438, "log10_alpha": -1.4884810803281194, "log10_colsample_bytree": -0.43041134247235524, "log10_eta": -1.053341580189243, "log10_lambda": -4.510691370113788, "log10_min_child_weight": 0.1759012266126253, "log10_subsample": -0.8196136706819851, "max_depth": 3.0, "num_boost_round": 16.0}, "datetime": {"datetime": "2024-01-19 00:17:47", "elapsed": 364.982246, "delta": 0.000581}}
{"target": -17.68821630427288, "params": {"gamma": 536.8275418258438, "log10_alpha": -1.4884810803281194, "log10_colsample_bytree": -0.43041134247235524, "log10_eta": -1.053341580189243, "log10_lambda": -4.510691370113788, "log10_min_child_weight": 0.1759012266126253, "log10_subsample": -0.8196136706819851, "max_depth": 3.0, "num_boost_round": 17.0}, "datetime": {"datetime": "2024-01-19 00:17:47", "elapsed": 364.982834, "delta": 0.000588}}
{"target": -17.68882176386757, "params": {"gamma": 536.8275418258438, "log10_alpha": -1.4884810803281194, "log10_colsample_bytree": -0.43041134247235524, "log10_eta": -1.053341580189243, "log10_lambda": -4.510691370113788, "log10_min_child_weight": 0.1759012266126253, "log10_subsample": -0.8196136706819851, "max_depth": 3.0, "num_boost_round": 18.0}, "datetime": {"datetime": "2024-01-19 00:17:47", "elapsed": 364.983414, "delta": 0.00058}}
{"target": -17.689182598264562, "params": {"gamma": 536.8275418258438, "log10_alpha": -1.4884810803281194, "log10_colsample_bytree": -0.43041134247235524, "log10_eta": -1.053341580189243, "log10_lambda": -4.510691370113788, "log10_min_child_weight": 0.1759012266126253, "log10_subsample": -0.8196136706819851, "max_depth": 3.0, "num_boost_round": 19.0}, "datetime": {"datetime": "2024-01-19 00:17:47", "elapsed": 364.984003, "delta": 0.000589}}
{"target": -17.6910697023278, "params": {"gamma": 536.8275418258438, "log10_alpha": -1.4884810803281194, "log10_colsample_bytree": -0.43041134247235524, "log10_eta": -1.053341580189243, "log10_lambda": -4.510691370113788, "log10_min_child_weight": 0.1759012266126253, "log10_subsample": -0.8196136706819851, "max_depth": 3.0, "num_boost_round": 20.0}, "datetime": {"datetime": "2024-01-19 00:17:47", "elapsed": 364.98458, "delta": 0.000577}}
{"target": -17.6958322320276, "params": {"gamma": 536.8275418258438, "log10_alpha": -1.4884810803281194, "log10_colsample_bytree": -0.43041134247235524, "log10_eta": -1.053341580189243, "log10_lambda": -4.510691370113788, "log10_min_child_weight": 0.1759012266126253, "log10_subsample": -0.8196136706819851, "max_depth": 3.0, "num_boost_round": 21.0}, "datetime": {"datetime": "2024-01-19 00:17:47", "elapsed": 364.985162, "delta": 0.000582}}
{"target": -17.692168015568555, "params": {"gamma": 536.8275418258438, "log10_alpha": -1.4884810803281194, "log10_colsample_bytree": -0.43041134247235524, "log10_eta": -1.053341580189243, "log10_lambda": -4.510691370113788, "log10_min_child_weight": 0.1759012266126253, "log10_subsample": -0.8196136706819851, "max_depth": 3.0, "num_boost_round": 22.0}, "datetime": {"datetime": "2024-01-19 00:17:47", "elapsed": 364.985748, "delta": 0.000586}}
{"target": -17.700377594649254, "params": {"gamma": 536.8275418258438, "log10_alpha": -1.4884810803281194, "log10_colsample_bytree": -0.43041134247235524, "log10_eta": -1.053341580189243, "log10_lambda": -4.510691370113788, "log10_min_child_weight": 0.1759012266126253, "log10_subsample": -0.8196136706819851, "max_depth": 3.0, "num_boost_round": 23.0}, "datetime": {"datetime": "2024-01-19 00:17:47", "elapsed": 364.986336, "delta": 0.000588}}
{"target": -17.702638657393813, "params": {"gamma": 536.8275418258438, "log10_alpha": -1.4884810803281194, "log10_colsample_bytree": -0.43041134247235524, "log10_eta": -1.053341580189243, "log10_lambda": -4.510691370113788, "log10_min_child_weight": 0.1759012266126253, "log10_subsample": -0.8196136706819851, "max_depth": 3.0, "num_boost_round": 24.0}, "datetime": {"datetime": "2024-01-19 00:17:47", "elapsed": 364.986941, "delta": 0.000605}}
{"target": -17.676542533084024, "params": {"gamma": 530.1378012592975, "log10_alpha": -0.1339913383017688, "log10_colsample_bytree": -0.06224979471165859, "log10_eta": -1.4360278267580284, "log10_lambda": -1.7923671012448068, "log10_min_child_weight": 0.8689135188388153, "log10_subsample": -0.374715233125424, "max_depth": 6.0, "num_boost_round": 0.0}, "datetime": {"datetime": "2024-01-19 00:18:06", "elapsed": 383.847088, "delta": 18.860147}}
{"target": -17.675453723364523, "params": {"gamma": 530.1378012592975, "log10_alpha": -0.1339913383017688, "log10_colsample_bytree": -0.06224979471165859, "log10_eta": -1.4360278267580284, "log10_lambda": -1.7923671012448068, "log10_min_child_weight": 0.8689135188388153, "log10_subsample": -0.374715233125424, "max_depth": 6.0, "num_boost_round": 1.0}, "datetime": {"datetime": "2024-01-19 00:18:06", "elapsed": 383.848422, "delta": 0.001334}}
{"target": -17.675120875086446, "params": {"gamma": 530.1378012592975, "log10_alpha": -0.1339913383017688, "log10_colsample_bytree": -0.06224979471165859, "log10_eta": -1.4360278267580284, "log10_lambda": -1.7923671012448068, "log10_min_child_weight": 0.8689135188388153, "log10_subsample": -0.374715233125424, "max_depth": 6.0, "num_boost_round": 2.0}, "datetime": {"datetime": "2024-01-19 00:18:06", "elapsed": 383.849074, "delta": 0.000652}}
