{"target": -13.758530034988215, "params": {"gamma": 891.3577652905398, "log10_alpha": -1.2527314586889302, "log10_colsample_bytree": -0.19508440288046125, "log10_eta": -3.8755317919891112, "log10_lambda": -1.4798137247198806, "log10_min_child_weight": 3.1196838288792494, "log10_subsample": -0.42136427150444744, "max_depth": 5.0, "num_boost_round": 4.0}, "datetime": {"datetime": "2024-01-19 00:25:37", "elapsed": 841.742577, "delta": 0.001519}}
{"target": -13.758527926276695, "params": {"gamma": 891.3577652905398, "log10_alpha": -1.2527314586889302, "log10_colsample_bytree": -0.19508440288046125, "log10_eta": -3.8755317919891112, "log10_lambda": -1.4798137247198806, "log10_min_child_weight": 3.1196838288792494, "log10_subsample": -0.42136427150444744, "max_depth": 5.0, "num_boost_round": 5.0}, "datetime": {"datetime": "2024-01-19 00:25:37", "elapsed": 841.744177, "delta": 0.0016}}
{"target": -13.758524648121213, "params": {"gamma": 891.3577652905398, "log10_alpha": -1.2527314586889302, "log10_colsample_bytree": -0.19508440288046125, "log10_eta": -3.8755317919891112, "log10_lambda": -1.4798137247198806, "log10_min_child_weight": 3.1196838288792494, "log10_subsample": -0.42136427150444744, "max_depth": 5.0, "num_boost_round": 6.0}, "datetime": {"datetime": "2024-01-19 00:25:37", "elapsed": 841.745705, "delta": 0.001528}}
{"target": -13.75852258466015, "params": {"gamma": 891.3577652905398, "log10_alpha": -1.2527314586889302, "log10_colsample_bytree": -0.19508440288046125, "log10_eta": -3.8755317919891112, "log10_lambda": -1.4798137247198806, "log10_min_child_weight": 3.1196838288792494, "log10_subsample": -0.42136427150444744, "max_depth": 5.0, "num_boost_round": 7.0}, "datetime": {"datetime": "2024-01-19 00:25:37", "elapsed": 841.74726, "delta": 0.001555}}
{"target": -13.758521612323927, "params": {"gamma": 891.3577652905398, "log10_alpha": -1.2527314586889302, "log10_colsample_bytree": -0.19508440288046125, "log10_eta": -3.8755317919891112, "log10_lambda": -1.4798137247198806, "log10_min_child_weight": 3.1196838288792494, "log10_subsample": -0.42136427150444744, "max_depth": 5.0, "num_boost_round": 8.0}, "datetime": {"datetime": "2024-01-19 00:25:37", "elapsed": 841.748795, "delta": 0.001535}}
{"target": -13.7585160636829, "params": {"gamma": 891.3577652905398, "log10_alpha": -1.2527314586889302, "log10_colsample_bytree": -0.19508440288046125, "log10_eta": -3.8755317919891112, "log10_lambda": -1.4798137247198806, "log10_min_child_weight": 3.1196838288792494, "log10_subsample": -0.42136427150444744, "max_depth": 5.0, "num_boost_round": 9.0}, "datetime": {"datetime": "2024-01-19 00:25:37", "elapsed": 841.750443, "delta": 0.001648}}
{"target": -13.758513552383912, "params": {"gamma": 891.3577652905398, "log10_alpha": -1.2527314586889302, "log10_colsample_bytree": -0.19508440288046125, "log10_eta": -3.8755317919891112, "log10_lambda": -1.4798137247198806, "log10_min_child_weight": 3.1196838288792494, "log10_subsample": -0.42136427150444744, "max_depth": 5.0, "num_boost_round": 10.0}, "datetime": {"datetime": "2024-01-19 00:25:37", "elapsed": 841.752096, "delta": 0.001653}}
{"target": -13.758510763833522, "params": {"gamma": 891.3577652905398, "log10_alpha": -1.2527314586889302, "log10_colsample_bytree": -0.19508440288046125, "log10_eta": -3.8755317919891112, "log10_lambda": -1.4798137247198806, "log10_min_child_weight": 3.1196838288792494, "log10_subsample": -0.42136427150444744, "max_depth": 5.0, "num_boost_round": 11.0}, "datetime": {"datetime": "2024-01-19 00:25:37", "elapsed": 841.753624, "delta": 0.001528}}
{"target": -13.758509110320032, "params": {"gamma": 891.3577652905398, "log10_alpha": -1.2527314586889302, "log10_colsample_bytree": -0.19508440288046125, "log10_eta": -3.8755317919891112, "log10_lambda": -1.4798137247198806, "log10_min_child_weight": 3.1196838288792494, "log10_subsample": -0.42136427150444744, "max_depth": 5.0, "num_boost_round": 12.0}, "datetime": {"datetime": "2024-01-19 00:25:37", "elapsed": 841.755152, "delta": 0.001528}}
{"target": -13.758509121167833, "params": {"gamma": 891.3577652905398, "log10_alpha": -1.2527314586889302, "log10_colsample_bytree": -0.19508440288046125, "log10_eta": -3.8755317919891112, "log10_lambda": -1.4798137247198806, "log10_min_child_weight": 3.1196838288792494, "log10_subsample": -0.42136427150444744, "max_depth": 5.0, "num_boost_round": 13.0}, "datetime": {"datetime": "2024-01-19 00:25:37", "elapsed": 841.75668, "delta": 0.001528}}
{"target": -13.758508231129353, "params": {"gamma": 891.3577652905398, "log10_alpha": -1.2527314586889302, "log10_colsample_bytree": -0.19508440288046125, "log10_eta": -3.8755317919891112, "log10_lambda": -1.4798137247198806, "log10_min_child_weight": 3.1196838288792494, "log10_subsample": -0.42136427150444744, "max_depth": 5.0, "num_boost_round": 14.0}, "datetime": {"datetime": "2024-01-19 00:25:37", "elapsed": 841.758211, "delta": 0.001531}}
{"target": -13.758510177219932, "params": {"gamma": 891.3577652905398, "log10_alpha": -1.2527314586889302, "log10_colsample_bytree": -0.19508440288046125, "log10_eta": -3.8755317919891112, "log10_lambda": -1.4798137247198806, "log10_min_child_weight": 3.1196838288792494, "log10_subsample": -0.42136427150444744, "max_depth": 5.0, "num_boost_round": 15.0}, "datetime": {"datetime": "2024-01-19 00:25:37", "elapsed": 841.759727, "delta": 0.001516}}
{"target": -13.758508798953768, "params": {"gamma": 891.3577652905398, "log10_alpha": -1.2527314586889302, "log10_colsample_bytree": -0.19508440288046125, "log10_eta": -3.8755317919891112, "log10_lambda": -1.4798137247198806, "log10_min_child_weight": 3.1196838288792494, "log10_subsample": -0.42136427150444744, "max_depth": 5.0, "num_boost_round": 16.0}, "datetime": {"datetime": "2024-01-19 00:25:37", "elapsed": 841.761255, "delta": 0.001528}}
{"target": -13.758507617883298, "params": {"gamma": 891.3577652905398, "log10_alpha": -1.2527314586889302, "log10_colsample_bytree": -0.19508440288046125, "log10_eta": -3.8755317919891112, "log10_lambda": -1.4798137247198806, "log10_min_child_weight": 3.1196838288792494, "log10_subsample": -0.42136427150444744, "max_depth": 5.0, "num_boost_round": 17.0}, "datetime": {"datetime": "2024-01-19 00:25:37", "elapsed": 841.762779, "delta": 0.001524}}
{"target": -13.758504329871604, "params": {"gamma": 891.3577652905398, "log10_alpha": -1.2527314586889302, "log10_colsample_bytree": -0.19508440288046125, "log10_eta": -3.8755317919891112, "log10_lambda": -1.4798137247198806, "log10_min_child_weight": 3.1196838288792494, "log10_subsample": -0.42136427150444744, "max_depth": 5.0, "num_boost_round": 18.0}, "datetime": {"datetime": "2024-01-19 00:25:37", "elapsed": 841.76433, "delta": 0.001551}}
{"target": -13.75850408756502, "params": {"gamma": 891.3577652905398, "log10_alpha": -1.2527314586889302, "log10_colsample_bytree": -0.19508440288046125, "log10_eta": -3.8755317919891112, "log10_lambda": -1.4798137247198806, "log10_min_child_weight": 3.1196838288792494, "log10_subsample": -0.42136427150444744, "max_depth": 5.0, "num_boost_round": 19.0}, "datetime": {"datetime": "2024-01-19 00:25:37", "elapsed": 841.765861, "delta": 0.001531}}
{"target": -13.75850329515292, "params": {"gamma": 891.3577652905398, "log10_alpha": -1.2527314586889302, "log10_colsample_bytree": -0.19508440288046125, "log10_eta": -3.8755317919891112, "log10_lambda": -1.4798137247198806, "log10_min_child_weight": 3.1196838288792494, "log10_subsample": -0.42136427150444744, "max_depth": 5.0, "num_boost_round": 20.0}, "datetime": {"datetime": "2024-01-19 00:25:37", "elapsed": 841.76739, "delta": 0.001529}}
{"target": -13.758500098624188, "params": {"gamma": 891.3577652905398, "log10_alpha": -1.2527314586889302, "log10_colsample_bytree": -0.19508440288046125, "log10_eta": -3.8755317919891112, "log10_lambda": -1.4798137247198806, "log10_min_child_weight": 3.1196838288792494, "log10_subsample": -0.42136427150444744, "max_depth": 5.0, "num_boost_round": 21.0}, "datetime": {"datetime": "2024-01-19 00:25:37", "elapsed": 841.768932, "delta": 0.001542}}
{"target": -13.758499065671916, "params": {"gamma": 891.3577652905398, "log10_alpha": -1.2527314586889302, "log10_colsample_bytree": -0.19508440288046125, "log10_eta": -3.8755317919891112, "log10_lambda": -1.4798137247198806, "log10_min_child_weight": 3.1196838288792494, "log10_subsample": -0.42136427150444744, "max_depth": 5.0, "num_boost_round": 22.0}, "datetime": {"datetime": "2024-01-19 00:25:37", "elapsed": 841.770476, "delta": 0.001544}}
{"target": -13.758495990938332, "params": {"gamma": 891.3577652905398, "log10_alpha": -1.2527314586889302, "log10_colsample_bytree": -0.19508440288046125, "log10_eta": -3.8755317919891112, "log10_lambda": -1.4798137247198806, "log10_min_child_weight": 3.1196838288792494, "log10_subsample": -0.42136427150444744, "max_depth": 5.0, "num_boost_round": 23.0}, "datetime": {"datetime": "2024-01-19 00:25:37", "elapsed": 841.77215, "delta": 0.001674}}
{"target": -13.758489581267948, "params": {"gamma": 891.3577652905398, "log10_alpha": -1.2527314586889302, "log10_colsample_bytree": -0.19508440288046125, "log10_eta": -3.8755317919891112, "log10_lambda": -1.4798137247198806, "log10_min_child_weight": 3.1196838288792494, "log10_subsample": -0.42136427150444744, "max_depth": 5.0, "num_boost_round": 24.0}, "datetime": {"datetime": "2024-01-19 00:25:37", "elapsed": 841.773708, "delta": 0.001558}}
{"target": -13.75853327429286, "params": {"gamma": 880.6136317236234, "log10_alpha": -0.30453969717482643, "log10_colsample_bytree": -0.6010073220683102, "log10_eta": -3.385897590566517, "log10_lambda": 0.8246471190320808, "log10_min_child_weight": 3.056867097216467, "log10_subsample": -0.7806836976113353, "max_depth": 4.0, "num_boost_round": 0.0}, "datetime": {"datetime": "2024-01-19 00:26:13", "elapsed": 878.036477, "delta": 36.262769}}
{"target": -13.758523312677708, "params": {"gamma": 880.6136317236234, "log10_alpha": -0.30453969717482643, "log10_colsample_bytree": -0.6010073220683102, "log10_eta": -3.385897590566517, "log10_lambda": 0.8246471190320808, "log10_min_child_weight": 3.056867097216467, "log10_subsample": -0.7806836976113353, "max_depth": 4.0, "num_boost_round": 1.0}, "datetime": {"datetime": "2024-01-19 00:26:13", "elapsed": 878.038355, "delta": 0.001878}}
{"target": -13.758514250187913, "params": {"gamma": 880.6136317236234, "log10_alpha": -0.30453969717482643, "log10_colsample_bytree": -0.6010073220683102, "log10_eta": -3.385897590566517, "log10_lambda": 0.8246471190320808, "log10_min_child_weight": 3.056867097216467, "log10_subsample": -0.7806836976113353, "max_depth": 4.0, "num_boost_round": 2.0}, "datetime": {"datetime": "2024-01-19 00:26:13", "elapsed": 878.039935, "delta": 0.00158}}
{"target": -13.75851865907096, "params": {"gamma": 880.6136317236234, "log10_alpha": -0.30453969717482643, "log10_colsample_bytree": -0.6010073220683102, "log10_eta": -3.385897590566517, "log10_lambda": 0.8246471190320808, "log10_min_child_weight": 3.056867097216467, "log10_subsample": -0.7806836976113353, "max_depth": 4.0, "num_boost_round": 3.0}, "datetime": {"datetime": "2024-01-19 00:26:13", "elapsed": 878.041597, "delta": 0.001662}}
{"target": -13.75851888569823, "params": {"gamma": 880.6136317236234, "log10_alpha": -0.30453969717482643, "log10_colsample_bytree": -0.6010073220683102, "log10_eta": -3.385897590566517, "log10_lambda": 0.8246471190320808, "log10_min_child_weight": 3.056867097216467, "log10_subsample": -0.7806836976113353, "max_depth": 4.0, "num_boost_round": 4.0}, "datetime": {"datetime": "2024-01-19 00:26:13", "elapsed": 878.043444, "delta": 0.001847}}
{"target": -13.758517743228678, "params": {"gamma": 880.6136317236234, "log10_alpha": -0.30453969717482643, "log10_colsample_bytree": -0.6010073220683102, "log10_eta": -3.385897590566517, "log10_lambda": 0.8246471190320808, "log10_min_child_weight": 3.056867097216467, "log10_subsample": -0.7806836976113353, "max_depth": 4.0, "num_boost_round": 5.0}, "datetime": {"datetime": "2024-01-19 00:26:13", "elapsed": 878.045052, "delta": 0.001608}}
{"target": -13.758512336925637, "params": {"gamma": 880.6136317236234, "log10_alpha": -0.30453969717482643, "log10_colsample_bytree": -0.6010073220683102, "log10_eta": -3.385897590566517, "log10_lambda": 0.8246471190320808, "log10_min_child_weight": 3.056867097216467, "log10_subsample": -0.7806836976113353, "max_depth": 4.0, "num_boost_round": 6.0}, "datetime": {"datetime": "2024-01-19 00:26:13", "elapsed": 878.046621, "delta": 0.001569}}
{"target": -13.75850680789547, "params": {"gamma": 880.6136317236234, "log10_alpha": -0.30453969717482643, "log10_colsample_bytree": -0.6010073220683102, "log10_eta": -3.385897590566517, "log10_lambda": 0.8246471190320808, "log10_min_child_weight": 3.056867097216467, "log10_subsample": -0.7806836976113353, "max_depth": 4.0, "num_boost_round": 7.0}, "datetime": {"datetime": "2024-01-19 00:26:13", "elapsed": 878.048183, "delta": 0.001562}}
{"target": -13.758496449065266, "params": {"gamma": 880.6136317236234, "log10_alpha": -0.30453969717482643, "log10_colsample_bytree": -0.6010073220683102, "log10_eta": -3.385897590566517, "log10_lambda": 0.8246471190320808, "log10_min_child_weight": 3.056867097216467, "log10_subsample": -0.7806836976113353, "max_depth": 4.0, "num_boost_round": 8.0}, "datetime": {"datetime": "2024-01-19 00:26:13", "elapsed": 878.049748, "delta": 0.001565}}
{"target": -13.758489426988675, "params": {"gamma": 880.6136317236234, "log10_alpha": -0.30453969717482643, "log10_colsample_bytree": -0.6010073220683102, "log10_eta": -3.385897590566517, "log10_lambda": 0.8246471190320808, "log10_min_child_weight": 3.056867097216467, "log10_subsample": -0.7806836976113353, "max_depth": 4.0, "num_boost_round": 9.0}, "datetime": {"datetime": "2024-01-19 00:26:13", "elapsed": 878.051446, "delta": 0.001698}}
{"target": -13.758482755283689, "params": {"gamma": 880.6136317236234, "log10_alpha": -0.30453969717482643, "log10_colsample_bytree": -0.6010073220683102, "log10_eta": -3.385897590566517, "log10_lambda": 0.8246471190320808, "log10_min_child_weight": 3.056867097216467, "log10_subsample": -0.7806836976113353, "max_depth": 4.0, "num_boost_round": 10.0}, "datetime": {"datetime": "2024-01-19 00:26:13", "elapsed": 878.053102, "delta": 0.001656}}
{"target": -13.75847890693207, "params": {"gamma": 880.6136317236234, "log10_alpha": -0.30453969717482643, "log10_colsample_bytree": -0.6010073220683102, "log10_eta": -3.385897590566517, "log10_lambda": 0.8246471190320808, "log10_min_child_weight": 3.056867097216467, "log10_subsample": -0.7806836976113353, "max_depth": 4.0, "num_boost_round": 11.0}, "datetime": {"datetime": "2024-01-19 00:26:13", "elapsed": 878.054661, "delta": 0.001559}}
{"target": -13.758467860578396, "params": {"gamma": 880.6136317236234, "log10_alpha": -0.30453969717482643, "log10_colsample_bytree": -0.6010073220683102, "log10_eta": -3.385897590566517, "log10_lambda": 0.8246471190320808, "log10_min_child_weight": 3.056867097216467, "log10_subsample": -0.7806836976113353, "max_depth": 4.0, "num_boost_round": 12.0}, "datetime": {"datetime": "2024-01-19 00:26:13", "elapsed": 878.056225, "delta": 0.001564}}
{"target": -13.758462176374444, "params": {"gamma": 880.6136317236234, "log10_alpha": -0.30453969717482643, "log10_colsample_bytree": -0.6010073220683102, "log10_eta": -3.385897590566517, "log10_lambda": 0.8246471190320808, "log10_min_child_weight": 3.056867097216467, "log10_subsample": -0.7806836976113353, "max_depth": 4.0, "num_boost_round": 13.0}, "datetime": {"datetime": "2024-01-19 00:26:13", "elapsed": 878.05778, "delta": 0.001555}}
{"target": -13.758458169364104, "params": {"gamma": 880.6136317236234, "log10_alpha": -0.30453969717482643, "log10_colsample_bytree": -0.6010073220683102, "log10_eta": -3.385897590566517, "log10_lambda": 0.8246471190320808, "log10_min_child_weight": 3.056867097216467, "log10_subsample": -0.7806836976113353, "max_depth": 4.0, "num_boost_round": 14.0}, "datetime": {"datetime": "2024-01-19 00:26:13", "elapsed": 878.059346, "delta": 0.001566}}
{"target": -13.75844630962913, "params": {"gamma": 880.6136317236234, "log10_alpha": -0.30453969717482643, "log10_colsample_bytree": -0.6010073220683102, "log10_eta": -3.385897590566517, "log10_lambda": 0.8246471190320808, "log10_min_child_weight": 3.056867097216467, "log10_subsample": -0.7806836976113353, "max_depth": 4.0, "num_boost_round": 15.0}, "datetime": {"datetime": "2024-01-19 00:26:13", "elapsed": 878.060925, "delta": 0.001579}}
{"target": -13.758440825276478, "params": {"gamma": 880.6136317236234, "log10_alpha": -0.30453969717482643, "log10_colsample_bytree": -0.6010073220683102, "log10_eta": -3.385897590566517, "log10_lambda": 0.8246471190320808, "log10_min_child_weight": 3.056867097216467, "log10_subsample": -0.7806836976113353, "max_depth": 4.0, "num_boost_round": 16.0}, "datetime": {"datetime": "2024-01-19 00:26:13", "elapsed": 878.062505, "delta": 0.00158}}
{"target": -13.758443517367189, "params": {"gamma": 880.6136317236234, "log10_alpha": -0.30453969717482643, "log10_colsample_bytree": -0.6010073220683102, "log10_eta": -3.385897590566517, "log10_lambda": 0.8246471190320808, "log10_min_child_weight": 3.056867097216467, "log10_subsample": -0.7806836976113353, "max_depth": 4.0, "num_boost_round": 17.0}, "datetime": {"datetime": "2024-01-19 00:26:13", "elapsed": 878.064079, "delta": 0.001574}}
{"target": -13.758447788743386, "params": {"gamma": 880.6136317236234, "log10_alpha": -0.30453969717482643, "log10_colsample_bytree": -0.6010073220683102, "log10_eta": -3.385897590566517, "log10_lambda": 0.8246471190320808, "log10_min_child_weight": 3.056867097216467, "log10_subsample": -0.7806836976113353, "max_depth": 4.0, "num_boost_round": 18.0}, "datetime": {"datetime": "2024-01-19 00:26:13", "elapsed": 878.065648, "delta": 0.001569}}
{"target": -13.758442453257242, "params": {"gamma": 880.6136317236234, "log10_alpha": -0.30453969717482643, "log10_colsample_bytree": -0.6010073220683102, "log10_eta": -3.385897590566517, "log10_lambda": 0.8246471190320808, "log10_min_child_weight": 3.056867097216467, "log10_subsample": -0.7806836976113353, "max_depth": 4.0, "num_boost_round": 19.0}, "datetime": {"datetime": "2024-01-19 00:26:13", "elapsed": 878.067226, "delta": 0.001578}}
{"target": -13.75843517840064, "params": {"gamma": 880.6136317236234, "log10_alpha": -0.30453969717482643, "log10_colsample_bytree": -0.6010073220683102, "log10_eta": -3.385897590566517, "log10_lambda": 0.8246471190320808, "log10_min_child_weight": 3.056867097216467, "log10_subsample": -0.7806836976113353, "max_depth": 4.0, "num_boost_round": 20.0}, "datetime": {"datetime": "2024-01-19 00:26:13", "elapsed": 878.068804, "delta": 0.001578}}
{"target": -13.758428699409341, "params": {"gamma": 880.6136317236234, "log10_alpha": -0.30453969717482643, "log10_colsample_bytree": -0.6010073220683102, "log10_eta": -3.385897590566517, "log10_lambda": 0.8246471190320808, "log10_min_child_weight": 3.056867097216467, "log10_subsample": -0.7806836976113353, "max_depth": 4.0, "num_boost_round": 21.0}, "datetime": {"datetime": "2024-01-19 00:26:13", "elapsed": 878.070421, "delta": 0.001617}}
{"target": -13.75841786899021, "params": {"gamma": 880.6136317236234, "log10_alpha": -0.30453969717482643, "log10_colsample_bytree": -0.6010073220683102, "log10_eta": -3.385897590566517, "log10_lambda": 0.8246471190320808, "log10_min_child_weight": 3.056867097216467, "log10_subsample": -0.7806836976113353, "max_depth": 4.0, "num_boost_round": 22.0}, "datetime": {"datetime": "2024-01-19 00:26:13", "elapsed": 878.072092, "delta": 0.001671}}
{"target": -13.758412684902064, "params": {"gamma": 880.6136317236234, "log10_alpha": -0.30453969717482643, "log10_colsample_bytree": -0.6010073220683102, "log10_eta": -3.385897590566517, "log10_lambda": 0.8246471190320808, "log10_min_child_weight": 3.056867097216467, "log10_subsample": -0.7806836976113353, "max_depth": 4.0, "num_boost_round": 23.0}, "datetime": {"datetime": "2024-01-19 00:26:13", "elapsed": 878.07365, "delta": 0.001558}}
{"target": -13.758408567456005, "params": {"gamma": 880.6136317236234, "log10_alpha": -0.30453969717482643, "log10_colsample_bytree": -0.6010073220683102, "log10_eta": -3.385897590566517, "log10_lambda": 0.8246471190320808, "log10_min_child_weight": 3.056867097216467, "log10_subsample": -0.7806836976113353, "max_depth": 4.0, "num_boost_round": 24.0}, "datetime": {"datetime": "2024-01-19 00:26:13", "elapsed": 878.075223, "delta": 0.001573}}
{"target": -13.758409225852912, "params": {"gamma": 880.6136317236234, "log10_alpha": -0.30453969717482643, "log10_colsample_bytree": -0.6010073220683102, "log10_eta": -3.385897590566517, "log10_lambda": 0.8246471190320808, "log10_min_child_weight": 3.056867097216467, "log10_subsample": -0.7806836976113353, "max_depth": 4.0, "num_boost_round": 25.0}, "datetime": {"datetime": "2024-01-19 00:26:13", "elapsed": 878.076803, "delta": 0.00158}}
{"target": -13.75840441633274, "params": {"gamma": 880.6136317236234, "log10_alpha": -0.30453969717482643, "log10_colsample_bytree": -0.6010073220683102, "log10_eta": -3.385897590566517, "log10_lambda": 0.8246471190320808, "log10_min_child_weight": 3.056867097216467, "log10_subsample": -0.7806836976113353, "max_depth": 4.0, "num_boost_round": 26.0}, "datetime": {"datetime": "2024-01-19 00:26:13", "elapsed": 878.078391, "delta": 0.001588}}
{"target": -13.758400178442807, "params": {"gamma": 880.6136317236234, "log10_alpha": -0.30453969717482643, "log10_colsample_bytree": -0.6010073220683102, "log10_eta": -3.385897590566517, "log10_lambda": 0.8246471190320808, "log10_min_child_weight": 3.056867097216467, "log10_subsample": -0.7806836976113353, "max_depth": 4.0, "num_boost_round": 27.0}, "datetime": {"datetime": "2024-01-19 00:26:13", "elapsed": 878.079959, "delta": 0.001568}}
