{"target": -17.6772038190027, "params": {"gamma": 453.6799153080272, "log10_alpha": -3.498843694383844, "log10_colsample_bytree": -0.47063553119584167, "log10_eta": -4.0, "log10_lambda": -5.0, "log10_min_child_weight": 1.1329770916360593, "log10_subsample": -0.9215038248017162, "max_depth": 4.0, "num_boost_round": 6.0}, "datetime": {"datetime": "2024-01-19 03:25:30", "elapsed": 11635.199847, "delta": 0.0058}}
{"target": -17.677198376234116, "params": {"gamma": 453.6799153080272, "log10_alpha": -3.498843694383844, "log10_colsample_bytree": -0.47063553119584167, "log10_eta": -4.0, "log10_lambda": -5.0, "log10_min_child_weight": 1.1329770916360593, "log10_subsample": -0.9215038248017162, "max_depth": 4.0, "num_boost_round": 7.0}, "datetime": {"datetime": "2024-01-19 03:25:30", "elapsed": 11635.205752, "delta": 0.005905}}
{"target": -17.677195270236304, "params": {"gamma": 453.6799153080272, "log10_alpha": -3.498843694383844, "log10_colsample_bytree": -0.47063553119584167, "log10_eta": -4.0, "log10_lambda": -5.0, "log10_min_child_weight": 1.1329770916360593, "log10_subsample": -0.9215038248017162, "max_depth": 4.0, "num_boost_round": 8.0}, "datetime": {"datetime": "2024-01-19 03:25:30", "elapsed": 11635.211773, "delta": 0.006021}}
{"target": -17.67718978597727, "params": {"gamma": 453.6799153080272, "log10_alpha": -3.498843694383844, "log10_colsample_bytree": -0.47063553119584167, "log10_eta": -4.0, "log10_lambda": -5.0, "log10_min_child_weight": 1.1329770916360593, "log10_subsample": -0.9215038248017162, "max_depth": 4.0, "num_boost_round": 9.0}, "datetime": {"datetime": "2024-01-19 03:25:30", "elapsed": 11635.217796, "delta": 0.006023}}
{"target": -17.67718259484307, "params": {"gamma": 453.6799153080272, "log10_alpha": -3.498843694383844, "log10_colsample_bytree": -0.47063553119584167, "log10_eta": -4.0, "log10_lambda": -5.0, "log10_min_child_weight": 1.1329770916360593, "log10_subsample": -0.9215038248017162, "max_depth": 4.0, "num_boost_round": 10.0}, "datetime": {"datetime": "2024-01-19 03:25:30", "elapsed": 11635.223714, "delta": 0.005918}}
{"target": -17.67717774225379, "params": {"gamma": 453.6799153080272, "log10_alpha": -3.498843694383844, "log10_colsample_bytree": -0.47063553119584167, "log10_eta": -4.0, "log10_lambda": -5.0, "log10_min_child_weight": 1.1329770916360593, "log10_subsample": -0.9215038248017162, "max_depth": 4.0, "num_boost_round": 11.0}, "datetime": {"datetime": "2024-01-19 03:25:30", "elapsed": 11635.22951, "delta": 0.005796}}
{"target": -17.67717366495272, "params": {"gamma": 453.6799153080272, "log10_alpha": -3.498843694383844, "log10_colsample_bytree": -0.47063553119584167, "log10_eta": -4.0, "log10_lambda": -5.0, "log10_min_child_weight": 1.1329770916360593, "log10_subsample": -0.9215038248017162, "max_depth": 4.0, "num_boost_round": 12.0}, "datetime": {"datetime": "2024-01-19 03:25:30", "elapsed": 11635.235304, "delta": 0.005794}}
{"target": -17.67716951175326, "params": {"gamma": 453.6799153080272, "log10_alpha": -3.498843694383844, "log10_colsample_bytree": -0.47063553119584167, "log10_eta": -4.0, "log10_lambda": -5.0, "log10_min_child_weight": 1.1329770916360593, "log10_subsample": -0.9215038248017162, "max_depth": 4.0, "num_boost_round": 13.0}, "datetime": {"datetime": "2024-01-19 03:25:30", "elapsed": 11635.241099, "delta": 0.005795}}
{"target": -17.677170090556764, "params": {"gamma": 453.6799153080272, "log10_alpha": -3.498843694383844, "log10_colsample_bytree": -0.47063553119584167, "log10_eta": -4.0, "log10_lambda": -5.0, "log10_min_child_weight": 1.1329770916360593, "log10_subsample": -0.9215038248017162, "max_depth": 4.0, "num_boost_round": 14.0}, "datetime": {"datetime": "2024-01-19 03:25:30", "elapsed": 11635.246891, "delta": 0.005792}}
{"target": -17.67716775748762, "params": {"gamma": 453.6799153080272, "log10_alpha": -3.498843694383844, "log10_colsample_bytree": -0.47063553119584167, "log10_eta": -4.0, "log10_lambda": -5.0, "log10_min_child_weight": 1.1329770916360593, "log10_subsample": -0.9215038248017162, "max_depth": 4.0, "num_boost_round": 15.0}, "datetime": {"datetime": "2024-01-19 03:25:30", "elapsed": 11635.252805, "delta": 0.005914}}
{"target": -17.677163477883255, "params": {"gamma": 453.6799153080272, "log10_alpha": -3.498843694383844, "log10_colsample_bytree": -0.47063553119584167, "log10_eta": -4.0, "log10_lambda": -5.0, "log10_min_child_weight": 1.1329770916360593, "log10_subsample": -0.9215038248017162, "max_depth": 4.0, "num_boost_round": 16.0}, "datetime": {"datetime": "2024-01-19 03:25:30", "elapsed": 11635.368324, "delta": 0.115519}}
{"target": -17.67716112042028, "params": {"gamma": 453.6799153080272, "log10_alpha": -3.498843694383844, "log10_colsample_bytree": -0.47063553119584167, "log10_eta": -4.0, "log10_lambda": -5.0, "log10_min_child_weight": 1.1329770916360593, "log10_subsample": -0.9215038248017162, "max_depth": 4.0, "num_boost_round": 17.0}, "datetime": {"datetime": "2024-01-19 03:25:30", "elapsed": 11635.375006, "delta": 0.006682}}
{"target": -17.677158667175767, "params": {"gamma": 453.6799153080272, "log10_alpha": -3.498843694383844, "log10_colsample_bytree": -0.47063553119584167, "log10_eta": -4.0, "log10_lambda": -5.0, "log10_min_child_weight": 1.1329770916360593, "log10_subsample": -0.9215038248017162, "max_depth": 4.0, "num_boost_round": 18.0}, "datetime": {"datetime": "2024-01-19 03:25:30", "elapsed": 11635.381104, "delta": 0.006098}}
{"target": -17.677155148406882, "params": {"gamma": 453.6799153080272, "log10_alpha": -3.498843694383844, "log10_colsample_bytree": -0.47063553119584167, "log10_eta": -4.0, "log10_lambda": -5.0, "log10_min_child_weight": 1.1329770916360593, "log10_subsample": -0.9215038248017162, "max_depth": 4.0, "num_boost_round": 19.0}, "datetime": {"datetime": "2024-01-19 03:25:30", "elapsed": 11635.387112, "delta": 0.006008}}
{"target": -17.677150145745106, "params": {"gamma": 453.6799153080272, "log10_alpha": -3.498843694383844, "log10_colsample_bytree": -0.47063553119584167, "log10_eta": -4.0, "log10_lambda": -5.0, "log10_min_child_weight": 1.1329770916360593, "log10_subsample": -0.9215038248017162, "max_depth": 4.0, "num_boost_round": 20.0}, "datetime": {"datetime": "2024-01-19 03:25:30", "elapsed": 11635.393085, "delta": 0.005973}}
{"target": -17.677143814883756, "params": {"gamma": 453.6799153080272, "log10_alpha": -3.498843694383844, "log10_colsample_bytree": -0.47063553119584167, "log10_eta": -4.0, "log10_lambda": -5.0, "log10_min_child_weight": 1.1329770916360593, "log10_subsample": -0.9215038248017162, "max_depth": 4.0, "num_boost_round": 21.0}, "datetime": {"datetime": "2024-01-19 03:25:30", "elapsed": 11635.399081, "delta": 0.005996}}
{"target": -17.677138050037925, "params": {"gamma": 453.6799153080272, "log10_alpha": -3.498843694383844, "log10_colsample_bytree": -0.47063553119584167, "log10_eta": -4.0, "log10_lambda": -5.0, "log10_min_child_weight": 1.1329770916360593, "log10_subsample": -0.9215038248017162, "max_depth": 4.0, "num_boost_round": 22.0}, "datetime": {"datetime": "2024-01-19 03:25:30", "elapsed": 11635.405219, "delta": 0.006138}}
{"target": -17.67712969343595, "params": {"gamma": 453.6799153080272, "log10_alpha": -3.498843694383844, "log10_colsample_bytree": -0.47063553119584167, "log10_eta": -4.0, "log10_lambda": -5.0, "log10_min_child_weight": 1.1329770916360593, "log10_subsample": -0.9215038248017162, "max_depth": 4.0, "num_boost_round": 23.0}, "datetime": {"datetime": "2024-01-19 03:25:30", "elapsed": 11635.411214, "delta": 0.005995}}
{"target": -17.677127700524483, "params": {"gamma": 453.6799153080272, "log10_alpha": -3.498843694383844, "log10_colsample_bytree": -0.47063553119584167, "log10_eta": -4.0, "log10_lambda": -5.0, "log10_min_child_weight": 1.1329770916360593, "log10_subsample": -0.9215038248017162, "max_depth": 4.0, "num_boost_round": 24.0}, "datetime": {"datetime": "2024-01-19 03:25:30", "elapsed": 11635.417222, "delta": 0.006008}}
{"target": -17.67712209784726, "params": {"gamma": 453.6799153080272, "log10_alpha": -3.498843694383844, "log10_colsample_bytree": -0.47063553119584167, "log10_eta": -4.0, "log10_lambda": -5.0, "log10_min_child_weight": 1.1329770916360593, "log10_subsample": -0.9215038248017162, "max_depth": 4.0, "num_boost_round": 25.0}, "datetime": {"datetime": "2024-01-19 03:25:30", "elapsed": 11635.423215, "delta": 0.005993}}
{"target": -17.677119414132417, "params": {"gamma": 453.6799153080272, "log10_alpha": -3.498843694383844, "log10_colsample_bytree": -0.47063553119584167, "log10_eta": -4.0, "log10_lambda": -5.0, "log10_min_child_weight": 1.1329770916360593, "log10_subsample": -0.9215038248017162, "max_depth": 4.0, "num_boost_round": 26.0}, "datetime": {"datetime": "2024-01-19 03:25:30", "elapsed": 11635.429195, "delta": 0.00598}}
{"target": -17.677114188057544, "params": {"gamma": 453.6799153080272, "log10_alpha": -3.498843694383844, "log10_colsample_bytree": -0.47063553119584167, "log10_eta": -4.0, "log10_lambda": -5.0, "log10_min_child_weight": 1.1329770916360593, "log10_subsample": -0.9215038248017162, "max_depth": 4.0, "num_boost_round": 27.0}, "datetime": {"datetime": "2024-01-19 03:25:30", "elapsed": 11635.43529, "delta": 0.006095}}
{"target": -17.677110735918863, "params": {"gamma": 453.6799153080272, "log10_alpha": -3.498843694383844, "log10_colsample_bytree": -0.47063553119584167, "log10_eta": -4.0, "log10_lambda": -5.0, "log10_min_child_weight": 1.1329770916360593, "log10_subsample": -0.9215038248017162, "max_depth": 4.0, "num_boost_round": 28.0}, "datetime": {"datetime": "2024-01-19 03:25:30", "elapsed": 11635.441332, "delta": 0.006042}}
{"target": -17.677103791756924, "params": {"gamma": 453.6799153080272, "log10_alpha": -3.498843694383844, "log10_colsample_bytree": -0.47063553119584167, "log10_eta": -4.0, "log10_lambda": -5.0, "log10_min_child_weight": 1.1329770916360593, "log10_subsample": -0.9215038248017162, "max_depth": 4.0, "num_boost_round": 29.0}, "datetime": {"datetime": "2024-01-19 03:25:30", "elapsed": 11635.447343, "delta": 0.006011}}
{"target": -17.67710093935682, "params": {"gamma": 453.6799153080272, "log10_alpha": -3.498843694383844, "log10_colsample_bytree": -0.47063553119584167, "log10_eta": -4.0, "log10_lambda": -5.0, "log10_min_child_weight": 1.1329770916360593, "log10_subsample": -0.9215038248017162, "max_depth": 4.0, "num_boost_round": 30.0}, "datetime": {"datetime": "2024-01-19 03:25:30", "elapsed": 11635.454399, "delta": 0.007056}}
{"target": -17.67709420949258, "params": {"gamma": 453.6799153080272, "log10_alpha": -3.498843694383844, "log10_colsample_bytree": -0.47063553119584167, "log10_eta": -4.0, "log10_lambda": -5.0, "log10_min_child_weight": 1.1329770916360593, "log10_subsample": -0.9215038248017162, "max_depth": 4.0, "num_boost_round": 31.0}, "datetime": {"datetime": "2024-01-19 03:25:30", "elapsed": 11635.460554, "delta": 0.006155}}
{"target": -17.67709125329589, "params": {"gamma": 453.6799153080272, "log10_alpha": -3.498843694383844, "log10_colsample_bytree": -0.47063553119584167, "log10_eta": -4.0, "log10_lambda": -5.0, "log10_min_child_weight": 1.1329770916360593, "log10_subsample": -0.9215038248017162, "max_depth": 4.0, "num_boost_round": 32.0}, "datetime": {"datetime": "2024-01-19 03:25:30", "elapsed": 11635.466785, "delta": 0.006231}}
{"target": -17.677090304037026, "params": {"gamma": 453.6799153080272, "log10_alpha": -3.498843694383844, "log10_colsample_bytree": -0.47063553119584167, "log10_eta": -4.0, "log10_lambda": -5.0, "log10_min_child_weight": 1.1329770916360593, "log10_subsample": -0.9215038248017162, "max_depth": 4.0, "num_boost_round": 33.0}, "datetime": {"datetime": "2024-01-19 03:25:30", "elapsed": 11635.473972, "delta": 0.007187}}
{"target": -17.67708538455401, "params": {"gamma": 453.6799153080272, "log10_alpha": -3.498843694383844, "log10_colsample_bytree": -0.47063553119584167, "log10_eta": -4.0, "log10_lambda": -5.0, "log10_min_child_weight": 1.1329770916360593, "log10_subsample": -0.9215038248017162, "max_depth": 4.0, "num_boost_round": 34.0}, "datetime": {"datetime": "2024-01-19 03:25:30", "elapsed": 11635.48007, "delta": 0.006098}}
{"target": -17.677079443480388, "params": {"gamma": 453.6799153080272, "log10_alpha": -3.498843694383844, "log10_colsample_bytree": -0.47063553119584167, "log10_eta": -4.0, "log10_lambda": -5.0, "log10_min_child_weight": 1.1329770916360593, "log10_subsample": -0.9215038248017162, "max_depth": 4.0, "num_boost_round": 35.0}, "datetime": {"datetime": "2024-01-19 03:25:30", "elapsed": 11635.486243, "delta": 0.006173}}
{"target": -17.677079539060983, "params": {"gamma": 453.6799153080272, "log10_alpha": -3.498843694383844, "log10_colsample_bytree": -0.47063553119584167, "log10_eta": -4.0, "log10_lambda": -5.0, "log10_min_child_weight": 1.1329770916360593, "log10_subsample": -0.9215038248017162, "max_depth": 4.0, "num_boost_round": 36.0}, "datetime": {"datetime": "2024-01-19 03:25:30", "elapsed": 11635.492358, "delta": 0.006115}}
{"target": -17.67707233306321, "params": {"gamma": 453.6799153080272, "log10_alpha": -3.498843694383844, "log10_colsample_bytree": -0.47063553119584167, "log10_eta": -4.0, "log10_lambda": -5.0, "log10_min_child_weight": 1.1329770916360593, "log10_subsample": -0.9215038248017162, "max_depth": 4.0, "num_boost_round": 37.0}, "datetime": {"datetime": "2024-01-19 03:25:30", "elapsed": 11635.498367, "delta": 0.006009}}
{"target": -17.67707114746694, "params": {"gamma": 453.6799153080272, "log10_alpha": -3.498843694383844, "log10_colsample_bytree": -0.47063553119584167, "log10_eta": -4.0, "log10_lambda": -5.0, "log10_min_child_weight": 1.1329770916360593, "log10_subsample": -0.9215038248017162, "max_depth": 4.0, "num_boost_round": 38.0}, "datetime": {"datetime": "2024-01-19 03:25:31", "elapsed": 11635.588928, "delta": 0.090561}}
{"target": -17.677068840585786, "params": {"gamma": 453.6799153080272, "log10_alpha": -3.498843694383844, "log10_colsample_bytree": -0.47063553119584167, "log10_eta": -4.0, "log10_lambda": -5.0, "log10_min_child_weight": 1.1329770916360593, "log10_subsample": -0.9215038248017162, "max_depth": 4.0, "num_boost_round": 39.0}, "datetime": {"datetime": "2024-01-19 03:25:31", "elapsed": 11635.595719, "delta": 0.006791}}
{"target": -17.677064790481232, "params": {"gamma": 453.6799153080272, "log10_alpha": -3.498843694383844, "log10_colsample_bytree": -0.47063553119584167, "log10_eta": -4.0, "log10_lambda": -5.0, "log10_min_child_weight": 1.1329770916360593, "log10_subsample": -0.9215038248017162, "max_depth": 4.0, "num_boost_round": 40.0}, "datetime": {"datetime": "2024-01-19 03:25:31", "elapsed": 11635.601853, "delta": 0.006134}}
{"target": -17.677062618883745, "params": {"gamma": 453.6799153080272, "log10_alpha": -3.498843694383844, "log10_colsample_bytree": -0.47063553119584167, "log10_eta": -4.0, "log10_lambda": -5.0, "log10_min_child_weight": 1.1329770916360593, "log10_subsample": -0.9215038248017162, "max_depth": 4.0, "num_boost_round": 41.0}, "datetime": {"datetime": "2024-01-19 03:25:31", "elapsed": 11635.60795, "delta": 0.006097}}
{"target": -17.677055473511526, "params": {"gamma": 453.6799153080272, "log10_alpha": -3.498843694383844, "log10_colsample_bytree": -0.47063553119584167, "log10_eta": -4.0, "log10_lambda": -5.0, "log10_min_child_weight": 1.1329770916360593, "log10_subsample": -0.9215038248017162, "max_depth": 4.0, "num_boost_round": 42.0}, "datetime": {"datetime": "2024-01-19 03:25:31", "elapsed": 11635.613987, "delta": 0.006037}}
{"target": -17.67704893998964, "params": {"gamma": 453.6799153080272, "log10_alpha": -3.498843694383844, "log10_colsample_bytree": -0.47063553119584167, "log10_eta": -4.0, "log10_lambda": -5.0, "log10_min_child_weight": 1.1329770916360593, "log10_subsample": -0.9215038248017162, "max_depth": 4.0, "num_boost_round": 43.0}, "datetime": {"datetime": "2024-01-19 03:25:31", "elapsed": 11635.620036, "delta": 0.006049}}
{"target": -17.677043058355306, "params": {"gamma": 453.6799153080272, "log10_alpha": -3.498843694383844, "log10_colsample_bytree": -0.47063553119584167, "log10_eta": -4.0, "log10_lambda": -5.0, "log10_min_child_weight": 1.1329770916360593, "log10_subsample": -0.9215038248017162, "max_depth": 4.0, "num_boost_round": 44.0}, "datetime": {"datetime": "2024-01-19 03:25:31", "elapsed": 11635.626106, "delta": 0.00607}}
{"target": -17.677038761054874, "params": {"gamma": 453.6799153080272, "log10_alpha": -3.498843694383844, "log10_colsample_bytree": -0.47063553119584167, "log10_eta": -4.0, "log10_lambda": -5.0, "log10_min_child_weight": 1.1329770916360593, "log10_subsample": -0.9215038248017162, "max_depth": 4.0, "num_boost_round": 45.0}, "datetime": {"datetime": "2024-01-19 03:25:31", "elapsed": 11635.632152, "delta": 0.006046}}
{"target": -17.677037330479504, "params": {"gamma": 453.6799153080272, "log10_alpha": -3.498843694383844, "log10_colsample_bytree": -0.47063553119584167, "log10_eta": -4.0, "log10_lambda": -5.0, "log10_min_child_weight": 1.1329770916360593, "log10_subsample": -0.9215038248017162, "max_depth": 4.0, "num_boost_round": 46.0}, "datetime": {"datetime": "2024-01-19 03:25:31", "elapsed": 11635.638182, "delta": 0.00603}}
{"target": -17.677035842874563, "params": {"gamma": 453.6799153080272, "log10_alpha": -3.498843694383844, "log10_colsample_bytree": -0.47063553119584167, "log10_eta": -4.0, "log10_lambda": -5.0, "log10_min_child_weight": 1.1329770916360593, "log10_subsample": -0.9215038248017162, "max_depth": 4.0, "num_boost_round": 47.0}, "datetime": {"datetime": "2024-01-19 03:25:31", "elapsed": 11635.644265, "delta": 0.006083}}
{"target": -17.67703446333045, "params": {"gamma": 453.6799153080272, "log10_alpha": -3.498843694383844, "log10_colsample_bytree": -0.47063553119584167, "log10_eta": -4.0, "log10_lambda": -5.0, "log10_min_child_weight": 1.1329770916360593, "log10_subsample": -0.9215038248017162, "max_depth": 4.0, "num_boost_round": 48.0}, "datetime": {"datetime": "2024-01-19 03:25:31", "elapsed": 11635.650299, "delta": 0.006034}}
{"target": -17.67703157418051, "params": {"gamma": 453.6799153080272, "log10_alpha": -3.498843694383844, "log10_colsample_bytree": -0.47063553119584167, "log10_eta": -4.0, "log10_lambda": -5.0, "log10_min_child_weight": 1.1329770916360593, "log10_subsample": -0.9215038248017162, "max_depth": 4.0, "num_boost_round": 49.0}, "datetime": {"datetime": "2024-01-19 03:25:31", "elapsed": 11635.656389, "delta": 0.00609}}
{"target": -17.67702920210647, "params": {"gamma": 453.6799153080272, "log10_alpha": -3.498843694383844, "log10_colsample_bytree": -0.47063553119584167, "log10_eta": -4.0, "log10_lambda": -5.0, "log10_min_child_weight": 1.1329770916360593, "log10_subsample": -0.9215038248017162, "max_depth": 4.0, "num_boost_round": 50.0}, "datetime": {"datetime": "2024-01-19 03:25:31", "elapsed": 11635.662456, "delta": 0.006067}}
{"target": -17.677026901599774, "params": {"gamma": 453.6799153080272, "log10_alpha": -3.498843694383844, "log10_colsample_bytree": -0.47063553119584167, "log10_eta": -4.0, "log10_lambda": -5.0, "log10_min_child_weight": 1.1329770916360593, "log10_subsample": -0.9215038248017162, "max_depth": 4.0, "num_boost_round": 51.0}, "datetime": {"datetime": "2024-01-19 03:25:31", "elapsed": 11635.668533, "delta": 0.006077}}
{"target": -17.677026212336973, "params": {"gamma": 453.6799153080272, "log10_alpha": -3.498843694383844, "log10_colsample_bytree": -0.47063553119584167, "log10_eta": -4.0, "log10_lambda": -5.0, "log10_min_child_weight": 1.1329770916360593, "log10_subsample": -0.9215038248017162, "max_depth": 4.0, "num_boost_round": 52.0}, "datetime": {"datetime": "2024-01-19 03:25:31", "elapsed": 11635.674558, "delta": 0.006025}}
{"target": -17.677022286450804, "params": {"gamma": 453.6799153080272, "log10_alpha": -3.498843694383844, "log10_colsample_bytree": -0.47063553119584167, "log10_eta": -4.0, "log10_lambda": -5.0, "log10_min_child_weight": 1.1329770916360593, "log10_subsample": -0.9215038248017162, "max_depth": 4.0, "num_boost_round": 53.0}, "datetime": {"datetime": "2024-01-19 03:25:31", "elapsed": 11635.680626, "delta": 0.006068}}
{"target": -17.677020613134903, "params": {"gamma": 453.6799153080272, "log10_alpha": -3.498843694383844, "log10_colsample_bytree": -0.47063553119584167, "log10_eta": -4.0, "log10_lambda": -5.0, "log10_min_child_weight": 1.1329770916360593, "log10_subsample": -0.9215038248017162, "max_depth": 4.0, "num_boost_round": 54.0}, "datetime": {"datetime": "2024-01-19 03:25:31", "elapsed": 11635.686638, "delta": 0.006012}}
{"target": -17.677020596697997, "params": {"gamma": 453.6799153080272, "log10_alpha": -3.498843694383844, "log10_colsample_bytree": -0.47063553119584167, "log10_eta": -4.0, "log10_lambda": -5.0, "log10_min_child_weight": 1.1329770916360593, "log10_subsample": -0.9215038248017162, "max_depth": 4.0, "num_boost_round": 55.0}, "datetime": {"datetime": "2024-01-19 03:25:31", "elapsed": 11635.693366, "delta": 0.006728}}
{"target": -17.67701670984086, "params": {"gamma": 453.6799153080272, "log10_alpha": -3.498843694383844, "log10_colsample_bytree": -0.47063553119584167, "log10_eta": -4.0, "log10_lambda": -5.0, "log10_min_child_weight": 1.1329770916360593, "log10_subsample": -0.9215038248017162, "max_depth": 4.0, "num_boost_round": 56.0}, "datetime": {"datetime": "2024-01-19 03:25:31", "elapsed": 11635.778661, "delta": 0.085295}}
{"target": -17.677012246082597, "params": {"gamma": 453.6799153080272, "log10_alpha": -3.498843694383844, "log10_colsample_bytree": -0.47063553119584167, "log10_eta": -4.0, "log10_lambda": -5.0, "log10_min_child_weight": 1.1329770916360593, "log10_subsample": -0.9215038248017162, "max_depth": 4.0, "num_boost_round": 57.0}, "datetime": {"datetime": "2024-01-19 03:25:31", "elapsed": 11635.785562, "delta": 0.006901}}
