{"target": -13.757201819074151, "params": {"gamma": 726.4349122365048, "log10_alpha": -4.778027202843017, "log10_colsample_bytree": -0.9149103099860899, "log10_eta": -1.969786177734731, "log10_lambda": 0.6122015796023366, "log10_min_child_weight": 2.9876197442924743, "log10_subsample": -0.6546742374330871, "max_depth": 8.0, "num_boost_round": 9.0}, "datetime": {"datetime": "2024-01-19 01:55:13", "elapsed": 6220.740065, "delta": 0.006292}}
{"target": -13.757054916286124, "params": {"gamma": 726.4349122365048, "log10_alpha": -4.778027202843017, "log10_colsample_bytree": -0.9149103099860899, "log10_eta": -1.969786177734731, "log10_lambda": 0.6122015796023366, "log10_min_child_weight": 2.9876197442924743, "log10_subsample": -0.6546742374330871, "max_depth": 8.0, "num_boost_round": 10.0}, "datetime": {"datetime": "2024-01-19 01:55:13", "elapsed": 6220.747068, "delta": 0.007003}}
{"target": -13.75694502534122, "params": {"gamma": 726.4349122365048, "log10_alpha": -4.778027202843017, "log10_colsample_bytree": -0.9149103099860899, "log10_eta": -1.969786177734731, "log10_lambda": 0.6122015796023366, "log10_min_child_weight": 2.9876197442924743, "log10_subsample": -0.6546742374330871, "max_depth": 8.0, "num_boost_round": 11.0}, "datetime": {"datetime": "2024-01-19 01:55:13", "elapsed": 6220.75365, "delta": 0.006582}}
{"target": -13.756967238255253, "params": {"gamma": 726.4349122365048, "log10_alpha": -4.778027202843017, "log10_colsample_bytree": -0.9149103099860899, "log10_eta": -1.969786177734731, "log10_lambda": 0.6122015796023366, "log10_min_child_weight": 2.9876197442924743, "log10_subsample": -0.6546742374330871, "max_depth": 8.0, "num_boost_round": 12.0}, "datetime": {"datetime": "2024-01-19 01:55:13", "elapsed": 6220.760054, "delta": 0.006404}}
{"target": -13.75663124756002, "params": {"gamma": 726.4349122365048, "log10_alpha": -4.778027202843017, "log10_colsample_bytree": -0.9149103099860899, "log10_eta": -1.969786177734731, "log10_lambda": 0.6122015796023366, "log10_min_child_weight": 2.9876197442924743, "log10_subsample": -0.6546742374330871, "max_depth": 8.0, "num_boost_round": 13.0}, "datetime": {"datetime": "2024-01-19 01:55:13", "elapsed": 6220.765934, "delta": 0.00588}}
{"target": -13.756487837923428, "params": {"gamma": 726.4349122365048, "log10_alpha": -4.778027202843017, "log10_colsample_bytree": -0.9149103099860899, "log10_eta": -1.969786177734731, "log10_lambda": 0.6122015796023366, "log10_min_child_weight": 2.9876197442924743, "log10_subsample": -0.6546742374330871, "max_depth": 8.0, "num_boost_round": 14.0}, "datetime": {"datetime": "2024-01-19 01:55:13", "elapsed": 6220.771793, "delta": 0.005859}}
{"target": -13.756223720340982, "params": {"gamma": 726.4349122365048, "log10_alpha": -4.778027202843017, "log10_colsample_bytree": -0.9149103099860899, "log10_eta": -1.969786177734731, "log10_lambda": 0.6122015796023366, "log10_min_child_weight": 2.9876197442924743, "log10_subsample": -0.6546742374330871, "max_depth": 8.0, "num_boost_round": 15.0}, "datetime": {"datetime": "2024-01-19 01:55:13", "elapsed": 6220.777787, "delta": 0.005994}}
{"target": -13.756067840590577, "params": {"gamma": 726.4349122365048, "log10_alpha": -4.778027202843017, "log10_colsample_bytree": -0.9149103099860899, "log10_eta": -1.969786177734731, "log10_lambda": 0.6122015796023366, "log10_min_child_weight": 2.9876197442924743, "log10_subsample": -0.6546742374330871, "max_depth": 8.0, "num_boost_round": 16.0}, "datetime": {"datetime": "2024-01-19 01:55:13", "elapsed": 6220.783759, "delta": 0.005972}}
{"target": -13.756053405659554, "params": {"gamma": 726.4349122365048, "log10_alpha": -4.778027202843017, "log10_colsample_bytree": -0.9149103099860899, "log10_eta": -1.969786177734731, "log10_lambda": 0.6122015796023366, "log10_min_child_weight": 2.9876197442924743, "log10_subsample": -0.6546742374330871, "max_depth": 8.0, "num_boost_round": 17.0}, "datetime": {"datetime": "2024-01-19 01:55:13", "elapsed": 6220.789684, "delta": 0.005925}}
{"target": -13.755816153135846, "params": {"gamma": 726.4349122365048, "log10_alpha": -4.778027202843017, "log10_colsample_bytree": -0.9149103099860899, "log10_eta": -1.969786177734731, "log10_lambda": 0.6122015796023366, "log10_min_child_weight": 2.9876197442924743, "log10_subsample": -0.6546742374330871, "max_depth": 8.0, "num_boost_round": 18.0}, "datetime": {"datetime": "2024-01-19 01:55:13", "elapsed": 6220.795663, "delta": 0.005979}}
{"target": -13.755654330584182, "params": {"gamma": 726.4349122365048, "log10_alpha": -4.778027202843017, "log10_colsample_bytree": -0.9149103099860899, "log10_eta": -1.969786177734731, "log10_lambda": 0.6122015796023366, "log10_min_child_weight": 2.9876197442924743, "log10_subsample": -0.6546742374330871, "max_depth": 8.0, "num_boost_round": 19.0}, "datetime": {"datetime": "2024-01-19 01:55:13", "elapsed": 6220.802412, "delta": 0.006749}}
{"target": -13.755346900959792, "params": {"gamma": 726.4349122365048, "log10_alpha": -4.778027202843017, "log10_colsample_bytree": -0.9149103099860899, "log10_eta": -1.969786177734731, "log10_lambda": 0.6122015796023366, "log10_min_child_weight": 2.9876197442924743, "log10_subsample": -0.6546742374330871, "max_depth": 8.0, "num_boost_round": 20.0}, "datetime": {"datetime": "2024-01-19 01:55:13", "elapsed": 6220.808551, "delta": 0.006139}}
{"target": -13.755217265650872, "params": {"gamma": 726.4349122365048, "log10_alpha": -4.778027202843017, "log10_colsample_bytree": -0.9149103099860899, "log10_eta": -1.969786177734731, "log10_lambda": 0.6122015796023366, "log10_min_child_weight": 2.9876197442924743, "log10_subsample": -0.6546742374330871, "max_depth": 8.0, "num_boost_round": 21.0}, "datetime": {"datetime": "2024-01-19 01:55:13", "elapsed": 6220.814382, "delta": 0.005831}}
{"target": -13.755130403005, "params": {"gamma": 726.4349122365048, "log10_alpha": -4.778027202843017, "log10_colsample_bytree": -0.9149103099860899, "log10_eta": -1.969786177734731, "log10_lambda": 0.6122015796023366, "log10_min_child_weight": 2.9876197442924743, "log10_subsample": -0.6546742374330871, "max_depth": 8.0, "num_boost_round": 22.0}, "datetime": {"datetime": "2024-01-19 01:55:13", "elapsed": 6220.82024, "delta": 0.005858}}
{"target": -13.754638824752252, "params": {"gamma": 726.4349122365048, "log10_alpha": -4.778027202843017, "log10_colsample_bytree": -0.9149103099860899, "log10_eta": -1.969786177734731, "log10_lambda": 0.6122015796023366, "log10_min_child_weight": 2.9876197442924743, "log10_subsample": -0.6546742374330871, "max_depth": 8.0, "num_boost_round": 23.0}, "datetime": {"datetime": "2024-01-19 01:55:13", "elapsed": 6220.826194, "delta": 0.005954}}
{"target": -13.754779505937462, "params": {"gamma": 726.4349122365048, "log10_alpha": -4.778027202843017, "log10_colsample_bytree": -0.9149103099860899, "log10_eta": -1.969786177734731, "log10_lambda": 0.6122015796023366, "log10_min_child_weight": 2.9876197442924743, "log10_subsample": -0.6546742374330871, "max_depth": 8.0, "num_boost_round": 24.0}, "datetime": {"datetime": "2024-01-19 01:55:13", "elapsed": 6220.832531, "delta": 0.006337}}
{"target": -13.75452405070444, "params": {"gamma": 726.4349122365048, "log10_alpha": -4.778027202843017, "log10_colsample_bytree": -0.9149103099860899, "log10_eta": -1.969786177734731, "log10_lambda": 0.6122015796023366, "log10_min_child_weight": 2.9876197442924743, "log10_subsample": -0.6546742374330871, "max_depth": 8.0, "num_boost_round": 25.0}, "datetime": {"datetime": "2024-01-19 01:55:13", "elapsed": 6220.97742, "delta": 0.144889}}
{"target": -13.754491218735847, "params": {"gamma": 726.4349122365048, "log10_alpha": -4.778027202843017, "log10_colsample_bytree": -0.9149103099860899, "log10_eta": -1.969786177734731, "log10_lambda": 0.6122015796023366, "log10_min_child_weight": 2.9876197442924743, "log10_subsample": -0.6546742374330871, "max_depth": 8.0, "num_boost_round": 26.0}, "datetime": {"datetime": "2024-01-19 01:55:13", "elapsed": 6220.984138, "delta": 0.006718}}
{"target": -13.754511580261907, "params": {"gamma": 726.4349122365048, "log10_alpha": -4.778027202843017, "log10_colsample_bytree": -0.9149103099860899, "log10_eta": -1.969786177734731, "log10_lambda": 0.6122015796023366, "log10_min_child_weight": 2.9876197442924743, "log10_subsample": -0.6546742374330871, "max_depth": 8.0, "num_boost_round": 27.0}, "datetime": {"datetime": "2024-01-19 01:55:13", "elapsed": 6220.990909, "delta": 0.006771}}
{"target": -13.754433029468649, "params": {"gamma": 726.4349122365048, "log10_alpha": -4.778027202843017, "log10_colsample_bytree": -0.9149103099860899, "log10_eta": -1.969786177734731, "log10_lambda": 0.6122015796023366, "log10_min_child_weight": 2.9876197442924743, "log10_subsample": -0.6546742374330871, "max_depth": 8.0, "num_boost_round": 28.0}, "datetime": {"datetime": "2024-01-19 01:55:13", "elapsed": 6220.997305, "delta": 0.006396}}
{"target": -13.754433976297607, "params": {"gamma": 726.4349122365048, "log10_alpha": -4.778027202843017, "log10_colsample_bytree": -0.9149103099860899, "log10_eta": -1.969786177734731, "log10_lambda": 0.6122015796023366, "log10_min_child_weight": 2.9876197442924743, "log10_subsample": -0.6546742374330871, "max_depth": 8.0, "num_boost_round": 29.0}, "datetime": {"datetime": "2024-01-19 01:55:13", "elapsed": 6221.003755, "delta": 0.00645}}
{"target": -13.754368942085684, "params": {"gamma": 726.4349122365048, "log10_alpha": -4.778027202843017, "log10_colsample_bytree": -0.9149103099860899, "log10_eta": -1.969786177734731, "log10_lambda": 0.6122015796023366, "log10_min_child_weight": 2.9876197442924743, "log10_subsample": -0.6546742374330871, "max_depth": 8.0, "num_boost_round": 30.0}, "datetime": {"datetime": "2024-01-19 01:55:13", "elapsed": 6221.009777, "delta": 0.006022}}
{"target": -13.754106544057745, "params": {"gamma": 726.4349122365048, "log10_alpha": -4.778027202843017, "log10_colsample_bytree": -0.9149103099860899, "log10_eta": -1.969786177734731, "log10_lambda": 0.6122015796023366, "log10_min_child_weight": 2.9876197442924743, "log10_subsample": -0.6546742374330871, "max_depth": 8.0, "num_boost_round": 31.0}, "datetime": {"datetime": "2024-01-19 01:55:13", "elapsed": 6221.015702, "delta": 0.005925}}
{"target": -13.754213166254589, "params": {"gamma": 726.4349122365048, "log10_alpha": -4.778027202843017, "log10_colsample_bytree": -0.9149103099860899, "log10_eta": -1.969786177734731, "log10_lambda": 0.6122015796023366, "log10_min_child_weight": 2.9876197442924743, "log10_subsample": -0.6546742374330871, "max_depth": 8.0, "num_boost_round": 32.0}, "datetime": {"datetime": "2024-01-19 01:55:13", "elapsed": 6221.021831, "delta": 0.006129}}
{"target": -13.754048546787844, "params": {"gamma": 726.4349122365048, "log10_alpha": -4.778027202843017, "log10_colsample_bytree": -0.9149103099860899, "log10_eta": -1.969786177734731, "log10_lambda": 0.6122015796023366, "log10_min_child_weight": 2.9876197442924743, "log10_subsample": -0.6546742374330871, "max_depth": 8.0, "num_boost_round": 33.0}, "datetime": {"datetime": "2024-01-19 01:55:13", "elapsed": 6221.027774, "delta": 0.005943}}
{"target": -13.753911158793962, "params": {"gamma": 726.4349122365048, "log10_alpha": -4.778027202843017, "log10_colsample_bytree": -0.9149103099860899, "log10_eta": -1.969786177734731, "log10_lambda": 0.6122015796023366, "log10_min_child_weight": 2.9876197442924743, "log10_subsample": -0.6546742374330871, "max_depth": 8.0, "num_boost_round": 34.0}, "datetime": {"datetime": "2024-01-19 01:55:13", "elapsed": 6221.033832, "delta": 0.006058}}
{"target": -13.754069447222207, "params": {"gamma": 726.4349122365048, "log10_alpha": -4.778027202843017, "log10_colsample_bytree": -0.9149103099860899, "log10_eta": -1.969786177734731, "log10_lambda": 0.6122015796023366, "log10_min_child_weight": 2.9876197442924743, "log10_subsample": -0.6546742374330871, "max_depth": 8.0, "num_boost_round": 35.0}, "datetime": {"datetime": "2024-01-19 01:55:13", "elapsed": 6221.039902, "delta": 0.00607}}
{"target": -13.75409341639552, "params": {"gamma": 726.4349122365048, "log10_alpha": -4.778027202843017, "log10_colsample_bytree": -0.9149103099860899, "log10_eta": -1.969786177734731, "log10_lambda": 0.6122015796023366, "log10_min_child_weight": 2.9876197442924743, "log10_subsample": -0.6546742374330871, "max_depth": 8.0, "num_boost_round": 36.0}, "datetime": {"datetime": "2024-01-19 01:55:13", "elapsed": 6221.047285, "delta": 0.007383}}
{"target": -13.754123462965547, "params": {"gamma": 726.4349122365048, "log10_alpha": -4.778027202843017, "log10_colsample_bytree": -0.9149103099860899, "log10_eta": -1.969786177734731, "log10_lambda": 0.6122015796023366, "log10_min_child_weight": 2.9876197442924743, "log10_subsample": -0.6546742374330871, "max_depth": 8.0, "num_boost_round": 37.0}, "datetime": {"datetime": "2024-01-19 01:55:13", "elapsed": 6221.05376, "delta": 0.006475}}
{"target": -13.753986173776084, "params": {"gamma": 726.4349122365048, "log10_alpha": -4.778027202843017, "log10_colsample_bytree": -0.9149103099860899, "log10_eta": -1.969786177734731, "log10_lambda": 0.6122015796023366, "log10_min_child_weight": 2.9876197442924743, "log10_subsample": -0.6546742374330871, "max_depth": 8.0, "num_boost_round": 38.0}, "datetime": {"datetime": "2024-01-19 01:55:13", "elapsed": 6221.05972, "delta": 0.00596}}
{"target": -13.753989570281812, "params": {"gamma": 726.4349122365048, "log10_alpha": -4.778027202843017, "log10_colsample_bytree": -0.9149103099860899, "log10_eta": -1.969786177734731, "log10_lambda": 0.6122015796023366, "log10_min_child_weight": 2.9876197442924743, "log10_subsample": -0.6546742374330871, "max_depth": 8.0, "num_boost_round": 39.0}, "datetime": {"datetime": "2024-01-19 01:55:13", "elapsed": 6221.065739, "delta": 0.006019}}
{"target": -13.754043148261571, "params": {"gamma": 726.4349122365048, "log10_alpha": -4.778027202843017, "log10_colsample_bytree": -0.9149103099860899, "log10_eta": -1.969786177734731, "log10_lambda": 0.6122015796023366, "log10_min_child_weight": 2.9876197442924743, "log10_subsample": -0.6546742374330871, "max_depth": 8.0, "num_boost_round": 40.0}, "datetime": {"datetime": "2024-01-19 01:55:13", "elapsed": 6221.071771, "delta": 0.006032}}
{"target": -13.754094751201789, "params": {"gamma": 726.4349122365048, "log10_alpha": -4.778027202843017, "log10_colsample_bytree": -0.9149103099860899, "log10_eta": -1.969786177734731, "log10_lambda": 0.6122015796023366, "log10_min_child_weight": 2.9876197442924743, "log10_subsample": -0.6546742374330871, "max_depth": 8.0, "num_boost_round": 41.0}, "datetime": {"datetime": "2024-01-19 01:55:13", "elapsed": 6221.077969, "delta": 0.006198}}
{"target": -13.753921811687153, "params": {"gamma": 726.4349122365048, "log10_alpha": -4.778027202843017, "log10_colsample_bytree": -0.9149103099860899, "log10_eta": -1.969786177734731, "log10_lambda": 0.6122015796023366, "log10_min_child_weight": 2.9876197442924743, "log10_subsample": -0.6546742374330871, "max_depth": 8.0, "num_boost_round": 42.0}, "datetime": {"datetime": "2024-01-19 01:55:13", "elapsed": 6221.083767, "delta": 0.005798}}
{"target": -13.753772889909268, "params": {"gamma": 726.4349122365048, "log10_alpha": -4.778027202843017, "log10_colsample_bytree": -0.9149103099860899, "log10_eta": -1.969786177734731, "log10_lambda": 0.6122015796023366, "log10_min_child_weight": 2.9876197442924743, "log10_subsample": -0.6546742374330871, "max_depth": 8.0, "num_boost_round": 43.0}, "datetime": {"datetime": "2024-01-19 01:55:13", "elapsed": 6221.08963, "delta": 0.005863}}
{"target": -13.753705462425469, "params": {"gamma": 726.4349122365048, "log10_alpha": -4.778027202843017, "log10_colsample_bytree": -0.9149103099860899, "log10_eta": -1.969786177734731, "log10_lambda": 0.6122015796023366, "log10_min_child_weight": 2.9876197442924743, "log10_subsample": -0.6546742374330871, "max_depth": 8.0, "num_boost_round": 44.0}, "datetime": {"datetime": "2024-01-19 01:55:13", "elapsed": 6221.095559, "delta": 0.005929}}
{"target": -13.753420373852272, "params": {"gamma": 726.4349122365048, "log10_alpha": -4.778027202843017, "log10_colsample_bytree": -0.9149103099860899, "log10_eta": -1.969786177734731, "log10_lambda": 0.6122015796023366, "log10_min_child_weight": 2.9876197442924743, "log10_subsample": -0.6546742374330871, "max_depth": 8.0, "num_boost_round": 45.0}, "datetime": {"datetime": "2024-01-19 01:55:13", "elapsed": 6221.10228, "delta": 0.006721}}
{"target": -13.753379250905066, "params": {"gamma": 726.4349122365048, "log10_alpha": -4.778027202843017, "log10_colsample_bytree": -0.9149103099860899, "log10_eta": -1.969786177734731, "log10_lambda": 0.6122015796023366, "log10_min_child_weight": 2.9876197442924743, "log10_subsample": -0.6546742374330871, "max_depth": 8.0, "num_boost_round": 46.0}, "datetime": {"datetime": "2024-01-19 01:55:13", "elapsed": 6221.108538, "delta": 0.006258}}
{"target": -13.753176543067383, "params": {"gamma": 726.4349122365048, "log10_alpha": -4.778027202843017, "log10_colsample_bytree": -0.9149103099860899, "log10_eta": -1.969786177734731, "log10_lambda": 0.6122015796023366, "log10_min_child_weight": 2.9876197442924743, "log10_subsample": -0.6546742374330871, "max_depth": 8.0, "num_boost_round": 47.0}, "datetime": {"datetime": "2024-01-19 01:55:13", "elapsed": 6221.114982, "delta": 0.006444}}
{"target": -13.753251038719192, "params": {"gamma": 726.4349122365048, "log10_alpha": -4.778027202843017, "log10_colsample_bytree": -0.9149103099860899, "log10_eta": -1.969786177734731, "log10_lambda": 0.6122015796023366, "log10_min_child_weight": 2.9876197442924743, "log10_subsample": -0.6546742374330871, "max_depth": 8.0, "num_boost_round": 48.0}, "datetime": {"datetime": "2024-01-19 01:55:13", "elapsed": 6221.12102, "delta": 0.006038}}
{"target": -13.75334720943706, "params": {"gamma": 726.4349122365048, "log10_alpha": -4.778027202843017, "log10_colsample_bytree": -0.9149103099860899, "log10_eta": -1.969786177734731, "log10_lambda": 0.6122015796023366, "log10_min_child_weight": 2.9876197442924743, "log10_subsample": -0.6546742374330871, "max_depth": 8.0, "num_boost_round": 49.0}, "datetime": {"datetime": "2024-01-19 01:55:13", "elapsed": 6221.127178, "delta": 0.006158}}
{"target": -13.753447639208165, "params": {"gamma": 726.4349122365048, "log10_alpha": -4.778027202843017, "log10_colsample_bytree": -0.9149103099860899, "log10_eta": -1.969786177734731, "log10_lambda": 0.6122015796023366, "log10_min_child_weight": 2.9876197442924743, "log10_subsample": -0.6546742374330871, "max_depth": 8.0, "num_boost_round": 50.0}, "datetime": {"datetime": "2024-01-19 01:55:13", "elapsed": 6221.133661, "delta": 0.006483}}
{"target": -13.75345800203299, "params": {"gamma": 726.4349122365048, "log10_alpha": -4.778027202843017, "log10_colsample_bytree": -0.9149103099860899, "log10_eta": -1.969786177734731, "log10_lambda": 0.6122015796023366, "log10_min_child_weight": 2.9876197442924743, "log10_subsample": -0.6546742374330871, "max_depth": 8.0, "num_boost_round": 51.0}, "datetime": {"datetime": "2024-01-19 01:55:13", "elapsed": 6221.139988, "delta": 0.006327}}
{"target": -13.753449876378292, "params": {"gamma": 726.4349122365048, "log10_alpha": -4.778027202843017, "log10_colsample_bytree": -0.9149103099860899, "log10_eta": -1.969786177734731, "log10_lambda": 0.6122015796023366, "log10_min_child_weight": 2.9876197442924743, "log10_subsample": -0.6546742374330871, "max_depth": 8.0, "num_boost_round": 52.0}, "datetime": {"datetime": "2024-01-19 01:55:13", "elapsed": 6221.146123, "delta": 0.006135}}
{"target": -13.753401000390369, "params": {"gamma": 726.4349122365048, "log10_alpha": -4.778027202843017, "log10_colsample_bytree": -0.9149103099860899, "log10_eta": -1.969786177734731, "log10_lambda": 0.6122015796023366, "log10_min_child_weight": 2.9876197442924743, "log10_subsample": -0.6546742374330871, "max_depth": 8.0, "num_boost_round": 53.0}, "datetime": {"datetime": "2024-01-19 01:55:13", "elapsed": 6221.152231, "delta": 0.006108}}
{"target": -13.753380817038401, "params": {"gamma": 726.4349122365048, "log10_alpha": -4.778027202843017, "log10_colsample_bytree": -0.9149103099860899, "log10_eta": -1.969786177734731, "log10_lambda": 0.6122015796023366, "log10_min_child_weight": 2.9876197442924743, "log10_subsample": -0.6546742374330871, "max_depth": 8.0, "num_boost_round": 54.0}, "datetime": {"datetime": "2024-01-19 01:55:13", "elapsed": 6221.15878, "delta": 0.006549}}
{"target": -13.753259752670395, "params": {"gamma": 726.4349122365048, "log10_alpha": -4.778027202843017, "log10_colsample_bytree": -0.9149103099860899, "log10_eta": -1.969786177734731, "log10_lambda": 0.6122015796023366, "log10_min_child_weight": 2.9876197442924743, "log10_subsample": -0.6546742374330871, "max_depth": 8.0, "num_boost_round": 55.0}, "datetime": {"datetime": "2024-01-19 01:55:13", "elapsed": 6221.165753, "delta": 0.006973}}
{"target": -13.75321396425922, "params": {"gamma": 726.4349122365048, "log10_alpha": -4.778027202843017, "log10_colsample_bytree": -0.9149103099860899, "log10_eta": -1.969786177734731, "log10_lambda": 0.6122015796023366, "log10_min_child_weight": 2.9876197442924743, "log10_subsample": -0.6546742374330871, "max_depth": 8.0, "num_boost_round": 56.0}, "datetime": {"datetime": "2024-01-19 01:55:13", "elapsed": 6221.172113, "delta": 0.00636}}
{"target": -13.753579608981877, "params": {"gamma": 726.4349122365048, "log10_alpha": -4.778027202843017, "log10_colsample_bytree": -0.9149103099860899, "log10_eta": -1.969786177734731, "log10_lambda": 0.6122015796023366, "log10_min_child_weight": 2.9876197442924743, "log10_subsample": -0.6546742374330871, "max_depth": 8.0, "num_boost_round": 57.0}, "datetime": {"datetime": "2024-01-19 01:55:13", "elapsed": 6221.178318, "delta": 0.006205}}
