{"target": -17.67607507025019, "params": {"gamma": 613.5122177821706, "log10_alpha": -3.3956514210963125, "log10_colsample_bytree": -0.7442683357305452, "log10_eta": -3.4903658230987222, "log10_lambda": 0.47700980692032413, "log10_min_child_weight": 2.3534262099750918, "log10_subsample": -0.5951940343722811, "max_depth": 4.0, "num_boost_round": 119.0}, "datetime": {"datetime": "2024-01-19 02:43:32", "elapsed": 9093.46492, "delta": 0.007717}}
{"target": -17.67607581064083, "params": {"gamma": 613.5122177821706, "log10_alpha": -3.3956514210963125, "log10_colsample_bytree": -0.7442683357305452, "log10_eta": -3.4903658230987222, "log10_lambda": 0.47700980692032413, "log10_min_child_weight": 2.3534262099750918, "log10_subsample": -0.5951940343722811, "max_depth": 4.0, "num_boost_round": 120.0}, "datetime": {"datetime": "2024-01-19 02:43:32", "elapsed": 9093.472311, "delta": 0.007391}}
{"target": -17.676066792337433, "params": {"gamma": 613.5122177821706, "log10_alpha": -3.3956514210963125, "log10_colsample_bytree": -0.7442683357305452, "log10_eta": -3.4903658230987222, "log10_lambda": 0.47700980692032413, "log10_min_child_weight": 2.3534262099750918, "log10_subsample": -0.5951940343722811, "max_depth": 4.0, "num_boost_round": 121.0}, "datetime": {"datetime": "2024-01-19 02:43:32", "elapsed": 9093.479602, "delta": 0.007291}}
{"target": -17.67606285658591, "params": {"gamma": 613.5122177821706, "log10_alpha": -3.3956514210963125, "log10_colsample_bytree": -0.7442683357305452, "log10_eta": -3.4903658230987222, "log10_lambda": 0.47700980692032413, "log10_min_child_weight": 2.3534262099750918, "log10_subsample": -0.5951940343722811, "max_depth": 4.0, "num_boost_round": 122.0}, "datetime": {"datetime": "2024-01-19 02:43:32", "elapsed": 9093.486767, "delta": 0.007165}}
{"target": -17.676047664514613, "params": {"gamma": 613.5122177821706, "log10_alpha": -3.3956514210963125, "log10_colsample_bytree": -0.7442683357305452, "log10_eta": -3.4903658230987222, "log10_lambda": 0.47700980692032413, "log10_min_child_weight": 2.3534262099750918, "log10_subsample": -0.5951940343722811, "max_depth": 4.0, "num_boost_round": 123.0}, "datetime": {"datetime": "2024-01-19 02:43:32", "elapsed": 9093.493908, "delta": 0.007141}}
{"target": -17.676041928075747, "params": {"gamma": 613.5122177821706, "log10_alpha": -3.3956514210963125, "log10_colsample_bytree": -0.7442683357305452, "log10_eta": -3.4903658230987222, "log10_lambda": 0.47700980692032413, "log10_min_child_weight": 2.3534262099750918, "log10_subsample": -0.5951940343722811, "max_depth": 4.0, "num_boost_round": 124.0}, "datetime": {"datetime": "2024-01-19 02:43:32", "elapsed": 9093.501004, "delta": 0.007096}}
{"target": -17.676035300743898, "params": {"gamma": 613.5122177821706, "log10_alpha": -3.3956514210963125, "log10_colsample_bytree": -0.7442683357305452, "log10_eta": -3.4903658230987222, "log10_lambda": 0.47700980692032413, "log10_min_child_weight": 2.3534262099750918, "log10_subsample": -0.5951940343722811, "max_depth": 4.0, "num_boost_round": 125.0}, "datetime": {"datetime": "2024-01-19 02:43:32", "elapsed": 9093.508133, "delta": 0.007129}}
{"target": -17.67603226185426, "params": {"gamma": 613.5122177821706, "log10_alpha": -3.3956514210963125, "log10_colsample_bytree": -0.7442683357305452, "log10_eta": -3.4903658230987222, "log10_lambda": 0.47700980692032413, "log10_min_child_weight": 2.3534262099750918, "log10_subsample": -0.5951940343722811, "max_depth": 4.0, "num_boost_round": 126.0}, "datetime": {"datetime": "2024-01-19 02:43:32", "elapsed": 9093.515257, "delta": 0.007124}}
{"target": -17.67601990387862, "params": {"gamma": 613.5122177821706, "log10_alpha": -3.3956514210963125, "log10_colsample_bytree": -0.7442683357305452, "log10_eta": -3.4903658230987222, "log10_lambda": 0.47700980692032413, "log10_min_child_weight": 2.3534262099750918, "log10_subsample": -0.5951940343722811, "max_depth": 4.0, "num_boost_round": 127.0}, "datetime": {"datetime": "2024-01-19 02:43:32", "elapsed": 9093.522413, "delta": 0.007156}}
{"target": -17.67601235900777, "params": {"gamma": 613.5122177821706, "log10_alpha": -3.3956514210963125, "log10_colsample_bytree": -0.7442683357305452, "log10_eta": -3.4903658230987222, "log10_lambda": 0.47700980692032413, "log10_min_child_weight": 2.3534262099750918, "log10_subsample": -0.5951940343722811, "max_depth": 4.0, "num_boost_round": 128.0}, "datetime": {"datetime": "2024-01-19 02:43:32", "elapsed": 9093.52959, "delta": 0.007177}}
{"target": -17.67599236034009, "params": {"gamma": 613.5122177821706, "log10_alpha": -3.3956514210963125, "log10_colsample_bytree": -0.7442683357305452, "log10_eta": -3.4903658230987222, "log10_lambda": 0.47700980692032413, "log10_min_child_weight": 2.3534262099750918, "log10_subsample": -0.5951940343722811, "max_depth": 4.0, "num_boost_round": 129.0}, "datetime": {"datetime": "2024-01-19 02:43:32", "elapsed": 9093.536892, "delta": 0.007302}}
{"target": -17.675972418159123, "params": {"gamma": 613.5122177821706, "log10_alpha": -3.3956514210963125, "log10_colsample_bytree": -0.7442683357305452, "log10_eta": -3.4903658230987222, "log10_lambda": 0.47700980692032413, "log10_min_child_weight": 2.3534262099750918, "log10_subsample": -0.5951940343722811, "max_depth": 4.0, "num_boost_round": 130.0}, "datetime": {"datetime": "2024-01-19 02:43:32", "elapsed": 9093.545019, "delta": 0.008127}}
{"target": -17.675959393008004, "params": {"gamma": 613.5122177821706, "log10_alpha": -3.3956514210963125, "log10_colsample_bytree": -0.7442683357305452, "log10_eta": -3.4903658230987222, "log10_lambda": 0.47700980692032413, "log10_min_child_weight": 2.3534262099750918, "log10_subsample": -0.5951940343722811, "max_depth": 4.0, "num_boost_round": 131.0}, "datetime": {"datetime": "2024-01-19 02:43:32", "elapsed": 9093.55269, "delta": 0.007671}}
{"target": -17.67596413658809, "params": {"gamma": 613.5122177821706, "log10_alpha": -3.3956514210963125, "log10_colsample_bytree": -0.7442683357305452, "log10_eta": -3.4903658230987222, "log10_lambda": 0.47700980692032413, "log10_min_child_weight": 2.3534262099750918, "log10_subsample": -0.5951940343722811, "max_depth": 4.0, "num_boost_round": 132.0}, "datetime": {"datetime": "2024-01-19 02:43:32", "elapsed": 9093.560148, "delta": 0.007458}}
{"target": -17.675952503268242, "params": {"gamma": 613.5122177821706, "log10_alpha": -3.3956514210963125, "log10_colsample_bytree": -0.7442683357305452, "log10_eta": -3.4903658230987222, "log10_lambda": 0.47700980692032413, "log10_min_child_weight": 2.3534262099750918, "log10_subsample": -0.5951940343722811, "max_depth": 4.0, "num_boost_round": 133.0}, "datetime": {"datetime": "2024-01-19 02:43:32", "elapsed": 9093.567537, "delta": 0.007389}}
{"target": -17.67594486579729, "params": {"gamma": 613.5122177821706, "log10_alpha": -3.3956514210963125, "log10_colsample_bytree": -0.7442683357305452, "log10_eta": -3.4903658230987222, "log10_lambda": 0.47700980692032413, "log10_min_child_weight": 2.3534262099750918, "log10_subsample": -0.5951940343722811, "max_depth": 4.0, "num_boost_round": 134.0}, "datetime": {"datetime": "2024-01-19 02:43:32", "elapsed": 9093.574857, "delta": 0.00732}}
{"target": -17.675935408741676, "params": {"gamma": 613.5122177821706, "log10_alpha": -3.3956514210963125, "log10_colsample_bytree": -0.7442683357305452, "log10_eta": -3.4903658230987222, "log10_lambda": 0.47700980692032413, "log10_min_child_weight": 2.3534262099750918, "log10_subsample": -0.5951940343722811, "max_depth": 4.0, "num_boost_round": 135.0}, "datetime": {"datetime": "2024-01-19 02:43:32", "elapsed": 9093.582155, "delta": 0.007298}}
{"target": -17.675924612164827, "params": {"gamma": 613.5122177821706, "log10_alpha": -3.3956514210963125, "log10_colsample_bytree": -0.7442683357305452, "log10_eta": -3.4903658230987222, "log10_lambda": 0.47700980692032413, "log10_min_child_weight": 2.3534262099750918, "log10_subsample": -0.5951940343722811, "max_depth": 4.0, "num_boost_round": 136.0}, "datetime": {"datetime": "2024-01-19 02:43:32", "elapsed": 9093.589451, "delta": 0.007296}}
{"target": -17.675913091616813, "params": {"gamma": 613.5122177821706, "log10_alpha": -3.3956514210963125, "log10_colsample_bytree": -0.7442683357305452, "log10_eta": -3.4903658230987222, "log10_lambda": 0.47700980692032413, "log10_min_child_weight": 2.3534262099750918, "log10_subsample": -0.5951940343722811, "max_depth": 4.0, "num_boost_round": 137.0}, "datetime": {"datetime": "2024-01-19 02:43:32", "elapsed": 9093.596784, "delta": 0.007333}}
{"target": -17.67590504150237, "params": {"gamma": 613.5122177821706, "log10_alpha": -3.3956514210963125, "log10_colsample_bytree": -0.7442683357305452, "log10_eta": -3.4903658230987222, "log10_lambda": 0.47700980692032413, "log10_min_child_weight": 2.3534262099750918, "log10_subsample": -0.5951940343722811, "max_depth": 4.0, "num_boost_round": 138.0}, "datetime": {"datetime": "2024-01-19 02:43:32", "elapsed": 9093.60408, "delta": 0.007296}}
{"target": -17.675885340968403, "params": {"gamma": 613.5122177821706, "log10_alpha": -3.3956514210963125, "log10_colsample_bytree": -0.7442683357305452, "log10_eta": -3.4903658230987222, "log10_lambda": 0.47700980692032413, "log10_min_child_weight": 2.3534262099750918, "log10_subsample": -0.5951940343722811, "max_depth": 4.0, "num_boost_round": 139.0}, "datetime": {"datetime": "2024-01-19 02:43:32", "elapsed": 9093.611565, "delta": 0.007485}}
{"target": -17.67586656080523, "params": {"gamma": 613.5122177821706, "log10_alpha": -3.3956514210963125, "log10_colsample_bytree": -0.7442683357305452, "log10_eta": -3.4903658230987222, "log10_lambda": 0.47700980692032413, "log10_min_child_weight": 2.3534262099750918, "log10_subsample": -0.5951940343722811, "max_depth": 4.0, "num_boost_round": 140.0}, "datetime": {"datetime": "2024-01-19 02:43:32", "elapsed": 9093.618968, "delta": 0.007403}}
{"target": -17.67585398937003, "params": {"gamma": 613.5122177821706, "log10_alpha": -3.3956514210963125, "log10_colsample_bytree": -0.7442683357305452, "log10_eta": -3.4903658230987222, "log10_lambda": 0.47700980692032413, "log10_min_child_weight": 2.3534262099750918, "log10_subsample": -0.5951940343722811, "max_depth": 4.0, "num_boost_round": 141.0}, "datetime": {"datetime": "2024-01-19 02:43:32", "elapsed": 9093.625695, "delta": 0.006727}}
{"target": -17.675854334441503, "params": {"gamma": 613.5122177821706, "log10_alpha": -3.3956514210963125, "log10_colsample_bytree": -0.7442683357305452, "log10_eta": -3.4903658230987222, "log10_lambda": 0.47700980692032413, "log10_min_child_weight": 2.3534262099750918, "log10_subsample": -0.5951940343722811, "max_depth": 4.0, "num_boost_round": 142.0}, "datetime": {"datetime": "2024-01-19 02:43:32", "elapsed": 9093.63333, "delta": 0.007635}}
{"target": -17.675843623994343, "params": {"gamma": 613.5122177821706, "log10_alpha": -3.3956514210963125, "log10_colsample_bytree": -0.7442683357305452, "log10_eta": -3.4903658230987222, "log10_lambda": 0.47700980692032413, "log10_min_child_weight": 2.3534262099750918, "log10_subsample": -0.5951940343722811, "max_depth": 4.0, "num_boost_round": 143.0}, "datetime": {"datetime": "2024-01-19 02:43:32", "elapsed": 9093.641421, "delta": 0.008091}}
{"target": -17.675830368908688, "params": {"gamma": 613.5122177821706, "log10_alpha": -3.3956514210963125, "log10_colsample_bytree": -0.7442683357305452, "log10_eta": -3.4903658230987222, "log10_lambda": 0.47700980692032413, "log10_min_child_weight": 2.3534262099750918, "log10_subsample": -0.5951940343722811, "max_depth": 4.0, "num_boost_round": 144.0}, "datetime": {"datetime": "2024-01-19 02:43:33", "elapsed": 9093.64889, "delta": 0.007469}}
{"target": -17.675829201461504, "params": {"gamma": 613.5122177821706, "log10_alpha": -3.3956514210963125, "log10_colsample_bytree": -0.7442683357305452, "log10_eta": -3.4903658230987222, "log10_lambda": 0.47700980692032413, "log10_min_child_weight": 2.3534262099750918, "log10_subsample": -0.5951940343722811, "max_depth": 4.0, "num_boost_round": 145.0}, "datetime": {"datetime": "2024-01-19 02:43:33", "elapsed": 9093.656749, "delta": 0.007859}}
{"target": -17.67580958062638, "params": {"gamma": 613.5122177821706, "log10_alpha": -3.3956514210963125, "log10_colsample_bytree": -0.7442683357305452, "log10_eta": -3.4903658230987222, "log10_lambda": 0.47700980692032413, "log10_min_child_weight": 2.3534262099750918, "log10_subsample": -0.5951940343722811, "max_depth": 4.0, "num_boost_round": 146.0}, "datetime": {"datetime": "2024-01-19 02:43:33", "elapsed": 9093.664225, "delta": 0.007476}}
{"target": -17.675803980015857, "params": {"gamma": 613.5122177821706, "log10_alpha": -3.3956514210963125, "log10_colsample_bytree": -0.7442683357305452, "log10_eta": -3.4903658230987222, "log10_lambda": 0.47700980692032413, "log10_min_child_weight": 2.3534262099750918, "log10_subsample": -0.5951940343722811, "max_depth": 4.0, "num_boost_round": 147.0}, "datetime": {"datetime": "2024-01-19 02:43:33", "elapsed": 9093.671755, "delta": 0.00753}}
{"target": -17.67580028537592, "params": {"gamma": 613.5122177821706, "log10_alpha": -3.3956514210963125, "log10_colsample_bytree": -0.7442683357305452, "log10_eta": -3.4903658230987222, "log10_lambda": 0.47700980692032413, "log10_min_child_weight": 2.3534262099750918, "log10_subsample": -0.5951940343722811, "max_depth": 4.0, "num_boost_round": 148.0}, "datetime": {"datetime": "2024-01-19 02:43:33", "elapsed": 9093.6792, "delta": 0.007445}}
{"target": -17.67578278647229, "params": {"gamma": 613.5122177821706, "log10_alpha": -3.3956514210963125, "log10_colsample_bytree": -0.7442683357305452, "log10_eta": -3.4903658230987222, "log10_lambda": 0.47700980692032413, "log10_min_child_weight": 2.3534262099750918, "log10_subsample": -0.5951940343722811, "max_depth": 4.0, "num_boost_round": 149.0}, "datetime": {"datetime": "2024-01-19 02:43:33", "elapsed": 9093.686417, "delta": 0.007217}}
{"target": -17.67576646397844, "params": {"gamma": 613.5122177821706, "log10_alpha": -3.3956514210963125, "log10_colsample_bytree": -0.7442683357305452, "log10_eta": -3.4903658230987222, "log10_lambda": 0.47700980692032413, "log10_min_child_weight": 2.3534262099750918, "log10_subsample": -0.5951940343722811, "max_depth": 4.0, "num_boost_round": 150.0}, "datetime": {"datetime": "2024-01-19 02:43:33", "elapsed": 9093.693664, "delta": 0.007247}}
{"target": -17.675767528317074, "params": {"gamma": 613.5122177821706, "log10_alpha": -3.3956514210963125, "log10_colsample_bytree": -0.7442683357305452, "log10_eta": -3.4903658230987222, "log10_lambda": 0.47700980692032413, "log10_min_child_weight": 2.3534262099750918, "log10_subsample": -0.5951940343722811, "max_depth": 4.0, "num_boost_round": 151.0}, "datetime": {"datetime": "2024-01-19 02:43:33", "elapsed": 9093.700965, "delta": 0.007301}}
{"target": -17.675758076157077, "params": {"gamma": 613.5122177821706, "log10_alpha": -3.3956514210963125, "log10_colsample_bytree": -0.7442683357305452, "log10_eta": -3.4903658230987222, "log10_lambda": 0.47700980692032413, "log10_min_child_weight": 2.3534262099750918, "log10_subsample": -0.5951940343722811, "max_depth": 4.0, "num_boost_round": 152.0}, "datetime": {"datetime": "2024-01-19 02:43:33", "elapsed": 9093.708328, "delta": 0.007363}}
{"target": -17.675755445422478, "params": {"gamma": 613.5122177821706, "log10_alpha": -3.3956514210963125, "log10_colsample_bytree": -0.7442683357305452, "log10_eta": -3.4903658230987222, "log10_lambda": 0.47700980692032413, "log10_min_child_weight": 2.3534262099750918, "log10_subsample": -0.5951940343722811, "max_depth": 4.0, "num_boost_round": 153.0}, "datetime": {"datetime": "2024-01-19 02:43:33", "elapsed": 9093.71562, "delta": 0.007292}}
{"target": -17.67574280347082, "params": {"gamma": 613.5122177821706, "log10_alpha": -3.3956514210963125, "log10_colsample_bytree": -0.7442683357305452, "log10_eta": -3.4903658230987222, "log10_lambda": 0.47700980692032413, "log10_min_child_weight": 2.3534262099750918, "log10_subsample": -0.5951940343722811, "max_depth": 4.0, "num_boost_round": 154.0}, "datetime": {"datetime": "2024-01-19 02:43:33", "elapsed": 9093.723041, "delta": 0.007421}}
{"target": -17.675738330391106, "params": {"gamma": 613.5122177821706, "log10_alpha": -3.3956514210963125, "log10_colsample_bytree": -0.7442683357305452, "log10_eta": -3.4903658230987222, "log10_lambda": 0.47700980692032413, "log10_min_child_weight": 2.3534262099750918, "log10_subsample": -0.5951940343722811, "max_depth": 4.0, "num_boost_round": 155.0}, "datetime": {"datetime": "2024-01-19 02:43:33", "elapsed": 9093.731032, "delta": 0.007991}}
{"target": -17.675729407247342, "params": {"gamma": 613.5122177821706, "log10_alpha": -3.3956514210963125, "log10_colsample_bytree": -0.7442683357305452, "log10_eta": -3.4903658230987222, "log10_lambda": 0.47700980692032413, "log10_min_child_weight": 2.3534262099750918, "log10_subsample": -0.5951940343722811, "max_depth": 4.0, "num_boost_round": 156.0}, "datetime": {"datetime": "2024-01-19 02:43:33", "elapsed": 9093.738768, "delta": 0.007736}}
{"target": -17.67572007782526, "params": {"gamma": 613.5122177821706, "log10_alpha": -3.3956514210963125, "log10_colsample_bytree": -0.7442683357305452, "log10_eta": -3.4903658230987222, "log10_lambda": 0.47700980692032413, "log10_min_child_weight": 2.3534262099750918, "log10_subsample": -0.5951940343722811, "max_depth": 4.0, "num_boost_round": 157.0}, "datetime": {"datetime": "2024-01-19 02:43:33", "elapsed": 9093.745919, "delta": 0.007151}}
{"target": -17.675698845896793, "params": {"gamma": 613.5122177821706, "log10_alpha": -3.3956514210963125, "log10_colsample_bytree": -0.7442683357305452, "log10_eta": -3.4903658230987222, "log10_lambda": 0.47700980692032413, "log10_min_child_weight": 2.3534262099750918, "log10_subsample": -0.5951940343722811, "max_depth": 4.0, "num_boost_round": 158.0}, "datetime": {"datetime": "2024-01-19 02:43:33", "elapsed": 9093.752937, "delta": 0.007018}}
{"target": -17.675690248475195, "params": {"gamma": 613.5122177821706, "log10_alpha": -3.3956514210963125, "log10_colsample_bytree": -0.7442683357305452, "log10_eta": -3.4903658230987222, "log10_lambda": 0.47700980692032413, "log10_min_child_weight": 2.3534262099750918, "log10_subsample": -0.5951940343722811, "max_depth": 4.0, "num_boost_round": 159.0}, "datetime": {"datetime": "2024-01-19 02:43:33", "elapsed": 9093.76004, "delta": 0.007103}}
{"target": -17.67568917606529, "params": {"gamma": 613.5122177821706, "log10_alpha": -3.3956514210963125, "log10_colsample_bytree": -0.7442683357305452, "log10_eta": -3.4903658230987222, "log10_lambda": 0.47700980692032413, "log10_min_child_weight": 2.3534262099750918, "log10_subsample": -0.5951940343722811, "max_depth": 4.0, "num_boost_round": 160.0}, "datetime": {"datetime": "2024-01-19 02:43:33", "elapsed": 9093.766951, "delta": 0.006911}}
{"target": -17.67569335716265, "params": {"gamma": 613.5122177821706, "log10_alpha": -3.3956514210963125, "log10_colsample_bytree": -0.7442683357305452, "log10_eta": -3.4903658230987222, "log10_lambda": 0.47700980692032413, "log10_min_child_weight": 2.3534262099750918, "log10_subsample": -0.5951940343722811, "max_depth": 4.0, "num_boost_round": 161.0}, "datetime": {"datetime": "2024-01-19 02:43:33", "elapsed": 9093.773794, "delta": 0.006843}}
{"target": -17.675690063331192, "params": {"gamma": 613.5122177821706, "log10_alpha": -3.3956514210963125, "log10_colsample_bytree": -0.7442683357305452, "log10_eta": -3.4903658230987222, "log10_lambda": 0.47700980692032413, "log10_min_child_weight": 2.3534262099750918, "log10_subsample": -0.5951940343722811, "max_depth": 4.0, "num_boost_round": 162.0}, "datetime": {"datetime": "2024-01-19 02:43:33", "elapsed": 9093.780725, "delta": 0.006931}}
{"target": -17.675670596275637, "params": {"gamma": 613.5122177821706, "log10_alpha": -3.3956514210963125, "log10_colsample_bytree": -0.7442683357305452, "log10_eta": -3.4903658230987222, "log10_lambda": 0.47700980692032413, "log10_min_child_weight": 2.3534262099750918, "log10_subsample": -0.5951940343722811, "max_depth": 4.0, "num_boost_round": 163.0}, "datetime": {"datetime": "2024-01-19 02:43:33", "elapsed": 9093.787703, "delta": 0.006978}}
{"target": -17.675665054767382, "params": {"gamma": 613.5122177821706, "log10_alpha": -3.3956514210963125, "log10_colsample_bytree": -0.7442683357305452, "log10_eta": -3.4903658230987222, "log10_lambda": 0.47700980692032413, "log10_min_child_weight": 2.3534262099750918, "log10_subsample": -0.5951940343722811, "max_depth": 4.0, "num_boost_round": 164.0}, "datetime": {"datetime": "2024-01-19 02:43:33", "elapsed": 9093.794847, "delta": 0.007144}}
{"target": -17.675645612595922, "params": {"gamma": 613.5122177821706, "log10_alpha": -3.3956514210963125, "log10_colsample_bytree": -0.7442683357305452, "log10_eta": -3.4903658230987222, "log10_lambda": 0.47700980692032413, "log10_min_child_weight": 2.3534262099750918, "log10_subsample": -0.5951940343722811, "max_depth": 4.0, "num_boost_round": 165.0}, "datetime": {"datetime": "2024-01-19 02:43:33", "elapsed": 9093.801869, "delta": 0.007022}}
{"target": -17.67563146836114, "params": {"gamma": 613.5122177821706, "log10_alpha": -3.3956514210963125, "log10_colsample_bytree": -0.7442683357305452, "log10_eta": -3.4903658230987222, "log10_lambda": 0.47700980692032413, "log10_min_child_weight": 2.3534262099750918, "log10_subsample": -0.5951940343722811, "max_depth": 4.0, "num_boost_round": 166.0}, "datetime": {"datetime": "2024-01-19 02:43:33", "elapsed": 9093.808901, "delta": 0.007032}}
{"target": -17.675622051872246, "params": {"gamma": 613.5122177821706, "log10_alpha": -3.3956514210963125, "log10_colsample_bytree": -0.7442683357305452, "log10_eta": -3.4903658230987222, "log10_lambda": 0.47700980692032413, "log10_min_child_weight": 2.3534262099750918, "log10_subsample": -0.5951940343722811, "max_depth": 4.0, "num_boost_round": 167.0}, "datetime": {"datetime": "2024-01-19 02:43:33", "elapsed": 9093.816019, "delta": 0.007118}}
