{"target": -17.67713629805483, "params": {"gamma": 56.22317873518834, "log10_alpha": -4.068324497069877, "log10_colsample_bytree": -0.9856382471139603, "log10_eta": -3.4769077076766925, "log10_lambda": -0.8597866986420053, "log10_min_child_weight": 3.2828007358978653, "log10_subsample": -0.088747665611286, "max_depth": 2.0, "num_boost_round": 15.0}, "datetime": {"datetime": "2024-01-19 01:12:39", "elapsed": 3713.41414, "delta": 0.003272}}
{"target": -17.677134712966613, "params": {"gamma": 56.22317873518834, "log10_alpha": -4.068324497069877, "log10_colsample_bytree": -0.9856382471139603, "log10_eta": -3.4769077076766925, "log10_lambda": -0.8597866986420053, "log10_min_child_weight": 3.2828007358978653, "log10_subsample": -0.088747665611286, "max_depth": 2.0, "num_boost_round": 16.0}, "datetime": {"datetime": "2024-01-19 01:12:39", "elapsed": 3713.417571, "delta": 0.003431}}
{"target": -17.677133373067004, "params": {"gamma": 56.22317873518834, "log10_alpha": -4.068324497069877, "log10_colsample_bytree": -0.9856382471139603, "log10_eta": -3.4769077076766925, "log10_lambda": -0.8597866986420053, "log10_min_child_weight": 3.2828007358978653, "log10_subsample": -0.088747665611286, "max_depth": 2.0, "num_boost_round": 17.0}, "datetime": {"datetime": "2024-01-19 01:12:39", "elapsed": 3713.420947, "delta": 0.003376}}
{"target": -17.677126215774326, "params": {"gamma": 56.22317873518834, "log10_alpha": -4.068324497069877, "log10_colsample_bytree": -0.9856382471139603, "log10_eta": -3.4769077076766925, "log10_lambda": -0.8597866986420053, "log10_min_child_weight": 3.2828007358978653, "log10_subsample": -0.088747665611286, "max_depth": 2.0, "num_boost_round": 18.0}, "datetime": {"datetime": "2024-01-19 01:12:39", "elapsed": 3713.42441, "delta": 0.003463}}
{"target": -17.677124083521786, "params": {"gamma": 56.22317873518834, "log10_alpha": -4.068324497069877, "log10_colsample_bytree": -0.9856382471139603, "log10_eta": -3.4769077076766925, "log10_lambda": -0.8597866986420053, "log10_min_child_weight": 3.2828007358978653, "log10_subsample": -0.088747665611286, "max_depth": 2.0, "num_boost_round": 19.0}, "datetime": {"datetime": "2024-01-19 01:12:39", "elapsed": 3713.427859, "delta": 0.003449}}
{"target": -17.677121602435808, "params": {"gamma": 56.22317873518834, "log10_alpha": -4.068324497069877, "log10_colsample_bytree": -0.9856382471139603, "log10_eta": -3.4769077076766925, "log10_lambda": -0.8597866986420053, "log10_min_child_weight": 3.2828007358978653, "log10_subsample": -0.088747665611286, "max_depth": 2.0, "num_boost_round": 20.0}, "datetime": {"datetime": "2024-01-19 01:12:39", "elapsed": 3713.431331, "delta": 0.003472}}
{"target": -17.677110876754966, "params": {"gamma": 56.22317873518834, "log10_alpha": -4.068324497069877, "log10_colsample_bytree": -0.9856382471139603, "log10_eta": -3.4769077076766925, "log10_lambda": -0.8597866986420053, "log10_min_child_weight": 3.2828007358978653, "log10_subsample": -0.088747665611286, "max_depth": 2.0, "num_boost_round": 21.0}, "datetime": {"datetime": "2024-01-19 01:12:39", "elapsed": 3713.434687, "delta": 0.003356}}
{"target": -17.677106317103522, "params": {"gamma": 56.22317873518834, "log10_alpha": -4.068324497069877, "log10_colsample_bytree": -0.9856382471139603, "log10_eta": -3.4769077076766925, "log10_lambda": -0.8597866986420053, "log10_min_child_weight": 3.2828007358978653, "log10_subsample": -0.088747665611286, "max_depth": 2.0, "num_boost_round": 22.0}, "datetime": {"datetime": "2024-01-19 01:12:39", "elapsed": 3713.438131, "delta": 0.003444}}
{"target": -17.677091764810648, "params": {"gamma": 56.22317873518834, "log10_alpha": -4.068324497069877, "log10_colsample_bytree": -0.9856382471139603, "log10_eta": -3.4769077076766925, "log10_lambda": -0.8597866986420053, "log10_min_child_weight": 3.2828007358978653, "log10_subsample": -0.088747665611286, "max_depth": 2.0, "num_boost_round": 23.0}, "datetime": {"datetime": "2024-01-19 01:12:39", "elapsed": 3713.441467, "delta": 0.003336}}
{"target": -17.677091753901397, "params": {"gamma": 56.22317873518834, "log10_alpha": -4.068324497069877, "log10_colsample_bytree": -0.9856382471139603, "log10_eta": -3.4769077076766925, "log10_lambda": -0.8597866986420053, "log10_min_child_weight": 3.2828007358978653, "log10_subsample": -0.088747665611286, "max_depth": 2.0, "num_boost_round": 24.0}, "datetime": {"datetime": "2024-01-19 01:12:39", "elapsed": 3713.617, "delta": 0.175533}}
{"target": -17.67707753563915, "params": {"gamma": 56.22317873518834, "log10_alpha": -4.068324497069877, "log10_colsample_bytree": -0.9856382471139603, "log10_eta": -3.4769077076766925, "log10_lambda": -0.8597866986420053, "log10_min_child_weight": 3.2828007358978653, "log10_subsample": -0.088747665611286, "max_depth": 2.0, "num_boost_round": 25.0}, "datetime": {"datetime": "2024-01-19 01:12:39", "elapsed": 3713.621543, "delta": 0.004543}}
{"target": -17.677074597995716, "params": {"gamma": 56.22317873518834, "log10_alpha": -4.068324497069877, "log10_colsample_bytree": -0.9856382471139603, "log10_eta": -3.4769077076766925, "log10_lambda": -0.8597866986420053, "log10_min_child_weight": 3.2828007358978653, "log10_subsample": -0.088747665611286, "max_depth": 2.0, "num_boost_round": 26.0}, "datetime": {"datetime": "2024-01-19 01:12:39", "elapsed": 3713.625511, "delta": 0.003968}}
{"target": -17.67706788350329, "params": {"gamma": 56.22317873518834, "log10_alpha": -4.068324497069877, "log10_colsample_bytree": -0.9856382471139603, "log10_eta": -3.4769077076766925, "log10_lambda": -0.8597866986420053, "log10_min_child_weight": 3.2828007358978653, "log10_subsample": -0.088747665611286, "max_depth": 2.0, "num_boost_round": 27.0}, "datetime": {"datetime": "2024-01-19 01:12:39", "elapsed": 3713.629169, "delta": 0.003658}}
{"target": -17.677059001331344, "params": {"gamma": 56.22317873518834, "log10_alpha": -4.068324497069877, "log10_colsample_bytree": -0.9856382471139603, "log10_eta": -3.4769077076766925, "log10_lambda": -0.8597866986420053, "log10_min_child_weight": 3.2828007358978653, "log10_subsample": -0.088747665611286, "max_depth": 2.0, "num_boost_round": 28.0}, "datetime": {"datetime": "2024-01-19 01:12:39", "elapsed": 3713.632857, "delta": 0.003688}}
{"target": -17.676974461166406, "params": {"gamma": 49.732665548824826, "log10_alpha": -0.5270321353003897, "log10_colsample_bytree": -0.1414605765060284, "log10_eta": -2.3865555180715035, "log10_lambda": 0.8140278320133287, "log10_min_child_weight": 0.5353375717229764, "log10_subsample": -0.35061939526886976, "max_depth": 7.0, "num_boost_round": 0.0}, "datetime": {"datetime": "2024-01-19 01:14:05", "elapsed": 3799.58131, "delta": 85.948453}}
{"target": -17.67663612665631, "params": {"gamma": 49.732665548824826, "log10_alpha": -0.5270321353003897, "log10_colsample_bytree": -0.1414605765060284, "log10_eta": -2.3865555180715035, "log10_lambda": 0.8140278320133287, "log10_min_child_weight": 0.5353375717229764, "log10_subsample": -0.35061939526886976, "max_depth": 7.0, "num_boost_round": 1.0}, "datetime": {"datetime": "2024-01-19 01:14:05", "elapsed": 3799.585495, "delta": 0.004185}}
{"target": -17.676726276858755, "params": {"gamma": 49.732665548824826, "log10_alpha": -0.5270321353003897, "log10_colsample_bytree": -0.1414605765060284, "log10_eta": -2.3865555180715035, "log10_lambda": 0.8140278320133287, "log10_min_child_weight": 0.5353375717229764, "log10_subsample": -0.35061939526886976, "max_depth": 7.0, "num_boost_round": 2.0}, "datetime": {"datetime": "2024-01-19 01:14:05", "elapsed": 3799.589012, "delta": 0.003517}}
{"target": -17.676684050379038, "params": {"gamma": 49.732665548824826, "log10_alpha": -0.5270321353003897, "log10_colsample_bytree": -0.1414605765060284, "log10_eta": -2.3865555180715035, "log10_lambda": 0.8140278320133287, "log10_min_child_weight": 0.5353375717229764, "log10_subsample": -0.35061939526886976, "max_depth": 7.0, "num_boost_round": 3.0}, "datetime": {"datetime": "2024-01-19 01:14:05", "elapsed": 3799.592474, "delta": 0.003462}}
{"target": -17.67637344921199, "params": {"gamma": 49.732665548824826, "log10_alpha": -0.5270321353003897, "log10_colsample_bytree": -0.1414605765060284, "log10_eta": -2.3865555180715035, "log10_lambda": 0.8140278320133287, "log10_min_child_weight": 0.5353375717229764, "log10_subsample": -0.35061939526886976, "max_depth": 7.0, "num_boost_round": 4.0}, "datetime": {"datetime": "2024-01-19 01:14:05", "elapsed": 3799.595908, "delta": 0.003434}}
{"target": -17.676338004923533, "params": {"gamma": 49.732665548824826, "log10_alpha": -0.5270321353003897, "log10_colsample_bytree": -0.1414605765060284, "log10_eta": -2.3865555180715035, "log10_lambda": 0.8140278320133287, "log10_min_child_weight": 0.5353375717229764, "log10_subsample": -0.35061939526886976, "max_depth": 7.0, "num_boost_round": 5.0}, "datetime": {"datetime": "2024-01-19 01:14:05", "elapsed": 3799.59936, "delta": 0.003452}}
{"target": -17.676193931450065, "params": {"gamma": 49.732665548824826, "log10_alpha": -0.5270321353003897, "log10_colsample_bytree": -0.1414605765060284, "log10_eta": -2.3865555180715035, "log10_lambda": 0.8140278320133287, "log10_min_child_weight": 0.5353375717229764, "log10_subsample": -0.35061939526886976, "max_depth": 7.0, "num_boost_round": 6.0}, "datetime": {"datetime": "2024-01-19 01:14:05", "elapsed": 3799.602731, "delta": 0.003371}}
{"target": -17.675996116634778, "params": {"gamma": 49.732665548824826, "log10_alpha": -0.5270321353003897, "log10_colsample_bytree": -0.1414605765060284, "log10_eta": -2.3865555180715035, "log10_lambda": 0.8140278320133287, "log10_min_child_weight": 0.5353375717229764, "log10_subsample": -0.35061939526886976, "max_depth": 7.0, "num_boost_round": 7.0}, "datetime": {"datetime": "2024-01-19 01:14:05", "elapsed": 3799.606322, "delta": 0.003591}}
{"target": -17.67578113066183, "params": {"gamma": 49.732665548824826, "log10_alpha": -0.5270321353003897, "log10_colsample_bytree": -0.1414605765060284, "log10_eta": -2.3865555180715035, "log10_lambda": 0.8140278320133287, "log10_min_child_weight": 0.5353375717229764, "log10_subsample": -0.35061939526886976, "max_depth": 7.0, "num_boost_round": 8.0}, "datetime": {"datetime": "2024-01-19 01:14:05", "elapsed": 3799.609778, "delta": 0.003456}}
{"target": -17.67550932730682, "params": {"gamma": 49.732665548824826, "log10_alpha": -0.5270321353003897, "log10_colsample_bytree": -0.1414605765060284, "log10_eta": -2.3865555180715035, "log10_lambda": 0.8140278320133287, "log10_min_child_weight": 0.5353375717229764, "log10_subsample": -0.35061939526886976, "max_depth": 7.0, "num_boost_round": 9.0}, "datetime": {"datetime": "2024-01-19 01:14:05", "elapsed": 3799.613309, "delta": 0.003531}}
{"target": -17.675310815392805, "params": {"gamma": 49.732665548824826, "log10_alpha": -0.5270321353003897, "log10_colsample_bytree": -0.1414605765060284, "log10_eta": -2.3865555180715035, "log10_lambda": 0.8140278320133287, "log10_min_child_weight": 0.5353375717229764, "log10_subsample": -0.35061939526886976, "max_depth": 7.0, "num_boost_round": 10.0}, "datetime": {"datetime": "2024-01-19 01:14:05", "elapsed": 3799.616909, "delta": 0.0036}}
{"target": -17.675210982529954, "params": {"gamma": 49.732665548824826, "log10_alpha": -0.5270321353003897, "log10_colsample_bytree": -0.1414605765060284, "log10_eta": -2.3865555180715035, "log10_lambda": 0.8140278320133287, "log10_min_child_weight": 0.5353375717229764, "log10_subsample": -0.35061939526886976, "max_depth": 7.0, "num_boost_round": 11.0}, "datetime": {"datetime": "2024-01-19 01:14:05", "elapsed": 3799.62039, "delta": 0.003481}}
{"target": -17.67505750205726, "params": {"gamma": 49.732665548824826, "log10_alpha": -0.5270321353003897, "log10_colsample_bytree": -0.1414605765060284, "log10_eta": -2.3865555180715035, "log10_lambda": 0.8140278320133287, "log10_min_child_weight": 0.5353375717229764, "log10_subsample": -0.35061939526886976, "max_depth": 7.0, "num_boost_round": 12.0}, "datetime": {"datetime": "2024-01-19 01:14:05", "elapsed": 3799.623826, "delta": 0.003436}}
{"target": -17.67475938794773, "params": {"gamma": 49.732665548824826, "log10_alpha": -0.5270321353003897, "log10_colsample_bytree": -0.1414605765060284, "log10_eta": -2.3865555180715035, "log10_lambda": 0.8140278320133287, "log10_min_child_weight": 0.5353375717229764, "log10_subsample": -0.35061939526886976, "max_depth": 7.0, "num_boost_round": 13.0}, "datetime": {"datetime": "2024-01-19 01:14:05", "elapsed": 3799.627477, "delta": 0.003651}}
{"target": -17.67452048498704, "params": {"gamma": 49.732665548824826, "log10_alpha": -0.5270321353003897, "log10_colsample_bytree": -0.1414605765060284, "log10_eta": -2.3865555180715035, "log10_lambda": 0.8140278320133287, "log10_min_child_weight": 0.5353375717229764, "log10_subsample": -0.35061939526886976, "max_depth": 7.0, "num_boost_round": 14.0}, "datetime": {"datetime": "2024-01-19 01:14:05", "elapsed": 3799.63102, "delta": 0.003543}}
{"target": -17.674455820366497, "params": {"gamma": 49.732665548824826, "log10_alpha": -0.5270321353003897, "log10_colsample_bytree": -0.1414605765060284, "log10_eta": -2.3865555180715035, "log10_lambda": 0.8140278320133287, "log10_min_child_weight": 0.5353375717229764, "log10_subsample": -0.35061939526886976, "max_depth": 7.0, "num_boost_round": 15.0}, "datetime": {"datetime": "2024-01-19 01:14:05", "elapsed": 3799.634422, "delta": 0.003402}}
{"target": -17.6744088006244, "params": {"gamma": 49.732665548824826, "log10_alpha": -0.5270321353003897, "log10_colsample_bytree": -0.1414605765060284, "log10_eta": -2.3865555180715035, "log10_lambda": 0.8140278320133287, "log10_min_child_weight": 0.5353375717229764, "log10_subsample": -0.35061939526886976, "max_depth": 7.0, "num_boost_round": 16.0}, "datetime": {"datetime": "2024-01-19 01:14:05", "elapsed": 3799.637874, "delta": 0.003452}}
{"target": -17.674321451058766, "params": {"gamma": 49.732665548824826, "log10_alpha": -0.5270321353003897, "log10_colsample_bytree": -0.1414605765060284, "log10_eta": -2.3865555180715035, "log10_lambda": 0.8140278320133287, "log10_min_child_weight": 0.5353375717229764, "log10_subsample": -0.35061939526886976, "max_depth": 7.0, "num_boost_round": 17.0}, "datetime": {"datetime": "2024-01-19 01:14:05", "elapsed": 3799.641298, "delta": 0.003424}}
{"target": -17.67434849342784, "params": {"gamma": 49.732665548824826, "log10_alpha": -0.5270321353003897, "log10_colsample_bytree": -0.1414605765060284, "log10_eta": -2.3865555180715035, "log10_lambda": 0.8140278320133287, "log10_min_child_weight": 0.5353375717229764, "log10_subsample": -0.35061939526886976, "max_depth": 7.0, "num_boost_round": 18.0}, "datetime": {"datetime": "2024-01-19 01:14:05", "elapsed": 3799.644704, "delta": 0.003406}}
{"target": -17.674250271673774, "params": {"gamma": 49.732665548824826, "log10_alpha": -0.5270321353003897, "log10_colsample_bytree": -0.1414605765060284, "log10_eta": -2.3865555180715035, "log10_lambda": 0.8140278320133287, "log10_min_child_weight": 0.5353375717229764, "log10_subsample": -0.35061939526886976, "max_depth": 7.0, "num_boost_round": 19.0}, "datetime": {"datetime": "2024-01-19 01:14:05", "elapsed": 3799.648302, "delta": 0.003598}}
{"target": -17.67413635639026, "params": {"gamma": 49.732665548824826, "log10_alpha": -0.5270321353003897, "log10_colsample_bytree": -0.1414605765060284, "log10_eta": -2.3865555180715035, "log10_lambda": 0.8140278320133287, "log10_min_child_weight": 0.5353375717229764, "log10_subsample": -0.35061939526886976, "max_depth": 7.0, "num_boost_round": 20.0}, "datetime": {"datetime": "2024-01-19 01:14:05", "elapsed": 3799.654942, "delta": 0.00664}}
{"target": -17.674029280028066, "params": {"gamma": 49.732665548824826, "log10_alpha": -0.5270321353003897, "log10_colsample_bytree": -0.1414605765060284, "log10_eta": -2.3865555180715035, "log10_lambda": 0.8140278320133287, "log10_min_child_weight": 0.5353375717229764, "log10_subsample": -0.35061939526886976, "max_depth": 7.0, "num_boost_round": 21.0}, "datetime": {"datetime": "2024-01-19 01:14:05", "elapsed": 3799.658598, "delta": 0.003656}}
{"target": -17.67409721175796, "params": {"gamma": 49.732665548824826, "log10_alpha": -0.5270321353003897, "log10_colsample_bytree": -0.1414605765060284, "log10_eta": -2.3865555180715035, "log10_lambda": 0.8140278320133287, "log10_min_child_weight": 0.5353375717229764, "log10_subsample": -0.35061939526886976, "max_depth": 7.0, "num_boost_round": 22.0}, "datetime": {"datetime": "2024-01-19 01:14:05", "elapsed": 3799.66207, "delta": 0.003472}}
{"target": -17.674067142309195, "params": {"gamma": 49.732665548824826, "log10_alpha": -0.5270321353003897, "log10_colsample_bytree": -0.1414605765060284, "log10_eta": -2.3865555180715035, "log10_lambda": 0.8140278320133287, "log10_min_child_weight": 0.5353375717229764, "log10_subsample": -0.35061939526886976, "max_depth": 7.0, "num_boost_round": 23.0}, "datetime": {"datetime": "2024-01-19 01:14:05", "elapsed": 3799.665518, "delta": 0.003448}}
{"target": -17.673746179795177, "params": {"gamma": 49.732665548824826, "log10_alpha": -0.5270321353003897, "log10_colsample_bytree": -0.1414605765060284, "log10_eta": -2.3865555180715035, "log10_lambda": 0.8140278320133287, "log10_min_child_weight": 0.5353375717229764, "log10_subsample": -0.35061939526886976, "max_depth": 7.0, "num_boost_round": 24.0}, "datetime": {"datetime": "2024-01-19 01:14:05", "elapsed": 3799.669136, "delta": 0.003618}}
{"target": -17.673771119448517, "params": {"gamma": 49.732665548824826, "log10_alpha": -0.5270321353003897, "log10_colsample_bytree": -0.1414605765060284, "log10_eta": -2.3865555180715035, "log10_lambda": 0.8140278320133287, "log10_min_child_weight": 0.5353375717229764, "log10_subsample": -0.35061939526886976, "max_depth": 7.0, "num_boost_round": 25.0}, "datetime": {"datetime": "2024-01-19 01:14:05", "elapsed": 3799.672719, "delta": 0.003583}}
{"target": -17.673830372343375, "params": {"gamma": 49.732665548824826, "log10_alpha": -0.5270321353003897, "log10_colsample_bytree": -0.1414605765060284, "log10_eta": -2.3865555180715035, "log10_lambda": 0.8140278320133287, "log10_min_child_weight": 0.5353375717229764, "log10_subsample": -0.35061939526886976, "max_depth": 7.0, "num_boost_round": 26.0}, "datetime": {"datetime": "2024-01-19 01:14:05", "elapsed": 3799.676286, "delta": 0.003567}}
{"target": -17.67386959987584, "params": {"gamma": 49.732665548824826, "log10_alpha": -0.5270321353003897, "log10_colsample_bytree": -0.1414605765060284, "log10_eta": -2.3865555180715035, "log10_lambda": 0.8140278320133287, "log10_min_child_weight": 0.5353375717229764, "log10_subsample": -0.35061939526886976, "max_depth": 7.0, "num_boost_round": 27.0}, "datetime": {"datetime": "2024-01-19 01:14:05", "elapsed": 3799.679874, "delta": 0.003588}}
{"target": -17.673706231951574, "params": {"gamma": 49.732665548824826, "log10_alpha": -0.5270321353003897, "log10_colsample_bytree": -0.1414605765060284, "log10_eta": -2.3865555180715035, "log10_lambda": 0.8140278320133287, "log10_min_child_weight": 0.5353375717229764, "log10_subsample": -0.35061939526886976, "max_depth": 7.0, "num_boost_round": 28.0}, "datetime": {"datetime": "2024-01-19 01:14:05", "elapsed": 3799.683271, "delta": 0.003397}}
{"target": -17.673502710309897, "params": {"gamma": 49.732665548824826, "log10_alpha": -0.5270321353003897, "log10_colsample_bytree": -0.1414605765060284, "log10_eta": -2.3865555180715035, "log10_lambda": 0.8140278320133287, "log10_min_child_weight": 0.5353375717229764, "log10_subsample": -0.35061939526886976, "max_depth": 7.0, "num_boost_round": 29.0}, "datetime": {"datetime": "2024-01-19 01:14:05", "elapsed": 3799.686777, "delta": 0.003506}}
{"target": -17.673501381510988, "params": {"gamma": 49.732665548824826, "log10_alpha": -0.5270321353003897, "log10_colsample_bytree": -0.1414605765060284, "log10_eta": -2.3865555180715035, "log10_lambda": 0.8140278320133287, "log10_min_child_weight": 0.5353375717229764, "log10_subsample": -0.35061939526886976, "max_depth": 7.0, "num_boost_round": 30.0}, "datetime": {"datetime": "2024-01-19 01:14:06", "elapsed": 3799.690256, "delta": 0.003479}}
{"target": -17.673234818082726, "params": {"gamma": 49.732665548824826, "log10_alpha": -0.5270321353003897, "log10_colsample_bytree": -0.1414605765060284, "log10_eta": -2.3865555180715035, "log10_lambda": 0.8140278320133287, "log10_min_child_weight": 0.5353375717229764, "log10_subsample": -0.35061939526886976, "max_depth": 7.0, "num_boost_round": 31.0}, "datetime": {"datetime": "2024-01-19 01:14:06", "elapsed": 3799.693677, "delta": 0.003421}}
{"target": -17.673268392746774, "params": {"gamma": 49.732665548824826, "log10_alpha": -0.5270321353003897, "log10_colsample_bytree": -0.1414605765060284, "log10_eta": -2.3865555180715035, "log10_lambda": 0.8140278320133287, "log10_min_child_weight": 0.5353375717229764, "log10_subsample": -0.35061939526886976, "max_depth": 7.0, "num_boost_round": 32.0}, "datetime": {"datetime": "2024-01-19 01:14:06", "elapsed": 3799.697306, "delta": 0.003629}}
{"target": -17.67311988663171, "params": {"gamma": 49.732665548824826, "log10_alpha": -0.5270321353003897, "log10_colsample_bytree": -0.1414605765060284, "log10_eta": -2.3865555180715035, "log10_lambda": 0.8140278320133287, "log10_min_child_weight": 0.5353375717229764, "log10_subsample": -0.35061939526886976, "max_depth": 7.0, "num_boost_round": 33.0}, "datetime": {"datetime": "2024-01-19 01:14:06", "elapsed": 3799.700759, "delta": 0.003453}}
{"target": -17.673303308039003, "params": {"gamma": 49.732665548824826, "log10_alpha": -0.5270321353003897, "log10_colsample_bytree": -0.1414605765060284, "log10_eta": -2.3865555180715035, "log10_lambda": 0.8140278320133287, "log10_min_child_weight": 0.5353375717229764, "log10_subsample": -0.35061939526886976, "max_depth": 7.0, "num_boost_round": 34.0}, "datetime": {"datetime": "2024-01-19 01:14:06", "elapsed": 3799.70421, "delta": 0.003451}}
