{"target": -13.758458175787492, "params": {"gamma": 20.17816755929591, "log10_alpha": -3.088913596040947, "log10_colsample_bytree": -0.9896294124607877, "log10_eta": -3.198763297400932, "log10_lambda": -4.367437116636333, "log10_min_child_weight": 0.26850000853746225, "log10_subsample": -0.44894747972082283, "max_depth": 6.0, "num_boost_round": 8.0}, "datetime": {"datetime": "2024-01-19 02:43:27", "elapsed": 9116.071434, "delta": 0.006552}}
{"target": -13.758450671017156, "params": {"gamma": 20.17816755929591, "log10_alpha": -3.088913596040947, "log10_colsample_bytree": -0.9896294124607877, "log10_eta": -3.198763297400932, "log10_lambda": -4.367437116636333, "log10_min_child_weight": 0.26850000853746225, "log10_subsample": -0.44894747972082283, "max_depth": 6.0, "num_boost_round": 9.0}, "datetime": {"datetime": "2024-01-19 02:43:27", "elapsed": 9116.077913, "delta": 0.006479}}
{"target": -13.7584488564687, "params": {"gamma": 20.17816755929591, "log10_alpha": -3.088913596040947, "log10_colsample_bytree": -0.9896294124607877, "log10_eta": -3.198763297400932, "log10_lambda": -4.367437116636333, "log10_min_child_weight": 0.26850000853746225, "log10_subsample": -0.44894747972082283, "max_depth": 6.0, "num_boost_round": 10.0}, "datetime": {"datetime": "2024-01-19 02:43:27", "elapsed": 9116.084617, "delta": 0.006704}}
{"target": -13.758450341423824, "params": {"gamma": 20.17816755929591, "log10_alpha": -3.088913596040947, "log10_colsample_bytree": -0.9896294124607877, "log10_eta": -3.198763297400932, "log10_lambda": -4.367437116636333, "log10_min_child_weight": 0.26850000853746225, "log10_subsample": -0.44894747972082283, "max_depth": 6.0, "num_boost_round": 11.0}, "datetime": {"datetime": "2024-01-19 02:43:27", "elapsed": 9116.091322, "delta": 0.006705}}
{"target": -13.758425547098648, "params": {"gamma": 20.17816755929591, "log10_alpha": -3.088913596040947, "log10_colsample_bytree": -0.9896294124607877, "log10_eta": -3.198763297400932, "log10_lambda": -4.367437116636333, "log10_min_child_weight": 0.26850000853746225, "log10_subsample": -0.44894747972082283, "max_depth": 6.0, "num_boost_round": 12.0}, "datetime": {"datetime": "2024-01-19 02:43:27", "elapsed": 9116.097902, "delta": 0.00658}}
{"target": -13.758415120866177, "params": {"gamma": 20.17816755929591, "log10_alpha": -3.088913596040947, "log10_colsample_bytree": -0.9896294124607877, "log10_eta": -3.198763297400932, "log10_lambda": -4.367437116636333, "log10_min_child_weight": 0.26850000853746225, "log10_subsample": -0.44894747972082283, "max_depth": 6.0, "num_boost_round": 13.0}, "datetime": {"datetime": "2024-01-19 02:43:27", "elapsed": 9116.104582, "delta": 0.00668}}
{"target": -13.758400336735379, "params": {"gamma": 20.17816755929591, "log10_alpha": -3.088913596040947, "log10_colsample_bytree": -0.9896294124607877, "log10_eta": -3.198763297400932, "log10_lambda": -4.367437116636333, "log10_min_child_weight": 0.26850000853746225, "log10_subsample": -0.44894747972082283, "max_depth": 6.0, "num_boost_round": 14.0}, "datetime": {"datetime": "2024-01-19 02:43:27", "elapsed": 9116.111335, "delta": 0.006753}}
{"target": -13.758393559609495, "params": {"gamma": 20.17816755929591, "log10_alpha": -3.088913596040947, "log10_colsample_bytree": -0.9896294124607877, "log10_eta": -3.198763297400932, "log10_lambda": -4.367437116636333, "log10_min_child_weight": 0.26850000853746225, "log10_subsample": -0.44894747972082283, "max_depth": 6.0, "num_boost_round": 15.0}, "datetime": {"datetime": "2024-01-19 02:43:27", "elapsed": 9116.117851, "delta": 0.006516}}
{"target": -13.75840040339106, "params": {"gamma": 20.17816755929591, "log10_alpha": -3.088913596040947, "log10_colsample_bytree": -0.9896294124607877, "log10_eta": -3.198763297400932, "log10_lambda": -4.367437116636333, "log10_min_child_weight": 0.26850000853746225, "log10_subsample": -0.44894747972082283, "max_depth": 6.0, "num_boost_round": 16.0}, "datetime": {"datetime": "2024-01-19 02:43:27", "elapsed": 9116.124425, "delta": 0.006574}}
{"target": -13.758383803499738, "params": {"gamma": 20.17816755929591, "log10_alpha": -3.088913596040947, "log10_colsample_bytree": -0.9896294124607877, "log10_eta": -3.198763297400932, "log10_lambda": -4.367437116636333, "log10_min_child_weight": 0.26850000853746225, "log10_subsample": -0.44894747972082283, "max_depth": 6.0, "num_boost_round": 17.0}, "datetime": {"datetime": "2024-01-19 02:43:28", "elapsed": 9116.131004, "delta": 0.006579}}
{"target": -13.758369956429686, "params": {"gamma": 20.17816755929591, "log10_alpha": -3.088913596040947, "log10_colsample_bytree": -0.9896294124607877, "log10_eta": -3.198763297400932, "log10_lambda": -4.367437116636333, "log10_min_child_weight": 0.26850000853746225, "log10_subsample": -0.44894747972082283, "max_depth": 6.0, "num_boost_round": 18.0}, "datetime": {"datetime": "2024-01-19 02:43:28", "elapsed": 9116.137535, "delta": 0.006531}}
{"target": -13.758360841166736, "params": {"gamma": 20.17816755929591, "log10_alpha": -3.088913596040947, "log10_colsample_bytree": -0.9896294124607877, "log10_eta": -3.198763297400932, "log10_lambda": -4.367437116636333, "log10_min_child_weight": 0.26850000853746225, "log10_subsample": -0.44894747972082283, "max_depth": 6.0, "num_boost_round": 19.0}, "datetime": {"datetime": "2024-01-19 02:43:28", "elapsed": 9116.144074, "delta": 0.006539}}
{"target": -13.758362673917736, "params": {"gamma": 20.17816755929591, "log10_alpha": -3.088913596040947, "log10_colsample_bytree": -0.9896294124607877, "log10_eta": -3.198763297400932, "log10_lambda": -4.367437116636333, "log10_min_child_weight": 0.26850000853746225, "log10_subsample": -0.44894747972082283, "max_depth": 6.0, "num_boost_round": 20.0}, "datetime": {"datetime": "2024-01-19 02:43:28", "elapsed": 9116.150613, "delta": 0.006539}}
{"target": -13.75836071090799, "params": {"gamma": 20.17816755929591, "log10_alpha": -3.088913596040947, "log10_colsample_bytree": -0.9896294124607877, "log10_eta": -3.198763297400932, "log10_lambda": -4.367437116636333, "log10_min_child_weight": 0.26850000853746225, "log10_subsample": -0.44894747972082283, "max_depth": 6.0, "num_boost_round": 21.0}, "datetime": {"datetime": "2024-01-19 02:43:28", "elapsed": 9116.157155, "delta": 0.006542}}
{"target": -13.758343046101261, "params": {"gamma": 20.17816755929591, "log10_alpha": -3.088913596040947, "log10_colsample_bytree": -0.9896294124607877, "log10_eta": -3.198763297400932, "log10_lambda": -4.367437116636333, "log10_min_child_weight": 0.26850000853746225, "log10_subsample": -0.44894747972082283, "max_depth": 6.0, "num_boost_round": 22.0}, "datetime": {"datetime": "2024-01-19 02:43:28", "elapsed": 9116.163735, "delta": 0.00658}}
{"target": -13.75832678669955, "params": {"gamma": 20.17816755929591, "log10_alpha": -3.088913596040947, "log10_colsample_bytree": -0.9896294124607877, "log10_eta": -3.198763297400932, "log10_lambda": -4.367437116636333, "log10_min_child_weight": 0.26850000853746225, "log10_subsample": -0.44894747972082283, "max_depth": 6.0, "num_boost_round": 23.0}, "datetime": {"datetime": "2024-01-19 02:43:28", "elapsed": 9116.170258, "delta": 0.006523}}
{"target": -13.758320048614289, "params": {"gamma": 20.17816755929591, "log10_alpha": -3.088913596040947, "log10_colsample_bytree": -0.9896294124607877, "log10_eta": -3.198763297400932, "log10_lambda": -4.367437116636333, "log10_min_child_weight": 0.26850000853746225, "log10_subsample": -0.44894747972082283, "max_depth": 6.0, "num_boost_round": 24.0}, "datetime": {"datetime": "2024-01-19 02:43:28", "elapsed": 9116.176814, "delta": 0.006556}}
{"target": -13.75829826256653, "params": {"gamma": 20.17816755929591, "log10_alpha": -3.088913596040947, "log10_colsample_bytree": -0.9896294124607877, "log10_eta": -3.198763297400932, "log10_lambda": -4.367437116636333, "log10_min_child_weight": 0.26850000853746225, "log10_subsample": -0.44894747972082283, "max_depth": 6.0, "num_boost_round": 25.0}, "datetime": {"datetime": "2024-01-19 02:43:28", "elapsed": 9116.260741, "delta": 0.083927}}
{"target": -13.758287823974372, "params": {"gamma": 20.17816755929591, "log10_alpha": -3.088913596040947, "log10_colsample_bytree": -0.9896294124607877, "log10_eta": -3.198763297400932, "log10_lambda": -4.367437116636333, "log10_min_child_weight": 0.26850000853746225, "log10_subsample": -0.44894747972082283, "max_depth": 6.0, "num_boost_round": 26.0}, "datetime": {"datetime": "2024-01-19 02:43:28", "elapsed": 9116.268393, "delta": 0.007652}}
{"target": -13.758274018467569, "params": {"gamma": 20.17816755929591, "log10_alpha": -3.088913596040947, "log10_colsample_bytree": -0.9896294124607877, "log10_eta": -3.198763297400932, "log10_lambda": -4.367437116636333, "log10_min_child_weight": 0.26850000853746225, "log10_subsample": -0.44894747972082283, "max_depth": 6.0, "num_boost_round": 27.0}, "datetime": {"datetime": "2024-01-19 02:43:28", "elapsed": 9116.275145, "delta": 0.006752}}
{"target": -13.758268334163631, "params": {"gamma": 20.17816755929591, "log10_alpha": -3.088913596040947, "log10_colsample_bytree": -0.9896294124607877, "log10_eta": -3.198763297400932, "log10_lambda": -4.367437116636333, "log10_min_child_weight": 0.26850000853746225, "log10_subsample": -0.44894747972082283, "max_depth": 6.0, "num_boost_round": 28.0}, "datetime": {"datetime": "2024-01-19 02:43:28", "elapsed": 9116.281862, "delta": 0.006717}}
{"target": -13.758252507180487, "params": {"gamma": 20.17816755929591, "log10_alpha": -3.088913596040947, "log10_colsample_bytree": -0.9896294124607877, "log10_eta": -3.198763297400932, "log10_lambda": -4.367437116636333, "log10_min_child_weight": 0.26850000853746225, "log10_subsample": -0.44894747972082283, "max_depth": 6.0, "num_boost_round": 29.0}, "datetime": {"datetime": "2024-01-19 02:43:28", "elapsed": 9116.289298, "delta": 0.007436}}
{"target": -13.75853631249405, "params": {"gamma": 17.586176774692653, "log10_alpha": -3.051080634606712, "log10_colsample_bytree": -0.38153945289353697, "log10_eta": -3.8006691180822365, "log10_lambda": -4.8379180448088785, "log10_min_child_weight": 3.4047762499928407, "log10_subsample": -0.2961532744030301, "max_depth": 5.0, "num_boost_round": 0.0}, "datetime": {"datetime": "2024-01-19 02:44:37", "elapsed": 9185.659936, "delta": 69.370638}}
{"target": -13.758533301025688, "params": {"gamma": 17.586176774692653, "log10_alpha": -3.051080634606712, "log10_colsample_bytree": -0.38153945289353697, "log10_eta": -3.8006691180822365, "log10_lambda": -4.8379180448088785, "log10_min_child_weight": 3.4047762499928407, "log10_subsample": -0.2961532744030301, "max_depth": 5.0, "num_boost_round": 1.0}, "datetime": {"datetime": "2024-01-19 02:44:37", "elapsed": 9185.66694, "delta": 0.007004}}
{"target": -13.75853130048758, "params": {"gamma": 17.586176774692653, "log10_alpha": -3.051080634606712, "log10_colsample_bytree": -0.38153945289353697, "log10_eta": -3.8006691180822365, "log10_lambda": -4.8379180448088785, "log10_min_child_weight": 3.4047762499928407, "log10_subsample": -0.2961532744030301, "max_depth": 5.0, "num_boost_round": 2.0}, "datetime": {"datetime": "2024-01-19 02:44:37", "elapsed": 9185.673489, "delta": 0.006549}}
{"target": -13.758531956005196, "params": {"gamma": 17.586176774692653, "log10_alpha": -3.051080634606712, "log10_colsample_bytree": -0.38153945289353697, "log10_eta": -3.8006691180822365, "log10_lambda": -4.8379180448088785, "log10_min_child_weight": 3.4047762499928407, "log10_subsample": -0.2961532744030301, "max_depth": 5.0, "num_boost_round": 3.0}, "datetime": {"datetime": "2024-01-19 02:44:37", "elapsed": 9185.679959, "delta": 0.00647}}
{"target": -13.758527501874951, "params": {"gamma": 17.586176774692653, "log10_alpha": -3.051080634606712, "log10_colsample_bytree": -0.38153945289353697, "log10_eta": -3.8006691180822365, "log10_lambda": -4.8379180448088785, "log10_min_child_weight": 3.4047762499928407, "log10_subsample": -0.2961532744030301, "max_depth": 5.0, "num_boost_round": 4.0}, "datetime": {"datetime": "2024-01-19 02:44:37", "elapsed": 9185.686385, "delta": 0.006426}}
{"target": -13.758524469955306, "params": {"gamma": 17.586176774692653, "log10_alpha": -3.051080634606712, "log10_colsample_bytree": -0.38153945289353697, "log10_eta": -3.8006691180822365, "log10_lambda": -4.8379180448088785, "log10_min_child_weight": 3.4047762499928407, "log10_subsample": -0.2961532744030301, "max_depth": 5.0, "num_boost_round": 5.0}, "datetime": {"datetime": "2024-01-19 02:44:37", "elapsed": 9185.693152, "delta": 0.006767}}
{"target": -13.758521881070521, "params": {"gamma": 17.586176774692653, "log10_alpha": -3.051080634606712, "log10_colsample_bytree": -0.38153945289353697, "log10_eta": -3.8006691180822365, "log10_lambda": -4.8379180448088785, "log10_min_child_weight": 3.4047762499928407, "log10_subsample": -0.2961532744030301, "max_depth": 5.0, "num_boost_round": 6.0}, "datetime": {"datetime": "2024-01-19 02:44:37", "elapsed": 9185.699728, "delta": 0.006576}}
{"target": -13.758521885731229, "params": {"gamma": 17.586176774692653, "log10_alpha": -3.051080634606712, "log10_colsample_bytree": -0.38153945289353697, "log10_eta": -3.8006691180822365, "log10_lambda": -4.8379180448088785, "log10_min_child_weight": 3.4047762499928407, "log10_subsample": -0.2961532744030301, "max_depth": 5.0, "num_boost_round": 7.0}, "datetime": {"datetime": "2024-01-19 02:44:37", "elapsed": 9185.706295, "delta": 0.006567}}
{"target": -13.75852328019563, "params": {"gamma": 17.586176774692653, "log10_alpha": -3.051080634606712, "log10_colsample_bytree": -0.38153945289353697, "log10_eta": -3.8006691180822365, "log10_lambda": -4.8379180448088785, "log10_min_child_weight": 3.4047762499928407, "log10_subsample": -0.2961532744030301, "max_depth": 5.0, "num_boost_round": 8.0}, "datetime": {"datetime": "2024-01-19 02:44:37", "elapsed": 9185.712757, "delta": 0.006462}}
{"target": -13.758524092699231, "params": {"gamma": 17.586176774692653, "log10_alpha": -3.051080634606712, "log10_colsample_bytree": -0.38153945289353697, "log10_eta": -3.8006691180822365, "log10_lambda": -4.8379180448088785, "log10_min_child_weight": 3.4047762499928407, "log10_subsample": -0.2961532744030301, "max_depth": 5.0, "num_boost_round": 9.0}, "datetime": {"datetime": "2024-01-19 02:44:37", "elapsed": 9185.719228, "delta": 0.006471}}
{"target": -13.758520537389922, "params": {"gamma": 17.586176774692653, "log10_alpha": -3.051080634606712, "log10_colsample_bytree": -0.38153945289353697, "log10_eta": -3.8006691180822365, "log10_lambda": -4.8379180448088785, "log10_min_child_weight": 3.4047762499928407, "log10_subsample": -0.2961532744030301, "max_depth": 5.0, "num_boost_round": 10.0}, "datetime": {"datetime": "2024-01-19 02:44:37", "elapsed": 9185.725657, "delta": 0.006429}}
{"target": -13.758520170602926, "params": {"gamma": 17.586176774692653, "log10_alpha": -3.051080634606712, "log10_colsample_bytree": -0.38153945289353697, "log10_eta": -3.8006691180822365, "log10_lambda": -4.8379180448088785, "log10_min_child_weight": 3.4047762499928407, "log10_subsample": -0.2961532744030301, "max_depth": 5.0, "num_boost_round": 11.0}, "datetime": {"datetime": "2024-01-19 02:44:37", "elapsed": 9185.732211, "delta": 0.006554}}
