{"target": -17.677201543341663, "params": {"gamma": 433.4054158297509, "log10_alpha": -2.2146689623828926, "log10_colsample_bytree": -0.5517023331384587, "log10_eta": -3.70399123502368, "log10_lambda": -1.9190441427626634, "log10_min_child_weight": 1.338890434633571, "log10_subsample": -0.9978562473425441, "max_depth": 5.0, "num_boost_round": 2.0}, "datetime": {"datetime": "2024-01-19 00:18:52", "elapsed": 425.554379, "delta": 0.00116}}
{"target": -17.677194266490574, "params": {"gamma": 433.4054158297509, "log10_alpha": -2.2146689623828926, "log10_colsample_bytree": -0.5517023331384587, "log10_eta": -3.70399123502368, "log10_lambda": -1.9190441427626634, "log10_min_child_weight": 1.338890434633571, "log10_subsample": -0.9978562473425441, "max_depth": 5.0, "num_boost_round": 3.0}, "datetime": {"datetime": "2024-01-19 00:18:52", "elapsed": 425.555498, "delta": 0.001119}}
{"target": -17.67718061154567, "params": {"gamma": 433.4054158297509, "log10_alpha": -2.2146689623828926, "log10_colsample_bytree": -0.5517023331384587, "log10_eta": -3.70399123502368, "log10_lambda": -1.9190441427626634, "log10_min_child_weight": 1.338890434633571, "log10_subsample": -0.9978562473425441, "max_depth": 5.0, "num_boost_round": 4.0}, "datetime": {"datetime": "2024-01-19 00:18:52", "elapsed": 425.556587, "delta": 0.001089}}
{"target": -17.67717033328019, "params": {"gamma": 433.4054158297509, "log10_alpha": -2.2146689623828926, "log10_colsample_bytree": -0.5517023331384587, "log10_eta": -3.70399123502368, "log10_lambda": -1.9190441427626634, "log10_min_child_weight": 1.338890434633571, "log10_subsample": -0.9978562473425441, "max_depth": 5.0, "num_boost_round": 5.0}, "datetime": {"datetime": "2024-01-19 00:18:52", "elapsed": 425.562291, "delta": 0.005704}}
{"target": -17.677163521372055, "params": {"gamma": 433.4054158297509, "log10_alpha": -2.2146689623828926, "log10_colsample_bytree": -0.5517023331384587, "log10_eta": -3.70399123502368, "log10_lambda": -1.9190441427626634, "log10_min_child_weight": 1.338890434633571, "log10_subsample": -0.9978562473425441, "max_depth": 5.0, "num_boost_round": 6.0}, "datetime": {"datetime": "2024-01-19 00:18:52", "elapsed": 425.564236, "delta": 0.001945}}
{"target": -17.677157244942144, "params": {"gamma": 433.4054158297509, "log10_alpha": -2.2146689623828926, "log10_colsample_bytree": -0.5517023331384587, "log10_eta": -3.70399123502368, "log10_lambda": -1.9190441427626634, "log10_min_child_weight": 1.338890434633571, "log10_subsample": -0.9978562473425441, "max_depth": 5.0, "num_boost_round": 7.0}, "datetime": {"datetime": "2024-01-19 00:18:52", "elapsed": 425.56622, "delta": 0.001984}}
{"target": -17.677155311089876, "params": {"gamma": 433.4054158297509, "log10_alpha": -2.2146689623828926, "log10_colsample_bytree": -0.5517023331384587, "log10_eta": -3.70399123502368, "log10_lambda": -1.9190441427626634, "log10_min_child_weight": 1.338890434633571, "log10_subsample": -0.9978562473425441, "max_depth": 5.0, "num_boost_round": 8.0}, "datetime": {"datetime": "2024-01-19 00:18:52", "elapsed": 425.56728, "delta": 0.00106}}
{"target": -17.677139074467465, "params": {"gamma": 433.4054158297509, "log10_alpha": -2.2146689623828926, "log10_colsample_bytree": -0.5517023331384587, "log10_eta": -3.70399123502368, "log10_lambda": -1.9190441427626634, "log10_min_child_weight": 1.338890434633571, "log10_subsample": -0.9978562473425441, "max_depth": 5.0, "num_boost_round": 9.0}, "datetime": {"datetime": "2024-01-19 00:18:52", "elapsed": 425.56833, "delta": 0.00105}}
{"target": -17.67713232710467, "params": {"gamma": 433.4054158297509, "log10_alpha": -2.2146689623828926, "log10_colsample_bytree": -0.5517023331384587, "log10_eta": -3.70399123502368, "log10_lambda": -1.9190441427626634, "log10_min_child_weight": 1.338890434633571, "log10_subsample": -0.9978562473425441, "max_depth": 5.0, "num_boost_round": 10.0}, "datetime": {"datetime": "2024-01-19 00:18:52", "elapsed": 425.56937, "delta": 0.00104}}
{"target": -17.677125561438924, "params": {"gamma": 433.4054158297509, "log10_alpha": -2.2146689623828926, "log10_colsample_bytree": -0.5517023331384587, "log10_eta": -3.70399123502368, "log10_lambda": -1.9190441427626634, "log10_min_child_weight": 1.338890434633571, "log10_subsample": -0.9978562473425441, "max_depth": 5.0, "num_boost_round": 11.0}, "datetime": {"datetime": "2024-01-19 00:18:52", "elapsed": 425.570485, "delta": 0.001115}}
{"target": -17.677116999417358, "params": {"gamma": 433.4054158297509, "log10_alpha": -2.2146689623828926, "log10_colsample_bytree": -0.5517023331384587, "log10_eta": -3.70399123502368, "log10_lambda": -1.9190441427626634, "log10_min_child_weight": 1.338890434633571, "log10_subsample": -0.9978562473425441, "max_depth": 5.0, "num_boost_round": 12.0}, "datetime": {"datetime": "2024-01-19 00:18:52", "elapsed": 425.571529, "delta": 0.001044}}
{"target": -17.67711136174823, "params": {"gamma": 433.4054158297509, "log10_alpha": -2.2146689623828926, "log10_colsample_bytree": -0.5517023331384587, "log10_eta": -3.70399123502368, "log10_lambda": -1.9190441427626634, "log10_min_child_weight": 1.338890434633571, "log10_subsample": -0.9978562473425441, "max_depth": 5.0, "num_boost_round": 13.0}, "datetime": {"datetime": "2024-01-19 00:18:52", "elapsed": 425.572568, "delta": 0.001039}}
{"target": -17.67711551207496, "params": {"gamma": 433.4054158297509, "log10_alpha": -2.2146689623828926, "log10_colsample_bytree": -0.5517023331384587, "log10_eta": -3.70399123502368, "log10_lambda": -1.9190441427626634, "log10_min_child_weight": 1.338890434633571, "log10_subsample": -0.9978562473425441, "max_depth": 5.0, "num_boost_round": 14.0}, "datetime": {"datetime": "2024-01-19 00:18:52", "elapsed": 425.57362, "delta": 0.001052}}
{"target": -17.677115332702474, "params": {"gamma": 433.4054158297509, "log10_alpha": -2.2146689623828926, "log10_colsample_bytree": -0.5517023331384587, "log10_eta": -3.70399123502368, "log10_lambda": -1.9190441427626634, "log10_min_child_weight": 1.338890434633571, "log10_subsample": -0.9978562473425441, "max_depth": 5.0, "num_boost_round": 15.0}, "datetime": {"datetime": "2024-01-19 00:18:52", "elapsed": 425.57467, "delta": 0.00105}}
{"target": -17.677111180878182, "params": {"gamma": 433.4054158297509, "log10_alpha": -2.2146689623828926, "log10_colsample_bytree": -0.5517023331384587, "log10_eta": -3.70399123502368, "log10_lambda": -1.9190441427626634, "log10_min_child_weight": 1.338890434633571, "log10_subsample": -0.9978562473425441, "max_depth": 5.0, "num_boost_round": 16.0}, "datetime": {"datetime": "2024-01-19 00:18:52", "elapsed": 425.575725, "delta": 0.001055}}
{"target": -17.677093705451206, "params": {"gamma": 433.4054158297509, "log10_alpha": -2.2146689623828926, "log10_colsample_bytree": -0.5517023331384587, "log10_eta": -3.70399123502368, "log10_lambda": -1.9190441427626634, "log10_min_child_weight": 1.338890434633571, "log10_subsample": -0.9978562473425441, "max_depth": 5.0, "num_boost_round": 17.0}, "datetime": {"datetime": "2024-01-19 00:18:52", "elapsed": 425.576815, "delta": 0.00109}}
{"target": -17.67709600341921, "params": {"gamma": 433.4054158297509, "log10_alpha": -2.2146689623828926, "log10_colsample_bytree": -0.5517023331384587, "log10_eta": -3.70399123502368, "log10_lambda": -1.9190441427626634, "log10_min_child_weight": 1.338890434633571, "log10_subsample": -0.9978562473425441, "max_depth": 5.0, "num_boost_round": 18.0}, "datetime": {"datetime": "2024-01-19 00:18:52", "elapsed": 425.577876, "delta": 0.001061}}
{"target": -17.677091605703296, "params": {"gamma": 433.4054158297509, "log10_alpha": -2.2146689623828926, "log10_colsample_bytree": -0.5517023331384587, "log10_eta": -3.70399123502368, "log10_lambda": -1.9190441427626634, "log10_min_child_weight": 1.338890434633571, "log10_subsample": -0.9978562473425441, "max_depth": 5.0, "num_boost_round": 19.0}, "datetime": {"datetime": "2024-01-19 00:18:52", "elapsed": 425.578927, "delta": 0.001051}}
{"target": -17.677077159103863, "params": {"gamma": 433.4054158297509, "log10_alpha": -2.2146689623828926, "log10_colsample_bytree": -0.5517023331384587, "log10_eta": -3.70399123502368, "log10_lambda": -1.9190441427626634, "log10_min_child_weight": 1.338890434633571, "log10_subsample": -0.9978562473425441, "max_depth": 5.0, "num_boost_round": 20.0}, "datetime": {"datetime": "2024-01-19 00:18:52", "elapsed": 425.579978, "delta": 0.001051}}
{"target": -17.677066330437263, "params": {"gamma": 433.4054158297509, "log10_alpha": -2.2146689623828926, "log10_colsample_bytree": -0.5517023331384587, "log10_eta": -3.70399123502368, "log10_lambda": -1.9190441427626634, "log10_min_child_weight": 1.338890434633571, "log10_subsample": -0.9978562473425441, "max_depth": 5.0, "num_boost_round": 21.0}, "datetime": {"datetime": "2024-01-19 00:18:52", "elapsed": 425.581122, "delta": 0.001144}}
{"target": -17.677050150976765, "params": {"gamma": 433.4054158297509, "log10_alpha": -2.2146689623828926, "log10_colsample_bytree": -0.5517023331384587, "log10_eta": -3.70399123502368, "log10_lambda": -1.9190441427626634, "log10_min_child_weight": 1.338890434633571, "log10_subsample": -0.9978562473425441, "max_depth": 5.0, "num_boost_round": 22.0}, "datetime": {"datetime": "2024-01-19 00:18:52", "elapsed": 425.582176, "delta": 0.001054}}
{"target": -17.67704058207209, "params": {"gamma": 433.4054158297509, "log10_alpha": -2.2146689623828926, "log10_colsample_bytree": -0.5517023331384587, "log10_eta": -3.70399123502368, "log10_lambda": -1.9190441427626634, "log10_min_child_weight": 1.338890434633571, "log10_subsample": -0.9978562473425441, "max_depth": 5.0, "num_boost_round": 23.0}, "datetime": {"datetime": "2024-01-19 00:18:52", "elapsed": 425.583227, "delta": 0.001051}}
{"target": -17.67703744855124, "params": {"gamma": 433.4054158297509, "log10_alpha": -2.2146689623828926, "log10_colsample_bytree": -0.5517023331384587, "log10_eta": -3.70399123502368, "log10_lambda": -1.9190441427626634, "log10_min_child_weight": 1.338890434633571, "log10_subsample": -0.9978562473425441, "max_depth": 5.0, "num_boost_round": 24.0}, "datetime": {"datetime": "2024-01-19 00:18:52", "elapsed": 425.584291, "delta": 0.001064}}
{"target": -17.677026151894005, "params": {"gamma": 433.4054158297509, "log10_alpha": -2.2146689623828926, "log10_colsample_bytree": -0.5517023331384587, "log10_eta": -3.70399123502368, "log10_lambda": -1.9190441427626634, "log10_min_child_weight": 1.338890434633571, "log10_subsample": -0.9978562473425441, "max_depth": 5.0, "num_boost_round": 25.0}, "datetime": {"datetime": "2024-01-19 00:18:52", "elapsed": 425.585352, "delta": 0.001061}}
{"target": -17.67702312610183, "params": {"gamma": 433.4054158297509, "log10_alpha": -2.2146689623828926, "log10_colsample_bytree": -0.5517023331384587, "log10_eta": -3.70399123502368, "log10_lambda": -1.9190441427626634, "log10_min_child_weight": 1.338890434633571, "log10_subsample": -0.9978562473425441, "max_depth": 5.0, "num_boost_round": 26.0}, "datetime": {"datetime": "2024-01-19 00:18:52", "elapsed": 425.586467, "delta": 0.001115}}
{"target": -17.67701501012924, "params": {"gamma": 433.4054158297509, "log10_alpha": -2.2146689623828926, "log10_colsample_bytree": -0.5517023331384587, "log10_eta": -3.70399123502368, "log10_lambda": -1.9190441427626634, "log10_min_child_weight": 1.338890434633571, "log10_subsample": -0.9978562473425441, "max_depth": 5.0, "num_boost_round": 27.0}, "datetime": {"datetime": "2024-01-19 00:18:52", "elapsed": 425.587534, "delta": 0.001067}}
{"target": -17.677004841405804, "params": {"gamma": 433.4054158297509, "log10_alpha": -2.2146689623828926, "log10_colsample_bytree": -0.5517023331384587, "log10_eta": -3.70399123502368, "log10_lambda": -1.9190441427626634, "log10_min_child_weight": 1.338890434633571, "log10_subsample": -0.9978562473425441, "max_depth": 5.0, "num_boost_round": 28.0}, "datetime": {"datetime": "2024-01-19 00:18:52", "elapsed": 425.588611, "delta": 0.001077}}
{"target": -17.676987914721654, "params": {"gamma": 433.4054158297509, "log10_alpha": -2.2146689623828926, "log10_colsample_bytree": -0.5517023331384587, "log10_eta": -3.70399123502368, "log10_lambda": -1.9190441427626634, "log10_min_child_weight": 1.338890434633571, "log10_subsample": -0.9978562473425441, "max_depth": 5.0, "num_boost_round": 29.0}, "datetime": {"datetime": "2024-01-19 00:18:52", "elapsed": 425.589748, "delta": 0.001137}}
{"target": -17.676983788448204, "params": {"gamma": 433.4054158297509, "log10_alpha": -2.2146689623828926, "log10_colsample_bytree": -0.5517023331384587, "log10_eta": -3.70399123502368, "log10_lambda": -1.9190441427626634, "log10_min_child_weight": 1.338890434633571, "log10_subsample": -0.9978562473425441, "max_depth": 5.0, "num_boost_round": 30.0}, "datetime": {"datetime": "2024-01-19 00:18:52", "elapsed": 425.590826, "delta": 0.001078}}
{"target": -17.67697062177192, "params": {"gamma": 433.4054158297509, "log10_alpha": -2.2146689623828926, "log10_colsample_bytree": -0.5517023331384587, "log10_eta": -3.70399123502368, "log10_lambda": -1.9190441427626634, "log10_min_child_weight": 1.338890434633571, "log10_subsample": -0.9978562473425441, "max_depth": 5.0, "num_boost_round": 31.0}, "datetime": {"datetime": "2024-01-19 00:18:52", "elapsed": 425.591897, "delta": 0.001071}}
{"target": -17.676964995693318, "params": {"gamma": 433.4054158297509, "log10_alpha": -2.2146689623828926, "log10_colsample_bytree": -0.5517023331384587, "log10_eta": -3.70399123502368, "log10_lambda": -1.9190441427626634, "log10_min_child_weight": 1.338890434633571, "log10_subsample": -0.9978562473425441, "max_depth": 5.0, "num_boost_round": 32.0}, "datetime": {"datetime": "2024-01-19 00:18:52", "elapsed": 425.592964, "delta": 0.001067}}
{"target": -17.67694836600516, "params": {"gamma": 433.4054158297509, "log10_alpha": -2.2146689623828926, "log10_colsample_bytree": -0.5517023331384587, "log10_eta": -3.70399123502368, "log10_lambda": -1.9190441427626634, "log10_min_child_weight": 1.338890434633571, "log10_subsample": -0.9978562473425441, "max_depth": 5.0, "num_boost_round": 33.0}, "datetime": {"datetime": "2024-01-19 00:18:52", "elapsed": 425.594043, "delta": 0.001079}}
{"target": -17.676397011948982, "params": {"gamma": 444.89752204426225, "log10_alpha": -4.686236004258852, "log10_colsample_bytree": -0.9827929282507659, "log10_eta": -1.074050590965999, "log10_lambda": -1.8416368364044389, "log10_min_child_weight": 4.558242894930063, "log10_subsample": -0.5027856037971654, "max_depth": 6.0, "num_boost_round": 0.0}, "datetime": {"datetime": "2024-01-19 00:19:32", "elapsed": 465.586717, "delta": 39.992674}}
{"target": -17.67526000563266, "params": {"gamma": 444.89752204426225, "log10_alpha": -4.686236004258852, "log10_colsample_bytree": -0.9827929282507659, "log10_eta": -1.074050590965999, "log10_lambda": -1.8416368364044389, "log10_min_child_weight": 4.558242894930063, "log10_subsample": -0.5027856037971654, "max_depth": 6.0, "num_boost_round": 1.0}, "datetime": {"datetime": "2024-01-19 00:19:32", "elapsed": 465.587967, "delta": 0.00125}}
{"target": -17.675874993375306, "params": {"gamma": 444.89752204426225, "log10_alpha": -4.686236004258852, "log10_colsample_bytree": -0.9827929282507659, "log10_eta": -1.074050590965999, "log10_lambda": -1.8416368364044389, "log10_min_child_weight": 4.558242894930063, "log10_subsample": -0.5027856037971654, "max_depth": 6.0, "num_boost_round": 2.0}, "datetime": {"datetime": "2024-01-19 00:19:32", "elapsed": 465.589047, "delta": 0.00108}}
{"target": -17.67613190718007, "params": {"gamma": 444.89752204426225, "log10_alpha": -4.686236004258852, "log10_colsample_bytree": -0.9827929282507659, "log10_eta": -1.074050590965999, "log10_lambda": -1.8416368364044389, "log10_min_child_weight": 4.558242894930063, "log10_subsample": -0.5027856037971654, "max_depth": 6.0, "num_boost_round": 3.0}, "datetime": {"datetime": "2024-01-19 00:19:32", "elapsed": 465.590315, "delta": 0.001268}}
{"target": -17.676097943592655, "params": {"gamma": 444.89752204426225, "log10_alpha": -4.686236004258852, "log10_colsample_bytree": -0.9827929282507659, "log10_eta": -1.074050590965999, "log10_lambda": -1.8416368364044389, "log10_min_child_weight": 4.558242894930063, "log10_subsample": -0.5027856037971654, "max_depth": 6.0, "num_boost_round": 4.0}, "datetime": {"datetime": "2024-01-19 00:19:32", "elapsed": 465.59139, "delta": 0.001075}}
{"target": -17.67597163776546, "params": {"gamma": 444.89752204426225, "log10_alpha": -4.686236004258852, "log10_colsample_bytree": -0.9827929282507659, "log10_eta": -1.074050590965999, "log10_lambda": -1.8416368364044389, "log10_min_child_weight": 4.558242894930063, "log10_subsample": -0.5027856037971654, "max_depth": 6.0, "num_boost_round": 5.0}, "datetime": {"datetime": "2024-01-19 00:19:32", "elapsed": 465.59246, "delta": 0.00107}}
{"target": -17.67590015984746, "params": {"gamma": 444.89752204426225, "log10_alpha": -4.686236004258852, "log10_colsample_bytree": -0.9827929282507659, "log10_eta": -1.074050590965999, "log10_lambda": -1.8416368364044389, "log10_min_child_weight": 4.558242894930063, "log10_subsample": -0.5027856037971654, "max_depth": 6.0, "num_boost_round": 6.0}, "datetime": {"datetime": "2024-01-19 00:19:32", "elapsed": 465.59357, "delta": 0.00111}}
{"target": -17.676038121243845, "params": {"gamma": 444.89752204426225, "log10_alpha": -4.686236004258852, "log10_colsample_bytree": -0.9827929282507659, "log10_eta": -1.074050590965999, "log10_lambda": -1.8416368364044389, "log10_min_child_weight": 4.558242894930063, "log10_subsample": -0.5027856037971654, "max_depth": 6.0, "num_boost_round": 7.0}, "datetime": {"datetime": "2024-01-19 00:19:32", "elapsed": 465.594642, "delta": 0.001072}}
{"target": -17.676291128282212, "params": {"gamma": 444.89752204426225, "log10_alpha": -4.686236004258852, "log10_colsample_bytree": -0.9827929282507659, "log10_eta": -1.074050590965999, "log10_lambda": -1.8416368364044389, "log10_min_child_weight": 4.558242894930063, "log10_subsample": -0.5027856037971654, "max_depth": 6.0, "num_boost_round": 8.0}, "datetime": {"datetime": "2024-01-19 00:19:32", "elapsed": 465.595714, "delta": 0.001072}}
{"target": -17.676746737939283, "params": {"gamma": 444.89752204426225, "log10_alpha": -4.686236004258852, "log10_colsample_bytree": -0.9827929282507659, "log10_eta": -1.074050590965999, "log10_lambda": -1.8416368364044389, "log10_min_child_weight": 4.558242894930063, "log10_subsample": -0.5027856037971654, "max_depth": 6.0, "num_boost_round": 9.0}, "datetime": {"datetime": "2024-01-19 00:19:32", "elapsed": 465.596788, "delta": 0.001074}}
{"target": -17.677353306914444, "params": {"gamma": 444.89752204426225, "log10_alpha": -4.686236004258852, "log10_colsample_bytree": -0.9827929282507659, "log10_eta": -1.074050590965999, "log10_lambda": -1.8416368364044389, "log10_min_child_weight": 4.558242894930063, "log10_subsample": -0.5027856037971654, "max_depth": 6.0, "num_boost_round": 10.0}, "datetime": {"datetime": "2024-01-19 00:19:32", "elapsed": 465.597871, "delta": 0.001083}}
{"target": -17.67695069210044, "params": {"gamma": 444.89752204426225, "log10_alpha": -4.686236004258852, "log10_colsample_bytree": -0.9827929282507659, "log10_eta": -1.074050590965999, "log10_lambda": -1.8416368364044389, "log10_min_child_weight": 4.558242894930063, "log10_subsample": -0.5027856037971654, "max_depth": 6.0, "num_boost_round": 11.0}, "datetime": {"datetime": "2024-01-19 00:19:32", "elapsed": 465.598949, "delta": 0.001078}}
{"target": -17.676306114524955, "params": {"gamma": 444.89752204426225, "log10_alpha": -4.686236004258852, "log10_colsample_bytree": -0.9827929282507659, "log10_eta": -1.074050590965999, "log10_lambda": -1.8416368364044389, "log10_min_child_weight": 4.558242894930063, "log10_subsample": -0.5027856037971654, "max_depth": 6.0, "num_boost_round": 12.0}, "datetime": {"datetime": "2024-01-19 00:19:32", "elapsed": 465.600046, "delta": 0.001097}}
{"target": -17.675449668823116, "params": {"gamma": 444.89752204426225, "log10_alpha": -4.686236004258852, "log10_colsample_bytree": -0.9827929282507659, "log10_eta": -1.074050590965999, "log10_lambda": -1.8416368364044389, "log10_min_child_weight": 4.558242894930063, "log10_subsample": -0.5027856037971654, "max_depth": 6.0, "num_boost_round": 13.0}, "datetime": {"datetime": "2024-01-19 00:19:32", "elapsed": 465.601304, "delta": 0.001258}}
{"target": -17.676467065783882, "params": {"gamma": 444.89752204426225, "log10_alpha": -4.686236004258852, "log10_colsample_bytree": -0.9827929282507659, "log10_eta": -1.074050590965999, "log10_lambda": -1.8416368364044389, "log10_min_child_weight": 4.558242894930063, "log10_subsample": -0.5027856037971654, "max_depth": 6.0, "num_boost_round": 14.0}, "datetime": {"datetime": "2024-01-19 00:19:32", "elapsed": 465.60249, "delta": 0.001186}}
{"target": -17.67661292821871, "params": {"gamma": 444.89752204426225, "log10_alpha": -4.686236004258852, "log10_colsample_bytree": -0.9827929282507659, "log10_eta": -1.074050590965999, "log10_lambda": -1.8416368364044389, "log10_min_child_weight": 4.558242894930063, "log10_subsample": -0.5027856037971654, "max_depth": 6.0, "num_boost_round": 15.0}, "datetime": {"datetime": "2024-01-19 00:19:32", "elapsed": 465.603793, "delta": 0.001303}}
{"target": -17.676622257192996, "params": {"gamma": 444.89752204426225, "log10_alpha": -4.686236004258852, "log10_colsample_bytree": -0.9827929282507659, "log10_eta": -1.074050590965999, "log10_lambda": -1.8416368364044389, "log10_min_child_weight": 4.558242894930063, "log10_subsample": -0.5027856037971654, "max_depth": 6.0, "num_boost_round": 16.0}, "datetime": {"datetime": "2024-01-19 00:19:32", "elapsed": 465.605, "delta": 0.001207}}
