{"target": -17.676872393583988, "params": {"gamma": 872.3889486225248, "log10_alpha": -4.009695507099299, "log10_colsample_bytree": -0.718819171845686, "log10_eta": -3.332572076963105, "log10_lambda": 0.502332988539739, "log10_min_child_weight": 0.889776646575029, "log10_subsample": -0.025081957723322, "max_depth": 8.0, "num_boost_round": 15.0}, "datetime": {"datetime": "2024-01-19 01:53:49", "elapsed": 6110.264645, "delta": 0.00571}}
{"target": -17.676867484370835, "params": {"gamma": 872.3889486225248, "log10_alpha": -4.009695507099299, "log10_colsample_bytree": -0.718819171845686, "log10_eta": -3.332572076963105, "log10_lambda": 0.502332988539739, "log10_min_child_weight": 0.889776646575029, "log10_subsample": -0.025081957723322, "max_depth": 8.0, "num_boost_round": 16.0}, "datetime": {"datetime": "2024-01-19 01:53:49", "elapsed": 6110.270407, "delta": 0.005762}}
{"target": -17.676819226154457, "params": {"gamma": 872.3889486225248, "log10_alpha": -4.009695507099299, "log10_colsample_bytree": -0.718819171845686, "log10_eta": -3.332572076963105, "log10_lambda": 0.502332988539739, "log10_min_child_weight": 0.889776646575029, "log10_subsample": -0.025081957723322, "max_depth": 8.0, "num_boost_round": 17.0}, "datetime": {"datetime": "2024-01-19 01:53:49", "elapsed": 6110.275877, "delta": 0.00547}}
{"target": -17.6768290630203, "params": {"gamma": 872.3889486225248, "log10_alpha": -4.009695507099299, "log10_colsample_bytree": -0.718819171845686, "log10_eta": -3.332572076963105, "log10_lambda": 0.502332988539739, "log10_min_child_weight": 0.889776646575029, "log10_subsample": -0.025081957723322, "max_depth": 8.0, "num_boost_round": 18.0}, "datetime": {"datetime": "2024-01-19 01:53:49", "elapsed": 6110.281616, "delta": 0.005739}}
{"target": -17.676807159140004, "params": {"gamma": 872.3889486225248, "log10_alpha": -4.009695507099299, "log10_colsample_bytree": -0.718819171845686, "log10_eta": -3.332572076963105, "log10_lambda": 0.502332988539739, "log10_min_child_weight": 0.889776646575029, "log10_subsample": -0.025081957723322, "max_depth": 8.0, "num_boost_round": 19.0}, "datetime": {"datetime": "2024-01-19 01:53:49", "elapsed": 6110.287298, "delta": 0.005682}}
{"target": -17.676777775476207, "params": {"gamma": 872.3889486225248, "log10_alpha": -4.009695507099299, "log10_colsample_bytree": -0.718819171845686, "log10_eta": -3.332572076963105, "log10_lambda": 0.502332988539739, "log10_min_child_weight": 0.889776646575029, "log10_subsample": -0.025081957723322, "max_depth": 8.0, "num_boost_round": 20.0}, "datetime": {"datetime": "2024-01-19 01:53:49", "elapsed": 6110.29303, "delta": 0.005732}}
{"target": -17.676752154395587, "params": {"gamma": 872.3889486225248, "log10_alpha": -4.009695507099299, "log10_colsample_bytree": -0.718819171845686, "log10_eta": -3.332572076963105, "log10_lambda": 0.502332988539739, "log10_min_child_weight": 0.889776646575029, "log10_subsample": -0.025081957723322, "max_depth": 8.0, "num_boost_round": 21.0}, "datetime": {"datetime": "2024-01-19 01:53:49", "elapsed": 6110.298883, "delta": 0.005853}}
{"target": -17.67669783652705, "params": {"gamma": 872.3889486225248, "log10_alpha": -4.009695507099299, "log10_colsample_bytree": -0.718819171845686, "log10_eta": -3.332572076963105, "log10_lambda": 0.502332988539739, "log10_min_child_weight": 0.889776646575029, "log10_subsample": -0.025081957723322, "max_depth": 8.0, "num_boost_round": 22.0}, "datetime": {"datetime": "2024-01-19 01:53:49", "elapsed": 6110.304737, "delta": 0.005854}}
{"target": -17.67667520408647, "params": {"gamma": 872.3889486225248, "log10_alpha": -4.009695507099299, "log10_colsample_bytree": -0.718819171845686, "log10_eta": -3.332572076963105, "log10_lambda": 0.502332988539739, "log10_min_child_weight": 0.889776646575029, "log10_subsample": -0.025081957723322, "max_depth": 8.0, "num_boost_round": 23.0}, "datetime": {"datetime": "2024-01-19 01:53:49", "elapsed": 6110.310203, "delta": 0.005466}}
{"target": -17.676667372133345, "params": {"gamma": 872.3889486225248, "log10_alpha": -4.009695507099299, "log10_colsample_bytree": -0.718819171845686, "log10_eta": -3.332572076963105, "log10_lambda": 0.502332988539739, "log10_min_child_weight": 0.889776646575029, "log10_subsample": -0.025081957723322, "max_depth": 8.0, "num_boost_round": 24.0}, "datetime": {"datetime": "2024-01-19 01:53:49", "elapsed": 6110.316968, "delta": 0.006765}}
{"target": -17.67664331086894, "params": {"gamma": 872.3889486225248, "log10_alpha": -4.009695507099299, "log10_colsample_bytree": -0.718819171845686, "log10_eta": -3.332572076963105, "log10_lambda": 0.502332988539739, "log10_min_child_weight": 0.889776646575029, "log10_subsample": -0.025081957723322, "max_depth": 8.0, "num_boost_round": 25.0}, "datetime": {"datetime": "2024-01-19 01:53:49", "elapsed": 6110.322784, "delta": 0.005816}}
{"target": -17.676606709135918, "params": {"gamma": 872.3889486225248, "log10_alpha": -4.009695507099299, "log10_colsample_bytree": -0.718819171845686, "log10_eta": -3.332572076963105, "log10_lambda": 0.502332988539739, "log10_min_child_weight": 0.889776646575029, "log10_subsample": -0.025081957723322, "max_depth": 8.0, "num_boost_round": 26.0}, "datetime": {"datetime": "2024-01-19 01:53:49", "elapsed": 6110.328514, "delta": 0.00573}}
{"target": -17.67659320218359, "params": {"gamma": 872.3889486225248, "log10_alpha": -4.009695507099299, "log10_colsample_bytree": -0.718819171845686, "log10_eta": -3.332572076963105, "log10_lambda": 0.502332988539739, "log10_min_child_weight": 0.889776646575029, "log10_subsample": -0.025081957723322, "max_depth": 8.0, "num_boost_round": 27.0}, "datetime": {"datetime": "2024-01-19 01:53:49", "elapsed": 6110.334266, "delta": 0.005752}}
{"target": -17.67653042793684, "params": {"gamma": 872.3889486225248, "log10_alpha": -4.009695507099299, "log10_colsample_bytree": -0.718819171845686, "log10_eta": -3.332572076963105, "log10_lambda": 0.502332988539739, "log10_min_child_weight": 0.889776646575029, "log10_subsample": -0.025081957723322, "max_depth": 8.0, "num_boost_round": 28.0}, "datetime": {"datetime": "2024-01-19 01:53:49", "elapsed": 6110.340222, "delta": 0.005956}}
{"target": -17.676499367064583, "params": {"gamma": 872.3889486225248, "log10_alpha": -4.009695507099299, "log10_colsample_bytree": -0.718819171845686, "log10_eta": -3.332572076963105, "log10_lambda": 0.502332988539739, "log10_min_child_weight": 0.889776646575029, "log10_subsample": -0.025081957723322, "max_depth": 8.0, "num_boost_round": 29.0}, "datetime": {"datetime": "2024-01-19 01:53:49", "elapsed": 6110.345749, "delta": 0.005527}}
{"target": -17.67648756388898, "params": {"gamma": 872.3889486225248, "log10_alpha": -4.009695507099299, "log10_colsample_bytree": -0.718819171845686, "log10_eta": -3.332572076963105, "log10_lambda": 0.502332988539739, "log10_min_child_weight": 0.889776646575029, "log10_subsample": -0.025081957723322, "max_depth": 8.0, "num_boost_round": 30.0}, "datetime": {"datetime": "2024-01-19 01:53:49", "elapsed": 6110.351242, "delta": 0.005493}}
{"target": -17.6764694527515, "params": {"gamma": 872.3889486225248, "log10_alpha": -4.009695507099299, "log10_colsample_bytree": -0.718819171845686, "log10_eta": -3.332572076963105, "log10_lambda": 0.502332988539739, "log10_min_child_weight": 0.889776646575029, "log10_subsample": -0.025081957723322, "max_depth": 8.0, "num_boost_round": 31.0}, "datetime": {"datetime": "2024-01-19 01:53:49", "elapsed": 6110.356916, "delta": 0.005674}}
{"target": -17.67642148264236, "params": {"gamma": 872.3889486225248, "log10_alpha": -4.009695507099299, "log10_colsample_bytree": -0.718819171845686, "log10_eta": -3.332572076963105, "log10_lambda": 0.502332988539739, "log10_min_child_weight": 0.889776646575029, "log10_subsample": -0.025081957723322, "max_depth": 8.0, "num_boost_round": 32.0}, "datetime": {"datetime": "2024-01-19 01:53:49", "elapsed": 6110.362574, "delta": 0.005658}}
{"target": -17.676367383979763, "params": {"gamma": 872.3889486225248, "log10_alpha": -4.009695507099299, "log10_colsample_bytree": -0.718819171845686, "log10_eta": -3.332572076963105, "log10_lambda": 0.502332988539739, "log10_min_child_weight": 0.889776646575029, "log10_subsample": -0.025081957723322, "max_depth": 8.0, "num_boost_round": 33.0}, "datetime": {"datetime": "2024-01-19 01:53:49", "elapsed": 6110.368295, "delta": 0.005721}}
{"target": -17.676366060138804, "params": {"gamma": 872.3889486225248, "log10_alpha": -4.009695507099299, "log10_colsample_bytree": -0.718819171845686, "log10_eta": -3.332572076963105, "log10_lambda": 0.502332988539739, "log10_min_child_weight": 0.889776646575029, "log10_subsample": -0.025081957723322, "max_depth": 8.0, "num_boost_round": 34.0}, "datetime": {"datetime": "2024-01-19 01:53:49", "elapsed": 6110.374073, "delta": 0.005778}}
{"target": -17.676341736632537, "params": {"gamma": 872.3889486225248, "log10_alpha": -4.009695507099299, "log10_colsample_bytree": -0.718819171845686, "log10_eta": -3.332572076963105, "log10_lambda": 0.502332988539739, "log10_min_child_weight": 0.889776646575029, "log10_subsample": -0.025081957723322, "max_depth": 8.0, "num_boost_round": 35.0}, "datetime": {"datetime": "2024-01-19 01:53:49", "elapsed": 6110.379711, "delta": 0.005638}}
{"target": -17.676351715950794, "params": {"gamma": 872.3889486225248, "log10_alpha": -4.009695507099299, "log10_colsample_bytree": -0.718819171845686, "log10_eta": -3.332572076963105, "log10_lambda": 0.502332988539739, "log10_min_child_weight": 0.889776646575029, "log10_subsample": -0.025081957723322, "max_depth": 8.0, "num_boost_round": 36.0}, "datetime": {"datetime": "2024-01-19 01:53:49", "elapsed": 6110.385275, "delta": 0.005564}}
{"target": -17.67631409790872, "params": {"gamma": 872.3889486225248, "log10_alpha": -4.009695507099299, "log10_colsample_bytree": -0.718819171845686, "log10_eta": -3.332572076963105, "log10_lambda": 0.502332988539739, "log10_min_child_weight": 0.889776646575029, "log10_subsample": -0.025081957723322, "max_depth": 8.0, "num_boost_round": 37.0}, "datetime": {"datetime": "2024-01-19 01:53:49", "elapsed": 6110.391093, "delta": 0.005818}}
{"target": -17.67628112109525, "params": {"gamma": 872.3889486225248, "log10_alpha": -4.009695507099299, "log10_colsample_bytree": -0.718819171845686, "log10_eta": -3.332572076963105, "log10_lambda": 0.502332988539739, "log10_min_child_weight": 0.889776646575029, "log10_subsample": -0.025081957723322, "max_depth": 8.0, "num_boost_round": 38.0}, "datetime": {"datetime": "2024-01-19 01:53:49", "elapsed": 6110.398515, "delta": 0.007422}}
{"target": -17.676272922094043, "params": {"gamma": 872.3889486225248, "log10_alpha": -4.009695507099299, "log10_colsample_bytree": -0.718819171845686, "log10_eta": -3.332572076963105, "log10_lambda": 0.502332988539739, "log10_min_child_weight": 0.889776646575029, "log10_subsample": -0.025081957723322, "max_depth": 8.0, "num_boost_round": 39.0}, "datetime": {"datetime": "2024-01-19 01:53:49", "elapsed": 6110.53628, "delta": 0.137765}}
{"target": -17.676284176534107, "params": {"gamma": 872.3889486225248, "log10_alpha": -4.009695507099299, "log10_colsample_bytree": -0.718819171845686, "log10_eta": -3.332572076963105, "log10_lambda": 0.502332988539739, "log10_min_child_weight": 0.889776646575029, "log10_subsample": -0.025081957723322, "max_depth": 8.0, "num_boost_round": 40.0}, "datetime": {"datetime": "2024-01-19 01:53:49", "elapsed": 6110.542993, "delta": 0.006713}}
{"target": -17.676297169780106, "params": {"gamma": 872.3889486225248, "log10_alpha": -4.009695507099299, "log10_colsample_bytree": -0.718819171845686, "log10_eta": -3.332572076963105, "log10_lambda": 0.502332988539739, "log10_min_child_weight": 0.889776646575029, "log10_subsample": -0.025081957723322, "max_depth": 8.0, "num_boost_round": 41.0}, "datetime": {"datetime": "2024-01-19 01:53:49", "elapsed": 6110.549469, "delta": 0.006476}}
{"target": -17.67722664575313, "params": {"gamma": 873.3571023970479, "log10_alpha": 0.934091940350311, "log10_colsample_bytree": -0.6743892578049234, "log10_eta": -3.999543163941557, "log10_lambda": -3.8089503298750595, "log10_min_child_weight": 1.6599238563878582, "log10_subsample": -0.7964165768664051, "max_depth": 7.0, "num_boost_round": 0.0}, "datetime": {"datetime": "2024-01-19 01:55:31", "elapsed": 6212.604958, "delta": 102.055489}}
{"target": -17.677221830888698, "params": {"gamma": 873.3571023970479, "log10_alpha": 0.934091940350311, "log10_colsample_bytree": -0.6743892578049234, "log10_eta": -3.999543163941557, "log10_lambda": -3.8089503298750595, "log10_min_child_weight": 1.6599238563878582, "log10_subsample": -0.7964165768664051, "max_depth": 7.0, "num_boost_round": 1.0}, "datetime": {"datetime": "2024-01-19 01:55:31", "elapsed": 6212.612171, "delta": 0.007213}}
{"target": -17.677215253010953, "params": {"gamma": 873.3571023970479, "log10_alpha": 0.934091940350311, "log10_colsample_bytree": -0.6743892578049234, "log10_eta": -3.999543163941557, "log10_lambda": -3.8089503298750595, "log10_min_child_weight": 1.6599238563878582, "log10_subsample": -0.7964165768664051, "max_depth": 7.0, "num_boost_round": 2.0}, "datetime": {"datetime": "2024-01-19 01:55:31", "elapsed": 6212.618256, "delta": 0.006085}}
{"target": -17.677209678716785, "params": {"gamma": 873.3571023970479, "log10_alpha": 0.934091940350311, "log10_colsample_bytree": -0.6743892578049234, "log10_eta": -3.999543163941557, "log10_lambda": -3.8089503298750595, "log10_min_child_weight": 1.6599238563878582, "log10_subsample": -0.7964165768664051, "max_depth": 7.0, "num_boost_round": 3.0}, "datetime": {"datetime": "2024-01-19 01:55:31", "elapsed": 6212.624512, "delta": 0.006256}}
{"target": -17.67719920630526, "params": {"gamma": 873.3571023970479, "log10_alpha": 0.934091940350311, "log10_colsample_bytree": -0.6743892578049234, "log10_eta": -3.999543163941557, "log10_lambda": -3.8089503298750595, "log10_min_child_weight": 1.6599238563878582, "log10_subsample": -0.7964165768664051, "max_depth": 7.0, "num_boost_round": 4.0}, "datetime": {"datetime": "2024-01-19 01:55:31", "elapsed": 6212.630852, "delta": 0.00634}}
{"target": -17.677196239504855, "params": {"gamma": 873.3571023970479, "log10_alpha": 0.934091940350311, "log10_colsample_bytree": -0.6743892578049234, "log10_eta": -3.999543163941557, "log10_lambda": -3.8089503298750595, "log10_min_child_weight": 1.6599238563878582, "log10_subsample": -0.7964165768664051, "max_depth": 7.0, "num_boost_round": 5.0}, "datetime": {"datetime": "2024-01-19 01:55:31", "elapsed": 6212.63684, "delta": 0.005988}}
{"target": -17.67719604858014, "params": {"gamma": 873.3571023970479, "log10_alpha": 0.934091940350311, "log10_colsample_bytree": -0.6743892578049234, "log10_eta": -3.999543163941557, "log10_lambda": -3.8089503298750595, "log10_min_child_weight": 1.6599238563878582, "log10_subsample": -0.7964165768664051, "max_depth": 7.0, "num_boost_round": 6.0}, "datetime": {"datetime": "2024-01-19 01:55:31", "elapsed": 6212.642868, "delta": 0.006028}}
{"target": -17.677188232584903, "params": {"gamma": 873.3571023970479, "log10_alpha": 0.934091940350311, "log10_colsample_bytree": -0.6743892578049234, "log10_eta": -3.999543163941557, "log10_lambda": -3.8089503298750595, "log10_min_child_weight": 1.6599238563878582, "log10_subsample": -0.7964165768664051, "max_depth": 7.0, "num_boost_round": 7.0}, "datetime": {"datetime": "2024-01-19 01:55:32", "elapsed": 6212.648683, "delta": 0.005815}}
{"target": -17.677185619341213, "params": {"gamma": 873.3571023970479, "log10_alpha": 0.934091940350311, "log10_colsample_bytree": -0.6743892578049234, "log10_eta": -3.999543163941557, "log10_lambda": -3.8089503298750595, "log10_min_child_weight": 1.6599238563878582, "log10_subsample": -0.7964165768664051, "max_depth": 7.0, "num_boost_round": 8.0}, "datetime": {"datetime": "2024-01-19 01:55:32", "elapsed": 6212.65454, "delta": 0.005857}}
{"target": -17.677183562041055, "params": {"gamma": 873.3571023970479, "log10_alpha": 0.934091940350311, "log10_colsample_bytree": -0.6743892578049234, "log10_eta": -3.999543163941557, "log10_lambda": -3.8089503298750595, "log10_min_child_weight": 1.6599238563878582, "log10_subsample": -0.7964165768664051, "max_depth": 7.0, "num_boost_round": 9.0}, "datetime": {"datetime": "2024-01-19 01:55:32", "elapsed": 6212.66042, "delta": 0.00588}}
{"target": -17.67717565945428, "params": {"gamma": 873.3571023970479, "log10_alpha": 0.934091940350311, "log10_colsample_bytree": -0.6743892578049234, "log10_eta": -3.999543163941557, "log10_lambda": -3.8089503298750595, "log10_min_child_weight": 1.6599238563878582, "log10_subsample": -0.7964165768664051, "max_depth": 7.0, "num_boost_round": 10.0}, "datetime": {"datetime": "2024-01-19 01:55:32", "elapsed": 6212.666416, "delta": 0.005996}}
{"target": -17.677177490912335, "params": {"gamma": 873.3571023970479, "log10_alpha": 0.934091940350311, "log10_colsample_bytree": -0.6743892578049234, "log10_eta": -3.999543163941557, "log10_lambda": -3.8089503298750595, "log10_min_child_weight": 1.6599238563878582, "log10_subsample": -0.7964165768664051, "max_depth": 7.0, "num_boost_round": 11.0}, "datetime": {"datetime": "2024-01-19 01:55:32", "elapsed": 6212.672371, "delta": 0.005955}}
{"target": -17.67717103107208, "params": {"gamma": 873.3571023970479, "log10_alpha": 0.934091940350311, "log10_colsample_bytree": -0.6743892578049234, "log10_eta": -3.999543163941557, "log10_lambda": -3.8089503298750595, "log10_min_child_weight": 1.6599238563878582, "log10_subsample": -0.7964165768664051, "max_depth": 7.0, "num_boost_round": 12.0}, "datetime": {"datetime": "2024-01-19 01:55:32", "elapsed": 6212.678566, "delta": 0.006195}}
{"target": -17.67716626077627, "params": {"gamma": 873.3571023970479, "log10_alpha": 0.934091940350311, "log10_colsample_bytree": -0.6743892578049234, "log10_eta": -3.999543163941557, "log10_lambda": -3.8089503298750595, "log10_min_child_weight": 1.6599238563878582, "log10_subsample": -0.7964165768664051, "max_depth": 7.0, "num_boost_round": 13.0}, "datetime": {"datetime": "2024-01-19 01:55:32", "elapsed": 6212.68473, "delta": 0.006164}}
{"target": -17.677167792033664, "params": {"gamma": 873.3571023970479, "log10_alpha": 0.934091940350311, "log10_colsample_bytree": -0.6743892578049234, "log10_eta": -3.999543163941557, "log10_lambda": -3.8089503298750595, "log10_min_child_weight": 1.6599238563878582, "log10_subsample": -0.7964165768664051, "max_depth": 7.0, "num_boost_round": 14.0}, "datetime": {"datetime": "2024-01-19 01:55:32", "elapsed": 6212.690602, "delta": 0.005872}}
{"target": -17.677164377775103, "params": {"gamma": 873.3571023970479, "log10_alpha": 0.934091940350311, "log10_colsample_bytree": -0.6743892578049234, "log10_eta": -3.999543163941557, "log10_lambda": -3.8089503298750595, "log10_min_child_weight": 1.6599238563878582, "log10_subsample": -0.7964165768664051, "max_depth": 7.0, "num_boost_round": 15.0}, "datetime": {"datetime": "2024-01-19 01:55:32", "elapsed": 6212.696652, "delta": 0.00605}}
{"target": -17.67715697272288, "params": {"gamma": 873.3571023970479, "log10_alpha": 0.934091940350311, "log10_colsample_bytree": -0.6743892578049234, "log10_eta": -3.999543163941557, "log10_lambda": -3.8089503298750595, "log10_min_child_weight": 1.6599238563878582, "log10_subsample": -0.7964165768664051, "max_depth": 7.0, "num_boost_round": 16.0}, "datetime": {"datetime": "2024-01-19 01:55:32", "elapsed": 6212.702674, "delta": 0.006022}}
{"target": -17.677148881791297, "params": {"gamma": 873.3571023970479, "log10_alpha": 0.934091940350311, "log10_colsample_bytree": -0.6743892578049234, "log10_eta": -3.999543163941557, "log10_lambda": -3.8089503298750595, "log10_min_child_weight": 1.6599238563878582, "log10_subsample": -0.7964165768664051, "max_depth": 7.0, "num_boost_round": 17.0}, "datetime": {"datetime": "2024-01-19 01:55:32", "elapsed": 6212.708487, "delta": 0.005813}}
{"target": -17.677150908251864, "params": {"gamma": 873.3571023970479, "log10_alpha": 0.934091940350311, "log10_colsample_bytree": -0.6743892578049234, "log10_eta": -3.999543163941557, "log10_lambda": -3.8089503298750595, "log10_min_child_weight": 1.6599238563878582, "log10_subsample": -0.7964165768664051, "max_depth": 7.0, "num_boost_round": 18.0}, "datetime": {"datetime": "2024-01-19 01:55:32", "elapsed": 6212.714441, "delta": 0.005954}}
{"target": -17.677143595762555, "params": {"gamma": 873.3571023970479, "log10_alpha": 0.934091940350311, "log10_colsample_bytree": -0.6743892578049234, "log10_eta": -3.999543163941557, "log10_lambda": -3.8089503298750595, "log10_min_child_weight": 1.6599238563878582, "log10_subsample": -0.7964165768664051, "max_depth": 7.0, "num_boost_round": 19.0}, "datetime": {"datetime": "2024-01-19 01:55:32", "elapsed": 6212.720397, "delta": 0.005956}}
{"target": -17.677140382385264, "params": {"gamma": 873.3571023970479, "log10_alpha": 0.934091940350311, "log10_colsample_bytree": -0.6743892578049234, "log10_eta": -3.999543163941557, "log10_lambda": -3.8089503298750595, "log10_min_child_weight": 1.6599238563878582, "log10_subsample": -0.7964165768664051, "max_depth": 7.0, "num_boost_round": 20.0}, "datetime": {"datetime": "2024-01-19 01:55:32", "elapsed": 6212.7268, "delta": 0.006403}}
{"target": -17.677133723448463, "params": {"gamma": 873.3571023970479, "log10_alpha": 0.934091940350311, "log10_colsample_bytree": -0.6743892578049234, "log10_eta": -3.999543163941557, "log10_lambda": -3.8089503298750595, "log10_min_child_weight": 1.6599238563878582, "log10_subsample": -0.7964165768664051, "max_depth": 7.0, "num_boost_round": 21.0}, "datetime": {"datetime": "2024-01-19 01:55:32", "elapsed": 6212.732792, "delta": 0.005992}}
