{"target": -17.670190437084024, "params": {"gamma": 7.396539484591291, "log10_alpha": -0.11950766505167731, "log10_colsample_bytree": -0.737769549636906, "log10_eta": -1.0931720828738514, "log10_lambda": -4.478619789973798, "log10_min_child_weight": 1.7757424924622716, "log10_subsample": -0.35616520727215617, "max_depth": 4.0, "num_boost_round": 5.0}, "datetime": {"datetime": "2024-01-19 00:14:45", "elapsed": 239.31604, "delta": 0.000458}}
{"target": -17.672578351495357, "params": {"gamma": 7.396539484591291, "log10_alpha": -0.11950766505167731, "log10_colsample_bytree": -0.737769549636906, "log10_eta": -1.0931720828738514, "log10_lambda": -4.478619789973798, "log10_min_child_weight": 1.7757424924622716, "log10_subsample": -0.35616520727215617, "max_depth": 4.0, "num_boost_round": 6.0}, "datetime": {"datetime": "2024-01-19 00:14:45", "elapsed": 239.316417, "delta": 0.000377}}
{"target": -17.67625355058062, "params": {"gamma": 7.396539484591291, "log10_alpha": -0.11950766505167731, "log10_colsample_bytree": -0.737769549636906, "log10_eta": -1.0931720828738514, "log10_lambda": -4.478619789973798, "log10_min_child_weight": 1.7757424924622716, "log10_subsample": -0.35616520727215617, "max_depth": 4.0, "num_boost_round": 7.0}, "datetime": {"datetime": "2024-01-19 00:14:45", "elapsed": 239.316781, "delta": 0.000364}}
{"target": -17.6766491328822, "params": {"gamma": 7.396539484591291, "log10_alpha": -0.11950766505167731, "log10_colsample_bytree": -0.737769549636906, "log10_eta": -1.0931720828738514, "log10_lambda": -4.478619789973798, "log10_min_child_weight": 1.7757424924622716, "log10_subsample": -0.35616520727215617, "max_depth": 4.0, "num_boost_round": 8.0}, "datetime": {"datetime": "2024-01-19 00:14:45", "elapsed": 239.317159, "delta": 0.000378}}
{"target": -17.67678315617288, "params": {"gamma": 7.396539484591291, "log10_alpha": -0.11950766505167731, "log10_colsample_bytree": -0.737769549636906, "log10_eta": -1.0931720828738514, "log10_lambda": -4.478619789973798, "log10_min_child_weight": 1.7757424924622716, "log10_subsample": -0.35616520727215617, "max_depth": 4.0, "num_boost_round": 9.0}, "datetime": {"datetime": "2024-01-19 00:14:45", "elapsed": 239.317526, "delta": 0.000367}}
{"target": -17.676858078229117, "params": {"gamma": 7.396539484591291, "log10_alpha": -0.11950766505167731, "log10_colsample_bytree": -0.737769549636906, "log10_eta": -1.0931720828738514, "log10_lambda": -4.478619789973798, "log10_min_child_weight": 1.7757424924622716, "log10_subsample": -0.35616520727215617, "max_depth": 4.0, "num_boost_round": 10.0}, "datetime": {"datetime": "2024-01-19 00:14:45", "elapsed": 239.317893, "delta": 0.000367}}
{"target": -17.676867010068428, "params": {"gamma": 7.396539484591291, "log10_alpha": -0.11950766505167731, "log10_colsample_bytree": -0.737769549636906, "log10_eta": -1.0931720828738514, "log10_lambda": -4.478619789973798, "log10_min_child_weight": 1.7757424924622716, "log10_subsample": -0.35616520727215617, "max_depth": 4.0, "num_boost_round": 11.0}, "datetime": {"datetime": "2024-01-19 00:14:45", "elapsed": 239.318358, "delta": 0.000465}}
{"target": -17.67679224964123, "params": {"gamma": 7.396539484591291, "log10_alpha": -0.11950766505167731, "log10_colsample_bytree": -0.737769549636906, "log10_eta": -1.0931720828738514, "log10_lambda": -4.478619789973798, "log10_min_child_weight": 1.7757424924622716, "log10_subsample": -0.35616520727215617, "max_depth": 4.0, "num_boost_round": 12.0}, "datetime": {"datetime": "2024-01-19 00:14:45", "elapsed": 239.318731, "delta": 0.000373}}
{"target": -17.675570926424196, "params": {"gamma": 7.396539484591291, "log10_alpha": -0.11950766505167731, "log10_colsample_bytree": -0.737769549636906, "log10_eta": -1.0931720828738514, "log10_lambda": -4.478619789973798, "log10_min_child_weight": 1.7757424924622716, "log10_subsample": -0.35616520727215617, "max_depth": 4.0, "num_boost_round": 13.0}, "datetime": {"datetime": "2024-01-19 00:14:45", "elapsed": 239.319092, "delta": 0.000361}}
{"target": -17.677454179698696, "params": {"gamma": 7.396539484591291, "log10_alpha": -0.11950766505167731, "log10_colsample_bytree": -0.737769549636906, "log10_eta": -1.0931720828738514, "log10_lambda": -4.478619789973798, "log10_min_child_weight": 1.7757424924622716, "log10_subsample": -0.35616520727215617, "max_depth": 4.0, "num_boost_round": 14.0}, "datetime": {"datetime": "2024-01-19 00:14:45", "elapsed": 239.319462, "delta": 0.00037}}
{"target": -17.67834250998242, "params": {"gamma": 7.396539484591291, "log10_alpha": -0.11950766505167731, "log10_colsample_bytree": -0.737769549636906, "log10_eta": -1.0931720828738514, "log10_lambda": -4.478619789973798, "log10_min_child_weight": 1.7757424924622716, "log10_subsample": -0.35616520727215617, "max_depth": 4.0, "num_boost_round": 15.0}, "datetime": {"datetime": "2024-01-19 00:14:45", "elapsed": 239.319831, "delta": 0.000369}}
{"target": -17.677475791846422, "params": {"gamma": 7.396539484591291, "log10_alpha": -0.11950766505167731, "log10_colsample_bytree": -0.737769549636906, "log10_eta": -1.0931720828738514, "log10_lambda": -4.478619789973798, "log10_min_child_weight": 1.7757424924622716, "log10_subsample": -0.35616520727215617, "max_depth": 4.0, "num_boost_round": 16.0}, "datetime": {"datetime": "2024-01-19 00:14:45", "elapsed": 239.320196, "delta": 0.000365}}
{"target": -17.676247960068007, "params": {"gamma": 7.396539484591291, "log10_alpha": -0.11950766505167731, "log10_colsample_bytree": -0.737769549636906, "log10_eta": -1.0931720828738514, "log10_lambda": -4.478619789973798, "log10_min_child_weight": 1.7757424924622716, "log10_subsample": -0.35616520727215617, "max_depth": 4.0, "num_boost_round": 17.0}, "datetime": {"datetime": "2024-01-19 00:14:45", "elapsed": 239.320566, "delta": 0.00037}}
{"target": -17.67713313455139, "params": {"gamma": 7.396539484591291, "log10_alpha": -0.11950766505167731, "log10_colsample_bytree": -0.737769549636906, "log10_eta": -1.0931720828738514, "log10_lambda": -4.478619789973798, "log10_min_child_weight": 1.7757424924622716, "log10_subsample": -0.35616520727215617, "max_depth": 4.0, "num_boost_round": 18.0}, "datetime": {"datetime": "2024-01-19 00:14:45", "elapsed": 239.320934, "delta": 0.000368}}
{"target": -17.677218091645788, "params": {"gamma": 15.66721954584349, "log10_alpha": -3.5905219628377703, "log10_colsample_bytree": -0.34556909857417295, "log10_eta": -3.6030875899564734, "log10_lambda": -4.934417029547648, "log10_min_child_weight": 2.289350588876734, "log10_subsample": -0.9206770228350135, "max_depth": 4.0, "num_boost_round": 0.0}, "datetime": {"datetime": "2024-01-19 00:15:17", "elapsed": 271.297623, "delta": 31.976689}}
{"target": -17.677209191049528, "params": {"gamma": 15.66721954584349, "log10_alpha": -3.5905219628377703, "log10_colsample_bytree": -0.34556909857417295, "log10_eta": -3.6030875899564734, "log10_lambda": -4.934417029547648, "log10_min_child_weight": 2.289350588876734, "log10_subsample": -0.9206770228350135, "max_depth": 4.0, "num_boost_round": 1.0}, "datetime": {"datetime": "2024-01-19 00:15:17", "elapsed": 271.299084, "delta": 0.001461}}
{"target": -17.677202815251373, "params": {"gamma": 15.66721954584349, "log10_alpha": -3.5905219628377703, "log10_colsample_bytree": -0.34556909857417295, "log10_eta": -3.6030875899564734, "log10_lambda": -4.934417029547648, "log10_min_child_weight": 2.289350588876734, "log10_subsample": -0.9206770228350135, "max_depth": 4.0, "num_boost_round": 2.0}, "datetime": {"datetime": "2024-01-19 00:15:17", "elapsed": 271.299499, "delta": 0.000415}}
{"target": -17.677201402426316, "params": {"gamma": 15.66721954584349, "log10_alpha": -3.5905219628377703, "log10_colsample_bytree": -0.34556909857417295, "log10_eta": -3.6030875899564734, "log10_lambda": -4.934417029547648, "log10_min_child_weight": 2.289350588876734, "log10_subsample": -0.9206770228350135, "max_depth": 4.0, "num_boost_round": 3.0}, "datetime": {"datetime": "2024-01-19 00:15:17", "elapsed": 271.299885, "delta": 0.000386}}
{"target": -17.677189673445863, "params": {"gamma": 15.66721954584349, "log10_alpha": -3.5905219628377703, "log10_colsample_bytree": -0.34556909857417295, "log10_eta": -3.6030875899564734, "log10_lambda": -4.934417029547648, "log10_min_child_weight": 2.289350588876734, "log10_subsample": -0.9206770228350135, "max_depth": 4.0, "num_boost_round": 4.0}, "datetime": {"datetime": "2024-01-19 00:15:17", "elapsed": 271.300261, "delta": 0.000376}}
{"target": -17.677188790076897, "params": {"gamma": 15.66721954584349, "log10_alpha": -3.5905219628377703, "log10_colsample_bytree": -0.34556909857417295, "log10_eta": -3.6030875899564734, "log10_lambda": -4.934417029547648, "log10_min_child_weight": 2.289350588876734, "log10_subsample": -0.9206770228350135, "max_depth": 4.0, "num_boost_round": 5.0}, "datetime": {"datetime": "2024-01-19 00:15:17", "elapsed": 271.300763, "delta": 0.000502}}
{"target": -17.677178782818103, "params": {"gamma": 15.66721954584349, "log10_alpha": -3.5905219628377703, "log10_colsample_bytree": -0.34556909857417295, "log10_eta": -3.6030875899564734, "log10_lambda": -4.934417029547648, "log10_min_child_weight": 2.289350588876734, "log10_subsample": -0.9206770228350135, "max_depth": 4.0, "num_boost_round": 6.0}, "datetime": {"datetime": "2024-01-19 00:15:17", "elapsed": 271.301147, "delta": 0.000384}}
{"target": -17.677162596560926, "params": {"gamma": 15.66721954584349, "log10_alpha": -3.5905219628377703, "log10_colsample_bytree": -0.34556909857417295, "log10_eta": -3.6030875899564734, "log10_lambda": -4.934417029547648, "log10_min_child_weight": 2.289350588876734, "log10_subsample": -0.9206770228350135, "max_depth": 4.0, "num_boost_round": 7.0}, "datetime": {"datetime": "2024-01-19 00:15:17", "elapsed": 271.301538, "delta": 0.000391}}
{"target": -17.67715243061288, "params": {"gamma": 15.66721954584349, "log10_alpha": -3.5905219628377703, "log10_colsample_bytree": -0.34556909857417295, "log10_eta": -3.6030875899564734, "log10_lambda": -4.934417029547648, "log10_min_child_weight": 2.289350588876734, "log10_subsample": -0.9206770228350135, "max_depth": 4.0, "num_boost_round": 8.0}, "datetime": {"datetime": "2024-01-19 00:15:17", "elapsed": 271.301925, "delta": 0.000387}}
{"target": -17.677139342653703, "params": {"gamma": 15.66721954584349, "log10_alpha": -3.5905219628377703, "log10_colsample_bytree": -0.34556909857417295, "log10_eta": -3.6030875899564734, "log10_lambda": -4.934417029547648, "log10_min_child_weight": 2.289350588876734, "log10_subsample": -0.9206770228350135, "max_depth": 4.0, "num_boost_round": 9.0}, "datetime": {"datetime": "2024-01-19 00:15:17", "elapsed": 271.302339, "delta": 0.000414}}
{"target": -17.677135630644063, "params": {"gamma": 15.66721954584349, "log10_alpha": -3.5905219628377703, "log10_colsample_bytree": -0.34556909857417295, "log10_eta": -3.6030875899564734, "log10_lambda": -4.934417029547648, "log10_min_child_weight": 2.289350588876734, "log10_subsample": -0.9206770228350135, "max_depth": 4.0, "num_boost_round": 10.0}, "datetime": {"datetime": "2024-01-19 00:15:17", "elapsed": 271.302747, "delta": 0.000408}}
{"target": -17.677134844249963, "params": {"gamma": 15.66721954584349, "log10_alpha": -3.5905219628377703, "log10_colsample_bytree": -0.34556909857417295, "log10_eta": -3.6030875899564734, "log10_lambda": -4.934417029547648, "log10_min_child_weight": 2.289350588876734, "log10_subsample": -0.9206770228350135, "max_depth": 4.0, "num_boost_round": 11.0}, "datetime": {"datetime": "2024-01-19 00:15:17", "elapsed": 271.303152, "delta": 0.000405}}
{"target": -17.67712755226202, "params": {"gamma": 15.66721954584349, "log10_alpha": -3.5905219628377703, "log10_colsample_bytree": -0.34556909857417295, "log10_eta": -3.6030875899564734, "log10_lambda": -4.934417029547648, "log10_min_child_weight": 2.289350588876734, "log10_subsample": -0.9206770228350135, "max_depth": 4.0, "num_boost_round": 12.0}, "datetime": {"datetime": "2024-01-19 00:15:17", "elapsed": 271.303554, "delta": 0.000402}}
{"target": -17.677116003806308, "params": {"gamma": 15.66721954584349, "log10_alpha": -3.5905219628377703, "log10_colsample_bytree": -0.34556909857417295, "log10_eta": -3.6030875899564734, "log10_lambda": -4.934417029547648, "log10_min_child_weight": 2.289350588876734, "log10_subsample": -0.9206770228350135, "max_depth": 4.0, "num_boost_round": 13.0}, "datetime": {"datetime": "2024-01-19 00:15:17", "elapsed": 271.303945, "delta": 0.000391}}
{"target": -17.677112862905183, "params": {"gamma": 15.66721954584349, "log10_alpha": -3.5905219628377703, "log10_colsample_bytree": -0.34556909857417295, "log10_eta": -3.6030875899564734, "log10_lambda": -4.934417029547648, "log10_min_child_weight": 2.289350588876734, "log10_subsample": -0.9206770228350135, "max_depth": 4.0, "num_boost_round": 14.0}, "datetime": {"datetime": "2024-01-19 00:15:17", "elapsed": 271.304338, "delta": 0.000393}}
{"target": -17.6770996704243, "params": {"gamma": 15.66721954584349, "log10_alpha": -3.5905219628377703, "log10_colsample_bytree": -0.34556909857417295, "log10_eta": -3.6030875899564734, "log10_lambda": -4.934417029547648, "log10_min_child_weight": 2.289350588876734, "log10_subsample": -0.9206770228350135, "max_depth": 4.0, "num_boost_round": 15.0}, "datetime": {"datetime": "2024-01-19 00:15:17", "elapsed": 271.304739, "delta": 0.000401}}
{"target": -17.677094245298484, "params": {"gamma": 15.66721954584349, "log10_alpha": -3.5905219628377703, "log10_colsample_bytree": -0.34556909857417295, "log10_eta": -3.6030875899564734, "log10_lambda": -4.934417029547648, "log10_min_child_weight": 2.289350588876734, "log10_subsample": -0.9206770228350135, "max_depth": 4.0, "num_boost_round": 16.0}, "datetime": {"datetime": "2024-01-19 00:15:17", "elapsed": 271.305262, "delta": 0.000523}}
{"target": -17.677079181704112, "params": {"gamma": 15.66721954584349, "log10_alpha": -3.5905219628377703, "log10_colsample_bytree": -0.34556909857417295, "log10_eta": -3.6030875899564734, "log10_lambda": -4.934417029547648, "log10_min_child_weight": 2.289350588876734, "log10_subsample": -0.9206770228350135, "max_depth": 4.0, "num_boost_round": 17.0}, "datetime": {"datetime": "2024-01-19 00:15:17", "elapsed": 271.305663, "delta": 0.000401}}
{"target": -17.677072122614877, "params": {"gamma": 15.66721954584349, "log10_alpha": -3.5905219628377703, "log10_colsample_bytree": -0.34556909857417295, "log10_eta": -3.6030875899564734, "log10_lambda": -4.934417029547648, "log10_min_child_weight": 2.289350588876734, "log10_subsample": -0.9206770228350135, "max_depth": 4.0, "num_boost_round": 18.0}, "datetime": {"datetime": "2024-01-19 00:15:17", "elapsed": 271.306061, "delta": 0.000398}}
{"target": -17.677066678992176, "params": {"gamma": 15.66721954584349, "log10_alpha": -3.5905219628377703, "log10_colsample_bytree": -0.34556909857417295, "log10_eta": -3.6030875899564734, "log10_lambda": -4.934417029547648, "log10_min_child_weight": 2.289350588876734, "log10_subsample": -0.9206770228350135, "max_depth": 4.0, "num_boost_round": 19.0}, "datetime": {"datetime": "2024-01-19 00:15:17", "elapsed": 271.306569, "delta": 0.000508}}
{"target": -17.677058112937868, "params": {"gamma": 15.66721954584349, "log10_alpha": -3.5905219628377703, "log10_colsample_bytree": -0.34556909857417295, "log10_eta": -3.6030875899564734, "log10_lambda": -4.934417029547648, "log10_min_child_weight": 2.289350588876734, "log10_subsample": -0.9206770228350135, "max_depth": 4.0, "num_boost_round": 20.0}, "datetime": {"datetime": "2024-01-19 00:15:17", "elapsed": 271.307064, "delta": 0.000495}}
{"target": -17.677049906273957, "params": {"gamma": 15.66721954584349, "log10_alpha": -3.5905219628377703, "log10_colsample_bytree": -0.34556909857417295, "log10_eta": -3.6030875899564734, "log10_lambda": -4.934417029547648, "log10_min_child_weight": 2.289350588876734, "log10_subsample": -0.9206770228350135, "max_depth": 4.0, "num_boost_round": 21.0}, "datetime": {"datetime": "2024-01-19 00:15:17", "elapsed": 271.307573, "delta": 0.000509}}
{"target": -17.677031246911543, "params": {"gamma": 15.66721954584349, "log10_alpha": -3.5905219628377703, "log10_colsample_bytree": -0.34556909857417295, "log10_eta": -3.6030875899564734, "log10_lambda": -4.934417029547648, "log10_min_child_weight": 2.289350588876734, "log10_subsample": -0.9206770228350135, "max_depth": 4.0, "num_boost_round": 22.0}, "datetime": {"datetime": "2024-01-19 00:15:17", "elapsed": 271.307987, "delta": 0.000414}}
{"target": -17.677010861188254, "params": {"gamma": 15.66721954584349, "log10_alpha": -3.5905219628377703, "log10_colsample_bytree": -0.34556909857417295, "log10_eta": -3.6030875899564734, "log10_lambda": -4.934417029547648, "log10_min_child_weight": 2.289350588876734, "log10_subsample": -0.9206770228350135, "max_depth": 4.0, "num_boost_round": 23.0}, "datetime": {"datetime": "2024-01-19 00:15:17", "elapsed": 271.308399, "delta": 0.000412}}
{"target": -17.67701641975198, "params": {"gamma": 15.66721954584349, "log10_alpha": -3.5905219628377703, "log10_colsample_bytree": -0.34556909857417295, "log10_eta": -3.6030875899564734, "log10_lambda": -4.934417029547648, "log10_min_child_weight": 2.289350588876734, "log10_subsample": -0.9206770228350135, "max_depth": 4.0, "num_boost_round": 24.0}, "datetime": {"datetime": "2024-01-19 00:15:17", "elapsed": 271.308816, "delta": 0.000417}}
{"target": -17.67701456369735, "params": {"gamma": 15.66721954584349, "log10_alpha": -3.5905219628377703, "log10_colsample_bytree": -0.34556909857417295, "log10_eta": -3.6030875899564734, "log10_lambda": -4.934417029547648, "log10_min_child_weight": 2.289350588876734, "log10_subsample": -0.9206770228350135, "max_depth": 4.0, "num_boost_round": 25.0}, "datetime": {"datetime": "2024-01-19 00:15:17", "elapsed": 271.309234, "delta": 0.000418}}
{"target": -17.677003008689475, "params": {"gamma": 15.66721954584349, "log10_alpha": -3.5905219628377703, "log10_colsample_bytree": -0.34556909857417295, "log10_eta": -3.6030875899564734, "log10_lambda": -4.934417029547648, "log10_min_child_weight": 2.289350588876734, "log10_subsample": -0.9206770228350135, "max_depth": 4.0, "num_boost_round": 26.0}, "datetime": {"datetime": "2024-01-19 00:15:17", "elapsed": 271.309703, "delta": 0.000469}}
{"target": -17.67700008911025, "params": {"gamma": 15.66721954584349, "log10_alpha": -3.5905219628377703, "log10_colsample_bytree": -0.34556909857417295, "log10_eta": -3.6030875899564734, "log10_lambda": -4.934417029547648, "log10_min_child_weight": 2.289350588876734, "log10_subsample": -0.9206770228350135, "max_depth": 4.0, "num_boost_round": 27.0}, "datetime": {"datetime": "2024-01-19 00:15:17", "elapsed": 271.310128, "delta": 0.000425}}
{"target": -17.67698661450155, "params": {"gamma": 15.66721954584349, "log10_alpha": -3.5905219628377703, "log10_colsample_bytree": -0.34556909857417295, "log10_eta": -3.6030875899564734, "log10_lambda": -4.934417029547648, "log10_min_child_weight": 2.289350588876734, "log10_subsample": -0.9206770228350135, "max_depth": 4.0, "num_boost_round": 28.0}, "datetime": {"datetime": "2024-01-19 00:15:17", "elapsed": 271.310574, "delta": 0.000446}}
{"target": -17.676976255795935, "params": {"gamma": 15.66721954584349, "log10_alpha": -3.5905219628377703, "log10_colsample_bytree": -0.34556909857417295, "log10_eta": -3.6030875899564734, "log10_lambda": -4.934417029547648, "log10_min_child_weight": 2.289350588876734, "log10_subsample": -0.9206770228350135, "max_depth": 4.0, "num_boost_round": 29.0}, "datetime": {"datetime": "2024-01-19 00:15:17", "elapsed": 271.311013, "delta": 0.000439}}
{"target": -17.676972827481347, "params": {"gamma": 15.66721954584349, "log10_alpha": -3.5905219628377703, "log10_colsample_bytree": -0.34556909857417295, "log10_eta": -3.6030875899564734, "log10_lambda": -4.934417029547648, "log10_min_child_weight": 2.289350588876734, "log10_subsample": -0.9206770228350135, "max_depth": 4.0, "num_boost_round": 30.0}, "datetime": {"datetime": "2024-01-19 00:15:17", "elapsed": 271.311452, "delta": 0.000439}}
{"target": -17.67696059379433, "params": {"gamma": 15.66721954584349, "log10_alpha": -3.5905219628377703, "log10_colsample_bytree": -0.34556909857417295, "log10_eta": -3.6030875899564734, "log10_lambda": -4.934417029547648, "log10_min_child_weight": 2.289350588876734, "log10_subsample": -0.9206770228350135, "max_depth": 4.0, "num_boost_round": 31.0}, "datetime": {"datetime": "2024-01-19 00:15:17", "elapsed": 271.31189, "delta": 0.000438}}
{"target": -17.67695285804271, "params": {"gamma": 15.66721954584349, "log10_alpha": -3.5905219628377703, "log10_colsample_bytree": -0.34556909857417295, "log10_eta": -3.6030875899564734, "log10_lambda": -4.934417029547648, "log10_min_child_weight": 2.289350588876734, "log10_subsample": -0.9206770228350135, "max_depth": 4.0, "num_boost_round": 32.0}, "datetime": {"datetime": "2024-01-19 00:15:17", "elapsed": 271.312334, "delta": 0.000444}}
{"target": -17.676946982716196, "params": {"gamma": 15.66721954584349, "log10_alpha": -3.5905219628377703, "log10_colsample_bytree": -0.34556909857417295, "log10_eta": -3.6030875899564734, "log10_lambda": -4.934417029547648, "log10_min_child_weight": 2.289350588876734, "log10_subsample": -0.9206770228350135, "max_depth": 4.0, "num_boost_round": 33.0}, "datetime": {"datetime": "2024-01-19 00:15:17", "elapsed": 271.312806, "delta": 0.000472}}
{"target": -17.67693397928543, "params": {"gamma": 15.66721954584349, "log10_alpha": -3.5905219628377703, "log10_colsample_bytree": -0.34556909857417295, "log10_eta": -3.6030875899564734, "log10_lambda": -4.934417029547648, "log10_min_child_weight": 2.289350588876734, "log10_subsample": -0.9206770228350135, "max_depth": 4.0, "num_boost_round": 34.0}, "datetime": {"datetime": "2024-01-19 00:15:17", "elapsed": 271.31327, "delta": 0.000464}}
