{"target": -13.758357020586375, "params": {"gamma": 568.5603584263977, "log10_alpha": -3.5954815009186136, "log10_colsample_bytree": -0.5454991173178606, "log10_eta": -3.0781193532270716, "log10_lambda": -1.9583935217488277, "log10_min_child_weight": 3.955902701378749, "log10_subsample": -0.33735506087848555, "max_depth": 5.0, "num_boost_round": 33.0}, "datetime": {"datetime": "2024-01-19 01:36:00", "elapsed": 5092.044098, "delta": 0.005236}}
{"target": -13.75834364684682, "params": {"gamma": 568.5603584263977, "log10_alpha": -3.5954815009186136, "log10_colsample_bytree": -0.5454991173178606, "log10_eta": -3.0781193532270716, "log10_lambda": -1.9583935217488277, "log10_min_child_weight": 3.955902701378749, "log10_subsample": -0.33735506087848555, "max_depth": 5.0, "num_boost_round": 34.0}, "datetime": {"datetime": "2024-01-19 01:36:00", "elapsed": 5092.049534, "delta": 0.005436}}
{"target": -13.758342610172676, "params": {"gamma": 568.5603584263977, "log10_alpha": -3.5954815009186136, "log10_colsample_bytree": -0.5454991173178606, "log10_eta": -3.0781193532270716, "log10_lambda": -1.9583935217488277, "log10_min_child_weight": 3.955902701378749, "log10_subsample": -0.33735506087848555, "max_depth": 5.0, "num_boost_round": 35.0}, "datetime": {"datetime": "2024-01-19 01:36:00", "elapsed": 5092.054872, "delta": 0.005338}}
{"target": -13.758342561795944, "params": {"gamma": 568.5603584263977, "log10_alpha": -3.5954815009186136, "log10_colsample_bytree": -0.5454991173178606, "log10_eta": -3.0781193532270716, "log10_lambda": -1.9583935217488277, "log10_min_child_weight": 3.955902701378749, "log10_subsample": -0.33735506087848555, "max_depth": 5.0, "num_boost_round": 36.0}, "datetime": {"datetime": "2024-01-19 01:36:00", "elapsed": 5092.060249, "delta": 0.005377}}
{"target": -13.758343560576275, "params": {"gamma": 568.5603584263977, "log10_alpha": -3.5954815009186136, "log10_colsample_bytree": -0.5454991173178606, "log10_eta": -3.0781193532270716, "log10_lambda": -1.9583935217488277, "log10_min_child_weight": 3.955902701378749, "log10_subsample": -0.33735506087848555, "max_depth": 5.0, "num_boost_round": 37.0}, "datetime": {"datetime": "2024-01-19 01:36:00", "elapsed": 5092.065488, "delta": 0.005239}}
{"target": -13.758334274518226, "params": {"gamma": 568.5603584263977, "log10_alpha": -3.5954815009186136, "log10_colsample_bytree": -0.5454991173178606, "log10_eta": -3.0781193532270716, "log10_lambda": -1.9583935217488277, "log10_min_child_weight": 3.955902701378749, "log10_subsample": -0.33735506087848555, "max_depth": 5.0, "num_boost_round": 38.0}, "datetime": {"datetime": "2024-01-19 01:36:00", "elapsed": 5092.070999, "delta": 0.005511}}
{"target": -13.758317624100727, "params": {"gamma": 568.5603584263977, "log10_alpha": -3.5954815009186136, "log10_colsample_bytree": -0.5454991173178606, "log10_eta": -3.0781193532270716, "log10_lambda": -1.9583935217488277, "log10_min_child_weight": 3.955902701378749, "log10_subsample": -0.33735506087848555, "max_depth": 5.0, "num_boost_round": 39.0}, "datetime": {"datetime": "2024-01-19 01:36:00", "elapsed": 5092.07625, "delta": 0.005251}}
{"target": -13.758327851782497, "params": {"gamma": 568.5603584263977, "log10_alpha": -3.5954815009186136, "log10_colsample_bytree": -0.5454991173178606, "log10_eta": -3.0781193532270716, "log10_lambda": -1.9583935217488277, "log10_min_child_weight": 3.955902701378749, "log10_subsample": -0.33735506087848555, "max_depth": 5.0, "num_boost_round": 40.0}, "datetime": {"datetime": "2024-01-19 01:36:00", "elapsed": 5092.081502, "delta": 0.005252}}
{"target": -13.758337865586489, "params": {"gamma": 568.5603584263977, "log10_alpha": -3.5954815009186136, "log10_colsample_bytree": -0.5454991173178606, "log10_eta": -3.0781193532270716, "log10_lambda": -1.9583935217488277, "log10_min_child_weight": 3.955902701378749, "log10_subsample": -0.33735506087848555, "max_depth": 5.0, "num_boost_round": 41.0}, "datetime": {"datetime": "2024-01-19 01:36:00", "elapsed": 5092.086862, "delta": 0.00536}}
{"target": -13.758340135883351, "params": {"gamma": 568.5603584263977, "log10_alpha": -3.5954815009186136, "log10_colsample_bytree": -0.5454991173178606, "log10_eta": -3.0781193532270716, "log10_lambda": -1.9583935217488277, "log10_min_child_weight": 3.955902701378749, "log10_subsample": -0.33735506087848555, "max_depth": 5.0, "num_boost_round": 42.0}, "datetime": {"datetime": "2024-01-19 01:36:00", "elapsed": 5092.092169, "delta": 0.005307}}
{"target": -13.758344187380514, "params": {"gamma": 568.5603584263977, "log10_alpha": -3.5954815009186136, "log10_colsample_bytree": -0.5454991173178606, "log10_eta": -3.0781193532270716, "log10_lambda": -1.9583935217488277, "log10_min_child_weight": 3.955902701378749, "log10_subsample": -0.33735506087848555, "max_depth": 5.0, "num_boost_round": 43.0}, "datetime": {"datetime": "2024-01-19 01:36:00", "elapsed": 5092.097521, "delta": 0.005352}}
{"target": -13.758344015345283, "params": {"gamma": 568.5603584263977, "log10_alpha": -3.5954815009186136, "log10_colsample_bytree": -0.5454991173178606, "log10_eta": -3.0781193532270716, "log10_lambda": -1.9583935217488277, "log10_min_child_weight": 3.955902701378749, "log10_subsample": -0.33735506087848555, "max_depth": 5.0, "num_boost_round": 44.0}, "datetime": {"datetime": "2024-01-19 01:36:00", "elapsed": 5092.102952, "delta": 0.005431}}
{"target": -13.758331952111275, "params": {"gamma": 568.5603584263977, "log10_alpha": -3.5954815009186136, "log10_colsample_bytree": -0.5454991173178606, "log10_eta": -3.0781193532270716, "log10_lambda": -1.9583935217488277, "log10_min_child_weight": 3.955902701378749, "log10_subsample": -0.33735506087848555, "max_depth": 5.0, "num_boost_round": 45.0}, "datetime": {"datetime": "2024-01-19 01:36:00", "elapsed": 5092.108113, "delta": 0.005161}}
{"target": -13.758323266405746, "params": {"gamma": 568.5603584263977, "log10_alpha": -3.5954815009186136, "log10_colsample_bytree": -0.5454991173178606, "log10_eta": -3.0781193532270716, "log10_lambda": -1.9583935217488277, "log10_min_child_weight": 3.955902701378749, "log10_subsample": -0.33735506087848555, "max_depth": 5.0, "num_boost_round": 46.0}, "datetime": {"datetime": "2024-01-19 01:36:00", "elapsed": 5092.113198, "delta": 0.005085}}
{"target": -13.75830942033943, "params": {"gamma": 568.5603584263977, "log10_alpha": -3.5954815009186136, "log10_colsample_bytree": -0.5454991173178606, "log10_eta": -3.0781193532270716, "log10_lambda": -1.9583935217488277, "log10_min_child_weight": 3.955902701378749, "log10_subsample": -0.33735506087848555, "max_depth": 5.0, "num_boost_round": 47.0}, "datetime": {"datetime": "2024-01-19 01:36:00", "elapsed": 5092.118369, "delta": 0.005171}}
{"target": -13.758305097313556, "params": {"gamma": 568.5603584263977, "log10_alpha": -3.5954815009186136, "log10_colsample_bytree": -0.5454991173178606, "log10_eta": -3.0781193532270716, "log10_lambda": -1.9583935217488277, "log10_min_child_weight": 3.955902701378749, "log10_subsample": -0.33735506087848555, "max_depth": 5.0, "num_boost_round": 48.0}, "datetime": {"datetime": "2024-01-19 01:36:00", "elapsed": 5092.123579, "delta": 0.00521}}
{"target": -13.758508561754528, "params": {"gamma": 557.2735144785586, "log10_alpha": -2.046257711825239, "log10_colsample_bytree": -0.7848762808891581, "log10_eta": -3.4538687720384202, "log10_lambda": 0.717315911982908, "log10_min_child_weight": 1.2208529810313251, "log10_subsample": -0.13978634879567653, "max_depth": 9.0, "num_boost_round": 0.0}, "datetime": {"datetime": "2024-01-19 01:37:08", "elapsed": 5160.44191, "delta": 68.318331}}
{"target": -13.758494786176856, "params": {"gamma": 557.2735144785586, "log10_alpha": -2.046257711825239, "log10_colsample_bytree": -0.7848762808891581, "log10_eta": -3.4538687720384202, "log10_lambda": 0.717315911982908, "log10_min_child_weight": 1.2208529810313251, "log10_subsample": -0.13978634879567653, "max_depth": 9.0, "num_boost_round": 1.0}, "datetime": {"datetime": "2024-01-19 01:37:08", "elapsed": 5160.448109, "delta": 0.006199}}
{"target": -13.758454713782802, "params": {"gamma": 557.2735144785586, "log10_alpha": -2.046257711825239, "log10_colsample_bytree": -0.7848762808891581, "log10_eta": -3.4538687720384202, "log10_lambda": 0.717315911982908, "log10_min_child_weight": 1.2208529810313251, "log10_subsample": -0.13978634879567653, "max_depth": 9.0, "num_boost_round": 2.0}, "datetime": {"datetime": "2024-01-19 01:37:08", "elapsed": 5160.453663, "delta": 0.005554}}
{"target": -13.758444617870666, "params": {"gamma": 557.2735144785586, "log10_alpha": -2.046257711825239, "log10_colsample_bytree": -0.7848762808891581, "log10_eta": -3.4538687720384202, "log10_lambda": 0.717315911982908, "log10_min_child_weight": 1.2208529810313251, "log10_subsample": -0.13978634879567653, "max_depth": 9.0, "num_boost_round": 3.0}, "datetime": {"datetime": "2024-01-19 01:37:08", "elapsed": 5160.45902, "delta": 0.005357}}
{"target": -13.758425483497456, "params": {"gamma": 557.2735144785586, "log10_alpha": -2.046257711825239, "log10_colsample_bytree": -0.7848762808891581, "log10_eta": -3.4538687720384202, "log10_lambda": 0.717315911982908, "log10_min_child_weight": 1.2208529810313251, "log10_subsample": -0.13978634879567653, "max_depth": 9.0, "num_boost_round": 4.0}, "datetime": {"datetime": "2024-01-19 01:37:08", "elapsed": 5160.464598, "delta": 0.005578}}
{"target": -13.758430494722447, "params": {"gamma": 557.2735144785586, "log10_alpha": -2.046257711825239, "log10_colsample_bytree": -0.7848762808891581, "log10_eta": -3.4538687720384202, "log10_lambda": 0.717315911982908, "log10_min_child_weight": 1.2208529810313251, "log10_subsample": -0.13978634879567653, "max_depth": 9.0, "num_boost_round": 5.0}, "datetime": {"datetime": "2024-01-19 01:37:08", "elapsed": 5160.470141, "delta": 0.005543}}
{"target": -13.758419312781681, "params": {"gamma": 557.2735144785586, "log10_alpha": -2.046257711825239, "log10_colsample_bytree": -0.7848762808891581, "log10_eta": -3.4538687720384202, "log10_lambda": 0.717315911982908, "log10_min_child_weight": 1.2208529810313251, "log10_subsample": -0.13978634879567653, "max_depth": 9.0, "num_boost_round": 6.0}, "datetime": {"datetime": "2024-01-19 01:37:08", "elapsed": 5160.475634, "delta": 0.005493}}
{"target": -13.75840692067608, "params": {"gamma": 557.2735144785586, "log10_alpha": -2.046257711825239, "log10_colsample_bytree": -0.7848762808891581, "log10_eta": -3.4538687720384202, "log10_lambda": 0.717315911982908, "log10_min_child_weight": 1.2208529810313251, "log10_subsample": -0.13978634879567653, "max_depth": 9.0, "num_boost_round": 7.0}, "datetime": {"datetime": "2024-01-19 01:37:08", "elapsed": 5160.481026, "delta": 0.005392}}
{"target": -13.75840168398716, "params": {"gamma": 557.2735144785586, "log10_alpha": -2.046257711825239, "log10_colsample_bytree": -0.7848762808891581, "log10_eta": -3.4538687720384202, "log10_lambda": 0.717315911982908, "log10_min_child_weight": 1.2208529810313251, "log10_subsample": -0.13978634879567653, "max_depth": 9.0, "num_boost_round": 8.0}, "datetime": {"datetime": "2024-01-19 01:37:08", "elapsed": 5160.486514, "delta": 0.005488}}
{"target": -13.758402305895656, "params": {"gamma": 557.2735144785586, "log10_alpha": -2.046257711825239, "log10_colsample_bytree": -0.7848762808891581, "log10_eta": -3.4538687720384202, "log10_lambda": 0.717315911982908, "log10_min_child_weight": 1.2208529810313251, "log10_subsample": -0.13978634879567653, "max_depth": 9.0, "num_boost_round": 9.0}, "datetime": {"datetime": "2024-01-19 01:37:08", "elapsed": 5160.62516, "delta": 0.138646}}
{"target": -13.75839674195314, "params": {"gamma": 557.2735144785586, "log10_alpha": -2.046257711825239, "log10_colsample_bytree": -0.7848762808891581, "log10_eta": -3.4538687720384202, "log10_lambda": 0.717315911982908, "log10_min_child_weight": 1.2208529810313251, "log10_subsample": -0.13978634879567653, "max_depth": 9.0, "num_boost_round": 10.0}, "datetime": {"datetime": "2024-01-19 01:37:08", "elapsed": 5160.631401, "delta": 0.006241}}
{"target": -13.75839804245454, "params": {"gamma": 557.2735144785586, "log10_alpha": -2.046257711825239, "log10_colsample_bytree": -0.7848762808891581, "log10_eta": -3.4538687720384202, "log10_lambda": 0.717315911982908, "log10_min_child_weight": 1.2208529810313251, "log10_subsample": -0.13978634879567653, "max_depth": 9.0, "num_boost_round": 11.0}, "datetime": {"datetime": "2024-01-19 01:37:08", "elapsed": 5160.637289, "delta": 0.005888}}
{"target": -13.75839702329813, "params": {"gamma": 557.2735144785586, "log10_alpha": -2.046257711825239, "log10_colsample_bytree": -0.7848762808891581, "log10_eta": -3.4538687720384202, "log10_lambda": 0.717315911982908, "log10_min_child_weight": 1.2208529810313251, "log10_subsample": -0.13978634879567653, "max_depth": 9.0, "num_boost_round": 12.0}, "datetime": {"datetime": "2024-01-19 01:37:08", "elapsed": 5160.642931, "delta": 0.005642}}
{"target": -13.75836695677368, "params": {"gamma": 557.2735144785586, "log10_alpha": -2.046257711825239, "log10_colsample_bytree": -0.7848762808891581, "log10_eta": -3.4538687720384202, "log10_lambda": 0.717315911982908, "log10_min_child_weight": 1.2208529810313251, "log10_subsample": -0.13978634879567653, "max_depth": 9.0, "num_boost_round": 13.0}, "datetime": {"datetime": "2024-01-19 01:37:08", "elapsed": 5160.648201, "delta": 0.00527}}
{"target": -13.758365243426331, "params": {"gamma": 557.2735144785586, "log10_alpha": -2.046257711825239, "log10_colsample_bytree": -0.7848762808891581, "log10_eta": -3.4538687720384202, "log10_lambda": 0.717315911982908, "log10_min_child_weight": 1.2208529810313251, "log10_subsample": -0.13978634879567653, "max_depth": 9.0, "num_boost_round": 14.0}, "datetime": {"datetime": "2024-01-19 01:37:08", "elapsed": 5160.653597, "delta": 0.005396}}
{"target": -13.758358809334334, "params": {"gamma": 557.2735144785586, "log10_alpha": -2.046257711825239, "log10_colsample_bytree": -0.7848762808891581, "log10_eta": -3.4538687720384202, "log10_lambda": 0.717315911982908, "log10_min_child_weight": 1.2208529810313251, "log10_subsample": -0.13978634879567653, "max_depth": 9.0, "num_boost_round": 15.0}, "datetime": {"datetime": "2024-01-19 01:37:08", "elapsed": 5160.659147, "delta": 0.00555}}
{"target": -13.758350085326299, "params": {"gamma": 557.2735144785586, "log10_alpha": -2.046257711825239, "log10_colsample_bytree": -0.7848762808891581, "log10_eta": -3.4538687720384202, "log10_lambda": 0.717315911982908, "log10_min_child_weight": 1.2208529810313251, "log10_subsample": -0.13978634879567653, "max_depth": 9.0, "num_boost_round": 16.0}, "datetime": {"datetime": "2024-01-19 01:37:08", "elapsed": 5160.664502, "delta": 0.005355}}
{"target": -13.758329466343612, "params": {"gamma": 557.2735144785586, "log10_alpha": -2.046257711825239, "log10_colsample_bytree": -0.7848762808891581, "log10_eta": -3.4538687720384202, "log10_lambda": 0.717315911982908, "log10_min_child_weight": 1.2208529810313251, "log10_subsample": -0.13978634879567653, "max_depth": 9.0, "num_boost_round": 17.0}, "datetime": {"datetime": "2024-01-19 01:37:08", "elapsed": 5160.669944, "delta": 0.005442}}
{"target": -13.758323997541007, "params": {"gamma": 557.2735144785586, "log10_alpha": -2.046257711825239, "log10_colsample_bytree": -0.7848762808891581, "log10_eta": -3.4538687720384202, "log10_lambda": 0.717315911982908, "log10_min_child_weight": 1.2208529810313251, "log10_subsample": -0.13978634879567653, "max_depth": 9.0, "num_boost_round": 18.0}, "datetime": {"datetime": "2024-01-19 01:37:08", "elapsed": 5160.675332, "delta": 0.005388}}
{"target": -13.758314603732455, "params": {"gamma": 557.2735144785586, "log10_alpha": -2.046257711825239, "log10_colsample_bytree": -0.7848762808891581, "log10_eta": -3.4538687720384202, "log10_lambda": 0.717315911982908, "log10_min_child_weight": 1.2208529810313251, "log10_subsample": -0.13978634879567653, "max_depth": 9.0, "num_boost_round": 19.0}, "datetime": {"datetime": "2024-01-19 01:37:08", "elapsed": 5160.680702, "delta": 0.00537}}
{"target": -13.758292645764092, "params": {"gamma": 557.2735144785586, "log10_alpha": -2.046257711825239, "log10_colsample_bytree": -0.7848762808891581, "log10_eta": -3.4538687720384202, "log10_lambda": 0.717315911982908, "log10_min_child_weight": 1.2208529810313251, "log10_subsample": -0.13978634879567653, "max_depth": 9.0, "num_boost_round": 20.0}, "datetime": {"datetime": "2024-01-19 01:37:08", "elapsed": 5160.686089, "delta": 0.005387}}
{"target": -13.7583080454396, "params": {"gamma": 557.2735144785586, "log10_alpha": -2.046257711825239, "log10_colsample_bytree": -0.7848762808891581, "log10_eta": -3.4538687720384202, "log10_lambda": 0.717315911982908, "log10_min_child_weight": 1.2208529810313251, "log10_subsample": -0.13978634879567653, "max_depth": 9.0, "num_boost_round": 21.0}, "datetime": {"datetime": "2024-01-19 01:37:08", "elapsed": 5160.691637, "delta": 0.005548}}
{"target": -13.758288964204318, "params": {"gamma": 557.2735144785586, "log10_alpha": -2.046257711825239, "log10_colsample_bytree": -0.7848762808891581, "log10_eta": -3.4538687720384202, "log10_lambda": 0.717315911982908, "log10_min_child_weight": 1.2208529810313251, "log10_subsample": -0.13978634879567653, "max_depth": 9.0, "num_boost_round": 22.0}, "datetime": {"datetime": "2024-01-19 01:37:08", "elapsed": 5160.696936, "delta": 0.005299}}
{"target": -13.758275742348125, "params": {"gamma": 557.2735144785586, "log10_alpha": -2.046257711825239, "log10_colsample_bytree": -0.7848762808891581, "log10_eta": -3.4538687720384202, "log10_lambda": 0.717315911982908, "log10_min_child_weight": 1.2208529810313251, "log10_subsample": -0.13978634879567653, "max_depth": 9.0, "num_boost_round": 23.0}, "datetime": {"datetime": "2024-01-19 01:37:08", "elapsed": 5160.702171, "delta": 0.005235}}
{"target": -13.758270797274402, "params": {"gamma": 557.2735144785586, "log10_alpha": -2.046257711825239, "log10_colsample_bytree": -0.7848762808891581, "log10_eta": -3.4538687720384202, "log10_lambda": 0.717315911982908, "log10_min_child_weight": 1.2208529810313251, "log10_subsample": -0.13978634879567653, "max_depth": 9.0, "num_boost_round": 24.0}, "datetime": {"datetime": "2024-01-19 01:37:08", "elapsed": 5160.707419, "delta": 0.005248}}
{"target": -13.75826469754871, "params": {"gamma": 557.2735144785586, "log10_alpha": -2.046257711825239, "log10_colsample_bytree": -0.7848762808891581, "log10_eta": -3.4538687720384202, "log10_lambda": 0.717315911982908, "log10_min_child_weight": 1.2208529810313251, "log10_subsample": -0.13978634879567653, "max_depth": 9.0, "num_boost_round": 25.0}, "datetime": {"datetime": "2024-01-19 01:37:08", "elapsed": 5160.712764, "delta": 0.005345}}
{"target": -13.758253581814103, "params": {"gamma": 557.2735144785586, "log10_alpha": -2.046257711825239, "log10_colsample_bytree": -0.7848762808891581, "log10_eta": -3.4538687720384202, "log10_lambda": 0.717315911982908, "log10_min_child_weight": 1.2208529810313251, "log10_subsample": -0.13978634879567653, "max_depth": 9.0, "num_boost_round": 26.0}, "datetime": {"datetime": "2024-01-19 01:37:08", "elapsed": 5160.718204, "delta": 0.00544}}
{"target": -13.758235470323697, "params": {"gamma": 557.2735144785586, "log10_alpha": -2.046257711825239, "log10_colsample_bytree": -0.7848762808891581, "log10_eta": -3.4538687720384202, "log10_lambda": 0.717315911982908, "log10_min_child_weight": 1.2208529810313251, "log10_subsample": -0.13978634879567653, "max_depth": 9.0, "num_boost_round": 27.0}, "datetime": {"datetime": "2024-01-19 01:37:08", "elapsed": 5160.723736, "delta": 0.005532}}
{"target": -13.758205336509283, "params": {"gamma": 557.2735144785586, "log10_alpha": -2.046257711825239, "log10_colsample_bytree": -0.7848762808891581, "log10_eta": -3.4538687720384202, "log10_lambda": 0.717315911982908, "log10_min_child_weight": 1.2208529810313251, "log10_subsample": -0.13978634879567653, "max_depth": 9.0, "num_boost_round": 28.0}, "datetime": {"datetime": "2024-01-19 01:37:08", "elapsed": 5160.72904, "delta": 0.005304}}
{"target": -13.758162588331695, "params": {"gamma": 557.2735144785586, "log10_alpha": -2.046257711825239, "log10_colsample_bytree": -0.7848762808891581, "log10_eta": -3.4538687720384202, "log10_lambda": 0.717315911982908, "log10_min_child_weight": 1.2208529810313251, "log10_subsample": -0.13978634879567653, "max_depth": 9.0, "num_boost_round": 29.0}, "datetime": {"datetime": "2024-01-19 01:37:08", "elapsed": 5160.734268, "delta": 0.005228}}
{"target": -13.758155608035631, "params": {"gamma": 557.2735144785586, "log10_alpha": -2.046257711825239, "log10_colsample_bytree": -0.7848762808891581, "log10_eta": -3.4538687720384202, "log10_lambda": 0.717315911982908, "log10_min_child_weight": 1.2208529810313251, "log10_subsample": -0.13978634879567653, "max_depth": 9.0, "num_boost_round": 30.0}, "datetime": {"datetime": "2024-01-19 01:37:08", "elapsed": 5160.74088, "delta": 0.006612}}
{"target": -13.75813553481578, "params": {"gamma": 557.2735144785586, "log10_alpha": -2.046257711825239, "log10_colsample_bytree": -0.7848762808891581, "log10_eta": -3.4538687720384202, "log10_lambda": 0.717315911982908, "log10_min_child_weight": 1.2208529810313251, "log10_subsample": -0.13978634879567653, "max_depth": 9.0, "num_boost_round": 31.0}, "datetime": {"datetime": "2024-01-19 01:37:08", "elapsed": 5160.746375, "delta": 0.005495}}
{"target": -13.758122246442314, "params": {"gamma": 557.2735144785586, "log10_alpha": -2.046257711825239, "log10_colsample_bytree": -0.7848762808891581, "log10_eta": -3.4538687720384202, "log10_lambda": 0.717315911982908, "log10_min_child_weight": 1.2208529810313251, "log10_subsample": -0.13978634879567653, "max_depth": 9.0, "num_boost_round": 32.0}, "datetime": {"datetime": "2024-01-19 01:37:08", "elapsed": 5160.752068, "delta": 0.005693}}
