{"target": -17.67728545941787, "params": {"gamma": 835.2600086804406, "log10_alpha": 0.04141263707654819, "log10_colsample_bytree": -0.7179080413671292, "log10_eta": -1.7461681730418404, "log10_lambda": -3.565992566930756, "log10_min_child_weight": 3.5473082784618475, "log10_subsample": -0.8239669341702754, "max_depth": 9.0, "num_boost_round": 0.0}, "datetime": {"datetime": "2024-01-19 02:12:44", "elapsed": 7244.897926, "delta": 56.986984}}
{"target": -17.67708490913602, "params": {"gamma": 835.2600086804406, "log10_alpha": 0.04141263707654819, "log10_colsample_bytree": -0.7179080413671292, "log10_eta": -1.7461681730418404, "log10_lambda": -3.565992566930756, "log10_min_child_weight": 3.5473082784618475, "log10_subsample": -0.8239669341702754, "max_depth": 9.0, "num_boost_round": 1.0}, "datetime": {"datetime": "2024-01-19 02:12:44", "elapsed": 7244.904839, "delta": 0.006913}}
{"target": -17.67687082469875, "params": {"gamma": 835.2600086804406, "log10_alpha": 0.04141263707654819, "log10_colsample_bytree": -0.7179080413671292, "log10_eta": -1.7461681730418404, "log10_lambda": -3.565992566930756, "log10_min_child_weight": 3.5473082784618475, "log10_subsample": -0.8239669341702754, "max_depth": 9.0, "num_boost_round": 2.0}, "datetime": {"datetime": "2024-01-19 02:12:44", "elapsed": 7245.043698, "delta": 0.138859}}
{"target": -17.676699125972526, "params": {"gamma": 835.2600086804406, "log10_alpha": 0.04141263707654819, "log10_colsample_bytree": -0.7179080413671292, "log10_eta": -1.7461681730418404, "log10_lambda": -3.565992566930756, "log10_min_child_weight": 3.5473082784618475, "log10_subsample": -0.8239669341702754, "max_depth": 9.0, "num_boost_round": 3.0}, "datetime": {"datetime": "2024-01-19 02:12:44", "elapsed": 7245.051444, "delta": 0.007746}}
{"target": -17.676130447845146, "params": {"gamma": 835.2600086804406, "log10_alpha": 0.04141263707654819, "log10_colsample_bytree": -0.7179080413671292, "log10_eta": -1.7461681730418404, "log10_lambda": -3.565992566930756, "log10_min_child_weight": 3.5473082784618475, "log10_subsample": -0.8239669341702754, "max_depth": 9.0, "num_boost_round": 4.0}, "datetime": {"datetime": "2024-01-19 02:12:44", "elapsed": 7245.057915, "delta": 0.006471}}
{"target": -17.676215488880985, "params": {"gamma": 835.2600086804406, "log10_alpha": 0.04141263707654819, "log10_colsample_bytree": -0.7179080413671292, "log10_eta": -1.7461681730418404, "log10_lambda": -3.565992566930756, "log10_min_child_weight": 3.5473082784618475, "log10_subsample": -0.8239669341702754, "max_depth": 9.0, "num_boost_round": 5.0}, "datetime": {"datetime": "2024-01-19 02:12:44", "elapsed": 7245.064448, "delta": 0.006533}}
{"target": -17.676324109253862, "params": {"gamma": 835.2600086804406, "log10_alpha": 0.04141263707654819, "log10_colsample_bytree": -0.7179080413671292, "log10_eta": -1.7461681730418404, "log10_lambda": -3.565992566930756, "log10_min_child_weight": 3.5473082784618475, "log10_subsample": -0.8239669341702754, "max_depth": 9.0, "num_boost_round": 6.0}, "datetime": {"datetime": "2024-01-19 02:12:44", "elapsed": 7245.070944, "delta": 0.006496}}
{"target": -17.676127401025393, "params": {"gamma": 835.2600086804406, "log10_alpha": 0.04141263707654819, "log10_colsample_bytree": -0.7179080413671292, "log10_eta": -1.7461681730418404, "log10_lambda": -3.565992566930756, "log10_min_child_weight": 3.5473082784618475, "log10_subsample": -0.8239669341702754, "max_depth": 9.0, "num_boost_round": 7.0}, "datetime": {"datetime": "2024-01-19 02:12:44", "elapsed": 7245.077426, "delta": 0.006482}}
{"target": -17.67627062664163, "params": {"gamma": 835.2600086804406, "log10_alpha": 0.04141263707654819, "log10_colsample_bytree": -0.7179080413671292, "log10_eta": -1.7461681730418404, "log10_lambda": -3.565992566930756, "log10_min_child_weight": 3.5473082784618475, "log10_subsample": -0.8239669341702754, "max_depth": 9.0, "num_boost_round": 8.0}, "datetime": {"datetime": "2024-01-19 02:12:44", "elapsed": 7245.083963, "delta": 0.006537}}
{"target": -17.67612987150412, "params": {"gamma": 835.2600086804406, "log10_alpha": 0.04141263707654819, "log10_colsample_bytree": -0.7179080413671292, "log10_eta": -1.7461681730418404, "log10_lambda": -3.565992566930756, "log10_min_child_weight": 3.5473082784618475, "log10_subsample": -0.8239669341702754, "max_depth": 9.0, "num_boost_round": 9.0}, "datetime": {"datetime": "2024-01-19 02:12:44", "elapsed": 7245.090511, "delta": 0.006548}}
{"target": -17.675580940345803, "params": {"gamma": 835.2600086804406, "log10_alpha": 0.04141263707654819, "log10_colsample_bytree": -0.7179080413671292, "log10_eta": -1.7461681730418404, "log10_lambda": -3.565992566930756, "log10_min_child_weight": 3.5473082784618475, "log10_subsample": -0.8239669341702754, "max_depth": 9.0, "num_boost_round": 10.0}, "datetime": {"datetime": "2024-01-19 02:12:44", "elapsed": 7245.09675, "delta": 0.006239}}
{"target": -17.675341082339138, "params": {"gamma": 835.2600086804406, "log10_alpha": 0.04141263707654819, "log10_colsample_bytree": -0.7179080413671292, "log10_eta": -1.7461681730418404, "log10_lambda": -3.565992566930756, "log10_min_child_weight": 3.5473082784618475, "log10_subsample": -0.8239669341702754, "max_depth": 9.0, "num_boost_round": 11.0}, "datetime": {"datetime": "2024-01-19 02:12:44", "elapsed": 7245.103304, "delta": 0.006554}}
{"target": -17.677227084463162, "params": {"gamma": 877.6098140018622, "log10_alpha": -1.5913399907218482, "log10_colsample_bytree": -0.6501007495517888, "log10_eta": -3.8216177595152034, "log10_lambda": -3.3907967780648827, "log10_min_child_weight": 0.2682317761476516, "log10_subsample": -0.9915514772353596, "max_depth": 5.0, "num_boost_round": 0.0}, "datetime": {"datetime": "2024-01-19 02:14:20", "elapsed": 7340.858684, "delta": 95.75538}}
{"target": -17.677219198108677, "params": {"gamma": 877.6098140018622, "log10_alpha": -1.5913399907218482, "log10_colsample_bytree": -0.6501007495517888, "log10_eta": -3.8216177595152034, "log10_lambda": -3.3907967780648827, "log10_min_child_weight": 0.2682317761476516, "log10_subsample": -0.9915514772353596, "max_depth": 5.0, "num_boost_round": 1.0}, "datetime": {"datetime": "2024-01-19 02:14:20", "elapsed": 7340.866192, "delta": 0.007508}}
{"target": -17.677214522245094, "params": {"gamma": 877.6098140018622, "log10_alpha": -1.5913399907218482, "log10_colsample_bytree": -0.6501007495517888, "log10_eta": -3.8216177595152034, "log10_lambda": -3.3907967780648827, "log10_min_child_weight": 0.2682317761476516, "log10_subsample": -0.9915514772353596, "max_depth": 5.0, "num_boost_round": 2.0}, "datetime": {"datetime": "2024-01-19 02:14:20", "elapsed": 7340.872634, "delta": 0.006442}}
{"target": -17.677202308327278, "params": {"gamma": 877.6098140018622, "log10_alpha": -1.5913399907218482, "log10_colsample_bytree": -0.6501007495517888, "log10_eta": -3.8216177595152034, "log10_lambda": -3.3907967780648827, "log10_min_child_weight": 0.2682317761476516, "log10_subsample": -0.9915514772353596, "max_depth": 5.0, "num_boost_round": 3.0}, "datetime": {"datetime": "2024-01-19 02:14:20", "elapsed": 7340.879262, "delta": 0.006628}}
{"target": -17.67719456367387, "params": {"gamma": 877.6098140018622, "log10_alpha": -1.5913399907218482, "log10_colsample_bytree": -0.6501007495517888, "log10_eta": -3.8216177595152034, "log10_lambda": -3.3907967780648827, "log10_min_child_weight": 0.2682317761476516, "log10_subsample": -0.9915514772353596, "max_depth": 5.0, "num_boost_round": 4.0}, "datetime": {"datetime": "2024-01-19 02:14:20", "elapsed": 7340.885441, "delta": 0.006179}}
{"target": -17.67719413827542, "params": {"gamma": 877.6098140018622, "log10_alpha": -1.5913399907218482, "log10_colsample_bytree": -0.6501007495517888, "log10_eta": -3.8216177595152034, "log10_lambda": -3.3907967780648827, "log10_min_child_weight": 0.2682317761476516, "log10_subsample": -0.9915514772353596, "max_depth": 5.0, "num_boost_round": 5.0}, "datetime": {"datetime": "2024-01-19 02:14:20", "elapsed": 7340.891686, "delta": 0.006245}}
{"target": -17.67718938492609, "params": {"gamma": 877.6098140018622, "log10_alpha": -1.5913399907218482, "log10_colsample_bytree": -0.6501007495517888, "log10_eta": -3.8216177595152034, "log10_lambda": -3.3907967780648827, "log10_min_child_weight": 0.2682317761476516, "log10_subsample": -0.9915514772353596, "max_depth": 5.0, "num_boost_round": 6.0}, "datetime": {"datetime": "2024-01-19 02:14:20", "elapsed": 7340.898006, "delta": 0.00632}}
{"target": -17.677181141031568, "params": {"gamma": 877.6098140018622, "log10_alpha": -1.5913399907218482, "log10_colsample_bytree": -0.6501007495517888, "log10_eta": -3.8216177595152034, "log10_lambda": -3.3907967780648827, "log10_min_child_weight": 0.2682317761476516, "log10_subsample": -0.9915514772353596, "max_depth": 5.0, "num_boost_round": 7.0}, "datetime": {"datetime": "2024-01-19 02:14:20", "elapsed": 7340.904741, "delta": 0.006735}}
{"target": -17.677173470940915, "params": {"gamma": 877.6098140018622, "log10_alpha": -1.5913399907218482, "log10_colsample_bytree": -0.6501007495517888, "log10_eta": -3.8216177595152034, "log10_lambda": -3.3907967780648827, "log10_min_child_weight": 0.2682317761476516, "log10_subsample": -0.9915514772353596, "max_depth": 5.0, "num_boost_round": 8.0}, "datetime": {"datetime": "2024-01-19 02:14:20", "elapsed": 7340.911099, "delta": 0.006358}}
{"target": -17.67716881777809, "params": {"gamma": 877.6098140018622, "log10_alpha": -1.5913399907218482, "log10_colsample_bytree": -0.6501007495517888, "log10_eta": -3.8216177595152034, "log10_lambda": -3.3907967780648827, "log10_min_child_weight": 0.2682317761476516, "log10_subsample": -0.9915514772353596, "max_depth": 5.0, "num_boost_round": 9.0}, "datetime": {"datetime": "2024-01-19 02:14:20", "elapsed": 7340.917456, "delta": 0.006357}}
{"target": -17.677160369544634, "params": {"gamma": 877.6098140018622, "log10_alpha": -1.5913399907218482, "log10_colsample_bytree": -0.6501007495517888, "log10_eta": -3.8216177595152034, "log10_lambda": -3.3907967780648827, "log10_min_child_weight": 0.2682317761476516, "log10_subsample": -0.9915514772353596, "max_depth": 5.0, "num_boost_round": 10.0}, "datetime": {"datetime": "2024-01-19 02:14:20", "elapsed": 7340.923956, "delta": 0.0065}}
{"target": -17.677158898499123, "params": {"gamma": 877.6098140018622, "log10_alpha": -1.5913399907218482, "log10_colsample_bytree": -0.6501007495517888, "log10_eta": -3.8216177595152034, "log10_lambda": -3.3907967780648827, "log10_min_child_weight": 0.2682317761476516, "log10_subsample": -0.9915514772353596, "max_depth": 5.0, "num_boost_round": 11.0}, "datetime": {"datetime": "2024-01-19 02:14:20", "elapsed": 7340.930431, "delta": 0.006475}}
{"target": -17.67715559437502, "params": {"gamma": 877.6098140018622, "log10_alpha": -1.5913399907218482, "log10_colsample_bytree": -0.6501007495517888, "log10_eta": -3.8216177595152034, "log10_lambda": -3.3907967780648827, "log10_min_child_weight": 0.2682317761476516, "log10_subsample": -0.9915514772353596, "max_depth": 5.0, "num_boost_round": 12.0}, "datetime": {"datetime": "2024-01-19 02:14:20", "elapsed": 7340.936882, "delta": 0.006451}}
{"target": -17.677151256966987, "params": {"gamma": 877.6098140018622, "log10_alpha": -1.5913399907218482, "log10_colsample_bytree": -0.6501007495517888, "log10_eta": -3.8216177595152034, "log10_lambda": -3.3907967780648827, "log10_min_child_weight": 0.2682317761476516, "log10_subsample": -0.9915514772353596, "max_depth": 5.0, "num_boost_round": 13.0}, "datetime": {"datetime": "2024-01-19 02:14:20", "elapsed": 7340.943256, "delta": 0.006374}}
{"target": -17.677150955605402, "params": {"gamma": 877.6098140018622, "log10_alpha": -1.5913399907218482, "log10_colsample_bytree": -0.6501007495517888, "log10_eta": -3.8216177595152034, "log10_lambda": -3.3907967780648827, "log10_min_child_weight": 0.2682317761476516, "log10_subsample": -0.9915514772353596, "max_depth": 5.0, "num_boost_round": 14.0}, "datetime": {"datetime": "2024-01-19 02:14:20", "elapsed": 7340.949722, "delta": 0.006466}}
{"target": -17.67715335111788, "params": {"gamma": 877.6098140018622, "log10_alpha": -1.5913399907218482, "log10_colsample_bytree": -0.6501007495517888, "log10_eta": -3.8216177595152034, "log10_lambda": -3.3907967780648827, "log10_min_child_weight": 0.2682317761476516, "log10_subsample": -0.9915514772353596, "max_depth": 5.0, "num_boost_round": 15.0}, "datetime": {"datetime": "2024-01-19 02:14:20", "elapsed": 7340.956285, "delta": 0.006563}}
{"target": -17.677147069233058, "params": {"gamma": 877.6098140018622, "log10_alpha": -1.5913399907218482, "log10_colsample_bytree": -0.6501007495517888, "log10_eta": -3.8216177595152034, "log10_lambda": -3.3907967780648827, "log10_min_child_weight": 0.2682317761476516, "log10_subsample": -0.9915514772353596, "max_depth": 5.0, "num_boost_round": 16.0}, "datetime": {"datetime": "2024-01-19 02:14:20", "elapsed": 7340.962457, "delta": 0.006172}}
{"target": -17.67713833861099, "params": {"gamma": 877.6098140018622, "log10_alpha": -1.5913399907218482, "log10_colsample_bytree": -0.6501007495517888, "log10_eta": -3.8216177595152034, "log10_lambda": -3.3907967780648827, "log10_min_child_weight": 0.2682317761476516, "log10_subsample": -0.9915514772353596, "max_depth": 5.0, "num_boost_round": 17.0}, "datetime": {"datetime": "2024-01-19 02:14:20", "elapsed": 7340.96877, "delta": 0.006313}}
{"target": -17.67713561307108, "params": {"gamma": 877.6098140018622, "log10_alpha": -1.5913399907218482, "log10_colsample_bytree": -0.6501007495517888, "log10_eta": -3.8216177595152034, "log10_lambda": -3.3907967780648827, "log10_min_child_weight": 0.2682317761476516, "log10_subsample": -0.9915514772353596, "max_depth": 5.0, "num_boost_round": 18.0}, "datetime": {"datetime": "2024-01-19 02:14:20", "elapsed": 7340.976387, "delta": 0.007617}}
{"target": -17.67712217576178, "params": {"gamma": 877.6098140018622, "log10_alpha": -1.5913399907218482, "log10_colsample_bytree": -0.6501007495517888, "log10_eta": -3.8216177595152034, "log10_lambda": -3.3907967780648827, "log10_min_child_weight": 0.2682317761476516, "log10_subsample": -0.9915514772353596, "max_depth": 5.0, "num_boost_round": 19.0}, "datetime": {"datetime": "2024-01-19 02:14:20", "elapsed": 7340.983203, "delta": 0.006816}}
{"target": -17.677115569648446, "params": {"gamma": 877.6098140018622, "log10_alpha": -1.5913399907218482, "log10_colsample_bytree": -0.6501007495517888, "log10_eta": -3.8216177595152034, "log10_lambda": -3.3907967780648827, "log10_min_child_weight": 0.2682317761476516, "log10_subsample": -0.9915514772353596, "max_depth": 5.0, "num_boost_round": 20.0}, "datetime": {"datetime": "2024-01-19 02:14:20", "elapsed": 7340.990112, "delta": 0.006909}}
{"target": -17.67710865275957, "params": {"gamma": 877.6098140018622, "log10_alpha": -1.5913399907218482, "log10_colsample_bytree": -0.6501007495517888, "log10_eta": -3.8216177595152034, "log10_lambda": -3.3907967780648827, "log10_min_child_weight": 0.2682317761476516, "log10_subsample": -0.9915514772353596, "max_depth": 5.0, "num_boost_round": 21.0}, "datetime": {"datetime": "2024-01-19 02:14:20", "elapsed": 7340.996797, "delta": 0.006685}}
{"target": -17.67709725889518, "params": {"gamma": 877.6098140018622, "log10_alpha": -1.5913399907218482, "log10_colsample_bytree": -0.6501007495517888, "log10_eta": -3.8216177595152034, "log10_lambda": -3.3907967780648827, "log10_min_child_weight": 0.2682317761476516, "log10_subsample": -0.9915514772353596, "max_depth": 5.0, "num_boost_round": 22.0}, "datetime": {"datetime": "2024-01-19 02:14:20", "elapsed": 7341.003232, "delta": 0.006435}}
{"target": -17.67708655461188, "params": {"gamma": 877.6098140018622, "log10_alpha": -1.5913399907218482, "log10_colsample_bytree": -0.6501007495517888, "log10_eta": -3.8216177595152034, "log10_lambda": -3.3907967780648827, "log10_min_child_weight": 0.2682317761476516, "log10_subsample": -0.9915514772353596, "max_depth": 5.0, "num_boost_round": 23.0}, "datetime": {"datetime": "2024-01-19 02:14:20", "elapsed": 7341.009573, "delta": 0.006341}}
{"target": -17.677084488159906, "params": {"gamma": 877.6098140018622, "log10_alpha": -1.5913399907218482, "log10_colsample_bytree": -0.6501007495517888, "log10_eta": -3.8216177595152034, "log10_lambda": -3.3907967780648827, "log10_min_child_weight": 0.2682317761476516, "log10_subsample": -0.9915514772353596, "max_depth": 5.0, "num_boost_round": 24.0}, "datetime": {"datetime": "2024-01-19 02:14:20", "elapsed": 7341.016049, "delta": 0.006476}}
{"target": -17.677075845686094, "params": {"gamma": 877.6098140018622, "log10_alpha": -1.5913399907218482, "log10_colsample_bytree": -0.6501007495517888, "log10_eta": -3.8216177595152034, "log10_lambda": -3.3907967780648827, "log10_min_child_weight": 0.2682317761476516, "log10_subsample": -0.9915514772353596, "max_depth": 5.0, "num_boost_round": 25.0}, "datetime": {"datetime": "2024-01-19 02:14:20", "elapsed": 7341.022751, "delta": 0.006702}}
{"target": -17.67706167364239, "params": {"gamma": 877.6098140018622, "log10_alpha": -1.5913399907218482, "log10_colsample_bytree": -0.6501007495517888, "log10_eta": -3.8216177595152034, "log10_lambda": -3.3907967780648827, "log10_min_child_weight": 0.2682317761476516, "log10_subsample": -0.9915514772353596, "max_depth": 5.0, "num_boost_round": 26.0}, "datetime": {"datetime": "2024-01-19 02:14:20", "elapsed": 7341.029288, "delta": 0.006537}}
{"target": -17.677059355228863, "params": {"gamma": 877.6098140018622, "log10_alpha": -1.5913399907218482, "log10_colsample_bytree": -0.6501007495517888, "log10_eta": -3.8216177595152034, "log10_lambda": -3.3907967780648827, "log10_min_child_weight": 0.2682317761476516, "log10_subsample": -0.9915514772353596, "max_depth": 5.0, "num_boost_round": 27.0}, "datetime": {"datetime": "2024-01-19 02:14:20", "elapsed": 7341.035995, "delta": 0.006707}}
{"target": -17.677049827529014, "params": {"gamma": 877.6098140018622, "log10_alpha": -1.5913399907218482, "log10_colsample_bytree": -0.6501007495517888, "log10_eta": -3.8216177595152034, "log10_lambda": -3.3907967780648827, "log10_min_child_weight": 0.2682317761476516, "log10_subsample": -0.9915514772353596, "max_depth": 5.0, "num_boost_round": 28.0}, "datetime": {"datetime": "2024-01-19 02:14:20", "elapsed": 7341.042261, "delta": 0.006266}}
{"target": -17.677044834517037, "params": {"gamma": 877.6098140018622, "log10_alpha": -1.5913399907218482, "log10_colsample_bytree": -0.6501007495517888, "log10_eta": -3.8216177595152034, "log10_lambda": -3.3907967780648827, "log10_min_child_weight": 0.2682317761476516, "log10_subsample": -0.9915514772353596, "max_depth": 5.0, "num_boost_round": 29.0}, "datetime": {"datetime": "2024-01-19 02:14:20", "elapsed": 7341.048581, "delta": 0.00632}}
{"target": -17.677039262808073, "params": {"gamma": 877.6098140018622, "log10_alpha": -1.5913399907218482, "log10_colsample_bytree": -0.6501007495517888, "log10_eta": -3.8216177595152034, "log10_lambda": -3.3907967780648827, "log10_min_child_weight": 0.2682317761476516, "log10_subsample": -0.9915514772353596, "max_depth": 5.0, "num_boost_round": 30.0}, "datetime": {"datetime": "2024-01-19 02:14:20", "elapsed": 7341.055016, "delta": 0.006435}}
{"target": -17.677028367375712, "params": {"gamma": 877.6098140018622, "log10_alpha": -1.5913399907218482, "log10_colsample_bytree": -0.6501007495517888, "log10_eta": -3.8216177595152034, "log10_lambda": -3.3907967780648827, "log10_min_child_weight": 0.2682317761476516, "log10_subsample": -0.9915514772353596, "max_depth": 5.0, "num_boost_round": 31.0}, "datetime": {"datetime": "2024-01-19 02:14:20", "elapsed": 7341.061367, "delta": 0.006351}}
{"target": -17.677021163045527, "params": {"gamma": 877.6098140018622, "log10_alpha": -1.5913399907218482, "log10_colsample_bytree": -0.6501007495517888, "log10_eta": -3.8216177595152034, "log10_lambda": -3.3907967780648827, "log10_min_child_weight": 0.2682317761476516, "log10_subsample": -0.9915514772353596, "max_depth": 5.0, "num_boost_round": 32.0}, "datetime": {"datetime": "2024-01-19 02:14:20", "elapsed": 7341.067716, "delta": 0.006349}}
{"target": -17.677010442402832, "params": {"gamma": 877.6098140018622, "log10_alpha": -1.5913399907218482, "log10_colsample_bytree": -0.6501007495517888, "log10_eta": -3.8216177595152034, "log10_lambda": -3.3907967780648827, "log10_min_child_weight": 0.2682317761476516, "log10_subsample": -0.9915514772353596, "max_depth": 5.0, "num_boost_round": 33.0}, "datetime": {"datetime": "2024-01-19 02:14:20", "elapsed": 7341.074249, "delta": 0.006533}}
{"target": -17.677002391890934, "params": {"gamma": 877.6098140018622, "log10_alpha": -1.5913399907218482, "log10_colsample_bytree": -0.6501007495517888, "log10_eta": -3.8216177595152034, "log10_lambda": -3.3907967780648827, "log10_min_child_weight": 0.2682317761476516, "log10_subsample": -0.9915514772353596, "max_depth": 5.0, "num_boost_round": 34.0}, "datetime": {"datetime": "2024-01-19 02:14:20", "elapsed": 7341.080682, "delta": 0.006433}}
{"target": -17.676998875112748, "params": {"gamma": 877.6098140018622, "log10_alpha": -1.5913399907218482, "log10_colsample_bytree": -0.6501007495517888, "log10_eta": -3.8216177595152034, "log10_lambda": -3.3907967780648827, "log10_min_child_weight": 0.2682317761476516, "log10_subsample": -0.9915514772353596, "max_depth": 5.0, "num_boost_round": 35.0}, "datetime": {"datetime": "2024-01-19 02:14:20", "elapsed": 7341.087107, "delta": 0.006425}}
{"target": -17.676993525450932, "params": {"gamma": 877.6098140018622, "log10_alpha": -1.5913399907218482, "log10_colsample_bytree": -0.6501007495517888, "log10_eta": -3.8216177595152034, "log10_lambda": -3.3907967780648827, "log10_min_child_weight": 0.2682317761476516, "log10_subsample": -0.9915514772353596, "max_depth": 5.0, "num_boost_round": 36.0}, "datetime": {"datetime": "2024-01-19 02:14:20", "elapsed": 7341.093593, "delta": 0.006486}}
