{"target": -13.758530904937194, "params": {"gamma": 878.7803360018513, "log10_alpha": 0.033482647397139687, "log10_colsample_bytree": -0.654030005883911, "log10_eta": -3.778793235042849, "log10_lambda": -1.1891509799478817, "log10_min_child_weight": 4.773190784743722, "log10_subsample": -0.23096081103014943, "max_depth": 8.0, "num_boost_round": 15.0}, "datetime": {"datetime": "2024-01-19 00:29:25", "elapsed": 1069.517855, "delta": 0.001856}}
{"target": -13.758530188175982, "params": {"gamma": 878.7803360018513, "log10_alpha": 0.033482647397139687, "log10_colsample_bytree": -0.654030005883911, "log10_eta": -3.778793235042849, "log10_lambda": -1.1891509799478817, "log10_min_child_weight": 4.773190784743722, "log10_subsample": -0.23096081103014943, "max_depth": 8.0, "num_boost_round": 16.0}, "datetime": {"datetime": "2024-01-19 00:29:25", "elapsed": 1069.519715, "delta": 0.00186}}
{"target": -13.758530098331256, "params": {"gamma": 878.7803360018513, "log10_alpha": 0.033482647397139687, "log10_colsample_bytree": -0.654030005883911, "log10_eta": -3.778793235042849, "log10_lambda": -1.1891509799478817, "log10_min_child_weight": 4.773190784743722, "log10_subsample": -0.23096081103014943, "max_depth": 8.0, "num_boost_round": 17.0}, "datetime": {"datetime": "2024-01-19 00:29:25", "elapsed": 1069.521555, "delta": 0.00184}}
{"target": -13.758528458808746, "params": {"gamma": 878.7803360018513, "log10_alpha": 0.033482647397139687, "log10_colsample_bytree": -0.654030005883911, "log10_eta": -3.778793235042849, "log10_lambda": -1.1891509799478817, "log10_min_child_weight": 4.773190784743722, "log10_subsample": -0.23096081103014943, "max_depth": 8.0, "num_boost_round": 18.0}, "datetime": {"datetime": "2024-01-19 00:29:25", "elapsed": 1069.523395, "delta": 0.00184}}
{"target": -13.758527698579984, "params": {"gamma": 878.7803360018513, "log10_alpha": 0.033482647397139687, "log10_colsample_bytree": -0.654030005883911, "log10_eta": -3.778793235042849, "log10_lambda": -1.1891509799478817, "log10_min_child_weight": 4.773190784743722, "log10_subsample": -0.23096081103014943, "max_depth": 8.0, "num_boost_round": 19.0}, "datetime": {"datetime": "2024-01-19 00:29:25", "elapsed": 1069.525251, "delta": 0.001856}}
{"target": -13.758549632326819, "params": {"gamma": 883.6129365775053, "log10_alpha": -1.6559236167234674, "log10_colsample_bytree": -0.17498914755732153, "log10_eta": -2.8309517696154014, "log10_lambda": 0.5448477022931675, "log10_min_child_weight": 0.4295810703857722, "log10_subsample": -0.8025260497266529, "max_depth": 9.0, "num_boost_round": 0.0}, "datetime": {"datetime": "2024-01-19 00:30:08", "elapsed": 1113.060583, "delta": 43.535332}}
{"target": -13.758470846204721, "params": {"gamma": 883.6129365775053, "log10_alpha": -1.6559236167234674, "log10_colsample_bytree": -0.17498914755732153, "log10_eta": -2.8309517696154014, "log10_lambda": 0.5448477022931675, "log10_min_child_weight": 0.4295810703857722, "log10_subsample": -0.8025260497266529, "max_depth": 9.0, "num_boost_round": 1.0}, "datetime": {"datetime": "2024-01-19 00:30:08", "elapsed": 1113.062661, "delta": 0.002078}}
{"target": -13.758387735133963, "params": {"gamma": 883.6129365775053, "log10_alpha": -1.6559236167234674, "log10_colsample_bytree": -0.17498914755732153, "log10_eta": -2.8309517696154014, "log10_lambda": 0.5448477022931675, "log10_min_child_weight": 0.4295810703857722, "log10_subsample": -0.8025260497266529, "max_depth": 9.0, "num_boost_round": 2.0}, "datetime": {"datetime": "2024-01-19 00:30:08", "elapsed": 1113.064703, "delta": 0.002042}}
{"target": -13.758305029334323, "params": {"gamma": 883.6129365775053, "log10_alpha": -1.6559236167234674, "log10_colsample_bytree": -0.17498914755732153, "log10_eta": -2.8309517696154014, "log10_lambda": 0.5448477022931675, "log10_min_child_weight": 0.4295810703857722, "log10_subsample": -0.8025260497266529, "max_depth": 9.0, "num_boost_round": 3.0}, "datetime": {"datetime": "2024-01-19 00:30:08", "elapsed": 1113.06664, "delta": 0.001937}}
{"target": -13.758192152943302, "params": {"gamma": 883.6129365775053, "log10_alpha": -1.6559236167234674, "log10_colsample_bytree": -0.17498914755732153, "log10_eta": -2.8309517696154014, "log10_lambda": 0.5448477022931675, "log10_min_child_weight": 0.4295810703857722, "log10_subsample": -0.8025260497266529, "max_depth": 9.0, "num_boost_round": 4.0}, "datetime": {"datetime": "2024-01-19 00:30:08", "elapsed": 1113.068547, "delta": 0.001907}}
{"target": -13.758114195974334, "params": {"gamma": 883.6129365775053, "log10_alpha": -1.6559236167234674, "log10_colsample_bytree": -0.17498914755732153, "log10_eta": -2.8309517696154014, "log10_lambda": 0.5448477022931675, "log10_min_child_weight": 0.4295810703857722, "log10_subsample": -0.8025260497266529, "max_depth": 9.0, "num_boost_round": 5.0}, "datetime": {"datetime": "2024-01-19 00:30:08", "elapsed": 1113.07046, "delta": 0.001913}}
{"target": -13.758119833360048, "params": {"gamma": 883.6129365775053, "log10_alpha": -1.6559236167234674, "log10_colsample_bytree": -0.17498914755732153, "log10_eta": -2.8309517696154014, "log10_lambda": 0.5448477022931675, "log10_min_child_weight": 0.4295810703857722, "log10_subsample": -0.8025260497266529, "max_depth": 9.0, "num_boost_round": 6.0}, "datetime": {"datetime": "2024-01-19 00:30:08", "elapsed": 1113.07252, "delta": 0.00206}}
{"target": -13.758078653521418, "params": {"gamma": 883.6129365775053, "log10_alpha": -1.6559236167234674, "log10_colsample_bytree": -0.17498914755732153, "log10_eta": -2.8309517696154014, "log10_lambda": 0.5448477022931675, "log10_min_child_weight": 0.4295810703857722, "log10_subsample": -0.8025260497266529, "max_depth": 9.0, "num_boost_round": 7.0}, "datetime": {"datetime": "2024-01-19 00:30:08", "elapsed": 1113.074403, "delta": 0.001883}}
{"target": -13.758112000776066, "params": {"gamma": 883.6129365775053, "log10_alpha": -1.6559236167234674, "log10_colsample_bytree": -0.17498914755732153, "log10_eta": -2.8309517696154014, "log10_lambda": 0.5448477022931675, "log10_min_child_weight": 0.4295810703857722, "log10_subsample": -0.8025260497266529, "max_depth": 9.0, "num_boost_round": 8.0}, "datetime": {"datetime": "2024-01-19 00:30:08", "elapsed": 1113.076326, "delta": 0.001923}}
{"target": -13.758080653170623, "params": {"gamma": 883.6129365775053, "log10_alpha": -1.6559236167234674, "log10_colsample_bytree": -0.17498914755732153, "log10_eta": -2.8309517696154014, "log10_lambda": 0.5448477022931675, "log10_min_child_weight": 0.4295810703857722, "log10_subsample": -0.8025260497266529, "max_depth": 9.0, "num_boost_round": 9.0}, "datetime": {"datetime": "2024-01-19 00:30:08", "elapsed": 1113.078217, "delta": 0.001891}}
{"target": -13.758136476594899, "params": {"gamma": 883.6129365775053, "log10_alpha": -1.6559236167234674, "log10_colsample_bytree": -0.17498914755732153, "log10_eta": -2.8309517696154014, "log10_lambda": 0.5448477022931675, "log10_min_child_weight": 0.4295810703857722, "log10_subsample": -0.8025260497266529, "max_depth": 9.0, "num_boost_round": 10.0}, "datetime": {"datetime": "2024-01-19 00:30:08", "elapsed": 1113.080106, "delta": 0.001889}}
{"target": -13.758061962703577, "params": {"gamma": 883.6129365775053, "log10_alpha": -1.6559236167234674, "log10_colsample_bytree": -0.17498914755732153, "log10_eta": -2.8309517696154014, "log10_lambda": 0.5448477022931675, "log10_min_child_weight": 0.4295810703857722, "log10_subsample": -0.8025260497266529, "max_depth": 9.0, "num_boost_round": 11.0}, "datetime": {"datetime": "2024-01-19 00:30:08", "elapsed": 1113.081987, "delta": 0.001881}}
{"target": -13.758086367553826, "params": {"gamma": 883.6129365775053, "log10_alpha": -1.6559236167234674, "log10_colsample_bytree": -0.17498914755732153, "log10_eta": -2.8309517696154014, "log10_lambda": 0.5448477022931675, "log10_min_child_weight": 0.4295810703857722, "log10_subsample": -0.8025260497266529, "max_depth": 9.0, "num_boost_round": 12.0}, "datetime": {"datetime": "2024-01-19 00:30:08", "elapsed": 1113.083907, "delta": 0.00192}}
{"target": -13.758085165399438, "params": {"gamma": 883.6129365775053, "log10_alpha": -1.6559236167234674, "log10_colsample_bytree": -0.17498914755732153, "log10_eta": -2.8309517696154014, "log10_lambda": 0.5448477022931675, "log10_min_child_weight": 0.4295810703857722, "log10_subsample": -0.8025260497266529, "max_depth": 9.0, "num_boost_round": 13.0}, "datetime": {"datetime": "2024-01-19 00:30:08", "elapsed": 1113.085783, "delta": 0.001876}}
{"target": -13.758043770609644, "params": {"gamma": 883.6129365775053, "log10_alpha": -1.6559236167234674, "log10_colsample_bytree": -0.17498914755732153, "log10_eta": -2.8309517696154014, "log10_lambda": 0.5448477022931675, "log10_min_child_weight": 0.4295810703857722, "log10_subsample": -0.8025260497266529, "max_depth": 9.0, "num_boost_round": 14.0}, "datetime": {"datetime": "2024-01-19 00:30:08", "elapsed": 1113.087688, "delta": 0.001905}}
{"target": -13.757979697816193, "params": {"gamma": 883.6129365775053, "log10_alpha": -1.6559236167234674, "log10_colsample_bytree": -0.17498914755732153, "log10_eta": -2.8309517696154014, "log10_lambda": 0.5448477022931675, "log10_min_child_weight": 0.4295810703857722, "log10_subsample": -0.8025260497266529, "max_depth": 9.0, "num_boost_round": 15.0}, "datetime": {"datetime": "2024-01-19 00:30:08", "elapsed": 1113.089574, "delta": 0.001886}}
{"target": -13.757880883008644, "params": {"gamma": 883.6129365775053, "log10_alpha": -1.6559236167234674, "log10_colsample_bytree": -0.17498914755732153, "log10_eta": -2.8309517696154014, "log10_lambda": 0.5448477022931675, "log10_min_child_weight": 0.4295810703857722, "log10_subsample": -0.8025260497266529, "max_depth": 9.0, "num_boost_round": 16.0}, "datetime": {"datetime": "2024-01-19 00:30:08", "elapsed": 1113.091637, "delta": 0.002063}}
{"target": -13.75794596687141, "params": {"gamma": 883.6129365775053, "log10_alpha": -1.6559236167234674, "log10_colsample_bytree": -0.17498914755732153, "log10_eta": -2.8309517696154014, "log10_lambda": 0.5448477022931675, "log10_min_child_weight": 0.4295810703857722, "log10_subsample": -0.8025260497266529, "max_depth": 9.0, "num_boost_round": 17.0}, "datetime": {"datetime": "2024-01-19 00:30:08", "elapsed": 1113.093597, "delta": 0.00196}}
{"target": -13.75793164432704, "params": {"gamma": 883.6129365775053, "log10_alpha": -1.6559236167234674, "log10_colsample_bytree": -0.17498914755732153, "log10_eta": -2.8309517696154014, "log10_lambda": 0.5448477022931675, "log10_min_child_weight": 0.4295810703857722, "log10_subsample": -0.8025260497266529, "max_depth": 9.0, "num_boost_round": 18.0}, "datetime": {"datetime": "2024-01-19 00:30:08", "elapsed": 1113.095482, "delta": 0.001885}}
{"target": -13.75793325222778, "params": {"gamma": 883.6129365775053, "log10_alpha": -1.6559236167234674, "log10_colsample_bytree": -0.17498914755732153, "log10_eta": -2.8309517696154014, "log10_lambda": 0.5448477022931675, "log10_min_child_weight": 0.4295810703857722, "log10_subsample": -0.8025260497266529, "max_depth": 9.0, "num_boost_round": 19.0}, "datetime": {"datetime": "2024-01-19 00:30:08", "elapsed": 1113.097358, "delta": 0.001876}}
{"target": -13.757964795161394, "params": {"gamma": 883.6129365775053, "log10_alpha": -1.6559236167234674, "log10_colsample_bytree": -0.17498914755732153, "log10_eta": -2.8309517696154014, "log10_lambda": 0.5448477022931675, "log10_min_child_weight": 0.4295810703857722, "log10_subsample": -0.8025260497266529, "max_depth": 9.0, "num_boost_round": 20.0}, "datetime": {"datetime": "2024-01-19 00:30:08", "elapsed": 1113.099267, "delta": 0.001909}}
{"target": -13.75786991179445, "params": {"gamma": 883.6129365775053, "log10_alpha": -1.6559236167234674, "log10_colsample_bytree": -0.17498914755732153, "log10_eta": -2.8309517696154014, "log10_lambda": 0.5448477022931675, "log10_min_child_weight": 0.4295810703857722, "log10_subsample": -0.8025260497266529, "max_depth": 9.0, "num_boost_round": 21.0}, "datetime": {"datetime": "2024-01-19 00:30:08", "elapsed": 1113.101148, "delta": 0.001881}}
{"target": -13.757842400147391, "params": {"gamma": 883.6129365775053, "log10_alpha": -1.6559236167234674, "log10_colsample_bytree": -0.17498914755732153, "log10_eta": -2.8309517696154014, "log10_lambda": 0.5448477022931675, "log10_min_child_weight": 0.4295810703857722, "log10_subsample": -0.8025260497266529, "max_depth": 9.0, "num_boost_round": 22.0}, "datetime": {"datetime": "2024-01-19 00:30:08", "elapsed": 1113.103023, "delta": 0.001875}}
{"target": -13.757891424523322, "params": {"gamma": 883.6129365775053, "log10_alpha": -1.6559236167234674, "log10_colsample_bytree": -0.17498914755732153, "log10_eta": -2.8309517696154014, "log10_lambda": 0.5448477022931675, "log10_min_child_weight": 0.4295810703857722, "log10_subsample": -0.8025260497266529, "max_depth": 9.0, "num_boost_round": 23.0}, "datetime": {"datetime": "2024-01-19 00:30:08", "elapsed": 1113.104896, "delta": 0.001873}}
{"target": -13.757851644453968, "params": {"gamma": 883.6129365775053, "log10_alpha": -1.6559236167234674, "log10_colsample_bytree": -0.17498914755732153, "log10_eta": -2.8309517696154014, "log10_lambda": 0.5448477022931675, "log10_min_child_weight": 0.4295810703857722, "log10_subsample": -0.8025260497266529, "max_depth": 9.0, "num_boost_round": 24.0}, "datetime": {"datetime": "2024-01-19 00:30:08", "elapsed": 1113.10679, "delta": 0.001894}}
{"target": -13.757832293717106, "params": {"gamma": 883.6129365775053, "log10_alpha": -1.6559236167234674, "log10_colsample_bytree": -0.17498914755732153, "log10_eta": -2.8309517696154014, "log10_lambda": 0.5448477022931675, "log10_min_child_weight": 0.4295810703857722, "log10_subsample": -0.8025260497266529, "max_depth": 9.0, "num_boost_round": 25.0}, "datetime": {"datetime": "2024-01-19 00:30:08", "elapsed": 1113.199869, "delta": 0.093079}}
{"target": -13.757892862582917, "params": {"gamma": 883.6129365775053, "log10_alpha": -1.6559236167234674, "log10_colsample_bytree": -0.17498914755732153, "log10_eta": -2.8309517696154014, "log10_lambda": 0.5448477022931675, "log10_min_child_weight": 0.4295810703857722, "log10_subsample": -0.8025260497266529, "max_depth": 9.0, "num_boost_round": 26.0}, "datetime": {"datetime": "2024-01-19 00:30:08", "elapsed": 1113.202224, "delta": 0.002355}}
{"target": -13.757886050136259, "params": {"gamma": 883.6129365775053, "log10_alpha": -1.6559236167234674, "log10_colsample_bytree": -0.17498914755732153, "log10_eta": -2.8309517696154014, "log10_lambda": 0.5448477022931675, "log10_min_child_weight": 0.4295810703857722, "log10_subsample": -0.8025260497266529, "max_depth": 9.0, "num_boost_round": 27.0}, "datetime": {"datetime": "2024-01-19 00:30:08", "elapsed": 1113.204295, "delta": 0.002071}}
{"target": -13.757806802425561, "params": {"gamma": 883.6129365775053, "log10_alpha": -1.6559236167234674, "log10_colsample_bytree": -0.17498914755732153, "log10_eta": -2.8309517696154014, "log10_lambda": 0.5448477022931675, "log10_min_child_weight": 0.4295810703857722, "log10_subsample": -0.8025260497266529, "max_depth": 9.0, "num_boost_round": 28.0}, "datetime": {"datetime": "2024-01-19 00:30:08", "elapsed": 1113.206427, "delta": 0.002132}}
{"target": -13.757743838444828, "params": {"gamma": 883.6129365775053, "log10_alpha": -1.6559236167234674, "log10_colsample_bytree": -0.17498914755732153, "log10_eta": -2.8309517696154014, "log10_lambda": 0.5448477022931675, "log10_min_child_weight": 0.4295810703857722, "log10_subsample": -0.8025260497266529, "max_depth": 9.0, "num_boost_round": 29.0}, "datetime": {"datetime": "2024-01-19 00:30:08", "elapsed": 1113.208476, "delta": 0.002049}}
{"target": -13.757763272514186, "params": {"gamma": 883.6129365775053, "log10_alpha": -1.6559236167234674, "log10_colsample_bytree": -0.17498914755732153, "log10_eta": -2.8309517696154014, "log10_lambda": 0.5448477022931675, "log10_min_child_weight": 0.4295810703857722, "log10_subsample": -0.8025260497266529, "max_depth": 9.0, "num_boost_round": 30.0}, "datetime": {"datetime": "2024-01-19 00:30:08", "elapsed": 1113.210514, "delta": 0.002038}}
{"target": -13.757632352278716, "params": {"gamma": 883.6129365775053, "log10_alpha": -1.6559236167234674, "log10_colsample_bytree": -0.17498914755732153, "log10_eta": -2.8309517696154014, "log10_lambda": 0.5448477022931675, "log10_min_child_weight": 0.4295810703857722, "log10_subsample": -0.8025260497266529, "max_depth": 9.0, "num_boost_round": 31.0}, "datetime": {"datetime": "2024-01-19 00:30:08", "elapsed": 1113.212592, "delta": 0.002078}}
{"target": -13.757667194987508, "params": {"gamma": 883.6129365775053, "log10_alpha": -1.6559236167234674, "log10_colsample_bytree": -0.17498914755732153, "log10_eta": -2.8309517696154014, "log10_lambda": 0.5448477022931675, "log10_min_child_weight": 0.4295810703857722, "log10_subsample": -0.8025260497266529, "max_depth": 9.0, "num_boost_round": 32.0}, "datetime": {"datetime": "2024-01-19 00:30:08", "elapsed": 1113.214578, "delta": 0.001986}}
{"target": -13.757661262562749, "params": {"gamma": 883.6129365775053, "log10_alpha": -1.6559236167234674, "log10_colsample_bytree": -0.17498914755732153, "log10_eta": -2.8309517696154014, "log10_lambda": 0.5448477022931675, "log10_min_child_weight": 0.4295810703857722, "log10_subsample": -0.8025260497266529, "max_depth": 9.0, "num_boost_round": 33.0}, "datetime": {"datetime": "2024-01-19 00:30:08", "elapsed": 1113.216562, "delta": 0.001984}}
{"target": -13.757588614318317, "params": {"gamma": 883.6129365775053, "log10_alpha": -1.6559236167234674, "log10_colsample_bytree": -0.17498914755732153, "log10_eta": -2.8309517696154014, "log10_lambda": 0.5448477022931675, "log10_min_child_weight": 0.4295810703857722, "log10_subsample": -0.8025260497266529, "max_depth": 9.0, "num_boost_round": 34.0}, "datetime": {"datetime": "2024-01-19 00:30:08", "elapsed": 1113.218536, "delta": 0.001974}}
{"target": -13.757535124388212, "params": {"gamma": 883.6129365775053, "log10_alpha": -1.6559236167234674, "log10_colsample_bytree": -0.17498914755732153, "log10_eta": -2.8309517696154014, "log10_lambda": 0.5448477022931675, "log10_min_child_weight": 0.4295810703857722, "log10_subsample": -0.8025260497266529, "max_depth": 9.0, "num_boost_round": 35.0}, "datetime": {"datetime": "2024-01-19 00:30:08", "elapsed": 1113.220522, "delta": 0.001986}}
{"target": -13.757553153972667, "params": {"gamma": 883.6129365775053, "log10_alpha": -1.6559236167234674, "log10_colsample_bytree": -0.17498914755732153, "log10_eta": -2.8309517696154014, "log10_lambda": 0.5448477022931675, "log10_min_child_weight": 0.4295810703857722, "log10_subsample": -0.8025260497266529, "max_depth": 9.0, "num_boost_round": 36.0}, "datetime": {"datetime": "2024-01-19 00:30:08", "elapsed": 1113.222493, "delta": 0.001971}}
{"target": -13.757584364332468, "params": {"gamma": 883.6129365775053, "log10_alpha": -1.6559236167234674, "log10_colsample_bytree": -0.17498914755732153, "log10_eta": -2.8309517696154014, "log10_lambda": 0.5448477022931675, "log10_min_child_weight": 0.4295810703857722, "log10_subsample": -0.8025260497266529, "max_depth": 9.0, "num_boost_round": 37.0}, "datetime": {"datetime": "2024-01-19 00:30:08", "elapsed": 1113.224469, "delta": 0.001976}}
{"target": -13.757572100169364, "params": {"gamma": 883.6129365775053, "log10_alpha": -1.6559236167234674, "log10_colsample_bytree": -0.17498914755732153, "log10_eta": -2.8309517696154014, "log10_lambda": 0.5448477022931675, "log10_min_child_weight": 0.4295810703857722, "log10_subsample": -0.8025260497266529, "max_depth": 9.0, "num_boost_round": 38.0}, "datetime": {"datetime": "2024-01-19 00:30:08", "elapsed": 1113.226443, "delta": 0.001974}}
{"target": -13.757478363882507, "params": {"gamma": 883.6129365775053, "log10_alpha": -1.6559236167234674, "log10_colsample_bytree": -0.17498914755732153, "log10_eta": -2.8309517696154014, "log10_lambda": 0.5448477022931675, "log10_min_child_weight": 0.4295810703857722, "log10_subsample": -0.8025260497266529, "max_depth": 9.0, "num_boost_round": 39.0}, "datetime": {"datetime": "2024-01-19 00:30:08", "elapsed": 1113.228428, "delta": 0.001985}}
{"target": -13.757495958464135, "params": {"gamma": 883.6129365775053, "log10_alpha": -1.6559236167234674, "log10_colsample_bytree": -0.17498914755732153, "log10_eta": -2.8309517696154014, "log10_lambda": 0.5448477022931675, "log10_min_child_weight": 0.4295810703857722, "log10_subsample": -0.8025260497266529, "max_depth": 9.0, "num_boost_round": 40.0}, "datetime": {"datetime": "2024-01-19 00:30:08", "elapsed": 1113.230415, "delta": 0.001987}}
{"target": -13.757491837824979, "params": {"gamma": 883.6129365775053, "log10_alpha": -1.6559236167234674, "log10_colsample_bytree": -0.17498914755732153, "log10_eta": -2.8309517696154014, "log10_lambda": 0.5448477022931675, "log10_min_child_weight": 0.4295810703857722, "log10_subsample": -0.8025260497266529, "max_depth": 9.0, "num_boost_round": 41.0}, "datetime": {"datetime": "2024-01-19 00:30:08", "elapsed": 1113.232589, "delta": 0.002174}}
{"target": -13.75853092162108, "params": {"gamma": 876.4368711934192, "log10_alpha": -1.12738436483443, "log10_colsample_bytree": -0.7627809687820973, "log10_eta": -3.792781375646465, "log10_lambda": -1.8456194754831072, "log10_min_child_weight": 0.16928939510803098, "log10_subsample": -0.18200226619787152, "max_depth": 6.0, "num_boost_round": 0.0}, "datetime": {"datetime": "2024-01-19 00:30:31", "elapsed": 1136.005183, "delta": 22.772594}}
{"target": -13.758529807325967, "params": {"gamma": 876.4368711934192, "log10_alpha": -1.12738436483443, "log10_colsample_bytree": -0.7627809687820973, "log10_eta": -3.792781375646465, "log10_lambda": -1.8456194754831072, "log10_min_child_weight": 0.16928939510803098, "log10_subsample": -0.18200226619787152, "max_depth": 6.0, "num_boost_round": 1.0}, "datetime": {"datetime": "2024-01-19 00:30:31", "elapsed": 1136.007505, "delta": 0.002322}}
