{"target": -13.758515313473655, "params": {"gamma": 45.66450152092727, "log10_alpha": -1.2068077519145266, "log10_colsample_bytree": -0.5579422911262529, "log10_eta": -3.8531064741730776, "log10_lambda": 0.1697733759494735, "log10_min_child_weight": 3.40299851854158, "log10_subsample": -0.21221148773726972, "max_depth": 9.0, "num_boost_round": 8.0}, "datetime": {"datetime": "2024-01-19 00:59:33", "elapsed": 2881.553923, "delta": 0.002833}}
{"target": -13.758512443708787, "params": {"gamma": 45.66450152092727, "log10_alpha": -1.2068077519145266, "log10_colsample_bytree": -0.5579422911262529, "log10_eta": -3.8531064741730776, "log10_lambda": 0.1697733759494735, "log10_min_child_weight": 3.40299851854158, "log10_subsample": -0.21221148773726972, "max_depth": 9.0, "num_boost_round": 9.0}, "datetime": {"datetime": "2024-01-19 00:59:33", "elapsed": 2881.556696, "delta": 0.002773}}
{"target": -13.758510403971286, "params": {"gamma": 45.66450152092727, "log10_alpha": -1.2068077519145266, "log10_colsample_bytree": -0.5579422911262529, "log10_eta": -3.8531064741730776, "log10_lambda": 0.1697733759494735, "log10_min_child_weight": 3.40299851854158, "log10_subsample": -0.21221148773726972, "max_depth": 9.0, "num_boost_round": 10.0}, "datetime": {"datetime": "2024-01-19 00:59:33", "elapsed": 2881.559445, "delta": 0.002749}}
{"target": -13.758511544828327, "params": {"gamma": 45.66450152092727, "log10_alpha": -1.2068077519145266, "log10_colsample_bytree": -0.5579422911262529, "log10_eta": -3.8531064741730776, "log10_lambda": 0.1697733759494735, "log10_min_child_weight": 3.40299851854158, "log10_subsample": -0.21221148773726972, "max_depth": 9.0, "num_boost_round": 11.0}, "datetime": {"datetime": "2024-01-19 00:59:33", "elapsed": 2881.562198, "delta": 0.002753}}
{"target": -13.758509951125179, "params": {"gamma": 45.66450152092727, "log10_alpha": -1.2068077519145266, "log10_colsample_bytree": -0.5579422911262529, "log10_eta": -3.8531064741730776, "log10_lambda": 0.1697733759494735, "log10_min_child_weight": 3.40299851854158, "log10_subsample": -0.21221148773726972, "max_depth": 9.0, "num_boost_round": 12.0}, "datetime": {"datetime": "2024-01-19 00:59:33", "elapsed": 2881.564975, "delta": 0.002777}}
{"target": -13.758510311675805, "params": {"gamma": 45.66450152092727, "log10_alpha": -1.2068077519145266, "log10_colsample_bytree": -0.5579422911262529, "log10_eta": -3.8531064741730776, "log10_lambda": 0.1697733759494735, "log10_min_child_weight": 3.40299851854158, "log10_subsample": -0.21221148773726972, "max_depth": 9.0, "num_boost_round": 13.0}, "datetime": {"datetime": "2024-01-19 00:59:33", "elapsed": 2881.567839, "delta": 0.002864}}
{"target": -13.758509643244206, "params": {"gamma": 45.66450152092727, "log10_alpha": -1.2068077519145266, "log10_colsample_bytree": -0.5579422911262529, "log10_eta": -3.8531064741730776, "log10_lambda": 0.1697733759494735, "log10_min_child_weight": 3.40299851854158, "log10_subsample": -0.21221148773726972, "max_depth": 9.0, "num_boost_round": 14.0}, "datetime": {"datetime": "2024-01-19 00:59:33", "elapsed": 2881.570686, "delta": 0.002847}}
{"target": -13.758503217520484, "params": {"gamma": 45.66450152092727, "log10_alpha": -1.2068077519145266, "log10_colsample_bytree": -0.5579422911262529, "log10_eta": -3.8531064741730776, "log10_lambda": 0.1697733759494735, "log10_min_child_weight": 3.40299851854158, "log10_subsample": -0.21221148773726972, "max_depth": 9.0, "num_boost_round": 15.0}, "datetime": {"datetime": "2024-01-19 00:59:33", "elapsed": 2881.573471, "delta": 0.002785}}
{"target": -13.758502398751322, "params": {"gamma": 45.66450152092727, "log10_alpha": -1.2068077519145266, "log10_colsample_bytree": -0.5579422911262529, "log10_eta": -3.8531064741730776, "log10_lambda": 0.1697733759494735, "log10_min_child_weight": 3.40299851854158, "log10_subsample": -0.21221148773726972, "max_depth": 9.0, "num_boost_round": 16.0}, "datetime": {"datetime": "2024-01-19 00:59:33", "elapsed": 2881.57627, "delta": 0.002799}}
{"target": -13.758506388092977, "params": {"gamma": 45.66450152092727, "log10_alpha": -1.2068077519145266, "log10_colsample_bytree": -0.5579422911262529, "log10_eta": -3.8531064741730776, "log10_lambda": 0.1697733759494735, "log10_min_child_weight": 3.40299851854158, "log10_subsample": -0.21221148773726972, "max_depth": 9.0, "num_boost_round": 17.0}, "datetime": {"datetime": "2024-01-19 00:59:33", "elapsed": 2881.579187, "delta": 0.002917}}
{"target": -13.758504203632636, "params": {"gamma": 45.66450152092727, "log10_alpha": -1.2068077519145266, "log10_colsample_bytree": -0.5579422911262529, "log10_eta": -3.8531064741730776, "log10_lambda": 0.1697733759494735, "log10_min_child_weight": 3.40299851854158, "log10_subsample": -0.21221148773726972, "max_depth": 9.0, "num_boost_round": 18.0}, "datetime": {"datetime": "2024-01-19 00:59:33", "elapsed": 2881.58205, "delta": 0.002863}}
{"target": -13.758500467203035, "params": {"gamma": 45.66450152092727, "log10_alpha": -1.2068077519145266, "log10_colsample_bytree": -0.5579422911262529, "log10_eta": -3.8531064741730776, "log10_lambda": 0.1697733759494735, "log10_min_child_weight": 3.40299851854158, "log10_subsample": -0.21221148773726972, "max_depth": 9.0, "num_boost_round": 19.0}, "datetime": {"datetime": "2024-01-19 00:59:33", "elapsed": 2881.584881, "delta": 0.002831}}
{"target": -13.758496710947831, "params": {"gamma": 45.66450152092727, "log10_alpha": -1.2068077519145266, "log10_colsample_bytree": -0.5579422911262529, "log10_eta": -3.8531064741730776, "log10_lambda": 0.1697733759494735, "log10_min_child_weight": 3.40299851854158, "log10_subsample": -0.21221148773726972, "max_depth": 9.0, "num_boost_round": 20.0}, "datetime": {"datetime": "2024-01-19 00:59:33", "elapsed": 2881.587637, "delta": 0.002756}}
{"target": -13.758496406911537, "params": {"gamma": 45.66450152092727, "log10_alpha": -1.2068077519145266, "log10_colsample_bytree": -0.5579422911262529, "log10_eta": -3.8531064741730776, "log10_lambda": 0.1697733759494735, "log10_min_child_weight": 3.40299851854158, "log10_subsample": -0.21221148773726972, "max_depth": 9.0, "num_boost_round": 21.0}, "datetime": {"datetime": "2024-01-19 00:59:33", "elapsed": 2881.590394, "delta": 0.002757}}
{"target": -13.75849277704622, "params": {"gamma": 45.66450152092727, "log10_alpha": -1.2068077519145266, "log10_colsample_bytree": -0.5579422911262529, "log10_eta": -3.8531064741730776, "log10_lambda": 0.1697733759494735, "log10_min_child_weight": 3.40299851854158, "log10_subsample": -0.21221148773726972, "max_depth": 9.0, "num_boost_round": 22.0}, "datetime": {"datetime": "2024-01-19 00:59:33", "elapsed": 2881.593177, "delta": 0.002783}}
{"target": -13.758487577497847, "params": {"gamma": 45.66450152092727, "log10_alpha": -1.2068077519145266, "log10_colsample_bytree": -0.5579422911262529, "log10_eta": -3.8531064741730776, "log10_lambda": 0.1697733759494735, "log10_min_child_weight": 3.40299851854158, "log10_subsample": -0.21221148773726972, "max_depth": 9.0, "num_boost_round": 23.0}, "datetime": {"datetime": "2024-01-19 00:59:33", "elapsed": 2881.595937, "delta": 0.00276}}
{"target": -13.758487252690058, "params": {"gamma": 45.66450152092727, "log10_alpha": -1.2068077519145266, "log10_colsample_bytree": -0.5579422911262529, "log10_eta": -3.8531064741730776, "log10_lambda": 0.1697733759494735, "log10_min_child_weight": 3.40299851854158, "log10_subsample": -0.21221148773726972, "max_depth": 9.0, "num_boost_round": 24.0}, "datetime": {"datetime": "2024-01-19 00:59:33", "elapsed": 2881.598761, "delta": 0.002824}}
{"target": -13.758485092586147, "params": {"gamma": 45.66450152092727, "log10_alpha": -1.2068077519145266, "log10_colsample_bytree": -0.5579422911262529, "log10_eta": -3.8531064741730776, "log10_lambda": 0.1697733759494735, "log10_min_child_weight": 3.40299851854158, "log10_subsample": -0.21221148773726972, "max_depth": 9.0, "num_boost_round": 25.0}, "datetime": {"datetime": "2024-01-19 00:59:33", "elapsed": 2881.601557, "delta": 0.002796}}
{"target": -13.758485729970733, "params": {"gamma": 45.66450152092727, "log10_alpha": -1.2068077519145266, "log10_colsample_bytree": -0.5579422911262529, "log10_eta": -3.8531064741730776, "log10_lambda": 0.1697733759494735, "log10_min_child_weight": 3.40299851854158, "log10_subsample": -0.21221148773726972, "max_depth": 9.0, "num_boost_round": 26.0}, "datetime": {"datetime": "2024-01-19 00:59:33", "elapsed": 2881.604311, "delta": 0.002754}}
{"target": -13.758481120213844, "params": {"gamma": 45.66450152092727, "log10_alpha": -1.2068077519145266, "log10_colsample_bytree": -0.5579422911262529, "log10_eta": -3.8531064741730776, "log10_lambda": 0.1697733759494735, "log10_min_child_weight": 3.40299851854158, "log10_subsample": -0.21221148773726972, "max_depth": 9.0, "num_boost_round": 27.0}, "datetime": {"datetime": "2024-01-19 00:59:33", "elapsed": 2881.607132, "delta": 0.002821}}
{"target": -13.758478654987654, "params": {"gamma": 45.66450152092727, "log10_alpha": -1.2068077519145266, "log10_colsample_bytree": -0.5579422911262529, "log10_eta": -3.8531064741730776, "log10_lambda": 0.1697733759494735, "log10_min_child_weight": 3.40299851854158, "log10_subsample": -0.21221148773726972, "max_depth": 9.0, "num_boost_round": 28.0}, "datetime": {"datetime": "2024-01-19 00:59:33", "elapsed": 2881.609927, "delta": 0.002795}}
{"target": -13.758500483857341, "params": {"gamma": 42.30119976327562, "log10_alpha": 0.9360990744456554, "log10_colsample_bytree": -0.12255031333103394, "log10_eta": -2.480092611490607, "log10_lambda": 0.8648525798473194, "log10_min_child_weight": 3.8287416462427535, "log10_subsample": -0.1466523690851943, "max_depth": 2.0, "num_boost_round": 0.0}, "datetime": {"datetime": "2024-01-19 01:00:10", "elapsed": 2918.402864, "delta": 36.792937}}
{"target": -13.758464571343778, "params": {"gamma": 42.30119976327562, "log10_alpha": 0.9360990744456554, "log10_colsample_bytree": -0.12255031333103394, "log10_eta": -2.480092611490607, "log10_lambda": 0.8648525798473194, "log10_min_child_weight": 3.8287416462427535, "log10_subsample": -0.1466523690851943, "max_depth": 2.0, "num_boost_round": 1.0}, "datetime": {"datetime": "2024-01-19 01:00:10", "elapsed": 2918.406161, "delta": 0.003297}}
{"target": -13.758430340920999, "params": {"gamma": 42.30119976327562, "log10_alpha": 0.9360990744456554, "log10_colsample_bytree": -0.12255031333103394, "log10_eta": -2.480092611490607, "log10_lambda": 0.8648525798473194, "log10_min_child_weight": 3.8287416462427535, "log10_subsample": -0.1466523690851943, "max_depth": 2.0, "num_boost_round": 2.0}, "datetime": {"datetime": "2024-01-19 01:00:10", "elapsed": 2918.409495, "delta": 0.003334}}
{"target": -13.758423591840105, "params": {"gamma": 42.30119976327562, "log10_alpha": 0.9360990744456554, "log10_colsample_bytree": -0.12255031333103394, "log10_eta": -2.480092611490607, "log10_lambda": 0.8648525798473194, "log10_min_child_weight": 3.8287416462427535, "log10_subsample": -0.1466523690851943, "max_depth": 2.0, "num_boost_round": 3.0}, "datetime": {"datetime": "2024-01-19 01:00:10", "elapsed": 2918.412359, "delta": 0.002864}}
{"target": -13.758383208578563, "params": {"gamma": 42.30119976327562, "log10_alpha": 0.9360990744456554, "log10_colsample_bytree": -0.12255031333103394, "log10_eta": -2.480092611490607, "log10_lambda": 0.8648525798473194, "log10_min_child_weight": 3.8287416462427535, "log10_subsample": -0.1466523690851943, "max_depth": 2.0, "num_boost_round": 4.0}, "datetime": {"datetime": "2024-01-19 01:00:10", "elapsed": 2918.415167, "delta": 0.002808}}
{"target": -13.758350026143939, "params": {"gamma": 42.30119976327562, "log10_alpha": 0.9360990744456554, "log10_colsample_bytree": -0.12255031333103394, "log10_eta": -2.480092611490607, "log10_lambda": 0.8648525798473194, "log10_min_child_weight": 3.8287416462427535, "log10_subsample": -0.1466523690851943, "max_depth": 2.0, "num_boost_round": 5.0}, "datetime": {"datetime": "2024-01-19 01:00:10", "elapsed": 2918.418007, "delta": 0.00284}}
{"target": -13.758318870092564, "params": {"gamma": 42.30119976327562, "log10_alpha": 0.9360990744456554, "log10_colsample_bytree": -0.12255031333103394, "log10_eta": -2.480092611490607, "log10_lambda": 0.8648525798473194, "log10_min_child_weight": 3.8287416462427535, "log10_subsample": -0.1466523690851943, "max_depth": 2.0, "num_boost_round": 6.0}, "datetime": {"datetime": "2024-01-19 01:00:10", "elapsed": 2918.420845, "delta": 0.002838}}
{"target": -13.758289386902753, "params": {"gamma": 42.30119976327562, "log10_alpha": 0.9360990744456554, "log10_colsample_bytree": -0.12255031333103394, "log10_eta": -2.480092611490607, "log10_lambda": 0.8648525798473194, "log10_min_child_weight": 3.8287416462427535, "log10_subsample": -0.1466523690851943, "max_depth": 2.0, "num_boost_round": 7.0}, "datetime": {"datetime": "2024-01-19 01:00:10", "elapsed": 2918.423687, "delta": 0.002842}}
{"target": -13.75825938958473, "params": {"gamma": 42.30119976327562, "log10_alpha": 0.9360990744456554, "log10_colsample_bytree": -0.12255031333103394, "log10_eta": -2.480092611490607, "log10_lambda": 0.8648525798473194, "log10_min_child_weight": 3.8287416462427535, "log10_subsample": -0.1466523690851943, "max_depth": 2.0, "num_boost_round": 8.0}, "datetime": {"datetime": "2024-01-19 01:00:10", "elapsed": 2918.426481, "delta": 0.002794}}
{"target": -13.758231391296235, "params": {"gamma": 42.30119976327562, "log10_alpha": 0.9360990744456554, "log10_colsample_bytree": -0.12255031333103394, "log10_eta": -2.480092611490607, "log10_lambda": 0.8648525798473194, "log10_min_child_weight": 3.8287416462427535, "log10_subsample": -0.1466523690851943, "max_depth": 2.0, "num_boost_round": 9.0}, "datetime": {"datetime": "2024-01-19 01:00:10", "elapsed": 2918.429366, "delta": 0.002885}}
{"target": -13.758203686944293, "params": {"gamma": 42.30119976327562, "log10_alpha": 0.9360990744456554, "log10_colsample_bytree": -0.12255031333103394, "log10_eta": -2.480092611490607, "log10_lambda": 0.8648525798473194, "log10_min_child_weight": 3.8287416462427535, "log10_subsample": -0.1466523690851943, "max_depth": 2.0, "num_boost_round": 10.0}, "datetime": {"datetime": "2024-01-19 01:00:10", "elapsed": 2918.432178, "delta": 0.002812}}
{"target": -13.758177665336246, "params": {"gamma": 42.30119976327562, "log10_alpha": 0.9360990744456554, "log10_colsample_bytree": -0.12255031333103394, "log10_eta": -2.480092611490607, "log10_lambda": 0.8648525798473194, "log10_min_child_weight": 3.8287416462427535, "log10_subsample": -0.1466523690851943, "max_depth": 2.0, "num_boost_round": 11.0}, "datetime": {"datetime": "2024-01-19 01:00:10", "elapsed": 2918.43496, "delta": 0.002782}}
{"target": -13.758151779310786, "params": {"gamma": 42.30119976327562, "log10_alpha": 0.9360990744456554, "log10_colsample_bytree": -0.12255031333103394, "log10_eta": -2.480092611490607, "log10_lambda": 0.8648525798473194, "log10_min_child_weight": 3.8287416462427535, "log10_subsample": -0.1466523690851943, "max_depth": 2.0, "num_boost_round": 12.0}, "datetime": {"datetime": "2024-01-19 01:00:10", "elapsed": 2918.437804, "delta": 0.002844}}
{"target": -13.758127174609248, "params": {"gamma": 42.30119976327562, "log10_alpha": 0.9360990744456554, "log10_colsample_bytree": -0.12255031333103394, "log10_eta": -2.480092611490607, "log10_lambda": 0.8648525798473194, "log10_min_child_weight": 3.8287416462427535, "log10_subsample": -0.1466523690851943, "max_depth": 2.0, "num_boost_round": 13.0}, "datetime": {"datetime": "2024-01-19 01:00:10", "elapsed": 2918.440584, "delta": 0.00278}}
{"target": -13.758103123750391, "params": {"gamma": 42.30119976327562, "log10_alpha": 0.9360990744456554, "log10_colsample_bytree": -0.12255031333103394, "log10_eta": -2.480092611490607, "log10_lambda": 0.8648525798473194, "log10_min_child_weight": 3.8287416462427535, "log10_subsample": -0.1466523690851943, "max_depth": 2.0, "num_boost_round": 14.0}, "datetime": {"datetime": "2024-01-19 01:00:10", "elapsed": 2918.443406, "delta": 0.002822}}
{"target": -13.758080855335548, "params": {"gamma": 42.30119976327562, "log10_alpha": 0.9360990744456554, "log10_colsample_bytree": -0.12255031333103394, "log10_eta": -2.480092611490607, "log10_lambda": 0.8648525798473194, "log10_min_child_weight": 3.8287416462427535, "log10_subsample": -0.1466523690851943, "max_depth": 2.0, "num_boost_round": 15.0}, "datetime": {"datetime": "2024-01-19 01:00:10", "elapsed": 2918.446214, "delta": 0.002808}}
{"target": -13.75805192352183, "params": {"gamma": 42.30119976327562, "log10_alpha": 0.9360990744456554, "log10_colsample_bytree": -0.12255031333103394, "log10_eta": -2.480092611490607, "log10_lambda": 0.8648525798473194, "log10_min_child_weight": 3.8287416462427535, "log10_subsample": -0.1466523690851943, "max_depth": 2.0, "num_boost_round": 16.0}, "datetime": {"datetime": "2024-01-19 01:00:10", "elapsed": 2918.449131, "delta": 0.002917}}
{"target": -13.758047903870521, "params": {"gamma": 42.30119976327562, "log10_alpha": 0.9360990744456554, "log10_colsample_bytree": -0.12255031333103394, "log10_eta": -2.480092611490607, "log10_lambda": 0.8648525798473194, "log10_min_child_weight": 3.8287416462427535, "log10_subsample": -0.1466523690851943, "max_depth": 2.0, "num_boost_round": 17.0}, "datetime": {"datetime": "2024-01-19 01:00:10", "elapsed": 2918.451908, "delta": 0.002777}}
{"target": -13.758049103873985, "params": {"gamma": 42.30119976327562, "log10_alpha": 0.9360990744456554, "log10_colsample_bytree": -0.12255031333103394, "log10_eta": -2.480092611490607, "log10_lambda": 0.8648525798473194, "log10_min_child_weight": 3.8287416462427535, "log10_subsample": -0.1466523690851943, "max_depth": 2.0, "num_boost_round": 18.0}, "datetime": {"datetime": "2024-01-19 01:00:10", "elapsed": 2918.454744, "delta": 0.002836}}
{"target": -13.758027608674116, "params": {"gamma": 42.30119976327562, "log10_alpha": 0.9360990744456554, "log10_colsample_bytree": -0.12255031333103394, "log10_eta": -2.480092611490607, "log10_lambda": 0.8648525798473194, "log10_min_child_weight": 3.8287416462427535, "log10_subsample": -0.1466523690851943, "max_depth": 2.0, "num_boost_round": 19.0}, "datetime": {"datetime": "2024-01-19 01:00:10", "elapsed": 2918.457597, "delta": 0.002853}}
{"target": -13.758007211542227, "params": {"gamma": 42.30119976327562, "log10_alpha": 0.9360990744456554, "log10_colsample_bytree": -0.12255031333103394, "log10_eta": -2.480092611490607, "log10_lambda": 0.8648525798473194, "log10_min_child_weight": 3.8287416462427535, "log10_subsample": -0.1466523690851943, "max_depth": 2.0, "num_boost_round": 20.0}, "datetime": {"datetime": "2024-01-19 01:00:10", "elapsed": 2918.460431, "delta": 0.002834}}
{"target": -13.758010191214927, "params": {"gamma": 42.30119976327562, "log10_alpha": 0.9360990744456554, "log10_colsample_bytree": -0.12255031333103394, "log10_eta": -2.480092611490607, "log10_lambda": 0.8648525798473194, "log10_min_child_weight": 3.8287416462427535, "log10_subsample": -0.1466523690851943, "max_depth": 2.0, "num_boost_round": 21.0}, "datetime": {"datetime": "2024-01-19 01:00:10", "elapsed": 2918.463271, "delta": 0.00284}}
{"target": -13.75799111793739, "params": {"gamma": 42.30119976327562, "log10_alpha": 0.9360990744456554, "log10_colsample_bytree": -0.12255031333103394, "log10_eta": -2.480092611490607, "log10_lambda": 0.8648525798473194, "log10_min_child_weight": 3.8287416462427535, "log10_subsample": -0.1466523690851943, "max_depth": 2.0, "num_boost_round": 22.0}, "datetime": {"datetime": "2024-01-19 01:00:10", "elapsed": 2918.466084, "delta": 0.002813}}
{"target": -13.757979006418498, "params": {"gamma": 42.30119976327562, "log10_alpha": 0.9360990744456554, "log10_colsample_bytree": -0.12255031333103394, "log10_eta": -2.480092611490607, "log10_lambda": 0.8648525798473194, "log10_min_child_weight": 3.8287416462427535, "log10_subsample": -0.1466523690851943, "max_depth": 2.0, "num_boost_round": 23.0}, "datetime": {"datetime": "2024-01-19 01:00:10", "elapsed": 2918.469019, "delta": 0.002935}}
{"target": -13.75796207238395, "params": {"gamma": 42.30119976327562, "log10_alpha": 0.9360990744456554, "log10_colsample_bytree": -0.12255031333103394, "log10_eta": -2.480092611490607, "log10_lambda": 0.8648525798473194, "log10_min_child_weight": 3.8287416462427535, "log10_subsample": -0.1466523690851943, "max_depth": 2.0, "num_boost_round": 24.0}, "datetime": {"datetime": "2024-01-19 01:00:10", "elapsed": 2918.471803, "delta": 0.002784}}
{"target": -13.757969864603016, "params": {"gamma": 42.30119976327562, "log10_alpha": 0.9360990744456554, "log10_colsample_bytree": -0.12255031333103394, "log10_eta": -2.480092611490607, "log10_lambda": 0.8648525798473194, "log10_min_child_weight": 3.8287416462427535, "log10_subsample": -0.1466523690851943, "max_depth": 2.0, "num_boost_round": 25.0}, "datetime": {"datetime": "2024-01-19 01:00:10", "elapsed": 2918.47459, "delta": 0.002787}}
{"target": -13.758432524400009, "params": {"gamma": 49.94985387707529, "log10_alpha": -4.893929659565824, "log10_colsample_bytree": -0.029269715925583584, "log10_eta": -1.3551430731612237, "log10_lambda": -0.06566419307474369, "log10_min_child_weight": 2.6801555887070365, "log10_subsample": -0.5078692283859545, "max_depth": 4.0, "num_boost_round": 0.0}, "datetime": {"datetime": "2024-01-19 01:00:37", "elapsed": 2945.67099, "delta": 27.1964}}
{"target": -13.75826013247659, "params": {"gamma": 49.94985387707529, "log10_alpha": -4.893929659565824, "log10_colsample_bytree": -0.029269715925583584, "log10_eta": -1.3551430731612237, "log10_lambda": -0.06566419307474369, "log10_min_child_weight": 2.6801555887070365, "log10_subsample": -0.5078692283859545, "max_depth": 4.0, "num_boost_round": 1.0}, "datetime": {"datetime": "2024-01-19 01:00:37", "elapsed": 2945.674684, "delta": 0.003694}}
