{"target": -13.758538313344593, "params": {"gamma": 475.6097973020522, "log10_alpha": -1.250043870903884, "log10_colsample_bytree": 0.0, "log10_eta": -4.0, "log10_lambda": 1.0, "log10_min_child_weight": 5.0, "log10_subsample": -1.0, "max_depth": 2.0, "num_boost_round": 4.0}, "datetime": {"datetime": "2024-01-19 00:56:56", "elapsed": 2720.702274, "delta": 0.003985}}
{"target": -13.75853830950181, "params": {"gamma": 475.6097973020522, "log10_alpha": -1.250043870903884, "log10_colsample_bytree": 0.0, "log10_eta": -4.0, "log10_lambda": 1.0, "log10_min_child_weight": 5.0, "log10_subsample": -1.0, "max_depth": 2.0, "num_boost_round": 5.0}, "datetime": {"datetime": "2024-01-19 00:56:56", "elapsed": 2720.706068, "delta": 0.003794}}
{"target": -13.758538345231205, "params": {"gamma": 475.6097973020522, "log10_alpha": -1.250043870903884, "log10_colsample_bytree": 0.0, "log10_eta": -4.0, "log10_lambda": 1.0, "log10_min_child_weight": 5.0, "log10_subsample": -1.0, "max_depth": 2.0, "num_boost_round": 6.0}, "datetime": {"datetime": "2024-01-19 00:56:56", "elapsed": 2720.70983, "delta": 0.003762}}
{"target": -13.758538320549057, "params": {"gamma": 475.6097973020522, "log10_alpha": -1.250043870903884, "log10_colsample_bytree": 0.0, "log10_eta": -4.0, "log10_lambda": 1.0, "log10_min_child_weight": 5.0, "log10_subsample": -1.0, "max_depth": 2.0, "num_boost_round": 7.0}, "datetime": {"datetime": "2024-01-19 00:56:56", "elapsed": 2720.71386, "delta": 0.00403}}
{"target": -13.758538318185785, "params": {"gamma": 475.6097973020522, "log10_alpha": -1.250043870903884, "log10_colsample_bytree": 0.0, "log10_eta": -4.0, "log10_lambda": 1.0, "log10_min_child_weight": 5.0, "log10_subsample": -1.0, "max_depth": 2.0, "num_boost_round": 8.0}, "datetime": {"datetime": "2024-01-19 00:56:56", "elapsed": 2720.717794, "delta": 0.003934}}
{"target": -13.758538315990036, "params": {"gamma": 475.6097973020522, "log10_alpha": -1.250043870903884, "log10_colsample_bytree": 0.0, "log10_eta": -4.0, "log10_lambda": 1.0, "log10_min_child_weight": 5.0, "log10_subsample": -1.0, "max_depth": 2.0, "num_boost_round": 9.0}, "datetime": {"datetime": "2024-01-19 00:56:56", "elapsed": 2720.721592, "delta": 0.003798}}
{"target": -13.758538335838441, "params": {"gamma": 475.6097973020522, "log10_alpha": -1.250043870903884, "log10_colsample_bytree": 0.0, "log10_eta": -4.0, "log10_lambda": 1.0, "log10_min_child_weight": 5.0, "log10_subsample": -1.0, "max_depth": 2.0, "num_boost_round": 10.0}, "datetime": {"datetime": "2024-01-19 00:56:56", "elapsed": 2720.725363, "delta": 0.003771}}
{"target": -13.758538343801634, "params": {"gamma": 475.6097973020522, "log10_alpha": -1.250043870903884, "log10_colsample_bytree": 0.0, "log10_eta": -4.0, "log10_lambda": 1.0, "log10_min_child_weight": 5.0, "log10_subsample": -1.0, "max_depth": 2.0, "num_boost_round": 11.0}, "datetime": {"datetime": "2024-01-19 00:56:56", "elapsed": 2720.732967, "delta": 0.007604}}
{"target": -13.75853833908276, "params": {"gamma": 475.6097973020522, "log10_alpha": -1.250043870903884, "log10_colsample_bytree": 0.0, "log10_eta": -4.0, "log10_lambda": 1.0, "log10_min_child_weight": 5.0, "log10_subsample": -1.0, "max_depth": 2.0, "num_boost_round": 12.0}, "datetime": {"datetime": "2024-01-19 00:56:56", "elapsed": 2720.736877, "delta": 0.00391}}
{"target": -13.758538343658465, "params": {"gamma": 475.6097973020522, "log10_alpha": -1.250043870903884, "log10_colsample_bytree": 0.0, "log10_eta": -4.0, "log10_lambda": 1.0, "log10_min_child_weight": 5.0, "log10_subsample": -1.0, "max_depth": 2.0, "num_boost_round": 13.0}, "datetime": {"datetime": "2024-01-19 00:56:56", "elapsed": 2720.740606, "delta": 0.003729}}
{"target": -13.758538334872174, "params": {"gamma": 475.6097973020522, "log10_alpha": -1.250043870903884, "log10_colsample_bytree": 0.0, "log10_eta": -4.0, "log10_lambda": 1.0, "log10_min_child_weight": 5.0, "log10_subsample": -1.0, "max_depth": 2.0, "num_boost_round": 14.0}, "datetime": {"datetime": "2024-01-19 00:56:56", "elapsed": 2720.744393, "delta": 0.003787}}
{"target": -13.758538316250444, "params": {"gamma": 475.6097973020522, "log10_alpha": -1.250043870903884, "log10_colsample_bytree": 0.0, "log10_eta": -4.0, "log10_lambda": 1.0, "log10_min_child_weight": 5.0, "log10_subsample": -1.0, "max_depth": 2.0, "num_boost_round": 15.0}, "datetime": {"datetime": "2024-01-19 00:56:56", "elapsed": 2720.748136, "delta": 0.003743}}
{"target": -13.75853831539423, "params": {"gamma": 475.6097973020522, "log10_alpha": -1.250043870903884, "log10_colsample_bytree": 0.0, "log10_eta": -4.0, "log10_lambda": 1.0, "log10_min_child_weight": 5.0, "log10_subsample": -1.0, "max_depth": 2.0, "num_boost_round": 16.0}, "datetime": {"datetime": "2024-01-19 00:56:56", "elapsed": 2720.751928, "delta": 0.003792}}
{"target": -13.75853831074172, "params": {"gamma": 475.6097973020522, "log10_alpha": -1.250043870903884, "log10_colsample_bytree": 0.0, "log10_eta": -4.0, "log10_lambda": 1.0, "log10_min_child_weight": 5.0, "log10_subsample": -1.0, "max_depth": 2.0, "num_boost_round": 17.0}, "datetime": {"datetime": "2024-01-19 00:56:56", "elapsed": 2720.755754, "delta": 0.003826}}
{"target": -13.758538339085046, "params": {"gamma": 475.6097973020522, "log10_alpha": -1.250043870903884, "log10_colsample_bytree": 0.0, "log10_eta": -4.0, "log10_lambda": 1.0, "log10_min_child_weight": 5.0, "log10_subsample": -1.0, "max_depth": 2.0, "num_boost_round": 18.0}, "datetime": {"datetime": "2024-01-19 00:56:56", "elapsed": 2720.759509, "delta": 0.003755}}
{"target": -13.758538320721934, "params": {"gamma": 475.6097973020522, "log10_alpha": -1.250043870903884, "log10_colsample_bytree": 0.0, "log10_eta": -4.0, "log10_lambda": 1.0, "log10_min_child_weight": 5.0, "log10_subsample": -1.0, "max_depth": 2.0, "num_boost_round": 19.0}, "datetime": {"datetime": "2024-01-19 00:56:56", "elapsed": 2720.763296, "delta": 0.003787}}
{"target": -13.758538317556242, "params": {"gamma": 475.6097973020522, "log10_alpha": -1.250043870903884, "log10_colsample_bytree": 0.0, "log10_eta": -4.0, "log10_lambda": 1.0, "log10_min_child_weight": 5.0, "log10_subsample": -1.0, "max_depth": 2.0, "num_boost_round": 20.0}, "datetime": {"datetime": "2024-01-19 00:56:56", "elapsed": 2720.767075, "delta": 0.003779}}
{"target": -13.758538316307247, "params": {"gamma": 475.6097973020522, "log10_alpha": -1.250043870903884, "log10_colsample_bytree": 0.0, "log10_eta": -4.0, "log10_lambda": 1.0, "log10_min_child_weight": 5.0, "log10_subsample": -1.0, "max_depth": 2.0, "num_boost_round": 21.0}, "datetime": {"datetime": "2024-01-19 00:56:56", "elapsed": 2720.770872, "delta": 0.003797}}
{"target": -13.758538345009931, "params": {"gamma": 475.6097973020522, "log10_alpha": -1.250043870903884, "log10_colsample_bytree": 0.0, "log10_eta": -4.0, "log10_lambda": 1.0, "log10_min_child_weight": 5.0, "log10_subsample": -1.0, "max_depth": 2.0, "num_boost_round": 22.0}, "datetime": {"datetime": "2024-01-19 00:56:56", "elapsed": 2720.774632, "delta": 0.00376}}
{"target": -13.758538334835714, "params": {"gamma": 475.6097973020522, "log10_alpha": -1.250043870903884, "log10_colsample_bytree": 0.0, "log10_eta": -4.0, "log10_lambda": 1.0, "log10_min_child_weight": 5.0, "log10_subsample": -1.0, "max_depth": 2.0, "num_boost_round": 23.0}, "datetime": {"datetime": "2024-01-19 00:56:56", "elapsed": 2720.778627, "delta": 0.003995}}
{"target": -13.758538341103554, "params": {"gamma": 475.6097973020522, "log10_alpha": -1.250043870903884, "log10_colsample_bytree": 0.0, "log10_eta": -4.0, "log10_lambda": 1.0, "log10_min_child_weight": 5.0, "log10_subsample": -1.0, "max_depth": 2.0, "num_boost_round": 24.0}, "datetime": {"datetime": "2024-01-19 00:56:56", "elapsed": 2720.78259, "delta": 0.003963}}
{"target": -13.75853831785951, "params": {"gamma": 475.6097973020522, "log10_alpha": -1.250043870903884, "log10_colsample_bytree": 0.0, "log10_eta": -4.0, "log10_lambda": 1.0, "log10_min_child_weight": 5.0, "log10_subsample": -1.0, "max_depth": 2.0, "num_boost_round": 25.0}, "datetime": {"datetime": "2024-01-19 00:56:56", "elapsed": 2720.786472, "delta": 0.003882}}
{"target": -13.758538324190402, "params": {"gamma": 475.6097973020522, "log10_alpha": -1.250043870903884, "log10_colsample_bytree": 0.0, "log10_eta": -4.0, "log10_lambda": 1.0, "log10_min_child_weight": 5.0, "log10_subsample": -1.0, "max_depth": 2.0, "num_boost_round": 26.0}, "datetime": {"datetime": "2024-01-19 00:56:56", "elapsed": 2720.790277, "delta": 0.003805}}
{"target": -13.75853834134573, "params": {"gamma": 475.6097973020522, "log10_alpha": -1.250043870903884, "log10_colsample_bytree": 0.0, "log10_eta": -4.0, "log10_lambda": 1.0, "log10_min_child_weight": 5.0, "log10_subsample": -1.0, "max_depth": 2.0, "num_boost_round": 27.0}, "datetime": {"datetime": "2024-01-19 00:56:56", "elapsed": 2720.794031, "delta": 0.003754}}
{"target": -13.758538321167704, "params": {"gamma": 475.6097973020522, "log10_alpha": -1.250043870903884, "log10_colsample_bytree": 0.0, "log10_eta": -4.0, "log10_lambda": 1.0, "log10_min_child_weight": 5.0, "log10_subsample": -1.0, "max_depth": 2.0, "num_boost_round": 28.0}, "datetime": {"datetime": "2024-01-19 00:56:56", "elapsed": 2720.797863, "delta": 0.003832}}
{"target": -13.75851047551067, "params": {"gamma": 495.64482538881174, "log10_alpha": -0.5011489106526863, "log10_colsample_bytree": -0.026614164821259112, "log10_eta": -2.6091071748612373, "log10_lambda": -1.3649639409891674, "log10_min_child_weight": 2.8667295128339236, "log10_subsample": -0.8472458948331452, "max_depth": 2.0, "num_boost_round": 0.0}, "datetime": {"datetime": "2024-01-19 00:58:00", "elapsed": 2784.774505, "delta": 63.976642}}
{"target": -13.758460618158269, "params": {"gamma": 495.64482538881174, "log10_alpha": -0.5011489106526863, "log10_colsample_bytree": -0.026614164821259112, "log10_eta": -2.6091071748612373, "log10_lambda": -1.3649639409891674, "log10_min_child_weight": 2.8667295128339236, "log10_subsample": -0.8472458948331452, "max_depth": 2.0, "num_boost_round": 1.0}, "datetime": {"datetime": "2024-01-19 00:58:00", "elapsed": 2784.779044, "delta": 0.004539}}
{"target": -13.758415001355194, "params": {"gamma": 495.64482538881174, "log10_alpha": -0.5011489106526863, "log10_colsample_bytree": -0.026614164821259112, "log10_eta": -2.6091071748612373, "log10_lambda": -1.3649639409891674, "log10_min_child_weight": 2.8667295128339236, "log10_subsample": -0.8472458948331452, "max_depth": 2.0, "num_boost_round": 2.0}, "datetime": {"datetime": "2024-01-19 00:58:00", "elapsed": 2784.783084, "delta": 0.00404}}
{"target": -13.758374376244708, "params": {"gamma": 495.64482538881174, "log10_alpha": -0.5011489106526863, "log10_colsample_bytree": -0.026614164821259112, "log10_eta": -2.6091071748612373, "log10_lambda": -1.3649639409891674, "log10_min_child_weight": 2.8667295128339236, "log10_subsample": -0.8472458948331452, "max_depth": 2.0, "num_boost_round": 3.0}, "datetime": {"datetime": "2024-01-19 00:58:00", "elapsed": 2784.786875, "delta": 0.003791}}
{"target": -13.758369000359485, "params": {"gamma": 495.64482538881174, "log10_alpha": -0.5011489106526863, "log10_colsample_bytree": -0.026614164821259112, "log10_eta": -2.6091071748612373, "log10_lambda": -1.3649639409891674, "log10_min_child_weight": 2.8667295128339236, "log10_subsample": -0.8472458948331452, "max_depth": 2.0, "num_boost_round": 4.0}, "datetime": {"datetime": "2024-01-19 00:58:00", "elapsed": 2784.790655, "delta": 0.00378}}
{"target": -13.758349465373572, "params": {"gamma": 495.64482538881174, "log10_alpha": -0.5011489106526863, "log10_colsample_bytree": -0.026614164821259112, "log10_eta": -2.6091071748612373, "log10_lambda": -1.3649639409891674, "log10_min_child_weight": 2.8667295128339236, "log10_subsample": -0.8472458948331452, "max_depth": 2.0, "num_boost_round": 5.0}, "datetime": {"datetime": "2024-01-19 00:58:00", "elapsed": 2784.794375, "delta": 0.00372}}
{"target": -13.758332465351547, "params": {"gamma": 495.64482538881174, "log10_alpha": -0.5011489106526863, "log10_colsample_bytree": -0.026614164821259112, "log10_eta": -2.6091071748612373, "log10_lambda": -1.3649639409891674, "log10_min_child_weight": 2.8667295128339236, "log10_subsample": -0.8472458948331452, "max_depth": 2.0, "num_boost_round": 6.0}, "datetime": {"datetime": "2024-01-19 00:58:00", "elapsed": 2784.798173, "delta": 0.003798}}
{"target": -13.758293876703616, "params": {"gamma": 495.64482538881174, "log10_alpha": -0.5011489106526863, "log10_colsample_bytree": -0.026614164821259112, "log10_eta": -2.6091071748612373, "log10_lambda": -1.3649639409891674, "log10_min_child_weight": 2.8667295128339236, "log10_subsample": -0.8472458948331452, "max_depth": 2.0, "num_boost_round": 7.0}, "datetime": {"datetime": "2024-01-19 00:58:00", "elapsed": 2784.801903, "delta": 0.00373}}
{"target": -13.75824882438364, "params": {"gamma": 495.64482538881174, "log10_alpha": -0.5011489106526863, "log10_colsample_bytree": -0.026614164821259112, "log10_eta": -2.6091071748612373, "log10_lambda": -1.3649639409891674, "log10_min_child_weight": 2.8667295128339236, "log10_subsample": -0.8472458948331452, "max_depth": 2.0, "num_boost_round": 8.0}, "datetime": {"datetime": "2024-01-19 00:58:00", "elapsed": 2784.805676, "delta": 0.003773}}
{"target": -13.758210362315374, "params": {"gamma": 495.64482538881174, "log10_alpha": -0.5011489106526863, "log10_colsample_bytree": -0.026614164821259112, "log10_eta": -2.6091071748612373, "log10_lambda": -1.3649639409891674, "log10_min_child_weight": 2.8667295128339236, "log10_subsample": -0.8472458948331452, "max_depth": 2.0, "num_boost_round": 9.0}, "datetime": {"datetime": "2024-01-19 00:58:00", "elapsed": 2784.809521, "delta": 0.003845}}
{"target": -13.758174915296484, "params": {"gamma": 495.64482538881174, "log10_alpha": -0.5011489106526863, "log10_colsample_bytree": -0.026614164821259112, "log10_eta": -2.6091071748612373, "log10_lambda": -1.3649639409891674, "log10_min_child_weight": 2.8667295128339236, "log10_subsample": -0.8472458948331452, "max_depth": 2.0, "num_boost_round": 10.0}, "datetime": {"datetime": "2024-01-19 00:58:00", "elapsed": 2784.813323, "delta": 0.003802}}
{"target": -13.758140846373884, "params": {"gamma": 495.64482538881174, "log10_alpha": -0.5011489106526863, "log10_colsample_bytree": -0.026614164821259112, "log10_eta": -2.6091071748612373, "log10_lambda": -1.3649639409891674, "log10_min_child_weight": 2.8667295128339236, "log10_subsample": -0.8472458948331452, "max_depth": 2.0, "num_boost_round": 11.0}, "datetime": {"datetime": "2024-01-19 00:58:00", "elapsed": 2784.817134, "delta": 0.003811}}
{"target": -13.75810148171235, "params": {"gamma": 495.64482538881174, "log10_alpha": -0.5011489106526863, "log10_colsample_bytree": -0.026614164821259112, "log10_eta": -2.6091071748612373, "log10_lambda": -1.3649639409891674, "log10_min_child_weight": 2.8667295128339236, "log10_subsample": -0.8472458948331452, "max_depth": 2.0, "num_boost_round": 12.0}, "datetime": {"datetime": "2024-01-19 00:58:00", "elapsed": 2784.820867, "delta": 0.003733}}
{"target": -13.758063967834943, "params": {"gamma": 495.64482538881174, "log10_alpha": -0.5011489106526863, "log10_colsample_bytree": -0.026614164821259112, "log10_eta": -2.6091071748612373, "log10_lambda": -1.3649639409891674, "log10_min_child_weight": 2.8667295128339236, "log10_subsample": -0.8472458948331452, "max_depth": 2.0, "num_boost_round": 13.0}, "datetime": {"datetime": "2024-01-19 00:58:00", "elapsed": 2784.824691, "delta": 0.003824}}
{"target": -13.758034768408717, "params": {"gamma": 495.64482538881174, "log10_alpha": -0.5011489106526863, "log10_colsample_bytree": -0.026614164821259112, "log10_eta": -2.6091071748612373, "log10_lambda": -1.3649639409891674, "log10_min_child_weight": 2.8667295128339236, "log10_subsample": -0.8472458948331452, "max_depth": 2.0, "num_boost_round": 14.0}, "datetime": {"datetime": "2024-01-19 00:58:00", "elapsed": 2784.828547, "delta": 0.003856}}
{"target": -13.758034792124711, "params": {"gamma": 495.64482538881174, "log10_alpha": -0.5011489106526863, "log10_colsample_bytree": -0.026614164821259112, "log10_eta": -2.6091071748612373, "log10_lambda": -1.3649639409891674, "log10_min_child_weight": 2.8667295128339236, "log10_subsample": -0.8472458948331452, "max_depth": 2.0, "num_boost_round": 15.0}, "datetime": {"datetime": "2024-01-19 00:58:00", "elapsed": 2784.832302, "delta": 0.003755}}
{"target": -13.758003533947946, "params": {"gamma": 495.64482538881174, "log10_alpha": -0.5011489106526863, "log10_colsample_bytree": -0.026614164821259112, "log10_eta": -2.6091071748612373, "log10_lambda": -1.3649639409891674, "log10_min_child_weight": 2.8667295128339236, "log10_subsample": -0.8472458948331452, "max_depth": 2.0, "num_boost_round": 16.0}, "datetime": {"datetime": "2024-01-19 00:58:00", "elapsed": 2784.836109, "delta": 0.003807}}
{"target": -13.75796230613915, "params": {"gamma": 495.64482538881174, "log10_alpha": -0.5011489106526863, "log10_colsample_bytree": -0.026614164821259112, "log10_eta": -2.6091071748612373, "log10_lambda": -1.3649639409891674, "log10_min_child_weight": 2.8667295128339236, "log10_subsample": -0.8472458948331452, "max_depth": 2.0, "num_boost_round": 17.0}, "datetime": {"datetime": "2024-01-19 00:58:00", "elapsed": 2784.839848, "delta": 0.003739}}
{"target": -13.757968461704984, "params": {"gamma": 495.64482538881174, "log10_alpha": -0.5011489106526863, "log10_colsample_bytree": -0.026614164821259112, "log10_eta": -2.6091071748612373, "log10_lambda": -1.3649639409891674, "log10_min_child_weight": 2.8667295128339236, "log10_subsample": -0.8472458948331452, "max_depth": 2.0, "num_boost_round": 18.0}, "datetime": {"datetime": "2024-01-19 00:58:00", "elapsed": 2784.843697, "delta": 0.003849}}
{"target": -13.757955384687861, "params": {"gamma": 495.64482538881174, "log10_alpha": -0.5011489106526863, "log10_colsample_bytree": -0.026614164821259112, "log10_eta": -2.6091071748612373, "log10_lambda": -1.3649639409891674, "log10_min_child_weight": 2.8667295128339236, "log10_subsample": -0.8472458948331452, "max_depth": 2.0, "num_boost_round": 19.0}, "datetime": {"datetime": "2024-01-19 00:58:00", "elapsed": 2784.847413, "delta": 0.003716}}
{"target": -13.757944527899728, "params": {"gamma": 495.64482538881174, "log10_alpha": -0.5011489106526863, "log10_colsample_bytree": -0.026614164821259112, "log10_eta": -2.6091071748612373, "log10_lambda": -1.3649639409891674, "log10_min_child_weight": 2.8667295128339236, "log10_subsample": -0.8472458948331452, "max_depth": 2.0, "num_boost_round": 20.0}, "datetime": {"datetime": "2024-01-19 00:58:00", "elapsed": 2784.851175, "delta": 0.003762}}
{"target": -13.757915796621827, "params": {"gamma": 495.64482538881174, "log10_alpha": -0.5011489106526863, "log10_colsample_bytree": -0.026614164821259112, "log10_eta": -2.6091071748612373, "log10_lambda": -1.3649639409891674, "log10_min_child_weight": 2.8667295128339236, "log10_subsample": -0.8472458948331452, "max_depth": 2.0, "num_boost_round": 21.0}, "datetime": {"datetime": "2024-01-19 00:58:00", "elapsed": 2784.855023, "delta": 0.003848}}
{"target": -13.75790637895894, "params": {"gamma": 495.64482538881174, "log10_alpha": -0.5011489106526863, "log10_colsample_bytree": -0.026614164821259112, "log10_eta": -2.6091071748612373, "log10_lambda": -1.3649639409891674, "log10_min_child_weight": 2.8667295128339236, "log10_subsample": -0.8472458948331452, "max_depth": 2.0, "num_boost_round": 22.0}, "datetime": {"datetime": "2024-01-19 00:58:00", "elapsed": 2784.858759, "delta": 0.003736}}
{"target": -13.757873425348938, "params": {"gamma": 495.64482538881174, "log10_alpha": -0.5011489106526863, "log10_colsample_bytree": -0.026614164821259112, "log10_eta": -2.6091071748612373, "log10_lambda": -1.3649639409891674, "log10_min_child_weight": 2.8667295128339236, "log10_subsample": -0.8472458948331452, "max_depth": 2.0, "num_boost_round": 23.0}, "datetime": {"datetime": "2024-01-19 00:58:00", "elapsed": 2784.862495, "delta": 0.003736}}
{"target": -13.757879041196166, "params": {"gamma": 495.64482538881174, "log10_alpha": -0.5011489106526863, "log10_colsample_bytree": -0.026614164821259112, "log10_eta": -2.6091071748612373, "log10_lambda": -1.3649639409891674, "log10_min_child_weight": 2.8667295128339236, "log10_subsample": -0.8472458948331452, "max_depth": 2.0, "num_boost_round": 24.0}, "datetime": {"datetime": "2024-01-19 00:58:00", "elapsed": 2784.866336, "delta": 0.003841}}
{"target": -13.75785399032228, "params": {"gamma": 495.64482538881174, "log10_alpha": -0.5011489106526863, "log10_colsample_bytree": -0.026614164821259112, "log10_eta": -2.6091071748612373, "log10_lambda": -1.3649639409891674, "log10_min_child_weight": 2.8667295128339236, "log10_subsample": -0.8472458948331452, "max_depth": 2.0, "num_boost_round": 25.0}, "datetime": {"datetime": "2024-01-19 00:58:00", "elapsed": 2784.870052, "delta": 0.003716}}
{"target": -13.75781935606365, "params": {"gamma": 495.64482538881174, "log10_alpha": -0.5011489106526863, "log10_colsample_bytree": -0.026614164821259112, "log10_eta": -2.6091071748612373, "log10_lambda": -1.3649639409891674, "log10_min_child_weight": 2.8667295128339236, "log10_subsample": -0.8472458948331452, "max_depth": 2.0, "num_boost_round": 26.0}, "datetime": {"datetime": "2024-01-19 00:58:00", "elapsed": 2784.874032, "delta": 0.00398}}
{"target": -13.758524926406427, "params": {"gamma": 515.0013702691784, "log10_alpha": 0.6183084862340724, "log10_colsample_bytree": -0.9732119121893896, "log10_eta": -3.3841408721893056, "log10_lambda": -2.5886798523537817, "log10_min_child_weight": 2.446472273723044, "log10_subsample": -0.8852384634426984, "max_depth": 8.0, "num_boost_round": 0.0}, "datetime": {"datetime": "2024-01-19 00:58:47", "elapsed": 2831.436941, "delta": 46.562909}}
