{"target": -17.67708775711432, "params": {"gamma": 190.37304537791343, "log10_alpha": -4.623237147118287, "log10_colsample_bytree": -0.495629832056907, "log10_eta": -2.8423050796189275, "log10_lambda": -4.547633255636967, "log10_min_child_weight": 4.950370885975492, "log10_subsample": -0.678298204286412, "max_depth": 2.0, "num_boost_round": 23.0}, "datetime": {"datetime": "2024-01-19 00:23:08", "elapsed": 673.467207, "delta": 0.001146}}
{"target": -17.6770885224936, "params": {"gamma": 190.37304537791343, "log10_alpha": -4.623237147118287, "log10_colsample_bytree": -0.495629832056907, "log10_eta": -2.8423050796189275, "log10_lambda": -4.547633255636967, "log10_min_child_weight": 4.950370885975492, "log10_subsample": -0.678298204286412, "max_depth": 2.0, "num_boost_round": 24.0}, "datetime": {"datetime": "2024-01-19 00:23:08", "elapsed": 673.468255, "delta": 0.001048}}
{"target": -17.677080476496464, "params": {"gamma": 190.37304537791343, "log10_alpha": -4.623237147118287, "log10_colsample_bytree": -0.495629832056907, "log10_eta": -2.8423050796189275, "log10_lambda": -4.547633255636967, "log10_min_child_weight": 4.950370885975492, "log10_subsample": -0.678298204286412, "max_depth": 2.0, "num_boost_round": 25.0}, "datetime": {"datetime": "2024-01-19 00:23:08", "elapsed": 673.469309, "delta": 0.001054}}
{"target": -17.67708094921033, "params": {"gamma": 190.37304537791343, "log10_alpha": -4.623237147118287, "log10_colsample_bytree": -0.495629832056907, "log10_eta": -2.8423050796189275, "log10_lambda": -4.547633255636967, "log10_min_child_weight": 4.950370885975492, "log10_subsample": -0.678298204286412, "max_depth": 2.0, "num_boost_round": 26.0}, "datetime": {"datetime": "2024-01-19 00:23:08", "elapsed": 673.470372, "delta": 0.001063}}
{"target": -17.67707232150695, "params": {"gamma": 190.37304537791343, "log10_alpha": -4.623237147118287, "log10_colsample_bytree": -0.495629832056907, "log10_eta": -2.8423050796189275, "log10_lambda": -4.547633255636967, "log10_min_child_weight": 4.950370885975492, "log10_subsample": -0.678298204286412, "max_depth": 2.0, "num_boost_round": 27.0}, "datetime": {"datetime": "2024-01-19 00:23:08", "elapsed": 673.471461, "delta": 0.001089}}
{"target": -17.677067040494517, "params": {"gamma": 190.37304537791343, "log10_alpha": -4.623237147118287, "log10_colsample_bytree": -0.495629832056907, "log10_eta": -2.8423050796189275, "log10_lambda": -4.547633255636967, "log10_min_child_weight": 4.950370885975492, "log10_subsample": -0.678298204286412, "max_depth": 2.0, "num_boost_round": 28.0}, "datetime": {"datetime": "2024-01-19 00:23:08", "elapsed": 673.472531, "delta": 0.00107}}
{"target": -17.67705320482842, "params": {"gamma": 190.37304537791343, "log10_alpha": -4.623237147118287, "log10_colsample_bytree": -0.495629832056907, "log10_eta": -2.8423050796189275, "log10_lambda": -4.547633255636967, "log10_min_child_weight": 4.950370885975492, "log10_subsample": -0.678298204286412, "max_depth": 2.0, "num_boost_round": 29.0}, "datetime": {"datetime": "2024-01-19 00:23:08", "elapsed": 673.473582, "delta": 0.001051}}
{"target": -17.677044952993278, "params": {"gamma": 190.37304537791343, "log10_alpha": -4.623237147118287, "log10_colsample_bytree": -0.495629832056907, "log10_eta": -2.8423050796189275, "log10_lambda": -4.547633255636967, "log10_min_child_weight": 4.950370885975492, "log10_subsample": -0.678298204286412, "max_depth": 2.0, "num_boost_round": 30.0}, "datetime": {"datetime": "2024-01-19 00:23:08", "elapsed": 673.474624, "delta": 0.001042}}
{"target": -17.6770374875615, "params": {"gamma": 190.37304537791343, "log10_alpha": -4.623237147118287, "log10_colsample_bytree": -0.495629832056907, "log10_eta": -2.8423050796189275, "log10_lambda": -4.547633255636967, "log10_min_child_weight": 4.950370885975492, "log10_subsample": -0.678298204286412, "max_depth": 2.0, "num_boost_round": 31.0}, "datetime": {"datetime": "2024-01-19 00:23:08", "elapsed": 673.475684, "delta": 0.00106}}
{"target": -17.677032378445503, "params": {"gamma": 190.37304537791343, "log10_alpha": -4.623237147118287, "log10_colsample_bytree": -0.495629832056907, "log10_eta": -2.8423050796189275, "log10_lambda": -4.547633255636967, "log10_min_child_weight": 4.950370885975492, "log10_subsample": -0.678298204286412, "max_depth": 2.0, "num_boost_round": 32.0}, "datetime": {"datetime": "2024-01-19 00:23:08", "elapsed": 673.476736, "delta": 0.001052}}
{"target": -17.67703214654676, "params": {"gamma": 190.37304537791343, "log10_alpha": -4.623237147118287, "log10_colsample_bytree": -0.495629832056907, "log10_eta": -2.8423050796189275, "log10_lambda": -4.547633255636967, "log10_min_child_weight": 4.950370885975492, "log10_subsample": -0.678298204286412, "max_depth": 2.0, "num_boost_round": 33.0}, "datetime": {"datetime": "2024-01-19 00:23:08", "elapsed": 673.477804, "delta": 0.001068}}
{"target": -17.67702302264882, "params": {"gamma": 190.37304537791343, "log10_alpha": -4.623237147118287, "log10_colsample_bytree": -0.495629832056907, "log10_eta": -2.8423050796189275, "log10_lambda": -4.547633255636967, "log10_min_child_weight": 4.950370885975492, "log10_subsample": -0.678298204286412, "max_depth": 2.0, "num_boost_round": 34.0}, "datetime": {"datetime": "2024-01-19 00:23:08", "elapsed": 673.478995, "delta": 0.001191}}
{"target": -17.677019791888505, "params": {"gamma": 190.37304537791343, "log10_alpha": -4.623237147118287, "log10_colsample_bytree": -0.495629832056907, "log10_eta": -2.8423050796189275, "log10_lambda": -4.547633255636967, "log10_min_child_weight": 4.950370885975492, "log10_subsample": -0.678298204286412, "max_depth": 2.0, "num_boost_round": 35.0}, "datetime": {"datetime": "2024-01-19 00:23:08", "elapsed": 673.480083, "delta": 0.001088}}
{"target": -17.67702036046366, "params": {"gamma": 190.37304537791343, "log10_alpha": -4.623237147118287, "log10_colsample_bytree": -0.495629832056907, "log10_eta": -2.8423050796189275, "log10_lambda": -4.547633255636967, "log10_min_child_weight": 4.950370885975492, "log10_subsample": -0.678298204286412, "max_depth": 2.0, "num_boost_round": 36.0}, "datetime": {"datetime": "2024-01-19 00:23:08", "elapsed": 673.481151, "delta": 0.001068}}
{"target": -17.67701906563729, "params": {"gamma": 190.37304537791343, "log10_alpha": -4.623237147118287, "log10_colsample_bytree": -0.495629832056907, "log10_eta": -2.8423050796189275, "log10_lambda": -4.547633255636967, "log10_min_child_weight": 4.950370885975492, "log10_subsample": -0.678298204286412, "max_depth": 2.0, "num_boost_round": 37.0}, "datetime": {"datetime": "2024-01-19 00:23:08", "elapsed": 673.482221, "delta": 0.00107}}
{"target": -17.677013905760575, "params": {"gamma": 190.37304537791343, "log10_alpha": -4.623237147118287, "log10_colsample_bytree": -0.495629832056907, "log10_eta": -2.8423050796189275, "log10_lambda": -4.547633255636967, "log10_min_child_weight": 4.950370885975492, "log10_subsample": -0.678298204286412, "max_depth": 2.0, "num_boost_round": 38.0}, "datetime": {"datetime": "2024-01-19 00:23:08", "elapsed": 673.483307, "delta": 0.001086}}
{"target": -17.677006794624496, "params": {"gamma": 190.37304537791343, "log10_alpha": -4.623237147118287, "log10_colsample_bytree": -0.495629832056907, "log10_eta": -2.8423050796189275, "log10_lambda": -4.547633255636967, "log10_min_child_weight": 4.950370885975492, "log10_subsample": -0.678298204286412, "max_depth": 2.0, "num_boost_round": 39.0}, "datetime": {"datetime": "2024-01-19 00:23:08", "elapsed": 673.484383, "delta": 0.001076}}
{"target": -17.67700526819752, "params": {"gamma": 190.37304537791343, "log10_alpha": -4.623237147118287, "log10_colsample_bytree": -0.495629832056907, "log10_eta": -2.8423050796189275, "log10_lambda": -4.547633255636967, "log10_min_child_weight": 4.950370885975492, "log10_subsample": -0.678298204286412, "max_depth": 2.0, "num_boost_round": 40.0}, "datetime": {"datetime": "2024-01-19 00:23:08", "elapsed": 673.485489, "delta": 0.001106}}
{"target": -17.676990903282462, "params": {"gamma": 190.37304537791343, "log10_alpha": -4.623237147118287, "log10_colsample_bytree": -0.495629832056907, "log10_eta": -2.8423050796189275, "log10_lambda": -4.547633255636967, "log10_min_child_weight": 4.950370885975492, "log10_subsample": -0.678298204286412, "max_depth": 2.0, "num_boost_round": 41.0}, "datetime": {"datetime": "2024-01-19 00:23:08", "elapsed": 673.486586, "delta": 0.001097}}
{"target": -17.676986494646464, "params": {"gamma": 190.37304537791343, "log10_alpha": -4.623237147118287, "log10_colsample_bytree": -0.495629832056907, "log10_eta": -2.8423050796189275, "log10_lambda": -4.547633255636967, "log10_min_child_weight": 4.950370885975492, "log10_subsample": -0.678298204286412, "max_depth": 2.0, "num_boost_round": 42.0}, "datetime": {"datetime": "2024-01-19 00:23:08", "elapsed": 673.487846, "delta": 0.00126}}
{"target": -17.67697912000516, "params": {"gamma": 190.37304537791343, "log10_alpha": -4.623237147118287, "log10_colsample_bytree": -0.495629832056907, "log10_eta": -2.8423050796189275, "log10_lambda": -4.547633255636967, "log10_min_child_weight": 4.950370885975492, "log10_subsample": -0.678298204286412, "max_depth": 2.0, "num_boost_round": 43.0}, "datetime": {"datetime": "2024-01-19 00:23:08", "elapsed": 673.489029, "delta": 0.001183}}
{"target": -17.67697291146403, "params": {"gamma": 190.37304537791343, "log10_alpha": -4.623237147118287, "log10_colsample_bytree": -0.495629832056907, "log10_eta": -2.8423050796189275, "log10_lambda": -4.547633255636967, "log10_min_child_weight": 4.950370885975492, "log10_subsample": -0.678298204286412, "max_depth": 2.0, "num_boost_round": 44.0}, "datetime": {"datetime": "2024-01-19 00:23:08", "elapsed": 673.490237, "delta": 0.001208}}
{"target": -17.676968384977382, "params": {"gamma": 190.37304537791343, "log10_alpha": -4.623237147118287, "log10_colsample_bytree": -0.495629832056907, "log10_eta": -2.8423050796189275, "log10_lambda": -4.547633255636967, "log10_min_child_weight": 4.950370885975492, "log10_subsample": -0.678298204286412, "max_depth": 2.0, "num_boost_round": 45.0}, "datetime": {"datetime": "2024-01-19 00:23:08", "elapsed": 673.491396, "delta": 0.001159}}
{"target": -17.676963214404424, "params": {"gamma": 190.37304537791343, "log10_alpha": -4.623237147118287, "log10_colsample_bytree": -0.495629832056907, "log10_eta": -2.8423050796189275, "log10_lambda": -4.547633255636967, "log10_min_child_weight": 4.950370885975492, "log10_subsample": -0.678298204286412, "max_depth": 2.0, "num_boost_round": 46.0}, "datetime": {"datetime": "2024-01-19 00:23:08", "elapsed": 673.492523, "delta": 0.001127}}
{"target": -17.676959986269374, "params": {"gamma": 190.37304537791343, "log10_alpha": -4.623237147118287, "log10_colsample_bytree": -0.495629832056907, "log10_eta": -2.8423050796189275, "log10_lambda": -4.547633255636967, "log10_min_child_weight": 4.950370885975492, "log10_subsample": -0.678298204286412, "max_depth": 2.0, "num_boost_round": 47.0}, "datetime": {"datetime": "2024-01-19 00:23:08", "elapsed": 673.49366, "delta": 0.001137}}
{"target": -17.67696086077825, "params": {"gamma": 190.37304537791343, "log10_alpha": -4.623237147118287, "log10_colsample_bytree": -0.495629832056907, "log10_eta": -2.8423050796189275, "log10_lambda": -4.547633255636967, "log10_min_child_weight": 4.950370885975492, "log10_subsample": -0.678298204286412, "max_depth": 2.0, "num_boost_round": 48.0}, "datetime": {"datetime": "2024-01-19 00:23:08", "elapsed": 673.494782, "delta": 0.001122}}
{"target": -17.676951229552706, "params": {"gamma": 190.37304537791343, "log10_alpha": -4.623237147118287, "log10_colsample_bytree": -0.495629832056907, "log10_eta": -2.8423050796189275, "log10_lambda": -4.547633255636967, "log10_min_child_weight": 4.950370885975492, "log10_subsample": -0.678298204286412, "max_depth": 2.0, "num_boost_round": 49.0}, "datetime": {"datetime": "2024-01-19 00:23:08", "elapsed": 673.495889, "delta": 0.001107}}
{"target": -17.683668476758474, "params": {"gamma": 189.928350957973, "log10_alpha": -3.903648149675692, "log10_colsample_bytree": -0.360468772710977, "log10_eta": -1.0997162069029232, "log10_lambda": -2.07723911301085, "log10_min_child_weight": 0.0975958486218842, "log10_subsample": -0.5700874184561316, "max_depth": 9.0, "num_boost_round": 0.0}, "datetime": {"datetime": "2024-01-19 00:24:02", "elapsed": 726.538476, "delta": 53.042587}}
{"target": -17.68926552323135, "params": {"gamma": 189.928350957973, "log10_alpha": -3.903648149675692, "log10_colsample_bytree": -0.360468772710977, "log10_eta": -1.0997162069029232, "log10_lambda": -2.07723911301085, "log10_min_child_weight": 0.0975958486218842, "log10_subsample": -0.5700874184561316, "max_depth": 9.0, "num_boost_round": 1.0}, "datetime": {"datetime": "2024-01-19 00:24:02", "elapsed": 726.540189, "delta": 0.001713}}
{"target": -17.68837217145705, "params": {"gamma": 189.928350957973, "log10_alpha": -3.903648149675692, "log10_colsample_bytree": -0.360468772710977, "log10_eta": -1.0997162069029232, "log10_lambda": -2.07723911301085, "log10_min_child_weight": 0.0975958486218842, "log10_subsample": -0.5700874184561316, "max_depth": 9.0, "num_boost_round": 2.0}, "datetime": {"datetime": "2024-01-19 00:24:02", "elapsed": 726.541434, "delta": 0.001245}}
{"target": -17.689798011051437, "params": {"gamma": 189.928350957973, "log10_alpha": -3.903648149675692, "log10_colsample_bytree": -0.360468772710977, "log10_eta": -1.0997162069029232, "log10_lambda": -2.07723911301085, "log10_min_child_weight": 0.0975958486218842, "log10_subsample": -0.5700874184561316, "max_depth": 9.0, "num_boost_round": 3.0}, "datetime": {"datetime": "2024-01-19 00:24:02", "elapsed": 726.542519, "delta": 0.001085}}
{"target": -17.695162611969984, "params": {"gamma": 189.928350957973, "log10_alpha": -3.903648149675692, "log10_colsample_bytree": -0.360468772710977, "log10_eta": -1.0997162069029232, "log10_lambda": -2.07723911301085, "log10_min_child_weight": 0.0975958486218842, "log10_subsample": -0.5700874184561316, "max_depth": 9.0, "num_boost_round": 4.0}, "datetime": {"datetime": "2024-01-19 00:24:02", "elapsed": 726.543608, "delta": 0.001089}}
{"target": -17.70641926856764, "params": {"gamma": 189.928350957973, "log10_alpha": -3.903648149675692, "log10_colsample_bytree": -0.360468772710977, "log10_eta": -1.0997162069029232, "log10_lambda": -2.07723911301085, "log10_min_child_weight": 0.0975958486218842, "log10_subsample": -0.5700874184561316, "max_depth": 9.0, "num_boost_round": 5.0}, "datetime": {"datetime": "2024-01-19 00:24:02", "elapsed": 726.544706, "delta": 0.001098}}
{"target": -17.715572501427985, "params": {"gamma": 189.928350957973, "log10_alpha": -3.903648149675692, "log10_colsample_bytree": -0.360468772710977, "log10_eta": -1.0997162069029232, "log10_lambda": -2.07723911301085, "log10_min_child_weight": 0.0975958486218842, "log10_subsample": -0.5700874184561316, "max_depth": 9.0, "num_boost_round": 6.0}, "datetime": {"datetime": "2024-01-19 00:24:02", "elapsed": 726.545833, "delta": 0.001127}}
{"target": -17.727711246503553, "params": {"gamma": 189.928350957973, "log10_alpha": -3.903648149675692, "log10_colsample_bytree": -0.360468772710977, "log10_eta": -1.0997162069029232, "log10_lambda": -2.07723911301085, "log10_min_child_weight": 0.0975958486218842, "log10_subsample": -0.5700874184561316, "max_depth": 9.0, "num_boost_round": 7.0}, "datetime": {"datetime": "2024-01-19 00:24:02", "elapsed": 726.547027, "delta": 0.001194}}
{"target": -17.72903196177113, "params": {"gamma": 189.928350957973, "log10_alpha": -3.903648149675692, "log10_colsample_bytree": -0.360468772710977, "log10_eta": -1.0997162069029232, "log10_lambda": -2.07723911301085, "log10_min_child_weight": 0.0975958486218842, "log10_subsample": -0.5700874184561316, "max_depth": 9.0, "num_boost_round": 8.0}, "datetime": {"datetime": "2024-01-19 00:24:02", "elapsed": 726.548471, "delta": 0.001444}}
{"target": -17.73579632574458, "params": {"gamma": 189.928350957973, "log10_alpha": -3.903648149675692, "log10_colsample_bytree": -0.360468772710977, "log10_eta": -1.0997162069029232, "log10_lambda": -2.07723911301085, "log10_min_child_weight": 0.0975958486218842, "log10_subsample": -0.5700874184561316, "max_depth": 9.0, "num_boost_round": 9.0}, "datetime": {"datetime": "2024-01-19 00:24:02", "elapsed": 726.549569, "delta": 0.001098}}
{"target": -17.744845195063487, "params": {"gamma": 189.928350957973, "log10_alpha": -3.903648149675692, "log10_colsample_bytree": -0.360468772710977, "log10_eta": -1.0997162069029232, "log10_lambda": -2.07723911301085, "log10_min_child_weight": 0.0975958486218842, "log10_subsample": -0.5700874184561316, "max_depth": 9.0, "num_boost_round": 10.0}, "datetime": {"datetime": "2024-01-19 00:24:02", "elapsed": 726.550747, "delta": 0.001178}}
{"target": -17.74791474650046, "params": {"gamma": 189.928350957973, "log10_alpha": -3.903648149675692, "log10_colsample_bytree": -0.360468772710977, "log10_eta": -1.0997162069029232, "log10_lambda": -2.07723911301085, "log10_min_child_weight": 0.0975958486218842, "log10_subsample": -0.5700874184561316, "max_depth": 9.0, "num_boost_round": 11.0}, "datetime": {"datetime": "2024-01-19 00:24:02", "elapsed": 726.551855, "delta": 0.001108}}
{"target": -17.755833530644484, "params": {"gamma": 189.928350957973, "log10_alpha": -3.903648149675692, "log10_colsample_bytree": -0.360468772710977, "log10_eta": -1.0997162069029232, "log10_lambda": -2.07723911301085, "log10_min_child_weight": 0.0975958486218842, "log10_subsample": -0.5700874184561316, "max_depth": 9.0, "num_boost_round": 12.0}, "datetime": {"datetime": "2024-01-19 00:24:02", "elapsed": 726.552953, "delta": 0.001098}}
{"target": -17.776180716843474, "params": {"gamma": 189.928350957973, "log10_alpha": -3.903648149675692, "log10_colsample_bytree": -0.360468772710977, "log10_eta": -1.0997162069029232, "log10_lambda": -2.07723911301085, "log10_min_child_weight": 0.0975958486218842, "log10_subsample": -0.5700874184561316, "max_depth": 9.0, "num_boost_round": 13.0}, "datetime": {"datetime": "2024-01-19 00:24:02", "elapsed": 726.554042, "delta": 0.001089}}
{"target": -17.79752610833807, "params": {"gamma": 189.928350957973, "log10_alpha": -3.903648149675692, "log10_colsample_bytree": -0.360468772710977, "log10_eta": -1.0997162069029232, "log10_lambda": -2.07723911301085, "log10_min_child_weight": 0.0975958486218842, "log10_subsample": -0.5700874184561316, "max_depth": 9.0, "num_boost_round": 14.0}, "datetime": {"datetime": "2024-01-19 00:24:02", "elapsed": 726.555139, "delta": 0.001097}}
{"target": -17.827762669324656, "params": {"gamma": 189.928350957973, "log10_alpha": -3.903648149675692, "log10_colsample_bytree": -0.360468772710977, "log10_eta": -1.0997162069029232, "log10_lambda": -2.07723911301085, "log10_min_child_weight": 0.0975958486218842, "log10_subsample": -0.5700874184561316, "max_depth": 9.0, "num_boost_round": 15.0}, "datetime": {"datetime": "2024-01-19 00:24:02", "elapsed": 726.556235, "delta": 0.001096}}
{"target": -17.83393921615553, "params": {"gamma": 189.928350957973, "log10_alpha": -3.903648149675692, "log10_colsample_bytree": -0.360468772710977, "log10_eta": -1.0997162069029232, "log10_lambda": -2.07723911301085, "log10_min_child_weight": 0.0975958486218842, "log10_subsample": -0.5700874184561316, "max_depth": 9.0, "num_boost_round": 16.0}, "datetime": {"datetime": "2024-01-19 00:24:02", "elapsed": 726.557342, "delta": 0.001107}}
{"target": -17.8547281365611, "params": {"gamma": 189.928350957973, "log10_alpha": -3.903648149675692, "log10_colsample_bytree": -0.360468772710977, "log10_eta": -1.0997162069029232, "log10_lambda": -2.07723911301085, "log10_min_child_weight": 0.0975958486218842, "log10_subsample": -0.5700874184561316, "max_depth": 9.0, "num_boost_round": 17.0}, "datetime": {"datetime": "2024-01-19 00:24:02", "elapsed": 726.55852, "delta": 0.001178}}
{"target": -17.865966204675882, "params": {"gamma": 189.928350957973, "log10_alpha": -3.903648149675692, "log10_colsample_bytree": -0.360468772710977, "log10_eta": -1.0997162069029232, "log10_lambda": -2.07723911301085, "log10_min_child_weight": 0.0975958486218842, "log10_subsample": -0.5700874184561316, "max_depth": 9.0, "num_boost_round": 18.0}, "datetime": {"datetime": "2024-01-19 00:24:02", "elapsed": 726.559654, "delta": 0.001134}}
{"target": -17.875329845854676, "params": {"gamma": 189.928350957973, "log10_alpha": -3.903648149675692, "log10_colsample_bytree": -0.360468772710977, "log10_eta": -1.0997162069029232, "log10_lambda": -2.07723911301085, "log10_min_child_weight": 0.0975958486218842, "log10_subsample": -0.5700874184561316, "max_depth": 9.0, "num_boost_round": 19.0}, "datetime": {"datetime": "2024-01-19 00:24:02", "elapsed": 726.560751, "delta": 0.001097}}
{"target": -17.886643025323643, "params": {"gamma": 189.928350957973, "log10_alpha": -3.903648149675692, "log10_colsample_bytree": -0.360468772710977, "log10_eta": -1.0997162069029232, "log10_lambda": -2.07723911301085, "log10_min_child_weight": 0.0975958486218842, "log10_subsample": -0.5700874184561316, "max_depth": 9.0, "num_boost_round": 20.0}, "datetime": {"datetime": "2024-01-19 00:24:02", "elapsed": 726.561866, "delta": 0.001115}}
{"target": -17.903387233267264, "params": {"gamma": 189.928350957973, "log10_alpha": -3.903648149675692, "log10_colsample_bytree": -0.360468772710977, "log10_eta": -1.0997162069029232, "log10_lambda": -2.07723911301085, "log10_min_child_weight": 0.0975958486218842, "log10_subsample": -0.5700874184561316, "max_depth": 9.0, "num_boost_round": 21.0}, "datetime": {"datetime": "2024-01-19 00:24:02", "elapsed": 726.56296, "delta": 0.001094}}
