{"target": -13.7585146460343, "params": {"gamma": 890.6254373320461, "log10_alpha": 0.43800724572567074, "log10_colsample_bytree": -0.18017780818218365, "log10_eta": -3.035854037842634, "log10_lambda": 0.7498781776246144, "log10_min_child_weight": 4.837695392210238, "log10_subsample": -0.29925636791745647, "max_depth": 2.0, "num_boost_round": 9.0}, "datetime": {"datetime": "2024-01-19 00:33:28", "elapsed": 1312.659175, "delta": 0.002087}}
{"target": -13.758512189036054, "params": {"gamma": 890.6254373320461, "log10_alpha": 0.43800724572567074, "log10_colsample_bytree": -0.18017780818218365, "log10_eta": -3.035854037842634, "log10_lambda": 0.7498781776246144, "log10_min_child_weight": 4.837695392210238, "log10_subsample": -0.29925636791745647, "max_depth": 2.0, "num_boost_round": 10.0}, "datetime": {"datetime": "2024-01-19 00:33:28", "elapsed": 1312.661289, "delta": 0.002114}}
{"target": -13.758509802601589, "params": {"gamma": 890.6254373320461, "log10_alpha": 0.43800724572567074, "log10_colsample_bytree": -0.18017780818218365, "log10_eta": -3.035854037842634, "log10_lambda": 0.7498781776246144, "log10_min_child_weight": 4.837695392210238, "log10_subsample": -0.29925636791745647, "max_depth": 2.0, "num_boost_round": 11.0}, "datetime": {"datetime": "2024-01-19 00:33:28", "elapsed": 1312.663377, "delta": 0.002088}}
{"target": -13.758509380173898, "params": {"gamma": 890.6254373320461, "log10_alpha": 0.43800724572567074, "log10_colsample_bytree": -0.18017780818218365, "log10_eta": -3.035854037842634, "log10_lambda": 0.7498781776246144, "log10_min_child_weight": 4.837695392210238, "log10_subsample": -0.29925636791745647, "max_depth": 2.0, "num_boost_round": 12.0}, "datetime": {"datetime": "2024-01-19 00:33:28", "elapsed": 1312.665487, "delta": 0.00211}}
{"target": -13.75850812348805, "params": {"gamma": 890.6254373320461, "log10_alpha": 0.43800724572567074, "log10_colsample_bytree": -0.18017780818218365, "log10_eta": -3.035854037842634, "log10_lambda": 0.7498781776246144, "log10_min_child_weight": 4.837695392210238, "log10_subsample": -0.29925636791745647, "max_depth": 2.0, "num_boost_round": 13.0}, "datetime": {"datetime": "2024-01-19 00:33:28", "elapsed": 1312.667576, "delta": 0.002089}}
{"target": -13.758508096570425, "params": {"gamma": 890.6254373320461, "log10_alpha": 0.43800724572567074, "log10_colsample_bytree": -0.18017780818218365, "log10_eta": -3.035854037842634, "log10_lambda": 0.7498781776246144, "log10_min_child_weight": 4.837695392210238, "log10_subsample": -0.29925636791745647, "max_depth": 2.0, "num_boost_round": 14.0}, "datetime": {"datetime": "2024-01-19 00:33:28", "elapsed": 1312.66966, "delta": 0.002084}}
{"target": -13.75850195249005, "params": {"gamma": 890.6254373320461, "log10_alpha": 0.43800724572567074, "log10_colsample_bytree": -0.18017780818218365, "log10_eta": -3.035854037842634, "log10_lambda": 0.7498781776246144, "log10_min_child_weight": 4.837695392210238, "log10_subsample": -0.29925636791745647, "max_depth": 2.0, "num_boost_round": 15.0}, "datetime": {"datetime": "2024-01-19 00:33:28", "elapsed": 1312.671764, "delta": 0.002104}}
{"target": -13.758497567510679, "params": {"gamma": 890.6254373320461, "log10_alpha": 0.43800724572567074, "log10_colsample_bytree": -0.18017780818218365, "log10_eta": -3.035854037842634, "log10_lambda": 0.7498781776246144, "log10_min_child_weight": 4.837695392210238, "log10_subsample": -0.29925636791745647, "max_depth": 2.0, "num_boost_round": 16.0}, "datetime": {"datetime": "2024-01-19 00:33:28", "elapsed": 1312.674044, "delta": 0.00228}}
{"target": -13.75849747933454, "params": {"gamma": 890.6254373320461, "log10_alpha": 0.43800724572567074, "log10_colsample_bytree": -0.18017780818218365, "log10_eta": -3.035854037842634, "log10_lambda": 0.7498781776246144, "log10_min_child_weight": 4.837695392210238, "log10_subsample": -0.29925636791745647, "max_depth": 2.0, "num_boost_round": 17.0}, "datetime": {"datetime": "2024-01-19 00:33:28", "elapsed": 1312.676141, "delta": 0.002097}}
{"target": -13.758573295902462, "params": {"gamma": 878.0542467542856, "log10_alpha": -4.950930011961699, "log10_colsample_bytree": -0.11687218108581077, "log10_eta": -2.646332839358509, "log10_lambda": -0.33219343380981936, "log10_min_child_weight": 3.203465719011792, "log10_subsample": -0.18814302998069132, "max_depth": 9.0, "num_boost_round": 0.0}, "datetime": {"datetime": "2024-01-19 00:34:00", "elapsed": 1345.244236, "delta": 32.568095}}
{"target": -13.758619273893714, "params": {"gamma": 878.0542467542856, "log10_alpha": -4.950930011961699, "log10_colsample_bytree": -0.11687218108581077, "log10_eta": -2.646332839358509, "log10_lambda": -0.33219343380981936, "log10_min_child_weight": 3.203465719011792, "log10_subsample": -0.18814302998069132, "max_depth": 9.0, "num_boost_round": 1.0}, "datetime": {"datetime": "2024-01-19 00:34:00", "elapsed": 1345.246638, "delta": 0.002402}}
{"target": -13.758600112220831, "params": {"gamma": 878.0542467542856, "log10_alpha": -4.950930011961699, "log10_colsample_bytree": -0.11687218108581077, "log10_eta": -2.646332839358509, "log10_lambda": -0.33219343380981936, "log10_min_child_weight": 3.203465719011792, "log10_subsample": -0.18814302998069132, "max_depth": 9.0, "num_boost_round": 2.0}, "datetime": {"datetime": "2024-01-19 00:34:00", "elapsed": 1345.248903, "delta": 0.002265}}
{"target": -13.75860207418493, "params": {"gamma": 878.0542467542856, "log10_alpha": -4.950930011961699, "log10_colsample_bytree": -0.11687218108581077, "log10_eta": -2.646332839358509, "log10_lambda": -0.33219343380981936, "log10_min_child_weight": 3.203465719011792, "log10_subsample": -0.18814302998069132, "max_depth": 9.0, "num_boost_round": 3.0}, "datetime": {"datetime": "2024-01-19 00:34:00", "elapsed": 1345.25114, "delta": 0.002237}}
{"target": -13.75857097720587, "params": {"gamma": 878.0542467542856, "log10_alpha": -4.950930011961699, "log10_colsample_bytree": -0.11687218108581077, "log10_eta": -2.646332839358509, "log10_lambda": -0.33219343380981936, "log10_min_child_weight": 3.203465719011792, "log10_subsample": -0.18814302998069132, "max_depth": 9.0, "num_boost_round": 4.0}, "datetime": {"datetime": "2024-01-19 00:34:00", "elapsed": 1345.253395, "delta": 0.002255}}
{"target": -13.758558605384572, "params": {"gamma": 878.0542467542856, "log10_alpha": -4.950930011961699, "log10_colsample_bytree": -0.11687218108581077, "log10_eta": -2.646332839358509, "log10_lambda": -0.33219343380981936, "log10_min_child_weight": 3.203465719011792, "log10_subsample": -0.18814302998069132, "max_depth": 9.0, "num_boost_round": 5.0}, "datetime": {"datetime": "2024-01-19 00:34:00", "elapsed": 1345.255504, "delta": 0.002109}}
{"target": -13.758533291900788, "params": {"gamma": 878.0542467542856, "log10_alpha": -4.950930011961699, "log10_colsample_bytree": -0.11687218108581077, "log10_eta": -2.646332839358509, "log10_lambda": -0.33219343380981936, "log10_min_child_weight": 3.203465719011792, "log10_subsample": -0.18814302998069132, "max_depth": 9.0, "num_boost_round": 6.0}, "datetime": {"datetime": "2024-01-19 00:34:00", "elapsed": 1345.257637, "delta": 0.002133}}
{"target": -13.758543382887773, "params": {"gamma": 878.0542467542856, "log10_alpha": -4.950930011961699, "log10_colsample_bytree": -0.11687218108581077, "log10_eta": -2.646332839358509, "log10_lambda": -0.33219343380981936, "log10_min_child_weight": 3.203465719011792, "log10_subsample": -0.18814302998069132, "max_depth": 9.0, "num_boost_round": 7.0}, "datetime": {"datetime": "2024-01-19 00:34:00", "elapsed": 1345.259752, "delta": 0.002115}}
{"target": -13.758581096153216, "params": {"gamma": 878.0542467542856, "log10_alpha": -4.950930011961699, "log10_colsample_bytree": -0.11687218108581077, "log10_eta": -2.646332839358509, "log10_lambda": -0.33219343380981936, "log10_min_child_weight": 3.203465719011792, "log10_subsample": -0.18814302998069132, "max_depth": 9.0, "num_boost_round": 8.0}, "datetime": {"datetime": "2024-01-19 00:34:00", "elapsed": 1345.261864, "delta": 0.002112}}
{"target": -13.75857488440363, "params": {"gamma": 878.0542467542856, "log10_alpha": -4.950930011961699, "log10_colsample_bytree": -0.11687218108581077, "log10_eta": -2.646332839358509, "log10_lambda": -0.33219343380981936, "log10_min_child_weight": 3.203465719011792, "log10_subsample": -0.18814302998069132, "max_depth": 9.0, "num_boost_round": 9.0}, "datetime": {"datetime": "2024-01-19 00:34:00", "elapsed": 1345.26398, "delta": 0.002116}}
{"target": -13.758629587425764, "params": {"gamma": 878.0542467542856, "log10_alpha": -4.950930011961699, "log10_colsample_bytree": -0.11687218108581077, "log10_eta": -2.646332839358509, "log10_lambda": -0.33219343380981936, "log10_min_child_weight": 3.203465719011792, "log10_subsample": -0.18814302998069132, "max_depth": 9.0, "num_boost_round": 10.0}, "datetime": {"datetime": "2024-01-19 00:34:00", "elapsed": 1345.266133, "delta": 0.002153}}
{"target": -13.75861203894854, "params": {"gamma": 878.0542467542856, "log10_alpha": -4.950930011961699, "log10_colsample_bytree": -0.11687218108581077, "log10_eta": -2.646332839358509, "log10_lambda": -0.33219343380981936, "log10_min_child_weight": 3.203465719011792, "log10_subsample": -0.18814302998069132, "max_depth": 9.0, "num_boost_round": 11.0}, "datetime": {"datetime": "2024-01-19 00:34:00", "elapsed": 1345.268259, "delta": 0.002126}}
{"target": -13.758671897364392, "params": {"gamma": 878.0542467542856, "log10_alpha": -4.950930011961699, "log10_colsample_bytree": -0.11687218108581077, "log10_eta": -2.646332839358509, "log10_lambda": -0.33219343380981936, "log10_min_child_weight": 3.203465719011792, "log10_subsample": -0.18814302998069132, "max_depth": 9.0, "num_boost_round": 12.0}, "datetime": {"datetime": "2024-01-19 00:34:00", "elapsed": 1345.270449, "delta": 0.00219}}
{"target": -13.758682410587753, "params": {"gamma": 878.0542467542856, "log10_alpha": -4.950930011961699, "log10_colsample_bytree": -0.11687218108581077, "log10_eta": -2.646332839358509, "log10_lambda": -0.33219343380981936, "log10_min_child_weight": 3.203465719011792, "log10_subsample": -0.18814302998069132, "max_depth": 9.0, "num_boost_round": 13.0}, "datetime": {"datetime": "2024-01-19 00:34:00", "elapsed": 1345.272688, "delta": 0.002239}}
{"target": -13.758722684230305, "params": {"gamma": 878.0542467542856, "log10_alpha": -4.950930011961699, "log10_colsample_bytree": -0.11687218108581077, "log10_eta": -2.646332839358509, "log10_lambda": -0.33219343380981936, "log10_min_child_weight": 3.203465719011792, "log10_subsample": -0.18814302998069132, "max_depth": 9.0, "num_boost_round": 14.0}, "datetime": {"datetime": "2024-01-19 00:34:00", "elapsed": 1345.274829, "delta": 0.002141}}
{"target": -13.758734111871727, "params": {"gamma": 878.0542467542856, "log10_alpha": -4.950930011961699, "log10_colsample_bytree": -0.11687218108581077, "log10_eta": -2.646332839358509, "log10_lambda": -0.33219343380981936, "log10_min_child_weight": 3.203465719011792, "log10_subsample": -0.18814302998069132, "max_depth": 9.0, "num_boost_round": 15.0}, "datetime": {"datetime": "2024-01-19 00:34:00", "elapsed": 1345.276982, "delta": 0.002153}}
{"target": -13.758771922967727, "params": {"gamma": 878.0542467542856, "log10_alpha": -4.950930011961699, "log10_colsample_bytree": -0.11687218108581077, "log10_eta": -2.646332839358509, "log10_lambda": -0.33219343380981936, "log10_min_child_weight": 3.203465719011792, "log10_subsample": -0.18814302998069132, "max_depth": 9.0, "num_boost_round": 16.0}, "datetime": {"datetime": "2024-01-19 00:34:00", "elapsed": 1345.279131, "delta": 0.002149}}
{"target": -13.758685589764717, "params": {"gamma": 878.0542467542856, "log10_alpha": -4.950930011961699, "log10_colsample_bytree": -0.11687218108581077, "log10_eta": -2.646332839358509, "log10_lambda": -0.33219343380981936, "log10_min_child_weight": 3.203465719011792, "log10_subsample": -0.18814302998069132, "max_depth": 9.0, "num_boost_round": 17.0}, "datetime": {"datetime": "2024-01-19 00:34:00", "elapsed": 1345.28129, "delta": 0.002159}}
{"target": -13.758644975181538, "params": {"gamma": 878.0542467542856, "log10_alpha": -4.950930011961699, "log10_colsample_bytree": -0.11687218108581077, "log10_eta": -2.646332839358509, "log10_lambda": -0.33219343380981936, "log10_min_child_weight": 3.203465719011792, "log10_subsample": -0.18814302998069132, "max_depth": 9.0, "num_boost_round": 18.0}, "datetime": {"datetime": "2024-01-19 00:34:00", "elapsed": 1345.28343, "delta": 0.00214}}
{"target": -13.75863567851771, "params": {"gamma": 878.0542467542856, "log10_alpha": -4.950930011961699, "log10_colsample_bytree": -0.11687218108581077, "log10_eta": -2.646332839358509, "log10_lambda": -0.33219343380981936, "log10_min_child_weight": 3.203465719011792, "log10_subsample": -0.18814302998069132, "max_depth": 9.0, "num_boost_round": 19.0}, "datetime": {"datetime": "2024-01-19 00:34:00", "elapsed": 1345.285592, "delta": 0.002162}}
{"target": -13.758616368976446, "params": {"gamma": 878.0542467542856, "log10_alpha": -4.950930011961699, "log10_colsample_bytree": -0.11687218108581077, "log10_eta": -2.646332839358509, "log10_lambda": -0.33219343380981936, "log10_min_child_weight": 3.203465719011792, "log10_subsample": -0.18814302998069132, "max_depth": 9.0, "num_boost_round": 20.0}, "datetime": {"datetime": "2024-01-19 00:34:00", "elapsed": 1345.287728, "delta": 0.002136}}
{"target": -13.758540946130383, "params": {"gamma": 878.0542467542856, "log10_alpha": -4.950930011961699, "log10_colsample_bytree": -0.11687218108581077, "log10_eta": -2.646332839358509, "log10_lambda": -0.33219343380981936, "log10_min_child_weight": 3.203465719011792, "log10_subsample": -0.18814302998069132, "max_depth": 9.0, "num_boost_round": 21.0}, "datetime": {"datetime": "2024-01-19 00:34:00", "elapsed": 1345.289866, "delta": 0.002138}}
{"target": -13.75848358537053, "params": {"gamma": 878.0542467542856, "log10_alpha": -4.950930011961699, "log10_colsample_bytree": -0.11687218108581077, "log10_eta": -2.646332839358509, "log10_lambda": -0.33219343380981936, "log10_min_child_weight": 3.203465719011792, "log10_subsample": -0.18814302998069132, "max_depth": 9.0, "num_boost_round": 22.0}, "datetime": {"datetime": "2024-01-19 00:34:00", "elapsed": 1345.292181, "delta": 0.002315}}
{"target": -13.758496650356339, "params": {"gamma": 878.0542467542856, "log10_alpha": -4.950930011961699, "log10_colsample_bytree": -0.11687218108581077, "log10_eta": -2.646332839358509, "log10_lambda": -0.33219343380981936, "log10_min_child_weight": 3.203465719011792, "log10_subsample": -0.18814302998069132, "max_depth": 9.0, "num_boost_round": 23.0}, "datetime": {"datetime": "2024-01-19 00:34:00", "elapsed": 1345.294336, "delta": 0.002155}}
{"target": -13.75850147924402, "params": {"gamma": 878.0542467542856, "log10_alpha": -4.950930011961699, "log10_colsample_bytree": -0.11687218108581077, "log10_eta": -2.646332839358509, "log10_lambda": -0.33219343380981936, "log10_min_child_weight": 3.203465719011792, "log10_subsample": -0.18814302998069132, "max_depth": 9.0, "num_boost_round": 24.0}, "datetime": {"datetime": "2024-01-19 00:34:00", "elapsed": 1345.296468, "delta": 0.002132}}
{"target": -13.758535510207865, "params": {"gamma": 878.4253144876059, "log10_alpha": 0.7612386391407844, "log10_colsample_bytree": -0.1704868624546071, "log10_eta": -3.8628579279491673, "log10_lambda": -2.871874266328752, "log10_min_child_weight": 3.5771571053952336, "log10_subsample": -0.33129092340990407, "max_depth": 3.0, "num_boost_round": 0.0}, "datetime": {"datetime": "2024-01-19 00:34:29", "elapsed": 1373.466929, "delta": 28.170461}}
{"target": -13.758532774005634, "params": {"gamma": 878.4253144876059, "log10_alpha": 0.7612386391407844, "log10_colsample_bytree": -0.1704868624546071, "log10_eta": -3.8628579279491673, "log10_lambda": -2.871874266328752, "log10_min_child_weight": 3.5771571053952336, "log10_subsample": -0.33129092340990407, "max_depth": 3.0, "num_boost_round": 1.0}, "datetime": {"datetime": "2024-01-19 00:34:29", "elapsed": 1373.469595, "delta": 0.002666}}
{"target": -13.758532069990524, "params": {"gamma": 878.4253144876059, "log10_alpha": 0.7612386391407844, "log10_colsample_bytree": -0.1704868624546071, "log10_eta": -3.8628579279491673, "log10_lambda": -2.871874266328752, "log10_min_child_weight": 3.5771571053952336, "log10_subsample": -0.33129092340990407, "max_depth": 3.0, "num_boost_round": 2.0}, "datetime": {"datetime": "2024-01-19 00:34:29", "elapsed": 1373.47239, "delta": 0.002795}}
{"target": -13.758532293190587, "params": {"gamma": 878.4253144876059, "log10_alpha": 0.7612386391407844, "log10_colsample_bytree": -0.1704868624546071, "log10_eta": -3.8628579279491673, "log10_lambda": -2.871874266328752, "log10_min_child_weight": 3.5771571053952336, "log10_subsample": -0.33129092340990407, "max_depth": 3.0, "num_boost_round": 3.0}, "datetime": {"datetime": "2024-01-19 00:34:29", "elapsed": 1373.474559, "delta": 0.002169}}
{"target": -13.758530184082764, "params": {"gamma": 878.4253144876059, "log10_alpha": 0.7612386391407844, "log10_colsample_bytree": -0.1704868624546071, "log10_eta": -3.8628579279491673, "log10_lambda": -2.871874266328752, "log10_min_child_weight": 3.5771571053952336, "log10_subsample": -0.33129092340990407, "max_depth": 3.0, "num_boost_round": 4.0}, "datetime": {"datetime": "2024-01-19 00:34:29", "elapsed": 1373.476748, "delta": 0.002189}}
{"target": -13.758528801980288, "params": {"gamma": 878.4253144876059, "log10_alpha": 0.7612386391407844, "log10_colsample_bytree": -0.1704868624546071, "log10_eta": -3.8628579279491673, "log10_lambda": -2.871874266328752, "log10_min_child_weight": 3.5771571053952336, "log10_subsample": -0.33129092340990407, "max_depth": 3.0, "num_boost_round": 5.0}, "datetime": {"datetime": "2024-01-19 00:34:29", "elapsed": 1373.478927, "delta": 0.002179}}
{"target": -13.758526608159887, "params": {"gamma": 878.4253144876059, "log10_alpha": 0.7612386391407844, "log10_colsample_bytree": -0.1704868624546071, "log10_eta": -3.8628579279491673, "log10_lambda": -2.871874266328752, "log10_min_child_weight": 3.5771571053952336, "log10_subsample": -0.33129092340990407, "max_depth": 3.0, "num_boost_round": 6.0}, "datetime": {"datetime": "2024-01-19 00:34:29", "elapsed": 1373.481059, "delta": 0.002132}}
{"target": -13.75852537918716, "params": {"gamma": 878.4253144876059, "log10_alpha": 0.7612386391407844, "log10_colsample_bytree": -0.1704868624546071, "log10_eta": -3.8628579279491673, "log10_lambda": -2.871874266328752, "log10_min_child_weight": 3.5771571053952336, "log10_subsample": -0.33129092340990407, "max_depth": 3.0, "num_boost_round": 7.0}, "datetime": {"datetime": "2024-01-19 00:34:29", "elapsed": 1373.483215, "delta": 0.002156}}
{"target": -13.758524023131459, "params": {"gamma": 878.4253144876059, "log10_alpha": 0.7612386391407844, "log10_colsample_bytree": -0.1704868624546071, "log10_eta": -3.8628579279491673, "log10_lambda": -2.871874266328752, "log10_min_child_weight": 3.5771571053952336, "log10_subsample": -0.33129092340990407, "max_depth": 3.0, "num_boost_round": 8.0}, "datetime": {"datetime": "2024-01-19 00:34:29", "elapsed": 1373.485378, "delta": 0.002163}}
{"target": -13.75852298476775, "params": {"gamma": 878.4253144876059, "log10_alpha": 0.7612386391407844, "log10_colsample_bytree": -0.1704868624546071, "log10_eta": -3.8628579279491673, "log10_lambda": -2.871874266328752, "log10_min_child_weight": 3.5771571053952336, "log10_subsample": -0.33129092340990407, "max_depth": 3.0, "num_boost_round": 9.0}, "datetime": {"datetime": "2024-01-19 00:34:29", "elapsed": 1373.487544, "delta": 0.002166}}
{"target": -13.75852018521332, "params": {"gamma": 878.4253144876059, "log10_alpha": 0.7612386391407844, "log10_colsample_bytree": -0.1704868624546071, "log10_eta": -3.8628579279491673, "log10_lambda": -2.871874266328752, "log10_min_child_weight": 3.5771571053952336, "log10_subsample": -0.33129092340990407, "max_depth": 3.0, "num_boost_round": 10.0}, "datetime": {"datetime": "2024-01-19 00:34:29", "elapsed": 1373.489686, "delta": 0.002142}}
{"target": -13.758516920913818, "params": {"gamma": 878.4253144876059, "log10_alpha": 0.7612386391407844, "log10_colsample_bytree": -0.1704868624546071, "log10_eta": -3.8628579279491673, "log10_lambda": -2.871874266328752, "log10_min_child_weight": 3.5771571053952336, "log10_subsample": -0.33129092340990407, "max_depth": 3.0, "num_boost_round": 11.0}, "datetime": {"datetime": "2024-01-19 00:34:29", "elapsed": 1373.49199, "delta": 0.002304}}
{"target": -13.758514294085245, "params": {"gamma": 878.4253144876059, "log10_alpha": 0.7612386391407844, "log10_colsample_bytree": -0.1704868624546071, "log10_eta": -3.8628579279491673, "log10_lambda": -2.871874266328752, "log10_min_child_weight": 3.5771571053952336, "log10_subsample": -0.33129092340990407, "max_depth": 3.0, "num_boost_round": 12.0}, "datetime": {"datetime": "2024-01-19 00:34:29", "elapsed": 1373.494195, "delta": 0.002205}}
{"target": -13.75851276729351, "params": {"gamma": 878.4253144876059, "log10_alpha": 0.7612386391407844, "log10_colsample_bytree": -0.1704868624546071, "log10_eta": -3.8628579279491673, "log10_lambda": -2.871874266328752, "log10_min_child_weight": 3.5771571053952336, "log10_subsample": -0.33129092340990407, "max_depth": 3.0, "num_boost_round": 13.0}, "datetime": {"datetime": "2024-01-19 00:34:29", "elapsed": 1373.496373, "delta": 0.002178}}
{"target": -13.758510891117004, "params": {"gamma": 878.4253144876059, "log10_alpha": 0.7612386391407844, "log10_colsample_bytree": -0.1704868624546071, "log10_eta": -3.8628579279491673, "log10_lambda": -2.871874266328752, "log10_min_child_weight": 3.5771571053952336, "log10_subsample": -0.33129092340990407, "max_depth": 3.0, "num_boost_round": 14.0}, "datetime": {"datetime": "2024-01-19 00:34:29", "elapsed": 1373.498551, "delta": 0.002178}}
