{"target": -13.758525308303003, "params": {"gamma": 447.2750102226781, "log10_alpha": 1.0, "log10_colsample_bytree": 0.0, "log10_eta": -4.0, "log10_lambda": 1.0, "log10_min_child_weight": 1.2711508302616854, "log10_subsample": -1.0, "max_depth": 5.0, "num_boost_round": 5.0}, "datetime": {"datetime": "2024-01-19 00:42:54", "elapsed": 1878.087061, "delta": 0.003279}}
{"target": -13.758524232532102, "params": {"gamma": 447.2750102226781, "log10_alpha": 1.0, "log10_colsample_bytree": 0.0, "log10_eta": -4.0, "log10_lambda": 1.0, "log10_min_child_weight": 1.2711508302616854, "log10_subsample": -1.0, "max_depth": 5.0, "num_boost_round": 6.0}, "datetime": {"datetime": "2024-01-19 00:42:54", "elapsed": 1878.090173, "delta": 0.003112}}
{"target": -13.758525961254596, "params": {"gamma": 447.2750102226781, "log10_alpha": 1.0, "log10_colsample_bytree": 0.0, "log10_eta": -4.0, "log10_lambda": 1.0, "log10_min_child_weight": 1.2711508302616854, "log10_subsample": -1.0, "max_depth": 5.0, "num_boost_round": 7.0}, "datetime": {"datetime": "2024-01-19 00:42:54", "elapsed": 1878.093115, "delta": 0.002942}}
{"target": -13.758524112414902, "params": {"gamma": 447.2750102226781, "log10_alpha": 1.0, "log10_colsample_bytree": 0.0, "log10_eta": -4.0, "log10_lambda": 1.0, "log10_min_child_weight": 1.2711508302616854, "log10_subsample": -1.0, "max_depth": 5.0, "num_boost_round": 8.0}, "datetime": {"datetime": "2024-01-19 00:42:54", "elapsed": 1878.096207, "delta": 0.003092}}
{"target": -13.758522723488378, "params": {"gamma": 447.2750102226781, "log10_alpha": 1.0, "log10_colsample_bytree": 0.0, "log10_eta": -4.0, "log10_lambda": 1.0, "log10_min_child_weight": 1.2711508302616854, "log10_subsample": -1.0, "max_depth": 5.0, "num_boost_round": 9.0}, "datetime": {"datetime": "2024-01-19 00:42:54", "elapsed": 1878.099136, "delta": 0.002929}}
{"target": -13.758518967157396, "params": {"gamma": 447.2750102226781, "log10_alpha": 1.0, "log10_colsample_bytree": 0.0, "log10_eta": -4.0, "log10_lambda": 1.0, "log10_min_child_weight": 1.2711508302616854, "log10_subsample": -1.0, "max_depth": 5.0, "num_boost_round": 10.0}, "datetime": {"datetime": "2024-01-19 00:42:54", "elapsed": 1878.102129, "delta": 0.002993}}
{"target": -13.758512750476225, "params": {"gamma": 447.2750102226781, "log10_alpha": 1.0, "log10_colsample_bytree": 0.0, "log10_eta": -4.0, "log10_lambda": 1.0, "log10_min_child_weight": 1.2711508302616854, "log10_subsample": -1.0, "max_depth": 5.0, "num_boost_round": 11.0}, "datetime": {"datetime": "2024-01-19 00:42:54", "elapsed": 1878.1051, "delta": 0.002971}}
{"target": -13.758511208515275, "params": {"gamma": 447.2750102226781, "log10_alpha": 1.0, "log10_colsample_bytree": 0.0, "log10_eta": -4.0, "log10_lambda": 1.0, "log10_min_child_weight": 1.2711508302616854, "log10_subsample": -1.0, "max_depth": 5.0, "num_boost_round": 12.0}, "datetime": {"datetime": "2024-01-19 00:42:54", "elapsed": 1878.108109, "delta": 0.003009}}
{"target": -13.758509636320857, "params": {"gamma": 447.2750102226781, "log10_alpha": 1.0, "log10_colsample_bytree": 0.0, "log10_eta": -4.0, "log10_lambda": 1.0, "log10_min_child_weight": 1.2711508302616854, "log10_subsample": -1.0, "max_depth": 5.0, "num_boost_round": 13.0}, "datetime": {"datetime": "2024-01-19 00:42:54", "elapsed": 1878.111154, "delta": 0.003045}}
{"target": -13.758509610521948, "params": {"gamma": 447.2750102226781, "log10_alpha": 1.0, "log10_colsample_bytree": 0.0, "log10_eta": -4.0, "log10_lambda": 1.0, "log10_min_child_weight": 1.2711508302616854, "log10_subsample": -1.0, "max_depth": 5.0, "num_boost_round": 14.0}, "datetime": {"datetime": "2024-01-19 00:42:54", "elapsed": 1878.11424, "delta": 0.003086}}
{"target": -13.758509314242785, "params": {"gamma": 447.2750102226781, "log10_alpha": 1.0, "log10_colsample_bytree": 0.0, "log10_eta": -4.0, "log10_lambda": 1.0, "log10_min_child_weight": 1.2711508302616854, "log10_subsample": -1.0, "max_depth": 5.0, "num_boost_round": 15.0}, "datetime": {"datetime": "2024-01-19 00:42:54", "elapsed": 1878.117232, "delta": 0.002992}}
{"target": -13.758504852161936, "params": {"gamma": 447.2750102226781, "log10_alpha": 1.0, "log10_colsample_bytree": 0.0, "log10_eta": -4.0, "log10_lambda": 1.0, "log10_min_child_weight": 1.2711508302616854, "log10_subsample": -1.0, "max_depth": 5.0, "num_boost_round": 16.0}, "datetime": {"datetime": "2024-01-19 00:42:54", "elapsed": 1878.120253, "delta": 0.003021}}
{"target": -13.758501806225704, "params": {"gamma": 447.2750102226781, "log10_alpha": 1.0, "log10_colsample_bytree": 0.0, "log10_eta": -4.0, "log10_lambda": 1.0, "log10_min_child_weight": 1.2711508302616854, "log10_subsample": -1.0, "max_depth": 5.0, "num_boost_round": 17.0}, "datetime": {"datetime": "2024-01-19 00:42:54", "elapsed": 1878.123262, "delta": 0.003009}}
{"target": -13.758498649366151, "params": {"gamma": 447.2750102226781, "log10_alpha": 1.0, "log10_colsample_bytree": 0.0, "log10_eta": -4.0, "log10_lambda": 1.0, "log10_min_child_weight": 1.2711508302616854, "log10_subsample": -1.0, "max_depth": 5.0, "num_boost_round": 18.0}, "datetime": {"datetime": "2024-01-19 00:42:54", "elapsed": 1878.126392, "delta": 0.00313}}
{"target": -13.758497592298237, "params": {"gamma": 447.2750102226781, "log10_alpha": 1.0, "log10_colsample_bytree": 0.0, "log10_eta": -4.0, "log10_lambda": 1.0, "log10_min_child_weight": 1.2711508302616854, "log10_subsample": -1.0, "max_depth": 5.0, "num_boost_round": 19.0}, "datetime": {"datetime": "2024-01-19 00:42:54", "elapsed": 1878.129527, "delta": 0.003135}}
{"target": -13.758495346827434, "params": {"gamma": 447.2750102226781, "log10_alpha": 1.0, "log10_colsample_bytree": 0.0, "log10_eta": -4.0, "log10_lambda": 1.0, "log10_min_child_weight": 1.2711508302616854, "log10_subsample": -1.0, "max_depth": 5.0, "num_boost_round": 20.0}, "datetime": {"datetime": "2024-01-19 00:42:54", "elapsed": 1878.132559, "delta": 0.003032}}
{"target": -13.758495611822383, "params": {"gamma": 447.2750102226781, "log10_alpha": 1.0, "log10_colsample_bytree": 0.0, "log10_eta": -4.0, "log10_lambda": 1.0, "log10_min_child_weight": 1.2711508302616854, "log10_subsample": -1.0, "max_depth": 5.0, "num_boost_round": 21.0}, "datetime": {"datetime": "2024-01-19 00:42:54", "elapsed": 1878.135615, "delta": 0.003056}}
{"target": -13.758493620518824, "params": {"gamma": 447.2750102226781, "log10_alpha": 1.0, "log10_colsample_bytree": 0.0, "log10_eta": -4.0, "log10_lambda": 1.0, "log10_min_child_weight": 1.2711508302616854, "log10_subsample": -1.0, "max_depth": 5.0, "num_boost_round": 22.0}, "datetime": {"datetime": "2024-01-19 00:42:54", "elapsed": 1878.138638, "delta": 0.003023}}
{"target": -13.758490711113705, "params": {"gamma": 447.2750102226781, "log10_alpha": 1.0, "log10_colsample_bytree": 0.0, "log10_eta": -4.0, "log10_lambda": 1.0, "log10_min_child_weight": 1.2711508302616854, "log10_subsample": -1.0, "max_depth": 5.0, "num_boost_round": 23.0}, "datetime": {"datetime": "2024-01-19 00:42:54", "elapsed": 1878.141599, "delta": 0.002961}}
{"target": -13.75848745202266, "params": {"gamma": 447.2750102226781, "log10_alpha": 1.0, "log10_colsample_bytree": 0.0, "log10_eta": -4.0, "log10_lambda": 1.0, "log10_min_child_weight": 1.2711508302616854, "log10_subsample": -1.0, "max_depth": 5.0, "num_boost_round": 24.0}, "datetime": {"datetime": "2024-01-19 00:42:54", "elapsed": 1878.14465, "delta": 0.003051}}
{"target": -13.758486182322024, "params": {"gamma": 447.2750102226781, "log10_alpha": 1.0, "log10_colsample_bytree": 0.0, "log10_eta": -4.0, "log10_lambda": 1.0, "log10_min_child_weight": 1.2711508302616854, "log10_subsample": -1.0, "max_depth": 5.0, "num_boost_round": 25.0}, "datetime": {"datetime": "2024-01-19 00:42:54", "elapsed": 1878.147637, "delta": 0.002987}}
{"target": -13.758483953259224, "params": {"gamma": 447.2750102226781, "log10_alpha": 1.0, "log10_colsample_bytree": 0.0, "log10_eta": -4.0, "log10_lambda": 1.0, "log10_min_child_weight": 1.2711508302616854, "log10_subsample": -1.0, "max_depth": 5.0, "num_boost_round": 26.0}, "datetime": {"datetime": "2024-01-19 00:42:54", "elapsed": 1878.15068, "delta": 0.003043}}
{"target": -13.75847798892889, "params": {"gamma": 447.2750102226781, "log10_alpha": 1.0, "log10_colsample_bytree": 0.0, "log10_eta": -4.0, "log10_lambda": 1.0, "log10_min_child_weight": 1.2711508302616854, "log10_subsample": -1.0, "max_depth": 5.0, "num_boost_round": 27.0}, "datetime": {"datetime": "2024-01-19 00:42:54", "elapsed": 1878.153671, "delta": 0.002991}}
{"target": -13.758479212997448, "params": {"gamma": 447.2750102226781, "log10_alpha": 1.0, "log10_colsample_bytree": 0.0, "log10_eta": -4.0, "log10_lambda": 1.0, "log10_min_child_weight": 1.2711508302616854, "log10_subsample": -1.0, "max_depth": 5.0, "num_boost_round": 28.0}, "datetime": {"datetime": "2024-01-19 00:42:54", "elapsed": 1878.156827, "delta": 0.003156}}
{"target": -13.75847723214834, "params": {"gamma": 447.2750102226781, "log10_alpha": 1.0, "log10_colsample_bytree": 0.0, "log10_eta": -4.0, "log10_lambda": 1.0, "log10_min_child_weight": 1.2711508302616854, "log10_subsample": -1.0, "max_depth": 5.0, "num_boost_round": 29.0}, "datetime": {"datetime": "2024-01-19 00:42:54", "elapsed": 1878.159801, "delta": 0.002974}}
{"target": -13.758476785844406, "params": {"gamma": 447.2750102226781, "log10_alpha": 1.0, "log10_colsample_bytree": 0.0, "log10_eta": -4.0, "log10_lambda": 1.0, "log10_min_child_weight": 1.2711508302616854, "log10_subsample": -1.0, "max_depth": 5.0, "num_boost_round": 30.0}, "datetime": {"datetime": "2024-01-19 00:42:54", "elapsed": 1878.162816, "delta": 0.003015}}
{"target": -13.758472821615264, "params": {"gamma": 447.2750102226781, "log10_alpha": 1.0, "log10_colsample_bytree": 0.0, "log10_eta": -4.0, "log10_lambda": 1.0, "log10_min_child_weight": 1.2711508302616854, "log10_subsample": -1.0, "max_depth": 5.0, "num_boost_round": 31.0}, "datetime": {"datetime": "2024-01-19 00:42:54", "elapsed": 1878.165829, "delta": 0.003013}}
{"target": -13.758472804519043, "params": {"gamma": 447.2750102226781, "log10_alpha": 1.0, "log10_colsample_bytree": 0.0, "log10_eta": -4.0, "log10_lambda": 1.0, "log10_min_child_weight": 1.2711508302616854, "log10_subsample": -1.0, "max_depth": 5.0, "num_boost_round": 32.0}, "datetime": {"datetime": "2024-01-19 00:42:54", "elapsed": 1878.168854, "delta": 0.003025}}
{"target": -13.758468897992111, "params": {"gamma": 447.2750102226781, "log10_alpha": 1.0, "log10_colsample_bytree": 0.0, "log10_eta": -4.0, "log10_lambda": 1.0, "log10_min_child_weight": 1.2711508302616854, "log10_subsample": -1.0, "max_depth": 5.0, "num_boost_round": 33.0}, "datetime": {"datetime": "2024-01-19 00:42:54", "elapsed": 1878.171877, "delta": 0.003023}}
{"target": -13.758467818211919, "params": {"gamma": 447.2750102226781, "log10_alpha": 1.0, "log10_colsample_bytree": 0.0, "log10_eta": -4.0, "log10_lambda": 1.0, "log10_min_child_weight": 1.2711508302616854, "log10_subsample": -1.0, "max_depth": 5.0, "num_boost_round": 34.0}, "datetime": {"datetime": "2024-01-19 00:42:54", "elapsed": 1878.175049, "delta": 0.003172}}
{"target": -13.75846583070328, "params": {"gamma": 447.2750102226781, "log10_alpha": 1.0, "log10_colsample_bytree": 0.0, "log10_eta": -4.0, "log10_lambda": 1.0, "log10_min_child_weight": 1.2711508302616854, "log10_subsample": -1.0, "max_depth": 5.0, "num_boost_round": 35.0}, "datetime": {"datetime": "2024-01-19 00:42:54", "elapsed": 1878.178226, "delta": 0.003177}}
{"target": -13.758467354592653, "params": {"gamma": 447.2750102226781, "log10_alpha": 1.0, "log10_colsample_bytree": 0.0, "log10_eta": -4.0, "log10_lambda": 1.0, "log10_min_child_weight": 1.2711508302616854, "log10_subsample": -1.0, "max_depth": 5.0, "num_boost_round": 36.0}, "datetime": {"datetime": "2024-01-19 00:42:54", "elapsed": 1878.181359, "delta": 0.003133}}
{"target": -13.758467605545214, "params": {"gamma": 447.2750102226781, "log10_alpha": 1.0, "log10_colsample_bytree": 0.0, "log10_eta": -4.0, "log10_lambda": 1.0, "log10_min_child_weight": 1.2711508302616854, "log10_subsample": -1.0, "max_depth": 5.0, "num_boost_round": 37.0}, "datetime": {"datetime": "2024-01-19 00:42:54", "elapsed": 1878.184397, "delta": 0.003038}}
{"target": -13.758462430201144, "params": {"gamma": 447.2750102226781, "log10_alpha": 1.0, "log10_colsample_bytree": 0.0, "log10_eta": -4.0, "log10_lambda": 1.0, "log10_min_child_weight": 1.2711508302616854, "log10_subsample": -1.0, "max_depth": 5.0, "num_boost_round": 38.0}, "datetime": {"datetime": "2024-01-19 00:42:54", "elapsed": 1878.187484, "delta": 0.003087}}
{"target": -13.758459074694521, "params": {"gamma": 447.2750102226781, "log10_alpha": 1.0, "log10_colsample_bytree": 0.0, "log10_eta": -4.0, "log10_lambda": 1.0, "log10_min_child_weight": 1.2711508302616854, "log10_subsample": -1.0, "max_depth": 5.0, "num_boost_round": 39.0}, "datetime": {"datetime": "2024-01-19 00:42:54", "elapsed": 1878.282233, "delta": 0.094749}}
{"target": -13.758457820605777, "params": {"gamma": 447.2750102226781, "log10_alpha": 1.0, "log10_colsample_bytree": 0.0, "log10_eta": -4.0, "log10_lambda": 1.0, "log10_min_child_weight": 1.2711508302616854, "log10_subsample": -1.0, "max_depth": 5.0, "num_boost_round": 40.0}, "datetime": {"datetime": "2024-01-19 00:42:54", "elapsed": 1878.28573, "delta": 0.003497}}
{"target": -13.758456885771746, "params": {"gamma": 447.2750102226781, "log10_alpha": 1.0, "log10_colsample_bytree": 0.0, "log10_eta": -4.0, "log10_lambda": 1.0, "log10_min_child_weight": 1.2711508302616854, "log10_subsample": -1.0, "max_depth": 5.0, "num_boost_round": 41.0}, "datetime": {"datetime": "2024-01-19 00:42:54", "elapsed": 1878.288903, "delta": 0.003173}}
{"target": -13.758198832604092, "params": {"gamma": 490.33755529027576, "log10_alpha": 0.19568974754847535, "log10_colsample_bytree": -0.9699775404904083, "log10_eta": -1.9059792570434988, "log10_lambda": 0.5842551102931637, "log10_min_child_weight": 2.2365061786654477, "log10_subsample": -0.8942374458863679, "max_depth": 8.0, "num_boost_round": 0.0}, "datetime": {"datetime": "2024-01-19 00:43:41", "elapsed": 1925.376619, "delta": 47.087716}}
{"target": -13.757881023748153, "params": {"gamma": 490.33755529027576, "log10_alpha": 0.19568974754847535, "log10_colsample_bytree": -0.9699775404904083, "log10_eta": -1.9059792570434988, "log10_lambda": 0.5842551102931637, "log10_min_child_weight": 2.2365061786654477, "log10_subsample": -0.8942374458863679, "max_depth": 8.0, "num_boost_round": 1.0}, "datetime": {"datetime": "2024-01-19 00:43:41", "elapsed": 1925.380418, "delta": 0.003799}}
{"target": -13.757587225013026, "params": {"gamma": 490.33755529027576, "log10_alpha": 0.19568974754847535, "log10_colsample_bytree": -0.9699775404904083, "log10_eta": -1.9059792570434988, "log10_lambda": 0.5842551102931637, "log10_min_child_weight": 2.2365061786654477, "log10_subsample": -0.8942374458863679, "max_depth": 8.0, "num_boost_round": 2.0}, "datetime": {"datetime": "2024-01-19 00:43:41", "elapsed": 1925.383909, "delta": 0.003491}}
{"target": -13.75750375110378, "params": {"gamma": 490.33755529027576, "log10_alpha": 0.19568974754847535, "log10_colsample_bytree": -0.9699775404904083, "log10_eta": -1.9059792570434988, "log10_lambda": 0.5842551102931637, "log10_min_child_weight": 2.2365061786654477, "log10_subsample": -0.8942374458863679, "max_depth": 8.0, "num_boost_round": 3.0}, "datetime": {"datetime": "2024-01-19 00:43:41", "elapsed": 1925.387041, "delta": 0.003132}}
{"target": -13.757456393920462, "params": {"gamma": 490.33755529027576, "log10_alpha": 0.19568974754847535, "log10_colsample_bytree": -0.9699775404904083, "log10_eta": -1.9059792570434988, "log10_lambda": 0.5842551102931637, "log10_min_child_weight": 2.2365061786654477, "log10_subsample": -0.8942374458863679, "max_depth": 8.0, "num_boost_round": 4.0}, "datetime": {"datetime": "2024-01-19 00:43:41", "elapsed": 1925.390156, "delta": 0.003115}}
{"target": -13.75736948049755, "params": {"gamma": 490.33755529027576, "log10_alpha": 0.19568974754847535, "log10_colsample_bytree": -0.9699775404904083, "log10_eta": -1.9059792570434988, "log10_lambda": 0.5842551102931637, "log10_min_child_weight": 2.2365061786654477, "log10_subsample": -0.8942374458863679, "max_depth": 8.0, "num_boost_round": 5.0}, "datetime": {"datetime": "2024-01-19 00:43:41", "elapsed": 1925.39322, "delta": 0.003064}}
{"target": -13.757483878482708, "params": {"gamma": 490.33755529027576, "log10_alpha": 0.19568974754847535, "log10_colsample_bytree": -0.9699775404904083, "log10_eta": -1.9059792570434988, "log10_lambda": 0.5842551102931637, "log10_min_child_weight": 2.2365061786654477, "log10_subsample": -0.8942374458863679, "max_depth": 8.0, "num_boost_round": 6.0}, "datetime": {"datetime": "2024-01-19 00:43:41", "elapsed": 1925.396345, "delta": 0.003125}}
{"target": -13.756893841081721, "params": {"gamma": 490.33755529027576, "log10_alpha": 0.19568974754847535, "log10_colsample_bytree": -0.9699775404904083, "log10_eta": -1.9059792570434988, "log10_lambda": 0.5842551102931637, "log10_min_child_weight": 2.2365061786654477, "log10_subsample": -0.8942374458863679, "max_depth": 8.0, "num_boost_round": 7.0}, "datetime": {"datetime": "2024-01-19 00:43:41", "elapsed": 1925.399385, "delta": 0.00304}}
{"target": -13.756569164993808, "params": {"gamma": 490.33755529027576, "log10_alpha": 0.19568974754847535, "log10_colsample_bytree": -0.9699775404904083, "log10_eta": -1.9059792570434988, "log10_lambda": 0.5842551102931637, "log10_min_child_weight": 2.2365061786654477, "log10_subsample": -0.8942374458863679, "max_depth": 8.0, "num_boost_round": 8.0}, "datetime": {"datetime": "2024-01-19 00:43:41", "elapsed": 1925.402394, "delta": 0.003009}}
{"target": -13.756372161971228, "params": {"gamma": 490.33755529027576, "log10_alpha": 0.19568974754847535, "log10_colsample_bytree": -0.9699775404904083, "log10_eta": -1.9059792570434988, "log10_lambda": 0.5842551102931637, "log10_min_child_weight": 2.2365061786654477, "log10_subsample": -0.8942374458863679, "max_depth": 8.0, "num_boost_round": 9.0}, "datetime": {"datetime": "2024-01-19 00:43:41", "elapsed": 1925.405463, "delta": 0.003069}}
{"target": -13.756350853270149, "params": {"gamma": 490.33755529027576, "log10_alpha": 0.19568974754847535, "log10_colsample_bytree": -0.9699775404904083, "log10_eta": -1.9059792570434988, "log10_lambda": 0.5842551102931637, "log10_min_child_weight": 2.2365061786654477, "log10_subsample": -0.8942374458863679, "max_depth": 8.0, "num_boost_round": 10.0}, "datetime": {"datetime": "2024-01-19 00:43:41", "elapsed": 1925.408497, "delta": 0.003034}}
{"target": -13.756002104474096, "params": {"gamma": 490.33755529027576, "log10_alpha": 0.19568974754847535, "log10_colsample_bytree": -0.9699775404904083, "log10_eta": -1.9059792570434988, "log10_lambda": 0.5842551102931637, "log10_min_child_weight": 2.2365061786654477, "log10_subsample": -0.8942374458863679, "max_depth": 8.0, "num_boost_round": 11.0}, "datetime": {"datetime": "2024-01-19 00:43:41", "elapsed": 1925.411618, "delta": 0.003121}}
{"target": -13.755891149137675, "params": {"gamma": 490.33755529027576, "log10_alpha": 0.19568974754847535, "log10_colsample_bytree": -0.9699775404904083, "log10_eta": -1.9059792570434988, "log10_lambda": 0.5842551102931637, "log10_min_child_weight": 2.2365061786654477, "log10_subsample": -0.8942374458863679, "max_depth": 8.0, "num_boost_round": 12.0}, "datetime": {"datetime": "2024-01-19 00:43:41", "elapsed": 1925.414753, "delta": 0.003135}}
{"target": -13.755607684720305, "params": {"gamma": 490.33755529027576, "log10_alpha": 0.19568974754847535, "log10_colsample_bytree": -0.9699775404904083, "log10_eta": -1.9059792570434988, "log10_lambda": 0.5842551102931637, "log10_min_child_weight": 2.2365061786654477, "log10_subsample": -0.8942374458863679, "max_depth": 8.0, "num_boost_round": 13.0}, "datetime": {"datetime": "2024-01-19 00:43:41", "elapsed": 1925.418331, "delta": 0.003578}}
{"target": -13.7551785041634, "params": {"gamma": 490.33755529027576, "log10_alpha": 0.19568974754847535, "log10_colsample_bytree": -0.9699775404904083, "log10_eta": -1.9059792570434988, "log10_lambda": 0.5842551102931637, "log10_min_child_weight": 2.2365061786654477, "log10_subsample": -0.8942374458863679, "max_depth": 8.0, "num_boost_round": 14.0}, "datetime": {"datetime": "2024-01-19 00:43:41", "elapsed": 1925.421409, "delta": 0.003078}}
{"target": -13.754729564772754, "params": {"gamma": 490.33755529027576, "log10_alpha": 0.19568974754847535, "log10_colsample_bytree": -0.9699775404904083, "log10_eta": -1.9059792570434988, "log10_lambda": 0.5842551102931637, "log10_min_child_weight": 2.2365061786654477, "log10_subsample": -0.8942374458863679, "max_depth": 8.0, "num_boost_round": 15.0}, "datetime": {"datetime": "2024-01-19 00:43:41", "elapsed": 1925.424654, "delta": 0.003245}}
{"target": -13.754544624757685, "params": {"gamma": 490.33755529027576, "log10_alpha": 0.19568974754847535, "log10_colsample_bytree": -0.9699775404904083, "log10_eta": -1.9059792570434988, "log10_lambda": 0.5842551102931637, "log10_min_child_weight": 2.2365061786654477, "log10_subsample": -0.8942374458863679, "max_depth": 8.0, "num_boost_round": 16.0}, "datetime": {"datetime": "2024-01-19 00:43:41", "elapsed": 1925.427872, "delta": 0.003218}}
{"target": -13.75411747909339, "params": {"gamma": 490.33755529027576, "log10_alpha": 0.19568974754847535, "log10_colsample_bytree": -0.9699775404904083, "log10_eta": -1.9059792570434988, "log10_lambda": 0.5842551102931637, "log10_min_child_weight": 2.2365061786654477, "log10_subsample": -0.8942374458863679, "max_depth": 8.0, "num_boost_round": 17.0}, "datetime": {"datetime": "2024-01-19 00:43:41", "elapsed": 1925.430983, "delta": 0.003111}}
