{"target": -13.758468238352833, "params": {"gamma": 845.7379941937385, "log10_alpha": -0.31250421014045227, "log10_colsample_bytree": -0.5923214640009953, "log10_eta": -3.4541067843838933, "log10_lambda": -3.4774129124682585, "log10_min_child_weight": 1.3120281850453608, "log10_subsample": -0.8880508099270328, "max_depth": 9.0, "num_boost_round": 3.0}, "datetime": {"datetime": "2024-01-19 01:13:20", "elapsed": 3720.396109, "delta": 0.003483}}
{"target": -13.758454536166235, "params": {"gamma": 845.7379941937385, "log10_alpha": -0.31250421014045227, "log10_colsample_bytree": -0.5923214640009953, "log10_eta": -3.4541067843838933, "log10_lambda": -3.4774129124682585, "log10_min_child_weight": 1.3120281850453608, "log10_subsample": -0.8880508099270328, "max_depth": 9.0, "num_boost_round": 4.0}, "datetime": {"datetime": "2024-01-19 01:13:20", "elapsed": 3720.399705, "delta": 0.003596}}
{"target": -13.758431583450898, "params": {"gamma": 845.7379941937385, "log10_alpha": -0.31250421014045227, "log10_colsample_bytree": -0.5923214640009953, "log10_eta": -3.4541067843838933, "log10_lambda": -3.4774129124682585, "log10_min_child_weight": 1.3120281850453608, "log10_subsample": -0.8880508099270328, "max_depth": 9.0, "num_boost_round": 5.0}, "datetime": {"datetime": "2024-01-19 01:13:20", "elapsed": 3720.403282, "delta": 0.003577}}
{"target": -13.758439059545596, "params": {"gamma": 845.7379941937385, "log10_alpha": -0.31250421014045227, "log10_colsample_bytree": -0.5923214640009953, "log10_eta": -3.4541067843838933, "log10_lambda": -3.4774129124682585, "log10_min_child_weight": 1.3120281850453608, "log10_subsample": -0.8880508099270328, "max_depth": 9.0, "num_boost_round": 6.0}, "datetime": {"datetime": "2024-01-19 01:13:20", "elapsed": 3720.406727, "delta": 0.003445}}
{"target": -13.758429528502237, "params": {"gamma": 845.7379941937385, "log10_alpha": -0.31250421014045227, "log10_colsample_bytree": -0.5923214640009953, "log10_eta": -3.4541067843838933, "log10_lambda": -3.4774129124682585, "log10_min_child_weight": 1.3120281850453608, "log10_subsample": -0.8880508099270328, "max_depth": 9.0, "num_boost_round": 7.0}, "datetime": {"datetime": "2024-01-19 01:13:20", "elapsed": 3720.410318, "delta": 0.003591}}
{"target": -13.758416422914289, "params": {"gamma": 845.7379941937385, "log10_alpha": -0.31250421014045227, "log10_colsample_bytree": -0.5923214640009953, "log10_eta": -3.4541067843838933, "log10_lambda": -3.4774129124682585, "log10_min_child_weight": 1.3120281850453608, "log10_subsample": -0.8880508099270328, "max_depth": 9.0, "num_boost_round": 8.0}, "datetime": {"datetime": "2024-01-19 01:13:20", "elapsed": 3720.413791, "delta": 0.003473}}
{"target": -13.758398690078069, "params": {"gamma": 845.7379941937385, "log10_alpha": -0.31250421014045227, "log10_colsample_bytree": -0.5923214640009953, "log10_eta": -3.4541067843838933, "log10_lambda": -3.4774129124682585, "log10_min_child_weight": 1.3120281850453608, "log10_subsample": -0.8880508099270328, "max_depth": 9.0, "num_boost_round": 9.0}, "datetime": {"datetime": "2024-01-19 01:13:20", "elapsed": 3720.417335, "delta": 0.003544}}
{"target": -13.758379863015325, "params": {"gamma": 845.7379941937385, "log10_alpha": -0.31250421014045227, "log10_colsample_bytree": -0.5923214640009953, "log10_eta": -3.4541067843838933, "log10_lambda": -3.4774129124682585, "log10_min_child_weight": 1.3120281850453608, "log10_subsample": -0.8880508099270328, "max_depth": 9.0, "num_boost_round": 10.0}, "datetime": {"datetime": "2024-01-19 01:13:20", "elapsed": 3720.420955, "delta": 0.00362}}
{"target": -13.758382220978266, "params": {"gamma": 845.7379941937385, "log10_alpha": -0.31250421014045227, "log10_colsample_bytree": -0.5923214640009953, "log10_eta": -3.4541067843838933, "log10_lambda": -3.4774129124682585, "log10_min_child_weight": 1.3120281850453608, "log10_subsample": -0.8880508099270328, "max_depth": 9.0, "num_boost_round": 11.0}, "datetime": {"datetime": "2024-01-19 01:13:20", "elapsed": 3720.424676, "delta": 0.003721}}
{"target": -13.758381015831995, "params": {"gamma": 845.7379941937385, "log10_alpha": -0.31250421014045227, "log10_colsample_bytree": -0.5923214640009953, "log10_eta": -3.4541067843838933, "log10_lambda": -3.4774129124682585, "log10_min_child_weight": 1.3120281850453608, "log10_subsample": -0.8880508099270328, "max_depth": 9.0, "num_boost_round": 12.0}, "datetime": {"datetime": "2024-01-19 01:13:20", "elapsed": 3720.428244, "delta": 0.003568}}
{"target": -13.75835753214355, "params": {"gamma": 845.7379941937385, "log10_alpha": -0.31250421014045227, "log10_colsample_bytree": -0.5923214640009953, "log10_eta": -3.4541067843838933, "log10_lambda": -3.4774129124682585, "log10_min_child_weight": 1.3120281850453608, "log10_subsample": -0.8880508099270328, "max_depth": 9.0, "num_boost_round": 13.0}, "datetime": {"datetime": "2024-01-19 01:13:20", "elapsed": 3720.431736, "delta": 0.003492}}
{"target": -13.758362378626396, "params": {"gamma": 845.7379941937385, "log10_alpha": -0.31250421014045227, "log10_colsample_bytree": -0.5923214640009953, "log10_eta": -3.4541067843838933, "log10_lambda": -3.4774129124682585, "log10_min_child_weight": 1.3120281850453608, "log10_subsample": -0.8880508099270328, "max_depth": 9.0, "num_boost_round": 14.0}, "datetime": {"datetime": "2024-01-19 01:13:20", "elapsed": 3720.435337, "delta": 0.003601}}
{"target": -13.758318303470572, "params": {"gamma": 845.7379941937385, "log10_alpha": -0.31250421014045227, "log10_colsample_bytree": -0.5923214640009953, "log10_eta": -3.4541067843838933, "log10_lambda": -3.4774129124682585, "log10_min_child_weight": 1.3120281850453608, "log10_subsample": -0.8880508099270328, "max_depth": 9.0, "num_boost_round": 15.0}, "datetime": {"datetime": "2024-01-19 01:13:20", "elapsed": 3720.43883, "delta": 0.003493}}
{"target": -13.758307047545669, "params": {"gamma": 845.7379941937385, "log10_alpha": -0.31250421014045227, "log10_colsample_bytree": -0.5923214640009953, "log10_eta": -3.4541067843838933, "log10_lambda": -3.4774129124682585, "log10_min_child_weight": 1.3120281850453608, "log10_subsample": -0.8880508099270328, "max_depth": 9.0, "num_boost_round": 16.0}, "datetime": {"datetime": "2024-01-19 01:13:20", "elapsed": 3720.442255, "delta": 0.003425}}
{"target": -13.758276567280912, "params": {"gamma": 845.7379941937385, "log10_alpha": -0.31250421014045227, "log10_colsample_bytree": -0.5923214640009953, "log10_eta": -3.4541067843838933, "log10_lambda": -3.4774129124682585, "log10_min_child_weight": 1.3120281850453608, "log10_subsample": -0.8880508099270328, "max_depth": 9.0, "num_boost_round": 17.0}, "datetime": {"datetime": "2024-01-19 01:13:20", "elapsed": 3720.445652, "delta": 0.003397}}
{"target": -13.758276675147437, "params": {"gamma": 845.7379941937385, "log10_alpha": -0.31250421014045227, "log10_colsample_bytree": -0.5923214640009953, "log10_eta": -3.4541067843838933, "log10_lambda": -3.4774129124682585, "log10_min_child_weight": 1.3120281850453608, "log10_subsample": -0.8880508099270328, "max_depth": 9.0, "num_boost_round": 18.0}, "datetime": {"datetime": "2024-01-19 01:13:20", "elapsed": 3720.44906, "delta": 0.003408}}
{"target": -13.758263287624574, "params": {"gamma": 845.7379941937385, "log10_alpha": -0.31250421014045227, "log10_colsample_bytree": -0.5923214640009953, "log10_eta": -3.4541067843838933, "log10_lambda": -3.4774129124682585, "log10_min_child_weight": 1.3120281850453608, "log10_subsample": -0.8880508099270328, "max_depth": 9.0, "num_boost_round": 19.0}, "datetime": {"datetime": "2024-01-19 01:13:20", "elapsed": 3720.452588, "delta": 0.003528}}
{"target": -13.758245540303422, "params": {"gamma": 845.7379941937385, "log10_alpha": -0.31250421014045227, "log10_colsample_bytree": -0.5923214640009953, "log10_eta": -3.4541067843838933, "log10_lambda": -3.4774129124682585, "log10_min_child_weight": 1.3120281850453608, "log10_subsample": -0.8880508099270328, "max_depth": 9.0, "num_boost_round": 20.0}, "datetime": {"datetime": "2024-01-19 01:13:20", "elapsed": 3720.456001, "delta": 0.003413}}
{"target": -13.758229407694794, "params": {"gamma": 845.7379941937385, "log10_alpha": -0.31250421014045227, "log10_colsample_bytree": -0.5923214640009953, "log10_eta": -3.4541067843838933, "log10_lambda": -3.4774129124682585, "log10_min_child_weight": 1.3120281850453608, "log10_subsample": -0.8880508099270328, "max_depth": 9.0, "num_boost_round": 21.0}, "datetime": {"datetime": "2024-01-19 01:13:20", "elapsed": 3720.459692, "delta": 0.003691}}
{"target": -13.758547429964352, "params": {"gamma": 866.2773228918664, "log10_alpha": -0.2326949442013575, "log10_colsample_bytree": -0.043127149497555806, "log10_eta": -3.158457025552171, "log10_lambda": 0.17694404403940478, "log10_min_child_weight": 0.30363459006893023, "log10_subsample": -0.5486140255020009, "max_depth": 5.0, "num_boost_round": 0.0}, "datetime": {"datetime": "2024-01-19 01:13:53", "elapsed": 3753.9327, "delta": 33.473008}}
{"target": -13.758542669175005, "params": {"gamma": 866.2773228918664, "log10_alpha": -0.2326949442013575, "log10_colsample_bytree": -0.043127149497555806, "log10_eta": -3.158457025552171, "log10_lambda": 0.17694404403940478, "log10_min_child_weight": 0.30363459006893023, "log10_subsample": -0.5486140255020009, "max_depth": 5.0, "num_boost_round": 1.0}, "datetime": {"datetime": "2024-01-19 01:13:53", "elapsed": 3753.93731, "delta": 0.00461}}
{"target": -13.758544049361593, "params": {"gamma": 866.2773228918664, "log10_alpha": -0.2326949442013575, "log10_colsample_bytree": -0.043127149497555806, "log10_eta": -3.158457025552171, "log10_lambda": 0.17694404403940478, "log10_min_child_weight": 0.30363459006893023, "log10_subsample": -0.5486140255020009, "max_depth": 5.0, "num_boost_round": 2.0}, "datetime": {"datetime": "2024-01-19 01:13:53", "elapsed": 3753.940832, "delta": 0.003522}}
{"target": -13.758527090651526, "params": {"gamma": 866.2773228918664, "log10_alpha": -0.2326949442013575, "log10_colsample_bytree": -0.043127149497555806, "log10_eta": -3.158457025552171, "log10_lambda": 0.17694404403940478, "log10_min_child_weight": 0.30363459006893023, "log10_subsample": -0.5486140255020009, "max_depth": 5.0, "num_boost_round": 3.0}, "datetime": {"datetime": "2024-01-19 01:13:53", "elapsed": 3753.944195, "delta": 0.003363}}
{"target": -13.758506514165292, "params": {"gamma": 866.2773228918664, "log10_alpha": -0.2326949442013575, "log10_colsample_bytree": -0.043127149497555806, "log10_eta": -3.158457025552171, "log10_lambda": 0.17694404403940478, "log10_min_child_weight": 0.30363459006893023, "log10_subsample": -0.5486140255020009, "max_depth": 5.0, "num_boost_round": 4.0}, "datetime": {"datetime": "2024-01-19 01:13:53", "elapsed": 3753.947547, "delta": 0.003352}}
{"target": -13.758466201271725, "params": {"gamma": 866.2773228918664, "log10_alpha": -0.2326949442013575, "log10_colsample_bytree": -0.043127149497555806, "log10_eta": -3.158457025552171, "log10_lambda": 0.17694404403940478, "log10_min_child_weight": 0.30363459006893023, "log10_subsample": -0.5486140255020009, "max_depth": 5.0, "num_boost_round": 5.0}, "datetime": {"datetime": "2024-01-19 01:13:53", "elapsed": 3753.950917, "delta": 0.00337}}
{"target": -13.758458259536422, "params": {"gamma": 866.2773228918664, "log10_alpha": -0.2326949442013575, "log10_colsample_bytree": -0.043127149497555806, "log10_eta": -3.158457025552171, "log10_lambda": 0.17694404403940478, "log10_min_child_weight": 0.30363459006893023, "log10_subsample": -0.5486140255020009, "max_depth": 5.0, "num_boost_round": 6.0}, "datetime": {"datetime": "2024-01-19 01:13:53", "elapsed": 3753.954464, "delta": 0.003547}}
{"target": -13.7584248573997, "params": {"gamma": 866.2773228918664, "log10_alpha": -0.2326949442013575, "log10_colsample_bytree": -0.043127149497555806, "log10_eta": -3.158457025552171, "log10_lambda": 0.17694404403940478, "log10_min_child_weight": 0.30363459006893023, "log10_subsample": -0.5486140255020009, "max_depth": 5.0, "num_boost_round": 7.0}, "datetime": {"datetime": "2024-01-19 01:13:53", "elapsed": 3753.957966, "delta": 0.003502}}
{"target": -13.758427722855155, "params": {"gamma": 866.2773228918664, "log10_alpha": -0.2326949442013575, "log10_colsample_bytree": -0.043127149497555806, "log10_eta": -3.158457025552171, "log10_lambda": 0.17694404403940478, "log10_min_child_weight": 0.30363459006893023, "log10_subsample": -0.5486140255020009, "max_depth": 5.0, "num_boost_round": 8.0}, "datetime": {"datetime": "2024-01-19 01:13:53", "elapsed": 3753.961466, "delta": 0.0035}}
{"target": -13.75842465102904, "params": {"gamma": 866.2773228918664, "log10_alpha": -0.2326949442013575, "log10_colsample_bytree": -0.043127149497555806, "log10_eta": -3.158457025552171, "log10_lambda": 0.17694404403940478, "log10_min_child_weight": 0.30363459006893023, "log10_subsample": -0.5486140255020009, "max_depth": 5.0, "num_boost_round": 9.0}, "datetime": {"datetime": "2024-01-19 01:13:53", "elapsed": 3753.964832, "delta": 0.003366}}
{"target": -13.758405552276773, "params": {"gamma": 866.2773228918664, "log10_alpha": -0.2326949442013575, "log10_colsample_bytree": -0.043127149497555806, "log10_eta": -3.158457025552171, "log10_lambda": 0.17694404403940478, "log10_min_child_weight": 0.30363459006893023, "log10_subsample": -0.5486140255020009, "max_depth": 5.0, "num_boost_round": 10.0}, "datetime": {"datetime": "2024-01-19 01:13:53", "elapsed": 3753.968158, "delta": 0.003326}}
{"target": -13.758399740019739, "params": {"gamma": 866.2773228918664, "log10_alpha": -0.2326949442013575, "log10_colsample_bytree": -0.043127149497555806, "log10_eta": -3.158457025552171, "log10_lambda": 0.17694404403940478, "log10_min_child_weight": 0.30363459006893023, "log10_subsample": -0.5486140255020009, "max_depth": 5.0, "num_boost_round": 11.0}, "datetime": {"datetime": "2024-01-19 01:13:53", "elapsed": 3753.971496, "delta": 0.003338}}
{"target": -13.758379974338466, "params": {"gamma": 866.2773228918664, "log10_alpha": -0.2326949442013575, "log10_colsample_bytree": -0.043127149497555806, "log10_eta": -3.158457025552171, "log10_lambda": 0.17694404403940478, "log10_min_child_weight": 0.30363459006893023, "log10_subsample": -0.5486140255020009, "max_depth": 5.0, "num_boost_round": 12.0}, "datetime": {"datetime": "2024-01-19 01:13:53", "elapsed": 3753.975174, "delta": 0.003678}}
{"target": -13.758387037215382, "params": {"gamma": 866.2773228918664, "log10_alpha": -0.2326949442013575, "log10_colsample_bytree": -0.043127149497555806, "log10_eta": -3.158457025552171, "log10_lambda": 0.17694404403940478, "log10_min_child_weight": 0.30363459006893023, "log10_subsample": -0.5486140255020009, "max_depth": 5.0, "num_boost_round": 13.0}, "datetime": {"datetime": "2024-01-19 01:13:53", "elapsed": 3753.978678, "delta": 0.003504}}
{"target": -13.758401951292315, "params": {"gamma": 866.2773228918664, "log10_alpha": -0.2326949442013575, "log10_colsample_bytree": -0.043127149497555806, "log10_eta": -3.158457025552171, "log10_lambda": 0.17694404403940478, "log10_min_child_weight": 0.30363459006893023, "log10_subsample": -0.5486140255020009, "max_depth": 5.0, "num_boost_round": 14.0}, "datetime": {"datetime": "2024-01-19 01:13:53", "elapsed": 3753.982353, "delta": 0.003675}}
{"target": -13.758400373009943, "params": {"gamma": 866.2773228918664, "log10_alpha": -0.2326949442013575, "log10_colsample_bytree": -0.043127149497555806, "log10_eta": -3.158457025552171, "log10_lambda": 0.17694404403940478, "log10_min_child_weight": 0.30363459006893023, "log10_subsample": -0.5486140255020009, "max_depth": 5.0, "num_boost_round": 15.0}, "datetime": {"datetime": "2024-01-19 01:13:53", "elapsed": 3753.9857, "delta": 0.003347}}
{"target": -13.758389619467573, "params": {"gamma": 866.2773228918664, "log10_alpha": -0.2326949442013575, "log10_colsample_bytree": -0.043127149497555806, "log10_eta": -3.158457025552171, "log10_lambda": 0.17694404403940478, "log10_min_child_weight": 0.30363459006893023, "log10_subsample": -0.5486140255020009, "max_depth": 5.0, "num_boost_round": 16.0}, "datetime": {"datetime": "2024-01-19 01:13:53", "elapsed": 3753.989064, "delta": 0.003364}}
{"target": -13.75836481596739, "params": {"gamma": 866.2773228918664, "log10_alpha": -0.2326949442013575, "log10_colsample_bytree": -0.043127149497555806, "log10_eta": -3.158457025552171, "log10_lambda": 0.17694404403940478, "log10_min_child_weight": 0.30363459006893023, "log10_subsample": -0.5486140255020009, "max_depth": 5.0, "num_boost_round": 17.0}, "datetime": {"datetime": "2024-01-19 01:13:53", "elapsed": 3753.992591, "delta": 0.003527}}
{"target": -13.758382255078649, "params": {"gamma": 866.2773228918664, "log10_alpha": -0.2326949442013575, "log10_colsample_bytree": -0.043127149497555806, "log10_eta": -3.158457025552171, "log10_lambda": 0.17694404403940478, "log10_min_child_weight": 0.30363459006893023, "log10_subsample": -0.5486140255020009, "max_depth": 5.0, "num_boost_round": 18.0}, "datetime": {"datetime": "2024-01-19 01:13:53", "elapsed": 3753.995953, "delta": 0.003362}}
{"target": -13.758386450533283, "params": {"gamma": 866.2773228918664, "log10_alpha": -0.2326949442013575, "log10_colsample_bytree": -0.043127149497555806, "log10_eta": -3.158457025552171, "log10_lambda": 0.17694404403940478, "log10_min_child_weight": 0.30363459006893023, "log10_subsample": -0.5486140255020009, "max_depth": 5.0, "num_boost_round": 19.0}, "datetime": {"datetime": "2024-01-19 01:13:54", "elapsed": 3753.99953, "delta": 0.003577}}
{"target": -13.758538393451321, "params": {"gamma": 889.1309317229045, "log10_alpha": -4.742066088035983, "log10_colsample_bytree": -0.8912093206611246, "log10_eta": -3.8869401381271538, "log10_lambda": -2.9747308745590493, "log10_min_child_weight": 4.459908449997956, "log10_subsample": -0.39160898741585115, "max_depth": 2.0, "num_boost_round": 0.0}, "datetime": {"datetime": "2024-01-19 01:14:40", "elapsed": 3800.164612, "delta": 46.165082}}
{"target": -13.758537760493532, "params": {"gamma": 889.1309317229045, "log10_alpha": -4.742066088035983, "log10_colsample_bytree": -0.8912093206611246, "log10_eta": -3.8869401381271538, "log10_lambda": -2.9747308745590493, "log10_min_child_weight": 4.459908449997956, "log10_subsample": -0.39160898741585115, "max_depth": 2.0, "num_boost_round": 1.0}, "datetime": {"datetime": "2024-01-19 01:14:40", "elapsed": 3800.168919, "delta": 0.004307}}
{"target": -13.758538469957498, "params": {"gamma": 889.1309317229045, "log10_alpha": -4.742066088035983, "log10_colsample_bytree": -0.8912093206611246, "log10_eta": -3.8869401381271538, "log10_lambda": -2.9747308745590493, "log10_min_child_weight": 4.459908449997956, "log10_subsample": -0.39160898741585115, "max_depth": 2.0, "num_boost_round": 2.0}, "datetime": {"datetime": "2024-01-19 01:14:40", "elapsed": 3800.172543, "delta": 0.003624}}
{"target": -13.758538884542832, "params": {"gamma": 889.1309317229045, "log10_alpha": -4.742066088035983, "log10_colsample_bytree": -0.8912093206611246, "log10_eta": -3.8869401381271538, "log10_lambda": -2.9747308745590493, "log10_min_child_weight": 4.459908449997956, "log10_subsample": -0.39160898741585115, "max_depth": 2.0, "num_boost_round": 3.0}, "datetime": {"datetime": "2024-01-19 01:14:40", "elapsed": 3800.176047, "delta": 0.003504}}
{"target": -13.758539029742613, "params": {"gamma": 889.1309317229045, "log10_alpha": -4.742066088035983, "log10_colsample_bytree": -0.8912093206611246, "log10_eta": -3.8869401381271538, "log10_lambda": -2.9747308745590493, "log10_min_child_weight": 4.459908449997956, "log10_subsample": -0.39160898741585115, "max_depth": 2.0, "num_boost_round": 4.0}, "datetime": {"datetime": "2024-01-19 01:14:40", "elapsed": 3800.179568, "delta": 0.003521}}
{"target": -13.758538529626415, "params": {"gamma": 889.1309317229045, "log10_alpha": -4.742066088035983, "log10_colsample_bytree": -0.8912093206611246, "log10_eta": -3.8869401381271538, "log10_lambda": -2.9747308745590493, "log10_min_child_weight": 4.459908449997956, "log10_subsample": -0.39160898741585115, "max_depth": 2.0, "num_boost_round": 5.0}, "datetime": {"datetime": "2024-01-19 01:14:40", "elapsed": 3800.183049, "delta": 0.003481}}
{"target": -13.758538691390982, "params": {"gamma": 889.1309317229045, "log10_alpha": -4.742066088035983, "log10_colsample_bytree": -0.8912093206611246, "log10_eta": -3.8869401381271538, "log10_lambda": -2.9747308745590493, "log10_min_child_weight": 4.459908449997956, "log10_subsample": -0.39160898741585115, "max_depth": 2.0, "num_boost_round": 6.0}, "datetime": {"datetime": "2024-01-19 01:14:40", "elapsed": 3800.186458, "delta": 0.003409}}
{"target": -13.758537914432237, "params": {"gamma": 889.1309317229045, "log10_alpha": -4.742066088035983, "log10_colsample_bytree": -0.8912093206611246, "log10_eta": -3.8869401381271538, "log10_lambda": -2.9747308745590493, "log10_min_child_weight": 4.459908449997956, "log10_subsample": -0.39160898741585115, "max_depth": 2.0, "num_boost_round": 7.0}, "datetime": {"datetime": "2024-01-19 01:14:40", "elapsed": 3800.189963, "delta": 0.003505}}
{"target": -13.758538782657114, "params": {"gamma": 889.1309317229045, "log10_alpha": -4.742066088035983, "log10_colsample_bytree": -0.8912093206611246, "log10_eta": -3.8869401381271538, "log10_lambda": -2.9747308745590493, "log10_min_child_weight": 4.459908449997956, "log10_subsample": -0.39160898741585115, "max_depth": 2.0, "num_boost_round": 8.0}, "datetime": {"datetime": "2024-01-19 01:14:40", "elapsed": 3800.193438, "delta": 0.003475}}
{"target": -13.758538513510404, "params": {"gamma": 889.1309317229045, "log10_alpha": -4.742066088035983, "log10_colsample_bytree": -0.8912093206611246, "log10_eta": -3.8869401381271538, "log10_lambda": -2.9747308745590493, "log10_min_child_weight": 4.459908449997956, "log10_subsample": -0.39160898741585115, "max_depth": 2.0, "num_boost_round": 9.0}, "datetime": {"datetime": "2024-01-19 01:14:40", "elapsed": 3800.196834, "delta": 0.003396}}
