{"target": -17.677211811512617, "params": {"gamma": 838.6334674768648, "log10_alpha": -1.8498727191937583, "log10_colsample_bytree": -0.7456707842630633, "log10_eta": -3.4903000267280073, "log10_lambda": -2.722334670070504, "log10_min_child_weight": 4.667433124034267, "log10_subsample": -0.9576068467535443, "max_depth": 8.0, "num_boost_round": 14.0}, "datetime": {"datetime": "2024-01-19 01:56:18", "elapsed": 6263.137822, "delta": 0.006928}}
{"target": -17.67720956013057, "params": {"gamma": 838.6334674768648, "log10_alpha": -1.8498727191937583, "log10_colsample_bytree": -0.7456707842630633, "log10_eta": -3.4903000267280073, "log10_lambda": -2.722334670070504, "log10_min_child_weight": 4.667433124034267, "log10_subsample": -0.9576068467535443, "max_depth": 8.0, "num_boost_round": 15.0}, "datetime": {"datetime": "2024-01-19 01:56:18", "elapsed": 6263.145125, "delta": 0.007303}}
{"target": -17.677207535897015, "params": {"gamma": 838.6334674768648, "log10_alpha": -1.8498727191937583, "log10_colsample_bytree": -0.7456707842630633, "log10_eta": -3.4903000267280073, "log10_lambda": -2.722334670070504, "log10_min_child_weight": 4.667433124034267, "log10_subsample": -0.9576068467535443, "max_depth": 8.0, "num_boost_round": 16.0}, "datetime": {"datetime": "2024-01-19 01:56:18", "elapsed": 6263.152292, "delta": 0.007167}}
{"target": -17.677205803574616, "params": {"gamma": 838.6334674768648, "log10_alpha": -1.8498727191937583, "log10_colsample_bytree": -0.7456707842630633, "log10_eta": -3.4903000267280073, "log10_lambda": -2.722334670070504, "log10_min_child_weight": 4.667433124034267, "log10_subsample": -0.9576068467535443, "max_depth": 8.0, "num_boost_round": 17.0}, "datetime": {"datetime": "2024-01-19 01:56:18", "elapsed": 6263.159486, "delta": 0.007194}}
{"target": -17.677203480594972, "params": {"gamma": 838.6334674768648, "log10_alpha": -1.8498727191937583, "log10_colsample_bytree": -0.7456707842630633, "log10_eta": -3.4903000267280073, "log10_lambda": -2.722334670070504, "log10_min_child_weight": 4.667433124034267, "log10_subsample": -0.9576068467535443, "max_depth": 8.0, "num_boost_round": 18.0}, "datetime": {"datetime": "2024-01-19 01:56:18", "elapsed": 6263.166623, "delta": 0.007137}}
{"target": -17.677198879481164, "params": {"gamma": 838.6334674768648, "log10_alpha": -1.8498727191937583, "log10_colsample_bytree": -0.7456707842630633, "log10_eta": -3.4903000267280073, "log10_lambda": -2.722334670070504, "log10_min_child_weight": 4.667433124034267, "log10_subsample": -0.9576068467535443, "max_depth": 8.0, "num_boost_round": 19.0}, "datetime": {"datetime": "2024-01-19 01:56:18", "elapsed": 6263.173915, "delta": 0.007292}}
{"target": -17.677197999270817, "params": {"gamma": 838.6334674768648, "log10_alpha": -1.8498727191937583, "log10_colsample_bytree": -0.7456707842630633, "log10_eta": -3.4903000267280073, "log10_lambda": -2.722334670070504, "log10_min_child_weight": 4.667433124034267, "log10_subsample": -0.9576068467535443, "max_depth": 8.0, "num_boost_round": 20.0}, "datetime": {"datetime": "2024-01-19 01:56:18", "elapsed": 6263.181051, "delta": 0.007136}}
{"target": -17.6771949775376, "params": {"gamma": 838.6334674768648, "log10_alpha": -1.8498727191937583, "log10_colsample_bytree": -0.7456707842630633, "log10_eta": -3.4903000267280073, "log10_lambda": -2.722334670070504, "log10_min_child_weight": 4.667433124034267, "log10_subsample": -0.9576068467535443, "max_depth": 8.0, "num_boost_round": 21.0}, "datetime": {"datetime": "2024-01-19 01:56:18", "elapsed": 6263.188495, "delta": 0.007444}}
{"target": -17.677193111315987, "params": {"gamma": 838.6334674768648, "log10_alpha": -1.8498727191937583, "log10_colsample_bytree": -0.7456707842630633, "log10_eta": -3.4903000267280073, "log10_lambda": -2.722334670070504, "log10_min_child_weight": 4.667433124034267, "log10_subsample": -0.9576068467535443, "max_depth": 8.0, "num_boost_round": 22.0}, "datetime": {"datetime": "2024-01-19 01:56:18", "elapsed": 6263.196467, "delta": 0.007972}}
{"target": -17.677215128966598, "params": {"gamma": 835.812122579174, "log10_alpha": -2.75925937840885, "log10_colsample_bytree": -0.8645057419373677, "log10_eta": -3.427954305210237, "log10_lambda": -3.397823751007902, "log10_min_child_weight": 2.2354174567944223, "log10_subsample": -0.8198917793731743, "max_depth": 7.0, "num_boost_round": 0.0}, "datetime": {"datetime": "2024-01-19 01:58:15", "elapsed": 6380.347599, "delta": 117.151132}}
{"target": -17.677202547703416, "params": {"gamma": 835.812122579174, "log10_alpha": -2.75925937840885, "log10_colsample_bytree": -0.8645057419373677, "log10_eta": -3.427954305210237, "log10_lambda": -3.397823751007902, "log10_min_child_weight": 2.2354174567944223, "log10_subsample": -0.8198917793731743, "max_depth": 7.0, "num_boost_round": 1.0}, "datetime": {"datetime": "2024-01-19 01:58:15", "elapsed": 6380.355807, "delta": 0.008208}}
{"target": -17.677168191015497, "params": {"gamma": 835.812122579174, "log10_alpha": -2.75925937840885, "log10_colsample_bytree": -0.8645057419373677, "log10_eta": -3.427954305210237, "log10_lambda": -3.397823751007902, "log10_min_child_weight": 2.2354174567944223, "log10_subsample": -0.8198917793731743, "max_depth": 7.0, "num_boost_round": 2.0}, "datetime": {"datetime": "2024-01-19 01:58:15", "elapsed": 6380.362808, "delta": 0.007001}}
{"target": -17.677167289227, "params": {"gamma": 835.812122579174, "log10_alpha": -2.75925937840885, "log10_colsample_bytree": -0.8645057419373677, "log10_eta": -3.427954305210237, "log10_lambda": -3.397823751007902, "log10_min_child_weight": 2.2354174567944223, "log10_subsample": -0.8198917793731743, "max_depth": 7.0, "num_boost_round": 3.0}, "datetime": {"datetime": "2024-01-19 01:58:15", "elapsed": 6380.369662, "delta": 0.006854}}
{"target": -17.67715922866049, "params": {"gamma": 835.812122579174, "log10_alpha": -2.75925937840885, "log10_colsample_bytree": -0.8645057419373677, "log10_eta": -3.427954305210237, "log10_lambda": -3.397823751007902, "log10_min_child_weight": 2.2354174567944223, "log10_subsample": -0.8198917793731743, "max_depth": 7.0, "num_boost_round": 4.0}, "datetime": {"datetime": "2024-01-19 01:58:15", "elapsed": 6380.376328, "delta": 0.006666}}
{"target": -17.67715873230148, "params": {"gamma": 835.812122579174, "log10_alpha": -2.75925937840885, "log10_colsample_bytree": -0.8645057419373677, "log10_eta": -3.427954305210237, "log10_lambda": -3.397823751007902, "log10_min_child_weight": 2.2354174567944223, "log10_subsample": -0.8198917793731743, "max_depth": 7.0, "num_boost_round": 5.0}, "datetime": {"datetime": "2024-01-19 01:58:15", "elapsed": 6380.383215, "delta": 0.006887}}
{"target": -17.677167681142393, "params": {"gamma": 835.812122579174, "log10_alpha": -2.75925937840885, "log10_colsample_bytree": -0.8645057419373677, "log10_eta": -3.427954305210237, "log10_lambda": -3.397823751007902, "log10_min_child_weight": 2.2354174567944223, "log10_subsample": -0.8198917793731743, "max_depth": 7.0, "num_boost_round": 6.0}, "datetime": {"datetime": "2024-01-19 01:58:15", "elapsed": 6380.390485, "delta": 0.00727}}
{"target": -17.67714655828737, "params": {"gamma": 835.812122579174, "log10_alpha": -2.75925937840885, "log10_colsample_bytree": -0.8645057419373677, "log10_eta": -3.427954305210237, "log10_lambda": -3.397823751007902, "log10_min_child_weight": 2.2354174567944223, "log10_subsample": -0.8198917793731743, "max_depth": 7.0, "num_boost_round": 7.0}, "datetime": {"datetime": "2024-01-19 01:58:15", "elapsed": 6380.39762, "delta": 0.007135}}
{"target": -17.67714143454539, "params": {"gamma": 835.812122579174, "log10_alpha": -2.75925937840885, "log10_colsample_bytree": -0.8645057419373677, "log10_eta": -3.427954305210237, "log10_lambda": -3.397823751007902, "log10_min_child_weight": 2.2354174567944223, "log10_subsample": -0.8198917793731743, "max_depth": 7.0, "num_boost_round": 8.0}, "datetime": {"datetime": "2024-01-19 01:58:15", "elapsed": 6380.404971, "delta": 0.007351}}
{"target": -17.67713253929384, "params": {"gamma": 835.812122579174, "log10_alpha": -2.75925937840885, "log10_colsample_bytree": -0.8645057419373677, "log10_eta": -3.427954305210237, "log10_lambda": -3.397823751007902, "log10_min_child_weight": 2.2354174567944223, "log10_subsample": -0.8198917793731743, "max_depth": 7.0, "num_boost_round": 9.0}, "datetime": {"datetime": "2024-01-19 01:58:15", "elapsed": 6380.41319, "delta": 0.008219}}
{"target": -17.677095035948305, "params": {"gamma": 835.812122579174, "log10_alpha": -2.75925937840885, "log10_colsample_bytree": -0.8645057419373677, "log10_eta": -3.427954305210237, "log10_lambda": -3.397823751007902, "log10_min_child_weight": 2.2354174567944223, "log10_subsample": -0.8198917793731743, "max_depth": 7.0, "num_boost_round": 10.0}, "datetime": {"datetime": "2024-01-19 01:58:15", "elapsed": 6380.42109, "delta": 0.0079}}
{"target": -17.677101000459007, "params": {"gamma": 835.812122579174, "log10_alpha": -2.75925937840885, "log10_colsample_bytree": -0.8645057419373677, "log10_eta": -3.427954305210237, "log10_lambda": -3.397823751007902, "log10_min_child_weight": 2.2354174567944223, "log10_subsample": -0.8198917793731743, "max_depth": 7.0, "num_boost_round": 11.0}, "datetime": {"datetime": "2024-01-19 01:58:15", "elapsed": 6380.428389, "delta": 0.007299}}
{"target": -17.677089602956997, "params": {"gamma": 835.812122579174, "log10_alpha": -2.75925937840885, "log10_colsample_bytree": -0.8645057419373677, "log10_eta": -3.427954305210237, "log10_lambda": -3.397823751007902, "log10_min_child_weight": 2.2354174567944223, "log10_subsample": -0.8198917793731743, "max_depth": 7.0, "num_boost_round": 12.0}, "datetime": {"datetime": "2024-01-19 01:58:15", "elapsed": 6380.435898, "delta": 0.007509}}
{"target": -17.677067073334335, "params": {"gamma": 835.812122579174, "log10_alpha": -2.75925937840885, "log10_colsample_bytree": -0.8645057419373677, "log10_eta": -3.427954305210237, "log10_lambda": -3.397823751007902, "log10_min_child_weight": 2.2354174567944223, "log10_subsample": -0.8198917793731743, "max_depth": 7.0, "num_boost_round": 13.0}, "datetime": {"datetime": "2024-01-19 01:58:15", "elapsed": 6380.443729, "delta": 0.007831}}
{"target": -17.67707109910532, "params": {"gamma": 835.812122579174, "log10_alpha": -2.75925937840885, "log10_colsample_bytree": -0.8645057419373677, "log10_eta": -3.427954305210237, "log10_lambda": -3.397823751007902, "log10_min_child_weight": 2.2354174567944223, "log10_subsample": -0.8198917793731743, "max_depth": 7.0, "num_boost_round": 14.0}, "datetime": {"datetime": "2024-01-19 01:58:16", "elapsed": 6380.581285, "delta": 0.137556}}
{"target": -17.677047099073807, "params": {"gamma": 835.812122579174, "log10_alpha": -2.75925937840885, "log10_colsample_bytree": -0.8645057419373677, "log10_eta": -3.427954305210237, "log10_lambda": -3.397823751007902, "log10_min_child_weight": 2.2354174567944223, "log10_subsample": -0.8198917793731743, "max_depth": 7.0, "num_boost_round": 15.0}, "datetime": {"datetime": "2024-01-19 01:58:16", "elapsed": 6380.589289, "delta": 0.008004}}
{"target": -17.67704186460806, "params": {"gamma": 835.812122579174, "log10_alpha": -2.75925937840885, "log10_colsample_bytree": -0.8645057419373677, "log10_eta": -3.427954305210237, "log10_lambda": -3.397823751007902, "log10_min_child_weight": 2.2354174567944223, "log10_subsample": -0.8198917793731743, "max_depth": 7.0, "num_boost_round": 16.0}, "datetime": {"datetime": "2024-01-19 01:58:16", "elapsed": 6380.597922, "delta": 0.008633}}
{"target": -17.6770278221639, "params": {"gamma": 835.812122579174, "log10_alpha": -2.75925937840885, "log10_colsample_bytree": -0.8645057419373677, "log10_eta": -3.427954305210237, "log10_lambda": -3.397823751007902, "log10_min_child_weight": 2.2354174567944223, "log10_subsample": -0.8198917793731743, "max_depth": 7.0, "num_boost_round": 17.0}, "datetime": {"datetime": "2024-01-19 01:58:16", "elapsed": 6380.605493, "delta": 0.007571}}
{"target": -17.677023860036826, "params": {"gamma": 835.812122579174, "log10_alpha": -2.75925937840885, "log10_colsample_bytree": -0.8645057419373677, "log10_eta": -3.427954305210237, "log10_lambda": -3.397823751007902, "log10_min_child_weight": 2.2354174567944223, "log10_subsample": -0.8198917793731743, "max_depth": 7.0, "num_boost_round": 18.0}, "datetime": {"datetime": "2024-01-19 01:58:16", "elapsed": 6380.613376, "delta": 0.007883}}
{"target": -17.67701880708903, "params": {"gamma": 835.812122579174, "log10_alpha": -2.75925937840885, "log10_colsample_bytree": -0.8645057419373677, "log10_eta": -3.427954305210237, "log10_lambda": -3.397823751007902, "log10_min_child_weight": 2.2354174567944223, "log10_subsample": -0.8198917793731743, "max_depth": 7.0, "num_boost_round": 19.0}, "datetime": {"datetime": "2024-01-19 01:58:16", "elapsed": 6380.620665, "delta": 0.007289}}
{"target": -17.676999426990353, "params": {"gamma": 835.812122579174, "log10_alpha": -2.75925937840885, "log10_colsample_bytree": -0.8645057419373677, "log10_eta": -3.427954305210237, "log10_lambda": -3.397823751007902, "log10_min_child_weight": 2.2354174567944223, "log10_subsample": -0.8198917793731743, "max_depth": 7.0, "num_boost_round": 20.0}, "datetime": {"datetime": "2024-01-19 01:58:16", "elapsed": 6380.628203, "delta": 0.007538}}
{"target": -17.6769845727864, "params": {"gamma": 835.812122579174, "log10_alpha": -2.75925937840885, "log10_colsample_bytree": -0.8645057419373677, "log10_eta": -3.427954305210237, "log10_lambda": -3.397823751007902, "log10_min_child_weight": 2.2354174567944223, "log10_subsample": -0.8198917793731743, "max_depth": 7.0, "num_boost_round": 21.0}, "datetime": {"datetime": "2024-01-19 01:58:16", "elapsed": 6380.635645, "delta": 0.007442}}
{"target": -17.676949504068894, "params": {"gamma": 835.812122579174, "log10_alpha": -2.75925937840885, "log10_colsample_bytree": -0.8645057419373677, "log10_eta": -3.427954305210237, "log10_lambda": -3.397823751007902, "log10_min_child_weight": 2.2354174567944223, "log10_subsample": -0.8198917793731743, "max_depth": 7.0, "num_boost_round": 22.0}, "datetime": {"datetime": "2024-01-19 01:58:16", "elapsed": 6380.643391, "delta": 0.007746}}
{"target": -17.67692483381472, "params": {"gamma": 835.812122579174, "log10_alpha": -2.75925937840885, "log10_colsample_bytree": -0.8645057419373677, "log10_eta": -3.427954305210237, "log10_lambda": -3.397823751007902, "log10_min_child_weight": 2.2354174567944223, "log10_subsample": -0.8198917793731743, "max_depth": 7.0, "num_boost_round": 23.0}, "datetime": {"datetime": "2024-01-19 01:58:16", "elapsed": 6380.65094, "delta": 0.007549}}
{"target": -17.676909607065557, "params": {"gamma": 835.812122579174, "log10_alpha": -2.75925937840885, "log10_colsample_bytree": -0.8645057419373677, "log10_eta": -3.427954305210237, "log10_lambda": -3.397823751007902, "log10_min_child_weight": 2.2354174567944223, "log10_subsample": -0.8198917793731743, "max_depth": 7.0, "num_boost_round": 24.0}, "datetime": {"datetime": "2024-01-19 01:58:16", "elapsed": 6380.658533, "delta": 0.007593}}
{"target": -17.677231873147825, "params": {"gamma": 195.9653790763789, "log10_alpha": 1.0, "log10_colsample_bytree": -1.0, "log10_eta": -4.0, "log10_lambda": 1.0, "log10_min_child_weight": 5.0, "log10_subsample": 0.0, "max_depth": 2.0, "num_boost_round": 0.0}, "datetime": {"datetime": "2024-01-19 01:59:16", "elapsed": 6440.840383, "delta": 60.18185}}
{"target": -17.677231673046702, "params": {"gamma": 195.9653790763789, "log10_alpha": 1.0, "log10_colsample_bytree": -1.0, "log10_eta": -4.0, "log10_lambda": 1.0, "log10_min_child_weight": 5.0, "log10_subsample": 0.0, "max_depth": 2.0, "num_boost_round": 1.0}, "datetime": {"datetime": "2024-01-19 01:59:16", "elapsed": 6440.84846, "delta": 0.008077}}
{"target": -17.677231100607685, "params": {"gamma": 195.9653790763789, "log10_alpha": 1.0, "log10_colsample_bytree": -1.0, "log10_eta": -4.0, "log10_lambda": 1.0, "log10_min_child_weight": 5.0, "log10_subsample": 0.0, "max_depth": 2.0, "num_boost_round": 2.0}, "datetime": {"datetime": "2024-01-19 01:59:16", "elapsed": 6440.855711, "delta": 0.007251}}
{"target": -17.67723122635177, "params": {"gamma": 195.9653790763789, "log10_alpha": 1.0, "log10_colsample_bytree": -1.0, "log10_eta": -4.0, "log10_lambda": 1.0, "log10_min_child_weight": 5.0, "log10_subsample": 0.0, "max_depth": 2.0, "num_boost_round": 3.0}, "datetime": {"datetime": "2024-01-19 01:59:16", "elapsed": 6440.863119, "delta": 0.007408}}
{"target": -17.677230121629226, "params": {"gamma": 195.9653790763789, "log10_alpha": 1.0, "log10_colsample_bytree": -1.0, "log10_eta": -4.0, "log10_lambda": 1.0, "log10_min_child_weight": 5.0, "log10_subsample": 0.0, "max_depth": 2.0, "num_boost_round": 4.0}, "datetime": {"datetime": "2024-01-19 01:59:16", "elapsed": 6440.870299, "delta": 0.00718}}
{"target": -17.67722945551328, "params": {"gamma": 195.9653790763789, "log10_alpha": 1.0, "log10_colsample_bytree": -1.0, "log10_eta": -4.0, "log10_lambda": 1.0, "log10_min_child_weight": 5.0, "log10_subsample": 0.0, "max_depth": 2.0, "num_boost_round": 5.0}, "datetime": {"datetime": "2024-01-19 01:59:16", "elapsed": 6440.877158, "delta": 0.006859}}
{"target": -17.67722922115054, "params": {"gamma": 195.9653790763789, "log10_alpha": 1.0, "log10_colsample_bytree": -1.0, "log10_eta": -4.0, "log10_lambda": 1.0, "log10_min_child_weight": 5.0, "log10_subsample": 0.0, "max_depth": 2.0, "num_boost_round": 6.0}, "datetime": {"datetime": "2024-01-19 01:59:16", "elapsed": 6440.884178, "delta": 0.00702}}
{"target": -17.677228148589016, "params": {"gamma": 195.9653790763789, "log10_alpha": 1.0, "log10_colsample_bytree": -1.0, "log10_eta": -4.0, "log10_lambda": 1.0, "log10_min_child_weight": 5.0, "log10_subsample": 0.0, "max_depth": 2.0, "num_boost_round": 7.0}, "datetime": {"datetime": "2024-01-19 01:59:16", "elapsed": 6440.891327, "delta": 0.007149}}
{"target": -17.677228668121636, "params": {"gamma": 195.9653790763789, "log10_alpha": 1.0, "log10_colsample_bytree": -1.0, "log10_eta": -4.0, "log10_lambda": 1.0, "log10_min_child_weight": 5.0, "log10_subsample": 0.0, "max_depth": 2.0, "num_boost_round": 8.0}, "datetime": {"datetime": "2024-01-19 01:59:16", "elapsed": 6440.898517, "delta": 0.00719}}
{"target": -17.677228577810418, "params": {"gamma": 195.9653790763789, "log10_alpha": 1.0, "log10_colsample_bytree": -1.0, "log10_eta": -4.0, "log10_lambda": 1.0, "log10_min_child_weight": 5.0, "log10_subsample": 0.0, "max_depth": 2.0, "num_boost_round": 9.0}, "datetime": {"datetime": "2024-01-19 01:59:16", "elapsed": 6440.90563, "delta": 0.007113}}
{"target": -17.677229361159362, "params": {"gamma": 195.9653790763789, "log10_alpha": 1.0, "log10_colsample_bytree": -1.0, "log10_eta": -4.0, "log10_lambda": 1.0, "log10_min_child_weight": 5.0, "log10_subsample": 0.0, "max_depth": 2.0, "num_boost_round": 10.0}, "datetime": {"datetime": "2024-01-19 01:59:16", "elapsed": 6440.9129, "delta": 0.00727}}
{"target": -17.677228019638747, "params": {"gamma": 195.9653790763789, "log10_alpha": 1.0, "log10_colsample_bytree": -1.0, "log10_eta": -4.0, "log10_lambda": 1.0, "log10_min_child_weight": 5.0, "log10_subsample": 0.0, "max_depth": 2.0, "num_boost_round": 11.0}, "datetime": {"datetime": "2024-01-19 01:59:16", "elapsed": 6440.920046, "delta": 0.007146}}
{"target": -17.677226948384074, "params": {"gamma": 195.9653790763789, "log10_alpha": 1.0, "log10_colsample_bytree": -1.0, "log10_eta": -4.0, "log10_lambda": 1.0, "log10_min_child_weight": 5.0, "log10_subsample": 0.0, "max_depth": 2.0, "num_boost_round": 12.0}, "datetime": {"datetime": "2024-01-19 01:59:16", "elapsed": 6440.927517, "delta": 0.007471}}
{"target": -17.67722549529461, "params": {"gamma": 195.9653790763789, "log10_alpha": 1.0, "log10_colsample_bytree": -1.0, "log10_eta": -4.0, "log10_lambda": 1.0, "log10_min_child_weight": 5.0, "log10_subsample": 0.0, "max_depth": 2.0, "num_boost_round": 13.0}, "datetime": {"datetime": "2024-01-19 01:59:16", "elapsed": 6440.934401, "delta": 0.006884}}
{"target": -17.677224926841365, "params": {"gamma": 195.9653790763789, "log10_alpha": 1.0, "log10_colsample_bytree": -1.0, "log10_eta": -4.0, "log10_lambda": 1.0, "log10_min_child_weight": 5.0, "log10_subsample": 0.0, "max_depth": 2.0, "num_boost_round": 14.0}, "datetime": {"datetime": "2024-01-19 01:59:16", "elapsed": 6440.941531, "delta": 0.00713}}
{"target": -17.67722365752068, "params": {"gamma": 195.9653790763789, "log10_alpha": 1.0, "log10_colsample_bytree": -1.0, "log10_eta": -4.0, "log10_lambda": 1.0, "log10_min_child_weight": 5.0, "log10_subsample": 0.0, "max_depth": 2.0, "num_boost_round": 15.0}, "datetime": {"datetime": "2024-01-19 01:59:16", "elapsed": 6440.948481, "delta": 0.00695}}
{"target": -17.6772232158737, "params": {"gamma": 195.9653790763789, "log10_alpha": 1.0, "log10_colsample_bytree": -1.0, "log10_eta": -4.0, "log10_lambda": 1.0, "log10_min_child_weight": 5.0, "log10_subsample": 0.0, "max_depth": 2.0, "num_boost_round": 16.0}, "datetime": {"datetime": "2024-01-19 01:59:16", "elapsed": 6440.955292, "delta": 0.006811}}
{"target": -17.67722335885582, "params": {"gamma": 195.9653790763789, "log10_alpha": 1.0, "log10_colsample_bytree": -1.0, "log10_eta": -4.0, "log10_lambda": 1.0, "log10_min_child_weight": 5.0, "log10_subsample": 0.0, "max_depth": 2.0, "num_boost_round": 17.0}, "datetime": {"datetime": "2024-01-19 01:59:16", "elapsed": 6440.962275, "delta": 0.006983}}
{"target": -17.677222408153025, "params": {"gamma": 195.9653790763789, "log10_alpha": 1.0, "log10_colsample_bytree": -1.0, "log10_eta": -4.0, "log10_lambda": 1.0, "log10_min_child_weight": 5.0, "log10_subsample": 0.0, "max_depth": 2.0, "num_boost_round": 18.0}, "datetime": {"datetime": "2024-01-19 01:59:16", "elapsed": 6440.969033, "delta": 0.006758}}
