{"target": -13.75853701005477, "params": {"gamma": 953.0654348595244, "log10_alpha": -1.590582475742118, "log10_colsample_bytree": -0.31472368898506764, "log10_eta": -3.7621291469863634, "log10_lambda": 0.5308273372795158, "log10_min_child_weight": 4.992784471369221, "log10_subsample": -0.43964211853893775, "max_depth": 2.0, "num_boost_round": 3.0}, "datetime": {"datetime": "2024-01-19 00:35:19", "elapsed": 1420.253656, "delta": 0.002271}}
{"target": -13.758536545859679, "params": {"gamma": 953.0654348595244, "log10_alpha": -1.590582475742118, "log10_colsample_bytree": -0.31472368898506764, "log10_eta": -3.7621291469863634, "log10_lambda": 0.5308273372795158, "log10_min_child_weight": 4.992784471369221, "log10_subsample": -0.43964211853893775, "max_depth": 2.0, "num_boost_round": 4.0}, "datetime": {"datetime": "2024-01-19 00:35:19", "elapsed": 1420.255917, "delta": 0.002261}}
{"target": -13.758536292906056, "params": {"gamma": 953.0654348595244, "log10_alpha": -1.590582475742118, "log10_colsample_bytree": -0.31472368898506764, "log10_eta": -3.7621291469863634, "log10_lambda": 0.5308273372795158, "log10_min_child_weight": 4.992784471369221, "log10_subsample": -0.43964211853893775, "max_depth": 2.0, "num_boost_round": 5.0}, "datetime": {"datetime": "2024-01-19 00:35:19", "elapsed": 1420.258317, "delta": 0.0024}}
{"target": -13.758536710964082, "params": {"gamma": 953.0654348595244, "log10_alpha": -1.590582475742118, "log10_colsample_bytree": -0.31472368898506764, "log10_eta": -3.7621291469863634, "log10_lambda": 0.5308273372795158, "log10_min_child_weight": 4.992784471369221, "log10_subsample": -0.43964211853893775, "max_depth": 2.0, "num_boost_round": 6.0}, "datetime": {"datetime": "2024-01-19 00:35:19", "elapsed": 1420.260733, "delta": 0.002416}}
{"target": -13.758536255831533, "params": {"gamma": 953.0654348595244, "log10_alpha": -1.590582475742118, "log10_colsample_bytree": -0.31472368898506764, "log10_eta": -3.7621291469863634, "log10_lambda": 0.5308273372795158, "log10_min_child_weight": 4.992784471369221, "log10_subsample": -0.43964211853893775, "max_depth": 2.0, "num_boost_round": 7.0}, "datetime": {"datetime": "2024-01-19 00:35:19", "elapsed": 1420.262977, "delta": 0.002244}}
{"target": -13.758535485313393, "params": {"gamma": 953.0654348595244, "log10_alpha": -1.590582475742118, "log10_colsample_bytree": -0.31472368898506764, "log10_eta": -3.7621291469863634, "log10_lambda": 0.5308273372795158, "log10_min_child_weight": 4.992784471369221, "log10_subsample": -0.43964211853893775, "max_depth": 2.0, "num_boost_round": 8.0}, "datetime": {"datetime": "2024-01-19 00:35:19", "elapsed": 1420.265221, "delta": 0.002244}}
{"target": -13.758534840482863, "params": {"gamma": 953.0654348595244, "log10_alpha": -1.590582475742118, "log10_colsample_bytree": -0.31472368898506764, "log10_eta": -3.7621291469863634, "log10_lambda": 0.5308273372795158, "log10_min_child_weight": 4.992784471369221, "log10_subsample": -0.43964211853893775, "max_depth": 2.0, "num_boost_round": 9.0}, "datetime": {"datetime": "2024-01-19 00:35:19", "elapsed": 1420.267552, "delta": 0.002331}}
{"target": -13.758534213617853, "params": {"gamma": 953.0654348595244, "log10_alpha": -1.590582475742118, "log10_colsample_bytree": -0.31472368898506764, "log10_eta": -3.7621291469863634, "log10_lambda": 0.5308273372795158, "log10_min_child_weight": 4.992784471369221, "log10_subsample": -0.43964211853893775, "max_depth": 2.0, "num_boost_round": 10.0}, "datetime": {"datetime": "2024-01-19 00:35:19", "elapsed": 1420.269785, "delta": 0.002233}}
{"target": -13.758533128688686, "params": {"gamma": 953.0654348595244, "log10_alpha": -1.590582475742118, "log10_colsample_bytree": -0.31472368898506764, "log10_eta": -3.7621291469863634, "log10_lambda": 0.5308273372795158, "log10_min_child_weight": 4.992784471369221, "log10_subsample": -0.43964211853893775, "max_depth": 2.0, "num_boost_round": 11.0}, "datetime": {"datetime": "2024-01-19 00:35:19", "elapsed": 1420.272028, "delta": 0.002243}}
{"target": -13.758532486126404, "params": {"gamma": 953.0654348595244, "log10_alpha": -1.590582475742118, "log10_colsample_bytree": -0.31472368898506764, "log10_eta": -3.7621291469863634, "log10_lambda": 0.5308273372795158, "log10_min_child_weight": 4.992784471369221, "log10_subsample": -0.43964211853893775, "max_depth": 2.0, "num_boost_round": 12.0}, "datetime": {"datetime": "2024-01-19 00:35:19", "elapsed": 1420.274259, "delta": 0.002231}}
{"target": -13.758531795043403, "params": {"gamma": 953.0654348595244, "log10_alpha": -1.590582475742118, "log10_colsample_bytree": -0.31472368898506764, "log10_eta": -3.7621291469863634, "log10_lambda": 0.5308273372795158, "log10_min_child_weight": 4.992784471369221, "log10_subsample": -0.43964211853893775, "max_depth": 2.0, "num_boost_round": 13.0}, "datetime": {"datetime": "2024-01-19 00:35:19", "elapsed": 1420.276512, "delta": 0.002253}}
{"target": -13.758531113615232, "params": {"gamma": 953.0654348595244, "log10_alpha": -1.590582475742118, "log10_colsample_bytree": -0.31472368898506764, "log10_eta": -3.7621291469863634, "log10_lambda": 0.5308273372795158, "log10_min_child_weight": 4.992784471369221, "log10_subsample": -0.43964211853893775, "max_depth": 2.0, "num_boost_round": 14.0}, "datetime": {"datetime": "2024-01-19 00:35:19", "elapsed": 1420.278831, "delta": 0.002319}}
{"target": -13.758530155725186, "params": {"gamma": 953.0654348595244, "log10_alpha": -1.590582475742118, "log10_colsample_bytree": -0.31472368898506764, "log10_eta": -3.7621291469863634, "log10_lambda": 0.5308273372795158, "log10_min_child_weight": 4.992784471369221, "log10_subsample": -0.43964211853893775, "max_depth": 2.0, "num_boost_round": 15.0}, "datetime": {"datetime": "2024-01-19 00:35:19", "elapsed": 1420.281108, "delta": 0.002277}}
{"target": -13.758529102953034, "params": {"gamma": 953.0654348595244, "log10_alpha": -1.590582475742118, "log10_colsample_bytree": -0.31472368898506764, "log10_eta": -3.7621291469863634, "log10_lambda": 0.5308273372795158, "log10_min_child_weight": 4.992784471369221, "log10_subsample": -0.43964211853893775, "max_depth": 2.0, "num_boost_round": 16.0}, "datetime": {"datetime": "2024-01-19 00:35:19", "elapsed": 1420.283375, "delta": 0.002267}}
{"target": -13.758528437752926, "params": {"gamma": 953.0654348595244, "log10_alpha": -1.590582475742118, "log10_colsample_bytree": -0.31472368898506764, "log10_eta": -3.7621291469863634, "log10_lambda": 0.5308273372795158, "log10_min_child_weight": 4.992784471369221, "log10_subsample": -0.43964211853893775, "max_depth": 2.0, "num_boost_round": 17.0}, "datetime": {"datetime": "2024-01-19 00:35:19", "elapsed": 1420.285662, "delta": 0.002287}}
{"target": -13.758515326301909, "params": {"gamma": 987.2683015316012, "log10_alpha": 0.9889267157460822, "log10_colsample_bytree": -0.06005968101094472, "log10_eta": -2.89924604110681, "log10_lambda": -3.166014039301551, "log10_min_child_weight": 2.032350805664035, "log10_subsample": -0.685038394393035, "max_depth": 3.0, "num_boost_round": 0.0}, "datetime": {"datetime": "2024-01-19 00:35:44", "elapsed": 1445.859502, "delta": 25.57384}}
{"target": -13.758499219471549, "params": {"gamma": 987.2683015316012, "log10_alpha": 0.9889267157460822, "log10_colsample_bytree": -0.06005968101094472, "log10_eta": -2.89924604110681, "log10_lambda": -3.166014039301551, "log10_min_child_weight": 2.032350805664035, "log10_subsample": -0.685038394393035, "max_depth": 3.0, "num_boost_round": 1.0}, "datetime": {"datetime": "2024-01-19 00:35:44", "elapsed": 1445.861854, "delta": 0.002352}}
{"target": -13.75848374407385, "params": {"gamma": 987.2683015316012, "log10_alpha": 0.9889267157460822, "log10_colsample_bytree": -0.06005968101094472, "log10_eta": -2.89924604110681, "log10_lambda": -3.166014039301551, "log10_min_child_weight": 2.032350805664035, "log10_subsample": -0.685038394393035, "max_depth": 3.0, "num_boost_round": 2.0}, "datetime": {"datetime": "2024-01-19 00:35:44", "elapsed": 1445.86436, "delta": 0.002506}}
{"target": -13.758483301799457, "params": {"gamma": 987.2683015316012, "log10_alpha": 0.9889267157460822, "log10_colsample_bytree": -0.06005968101094472, "log10_eta": -2.89924604110681, "log10_lambda": -3.166014039301551, "log10_min_child_weight": 2.032350805664035, "log10_subsample": -0.685038394393035, "max_depth": 3.0, "num_boost_round": 3.0}, "datetime": {"datetime": "2024-01-19 00:35:44", "elapsed": 1445.867346, "delta": 0.002986}}
{"target": -13.75846810340549, "params": {"gamma": 987.2683015316012, "log10_alpha": 0.9889267157460822, "log10_colsample_bytree": -0.06005968101094472, "log10_eta": -2.89924604110681, "log10_lambda": -3.166014039301551, "log10_min_child_weight": 2.032350805664035, "log10_subsample": -0.685038394393035, "max_depth": 3.0, "num_boost_round": 4.0}, "datetime": {"datetime": "2024-01-19 00:35:44", "elapsed": 1445.869983, "delta": 0.002637}}
{"target": -13.758447378552871, "params": {"gamma": 987.2683015316012, "log10_alpha": 0.9889267157460822, "log10_colsample_bytree": -0.06005968101094472, "log10_eta": -2.89924604110681, "log10_lambda": -3.166014039301551, "log10_min_child_weight": 2.032350805664035, "log10_subsample": -0.685038394393035, "max_depth": 3.0, "num_boost_round": 5.0}, "datetime": {"datetime": "2024-01-19 00:35:44", "elapsed": 1445.872367, "delta": 0.002384}}
{"target": -13.75844806499404, "params": {"gamma": 987.2683015316012, "log10_alpha": 0.9889267157460822, "log10_colsample_bytree": -0.06005968101094472, "log10_eta": -2.89924604110681, "log10_lambda": -3.166014039301551, "log10_min_child_weight": 2.032350805664035, "log10_subsample": -0.685038394393035, "max_depth": 3.0, "num_boost_round": 6.0}, "datetime": {"datetime": "2024-01-19 00:35:44", "elapsed": 1445.87468, "delta": 0.002313}}
{"target": -13.758447120607437, "params": {"gamma": 987.2683015316012, "log10_alpha": 0.9889267157460822, "log10_colsample_bytree": -0.06005968101094472, "log10_eta": -2.89924604110681, "log10_lambda": -3.166014039301551, "log10_min_child_weight": 2.032350805664035, "log10_subsample": -0.685038394393035, "max_depth": 3.0, "num_boost_round": 7.0}, "datetime": {"datetime": "2024-01-19 00:35:44", "elapsed": 1445.876906, "delta": 0.002226}}
{"target": -13.758445751673193, "params": {"gamma": 987.2683015316012, "log10_alpha": 0.9889267157460822, "log10_colsample_bytree": -0.06005968101094472, "log10_eta": -2.89924604110681, "log10_lambda": -3.166014039301551, "log10_min_child_weight": 2.032350805664035, "log10_subsample": -0.685038394393035, "max_depth": 3.0, "num_boost_round": 8.0}, "datetime": {"datetime": "2024-01-19 00:35:44", "elapsed": 1445.879143, "delta": 0.002237}}
{"target": -13.758444514653533, "params": {"gamma": 987.2683015316012, "log10_alpha": 0.9889267157460822, "log10_colsample_bytree": -0.06005968101094472, "log10_eta": -2.89924604110681, "log10_lambda": -3.166014039301551, "log10_min_child_weight": 2.032350805664035, "log10_subsample": -0.685038394393035, "max_depth": 3.0, "num_boost_round": 9.0}, "datetime": {"datetime": "2024-01-19 00:35:44", "elapsed": 1445.881369, "delta": 0.002226}}
{"target": -13.757615187327835, "params": {"gamma": 950.8186221854971, "log10_alpha": -0.4664537884063904, "log10_colsample_bytree": -0.840920783467413, "log10_eta": -1.2452537441072136, "log10_lambda": 0.8237348593727356, "log10_min_child_weight": 0.4740493152545916, "log10_subsample": -0.28184370042565, "max_depth": 4.0, "num_boost_round": 0.0}, "datetime": {"datetime": "2024-01-19 00:36:10", "elapsed": 1471.890947, "delta": 26.009578}}
{"target": -13.759070419839174, "params": {"gamma": 950.8186221854971, "log10_alpha": -0.4664537884063904, "log10_colsample_bytree": -0.840920783467413, "log10_eta": -1.2452537441072136, "log10_lambda": 0.8237348593727356, "log10_min_child_weight": 0.4740493152545916, "log10_subsample": -0.28184370042565, "max_depth": 4.0, "num_boost_round": 1.0}, "datetime": {"datetime": "2024-01-19 00:36:10", "elapsed": 1471.893893, "delta": 0.002946}}
{"target": -13.759144951378506, "params": {"gamma": 950.8186221854971, "log10_alpha": -0.4664537884063904, "log10_colsample_bytree": -0.840920783467413, "log10_eta": -1.2452537441072136, "log10_lambda": 0.8237348593727356, "log10_min_child_weight": 0.4740493152545916, "log10_subsample": -0.28184370042565, "max_depth": 4.0, "num_boost_round": 2.0}, "datetime": {"datetime": "2024-01-19 00:36:10", "elapsed": 1471.896396, "delta": 0.002503}}
{"target": -13.759031195462885, "params": {"gamma": 950.8186221854971, "log10_alpha": -0.4664537884063904, "log10_colsample_bytree": -0.840920783467413, "log10_eta": -1.2452537441072136, "log10_lambda": 0.8237348593727356, "log10_min_child_weight": 0.4740493152545916, "log10_subsample": -0.28184370042565, "max_depth": 4.0, "num_boost_round": 3.0}, "datetime": {"datetime": "2024-01-19 00:36:10", "elapsed": 1471.898739, "delta": 0.002343}}
{"target": -13.758989043284057, "params": {"gamma": 950.8186221854971, "log10_alpha": -0.4664537884063904, "log10_colsample_bytree": -0.840920783467413, "log10_eta": -1.2452537441072136, "log10_lambda": 0.8237348593727356, "log10_min_child_weight": 0.4740493152545916, "log10_subsample": -0.28184370042565, "max_depth": 4.0, "num_boost_round": 4.0}, "datetime": {"datetime": "2024-01-19 00:36:10", "elapsed": 1471.901004, "delta": 0.002265}}
{"target": -13.758879837155996, "params": {"gamma": 950.8186221854971, "log10_alpha": -0.4664537884063904, "log10_colsample_bytree": -0.840920783467413, "log10_eta": -1.2452537441072136, "log10_lambda": 0.8237348593727356, "log10_min_child_weight": 0.4740493152545916, "log10_subsample": -0.28184370042565, "max_depth": 4.0, "num_boost_round": 5.0}, "datetime": {"datetime": "2024-01-19 00:36:10", "elapsed": 1471.903259, "delta": 0.002255}}
{"target": -13.759011676605942, "params": {"gamma": 950.8186221854971, "log10_alpha": -0.4664537884063904, "log10_colsample_bytree": -0.840920783467413, "log10_eta": -1.2452537441072136, "log10_lambda": 0.8237348593727356, "log10_min_child_weight": 0.4740493152545916, "log10_subsample": -0.28184370042565, "max_depth": 4.0, "num_boost_round": 6.0}, "datetime": {"datetime": "2024-01-19 00:36:10", "elapsed": 1471.90549, "delta": 0.002231}}
{"target": -13.759545666534503, "params": {"gamma": 950.8186221854971, "log10_alpha": -0.4664537884063904, "log10_colsample_bytree": -0.840920783467413, "log10_eta": -1.2452537441072136, "log10_lambda": 0.8237348593727356, "log10_min_child_weight": 0.4740493152545916, "log10_subsample": -0.28184370042565, "max_depth": 4.0, "num_boost_round": 7.0}, "datetime": {"datetime": "2024-01-19 00:36:10", "elapsed": 1471.907839, "delta": 0.002349}}
{"target": -13.760065994558394, "params": {"gamma": 950.8186221854971, "log10_alpha": -0.4664537884063904, "log10_colsample_bytree": -0.840920783467413, "log10_eta": -1.2452537441072136, "log10_lambda": 0.8237348593727356, "log10_min_child_weight": 0.4740493152545916, "log10_subsample": -0.28184370042565, "max_depth": 4.0, "num_boost_round": 8.0}, "datetime": {"datetime": "2024-01-19 00:36:10", "elapsed": 1471.910336, "delta": 0.002497}}
{"target": -13.76168930954557, "params": {"gamma": 950.8186221854971, "log10_alpha": -0.4664537884063904, "log10_colsample_bytree": -0.840920783467413, "log10_eta": -1.2452537441072136, "log10_lambda": 0.8237348593727356, "log10_min_child_weight": 0.4740493152545916, "log10_subsample": -0.28184370042565, "max_depth": 4.0, "num_boost_round": 9.0}, "datetime": {"datetime": "2024-01-19 00:36:10", "elapsed": 1471.912673, "delta": 0.002337}}
{"target": -13.762014923020708, "params": {"gamma": 950.8186221854971, "log10_alpha": -0.4664537884063904, "log10_colsample_bytree": -0.840920783467413, "log10_eta": -1.2452537441072136, "log10_lambda": 0.8237348593727356, "log10_min_child_weight": 0.4740493152545916, "log10_subsample": -0.28184370042565, "max_depth": 4.0, "num_boost_round": 10.0}, "datetime": {"datetime": "2024-01-19 00:36:10", "elapsed": 1471.915002, "delta": 0.002329}}
{"target": -13.761886423965759, "params": {"gamma": 950.8186221854971, "log10_alpha": -0.4664537884063904, "log10_colsample_bytree": -0.840920783467413, "log10_eta": -1.2452537441072136, "log10_lambda": 0.8237348593727356, "log10_min_child_weight": 0.4740493152545916, "log10_subsample": -0.28184370042565, "max_depth": 4.0, "num_boost_round": 11.0}, "datetime": {"datetime": "2024-01-19 00:36:10", "elapsed": 1471.917304, "delta": 0.002302}}
{"target": -13.762162550621133, "params": {"gamma": 950.8186221854971, "log10_alpha": -0.4664537884063904, "log10_colsample_bytree": -0.840920783467413, "log10_eta": -1.2452537441072136, "log10_lambda": 0.8237348593727356, "log10_min_child_weight": 0.4740493152545916, "log10_subsample": -0.28184370042565, "max_depth": 4.0, "num_boost_round": 12.0}, "datetime": {"datetime": "2024-01-19 00:36:10", "elapsed": 1471.919617, "delta": 0.002313}}
{"target": -13.761264935922407, "params": {"gamma": 950.8186221854971, "log10_alpha": -0.4664537884063904, "log10_colsample_bytree": -0.840920783467413, "log10_eta": -1.2452537441072136, "log10_lambda": 0.8237348593727356, "log10_min_child_weight": 0.4740493152545916, "log10_subsample": -0.28184370042565, "max_depth": 4.0, "num_boost_round": 13.0}, "datetime": {"datetime": "2024-01-19 00:36:10", "elapsed": 1471.921936, "delta": 0.002319}}
{"target": -13.76144032783899, "params": {"gamma": 950.8186221854971, "log10_alpha": -0.4664537884063904, "log10_colsample_bytree": -0.840920783467413, "log10_eta": -1.2452537441072136, "log10_lambda": 0.8237348593727356, "log10_min_child_weight": 0.4740493152545916, "log10_subsample": -0.28184370042565, "max_depth": 4.0, "num_boost_round": 14.0}, "datetime": {"datetime": "2024-01-19 00:36:10", "elapsed": 1471.924274, "delta": 0.002338}}
{"target": -13.761984865978455, "params": {"gamma": 950.8186221854971, "log10_alpha": -0.4664537884063904, "log10_colsample_bytree": -0.840920783467413, "log10_eta": -1.2452537441072136, "log10_lambda": 0.8237348593727356, "log10_min_child_weight": 0.4740493152545916, "log10_subsample": -0.28184370042565, "max_depth": 4.0, "num_boost_round": 15.0}, "datetime": {"datetime": "2024-01-19 00:36:10", "elapsed": 1471.926564, "delta": 0.00229}}
{"target": -13.758537659069885, "params": {"gamma": 951.4145958516591, "log10_alpha": -3.406958326557841, "log10_colsample_bytree": -0.7935254411989565, "log10_eta": -3.5156479419383673, "log10_lambda": -0.7999020178292557, "log10_min_child_weight": 4.730446496452887, "log10_subsample": -0.37502959829148375, "max_depth": 3.0, "num_boost_round": 0.0}, "datetime": {"datetime": "2024-01-19 00:36:43", "elapsed": 1504.764968, "delta": 32.838404}}
{"target": -13.758536956715975, "params": {"gamma": 951.4145958516591, "log10_alpha": -3.406958326557841, "log10_colsample_bytree": -0.7935254411989565, "log10_eta": -3.5156479419383673, "log10_lambda": -0.7999020178292557, "log10_min_child_weight": 4.730446496452887, "log10_subsample": -0.37502959829148375, "max_depth": 3.0, "num_boost_round": 1.0}, "datetime": {"datetime": "2024-01-19 00:36:43", "elapsed": 1504.768187, "delta": 0.003219}}
{"target": -13.758537622017046, "params": {"gamma": 951.4145958516591, "log10_alpha": -3.406958326557841, "log10_colsample_bytree": -0.7935254411989565, "log10_eta": -3.5156479419383673, "log10_lambda": -0.7999020178292557, "log10_min_child_weight": 4.730446496452887, "log10_subsample": -0.37502959829148375, "max_depth": 3.0, "num_boost_round": 2.0}, "datetime": {"datetime": "2024-01-19 00:36:43", "elapsed": 1504.770614, "delta": 0.002427}}
{"target": -13.758537160470329, "params": {"gamma": 951.4145958516591, "log10_alpha": -3.406958326557841, "log10_colsample_bytree": -0.7935254411989565, "log10_eta": -3.5156479419383673, "log10_lambda": -0.7999020178292557, "log10_min_child_weight": 4.730446496452887, "log10_subsample": -0.37502959829148375, "max_depth": 3.0, "num_boost_round": 3.0}, "datetime": {"datetime": "2024-01-19 00:36:43", "elapsed": 1504.772883, "delta": 0.002269}}
{"target": -13.758536914685113, "params": {"gamma": 951.4145958516591, "log10_alpha": -3.406958326557841, "log10_colsample_bytree": -0.7935254411989565, "log10_eta": -3.5156479419383673, "log10_lambda": -0.7999020178292557, "log10_min_child_weight": 4.730446496452887, "log10_subsample": -0.37502959829148375, "max_depth": 3.0, "num_boost_round": 4.0}, "datetime": {"datetime": "2024-01-19 00:36:43", "elapsed": 1504.775187, "delta": 0.002304}}
{"target": -13.758535934964183, "params": {"gamma": 951.4145958516591, "log10_alpha": -3.406958326557841, "log10_colsample_bytree": -0.7935254411989565, "log10_eta": -3.5156479419383673, "log10_lambda": -0.7999020178292557, "log10_min_child_weight": 4.730446496452887, "log10_subsample": -0.37502959829148375, "max_depth": 3.0, "num_boost_round": 5.0}, "datetime": {"datetime": "2024-01-19 00:36:43", "elapsed": 1504.777516, "delta": 0.002329}}
{"target": -13.758537474811769, "params": {"gamma": 951.4145958516591, "log10_alpha": -3.406958326557841, "log10_colsample_bytree": -0.7935254411989565, "log10_eta": -3.5156479419383673, "log10_lambda": -0.7999020178292557, "log10_min_child_weight": 4.730446496452887, "log10_subsample": -0.37502959829148375, "max_depth": 3.0, "num_boost_round": 6.0}, "datetime": {"datetime": "2024-01-19 00:36:43", "elapsed": 1504.779771, "delta": 0.002255}}
{"target": -13.75853651324848, "params": {"gamma": 951.4145958516591, "log10_alpha": -3.406958326557841, "log10_colsample_bytree": -0.7935254411989565, "log10_eta": -3.5156479419383673, "log10_lambda": -0.7999020178292557, "log10_min_child_weight": 4.730446496452887, "log10_subsample": -0.37502959829148375, "max_depth": 3.0, "num_boost_round": 7.0}, "datetime": {"datetime": "2024-01-19 00:36:43", "elapsed": 1504.782038, "delta": 0.002267}}
