{"target": -13.756937894443528, "params": {"gamma": 725.8992446361776, "log10_alpha": 0.880778339091707, "log10_colsample_bytree": -0.746411897736712, "log10_eta": -1.303079754480113, "log10_lambda": -1.2551578060408461, "log10_min_child_weight": 2.411171382583504, "log10_subsample": -0.7715626299871656, "max_depth": 9.0, "num_boost_round": 4.0}, "datetime": {"datetime": "2024-01-19 01:46:01", "elapsed": 5660.649462, "delta": 0.005617}}
{"target": -13.757868064752087, "params": {"gamma": 725.8992446361776, "log10_alpha": 0.880778339091707, "log10_colsample_bytree": -0.746411897736712, "log10_eta": -1.303079754480113, "log10_lambda": -1.2551578060408461, "log10_min_child_weight": 2.411171382583504, "log10_subsample": -0.7715626299871656, "max_depth": 9.0, "num_boost_round": 5.0}, "datetime": {"datetime": "2024-01-19 01:46:01", "elapsed": 5660.655116, "delta": 0.005654}}
{"target": -13.759913505596021, "params": {"gamma": 725.8992446361776, "log10_alpha": 0.880778339091707, "log10_colsample_bytree": -0.746411897736712, "log10_eta": -1.303079754480113, "log10_lambda": -1.2551578060408461, "log10_min_child_weight": 2.411171382583504, "log10_subsample": -0.7715626299871656, "max_depth": 9.0, "num_boost_round": 6.0}, "datetime": {"datetime": "2024-01-19 01:46:01", "elapsed": 5660.660774, "delta": 0.005658}}
{"target": -13.758801577703277, "params": {"gamma": 725.8992446361776, "log10_alpha": 0.880778339091707, "log10_colsample_bytree": -0.746411897736712, "log10_eta": -1.303079754480113, "log10_lambda": -1.2551578060408461, "log10_min_child_weight": 2.411171382583504, "log10_subsample": -0.7715626299871656, "max_depth": 9.0, "num_boost_round": 7.0}, "datetime": {"datetime": "2024-01-19 01:46:01", "elapsed": 5660.66611, "delta": 0.005336}}
{"target": -13.759225101620538, "params": {"gamma": 725.8992446361776, "log10_alpha": 0.880778339091707, "log10_colsample_bytree": -0.746411897736712, "log10_eta": -1.303079754480113, "log10_lambda": -1.2551578060408461, "log10_min_child_weight": 2.411171382583504, "log10_subsample": -0.7715626299871656, "max_depth": 9.0, "num_boost_round": 8.0}, "datetime": {"datetime": "2024-01-19 01:46:01", "elapsed": 5660.671643, "delta": 0.005533}}
{"target": -13.760227675255758, "params": {"gamma": 725.8992446361776, "log10_alpha": 0.880778339091707, "log10_colsample_bytree": -0.746411897736712, "log10_eta": -1.303079754480113, "log10_lambda": -1.2551578060408461, "log10_min_child_weight": 2.411171382583504, "log10_subsample": -0.7715626299871656, "max_depth": 9.0, "num_boost_round": 9.0}, "datetime": {"datetime": "2024-01-19 01:46:01", "elapsed": 5660.67711, "delta": 0.005467}}
{"target": -13.760162328071367, "params": {"gamma": 725.8992446361776, "log10_alpha": 0.880778339091707, "log10_colsample_bytree": -0.746411897736712, "log10_eta": -1.303079754480113, "log10_lambda": -1.2551578060408461, "log10_min_child_weight": 2.411171382583504, "log10_subsample": -0.7715626299871656, "max_depth": 9.0, "num_boost_round": 10.0}, "datetime": {"datetime": "2024-01-19 01:46:01", "elapsed": 5660.682605, "delta": 0.005495}}
{"target": -13.760875155624815, "params": {"gamma": 725.8992446361776, "log10_alpha": 0.880778339091707, "log10_colsample_bytree": -0.746411897736712, "log10_eta": -1.303079754480113, "log10_lambda": -1.2551578060408461, "log10_min_child_weight": 2.411171382583504, "log10_subsample": -0.7715626299871656, "max_depth": 9.0, "num_boost_round": 11.0}, "datetime": {"datetime": "2024-01-19 01:46:01", "elapsed": 5660.68836, "delta": 0.005755}}
{"target": -13.762189272481532, "params": {"gamma": 725.8992446361776, "log10_alpha": 0.880778339091707, "log10_colsample_bytree": -0.746411897736712, "log10_eta": -1.303079754480113, "log10_lambda": -1.2551578060408461, "log10_min_child_weight": 2.411171382583504, "log10_subsample": -0.7715626299871656, "max_depth": 9.0, "num_boost_round": 12.0}, "datetime": {"datetime": "2024-01-19 01:46:01", "elapsed": 5660.694082, "delta": 0.005722}}
{"target": -13.762955120326168, "params": {"gamma": 725.8992446361776, "log10_alpha": 0.880778339091707, "log10_colsample_bytree": -0.746411897736712, "log10_eta": -1.303079754480113, "log10_lambda": -1.2551578060408461, "log10_min_child_weight": 2.411171382583504, "log10_subsample": -0.7715626299871656, "max_depth": 9.0, "num_boost_round": 13.0}, "datetime": {"datetime": "2024-01-19 01:46:01", "elapsed": 5660.699428, "delta": 0.005346}}
{"target": -13.764151931765236, "params": {"gamma": 725.8992446361776, "log10_alpha": 0.880778339091707, "log10_colsample_bytree": -0.746411897736712, "log10_eta": -1.303079754480113, "log10_lambda": -1.2551578060408461, "log10_min_child_weight": 2.411171382583504, "log10_subsample": -0.7715626299871656, "max_depth": 9.0, "num_boost_round": 14.0}, "datetime": {"datetime": "2024-01-19 01:46:01", "elapsed": 5660.705082, "delta": 0.005654}}
{"target": -13.76530275174937, "params": {"gamma": 725.8992446361776, "log10_alpha": 0.880778339091707, "log10_colsample_bytree": -0.746411897736712, "log10_eta": -1.303079754480113, "log10_lambda": -1.2551578060408461, "log10_min_child_weight": 2.411171382583504, "log10_subsample": -0.7715626299871656, "max_depth": 9.0, "num_boost_round": 15.0}, "datetime": {"datetime": "2024-01-19 01:46:01", "elapsed": 5660.71068, "delta": 0.005598}}
{"target": -13.764980137074623, "params": {"gamma": 725.8992446361776, "log10_alpha": 0.880778339091707, "log10_colsample_bytree": -0.746411897736712, "log10_eta": -1.303079754480113, "log10_lambda": -1.2551578060408461, "log10_min_child_weight": 2.411171382583504, "log10_subsample": -0.7715626299871656, "max_depth": 9.0, "num_boost_round": 16.0}, "datetime": {"datetime": "2024-01-19 01:46:01", "elapsed": 5660.716263, "delta": 0.005583}}
{"target": -13.76551220839094, "params": {"gamma": 725.8992446361776, "log10_alpha": 0.880778339091707, "log10_colsample_bytree": -0.746411897736712, "log10_eta": -1.303079754480113, "log10_lambda": -1.2551578060408461, "log10_min_child_weight": 2.411171382583504, "log10_subsample": -0.7715626299871656, "max_depth": 9.0, "num_boost_round": 17.0}, "datetime": {"datetime": "2024-01-19 01:46:01", "elapsed": 5660.721624, "delta": 0.005361}}
{"target": -13.766418599749787, "params": {"gamma": 725.8992446361776, "log10_alpha": 0.880778339091707, "log10_colsample_bytree": -0.746411897736712, "log10_eta": -1.303079754480113, "log10_lambda": -1.2551578060408461, "log10_min_child_weight": 2.411171382583504, "log10_subsample": -0.7715626299871656, "max_depth": 9.0, "num_boost_round": 18.0}, "datetime": {"datetime": "2024-01-19 01:46:01", "elapsed": 5660.727341, "delta": 0.005717}}
{"target": -13.767342263455962, "params": {"gamma": 725.8992446361776, "log10_alpha": 0.880778339091707, "log10_colsample_bytree": -0.746411897736712, "log10_eta": -1.303079754480113, "log10_lambda": -1.2551578060408461, "log10_min_child_weight": 2.411171382583504, "log10_subsample": -0.7715626299871656, "max_depth": 9.0, "num_boost_round": 19.0}, "datetime": {"datetime": "2024-01-19 01:46:01", "elapsed": 5660.732651, "delta": 0.00531}}
{"target": -13.768833444942734, "params": {"gamma": 725.8992446361776, "log10_alpha": 0.880778339091707, "log10_colsample_bytree": -0.746411897736712, "log10_eta": -1.303079754480113, "log10_lambda": -1.2551578060408461, "log10_min_child_weight": 2.411171382583504, "log10_subsample": -0.7715626299871656, "max_depth": 9.0, "num_boost_round": 20.0}, "datetime": {"datetime": "2024-01-19 01:46:01", "elapsed": 5660.738361, "delta": 0.00571}}
{"target": -13.770657939584583, "params": {"gamma": 725.8992446361776, "log10_alpha": 0.880778339091707, "log10_colsample_bytree": -0.746411897736712, "log10_eta": -1.303079754480113, "log10_lambda": -1.2551578060408461, "log10_min_child_weight": 2.411171382583504, "log10_subsample": -0.7715626299871656, "max_depth": 9.0, "num_boost_round": 21.0}, "datetime": {"datetime": "2024-01-19 01:46:01", "elapsed": 5660.743955, "delta": 0.005594}}
{"target": -13.771654680560449, "params": {"gamma": 725.8992446361776, "log10_alpha": 0.880778339091707, "log10_colsample_bytree": -0.746411897736712, "log10_eta": -1.303079754480113, "log10_lambda": -1.2551578060408461, "log10_min_child_weight": 2.411171382583504, "log10_subsample": -0.7715626299871656, "max_depth": 9.0, "num_boost_round": 22.0}, "datetime": {"datetime": "2024-01-19 01:46:01", "elapsed": 5660.749431, "delta": 0.005476}}
{"target": -13.773853459404028, "params": {"gamma": 725.8992446361776, "log10_alpha": 0.880778339091707, "log10_colsample_bytree": -0.746411897736712, "log10_eta": -1.303079754480113, "log10_lambda": -1.2551578060408461, "log10_min_child_weight": 2.411171382583504, "log10_subsample": -0.7715626299871656, "max_depth": 9.0, "num_boost_round": 23.0}, "datetime": {"datetime": "2024-01-19 01:46:01", "elapsed": 5660.755051, "delta": 0.00562}}
{"target": -13.777139974505975, "params": {"gamma": 725.8992446361776, "log10_alpha": 0.880778339091707, "log10_colsample_bytree": -0.746411897736712, "log10_eta": -1.303079754480113, "log10_lambda": -1.2551578060408461, "log10_min_child_weight": 2.411171382583504, "log10_subsample": -0.7715626299871656, "max_depth": 9.0, "num_boost_round": 24.0}, "datetime": {"datetime": "2024-01-19 01:46:01", "elapsed": 5660.761268, "delta": 0.006217}}
{"target": -13.781572371435796, "params": {"gamma": 725.8992446361776, "log10_alpha": 0.880778339091707, "log10_colsample_bytree": -0.746411897736712, "log10_eta": -1.303079754480113, "log10_lambda": -1.2551578060408461, "log10_min_child_weight": 2.411171382583504, "log10_subsample": -0.7715626299871656, "max_depth": 9.0, "num_boost_round": 25.0}, "datetime": {"datetime": "2024-01-19 01:46:01", "elapsed": 5660.766734, "delta": 0.005466}}
{"target": -13.758535848428025, "params": {"gamma": 718.9678164438923, "log10_alpha": -1.3174817986721417, "log10_colsample_bytree": -0.4575873062615886, "log10_eta": -3.1586650896115724, "log10_lambda": 0.42786891779609526, "log10_min_child_weight": 4.396235615696905, "log10_subsample": -0.09851150638224304, "max_depth": 8.0, "num_boost_round": 0.0}, "datetime": {"datetime": "2024-01-19 01:48:10", "elapsed": 5789.501473, "delta": 128.734739}}
{"target": -13.758532308129839, "params": {"gamma": 718.9678164438923, "log10_alpha": -1.3174817986721417, "log10_colsample_bytree": -0.4575873062615886, "log10_eta": -3.1586650896115724, "log10_lambda": 0.42786891779609526, "log10_min_child_weight": 4.396235615696905, "log10_subsample": -0.09851150638224304, "max_depth": 8.0, "num_boost_round": 1.0}, "datetime": {"datetime": "2024-01-19 01:48:10", "elapsed": 5789.507287, "delta": 0.005814}}
{"target": -13.758536542707143, "params": {"gamma": 718.9678164438923, "log10_alpha": -1.3174817986721417, "log10_colsample_bytree": -0.4575873062615886, "log10_eta": -3.1586650896115724, "log10_lambda": 0.42786891779609526, "log10_min_child_weight": 4.396235615696905, "log10_subsample": -0.09851150638224304, "max_depth": 8.0, "num_boost_round": 2.0}, "datetime": {"datetime": "2024-01-19 01:48:10", "elapsed": 5789.512753, "delta": 0.005466}}
{"target": -13.75853426732306, "params": {"gamma": 718.9678164438923, "log10_alpha": -1.3174817986721417, "log10_colsample_bytree": -0.4575873062615886, "log10_eta": -3.1586650896115724, "log10_lambda": 0.42786891779609526, "log10_min_child_weight": 4.396235615696905, "log10_subsample": -0.09851150638224304, "max_depth": 8.0, "num_boost_round": 3.0}, "datetime": {"datetime": "2024-01-19 01:48:10", "elapsed": 5789.518383, "delta": 0.00563}}
{"target": -13.758531598434375, "params": {"gamma": 718.9678164438923, "log10_alpha": -1.3174817986721417, "log10_colsample_bytree": -0.4575873062615886, "log10_eta": -3.1586650896115724, "log10_lambda": 0.42786891779609526, "log10_min_child_weight": 4.396235615696905, "log10_subsample": -0.09851150638224304, "max_depth": 8.0, "num_boost_round": 4.0}, "datetime": {"datetime": "2024-01-19 01:48:10", "elapsed": 5789.523891, "delta": 0.005508}}
{"target": -13.7585286381796, "params": {"gamma": 718.9678164438923, "log10_alpha": -1.3174817986721417, "log10_colsample_bytree": -0.4575873062615886, "log10_eta": -3.1586650896115724, "log10_lambda": 0.42786891779609526, "log10_min_child_weight": 4.396235615696905, "log10_subsample": -0.09851150638224304, "max_depth": 8.0, "num_boost_round": 5.0}, "datetime": {"datetime": "2024-01-19 01:48:10", "elapsed": 5789.529531, "delta": 0.00564}}
{"target": -13.75853187993037, "params": {"gamma": 718.9678164438923, "log10_alpha": -1.3174817986721417, "log10_colsample_bytree": -0.4575873062615886, "log10_eta": -3.1586650896115724, "log10_lambda": 0.42786891779609526, "log10_min_child_weight": 4.396235615696905, "log10_subsample": -0.09851150638224304, "max_depth": 8.0, "num_boost_round": 6.0}, "datetime": {"datetime": "2024-01-19 01:48:10", "elapsed": 5789.535662, "delta": 0.006131}}
{"target": -13.758531570031748, "params": {"gamma": 718.9678164438923, "log10_alpha": -1.3174817986721417, "log10_colsample_bytree": -0.4575873062615886, "log10_eta": -3.1586650896115724, "log10_lambda": 0.42786891779609526, "log10_min_child_weight": 4.396235615696905, "log10_subsample": -0.09851150638224304, "max_depth": 8.0, "num_boost_round": 7.0}, "datetime": {"datetime": "2024-01-19 01:48:10", "elapsed": 5789.541101, "delta": 0.005439}}
{"target": -13.758530198026135, "params": {"gamma": 718.9678164438923, "log10_alpha": -1.3174817986721417, "log10_colsample_bytree": -0.4575873062615886, "log10_eta": -3.1586650896115724, "log10_lambda": 0.42786891779609526, "log10_min_child_weight": 4.396235615696905, "log10_subsample": -0.09851150638224304, "max_depth": 8.0, "num_boost_round": 8.0}, "datetime": {"datetime": "2024-01-19 01:48:10", "elapsed": 5789.547184, "delta": 0.006083}}
{"target": -13.758535182485168, "params": {"gamma": 718.9678164438923, "log10_alpha": -1.3174817986721417, "log10_colsample_bytree": -0.4575873062615886, "log10_eta": -3.1586650896115724, "log10_lambda": 0.42786891779609526, "log10_min_child_weight": 4.396235615696905, "log10_subsample": -0.09851150638224304, "max_depth": 8.0, "num_boost_round": 9.0}, "datetime": {"datetime": "2024-01-19 01:48:10", "elapsed": 5789.553094, "delta": 0.00591}}
{"target": -13.758530517245156, "params": {"gamma": 718.9678164438923, "log10_alpha": -1.3174817986721417, "log10_colsample_bytree": -0.4575873062615886, "log10_eta": -3.1586650896115724, "log10_lambda": 0.42786891779609526, "log10_min_child_weight": 4.396235615696905, "log10_subsample": -0.09851150638224304, "max_depth": 8.0, "num_boost_round": 10.0}, "datetime": {"datetime": "2024-01-19 01:48:10", "elapsed": 5789.558572, "delta": 0.005478}}
{"target": -13.758523249261172, "params": {"gamma": 718.9678164438923, "log10_alpha": -1.3174817986721417, "log10_colsample_bytree": -0.4575873062615886, "log10_eta": -3.1586650896115724, "log10_lambda": 0.42786891779609526, "log10_min_child_weight": 4.396235615696905, "log10_subsample": -0.09851150638224304, "max_depth": 8.0, "num_boost_round": 11.0}, "datetime": {"datetime": "2024-01-19 01:48:10", "elapsed": 5789.564194, "delta": 0.005622}}
{"target": -13.758527288681712, "params": {"gamma": 718.9678164438923, "log10_alpha": -1.3174817986721417, "log10_colsample_bytree": -0.4575873062615886, "log10_eta": -3.1586650896115724, "log10_lambda": 0.42786891779609526, "log10_min_child_weight": 4.396235615696905, "log10_subsample": -0.09851150638224304, "max_depth": 8.0, "num_boost_round": 12.0}, "datetime": {"datetime": "2024-01-19 01:48:10", "elapsed": 5789.569854, "delta": 0.00566}}
{"target": -13.758544717701175, "params": {"gamma": 713.9731436695346, "log10_alpha": 0.4146868646073969, "log10_colsample_bytree": -0.33301061382686337, "log10_eta": -3.1152190989188133, "log10_lambda": -3.219418698633591, "log10_min_child_weight": 2.677355293336485, "log10_subsample": -0.42060278531925854, "max_depth": 5.0, "num_boost_round": 0.0}, "datetime": {"datetime": "2024-01-19 01:49:58", "elapsed": 5897.360353, "delta": 107.790499}}
{"target": -13.758542293795113, "params": {"gamma": 713.9731436695346, "log10_alpha": 0.4146868646073969, "log10_colsample_bytree": -0.33301061382686337, "log10_eta": -3.1152190989188133, "log10_lambda": -3.219418698633591, "log10_min_child_weight": 2.677355293336485, "log10_subsample": -0.42060278531925854, "max_depth": 5.0, "num_boost_round": 1.0}, "datetime": {"datetime": "2024-01-19 01:49:58", "elapsed": 5897.367125, "delta": 0.006772}}
{"target": -13.75852330661133, "params": {"gamma": 713.9731436695346, "log10_alpha": 0.4146868646073969, "log10_colsample_bytree": -0.33301061382686337, "log10_eta": -3.1152190989188133, "log10_lambda": -3.219418698633591, "log10_min_child_weight": 2.677355293336485, "log10_subsample": -0.42060278531925854, "max_depth": 5.0, "num_boost_round": 2.0}, "datetime": {"datetime": "2024-01-19 01:49:58", "elapsed": 5897.373208, "delta": 0.006083}}
{"target": -13.758526227843955, "params": {"gamma": 713.9731436695346, "log10_alpha": 0.4146868646073969, "log10_colsample_bytree": -0.33301061382686337, "log10_eta": -3.1152190989188133, "log10_lambda": -3.219418698633591, "log10_min_child_weight": 2.677355293336485, "log10_subsample": -0.42060278531925854, "max_depth": 5.0, "num_boost_round": 3.0}, "datetime": {"datetime": "2024-01-19 01:49:58", "elapsed": 5897.378524, "delta": 0.005316}}
{"target": -13.758497912725266, "params": {"gamma": 713.9731436695346, "log10_alpha": 0.4146868646073969, "log10_colsample_bytree": -0.33301061382686337, "log10_eta": -3.1152190989188133, "log10_lambda": -3.219418698633591, "log10_min_child_weight": 2.677355293336485, "log10_subsample": -0.42060278531925854, "max_depth": 5.0, "num_boost_round": 4.0}, "datetime": {"datetime": "2024-01-19 01:49:58", "elapsed": 5897.384071, "delta": 0.005547}}
{"target": -13.758502857862323, "params": {"gamma": 713.9731436695346, "log10_alpha": 0.4146868646073969, "log10_colsample_bytree": -0.33301061382686337, "log10_eta": -3.1152190989188133, "log10_lambda": -3.219418698633591, "log10_min_child_weight": 2.677355293336485, "log10_subsample": -0.42060278531925854, "max_depth": 5.0, "num_boost_round": 5.0}, "datetime": {"datetime": "2024-01-19 01:49:58", "elapsed": 5897.38956, "delta": 0.005489}}
{"target": -13.758478607460617, "params": {"gamma": 713.9731436695346, "log10_alpha": 0.4146868646073969, "log10_colsample_bytree": -0.33301061382686337, "log10_eta": -3.1152190989188133, "log10_lambda": -3.219418698633591, "log10_min_child_weight": 2.677355293336485, "log10_subsample": -0.42060278531925854, "max_depth": 5.0, "num_boost_round": 6.0}, "datetime": {"datetime": "2024-01-19 01:49:58", "elapsed": 5897.395084, "delta": 0.005524}}
{"target": -13.758472073110138, "params": {"gamma": 713.9731436695346, "log10_alpha": 0.4146868646073969, "log10_colsample_bytree": -0.33301061382686337, "log10_eta": -3.1152190989188133, "log10_lambda": -3.219418698633591, "log10_min_child_weight": 2.677355293336485, "log10_subsample": -0.42060278531925854, "max_depth": 5.0, "num_boost_round": 7.0}, "datetime": {"datetime": "2024-01-19 01:49:58", "elapsed": 5897.530783, "delta": 0.135699}}
{"target": -13.758442164709408, "params": {"gamma": 713.9731436695346, "log10_alpha": 0.4146868646073969, "log10_colsample_bytree": -0.33301061382686337, "log10_eta": -3.1152190989188133, "log10_lambda": -3.219418698633591, "log10_min_child_weight": 2.677355293336485, "log10_subsample": -0.42060278531925854, "max_depth": 5.0, "num_boost_round": 8.0}, "datetime": {"datetime": "2024-01-19 01:49:58", "elapsed": 5897.537276, "delta": 0.006493}}
{"target": -13.758417418335036, "params": {"gamma": 713.9731436695346, "log10_alpha": 0.4146868646073969, "log10_colsample_bytree": -0.33301061382686337, "log10_eta": -3.1152190989188133, "log10_lambda": -3.219418698633591, "log10_min_child_weight": 2.677355293336485, "log10_subsample": -0.42060278531925854, "max_depth": 5.0, "num_boost_round": 9.0}, "datetime": {"datetime": "2024-01-19 01:49:58", "elapsed": 5897.543449, "delta": 0.006173}}
{"target": -13.758401229511648, "params": {"gamma": 713.9731436695346, "log10_alpha": 0.4146868646073969, "log10_colsample_bytree": -0.33301061382686337, "log10_eta": -3.1152190989188133, "log10_lambda": -3.219418698633591, "log10_min_child_weight": 2.677355293336485, "log10_subsample": -0.42060278531925854, "max_depth": 5.0, "num_boost_round": 10.0}, "datetime": {"datetime": "2024-01-19 01:49:58", "elapsed": 5897.549065, "delta": 0.005616}}
{"target": -13.758372955074796, "params": {"gamma": 713.9731436695346, "log10_alpha": 0.4146868646073969, "log10_colsample_bytree": -0.33301061382686337, "log10_eta": -3.1152190989188133, "log10_lambda": -3.219418698633591, "log10_min_child_weight": 2.677355293336485, "log10_subsample": -0.42060278531925854, "max_depth": 5.0, "num_boost_round": 11.0}, "datetime": {"datetime": "2024-01-19 01:49:58", "elapsed": 5897.554499, "delta": 0.005434}}
{"target": -13.75837319169683, "params": {"gamma": 713.9731436695346, "log10_alpha": 0.4146868646073969, "log10_colsample_bytree": -0.33301061382686337, "log10_eta": -3.1152190989188133, "log10_lambda": -3.219418698633591, "log10_min_child_weight": 2.677355293336485, "log10_subsample": -0.42060278531925854, "max_depth": 5.0, "num_boost_round": 12.0}, "datetime": {"datetime": "2024-01-19 01:49:58", "elapsed": 5897.56, "delta": 0.005501}}
{"target": -13.75838645714459, "params": {"gamma": 713.9731436695346, "log10_alpha": 0.4146868646073969, "log10_colsample_bytree": -0.33301061382686337, "log10_eta": -3.1152190989188133, "log10_lambda": -3.219418698633591, "log10_min_child_weight": 2.677355293336485, "log10_subsample": -0.42060278531925854, "max_depth": 5.0, "num_boost_round": 13.0}, "datetime": {"datetime": "2024-01-19 01:49:58", "elapsed": 5897.565677, "delta": 0.005677}}
