{"target": -13.758505981565529, "params": {"gamma": 838.9546372696775, "log10_alpha": -5.0, "log10_colsample_bytree": -0.9812496194064948, "log10_eta": -3.4963588035077713, "log10_lambda": -2.257118176970971, "log10_min_child_weight": 2.887803806908406, "log10_subsample": -0.8436055798301667, "max_depth": 7.0, "num_boost_round": 5.0}, "datetime": {"datetime": "2024-01-19 00:52:59", "elapsed": 2499.610137, "delta": 0.002501}}
{"target": -13.758506419085439, "params": {"gamma": 838.9546372696775, "log10_alpha": -5.0, "log10_colsample_bytree": -0.9812496194064948, "log10_eta": -3.4963588035077713, "log10_lambda": -2.257118176970971, "log10_min_child_weight": 2.887803806908406, "log10_subsample": -0.8436055798301667, "max_depth": 7.0, "num_boost_round": 6.0}, "datetime": {"datetime": "2024-01-19 00:52:59", "elapsed": 2499.612644, "delta": 0.002507}}
{"target": -13.75849930369592, "params": {"gamma": 838.9546372696775, "log10_alpha": -5.0, "log10_colsample_bytree": -0.9812496194064948, "log10_eta": -3.4963588035077713, "log10_lambda": -2.257118176970971, "log10_min_child_weight": 2.887803806908406, "log10_subsample": -0.8436055798301667, "max_depth": 7.0, "num_boost_round": 7.0}, "datetime": {"datetime": "2024-01-19 00:52:59", "elapsed": 2499.615078, "delta": 0.002434}}
{"target": -13.75849400808204, "params": {"gamma": 838.9546372696775, "log10_alpha": -5.0, "log10_colsample_bytree": -0.9812496194064948, "log10_eta": -3.4963588035077713, "log10_lambda": -2.257118176970971, "log10_min_child_weight": 2.887803806908406, "log10_subsample": -0.8436055798301667, "max_depth": 7.0, "num_boost_round": 8.0}, "datetime": {"datetime": "2024-01-19 00:52:59", "elapsed": 2499.617562, "delta": 0.002484}}
{"target": -13.758493449007606, "params": {"gamma": 838.9546372696775, "log10_alpha": -5.0, "log10_colsample_bytree": -0.9812496194064948, "log10_eta": -3.4963588035077713, "log10_lambda": -2.257118176970971, "log10_min_child_weight": 2.887803806908406, "log10_subsample": -0.8436055798301667, "max_depth": 7.0, "num_boost_round": 9.0}, "datetime": {"datetime": "2024-01-19 00:52:59", "elapsed": 2499.620087, "delta": 0.002525}}
{"target": -13.758491424747257, "params": {"gamma": 838.9546372696775, "log10_alpha": -5.0, "log10_colsample_bytree": -0.9812496194064948, "log10_eta": -3.4963588035077713, "log10_lambda": -2.257118176970971, "log10_min_child_weight": 2.887803806908406, "log10_subsample": -0.8436055798301667, "max_depth": 7.0, "num_boost_round": 10.0}, "datetime": {"datetime": "2024-01-19 00:52:59", "elapsed": 2499.622727, "delta": 0.00264}}
{"target": -13.758492005292757, "params": {"gamma": 838.9546372696775, "log10_alpha": -5.0, "log10_colsample_bytree": -0.9812496194064948, "log10_eta": -3.4963588035077713, "log10_lambda": -2.257118176970971, "log10_min_child_weight": 2.887803806908406, "log10_subsample": -0.8436055798301667, "max_depth": 7.0, "num_boost_round": 11.0}, "datetime": {"datetime": "2024-01-19 00:52:59", "elapsed": 2499.6253, "delta": 0.002573}}
{"target": -13.758482314234815, "params": {"gamma": 838.9546372696775, "log10_alpha": -5.0, "log10_colsample_bytree": -0.9812496194064948, "log10_eta": -3.4963588035077713, "log10_lambda": -2.257118176970971, "log10_min_child_weight": 2.887803806908406, "log10_subsample": -0.8436055798301667, "max_depth": 7.0, "num_boost_round": 12.0}, "datetime": {"datetime": "2024-01-19 00:52:59", "elapsed": 2499.627805, "delta": 0.002505}}
{"target": -13.758477270954568, "params": {"gamma": 838.9546372696775, "log10_alpha": -5.0, "log10_colsample_bytree": -0.9812496194064948, "log10_eta": -3.4963588035077713, "log10_lambda": -2.257118176970971, "log10_min_child_weight": 2.887803806908406, "log10_subsample": -0.8436055798301667, "max_depth": 7.0, "num_boost_round": 13.0}, "datetime": {"datetime": "2024-01-19 00:52:59", "elapsed": 2499.630269, "delta": 0.002464}}
{"target": -13.75847802802843, "params": {"gamma": 838.9546372696775, "log10_alpha": -5.0, "log10_colsample_bytree": -0.9812496194064948, "log10_eta": -3.4963588035077713, "log10_lambda": -2.257118176970971, "log10_min_child_weight": 2.887803806908406, "log10_subsample": -0.8436055798301667, "max_depth": 7.0, "num_boost_round": 14.0}, "datetime": {"datetime": "2024-01-19 00:52:59", "elapsed": 2499.632749, "delta": 0.00248}}
{"target": -13.75846922670693, "params": {"gamma": 838.9546372696775, "log10_alpha": -5.0, "log10_colsample_bytree": -0.9812496194064948, "log10_eta": -3.4963588035077713, "log10_lambda": -2.257118176970971, "log10_min_child_weight": 2.887803806908406, "log10_subsample": -0.8436055798301667, "max_depth": 7.0, "num_boost_round": 15.0}, "datetime": {"datetime": "2024-01-19 00:52:59", "elapsed": 2499.635158, "delta": 0.002409}}
{"target": -13.758469279021554, "params": {"gamma": 838.9546372696775, "log10_alpha": -5.0, "log10_colsample_bytree": -0.9812496194064948, "log10_eta": -3.4963588035077713, "log10_lambda": -2.257118176970971, "log10_min_child_weight": 2.887803806908406, "log10_subsample": -0.8436055798301667, "max_depth": 7.0, "num_boost_round": 16.0}, "datetime": {"datetime": "2024-01-19 00:52:59", "elapsed": 2499.637554, "delta": 0.002396}}
{"target": -13.7584654482789, "params": {"gamma": 838.9546372696775, "log10_alpha": -5.0, "log10_colsample_bytree": -0.9812496194064948, "log10_eta": -3.4963588035077713, "log10_lambda": -2.257118176970971, "log10_min_child_weight": 2.887803806908406, "log10_subsample": -0.8436055798301667, "max_depth": 7.0, "num_boost_round": 17.0}, "datetime": {"datetime": "2024-01-19 00:52:59", "elapsed": 2499.640076, "delta": 0.002522}}
{"target": -13.758462289986555, "params": {"gamma": 838.9546372696775, "log10_alpha": -5.0, "log10_colsample_bytree": -0.9812496194064948, "log10_eta": -3.4963588035077713, "log10_lambda": -2.257118176970971, "log10_min_child_weight": 2.887803806908406, "log10_subsample": -0.8436055798301667, "max_depth": 7.0, "num_boost_round": 18.0}, "datetime": {"datetime": "2024-01-19 00:52:59", "elapsed": 2499.642541, "delta": 0.002465}}
{"target": -13.758459905659171, "params": {"gamma": 838.9546372696775, "log10_alpha": -5.0, "log10_colsample_bytree": -0.9812496194064948, "log10_eta": -3.4963588035077713, "log10_lambda": -2.257118176970971, "log10_min_child_weight": 2.887803806908406, "log10_subsample": -0.8436055798301667, "max_depth": 7.0, "num_boost_round": 19.0}, "datetime": {"datetime": "2024-01-19 00:52:59", "elapsed": 2499.645036, "delta": 0.002495}}
{"target": -13.75845719872698, "params": {"gamma": 838.9546372696775, "log10_alpha": -5.0, "log10_colsample_bytree": -0.9812496194064948, "log10_eta": -3.4963588035077713, "log10_lambda": -2.257118176970971, "log10_min_child_weight": 2.887803806908406, "log10_subsample": -0.8436055798301667, "max_depth": 7.0, "num_boost_round": 20.0}, "datetime": {"datetime": "2024-01-19 00:52:59", "elapsed": 2499.647471, "delta": 0.002435}}
{"target": -13.758067278464793, "params": {"gamma": 842.2726037338794, "log10_alpha": -3.0039870539457576, "log10_colsample_bytree": -0.9075292549249043, "log10_eta": -2.2150659139755207, "log10_lambda": 0.7119034456579438, "log10_min_child_weight": 1.1461333851362583, "log10_subsample": -0.7196512848219503, "max_depth": 9.0, "num_boost_round": 0.0}, "datetime": {"datetime": "2024-01-19 00:53:38", "elapsed": 2538.581045, "delta": 38.933574}}
{"target": -13.758337953176522, "params": {"gamma": 842.2726037338794, "log10_alpha": -3.0039870539457576, "log10_colsample_bytree": -0.9075292549249043, "log10_eta": -2.2150659139755207, "log10_lambda": 0.7119034456579438, "log10_min_child_weight": 1.1461333851362583, "log10_subsample": -0.7196512848219503, "max_depth": 9.0, "num_boost_round": 1.0}, "datetime": {"datetime": "2024-01-19 00:53:38", "elapsed": 2538.584133, "delta": 0.003088}}
{"target": -13.758263961307211, "params": {"gamma": 842.2726037338794, "log10_alpha": -3.0039870539457576, "log10_colsample_bytree": -0.9075292549249043, "log10_eta": -2.2150659139755207, "log10_lambda": 0.7119034456579438, "log10_min_child_weight": 1.1461333851362583, "log10_subsample": -0.7196512848219503, "max_depth": 9.0, "num_boost_round": 2.0}, "datetime": {"datetime": "2024-01-19 00:53:38", "elapsed": 2538.586654, "delta": 0.002521}}
{"target": -13.758178877235729, "params": {"gamma": 842.2726037338794, "log10_alpha": -3.0039870539457576, "log10_colsample_bytree": -0.9075292549249043, "log10_eta": -2.2150659139755207, "log10_lambda": 0.7119034456579438, "log10_min_child_weight": 1.1461333851362583, "log10_subsample": -0.7196512848219503, "max_depth": 9.0, "num_boost_round": 3.0}, "datetime": {"datetime": "2024-01-19 00:53:38", "elapsed": 2538.589872, "delta": 0.003218}}
{"target": -13.758022991179262, "params": {"gamma": 842.2726037338794, "log10_alpha": -3.0039870539457576, "log10_colsample_bytree": -0.9075292549249043, "log10_eta": -2.2150659139755207, "log10_lambda": 0.7119034456579438, "log10_min_child_weight": 1.1461333851362583, "log10_subsample": -0.7196512848219503, "max_depth": 9.0, "num_boost_round": 4.0}, "datetime": {"datetime": "2024-01-19 00:53:38", "elapsed": 2538.592426, "delta": 0.002554}}
{"target": -13.757975340202321, "params": {"gamma": 842.2726037338794, "log10_alpha": -3.0039870539457576, "log10_colsample_bytree": -0.9075292549249043, "log10_eta": -2.2150659139755207, "log10_lambda": 0.7119034456579438, "log10_min_child_weight": 1.1461333851362583, "log10_subsample": -0.7196512848219503, "max_depth": 9.0, "num_boost_round": 5.0}, "datetime": {"datetime": "2024-01-19 00:53:38", "elapsed": 2538.594948, "delta": 0.002522}}
{"target": -13.757988074342153, "params": {"gamma": 842.2726037338794, "log10_alpha": -3.0039870539457576, "log10_colsample_bytree": -0.9075292549249043, "log10_eta": -2.2150659139755207, "log10_lambda": 0.7119034456579438, "log10_min_child_weight": 1.1461333851362583, "log10_subsample": -0.7196512848219503, "max_depth": 9.0, "num_boost_round": 6.0}, "datetime": {"datetime": "2024-01-19 00:53:38", "elapsed": 2538.597414, "delta": 0.002466}}
{"target": -13.757810101848275, "params": {"gamma": 842.2726037338794, "log10_alpha": -3.0039870539457576, "log10_colsample_bytree": -0.9075292549249043, "log10_eta": -2.2150659139755207, "log10_lambda": 0.7119034456579438, "log10_min_child_weight": 1.1461333851362583, "log10_subsample": -0.7196512848219503, "max_depth": 9.0, "num_boost_round": 7.0}, "datetime": {"datetime": "2024-01-19 00:53:38", "elapsed": 2538.599901, "delta": 0.002487}}
{"target": -13.75778588344804, "params": {"gamma": 842.2726037338794, "log10_alpha": -3.0039870539457576, "log10_colsample_bytree": -0.9075292549249043, "log10_eta": -2.2150659139755207, "log10_lambda": 0.7119034456579438, "log10_min_child_weight": 1.1461333851362583, "log10_subsample": -0.7196512848219503, "max_depth": 9.0, "num_boost_round": 8.0}, "datetime": {"datetime": "2024-01-19 00:53:38", "elapsed": 2538.602382, "delta": 0.002481}}
{"target": -13.757851849826688, "params": {"gamma": 842.2726037338794, "log10_alpha": -3.0039870539457576, "log10_colsample_bytree": -0.9075292549249043, "log10_eta": -2.2150659139755207, "log10_lambda": 0.7119034456579438, "log10_min_child_weight": 1.1461333851362583, "log10_subsample": -0.7196512848219503, "max_depth": 9.0, "num_boost_round": 9.0}, "datetime": {"datetime": "2024-01-19 00:53:38", "elapsed": 2538.605447, "delta": 0.003065}}
{"target": -13.75782731068067, "params": {"gamma": 842.2726037338794, "log10_alpha": -3.0039870539457576, "log10_colsample_bytree": -0.9075292549249043, "log10_eta": -2.2150659139755207, "log10_lambda": 0.7119034456579438, "log10_min_child_weight": 1.1461333851362583, "log10_subsample": -0.7196512848219503, "max_depth": 9.0, "num_boost_round": 10.0}, "datetime": {"datetime": "2024-01-19 00:53:38", "elapsed": 2538.608047, "delta": 0.0026}}
{"target": -13.757823269654896, "params": {"gamma": 842.2726037338794, "log10_alpha": -3.0039870539457576, "log10_colsample_bytree": -0.9075292549249043, "log10_eta": -2.2150659139755207, "log10_lambda": 0.7119034456579438, "log10_min_child_weight": 1.1461333851362583, "log10_subsample": -0.7196512848219503, "max_depth": 9.0, "num_boost_round": 11.0}, "datetime": {"datetime": "2024-01-19 00:53:38", "elapsed": 2538.610589, "delta": 0.002542}}
{"target": -13.757954520532069, "params": {"gamma": 842.2726037338794, "log10_alpha": -3.0039870539457576, "log10_colsample_bytree": -0.9075292549249043, "log10_eta": -2.2150659139755207, "log10_lambda": 0.7119034456579438, "log10_min_child_weight": 1.1461333851362583, "log10_subsample": -0.7196512848219503, "max_depth": 9.0, "num_boost_round": 12.0}, "datetime": {"datetime": "2024-01-19 00:53:38", "elapsed": 2538.613114, "delta": 0.002525}}
{"target": -13.757768402216767, "params": {"gamma": 842.2726037338794, "log10_alpha": -3.0039870539457576, "log10_colsample_bytree": -0.9075292549249043, "log10_eta": -2.2150659139755207, "log10_lambda": 0.7119034456579438, "log10_min_child_weight": 1.1461333851362583, "log10_subsample": -0.7196512848219503, "max_depth": 9.0, "num_boost_round": 13.0}, "datetime": {"datetime": "2024-01-19 00:53:38", "elapsed": 2538.615606, "delta": 0.002492}}
{"target": -13.757879875358942, "params": {"gamma": 842.2726037338794, "log10_alpha": -3.0039870539457576, "log10_colsample_bytree": -0.9075292549249043, "log10_eta": -2.2150659139755207, "log10_lambda": 0.7119034456579438, "log10_min_child_weight": 1.1461333851362583, "log10_subsample": -0.7196512848219503, "max_depth": 9.0, "num_boost_round": 14.0}, "datetime": {"datetime": "2024-01-19 00:53:38", "elapsed": 2538.618062, "delta": 0.002456}}
{"target": -13.757855226780281, "params": {"gamma": 842.2726037338794, "log10_alpha": -3.0039870539457576, "log10_colsample_bytree": -0.9075292549249043, "log10_eta": -2.2150659139755207, "log10_lambda": 0.7119034456579438, "log10_min_child_weight": 1.1461333851362583, "log10_subsample": -0.7196512848219503, "max_depth": 9.0, "num_boost_round": 15.0}, "datetime": {"datetime": "2024-01-19 00:53:38", "elapsed": 2538.620543, "delta": 0.002481}}
{"target": -13.757870203523526, "params": {"gamma": 842.2726037338794, "log10_alpha": -3.0039870539457576, "log10_colsample_bytree": -0.9075292549249043, "log10_eta": -2.2150659139755207, "log10_lambda": 0.7119034456579438, "log10_min_child_weight": 1.1461333851362583, "log10_subsample": -0.7196512848219503, "max_depth": 9.0, "num_boost_round": 16.0}, "datetime": {"datetime": "2024-01-19 00:53:38", "elapsed": 2538.623079, "delta": 0.002536}}
{"target": -13.757487293286948, "params": {"gamma": 842.2726037338794, "log10_alpha": -3.0039870539457576, "log10_colsample_bytree": -0.9075292549249043, "log10_eta": -2.2150659139755207, "log10_lambda": 0.7119034456579438, "log10_min_child_weight": 1.1461333851362583, "log10_subsample": -0.7196512848219503, "max_depth": 9.0, "num_boost_round": 17.0}, "datetime": {"datetime": "2024-01-19 00:53:38", "elapsed": 2538.625618, "delta": 0.002539}}
{"target": -13.75740358761756, "params": {"gamma": 842.2726037338794, "log10_alpha": -3.0039870539457576, "log10_colsample_bytree": -0.9075292549249043, "log10_eta": -2.2150659139755207, "log10_lambda": 0.7119034456579438, "log10_min_child_weight": 1.1461333851362583, "log10_subsample": -0.7196512848219503, "max_depth": 9.0, "num_boost_round": 18.0}, "datetime": {"datetime": "2024-01-19 00:53:38", "elapsed": 2538.62812, "delta": 0.002502}}
{"target": -13.75730930295768, "params": {"gamma": 842.2726037338794, "log10_alpha": -3.0039870539457576, "log10_colsample_bytree": -0.9075292549249043, "log10_eta": -2.2150659139755207, "log10_lambda": 0.7119034456579438, "log10_min_child_weight": 1.1461333851362583, "log10_subsample": -0.7196512848219503, "max_depth": 9.0, "num_boost_round": 19.0}, "datetime": {"datetime": "2024-01-19 00:53:38", "elapsed": 2538.630652, "delta": 0.002532}}
{"target": -13.757163214913707, "params": {"gamma": 842.2726037338794, "log10_alpha": -3.0039870539457576, "log10_colsample_bytree": -0.9075292549249043, "log10_eta": -2.2150659139755207, "log10_lambda": 0.7119034456579438, "log10_min_child_weight": 1.1461333851362583, "log10_subsample": -0.7196512848219503, "max_depth": 9.0, "num_boost_round": 20.0}, "datetime": {"datetime": "2024-01-19 00:53:38", "elapsed": 2538.633145, "delta": 0.002493}}
{"target": -13.757062416986665, "params": {"gamma": 842.2726037338794, "log10_alpha": -3.0039870539457576, "log10_colsample_bytree": -0.9075292549249043, "log10_eta": -2.2150659139755207, "log10_lambda": 0.7119034456579438, "log10_min_child_weight": 1.1461333851362583, "log10_subsample": -0.7196512848219503, "max_depth": 9.0, "num_boost_round": 21.0}, "datetime": {"datetime": "2024-01-19 00:53:38", "elapsed": 2538.635635, "delta": 0.00249}}
{"target": -13.756877936744289, "params": {"gamma": 842.2726037338794, "log10_alpha": -3.0039870539457576, "log10_colsample_bytree": -0.9075292549249043, "log10_eta": -2.2150659139755207, "log10_lambda": 0.7119034456579438, "log10_min_child_weight": 1.1461333851362583, "log10_subsample": -0.7196512848219503, "max_depth": 9.0, "num_boost_round": 22.0}, "datetime": {"datetime": "2024-01-19 00:53:38", "elapsed": 2538.638173, "delta": 0.002538}}
{"target": -13.75853317597133, "params": {"gamma": 847.6510798150692, "log10_alpha": -4.206111781950963, "log10_colsample_bytree": -0.37483596546371234, "log10_eta": -3.3635270539743094, "log10_lambda": -4.449265440183946, "log10_min_child_weight": 3.029298126882294, "log10_subsample": -0.08463769302724211, "max_depth": 8.0, "num_boost_round": 0.0}, "datetime": {"datetime": "2024-01-19 00:54:11", "elapsed": 2571.582383, "delta": 32.94421}}
{"target": -13.758538352195908, "params": {"gamma": 847.6510798150692, "log10_alpha": -4.206111781950963, "log10_colsample_bytree": -0.37483596546371234, "log10_eta": -3.3635270539743094, "log10_lambda": -4.449265440183946, "log10_min_child_weight": 3.029298126882294, "log10_subsample": -0.08463769302724211, "max_depth": 8.0, "num_boost_round": 1.0}, "datetime": {"datetime": "2024-01-19 00:54:11", "elapsed": 2571.58538, "delta": 0.002997}}
{"target": -13.758525403999133, "params": {"gamma": 847.6510798150692, "log10_alpha": -4.206111781950963, "log10_colsample_bytree": -0.37483596546371234, "log10_eta": -3.3635270539743094, "log10_lambda": -4.449265440183946, "log10_min_child_weight": 3.029298126882294, "log10_subsample": -0.08463769302724211, "max_depth": 8.0, "num_boost_round": 2.0}, "datetime": {"datetime": "2024-01-19 00:54:11", "elapsed": 2571.587906, "delta": 0.002526}}
{"target": -13.758502530937493, "params": {"gamma": 847.6510798150692, "log10_alpha": -4.206111781950963, "log10_colsample_bytree": -0.37483596546371234, "log10_eta": -3.3635270539743094, "log10_lambda": -4.449265440183946, "log10_min_child_weight": 3.029298126882294, "log10_subsample": -0.08463769302724211, "max_depth": 8.0, "num_boost_round": 3.0}, "datetime": {"datetime": "2024-01-19 00:54:11", "elapsed": 2571.590477, "delta": 0.002571}}
{"target": -13.758489472247653, "params": {"gamma": 847.6510798150692, "log10_alpha": -4.206111781950963, "log10_colsample_bytree": -0.37483596546371234, "log10_eta": -3.3635270539743094, "log10_lambda": -4.449265440183946, "log10_min_child_weight": 3.029298126882294, "log10_subsample": -0.08463769302724211, "max_depth": 8.0, "num_boost_round": 4.0}, "datetime": {"datetime": "2024-01-19 00:54:11", "elapsed": 2571.592973, "delta": 0.002496}}
{"target": -13.758489247706892, "params": {"gamma": 847.6510798150692, "log10_alpha": -4.206111781950963, "log10_colsample_bytree": -0.37483596546371234, "log10_eta": -3.3635270539743094, "log10_lambda": -4.449265440183946, "log10_min_child_weight": 3.029298126882294, "log10_subsample": -0.08463769302724211, "max_depth": 8.0, "num_boost_round": 5.0}, "datetime": {"datetime": "2024-01-19 00:54:11", "elapsed": 2571.595501, "delta": 0.002528}}
{"target": -13.75848718423283, "params": {"gamma": 847.6510798150692, "log10_alpha": -4.206111781950963, "log10_colsample_bytree": -0.37483596546371234, "log10_eta": -3.3635270539743094, "log10_lambda": -4.449265440183946, "log10_min_child_weight": 3.029298126882294, "log10_subsample": -0.08463769302724211, "max_depth": 8.0, "num_boost_round": 6.0}, "datetime": {"datetime": "2024-01-19 00:54:11", "elapsed": 2571.598026, "delta": 0.002525}}
{"target": -13.75848946271483, "params": {"gamma": 847.6510798150692, "log10_alpha": -4.206111781950963, "log10_colsample_bytree": -0.37483596546371234, "log10_eta": -3.3635270539743094, "log10_lambda": -4.449265440183946, "log10_min_child_weight": 3.029298126882294, "log10_subsample": -0.08463769302724211, "max_depth": 8.0, "num_boost_round": 7.0}, "datetime": {"datetime": "2024-01-19 00:54:11", "elapsed": 2571.600526, "delta": 0.0025}}
{"target": -13.758459224964072, "params": {"gamma": 847.6510798150692, "log10_alpha": -4.206111781950963, "log10_colsample_bytree": -0.37483596546371234, "log10_eta": -3.3635270539743094, "log10_lambda": -4.449265440183946, "log10_min_child_weight": 3.029298126882294, "log10_subsample": -0.08463769302724211, "max_depth": 8.0, "num_boost_round": 8.0}, "datetime": {"datetime": "2024-01-19 00:54:11", "elapsed": 2571.603057, "delta": 0.002531}}
{"target": -13.758440771274927, "params": {"gamma": 847.6510798150692, "log10_alpha": -4.206111781950963, "log10_colsample_bytree": -0.37483596546371234, "log10_eta": -3.3635270539743094, "log10_lambda": -4.449265440183946, "log10_min_child_weight": 3.029298126882294, "log10_subsample": -0.08463769302724211, "max_depth": 8.0, "num_boost_round": 9.0}, "datetime": {"datetime": "2024-01-19 00:54:11", "elapsed": 2571.605546, "delta": 0.002489}}
{"target": -13.758443949749356, "params": {"gamma": 847.6510798150692, "log10_alpha": -4.206111781950963, "log10_colsample_bytree": -0.37483596546371234, "log10_eta": -3.3635270539743094, "log10_lambda": -4.449265440183946, "log10_min_child_weight": 3.029298126882294, "log10_subsample": -0.08463769302724211, "max_depth": 8.0, "num_boost_round": 10.0}, "datetime": {"datetime": "2024-01-19 00:54:11", "elapsed": 2571.608077, "delta": 0.002531}}
