{"target": -17.669446984266838, "params": {"gamma": 615.8322345083133, "log10_alpha": -4.998263322843647, "log10_colsample_bytree": -0.8128012873827972, "log10_eta": -1.9460610846230044, "log10_lambda": -0.6409516659615271, "log10_min_child_weight": 2.7971077674040767, "log10_subsample": -0.4250903421717339, "max_depth": 8.0, "num_boost_round": 44.0}, "datetime": {"datetime": "2024-01-19 01:59:57", "elapsed": 6495.056933, "delta": 0.005714}}
{"target": -17.66942283788831, "params": {"gamma": 615.8322345083133, "log10_alpha": -4.998263322843647, "log10_colsample_bytree": -0.8128012873827972, "log10_eta": -1.9460610846230044, "log10_lambda": -0.6409516659615271, "log10_min_child_weight": 2.7971077674040767, "log10_subsample": -0.4250903421717339, "max_depth": 8.0, "num_boost_round": 45.0}, "datetime": {"datetime": "2024-01-19 01:59:57", "elapsed": 6495.06247, "delta": 0.005537}}
{"target": -17.669827947512392, "params": {"gamma": 615.8322345083133, "log10_alpha": -4.998263322843647, "log10_colsample_bytree": -0.8128012873827972, "log10_eta": -1.9460610846230044, "log10_lambda": -0.6409516659615271, "log10_min_child_weight": 2.7971077674040767, "log10_subsample": -0.4250903421717339, "max_depth": 8.0, "num_boost_round": 46.0}, "datetime": {"datetime": "2024-01-19 01:59:57", "elapsed": 6495.067907, "delta": 0.005437}}
{"target": -17.669379578947094, "params": {"gamma": 615.8322345083133, "log10_alpha": -4.998263322843647, "log10_colsample_bytree": -0.8128012873827972, "log10_eta": -1.9460610846230044, "log10_lambda": -0.6409516659615271, "log10_min_child_weight": 2.7971077674040767, "log10_subsample": -0.4250903421717339, "max_depth": 8.0, "num_boost_round": 47.0}, "datetime": {"datetime": "2024-01-19 01:59:57", "elapsed": 6495.073434, "delta": 0.005527}}
{"target": -17.669376531296283, "params": {"gamma": 615.8322345083133, "log10_alpha": -4.998263322843647, "log10_colsample_bytree": -0.8128012873827972, "log10_eta": -1.9460610846230044, "log10_lambda": -0.6409516659615271, "log10_min_child_weight": 2.7971077674040767, "log10_subsample": -0.4250903421717339, "max_depth": 8.0, "num_boost_round": 48.0}, "datetime": {"datetime": "2024-01-19 01:59:57", "elapsed": 6495.078803, "delta": 0.005369}}
{"target": -17.66950472294999, "params": {"gamma": 615.8322345083133, "log10_alpha": -4.998263322843647, "log10_colsample_bytree": -0.8128012873827972, "log10_eta": -1.9460610846230044, "log10_lambda": -0.6409516659615271, "log10_min_child_weight": 2.7971077674040767, "log10_subsample": -0.4250903421717339, "max_depth": 8.0, "num_boost_round": 49.0}, "datetime": {"datetime": "2024-01-19 01:59:57", "elapsed": 6495.084157, "delta": 0.005354}}
{"target": -17.66969546215592, "params": {"gamma": 615.8322345083133, "log10_alpha": -4.998263322843647, "log10_colsample_bytree": -0.8128012873827972, "log10_eta": -1.9460610846230044, "log10_lambda": -0.6409516659615271, "log10_min_child_weight": 2.7971077674040767, "log10_subsample": -0.4250903421717339, "max_depth": 8.0, "num_boost_round": 50.0}, "datetime": {"datetime": "2024-01-19 01:59:57", "elapsed": 6495.089491, "delta": 0.005334}}
{"target": -17.67017745746261, "params": {"gamma": 615.8322345083133, "log10_alpha": -4.998263322843647, "log10_colsample_bytree": -0.8128012873827972, "log10_eta": -1.9460610846230044, "log10_lambda": -0.6409516659615271, "log10_min_child_weight": 2.7971077674040767, "log10_subsample": -0.4250903421717339, "max_depth": 8.0, "num_boost_round": 51.0}, "datetime": {"datetime": "2024-01-19 01:59:57", "elapsed": 6495.094849, "delta": 0.005358}}
{"target": -17.66949944115964, "params": {"gamma": 615.8322345083133, "log10_alpha": -4.998263322843647, "log10_colsample_bytree": -0.8128012873827972, "log10_eta": -1.9460610846230044, "log10_lambda": -0.6409516659615271, "log10_min_child_weight": 2.7971077674040767, "log10_subsample": -0.4250903421717339, "max_depth": 8.0, "num_boost_round": 52.0}, "datetime": {"datetime": "2024-01-19 01:59:57", "elapsed": 6495.100355, "delta": 0.005506}}
{"target": -17.669429231034282, "params": {"gamma": 615.8322345083133, "log10_alpha": -4.998263322843647, "log10_colsample_bytree": -0.8128012873827972, "log10_eta": -1.9460610846230044, "log10_lambda": -0.6409516659615271, "log10_min_child_weight": 2.7971077674040767, "log10_subsample": -0.4250903421717339, "max_depth": 8.0, "num_boost_round": 53.0}, "datetime": {"datetime": "2024-01-19 01:59:57", "elapsed": 6495.105906, "delta": 0.005551}}
{"target": -17.66925163964372, "params": {"gamma": 615.8322345083133, "log10_alpha": -4.998263322843647, "log10_colsample_bytree": -0.8128012873827972, "log10_eta": -1.9460610846230044, "log10_lambda": -0.6409516659615271, "log10_min_child_weight": 2.7971077674040767, "log10_subsample": -0.4250903421717339, "max_depth": 8.0, "num_boost_round": 54.0}, "datetime": {"datetime": "2024-01-19 01:59:57", "elapsed": 6495.111212, "delta": 0.005306}}
{"target": -17.677231464251857, "params": {"gamma": 615.7469752776942, "log10_alpha": 0.43225595388673044, "log10_colsample_bytree": 0.0, "log10_eta": -4.0, "log10_lambda": -1.889309192851292, "log10_min_child_weight": 5.0, "log10_subsample": 0.0, "max_depth": 9.0, "num_boost_round": 0.0}, "datetime": {"datetime": "2024-01-19 02:01:35", "elapsed": 6593.063682, "delta": 97.95247}}
{"target": -17.67722996540671, "params": {"gamma": 615.7469752776942, "log10_alpha": 0.43225595388673044, "log10_colsample_bytree": 0.0, "log10_eta": -4.0, "log10_lambda": -1.889309192851292, "log10_min_child_weight": 5.0, "log10_subsample": 0.0, "max_depth": 9.0, "num_boost_round": 1.0}, "datetime": {"datetime": "2024-01-19 02:01:35", "elapsed": 6593.069776, "delta": 0.006094}}
{"target": -17.677228481823064, "params": {"gamma": 615.7469752776942, "log10_alpha": 0.43225595388673044, "log10_colsample_bytree": 0.0, "log10_eta": -4.0, "log10_lambda": -1.889309192851292, "log10_min_child_weight": 5.0, "log10_subsample": 0.0, "max_depth": 9.0, "num_boost_round": 2.0}, "datetime": {"datetime": "2024-01-19 02:01:35", "elapsed": 6593.075155, "delta": 0.005379}}
{"target": -17.67722697474643, "params": {"gamma": 615.7469752776942, "log10_alpha": 0.43225595388673044, "log10_colsample_bytree": 0.0, "log10_eta": -4.0, "log10_lambda": -1.889309192851292, "log10_min_child_weight": 5.0, "log10_subsample": 0.0, "max_depth": 9.0, "num_boost_round": 3.0}, "datetime": {"datetime": "2024-01-19 02:01:35", "elapsed": 6593.080674, "delta": 0.005519}}
{"target": -17.677225484094826, "params": {"gamma": 615.7469752776942, "log10_alpha": 0.43225595388673044, "log10_colsample_bytree": 0.0, "log10_eta": -4.0, "log10_lambda": -1.889309192851292, "log10_min_child_weight": 5.0, "log10_subsample": 0.0, "max_depth": 9.0, "num_boost_round": 4.0}, "datetime": {"datetime": "2024-01-19 02:01:35", "elapsed": 6593.086022, "delta": 0.005348}}
{"target": -17.677223987727356, "params": {"gamma": 615.7469752776942, "log10_alpha": 0.43225595388673044, "log10_colsample_bytree": 0.0, "log10_eta": -4.0, "log10_lambda": -1.889309192851292, "log10_min_child_weight": 5.0, "log10_subsample": 0.0, "max_depth": 9.0, "num_boost_round": 5.0}, "datetime": {"datetime": "2024-01-19 02:01:35", "elapsed": 6593.091452, "delta": 0.00543}}
{"target": -17.67722248683995, "params": {"gamma": 615.7469752776942, "log10_alpha": 0.43225595388673044, "log10_colsample_bytree": 0.0, "log10_eta": -4.0, "log10_lambda": -1.889309192851292, "log10_min_child_weight": 5.0, "log10_subsample": 0.0, "max_depth": 9.0, "num_boost_round": 6.0}, "datetime": {"datetime": "2024-01-19 02:01:35", "elapsed": 6593.09678, "delta": 0.005328}}
{"target": -17.677221000161854, "params": {"gamma": 615.7469752776942, "log10_alpha": 0.43225595388673044, "log10_colsample_bytree": 0.0, "log10_eta": -4.0, "log10_lambda": -1.889309192851292, "log10_min_child_weight": 5.0, "log10_subsample": 0.0, "max_depth": 9.0, "num_boost_round": 7.0}, "datetime": {"datetime": "2024-01-19 02:01:35", "elapsed": 6593.218099, "delta": 0.121319}}
{"target": -17.67721951040584, "params": {"gamma": 615.7469752776942, "log10_alpha": 0.43225595388673044, "log10_colsample_bytree": 0.0, "log10_eta": -4.0, "log10_lambda": -1.889309192851292, "log10_min_child_weight": 5.0, "log10_subsample": 0.0, "max_depth": 9.0, "num_boost_round": 8.0}, "datetime": {"datetime": "2024-01-19 02:01:35", "elapsed": 6593.224335, "delta": 0.006236}}
{"target": -17.677218005338357, "params": {"gamma": 615.7469752776942, "log10_alpha": 0.43225595388673044, "log10_colsample_bytree": 0.0, "log10_eta": -4.0, "log10_lambda": -1.889309192851292, "log10_min_child_weight": 5.0, "log10_subsample": 0.0, "max_depth": 9.0, "num_boost_round": 9.0}, "datetime": {"datetime": "2024-01-19 02:01:35", "elapsed": 6593.230135, "delta": 0.0058}}
{"target": -17.677216529299795, "params": {"gamma": 615.7469752776942, "log10_alpha": 0.43225595388673044, "log10_colsample_bytree": 0.0, "log10_eta": -4.0, "log10_lambda": -1.889309192851292, "log10_min_child_weight": 5.0, "log10_subsample": 0.0, "max_depth": 9.0, "num_boost_round": 10.0}, "datetime": {"datetime": "2024-01-19 02:01:35", "elapsed": 6593.235606, "delta": 0.005471}}
{"target": -17.677215042687735, "params": {"gamma": 615.7469752776942, "log10_alpha": 0.43225595388673044, "log10_colsample_bytree": 0.0, "log10_eta": -4.0, "log10_lambda": -1.889309192851292, "log10_min_child_weight": 5.0, "log10_subsample": 0.0, "max_depth": 9.0, "num_boost_round": 11.0}, "datetime": {"datetime": "2024-01-19 02:01:35", "elapsed": 6593.241561, "delta": 0.005955}}
{"target": -17.67721354198996, "params": {"gamma": 615.7469752776942, "log10_alpha": 0.43225595388673044, "log10_colsample_bytree": 0.0, "log10_eta": -4.0, "log10_lambda": -1.889309192851292, "log10_min_child_weight": 5.0, "log10_subsample": 0.0, "max_depth": 9.0, "num_boost_round": 12.0}, "datetime": {"datetime": "2024-01-19 02:01:35", "elapsed": 6593.247233, "delta": 0.005672}}
{"target": -17.67721205322889, "params": {"gamma": 615.7469752776942, "log10_alpha": 0.43225595388673044, "log10_colsample_bytree": 0.0, "log10_eta": -4.0, "log10_lambda": -1.889309192851292, "log10_min_child_weight": 5.0, "log10_subsample": 0.0, "max_depth": 9.0, "num_boost_round": 13.0}, "datetime": {"datetime": "2024-01-19 02:01:35", "elapsed": 6593.252863, "delta": 0.00563}}
{"target": -17.677210574834934, "params": {"gamma": 615.7469752776942, "log10_alpha": 0.43225595388673044, "log10_colsample_bytree": 0.0, "log10_eta": -4.0, "log10_lambda": -1.889309192851292, "log10_min_child_weight": 5.0, "log10_subsample": 0.0, "max_depth": 9.0, "num_boost_round": 14.0}, "datetime": {"datetime": "2024-01-19 02:01:35", "elapsed": 6593.258276, "delta": 0.005413}}
{"target": -17.677209090766926, "params": {"gamma": 615.7469752776942, "log10_alpha": 0.43225595388673044, "log10_colsample_bytree": 0.0, "log10_eta": -4.0, "log10_lambda": -1.889309192851292, "log10_min_child_weight": 5.0, "log10_subsample": 0.0, "max_depth": 9.0, "num_boost_round": 15.0}, "datetime": {"datetime": "2024-01-19 02:01:35", "elapsed": 6593.263672, "delta": 0.005396}}
{"target": -17.67720760431221, "params": {"gamma": 615.7469752776942, "log10_alpha": 0.43225595388673044, "log10_colsample_bytree": 0.0, "log10_eta": -4.0, "log10_lambda": -1.889309192851292, "log10_min_child_weight": 5.0, "log10_subsample": 0.0, "max_depth": 9.0, "num_boost_round": 16.0}, "datetime": {"datetime": "2024-01-19 02:01:35", "elapsed": 6593.26913, "delta": 0.005458}}
{"target": -17.677206119145275, "params": {"gamma": 615.7469752776942, "log10_alpha": 0.43225595388673044, "log10_colsample_bytree": 0.0, "log10_eta": -4.0, "log10_lambda": -1.889309192851292, "log10_min_child_weight": 5.0, "log10_subsample": 0.0, "max_depth": 9.0, "num_boost_round": 17.0}, "datetime": {"datetime": "2024-01-19 02:01:35", "elapsed": 6593.274611, "delta": 0.005481}}
{"target": -17.67720463500887, "params": {"gamma": 615.7469752776942, "log10_alpha": 0.43225595388673044, "log10_colsample_bytree": 0.0, "log10_eta": -4.0, "log10_lambda": -1.889309192851292, "log10_min_child_weight": 5.0, "log10_subsample": 0.0, "max_depth": 9.0, "num_boost_round": 18.0}, "datetime": {"datetime": "2024-01-19 02:01:35", "elapsed": 6593.280107, "delta": 0.005496}}
{"target": -17.67720314538726, "params": {"gamma": 615.7469752776942, "log10_alpha": 0.43225595388673044, "log10_colsample_bytree": 0.0, "log10_eta": -4.0, "log10_lambda": -1.889309192851292, "log10_min_child_weight": 5.0, "log10_subsample": 0.0, "max_depth": 9.0, "num_boost_round": 19.0}, "datetime": {"datetime": "2024-01-19 02:01:35", "elapsed": 6593.285839, "delta": 0.005732}}
{"target": -17.67720168084461, "params": {"gamma": 615.7469752776942, "log10_alpha": 0.43225595388673044, "log10_colsample_bytree": 0.0, "log10_eta": -4.0, "log10_lambda": -1.889309192851292, "log10_min_child_weight": 5.0, "log10_subsample": 0.0, "max_depth": 9.0, "num_boost_round": 20.0}, "datetime": {"datetime": "2024-01-19 02:01:35", "elapsed": 6593.291321, "delta": 0.005482}}
{"target": -17.677200194136958, "params": {"gamma": 615.7469752776942, "log10_alpha": 0.43225595388673044, "log10_colsample_bytree": 0.0, "log10_eta": -4.0, "log10_lambda": -1.889309192851292, "log10_min_child_weight": 5.0, "log10_subsample": 0.0, "max_depth": 9.0, "num_boost_round": 21.0}, "datetime": {"datetime": "2024-01-19 02:01:35", "elapsed": 6593.296807, "delta": 0.005486}}
{"target": -17.67719871177206, "params": {"gamma": 615.7469752776942, "log10_alpha": 0.43225595388673044, "log10_colsample_bytree": 0.0, "log10_eta": -4.0, "log10_lambda": -1.889309192851292, "log10_min_child_weight": 5.0, "log10_subsample": 0.0, "max_depth": 9.0, "num_boost_round": 22.0}, "datetime": {"datetime": "2024-01-19 02:01:35", "elapsed": 6593.302267, "delta": 0.00546}}
{"target": -17.67719722560152, "params": {"gamma": 615.7469752776942, "log10_alpha": 0.43225595388673044, "log10_colsample_bytree": 0.0, "log10_eta": -4.0, "log10_lambda": -1.889309192851292, "log10_min_child_weight": 5.0, "log10_subsample": 0.0, "max_depth": 9.0, "num_boost_round": 23.0}, "datetime": {"datetime": "2024-01-19 02:01:35", "elapsed": 6593.307721, "delta": 0.005454}}
{"target": -17.67719574504006, "params": {"gamma": 615.7469752776942, "log10_alpha": 0.43225595388673044, "log10_colsample_bytree": 0.0, "log10_eta": -4.0, "log10_lambda": -1.889309192851292, "log10_min_child_weight": 5.0, "log10_subsample": 0.0, "max_depth": 9.0, "num_boost_round": 24.0}, "datetime": {"datetime": "2024-01-19 02:01:35", "elapsed": 6593.313627, "delta": 0.005906}}
{"target": -17.67719428171004, "params": {"gamma": 615.7469752776942, "log10_alpha": 0.43225595388673044, "log10_colsample_bytree": 0.0, "log10_eta": -4.0, "log10_lambda": -1.889309192851292, "log10_min_child_weight": 5.0, "log10_subsample": 0.0, "max_depth": 9.0, "num_boost_round": 25.0}, "datetime": {"datetime": "2024-01-19 02:01:35", "elapsed": 6593.319398, "delta": 0.005771}}
{"target": -17.677192806841624, "params": {"gamma": 615.7469752776942, "log10_alpha": 0.43225595388673044, "log10_colsample_bytree": 0.0, "log10_eta": -4.0, "log10_lambda": -1.889309192851292, "log10_min_child_weight": 5.0, "log10_subsample": 0.0, "max_depth": 9.0, "num_boost_round": 26.0}, "datetime": {"datetime": "2024-01-19 02:01:35", "elapsed": 6593.324856, "delta": 0.005458}}
{"target": -17.677191323677093, "params": {"gamma": 615.7469752776942, "log10_alpha": 0.43225595388673044, "log10_colsample_bytree": 0.0, "log10_eta": -4.0, "log10_lambda": -1.889309192851292, "log10_min_child_weight": 5.0, "log10_subsample": 0.0, "max_depth": 9.0, "num_boost_round": 27.0}, "datetime": {"datetime": "2024-01-19 02:01:35", "elapsed": 6593.330329, "delta": 0.005473}}
{"target": -17.677189844879127, "params": {"gamma": 615.7469752776942, "log10_alpha": 0.43225595388673044, "log10_colsample_bytree": 0.0, "log10_eta": -4.0, "log10_lambda": -1.889309192851292, "log10_min_child_weight": 5.0, "log10_subsample": 0.0, "max_depth": 9.0, "num_boost_round": 28.0}, "datetime": {"datetime": "2024-01-19 02:01:35", "elapsed": 6593.335784, "delta": 0.005455}}
{"target": -17.677188374389477, "params": {"gamma": 615.7469752776942, "log10_alpha": 0.43225595388673044, "log10_colsample_bytree": 0.0, "log10_eta": -4.0, "log10_lambda": -1.889309192851292, "log10_min_child_weight": 5.0, "log10_subsample": 0.0, "max_depth": 9.0, "num_boost_round": 29.0}, "datetime": {"datetime": "2024-01-19 02:01:35", "elapsed": 6593.341218, "delta": 0.005434}}
{"target": -17.67718687900022, "params": {"gamma": 615.7469752776942, "log10_alpha": 0.43225595388673044, "log10_colsample_bytree": 0.0, "log10_eta": -4.0, "log10_lambda": -1.889309192851292, "log10_min_child_weight": 5.0, "log10_subsample": 0.0, "max_depth": 9.0, "num_boost_round": 30.0}, "datetime": {"datetime": "2024-01-19 02:01:36", "elapsed": 6593.346726, "delta": 0.005508}}
{"target": -17.67718542121899, "params": {"gamma": 615.7469752776942, "log10_alpha": 0.43225595388673044, "log10_colsample_bytree": 0.0, "log10_eta": -4.0, "log10_lambda": -1.889309192851292, "log10_min_child_weight": 5.0, "log10_subsample": 0.0, "max_depth": 9.0, "num_boost_round": 31.0}, "datetime": {"datetime": "2024-01-19 02:01:36", "elapsed": 6593.353057, "delta": 0.006331}}
{"target": -17.677183954571465, "params": {"gamma": 615.7469752776942, "log10_alpha": 0.43225595388673044, "log10_colsample_bytree": 0.0, "log10_eta": -4.0, "log10_lambda": -1.889309192851292, "log10_min_child_weight": 5.0, "log10_subsample": 0.0, "max_depth": 9.0, "num_boost_round": 32.0}, "datetime": {"datetime": "2024-01-19 02:01:36", "elapsed": 6593.358869, "delta": 0.005812}}
{"target": -17.677182487651496, "params": {"gamma": 615.7469752776942, "log10_alpha": 0.43225595388673044, "log10_colsample_bytree": 0.0, "log10_eta": -4.0, "log10_lambda": -1.889309192851292, "log10_min_child_weight": 5.0, "log10_subsample": 0.0, "max_depth": 9.0, "num_boost_round": 33.0}, "datetime": {"datetime": "2024-01-19 02:01:36", "elapsed": 6593.365145, "delta": 0.006276}}
{"target": -17.677181015209, "params": {"gamma": 615.7469752776942, "log10_alpha": 0.43225595388673044, "log10_colsample_bytree": 0.0, "log10_eta": -4.0, "log10_lambda": -1.889309192851292, "log10_min_child_weight": 5.0, "log10_subsample": 0.0, "max_depth": 9.0, "num_boost_round": 34.0}, "datetime": {"datetime": "2024-01-19 02:01:36", "elapsed": 6593.37127, "delta": 0.006125}}
{"target": -17.677179539106337, "params": {"gamma": 615.7469752776942, "log10_alpha": 0.43225595388673044, "log10_colsample_bytree": 0.0, "log10_eta": -4.0, "log10_lambda": -1.889309192851292, "log10_min_child_weight": 5.0, "log10_subsample": 0.0, "max_depth": 9.0, "num_boost_round": 35.0}, "datetime": {"datetime": "2024-01-19 02:01:36", "elapsed": 6593.376908, "delta": 0.005638}}
{"target": -17.67717807353923, "params": {"gamma": 615.7469752776942, "log10_alpha": 0.43225595388673044, "log10_colsample_bytree": 0.0, "log10_eta": -4.0, "log10_lambda": -1.889309192851292, "log10_min_child_weight": 5.0, "log10_subsample": 0.0, "max_depth": 9.0, "num_boost_round": 36.0}, "datetime": {"datetime": "2024-01-19 02:01:36", "elapsed": 6593.382537, "delta": 0.005629}}
{"target": -17.6771766011093, "params": {"gamma": 615.7469752776942, "log10_alpha": 0.43225595388673044, "log10_colsample_bytree": 0.0, "log10_eta": -4.0, "log10_lambda": -1.889309192851292, "log10_min_child_weight": 5.0, "log10_subsample": 0.0, "max_depth": 9.0, "num_boost_round": 37.0}, "datetime": {"datetime": "2024-01-19 02:01:36", "elapsed": 6593.388066, "delta": 0.005529}}
{"target": -17.67717512099233, "params": {"gamma": 615.7469752776942, "log10_alpha": 0.43225595388673044, "log10_colsample_bytree": 0.0, "log10_eta": -4.0, "log10_lambda": -1.889309192851292, "log10_min_child_weight": 5.0, "log10_subsample": 0.0, "max_depth": 9.0, "num_boost_round": 38.0}, "datetime": {"datetime": "2024-01-19 02:01:36", "elapsed": 6593.394019, "delta": 0.005953}}
{"target": -17.677173669080457, "params": {"gamma": 615.7469752776942, "log10_alpha": 0.43225595388673044, "log10_colsample_bytree": 0.0, "log10_eta": -4.0, "log10_lambda": -1.889309192851292, "log10_min_child_weight": 5.0, "log10_subsample": 0.0, "max_depth": 9.0, "num_boost_round": 39.0}, "datetime": {"datetime": "2024-01-19 02:01:36", "elapsed": 6593.399583, "delta": 0.005564}}
{"target": -17.677172213875345, "params": {"gamma": 615.7469752776942, "log10_alpha": 0.43225595388673044, "log10_colsample_bytree": 0.0, "log10_eta": -4.0, "log10_lambda": -1.889309192851292, "log10_min_child_weight": 5.0, "log10_subsample": 0.0, "max_depth": 9.0, "num_boost_round": 40.0}, "datetime": {"datetime": "2024-01-19 02:01:36", "elapsed": 6593.405091, "delta": 0.005508}}
{"target": -17.67717076362836, "params": {"gamma": 615.7469752776942, "log10_alpha": 0.43225595388673044, "log10_colsample_bytree": 0.0, "log10_eta": -4.0, "log10_lambda": -1.889309192851292, "log10_min_child_weight": 5.0, "log10_subsample": 0.0, "max_depth": 9.0, "num_boost_round": 41.0}, "datetime": {"datetime": "2024-01-19 02:01:36", "elapsed": 6593.410574, "delta": 0.005483}}
{"target": -17.677169299458555, "params": {"gamma": 615.7469752776942, "log10_alpha": 0.43225595388673044, "log10_colsample_bytree": 0.0, "log10_eta": -4.0, "log10_lambda": -1.889309192851292, "log10_min_child_weight": 5.0, "log10_subsample": 0.0, "max_depth": 9.0, "num_boost_round": 42.0}, "datetime": {"datetime": "2024-01-19 02:01:36", "elapsed": 6593.41601, "delta": 0.005436}}
{"target": -17.677167829228456, "params": {"gamma": 615.7469752776942, "log10_alpha": 0.43225595388673044, "log10_colsample_bytree": 0.0, "log10_eta": -4.0, "log10_lambda": -1.889309192851292, "log10_min_child_weight": 5.0, "log10_subsample": 0.0, "max_depth": 9.0, "num_boost_round": 43.0}, "datetime": {"datetime": "2024-01-19 02:01:36", "elapsed": 6593.421471, "delta": 0.005461}}
