{"target": -17.681666574215633, "params": {"gamma": 409.30002575324266, "log10_alpha": 0.33819232412392, "log10_colsample_bytree": -0.4561631569781137, "log10_eta": -1.2288976613416622, "log10_lambda": -2.6285350038455295, "log10_min_child_weight": 3.694179363779368, "log10_subsample": -0.9255018271488075, "max_depth": 7.0, "num_boost_round": 6.0}, "datetime": {"datetime": "2024-01-19 00:56:17", "elapsed": 2666.873488, "delta": 0.003862}}
{"target": -17.681303227329103, "params": {"gamma": 409.30002575324266, "log10_alpha": 0.33819232412392, "log10_colsample_bytree": -0.4561631569781137, "log10_eta": -1.2288976613416622, "log10_lambda": -2.6285350038455295, "log10_min_child_weight": 3.694179363779368, "log10_subsample": -0.9255018271488075, "max_depth": 7.0, "num_boost_round": 7.0}, "datetime": {"datetime": "2024-01-19 00:56:17", "elapsed": 2666.877018, "delta": 0.00353}}
{"target": -17.682696451649985, "params": {"gamma": 409.30002575324266, "log10_alpha": 0.33819232412392, "log10_colsample_bytree": -0.4561631569781137, "log10_eta": -1.2288976613416622, "log10_lambda": -2.6285350038455295, "log10_min_child_weight": 3.694179363779368, "log10_subsample": -0.9255018271488075, "max_depth": 7.0, "num_boost_round": 8.0}, "datetime": {"datetime": "2024-01-19 00:56:17", "elapsed": 2666.880467, "delta": 0.003449}}
{"target": -17.683034626100685, "params": {"gamma": 409.30002575324266, "log10_alpha": 0.33819232412392, "log10_colsample_bytree": -0.4561631569781137, "log10_eta": -1.2288976613416622, "log10_lambda": -2.6285350038455295, "log10_min_child_weight": 3.694179363779368, "log10_subsample": -0.9255018271488075, "max_depth": 7.0, "num_boost_round": 9.0}, "datetime": {"datetime": "2024-01-19 00:56:17", "elapsed": 2666.883896, "delta": 0.003429}}
{"target": -17.68262599273681, "params": {"gamma": 409.30002575324266, "log10_alpha": 0.33819232412392, "log10_colsample_bytree": -0.4561631569781137, "log10_eta": -1.2288976613416622, "log10_lambda": -2.6285350038455295, "log10_min_child_weight": 3.694179363779368, "log10_subsample": -0.9255018271488075, "max_depth": 7.0, "num_boost_round": 10.0}, "datetime": {"datetime": "2024-01-19 00:56:17", "elapsed": 2666.887349, "delta": 0.003453}}
{"target": -17.682343599114763, "params": {"gamma": 409.30002575324266, "log10_alpha": 0.33819232412392, "log10_colsample_bytree": -0.4561631569781137, "log10_eta": -1.2288976613416622, "log10_lambda": -2.6285350038455295, "log10_min_child_weight": 3.694179363779368, "log10_subsample": -0.9255018271488075, "max_depth": 7.0, "num_boost_round": 11.0}, "datetime": {"datetime": "2024-01-19 00:56:17", "elapsed": 2666.890828, "delta": 0.003479}}
{"target": -17.683414261258317, "params": {"gamma": 409.30002575324266, "log10_alpha": 0.33819232412392, "log10_colsample_bytree": -0.4561631569781137, "log10_eta": -1.2288976613416622, "log10_lambda": -2.6285350038455295, "log10_min_child_weight": 3.694179363779368, "log10_subsample": -0.9255018271488075, "max_depth": 7.0, "num_boost_round": 12.0}, "datetime": {"datetime": "2024-01-19 00:56:17", "elapsed": 2666.894296, "delta": 0.003468}}
{"target": -17.683198742339346, "params": {"gamma": 409.30002575324266, "log10_alpha": 0.33819232412392, "log10_colsample_bytree": -0.4561631569781137, "log10_eta": -1.2288976613416622, "log10_lambda": -2.6285350038455295, "log10_min_child_weight": 3.694179363779368, "log10_subsample": -0.9255018271488075, "max_depth": 7.0, "num_boost_round": 13.0}, "datetime": {"datetime": "2024-01-19 00:56:17", "elapsed": 2666.897759, "delta": 0.003463}}
{"target": -17.68361922322216, "params": {"gamma": 409.30002575324266, "log10_alpha": 0.33819232412392, "log10_colsample_bytree": -0.4561631569781137, "log10_eta": -1.2288976613416622, "log10_lambda": -2.6285350038455295, "log10_min_child_weight": 3.694179363779368, "log10_subsample": -0.9255018271488075, "max_depth": 7.0, "num_boost_round": 14.0}, "datetime": {"datetime": "2024-01-19 00:56:17", "elapsed": 2666.901231, "delta": 0.003472}}
{"target": -17.68428871239206, "params": {"gamma": 409.30002575324266, "log10_alpha": 0.33819232412392, "log10_colsample_bytree": -0.4561631569781137, "log10_eta": -1.2288976613416622, "log10_lambda": -2.6285350038455295, "log10_min_child_weight": 3.694179363779368, "log10_subsample": -0.9255018271488075, "max_depth": 7.0, "num_boost_round": 15.0}, "datetime": {"datetime": "2024-01-19 00:56:17", "elapsed": 2666.904701, "delta": 0.00347}}
{"target": -17.684712741365413, "params": {"gamma": 409.30002575324266, "log10_alpha": 0.33819232412392, "log10_colsample_bytree": -0.4561631569781137, "log10_eta": -1.2288976613416622, "log10_lambda": -2.6285350038455295, "log10_min_child_weight": 3.694179363779368, "log10_subsample": -0.9255018271488075, "max_depth": 7.0, "num_boost_round": 16.0}, "datetime": {"datetime": "2024-01-19 00:56:17", "elapsed": 2666.908175, "delta": 0.003474}}
{"target": -17.684768881684718, "params": {"gamma": 409.30002575324266, "log10_alpha": 0.33819232412392, "log10_colsample_bytree": -0.4561631569781137, "log10_eta": -1.2288976613416622, "log10_lambda": -2.6285350038455295, "log10_min_child_weight": 3.694179363779368, "log10_subsample": -0.9255018271488075, "max_depth": 7.0, "num_boost_round": 17.0}, "datetime": {"datetime": "2024-01-19 00:56:17", "elapsed": 2666.91165, "delta": 0.003475}}
{"target": -17.685816887347773, "params": {"gamma": 409.30002575324266, "log10_alpha": 0.33819232412392, "log10_colsample_bytree": -0.4561631569781137, "log10_eta": -1.2288976613416622, "log10_lambda": -2.6285350038455295, "log10_min_child_weight": 3.694179363779368, "log10_subsample": -0.9255018271488075, "max_depth": 7.0, "num_boost_round": 18.0}, "datetime": {"datetime": "2024-01-19 00:56:17", "elapsed": 2666.91511, "delta": 0.00346}}
{"target": -17.685793802815855, "params": {"gamma": 409.30002575324266, "log10_alpha": 0.33819232412392, "log10_colsample_bytree": -0.4561631569781137, "log10_eta": -1.2288976613416622, "log10_lambda": -2.6285350038455295, "log10_min_child_weight": 3.694179363779368, "log10_subsample": -0.9255018271488075, "max_depth": 7.0, "num_boost_round": 19.0}, "datetime": {"datetime": "2024-01-19 00:56:17", "elapsed": 2666.918578, "delta": 0.003468}}
{"target": -17.68779941360994, "params": {"gamma": 409.30002575324266, "log10_alpha": 0.33819232412392, "log10_colsample_bytree": -0.4561631569781137, "log10_eta": -1.2288976613416622, "log10_lambda": -2.6285350038455295, "log10_min_child_weight": 3.694179363779368, "log10_subsample": -0.9255018271488075, "max_depth": 7.0, "num_boost_round": 20.0}, "datetime": {"datetime": "2024-01-19 00:56:17", "elapsed": 2666.922028, "delta": 0.00345}}
{"target": -17.68899791830152, "params": {"gamma": 409.30002575324266, "log10_alpha": 0.33819232412392, "log10_colsample_bytree": -0.4561631569781137, "log10_eta": -1.2288976613416622, "log10_lambda": -2.6285350038455295, "log10_min_child_weight": 3.694179363779368, "log10_subsample": -0.9255018271488075, "max_depth": 7.0, "num_boost_round": 21.0}, "datetime": {"datetime": "2024-01-19 00:56:17", "elapsed": 2666.925529, "delta": 0.003501}}
{"target": -17.689845951286166, "params": {"gamma": 409.30002575324266, "log10_alpha": 0.33819232412392, "log10_colsample_bytree": -0.4561631569781137, "log10_eta": -1.2288976613416622, "log10_lambda": -2.6285350038455295, "log10_min_child_weight": 3.694179363779368, "log10_subsample": -0.9255018271488075, "max_depth": 7.0, "num_boost_round": 22.0}, "datetime": {"datetime": "2024-01-19 00:56:17", "elapsed": 2666.92902, "delta": 0.003491}}
{"target": -17.69033600337857, "params": {"gamma": 409.30002575324266, "log10_alpha": 0.33819232412392, "log10_colsample_bytree": -0.4561631569781137, "log10_eta": -1.2288976613416622, "log10_lambda": -2.6285350038455295, "log10_min_child_weight": 3.694179363779368, "log10_subsample": -0.9255018271488075, "max_depth": 7.0, "num_boost_round": 23.0}, "datetime": {"datetime": "2024-01-19 00:56:17", "elapsed": 2666.932495, "delta": 0.003475}}
{"target": -17.691766058074975, "params": {"gamma": 409.30002575324266, "log10_alpha": 0.33819232412392, "log10_colsample_bytree": -0.4561631569781137, "log10_eta": -1.2288976613416622, "log10_lambda": -2.6285350038455295, "log10_min_child_weight": 3.694179363779368, "log10_subsample": -0.9255018271488075, "max_depth": 7.0, "num_boost_round": 24.0}, "datetime": {"datetime": "2024-01-19 00:56:17", "elapsed": 2666.936423, "delta": 0.003928}}
{"target": -17.69287323189304, "params": {"gamma": 409.30002575324266, "log10_alpha": 0.33819232412392, "log10_colsample_bytree": -0.4561631569781137, "log10_eta": -1.2288976613416622, "log10_lambda": -2.6285350038455295, "log10_min_child_weight": 3.694179363779368, "log10_subsample": -0.9255018271488075, "max_depth": 7.0, "num_boost_round": 25.0}, "datetime": {"datetime": "2024-01-19 00:56:17", "elapsed": 2666.940078, "delta": 0.003655}}
{"target": -17.69534803707846, "params": {"gamma": 409.30002575324266, "log10_alpha": 0.33819232412392, "log10_colsample_bytree": -0.4561631569781137, "log10_eta": -1.2288976613416622, "log10_lambda": -2.6285350038455295, "log10_min_child_weight": 3.694179363779368, "log10_subsample": -0.9255018271488075, "max_depth": 7.0, "num_boost_round": 26.0}, "datetime": {"datetime": "2024-01-19 00:56:17", "elapsed": 2666.943616, "delta": 0.003538}}
{"target": -17.696449270378892, "params": {"gamma": 409.30002575324266, "log10_alpha": 0.33819232412392, "log10_colsample_bytree": -0.4561631569781137, "log10_eta": -1.2288976613416622, "log10_lambda": -2.6285350038455295, "log10_min_child_weight": 3.694179363779368, "log10_subsample": -0.9255018271488075, "max_depth": 7.0, "num_boost_round": 27.0}, "datetime": {"datetime": "2024-01-19 00:56:17", "elapsed": 2666.947058, "delta": 0.003442}}
{"target": -17.69725735248674, "params": {"gamma": 409.30002575324266, "log10_alpha": 0.33819232412392, "log10_colsample_bytree": -0.4561631569781137, "log10_eta": -1.2288976613416622, "log10_lambda": -2.6285350038455295, "log10_min_child_weight": 3.694179363779368, "log10_subsample": -0.9255018271488075, "max_depth": 7.0, "num_boost_round": 28.0}, "datetime": {"datetime": "2024-01-19 00:56:17", "elapsed": 2666.950537, "delta": 0.003479}}
{"target": -17.698201693304085, "params": {"gamma": 409.30002575324266, "log10_alpha": 0.33819232412392, "log10_colsample_bytree": -0.4561631569781137, "log10_eta": -1.2288976613416622, "log10_lambda": -2.6285350038455295, "log10_min_child_weight": 3.694179363779368, "log10_subsample": -0.9255018271488075, "max_depth": 7.0, "num_boost_round": 29.0}, "datetime": {"datetime": "2024-01-19 00:56:17", "elapsed": 2666.954034, "delta": 0.003497}}
{"target": -17.69871997478442, "params": {"gamma": 409.30002575324266, "log10_alpha": 0.33819232412392, "log10_colsample_bytree": -0.4561631569781137, "log10_eta": -1.2288976613416622, "log10_lambda": -2.6285350038455295, "log10_min_child_weight": 3.694179363779368, "log10_subsample": -0.9255018271488075, "max_depth": 7.0, "num_boost_round": 30.0}, "datetime": {"datetime": "2024-01-19 00:56:17", "elapsed": 2666.957523, "delta": 0.003489}}
{"target": -17.699252777569953, "params": {"gamma": 409.30002575324266, "log10_alpha": 0.33819232412392, "log10_colsample_bytree": -0.4561631569781137, "log10_eta": -1.2288976613416622, "log10_lambda": -2.6285350038455295, "log10_min_child_weight": 3.694179363779368, "log10_subsample": -0.9255018271488075, "max_depth": 7.0, "num_boost_round": 31.0}, "datetime": {"datetime": "2024-01-19 00:56:17", "elapsed": 2666.961017, "delta": 0.003494}}
{"target": -17.701047804538376, "params": {"gamma": 409.30002575324266, "log10_alpha": 0.33819232412392, "log10_colsample_bytree": -0.4561631569781137, "log10_eta": -1.2288976613416622, "log10_lambda": -2.6285350038455295, "log10_min_child_weight": 3.694179363779368, "log10_subsample": -0.9255018271488075, "max_depth": 7.0, "num_boost_round": 32.0}, "datetime": {"datetime": "2024-01-19 00:56:17", "elapsed": 2666.964492, "delta": 0.003475}}
{"target": -17.70072032104113, "params": {"gamma": 409.30002575324266, "log10_alpha": 0.33819232412392, "log10_colsample_bytree": -0.4561631569781137, "log10_eta": -1.2288976613416622, "log10_lambda": -2.6285350038455295, "log10_min_child_weight": 3.694179363779368, "log10_subsample": -0.9255018271488075, "max_depth": 7.0, "num_boost_round": 33.0}, "datetime": {"datetime": "2024-01-19 00:56:17", "elapsed": 2666.967953, "delta": 0.003461}}
{"target": -17.702144675179813, "params": {"gamma": 409.30002575324266, "log10_alpha": 0.33819232412392, "log10_colsample_bytree": -0.4561631569781137, "log10_eta": -1.2288976613416622, "log10_lambda": -2.6285350038455295, "log10_min_child_weight": 3.694179363779368, "log10_subsample": -0.9255018271488075, "max_depth": 7.0, "num_boost_round": 34.0}, "datetime": {"datetime": "2024-01-19 00:56:17", "elapsed": 2666.971445, "delta": 0.003492}}
{"target": -17.703824140048095, "params": {"gamma": 409.30002575324266, "log10_alpha": 0.33819232412392, "log10_colsample_bytree": -0.4561631569781137, "log10_eta": -1.2288976613416622, "log10_lambda": -2.6285350038455295, "log10_min_child_weight": 3.694179363779368, "log10_subsample": -0.9255018271488075, "max_depth": 7.0, "num_boost_round": 35.0}, "datetime": {"datetime": "2024-01-19 00:56:17", "elapsed": 2666.974948, "delta": 0.003503}}
{"target": -17.705171367320432, "params": {"gamma": 409.30002575324266, "log10_alpha": 0.33819232412392, "log10_colsample_bytree": -0.4561631569781137, "log10_eta": -1.2288976613416622, "log10_lambda": -2.6285350038455295, "log10_min_child_weight": 3.694179363779368, "log10_subsample": -0.9255018271488075, "max_depth": 7.0, "num_boost_round": 36.0}, "datetime": {"datetime": "2024-01-19 00:56:17", "elapsed": 2666.978438, "delta": 0.00349}}
{"target": -17.707510868304276, "params": {"gamma": 409.30002575324266, "log10_alpha": 0.33819232412392, "log10_colsample_bytree": -0.4561631569781137, "log10_eta": -1.2288976613416622, "log10_lambda": -2.6285350038455295, "log10_min_child_weight": 3.694179363779368, "log10_subsample": -0.9255018271488075, "max_depth": 7.0, "num_boost_round": 37.0}, "datetime": {"datetime": "2024-01-19 00:56:17", "elapsed": 2666.981893, "delta": 0.003455}}
{"target": -17.707780644375067, "params": {"gamma": 409.30002575324266, "log10_alpha": 0.33819232412392, "log10_colsample_bytree": -0.4561631569781137, "log10_eta": -1.2288976613416622, "log10_lambda": -2.6285350038455295, "log10_min_child_weight": 3.694179363779368, "log10_subsample": -0.9255018271488075, "max_depth": 7.0, "num_boost_round": 38.0}, "datetime": {"datetime": "2024-01-19 00:56:17", "elapsed": 2666.985384, "delta": 0.003491}}
{"target": -17.707626682325863, "params": {"gamma": 409.30002575324266, "log10_alpha": 0.33819232412392, "log10_colsample_bytree": -0.4561631569781137, "log10_eta": -1.2288976613416622, "log10_lambda": -2.6285350038455295, "log10_min_child_weight": 3.694179363779368, "log10_subsample": -0.9255018271488075, "max_depth": 7.0, "num_boost_round": 39.0}, "datetime": {"datetime": "2024-01-19 00:56:17", "elapsed": 2666.988899, "delta": 0.003515}}
{"target": -17.67722150956841, "params": {"gamma": 408.56372507611127, "log10_alpha": 0.6048210518111707, "log10_colsample_bytree": -0.36778244707968655, "log10_eta": -3.5571734783571984, "log10_lambda": -2.659401825596956, "log10_min_child_weight": 1.5991274841187952, "log10_subsample": -0.1299663650717816, "max_depth": 5.0, "num_boost_round": 0.0}, "datetime": {"datetime": "2024-01-19 00:56:55", "elapsed": 2705.142116, "delta": 38.153217}}
{"target": -17.677198617907532, "params": {"gamma": 408.56372507611127, "log10_alpha": 0.6048210518111707, "log10_colsample_bytree": -0.36778244707968655, "log10_eta": -3.5571734783571984, "log10_lambda": -2.659401825596956, "log10_min_child_weight": 1.5991274841187952, "log10_subsample": -0.1299663650717816, "max_depth": 5.0, "num_boost_round": 1.0}, "datetime": {"datetime": "2024-01-19 00:56:55", "elapsed": 2705.146644, "delta": 0.004528}}
{"target": -17.677178261960268, "params": {"gamma": 408.56372507611127, "log10_alpha": 0.6048210518111707, "log10_colsample_bytree": -0.36778244707968655, "log10_eta": -3.5571734783571984, "log10_lambda": -2.659401825596956, "log10_min_child_weight": 1.5991274841187952, "log10_subsample": -0.1299663650717816, "max_depth": 5.0, "num_boost_round": 2.0}, "datetime": {"datetime": "2024-01-19 00:56:55", "elapsed": 2705.150657, "delta": 0.004013}}
{"target": -17.677172216746115, "params": {"gamma": 408.56372507611127, "log10_alpha": 0.6048210518111707, "log10_colsample_bytree": -0.36778244707968655, "log10_eta": -3.5571734783571984, "log10_lambda": -2.659401825596956, "log10_min_child_weight": 1.5991274841187952, "log10_subsample": -0.1299663650717816, "max_depth": 5.0, "num_boost_round": 3.0}, "datetime": {"datetime": "2024-01-19 00:56:55", "elapsed": 2705.154721, "delta": 0.004064}}
{"target": -17.67715742276814, "params": {"gamma": 408.56372507611127, "log10_alpha": 0.6048210518111707, "log10_colsample_bytree": -0.36778244707968655, "log10_eta": -3.5571734783571984, "log10_lambda": -2.659401825596956, "log10_min_child_weight": 1.5991274841187952, "log10_subsample": -0.1299663650717816, "max_depth": 5.0, "num_boost_round": 4.0}, "datetime": {"datetime": "2024-01-19 00:56:55", "elapsed": 2705.158392, "delta": 0.003671}}
{"target": -17.677140154277094, "params": {"gamma": 408.56372507611127, "log10_alpha": 0.6048210518111707, "log10_colsample_bytree": -0.36778244707968655, "log10_eta": -3.5571734783571984, "log10_lambda": -2.659401825596956, "log10_min_child_weight": 1.5991274841187952, "log10_subsample": -0.1299663650717816, "max_depth": 5.0, "num_boost_round": 5.0}, "datetime": {"datetime": "2024-01-19 00:56:55", "elapsed": 2705.161999, "delta": 0.003607}}
{"target": -17.67711921058136, "params": {"gamma": 408.56372507611127, "log10_alpha": 0.6048210518111707, "log10_colsample_bytree": -0.36778244707968655, "log10_eta": -3.5571734783571984, "log10_lambda": -2.659401825596956, "log10_min_child_weight": 1.5991274841187952, "log10_subsample": -0.1299663650717816, "max_depth": 5.0, "num_boost_round": 6.0}, "datetime": {"datetime": "2024-01-19 00:56:55", "elapsed": 2705.16547, "delta": 0.003471}}
{"target": -17.677104718234638, "params": {"gamma": 408.56372507611127, "log10_alpha": 0.6048210518111707, "log10_colsample_bytree": -0.36778244707968655, "log10_eta": -3.5571734783571984, "log10_lambda": -2.659401825596956, "log10_min_child_weight": 1.5991274841187952, "log10_subsample": -0.1299663650717816, "max_depth": 5.0, "num_boost_round": 7.0}, "datetime": {"datetime": "2024-01-19 00:56:55", "elapsed": 2705.168913, "delta": 0.003443}}
{"target": -17.67709291679166, "params": {"gamma": 408.56372507611127, "log10_alpha": 0.6048210518111707, "log10_colsample_bytree": -0.36778244707968655, "log10_eta": -3.5571734783571984, "log10_lambda": -2.659401825596956, "log10_min_child_weight": 1.5991274841187952, "log10_subsample": -0.1299663650717816, "max_depth": 5.0, "num_boost_round": 8.0}, "datetime": {"datetime": "2024-01-19 00:56:55", "elapsed": 2705.172375, "delta": 0.003462}}
{"target": -17.67707397080816, "params": {"gamma": 408.56372507611127, "log10_alpha": 0.6048210518111707, "log10_colsample_bytree": -0.36778244707968655, "log10_eta": -3.5571734783571984, "log10_lambda": -2.659401825596956, "log10_min_child_weight": 1.5991274841187952, "log10_subsample": -0.1299663650717816, "max_depth": 5.0, "num_boost_round": 9.0}, "datetime": {"datetime": "2024-01-19 00:56:55", "elapsed": 2705.175785, "delta": 0.00341}}
{"target": -17.67705144932995, "params": {"gamma": 408.56372507611127, "log10_alpha": 0.6048210518111707, "log10_colsample_bytree": -0.36778244707968655, "log10_eta": -3.5571734783571984, "log10_lambda": -2.659401825596956, "log10_min_child_weight": 1.5991274841187952, "log10_subsample": -0.1299663650717816, "max_depth": 5.0, "num_boost_round": 10.0}, "datetime": {"datetime": "2024-01-19 00:56:55", "elapsed": 2705.179217, "delta": 0.003432}}
{"target": -17.677039542428346, "params": {"gamma": 408.56372507611127, "log10_alpha": 0.6048210518111707, "log10_colsample_bytree": -0.36778244707968655, "log10_eta": -3.5571734783571984, "log10_lambda": -2.659401825596956, "log10_min_child_weight": 1.5991274841187952, "log10_subsample": -0.1299663650717816, "max_depth": 5.0, "num_boost_round": 11.0}, "datetime": {"datetime": "2024-01-19 00:56:55", "elapsed": 2705.18275, "delta": 0.003533}}
{"target": -17.67703273715708, "params": {"gamma": 408.56372507611127, "log10_alpha": 0.6048210518111707, "log10_colsample_bytree": -0.36778244707968655, "log10_eta": -3.5571734783571984, "log10_lambda": -2.659401825596956, "log10_min_child_weight": 1.5991274841187952, "log10_subsample": -0.1299663650717816, "max_depth": 5.0, "num_boost_round": 12.0}, "datetime": {"datetime": "2024-01-19 00:56:55", "elapsed": 2705.186145, "delta": 0.003395}}
{"target": -17.677015149078084, "params": {"gamma": 408.56372507611127, "log10_alpha": 0.6048210518111707, "log10_colsample_bytree": -0.36778244707968655, "log10_eta": -3.5571734783571984, "log10_lambda": -2.659401825596956, "log10_min_child_weight": 1.5991274841187952, "log10_subsample": -0.1299663650717816, "max_depth": 5.0, "num_boost_round": 13.0}, "datetime": {"datetime": "2024-01-19 00:56:55", "elapsed": 2705.189554, "delta": 0.003409}}
{"target": -17.677014133732794, "params": {"gamma": 408.56372507611127, "log10_alpha": 0.6048210518111707, "log10_colsample_bytree": -0.36778244707968655, "log10_eta": -3.5571734783571984, "log10_lambda": -2.659401825596956, "log10_min_child_weight": 1.5991274841187952, "log10_subsample": -0.1299663650717816, "max_depth": 5.0, "num_boost_round": 14.0}, "datetime": {"datetime": "2024-01-19 00:56:55", "elapsed": 2705.193321, "delta": 0.003767}}
