{"target": -13.758538263442007, "params": {"gamma": 892.8601514360016, "log10_alpha": -3.008121168192937, "log10_colsample_bytree": -0.1787708769421682, "log10_eta": -3.8332134970990004, "log10_lambda": -4.354059920384192, "log10_min_child_weight": 2.975260321031201, "log10_subsample": -0.4701826378071784, "max_depth": 5.0, "num_boost_round": 0.0}, "datetime": {"datetime": "2024-01-19 00:11:35", "elapsed": 0.0, "delta": 0.0}}
{"target": -13.758533599648802, "params": {"gamma": 892.8601514360016, "log10_alpha": -3.008121168192937, "log10_colsample_bytree": -0.1787708769421682, "log10_eta": -3.8332134970990004, "log10_lambda": -4.354059920384192, "log10_min_child_weight": 2.975260321031201, "log10_subsample": -0.4701826378071784, "max_depth": 5.0, "num_boost_round": 1.0}, "datetime": {"datetime": "2024-01-19 00:11:35", "elapsed": 0.001651, "delta": 0.001651}}
{"target": -13.758530013992107, "params": {"gamma": 892.8601514360016, "log10_alpha": -3.008121168192937, "log10_colsample_bytree": -0.1787708769421682, "log10_eta": -3.8332134970990004, "log10_lambda": -4.354059920384192, "log10_min_child_weight": 2.975260321031201, "log10_subsample": -0.4701826378071784, "max_depth": 5.0, "num_boost_round": 2.0}, "datetime": {"datetime": "2024-01-19 00:11:35", "elapsed": 0.001832, "delta": 0.000181}}
{"target": -13.758529239051366, "params": {"gamma": 892.8601514360016, "log10_alpha": -3.008121168192937, "log10_colsample_bytree": -0.1787708769421682, "log10_eta": -3.8332134970990004, "log10_lambda": -4.354059920384192, "log10_min_child_weight": 2.975260321031201, "log10_subsample": -0.4701826378071784, "max_depth": 5.0, "num_boost_round": 3.0}, "datetime": {"datetime": "2024-01-19 00:11:35", "elapsed": 0.001991, "delta": 0.000159}}
{"target": -13.758529545422155, "params": {"gamma": 892.8601514360016, "log10_alpha": -3.008121168192937, "log10_colsample_bytree": -0.1787708769421682, "log10_eta": -3.8332134970990004, "log10_lambda": -4.354059920384192, "log10_min_child_weight": 2.975260321031201, "log10_subsample": -0.4701826378071784, "max_depth": 5.0, "num_boost_round": 4.0}, "datetime": {"datetime": "2024-01-19 00:11:35", "elapsed": 0.002136, "delta": 0.000145}}
{"target": -13.758529927390695, "params": {"gamma": 892.8601514360016, "log10_alpha": -3.008121168192937, "log10_colsample_bytree": -0.1787708769421682, "log10_eta": -3.8332134970990004, "log10_lambda": -4.354059920384192, "log10_min_child_weight": 2.975260321031201, "log10_subsample": -0.4701826378071784, "max_depth": 5.0, "num_boost_round": 5.0}, "datetime": {"datetime": "2024-01-19 00:11:35", "elapsed": 0.002276, "delta": 0.00014}}
{"target": -13.758527438224743, "params": {"gamma": 892.8601514360016, "log10_alpha": -3.008121168192937, "log10_colsample_bytree": -0.1787708769421682, "log10_eta": -3.8332134970990004, "log10_lambda": -4.354059920384192, "log10_min_child_weight": 2.975260321031201, "log10_subsample": -0.4701826378071784, "max_depth": 5.0, "num_boost_round": 6.0}, "datetime": {"datetime": "2024-01-19 00:11:35", "elapsed": 0.002413, "delta": 0.000137}}
{"target": -13.75852281468706, "params": {"gamma": 892.8601514360016, "log10_alpha": -3.008121168192937, "log10_colsample_bytree": -0.1787708769421682, "log10_eta": -3.8332134970990004, "log10_lambda": -4.354059920384192, "log10_min_child_weight": 2.975260321031201, "log10_subsample": -0.4701826378071784, "max_depth": 5.0, "num_boost_round": 7.0}, "datetime": {"datetime": "2024-01-19 00:11:35", "elapsed": 0.002564, "delta": 0.000151}}
{"target": -13.758523120754305, "params": {"gamma": 892.8601514360016, "log10_alpha": -3.008121168192937, "log10_colsample_bytree": -0.1787708769421682, "log10_eta": -3.8332134970990004, "log10_lambda": -4.354059920384192, "log10_min_child_weight": 2.975260321031201, "log10_subsample": -0.4701826378071784, "max_depth": 5.0, "num_boost_round": 8.0}, "datetime": {"datetime": "2024-01-19 00:11:35", "elapsed": 0.002715, "delta": 0.000151}}
{"target": -13.758517063003696, "params": {"gamma": 892.8601514360016, "log10_alpha": -3.008121168192937, "log10_colsample_bytree": -0.1787708769421682, "log10_eta": -3.8332134970990004, "log10_lambda": -4.354059920384192, "log10_min_child_weight": 2.975260321031201, "log10_subsample": -0.4701826378071784, "max_depth": 5.0, "num_boost_round": 9.0}, "datetime": {"datetime": "2024-01-19 00:11:35", "elapsed": 0.006528, "delta": 0.003813}}
{"target": -13.758514920196815, "params": {"gamma": 892.8601514360016, "log10_alpha": -3.008121168192937, "log10_colsample_bytree": -0.1787708769421682, "log10_eta": -3.8332134970990004, "log10_lambda": -4.354059920384192, "log10_min_child_weight": 2.975260321031201, "log10_subsample": -0.4701826378071784, "max_depth": 5.0, "num_boost_round": 10.0}, "datetime": {"datetime": "2024-01-19 00:11:35", "elapsed": 0.006704, "delta": 0.000176}}
{"target": -13.75851124440032, "params": {"gamma": 892.8601514360016, "log10_alpha": -3.008121168192937, "log10_colsample_bytree": -0.1787708769421682, "log10_eta": -3.8332134970990004, "log10_lambda": -4.354059920384192, "log10_min_child_weight": 2.975260321031201, "log10_subsample": -0.4701826378071784, "max_depth": 5.0, "num_boost_round": 11.0}, "datetime": {"datetime": "2024-01-19 00:11:35", "elapsed": 0.006869, "delta": 0.000165}}
{"target": -13.758509970586664, "params": {"gamma": 892.8601514360016, "log10_alpha": -3.008121168192937, "log10_colsample_bytree": -0.1787708769421682, "log10_eta": -3.8332134970990004, "log10_lambda": -4.354059920384192, "log10_min_child_weight": 2.975260321031201, "log10_subsample": -0.4701826378071784, "max_depth": 5.0, "num_boost_round": 12.0}, "datetime": {"datetime": "2024-01-19 00:11:35", "elapsed": 0.007026, "delta": 0.000157}}
{"target": -13.75851056917942, "params": {"gamma": 892.8601514360016, "log10_alpha": -3.008121168192937, "log10_colsample_bytree": -0.1787708769421682, "log10_eta": -3.8332134970990004, "log10_lambda": -4.354059920384192, "log10_min_child_weight": 2.975260321031201, "log10_subsample": -0.4701826378071784, "max_depth": 5.0, "num_boost_round": 13.0}, "datetime": {"datetime": "2024-01-19 00:11:35", "elapsed": 0.00718, "delta": 0.000154}}
{"target": -13.75851022079546, "params": {"gamma": 892.8601514360016, "log10_alpha": -3.008121168192937, "log10_colsample_bytree": -0.1787708769421682, "log10_eta": -3.8332134970990004, "log10_lambda": -4.354059920384192, "log10_min_child_weight": 2.975260321031201, "log10_subsample": -0.4701826378071784, "max_depth": 5.0, "num_boost_round": 14.0}, "datetime": {"datetime": "2024-01-19 00:11:35", "elapsed": 0.007324, "delta": 0.000144}}
{"target": -13.758511178861447, "params": {"gamma": 892.8601514360016, "log10_alpha": -3.008121168192937, "log10_colsample_bytree": -0.1787708769421682, "log10_eta": -3.8332134970990004, "log10_lambda": -4.354059920384192, "log10_min_child_weight": 2.975260321031201, "log10_subsample": -0.4701826378071784, "max_depth": 5.0, "num_boost_round": 15.0}, "datetime": {"datetime": "2024-01-19 00:11:35", "elapsed": 0.007467, "delta": 0.000143}}
{"target": -13.758505511182857, "params": {"gamma": 892.8601514360016, "log10_alpha": -3.008121168192937, "log10_colsample_bytree": -0.1787708769421682, "log10_eta": -3.8332134970990004, "log10_lambda": -4.354059920384192, "log10_min_child_weight": 2.975260321031201, "log10_subsample": -0.4701826378071784, "max_depth": 5.0, "num_boost_round": 16.0}, "datetime": {"datetime": "2024-01-19 00:11:35", "elapsed": 0.007612, "delta": 0.000145}}
{"target": -13.758501425897864, "params": {"gamma": 892.8601514360016, "log10_alpha": -3.008121168192937, "log10_colsample_bytree": -0.1787708769421682, "log10_eta": -3.8332134970990004, "log10_lambda": -4.354059920384192, "log10_min_child_weight": 2.975260321031201, "log10_subsample": -0.4701826378071784, "max_depth": 5.0, "num_boost_round": 17.0}, "datetime": {"datetime": "2024-01-19 00:11:35", "elapsed": 0.007757, "delta": 0.000145}}
{"target": -13.758500009197231, "params": {"gamma": 892.8601514360016, "log10_alpha": -3.008121168192937, "log10_colsample_bytree": -0.1787708769421682, "log10_eta": -3.8332134970990004, "log10_lambda": -4.354059920384192, "log10_min_child_weight": 2.975260321031201, "log10_subsample": -0.4701826378071784, "max_depth": 5.0, "num_boost_round": 18.0}, "datetime": {"datetime": "2024-01-19 00:11:35", "elapsed": 0.007916, "delta": 0.000159}}
{"target": -13.758499793345297, "params": {"gamma": 892.8601514360016, "log10_alpha": -3.008121168192937, "log10_colsample_bytree": -0.1787708769421682, "log10_eta": -3.8332134970990004, "log10_lambda": -4.354059920384192, "log10_min_child_weight": 2.975260321031201, "log10_subsample": -0.4701826378071784, "max_depth": 5.0, "num_boost_round": 19.0}, "datetime": {"datetime": "2024-01-19 00:11:35", "elapsed": 0.008069, "delta": 0.000153}}
{"target": -13.758497059200636, "params": {"gamma": 892.8601514360016, "log10_alpha": -3.008121168192937, "log10_colsample_bytree": -0.1787708769421682, "log10_eta": -3.8332134970990004, "log10_lambda": -4.354059920384192, "log10_min_child_weight": 2.975260321031201, "log10_subsample": -0.4701826378071784, "max_depth": 5.0, "num_boost_round": 20.0}, "datetime": {"datetime": "2024-01-19 00:11:35", "elapsed": 0.008218, "delta": 0.000149}}
{"target": -13.758494703805065, "params": {"gamma": 892.8601514360016, "log10_alpha": -3.008121168192937, "log10_colsample_bytree": -0.1787708769421682, "log10_eta": -3.8332134970990004, "log10_lambda": -4.354059920384192, "log10_min_child_weight": 2.975260321031201, "log10_subsample": -0.4701826378071784, "max_depth": 5.0, "num_boost_round": 21.0}, "datetime": {"datetime": "2024-01-19 00:11:35", "elapsed": 0.008375, "delta": 0.000157}}
{"target": -13.758491949480858, "params": {"gamma": 892.8601514360016, "log10_alpha": -3.008121168192937, "log10_colsample_bytree": -0.1787708769421682, "log10_eta": -3.8332134970990004, "log10_lambda": -4.354059920384192, "log10_min_child_weight": 2.975260321031201, "log10_subsample": -0.4701826378071784, "max_depth": 5.0, "num_boost_round": 22.0}, "datetime": {"datetime": "2024-01-19 00:11:35", "elapsed": 0.008538, "delta": 0.000163}}
{"target": -13.758488353075172, "params": {"gamma": 892.8601514360016, "log10_alpha": -3.008121168192937, "log10_colsample_bytree": -0.1787708769421682, "log10_eta": -3.8332134970990004, "log10_lambda": -4.354059920384192, "log10_min_child_weight": 2.975260321031201, "log10_subsample": -0.4701826378071784, "max_depth": 5.0, "num_boost_round": 23.0}, "datetime": {"datetime": "2024-01-19 00:11:35", "elapsed": 0.008785, "delta": 0.000247}}
{"target": -13.758485924823056, "params": {"gamma": 892.8601514360016, "log10_alpha": -3.008121168192937, "log10_colsample_bytree": -0.1787708769421682, "log10_eta": -3.8332134970990004, "log10_lambda": -4.354059920384192, "log10_min_child_weight": 2.975260321031201, "log10_subsample": -0.4701826378071784, "max_depth": 5.0, "num_boost_round": 24.0}, "datetime": {"datetime": "2024-01-19 00:11:35", "elapsed": 0.008971, "delta": 0.000186}}
{"target": -13.758483379498053, "params": {"gamma": 892.8601514360016, "log10_alpha": -3.008121168192937, "log10_colsample_bytree": -0.1787708769421682, "log10_eta": -3.8332134970990004, "log10_lambda": -4.354059920384192, "log10_min_child_weight": 2.975260321031201, "log10_subsample": -0.4701826378071784, "max_depth": 5.0, "num_boost_round": 25.0}, "datetime": {"datetime": "2024-01-19 00:11:35", "elapsed": 0.009137, "delta": 0.000166}}
{"target": -13.758478850001108, "params": {"gamma": 892.8601514360016, "log10_alpha": -3.008121168192937, "log10_colsample_bytree": -0.1787708769421682, "log10_eta": -3.8332134970990004, "log10_lambda": -4.354059920384192, "log10_min_child_weight": 2.975260321031201, "log10_subsample": -0.4701826378071784, "max_depth": 5.0, "num_boost_round": 26.0}, "datetime": {"datetime": "2024-01-19 00:11:35", "elapsed": 0.009299, "delta": 0.000162}}
{"target": -13.758474076173126, "params": {"gamma": 892.8601514360016, "log10_alpha": -3.008121168192937, "log10_colsample_bytree": -0.1787708769421682, "log10_eta": -3.8332134970990004, "log10_lambda": -4.354059920384192, "log10_min_child_weight": 2.975260321031201, "log10_subsample": -0.4701826378071784, "max_depth": 5.0, "num_boost_round": 27.0}, "datetime": {"datetime": "2024-01-19 00:11:35", "elapsed": 0.00946, "delta": 0.000161}}
{"target": -13.758473554804468, "params": {"gamma": 892.8601514360016, "log10_alpha": -3.008121168192937, "log10_colsample_bytree": -0.1787708769421682, "log10_eta": -3.8332134970990004, "log10_lambda": -4.354059920384192, "log10_min_child_weight": 2.975260321031201, "log10_subsample": -0.4701826378071784, "max_depth": 5.0, "num_boost_round": 28.0}, "datetime": {"datetime": "2024-01-19 00:11:35", "elapsed": 0.009623, "delta": 0.000163}}
{"target": -13.758473808762382, "params": {"gamma": 892.8601514360016, "log10_alpha": -3.008121168192937, "log10_colsample_bytree": -0.1787708769421682, "log10_eta": -3.8332134970990004, "log10_lambda": -4.354059920384192, "log10_min_child_weight": 2.975260321031201, "log10_subsample": -0.4701826378071784, "max_depth": 5.0, "num_boost_round": 29.0}, "datetime": {"datetime": "2024-01-19 00:11:35", "elapsed": 0.009885, "delta": 0.000262}}
{"target": -13.758474265013675, "params": {"gamma": 892.8601514360016, "log10_alpha": -3.008121168192937, "log10_colsample_bytree": -0.1787708769421682, "log10_eta": -3.8332134970990004, "log10_lambda": -4.354059920384192, "log10_min_child_weight": 2.975260321031201, "log10_subsample": -0.4701826378071784, "max_depth": 5.0, "num_boost_round": 30.0}, "datetime": {"datetime": "2024-01-19 00:11:35", "elapsed": 0.010061, "delta": 0.000176}}
{"target": -13.758470205319165, "params": {"gamma": 892.8601514360016, "log10_alpha": -3.008121168192937, "log10_colsample_bytree": -0.1787708769421682, "log10_eta": -3.8332134970990004, "log10_lambda": -4.354059920384192, "log10_min_child_weight": 2.975260321031201, "log10_subsample": -0.4701826378071784, "max_depth": 5.0, "num_boost_round": 31.0}, "datetime": {"datetime": "2024-01-19 00:11:35", "elapsed": 0.010234, "delta": 0.000173}}
{"target": -13.75847124578991, "params": {"gamma": 892.8601514360016, "log10_alpha": -3.008121168192937, "log10_colsample_bytree": -0.1787708769421682, "log10_eta": -3.8332134970990004, "log10_lambda": -4.354059920384192, "log10_min_child_weight": 2.975260321031201, "log10_subsample": -0.4701826378071784, "max_depth": 5.0, "num_boost_round": 32.0}, "datetime": {"datetime": "2024-01-19 00:11:35", "elapsed": 0.010402, "delta": 0.000168}}
{"target": -13.758467622872118, "params": {"gamma": 892.8601514360016, "log10_alpha": -3.008121168192937, "log10_colsample_bytree": -0.1787708769421682, "log10_eta": -3.8332134970990004, "log10_lambda": -4.354059920384192, "log10_min_child_weight": 2.975260321031201, "log10_subsample": -0.4701826378071784, "max_depth": 5.0, "num_boost_round": 33.0}, "datetime": {"datetime": "2024-01-19 00:11:35", "elapsed": 0.010572, "delta": 0.00017}}
{"target": -13.758465216200474, "params": {"gamma": 892.8601514360016, "log10_alpha": -3.008121168192937, "log10_colsample_bytree": -0.1787708769421682, "log10_eta": -3.8332134970990004, "log10_lambda": -4.354059920384192, "log10_min_child_weight": 2.975260321031201, "log10_subsample": -0.4701826378071784, "max_depth": 5.0, "num_boost_round": 34.0}, "datetime": {"datetime": "2024-01-19 00:11:35", "elapsed": 0.010747, "delta": 0.000175}}
{"target": -13.758462851100461, "params": {"gamma": 892.8601514360016, "log10_alpha": -3.008121168192937, "log10_colsample_bytree": -0.1787708769421682, "log10_eta": -3.8332134970990004, "log10_lambda": -4.354059920384192, "log10_min_child_weight": 2.975260321031201, "log10_subsample": -0.4701826378071784, "max_depth": 5.0, "num_boost_round": 35.0}, "datetime": {"datetime": "2024-01-19 00:11:35", "elapsed": 0.010987, "delta": 0.00024}}
{"target": -13.758460183330103, "params": {"gamma": 892.8601514360016, "log10_alpha": -3.008121168192937, "log10_colsample_bytree": -0.1787708769421682, "log10_eta": -3.8332134970990004, "log10_lambda": -4.354059920384192, "log10_min_child_weight": 2.975260321031201, "log10_subsample": -0.4701826378071784, "max_depth": 5.0, "num_boost_round": 36.0}, "datetime": {"datetime": "2024-01-19 00:11:35", "elapsed": 0.011167, "delta": 0.00018}}
{"target": -13.758461494911353, "params": {"gamma": 892.8601514360016, "log10_alpha": -3.008121168192937, "log10_colsample_bytree": -0.1787708769421682, "log10_eta": -3.8332134970990004, "log10_lambda": -4.354059920384192, "log10_min_child_weight": 2.975260321031201, "log10_subsample": -0.4701826378071784, "max_depth": 5.0, "num_boost_round": 37.0}, "datetime": {"datetime": "2024-01-19 00:11:35", "elapsed": 0.011344, "delta": 0.000177}}
{"target": -13.75846099546613, "params": {"gamma": 892.8601514360016, "log10_alpha": -3.008121168192937, "log10_colsample_bytree": -0.1787708769421682, "log10_eta": -3.8332134970990004, "log10_lambda": -4.354059920384192, "log10_min_child_weight": 2.975260321031201, "log10_subsample": -0.4701826378071784, "max_depth": 5.0, "num_boost_round": 38.0}, "datetime": {"datetime": "2024-01-19 00:11:35", "elapsed": 0.011526, "delta": 0.000182}}
{"target": -13.758459586548943, "params": {"gamma": 892.8601514360016, "log10_alpha": -3.008121168192937, "log10_colsample_bytree": -0.1787708769421682, "log10_eta": -3.8332134970990004, "log10_lambda": -4.354059920384192, "log10_min_child_weight": 2.975260321031201, "log10_subsample": -0.4701826378071784, "max_depth": 5.0, "num_boost_round": 39.0}, "datetime": {"datetime": "2024-01-19 00:11:35", "elapsed": 0.01171, "delta": 0.000184}}
{"target": -13.758458123862429, "params": {"gamma": 892.8601514360016, "log10_alpha": -3.008121168192937, "log10_colsample_bytree": -0.1787708769421682, "log10_eta": -3.8332134970990004, "log10_lambda": -4.354059920384192, "log10_min_child_weight": 2.975260321031201, "log10_subsample": -0.4701826378071784, "max_depth": 5.0, "num_boost_round": 40.0}, "datetime": {"datetime": "2024-01-19 00:11:35", "elapsed": 0.011899, "delta": 0.000189}}
{"target": -13.758453771585978, "params": {"gamma": 892.8601514360016, "log10_alpha": -3.008121168192937, "log10_colsample_bytree": -0.1787708769421682, "log10_eta": -3.8332134970990004, "log10_lambda": -4.354059920384192, "log10_min_child_weight": 2.975260321031201, "log10_subsample": -0.4701826378071784, "max_depth": 5.0, "num_boost_round": 41.0}, "datetime": {"datetime": "2024-01-19 00:11:35", "elapsed": 0.012182, "delta": 0.000283}}
{"target": -13.758450084394356, "params": {"gamma": 892.8601514360016, "log10_alpha": -3.008121168192937, "log10_colsample_bytree": -0.1787708769421682, "log10_eta": -3.8332134970990004, "log10_lambda": -4.354059920384192, "log10_min_child_weight": 2.975260321031201, "log10_subsample": -0.4701826378071784, "max_depth": 5.0, "num_boost_round": 42.0}, "datetime": {"datetime": "2024-01-19 00:11:35", "elapsed": 0.012371, "delta": 0.000189}}
{"target": -13.758446178759257, "params": {"gamma": 892.8601514360016, "log10_alpha": -3.008121168192937, "log10_colsample_bytree": -0.1787708769421682, "log10_eta": -3.8332134970990004, "log10_lambda": -4.354059920384192, "log10_min_child_weight": 2.975260321031201, "log10_subsample": -0.4701826378071784, "max_depth": 5.0, "num_boost_round": 43.0}, "datetime": {"datetime": "2024-01-19 00:11:35", "elapsed": 0.012561, "delta": 0.00019}}
{"target": -13.758440772206024, "params": {"gamma": 892.8601514360016, "log10_alpha": -3.008121168192937, "log10_colsample_bytree": -0.1787708769421682, "log10_eta": -3.8332134970990004, "log10_lambda": -4.354059920384192, "log10_min_child_weight": 2.975260321031201, "log10_subsample": -0.4701826378071784, "max_depth": 5.0, "num_boost_round": 44.0}, "datetime": {"datetime": "2024-01-19 00:11:35", "elapsed": 0.012751, "delta": 0.00019}}
{"target": -13.758437345077855, "params": {"gamma": 892.8601514360016, "log10_alpha": -3.008121168192937, "log10_colsample_bytree": -0.1787708769421682, "log10_eta": -3.8332134970990004, "log10_lambda": -4.354059920384192, "log10_min_child_weight": 2.975260321031201, "log10_subsample": -0.4701826378071784, "max_depth": 5.0, "num_boost_round": 45.0}, "datetime": {"datetime": "2024-01-19 00:11:35", "elapsed": 0.012951, "delta": 0.0002}}
{"target": -13.758438301833552, "params": {"gamma": 892.8601514360016, "log10_alpha": -3.008121168192937, "log10_colsample_bytree": -0.1787708769421682, "log10_eta": -3.8332134970990004, "log10_lambda": -4.354059920384192, "log10_min_child_weight": 2.975260321031201, "log10_subsample": -0.4701826378071784, "max_depth": 5.0, "num_boost_round": 46.0}, "datetime": {"datetime": "2024-01-19 00:11:35", "elapsed": 0.013143, "delta": 0.000192}}
{"target": -13.75843418592144, "params": {"gamma": 892.8601514360016, "log10_alpha": -3.008121168192937, "log10_colsample_bytree": -0.1787708769421682, "log10_eta": -3.8332134970990004, "log10_lambda": -4.354059920384192, "log10_min_child_weight": 2.975260321031201, "log10_subsample": -0.4701826378071784, "max_depth": 5.0, "num_boost_round": 47.0}, "datetime": {"datetime": "2024-01-19 00:11:35", "elapsed": 0.013333, "delta": 0.00019}}
{"target": -13.758431672196725, "params": {"gamma": 892.8601514360016, "log10_alpha": -3.008121168192937, "log10_colsample_bytree": -0.1787708769421682, "log10_eta": -3.8332134970990004, "log10_lambda": -4.354059920384192, "log10_min_child_weight": 2.975260321031201, "log10_subsample": -0.4701826378071784, "max_depth": 5.0, "num_boost_round": 48.0}, "datetime": {"datetime": "2024-01-19 00:11:35", "elapsed": 0.013525, "delta": 0.000192}}
