{"target": -17.677009858349088, "params": {"gamma": 453.6799153080272, "log10_alpha": -3.498843694383844, "log10_colsample_bytree": -0.47063553119584167, "log10_eta": -4.0, "log10_lambda": -5.0, "log10_min_child_weight": 1.1329770916360593, "log10_subsample": -0.9215038248017162, "max_depth": 4.0, "num_boost_round": 58.0}, "datetime": {"datetime": "2024-01-19 03:25:31", "elapsed": 11635.791804, "delta": 0.006242}}
{"target": -17.67700626442798, "params": {"gamma": 453.6799153080272, "log10_alpha": -3.498843694383844, "log10_colsample_bytree": -0.47063553119584167, "log10_eta": -4.0, "log10_lambda": -5.0, "log10_min_child_weight": 1.1329770916360593, "log10_subsample": -0.9215038248017162, "max_depth": 4.0, "num_boost_round": 59.0}, "datetime": {"datetime": "2024-01-19 03:25:31", "elapsed": 11635.797988, "delta": 0.006184}}
{"target": -17.677002127347475, "params": {"gamma": 453.6799153080272, "log10_alpha": -3.498843694383844, "log10_colsample_bytree": -0.47063553119584167, "log10_eta": -4.0, "log10_lambda": -5.0, "log10_min_child_weight": 1.1329770916360593, "log10_subsample": -0.9215038248017162, "max_depth": 4.0, "num_boost_round": 60.0}, "datetime": {"datetime": "2024-01-19 03:25:31", "elapsed": 11635.804211, "delta": 0.006223}}
{"target": -17.67699879564642, "params": {"gamma": 453.6799153080272, "log10_alpha": -3.498843694383844, "log10_colsample_bytree": -0.47063553119584167, "log10_eta": -4.0, "log10_lambda": -5.0, "log10_min_child_weight": 1.1329770916360593, "log10_subsample": -0.9215038248017162, "max_depth": 4.0, "num_boost_round": 61.0}, "datetime": {"datetime": "2024-01-19 03:25:31", "elapsed": 11635.810469, "delta": 0.006258}}
{"target": -17.67699537544462, "params": {"gamma": 453.6799153080272, "log10_alpha": -3.498843694383844, "log10_colsample_bytree": -0.47063553119584167, "log10_eta": -4.0, "log10_lambda": -5.0, "log10_min_child_weight": 1.1329770916360593, "log10_subsample": -0.9215038248017162, "max_depth": 4.0, "num_boost_round": 62.0}, "datetime": {"datetime": "2024-01-19 03:25:31", "elapsed": 11635.816756, "delta": 0.006287}}
{"target": -17.676990474097522, "params": {"gamma": 453.6799153080272, "log10_alpha": -3.498843694383844, "log10_colsample_bytree": -0.47063553119584167, "log10_eta": -4.0, "log10_lambda": -5.0, "log10_min_child_weight": 1.1329770916360593, "log10_subsample": -0.9215038248017162, "max_depth": 4.0, "num_boost_round": 63.0}, "datetime": {"datetime": "2024-01-19 03:25:31", "elapsed": 11635.822966, "delta": 0.00621}}
{"target": -17.67698810834663, "params": {"gamma": 453.6799153080272, "log10_alpha": -3.498843694383844, "log10_colsample_bytree": -0.47063553119584167, "log10_eta": -4.0, "log10_lambda": -5.0, "log10_min_child_weight": 1.1329770916360593, "log10_subsample": -0.9215038248017162, "max_depth": 4.0, "num_boost_round": 64.0}, "datetime": {"datetime": "2024-01-19 03:25:31", "elapsed": 11635.829147, "delta": 0.006181}}
{"target": -17.676986838944142, "params": {"gamma": 453.6799153080272, "log10_alpha": -3.498843694383844, "log10_colsample_bytree": -0.47063553119584167, "log10_eta": -4.0, "log10_lambda": -5.0, "log10_min_child_weight": 1.1329770916360593, "log10_subsample": -0.9215038248017162, "max_depth": 4.0, "num_boost_round": 65.0}, "datetime": {"datetime": "2024-01-19 03:25:31", "elapsed": 11635.835343, "delta": 0.006196}}
{"target": -17.676983894038205, "params": {"gamma": 453.6799153080272, "log10_alpha": -3.498843694383844, "log10_colsample_bytree": -0.47063553119584167, "log10_eta": -4.0, "log10_lambda": -5.0, "log10_min_child_weight": 1.1329770916360593, "log10_subsample": -0.9215038248017162, "max_depth": 4.0, "num_boost_round": 66.0}, "datetime": {"datetime": "2024-01-19 03:25:31", "elapsed": 11635.84157, "delta": 0.006227}}
{"target": -17.6769775443472, "params": {"gamma": 453.6799153080272, "log10_alpha": -3.498843694383844, "log10_colsample_bytree": -0.47063553119584167, "log10_eta": -4.0, "log10_lambda": -5.0, "log10_min_child_weight": 1.1329770916360593, "log10_subsample": -0.9215038248017162, "max_depth": 4.0, "num_boost_round": 67.0}, "datetime": {"datetime": "2024-01-19 03:25:31", "elapsed": 11635.847795, "delta": 0.006225}}
{"target": -17.676975254461627, "params": {"gamma": 453.6799153080272, "log10_alpha": -3.498843694383844, "log10_colsample_bytree": -0.47063553119584167, "log10_eta": -4.0, "log10_lambda": -5.0, "log10_min_child_weight": 1.1329770916360593, "log10_subsample": -0.9215038248017162, "max_depth": 4.0, "num_boost_round": 68.0}, "datetime": {"datetime": "2024-01-19 03:25:31", "elapsed": 11635.854039, "delta": 0.006244}}
{"target": -17.676971218834566, "params": {"gamma": 453.6799153080272, "log10_alpha": -3.498843694383844, "log10_colsample_bytree": -0.47063553119584167, "log10_eta": -4.0, "log10_lambda": -5.0, "log10_min_child_weight": 1.1329770916360593, "log10_subsample": -0.9215038248017162, "max_depth": 4.0, "num_boost_round": 69.0}, "datetime": {"datetime": "2024-01-19 03:25:31", "elapsed": 11635.860265, "delta": 0.006226}}
{"target": -17.67696653146879, "params": {"gamma": 453.6799153080272, "log10_alpha": -3.498843694383844, "log10_colsample_bytree": -0.47063553119584167, "log10_eta": -4.0, "log10_lambda": -5.0, "log10_min_child_weight": 1.1329770916360593, "log10_subsample": -0.9215038248017162, "max_depth": 4.0, "num_boost_round": 70.0}, "datetime": {"datetime": "2024-01-19 03:25:31", "elapsed": 11635.86645, "delta": 0.006185}}
{"target": -17.676962723675164, "params": {"gamma": 453.6799153080272, "log10_alpha": -3.498843694383844, "log10_colsample_bytree": -0.47063553119584167, "log10_eta": -4.0, "log10_lambda": -5.0, "log10_min_child_weight": 1.1329770916360593, "log10_subsample": -0.9215038248017162, "max_depth": 4.0, "num_boost_round": 71.0}, "datetime": {"datetime": "2024-01-19 03:25:31", "elapsed": 11635.872625, "delta": 0.006175}}
{"target": -17.67696066490468, "params": {"gamma": 453.6799153080272, "log10_alpha": -3.498843694383844, "log10_colsample_bytree": -0.47063553119584167, "log10_eta": -4.0, "log10_lambda": -5.0, "log10_min_child_weight": 1.1329770916360593, "log10_subsample": -0.9215038248017162, "max_depth": 4.0, "num_boost_round": 72.0}, "datetime": {"datetime": "2024-01-19 03:25:31", "elapsed": 11635.958007, "delta": 0.085382}}
{"target": -17.676953033198593, "params": {"gamma": 453.6799153080272, "log10_alpha": -3.498843694383844, "log10_colsample_bytree": -0.47063553119584167, "log10_eta": -4.0, "log10_lambda": -5.0, "log10_min_child_weight": 1.1329770916360593, "log10_subsample": -0.9215038248017162, "max_depth": 4.0, "num_boost_round": 73.0}, "datetime": {"datetime": "2024-01-19 03:25:31", "elapsed": 11635.964323, "delta": 0.006316}}
{"target": -17.67695283481617, "params": {"gamma": 453.6799153080272, "log10_alpha": -3.498843694383844, "log10_colsample_bytree": -0.47063553119584167, "log10_eta": -4.0, "log10_lambda": -5.0, "log10_min_child_weight": 1.1329770916360593, "log10_subsample": -0.9215038248017162, "max_depth": 4.0, "num_boost_round": 74.0}, "datetime": {"datetime": "2024-01-19 03:25:31", "elapsed": 11635.971197, "delta": 0.006874}}
{"target": -17.67695459931437, "params": {"gamma": 453.6799153080272, "log10_alpha": -3.498843694383844, "log10_colsample_bytree": -0.47063553119584167, "log10_eta": -4.0, "log10_lambda": -5.0, "log10_min_child_weight": 1.1329770916360593, "log10_subsample": -0.9215038248017162, "max_depth": 4.0, "num_boost_round": 75.0}, "datetime": {"datetime": "2024-01-19 03:25:31", "elapsed": 11635.977113, "delta": 0.005916}}
{"target": -17.676952274197948, "params": {"gamma": 453.6799153080272, "log10_alpha": -3.498843694383844, "log10_colsample_bytree": -0.47063553119584167, "log10_eta": -4.0, "log10_lambda": -5.0, "log10_min_child_weight": 1.1329770916360593, "log10_subsample": -0.9215038248017162, "max_depth": 4.0, "num_boost_round": 76.0}, "datetime": {"datetime": "2024-01-19 03:25:31", "elapsed": 11635.982892, "delta": 0.005779}}
{"target": -17.67694603428126, "params": {"gamma": 453.6799153080272, "log10_alpha": -3.498843694383844, "log10_colsample_bytree": -0.47063553119584167, "log10_eta": -4.0, "log10_lambda": -5.0, "log10_min_child_weight": 1.1329770916360593, "log10_subsample": -0.9215038248017162, "max_depth": 4.0, "num_boost_round": 77.0}, "datetime": {"datetime": "2024-01-19 03:25:31", "elapsed": 11635.988687, "delta": 0.005795}}
{"target": -17.67694266849024, "params": {"gamma": 453.6799153080272, "log10_alpha": -3.498843694383844, "log10_colsample_bytree": -0.47063553119584167, "log10_eta": -4.0, "log10_lambda": -5.0, "log10_min_child_weight": 1.1329770916360593, "log10_subsample": -0.9215038248017162, "max_depth": 4.0, "num_boost_round": 78.0}, "datetime": {"datetime": "2024-01-19 03:25:31", "elapsed": 11635.994513, "delta": 0.005826}}
{"target": -17.67694014281991, "params": {"gamma": 453.6799153080272, "log10_alpha": -3.498843694383844, "log10_colsample_bytree": -0.47063553119584167, "log10_eta": -4.0, "log10_lambda": -5.0, "log10_min_child_weight": 1.1329770916360593, "log10_subsample": -0.9215038248017162, "max_depth": 4.0, "num_boost_round": 79.0}, "datetime": {"datetime": "2024-01-19 03:25:31", "elapsed": 11636.000322, "delta": 0.005809}}
{"target": -17.6769363528498, "params": {"gamma": 453.6799153080272, "log10_alpha": -3.498843694383844, "log10_colsample_bytree": -0.47063553119584167, "log10_eta": -4.0, "log10_lambda": -5.0, "log10_min_child_weight": 1.1329770916360593, "log10_subsample": -0.9215038248017162, "max_depth": 4.0, "num_boost_round": 80.0}, "datetime": {"datetime": "2024-01-19 03:25:31", "elapsed": 11636.006154, "delta": 0.005832}}
{"target": -17.67693096517497, "params": {"gamma": 453.6799153080272, "log10_alpha": -3.498843694383844, "log10_colsample_bytree": -0.47063553119584167, "log10_eta": -4.0, "log10_lambda": -5.0, "log10_min_child_weight": 1.1329770916360593, "log10_subsample": -0.9215038248017162, "max_depth": 4.0, "num_boost_round": 81.0}, "datetime": {"datetime": "2024-01-19 03:25:31", "elapsed": 11636.011915, "delta": 0.005761}}
{"target": -17.676926484064495, "params": {"gamma": 453.6799153080272, "log10_alpha": -3.498843694383844, "log10_colsample_bytree": -0.47063553119584167, "log10_eta": -4.0, "log10_lambda": -5.0, "log10_min_child_weight": 1.1329770916360593, "log10_subsample": -0.9215038248017162, "max_depth": 4.0, "num_boost_round": 82.0}, "datetime": {"datetime": "2024-01-19 03:25:31", "elapsed": 11636.017791, "delta": 0.005876}}
{"target": -17.67721712563585, "params": {"gamma": 424.38660108366963, "log10_alpha": -3.381519880551565, "log10_colsample_bytree": -0.34967408436030956, "log10_eta": -3.5114215132350797, "log10_lambda": -4.000144849008283, "log10_min_child_weight": 3.584912689248288, "log10_subsample": -0.7339517228412885, "max_depth": 7.0, "num_boost_round": 0.0}, "datetime": {"datetime": "2024-01-19 03:27:33", "elapsed": 11758.397799, "delta": 122.380008}}
{"target": -17.677205588171525, "params": {"gamma": 424.38660108366963, "log10_alpha": -3.381519880551565, "log10_colsample_bytree": -0.34967408436030956, "log10_eta": -3.5114215132350797, "log10_lambda": -4.000144849008283, "log10_min_child_weight": 3.584912689248288, "log10_subsample": -0.7339517228412885, "max_depth": 7.0, "num_boost_round": 1.0}, "datetime": {"datetime": "2024-01-19 03:27:33", "elapsed": 11758.404368, "delta": 0.006569}}
{"target": -17.677196422113163, "params": {"gamma": 424.38660108366963, "log10_alpha": -3.381519880551565, "log10_colsample_bytree": -0.34967408436030956, "log10_eta": -3.5114215132350797, "log10_lambda": -4.000144849008283, "log10_min_child_weight": 3.584912689248288, "log10_subsample": -0.7339517228412885, "max_depth": 7.0, "num_boost_round": 2.0}, "datetime": {"datetime": "2024-01-19 03:27:33", "elapsed": 11758.410203, "delta": 0.005835}}
{"target": -17.677197139428323, "params": {"gamma": 424.38660108366963, "log10_alpha": -3.381519880551565, "log10_colsample_bytree": -0.34967408436030956, "log10_eta": -3.5114215132350797, "log10_lambda": -4.000144849008283, "log10_min_child_weight": 3.584912689248288, "log10_subsample": -0.7339517228412885, "max_depth": 7.0, "num_boost_round": 3.0}, "datetime": {"datetime": "2024-01-19 03:27:33", "elapsed": 11758.416036, "delta": 0.005833}}
{"target": -17.67718954671323, "params": {"gamma": 424.38660108366963, "log10_alpha": -3.381519880551565, "log10_colsample_bytree": -0.34967408436030956, "log10_eta": -3.5114215132350797, "log10_lambda": -4.000144849008283, "log10_min_child_weight": 3.584912689248288, "log10_subsample": -0.7339517228412885, "max_depth": 7.0, "num_boost_round": 4.0}, "datetime": {"datetime": "2024-01-19 03:27:33", "elapsed": 11758.421779, "delta": 0.005743}}
{"target": -17.67719136256135, "params": {"gamma": 424.38660108366963, "log10_alpha": -3.381519880551565, "log10_colsample_bytree": -0.34967408436030956, "log10_eta": -3.5114215132350797, "log10_lambda": -4.000144849008283, "log10_min_child_weight": 3.584912689248288, "log10_subsample": -0.7339517228412885, "max_depth": 7.0, "num_boost_round": 5.0}, "datetime": {"datetime": "2024-01-19 03:27:33", "elapsed": 11758.427491, "delta": 0.005712}}
{"target": -17.677183106687465, "params": {"gamma": 424.38660108366963, "log10_alpha": -3.381519880551565, "log10_colsample_bytree": -0.34967408436030956, "log10_eta": -3.5114215132350797, "log10_lambda": -4.000144849008283, "log10_min_child_weight": 3.584912689248288, "log10_subsample": -0.7339517228412885, "max_depth": 7.0, "num_boost_round": 6.0}, "datetime": {"datetime": "2024-01-19 03:27:33", "elapsed": 11758.433267, "delta": 0.005776}}
{"target": -17.677175445055052, "params": {"gamma": 424.38660108366963, "log10_alpha": -3.381519880551565, "log10_colsample_bytree": -0.34967408436030956, "log10_eta": -3.5114215132350797, "log10_lambda": -4.000144849008283, "log10_min_child_weight": 3.584912689248288, "log10_subsample": -0.7339517228412885, "max_depth": 7.0, "num_boost_round": 7.0}, "datetime": {"datetime": "2024-01-19 03:27:33", "elapsed": 11758.438947, "delta": 0.00568}}
{"target": -17.677170658614774, "params": {"gamma": 424.38660108366963, "log10_alpha": -3.381519880551565, "log10_colsample_bytree": -0.34967408436030956, "log10_eta": -3.5114215132350797, "log10_lambda": -4.000144849008283, "log10_min_child_weight": 3.584912689248288, "log10_subsample": -0.7339517228412885, "max_depth": 7.0, "num_boost_round": 8.0}, "datetime": {"datetime": "2024-01-19 03:27:33", "elapsed": 11758.444631, "delta": 0.005684}}
{"target": -17.67716192510471, "params": {"gamma": 424.38660108366963, "log10_alpha": -3.381519880551565, "log10_colsample_bytree": -0.34967408436030956, "log10_eta": -3.5114215132350797, "log10_lambda": -4.000144849008283, "log10_min_child_weight": 3.584912689248288, "log10_subsample": -0.7339517228412885, "max_depth": 7.0, "num_boost_round": 9.0}, "datetime": {"datetime": "2024-01-19 03:27:33", "elapsed": 11758.450379, "delta": 0.005748}}
{"target": -17.67715388357081, "params": {"gamma": 424.38660108366963, "log10_alpha": -3.381519880551565, "log10_colsample_bytree": -0.34967408436030956, "log10_eta": -3.5114215132350797, "log10_lambda": -4.000144849008283, "log10_min_child_weight": 3.584912689248288, "log10_subsample": -0.7339517228412885, "max_depth": 7.0, "num_boost_round": 10.0}, "datetime": {"datetime": "2024-01-19 03:27:33", "elapsed": 11758.457194, "delta": 0.006815}}
{"target": -17.677146070094313, "params": {"gamma": 424.38660108366963, "log10_alpha": -3.381519880551565, "log10_colsample_bytree": -0.34967408436030956, "log10_eta": -3.5114215132350797, "log10_lambda": -4.000144849008283, "log10_min_child_weight": 3.584912689248288, "log10_subsample": -0.7339517228412885, "max_depth": 7.0, "num_boost_round": 11.0}, "datetime": {"datetime": "2024-01-19 03:27:33", "elapsed": 11758.46311, "delta": 0.005916}}
{"target": -17.677141216545365, "params": {"gamma": 424.38660108366963, "log10_alpha": -3.381519880551565, "log10_colsample_bytree": -0.34967408436030956, "log10_eta": -3.5114215132350797, "log10_lambda": -4.000144849008283, "log10_min_child_weight": 3.584912689248288, "log10_subsample": -0.7339517228412885, "max_depth": 7.0, "num_boost_round": 12.0}, "datetime": {"datetime": "2024-01-19 03:27:33", "elapsed": 11758.468976, "delta": 0.005866}}
{"target": -17.677131561743515, "params": {"gamma": 424.38660108366963, "log10_alpha": -3.381519880551565, "log10_colsample_bytree": -0.34967408436030956, "log10_eta": -3.5114215132350797, "log10_lambda": -4.000144849008283, "log10_min_child_weight": 3.584912689248288, "log10_subsample": -0.7339517228412885, "max_depth": 7.0, "num_boost_round": 13.0}, "datetime": {"datetime": "2024-01-19 03:27:33", "elapsed": 11758.474977, "delta": 0.006001}}
{"target": -17.67713241372048, "params": {"gamma": 424.38660108366963, "log10_alpha": -3.381519880551565, "log10_colsample_bytree": -0.34967408436030956, "log10_eta": -3.5114215132350797, "log10_lambda": -4.000144849008283, "log10_min_child_weight": 3.584912689248288, "log10_subsample": -0.7339517228412885, "max_depth": 7.0, "num_boost_round": 14.0}, "datetime": {"datetime": "2024-01-19 03:27:33", "elapsed": 11758.48086, "delta": 0.005883}}
{"target": -17.677123920571006, "params": {"gamma": 424.38660108366963, "log10_alpha": -3.381519880551565, "log10_colsample_bytree": -0.34967408436030956, "log10_eta": -3.5114215132350797, "log10_lambda": -4.000144849008283, "log10_min_child_weight": 3.584912689248288, "log10_subsample": -0.7339517228412885, "max_depth": 7.0, "num_boost_round": 15.0}, "datetime": {"datetime": "2024-01-19 03:27:33", "elapsed": 11758.487001, "delta": 0.006141}}
{"target": -17.677131062034405, "params": {"gamma": 424.38660108366963, "log10_alpha": -3.381519880551565, "log10_colsample_bytree": -0.34967408436030956, "log10_eta": -3.5114215132350797, "log10_lambda": -4.000144849008283, "log10_min_child_weight": 3.584912689248288, "log10_subsample": -0.7339517228412885, "max_depth": 7.0, "num_boost_round": 16.0}, "datetime": {"datetime": "2024-01-19 03:27:33", "elapsed": 11758.492884, "delta": 0.005883}}
{"target": -17.677191144813616, "params": {"gamma": 431.4893931251511, "log10_alpha": -3.8931299898823015, "log10_colsample_bytree": -0.7897609669293731, "log10_eta": -2.4315401660783706, "log10_lambda": 0.6757999395960006, "log10_min_child_weight": 4.453390898912373, "log10_subsample": -0.42483996006188474, "max_depth": 4.0, "num_boost_round": 0.0}, "datetime": {"datetime": "2024-01-19 03:29:36", "elapsed": 11881.471294, "delta": 122.97841}}
{"target": -17.67714353667341, "params": {"gamma": 431.4893931251511, "log10_alpha": -3.8931299898823015, "log10_colsample_bytree": -0.7897609669293731, "log10_eta": -2.4315401660783706, "log10_lambda": 0.6757999395960006, "log10_min_child_weight": 4.453390898912373, "log10_subsample": -0.42483996006188474, "max_depth": 4.0, "num_boost_round": 1.0}, "datetime": {"datetime": "2024-01-19 03:29:36", "elapsed": 11881.477776, "delta": 0.006482}}
{"target": -17.67715103934425, "params": {"gamma": 431.4893931251511, "log10_alpha": -3.8931299898823015, "log10_colsample_bytree": -0.7897609669293731, "log10_eta": -2.4315401660783706, "log10_lambda": 0.6757999395960006, "log10_min_child_weight": 4.453390898912373, "log10_subsample": -0.42483996006188474, "max_depth": 4.0, "num_boost_round": 2.0}, "datetime": {"datetime": "2024-01-19 03:29:36", "elapsed": 11881.483849, "delta": 0.006073}}
{"target": -17.67711289940014, "params": {"gamma": 431.4893931251511, "log10_alpha": -3.8931299898823015, "log10_colsample_bytree": -0.7897609669293731, "log10_eta": -2.4315401660783706, "log10_lambda": 0.6757999395960006, "log10_min_child_weight": 4.453390898912373, "log10_subsample": -0.42483996006188474, "max_depth": 4.0, "num_boost_round": 3.0}, "datetime": {"datetime": "2024-01-19 03:29:36", "elapsed": 11881.48973, "delta": 0.005881}}
{"target": -17.677081965486458, "params": {"gamma": 431.4893931251511, "log10_alpha": -3.8931299898823015, "log10_colsample_bytree": -0.7897609669293731, "log10_eta": -2.4315401660783706, "log10_lambda": 0.6757999395960006, "log10_min_child_weight": 4.453390898912373, "log10_subsample": -0.42483996006188474, "max_depth": 4.0, "num_boost_round": 4.0}, "datetime": {"datetime": "2024-01-19 03:29:36", "elapsed": 11881.495431, "delta": 0.005701}}
{"target": -17.677085537225185, "params": {"gamma": 431.4893931251511, "log10_alpha": -3.8931299898823015, "log10_colsample_bytree": -0.7897609669293731, "log10_eta": -2.4315401660783706, "log10_lambda": 0.6757999395960006, "log10_min_child_weight": 4.453390898912373, "log10_subsample": -0.42483996006188474, "max_depth": 4.0, "num_boost_round": 5.0}, "datetime": {"datetime": "2024-01-19 03:29:36", "elapsed": 11881.50117, "delta": 0.005739}}
{"target": -17.677127163121195, "params": {"gamma": 431.4893931251511, "log10_alpha": -3.8931299898823015, "log10_colsample_bytree": -0.7897609669293731, "log10_eta": -2.4315401660783706, "log10_lambda": 0.6757999395960006, "log10_min_child_weight": 4.453390898912373, "log10_subsample": -0.42483996006188474, "max_depth": 4.0, "num_boost_round": 6.0}, "datetime": {"datetime": "2024-01-19 03:29:36", "elapsed": 11881.506943, "delta": 0.005773}}
{"target": -17.677098519563284, "params": {"gamma": 431.4893931251511, "log10_alpha": -3.8931299898823015, "log10_colsample_bytree": -0.7897609669293731, "log10_eta": -2.4315401660783706, "log10_lambda": 0.6757999395960006, "log10_min_child_weight": 4.453390898912373, "log10_subsample": -0.42483996006188474, "max_depth": 4.0, "num_boost_round": 7.0}, "datetime": {"datetime": "2024-01-19 03:29:37", "elapsed": 11881.512747, "delta": 0.005804}}
