{"target": -13.757767539005659, "params": {"gamma": 836.0404599776735, "log10_alpha": -3.758396583504103, "log10_colsample_bytree": -0.17035011304287395, "log10_eta": -2.8076518960691317, "log10_lambda": -4.015404565673435, "log10_min_child_weight": 0.49781539344443737, "log10_subsample": -0.7340470377603014, "max_depth": 7.0, "num_boost_round": 17.0}, "datetime": {"datetime": "2024-01-19 00:47:22", "elapsed": 2162.450688, "delta": 0.002266}}
{"target": -13.757826703271718, "params": {"gamma": 836.0404599776735, "log10_alpha": -3.758396583504103, "log10_colsample_bytree": -0.17035011304287395, "log10_eta": -2.8076518960691317, "log10_lambda": -4.015404565673435, "log10_min_child_weight": 0.49781539344443737, "log10_subsample": -0.7340470377603014, "max_depth": 7.0, "num_boost_round": 18.0}, "datetime": {"datetime": "2024-01-19 00:47:22", "elapsed": 2162.452947, "delta": 0.002259}}
{"target": -13.75779380945814, "params": {"gamma": 836.0404599776735, "log10_alpha": -3.758396583504103, "log10_colsample_bytree": -0.17035011304287395, "log10_eta": -2.8076518960691317, "log10_lambda": -4.015404565673435, "log10_min_child_weight": 0.49781539344443737, "log10_subsample": -0.7340470377603014, "max_depth": 7.0, "num_boost_round": 19.0}, "datetime": {"datetime": "2024-01-19 00:47:22", "elapsed": 2162.455098, "delta": 0.002151}}
{"target": -13.758300836190081, "params": {"gamma": 837.7926851091805, "log10_alpha": -4.183239066157639, "log10_colsample_bytree": -0.9122317396754605, "log10_eta": -2.1962985513243307, "log10_lambda": 0.9790480975568379, "log10_min_child_weight": 0.15425498439993246, "log10_subsample": -0.40839411362940214, "max_depth": 6.0, "num_boost_round": 0.0}, "datetime": {"datetime": "2024-01-19 00:47:49", "elapsed": 2189.624068, "delta": 27.16897}}
{"target": -13.758269873278108, "params": {"gamma": 837.7926851091805, "log10_alpha": -4.183239066157639, "log10_colsample_bytree": -0.9122317396754605, "log10_eta": -2.1962985513243307, "log10_lambda": 0.9790480975568379, "log10_min_child_weight": 0.15425498439993246, "log10_subsample": -0.40839411362940214, "max_depth": 6.0, "num_boost_round": 1.0}, "datetime": {"datetime": "2024-01-19 00:47:49", "elapsed": 2189.626945, "delta": 0.002877}}
{"target": -13.758090786351685, "params": {"gamma": 837.7926851091805, "log10_alpha": -4.183239066157639, "log10_colsample_bytree": -0.9122317396754605, "log10_eta": -2.1962985513243307, "log10_lambda": 0.9790480975568379, "log10_min_child_weight": 0.15425498439993246, "log10_subsample": -0.40839411362940214, "max_depth": 6.0, "num_boost_round": 2.0}, "datetime": {"datetime": "2024-01-19 00:47:49", "elapsed": 2189.629325, "delta": 0.00238}}
{"target": -13.757986887517879, "params": {"gamma": 837.7926851091805, "log10_alpha": -4.183239066157639, "log10_colsample_bytree": -0.9122317396754605, "log10_eta": -2.1962985513243307, "log10_lambda": 0.9790480975568379, "log10_min_child_weight": 0.15425498439993246, "log10_subsample": -0.40839411362940214, "max_depth": 6.0, "num_boost_round": 3.0}, "datetime": {"datetime": "2024-01-19 00:47:49", "elapsed": 2189.631554, "delta": 0.002229}}
{"target": -13.757953585140415, "params": {"gamma": 837.7926851091805, "log10_alpha": -4.183239066157639, "log10_colsample_bytree": -0.9122317396754605, "log10_eta": -2.1962985513243307, "log10_lambda": 0.9790480975568379, "log10_min_child_weight": 0.15425498439993246, "log10_subsample": -0.40839411362940214, "max_depth": 6.0, "num_boost_round": 4.0}, "datetime": {"datetime": "2024-01-19 00:47:49", "elapsed": 2189.633905, "delta": 0.002351}}
{"target": -13.75793971151873, "params": {"gamma": 837.7926851091805, "log10_alpha": -4.183239066157639, "log10_colsample_bytree": -0.9122317396754605, "log10_eta": -2.1962985513243307, "log10_lambda": 0.9790480975568379, "log10_min_child_weight": 0.15425498439993246, "log10_subsample": -0.40839411362940214, "max_depth": 6.0, "num_boost_round": 5.0}, "datetime": {"datetime": "2024-01-19 00:47:49", "elapsed": 2189.63609, "delta": 0.002185}}
{"target": -13.757931408379529, "params": {"gamma": 837.7926851091805, "log10_alpha": -4.183239066157639, "log10_colsample_bytree": -0.9122317396754605, "log10_eta": -2.1962985513243307, "log10_lambda": 0.9790480975568379, "log10_min_child_weight": 0.15425498439993246, "log10_subsample": -0.40839411362940214, "max_depth": 6.0, "num_boost_round": 6.0}, "datetime": {"datetime": "2024-01-19 00:47:49", "elapsed": 2189.638359, "delta": 0.002269}}
{"target": -13.757862265546235, "params": {"gamma": 837.7926851091805, "log10_alpha": -4.183239066157639, "log10_colsample_bytree": -0.9122317396754605, "log10_eta": -2.1962985513243307, "log10_lambda": 0.9790480975568379, "log10_min_child_weight": 0.15425498439993246, "log10_subsample": -0.40839411362940214, "max_depth": 6.0, "num_boost_round": 7.0}, "datetime": {"datetime": "2024-01-19 00:47:49", "elapsed": 2189.640597, "delta": 0.002238}}
{"target": -13.757769116041555, "params": {"gamma": 837.7926851091805, "log10_alpha": -4.183239066157639, "log10_colsample_bytree": -0.9122317396754605, "log10_eta": -2.1962985513243307, "log10_lambda": 0.9790480975568379, "log10_min_child_weight": 0.15425498439993246, "log10_subsample": -0.40839411362940214, "max_depth": 6.0, "num_boost_round": 8.0}, "datetime": {"datetime": "2024-01-19 00:47:49", "elapsed": 2189.642795, "delta": 0.002198}}
{"target": -13.75774527736247, "params": {"gamma": 837.7926851091805, "log10_alpha": -4.183239066157639, "log10_colsample_bytree": -0.9122317396754605, "log10_eta": -2.1962985513243307, "log10_lambda": 0.9790480975568379, "log10_min_child_weight": 0.15425498439993246, "log10_subsample": -0.40839411362940214, "max_depth": 6.0, "num_boost_round": 9.0}, "datetime": {"datetime": "2024-01-19 00:47:49", "elapsed": 2189.644978, "delta": 0.002183}}
{"target": -13.757639001009062, "params": {"gamma": 837.7926851091805, "log10_alpha": -4.183239066157639, "log10_colsample_bytree": -0.9122317396754605, "log10_eta": -2.1962985513243307, "log10_lambda": 0.9790480975568379, "log10_min_child_weight": 0.15425498439993246, "log10_subsample": -0.40839411362940214, "max_depth": 6.0, "num_boost_round": 10.0}, "datetime": {"datetime": "2024-01-19 00:47:49", "elapsed": 2189.64715, "delta": 0.002172}}
{"target": -13.757601144688167, "params": {"gamma": 837.7926851091805, "log10_alpha": -4.183239066157639, "log10_colsample_bytree": -0.9122317396754605, "log10_eta": -2.1962985513243307, "log10_lambda": 0.9790480975568379, "log10_min_child_weight": 0.15425498439993246, "log10_subsample": -0.40839411362940214, "max_depth": 6.0, "num_boost_round": 11.0}, "datetime": {"datetime": "2024-01-19 00:47:49", "elapsed": 2189.649337, "delta": 0.002187}}
{"target": -13.757614268717772, "params": {"gamma": 837.7926851091805, "log10_alpha": -4.183239066157639, "log10_colsample_bytree": -0.9122317396754605, "log10_eta": -2.1962985513243307, "log10_lambda": 0.9790480975568379, "log10_min_child_weight": 0.15425498439993246, "log10_subsample": -0.40839411362940214, "max_depth": 6.0, "num_boost_round": 12.0}, "datetime": {"datetime": "2024-01-19 00:47:49", "elapsed": 2189.651513, "delta": 0.002176}}
{"target": -13.757332294174155, "params": {"gamma": 837.7926851091805, "log10_alpha": -4.183239066157639, "log10_colsample_bytree": -0.9122317396754605, "log10_eta": -2.1962985513243307, "log10_lambda": 0.9790480975568379, "log10_min_child_weight": 0.15425498439993246, "log10_subsample": -0.40839411362940214, "max_depth": 6.0, "num_boost_round": 13.0}, "datetime": {"datetime": "2024-01-19 00:47:49", "elapsed": 2189.653967, "delta": 0.002454}}
{"target": -13.757443649276567, "params": {"gamma": 837.7926851091805, "log10_alpha": -4.183239066157639, "log10_colsample_bytree": -0.9122317396754605, "log10_eta": -2.1962985513243307, "log10_lambda": 0.9790480975568379, "log10_min_child_weight": 0.15425498439993246, "log10_subsample": -0.40839411362940214, "max_depth": 6.0, "num_boost_round": 14.0}, "datetime": {"datetime": "2024-01-19 00:47:49", "elapsed": 2189.656191, "delta": 0.002224}}
{"target": -13.757350624109488, "params": {"gamma": 837.7926851091805, "log10_alpha": -4.183239066157639, "log10_colsample_bytree": -0.9122317396754605, "log10_eta": -2.1962985513243307, "log10_lambda": 0.9790480975568379, "log10_min_child_weight": 0.15425498439993246, "log10_subsample": -0.40839411362940214, "max_depth": 6.0, "num_boost_round": 15.0}, "datetime": {"datetime": "2024-01-19 00:47:49", "elapsed": 2189.658439, "delta": 0.002248}}
{"target": -13.757314172837626, "params": {"gamma": 837.7926851091805, "log10_alpha": -4.183239066157639, "log10_colsample_bytree": -0.9122317396754605, "log10_eta": -2.1962985513243307, "log10_lambda": 0.9790480975568379, "log10_min_child_weight": 0.15425498439993246, "log10_subsample": -0.40839411362940214, "max_depth": 6.0, "num_boost_round": 16.0}, "datetime": {"datetime": "2024-01-19 00:47:49", "elapsed": 2189.660743, "delta": 0.002304}}
{"target": -13.757065555516444, "params": {"gamma": 837.7926851091805, "log10_alpha": -4.183239066157639, "log10_colsample_bytree": -0.9122317396754605, "log10_eta": -2.1962985513243307, "log10_lambda": 0.9790480975568379, "log10_min_child_weight": 0.15425498439993246, "log10_subsample": -0.40839411362940214, "max_depth": 6.0, "num_boost_round": 17.0}, "datetime": {"datetime": "2024-01-19 00:47:49", "elapsed": 2189.662931, "delta": 0.002188}}
{"target": -13.756971215908838, "params": {"gamma": 837.7926851091805, "log10_alpha": -4.183239066157639, "log10_colsample_bytree": -0.9122317396754605, "log10_eta": -2.1962985513243307, "log10_lambda": 0.9790480975568379, "log10_min_child_weight": 0.15425498439993246, "log10_subsample": -0.40839411362940214, "max_depth": 6.0, "num_boost_round": 18.0}, "datetime": {"datetime": "2024-01-19 00:47:49", "elapsed": 2189.665162, "delta": 0.002231}}
{"target": -13.758555792921229, "params": {"gamma": 841.1946687934586, "log10_alpha": -0.5801523803467203, "log10_colsample_bytree": -0.5278477124532684, "log10_eta": -1.517734765940737, "log10_lambda": -1.999984342884392, "log10_min_child_weight": 4.0022629672879875, "log10_subsample": -0.5047828738215474, "max_depth": 9.0, "num_boost_round": 0.0}, "datetime": {"datetime": "2024-01-19 00:48:17", "elapsed": 2217.405824, "delta": 27.740662}}
{"target": -13.75852055715178, "params": {"gamma": 841.1946687934586, "log10_alpha": -0.5801523803467203, "log10_colsample_bytree": -0.5278477124532684, "log10_eta": -1.517734765940737, "log10_lambda": -1.999984342884392, "log10_min_child_weight": 4.0022629672879875, "log10_subsample": -0.5047828738215474, "max_depth": 9.0, "num_boost_round": 1.0}, "datetime": {"datetime": "2024-01-19 00:48:17", "elapsed": 2217.408878, "delta": 0.003054}}
{"target": -13.758851268784758, "params": {"gamma": 841.1946687934586, "log10_alpha": -0.5801523803467203, "log10_colsample_bytree": -0.5278477124532684, "log10_eta": -1.517734765940737, "log10_lambda": -1.999984342884392, "log10_min_child_weight": 4.0022629672879875, "log10_subsample": -0.5047828738215474, "max_depth": 9.0, "num_boost_round": 2.0}, "datetime": {"datetime": "2024-01-19 00:48:17", "elapsed": 2217.411099, "delta": 0.002221}}
{"target": -13.758752760421514, "params": {"gamma": 841.1946687934586, "log10_alpha": -0.5801523803467203, "log10_colsample_bytree": -0.5278477124532684, "log10_eta": -1.517734765940737, "log10_lambda": -1.999984342884392, "log10_min_child_weight": 4.0022629672879875, "log10_subsample": -0.5047828738215474, "max_depth": 9.0, "num_boost_round": 3.0}, "datetime": {"datetime": "2024-01-19 00:48:17", "elapsed": 2217.413415, "delta": 0.002316}}
{"target": -13.758685385072578, "params": {"gamma": 841.1946687934586, "log10_alpha": -0.5801523803467203, "log10_colsample_bytree": -0.5278477124532684, "log10_eta": -1.517734765940737, "log10_lambda": -1.999984342884392, "log10_min_child_weight": 4.0022629672879875, "log10_subsample": -0.5047828738215474, "max_depth": 9.0, "num_boost_round": 4.0}, "datetime": {"datetime": "2024-01-19 00:48:17", "elapsed": 2217.415616, "delta": 0.002201}}
{"target": -13.758668123230974, "params": {"gamma": 841.1946687934586, "log10_alpha": -0.5801523803467203, "log10_colsample_bytree": -0.5278477124532684, "log10_eta": -1.517734765940737, "log10_lambda": -1.999984342884392, "log10_min_child_weight": 4.0022629672879875, "log10_subsample": -0.5047828738215474, "max_depth": 9.0, "num_boost_round": 5.0}, "datetime": {"datetime": "2024-01-19 00:48:17", "elapsed": 2217.417809, "delta": 0.002193}}
{"target": -13.759205657084495, "params": {"gamma": 841.1946687934586, "log10_alpha": -0.5801523803467203, "log10_colsample_bytree": -0.5278477124532684, "log10_eta": -1.517734765940737, "log10_lambda": -1.999984342884392, "log10_min_child_weight": 4.0022629672879875, "log10_subsample": -0.5047828738215474, "max_depth": 9.0, "num_boost_round": 6.0}, "datetime": {"datetime": "2024-01-19 00:48:17", "elapsed": 2217.420055, "delta": 0.002246}}
{"target": -13.758594624262784, "params": {"gamma": 841.1946687934586, "log10_alpha": -0.5801523803467203, "log10_colsample_bytree": -0.5278477124532684, "log10_eta": -1.517734765940737, "log10_lambda": -1.999984342884392, "log10_min_child_weight": 4.0022629672879875, "log10_subsample": -0.5047828738215474, "max_depth": 9.0, "num_boost_round": 7.0}, "datetime": {"datetime": "2024-01-19 00:48:17", "elapsed": 2217.422409, "delta": 0.002354}}
{"target": -13.758777377618571, "params": {"gamma": 841.1946687934586, "log10_alpha": -0.5801523803467203, "log10_colsample_bytree": -0.5278477124532684, "log10_eta": -1.517734765940737, "log10_lambda": -1.999984342884392, "log10_min_child_weight": 4.0022629672879875, "log10_subsample": -0.5047828738215474, "max_depth": 9.0, "num_boost_round": 8.0}, "datetime": {"datetime": "2024-01-19 00:48:17", "elapsed": 2217.424758, "delta": 0.002349}}
{"target": -13.758473531706544, "params": {"gamma": 841.1946687934586, "log10_alpha": -0.5801523803467203, "log10_colsample_bytree": -0.5278477124532684, "log10_eta": -1.517734765940737, "log10_lambda": -1.999984342884392, "log10_min_child_weight": 4.0022629672879875, "log10_subsample": -0.5047828738215474, "max_depth": 9.0, "num_boost_round": 9.0}, "datetime": {"datetime": "2024-01-19 00:48:17", "elapsed": 2217.426995, "delta": 0.002237}}
{"target": -13.758276785340318, "params": {"gamma": 841.1946687934586, "log10_alpha": -0.5801523803467203, "log10_colsample_bytree": -0.5278477124532684, "log10_eta": -1.517734765940737, "log10_lambda": -1.999984342884392, "log10_min_child_weight": 4.0022629672879875, "log10_subsample": -0.5047828738215474, "max_depth": 9.0, "num_boost_round": 10.0}, "datetime": {"datetime": "2024-01-19 00:48:17", "elapsed": 2217.429199, "delta": 0.002204}}
{"target": -13.758183874644455, "params": {"gamma": 841.1946687934586, "log10_alpha": -0.5801523803467203, "log10_colsample_bytree": -0.5278477124532684, "log10_eta": -1.517734765940737, "log10_lambda": -1.999984342884392, "log10_min_child_weight": 4.0022629672879875, "log10_subsample": -0.5047828738215474, "max_depth": 9.0, "num_boost_round": 11.0}, "datetime": {"datetime": "2024-01-19 00:48:17", "elapsed": 2217.431413, "delta": 0.002214}}
{"target": -13.75819769029995, "params": {"gamma": 841.1946687934586, "log10_alpha": -0.5801523803467203, "log10_colsample_bytree": -0.5278477124532684, "log10_eta": -1.517734765940737, "log10_lambda": -1.999984342884392, "log10_min_child_weight": 4.0022629672879875, "log10_subsample": -0.5047828738215474, "max_depth": 9.0, "num_boost_round": 12.0}, "datetime": {"datetime": "2024-01-19 00:48:17", "elapsed": 2217.433665, "delta": 0.002252}}
{"target": -13.758538519961483, "params": {"gamma": 841.1946687934586, "log10_alpha": -0.5801523803467203, "log10_colsample_bytree": -0.5278477124532684, "log10_eta": -1.517734765940737, "log10_lambda": -1.999984342884392, "log10_min_child_weight": 4.0022629672879875, "log10_subsample": -0.5047828738215474, "max_depth": 9.0, "num_boost_round": 13.0}, "datetime": {"datetime": "2024-01-19 00:48:17", "elapsed": 2217.43587, "delta": 0.002205}}
{"target": -13.758541112951143, "params": {"gamma": 841.1946687934586, "log10_alpha": -0.5801523803467203, "log10_colsample_bytree": -0.5278477124532684, "log10_eta": -1.517734765940737, "log10_lambda": -1.999984342884392, "log10_min_child_weight": 4.0022629672879875, "log10_subsample": -0.5047828738215474, "max_depth": 9.0, "num_boost_round": 14.0}, "datetime": {"datetime": "2024-01-19 00:48:17", "elapsed": 2217.43822, "delta": 0.00235}}
{"target": -13.758338087816279, "params": {"gamma": 841.1946687934586, "log10_alpha": -0.5801523803467203, "log10_colsample_bytree": -0.5278477124532684, "log10_eta": -1.517734765940737, "log10_lambda": -1.999984342884392, "log10_min_child_weight": 4.0022629672879875, "log10_subsample": -0.5047828738215474, "max_depth": 9.0, "num_boost_round": 15.0}, "datetime": {"datetime": "2024-01-19 00:48:17", "elapsed": 2217.44041, "delta": 0.00219}}
{"target": -13.758169681274435, "params": {"gamma": 841.1946687934586, "log10_alpha": -0.5801523803467203, "log10_colsample_bytree": -0.5278477124532684, "log10_eta": -1.517734765940737, "log10_lambda": -1.999984342884392, "log10_min_child_weight": 4.0022629672879875, "log10_subsample": -0.5047828738215474, "max_depth": 9.0, "num_boost_round": 16.0}, "datetime": {"datetime": "2024-01-19 00:48:17", "elapsed": 2217.442798, "delta": 0.002388}}
{"target": -13.758747470685798, "params": {"gamma": 841.1946687934586, "log10_alpha": -0.5801523803467203, "log10_colsample_bytree": -0.5278477124532684, "log10_eta": -1.517734765940737, "log10_lambda": -1.999984342884392, "log10_min_child_weight": 4.0022629672879875, "log10_subsample": -0.5047828738215474, "max_depth": 9.0, "num_boost_round": 17.0}, "datetime": {"datetime": "2024-01-19 00:48:17", "elapsed": 2217.445022, "delta": 0.002224}}
{"target": -13.75920542258702, "params": {"gamma": 841.1946687934586, "log10_alpha": -0.5801523803467203, "log10_colsample_bytree": -0.5278477124532684, "log10_eta": -1.517734765940737, "log10_lambda": -1.999984342884392, "log10_min_child_weight": 4.0022629672879875, "log10_subsample": -0.5047828738215474, "max_depth": 9.0, "num_boost_round": 18.0}, "datetime": {"datetime": "2024-01-19 00:48:17", "elapsed": 2217.447219, "delta": 0.002197}}
{"target": -13.758906769068906, "params": {"gamma": 841.1946687934586, "log10_alpha": -0.5801523803467203, "log10_colsample_bytree": -0.5278477124532684, "log10_eta": -1.517734765940737, "log10_lambda": -1.999984342884392, "log10_min_child_weight": 4.0022629672879875, "log10_subsample": -0.5047828738215474, "max_depth": 9.0, "num_boost_round": 19.0}, "datetime": {"datetime": "2024-01-19 00:48:17", "elapsed": 2217.449487, "delta": 0.002268}}
{"target": -13.758465710579287, "params": {"gamma": 836.4545139691664, "log10_alpha": -3.1048813673766, "log10_colsample_bytree": -0.7389126323739499, "log10_eta": -0.8153288496636226, "log10_lambda": -3.632782042683902, "log10_min_child_weight": 4.692942841060568, "log10_subsample": -0.7449283100299439, "max_depth": 6.0, "num_boost_round": 0.0}, "datetime": {"datetime": "2024-01-19 00:48:44", "elapsed": 2244.974212, "delta": 27.524725}}
{"target": -13.758324921918163, "params": {"gamma": 836.4545139691664, "log10_alpha": -3.1048813673766, "log10_colsample_bytree": -0.7389126323739499, "log10_eta": -0.8153288496636226, "log10_lambda": -3.632782042683902, "log10_min_child_weight": 4.692942841060568, "log10_subsample": -0.7449283100299439, "max_depth": 6.0, "num_boost_round": 1.0}, "datetime": {"datetime": "2024-01-19 00:48:44", "elapsed": 2244.977235, "delta": 0.003023}}
{"target": -13.758984924473108, "params": {"gamma": 836.4545139691664, "log10_alpha": -3.1048813673766, "log10_colsample_bytree": -0.7389126323739499, "log10_eta": -0.8153288496636226, "log10_lambda": -3.632782042683902, "log10_min_child_weight": 4.692942841060568, "log10_subsample": -0.7449283100299439, "max_depth": 6.0, "num_boost_round": 2.0}, "datetime": {"datetime": "2024-01-19 00:48:44", "elapsed": 2244.979727, "delta": 0.002492}}
{"target": -13.759397055762259, "params": {"gamma": 836.4545139691664, "log10_alpha": -3.1048813673766, "log10_colsample_bytree": -0.7389126323739499, "log10_eta": -0.8153288496636226, "log10_lambda": -3.632782042683902, "log10_min_child_weight": 4.692942841060568, "log10_subsample": -0.7449283100299439, "max_depth": 6.0, "num_boost_round": 3.0}, "datetime": {"datetime": "2024-01-19 00:48:44", "elapsed": 2244.983092, "delta": 0.003365}}
{"target": -13.75955862678413, "params": {"gamma": 836.4545139691664, "log10_alpha": -3.1048813673766, "log10_colsample_bytree": -0.7389126323739499, "log10_eta": -0.8153288496636226, "log10_lambda": -3.632782042683902, "log10_min_child_weight": 4.692942841060568, "log10_subsample": -0.7449283100299439, "max_depth": 6.0, "num_boost_round": 4.0}, "datetime": {"datetime": "2024-01-19 00:48:44", "elapsed": 2244.985558, "delta": 0.002466}}
{"target": -13.760552473973439, "params": {"gamma": 836.4545139691664, "log10_alpha": -3.1048813673766, "log10_colsample_bytree": -0.7389126323739499, "log10_eta": -0.8153288496636226, "log10_lambda": -3.632782042683902, "log10_min_child_weight": 4.692942841060568, "log10_subsample": -0.7449283100299439, "max_depth": 6.0, "num_boost_round": 5.0}, "datetime": {"datetime": "2024-01-19 00:48:44", "elapsed": 2244.987933, "delta": 0.002375}}
{"target": -13.761218279912427, "params": {"gamma": 836.4545139691664, "log10_alpha": -3.1048813673766, "log10_colsample_bytree": -0.7389126323739499, "log10_eta": -0.8153288496636226, "log10_lambda": -3.632782042683902, "log10_min_child_weight": 4.692942841060568, "log10_subsample": -0.7449283100299439, "max_depth": 6.0, "num_boost_round": 6.0}, "datetime": {"datetime": "2024-01-19 00:48:44", "elapsed": 2244.990284, "delta": 0.002351}}
