{"target": -15.496862747078142, "params": {"gamma": 125.49036906353517, "log10_alpha": -4.81875947361592, "log10_colsample_bytree": -0.08349410063494467, "log10_eta": -0.1499012606485075, "log10_lambda": 0.513204708675957, "log10_min_child_weight": 0.3790484876011252, "log10_subsample": -0.4687689179616016, "max_depth": 7.0, "num_boost_round": 21.0}, "datetime": {"datetime": "2024-01-19 00:56:30", "elapsed": 2698.137651, "delta": 0.002829}}
{"target": -15.519089056112746, "params": {"gamma": 125.49036906353517, "log10_alpha": -4.81875947361592, "log10_colsample_bytree": -0.08349410063494467, "log10_eta": -0.1499012606485075, "log10_lambda": 0.513204708675957, "log10_min_child_weight": 0.3790484876011252, "log10_subsample": -0.4687689179616016, "max_depth": 7.0, "num_boost_round": 22.0}, "datetime": {"datetime": "2024-01-19 00:56:30", "elapsed": 2698.140479, "delta": 0.002828}}
{"target": -15.561932950162362, "params": {"gamma": 125.49036906353517, "log10_alpha": -4.81875947361592, "log10_colsample_bytree": -0.08349410063494467, "log10_eta": -0.1499012606485075, "log10_lambda": 0.513204708675957, "log10_min_child_weight": 0.3790484876011252, "log10_subsample": -0.4687689179616016, "max_depth": 7.0, "num_boost_round": 23.0}, "datetime": {"datetime": "2024-01-19 00:56:30", "elapsed": 2698.143346, "delta": 0.002867}}
{"target": -15.592199323064868, "params": {"gamma": 125.49036906353517, "log10_alpha": -4.81875947361592, "log10_colsample_bytree": -0.08349410063494467, "log10_eta": -0.1499012606485075, "log10_lambda": 0.513204708675957, "log10_min_child_weight": 0.3790484876011252, "log10_subsample": -0.4687689179616016, "max_depth": 7.0, "num_boost_round": 24.0}, "datetime": {"datetime": "2024-01-19 00:56:30", "elapsed": 2698.146114, "delta": 0.002768}}
{"target": -15.61847376698064, "params": {"gamma": 125.49036906353517, "log10_alpha": -4.81875947361592, "log10_colsample_bytree": -0.08349410063494467, "log10_eta": -0.1499012606485075, "log10_lambda": 0.513204708675957, "log10_min_child_weight": 0.3790484876011252, "log10_subsample": -0.4687689179616016, "max_depth": 7.0, "num_boost_round": 25.0}, "datetime": {"datetime": "2024-01-19 00:56:30", "elapsed": 2698.148789, "delta": 0.002675}}
{"target": -15.661940876371784, "params": {"gamma": 125.49036906353517, "log10_alpha": -4.81875947361592, "log10_colsample_bytree": -0.08349410063494467, "log10_eta": -0.1499012606485075, "log10_lambda": 0.513204708675957, "log10_min_child_weight": 0.3790484876011252, "log10_subsample": -0.4687689179616016, "max_depth": 7.0, "num_boost_round": 26.0}, "datetime": {"datetime": "2024-01-19 00:56:30", "elapsed": 2698.151513, "delta": 0.002724}}
{"target": -15.671548455855298, "params": {"gamma": 125.49036906353517, "log10_alpha": -4.81875947361592, "log10_colsample_bytree": -0.08349410063494467, "log10_eta": -0.1499012606485075, "log10_lambda": 0.513204708675957, "log10_min_child_weight": 0.3790484876011252, "log10_subsample": -0.4687689179616016, "max_depth": 7.0, "num_boost_round": 27.0}, "datetime": {"datetime": "2024-01-19 00:56:30", "elapsed": 2698.154262, "delta": 0.002749}}
{"target": -15.69318846193476, "params": {"gamma": 125.49036906353517, "log10_alpha": -4.81875947361592, "log10_colsample_bytree": -0.08349410063494467, "log10_eta": -0.1499012606485075, "log10_lambda": 0.513204708675957, "log10_min_child_weight": 0.3790484876011252, "log10_subsample": -0.4687689179616016, "max_depth": 7.0, "num_boost_round": 28.0}, "datetime": {"datetime": "2024-01-19 00:56:30", "elapsed": 2698.157242, "delta": 0.00298}}
{"target": -15.725736855905184, "params": {"gamma": 125.49036906353517, "log10_alpha": -4.81875947361592, "log10_colsample_bytree": -0.08349410063494467, "log10_eta": -0.1499012606485075, "log10_lambda": 0.513204708675957, "log10_min_child_weight": 0.3790484876011252, "log10_subsample": -0.4687689179616016, "max_depth": 7.0, "num_boost_round": 29.0}, "datetime": {"datetime": "2024-01-19 00:56:30", "elapsed": 2698.160436, "delta": 0.003194}}
{"target": -15.73568823093794, "params": {"gamma": 125.49036906353517, "log10_alpha": -4.81875947361592, "log10_colsample_bytree": -0.08349410063494467, "log10_eta": -0.1499012606485075, "log10_lambda": 0.513204708675957, "log10_min_child_weight": 0.3790484876011252, "log10_subsample": -0.4687689179616016, "max_depth": 7.0, "num_boost_round": 30.0}, "datetime": {"datetime": "2024-01-19 00:56:30", "elapsed": 2698.163188, "delta": 0.002752}}
{"target": -15.792886828783072, "params": {"gamma": 125.49036906353517, "log10_alpha": -4.81875947361592, "log10_colsample_bytree": -0.08349410063494467, "log10_eta": -0.1499012606485075, "log10_lambda": 0.513204708675957, "log10_min_child_weight": 0.3790484876011252, "log10_subsample": -0.4687689179616016, "max_depth": 7.0, "num_boost_round": 31.0}, "datetime": {"datetime": "2024-01-19 00:56:30", "elapsed": 2698.165899, "delta": 0.002711}}
{"target": -15.809455766642184, "params": {"gamma": 125.49036906353517, "log10_alpha": -4.81875947361592, "log10_colsample_bytree": -0.08349410063494467, "log10_eta": -0.1499012606485075, "log10_lambda": 0.513204708675957, "log10_min_child_weight": 0.3790484876011252, "log10_subsample": -0.4687689179616016, "max_depth": 7.0, "num_boost_round": 32.0}, "datetime": {"datetime": "2024-01-19 00:56:30", "elapsed": 2698.16861, "delta": 0.002711}}
{"target": -15.838217258112302, "params": {"gamma": 125.49036906353517, "log10_alpha": -4.81875947361592, "log10_colsample_bytree": -0.08349410063494467, "log10_eta": -0.1499012606485075, "log10_lambda": 0.513204708675957, "log10_min_child_weight": 0.3790484876011252, "log10_subsample": -0.4687689179616016, "max_depth": 7.0, "num_boost_round": 33.0}, "datetime": {"datetime": "2024-01-19 00:56:30", "elapsed": 2698.171428, "delta": 0.002818}}
{"target": -15.850929900328147, "params": {"gamma": 125.49036906353517, "log10_alpha": -4.81875947361592, "log10_colsample_bytree": -0.08349410063494467, "log10_eta": -0.1499012606485075, "log10_lambda": 0.513204708675957, "log10_min_child_weight": 0.3790484876011252, "log10_subsample": -0.4687689179616016, "max_depth": 7.0, "num_boost_round": 34.0}, "datetime": {"datetime": "2024-01-19 00:56:30", "elapsed": 2698.17414, "delta": 0.002712}}
{"target": -15.86809833442587, "params": {"gamma": 125.49036906353517, "log10_alpha": -4.81875947361592, "log10_colsample_bytree": -0.08349410063494467, "log10_eta": -0.1499012606485075, "log10_lambda": 0.513204708675957, "log10_min_child_weight": 0.3790484876011252, "log10_subsample": -0.4687689179616016, "max_depth": 7.0, "num_boost_round": 35.0}, "datetime": {"datetime": "2024-01-19 00:56:30", "elapsed": 2698.176859, "delta": 0.002719}}
{"target": -13.758536488141111, "params": {"gamma": 127.359647620509, "log10_alpha": 0.49565455399199365, "log10_colsample_bytree": -0.3192924714486486, "log10_eta": -3.4291011293045885, "log10_lambda": -4.672349390478765, "log10_min_child_weight": 4.883713378871752, "log10_subsample": -0.3440210537448545, "max_depth": 4.0, "num_boost_round": 0.0}, "datetime": {"datetime": "2024-01-19 00:57:05", "elapsed": 2733.199432, "delta": 35.022573}}
{"target": -13.758536663171295, "params": {"gamma": 127.359647620509, "log10_alpha": 0.49565455399199365, "log10_colsample_bytree": -0.3192924714486486, "log10_eta": -3.4291011293045885, "log10_lambda": -4.672349390478765, "log10_min_child_weight": 4.883713378871752, "log10_subsample": -0.3440210537448545, "max_depth": 4.0, "num_boost_round": 1.0}, "datetime": {"datetime": "2024-01-19 00:57:05", "elapsed": 2733.202914, "delta": 0.003482}}
{"target": -13.758536216375628, "params": {"gamma": 127.359647620509, "log10_alpha": 0.49565455399199365, "log10_colsample_bytree": -0.3192924714486486, "log10_eta": -3.4291011293045885, "log10_lambda": -4.672349390478765, "log10_min_child_weight": 4.883713378871752, "log10_subsample": -0.3440210537448545, "max_depth": 4.0, "num_boost_round": 2.0}, "datetime": {"datetime": "2024-01-19 00:57:05", "elapsed": 2733.205736, "delta": 0.002822}}
{"target": -13.758535689012495, "params": {"gamma": 127.359647620509, "log10_alpha": 0.49565455399199365, "log10_colsample_bytree": -0.3192924714486486, "log10_eta": -3.4291011293045885, "log10_lambda": -4.672349390478765, "log10_min_child_weight": 4.883713378871752, "log10_subsample": -0.3440210537448545, "max_depth": 4.0, "num_boost_round": 3.0}, "datetime": {"datetime": "2024-01-19 00:57:05", "elapsed": 2733.208635, "delta": 0.002899}}
{"target": -13.758535547428352, "params": {"gamma": 127.359647620509, "log10_alpha": 0.49565455399199365, "log10_colsample_bytree": -0.3192924714486486, "log10_eta": -3.4291011293045885, "log10_lambda": -4.672349390478765, "log10_min_child_weight": 4.883713378871752, "log10_subsample": -0.3440210537448545, "max_depth": 4.0, "num_boost_round": 4.0}, "datetime": {"datetime": "2024-01-19 00:57:05", "elapsed": 2733.211424, "delta": 0.002789}}
{"target": -13.758534673967048, "params": {"gamma": 127.359647620509, "log10_alpha": 0.49565455399199365, "log10_colsample_bytree": -0.3192924714486486, "log10_eta": -3.4291011293045885, "log10_lambda": -4.672349390478765, "log10_min_child_weight": 4.883713378871752, "log10_subsample": -0.3440210537448545, "max_depth": 4.0, "num_boost_round": 5.0}, "datetime": {"datetime": "2024-01-19 00:57:05", "elapsed": 2733.214236, "delta": 0.002812}}
{"target": -13.758532943169028, "params": {"gamma": 127.359647620509, "log10_alpha": 0.49565455399199365, "log10_colsample_bytree": -0.3192924714486486, "log10_eta": -3.4291011293045885, "log10_lambda": -4.672349390478765, "log10_min_child_weight": 4.883713378871752, "log10_subsample": -0.3440210537448545, "max_depth": 4.0, "num_boost_round": 6.0}, "datetime": {"datetime": "2024-01-19 00:57:05", "elapsed": 2733.217151, "delta": 0.002915}}
{"target": -13.758532549024256, "params": {"gamma": 127.359647620509, "log10_alpha": 0.49565455399199365, "log10_colsample_bytree": -0.3192924714486486, "log10_eta": -3.4291011293045885, "log10_lambda": -4.672349390478765, "log10_min_child_weight": 4.883713378871752, "log10_subsample": -0.3440210537448545, "max_depth": 4.0, "num_boost_round": 7.0}, "datetime": {"datetime": "2024-01-19 00:57:05", "elapsed": 2733.219971, "delta": 0.00282}}
{"target": -13.758530934337374, "params": {"gamma": 127.359647620509, "log10_alpha": 0.49565455399199365, "log10_colsample_bytree": -0.3192924714486486, "log10_eta": -3.4291011293045885, "log10_lambda": -4.672349390478765, "log10_min_child_weight": 4.883713378871752, "log10_subsample": -0.3440210537448545, "max_depth": 4.0, "num_boost_round": 8.0}, "datetime": {"datetime": "2024-01-19 00:57:05", "elapsed": 2733.350122, "delta": 0.130151}}
{"target": -13.758530425658119, "params": {"gamma": 127.359647620509, "log10_alpha": 0.49565455399199365, "log10_colsample_bytree": -0.3192924714486486, "log10_eta": -3.4291011293045885, "log10_lambda": -4.672349390478765, "log10_min_child_weight": 4.883713378871752, "log10_subsample": -0.3440210537448545, "max_depth": 4.0, "num_boost_round": 9.0}, "datetime": {"datetime": "2024-01-19 00:57:05", "elapsed": 2733.353695, "delta": 0.003573}}
{"target": -13.758528735202074, "params": {"gamma": 127.359647620509, "log10_alpha": 0.49565455399199365, "log10_colsample_bytree": -0.3192924714486486, "log10_eta": -3.4291011293045885, "log10_lambda": -4.672349390478765, "log10_min_child_weight": 4.883713378871752, "log10_subsample": -0.3440210537448545, "max_depth": 4.0, "num_boost_round": 10.0}, "datetime": {"datetime": "2024-01-19 00:57:05", "elapsed": 2733.357011, "delta": 0.003316}}
{"target": -13.758527462837122, "params": {"gamma": 127.359647620509, "log10_alpha": 0.49565455399199365, "log10_colsample_bytree": -0.3192924714486486, "log10_eta": -3.4291011293045885, "log10_lambda": -4.672349390478765, "log10_min_child_weight": 4.883713378871752, "log10_subsample": -0.3440210537448545, "max_depth": 4.0, "num_boost_round": 11.0}, "datetime": {"datetime": "2024-01-19 00:57:05", "elapsed": 2733.360133, "delta": 0.003122}}
{"target": -13.758526281259607, "params": {"gamma": 127.359647620509, "log10_alpha": 0.49565455399199365, "log10_colsample_bytree": -0.3192924714486486, "log10_eta": -3.4291011293045885, "log10_lambda": -4.672349390478765, "log10_min_child_weight": 4.883713378871752, "log10_subsample": -0.3440210537448545, "max_depth": 4.0, "num_boost_round": 12.0}, "datetime": {"datetime": "2024-01-19 00:57:05", "elapsed": 2733.36307, "delta": 0.002937}}
{"target": -13.75852540887164, "params": {"gamma": 127.359647620509, "log10_alpha": 0.49565455399199365, "log10_colsample_bytree": -0.3192924714486486, "log10_eta": -3.4291011293045885, "log10_lambda": -4.672349390478765, "log10_min_child_weight": 4.883713378871752, "log10_subsample": -0.3440210537448545, "max_depth": 4.0, "num_boost_round": 13.0}, "datetime": {"datetime": "2024-01-19 00:57:05", "elapsed": 2733.365952, "delta": 0.002882}}
{"target": -13.758525003840912, "params": {"gamma": 127.359647620509, "log10_alpha": 0.49565455399199365, "log10_colsample_bytree": -0.3192924714486486, "log10_eta": -3.4291011293045885, "log10_lambda": -4.672349390478765, "log10_min_child_weight": 4.883713378871752, "log10_subsample": -0.3440210537448545, "max_depth": 4.0, "num_boost_round": 14.0}, "datetime": {"datetime": "2024-01-19 00:57:05", "elapsed": 2733.368978, "delta": 0.003026}}
{"target": -13.758523113323015, "params": {"gamma": 127.359647620509, "log10_alpha": 0.49565455399199365, "log10_colsample_bytree": -0.3192924714486486, "log10_eta": -3.4291011293045885, "log10_lambda": -4.672349390478765, "log10_min_child_weight": 4.883713378871752, "log10_subsample": -0.3440210537448545, "max_depth": 4.0, "num_boost_round": 15.0}, "datetime": {"datetime": "2024-01-19 00:57:05", "elapsed": 2733.371984, "delta": 0.003006}}
{"target": -13.758520875376748, "params": {"gamma": 127.359647620509, "log10_alpha": 0.49565455399199365, "log10_colsample_bytree": -0.3192924714486486, "log10_eta": -3.4291011293045885, "log10_lambda": -4.672349390478765, "log10_min_child_weight": 4.883713378871752, "log10_subsample": -0.3440210537448545, "max_depth": 4.0, "num_boost_round": 16.0}, "datetime": {"datetime": "2024-01-19 00:57:05", "elapsed": 2733.374948, "delta": 0.002964}}
{"target": -13.758521397174354, "params": {"gamma": 127.359647620509, "log10_alpha": 0.49565455399199365, "log10_colsample_bytree": -0.3192924714486486, "log10_eta": -3.4291011293045885, "log10_lambda": -4.672349390478765, "log10_min_child_weight": 4.883713378871752, "log10_subsample": -0.3440210537448545, "max_depth": 4.0, "num_boost_round": 17.0}, "datetime": {"datetime": "2024-01-19 00:57:05", "elapsed": 2733.377985, "delta": 0.003037}}
{"target": -13.75851999367644, "params": {"gamma": 127.359647620509, "log10_alpha": 0.49565455399199365, "log10_colsample_bytree": -0.3192924714486486, "log10_eta": -3.4291011293045885, "log10_lambda": -4.672349390478765, "log10_min_child_weight": 4.883713378871752, "log10_subsample": -0.3440210537448545, "max_depth": 4.0, "num_boost_round": 18.0}, "datetime": {"datetime": "2024-01-19 00:57:05", "elapsed": 2733.380964, "delta": 0.002979}}
{"target": -13.758517801873644, "params": {"gamma": 127.359647620509, "log10_alpha": 0.49565455399199365, "log10_colsample_bytree": -0.3192924714486486, "log10_eta": -3.4291011293045885, "log10_lambda": -4.672349390478765, "log10_min_child_weight": 4.883713378871752, "log10_subsample": -0.3440210537448545, "max_depth": 4.0, "num_boost_round": 19.0}, "datetime": {"datetime": "2024-01-19 00:57:05", "elapsed": 2733.383901, "delta": 0.002937}}
{"target": -13.758515325621355, "params": {"gamma": 127.359647620509, "log10_alpha": 0.49565455399199365, "log10_colsample_bytree": -0.3192924714486486, "log10_eta": -3.4291011293045885, "log10_lambda": -4.672349390478765, "log10_min_child_weight": 4.883713378871752, "log10_subsample": -0.3440210537448545, "max_depth": 4.0, "num_boost_round": 20.0}, "datetime": {"datetime": "2024-01-19 00:57:05", "elapsed": 2733.386843, "delta": 0.002942}}
{"target": -13.758513096620247, "params": {"gamma": 127.359647620509, "log10_alpha": 0.49565455399199365, "log10_colsample_bytree": -0.3192924714486486, "log10_eta": -3.4291011293045885, "log10_lambda": -4.672349390478765, "log10_min_child_weight": 4.883713378871752, "log10_subsample": -0.3440210537448545, "max_depth": 4.0, "num_boost_round": 21.0}, "datetime": {"datetime": "2024-01-19 00:57:05", "elapsed": 2733.389855, "delta": 0.003012}}
{"target": -13.758510283481192, "params": {"gamma": 127.359647620509, "log10_alpha": 0.49565455399199365, "log10_colsample_bytree": -0.3192924714486486, "log10_eta": -3.4291011293045885, "log10_lambda": -4.672349390478765, "log10_min_child_weight": 4.883713378871752, "log10_subsample": -0.3440210537448545, "max_depth": 4.0, "num_boost_round": 22.0}, "datetime": {"datetime": "2024-01-19 00:57:05", "elapsed": 2733.392794, "delta": 0.002939}}
{"target": -13.758509738264847, "params": {"gamma": 127.359647620509, "log10_alpha": 0.49565455399199365, "log10_colsample_bytree": -0.3192924714486486, "log10_eta": -3.4291011293045885, "log10_lambda": -4.672349390478765, "log10_min_child_weight": 4.883713378871752, "log10_subsample": -0.3440210537448545, "max_depth": 4.0, "num_boost_round": 23.0}, "datetime": {"datetime": "2024-01-19 00:57:05", "elapsed": 2733.395799, "delta": 0.003005}}
{"target": -13.758515458532605, "params": {"gamma": 121.99101299107772, "log10_alpha": 0.5121545792080298, "log10_colsample_bytree": -0.8984794602136749, "log10_eta": -2.4933851407969962, "log10_lambda": -4.672898496006646, "log10_min_child_weight": 4.143884504558946, "log10_subsample": -0.42880503947982096, "max_depth": 6.0, "num_boost_round": 0.0}, "datetime": {"datetime": "2024-01-19 00:57:42", "elapsed": 2770.550839, "delta": 37.15504}}
{"target": -13.758500465510014, "params": {"gamma": 121.99101299107772, "log10_alpha": 0.5121545792080298, "log10_colsample_bytree": -0.8984794602136749, "log10_eta": -2.4933851407969962, "log10_lambda": -4.672898496006646, "log10_min_child_weight": 4.143884504558946, "log10_subsample": -0.42880503947982096, "max_depth": 6.0, "num_boost_round": 1.0}, "datetime": {"datetime": "2024-01-19 00:57:42", "elapsed": 2770.55402, "delta": 0.003181}}
{"target": -13.758484313961048, "params": {"gamma": 121.99101299107772, "log10_alpha": 0.5121545792080298, "log10_colsample_bytree": -0.8984794602136749, "log10_eta": -2.4933851407969962, "log10_lambda": -4.672898496006646, "log10_min_child_weight": 4.143884504558946, "log10_subsample": -0.42880503947982096, "max_depth": 6.0, "num_boost_round": 2.0}, "datetime": {"datetime": "2024-01-19 00:57:42", "elapsed": 2770.557037, "delta": 0.003017}}
{"target": -13.75848036826302, "params": {"gamma": 121.99101299107772, "log10_alpha": 0.5121545792080298, "log10_colsample_bytree": -0.8984794602136749, "log10_eta": -2.4933851407969962, "log10_lambda": -4.672898496006646, "log10_min_child_weight": 4.143884504558946, "log10_subsample": -0.42880503947982096, "max_depth": 6.0, "num_boost_round": 3.0}, "datetime": {"datetime": "2024-01-19 00:57:42", "elapsed": 2770.560114, "delta": 0.003077}}
{"target": -13.758482745193751, "params": {"gamma": 121.99101299107772, "log10_alpha": 0.5121545792080298, "log10_colsample_bytree": -0.8984794602136749, "log10_eta": -2.4933851407969962, "log10_lambda": -4.672898496006646, "log10_min_child_weight": 4.143884504558946, "log10_subsample": -0.42880503947982096, "max_depth": 6.0, "num_boost_round": 4.0}, "datetime": {"datetime": "2024-01-19 00:57:42", "elapsed": 2770.564158, "delta": 0.004044}}
{"target": -13.758471038577069, "params": {"gamma": 121.99101299107772, "log10_alpha": 0.5121545792080298, "log10_colsample_bytree": -0.8984794602136749, "log10_eta": -2.4933851407969962, "log10_lambda": -4.672898496006646, "log10_min_child_weight": 4.143884504558946, "log10_subsample": -0.42880503947982096, "max_depth": 6.0, "num_boost_round": 5.0}, "datetime": {"datetime": "2024-01-19 00:57:42", "elapsed": 2770.567207, "delta": 0.003049}}
{"target": -13.75850019669748, "params": {"gamma": 121.99101299107772, "log10_alpha": 0.5121545792080298, "log10_colsample_bytree": -0.8984794602136749, "log10_eta": -2.4933851407969962, "log10_lambda": -4.672898496006646, "log10_min_child_weight": 4.143884504558946, "log10_subsample": -0.42880503947982096, "max_depth": 6.0, "num_boost_round": 6.0}, "datetime": {"datetime": "2024-01-19 00:57:42", "elapsed": 2770.570144, "delta": 0.002937}}
{"target": -13.758476022065581, "params": {"gamma": 121.99101299107772, "log10_alpha": 0.5121545792080298, "log10_colsample_bytree": -0.8984794602136749, "log10_eta": -2.4933851407969962, "log10_lambda": -4.672898496006646, "log10_min_child_weight": 4.143884504558946, "log10_subsample": -0.42880503947982096, "max_depth": 6.0, "num_boost_round": 7.0}, "datetime": {"datetime": "2024-01-19 00:57:43", "elapsed": 2770.573122, "delta": 0.002978}}
{"target": -13.758480156387687, "params": {"gamma": 121.99101299107772, "log10_alpha": 0.5121545792080298, "log10_colsample_bytree": -0.8984794602136749, "log10_eta": -2.4933851407969962, "log10_lambda": -4.672898496006646, "log10_min_child_weight": 4.143884504558946, "log10_subsample": -0.42880503947982096, "max_depth": 6.0, "num_boost_round": 8.0}, "datetime": {"datetime": "2024-01-19 00:57:43", "elapsed": 2770.576073, "delta": 0.002951}}
{"target": -13.758486828757936, "params": {"gamma": 121.99101299107772, "log10_alpha": 0.5121545792080298, "log10_colsample_bytree": -0.8984794602136749, "log10_eta": -2.4933851407969962, "log10_lambda": -4.672898496006646, "log10_min_child_weight": 4.143884504558946, "log10_subsample": -0.42880503947982096, "max_depth": 6.0, "num_boost_round": 9.0}, "datetime": {"datetime": "2024-01-19 00:57:43", "elapsed": 2770.579051, "delta": 0.002978}}
