{"target": -17.675286022611026, "params": {"gamma": 34.68142920776973, "log10_alpha": 0.01952453980151514, "log10_colsample_bytree": -0.9561619945464802, "log10_eta": -1.6883403482723982, "log10_lambda": -3.604045935039993, "log10_min_child_weight": 4.421583993176231, "log10_subsample": -0.14064490842180433, "max_depth": 7.0, "num_boost_round": 24.0}, "datetime": {"datetime": "2024-01-19 02:23:24", "elapsed": 7957.786916, "delta": 0.005908}}
{"target": -17.675236338917614, "params": {"gamma": 34.68142920776973, "log10_alpha": 0.01952453980151514, "log10_colsample_bytree": -0.9561619945464802, "log10_eta": -1.6883403482723982, "log10_lambda": -3.604045935039993, "log10_min_child_weight": 4.421583993176231, "log10_subsample": -0.14064490842180433, "max_depth": 7.0, "num_boost_round": 25.0}, "datetime": {"datetime": "2024-01-19 02:23:24", "elapsed": 7957.792809, "delta": 0.005893}}
{"target": -17.67543075215208, "params": {"gamma": 34.68142920776973, "log10_alpha": 0.01952453980151514, "log10_colsample_bytree": -0.9561619945464802, "log10_eta": -1.6883403482723982, "log10_lambda": -3.604045935039993, "log10_min_child_weight": 4.421583993176231, "log10_subsample": -0.14064490842180433, "max_depth": 7.0, "num_boost_round": 26.0}, "datetime": {"datetime": "2024-01-19 02:23:24", "elapsed": 7957.798647, "delta": 0.005838}}
{"target": -17.675498942933686, "params": {"gamma": 34.68142920776973, "log10_alpha": 0.01952453980151514, "log10_colsample_bytree": -0.9561619945464802, "log10_eta": -1.6883403482723982, "log10_lambda": -3.604045935039993, "log10_min_child_weight": 4.421583993176231, "log10_subsample": -0.14064490842180433, "max_depth": 7.0, "num_boost_round": 27.0}, "datetime": {"datetime": "2024-01-19 02:23:24", "elapsed": 7957.804299, "delta": 0.005652}}
{"target": -17.675320119919668, "params": {"gamma": 34.68142920776973, "log10_alpha": 0.01952453980151514, "log10_colsample_bytree": -0.9561619945464802, "log10_eta": -1.6883403482723982, "log10_lambda": -3.604045935039993, "log10_min_child_weight": 4.421583993176231, "log10_subsample": -0.14064490842180433, "max_depth": 7.0, "num_boost_round": 28.0}, "datetime": {"datetime": "2024-01-19 02:23:24", "elapsed": 7957.810134, "delta": 0.005835}}
{"target": -17.67551692440062, "params": {"gamma": 34.68142920776973, "log10_alpha": 0.01952453980151514, "log10_colsample_bytree": -0.9561619945464802, "log10_eta": -1.6883403482723982, "log10_lambda": -3.604045935039993, "log10_min_child_weight": 4.421583993176231, "log10_subsample": -0.14064490842180433, "max_depth": 7.0, "num_boost_round": 29.0}, "datetime": {"datetime": "2024-01-19 02:23:24", "elapsed": 7957.816025, "delta": 0.005891}}
{"target": -17.675493934643075, "params": {"gamma": 34.68142920776973, "log10_alpha": 0.01952453980151514, "log10_colsample_bytree": -0.9561619945464802, "log10_eta": -1.6883403482723982, "log10_lambda": -3.604045935039993, "log10_min_child_weight": 4.421583993176231, "log10_subsample": -0.14064490842180433, "max_depth": 7.0, "num_boost_round": 30.0}, "datetime": {"datetime": "2024-01-19 02:23:24", "elapsed": 7957.822094, "delta": 0.006069}}
{"target": -17.675538838200314, "params": {"gamma": 34.68142920776973, "log10_alpha": 0.01952453980151514, "log10_colsample_bytree": -0.9561619945464802, "log10_eta": -1.6883403482723982, "log10_lambda": -3.604045935039993, "log10_min_child_weight": 4.421583993176231, "log10_subsample": -0.14064490842180433, "max_depth": 7.0, "num_boost_round": 31.0}, "datetime": {"datetime": "2024-01-19 02:23:24", "elapsed": 7957.827914, "delta": 0.00582}}
{"target": -17.676171503803605, "params": {"gamma": 34.68142920776973, "log10_alpha": 0.01952453980151514, "log10_colsample_bytree": -0.9561619945464802, "log10_eta": -1.6883403482723982, "log10_lambda": -3.604045935039993, "log10_min_child_weight": 4.421583993176231, "log10_subsample": -0.14064490842180433, "max_depth": 7.0, "num_boost_round": 32.0}, "datetime": {"datetime": "2024-01-19 02:23:24", "elapsed": 7957.833761, "delta": 0.005847}}
{"target": -17.676464443840125, "params": {"gamma": 34.68142920776973, "log10_alpha": 0.01952453980151514, "log10_colsample_bytree": -0.9561619945464802, "log10_eta": -1.6883403482723982, "log10_lambda": -3.604045935039993, "log10_min_child_weight": 4.421583993176231, "log10_subsample": -0.14064490842180433, "max_depth": 7.0, "num_boost_round": 33.0}, "datetime": {"datetime": "2024-01-19 02:23:24", "elapsed": 7957.839473, "delta": 0.005712}}
{"target": -17.676417263584167, "params": {"gamma": 34.68142920776973, "log10_alpha": 0.01952453980151514, "log10_colsample_bytree": -0.9561619945464802, "log10_eta": -1.6883403482723982, "log10_lambda": -3.604045935039993, "log10_min_child_weight": 4.421583993176231, "log10_subsample": -0.14064490842180433, "max_depth": 7.0, "num_boost_round": 34.0}, "datetime": {"datetime": "2024-01-19 02:23:24", "elapsed": 7957.845276, "delta": 0.005803}}
{"target": -17.676635721058613, "params": {"gamma": 34.68142920776973, "log10_alpha": 0.01952453980151514, "log10_colsample_bytree": -0.9561619945464802, "log10_eta": -1.6883403482723982, "log10_lambda": -3.604045935039993, "log10_min_child_weight": 4.421583993176231, "log10_subsample": -0.14064490842180433, "max_depth": 7.0, "num_boost_round": 35.0}, "datetime": {"datetime": "2024-01-19 02:23:24", "elapsed": 7957.851112, "delta": 0.005836}}
{"target": -17.67663698914499, "params": {"gamma": 34.68142920776973, "log10_alpha": 0.01952453980151514, "log10_colsample_bytree": -0.9561619945464802, "log10_eta": -1.6883403482723982, "log10_lambda": -3.604045935039993, "log10_min_child_weight": 4.421583993176231, "log10_subsample": -0.14064490842180433, "max_depth": 7.0, "num_boost_round": 36.0}, "datetime": {"datetime": "2024-01-19 02:23:24", "elapsed": 7957.856836, "delta": 0.005724}}
{"target": -17.676824401993514, "params": {"gamma": 34.68142920776973, "log10_alpha": 0.01952453980151514, "log10_colsample_bytree": -0.9561619945464802, "log10_eta": -1.6883403482723982, "log10_lambda": -3.604045935039993, "log10_min_child_weight": 4.421583993176231, "log10_subsample": -0.14064490842180433, "max_depth": 7.0, "num_boost_round": 37.0}, "datetime": {"datetime": "2024-01-19 02:23:24", "elapsed": 7957.862709, "delta": 0.005873}}
{"target": -17.67688606765998, "params": {"gamma": 34.68142920776973, "log10_alpha": 0.01952453980151514, "log10_colsample_bytree": -0.9561619945464802, "log10_eta": -1.6883403482723982, "log10_lambda": -3.604045935039993, "log10_min_child_weight": 4.421583993176231, "log10_subsample": -0.14064490842180433, "max_depth": 7.0, "num_boost_round": 38.0}, "datetime": {"datetime": "2024-01-19 02:23:24", "elapsed": 7957.868449, "delta": 0.00574}}
{"target": -17.67701953826489, "params": {"gamma": 34.68142920776973, "log10_alpha": 0.01952453980151514, "log10_colsample_bytree": -0.9561619945464802, "log10_eta": -1.6883403482723982, "log10_lambda": -3.604045935039993, "log10_min_child_weight": 4.421583993176231, "log10_subsample": -0.14064490842180433, "max_depth": 7.0, "num_boost_round": 39.0}, "datetime": {"datetime": "2024-01-19 02:23:24", "elapsed": 7957.944916, "delta": 0.076467}}
{"target": -17.67712723041058, "params": {"gamma": 34.68142920776973, "log10_alpha": 0.01952453980151514, "log10_colsample_bytree": -0.9561619945464802, "log10_eta": -1.6883403482723982, "log10_lambda": -3.604045935039993, "log10_min_child_weight": 4.421583993176231, "log10_subsample": -0.14064490842180433, "max_depth": 7.0, "num_boost_round": 40.0}, "datetime": {"datetime": "2024-01-19 02:23:24", "elapsed": 7957.951645, "delta": 0.006729}}
{"target": -17.677423416286192, "params": {"gamma": 34.68142920776973, "log10_alpha": 0.01952453980151514, "log10_colsample_bytree": -0.9561619945464802, "log10_eta": -1.6883403482723982, "log10_lambda": -3.604045935039993, "log10_min_child_weight": 4.421583993176231, "log10_subsample": -0.14064490842180433, "max_depth": 7.0, "num_boost_round": 41.0}, "datetime": {"datetime": "2024-01-19 02:23:24", "elapsed": 7957.95765, "delta": 0.006005}}
{"target": -17.677529266916096, "params": {"gamma": 34.68142920776973, "log10_alpha": 0.01952453980151514, "log10_colsample_bytree": -0.9561619945464802, "log10_eta": -1.6883403482723982, "log10_lambda": -3.604045935039993, "log10_min_child_weight": 4.421583993176231, "log10_subsample": -0.14064490842180433, "max_depth": 7.0, "num_boost_round": 42.0}, "datetime": {"datetime": "2024-01-19 02:23:24", "elapsed": 7957.963475, "delta": 0.005825}}
{"target": -17.677436285000038, "params": {"gamma": 34.68142920776973, "log10_alpha": 0.01952453980151514, "log10_colsample_bytree": -0.9561619945464802, "log10_eta": -1.6883403482723982, "log10_lambda": -3.604045935039993, "log10_min_child_weight": 4.421583993176231, "log10_subsample": -0.14064490842180433, "max_depth": 7.0, "num_boost_round": 43.0}, "datetime": {"datetime": "2024-01-19 02:23:24", "elapsed": 7957.970063, "delta": 0.006588}}
{"target": -17.677398769663068, "params": {"gamma": 34.68142920776973, "log10_alpha": 0.01952453980151514, "log10_colsample_bytree": -0.9561619945464802, "log10_eta": -1.6883403482723982, "log10_lambda": -3.604045935039993, "log10_min_child_weight": 4.421583993176231, "log10_subsample": -0.14064490842180433, "max_depth": 7.0, "num_boost_round": 44.0}, "datetime": {"datetime": "2024-01-19 02:23:24", "elapsed": 7957.975939, "delta": 0.005876}}
{"target": -17.677508811796386, "params": {"gamma": 34.68142920776973, "log10_alpha": 0.01952453980151514, "log10_colsample_bytree": -0.9561619945464802, "log10_eta": -1.6883403482723982, "log10_lambda": -3.604045935039993, "log10_min_child_weight": 4.421583993176231, "log10_subsample": -0.14064490842180433, "max_depth": 7.0, "num_boost_round": 45.0}, "datetime": {"datetime": "2024-01-19 02:23:24", "elapsed": 7957.982132, "delta": 0.006193}}
{"target": -17.677729444531913, "params": {"gamma": 34.68142920776973, "log10_alpha": 0.01952453980151514, "log10_colsample_bytree": -0.9561619945464802, "log10_eta": -1.6883403482723982, "log10_lambda": -3.604045935039993, "log10_min_child_weight": 4.421583993176231, "log10_subsample": -0.14064490842180433, "max_depth": 7.0, "num_boost_round": 46.0}, "datetime": {"datetime": "2024-01-19 02:23:24", "elapsed": 7957.988177, "delta": 0.006045}}
{"target": -17.677497871965283, "params": {"gamma": 34.68142920776973, "log10_alpha": 0.01952453980151514, "log10_colsample_bytree": -0.9561619945464802, "log10_eta": -1.6883403482723982, "log10_lambda": -3.604045935039993, "log10_min_child_weight": 4.421583993176231, "log10_subsample": -0.14064490842180433, "max_depth": 7.0, "num_boost_round": 47.0}, "datetime": {"datetime": "2024-01-19 02:23:24", "elapsed": 7957.994232, "delta": 0.006055}}
{"target": -17.677784130581767, "params": {"gamma": 34.68142920776973, "log10_alpha": 0.01952453980151514, "log10_colsample_bytree": -0.9561619945464802, "log10_eta": -1.6883403482723982, "log10_lambda": -3.604045935039993, "log10_min_child_weight": 4.421583993176231, "log10_subsample": -0.14064490842180433, "max_depth": 7.0, "num_boost_round": 48.0}, "datetime": {"datetime": "2024-01-19 02:23:24", "elapsed": 7958.000071, "delta": 0.005839}}
{"target": -17.677226953096785, "params": {"gamma": 63.381361565520876, "log10_alpha": 0.3987573342085753, "log10_colsample_bytree": -0.005167782743095817, "log10_eta": -3.9837213680036174, "log10_lambda": -4.764098349096068, "log10_min_child_weight": 2.9577893399246458, "log10_subsample": -0.9543203170071622, "max_depth": 9.0, "num_boost_round": 0.0}, "datetime": {"datetime": "2024-01-19 02:24:27", "elapsed": 8021.185899, "delta": 63.185828}}
{"target": -17.677224657907868, "params": {"gamma": 63.381361565520876, "log10_alpha": 0.3987573342085753, "log10_colsample_bytree": -0.005167782743095817, "log10_eta": -3.9837213680036174, "log10_lambda": -4.764098349096068, "log10_min_child_weight": 2.9577893399246458, "log10_subsample": -0.9543203170071622, "max_depth": 9.0, "num_boost_round": 1.0}, "datetime": {"datetime": "2024-01-19 02:24:27", "elapsed": 8021.191673, "delta": 0.005774}}
{"target": -17.677220268159196, "params": {"gamma": 63.381361565520876, "log10_alpha": 0.3987573342085753, "log10_colsample_bytree": -0.005167782743095817, "log10_eta": -3.9837213680036174, "log10_lambda": -4.764098349096068, "log10_min_child_weight": 2.9577893399246458, "log10_subsample": -0.9543203170071622, "max_depth": 9.0, "num_boost_round": 2.0}, "datetime": {"datetime": "2024-01-19 02:24:27", "elapsed": 8021.197247, "delta": 0.005574}}
{"target": -17.677221770617443, "params": {"gamma": 63.381361565520876, "log10_alpha": 0.3987573342085753, "log10_colsample_bytree": -0.005167782743095817, "log10_eta": -3.9837213680036174, "log10_lambda": -4.764098349096068, "log10_min_child_weight": 2.9577893399246458, "log10_subsample": -0.9543203170071622, "max_depth": 9.0, "num_boost_round": 3.0}, "datetime": {"datetime": "2024-01-19 02:24:27", "elapsed": 8021.202724, "delta": 0.005477}}
{"target": -17.677218122093212, "params": {"gamma": 63.381361565520876, "log10_alpha": 0.3987573342085753, "log10_colsample_bytree": -0.005167782743095817, "log10_eta": -3.9837213680036174, "log10_lambda": -4.764098349096068, "log10_min_child_weight": 2.9577893399246458, "log10_subsample": -0.9543203170071622, "max_depth": 9.0, "num_boost_round": 4.0}, "datetime": {"datetime": "2024-01-19 02:24:27", "elapsed": 8021.208478, "delta": 0.005754}}
{"target": -17.67721978641203, "params": {"gamma": 63.381361565520876, "log10_alpha": 0.3987573342085753, "log10_colsample_bytree": -0.005167782743095817, "log10_eta": -3.9837213680036174, "log10_lambda": -4.764098349096068, "log10_min_child_weight": 2.9577893399246458, "log10_subsample": -0.9543203170071622, "max_depth": 9.0, "num_boost_round": 5.0}, "datetime": {"datetime": "2024-01-19 02:24:27", "elapsed": 8021.214383, "delta": 0.005905}}
{"target": -17.677218597881712, "params": {"gamma": 63.381361565520876, "log10_alpha": 0.3987573342085753, "log10_colsample_bytree": -0.005167782743095817, "log10_eta": -3.9837213680036174, "log10_lambda": -4.764098349096068, "log10_min_child_weight": 2.9577893399246458, "log10_subsample": -0.9543203170071622, "max_depth": 9.0, "num_boost_round": 6.0}, "datetime": {"datetime": "2024-01-19 02:24:27", "elapsed": 8021.220076, "delta": 0.005693}}
{"target": -17.677213663440458, "params": {"gamma": 63.381361565520876, "log10_alpha": 0.3987573342085753, "log10_colsample_bytree": -0.005167782743095817, "log10_eta": -3.9837213680036174, "log10_lambda": -4.764098349096068, "log10_min_child_weight": 2.9577893399246458, "log10_subsample": -0.9543203170071622, "max_depth": 9.0, "num_boost_round": 7.0}, "datetime": {"datetime": "2024-01-19 02:24:27", "elapsed": 8021.225658, "delta": 0.005582}}
{"target": -17.677209689052695, "params": {"gamma": 63.381361565520876, "log10_alpha": 0.3987573342085753, "log10_colsample_bytree": -0.005167782743095817, "log10_eta": -3.9837213680036174, "log10_lambda": -4.764098349096068, "log10_min_child_weight": 2.9577893399246458, "log10_subsample": -0.9543203170071622, "max_depth": 9.0, "num_boost_round": 8.0}, "datetime": {"datetime": "2024-01-19 02:24:27", "elapsed": 8021.231309, "delta": 0.005651}}
{"target": -17.67720408878229, "params": {"gamma": 63.381361565520876, "log10_alpha": 0.3987573342085753, "log10_colsample_bytree": -0.005167782743095817, "log10_eta": -3.9837213680036174, "log10_lambda": -4.764098349096068, "log10_min_child_weight": 2.9577893399246458, "log10_subsample": -0.9543203170071622, "max_depth": 9.0, "num_boost_round": 9.0}, "datetime": {"datetime": "2024-01-19 02:24:27", "elapsed": 8021.237185, "delta": 0.005876}}
{"target": -17.677198438746757, "params": {"gamma": 63.381361565520876, "log10_alpha": 0.3987573342085753, "log10_colsample_bytree": -0.005167782743095817, "log10_eta": -3.9837213680036174, "log10_lambda": -4.764098349096068, "log10_min_child_weight": 2.9577893399246458, "log10_subsample": -0.9543203170071622, "max_depth": 9.0, "num_boost_round": 10.0}, "datetime": {"datetime": "2024-01-19 02:24:27", "elapsed": 8021.242642, "delta": 0.005457}}
{"target": -17.67719687372764, "params": {"gamma": 63.381361565520876, "log10_alpha": 0.3987573342085753, "log10_colsample_bytree": -0.005167782743095817, "log10_eta": -3.9837213680036174, "log10_lambda": -4.764098349096068, "log10_min_child_weight": 2.9577893399246458, "log10_subsample": -0.9543203170071622, "max_depth": 9.0, "num_boost_round": 11.0}, "datetime": {"datetime": "2024-01-19 02:24:27", "elapsed": 8021.248122, "delta": 0.00548}}
{"target": -17.67718780714045, "params": {"gamma": 63.381361565520876, "log10_alpha": 0.3987573342085753, "log10_colsample_bytree": -0.005167782743095817, "log10_eta": -3.9837213680036174, "log10_lambda": -4.764098349096068, "log10_min_child_weight": 2.9577893399246458, "log10_subsample": -0.9543203170071622, "max_depth": 9.0, "num_boost_round": 12.0}, "datetime": {"datetime": "2024-01-19 02:24:27", "elapsed": 8021.25354, "delta": 0.005418}}
{"target": -17.677227636601287, "params": {"gamma": 43.81331758916496, "log10_alpha": -4.911075213093414, "log10_colsample_bytree": -0.45068750202427554, "log10_eta": -3.9149910548050992, "log10_lambda": -4.619643539774752, "log10_min_child_weight": 0.21886263667410644, "log10_subsample": -0.3999650892223138, "max_depth": 8.0, "num_boost_round": 0.0}, "datetime": {"datetime": "2024-01-19 02:26:16", "elapsed": 8130.161722, "delta": 108.908182}}
{"target": -17.67722000119767, "params": {"gamma": 43.81331758916496, "log10_alpha": -4.911075213093414, "log10_colsample_bytree": -0.45068750202427554, "log10_eta": -3.9149910548050992, "log10_lambda": -4.619643539774752, "log10_min_child_weight": 0.21886263667410644, "log10_subsample": -0.3999650892223138, "max_depth": 8.0, "num_boost_round": 1.0}, "datetime": {"datetime": "2024-01-19 02:26:16", "elapsed": 8130.168121, "delta": 0.006399}}
{"target": -17.677217475238052, "params": {"gamma": 43.81331758916496, "log10_alpha": -4.911075213093414, "log10_colsample_bytree": -0.45068750202427554, "log10_eta": -3.9149910548050992, "log10_lambda": -4.619643539774752, "log10_min_child_weight": 0.21886263667410644, "log10_subsample": -0.3999650892223138, "max_depth": 8.0, "num_boost_round": 2.0}, "datetime": {"datetime": "2024-01-19 02:26:16", "elapsed": 8130.173897, "delta": 0.005776}}
{"target": -17.67721387161714, "params": {"gamma": 43.81331758916496, "log10_alpha": -4.911075213093414, "log10_colsample_bytree": -0.45068750202427554, "log10_eta": -3.9149910548050992, "log10_lambda": -4.619643539774752, "log10_min_child_weight": 0.21886263667410644, "log10_subsample": -0.3999650892223138, "max_depth": 8.0, "num_boost_round": 3.0}, "datetime": {"datetime": "2024-01-19 02:26:16", "elapsed": 8130.179554, "delta": 0.005657}}
{"target": -17.67720303922759, "params": {"gamma": 43.81331758916496, "log10_alpha": -4.911075213093414, "log10_colsample_bytree": -0.45068750202427554, "log10_eta": -3.9149910548050992, "log10_lambda": -4.619643539774752, "log10_min_child_weight": 0.21886263667410644, "log10_subsample": -0.3999650892223138, "max_depth": 8.0, "num_boost_round": 4.0}, "datetime": {"datetime": "2024-01-19 02:26:16", "elapsed": 8130.185163, "delta": 0.005609}}
{"target": -17.677194613350444, "params": {"gamma": 43.81331758916496, "log10_alpha": -4.911075213093414, "log10_colsample_bytree": -0.45068750202427554, "log10_eta": -3.9149910548050992, "log10_lambda": -4.619643539774752, "log10_min_child_weight": 0.21886263667410644, "log10_subsample": -0.3999650892223138, "max_depth": 8.0, "num_boost_round": 5.0}, "datetime": {"datetime": "2024-01-19 02:26:16", "elapsed": 8130.191135, "delta": 0.005972}}
{"target": -17.67718149723967, "params": {"gamma": 43.81331758916496, "log10_alpha": -4.911075213093414, "log10_colsample_bytree": -0.45068750202427554, "log10_eta": -3.9149910548050992, "log10_lambda": -4.619643539774752, "log10_min_child_weight": 0.21886263667410644, "log10_subsample": -0.3999650892223138, "max_depth": 8.0, "num_boost_round": 6.0}, "datetime": {"datetime": "2024-01-19 02:26:16", "elapsed": 8130.196735, "delta": 0.0056}}
{"target": -17.677177482519237, "params": {"gamma": 43.81331758916496, "log10_alpha": -4.911075213093414, "log10_colsample_bytree": -0.45068750202427554, "log10_eta": -3.9149910548050992, "log10_lambda": -4.619643539774752, "log10_min_child_weight": 0.21886263667410644, "log10_subsample": -0.3999650892223138, "max_depth": 8.0, "num_boost_round": 7.0}, "datetime": {"datetime": "2024-01-19 02:26:16", "elapsed": 8130.309012, "delta": 0.112277}}
{"target": -17.677171009229006, "params": {"gamma": 43.81331758916496, "log10_alpha": -4.911075213093414, "log10_colsample_bytree": -0.45068750202427554, "log10_eta": -3.9149910548050992, "log10_lambda": -4.619643539774752, "log10_min_child_weight": 0.21886263667410644, "log10_subsample": -0.3999650892223138, "max_depth": 8.0, "num_boost_round": 8.0}, "datetime": {"datetime": "2024-01-19 02:26:16", "elapsed": 8130.315903, "delta": 0.006891}}
{"target": -17.677165005316706, "params": {"gamma": 43.81331758916496, "log10_alpha": -4.911075213093414, "log10_colsample_bytree": -0.45068750202427554, "log10_eta": -3.9149910548050992, "log10_lambda": -4.619643539774752, "log10_min_child_weight": 0.21886263667410644, "log10_subsample": -0.3999650892223138, "max_depth": 8.0, "num_boost_round": 9.0}, "datetime": {"datetime": "2024-01-19 02:26:16", "elapsed": 8130.321905, "delta": 0.006002}}
{"target": -17.67715994253454, "params": {"gamma": 43.81331758916496, "log10_alpha": -4.911075213093414, "log10_colsample_bytree": -0.45068750202427554, "log10_eta": -3.9149910548050992, "log10_lambda": -4.619643539774752, "log10_min_child_weight": 0.21886263667410644, "log10_subsample": -0.3999650892223138, "max_depth": 8.0, "num_boost_round": 10.0}, "datetime": {"datetime": "2024-01-19 02:26:16", "elapsed": 8130.327725, "delta": 0.00582}}
