{"target": -17.825320117467115, "params": {"gamma": 881.0672309093045, "log10_alpha": -1.406215743087075, "log10_colsample_bytree": -0.5807077588643255, "log10_eta": -0.9508823457033024, "log10_lambda": -2.9598819646426726, "log10_min_child_weight": 1.9129537876102443, "log10_subsample": -0.08164530691062777, "max_depth": 9.0, "num_boost_round": 17.0}, "datetime": {"datetime": "2024-01-19 00:31:45", "elapsed": 1186.382084, "delta": 0.001486}}
{"target": -17.830015288167747, "params": {"gamma": 881.0672309093045, "log10_alpha": -1.406215743087075, "log10_colsample_bytree": -0.5807077588643255, "log10_eta": -0.9508823457033024, "log10_lambda": -2.9598819646426726, "log10_min_child_weight": 1.9129537876102443, "log10_subsample": -0.08164530691062777, "max_depth": 9.0, "num_boost_round": 18.0}, "datetime": {"datetime": "2024-01-19 00:31:45", "elapsed": 1186.383595, "delta": 0.001511}}
{"target": -17.843525313936436, "params": {"gamma": 881.0672309093045, "log10_alpha": -1.406215743087075, "log10_colsample_bytree": -0.5807077588643255, "log10_eta": -0.9508823457033024, "log10_lambda": -2.9598819646426726, "log10_min_child_weight": 1.9129537876102443, "log10_subsample": -0.08164530691062777, "max_depth": 9.0, "num_boost_round": 19.0}, "datetime": {"datetime": "2024-01-19 00:31:45", "elapsed": 1186.385084, "delta": 0.001489}}
{"target": -17.85089766922123, "params": {"gamma": 881.0672309093045, "log10_alpha": -1.406215743087075, "log10_colsample_bytree": -0.5807077588643255, "log10_eta": -0.9508823457033024, "log10_lambda": -2.9598819646426726, "log10_min_child_weight": 1.9129537876102443, "log10_subsample": -0.08164530691062777, "max_depth": 9.0, "num_boost_round": 20.0}, "datetime": {"datetime": "2024-01-19 00:31:45", "elapsed": 1186.386577, "delta": 0.001493}}
{"target": -17.853608223615517, "params": {"gamma": 881.0672309093045, "log10_alpha": -1.406215743087075, "log10_colsample_bytree": -0.5807077588643255, "log10_eta": -0.9508823457033024, "log10_lambda": -2.9598819646426726, "log10_min_child_weight": 1.9129537876102443, "log10_subsample": -0.08164530691062777, "max_depth": 9.0, "num_boost_round": 21.0}, "datetime": {"datetime": "2024-01-19 00:31:45", "elapsed": 1186.388076, "delta": 0.001499}}
{"target": -17.86408022950352, "params": {"gamma": 881.0672309093045, "log10_alpha": -1.406215743087075, "log10_colsample_bytree": -0.5807077588643255, "log10_eta": -0.9508823457033024, "log10_lambda": -2.9598819646426726, "log10_min_child_weight": 1.9129537876102443, "log10_subsample": -0.08164530691062777, "max_depth": 9.0, "num_boost_round": 22.0}, "datetime": {"datetime": "2024-01-19 00:31:45", "elapsed": 1186.38958, "delta": 0.001504}}
{"target": -17.89796153672104, "params": {"gamma": 881.0672309093045, "log10_alpha": -1.406215743087075, "log10_colsample_bytree": -0.5807077588643255, "log10_eta": -0.9508823457033024, "log10_lambda": -2.9598819646426726, "log10_min_child_weight": 1.9129537876102443, "log10_subsample": -0.08164530691062777, "max_depth": 9.0, "num_boost_round": 23.0}, "datetime": {"datetime": "2024-01-19 00:31:45", "elapsed": 1186.39117, "delta": 0.00159}}
{"target": -17.67722812835378, "params": {"gamma": 880.4180909023186, "log10_alpha": -1.1128576544478204, "log10_colsample_bytree": -0.08014234755099603, "log10_eta": -3.9101828467242923, "log10_lambda": -4.5500980024679265, "log10_min_child_weight": 2.45217569273548, "log10_subsample": -0.602387787093326, "max_depth": 9.0, "num_boost_round": 0.0}, "datetime": {"datetime": "2024-01-19 00:32:18", "elapsed": 1218.855211, "delta": 32.464041}}
{"target": -17.67722215652712, "params": {"gamma": 880.4180909023186, "log10_alpha": -1.1128576544478204, "log10_colsample_bytree": -0.08014234755099603, "log10_eta": -3.9101828467242923, "log10_lambda": -4.5500980024679265, "log10_min_child_weight": 2.45217569273548, "log10_subsample": -0.602387787093326, "max_depth": 9.0, "num_boost_round": 1.0}, "datetime": {"datetime": "2024-01-19 00:32:18", "elapsed": 1218.857291, "delta": 0.00208}}
{"target": -17.677222832154857, "params": {"gamma": 880.4180909023186, "log10_alpha": -1.1128576544478204, "log10_colsample_bytree": -0.08014234755099603, "log10_eta": -3.9101828467242923, "log10_lambda": -4.5500980024679265, "log10_min_child_weight": 2.45217569273548, "log10_subsample": -0.602387787093326, "max_depth": 9.0, "num_boost_round": 2.0}, "datetime": {"datetime": "2024-01-19 00:32:18", "elapsed": 1218.859371, "delta": 0.00208}}
{"target": -17.67721928819912, "params": {"gamma": 880.4180909023186, "log10_alpha": -1.1128576544478204, "log10_colsample_bytree": -0.08014234755099603, "log10_eta": -3.9101828467242923, "log10_lambda": -4.5500980024679265, "log10_min_child_weight": 2.45217569273548, "log10_subsample": -0.602387787093326, "max_depth": 9.0, "num_boost_round": 3.0}, "datetime": {"datetime": "2024-01-19 00:32:18", "elapsed": 1218.861001, "delta": 0.00163}}
{"target": -17.677215691537604, "params": {"gamma": 880.4180909023186, "log10_alpha": -1.1128576544478204, "log10_colsample_bytree": -0.08014234755099603, "log10_eta": -3.9101828467242923, "log10_lambda": -4.5500980024679265, "log10_min_child_weight": 2.45217569273548, "log10_subsample": -0.602387787093326, "max_depth": 9.0, "num_boost_round": 4.0}, "datetime": {"datetime": "2024-01-19 00:32:18", "elapsed": 1218.86257, "delta": 0.001569}}
{"target": -17.67721537217191, "params": {"gamma": 880.4180909023186, "log10_alpha": -1.1128576544478204, "log10_colsample_bytree": -0.08014234755099603, "log10_eta": -3.9101828467242923, "log10_lambda": -4.5500980024679265, "log10_min_child_weight": 2.45217569273548, "log10_subsample": -0.602387787093326, "max_depth": 9.0, "num_boost_round": 5.0}, "datetime": {"datetime": "2024-01-19 00:32:18", "elapsed": 1218.864074, "delta": 0.001504}}
{"target": -17.677217931283373, "params": {"gamma": 880.4180909023186, "log10_alpha": -1.1128576544478204, "log10_colsample_bytree": -0.08014234755099603, "log10_eta": -3.9101828467242923, "log10_lambda": -4.5500980024679265, "log10_min_child_weight": 2.45217569273548, "log10_subsample": -0.602387787093326, "max_depth": 9.0, "num_boost_round": 6.0}, "datetime": {"datetime": "2024-01-19 00:32:18", "elapsed": 1218.865578, "delta": 0.001504}}
{"target": -17.677209122284268, "params": {"gamma": 880.4180909023186, "log10_alpha": -1.1128576544478204, "log10_colsample_bytree": -0.08014234755099603, "log10_eta": -3.9101828467242923, "log10_lambda": -4.5500980024679265, "log10_min_child_weight": 2.45217569273548, "log10_subsample": -0.602387787093326, "max_depth": 9.0, "num_boost_round": 7.0}, "datetime": {"datetime": "2024-01-19 00:32:18", "elapsed": 1218.867083, "delta": 0.001505}}
{"target": -17.6772086777261, "params": {"gamma": 880.4180909023186, "log10_alpha": -1.1128576544478204, "log10_colsample_bytree": -0.08014234755099603, "log10_eta": -3.9101828467242923, "log10_lambda": -4.5500980024679265, "log10_min_child_weight": 2.45217569273548, "log10_subsample": -0.602387787093326, "max_depth": 9.0, "num_boost_round": 8.0}, "datetime": {"datetime": "2024-01-19 00:32:18", "elapsed": 1218.868605, "delta": 0.001522}}
{"target": -17.677203277119983, "params": {"gamma": 880.4180909023186, "log10_alpha": -1.1128576544478204, "log10_colsample_bytree": -0.08014234755099603, "log10_eta": -3.9101828467242923, "log10_lambda": -4.5500980024679265, "log10_min_child_weight": 2.45217569273548, "log10_subsample": -0.602387787093326, "max_depth": 9.0, "num_boost_round": 9.0}, "datetime": {"datetime": "2024-01-19 00:32:18", "elapsed": 1218.870099, "delta": 0.001494}}
{"target": -17.677196165876026, "params": {"gamma": 880.4180909023186, "log10_alpha": -1.1128576544478204, "log10_colsample_bytree": -0.08014234755099603, "log10_eta": -3.9101828467242923, "log10_lambda": -4.5500980024679265, "log10_min_child_weight": 2.45217569273548, "log10_subsample": -0.602387787093326, "max_depth": 9.0, "num_boost_round": 10.0}, "datetime": {"datetime": "2024-01-19 00:32:18", "elapsed": 1218.871597, "delta": 0.001498}}
{"target": -17.677192563523825, "params": {"gamma": 880.4180909023186, "log10_alpha": -1.1128576544478204, "log10_colsample_bytree": -0.08014234755099603, "log10_eta": -3.9101828467242923, "log10_lambda": -4.5500980024679265, "log10_min_child_weight": 2.45217569273548, "log10_subsample": -0.602387787093326, "max_depth": 9.0, "num_boost_round": 11.0}, "datetime": {"datetime": "2024-01-19 00:32:18", "elapsed": 1218.873241, "delta": 0.001644}}
{"target": -17.677183472057774, "params": {"gamma": 880.4180909023186, "log10_alpha": -1.1128576544478204, "log10_colsample_bytree": -0.08014234755099603, "log10_eta": -3.9101828467242923, "log10_lambda": -4.5500980024679265, "log10_min_child_weight": 2.45217569273548, "log10_subsample": -0.602387787093326, "max_depth": 9.0, "num_boost_round": 12.0}, "datetime": {"datetime": "2024-01-19 00:32:18", "elapsed": 1218.874876, "delta": 0.001635}}
{"target": -17.67717795697579, "params": {"gamma": 880.4180909023186, "log10_alpha": -1.1128576544478204, "log10_colsample_bytree": -0.08014234755099603, "log10_eta": -3.9101828467242923, "log10_lambda": -4.5500980024679265, "log10_min_child_weight": 2.45217569273548, "log10_subsample": -0.602387787093326, "max_depth": 9.0, "num_boost_round": 13.0}, "datetime": {"datetime": "2024-01-19 00:32:18", "elapsed": 1218.876504, "delta": 0.001628}}
{"target": -17.677174631730637, "params": {"gamma": 880.4180909023186, "log10_alpha": -1.1128576544478204, "log10_colsample_bytree": -0.08014234755099603, "log10_eta": -3.9101828467242923, "log10_lambda": -4.5500980024679265, "log10_min_child_weight": 2.45217569273548, "log10_subsample": -0.602387787093326, "max_depth": 9.0, "num_boost_round": 14.0}, "datetime": {"datetime": "2024-01-19 00:32:18", "elapsed": 1218.878032, "delta": 0.001528}}
{"target": -17.67717705596875, "params": {"gamma": 880.4180909023186, "log10_alpha": -1.1128576544478204, "log10_colsample_bytree": -0.08014234755099603, "log10_eta": -3.9101828467242923, "log10_lambda": -4.5500980024679265, "log10_min_child_weight": 2.45217569273548, "log10_subsample": -0.602387787093326, "max_depth": 9.0, "num_boost_round": 15.0}, "datetime": {"datetime": "2024-01-19 00:32:18", "elapsed": 1218.879535, "delta": 0.001503}}
{"target": -17.677173106540927, "params": {"gamma": 880.4180909023186, "log10_alpha": -1.1128576544478204, "log10_colsample_bytree": -0.08014234755099603, "log10_eta": -3.9101828467242923, "log10_lambda": -4.5500980024679265, "log10_min_child_weight": 2.45217569273548, "log10_subsample": -0.602387787093326, "max_depth": 9.0, "num_boost_round": 16.0}, "datetime": {"datetime": "2024-01-19 00:32:18", "elapsed": 1218.881207, "delta": 0.001672}}
{"target": -17.677170768784887, "params": {"gamma": 880.4180909023186, "log10_alpha": -1.1128576544478204, "log10_colsample_bytree": -0.08014234755099603, "log10_eta": -3.9101828467242923, "log10_lambda": -4.5500980024679265, "log10_min_child_weight": 2.45217569273548, "log10_subsample": -0.602387787093326, "max_depth": 9.0, "num_boost_round": 17.0}, "datetime": {"datetime": "2024-01-19 00:32:18", "elapsed": 1218.882739, "delta": 0.001532}}
{"target": -17.677167675471384, "params": {"gamma": 880.4180909023186, "log10_alpha": -1.1128576544478204, "log10_colsample_bytree": -0.08014234755099603, "log10_eta": -3.9101828467242923, "log10_lambda": -4.5500980024679265, "log10_min_child_weight": 2.45217569273548, "log10_subsample": -0.602387787093326, "max_depth": 9.0, "num_boost_round": 18.0}, "datetime": {"datetime": "2024-01-19 00:32:18", "elapsed": 1218.884251, "delta": 0.001512}}
{"target": -17.67716884515718, "params": {"gamma": 880.4180909023186, "log10_alpha": -1.1128576544478204, "log10_colsample_bytree": -0.08014234755099603, "log10_eta": -3.9101828467242923, "log10_lambda": -4.5500980024679265, "log10_min_child_weight": 2.45217569273548, "log10_subsample": -0.602387787093326, "max_depth": 9.0, "num_boost_round": 19.0}, "datetime": {"datetime": "2024-01-19 00:32:18", "elapsed": 1218.885765, "delta": 0.001514}}
{"target": -17.677163523048176, "params": {"gamma": 880.4180909023186, "log10_alpha": -1.1128576544478204, "log10_colsample_bytree": -0.08014234755099603, "log10_eta": -3.9101828467242923, "log10_lambda": -4.5500980024679265, "log10_min_child_weight": 2.45217569273548, "log10_subsample": -0.602387787093326, "max_depth": 9.0, "num_boost_round": 20.0}, "datetime": {"datetime": "2024-01-19 00:32:18", "elapsed": 1218.887281, "delta": 0.001516}}
{"target": -17.677164535155946, "params": {"gamma": 880.4180909023186, "log10_alpha": -1.1128576544478204, "log10_colsample_bytree": -0.08014234755099603, "log10_eta": -3.9101828467242923, "log10_lambda": -4.5500980024679265, "log10_min_child_weight": 2.45217569273548, "log10_subsample": -0.602387787093326, "max_depth": 9.0, "num_boost_round": 21.0}, "datetime": {"datetime": "2024-01-19 00:32:18", "elapsed": 1218.888809, "delta": 0.001528}}
{"target": -17.67716815649563, "params": {"gamma": 880.4180909023186, "log10_alpha": -1.1128576544478204, "log10_colsample_bytree": -0.08014234755099603, "log10_eta": -3.9101828467242923, "log10_lambda": -4.5500980024679265, "log10_min_child_weight": 2.45217569273548, "log10_subsample": -0.602387787093326, "max_depth": 9.0, "num_boost_round": 22.0}, "datetime": {"datetime": "2024-01-19 00:32:18", "elapsed": 1218.890329, "delta": 0.00152}}
{"target": -17.677162917186855, "params": {"gamma": 880.4180909023186, "log10_alpha": -1.1128576544478204, "log10_colsample_bytree": -0.08014234755099603, "log10_eta": -3.9101828467242923, "log10_lambda": -4.5500980024679265, "log10_min_child_weight": 2.45217569273548, "log10_subsample": -0.602387787093326, "max_depth": 9.0, "num_boost_round": 23.0}, "datetime": {"datetime": "2024-01-19 00:32:18", "elapsed": 1218.891951, "delta": 0.001622}}
{"target": -17.677155450867012, "params": {"gamma": 880.4180909023186, "log10_alpha": -1.1128576544478204, "log10_colsample_bytree": -0.08014234755099603, "log10_eta": -3.9101828467242923, "log10_lambda": -4.5500980024679265, "log10_min_child_weight": 2.45217569273548, "log10_subsample": -0.602387787093326, "max_depth": 9.0, "num_boost_round": 24.0}, "datetime": {"datetime": "2024-01-19 00:32:18", "elapsed": 1218.893458, "delta": 0.001507}}
{"target": -17.677157123266063, "params": {"gamma": 880.4180909023186, "log10_alpha": -1.1128576544478204, "log10_colsample_bytree": -0.08014234755099603, "log10_eta": -3.9101828467242923, "log10_lambda": -4.5500980024679265, "log10_min_child_weight": 2.45217569273548, "log10_subsample": -0.602387787093326, "max_depth": 9.0, "num_boost_round": 25.0}, "datetime": {"datetime": "2024-01-19 00:32:18", "elapsed": 1218.89499, "delta": 0.001532}}
{"target": -17.67716153220292, "params": {"gamma": 880.4180909023186, "log10_alpha": -1.1128576544478204, "log10_colsample_bytree": -0.08014234755099603, "log10_eta": -3.9101828467242923, "log10_lambda": -4.5500980024679265, "log10_min_child_weight": 2.45217569273548, "log10_subsample": -0.602387787093326, "max_depth": 9.0, "num_boost_round": 26.0}, "datetime": {"datetime": "2024-01-19 00:32:18", "elapsed": 1218.896641, "delta": 0.001651}}
{"target": -17.67715103443314, "params": {"gamma": 880.4180909023186, "log10_alpha": -1.1128576544478204, "log10_colsample_bytree": -0.08014234755099603, "log10_eta": -3.9101828467242923, "log10_lambda": -4.5500980024679265, "log10_min_child_weight": 2.45217569273548, "log10_subsample": -0.602387787093326, "max_depth": 9.0, "num_boost_round": 27.0}, "datetime": {"datetime": "2024-01-19 00:32:18", "elapsed": 1218.898374, "delta": 0.001733}}
{"target": -17.67715434620717, "params": {"gamma": 880.4180909023186, "log10_alpha": -1.1128576544478204, "log10_colsample_bytree": -0.08014234755099603, "log10_eta": -3.9101828467242923, "log10_lambda": -4.5500980024679265, "log10_min_child_weight": 2.45217569273548, "log10_subsample": -0.602387787093326, "max_depth": 9.0, "num_boost_round": 28.0}, "datetime": {"datetime": "2024-01-19 00:32:18", "elapsed": 1218.899991, "delta": 0.001617}}
{"target": -17.677145126796315, "params": {"gamma": 880.4180909023186, "log10_alpha": -1.1128576544478204, "log10_colsample_bytree": -0.08014234755099603, "log10_eta": -3.9101828467242923, "log10_lambda": -4.5500980024679265, "log10_min_child_weight": 2.45217569273548, "log10_subsample": -0.602387787093326, "max_depth": 9.0, "num_boost_round": 29.0}, "datetime": {"datetime": "2024-01-19 00:32:18", "elapsed": 1218.901611, "delta": 0.00162}}
{"target": -17.677138085843257, "params": {"gamma": 880.4180909023186, "log10_alpha": -1.1128576544478204, "log10_colsample_bytree": -0.08014234755099603, "log10_eta": -3.9101828467242923, "log10_lambda": -4.5500980024679265, "log10_min_child_weight": 2.45217569273548, "log10_subsample": -0.602387787093326, "max_depth": 9.0, "num_boost_round": 30.0}, "datetime": {"datetime": "2024-01-19 00:32:18", "elapsed": 1218.903143, "delta": 0.001532}}
{"target": -17.67713105323782, "params": {"gamma": 880.4180909023186, "log10_alpha": -1.1128576544478204, "log10_colsample_bytree": -0.08014234755099603, "log10_eta": -3.9101828467242923, "log10_lambda": -4.5500980024679265, "log10_min_child_weight": 2.45217569273548, "log10_subsample": -0.602387787093326, "max_depth": 9.0, "num_boost_round": 31.0}, "datetime": {"datetime": "2024-01-19 00:32:18", "elapsed": 1218.904671, "delta": 0.001528}}
{"target": -17.67713045802098, "params": {"gamma": 880.4180909023186, "log10_alpha": -1.1128576544478204, "log10_colsample_bytree": -0.08014234755099603, "log10_eta": -3.9101828467242923, "log10_lambda": -4.5500980024679265, "log10_min_child_weight": 2.45217569273548, "log10_subsample": -0.602387787093326, "max_depth": 9.0, "num_boost_round": 32.0}, "datetime": {"datetime": "2024-01-19 00:32:18", "elapsed": 1218.906217, "delta": 0.001546}}
{"target": -17.67714565127853, "params": {"gamma": 881.3600838808217, "log10_alpha": -2.1621465565697537, "log10_colsample_bytree": -0.6389714478473909, "log10_eta": -2.8117309574642264, "log10_lambda": -3.5588118487521436, "log10_min_child_weight": 2.31019882457475, "log10_subsample": -0.6983570292518528, "max_depth": 6.0, "num_boost_round": 0.0}, "datetime": {"datetime": "2024-01-19 00:32:48", "elapsed": 1249.550607, "delta": 30.64439}}
{"target": -17.67702300539391, "params": {"gamma": 881.3600838808217, "log10_alpha": -2.1621465565697537, "log10_colsample_bytree": -0.6389714478473909, "log10_eta": -2.8117309574642264, "log10_lambda": -3.5588118487521436, "log10_min_child_weight": 2.31019882457475, "log10_subsample": -0.6983570292518528, "max_depth": 6.0, "num_boost_round": 1.0}, "datetime": {"datetime": "2024-01-19 00:32:48", "elapsed": 1249.553033, "delta": 0.002426}}
{"target": -17.6769250899317, "params": {"gamma": 881.3600838808217, "log10_alpha": -2.1621465565697537, "log10_colsample_bytree": -0.6389714478473909, "log10_eta": -2.8117309574642264, "log10_lambda": -3.5588118487521436, "log10_min_child_weight": 2.31019882457475, "log10_subsample": -0.6983570292518528, "max_depth": 6.0, "num_boost_round": 2.0}, "datetime": {"datetime": "2024-01-19 00:32:48", "elapsed": 1249.554608, "delta": 0.001575}}
{"target": -17.676870774977072, "params": {"gamma": 881.3600838808217, "log10_alpha": -2.1621465565697537, "log10_colsample_bytree": -0.6389714478473909, "log10_eta": -2.8117309574642264, "log10_lambda": -3.5588118487521436, "log10_min_child_weight": 2.31019882457475, "log10_subsample": -0.6983570292518528, "max_depth": 6.0, "num_boost_round": 3.0}, "datetime": {"datetime": "2024-01-19 00:32:48", "elapsed": 1249.556584, "delta": 0.001976}}
{"target": -17.676819249822074, "params": {"gamma": 881.3600838808217, "log10_alpha": -2.1621465565697537, "log10_colsample_bytree": -0.6389714478473909, "log10_eta": -2.8117309574642264, "log10_lambda": -3.5588118487521436, "log10_min_child_weight": 2.31019882457475, "log10_subsample": -0.6983570292518528, "max_depth": 6.0, "num_boost_round": 4.0}, "datetime": {"datetime": "2024-01-19 00:32:48", "elapsed": 1249.558212, "delta": 0.001628}}
{"target": -17.676712413699363, "params": {"gamma": 881.3600838808217, "log10_alpha": -2.1621465565697537, "log10_colsample_bytree": -0.6389714478473909, "log10_eta": -2.8117309574642264, "log10_lambda": -3.5588118487521436, "log10_min_child_weight": 2.31019882457475, "log10_subsample": -0.6983570292518528, "max_depth": 6.0, "num_boost_round": 5.0}, "datetime": {"datetime": "2024-01-19 00:32:48", "elapsed": 1249.559757, "delta": 0.001545}}
{"target": -17.676654109264565, "params": {"gamma": 881.3600838808217, "log10_alpha": -2.1621465565697537, "log10_colsample_bytree": -0.6389714478473909, "log10_eta": -2.8117309574642264, "log10_lambda": -3.5588118487521436, "log10_min_child_weight": 2.31019882457475, "log10_subsample": -0.6983570292518528, "max_depth": 6.0, "num_boost_round": 6.0}, "datetime": {"datetime": "2024-01-19 00:32:48", "elapsed": 1249.561387, "delta": 0.00163}}
{"target": -17.676542777573832, "params": {"gamma": 881.3600838808217, "log10_alpha": -2.1621465565697537, "log10_colsample_bytree": -0.6389714478473909, "log10_eta": -2.8117309574642264, "log10_lambda": -3.5588118487521436, "log10_min_child_weight": 2.31019882457475, "log10_subsample": -0.6983570292518528, "max_depth": 6.0, "num_boost_round": 7.0}, "datetime": {"datetime": "2024-01-19 00:32:48", "elapsed": 1249.562937, "delta": 0.00155}}
{"target": -17.676492493906956, "params": {"gamma": 881.3600838808217, "log10_alpha": -2.1621465565697537, "log10_colsample_bytree": -0.6389714478473909, "log10_eta": -2.8117309574642264, "log10_lambda": -3.5588118487521436, "log10_min_child_weight": 2.31019882457475, "log10_subsample": -0.6983570292518528, "max_depth": 6.0, "num_boost_round": 8.0}, "datetime": {"datetime": "2024-01-19 00:32:48", "elapsed": 1249.564486, "delta": 0.001549}}
