{"target": -17.677209332051707, "params": {"gamma": 418.2107908972459, "log10_alpha": -2.4715585914281615, "log10_colsample_bytree": -0.9653554487441892, "log10_eta": -3.679174640531388, "log10_lambda": 0.020165347362426367, "log10_min_child_weight": 1.18561366660134, "log10_subsample": -0.6488634946788263, "max_depth": 2.0, "num_boost_round": 3.0}, "datetime": {"datetime": "2024-01-19 02:04:45", "elapsed": 6778.007535, "delta": 0.00723}}
{"target": -17.677206495226347, "params": {"gamma": 418.2107908972459, "log10_alpha": -2.4715585914281615, "log10_colsample_bytree": -0.9653554487441892, "log10_eta": -3.679174640531388, "log10_lambda": 0.020165347362426367, "log10_min_child_weight": 1.18561366660134, "log10_subsample": -0.6488634946788263, "max_depth": 2.0, "num_boost_round": 4.0}, "datetime": {"datetime": "2024-01-19 02:04:45", "elapsed": 6778.014702, "delta": 0.007167}}
{"target": -17.677202320543334, "params": {"gamma": 418.2107908972459, "log10_alpha": -2.4715585914281615, "log10_colsample_bytree": -0.9653554487441892, "log10_eta": -3.679174640531388, "log10_lambda": 0.020165347362426367, "log10_min_child_weight": 1.18561366660134, "log10_subsample": -0.6488634946788263, "max_depth": 2.0, "num_boost_round": 5.0}, "datetime": {"datetime": "2024-01-19 02:04:45", "elapsed": 6778.021867, "delta": 0.007165}}
{"target": -17.677201271591034, "params": {"gamma": 418.2107908972459, "log10_alpha": -2.4715585914281615, "log10_colsample_bytree": -0.9653554487441892, "log10_eta": -3.679174640531388, "log10_lambda": 0.020165347362426367, "log10_min_child_weight": 1.18561366660134, "log10_subsample": -0.6488634946788263, "max_depth": 2.0, "num_boost_round": 6.0}, "datetime": {"datetime": "2024-01-19 02:04:45", "elapsed": 6778.028987, "delta": 0.00712}}
{"target": -17.67719601630885, "params": {"gamma": 418.2107908972459, "log10_alpha": -2.4715585914281615, "log10_colsample_bytree": -0.9653554487441892, "log10_eta": -3.679174640531388, "log10_lambda": 0.020165347362426367, "log10_min_child_weight": 1.18561366660134, "log10_subsample": -0.6488634946788263, "max_depth": 2.0, "num_boost_round": 7.0}, "datetime": {"datetime": "2024-01-19 02:04:45", "elapsed": 6778.036164, "delta": 0.007177}}
{"target": -17.677195613832364, "params": {"gamma": 418.2107908972459, "log10_alpha": -2.4715585914281615, "log10_colsample_bytree": -0.9653554487441892, "log10_eta": -3.679174640531388, "log10_lambda": 0.020165347362426367, "log10_min_child_weight": 1.18561366660134, "log10_subsample": -0.6488634946788263, "max_depth": 2.0, "num_boost_round": 8.0}, "datetime": {"datetime": "2024-01-19 02:04:45", "elapsed": 6778.043381, "delta": 0.007217}}
{"target": -17.677192479164077, "params": {"gamma": 418.2107908972459, "log10_alpha": -2.4715585914281615, "log10_colsample_bytree": -0.9653554487441892, "log10_eta": -3.679174640531388, "log10_lambda": 0.020165347362426367, "log10_min_child_weight": 1.18561366660134, "log10_subsample": -0.6488634946788263, "max_depth": 2.0, "num_boost_round": 9.0}, "datetime": {"datetime": "2024-01-19 02:04:45", "elapsed": 6778.050644, "delta": 0.007263}}
{"target": -17.67718693694066, "params": {"gamma": 418.2107908972459, "log10_alpha": -2.4715585914281615, "log10_colsample_bytree": -0.9653554487441892, "log10_eta": -3.679174640531388, "log10_lambda": 0.020165347362426367, "log10_min_child_weight": 1.18561366660134, "log10_subsample": -0.6488634946788263, "max_depth": 2.0, "num_boost_round": 10.0}, "datetime": {"datetime": "2024-01-19 02:04:45", "elapsed": 6778.058686, "delta": 0.008042}}
{"target": -17.677181911339602, "params": {"gamma": 418.2107908972459, "log10_alpha": -2.4715585914281615, "log10_colsample_bytree": -0.9653554487441892, "log10_eta": -3.679174640531388, "log10_lambda": 0.020165347362426367, "log10_min_child_weight": 1.18561366660134, "log10_subsample": -0.6488634946788263, "max_depth": 2.0, "num_boost_round": 11.0}, "datetime": {"datetime": "2024-01-19 02:04:45", "elapsed": 6778.066174, "delta": 0.007488}}
{"target": -17.677178040421193, "params": {"gamma": 418.2107908972459, "log10_alpha": -2.4715585914281615, "log10_colsample_bytree": -0.9653554487441892, "log10_eta": -3.679174640531388, "log10_lambda": 0.020165347362426367, "log10_min_child_weight": 1.18561366660134, "log10_subsample": -0.6488634946788263, "max_depth": 2.0, "num_boost_round": 12.0}, "datetime": {"datetime": "2024-01-19 02:04:45", "elapsed": 6778.073443, "delta": 0.007269}}
{"target": -17.67717347829746, "params": {"gamma": 418.2107908972459, "log10_alpha": -2.4715585914281615, "log10_colsample_bytree": -0.9653554487441892, "log10_eta": -3.679174640531388, "log10_lambda": 0.020165347362426367, "log10_min_child_weight": 1.18561366660134, "log10_subsample": -0.6488634946788263, "max_depth": 2.0, "num_boost_round": 13.0}, "datetime": {"datetime": "2024-01-19 02:04:45", "elapsed": 6778.0808, "delta": 0.007357}}
{"target": -17.67717085288364, "params": {"gamma": 418.2107908972459, "log10_alpha": -2.4715585914281615, "log10_colsample_bytree": -0.9653554487441892, "log10_eta": -3.679174640531388, "log10_lambda": 0.020165347362426367, "log10_min_child_weight": 1.18561366660134, "log10_subsample": -0.6488634946788263, "max_depth": 2.0, "num_boost_round": 14.0}, "datetime": {"datetime": "2024-01-19 02:04:45", "elapsed": 6778.088475, "delta": 0.007675}}
{"target": -17.677168399082923, "params": {"gamma": 418.2107908972459, "log10_alpha": -2.4715585914281615, "log10_colsample_bytree": -0.9653554487441892, "log10_eta": -3.679174640531388, "log10_lambda": 0.020165347362426367, "log10_min_child_weight": 1.18561366660134, "log10_subsample": -0.6488634946788263, "max_depth": 2.0, "num_boost_round": 15.0}, "datetime": {"datetime": "2024-01-19 02:04:45", "elapsed": 6778.095848, "delta": 0.007373}}
{"target": -17.67716640611049, "params": {"gamma": 418.2107908972459, "log10_alpha": -2.4715585914281615, "log10_colsample_bytree": -0.9653554487441892, "log10_eta": -3.679174640531388, "log10_lambda": 0.020165347362426367, "log10_min_child_weight": 1.18561366660134, "log10_subsample": -0.6488634946788263, "max_depth": 2.0, "num_boost_round": 16.0}, "datetime": {"datetime": "2024-01-19 02:04:45", "elapsed": 6778.103416, "delta": 0.007568}}
{"target": -17.677162029377598, "params": {"gamma": 418.2107908972459, "log10_alpha": -2.4715585914281615, "log10_colsample_bytree": -0.9653554487441892, "log10_eta": -3.679174640531388, "log10_lambda": 0.020165347362426367, "log10_min_child_weight": 1.18561366660134, "log10_subsample": -0.6488634946788263, "max_depth": 2.0, "num_boost_round": 17.0}, "datetime": {"datetime": "2024-01-19 02:04:45", "elapsed": 6778.111106, "delta": 0.00769}}
{"target": -17.67715616201248, "params": {"gamma": 418.2107908972459, "log10_alpha": -2.4715585914281615, "log10_colsample_bytree": -0.9653554487441892, "log10_eta": -3.679174640531388, "log10_lambda": 0.020165347362426367, "log10_min_child_weight": 1.18561366660134, "log10_subsample": -0.6488634946788263, "max_depth": 2.0, "num_boost_round": 18.0}, "datetime": {"datetime": "2024-01-19 02:04:45", "elapsed": 6778.118505, "delta": 0.007399}}
{"target": -17.67715484276422, "params": {"gamma": 418.2107908972459, "log10_alpha": -2.4715585914281615, "log10_colsample_bytree": -0.9653554487441892, "log10_eta": -3.679174640531388, "log10_lambda": 0.020165347362426367, "log10_min_child_weight": 1.18561366660134, "log10_subsample": -0.6488634946788263, "max_depth": 2.0, "num_boost_round": 19.0}, "datetime": {"datetime": "2024-01-19 02:04:45", "elapsed": 6778.126021, "delta": 0.007516}}
{"target": -17.677154448566565, "params": {"gamma": 418.2107908972459, "log10_alpha": -2.4715585914281615, "log10_colsample_bytree": -0.9653554487441892, "log10_eta": -3.679174640531388, "log10_lambda": 0.020165347362426367, "log10_min_child_weight": 1.18561366660134, "log10_subsample": -0.6488634946788263, "max_depth": 2.0, "num_boost_round": 20.0}, "datetime": {"datetime": "2024-01-19 02:04:45", "elapsed": 6778.134408, "delta": 0.008387}}
{"target": -17.677147474604443, "params": {"gamma": 418.2107908972459, "log10_alpha": -2.4715585914281615, "log10_colsample_bytree": -0.9653554487441892, "log10_eta": -3.679174640531388, "log10_lambda": 0.020165347362426367, "log10_min_child_weight": 1.18561366660134, "log10_subsample": -0.6488634946788263, "max_depth": 2.0, "num_boost_round": 21.0}, "datetime": {"datetime": "2024-01-19 02:04:45", "elapsed": 6778.142089, "delta": 0.007681}}
{"target": -17.677143661990154, "params": {"gamma": 418.2107908972459, "log10_alpha": -2.4715585914281615, "log10_colsample_bytree": -0.9653554487441892, "log10_eta": -3.679174640531388, "log10_lambda": 0.020165347362426367, "log10_min_child_weight": 1.18561366660134, "log10_subsample": -0.6488634946788263, "max_depth": 2.0, "num_boost_round": 22.0}, "datetime": {"datetime": "2024-01-19 02:04:45", "elapsed": 6778.149501, "delta": 0.007412}}
{"target": -17.67713857956071, "params": {"gamma": 418.2107908972459, "log10_alpha": -2.4715585914281615, "log10_colsample_bytree": -0.9653554487441892, "log10_eta": -3.679174640531388, "log10_lambda": 0.020165347362426367, "log10_min_child_weight": 1.18561366660134, "log10_subsample": -0.6488634946788263, "max_depth": 2.0, "num_boost_round": 23.0}, "datetime": {"datetime": "2024-01-19 02:04:45", "elapsed": 6778.156992, "delta": 0.007491}}
{"target": -17.67713671049892, "params": {"gamma": 418.2107908972459, "log10_alpha": -2.4715585914281615, "log10_colsample_bytree": -0.9653554487441892, "log10_eta": -3.679174640531388, "log10_lambda": 0.020165347362426367, "log10_min_child_weight": 1.18561366660134, "log10_subsample": -0.6488634946788263, "max_depth": 2.0, "num_boost_round": 24.0}, "datetime": {"datetime": "2024-01-19 02:04:45", "elapsed": 6778.164291, "delta": 0.007299}}
{"target": -17.677127244440815, "params": {"gamma": 418.2107908972459, "log10_alpha": -2.4715585914281615, "log10_colsample_bytree": -0.9653554487441892, "log10_eta": -3.679174640531388, "log10_lambda": 0.020165347362426367, "log10_min_child_weight": 1.18561366660134, "log10_subsample": -0.6488634946788263, "max_depth": 2.0, "num_boost_round": 25.0}, "datetime": {"datetime": "2024-01-19 02:04:45", "elapsed": 6778.171594, "delta": 0.007303}}
{"target": -17.677125186217378, "params": {"gamma": 418.2107908972459, "log10_alpha": -2.4715585914281615, "log10_colsample_bytree": -0.9653554487441892, "log10_eta": -3.679174640531388, "log10_lambda": 0.020165347362426367, "log10_min_child_weight": 1.18561366660134, "log10_subsample": -0.6488634946788263, "max_depth": 2.0, "num_boost_round": 26.0}, "datetime": {"datetime": "2024-01-19 02:04:45", "elapsed": 6778.179021, "delta": 0.007427}}
{"target": -17.677120821938995, "params": {"gamma": 418.2107908972459, "log10_alpha": -2.4715585914281615, "log10_colsample_bytree": -0.9653554487441892, "log10_eta": -3.679174640531388, "log10_lambda": 0.020165347362426367, "log10_min_child_weight": 1.18561366660134, "log10_subsample": -0.6488634946788263, "max_depth": 2.0, "num_boost_round": 27.0}, "datetime": {"datetime": "2024-01-19 02:04:45", "elapsed": 6778.18628, "delta": 0.007259}}
{"target": -17.677119803547352, "params": {"gamma": 418.2107908972459, "log10_alpha": -2.4715585914281615, "log10_colsample_bytree": -0.9653554487441892, "log10_eta": -3.679174640531388, "log10_lambda": 0.020165347362426367, "log10_min_child_weight": 1.18561366660134, "log10_subsample": -0.6488634946788263, "max_depth": 2.0, "num_boost_round": 28.0}, "datetime": {"datetime": "2024-01-19 02:04:45", "elapsed": 6778.193643, "delta": 0.007363}}
{"target": -17.677114591720507, "params": {"gamma": 418.2107908972459, "log10_alpha": -2.4715585914281615, "log10_colsample_bytree": -0.9653554487441892, "log10_eta": -3.679174640531388, "log10_lambda": 0.020165347362426367, "log10_min_child_weight": 1.18561366660134, "log10_subsample": -0.6488634946788263, "max_depth": 2.0, "num_boost_round": 29.0}, "datetime": {"datetime": "2024-01-19 02:04:45", "elapsed": 6778.201, "delta": 0.007357}}
{"target": -17.677113720986842, "params": {"gamma": 418.2107908972459, "log10_alpha": -2.4715585914281615, "log10_colsample_bytree": -0.9653554487441892, "log10_eta": -3.679174640531388, "log10_lambda": 0.020165347362426367, "log10_min_child_weight": 1.18561366660134, "log10_subsample": -0.6488634946788263, "max_depth": 2.0, "num_boost_round": 30.0}, "datetime": {"datetime": "2024-01-19 02:04:45", "elapsed": 6778.208424, "delta": 0.007424}}
{"target": -17.67722679405204, "params": {"gamma": 408.04511739267457, "log10_alpha": -4.1473771727571815, "log10_colsample_bytree": -0.7504352025850038, "log10_eta": -3.5069712447261994, "log10_lambda": -0.8882692071349254, "log10_min_child_weight": 3.7680629438201323, "log10_subsample": -0.978164203279774, "max_depth": 6.0, "num_boost_round": 0.0}, "datetime": {"datetime": "2024-01-19 02:05:47", "elapsed": 6839.673738, "delta": 61.465314}}
{"target": -17.67721932329567, "params": {"gamma": 408.04511739267457, "log10_alpha": -4.1473771727571815, "log10_colsample_bytree": -0.7504352025850038, "log10_eta": -3.5069712447261994, "log10_lambda": -0.8882692071349254, "log10_min_child_weight": 3.7680629438201323, "log10_subsample": -0.978164203279774, "max_depth": 6.0, "num_boost_round": 1.0}, "datetime": {"datetime": "2024-01-19 02:05:47", "elapsed": 6839.681087, "delta": 0.007349}}
{"target": -17.677222608443902, "params": {"gamma": 408.04511739267457, "log10_alpha": -4.1473771727571815, "log10_colsample_bytree": -0.7504352025850038, "log10_eta": -3.5069712447261994, "log10_lambda": -0.8882692071349254, "log10_min_child_weight": 3.7680629438201323, "log10_subsample": -0.978164203279774, "max_depth": 6.0, "num_boost_round": 2.0}, "datetime": {"datetime": "2024-01-19 02:05:47", "elapsed": 6839.68751, "delta": 0.006423}}
{"target": -17.677218794319842, "params": {"gamma": 408.04511739267457, "log10_alpha": -4.1473771727571815, "log10_colsample_bytree": -0.7504352025850038, "log10_eta": -3.5069712447261994, "log10_lambda": -0.8882692071349254, "log10_min_child_weight": 3.7680629438201323, "log10_subsample": -0.978164203279774, "max_depth": 6.0, "num_boost_round": 3.0}, "datetime": {"datetime": "2024-01-19 02:05:47", "elapsed": 6839.693876, "delta": 0.006366}}
{"target": -17.67721521368207, "params": {"gamma": 408.04511739267457, "log10_alpha": -4.1473771727571815, "log10_colsample_bytree": -0.7504352025850038, "log10_eta": -3.5069712447261994, "log10_lambda": -0.8882692071349254, "log10_min_child_weight": 3.7680629438201323, "log10_subsample": -0.978164203279774, "max_depth": 6.0, "num_boost_round": 4.0}, "datetime": {"datetime": "2024-01-19 02:05:47", "elapsed": 6839.700283, "delta": 0.006407}}
{"target": -17.67721755157971, "params": {"gamma": 408.04511739267457, "log10_alpha": -4.1473771727571815, "log10_colsample_bytree": -0.7504352025850038, "log10_eta": -3.5069712447261994, "log10_lambda": -0.8882692071349254, "log10_min_child_weight": 3.7680629438201323, "log10_subsample": -0.978164203279774, "max_depth": 6.0, "num_boost_round": 5.0}, "datetime": {"datetime": "2024-01-19 02:05:47", "elapsed": 6839.706665, "delta": 0.006382}}
{"target": -17.677218791889565, "params": {"gamma": 408.04511739267457, "log10_alpha": -4.1473771727571815, "log10_colsample_bytree": -0.7504352025850038, "log10_eta": -3.5069712447261994, "log10_lambda": -0.8882692071349254, "log10_min_child_weight": 3.7680629438201323, "log10_subsample": -0.978164203279774, "max_depth": 6.0, "num_boost_round": 6.0}, "datetime": {"datetime": "2024-01-19 02:05:47", "elapsed": 6839.713678, "delta": 0.007013}}
{"target": -17.677214829456364, "params": {"gamma": 408.04511739267457, "log10_alpha": -4.1473771727571815, "log10_colsample_bytree": -0.7504352025850038, "log10_eta": -3.5069712447261994, "log10_lambda": -0.8882692071349254, "log10_min_child_weight": 3.7680629438201323, "log10_subsample": -0.978164203279774, "max_depth": 6.0, "num_boost_round": 7.0}, "datetime": {"datetime": "2024-01-19 02:05:47", "elapsed": 6839.720377, "delta": 0.006699}}
{"target": -17.67721336158407, "params": {"gamma": 408.04511739267457, "log10_alpha": -4.1473771727571815, "log10_colsample_bytree": -0.7504352025850038, "log10_eta": -3.5069712447261994, "log10_lambda": -0.8882692071349254, "log10_min_child_weight": 3.7680629438201323, "log10_subsample": -0.978164203279774, "max_depth": 6.0, "num_boost_round": 8.0}, "datetime": {"datetime": "2024-01-19 02:05:47", "elapsed": 6839.727128, "delta": 0.006751}}
{"target": -17.677213856751045, "params": {"gamma": 408.04511739267457, "log10_alpha": -4.1473771727571815, "log10_colsample_bytree": -0.7504352025850038, "log10_eta": -3.5069712447261994, "log10_lambda": -0.8882692071349254, "log10_min_child_weight": 3.7680629438201323, "log10_subsample": -0.978164203279774, "max_depth": 6.0, "num_boost_round": 9.0}, "datetime": {"datetime": "2024-01-19 02:05:47", "elapsed": 6839.734003, "delta": 0.006875}}
{"target": -17.67721125106818, "params": {"gamma": 408.04511739267457, "log10_alpha": -4.1473771727571815, "log10_colsample_bytree": -0.7504352025850038, "log10_eta": -3.5069712447261994, "log10_lambda": -0.8882692071349254, "log10_min_child_weight": 3.7680629438201323, "log10_subsample": -0.978164203279774, "max_depth": 6.0, "num_boost_round": 10.0}, "datetime": {"datetime": "2024-01-19 02:05:47", "elapsed": 6839.74004, "delta": 0.006037}}
{"target": -17.677210949774114, "params": {"gamma": 408.04511739267457, "log10_alpha": -4.1473771727571815, "log10_colsample_bytree": -0.7504352025850038, "log10_eta": -3.5069712447261994, "log10_lambda": -0.8882692071349254, "log10_min_child_weight": 3.7680629438201323, "log10_subsample": -0.978164203279774, "max_depth": 6.0, "num_boost_round": 11.0}, "datetime": {"datetime": "2024-01-19 02:05:47", "elapsed": 6839.74699, "delta": 0.00695}}
{"target": -17.677213007739155, "params": {"gamma": 408.04511739267457, "log10_alpha": -4.1473771727571815, "log10_colsample_bytree": -0.7504352025850038, "log10_eta": -3.5069712447261994, "log10_lambda": -0.8882692071349254, "log10_min_child_weight": 3.7680629438201323, "log10_subsample": -0.978164203279774, "max_depth": 6.0, "num_boost_round": 12.0}, "datetime": {"datetime": "2024-01-19 02:05:47", "elapsed": 6839.753638, "delta": 0.006648}}
{"target": -17.677210031375207, "params": {"gamma": 408.04511739267457, "log10_alpha": -4.1473771727571815, "log10_colsample_bytree": -0.7504352025850038, "log10_eta": -3.5069712447261994, "log10_lambda": -0.8882692071349254, "log10_min_child_weight": 3.7680629438201323, "log10_subsample": -0.978164203279774, "max_depth": 6.0, "num_boost_round": 13.0}, "datetime": {"datetime": "2024-01-19 02:05:47", "elapsed": 6839.760182, "delta": 0.006544}}
{"target": -17.677207391834628, "params": {"gamma": 408.04511739267457, "log10_alpha": -4.1473771727571815, "log10_colsample_bytree": -0.7504352025850038, "log10_eta": -3.5069712447261994, "log10_lambda": -0.8882692071349254, "log10_min_child_weight": 3.7680629438201323, "log10_subsample": -0.978164203279774, "max_depth": 6.0, "num_boost_round": 14.0}, "datetime": {"datetime": "2024-01-19 02:05:47", "elapsed": 6839.7669, "delta": 0.006718}}
{"target": -17.677205888611574, "params": {"gamma": 408.04511739267457, "log10_alpha": -4.1473771727571815, "log10_colsample_bytree": -0.7504352025850038, "log10_eta": -3.5069712447261994, "log10_lambda": -0.8882692071349254, "log10_min_child_weight": 3.7680629438201323, "log10_subsample": -0.978164203279774, "max_depth": 6.0, "num_boost_round": 15.0}, "datetime": {"datetime": "2024-01-19 02:05:47", "elapsed": 6839.773445, "delta": 0.006545}}
{"target": -17.677202225707582, "params": {"gamma": 408.04511739267457, "log10_alpha": -4.1473771727571815, "log10_colsample_bytree": -0.7504352025850038, "log10_eta": -3.5069712447261994, "log10_lambda": -0.8882692071349254, "log10_min_child_weight": 3.7680629438201323, "log10_subsample": -0.978164203279774, "max_depth": 6.0, "num_boost_round": 16.0}, "datetime": {"datetime": "2024-01-19 02:05:47", "elapsed": 6839.780124, "delta": 0.006679}}
{"target": -17.677204218201467, "params": {"gamma": 408.04511739267457, "log10_alpha": -4.1473771727571815, "log10_colsample_bytree": -0.7504352025850038, "log10_eta": -3.5069712447261994, "log10_lambda": -0.8882692071349254, "log10_min_child_weight": 3.7680629438201323, "log10_subsample": -0.978164203279774, "max_depth": 6.0, "num_boost_round": 17.0}, "datetime": {"datetime": "2024-01-19 02:05:47", "elapsed": 6839.786784, "delta": 0.00666}}
{"target": -17.67719997517906, "params": {"gamma": 408.04511739267457, "log10_alpha": -4.1473771727571815, "log10_colsample_bytree": -0.7504352025850038, "log10_eta": -3.5069712447261994, "log10_lambda": -0.8882692071349254, "log10_min_child_weight": 3.7680629438201323, "log10_subsample": -0.978164203279774, "max_depth": 6.0, "num_boost_round": 18.0}, "datetime": {"datetime": "2024-01-19 02:05:47", "elapsed": 6839.793721, "delta": 0.006937}}
{"target": -17.677194768409244, "params": {"gamma": 408.04511739267457, "log10_alpha": -4.1473771727571815, "log10_colsample_bytree": -0.7504352025850038, "log10_eta": -3.5069712447261994, "log10_lambda": -0.8882692071349254, "log10_min_child_weight": 3.7680629438201323, "log10_subsample": -0.978164203279774, "max_depth": 6.0, "num_boost_round": 19.0}, "datetime": {"datetime": "2024-01-19 02:05:47", "elapsed": 6839.800242, "delta": 0.006521}}
{"target": -17.677198117039566, "params": {"gamma": 408.04511739267457, "log10_alpha": -4.1473771727571815, "log10_colsample_bytree": -0.7504352025850038, "log10_eta": -3.5069712447261994, "log10_lambda": -0.8882692071349254, "log10_min_child_weight": 3.7680629438201323, "log10_subsample": -0.978164203279774, "max_depth": 6.0, "num_boost_round": 20.0}, "datetime": {"datetime": "2024-01-19 02:05:47", "elapsed": 6839.807563, "delta": 0.007321}}
