{"target": -13.773875435788261, "params": {"gamma": 721.1479575491683, "log10_alpha": -0.1887213358108628, "log10_colsample_bytree": -0.17704581934086616, "log10_eta": -1.5464596506308306, "log10_lambda": 0.3633208281121174, "log10_min_child_weight": 3.5304457807073177, "log10_subsample": -0.8537371304422156, "max_depth": 2.0, "num_boost_round": 143.0}, "datetime": {"datetime": "2024-01-19 01:12:11", "elapsed": 3639.478964, "delta": 0.004104}}
{"target": -13.774028850228834, "params": {"gamma": 721.1479575491683, "log10_alpha": -0.1887213358108628, "log10_colsample_bytree": -0.17704581934086616, "log10_eta": -1.5464596506308306, "log10_lambda": 0.3633208281121174, "log10_min_child_weight": 3.5304457807073177, "log10_subsample": -0.8537371304422156, "max_depth": 2.0, "num_boost_round": 144.0}, "datetime": {"datetime": "2024-01-19 01:12:11", "elapsed": 3639.482965, "delta": 0.004001}}
{"target": -13.774035892938077, "params": {"gamma": 721.1479575491683, "log10_alpha": -0.1887213358108628, "log10_colsample_bytree": -0.17704581934086616, "log10_eta": -1.5464596506308306, "log10_lambda": 0.3633208281121174, "log10_min_child_weight": 3.5304457807073177, "log10_subsample": -0.8537371304422156, "max_depth": 2.0, "num_boost_round": 145.0}, "datetime": {"datetime": "2024-01-19 01:12:11", "elapsed": 3639.486924, "delta": 0.003959}}
{"target": -13.774245432259312, "params": {"gamma": 721.1479575491683, "log10_alpha": -0.1887213358108628, "log10_colsample_bytree": -0.17704581934086616, "log10_eta": -1.5464596506308306, "log10_lambda": 0.3633208281121174, "log10_min_child_weight": 3.5304457807073177, "log10_subsample": -0.8537371304422156, "max_depth": 2.0, "num_boost_round": 146.0}, "datetime": {"datetime": "2024-01-19 01:12:11", "elapsed": 3639.491705, "delta": 0.004781}}
{"target": -13.774566684101146, "params": {"gamma": 721.1479575491683, "log10_alpha": -0.1887213358108628, "log10_colsample_bytree": -0.17704581934086616, "log10_eta": -1.5464596506308306, "log10_lambda": 0.3633208281121174, "log10_min_child_weight": 3.5304457807073177, "log10_subsample": -0.8537371304422156, "max_depth": 2.0, "num_boost_round": 147.0}, "datetime": {"datetime": "2024-01-19 01:12:11", "elapsed": 3639.495878, "delta": 0.004173}}
{"target": -13.77462054521496, "params": {"gamma": 721.1479575491683, "log10_alpha": -0.1887213358108628, "log10_colsample_bytree": -0.17704581934086616, "log10_eta": -1.5464596506308306, "log10_lambda": 0.3633208281121174, "log10_min_child_weight": 3.5304457807073177, "log10_subsample": -0.8537371304422156, "max_depth": 2.0, "num_boost_round": 148.0}, "datetime": {"datetime": "2024-01-19 01:12:11", "elapsed": 3639.500052, "delta": 0.004174}}
{"target": -13.775119871665828, "params": {"gamma": 721.1479575491683, "log10_alpha": -0.1887213358108628, "log10_colsample_bytree": -0.17704581934086616, "log10_eta": -1.5464596506308306, "log10_lambda": 0.3633208281121174, "log10_min_child_weight": 3.5304457807073177, "log10_subsample": -0.8537371304422156, "max_depth": 2.0, "num_boost_round": 149.0}, "datetime": {"datetime": "2024-01-19 01:12:11", "elapsed": 3639.504257, "delta": 0.004205}}
{"target": -13.775192328919625, "params": {"gamma": 721.1479575491683, "log10_alpha": -0.1887213358108628, "log10_colsample_bytree": -0.17704581934086616, "log10_eta": -1.5464596506308306, "log10_lambda": 0.3633208281121174, "log10_min_child_weight": 3.5304457807073177, "log10_subsample": -0.8537371304422156, "max_depth": 2.0, "num_boost_round": 150.0}, "datetime": {"datetime": "2024-01-19 01:12:11", "elapsed": 3639.50835, "delta": 0.004093}}
{"target": -13.775383740913302, "params": {"gamma": 721.1479575491683, "log10_alpha": -0.1887213358108628, "log10_colsample_bytree": -0.17704581934086616, "log10_eta": -1.5464596506308306, "log10_lambda": 0.3633208281121174, "log10_min_child_weight": 3.5304457807073177, "log10_subsample": -0.8537371304422156, "max_depth": 2.0, "num_boost_round": 151.0}, "datetime": {"datetime": "2024-01-19 01:12:11", "elapsed": 3639.512305, "delta": 0.003955}}
{"target": -13.775403953710615, "params": {"gamma": 721.1479575491683, "log10_alpha": -0.1887213358108628, "log10_colsample_bytree": -0.17704581934086616, "log10_eta": -1.5464596506308306, "log10_lambda": 0.3633208281121174, "log10_min_child_weight": 3.5304457807073177, "log10_subsample": -0.8537371304422156, "max_depth": 2.0, "num_boost_round": 152.0}, "datetime": {"datetime": "2024-01-19 01:12:11", "elapsed": 3639.516389, "delta": 0.004084}}
{"target": -13.77545998564452, "params": {"gamma": 721.1479575491683, "log10_alpha": -0.1887213358108628, "log10_colsample_bytree": -0.17704581934086616, "log10_eta": -1.5464596506308306, "log10_lambda": 0.3633208281121174, "log10_min_child_weight": 3.5304457807073177, "log10_subsample": -0.8537371304422156, "max_depth": 2.0, "num_boost_round": 153.0}, "datetime": {"datetime": "2024-01-19 01:12:11", "elapsed": 3639.520336, "delta": 0.003947}}
{"target": -13.775527390218219, "params": {"gamma": 721.1479575491683, "log10_alpha": -0.1887213358108628, "log10_colsample_bytree": -0.17704581934086616, "log10_eta": -1.5464596506308306, "log10_lambda": 0.3633208281121174, "log10_min_child_weight": 3.5304457807073177, "log10_subsample": -0.8537371304422156, "max_depth": 2.0, "num_boost_round": 154.0}, "datetime": {"datetime": "2024-01-19 01:12:11", "elapsed": 3639.52445, "delta": 0.004114}}
{"target": -13.775676517344264, "params": {"gamma": 721.1479575491683, "log10_alpha": -0.1887213358108628, "log10_colsample_bytree": -0.17704581934086616, "log10_eta": -1.5464596506308306, "log10_lambda": 0.3633208281121174, "log10_min_child_weight": 3.5304457807073177, "log10_subsample": -0.8537371304422156, "max_depth": 2.0, "num_boost_round": 155.0}, "datetime": {"datetime": "2024-01-19 01:12:11", "elapsed": 3639.52857, "delta": 0.00412}}
{"target": -13.775694044566354, "params": {"gamma": 721.1479575491683, "log10_alpha": -0.1887213358108628, "log10_colsample_bytree": -0.17704581934086616, "log10_eta": -1.5464596506308306, "log10_lambda": 0.3633208281121174, "log10_min_child_weight": 3.5304457807073177, "log10_subsample": -0.8537371304422156, "max_depth": 2.0, "num_boost_round": 156.0}, "datetime": {"datetime": "2024-01-19 01:12:11", "elapsed": 3639.532542, "delta": 0.003972}}
{"target": -13.775636274103807, "params": {"gamma": 721.1479575491683, "log10_alpha": -0.1887213358108628, "log10_colsample_bytree": -0.17704581934086616, "log10_eta": -1.5464596506308306, "log10_lambda": 0.3633208281121174, "log10_min_child_weight": 3.5304457807073177, "log10_subsample": -0.8537371304422156, "max_depth": 2.0, "num_boost_round": 157.0}, "datetime": {"datetime": "2024-01-19 01:12:11", "elapsed": 3639.536603, "delta": 0.004061}}
{"target": -13.775748438614956, "params": {"gamma": 721.1479575491683, "log10_alpha": -0.1887213358108628, "log10_colsample_bytree": -0.17704581934086616, "log10_eta": -1.5464596506308306, "log10_lambda": 0.3633208281121174, "log10_min_child_weight": 3.5304457807073177, "log10_subsample": -0.8537371304422156, "max_depth": 2.0, "num_boost_round": 158.0}, "datetime": {"datetime": "2024-01-19 01:12:11", "elapsed": 3639.540575, "delta": 0.003972}}
{"target": -13.779415234797808, "params": {"gamma": 728.8415418452784, "log10_alpha": 0.4848184941218534, "log10_colsample_bytree": -0.7401708959040084, "log10_eta": -0.05663358081587866, "log10_lambda": -3.348439952204035, "log10_min_child_weight": 1.2379961093020286, "log10_subsample": -0.059998632992281364, "max_depth": 4.0, "num_boost_round": 0.0}, "datetime": {"datetime": "2024-01-19 01:13:11", "elapsed": 3698.9732, "delta": 59.432625}}
{"target": -13.85439072222237, "params": {"gamma": 728.8415418452784, "log10_alpha": 0.4848184941218534, "log10_colsample_bytree": -0.7401708959040084, "log10_eta": -0.05663358081587866, "log10_lambda": -3.348439952204035, "log10_min_child_weight": 1.2379961093020286, "log10_subsample": -0.059998632992281364, "max_depth": 4.0, "num_boost_round": 1.0}, "datetime": {"datetime": "2024-01-19 01:13:11", "elapsed": 3698.977854, "delta": 0.004654}}
{"target": -13.953138939891678, "params": {"gamma": 728.8415418452784, "log10_alpha": 0.4848184941218534, "log10_colsample_bytree": -0.7401708959040084, "log10_eta": -0.05663358081587866, "log10_lambda": -3.348439952204035, "log10_min_child_weight": 1.2379961093020286, "log10_subsample": -0.059998632992281364, "max_depth": 4.0, "num_boost_round": 2.0}, "datetime": {"datetime": "2024-01-19 01:13:11", "elapsed": 3698.982084, "delta": 0.00423}}
{"target": -14.000563288311564, "params": {"gamma": 728.8415418452784, "log10_alpha": 0.4848184941218534, "log10_colsample_bytree": -0.7401708959040084, "log10_eta": -0.05663358081587866, "log10_lambda": -3.348439952204035, "log10_min_child_weight": 1.2379961093020286, "log10_subsample": -0.059998632992281364, "max_depth": 4.0, "num_boost_round": 3.0}, "datetime": {"datetime": "2024-01-19 01:13:11", "elapsed": 3698.985975, "delta": 0.003891}}
{"target": -14.028547290559164, "params": {"gamma": 728.8415418452784, "log10_alpha": 0.4848184941218534, "log10_colsample_bytree": -0.7401708959040084, "log10_eta": -0.05663358081587866, "log10_lambda": -3.348439952204035, "log10_min_child_weight": 1.2379961093020286, "log10_subsample": -0.059998632992281364, "max_depth": 4.0, "num_boost_round": 4.0}, "datetime": {"datetime": "2024-01-19 01:13:11", "elapsed": 3698.990063, "delta": 0.004088}}
{"target": -14.095673611856972, "params": {"gamma": 728.8415418452784, "log10_alpha": 0.4848184941218534, "log10_colsample_bytree": -0.7401708959040084, "log10_eta": -0.05663358081587866, "log10_lambda": -3.348439952204035, "log10_min_child_weight": 1.2379961093020286, "log10_subsample": -0.059998632992281364, "max_depth": 4.0, "num_boost_round": 5.0}, "datetime": {"datetime": "2024-01-19 01:13:11", "elapsed": 3698.99438, "delta": 0.004317}}
{"target": -14.121936404106853, "params": {"gamma": 728.8415418452784, "log10_alpha": 0.4848184941218534, "log10_colsample_bytree": -0.7401708959040084, "log10_eta": -0.05663358081587866, "log10_lambda": -3.348439952204035, "log10_min_child_weight": 1.2379961093020286, "log10_subsample": -0.059998632992281364, "max_depth": 4.0, "num_boost_round": 6.0}, "datetime": {"datetime": "2024-01-19 01:13:11", "elapsed": 3698.998468, "delta": 0.004088}}
{"target": -14.339073201617902, "params": {"gamma": 728.8415418452784, "log10_alpha": 0.4848184941218534, "log10_colsample_bytree": -0.7401708959040084, "log10_eta": -0.05663358081587866, "log10_lambda": -3.348439952204035, "log10_min_child_weight": 1.2379961093020286, "log10_subsample": -0.059998632992281364, "max_depth": 4.0, "num_boost_round": 7.0}, "datetime": {"datetime": "2024-01-19 01:13:11", "elapsed": 3699.002566, "delta": 0.004098}}
{"target": -14.366238162259018, "params": {"gamma": 728.8415418452784, "log10_alpha": 0.4848184941218534, "log10_colsample_bytree": -0.7401708959040084, "log10_eta": -0.05663358081587866, "log10_lambda": -3.348439952204035, "log10_min_child_weight": 1.2379961093020286, "log10_subsample": -0.059998632992281364, "max_depth": 4.0, "num_boost_round": 8.0}, "datetime": {"datetime": "2024-01-19 01:13:11", "elapsed": 3699.006566, "delta": 0.004}}
{"target": -14.381334855015119, "params": {"gamma": 728.8415418452784, "log10_alpha": 0.4848184941218534, "log10_colsample_bytree": -0.7401708959040084, "log10_eta": -0.05663358081587866, "log10_lambda": -3.348439952204035, "log10_min_child_weight": 1.2379961093020286, "log10_subsample": -0.059998632992281364, "max_depth": 4.0, "num_boost_round": 9.0}, "datetime": {"datetime": "2024-01-19 01:13:11", "elapsed": 3699.010675, "delta": 0.004109}}
{"target": -14.416054543088078, "params": {"gamma": 728.8415418452784, "log10_alpha": 0.4848184941218534, "log10_colsample_bytree": -0.7401708959040084, "log10_eta": -0.05663358081587866, "log10_lambda": -3.348439952204035, "log10_min_child_weight": 1.2379961093020286, "log10_subsample": -0.059998632992281364, "max_depth": 4.0, "num_boost_round": 10.0}, "datetime": {"datetime": "2024-01-19 01:13:11", "elapsed": 3699.014828, "delta": 0.004153}}
{"target": -14.422604358405643, "params": {"gamma": 728.8415418452784, "log10_alpha": 0.4848184941218534, "log10_colsample_bytree": -0.7401708959040084, "log10_eta": -0.05663358081587866, "log10_lambda": -3.348439952204035, "log10_min_child_weight": 1.2379961093020286, "log10_subsample": -0.059998632992281364, "max_depth": 4.0, "num_boost_round": 11.0}, "datetime": {"datetime": "2024-01-19 01:13:11", "elapsed": 3699.018829, "delta": 0.004001}}
{"target": -14.43936145182525, "params": {"gamma": 728.8415418452784, "log10_alpha": 0.4848184941218534, "log10_colsample_bytree": -0.7401708959040084, "log10_eta": -0.05663358081587866, "log10_lambda": -3.348439952204035, "log10_min_child_weight": 1.2379961093020286, "log10_subsample": -0.059998632992281364, "max_depth": 4.0, "num_boost_round": 12.0}, "datetime": {"datetime": "2024-01-19 01:13:11", "elapsed": 3699.140437, "delta": 0.121608}}
{"target": -14.464095917494733, "params": {"gamma": 728.8415418452784, "log10_alpha": 0.4848184941218534, "log10_colsample_bytree": -0.7401708959040084, "log10_eta": -0.05663358081587866, "log10_lambda": -3.348439952204035, "log10_min_child_weight": 1.2379961093020286, "log10_subsample": -0.059998632992281364, "max_depth": 4.0, "num_boost_round": 13.0}, "datetime": {"datetime": "2024-01-19 01:13:11", "elapsed": 3699.145235, "delta": 0.004798}}
{"target": -14.474585225423985, "params": {"gamma": 728.8415418452784, "log10_alpha": 0.4848184941218534, "log10_colsample_bytree": -0.7401708959040084, "log10_eta": -0.05663358081587866, "log10_lambda": -3.348439952204035, "log10_min_child_weight": 1.2379961093020286, "log10_subsample": -0.059998632992281364, "max_depth": 4.0, "num_boost_round": 14.0}, "datetime": {"datetime": "2024-01-19 01:13:11", "elapsed": 3699.149836, "delta": 0.004601}}
{"target": -14.46741981541102, "params": {"gamma": 728.8415418452784, "log10_alpha": 0.4848184941218534, "log10_colsample_bytree": -0.7401708959040084, "log10_eta": -0.05663358081587866, "log10_lambda": -3.348439952204035, "log10_min_child_weight": 1.2379961093020286, "log10_subsample": -0.059998632992281364, "max_depth": 4.0, "num_boost_round": 15.0}, "datetime": {"datetime": "2024-01-19 01:13:11", "elapsed": 3699.154591, "delta": 0.004755}}
{"target": -14.482577886533987, "params": {"gamma": 728.8415418452784, "log10_alpha": 0.4848184941218534, "log10_colsample_bytree": -0.7401708959040084, "log10_eta": -0.05663358081587866, "log10_lambda": -3.348439952204035, "log10_min_child_weight": 1.2379961093020286, "log10_subsample": -0.059998632992281364, "max_depth": 4.0, "num_boost_round": 16.0}, "datetime": {"datetime": "2024-01-19 01:13:11", "elapsed": 3699.159254, "delta": 0.004663}}
{"target": -14.48204391363277, "params": {"gamma": 728.8415418452784, "log10_alpha": 0.4848184941218534, "log10_colsample_bytree": -0.7401708959040084, "log10_eta": -0.05663358081587866, "log10_lambda": -3.348439952204035, "log10_min_child_weight": 1.2379961093020286, "log10_subsample": -0.059998632992281364, "max_depth": 4.0, "num_boost_round": 17.0}, "datetime": {"datetime": "2024-01-19 01:13:11", "elapsed": 3699.163602, "delta": 0.004348}}
{"target": -14.516117338312256, "params": {"gamma": 728.8415418452784, "log10_alpha": 0.4848184941218534, "log10_colsample_bytree": -0.7401708959040084, "log10_eta": -0.05663358081587866, "log10_lambda": -3.348439952204035, "log10_min_child_weight": 1.2379961093020286, "log10_subsample": -0.059998632992281364, "max_depth": 4.0, "num_boost_round": 18.0}, "datetime": {"datetime": "2024-01-19 01:13:11", "elapsed": 3699.167704, "delta": 0.004102}}
{"target": -14.558681996647477, "params": {"gamma": 728.8415418452784, "log10_alpha": 0.4848184941218534, "log10_colsample_bytree": -0.7401708959040084, "log10_eta": -0.05663358081587866, "log10_lambda": -3.348439952204035, "log10_min_child_weight": 1.2379961093020286, "log10_subsample": -0.059998632992281364, "max_depth": 4.0, "num_boost_round": 19.0}, "datetime": {"datetime": "2024-01-19 01:13:11", "elapsed": 3699.172846, "delta": 0.005142}}
{"target": -14.557488758858272, "params": {"gamma": 728.8415418452784, "log10_alpha": 0.4848184941218534, "log10_colsample_bytree": -0.7401708959040084, "log10_eta": -0.05663358081587866, "log10_lambda": -3.348439952204035, "log10_min_child_weight": 1.2379961093020286, "log10_subsample": -0.059998632992281364, "max_depth": 4.0, "num_boost_round": 20.0}, "datetime": {"datetime": "2024-01-19 01:13:11", "elapsed": 3699.177765, "delta": 0.004919}}
{"target": -14.591176372086993, "params": {"gamma": 728.8415418452784, "log10_alpha": 0.4848184941218534, "log10_colsample_bytree": -0.7401708959040084, "log10_eta": -0.05663358081587866, "log10_lambda": -3.348439952204035, "log10_min_child_weight": 1.2379961093020286, "log10_subsample": -0.059998632992281364, "max_depth": 4.0, "num_boost_round": 21.0}, "datetime": {"datetime": "2024-01-19 01:13:11", "elapsed": 3699.181961, "delta": 0.004196}}
{"target": -14.603775707017771, "params": {"gamma": 728.8415418452784, "log10_alpha": 0.4848184941218534, "log10_colsample_bytree": -0.7401708959040084, "log10_eta": -0.05663358081587866, "log10_lambda": -3.348439952204035, "log10_min_child_weight": 1.2379961093020286, "log10_subsample": -0.059998632992281364, "max_depth": 4.0, "num_boost_round": 22.0}, "datetime": {"datetime": "2024-01-19 01:13:11", "elapsed": 3699.186149, "delta": 0.004188}}
{"target": -13.758476117339022, "params": {"gamma": 716.061653087431, "log10_alpha": 0.7938363119556238, "log10_colsample_bytree": -0.46479136658615616, "log10_eta": -1.597471237401495, "log10_lambda": 0.7749000985459507, "log10_min_child_weight": 3.690742499743975, "log10_subsample": -0.6053766432781192, "max_depth": 2.0, "num_boost_round": 0.0}, "datetime": {"datetime": "2024-01-19 01:13:49", "elapsed": 3736.815182, "delta": 37.629033}}
{"target": -13.758523551581675, "params": {"gamma": 716.061653087431, "log10_alpha": 0.7938363119556238, "log10_colsample_bytree": -0.46479136658615616, "log10_eta": -1.597471237401495, "log10_lambda": 0.7749000985459507, "log10_min_child_weight": 3.690742499743975, "log10_subsample": -0.6053766432781192, "max_depth": 2.0, "num_boost_round": 1.0}, "datetime": {"datetime": "2024-01-19 01:13:49", "elapsed": 3736.820195, "delta": 0.005013}}
{"target": -13.758301277099592, "params": {"gamma": 716.061653087431, "log10_alpha": 0.7938363119556238, "log10_colsample_bytree": -0.46479136658615616, "log10_eta": -1.597471237401495, "log10_lambda": 0.7749000985459507, "log10_min_child_weight": 3.690742499743975, "log10_subsample": -0.6053766432781192, "max_depth": 2.0, "num_boost_round": 2.0}, "datetime": {"datetime": "2024-01-19 01:13:49", "elapsed": 3736.824417, "delta": 0.004222}}
{"target": -13.758340571678794, "params": {"gamma": 716.061653087431, "log10_alpha": 0.7938363119556238, "log10_colsample_bytree": -0.46479136658615616, "log10_eta": -1.597471237401495, "log10_lambda": 0.7749000985459507, "log10_min_child_weight": 3.690742499743975, "log10_subsample": -0.6053766432781192, "max_depth": 2.0, "num_boost_round": 3.0}, "datetime": {"datetime": "2024-01-19 01:13:49", "elapsed": 3736.828441, "delta": 0.004024}}
{"target": -13.758756453721166, "params": {"gamma": 716.061653087431, "log10_alpha": 0.7938363119556238, "log10_colsample_bytree": -0.46479136658615616, "log10_eta": -1.597471237401495, "log10_lambda": 0.7749000985459507, "log10_min_child_weight": 3.690742499743975, "log10_subsample": -0.6053766432781192, "max_depth": 2.0, "num_boost_round": 4.0}, "datetime": {"datetime": "2024-01-19 01:13:49", "elapsed": 3736.832666, "delta": 0.004225}}
{"target": -13.759058937132302, "params": {"gamma": 716.061653087431, "log10_alpha": 0.7938363119556238, "log10_colsample_bytree": -0.46479136658615616, "log10_eta": -1.597471237401495, "log10_lambda": 0.7749000985459507, "log10_min_child_weight": 3.690742499743975, "log10_subsample": -0.6053766432781192, "max_depth": 2.0, "num_boost_round": 5.0}, "datetime": {"datetime": "2024-01-19 01:13:49", "elapsed": 3736.836844, "delta": 0.004178}}
{"target": -13.75920132717691, "params": {"gamma": 716.061653087431, "log10_alpha": 0.7938363119556238, "log10_colsample_bytree": -0.46479136658615616, "log10_eta": -1.597471237401495, "log10_lambda": 0.7749000985459507, "log10_min_child_weight": 3.690742499743975, "log10_subsample": -0.6053766432781192, "max_depth": 2.0, "num_boost_round": 6.0}, "datetime": {"datetime": "2024-01-19 01:13:49", "elapsed": 3736.841435, "delta": 0.004591}}
{"target": -13.759226301201847, "params": {"gamma": 716.061653087431, "log10_alpha": 0.7938363119556238, "log10_colsample_bytree": -0.46479136658615616, "log10_eta": -1.597471237401495, "log10_lambda": 0.7749000985459507, "log10_min_child_weight": 3.690742499743975, "log10_subsample": -0.6053766432781192, "max_depth": 2.0, "num_boost_round": 7.0}, "datetime": {"datetime": "2024-01-19 01:13:49", "elapsed": 3736.845879, "delta": 0.004444}}
{"target": -13.759573734536817, "params": {"gamma": 716.061653087431, "log10_alpha": 0.7938363119556238, "log10_colsample_bytree": -0.46479136658615616, "log10_eta": -1.597471237401495, "log10_lambda": 0.7749000985459507, "log10_min_child_weight": 3.690742499743975, "log10_subsample": -0.6053766432781192, "max_depth": 2.0, "num_boost_round": 8.0}, "datetime": {"datetime": "2024-01-19 01:13:49", "elapsed": 3736.850179, "delta": 0.0043}}
{"target": -13.759426511278903, "params": {"gamma": 716.061653087431, "log10_alpha": 0.7938363119556238, "log10_colsample_bytree": -0.46479136658615616, "log10_eta": -1.597471237401495, "log10_lambda": 0.7749000985459507, "log10_min_child_weight": 3.690742499743975, "log10_subsample": -0.6053766432781192, "max_depth": 2.0, "num_boost_round": 9.0}, "datetime": {"datetime": "2024-01-19 01:13:49", "elapsed": 3736.854344, "delta": 0.004165}}
