{"target": -14.133549977418456, "params": {"gamma": 11.729082872836138, "log10_alpha": -1.123612378177505, "log10_colsample_bytree": -0.7458906698845261, "log10_eta": -0.20729532958720442, "log10_lambda": -2.44330861501086, "log10_min_child_weight": 0.7235342147519253, "log10_subsample": -0.8071354477967168, "max_depth": 4.0, "num_boost_round": 22.0}, "datetime": {"datetime": "2024-01-19 00:13:53", "elapsed": 141.740558, "delta": 0.000358}}
{"target": -14.419491688422315, "params": {"gamma": 11.729082872836138, "log10_alpha": -1.123612378177505, "log10_colsample_bytree": -0.7458906698845261, "log10_eta": -0.20729532958720442, "log10_lambda": -2.44330861501086, "log10_min_child_weight": 0.7235342147519253, "log10_subsample": -0.8071354477967168, "max_depth": 4.0, "num_boost_round": 23.0}, "datetime": {"datetime": "2024-01-19 00:13:53", "elapsed": 141.74092, "delta": 0.000362}}
{"target": -14.426846501143082, "params": {"gamma": 11.729082872836138, "log10_alpha": -1.123612378177505, "log10_colsample_bytree": -0.7458906698845261, "log10_eta": -0.20729532958720442, "log10_lambda": -2.44330861501086, "log10_min_child_weight": 0.7235342147519253, "log10_subsample": -0.8071354477967168, "max_depth": 4.0, "num_boost_round": 24.0}, "datetime": {"datetime": "2024-01-19 00:13:53", "elapsed": 141.741277, "delta": 0.000357}}
{"target": -14.4326771546754, "params": {"gamma": 11.729082872836138, "log10_alpha": -1.123612378177505, "log10_colsample_bytree": -0.7458906698845261, "log10_eta": -0.20729532958720442, "log10_lambda": -2.44330861501086, "log10_min_child_weight": 0.7235342147519253, "log10_subsample": -0.8071354477967168, "max_depth": 4.0, "num_boost_round": 25.0}, "datetime": {"datetime": "2024-01-19 00:13:53", "elapsed": 141.74168, "delta": 0.000403}}
{"target": -13.758430757801642, "params": {"gamma": 8.541244969031304, "log10_alpha": -1.2906231736464422, "log10_colsample_bytree": -0.8045781626775631, "log10_eta": -2.647253085051945, "log10_lambda": -0.20710135670474994, "log10_min_child_weight": 0.29949743854985555, "log10_subsample": -0.5878057500831741, "max_depth": 7.0, "num_boost_round": 0.0}, "datetime": {"datetime": "2024-01-19 00:14:15", "elapsed": 163.823893, "delta": 22.082213}}
{"target": -13.758488008305541, "params": {"gamma": 8.541244969031304, "log10_alpha": -1.2906231736464422, "log10_colsample_bytree": -0.8045781626775631, "log10_eta": -2.647253085051945, "log10_lambda": -0.20710135670474994, "log10_min_child_weight": 0.29949743854985555, "log10_subsample": -0.5878057500831741, "max_depth": 7.0, "num_boost_round": 1.0}, "datetime": {"datetime": "2024-01-19 00:14:15", "elapsed": 163.824386, "delta": 0.000493}}
{"target": -13.758437409226788, "params": {"gamma": 8.541244969031304, "log10_alpha": -1.2906231736464422, "log10_colsample_bytree": -0.8045781626775631, "log10_eta": -2.647253085051945, "log10_lambda": -0.20710135670474994, "log10_min_child_weight": 0.29949743854985555, "log10_subsample": -0.5878057500831741, "max_depth": 7.0, "num_boost_round": 2.0}, "datetime": {"datetime": "2024-01-19 00:14:15", "elapsed": 163.824776, "delta": 0.00039}}
{"target": -13.758423545001138, "params": {"gamma": 8.541244969031304, "log10_alpha": -1.2906231736464422, "log10_colsample_bytree": -0.8045781626775631, "log10_eta": -2.647253085051945, "log10_lambda": -0.20710135670474994, "log10_min_child_weight": 0.29949743854985555, "log10_subsample": -0.5878057500831741, "max_depth": 7.0, "num_boost_round": 3.0}, "datetime": {"datetime": "2024-01-19 00:14:15", "elapsed": 163.825146, "delta": 0.00037}}
{"target": -13.758408486097109, "params": {"gamma": 8.541244969031304, "log10_alpha": -1.2906231736464422, "log10_colsample_bytree": -0.8045781626775631, "log10_eta": -2.647253085051945, "log10_lambda": -0.20710135670474994, "log10_min_child_weight": 0.29949743854985555, "log10_subsample": -0.5878057500831741, "max_depth": 7.0, "num_boost_round": 4.0}, "datetime": {"datetime": "2024-01-19 00:14:15", "elapsed": 163.825525, "delta": 0.000379}}
{"target": -13.758395545420829, "params": {"gamma": 8.541244969031304, "log10_alpha": -1.2906231736464422, "log10_colsample_bytree": -0.8045781626775631, "log10_eta": -2.647253085051945, "log10_lambda": -0.20710135670474994, "log10_min_child_weight": 0.29949743854985555, "log10_subsample": -0.5878057500831741, "max_depth": 7.0, "num_boost_round": 5.0}, "datetime": {"datetime": "2024-01-19 00:14:15", "elapsed": 163.826018, "delta": 0.000493}}
{"target": -13.758398272517118, "params": {"gamma": 8.541244969031304, "log10_alpha": -1.2906231736464422, "log10_colsample_bytree": -0.8045781626775631, "log10_eta": -2.647253085051945, "log10_lambda": -0.20710135670474994, "log10_min_child_weight": 0.29949743854985555, "log10_subsample": -0.5878057500831741, "max_depth": 7.0, "num_boost_round": 6.0}, "datetime": {"datetime": "2024-01-19 00:14:15", "elapsed": 163.826807, "delta": 0.000789}}
{"target": -13.758337939983681, "params": {"gamma": 8.541244969031304, "log10_alpha": -1.2906231736464422, "log10_colsample_bytree": -0.8045781626775631, "log10_eta": -2.647253085051945, "log10_lambda": -0.20710135670474994, "log10_min_child_weight": 0.29949743854985555, "log10_subsample": -0.5878057500831741, "max_depth": 7.0, "num_boost_round": 7.0}, "datetime": {"datetime": "2024-01-19 00:14:15", "elapsed": 163.827182, "delta": 0.000375}}
{"target": -13.758339973550909, "params": {"gamma": 8.541244969031304, "log10_alpha": -1.2906231736464422, "log10_colsample_bytree": -0.8045781626775631, "log10_eta": -2.647253085051945, "log10_lambda": -0.20710135670474994, "log10_min_child_weight": 0.29949743854985555, "log10_subsample": -0.5878057500831741, "max_depth": 7.0, "num_boost_round": 8.0}, "datetime": {"datetime": "2024-01-19 00:14:15", "elapsed": 163.827557, "delta": 0.000375}}
{"target": -13.758269155773544, "params": {"gamma": 8.541244969031304, "log10_alpha": -1.2906231736464422, "log10_colsample_bytree": -0.8045781626775631, "log10_eta": -2.647253085051945, "log10_lambda": -0.20710135670474994, "log10_min_child_weight": 0.29949743854985555, "log10_subsample": -0.5878057500831741, "max_depth": 7.0, "num_boost_round": 9.0}, "datetime": {"datetime": "2024-01-19 00:14:15", "elapsed": 163.827929, "delta": 0.000372}}
{"target": -13.758144443880477, "params": {"gamma": 8.541244969031304, "log10_alpha": -1.2906231736464422, "log10_colsample_bytree": -0.8045781626775631, "log10_eta": -2.647253085051945, "log10_lambda": -0.20710135670474994, "log10_min_child_weight": 0.29949743854985555, "log10_subsample": -0.5878057500831741, "max_depth": 7.0, "num_boost_round": 10.0}, "datetime": {"datetime": "2024-01-19 00:14:15", "elapsed": 163.828305, "delta": 0.000376}}
{"target": -13.758110576485926, "params": {"gamma": 8.541244969031304, "log10_alpha": -1.2906231736464422, "log10_colsample_bytree": -0.8045781626775631, "log10_eta": -2.647253085051945, "log10_lambda": -0.20710135670474994, "log10_min_child_weight": 0.29949743854985555, "log10_subsample": -0.5878057500831741, "max_depth": 7.0, "num_boost_round": 11.0}, "datetime": {"datetime": "2024-01-19 00:14:15", "elapsed": 163.82869, "delta": 0.000385}}
{"target": -13.75814454491532, "params": {"gamma": 8.541244969031304, "log10_alpha": -1.2906231736464422, "log10_colsample_bytree": -0.8045781626775631, "log10_eta": -2.647253085051945, "log10_lambda": -0.20710135670474994, "log10_min_child_weight": 0.29949743854985555, "log10_subsample": -0.5878057500831741, "max_depth": 7.0, "num_boost_round": 12.0}, "datetime": {"datetime": "2024-01-19 00:14:15", "elapsed": 163.829285, "delta": 0.000595}}
{"target": -13.75799958889858, "params": {"gamma": 8.541244969031304, "log10_alpha": -1.2906231736464422, "log10_colsample_bytree": -0.8045781626775631, "log10_eta": -2.647253085051945, "log10_lambda": -0.20710135670474994, "log10_min_child_weight": 0.29949743854985555, "log10_subsample": -0.5878057500831741, "max_depth": 7.0, "num_boost_round": 13.0}, "datetime": {"datetime": "2024-01-19 00:14:15", "elapsed": 163.82967, "delta": 0.000385}}
{"target": -13.75794527762786, "params": {"gamma": 8.541244969031304, "log10_alpha": -1.2906231736464422, "log10_colsample_bytree": -0.8045781626775631, "log10_eta": -2.647253085051945, "log10_lambda": -0.20710135670474994, "log10_min_child_weight": 0.29949743854985555, "log10_subsample": -0.5878057500831741, "max_depth": 7.0, "num_boost_round": 14.0}, "datetime": {"datetime": "2024-01-19 00:14:15", "elapsed": 163.83005, "delta": 0.00038}}
{"target": -13.757823228486773, "params": {"gamma": 8.541244969031304, "log10_alpha": -1.2906231736464422, "log10_colsample_bytree": -0.8045781626775631, "log10_eta": -2.647253085051945, "log10_lambda": -0.20710135670474994, "log10_min_child_weight": 0.29949743854985555, "log10_subsample": -0.5878057500831741, "max_depth": 7.0, "num_boost_round": 15.0}, "datetime": {"datetime": "2024-01-19 00:14:15", "elapsed": 163.830435, "delta": 0.000385}}
{"target": -13.75787719643952, "params": {"gamma": 8.541244969031304, "log10_alpha": -1.2906231736464422, "log10_colsample_bytree": -0.8045781626775631, "log10_eta": -2.647253085051945, "log10_lambda": -0.20710135670474994, "log10_min_child_weight": 0.29949743854985555, "log10_subsample": -0.5878057500831741, "max_depth": 7.0, "num_boost_round": 16.0}, "datetime": {"datetime": "2024-01-19 00:14:15", "elapsed": 163.830815, "delta": 0.00038}}
{"target": -13.757827080790182, "params": {"gamma": 8.541244969031304, "log10_alpha": -1.2906231736464422, "log10_colsample_bytree": -0.8045781626775631, "log10_eta": -2.647253085051945, "log10_lambda": -0.20710135670474994, "log10_min_child_weight": 0.29949743854985555, "log10_subsample": -0.5878057500831741, "max_depth": 7.0, "num_boost_round": 17.0}, "datetime": {"datetime": "2024-01-19 00:14:15", "elapsed": 163.831192, "delta": 0.000377}}
{"target": -13.757826060121765, "params": {"gamma": 8.541244969031304, "log10_alpha": -1.2906231736464422, "log10_colsample_bytree": -0.8045781626775631, "log10_eta": -2.647253085051945, "log10_lambda": -0.20710135670474994, "log10_min_child_weight": 0.29949743854985555, "log10_subsample": -0.5878057500831741, "max_depth": 7.0, "num_boost_round": 18.0}, "datetime": {"datetime": "2024-01-19 00:14:15", "elapsed": 163.831582, "delta": 0.00039}}
{"target": -13.757885952718292, "params": {"gamma": 7.396539484591291, "log10_alpha": -0.11950766505167731, "log10_colsample_bytree": -0.737769549636906, "log10_eta": -1.0931720828738514, "log10_lambda": -4.478619789973798, "log10_min_child_weight": 1.7757424924622716, "log10_subsample": -0.35616520727215617, "max_depth": 4.0, "num_boost_round": 0.0}, "datetime": {"datetime": "2024-01-19 00:14:35", "elapsed": 183.994384, "delta": 20.162802}}
{"target": -13.756701894995917, "params": {"gamma": 7.396539484591291, "log10_alpha": -0.11950766505167731, "log10_colsample_bytree": -0.737769549636906, "log10_eta": -1.0931720828738514, "log10_lambda": -4.478619789973798, "log10_min_child_weight": 1.7757424924622716, "log10_subsample": -0.35616520727215617, "max_depth": 4.0, "num_boost_round": 1.0}, "datetime": {"datetime": "2024-01-19 00:14:35", "elapsed": 183.994958, "delta": 0.000574}}
{"target": -13.756416758724955, "params": {"gamma": 7.396539484591291, "log10_alpha": -0.11950766505167731, "log10_colsample_bytree": -0.737769549636906, "log10_eta": -1.0931720828738514, "log10_lambda": -4.478619789973798, "log10_min_child_weight": 1.7757424924622716, "log10_subsample": -0.35616520727215617, "max_depth": 4.0, "num_boost_round": 2.0}, "datetime": {"datetime": "2024-01-19 00:14:35", "elapsed": 183.995392, "delta": 0.000434}}
{"target": -13.755576465577192, "params": {"gamma": 7.396539484591291, "log10_alpha": -0.11950766505167731, "log10_colsample_bytree": -0.737769549636906, "log10_eta": -1.0931720828738514, "log10_lambda": -4.478619789973798, "log10_min_child_weight": 1.7757424924622716, "log10_subsample": -0.35616520727215617, "max_depth": 4.0, "num_boost_round": 3.0}, "datetime": {"datetime": "2024-01-19 00:14:35", "elapsed": 183.995815, "delta": 0.000423}}
{"target": -13.756509897977137, "params": {"gamma": 7.396539484591291, "log10_alpha": -0.11950766505167731, "log10_colsample_bytree": -0.737769549636906, "log10_eta": -1.0931720828738514, "log10_lambda": -4.478619789973798, "log10_min_child_weight": 1.7757424924622716, "log10_subsample": -0.35616520727215617, "max_depth": 4.0, "num_boost_round": 4.0}, "datetime": {"datetime": "2024-01-19 00:14:35", "elapsed": 183.996224, "delta": 0.000409}}
{"target": -13.757366487899139, "params": {"gamma": 7.396539484591291, "log10_alpha": -0.11950766505167731, "log10_colsample_bytree": -0.737769549636906, "log10_eta": -1.0931720828738514, "log10_lambda": -4.478619789973798, "log10_min_child_weight": 1.7757424924622716, "log10_subsample": -0.35616520727215617, "max_depth": 4.0, "num_boost_round": 5.0}, "datetime": {"datetime": "2024-01-19 00:14:35", "elapsed": 183.996646, "delta": 0.000422}}
{"target": -13.759064826726814, "params": {"gamma": 7.396539484591291, "log10_alpha": -0.11950766505167731, "log10_colsample_bytree": -0.737769549636906, "log10_eta": -1.0931720828738514, "log10_lambda": -4.478619789973798, "log10_min_child_weight": 1.7757424924622716, "log10_subsample": -0.35616520727215617, "max_depth": 4.0, "num_boost_round": 6.0}, "datetime": {"datetime": "2024-01-19 00:14:35", "elapsed": 183.997067, "delta": 0.000421}}
{"target": -13.760022279545458, "params": {"gamma": 7.396539484591291, "log10_alpha": -0.11950766505167731, "log10_colsample_bytree": -0.737769549636906, "log10_eta": -1.0931720828738514, "log10_lambda": -4.478619789973798, "log10_min_child_weight": 1.7757424924622716, "log10_subsample": -0.35616520727215617, "max_depth": 4.0, "num_boost_round": 7.0}, "datetime": {"datetime": "2024-01-19 00:14:35", "elapsed": 183.997494, "delta": 0.000427}}
{"target": -13.762702914345525, "params": {"gamma": 7.396539484591291, "log10_alpha": -0.11950766505167731, "log10_colsample_bytree": -0.737769549636906, "log10_eta": -1.0931720828738514, "log10_lambda": -4.478619789973798, "log10_min_child_weight": 1.7757424924622716, "log10_subsample": -0.35616520727215617, "max_depth": 4.0, "num_boost_round": 8.0}, "datetime": {"datetime": "2024-01-19 00:14:35", "elapsed": 183.997903, "delta": 0.000409}}
{"target": -13.763315087396556, "params": {"gamma": 7.396539484591291, "log10_alpha": -0.11950766505167731, "log10_colsample_bytree": -0.737769549636906, "log10_eta": -1.0931720828738514, "log10_lambda": -4.478619789973798, "log10_min_child_weight": 1.7757424924622716, "log10_subsample": -0.35616520727215617, "max_depth": 4.0, "num_boost_round": 9.0}, "datetime": {"datetime": "2024-01-19 00:14:35", "elapsed": 183.998428, "delta": 0.000525}}
{"target": -13.763656137837259, "params": {"gamma": 7.396539484591291, "log10_alpha": -0.11950766505167731, "log10_colsample_bytree": -0.737769549636906, "log10_eta": -1.0931720828738514, "log10_lambda": -4.478619789973798, "log10_min_child_weight": 1.7757424924622716, "log10_subsample": -0.35616520727215617, "max_depth": 4.0, "num_boost_round": 10.0}, "datetime": {"datetime": "2024-01-19 00:14:35", "elapsed": 183.999545, "delta": 0.001117}}
{"target": -13.76446510198878, "params": {"gamma": 7.396539484591291, "log10_alpha": -0.11950766505167731, "log10_colsample_bytree": -0.737769549636906, "log10_eta": -1.0931720828738514, "log10_lambda": -4.478619789973798, "log10_min_child_weight": 1.7757424924622716, "log10_subsample": -0.35616520727215617, "max_depth": 4.0, "num_boost_round": 11.0}, "datetime": {"datetime": "2024-01-19 00:14:35", "elapsed": 183.999955, "delta": 0.00041}}
{"target": -13.76606104611229, "params": {"gamma": 7.396539484591291, "log10_alpha": -0.11950766505167731, "log10_colsample_bytree": -0.737769549636906, "log10_eta": -1.0931720828738514, "log10_lambda": -4.478619789973798, "log10_min_child_weight": 1.7757424924622716, "log10_subsample": -0.35616520727215617, "max_depth": 4.0, "num_boost_round": 12.0}, "datetime": {"datetime": "2024-01-19 00:14:35", "elapsed": 184.000358, "delta": 0.000403}}
{"target": -13.767680768709452, "params": {"gamma": 7.396539484591291, "log10_alpha": -0.11950766505167731, "log10_colsample_bytree": -0.737769549636906, "log10_eta": -1.0931720828738514, "log10_lambda": -4.478619789973798, "log10_min_child_weight": 1.7757424924622716, "log10_subsample": -0.35616520727215617, "max_depth": 4.0, "num_boost_round": 13.0}, "datetime": {"datetime": "2024-01-19 00:14:35", "elapsed": 184.000767, "delta": 0.000409}}
{"target": -13.769166179651464, "params": {"gamma": 7.396539484591291, "log10_alpha": -0.11950766505167731, "log10_colsample_bytree": -0.737769549636906, "log10_eta": -1.0931720828738514, "log10_lambda": -4.478619789973798, "log10_min_child_weight": 1.7757424924622716, "log10_subsample": -0.35616520727215617, "max_depth": 4.0, "num_boost_round": 14.0}, "datetime": {"datetime": "2024-01-19 00:14:35", "elapsed": 184.00117, "delta": 0.000403}}
{"target": -13.7686312955652, "params": {"gamma": 7.396539484591291, "log10_alpha": -0.11950766505167731, "log10_colsample_bytree": -0.737769549636906, "log10_eta": -1.0931720828738514, "log10_lambda": -4.478619789973798, "log10_min_child_weight": 1.7757424924622716, "log10_subsample": -0.35616520727215617, "max_depth": 4.0, "num_boost_round": 15.0}, "datetime": {"datetime": "2024-01-19 00:14:35", "elapsed": 184.001578, "delta": 0.000408}}
{"target": -13.76931291790888, "params": {"gamma": 7.396539484591291, "log10_alpha": -0.11950766505167731, "log10_colsample_bytree": -0.737769549636906, "log10_eta": -1.0931720828738514, "log10_lambda": -4.478619789973798, "log10_min_child_weight": 1.7757424924622716, "log10_subsample": -0.35616520727215617, "max_depth": 4.0, "num_boost_round": 16.0}, "datetime": {"datetime": "2024-01-19 00:14:35", "elapsed": 184.001992, "delta": 0.000414}}
{"target": -13.770197915677782, "params": {"gamma": 7.396539484591291, "log10_alpha": -0.11950766505167731, "log10_colsample_bytree": -0.737769549636906, "log10_eta": -1.0931720828738514, "log10_lambda": -4.478619789973798, "log10_min_child_weight": 1.7757424924622716, "log10_subsample": -0.35616520727215617, "max_depth": 4.0, "num_boost_round": 17.0}, "datetime": {"datetime": "2024-01-19 00:14:35", "elapsed": 184.002406, "delta": 0.000414}}
{"target": -13.77171850507121, "params": {"gamma": 7.396539484591291, "log10_alpha": -0.11950766505167731, "log10_colsample_bytree": -0.737769549636906, "log10_eta": -1.0931720828738514, "log10_lambda": -4.478619789973798, "log10_min_child_weight": 1.7757424924622716, "log10_subsample": -0.35616520727215617, "max_depth": 4.0, "num_boost_round": 18.0}, "datetime": {"datetime": "2024-01-19 00:14:35", "elapsed": 184.002812, "delta": 0.000406}}
{"target": -13.758537939304327, "params": {"gamma": 5.414949785866985, "log10_alpha": -0.81928653479111, "log10_colsample_bytree": -0.22756844264097453, "log10_eta": -3.6721655420795023, "log10_lambda": -0.5538761023262051, "log10_min_child_weight": 3.5515261299122614, "log10_subsample": -0.13516924049979806, "max_depth": 5.0, "num_boost_round": 0.0}, "datetime": {"datetime": "2024-01-19 00:14:53", "elapsed": 201.512494, "delta": 17.509682}}
{"target": -13.758535658401206, "params": {"gamma": 5.414949785866985, "log10_alpha": -0.81928653479111, "log10_colsample_bytree": -0.22756844264097453, "log10_eta": -3.6721655420795023, "log10_lambda": -0.5538761023262051, "log10_min_child_weight": 3.5515261299122614, "log10_subsample": -0.13516924049979806, "max_depth": 5.0, "num_boost_round": 1.0}, "datetime": {"datetime": "2024-01-19 00:14:53", "elapsed": 201.513753, "delta": 0.001259}}
{"target": -13.758530651412435, "params": {"gamma": 5.414949785866985, "log10_alpha": -0.81928653479111, "log10_colsample_bytree": -0.22756844264097453, "log10_eta": -3.6721655420795023, "log10_lambda": -0.5538761023262051, "log10_min_child_weight": 3.5515261299122614, "log10_subsample": -0.13516924049979806, "max_depth": 5.0, "num_boost_round": 2.0}, "datetime": {"datetime": "2024-01-19 00:14:53", "elapsed": 201.514214, "delta": 0.000461}}
{"target": -13.758534335382421, "params": {"gamma": 5.414949785866985, "log10_alpha": -0.81928653479111, "log10_colsample_bytree": -0.22756844264097453, "log10_eta": -3.6721655420795023, "log10_lambda": -0.5538761023262051, "log10_min_child_weight": 3.5515261299122614, "log10_subsample": -0.13516924049979806, "max_depth": 5.0, "num_boost_round": 3.0}, "datetime": {"datetime": "2024-01-19 00:14:53", "elapsed": 201.514655, "delta": 0.000441}}
{"target": -13.758533708981474, "params": {"gamma": 5.414949785866985, "log10_alpha": -0.81928653479111, "log10_colsample_bytree": -0.22756844264097453, "log10_eta": -3.6721655420795023, "log10_lambda": -0.5538761023262051, "log10_min_child_weight": 3.5515261299122614, "log10_subsample": -0.13516924049979806, "max_depth": 5.0, "num_boost_round": 4.0}, "datetime": {"datetime": "2024-01-19 00:14:53", "elapsed": 201.515556, "delta": 0.000901}}
{"target": -13.758531599786954, "params": {"gamma": 5.414949785866985, "log10_alpha": -0.81928653479111, "log10_colsample_bytree": -0.22756844264097453, "log10_eta": -3.6721655420795023, "log10_lambda": -0.5538761023262051, "log10_min_child_weight": 3.5515261299122614, "log10_subsample": -0.13516924049979806, "max_depth": 5.0, "num_boost_round": 5.0}, "datetime": {"datetime": "2024-01-19 00:14:53", "elapsed": 201.515986, "delta": 0.00043}}
{"target": -13.758527712432926, "params": {"gamma": 5.414949785866985, "log10_alpha": -0.81928653479111, "log10_colsample_bytree": -0.22756844264097453, "log10_eta": -3.6721655420795023, "log10_lambda": -0.5538761023262051, "log10_min_child_weight": 3.5515261299122614, "log10_subsample": -0.13516924049979806, "max_depth": 5.0, "num_boost_round": 6.0}, "datetime": {"datetime": "2024-01-19 00:14:53", "elapsed": 201.516414, "delta": 0.000428}}
