{"target": -13.75849352772264, "params": {"gamma": 730.037061776486, "log10_alpha": -2.1516892480424636, "log10_colsample_bytree": -0.07042138901554429, "log10_eta": -3.1202770377392395, "log10_lambda": -0.4835047401352224, "log10_min_child_weight": 1.2946383599740263, "log10_subsample": -0.12803057635436244, "max_depth": 6.0, "num_boost_round": 21.0}, "datetime": {"datetime": "2024-01-19 01:49:29", "elapsed": 5876.670533, "delta": 0.005799}}
{"target": -13.758496600223337, "params": {"gamma": 730.037061776486, "log10_alpha": -2.1516892480424636, "log10_colsample_bytree": -0.07042138901554429, "log10_eta": -3.1202770377392395, "log10_lambda": -0.4835047401352224, "log10_min_child_weight": 1.2946383599740263, "log10_subsample": -0.12803057635436244, "max_depth": 6.0, "num_boost_round": 22.0}, "datetime": {"datetime": "2024-01-19 01:49:29", "elapsed": 5876.676589, "delta": 0.006056}}
{"target": -13.758502414832888, "params": {"gamma": 730.037061776486, "log10_alpha": -2.1516892480424636, "log10_colsample_bytree": -0.07042138901554429, "log10_eta": -3.1202770377392395, "log10_lambda": -0.4835047401352224, "log10_min_child_weight": 1.2946383599740263, "log10_subsample": -0.12803057635436244, "max_depth": 6.0, "num_boost_round": 23.0}, "datetime": {"datetime": "2024-01-19 01:49:29", "elapsed": 5876.682685, "delta": 0.006096}}
{"target": -13.758495395612282, "params": {"gamma": 730.037061776486, "log10_alpha": -2.1516892480424636, "log10_colsample_bytree": -0.07042138901554429, "log10_eta": -3.1202770377392395, "log10_lambda": -0.4835047401352224, "log10_min_child_weight": 1.2946383599740263, "log10_subsample": -0.12803057635436244, "max_depth": 6.0, "num_boost_round": 24.0}, "datetime": {"datetime": "2024-01-19 01:49:29", "elapsed": 5876.688494, "delta": 0.005809}}
{"target": -13.75848193726228, "params": {"gamma": 730.037061776486, "log10_alpha": -2.1516892480424636, "log10_colsample_bytree": -0.07042138901554429, "log10_eta": -3.1202770377392395, "log10_lambda": -0.4835047401352224, "log10_min_child_weight": 1.2946383599740263, "log10_subsample": -0.12803057635436244, "max_depth": 6.0, "num_boost_round": 25.0}, "datetime": {"datetime": "2024-01-19 01:49:29", "elapsed": 5876.694711, "delta": 0.006217}}
{"target": -13.758500005489674, "params": {"gamma": 730.037061776486, "log10_alpha": -2.1516892480424636, "log10_colsample_bytree": -0.07042138901554429, "log10_eta": -3.1202770377392395, "log10_lambda": -0.4835047401352224, "log10_min_child_weight": 1.2946383599740263, "log10_subsample": -0.12803057635436244, "max_depth": 6.0, "num_boost_round": 26.0}, "datetime": {"datetime": "2024-01-19 01:49:29", "elapsed": 5876.700647, "delta": 0.005936}}
{"target": -13.758508189590497, "params": {"gamma": 730.037061776486, "log10_alpha": -2.1516892480424636, "log10_colsample_bytree": -0.07042138901554429, "log10_eta": -3.1202770377392395, "log10_lambda": -0.4835047401352224, "log10_min_child_weight": 1.2946383599740263, "log10_subsample": -0.12803057635436244, "max_depth": 6.0, "num_boost_round": 27.0}, "datetime": {"datetime": "2024-01-19 01:49:29", "elapsed": 5876.71119, "delta": 0.010543}}
{"target": -13.758531724891006, "params": {"gamma": 730.037061776486, "log10_alpha": -2.1516892480424636, "log10_colsample_bytree": -0.07042138901554429, "log10_eta": -3.1202770377392395, "log10_lambda": -0.4835047401352224, "log10_min_child_weight": 1.2946383599740263, "log10_subsample": -0.12803057635436244, "max_depth": 6.0, "num_boost_round": 28.0}, "datetime": {"datetime": "2024-01-19 01:49:29", "elapsed": 5876.717418, "delta": 0.006228}}
{"target": -13.75855881938775, "params": {"gamma": 730.037061776486, "log10_alpha": -2.1516892480424636, "log10_colsample_bytree": -0.07042138901554429, "log10_eta": -3.1202770377392395, "log10_lambda": -0.4835047401352224, "log10_min_child_weight": 1.2946383599740263, "log10_subsample": -0.12803057635436244, "max_depth": 6.0, "num_boost_round": 29.0}, "datetime": {"datetime": "2024-01-19 01:49:29", "elapsed": 5876.723375, "delta": 0.005957}}
{"target": -13.758551559517924, "params": {"gamma": 730.037061776486, "log10_alpha": -2.1516892480424636, "log10_colsample_bytree": -0.07042138901554429, "log10_eta": -3.1202770377392395, "log10_lambda": -0.4835047401352224, "log10_min_child_weight": 1.2946383599740263, "log10_subsample": -0.12803057635436244, "max_depth": 6.0, "num_boost_round": 30.0}, "datetime": {"datetime": "2024-01-19 01:49:29", "elapsed": 5876.729225, "delta": 0.00585}}
{"target": -13.758567496185792, "params": {"gamma": 730.037061776486, "log10_alpha": -2.1516892480424636, "log10_colsample_bytree": -0.07042138901554429, "log10_eta": -3.1202770377392395, "log10_lambda": -0.4835047401352224, "log10_min_child_weight": 1.2946383599740263, "log10_subsample": -0.12803057635436244, "max_depth": 6.0, "num_boost_round": 31.0}, "datetime": {"datetime": "2024-01-19 01:49:29", "elapsed": 5876.735089, "delta": 0.005864}}
{"target": -13.7585896959783, "params": {"gamma": 730.037061776486, "log10_alpha": -2.1516892480424636, "log10_colsample_bytree": -0.07042138901554429, "log10_eta": -3.1202770377392395, "log10_lambda": -0.4835047401352224, "log10_min_child_weight": 1.2946383599740263, "log10_subsample": -0.12803057635436244, "max_depth": 6.0, "num_boost_round": 32.0}, "datetime": {"datetime": "2024-01-19 01:49:29", "elapsed": 5876.741298, "delta": 0.006209}}
{"target": -13.758595027710808, "params": {"gamma": 730.037061776486, "log10_alpha": -2.1516892480424636, "log10_colsample_bytree": -0.07042138901554429, "log10_eta": -3.1202770377392395, "log10_lambda": -0.4835047401352224, "log10_min_child_weight": 1.2946383599740263, "log10_subsample": -0.12803057635436244, "max_depth": 6.0, "num_boost_round": 33.0}, "datetime": {"datetime": "2024-01-19 01:49:29", "elapsed": 5876.748311, "delta": 0.007013}}
{"target": -13.758583502602043, "params": {"gamma": 730.037061776486, "log10_alpha": -2.1516892480424636, "log10_colsample_bytree": -0.07042138901554429, "log10_eta": -3.1202770377392395, "log10_lambda": -0.4835047401352224, "log10_min_child_weight": 1.2946383599740263, "log10_subsample": -0.12803057635436244, "max_depth": 6.0, "num_boost_round": 34.0}, "datetime": {"datetime": "2024-01-19 01:49:29", "elapsed": 5876.755332, "delta": 0.007021}}
{"target": -13.758593871822352, "params": {"gamma": 730.037061776486, "log10_alpha": -2.1516892480424636, "log10_colsample_bytree": -0.07042138901554429, "log10_eta": -3.1202770377392395, "log10_lambda": -0.4835047401352224, "log10_min_child_weight": 1.2946383599740263, "log10_subsample": -0.12803057635436244, "max_depth": 6.0, "num_boost_round": 35.0}, "datetime": {"datetime": "2024-01-19 01:49:29", "elapsed": 5876.761331, "delta": 0.005999}}
{"target": -13.758611469482666, "params": {"gamma": 730.037061776486, "log10_alpha": -2.1516892480424636, "log10_colsample_bytree": -0.07042138901554429, "log10_eta": -3.1202770377392395, "log10_lambda": -0.4835047401352224, "log10_min_child_weight": 1.2946383599740263, "log10_subsample": -0.12803057635436244, "max_depth": 6.0, "num_boost_round": 36.0}, "datetime": {"datetime": "2024-01-19 01:49:29", "elapsed": 5876.767225, "delta": 0.005894}}
{"target": -13.758615003380235, "params": {"gamma": 730.037061776486, "log10_alpha": -2.1516892480424636, "log10_colsample_bytree": -0.07042138901554429, "log10_eta": -3.1202770377392395, "log10_lambda": -0.4835047401352224, "log10_min_child_weight": 1.2946383599740263, "log10_subsample": -0.12803057635436244, "max_depth": 6.0, "num_boost_round": 37.0}, "datetime": {"datetime": "2024-01-19 01:49:29", "elapsed": 5876.773234, "delta": 0.006009}}
{"target": -13.758610915496012, "params": {"gamma": 730.037061776486, "log10_alpha": -2.1516892480424636, "log10_colsample_bytree": -0.07042138901554429, "log10_eta": -3.1202770377392395, "log10_lambda": -0.4835047401352224, "log10_min_child_weight": 1.2946383599740263, "log10_subsample": -0.12803057635436244, "max_depth": 6.0, "num_boost_round": 38.0}, "datetime": {"datetime": "2024-01-19 01:49:29", "elapsed": 5876.779176, "delta": 0.005942}}
{"target": -13.758620707141615, "params": {"gamma": 730.037061776486, "log10_alpha": -2.1516892480424636, "log10_colsample_bytree": -0.07042138901554429, "log10_eta": -3.1202770377392395, "log10_lambda": -0.4835047401352224, "log10_min_child_weight": 1.2946383599740263, "log10_subsample": -0.12803057635436244, "max_depth": 6.0, "num_boost_round": 39.0}, "datetime": {"datetime": "2024-01-19 01:49:29", "elapsed": 5876.785143, "delta": 0.005967}}
{"target": -13.758615836764976, "params": {"gamma": 730.037061776486, "log10_alpha": -2.1516892480424636, "log10_colsample_bytree": -0.07042138901554429, "log10_eta": -3.1202770377392395, "log10_lambda": -0.4835047401352224, "log10_min_child_weight": 1.2946383599740263, "log10_subsample": -0.12803057635436244, "max_depth": 6.0, "num_boost_round": 40.0}, "datetime": {"datetime": "2024-01-19 01:49:29", "elapsed": 5876.791078, "delta": 0.005935}}
{"target": -13.75861510897182, "params": {"gamma": 730.037061776486, "log10_alpha": -2.1516892480424636, "log10_colsample_bytree": -0.07042138901554429, "log10_eta": -3.1202770377392395, "log10_lambda": -0.4835047401352224, "log10_min_child_weight": 1.2946383599740263, "log10_subsample": -0.12803057635436244, "max_depth": 6.0, "num_boost_round": 41.0}, "datetime": {"datetime": "2024-01-19 01:49:29", "elapsed": 5876.796907, "delta": 0.005829}}
{"target": -13.758663165336804, "params": {"gamma": 730.037061776486, "log10_alpha": -2.1516892480424636, "log10_colsample_bytree": -0.07042138901554429, "log10_eta": -3.1202770377392395, "log10_lambda": -0.4835047401352224, "log10_min_child_weight": 1.2946383599740263, "log10_subsample": -0.12803057635436244, "max_depth": 6.0, "num_boost_round": 42.0}, "datetime": {"datetime": "2024-01-19 01:49:29", "elapsed": 5876.803559, "delta": 0.006652}}
{"target": -13.758651498515356, "params": {"gamma": 730.037061776486, "log10_alpha": -2.1516892480424636, "log10_colsample_bytree": -0.07042138901554429, "log10_eta": -3.1202770377392395, "log10_lambda": -0.4835047401352224, "log10_min_child_weight": 1.2946383599740263, "log10_subsample": -0.12803057635436244, "max_depth": 6.0, "num_boost_round": 43.0}, "datetime": {"datetime": "2024-01-19 01:49:29", "elapsed": 5876.809893, "delta": 0.006334}}
{"target": -13.758643288482386, "params": {"gamma": 730.037061776486, "log10_alpha": -2.1516892480424636, "log10_colsample_bytree": -0.07042138901554429, "log10_eta": -3.1202770377392395, "log10_lambda": -0.4835047401352224, "log10_min_child_weight": 1.2946383599740263, "log10_subsample": -0.12803057635436244, "max_depth": 6.0, "num_boost_round": 44.0}, "datetime": {"datetime": "2024-01-19 01:49:29", "elapsed": 5876.815924, "delta": 0.006031}}
{"target": -13.758658387539823, "params": {"gamma": 730.037061776486, "log10_alpha": -2.1516892480424636, "log10_colsample_bytree": -0.07042138901554429, "log10_eta": -3.1202770377392395, "log10_lambda": -0.4835047401352224, "log10_min_child_weight": 1.2946383599740263, "log10_subsample": -0.12803057635436244, "max_depth": 6.0, "num_boost_round": 45.0}, "datetime": {"datetime": "2024-01-19 01:49:29", "elapsed": 5876.821911, "delta": 0.005987}}
{"target": -13.758658552006597, "params": {"gamma": 730.037061776486, "log10_alpha": -2.1516892480424636, "log10_colsample_bytree": -0.07042138901554429, "log10_eta": -3.1202770377392395, "log10_lambda": -0.4835047401352224, "log10_min_child_weight": 1.2946383599740263, "log10_subsample": -0.12803057635436244, "max_depth": 6.0, "num_boost_round": 46.0}, "datetime": {"datetime": "2024-01-19 01:49:29", "elapsed": 5876.828233, "delta": 0.006322}}
{"target": -13.758656636139396, "params": {"gamma": 730.037061776486, "log10_alpha": -2.1516892480424636, "log10_colsample_bytree": -0.07042138901554429, "log10_eta": -3.1202770377392395, "log10_lambda": -0.4835047401352224, "log10_min_child_weight": 1.2946383599740263, "log10_subsample": -0.12803057635436244, "max_depth": 6.0, "num_boost_round": 47.0}, "datetime": {"datetime": "2024-01-19 01:49:29", "elapsed": 5876.834211, "delta": 0.005978}}
{"target": -13.758631084109274, "params": {"gamma": 730.037061776486, "log10_alpha": -2.1516892480424636, "log10_colsample_bytree": -0.07042138901554429, "log10_eta": -3.1202770377392395, "log10_lambda": -0.4835047401352224, "log10_min_child_weight": 1.2946383599740263, "log10_subsample": -0.12803057635436244, "max_depth": 6.0, "num_boost_round": 48.0}, "datetime": {"datetime": "2024-01-19 01:49:29", "elapsed": 5876.840385, "delta": 0.006174}}
{"target": -13.75861948916728, "params": {"gamma": 730.037061776486, "log10_alpha": -2.1516892480424636, "log10_colsample_bytree": -0.07042138901554429, "log10_eta": -3.1202770377392395, "log10_lambda": -0.4835047401352224, "log10_min_child_weight": 1.2946383599740263, "log10_subsample": -0.12803057635436244, "max_depth": 6.0, "num_boost_round": 49.0}, "datetime": {"datetime": "2024-01-19 01:49:29", "elapsed": 5876.846378, "delta": 0.005993}}
{"target": -13.758633351118988, "params": {"gamma": 730.037061776486, "log10_alpha": -2.1516892480424636, "log10_colsample_bytree": -0.07042138901554429, "log10_eta": -3.1202770377392395, "log10_lambda": -0.4835047401352224, "log10_min_child_weight": 1.2946383599740263, "log10_subsample": -0.12803057635436244, "max_depth": 6.0, "num_boost_round": 50.0}, "datetime": {"datetime": "2024-01-19 01:49:29", "elapsed": 5876.852209, "delta": 0.005831}}
{"target": -13.758630596308643, "params": {"gamma": 730.037061776486, "log10_alpha": -2.1516892480424636, "log10_colsample_bytree": -0.07042138901554429, "log10_eta": -3.1202770377392395, "log10_lambda": -0.4835047401352224, "log10_min_child_weight": 1.2946383599740263, "log10_subsample": -0.12803057635436244, "max_depth": 6.0, "num_boost_round": 51.0}, "datetime": {"datetime": "2024-01-19 01:49:29", "elapsed": 5876.858848, "delta": 0.006639}}
{"target": -13.758625347138713, "params": {"gamma": 730.037061776486, "log10_alpha": -2.1516892480424636, "log10_colsample_bytree": -0.07042138901554429, "log10_eta": -3.1202770377392395, "log10_lambda": -0.4835047401352224, "log10_min_child_weight": 1.2946383599740263, "log10_subsample": -0.12803057635436244, "max_depth": 6.0, "num_boost_round": 52.0}, "datetime": {"datetime": "2024-01-19 01:49:29", "elapsed": 5876.864697, "delta": 0.005849}}
{"target": -13.758612502991554, "params": {"gamma": 730.037061776486, "log10_alpha": -2.1516892480424636, "log10_colsample_bytree": -0.07042138901554429, "log10_eta": -3.1202770377392395, "log10_lambda": -0.4835047401352224, "log10_min_child_weight": 1.2946383599740263, "log10_subsample": -0.12803057635436244, "max_depth": 6.0, "num_boost_round": 53.0}, "datetime": {"datetime": "2024-01-19 01:49:29", "elapsed": 5876.870341, "delta": 0.005644}}
{"target": -13.758621608414877, "params": {"gamma": 730.037061776486, "log10_alpha": -2.1516892480424636, "log10_colsample_bytree": -0.07042138901554429, "log10_eta": -3.1202770377392395, "log10_lambda": -0.4835047401352224, "log10_min_child_weight": 1.2946383599740263, "log10_subsample": -0.12803057635436244, "max_depth": 6.0, "num_boost_round": 54.0}, "datetime": {"datetime": "2024-01-19 01:49:29", "elapsed": 5876.876089, "delta": 0.005748}}
{"target": -13.758633586441704, "params": {"gamma": 730.037061776486, "log10_alpha": -2.1516892480424636, "log10_colsample_bytree": -0.07042138901554429, "log10_eta": -3.1202770377392395, "log10_lambda": -0.4835047401352224, "log10_min_child_weight": 1.2946383599740263, "log10_subsample": -0.12803057635436244, "max_depth": 6.0, "num_boost_round": 55.0}, "datetime": {"datetime": "2024-01-19 01:49:29", "elapsed": 5876.882031, "delta": 0.005942}}
{"target": -13.758648770450863, "params": {"gamma": 730.037061776486, "log10_alpha": -2.1516892480424636, "log10_colsample_bytree": -0.07042138901554429, "log10_eta": -3.1202770377392395, "log10_lambda": -0.4835047401352224, "log10_min_child_weight": 1.2946383599740263, "log10_subsample": -0.12803057635436244, "max_depth": 6.0, "num_boost_round": 56.0}, "datetime": {"datetime": "2024-01-19 01:49:29", "elapsed": 5876.887931, "delta": 0.0059}}
{"target": -13.75865153111318, "params": {"gamma": 730.037061776486, "log10_alpha": -2.1516892480424636, "log10_colsample_bytree": -0.07042138901554429, "log10_eta": -3.1202770377392395, "log10_lambda": -0.4835047401352224, "log10_min_child_weight": 1.2946383599740263, "log10_subsample": -0.12803057635436244, "max_depth": 6.0, "num_boost_round": 57.0}, "datetime": {"datetime": "2024-01-19 01:49:29", "elapsed": 5876.89385, "delta": 0.005919}}
{"target": -13.758635785384309, "params": {"gamma": 730.037061776486, "log10_alpha": -2.1516892480424636, "log10_colsample_bytree": -0.07042138901554429, "log10_eta": -3.1202770377392395, "log10_lambda": -0.4835047401352224, "log10_min_child_weight": 1.2946383599740263, "log10_subsample": -0.12803057635436244, "max_depth": 6.0, "num_boost_round": 58.0}, "datetime": {"datetime": "2024-01-19 01:49:29", "elapsed": 5876.900095, "delta": 0.006245}}
{"target": -13.758636635154431, "params": {"gamma": 730.037061776486, "log10_alpha": -2.1516892480424636, "log10_colsample_bytree": -0.07042138901554429, "log10_eta": -3.1202770377392395, "log10_lambda": -0.4835047401352224, "log10_min_child_weight": 1.2946383599740263, "log10_subsample": -0.12803057635436244, "max_depth": 6.0, "num_boost_round": 59.0}, "datetime": {"datetime": "2024-01-19 01:49:29", "elapsed": 5876.906006, "delta": 0.005911}}
{"target": -13.75863648999261, "params": {"gamma": 730.037061776486, "log10_alpha": -2.1516892480424636, "log10_colsample_bytree": -0.07042138901554429, "log10_eta": -3.1202770377392395, "log10_lambda": -0.4835047401352224, "log10_min_child_weight": 1.2946383599740263, "log10_subsample": -0.12803057635436244, "max_depth": 6.0, "num_boost_round": 60.0}, "datetime": {"datetime": "2024-01-19 01:49:29", "elapsed": 5876.913276, "delta": 0.00727}}
{"target": -13.758523807745476, "params": {"gamma": 734.4776596875523, "log10_alpha": -3.406603020999133, "log10_colsample_bytree": -0.5130567495919538, "log10_eta": -3.598126913177666, "log10_lambda": -0.7284576313819162, "log10_min_child_weight": 0.833655072152581, "log10_subsample": -0.2863419916839467, "max_depth": 9.0, "num_boost_round": 0.0}, "datetime": {"datetime": "2024-01-19 01:51:01", "elapsed": 5968.944222, "delta": 92.030946}}
{"target": -13.758502964369844, "params": {"gamma": 734.4776596875523, "log10_alpha": -3.406603020999133, "log10_colsample_bytree": -0.5130567495919538, "log10_eta": -3.598126913177666, "log10_lambda": -0.7284576313819162, "log10_min_child_weight": 0.833655072152581, "log10_subsample": -0.2863419916839467, "max_depth": 9.0, "num_boost_round": 1.0}, "datetime": {"datetime": "2024-01-19 01:51:01", "elapsed": 5968.951117, "delta": 0.006895}}
{"target": -13.758487750605475, "params": {"gamma": 734.4776596875523, "log10_alpha": -3.406603020999133, "log10_colsample_bytree": -0.5130567495919538, "log10_eta": -3.598126913177666, "log10_lambda": -0.7284576313819162, "log10_min_child_weight": 0.833655072152581, "log10_subsample": -0.2863419916839467, "max_depth": 9.0, "num_boost_round": 2.0}, "datetime": {"datetime": "2024-01-19 01:51:01", "elapsed": 5968.957432, "delta": 0.006315}}
{"target": -13.758470420048697, "params": {"gamma": 734.4776596875523, "log10_alpha": -3.406603020999133, "log10_colsample_bytree": -0.5130567495919538, "log10_eta": -3.598126913177666, "log10_lambda": -0.7284576313819162, "log10_min_child_weight": 0.833655072152581, "log10_subsample": -0.2863419916839467, "max_depth": 9.0, "num_boost_round": 3.0}, "datetime": {"datetime": "2024-01-19 01:51:01", "elapsed": 5968.963143, "delta": 0.005711}}
{"target": -13.758457779599613, "params": {"gamma": 734.4776596875523, "log10_alpha": -3.406603020999133, "log10_colsample_bytree": -0.5130567495919538, "log10_eta": -3.598126913177666, "log10_lambda": -0.7284576313819162, "log10_min_child_weight": 0.833655072152581, "log10_subsample": -0.2863419916839467, "max_depth": 9.0, "num_boost_round": 4.0}, "datetime": {"datetime": "2024-01-19 01:51:01", "elapsed": 5968.968813, "delta": 0.00567}}
{"target": -13.758456065919558, "params": {"gamma": 734.4776596875523, "log10_alpha": -3.406603020999133, "log10_colsample_bytree": -0.5130567495919538, "log10_eta": -3.598126913177666, "log10_lambda": -0.7284576313819162, "log10_min_child_weight": 0.833655072152581, "log10_subsample": -0.2863419916839467, "max_depth": 9.0, "num_boost_round": 5.0}, "datetime": {"datetime": "2024-01-19 01:51:01", "elapsed": 5968.974612, "delta": 0.005799}}
{"target": -13.758452566148277, "params": {"gamma": 734.4776596875523, "log10_alpha": -3.406603020999133, "log10_colsample_bytree": -0.5130567495919538, "log10_eta": -3.598126913177666, "log10_lambda": -0.7284576313819162, "log10_min_child_weight": 0.833655072152581, "log10_subsample": -0.2863419916839467, "max_depth": 9.0, "num_boost_round": 6.0}, "datetime": {"datetime": "2024-01-19 01:51:01", "elapsed": 5968.980417, "delta": 0.005805}}
{"target": -13.758461368697935, "params": {"gamma": 734.4776596875523, "log10_alpha": -3.406603020999133, "log10_colsample_bytree": -0.5130567495919538, "log10_eta": -3.598126913177666, "log10_lambda": -0.7284576313819162, "log10_min_child_weight": 0.833655072152581, "log10_subsample": -0.2863419916839467, "max_depth": 9.0, "num_boost_round": 7.0}, "datetime": {"datetime": "2024-01-19 01:51:01", "elapsed": 5968.986168, "delta": 0.005751}}
{"target": -13.758455455687963, "params": {"gamma": 734.4776596875523, "log10_alpha": -3.406603020999133, "log10_colsample_bytree": -0.5130567495919538, "log10_eta": -3.598126913177666, "log10_lambda": -0.7284576313819162, "log10_min_child_weight": 0.833655072152581, "log10_subsample": -0.2863419916839467, "max_depth": 9.0, "num_boost_round": 8.0}, "datetime": {"datetime": "2024-01-19 01:51:01", "elapsed": 5968.992194, "delta": 0.006026}}
