{"target": -17.677111855368317, "params": {"gamma": 957.5040624644942, "log10_alpha": -4.350016784147758, "log10_colsample_bytree": -0.5153107424445884, "log10_eta": -3.7337203875137805, "log10_lambda": -2.248696396771876, "log10_min_child_weight": 1.0353044406153777, "log10_subsample": -0.4191659742239494, "max_depth": 7.0, "num_boost_round": 12.0}, "datetime": {"datetime": "2024-01-19 00:54:13", "elapsed": 2547.73579, "delta": 0.002841}}
{"target": -17.677109377427815, "params": {"gamma": 957.5040624644942, "log10_alpha": -4.350016784147758, "log10_colsample_bytree": -0.5153107424445884, "log10_eta": -3.7337203875137805, "log10_lambda": -2.248696396771876, "log10_min_child_weight": 1.0353044406153777, "log10_subsample": -0.4191659742239494, "max_depth": 7.0, "num_boost_round": 13.0}, "datetime": {"datetime": "2024-01-19 00:54:13", "elapsed": 2547.738652, "delta": 0.002862}}
{"target": -17.677116438155497, "params": {"gamma": 957.5040624644942, "log10_alpha": -4.350016784147758, "log10_colsample_bytree": -0.5153107424445884, "log10_eta": -3.7337203875137805, "log10_lambda": -2.248696396771876, "log10_min_child_weight": 1.0353044406153777, "log10_subsample": -0.4191659742239494, "max_depth": 7.0, "num_boost_round": 14.0}, "datetime": {"datetime": "2024-01-19 00:54:13", "elapsed": 2547.741471, "delta": 0.002819}}
{"target": -17.67710971549048, "params": {"gamma": 957.5040624644942, "log10_alpha": -4.350016784147758, "log10_colsample_bytree": -0.5153107424445884, "log10_eta": -3.7337203875137805, "log10_lambda": -2.248696396771876, "log10_min_child_weight": 1.0353044406153777, "log10_subsample": -0.4191659742239494, "max_depth": 7.0, "num_boost_round": 15.0}, "datetime": {"datetime": "2024-01-19 00:54:13", "elapsed": 2547.744357, "delta": 0.002886}}
{"target": -17.677192757719542, "params": {"gamma": 962.6808444545411, "log10_alpha": -1.6418208908231966, "log10_colsample_bytree": 0.0, "log10_eta": -3.079930772391492, "log10_lambda": -4.725983993745952, "log10_min_child_weight": 1.4724669274874647, "log10_subsample": -1.0, "max_depth": 7.0, "num_boost_round": 0.0}, "datetime": {"datetime": "2024-01-19 00:54:49", "elapsed": 2583.283202, "delta": 35.538845}}
{"target": -17.677142378574956, "params": {"gamma": 962.6808444545411, "log10_alpha": -1.6418208908231966, "log10_colsample_bytree": 0.0, "log10_eta": -3.079930772391492, "log10_lambda": -4.725983993745952, "log10_min_child_weight": 1.4724669274874647, "log10_subsample": -1.0, "max_depth": 7.0, "num_boost_round": 1.0}, "datetime": {"datetime": "2024-01-19 00:54:49", "elapsed": 2583.286935, "delta": 0.003733}}
{"target": -17.677055154129043, "params": {"gamma": 962.6808444545411, "log10_alpha": -1.6418208908231966, "log10_colsample_bytree": 0.0, "log10_eta": -3.079930772391492, "log10_lambda": -4.725983993745952, "log10_min_child_weight": 1.4724669274874647, "log10_subsample": -1.0, "max_depth": 7.0, "num_boost_round": 2.0}, "datetime": {"datetime": "2024-01-19 00:54:49", "elapsed": 2583.289943, "delta": 0.003008}}
{"target": -17.677058028701552, "params": {"gamma": 962.6808444545411, "log10_alpha": -1.6418208908231966, "log10_colsample_bytree": 0.0, "log10_eta": -3.079930772391492, "log10_lambda": -4.725983993745952, "log10_min_child_weight": 1.4724669274874647, "log10_subsample": -1.0, "max_depth": 7.0, "num_boost_round": 3.0}, "datetime": {"datetime": "2024-01-19 00:54:49", "elapsed": 2583.292911, "delta": 0.002968}}
{"target": -17.67705817714137, "params": {"gamma": 962.6808444545411, "log10_alpha": -1.6418208908231966, "log10_colsample_bytree": 0.0, "log10_eta": -3.079930772391492, "log10_lambda": -4.725983993745952, "log10_min_child_weight": 1.4724669274874647, "log10_subsample": -1.0, "max_depth": 7.0, "num_boost_round": 4.0}, "datetime": {"datetime": "2024-01-19 00:54:49", "elapsed": 2583.300618, "delta": 0.007707}}
{"target": -17.677002402548162, "params": {"gamma": 962.6808444545411, "log10_alpha": -1.6418208908231966, "log10_colsample_bytree": 0.0, "log10_eta": -3.079930772391492, "log10_lambda": -4.725983993745952, "log10_min_child_weight": 1.4724669274874647, "log10_subsample": -1.0, "max_depth": 7.0, "num_boost_round": 5.0}, "datetime": {"datetime": "2024-01-19 00:54:49", "elapsed": 2583.303522, "delta": 0.002904}}
{"target": -17.67693791496026, "params": {"gamma": 962.6808444545411, "log10_alpha": -1.6418208908231966, "log10_colsample_bytree": 0.0, "log10_eta": -3.079930772391492, "log10_lambda": -4.725983993745952, "log10_min_child_weight": 1.4724669274874647, "log10_subsample": -1.0, "max_depth": 7.0, "num_boost_round": 6.0}, "datetime": {"datetime": "2024-01-19 00:54:49", "elapsed": 2583.306387, "delta": 0.002865}}
{"target": -17.6768671380026, "params": {"gamma": 962.6808444545411, "log10_alpha": -1.6418208908231966, "log10_colsample_bytree": 0.0, "log10_eta": -3.079930772391492, "log10_lambda": -4.725983993745952, "log10_min_child_weight": 1.4724669274874647, "log10_subsample": -1.0, "max_depth": 7.0, "num_boost_round": 7.0}, "datetime": {"datetime": "2024-01-19 00:54:49", "elapsed": 2583.309294, "delta": 0.002907}}
{"target": -17.676818919039963, "params": {"gamma": 962.6808444545411, "log10_alpha": -1.6418208908231966, "log10_colsample_bytree": 0.0, "log10_eta": -3.079930772391492, "log10_lambda": -4.725983993745952, "log10_min_child_weight": 1.4724669274874647, "log10_subsample": -1.0, "max_depth": 7.0, "num_boost_round": 8.0}, "datetime": {"datetime": "2024-01-19 00:54:49", "elapsed": 2583.312403, "delta": 0.003109}}
{"target": -17.676832462241187, "params": {"gamma": 962.6808444545411, "log10_alpha": -1.6418208908231966, "log10_colsample_bytree": 0.0, "log10_eta": -3.079930772391492, "log10_lambda": -4.725983993745952, "log10_min_child_weight": 1.4724669274874647, "log10_subsample": -1.0, "max_depth": 7.0, "num_boost_round": 9.0}, "datetime": {"datetime": "2024-01-19 00:54:49", "elapsed": 2583.315405, "delta": 0.003002}}
{"target": -17.676813485117762, "params": {"gamma": 962.6808444545411, "log10_alpha": -1.6418208908231966, "log10_colsample_bytree": 0.0, "log10_eta": -3.079930772391492, "log10_lambda": -4.725983993745952, "log10_min_child_weight": 1.4724669274874647, "log10_subsample": -1.0, "max_depth": 7.0, "num_boost_round": 10.0}, "datetime": {"datetime": "2024-01-19 00:54:49", "elapsed": 2583.318412, "delta": 0.003007}}
{"target": -17.676831256208775, "params": {"gamma": 962.6808444545411, "log10_alpha": -1.6418208908231966, "log10_colsample_bytree": 0.0, "log10_eta": -3.079930772391492, "log10_lambda": -4.725983993745952, "log10_min_child_weight": 1.4724669274874647, "log10_subsample": -1.0, "max_depth": 7.0, "num_boost_round": 11.0}, "datetime": {"datetime": "2024-01-19 00:54:49", "elapsed": 2583.321291, "delta": 0.002879}}
{"target": -17.67677978157058, "params": {"gamma": 962.6808444545411, "log10_alpha": -1.6418208908231966, "log10_colsample_bytree": 0.0, "log10_eta": -3.079930772391492, "log10_lambda": -4.725983993745952, "log10_min_child_weight": 1.4724669274874647, "log10_subsample": -1.0, "max_depth": 7.0, "num_boost_round": 12.0}, "datetime": {"datetime": "2024-01-19 00:54:49", "elapsed": 2583.324206, "delta": 0.002915}}
{"target": -17.67672879409157, "params": {"gamma": 962.6808444545411, "log10_alpha": -1.6418208908231966, "log10_colsample_bytree": 0.0, "log10_eta": -3.079930772391492, "log10_lambda": -4.725983993745952, "log10_min_child_weight": 1.4724669274874647, "log10_subsample": -1.0, "max_depth": 7.0, "num_boost_round": 13.0}, "datetime": {"datetime": "2024-01-19 00:54:49", "elapsed": 2583.327071, "delta": 0.002865}}
{"target": -17.676663874843737, "params": {"gamma": 962.6808444545411, "log10_alpha": -1.6418208908231966, "log10_colsample_bytree": 0.0, "log10_eta": -3.079930772391492, "log10_lambda": -4.725983993745952, "log10_min_child_weight": 1.4724669274874647, "log10_subsample": -1.0, "max_depth": 7.0, "num_boost_round": 14.0}, "datetime": {"datetime": "2024-01-19 00:54:49", "elapsed": 2583.329982, "delta": 0.002911}}
{"target": -17.676546330437628, "params": {"gamma": 962.6808444545411, "log10_alpha": -1.6418208908231966, "log10_colsample_bytree": 0.0, "log10_eta": -3.079930772391492, "log10_lambda": -4.725983993745952, "log10_min_child_weight": 1.4724669274874647, "log10_subsample": -1.0, "max_depth": 7.0, "num_boost_round": 15.0}, "datetime": {"datetime": "2024-01-19 00:54:49", "elapsed": 2583.333052, "delta": 0.00307}}
{"target": -17.676536880309154, "params": {"gamma": 962.6808444545411, "log10_alpha": -1.6418208908231966, "log10_colsample_bytree": 0.0, "log10_eta": -3.079930772391492, "log10_lambda": -4.725983993745952, "log10_min_child_weight": 1.4724669274874647, "log10_subsample": -1.0, "max_depth": 7.0, "num_boost_round": 16.0}, "datetime": {"datetime": "2024-01-19 00:54:49", "elapsed": 2583.336055, "delta": 0.003003}}
{"target": -17.676523788801028, "params": {"gamma": 962.6808444545411, "log10_alpha": -1.6418208908231966, "log10_colsample_bytree": 0.0, "log10_eta": -3.079930772391492, "log10_lambda": -4.725983993745952, "log10_min_child_weight": 1.4724669274874647, "log10_subsample": -1.0, "max_depth": 7.0, "num_boost_round": 17.0}, "datetime": {"datetime": "2024-01-19 00:54:49", "elapsed": 2583.338998, "delta": 0.002943}}
{"target": -17.676477508806638, "params": {"gamma": 962.6808444545411, "log10_alpha": -1.6418208908231966, "log10_colsample_bytree": 0.0, "log10_eta": -3.079930772391492, "log10_lambda": -4.725983993745952, "log10_min_child_weight": 1.4724669274874647, "log10_subsample": -1.0, "max_depth": 7.0, "num_boost_round": 18.0}, "datetime": {"datetime": "2024-01-19 00:54:49", "elapsed": 2583.341962, "delta": 0.002964}}
{"target": -17.676445148585767, "params": {"gamma": 962.6808444545411, "log10_alpha": -1.6418208908231966, "log10_colsample_bytree": 0.0, "log10_eta": -3.079930772391492, "log10_lambda": -4.725983993745952, "log10_min_child_weight": 1.4724669274874647, "log10_subsample": -1.0, "max_depth": 7.0, "num_boost_round": 19.0}, "datetime": {"datetime": "2024-01-19 00:54:49", "elapsed": 2583.344845, "delta": 0.002883}}
{"target": -17.676393071003385, "params": {"gamma": 962.6808444545411, "log10_alpha": -1.6418208908231966, "log10_colsample_bytree": 0.0, "log10_eta": -3.079930772391492, "log10_lambda": -4.725983993745952, "log10_min_child_weight": 1.4724669274874647, "log10_subsample": -1.0, "max_depth": 7.0, "num_boost_round": 20.0}, "datetime": {"datetime": "2024-01-19 00:54:49", "elapsed": 2583.34772, "delta": 0.002875}}
{"target": -17.677223871671835, "params": {"gamma": 957.5637949392128, "log10_alpha": -2.477111141709539, "log10_colsample_bytree": -0.9384253075000333, "log10_eta": -3.678873569646282, "log10_lambda": -2.7783747777928243, "log10_min_child_weight": 3.34430533362462, "log10_subsample": -0.7508905548945197, "max_depth": 6.0, "num_boost_round": 0.0}, "datetime": {"datetime": "2024-01-19 00:55:32", "elapsed": 2626.753474, "delta": 43.405754}}
{"target": -17.677224074095847, "params": {"gamma": 957.5637949392128, "log10_alpha": -2.477111141709539, "log10_colsample_bytree": -0.9384253075000333, "log10_eta": -3.678873569646282, "log10_lambda": -2.7783747777928243, "log10_min_child_weight": 3.34430533362462, "log10_subsample": -0.7508905548945197, "max_depth": 6.0, "num_boost_round": 1.0}, "datetime": {"datetime": "2024-01-19 00:55:32", "elapsed": 2626.757445, "delta": 0.003971}}
{"target": -17.677219365777525, "params": {"gamma": 957.5637949392128, "log10_alpha": -2.477111141709539, "log10_colsample_bytree": -0.9384253075000333, "log10_eta": -3.678873569646282, "log10_lambda": -2.7783747777928243, "log10_min_child_weight": 3.34430533362462, "log10_subsample": -0.7508905548945197, "max_depth": 6.0, "num_boost_round": 2.0}, "datetime": {"datetime": "2024-01-19 00:55:32", "elapsed": 2626.760617, "delta": 0.003172}}
{"target": -17.67721835492415, "params": {"gamma": 957.5637949392128, "log10_alpha": -2.477111141709539, "log10_colsample_bytree": -0.9384253075000333, "log10_eta": -3.678873569646282, "log10_lambda": -2.7783747777928243, "log10_min_child_weight": 3.34430533362462, "log10_subsample": -0.7508905548945197, "max_depth": 6.0, "num_boost_round": 3.0}, "datetime": {"datetime": "2024-01-19 00:55:32", "elapsed": 2626.763734, "delta": 0.003117}}
{"target": -17.677212710825234, "params": {"gamma": 957.5637949392128, "log10_alpha": -2.477111141709539, "log10_colsample_bytree": -0.9384253075000333, "log10_eta": -3.678873569646282, "log10_lambda": -2.7783747777928243, "log10_min_child_weight": 3.34430533362462, "log10_subsample": -0.7508905548945197, "max_depth": 6.0, "num_boost_round": 4.0}, "datetime": {"datetime": "2024-01-19 00:55:32", "elapsed": 2626.76674, "delta": 0.003006}}
{"target": -17.677212842882348, "params": {"gamma": 957.5637949392128, "log10_alpha": -2.477111141709539, "log10_colsample_bytree": -0.9384253075000333, "log10_eta": -3.678873569646282, "log10_lambda": -2.7783747777928243, "log10_min_child_weight": 3.34430533362462, "log10_subsample": -0.7508905548945197, "max_depth": 6.0, "num_boost_round": 5.0}, "datetime": {"datetime": "2024-01-19 00:55:32", "elapsed": 2626.769695, "delta": 0.002955}}
{"target": -17.67721507710916, "params": {"gamma": 957.5637949392128, "log10_alpha": -2.477111141709539, "log10_colsample_bytree": -0.9384253075000333, "log10_eta": -3.678873569646282, "log10_lambda": -2.7783747777928243, "log10_min_child_weight": 3.34430533362462, "log10_subsample": -0.7508905548945197, "max_depth": 6.0, "num_boost_round": 6.0}, "datetime": {"datetime": "2024-01-19 00:55:32", "elapsed": 2626.772701, "delta": 0.003006}}
{"target": -17.677209260689036, "params": {"gamma": 957.5637949392128, "log10_alpha": -2.477111141709539, "log10_colsample_bytree": -0.9384253075000333, "log10_eta": -3.678873569646282, "log10_lambda": -2.7783747777928243, "log10_min_child_weight": 3.34430533362462, "log10_subsample": -0.7508905548945197, "max_depth": 6.0, "num_boost_round": 7.0}, "datetime": {"datetime": "2024-01-19 00:55:32", "elapsed": 2626.775573, "delta": 0.002872}}
{"target": -17.67720298109349, "params": {"gamma": 957.5637949392128, "log10_alpha": -2.477111141709539, "log10_colsample_bytree": -0.9384253075000333, "log10_eta": -3.678873569646282, "log10_lambda": -2.7783747777928243, "log10_min_child_weight": 3.34430533362462, "log10_subsample": -0.7508905548945197, "max_depth": 6.0, "num_boost_round": 8.0}, "datetime": {"datetime": "2024-01-19 00:55:32", "elapsed": 2626.778458, "delta": 0.002885}}
{"target": -17.677201705688184, "params": {"gamma": 957.5637949392128, "log10_alpha": -2.477111141709539, "log10_colsample_bytree": -0.9384253075000333, "log10_eta": -3.678873569646282, "log10_lambda": -2.7783747777928243, "log10_min_child_weight": 3.34430533362462, "log10_subsample": -0.7508905548945197, "max_depth": 6.0, "num_boost_round": 9.0}, "datetime": {"datetime": "2024-01-19 00:55:32", "elapsed": 2626.781331, "delta": 0.002873}}
{"target": -17.6771989581303, "params": {"gamma": 957.5637949392128, "log10_alpha": -2.477111141709539, "log10_colsample_bytree": -0.9384253075000333, "log10_eta": -3.678873569646282, "log10_lambda": -2.7783747777928243, "log10_min_child_weight": 3.34430533362462, "log10_subsample": -0.7508905548945197, "max_depth": 6.0, "num_boost_round": 10.0}, "datetime": {"datetime": "2024-01-19 00:55:32", "elapsed": 2626.784279, "delta": 0.002948}}
{"target": -17.677196284771803, "params": {"gamma": 957.5637949392128, "log10_alpha": -2.477111141709539, "log10_colsample_bytree": -0.9384253075000333, "log10_eta": -3.678873569646282, "log10_lambda": -2.7783747777928243, "log10_min_child_weight": 3.34430533362462, "log10_subsample": -0.7508905548945197, "max_depth": 6.0, "num_boost_round": 11.0}, "datetime": {"datetime": "2024-01-19 00:55:32", "elapsed": 2626.787154, "delta": 0.002875}}
{"target": -17.677187272708235, "params": {"gamma": 957.5637949392128, "log10_alpha": -2.477111141709539, "log10_colsample_bytree": -0.9384253075000333, "log10_eta": -3.678873569646282, "log10_lambda": -2.7783747777928243, "log10_min_child_weight": 3.34430533362462, "log10_subsample": -0.7508905548945197, "max_depth": 6.0, "num_boost_round": 12.0}, "datetime": {"datetime": "2024-01-19 00:55:32", "elapsed": 2626.790014, "delta": 0.00286}}
{"target": -17.67718423364798, "params": {"gamma": 957.5637949392128, "log10_alpha": -2.477111141709539, "log10_colsample_bytree": -0.9384253075000333, "log10_eta": -3.678873569646282, "log10_lambda": -2.7783747777928243, "log10_min_child_weight": 3.34430533362462, "log10_subsample": -0.7508905548945197, "max_depth": 6.0, "num_boost_round": 13.0}, "datetime": {"datetime": "2024-01-19 00:55:32", "elapsed": 2626.793045, "delta": 0.003031}}
{"target": -17.677181776155184, "params": {"gamma": 957.5637949392128, "log10_alpha": -2.477111141709539, "log10_colsample_bytree": -0.9384253075000333, "log10_eta": -3.678873569646282, "log10_lambda": -2.7783747777928243, "log10_min_child_weight": 3.34430533362462, "log10_subsample": -0.7508905548945197, "max_depth": 6.0, "num_boost_round": 14.0}, "datetime": {"datetime": "2024-01-19 00:55:32", "elapsed": 2626.795954, "delta": 0.002909}}
{"target": -17.677177829015616, "params": {"gamma": 957.5637949392128, "log10_alpha": -2.477111141709539, "log10_colsample_bytree": -0.9384253075000333, "log10_eta": -3.678873569646282, "log10_lambda": -2.7783747777928243, "log10_min_child_weight": 3.34430533362462, "log10_subsample": -0.7508905548945197, "max_depth": 6.0, "num_boost_round": 15.0}, "datetime": {"datetime": "2024-01-19 00:55:32", "elapsed": 2626.798863, "delta": 0.002909}}
{"target": -17.67717869464826, "params": {"gamma": 957.5637949392128, "log10_alpha": -2.477111141709539, "log10_colsample_bytree": -0.9384253075000333, "log10_eta": -3.678873569646282, "log10_lambda": -2.7783747777928243, "log10_min_child_weight": 3.34430533362462, "log10_subsample": -0.7508905548945197, "max_depth": 6.0, "num_boost_round": 16.0}, "datetime": {"datetime": "2024-01-19 00:55:33", "elapsed": 2626.801761, "delta": 0.002898}}
{"target": -17.676781151135902, "params": {"gamma": 974.3272854735117, "log10_alpha": -1.1965336438745906, "log10_colsample_bytree": -0.4187799667063242, "log10_eta": -1.9822004526419876, "log10_lambda": 0.9817988633319867, "log10_min_child_weight": 0.11796679948189115, "log10_subsample": -0.026205997076985788, "max_depth": 5.0, "num_boost_round": 0.0}, "datetime": {"datetime": "2024-01-19 00:56:10", "elapsed": 2664.653942, "delta": 37.852181}}
{"target": -17.67580681496243, "params": {"gamma": 974.3272854735117, "log10_alpha": -1.1965336438745906, "log10_colsample_bytree": -0.4187799667063242, "log10_eta": -1.9822004526419876, "log10_lambda": 0.9817988633319867, "log10_min_child_weight": 0.11796679948189115, "log10_subsample": -0.026205997076985788, "max_depth": 5.0, "num_boost_round": 1.0}, "datetime": {"datetime": "2024-01-19 00:56:10", "elapsed": 2664.657658, "delta": 0.003716}}
{"target": -17.675173264225283, "params": {"gamma": 974.3272854735117, "log10_alpha": -1.1965336438745906, "log10_colsample_bytree": -0.4187799667063242, "log10_eta": -1.9822004526419876, "log10_lambda": 0.9817988633319867, "log10_min_child_weight": 0.11796679948189115, "log10_subsample": -0.026205997076985788, "max_depth": 5.0, "num_boost_round": 2.0}, "datetime": {"datetime": "2024-01-19 00:56:10", "elapsed": 2664.660802, "delta": 0.003144}}
{"target": -17.67506942439258, "params": {"gamma": 974.3272854735117, "log10_alpha": -1.1965336438745906, "log10_colsample_bytree": -0.4187799667063242, "log10_eta": -1.9822004526419876, "log10_lambda": 0.9817988633319867, "log10_min_child_weight": 0.11796679948189115, "log10_subsample": -0.026205997076985788, "max_depth": 5.0, "num_boost_round": 3.0}, "datetime": {"datetime": "2024-01-19 00:56:10", "elapsed": 2664.663919, "delta": 0.003117}}
{"target": -17.674619719836162, "params": {"gamma": 974.3272854735117, "log10_alpha": -1.1965336438745906, "log10_colsample_bytree": -0.4187799667063242, "log10_eta": -1.9822004526419876, "log10_lambda": 0.9817988633319867, "log10_min_child_weight": 0.11796679948189115, "log10_subsample": -0.026205997076985788, "max_depth": 5.0, "num_boost_round": 4.0}, "datetime": {"datetime": "2024-01-19 00:56:10", "elapsed": 2664.77539, "delta": 0.111471}}
{"target": -17.67428072797912, "params": {"gamma": 974.3272854735117, "log10_alpha": -1.1965336438745906, "log10_colsample_bytree": -0.4187799667063242, "log10_eta": -1.9822004526419876, "log10_lambda": 0.9817988633319867, "log10_min_child_weight": 0.11796679948189115, "log10_subsample": -0.026205997076985788, "max_depth": 5.0, "num_boost_round": 5.0}, "datetime": {"datetime": "2024-01-19 00:56:10", "elapsed": 2664.778942, "delta": 0.003552}}
{"target": -17.674119906163344, "params": {"gamma": 974.3272854735117, "log10_alpha": -1.1965336438745906, "log10_colsample_bytree": -0.4187799667063242, "log10_eta": -1.9822004526419876, "log10_lambda": 0.9817988633319867, "log10_min_child_weight": 0.11796679948189115, "log10_subsample": -0.026205997076985788, "max_depth": 5.0, "num_boost_round": 6.0}, "datetime": {"datetime": "2024-01-19 00:56:10", "elapsed": 2664.781978, "delta": 0.003036}}
{"target": -17.67332565603807, "params": {"gamma": 974.3272854735117, "log10_alpha": -1.1965336438745906, "log10_colsample_bytree": -0.4187799667063242, "log10_eta": -1.9822004526419876, "log10_lambda": 0.9817988633319867, "log10_min_child_weight": 0.11796679948189115, "log10_subsample": -0.026205997076985788, "max_depth": 5.0, "num_boost_round": 7.0}, "datetime": {"datetime": "2024-01-19 00:56:10", "elapsed": 2664.785011, "delta": 0.003033}}
{"target": -17.673346758729686, "params": {"gamma": 974.3272854735117, "log10_alpha": -1.1965336438745906, "log10_colsample_bytree": -0.4187799667063242, "log10_eta": -1.9822004526419876, "log10_lambda": 0.9817988633319867, "log10_min_child_weight": 0.11796679948189115, "log10_subsample": -0.026205997076985788, "max_depth": 5.0, "num_boost_round": 8.0}, "datetime": {"datetime": "2024-01-19 00:56:10", "elapsed": 2664.788026, "delta": 0.003015}}
