{"target": -17.67710956704848, "params": {"gamma": 445.0635144952251, "log10_alpha": -4.905900753346884, "log10_colsample_bytree": -0.021085734486888552, "log10_eta": -2.507394905443778, "log10_lambda": -3.1616061214907463, "log10_min_child_weight": 4.672932296011261, "log10_subsample": -0.7583606668812112, "max_depth": 6.0, "num_boost_round": 6.0}, "datetime": {"datetime": "2024-01-19 00:48:58", "elapsed": 2230.976746, "delta": 0.003162}}
{"target": -17.677094467861266, "params": {"gamma": 445.0635144952251, "log10_alpha": -4.905900753346884, "log10_colsample_bytree": -0.021085734486888552, "log10_eta": -2.507394905443778, "log10_lambda": -3.1616061214907463, "log10_min_child_weight": 4.672932296011261, "log10_subsample": -0.7583606668812112, "max_depth": 6.0, "num_boost_round": 7.0}, "datetime": {"datetime": "2024-01-19 00:48:58", "elapsed": 2230.979833, "delta": 0.003087}}
{"target": -17.677075242981235, "params": {"gamma": 445.0635144952251, "log10_alpha": -4.905900753346884, "log10_colsample_bytree": -0.021085734486888552, "log10_eta": -2.507394905443778, "log10_lambda": -3.1616061214907463, "log10_min_child_weight": 4.672932296011261, "log10_subsample": -0.7583606668812112, "max_depth": 6.0, "num_boost_round": 8.0}, "datetime": {"datetime": "2024-01-19 00:48:58", "elapsed": 2230.983115, "delta": 0.003282}}
{"target": -17.677076324525736, "params": {"gamma": 445.0635144952251, "log10_alpha": -4.905900753346884, "log10_colsample_bytree": -0.021085734486888552, "log10_eta": -2.507394905443778, "log10_lambda": -3.1616061214907463, "log10_min_child_weight": 4.672932296011261, "log10_subsample": -0.7583606668812112, "max_depth": 6.0, "num_boost_round": 9.0}, "datetime": {"datetime": "2024-01-19 00:48:58", "elapsed": 2230.986187, "delta": 0.003072}}
{"target": -17.67707493155656, "params": {"gamma": 445.0635144952251, "log10_alpha": -4.905900753346884, "log10_colsample_bytree": -0.021085734486888552, "log10_eta": -2.507394905443778, "log10_lambda": -3.1616061214907463, "log10_min_child_weight": 4.672932296011261, "log10_subsample": -0.7583606668812112, "max_depth": 6.0, "num_boost_round": 10.0}, "datetime": {"datetime": "2024-01-19 00:48:58", "elapsed": 2230.989383, "delta": 0.003196}}
{"target": -17.6770490671999, "params": {"gamma": 445.0635144952251, "log10_alpha": -4.905900753346884, "log10_colsample_bytree": -0.021085734486888552, "log10_eta": -2.507394905443778, "log10_lambda": -3.1616061214907463, "log10_min_child_weight": 4.672932296011261, "log10_subsample": -0.7583606668812112, "max_depth": 6.0, "num_boost_round": 11.0}, "datetime": {"datetime": "2024-01-19 00:48:58", "elapsed": 2230.992576, "delta": 0.003193}}
{"target": -17.677059214879016, "params": {"gamma": 445.0635144952251, "log10_alpha": -4.905900753346884, "log10_colsample_bytree": -0.021085734486888552, "log10_eta": -2.507394905443778, "log10_lambda": -3.1616061214907463, "log10_min_child_weight": 4.672932296011261, "log10_subsample": -0.7583606668812112, "max_depth": 6.0, "num_boost_round": 12.0}, "datetime": {"datetime": "2024-01-19 00:48:58", "elapsed": 2230.995809, "delta": 0.003233}}
{"target": -17.67704948328347, "params": {"gamma": 445.0635144952251, "log10_alpha": -4.905900753346884, "log10_colsample_bytree": -0.021085734486888552, "log10_eta": -2.507394905443778, "log10_lambda": -3.1616061214907463, "log10_min_child_weight": 4.672932296011261, "log10_subsample": -0.7583606668812112, "max_depth": 6.0, "num_boost_round": 13.0}, "datetime": {"datetime": "2024-01-19 00:48:58", "elapsed": 2230.998903, "delta": 0.003094}}
{"target": -17.67703575006212, "params": {"gamma": 445.0635144952251, "log10_alpha": -4.905900753346884, "log10_colsample_bytree": -0.021085734486888552, "log10_eta": -2.507394905443778, "log10_lambda": -3.1616061214907463, "log10_min_child_weight": 4.672932296011261, "log10_subsample": -0.7583606668812112, "max_depth": 6.0, "num_boost_round": 14.0}, "datetime": {"datetime": "2024-01-19 00:48:58", "elapsed": 2231.002078, "delta": 0.003175}}
{"target": -17.67702257828083, "params": {"gamma": 445.0635144952251, "log10_alpha": -4.905900753346884, "log10_colsample_bytree": -0.021085734486888552, "log10_eta": -2.507394905443778, "log10_lambda": -3.1616061214907463, "log10_min_child_weight": 4.672932296011261, "log10_subsample": -0.7583606668812112, "max_depth": 6.0, "num_boost_round": 15.0}, "datetime": {"datetime": "2024-01-19 00:48:58", "elapsed": 2231.005373, "delta": 0.003295}}
{"target": -17.677203073564424, "params": {"gamma": 412.93201583976133, "log10_alpha": 0.7335783638553073, "log10_colsample_bytree": -0.2536944177663305, "log10_eta": -3.3535242376670666, "log10_lambda": -2.0698711170863984, "log10_min_child_weight": 1.4906364617689305, "log10_subsample": -0.2393219995378323, "max_depth": 8.0, "num_boost_round": 0.0}, "datetime": {"datetime": "2024-01-19 00:49:43", "elapsed": 2276.305442, "delta": 45.300069}}
{"target": -17.67717513933526, "params": {"gamma": 412.93201583976133, "log10_alpha": 0.7335783638553073, "log10_colsample_bytree": -0.2536944177663305, "log10_eta": -3.3535242376670666, "log10_lambda": -2.0698711170863984, "log10_min_child_weight": 1.4906364617689305, "log10_subsample": -0.2393219995378323, "max_depth": 8.0, "num_boost_round": 1.0}, "datetime": {"datetime": "2024-01-19 00:49:43", "elapsed": 2276.309352, "delta": 0.00391}}
{"target": -17.677165506814546, "params": {"gamma": 412.93201583976133, "log10_alpha": 0.7335783638553073, "log10_colsample_bytree": -0.2536944177663305, "log10_eta": -3.3535242376670666, "log10_lambda": -2.0698711170863984, "log10_min_child_weight": 1.4906364617689305, "log10_subsample": -0.2393219995378323, "max_depth": 8.0, "num_boost_round": 2.0}, "datetime": {"datetime": "2024-01-19 00:49:43", "elapsed": 2276.312732, "delta": 0.00338}}
{"target": -17.677153804064982, "params": {"gamma": 412.93201583976133, "log10_alpha": 0.7335783638553073, "log10_colsample_bytree": -0.2536944177663305, "log10_eta": -3.3535242376670666, "log10_lambda": -2.0698711170863984, "log10_min_child_weight": 1.4906364617689305, "log10_subsample": -0.2393219995378323, "max_depth": 8.0, "num_boost_round": 3.0}, "datetime": {"datetime": "2024-01-19 00:49:43", "elapsed": 2276.315896, "delta": 0.003164}}
{"target": -17.677148030667244, "params": {"gamma": 412.93201583976133, "log10_alpha": 0.7335783638553073, "log10_colsample_bytree": -0.2536944177663305, "log10_eta": -3.3535242376670666, "log10_lambda": -2.0698711170863984, "log10_min_child_weight": 1.4906364617689305, "log10_subsample": -0.2393219995378323, "max_depth": 8.0, "num_boost_round": 4.0}, "datetime": {"datetime": "2024-01-19 00:49:43", "elapsed": 2276.319024, "delta": 0.003128}}
{"target": -17.677094213061388, "params": {"gamma": 412.93201583976133, "log10_alpha": 0.7335783638553073, "log10_colsample_bytree": -0.2536944177663305, "log10_eta": -3.3535242376670666, "log10_lambda": -2.0698711170863984, "log10_min_child_weight": 1.4906364617689305, "log10_subsample": -0.2393219995378323, "max_depth": 8.0, "num_boost_round": 5.0}, "datetime": {"datetime": "2024-01-19 00:49:43", "elapsed": 2276.322224, "delta": 0.0032}}
{"target": -17.677085604092436, "params": {"gamma": 412.93201583976133, "log10_alpha": 0.7335783638553073, "log10_colsample_bytree": -0.2536944177663305, "log10_eta": -3.3535242376670666, "log10_lambda": -2.0698711170863984, "log10_min_child_weight": 1.4906364617689305, "log10_subsample": -0.2393219995378323, "max_depth": 8.0, "num_boost_round": 6.0}, "datetime": {"datetime": "2024-01-19 00:49:43", "elapsed": 2276.325327, "delta": 0.003103}}
{"target": -17.67703137834795, "params": {"gamma": 412.93201583976133, "log10_alpha": 0.7335783638553073, "log10_colsample_bytree": -0.2536944177663305, "log10_eta": -3.3535242376670666, "log10_lambda": -2.0698711170863984, "log10_min_child_weight": 1.4906364617689305, "log10_subsample": -0.2393219995378323, "max_depth": 8.0, "num_boost_round": 7.0}, "datetime": {"datetime": "2024-01-19 00:49:43", "elapsed": 2276.328546, "delta": 0.003219}}
{"target": -17.67698141212086, "params": {"gamma": 412.93201583976133, "log10_alpha": 0.7335783638553073, "log10_colsample_bytree": -0.2536944177663305, "log10_eta": -3.3535242376670666, "log10_lambda": -2.0698711170863984, "log10_min_child_weight": 1.4906364617689305, "log10_subsample": -0.2393219995378323, "max_depth": 8.0, "num_boost_round": 8.0}, "datetime": {"datetime": "2024-01-19 00:49:43", "elapsed": 2276.331723, "delta": 0.003177}}
{"target": -17.67696296501257, "params": {"gamma": 412.93201583976133, "log10_alpha": 0.7335783638553073, "log10_colsample_bytree": -0.2536944177663305, "log10_eta": -3.3535242376670666, "log10_lambda": -2.0698711170863984, "log10_min_child_weight": 1.4906364617689305, "log10_subsample": -0.2393219995378323, "max_depth": 8.0, "num_boost_round": 9.0}, "datetime": {"datetime": "2024-01-19 00:49:43", "elapsed": 2276.33487, "delta": 0.003147}}
{"target": -17.676947411799052, "params": {"gamma": 412.93201583976133, "log10_alpha": 0.7335783638553073, "log10_colsample_bytree": -0.2536944177663305, "log10_eta": -3.3535242376670666, "log10_lambda": -2.0698711170863984, "log10_min_child_weight": 1.4906364617689305, "log10_subsample": -0.2393219995378323, "max_depth": 8.0, "num_boost_round": 10.0}, "datetime": {"datetime": "2024-01-19 00:49:43", "elapsed": 2276.33799, "delta": 0.00312}}
{"target": -17.676933745558557, "params": {"gamma": 412.93201583976133, "log10_alpha": 0.7335783638553073, "log10_colsample_bytree": -0.2536944177663305, "log10_eta": -3.3535242376670666, "log10_lambda": -2.0698711170863984, "log10_min_child_weight": 1.4906364617689305, "log10_subsample": -0.2393219995378323, "max_depth": 8.0, "num_boost_round": 11.0}, "datetime": {"datetime": "2024-01-19 00:49:43", "elapsed": 2276.341123, "delta": 0.003133}}
{"target": -17.676916282688623, "params": {"gamma": 412.93201583976133, "log10_alpha": 0.7335783638553073, "log10_colsample_bytree": -0.2536944177663305, "log10_eta": -3.3535242376670666, "log10_lambda": -2.0698711170863984, "log10_min_child_weight": 1.4906364617689305, "log10_subsample": -0.2393219995378323, "max_depth": 8.0, "num_boost_round": 12.0}, "datetime": {"datetime": "2024-01-19 00:49:43", "elapsed": 2276.344348, "delta": 0.003225}}
{"target": -17.676875233024777, "params": {"gamma": 412.93201583976133, "log10_alpha": 0.7335783638553073, "log10_colsample_bytree": -0.2536944177663305, "log10_eta": -3.3535242376670666, "log10_lambda": -2.0698711170863984, "log10_min_child_weight": 1.4906364617689305, "log10_subsample": -0.2393219995378323, "max_depth": 8.0, "num_boost_round": 13.0}, "datetime": {"datetime": "2024-01-19 00:49:43", "elapsed": 2276.347501, "delta": 0.003153}}
{"target": -17.676840516997647, "params": {"gamma": 412.93201583976133, "log10_alpha": 0.7335783638553073, "log10_colsample_bytree": -0.2536944177663305, "log10_eta": -3.3535242376670666, "log10_lambda": -2.0698711170863984, "log10_min_child_weight": 1.4906364617689305, "log10_subsample": -0.2393219995378323, "max_depth": 8.0, "num_boost_round": 14.0}, "datetime": {"datetime": "2024-01-19 00:49:43", "elapsed": 2276.350755, "delta": 0.003254}}
{"target": -17.67681161973776, "params": {"gamma": 412.93201583976133, "log10_alpha": 0.7335783638553073, "log10_colsample_bytree": -0.2536944177663305, "log10_eta": -3.3535242376670666, "log10_lambda": -2.0698711170863984, "log10_min_child_weight": 1.4906364617689305, "log10_subsample": -0.2393219995378323, "max_depth": 8.0, "num_boost_round": 15.0}, "datetime": {"datetime": "2024-01-19 00:49:43", "elapsed": 2276.353981, "delta": 0.003226}}
{"target": -17.67677700077696, "params": {"gamma": 412.93201583976133, "log10_alpha": 0.7335783638553073, "log10_colsample_bytree": -0.2536944177663305, "log10_eta": -3.3535242376670666, "log10_lambda": -2.0698711170863984, "log10_min_child_weight": 1.4906364617689305, "log10_subsample": -0.2393219995378323, "max_depth": 8.0, "num_boost_round": 16.0}, "datetime": {"datetime": "2024-01-19 00:49:43", "elapsed": 2276.357102, "delta": 0.003121}}
{"target": -17.676763151376218, "params": {"gamma": 412.93201583976133, "log10_alpha": 0.7335783638553073, "log10_colsample_bytree": -0.2536944177663305, "log10_eta": -3.3535242376670666, "log10_lambda": -2.0698711170863984, "log10_min_child_weight": 1.4906364617689305, "log10_subsample": -0.2393219995378323, "max_depth": 8.0, "num_boost_round": 17.0}, "datetime": {"datetime": "2024-01-19 00:49:43", "elapsed": 2276.360217, "delta": 0.003115}}
{"target": -17.67673470475117, "params": {"gamma": 412.93201583976133, "log10_alpha": 0.7335783638553073, "log10_colsample_bytree": -0.2536944177663305, "log10_eta": -3.3535242376670666, "log10_lambda": -2.0698711170863984, "log10_min_child_weight": 1.4906364617689305, "log10_subsample": -0.2393219995378323, "max_depth": 8.0, "num_boost_round": 18.0}, "datetime": {"datetime": "2024-01-19 00:49:43", "elapsed": 2276.363442, "delta": 0.003225}}
{"target": -17.676746000586338, "params": {"gamma": 412.93201583976133, "log10_alpha": 0.7335783638553073, "log10_colsample_bytree": -0.2536944177663305, "log10_eta": -3.3535242376670666, "log10_lambda": -2.0698711170863984, "log10_min_child_weight": 1.4906364617689305, "log10_subsample": -0.2393219995378323, "max_depth": 8.0, "num_boost_round": 19.0}, "datetime": {"datetime": "2024-01-19 00:49:43", "elapsed": 2276.366603, "delta": 0.003161}}
{"target": -17.676719874701277, "params": {"gamma": 412.93201583976133, "log10_alpha": 0.7335783638553073, "log10_colsample_bytree": -0.2536944177663305, "log10_eta": -3.3535242376670666, "log10_lambda": -2.0698711170863984, "log10_min_child_weight": 1.4906364617689305, "log10_subsample": -0.2393219995378323, "max_depth": 8.0, "num_boost_round": 20.0}, "datetime": {"datetime": "2024-01-19 00:49:43", "elapsed": 2276.369739, "delta": 0.003136}}
{"target": -17.676713216865583, "params": {"gamma": 412.93201583976133, "log10_alpha": 0.7335783638553073, "log10_colsample_bytree": -0.2536944177663305, "log10_eta": -3.3535242376670666, "log10_lambda": -2.0698711170863984, "log10_min_child_weight": 1.4906364617689305, "log10_subsample": -0.2393219995378323, "max_depth": 8.0, "num_boost_round": 21.0}, "datetime": {"datetime": "2024-01-19 00:49:43", "elapsed": 2276.372919, "delta": 0.00318}}
{"target": -17.67667421643128, "params": {"gamma": 412.93201583976133, "log10_alpha": 0.7335783638553073, "log10_colsample_bytree": -0.2536944177663305, "log10_eta": -3.3535242376670666, "log10_lambda": -2.0698711170863984, "log10_min_child_weight": 1.4906364617689305, "log10_subsample": -0.2393219995378323, "max_depth": 8.0, "num_boost_round": 22.0}, "datetime": {"datetime": "2024-01-19 00:49:43", "elapsed": 2276.376034, "delta": 0.003115}}
{"target": -17.67665306374885, "params": {"gamma": 412.93201583976133, "log10_alpha": 0.7335783638553073, "log10_colsample_bytree": -0.2536944177663305, "log10_eta": -3.3535242376670666, "log10_lambda": -2.0698711170863984, "log10_min_child_weight": 1.4906364617689305, "log10_subsample": -0.2393219995378323, "max_depth": 8.0, "num_boost_round": 23.0}, "datetime": {"datetime": "2024-01-19 00:49:43", "elapsed": 2276.379183, "delta": 0.003149}}
{"target": -17.676631215133284, "params": {"gamma": 412.93201583976133, "log10_alpha": 0.7335783638553073, "log10_colsample_bytree": -0.2536944177663305, "log10_eta": -3.3535242376670666, "log10_lambda": -2.0698711170863984, "log10_min_child_weight": 1.4906364617689305, "log10_subsample": -0.2393219995378323, "max_depth": 8.0, "num_boost_round": 24.0}, "datetime": {"datetime": "2024-01-19 00:49:43", "elapsed": 2276.382407, "delta": 0.003224}}
{"target": -17.676602964461853, "params": {"gamma": 412.93201583976133, "log10_alpha": 0.7335783638553073, "log10_colsample_bytree": -0.2536944177663305, "log10_eta": -3.3535242376670666, "log10_lambda": -2.0698711170863984, "log10_min_child_weight": 1.4906364617689305, "log10_subsample": -0.2393219995378323, "max_depth": 8.0, "num_boost_round": 25.0}, "datetime": {"datetime": "2024-01-19 00:49:43", "elapsed": 2276.385515, "delta": 0.003108}}
{"target": -17.676570040212724, "params": {"gamma": 412.93201583976133, "log10_alpha": 0.7335783638553073, "log10_colsample_bytree": -0.2536944177663305, "log10_eta": -3.3535242376670666, "log10_lambda": -2.0698711170863984, "log10_min_child_weight": 1.4906364617689305, "log10_subsample": -0.2393219995378323, "max_depth": 8.0, "num_boost_round": 26.0}, "datetime": {"datetime": "2024-01-19 00:49:43", "elapsed": 2276.388755, "delta": 0.00324}}
{"target": -17.676547998173053, "params": {"gamma": 412.93201583976133, "log10_alpha": 0.7335783638553073, "log10_colsample_bytree": -0.2536944177663305, "log10_eta": -3.3535242376670666, "log10_lambda": -2.0698711170863984, "log10_min_child_weight": 1.4906364617689305, "log10_subsample": -0.2393219995378323, "max_depth": 8.0, "num_boost_round": 27.0}, "datetime": {"datetime": "2024-01-19 00:49:43", "elapsed": 2276.391913, "delta": 0.003158}}
{"target": -17.676527528897804, "params": {"gamma": 412.93201583976133, "log10_alpha": 0.7335783638553073, "log10_colsample_bytree": -0.2536944177663305, "log10_eta": -3.3535242376670666, "log10_lambda": -2.0698711170863984, "log10_min_child_weight": 1.4906364617689305, "log10_subsample": -0.2393219995378323, "max_depth": 8.0, "num_boost_round": 28.0}, "datetime": {"datetime": "2024-01-19 00:49:43", "elapsed": 2276.395014, "delta": 0.003101}}
{"target": -17.676505104535227, "params": {"gamma": 412.93201583976133, "log10_alpha": 0.7335783638553073, "log10_colsample_bytree": -0.2536944177663305, "log10_eta": -3.3535242376670666, "log10_lambda": -2.0698711170863984, "log10_min_child_weight": 1.4906364617689305, "log10_subsample": -0.2393219995378323, "max_depth": 8.0, "num_boost_round": 29.0}, "datetime": {"datetime": "2024-01-19 00:49:43", "elapsed": 2276.39811, "delta": 0.003096}}
{"target": -17.676503892008817, "params": {"gamma": 412.93201583976133, "log10_alpha": 0.7335783638553073, "log10_colsample_bytree": -0.2536944177663305, "log10_eta": -3.3535242376670666, "log10_lambda": -2.0698711170863984, "log10_min_child_weight": 1.4906364617689305, "log10_subsample": -0.2393219995378323, "max_depth": 8.0, "num_boost_round": 30.0}, "datetime": {"datetime": "2024-01-19 00:49:43", "elapsed": 2276.401209, "delta": 0.003099}}
{"target": -17.676493236948524, "params": {"gamma": 412.93201583976133, "log10_alpha": 0.7335783638553073, "log10_colsample_bytree": -0.2536944177663305, "log10_eta": -3.3535242376670666, "log10_lambda": -2.0698711170863984, "log10_min_child_weight": 1.4906364617689305, "log10_subsample": -0.2393219995378323, "max_depth": 8.0, "num_boost_round": 31.0}, "datetime": {"datetime": "2024-01-19 00:49:43", "elapsed": 2276.404442, "delta": 0.003233}}
{"target": -17.67646384092168, "params": {"gamma": 412.93201583976133, "log10_alpha": 0.7335783638553073, "log10_colsample_bytree": -0.2536944177663305, "log10_eta": -3.3535242376670666, "log10_lambda": -2.0698711170863984, "log10_min_child_weight": 1.4906364617689305, "log10_subsample": -0.2393219995378323, "max_depth": 8.0, "num_boost_round": 32.0}, "datetime": {"datetime": "2024-01-19 00:49:43", "elapsed": 2276.40777, "delta": 0.003328}}
{"target": -17.676428009583127, "params": {"gamma": 412.93201583976133, "log10_alpha": 0.7335783638553073, "log10_colsample_bytree": -0.2536944177663305, "log10_eta": -3.3535242376670666, "log10_lambda": -2.0698711170863984, "log10_min_child_weight": 1.4906364617689305, "log10_subsample": -0.2393219995378323, "max_depth": 8.0, "num_boost_round": 33.0}, "datetime": {"datetime": "2024-01-19 00:49:43", "elapsed": 2276.410967, "delta": 0.003197}}
{"target": -17.67642967569634, "params": {"gamma": 412.93201583976133, "log10_alpha": 0.7335783638553073, "log10_colsample_bytree": -0.2536944177663305, "log10_eta": -3.3535242376670666, "log10_lambda": -2.0698711170863984, "log10_min_child_weight": 1.4906364617689305, "log10_subsample": -0.2393219995378323, "max_depth": 8.0, "num_boost_round": 34.0}, "datetime": {"datetime": "2024-01-19 00:49:43", "elapsed": 2276.414106, "delta": 0.003139}}
{"target": -17.676383533637757, "params": {"gamma": 412.93201583976133, "log10_alpha": 0.7335783638553073, "log10_colsample_bytree": -0.2536944177663305, "log10_eta": -3.3535242376670666, "log10_lambda": -2.0698711170863984, "log10_min_child_weight": 1.4906364617689305, "log10_subsample": -0.2393219995378323, "max_depth": 8.0, "num_boost_round": 35.0}, "datetime": {"datetime": "2024-01-19 00:49:43", "elapsed": 2276.417229, "delta": 0.003123}}
{"target": -17.676377322557915, "params": {"gamma": 412.93201583976133, "log10_alpha": 0.7335783638553073, "log10_colsample_bytree": -0.2536944177663305, "log10_eta": -3.3535242376670666, "log10_lambda": -2.0698711170863984, "log10_min_child_weight": 1.4906364617689305, "log10_subsample": -0.2393219995378323, "max_depth": 8.0, "num_boost_round": 36.0}, "datetime": {"datetime": "2024-01-19 00:49:43", "elapsed": 2276.42038, "delta": 0.003151}}
{"target": -17.676344420805876, "params": {"gamma": 412.93201583976133, "log10_alpha": 0.7335783638553073, "log10_colsample_bytree": -0.2536944177663305, "log10_eta": -3.3535242376670666, "log10_lambda": -2.0698711170863984, "log10_min_child_weight": 1.4906364617689305, "log10_subsample": -0.2393219995378323, "max_depth": 8.0, "num_boost_round": 37.0}, "datetime": {"datetime": "2024-01-19 00:49:43", "elapsed": 2276.42357, "delta": 0.00319}}
{"target": -17.6772169324438, "params": {"gamma": 455.12421796891135, "log10_alpha": 0.17659721439618004, "log10_colsample_bytree": -0.6665516142344751, "log10_eta": -3.4045040296072497, "log10_lambda": 0.8667248567994505, "log10_min_child_weight": 1.1358228730338782, "log10_subsample": -0.269138166665304, "max_depth": 8.0, "num_boost_round": 0.0}, "datetime": {"datetime": "2024-01-19 00:50:26", "elapsed": 2319.028374, "delta": 42.604804}}
