{"target": -13.757827629916008, "params": {"gamma": 443.00947362852105, "log10_alpha": 0.023027310595224115, "log10_colsample_bytree": -0.46215870089737154, "log10_eta": -2.466518423037166, "log10_lambda": -0.13946351859735806, "log10_min_child_weight": 1.5141614398322456, "log10_subsample": -0.6805901168611351, "max_depth": 2.0, "num_boost_round": 25.0}, "datetime": {"datetime": "2024-01-19 00:26:54", "elapsed": 918.877428, "delta": 0.002097}}
{"target": -13.75782433856031, "params": {"gamma": 443.00947362852105, "log10_alpha": 0.023027310595224115, "log10_colsample_bytree": -0.46215870089737154, "log10_eta": -2.466518423037166, "log10_lambda": -0.13946351859735806, "log10_min_child_weight": 1.5141614398322456, "log10_subsample": -0.6805901168611351, "max_depth": 2.0, "num_boost_round": 26.0}, "datetime": {"datetime": "2024-01-19 00:26:54", "elapsed": 918.879419, "delta": 0.001991}}
{"target": -13.757762804334526, "params": {"gamma": 443.00947362852105, "log10_alpha": 0.023027310595224115, "log10_colsample_bytree": -0.46215870089737154, "log10_eta": -2.466518423037166, "log10_lambda": -0.13946351859735806, "log10_min_child_weight": 1.5141614398322456, "log10_subsample": -0.6805901168611351, "max_depth": 2.0, "num_boost_round": 27.0}, "datetime": {"datetime": "2024-01-19 00:26:54", "elapsed": 918.881327, "delta": 0.001908}}
{"target": -13.757736518529391, "params": {"gamma": 443.00947362852105, "log10_alpha": 0.023027310595224115, "log10_colsample_bytree": -0.46215870089737154, "log10_eta": -2.466518423037166, "log10_lambda": -0.13946351859735806, "log10_min_child_weight": 1.5141614398322456, "log10_subsample": -0.6805901168611351, "max_depth": 2.0, "num_boost_round": 28.0}, "datetime": {"datetime": "2024-01-19 00:26:54", "elapsed": 918.883242, "delta": 0.001915}}
{"target": -13.757724073032819, "params": {"gamma": 443.00947362852105, "log10_alpha": 0.023027310595224115, "log10_colsample_bytree": -0.46215870089737154, "log10_eta": -2.466518423037166, "log10_lambda": -0.13946351859735806, "log10_min_child_weight": 1.5141614398322456, "log10_subsample": -0.6805901168611351, "max_depth": 2.0, "num_boost_round": 29.0}, "datetime": {"datetime": "2024-01-19 00:26:54", "elapsed": 918.885196, "delta": 0.001954}}
{"target": -13.757695293890981, "params": {"gamma": 443.00947362852105, "log10_alpha": 0.023027310595224115, "log10_colsample_bytree": -0.46215870089737154, "log10_eta": -2.466518423037166, "log10_lambda": -0.13946351859735806, "log10_min_child_weight": 1.5141614398322456, "log10_subsample": -0.6805901168611351, "max_depth": 2.0, "num_boost_round": 30.0}, "datetime": {"datetime": "2024-01-19 00:26:54", "elapsed": 918.8871, "delta": 0.001904}}
{"target": -13.757667459959755, "params": {"gamma": 443.00947362852105, "log10_alpha": 0.023027310595224115, "log10_colsample_bytree": -0.46215870089737154, "log10_eta": -2.466518423037166, "log10_lambda": -0.13946351859735806, "log10_min_child_weight": 1.5141614398322456, "log10_subsample": -0.6805901168611351, "max_depth": 2.0, "num_boost_round": 31.0}, "datetime": {"datetime": "2024-01-19 00:26:54", "elapsed": 918.889007, "delta": 0.001907}}
{"target": -13.757666506661568, "params": {"gamma": 443.00947362852105, "log10_alpha": 0.023027310595224115, "log10_colsample_bytree": -0.46215870089737154, "log10_eta": -2.466518423037166, "log10_lambda": -0.13946351859735806, "log10_min_child_weight": 1.5141614398322456, "log10_subsample": -0.6805901168611351, "max_depth": 2.0, "num_boost_round": 32.0}, "datetime": {"datetime": "2024-01-19 00:26:54", "elapsed": 918.89095, "delta": 0.001943}}
{"target": -13.757689832122766, "params": {"gamma": 443.00947362852105, "log10_alpha": 0.023027310595224115, "log10_colsample_bytree": -0.46215870089737154, "log10_eta": -2.466518423037166, "log10_lambda": -0.13946351859735806, "log10_min_child_weight": 1.5141614398322456, "log10_subsample": -0.6805901168611351, "max_depth": 2.0, "num_boost_round": 33.0}, "datetime": {"datetime": "2024-01-19 00:26:54", "elapsed": 918.892858, "delta": 0.001908}}
{"target": -13.757681806141486, "params": {"gamma": 443.00947362852105, "log10_alpha": 0.023027310595224115, "log10_colsample_bytree": -0.46215870089737154, "log10_eta": -2.466518423037166, "log10_lambda": -0.13946351859735806, "log10_min_child_weight": 1.5141614398322456, "log10_subsample": -0.6805901168611351, "max_depth": 2.0, "num_boost_round": 34.0}, "datetime": {"datetime": "2024-01-19 00:26:54", "elapsed": 918.894849, "delta": 0.001991}}
{"target": -13.757674823747136, "params": {"gamma": 443.00947362852105, "log10_alpha": 0.023027310595224115, "log10_colsample_bytree": -0.46215870089737154, "log10_eta": -2.466518423037166, "log10_lambda": -0.13946351859735806, "log10_min_child_weight": 1.5141614398322456, "log10_subsample": -0.6805901168611351, "max_depth": 2.0, "num_boost_round": 35.0}, "datetime": {"datetime": "2024-01-19 00:26:54", "elapsed": 918.896766, "delta": 0.001917}}
{"target": -13.757697442502453, "params": {"gamma": 443.00947362852105, "log10_alpha": 0.023027310595224115, "log10_colsample_bytree": -0.46215870089737154, "log10_eta": -2.466518423037166, "log10_lambda": -0.13946351859735806, "log10_min_child_weight": 1.5141614398322456, "log10_subsample": -0.6805901168611351, "max_depth": 2.0, "num_boost_round": 36.0}, "datetime": {"datetime": "2024-01-19 00:26:54", "elapsed": 918.89868, "delta": 0.001914}}
{"target": -13.757706756521923, "params": {"gamma": 443.00947362852105, "log10_alpha": 0.023027310595224115, "log10_colsample_bytree": -0.46215870089737154, "log10_eta": -2.466518423037166, "log10_lambda": -0.13946351859735806, "log10_min_child_weight": 1.5141614398322456, "log10_subsample": -0.6805901168611351, "max_depth": 2.0, "num_boost_round": 37.0}, "datetime": {"datetime": "2024-01-19 00:26:54", "elapsed": 918.900592, "delta": 0.001912}}
{"target": -13.7576703030047, "params": {"gamma": 443.00947362852105, "log10_alpha": 0.023027310595224115, "log10_colsample_bytree": -0.46215870089737154, "log10_eta": -2.466518423037166, "log10_lambda": -0.13946351859735806, "log10_min_child_weight": 1.5141614398322456, "log10_subsample": -0.6805901168611351, "max_depth": 2.0, "num_boost_round": 38.0}, "datetime": {"datetime": "2024-01-19 00:26:54", "elapsed": 918.902544, "delta": 0.001952}}
{"target": -13.75761241137888, "params": {"gamma": 443.00947362852105, "log10_alpha": 0.023027310595224115, "log10_colsample_bytree": -0.46215870089737154, "log10_eta": -2.466518423037166, "log10_lambda": -0.13946351859735806, "log10_min_child_weight": 1.5141614398322456, "log10_subsample": -0.6805901168611351, "max_depth": 2.0, "num_boost_round": 39.0}, "datetime": {"datetime": "2024-01-19 00:26:54", "elapsed": 918.904461, "delta": 0.001917}}
{"target": -13.75766062085599, "params": {"gamma": 443.00947362852105, "log10_alpha": 0.023027310595224115, "log10_colsample_bytree": -0.46215870089737154, "log10_eta": -2.466518423037166, "log10_lambda": -0.13946351859735806, "log10_min_child_weight": 1.5141614398322456, "log10_subsample": -0.6805901168611351, "max_depth": 2.0, "num_boost_round": 40.0}, "datetime": {"datetime": "2024-01-19 00:26:54", "elapsed": 918.906413, "delta": 0.001952}}
{"target": -13.757640430671701, "params": {"gamma": 443.00947362852105, "log10_alpha": 0.023027310595224115, "log10_colsample_bytree": -0.46215870089737154, "log10_eta": -2.466518423037166, "log10_lambda": -0.13946351859735806, "log10_min_child_weight": 1.5141614398322456, "log10_subsample": -0.6805901168611351, "max_depth": 2.0, "num_boost_round": 41.0}, "datetime": {"datetime": "2024-01-19 00:26:54", "elapsed": 918.908312, "delta": 0.001899}}
{"target": -13.757605557123975, "params": {"gamma": 443.00947362852105, "log10_alpha": 0.023027310595224115, "log10_colsample_bytree": -0.46215870089737154, "log10_eta": -2.466518423037166, "log10_lambda": -0.13946351859735806, "log10_min_child_weight": 1.5141614398322456, "log10_subsample": -0.6805901168611351, "max_depth": 2.0, "num_boost_round": 42.0}, "datetime": {"datetime": "2024-01-19 00:26:54", "elapsed": 918.910307, "delta": 0.001995}}
{"target": -13.757595475516109, "params": {"gamma": 443.00947362852105, "log10_alpha": 0.023027310595224115, "log10_colsample_bytree": -0.46215870089737154, "log10_eta": -2.466518423037166, "log10_lambda": -0.13946351859735806, "log10_min_child_weight": 1.5141614398322456, "log10_subsample": -0.6805901168611351, "max_depth": 2.0, "num_boost_round": 43.0}, "datetime": {"datetime": "2024-01-19 00:26:54", "elapsed": 918.912233, "delta": 0.001926}}
{"target": -13.757584725115647, "params": {"gamma": 443.00947362852105, "log10_alpha": 0.023027310595224115, "log10_colsample_bytree": -0.46215870089737154, "log10_eta": -2.466518423037166, "log10_lambda": -0.13946351859735806, "log10_min_child_weight": 1.5141614398322456, "log10_subsample": -0.6805901168611351, "max_depth": 2.0, "num_boost_round": 44.0}, "datetime": {"datetime": "2024-01-19 00:26:54", "elapsed": 918.914137, "delta": 0.001904}}
{"target": -13.757588702214127, "params": {"gamma": 443.00947362852105, "log10_alpha": 0.023027310595224115, "log10_colsample_bytree": -0.46215870089737154, "log10_eta": -2.466518423037166, "log10_lambda": -0.13946351859735806, "log10_min_child_weight": 1.5141614398322456, "log10_subsample": -0.6805901168611351, "max_depth": 2.0, "num_boost_round": 45.0}, "datetime": {"datetime": "2024-01-19 00:26:54", "elapsed": 918.916609, "delta": 0.002472}}
{"target": -13.757525113769788, "params": {"gamma": 443.00947362852105, "log10_alpha": 0.023027310595224115, "log10_colsample_bytree": -0.46215870089737154, "log10_eta": -2.466518423037166, "log10_lambda": -0.13946351859735806, "log10_min_child_weight": 1.5141614398322456, "log10_subsample": -0.6805901168611351, "max_depth": 2.0, "num_boost_round": 46.0}, "datetime": {"datetime": "2024-01-19 00:26:54", "elapsed": 918.918543, "delta": 0.001934}}
{"target": -13.757506133102074, "params": {"gamma": 443.00947362852105, "log10_alpha": 0.023027310595224115, "log10_colsample_bytree": -0.46215870089737154, "log10_eta": -2.466518423037166, "log10_lambda": -0.13946351859735806, "log10_min_child_weight": 1.5141614398322456, "log10_subsample": -0.6805901168611351, "max_depth": 2.0, "num_boost_round": 47.0}, "datetime": {"datetime": "2024-01-19 00:26:54", "elapsed": 918.920459, "delta": 0.001916}}
{"target": -13.757509215446532, "params": {"gamma": 443.00947362852105, "log10_alpha": 0.023027310595224115, "log10_colsample_bytree": -0.46215870089737154, "log10_eta": -2.466518423037166, "log10_lambda": -0.13946351859735806, "log10_min_child_weight": 1.5141614398322456, "log10_subsample": -0.6805901168611351, "max_depth": 2.0, "num_boost_round": 48.0}, "datetime": {"datetime": "2024-01-19 00:26:54", "elapsed": 918.922394, "delta": 0.001935}}
{"target": -13.757485404019144, "params": {"gamma": 443.00947362852105, "log10_alpha": 0.023027310595224115, "log10_colsample_bytree": -0.46215870089737154, "log10_eta": -2.466518423037166, "log10_lambda": -0.13946351859735806, "log10_min_child_weight": 1.5141614398322456, "log10_subsample": -0.6805901168611351, "max_depth": 2.0, "num_boost_round": 49.0}, "datetime": {"datetime": "2024-01-19 00:26:54", "elapsed": 918.924428, "delta": 0.002034}}
{"target": -13.757508035760448, "params": {"gamma": 443.00947362852105, "log10_alpha": 0.023027310595224115, "log10_colsample_bytree": -0.46215870089737154, "log10_eta": -2.466518423037166, "log10_lambda": -0.13946351859735806, "log10_min_child_weight": 1.5141614398322456, "log10_subsample": -0.6805901168611351, "max_depth": 2.0, "num_boost_round": 50.0}, "datetime": {"datetime": "2024-01-19 00:26:54", "elapsed": 918.926502, "delta": 0.002074}}
{"target": -13.757519850973875, "params": {"gamma": 443.00947362852105, "log10_alpha": 0.023027310595224115, "log10_colsample_bytree": -0.46215870089737154, "log10_eta": -2.466518423037166, "log10_lambda": -0.13946351859735806, "log10_min_child_weight": 1.5141614398322456, "log10_subsample": -0.6805901168611351, "max_depth": 2.0, "num_boost_round": 51.0}, "datetime": {"datetime": "2024-01-19 00:26:54", "elapsed": 918.928499, "delta": 0.001997}}
{"target": -13.757527502518759, "params": {"gamma": 443.00947362852105, "log10_alpha": 0.023027310595224115, "log10_colsample_bytree": -0.46215870089737154, "log10_eta": -2.466518423037166, "log10_lambda": -0.13946351859735806, "log10_min_child_weight": 1.5141614398322456, "log10_subsample": -0.6805901168611351, "max_depth": 2.0, "num_boost_round": 52.0}, "datetime": {"datetime": "2024-01-19 00:26:54", "elapsed": 918.930508, "delta": 0.002009}}
{"target": -13.757512628157263, "params": {"gamma": 443.00947362852105, "log10_alpha": 0.023027310595224115, "log10_colsample_bytree": -0.46215870089737154, "log10_eta": -2.466518423037166, "log10_lambda": -0.13946351859735806, "log10_min_child_weight": 1.5141614398322456, "log10_subsample": -0.6805901168611351, "max_depth": 2.0, "num_boost_round": 53.0}, "datetime": {"datetime": "2024-01-19 00:26:54", "elapsed": 918.932486, "delta": 0.001978}}
{"target": -13.757466569040702, "params": {"gamma": 443.00947362852105, "log10_alpha": 0.023027310595224115, "log10_colsample_bytree": -0.46215870089737154, "log10_eta": -2.466518423037166, "log10_lambda": -0.13946351859735806, "log10_min_child_weight": 1.5141614398322456, "log10_subsample": -0.6805901168611351, "max_depth": 2.0, "num_boost_round": 54.0}, "datetime": {"datetime": "2024-01-19 00:26:54", "elapsed": 918.934435, "delta": 0.001949}}
{"target": -13.757438997870416, "params": {"gamma": 443.00947362852105, "log10_alpha": 0.023027310595224115, "log10_colsample_bytree": -0.46215870089737154, "log10_eta": -2.466518423037166, "log10_lambda": -0.13946351859735806, "log10_min_child_weight": 1.5141614398322456, "log10_subsample": -0.6805901168611351, "max_depth": 2.0, "num_boost_round": 55.0}, "datetime": {"datetime": "2024-01-19 00:26:54", "elapsed": 918.936395, "delta": 0.00196}}
{"target": -13.757399255840504, "params": {"gamma": 443.00947362852105, "log10_alpha": 0.023027310595224115, "log10_colsample_bytree": -0.46215870089737154, "log10_eta": -2.466518423037166, "log10_lambda": -0.13946351859735806, "log10_min_child_weight": 1.5141614398322456, "log10_subsample": -0.6805901168611351, "max_depth": 2.0, "num_boost_round": 56.0}, "datetime": {"datetime": "2024-01-19 00:26:54", "elapsed": 918.938391, "delta": 0.001996}}
{"target": -13.75740115882242, "params": {"gamma": 443.00947362852105, "log10_alpha": 0.023027310595224115, "log10_colsample_bytree": -0.46215870089737154, "log10_eta": -2.466518423037166, "log10_lambda": -0.13946351859735806, "log10_min_child_weight": 1.5141614398322456, "log10_subsample": -0.6805901168611351, "max_depth": 2.0, "num_boost_round": 57.0}, "datetime": {"datetime": "2024-01-19 00:26:54", "elapsed": 918.940384, "delta": 0.001993}}
{"target": -13.757389262295742, "params": {"gamma": 443.00947362852105, "log10_alpha": 0.023027310595224115, "log10_colsample_bytree": -0.46215870089737154, "log10_eta": -2.466518423037166, "log10_lambda": -0.13946351859735806, "log10_min_child_weight": 1.5141614398322456, "log10_subsample": -0.6805901168611351, "max_depth": 2.0, "num_boost_round": 58.0}, "datetime": {"datetime": "2024-01-19 00:26:54", "elapsed": 918.94237, "delta": 0.001986}}
{"target": -13.757327626194732, "params": {"gamma": 443.00947362852105, "log10_alpha": 0.023027310595224115, "log10_colsample_bytree": -0.46215870089737154, "log10_eta": -2.466518423037166, "log10_lambda": -0.13946351859735806, "log10_min_child_weight": 1.5141614398322456, "log10_subsample": -0.6805901168611351, "max_depth": 2.0, "num_boost_round": 59.0}, "datetime": {"datetime": "2024-01-19 00:26:54", "elapsed": 918.944367, "delta": 0.001997}}
{"target": -13.757302884355541, "params": {"gamma": 443.00947362852105, "log10_alpha": 0.023027310595224115, "log10_colsample_bytree": -0.46215870089737154, "log10_eta": -2.466518423037166, "log10_lambda": -0.13946351859735806, "log10_min_child_weight": 1.5141614398322456, "log10_subsample": -0.6805901168611351, "max_depth": 2.0, "num_boost_round": 60.0}, "datetime": {"datetime": "2024-01-19 00:26:54", "elapsed": 918.946376, "delta": 0.002009}}
{"target": -13.757294321916621, "params": {"gamma": 443.00947362852105, "log10_alpha": 0.023027310595224115, "log10_colsample_bytree": -0.46215870089737154, "log10_eta": -2.466518423037166, "log10_lambda": -0.13946351859735806, "log10_min_child_weight": 1.5141614398322456, "log10_subsample": -0.6805901168611351, "max_depth": 2.0, "num_boost_round": 61.0}, "datetime": {"datetime": "2024-01-19 00:26:54", "elapsed": 918.948344, "delta": 0.001968}}
{"target": -13.757290305010299, "params": {"gamma": 443.00947362852105, "log10_alpha": 0.023027310595224115, "log10_colsample_bytree": -0.46215870089737154, "log10_eta": -2.466518423037166, "log10_lambda": -0.13946351859735806, "log10_min_child_weight": 1.5141614398322456, "log10_subsample": -0.6805901168611351, "max_depth": 2.0, "num_boost_round": 62.0}, "datetime": {"datetime": "2024-01-19 00:26:54", "elapsed": 918.950338, "delta": 0.001994}}
{"target": -13.757249728265636, "params": {"gamma": 443.00947362852105, "log10_alpha": 0.023027310595224115, "log10_colsample_bytree": -0.46215870089737154, "log10_eta": -2.466518423037166, "log10_lambda": -0.13946351859735806, "log10_min_child_weight": 1.5141614398322456, "log10_subsample": -0.6805901168611351, "max_depth": 2.0, "num_boost_round": 63.0}, "datetime": {"datetime": "2024-01-19 00:26:54", "elapsed": 918.952335, "delta": 0.001997}}
{"target": -13.757163575977106, "params": {"gamma": 443.00947362852105, "log10_alpha": 0.023027310595224115, "log10_colsample_bytree": -0.46215870089737154, "log10_eta": -2.466518423037166, "log10_lambda": -0.13946351859735806, "log10_min_child_weight": 1.5141614398322456, "log10_subsample": -0.6805901168611351, "max_depth": 2.0, "num_boost_round": 64.0}, "datetime": {"datetime": "2024-01-19 00:26:54", "elapsed": 918.954377, "delta": 0.002042}}
{"target": -13.75713428494417, "params": {"gamma": 443.00947362852105, "log10_alpha": 0.023027310595224115, "log10_colsample_bytree": -0.46215870089737154, "log10_eta": -2.466518423037166, "log10_lambda": -0.13946351859735806, "log10_min_child_weight": 1.5141614398322456, "log10_subsample": -0.6805901168611351, "max_depth": 2.0, "num_boost_round": 65.0}, "datetime": {"datetime": "2024-01-19 00:26:54", "elapsed": 918.956364, "delta": 0.001987}}
{"target": -13.757048574754629, "params": {"gamma": 443.00947362852105, "log10_alpha": 0.023027310595224115, "log10_colsample_bytree": -0.46215870089737154, "log10_eta": -2.466518423037166, "log10_lambda": -0.13946351859735806, "log10_min_child_weight": 1.5141614398322456, "log10_subsample": -0.6805901168611351, "max_depth": 2.0, "num_boost_round": 66.0}, "datetime": {"datetime": "2024-01-19 00:26:54", "elapsed": 918.958377, "delta": 0.002013}}
{"target": -13.757027391745643, "params": {"gamma": 443.00947362852105, "log10_alpha": 0.023027310595224115, "log10_colsample_bytree": -0.46215870089737154, "log10_eta": -2.466518423037166, "log10_lambda": -0.13946351859735806, "log10_min_child_weight": 1.5141614398322456, "log10_subsample": -0.6805901168611351, "max_depth": 2.0, "num_boost_round": 67.0}, "datetime": {"datetime": "2024-01-19 00:26:54", "elapsed": 918.960381, "delta": 0.002004}}
{"target": -13.75700925165483, "params": {"gamma": 443.00947362852105, "log10_alpha": 0.023027310595224115, "log10_colsample_bytree": -0.46215870089737154, "log10_eta": -2.466518423037166, "log10_lambda": -0.13946351859735806, "log10_min_child_weight": 1.5141614398322456, "log10_subsample": -0.6805901168611351, "max_depth": 2.0, "num_boost_round": 68.0}, "datetime": {"datetime": "2024-01-19 00:26:54", "elapsed": 918.962418, "delta": 0.002037}}
{"target": -13.757004907905996, "params": {"gamma": 443.00947362852105, "log10_alpha": 0.023027310595224115, "log10_colsample_bytree": -0.46215870089737154, "log10_eta": -2.466518423037166, "log10_lambda": -0.13946351859735806, "log10_min_child_weight": 1.5141614398322456, "log10_subsample": -0.6805901168611351, "max_depth": 2.0, "num_boost_round": 69.0}, "datetime": {"datetime": "2024-01-19 00:26:54", "elapsed": 918.964428, "delta": 0.00201}}
{"target": -13.757006377860314, "params": {"gamma": 443.00947362852105, "log10_alpha": 0.023027310595224115, "log10_colsample_bytree": -0.46215870089737154, "log10_eta": -2.466518423037166, "log10_lambda": -0.13946351859735806, "log10_min_child_weight": 1.5141614398322456, "log10_subsample": -0.6805901168611351, "max_depth": 2.0, "num_boost_round": 70.0}, "datetime": {"datetime": "2024-01-19 00:26:54", "elapsed": 918.966422, "delta": 0.001994}}
{"target": -13.757035216658355, "params": {"gamma": 443.00947362852105, "log10_alpha": 0.023027310595224115, "log10_colsample_bytree": -0.46215870089737154, "log10_eta": -2.466518423037166, "log10_lambda": -0.13946351859735806, "log10_min_child_weight": 1.5141614398322456, "log10_subsample": -0.6805901168611351, "max_depth": 2.0, "num_boost_round": 71.0}, "datetime": {"datetime": "2024-01-19 00:26:54", "elapsed": 918.968447, "delta": 0.002025}}
{"target": -13.757056513936027, "params": {"gamma": 443.00947362852105, "log10_alpha": 0.023027310595224115, "log10_colsample_bytree": -0.46215870089737154, "log10_eta": -2.466518423037166, "log10_lambda": -0.13946351859735806, "log10_min_child_weight": 1.5141614398322456, "log10_subsample": -0.6805901168611351, "max_depth": 2.0, "num_boost_round": 72.0}, "datetime": {"datetime": "2024-01-19 00:26:54", "elapsed": 918.970446, "delta": 0.001999}}
{"target": -13.75704286849831, "params": {"gamma": 443.00947362852105, "log10_alpha": 0.023027310595224115, "log10_colsample_bytree": -0.46215870089737154, "log10_eta": -2.466518423037166, "log10_lambda": -0.13946351859735806, "log10_min_child_weight": 1.5141614398322456, "log10_subsample": -0.6805901168611351, "max_depth": 2.0, "num_boost_round": 73.0}, "datetime": {"datetime": "2024-01-19 00:26:54", "elapsed": 918.972452, "delta": 0.002006}}
