{"target": -13.758488366215998, "params": {"gamma": 879.0672239226619, "log10_alpha": 0.2549081064231675, "log10_colsample_bytree": -0.03523843853980402, "log10_eta": -3.871789454083482, "log10_lambda": -4.446123700177403, "log10_min_child_weight": 1.3336700533682304, "log10_subsample": -0.49851039695823396, "max_depth": 6.0, "num_boost_round": 22.0}, "datetime": {"datetime": "2024-01-19 00:42:07", "elapsed": 1832.246634, "delta": 0.002673}}
{"target": -13.758484367564227, "params": {"gamma": 879.0672239226619, "log10_alpha": 0.2549081064231675, "log10_colsample_bytree": -0.03523843853980402, "log10_eta": -3.871789454083482, "log10_lambda": -4.446123700177403, "log10_min_child_weight": 1.3336700533682304, "log10_subsample": -0.49851039695823396, "max_depth": 6.0, "num_boost_round": 23.0}, "datetime": {"datetime": "2024-01-19 00:42:07", "elapsed": 1832.249311, "delta": 0.002677}}
{"target": -13.758477772150782, "params": {"gamma": 879.0672239226619, "log10_alpha": 0.2549081064231675, "log10_colsample_bytree": -0.03523843853980402, "log10_eta": -3.871789454083482, "log10_lambda": -4.446123700177403, "log10_min_child_weight": 1.3336700533682304, "log10_subsample": -0.49851039695823396, "max_depth": 6.0, "num_boost_round": 24.0}, "datetime": {"datetime": "2024-01-19 00:42:07", "elapsed": 1832.252197, "delta": 0.002886}}
{"target": -13.758477225421577, "params": {"gamma": 879.0672239226619, "log10_alpha": 0.2549081064231675, "log10_colsample_bytree": -0.03523843853980402, "log10_eta": -3.871789454083482, "log10_lambda": -4.446123700177403, "log10_min_child_weight": 1.3336700533682304, "log10_subsample": -0.49851039695823396, "max_depth": 6.0, "num_boost_round": 25.0}, "datetime": {"datetime": "2024-01-19 00:42:07", "elapsed": 1832.254897, "delta": 0.0027}}
{"target": -13.758477056279435, "params": {"gamma": 879.0672239226619, "log10_alpha": 0.2549081064231675, "log10_colsample_bytree": -0.03523843853980402, "log10_eta": -3.871789454083482, "log10_lambda": -4.446123700177403, "log10_min_child_weight": 1.3336700533682304, "log10_subsample": -0.49851039695823396, "max_depth": 6.0, "num_boost_round": 26.0}, "datetime": {"datetime": "2024-01-19 00:42:07", "elapsed": 1832.257577, "delta": 0.00268}}
{"target": -13.758473658303014, "params": {"gamma": 879.0672239226619, "log10_alpha": 0.2549081064231675, "log10_colsample_bytree": -0.03523843853980402, "log10_eta": -3.871789454083482, "log10_lambda": -4.446123700177403, "log10_min_child_weight": 1.3336700533682304, "log10_subsample": -0.49851039695823396, "max_depth": 6.0, "num_boost_round": 27.0}, "datetime": {"datetime": "2024-01-19 00:42:07", "elapsed": 1832.26031, "delta": 0.002733}}
{"target": -13.758476463208837, "params": {"gamma": 879.0672239226619, "log10_alpha": 0.2549081064231675, "log10_colsample_bytree": -0.03523843853980402, "log10_eta": -3.871789454083482, "log10_lambda": -4.446123700177403, "log10_min_child_weight": 1.3336700533682304, "log10_subsample": -0.49851039695823396, "max_depth": 6.0, "num_boost_round": 28.0}, "datetime": {"datetime": "2024-01-19 00:42:07", "elapsed": 1832.26299, "delta": 0.00268}}
{"target": -13.758470551361084, "params": {"gamma": 879.0672239226619, "log10_alpha": 0.2549081064231675, "log10_colsample_bytree": -0.03523843853980402, "log10_eta": -3.871789454083482, "log10_lambda": -4.446123700177403, "log10_min_child_weight": 1.3336700533682304, "log10_subsample": -0.49851039695823396, "max_depth": 6.0, "num_boost_round": 29.0}, "datetime": {"datetime": "2024-01-19 00:42:07", "elapsed": 1832.265677, "delta": 0.002687}}
{"target": -13.758468204026945, "params": {"gamma": 879.0672239226619, "log10_alpha": 0.2549081064231675, "log10_colsample_bytree": -0.03523843853980402, "log10_eta": -3.871789454083482, "log10_lambda": -4.446123700177403, "log10_min_child_weight": 1.3336700533682304, "log10_subsample": -0.49851039695823396, "max_depth": 6.0, "num_boost_round": 30.0}, "datetime": {"datetime": "2024-01-19 00:42:07", "elapsed": 1832.268364, "delta": 0.002687}}
{"target": -13.758618874048867, "params": {"gamma": 879.0805380274089, "log10_alpha": -0.5139553987094381, "log10_colsample_bytree": -0.21586639304529853, "log10_eta": -2.699687431641258, "log10_lambda": -1.190638198182742, "log10_min_child_weight": 1.8370170269396968, "log10_subsample": -0.0974730092640308, "max_depth": 9.0, "num_boost_round": 0.0}, "datetime": {"datetime": "2024-01-19 00:42:46", "elapsed": 1870.918283, "delta": 38.649919}}
{"target": -13.758524340714972, "params": {"gamma": 879.0805380274089, "log10_alpha": -0.5139553987094381, "log10_colsample_bytree": -0.21586639304529853, "log10_eta": -2.699687431641258, "log10_lambda": -1.190638198182742, "log10_min_child_weight": 1.8370170269396968, "log10_subsample": -0.0974730092640308, "max_depth": 9.0, "num_boost_round": 1.0}, "datetime": {"datetime": "2024-01-19 00:42:46", "elapsed": 1870.921584, "delta": 0.003301}}
{"target": -13.75845835330287, "params": {"gamma": 879.0805380274089, "log10_alpha": -0.5139553987094381, "log10_colsample_bytree": -0.21586639304529853, "log10_eta": -2.699687431641258, "log10_lambda": -1.190638198182742, "log10_min_child_weight": 1.8370170269396968, "log10_subsample": -0.0974730092640308, "max_depth": 9.0, "num_boost_round": 2.0}, "datetime": {"datetime": "2024-01-19 00:42:46", "elapsed": 1870.924411, "delta": 0.002827}}
{"target": -13.7583728148622, "params": {"gamma": 879.0805380274089, "log10_alpha": -0.5139553987094381, "log10_colsample_bytree": -0.21586639304529853, "log10_eta": -2.699687431641258, "log10_lambda": -1.190638198182742, "log10_min_child_weight": 1.8370170269396968, "log10_subsample": -0.0974730092640308, "max_depth": 9.0, "num_boost_round": 3.0}, "datetime": {"datetime": "2024-01-19 00:42:46", "elapsed": 1870.927142, "delta": 0.002731}}
{"target": -13.75831771119561, "params": {"gamma": 879.0805380274089, "log10_alpha": -0.5139553987094381, "log10_colsample_bytree": -0.21586639304529853, "log10_eta": -2.699687431641258, "log10_lambda": -1.190638198182742, "log10_min_child_weight": 1.8370170269396968, "log10_subsample": -0.0974730092640308, "max_depth": 9.0, "num_boost_round": 4.0}, "datetime": {"datetime": "2024-01-19 00:42:46", "elapsed": 1870.930332, "delta": 0.00319}}
{"target": -13.758320872499036, "params": {"gamma": 879.0805380274089, "log10_alpha": -0.5139553987094381, "log10_colsample_bytree": -0.21586639304529853, "log10_eta": -2.699687431641258, "log10_lambda": -1.190638198182742, "log10_min_child_weight": 1.8370170269396968, "log10_subsample": -0.0974730092640308, "max_depth": 9.0, "num_boost_round": 5.0}, "datetime": {"datetime": "2024-01-19 00:42:46", "elapsed": 1870.93363, "delta": 0.003298}}
{"target": -13.758353249196912, "params": {"gamma": 879.0805380274089, "log10_alpha": -0.5139553987094381, "log10_colsample_bytree": -0.21586639304529853, "log10_eta": -2.699687431641258, "log10_lambda": -1.190638198182742, "log10_min_child_weight": 1.8370170269396968, "log10_subsample": -0.0974730092640308, "max_depth": 9.0, "num_boost_round": 6.0}, "datetime": {"datetime": "2024-01-19 00:42:46", "elapsed": 1870.936533, "delta": 0.002903}}
{"target": -13.758331084461757, "params": {"gamma": 879.0805380274089, "log10_alpha": -0.5139553987094381, "log10_colsample_bytree": -0.21586639304529853, "log10_eta": -2.699687431641258, "log10_lambda": -1.190638198182742, "log10_min_child_weight": 1.8370170269396968, "log10_subsample": -0.0974730092640308, "max_depth": 9.0, "num_boost_round": 7.0}, "datetime": {"datetime": "2024-01-19 00:42:46", "elapsed": 1870.939386, "delta": 0.002853}}
{"target": -13.758333639775879, "params": {"gamma": 879.0805380274089, "log10_alpha": -0.5139553987094381, "log10_colsample_bytree": -0.21586639304529853, "log10_eta": -2.699687431641258, "log10_lambda": -1.190638198182742, "log10_min_child_weight": 1.8370170269396968, "log10_subsample": -0.0974730092640308, "max_depth": 9.0, "num_boost_round": 8.0}, "datetime": {"datetime": "2024-01-19 00:42:46", "elapsed": 1870.94293, "delta": 0.003544}}
{"target": -13.758354890940108, "params": {"gamma": 879.0805380274089, "log10_alpha": -0.5139553987094381, "log10_colsample_bytree": -0.21586639304529853, "log10_eta": -2.699687431641258, "log10_lambda": -1.190638198182742, "log10_min_child_weight": 1.8370170269396968, "log10_subsample": -0.0974730092640308, "max_depth": 9.0, "num_boost_round": 9.0}, "datetime": {"datetime": "2024-01-19 00:42:46", "elapsed": 1870.945733, "delta": 0.002803}}
{"target": -13.758291132193927, "params": {"gamma": 879.0805380274089, "log10_alpha": -0.5139553987094381, "log10_colsample_bytree": -0.21586639304529853, "log10_eta": -2.699687431641258, "log10_lambda": -1.190638198182742, "log10_min_child_weight": 1.8370170269396968, "log10_subsample": -0.0974730092640308, "max_depth": 9.0, "num_boost_round": 10.0}, "datetime": {"datetime": "2024-01-19 00:42:46", "elapsed": 1870.948542, "delta": 0.002809}}
{"target": -13.758284727074235, "params": {"gamma": 879.0805380274089, "log10_alpha": -0.5139553987094381, "log10_colsample_bytree": -0.21586639304529853, "log10_eta": -2.699687431641258, "log10_lambda": -1.190638198182742, "log10_min_child_weight": 1.8370170269396968, "log10_subsample": -0.0974730092640308, "max_depth": 9.0, "num_boost_round": 11.0}, "datetime": {"datetime": "2024-01-19 00:42:46", "elapsed": 1870.951233, "delta": 0.002691}}
{"target": -13.75835588718346, "params": {"gamma": 879.0805380274089, "log10_alpha": -0.5139553987094381, "log10_colsample_bytree": -0.21586639304529853, "log10_eta": -2.699687431641258, "log10_lambda": -1.190638198182742, "log10_min_child_weight": 1.8370170269396968, "log10_subsample": -0.0974730092640308, "max_depth": 9.0, "num_boost_round": 12.0}, "datetime": {"datetime": "2024-01-19 00:42:46", "elapsed": 1870.953904, "delta": 0.002671}}
{"target": -13.758298635723268, "params": {"gamma": 879.0805380274089, "log10_alpha": -0.5139553987094381, "log10_colsample_bytree": -0.21586639304529853, "log10_eta": -2.699687431641258, "log10_lambda": -1.190638198182742, "log10_min_child_weight": 1.8370170269396968, "log10_subsample": -0.0974730092640308, "max_depth": 9.0, "num_boost_round": 13.0}, "datetime": {"datetime": "2024-01-19 00:42:46", "elapsed": 1870.956599, "delta": 0.002695}}
{"target": -13.758220017168941, "params": {"gamma": 879.0805380274089, "log10_alpha": -0.5139553987094381, "log10_colsample_bytree": -0.21586639304529853, "log10_eta": -2.699687431641258, "log10_lambda": -1.190638198182742, "log10_min_child_weight": 1.8370170269396968, "log10_subsample": -0.0974730092640308, "max_depth": 9.0, "num_boost_round": 14.0}, "datetime": {"datetime": "2024-01-19 00:42:46", "elapsed": 1870.959304, "delta": 0.002705}}
{"target": -13.758249589782796, "params": {"gamma": 879.0805380274089, "log10_alpha": -0.5139553987094381, "log10_colsample_bytree": -0.21586639304529853, "log10_eta": -2.699687431641258, "log10_lambda": -1.190638198182742, "log10_min_child_weight": 1.8370170269396968, "log10_subsample": -0.0974730092640308, "max_depth": 9.0, "num_boost_round": 15.0}, "datetime": {"datetime": "2024-01-19 00:42:46", "elapsed": 1870.962059, "delta": 0.002755}}
{"target": -13.758266691445124, "params": {"gamma": 879.0805380274089, "log10_alpha": -0.5139553987094381, "log10_colsample_bytree": -0.21586639304529853, "log10_eta": -2.699687431641258, "log10_lambda": -1.190638198182742, "log10_min_child_weight": 1.8370170269396968, "log10_subsample": -0.0974730092640308, "max_depth": 9.0, "num_boost_round": 16.0}, "datetime": {"datetime": "2024-01-19 00:42:46", "elapsed": 1870.964783, "delta": 0.002724}}
{"target": -13.758242362325154, "params": {"gamma": 879.0805380274089, "log10_alpha": -0.5139553987094381, "log10_colsample_bytree": -0.21586639304529853, "log10_eta": -2.699687431641258, "log10_lambda": -1.190638198182742, "log10_min_child_weight": 1.8370170269396968, "log10_subsample": -0.0974730092640308, "max_depth": 9.0, "num_boost_round": 17.0}, "datetime": {"datetime": "2024-01-19 00:42:46", "elapsed": 1870.967517, "delta": 0.002734}}
{"target": -13.758537341135744, "params": {"gamma": 892.0697059090696, "log10_alpha": -1.4154821222897551, "log10_colsample_bytree": -0.515555841392329, "log10_eta": -3.92986070483477, "log10_lambda": -4.818075560951832, "log10_min_child_weight": 4.708826965402765, "log10_subsample": -0.746384102591576, "max_depth": 9.0, "num_boost_round": 0.0}, "datetime": {"datetime": "2024-01-19 00:44:07", "elapsed": 1951.85387, "delta": 80.886353}}
{"target": -13.758537070801216, "params": {"gamma": 892.0697059090696, "log10_alpha": -1.4154821222897551, "log10_colsample_bytree": -0.515555841392329, "log10_eta": -3.92986070483477, "log10_lambda": -4.818075560951832, "log10_min_child_weight": 4.708826965402765, "log10_subsample": -0.746384102591576, "max_depth": 9.0, "num_boost_round": 1.0}, "datetime": {"datetime": "2024-01-19 00:44:07", "elapsed": 1951.856892, "delta": 0.003022}}
{"target": -13.758536976977165, "params": {"gamma": 892.0697059090696, "log10_alpha": -1.4154821222897551, "log10_colsample_bytree": -0.515555841392329, "log10_eta": -3.92986070483477, "log10_lambda": -4.818075560951832, "log10_min_child_weight": 4.708826965402765, "log10_subsample": -0.746384102591576, "max_depth": 9.0, "num_boost_round": 2.0}, "datetime": {"datetime": "2024-01-19 00:44:07", "elapsed": 1951.859762, "delta": 0.00287}}
{"target": -13.758536446704868, "params": {"gamma": 892.0697059090696, "log10_alpha": -1.4154821222897551, "log10_colsample_bytree": -0.515555841392329, "log10_eta": -3.92986070483477, "log10_lambda": -4.818075560951832, "log10_min_child_weight": 4.708826965402765, "log10_subsample": -0.746384102591576, "max_depth": 9.0, "num_boost_round": 3.0}, "datetime": {"datetime": "2024-01-19 00:44:07", "elapsed": 1951.862475, "delta": 0.002713}}
{"target": -13.75853658860624, "params": {"gamma": 892.0697059090696, "log10_alpha": -1.4154821222897551, "log10_colsample_bytree": -0.515555841392329, "log10_eta": -3.92986070483477, "log10_lambda": -4.818075560951832, "log10_min_child_weight": 4.708826965402765, "log10_subsample": -0.746384102591576, "max_depth": 9.0, "num_boost_round": 4.0}, "datetime": {"datetime": "2024-01-19 00:44:07", "elapsed": 1951.865192, "delta": 0.002717}}
{"target": -13.75853608956933, "params": {"gamma": 892.0697059090696, "log10_alpha": -1.4154821222897551, "log10_colsample_bytree": -0.515555841392329, "log10_eta": -3.92986070483477, "log10_lambda": -4.818075560951832, "log10_min_child_weight": 4.708826965402765, "log10_subsample": -0.746384102591576, "max_depth": 9.0, "num_boost_round": 5.0}, "datetime": {"datetime": "2024-01-19 00:44:07", "elapsed": 1951.867912, "delta": 0.00272}}
{"target": -13.758535578860277, "params": {"gamma": 892.0697059090696, "log10_alpha": -1.4154821222897551, "log10_colsample_bytree": -0.515555841392329, "log10_eta": -3.92986070483477, "log10_lambda": -4.818075560951832, "log10_min_child_weight": 4.708826965402765, "log10_subsample": -0.746384102591576, "max_depth": 9.0, "num_boost_round": 6.0}, "datetime": {"datetime": "2024-01-19 00:44:07", "elapsed": 1951.870616, "delta": 0.002704}}
{"target": -13.758535657368409, "params": {"gamma": 892.0697059090696, "log10_alpha": -1.4154821222897551, "log10_colsample_bytree": -0.515555841392329, "log10_eta": -3.92986070483477, "log10_lambda": -4.818075560951832, "log10_min_child_weight": 4.708826965402765, "log10_subsample": -0.746384102591576, "max_depth": 9.0, "num_boost_round": 7.0}, "datetime": {"datetime": "2024-01-19 00:44:07", "elapsed": 1951.873542, "delta": 0.002926}}
{"target": -13.758535711809671, "params": {"gamma": 892.0697059090696, "log10_alpha": -1.4154821222897551, "log10_colsample_bytree": -0.515555841392329, "log10_eta": -3.92986070483477, "log10_lambda": -4.818075560951832, "log10_min_child_weight": 4.708826965402765, "log10_subsample": -0.746384102591576, "max_depth": 9.0, "num_boost_round": 8.0}, "datetime": {"datetime": "2024-01-19 00:44:07", "elapsed": 1951.876295, "delta": 0.002753}}
{"target": -13.758534730329197, "params": {"gamma": 892.0697059090696, "log10_alpha": -1.4154821222897551, "log10_colsample_bytree": -0.515555841392329, "log10_eta": -3.92986070483477, "log10_lambda": -4.818075560951832, "log10_min_child_weight": 4.708826965402765, "log10_subsample": -0.746384102591576, "max_depth": 9.0, "num_boost_round": 9.0}, "datetime": {"datetime": "2024-01-19 00:44:07", "elapsed": 1951.879047, "delta": 0.002752}}
{"target": -13.758534278428847, "params": {"gamma": 892.0697059090696, "log10_alpha": -1.4154821222897551, "log10_colsample_bytree": -0.515555841392329, "log10_eta": -3.92986070483477, "log10_lambda": -4.818075560951832, "log10_min_child_weight": 4.708826965402765, "log10_subsample": -0.746384102591576, "max_depth": 9.0, "num_boost_round": 10.0}, "datetime": {"datetime": "2024-01-19 00:44:07", "elapsed": 1951.881755, "delta": 0.002708}}
{"target": -13.758533646334033, "params": {"gamma": 892.0697059090696, "log10_alpha": -1.4154821222897551, "log10_colsample_bytree": -0.515555841392329, "log10_eta": -3.92986070483477, "log10_lambda": -4.818075560951832, "log10_min_child_weight": 4.708826965402765, "log10_subsample": -0.746384102591576, "max_depth": 9.0, "num_boost_round": 11.0}, "datetime": {"datetime": "2024-01-19 00:44:07", "elapsed": 1951.884516, "delta": 0.002761}}
{"target": -13.758534175194594, "params": {"gamma": 892.0697059090696, "log10_alpha": -1.4154821222897551, "log10_colsample_bytree": -0.515555841392329, "log10_eta": -3.92986070483477, "log10_lambda": -4.818075560951832, "log10_min_child_weight": 4.708826965402765, "log10_subsample": -0.746384102591576, "max_depth": 9.0, "num_boost_round": 12.0}, "datetime": {"datetime": "2024-01-19 00:44:07", "elapsed": 1951.887274, "delta": 0.002758}}
{"target": -13.758533752101028, "params": {"gamma": 892.0697059090696, "log10_alpha": -1.4154821222897551, "log10_colsample_bytree": -0.515555841392329, "log10_eta": -3.92986070483477, "log10_lambda": -4.818075560951832, "log10_min_child_weight": 4.708826965402765, "log10_subsample": -0.746384102591576, "max_depth": 9.0, "num_boost_round": 13.0}, "datetime": {"datetime": "2024-01-19 00:44:07", "elapsed": 1951.890029, "delta": 0.002755}}
{"target": -13.758533790724584, "params": {"gamma": 892.0697059090696, "log10_alpha": -1.4154821222897551, "log10_colsample_bytree": -0.515555841392329, "log10_eta": -3.92986070483477, "log10_lambda": -4.818075560951832, "log10_min_child_weight": 4.708826965402765, "log10_subsample": -0.746384102591576, "max_depth": 9.0, "num_boost_round": 14.0}, "datetime": {"datetime": "2024-01-19 00:44:07", "elapsed": 1951.892961, "delta": 0.002932}}
{"target": -13.758532898865218, "params": {"gamma": 892.0697059090696, "log10_alpha": -1.4154821222897551, "log10_colsample_bytree": -0.515555841392329, "log10_eta": -3.92986070483477, "log10_lambda": -4.818075560951832, "log10_min_child_weight": 4.708826965402765, "log10_subsample": -0.746384102591576, "max_depth": 9.0, "num_boost_round": 15.0}, "datetime": {"datetime": "2024-01-19 00:44:07", "elapsed": 1951.895699, "delta": 0.002738}}
{"target": -13.758532791985937, "params": {"gamma": 892.0697059090696, "log10_alpha": -1.4154821222897551, "log10_colsample_bytree": -0.515555841392329, "log10_eta": -3.92986070483477, "log10_lambda": -4.818075560951832, "log10_min_child_weight": 4.708826965402765, "log10_subsample": -0.746384102591576, "max_depth": 9.0, "num_boost_round": 16.0}, "datetime": {"datetime": "2024-01-19 00:44:07", "elapsed": 1951.898401, "delta": 0.002702}}
{"target": -13.758532383361503, "params": {"gamma": 892.0697059090696, "log10_alpha": -1.4154821222897551, "log10_colsample_bytree": -0.515555841392329, "log10_eta": -3.92986070483477, "log10_lambda": -4.818075560951832, "log10_min_child_weight": 4.708826965402765, "log10_subsample": -0.746384102591576, "max_depth": 9.0, "num_boost_round": 17.0}, "datetime": {"datetime": "2024-01-19 00:44:07", "elapsed": 1951.901128, "delta": 0.002727}}
{"target": -13.758531864687795, "params": {"gamma": 892.0697059090696, "log10_alpha": -1.4154821222897551, "log10_colsample_bytree": -0.515555841392329, "log10_eta": -3.92986070483477, "log10_lambda": -4.818075560951832, "log10_min_child_weight": 4.708826965402765, "log10_subsample": -0.746384102591576, "max_depth": 9.0, "num_boost_round": 18.0}, "datetime": {"datetime": "2024-01-19 00:44:07", "elapsed": 1951.90388, "delta": 0.002752}}
{"target": -13.758531398533338, "params": {"gamma": 892.0697059090696, "log10_alpha": -1.4154821222897551, "log10_colsample_bytree": -0.515555841392329, "log10_eta": -3.92986070483477, "log10_lambda": -4.818075560951832, "log10_min_child_weight": 4.708826965402765, "log10_subsample": -0.746384102591576, "max_depth": 9.0, "num_boost_round": 19.0}, "datetime": {"datetime": "2024-01-19 00:44:07", "elapsed": 1951.906631, "delta": 0.002751}}
{"target": -13.758530315161282, "params": {"gamma": 892.0697059090696, "log10_alpha": -1.4154821222897551, "log10_colsample_bytree": -0.515555841392329, "log10_eta": -3.92986070483477, "log10_lambda": -4.818075560951832, "log10_min_child_weight": 4.708826965402765, "log10_subsample": -0.746384102591576, "max_depth": 9.0, "num_boost_round": 20.0}, "datetime": {"datetime": "2024-01-19 00:44:07", "elapsed": 1951.909376, "delta": 0.002745}}
{"target": -13.758530090844669, "params": {"gamma": 892.0697059090696, "log10_alpha": -1.4154821222897551, "log10_colsample_bytree": -0.515555841392329, "log10_eta": -3.92986070483477, "log10_lambda": -4.818075560951832, "log10_min_child_weight": 4.708826965402765, "log10_subsample": -0.746384102591576, "max_depth": 9.0, "num_boost_round": 21.0}, "datetime": {"datetime": "2024-01-19 00:44:07", "elapsed": 1951.912296, "delta": 0.00292}}
