{"target": -13.758529817140017, "params": {"gamma": 563.2276059736784, "log10_alpha": -1.7193703066275714, "log10_colsample_bytree": -1.0, "log10_eta": -4.0, "log10_lambda": -5.0, "log10_min_child_weight": 0.0, "log10_subsample": -1.0, "max_depth": 2.0, "num_boost_round": 16.0}, "datetime": {"datetime": "2024-01-19 01:01:16", "elapsed": 2928.759913, "delta": 0.003617}}
{"target": -13.758529069580284, "params": {"gamma": 563.2276059736784, "log10_alpha": -1.7193703066275714, "log10_colsample_bytree": -1.0, "log10_eta": -4.0, "log10_lambda": -5.0, "log10_min_child_weight": 0.0, "log10_subsample": -1.0, "max_depth": 2.0, "num_boost_round": 17.0}, "datetime": {"datetime": "2024-01-19 01:01:16", "elapsed": 2928.763491, "delta": 0.003578}}
{"target": -13.758528049258235, "params": {"gamma": 563.2276059736784, "log10_alpha": -1.7193703066275714, "log10_colsample_bytree": -1.0, "log10_eta": -4.0, "log10_lambda": -5.0, "log10_min_child_weight": 0.0, "log10_subsample": -1.0, "max_depth": 2.0, "num_boost_round": 18.0}, "datetime": {"datetime": "2024-01-19 01:01:16", "elapsed": 2928.767087, "delta": 0.003596}}
{"target": -13.758527188917325, "params": {"gamma": 563.2276059736784, "log10_alpha": -1.7193703066275714, "log10_colsample_bytree": -1.0, "log10_eta": -4.0, "log10_lambda": -5.0, "log10_min_child_weight": 0.0, "log10_subsample": -1.0, "max_depth": 2.0, "num_boost_round": 19.0}, "datetime": {"datetime": "2024-01-19 01:01:16", "elapsed": 2928.77053, "delta": 0.003443}}
{"target": -13.758526507487128, "params": {"gamma": 563.2276059736784, "log10_alpha": -1.7193703066275714, "log10_colsample_bytree": -1.0, "log10_eta": -4.0, "log10_lambda": -5.0, "log10_min_child_weight": 0.0, "log10_subsample": -1.0, "max_depth": 2.0, "num_boost_round": 20.0}, "datetime": {"datetime": "2024-01-19 01:01:16", "elapsed": 2928.774075, "delta": 0.003545}}
{"target": -13.758524471612924, "params": {"gamma": 563.2276059736784, "log10_alpha": -1.7193703066275714, "log10_colsample_bytree": -1.0, "log10_eta": -4.0, "log10_lambda": -5.0, "log10_min_child_weight": 0.0, "log10_subsample": -1.0, "max_depth": 2.0, "num_boost_round": 21.0}, "datetime": {"datetime": "2024-01-19 01:01:16", "elapsed": 2928.777537, "delta": 0.003462}}
{"target": -13.758524101308506, "params": {"gamma": 563.2276059736784, "log10_alpha": -1.7193703066275714, "log10_colsample_bytree": -1.0, "log10_eta": -4.0, "log10_lambda": -5.0, "log10_min_child_weight": 0.0, "log10_subsample": -1.0, "max_depth": 2.0, "num_boost_round": 22.0}, "datetime": {"datetime": "2024-01-19 01:01:16", "elapsed": 2928.781163, "delta": 0.003626}}
{"target": -13.75852205144069, "params": {"gamma": 563.2276059736784, "log10_alpha": -1.7193703066275714, "log10_colsample_bytree": -1.0, "log10_eta": -4.0, "log10_lambda": -5.0, "log10_min_child_weight": 0.0, "log10_subsample": -1.0, "max_depth": 2.0, "num_boost_round": 23.0}, "datetime": {"datetime": "2024-01-19 01:01:16", "elapsed": 2928.784607, "delta": 0.003444}}
{"target": -13.75852083234002, "params": {"gamma": 563.2276059736784, "log10_alpha": -1.7193703066275714, "log10_colsample_bytree": -1.0, "log10_eta": -4.0, "log10_lambda": -5.0, "log10_min_child_weight": 0.0, "log10_subsample": -1.0, "max_depth": 2.0, "num_boost_round": 24.0}, "datetime": {"datetime": "2024-01-19 01:01:16", "elapsed": 2928.788131, "delta": 0.003524}}
{"target": -13.758519331549271, "params": {"gamma": 563.2276059736784, "log10_alpha": -1.7193703066275714, "log10_colsample_bytree": -1.0, "log10_eta": -4.0, "log10_lambda": -5.0, "log10_min_child_weight": 0.0, "log10_subsample": -1.0, "max_depth": 2.0, "num_boost_round": 25.0}, "datetime": {"datetime": "2024-01-19 01:01:16", "elapsed": 2928.791598, "delta": 0.003467}}
{"target": -13.758519105764963, "params": {"gamma": 563.2276059736784, "log10_alpha": -1.7193703066275714, "log10_colsample_bytree": -1.0, "log10_eta": -4.0, "log10_lambda": -5.0, "log10_min_child_weight": 0.0, "log10_subsample": -1.0, "max_depth": 2.0, "num_boost_round": 26.0}, "datetime": {"datetime": "2024-01-19 01:01:16", "elapsed": 2928.795187, "delta": 0.003589}}
{"target": -13.758517620377312, "params": {"gamma": 563.2276059736784, "log10_alpha": -1.7193703066275714, "log10_colsample_bytree": -1.0, "log10_eta": -4.0, "log10_lambda": -5.0, "log10_min_child_weight": 0.0, "log10_subsample": -1.0, "max_depth": 2.0, "num_boost_round": 27.0}, "datetime": {"datetime": "2024-01-19 01:01:16", "elapsed": 2928.798666, "delta": 0.003479}}
{"target": -13.758517248852492, "params": {"gamma": 563.2276059736784, "log10_alpha": -1.7193703066275714, "log10_colsample_bytree": -1.0, "log10_eta": -4.0, "log10_lambda": -5.0, "log10_min_child_weight": 0.0, "log10_subsample": -1.0, "max_depth": 2.0, "num_boost_round": 28.0}, "datetime": {"datetime": "2024-01-19 01:01:16", "elapsed": 2928.802221, "delta": 0.003555}}
{"target": -13.758514206329933, "params": {"gamma": 563.2276059736784, "log10_alpha": -1.7193703066275714, "log10_colsample_bytree": -1.0, "log10_eta": -4.0, "log10_lambda": -5.0, "log10_min_child_weight": 0.0, "log10_subsample": -1.0, "max_depth": 2.0, "num_boost_round": 29.0}, "datetime": {"datetime": "2024-01-19 01:01:16", "elapsed": 2928.805727, "delta": 0.003506}}
{"target": -13.758512960259619, "params": {"gamma": 563.2276059736784, "log10_alpha": -1.7193703066275714, "log10_colsample_bytree": -1.0, "log10_eta": -4.0, "log10_lambda": -5.0, "log10_min_child_weight": 0.0, "log10_subsample": -1.0, "max_depth": 2.0, "num_boost_round": 30.0}, "datetime": {"datetime": "2024-01-19 01:01:16", "elapsed": 2928.80938, "delta": 0.003653}}
{"target": -13.758511100839865, "params": {"gamma": 563.2276059736784, "log10_alpha": -1.7193703066275714, "log10_colsample_bytree": -1.0, "log10_eta": -4.0, "log10_lambda": -5.0, "log10_min_child_weight": 0.0, "log10_subsample": -1.0, "max_depth": 2.0, "num_boost_round": 31.0}, "datetime": {"datetime": "2024-01-19 01:01:16", "elapsed": 2928.812983, "delta": 0.003603}}
{"target": -13.758511969861946, "params": {"gamma": 563.2276059736784, "log10_alpha": -1.7193703066275714, "log10_colsample_bytree": -1.0, "log10_eta": -4.0, "log10_lambda": -5.0, "log10_min_child_weight": 0.0, "log10_subsample": -1.0, "max_depth": 2.0, "num_boost_round": 32.0}, "datetime": {"datetime": "2024-01-19 01:01:16", "elapsed": 2928.816622, "delta": 0.003639}}
{"target": -13.758509815447779, "params": {"gamma": 563.2276059736784, "log10_alpha": -1.7193703066275714, "log10_colsample_bytree": -1.0, "log10_eta": -4.0, "log10_lambda": -5.0, "log10_min_child_weight": 0.0, "log10_subsample": -1.0, "max_depth": 2.0, "num_boost_round": 33.0}, "datetime": {"datetime": "2024-01-19 01:01:16", "elapsed": 2928.820202, "delta": 0.00358}}
{"target": -13.7585086995375, "params": {"gamma": 563.2276059736784, "log10_alpha": -1.7193703066275714, "log10_colsample_bytree": -1.0, "log10_eta": -4.0, "log10_lambda": -5.0, "log10_min_child_weight": 0.0, "log10_subsample": -1.0, "max_depth": 2.0, "num_boost_round": 34.0}, "datetime": {"datetime": "2024-01-19 01:01:16", "elapsed": 2928.823821, "delta": 0.003619}}
{"target": -13.758509345554012, "params": {"gamma": 563.2276059736784, "log10_alpha": -1.7193703066275714, "log10_colsample_bytree": -1.0, "log10_eta": -4.0, "log10_lambda": -5.0, "log10_min_child_weight": 0.0, "log10_subsample": -1.0, "max_depth": 2.0, "num_boost_round": 35.0}, "datetime": {"datetime": "2024-01-19 01:01:16", "elapsed": 2928.827423, "delta": 0.003602}}
{"target": -13.758509171667201, "params": {"gamma": 563.2276059736784, "log10_alpha": -1.7193703066275714, "log10_colsample_bytree": -1.0, "log10_eta": -4.0, "log10_lambda": -5.0, "log10_min_child_weight": 0.0, "log10_subsample": -1.0, "max_depth": 2.0, "num_boost_round": 36.0}, "datetime": {"datetime": "2024-01-19 01:01:16", "elapsed": 2928.831077, "delta": 0.003654}}
{"target": -13.758509473846038, "params": {"gamma": 563.2276059736784, "log10_alpha": -1.7193703066275714, "log10_colsample_bytree": -1.0, "log10_eta": -4.0, "log10_lambda": -5.0, "log10_min_child_weight": 0.0, "log10_subsample": -1.0, "max_depth": 2.0, "num_boost_round": 37.0}, "datetime": {"datetime": "2024-01-19 01:01:16", "elapsed": 2928.835404, "delta": 0.004327}}
{"target": -13.758509052804456, "params": {"gamma": 563.2276059736784, "log10_alpha": -1.7193703066275714, "log10_colsample_bytree": -1.0, "log10_eta": -4.0, "log10_lambda": -5.0, "log10_min_child_weight": 0.0, "log10_subsample": -1.0, "max_depth": 2.0, "num_boost_round": 38.0}, "datetime": {"datetime": "2024-01-19 01:01:16", "elapsed": 2928.839212, "delta": 0.003808}}
{"target": -13.758508424829223, "params": {"gamma": 563.2276059736784, "log10_alpha": -1.7193703066275714, "log10_colsample_bytree": -1.0, "log10_eta": -4.0, "log10_lambda": -5.0, "log10_min_child_weight": 0.0, "log10_subsample": -1.0, "max_depth": 2.0, "num_boost_round": 39.0}, "datetime": {"datetime": "2024-01-19 01:01:16", "elapsed": 2928.842834, "delta": 0.003622}}
{"target": -13.758508166586974, "params": {"gamma": 563.2276059736784, "log10_alpha": -1.7193703066275714, "log10_colsample_bytree": -1.0, "log10_eta": -4.0, "log10_lambda": -5.0, "log10_min_child_weight": 0.0, "log10_subsample": -1.0, "max_depth": 2.0, "num_boost_round": 40.0}, "datetime": {"datetime": "2024-01-19 01:01:16", "elapsed": 2928.846798, "delta": 0.003964}}
{"target": -13.758507282504041, "params": {"gamma": 563.2276059736784, "log10_alpha": -1.7193703066275714, "log10_colsample_bytree": -1.0, "log10_eta": -4.0, "log10_lambda": -5.0, "log10_min_child_weight": 0.0, "log10_subsample": -1.0, "max_depth": 2.0, "num_boost_round": 41.0}, "datetime": {"datetime": "2024-01-19 01:01:16", "elapsed": 2928.850289, "delta": 0.003491}}
{"target": -13.758506785776042, "params": {"gamma": 563.2276059736784, "log10_alpha": -1.7193703066275714, "log10_colsample_bytree": -1.0, "log10_eta": -4.0, "log10_lambda": -5.0, "log10_min_child_weight": 0.0, "log10_subsample": -1.0, "max_depth": 2.0, "num_boost_round": 42.0}, "datetime": {"datetime": "2024-01-19 01:01:16", "elapsed": 2928.853951, "delta": 0.003662}}
{"target": -13.758505683748503, "params": {"gamma": 563.2276059736784, "log10_alpha": -1.7193703066275714, "log10_colsample_bytree": -1.0, "log10_eta": -4.0, "log10_lambda": -5.0, "log10_min_child_weight": 0.0, "log10_subsample": -1.0, "max_depth": 2.0, "num_boost_round": 43.0}, "datetime": {"datetime": "2024-01-19 01:01:16", "elapsed": 2928.857458, "delta": 0.003507}}
{"target": -13.758504982728724, "params": {"gamma": 563.2276059736784, "log10_alpha": -1.7193703066275714, "log10_colsample_bytree": -1.0, "log10_eta": -4.0, "log10_lambda": -5.0, "log10_min_child_weight": 0.0, "log10_subsample": -1.0, "max_depth": 2.0, "num_boost_round": 44.0}, "datetime": {"datetime": "2024-01-19 01:01:16", "elapsed": 2928.860976, "delta": 0.003518}}
{"target": -13.759790362862338, "params": {"gamma": 611.628925679147, "log10_alpha": -4.076280870883687, "log10_colsample_bytree": -0.3990156224121887, "log10_eta": -0.50539313878261, "log10_lambda": -4.697531249512125, "log10_min_child_weight": 4.2566813730300606, "log10_subsample": -0.3273920166413813, "max_depth": 8.0, "num_boost_round": 0.0}, "datetime": {"datetime": "2024-01-19 01:01:54", "elapsed": 2967.524184, "delta": 38.663208}}
{"target": -13.76768728805974, "params": {"gamma": 611.628925679147, "log10_alpha": -4.076280870883687, "log10_colsample_bytree": -0.3990156224121887, "log10_eta": -0.50539313878261, "log10_lambda": -4.697531249512125, "log10_min_child_weight": 4.2566813730300606, "log10_subsample": -0.3273920166413813, "max_depth": 8.0, "num_boost_round": 1.0}, "datetime": {"datetime": "2024-01-19 01:01:54", "elapsed": 2967.528271, "delta": 0.004087}}
{"target": -13.776239945717307, "params": {"gamma": 611.628925679147, "log10_alpha": -4.076280870883687, "log10_colsample_bytree": -0.3990156224121887, "log10_eta": -0.50539313878261, "log10_lambda": -4.697531249512125, "log10_min_child_weight": 4.2566813730300606, "log10_subsample": -0.3273920166413813, "max_depth": 8.0, "num_boost_round": 2.0}, "datetime": {"datetime": "2024-01-19 01:01:54", "elapsed": 2967.531953, "delta": 0.003682}}
{"target": -13.781612778866053, "params": {"gamma": 611.628925679147, "log10_alpha": -4.076280870883687, "log10_colsample_bytree": -0.3990156224121887, "log10_eta": -0.50539313878261, "log10_lambda": -4.697531249512125, "log10_min_child_weight": 4.2566813730300606, "log10_subsample": -0.3273920166413813, "max_depth": 8.0, "num_boost_round": 3.0}, "datetime": {"datetime": "2024-01-19 01:01:54", "elapsed": 2967.535804, "delta": 0.003851}}
{"target": -13.788208780733411, "params": {"gamma": 611.628925679147, "log10_alpha": -4.076280870883687, "log10_colsample_bytree": -0.3990156224121887, "log10_eta": -0.50539313878261, "log10_lambda": -4.697531249512125, "log10_min_child_weight": 4.2566813730300606, "log10_subsample": -0.3273920166413813, "max_depth": 8.0, "num_boost_round": 4.0}, "datetime": {"datetime": "2024-01-19 01:01:54", "elapsed": 2967.539418, "delta": 0.003614}}
{"target": -13.792519218207246, "params": {"gamma": 611.628925679147, "log10_alpha": -4.076280870883687, "log10_colsample_bytree": -0.3990156224121887, "log10_eta": -0.50539313878261, "log10_lambda": -4.697531249512125, "log10_min_child_weight": 4.2566813730300606, "log10_subsample": -0.3273920166413813, "max_depth": 8.0, "num_boost_round": 5.0}, "datetime": {"datetime": "2024-01-19 01:01:54", "elapsed": 2967.543039, "delta": 0.003621}}
{"target": -13.801566983950504, "params": {"gamma": 611.628925679147, "log10_alpha": -4.076280870883687, "log10_colsample_bytree": -0.3990156224121887, "log10_eta": -0.50539313878261, "log10_lambda": -4.697531249512125, "log10_min_child_weight": 4.2566813730300606, "log10_subsample": -0.3273920166413813, "max_depth": 8.0, "num_boost_round": 6.0}, "datetime": {"datetime": "2024-01-19 01:01:54", "elapsed": 2967.546612, "delta": 0.003573}}
{"target": -13.805685697027464, "params": {"gamma": 611.628925679147, "log10_alpha": -4.076280870883687, "log10_colsample_bytree": -0.3990156224121887, "log10_eta": -0.50539313878261, "log10_lambda": -4.697531249512125, "log10_min_child_weight": 4.2566813730300606, "log10_subsample": -0.3273920166413813, "max_depth": 8.0, "num_boost_round": 7.0}, "datetime": {"datetime": "2024-01-19 01:01:54", "elapsed": 2967.550119, "delta": 0.003507}}
{"target": -13.808090485759221, "params": {"gamma": 611.628925679147, "log10_alpha": -4.076280870883687, "log10_colsample_bytree": -0.3990156224121887, "log10_eta": -0.50539313878261, "log10_lambda": -4.697531249512125, "log10_min_child_weight": 4.2566813730300606, "log10_subsample": -0.3273920166413813, "max_depth": 8.0, "num_boost_round": 8.0}, "datetime": {"datetime": "2024-01-19 01:01:54", "elapsed": 2967.553828, "delta": 0.003709}}
{"target": -13.807010414175451, "params": {"gamma": 611.628925679147, "log10_alpha": -4.076280870883687, "log10_colsample_bytree": -0.3990156224121887, "log10_eta": -0.50539313878261, "log10_lambda": -4.697531249512125, "log10_min_child_weight": 4.2566813730300606, "log10_subsample": -0.3273920166413813, "max_depth": 8.0, "num_boost_round": 9.0}, "datetime": {"datetime": "2024-01-19 01:01:54", "elapsed": 2967.557318, "delta": 0.00349}}
{"target": -13.805970418476276, "params": {"gamma": 611.628925679147, "log10_alpha": -4.076280870883687, "log10_colsample_bytree": -0.3990156224121887, "log10_eta": -0.50539313878261, "log10_lambda": -4.697531249512125, "log10_min_child_weight": 4.2566813730300606, "log10_subsample": -0.3273920166413813, "max_depth": 8.0, "num_boost_round": 10.0}, "datetime": {"datetime": "2024-01-19 01:01:54", "elapsed": 2967.56079, "delta": 0.003472}}
{"target": -13.804962235470088, "params": {"gamma": 611.628925679147, "log10_alpha": -4.076280870883687, "log10_colsample_bytree": -0.3990156224121887, "log10_eta": -0.50539313878261, "log10_lambda": -4.697531249512125, "log10_min_child_weight": 4.2566813730300606, "log10_subsample": -0.3273920166413813, "max_depth": 8.0, "num_boost_round": 11.0}, "datetime": {"datetime": "2024-01-19 01:01:54", "elapsed": 2967.564255, "delta": 0.003465}}
{"target": -13.802487544421316, "params": {"gamma": 611.628925679147, "log10_alpha": -4.076280870883687, "log10_colsample_bytree": -0.3990156224121887, "log10_eta": -0.50539313878261, "log10_lambda": -4.697531249512125, "log10_min_child_weight": 4.2566813730300606, "log10_subsample": -0.3273920166413813, "max_depth": 8.0, "num_boost_round": 12.0}, "datetime": {"datetime": "2024-01-19 01:01:54", "elapsed": 2967.567756, "delta": 0.003501}}
{"target": -13.804353413720271, "params": {"gamma": 611.628925679147, "log10_alpha": -4.076280870883687, "log10_colsample_bytree": -0.3990156224121887, "log10_eta": -0.50539313878261, "log10_lambda": -4.697531249512125, "log10_min_child_weight": 4.2566813730300606, "log10_subsample": -0.3273920166413813, "max_depth": 8.0, "num_boost_round": 13.0}, "datetime": {"datetime": "2024-01-19 01:01:54", "elapsed": 2967.571303, "delta": 0.003547}}
{"target": -13.808688709243397, "params": {"gamma": 611.628925679147, "log10_alpha": -4.076280870883687, "log10_colsample_bytree": -0.3990156224121887, "log10_eta": -0.50539313878261, "log10_lambda": -4.697531249512125, "log10_min_child_weight": 4.2566813730300606, "log10_subsample": -0.3273920166413813, "max_depth": 8.0, "num_boost_round": 14.0}, "datetime": {"datetime": "2024-01-19 01:01:55", "elapsed": 2967.575148, "delta": 0.003845}}
{"target": -13.81096128029345, "params": {"gamma": 611.628925679147, "log10_alpha": -4.076280870883687, "log10_colsample_bytree": -0.3990156224121887, "log10_eta": -0.50539313878261, "log10_lambda": -4.697531249512125, "log10_min_child_weight": 4.2566813730300606, "log10_subsample": -0.3273920166413813, "max_depth": 8.0, "num_boost_round": 15.0}, "datetime": {"datetime": "2024-01-19 01:01:55", "elapsed": 2967.578717, "delta": 0.003569}}
{"target": -13.818789259480857, "params": {"gamma": 611.628925679147, "log10_alpha": -4.076280870883687, "log10_colsample_bytree": -0.3990156224121887, "log10_eta": -0.50539313878261, "log10_lambda": -4.697531249512125, "log10_min_child_weight": 4.2566813730300606, "log10_subsample": -0.3273920166413813, "max_depth": 8.0, "num_boost_round": 16.0}, "datetime": {"datetime": "2024-01-19 01:01:55", "elapsed": 2967.582269, "delta": 0.003552}}
{"target": -13.820041433958727, "params": {"gamma": 611.628925679147, "log10_alpha": -4.076280870883687, "log10_colsample_bytree": -0.3990156224121887, "log10_eta": -0.50539313878261, "log10_lambda": -4.697531249512125, "log10_min_child_weight": 4.2566813730300606, "log10_subsample": -0.3273920166413813, "max_depth": 8.0, "num_boost_round": 17.0}, "datetime": {"datetime": "2024-01-19 01:01:55", "elapsed": 2967.585859, "delta": 0.00359}}
{"target": -13.827209876504236, "params": {"gamma": 611.628925679147, "log10_alpha": -4.076280870883687, "log10_colsample_bytree": -0.3990156224121887, "log10_eta": -0.50539313878261, "log10_lambda": -4.697531249512125, "log10_min_child_weight": 4.2566813730300606, "log10_subsample": -0.3273920166413813, "max_depth": 8.0, "num_boost_round": 18.0}, "datetime": {"datetime": "2024-01-19 01:01:55", "elapsed": 2967.589476, "delta": 0.003617}}
{"target": -13.827510608011153, "params": {"gamma": 611.628925679147, "log10_alpha": -4.076280870883687, "log10_colsample_bytree": -0.3990156224121887, "log10_eta": -0.50539313878261, "log10_lambda": -4.697531249512125, "log10_min_child_weight": 4.2566813730300606, "log10_subsample": -0.3273920166413813, "max_depth": 8.0, "num_boost_round": 19.0}, "datetime": {"datetime": "2024-01-19 01:01:55", "elapsed": 2967.593369, "delta": 0.003893}}
{"target": -13.832233524783334, "params": {"gamma": 611.628925679147, "log10_alpha": -4.076280870883687, "log10_colsample_bytree": -0.3990156224121887, "log10_eta": -0.50539313878261, "log10_lambda": -4.697531249512125, "log10_min_child_weight": 4.2566813730300606, "log10_subsample": -0.3273920166413813, "max_depth": 8.0, "num_boost_round": 20.0}, "datetime": {"datetime": "2024-01-19 01:01:55", "elapsed": 2967.597232, "delta": 0.003863}}
{"target": -13.833413393507698, "params": {"gamma": 611.628925679147, "log10_alpha": -4.076280870883687, "log10_colsample_bytree": -0.3990156224121887, "log10_eta": -0.50539313878261, "log10_lambda": -4.697531249512125, "log10_min_child_weight": 4.2566813730300606, "log10_subsample": -0.3273920166413813, "max_depth": 8.0, "num_boost_round": 21.0}, "datetime": {"datetime": "2024-01-19 01:01:55", "elapsed": 2967.601223, "delta": 0.003991}}
{"target": -13.833666838265467, "params": {"gamma": 611.628925679147, "log10_alpha": -4.076280870883687, "log10_colsample_bytree": -0.3990156224121887, "log10_eta": -0.50539313878261, "log10_lambda": -4.697531249512125, "log10_min_child_weight": 4.2566813730300606, "log10_subsample": -0.3273920166413813, "max_depth": 8.0, "num_boost_round": 22.0}, "datetime": {"datetime": "2024-01-19 01:01:55", "elapsed": 2967.604984, "delta": 0.003761}}
{"target": -13.832644186689325, "params": {"gamma": 611.628925679147, "log10_alpha": -4.076280870883687, "log10_colsample_bytree": -0.3990156224121887, "log10_eta": -0.50539313878261, "log10_lambda": -4.697531249512125, "log10_min_child_weight": 4.2566813730300606, "log10_subsample": -0.3273920166413813, "max_depth": 8.0, "num_boost_round": 23.0}, "datetime": {"datetime": "2024-01-19 01:01:55", "elapsed": 2967.608723, "delta": 0.003739}}
{"target": -13.83503534385376, "params": {"gamma": 611.628925679147, "log10_alpha": -4.076280870883687, "log10_colsample_bytree": -0.3990156224121887, "log10_eta": -0.50539313878261, "log10_lambda": -4.697531249512125, "log10_min_child_weight": 4.2566813730300606, "log10_subsample": -0.3273920166413813, "max_depth": 8.0, "num_boost_round": 24.0}, "datetime": {"datetime": "2024-01-19 01:01:55", "elapsed": 2967.612542, "delta": 0.003819}}
