{"target": -17.67711781657156, "params": {"gamma": 427.73482582104583, "log10_alpha": -0.5776779473929734, "log10_colsample_bytree": -0.21581032507239295, "log10_eta": -2.9479414474659955, "log10_lambda": -4.739509186735305, "log10_min_child_weight": 4.877759322572154, "log10_subsample": -0.3629991034260027, "max_depth": 4.0, "num_boost_round": 19.0}, "datetime": {"datetime": "2024-01-19 02:27:32", "elapsed": 8156.664267, "delta": 0.004739}}
{"target": -17.67711438149992, "params": {"gamma": 427.73482582104583, "log10_alpha": -0.5776779473929734, "log10_colsample_bytree": -0.21581032507239295, "log10_eta": -2.9479414474659955, "log10_lambda": -4.739509186735305, "log10_min_child_weight": 4.877759322572154, "log10_subsample": -0.3629991034260027, "max_depth": 4.0, "num_boost_round": 20.0}, "datetime": {"datetime": "2024-01-19 02:27:32", "elapsed": 8156.66899, "delta": 0.004723}}
{"target": -17.67710243222258, "params": {"gamma": 427.73482582104583, "log10_alpha": -0.5776779473929734, "log10_colsample_bytree": -0.21581032507239295, "log10_eta": -2.9479414474659955, "log10_lambda": -4.739509186735305, "log10_min_child_weight": 4.877759322572154, "log10_subsample": -0.3629991034260027, "max_depth": 4.0, "num_boost_round": 21.0}, "datetime": {"datetime": "2024-01-19 02:27:32", "elapsed": 8156.674202, "delta": 0.005212}}
{"target": -17.677096754061793, "params": {"gamma": 427.73482582104583, "log10_alpha": -0.5776779473929734, "log10_colsample_bytree": -0.21581032507239295, "log10_eta": -2.9479414474659955, "log10_lambda": -4.739509186735305, "log10_min_child_weight": 4.877759322572154, "log10_subsample": -0.3629991034260027, "max_depth": 4.0, "num_boost_round": 22.0}, "datetime": {"datetime": "2024-01-19 02:27:32", "elapsed": 8156.679066, "delta": 0.004864}}
{"target": -17.677088384307144, "params": {"gamma": 427.73482582104583, "log10_alpha": -0.5776779473929734, "log10_colsample_bytree": -0.21581032507239295, "log10_eta": -2.9479414474659955, "log10_lambda": -4.739509186735305, "log10_min_child_weight": 4.877759322572154, "log10_subsample": -0.3629991034260027, "max_depth": 4.0, "num_boost_round": 23.0}, "datetime": {"datetime": "2024-01-19 02:27:32", "elapsed": 8156.684008, "delta": 0.004942}}
{"target": -17.677079199227535, "params": {"gamma": 427.73482582104583, "log10_alpha": -0.5776779473929734, "log10_colsample_bytree": -0.21581032507239295, "log10_eta": -2.9479414474659955, "log10_lambda": -4.739509186735305, "log10_min_child_weight": 4.877759322572154, "log10_subsample": -0.3629991034260027, "max_depth": 4.0, "num_boost_round": 24.0}, "datetime": {"datetime": "2024-01-19 02:27:32", "elapsed": 8156.688773, "delta": 0.004765}}
{"target": -17.677213343134106, "params": {"gamma": 447.16470496194637, "log10_alpha": -0.12914069374886772, "log10_colsample_bytree": -0.03960972911926752, "log10_eta": -2.754377627539149, "log10_lambda": 0.36647248686407075, "log10_min_child_weight": 3.9444100378104032, "log10_subsample": -0.6136887445504675, "max_depth": 9.0, "num_boost_round": 0.0}, "datetime": {"datetime": "2024-01-19 02:29:20", "elapsed": 8265.383511, "delta": 108.694738}}
{"target": -17.67720158166225, "params": {"gamma": 447.16470496194637, "log10_alpha": -0.12914069374886772, "log10_colsample_bytree": -0.03960972911926752, "log10_eta": -2.754377627539149, "log10_lambda": 0.36647248686407075, "log10_min_child_weight": 3.9444100378104032, "log10_subsample": -0.6136887445504675, "max_depth": 9.0, "num_boost_round": 1.0}, "datetime": {"datetime": "2024-01-19 02:29:20", "elapsed": 8265.388776, "delta": 0.005265}}
{"target": -17.67723185588228, "params": {"gamma": 447.16470496194637, "log10_alpha": -0.12914069374886772, "log10_colsample_bytree": -0.03960972911926752, "log10_eta": -2.754377627539149, "log10_lambda": 0.36647248686407075, "log10_min_child_weight": 3.9444100378104032, "log10_subsample": -0.6136887445504675, "max_depth": 9.0, "num_boost_round": 2.0}, "datetime": {"datetime": "2024-01-19 02:29:20", "elapsed": 8265.393719, "delta": 0.004943}}
{"target": -17.67722515777042, "params": {"gamma": 447.16470496194637, "log10_alpha": -0.12914069374886772, "log10_colsample_bytree": -0.03960972911926752, "log10_eta": -2.754377627539149, "log10_lambda": 0.36647248686407075, "log10_min_child_weight": 3.9444100378104032, "log10_subsample": -0.6136887445504675, "max_depth": 9.0, "num_boost_round": 3.0}, "datetime": {"datetime": "2024-01-19 02:29:20", "elapsed": 8265.398731, "delta": 0.005012}}
{"target": -17.677218134704525, "params": {"gamma": 447.16470496194637, "log10_alpha": -0.12914069374886772, "log10_colsample_bytree": -0.03960972911926752, "log10_eta": -2.754377627539149, "log10_lambda": 0.36647248686407075, "log10_min_child_weight": 3.9444100378104032, "log10_subsample": -0.6136887445504675, "max_depth": 9.0, "num_boost_round": 4.0}, "datetime": {"datetime": "2024-01-19 02:29:20", "elapsed": 8265.403532, "delta": 0.004801}}
{"target": -17.677229963937833, "params": {"gamma": 447.16470496194637, "log10_alpha": -0.12914069374886772, "log10_colsample_bytree": -0.03960972911926752, "log10_eta": -2.754377627539149, "log10_lambda": 0.36647248686407075, "log10_min_child_weight": 3.9444100378104032, "log10_subsample": -0.6136887445504675, "max_depth": 9.0, "num_boost_round": 5.0}, "datetime": {"datetime": "2024-01-19 02:29:20", "elapsed": 8265.408328, "delta": 0.004796}}
{"target": -17.67718837249874, "params": {"gamma": 447.16470496194637, "log10_alpha": -0.12914069374886772, "log10_colsample_bytree": -0.03960972911926752, "log10_eta": -2.754377627539149, "log10_lambda": 0.36647248686407075, "log10_min_child_weight": 3.9444100378104032, "log10_subsample": -0.6136887445504675, "max_depth": 9.0, "num_boost_round": 6.0}, "datetime": {"datetime": "2024-01-19 02:29:20", "elapsed": 8265.413269, "delta": 0.004941}}
{"target": -17.677181952069933, "params": {"gamma": 447.16470496194637, "log10_alpha": -0.12914069374886772, "log10_colsample_bytree": -0.03960972911926752, "log10_eta": -2.754377627539149, "log10_lambda": 0.36647248686407075, "log10_min_child_weight": 3.9444100378104032, "log10_subsample": -0.6136887445504675, "max_depth": 9.0, "num_boost_round": 7.0}, "datetime": {"datetime": "2024-01-19 02:29:20", "elapsed": 8265.418211, "delta": 0.004942}}
{"target": -17.677197718427188, "params": {"gamma": 447.16470496194637, "log10_alpha": -0.12914069374886772, "log10_colsample_bytree": -0.03960972911926752, "log10_eta": -2.754377627539149, "log10_lambda": 0.36647248686407075, "log10_min_child_weight": 3.9444100378104032, "log10_subsample": -0.6136887445504675, "max_depth": 9.0, "num_boost_round": 8.0}, "datetime": {"datetime": "2024-01-19 02:29:20", "elapsed": 8265.422968, "delta": 0.004757}}
{"target": -17.67717908929984, "params": {"gamma": 447.16470496194637, "log10_alpha": -0.12914069374886772, "log10_colsample_bytree": -0.03960972911926752, "log10_eta": -2.754377627539149, "log10_lambda": 0.36647248686407075, "log10_min_child_weight": 3.9444100378104032, "log10_subsample": -0.6136887445504675, "max_depth": 9.0, "num_boost_round": 9.0}, "datetime": {"datetime": "2024-01-19 02:29:20", "elapsed": 8265.427699, "delta": 0.004731}}
{"target": -17.67714694523738, "params": {"gamma": 447.16470496194637, "log10_alpha": -0.12914069374886772, "log10_colsample_bytree": -0.03960972911926752, "log10_eta": -2.754377627539149, "log10_lambda": 0.36647248686407075, "log10_min_child_weight": 3.9444100378104032, "log10_subsample": -0.6136887445504675, "max_depth": 9.0, "num_boost_round": 10.0}, "datetime": {"datetime": "2024-01-19 02:29:20", "elapsed": 8265.432543, "delta": 0.004844}}
{"target": -17.677194750370884, "params": {"gamma": 447.16470496194637, "log10_alpha": -0.12914069374886772, "log10_colsample_bytree": -0.03960972911926752, "log10_eta": -2.754377627539149, "log10_lambda": 0.36647248686407075, "log10_min_child_weight": 3.9444100378104032, "log10_subsample": -0.6136887445504675, "max_depth": 9.0, "num_boost_round": 11.0}, "datetime": {"datetime": "2024-01-19 02:29:20", "elapsed": 8265.437446, "delta": 0.004903}}
{"target": -17.677214791589318, "params": {"gamma": 447.16470496194637, "log10_alpha": -0.12914069374886772, "log10_colsample_bytree": -0.03960972911926752, "log10_eta": -2.754377627539149, "log10_lambda": 0.36647248686407075, "log10_min_child_weight": 3.9444100378104032, "log10_subsample": -0.6136887445504675, "max_depth": 9.0, "num_boost_round": 12.0}, "datetime": {"datetime": "2024-01-19 02:29:20", "elapsed": 8265.442158, "delta": 0.004712}}
{"target": -17.677244350481196, "params": {"gamma": 447.16470496194637, "log10_alpha": -0.12914069374886772, "log10_colsample_bytree": -0.03960972911926752, "log10_eta": -2.754377627539149, "log10_lambda": 0.36647248686407075, "log10_min_child_weight": 3.9444100378104032, "log10_subsample": -0.6136887445504675, "max_depth": 9.0, "num_boost_round": 13.0}, "datetime": {"datetime": "2024-01-19 02:29:20", "elapsed": 8265.446899, "delta": 0.004741}}
{"target": -17.677301735002274, "params": {"gamma": 447.16470496194637, "log10_alpha": -0.12914069374886772, "log10_colsample_bytree": -0.03960972911926752, "log10_eta": -2.754377627539149, "log10_lambda": 0.36647248686407075, "log10_min_child_weight": 3.9444100378104032, "log10_subsample": -0.6136887445504675, "max_depth": 9.0, "num_boost_round": 14.0}, "datetime": {"datetime": "2024-01-19 02:29:20", "elapsed": 8265.451826, "delta": 0.004927}}
{"target": -17.677261718224393, "params": {"gamma": 447.16470496194637, "log10_alpha": -0.12914069374886772, "log10_colsample_bytree": -0.03960972911926752, "log10_eta": -2.754377627539149, "log10_lambda": 0.36647248686407075, "log10_min_child_weight": 3.9444100378104032, "log10_subsample": -0.6136887445504675, "max_depth": 9.0, "num_boost_round": 15.0}, "datetime": {"datetime": "2024-01-19 02:29:20", "elapsed": 8265.457569, "delta": 0.005743}}
{"target": -17.67723496501398, "params": {"gamma": 447.16470496194637, "log10_alpha": -0.12914069374886772, "log10_colsample_bytree": -0.03960972911926752, "log10_eta": -2.754377627539149, "log10_lambda": 0.36647248686407075, "log10_min_child_weight": 3.9444100378104032, "log10_subsample": -0.6136887445504675, "max_depth": 9.0, "num_boost_round": 16.0}, "datetime": {"datetime": "2024-01-19 02:29:20", "elapsed": 8265.46283, "delta": 0.005261}}
{"target": -17.677215007637347, "params": {"gamma": 447.16470496194637, "log10_alpha": -0.12914069374886772, "log10_colsample_bytree": -0.03960972911926752, "log10_eta": -2.754377627539149, "log10_lambda": 0.36647248686407075, "log10_min_child_weight": 3.9444100378104032, "log10_subsample": -0.6136887445504675, "max_depth": 9.0, "num_boost_round": 17.0}, "datetime": {"datetime": "2024-01-19 02:29:20", "elapsed": 8265.467714, "delta": 0.004884}}
{"target": -17.677196090406728, "params": {"gamma": 447.16470496194637, "log10_alpha": -0.12914069374886772, "log10_colsample_bytree": -0.03960972911926752, "log10_eta": -2.754377627539149, "log10_lambda": 0.36647248686407075, "log10_min_child_weight": 3.9444100378104032, "log10_subsample": -0.6136887445504675, "max_depth": 9.0, "num_boost_round": 18.0}, "datetime": {"datetime": "2024-01-19 02:29:20", "elapsed": 8265.472614, "delta": 0.0049}}
{"target": -17.67724993943178, "params": {"gamma": 447.16470496194637, "log10_alpha": -0.12914069374886772, "log10_colsample_bytree": -0.03960972911926752, "log10_eta": -2.754377627539149, "log10_lambda": 0.36647248686407075, "log10_min_child_weight": 3.9444100378104032, "log10_subsample": -0.6136887445504675, "max_depth": 9.0, "num_boost_round": 19.0}, "datetime": {"datetime": "2024-01-19 02:29:20", "elapsed": 8265.477613, "delta": 0.004999}}
{"target": -17.67725432465889, "params": {"gamma": 447.16470496194637, "log10_alpha": -0.12914069374886772, "log10_colsample_bytree": -0.03960972911926752, "log10_eta": -2.754377627539149, "log10_lambda": 0.36647248686407075, "log10_min_child_weight": 3.9444100378104032, "log10_subsample": -0.6136887445504675, "max_depth": 9.0, "num_boost_round": 20.0}, "datetime": {"datetime": "2024-01-19 02:29:20", "elapsed": 8265.482631, "delta": 0.005018}}
{"target": -17.67723466726651, "params": {"gamma": 447.16470496194637, "log10_alpha": -0.12914069374886772, "log10_colsample_bytree": -0.03960972911926752, "log10_eta": -2.754377627539149, "log10_lambda": 0.36647248686407075, "log10_min_child_weight": 3.9444100378104032, "log10_subsample": -0.6136887445504675, "max_depth": 9.0, "num_boost_round": 21.0}, "datetime": {"datetime": "2024-01-19 02:29:20", "elapsed": 8265.487441, "delta": 0.00481}}
{"target": -17.677193796744106, "params": {"gamma": 447.16470496194637, "log10_alpha": -0.12914069374886772, "log10_colsample_bytree": -0.03960972911926752, "log10_eta": -2.754377627539149, "log10_lambda": 0.36647248686407075, "log10_min_child_weight": 3.9444100378104032, "log10_subsample": -0.6136887445504675, "max_depth": 9.0, "num_boost_round": 22.0}, "datetime": {"datetime": "2024-01-19 02:29:20", "elapsed": 8265.492281, "delta": 0.00484}}
{"target": -17.677176581789592, "params": {"gamma": 447.16470496194637, "log10_alpha": -0.12914069374886772, "log10_colsample_bytree": -0.03960972911926752, "log10_eta": -2.754377627539149, "log10_lambda": 0.36647248686407075, "log10_min_child_weight": 3.9444100378104032, "log10_subsample": -0.6136887445504675, "max_depth": 9.0, "num_boost_round": 23.0}, "datetime": {"datetime": "2024-01-19 02:29:20", "elapsed": 8265.49707, "delta": 0.004789}}
{"target": -17.67723998153072, "params": {"gamma": 447.16470496194637, "log10_alpha": -0.12914069374886772, "log10_colsample_bytree": -0.03960972911926752, "log10_eta": -2.754377627539149, "log10_lambda": 0.36647248686407075, "log10_min_child_weight": 3.9444100378104032, "log10_subsample": -0.6136887445504675, "max_depth": 9.0, "num_boost_round": 24.0}, "datetime": {"datetime": "2024-01-19 02:29:20", "elapsed": 8265.501822, "delta": 0.004752}}
{"target": -17.677297020761795, "params": {"gamma": 447.16470496194637, "log10_alpha": -0.12914069374886772, "log10_colsample_bytree": -0.03960972911926752, "log10_eta": -2.754377627539149, "log10_lambda": 0.36647248686407075, "log10_min_child_weight": 3.9444100378104032, "log10_subsample": -0.6136887445504675, "max_depth": 9.0, "num_boost_round": 25.0}, "datetime": {"datetime": "2024-01-19 02:29:20", "elapsed": 8265.506548, "delta": 0.004726}}
{"target": -17.677347495379017, "params": {"gamma": 447.16470496194637, "log10_alpha": -0.12914069374886772, "log10_colsample_bytree": -0.03960972911926752, "log10_eta": -2.754377627539149, "log10_lambda": 0.36647248686407075, "log10_min_child_weight": 3.9444100378104032, "log10_subsample": -0.6136887445504675, "max_depth": 9.0, "num_boost_round": 26.0}, "datetime": {"datetime": "2024-01-19 02:29:21", "elapsed": 8265.511358, "delta": 0.00481}}
{"target": -17.67737208068329, "params": {"gamma": 447.16470496194637, "log10_alpha": -0.12914069374886772, "log10_colsample_bytree": -0.03960972911926752, "log10_eta": -2.754377627539149, "log10_lambda": 0.36647248686407075, "log10_min_child_weight": 3.9444100378104032, "log10_subsample": -0.6136887445504675, "max_depth": 9.0, "num_boost_round": 27.0}, "datetime": {"datetime": "2024-01-19 02:29:21", "elapsed": 8265.516169, "delta": 0.004811}}
{"target": -17.677367377053123, "params": {"gamma": 447.16470496194637, "log10_alpha": -0.12914069374886772, "log10_colsample_bytree": -0.03960972911926752, "log10_eta": -2.754377627539149, "log10_lambda": 0.36647248686407075, "log10_min_child_weight": 3.9444100378104032, "log10_subsample": -0.6136887445504675, "max_depth": 9.0, "num_boost_round": 28.0}, "datetime": {"datetime": "2024-01-19 02:29:21", "elapsed": 8265.520939, "delta": 0.00477}}
{"target": -17.67734755664625, "params": {"gamma": 447.16470496194637, "log10_alpha": -0.12914069374886772, "log10_colsample_bytree": -0.03960972911926752, "log10_eta": -2.754377627539149, "log10_lambda": 0.36647248686407075, "log10_min_child_weight": 3.9444100378104032, "log10_subsample": -0.6136887445504675, "max_depth": 9.0, "num_boost_round": 29.0}, "datetime": {"datetime": "2024-01-19 02:29:21", "elapsed": 8265.525699, "delta": 0.00476}}
{"target": -17.677357014470427, "params": {"gamma": 447.16470496194637, "log10_alpha": -0.12914069374886772, "log10_colsample_bytree": -0.03960972911926752, "log10_eta": -2.754377627539149, "log10_lambda": 0.36647248686407075, "log10_min_child_weight": 3.9444100378104032, "log10_subsample": -0.6136887445504675, "max_depth": 9.0, "num_boost_round": 30.0}, "datetime": {"datetime": "2024-01-19 02:29:21", "elapsed": 8265.530492, "delta": 0.004793}}
{"target": -17.677366374666992, "params": {"gamma": 447.16470496194637, "log10_alpha": -0.12914069374886772, "log10_colsample_bytree": -0.03960972911926752, "log10_eta": -2.754377627539149, "log10_lambda": 0.36647248686407075, "log10_min_child_weight": 3.9444100378104032, "log10_subsample": -0.6136887445504675, "max_depth": 9.0, "num_boost_round": 31.0}, "datetime": {"datetime": "2024-01-19 02:29:21", "elapsed": 8265.535326, "delta": 0.004834}}
{"target": -17.677412905914363, "params": {"gamma": 447.16470496194637, "log10_alpha": -0.12914069374886772, "log10_colsample_bytree": -0.03960972911926752, "log10_eta": -2.754377627539149, "log10_lambda": 0.36647248686407075, "log10_min_child_weight": 3.9444100378104032, "log10_subsample": -0.6136887445504675, "max_depth": 9.0, "num_boost_round": 32.0}, "datetime": {"datetime": "2024-01-19 02:29:21", "elapsed": 8265.540132, "delta": 0.004806}}
{"target": -17.67739995877324, "params": {"gamma": 447.16470496194637, "log10_alpha": -0.12914069374886772, "log10_colsample_bytree": -0.03960972911926752, "log10_eta": -2.754377627539149, "log10_lambda": 0.36647248686407075, "log10_min_child_weight": 3.9444100378104032, "log10_subsample": -0.6136887445504675, "max_depth": 9.0, "num_boost_round": 33.0}, "datetime": {"datetime": "2024-01-19 02:29:21", "elapsed": 8265.544868, "delta": 0.004736}}
{"target": -17.677401079853258, "params": {"gamma": 447.16470496194637, "log10_alpha": -0.12914069374886772, "log10_colsample_bytree": -0.03960972911926752, "log10_eta": -2.754377627539149, "log10_lambda": 0.36647248686407075, "log10_min_child_weight": 3.9444100378104032, "log10_subsample": -0.6136887445504675, "max_depth": 9.0, "num_boost_round": 34.0}, "datetime": {"datetime": "2024-01-19 02:29:21", "elapsed": 8265.549715, "delta": 0.004847}}
{"target": -17.67738932864118, "params": {"gamma": 447.16470496194637, "log10_alpha": -0.12914069374886772, "log10_colsample_bytree": -0.03960972911926752, "log10_eta": -2.754377627539149, "log10_lambda": 0.36647248686407075, "log10_min_child_weight": 3.9444100378104032, "log10_subsample": -0.6136887445504675, "max_depth": 9.0, "num_boost_round": 35.0}, "datetime": {"datetime": "2024-01-19 02:29:21", "elapsed": 8265.554494, "delta": 0.004779}}
{"target": -17.677397553395927, "params": {"gamma": 447.16470496194637, "log10_alpha": -0.12914069374886772, "log10_colsample_bytree": -0.03960972911926752, "log10_eta": -2.754377627539149, "log10_lambda": 0.36647248686407075, "log10_min_child_weight": 3.9444100378104032, "log10_subsample": -0.6136887445504675, "max_depth": 9.0, "num_boost_round": 36.0}, "datetime": {"datetime": "2024-01-19 02:29:21", "elapsed": 8265.559378, "delta": 0.004884}}
{"target": -17.67744476689523, "params": {"gamma": 447.16470496194637, "log10_alpha": -0.12914069374886772, "log10_colsample_bytree": -0.03960972911926752, "log10_eta": -2.754377627539149, "log10_lambda": 0.36647248686407075, "log10_min_child_weight": 3.9444100378104032, "log10_subsample": -0.6136887445504675, "max_depth": 9.0, "num_boost_round": 37.0}, "datetime": {"datetime": "2024-01-19 02:29:21", "elapsed": 8265.56437, "delta": 0.004992}}
{"target": -17.677229835489943, "params": {"gamma": 431.3119701258057, "log10_alpha": 0.9441867394609531, "log10_colsample_bytree": -0.1292963759560316, "log10_eta": -3.957344536353076, "log10_lambda": -0.7266686914206009, "log10_min_child_weight": 0.9927984675248808, "log10_subsample": -0.37270945587424065, "max_depth": 2.0, "num_boost_round": 0.0}, "datetime": {"datetime": "2024-01-19 02:30:56", "elapsed": 8361.427602, "delta": 95.863232}}
{"target": -17.677226519623648, "params": {"gamma": 431.3119701258057, "log10_alpha": 0.9441867394609531, "log10_colsample_bytree": -0.1292963759560316, "log10_eta": -3.957344536353076, "log10_lambda": -0.7266686914206009, "log10_min_child_weight": 0.9927984675248808, "log10_subsample": -0.37270945587424065, "max_depth": 2.0, "num_boost_round": 1.0}, "datetime": {"datetime": "2024-01-19 02:30:57", "elapsed": 8361.539459, "delta": 0.111857}}
{"target": -17.677223337764836, "params": {"gamma": 431.3119701258057, "log10_alpha": 0.9441867394609531, "log10_colsample_bytree": -0.1292963759560316, "log10_eta": -3.957344536353076, "log10_lambda": -0.7266686914206009, "log10_min_child_weight": 0.9927984675248808, "log10_subsample": -0.37270945587424065, "max_depth": 2.0, "num_boost_round": 2.0}, "datetime": {"datetime": "2024-01-19 02:30:57", "elapsed": 8361.544865, "delta": 0.005406}}
{"target": -17.6772224255373, "params": {"gamma": 431.3119701258057, "log10_alpha": 0.9441867394609531, "log10_colsample_bytree": -0.1292963759560316, "log10_eta": -3.957344536353076, "log10_lambda": -0.7266686914206009, "log10_min_child_weight": 0.9927984675248808, "log10_subsample": -0.37270945587424065, "max_depth": 2.0, "num_boost_round": 3.0}, "datetime": {"datetime": "2024-01-19 02:30:57", "elapsed": 8361.550009, "delta": 0.005144}}
{"target": -17.677220588486062, "params": {"gamma": 431.3119701258057, "log10_alpha": 0.9441867394609531, "log10_colsample_bytree": -0.1292963759560316, "log10_eta": -3.957344536353076, "log10_lambda": -0.7266686914206009, "log10_min_child_weight": 0.9927984675248808, "log10_subsample": -0.37270945587424065, "max_depth": 2.0, "num_boost_round": 4.0}, "datetime": {"datetime": "2024-01-19 02:30:57", "elapsed": 8361.554942, "delta": 0.004933}}
