{"target": -13.758352433595533, "params": {"gamma": 429.99403762668555, "log10_alpha": -4.080747179672129, "log10_colsample_bytree": -0.6216085074973418, "log10_eta": -2.0366416706634753, "log10_lambda": -2.0597397973364657, "log10_min_child_weight": 4.537902185883478, "log10_subsample": -0.5619466339446723, "max_depth": 5.0, "num_boost_round": 80.0}, "datetime": {"datetime": "2024-01-19 01:58:50", "elapsed": 6433.139578, "delta": 0.006196}}
{"target": -13.758390147784063, "params": {"gamma": 429.99403762668555, "log10_alpha": -4.080747179672129, "log10_colsample_bytree": -0.6216085074973418, "log10_eta": -2.0366416706634753, "log10_lambda": -2.0597397973364657, "log10_min_child_weight": 4.537902185883478, "log10_subsample": -0.5619466339446723, "max_depth": 5.0, "num_boost_round": 81.0}, "datetime": {"datetime": "2024-01-19 01:58:50", "elapsed": 6433.145704, "delta": 0.006126}}
{"target": -13.758435822064346, "params": {"gamma": 429.99403762668555, "log10_alpha": -4.080747179672129, "log10_colsample_bytree": -0.6216085074973418, "log10_eta": -2.0366416706634753, "log10_lambda": -2.0597397973364657, "log10_min_child_weight": 4.537902185883478, "log10_subsample": -0.5619466339446723, "max_depth": 5.0, "num_boost_round": 82.0}, "datetime": {"datetime": "2024-01-19 01:58:50", "elapsed": 6433.151877, "delta": 0.006173}}
{"target": -13.758488581072907, "params": {"gamma": 429.99403762668555, "log10_alpha": -4.080747179672129, "log10_colsample_bytree": -0.6216085074973418, "log10_eta": -2.0366416706634753, "log10_lambda": -2.0597397973364657, "log10_min_child_weight": 4.537902185883478, "log10_subsample": -0.5619466339446723, "max_depth": 5.0, "num_boost_round": 83.0}, "datetime": {"datetime": "2024-01-19 01:58:50", "elapsed": 6433.158057, "delta": 0.00618}}
{"target": -13.758522917831113, "params": {"gamma": 429.99403762668555, "log10_alpha": -4.080747179672129, "log10_colsample_bytree": -0.6216085074973418, "log10_eta": -2.0366416706634753, "log10_lambda": -2.0597397973364657, "log10_min_child_weight": 4.537902185883478, "log10_subsample": -0.5619466339446723, "max_depth": 5.0, "num_boost_round": 84.0}, "datetime": {"datetime": "2024-01-19 01:58:50", "elapsed": 6433.164586, "delta": 0.006529}}
{"target": -13.7584739501676, "params": {"gamma": 429.99403762668555, "log10_alpha": -4.080747179672129, "log10_colsample_bytree": -0.6216085074973418, "log10_eta": -2.0366416706634753, "log10_lambda": -2.0597397973364657, "log10_min_child_weight": 4.537902185883478, "log10_subsample": -0.5619466339446723, "max_depth": 5.0, "num_boost_round": 85.0}, "datetime": {"datetime": "2024-01-19 01:58:50", "elapsed": 6433.170961, "delta": 0.006375}}
{"target": -13.758541100626985, "params": {"gamma": 429.99403762668555, "log10_alpha": -4.080747179672129, "log10_colsample_bytree": -0.6216085074973418, "log10_eta": -2.0366416706634753, "log10_lambda": -2.0597397973364657, "log10_min_child_weight": 4.537902185883478, "log10_subsample": -0.5619466339446723, "max_depth": 5.0, "num_boost_round": 86.0}, "datetime": {"datetime": "2024-01-19 01:58:50", "elapsed": 6433.17726, "delta": 0.006299}}
{"target": -13.758524272618597, "params": {"gamma": 429.99403762668555, "log10_alpha": -4.080747179672129, "log10_colsample_bytree": -0.6216085074973418, "log10_eta": -2.0366416706634753, "log10_lambda": -2.0597397973364657, "log10_min_child_weight": 4.537902185883478, "log10_subsample": -0.5619466339446723, "max_depth": 5.0, "num_boost_round": 87.0}, "datetime": {"datetime": "2024-01-19 01:58:50", "elapsed": 6433.183515, "delta": 0.006255}}
{"target": -13.758558500357442, "params": {"gamma": 429.99403762668555, "log10_alpha": -4.080747179672129, "log10_colsample_bytree": -0.6216085074973418, "log10_eta": -2.0366416706634753, "log10_lambda": -2.0597397973364657, "log10_min_child_weight": 4.537902185883478, "log10_subsample": -0.5619466339446723, "max_depth": 5.0, "num_boost_round": 88.0}, "datetime": {"datetime": "2024-01-19 01:58:50", "elapsed": 6433.189726, "delta": 0.006211}}
{"target": -13.758535869099873, "params": {"gamma": 405.6814282368667, "log10_alpha": -0.7194688258405231, "log10_colsample_bytree": -0.955520399632163, "log10_eta": -3.2427358995626188, "log10_lambda": -3.985922389093796, "log10_min_child_weight": 4.110438513155687, "log10_subsample": -0.9183955262392487, "max_depth": 8.0, "num_boost_round": 0.0}, "datetime": {"datetime": "2024-01-19 02:00:10", "elapsed": 6513.427977, "delta": 80.238251}}
{"target": -13.758532486833984, "params": {"gamma": 405.6814282368667, "log10_alpha": -0.7194688258405231, "log10_colsample_bytree": -0.955520399632163, "log10_eta": -3.2427358995626188, "log10_lambda": -3.985922389093796, "log10_min_child_weight": 4.110438513155687, "log10_subsample": -0.9183955262392487, "max_depth": 8.0, "num_boost_round": 1.0}, "datetime": {"datetime": "2024-01-19 02:00:10", "elapsed": 6513.435262, "delta": 0.007285}}
{"target": -13.758532600916302, "params": {"gamma": 405.6814282368667, "log10_alpha": -0.7194688258405231, "log10_colsample_bytree": -0.955520399632163, "log10_eta": -3.2427358995626188, "log10_lambda": -3.985922389093796, "log10_min_child_weight": 4.110438513155687, "log10_subsample": -0.9183955262392487, "max_depth": 8.0, "num_boost_round": 2.0}, "datetime": {"datetime": "2024-01-19 02:00:10", "elapsed": 6513.441537, "delta": 0.006275}}
{"target": -13.758533870118526, "params": {"gamma": 405.6814282368667, "log10_alpha": -0.7194688258405231, "log10_colsample_bytree": -0.955520399632163, "log10_eta": -3.2427358995626188, "log10_lambda": -3.985922389093796, "log10_min_child_weight": 4.110438513155687, "log10_subsample": -0.9183955262392487, "max_depth": 8.0, "num_boost_round": 3.0}, "datetime": {"datetime": "2024-01-19 02:00:10", "elapsed": 6513.447744, "delta": 0.006207}}
{"target": -13.758533998492107, "params": {"gamma": 405.6814282368667, "log10_alpha": -0.7194688258405231, "log10_colsample_bytree": -0.955520399632163, "log10_eta": -3.2427358995626188, "log10_lambda": -3.985922389093796, "log10_min_child_weight": 4.110438513155687, "log10_subsample": -0.9183955262392487, "max_depth": 8.0, "num_boost_round": 4.0}, "datetime": {"datetime": "2024-01-19 02:00:10", "elapsed": 6513.454084, "delta": 0.00634}}
{"target": -13.758530124460187, "params": {"gamma": 405.6814282368667, "log10_alpha": -0.7194688258405231, "log10_colsample_bytree": -0.955520399632163, "log10_eta": -3.2427358995626188, "log10_lambda": -3.985922389093796, "log10_min_child_weight": 4.110438513155687, "log10_subsample": -0.9183955262392487, "max_depth": 8.0, "num_boost_round": 5.0}, "datetime": {"datetime": "2024-01-19 02:00:10", "elapsed": 6513.460277, "delta": 0.006193}}
{"target": -13.758530840819096, "params": {"gamma": 405.6814282368667, "log10_alpha": -0.7194688258405231, "log10_colsample_bytree": -0.955520399632163, "log10_eta": -3.2427358995626188, "log10_lambda": -3.985922389093796, "log10_min_child_weight": 4.110438513155687, "log10_subsample": -0.9183955262392487, "max_depth": 8.0, "num_boost_round": 6.0}, "datetime": {"datetime": "2024-01-19 02:00:10", "elapsed": 6513.466468, "delta": 0.006191}}
{"target": -13.758527701528395, "params": {"gamma": 405.6814282368667, "log10_alpha": -0.7194688258405231, "log10_colsample_bytree": -0.955520399632163, "log10_eta": -3.2427358995626188, "log10_lambda": -3.985922389093796, "log10_min_child_weight": 4.110438513155687, "log10_subsample": -0.9183955262392487, "max_depth": 8.0, "num_boost_round": 7.0}, "datetime": {"datetime": "2024-01-19 02:00:10", "elapsed": 6513.47282, "delta": 0.006352}}
{"target": -13.758525701581489, "params": {"gamma": 405.6814282368667, "log10_alpha": -0.7194688258405231, "log10_colsample_bytree": -0.955520399632163, "log10_eta": -3.2427358995626188, "log10_lambda": -3.985922389093796, "log10_min_child_weight": 4.110438513155687, "log10_subsample": -0.9183955262392487, "max_depth": 8.0, "num_boost_round": 8.0}, "datetime": {"datetime": "2024-01-19 02:00:10", "elapsed": 6513.47904, "delta": 0.00622}}
{"target": -13.758525115327533, "params": {"gamma": 405.6814282368667, "log10_alpha": -0.7194688258405231, "log10_colsample_bytree": -0.955520399632163, "log10_eta": -3.2427358995626188, "log10_lambda": -3.985922389093796, "log10_min_child_weight": 4.110438513155687, "log10_subsample": -0.9183955262392487, "max_depth": 8.0, "num_boost_round": 9.0}, "datetime": {"datetime": "2024-01-19 02:00:10", "elapsed": 6513.48526, "delta": 0.00622}}
{"target": -13.7585231677306, "params": {"gamma": 405.6814282368667, "log10_alpha": -0.7194688258405231, "log10_colsample_bytree": -0.955520399632163, "log10_eta": -3.2427358995626188, "log10_lambda": -3.985922389093796, "log10_min_child_weight": 4.110438513155687, "log10_subsample": -0.9183955262392487, "max_depth": 8.0, "num_boost_round": 10.0}, "datetime": {"datetime": "2024-01-19 02:00:10", "elapsed": 6513.491587, "delta": 0.006327}}
{"target": -13.758520979914671, "params": {"gamma": 405.6814282368667, "log10_alpha": -0.7194688258405231, "log10_colsample_bytree": -0.955520399632163, "log10_eta": -3.2427358995626188, "log10_lambda": -3.985922389093796, "log10_min_child_weight": 4.110438513155687, "log10_subsample": -0.9183955262392487, "max_depth": 8.0, "num_boost_round": 11.0}, "datetime": {"datetime": "2024-01-19 02:00:10", "elapsed": 6513.498039, "delta": 0.006452}}
{"target": -13.758516382691143, "params": {"gamma": 405.6814282368667, "log10_alpha": -0.7194688258405231, "log10_colsample_bytree": -0.955520399632163, "log10_eta": -3.2427358995626188, "log10_lambda": -3.985922389093796, "log10_min_child_weight": 4.110438513155687, "log10_subsample": -0.9183955262392487, "max_depth": 8.0, "num_boost_round": 12.0}, "datetime": {"datetime": "2024-01-19 02:00:10", "elapsed": 6513.504357, "delta": 0.006318}}
{"target": -13.758511804525202, "params": {"gamma": 405.6814282368667, "log10_alpha": -0.7194688258405231, "log10_colsample_bytree": -0.955520399632163, "log10_eta": -3.2427358995626188, "log10_lambda": -3.985922389093796, "log10_min_child_weight": 4.110438513155687, "log10_subsample": -0.9183955262392487, "max_depth": 8.0, "num_boost_round": 13.0}, "datetime": {"datetime": "2024-01-19 02:00:10", "elapsed": 6513.510684, "delta": 0.006327}}
{"target": -13.758508561717573, "params": {"gamma": 405.6814282368667, "log10_alpha": -0.7194688258405231, "log10_colsample_bytree": -0.955520399632163, "log10_eta": -3.2427358995626188, "log10_lambda": -3.985922389093796, "log10_min_child_weight": 4.110438513155687, "log10_subsample": -0.9183955262392487, "max_depth": 8.0, "num_boost_round": 14.0}, "datetime": {"datetime": "2024-01-19 02:00:10", "elapsed": 6513.516891, "delta": 0.006207}}
{"target": -13.758504873697582, "params": {"gamma": 405.6814282368667, "log10_alpha": -0.7194688258405231, "log10_colsample_bytree": -0.955520399632163, "log10_eta": -3.2427358995626188, "log10_lambda": -3.985922389093796, "log10_min_child_weight": 4.110438513155687, "log10_subsample": -0.9183955262392487, "max_depth": 8.0, "num_boost_round": 15.0}, "datetime": {"datetime": "2024-01-19 02:00:10", "elapsed": 6513.523066, "delta": 0.006175}}
{"target": -13.758503205412511, "params": {"gamma": 405.6814282368667, "log10_alpha": -0.7194688258405231, "log10_colsample_bytree": -0.955520399632163, "log10_eta": -3.2427358995626188, "log10_lambda": -3.985922389093796, "log10_min_child_weight": 4.110438513155687, "log10_subsample": -0.9183955262392487, "max_depth": 8.0, "num_boost_round": 16.0}, "datetime": {"datetime": "2024-01-19 02:00:10", "elapsed": 6513.529377, "delta": 0.006311}}
{"target": -13.758502600959025, "params": {"gamma": 405.6814282368667, "log10_alpha": -0.7194688258405231, "log10_colsample_bytree": -0.955520399632163, "log10_eta": -3.2427358995626188, "log10_lambda": -3.985922389093796, "log10_min_child_weight": 4.110438513155687, "log10_subsample": -0.9183955262392487, "max_depth": 8.0, "num_boost_round": 17.0}, "datetime": {"datetime": "2024-01-19 02:00:10", "elapsed": 6513.535591, "delta": 0.006214}}
{"target": -13.758498306770456, "params": {"gamma": 405.6814282368667, "log10_alpha": -0.7194688258405231, "log10_colsample_bytree": -0.955520399632163, "log10_eta": -3.2427358995626188, "log10_lambda": -3.985922389093796, "log10_min_child_weight": 4.110438513155687, "log10_subsample": -0.9183955262392487, "max_depth": 8.0, "num_boost_round": 18.0}, "datetime": {"datetime": "2024-01-19 02:00:10", "elapsed": 6513.541808, "delta": 0.006217}}
{"target": -13.758494780157003, "params": {"gamma": 405.6814282368667, "log10_alpha": -0.7194688258405231, "log10_colsample_bytree": -0.955520399632163, "log10_eta": -3.2427358995626188, "log10_lambda": -3.985922389093796, "log10_min_child_weight": 4.110438513155687, "log10_subsample": -0.9183955262392487, "max_depth": 8.0, "num_boost_round": 19.0}, "datetime": {"datetime": "2024-01-19 02:00:10", "elapsed": 6513.548195, "delta": 0.006387}}
{"target": -13.758534098853174, "params": {"gamma": 438.11720498208683, "log10_alpha": -1.0722061326436734, "log10_colsample_bytree": -0.5752388061849834, "log10_eta": -3.644598141489614, "log10_lambda": -4.164604432557178, "log10_min_child_weight": 3.5597971300382585, "log10_subsample": -0.8987627222506333, "max_depth": 7.0, "num_boost_round": 0.0}, "datetime": {"datetime": "2024-01-19 02:02:14", "elapsed": 6637.565829, "delta": 124.017634}}
{"target": -13.758533939883991, "params": {"gamma": 438.11720498208683, "log10_alpha": -1.0722061326436734, "log10_colsample_bytree": -0.5752388061849834, "log10_eta": -3.644598141489614, "log10_lambda": -4.164604432557178, "log10_min_child_weight": 3.5597971300382585, "log10_subsample": -0.8987627222506333, "max_depth": 7.0, "num_boost_round": 1.0}, "datetime": {"datetime": "2024-01-19 02:02:14", "elapsed": 6637.572366, "delta": 0.006537}}
{"target": -13.758532204999817, "params": {"gamma": 438.11720498208683, "log10_alpha": -1.0722061326436734, "log10_colsample_bytree": -0.5752388061849834, "log10_eta": -3.644598141489614, "log10_lambda": -4.164604432557178, "log10_min_child_weight": 3.5597971300382585, "log10_subsample": -0.8987627222506333, "max_depth": 7.0, "num_boost_round": 2.0}, "datetime": {"datetime": "2024-01-19 02:02:14", "elapsed": 6637.57971, "delta": 0.007344}}
{"target": -13.758530291911073, "params": {"gamma": 438.11720498208683, "log10_alpha": -1.0722061326436734, "log10_colsample_bytree": -0.5752388061849834, "log10_eta": -3.644598141489614, "log10_lambda": -4.164604432557178, "log10_min_child_weight": 3.5597971300382585, "log10_subsample": -0.8987627222506333, "max_depth": 7.0, "num_boost_round": 3.0}, "datetime": {"datetime": "2024-01-19 02:02:14", "elapsed": 6637.586014, "delta": 0.006304}}
{"target": -13.758528862473348, "params": {"gamma": 438.11720498208683, "log10_alpha": -1.0722061326436734, "log10_colsample_bytree": -0.5752388061849834, "log10_eta": -3.644598141489614, "log10_lambda": -4.164604432557178, "log10_min_child_weight": 3.5597971300382585, "log10_subsample": -0.8987627222506333, "max_depth": 7.0, "num_boost_round": 4.0}, "datetime": {"datetime": "2024-01-19 02:02:14", "elapsed": 6637.592594, "delta": 0.00658}}
{"target": -13.758528918227434, "params": {"gamma": 438.11720498208683, "log10_alpha": -1.0722061326436734, "log10_colsample_bytree": -0.5752388061849834, "log10_eta": -3.644598141489614, "log10_lambda": -4.164604432557178, "log10_min_child_weight": 3.5597971300382585, "log10_subsample": -0.8987627222506333, "max_depth": 7.0, "num_boost_round": 5.0}, "datetime": {"datetime": "2024-01-19 02:02:14", "elapsed": 6637.599138, "delta": 0.006544}}
{"target": -13.758531331462274, "params": {"gamma": 438.11720498208683, "log10_alpha": -1.0722061326436734, "log10_colsample_bytree": -0.5752388061849834, "log10_eta": -3.644598141489614, "log10_lambda": -4.164604432557178, "log10_min_child_weight": 3.5597971300382585, "log10_subsample": -0.8987627222506333, "max_depth": 7.0, "num_boost_round": 6.0}, "datetime": {"datetime": "2024-01-19 02:02:14", "elapsed": 6637.605547, "delta": 0.006409}}
{"target": -13.758531093767925, "params": {"gamma": 438.11720498208683, "log10_alpha": -1.0722061326436734, "log10_colsample_bytree": -0.5752388061849834, "log10_eta": -3.644598141489614, "log10_lambda": -4.164604432557178, "log10_min_child_weight": 3.5597971300382585, "log10_subsample": -0.8987627222506333, "max_depth": 7.0, "num_boost_round": 7.0}, "datetime": {"datetime": "2024-01-19 02:02:14", "elapsed": 6637.611905, "delta": 0.006358}}
{"target": -13.758530722427825, "params": {"gamma": 438.11720498208683, "log10_alpha": -1.0722061326436734, "log10_colsample_bytree": -0.5752388061849834, "log10_eta": -3.644598141489614, "log10_lambda": -4.164604432557178, "log10_min_child_weight": 3.5597971300382585, "log10_subsample": -0.8987627222506333, "max_depth": 7.0, "num_boost_round": 8.0}, "datetime": {"datetime": "2024-01-19 02:02:14", "elapsed": 6637.618356, "delta": 0.006451}}
{"target": -13.758531067033765, "params": {"gamma": 438.11720498208683, "log10_alpha": -1.0722061326436734, "log10_colsample_bytree": -0.5752388061849834, "log10_eta": -3.644598141489614, "log10_lambda": -4.164604432557178, "log10_min_child_weight": 3.5597971300382585, "log10_subsample": -0.8987627222506333, "max_depth": 7.0, "num_boost_round": 9.0}, "datetime": {"datetime": "2024-01-19 02:02:14", "elapsed": 6637.62462, "delta": 0.006264}}
{"target": -13.758527423584153, "params": {"gamma": 438.11720498208683, "log10_alpha": -1.0722061326436734, "log10_colsample_bytree": -0.5752388061849834, "log10_eta": -3.644598141489614, "log10_lambda": -4.164604432557178, "log10_min_child_weight": 3.5597971300382585, "log10_subsample": -0.8987627222506333, "max_depth": 7.0, "num_boost_round": 10.0}, "datetime": {"datetime": "2024-01-19 02:02:14", "elapsed": 6637.630901, "delta": 0.006281}}
{"target": -13.758525726887187, "params": {"gamma": 438.11720498208683, "log10_alpha": -1.0722061326436734, "log10_colsample_bytree": -0.5752388061849834, "log10_eta": -3.644598141489614, "log10_lambda": -4.164604432557178, "log10_min_child_weight": 3.5597971300382585, "log10_subsample": -0.8987627222506333, "max_depth": 7.0, "num_boost_round": 11.0}, "datetime": {"datetime": "2024-01-19 02:02:14", "elapsed": 6637.637218, "delta": 0.006317}}
{"target": -13.75852491963167, "params": {"gamma": 438.11720498208683, "log10_alpha": -1.0722061326436734, "log10_colsample_bytree": -0.5752388061849834, "log10_eta": -3.644598141489614, "log10_lambda": -4.164604432557178, "log10_min_child_weight": 3.5597971300382585, "log10_subsample": -0.8987627222506333, "max_depth": 7.0, "num_boost_round": 12.0}, "datetime": {"datetime": "2024-01-19 02:02:14", "elapsed": 6637.64348, "delta": 0.006262}}
{"target": -13.758523972560328, "params": {"gamma": 438.11720498208683, "log10_alpha": -1.0722061326436734, "log10_colsample_bytree": -0.5752388061849834, "log10_eta": -3.644598141489614, "log10_lambda": -4.164604432557178, "log10_min_child_weight": 3.5597971300382585, "log10_subsample": -0.8987627222506333, "max_depth": 7.0, "num_boost_round": 13.0}, "datetime": {"datetime": "2024-01-19 02:02:14", "elapsed": 6637.649753, "delta": 0.006273}}
{"target": -13.758520261047451, "params": {"gamma": 438.11720498208683, "log10_alpha": -1.0722061326436734, "log10_colsample_bytree": -0.5752388061849834, "log10_eta": -3.644598141489614, "log10_lambda": -4.164604432557178, "log10_min_child_weight": 3.5597971300382585, "log10_subsample": -0.8987627222506333, "max_depth": 7.0, "num_boost_round": 14.0}, "datetime": {"datetime": "2024-01-19 02:02:14", "elapsed": 6637.656009, "delta": 0.006256}}
{"target": -13.758514500689401, "params": {"gamma": 438.11720498208683, "log10_alpha": -1.0722061326436734, "log10_colsample_bytree": -0.5752388061849834, "log10_eta": -3.644598141489614, "log10_lambda": -4.164604432557178, "log10_min_child_weight": 3.5597971300382585, "log10_subsample": -0.8987627222506333, "max_depth": 7.0, "num_boost_round": 15.0}, "datetime": {"datetime": "2024-01-19 02:02:14", "elapsed": 6637.662342, "delta": 0.006333}}
{"target": -13.75851405657927, "params": {"gamma": 438.11720498208683, "log10_alpha": -1.0722061326436734, "log10_colsample_bytree": -0.5752388061849834, "log10_eta": -3.644598141489614, "log10_lambda": -4.164604432557178, "log10_min_child_weight": 3.5597971300382585, "log10_subsample": -0.8987627222506333, "max_depth": 7.0, "num_boost_round": 16.0}, "datetime": {"datetime": "2024-01-19 02:02:14", "elapsed": 6637.669, "delta": 0.006658}}
{"target": -13.758515409348767, "params": {"gamma": 438.11720498208683, "log10_alpha": -1.0722061326436734, "log10_colsample_bytree": -0.5752388061849834, "log10_eta": -3.644598141489614, "log10_lambda": -4.164604432557178, "log10_min_child_weight": 3.5597971300382585, "log10_subsample": -0.8987627222506333, "max_depth": 7.0, "num_boost_round": 17.0}, "datetime": {"datetime": "2024-01-19 02:02:14", "elapsed": 6637.675372, "delta": 0.006372}}
{"target": -13.758511451460736, "params": {"gamma": 438.11720498208683, "log10_alpha": -1.0722061326436734, "log10_colsample_bytree": -0.5752388061849834, "log10_eta": -3.644598141489614, "log10_lambda": -4.164604432557178, "log10_min_child_weight": 3.5597971300382585, "log10_subsample": -0.8987627222506333, "max_depth": 7.0, "num_boost_round": 18.0}, "datetime": {"datetime": "2024-01-19 02:02:14", "elapsed": 6637.681745, "delta": 0.006373}}
{"target": -13.758506590388867, "params": {"gamma": 438.11720498208683, "log10_alpha": -1.0722061326436734, "log10_colsample_bytree": -0.5752388061849834, "log10_eta": -3.644598141489614, "log10_lambda": -4.164604432557178, "log10_min_child_weight": 3.5597971300382585, "log10_subsample": -0.8987627222506333, "max_depth": 7.0, "num_boost_round": 19.0}, "datetime": {"datetime": "2024-01-19 02:02:14", "elapsed": 6637.687956, "delta": 0.006211}}
