{"target": -13.758436519912669, "params": {"gamma": 559.1797527296752, "log10_alpha": -4.206412690252176, "log10_colsample_bytree": -0.9299569334194924, "log10_eta": -2.942865086694885, "log10_lambda": -4.9203879454767065, "log10_min_child_weight": 3.354273874881832, "log10_subsample": -0.9969940848791378, "max_depth": 8.0, "num_boost_round": 16.0}, "datetime": {"datetime": "2024-01-19 02:01:19", "elapsed": 6611.577212, "delta": 0.006677}}
{"target": -13.758413212399736, "params": {"gamma": 559.1797527296752, "log10_alpha": -4.206412690252176, "log10_colsample_bytree": -0.9299569334194924, "log10_eta": -2.942865086694885, "log10_lambda": -4.9203879454767065, "log10_min_child_weight": 3.354273874881832, "log10_subsample": -0.9969940848791378, "max_depth": 8.0, "num_boost_round": 17.0}, "datetime": {"datetime": "2024-01-19 02:01:19", "elapsed": 6611.584819, "delta": 0.007607}}
{"target": -13.758403494170706, "params": {"gamma": 559.1797527296752, "log10_alpha": -4.206412690252176, "log10_colsample_bytree": -0.9299569334194924, "log10_eta": -2.942865086694885, "log10_lambda": -4.9203879454767065, "log10_min_child_weight": 3.354273874881832, "log10_subsample": -0.9969940848791378, "max_depth": 8.0, "num_boost_round": 18.0}, "datetime": {"datetime": "2024-01-19 02:01:19", "elapsed": 6611.591595, "delta": 0.006776}}
{"target": -13.758383256881995, "params": {"gamma": 559.1797527296752, "log10_alpha": -4.206412690252176, "log10_colsample_bytree": -0.9299569334194924, "log10_eta": -2.942865086694885, "log10_lambda": -4.9203879454767065, "log10_min_child_weight": 3.354273874881832, "log10_subsample": -0.9969940848791378, "max_depth": 8.0, "num_boost_round": 19.0}, "datetime": {"datetime": "2024-01-19 02:01:19", "elapsed": 6611.598302, "delta": 0.006707}}
{"target": -13.758392361133668, "params": {"gamma": 559.1797527296752, "log10_alpha": -4.206412690252176, "log10_colsample_bytree": -0.9299569334194924, "log10_eta": -2.942865086694885, "log10_lambda": -4.9203879454767065, "log10_min_child_weight": 3.354273874881832, "log10_subsample": -0.9969940848791378, "max_depth": 8.0, "num_boost_round": 20.0}, "datetime": {"datetime": "2024-01-19 02:01:19", "elapsed": 6611.605114, "delta": 0.006812}}
{"target": -13.758402137529187, "params": {"gamma": 559.1797527296752, "log10_alpha": -4.206412690252176, "log10_colsample_bytree": -0.9299569334194924, "log10_eta": -2.942865086694885, "log10_lambda": -4.9203879454767065, "log10_min_child_weight": 3.354273874881832, "log10_subsample": -0.9969940848791378, "max_depth": 8.0, "num_boost_round": 21.0}, "datetime": {"datetime": "2024-01-19 02:01:19", "elapsed": 6611.611713, "delta": 0.006599}}
{"target": -13.758395392530106, "params": {"gamma": 559.1797527296752, "log10_alpha": -4.206412690252176, "log10_colsample_bytree": -0.9299569334194924, "log10_eta": -2.942865086694885, "log10_lambda": -4.9203879454767065, "log10_min_child_weight": 3.354273874881832, "log10_subsample": -0.9969940848791378, "max_depth": 8.0, "num_boost_round": 22.0}, "datetime": {"datetime": "2024-01-19 02:01:19", "elapsed": 6611.61831, "delta": 0.006597}}
{"target": -13.758377146403653, "params": {"gamma": 559.1797527296752, "log10_alpha": -4.206412690252176, "log10_colsample_bytree": -0.9299569334194924, "log10_eta": -2.942865086694885, "log10_lambda": -4.9203879454767065, "log10_min_child_weight": 3.354273874881832, "log10_subsample": -0.9969940848791378, "max_depth": 8.0, "num_boost_round": 23.0}, "datetime": {"datetime": "2024-01-19 02:01:19", "elapsed": 6611.62485, "delta": 0.00654}}
{"target": -13.758374172347732, "params": {"gamma": 559.1797527296752, "log10_alpha": -4.206412690252176, "log10_colsample_bytree": -0.9299569334194924, "log10_eta": -2.942865086694885, "log10_lambda": -4.9203879454767065, "log10_min_child_weight": 3.354273874881832, "log10_subsample": -0.9969940848791378, "max_depth": 8.0, "num_boost_round": 24.0}, "datetime": {"datetime": "2024-01-19 02:01:19", "elapsed": 6611.631423, "delta": 0.006573}}
{"target": -13.75837810042477, "params": {"gamma": 559.1797527296752, "log10_alpha": -4.206412690252176, "log10_colsample_bytree": -0.9299569334194924, "log10_eta": -2.942865086694885, "log10_lambda": -4.9203879454767065, "log10_min_child_weight": 3.354273874881832, "log10_subsample": -0.9969940848791378, "max_depth": 8.0, "num_boost_round": 25.0}, "datetime": {"datetime": "2024-01-19 02:01:19", "elapsed": 6611.637967, "delta": 0.006544}}
{"target": -13.75839451708256, "params": {"gamma": 559.1797527296752, "log10_alpha": -4.206412690252176, "log10_colsample_bytree": -0.9299569334194924, "log10_eta": -2.942865086694885, "log10_lambda": -4.9203879454767065, "log10_min_child_weight": 3.354273874881832, "log10_subsample": -0.9969940848791378, "max_depth": 8.0, "num_boost_round": 26.0}, "datetime": {"datetime": "2024-01-19 02:01:19", "elapsed": 6611.644584, "delta": 0.006617}}
{"target": -13.7583896520663, "params": {"gamma": 559.1797527296752, "log10_alpha": -4.206412690252176, "log10_colsample_bytree": -0.9299569334194924, "log10_eta": -2.942865086694885, "log10_lambda": -4.9203879454767065, "log10_min_child_weight": 3.354273874881832, "log10_subsample": -0.9969940848791378, "max_depth": 8.0, "num_boost_round": 27.0}, "datetime": {"datetime": "2024-01-19 02:01:19", "elapsed": 6611.651142, "delta": 0.006558}}
{"target": -13.758378001153583, "params": {"gamma": 559.1797527296752, "log10_alpha": -4.206412690252176, "log10_colsample_bytree": -0.9299569334194924, "log10_eta": -2.942865086694885, "log10_lambda": -4.9203879454767065, "log10_min_child_weight": 3.354273874881832, "log10_subsample": -0.9969940848791378, "max_depth": 8.0, "num_boost_round": 28.0}, "datetime": {"datetime": "2024-01-19 02:01:19", "elapsed": 6611.657649, "delta": 0.006507}}
{"target": -13.75836441953425, "params": {"gamma": 559.1797527296752, "log10_alpha": -4.206412690252176, "log10_colsample_bytree": -0.9299569334194924, "log10_eta": -2.942865086694885, "log10_lambda": -4.9203879454767065, "log10_min_child_weight": 3.354273874881832, "log10_subsample": -0.9969940848791378, "max_depth": 8.0, "num_boost_round": 29.0}, "datetime": {"datetime": "2024-01-19 02:01:19", "elapsed": 6611.664203, "delta": 0.006554}}
{"target": -13.758337788254337, "params": {"gamma": 559.1797527296752, "log10_alpha": -4.206412690252176, "log10_colsample_bytree": -0.9299569334194924, "log10_eta": -2.942865086694885, "log10_lambda": -4.9203879454767065, "log10_min_child_weight": 3.354273874881832, "log10_subsample": -0.9969940848791378, "max_depth": 8.0, "num_boost_round": 30.0}, "datetime": {"datetime": "2024-01-19 02:01:19", "elapsed": 6611.670866, "delta": 0.006663}}
{"target": -13.758314211056856, "params": {"gamma": 559.1797527296752, "log10_alpha": -4.206412690252176, "log10_colsample_bytree": -0.9299569334194924, "log10_eta": -2.942865086694885, "log10_lambda": -4.9203879454767065, "log10_min_child_weight": 3.354273874881832, "log10_subsample": -0.9969940848791378, "max_depth": 8.0, "num_boost_round": 31.0}, "datetime": {"datetime": "2024-01-19 02:01:19", "elapsed": 6611.786352, "delta": 0.115486}}
{"target": -13.758318611955087, "params": {"gamma": 559.1797527296752, "log10_alpha": -4.206412690252176, "log10_colsample_bytree": -0.9299569334194924, "log10_eta": -2.942865086694885, "log10_lambda": -4.9203879454767065, "log10_min_child_weight": 3.354273874881832, "log10_subsample": -0.9969940848791378, "max_depth": 8.0, "num_boost_round": 32.0}, "datetime": {"datetime": "2024-01-19 02:01:19", "elapsed": 6611.794257, "delta": 0.007905}}
{"target": -13.758313678387035, "params": {"gamma": 559.1797527296752, "log10_alpha": -4.206412690252176, "log10_colsample_bytree": -0.9299569334194924, "log10_eta": -2.942865086694885, "log10_lambda": -4.9203879454767065, "log10_min_child_weight": 3.354273874881832, "log10_subsample": -0.9969940848791378, "max_depth": 8.0, "num_boost_round": 33.0}, "datetime": {"datetime": "2024-01-19 02:01:19", "elapsed": 6611.801114, "delta": 0.006857}}
{"target": -13.758306137072637, "params": {"gamma": 559.1797527296752, "log10_alpha": -4.206412690252176, "log10_colsample_bytree": -0.9299569334194924, "log10_eta": -2.942865086694885, "log10_lambda": -4.9203879454767065, "log10_min_child_weight": 3.354273874881832, "log10_subsample": -0.9969940848791378, "max_depth": 8.0, "num_boost_round": 34.0}, "datetime": {"datetime": "2024-01-19 02:01:20", "elapsed": 6611.807957, "delta": 0.006843}}
{"target": -13.758295188566414, "params": {"gamma": 559.1797527296752, "log10_alpha": -4.206412690252176, "log10_colsample_bytree": -0.9299569334194924, "log10_eta": -2.942865086694885, "log10_lambda": -4.9203879454767065, "log10_min_child_weight": 3.354273874881832, "log10_subsample": -0.9969940848791378, "max_depth": 8.0, "num_boost_round": 35.0}, "datetime": {"datetime": "2024-01-19 02:01:20", "elapsed": 6611.814725, "delta": 0.006768}}
{"target": -13.758294749042125, "params": {"gamma": 559.1797527296752, "log10_alpha": -4.206412690252176, "log10_colsample_bytree": -0.9299569334194924, "log10_eta": -2.942865086694885, "log10_lambda": -4.9203879454767065, "log10_min_child_weight": 3.354273874881832, "log10_subsample": -0.9969940848791378, "max_depth": 8.0, "num_boost_round": 36.0}, "datetime": {"datetime": "2024-01-19 02:01:20", "elapsed": 6611.821375, "delta": 0.00665}}
{"target": -13.758283520371592, "params": {"gamma": 559.1797527296752, "log10_alpha": -4.206412690252176, "log10_colsample_bytree": -0.9299569334194924, "log10_eta": -2.942865086694885, "log10_lambda": -4.9203879454767065, "log10_min_child_weight": 3.354273874881832, "log10_subsample": -0.9969940848791378, "max_depth": 8.0, "num_boost_round": 37.0}, "datetime": {"datetime": "2024-01-19 02:01:20", "elapsed": 6611.828011, "delta": 0.006636}}
{"target": -13.758290126195616, "params": {"gamma": 559.1797527296752, "log10_alpha": -4.206412690252176, "log10_colsample_bytree": -0.9299569334194924, "log10_eta": -2.942865086694885, "log10_lambda": -4.9203879454767065, "log10_min_child_weight": 3.354273874881832, "log10_subsample": -0.9969940848791378, "max_depth": 8.0, "num_boost_round": 38.0}, "datetime": {"datetime": "2024-01-19 02:01:20", "elapsed": 6611.83472, "delta": 0.006709}}
{"target": -13.758296260564178, "params": {"gamma": 559.1797527296752, "log10_alpha": -4.206412690252176, "log10_colsample_bytree": -0.9299569334194924, "log10_eta": -2.942865086694885, "log10_lambda": -4.9203879454767065, "log10_min_child_weight": 3.354273874881832, "log10_subsample": -0.9969940848791378, "max_depth": 8.0, "num_boost_round": 39.0}, "datetime": {"datetime": "2024-01-19 02:01:20", "elapsed": 6611.84184, "delta": 0.00712}}
{"target": -13.758539397410303, "params": {"gamma": 562.8698397999121, "log10_alpha": -0.275839503635984, "log10_colsample_bytree": -0.533185160167717, "log10_eta": -3.9988985724670076, "log10_lambda": 0.7871951233283987, "log10_min_child_weight": 2.8671880055993877, "log10_subsample": -0.3111869187044328, "max_depth": 3.0, "num_boost_round": 0.0}, "datetime": {"datetime": "2024-01-19 02:02:27", "elapsed": 6678.911218, "delta": 67.069378}}
{"target": -13.75853750885218, "params": {"gamma": 562.8698397999121, "log10_alpha": -0.275839503635984, "log10_colsample_bytree": -0.533185160167717, "log10_eta": -3.9988985724670076, "log10_lambda": 0.7871951233283987, "log10_min_child_weight": 2.8671880055993877, "log10_subsample": -0.3111869187044328, "max_depth": 3.0, "num_boost_round": 1.0}, "datetime": {"datetime": "2024-01-19 02:02:27", "elapsed": 6678.91886, "delta": 0.007642}}
{"target": -13.758537810234737, "params": {"gamma": 562.8698397999121, "log10_alpha": -0.275839503635984, "log10_colsample_bytree": -0.533185160167717, "log10_eta": -3.9988985724670076, "log10_lambda": 0.7871951233283987, "log10_min_child_weight": 2.8671880055993877, "log10_subsample": -0.3111869187044328, "max_depth": 3.0, "num_boost_round": 2.0}, "datetime": {"datetime": "2024-01-19 02:02:27", "elapsed": 6678.925616, "delta": 0.006756}}
{"target": -13.75853631401614, "params": {"gamma": 562.8698397999121, "log10_alpha": -0.275839503635984, "log10_colsample_bytree": -0.533185160167717, "log10_eta": -3.9988985724670076, "log10_lambda": 0.7871951233283987, "log10_min_child_weight": 2.8671880055993877, "log10_subsample": -0.3111869187044328, "max_depth": 3.0, "num_boost_round": 3.0}, "datetime": {"datetime": "2024-01-19 02:02:27", "elapsed": 6678.932084, "delta": 0.006468}}
{"target": -13.758535749005999, "params": {"gamma": 562.8698397999121, "log10_alpha": -0.275839503635984, "log10_colsample_bytree": -0.533185160167717, "log10_eta": -3.9988985724670076, "log10_lambda": 0.7871951233283987, "log10_min_child_weight": 2.8671880055993877, "log10_subsample": -0.3111869187044328, "max_depth": 3.0, "num_boost_round": 4.0}, "datetime": {"datetime": "2024-01-19 02:02:27", "elapsed": 6678.938561, "delta": 0.006477}}
{"target": -13.758534101265818, "params": {"gamma": 562.8698397999121, "log10_alpha": -0.275839503635984, "log10_colsample_bytree": -0.533185160167717, "log10_eta": -3.9988985724670076, "log10_lambda": 0.7871951233283987, "log10_min_child_weight": 2.8671880055993877, "log10_subsample": -0.3111869187044328, "max_depth": 3.0, "num_boost_round": 5.0}, "datetime": {"datetime": "2024-01-19 02:02:27", "elapsed": 6678.945097, "delta": 0.006536}}
{"target": -13.75853308041687, "params": {"gamma": 562.8698397999121, "log10_alpha": -0.275839503635984, "log10_colsample_bytree": -0.533185160167717, "log10_eta": -3.9988985724670076, "log10_lambda": 0.7871951233283987, "log10_min_child_weight": 2.8671880055993877, "log10_subsample": -0.3111869187044328, "max_depth": 3.0, "num_boost_round": 6.0}, "datetime": {"datetime": "2024-01-19 02:02:27", "elapsed": 6678.951763, "delta": 0.006666}}
{"target": -13.758531971471156, "params": {"gamma": 562.8698397999121, "log10_alpha": -0.275839503635984, "log10_colsample_bytree": -0.533185160167717, "log10_eta": -3.9988985724670076, "log10_lambda": 0.7871951233283987, "log10_min_child_weight": 2.8671880055993877, "log10_subsample": -0.3111869187044328, "max_depth": 3.0, "num_boost_round": 7.0}, "datetime": {"datetime": "2024-01-19 02:02:27", "elapsed": 6678.9583, "delta": 0.006537}}
{"target": -13.758531690079826, "params": {"gamma": 562.8698397999121, "log10_alpha": -0.275839503635984, "log10_colsample_bytree": -0.533185160167717, "log10_eta": -3.9988985724670076, "log10_lambda": 0.7871951233283987, "log10_min_child_weight": 2.8671880055993877, "log10_subsample": -0.3111869187044328, "max_depth": 3.0, "num_boost_round": 8.0}, "datetime": {"datetime": "2024-01-19 02:02:27", "elapsed": 6678.964849, "delta": 0.006549}}
{"target": -13.758528879948027, "params": {"gamma": 562.8698397999121, "log10_alpha": -0.275839503635984, "log10_colsample_bytree": -0.533185160167717, "log10_eta": -3.9988985724670076, "log10_lambda": 0.7871951233283987, "log10_min_child_weight": 2.8671880055993877, "log10_subsample": -0.3111869187044328, "max_depth": 3.0, "num_boost_round": 9.0}, "datetime": {"datetime": "2024-01-19 02:02:27", "elapsed": 6678.971199, "delta": 0.00635}}
{"target": -13.75852866614763, "params": {"gamma": 562.8698397999121, "log10_alpha": -0.275839503635984, "log10_colsample_bytree": -0.533185160167717, "log10_eta": -3.9988985724670076, "log10_lambda": 0.7871951233283987, "log10_min_child_weight": 2.8671880055993877, "log10_subsample": -0.3111869187044328, "max_depth": 3.0, "num_boost_round": 10.0}, "datetime": {"datetime": "2024-01-19 02:02:27", "elapsed": 6678.977465, "delta": 0.006266}}
{"target": -13.758526950391763, "params": {"gamma": 562.8698397999121, "log10_alpha": -0.275839503635984, "log10_colsample_bytree": -0.533185160167717, "log10_eta": -3.9988985724670076, "log10_lambda": 0.7871951233283987, "log10_min_child_weight": 2.8671880055993877, "log10_subsample": -0.3111869187044328, "max_depth": 3.0, "num_boost_round": 11.0}, "datetime": {"datetime": "2024-01-19 02:02:27", "elapsed": 6678.983719, "delta": 0.006254}}
{"target": -13.758525253748688, "params": {"gamma": 562.8698397999121, "log10_alpha": -0.275839503635984, "log10_colsample_bytree": -0.533185160167717, "log10_eta": -3.9988985724670076, "log10_lambda": 0.7871951233283987, "log10_min_child_weight": 2.8671880055993877, "log10_subsample": -0.3111869187044328, "max_depth": 3.0, "num_boost_round": 12.0}, "datetime": {"datetime": "2024-01-19 02:02:27", "elapsed": 6678.99021, "delta": 0.006491}}
{"target": -13.758523872512232, "params": {"gamma": 562.8698397999121, "log10_alpha": -0.275839503635984, "log10_colsample_bytree": -0.533185160167717, "log10_eta": -3.9988985724670076, "log10_lambda": 0.7871951233283987, "log10_min_child_weight": 2.8671880055993877, "log10_subsample": -0.3111869187044328, "max_depth": 3.0, "num_boost_round": 13.0}, "datetime": {"datetime": "2024-01-19 02:02:27", "elapsed": 6678.996692, "delta": 0.006482}}
{"target": -13.758522147388108, "params": {"gamma": 562.8698397999121, "log10_alpha": -0.275839503635984, "log10_colsample_bytree": -0.533185160167717, "log10_eta": -3.9988985724670076, "log10_lambda": 0.7871951233283987, "log10_min_child_weight": 2.8671880055993877, "log10_subsample": -0.3111869187044328, "max_depth": 3.0, "num_boost_round": 14.0}, "datetime": {"datetime": "2024-01-19 02:02:27", "elapsed": 6679.00334, "delta": 0.006648}}
{"target": -13.758519234895127, "params": {"gamma": 562.8698397999121, "log10_alpha": -0.275839503635984, "log10_colsample_bytree": -0.533185160167717, "log10_eta": -3.9988985724670076, "log10_lambda": 0.7871951233283987, "log10_min_child_weight": 2.8671880055993877, "log10_subsample": -0.3111869187044328, "max_depth": 3.0, "num_boost_round": 15.0}, "datetime": {"datetime": "2024-01-19 02:02:27", "elapsed": 6679.009666, "delta": 0.006326}}
{"target": -13.758518807340966, "params": {"gamma": 562.8698397999121, "log10_alpha": -0.275839503635984, "log10_colsample_bytree": -0.533185160167717, "log10_eta": -3.9988985724670076, "log10_lambda": 0.7871951233283987, "log10_min_child_weight": 2.8671880055993877, "log10_subsample": -0.3111869187044328, "max_depth": 3.0, "num_boost_round": 16.0}, "datetime": {"datetime": "2024-01-19 02:02:27", "elapsed": 6679.015941, "delta": 0.006275}}
{"target": -13.758519329710088, "params": {"gamma": 562.8698397999121, "log10_alpha": -0.275839503635984, "log10_colsample_bytree": -0.533185160167717, "log10_eta": -3.9988985724670076, "log10_lambda": 0.7871951233283987, "log10_min_child_weight": 2.8671880055993877, "log10_subsample": -0.3111869187044328, "max_depth": 3.0, "num_boost_round": 17.0}, "datetime": {"datetime": "2024-01-19 02:02:27", "elapsed": 6679.02224, "delta": 0.006299}}
{"target": -13.758517828797402, "params": {"gamma": 562.8698397999121, "log10_alpha": -0.275839503635984, "log10_colsample_bytree": -0.533185160167717, "log10_eta": -3.9988985724670076, "log10_lambda": 0.7871951233283987, "log10_min_child_weight": 2.8671880055993877, "log10_subsample": -0.3111869187044328, "max_depth": 3.0, "num_boost_round": 18.0}, "datetime": {"datetime": "2024-01-19 02:02:27", "elapsed": 6679.028697, "delta": 0.006457}}
{"target": -13.75851709425887, "params": {"gamma": 562.8698397999121, "log10_alpha": -0.275839503635984, "log10_colsample_bytree": -0.533185160167717, "log10_eta": -3.9988985724670076, "log10_lambda": 0.7871951233283987, "log10_min_child_weight": 2.8671880055993877, "log10_subsample": -0.3111869187044328, "max_depth": 3.0, "num_boost_round": 19.0}, "datetime": {"datetime": "2024-01-19 02:02:27", "elapsed": 6679.034997, "delta": 0.0063}}
{"target": -13.758514986621147, "params": {"gamma": 562.8698397999121, "log10_alpha": -0.275839503635984, "log10_colsample_bytree": -0.533185160167717, "log10_eta": -3.9988985724670076, "log10_lambda": 0.7871951233283987, "log10_min_child_weight": 2.8671880055993877, "log10_subsample": -0.3111869187044328, "max_depth": 3.0, "num_boost_round": 20.0}, "datetime": {"datetime": "2024-01-19 02:02:27", "elapsed": 6679.041808, "delta": 0.006811}}
{"target": -13.758513764182274, "params": {"gamma": 562.8698397999121, "log10_alpha": -0.275839503635984, "log10_colsample_bytree": -0.533185160167717, "log10_eta": -3.9988985724670076, "log10_lambda": 0.7871951233283987, "log10_min_child_weight": 2.8671880055993877, "log10_subsample": -0.3111869187044328, "max_depth": 3.0, "num_boost_round": 21.0}, "datetime": {"datetime": "2024-01-19 02:02:27", "elapsed": 6679.048367, "delta": 0.006559}}
{"target": -13.758514907386413, "params": {"gamma": 562.8698397999121, "log10_alpha": -0.275839503635984, "log10_colsample_bytree": -0.533185160167717, "log10_eta": -3.9988985724670076, "log10_lambda": 0.7871951233283987, "log10_min_child_weight": 2.8671880055993877, "log10_subsample": -0.3111869187044328, "max_depth": 3.0, "num_boost_round": 22.0}, "datetime": {"datetime": "2024-01-19 02:02:27", "elapsed": 6679.054817, "delta": 0.00645}}
{"target": -13.75851297092429, "params": {"gamma": 562.8698397999121, "log10_alpha": -0.275839503635984, "log10_colsample_bytree": -0.533185160167717, "log10_eta": -3.9988985724670076, "log10_lambda": 0.7871951233283987, "log10_min_child_weight": 2.8671880055993877, "log10_subsample": -0.3111869187044328, "max_depth": 3.0, "num_boost_round": 23.0}, "datetime": {"datetime": "2024-01-19 02:02:27", "elapsed": 6679.061184, "delta": 0.006367}}
{"target": -13.75851369291929, "params": {"gamma": 562.8698397999121, "log10_alpha": -0.275839503635984, "log10_colsample_bytree": -0.533185160167717, "log10_eta": -3.9988985724670076, "log10_lambda": 0.7871951233283987, "log10_min_child_weight": 2.8671880055993877, "log10_subsample": -0.3111869187044328, "max_depth": 3.0, "num_boost_round": 24.0}, "datetime": {"datetime": "2024-01-19 02:02:27", "elapsed": 6679.067781, "delta": 0.006597}}
