{"target": -13.758540603790768, "params": {"gamma": 28.746732577942467, "log10_alpha": -0.6769235667703981, "log10_colsample_bytree": -0.15798104463414742, "log10_eta": -3.1555582460050435, "log10_lambda": 0.6325540242355467, "log10_min_child_weight": 4.775946821374307, "log10_subsample": -0.026531347960358276, "max_depth": 6.0, "num_boost_round": 2.0}, "datetime": {"datetime": "2024-01-19 00:36:43", "elapsed": 1511.524266, "delta": 0.002317}}
{"target": -13.758543546830596, "params": {"gamma": 28.746732577942467, "log10_alpha": -0.6769235667703981, "log10_colsample_bytree": -0.15798104463414742, "log10_eta": -3.1555582460050435, "log10_lambda": 0.6325540242355467, "log10_min_child_weight": 4.775946821374307, "log10_subsample": -0.026531347960358276, "max_depth": 6.0, "num_boost_round": 3.0}, "datetime": {"datetime": "2024-01-19 00:36:43", "elapsed": 1511.525973, "delta": 0.001707}}
{"target": -13.75854855229213, "params": {"gamma": 28.746732577942467, "log10_alpha": -0.6769235667703981, "log10_colsample_bytree": -0.15798104463414742, "log10_eta": -3.1555582460050435, "log10_lambda": 0.6325540242355467, "log10_min_child_weight": 4.775946821374307, "log10_subsample": -0.026531347960358276, "max_depth": 6.0, "num_boost_round": 4.0}, "datetime": {"datetime": "2024-01-19 00:36:43", "elapsed": 1511.527662, "delta": 0.001689}}
{"target": -13.758550837909318, "params": {"gamma": 28.746732577942467, "log10_alpha": -0.6769235667703981, "log10_colsample_bytree": -0.15798104463414742, "log10_eta": -3.1555582460050435, "log10_lambda": 0.6325540242355467, "log10_min_child_weight": 4.775946821374307, "log10_subsample": -0.026531347960358276, "max_depth": 6.0, "num_boost_round": 5.0}, "datetime": {"datetime": "2024-01-19 00:36:43", "elapsed": 1511.529514, "delta": 0.001852}}
{"target": -13.758551185600432, "params": {"gamma": 28.746732577942467, "log10_alpha": -0.6769235667703981, "log10_colsample_bytree": -0.15798104463414742, "log10_eta": -3.1555582460050435, "log10_lambda": 0.6325540242355467, "log10_min_child_weight": 4.775946821374307, "log10_subsample": -0.026531347960358276, "max_depth": 6.0, "num_boost_round": 6.0}, "datetime": {"datetime": "2024-01-19 00:36:43", "elapsed": 1511.531228, "delta": 0.001714}}
{"target": -13.758550052862427, "params": {"gamma": 28.746732577942467, "log10_alpha": -0.6769235667703981, "log10_colsample_bytree": -0.15798104463414742, "log10_eta": -3.1555582460050435, "log10_lambda": 0.6325540242355467, "log10_min_child_weight": 4.775946821374307, "log10_subsample": -0.026531347960358276, "max_depth": 6.0, "num_boost_round": 7.0}, "datetime": {"datetime": "2024-01-19 00:36:43", "elapsed": 1511.532939, "delta": 0.001711}}
{"target": -13.758549773429241, "params": {"gamma": 28.746732577942467, "log10_alpha": -0.6769235667703981, "log10_colsample_bytree": -0.15798104463414742, "log10_eta": -3.1555582460050435, "log10_lambda": 0.6325540242355467, "log10_min_child_weight": 4.775946821374307, "log10_subsample": -0.026531347960358276, "max_depth": 6.0, "num_boost_round": 8.0}, "datetime": {"datetime": "2024-01-19 00:36:43", "elapsed": 1511.534645, "delta": 0.001706}}
{"target": -13.758552120733746, "params": {"gamma": 28.746732577942467, "log10_alpha": -0.6769235667703981, "log10_colsample_bytree": -0.15798104463414742, "log10_eta": -3.1555582460050435, "log10_lambda": 0.6325540242355467, "log10_min_child_weight": 4.775946821374307, "log10_subsample": -0.026531347960358276, "max_depth": 6.0, "num_boost_round": 9.0}, "datetime": {"datetime": "2024-01-19 00:36:43", "elapsed": 1511.536386, "delta": 0.001741}}
{"target": -13.758553576967076, "params": {"gamma": 28.746732577942467, "log10_alpha": -0.6769235667703981, "log10_colsample_bytree": -0.15798104463414742, "log10_eta": -3.1555582460050435, "log10_lambda": 0.6325540242355467, "log10_min_child_weight": 4.775946821374307, "log10_subsample": -0.026531347960358276, "max_depth": 6.0, "num_boost_round": 10.0}, "datetime": {"datetime": "2024-01-19 00:36:43", "elapsed": 1511.538073, "delta": 0.001687}}
{"target": -13.758548834487645, "params": {"gamma": 28.746732577942467, "log10_alpha": -0.6769235667703981, "log10_colsample_bytree": -0.15798104463414742, "log10_eta": -3.1555582460050435, "log10_lambda": 0.6325540242355467, "log10_min_child_weight": 4.775946821374307, "log10_subsample": -0.026531347960358276, "max_depth": 6.0, "num_boost_round": 11.0}, "datetime": {"datetime": "2024-01-19 00:36:43", "elapsed": 1511.539778, "delta": 0.001705}}
{"target": -13.758550421123285, "params": {"gamma": 28.746732577942467, "log10_alpha": -0.6769235667703981, "log10_colsample_bytree": -0.15798104463414742, "log10_eta": -3.1555582460050435, "log10_lambda": 0.6325540242355467, "log10_min_child_weight": 4.775946821374307, "log10_subsample": -0.026531347960358276, "max_depth": 6.0, "num_boost_round": 12.0}, "datetime": {"datetime": "2024-01-19 00:36:43", "elapsed": 1511.541479, "delta": 0.001701}}
{"target": -13.758552056588385, "params": {"gamma": 28.746732577942467, "log10_alpha": -0.6769235667703981, "log10_colsample_bytree": -0.15798104463414742, "log10_eta": -3.1555582460050435, "log10_lambda": 0.6325540242355467, "log10_min_child_weight": 4.775946821374307, "log10_subsample": -0.026531347960358276, "max_depth": 6.0, "num_boost_round": 13.0}, "datetime": {"datetime": "2024-01-19 00:36:43", "elapsed": 1511.543172, "delta": 0.001693}}
{"target": -13.758550565780968, "params": {"gamma": 28.746732577942467, "log10_alpha": -0.6769235667703981, "log10_colsample_bytree": -0.15798104463414742, "log10_eta": -3.1555582460050435, "log10_lambda": 0.6325540242355467, "log10_min_child_weight": 4.775946821374307, "log10_subsample": -0.026531347960358276, "max_depth": 6.0, "num_boost_round": 14.0}, "datetime": {"datetime": "2024-01-19 00:36:43", "elapsed": 1511.544864, "delta": 0.001692}}
{"target": -13.758547051447966, "params": {"gamma": 28.746732577942467, "log10_alpha": -0.6769235667703981, "log10_colsample_bytree": -0.15798104463414742, "log10_eta": -3.1555582460050435, "log10_lambda": 0.6325540242355467, "log10_min_child_weight": 4.775946821374307, "log10_subsample": -0.026531347960358276, "max_depth": 6.0, "num_boost_round": 15.0}, "datetime": {"datetime": "2024-01-19 00:36:43", "elapsed": 1511.546581, "delta": 0.001717}}
{"target": -13.758548612187717, "params": {"gamma": 28.746732577942467, "log10_alpha": -0.6769235667703981, "log10_colsample_bytree": -0.15798104463414742, "log10_eta": -3.1555582460050435, "log10_lambda": 0.6325540242355467, "log10_min_child_weight": 4.775946821374307, "log10_subsample": -0.026531347960358276, "max_depth": 6.0, "num_boost_round": 16.0}, "datetime": {"datetime": "2024-01-19 00:36:43", "elapsed": 1511.548273, "delta": 0.001692}}
{"target": -13.758537747486786, "params": {"gamma": 34.651001445450696, "log10_alpha": -1.963806273241092, "log10_colsample_bytree": -1.0, "log10_eta": -4.0, "log10_lambda": -4.954516395248161, "log10_min_child_weight": 3.2790016163023568, "log10_subsample": -0.6129810373225988, "max_depth": 7.0, "num_boost_round": 0.0}, "datetime": {"datetime": "2024-01-19 00:37:04", "elapsed": 1532.164298, "delta": 20.616025}}
{"target": -13.758537876054037, "params": {"gamma": 34.651001445450696, "log10_alpha": -1.963806273241092, "log10_colsample_bytree": -1.0, "log10_eta": -4.0, "log10_lambda": -4.954516395248161, "log10_min_child_weight": 3.2790016163023568, "log10_subsample": -0.6129810373225988, "max_depth": 7.0, "num_boost_round": 1.0}, "datetime": {"datetime": "2024-01-19 00:37:04", "elapsed": 1532.166227, "delta": 0.001929}}
{"target": -13.758537312238866, "params": {"gamma": 34.651001445450696, "log10_alpha": -1.963806273241092, "log10_colsample_bytree": -1.0, "log10_eta": -4.0, "log10_lambda": -4.954516395248161, "log10_min_child_weight": 3.2790016163023568, "log10_subsample": -0.6129810373225988, "max_depth": 7.0, "num_boost_round": 2.0}, "datetime": {"datetime": "2024-01-19 00:37:04", "elapsed": 1532.167948, "delta": 0.001721}}
{"target": -13.758536501874586, "params": {"gamma": 34.651001445450696, "log10_alpha": -1.963806273241092, "log10_colsample_bytree": -1.0, "log10_eta": -4.0, "log10_lambda": -4.954516395248161, "log10_min_child_weight": 3.2790016163023568, "log10_subsample": -0.6129810373225988, "max_depth": 7.0, "num_boost_round": 3.0}, "datetime": {"datetime": "2024-01-19 00:37:04", "elapsed": 1532.169662, "delta": 0.001714}}
{"target": -13.758535404897122, "params": {"gamma": 34.651001445450696, "log10_alpha": -1.963806273241092, "log10_colsample_bytree": -1.0, "log10_eta": -4.0, "log10_lambda": -4.954516395248161, "log10_min_child_weight": 3.2790016163023568, "log10_subsample": -0.6129810373225988, "max_depth": 7.0, "num_boost_round": 4.0}, "datetime": {"datetime": "2024-01-19 00:37:04", "elapsed": 1532.171372, "delta": 0.00171}}
{"target": -13.758533673034831, "params": {"gamma": 34.651001445450696, "log10_alpha": -1.963806273241092, "log10_colsample_bytree": -1.0, "log10_eta": -4.0, "log10_lambda": -4.954516395248161, "log10_min_child_weight": 3.2790016163023568, "log10_subsample": -0.6129810373225988, "max_depth": 7.0, "num_boost_round": 5.0}, "datetime": {"datetime": "2024-01-19 00:37:04", "elapsed": 1532.173076, "delta": 0.001704}}
{"target": -13.758533615570288, "params": {"gamma": 34.651001445450696, "log10_alpha": -1.963806273241092, "log10_colsample_bytree": -1.0, "log10_eta": -4.0, "log10_lambda": -4.954516395248161, "log10_min_child_weight": 3.2790016163023568, "log10_subsample": -0.6129810373225988, "max_depth": 7.0, "num_boost_round": 6.0}, "datetime": {"datetime": "2024-01-19 00:37:04", "elapsed": 1532.174798, "delta": 0.001722}}
{"target": -13.75853097934082, "params": {"gamma": 34.651001445450696, "log10_alpha": -1.963806273241092, "log10_colsample_bytree": -1.0, "log10_eta": -4.0, "log10_lambda": -4.954516395248161, "log10_min_child_weight": 3.2790016163023568, "log10_subsample": -0.6129810373225988, "max_depth": 7.0, "num_boost_round": 7.0}, "datetime": {"datetime": "2024-01-19 00:37:04", "elapsed": 1532.177221, "delta": 0.002423}}
{"target": -13.758527748589803, "params": {"gamma": 34.651001445450696, "log10_alpha": -1.963806273241092, "log10_colsample_bytree": -1.0, "log10_eta": -4.0, "log10_lambda": -4.954516395248161, "log10_min_child_weight": 3.2790016163023568, "log10_subsample": -0.6129810373225988, "max_depth": 7.0, "num_boost_round": 8.0}, "datetime": {"datetime": "2024-01-19 00:37:04", "elapsed": 1532.178988, "delta": 0.001767}}
{"target": -13.75852874661184, "params": {"gamma": 34.651001445450696, "log10_alpha": -1.963806273241092, "log10_colsample_bytree": -1.0, "log10_eta": -4.0, "log10_lambda": -4.954516395248161, "log10_min_child_weight": 3.2790016163023568, "log10_subsample": -0.6129810373225988, "max_depth": 7.0, "num_boost_round": 9.0}, "datetime": {"datetime": "2024-01-19 00:37:04", "elapsed": 1532.1807, "delta": 0.001712}}
{"target": -13.758537294079382, "params": {"gamma": 27.28562132595458, "log10_alpha": -1.5938434767307292, "log10_colsample_bytree": -0.5113192270072924, "log10_eta": -3.6750800647253836, "log10_lambda": -1.4270890406428043, "log10_min_child_weight": 4.1422971323005084, "log10_subsample": -0.9349903833008478, "max_depth": 7.0, "num_boost_round": 0.0}, "datetime": {"datetime": "2024-01-19 00:37:24", "elapsed": 1552.492733, "delta": 20.312033}}
{"target": -13.758537016431173, "params": {"gamma": 27.28562132595458, "log10_alpha": -1.5938434767307292, "log10_colsample_bytree": -0.5113192270072924, "log10_eta": -3.6750800647253836, "log10_lambda": -1.4270890406428043, "log10_min_child_weight": 4.1422971323005084, "log10_subsample": -0.9349903833008478, "max_depth": 7.0, "num_boost_round": 1.0}, "datetime": {"datetime": "2024-01-19 00:37:24", "elapsed": 1552.495138, "delta": 0.002405}}
{"target": -13.758536881720879, "params": {"gamma": 27.28562132595458, "log10_alpha": -1.5938434767307292, "log10_colsample_bytree": -0.5113192270072924, "log10_eta": -3.6750800647253836, "log10_lambda": -1.4270890406428043, "log10_min_child_weight": 4.1422971323005084, "log10_subsample": -0.9349903833008478, "max_depth": 7.0, "num_boost_round": 2.0}, "datetime": {"datetime": "2024-01-19 00:37:24", "elapsed": 1552.497438, "delta": 0.0023}}
{"target": -13.758536013950318, "params": {"gamma": 27.28562132595458, "log10_alpha": -1.5938434767307292, "log10_colsample_bytree": -0.5113192270072924, "log10_eta": -3.6750800647253836, "log10_lambda": -1.4270890406428043, "log10_min_child_weight": 4.1422971323005084, "log10_subsample": -0.9349903833008478, "max_depth": 7.0, "num_boost_round": 3.0}, "datetime": {"datetime": "2024-01-19 00:37:24", "elapsed": 1552.499197, "delta": 0.001759}}
{"target": -13.758536113887118, "params": {"gamma": 27.28562132595458, "log10_alpha": -1.5938434767307292, "log10_colsample_bytree": -0.5113192270072924, "log10_eta": -3.6750800647253836, "log10_lambda": -1.4270890406428043, "log10_min_child_weight": 4.1422971323005084, "log10_subsample": -0.9349903833008478, "max_depth": 7.0, "num_boost_round": 4.0}, "datetime": {"datetime": "2024-01-19 00:37:24", "elapsed": 1552.500956, "delta": 0.001759}}
{"target": -13.758534598354984, "params": {"gamma": 27.28562132595458, "log10_alpha": -1.5938434767307292, "log10_colsample_bytree": -0.5113192270072924, "log10_eta": -3.6750800647253836, "log10_lambda": -1.4270890406428043, "log10_min_child_weight": 4.1422971323005084, "log10_subsample": -0.9349903833008478, "max_depth": 7.0, "num_boost_round": 5.0}, "datetime": {"datetime": "2024-01-19 00:37:24", "elapsed": 1552.502726, "delta": 0.00177}}
{"target": -13.75853414440245, "params": {"gamma": 27.28562132595458, "log10_alpha": -1.5938434767307292, "log10_colsample_bytree": -0.5113192270072924, "log10_eta": -3.6750800647253836, "log10_lambda": -1.4270890406428043, "log10_min_child_weight": 4.1422971323005084, "log10_subsample": -0.9349903833008478, "max_depth": 7.0, "num_boost_round": 6.0}, "datetime": {"datetime": "2024-01-19 00:37:24", "elapsed": 1552.504503, "delta": 0.001777}}
{"target": -13.758534169032572, "params": {"gamma": 27.28562132595458, "log10_alpha": -1.5938434767307292, "log10_colsample_bytree": -0.5113192270072924, "log10_eta": -3.6750800647253836, "log10_lambda": -1.4270890406428043, "log10_min_child_weight": 4.1422971323005084, "log10_subsample": -0.9349903833008478, "max_depth": 7.0, "num_boost_round": 7.0}, "datetime": {"datetime": "2024-01-19 00:37:24", "elapsed": 1552.506225, "delta": 0.001722}}
{"target": -13.758532771074071, "params": {"gamma": 27.28562132595458, "log10_alpha": -1.5938434767307292, "log10_colsample_bytree": -0.5113192270072924, "log10_eta": -3.6750800647253836, "log10_lambda": -1.4270890406428043, "log10_min_child_weight": 4.1422971323005084, "log10_subsample": -0.9349903833008478, "max_depth": 7.0, "num_boost_round": 8.0}, "datetime": {"datetime": "2024-01-19 00:37:24", "elapsed": 1552.507946, "delta": 0.001721}}
{"target": -13.758532723480705, "params": {"gamma": 27.28562132595458, "log10_alpha": -1.5938434767307292, "log10_colsample_bytree": -0.5113192270072924, "log10_eta": -3.6750800647253836, "log10_lambda": -1.4270890406428043, "log10_min_child_weight": 4.1422971323005084, "log10_subsample": -0.9349903833008478, "max_depth": 7.0, "num_boost_round": 9.0}, "datetime": {"datetime": "2024-01-19 00:37:24", "elapsed": 1552.509796, "delta": 0.00185}}
{"target": -13.758519243040313, "params": {"gamma": 41.5733715177794, "log10_alpha": -4.799741083629996, "log10_colsample_bytree": -0.3330827784900916, "log10_eta": -3.3170647825072725, "log10_lambda": -4.075286366914963, "log10_min_child_weight": 1.2900996023227869, "log10_subsample": -0.9062894859341899, "max_depth": 4.0, "num_boost_round": 0.0}, "datetime": {"datetime": "2024-01-19 00:37:47", "elapsed": 1576.01085, "delta": 23.501054}}
{"target": -13.758497027987538, "params": {"gamma": 41.5733715177794, "log10_alpha": -4.799741083629996, "log10_colsample_bytree": -0.3330827784900916, "log10_eta": -3.3170647825072725, "log10_lambda": -4.075286366914963, "log10_min_child_weight": 1.2900996023227869, "log10_subsample": -0.9062894859341899, "max_depth": 4.0, "num_boost_round": 1.0}, "datetime": {"datetime": "2024-01-19 00:37:47", "elapsed": 1576.01282, "delta": 0.00197}}
{"target": -13.758477226701151, "params": {"gamma": 41.5733715177794, "log10_alpha": -4.799741083629996, "log10_colsample_bytree": -0.3330827784900916, "log10_eta": -3.3170647825072725, "log10_lambda": -4.075286366914963, "log10_min_child_weight": 1.2900996023227869, "log10_subsample": -0.9062894859341899, "max_depth": 4.0, "num_boost_round": 2.0}, "datetime": {"datetime": "2024-01-19 00:37:47", "elapsed": 1576.014881, "delta": 0.002061}}
{"target": -13.758490118889636, "params": {"gamma": 41.5733715177794, "log10_alpha": -4.799741083629996, "log10_colsample_bytree": -0.3330827784900916, "log10_eta": -3.3170647825072725, "log10_lambda": -4.075286366914963, "log10_min_child_weight": 1.2900996023227869, "log10_subsample": -0.9062894859341899, "max_depth": 4.0, "num_boost_round": 3.0}, "datetime": {"datetime": "2024-01-19 00:37:47", "elapsed": 1576.016661, "delta": 0.00178}}
{"target": -13.758468133499399, "params": {"gamma": 41.5733715177794, "log10_alpha": -4.799741083629996, "log10_colsample_bytree": -0.3330827784900916, "log10_eta": -3.3170647825072725, "log10_lambda": -4.075286366914963, "log10_min_child_weight": 1.2900996023227869, "log10_subsample": -0.9062894859341899, "max_depth": 4.0, "num_boost_round": 4.0}, "datetime": {"datetime": "2024-01-19 00:37:47", "elapsed": 1576.018416, "delta": 0.001755}}
{"target": -13.758466119681163, "params": {"gamma": 41.5733715177794, "log10_alpha": -4.799741083629996, "log10_colsample_bytree": -0.3330827784900916, "log10_eta": -3.3170647825072725, "log10_lambda": -4.075286366914963, "log10_min_child_weight": 1.2900996023227869, "log10_subsample": -0.9062894859341899, "max_depth": 4.0, "num_boost_round": 5.0}, "datetime": {"datetime": "2024-01-19 00:37:47", "elapsed": 1576.020374, "delta": 0.001958}}
{"target": -13.75845107714789, "params": {"gamma": 41.5733715177794, "log10_alpha": -4.799741083629996, "log10_colsample_bytree": -0.3330827784900916, "log10_eta": -3.3170647825072725, "log10_lambda": -4.075286366914963, "log10_min_child_weight": 1.2900996023227869, "log10_subsample": -0.9062894859341899, "max_depth": 4.0, "num_boost_round": 6.0}, "datetime": {"datetime": "2024-01-19 00:37:47", "elapsed": 1576.022832, "delta": 0.002458}}
{"target": -13.75843891750508, "params": {"gamma": 41.5733715177794, "log10_alpha": -4.799741083629996, "log10_colsample_bytree": -0.3330827784900916, "log10_eta": -3.3170647825072725, "log10_lambda": -4.075286366914963, "log10_min_child_weight": 1.2900996023227869, "log10_subsample": -0.9062894859341899, "max_depth": 4.0, "num_boost_round": 7.0}, "datetime": {"datetime": "2024-01-19 00:37:47", "elapsed": 1576.024589, "delta": 0.001757}}
{"target": -13.758434615149044, "params": {"gamma": 41.5733715177794, "log10_alpha": -4.799741083629996, "log10_colsample_bytree": -0.3330827784900916, "log10_eta": -3.3170647825072725, "log10_lambda": -4.075286366914963, "log10_min_child_weight": 1.2900996023227869, "log10_subsample": -0.9062894859341899, "max_depth": 4.0, "num_boost_round": 8.0}, "datetime": {"datetime": "2024-01-19 00:37:47", "elapsed": 1576.026332, "delta": 0.001743}}
{"target": -13.758419523431172, "params": {"gamma": 41.5733715177794, "log10_alpha": -4.799741083629996, "log10_colsample_bytree": -0.3330827784900916, "log10_eta": -3.3170647825072725, "log10_lambda": -4.075286366914963, "log10_min_child_weight": 1.2900996023227869, "log10_subsample": -0.9062894859341899, "max_depth": 4.0, "num_boost_round": 9.0}, "datetime": {"datetime": "2024-01-19 00:37:47", "elapsed": 1576.028076, "delta": 0.001744}}
{"target": -13.758406854349051, "params": {"gamma": 41.5733715177794, "log10_alpha": -4.799741083629996, "log10_colsample_bytree": -0.3330827784900916, "log10_eta": -3.3170647825072725, "log10_lambda": -4.075286366914963, "log10_min_child_weight": 1.2900996023227869, "log10_subsample": -0.9062894859341899, "max_depth": 4.0, "num_boost_round": 10.0}, "datetime": {"datetime": "2024-01-19 00:37:47", "elapsed": 1576.029956, "delta": 0.00188}}
{"target": -13.758398117645285, "params": {"gamma": 41.5733715177794, "log10_alpha": -4.799741083629996, "log10_colsample_bytree": -0.3330827784900916, "log10_eta": -3.3170647825072725, "log10_lambda": -4.075286366914963, "log10_min_child_weight": 1.2900996023227869, "log10_subsample": -0.9062894859341899, "max_depth": 4.0, "num_boost_round": 11.0}, "datetime": {"datetime": "2024-01-19 00:37:47", "elapsed": 1576.03171, "delta": 0.001754}}
{"target": -13.758395631110137, "params": {"gamma": 41.5733715177794, "log10_alpha": -4.799741083629996, "log10_colsample_bytree": -0.3330827784900916, "log10_eta": -3.3170647825072725, "log10_lambda": -4.075286366914963, "log10_min_child_weight": 1.2900996023227869, "log10_subsample": -0.9062894859341899, "max_depth": 4.0, "num_boost_round": 12.0}, "datetime": {"datetime": "2024-01-19 00:37:47", "elapsed": 1576.033477, "delta": 0.001767}}
{"target": -13.758376027271176, "params": {"gamma": 41.5733715177794, "log10_alpha": -4.799741083629996, "log10_colsample_bytree": -0.3330827784900916, "log10_eta": -3.3170647825072725, "log10_lambda": -4.075286366914963, "log10_min_child_weight": 1.2900996023227869, "log10_subsample": -0.9062894859341899, "max_depth": 4.0, "num_boost_round": 13.0}, "datetime": {"datetime": "2024-01-19 00:37:47", "elapsed": 1576.035261, "delta": 0.001784}}
{"target": -13.758377559400342, "params": {"gamma": 41.5733715177794, "log10_alpha": -4.799741083629996, "log10_colsample_bytree": -0.3330827784900916, "log10_eta": -3.3170647825072725, "log10_lambda": -4.075286366914963, "log10_min_child_weight": 1.2900996023227869, "log10_subsample": -0.9062894859341899, "max_depth": 4.0, "num_boost_round": 14.0}, "datetime": {"datetime": "2024-01-19 00:37:47", "elapsed": 1576.037006, "delta": 0.001745}}
