{"target": -13.782094190673382, "params": {"gamma": 213.11373317856263, "log10_alpha": -3.2610457867215645, "log10_colsample_bytree": -0.23905557027142166, "log10_eta": -0.5227287047909366, "log10_lambda": 0.6994716538014236, "log10_min_child_weight": 1.6338038894317564, "log10_subsample": -0.6489026637986908, "max_depth": 2.0, "num_boost_round": 11.0}, "datetime": {"datetime": "2024-01-19 00:12:28", "elapsed": 56.158275, "delta": 0.000273}}
{"target": -13.78889116139694, "params": {"gamma": 213.11373317856263, "log10_alpha": -3.2610457867215645, "log10_colsample_bytree": -0.23905557027142166, "log10_eta": -0.5227287047909366, "log10_lambda": 0.6994716538014236, "log10_min_child_weight": 1.6338038894317564, "log10_subsample": -0.6489026637986908, "max_depth": 2.0, "num_boost_round": 12.0}, "datetime": {"datetime": "2024-01-19 00:12:28", "elapsed": 56.158552, "delta": 0.000277}}
{"target": -13.826559072609072, "params": {"gamma": 213.11373317856263, "log10_alpha": -3.2610457867215645, "log10_colsample_bytree": -0.23905557027142166, "log10_eta": -0.5227287047909366, "log10_lambda": 0.6994716538014236, "log10_min_child_weight": 1.6338038894317564, "log10_subsample": -0.6489026637986908, "max_depth": 2.0, "num_boost_round": 13.0}, "datetime": {"datetime": "2024-01-19 00:12:28", "elapsed": 56.159002, "delta": 0.00045}}
{"target": -13.826504967359318, "params": {"gamma": 213.11373317856263, "log10_alpha": -3.2610457867215645, "log10_colsample_bytree": -0.23905557027142166, "log10_eta": -0.5227287047909366, "log10_lambda": 0.6994716538014236, "log10_min_child_weight": 1.6338038894317564, "log10_subsample": -0.6489026637986908, "max_depth": 2.0, "num_boost_round": 14.0}, "datetime": {"datetime": "2024-01-19 00:12:28", "elapsed": 56.159282, "delta": 0.00028}}
{"target": -13.758535422154157, "params": {"gamma": 215.642000686307, "log10_alpha": -3.9388227048161557, "log10_colsample_bytree": -0.5508159649174174, "log10_eta": -3.5982121362668793, "log10_lambda": -2.571543569613752, "log10_min_child_weight": 1.058599124317958, "log10_subsample": -0.8294125592910265, "max_depth": 2.0, "num_boost_round": 0.0}, "datetime": {"datetime": "2024-01-19 00:12:46", "elapsed": 74.229088, "delta": 18.069806}}
{"target": -13.75853137606753, "params": {"gamma": 215.642000686307, "log10_alpha": -3.9388227048161557, "log10_colsample_bytree": -0.5508159649174174, "log10_eta": -3.5982121362668793, "log10_lambda": -2.571543569613752, "log10_min_child_weight": 1.058599124317958, "log10_subsample": -0.8294125592910265, "max_depth": 2.0, "num_boost_round": 1.0}, "datetime": {"datetime": "2024-01-19 00:12:46", "elapsed": 74.229809, "delta": 0.000721}}
{"target": -13.758531818784357, "params": {"gamma": 215.642000686307, "log10_alpha": -3.9388227048161557, "log10_colsample_bytree": -0.5508159649174174, "log10_eta": -3.5982121362668793, "log10_lambda": -2.571543569613752, "log10_min_child_weight": 1.058599124317958, "log10_subsample": -0.8294125592910265, "max_depth": 2.0, "num_boost_round": 2.0}, "datetime": {"datetime": "2024-01-19 00:12:46", "elapsed": 74.230134, "delta": 0.000325}}
{"target": -13.758529063289927, "params": {"gamma": 215.642000686307, "log10_alpha": -3.9388227048161557, "log10_colsample_bytree": -0.5508159649174174, "log10_eta": -3.5982121362668793, "log10_lambda": -2.571543569613752, "log10_min_child_weight": 1.058599124317958, "log10_subsample": -0.8294125592910265, "max_depth": 2.0, "num_boost_round": 3.0}, "datetime": {"datetime": "2024-01-19 00:12:46", "elapsed": 74.23043, "delta": 0.000296}}
{"target": -13.75852795236266, "params": {"gamma": 215.642000686307, "log10_alpha": -3.9388227048161557, "log10_colsample_bytree": -0.5508159649174174, "log10_eta": -3.5982121362668793, "log10_lambda": -2.571543569613752, "log10_min_child_weight": 1.058599124317958, "log10_subsample": -0.8294125592910265, "max_depth": 2.0, "num_boost_round": 4.0}, "datetime": {"datetime": "2024-01-19 00:12:46", "elapsed": 74.230735, "delta": 0.000305}}
{"target": -13.758527078881913, "params": {"gamma": 215.642000686307, "log10_alpha": -3.9388227048161557, "log10_colsample_bytree": -0.5508159649174174, "log10_eta": -3.5982121362668793, "log10_lambda": -2.571543569613752, "log10_min_child_weight": 1.058599124317958, "log10_subsample": -0.8294125592910265, "max_depth": 2.0, "num_boost_round": 5.0}, "datetime": {"datetime": "2024-01-19 00:12:46", "elapsed": 74.231498, "delta": 0.000763}}
{"target": -13.758522161910335, "params": {"gamma": 215.642000686307, "log10_alpha": -3.9388227048161557, "log10_colsample_bytree": -0.5508159649174174, "log10_eta": -3.5982121362668793, "log10_lambda": -2.571543569613752, "log10_min_child_weight": 1.058599124317958, "log10_subsample": -0.8294125592910265, "max_depth": 2.0, "num_boost_round": 6.0}, "datetime": {"datetime": "2024-01-19 00:12:46", "elapsed": 74.231821, "delta": 0.000323}}
{"target": -13.758522971880279, "params": {"gamma": 215.642000686307, "log10_alpha": -3.9388227048161557, "log10_colsample_bytree": -0.5508159649174174, "log10_eta": -3.5982121362668793, "log10_lambda": -2.571543569613752, "log10_min_child_weight": 1.058599124317958, "log10_subsample": -0.8294125592910265, "max_depth": 2.0, "num_boost_round": 7.0}, "datetime": {"datetime": "2024-01-19 00:12:46", "elapsed": 74.23212, "delta": 0.000299}}
{"target": -13.758519850764237, "params": {"gamma": 215.642000686307, "log10_alpha": -3.9388227048161557, "log10_colsample_bytree": -0.5508159649174174, "log10_eta": -3.5982121362668793, "log10_lambda": -2.571543569613752, "log10_min_child_weight": 1.058599124317958, "log10_subsample": -0.8294125592910265, "max_depth": 2.0, "num_boost_round": 8.0}, "datetime": {"datetime": "2024-01-19 00:12:46", "elapsed": 74.232415, "delta": 0.000295}}
{"target": -13.758516192889976, "params": {"gamma": 215.642000686307, "log10_alpha": -3.9388227048161557, "log10_colsample_bytree": -0.5508159649174174, "log10_eta": -3.5982121362668793, "log10_lambda": -2.571543569613752, "log10_min_child_weight": 1.058599124317958, "log10_subsample": -0.8294125592910265, "max_depth": 2.0, "num_boost_round": 9.0}, "datetime": {"datetime": "2024-01-19 00:12:46", "elapsed": 74.232722, "delta": 0.000307}}
{"target": -13.762875718938357, "params": {"gamma": 209.49114819287962, "log10_alpha": 0.20626091619526843, "log10_colsample_bytree": -0.32851983197633217, "log10_eta": -0.7377416611452317, "log10_lambda": 0.06428708274088635, "log10_min_child_weight": 3.0105445342064074, "log10_subsample": -0.7140838936360699, "max_depth": 5.0, "num_boost_round": 0.0}, "datetime": {"datetime": "2024-01-19 00:13:08", "elapsed": 95.981852, "delta": 21.74913}}
{"target": -13.766910444194524, "params": {"gamma": 209.49114819287962, "log10_alpha": 0.20626091619526843, "log10_colsample_bytree": -0.32851983197633217, "log10_eta": -0.7377416611452317, "log10_lambda": 0.06428708274088635, "log10_min_child_weight": 3.0105445342064074, "log10_subsample": -0.7140838936360699, "max_depth": 5.0, "num_boost_round": 1.0}, "datetime": {"datetime": "2024-01-19 00:13:08", "elapsed": 95.982706, "delta": 0.000854}}
{"target": -13.766281650337556, "params": {"gamma": 209.49114819287962, "log10_alpha": 0.20626091619526843, "log10_colsample_bytree": -0.32851983197633217, "log10_eta": -0.7377416611452317, "log10_lambda": 0.06428708274088635, "log10_min_child_weight": 3.0105445342064074, "log10_subsample": -0.7140838936360699, "max_depth": 5.0, "num_boost_round": 2.0}, "datetime": {"datetime": "2024-01-19 00:13:08", "elapsed": 95.983183, "delta": 0.000477}}
{"target": -13.769699471634485, "params": {"gamma": 209.49114819287962, "log10_alpha": 0.20626091619526843, "log10_colsample_bytree": -0.32851983197633217, "log10_eta": -0.7377416611452317, "log10_lambda": 0.06428708274088635, "log10_min_child_weight": 3.0105445342064074, "log10_subsample": -0.7140838936360699, "max_depth": 5.0, "num_boost_round": 3.0}, "datetime": {"datetime": "2024-01-19 00:13:08", "elapsed": 95.983511, "delta": 0.000328}}
{"target": -13.769751519529994, "params": {"gamma": 209.49114819287962, "log10_alpha": 0.20626091619526843, "log10_colsample_bytree": -0.32851983197633217, "log10_eta": -0.7377416611452317, "log10_lambda": 0.06428708274088635, "log10_min_child_weight": 3.0105445342064074, "log10_subsample": -0.7140838936360699, "max_depth": 5.0, "num_boost_round": 4.0}, "datetime": {"datetime": "2024-01-19 00:13:08", "elapsed": 95.983825, "delta": 0.000314}}
{"target": -13.772587428658749, "params": {"gamma": 209.49114819287962, "log10_alpha": 0.20626091619526843, "log10_colsample_bytree": -0.32851983197633217, "log10_eta": -0.7377416611452317, "log10_lambda": 0.06428708274088635, "log10_min_child_weight": 3.0105445342064074, "log10_subsample": -0.7140838936360699, "max_depth": 5.0, "num_boost_round": 5.0}, "datetime": {"datetime": "2024-01-19 00:13:08", "elapsed": 95.984135, "delta": 0.00031}}
{"target": -13.775549146171839, "params": {"gamma": 209.49114819287962, "log10_alpha": 0.20626091619526843, "log10_colsample_bytree": -0.32851983197633217, "log10_eta": -0.7377416611452317, "log10_lambda": 0.06428708274088635, "log10_min_child_weight": 3.0105445342064074, "log10_subsample": -0.7140838936360699, "max_depth": 5.0, "num_boost_round": 6.0}, "datetime": {"datetime": "2024-01-19 00:13:08", "elapsed": 95.984446, "delta": 0.000311}}
{"target": -13.78011129653311, "params": {"gamma": 209.49114819287962, "log10_alpha": 0.20626091619526843, "log10_colsample_bytree": -0.32851983197633217, "log10_eta": -0.7377416611452317, "log10_lambda": 0.06428708274088635, "log10_min_child_weight": 3.0105445342064074, "log10_subsample": -0.7140838936360699, "max_depth": 5.0, "num_boost_round": 7.0}, "datetime": {"datetime": "2024-01-19 00:13:08", "elapsed": 95.984772, "delta": 0.000326}}
{"target": -13.782617328413187, "params": {"gamma": 209.49114819287962, "log10_alpha": 0.20626091619526843, "log10_colsample_bytree": -0.32851983197633217, "log10_eta": -0.7377416611452317, "log10_lambda": 0.06428708274088635, "log10_min_child_weight": 3.0105445342064074, "log10_subsample": -0.7140838936360699, "max_depth": 5.0, "num_boost_round": 8.0}, "datetime": {"datetime": "2024-01-19 00:13:08", "elapsed": 95.985093, "delta": 0.000321}}
{"target": -13.781153455197527, "params": {"gamma": 209.49114819287962, "log10_alpha": 0.20626091619526843, "log10_colsample_bytree": -0.32851983197633217, "log10_eta": -0.7377416611452317, "log10_lambda": 0.06428708274088635, "log10_min_child_weight": 3.0105445342064074, "log10_subsample": -0.7140838936360699, "max_depth": 5.0, "num_boost_round": 9.0}, "datetime": {"datetime": "2024-01-19 00:13:08", "elapsed": 95.985526, "delta": 0.000433}}
{"target": -13.782177733600362, "params": {"gamma": 209.49114819287962, "log10_alpha": 0.20626091619526843, "log10_colsample_bytree": -0.32851983197633217, "log10_eta": -0.7377416611452317, "log10_lambda": 0.06428708274088635, "log10_min_child_weight": 3.0105445342064074, "log10_subsample": -0.7140838936360699, "max_depth": 5.0, "num_boost_round": 10.0}, "datetime": {"datetime": "2024-01-19 00:13:08", "elapsed": 95.985855, "delta": 0.000329}}
{"target": -13.779850832955221, "params": {"gamma": 209.49114819287962, "log10_alpha": 0.20626091619526843, "log10_colsample_bytree": -0.32851983197633217, "log10_eta": -0.7377416611452317, "log10_lambda": 0.06428708274088635, "log10_min_child_weight": 3.0105445342064074, "log10_subsample": -0.7140838936360699, "max_depth": 5.0, "num_boost_round": 11.0}, "datetime": {"datetime": "2024-01-19 00:13:08", "elapsed": 95.986178, "delta": 0.000323}}
{"target": -13.78003093328526, "params": {"gamma": 209.49114819287962, "log10_alpha": 0.20626091619526843, "log10_colsample_bytree": -0.32851983197633217, "log10_eta": -0.7377416611452317, "log10_lambda": 0.06428708274088635, "log10_min_child_weight": 3.0105445342064074, "log10_subsample": -0.7140838936360699, "max_depth": 5.0, "num_boost_round": 12.0}, "datetime": {"datetime": "2024-01-19 00:13:08", "elapsed": 95.986494, "delta": 0.000316}}
{"target": -13.795365415215688, "params": {"gamma": 209.49114819287962, "log10_alpha": 0.20626091619526843, "log10_colsample_bytree": -0.32851983197633217, "log10_eta": -0.7377416611452317, "log10_lambda": 0.06428708274088635, "log10_min_child_weight": 3.0105445342064074, "log10_subsample": -0.7140838936360699, "max_depth": 5.0, "num_boost_round": 13.0}, "datetime": {"datetime": "2024-01-19 00:13:08", "elapsed": 95.986816, "delta": 0.000322}}
{"target": -13.813667858602965, "params": {"gamma": 209.49114819287962, "log10_alpha": 0.20626091619526843, "log10_colsample_bytree": -0.32851983197633217, "log10_eta": -0.7377416611452317, "log10_lambda": 0.06428708274088635, "log10_min_child_weight": 3.0105445342064074, "log10_subsample": -0.7140838936360699, "max_depth": 5.0, "num_boost_round": 14.0}, "datetime": {"datetime": "2024-01-19 00:13:08", "elapsed": 95.987136, "delta": 0.00032}}
{"target": -13.819252607493679, "params": {"gamma": 209.49114819287962, "log10_alpha": 0.20626091619526843, "log10_colsample_bytree": -0.32851983197633217, "log10_eta": -0.7377416611452317, "log10_lambda": 0.06428708274088635, "log10_min_child_weight": 3.0105445342064074, "log10_subsample": -0.7140838936360699, "max_depth": 5.0, "num_boost_round": 15.0}, "datetime": {"datetime": "2024-01-19 00:13:08", "elapsed": 95.987458, "delta": 0.000322}}
{"target": -13.823522038542471, "params": {"gamma": 209.49114819287962, "log10_alpha": 0.20626091619526843, "log10_colsample_bytree": -0.32851983197633217, "log10_eta": -0.7377416611452317, "log10_lambda": 0.06428708274088635, "log10_min_child_weight": 3.0105445342064074, "log10_subsample": -0.7140838936360699, "max_depth": 5.0, "num_boost_round": 16.0}, "datetime": {"datetime": "2024-01-19 00:13:08", "elapsed": 95.987787, "delta": 0.000329}}
{"target": -13.827055926127398, "params": {"gamma": 209.49114819287962, "log10_alpha": 0.20626091619526843, "log10_colsample_bytree": -0.32851983197633217, "log10_eta": -0.7377416611452317, "log10_lambda": 0.06428708274088635, "log10_min_child_weight": 3.0105445342064074, "log10_subsample": -0.7140838936360699, "max_depth": 5.0, "num_boost_round": 17.0}, "datetime": {"datetime": "2024-01-19 00:13:08", "elapsed": 95.988117, "delta": 0.00033}}
{"target": -13.82840369587548, "params": {"gamma": 209.49114819287962, "log10_alpha": 0.20626091619526843, "log10_colsample_bytree": -0.32851983197633217, "log10_eta": -0.7377416611452317, "log10_lambda": 0.06428708274088635, "log10_min_child_weight": 3.0105445342064074, "log10_subsample": -0.7140838936360699, "max_depth": 5.0, "num_boost_round": 18.0}, "datetime": {"datetime": "2024-01-19 00:13:08", "elapsed": 95.988439, "delta": 0.000322}}
{"target": -13.830019668574522, "params": {"gamma": 209.49114819287962, "log10_alpha": 0.20626091619526843, "log10_colsample_bytree": -0.32851983197633217, "log10_eta": -0.7377416611452317, "log10_lambda": 0.06428708274088635, "log10_min_child_weight": 3.0105445342064074, "log10_subsample": -0.7140838936360699, "max_depth": 5.0, "num_boost_round": 19.0}, "datetime": {"datetime": "2024-01-19 00:13:08", "elapsed": 95.988781, "delta": 0.000342}}
{"target": -13.758526670573058, "params": {"gamma": 213.28034786182627, "log10_alpha": -4.61114207325717, "log10_colsample_bytree": -0.31850546833020565, "log10_eta": -3.3522848446565128, "log10_lambda": -4.072994451554044, "log10_min_child_weight": 2.3721476749241748, "log10_subsample": -0.3715415769914704, "max_depth": 3.0, "num_boost_round": 0.0}, "datetime": {"datetime": "2024-01-19 00:13:28", "elapsed": 115.653261, "delta": 19.66448}}
{"target": -13.758521442686003, "params": {"gamma": 213.28034786182627, "log10_alpha": -4.61114207325717, "log10_colsample_bytree": -0.31850546833020565, "log10_eta": -3.3522848446565128, "log10_lambda": -4.072994451554044, "log10_min_child_weight": 2.3721476749241748, "log10_subsample": -0.3715415769914704, "max_depth": 3.0, "num_boost_round": 1.0}, "datetime": {"datetime": "2024-01-19 00:13:28", "elapsed": 115.653762, "delta": 0.000501}}
{"target": -13.758521927494376, "params": {"gamma": 213.28034786182627, "log10_alpha": -4.61114207325717, "log10_colsample_bytree": -0.31850546833020565, "log10_eta": -3.3522848446565128, "log10_lambda": -4.072994451554044, "log10_min_child_weight": 2.3721476749241748, "log10_subsample": -0.3715415769914704, "max_depth": 3.0, "num_boost_round": 2.0}, "datetime": {"datetime": "2024-01-19 00:13:28", "elapsed": 115.654114, "delta": 0.000352}}
{"target": -13.758528249231363, "params": {"gamma": 213.28034786182627, "log10_alpha": -4.61114207325717, "log10_colsample_bytree": -0.31850546833020565, "log10_eta": -3.3522848446565128, "log10_lambda": -4.072994451554044, "log10_min_child_weight": 2.3721476749241748, "log10_subsample": -0.3715415769914704, "max_depth": 3.0, "num_boost_round": 3.0}, "datetime": {"datetime": "2024-01-19 00:13:28", "elapsed": 115.654451, "delta": 0.000337}}
{"target": -13.75852408907807, "params": {"gamma": 213.28034786182627, "log10_alpha": -4.61114207325717, "log10_colsample_bytree": -0.31850546833020565, "log10_eta": -3.3522848446565128, "log10_lambda": -4.072994451554044, "log10_min_child_weight": 2.3721476749241748, "log10_subsample": -0.3715415769914704, "max_depth": 3.0, "num_boost_round": 4.0}, "datetime": {"datetime": "2024-01-19 00:13:28", "elapsed": 115.654791, "delta": 0.00034}}
{"target": -13.75853068205691, "params": {"gamma": 213.28034786182627, "log10_alpha": -4.61114207325717, "log10_colsample_bytree": -0.31850546833020565, "log10_eta": -3.3522848446565128, "log10_lambda": -4.072994451554044, "log10_min_child_weight": 2.3721476749241748, "log10_subsample": -0.3715415769914704, "max_depth": 3.0, "num_boost_round": 5.0}, "datetime": {"datetime": "2024-01-19 00:13:28", "elapsed": 115.655126, "delta": 0.000335}}
{"target": -13.758523340972232, "params": {"gamma": 213.28034786182627, "log10_alpha": -4.61114207325717, "log10_colsample_bytree": -0.31850546833020565, "log10_eta": -3.3522848446565128, "log10_lambda": -4.072994451554044, "log10_min_child_weight": 2.3721476749241748, "log10_subsample": -0.3715415769914704, "max_depth": 3.0, "num_boost_round": 6.0}, "datetime": {"datetime": "2024-01-19 00:13:28", "elapsed": 115.655941, "delta": 0.000815}}
{"target": -13.758519334032222, "params": {"gamma": 213.28034786182627, "log10_alpha": -4.61114207325717, "log10_colsample_bytree": -0.31850546833020565, "log10_eta": -3.3522848446565128, "log10_lambda": -4.072994451554044, "log10_min_child_weight": 2.3721476749241748, "log10_subsample": -0.3715415769914704, "max_depth": 3.0, "num_boost_round": 7.0}, "datetime": {"datetime": "2024-01-19 00:13:28", "elapsed": 115.656291, "delta": 0.00035}}
{"target": -13.75851745547026, "params": {"gamma": 213.28034786182627, "log10_alpha": -4.61114207325717, "log10_colsample_bytree": -0.31850546833020565, "log10_eta": -3.3522848446565128, "log10_lambda": -4.072994451554044, "log10_min_child_weight": 2.3721476749241748, "log10_subsample": -0.3715415769914704, "max_depth": 3.0, "num_boost_round": 8.0}, "datetime": {"datetime": "2024-01-19 00:13:28", "elapsed": 115.656641, "delta": 0.00035}}
{"target": -13.758512897214704, "params": {"gamma": 213.28034786182627, "log10_alpha": -4.61114207325717, "log10_colsample_bytree": -0.31850546833020565, "log10_eta": -3.3522848446565128, "log10_lambda": -4.072994451554044, "log10_min_child_weight": 2.3721476749241748, "log10_subsample": -0.3715415769914704, "max_depth": 3.0, "num_boost_round": 9.0}, "datetime": {"datetime": "2024-01-19 00:13:28", "elapsed": 115.657056, "delta": 0.000415}}
{"target": -13.758511265034027, "params": {"gamma": 213.28034786182627, "log10_alpha": -4.61114207325717, "log10_colsample_bytree": -0.31850546833020565, "log10_eta": -3.3522848446565128, "log10_lambda": -4.072994451554044, "log10_min_child_weight": 2.3721476749241748, "log10_subsample": -0.3715415769914704, "max_depth": 3.0, "num_boost_round": 10.0}, "datetime": {"datetime": "2024-01-19 00:13:28", "elapsed": 115.657395, "delta": 0.000339}}
{"target": -13.758508473059898, "params": {"gamma": 213.28034786182627, "log10_alpha": -4.61114207325717, "log10_colsample_bytree": -0.31850546833020565, "log10_eta": -3.3522848446565128, "log10_lambda": -4.072994451554044, "log10_min_child_weight": 2.3721476749241748, "log10_subsample": -0.3715415769914704, "max_depth": 3.0, "num_boost_round": 11.0}, "datetime": {"datetime": "2024-01-19 00:13:28", "elapsed": 115.657737, "delta": 0.000342}}
{"target": -13.758506805717982, "params": {"gamma": 213.28034786182627, "log10_alpha": -4.61114207325717, "log10_colsample_bytree": -0.31850546833020565, "log10_eta": -3.3522848446565128, "log10_lambda": -4.072994451554044, "log10_min_child_weight": 2.3721476749241748, "log10_subsample": -0.3715415769914704, "max_depth": 3.0, "num_boost_round": 12.0}, "datetime": {"datetime": "2024-01-19 00:13:28", "elapsed": 115.658205, "delta": 0.000468}}
{"target": -13.758503687767217, "params": {"gamma": 213.28034786182627, "log10_alpha": -4.61114207325717, "log10_colsample_bytree": -0.31850546833020565, "log10_eta": -3.3522848446565128, "log10_lambda": -4.072994451554044, "log10_min_child_weight": 2.3721476749241748, "log10_subsample": -0.3715415769914704, "max_depth": 3.0, "num_boost_round": 13.0}, "datetime": {"datetime": "2024-01-19 00:13:28", "elapsed": 115.658554, "delta": 0.000349}}
{"target": -13.758502440226696, "params": {"gamma": 213.28034786182627, "log10_alpha": -4.61114207325717, "log10_colsample_bytree": -0.31850546833020565, "log10_eta": -3.3522848446565128, "log10_lambda": -4.072994451554044, "log10_min_child_weight": 2.3721476749241748, "log10_subsample": -0.3715415769914704, "max_depth": 3.0, "num_boost_round": 14.0}, "datetime": {"datetime": "2024-01-19 00:13:28", "elapsed": 115.658904, "delta": 0.00035}}
