{"target": -17.67723243684131, "params": {"gamma": 151.40049567251646, "log10_alpha": -2.8892669428889253, "log10_colsample_bytree": -0.8812118184796242, "log10_eta": -3.9186987653002805, "log10_lambda": -2.264707713050681, "log10_min_child_weight": 3.8516302388166306, "log10_subsample": -0.7067440174184648, "max_depth": 9.0, "num_boost_round": 2.0}, "datetime": {"datetime": "2024-01-19 00:30:05", "elapsed": 1090.209997, "delta": 0.002046}}
{"target": -17.677231100704304, "params": {"gamma": 151.40049567251646, "log10_alpha": -2.8892669428889253, "log10_colsample_bytree": -0.8812118184796242, "log10_eta": -3.9186987653002805, "log10_lambda": -2.264707713050681, "log10_min_child_weight": 3.8516302388166306, "log10_subsample": -0.7067440174184648, "max_depth": 9.0, "num_boost_round": 3.0}, "datetime": {"datetime": "2024-01-19 00:30:05", "elapsed": 1090.211745, "delta": 0.001748}}
{"target": -17.677229860238185, "params": {"gamma": 151.40049567251646, "log10_alpha": -2.8892669428889253, "log10_colsample_bytree": -0.8812118184796242, "log10_eta": -3.9186987653002805, "log10_lambda": -2.264707713050681, "log10_min_child_weight": 3.8516302388166306, "log10_subsample": -0.7067440174184648, "max_depth": 9.0, "num_boost_round": 4.0}, "datetime": {"datetime": "2024-01-19 00:30:05", "elapsed": 1090.213436, "delta": 0.001691}}
{"target": -17.67723012783909, "params": {"gamma": 151.40049567251646, "log10_alpha": -2.8892669428889253, "log10_colsample_bytree": -0.8812118184796242, "log10_eta": -3.9186987653002805, "log10_lambda": -2.264707713050681, "log10_min_child_weight": 3.8516302388166306, "log10_subsample": -0.7067440174184648, "max_depth": 9.0, "num_boost_round": 5.0}, "datetime": {"datetime": "2024-01-19 00:30:05", "elapsed": 1090.215117, "delta": 0.001681}}
{"target": -17.677230668816406, "params": {"gamma": 151.40049567251646, "log10_alpha": -2.8892669428889253, "log10_colsample_bytree": -0.8812118184796242, "log10_eta": -3.9186987653002805, "log10_lambda": -2.264707713050681, "log10_min_child_weight": 3.8516302388166306, "log10_subsample": -0.7067440174184648, "max_depth": 9.0, "num_boost_round": 6.0}, "datetime": {"datetime": "2024-01-19 00:30:05", "elapsed": 1090.216807, "delta": 0.00169}}
{"target": -17.677227869148606, "params": {"gamma": 151.40049567251646, "log10_alpha": -2.8892669428889253, "log10_colsample_bytree": -0.8812118184796242, "log10_eta": -3.9186987653002805, "log10_lambda": -2.264707713050681, "log10_min_child_weight": 3.8516302388166306, "log10_subsample": -0.7067440174184648, "max_depth": 9.0, "num_boost_round": 7.0}, "datetime": {"datetime": "2024-01-19 00:30:05", "elapsed": 1090.218602, "delta": 0.001795}}
{"target": -17.677227360501117, "params": {"gamma": 151.40049567251646, "log10_alpha": -2.8892669428889253, "log10_colsample_bytree": -0.8812118184796242, "log10_eta": -3.9186987653002805, "log10_lambda": -2.264707713050681, "log10_min_child_weight": 3.8516302388166306, "log10_subsample": -0.7067440174184648, "max_depth": 9.0, "num_boost_round": 8.0}, "datetime": {"datetime": "2024-01-19 00:30:05", "elapsed": 1090.220282, "delta": 0.00168}}
{"target": -17.677228131290875, "params": {"gamma": 151.40049567251646, "log10_alpha": -2.8892669428889253, "log10_colsample_bytree": -0.8812118184796242, "log10_eta": -3.9186987653002805, "log10_lambda": -2.264707713050681, "log10_min_child_weight": 3.8516302388166306, "log10_subsample": -0.7067440174184648, "max_depth": 9.0, "num_boost_round": 9.0}, "datetime": {"datetime": "2024-01-19 00:30:05", "elapsed": 1090.221965, "delta": 0.001683}}
{"target": -17.677227664924843, "params": {"gamma": 151.40049567251646, "log10_alpha": -2.8892669428889253, "log10_colsample_bytree": -0.8812118184796242, "log10_eta": -3.9186987653002805, "log10_lambda": -2.264707713050681, "log10_min_child_weight": 3.8516302388166306, "log10_subsample": -0.7067440174184648, "max_depth": 9.0, "num_boost_round": 10.0}, "datetime": {"datetime": "2024-01-19 00:30:05", "elapsed": 1090.223644, "delta": 0.001679}}
{"target": -17.67722680025158, "params": {"gamma": 151.40049567251646, "log10_alpha": -2.8892669428889253, "log10_colsample_bytree": -0.8812118184796242, "log10_eta": -3.9186987653002805, "log10_lambda": -2.264707713050681, "log10_min_child_weight": 3.8516302388166306, "log10_subsample": -0.7067440174184648, "max_depth": 9.0, "num_boost_round": 11.0}, "datetime": {"datetime": "2024-01-19 00:30:05", "elapsed": 1090.225324, "delta": 0.00168}}
{"target": -17.67722670414044, "params": {"gamma": 151.40049567251646, "log10_alpha": -2.8892669428889253, "log10_colsample_bytree": -0.8812118184796242, "log10_eta": -3.9186987653002805, "log10_lambda": -2.264707713050681, "log10_min_child_weight": 3.8516302388166306, "log10_subsample": -0.7067440174184648, "max_depth": 9.0, "num_boost_round": 12.0}, "datetime": {"datetime": "2024-01-19 00:30:05", "elapsed": 1090.227113, "delta": 0.001789}}
{"target": -17.67722510090472, "params": {"gamma": 151.40049567251646, "log10_alpha": -2.8892669428889253, "log10_colsample_bytree": -0.8812118184796242, "log10_eta": -3.9186987653002805, "log10_lambda": -2.264707713050681, "log10_min_child_weight": 3.8516302388166306, "log10_subsample": -0.7067440174184648, "max_depth": 9.0, "num_boost_round": 13.0}, "datetime": {"datetime": "2024-01-19 00:30:05", "elapsed": 1090.228779, "delta": 0.001666}}
{"target": -17.6772254230341, "params": {"gamma": 151.40049567251646, "log10_alpha": -2.8892669428889253, "log10_colsample_bytree": -0.8812118184796242, "log10_eta": -3.9186987653002805, "log10_lambda": -2.264707713050681, "log10_min_child_weight": 3.8516302388166306, "log10_subsample": -0.7067440174184648, "max_depth": 9.0, "num_boost_round": 14.0}, "datetime": {"datetime": "2024-01-19 00:30:05", "elapsed": 1090.230447, "delta": 0.001668}}
{"target": -17.677224759645128, "params": {"gamma": 151.40049567251646, "log10_alpha": -2.8892669428889253, "log10_colsample_bytree": -0.8812118184796242, "log10_eta": -3.9186987653002805, "log10_lambda": -2.264707713050681, "log10_min_child_weight": 3.8516302388166306, "log10_subsample": -0.7067440174184648, "max_depth": 9.0, "num_boost_round": 15.0}, "datetime": {"datetime": "2024-01-19 00:30:05", "elapsed": 1090.23211, "delta": 0.001663}}
{"target": -17.677225251546627, "params": {"gamma": 151.40049567251646, "log10_alpha": -2.8892669428889253, "log10_colsample_bytree": -0.8812118184796242, "log10_eta": -3.9186987653002805, "log10_lambda": -2.264707713050681, "log10_min_child_weight": 3.8516302388166306, "log10_subsample": -0.7067440174184648, "max_depth": 9.0, "num_boost_round": 16.0}, "datetime": {"datetime": "2024-01-19 00:30:05", "elapsed": 1090.233792, "delta": 0.001682}}
{"target": -17.67722383170575, "params": {"gamma": 151.40049567251646, "log10_alpha": -2.8892669428889253, "log10_colsample_bytree": -0.8812118184796242, "log10_eta": -3.9186987653002805, "log10_lambda": -2.264707713050681, "log10_min_child_weight": 3.8516302388166306, "log10_subsample": -0.7067440174184648, "max_depth": 9.0, "num_boost_round": 17.0}, "datetime": {"datetime": "2024-01-19 00:30:05", "elapsed": 1090.235439, "delta": 0.001647}}
{"target": -17.677221386820868, "params": {"gamma": 151.40049567251646, "log10_alpha": -2.8892669428889253, "log10_colsample_bytree": -0.8812118184796242, "log10_eta": -3.9186987653002805, "log10_lambda": -2.264707713050681, "log10_min_child_weight": 3.8516302388166306, "log10_subsample": -0.7067440174184648, "max_depth": 9.0, "num_boost_round": 18.0}, "datetime": {"datetime": "2024-01-19 00:30:05", "elapsed": 1090.237079, "delta": 0.00164}}
{"target": -17.677218332263692, "params": {"gamma": 151.40049567251646, "log10_alpha": -2.8892669428889253, "log10_colsample_bytree": -0.8812118184796242, "log10_eta": -3.9186987653002805, "log10_lambda": -2.264707713050681, "log10_min_child_weight": 3.8516302388166306, "log10_subsample": -0.7067440174184648, "max_depth": 9.0, "num_boost_round": 19.0}, "datetime": {"datetime": "2024-01-19 00:30:05", "elapsed": 1090.238877, "delta": 0.001798}}
{"target": -17.677216765350686, "params": {"gamma": 151.40049567251646, "log10_alpha": -2.8892669428889253, "log10_colsample_bytree": -0.8812118184796242, "log10_eta": -3.9186987653002805, "log10_lambda": -2.264707713050681, "log10_min_child_weight": 3.8516302388166306, "log10_subsample": -0.7067440174184648, "max_depth": 9.0, "num_boost_round": 20.0}, "datetime": {"datetime": "2024-01-19 00:30:05", "elapsed": 1090.240843, "delta": 0.001966}}
{"target": -17.677217753326165, "params": {"gamma": 151.40049567251646, "log10_alpha": -2.8892669428889253, "log10_colsample_bytree": -0.8812118184796242, "log10_eta": -3.9186987653002805, "log10_lambda": -2.264707713050681, "log10_min_child_weight": 3.8516302388166306, "log10_subsample": -0.7067440174184648, "max_depth": 9.0, "num_boost_round": 21.0}, "datetime": {"datetime": "2024-01-19 00:30:05", "elapsed": 1090.242672, "delta": 0.001829}}
{"target": -17.677216069054037, "params": {"gamma": 151.40049567251646, "log10_alpha": -2.8892669428889253, "log10_colsample_bytree": -0.8812118184796242, "log10_eta": -3.9186987653002805, "log10_lambda": -2.264707713050681, "log10_min_child_weight": 3.8516302388166306, "log10_subsample": -0.7067440174184648, "max_depth": 9.0, "num_boost_round": 22.0}, "datetime": {"datetime": "2024-01-19 00:30:05", "elapsed": 1090.244473, "delta": 0.001801}}
{"target": -17.677215931890476, "params": {"gamma": 151.40049567251646, "log10_alpha": -2.8892669428889253, "log10_colsample_bytree": -0.8812118184796242, "log10_eta": -3.9186987653002805, "log10_lambda": -2.264707713050681, "log10_min_child_weight": 3.8516302388166306, "log10_subsample": -0.7067440174184648, "max_depth": 9.0, "num_boost_round": 23.0}, "datetime": {"datetime": "2024-01-19 00:30:05", "elapsed": 1090.246159, "delta": 0.001686}}
{"target": -17.677214267465818, "params": {"gamma": 151.40049567251646, "log10_alpha": -2.8892669428889253, "log10_colsample_bytree": -0.8812118184796242, "log10_eta": -3.9186987653002805, "log10_lambda": -2.264707713050681, "log10_min_child_weight": 3.8516302388166306, "log10_subsample": -0.7067440174184648, "max_depth": 9.0, "num_boost_round": 24.0}, "datetime": {"datetime": "2024-01-19 00:30:05", "elapsed": 1090.247886, "delta": 0.001727}}
{"target": -17.677213085887853, "params": {"gamma": 151.40049567251646, "log10_alpha": -2.8892669428889253, "log10_colsample_bytree": -0.8812118184796242, "log10_eta": -3.9186987653002805, "log10_lambda": -2.264707713050681, "log10_min_child_weight": 3.8516302388166306, "log10_subsample": -0.7067440174184648, "max_depth": 9.0, "num_boost_round": 25.0}, "datetime": {"datetime": "2024-01-19 00:30:05", "elapsed": 1090.24956, "delta": 0.001674}}
{"target": -17.677212929958717, "params": {"gamma": 151.40049567251646, "log10_alpha": -2.8892669428889253, "log10_colsample_bytree": -0.8812118184796242, "log10_eta": -3.9186987653002805, "log10_lambda": -2.264707713050681, "log10_min_child_weight": 3.8516302388166306, "log10_subsample": -0.7067440174184648, "max_depth": 9.0, "num_boost_round": 26.0}, "datetime": {"datetime": "2024-01-19 00:30:05", "elapsed": 1090.251273, "delta": 0.001713}}
{"target": -17.677208938786684, "params": {"gamma": 151.40049567251646, "log10_alpha": -2.8892669428889253, "log10_colsample_bytree": -0.8812118184796242, "log10_eta": -3.9186987653002805, "log10_lambda": -2.264707713050681, "log10_min_child_weight": 3.8516302388166306, "log10_subsample": -0.7067440174184648, "max_depth": 9.0, "num_boost_round": 27.0}, "datetime": {"datetime": "2024-01-19 00:30:05", "elapsed": 1090.253022, "delta": 0.001749}}
{"target": -17.67720708901836, "params": {"gamma": 151.40049567251646, "log10_alpha": -2.8892669428889253, "log10_colsample_bytree": -0.8812118184796242, "log10_eta": -3.9186987653002805, "log10_lambda": -2.264707713050681, "log10_min_child_weight": 3.8516302388166306, "log10_subsample": -0.7067440174184648, "max_depth": 9.0, "num_boost_round": 28.0}, "datetime": {"datetime": "2024-01-19 00:30:05", "elapsed": 1090.254787, "delta": 0.001765}}
{"target": -17.677204897369386, "params": {"gamma": 151.40049567251646, "log10_alpha": -2.8892669428889253, "log10_colsample_bytree": -0.8812118184796242, "log10_eta": -3.9186987653002805, "log10_lambda": -2.264707713050681, "log10_min_child_weight": 3.8516302388166306, "log10_subsample": -0.7067440174184648, "max_depth": 9.0, "num_boost_round": 29.0}, "datetime": {"datetime": "2024-01-19 00:30:05", "elapsed": 1090.256511, "delta": 0.001724}}
{"target": -17.677203920289923, "params": {"gamma": 151.40049567251646, "log10_alpha": -2.8892669428889253, "log10_colsample_bytree": -0.8812118184796242, "log10_eta": -3.9186987653002805, "log10_lambda": -2.264707713050681, "log10_min_child_weight": 3.8516302388166306, "log10_subsample": -0.7067440174184648, "max_depth": 9.0, "num_boost_round": 30.0}, "datetime": {"datetime": "2024-01-19 00:30:05", "elapsed": 1090.258248, "delta": 0.001737}}
{"target": -17.677202437935655, "params": {"gamma": 151.40049567251646, "log10_alpha": -2.8892669428889253, "log10_colsample_bytree": -0.8812118184796242, "log10_eta": -3.9186987653002805, "log10_lambda": -2.264707713050681, "log10_min_child_weight": 3.8516302388166306, "log10_subsample": -0.7067440174184648, "max_depth": 9.0, "num_boost_round": 31.0}, "datetime": {"datetime": "2024-01-19 00:30:05", "elapsed": 1090.259997, "delta": 0.001749}}
{"target": -17.677205826245192, "params": {"gamma": 151.40049567251646, "log10_alpha": -2.8892669428889253, "log10_colsample_bytree": -0.8812118184796242, "log10_eta": -3.9186987653002805, "log10_lambda": -2.264707713050681, "log10_min_child_weight": 3.8516302388166306, "log10_subsample": -0.7067440174184648, "max_depth": 9.0, "num_boost_round": 32.0}, "datetime": {"datetime": "2024-01-19 00:30:05", "elapsed": 1090.26181, "delta": 0.001813}}
{"target": -17.677205627191086, "params": {"gamma": 151.40049567251646, "log10_alpha": -2.8892669428889253, "log10_colsample_bytree": -0.8812118184796242, "log10_eta": -3.9186987653002805, "log10_lambda": -2.264707713050681, "log10_min_child_weight": 3.8516302388166306, "log10_subsample": -0.7067440174184648, "max_depth": 9.0, "num_boost_round": 33.0}, "datetime": {"datetime": "2024-01-19 00:30:05", "elapsed": 1090.263549, "delta": 0.001739}}
{"target": -17.677205068098004, "params": {"gamma": 151.40049567251646, "log10_alpha": -2.8892669428889253, "log10_colsample_bytree": -0.8812118184796242, "log10_eta": -3.9186987653002805, "log10_lambda": -2.264707713050681, "log10_min_child_weight": 3.8516302388166306, "log10_subsample": -0.7067440174184648, "max_depth": 9.0, "num_boost_round": 34.0}, "datetime": {"datetime": "2024-01-19 00:30:05", "elapsed": 1090.265248, "delta": 0.001699}}
{"target": -17.677203496100407, "params": {"gamma": 151.40049567251646, "log10_alpha": -2.8892669428889253, "log10_colsample_bytree": -0.8812118184796242, "log10_eta": -3.9186987653002805, "log10_lambda": -2.264707713050681, "log10_min_child_weight": 3.8516302388166306, "log10_subsample": -0.7067440174184648, "max_depth": 9.0, "num_boost_round": 35.0}, "datetime": {"datetime": "2024-01-19 00:30:05", "elapsed": 1090.266969, "delta": 0.001721}}
{"target": -17.677205096251168, "params": {"gamma": 151.40049567251646, "log10_alpha": -2.8892669428889253, "log10_colsample_bytree": -0.8812118184796242, "log10_eta": -3.9186987653002805, "log10_lambda": -2.264707713050681, "log10_min_child_weight": 3.8516302388166306, "log10_subsample": -0.7067440174184648, "max_depth": 9.0, "num_boost_round": 36.0}, "datetime": {"datetime": "2024-01-19 00:30:05", "elapsed": 1090.268701, "delta": 0.001732}}
{"target": -17.677204723256107, "params": {"gamma": 151.40049567251646, "log10_alpha": -2.8892669428889253, "log10_colsample_bytree": -0.8812118184796242, "log10_eta": -3.9186987653002805, "log10_lambda": -2.264707713050681, "log10_min_child_weight": 3.8516302388166306, "log10_subsample": -0.7067440174184648, "max_depth": 9.0, "num_boost_round": 37.0}, "datetime": {"datetime": "2024-01-19 00:30:05", "elapsed": 1090.270437, "delta": 0.001736}}
{"target": -17.677202986738752, "params": {"gamma": 151.40049567251646, "log10_alpha": -2.8892669428889253, "log10_colsample_bytree": -0.8812118184796242, "log10_eta": -3.9186987653002805, "log10_lambda": -2.264707713050681, "log10_min_child_weight": 3.8516302388166306, "log10_subsample": -0.7067440174184648, "max_depth": 9.0, "num_boost_round": 38.0}, "datetime": {"datetime": "2024-01-19 00:30:05", "elapsed": 1090.272188, "delta": 0.001751}}
{"target": -17.677202710960497, "params": {"gamma": 151.40049567251646, "log10_alpha": -2.8892669428889253, "log10_colsample_bytree": -0.8812118184796242, "log10_eta": -3.9186987653002805, "log10_lambda": -2.264707713050681, "log10_min_child_weight": 3.8516302388166306, "log10_subsample": -0.7067440174184648, "max_depth": 9.0, "num_boost_round": 39.0}, "datetime": {"datetime": "2024-01-19 00:30:05", "elapsed": 1090.273976, "delta": 0.001788}}
{"target": -17.675976610837235, "params": {"gamma": 153.73589748009505, "log10_alpha": 1.0, "log10_colsample_bytree": -1.0, "log10_eta": 0.0, "log10_lambda": 1.0, "log10_min_child_weight": 5.0, "log10_subsample": 0.0, "max_depth": 2.0, "num_boost_round": 0.0}, "datetime": {"datetime": "2024-01-19 00:30:34", "elapsed": 1119.468991, "delta": 29.195015}}
{"target": -17.684532492421333, "params": {"gamma": 153.73589748009505, "log10_alpha": 1.0, "log10_colsample_bytree": -1.0, "log10_eta": 0.0, "log10_lambda": 1.0, "log10_min_child_weight": 5.0, "log10_subsample": 0.0, "max_depth": 2.0, "num_boost_round": 1.0}, "datetime": {"datetime": "2024-01-19 00:30:34", "elapsed": 1119.471347, "delta": 0.002356}}
{"target": -17.682921448308544, "params": {"gamma": 153.73589748009505, "log10_alpha": 1.0, "log10_colsample_bytree": -1.0, "log10_eta": 0.0, "log10_lambda": 1.0, "log10_min_child_weight": 5.0, "log10_subsample": 0.0, "max_depth": 2.0, "num_boost_round": 2.0}, "datetime": {"datetime": "2024-01-19 00:30:34", "elapsed": 1119.473171, "delta": 0.001824}}
{"target": -17.689829362998456, "params": {"gamma": 153.73589748009505, "log10_alpha": 1.0, "log10_colsample_bytree": -1.0, "log10_eta": 0.0, "log10_lambda": 1.0, "log10_min_child_weight": 5.0, "log10_subsample": 0.0, "max_depth": 2.0, "num_boost_round": 3.0}, "datetime": {"datetime": "2024-01-19 00:30:34", "elapsed": 1119.474826, "delta": 0.001655}}
{"target": -17.7020741799705, "params": {"gamma": 153.73589748009505, "log10_alpha": 1.0, "log10_colsample_bytree": -1.0, "log10_eta": 0.0, "log10_lambda": 1.0, "log10_min_child_weight": 5.0, "log10_subsample": 0.0, "max_depth": 2.0, "num_boost_round": 4.0}, "datetime": {"datetime": "2024-01-19 00:30:34", "elapsed": 1119.476565, "delta": 0.001739}}
{"target": -17.701576924946618, "params": {"gamma": 153.73589748009505, "log10_alpha": 1.0, "log10_colsample_bytree": -1.0, "log10_eta": 0.0, "log10_lambda": 1.0, "log10_min_child_weight": 5.0, "log10_subsample": 0.0, "max_depth": 2.0, "num_boost_round": 5.0}, "datetime": {"datetime": "2024-01-19 00:30:34", "elapsed": 1119.478284, "delta": 0.001719}}
{"target": -17.70203936594727, "params": {"gamma": 153.73589748009505, "log10_alpha": 1.0, "log10_colsample_bytree": -1.0, "log10_eta": 0.0, "log10_lambda": 1.0, "log10_min_child_weight": 5.0, "log10_subsample": 0.0, "max_depth": 2.0, "num_boost_round": 6.0}, "datetime": {"datetime": "2024-01-19 00:30:34", "elapsed": 1119.480071, "delta": 0.001787}}
{"target": -17.70349484868293, "params": {"gamma": 153.73589748009505, "log10_alpha": 1.0, "log10_colsample_bytree": -1.0, "log10_eta": 0.0, "log10_lambda": 1.0, "log10_min_child_weight": 5.0, "log10_subsample": 0.0, "max_depth": 2.0, "num_boost_round": 7.0}, "datetime": {"datetime": "2024-01-19 00:30:34", "elapsed": 1119.481723, "delta": 0.001652}}
{"target": -17.721111425526118, "params": {"gamma": 153.73589748009505, "log10_alpha": 1.0, "log10_colsample_bytree": -1.0, "log10_eta": 0.0, "log10_lambda": 1.0, "log10_min_child_weight": 5.0, "log10_subsample": 0.0, "max_depth": 2.0, "num_boost_round": 8.0}, "datetime": {"datetime": "2024-01-19 00:30:34", "elapsed": 1119.483415, "delta": 0.001692}}
{"target": -17.731906879324708, "params": {"gamma": 153.73589748009505, "log10_alpha": 1.0, "log10_colsample_bytree": -1.0, "log10_eta": 0.0, "log10_lambda": 1.0, "log10_min_child_weight": 5.0, "log10_subsample": 0.0, "max_depth": 2.0, "num_boost_round": 9.0}, "datetime": {"datetime": "2024-01-19 00:30:34", "elapsed": 1119.485114, "delta": 0.001699}}
{"target": -17.738658764411344, "params": {"gamma": 153.73589748009505, "log10_alpha": 1.0, "log10_colsample_bytree": -1.0, "log10_eta": 0.0, "log10_lambda": 1.0, "log10_min_child_weight": 5.0, "log10_subsample": 0.0, "max_depth": 2.0, "num_boost_round": 10.0}, "datetime": {"datetime": "2024-01-19 00:30:34", "elapsed": 1119.48681, "delta": 0.001696}}
{"target": -17.730920075089188, "params": {"gamma": 153.73589748009505, "log10_alpha": 1.0, "log10_colsample_bytree": -1.0, "log10_eta": 0.0, "log10_lambda": 1.0, "log10_min_child_weight": 5.0, "log10_subsample": 0.0, "max_depth": 2.0, "num_boost_round": 11.0}, "datetime": {"datetime": "2024-01-19 00:30:34", "elapsed": 1119.488668, "delta": 0.001858}}
{"target": -17.73087673497632, "params": {"gamma": 153.73589748009505, "log10_alpha": 1.0, "log10_colsample_bytree": -1.0, "log10_eta": 0.0, "log10_lambda": 1.0, "log10_min_child_weight": 5.0, "log10_subsample": 0.0, "max_depth": 2.0, "num_boost_round": 12.0}, "datetime": {"datetime": "2024-01-19 00:30:34", "elapsed": 1119.490507, "delta": 0.001839}}
{"target": -17.730545271548973, "params": {"gamma": 153.73589748009505, "log10_alpha": 1.0, "log10_colsample_bytree": -1.0, "log10_eta": 0.0, "log10_lambda": 1.0, "log10_min_child_weight": 5.0, "log10_subsample": 0.0, "max_depth": 2.0, "num_boost_round": 13.0}, "datetime": {"datetime": "2024-01-19 00:30:34", "elapsed": 1119.492252, "delta": 0.001745}}
