{"target": -13.758555395284342, "params": {"gamma": 939.2105801705982, "log10_alpha": -3.26691258707183, "log10_colsample_bytree": -0.07963021243752755, "log10_eta": -3.2191231545370522, "log10_lambda": -0.6613787127294453, "log10_min_child_weight": 3.0834834096016097, "log10_subsample": -0.14498301204998643, "max_depth": 6.0, "num_boost_round": 26.0}, "datetime": {"datetime": "2024-01-19 01:06:29", "elapsed": 3290.424933, "delta": 0.004079}}
{"target": -13.758530485286535, "params": {"gamma": 939.2105801705982, "log10_alpha": -3.26691258707183, "log10_colsample_bytree": -0.07963021243752755, "log10_eta": -3.2191231545370522, "log10_lambda": -0.6613787127294453, "log10_min_child_weight": 3.0834834096016097, "log10_subsample": -0.14498301204998643, "max_depth": 6.0, "num_boost_round": 27.0}, "datetime": {"datetime": "2024-01-19 01:06:29", "elapsed": 3290.429041, "delta": 0.004108}}
{"target": -13.758542756716537, "params": {"gamma": 939.2105801705982, "log10_alpha": -3.26691258707183, "log10_colsample_bytree": -0.07963021243752755, "log10_eta": -3.2191231545370522, "log10_lambda": -0.6613787127294453, "log10_min_child_weight": 3.0834834096016097, "log10_subsample": -0.14498301204998643, "max_depth": 6.0, "num_boost_round": 28.0}, "datetime": {"datetime": "2024-01-19 01:06:29", "elapsed": 3290.433187, "delta": 0.004146}}
{"target": -13.758533306868282, "params": {"gamma": 939.2105801705982, "log10_alpha": -3.26691258707183, "log10_colsample_bytree": -0.07963021243752755, "log10_eta": -3.2191231545370522, "log10_lambda": -0.6613787127294453, "log10_min_child_weight": 3.0834834096016097, "log10_subsample": -0.14498301204998643, "max_depth": 6.0, "num_boost_round": 29.0}, "datetime": {"datetime": "2024-01-19 01:06:29", "elapsed": 3290.437245, "delta": 0.004058}}
{"target": -13.75854597844079, "params": {"gamma": 939.2105801705982, "log10_alpha": -3.26691258707183, "log10_colsample_bytree": -0.07963021243752755, "log10_eta": -3.2191231545370522, "log10_lambda": -0.6613787127294453, "log10_min_child_weight": 3.0834834096016097, "log10_subsample": -0.14498301204998643, "max_depth": 6.0, "num_boost_round": 30.0}, "datetime": {"datetime": "2024-01-19 01:06:29", "elapsed": 3290.441316, "delta": 0.004071}}
{"target": -13.75855700343687, "params": {"gamma": 939.2105801705982, "log10_alpha": -3.26691258707183, "log10_colsample_bytree": -0.07963021243752755, "log10_eta": -3.2191231545370522, "log10_lambda": -0.6613787127294453, "log10_min_child_weight": 3.0834834096016097, "log10_subsample": -0.14498301204998643, "max_depth": 6.0, "num_boost_round": 31.0}, "datetime": {"datetime": "2024-01-19 01:06:29", "elapsed": 3290.44544, "delta": 0.004124}}
{"target": -13.758572981021462, "params": {"gamma": 939.2105801705982, "log10_alpha": -3.26691258707183, "log10_colsample_bytree": -0.07963021243752755, "log10_eta": -3.2191231545370522, "log10_lambda": -0.6613787127294453, "log10_min_child_weight": 3.0834834096016097, "log10_subsample": -0.14498301204998643, "max_depth": 6.0, "num_boost_round": 32.0}, "datetime": {"datetime": "2024-01-19 01:06:29", "elapsed": 3290.44953, "delta": 0.00409}}
{"target": -13.758560343463483, "params": {"gamma": 939.2105801705982, "log10_alpha": -3.26691258707183, "log10_colsample_bytree": -0.07963021243752755, "log10_eta": -3.2191231545370522, "log10_lambda": -0.6613787127294453, "log10_min_child_weight": 3.0834834096016097, "log10_subsample": -0.14498301204998643, "max_depth": 6.0, "num_boost_round": 33.0}, "datetime": {"datetime": "2024-01-19 01:06:29", "elapsed": 3290.453588, "delta": 0.004058}}
{"target": -13.758564478256705, "params": {"gamma": 939.2105801705982, "log10_alpha": -3.26691258707183, "log10_colsample_bytree": -0.07963021243752755, "log10_eta": -3.2191231545370522, "log10_lambda": -0.6613787127294453, "log10_min_child_weight": 3.0834834096016097, "log10_subsample": -0.14498301204998643, "max_depth": 6.0, "num_boost_round": 34.0}, "datetime": {"datetime": "2024-01-19 01:06:29", "elapsed": 3290.457699, "delta": 0.004111}}
{"target": -13.75857990343489, "params": {"gamma": 939.2105801705982, "log10_alpha": -3.26691258707183, "log10_colsample_bytree": -0.07963021243752755, "log10_eta": -3.2191231545370522, "log10_lambda": -0.6613787127294453, "log10_min_child_weight": 3.0834834096016097, "log10_subsample": -0.14498301204998643, "max_depth": 6.0, "num_boost_round": 35.0}, "datetime": {"datetime": "2024-01-19 01:06:29", "elapsed": 3290.461787, "delta": 0.004088}}
{"target": -13.758580106696982, "params": {"gamma": 939.2105801705982, "log10_alpha": -3.26691258707183, "log10_colsample_bytree": -0.07963021243752755, "log10_eta": -3.2191231545370522, "log10_lambda": -0.6613787127294453, "log10_min_child_weight": 3.0834834096016097, "log10_subsample": -0.14498301204998643, "max_depth": 6.0, "num_boost_round": 36.0}, "datetime": {"datetime": "2024-01-19 01:06:29", "elapsed": 3290.465889, "delta": 0.004102}}
{"target": -13.758586089875143, "params": {"gamma": 939.2105801705982, "log10_alpha": -3.26691258707183, "log10_colsample_bytree": -0.07963021243752755, "log10_eta": -3.2191231545370522, "log10_lambda": -0.6613787127294453, "log10_min_child_weight": 3.0834834096016097, "log10_subsample": -0.14498301204998643, "max_depth": 6.0, "num_boost_round": 37.0}, "datetime": {"datetime": "2024-01-19 01:06:29", "elapsed": 3290.470635, "delta": 0.004746}}
{"target": -13.758591467979352, "params": {"gamma": 939.2105801705982, "log10_alpha": -3.26691258707183, "log10_colsample_bytree": -0.07963021243752755, "log10_eta": -3.2191231545370522, "log10_lambda": -0.6613787127294453, "log10_min_child_weight": 3.0834834096016097, "log10_subsample": -0.14498301204998643, "max_depth": 6.0, "num_boost_round": 38.0}, "datetime": {"datetime": "2024-01-19 01:06:29", "elapsed": 3290.474771, "delta": 0.004136}}
{"target": -13.758598430288396, "params": {"gamma": 939.2105801705982, "log10_alpha": -3.26691258707183, "log10_colsample_bytree": -0.07963021243752755, "log10_eta": -3.2191231545370522, "log10_lambda": -0.6613787127294453, "log10_min_child_weight": 3.0834834096016097, "log10_subsample": -0.14498301204998643, "max_depth": 6.0, "num_boost_round": 39.0}, "datetime": {"datetime": "2024-01-19 01:06:29", "elapsed": 3290.478906, "delta": 0.004135}}
{"target": -13.758601823982437, "params": {"gamma": 939.2105801705982, "log10_alpha": -3.26691258707183, "log10_colsample_bytree": -0.07963021243752755, "log10_eta": -3.2191231545370522, "log10_lambda": -0.6613787127294453, "log10_min_child_weight": 3.0834834096016097, "log10_subsample": -0.14498301204998643, "max_depth": 6.0, "num_boost_round": 40.0}, "datetime": {"datetime": "2024-01-19 01:06:29", "elapsed": 3290.483094, "delta": 0.004188}}
{"target": -13.758603669411173, "params": {"gamma": 939.2105801705982, "log10_alpha": -3.26691258707183, "log10_colsample_bytree": -0.07963021243752755, "log10_eta": -3.2191231545370522, "log10_lambda": -0.6613787127294453, "log10_min_child_weight": 3.0834834096016097, "log10_subsample": -0.14498301204998643, "max_depth": 6.0, "num_boost_round": 41.0}, "datetime": {"datetime": "2024-01-19 01:06:29", "elapsed": 3290.487136, "delta": 0.004042}}
{"target": -13.758603528783771, "params": {"gamma": 939.2105801705982, "log10_alpha": -3.26691258707183, "log10_colsample_bytree": -0.07963021243752755, "log10_eta": -3.2191231545370522, "log10_lambda": -0.6613787127294453, "log10_min_child_weight": 3.0834834096016097, "log10_subsample": -0.14498301204998643, "max_depth": 6.0, "num_boost_round": 42.0}, "datetime": {"datetime": "2024-01-19 01:06:29", "elapsed": 3290.491228, "delta": 0.004092}}
{"target": -13.758610341664472, "params": {"gamma": 939.2105801705982, "log10_alpha": -3.26691258707183, "log10_colsample_bytree": -0.07963021243752755, "log10_eta": -3.2191231545370522, "log10_lambda": -0.6613787127294453, "log10_min_child_weight": 3.0834834096016097, "log10_subsample": -0.14498301204998643, "max_depth": 6.0, "num_boost_round": 43.0}, "datetime": {"datetime": "2024-01-19 01:06:29", "elapsed": 3290.49542, "delta": 0.004192}}
{"target": -13.758612943280827, "params": {"gamma": 939.2105801705982, "log10_alpha": -3.26691258707183, "log10_colsample_bytree": -0.07963021243752755, "log10_eta": -3.2191231545370522, "log10_lambda": -0.6613787127294453, "log10_min_child_weight": 3.0834834096016097, "log10_subsample": -0.14498301204998643, "max_depth": 6.0, "num_boost_round": 44.0}, "datetime": {"datetime": "2024-01-19 01:06:29", "elapsed": 3290.499511, "delta": 0.004091}}
{"target": -13.758605260693605, "params": {"gamma": 939.2105801705982, "log10_alpha": -3.26691258707183, "log10_colsample_bytree": -0.07963021243752755, "log10_eta": -3.2191231545370522, "log10_lambda": -0.6613787127294453, "log10_min_child_weight": 3.0834834096016097, "log10_subsample": -0.14498301204998643, "max_depth": 6.0, "num_boost_round": 45.0}, "datetime": {"datetime": "2024-01-19 01:06:29", "elapsed": 3290.503605, "delta": 0.004094}}
{"target": -13.758616062021323, "params": {"gamma": 939.2105801705982, "log10_alpha": -3.26691258707183, "log10_colsample_bytree": -0.07963021243752755, "log10_eta": -3.2191231545370522, "log10_lambda": -0.6613787127294453, "log10_min_child_weight": 3.0834834096016097, "log10_subsample": -0.14498301204998643, "max_depth": 6.0, "num_boost_round": 46.0}, "datetime": {"datetime": "2024-01-19 01:06:29", "elapsed": 3290.507756, "delta": 0.004151}}
{"target": -13.758610137575653, "params": {"gamma": 939.2105801705982, "log10_alpha": -3.26691258707183, "log10_colsample_bytree": -0.07963021243752755, "log10_eta": -3.2191231545370522, "log10_lambda": -0.6613787127294453, "log10_min_child_weight": 3.0834834096016097, "log10_subsample": -0.14498301204998643, "max_depth": 6.0, "num_boost_round": 47.0}, "datetime": {"datetime": "2024-01-19 01:06:29", "elapsed": 3290.511867, "delta": 0.004111}}
{"target": -13.758619632655426, "params": {"gamma": 939.2105801705982, "log10_alpha": -3.26691258707183, "log10_colsample_bytree": -0.07963021243752755, "log10_eta": -3.2191231545370522, "log10_lambda": -0.6613787127294453, "log10_min_child_weight": 3.0834834096016097, "log10_subsample": -0.14498301204998643, "max_depth": 6.0, "num_boost_round": 48.0}, "datetime": {"datetime": "2024-01-19 01:06:29", "elapsed": 3290.515976, "delta": 0.004109}}
{"target": -13.75861453032502, "params": {"gamma": 939.2105801705982, "log10_alpha": -3.26691258707183, "log10_colsample_bytree": -0.07963021243752755, "log10_eta": -3.2191231545370522, "log10_lambda": -0.6613787127294453, "log10_min_child_weight": 3.0834834096016097, "log10_subsample": -0.14498301204998643, "max_depth": 6.0, "num_boost_round": 49.0}, "datetime": {"datetime": "2024-01-19 01:06:29", "elapsed": 3290.520137, "delta": 0.004161}}
{"target": -13.758610842044048, "params": {"gamma": 939.2105801705982, "log10_alpha": -3.26691258707183, "log10_colsample_bytree": -0.07963021243752755, "log10_eta": -3.2191231545370522, "log10_lambda": -0.6613787127294453, "log10_min_child_weight": 3.0834834096016097, "log10_subsample": -0.14498301204998643, "max_depth": 6.0, "num_boost_round": 50.0}, "datetime": {"datetime": "2024-01-19 01:06:29", "elapsed": 3290.524224, "delta": 0.004087}}
{"target": -13.758604029627287, "params": {"gamma": 939.2105801705982, "log10_alpha": -3.26691258707183, "log10_colsample_bytree": -0.07963021243752755, "log10_eta": -3.2191231545370522, "log10_lambda": -0.6613787127294453, "log10_min_child_weight": 3.0834834096016097, "log10_subsample": -0.14498301204998643, "max_depth": 6.0, "num_boost_round": 51.0}, "datetime": {"datetime": "2024-01-19 01:06:29", "elapsed": 3290.52831, "delta": 0.004086}}
{"target": -13.758596813507708, "params": {"gamma": 939.2105801705982, "log10_alpha": -3.26691258707183, "log10_colsample_bytree": -0.07963021243752755, "log10_eta": -3.2191231545370522, "log10_lambda": -0.6613787127294453, "log10_min_child_weight": 3.0834834096016097, "log10_subsample": -0.14498301204998643, "max_depth": 6.0, "num_boost_round": 52.0}, "datetime": {"datetime": "2024-01-19 01:06:29", "elapsed": 3290.532505, "delta": 0.004195}}
{"target": -13.758613158617537, "params": {"gamma": 939.2105801705982, "log10_alpha": -3.26691258707183, "log10_colsample_bytree": -0.07963021243752755, "log10_eta": -3.2191231545370522, "log10_lambda": -0.6613787127294453, "log10_min_child_weight": 3.0834834096016097, "log10_subsample": -0.14498301204998643, "max_depth": 6.0, "num_boost_round": 53.0}, "datetime": {"datetime": "2024-01-19 01:06:29", "elapsed": 3290.536615, "delta": 0.00411}}
{"target": -13.75860023143148, "params": {"gamma": 939.2105801705982, "log10_alpha": -3.26691258707183, "log10_colsample_bytree": -0.07963021243752755, "log10_eta": -3.2191231545370522, "log10_lambda": -0.6613787127294453, "log10_min_child_weight": 3.0834834096016097, "log10_subsample": -0.14498301204998643, "max_depth": 6.0, "num_boost_round": 54.0}, "datetime": {"datetime": "2024-01-19 01:06:29", "elapsed": 3290.540741, "delta": 0.004126}}
{"target": -13.758609445221547, "params": {"gamma": 939.2105801705982, "log10_alpha": -3.26691258707183, "log10_colsample_bytree": -0.07963021243752755, "log10_eta": -3.2191231545370522, "log10_lambda": -0.6613787127294453, "log10_min_child_weight": 3.0834834096016097, "log10_subsample": -0.14498301204998643, "max_depth": 6.0, "num_boost_round": 55.0}, "datetime": {"datetime": "2024-01-19 01:06:29", "elapsed": 3290.544976, "delta": 0.004235}}
{"target": -13.758480899894666, "params": {"gamma": 951.213291328293, "log10_alpha": -4.51008691192932, "log10_colsample_bytree": -0.9441971195945428, "log10_eta": -2.8726574336464177, "log10_lambda": -2.0373654742477307, "log10_min_child_weight": 0.5444208793660521, "log10_subsample": -0.766950456217529, "max_depth": 5.0, "num_boost_round": 0.0}, "datetime": {"datetime": "2024-01-19 01:07:36", "elapsed": 3357.44517, "delta": 66.900194}}
{"target": -13.758439641842056, "params": {"gamma": 951.213291328293, "log10_alpha": -4.51008691192932, "log10_colsample_bytree": -0.9441971195945428, "log10_eta": -2.8726574336464177, "log10_lambda": -2.0373654742477307, "log10_min_child_weight": 0.5444208793660521, "log10_subsample": -0.766950456217529, "max_depth": 5.0, "num_boost_round": 1.0}, "datetime": {"datetime": "2024-01-19 01:07:36", "elapsed": 3357.449667, "delta": 0.004497}}
{"target": -13.758419186409657, "params": {"gamma": 951.213291328293, "log10_alpha": -4.51008691192932, "log10_colsample_bytree": -0.9441971195945428, "log10_eta": -2.8726574336464177, "log10_lambda": -2.0373654742477307, "log10_min_child_weight": 0.5444208793660521, "log10_subsample": -0.766950456217529, "max_depth": 5.0, "num_boost_round": 2.0}, "datetime": {"datetime": "2024-01-19 01:07:36", "elapsed": 3357.453833, "delta": 0.004166}}
{"target": -13.758404268404597, "params": {"gamma": 951.213291328293, "log10_alpha": -4.51008691192932, "log10_colsample_bytree": -0.9441971195945428, "log10_eta": -2.8726574336464177, "log10_lambda": -2.0373654742477307, "log10_min_child_weight": 0.5444208793660521, "log10_subsample": -0.766950456217529, "max_depth": 5.0, "num_boost_round": 3.0}, "datetime": {"datetime": "2024-01-19 01:07:36", "elapsed": 3357.458116, "delta": 0.004283}}
{"target": -13.758411674852654, "params": {"gamma": 951.213291328293, "log10_alpha": -4.51008691192932, "log10_colsample_bytree": -0.9441971195945428, "log10_eta": -2.8726574336464177, "log10_lambda": -2.0373654742477307, "log10_min_child_weight": 0.5444208793660521, "log10_subsample": -0.766950456217529, "max_depth": 5.0, "num_boost_round": 4.0}, "datetime": {"datetime": "2024-01-19 01:07:36", "elapsed": 3357.46235, "delta": 0.004234}}
{"target": -13.758415271069001, "params": {"gamma": 951.213291328293, "log10_alpha": -4.51008691192932, "log10_colsample_bytree": -0.9441971195945428, "log10_eta": -2.8726574336464177, "log10_lambda": -2.0373654742477307, "log10_min_child_weight": 0.5444208793660521, "log10_subsample": -0.766950456217529, "max_depth": 5.0, "num_boost_round": 5.0}, "datetime": {"datetime": "2024-01-19 01:07:36", "elapsed": 3357.5738, "delta": 0.11145}}
{"target": -13.758418468034082, "params": {"gamma": 951.213291328293, "log10_alpha": -4.51008691192932, "log10_colsample_bytree": -0.9441971195945428, "log10_eta": -2.8726574336464177, "log10_lambda": -2.0373654742477307, "log10_min_child_weight": 0.5444208793660521, "log10_subsample": -0.766950456217529, "max_depth": 5.0, "num_boost_round": 6.0}, "datetime": {"datetime": "2024-01-19 01:07:36", "elapsed": 3357.578573, "delta": 0.004773}}
{"target": -13.75839908980547, "params": {"gamma": 951.213291328293, "log10_alpha": -4.51008691192932, "log10_colsample_bytree": -0.9441971195945428, "log10_eta": -2.8726574336464177, "log10_lambda": -2.0373654742477307, "log10_min_child_weight": 0.5444208793660521, "log10_subsample": -0.766950456217529, "max_depth": 5.0, "num_boost_round": 7.0}, "datetime": {"datetime": "2024-01-19 01:07:36", "elapsed": 3357.582921, "delta": 0.004348}}
{"target": -13.758411736883783, "params": {"gamma": 951.213291328293, "log10_alpha": -4.51008691192932, "log10_colsample_bytree": -0.9441971195945428, "log10_eta": -2.8726574336464177, "log10_lambda": -2.0373654742477307, "log10_min_child_weight": 0.5444208793660521, "log10_subsample": -0.766950456217529, "max_depth": 5.0, "num_boost_round": 8.0}, "datetime": {"datetime": "2024-01-19 01:07:36", "elapsed": 3357.587641, "delta": 0.00472}}
{"target": -13.758412975549941, "params": {"gamma": 951.213291328293, "log10_alpha": -4.51008691192932, "log10_colsample_bytree": -0.9441971195945428, "log10_eta": -2.8726574336464177, "log10_lambda": -2.0373654742477307, "log10_min_child_weight": 0.5444208793660521, "log10_subsample": -0.766950456217529, "max_depth": 5.0, "num_boost_round": 9.0}, "datetime": {"datetime": "2024-01-19 01:07:36", "elapsed": 3357.592388, "delta": 0.004747}}
{"target": -13.75853838719418, "params": {"gamma": 937.8230131321452, "log10_alpha": -2.403793211546215, "log10_colsample_bytree": -0.14606873390014108, "log10_eta": -3.9546586288196335, "log10_lambda": -3.4418533556309283, "log10_min_child_weight": 4.973049669289554, "log10_subsample": -0.05776328537493225, "max_depth": 8.0, "num_boost_round": 0.0}, "datetime": {"datetime": "2024-01-19 01:08:20", "elapsed": 3401.918065, "delta": 44.325677}}
{"target": -13.75853819447845, "params": {"gamma": 937.8230131321452, "log10_alpha": -2.403793211546215, "log10_colsample_bytree": -0.14606873390014108, "log10_eta": -3.9546586288196335, "log10_lambda": -3.4418533556309283, "log10_min_child_weight": 4.973049669289554, "log10_subsample": -0.05776328537493225, "max_depth": 8.0, "num_boost_round": 1.0}, "datetime": {"datetime": "2024-01-19 01:08:20", "elapsed": 3401.922536, "delta": 0.004471}}
{"target": -13.758537954047071, "params": {"gamma": 937.8230131321452, "log10_alpha": -2.403793211546215, "log10_colsample_bytree": -0.14606873390014108, "log10_eta": -3.9546586288196335, "log10_lambda": -3.4418533556309283, "log10_min_child_weight": 4.973049669289554, "log10_subsample": -0.05776328537493225, "max_depth": 8.0, "num_boost_round": 2.0}, "datetime": {"datetime": "2024-01-19 01:08:20", "elapsed": 3401.9269, "delta": 0.004364}}
{"target": -13.758538147989677, "params": {"gamma": 937.8230131321452, "log10_alpha": -2.403793211546215, "log10_colsample_bytree": -0.14606873390014108, "log10_eta": -3.9546586288196335, "log10_lambda": -3.4418533556309283, "log10_min_child_weight": 4.973049669289554, "log10_subsample": -0.05776328537493225, "max_depth": 8.0, "num_boost_round": 3.0}, "datetime": {"datetime": "2024-01-19 01:08:20", "elapsed": 3401.931127, "delta": 0.004227}}
{"target": -13.758538095321766, "params": {"gamma": 937.8230131321452, "log10_alpha": -2.403793211546215, "log10_colsample_bytree": -0.14606873390014108, "log10_eta": -3.9546586288196335, "log10_lambda": -3.4418533556309283, "log10_min_child_weight": 4.973049669289554, "log10_subsample": -0.05776328537493225, "max_depth": 8.0, "num_boost_round": 4.0}, "datetime": {"datetime": "2024-01-19 01:08:20", "elapsed": 3401.935241, "delta": 0.004114}}
{"target": -13.758538143220738, "params": {"gamma": 937.8230131321452, "log10_alpha": -2.403793211546215, "log10_colsample_bytree": -0.14606873390014108, "log10_eta": -3.9546586288196335, "log10_lambda": -3.4418533556309283, "log10_min_child_weight": 4.973049669289554, "log10_subsample": -0.05776328537493225, "max_depth": 8.0, "num_boost_round": 5.0}, "datetime": {"datetime": "2024-01-19 01:08:20", "elapsed": 3401.93953, "delta": 0.004289}}
{"target": -13.758538301432166, "params": {"gamma": 937.8230131321452, "log10_alpha": -2.403793211546215, "log10_colsample_bytree": -0.14606873390014108, "log10_eta": -3.9546586288196335, "log10_lambda": -3.4418533556309283, "log10_min_child_weight": 4.973049669289554, "log10_subsample": -0.05776328537493225, "max_depth": 8.0, "num_boost_round": 6.0}, "datetime": {"datetime": "2024-01-19 01:08:20", "elapsed": 3401.943628, "delta": 0.004098}}
{"target": -13.75853849699479, "params": {"gamma": 937.8230131321452, "log10_alpha": -2.403793211546215, "log10_colsample_bytree": -0.14606873390014108, "log10_eta": -3.9546586288196335, "log10_lambda": -3.4418533556309283, "log10_min_child_weight": 4.973049669289554, "log10_subsample": -0.05776328537493225, "max_depth": 8.0, "num_boost_round": 7.0}, "datetime": {"datetime": "2024-01-19 01:08:20", "elapsed": 3401.947845, "delta": 0.004217}}
{"target": -13.758538490391313, "params": {"gamma": 937.8230131321452, "log10_alpha": -2.403793211546215, "log10_colsample_bytree": -0.14606873390014108, "log10_eta": -3.9546586288196335, "log10_lambda": -3.4418533556309283, "log10_min_child_weight": 4.973049669289554, "log10_subsample": -0.05776328537493225, "max_depth": 8.0, "num_boost_round": 8.0}, "datetime": {"datetime": "2024-01-19 01:08:20", "elapsed": 3401.952072, "delta": 0.004227}}
