{"target": -17.67697050170782, "params": {"gamma": 420.6806257362439, "log10_alpha": -2.4320592751032057, "log10_colsample_bytree": -0.4178839311218827, "log10_eta": -2.160359874270986, "log10_lambda": -4.849095714799031, "log10_min_child_weight": 4.152983091688368, "log10_subsample": -0.7773235720076763, "max_depth": 8.0, "num_boost_round": 9.0}, "datetime": {"datetime": "2024-01-19 00:38:38", "elapsed": 1611.355049, "delta": 0.002679}}
{"target": -17.67693558373058, "params": {"gamma": 420.6806257362439, "log10_alpha": -2.4320592751032057, "log10_colsample_bytree": -0.4178839311218827, "log10_eta": -2.160359874270986, "log10_lambda": -4.849095714799031, "log10_min_child_weight": 4.152983091688368, "log10_subsample": -0.7773235720076763, "max_depth": 8.0, "num_boost_round": 10.0}, "datetime": {"datetime": "2024-01-19 00:38:38", "elapsed": 1611.357728, "delta": 0.002679}}
{"target": -17.676842878668182, "params": {"gamma": 420.6806257362439, "log10_alpha": -2.4320592751032057, "log10_colsample_bytree": -0.4178839311218827, "log10_eta": -2.160359874270986, "log10_lambda": -4.849095714799031, "log10_min_child_weight": 4.152983091688368, "log10_subsample": -0.7773235720076763, "max_depth": 8.0, "num_boost_round": 11.0}, "datetime": {"datetime": "2024-01-19 00:38:38", "elapsed": 1611.360403, "delta": 0.002675}}
{"target": -17.676842543225558, "params": {"gamma": 420.6806257362439, "log10_alpha": -2.4320592751032057, "log10_colsample_bytree": -0.4178839311218827, "log10_eta": -2.160359874270986, "log10_lambda": -4.849095714799031, "log10_min_child_weight": 4.152983091688368, "log10_subsample": -0.7773235720076763, "max_depth": 8.0, "num_boost_round": 12.0}, "datetime": {"datetime": "2024-01-19 00:38:38", "elapsed": 1611.363063, "delta": 0.00266}}
{"target": -17.676808495833964, "params": {"gamma": 420.6806257362439, "log10_alpha": -2.4320592751032057, "log10_colsample_bytree": -0.4178839311218827, "log10_eta": -2.160359874270986, "log10_lambda": -4.849095714799031, "log10_min_child_weight": 4.152983091688368, "log10_subsample": -0.7773235720076763, "max_depth": 8.0, "num_boost_round": 13.0}, "datetime": {"datetime": "2024-01-19 00:38:38", "elapsed": 1611.365727, "delta": 0.002664}}
{"target": -17.67680062569408, "params": {"gamma": 420.6806257362439, "log10_alpha": -2.4320592751032057, "log10_colsample_bytree": -0.4178839311218827, "log10_eta": -2.160359874270986, "log10_lambda": -4.849095714799031, "log10_min_child_weight": 4.152983091688368, "log10_subsample": -0.7773235720076763, "max_depth": 8.0, "num_boost_round": 14.0}, "datetime": {"datetime": "2024-01-19 00:38:38", "elapsed": 1611.368383, "delta": 0.002656}}
{"target": -17.67674180485148, "params": {"gamma": 420.6806257362439, "log10_alpha": -2.4320592751032057, "log10_colsample_bytree": -0.4178839311218827, "log10_eta": -2.160359874270986, "log10_lambda": -4.849095714799031, "log10_min_child_weight": 4.152983091688368, "log10_subsample": -0.7773235720076763, "max_depth": 8.0, "num_boost_round": 15.0}, "datetime": {"datetime": "2024-01-19 00:38:38", "elapsed": 1611.371038, "delta": 0.002655}}
{"target": -17.676675196116594, "params": {"gamma": 420.6806257362439, "log10_alpha": -2.4320592751032057, "log10_colsample_bytree": -0.4178839311218827, "log10_eta": -2.160359874270986, "log10_lambda": -4.849095714799031, "log10_min_child_weight": 4.152983091688368, "log10_subsample": -0.7773235720076763, "max_depth": 8.0, "num_boost_round": 16.0}, "datetime": {"datetime": "2024-01-19 00:38:38", "elapsed": 1611.373724, "delta": 0.002686}}
{"target": -17.67671681128612, "params": {"gamma": 420.6806257362439, "log10_alpha": -2.4320592751032057, "log10_colsample_bytree": -0.4178839311218827, "log10_eta": -2.160359874270986, "log10_lambda": -4.849095714799031, "log10_min_child_weight": 4.152983091688368, "log10_subsample": -0.7773235720076763, "max_depth": 8.0, "num_boost_round": 17.0}, "datetime": {"datetime": "2024-01-19 00:38:38", "elapsed": 1611.376375, "delta": 0.002651}}
{"target": -17.676627753818536, "params": {"gamma": 420.6806257362439, "log10_alpha": -2.4320592751032057, "log10_colsample_bytree": -0.4178839311218827, "log10_eta": -2.160359874270986, "log10_lambda": -4.849095714799031, "log10_min_child_weight": 4.152983091688368, "log10_subsample": -0.7773235720076763, "max_depth": 8.0, "num_boost_round": 18.0}, "datetime": {"datetime": "2024-01-19 00:38:38", "elapsed": 1611.379032, "delta": 0.002657}}
{"target": -17.67652262653203, "params": {"gamma": 420.6806257362439, "log10_alpha": -2.4320592751032057, "log10_colsample_bytree": -0.4178839311218827, "log10_eta": -2.160359874270986, "log10_lambda": -4.849095714799031, "log10_min_child_weight": 4.152983091688368, "log10_subsample": -0.7773235720076763, "max_depth": 8.0, "num_boost_round": 19.0}, "datetime": {"datetime": "2024-01-19 00:38:38", "elapsed": 1611.381725, "delta": 0.002693}}
{"target": -17.67647278945184, "params": {"gamma": 420.6806257362439, "log10_alpha": -2.4320592751032057, "log10_colsample_bytree": -0.4178839311218827, "log10_eta": -2.160359874270986, "log10_lambda": -4.849095714799031, "log10_min_child_weight": 4.152983091688368, "log10_subsample": -0.7773235720076763, "max_depth": 8.0, "num_boost_round": 20.0}, "datetime": {"datetime": "2024-01-19 00:38:38", "elapsed": 1611.384383, "delta": 0.002658}}
{"target": -17.67641755639482, "params": {"gamma": 420.6806257362439, "log10_alpha": -2.4320592751032057, "log10_colsample_bytree": -0.4178839311218827, "log10_eta": -2.160359874270986, "log10_lambda": -4.849095714799031, "log10_min_child_weight": 4.152983091688368, "log10_subsample": -0.7773235720076763, "max_depth": 8.0, "num_boost_round": 21.0}, "datetime": {"datetime": "2024-01-19 00:38:38", "elapsed": 1611.387043, "delta": 0.00266}}
{"target": -17.67644055207656, "params": {"gamma": 420.6806257362439, "log10_alpha": -2.4320592751032057, "log10_colsample_bytree": -0.4178839311218827, "log10_eta": -2.160359874270986, "log10_lambda": -4.849095714799031, "log10_min_child_weight": 4.152983091688368, "log10_subsample": -0.7773235720076763, "max_depth": 8.0, "num_boost_round": 22.0}, "datetime": {"datetime": "2024-01-19 00:38:38", "elapsed": 1611.389711, "delta": 0.002668}}
{"target": -17.676370786204913, "params": {"gamma": 420.6806257362439, "log10_alpha": -2.4320592751032057, "log10_colsample_bytree": -0.4178839311218827, "log10_eta": -2.160359874270986, "log10_lambda": -4.849095714799031, "log10_min_child_weight": 4.152983091688368, "log10_subsample": -0.7773235720076763, "max_depth": 8.0, "num_boost_round": 23.0}, "datetime": {"datetime": "2024-01-19 00:38:38", "elapsed": 1611.392372, "delta": 0.002661}}
{"target": -17.676416608376552, "params": {"gamma": 420.6806257362439, "log10_alpha": -2.4320592751032057, "log10_colsample_bytree": -0.4178839311218827, "log10_eta": -2.160359874270986, "log10_lambda": -4.849095714799031, "log10_min_child_weight": 4.152983091688368, "log10_subsample": -0.7773235720076763, "max_depth": 8.0, "num_boost_round": 24.0}, "datetime": {"datetime": "2024-01-19 00:38:38", "elapsed": 1611.395037, "delta": 0.002665}}
{"target": -17.67631454386915, "params": {"gamma": 420.6806257362439, "log10_alpha": -2.4320592751032057, "log10_colsample_bytree": -0.4178839311218827, "log10_eta": -2.160359874270986, "log10_lambda": -4.849095714799031, "log10_min_child_weight": 4.152983091688368, "log10_subsample": -0.7773235720076763, "max_depth": 8.0, "num_boost_round": 25.0}, "datetime": {"datetime": "2024-01-19 00:38:38", "elapsed": 1611.397701, "delta": 0.002664}}
{"target": -17.676343085742502, "params": {"gamma": 420.6806257362439, "log10_alpha": -2.4320592751032057, "log10_colsample_bytree": -0.4178839311218827, "log10_eta": -2.160359874270986, "log10_lambda": -4.849095714799031, "log10_min_child_weight": 4.152983091688368, "log10_subsample": -0.7773235720076763, "max_depth": 8.0, "num_boost_round": 26.0}, "datetime": {"datetime": "2024-01-19 00:38:38", "elapsed": 1611.40036, "delta": 0.002659}}
{"target": -17.67627729492888, "params": {"gamma": 420.6806257362439, "log10_alpha": -2.4320592751032057, "log10_colsample_bytree": -0.4178839311218827, "log10_eta": -2.160359874270986, "log10_lambda": -4.849095714799031, "log10_min_child_weight": 4.152983091688368, "log10_subsample": -0.7773235720076763, "max_depth": 8.0, "num_boost_round": 27.0}, "datetime": {"datetime": "2024-01-19 00:38:38", "elapsed": 1611.403032, "delta": 0.002672}}
{"target": -17.676268967356314, "params": {"gamma": 420.6806257362439, "log10_alpha": -2.4320592751032057, "log10_colsample_bytree": -0.4178839311218827, "log10_eta": -2.160359874270986, "log10_lambda": -4.849095714799031, "log10_min_child_weight": 4.152983091688368, "log10_subsample": -0.7773235720076763, "max_depth": 8.0, "num_boost_round": 28.0}, "datetime": {"datetime": "2024-01-19 00:38:38", "elapsed": 1611.405722, "delta": 0.00269}}
{"target": -17.676259035226085, "params": {"gamma": 420.6806257362439, "log10_alpha": -2.4320592751032057, "log10_colsample_bytree": -0.4178839311218827, "log10_eta": -2.160359874270986, "log10_lambda": -4.849095714799031, "log10_min_child_weight": 4.152983091688368, "log10_subsample": -0.7773235720076763, "max_depth": 8.0, "num_boost_round": 29.0}, "datetime": {"datetime": "2024-01-19 00:38:38", "elapsed": 1611.409147, "delta": 0.003425}}
{"target": -17.67723262302841, "params": {"gamma": 411.6539883657595, "log10_alpha": -3.6831088162708725, "log10_colsample_bytree": -0.24906471848313094, "log10_eta": -3.966159945998372, "log10_lambda": -3.874707564054498, "log10_min_child_weight": 4.8406235542491185, "log10_subsample": -0.8131469497395044, "max_depth": 7.0, "num_boost_round": 0.0}, "datetime": {"datetime": "2024-01-19 00:39:16", "elapsed": 1649.159345, "delta": 37.750198}}
{"target": -17.677231779706, "params": {"gamma": 411.6539883657595, "log10_alpha": -3.6831088162708725, "log10_colsample_bytree": -0.24906471848313094, "log10_eta": -3.966159945998372, "log10_lambda": -3.874707564054498, "log10_min_child_weight": 4.8406235542491185, "log10_subsample": -0.8131469497395044, "max_depth": 7.0, "num_boost_round": 1.0}, "datetime": {"datetime": "2024-01-19 00:39:16", "elapsed": 1649.163352, "delta": 0.004007}}
{"target": -17.677231554326493, "params": {"gamma": 411.6539883657595, "log10_alpha": -3.6831088162708725, "log10_colsample_bytree": -0.24906471848313094, "log10_eta": -3.966159945998372, "log10_lambda": -3.874707564054498, "log10_min_child_weight": 4.8406235542491185, "log10_subsample": -0.8131469497395044, "max_depth": 7.0, "num_boost_round": 2.0}, "datetime": {"datetime": "2024-01-19 00:39:16", "elapsed": 1649.166442, "delta": 0.00309}}
{"target": -17.677230626310877, "params": {"gamma": 411.6539883657595, "log10_alpha": -3.6831088162708725, "log10_colsample_bytree": -0.24906471848313094, "log10_eta": -3.966159945998372, "log10_lambda": -3.874707564054498, "log10_min_child_weight": 4.8406235542491185, "log10_subsample": -0.8131469497395044, "max_depth": 7.0, "num_boost_round": 3.0}, "datetime": {"datetime": "2024-01-19 00:39:16", "elapsed": 1649.169363, "delta": 0.002921}}
{"target": -17.67722983117581, "params": {"gamma": 411.6539883657595, "log10_alpha": -3.6831088162708725, "log10_colsample_bytree": -0.24906471848313094, "log10_eta": -3.966159945998372, "log10_lambda": -3.874707564054498, "log10_min_child_weight": 4.8406235542491185, "log10_subsample": -0.8131469497395044, "max_depth": 7.0, "num_boost_round": 4.0}, "datetime": {"datetime": "2024-01-19 00:39:16", "elapsed": 1649.172228, "delta": 0.002865}}
{"target": -17.677228886278993, "params": {"gamma": 411.6539883657595, "log10_alpha": -3.6831088162708725, "log10_colsample_bytree": -0.24906471848313094, "log10_eta": -3.966159945998372, "log10_lambda": -3.874707564054498, "log10_min_child_weight": 4.8406235542491185, "log10_subsample": -0.8131469497395044, "max_depth": 7.0, "num_boost_round": 5.0}, "datetime": {"datetime": "2024-01-19 00:39:16", "elapsed": 1649.174994, "delta": 0.002766}}
{"target": -17.677228897560084, "params": {"gamma": 411.6539883657595, "log10_alpha": -3.6831088162708725, "log10_colsample_bytree": -0.24906471848313094, "log10_eta": -3.966159945998372, "log10_lambda": -3.874707564054498, "log10_min_child_weight": 4.8406235542491185, "log10_subsample": -0.8131469497395044, "max_depth": 7.0, "num_boost_round": 6.0}, "datetime": {"datetime": "2024-01-19 00:39:16", "elapsed": 1649.177748, "delta": 0.002754}}
{"target": -17.677228864312642, "params": {"gamma": 411.6539883657595, "log10_alpha": -3.6831088162708725, "log10_colsample_bytree": -0.24906471848313094, "log10_eta": -3.966159945998372, "log10_lambda": -3.874707564054498, "log10_min_child_weight": 4.8406235542491185, "log10_subsample": -0.8131469497395044, "max_depth": 7.0, "num_boost_round": 7.0}, "datetime": {"datetime": "2024-01-19 00:39:16", "elapsed": 1649.180471, "delta": 0.002723}}
{"target": -17.677228870793268, "params": {"gamma": 411.6539883657595, "log10_alpha": -3.6831088162708725, "log10_colsample_bytree": -0.24906471848313094, "log10_eta": -3.966159945998372, "log10_lambda": -3.874707564054498, "log10_min_child_weight": 4.8406235542491185, "log10_subsample": -0.8131469497395044, "max_depth": 7.0, "num_boost_round": 8.0}, "datetime": {"datetime": "2024-01-19 00:39:16", "elapsed": 1649.183255, "delta": 0.002784}}
{"target": -17.677227954144605, "params": {"gamma": 411.6539883657595, "log10_alpha": -3.6831088162708725, "log10_colsample_bytree": -0.24906471848313094, "log10_eta": -3.966159945998372, "log10_lambda": -3.874707564054498, "log10_min_child_weight": 4.8406235542491185, "log10_subsample": -0.8131469497395044, "max_depth": 7.0, "num_boost_round": 9.0}, "datetime": {"datetime": "2024-01-19 00:39:16", "elapsed": 1649.18599, "delta": 0.002735}}
{"target": -17.6772277151586, "params": {"gamma": 411.6539883657595, "log10_alpha": -3.6831088162708725, "log10_colsample_bytree": -0.24906471848313094, "log10_eta": -3.966159945998372, "log10_lambda": -3.874707564054498, "log10_min_child_weight": 4.8406235542491185, "log10_subsample": -0.8131469497395044, "max_depth": 7.0, "num_boost_round": 10.0}, "datetime": {"datetime": "2024-01-19 00:39:16", "elapsed": 1649.188796, "delta": 0.002806}}
{"target": -17.677227392267216, "params": {"gamma": 411.6539883657595, "log10_alpha": -3.6831088162708725, "log10_colsample_bytree": -0.24906471848313094, "log10_eta": -3.966159945998372, "log10_lambda": -3.874707564054498, "log10_min_child_weight": 4.8406235542491185, "log10_subsample": -0.8131469497395044, "max_depth": 7.0, "num_boost_round": 11.0}, "datetime": {"datetime": "2024-01-19 00:39:16", "elapsed": 1649.191578, "delta": 0.002782}}
{"target": -17.677227403186915, "params": {"gamma": 411.6539883657595, "log10_alpha": -3.6831088162708725, "log10_colsample_bytree": -0.24906471848313094, "log10_eta": -3.966159945998372, "log10_lambda": -3.874707564054498, "log10_min_child_weight": 4.8406235542491185, "log10_subsample": -0.8131469497395044, "max_depth": 7.0, "num_boost_round": 12.0}, "datetime": {"datetime": "2024-01-19 00:39:16", "elapsed": 1649.194287, "delta": 0.002709}}
{"target": -17.67722741977844, "params": {"gamma": 411.6539883657595, "log10_alpha": -3.6831088162708725, "log10_colsample_bytree": -0.24906471848313094, "log10_eta": -3.966159945998372, "log10_lambda": -3.874707564054498, "log10_min_child_weight": 4.8406235542491185, "log10_subsample": -0.8131469497395044, "max_depth": 7.0, "num_boost_round": 13.0}, "datetime": {"datetime": "2024-01-19 00:39:16", "elapsed": 1649.197049, "delta": 0.002762}}
{"target": -17.677227429959366, "params": {"gamma": 411.6539883657595, "log10_alpha": -3.6831088162708725, "log10_colsample_bytree": -0.24906471848313094, "log10_eta": -3.966159945998372, "log10_lambda": -3.874707564054498, "log10_min_child_weight": 4.8406235542491185, "log10_subsample": -0.8131469497395044, "max_depth": 7.0, "num_boost_round": 14.0}, "datetime": {"datetime": "2024-01-19 00:39:16", "elapsed": 1649.199798, "delta": 0.002749}}
{"target": -17.67722695126217, "params": {"gamma": 411.6539883657595, "log10_alpha": -3.6831088162708725, "log10_colsample_bytree": -0.24906471848313094, "log10_eta": -3.966159945998372, "log10_lambda": -3.874707564054498, "log10_min_child_weight": 4.8406235542491185, "log10_subsample": -0.8131469497395044, "max_depth": 7.0, "num_boost_round": 15.0}, "datetime": {"datetime": "2024-01-19 00:39:16", "elapsed": 1649.202674, "delta": 0.002876}}
{"target": -17.677227352354812, "params": {"gamma": 411.6539883657595, "log10_alpha": -3.6831088162708725, "log10_colsample_bytree": -0.24906471848313094, "log10_eta": -3.966159945998372, "log10_lambda": -3.874707564054498, "log10_min_child_weight": 4.8406235542491185, "log10_subsample": -0.8131469497395044, "max_depth": 7.0, "num_boost_round": 16.0}, "datetime": {"datetime": "2024-01-19 00:39:16", "elapsed": 1649.20558, "delta": 0.002906}}
{"target": -17.677227362103093, "params": {"gamma": 411.6539883657595, "log10_alpha": -3.6831088162708725, "log10_colsample_bytree": -0.24906471848313094, "log10_eta": -3.966159945998372, "log10_lambda": -3.874707564054498, "log10_min_child_weight": 4.8406235542491185, "log10_subsample": -0.8131469497395044, "max_depth": 7.0, "num_boost_round": 17.0}, "datetime": {"datetime": "2024-01-19 00:39:16", "elapsed": 1649.208403, "delta": 0.002823}}
{"target": -17.677227342683807, "params": {"gamma": 411.6539883657595, "log10_alpha": -3.6831088162708725, "log10_colsample_bytree": -0.24906471848313094, "log10_eta": -3.966159945998372, "log10_lambda": -3.874707564054498, "log10_min_child_weight": 4.8406235542491185, "log10_subsample": -0.8131469497395044, "max_depth": 7.0, "num_boost_round": 18.0}, "datetime": {"datetime": "2024-01-19 00:39:16", "elapsed": 1649.21122, "delta": 0.002817}}
{"target": -17.677226716840902, "params": {"gamma": 411.6539883657595, "log10_alpha": -3.6831088162708725, "log10_colsample_bytree": -0.24906471848313094, "log10_eta": -3.966159945998372, "log10_lambda": -3.874707564054498, "log10_min_child_weight": 4.8406235542491185, "log10_subsample": -0.8131469497395044, "max_depth": 7.0, "num_boost_round": 19.0}, "datetime": {"datetime": "2024-01-19 00:39:16", "elapsed": 1649.213978, "delta": 0.002758}}
{"target": -17.677226401680795, "params": {"gamma": 411.6539883657595, "log10_alpha": -3.6831088162708725, "log10_colsample_bytree": -0.24906471848313094, "log10_eta": -3.966159945998372, "log10_lambda": -3.874707564054498, "log10_min_child_weight": 4.8406235542491185, "log10_subsample": -0.8131469497395044, "max_depth": 7.0, "num_boost_round": 20.0}, "datetime": {"datetime": "2024-01-19 00:39:16", "elapsed": 1649.216729, "delta": 0.002751}}
{"target": -17.67722633655835, "params": {"gamma": 411.6539883657595, "log10_alpha": -3.6831088162708725, "log10_colsample_bytree": -0.24906471848313094, "log10_eta": -3.966159945998372, "log10_lambda": -3.874707564054498, "log10_min_child_weight": 4.8406235542491185, "log10_subsample": -0.8131469497395044, "max_depth": 7.0, "num_boost_round": 21.0}, "datetime": {"datetime": "2024-01-19 00:39:16", "elapsed": 1649.219482, "delta": 0.002753}}
{"target": -17.677225954689458, "params": {"gamma": 411.6539883657595, "log10_alpha": -3.6831088162708725, "log10_colsample_bytree": -0.24906471848313094, "log10_eta": -3.966159945998372, "log10_lambda": -3.874707564054498, "log10_min_child_weight": 4.8406235542491185, "log10_subsample": -0.8131469497395044, "max_depth": 7.0, "num_boost_round": 22.0}, "datetime": {"datetime": "2024-01-19 00:39:16", "elapsed": 1649.22233, "delta": 0.002848}}
{"target": -17.677225603022606, "params": {"gamma": 411.6539883657595, "log10_alpha": -3.6831088162708725, "log10_colsample_bytree": -0.24906471848313094, "log10_eta": -3.966159945998372, "log10_lambda": -3.874707564054498, "log10_min_child_weight": 4.8406235542491185, "log10_subsample": -0.8131469497395044, "max_depth": 7.0, "num_boost_round": 23.0}, "datetime": {"datetime": "2024-01-19 00:39:16", "elapsed": 1649.225109, "delta": 0.002779}}
{"target": -17.677225570080452, "params": {"gamma": 411.6539883657595, "log10_alpha": -3.6831088162708725, "log10_colsample_bytree": -0.24906471848313094, "log10_eta": -3.966159945998372, "log10_lambda": -3.874707564054498, "log10_min_child_weight": 4.8406235542491185, "log10_subsample": -0.8131469497395044, "max_depth": 7.0, "num_boost_round": 24.0}, "datetime": {"datetime": "2024-01-19 00:39:16", "elapsed": 1649.228008, "delta": 0.002899}}
{"target": -17.677225141472103, "params": {"gamma": 411.6539883657595, "log10_alpha": -3.6831088162708725, "log10_colsample_bytree": -0.24906471848313094, "log10_eta": -3.966159945998372, "log10_lambda": -3.874707564054498, "log10_min_child_weight": 4.8406235542491185, "log10_subsample": -0.8131469497395044, "max_depth": 7.0, "num_boost_round": 25.0}, "datetime": {"datetime": "2024-01-19 00:39:16", "elapsed": 1649.23094, "delta": 0.002932}}
{"target": -17.677225129101462, "params": {"gamma": 411.6539883657595, "log10_alpha": -3.6831088162708725, "log10_colsample_bytree": -0.24906471848313094, "log10_eta": -3.966159945998372, "log10_lambda": -3.874707564054498, "log10_min_child_weight": 4.8406235542491185, "log10_subsample": -0.8131469497395044, "max_depth": 7.0, "num_boost_round": 26.0}, "datetime": {"datetime": "2024-01-19 00:39:16", "elapsed": 1649.233773, "delta": 0.002833}}
{"target": -17.677224105399922, "params": {"gamma": 411.6539883657595, "log10_alpha": -3.6831088162708725, "log10_colsample_bytree": -0.24906471848313094, "log10_eta": -3.966159945998372, "log10_lambda": -3.874707564054498, "log10_min_child_weight": 4.8406235542491185, "log10_subsample": -0.8131469497395044, "max_depth": 7.0, "num_boost_round": 27.0}, "datetime": {"datetime": "2024-01-19 00:39:16", "elapsed": 1649.236712, "delta": 0.002939}}
