{"target": -13.758514129676929, "params": {"gamma": 712.4971610386073, "log10_alpha": -3.0905066932811787, "log10_colsample_bytree": -0.3185108348290443, "log10_eta": -3.764573666176545, "log10_lambda": -1.171437344243075, "log10_min_child_weight": 4.210929490268134, "log10_subsample": -0.45542091731718337, "max_depth": 9.0, "num_boost_round": 34.0}, "datetime": {"datetime": "2024-01-19 02:07:23", "elapsed": 6942.621875, "delta": 0.006494}}
{"target": -13.758514789201788, "params": {"gamma": 712.4971610386073, "log10_alpha": -3.0905066932811787, "log10_colsample_bytree": -0.3185108348290443, "log10_eta": -3.764573666176545, "log10_lambda": -1.171437344243075, "log10_min_child_weight": 4.210929490268134, "log10_subsample": -0.45542091731718337, "max_depth": 9.0, "num_boost_round": 35.0}, "datetime": {"datetime": "2024-01-19 02:07:23", "elapsed": 6942.628517, "delta": 0.006642}}
{"target": -13.758516041847912, "params": {"gamma": 712.4971610386073, "log10_alpha": -3.0905066932811787, "log10_colsample_bytree": -0.3185108348290443, "log10_eta": -3.764573666176545, "log10_lambda": -1.171437344243075, "log10_min_child_weight": 4.210929490268134, "log10_subsample": -0.45542091731718337, "max_depth": 9.0, "num_boost_round": 36.0}, "datetime": {"datetime": "2024-01-19 02:07:23", "elapsed": 6942.635169, "delta": 0.006652}}
{"target": -13.758516600515215, "params": {"gamma": 712.4971610386073, "log10_alpha": -3.0905066932811787, "log10_colsample_bytree": -0.3185108348290443, "log10_eta": -3.764573666176545, "log10_lambda": -1.171437344243075, "log10_min_child_weight": 4.210929490268134, "log10_subsample": -0.45542091731718337, "max_depth": 9.0, "num_boost_round": 37.0}, "datetime": {"datetime": "2024-01-19 02:07:23", "elapsed": 6942.641621, "delta": 0.006452}}
{"target": -13.75851804769342, "params": {"gamma": 712.4971610386073, "log10_alpha": -3.0905066932811787, "log10_colsample_bytree": -0.3185108348290443, "log10_eta": -3.764573666176545, "log10_lambda": -1.171437344243075, "log10_min_child_weight": 4.210929490268134, "log10_subsample": -0.45542091731718337, "max_depth": 9.0, "num_boost_round": 38.0}, "datetime": {"datetime": "2024-01-19 02:07:23", "elapsed": 6942.648245, "delta": 0.006624}}
{"target": -13.758516846047867, "params": {"gamma": 712.4971610386073, "log10_alpha": -3.0905066932811787, "log10_colsample_bytree": -0.3185108348290443, "log10_eta": -3.764573666176545, "log10_lambda": -1.171437344243075, "log10_min_child_weight": 4.210929490268134, "log10_subsample": -0.45542091731718337, "max_depth": 9.0, "num_boost_round": 39.0}, "datetime": {"datetime": "2024-01-19 02:07:23", "elapsed": 6942.654843, "delta": 0.006598}}
{"target": -13.758516355562309, "params": {"gamma": 712.4971610386073, "log10_alpha": -3.0905066932811787, "log10_colsample_bytree": -0.3185108348290443, "log10_eta": -3.764573666176545, "log10_lambda": -1.171437344243075, "log10_min_child_weight": 4.210929490268134, "log10_subsample": -0.45542091731718337, "max_depth": 9.0, "num_boost_round": 40.0}, "datetime": {"datetime": "2024-01-19 02:07:23", "elapsed": 6942.662376, "delta": 0.007533}}
{"target": -13.75851540776878, "params": {"gamma": 712.4971610386073, "log10_alpha": -3.0905066932811787, "log10_colsample_bytree": -0.3185108348290443, "log10_eta": -3.764573666176545, "log10_lambda": -1.171437344243075, "log10_min_child_weight": 4.210929490268134, "log10_subsample": -0.45542091731718337, "max_depth": 9.0, "num_boost_round": 41.0}, "datetime": {"datetime": "2024-01-19 02:07:23", "elapsed": 6942.669024, "delta": 0.006648}}
{"target": -13.758515489043061, "params": {"gamma": 712.4971610386073, "log10_alpha": -3.0905066932811787, "log10_colsample_bytree": -0.3185108348290443, "log10_eta": -3.764573666176545, "log10_lambda": -1.171437344243075, "log10_min_child_weight": 4.210929490268134, "log10_subsample": -0.45542091731718337, "max_depth": 9.0, "num_boost_round": 42.0}, "datetime": {"datetime": "2024-01-19 02:07:23", "elapsed": 6942.675767, "delta": 0.006743}}
{"target": -13.758515345361062, "params": {"gamma": 712.4971610386073, "log10_alpha": -3.0905066932811787, "log10_colsample_bytree": -0.3185108348290443, "log10_eta": -3.764573666176545, "log10_lambda": -1.171437344243075, "log10_min_child_weight": 4.210929490268134, "log10_subsample": -0.45542091731718337, "max_depth": 9.0, "num_boost_round": 43.0}, "datetime": {"datetime": "2024-01-19 02:07:23", "elapsed": 6942.682478, "delta": 0.006711}}
{"target": -13.758514561484628, "params": {"gamma": 712.4971610386073, "log10_alpha": -3.0905066932811787, "log10_colsample_bytree": -0.3185108348290443, "log10_eta": -3.764573666176545, "log10_lambda": -1.171437344243075, "log10_min_child_weight": 4.210929490268134, "log10_subsample": -0.45542091731718337, "max_depth": 9.0, "num_boost_round": 44.0}, "datetime": {"datetime": "2024-01-19 02:07:23", "elapsed": 6942.689284, "delta": 0.006806}}
{"target": -13.758514276745915, "params": {"gamma": 712.4971610386073, "log10_alpha": -3.0905066932811787, "log10_colsample_bytree": -0.3185108348290443, "log10_eta": -3.764573666176545, "log10_lambda": -1.171437344243075, "log10_min_child_weight": 4.210929490268134, "log10_subsample": -0.45542091731718337, "max_depth": 9.0, "num_boost_round": 45.0}, "datetime": {"datetime": "2024-01-19 02:07:23", "elapsed": 6942.696135, "delta": 0.006851}}
{"target": -13.75851463947066, "params": {"gamma": 712.4971610386073, "log10_alpha": -3.0905066932811787, "log10_colsample_bytree": -0.3185108348290443, "log10_eta": -3.764573666176545, "log10_lambda": -1.171437344243075, "log10_min_child_weight": 4.210929490268134, "log10_subsample": -0.45542091731718337, "max_depth": 9.0, "num_boost_round": 46.0}, "datetime": {"datetime": "2024-01-19 02:07:23", "elapsed": 6942.702932, "delta": 0.006797}}
{"target": -13.758514265164546, "params": {"gamma": 712.4971610386073, "log10_alpha": -3.0905066932811787, "log10_colsample_bytree": -0.3185108348290443, "log10_eta": -3.764573666176545, "log10_lambda": -1.171437344243075, "log10_min_child_weight": 4.210929490268134, "log10_subsample": -0.45542091731718337, "max_depth": 9.0, "num_boost_round": 47.0}, "datetime": {"datetime": "2024-01-19 02:07:23", "elapsed": 6942.709604, "delta": 0.006672}}
{"target": -13.758513349359001, "params": {"gamma": 712.4971610386073, "log10_alpha": -3.0905066932811787, "log10_colsample_bytree": -0.3185108348290443, "log10_eta": -3.764573666176545, "log10_lambda": -1.171437344243075, "log10_min_child_weight": 4.210929490268134, "log10_subsample": -0.45542091731718337, "max_depth": 9.0, "num_boost_round": 48.0}, "datetime": {"datetime": "2024-01-19 02:07:23", "elapsed": 6942.716222, "delta": 0.006618}}
{"target": -13.758510843768338, "params": {"gamma": 712.4971610386073, "log10_alpha": -3.0905066932811787, "log10_colsample_bytree": -0.3185108348290443, "log10_eta": -3.764573666176545, "log10_lambda": -1.171437344243075, "log10_min_child_weight": 4.210929490268134, "log10_subsample": -0.45542091731718337, "max_depth": 9.0, "num_boost_round": 49.0}, "datetime": {"datetime": "2024-01-19 02:07:23", "elapsed": 6942.722913, "delta": 0.006691}}
{"target": -13.758510709683001, "params": {"gamma": 712.4971610386073, "log10_alpha": -3.0905066932811787, "log10_colsample_bytree": -0.3185108348290443, "log10_eta": -3.764573666176545, "log10_lambda": -1.171437344243075, "log10_min_child_weight": 4.210929490268134, "log10_subsample": -0.45542091731718337, "max_depth": 9.0, "num_boost_round": 50.0}, "datetime": {"datetime": "2024-01-19 02:07:23", "elapsed": 6942.729448, "delta": 0.006535}}
{"target": -13.758510212412128, "params": {"gamma": 712.4971610386073, "log10_alpha": -3.0905066932811787, "log10_colsample_bytree": -0.3185108348290443, "log10_eta": -3.764573666176545, "log10_lambda": -1.171437344243075, "log10_min_child_weight": 4.210929490268134, "log10_subsample": -0.45542091731718337, "max_depth": 9.0, "num_boost_round": 51.0}, "datetime": {"datetime": "2024-01-19 02:07:23", "elapsed": 6942.735913, "delta": 0.006465}}
{"target": -13.758509876270756, "params": {"gamma": 712.4971610386073, "log10_alpha": -3.0905066932811787, "log10_colsample_bytree": -0.3185108348290443, "log10_eta": -3.764573666176545, "log10_lambda": -1.171437344243075, "log10_min_child_weight": 4.210929490268134, "log10_subsample": -0.45542091731718337, "max_depth": 9.0, "num_boost_round": 52.0}, "datetime": {"datetime": "2024-01-19 02:07:23", "elapsed": 6942.742494, "delta": 0.006581}}
{"target": -13.758509932740798, "params": {"gamma": 712.4971610386073, "log10_alpha": -3.0905066932811787, "log10_colsample_bytree": -0.3185108348290443, "log10_eta": -3.764573666176545, "log10_lambda": -1.171437344243075, "log10_min_child_weight": 4.210929490268134, "log10_subsample": -0.45542091731718337, "max_depth": 9.0, "num_boost_round": 53.0}, "datetime": {"datetime": "2024-01-19 02:07:23", "elapsed": 6942.750553, "delta": 0.008059}}
{"target": -13.758508678093696, "params": {"gamma": 712.4971610386073, "log10_alpha": -3.0905066932811787, "log10_colsample_bytree": -0.3185108348290443, "log10_eta": -3.764573666176545, "log10_lambda": -1.171437344243075, "log10_min_child_weight": 4.210929490268134, "log10_subsample": -0.45542091731718337, "max_depth": 9.0, "num_boost_round": 54.0}, "datetime": {"datetime": "2024-01-19 02:07:23", "elapsed": 6942.757399, "delta": 0.006846}}
{"target": -13.758508937467463, "params": {"gamma": 712.4971610386073, "log10_alpha": -3.0905066932811787, "log10_colsample_bytree": -0.3185108348290443, "log10_eta": -3.764573666176545, "log10_lambda": -1.171437344243075, "log10_min_child_weight": 4.210929490268134, "log10_subsample": -0.45542091731718337, "max_depth": 9.0, "num_boost_round": 55.0}, "datetime": {"datetime": "2024-01-19 02:07:23", "elapsed": 6942.764137, "delta": 0.006738}}
{"target": -13.758508755970148, "params": {"gamma": 712.4971610386073, "log10_alpha": -3.0905066932811787, "log10_colsample_bytree": -0.3185108348290443, "log10_eta": -3.764573666176545, "log10_lambda": -1.171437344243075, "log10_min_child_weight": 4.210929490268134, "log10_subsample": -0.45542091731718337, "max_depth": 9.0, "num_boost_round": 56.0}, "datetime": {"datetime": "2024-01-19 02:07:23", "elapsed": 6942.770859, "delta": 0.006722}}
{"target": -13.758506967264221, "params": {"gamma": 712.4971610386073, "log10_alpha": -3.0905066932811787, "log10_colsample_bytree": -0.3185108348290443, "log10_eta": -3.764573666176545, "log10_lambda": -1.171437344243075, "log10_min_child_weight": 4.210929490268134, "log10_subsample": -0.45542091731718337, "max_depth": 9.0, "num_boost_round": 57.0}, "datetime": {"datetime": "2024-01-19 02:07:23", "elapsed": 6942.777528, "delta": 0.006669}}
{"target": -13.758505489131252, "params": {"gamma": 712.4971610386073, "log10_alpha": -3.0905066932811787, "log10_colsample_bytree": -0.3185108348290443, "log10_eta": -3.764573666176545, "log10_lambda": -1.171437344243075, "log10_min_child_weight": 4.210929490268134, "log10_subsample": -0.45542091731718337, "max_depth": 9.0, "num_boost_round": 58.0}, "datetime": {"datetime": "2024-01-19 02:07:23", "elapsed": 6942.784137, "delta": 0.006609}}
{"target": -13.75850440130319, "params": {"gamma": 712.4971610386073, "log10_alpha": -3.0905066932811787, "log10_colsample_bytree": -0.3185108348290443, "log10_eta": -3.764573666176545, "log10_lambda": -1.171437344243075, "log10_min_child_weight": 4.210929490268134, "log10_subsample": -0.45542091731718337, "max_depth": 9.0, "num_boost_round": 59.0}, "datetime": {"datetime": "2024-01-19 02:07:23", "elapsed": 6942.79075, "delta": 0.006613}}
{"target": -13.758503773814786, "params": {"gamma": 712.4971610386073, "log10_alpha": -3.0905066932811787, "log10_colsample_bytree": -0.3185108348290443, "log10_eta": -3.764573666176545, "log10_lambda": -1.171437344243075, "log10_min_child_weight": 4.210929490268134, "log10_subsample": -0.45542091731718337, "max_depth": 9.0, "num_boost_round": 60.0}, "datetime": {"datetime": "2024-01-19 02:07:23", "elapsed": 6942.797204, "delta": 0.006454}}
{"target": -13.758503352159627, "params": {"gamma": 712.4971610386073, "log10_alpha": -3.0905066932811787, "log10_colsample_bytree": -0.3185108348290443, "log10_eta": -3.764573666176545, "log10_lambda": -1.171437344243075, "log10_min_child_weight": 4.210929490268134, "log10_subsample": -0.45542091731718337, "max_depth": 9.0, "num_boost_round": 61.0}, "datetime": {"datetime": "2024-01-19 02:07:23", "elapsed": 6942.803831, "delta": 0.006627}}
{"target": -13.758502682207016, "params": {"gamma": 712.4971610386073, "log10_alpha": -3.0905066932811787, "log10_colsample_bytree": -0.3185108348290443, "log10_eta": -3.764573666176545, "log10_lambda": -1.171437344243075, "log10_min_child_weight": 4.210929490268134, "log10_subsample": -0.45542091731718337, "max_depth": 9.0, "num_boost_round": 62.0}, "datetime": {"datetime": "2024-01-19 02:07:23", "elapsed": 6942.810409, "delta": 0.006578}}
{"target": -13.759136200439041, "params": {"gamma": 713.2262742032831, "log10_alpha": -3.1262243222493282, "log10_colsample_bytree": -0.7227576357125636, "log10_eta": -0.5241808578702418, "log10_lambda": -2.693729718414245, "log10_min_child_weight": 4.7201325836227435, "log10_subsample": -0.41517161448571405, "max_depth": 9.0, "num_boost_round": 0.0}, "datetime": {"datetime": "2024-01-19 02:09:14", "elapsed": 7053.646263, "delta": 110.835854}}
{"target": -13.759882490384928, "params": {"gamma": 713.2262742032831, "log10_alpha": -3.1262243222493282, "log10_colsample_bytree": -0.7227576357125636, "log10_eta": -0.5241808578702418, "log10_lambda": -2.693729718414245, "log10_min_child_weight": 4.7201325836227435, "log10_subsample": -0.41517161448571405, "max_depth": 9.0, "num_boost_round": 1.0}, "datetime": {"datetime": "2024-01-19 02:09:14", "elapsed": 7053.654271, "delta": 0.008008}}
{"target": -13.762776657947349, "params": {"gamma": 713.2262742032831, "log10_alpha": -3.1262243222493282, "log10_colsample_bytree": -0.7227576357125636, "log10_eta": -0.5241808578702418, "log10_lambda": -2.693729718414245, "log10_min_child_weight": 4.7201325836227435, "log10_subsample": -0.41517161448571405, "max_depth": 9.0, "num_boost_round": 2.0}, "datetime": {"datetime": "2024-01-19 02:09:14", "elapsed": 7053.661098, "delta": 0.006827}}
{"target": -13.76568350728834, "params": {"gamma": 713.2262742032831, "log10_alpha": -3.1262243222493282, "log10_colsample_bytree": -0.7227576357125636, "log10_eta": -0.5241808578702418, "log10_lambda": -2.693729718414245, "log10_min_child_weight": 4.7201325836227435, "log10_subsample": -0.41517161448571405, "max_depth": 9.0, "num_boost_round": 3.0}, "datetime": {"datetime": "2024-01-19 02:09:14", "elapsed": 7053.668028, "delta": 0.00693}}
{"target": -13.767048182840448, "params": {"gamma": 713.2262742032831, "log10_alpha": -3.1262243222493282, "log10_colsample_bytree": -0.7227576357125636, "log10_eta": -0.5241808578702418, "log10_lambda": -2.693729718414245, "log10_min_child_weight": 4.7201325836227435, "log10_subsample": -0.41517161448571405, "max_depth": 9.0, "num_boost_round": 4.0}, "datetime": {"datetime": "2024-01-19 02:09:14", "elapsed": 7053.802578, "delta": 0.13455}}
{"target": -13.769006852493698, "params": {"gamma": 713.2262742032831, "log10_alpha": -3.1262243222493282, "log10_colsample_bytree": -0.7227576357125636, "log10_eta": -0.5241808578702418, "log10_lambda": -2.693729718414245, "log10_min_child_weight": 4.7201325836227435, "log10_subsample": -0.41517161448571405, "max_depth": 9.0, "num_boost_round": 5.0}, "datetime": {"datetime": "2024-01-19 02:09:14", "elapsed": 7053.811151, "delta": 0.008573}}
{"target": -13.769070095428436, "params": {"gamma": 713.2262742032831, "log10_alpha": -3.1262243222493282, "log10_colsample_bytree": -0.7227576357125636, "log10_eta": -0.5241808578702418, "log10_lambda": -2.693729718414245, "log10_min_child_weight": 4.7201325836227435, "log10_subsample": -0.41517161448571405, "max_depth": 9.0, "num_boost_round": 6.0}, "datetime": {"datetime": "2024-01-19 02:09:14", "elapsed": 7053.818488, "delta": 0.007337}}
{"target": -13.768964953837198, "params": {"gamma": 713.2262742032831, "log10_alpha": -3.1262243222493282, "log10_colsample_bytree": -0.7227576357125636, "log10_eta": -0.5241808578702418, "log10_lambda": -2.693729718414245, "log10_min_child_weight": 4.7201325836227435, "log10_subsample": -0.41517161448571405, "max_depth": 9.0, "num_boost_round": 7.0}, "datetime": {"datetime": "2024-01-19 02:09:14", "elapsed": 7053.825531, "delta": 0.007043}}
{"target": -13.770723995531355, "params": {"gamma": 713.2262742032831, "log10_alpha": -3.1262243222493282, "log10_colsample_bytree": -0.7227576357125636, "log10_eta": -0.5241808578702418, "log10_lambda": -2.693729718414245, "log10_min_child_weight": 4.7201325836227435, "log10_subsample": -0.41517161448571405, "max_depth": 9.0, "num_boost_round": 8.0}, "datetime": {"datetime": "2024-01-19 02:09:14", "elapsed": 7053.832403, "delta": 0.006872}}
{"target": -13.77183744450273, "params": {"gamma": 713.2262742032831, "log10_alpha": -3.1262243222493282, "log10_colsample_bytree": -0.7227576357125636, "log10_eta": -0.5241808578702418, "log10_lambda": -2.693729718414245, "log10_min_child_weight": 4.7201325836227435, "log10_subsample": -0.41517161448571405, "max_depth": 9.0, "num_boost_round": 9.0}, "datetime": {"datetime": "2024-01-19 02:09:14", "elapsed": 7053.839392, "delta": 0.006989}}
{"target": -13.771255364358776, "params": {"gamma": 713.2262742032831, "log10_alpha": -3.1262243222493282, "log10_colsample_bytree": -0.7227576357125636, "log10_eta": -0.5241808578702418, "log10_lambda": -2.693729718414245, "log10_min_child_weight": 4.7201325836227435, "log10_subsample": -0.41517161448571405, "max_depth": 9.0, "num_boost_round": 10.0}, "datetime": {"datetime": "2024-01-19 02:09:14", "elapsed": 7053.846363, "delta": 0.006971}}
{"target": -13.770883855784524, "params": {"gamma": 713.2262742032831, "log10_alpha": -3.1262243222493282, "log10_colsample_bytree": -0.7227576357125636, "log10_eta": -0.5241808578702418, "log10_lambda": -2.693729718414245, "log10_min_child_weight": 4.7201325836227435, "log10_subsample": -0.41517161448571405, "max_depth": 9.0, "num_boost_round": 11.0}, "datetime": {"datetime": "2024-01-19 02:09:14", "elapsed": 7053.853653, "delta": 0.00729}}
{"target": -13.772363301870415, "params": {"gamma": 713.2262742032831, "log10_alpha": -3.1262243222493282, "log10_colsample_bytree": -0.7227576357125636, "log10_eta": -0.5241808578702418, "log10_lambda": -2.693729718414245, "log10_min_child_weight": 4.7201325836227435, "log10_subsample": -0.41517161448571405, "max_depth": 9.0, "num_boost_round": 12.0}, "datetime": {"datetime": "2024-01-19 02:09:14", "elapsed": 7053.860537, "delta": 0.006884}}
{"target": -13.773965067699958, "params": {"gamma": 713.2262742032831, "log10_alpha": -3.1262243222493282, "log10_colsample_bytree": -0.7227576357125636, "log10_eta": -0.5241808578702418, "log10_lambda": -2.693729718414245, "log10_min_child_weight": 4.7201325836227435, "log10_subsample": -0.41517161448571405, "max_depth": 9.0, "num_boost_round": 13.0}, "datetime": {"datetime": "2024-01-19 02:09:14", "elapsed": 7053.867478, "delta": 0.006941}}
{"target": -13.773856347425697, "params": {"gamma": 713.2262742032831, "log10_alpha": -3.1262243222493282, "log10_colsample_bytree": -0.7227576357125636, "log10_eta": -0.5241808578702418, "log10_lambda": -2.693729718414245, "log10_min_child_weight": 4.7201325836227435, "log10_subsample": -0.41517161448571405, "max_depth": 9.0, "num_boost_round": 14.0}, "datetime": {"datetime": "2024-01-19 02:09:14", "elapsed": 7053.874464, "delta": 0.006986}}
{"target": -13.773657070665244, "params": {"gamma": 713.2262742032831, "log10_alpha": -3.1262243222493282, "log10_colsample_bytree": -0.7227576357125636, "log10_eta": -0.5241808578702418, "log10_lambda": -2.693729718414245, "log10_min_child_weight": 4.7201325836227435, "log10_subsample": -0.41517161448571405, "max_depth": 9.0, "num_boost_round": 15.0}, "datetime": {"datetime": "2024-01-19 02:09:14", "elapsed": 7053.881478, "delta": 0.007014}}
{"target": -13.771391171703328, "params": {"gamma": 713.2262742032831, "log10_alpha": -3.1262243222493282, "log10_colsample_bytree": -0.7227576357125636, "log10_eta": -0.5241808578702418, "log10_lambda": -2.693729718414245, "log10_min_child_weight": 4.7201325836227435, "log10_subsample": -0.41517161448571405, "max_depth": 9.0, "num_boost_round": 16.0}, "datetime": {"datetime": "2024-01-19 02:09:14", "elapsed": 7053.889266, "delta": 0.007788}}
{"target": -13.774597203675087, "params": {"gamma": 713.2262742032831, "log10_alpha": -3.1262243222493282, "log10_colsample_bytree": -0.7227576357125636, "log10_eta": -0.5241808578702418, "log10_lambda": -2.693729718414245, "log10_min_child_weight": 4.7201325836227435, "log10_subsample": -0.41517161448571405, "max_depth": 9.0, "num_boost_round": 17.0}, "datetime": {"datetime": "2024-01-19 02:09:14", "elapsed": 7053.897107, "delta": 0.007841}}
{"target": -13.77455797299878, "params": {"gamma": 713.2262742032831, "log10_alpha": -3.1262243222493282, "log10_colsample_bytree": -0.7227576357125636, "log10_eta": -0.5241808578702418, "log10_lambda": -2.693729718414245, "log10_min_child_weight": 4.7201325836227435, "log10_subsample": -0.41517161448571405, "max_depth": 9.0, "num_boost_round": 18.0}, "datetime": {"datetime": "2024-01-19 02:09:14", "elapsed": 7053.904729, "delta": 0.007622}}
{"target": -13.774542488078916, "params": {"gamma": 713.2262742032831, "log10_alpha": -3.1262243222493282, "log10_colsample_bytree": -0.7227576357125636, "log10_eta": -0.5241808578702418, "log10_lambda": -2.693729718414245, "log10_min_child_weight": 4.7201325836227435, "log10_subsample": -0.41517161448571405, "max_depth": 9.0, "num_boost_round": 19.0}, "datetime": {"datetime": "2024-01-19 02:09:14", "elapsed": 7054.016484, "delta": 0.111755}}
