{"target": -13.757664845683143, "params": {"gamma": 989.5888702241098, "log10_alpha": -0.1480181150072699, "log10_colsample_bytree": -0.9796200842028793, "log10_eta": -1.8067995362147982, "log10_lambda": -4.7723587293545755, "log10_min_child_weight": 3.002272059309528, "log10_subsample": -0.23773958007014961, "max_depth": 5.0, "num_boost_round": 7.0}, "datetime": {"datetime": "2024-01-19 00:25:35", "elapsed": 836.916994, "delta": 0.001339}}
{"target": -13.757707817612413, "params": {"gamma": 989.5888702241098, "log10_alpha": -0.1480181150072699, "log10_colsample_bytree": -0.9796200842028793, "log10_eta": -1.8067995362147982, "log10_lambda": -4.7723587293545755, "log10_min_child_weight": 3.002272059309528, "log10_subsample": -0.23773958007014961, "max_depth": 5.0, "num_boost_round": 8.0}, "datetime": {"datetime": "2024-01-19 00:25:35", "elapsed": 836.918418, "delta": 0.001424}}
{"target": -13.757693093637519, "params": {"gamma": 989.5888702241098, "log10_alpha": -0.1480181150072699, "log10_colsample_bytree": -0.9796200842028793, "log10_eta": -1.8067995362147982, "log10_lambda": -4.7723587293545755, "log10_min_child_weight": 3.002272059309528, "log10_subsample": -0.23773958007014961, "max_depth": 5.0, "num_boost_round": 9.0}, "datetime": {"datetime": "2024-01-19 00:25:35", "elapsed": 836.919812, "delta": 0.001394}}
{"target": -13.757877870968883, "params": {"gamma": 989.5888702241098, "log10_alpha": -0.1480181150072699, "log10_colsample_bytree": -0.9796200842028793, "log10_eta": -1.8067995362147982, "log10_lambda": -4.7723587293545755, "log10_min_child_weight": 3.002272059309528, "log10_subsample": -0.23773958007014961, "max_depth": 5.0, "num_boost_round": 10.0}, "datetime": {"datetime": "2024-01-19 00:25:35", "elapsed": 836.92119, "delta": 0.001378}}
{"target": -13.7577595805836, "params": {"gamma": 989.5888702241098, "log10_alpha": -0.1480181150072699, "log10_colsample_bytree": -0.9796200842028793, "log10_eta": -1.8067995362147982, "log10_lambda": -4.7723587293545755, "log10_min_child_weight": 3.002272059309528, "log10_subsample": -0.23773958007014961, "max_depth": 5.0, "num_boost_round": 11.0}, "datetime": {"datetime": "2024-01-19 00:25:35", "elapsed": 836.922575, "delta": 0.001385}}
{"target": -13.757572157482576, "params": {"gamma": 989.5888702241098, "log10_alpha": -0.1480181150072699, "log10_colsample_bytree": -0.9796200842028793, "log10_eta": -1.8067995362147982, "log10_lambda": -4.7723587293545755, "log10_min_child_weight": 3.002272059309528, "log10_subsample": -0.23773958007014961, "max_depth": 5.0, "num_boost_round": 12.0}, "datetime": {"datetime": "2024-01-19 00:25:35", "elapsed": 836.923938, "delta": 0.001363}}
{"target": -13.757302133778067, "params": {"gamma": 989.5888702241098, "log10_alpha": -0.1480181150072699, "log10_colsample_bytree": -0.9796200842028793, "log10_eta": -1.8067995362147982, "log10_lambda": -4.7723587293545755, "log10_min_child_weight": 3.002272059309528, "log10_subsample": -0.23773958007014961, "max_depth": 5.0, "num_boost_round": 13.0}, "datetime": {"datetime": "2024-01-19 00:25:35", "elapsed": 836.925324, "delta": 0.001386}}
{"target": -13.757205082857991, "params": {"gamma": 989.5888702241098, "log10_alpha": -0.1480181150072699, "log10_colsample_bytree": -0.9796200842028793, "log10_eta": -1.8067995362147982, "log10_lambda": -4.7723587293545755, "log10_min_child_weight": 3.002272059309528, "log10_subsample": -0.23773958007014961, "max_depth": 5.0, "num_boost_round": 14.0}, "datetime": {"datetime": "2024-01-19 00:25:35", "elapsed": 836.926708, "delta": 0.001384}}
{"target": -13.756934724757082, "params": {"gamma": 989.5888702241098, "log10_alpha": -0.1480181150072699, "log10_colsample_bytree": -0.9796200842028793, "log10_eta": -1.8067995362147982, "log10_lambda": -4.7723587293545755, "log10_min_child_weight": 3.002272059309528, "log10_subsample": -0.23773958007014961, "max_depth": 5.0, "num_boost_round": 15.0}, "datetime": {"datetime": "2024-01-19 00:25:35", "elapsed": 836.928072, "delta": 0.001364}}
{"target": -13.756964751558685, "params": {"gamma": 989.5888702241098, "log10_alpha": -0.1480181150072699, "log10_colsample_bytree": -0.9796200842028793, "log10_eta": -1.8067995362147982, "log10_lambda": -4.7723587293545755, "log10_min_child_weight": 3.002272059309528, "log10_subsample": -0.23773958007014961, "max_depth": 5.0, "num_boost_round": 16.0}, "datetime": {"datetime": "2024-01-19 00:25:35", "elapsed": 836.929449, "delta": 0.001377}}
{"target": -13.757115147076988, "params": {"gamma": 989.5888702241098, "log10_alpha": -0.1480181150072699, "log10_colsample_bytree": -0.9796200842028793, "log10_eta": -1.8067995362147982, "log10_lambda": -4.7723587293545755, "log10_min_child_weight": 3.002272059309528, "log10_subsample": -0.23773958007014961, "max_depth": 5.0, "num_boost_round": 17.0}, "datetime": {"datetime": "2024-01-19 00:25:35", "elapsed": 836.930829, "delta": 0.00138}}
{"target": -13.756936434309186, "params": {"gamma": 989.5888702241098, "log10_alpha": -0.1480181150072699, "log10_colsample_bytree": -0.9796200842028793, "log10_eta": -1.8067995362147982, "log10_lambda": -4.7723587293545755, "log10_min_child_weight": 3.002272059309528, "log10_subsample": -0.23773958007014961, "max_depth": 5.0, "num_boost_round": 18.0}, "datetime": {"datetime": "2024-01-19 00:25:35", "elapsed": 836.932231, "delta": 0.001402}}
{"target": -13.758535948154627, "params": {"gamma": 988.3068530167276, "log10_alpha": -2.4358785432954537, "log10_colsample_bytree": -0.5535231925294565, "log10_eta": -3.677836820336409, "log10_lambda": -4.934306228928099, "log10_min_child_weight": 1.0115850107172852, "log10_subsample": -0.4783560635376357, "max_depth": 2.0, "num_boost_round": 0.0}, "datetime": {"datetime": "2024-01-19 00:26:02", "elapsed": 863.107048, "delta": 26.174817}}
{"target": -13.75853310812083, "params": {"gamma": 988.3068530167276, "log10_alpha": -2.4358785432954537, "log10_colsample_bytree": -0.5535231925294565, "log10_eta": -3.677836820336409, "log10_lambda": -4.934306228928099, "log10_min_child_weight": 1.0115850107172852, "log10_subsample": -0.4783560635376357, "max_depth": 2.0, "num_boost_round": 1.0}, "datetime": {"datetime": "2024-01-19 00:26:02", "elapsed": 863.109639, "delta": 0.002591}}
{"target": -13.75853433006305, "params": {"gamma": 988.3068530167276, "log10_alpha": -2.4358785432954537, "log10_colsample_bytree": -0.5535231925294565, "log10_eta": -3.677836820336409, "log10_lambda": -4.934306228928099, "log10_min_child_weight": 1.0115850107172852, "log10_subsample": -0.4783560635376357, "max_depth": 2.0, "num_boost_round": 2.0}, "datetime": {"datetime": "2024-01-19 00:26:02", "elapsed": 863.111596, "delta": 0.001957}}
{"target": -13.75853374000843, "params": {"gamma": 988.3068530167276, "log10_alpha": -2.4358785432954537, "log10_colsample_bytree": -0.5535231925294565, "log10_eta": -3.677836820336409, "log10_lambda": -4.934306228928099, "log10_min_child_weight": 1.0115850107172852, "log10_subsample": -0.4783560635376357, "max_depth": 2.0, "num_boost_round": 3.0}, "datetime": {"datetime": "2024-01-19 00:26:02", "elapsed": 863.113251, "delta": 0.001655}}
{"target": -13.758532582531412, "params": {"gamma": 988.3068530167276, "log10_alpha": -2.4358785432954537, "log10_colsample_bytree": -0.5535231925294565, "log10_eta": -3.677836820336409, "log10_lambda": -4.934306228928099, "log10_min_child_weight": 1.0115850107172852, "log10_subsample": -0.4783560635376357, "max_depth": 2.0, "num_boost_round": 4.0}, "datetime": {"datetime": "2024-01-19 00:26:02", "elapsed": 863.114621, "delta": 0.00137}}
{"target": -13.758530907779466, "params": {"gamma": 988.3068530167276, "log10_alpha": -2.4358785432954537, "log10_colsample_bytree": -0.5535231925294565, "log10_eta": -3.677836820336409, "log10_lambda": -4.934306228928099, "log10_min_child_weight": 1.0115850107172852, "log10_subsample": -0.4783560635376357, "max_depth": 2.0, "num_boost_round": 5.0}, "datetime": {"datetime": "2024-01-19 00:26:02", "elapsed": 863.116041, "delta": 0.00142}}
{"target": -13.758528553589912, "params": {"gamma": 988.3068530167276, "log10_alpha": -2.4358785432954537, "log10_colsample_bytree": -0.5535231925294565, "log10_eta": -3.677836820336409, "log10_lambda": -4.934306228928099, "log10_min_child_weight": 1.0115850107172852, "log10_subsample": -0.4783560635376357, "max_depth": 2.0, "num_boost_round": 6.0}, "datetime": {"datetime": "2024-01-19 00:26:02", "elapsed": 863.117463, "delta": 0.001422}}
{"target": -13.758528030522628, "params": {"gamma": 988.3068530167276, "log10_alpha": -2.4358785432954537, "log10_colsample_bytree": -0.5535231925294565, "log10_eta": -3.677836820336409, "log10_lambda": -4.934306228928099, "log10_min_child_weight": 1.0115850107172852, "log10_subsample": -0.4783560635376357, "max_depth": 2.0, "num_boost_round": 7.0}, "datetime": {"datetime": "2024-01-19 00:26:02", "elapsed": 863.118814, "delta": 0.001351}}
{"target": -13.758525008840515, "params": {"gamma": 988.3068530167276, "log10_alpha": -2.4358785432954537, "log10_colsample_bytree": -0.5535231925294565, "log10_eta": -3.677836820336409, "log10_lambda": -4.934306228928099, "log10_min_child_weight": 1.0115850107172852, "log10_subsample": -0.4783560635376357, "max_depth": 2.0, "num_boost_round": 8.0}, "datetime": {"datetime": "2024-01-19 00:26:02", "elapsed": 863.120173, "delta": 0.001359}}
{"target": -13.758522526640544, "params": {"gamma": 988.3068530167276, "log10_alpha": -2.4358785432954537, "log10_colsample_bytree": -0.5535231925294565, "log10_eta": -3.677836820336409, "log10_lambda": -4.934306228928099, "log10_min_child_weight": 1.0115850107172852, "log10_subsample": -0.4783560635376357, "max_depth": 2.0, "num_boost_round": 9.0}, "datetime": {"datetime": "2024-01-19 00:26:02", "elapsed": 863.121537, "delta": 0.001364}}
{"target": -13.758517938846577, "params": {"gamma": 988.3068530167276, "log10_alpha": -2.4358785432954537, "log10_colsample_bytree": -0.5535231925294565, "log10_eta": -3.677836820336409, "log10_lambda": -4.934306228928099, "log10_min_child_weight": 1.0115850107172852, "log10_subsample": -0.4783560635376357, "max_depth": 2.0, "num_boost_round": 10.0}, "datetime": {"datetime": "2024-01-19 00:26:02", "elapsed": 863.122887, "delta": 0.00135}}
{"target": -13.758515177153658, "params": {"gamma": 988.3068530167276, "log10_alpha": -2.4358785432954537, "log10_colsample_bytree": -0.5535231925294565, "log10_eta": -3.677836820336409, "log10_lambda": -4.934306228928099, "log10_min_child_weight": 1.0115850107172852, "log10_subsample": -0.4783560635376357, "max_depth": 2.0, "num_boost_round": 11.0}, "datetime": {"datetime": "2024-01-19 00:26:02", "elapsed": 863.124245, "delta": 0.001358}}
{"target": -13.75851193474795, "params": {"gamma": 988.3068530167276, "log10_alpha": -2.4358785432954537, "log10_colsample_bytree": -0.5535231925294565, "log10_eta": -3.677836820336409, "log10_lambda": -4.934306228928099, "log10_min_child_weight": 1.0115850107172852, "log10_subsample": -0.4783560635376357, "max_depth": 2.0, "num_boost_round": 12.0}, "datetime": {"datetime": "2024-01-19 00:26:02", "elapsed": 863.125636, "delta": 0.001391}}
{"target": -13.758509875501858, "params": {"gamma": 988.3068530167276, "log10_alpha": -2.4358785432954537, "log10_colsample_bytree": -0.5535231925294565, "log10_eta": -3.677836820336409, "log10_lambda": -4.934306228928099, "log10_min_child_weight": 1.0115850107172852, "log10_subsample": -0.4783560635376357, "max_depth": 2.0, "num_boost_round": 13.0}, "datetime": {"datetime": "2024-01-19 00:26:02", "elapsed": 863.12705, "delta": 0.001414}}
{"target": -13.758508986090092, "params": {"gamma": 988.3068530167276, "log10_alpha": -2.4358785432954537, "log10_colsample_bytree": -0.5535231925294565, "log10_eta": -3.677836820336409, "log10_lambda": -4.934306228928099, "log10_min_child_weight": 1.0115850107172852, "log10_subsample": -0.4783560635376357, "max_depth": 2.0, "num_boost_round": 14.0}, "datetime": {"datetime": "2024-01-19 00:26:02", "elapsed": 863.128407, "delta": 0.001357}}
{"target": -13.758505352891639, "params": {"gamma": 988.3068530167276, "log10_alpha": -2.4358785432954537, "log10_colsample_bytree": -0.5535231925294565, "log10_eta": -3.677836820336409, "log10_lambda": -4.934306228928099, "log10_min_child_weight": 1.0115850107172852, "log10_subsample": -0.4783560635376357, "max_depth": 2.0, "num_boost_round": 15.0}, "datetime": {"datetime": "2024-01-19 00:26:02", "elapsed": 863.12976, "delta": 0.001353}}
{"target": -13.758506123246065, "params": {"gamma": 988.3068530167276, "log10_alpha": -2.4358785432954537, "log10_colsample_bytree": -0.5535231925294565, "log10_eta": -3.677836820336409, "log10_lambda": -4.934306228928099, "log10_min_child_weight": 1.0115850107172852, "log10_subsample": -0.4783560635376357, "max_depth": 2.0, "num_boost_round": 16.0}, "datetime": {"datetime": "2024-01-19 00:26:02", "elapsed": 863.131122, "delta": 0.001362}}
{"target": -13.75850625234485, "params": {"gamma": 988.3068530167276, "log10_alpha": -2.4358785432954537, "log10_colsample_bytree": -0.5535231925294565, "log10_eta": -3.677836820336409, "log10_lambda": -4.934306228928099, "log10_min_child_weight": 1.0115850107172852, "log10_subsample": -0.4783560635376357, "max_depth": 2.0, "num_boost_round": 17.0}, "datetime": {"datetime": "2024-01-19 00:26:02", "elapsed": 863.132475, "delta": 0.001353}}
{"target": -13.758505782977611, "params": {"gamma": 988.3068530167276, "log10_alpha": -2.4358785432954537, "log10_colsample_bytree": -0.5535231925294565, "log10_eta": -3.677836820336409, "log10_lambda": -4.934306228928099, "log10_min_child_weight": 1.0115850107172852, "log10_subsample": -0.4783560635376357, "max_depth": 2.0, "num_boost_round": 18.0}, "datetime": {"datetime": "2024-01-19 00:26:02", "elapsed": 863.133829, "delta": 0.001354}}
{"target": -13.758503207102555, "params": {"gamma": 988.3068530167276, "log10_alpha": -2.4358785432954537, "log10_colsample_bytree": -0.5535231925294565, "log10_eta": -3.677836820336409, "log10_lambda": -4.934306228928099, "log10_min_child_weight": 1.0115850107172852, "log10_subsample": -0.4783560635376357, "max_depth": 2.0, "num_boost_round": 19.0}, "datetime": {"datetime": "2024-01-19 00:26:02", "elapsed": 863.135205, "delta": 0.001376}}
{"target": -13.758500282656533, "params": {"gamma": 988.3068530167276, "log10_alpha": -2.4358785432954537, "log10_colsample_bytree": -0.5535231925294565, "log10_eta": -3.677836820336409, "log10_lambda": -4.934306228928099, "log10_min_child_weight": 1.0115850107172852, "log10_subsample": -0.4783560635376357, "max_depth": 2.0, "num_boost_round": 20.0}, "datetime": {"datetime": "2024-01-19 00:26:02", "elapsed": 863.136559, "delta": 0.001354}}
{"target": -13.758499677675136, "params": {"gamma": 988.3068530167276, "log10_alpha": -2.4358785432954537, "log10_colsample_bytree": -0.5535231925294565, "log10_eta": -3.677836820336409, "log10_lambda": -4.934306228928099, "log10_min_child_weight": 1.0115850107172852, "log10_subsample": -0.4783560635376357, "max_depth": 2.0, "num_boost_round": 21.0}, "datetime": {"datetime": "2024-01-19 00:26:02", "elapsed": 863.137988, "delta": 0.001429}}
{"target": -13.758498770482129, "params": {"gamma": 988.3068530167276, "log10_alpha": -2.4358785432954537, "log10_colsample_bytree": -0.5535231925294565, "log10_eta": -3.677836820336409, "log10_lambda": -4.934306228928099, "log10_min_child_weight": 1.0115850107172852, "log10_subsample": -0.4783560635376357, "max_depth": 2.0, "num_boost_round": 22.0}, "datetime": {"datetime": "2024-01-19 00:26:02", "elapsed": 863.139358, "delta": 0.00137}}
{"target": -13.758496557730094, "params": {"gamma": 988.3068530167276, "log10_alpha": -2.4358785432954537, "log10_colsample_bytree": -0.5535231925294565, "log10_eta": -3.677836820336409, "log10_lambda": -4.934306228928099, "log10_min_child_weight": 1.0115850107172852, "log10_subsample": -0.4783560635376357, "max_depth": 2.0, "num_boost_round": 23.0}, "datetime": {"datetime": "2024-01-19 00:26:02", "elapsed": 863.140724, "delta": 0.001366}}
{"target": -13.75849817021858, "params": {"gamma": 988.3068530167276, "log10_alpha": -2.4358785432954537, "log10_colsample_bytree": -0.5535231925294565, "log10_eta": -3.677836820336409, "log10_lambda": -4.934306228928099, "log10_min_child_weight": 1.0115850107172852, "log10_subsample": -0.4783560635376357, "max_depth": 2.0, "num_boost_round": 24.0}, "datetime": {"datetime": "2024-01-19 00:26:02", "elapsed": 863.142108, "delta": 0.001384}}
{"target": -13.758494532144761, "params": {"gamma": 988.3068530167276, "log10_alpha": -2.4358785432954537, "log10_colsample_bytree": -0.5535231925294565, "log10_eta": -3.677836820336409, "log10_lambda": -4.934306228928099, "log10_min_child_weight": 1.0115850107172852, "log10_subsample": -0.4783560635376357, "max_depth": 2.0, "num_boost_round": 25.0}, "datetime": {"datetime": "2024-01-19 00:26:02", "elapsed": 863.143479, "delta": 0.001371}}
{"target": -13.75849354464774, "params": {"gamma": 988.3068530167276, "log10_alpha": -2.4358785432954537, "log10_colsample_bytree": -0.5535231925294565, "log10_eta": -3.677836820336409, "log10_lambda": -4.934306228928099, "log10_min_child_weight": 1.0115850107172852, "log10_subsample": -0.4783560635376357, "max_depth": 2.0, "num_boost_round": 26.0}, "datetime": {"datetime": "2024-01-19 00:26:02", "elapsed": 863.144841, "delta": 0.001362}}
{"target": -13.758490787089418, "params": {"gamma": 988.3068530167276, "log10_alpha": -2.4358785432954537, "log10_colsample_bytree": -0.5535231925294565, "log10_eta": -3.677836820336409, "log10_lambda": -4.934306228928099, "log10_min_child_weight": 1.0115850107172852, "log10_subsample": -0.4783560635376357, "max_depth": 2.0, "num_boost_round": 27.0}, "datetime": {"datetime": "2024-01-19 00:26:02", "elapsed": 863.146305, "delta": 0.001464}}
{"target": -13.758489879111623, "params": {"gamma": 988.3068530167276, "log10_alpha": -2.4358785432954537, "log10_colsample_bytree": -0.5535231925294565, "log10_eta": -3.677836820336409, "log10_lambda": -4.934306228928099, "log10_min_child_weight": 1.0115850107172852, "log10_subsample": -0.4783560635376357, "max_depth": 2.0, "num_boost_round": 28.0}, "datetime": {"datetime": "2024-01-19 00:26:02", "elapsed": 863.14786, "delta": 0.001555}}
{"target": -13.758488352327275, "params": {"gamma": 988.3068530167276, "log10_alpha": -2.4358785432954537, "log10_colsample_bytree": -0.5535231925294565, "log10_eta": -3.677836820336409, "log10_lambda": -4.934306228928099, "log10_min_child_weight": 1.0115850107172852, "log10_subsample": -0.4783560635376357, "max_depth": 2.0, "num_boost_round": 29.0}, "datetime": {"datetime": "2024-01-19 00:26:02", "elapsed": 863.149387, "delta": 0.001527}}
{"target": -13.758486300515079, "params": {"gamma": 988.3068530167276, "log10_alpha": -2.4358785432954537, "log10_colsample_bytree": -0.5535231925294565, "log10_eta": -3.677836820336409, "log10_lambda": -4.934306228928099, "log10_min_child_weight": 1.0115850107172852, "log10_subsample": -0.4783560635376357, "max_depth": 2.0, "num_boost_round": 30.0}, "datetime": {"datetime": "2024-01-19 00:26:02", "elapsed": 863.150797, "delta": 0.00141}}
{"target": -13.758482687149403, "params": {"gamma": 988.3068530167276, "log10_alpha": -2.4358785432954537, "log10_colsample_bytree": -0.5535231925294565, "log10_eta": -3.677836820336409, "log10_lambda": -4.934306228928099, "log10_min_child_weight": 1.0115850107172852, "log10_subsample": -0.4783560635376357, "max_depth": 2.0, "num_boost_round": 31.0}, "datetime": {"datetime": "2024-01-19 00:26:02", "elapsed": 863.152195, "delta": 0.001398}}
{"target": -13.758480549875275, "params": {"gamma": 988.3068530167276, "log10_alpha": -2.4358785432954537, "log10_colsample_bytree": -0.5535231925294565, "log10_eta": -3.677836820336409, "log10_lambda": -4.934306228928099, "log10_min_child_weight": 1.0115850107172852, "log10_subsample": -0.4783560635376357, "max_depth": 2.0, "num_boost_round": 32.0}, "datetime": {"datetime": "2024-01-19 00:26:02", "elapsed": 863.153576, "delta": 0.001381}}
{"target": -13.758479249487529, "params": {"gamma": 988.3068530167276, "log10_alpha": -2.4358785432954537, "log10_colsample_bytree": -0.5535231925294565, "log10_eta": -3.677836820336409, "log10_lambda": -4.934306228928099, "log10_min_child_weight": 1.0115850107172852, "log10_subsample": -0.4783560635376357, "max_depth": 2.0, "num_boost_round": 33.0}, "datetime": {"datetime": "2024-01-19 00:26:02", "elapsed": 863.154991, "delta": 0.001415}}
{"target": -13.757266349902253, "params": {"gamma": 968.7916516882128, "log10_alpha": -0.6066912851963805, "log10_colsample_bytree": -1.0, "log10_eta": -1.20119131240374, "log10_lambda": -4.377510737871812, "log10_min_child_weight": 0.7768526091008902, "log10_subsample": 0.0, "max_depth": 2.0, "num_boost_round": 0.0}, "datetime": {"datetime": "2024-01-19 00:26:21", "elapsed": 882.66231, "delta": 19.507319}}
{"target": -13.757216015607945, "params": {"gamma": 968.7916516882128, "log10_alpha": -0.6066912851963805, "log10_colsample_bytree": -1.0, "log10_eta": -1.20119131240374, "log10_lambda": -4.377510737871812, "log10_min_child_weight": 0.7768526091008902, "log10_subsample": 0.0, "max_depth": 2.0, "num_boost_round": 1.0}, "datetime": {"datetime": "2024-01-19 00:26:21", "elapsed": 882.663827, "delta": 0.001517}}
{"target": -13.75722257956573, "params": {"gamma": 968.7916516882128, "log10_alpha": -0.6066912851963805, "log10_colsample_bytree": -1.0, "log10_eta": -1.20119131240374, "log10_lambda": -4.377510737871812, "log10_min_child_weight": 0.7768526091008902, "log10_subsample": 0.0, "max_depth": 2.0, "num_boost_round": 2.0}, "datetime": {"datetime": "2024-01-19 00:26:21", "elapsed": 882.66639, "delta": 0.002563}}
