{"target": -17.76757110920634, "params": {"gamma": 462.19926614706463, "log10_alpha": -4.820737466453701, "log10_colsample_bytree": -0.2297699363817538, "log10_eta": -0.8326870964818993, "log10_lambda": -1.6350421811939322, "log10_min_child_weight": 2.4058254533760453, "log10_subsample": -0.7053597422959471, "max_depth": 6.0, "num_boost_round": 12.0}, "datetime": {"datetime": "2024-01-19 01:38:53", "elapsed": 5237.968313, "delta": 0.003532}}
{"target": -17.799605592109604, "params": {"gamma": 462.19926614706463, "log10_alpha": -4.820737466453701, "log10_colsample_bytree": -0.2297699363817538, "log10_eta": -0.8326870964818993, "log10_lambda": -1.6350421811939322, "log10_min_child_weight": 2.4058254533760453, "log10_subsample": -0.7053597422959471, "max_depth": 6.0, "num_boost_round": 13.0}, "datetime": {"datetime": "2024-01-19 01:38:53", "elapsed": 5237.97188, "delta": 0.003567}}
{"target": -17.836192665195505, "params": {"gamma": 462.19926614706463, "log10_alpha": -4.820737466453701, "log10_colsample_bytree": -0.2297699363817538, "log10_eta": -0.8326870964818993, "log10_lambda": -1.6350421811939322, "log10_min_child_weight": 2.4058254533760453, "log10_subsample": -0.7053597422959471, "max_depth": 6.0, "num_boost_round": 14.0}, "datetime": {"datetime": "2024-01-19 01:38:53", "elapsed": 5237.975585, "delta": 0.003705}}
{"target": -17.843875127358814, "params": {"gamma": 462.19926614706463, "log10_alpha": -4.820737466453701, "log10_colsample_bytree": -0.2297699363817538, "log10_eta": -0.8326870964818993, "log10_lambda": -1.6350421811939322, "log10_min_child_weight": 2.4058254533760453, "log10_subsample": -0.7053597422959471, "max_depth": 6.0, "num_boost_round": 15.0}, "datetime": {"datetime": "2024-01-19 01:38:53", "elapsed": 5237.979357, "delta": 0.003772}}
{"target": -17.845059072494795, "params": {"gamma": 462.19926614706463, "log10_alpha": -4.820737466453701, "log10_colsample_bytree": -0.2297699363817538, "log10_eta": -0.8326870964818993, "log10_lambda": -1.6350421811939322, "log10_min_child_weight": 2.4058254533760453, "log10_subsample": -0.7053597422959471, "max_depth": 6.0, "num_boost_round": 16.0}, "datetime": {"datetime": "2024-01-19 01:38:53", "elapsed": 5237.982974, "delta": 0.003617}}
{"target": -17.850072262253395, "params": {"gamma": 462.19926614706463, "log10_alpha": -4.820737466453701, "log10_colsample_bytree": -0.2297699363817538, "log10_eta": -0.8326870964818993, "log10_lambda": -1.6350421811939322, "log10_min_child_weight": 2.4058254533760453, "log10_subsample": -0.7053597422959471, "max_depth": 6.0, "num_boost_round": 17.0}, "datetime": {"datetime": "2024-01-19 01:38:53", "elapsed": 5237.986734, "delta": 0.00376}}
{"target": -17.851552533269743, "params": {"gamma": 462.19926614706463, "log10_alpha": -4.820737466453701, "log10_colsample_bytree": -0.2297699363817538, "log10_eta": -0.8326870964818993, "log10_lambda": -1.6350421811939322, "log10_min_child_weight": 2.4058254533760453, "log10_subsample": -0.7053597422959471, "max_depth": 6.0, "num_boost_round": 18.0}, "datetime": {"datetime": "2024-01-19 01:38:53", "elapsed": 5237.990422, "delta": 0.003688}}
{"target": -17.677192878840717, "params": {"gamma": 442.43348271477055, "log10_alpha": -0.2684909167107383, "log10_colsample_bytree": -0.5389295591295438, "log10_eta": -2.6725937820234495, "log10_lambda": 0.44325748140538224, "log10_min_child_weight": 4.406747252542346, "log10_subsample": -0.04041250602036506, "max_depth": 3.0, "num_boost_round": 0.0}, "datetime": {"datetime": "2024-01-19 01:39:53", "elapsed": 5297.527388, "delta": 59.536966}}
{"target": -17.677199492795406, "params": {"gamma": 442.43348271477055, "log10_alpha": -0.2684909167107383, "log10_colsample_bytree": -0.5389295591295438, "log10_eta": -2.6725937820234495, "log10_lambda": 0.44325748140538224, "log10_min_child_weight": 4.406747252542346, "log10_subsample": -0.04041250602036506, "max_depth": 3.0, "num_boost_round": 1.0}, "datetime": {"datetime": "2024-01-19 01:39:53", "elapsed": 5297.532685, "delta": 0.005297}}
{"target": -17.677209270229955, "params": {"gamma": 442.43348271477055, "log10_alpha": -0.2684909167107383, "log10_colsample_bytree": -0.5389295591295438, "log10_eta": -2.6725937820234495, "log10_lambda": 0.44325748140538224, "log10_min_child_weight": 4.406747252542346, "log10_subsample": -0.04041250602036506, "max_depth": 3.0, "num_boost_round": 2.0}, "datetime": {"datetime": "2024-01-19 01:39:53", "elapsed": 5297.536972, "delta": 0.004287}}
{"target": -17.677181256964715, "params": {"gamma": 442.43348271477055, "log10_alpha": -0.2684909167107383, "log10_colsample_bytree": -0.5389295591295438, "log10_eta": -2.6725937820234495, "log10_lambda": 0.44325748140538224, "log10_min_child_weight": 4.406747252542346, "log10_subsample": -0.04041250602036506, "max_depth": 3.0, "num_boost_round": 3.0}, "datetime": {"datetime": "2024-01-19 01:39:53", "elapsed": 5297.540746, "delta": 0.003774}}
{"target": -17.67713806407314, "params": {"gamma": 442.43348271477055, "log10_alpha": -0.2684909167107383, "log10_colsample_bytree": -0.5389295591295438, "log10_eta": -2.6725937820234495, "log10_lambda": 0.44325748140538224, "log10_min_child_weight": 4.406747252542346, "log10_subsample": -0.04041250602036506, "max_depth": 3.0, "num_boost_round": 4.0}, "datetime": {"datetime": "2024-01-19 01:39:53", "elapsed": 5297.544412, "delta": 0.003666}}
{"target": -17.677135865699892, "params": {"gamma": 442.43348271477055, "log10_alpha": -0.2684909167107383, "log10_colsample_bytree": -0.5389295591295438, "log10_eta": -2.6725937820234495, "log10_lambda": 0.44325748140538224, "log10_min_child_weight": 4.406747252542346, "log10_subsample": -0.04041250602036506, "max_depth": 3.0, "num_boost_round": 5.0}, "datetime": {"datetime": "2024-01-19 01:39:53", "elapsed": 5297.54813, "delta": 0.003718}}
{"target": -17.677145856341028, "params": {"gamma": 442.43348271477055, "log10_alpha": -0.2684909167107383, "log10_colsample_bytree": -0.5389295591295438, "log10_eta": -2.6725937820234495, "log10_lambda": 0.44325748140538224, "log10_min_child_weight": 4.406747252542346, "log10_subsample": -0.04041250602036506, "max_depth": 3.0, "num_boost_round": 6.0}, "datetime": {"datetime": "2024-01-19 01:39:53", "elapsed": 5297.551921, "delta": 0.003791}}
{"target": -17.677165237962313, "params": {"gamma": 442.43348271477055, "log10_alpha": -0.2684909167107383, "log10_colsample_bytree": -0.5389295591295438, "log10_eta": -2.6725937820234495, "log10_lambda": 0.44325748140538224, "log10_min_child_weight": 4.406747252542346, "log10_subsample": -0.04041250602036506, "max_depth": 3.0, "num_boost_round": 7.0}, "datetime": {"datetime": "2024-01-19 01:39:53", "elapsed": 5297.555641, "delta": 0.00372}}
{"target": -17.677178733733065, "params": {"gamma": 442.43348271477055, "log10_alpha": -0.2684909167107383, "log10_colsample_bytree": -0.5389295591295438, "log10_eta": -2.6725937820234495, "log10_lambda": 0.44325748140538224, "log10_min_child_weight": 4.406747252542346, "log10_subsample": -0.04041250602036506, "max_depth": 3.0, "num_boost_round": 8.0}, "datetime": {"datetime": "2024-01-19 01:39:53", "elapsed": 5297.559291, "delta": 0.00365}}
{"target": -17.677156738686772, "params": {"gamma": 442.43348271477055, "log10_alpha": -0.2684909167107383, "log10_colsample_bytree": -0.5389295591295438, "log10_eta": -2.6725937820234495, "log10_lambda": 0.44325748140538224, "log10_min_child_weight": 4.406747252542346, "log10_subsample": -0.04041250602036506, "max_depth": 3.0, "num_boost_round": 9.0}, "datetime": {"datetime": "2024-01-19 01:39:53", "elapsed": 5297.562942, "delta": 0.003651}}
{"target": -17.677121648001783, "params": {"gamma": 442.43348271477055, "log10_alpha": -0.2684909167107383, "log10_colsample_bytree": -0.5389295591295438, "log10_eta": -2.6725937820234495, "log10_lambda": 0.44325748140538224, "log10_min_child_weight": 4.406747252542346, "log10_subsample": -0.04041250602036506, "max_depth": 3.0, "num_boost_round": 10.0}, "datetime": {"datetime": "2024-01-19 01:39:53", "elapsed": 5297.566581, "delta": 0.003639}}
{"target": -17.677079286802318, "params": {"gamma": 442.43348271477055, "log10_alpha": -0.2684909167107383, "log10_colsample_bytree": -0.5389295591295438, "log10_eta": -2.6725937820234495, "log10_lambda": 0.44325748140538224, "log10_min_child_weight": 4.406747252542346, "log10_subsample": -0.04041250602036506, "max_depth": 3.0, "num_boost_round": 11.0}, "datetime": {"datetime": "2024-01-19 01:39:53", "elapsed": 5297.574675, "delta": 0.008094}}
{"target": -17.67708733265997, "params": {"gamma": 442.43348271477055, "log10_alpha": -0.2684909167107383, "log10_colsample_bytree": -0.5389295591295438, "log10_eta": -2.6725937820234495, "log10_lambda": 0.44325748140538224, "log10_min_child_weight": 4.406747252542346, "log10_subsample": -0.04041250602036506, "max_depth": 3.0, "num_boost_round": 12.0}, "datetime": {"datetime": "2024-01-19 01:39:53", "elapsed": 5297.578488, "delta": 0.003813}}
{"target": -17.677063546114763, "params": {"gamma": 442.43348271477055, "log10_alpha": -0.2684909167107383, "log10_colsample_bytree": -0.5389295591295438, "log10_eta": -2.6725937820234495, "log10_lambda": 0.44325748140538224, "log10_min_child_weight": 4.406747252542346, "log10_subsample": -0.04041250602036506, "max_depth": 3.0, "num_boost_round": 13.0}, "datetime": {"datetime": "2024-01-19 01:39:53", "elapsed": 5297.582265, "delta": 0.003777}}
{"target": -17.677054393603676, "params": {"gamma": 442.43348271477055, "log10_alpha": -0.2684909167107383, "log10_colsample_bytree": -0.5389295591295438, "log10_eta": -2.6725937820234495, "log10_lambda": 0.44325748140538224, "log10_min_child_weight": 4.406747252542346, "log10_subsample": -0.04041250602036506, "max_depth": 3.0, "num_boost_round": 14.0}, "datetime": {"datetime": "2024-01-19 01:39:53", "elapsed": 5297.585947, "delta": 0.003682}}
{"target": -17.677046464979462, "params": {"gamma": 442.43348271477055, "log10_alpha": -0.2684909167107383, "log10_colsample_bytree": -0.5389295591295438, "log10_eta": -2.6725937820234495, "log10_lambda": 0.44325748140538224, "log10_min_child_weight": 4.406747252542346, "log10_subsample": -0.04041250602036506, "max_depth": 3.0, "num_boost_round": 15.0}, "datetime": {"datetime": "2024-01-19 01:39:53", "elapsed": 5297.589672, "delta": 0.003725}}
{"target": -17.67703473762247, "params": {"gamma": 442.43348271477055, "log10_alpha": -0.2684909167107383, "log10_colsample_bytree": -0.5389295591295438, "log10_eta": -2.6725937820234495, "log10_lambda": 0.44325748140538224, "log10_min_child_weight": 4.406747252542346, "log10_subsample": -0.04041250602036506, "max_depth": 3.0, "num_boost_round": 16.0}, "datetime": {"datetime": "2024-01-19 01:39:53", "elapsed": 5297.593347, "delta": 0.003675}}
{"target": -17.677026028468507, "params": {"gamma": 442.43348271477055, "log10_alpha": -0.2684909167107383, "log10_colsample_bytree": -0.5389295591295438, "log10_eta": -2.6725937820234495, "log10_lambda": 0.44325748140538224, "log10_min_child_weight": 4.406747252542346, "log10_subsample": -0.04041250602036506, "max_depth": 3.0, "num_boost_round": 17.0}, "datetime": {"datetime": "2024-01-19 01:39:53", "elapsed": 5297.597031, "delta": 0.003684}}
{"target": -17.677021027851577, "params": {"gamma": 442.43348271477055, "log10_alpha": -0.2684909167107383, "log10_colsample_bytree": -0.5389295591295438, "log10_eta": -2.6725937820234495, "log10_lambda": 0.44325748140538224, "log10_min_child_weight": 4.406747252542346, "log10_subsample": -0.04041250602036506, "max_depth": 3.0, "num_boost_round": 18.0}, "datetime": {"datetime": "2024-01-19 01:39:53", "elapsed": 5297.600876, "delta": 0.003845}}
{"target": -17.67698997562022, "params": {"gamma": 442.43348271477055, "log10_alpha": -0.2684909167107383, "log10_colsample_bytree": -0.5389295591295438, "log10_eta": -2.6725937820234495, "log10_lambda": 0.44325748140538224, "log10_min_child_weight": 4.406747252542346, "log10_subsample": -0.04041250602036506, "max_depth": 3.0, "num_boost_round": 19.0}, "datetime": {"datetime": "2024-01-19 01:39:53", "elapsed": 5297.604566, "delta": 0.00369}}
{"target": -17.676967462736897, "params": {"gamma": 442.43348271477055, "log10_alpha": -0.2684909167107383, "log10_colsample_bytree": -0.5389295591295438, "log10_eta": -2.6725937820234495, "log10_lambda": 0.44325748140538224, "log10_min_child_weight": 4.406747252542346, "log10_subsample": -0.04041250602036506, "max_depth": 3.0, "num_boost_round": 20.0}, "datetime": {"datetime": "2024-01-19 01:39:53", "elapsed": 5297.608267, "delta": 0.003701}}
{"target": -17.676991509810655, "params": {"gamma": 442.43348271477055, "log10_alpha": -0.2684909167107383, "log10_colsample_bytree": -0.5389295591295438, "log10_eta": -2.6725937820234495, "log10_lambda": 0.44325748140538224, "log10_min_child_weight": 4.406747252542346, "log10_subsample": -0.04041250602036506, "max_depth": 3.0, "num_boost_round": 21.0}, "datetime": {"datetime": "2024-01-19 01:39:53", "elapsed": 5297.611946, "delta": 0.003679}}
{"target": -17.676956301173306, "params": {"gamma": 442.43348271477055, "log10_alpha": -0.2684909167107383, "log10_colsample_bytree": -0.5389295591295438, "log10_eta": -2.6725937820234495, "log10_lambda": 0.44325748140538224, "log10_min_child_weight": 4.406747252542346, "log10_subsample": -0.04041250602036506, "max_depth": 3.0, "num_boost_round": 22.0}, "datetime": {"datetime": "2024-01-19 01:39:53", "elapsed": 5297.615649, "delta": 0.003703}}
{"target": -17.676951472526607, "params": {"gamma": 442.43348271477055, "log10_alpha": -0.2684909167107383, "log10_colsample_bytree": -0.5389295591295438, "log10_eta": -2.6725937820234495, "log10_lambda": 0.44325748140538224, "log10_min_child_weight": 4.406747252542346, "log10_subsample": -0.04041250602036506, "max_depth": 3.0, "num_boost_round": 23.0}, "datetime": {"datetime": "2024-01-19 01:39:53", "elapsed": 5297.619335, "delta": 0.003686}}
{"target": -17.67694668815844, "params": {"gamma": 442.43348271477055, "log10_alpha": -0.2684909167107383, "log10_colsample_bytree": -0.5389295591295438, "log10_eta": -2.6725937820234495, "log10_lambda": 0.44325748140538224, "log10_min_child_weight": 4.406747252542346, "log10_subsample": -0.04041250602036506, "max_depth": 3.0, "num_boost_round": 24.0}, "datetime": {"datetime": "2024-01-19 01:39:53", "elapsed": 5297.623049, "delta": 0.003714}}
{"target": -17.676960667129965, "params": {"gamma": 442.43348271477055, "log10_alpha": -0.2684909167107383, "log10_colsample_bytree": -0.5389295591295438, "log10_eta": -2.6725937820234495, "log10_lambda": 0.44325748140538224, "log10_min_child_weight": 4.406747252542346, "log10_subsample": -0.04041250602036506, "max_depth": 3.0, "num_boost_round": 25.0}, "datetime": {"datetime": "2024-01-19 01:39:53", "elapsed": 5297.62681, "delta": 0.003761}}
{"target": -17.676959624491577, "params": {"gamma": 442.43348271477055, "log10_alpha": -0.2684909167107383, "log10_colsample_bytree": -0.5389295591295438, "log10_eta": -2.6725937820234495, "log10_lambda": 0.44325748140538224, "log10_min_child_weight": 4.406747252542346, "log10_subsample": -0.04041250602036506, "max_depth": 3.0, "num_boost_round": 26.0}, "datetime": {"datetime": "2024-01-19 01:39:53", "elapsed": 5297.630511, "delta": 0.003701}}
{"target": -17.676948562100126, "params": {"gamma": 442.43348271477055, "log10_alpha": -0.2684909167107383, "log10_colsample_bytree": -0.5389295591295438, "log10_eta": -2.6725937820234495, "log10_lambda": 0.44325748140538224, "log10_min_child_weight": 4.406747252542346, "log10_subsample": -0.04041250602036506, "max_depth": 3.0, "num_boost_round": 27.0}, "datetime": {"datetime": "2024-01-19 01:39:53", "elapsed": 5297.634235, "delta": 0.003724}}
{"target": -17.676927989811958, "params": {"gamma": 442.43348271477055, "log10_alpha": -0.2684909167107383, "log10_colsample_bytree": -0.5389295591295438, "log10_eta": -2.6725937820234495, "log10_lambda": 0.44325748140538224, "log10_min_child_weight": 4.406747252542346, "log10_subsample": -0.04041250602036506, "max_depth": 3.0, "num_boost_round": 28.0}, "datetime": {"datetime": "2024-01-19 01:39:53", "elapsed": 5297.63792, "delta": 0.003685}}
{"target": -17.67691656123201, "params": {"gamma": 442.43348271477055, "log10_alpha": -0.2684909167107383, "log10_colsample_bytree": -0.5389295591295438, "log10_eta": -2.6725937820234495, "log10_lambda": 0.44325748140538224, "log10_min_child_weight": 4.406747252542346, "log10_subsample": -0.04041250602036506, "max_depth": 3.0, "num_boost_round": 29.0}, "datetime": {"datetime": "2024-01-19 01:39:53", "elapsed": 5297.641617, "delta": 0.003697}}
{"target": -17.676905777657378, "params": {"gamma": 442.43348271477055, "log10_alpha": -0.2684909167107383, "log10_colsample_bytree": -0.5389295591295438, "log10_eta": -2.6725937820234495, "log10_lambda": 0.44325748140538224, "log10_min_child_weight": 4.406747252542346, "log10_subsample": -0.04041250602036506, "max_depth": 3.0, "num_boost_round": 30.0}, "datetime": {"datetime": "2024-01-19 01:39:53", "elapsed": 5297.645469, "delta": 0.003852}}
{"target": -17.67719882507301, "params": {"gamma": 426.7229007803294, "log10_alpha": -2.9721728249778234, "log10_colsample_bytree": -0.8023254836949013, "log10_eta": -3.0643946341833748, "log10_lambda": -3.9016027851826127, "log10_min_child_weight": 4.155340481164774, "log10_subsample": -0.2322047528751271, "max_depth": 7.0, "num_boost_round": 0.0}, "datetime": {"datetime": "2024-01-19 01:40:56", "elapsed": 5360.937879, "delta": 63.29241}}
{"target": -17.677178136414334, "params": {"gamma": 426.7229007803294, "log10_alpha": -2.9721728249778234, "log10_colsample_bytree": -0.8023254836949013, "log10_eta": -3.0643946341833748, "log10_lambda": -3.9016027851826127, "log10_min_child_weight": 4.155340481164774, "log10_subsample": -0.2322047528751271, "max_depth": 7.0, "num_boost_round": 1.0}, "datetime": {"datetime": "2024-01-19 01:40:56", "elapsed": 5360.942542, "delta": 0.004663}}
{"target": -17.677162231834235, "params": {"gamma": 426.7229007803294, "log10_alpha": -2.9721728249778234, "log10_colsample_bytree": -0.8023254836949013, "log10_eta": -3.0643946341833748, "log10_lambda": -3.9016027851826127, "log10_min_child_weight": 4.155340481164774, "log10_subsample": -0.2322047528751271, "max_depth": 7.0, "num_boost_round": 2.0}, "datetime": {"datetime": "2024-01-19 01:40:56", "elapsed": 5360.946298, "delta": 0.003756}}
{"target": -17.677162035635117, "params": {"gamma": 426.7229007803294, "log10_alpha": -2.9721728249778234, "log10_colsample_bytree": -0.8023254836949013, "log10_eta": -3.0643946341833748, "log10_lambda": -3.9016027851826127, "log10_min_child_weight": 4.155340481164774, "log10_subsample": -0.2322047528751271, "max_depth": 7.0, "num_boost_round": 3.0}, "datetime": {"datetime": "2024-01-19 01:40:56", "elapsed": 5360.950193, "delta": 0.003895}}
{"target": -17.677144601638513, "params": {"gamma": 426.7229007803294, "log10_alpha": -2.9721728249778234, "log10_colsample_bytree": -0.8023254836949013, "log10_eta": -3.0643946341833748, "log10_lambda": -3.9016027851826127, "log10_min_child_weight": 4.155340481164774, "log10_subsample": -0.2322047528751271, "max_depth": 7.0, "num_boost_round": 4.0}, "datetime": {"datetime": "2024-01-19 01:40:56", "elapsed": 5360.954718, "delta": 0.004525}}
{"target": -17.677144860852472, "params": {"gamma": 426.7229007803294, "log10_alpha": -2.9721728249778234, "log10_colsample_bytree": -0.8023254836949013, "log10_eta": -3.0643946341833748, "log10_lambda": -3.9016027851826127, "log10_min_child_weight": 4.155340481164774, "log10_subsample": -0.2322047528751271, "max_depth": 7.0, "num_boost_round": 5.0}, "datetime": {"datetime": "2024-01-19 01:40:56", "elapsed": 5360.959045, "delta": 0.004327}}
{"target": -17.67716111483653, "params": {"gamma": 426.7229007803294, "log10_alpha": -2.9721728249778234, "log10_colsample_bytree": -0.8023254836949013, "log10_eta": -3.0643946341833748, "log10_lambda": -3.9016027851826127, "log10_min_child_weight": 4.155340481164774, "log10_subsample": -0.2322047528751271, "max_depth": 7.0, "num_boost_round": 6.0}, "datetime": {"datetime": "2024-01-19 01:40:56", "elapsed": 5360.962693, "delta": 0.003648}}
{"target": -17.677137080168254, "params": {"gamma": 426.7229007803294, "log10_alpha": -2.9721728249778234, "log10_colsample_bytree": -0.8023254836949013, "log10_eta": -3.0643946341833748, "log10_lambda": -3.9016027851826127, "log10_min_child_weight": 4.155340481164774, "log10_subsample": -0.2322047528751271, "max_depth": 7.0, "num_boost_round": 7.0}, "datetime": {"datetime": "2024-01-19 01:40:56", "elapsed": 5360.966447, "delta": 0.003754}}
{"target": -17.677142590749803, "params": {"gamma": 426.7229007803294, "log10_alpha": -2.9721728249778234, "log10_colsample_bytree": -0.8023254836949013, "log10_eta": -3.0643946341833748, "log10_lambda": -3.9016027851826127, "log10_min_child_weight": 4.155340481164774, "log10_subsample": -0.2322047528751271, "max_depth": 7.0, "num_boost_round": 8.0}, "datetime": {"datetime": "2024-01-19 01:40:56", "elapsed": 5360.970155, "delta": 0.003708}}
{"target": -17.67713697087289, "params": {"gamma": 426.7229007803294, "log10_alpha": -2.9721728249778234, "log10_colsample_bytree": -0.8023254836949013, "log10_eta": -3.0643946341833748, "log10_lambda": -3.9016027851826127, "log10_min_child_weight": 4.155340481164774, "log10_subsample": -0.2322047528751271, "max_depth": 7.0, "num_boost_round": 9.0}, "datetime": {"datetime": "2024-01-19 01:40:56", "elapsed": 5360.973993, "delta": 0.003838}}
{"target": -17.677121104757994, "params": {"gamma": 426.7229007803294, "log10_alpha": -2.9721728249778234, "log10_colsample_bytree": -0.8023254836949013, "log10_eta": -3.0643946341833748, "log10_lambda": -3.9016027851826127, "log10_min_child_weight": 4.155340481164774, "log10_subsample": -0.2322047528751271, "max_depth": 7.0, "num_boost_round": 10.0}, "datetime": {"datetime": "2024-01-19 01:40:56", "elapsed": 5360.977852, "delta": 0.003859}}
