{"target": -17.67720327458269, "params": {"gamma": 862.4782267579078, "log10_alpha": 0.20401063442236556, "log10_colsample_bytree": -0.03315300634588925, "log10_eta": -3.2234848665207387, "log10_lambda": -1.0523178986225723, "log10_min_child_weight": 3.987245449118395, "log10_subsample": -0.8505273602717409, "max_depth": 2.0, "num_boost_round": 8.0}, "datetime": {"datetime": "2024-01-19 01:41:09", "elapsed": 5349.817923, "delta": 0.005645}}
{"target": -17.67720178126343, "params": {"gamma": 862.4782267579078, "log10_alpha": 0.20401063442236556, "log10_colsample_bytree": -0.03315300634588925, "log10_eta": -3.2234848665207387, "log10_lambda": -1.0523178986225723, "log10_min_child_weight": 3.987245449118395, "log10_subsample": -0.8505273602717409, "max_depth": 2.0, "num_boost_round": 9.0}, "datetime": {"datetime": "2024-01-19 01:41:09", "elapsed": 5349.823199, "delta": 0.005276}}
{"target": -17.67719737017559, "params": {"gamma": 862.4782267579078, "log10_alpha": 0.20401063442236556, "log10_colsample_bytree": -0.03315300634588925, "log10_eta": -3.2234848665207387, "log10_lambda": -1.0523178986225723, "log10_min_child_weight": 3.987245449118395, "log10_subsample": -0.8505273602717409, "max_depth": 2.0, "num_boost_round": 10.0}, "datetime": {"datetime": "2024-01-19 01:41:09", "elapsed": 5349.828413, "delta": 0.005214}}
{"target": -17.677202481421897, "params": {"gamma": 862.4782267579078, "log10_alpha": 0.20401063442236556, "log10_colsample_bytree": -0.03315300634588925, "log10_eta": -3.2234848665207387, "log10_lambda": -1.0523178986225723, "log10_min_child_weight": 3.987245449118395, "log10_subsample": -0.8505273602717409, "max_depth": 2.0, "num_boost_round": 11.0}, "datetime": {"datetime": "2024-01-19 01:41:09", "elapsed": 5349.833972, "delta": 0.005559}}
{"target": -17.677207759386025, "params": {"gamma": 862.4782267579078, "log10_alpha": 0.20401063442236556, "log10_colsample_bytree": -0.03315300634588925, "log10_eta": -3.2234848665207387, "log10_lambda": -1.0523178986225723, "log10_min_child_weight": 3.987245449118395, "log10_subsample": -0.8505273602717409, "max_depth": 2.0, "num_boost_round": 12.0}, "datetime": {"datetime": "2024-01-19 01:41:09", "elapsed": 5349.839339, "delta": 0.005367}}
{"target": -17.6772053352733, "params": {"gamma": 862.4782267579078, "log10_alpha": 0.20401063442236556, "log10_colsample_bytree": -0.03315300634588925, "log10_eta": -3.2234848665207387, "log10_lambda": -1.0523178986225723, "log10_min_child_weight": 3.987245449118395, "log10_subsample": -0.8505273602717409, "max_depth": 2.0, "num_boost_round": 13.0}, "datetime": {"datetime": "2024-01-19 01:41:09", "elapsed": 5349.844761, "delta": 0.005422}}
{"target": -17.677207784594827, "params": {"gamma": 862.4782267579078, "log10_alpha": 0.20401063442236556, "log10_colsample_bytree": -0.03315300634588925, "log10_eta": -3.2234848665207387, "log10_lambda": -1.0523178986225723, "log10_min_child_weight": 3.987245449118395, "log10_subsample": -0.8505273602717409, "max_depth": 2.0, "num_boost_round": 14.0}, "datetime": {"datetime": "2024-01-19 01:41:09", "elapsed": 5349.851289, "delta": 0.006528}}
{"target": -17.67720425471625, "params": {"gamma": 862.4782267579078, "log10_alpha": 0.20401063442236556, "log10_colsample_bytree": -0.03315300634588925, "log10_eta": -3.2234848665207387, "log10_lambda": -1.0523178986225723, "log10_min_child_weight": 3.987245449118395, "log10_subsample": -0.8505273602717409, "max_depth": 2.0, "num_boost_round": 15.0}, "datetime": {"datetime": "2024-01-19 01:41:09", "elapsed": 5349.856573, "delta": 0.005284}}
{"target": -17.677207927330866, "params": {"gamma": 862.4782267579078, "log10_alpha": 0.20401063442236556, "log10_colsample_bytree": -0.03315300634588925, "log10_eta": -3.2234848665207387, "log10_lambda": -1.0523178986225723, "log10_min_child_weight": 3.987245449118395, "log10_subsample": -0.8505273602717409, "max_depth": 2.0, "num_boost_round": 16.0}, "datetime": {"datetime": "2024-01-19 01:41:09", "elapsed": 5349.861905, "delta": 0.005332}}
{"target": -17.677207219399296, "params": {"gamma": 862.4782267579078, "log10_alpha": 0.20401063442236556, "log10_colsample_bytree": -0.03315300634588925, "log10_eta": -3.2234848665207387, "log10_lambda": -1.0523178986225723, "log10_min_child_weight": 3.987245449118395, "log10_subsample": -0.8505273602717409, "max_depth": 2.0, "num_boost_round": 17.0}, "datetime": {"datetime": "2024-01-19 01:41:09", "elapsed": 5349.867269, "delta": 0.005364}}
{"target": -17.67720326264102, "params": {"gamma": 862.4782267579078, "log10_alpha": 0.20401063442236556, "log10_colsample_bytree": -0.03315300634588925, "log10_eta": -3.2234848665207387, "log10_lambda": -1.0523178986225723, "log10_min_child_weight": 3.987245449118395, "log10_subsample": -0.8505273602717409, "max_depth": 2.0, "num_boost_round": 18.0}, "datetime": {"datetime": "2024-01-19 01:41:09", "elapsed": 5349.872562, "delta": 0.005293}}
{"target": -17.67719847852961, "params": {"gamma": 862.4782267579078, "log10_alpha": 0.20401063442236556, "log10_colsample_bytree": -0.03315300634588925, "log10_eta": -3.2234848665207387, "log10_lambda": -1.0523178986225723, "log10_min_child_weight": 3.987245449118395, "log10_subsample": -0.8505273602717409, "max_depth": 2.0, "num_boost_round": 19.0}, "datetime": {"datetime": "2024-01-19 01:41:09", "elapsed": 5349.877994, "delta": 0.005432}}
{"target": -17.677200833573856, "params": {"gamma": 862.4782267579078, "log10_alpha": 0.20401063442236556, "log10_colsample_bytree": -0.03315300634588925, "log10_eta": -3.2234848665207387, "log10_lambda": -1.0523178986225723, "log10_min_child_weight": 3.987245449118395, "log10_subsample": -0.8505273602717409, "max_depth": 2.0, "num_boost_round": 20.0}, "datetime": {"datetime": "2024-01-19 01:41:09", "elapsed": 5349.889147, "delta": 0.011153}}
{"target": -17.677205442101123, "params": {"gamma": 862.4782267579078, "log10_alpha": 0.20401063442236556, "log10_colsample_bytree": -0.03315300634588925, "log10_eta": -3.2234848665207387, "log10_lambda": -1.0523178986225723, "log10_min_child_weight": 3.987245449118395, "log10_subsample": -0.8505273602717409, "max_depth": 2.0, "num_boost_round": 21.0}, "datetime": {"datetime": "2024-01-19 01:41:09", "elapsed": 5349.894257, "delta": 0.00511}}
{"target": -17.677214574403617, "params": {"gamma": 862.4782267579078, "log10_alpha": 0.20401063442236556, "log10_colsample_bytree": -0.03315300634588925, "log10_eta": -3.2234848665207387, "log10_lambda": -1.0523178986225723, "log10_min_child_weight": 3.987245449118395, "log10_subsample": -0.8505273602717409, "max_depth": 2.0, "num_boost_round": 22.0}, "datetime": {"datetime": "2024-01-19 01:41:09", "elapsed": 5349.89955, "delta": 0.005293}}
{"target": -17.67721213617393, "params": {"gamma": 862.4782267579078, "log10_alpha": 0.20401063442236556, "log10_colsample_bytree": -0.03315300634588925, "log10_eta": -3.2234848665207387, "log10_lambda": -1.0523178986225723, "log10_min_child_weight": 3.987245449118395, "log10_subsample": -0.8505273602717409, "max_depth": 2.0, "num_boost_round": 23.0}, "datetime": {"datetime": "2024-01-19 01:41:09", "elapsed": 5349.905347, "delta": 0.005797}}
{"target": -17.67722369439199, "params": {"gamma": 862.4782267579078, "log10_alpha": 0.20401063442236556, "log10_colsample_bytree": -0.03315300634588925, "log10_eta": -3.2234848665207387, "log10_lambda": -1.0523178986225723, "log10_min_child_weight": 3.987245449118395, "log10_subsample": -0.8505273602717409, "max_depth": 2.0, "num_boost_round": 24.0}, "datetime": {"datetime": "2024-01-19 01:41:09", "elapsed": 5349.910702, "delta": 0.005355}}
{"target": -17.67722974390926, "params": {"gamma": 862.4782267579078, "log10_alpha": 0.20401063442236556, "log10_colsample_bytree": -0.03315300634588925, "log10_eta": -3.2234848665207387, "log10_lambda": -1.0523178986225723, "log10_min_child_weight": 3.987245449118395, "log10_subsample": -0.8505273602717409, "max_depth": 2.0, "num_boost_round": 25.0}, "datetime": {"datetime": "2024-01-19 01:41:09", "elapsed": 5349.916216, "delta": 0.005514}}
{"target": -17.677234752843766, "params": {"gamma": 862.4782267579078, "log10_alpha": 0.20401063442236556, "log10_colsample_bytree": -0.03315300634588925, "log10_eta": -3.2234848665207387, "log10_lambda": -1.0523178986225723, "log10_min_child_weight": 3.987245449118395, "log10_subsample": -0.8505273602717409, "max_depth": 2.0, "num_boost_round": 26.0}, "datetime": {"datetime": "2024-01-19 01:41:09", "elapsed": 5349.921805, "delta": 0.005589}}
{"target": -17.677232458871494, "params": {"gamma": 889.1718180813009, "log10_alpha": 0.11928366837298832, "log10_colsample_bytree": -0.7371293172347363, "log10_eta": -3.8974630880214973, "log10_lambda": -0.6592614209690035, "log10_min_child_weight": 3.5932543667579617, "log10_subsample": -0.6162116283646814, "max_depth": 2.0, "num_boost_round": 0.0}, "datetime": {"datetime": "2024-01-19 01:42:58", "elapsed": 5458.948399, "delta": 109.026594}}
{"target": -17.677231294442638, "params": {"gamma": 889.1718180813009, "log10_alpha": 0.11928366837298832, "log10_colsample_bytree": -0.7371293172347363, "log10_eta": -3.8974630880214973, "log10_lambda": -0.6592614209690035, "log10_min_child_weight": 3.5932543667579617, "log10_subsample": -0.6162116283646814, "max_depth": 2.0, "num_boost_round": 1.0}, "datetime": {"datetime": "2024-01-19 01:42:58", "elapsed": 5458.955287, "delta": 0.006888}}
{"target": -17.67722822009064, "params": {"gamma": 889.1718180813009, "log10_alpha": 0.11928366837298832, "log10_colsample_bytree": -0.7371293172347363, "log10_eta": -3.8974630880214973, "log10_lambda": -0.6592614209690035, "log10_min_child_weight": 3.5932543667579617, "log10_subsample": -0.6162116283646814, "max_depth": 2.0, "num_boost_round": 2.0}, "datetime": {"datetime": "2024-01-19 01:42:58", "elapsed": 5458.960962, "delta": 0.005675}}
{"target": -17.67722629996024, "params": {"gamma": 889.1718180813009, "log10_alpha": 0.11928366837298832, "log10_colsample_bytree": -0.7371293172347363, "log10_eta": -3.8974630880214973, "log10_lambda": -0.6592614209690035, "log10_min_child_weight": 3.5932543667579617, "log10_subsample": -0.6162116283646814, "max_depth": 2.0, "num_boost_round": 3.0}, "datetime": {"datetime": "2024-01-19 01:42:58", "elapsed": 5458.966323, "delta": 0.005361}}
{"target": -17.677225087700414, "params": {"gamma": 889.1718180813009, "log10_alpha": 0.11928366837298832, "log10_colsample_bytree": -0.7371293172347363, "log10_eta": -3.8974630880214973, "log10_lambda": -0.6592614209690035, "log10_min_child_weight": 3.5932543667579617, "log10_subsample": -0.6162116283646814, "max_depth": 2.0, "num_boost_round": 4.0}, "datetime": {"datetime": "2024-01-19 01:42:58", "elapsed": 5458.971824, "delta": 0.005501}}
{"target": -17.677224211529925, "params": {"gamma": 889.1718180813009, "log10_alpha": 0.11928366837298832, "log10_colsample_bytree": -0.7371293172347363, "log10_eta": -3.8974630880214973, "log10_lambda": -0.6592614209690035, "log10_min_child_weight": 3.5932543667579617, "log10_subsample": -0.6162116283646814, "max_depth": 2.0, "num_boost_round": 5.0}, "datetime": {"datetime": "2024-01-19 01:42:58", "elapsed": 5458.977458, "delta": 0.005634}}
{"target": -17.67722291404454, "params": {"gamma": 889.1718180813009, "log10_alpha": 0.11928366837298832, "log10_colsample_bytree": -0.7371293172347363, "log10_eta": -3.8974630880214973, "log10_lambda": -0.6592614209690035, "log10_min_child_weight": 3.5932543667579617, "log10_subsample": -0.6162116283646814, "max_depth": 2.0, "num_boost_round": 6.0}, "datetime": {"datetime": "2024-01-19 01:42:58", "elapsed": 5458.982812, "delta": 0.005354}}
{"target": -17.67722167117895, "params": {"gamma": 889.1718180813009, "log10_alpha": 0.11928366837298832, "log10_colsample_bytree": -0.7371293172347363, "log10_eta": -3.8974630880214973, "log10_lambda": -0.6592614209690035, "log10_min_child_weight": 3.5932543667579617, "log10_subsample": -0.6162116283646814, "max_depth": 2.0, "num_boost_round": 7.0}, "datetime": {"datetime": "2024-01-19 01:42:58", "elapsed": 5458.988253, "delta": 0.005441}}
{"target": -17.677219661449705, "params": {"gamma": 889.1718180813009, "log10_alpha": 0.11928366837298832, "log10_colsample_bytree": -0.7371293172347363, "log10_eta": -3.8974630880214973, "log10_lambda": -0.6592614209690035, "log10_min_child_weight": 3.5932543667579617, "log10_subsample": -0.6162116283646814, "max_depth": 2.0, "num_boost_round": 8.0}, "datetime": {"datetime": "2024-01-19 01:42:58", "elapsed": 5458.99386, "delta": 0.005607}}
{"target": -17.67721817894866, "params": {"gamma": 889.1718180813009, "log10_alpha": 0.11928366837298832, "log10_colsample_bytree": -0.7371293172347363, "log10_eta": -3.8974630880214973, "log10_lambda": -0.6592614209690035, "log10_min_child_weight": 3.5932543667579617, "log10_subsample": -0.6162116283646814, "max_depth": 2.0, "num_boost_round": 9.0}, "datetime": {"datetime": "2024-01-19 01:42:58", "elapsed": 5458.999218, "delta": 0.005358}}
{"target": -17.677216249926214, "params": {"gamma": 889.1718180813009, "log10_alpha": 0.11928366837298832, "log10_colsample_bytree": -0.7371293172347363, "log10_eta": -3.8974630880214973, "log10_lambda": -0.6592614209690035, "log10_min_child_weight": 3.5932543667579617, "log10_subsample": -0.6162116283646814, "max_depth": 2.0, "num_boost_round": 10.0}, "datetime": {"datetime": "2024-01-19 01:42:58", "elapsed": 5459.004547, "delta": 0.005329}}
{"target": -17.677215563697967, "params": {"gamma": 889.1718180813009, "log10_alpha": 0.11928366837298832, "log10_colsample_bytree": -0.7371293172347363, "log10_eta": -3.8974630880214973, "log10_lambda": -0.6592614209690035, "log10_min_child_weight": 3.5932543667579617, "log10_subsample": -0.6162116283646814, "max_depth": 2.0, "num_boost_round": 11.0}, "datetime": {"datetime": "2024-01-19 01:42:58", "elapsed": 5459.009779, "delta": 0.005232}}
{"target": -17.677213190756717, "params": {"gamma": 889.1718180813009, "log10_alpha": 0.11928366837298832, "log10_colsample_bytree": -0.7371293172347363, "log10_eta": -3.8974630880214973, "log10_lambda": -0.6592614209690035, "log10_min_child_weight": 3.5932543667579617, "log10_subsample": -0.6162116283646814, "max_depth": 2.0, "num_boost_round": 12.0}, "datetime": {"datetime": "2024-01-19 01:42:58", "elapsed": 5459.015192, "delta": 0.005413}}
{"target": -17.677210438894726, "params": {"gamma": 889.1718180813009, "log10_alpha": 0.11928366837298832, "log10_colsample_bytree": -0.7371293172347363, "log10_eta": -3.8974630880214973, "log10_lambda": -0.6592614209690035, "log10_min_child_weight": 3.5932543667579617, "log10_subsample": -0.6162116283646814, "max_depth": 2.0, "num_boost_round": 13.0}, "datetime": {"datetime": "2024-01-19 01:42:58", "elapsed": 5459.02097, "delta": 0.005778}}
{"target": -17.677209702760834, "params": {"gamma": 889.1718180813009, "log10_alpha": 0.11928366837298832, "log10_colsample_bytree": -0.7371293172347363, "log10_eta": -3.8974630880214973, "log10_lambda": -0.6592614209690035, "log10_min_child_weight": 3.5932543667579617, "log10_subsample": -0.6162116283646814, "max_depth": 2.0, "num_boost_round": 14.0}, "datetime": {"datetime": "2024-01-19 01:42:58", "elapsed": 5459.026498, "delta": 0.005528}}
{"target": -17.677206355957367, "params": {"gamma": 889.1718180813009, "log10_alpha": 0.11928366837298832, "log10_colsample_bytree": -0.7371293172347363, "log10_eta": -3.8974630880214973, "log10_lambda": -0.6592614209690035, "log10_min_child_weight": 3.5932543667579617, "log10_subsample": -0.6162116283646814, "max_depth": 2.0, "num_boost_round": 15.0}, "datetime": {"datetime": "2024-01-19 01:42:58", "elapsed": 5459.031868, "delta": 0.00537}}
{"target": -17.67720666673792, "params": {"gamma": 889.1718180813009, "log10_alpha": 0.11928366837298832, "log10_colsample_bytree": -0.7371293172347363, "log10_eta": -3.8974630880214973, "log10_lambda": -0.6592614209690035, "log10_min_child_weight": 3.5932543667579617, "log10_subsample": -0.6162116283646814, "max_depth": 2.0, "num_boost_round": 16.0}, "datetime": {"datetime": "2024-01-19 01:42:58", "elapsed": 5459.037153, "delta": 0.005285}}
{"target": -17.67720335318943, "params": {"gamma": 889.1718180813009, "log10_alpha": 0.11928366837298832, "log10_colsample_bytree": -0.7371293172347363, "log10_eta": -3.8974630880214973, "log10_lambda": -0.6592614209690035, "log10_min_child_weight": 3.5932543667579617, "log10_subsample": -0.6162116283646814, "max_depth": 2.0, "num_boost_round": 17.0}, "datetime": {"datetime": "2024-01-19 01:42:58", "elapsed": 5459.042631, "delta": 0.005478}}
{"target": -17.677204800696792, "params": {"gamma": 889.1718180813009, "log10_alpha": 0.11928366837298832, "log10_colsample_bytree": -0.7371293172347363, "log10_eta": -3.8974630880214973, "log10_lambda": -0.6592614209690035, "log10_min_child_weight": 3.5932543667579617, "log10_subsample": -0.6162116283646814, "max_depth": 2.0, "num_boost_round": 18.0}, "datetime": {"datetime": "2024-01-19 01:42:58", "elapsed": 5459.047987, "delta": 0.005356}}
{"target": -17.67720320523281, "params": {"gamma": 889.1718180813009, "log10_alpha": 0.11928366837298832, "log10_colsample_bytree": -0.7371293172347363, "log10_eta": -3.8974630880214973, "log10_lambda": -0.6592614209690035, "log10_min_child_weight": 3.5932543667579617, "log10_subsample": -0.6162116283646814, "max_depth": 2.0, "num_boost_round": 19.0}, "datetime": {"datetime": "2024-01-19 01:42:58", "elapsed": 5459.053393, "delta": 0.005406}}
{"target": -17.67720116574099, "params": {"gamma": 889.1718180813009, "log10_alpha": 0.11928366837298832, "log10_colsample_bytree": -0.7371293172347363, "log10_eta": -3.8974630880214973, "log10_lambda": -0.6592614209690035, "log10_min_child_weight": 3.5932543667579617, "log10_subsample": -0.6162116283646814, "max_depth": 2.0, "num_boost_round": 20.0}, "datetime": {"datetime": "2024-01-19 01:42:58", "elapsed": 5459.189177, "delta": 0.135784}}
{"target": -17.677197991181696, "params": {"gamma": 889.1718180813009, "log10_alpha": 0.11928366837298832, "log10_colsample_bytree": -0.7371293172347363, "log10_eta": -3.8974630880214973, "log10_lambda": -0.6592614209690035, "log10_min_child_weight": 3.5932543667579617, "log10_subsample": -0.6162116283646814, "max_depth": 2.0, "num_boost_round": 21.0}, "datetime": {"datetime": "2024-01-19 01:42:58", "elapsed": 5459.196016, "delta": 0.006839}}
{"target": -17.677196192854186, "params": {"gamma": 889.1718180813009, "log10_alpha": 0.11928366837298832, "log10_colsample_bytree": -0.7371293172347363, "log10_eta": -3.8974630880214973, "log10_lambda": -0.6592614209690035, "log10_min_child_weight": 3.5932543667579617, "log10_subsample": -0.6162116283646814, "max_depth": 2.0, "num_boost_round": 22.0}, "datetime": {"datetime": "2024-01-19 01:42:58", "elapsed": 5459.202504, "delta": 0.006488}}
{"target": -17.67719464922556, "params": {"gamma": 889.1718180813009, "log10_alpha": 0.11928366837298832, "log10_colsample_bytree": -0.7371293172347363, "log10_eta": -3.8974630880214973, "log10_lambda": -0.6592614209690035, "log10_min_child_weight": 3.5932543667579617, "log10_subsample": -0.6162116283646814, "max_depth": 2.0, "num_boost_round": 23.0}, "datetime": {"datetime": "2024-01-19 01:42:58", "elapsed": 5459.208185, "delta": 0.005681}}
{"target": -17.67719569234882, "params": {"gamma": 889.1718180813009, "log10_alpha": 0.11928366837298832, "log10_colsample_bytree": -0.7371293172347363, "log10_eta": -3.8974630880214973, "log10_lambda": -0.6592614209690035, "log10_min_child_weight": 3.5932543667579617, "log10_subsample": -0.6162116283646814, "max_depth": 2.0, "num_boost_round": 24.0}, "datetime": {"datetime": "2024-01-19 01:42:58", "elapsed": 5459.21395, "delta": 0.005765}}
{"target": -17.67719380799903, "params": {"gamma": 889.1718180813009, "log10_alpha": 0.11928366837298832, "log10_colsample_bytree": -0.7371293172347363, "log10_eta": -3.8974630880214973, "log10_lambda": -0.6592614209690035, "log10_min_child_weight": 3.5932543667579617, "log10_subsample": -0.6162116283646814, "max_depth": 2.0, "num_boost_round": 25.0}, "datetime": {"datetime": "2024-01-19 01:42:58", "elapsed": 5459.219779, "delta": 0.005829}}
{"target": -17.67719291138453, "params": {"gamma": 889.1718180813009, "log10_alpha": 0.11928366837298832, "log10_colsample_bytree": -0.7371293172347363, "log10_eta": -3.8974630880214973, "log10_lambda": -0.6592614209690035, "log10_min_child_weight": 3.5932543667579617, "log10_subsample": -0.6162116283646814, "max_depth": 2.0, "num_boost_round": 26.0}, "datetime": {"datetime": "2024-01-19 01:42:58", "elapsed": 5459.226383, "delta": 0.006604}}
{"target": -17.677191088334304, "params": {"gamma": 889.1718180813009, "log10_alpha": 0.11928366837298832, "log10_colsample_bytree": -0.7371293172347363, "log10_eta": -3.8974630880214973, "log10_lambda": -0.6592614209690035, "log10_min_child_weight": 3.5932543667579617, "log10_subsample": -0.6162116283646814, "max_depth": 2.0, "num_boost_round": 27.0}, "datetime": {"datetime": "2024-01-19 01:42:58", "elapsed": 5459.233273, "delta": 0.00689}}
{"target": -17.677189095670883, "params": {"gamma": 889.1718180813009, "log10_alpha": 0.11928366837298832, "log10_colsample_bytree": -0.7371293172347363, "log10_eta": -3.8974630880214973, "log10_lambda": -0.6592614209690035, "log10_min_child_weight": 3.5932543667579617, "log10_subsample": -0.6162116283646814, "max_depth": 2.0, "num_boost_round": 28.0}, "datetime": {"datetime": "2024-01-19 01:42:58", "elapsed": 5459.239619, "delta": 0.006346}}
{"target": -17.67718586788242, "params": {"gamma": 889.1718180813009, "log10_alpha": 0.11928366837298832, "log10_colsample_bytree": -0.7371293172347363, "log10_eta": -3.8974630880214973, "log10_lambda": -0.6592614209690035, "log10_min_child_weight": 3.5932543667579617, "log10_subsample": -0.6162116283646814, "max_depth": 2.0, "num_boost_round": 29.0}, "datetime": {"datetime": "2024-01-19 01:42:58", "elapsed": 5459.245478, "delta": 0.005859}}
