{"target": -13.758474492567714, "params": {"gamma": 976.3973501628816, "log10_alpha": -3.4452205007248464, "log10_colsample_bytree": -0.5836089663055695, "log10_eta": -3.0912892779221184, "log10_lambda": 0.8042289123611601, "log10_min_child_weight": 1.6324291958574455, "log10_subsample": -0.5235954070727347, "max_depth": 4.0, "num_boost_round": 3.0}, "datetime": {"datetime": "2024-01-19 00:32:57", "elapsed": 1278.220469, "delta": 0.001984}}
{"target": -13.758459982879472, "params": {"gamma": 976.3973501628816, "log10_alpha": -3.4452205007248464, "log10_colsample_bytree": -0.5836089663055695, "log10_eta": -3.0912892779221184, "log10_lambda": 0.8042289123611601, "log10_min_child_weight": 1.6324291958574455, "log10_subsample": -0.5235954070727347, "max_depth": 4.0, "num_boost_round": 4.0}, "datetime": {"datetime": "2024-01-19 00:32:57", "elapsed": 1278.222511, "delta": 0.002042}}
{"target": -13.75843634913763, "params": {"gamma": 976.3973501628816, "log10_alpha": -3.4452205007248464, "log10_colsample_bytree": -0.5836089663055695, "log10_eta": -3.0912892779221184, "log10_lambda": 0.8042289123611601, "log10_min_child_weight": 1.6324291958574455, "log10_subsample": -0.5235954070727347, "max_depth": 4.0, "num_boost_round": 5.0}, "datetime": {"datetime": "2024-01-19 00:32:57", "elapsed": 1278.224464, "delta": 0.001953}}
{"target": -13.758414480508481, "params": {"gamma": 976.3973501628816, "log10_alpha": -3.4452205007248464, "log10_colsample_bytree": -0.5836089663055695, "log10_eta": -3.0912892779221184, "log10_lambda": 0.8042289123611601, "log10_min_child_weight": 1.6324291958574455, "log10_subsample": -0.5235954070727347, "max_depth": 4.0, "num_boost_round": 6.0}, "datetime": {"datetime": "2024-01-19 00:32:57", "elapsed": 1278.226486, "delta": 0.002022}}
{"target": -13.75839547664268, "params": {"gamma": 976.3973501628816, "log10_alpha": -3.4452205007248464, "log10_colsample_bytree": -0.5836089663055695, "log10_eta": -3.0912892779221184, "log10_lambda": 0.8042289123611601, "log10_min_child_weight": 1.6324291958574455, "log10_subsample": -0.5235954070727347, "max_depth": 4.0, "num_boost_round": 7.0}, "datetime": {"datetime": "2024-01-19 00:32:57", "elapsed": 1278.22847, "delta": 0.001984}}
{"target": -13.758385443337467, "params": {"gamma": 976.3973501628816, "log10_alpha": -3.4452205007248464, "log10_colsample_bytree": -0.5836089663055695, "log10_eta": -3.0912892779221184, "log10_lambda": 0.8042289123611601, "log10_min_child_weight": 1.6324291958574455, "log10_subsample": -0.5235954070727347, "max_depth": 4.0, "num_boost_round": 8.0}, "datetime": {"datetime": "2024-01-19 00:32:57", "elapsed": 1278.230428, "delta": 0.001958}}
{"target": -13.758365379446095, "params": {"gamma": 976.3973501628816, "log10_alpha": -3.4452205007248464, "log10_colsample_bytree": -0.5836089663055695, "log10_eta": -3.0912892779221184, "log10_lambda": 0.8042289123611601, "log10_min_child_weight": 1.6324291958574455, "log10_subsample": -0.5235954070727347, "max_depth": 4.0, "num_boost_round": 9.0}, "datetime": {"datetime": "2024-01-19 00:32:57", "elapsed": 1278.232371, "delta": 0.001943}}
{"target": -13.758349138080694, "params": {"gamma": 976.3973501628816, "log10_alpha": -3.4452205007248464, "log10_colsample_bytree": -0.5836089663055695, "log10_eta": -3.0912892779221184, "log10_lambda": 0.8042289123611601, "log10_min_child_weight": 1.6324291958574455, "log10_subsample": -0.5235954070727347, "max_depth": 4.0, "num_boost_round": 10.0}, "datetime": {"datetime": "2024-01-19 00:32:57", "elapsed": 1278.234316, "delta": 0.001945}}
{"target": -13.758333447399087, "params": {"gamma": 976.3973501628816, "log10_alpha": -3.4452205007248464, "log10_colsample_bytree": -0.5836089663055695, "log10_eta": -3.0912892779221184, "log10_lambda": 0.8042289123611601, "log10_min_child_weight": 1.6324291958574455, "log10_subsample": -0.5235954070727347, "max_depth": 4.0, "num_boost_round": 11.0}, "datetime": {"datetime": "2024-01-19 00:32:57", "elapsed": 1278.236254, "delta": 0.001938}}
{"target": -13.758320977165685, "params": {"gamma": 976.3973501628816, "log10_alpha": -3.4452205007248464, "log10_colsample_bytree": -0.5836089663055695, "log10_eta": -3.0912892779221184, "log10_lambda": 0.8042289123611601, "log10_min_child_weight": 1.6324291958574455, "log10_subsample": -0.5235954070727347, "max_depth": 4.0, "num_boost_round": 12.0}, "datetime": {"datetime": "2024-01-19 00:32:57", "elapsed": 1278.238219, "delta": 0.001965}}
{"target": -13.758321080597526, "params": {"gamma": 976.3973501628816, "log10_alpha": -3.4452205007248464, "log10_colsample_bytree": -0.5836089663055695, "log10_eta": -3.0912892779221184, "log10_lambda": 0.8042289123611601, "log10_min_child_weight": 1.6324291958574455, "log10_subsample": -0.5235954070727347, "max_depth": 4.0, "num_boost_round": 13.0}, "datetime": {"datetime": "2024-01-19 00:32:57", "elapsed": 1278.240204, "delta": 0.001985}}
{"target": -13.758307909175688, "params": {"gamma": 976.3973501628816, "log10_alpha": -3.4452205007248464, "log10_colsample_bytree": -0.5836089663055695, "log10_eta": -3.0912892779221184, "log10_lambda": 0.8042289123611601, "log10_min_child_weight": 1.6324291958574455, "log10_subsample": -0.5235954070727347, "max_depth": 4.0, "num_boost_round": 14.0}, "datetime": {"datetime": "2024-01-19 00:32:57", "elapsed": 1278.242153, "delta": 0.001949}}
{"target": -13.758279823693195, "params": {"gamma": 976.3973501628816, "log10_alpha": -3.4452205007248464, "log10_colsample_bytree": -0.5836089663055695, "log10_eta": -3.0912892779221184, "log10_lambda": 0.8042289123611601, "log10_min_child_weight": 1.6324291958574455, "log10_subsample": -0.5235954070727347, "max_depth": 4.0, "num_boost_round": 15.0}, "datetime": {"datetime": "2024-01-19 00:32:57", "elapsed": 1278.244119, "delta": 0.001966}}
{"target": -13.758270714275326, "params": {"gamma": 976.3973501628816, "log10_alpha": -3.4452205007248464, "log10_colsample_bytree": -0.5836089663055695, "log10_eta": -3.0912892779221184, "log10_lambda": 0.8042289123611601, "log10_min_child_weight": 1.6324291958574455, "log10_subsample": -0.5235954070727347, "max_depth": 4.0, "num_boost_round": 16.0}, "datetime": {"datetime": "2024-01-19 00:32:57", "elapsed": 1278.246118, "delta": 0.001999}}
{"target": -13.758262367679235, "params": {"gamma": 976.3973501628816, "log10_alpha": -3.4452205007248464, "log10_colsample_bytree": -0.5836089663055695, "log10_eta": -3.0912892779221184, "log10_lambda": 0.8042289123611601, "log10_min_child_weight": 1.6324291958574455, "log10_subsample": -0.5235954070727347, "max_depth": 4.0, "num_boost_round": 17.0}, "datetime": {"datetime": "2024-01-19 00:32:57", "elapsed": 1278.248179, "delta": 0.002061}}
{"target": -13.758260792115282, "params": {"gamma": 976.3973501628816, "log10_alpha": -3.4452205007248464, "log10_colsample_bytree": -0.5836089663055695, "log10_eta": -3.0912892779221184, "log10_lambda": 0.8042289123611601, "log10_min_child_weight": 1.6324291958574455, "log10_subsample": -0.5235954070727347, "max_depth": 4.0, "num_boost_round": 18.0}, "datetime": {"datetime": "2024-01-19 00:32:57", "elapsed": 1278.250145, "delta": 0.001966}}
{"target": -13.758247850323432, "params": {"gamma": 976.3973501628816, "log10_alpha": -3.4452205007248464, "log10_colsample_bytree": -0.5836089663055695, "log10_eta": -3.0912892779221184, "log10_lambda": 0.8042289123611601, "log10_min_child_weight": 1.6324291958574455, "log10_subsample": -0.5235954070727347, "max_depth": 4.0, "num_boost_round": 19.0}, "datetime": {"datetime": "2024-01-19 00:32:57", "elapsed": 1278.252093, "delta": 0.001948}}
{"target": -13.758223146002232, "params": {"gamma": 976.3973501628816, "log10_alpha": -3.4452205007248464, "log10_colsample_bytree": -0.5836089663055695, "log10_eta": -3.0912892779221184, "log10_lambda": 0.8042289123611601, "log10_min_child_weight": 1.6324291958574455, "log10_subsample": -0.5235954070727347, "max_depth": 4.0, "num_boost_round": 20.0}, "datetime": {"datetime": "2024-01-19 00:32:57", "elapsed": 1278.254071, "delta": 0.001978}}
{"target": -13.758206003825396, "params": {"gamma": 976.3973501628816, "log10_alpha": -3.4452205007248464, "log10_colsample_bytree": -0.5836089663055695, "log10_eta": -3.0912892779221184, "log10_lambda": 0.8042289123611601, "log10_min_child_weight": 1.6324291958574455, "log10_subsample": -0.5235954070727347, "max_depth": 4.0, "num_boost_round": 21.0}, "datetime": {"datetime": "2024-01-19 00:32:57", "elapsed": 1278.256023, "delta": 0.001952}}
{"target": -13.75821708439315, "params": {"gamma": 976.3973501628816, "log10_alpha": -3.4452205007248464, "log10_colsample_bytree": -0.5836089663055695, "log10_eta": -3.0912892779221184, "log10_lambda": 0.8042289123611601, "log10_min_child_weight": 1.6324291958574455, "log10_subsample": -0.5235954070727347, "max_depth": 4.0, "num_boost_round": 22.0}, "datetime": {"datetime": "2024-01-19 00:32:57", "elapsed": 1278.257972, "delta": 0.001949}}
{"target": -13.758209018871709, "params": {"gamma": 976.3973501628816, "log10_alpha": -3.4452205007248464, "log10_colsample_bytree": -0.5836089663055695, "log10_eta": -3.0912892779221184, "log10_lambda": 0.8042289123611601, "log10_min_child_weight": 1.6324291958574455, "log10_subsample": -0.5235954070727347, "max_depth": 4.0, "num_boost_round": 23.0}, "datetime": {"datetime": "2024-01-19 00:32:57", "elapsed": 1278.260057, "delta": 0.002085}}
{"target": -13.758227882471221, "params": {"gamma": 976.3973501628816, "log10_alpha": -3.4452205007248464, "log10_colsample_bytree": -0.5836089663055695, "log10_eta": -3.0912892779221184, "log10_lambda": 0.8042289123611601, "log10_min_child_weight": 1.6324291958574455, "log10_subsample": -0.5235954070727347, "max_depth": 4.0, "num_boost_round": 24.0}, "datetime": {"datetime": "2024-01-19 00:32:57", "elapsed": 1278.2622, "delta": 0.002143}}
{"target": -13.758208343997358, "params": {"gamma": 976.3973501628816, "log10_alpha": -3.4452205007248464, "log10_colsample_bytree": -0.5836089663055695, "log10_eta": -3.0912892779221184, "log10_lambda": 0.8042289123611601, "log10_min_child_weight": 1.6324291958574455, "log10_subsample": -0.5235954070727347, "max_depth": 4.0, "num_boost_round": 25.0}, "datetime": {"datetime": "2024-01-19 00:32:57", "elapsed": 1278.264176, "delta": 0.001976}}
{"target": -13.75819147781344, "params": {"gamma": 976.3973501628816, "log10_alpha": -3.4452205007248464, "log10_colsample_bytree": -0.5836089663055695, "log10_eta": -3.0912892779221184, "log10_lambda": 0.8042289123611601, "log10_min_child_weight": 1.6324291958574455, "log10_subsample": -0.5235954070727347, "max_depth": 4.0, "num_boost_round": 26.0}, "datetime": {"datetime": "2024-01-19 00:32:57", "elapsed": 1278.266127, "delta": 0.001951}}
{"target": -13.758174847317786, "params": {"gamma": 976.3973501628816, "log10_alpha": -3.4452205007248464, "log10_colsample_bytree": -0.5836089663055695, "log10_eta": -3.0912892779221184, "log10_lambda": 0.8042289123611601, "log10_min_child_weight": 1.6324291958574455, "log10_subsample": -0.5235954070727347, "max_depth": 4.0, "num_boost_round": 27.0}, "datetime": {"datetime": "2024-01-19 00:32:57", "elapsed": 1278.268197, "delta": 0.00207}}
{"target": -13.758161658094956, "params": {"gamma": 976.3973501628816, "log10_alpha": -3.4452205007248464, "log10_colsample_bytree": -0.5836089663055695, "log10_eta": -3.0912892779221184, "log10_lambda": 0.8042289123611601, "log10_min_child_weight": 1.6324291958574455, "log10_subsample": -0.5235954070727347, "max_depth": 4.0, "num_boost_round": 28.0}, "datetime": {"datetime": "2024-01-19 00:32:57", "elapsed": 1278.270169, "delta": 0.001972}}
{"target": -13.758144754007342, "params": {"gamma": 976.3973501628816, "log10_alpha": -3.4452205007248464, "log10_colsample_bytree": -0.5836089663055695, "log10_eta": -3.0912892779221184, "log10_lambda": 0.8042289123611601, "log10_min_child_weight": 1.6324291958574455, "log10_subsample": -0.5235954070727347, "max_depth": 4.0, "num_boost_round": 29.0}, "datetime": {"datetime": "2024-01-19 00:32:57", "elapsed": 1278.272145, "delta": 0.001976}}
{"target": -13.758135440243006, "params": {"gamma": 976.3973501628816, "log10_alpha": -3.4452205007248464, "log10_colsample_bytree": -0.5836089663055695, "log10_eta": -3.0912892779221184, "log10_lambda": 0.8042289123611601, "log10_min_child_weight": 1.6324291958574455, "log10_subsample": -0.5235954070727347, "max_depth": 4.0, "num_boost_round": 30.0}, "datetime": {"datetime": "2024-01-19 00:32:57", "elapsed": 1278.274109, "delta": 0.001964}}
{"target": -13.758117438819152, "params": {"gamma": 976.3973501628816, "log10_alpha": -3.4452205007248464, "log10_colsample_bytree": -0.5836089663055695, "log10_eta": -3.0912892779221184, "log10_lambda": 0.8042289123611601, "log10_min_child_weight": 1.6324291958574455, "log10_subsample": -0.5235954070727347, "max_depth": 4.0, "num_boost_round": 31.0}, "datetime": {"datetime": "2024-01-19 00:32:57", "elapsed": 1278.276085, "delta": 0.001976}}
{"target": -13.75809987663709, "params": {"gamma": 976.3973501628816, "log10_alpha": -3.4452205007248464, "log10_colsample_bytree": -0.5836089663055695, "log10_eta": -3.0912892779221184, "log10_lambda": 0.8042289123611601, "log10_min_child_weight": 1.6324291958574455, "log10_subsample": -0.5235954070727347, "max_depth": 4.0, "num_boost_round": 32.0}, "datetime": {"datetime": "2024-01-19 00:32:57", "elapsed": 1278.278071, "delta": 0.001986}}
{"target": -13.758080112177895, "params": {"gamma": 976.3973501628816, "log10_alpha": -3.4452205007248464, "log10_colsample_bytree": -0.5836089663055695, "log10_eta": -3.0912892779221184, "log10_lambda": 0.8042289123611601, "log10_min_child_weight": 1.6324291958574455, "log10_subsample": -0.5235954070727347, "max_depth": 4.0, "num_boost_round": 33.0}, "datetime": {"datetime": "2024-01-19 00:32:57", "elapsed": 1278.280113, "delta": 0.002042}}
{"target": -13.758072454126198, "params": {"gamma": 976.3973501628816, "log10_alpha": -3.4452205007248464, "log10_colsample_bytree": -0.5836089663055695, "log10_eta": -3.0912892779221184, "log10_lambda": 0.8042289123611601, "log10_min_child_weight": 1.6324291958574455, "log10_subsample": -0.5235954070727347, "max_depth": 4.0, "num_boost_round": 34.0}, "datetime": {"datetime": "2024-01-19 00:32:57", "elapsed": 1278.282076, "delta": 0.001963}}
{"target": -13.758059848015007, "params": {"gamma": 976.3973501628816, "log10_alpha": -3.4452205007248464, "log10_colsample_bytree": -0.5836089663055695, "log10_eta": -3.0912892779221184, "log10_lambda": 0.8042289123611601, "log10_min_child_weight": 1.6324291958574455, "log10_subsample": -0.5235954070727347, "max_depth": 4.0, "num_boost_round": 35.0}, "datetime": {"datetime": "2024-01-19 00:32:57", "elapsed": 1278.284068, "delta": 0.001992}}
{"target": -13.758054667472766, "params": {"gamma": 976.3973501628816, "log10_alpha": -3.4452205007248464, "log10_colsample_bytree": -0.5836089663055695, "log10_eta": -3.0912892779221184, "log10_lambda": 0.8042289123611601, "log10_min_child_weight": 1.6324291958574455, "log10_subsample": -0.5235954070727347, "max_depth": 4.0, "num_boost_round": 36.0}, "datetime": {"datetime": "2024-01-19 00:32:57", "elapsed": 1278.286101, "delta": 0.002033}}
{"target": -13.758028651144382, "params": {"gamma": 976.3973501628816, "log10_alpha": -3.4452205007248464, "log10_colsample_bytree": -0.5836089663055695, "log10_eta": -3.0912892779221184, "log10_lambda": 0.8042289123611601, "log10_min_child_weight": 1.6324291958574455, "log10_subsample": -0.5235954070727347, "max_depth": 4.0, "num_boost_round": 37.0}, "datetime": {"datetime": "2024-01-19 00:32:57", "elapsed": 1278.288138, "delta": 0.002037}}
{"target": -13.758006223545175, "params": {"gamma": 976.3973501628816, "log10_alpha": -3.4452205007248464, "log10_colsample_bytree": -0.5836089663055695, "log10_eta": -3.0912892779221184, "log10_lambda": 0.8042289123611601, "log10_min_child_weight": 1.6324291958574455, "log10_subsample": -0.5235954070727347, "max_depth": 4.0, "num_boost_round": 38.0}, "datetime": {"datetime": "2024-01-19 00:32:57", "elapsed": 1278.290157, "delta": 0.002019}}
{"target": -13.75800023595079, "params": {"gamma": 976.3973501628816, "log10_alpha": -3.4452205007248464, "log10_colsample_bytree": -0.5836089663055695, "log10_eta": -3.0912892779221184, "log10_lambda": 0.8042289123611601, "log10_min_child_weight": 1.6324291958574455, "log10_subsample": -0.5235954070727347, "max_depth": 4.0, "num_boost_round": 39.0}, "datetime": {"datetime": "2024-01-19 00:32:57", "elapsed": 1278.29214, "delta": 0.001983}}
{"target": -13.758003209529203, "params": {"gamma": 976.3973501628816, "log10_alpha": -3.4452205007248464, "log10_colsample_bytree": -0.5836089663055695, "log10_eta": -3.0912892779221184, "log10_lambda": 0.8042289123611601, "log10_min_child_weight": 1.6324291958574455, "log10_subsample": -0.5235954070727347, "max_depth": 4.0, "num_boost_round": 40.0}, "datetime": {"datetime": "2024-01-19 00:32:57", "elapsed": 1278.29416, "delta": 0.00202}}
{"target": -13.75797908558061, "params": {"gamma": 976.3973501628816, "log10_alpha": -3.4452205007248464, "log10_colsample_bytree": -0.5836089663055695, "log10_eta": -3.0912892779221184, "log10_lambda": 0.8042289123611601, "log10_min_child_weight": 1.6324291958574455, "log10_subsample": -0.5235954070727347, "max_depth": 4.0, "num_boost_round": 41.0}, "datetime": {"datetime": "2024-01-19 00:32:57", "elapsed": 1278.296142, "delta": 0.001982}}
{"target": -13.757947026642883, "params": {"gamma": 976.3973501628816, "log10_alpha": -3.4452205007248464, "log10_colsample_bytree": -0.5836089663055695, "log10_eta": -3.0912892779221184, "log10_lambda": 0.8042289123611601, "log10_min_child_weight": 1.6324291958574455, "log10_subsample": -0.5235954070727347, "max_depth": 4.0, "num_boost_round": 42.0}, "datetime": {"datetime": "2024-01-19 00:32:57", "elapsed": 1278.298202, "delta": 0.00206}}
{"target": -13.757933874108062, "params": {"gamma": 976.3973501628816, "log10_alpha": -3.4452205007248464, "log10_colsample_bytree": -0.5836089663055695, "log10_eta": -3.0912892779221184, "log10_lambda": 0.8042289123611601, "log10_min_child_weight": 1.6324291958574455, "log10_subsample": -0.5235954070727347, "max_depth": 4.0, "num_boost_round": 43.0}, "datetime": {"datetime": "2024-01-19 00:32:57", "elapsed": 1278.300187, "delta": 0.001985}}
{"target": -13.757912464362768, "params": {"gamma": 976.3973501628816, "log10_alpha": -3.4452205007248464, "log10_colsample_bytree": -0.5836089663055695, "log10_eta": -3.0912892779221184, "log10_lambda": 0.8042289123611601, "log10_min_child_weight": 1.6324291958574455, "log10_subsample": -0.5235954070727347, "max_depth": 4.0, "num_boost_round": 44.0}, "datetime": {"datetime": "2024-01-19 00:32:57", "elapsed": 1278.302202, "delta": 0.002015}}
{"target": -13.757907813505444, "params": {"gamma": 976.3973501628816, "log10_alpha": -3.4452205007248464, "log10_colsample_bytree": -0.5836089663055695, "log10_eta": -3.0912892779221184, "log10_lambda": 0.8042289123611601, "log10_min_child_weight": 1.6324291958574455, "log10_subsample": -0.5235954070727347, "max_depth": 4.0, "num_boost_round": 45.0}, "datetime": {"datetime": "2024-01-19 00:32:57", "elapsed": 1278.30453, "delta": 0.002328}}
{"target": -13.757908816320235, "params": {"gamma": 976.3973501628816, "log10_alpha": -3.4452205007248464, "log10_colsample_bytree": -0.5836089663055695, "log10_eta": -3.0912892779221184, "log10_lambda": 0.8042289123611601, "log10_min_child_weight": 1.6324291958574455, "log10_subsample": -0.5235954070727347, "max_depth": 4.0, "num_boost_round": 46.0}, "datetime": {"datetime": "2024-01-19 00:32:57", "elapsed": 1278.30663, "delta": 0.0021}}
{"target": -13.844646641276999, "params": {"gamma": 977.0435519464828, "log10_alpha": -1.6700614927714357, "log10_colsample_bytree": -0.1688752727173265, "log10_eta": -0.3553167787852476, "log10_lambda": 0.4950756166645931, "log10_min_child_weight": 1.5788337789271678, "log10_subsample": -0.8909712826731101, "max_depth": 8.0, "num_boost_round": 0.0}, "datetime": {"datetime": "2024-01-19 00:33:39", "elapsed": 1320.491969, "delta": 42.185339}}
{"target": -13.879277053778786, "params": {"gamma": 977.0435519464828, "log10_alpha": -1.6700614927714357, "log10_colsample_bytree": -0.1688752727173265, "log10_eta": -0.3553167787852476, "log10_lambda": 0.4950756166645931, "log10_min_child_weight": 1.5788337789271678, "log10_subsample": -0.8909712826731101, "max_depth": 8.0, "num_boost_round": 1.0}, "datetime": {"datetime": "2024-01-19 00:33:39", "elapsed": 1320.494121, "delta": 0.002152}}
{"target": -13.9586333333835, "params": {"gamma": 977.0435519464828, "log10_alpha": -1.6700614927714357, "log10_colsample_bytree": -0.1688752727173265, "log10_eta": -0.3553167787852476, "log10_lambda": 0.4950756166645931, "log10_min_child_weight": 1.5788337789271678, "log10_subsample": -0.8909712826731101, "max_depth": 8.0, "num_boost_round": 2.0}, "datetime": {"datetime": "2024-01-19 00:33:39", "elapsed": 1320.496245, "delta": 0.002124}}
{"target": -14.026547696336605, "params": {"gamma": 977.0435519464828, "log10_alpha": -1.6700614927714357, "log10_colsample_bytree": -0.1688752727173265, "log10_eta": -0.3553167787852476, "log10_lambda": 0.4950756166645931, "log10_min_child_weight": 1.5788337789271678, "log10_subsample": -0.8909712826731101, "max_depth": 8.0, "num_boost_round": 3.0}, "datetime": {"datetime": "2024-01-19 00:33:39", "elapsed": 1320.498353, "delta": 0.002108}}
{"target": -14.103925154939747, "params": {"gamma": 977.0435519464828, "log10_alpha": -1.6700614927714357, "log10_colsample_bytree": -0.1688752727173265, "log10_eta": -0.3553167787852476, "log10_lambda": 0.4950756166645931, "log10_min_child_weight": 1.5788337789271678, "log10_subsample": -0.8909712826731101, "max_depth": 8.0, "num_boost_round": 4.0}, "datetime": {"datetime": "2024-01-19 00:33:39", "elapsed": 1320.500385, "delta": 0.002032}}
