{"target": -17.67717118348544, "params": {"gamma": 411.66041164819234, "log10_alpha": 0.7846379598913096, "log10_colsample_bytree": -0.6339499712460734, "log10_eta": -3.629597110164789, "log10_lambda": 0.2704773370232765, "log10_min_child_weight": 1.265668907651722, "log10_subsample": -0.03855775632402314, "max_depth": 2.0, "num_boost_round": 10.0}, "datetime": {"datetime": "2024-01-19 01:28:20", "elapsed": 4593.434418, "delta": 0.004572}}
{"target": -17.677164857467275, "params": {"gamma": 411.66041164819234, "log10_alpha": 0.7846379598913096, "log10_colsample_bytree": -0.6339499712460734, "log10_eta": -3.629597110164789, "log10_lambda": 0.2704773370232765, "log10_min_child_weight": 1.265668907651722, "log10_subsample": -0.03855775632402314, "max_depth": 2.0, "num_boost_round": 11.0}, "datetime": {"datetime": "2024-01-19 01:28:20", "elapsed": 4593.438912, "delta": 0.004494}}
{"target": -17.677159884353337, "params": {"gamma": 411.66041164819234, "log10_alpha": 0.7846379598913096, "log10_colsample_bytree": -0.6339499712460734, "log10_eta": -3.629597110164789, "log10_lambda": 0.2704773370232765, "log10_min_child_weight": 1.265668907651722, "log10_subsample": -0.03855775632402314, "max_depth": 2.0, "num_boost_round": 12.0}, "datetime": {"datetime": "2024-01-19 01:28:20", "elapsed": 4593.443455, "delta": 0.004543}}
{"target": -17.67715223000311, "params": {"gamma": 411.66041164819234, "log10_alpha": 0.7846379598913096, "log10_colsample_bytree": -0.6339499712460734, "log10_eta": -3.629597110164789, "log10_lambda": 0.2704773370232765, "log10_min_child_weight": 1.265668907651722, "log10_subsample": -0.03855775632402314, "max_depth": 2.0, "num_boost_round": 13.0}, "datetime": {"datetime": "2024-01-19 01:28:20", "elapsed": 4593.44793, "delta": 0.004475}}
{"target": -17.677150503589488, "params": {"gamma": 411.66041164819234, "log10_alpha": 0.7846379598913096, "log10_colsample_bytree": -0.6339499712460734, "log10_eta": -3.629597110164789, "log10_lambda": 0.2704773370232765, "log10_min_child_weight": 1.265668907651722, "log10_subsample": -0.03855775632402314, "max_depth": 2.0, "num_boost_round": 14.0}, "datetime": {"datetime": "2024-01-19 01:28:20", "elapsed": 4593.452418, "delta": 0.004488}}
{"target": -17.67714275941612, "params": {"gamma": 411.66041164819234, "log10_alpha": 0.7846379598913096, "log10_colsample_bytree": -0.6339499712460734, "log10_eta": -3.629597110164789, "log10_lambda": 0.2704773370232765, "log10_min_child_weight": 1.265668907651722, "log10_subsample": -0.03855775632402314, "max_depth": 2.0, "num_boost_round": 15.0}, "datetime": {"datetime": "2024-01-19 01:28:20", "elapsed": 4593.456904, "delta": 0.004486}}
{"target": -17.67713589948646, "params": {"gamma": 411.66041164819234, "log10_alpha": 0.7846379598913096, "log10_colsample_bytree": -0.6339499712460734, "log10_eta": -3.629597110164789, "log10_lambda": 0.2704773370232765, "log10_min_child_weight": 1.265668907651722, "log10_subsample": -0.03855775632402314, "max_depth": 2.0, "num_boost_round": 16.0}, "datetime": {"datetime": "2024-01-19 01:28:20", "elapsed": 4593.461353, "delta": 0.004449}}
{"target": -17.677130954310474, "params": {"gamma": 411.66041164819234, "log10_alpha": 0.7846379598913096, "log10_colsample_bytree": -0.6339499712460734, "log10_eta": -3.629597110164789, "log10_lambda": 0.2704773370232765, "log10_min_child_weight": 1.265668907651722, "log10_subsample": -0.03855775632402314, "max_depth": 2.0, "num_boost_round": 17.0}, "datetime": {"datetime": "2024-01-19 01:28:20", "elapsed": 4593.465714, "delta": 0.004361}}
{"target": -17.67712663405732, "params": {"gamma": 411.66041164819234, "log10_alpha": 0.7846379598913096, "log10_colsample_bytree": -0.6339499712460734, "log10_eta": -3.629597110164789, "log10_lambda": 0.2704773370232765, "log10_min_child_weight": 1.265668907651722, "log10_subsample": -0.03855775632402314, "max_depth": 2.0, "num_boost_round": 18.0}, "datetime": {"datetime": "2024-01-19 01:28:20", "elapsed": 4593.470163, "delta": 0.004449}}
{"target": -17.677122278525218, "params": {"gamma": 411.66041164819234, "log10_alpha": 0.7846379598913096, "log10_colsample_bytree": -0.6339499712460734, "log10_eta": -3.629597110164789, "log10_lambda": 0.2704773370232765, "log10_min_child_weight": 1.265668907651722, "log10_subsample": -0.03855775632402314, "max_depth": 2.0, "num_boost_round": 19.0}, "datetime": {"datetime": "2024-01-19 01:28:20", "elapsed": 4593.474539, "delta": 0.004376}}
{"target": -17.677115340540393, "params": {"gamma": 411.66041164819234, "log10_alpha": 0.7846379598913096, "log10_colsample_bytree": -0.6339499712460734, "log10_eta": -3.629597110164789, "log10_lambda": 0.2704773370232765, "log10_min_child_weight": 1.265668907651722, "log10_subsample": -0.03855775632402314, "max_depth": 2.0, "num_boost_round": 20.0}, "datetime": {"datetime": "2024-01-19 01:28:20", "elapsed": 4593.479034, "delta": 0.004495}}
{"target": -17.677108874084983, "params": {"gamma": 411.66041164819234, "log10_alpha": 0.7846379598913096, "log10_colsample_bytree": -0.6339499712460734, "log10_eta": -3.629597110164789, "log10_lambda": 0.2704773370232765, "log10_min_child_weight": 1.265668907651722, "log10_subsample": -0.03855775632402314, "max_depth": 2.0, "num_boost_round": 21.0}, "datetime": {"datetime": "2024-01-19 01:28:20", "elapsed": 4593.483644, "delta": 0.00461}}
{"target": -17.677104788367078, "params": {"gamma": 411.66041164819234, "log10_alpha": 0.7846379598913096, "log10_colsample_bytree": -0.6339499712460734, "log10_eta": -3.629597110164789, "log10_lambda": 0.2704773370232765, "log10_min_child_weight": 1.265668907651722, "log10_subsample": -0.03855775632402314, "max_depth": 2.0, "num_boost_round": 22.0}, "datetime": {"datetime": "2024-01-19 01:28:20", "elapsed": 4593.488169, "delta": 0.004525}}
{"target": -17.67709817470294, "params": {"gamma": 411.66041164819234, "log10_alpha": 0.7846379598913096, "log10_colsample_bytree": -0.6339499712460734, "log10_eta": -3.629597110164789, "log10_lambda": 0.2704773370232765, "log10_min_child_weight": 1.265668907651722, "log10_subsample": -0.03855775632402314, "max_depth": 2.0, "num_boost_round": 23.0}, "datetime": {"datetime": "2024-01-19 01:28:20", "elapsed": 4593.492696, "delta": 0.004527}}
{"target": -17.677098041060525, "params": {"gamma": 411.66041164819234, "log10_alpha": 0.7846379598913096, "log10_colsample_bytree": -0.6339499712460734, "log10_eta": -3.629597110164789, "log10_lambda": 0.2704773370232765, "log10_min_child_weight": 1.265668907651722, "log10_subsample": -0.03855775632402314, "max_depth": 2.0, "num_boost_round": 24.0}, "datetime": {"datetime": "2024-01-19 01:28:20", "elapsed": 4593.497188, "delta": 0.004492}}
{"target": -17.677087639414474, "params": {"gamma": 411.66041164819234, "log10_alpha": 0.7846379598913096, "log10_colsample_bytree": -0.6339499712460734, "log10_eta": -3.629597110164789, "log10_lambda": 0.2704773370232765, "log10_min_child_weight": 1.265668907651722, "log10_subsample": -0.03855775632402314, "max_depth": 2.0, "num_boost_round": 25.0}, "datetime": {"datetime": "2024-01-19 01:28:20", "elapsed": 4593.501739, "delta": 0.004551}}
{"target": -17.677085495571085, "params": {"gamma": 411.66041164819234, "log10_alpha": 0.7846379598913096, "log10_colsample_bytree": -0.6339499712460734, "log10_eta": -3.629597110164789, "log10_lambda": 0.2704773370232765, "log10_min_child_weight": 1.265668907651722, "log10_subsample": -0.03855775632402314, "max_depth": 2.0, "num_boost_round": 26.0}, "datetime": {"datetime": "2024-01-19 01:28:20", "elapsed": 4593.506413, "delta": 0.004674}}
{"target": -17.67708450040524, "params": {"gamma": 411.66041164819234, "log10_alpha": 0.7846379598913096, "log10_colsample_bytree": -0.6339499712460734, "log10_eta": -3.629597110164789, "log10_lambda": 0.2704773370232765, "log10_min_child_weight": 1.265668907651722, "log10_subsample": -0.03855775632402314, "max_depth": 2.0, "num_boost_round": 27.0}, "datetime": {"datetime": "2024-01-19 01:28:20", "elapsed": 4593.511181, "delta": 0.004768}}
{"target": -17.677074418430557, "params": {"gamma": 411.66041164819234, "log10_alpha": 0.7846379598913096, "log10_colsample_bytree": -0.6339499712460734, "log10_eta": -3.629597110164789, "log10_lambda": 0.2704773370232765, "log10_min_child_weight": 1.265668907651722, "log10_subsample": -0.03855775632402314, "max_depth": 2.0, "num_boost_round": 28.0}, "datetime": {"datetime": "2024-01-19 01:28:20", "elapsed": 4593.515995, "delta": 0.004814}}
{"target": -17.67706848229022, "params": {"gamma": 411.66041164819234, "log10_alpha": 0.7846379598913096, "log10_colsample_bytree": -0.6339499712460734, "log10_eta": -3.629597110164789, "log10_lambda": 0.2704773370232765, "log10_min_child_weight": 1.265668907651722, "log10_subsample": -0.03855775632402314, "max_depth": 2.0, "num_boost_round": 29.0}, "datetime": {"datetime": "2024-01-19 01:28:20", "elapsed": 4593.520658, "delta": 0.004663}}
{"target": -17.67706150918879, "params": {"gamma": 411.66041164819234, "log10_alpha": 0.7846379598913096, "log10_colsample_bytree": -0.6339499712460734, "log10_eta": -3.629597110164789, "log10_lambda": 0.2704773370232765, "log10_min_child_weight": 1.265668907651722, "log10_subsample": -0.03855775632402314, "max_depth": 2.0, "num_boost_round": 30.0}, "datetime": {"datetime": "2024-01-19 01:28:20", "elapsed": 4593.525341, "delta": 0.004683}}
{"target": -17.67705526918304, "params": {"gamma": 411.66041164819234, "log10_alpha": 0.7846379598913096, "log10_colsample_bytree": -0.6339499712460734, "log10_eta": -3.629597110164789, "log10_lambda": 0.2704773370232765, "log10_min_child_weight": 1.265668907651722, "log10_subsample": -0.03855775632402314, "max_depth": 2.0, "num_boost_round": 31.0}, "datetime": {"datetime": "2024-01-19 01:28:20", "elapsed": 4593.530009, "delta": 0.004668}}
{"target": -17.67705175425145, "params": {"gamma": 411.66041164819234, "log10_alpha": 0.7846379598913096, "log10_colsample_bytree": -0.6339499712460734, "log10_eta": -3.629597110164789, "log10_lambda": 0.2704773370232765, "log10_min_child_weight": 1.265668907651722, "log10_subsample": -0.03855775632402314, "max_depth": 2.0, "num_boost_round": 32.0}, "datetime": {"datetime": "2024-01-19 01:28:20", "elapsed": 4593.53442, "delta": 0.004411}}
{"target": -17.677044984823418, "params": {"gamma": 411.66041164819234, "log10_alpha": 0.7846379598913096, "log10_colsample_bytree": -0.6339499712460734, "log10_eta": -3.629597110164789, "log10_lambda": 0.2704773370232765, "log10_min_child_weight": 1.265668907651722, "log10_subsample": -0.03855775632402314, "max_depth": 2.0, "num_boost_round": 33.0}, "datetime": {"datetime": "2024-01-19 01:28:20", "elapsed": 4593.538847, "delta": 0.004427}}
{"target": -17.67703707308031, "params": {"gamma": 411.66041164819234, "log10_alpha": 0.7846379598913096, "log10_colsample_bytree": -0.6339499712460734, "log10_eta": -3.629597110164789, "log10_lambda": 0.2704773370232765, "log10_min_child_weight": 1.265668907651722, "log10_subsample": -0.03855775632402314, "max_depth": 2.0, "num_boost_round": 34.0}, "datetime": {"datetime": "2024-01-19 01:28:20", "elapsed": 4593.543313, "delta": 0.004466}}
{"target": -17.677215439303314, "params": {"gamma": 412.8166496490786, "log10_alpha": -4.289632031202673, "log10_colsample_bytree": -0.3114421225655364, "log10_eta": -3.508844553323011, "log10_lambda": 0.06185735764197098, "log10_min_child_weight": 0.9978163519449512, "log10_subsample": -0.25062820652029505, "max_depth": 9.0, "num_boost_round": 0.0}, "datetime": {"datetime": "2024-01-19 01:30:17", "elapsed": 4709.675281, "delta": 116.131968}}
{"target": -17.677192970040082, "params": {"gamma": 412.8166496490786, "log10_alpha": -4.289632031202673, "log10_colsample_bytree": -0.3114421225655364, "log10_eta": -3.508844553323011, "log10_lambda": 0.06185735764197098, "log10_min_child_weight": 0.9978163519449512, "log10_subsample": -0.25062820652029505, "max_depth": 9.0, "num_boost_round": 1.0}, "datetime": {"datetime": "2024-01-19 01:30:17", "elapsed": 4709.680201, "delta": 0.00492}}
{"target": -17.677183675673874, "params": {"gamma": 412.8166496490786, "log10_alpha": -4.289632031202673, "log10_colsample_bytree": -0.3114421225655364, "log10_eta": -3.508844553323011, "log10_lambda": 0.06185735764197098, "log10_min_child_weight": 0.9978163519449512, "log10_subsample": -0.25062820652029505, "max_depth": 9.0, "num_boost_round": 2.0}, "datetime": {"datetime": "2024-01-19 01:30:17", "elapsed": 4709.684904, "delta": 0.004703}}
{"target": -17.677171477737332, "params": {"gamma": 412.8166496490786, "log10_alpha": -4.289632031202673, "log10_colsample_bytree": -0.3114421225655364, "log10_eta": -3.508844553323011, "log10_lambda": 0.06185735764197098, "log10_min_child_weight": 0.9978163519449512, "log10_subsample": -0.25062820652029505, "max_depth": 9.0, "num_boost_round": 3.0}, "datetime": {"datetime": "2024-01-19 01:30:17", "elapsed": 4709.689515, "delta": 0.004611}}
{"target": -17.677162238612144, "params": {"gamma": 412.8166496490786, "log10_alpha": -4.289632031202673, "log10_colsample_bytree": -0.3114421225655364, "log10_eta": -3.508844553323011, "log10_lambda": 0.06185735764197098, "log10_min_child_weight": 0.9978163519449512, "log10_subsample": -0.25062820652029505, "max_depth": 9.0, "num_boost_round": 4.0}, "datetime": {"datetime": "2024-01-19 01:30:17", "elapsed": 4709.694162, "delta": 0.004647}}
{"target": -17.677140561322176, "params": {"gamma": 412.8166496490786, "log10_alpha": -4.289632031202673, "log10_colsample_bytree": -0.3114421225655364, "log10_eta": -3.508844553323011, "log10_lambda": 0.06185735764197098, "log10_min_child_weight": 0.9978163519449512, "log10_subsample": -0.25062820652029505, "max_depth": 9.0, "num_boost_round": 5.0}, "datetime": {"datetime": "2024-01-19 01:30:17", "elapsed": 4709.698652, "delta": 0.00449}}
{"target": -17.677133579393516, "params": {"gamma": 412.8166496490786, "log10_alpha": -4.289632031202673, "log10_colsample_bytree": -0.3114421225655364, "log10_eta": -3.508844553323011, "log10_lambda": 0.06185735764197098, "log10_min_child_weight": 0.9978163519449512, "log10_subsample": -0.25062820652029505, "max_depth": 9.0, "num_boost_round": 6.0}, "datetime": {"datetime": "2024-01-19 01:30:17", "elapsed": 4709.703249, "delta": 0.004597}}
{"target": -17.67712601673518, "params": {"gamma": 412.8166496490786, "log10_alpha": -4.289632031202673, "log10_colsample_bytree": -0.3114421225655364, "log10_eta": -3.508844553323011, "log10_lambda": 0.06185735764197098, "log10_min_child_weight": 0.9978163519449512, "log10_subsample": -0.25062820652029505, "max_depth": 9.0, "num_boost_round": 7.0}, "datetime": {"datetime": "2024-01-19 01:30:17", "elapsed": 4709.707979, "delta": 0.00473}}
{"target": -17.67710273628145, "params": {"gamma": 412.8166496490786, "log10_alpha": -4.289632031202673, "log10_colsample_bytree": -0.3114421225655364, "log10_eta": -3.508844553323011, "log10_lambda": 0.06185735764197098, "log10_min_child_weight": 0.9978163519449512, "log10_subsample": -0.25062820652029505, "max_depth": 9.0, "num_boost_round": 8.0}, "datetime": {"datetime": "2024-01-19 01:30:17", "elapsed": 4709.712599, "delta": 0.00462}}
{"target": -17.67708264440238, "params": {"gamma": 412.8166496490786, "log10_alpha": -4.289632031202673, "log10_colsample_bytree": -0.3114421225655364, "log10_eta": -3.508844553323011, "log10_lambda": 0.06185735764197098, "log10_min_child_weight": 0.9978163519449512, "log10_subsample": -0.25062820652029505, "max_depth": 9.0, "num_boost_round": 9.0}, "datetime": {"datetime": "2024-01-19 01:30:17", "elapsed": 4709.71712, "delta": 0.004521}}
{"target": -17.677064200080824, "params": {"gamma": 412.8166496490786, "log10_alpha": -4.289632031202673, "log10_colsample_bytree": -0.3114421225655364, "log10_eta": -3.508844553323011, "log10_lambda": 0.06185735764197098, "log10_min_child_weight": 0.9978163519449512, "log10_subsample": -0.25062820652029505, "max_depth": 9.0, "num_boost_round": 10.0}, "datetime": {"datetime": "2024-01-19 01:30:17", "elapsed": 4709.721719, "delta": 0.004599}}
{"target": -17.677050295870664, "params": {"gamma": 412.8166496490786, "log10_alpha": -4.289632031202673, "log10_colsample_bytree": -0.3114421225655364, "log10_eta": -3.508844553323011, "log10_lambda": 0.06185735764197098, "log10_min_child_weight": 0.9978163519449512, "log10_subsample": -0.25062820652029505, "max_depth": 9.0, "num_boost_round": 11.0}, "datetime": {"datetime": "2024-01-19 01:30:17", "elapsed": 4709.72631, "delta": 0.004591}}
{"target": -17.677023972335974, "params": {"gamma": 412.8166496490786, "log10_alpha": -4.289632031202673, "log10_colsample_bytree": -0.3114421225655364, "log10_eta": -3.508844553323011, "log10_lambda": 0.06185735764197098, "log10_min_child_weight": 0.9978163519449512, "log10_subsample": -0.25062820652029505, "max_depth": 9.0, "num_boost_round": 12.0}, "datetime": {"datetime": "2024-01-19 01:30:17", "elapsed": 4709.731002, "delta": 0.004692}}
{"target": -17.676997321157067, "params": {"gamma": 412.8166496490786, "log10_alpha": -4.289632031202673, "log10_colsample_bytree": -0.3114421225655364, "log10_eta": -3.508844553323011, "log10_lambda": 0.06185735764197098, "log10_min_child_weight": 0.9978163519449512, "log10_subsample": -0.25062820652029505, "max_depth": 9.0, "num_boost_round": 13.0}, "datetime": {"datetime": "2024-01-19 01:30:17", "elapsed": 4709.735474, "delta": 0.004472}}
{"target": -17.676994482711972, "params": {"gamma": 412.8166496490786, "log10_alpha": -4.289632031202673, "log10_colsample_bytree": -0.3114421225655364, "log10_eta": -3.508844553323011, "log10_lambda": 0.06185735764197098, "log10_min_child_weight": 0.9978163519449512, "log10_subsample": -0.25062820652029505, "max_depth": 9.0, "num_boost_round": 14.0}, "datetime": {"datetime": "2024-01-19 01:30:17", "elapsed": 4709.740007, "delta": 0.004533}}
{"target": -17.676983253414377, "params": {"gamma": 412.8166496490786, "log10_alpha": -4.289632031202673, "log10_colsample_bytree": -0.3114421225655364, "log10_eta": -3.508844553323011, "log10_lambda": 0.06185735764197098, "log10_min_child_weight": 0.9978163519449512, "log10_subsample": -0.25062820652029505, "max_depth": 9.0, "num_boost_round": 15.0}, "datetime": {"datetime": "2024-01-19 01:30:17", "elapsed": 4709.744465, "delta": 0.004458}}
{"target": -17.676958853334124, "params": {"gamma": 412.8166496490786, "log10_alpha": -4.289632031202673, "log10_colsample_bytree": -0.3114421225655364, "log10_eta": -3.508844553323011, "log10_lambda": 0.06185735764197098, "log10_min_child_weight": 0.9978163519449512, "log10_subsample": -0.25062820652029505, "max_depth": 9.0, "num_boost_round": 16.0}, "datetime": {"datetime": "2024-01-19 01:30:17", "elapsed": 4709.748929, "delta": 0.004464}}
{"target": -17.67694988328501, "params": {"gamma": 412.8166496490786, "log10_alpha": -4.289632031202673, "log10_colsample_bytree": -0.3114421225655364, "log10_eta": -3.508844553323011, "log10_lambda": 0.06185735764197098, "log10_min_child_weight": 0.9978163519449512, "log10_subsample": -0.25062820652029505, "max_depth": 9.0, "num_boost_round": 17.0}, "datetime": {"datetime": "2024-01-19 01:30:17", "elapsed": 4709.75331, "delta": 0.004381}}
{"target": -17.676911778571693, "params": {"gamma": 412.8166496490786, "log10_alpha": -4.289632031202673, "log10_colsample_bytree": -0.3114421225655364, "log10_eta": -3.508844553323011, "log10_lambda": 0.06185735764197098, "log10_min_child_weight": 0.9978163519449512, "log10_subsample": -0.25062820652029505, "max_depth": 9.0, "num_boost_round": 18.0}, "datetime": {"datetime": "2024-01-19 01:30:17", "elapsed": 4709.757813, "delta": 0.004503}}
{"target": -17.67688797622097, "params": {"gamma": 412.8166496490786, "log10_alpha": -4.289632031202673, "log10_colsample_bytree": -0.3114421225655364, "log10_eta": -3.508844553323011, "log10_lambda": 0.06185735764197098, "log10_min_child_weight": 0.9978163519449512, "log10_subsample": -0.25062820652029505, "max_depth": 9.0, "num_boost_round": 19.0}, "datetime": {"datetime": "2024-01-19 01:30:17", "elapsed": 4709.762309, "delta": 0.004496}}
{"target": -17.676859757489343, "params": {"gamma": 412.8166496490786, "log10_alpha": -4.289632031202673, "log10_colsample_bytree": -0.3114421225655364, "log10_eta": -3.508844553323011, "log10_lambda": 0.06185735764197098, "log10_min_child_weight": 0.9978163519449512, "log10_subsample": -0.25062820652029505, "max_depth": 9.0, "num_boost_round": 20.0}, "datetime": {"datetime": "2024-01-19 01:30:17", "elapsed": 4709.766766, "delta": 0.004457}}
{"target": -17.6768301628222, "params": {"gamma": 412.8166496490786, "log10_alpha": -4.289632031202673, "log10_colsample_bytree": -0.3114421225655364, "log10_eta": -3.508844553323011, "log10_lambda": 0.06185735764197098, "log10_min_child_weight": 0.9978163519449512, "log10_subsample": -0.25062820652029505, "max_depth": 9.0, "num_boost_round": 21.0}, "datetime": {"datetime": "2024-01-19 01:30:17", "elapsed": 4709.77127, "delta": 0.004504}}
{"target": -17.67678584177876, "params": {"gamma": 412.8166496490786, "log10_alpha": -4.289632031202673, "log10_colsample_bytree": -0.3114421225655364, "log10_eta": -3.508844553323011, "log10_lambda": 0.06185735764197098, "log10_min_child_weight": 0.9978163519449512, "log10_subsample": -0.25062820652029505, "max_depth": 9.0, "num_boost_round": 22.0}, "datetime": {"datetime": "2024-01-19 01:30:17", "elapsed": 4709.7757, "delta": 0.00443}}
{"target": -17.676772539999167, "params": {"gamma": 412.8166496490786, "log10_alpha": -4.289632031202673, "log10_colsample_bytree": -0.3114421225655364, "log10_eta": -3.508844553323011, "log10_lambda": 0.06185735764197098, "log10_min_child_weight": 0.9978163519449512, "log10_subsample": -0.25062820652029505, "max_depth": 9.0, "num_boost_round": 23.0}, "datetime": {"datetime": "2024-01-19 01:30:17", "elapsed": 4709.780186, "delta": 0.004486}}
