{"target": -13.805995613746008, "params": {"gamma": 904.2589039600175, "log10_alpha": -0.016220526876815633, "log10_colsample_bytree": -0.618302449277958, "log10_eta": -0.027915444536902534, "log10_lambda": -1.1436787054489899, "log10_min_child_weight": 4.434848318902838, "log10_subsample": -0.8542225751707972, "max_depth": 4.0, "num_boost_round": 8.0}, "datetime": {"datetime": "2024-01-19 01:03:34", "elapsed": 3134.400466, "delta": 0.002944}}
{"target": -13.806497315400703, "params": {"gamma": 904.2589039600175, "log10_alpha": -0.016220526876815633, "log10_colsample_bytree": -0.618302449277958, "log10_eta": -0.027915444536902534, "log10_lambda": -1.1436787054489899, "log10_min_child_weight": 4.434848318902838, "log10_subsample": -0.8542225751707972, "max_depth": 4.0, "num_boost_round": 9.0}, "datetime": {"datetime": "2024-01-19 01:03:34", "elapsed": 3134.403394, "delta": 0.002928}}
{"target": -13.806787335435239, "params": {"gamma": 904.2589039600175, "log10_alpha": -0.016220526876815633, "log10_colsample_bytree": -0.618302449277958, "log10_eta": -0.027915444536902534, "log10_lambda": -1.1436787054489899, "log10_min_child_weight": 4.434848318902838, "log10_subsample": -0.8542225751707972, "max_depth": 4.0, "num_boost_round": 10.0}, "datetime": {"datetime": "2024-01-19 01:03:34", "elapsed": 3134.406295, "delta": 0.002901}}
{"target": -13.759838831015408, "params": {"gamma": 846.2547629406657, "log10_alpha": -4.46335928976526, "log10_colsample_bytree": -0.15849255926398664, "log10_eta": -1.5200000364606048, "log10_lambda": -4.9561166925818725, "log10_min_child_weight": 3.357624466279569, "log10_subsample": -0.14262351660427952, "max_depth": 8.0, "num_boost_round": 0.0}, "datetime": {"datetime": "2024-01-19 01:04:08", "elapsed": 3168.93404, "delta": 34.527745}}
{"target": -13.75969906916363, "params": {"gamma": 846.2547629406657, "log10_alpha": -4.46335928976526, "log10_colsample_bytree": -0.15849255926398664, "log10_eta": -1.5200000364606048, "log10_lambda": -4.9561166925818725, "log10_min_child_weight": 3.357624466279569, "log10_subsample": -0.14262351660427952, "max_depth": 8.0, "num_boost_round": 1.0}, "datetime": {"datetime": "2024-01-19 01:04:08", "elapsed": 3168.937373, "delta": 0.003333}}
{"target": -13.758991099638392, "params": {"gamma": 846.2547629406657, "log10_alpha": -4.46335928976526, "log10_colsample_bytree": -0.15849255926398664, "log10_eta": -1.5200000364606048, "log10_lambda": -4.9561166925818725, "log10_min_child_weight": 3.357624466279569, "log10_subsample": -0.14262351660427952, "max_depth": 8.0, "num_boost_round": 2.0}, "datetime": {"datetime": "2024-01-19 01:04:08", "elapsed": 3168.940679, "delta": 0.003306}}
{"target": -13.759126600066265, "params": {"gamma": 846.2547629406657, "log10_alpha": -4.46335928976526, "log10_colsample_bytree": -0.15849255926398664, "log10_eta": -1.5200000364606048, "log10_lambda": -4.9561166925818725, "log10_min_child_weight": 3.357624466279569, "log10_subsample": -0.14262351660427952, "max_depth": 8.0, "num_boost_round": 3.0}, "datetime": {"datetime": "2024-01-19 01:04:08", "elapsed": 3168.943604, "delta": 0.002925}}
{"target": -13.758860089063491, "params": {"gamma": 846.2547629406657, "log10_alpha": -4.46335928976526, "log10_colsample_bytree": -0.15849255926398664, "log10_eta": -1.5200000364606048, "log10_lambda": -4.9561166925818725, "log10_min_child_weight": 3.357624466279569, "log10_subsample": -0.14262351660427952, "max_depth": 8.0, "num_boost_round": 4.0}, "datetime": {"datetime": "2024-01-19 01:04:08", "elapsed": 3168.946521, "delta": 0.002917}}
{"target": -13.759839160232659, "params": {"gamma": 846.2547629406657, "log10_alpha": -4.46335928976526, "log10_colsample_bytree": -0.15849255926398664, "log10_eta": -1.5200000364606048, "log10_lambda": -4.9561166925818725, "log10_min_child_weight": 3.357624466279569, "log10_subsample": -0.14262351660427952, "max_depth": 8.0, "num_boost_round": 5.0}, "datetime": {"datetime": "2024-01-19 01:04:08", "elapsed": 3168.949446, "delta": 0.002925}}
{"target": -13.760130214637565, "params": {"gamma": 846.2547629406657, "log10_alpha": -4.46335928976526, "log10_colsample_bytree": -0.15849255926398664, "log10_eta": -1.5200000364606048, "log10_lambda": -4.9561166925818725, "log10_min_child_weight": 3.357624466279569, "log10_subsample": -0.14262351660427952, "max_depth": 8.0, "num_boost_round": 6.0}, "datetime": {"datetime": "2024-01-19 01:04:08", "elapsed": 3168.952362, "delta": 0.002916}}
{"target": -13.760687794570975, "params": {"gamma": 846.2547629406657, "log10_alpha": -4.46335928976526, "log10_colsample_bytree": -0.15849255926398664, "log10_eta": -1.5200000364606048, "log10_lambda": -4.9561166925818725, "log10_min_child_weight": 3.357624466279569, "log10_subsample": -0.14262351660427952, "max_depth": 8.0, "num_boost_round": 7.0}, "datetime": {"datetime": "2024-01-19 01:04:08", "elapsed": 3168.955389, "delta": 0.003027}}
{"target": -13.76220811085323, "params": {"gamma": 846.2547629406657, "log10_alpha": -4.46335928976526, "log10_colsample_bytree": -0.15849255926398664, "log10_eta": -1.5200000364606048, "log10_lambda": -4.9561166925818725, "log10_min_child_weight": 3.357624466279569, "log10_subsample": -0.14262351660427952, "max_depth": 8.0, "num_boost_round": 8.0}, "datetime": {"datetime": "2024-01-19 01:04:08", "elapsed": 3168.958325, "delta": 0.002936}}
{"target": -13.762163750989655, "params": {"gamma": 846.2547629406657, "log10_alpha": -4.46335928976526, "log10_colsample_bytree": -0.15849255926398664, "log10_eta": -1.5200000364606048, "log10_lambda": -4.9561166925818725, "log10_min_child_weight": 3.357624466279569, "log10_subsample": -0.14262351660427952, "max_depth": 8.0, "num_boost_round": 9.0}, "datetime": {"datetime": "2024-01-19 01:04:08", "elapsed": 3168.961388, "delta": 0.003063}}
{"target": -13.763071370813266, "params": {"gamma": 846.2547629406657, "log10_alpha": -4.46335928976526, "log10_colsample_bytree": -0.15849255926398664, "log10_eta": -1.5200000364606048, "log10_lambda": -4.9561166925818725, "log10_min_child_weight": 3.357624466279569, "log10_subsample": -0.14262351660427952, "max_depth": 8.0, "num_boost_round": 10.0}, "datetime": {"datetime": "2024-01-19 01:04:08", "elapsed": 3168.96428, "delta": 0.002892}}
{"target": -13.76230215771586, "params": {"gamma": 846.2547629406657, "log10_alpha": -4.46335928976526, "log10_colsample_bytree": -0.15849255926398664, "log10_eta": -1.5200000364606048, "log10_lambda": -4.9561166925818725, "log10_min_child_weight": 3.357624466279569, "log10_subsample": -0.14262351660427952, "max_depth": 8.0, "num_boost_round": 11.0}, "datetime": {"datetime": "2024-01-19 01:04:08", "elapsed": 3168.967137, "delta": 0.002857}}
{"target": -13.762605955309443, "params": {"gamma": 846.2547629406657, "log10_alpha": -4.46335928976526, "log10_colsample_bytree": -0.15849255926398664, "log10_eta": -1.5200000364606048, "log10_lambda": -4.9561166925818725, "log10_min_child_weight": 3.357624466279569, "log10_subsample": -0.14262351660427952, "max_depth": 8.0, "num_boost_round": 12.0}, "datetime": {"datetime": "2024-01-19 01:04:08", "elapsed": 3168.970125, "delta": 0.002988}}
{"target": -13.76453434136385, "params": {"gamma": 846.2547629406657, "log10_alpha": -4.46335928976526, "log10_colsample_bytree": -0.15849255926398664, "log10_eta": -1.5200000364606048, "log10_lambda": -4.9561166925818725, "log10_min_child_weight": 3.357624466279569, "log10_subsample": -0.14262351660427952, "max_depth": 8.0, "num_boost_round": 13.0}, "datetime": {"datetime": "2024-01-19 01:04:08", "elapsed": 3168.973226, "delta": 0.003101}}
{"target": -13.764963073314707, "params": {"gamma": 846.2547629406657, "log10_alpha": -4.46335928976526, "log10_colsample_bytree": -0.15849255926398664, "log10_eta": -1.5200000364606048, "log10_lambda": -4.9561166925818725, "log10_min_child_weight": 3.357624466279569, "log10_subsample": -0.14262351660427952, "max_depth": 8.0, "num_boost_round": 14.0}, "datetime": {"datetime": "2024-01-19 01:04:08", "elapsed": 3168.97627, "delta": 0.003044}}
{"target": -13.765180399029308, "params": {"gamma": 846.2547629406657, "log10_alpha": -4.46335928976526, "log10_colsample_bytree": -0.15849255926398664, "log10_eta": -1.5200000364606048, "log10_lambda": -4.9561166925818725, "log10_min_child_weight": 3.357624466279569, "log10_subsample": -0.14262351660427952, "max_depth": 8.0, "num_boost_round": 15.0}, "datetime": {"datetime": "2024-01-19 01:04:08", "elapsed": 3168.979238, "delta": 0.002968}}
{"target": -13.764893910662058, "params": {"gamma": 846.2547629406657, "log10_alpha": -4.46335928976526, "log10_colsample_bytree": -0.15849255926398664, "log10_eta": -1.5200000364606048, "log10_lambda": -4.9561166925818725, "log10_min_child_weight": 3.357624466279569, "log10_subsample": -0.14262351660427952, "max_depth": 8.0, "num_boost_round": 16.0}, "datetime": {"datetime": "2024-01-19 01:04:08", "elapsed": 3168.982261, "delta": 0.003023}}
{"target": -13.765090649608315, "params": {"gamma": 846.2547629406657, "log10_alpha": -4.46335928976526, "log10_colsample_bytree": -0.15849255926398664, "log10_eta": -1.5200000364606048, "log10_lambda": -4.9561166925818725, "log10_min_child_weight": 3.357624466279569, "log10_subsample": -0.14262351660427952, "max_depth": 8.0, "num_boost_round": 17.0}, "datetime": {"datetime": "2024-01-19 01:04:08", "elapsed": 3168.985174, "delta": 0.002913}}
{"target": -13.765669137457778, "params": {"gamma": 846.2547629406657, "log10_alpha": -4.46335928976526, "log10_colsample_bytree": -0.15849255926398664, "log10_eta": -1.5200000364606048, "log10_lambda": -4.9561166925818725, "log10_min_child_weight": 3.357624466279569, "log10_subsample": -0.14262351660427952, "max_depth": 8.0, "num_boost_round": 18.0}, "datetime": {"datetime": "2024-01-19 01:04:08", "elapsed": 3168.988076, "delta": 0.002902}}
{"target": -13.765554662809901, "params": {"gamma": 846.2547629406657, "log10_alpha": -4.46335928976526, "log10_colsample_bytree": -0.15849255926398664, "log10_eta": -1.5200000364606048, "log10_lambda": -4.9561166925818725, "log10_min_child_weight": 3.357624466279569, "log10_subsample": -0.14262351660427952, "max_depth": 8.0, "num_boost_round": 19.0}, "datetime": {"datetime": "2024-01-19 01:04:08", "elapsed": 3168.990992, "delta": 0.002916}}
{"target": -13.766383032488676, "params": {"gamma": 846.2547629406657, "log10_alpha": -4.46335928976526, "log10_colsample_bytree": -0.15849255926398664, "log10_eta": -1.5200000364606048, "log10_lambda": -4.9561166925818725, "log10_min_child_weight": 3.357624466279569, "log10_subsample": -0.14262351660427952, "max_depth": 8.0, "num_boost_round": 20.0}, "datetime": {"datetime": "2024-01-19 01:04:08", "elapsed": 3168.994015, "delta": 0.003023}}
{"target": -13.767946723423558, "params": {"gamma": 846.2547629406657, "log10_alpha": -4.46335928976526, "log10_colsample_bytree": -0.15849255926398664, "log10_eta": -1.5200000364606048, "log10_lambda": -4.9561166925818725, "log10_min_child_weight": 3.357624466279569, "log10_subsample": -0.14262351660427952, "max_depth": 8.0, "num_boost_round": 21.0}, "datetime": {"datetime": "2024-01-19 01:04:08", "elapsed": 3168.996995, "delta": 0.00298}}
{"target": -13.76791631466975, "params": {"gamma": 846.2547629406657, "log10_alpha": -4.46335928976526, "log10_colsample_bytree": -0.15849255926398664, "log10_eta": -1.5200000364606048, "log10_lambda": -4.9561166925818725, "log10_min_child_weight": 3.357624466279569, "log10_subsample": -0.14262351660427952, "max_depth": 8.0, "num_boost_round": 22.0}, "datetime": {"datetime": "2024-01-19 01:04:09", "elapsed": 3169.000074, "delta": 0.003079}}
{"target": -13.767654152120258, "params": {"gamma": 846.2547629406657, "log10_alpha": -4.46335928976526, "log10_colsample_bytree": -0.15849255926398664, "log10_eta": -1.5200000364606048, "log10_lambda": -4.9561166925818725, "log10_min_child_weight": 3.357624466279569, "log10_subsample": -0.14262351660427952, "max_depth": 8.0, "num_boost_round": 23.0}, "datetime": {"datetime": "2024-01-19 01:04:09", "elapsed": 3169.00312, "delta": 0.003046}}
{"target": -13.767906910773926, "params": {"gamma": 846.2547629406657, "log10_alpha": -4.46335928976526, "log10_colsample_bytree": -0.15849255926398664, "log10_eta": -1.5200000364606048, "log10_lambda": -4.9561166925818725, "log10_min_child_weight": 3.357624466279569, "log10_subsample": -0.14262351660427952, "max_depth": 8.0, "num_boost_round": 24.0}, "datetime": {"datetime": "2024-01-19 01:04:09", "elapsed": 3169.006123, "delta": 0.003003}}
{"target": -13.769787933540343, "params": {"gamma": 846.2547629406657, "log10_alpha": -4.46335928976526, "log10_colsample_bytree": -0.15849255926398664, "log10_eta": -1.5200000364606048, "log10_lambda": -4.9561166925818725, "log10_min_child_weight": 3.357624466279569, "log10_subsample": -0.14262351660427952, "max_depth": 8.0, "num_boost_round": 25.0}, "datetime": {"datetime": "2024-01-19 01:04:09", "elapsed": 3169.009029, "delta": 0.002906}}
{"target": -13.770358985695532, "params": {"gamma": 846.2547629406657, "log10_alpha": -4.46335928976526, "log10_colsample_bytree": -0.15849255926398664, "log10_eta": -1.5200000364606048, "log10_lambda": -4.9561166925818725, "log10_min_child_weight": 3.357624466279569, "log10_subsample": -0.14262351660427952, "max_depth": 8.0, "num_boost_round": 26.0}, "datetime": {"datetime": "2024-01-19 01:04:09", "elapsed": 3169.011963, "delta": 0.002934}}
{"target": -13.770368559586846, "params": {"gamma": 846.2547629406657, "log10_alpha": -4.46335928976526, "log10_colsample_bytree": -0.15849255926398664, "log10_eta": -1.5200000364606048, "log10_lambda": -4.9561166925818725, "log10_min_child_weight": 3.357624466279569, "log10_subsample": -0.14262351660427952, "max_depth": 8.0, "num_boost_round": 27.0}, "datetime": {"datetime": "2024-01-19 01:04:09", "elapsed": 3169.015001, "delta": 0.003038}}
{"target": -13.758529617513748, "params": {"gamma": 843.8974703624851, "log10_alpha": -4.0967750059110095, "log10_colsample_bytree": -0.8638600750628195, "log10_eta": -3.9445547248860215, "log10_lambda": -4.007504713634758, "log10_min_child_weight": 2.497834223386477, "log10_subsample": -0.0024971438925679434, "max_depth": 8.0, "num_boost_round": 0.0}, "datetime": {"datetime": "2024-01-19 01:04:41", "elapsed": 3201.497693, "delta": 32.482692}}
{"target": -13.758529854918397, "params": {"gamma": 843.8974703624851, "log10_alpha": -4.0967750059110095, "log10_colsample_bytree": -0.8638600750628195, "log10_eta": -3.9445547248860215, "log10_lambda": -4.007504713634758, "log10_min_child_weight": 2.497834223386477, "log10_subsample": -0.0024971438925679434, "max_depth": 8.0, "num_boost_round": 1.0}, "datetime": {"datetime": "2024-01-19 01:04:41", "elapsed": 3201.501113, "delta": 0.00342}}
{"target": -13.758527549956277, "params": {"gamma": 843.8974703624851, "log10_alpha": -4.0967750059110095, "log10_colsample_bytree": -0.8638600750628195, "log10_eta": -3.9445547248860215, "log10_lambda": -4.007504713634758, "log10_min_child_weight": 2.497834223386477, "log10_subsample": -0.0024971438925679434, "max_depth": 8.0, "num_boost_round": 2.0}, "datetime": {"datetime": "2024-01-19 01:04:41", "elapsed": 3201.504095, "delta": 0.002982}}
{"target": -13.758526057630048, "params": {"gamma": 843.8974703624851, "log10_alpha": -4.0967750059110095, "log10_colsample_bytree": -0.8638600750628195, "log10_eta": -3.9445547248860215, "log10_lambda": -4.007504713634758, "log10_min_child_weight": 2.497834223386477, "log10_subsample": -0.0024971438925679434, "max_depth": 8.0, "num_boost_round": 3.0}, "datetime": {"datetime": "2024-01-19 01:04:41", "elapsed": 3201.507697, "delta": 0.003602}}
{"target": -13.758517050509775, "params": {"gamma": 843.8974703624851, "log10_alpha": -4.0967750059110095, "log10_colsample_bytree": -0.8638600750628195, "log10_eta": -3.9445547248860215, "log10_lambda": -4.007504713634758, "log10_min_child_weight": 2.497834223386477, "log10_subsample": -0.0024971438925679434, "max_depth": 8.0, "num_boost_round": 4.0}, "datetime": {"datetime": "2024-01-19 01:04:41", "elapsed": 3201.510654, "delta": 0.002957}}
{"target": -13.758517155155193, "params": {"gamma": 843.8974703624851, "log10_alpha": -4.0967750059110095, "log10_colsample_bytree": -0.8638600750628195, "log10_eta": -3.9445547248860215, "log10_lambda": -4.007504713634758, "log10_min_child_weight": 2.497834223386477, "log10_subsample": -0.0024971438925679434, "max_depth": 8.0, "num_boost_round": 5.0}, "datetime": {"datetime": "2024-01-19 01:04:41", "elapsed": 3201.513603, "delta": 0.002949}}
{"target": -13.758518671983548, "params": {"gamma": 843.8974703624851, "log10_alpha": -4.0967750059110095, "log10_colsample_bytree": -0.8638600750628195, "log10_eta": -3.9445547248860215, "log10_lambda": -4.007504713634758, "log10_min_child_weight": 2.497834223386477, "log10_subsample": -0.0024971438925679434, "max_depth": 8.0, "num_boost_round": 6.0}, "datetime": {"datetime": "2024-01-19 01:04:41", "elapsed": 3201.51659, "delta": 0.002987}}
{"target": -13.75851282239581, "params": {"gamma": 843.8974703624851, "log10_alpha": -4.0967750059110095, "log10_colsample_bytree": -0.8638600750628195, "log10_eta": -3.9445547248860215, "log10_lambda": -4.007504713634758, "log10_min_child_weight": 2.497834223386477, "log10_subsample": -0.0024971438925679434, "max_depth": 8.0, "num_boost_round": 7.0}, "datetime": {"datetime": "2024-01-19 01:04:41", "elapsed": 3201.519553, "delta": 0.002963}}
{"target": -13.758510602491542, "params": {"gamma": 843.8974703624851, "log10_alpha": -4.0967750059110095, "log10_colsample_bytree": -0.8638600750628195, "log10_eta": -3.9445547248860215, "log10_lambda": -4.007504713634758, "log10_min_child_weight": 2.497834223386477, "log10_subsample": -0.0024971438925679434, "max_depth": 8.0, "num_boost_round": 8.0}, "datetime": {"datetime": "2024-01-19 01:04:41", "elapsed": 3201.523251, "delta": 0.003698}}
{"target": -13.758511653988895, "params": {"gamma": 843.8974703624851, "log10_alpha": -4.0967750059110095, "log10_colsample_bytree": -0.8638600750628195, "log10_eta": -3.9445547248860215, "log10_lambda": -4.007504713634758, "log10_min_child_weight": 2.497834223386477, "log10_subsample": -0.0024971438925679434, "max_depth": 8.0, "num_boost_round": 9.0}, "datetime": {"datetime": "2024-01-19 01:04:41", "elapsed": 3201.526499, "delta": 0.003248}}
{"target": -13.758505641347096, "params": {"gamma": 843.8974703624851, "log10_alpha": -4.0967750059110095, "log10_colsample_bytree": -0.8638600750628195, "log10_eta": -3.9445547248860215, "log10_lambda": -4.007504713634758, "log10_min_child_weight": 2.497834223386477, "log10_subsample": -0.0024971438925679434, "max_depth": 8.0, "num_boost_round": 10.0}, "datetime": {"datetime": "2024-01-19 01:04:41", "elapsed": 3201.529423, "delta": 0.002924}}
{"target": -13.75850555397221, "params": {"gamma": 843.8974703624851, "log10_alpha": -4.0967750059110095, "log10_colsample_bytree": -0.8638600750628195, "log10_eta": -3.9445547248860215, "log10_lambda": -4.007504713634758, "log10_min_child_weight": 2.497834223386477, "log10_subsample": -0.0024971438925679434, "max_depth": 8.0, "num_boost_round": 11.0}, "datetime": {"datetime": "2024-01-19 01:04:41", "elapsed": 3201.637564, "delta": 0.108141}}
{"target": -13.758506872976339, "params": {"gamma": 843.8974703624851, "log10_alpha": -4.0967750059110095, "log10_colsample_bytree": -0.8638600750628195, "log10_eta": -3.9445547248860215, "log10_lambda": -4.007504713634758, "log10_min_child_weight": 2.497834223386477, "log10_subsample": -0.0024971438925679434, "max_depth": 8.0, "num_boost_round": 12.0}, "datetime": {"datetime": "2024-01-19 01:04:41", "elapsed": 3201.641151, "delta": 0.003587}}
{"target": -13.758498925025897, "params": {"gamma": 843.8974703624851, "log10_alpha": -4.0967750059110095, "log10_colsample_bytree": -0.8638600750628195, "log10_eta": -3.9445547248860215, "log10_lambda": -4.007504713634758, "log10_min_child_weight": 2.497834223386477, "log10_subsample": -0.0024971438925679434, "max_depth": 8.0, "num_boost_round": 13.0}, "datetime": {"datetime": "2024-01-19 01:04:41", "elapsed": 3201.644611, "delta": 0.00346}}
{"target": -13.758498898277697, "params": {"gamma": 843.8974703624851, "log10_alpha": -4.0967750059110095, "log10_colsample_bytree": -0.8638600750628195, "log10_eta": -3.9445547248860215, "log10_lambda": -4.007504713634758, "log10_min_child_weight": 2.497834223386477, "log10_subsample": -0.0024971438925679434, "max_depth": 8.0, "num_boost_round": 14.0}, "datetime": {"datetime": "2024-01-19 01:04:41", "elapsed": 3201.647625, "delta": 0.003014}}
{"target": -13.758492789627185, "params": {"gamma": 843.8974703624851, "log10_alpha": -4.0967750059110095, "log10_colsample_bytree": -0.8638600750628195, "log10_eta": -3.9445547248860215, "log10_lambda": -4.007504713634758, "log10_min_child_weight": 2.497834223386477, "log10_subsample": -0.0024971438925679434, "max_depth": 8.0, "num_boost_round": 15.0}, "datetime": {"datetime": "2024-01-19 01:04:41", "elapsed": 3201.650777, "delta": 0.003152}}
{"target": -13.758492928126532, "params": {"gamma": 843.8974703624851, "log10_alpha": -4.0967750059110095, "log10_colsample_bytree": -0.8638600750628195, "log10_eta": -3.9445547248860215, "log10_lambda": -4.007504713634758, "log10_min_child_weight": 2.497834223386477, "log10_subsample": -0.0024971438925679434, "max_depth": 8.0, "num_boost_round": 16.0}, "datetime": {"datetime": "2024-01-19 01:04:41", "elapsed": 3201.653775, "delta": 0.002998}}
{"target": -13.758483699829021, "params": {"gamma": 843.8974703624851, "log10_alpha": -4.0967750059110095, "log10_colsample_bytree": -0.8638600750628195, "log10_eta": -3.9445547248860215, "log10_lambda": -4.007504713634758, "log10_min_child_weight": 2.497834223386477, "log10_subsample": -0.0024971438925679434, "max_depth": 8.0, "num_boost_round": 17.0}, "datetime": {"datetime": "2024-01-19 01:04:41", "elapsed": 3201.656921, "delta": 0.003146}}
