{"target": -13.758457139586804, "params": {"gamma": 12.29325221086297, "log10_alpha": 0.7391394588035354, "log10_colsample_bytree": -0.8307494007507389, "log10_eta": -3.546077053324507, "log10_lambda": -3.26877511549185, "log10_min_child_weight": 1.9459176631329127, "log10_subsample": -0.36616885532780064, "max_depth": 7.0, "num_boost_round": 10.0}, "datetime": {"datetime": "2024-01-19 00:21:06", "elapsed": 574.665968, "delta": 0.000893}}
{"target": -13.75845650006897, "params": {"gamma": 12.29325221086297, "log10_alpha": 0.7391394588035354, "log10_colsample_bytree": -0.8307494007507389, "log10_eta": -3.546077053324507, "log10_lambda": -3.26877511549185, "log10_min_child_weight": 1.9459176631329127, "log10_subsample": -0.36616885532780064, "max_depth": 7.0, "num_boost_round": 11.0}, "datetime": {"datetime": "2024-01-19 00:21:06", "elapsed": 574.666852, "delta": 0.000884}}
{"target": -13.7584521092335, "params": {"gamma": 12.29325221086297, "log10_alpha": 0.7391394588035354, "log10_colsample_bytree": -0.8307494007507389, "log10_eta": -3.546077053324507, "log10_lambda": -3.26877511549185, "log10_min_child_weight": 1.9459176631329127, "log10_subsample": -0.36616885532780064, "max_depth": 7.0, "num_boost_round": 12.0}, "datetime": {"datetime": "2024-01-19 00:21:06", "elapsed": 574.667731, "delta": 0.000879}}
{"target": -13.758434101601615, "params": {"gamma": 12.29325221086297, "log10_alpha": 0.7391394588035354, "log10_colsample_bytree": -0.8307494007507389, "log10_eta": -3.546077053324507, "log10_lambda": -3.26877511549185, "log10_min_child_weight": 1.9459176631329127, "log10_subsample": -0.36616885532780064, "max_depth": 7.0, "num_boost_round": 13.0}, "datetime": {"datetime": "2024-01-19 00:21:06", "elapsed": 574.668619, "delta": 0.000888}}
{"target": -13.758431975602052, "params": {"gamma": 12.29325221086297, "log10_alpha": 0.7391394588035354, "log10_colsample_bytree": -0.8307494007507389, "log10_eta": -3.546077053324507, "log10_lambda": -3.26877511549185, "log10_min_child_weight": 1.9459176631329127, "log10_subsample": -0.36616885532780064, "max_depth": 7.0, "num_boost_round": 14.0}, "datetime": {"datetime": "2024-01-19 00:21:06", "elapsed": 574.670041, "delta": 0.001422}}
{"target": -13.75842570523004, "params": {"gamma": 12.29325221086297, "log10_alpha": 0.7391394588035354, "log10_colsample_bytree": -0.8307494007507389, "log10_eta": -3.546077053324507, "log10_lambda": -3.26877511549185, "log10_min_child_weight": 1.9459176631329127, "log10_subsample": -0.36616885532780064, "max_depth": 7.0, "num_boost_round": 15.0}, "datetime": {"datetime": "2024-01-19 00:21:06", "elapsed": 574.670933, "delta": 0.000892}}
{"target": -13.758428226390219, "params": {"gamma": 12.29325221086297, "log10_alpha": 0.7391394588035354, "log10_colsample_bytree": -0.8307494007507389, "log10_eta": -3.546077053324507, "log10_lambda": -3.26877511549185, "log10_min_child_weight": 1.9459176631329127, "log10_subsample": -0.36616885532780064, "max_depth": 7.0, "num_boost_round": 16.0}, "datetime": {"datetime": "2024-01-19 00:21:06", "elapsed": 574.671823, "delta": 0.00089}}
{"target": -13.758414142212528, "params": {"gamma": 12.29325221086297, "log10_alpha": 0.7391394588035354, "log10_colsample_bytree": -0.8307494007507389, "log10_eta": -3.546077053324507, "log10_lambda": -3.26877511549185, "log10_min_child_weight": 1.9459176631329127, "log10_subsample": -0.36616885532780064, "max_depth": 7.0, "num_boost_round": 17.0}, "datetime": {"datetime": "2024-01-19 00:21:06", "elapsed": 574.672723, "delta": 0.0009}}
{"target": -13.758408060796604, "params": {"gamma": 12.29325221086297, "log10_alpha": 0.7391394588035354, "log10_colsample_bytree": -0.8307494007507389, "log10_eta": -3.546077053324507, "log10_lambda": -3.26877511549185, "log10_min_child_weight": 1.9459176631329127, "log10_subsample": -0.36616885532780064, "max_depth": 7.0, "num_boost_round": 18.0}, "datetime": {"datetime": "2024-01-19 00:21:06", "elapsed": 574.673617, "delta": 0.000894}}
{"target": -13.758396566537233, "params": {"gamma": 12.29325221086297, "log10_alpha": 0.7391394588035354, "log10_colsample_bytree": -0.8307494007507389, "log10_eta": -3.546077053324507, "log10_lambda": -3.26877511549185, "log10_min_child_weight": 1.9459176631329127, "log10_subsample": -0.36616885532780064, "max_depth": 7.0, "num_boost_round": 19.0}, "datetime": {"datetime": "2024-01-19 00:21:06", "elapsed": 574.674502, "delta": 0.000885}}
{"target": -13.758383253157502, "params": {"gamma": 12.29325221086297, "log10_alpha": 0.7391394588035354, "log10_colsample_bytree": -0.8307494007507389, "log10_eta": -3.546077053324507, "log10_lambda": -3.26877511549185, "log10_min_child_weight": 1.9459176631329127, "log10_subsample": -0.36616885532780064, "max_depth": 7.0, "num_boost_round": 20.0}, "datetime": {"datetime": "2024-01-19 00:21:06", "elapsed": 574.675495, "delta": 0.000993}}
{"target": -13.758362873696212, "params": {"gamma": 12.29325221086297, "log10_alpha": 0.7391394588035354, "log10_colsample_bytree": -0.8307494007507389, "log10_eta": -3.546077053324507, "log10_lambda": -3.26877511549185, "log10_min_child_weight": 1.9459176631329127, "log10_subsample": -0.36616885532780064, "max_depth": 7.0, "num_boost_round": 21.0}, "datetime": {"datetime": "2024-01-19 00:21:06", "elapsed": 574.676413, "delta": 0.000918}}
{"target": -13.75853830007683, "params": {"gamma": 16.891204191253834, "log10_alpha": -1.0641394662211443, "log10_colsample_bytree": 0.0, "log10_eta": -4.0, "log10_lambda": -5.0, "log10_min_child_weight": 5.0, "log10_subsample": -0.1310987138190728, "max_depth": 5.0, "num_boost_round": 0.0}, "datetime": {"datetime": "2024-01-19 00:21:25", "elapsed": 593.506367, "delta": 18.829954}}
{"target": -13.75853809432273, "params": {"gamma": 16.891204191253834, "log10_alpha": -1.0641394662211443, "log10_colsample_bytree": 0.0, "log10_eta": -4.0, "log10_lambda": -5.0, "log10_min_child_weight": 5.0, "log10_subsample": -0.1310987138190728, "max_depth": 5.0, "num_boost_round": 1.0}, "datetime": {"datetime": "2024-01-19 00:21:25", "elapsed": 593.50789, "delta": 0.001523}}
{"target": -13.75853812252239, "params": {"gamma": 16.891204191253834, "log10_alpha": -1.0641394662211443, "log10_colsample_bytree": 0.0, "log10_eta": -4.0, "log10_lambda": -5.0, "log10_min_child_weight": 5.0, "log10_subsample": -0.1310987138190728, "max_depth": 5.0, "num_boost_round": 2.0}, "datetime": {"datetime": "2024-01-19 00:21:25", "elapsed": 593.508952, "delta": 0.001062}}
{"target": -13.75853813653067, "params": {"gamma": 16.891204191253834, "log10_alpha": -1.0641394662211443, "log10_colsample_bytree": 0.0, "log10_eta": -4.0, "log10_lambda": -5.0, "log10_min_child_weight": 5.0, "log10_subsample": -0.1310987138190728, "max_depth": 5.0, "num_boost_round": 3.0}, "datetime": {"datetime": "2024-01-19 00:21:25", "elapsed": 593.509867, "delta": 0.000915}}
{"target": -13.758538173348459, "params": {"gamma": 16.891204191253834, "log10_alpha": -1.0641394662211443, "log10_colsample_bytree": 0.0, "log10_eta": -4.0, "log10_lambda": -5.0, "log10_min_child_weight": 5.0, "log10_subsample": -0.1310987138190728, "max_depth": 5.0, "num_boost_round": 4.0}, "datetime": {"datetime": "2024-01-19 00:21:25", "elapsed": 593.510768, "delta": 0.000901}}
{"target": -13.758537994686174, "params": {"gamma": 16.891204191253834, "log10_alpha": -1.0641394662211443, "log10_colsample_bytree": 0.0, "log10_eta": -4.0, "log10_lambda": -5.0, "log10_min_child_weight": 5.0, "log10_subsample": -0.1310987138190728, "max_depth": 5.0, "num_boost_round": 5.0}, "datetime": {"datetime": "2024-01-19 00:21:25", "elapsed": 593.511768, "delta": 0.001}}
{"target": -13.758537843864735, "params": {"gamma": 16.891204191253834, "log10_alpha": -1.0641394662211443, "log10_colsample_bytree": 0.0, "log10_eta": -4.0, "log10_lambda": -5.0, "log10_min_child_weight": 5.0, "log10_subsample": -0.1310987138190728, "max_depth": 5.0, "num_boost_round": 6.0}, "datetime": {"datetime": "2024-01-19 00:21:25", "elapsed": 593.512669, "delta": 0.000901}}
{"target": -13.758537607681346, "params": {"gamma": 16.891204191253834, "log10_alpha": -1.0641394662211443, "log10_colsample_bytree": 0.0, "log10_eta": -4.0, "log10_lambda": -5.0, "log10_min_child_weight": 5.0, "log10_subsample": -0.1310987138190728, "max_depth": 5.0, "num_boost_round": 7.0}, "datetime": {"datetime": "2024-01-19 00:21:25", "elapsed": 593.51357, "delta": 0.000901}}
{"target": -13.75853712435677, "params": {"gamma": 16.891204191253834, "log10_alpha": -1.0641394662211443, "log10_colsample_bytree": 0.0, "log10_eta": -4.0, "log10_lambda": -5.0, "log10_min_child_weight": 5.0, "log10_subsample": -0.1310987138190728, "max_depth": 5.0, "num_boost_round": 8.0}, "datetime": {"datetime": "2024-01-19 00:21:25", "elapsed": 593.514724, "delta": 0.001154}}
{"target": -13.75853711308719, "params": {"gamma": 16.891204191253834, "log10_alpha": -1.0641394662211443, "log10_colsample_bytree": 0.0, "log10_eta": -4.0, "log10_lambda": -5.0, "log10_min_child_weight": 5.0, "log10_subsample": -0.1310987138190728, "max_depth": 5.0, "num_boost_round": 9.0}, "datetime": {"datetime": "2024-01-19 00:21:25", "elapsed": 593.515726, "delta": 0.001002}}
{"target": -13.758537188485247, "params": {"gamma": 16.891204191253834, "log10_alpha": -1.0641394662211443, "log10_colsample_bytree": 0.0, "log10_eta": -4.0, "log10_lambda": -5.0, "log10_min_child_weight": 5.0, "log10_subsample": -0.1310987138190728, "max_depth": 5.0, "num_boost_round": 10.0}, "datetime": {"datetime": "2024-01-19 00:21:25", "elapsed": 593.516649, "delta": 0.000923}}
{"target": -13.75853463914399, "params": {"gamma": 8.636175444902584, "log10_alpha": 0.963593129401584, "log10_colsample_bytree": -0.7262292518763964, "log10_eta": -3.8462823936575696, "log10_lambda": 0.06617885442742644, "log10_min_child_weight": 1.0605906195611952, "log10_subsample": -0.3088581117111069, "max_depth": 6.0, "num_boost_round": 0.0}, "datetime": {"datetime": "2024-01-19 00:21:44", "elapsed": 612.414385, "delta": 18.897736}}
{"target": -13.758530325888339, "params": {"gamma": 8.636175444902584, "log10_alpha": 0.963593129401584, "log10_colsample_bytree": -0.7262292518763964, "log10_eta": -3.8462823936575696, "log10_lambda": 0.06617885442742644, "log10_min_child_weight": 1.0605906195611952, "log10_subsample": -0.3088581117111069, "max_depth": 6.0, "num_boost_round": 1.0}, "datetime": {"datetime": "2024-01-19 00:21:44", "elapsed": 612.415826, "delta": 0.001441}}
{"target": -13.758524512028696, "params": {"gamma": 8.636175444902584, "log10_alpha": 0.963593129401584, "log10_colsample_bytree": -0.7262292518763964, "log10_eta": -3.8462823936575696, "log10_lambda": 0.06617885442742644, "log10_min_child_weight": 1.0605906195611952, "log10_subsample": -0.3088581117111069, "max_depth": 6.0, "num_boost_round": 2.0}, "datetime": {"datetime": "2024-01-19 00:21:44", "elapsed": 612.416907, "delta": 0.001081}}
{"target": -13.758517269303356, "params": {"gamma": 8.636175444902584, "log10_alpha": 0.963593129401584, "log10_colsample_bytree": -0.7262292518763964, "log10_eta": -3.8462823936575696, "log10_lambda": 0.06617885442742644, "log10_min_child_weight": 1.0605906195611952, "log10_subsample": -0.3088581117111069, "max_depth": 6.0, "num_boost_round": 3.0}, "datetime": {"datetime": "2024-01-19 00:21:44", "elapsed": 612.417843, "delta": 0.000936}}
{"target": -13.758516603092415, "params": {"gamma": 8.636175444902584, "log10_alpha": 0.963593129401584, "log10_colsample_bytree": -0.7262292518763964, "log10_eta": -3.8462823936575696, "log10_lambda": 0.06617885442742644, "log10_min_child_weight": 1.0605906195611952, "log10_subsample": -0.3088581117111069, "max_depth": 6.0, "num_boost_round": 4.0}, "datetime": {"datetime": "2024-01-19 00:21:44", "elapsed": 612.418769, "delta": 0.000926}}
{"target": -13.758510056242018, "params": {"gamma": 8.636175444902584, "log10_alpha": 0.963593129401584, "log10_colsample_bytree": -0.7262292518763964, "log10_eta": -3.8462823936575696, "log10_lambda": 0.06617885442742644, "log10_min_child_weight": 1.0605906195611952, "log10_subsample": -0.3088581117111069, "max_depth": 6.0, "num_boost_round": 5.0}, "datetime": {"datetime": "2024-01-19 00:21:44", "elapsed": 612.419686, "delta": 0.000917}}
{"target": -13.758508904455638, "params": {"gamma": 8.636175444902584, "log10_alpha": 0.963593129401584, "log10_colsample_bytree": -0.7262292518763964, "log10_eta": -3.8462823936575696, "log10_lambda": 0.06617885442742644, "log10_min_child_weight": 1.0605906195611952, "log10_subsample": -0.3088581117111069, "max_depth": 6.0, "num_boost_round": 6.0}, "datetime": {"datetime": "2024-01-19 00:21:44", "elapsed": 612.420847, "delta": 0.001161}}
{"target": -13.7584998607498, "params": {"gamma": 8.636175444902584, "log10_alpha": 0.963593129401584, "log10_colsample_bytree": -0.7262292518763964, "log10_eta": -3.8462823936575696, "log10_lambda": 0.06617885442742644, "log10_min_child_weight": 1.0605906195611952, "log10_subsample": -0.3088581117111069, "max_depth": 6.0, "num_boost_round": 7.0}, "datetime": {"datetime": "2024-01-19 00:21:44", "elapsed": 612.42184, "delta": 0.000993}}
{"target": -13.75849658632499, "params": {"gamma": 8.636175444902584, "log10_alpha": 0.963593129401584, "log10_colsample_bytree": -0.7262292518763964, "log10_eta": -3.8462823936575696, "log10_lambda": 0.06617885442742644, "log10_min_child_weight": 1.0605906195611952, "log10_subsample": -0.3088581117111069, "max_depth": 6.0, "num_boost_round": 8.0}, "datetime": {"datetime": "2024-01-19 00:21:44", "elapsed": 612.422774, "delta": 0.000934}}
{"target": -13.758495191555749, "params": {"gamma": 8.636175444902584, "log10_alpha": 0.963593129401584, "log10_colsample_bytree": -0.7262292518763964, "log10_eta": -3.8462823936575696, "log10_lambda": 0.06617885442742644, "log10_min_child_weight": 1.0605906195611952, "log10_subsample": -0.3088581117111069, "max_depth": 6.0, "num_boost_round": 9.0}, "datetime": {"datetime": "2024-01-19 00:21:44", "elapsed": 612.423694, "delta": 0.00092}}
{"target": -13.758492848799005, "params": {"gamma": 8.636175444902584, "log10_alpha": 0.963593129401584, "log10_colsample_bytree": -0.7262292518763964, "log10_eta": -3.8462823936575696, "log10_lambda": 0.06617885442742644, "log10_min_child_weight": 1.0605906195611952, "log10_subsample": -0.3088581117111069, "max_depth": 6.0, "num_boost_round": 10.0}, "datetime": {"datetime": "2024-01-19 00:21:44", "elapsed": 612.424622, "delta": 0.000928}}
{"target": -13.758537808120659, "params": {"gamma": 3.8567093413578446, "log10_alpha": -2.630444033242619, "log10_colsample_bytree": -0.18733157776129317, "log10_eta": -3.8132965818748636, "log10_lambda": -2.966271627560611, "log10_min_child_weight": 4.2110315126819895, "log10_subsample": -0.2739655133223643, "max_depth": 2.0, "num_boost_round": 0.0}, "datetime": {"datetime": "2024-01-19 00:22:01", "elapsed": 630.08498, "delta": 17.660358}}
{"target": -13.758536667873333, "params": {"gamma": 3.8567093413578446, "log10_alpha": -2.630444033242619, "log10_colsample_bytree": -0.18733157776129317, "log10_eta": -3.8132965818748636, "log10_lambda": -2.966271627560611, "log10_min_child_weight": 4.2110315126819895, "log10_subsample": -0.2739655133223643, "max_depth": 2.0, "num_boost_round": 1.0}, "datetime": {"datetime": "2024-01-19 00:22:01", "elapsed": 630.08638, "delta": 0.0014}}
{"target": -13.758538053492083, "params": {"gamma": 3.8567093413578446, "log10_alpha": -2.630444033242619, "log10_colsample_bytree": -0.18733157776129317, "log10_eta": -3.8132965818748636, "log10_lambda": -2.966271627560611, "log10_min_child_weight": 4.2110315126819895, "log10_subsample": -0.2739655133223643, "max_depth": 2.0, "num_boost_round": 2.0}, "datetime": {"datetime": "2024-01-19 00:22:01", "elapsed": 630.08764, "delta": 0.00126}}
{"target": -13.758538211298873, "params": {"gamma": 3.8567093413578446, "log10_alpha": -2.630444033242619, "log10_colsample_bytree": -0.18733157776129317, "log10_eta": -3.8132965818748636, "log10_lambda": -2.966271627560611, "log10_min_child_weight": 4.2110315126819895, "log10_subsample": -0.2739655133223643, "max_depth": 2.0, "num_boost_round": 3.0}, "datetime": {"datetime": "2024-01-19 00:22:01", "elapsed": 630.088743, "delta": 0.001103}}
{"target": -13.758538962199392, "params": {"gamma": 3.8567093413578446, "log10_alpha": -2.630444033242619, "log10_colsample_bytree": -0.18733157776129317, "log10_eta": -3.8132965818748636, "log10_lambda": -2.966271627560611, "log10_min_child_weight": 4.2110315126819895, "log10_subsample": -0.2739655133223643, "max_depth": 2.0, "num_boost_round": 4.0}, "datetime": {"datetime": "2024-01-19 00:22:01", "elapsed": 630.090084, "delta": 0.001341}}
{"target": -13.758538928225768, "params": {"gamma": 3.8567093413578446, "log10_alpha": -2.630444033242619, "log10_colsample_bytree": -0.18733157776129317, "log10_eta": -3.8132965818748636, "log10_lambda": -2.966271627560611, "log10_min_child_weight": 4.2110315126819895, "log10_subsample": -0.2739655133223643, "max_depth": 2.0, "num_boost_round": 5.0}, "datetime": {"datetime": "2024-01-19 00:22:01", "elapsed": 630.091184, "delta": 0.0011}}
{"target": -13.758539548204912, "params": {"gamma": 3.8567093413578446, "log10_alpha": -2.630444033242619, "log10_colsample_bytree": -0.18733157776129317, "log10_eta": -3.8132965818748636, "log10_lambda": -2.966271627560611, "log10_min_child_weight": 4.2110315126819895, "log10_subsample": -0.2739655133223643, "max_depth": 2.0, "num_boost_round": 6.0}, "datetime": {"datetime": "2024-01-19 00:22:01", "elapsed": 630.092346, "delta": 0.001162}}
{"target": -13.758539336236534, "params": {"gamma": 3.8567093413578446, "log10_alpha": -2.630444033242619, "log10_colsample_bytree": -0.18733157776129317, "log10_eta": -3.8132965818748636, "log10_lambda": -2.966271627560611, "log10_min_child_weight": 4.2110315126819895, "log10_subsample": -0.2739655133223643, "max_depth": 2.0, "num_boost_round": 7.0}, "datetime": {"datetime": "2024-01-19 00:22:01", "elapsed": 630.093288, "delta": 0.000942}}
{"target": -13.758538824372506, "params": {"gamma": 3.8567093413578446, "log10_alpha": -2.630444033242619, "log10_colsample_bytree": -0.18733157776129317, "log10_eta": -3.8132965818748636, "log10_lambda": -2.966271627560611, "log10_min_child_weight": 4.2110315126819895, "log10_subsample": -0.2739655133223643, "max_depth": 2.0, "num_boost_round": 8.0}, "datetime": {"datetime": "2024-01-19 00:22:01", "elapsed": 630.094217, "delta": 0.000929}}
{"target": -13.75853901673481, "params": {"gamma": 3.8567093413578446, "log10_alpha": -2.630444033242619, "log10_colsample_bytree": -0.18733157776129317, "log10_eta": -3.8132965818748636, "log10_lambda": -2.966271627560611, "log10_min_child_weight": 4.2110315126819895, "log10_subsample": -0.2739655133223643, "max_depth": 2.0, "num_boost_round": 9.0}, "datetime": {"datetime": "2024-01-19 00:22:01", "elapsed": 630.095221, "delta": 0.001004}}
{"target": -13.758099913262349, "params": {"gamma": 8.690293310046226, "log10_alpha": 0.26867485089901244, "log10_colsample_bytree": -0.7847329031014003, "log10_eta": -2.1342474624595837, "log10_lambda": -1.816576447884048, "log10_min_child_weight": 1.222242027647229, "log10_subsample": -0.4110297071755328, "max_depth": 9.0, "num_boost_round": 0.0}, "datetime": {"datetime": "2024-01-19 00:22:29", "elapsed": 657.214217, "delta": 27.118996}}
{"target": -13.758132819869973, "params": {"gamma": 8.690293310046226, "log10_alpha": 0.26867485089901244, "log10_colsample_bytree": -0.7847329031014003, "log10_eta": -2.1342474624595837, "log10_lambda": -1.816576447884048, "log10_min_child_weight": 1.222242027647229, "log10_subsample": -0.4110297071755328, "max_depth": 9.0, "num_boost_round": 1.0}, "datetime": {"datetime": "2024-01-19 00:22:29", "elapsed": 657.215365, "delta": 0.001148}}
{"target": -13.75789541156814, "params": {"gamma": 8.690293310046226, "log10_alpha": 0.26867485089901244, "log10_colsample_bytree": -0.7847329031014003, "log10_eta": -2.1342474624595837, "log10_lambda": -1.816576447884048, "log10_min_child_weight": 1.222242027647229, "log10_subsample": -0.4110297071755328, "max_depth": 9.0, "num_boost_round": 2.0}, "datetime": {"datetime": "2024-01-19 00:22:29", "elapsed": 657.216744, "delta": 0.001379}}
{"target": -13.757937397167893, "params": {"gamma": 8.690293310046226, "log10_alpha": 0.26867485089901244, "log10_colsample_bytree": -0.7847329031014003, "log10_eta": -2.1342474624595837, "log10_lambda": -1.816576447884048, "log10_min_child_weight": 1.222242027647229, "log10_subsample": -0.4110297071755328, "max_depth": 9.0, "num_boost_round": 3.0}, "datetime": {"datetime": "2024-01-19 00:22:29", "elapsed": 657.218195, "delta": 0.001451}}
{"target": -13.757801054365887, "params": {"gamma": 8.690293310046226, "log10_alpha": 0.26867485089901244, "log10_colsample_bytree": -0.7847329031014003, "log10_eta": -2.1342474624595837, "log10_lambda": -1.816576447884048, "log10_min_child_weight": 1.222242027647229, "log10_subsample": -0.4110297071755328, "max_depth": 9.0, "num_boost_round": 4.0}, "datetime": {"datetime": "2024-01-19 00:22:29", "elapsed": 657.219283, "delta": 0.001088}}
{"target": -13.757813601604022, "params": {"gamma": 8.690293310046226, "log10_alpha": 0.26867485089901244, "log10_colsample_bytree": -0.7847329031014003, "log10_eta": -2.1342474624595837, "log10_lambda": -1.816576447884048, "log10_min_child_weight": 1.222242027647229, "log10_subsample": -0.4110297071755328, "max_depth": 9.0, "num_boost_round": 5.0}, "datetime": {"datetime": "2024-01-19 00:22:29", "elapsed": 657.220253, "delta": 0.00097}}
{"target": -13.758015154678981, "params": {"gamma": 8.690293310046226, "log10_alpha": 0.26867485089901244, "log10_colsample_bytree": -0.7847329031014003, "log10_eta": -2.1342474624595837, "log10_lambda": -1.816576447884048, "log10_min_child_weight": 1.222242027647229, "log10_subsample": -0.4110297071755328, "max_depth": 9.0, "num_boost_round": 6.0}, "datetime": {"datetime": "2024-01-19 00:22:29", "elapsed": 657.221206, "delta": 0.000953}}
