{"target": -13.758536844347402, "params": {"gamma": 866.2631076411753, "log10_alpha": -1.8308573709668243, "log10_colsample_bytree": -0.8064733124256862, "log10_eta": -3.6871193109523737, "log10_lambda": -0.2591277105537646, "log10_min_child_weight": 1.3530891548414115, "log10_subsample": -0.8772976239725429, "max_depth": 6.0, "num_boost_round": 0.0}, "datetime": {"datetime": "2024-01-19 00:26:17", "elapsed": 897.884937, "delta": 19.890125}}
{"target": -13.758534402173552, "params": {"gamma": 866.2631076411753, "log10_alpha": -1.8308573709668243, "log10_colsample_bytree": -0.8064733124256862, "log10_eta": -3.6871193109523737, "log10_lambda": -0.2591277105537646, "log10_min_child_weight": 1.3530891548414115, "log10_subsample": -0.8772976239725429, "max_depth": 6.0, "num_boost_round": 1.0}, "datetime": {"datetime": "2024-01-19 00:26:17", "elapsed": 897.88707, "delta": 0.002133}}
{"target": -13.758527277557357, "params": {"gamma": 866.2631076411753, "log10_alpha": -1.8308573709668243, "log10_colsample_bytree": -0.8064733124256862, "log10_eta": -3.6871193109523737, "log10_lambda": -0.2591277105537646, "log10_min_child_weight": 1.3530891548414115, "log10_subsample": -0.8772976239725429, "max_depth": 6.0, "num_boost_round": 2.0}, "datetime": {"datetime": "2024-01-19 00:26:17", "elapsed": 897.888306, "delta": 0.001236}}
{"target": -13.758526694272648, "params": {"gamma": 866.2631076411753, "log10_alpha": -1.8308573709668243, "log10_colsample_bytree": -0.8064733124256862, "log10_eta": -3.6871193109523737, "log10_lambda": -0.2591277105537646, "log10_min_child_weight": 1.3530891548414115, "log10_subsample": -0.8772976239725429, "max_depth": 6.0, "num_boost_round": 3.0}, "datetime": {"datetime": "2024-01-19 00:26:17", "elapsed": 897.889496, "delta": 0.00119}}
{"target": -13.758520035150758, "params": {"gamma": 866.2631076411753, "log10_alpha": -1.8308573709668243, "log10_colsample_bytree": -0.8064733124256862, "log10_eta": -3.6871193109523737, "log10_lambda": -0.2591277105537646, "log10_min_child_weight": 1.3530891548414115, "log10_subsample": -0.8772976239725429, "max_depth": 6.0, "num_boost_round": 4.0}, "datetime": {"datetime": "2024-01-19 00:26:17", "elapsed": 897.89081, "delta": 0.001314}}
{"target": -13.75851362293121, "params": {"gamma": 866.2631076411753, "log10_alpha": -1.8308573709668243, "log10_colsample_bytree": -0.8064733124256862, "log10_eta": -3.6871193109523737, "log10_lambda": -0.2591277105537646, "log10_min_child_weight": 1.3530891548414115, "log10_subsample": -0.8772976239725429, "max_depth": 6.0, "num_boost_round": 5.0}, "datetime": {"datetime": "2024-01-19 00:26:17", "elapsed": 897.892021, "delta": 0.001211}}
{"target": -13.758508830625493, "params": {"gamma": 866.2631076411753, "log10_alpha": -1.8308573709668243, "log10_colsample_bytree": -0.8064733124256862, "log10_eta": -3.6871193109523737, "log10_lambda": -0.2591277105537646, "log10_min_child_weight": 1.3530891548414115, "log10_subsample": -0.8772976239725429, "max_depth": 6.0, "num_boost_round": 6.0}, "datetime": {"datetime": "2024-01-19 00:26:17", "elapsed": 897.893259, "delta": 0.001238}}
{"target": -13.758507000460764, "params": {"gamma": 866.2631076411753, "log10_alpha": -1.8308573709668243, "log10_colsample_bytree": -0.8064733124256862, "log10_eta": -3.6871193109523737, "log10_lambda": -0.2591277105537646, "log10_min_child_weight": 1.3530891548414115, "log10_subsample": -0.8772976239725429, "max_depth": 6.0, "num_boost_round": 7.0}, "datetime": {"datetime": "2024-01-19 00:26:17", "elapsed": 897.894479, "delta": 0.00122}}
{"target": -13.758507107222366, "params": {"gamma": 866.2631076411753, "log10_alpha": -1.8308573709668243, "log10_colsample_bytree": -0.8064733124256862, "log10_eta": -3.6871193109523737, "log10_lambda": -0.2591277105537646, "log10_min_child_weight": 1.3530891548414115, "log10_subsample": -0.8772976239725429, "max_depth": 6.0, "num_boost_round": 8.0}, "datetime": {"datetime": "2024-01-19 00:26:17", "elapsed": 897.89567, "delta": 0.001191}}
{"target": -13.758508158236305, "params": {"gamma": 866.2631076411753, "log10_alpha": -1.8308573709668243, "log10_colsample_bytree": -0.8064733124256862, "log10_eta": -3.6871193109523737, "log10_lambda": -0.2591277105537646, "log10_min_child_weight": 1.3530891548414115, "log10_subsample": -0.8772976239725429, "max_depth": 6.0, "num_boost_round": 9.0}, "datetime": {"datetime": "2024-01-19 00:26:17", "elapsed": 897.896839, "delta": 0.001169}}
{"target": -13.758503149896463, "params": {"gamma": 866.2631076411753, "log10_alpha": -1.8308573709668243, "log10_colsample_bytree": -0.8064733124256862, "log10_eta": -3.6871193109523737, "log10_lambda": -0.2591277105537646, "log10_min_child_weight": 1.3530891548414115, "log10_subsample": -0.8772976239725429, "max_depth": 6.0, "num_boost_round": 10.0}, "datetime": {"datetime": "2024-01-19 00:26:17", "elapsed": 897.898013, "delta": 0.001174}}
{"target": -13.758472656643367, "params": {"gamma": 868.2458124999563, "log10_alpha": -1.6285816082315003, "log10_colsample_bytree": -0.028149419294634326, "log10_eta": -2.587220603554374, "log10_lambda": -2.4708725213170606, "log10_min_child_weight": 2.079611598551358, "log10_subsample": -0.20600411940077978, "max_depth": 9.0, "num_boost_round": 0.0}, "datetime": {"datetime": "2024-01-19 00:26:44", "elapsed": 924.48256, "delta": 26.584547}}
{"target": -13.758521000068326, "params": {"gamma": 868.2458124999563, "log10_alpha": -1.6285816082315003, "log10_colsample_bytree": -0.028149419294634326, "log10_eta": -2.587220603554374, "log10_lambda": -2.4708725213170606, "log10_min_child_weight": 2.079611598551358, "log10_subsample": -0.20600411940077978, "max_depth": 9.0, "num_boost_round": 1.0}, "datetime": {"datetime": "2024-01-19 00:26:44", "elapsed": 924.484122, "delta": 0.001562}}
{"target": -13.7585463488787, "params": {"gamma": 868.2458124999563, "log10_alpha": -1.6285816082315003, "log10_colsample_bytree": -0.028149419294634326, "log10_eta": -2.587220603554374, "log10_lambda": -2.4708725213170606, "log10_min_child_weight": 2.079611598551358, "log10_subsample": -0.20600411940077978, "max_depth": 9.0, "num_boost_round": 2.0}, "datetime": {"datetime": "2024-01-19 00:26:44", "elapsed": 924.485543, "delta": 0.001421}}
{"target": -13.758622653688237, "params": {"gamma": 868.2458124999563, "log10_alpha": -1.6285816082315003, "log10_colsample_bytree": -0.028149419294634326, "log10_eta": -2.587220603554374, "log10_lambda": -2.4708725213170606, "log10_min_child_weight": 2.079611598551358, "log10_subsample": -0.20600411940077978, "max_depth": 9.0, "num_boost_round": 3.0}, "datetime": {"datetime": "2024-01-19 00:26:44", "elapsed": 924.486727, "delta": 0.001184}}
{"target": -13.75862619465137, "params": {"gamma": 868.2458124999563, "log10_alpha": -1.6285816082315003, "log10_colsample_bytree": -0.028149419294634326, "log10_eta": -2.587220603554374, "log10_lambda": -2.4708725213170606, "log10_min_child_weight": 2.079611598551358, "log10_subsample": -0.20600411940077978, "max_depth": 9.0, "num_boost_round": 4.0}, "datetime": {"datetime": "2024-01-19 00:26:44", "elapsed": 924.487896, "delta": 0.001169}}
{"target": -13.758565431723822, "params": {"gamma": 868.2458124999563, "log10_alpha": -1.6285816082315003, "log10_colsample_bytree": -0.028149419294634326, "log10_eta": -2.587220603554374, "log10_lambda": -2.4708725213170606, "log10_min_child_weight": 2.079611598551358, "log10_subsample": -0.20600411940077978, "max_depth": 9.0, "num_boost_round": 5.0}, "datetime": {"datetime": "2024-01-19 00:26:44", "elapsed": 924.489059, "delta": 0.001163}}
{"target": -13.758665031527705, "params": {"gamma": 868.2458124999563, "log10_alpha": -1.6285816082315003, "log10_colsample_bytree": -0.028149419294634326, "log10_eta": -2.587220603554374, "log10_lambda": -2.4708725213170606, "log10_min_child_weight": 2.079611598551358, "log10_subsample": -0.20600411940077978, "max_depth": 9.0, "num_boost_round": 6.0}, "datetime": {"datetime": "2024-01-19 00:26:44", "elapsed": 924.490322, "delta": 0.001263}}
{"target": -13.75854195452848, "params": {"gamma": 868.2458124999563, "log10_alpha": -1.6285816082315003, "log10_colsample_bytree": -0.028149419294634326, "log10_eta": -2.587220603554374, "log10_lambda": -2.4708725213170606, "log10_min_child_weight": 2.079611598551358, "log10_subsample": -0.20600411940077978, "max_depth": 9.0, "num_boost_round": 7.0}, "datetime": {"datetime": "2024-01-19 00:26:44", "elapsed": 924.491557, "delta": 0.001235}}
{"target": -13.758575813017535, "params": {"gamma": 868.2458124999563, "log10_alpha": -1.6285816082315003, "log10_colsample_bytree": -0.028149419294634326, "log10_eta": -2.587220603554374, "log10_lambda": -2.4708725213170606, "log10_min_child_weight": 2.079611598551358, "log10_subsample": -0.20600411940077978, "max_depth": 9.0, "num_boost_round": 8.0}, "datetime": {"datetime": "2024-01-19 00:26:44", "elapsed": 924.492856, "delta": 0.001299}}
{"target": -13.758618258741826, "params": {"gamma": 868.2458124999563, "log10_alpha": -1.6285816082315003, "log10_colsample_bytree": -0.028149419294634326, "log10_eta": -2.587220603554374, "log10_lambda": -2.4708725213170606, "log10_min_child_weight": 2.079611598551358, "log10_subsample": -0.20600411940077978, "max_depth": 9.0, "num_boost_round": 9.0}, "datetime": {"datetime": "2024-01-19 00:26:44", "elapsed": 924.494065, "delta": 0.001209}}
{"target": -13.758652167313496, "params": {"gamma": 868.2458124999563, "log10_alpha": -1.6285816082315003, "log10_colsample_bytree": -0.028149419294634326, "log10_eta": -2.587220603554374, "log10_lambda": -2.4708725213170606, "log10_min_child_weight": 2.079611598551358, "log10_subsample": -0.20600411940077978, "max_depth": 9.0, "num_boost_round": 10.0}, "datetime": {"datetime": "2024-01-19 00:26:44", "elapsed": 924.49528, "delta": 0.001215}}
{"target": -13.758645775786913, "params": {"gamma": 868.2458124999563, "log10_alpha": -1.6285816082315003, "log10_colsample_bytree": -0.028149419294634326, "log10_eta": -2.587220603554374, "log10_lambda": -2.4708725213170606, "log10_min_child_weight": 2.079611598551358, "log10_subsample": -0.20600411940077978, "max_depth": 9.0, "num_boost_round": 11.0}, "datetime": {"datetime": "2024-01-19 00:26:44", "elapsed": 924.496559, "delta": 0.001279}}
{"target": -13.7586843930488, "params": {"gamma": 868.2458124999563, "log10_alpha": -1.6285816082315003, "log10_colsample_bytree": -0.028149419294634326, "log10_eta": -2.587220603554374, "log10_lambda": -2.4708725213170606, "log10_min_child_weight": 2.079611598551358, "log10_subsample": -0.20600411940077978, "max_depth": 9.0, "num_boost_round": 12.0}, "datetime": {"datetime": "2024-01-19 00:26:44", "elapsed": 924.497776, "delta": 0.001217}}
{"target": -13.75867505397785, "params": {"gamma": 868.2458124999563, "log10_alpha": -1.6285816082315003, "log10_colsample_bytree": -0.028149419294634326, "log10_eta": -2.587220603554374, "log10_lambda": -2.4708725213170606, "log10_min_child_weight": 2.079611598551358, "log10_subsample": -0.20600411940077978, "max_depth": 9.0, "num_boost_round": 13.0}, "datetime": {"datetime": "2024-01-19 00:26:44", "elapsed": 924.49907, "delta": 0.001294}}
{"target": -13.758537388715208, "params": {"gamma": 868.2458124999563, "log10_alpha": -1.6285816082315003, "log10_colsample_bytree": -0.028149419294634326, "log10_eta": -2.587220603554374, "log10_lambda": -2.4708725213170606, "log10_min_child_weight": 2.079611598551358, "log10_subsample": -0.20600411940077978, "max_depth": 9.0, "num_boost_round": 14.0}, "datetime": {"datetime": "2024-01-19 00:26:44", "elapsed": 924.500245, "delta": 0.001175}}
{"target": -13.75865917338458, "params": {"gamma": 868.2458124999563, "log10_alpha": -1.6285816082315003, "log10_colsample_bytree": -0.028149419294634326, "log10_eta": -2.587220603554374, "log10_lambda": -2.4708725213170606, "log10_min_child_weight": 2.079611598551358, "log10_subsample": -0.20600411940077978, "max_depth": 9.0, "num_boost_round": 15.0}, "datetime": {"datetime": "2024-01-19 00:26:44", "elapsed": 924.501539, "delta": 0.001294}}
{"target": -13.758621838193983, "params": {"gamma": 868.2458124999563, "log10_alpha": -1.6285816082315003, "log10_colsample_bytree": -0.028149419294634326, "log10_eta": -2.587220603554374, "log10_lambda": -2.4708725213170606, "log10_min_child_weight": 2.079611598551358, "log10_subsample": -0.20600411940077978, "max_depth": 9.0, "num_boost_round": 16.0}, "datetime": {"datetime": "2024-01-19 00:26:44", "elapsed": 924.502724, "delta": 0.001185}}
{"target": -13.758567909686505, "params": {"gamma": 868.2458124999563, "log10_alpha": -1.6285816082315003, "log10_colsample_bytree": -0.028149419294634326, "log10_eta": -2.587220603554374, "log10_lambda": -2.4708725213170606, "log10_min_child_weight": 2.079611598551358, "log10_subsample": -0.20600411940077978, "max_depth": 9.0, "num_boost_round": 17.0}, "datetime": {"datetime": "2024-01-19 00:26:44", "elapsed": 924.503898, "delta": 0.001174}}
{"target": -13.758677029689682, "params": {"gamma": 868.2458124999563, "log10_alpha": -1.6285816082315003, "log10_colsample_bytree": -0.028149419294634326, "log10_eta": -2.587220603554374, "log10_lambda": -2.4708725213170606, "log10_min_child_weight": 2.079611598551358, "log10_subsample": -0.20600411940077978, "max_depth": 9.0, "num_boost_round": 18.0}, "datetime": {"datetime": "2024-01-19 00:26:44", "elapsed": 924.505091, "delta": 0.001193}}
{"target": -13.75852484633823, "params": {"gamma": 864.8175570861314, "log10_alpha": -1.2263887900641017, "log10_colsample_bytree": -0.5338268032983868, "log10_eta": -3.295411792886273, "log10_lambda": 0.5963200624772576, "log10_min_child_weight": 0.5664839237772318, "log10_subsample": -0.43976932653430534, "max_depth": 6.0, "num_boost_round": 0.0}, "datetime": {"datetime": "2024-01-19 00:27:07", "elapsed": 947.224669, "delta": 22.719578}}
{"target": -13.758511685116689, "params": {"gamma": 864.8175570861314, "log10_alpha": -1.2263887900641017, "log10_colsample_bytree": -0.5338268032983868, "log10_eta": -3.295411792886273, "log10_lambda": 0.5963200624772576, "log10_min_child_weight": 0.5664839237772318, "log10_subsample": -0.43976932653430534, "max_depth": 6.0, "num_boost_round": 1.0}, "datetime": {"datetime": "2024-01-19 00:27:07", "elapsed": 947.226032, "delta": 0.001363}}
{"target": -13.758491535813631, "params": {"gamma": 864.8175570861314, "log10_alpha": -1.2263887900641017, "log10_colsample_bytree": -0.5338268032983868, "log10_eta": -3.295411792886273, "log10_lambda": 0.5963200624772576, "log10_min_child_weight": 0.5664839237772318, "log10_subsample": -0.43976932653430534, "max_depth": 6.0, "num_boost_round": 2.0}, "datetime": {"datetime": "2024-01-19 00:27:07", "elapsed": 947.227254, "delta": 0.001222}}
{"target": -13.75847192806087, "params": {"gamma": 864.8175570861314, "log10_alpha": -1.2263887900641017, "log10_colsample_bytree": -0.5338268032983868, "log10_eta": -3.295411792886273, "log10_lambda": 0.5963200624772576, "log10_min_child_weight": 0.5664839237772318, "log10_subsample": -0.43976932653430534, "max_depth": 6.0, "num_boost_round": 3.0}, "datetime": {"datetime": "2024-01-19 00:27:07", "elapsed": 947.228449, "delta": 0.001195}}
{"target": -13.758468611444545, "params": {"gamma": 864.8175570861314, "log10_alpha": -1.2263887900641017, "log10_colsample_bytree": -0.5338268032983868, "log10_eta": -3.295411792886273, "log10_lambda": 0.5963200624772576, "log10_min_child_weight": 0.5664839237772318, "log10_subsample": -0.43976932653430534, "max_depth": 6.0, "num_boost_round": 4.0}, "datetime": {"datetime": "2024-01-19 00:27:07", "elapsed": 947.229928, "delta": 0.001479}}
{"target": -13.758428300574971, "params": {"gamma": 864.8175570861314, "log10_alpha": -1.2263887900641017, "log10_colsample_bytree": -0.5338268032983868, "log10_eta": -3.295411792886273, "log10_lambda": 0.5963200624772576, "log10_min_child_weight": 0.5664839237772318, "log10_subsample": -0.43976932653430534, "max_depth": 6.0, "num_boost_round": 5.0}, "datetime": {"datetime": "2024-01-19 00:27:07", "elapsed": 947.231167, "delta": 0.001239}}
{"target": -13.75841161483527, "params": {"gamma": 864.8175570861314, "log10_alpha": -1.2263887900641017, "log10_colsample_bytree": -0.5338268032983868, "log10_eta": -3.295411792886273, "log10_lambda": 0.5963200624772576, "log10_min_child_weight": 0.5664839237772318, "log10_subsample": -0.43976932653430534, "max_depth": 6.0, "num_boost_round": 6.0}, "datetime": {"datetime": "2024-01-19 00:27:07", "elapsed": 947.232375, "delta": 0.001208}}
{"target": -13.758418487179464, "params": {"gamma": 864.8175570861314, "log10_alpha": -1.2263887900641017, "log10_colsample_bytree": -0.5338268032983868, "log10_eta": -3.295411792886273, "log10_lambda": 0.5963200624772576, "log10_min_child_weight": 0.5664839237772318, "log10_subsample": -0.43976932653430534, "max_depth": 6.0, "num_boost_round": 7.0}, "datetime": {"datetime": "2024-01-19 00:27:07", "elapsed": 947.233838, "delta": 0.001463}}
{"target": -13.758411408662656, "params": {"gamma": 864.8175570861314, "log10_alpha": -1.2263887900641017, "log10_colsample_bytree": -0.5338268032983868, "log10_eta": -3.295411792886273, "log10_lambda": 0.5963200624772576, "log10_min_child_weight": 0.5664839237772318, "log10_subsample": -0.43976932653430534, "max_depth": 6.0, "num_boost_round": 8.0}, "datetime": {"datetime": "2024-01-19 00:27:07", "elapsed": 947.235749, "delta": 0.001911}}
{"target": -13.758398276035456, "params": {"gamma": 864.8175570861314, "log10_alpha": -1.2263887900641017, "log10_colsample_bytree": -0.5338268032983868, "log10_eta": -3.295411792886273, "log10_lambda": 0.5963200624772576, "log10_min_child_weight": 0.5664839237772318, "log10_subsample": -0.43976932653430534, "max_depth": 6.0, "num_boost_round": 9.0}, "datetime": {"datetime": "2024-01-19 00:27:07", "elapsed": 947.236949, "delta": 0.0012}}
{"target": -13.75839774226125, "params": {"gamma": 864.8175570861314, "log10_alpha": -1.2263887900641017, "log10_colsample_bytree": -0.5338268032983868, "log10_eta": -3.295411792886273, "log10_lambda": 0.5963200624772576, "log10_min_child_weight": 0.5664839237772318, "log10_subsample": -0.43976932653430534, "max_depth": 6.0, "num_boost_round": 10.0}, "datetime": {"datetime": "2024-01-19 00:27:07", "elapsed": 947.238207, "delta": 0.001258}}
{"target": -13.758380406154444, "params": {"gamma": 864.8175570861314, "log10_alpha": -1.2263887900641017, "log10_colsample_bytree": -0.5338268032983868, "log10_eta": -3.295411792886273, "log10_lambda": 0.5963200624772576, "log10_min_child_weight": 0.5664839237772318, "log10_subsample": -0.43976932653430534, "max_depth": 6.0, "num_boost_round": 11.0}, "datetime": {"datetime": "2024-01-19 00:27:07", "elapsed": 947.239406, "delta": 0.001199}}
{"target": -13.758374592278022, "params": {"gamma": 864.8175570861314, "log10_alpha": -1.2263887900641017, "log10_colsample_bytree": -0.5338268032983868, "log10_eta": -3.295411792886273, "log10_lambda": 0.5963200624772576, "log10_min_child_weight": 0.5664839237772318, "log10_subsample": -0.43976932653430534, "max_depth": 6.0, "num_boost_round": 12.0}, "datetime": {"datetime": "2024-01-19 00:27:07", "elapsed": 947.240594, "delta": 0.001188}}
{"target": -13.75836833928383, "params": {"gamma": 864.8175570861314, "log10_alpha": -1.2263887900641017, "log10_colsample_bytree": -0.5338268032983868, "log10_eta": -3.295411792886273, "log10_lambda": 0.5963200624772576, "log10_min_child_weight": 0.5664839237772318, "log10_subsample": -0.43976932653430534, "max_depth": 6.0, "num_boost_round": 13.0}, "datetime": {"datetime": "2024-01-19 00:27:07", "elapsed": 947.241964, "delta": 0.00137}}
{"target": -13.75837098401856, "params": {"gamma": 864.8175570861314, "log10_alpha": -1.2263887900641017, "log10_colsample_bytree": -0.5338268032983868, "log10_eta": -3.295411792886273, "log10_lambda": 0.5963200624772576, "log10_min_child_weight": 0.5664839237772318, "log10_subsample": -0.43976932653430534, "max_depth": 6.0, "num_boost_round": 14.0}, "datetime": {"datetime": "2024-01-19 00:27:07", "elapsed": 947.243192, "delta": 0.001228}}
{"target": -13.758342448925713, "params": {"gamma": 864.8175570861314, "log10_alpha": -1.2263887900641017, "log10_colsample_bytree": -0.5338268032983868, "log10_eta": -3.295411792886273, "log10_lambda": 0.5963200624772576, "log10_min_child_weight": 0.5664839237772318, "log10_subsample": -0.43976932653430534, "max_depth": 6.0, "num_boost_round": 15.0}, "datetime": {"datetime": "2024-01-19 00:27:07", "elapsed": 947.244415, "delta": 0.001223}}
{"target": -13.758339961326298, "params": {"gamma": 864.8175570861314, "log10_alpha": -1.2263887900641017, "log10_colsample_bytree": -0.5338268032983868, "log10_eta": -3.295411792886273, "log10_lambda": 0.5963200624772576, "log10_min_child_weight": 0.5664839237772318, "log10_subsample": -0.43976932653430534, "max_depth": 6.0, "num_boost_round": 16.0}, "datetime": {"datetime": "2024-01-19 00:27:07", "elapsed": 947.245626, "delta": 0.001211}}
{"target": -13.758331490570018, "params": {"gamma": 864.8175570861314, "log10_alpha": -1.2263887900641017, "log10_colsample_bytree": -0.5338268032983868, "log10_eta": -3.295411792886273, "log10_lambda": 0.5963200624772576, "log10_min_child_weight": 0.5664839237772318, "log10_subsample": -0.43976932653430534, "max_depth": 6.0, "num_boost_round": 17.0}, "datetime": {"datetime": "2024-01-19 00:27:07", "elapsed": 947.246832, "delta": 0.001206}}
{"target": -13.758507415339908, "params": {"gamma": 855.537267017123, "log10_alpha": -3.4153285595038403, "log10_colsample_bytree": -0.6842211048498266, "log10_eta": -2.890153008705095, "log10_lambda": -0.6405562374723148, "log10_min_child_weight": 2.99114163346845, "log10_subsample": -0.4418646482289179, "max_depth": 4.0, "num_boost_round": 0.0}, "datetime": {"datetime": "2024-01-19 00:27:26", "elapsed": 966.851997, "delta": 19.605165}}
