{"target": -17.71977645843878, "params": {"gamma": 850.2748218100577, "log10_alpha": 0.2753245824883166, "log10_colsample_bytree": -0.5684949550999857, "log10_eta": -0.9736446173412698, "log10_lambda": -2.317066189998056, "log10_min_child_weight": 0.4022680589087829, "log10_subsample": -0.6125075091465906, "max_depth": 8.0, "num_boost_round": 7.0}, "datetime": {"datetime": "2024-01-19 01:05:52", "elapsed": 3236.866724, "delta": 0.004424}}
{"target": -17.73280010435836, "params": {"gamma": 850.2748218100577, "log10_alpha": 0.2753245824883166, "log10_colsample_bytree": -0.5684949550999857, "log10_eta": -0.9736446173412698, "log10_lambda": -2.317066189998056, "log10_min_child_weight": 0.4022680589087829, "log10_subsample": -0.6125075091465906, "max_depth": 8.0, "num_boost_round": 8.0}, "datetime": {"datetime": "2024-01-19 01:05:52", "elapsed": 3236.871179, "delta": 0.004455}}
{"target": -17.751192577860923, "params": {"gamma": 850.2748218100577, "log10_alpha": 0.2753245824883166, "log10_colsample_bytree": -0.5684949550999857, "log10_eta": -0.9736446173412698, "log10_lambda": -2.317066189998056, "log10_min_child_weight": 0.4022680589087829, "log10_subsample": -0.6125075091465906, "max_depth": 8.0, "num_boost_round": 9.0}, "datetime": {"datetime": "2024-01-19 01:05:52", "elapsed": 3236.875658, "delta": 0.004479}}
{"target": -17.757559296237684, "params": {"gamma": 850.2748218100577, "log10_alpha": 0.2753245824883166, "log10_colsample_bytree": -0.5684949550999857, "log10_eta": -0.9736446173412698, "log10_lambda": -2.317066189998056, "log10_min_child_weight": 0.4022680589087829, "log10_subsample": -0.6125075091465906, "max_depth": 8.0, "num_boost_round": 10.0}, "datetime": {"datetime": "2024-01-19 01:05:52", "elapsed": 3236.879906, "delta": 0.004248}}
{"target": -17.759734678324996, "params": {"gamma": 850.2748218100577, "log10_alpha": 0.2753245824883166, "log10_colsample_bytree": -0.5684949550999857, "log10_eta": -0.9736446173412698, "log10_lambda": -2.317066189998056, "log10_min_child_weight": 0.4022680589087829, "log10_subsample": -0.6125075091465906, "max_depth": 8.0, "num_boost_round": 11.0}, "datetime": {"datetime": "2024-01-19 01:05:52", "elapsed": 3236.884263, "delta": 0.004357}}
{"target": -17.767213659170604, "params": {"gamma": 850.2748218100577, "log10_alpha": 0.2753245824883166, "log10_colsample_bytree": -0.5684949550999857, "log10_eta": -0.9736446173412698, "log10_lambda": -2.317066189998056, "log10_min_child_weight": 0.4022680589087829, "log10_subsample": -0.6125075091465906, "max_depth": 8.0, "num_boost_round": 12.0}, "datetime": {"datetime": "2024-01-19 01:05:52", "elapsed": 3236.889018, "delta": 0.004755}}
{"target": -17.779850465844135, "params": {"gamma": 850.2748218100577, "log10_alpha": 0.2753245824883166, "log10_colsample_bytree": -0.5684949550999857, "log10_eta": -0.9736446173412698, "log10_lambda": -2.317066189998056, "log10_min_child_weight": 0.4022680589087829, "log10_subsample": -0.6125075091465906, "max_depth": 8.0, "num_boost_round": 13.0}, "datetime": {"datetime": "2024-01-19 01:05:52", "elapsed": 3236.893421, "delta": 0.004403}}
{"target": -17.790147941680022, "params": {"gamma": 850.2748218100577, "log10_alpha": 0.2753245824883166, "log10_colsample_bytree": -0.5684949550999857, "log10_eta": -0.9736446173412698, "log10_lambda": -2.317066189998056, "log10_min_child_weight": 0.4022680589087829, "log10_subsample": -0.6125075091465906, "max_depth": 8.0, "num_boost_round": 14.0}, "datetime": {"datetime": "2024-01-19 01:05:52", "elapsed": 3236.897807, "delta": 0.004386}}
{"target": -17.801088374463582, "params": {"gamma": 850.2748218100577, "log10_alpha": 0.2753245824883166, "log10_colsample_bytree": -0.5684949550999857, "log10_eta": -0.9736446173412698, "log10_lambda": -2.317066189998056, "log10_min_child_weight": 0.4022680589087829, "log10_subsample": -0.6125075091465906, "max_depth": 8.0, "num_boost_round": 15.0}, "datetime": {"datetime": "2024-01-19 01:05:52", "elapsed": 3236.90231, "delta": 0.004503}}
{"target": -17.808311686002025, "params": {"gamma": 850.2748218100577, "log10_alpha": 0.2753245824883166, "log10_colsample_bytree": -0.5684949550999857, "log10_eta": -0.9736446173412698, "log10_lambda": -2.317066189998056, "log10_min_child_weight": 0.4022680589087829, "log10_subsample": -0.6125075091465906, "max_depth": 8.0, "num_boost_round": 16.0}, "datetime": {"datetime": "2024-01-19 01:05:52", "elapsed": 3236.906582, "delta": 0.004272}}
{"target": -17.834451215418603, "params": {"gamma": 850.2748218100577, "log10_alpha": 0.2753245824883166, "log10_colsample_bytree": -0.5684949550999857, "log10_eta": -0.9736446173412698, "log10_lambda": -2.317066189998056, "log10_min_child_weight": 0.4022680589087829, "log10_subsample": -0.6125075091465906, "max_depth": 8.0, "num_boost_round": 17.0}, "datetime": {"datetime": "2024-01-19 01:05:52", "elapsed": 3236.910881, "delta": 0.004299}}
{"target": -17.83609756928038, "params": {"gamma": 850.2748218100577, "log10_alpha": 0.2753245824883166, "log10_colsample_bytree": -0.5684949550999857, "log10_eta": -0.9736446173412698, "log10_lambda": -2.317066189998056, "log10_min_child_weight": 0.4022680589087829, "log10_subsample": -0.6125075091465906, "max_depth": 8.0, "num_boost_round": 18.0}, "datetime": {"datetime": "2024-01-19 01:05:52", "elapsed": 3236.9151, "delta": 0.004219}}
{"target": -17.857308289885093, "params": {"gamma": 850.2748218100577, "log10_alpha": 0.2753245824883166, "log10_colsample_bytree": -0.5684949550999857, "log10_eta": -0.9736446173412698, "log10_lambda": -2.317066189998056, "log10_min_child_weight": 0.4022680589087829, "log10_subsample": -0.6125075091465906, "max_depth": 8.0, "num_boost_round": 19.0}, "datetime": {"datetime": "2024-01-19 01:05:52", "elapsed": 3236.919585, "delta": 0.004485}}
{"target": -17.864086240299628, "params": {"gamma": 850.2748218100577, "log10_alpha": 0.2753245824883166, "log10_colsample_bytree": -0.5684949550999857, "log10_eta": -0.9736446173412698, "log10_lambda": -2.317066189998056, "log10_min_child_weight": 0.4022680589087829, "log10_subsample": -0.6125075091465906, "max_depth": 8.0, "num_boost_round": 20.0}, "datetime": {"datetime": "2024-01-19 01:05:52", "elapsed": 3236.924046, "delta": 0.004461}}
{"target": -17.868407263262863, "params": {"gamma": 850.2748218100577, "log10_alpha": 0.2753245824883166, "log10_colsample_bytree": -0.5684949550999857, "log10_eta": -0.9736446173412698, "log10_lambda": -2.317066189998056, "log10_min_child_weight": 0.4022680589087829, "log10_subsample": -0.6125075091465906, "max_depth": 8.0, "num_boost_round": 21.0}, "datetime": {"datetime": "2024-01-19 01:05:52", "elapsed": 3236.928446, "delta": 0.0044}}
{"target": -17.869845888911854, "params": {"gamma": 850.2748218100577, "log10_alpha": 0.2753245824883166, "log10_colsample_bytree": -0.5684949550999857, "log10_eta": -0.9736446173412698, "log10_lambda": -2.317066189998056, "log10_min_child_weight": 0.4022680589087829, "log10_subsample": -0.6125075091465906, "max_depth": 8.0, "num_boost_round": 22.0}, "datetime": {"datetime": "2024-01-19 01:05:52", "elapsed": 3236.932699, "delta": 0.004253}}
{"target": -17.907953253345923, "params": {"gamma": 850.2748218100577, "log10_alpha": 0.2753245824883166, "log10_colsample_bytree": -0.5684949550999857, "log10_eta": -0.9736446173412698, "log10_lambda": -2.317066189998056, "log10_min_child_weight": 0.4022680589087829, "log10_subsample": -0.6125075091465906, "max_depth": 8.0, "num_boost_round": 23.0}, "datetime": {"datetime": "2024-01-19 01:05:52", "elapsed": 3236.936999, "delta": 0.0043}}
{"target": -17.936922882140564, "params": {"gamma": 850.2748218100577, "log10_alpha": 0.2753245824883166, "log10_colsample_bytree": -0.5684949550999857, "log10_eta": -0.9736446173412698, "log10_lambda": -2.317066189998056, "log10_min_child_weight": 0.4022680589087829, "log10_subsample": -0.6125075091465906, "max_depth": 8.0, "num_boost_round": 24.0}, "datetime": {"datetime": "2024-01-19 01:05:52", "elapsed": 3236.941472, "delta": 0.004473}}
{"target": -17.961607454695613, "params": {"gamma": 850.2748218100577, "log10_alpha": 0.2753245824883166, "log10_colsample_bytree": -0.5684949550999857, "log10_eta": -0.9736446173412698, "log10_lambda": -2.317066189998056, "log10_min_child_weight": 0.4022680589087829, "log10_subsample": -0.6125075091465906, "max_depth": 8.0, "num_boost_round": 25.0}, "datetime": {"datetime": "2024-01-19 01:05:52", "elapsed": 3236.945745, "delta": 0.004273}}
{"target": -17.978631523495785, "params": {"gamma": 850.2748218100577, "log10_alpha": 0.2753245824883166, "log10_colsample_bytree": -0.5684949550999857, "log10_eta": -0.9736446173412698, "log10_lambda": -2.317066189998056, "log10_min_child_weight": 0.4022680589087829, "log10_subsample": -0.6125075091465906, "max_depth": 8.0, "num_boost_round": 26.0}, "datetime": {"datetime": "2024-01-19 01:05:52", "elapsed": 3236.950045, "delta": 0.0043}}
{"target": -17.983605509972517, "params": {"gamma": 850.2748218100577, "log10_alpha": 0.2753245824883166, "log10_colsample_bytree": -0.5684949550999857, "log10_eta": -0.9736446173412698, "log10_lambda": -2.317066189998056, "log10_min_child_weight": 0.4022680589087829, "log10_subsample": -0.6125075091465906, "max_depth": 8.0, "num_boost_round": 27.0}, "datetime": {"datetime": "2024-01-19 01:05:52", "elapsed": 3236.954571, "delta": 0.004526}}
{"target": -18.009020910714607, "params": {"gamma": 850.2748218100577, "log10_alpha": 0.2753245824883166, "log10_colsample_bytree": -0.5684949550999857, "log10_eta": -0.9736446173412698, "log10_lambda": -2.317066189998056, "log10_min_child_weight": 0.4022680589087829, "log10_subsample": -0.6125075091465906, "max_depth": 8.0, "num_boost_round": 28.0}, "datetime": {"datetime": "2024-01-19 01:05:52", "elapsed": 3236.958854, "delta": 0.004283}}
{"target": -18.015449611295896, "params": {"gamma": 850.2748218100577, "log10_alpha": 0.2753245824883166, "log10_colsample_bytree": -0.5684949550999857, "log10_eta": -0.9736446173412698, "log10_lambda": -2.317066189998056, "log10_min_child_weight": 0.4022680589087829, "log10_subsample": -0.6125075091465906, "max_depth": 8.0, "num_boost_round": 29.0}, "datetime": {"datetime": "2024-01-19 01:05:52", "elapsed": 3236.963161, "delta": 0.004307}}
{"target": -18.023578293260908, "params": {"gamma": 850.2748218100577, "log10_alpha": 0.2753245824883166, "log10_colsample_bytree": -0.5684949550999857, "log10_eta": -0.9736446173412698, "log10_lambda": -2.317066189998056, "log10_min_child_weight": 0.4022680589087829, "log10_subsample": -0.6125075091465906, "max_depth": 8.0, "num_boost_round": 30.0}, "datetime": {"datetime": "2024-01-19 01:05:52", "elapsed": 3236.967759, "delta": 0.004598}}
{"target": -18.02787467981076, "params": {"gamma": 850.2748218100577, "log10_alpha": 0.2753245824883166, "log10_colsample_bytree": -0.5684949550999857, "log10_eta": -0.9736446173412698, "log10_lambda": -2.317066189998056, "log10_min_child_weight": 0.4022680589087829, "log10_subsample": -0.6125075091465906, "max_depth": 8.0, "num_boost_round": 31.0}, "datetime": {"datetime": "2024-01-19 01:05:52", "elapsed": 3236.971961, "delta": 0.004202}}
{"target": -18.034301165593703, "params": {"gamma": 850.2748218100577, "log10_alpha": 0.2753245824883166, "log10_colsample_bytree": -0.5684949550999857, "log10_eta": -0.9736446173412698, "log10_lambda": -2.317066189998056, "log10_min_child_weight": 0.4022680589087829, "log10_subsample": -0.6125075091465906, "max_depth": 8.0, "num_boost_round": 32.0}, "datetime": {"datetime": "2024-01-19 01:05:52", "elapsed": 3236.976287, "delta": 0.004326}}
{"target": -17.67722680437149, "params": {"gamma": 840.5776583494969, "log10_alpha": -0.40733941010436503, "log10_colsample_bytree": -0.2996923499122467, "log10_eta": -3.7570677787958804, "log10_lambda": -2.6148661991719147, "log10_min_child_weight": 2.541599756458531, "log10_subsample": -0.8356720386652722, "max_depth": 9.0, "num_boost_round": 0.0}, "datetime": {"datetime": "2024-01-19 01:07:03", "elapsed": 3307.722751, "delta": 70.746464}}
{"target": -17.677224833555155, "params": {"gamma": 840.5776583494969, "log10_alpha": -0.40733941010436503, "log10_colsample_bytree": -0.2996923499122467, "log10_eta": -3.7570677787958804, "log10_lambda": -2.6148661991719147, "log10_min_child_weight": 2.541599756458531, "log10_subsample": -0.8356720386652722, "max_depth": 9.0, "num_boost_round": 1.0}, "datetime": {"datetime": "2024-01-19 01:07:03", "elapsed": 3307.727127, "delta": 0.004376}}
{"target": -17.677221206649858, "params": {"gamma": 840.5776583494969, "log10_alpha": -0.40733941010436503, "log10_colsample_bytree": -0.2996923499122467, "log10_eta": -3.7570677787958804, "log10_lambda": -2.6148661991719147, "log10_min_child_weight": 2.541599756458531, "log10_subsample": -0.8356720386652722, "max_depth": 9.0, "num_boost_round": 2.0}, "datetime": {"datetime": "2024-01-19 01:07:03", "elapsed": 3307.732694, "delta": 0.005567}}
{"target": -17.677218779390493, "params": {"gamma": 840.5776583494969, "log10_alpha": -0.40733941010436503, "log10_colsample_bytree": -0.2996923499122467, "log10_eta": -3.7570677787958804, "log10_lambda": -2.6148661991719147, "log10_min_child_weight": 2.541599756458531, "log10_subsample": -0.8356720386652722, "max_depth": 9.0, "num_boost_round": 3.0}, "datetime": {"datetime": "2024-01-19 01:07:03", "elapsed": 3307.737056, "delta": 0.004362}}
{"target": -17.67721515349632, "params": {"gamma": 840.5776583494969, "log10_alpha": -0.40733941010436503, "log10_colsample_bytree": -0.2996923499122467, "log10_eta": -3.7570677787958804, "log10_lambda": -2.6148661991719147, "log10_min_child_weight": 2.541599756458531, "log10_subsample": -0.8356720386652722, "max_depth": 9.0, "num_boost_round": 4.0}, "datetime": {"datetime": "2024-01-19 01:07:03", "elapsed": 3307.74129, "delta": 0.004234}}
{"target": -17.677220087750108, "params": {"gamma": 840.5776583494969, "log10_alpha": -0.40733941010436503, "log10_colsample_bytree": -0.2996923499122467, "log10_eta": -3.7570677787958804, "log10_lambda": -2.6148661991719147, "log10_min_child_weight": 2.541599756458531, "log10_subsample": -0.8356720386652722, "max_depth": 9.0, "num_boost_round": 5.0}, "datetime": {"datetime": "2024-01-19 01:07:03", "elapsed": 3307.745599, "delta": 0.004309}}
{"target": -17.677212672452242, "params": {"gamma": 840.5776583494969, "log10_alpha": -0.40733941010436503, "log10_colsample_bytree": -0.2996923499122467, "log10_eta": -3.7570677787958804, "log10_lambda": -2.6148661991719147, "log10_min_child_weight": 2.541599756458531, "log10_subsample": -0.8356720386652722, "max_depth": 9.0, "num_boost_round": 6.0}, "datetime": {"datetime": "2024-01-19 01:07:03", "elapsed": 3307.750732, "delta": 0.005133}}
{"target": -17.677203423428114, "params": {"gamma": 840.5776583494969, "log10_alpha": -0.40733941010436503, "log10_colsample_bytree": -0.2996923499122467, "log10_eta": -3.7570677787958804, "log10_lambda": -2.6148661991719147, "log10_min_child_weight": 2.541599756458531, "log10_subsample": -0.8356720386652722, "max_depth": 9.0, "num_boost_round": 7.0}, "datetime": {"datetime": "2024-01-19 01:07:03", "elapsed": 3307.755166, "delta": 0.004434}}
{"target": -17.67719743560021, "params": {"gamma": 840.5776583494969, "log10_alpha": -0.40733941010436503, "log10_colsample_bytree": -0.2996923499122467, "log10_eta": -3.7570677787958804, "log10_lambda": -2.6148661991719147, "log10_min_child_weight": 2.541599756458531, "log10_subsample": -0.8356720386652722, "max_depth": 9.0, "num_boost_round": 8.0}, "datetime": {"datetime": "2024-01-19 01:07:03", "elapsed": 3307.75959, "delta": 0.004424}}
{"target": -17.677195521935904, "params": {"gamma": 840.5776583494969, "log10_alpha": -0.40733941010436503, "log10_colsample_bytree": -0.2996923499122467, "log10_eta": -3.7570677787958804, "log10_lambda": -2.6148661991719147, "log10_min_child_weight": 2.541599756458531, "log10_subsample": -0.8356720386652722, "max_depth": 9.0, "num_boost_round": 9.0}, "datetime": {"datetime": "2024-01-19 01:07:03", "elapsed": 3307.763914, "delta": 0.004324}}
{"target": -17.677190670169097, "params": {"gamma": 840.5776583494969, "log10_alpha": -0.40733941010436503, "log10_colsample_bytree": -0.2996923499122467, "log10_eta": -3.7570677787958804, "log10_lambda": -2.6148661991719147, "log10_min_child_weight": 2.541599756458531, "log10_subsample": -0.8356720386652722, "max_depth": 9.0, "num_boost_round": 10.0}, "datetime": {"datetime": "2024-01-19 01:07:03", "elapsed": 3307.768189, "delta": 0.004275}}
{"target": -17.677185353955664, "params": {"gamma": 840.5776583494969, "log10_alpha": -0.40733941010436503, "log10_colsample_bytree": -0.2996923499122467, "log10_eta": -3.7570677787958804, "log10_lambda": -2.6148661991719147, "log10_min_child_weight": 2.541599756458531, "log10_subsample": -0.8356720386652722, "max_depth": 9.0, "num_boost_round": 11.0}, "datetime": {"datetime": "2024-01-19 01:07:03", "elapsed": 3307.772542, "delta": 0.004353}}
{"target": -17.67719230387094, "params": {"gamma": 840.5776583494969, "log10_alpha": -0.40733941010436503, "log10_colsample_bytree": -0.2996923499122467, "log10_eta": -3.7570677787958804, "log10_lambda": -2.6148661991719147, "log10_min_child_weight": 2.541599756458531, "log10_subsample": -0.8356720386652722, "max_depth": 9.0, "num_boost_round": 12.0}, "datetime": {"datetime": "2024-01-19 01:07:03", "elapsed": 3307.77687, "delta": 0.004328}}
{"target": -17.67718260354352, "params": {"gamma": 840.5776583494969, "log10_alpha": -0.40733941010436503, "log10_colsample_bytree": -0.2996923499122467, "log10_eta": -3.7570677787958804, "log10_lambda": -2.6148661991719147, "log10_min_child_weight": 2.541599756458531, "log10_subsample": -0.8356720386652722, "max_depth": 9.0, "num_boost_round": 13.0}, "datetime": {"datetime": "2024-01-19 01:07:03", "elapsed": 3307.781283, "delta": 0.004413}}
{"target": -17.677172709909982, "params": {"gamma": 840.5776583494969, "log10_alpha": -0.40733941010436503, "log10_colsample_bytree": -0.2996923499122467, "log10_eta": -3.7570677787958804, "log10_lambda": -2.6148661991719147, "log10_min_child_weight": 2.541599756458531, "log10_subsample": -0.8356720386652722, "max_depth": 9.0, "num_boost_round": 14.0}, "datetime": {"datetime": "2024-01-19 01:07:03", "elapsed": 3307.785694, "delta": 0.004411}}
{"target": -17.677164475211107, "params": {"gamma": 840.5776583494969, "log10_alpha": -0.40733941010436503, "log10_colsample_bytree": -0.2996923499122467, "log10_eta": -3.7570677787958804, "log10_lambda": -2.6148661991719147, "log10_min_child_weight": 2.541599756458531, "log10_subsample": -0.8356720386652722, "max_depth": 9.0, "num_boost_round": 15.0}, "datetime": {"datetime": "2024-01-19 01:07:03", "elapsed": 3307.789965, "delta": 0.004271}}
{"target": -17.67715180324702, "params": {"gamma": 840.5776583494969, "log10_alpha": -0.40733941010436503, "log10_colsample_bytree": -0.2996923499122467, "log10_eta": -3.7570677787958804, "log10_lambda": -2.6148661991719147, "log10_min_child_weight": 2.541599756458531, "log10_subsample": -0.8356720386652722, "max_depth": 9.0, "num_boost_round": 16.0}, "datetime": {"datetime": "2024-01-19 01:07:03", "elapsed": 3307.794263, "delta": 0.004298}}
{"target": -17.677142934811933, "params": {"gamma": 840.5776583494969, "log10_alpha": -0.40733941010436503, "log10_colsample_bytree": -0.2996923499122467, "log10_eta": -3.7570677787958804, "log10_lambda": -2.6148661991719147, "log10_min_child_weight": 2.541599756458531, "log10_subsample": -0.8356720386652722, "max_depth": 9.0, "num_boost_round": 17.0}, "datetime": {"datetime": "2024-01-19 01:07:03", "elapsed": 3307.798596, "delta": 0.004333}}
{"target": -17.677148757868185, "params": {"gamma": 840.5776583494969, "log10_alpha": -0.40733941010436503, "log10_colsample_bytree": -0.2996923499122467, "log10_eta": -3.7570677787958804, "log10_lambda": -2.6148661991719147, "log10_min_child_weight": 2.541599756458531, "log10_subsample": -0.8356720386652722, "max_depth": 9.0, "num_boost_round": 18.0}, "datetime": {"datetime": "2024-01-19 01:07:03", "elapsed": 3307.80301, "delta": 0.004414}}
{"target": -17.67714032453825, "params": {"gamma": 840.5776583494969, "log10_alpha": -0.40733941010436503, "log10_colsample_bytree": -0.2996923499122467, "log10_eta": -3.7570677787958804, "log10_lambda": -2.6148661991719147, "log10_min_child_weight": 2.541599756458531, "log10_subsample": -0.8356720386652722, "max_depth": 9.0, "num_boost_round": 19.0}, "datetime": {"datetime": "2024-01-19 01:07:03", "elapsed": 3307.807377, "delta": 0.004367}}
{"target": -17.6771299008533, "params": {"gamma": 840.5776583494969, "log10_alpha": -0.40733941010436503, "log10_colsample_bytree": -0.2996923499122467, "log10_eta": -3.7570677787958804, "log10_lambda": -2.6148661991719147, "log10_min_child_weight": 2.541599756458531, "log10_subsample": -0.8356720386652722, "max_depth": 9.0, "num_boost_round": 20.0}, "datetime": {"datetime": "2024-01-19 01:07:03", "elapsed": 3307.811671, "delta": 0.004294}}
{"target": -17.677140658050412, "params": {"gamma": 840.5776583494969, "log10_alpha": -0.40733941010436503, "log10_colsample_bytree": -0.2996923499122467, "log10_eta": -3.7570677787958804, "log10_lambda": -2.6148661991719147, "log10_min_child_weight": 2.541599756458531, "log10_subsample": -0.8356720386652722, "max_depth": 9.0, "num_boost_round": 21.0}, "datetime": {"datetime": "2024-01-19 01:07:03", "elapsed": 3307.815965, "delta": 0.004294}}
{"target": -17.677127896786086, "params": {"gamma": 840.5776583494969, "log10_alpha": -0.40733941010436503, "log10_colsample_bytree": -0.2996923499122467, "log10_eta": -3.7570677787958804, "log10_lambda": -2.6148661991719147, "log10_min_child_weight": 2.541599756458531, "log10_subsample": -0.8356720386652722, "max_depth": 9.0, "num_boost_round": 22.0}, "datetime": {"datetime": "2024-01-19 01:07:03", "elapsed": 3307.821038, "delta": 0.005073}}
