{"target": -13.758384958813858, "params": {"gamma": 559.5371177449676, "log10_alpha": -4.551364507084262, "log10_colsample_bytree": -0.5743985613923789, "log10_eta": -2.3962319020917975, "log10_lambda": -2.9306761421683056, "log10_min_child_weight": 4.729352370732023, "log10_subsample": -0.5440072319837158, "max_depth": 7.0, "num_boost_round": 25.0}, "datetime": {"datetime": "2024-01-19 01:13:46", "elapsed": 3758.183532, "delta": 0.004049}}
{"target": -13.758386705564197, "params": {"gamma": 559.5371177449676, "log10_alpha": -4.551364507084262, "log10_colsample_bytree": -0.5743985613923789, "log10_eta": -2.3962319020917975, "log10_lambda": -2.9306761421683056, "log10_min_child_weight": 4.729352370732023, "log10_subsample": -0.5440072319837158, "max_depth": 7.0, "num_boost_round": 26.0}, "datetime": {"datetime": "2024-01-19 01:13:46", "elapsed": 3758.187654, "delta": 0.004122}}
{"target": -13.758383779435734, "params": {"gamma": 559.5371177449676, "log10_alpha": -4.551364507084262, "log10_colsample_bytree": -0.5743985613923789, "log10_eta": -2.3962319020917975, "log10_lambda": -2.9306761421683056, "log10_min_child_weight": 4.729352370732023, "log10_subsample": -0.5440072319837158, "max_depth": 7.0, "num_boost_round": 27.0}, "datetime": {"datetime": "2024-01-19 01:13:46", "elapsed": 3758.191784, "delta": 0.00413}}
{"target": -13.758364163342172, "params": {"gamma": 559.5371177449676, "log10_alpha": -4.551364507084262, "log10_colsample_bytree": -0.5743985613923789, "log10_eta": -2.3962319020917975, "log10_lambda": -2.9306761421683056, "log10_min_child_weight": 4.729352370732023, "log10_subsample": -0.5440072319837158, "max_depth": 7.0, "num_boost_round": 28.0}, "datetime": {"datetime": "2024-01-19 01:13:46", "elapsed": 3758.19585, "delta": 0.004066}}
{"target": -13.758343505465186, "params": {"gamma": 559.5371177449676, "log10_alpha": -4.551364507084262, "log10_colsample_bytree": -0.5743985613923789, "log10_eta": -2.3962319020917975, "log10_lambda": -2.9306761421683056, "log10_min_child_weight": 4.729352370732023, "log10_subsample": -0.5440072319837158, "max_depth": 7.0, "num_boost_round": 29.0}, "datetime": {"datetime": "2024-01-19 01:13:46", "elapsed": 3758.199935, "delta": 0.004085}}
{"target": -13.75832520414113, "params": {"gamma": 559.5371177449676, "log10_alpha": -4.551364507084262, "log10_colsample_bytree": -0.5743985613923789, "log10_eta": -2.3962319020917975, "log10_lambda": -2.9306761421683056, "log10_min_child_weight": 4.729352370732023, "log10_subsample": -0.5440072319837158, "max_depth": 7.0, "num_boost_round": 30.0}, "datetime": {"datetime": "2024-01-19 01:13:46", "elapsed": 3758.204199, "delta": 0.004264}}
{"target": -13.758328372851475, "params": {"gamma": 559.5371177449676, "log10_alpha": -4.551364507084262, "log10_colsample_bytree": -0.5743985613923789, "log10_eta": -2.3962319020917975, "log10_lambda": -2.9306761421683056, "log10_min_child_weight": 4.729352370732023, "log10_subsample": -0.5440072319837158, "max_depth": 7.0, "num_boost_round": 31.0}, "datetime": {"datetime": "2024-01-19 01:13:46", "elapsed": 3758.208353, "delta": 0.004154}}
{"target": -13.758535337161753, "params": {"gamma": 578.4373296910813, "log10_alpha": -4.478640186894698, "log10_colsample_bytree": -0.5880014424411258, "log10_eta": -3.6382499752431237, "log10_lambda": -0.10527461667145666, "log10_min_child_weight": 1.6649201790026118, "log10_subsample": -0.2911727734662555, "max_depth": 5.0, "num_boost_round": 0.0}, "datetime": {"datetime": "2024-01-19 01:14:25", "elapsed": 3797.4078, "delta": 39.199447}}
{"target": -13.758531318341644, "params": {"gamma": 578.4373296910813, "log10_alpha": -4.478640186894698, "log10_colsample_bytree": -0.5880014424411258, "log10_eta": -3.6382499752431237, "log10_lambda": -0.10527461667145666, "log10_min_child_weight": 1.6649201790026118, "log10_subsample": -0.2911727734662555, "max_depth": 5.0, "num_boost_round": 1.0}, "datetime": {"datetime": "2024-01-19 01:14:25", "elapsed": 3797.412079, "delta": 0.004279}}
{"target": -13.758521500077855, "params": {"gamma": 578.4373296910813, "log10_alpha": -4.478640186894698, "log10_colsample_bytree": -0.5880014424411258, "log10_eta": -3.6382499752431237, "log10_lambda": -0.10527461667145666, "log10_min_child_weight": 1.6649201790026118, "log10_subsample": -0.2911727734662555, "max_depth": 5.0, "num_boost_round": 2.0}, "datetime": {"datetime": "2024-01-19 01:14:25", "elapsed": 3797.416223, "delta": 0.004144}}
{"target": -13.758521500640917, "params": {"gamma": 578.4373296910813, "log10_alpha": -4.478640186894698, "log10_colsample_bytree": -0.5880014424411258, "log10_eta": -3.6382499752431237, "log10_lambda": -0.10527461667145666, "log10_min_child_weight": 1.6649201790026118, "log10_subsample": -0.2911727734662555, "max_depth": 5.0, "num_boost_round": 3.0}, "datetime": {"datetime": "2024-01-19 01:14:25", "elapsed": 3797.420333, "delta": 0.00411}}
{"target": -13.758516867788412, "params": {"gamma": 578.4373296910813, "log10_alpha": -4.478640186894698, "log10_colsample_bytree": -0.5880014424411258, "log10_eta": -3.6382499752431237, "log10_lambda": -0.10527461667145666, "log10_min_child_weight": 1.6649201790026118, "log10_subsample": -0.2911727734662555, "max_depth": 5.0, "num_boost_round": 4.0}, "datetime": {"datetime": "2024-01-19 01:14:25", "elapsed": 3797.424403, "delta": 0.00407}}
{"target": -13.75850989471018, "params": {"gamma": 578.4373296910813, "log10_alpha": -4.478640186894698, "log10_colsample_bytree": -0.5880014424411258, "log10_eta": -3.6382499752431237, "log10_lambda": -0.10527461667145666, "log10_min_child_weight": 1.6649201790026118, "log10_subsample": -0.2911727734662555, "max_depth": 5.0, "num_boost_round": 5.0}, "datetime": {"datetime": "2024-01-19 01:14:25", "elapsed": 3797.428571, "delta": 0.004168}}
{"target": -13.758504336042451, "params": {"gamma": 578.4373296910813, "log10_alpha": -4.478640186894698, "log10_colsample_bytree": -0.5880014424411258, "log10_eta": -3.6382499752431237, "log10_lambda": -0.10527461667145666, "log10_min_child_weight": 1.6649201790026118, "log10_subsample": -0.2911727734662555, "max_depth": 5.0, "num_boost_round": 6.0}, "datetime": {"datetime": "2024-01-19 01:14:25", "elapsed": 3797.432608, "delta": 0.004037}}
{"target": -13.758499932283579, "params": {"gamma": 578.4373296910813, "log10_alpha": -4.478640186894698, "log10_colsample_bytree": -0.5880014424411258, "log10_eta": -3.6382499752431237, "log10_lambda": -0.10527461667145666, "log10_min_child_weight": 1.6649201790026118, "log10_subsample": -0.2911727734662555, "max_depth": 5.0, "num_boost_round": 7.0}, "datetime": {"datetime": "2024-01-19 01:14:25", "elapsed": 3797.436644, "delta": 0.004036}}
{"target": -13.758497216312357, "params": {"gamma": 578.4373296910813, "log10_alpha": -4.478640186894698, "log10_colsample_bytree": -0.5880014424411258, "log10_eta": -3.6382499752431237, "log10_lambda": -0.10527461667145666, "log10_min_child_weight": 1.6649201790026118, "log10_subsample": -0.2911727734662555, "max_depth": 5.0, "num_boost_round": 8.0}, "datetime": {"datetime": "2024-01-19 01:14:25", "elapsed": 3797.440665, "delta": 0.004021}}
{"target": -13.758495958202012, "params": {"gamma": 578.4373296910813, "log10_alpha": -4.478640186894698, "log10_colsample_bytree": -0.5880014424411258, "log10_eta": -3.6382499752431237, "log10_lambda": -0.10527461667145666, "log10_min_child_weight": 1.6649201790026118, "log10_subsample": -0.2911727734662555, "max_depth": 5.0, "num_boost_round": 9.0}, "datetime": {"datetime": "2024-01-19 01:14:25", "elapsed": 3797.44475, "delta": 0.004085}}
{"target": -13.7584888125514, "params": {"gamma": 578.4373296910813, "log10_alpha": -4.478640186894698, "log10_colsample_bytree": -0.5880014424411258, "log10_eta": -3.6382499752431237, "log10_lambda": -0.10527461667145666, "log10_min_child_weight": 1.6649201790026118, "log10_subsample": -0.2911727734662555, "max_depth": 5.0, "num_boost_round": 10.0}, "datetime": {"datetime": "2024-01-19 01:14:25", "elapsed": 3797.448971, "delta": 0.004221}}
{"target": -13.75848388127407, "params": {"gamma": 578.4373296910813, "log10_alpha": -4.478640186894698, "log10_colsample_bytree": -0.5880014424411258, "log10_eta": -3.6382499752431237, "log10_lambda": -0.10527461667145666, "log10_min_child_weight": 1.6649201790026118, "log10_subsample": -0.2911727734662555, "max_depth": 5.0, "num_boost_round": 11.0}, "datetime": {"datetime": "2024-01-19 01:14:25", "elapsed": 3797.453167, "delta": 0.004196}}
{"target": -13.758475072675605, "params": {"gamma": 578.4373296910813, "log10_alpha": -4.478640186894698, "log10_colsample_bytree": -0.5880014424411258, "log10_eta": -3.6382499752431237, "log10_lambda": -0.10527461667145666, "log10_min_child_weight": 1.6649201790026118, "log10_subsample": -0.2911727734662555, "max_depth": 5.0, "num_boost_round": 12.0}, "datetime": {"datetime": "2024-01-19 01:14:25", "elapsed": 3797.457361, "delta": 0.004194}}
{"target": -13.758475830229097, "params": {"gamma": 578.4373296910813, "log10_alpha": -4.478640186894698, "log10_colsample_bytree": -0.5880014424411258, "log10_eta": -3.6382499752431237, "log10_lambda": -0.10527461667145666, "log10_min_child_weight": 1.6649201790026118, "log10_subsample": -0.2911727734662555, "max_depth": 5.0, "num_boost_round": 13.0}, "datetime": {"datetime": "2024-01-19 01:14:25", "elapsed": 3797.461458, "delta": 0.004097}}
{"target": -13.758480350344172, "params": {"gamma": 578.4373296910813, "log10_alpha": -4.478640186894698, "log10_colsample_bytree": -0.5880014424411258, "log10_eta": -3.6382499752431237, "log10_lambda": -0.10527461667145666, "log10_min_child_weight": 1.6649201790026118, "log10_subsample": -0.2911727734662555, "max_depth": 5.0, "num_boost_round": 14.0}, "datetime": {"datetime": "2024-01-19 01:14:25", "elapsed": 3797.465571, "delta": 0.004113}}
{"target": -13.758481034188861, "params": {"gamma": 578.4373296910813, "log10_alpha": -4.478640186894698, "log10_colsample_bytree": -0.5880014424411258, "log10_eta": -3.6382499752431237, "log10_lambda": -0.10527461667145666, "log10_min_child_weight": 1.6649201790026118, "log10_subsample": -0.2911727734662555, "max_depth": 5.0, "num_boost_round": 15.0}, "datetime": {"datetime": "2024-01-19 01:14:25", "elapsed": 3797.469788, "delta": 0.004217}}
{"target": -13.758482195077875, "params": {"gamma": 578.4373296910813, "log10_alpha": -4.478640186894698, "log10_colsample_bytree": -0.5880014424411258, "log10_eta": -3.6382499752431237, "log10_lambda": -0.10527461667145666, "log10_min_child_weight": 1.6649201790026118, "log10_subsample": -0.2911727734662555, "max_depth": 5.0, "num_boost_round": 16.0}, "datetime": {"datetime": "2024-01-19 01:14:25", "elapsed": 3797.473928, "delta": 0.00414}}
{"target": -13.758484705463923, "params": {"gamma": 578.4373296910813, "log10_alpha": -4.478640186894698, "log10_colsample_bytree": -0.5880014424411258, "log10_eta": -3.6382499752431237, "log10_lambda": -0.10527461667145666, "log10_min_child_weight": 1.6649201790026118, "log10_subsample": -0.2911727734662555, "max_depth": 5.0, "num_boost_round": 17.0}, "datetime": {"datetime": "2024-01-19 01:14:25", "elapsed": 3797.478081, "delta": 0.004153}}
{"target": -13.758486958085616, "params": {"gamma": 578.4373296910813, "log10_alpha": -4.478640186894698, "log10_colsample_bytree": -0.5880014424411258, "log10_eta": -3.6382499752431237, "log10_lambda": -0.10527461667145666, "log10_min_child_weight": 1.6649201790026118, "log10_subsample": -0.2911727734662555, "max_depth": 5.0, "num_boost_round": 18.0}, "datetime": {"datetime": "2024-01-19 01:14:25", "elapsed": 3797.482216, "delta": 0.004135}}
{"target": -13.758485177216441, "params": {"gamma": 578.4373296910813, "log10_alpha": -4.478640186894698, "log10_colsample_bytree": -0.5880014424411258, "log10_eta": -3.6382499752431237, "log10_lambda": -0.10527461667145666, "log10_min_child_weight": 1.6649201790026118, "log10_subsample": -0.2911727734662555, "max_depth": 5.0, "num_boost_round": 19.0}, "datetime": {"datetime": "2024-01-19 01:14:25", "elapsed": 3797.486419, "delta": 0.004203}}
{"target": -13.75847321361409, "params": {"gamma": 578.4373296910813, "log10_alpha": -4.478640186894698, "log10_colsample_bytree": -0.5880014424411258, "log10_eta": -3.6382499752431237, "log10_lambda": -0.10527461667145666, "log10_min_child_weight": 1.6649201790026118, "log10_subsample": -0.2911727734662555, "max_depth": 5.0, "num_boost_round": 20.0}, "datetime": {"datetime": "2024-01-19 01:14:25", "elapsed": 3797.490531, "delta": 0.004112}}
{"target": -13.758463302638726, "params": {"gamma": 578.4373296910813, "log10_alpha": -4.478640186894698, "log10_colsample_bytree": -0.5880014424411258, "log10_eta": -3.6382499752431237, "log10_lambda": -0.10527461667145666, "log10_min_child_weight": 1.6649201790026118, "log10_subsample": -0.2911727734662555, "max_depth": 5.0, "num_boost_round": 21.0}, "datetime": {"datetime": "2024-01-19 01:14:25", "elapsed": 3797.494635, "delta": 0.004104}}
{"target": -13.75846154615167, "params": {"gamma": 578.4373296910813, "log10_alpha": -4.478640186894698, "log10_colsample_bytree": -0.5880014424411258, "log10_eta": -3.6382499752431237, "log10_lambda": -0.10527461667145666, "log10_min_child_weight": 1.6649201790026118, "log10_subsample": -0.2911727734662555, "max_depth": 5.0, "num_boost_round": 22.0}, "datetime": {"datetime": "2024-01-19 01:14:25", "elapsed": 3797.498657, "delta": 0.004022}}
{"target": -13.75845968803047, "params": {"gamma": 578.4373296910813, "log10_alpha": -4.478640186894698, "log10_colsample_bytree": -0.5880014424411258, "log10_eta": -3.6382499752431237, "log10_lambda": -0.10527461667145666, "log10_min_child_weight": 1.6649201790026118, "log10_subsample": -0.2911727734662555, "max_depth": 5.0, "num_boost_round": 23.0}, "datetime": {"datetime": "2024-01-19 01:14:25", "elapsed": 3797.502789, "delta": 0.004132}}
{"target": -13.758463732690174, "params": {"gamma": 578.4373296910813, "log10_alpha": -4.478640186894698, "log10_colsample_bytree": -0.5880014424411258, "log10_eta": -3.6382499752431237, "log10_lambda": -0.10527461667145666, "log10_min_child_weight": 1.6649201790026118, "log10_subsample": -0.2911727734662555, "max_depth": 5.0, "num_boost_round": 24.0}, "datetime": {"datetime": "2024-01-19 01:14:25", "elapsed": 3797.507018, "delta": 0.004229}}
{"target": -13.758462880390455, "params": {"gamma": 578.4373296910813, "log10_alpha": -4.478640186894698, "log10_colsample_bytree": -0.5880014424411258, "log10_eta": -3.6382499752431237, "log10_lambda": -0.10527461667145666, "log10_min_child_weight": 1.6649201790026118, "log10_subsample": -0.2911727734662555, "max_depth": 5.0, "num_boost_round": 25.0}, "datetime": {"datetime": "2024-01-19 01:14:25", "elapsed": 3797.511034, "delta": 0.004016}}
{"target": -13.758536704551181, "params": {"gamma": 552.9833856653663, "log10_alpha": -0.2565882411864848, "log10_colsample_bytree": -0.6385328586515283, "log10_eta": -3.751286209506307, "log10_lambda": -0.7532866356887808, "log10_min_child_weight": 2.834205698168095, "log10_subsample": -0.636893846506105, "max_depth": 8.0, "num_boost_round": 0.0}, "datetime": {"datetime": "2024-01-19 01:15:21", "elapsed": 3853.743894, "delta": 56.23286}}
{"target": -13.75853230534757, "params": {"gamma": 552.9833856653663, "log10_alpha": -0.2565882411864848, "log10_colsample_bytree": -0.6385328586515283, "log10_eta": -3.751286209506307, "log10_lambda": -0.7532866356887808, "log10_min_child_weight": 2.834205698168095, "log10_subsample": -0.636893846506105, "max_depth": 8.0, "num_boost_round": 1.0}, "datetime": {"datetime": "2024-01-19 01:15:21", "elapsed": 3853.748548, "delta": 0.004654}}
{"target": -13.758526362429311, "params": {"gamma": 552.9833856653663, "log10_alpha": -0.2565882411864848, "log10_colsample_bytree": -0.6385328586515283, "log10_eta": -3.751286209506307, "log10_lambda": -0.7532866356887808, "log10_min_child_weight": 2.834205698168095, "log10_subsample": -0.636893846506105, "max_depth": 8.0, "num_boost_round": 2.0}, "datetime": {"datetime": "2024-01-19 01:15:21", "elapsed": 3853.752844, "delta": 0.004296}}
{"target": -13.758525287614804, "params": {"gamma": 552.9833856653663, "log10_alpha": -0.2565882411864848, "log10_colsample_bytree": -0.6385328586515283, "log10_eta": -3.751286209506307, "log10_lambda": -0.7532866356887808, "log10_min_child_weight": 2.834205698168095, "log10_subsample": -0.636893846506105, "max_depth": 8.0, "num_boost_round": 3.0}, "datetime": {"datetime": "2024-01-19 01:15:21", "elapsed": 3853.757724, "delta": 0.00488}}
{"target": -13.758520454319282, "params": {"gamma": 552.9833856653663, "log10_alpha": -0.2565882411864848, "log10_colsample_bytree": -0.6385328586515283, "log10_eta": -3.751286209506307, "log10_lambda": -0.7532866356887808, "log10_min_child_weight": 2.834205698168095, "log10_subsample": -0.636893846506105, "max_depth": 8.0, "num_boost_round": 4.0}, "datetime": {"datetime": "2024-01-19 01:15:21", "elapsed": 3853.761789, "delta": 0.004065}}
{"target": -13.758518158905346, "params": {"gamma": 552.9833856653663, "log10_alpha": -0.2565882411864848, "log10_colsample_bytree": -0.6385328586515283, "log10_eta": -3.751286209506307, "log10_lambda": -0.7532866356887808, "log10_min_child_weight": 2.834205698168095, "log10_subsample": -0.636893846506105, "max_depth": 8.0, "num_boost_round": 5.0}, "datetime": {"datetime": "2024-01-19 01:15:21", "elapsed": 3853.766091, "delta": 0.004302}}
{"target": -13.758514209973544, "params": {"gamma": 552.9833856653663, "log10_alpha": -0.2565882411864848, "log10_colsample_bytree": -0.6385328586515283, "log10_eta": -3.751286209506307, "log10_lambda": -0.7532866356887808, "log10_min_child_weight": 2.834205698168095, "log10_subsample": -0.636893846506105, "max_depth": 8.0, "num_boost_round": 6.0}, "datetime": {"datetime": "2024-01-19 01:15:21", "elapsed": 3853.770452, "delta": 0.004361}}
{"target": -13.758503189484815, "params": {"gamma": 552.9833856653663, "log10_alpha": -0.2565882411864848, "log10_colsample_bytree": -0.6385328586515283, "log10_eta": -3.751286209506307, "log10_lambda": -0.7532866356887808, "log10_min_child_weight": 2.834205698168095, "log10_subsample": -0.636893846506105, "max_depth": 8.0, "num_boost_round": 7.0}, "datetime": {"datetime": "2024-01-19 01:15:21", "elapsed": 3853.774591, "delta": 0.004139}}
{"target": -13.758497100379861, "params": {"gamma": 552.9833856653663, "log10_alpha": -0.2565882411864848, "log10_colsample_bytree": -0.6385328586515283, "log10_eta": -3.751286209506307, "log10_lambda": -0.7532866356887808, "log10_min_child_weight": 2.834205698168095, "log10_subsample": -0.636893846506105, "max_depth": 8.0, "num_boost_round": 8.0}, "datetime": {"datetime": "2024-01-19 01:15:21", "elapsed": 3853.778698, "delta": 0.004107}}
{"target": -13.758493881427214, "params": {"gamma": 552.9833856653663, "log10_alpha": -0.2565882411864848, "log10_colsample_bytree": -0.6385328586515283, "log10_eta": -3.751286209506307, "log10_lambda": -0.7532866356887808, "log10_min_child_weight": 2.834205698168095, "log10_subsample": -0.636893846506105, "max_depth": 8.0, "num_boost_round": 9.0}, "datetime": {"datetime": "2024-01-19 01:15:21", "elapsed": 3853.783031, "delta": 0.004333}}
{"target": -13.758490733816235, "params": {"gamma": 552.9833856653663, "log10_alpha": -0.2565882411864848, "log10_colsample_bytree": -0.6385328586515283, "log10_eta": -3.751286209506307, "log10_lambda": -0.7532866356887808, "log10_min_child_weight": 2.834205698168095, "log10_subsample": -0.636893846506105, "max_depth": 8.0, "num_boost_round": 10.0}, "datetime": {"datetime": "2024-01-19 01:15:21", "elapsed": 3853.787284, "delta": 0.004253}}
{"target": -13.75848516079356, "params": {"gamma": 552.9833856653663, "log10_alpha": -0.2565882411864848, "log10_colsample_bytree": -0.6385328586515283, "log10_eta": -3.751286209506307, "log10_lambda": -0.7532866356887808, "log10_min_child_weight": 2.834205698168095, "log10_subsample": -0.636893846506105, "max_depth": 8.0, "num_boost_round": 11.0}, "datetime": {"datetime": "2024-01-19 01:15:21", "elapsed": 3853.791454, "delta": 0.00417}}
{"target": -13.758480032686025, "params": {"gamma": 552.9833856653663, "log10_alpha": -0.2565882411864848, "log10_colsample_bytree": -0.6385328586515283, "log10_eta": -3.751286209506307, "log10_lambda": -0.7532866356887808, "log10_min_child_weight": 2.834205698168095, "log10_subsample": -0.636893846506105, "max_depth": 8.0, "num_boost_round": 12.0}, "datetime": {"datetime": "2024-01-19 01:15:21", "elapsed": 3853.795762, "delta": 0.004308}}
{"target": -13.75847799639543, "params": {"gamma": 552.9833856653663, "log10_alpha": -0.2565882411864848, "log10_colsample_bytree": -0.6385328586515283, "log10_eta": -3.751286209506307, "log10_lambda": -0.7532866356887808, "log10_min_child_weight": 2.834205698168095, "log10_subsample": -0.636893846506105, "max_depth": 8.0, "num_boost_round": 13.0}, "datetime": {"datetime": "2024-01-19 01:15:21", "elapsed": 3853.799829, "delta": 0.004067}}
{"target": -13.758471616279039, "params": {"gamma": 552.9833856653663, "log10_alpha": -0.2565882411864848, "log10_colsample_bytree": -0.6385328586515283, "log10_eta": -3.751286209506307, "log10_lambda": -0.7532866356887808, "log10_min_child_weight": 2.834205698168095, "log10_subsample": -0.636893846506105, "max_depth": 8.0, "num_boost_round": 14.0}, "datetime": {"datetime": "2024-01-19 01:15:21", "elapsed": 3853.803981, "delta": 0.004152}}
{"target": -13.75846559609336, "params": {"gamma": 552.9833856653663, "log10_alpha": -0.2565882411864848, "log10_colsample_bytree": -0.6385328586515283, "log10_eta": -3.751286209506307, "log10_lambda": -0.7532866356887808, "log10_min_child_weight": 2.834205698168095, "log10_subsample": -0.636893846506105, "max_depth": 8.0, "num_boost_round": 15.0}, "datetime": {"datetime": "2024-01-19 01:15:22", "elapsed": 3853.808294, "delta": 0.004313}}
