{"target": -17.67691760733756, "params": {"gamma": 625.6403425594848, "log10_alpha": -0.3520028158694597, "log10_colsample_bytree": -0.949361933515275, "log10_eta": -2.8356937441556, "log10_lambda": -0.08513259054667799, "log10_min_child_weight": 1.4260361513480029, "log10_subsample": -0.9770971833525323, "max_depth": 4.0, "num_boost_round": 3.0}, "datetime": {"datetime": "2024-01-19 01:02:16", "elapsed": 3034.144705, "delta": 0.003285}}
{"target": -17.676833023537814, "params": {"gamma": 625.6403425594848, "log10_alpha": -0.3520028158694597, "log10_colsample_bytree": -0.949361933515275, "log10_eta": -2.8356937441556, "log10_lambda": -0.08513259054667799, "log10_min_child_weight": 1.4260361513480029, "log10_subsample": -0.9770971833525323, "max_depth": 4.0, "num_boost_round": 4.0}, "datetime": {"datetime": "2024-01-19 01:02:16", "elapsed": 3034.147934, "delta": 0.003229}}
{"target": -17.67690767435577, "params": {"gamma": 625.6403425594848, "log10_alpha": -0.3520028158694597, "log10_colsample_bytree": -0.949361933515275, "log10_eta": -2.8356937441556, "log10_lambda": -0.08513259054667799, "log10_min_child_weight": 1.4260361513480029, "log10_subsample": -0.9770971833525323, "max_depth": 4.0, "num_boost_round": 5.0}, "datetime": {"datetime": "2024-01-19 01:02:16", "elapsed": 3034.151293, "delta": 0.003359}}
{"target": -17.676922266073507, "params": {"gamma": 625.6403425594848, "log10_alpha": -0.3520028158694597, "log10_colsample_bytree": -0.949361933515275, "log10_eta": -2.8356937441556, "log10_lambda": -0.08513259054667799, "log10_min_child_weight": 1.4260361513480029, "log10_subsample": -0.9770971833525323, "max_depth": 4.0, "num_boost_round": 6.0}, "datetime": {"datetime": "2024-01-19 01:02:16", "elapsed": 3034.154578, "delta": 0.003285}}
{"target": -17.676876900678753, "params": {"gamma": 625.6403425594848, "log10_alpha": -0.3520028158694597, "log10_colsample_bytree": -0.949361933515275, "log10_eta": -2.8356937441556, "log10_lambda": -0.08513259054667799, "log10_min_child_weight": 1.4260361513480029, "log10_subsample": -0.9770971833525323, "max_depth": 4.0, "num_boost_round": 7.0}, "datetime": {"datetime": "2024-01-19 01:02:16", "elapsed": 3034.157962, "delta": 0.003384}}
{"target": -17.67683311542356, "params": {"gamma": 625.6403425594848, "log10_alpha": -0.3520028158694597, "log10_colsample_bytree": -0.949361933515275, "log10_eta": -2.8356937441556, "log10_lambda": -0.08513259054667799, "log10_min_child_weight": 1.4260361513480029, "log10_subsample": -0.9770971833525323, "max_depth": 4.0, "num_boost_round": 8.0}, "datetime": {"datetime": "2024-01-19 01:02:16", "elapsed": 3034.161257, "delta": 0.003295}}
{"target": -17.676786474642302, "params": {"gamma": 625.6403425594848, "log10_alpha": -0.3520028158694597, "log10_colsample_bytree": -0.949361933515275, "log10_eta": -2.8356937441556, "log10_lambda": -0.08513259054667799, "log10_min_child_weight": 1.4260361513480029, "log10_subsample": -0.9770971833525323, "max_depth": 4.0, "num_boost_round": 9.0}, "datetime": {"datetime": "2024-01-19 01:02:16", "elapsed": 3034.164668, "delta": 0.003411}}
{"target": -17.676742826825315, "params": {"gamma": 625.6403425594848, "log10_alpha": -0.3520028158694597, "log10_colsample_bytree": -0.949361933515275, "log10_eta": -2.8356937441556, "log10_lambda": -0.08513259054667799, "log10_min_child_weight": 1.4260361513480029, "log10_subsample": -0.9770971833525323, "max_depth": 4.0, "num_boost_round": 10.0}, "datetime": {"datetime": "2024-01-19 01:02:16", "elapsed": 3034.167939, "delta": 0.003271}}
{"target": -17.67674482599796, "params": {"gamma": 625.6403425594848, "log10_alpha": -0.3520028158694597, "log10_colsample_bytree": -0.949361933515275, "log10_eta": -2.8356937441556, "log10_lambda": -0.08513259054667799, "log10_min_child_weight": 1.4260361513480029, "log10_subsample": -0.9770971833525323, "max_depth": 4.0, "num_boost_round": 11.0}, "datetime": {"datetime": "2024-01-19 01:02:16", "elapsed": 3034.171202, "delta": 0.003263}}
{"target": -17.723304786272287, "params": {"gamma": 630.7668941801251, "log10_alpha": -3.164938895021856, "log10_colsample_bytree": -0.8197415572814694, "log10_eta": -0.042343972743373204, "log10_lambda": 0.6983161718523316, "log10_min_child_weight": 3.755512970015123, "log10_subsample": -0.8009527262002636, "max_depth": 8.0, "num_boost_round": 0.0}, "datetime": {"datetime": "2024-01-19 01:03:02", "elapsed": 3080.08656, "delta": 45.915358}}
{"target": -17.76672840596592, "params": {"gamma": 630.7668941801251, "log10_alpha": -3.164938895021856, "log10_colsample_bytree": -0.8197415572814694, "log10_eta": -0.042343972743373204, "log10_lambda": 0.6983161718523316, "log10_min_child_weight": 3.755512970015123, "log10_subsample": -0.8009527262002636, "max_depth": 8.0, "num_boost_round": 1.0}, "datetime": {"datetime": "2024-01-19 01:03:02", "elapsed": 3080.090581, "delta": 0.004021}}
{"target": -17.776595495790872, "params": {"gamma": 630.7668941801251, "log10_alpha": -3.164938895021856, "log10_colsample_bytree": -0.8197415572814694, "log10_eta": -0.042343972743373204, "log10_lambda": 0.6983161718523316, "log10_min_child_weight": 3.755512970015123, "log10_subsample": -0.8009527262002636, "max_depth": 8.0, "num_boost_round": 2.0}, "datetime": {"datetime": "2024-01-19 01:03:02", "elapsed": 3080.093851, "delta": 0.00327}}
{"target": -17.792199915618525, "params": {"gamma": 630.7668941801251, "log10_alpha": -3.164938895021856, "log10_colsample_bytree": -0.8197415572814694, "log10_eta": -0.042343972743373204, "log10_lambda": 0.6983161718523316, "log10_min_child_weight": 3.755512970015123, "log10_subsample": -0.8009527262002636, "max_depth": 8.0, "num_boost_round": 3.0}, "datetime": {"datetime": "2024-01-19 01:03:02", "elapsed": 3080.097032, "delta": 0.003181}}
{"target": -17.805972875674954, "params": {"gamma": 630.7668941801251, "log10_alpha": -3.164938895021856, "log10_colsample_bytree": -0.8197415572814694, "log10_eta": -0.042343972743373204, "log10_lambda": 0.6983161718523316, "log10_min_child_weight": 3.755512970015123, "log10_subsample": -0.8009527262002636, "max_depth": 8.0, "num_boost_round": 4.0}, "datetime": {"datetime": "2024-01-19 01:03:02", "elapsed": 3080.100211, "delta": 0.003179}}
{"target": -17.829981592427004, "params": {"gamma": 630.7668941801251, "log10_alpha": -3.164938895021856, "log10_colsample_bytree": -0.8197415572814694, "log10_eta": -0.042343972743373204, "log10_lambda": 0.6983161718523316, "log10_min_child_weight": 3.755512970015123, "log10_subsample": -0.8009527262002636, "max_depth": 8.0, "num_boost_round": 5.0}, "datetime": {"datetime": "2024-01-19 01:03:02", "elapsed": 3080.10337, "delta": 0.003159}}
{"target": -17.847825283595718, "params": {"gamma": 630.7668941801251, "log10_alpha": -3.164938895021856, "log10_colsample_bytree": -0.8197415572814694, "log10_eta": -0.042343972743373204, "log10_lambda": 0.6983161718523316, "log10_min_child_weight": 3.755512970015123, "log10_subsample": -0.8009527262002636, "max_depth": 8.0, "num_boost_round": 6.0}, "datetime": {"datetime": "2024-01-19 01:03:02", "elapsed": 3080.106514, "delta": 0.003144}}
{"target": -17.855981213796202, "params": {"gamma": 630.7668941801251, "log10_alpha": -3.164938895021856, "log10_colsample_bytree": -0.8197415572814694, "log10_eta": -0.042343972743373204, "log10_lambda": 0.6983161718523316, "log10_min_child_weight": 3.755512970015123, "log10_subsample": -0.8009527262002636, "max_depth": 8.0, "num_boost_round": 7.0}, "datetime": {"datetime": "2024-01-19 01:03:02", "elapsed": 3080.109652, "delta": 0.003138}}
{"target": -17.877231680669155, "params": {"gamma": 630.7668941801251, "log10_alpha": -3.164938895021856, "log10_colsample_bytree": -0.8197415572814694, "log10_eta": -0.042343972743373204, "log10_lambda": 0.6983161718523316, "log10_min_child_weight": 3.755512970015123, "log10_subsample": -0.8009527262002636, "max_depth": 8.0, "num_boost_round": 8.0}, "datetime": {"datetime": "2024-01-19 01:03:02", "elapsed": 3080.112926, "delta": 0.003274}}
{"target": -17.893282040827486, "params": {"gamma": 630.7668941801251, "log10_alpha": -3.164938895021856, "log10_colsample_bytree": -0.8197415572814694, "log10_eta": -0.042343972743373204, "log10_lambda": 0.6983161718523316, "log10_min_child_weight": 3.755512970015123, "log10_subsample": -0.8009527262002636, "max_depth": 8.0, "num_boost_round": 9.0}, "datetime": {"datetime": "2024-01-19 01:03:02", "elapsed": 3080.116077, "delta": 0.003151}}
{"target": -17.915336661880687, "params": {"gamma": 630.7668941801251, "log10_alpha": -3.164938895021856, "log10_colsample_bytree": -0.8197415572814694, "log10_eta": -0.042343972743373204, "log10_lambda": 0.6983161718523316, "log10_min_child_weight": 3.755512970015123, "log10_subsample": -0.8009527262002636, "max_depth": 8.0, "num_boost_round": 10.0}, "datetime": {"datetime": "2024-01-19 01:03:02", "elapsed": 3080.119225, "delta": 0.003148}}
{"target": -17.67722482987616, "params": {"gamma": 625.5471877440438, "log10_alpha": -3.0173351434240208, "log10_colsample_bytree": -0.3693557662914131, "log10_eta": -2.248730870445604, "log10_lambda": -4.78224105204876, "log10_min_child_weight": 0.41712154090456033, "log10_subsample": -0.06937628916039096, "max_depth": 6.0, "num_boost_round": 0.0}, "datetime": {"datetime": "2024-01-19 01:03:38", "elapsed": 3115.454676, "delta": 35.335451}}
{"target": -17.676762735801127, "params": {"gamma": 625.5471877440438, "log10_alpha": -3.0173351434240208, "log10_colsample_bytree": -0.3693557662914131, "log10_eta": -2.248730870445604, "log10_lambda": -4.78224105204876, "log10_min_child_weight": 0.41712154090456033, "log10_subsample": -0.06937628916039096, "max_depth": 6.0, "num_boost_round": 1.0}, "datetime": {"datetime": "2024-01-19 01:03:38", "elapsed": 3115.458367, "delta": 0.003691}}
{"target": -17.67658028832681, "params": {"gamma": 625.5471877440438, "log10_alpha": -3.0173351434240208, "log10_colsample_bytree": -0.3693557662914131, "log10_eta": -2.248730870445604, "log10_lambda": -4.78224105204876, "log10_min_child_weight": 0.41712154090456033, "log10_subsample": -0.06937628916039096, "max_depth": 6.0, "num_boost_round": 2.0}, "datetime": {"datetime": "2024-01-19 01:03:38", "elapsed": 3115.461619, "delta": 0.003252}}
{"target": -17.676466652663365, "params": {"gamma": 625.5471877440438, "log10_alpha": -3.0173351434240208, "log10_colsample_bytree": -0.3693557662914131, "log10_eta": -2.248730870445604, "log10_lambda": -4.78224105204876, "log10_min_child_weight": 0.41712154090456033, "log10_subsample": -0.06937628916039096, "max_depth": 6.0, "num_boost_round": 3.0}, "datetime": {"datetime": "2024-01-19 01:03:38", "elapsed": 3115.464764, "delta": 0.003145}}
{"target": -17.67594766909202, "params": {"gamma": 625.5471877440438, "log10_alpha": -3.0173351434240208, "log10_colsample_bytree": -0.3693557662914131, "log10_eta": -2.248730870445604, "log10_lambda": -4.78224105204876, "log10_min_child_weight": 0.41712154090456033, "log10_subsample": -0.06937628916039096, "max_depth": 6.0, "num_boost_round": 4.0}, "datetime": {"datetime": "2024-01-19 01:03:38", "elapsed": 3115.467931, "delta": 0.003167}}
{"target": -17.67582514339985, "params": {"gamma": 625.5471877440438, "log10_alpha": -3.0173351434240208, "log10_colsample_bytree": -0.3693557662914131, "log10_eta": -2.248730870445604, "log10_lambda": -4.78224105204876, "log10_min_child_weight": 0.41712154090456033, "log10_subsample": -0.06937628916039096, "max_depth": 6.0, "num_boost_round": 5.0}, "datetime": {"datetime": "2024-01-19 01:03:38", "elapsed": 3115.471152, "delta": 0.003221}}
{"target": -17.67541061249378, "params": {"gamma": 625.5471877440438, "log10_alpha": -3.0173351434240208, "log10_colsample_bytree": -0.3693557662914131, "log10_eta": -2.248730870445604, "log10_lambda": -4.78224105204876, "log10_min_child_weight": 0.41712154090456033, "log10_subsample": -0.06937628916039096, "max_depth": 6.0, "num_boost_round": 6.0}, "datetime": {"datetime": "2024-01-19 01:03:38", "elapsed": 3115.474389, "delta": 0.003237}}
{"target": -17.675123274283976, "params": {"gamma": 625.5471877440438, "log10_alpha": -3.0173351434240208, "log10_colsample_bytree": -0.3693557662914131, "log10_eta": -2.248730870445604, "log10_lambda": -4.78224105204876, "log10_min_child_weight": 0.41712154090456033, "log10_subsample": -0.06937628916039096, "max_depth": 6.0, "num_boost_round": 7.0}, "datetime": {"datetime": "2024-01-19 01:03:38", "elapsed": 3115.47757, "delta": 0.003181}}
{"target": -17.67512056526056, "params": {"gamma": 625.5471877440438, "log10_alpha": -3.0173351434240208, "log10_colsample_bytree": -0.3693557662914131, "log10_eta": -2.248730870445604, "log10_lambda": -4.78224105204876, "log10_min_child_weight": 0.41712154090456033, "log10_subsample": -0.06937628916039096, "max_depth": 6.0, "num_boost_round": 8.0}, "datetime": {"datetime": "2024-01-19 01:03:38", "elapsed": 3115.480883, "delta": 0.003313}}
{"target": -17.674984450996, "params": {"gamma": 625.5471877440438, "log10_alpha": -3.0173351434240208, "log10_colsample_bytree": -0.3693557662914131, "log10_eta": -2.248730870445604, "log10_lambda": -4.78224105204876, "log10_min_child_weight": 0.41712154090456033, "log10_subsample": -0.06937628916039096, "max_depth": 6.0, "num_boost_round": 9.0}, "datetime": {"datetime": "2024-01-19 01:03:38", "elapsed": 3115.484051, "delta": 0.003168}}
{"target": -17.674843448490606, "params": {"gamma": 625.5471877440438, "log10_alpha": -3.0173351434240208, "log10_colsample_bytree": -0.3693557662914131, "log10_eta": -2.248730870445604, "log10_lambda": -4.78224105204876, "log10_min_child_weight": 0.41712154090456033, "log10_subsample": -0.06937628916039096, "max_depth": 6.0, "num_boost_round": 10.0}, "datetime": {"datetime": "2024-01-19 01:03:38", "elapsed": 3115.487197, "delta": 0.003146}}
{"target": -17.674531363428788, "params": {"gamma": 625.5471877440438, "log10_alpha": -3.0173351434240208, "log10_colsample_bytree": -0.3693557662914131, "log10_eta": -2.248730870445604, "log10_lambda": -4.78224105204876, "log10_min_child_weight": 0.41712154090456033, "log10_subsample": -0.06937628916039096, "max_depth": 6.0, "num_boost_round": 11.0}, "datetime": {"datetime": "2024-01-19 01:03:38", "elapsed": 3115.490413, "delta": 0.003216}}
{"target": -17.674592151918045, "params": {"gamma": 625.5471877440438, "log10_alpha": -3.0173351434240208, "log10_colsample_bytree": -0.3693557662914131, "log10_eta": -2.248730870445604, "log10_lambda": -4.78224105204876, "log10_min_child_weight": 0.41712154090456033, "log10_subsample": -0.06937628916039096, "max_depth": 6.0, "num_boost_round": 12.0}, "datetime": {"datetime": "2024-01-19 01:03:38", "elapsed": 3115.493634, "delta": 0.003221}}
{"target": -17.674428076272758, "params": {"gamma": 625.5471877440438, "log10_alpha": -3.0173351434240208, "log10_colsample_bytree": -0.3693557662914131, "log10_eta": -2.248730870445604, "log10_lambda": -4.78224105204876, "log10_min_child_weight": 0.41712154090456033, "log10_subsample": -0.06937628916039096, "max_depth": 6.0, "num_boost_round": 13.0}, "datetime": {"datetime": "2024-01-19 01:03:38", "elapsed": 3115.49686, "delta": 0.003226}}
{"target": -17.67444773230765, "params": {"gamma": 625.5471877440438, "log10_alpha": -3.0173351434240208, "log10_colsample_bytree": -0.3693557662914131, "log10_eta": -2.248730870445604, "log10_lambda": -4.78224105204876, "log10_min_child_weight": 0.41712154090456033, "log10_subsample": -0.06937628916039096, "max_depth": 6.0, "num_boost_round": 14.0}, "datetime": {"datetime": "2024-01-19 01:03:38", "elapsed": 3115.500062, "delta": 0.003202}}
{"target": -17.67425735202801, "params": {"gamma": 625.5471877440438, "log10_alpha": -3.0173351434240208, "log10_colsample_bytree": -0.3693557662914131, "log10_eta": -2.248730870445604, "log10_lambda": -4.78224105204876, "log10_min_child_weight": 0.41712154090456033, "log10_subsample": -0.06937628916039096, "max_depth": 6.0, "num_boost_round": 15.0}, "datetime": {"datetime": "2024-01-19 01:03:38", "elapsed": 3115.503286, "delta": 0.003224}}
{"target": -17.67509503390669, "params": {"gamma": 628.7427008710553, "log10_alpha": 0.8807518840441588, "log10_colsample_bytree": -0.2734984428334024, "log10_eta": -0.6022932758374706, "log10_lambda": -4.67331739373714, "log10_min_child_weight": 1.2106253689013697, "log10_subsample": -0.15253791692137164, "max_depth": 2.0, "num_boost_round": 0.0}, "datetime": {"datetime": "2024-01-19 01:04:10", "elapsed": 3147.477729, "delta": 31.974443}}
{"target": -17.677932574255426, "params": {"gamma": 628.7427008710553, "log10_alpha": 0.8807518840441588, "log10_colsample_bytree": -0.2734984428334024, "log10_eta": -0.6022932758374706, "log10_lambda": -4.67331739373714, "log10_min_child_weight": 1.2106253689013697, "log10_subsample": -0.15253791692137164, "max_depth": 2.0, "num_boost_round": 1.0}, "datetime": {"datetime": "2024-01-19 01:04:10", "elapsed": 3147.481586, "delta": 0.003857}}
{"target": -17.67457733283399, "params": {"gamma": 628.7427008710553, "log10_alpha": 0.8807518840441588, "log10_colsample_bytree": -0.2734984428334024, "log10_eta": -0.6022932758374706, "log10_lambda": -4.67331739373714, "log10_min_child_weight": 1.2106253689013697, "log10_subsample": -0.15253791692137164, "max_depth": 2.0, "num_boost_round": 2.0}, "datetime": {"datetime": "2024-01-19 01:04:10", "elapsed": 3147.484856, "delta": 0.00327}}
{"target": -17.675095415458635, "params": {"gamma": 628.7427008710553, "log10_alpha": 0.8807518840441588, "log10_colsample_bytree": -0.2734984428334024, "log10_eta": -0.6022932758374706, "log10_lambda": -4.67331739373714, "log10_min_child_weight": 1.2106253689013697, "log10_subsample": -0.15253791692137164, "max_depth": 2.0, "num_boost_round": 3.0}, "datetime": {"datetime": "2024-01-19 01:04:10", "elapsed": 3147.487994, "delta": 0.003138}}
{"target": -17.675250143951054, "params": {"gamma": 628.7427008710553, "log10_alpha": 0.8807518840441588, "log10_colsample_bytree": -0.2734984428334024, "log10_eta": -0.6022932758374706, "log10_lambda": -4.67331739373714, "log10_min_child_weight": 1.2106253689013697, "log10_subsample": -0.15253791692137164, "max_depth": 2.0, "num_boost_round": 4.0}, "datetime": {"datetime": "2024-01-19 01:04:10", "elapsed": 3147.49126, "delta": 0.003266}}
{"target": -17.679485919622056, "params": {"gamma": 628.7427008710553, "log10_alpha": 0.8807518840441588, "log10_colsample_bytree": -0.2734984428334024, "log10_eta": -0.6022932758374706, "log10_lambda": -4.67331739373714, "log10_min_child_weight": 1.2106253689013697, "log10_subsample": -0.15253791692137164, "max_depth": 2.0, "num_boost_round": 5.0}, "datetime": {"datetime": "2024-01-19 01:04:10", "elapsed": 3147.494406, "delta": 0.003146}}
{"target": -17.680759467335783, "params": {"gamma": 628.7427008710553, "log10_alpha": 0.8807518840441588, "log10_colsample_bytree": -0.2734984428334024, "log10_eta": -0.6022932758374706, "log10_lambda": -4.67331739373714, "log10_min_child_weight": 1.2106253689013697, "log10_subsample": -0.15253791692137164, "max_depth": 2.0, "num_boost_round": 6.0}, "datetime": {"datetime": "2024-01-19 01:04:10", "elapsed": 3147.497585, "delta": 0.003179}}
{"target": -17.68258148572925, "params": {"gamma": 628.7427008710553, "log10_alpha": 0.8807518840441588, "log10_colsample_bytree": -0.2734984428334024, "log10_eta": -0.6022932758374706, "log10_lambda": -4.67331739373714, "log10_min_child_weight": 1.2106253689013697, "log10_subsample": -0.15253791692137164, "max_depth": 2.0, "num_boost_round": 7.0}, "datetime": {"datetime": "2024-01-19 01:04:10", "elapsed": 3147.500884, "delta": 0.003299}}
{"target": -17.68706152950219, "params": {"gamma": 628.7427008710553, "log10_alpha": 0.8807518840441588, "log10_colsample_bytree": -0.2734984428334024, "log10_eta": -0.6022932758374706, "log10_lambda": -4.67331739373714, "log10_min_child_weight": 1.2106253689013697, "log10_subsample": -0.15253791692137164, "max_depth": 2.0, "num_boost_round": 8.0}, "datetime": {"datetime": "2024-01-19 01:04:10", "elapsed": 3147.504068, "delta": 0.003184}}
{"target": -17.69122709618351, "params": {"gamma": 628.7427008710553, "log10_alpha": 0.8807518840441588, "log10_colsample_bytree": -0.2734984428334024, "log10_eta": -0.6022932758374706, "log10_lambda": -4.67331739373714, "log10_min_child_weight": 1.2106253689013697, "log10_subsample": -0.15253791692137164, "max_depth": 2.0, "num_boost_round": 9.0}, "datetime": {"datetime": "2024-01-19 01:04:10", "elapsed": 3147.507235, "delta": 0.003167}}
{"target": -17.6990227845402, "params": {"gamma": 628.7427008710553, "log10_alpha": 0.8807518840441588, "log10_colsample_bytree": -0.2734984428334024, "log10_eta": -0.6022932758374706, "log10_lambda": -4.67331739373714, "log10_min_child_weight": 1.2106253689013697, "log10_subsample": -0.15253791692137164, "max_depth": 2.0, "num_boost_round": 10.0}, "datetime": {"datetime": "2024-01-19 01:04:10", "elapsed": 3147.510534, "delta": 0.003299}}
{"target": -17.693231215433297, "params": {"gamma": 628.7427008710553, "log10_alpha": 0.8807518840441588, "log10_colsample_bytree": -0.2734984428334024, "log10_eta": -0.6022932758374706, "log10_lambda": -4.67331739373714, "log10_min_child_weight": 1.2106253689013697, "log10_subsample": -0.15253791692137164, "max_depth": 2.0, "num_boost_round": 11.0}, "datetime": {"datetime": "2024-01-19 01:04:10", "elapsed": 3147.513751, "delta": 0.003217}}
{"target": -17.69389598657558, "params": {"gamma": 628.7427008710553, "log10_alpha": 0.8807518840441588, "log10_colsample_bytree": -0.2734984428334024, "log10_eta": -0.6022932758374706, "log10_lambda": -4.67331739373714, "log10_min_child_weight": 1.2106253689013697, "log10_subsample": -0.15253791692137164, "max_depth": 2.0, "num_boost_round": 12.0}, "datetime": {"datetime": "2024-01-19 01:04:10", "elapsed": 3147.516953, "delta": 0.003202}}
