{"target": -17.676875541299275, "params": {"gamma": 972.3472554946766, "log10_alpha": 0.31592356569781366, "log10_colsample_bytree": -0.3701409998911961, "log10_eta": -3.279895707478491, "log10_lambda": 0.6807210584980457, "log10_min_child_weight": 0.9802002719586311, "log10_subsample": -0.1955669827912777, "max_depth": 7.0, "num_boost_round": 19.0}, "datetime": {"datetime": "2024-01-19 01:08:14", "elapsed": 3388.22151, "delta": 0.003703}}
{"target": -17.67682069681064, "params": {"gamma": 972.3472554946766, "log10_alpha": 0.31592356569781366, "log10_colsample_bytree": -0.3701409998911961, "log10_eta": -3.279895707478491, "log10_lambda": 0.6807210584980457, "log10_min_child_weight": 0.9802002719586311, "log10_subsample": -0.1955669827912777, "max_depth": 7.0, "num_boost_round": 20.0}, "datetime": {"datetime": "2024-01-19 01:08:14", "elapsed": 3388.225171, "delta": 0.003661}}
{"target": -17.676784149677378, "params": {"gamma": 972.3472554946766, "log10_alpha": 0.31592356569781366, "log10_colsample_bytree": -0.3701409998911961, "log10_eta": -3.279895707478491, "log10_lambda": 0.6807210584980457, "log10_min_child_weight": 0.9802002719586311, "log10_subsample": -0.1955669827912777, "max_depth": 7.0, "num_boost_round": 21.0}, "datetime": {"datetime": "2024-01-19 01:08:14", "elapsed": 3388.228905, "delta": 0.003734}}
{"target": -17.67673412674706, "params": {"gamma": 972.3472554946766, "log10_alpha": 0.31592356569781366, "log10_colsample_bytree": -0.3701409998911961, "log10_eta": -3.279895707478491, "log10_lambda": 0.6807210584980457, "log10_min_child_weight": 0.9802002719586311, "log10_subsample": -0.1955669827912777, "max_depth": 7.0, "num_boost_round": 22.0}, "datetime": {"datetime": "2024-01-19 01:08:14", "elapsed": 3388.232572, "delta": 0.003667}}
{"target": -17.676711346718434, "params": {"gamma": 972.3472554946766, "log10_alpha": 0.31592356569781366, "log10_colsample_bytree": -0.3701409998911961, "log10_eta": -3.279895707478491, "log10_lambda": 0.6807210584980457, "log10_min_child_weight": 0.9802002719586311, "log10_subsample": -0.1955669827912777, "max_depth": 7.0, "num_boost_round": 23.0}, "datetime": {"datetime": "2024-01-19 01:08:14", "elapsed": 3388.236216, "delta": 0.003644}}
{"target": -17.676713944731294, "params": {"gamma": 972.3472554946766, "log10_alpha": 0.31592356569781366, "log10_colsample_bytree": -0.3701409998911961, "log10_eta": -3.279895707478491, "log10_lambda": 0.6807210584980457, "log10_min_child_weight": 0.9802002719586311, "log10_subsample": -0.1955669827912777, "max_depth": 7.0, "num_boost_round": 24.0}, "datetime": {"datetime": "2024-01-19 01:08:14", "elapsed": 3388.239886, "delta": 0.00367}}
{"target": -17.676675088121403, "params": {"gamma": 972.3472554946766, "log10_alpha": 0.31592356569781366, "log10_colsample_bytree": -0.3701409998911961, "log10_eta": -3.279895707478491, "log10_lambda": 0.6807210584980457, "log10_min_child_weight": 0.9802002719586311, "log10_subsample": -0.1955669827912777, "max_depth": 7.0, "num_boost_round": 25.0}, "datetime": {"datetime": "2024-01-19 01:08:14", "elapsed": 3388.243567, "delta": 0.003681}}
{"target": -17.6766707537939, "params": {"gamma": 972.3472554946766, "log10_alpha": 0.31592356569781366, "log10_colsample_bytree": -0.3701409998911961, "log10_eta": -3.279895707478491, "log10_lambda": 0.6807210584980457, "log10_min_child_weight": 0.9802002719586311, "log10_subsample": -0.1955669827912777, "max_depth": 7.0, "num_boost_round": 26.0}, "datetime": {"datetime": "2024-01-19 01:08:14", "elapsed": 3388.247322, "delta": 0.003755}}
{"target": -17.676667527785263, "params": {"gamma": 972.3472554946766, "log10_alpha": 0.31592356569781366, "log10_colsample_bytree": -0.3701409998911961, "log10_eta": -3.279895707478491, "log10_lambda": 0.6807210584980457, "log10_min_child_weight": 0.9802002719586311, "log10_subsample": -0.1955669827912777, "max_depth": 7.0, "num_boost_round": 27.0}, "datetime": {"datetime": "2024-01-19 01:08:14", "elapsed": 3388.250985, "delta": 0.003663}}
{"target": -17.676644758281967, "params": {"gamma": 972.3472554946766, "log10_alpha": 0.31592356569781366, "log10_colsample_bytree": -0.3701409998911961, "log10_eta": -3.279895707478491, "log10_lambda": 0.6807210584980457, "log10_min_child_weight": 0.9802002719586311, "log10_subsample": -0.1955669827912777, "max_depth": 7.0, "num_boost_round": 28.0}, "datetime": {"datetime": "2024-01-19 01:08:14", "elapsed": 3388.254699, "delta": 0.003714}}
{"target": -17.676583758165833, "params": {"gamma": 972.3472554946766, "log10_alpha": 0.31592356569781366, "log10_colsample_bytree": -0.3701409998911961, "log10_eta": -3.279895707478491, "log10_lambda": 0.6807210584980457, "log10_min_child_weight": 0.9802002719586311, "log10_subsample": -0.1955669827912777, "max_depth": 7.0, "num_boost_round": 29.0}, "datetime": {"datetime": "2024-01-19 01:08:14", "elapsed": 3388.258359, "delta": 0.00366}}
{"target": -17.677219399199416, "params": {"gamma": 958.5372375635134, "log10_alpha": -3.655041182868864, "log10_colsample_bytree": 0.0, "log10_eta": -3.7223415364164003, "log10_lambda": -2.1099921207670906, "log10_min_child_weight": 2.0335388268003554, "log10_subsample": -1.0, "max_depth": 7.0, "num_boost_round": 0.0}, "datetime": {"datetime": "2024-01-19 01:09:05", "elapsed": 3438.918606, "delta": 50.660247}}
{"target": -17.677214957158263, "params": {"gamma": 958.5372375635134, "log10_alpha": -3.655041182868864, "log10_colsample_bytree": 0.0, "log10_eta": -3.7223415364164003, "log10_lambda": -2.1099921207670906, "log10_min_child_weight": 2.0335388268003554, "log10_subsample": -1.0, "max_depth": 7.0, "num_boost_round": 1.0}, "datetime": {"datetime": "2024-01-19 01:09:05", "elapsed": 3438.923555, "delta": 0.004949}}
{"target": -17.677199326872213, "params": {"gamma": 958.5372375635134, "log10_alpha": -3.655041182868864, "log10_colsample_bytree": 0.0, "log10_eta": -3.7223415364164003, "log10_lambda": -2.1099921207670906, "log10_min_child_weight": 2.0335388268003554, "log10_subsample": -1.0, "max_depth": 7.0, "num_boost_round": 2.0}, "datetime": {"datetime": "2024-01-19 01:09:05", "elapsed": 3438.927684, "delta": 0.004129}}
{"target": -17.677190579761625, "params": {"gamma": 958.5372375635134, "log10_alpha": -3.655041182868864, "log10_colsample_bytree": 0.0, "log10_eta": -3.7223415364164003, "log10_lambda": -2.1099921207670906, "log10_min_child_weight": 2.0335388268003554, "log10_subsample": -1.0, "max_depth": 7.0, "num_boost_round": 3.0}, "datetime": {"datetime": "2024-01-19 01:09:05", "elapsed": 3438.931436, "delta": 0.003752}}
{"target": -17.677191263005902, "params": {"gamma": 958.5372375635134, "log10_alpha": -3.655041182868864, "log10_colsample_bytree": 0.0, "log10_eta": -3.7223415364164003, "log10_lambda": -2.1099921207670906, "log10_min_child_weight": 2.0335388268003554, "log10_subsample": -1.0, "max_depth": 7.0, "num_boost_round": 4.0}, "datetime": {"datetime": "2024-01-19 01:09:05", "elapsed": 3438.935051, "delta": 0.003615}}
{"target": -17.677192421877702, "params": {"gamma": 958.5372375635134, "log10_alpha": -3.655041182868864, "log10_colsample_bytree": 0.0, "log10_eta": -3.7223415364164003, "log10_lambda": -2.1099921207670906, "log10_min_child_weight": 2.0335388268003554, "log10_subsample": -1.0, "max_depth": 7.0, "num_boost_round": 5.0}, "datetime": {"datetime": "2024-01-19 01:09:05", "elapsed": 3438.938609, "delta": 0.003558}}
{"target": -17.677185049598933, "params": {"gamma": 958.5372375635134, "log10_alpha": -3.655041182868864, "log10_colsample_bytree": 0.0, "log10_eta": -3.7223415364164003, "log10_lambda": -2.1099921207670906, "log10_min_child_weight": 2.0335388268003554, "log10_subsample": -1.0, "max_depth": 7.0, "num_boost_round": 6.0}, "datetime": {"datetime": "2024-01-19 01:09:05", "elapsed": 3438.942187, "delta": 0.003578}}
{"target": -17.677178946587265, "params": {"gamma": 958.5372375635134, "log10_alpha": -3.655041182868864, "log10_colsample_bytree": 0.0, "log10_eta": -3.7223415364164003, "log10_lambda": -2.1099921207670906, "log10_min_child_weight": 2.0335388268003554, "log10_subsample": -1.0, "max_depth": 7.0, "num_boost_round": 7.0}, "datetime": {"datetime": "2024-01-19 01:09:05", "elapsed": 3438.945959, "delta": 0.003772}}
{"target": -17.677178436745578, "params": {"gamma": 958.5372375635134, "log10_alpha": -3.655041182868864, "log10_colsample_bytree": 0.0, "log10_eta": -3.7223415364164003, "log10_lambda": -2.1099921207670906, "log10_min_child_weight": 2.0335388268003554, "log10_subsample": -1.0, "max_depth": 7.0, "num_boost_round": 8.0}, "datetime": {"datetime": "2024-01-19 01:09:05", "elapsed": 3438.949535, "delta": 0.003576}}
{"target": -17.677170182567696, "params": {"gamma": 958.5372375635134, "log10_alpha": -3.655041182868864, "log10_colsample_bytree": 0.0, "log10_eta": -3.7223415364164003, "log10_lambda": -2.1099921207670906, "log10_min_child_weight": 2.0335388268003554, "log10_subsample": -1.0, "max_depth": 7.0, "num_boost_round": 9.0}, "datetime": {"datetime": "2024-01-19 01:09:05", "elapsed": 3438.95323, "delta": 0.003695}}
{"target": -17.67716140429953, "params": {"gamma": 958.5372375635134, "log10_alpha": -3.655041182868864, "log10_colsample_bytree": 0.0, "log10_eta": -3.7223415364164003, "log10_lambda": -2.1099921207670906, "log10_min_child_weight": 2.0335388268003554, "log10_subsample": -1.0, "max_depth": 7.0, "num_boost_round": 10.0}, "datetime": {"datetime": "2024-01-19 01:09:05", "elapsed": 3438.956827, "delta": 0.003597}}
{"target": -17.677165560944456, "params": {"gamma": 958.5372375635134, "log10_alpha": -3.655041182868864, "log10_colsample_bytree": 0.0, "log10_eta": -3.7223415364164003, "log10_lambda": -2.1099921207670906, "log10_min_child_weight": 2.0335388268003554, "log10_subsample": -1.0, "max_depth": 7.0, "num_boost_round": 11.0}, "datetime": {"datetime": "2024-01-19 01:09:05", "elapsed": 3438.960424, "delta": 0.003597}}
{"target": -17.677146702583997, "params": {"gamma": 958.5372375635134, "log10_alpha": -3.655041182868864, "log10_colsample_bytree": 0.0, "log10_eta": -3.7223415364164003, "log10_lambda": -2.1099921207670906, "log10_min_child_weight": 2.0335388268003554, "log10_subsample": -1.0, "max_depth": 7.0, "num_boost_round": 12.0}, "datetime": {"datetime": "2024-01-19 01:09:05", "elapsed": 3438.964071, "delta": 0.003647}}
{"target": -17.67713728221576, "params": {"gamma": 958.5372375635134, "log10_alpha": -3.655041182868864, "log10_colsample_bytree": 0.0, "log10_eta": -3.7223415364164003, "log10_lambda": -2.1099921207670906, "log10_min_child_weight": 2.0335388268003554, "log10_subsample": -1.0, "max_depth": 7.0, "num_boost_round": 13.0}, "datetime": {"datetime": "2024-01-19 01:09:05", "elapsed": 3438.967714, "delta": 0.003643}}
{"target": -17.677129247835335, "params": {"gamma": 958.5372375635134, "log10_alpha": -3.655041182868864, "log10_colsample_bytree": 0.0, "log10_eta": -3.7223415364164003, "log10_lambda": -2.1099921207670906, "log10_min_child_weight": 2.0335388268003554, "log10_subsample": -1.0, "max_depth": 7.0, "num_boost_round": 14.0}, "datetime": {"datetime": "2024-01-19 01:09:05", "elapsed": 3438.971496, "delta": 0.003782}}
{"target": -17.677119114655483, "params": {"gamma": 958.5372375635134, "log10_alpha": -3.655041182868864, "log10_colsample_bytree": 0.0, "log10_eta": -3.7223415364164003, "log10_lambda": -2.1099921207670906, "log10_min_child_weight": 2.0335388268003554, "log10_subsample": -1.0, "max_depth": 7.0, "num_boost_round": 15.0}, "datetime": {"datetime": "2024-01-19 01:09:05", "elapsed": 3438.975121, "delta": 0.003625}}
{"target": -17.6771223665006, "params": {"gamma": 958.5372375635134, "log10_alpha": -3.655041182868864, "log10_colsample_bytree": 0.0, "log10_eta": -3.7223415364164003, "log10_lambda": -2.1099921207670906, "log10_min_child_weight": 2.0335388268003554, "log10_subsample": -1.0, "max_depth": 7.0, "num_boost_round": 16.0}, "datetime": {"datetime": "2024-01-19 01:09:05", "elapsed": 3438.978743, "delta": 0.003622}}
{"target": -17.677112895487525, "params": {"gamma": 958.5372375635134, "log10_alpha": -3.655041182868864, "log10_colsample_bytree": 0.0, "log10_eta": -3.7223415364164003, "log10_lambda": -2.1099921207670906, "log10_min_child_weight": 2.0335388268003554, "log10_subsample": -1.0, "max_depth": 7.0, "num_boost_round": 17.0}, "datetime": {"datetime": "2024-01-19 01:09:05", "elapsed": 3438.982373, "delta": 0.00363}}
{"target": -17.677098498568515, "params": {"gamma": 958.5372375635134, "log10_alpha": -3.655041182868864, "log10_colsample_bytree": 0.0, "log10_eta": -3.7223415364164003, "log10_lambda": -2.1099921207670906, "log10_min_child_weight": 2.0335388268003554, "log10_subsample": -1.0, "max_depth": 7.0, "num_boost_round": 18.0}, "datetime": {"datetime": "2024-01-19 01:09:05", "elapsed": 3438.986013, "delta": 0.00364}}
{"target": -17.677095707238937, "params": {"gamma": 958.5372375635134, "log10_alpha": -3.655041182868864, "log10_colsample_bytree": 0.0, "log10_eta": -3.7223415364164003, "log10_lambda": -2.1099921207670906, "log10_min_child_weight": 2.0335388268003554, "log10_subsample": -1.0, "max_depth": 7.0, "num_boost_round": 19.0}, "datetime": {"datetime": "2024-01-19 01:09:05", "elapsed": 3438.989712, "delta": 0.003699}}
{"target": -17.677144276221437, "params": {"gamma": 977.1735399355481, "log10_alpha": -4.645888987818106, "log10_colsample_bytree": -0.3284573778780737, "log10_eta": -2.6828250223350714, "log10_lambda": -4.153640627392667, "log10_min_child_weight": 3.7994950622483223, "log10_subsample": -0.07331737383859238, "max_depth": 6.0, "num_boost_round": 0.0}, "datetime": {"datetime": "2024-01-19 01:09:53", "elapsed": 3487.190552, "delta": 48.20084}}
{"target": -17.67700317864625, "params": {"gamma": 977.1735399355481, "log10_alpha": -4.645888987818106, "log10_colsample_bytree": -0.3284573778780737, "log10_eta": -2.6828250223350714, "log10_lambda": -4.153640627392667, "log10_min_child_weight": 3.7994950622483223, "log10_subsample": -0.07331737383859238, "max_depth": 6.0, "num_boost_round": 1.0}, "datetime": {"datetime": "2024-01-19 01:09:53", "elapsed": 3487.194927, "delta": 0.004375}}
{"target": -17.676976535631553, "params": {"gamma": 977.1735399355481, "log10_alpha": -4.645888987818106, "log10_colsample_bytree": -0.3284573778780737, "log10_eta": -2.6828250223350714, "log10_lambda": -4.153640627392667, "log10_min_child_weight": 3.7994950622483223, "log10_subsample": -0.07331737383859238, "max_depth": 6.0, "num_boost_round": 2.0}, "datetime": {"datetime": "2024-01-19 01:09:53", "elapsed": 3487.19885, "delta": 0.003923}}
{"target": -17.67700555475764, "params": {"gamma": 977.1735399355481, "log10_alpha": -4.645888987818106, "log10_colsample_bytree": -0.3284573778780737, "log10_eta": -2.6828250223350714, "log10_lambda": -4.153640627392667, "log10_min_child_weight": 3.7994950622483223, "log10_subsample": -0.07331737383859238, "max_depth": 6.0, "num_boost_round": 3.0}, "datetime": {"datetime": "2024-01-19 01:09:53", "elapsed": 3487.202568, "delta": 0.003718}}
{"target": -17.676990167265064, "params": {"gamma": 977.1735399355481, "log10_alpha": -4.645888987818106, "log10_colsample_bytree": -0.3284573778780737, "log10_eta": -2.6828250223350714, "log10_lambda": -4.153640627392667, "log10_min_child_weight": 3.7994950622483223, "log10_subsample": -0.07331737383859238, "max_depth": 6.0, "num_boost_round": 4.0}, "datetime": {"datetime": "2024-01-19 01:09:53", "elapsed": 3487.206123, "delta": 0.003555}}
{"target": -17.67692704756908, "params": {"gamma": 977.1735399355481, "log10_alpha": -4.645888987818106, "log10_colsample_bytree": -0.3284573778780737, "log10_eta": -2.6828250223350714, "log10_lambda": -4.153640627392667, "log10_min_child_weight": 3.7994950622483223, "log10_subsample": -0.07331737383859238, "max_depth": 6.0, "num_boost_round": 5.0}, "datetime": {"datetime": "2024-01-19 01:09:53", "elapsed": 3487.209747, "delta": 0.003624}}
{"target": -17.67689476923502, "params": {"gamma": 977.1735399355481, "log10_alpha": -4.645888987818106, "log10_colsample_bytree": -0.3284573778780737, "log10_eta": -2.6828250223350714, "log10_lambda": -4.153640627392667, "log10_min_child_weight": 3.7994950622483223, "log10_subsample": -0.07331737383859238, "max_depth": 6.0, "num_boost_round": 6.0}, "datetime": {"datetime": "2024-01-19 01:09:53", "elapsed": 3487.213557, "delta": 0.00381}}
{"target": -17.676777437805775, "params": {"gamma": 977.1735399355481, "log10_alpha": -4.645888987818106, "log10_colsample_bytree": -0.3284573778780737, "log10_eta": -2.6828250223350714, "log10_lambda": -4.153640627392667, "log10_min_child_weight": 3.7994950622483223, "log10_subsample": -0.07331737383859238, "max_depth": 6.0, "num_boost_round": 7.0}, "datetime": {"datetime": "2024-01-19 01:09:53", "elapsed": 3487.217423, "delta": 0.003866}}
{"target": -17.676759786712555, "params": {"gamma": 977.1735399355481, "log10_alpha": -4.645888987818106, "log10_colsample_bytree": -0.3284573778780737, "log10_eta": -2.6828250223350714, "log10_lambda": -4.153640627392667, "log10_min_child_weight": 3.7994950622483223, "log10_subsample": -0.07331737383859238, "max_depth": 6.0, "num_boost_round": 8.0}, "datetime": {"datetime": "2024-01-19 01:09:53", "elapsed": 3487.221047, "delta": 0.003624}}
{"target": -17.676753895622333, "params": {"gamma": 977.1735399355481, "log10_alpha": -4.645888987818106, "log10_colsample_bytree": -0.3284573778780737, "log10_eta": -2.6828250223350714, "log10_lambda": -4.153640627392667, "log10_min_child_weight": 3.7994950622483223, "log10_subsample": -0.07331737383859238, "max_depth": 6.0, "num_boost_round": 9.0}, "datetime": {"datetime": "2024-01-19 01:09:53", "elapsed": 3487.224657, "delta": 0.00361}}
{"target": -17.676736606807502, "params": {"gamma": 977.1735399355481, "log10_alpha": -4.645888987818106, "log10_colsample_bytree": -0.3284573778780737, "log10_eta": -2.6828250223350714, "log10_lambda": -4.153640627392667, "log10_min_child_weight": 3.7994950622483223, "log10_subsample": -0.07331737383859238, "max_depth": 6.0, "num_boost_round": 10.0}, "datetime": {"datetime": "2024-01-19 01:09:53", "elapsed": 3487.228247, "delta": 0.00359}}
{"target": -17.676694518209235, "params": {"gamma": 977.1735399355481, "log10_alpha": -4.645888987818106, "log10_colsample_bytree": -0.3284573778780737, "log10_eta": -2.6828250223350714, "log10_lambda": -4.153640627392667, "log10_min_child_weight": 3.7994950622483223, "log10_subsample": -0.07331737383859238, "max_depth": 6.0, "num_boost_round": 11.0}, "datetime": {"datetime": "2024-01-19 01:09:53", "elapsed": 3487.231993, "delta": 0.003746}}
{"target": -17.676688658639037, "params": {"gamma": 977.1735399355481, "log10_alpha": -4.645888987818106, "log10_colsample_bytree": -0.3284573778780737, "log10_eta": -2.6828250223350714, "log10_lambda": -4.153640627392667, "log10_min_child_weight": 3.7994950622483223, "log10_subsample": -0.07331737383859238, "max_depth": 6.0, "num_boost_round": 12.0}, "datetime": {"datetime": "2024-01-19 01:09:53", "elapsed": 3487.235676, "delta": 0.003683}}
{"target": -17.676662939309033, "params": {"gamma": 977.1735399355481, "log10_alpha": -4.645888987818106, "log10_colsample_bytree": -0.3284573778780737, "log10_eta": -2.6828250223350714, "log10_lambda": -4.153640627392667, "log10_min_child_weight": 3.7994950622483223, "log10_subsample": -0.07331737383859238, "max_depth": 6.0, "num_boost_round": 13.0}, "datetime": {"datetime": "2024-01-19 01:09:53", "elapsed": 3487.239326, "delta": 0.00365}}
{"target": -17.67671324626854, "params": {"gamma": 977.1735399355481, "log10_alpha": -4.645888987818106, "log10_colsample_bytree": -0.3284573778780737, "log10_eta": -2.6828250223350714, "log10_lambda": -4.153640627392667, "log10_min_child_weight": 3.7994950622483223, "log10_subsample": -0.07331737383859238, "max_depth": 6.0, "num_boost_round": 14.0}, "datetime": {"datetime": "2024-01-19 01:09:53", "elapsed": 3487.242997, "delta": 0.003671}}
{"target": -17.67666735817378, "params": {"gamma": 977.1735399355481, "log10_alpha": -4.645888987818106, "log10_colsample_bytree": -0.3284573778780737, "log10_eta": -2.6828250223350714, "log10_lambda": -4.153640627392667, "log10_min_child_weight": 3.7994950622483223, "log10_subsample": -0.07331737383859238, "max_depth": 6.0, "num_boost_round": 15.0}, "datetime": {"datetime": "2024-01-19 01:09:53", "elapsed": 3487.246577, "delta": 0.00358}}
{"target": -17.676653266554137, "params": {"gamma": 977.1735399355481, "log10_alpha": -4.645888987818106, "log10_colsample_bytree": -0.3284573778780737, "log10_eta": -2.6828250223350714, "log10_lambda": -4.153640627392667, "log10_min_child_weight": 3.7994950622483223, "log10_subsample": -0.07331737383859238, "max_depth": 6.0, "num_boost_round": 16.0}, "datetime": {"datetime": "2024-01-19 01:09:53", "elapsed": 3487.250341, "delta": 0.003764}}
{"target": -17.676654759014003, "params": {"gamma": 977.1735399355481, "log10_alpha": -4.645888987818106, "log10_colsample_bytree": -0.3284573778780737, "log10_eta": -2.6828250223350714, "log10_lambda": -4.153640627392667, "log10_min_child_weight": 3.7994950622483223, "log10_subsample": -0.07331737383859238, "max_depth": 6.0, "num_boost_round": 17.0}, "datetime": {"datetime": "2024-01-19 01:09:53", "elapsed": 3487.254007, "delta": 0.003666}}
{"target": -17.67661392003044, "params": {"gamma": 977.1735399355481, "log10_alpha": -4.645888987818106, "log10_colsample_bytree": -0.3284573778780737, "log10_eta": -2.6828250223350714, "log10_lambda": -4.153640627392667, "log10_min_child_weight": 3.7994950622483223, "log10_subsample": -0.07331737383859238, "max_depth": 6.0, "num_boost_round": 18.0}, "datetime": {"datetime": "2024-01-19 01:09:53", "elapsed": 3487.257603, "delta": 0.003596}}
