{"target": -17.677131800074243, "params": {"gamma": 974.6789815861918, "log10_alpha": -3.1538501567989465, "log10_colsample_bytree": -0.9814775709500766, "log10_eta": -3.759936107009883, "log10_lambda": -0.12195957907361255, "log10_min_child_weight": 0.2046569581616997, "log10_subsample": -0.9183524803689314, "max_depth": 7.0, "num_boost_round": 16.0}, "datetime": {"datetime": "2024-01-19 01:37:16", "elapsed": 5130.398995, "delta": 0.005278}}
{"target": -17.67712091549299, "params": {"gamma": 974.6789815861918, "log10_alpha": -3.1538501567989465, "log10_colsample_bytree": -0.9814775709500766, "log10_eta": -3.759936107009883, "log10_lambda": -0.12195957907361255, "log10_min_child_weight": 0.2046569581616997, "log10_subsample": -0.9183524803689314, "max_depth": 7.0, "num_boost_round": 17.0}, "datetime": {"datetime": "2024-01-19 01:37:16", "elapsed": 5130.403974, "delta": 0.004979}}
{"target": -17.677119658413492, "params": {"gamma": 974.6789815861918, "log10_alpha": -3.1538501567989465, "log10_colsample_bytree": -0.9814775709500766, "log10_eta": -3.759936107009883, "log10_lambda": -0.12195957907361255, "log10_min_child_weight": 0.2046569581616997, "log10_subsample": -0.9183524803689314, "max_depth": 7.0, "num_boost_round": 18.0}, "datetime": {"datetime": "2024-01-19 01:37:16", "elapsed": 5130.408935, "delta": 0.004961}}
{"target": -17.677111802277864, "params": {"gamma": 974.6789815861918, "log10_alpha": -3.1538501567989465, "log10_colsample_bytree": -0.9814775709500766, "log10_eta": -3.759936107009883, "log10_lambda": -0.12195957907361255, "log10_min_child_weight": 0.2046569581616997, "log10_subsample": -0.9183524803689314, "max_depth": 7.0, "num_boost_round": 19.0}, "datetime": {"datetime": "2024-01-19 01:37:16", "elapsed": 5130.41392, "delta": 0.004985}}
{"target": -17.677109854909048, "params": {"gamma": 974.6789815861918, "log10_alpha": -3.1538501567989465, "log10_colsample_bytree": -0.9814775709500766, "log10_eta": -3.759936107009883, "log10_lambda": -0.12195957907361255, "log10_min_child_weight": 0.2046569581616997, "log10_subsample": -0.9183524803689314, "max_depth": 7.0, "num_boost_round": 20.0}, "datetime": {"datetime": "2024-01-19 01:37:16", "elapsed": 5130.418901, "delta": 0.004981}}
{"target": -17.677103790706095, "params": {"gamma": 974.6789815861918, "log10_alpha": -3.1538501567989465, "log10_colsample_bytree": -0.9814775709500766, "log10_eta": -3.759936107009883, "log10_lambda": -0.12195957907361255, "log10_min_child_weight": 0.2046569581616997, "log10_subsample": -0.9183524803689314, "max_depth": 7.0, "num_boost_round": 21.0}, "datetime": {"datetime": "2024-01-19 01:37:16", "elapsed": 5130.42409, "delta": 0.005189}}
{"target": -17.67710024870287, "params": {"gamma": 974.6789815861918, "log10_alpha": -3.1538501567989465, "log10_colsample_bytree": -0.9814775709500766, "log10_eta": -3.759936107009883, "log10_lambda": -0.12195957907361255, "log10_min_child_weight": 0.2046569581616997, "log10_subsample": -0.9183524803689314, "max_depth": 7.0, "num_boost_round": 22.0}, "datetime": {"datetime": "2024-01-19 01:37:16", "elapsed": 5130.429531, "delta": 0.005441}}
{"target": -17.677094288598756, "params": {"gamma": 974.6789815861918, "log10_alpha": -3.1538501567989465, "log10_colsample_bytree": -0.9814775709500766, "log10_eta": -3.759936107009883, "log10_lambda": -0.12195957907361255, "log10_min_child_weight": 0.2046569581616997, "log10_subsample": -0.9183524803689314, "max_depth": 7.0, "num_boost_round": 23.0}, "datetime": {"datetime": "2024-01-19 01:37:16", "elapsed": 5130.434574, "delta": 0.005043}}
{"target": -17.677092965924242, "params": {"gamma": 974.6789815861918, "log10_alpha": -3.1538501567989465, "log10_colsample_bytree": -0.9814775709500766, "log10_eta": -3.759936107009883, "log10_lambda": -0.12195957907361255, "log10_min_child_weight": 0.2046569581616997, "log10_subsample": -0.9183524803689314, "max_depth": 7.0, "num_boost_round": 24.0}, "datetime": {"datetime": "2024-01-19 01:37:16", "elapsed": 5130.439605, "delta": 0.005031}}
{"target": -17.677089465487622, "params": {"gamma": 974.6789815861918, "log10_alpha": -3.1538501567989465, "log10_colsample_bytree": -0.9814775709500766, "log10_eta": -3.759936107009883, "log10_lambda": -0.12195957907361255, "log10_min_child_weight": 0.2046569581616997, "log10_subsample": -0.9183524803689314, "max_depth": 7.0, "num_boost_round": 25.0}, "datetime": {"datetime": "2024-01-19 01:37:16", "elapsed": 5130.444633, "delta": 0.005028}}
{"target": -17.677087271667055, "params": {"gamma": 974.6789815861918, "log10_alpha": -3.1538501567989465, "log10_colsample_bytree": -0.9814775709500766, "log10_eta": -3.759936107009883, "log10_lambda": -0.12195957907361255, "log10_min_child_weight": 0.2046569581616997, "log10_subsample": -0.9183524803689314, "max_depth": 7.0, "num_boost_round": 26.0}, "datetime": {"datetime": "2024-01-19 01:37:16", "elapsed": 5130.449753, "delta": 0.00512}}
{"target": -17.677083692793122, "params": {"gamma": 974.6789815861918, "log10_alpha": -3.1538501567989465, "log10_colsample_bytree": -0.9814775709500766, "log10_eta": -3.759936107009883, "log10_lambda": -0.12195957907361255, "log10_min_child_weight": 0.2046569581616997, "log10_subsample": -0.9183524803689314, "max_depth": 7.0, "num_boost_round": 27.0}, "datetime": {"datetime": "2024-01-19 01:37:16", "elapsed": 5130.455096, "delta": 0.005343}}
{"target": -17.677077776141637, "params": {"gamma": 974.6789815861918, "log10_alpha": -3.1538501567989465, "log10_colsample_bytree": -0.9814775709500766, "log10_eta": -3.759936107009883, "log10_lambda": -0.12195957907361255, "log10_min_child_weight": 0.2046569581616997, "log10_subsample": -0.9183524803689314, "max_depth": 7.0, "num_boost_round": 28.0}, "datetime": {"datetime": "2024-01-19 01:37:16", "elapsed": 5130.46181, "delta": 0.006714}}
{"target": -17.677084045922644, "params": {"gamma": 974.6789815861918, "log10_alpha": -3.1538501567989465, "log10_colsample_bytree": -0.9814775709500766, "log10_eta": -3.759936107009883, "log10_lambda": -0.12195957907361255, "log10_min_child_weight": 0.2046569581616997, "log10_subsample": -0.9183524803689314, "max_depth": 7.0, "num_boost_round": 29.0}, "datetime": {"datetime": "2024-01-19 01:37:16", "elapsed": 5130.467125, "delta": 0.005315}}
{"target": -17.677076607461593, "params": {"gamma": 974.6789815861918, "log10_alpha": -3.1538501567989465, "log10_colsample_bytree": -0.9814775709500766, "log10_eta": -3.759936107009883, "log10_lambda": -0.12195957907361255, "log10_min_child_weight": 0.2046569581616997, "log10_subsample": -0.9183524803689314, "max_depth": 7.0, "num_boost_round": 30.0}, "datetime": {"datetime": "2024-01-19 01:37:16", "elapsed": 5130.472679, "delta": 0.005554}}
{"target": -17.677076089420662, "params": {"gamma": 974.6789815861918, "log10_alpha": -3.1538501567989465, "log10_colsample_bytree": -0.9814775709500766, "log10_eta": -3.759936107009883, "log10_lambda": -0.12195957907361255, "log10_min_child_weight": 0.2046569581616997, "log10_subsample": -0.9183524803689314, "max_depth": 7.0, "num_boost_round": 31.0}, "datetime": {"datetime": "2024-01-19 01:37:16", "elapsed": 5130.477911, "delta": 0.005232}}
{"target": -17.677061832281325, "params": {"gamma": 974.6789815861918, "log10_alpha": -3.1538501567989465, "log10_colsample_bytree": -0.9814775709500766, "log10_eta": -3.759936107009883, "log10_lambda": -0.12195957907361255, "log10_min_child_weight": 0.2046569581616997, "log10_subsample": -0.9183524803689314, "max_depth": 7.0, "num_boost_round": 32.0}, "datetime": {"datetime": "2024-01-19 01:37:16", "elapsed": 5130.483146, "delta": 0.005235}}
{"target": -17.67704389826062, "params": {"gamma": 974.6789815861918, "log10_alpha": -3.1538501567989465, "log10_colsample_bytree": -0.9814775709500766, "log10_eta": -3.759936107009883, "log10_lambda": -0.12195957907361255, "log10_min_child_weight": 0.2046569581616997, "log10_subsample": -0.9183524803689314, "max_depth": 7.0, "num_boost_round": 33.0}, "datetime": {"datetime": "2024-01-19 01:37:16", "elapsed": 5130.488403, "delta": 0.005257}}
{"target": -17.677039751945113, "params": {"gamma": 974.6789815861918, "log10_alpha": -3.1538501567989465, "log10_colsample_bytree": -0.9814775709500766, "log10_eta": -3.759936107009883, "log10_lambda": -0.12195957907361255, "log10_min_child_weight": 0.2046569581616997, "log10_subsample": -0.9183524803689314, "max_depth": 7.0, "num_boost_round": 34.0}, "datetime": {"datetime": "2024-01-19 01:37:16", "elapsed": 5130.494023, "delta": 0.00562}}
{"target": -17.677229578290167, "params": {"gamma": 978.0534127005627, "log10_alpha": -4.426766666561332, "log10_colsample_bytree": -0.704967519522411, "log10_eta": -3.9021458090663406, "log10_lambda": -1.3173497672393468, "log10_min_child_weight": 3.303959862454123, "log10_subsample": -0.5932690027103409, "max_depth": 8.0, "num_boost_round": 0.0}, "datetime": {"datetime": "2024-01-19 01:38:20", "elapsed": 5194.387106, "delta": 63.893083}}
{"target": -17.677224262734633, "params": {"gamma": 978.0534127005627, "log10_alpha": -4.426766666561332, "log10_colsample_bytree": -0.704967519522411, "log10_eta": -3.9021458090663406, "log10_lambda": -1.3173497672393468, "log10_min_child_weight": 3.303959862454123, "log10_subsample": -0.5932690027103409, "max_depth": 8.0, "num_boost_round": 1.0}, "datetime": {"datetime": "2024-01-19 01:38:20", "elapsed": 5194.392674, "delta": 0.005568}}
{"target": -17.677220309771826, "params": {"gamma": 978.0534127005627, "log10_alpha": -4.426766666561332, "log10_colsample_bytree": -0.704967519522411, "log10_eta": -3.9021458090663406, "log10_lambda": -1.3173497672393468, "log10_min_child_weight": 3.303959862454123, "log10_subsample": -0.5932690027103409, "max_depth": 8.0, "num_boost_round": 2.0}, "datetime": {"datetime": "2024-01-19 01:38:20", "elapsed": 5194.39775, "delta": 0.005076}}
{"target": -17.677222154778438, "params": {"gamma": 978.0534127005627, "log10_alpha": -4.426766666561332, "log10_colsample_bytree": -0.704967519522411, "log10_eta": -3.9021458090663406, "log10_lambda": -1.3173497672393468, "log10_min_child_weight": 3.303959862454123, "log10_subsample": -0.5932690027103409, "max_depth": 8.0, "num_boost_round": 3.0}, "datetime": {"datetime": "2024-01-19 01:38:20", "elapsed": 5194.402769, "delta": 0.005019}}
{"target": -17.67721612101274, "params": {"gamma": 978.0534127005627, "log10_alpha": -4.426766666561332, "log10_colsample_bytree": -0.704967519522411, "log10_eta": -3.9021458090663406, "log10_lambda": -1.3173497672393468, "log10_min_child_weight": 3.303959862454123, "log10_subsample": -0.5932690027103409, "max_depth": 8.0, "num_boost_round": 4.0}, "datetime": {"datetime": "2024-01-19 01:38:20", "elapsed": 5194.407779, "delta": 0.00501}}
{"target": -17.677216492263764, "params": {"gamma": 978.0534127005627, "log10_alpha": -4.426766666561332, "log10_colsample_bytree": -0.704967519522411, "log10_eta": -3.9021458090663406, "log10_lambda": -1.3173497672393468, "log10_min_child_weight": 3.303959862454123, "log10_subsample": -0.5932690027103409, "max_depth": 8.0, "num_boost_round": 5.0}, "datetime": {"datetime": "2024-01-19 01:38:20", "elapsed": 5194.412905, "delta": 0.005126}}
{"target": -17.677215592021458, "params": {"gamma": 978.0534127005627, "log10_alpha": -4.426766666561332, "log10_colsample_bytree": -0.704967519522411, "log10_eta": -3.9021458090663406, "log10_lambda": -1.3173497672393468, "log10_min_child_weight": 3.303959862454123, "log10_subsample": -0.5932690027103409, "max_depth": 8.0, "num_boost_round": 6.0}, "datetime": {"datetime": "2024-01-19 01:38:20", "elapsed": 5194.418202, "delta": 0.005297}}
{"target": -17.677214273808527, "params": {"gamma": 978.0534127005627, "log10_alpha": -4.426766666561332, "log10_colsample_bytree": -0.704967519522411, "log10_eta": -3.9021458090663406, "log10_lambda": -1.3173497672393468, "log10_min_child_weight": 3.303959862454123, "log10_subsample": -0.5932690027103409, "max_depth": 8.0, "num_boost_round": 7.0}, "datetime": {"datetime": "2024-01-19 01:38:20", "elapsed": 5194.423696, "delta": 0.005494}}
{"target": -17.67721061256214, "params": {"gamma": 978.0534127005627, "log10_alpha": -4.426766666561332, "log10_colsample_bytree": -0.704967519522411, "log10_eta": -3.9021458090663406, "log10_lambda": -1.3173497672393468, "log10_min_child_weight": 3.303959862454123, "log10_subsample": -0.5932690027103409, "max_depth": 8.0, "num_boost_round": 8.0}, "datetime": {"datetime": "2024-01-19 01:38:20", "elapsed": 5194.556544, "delta": 0.132848}}
{"target": -17.67721154536101, "params": {"gamma": 978.0534127005627, "log10_alpha": -4.426766666561332, "log10_colsample_bytree": -0.704967519522411, "log10_eta": -3.9021458090663406, "log10_lambda": -1.3173497672393468, "log10_min_child_weight": 3.303959862454123, "log10_subsample": -0.5932690027103409, "max_depth": 8.0, "num_boost_round": 9.0}, "datetime": {"datetime": "2024-01-19 01:38:20", "elapsed": 5194.562354, "delta": 0.00581}}
{"target": -17.677206819188626, "params": {"gamma": 978.0534127005627, "log10_alpha": -4.426766666561332, "log10_colsample_bytree": -0.704967519522411, "log10_eta": -3.9021458090663406, "log10_lambda": -1.3173497672393468, "log10_min_child_weight": 3.303959862454123, "log10_subsample": -0.5932690027103409, "max_depth": 8.0, "num_boost_round": 10.0}, "datetime": {"datetime": "2024-01-19 01:38:20", "elapsed": 5194.567647, "delta": 0.005293}}
{"target": -17.677208713037988, "params": {"gamma": 978.0534127005627, "log10_alpha": -4.426766666561332, "log10_colsample_bytree": -0.704967519522411, "log10_eta": -3.9021458090663406, "log10_lambda": -1.3173497672393468, "log10_min_child_weight": 3.303959862454123, "log10_subsample": -0.5932690027103409, "max_depth": 8.0, "num_boost_round": 11.0}, "datetime": {"datetime": "2024-01-19 01:38:20", "elapsed": 5194.572974, "delta": 0.005327}}
{"target": -17.67720598459042, "params": {"gamma": 978.0534127005627, "log10_alpha": -4.426766666561332, "log10_colsample_bytree": -0.704967519522411, "log10_eta": -3.9021458090663406, "log10_lambda": -1.3173497672393468, "log10_min_child_weight": 3.303959862454123, "log10_subsample": -0.5932690027103409, "max_depth": 8.0, "num_boost_round": 12.0}, "datetime": {"datetime": "2024-01-19 01:38:20", "elapsed": 5194.578183, "delta": 0.005209}}
{"target": -17.677202039108895, "params": {"gamma": 978.0534127005627, "log10_alpha": -4.426766666561332, "log10_colsample_bytree": -0.704967519522411, "log10_eta": -3.9021458090663406, "log10_lambda": -1.3173497672393468, "log10_min_child_weight": 3.303959862454123, "log10_subsample": -0.5932690027103409, "max_depth": 8.0, "num_boost_round": 13.0}, "datetime": {"datetime": "2024-01-19 01:38:20", "elapsed": 5194.583323, "delta": 0.00514}}
{"target": -17.67720269791137, "params": {"gamma": 978.0534127005627, "log10_alpha": -4.426766666561332, "log10_colsample_bytree": -0.704967519522411, "log10_eta": -3.9021458090663406, "log10_lambda": -1.3173497672393468, "log10_min_child_weight": 3.303959862454123, "log10_subsample": -0.5932690027103409, "max_depth": 8.0, "num_boost_round": 14.0}, "datetime": {"datetime": "2024-01-19 01:38:20", "elapsed": 5194.588508, "delta": 0.005185}}
{"target": -17.677198133483827, "params": {"gamma": 978.0534127005627, "log10_alpha": -4.426766666561332, "log10_colsample_bytree": -0.704967519522411, "log10_eta": -3.9021458090663406, "log10_lambda": -1.3173497672393468, "log10_min_child_weight": 3.303959862454123, "log10_subsample": -0.5932690027103409, "max_depth": 8.0, "num_boost_round": 15.0}, "datetime": {"datetime": "2024-01-19 01:38:20", "elapsed": 5194.593788, "delta": 0.00528}}
{"target": -17.67719849718547, "params": {"gamma": 978.0534127005627, "log10_alpha": -4.426766666561332, "log10_colsample_bytree": -0.704967519522411, "log10_eta": -3.9021458090663406, "log10_lambda": -1.3173497672393468, "log10_min_child_weight": 3.303959862454123, "log10_subsample": -0.5932690027103409, "max_depth": 8.0, "num_boost_round": 16.0}, "datetime": {"datetime": "2024-01-19 01:38:20", "elapsed": 5194.598827, "delta": 0.005039}}
{"target": -17.677195597303605, "params": {"gamma": 978.0534127005627, "log10_alpha": -4.426766666561332, "log10_colsample_bytree": -0.704967519522411, "log10_eta": -3.9021458090663406, "log10_lambda": -1.3173497672393468, "log10_min_child_weight": 3.303959862454123, "log10_subsample": -0.5932690027103409, "max_depth": 8.0, "num_boost_round": 17.0}, "datetime": {"datetime": "2024-01-19 01:38:20", "elapsed": 5194.60417, "delta": 0.005343}}
{"target": -17.677197250829693, "params": {"gamma": 978.0534127005627, "log10_alpha": -4.426766666561332, "log10_colsample_bytree": -0.704967519522411, "log10_eta": -3.9021458090663406, "log10_lambda": -1.3173497672393468, "log10_min_child_weight": 3.303959862454123, "log10_subsample": -0.5932690027103409, "max_depth": 8.0, "num_boost_round": 18.0}, "datetime": {"datetime": "2024-01-19 01:38:20", "elapsed": 5194.609802, "delta": 0.005632}}
{"target": -17.67719124536599, "params": {"gamma": 978.0534127005627, "log10_alpha": -4.426766666561332, "log10_colsample_bytree": -0.704967519522411, "log10_eta": -3.9021458090663406, "log10_lambda": -1.3173497672393468, "log10_min_child_weight": 3.303959862454123, "log10_subsample": -0.5932690027103409, "max_depth": 8.0, "num_boost_round": 19.0}, "datetime": {"datetime": "2024-01-19 01:38:20", "elapsed": 5194.614996, "delta": 0.005194}}
{"target": -17.67718314786003, "params": {"gamma": 978.0534127005627, "log10_alpha": -4.426766666561332, "log10_colsample_bytree": -0.704967519522411, "log10_eta": -3.9021458090663406, "log10_lambda": -1.3173497672393468, "log10_min_child_weight": 3.303959862454123, "log10_subsample": -0.5932690027103409, "max_depth": 8.0, "num_boost_round": 20.0}, "datetime": {"datetime": "2024-01-19 01:38:20", "elapsed": 5194.620144, "delta": 0.005148}}
{"target": -17.677177734472338, "params": {"gamma": 978.0534127005627, "log10_alpha": -4.426766666561332, "log10_colsample_bytree": -0.704967519522411, "log10_eta": -3.9021458090663406, "log10_lambda": -1.3173497672393468, "log10_min_child_weight": 3.303959862454123, "log10_subsample": -0.5932690027103409, "max_depth": 8.0, "num_boost_round": 21.0}, "datetime": {"datetime": "2024-01-19 01:38:20", "elapsed": 5194.625372, "delta": 0.005228}}
{"target": -17.67718311880843, "params": {"gamma": 979.4099247984747, "log10_alpha": -4.795581997460036, "log10_colsample_bytree": -0.5242447764691054, "log10_eta": -3.2885773797303446, "log10_lambda": -4.860790120432876, "log10_min_child_weight": 0.42513405788532244, "log10_subsample": -0.1943781747833998, "max_depth": 8.0, "num_boost_round": 0.0}, "datetime": {"datetime": "2024-01-19 01:39:45", "elapsed": 5279.429149, "delta": 84.803777}}
{"target": -17.67718667896984, "params": {"gamma": 979.4099247984747, "log10_alpha": -4.795581997460036, "log10_colsample_bytree": -0.5242447764691054, "log10_eta": -3.2885773797303446, "log10_lambda": -4.860790120432876, "log10_min_child_weight": 0.42513405788532244, "log10_subsample": -0.1943781747833998, "max_depth": 8.0, "num_boost_round": 1.0}, "datetime": {"datetime": "2024-01-19 01:39:45", "elapsed": 5279.434538, "delta": 0.005389}}
{"target": -17.677127359804015, "params": {"gamma": 979.4099247984747, "log10_alpha": -4.795581997460036, "log10_colsample_bytree": -0.5242447764691054, "log10_eta": -3.2885773797303446, "log10_lambda": -4.860790120432876, "log10_min_child_weight": 0.42513405788532244, "log10_subsample": -0.1943781747833998, "max_depth": 8.0, "num_boost_round": 2.0}, "datetime": {"datetime": "2024-01-19 01:39:45", "elapsed": 5279.439747, "delta": 0.005209}}
{"target": -17.67711269887589, "params": {"gamma": 979.4099247984747, "log10_alpha": -4.795581997460036, "log10_colsample_bytree": -0.5242447764691054, "log10_eta": -3.2885773797303446, "log10_lambda": -4.860790120432876, "log10_min_child_weight": 0.42513405788532244, "log10_subsample": -0.1943781747833998, "max_depth": 8.0, "num_boost_round": 3.0}, "datetime": {"datetime": "2024-01-19 01:39:45", "elapsed": 5279.444773, "delta": 0.005026}}
{"target": -17.67709163816678, "params": {"gamma": 979.4099247984747, "log10_alpha": -4.795581997460036, "log10_colsample_bytree": -0.5242447764691054, "log10_eta": -3.2885773797303446, "log10_lambda": -4.860790120432876, "log10_min_child_weight": 0.42513405788532244, "log10_subsample": -0.1943781747833998, "max_depth": 8.0, "num_boost_round": 4.0}, "datetime": {"datetime": "2024-01-19 01:39:45", "elapsed": 5279.449837, "delta": 0.005064}}
{"target": -17.677057109458943, "params": {"gamma": 979.4099247984747, "log10_alpha": -4.795581997460036, "log10_colsample_bytree": -0.5242447764691054, "log10_eta": -3.2885773797303446, "log10_lambda": -4.860790120432876, "log10_min_child_weight": 0.42513405788532244, "log10_subsample": -0.1943781747833998, "max_depth": 8.0, "num_boost_round": 5.0}, "datetime": {"datetime": "2024-01-19 01:39:45", "elapsed": 5279.454877, "delta": 0.00504}}
{"target": -17.677051298302526, "params": {"gamma": 979.4099247984747, "log10_alpha": -4.795581997460036, "log10_colsample_bytree": -0.5242447764691054, "log10_eta": -3.2885773797303446, "log10_lambda": -4.860790120432876, "log10_min_child_weight": 0.42513405788532244, "log10_subsample": -0.1943781747833998, "max_depth": 8.0, "num_boost_round": 6.0}, "datetime": {"datetime": "2024-01-19 01:39:45", "elapsed": 5279.459804, "delta": 0.004927}}
{"target": -17.677047182844355, "params": {"gamma": 979.4099247984747, "log10_alpha": -4.795581997460036, "log10_colsample_bytree": -0.5242447764691054, "log10_eta": -3.2885773797303446, "log10_lambda": -4.860790120432876, "log10_min_child_weight": 0.42513405788532244, "log10_subsample": -0.1943781747833998, "max_depth": 8.0, "num_boost_round": 7.0}, "datetime": {"datetime": "2024-01-19 01:39:45", "elapsed": 5279.464938, "delta": 0.005134}}
