{"target": -17.677159331763633, "params": {"gamma": 436.4674042697605, "log10_alpha": -2.032111881327105, "log10_colsample_bytree": -0.49594312771839033, "log10_eta": -3.170833368825778, "log10_lambda": -1.6570035235971101, "log10_min_child_weight": 3.884788609984585, "log10_subsample": -0.4111226983955045, "max_depth": 9.0, "num_boost_round": 5.0}, "datetime": {"datetime": "2024-01-19 00:30:13", "elapsed": 1118.005694, "delta": 0.001217}}
{"target": -17.67715606794182, "params": {"gamma": 436.4674042697605, "log10_alpha": -2.032111881327105, "log10_colsample_bytree": -0.49594312771839033, "log10_eta": -3.170833368825778, "log10_lambda": -1.6570035235971101, "log10_min_child_weight": 3.884788609984585, "log10_subsample": -0.4111226983955045, "max_depth": 9.0, "num_boost_round": 6.0}, "datetime": {"datetime": "2024-01-19 00:30:13", "elapsed": 1118.006964, "delta": 0.00127}}
{"target": -17.67710842257698, "params": {"gamma": 436.4674042697605, "log10_alpha": -2.032111881327105, "log10_colsample_bytree": -0.49594312771839033, "log10_eta": -3.170833368825778, "log10_lambda": -1.6570035235971101, "log10_min_child_weight": 3.884788609984585, "log10_subsample": -0.4111226983955045, "max_depth": 9.0, "num_boost_round": 7.0}, "datetime": {"datetime": "2024-01-19 00:30:13", "elapsed": 1118.008175, "delta": 0.001211}}
{"target": -17.677096221132576, "params": {"gamma": 436.4674042697605, "log10_alpha": -2.032111881327105, "log10_colsample_bytree": -0.49594312771839033, "log10_eta": -3.170833368825778, "log10_lambda": -1.6570035235971101, "log10_min_child_weight": 3.884788609984585, "log10_subsample": -0.4111226983955045, "max_depth": 9.0, "num_boost_round": 8.0}, "datetime": {"datetime": "2024-01-19 00:30:13", "elapsed": 1118.009375, "delta": 0.0012}}
{"target": -17.677087184244126, "params": {"gamma": 436.4674042697605, "log10_alpha": -2.032111881327105, "log10_colsample_bytree": -0.49594312771839033, "log10_eta": -3.170833368825778, "log10_lambda": -1.6570035235971101, "log10_min_child_weight": 3.884788609984585, "log10_subsample": -0.4111226983955045, "max_depth": 9.0, "num_boost_round": 9.0}, "datetime": {"datetime": "2024-01-19 00:30:13", "elapsed": 1118.010685, "delta": 0.00131}}
{"target": -17.67706140275671, "params": {"gamma": 436.4674042697605, "log10_alpha": -2.032111881327105, "log10_colsample_bytree": -0.49594312771839033, "log10_eta": -3.170833368825778, "log10_lambda": -1.6570035235971101, "log10_min_child_weight": 3.884788609984585, "log10_subsample": -0.4111226983955045, "max_depth": 9.0, "num_boost_round": 10.0}, "datetime": {"datetime": "2024-01-19 00:30:13", "elapsed": 1118.011906, "delta": 0.001221}}
{"target": -17.67701613877157, "params": {"gamma": 436.4674042697605, "log10_alpha": -2.032111881327105, "log10_colsample_bytree": -0.49594312771839033, "log10_eta": -3.170833368825778, "log10_lambda": -1.6570035235971101, "log10_min_child_weight": 3.884788609984585, "log10_subsample": -0.4111226983955045, "max_depth": 9.0, "num_boost_round": 11.0}, "datetime": {"datetime": "2024-01-19 00:30:13", "elapsed": 1118.013125, "delta": 0.001219}}
{"target": -17.676991627822034, "params": {"gamma": 436.4674042697605, "log10_alpha": -2.032111881327105, "log10_colsample_bytree": -0.49594312771839033, "log10_eta": -3.170833368825778, "log10_lambda": -1.6570035235971101, "log10_min_child_weight": 3.884788609984585, "log10_subsample": -0.4111226983955045, "max_depth": 9.0, "num_boost_round": 12.0}, "datetime": {"datetime": "2024-01-19 00:30:13", "elapsed": 1118.014516, "delta": 0.001391}}
{"target": -17.676965551282276, "params": {"gamma": 436.4674042697605, "log10_alpha": -2.032111881327105, "log10_colsample_bytree": -0.49594312771839033, "log10_eta": -3.170833368825778, "log10_lambda": -1.6570035235971101, "log10_min_child_weight": 3.884788609984585, "log10_subsample": -0.4111226983955045, "max_depth": 9.0, "num_boost_round": 13.0}, "datetime": {"datetime": "2024-01-19 00:30:13", "elapsed": 1118.015728, "delta": 0.001212}}
{"target": -17.676966522792558, "params": {"gamma": 436.4674042697605, "log10_alpha": -2.032111881327105, "log10_colsample_bytree": -0.49594312771839033, "log10_eta": -3.170833368825778, "log10_lambda": -1.6570035235971101, "log10_min_child_weight": 3.884788609984585, "log10_subsample": -0.4111226983955045, "max_depth": 9.0, "num_boost_round": 14.0}, "datetime": {"datetime": "2024-01-19 00:30:13", "elapsed": 1118.016938, "delta": 0.00121}}
{"target": -17.677012548426102, "params": {"gamma": 432.4453377236949, "log10_alpha": -4.384504203039953, "log10_colsample_bytree": -0.5018363749788218, "log10_eta": -2.600560827640312, "log10_lambda": -2.346947927739585, "log10_min_child_weight": 0.0754308565232148, "log10_subsample": -0.6653729936713628, "max_depth": 6.0, "num_boost_round": 0.0}, "datetime": {"datetime": "2024-01-19 00:30:39", "elapsed": 1143.579119, "delta": 25.562181}}
{"target": -17.677014764406852, "params": {"gamma": 432.4453377236949, "log10_alpha": -4.384504203039953, "log10_colsample_bytree": -0.5018363749788218, "log10_eta": -2.600560827640312, "log10_lambda": -2.346947927739585, "log10_min_child_weight": 0.0754308565232148, "log10_subsample": -0.6653729936713628, "max_depth": 6.0, "num_boost_round": 1.0}, "datetime": {"datetime": "2024-01-19 00:30:39", "elapsed": 1143.581182, "delta": 0.002063}}
{"target": -17.67695141631057, "params": {"gamma": 432.4453377236949, "log10_alpha": -4.384504203039953, "log10_colsample_bytree": -0.5018363749788218, "log10_eta": -2.600560827640312, "log10_lambda": -2.346947927739585, "log10_min_child_weight": 0.0754308565232148, "log10_subsample": -0.6653729936713628, "max_depth": 6.0, "num_boost_round": 2.0}, "datetime": {"datetime": "2024-01-19 00:30:39", "elapsed": 1143.582572, "delta": 0.00139}}
{"target": -17.67695482373048, "params": {"gamma": 432.4453377236949, "log10_alpha": -4.384504203039953, "log10_colsample_bytree": -0.5018363749788218, "log10_eta": -2.600560827640312, "log10_lambda": -2.346947927739585, "log10_min_child_weight": 0.0754308565232148, "log10_subsample": -0.6653729936713628, "max_depth": 6.0, "num_boost_round": 3.0}, "datetime": {"datetime": "2024-01-19 00:30:39", "elapsed": 1143.583927, "delta": 0.001355}}
{"target": -17.676944590085498, "params": {"gamma": 432.4453377236949, "log10_alpha": -4.384504203039953, "log10_colsample_bytree": -0.5018363749788218, "log10_eta": -2.600560827640312, "log10_lambda": -2.346947927739585, "log10_min_child_weight": 0.0754308565232148, "log10_subsample": -0.6653729936713628, "max_depth": 6.0, "num_boost_round": 4.0}, "datetime": {"datetime": "2024-01-19 00:30:39", "elapsed": 1143.585165, "delta": 0.001238}}
{"target": -17.676800598380844, "params": {"gamma": 432.4453377236949, "log10_alpha": -4.384504203039953, "log10_colsample_bytree": -0.5018363749788218, "log10_eta": -2.600560827640312, "log10_lambda": -2.346947927739585, "log10_min_child_weight": 0.0754308565232148, "log10_subsample": -0.6653729936713628, "max_depth": 6.0, "num_boost_round": 5.0}, "datetime": {"datetime": "2024-01-19 00:30:39", "elapsed": 1143.586392, "delta": 0.001227}}
{"target": -17.676671786178908, "params": {"gamma": 432.4453377236949, "log10_alpha": -4.384504203039953, "log10_colsample_bytree": -0.5018363749788218, "log10_eta": -2.600560827640312, "log10_lambda": -2.346947927739585, "log10_min_child_weight": 0.0754308565232148, "log10_subsample": -0.6653729936713628, "max_depth": 6.0, "num_boost_round": 6.0}, "datetime": {"datetime": "2024-01-19 00:30:39", "elapsed": 1143.58762, "delta": 0.001228}}
{"target": -17.676624489723665, "params": {"gamma": 432.4453377236949, "log10_alpha": -4.384504203039953, "log10_colsample_bytree": -0.5018363749788218, "log10_eta": -2.600560827640312, "log10_lambda": -2.346947927739585, "log10_min_child_weight": 0.0754308565232148, "log10_subsample": -0.6653729936713628, "max_depth": 6.0, "num_boost_round": 7.0}, "datetime": {"datetime": "2024-01-19 00:30:39", "elapsed": 1143.588898, "delta": 0.001278}}
{"target": -17.676476425515652, "params": {"gamma": 432.4453377236949, "log10_alpha": -4.384504203039953, "log10_colsample_bytree": -0.5018363749788218, "log10_eta": -2.600560827640312, "log10_lambda": -2.346947927739585, "log10_min_child_weight": 0.0754308565232148, "log10_subsample": -0.6653729936713628, "max_depth": 6.0, "num_boost_round": 8.0}, "datetime": {"datetime": "2024-01-19 00:30:39", "elapsed": 1143.590228, "delta": 0.00133}}
{"target": -17.676537805697635, "params": {"gamma": 432.4453377236949, "log10_alpha": -4.384504203039953, "log10_colsample_bytree": -0.5018363749788218, "log10_eta": -2.600560827640312, "log10_lambda": -2.346947927739585, "log10_min_child_weight": 0.0754308565232148, "log10_subsample": -0.6653729936713628, "max_depth": 6.0, "num_boost_round": 9.0}, "datetime": {"datetime": "2024-01-19 00:30:39", "elapsed": 1143.591474, "delta": 0.001246}}
{"target": -17.676368598338815, "params": {"gamma": 432.4453377236949, "log10_alpha": -4.384504203039953, "log10_colsample_bytree": -0.5018363749788218, "log10_eta": -2.600560827640312, "log10_lambda": -2.346947927739585, "log10_min_child_weight": 0.0754308565232148, "log10_subsample": -0.6653729936713628, "max_depth": 6.0, "num_boost_round": 10.0}, "datetime": {"datetime": "2024-01-19 00:30:39", "elapsed": 1143.592719, "delta": 0.001245}}
{"target": -17.676215268745256, "params": {"gamma": 432.4453377236949, "log10_alpha": -4.384504203039953, "log10_colsample_bytree": -0.5018363749788218, "log10_eta": -2.600560827640312, "log10_lambda": -2.346947927739585, "log10_min_child_weight": 0.0754308565232148, "log10_subsample": -0.6653729936713628, "max_depth": 6.0, "num_boost_round": 11.0}, "datetime": {"datetime": "2024-01-19 00:30:39", "elapsed": 1143.593958, "delta": 0.001239}}
{"target": -17.67606564909307, "params": {"gamma": 432.4453377236949, "log10_alpha": -4.384504203039953, "log10_colsample_bytree": -0.5018363749788218, "log10_eta": -2.600560827640312, "log10_lambda": -2.346947927739585, "log10_min_child_weight": 0.0754308565232148, "log10_subsample": -0.6653729936713628, "max_depth": 6.0, "num_boost_round": 12.0}, "datetime": {"datetime": "2024-01-19 00:30:39", "elapsed": 1143.595297, "delta": 0.001339}}
{"target": -17.675922264924147, "params": {"gamma": 432.4453377236949, "log10_alpha": -4.384504203039953, "log10_colsample_bytree": -0.5018363749788218, "log10_eta": -2.600560827640312, "log10_lambda": -2.346947927739585, "log10_min_child_weight": 0.0754308565232148, "log10_subsample": -0.6653729936713628, "max_depth": 6.0, "num_boost_round": 13.0}, "datetime": {"datetime": "2024-01-19 00:30:39", "elapsed": 1143.596561, "delta": 0.001264}}
{"target": -17.675875560058426, "params": {"gamma": 432.4453377236949, "log10_alpha": -4.384504203039953, "log10_colsample_bytree": -0.5018363749788218, "log10_eta": -2.600560827640312, "log10_lambda": -2.346947927739585, "log10_min_child_weight": 0.0754308565232148, "log10_subsample": -0.6653729936713628, "max_depth": 6.0, "num_boost_round": 14.0}, "datetime": {"datetime": "2024-01-19 00:30:39", "elapsed": 1143.597802, "delta": 0.001241}}
{"target": -17.67573738170784, "params": {"gamma": 432.4453377236949, "log10_alpha": -4.384504203039953, "log10_colsample_bytree": -0.5018363749788218, "log10_eta": -2.600560827640312, "log10_lambda": -2.346947927739585, "log10_min_child_weight": 0.0754308565232148, "log10_subsample": -0.6653729936713628, "max_depth": 6.0, "num_boost_round": 15.0}, "datetime": {"datetime": "2024-01-19 00:30:39", "elapsed": 1143.599041, "delta": 0.001239}}
{"target": -17.675673977590257, "params": {"gamma": 432.4453377236949, "log10_alpha": -4.384504203039953, "log10_colsample_bytree": -0.5018363749788218, "log10_eta": -2.600560827640312, "log10_lambda": -2.346947927739585, "log10_min_child_weight": 0.0754308565232148, "log10_subsample": -0.6653729936713628, "max_depth": 6.0, "num_boost_round": 16.0}, "datetime": {"datetime": "2024-01-19 00:30:39", "elapsed": 1143.600275, "delta": 0.001234}}
{"target": -17.67569570558691, "params": {"gamma": 432.4453377236949, "log10_alpha": -4.384504203039953, "log10_colsample_bytree": -0.5018363749788218, "log10_eta": -2.600560827640312, "log10_lambda": -2.346947927739585, "log10_min_child_weight": 0.0754308565232148, "log10_subsample": -0.6653729936713628, "max_depth": 6.0, "num_boost_round": 17.0}, "datetime": {"datetime": "2024-01-19 00:30:39", "elapsed": 1143.601524, "delta": 0.001249}}
{"target": -17.677217903093375, "params": {"gamma": 440.39076744878815, "log10_alpha": -4.563868019973382, "log10_colsample_bytree": -0.583029712086855, "log10_eta": -2.9000283549859103, "log10_lambda": -2.036996362062112, "log10_min_child_weight": 0.6042611345865895, "log10_subsample": -0.2362801794249345, "max_depth": 8.0, "num_boost_round": 0.0}, "datetime": {"datetime": "2024-01-19 00:31:04", "elapsed": 1169.372434, "delta": 25.77091}}
{"target": -17.677200728459592, "params": {"gamma": 440.39076744878815, "log10_alpha": -4.563868019973382, "log10_colsample_bytree": -0.583029712086855, "log10_eta": -2.9000283549859103, "log10_lambda": -2.036996362062112, "log10_min_child_weight": 0.6042611345865895, "log10_subsample": -0.2362801794249345, "max_depth": 8.0, "num_boost_round": 1.0}, "datetime": {"datetime": "2024-01-19 00:31:04", "elapsed": 1169.374151, "delta": 0.001717}}
{"target": -17.676957869634645, "params": {"gamma": 440.39076744878815, "log10_alpha": -4.563868019973382, "log10_colsample_bytree": -0.583029712086855, "log10_eta": -2.9000283549859103, "log10_lambda": -2.036996362062112, "log10_min_child_weight": 0.6042611345865895, "log10_subsample": -0.2362801794249345, "max_depth": 8.0, "num_boost_round": 2.0}, "datetime": {"datetime": "2024-01-19 00:31:04", "elapsed": 1169.375656, "delta": 0.001505}}
{"target": -17.676950707535603, "params": {"gamma": 440.39076744878815, "log10_alpha": -4.563868019973382, "log10_colsample_bytree": -0.583029712086855, "log10_eta": -2.9000283549859103, "log10_lambda": -2.036996362062112, "log10_min_child_weight": 0.6042611345865895, "log10_subsample": -0.2362801794249345, "max_depth": 8.0, "num_boost_round": 3.0}, "datetime": {"datetime": "2024-01-19 00:31:04", "elapsed": 1169.377464, "delta": 0.001808}}
{"target": -17.67692593728104, "params": {"gamma": 440.39076744878815, "log10_alpha": -4.563868019973382, "log10_colsample_bytree": -0.583029712086855, "log10_eta": -2.9000283549859103, "log10_lambda": -2.036996362062112, "log10_min_child_weight": 0.6042611345865895, "log10_subsample": -0.2362801794249345, "max_depth": 8.0, "num_boost_round": 4.0}, "datetime": {"datetime": "2024-01-19 00:31:04", "elapsed": 1169.378737, "delta": 0.001273}}
{"target": -17.676803525032046, "params": {"gamma": 440.39076744878815, "log10_alpha": -4.563868019973382, "log10_colsample_bytree": -0.583029712086855, "log10_eta": -2.9000283549859103, "log10_lambda": -2.036996362062112, "log10_min_child_weight": 0.6042611345865895, "log10_subsample": -0.2362801794249345, "max_depth": 8.0, "num_boost_round": 5.0}, "datetime": {"datetime": "2024-01-19 00:31:04", "elapsed": 1169.379987, "delta": 0.00125}}
{"target": -17.676775621400914, "params": {"gamma": 440.39076744878815, "log10_alpha": -4.563868019973382, "log10_colsample_bytree": -0.583029712086855, "log10_eta": -2.9000283549859103, "log10_lambda": -2.036996362062112, "log10_min_child_weight": 0.6042611345865895, "log10_subsample": -0.2362801794249345, "max_depth": 8.0, "num_boost_round": 6.0}, "datetime": {"datetime": "2024-01-19 00:31:04", "elapsed": 1169.381264, "delta": 0.001277}}
{"target": -17.67669732197275, "params": {"gamma": 440.39076744878815, "log10_alpha": -4.563868019973382, "log10_colsample_bytree": -0.583029712086855, "log10_eta": -2.9000283549859103, "log10_lambda": -2.036996362062112, "log10_min_child_weight": 0.6042611345865895, "log10_subsample": -0.2362801794249345, "max_depth": 8.0, "num_boost_round": 7.0}, "datetime": {"datetime": "2024-01-19 00:31:04", "elapsed": 1169.382568, "delta": 0.001304}}
{"target": -17.676669310402737, "params": {"gamma": 440.39076744878815, "log10_alpha": -4.563868019973382, "log10_colsample_bytree": -0.583029712086855, "log10_eta": -2.9000283549859103, "log10_lambda": -2.036996362062112, "log10_min_child_weight": 0.6042611345865895, "log10_subsample": -0.2362801794249345, "max_depth": 8.0, "num_boost_round": 8.0}, "datetime": {"datetime": "2024-01-19 00:31:04", "elapsed": 1169.383819, "delta": 0.001251}}
{"target": -17.67655914609834, "params": {"gamma": 440.39076744878815, "log10_alpha": -4.563868019973382, "log10_colsample_bytree": -0.583029712086855, "log10_eta": -2.9000283549859103, "log10_lambda": -2.036996362062112, "log10_min_child_weight": 0.6042611345865895, "log10_subsample": -0.2362801794249345, "max_depth": 8.0, "num_boost_round": 9.0}, "datetime": {"datetime": "2024-01-19 00:31:04", "elapsed": 1169.38508, "delta": 0.001261}}
{"target": -17.676478500482453, "params": {"gamma": 440.39076744878815, "log10_alpha": -4.563868019973382, "log10_colsample_bytree": -0.583029712086855, "log10_eta": -2.9000283549859103, "log10_lambda": -2.036996362062112, "log10_min_child_weight": 0.6042611345865895, "log10_subsample": -0.2362801794249345, "max_depth": 8.0, "num_boost_round": 10.0}, "datetime": {"datetime": "2024-01-19 00:31:04", "elapsed": 1169.386344, "delta": 0.001264}}
{"target": -17.676510813361297, "params": {"gamma": 440.39076744878815, "log10_alpha": -4.563868019973382, "log10_colsample_bytree": -0.583029712086855, "log10_eta": -2.9000283549859103, "log10_lambda": -2.036996362062112, "log10_min_child_weight": 0.6042611345865895, "log10_subsample": -0.2362801794249345, "max_depth": 8.0, "num_boost_round": 11.0}, "datetime": {"datetime": "2024-01-19 00:31:04", "elapsed": 1169.387621, "delta": 0.001277}}
{"target": -17.676560203844605, "params": {"gamma": 440.39076744878815, "log10_alpha": -4.563868019973382, "log10_colsample_bytree": -0.583029712086855, "log10_eta": -2.9000283549859103, "log10_lambda": -2.036996362062112, "log10_min_child_weight": 0.6042611345865895, "log10_subsample": -0.2362801794249345, "max_depth": 8.0, "num_boost_round": 12.0}, "datetime": {"datetime": "2024-01-19 00:31:04", "elapsed": 1169.388891, "delta": 0.00127}}
{"target": -17.676462253331632, "params": {"gamma": 440.39076744878815, "log10_alpha": -4.563868019973382, "log10_colsample_bytree": -0.583029712086855, "log10_eta": -2.9000283549859103, "log10_lambda": -2.036996362062112, "log10_min_child_weight": 0.6042611345865895, "log10_subsample": -0.2362801794249345, "max_depth": 8.0, "num_boost_round": 13.0}, "datetime": {"datetime": "2024-01-19 00:31:04", "elapsed": 1169.390151, "delta": 0.00126}}
{"target": -17.677232932501035, "params": {"gamma": 445.2372688557463, "log10_alpha": -4.722139234632895, "log10_colsample_bytree": -0.6806071625394543, "log10_eta": -3.7099624967313165, "log10_lambda": 0.6858125543863371, "log10_min_child_weight": 4.977362935904436, "log10_subsample": -0.5026480750310176, "max_depth": 3.0, "num_boost_round": 0.0}, "datetime": {"datetime": "2024-01-19 00:31:31", "elapsed": 1196.011123, "delta": 26.620972}}
{"target": -17.67723099482123, "params": {"gamma": 445.2372688557463, "log10_alpha": -4.722139234632895, "log10_colsample_bytree": -0.6806071625394543, "log10_eta": -3.7099624967313165, "log10_lambda": 0.6858125543863371, "log10_min_child_weight": 4.977362935904436, "log10_subsample": -0.5026480750310176, "max_depth": 3.0, "num_boost_round": 1.0}, "datetime": {"datetime": "2024-01-19 00:31:31", "elapsed": 1196.012547, "delta": 0.001424}}
{"target": -17.677230788179394, "params": {"gamma": 445.2372688557463, "log10_alpha": -4.722139234632895, "log10_colsample_bytree": -0.6806071625394543, "log10_eta": -3.7099624967313165, "log10_lambda": 0.6858125543863371, "log10_min_child_weight": 4.977362935904436, "log10_subsample": -0.5026480750310176, "max_depth": 3.0, "num_boost_round": 2.0}, "datetime": {"datetime": "2024-01-19 00:31:31", "elapsed": 1196.01471, "delta": 0.002163}}
{"target": -17.67722937705797, "params": {"gamma": 445.2372688557463, "log10_alpha": -4.722139234632895, "log10_colsample_bytree": -0.6806071625394543, "log10_eta": -3.7099624967313165, "log10_lambda": 0.6858125543863371, "log10_min_child_weight": 4.977362935904436, "log10_subsample": -0.5026480750310176, "max_depth": 3.0, "num_boost_round": 3.0}, "datetime": {"datetime": "2024-01-19 00:31:31", "elapsed": 1196.016232, "delta": 0.001522}}
{"target": -17.67722960194579, "params": {"gamma": 445.2372688557463, "log10_alpha": -4.722139234632895, "log10_colsample_bytree": -0.6806071625394543, "log10_eta": -3.7099624967313165, "log10_lambda": 0.6858125543863371, "log10_min_child_weight": 4.977362935904436, "log10_subsample": -0.5026480750310176, "max_depth": 3.0, "num_boost_round": 4.0}, "datetime": {"datetime": "2024-01-19 00:31:31", "elapsed": 1196.01752, "delta": 0.001288}}
{"target": -17.67722932490309, "params": {"gamma": 445.2372688557463, "log10_alpha": -4.722139234632895, "log10_colsample_bytree": -0.6806071625394543, "log10_eta": -3.7099624967313165, "log10_lambda": 0.6858125543863371, "log10_min_child_weight": 4.977362935904436, "log10_subsample": -0.5026480750310176, "max_depth": 3.0, "num_boost_round": 5.0}, "datetime": {"datetime": "2024-01-19 00:31:31", "elapsed": 1196.018797, "delta": 0.001277}}
{"target": -17.677229903523983, "params": {"gamma": 445.2372688557463, "log10_alpha": -4.722139234632895, "log10_colsample_bytree": -0.6806071625394543, "log10_eta": -3.7099624967313165, "log10_lambda": 0.6858125543863371, "log10_min_child_weight": 4.977362935904436, "log10_subsample": -0.5026480750310176, "max_depth": 3.0, "num_boost_round": 6.0}, "datetime": {"datetime": "2024-01-19 00:31:31", "elapsed": 1196.02007, "delta": 0.001273}}
