{"target": -13.758522090997591, "params": {"gamma": 550.7979025745755, "log10_alpha": -0.7511130642913706, "log10_colsample_bytree": -0.7090952610870557, "log10_eta": -1.956689579209348, "log10_lambda": 0.35768172608592863, "log10_min_child_weight": 4.48146544466719, "log10_subsample": -0.8744146895361637, "max_depth": 3.0, "num_boost_round": 0.0}, "datetime": {"datetime": "2024-01-19 00:11:08", "elapsed": 0.0, "delta": 0.0}}
{"target": -13.758479507402251, "params": {"gamma": 550.7979025745755, "log10_alpha": -0.7511130642913706, "log10_colsample_bytree": -0.7090952610870557, "log10_eta": -1.956689579209348, "log10_lambda": 0.35768172608592863, "log10_min_child_weight": 4.48146544466719, "log10_subsample": -0.8744146895361637, "max_depth": 3.0, "num_boost_round": 1.0}, "datetime": {"datetime": "2024-01-19 00:11:08", "elapsed": 0.014798, "delta": 0.014798}}
{"target": -13.75852571331446, "params": {"gamma": 550.7979025745755, "log10_alpha": -0.7511130642913706, "log10_colsample_bytree": -0.7090952610870557, "log10_eta": -1.956689579209348, "log10_lambda": 0.35768172608592863, "log10_min_child_weight": 4.48146544466719, "log10_subsample": -0.8744146895361637, "max_depth": 3.0, "num_boost_round": 2.0}, "datetime": {"datetime": "2024-01-19 00:11:08", "elapsed": 0.01498, "delta": 0.000182}}
{"target": -13.758521448255536, "params": {"gamma": 550.7979025745755, "log10_alpha": -0.7511130642913706, "log10_colsample_bytree": -0.7090952610870557, "log10_eta": -1.956689579209348, "log10_lambda": 0.35768172608592863, "log10_min_child_weight": 4.48146544466719, "log10_subsample": -0.8744146895361637, "max_depth": 3.0, "num_boost_round": 3.0}, "datetime": {"datetime": "2024-01-19 00:11:08", "elapsed": 0.01514, "delta": 0.00016}}
{"target": -13.758491994398423, "params": {"gamma": 550.7979025745755, "log10_alpha": -0.7511130642913706, "log10_colsample_bytree": -0.7090952610870557, "log10_eta": -1.956689579209348, "log10_lambda": 0.35768172608592863, "log10_min_child_weight": 4.48146544466719, "log10_subsample": -0.8744146895361637, "max_depth": 3.0, "num_boost_round": 4.0}, "datetime": {"datetime": "2024-01-19 00:11:08", "elapsed": 0.015283, "delta": 0.000143}}
{"target": -13.758486117700853, "params": {"gamma": 550.7979025745755, "log10_alpha": -0.7511130642913706, "log10_colsample_bytree": -0.7090952610870557, "log10_eta": -1.956689579209348, "log10_lambda": 0.35768172608592863, "log10_min_child_weight": 4.48146544466719, "log10_subsample": -0.8744146895361637, "max_depth": 3.0, "num_boost_round": 5.0}, "datetime": {"datetime": "2024-01-19 00:11:08", "elapsed": 0.015425, "delta": 0.000142}}
{"target": -13.75848869400373, "params": {"gamma": 550.7979025745755, "log10_alpha": -0.7511130642913706, "log10_colsample_bytree": -0.7090952610870557, "log10_eta": -1.956689579209348, "log10_lambda": 0.35768172608592863, "log10_min_child_weight": 4.48146544466719, "log10_subsample": -0.8744146895361637, "max_depth": 3.0, "num_boost_round": 6.0}, "datetime": {"datetime": "2024-01-19 00:11:08", "elapsed": 0.015566, "delta": 0.000141}}
{"target": -13.758468752147603, "params": {"gamma": 550.7979025745755, "log10_alpha": -0.7511130642913706, "log10_colsample_bytree": -0.7090952610870557, "log10_eta": -1.956689579209348, "log10_lambda": 0.35768172608592863, "log10_min_child_weight": 4.48146544466719, "log10_subsample": -0.8744146895361637, "max_depth": 3.0, "num_boost_round": 7.0}, "datetime": {"datetime": "2024-01-19 00:11:08", "elapsed": 0.015722, "delta": 0.000156}}
{"target": -13.758507953633119, "params": {"gamma": 550.7979025745755, "log10_alpha": -0.7511130642913706, "log10_colsample_bytree": -0.7090952610870557, "log10_eta": -1.956689579209348, "log10_lambda": 0.35768172608592863, "log10_min_child_weight": 4.48146544466719, "log10_subsample": -0.8744146895361637, "max_depth": 3.0, "num_boost_round": 8.0}, "datetime": {"datetime": "2024-01-19 00:11:08", "elapsed": 0.015878, "delta": 0.000156}}
{"target": -13.758543478214692, "params": {"gamma": 550.7979025745755, "log10_alpha": -0.7511130642913706, "log10_colsample_bytree": -0.7090952610870557, "log10_eta": -1.956689579209348, "log10_lambda": 0.35768172608592863, "log10_min_child_weight": 4.48146544466719, "log10_subsample": -0.8744146895361637, "max_depth": 3.0, "num_boost_round": 9.0}, "datetime": {"datetime": "2024-01-19 00:11:08", "elapsed": 0.020309, "delta": 0.004431}}
{"target": -13.758485748140608, "params": {"gamma": 550.7979025745755, "log10_alpha": -0.7511130642913706, "log10_colsample_bytree": -0.7090952610870557, "log10_eta": -1.956689579209348, "log10_lambda": 0.35768172608592863, "log10_min_child_weight": 4.48146544466719, "log10_subsample": -0.8744146895361637, "max_depth": 3.0, "num_boost_round": 10.0}, "datetime": {"datetime": "2024-01-19 00:11:08", "elapsed": 0.02047, "delta": 0.000161}}
{"target": -13.758442859794709, "params": {"gamma": 550.7979025745755, "log10_alpha": -0.7511130642913706, "log10_colsample_bytree": -0.7090952610870557, "log10_eta": -1.956689579209348, "log10_lambda": 0.35768172608592863, "log10_min_child_weight": 4.48146544466719, "log10_subsample": -0.8744146895361637, "max_depth": 3.0, "num_boost_round": 11.0}, "datetime": {"datetime": "2024-01-19 00:11:08", "elapsed": 0.020618, "delta": 0.000148}}
{"target": -13.758476675948623, "params": {"gamma": 550.7979025745755, "log10_alpha": -0.7511130642913706, "log10_colsample_bytree": -0.7090952610870557, "log10_eta": -1.956689579209348, "log10_lambda": 0.35768172608592863, "log10_min_child_weight": 4.48146544466719, "log10_subsample": -0.8744146895361637, "max_depth": 3.0, "num_boost_round": 12.0}, "datetime": {"datetime": "2024-01-19 00:11:08", "elapsed": 0.020763, "delta": 0.000145}}
{"target": -13.758502147641183, "params": {"gamma": 550.7979025745755, "log10_alpha": -0.7511130642913706, "log10_colsample_bytree": -0.7090952610870557, "log10_eta": -1.956689579209348, "log10_lambda": 0.35768172608592863, "log10_min_child_weight": 4.48146544466719, "log10_subsample": -0.8744146895361637, "max_depth": 3.0, "num_boost_round": 13.0}, "datetime": {"datetime": "2024-01-19 00:11:08", "elapsed": 0.020904, "delta": 0.000141}}
{"target": -13.75850284236767, "params": {"gamma": 550.7979025745755, "log10_alpha": -0.7511130642913706, "log10_colsample_bytree": -0.7090952610870557, "log10_eta": -1.956689579209348, "log10_lambda": 0.35768172608592863, "log10_min_child_weight": 4.48146544466719, "log10_subsample": -0.8744146895361637, "max_depth": 3.0, "num_boost_round": 14.0}, "datetime": {"datetime": "2024-01-19 00:11:08", "elapsed": 0.021051, "delta": 0.000147}}
{"target": -13.758420521033305, "params": {"gamma": 550.7979025745755, "log10_alpha": -0.7511130642913706, "log10_colsample_bytree": -0.7090952610870557, "log10_eta": -1.956689579209348, "log10_lambda": 0.35768172608592863, "log10_min_child_weight": 4.48146544466719, "log10_subsample": -0.8744146895361637, "max_depth": 3.0, "num_boost_round": 15.0}, "datetime": {"datetime": "2024-01-19 00:11:08", "elapsed": 0.021194, "delta": 0.000143}}
{"target": -13.758427291765873, "params": {"gamma": 550.7979025745755, "log10_alpha": -0.7511130642913706, "log10_colsample_bytree": -0.7090952610870557, "log10_eta": -1.956689579209348, "log10_lambda": 0.35768172608592863, "log10_min_child_weight": 4.48146544466719, "log10_subsample": -0.8744146895361637, "max_depth": 3.0, "num_boost_round": 16.0}, "datetime": {"datetime": "2024-01-19 00:11:08", "elapsed": 0.021346, "delta": 0.000152}}
{"target": -13.758449847402542, "params": {"gamma": 550.7979025745755, "log10_alpha": -0.7511130642913706, "log10_colsample_bytree": -0.7090952610870557, "log10_eta": -1.956689579209348, "log10_lambda": 0.35768172608592863, "log10_min_child_weight": 4.48146544466719, "log10_subsample": -0.8744146895361637, "max_depth": 3.0, "num_boost_round": 17.0}, "datetime": {"datetime": "2024-01-19 00:11:08", "elapsed": 0.02149, "delta": 0.000144}}
{"target": -13.758411834100732, "params": {"gamma": 550.7979025745755, "log10_alpha": -0.7511130642913706, "log10_colsample_bytree": -0.7090952610870557, "log10_eta": -1.956689579209348, "log10_lambda": 0.35768172608592863, "log10_min_child_weight": 4.48146544466719, "log10_subsample": -0.8744146895361637, "max_depth": 3.0, "num_boost_round": 18.0}, "datetime": {"datetime": "2024-01-19 00:11:08", "elapsed": 0.021635, "delta": 0.000145}}
{"target": -13.758523144741064, "params": {"gamma": 555.0307305526942, "log10_alpha": -3.6896135801734147, "log10_colsample_bytree": -0.06235087188773236, "log10_eta": -2.7788921155007977, "log10_lambda": -1.5334824876065172, "log10_min_child_weight": 0.9145411829535116, "log10_subsample": -0.22938142023675367, "max_depth": 4.0, "num_boost_round": 0.0}, "datetime": {"datetime": "2024-01-19 00:11:27", "elapsed": 19.625057, "delta": 19.603422}}
{"target": -13.758528659989977, "params": {"gamma": 555.0307305526942, "log10_alpha": -3.6896135801734147, "log10_colsample_bytree": -0.06235087188773236, "log10_eta": -2.7788921155007977, "log10_lambda": -1.5334824876065172, "log10_min_child_weight": 0.9145411829535116, "log10_subsample": -0.22938142023675367, "max_depth": 4.0, "num_boost_round": 1.0}, "datetime": {"datetime": "2024-01-19 00:11:27", "elapsed": 19.626987, "delta": 0.00193}}
{"target": -13.75852039674694, "params": {"gamma": 555.0307305526942, "log10_alpha": -3.6896135801734147, "log10_colsample_bytree": -0.06235087188773236, "log10_eta": -2.7788921155007977, "log10_lambda": -1.5334824876065172, "log10_min_child_weight": 0.9145411829535116, "log10_subsample": -0.22938142023675367, "max_depth": 4.0, "num_boost_round": 2.0}, "datetime": {"datetime": "2024-01-19 00:11:27", "elapsed": 19.627348, "delta": 0.000361}}
{"target": -13.758519848377365, "params": {"gamma": 555.0307305526942, "log10_alpha": -3.6896135801734147, "log10_colsample_bytree": -0.06235087188773236, "log10_eta": -2.7788921155007977, "log10_lambda": -1.5334824876065172, "log10_min_child_weight": 0.9145411829535116, "log10_subsample": -0.22938142023675367, "max_depth": 4.0, "num_boost_round": 3.0}, "datetime": {"datetime": "2024-01-19 00:11:27", "elapsed": 19.627529, "delta": 0.000181}}
{"target": -13.758481835290295, "params": {"gamma": 555.0307305526942, "log10_alpha": -3.6896135801734147, "log10_colsample_bytree": -0.06235087188773236, "log10_eta": -2.7788921155007977, "log10_lambda": -1.5334824876065172, "log10_min_child_weight": 0.9145411829535116, "log10_subsample": -0.22938142023675367, "max_depth": 4.0, "num_boost_round": 4.0}, "datetime": {"datetime": "2024-01-19 00:11:27", "elapsed": 19.6277, "delta": 0.000171}}
{"target": -13.758458682208142, "params": {"gamma": 555.0307305526942, "log10_alpha": -3.6896135801734147, "log10_colsample_bytree": -0.06235087188773236, "log10_eta": -2.7788921155007977, "log10_lambda": -1.5334824876065172, "log10_min_child_weight": 0.9145411829535116, "log10_subsample": -0.22938142023675367, "max_depth": 4.0, "num_boost_round": 5.0}, "datetime": {"datetime": "2024-01-19 00:11:27", "elapsed": 19.627863, "delta": 0.000163}}
{"target": -13.758454899383938, "params": {"gamma": 555.0307305526942, "log10_alpha": -3.6896135801734147, "log10_colsample_bytree": -0.06235087188773236, "log10_eta": -2.7788921155007977, "log10_lambda": -1.5334824876065172, "log10_min_child_weight": 0.9145411829535116, "log10_subsample": -0.22938142023675367, "max_depth": 4.0, "num_boost_round": 6.0}, "datetime": {"datetime": "2024-01-19 00:11:27", "elapsed": 19.628033, "delta": 0.00017}}
{"target": -13.7584522470817, "params": {"gamma": 555.0307305526942, "log10_alpha": -3.6896135801734147, "log10_colsample_bytree": -0.06235087188773236, "log10_eta": -2.7788921155007977, "log10_lambda": -1.5334824876065172, "log10_min_child_weight": 0.9145411829535116, "log10_subsample": -0.22938142023675367, "max_depth": 4.0, "num_boost_round": 7.0}, "datetime": {"datetime": "2024-01-19 00:11:27", "elapsed": 19.628213, "delta": 0.00018}}
{"target": -13.758455123999102, "params": {"gamma": 555.0307305526942, "log10_alpha": -3.6896135801734147, "log10_colsample_bytree": -0.06235087188773236, "log10_eta": -2.7788921155007977, "log10_lambda": -1.5334824876065172, "log10_min_child_weight": 0.9145411829535116, "log10_subsample": -0.22938142023675367, "max_depth": 4.0, "num_boost_round": 8.0}, "datetime": {"datetime": "2024-01-19 00:11:27", "elapsed": 19.628378, "delta": 0.000165}}
{"target": -13.758445792842522, "params": {"gamma": 555.0307305526942, "log10_alpha": -3.6896135801734147, "log10_colsample_bytree": -0.06235087188773236, "log10_eta": -2.7788921155007977, "log10_lambda": -1.5334824876065172, "log10_min_child_weight": 0.9145411829535116, "log10_subsample": -0.22938142023675367, "max_depth": 4.0, "num_boost_round": 9.0}, "datetime": {"datetime": "2024-01-19 00:11:27", "elapsed": 19.628542, "delta": 0.000164}}
{"target": -13.758447441183835, "params": {"gamma": 555.0307305526942, "log10_alpha": -3.6896135801734147, "log10_colsample_bytree": -0.06235087188773236, "log10_eta": -2.7788921155007977, "log10_lambda": -1.5334824876065172, "log10_min_child_weight": 0.9145411829535116, "log10_subsample": -0.22938142023675367, "max_depth": 4.0, "num_boost_round": 10.0}, "datetime": {"datetime": "2024-01-19 00:11:27", "elapsed": 19.628706, "delta": 0.000164}}
{"target": -13.758442149748136, "params": {"gamma": 555.0307305526942, "log10_alpha": -3.6896135801734147, "log10_colsample_bytree": -0.06235087188773236, "log10_eta": -2.7788921155007977, "log10_lambda": -1.5334824876065172, "log10_min_child_weight": 0.9145411829535116, "log10_subsample": -0.22938142023675367, "max_depth": 4.0, "num_boost_round": 11.0}, "datetime": {"datetime": "2024-01-19 00:11:27", "elapsed": 19.628879, "delta": 0.000173}}
{"target": -13.758434623151253, "params": {"gamma": 555.0307305526942, "log10_alpha": -3.6896135801734147, "log10_colsample_bytree": -0.06235087188773236, "log10_eta": -2.7788921155007977, "log10_lambda": -1.5334824876065172, "log10_min_child_weight": 0.9145411829535116, "log10_subsample": -0.22938142023675367, "max_depth": 4.0, "num_boost_round": 12.0}, "datetime": {"datetime": "2024-01-19 00:11:27", "elapsed": 19.629055, "delta": 0.000176}}
{"target": -13.758416691951025, "params": {"gamma": 555.0307305526942, "log10_alpha": -3.6896135801734147, "log10_colsample_bytree": -0.06235087188773236, "log10_eta": -2.7788921155007977, "log10_lambda": -1.5334824876065172, "log10_min_child_weight": 0.9145411829535116, "log10_subsample": -0.22938142023675367, "max_depth": 4.0, "num_boost_round": 13.0}, "datetime": {"datetime": "2024-01-19 00:11:27", "elapsed": 19.629228, "delta": 0.000173}}
{"target": -13.75840941983987, "params": {"gamma": 555.0307305526942, "log10_alpha": -3.6896135801734147, "log10_colsample_bytree": -0.06235087188773236, "log10_eta": -2.7788921155007977, "log10_lambda": -1.5334824876065172, "log10_min_child_weight": 0.9145411829535116, "log10_subsample": -0.22938142023675367, "max_depth": 4.0, "num_boost_round": 14.0}, "datetime": {"datetime": "2024-01-19 00:11:27", "elapsed": 19.629404, "delta": 0.000176}}
{"target": -13.758387180465414, "params": {"gamma": 555.7686275991362, "log10_alpha": -2.2705530510176546, "log10_colsample_bytree": -0.7905031232457037, "log10_eta": -1.1494640617056993, "log10_lambda": -0.6945831414241521, "log10_min_child_weight": 4.101679757286799, "log10_subsample": -0.4681525121358098, "max_depth": 3.0, "num_boost_round": 0.0}, "datetime": {"datetime": "2024-01-19 00:11:45", "elapsed": 37.47621, "delta": 17.846806}}
{"target": -13.75835292362208, "params": {"gamma": 555.7686275991362, "log10_alpha": -2.2705530510176546, "log10_colsample_bytree": -0.7905031232457037, "log10_eta": -1.1494640617056993, "log10_lambda": -0.6945831414241521, "log10_min_child_weight": 4.101679757286799, "log10_subsample": -0.4681525121358098, "max_depth": 3.0, "num_boost_round": 1.0}, "datetime": {"datetime": "2024-01-19 00:11:45", "elapsed": 37.479525, "delta": 0.003315}}
{"target": -13.758555594618885, "params": {"gamma": 555.7686275991362, "log10_alpha": -2.2705530510176546, "log10_colsample_bytree": -0.7905031232457037, "log10_eta": -1.1494640617056993, "log10_lambda": -0.6945831414241521, "log10_min_child_weight": 4.101679757286799, "log10_subsample": -0.4681525121358098, "max_depth": 3.0, "num_boost_round": 2.0}, "datetime": {"datetime": "2024-01-19 00:11:45", "elapsed": 37.479752, "delta": 0.000227}}
{"target": -13.758265022261796, "params": {"gamma": 555.7686275991362, "log10_alpha": -2.2705530510176546, "log10_colsample_bytree": -0.7905031232457037, "log10_eta": -1.1494640617056993, "log10_lambda": -0.6945831414241521, "log10_min_child_weight": 4.101679757286799, "log10_subsample": -0.4681525121358098, "max_depth": 3.0, "num_boost_round": 3.0}, "datetime": {"datetime": "2024-01-19 00:11:45", "elapsed": 37.479945, "delta": 0.000193}}
{"target": -13.758563144235124, "params": {"gamma": 555.7686275991362, "log10_alpha": -2.2705530510176546, "log10_colsample_bytree": -0.7905031232457037, "log10_eta": -1.1494640617056993, "log10_lambda": -0.6945831414241521, "log10_min_child_weight": 4.101679757286799, "log10_subsample": -0.4681525121358098, "max_depth": 3.0, "num_boost_round": 4.0}, "datetime": {"datetime": "2024-01-19 00:11:45", "elapsed": 37.480143, "delta": 0.000198}}
{"target": -13.759118548661608, "params": {"gamma": 555.7686275991362, "log10_alpha": -2.2705530510176546, "log10_colsample_bytree": -0.7905031232457037, "log10_eta": -1.1494640617056993, "log10_lambda": -0.6945831414241521, "log10_min_child_weight": 4.101679757286799, "log10_subsample": -0.4681525121358098, "max_depth": 3.0, "num_boost_round": 5.0}, "datetime": {"datetime": "2024-01-19 00:11:45", "elapsed": 37.480332, "delta": 0.000189}}
{"target": -13.760345023307933, "params": {"gamma": 555.7686275991362, "log10_alpha": -2.2705530510176546, "log10_colsample_bytree": -0.7905031232457037, "log10_eta": -1.1494640617056993, "log10_lambda": -0.6945831414241521, "log10_min_child_weight": 4.101679757286799, "log10_subsample": -0.4681525121358098, "max_depth": 3.0, "num_boost_round": 6.0}, "datetime": {"datetime": "2024-01-19 00:11:45", "elapsed": 37.480522, "delta": 0.00019}}
{"target": -13.760205818792302, "params": {"gamma": 555.7686275991362, "log10_alpha": -2.2705530510176546, "log10_colsample_bytree": -0.7905031232457037, "log10_eta": -1.1494640617056993, "log10_lambda": -0.6945831414241521, "log10_min_child_weight": 4.101679757286799, "log10_subsample": -0.4681525121358098, "max_depth": 3.0, "num_boost_round": 7.0}, "datetime": {"datetime": "2024-01-19 00:11:45", "elapsed": 37.48071, "delta": 0.000188}}
{"target": -13.760875244425298, "params": {"gamma": 555.7686275991362, "log10_alpha": -2.2705530510176546, "log10_colsample_bytree": -0.7905031232457037, "log10_eta": -1.1494640617056993, "log10_lambda": -0.6945831414241521, "log10_min_child_weight": 4.101679757286799, "log10_subsample": -0.4681525121358098, "max_depth": 3.0, "num_boost_round": 8.0}, "datetime": {"datetime": "2024-01-19 00:11:45", "elapsed": 37.481039, "delta": 0.000329}}
{"target": -13.761000699081544, "params": {"gamma": 555.7686275991362, "log10_alpha": -2.2705530510176546, "log10_colsample_bytree": -0.7905031232457037, "log10_eta": -1.1494640617056993, "log10_lambda": -0.6945831414241521, "log10_min_child_weight": 4.101679757286799, "log10_subsample": -0.4681525121358098, "max_depth": 3.0, "num_boost_round": 9.0}, "datetime": {"datetime": "2024-01-19 00:11:45", "elapsed": 37.481239, "delta": 0.0002}}
{"target": -13.758531734121355, "params": {"gamma": 555.1996470762401, "log10_alpha": 0.41663386719926354, "log10_colsample_bytree": -0.41478798567182873, "log10_eta": -3.8541861258622854, "log10_lambda": -3.401049983718094, "log10_min_child_weight": 0.6961489455856468, "log10_subsample": -0.014504885976998838, "max_depth": 6.0, "num_boost_round": 0.0}, "datetime": {"datetime": "2024-01-19 00:12:05", "elapsed": 57.163945, "delta": 19.682706}}
{"target": -13.758528889084703, "params": {"gamma": 555.1996470762401, "log10_alpha": 0.41663386719926354, "log10_colsample_bytree": -0.41478798567182873, "log10_eta": -3.8541861258622854, "log10_lambda": -3.401049983718094, "log10_min_child_weight": 0.6961489455856468, "log10_subsample": -0.014504885976998838, "max_depth": 6.0, "num_boost_round": 1.0}, "datetime": {"datetime": "2024-01-19 00:12:05", "elapsed": 57.16429, "delta": 0.000345}}
{"target": -13.75852449513634, "params": {"gamma": 555.1996470762401, "log10_alpha": 0.41663386719926354, "log10_colsample_bytree": -0.41478798567182873, "log10_eta": -3.8541861258622854, "log10_lambda": -3.401049983718094, "log10_min_child_weight": 0.6961489455856468, "log10_subsample": -0.014504885976998838, "max_depth": 6.0, "num_boost_round": 2.0}, "datetime": {"datetime": "2024-01-19 00:12:05", "elapsed": 57.164509, "delta": 0.000219}}
{"target": -13.758523077333928, "params": {"gamma": 555.1996470762401, "log10_alpha": 0.41663386719926354, "log10_colsample_bytree": -0.41478798567182873, "log10_eta": -3.8541861258622854, "log10_lambda": -3.401049983718094, "log10_min_child_weight": 0.6961489455856468, "log10_subsample": -0.014504885976998838, "max_depth": 6.0, "num_boost_round": 3.0}, "datetime": {"datetime": "2024-01-19 00:12:05", "elapsed": 57.164715, "delta": 0.000206}}
{"target": -13.758514599747556, "params": {"gamma": 555.1996470762401, "log10_alpha": 0.41663386719926354, "log10_colsample_bytree": -0.41478798567182873, "log10_eta": -3.8541861258622854, "log10_lambda": -3.401049983718094, "log10_min_child_weight": 0.6961489455856468, "log10_subsample": -0.014504885976998838, "max_depth": 6.0, "num_boost_round": 4.0}, "datetime": {"datetime": "2024-01-19 00:12:05", "elapsed": 57.164915, "delta": 0.0002}}
