{"target": -13.758494079748905, "params": {"gamma": 973.436763748229, "log10_alpha": -3.413795653115736, "log10_colsample_bytree": -0.926643497028245, "log10_eta": -3.351944111643943, "log10_lambda": -3.6276198993991957, "log10_min_child_weight": 1.0236277955778816, "log10_subsample": -0.27420440211380337, "max_depth": 2.0, "num_boost_round": 13.0}, "datetime": {"datetime": "2024-01-19 00:13:58", "elapsed": 139.234366, "delta": 0.00035}}
{"target": -13.758481549802259, "params": {"gamma": 973.1712203770827, "log10_alpha": -3.954661537187283, "log10_colsample_bytree": -0.678707742267398, "log10_eta": -2.4497760998362335, "log10_lambda": -0.6890371877627768, "log10_min_child_weight": 1.568718563962825, "log10_subsample": -0.18601670839025652, "max_depth": 3.0, "num_boost_round": 0.0}, "datetime": {"datetime": "2024-01-19 00:14:17", "elapsed": 158.447588, "delta": 19.213222}}
{"target": -13.758427994347498, "params": {"gamma": 973.1712203770827, "log10_alpha": -3.954661537187283, "log10_colsample_bytree": -0.678707742267398, "log10_eta": -2.4497760998362335, "log10_lambda": -0.6890371877627768, "log10_min_child_weight": 1.568718563962825, "log10_subsample": -0.18601670839025652, "max_depth": 3.0, "num_boost_round": 1.0}, "datetime": {"datetime": "2024-01-19 00:14:17", "elapsed": 158.448102, "delta": 0.000514}}
{"target": -13.75841685588378, "params": {"gamma": 973.1712203770827, "log10_alpha": -3.954661537187283, "log10_colsample_bytree": -0.678707742267398, "log10_eta": -2.4497760998362335, "log10_lambda": -0.6890371877627768, "log10_min_child_weight": 1.568718563962825, "log10_subsample": -0.18601670839025652, "max_depth": 3.0, "num_boost_round": 2.0}, "datetime": {"datetime": "2024-01-19 00:14:17", "elapsed": 158.448497, "delta": 0.000395}}
{"target": -13.75833250774187, "params": {"gamma": 973.1712203770827, "log10_alpha": -3.954661537187283, "log10_colsample_bytree": -0.678707742267398, "log10_eta": -2.4497760998362335, "log10_lambda": -0.6890371877627768, "log10_min_child_weight": 1.568718563962825, "log10_subsample": -0.18601670839025652, "max_depth": 3.0, "num_boost_round": 3.0}, "datetime": {"datetime": "2024-01-19 00:14:17", "elapsed": 158.448879, "delta": 0.000382}}
{"target": -13.758319496663624, "params": {"gamma": 973.1712203770827, "log10_alpha": -3.954661537187283, "log10_colsample_bytree": -0.678707742267398, "log10_eta": -2.4497760998362335, "log10_lambda": -0.6890371877627768, "log10_min_child_weight": 1.568718563962825, "log10_subsample": -0.18601670839025652, "max_depth": 3.0, "num_boost_round": 4.0}, "datetime": {"datetime": "2024-01-19 00:14:17", "elapsed": 158.449255, "delta": 0.000376}}
{"target": -13.7582520835351, "params": {"gamma": 973.1712203770827, "log10_alpha": -3.954661537187283, "log10_colsample_bytree": -0.678707742267398, "log10_eta": -2.4497760998362335, "log10_lambda": -0.6890371877627768, "log10_min_child_weight": 1.568718563962825, "log10_subsample": -0.18601670839025652, "max_depth": 3.0, "num_boost_round": 5.0}, "datetime": {"datetime": "2024-01-19 00:14:17", "elapsed": 158.449628, "delta": 0.000373}}
{"target": -13.758169983745447, "params": {"gamma": 973.1712203770827, "log10_alpha": -3.954661537187283, "log10_colsample_bytree": -0.678707742267398, "log10_eta": -2.4497760998362335, "log10_lambda": -0.6890371877627768, "log10_min_child_weight": 1.568718563962825, "log10_subsample": -0.18601670839025652, "max_depth": 3.0, "num_boost_round": 6.0}, "datetime": {"datetime": "2024-01-19 00:14:17", "elapsed": 158.450434, "delta": 0.000806}}
{"target": -13.758131459405817, "params": {"gamma": 973.1712203770827, "log10_alpha": -3.954661537187283, "log10_colsample_bytree": -0.678707742267398, "log10_eta": -2.4497760998362335, "log10_lambda": -0.6890371877627768, "log10_min_child_weight": 1.568718563962825, "log10_subsample": -0.18601670839025652, "max_depth": 3.0, "num_boost_round": 7.0}, "datetime": {"datetime": "2024-01-19 00:14:17", "elapsed": 158.450798, "delta": 0.000364}}
{"target": -13.758117384905223, "params": {"gamma": 973.1712203770827, "log10_alpha": -3.954661537187283, "log10_colsample_bytree": -0.678707742267398, "log10_eta": -2.4497760998362335, "log10_lambda": -0.6890371877627768, "log10_min_child_weight": 1.568718563962825, "log10_subsample": -0.18601670839025652, "max_depth": 3.0, "num_boost_round": 8.0}, "datetime": {"datetime": "2024-01-19 00:14:17", "elapsed": 158.451179, "delta": 0.000381}}
{"target": -13.758077575352662, "params": {"gamma": 973.1712203770827, "log10_alpha": -3.954661537187283, "log10_colsample_bytree": -0.678707742267398, "log10_eta": -2.4497760998362335, "log10_lambda": -0.6890371877627768, "log10_min_child_weight": 1.568718563962825, "log10_subsample": -0.18601670839025652, "max_depth": 3.0, "num_boost_round": 9.0}, "datetime": {"datetime": "2024-01-19 00:14:17", "elapsed": 158.451555, "delta": 0.000376}}
{"target": -13.758029961880583, "params": {"gamma": 973.1712203770827, "log10_alpha": -3.954661537187283, "log10_colsample_bytree": -0.678707742267398, "log10_eta": -2.4497760998362335, "log10_lambda": -0.6890371877627768, "log10_min_child_weight": 1.568718563962825, "log10_subsample": -0.18601670839025652, "max_depth": 3.0, "num_boost_round": 10.0}, "datetime": {"datetime": "2024-01-19 00:14:17", "elapsed": 158.451939, "delta": 0.000384}}
{"target": -13.758000091048348, "params": {"gamma": 973.1712203770827, "log10_alpha": -3.954661537187283, "log10_colsample_bytree": -0.678707742267398, "log10_eta": -2.4497760998362335, "log10_lambda": -0.6890371877627768, "log10_min_child_weight": 1.568718563962825, "log10_subsample": -0.18601670839025652, "max_depth": 3.0, "num_boost_round": 11.0}, "datetime": {"datetime": "2024-01-19 00:14:17", "elapsed": 158.452319, "delta": 0.00038}}
{"target": -13.757984664417004, "params": {"gamma": 973.1712203770827, "log10_alpha": -3.954661537187283, "log10_colsample_bytree": -0.678707742267398, "log10_eta": -2.4497760998362335, "log10_lambda": -0.6890371877627768, "log10_min_child_weight": 1.568718563962825, "log10_subsample": -0.18601670839025652, "max_depth": 3.0, "num_boost_round": 12.0}, "datetime": {"datetime": "2024-01-19 00:14:17", "elapsed": 158.452803, "delta": 0.000484}}
{"target": -13.757971861291466, "params": {"gamma": 973.1712203770827, "log10_alpha": -3.954661537187283, "log10_colsample_bytree": -0.678707742267398, "log10_eta": -2.4497760998362335, "log10_lambda": -0.6890371877627768, "log10_min_child_weight": 1.568718563962825, "log10_subsample": -0.18601670839025652, "max_depth": 3.0, "num_boost_round": 13.0}, "datetime": {"datetime": "2024-01-19 00:14:17", "elapsed": 158.453183, "delta": 0.00038}}
{"target": -13.757949907050271, "params": {"gamma": 973.1712203770827, "log10_alpha": -3.954661537187283, "log10_colsample_bytree": -0.678707742267398, "log10_eta": -2.4497760998362335, "log10_lambda": -0.6890371877627768, "log10_min_child_weight": 1.568718563962825, "log10_subsample": -0.18601670839025652, "max_depth": 3.0, "num_boost_round": 14.0}, "datetime": {"datetime": "2024-01-19 00:14:17", "elapsed": 158.453557, "delta": 0.000374}}
{"target": -13.758537836661057, "params": {"gamma": 971.1907532107491, "log10_alpha": -3.6704783098740292, "log10_colsample_bytree": -0.9905183213125088, "log10_eta": -3.6249103504518017, "log10_lambda": -4.086553588888991, "log10_min_child_weight": 3.3182261241713022, "log10_subsample": -0.5328875721061409, "max_depth": 2.0, "num_boost_round": 0.0}, "datetime": {"datetime": "2024-01-19 00:14:34", "elapsed": 175.792503, "delta": 17.338946}}
{"target": -13.758536683498026, "params": {"gamma": 971.1907532107491, "log10_alpha": -3.6704783098740292, "log10_colsample_bytree": -0.9905183213125088, "log10_eta": -3.6249103504518017, "log10_lambda": -4.086553588888991, "log10_min_child_weight": 3.3182261241713022, "log10_subsample": -0.5328875721061409, "max_depth": 2.0, "num_boost_round": 1.0}, "datetime": {"datetime": "2024-01-19 00:14:34", "elapsed": 175.794053, "delta": 0.00155}}
{"target": -13.758536501498428, "params": {"gamma": 971.1907532107491, "log10_alpha": -3.6704783098740292, "log10_colsample_bytree": -0.9905183213125088, "log10_eta": -3.6249103504518017, "log10_lambda": -4.086553588888991, "log10_min_child_weight": 3.3182261241713022, "log10_subsample": -0.5328875721061409, "max_depth": 2.0, "num_boost_round": 2.0}, "datetime": {"datetime": "2024-01-19 00:14:34", "elapsed": 175.794468, "delta": 0.000415}}
{"target": -13.758536682726579, "params": {"gamma": 971.1907532107491, "log10_alpha": -3.6704783098740292, "log10_colsample_bytree": -0.9905183213125088, "log10_eta": -3.6249103504518017, "log10_lambda": -4.086553588888991, "log10_min_child_weight": 3.3182261241713022, "log10_subsample": -0.5328875721061409, "max_depth": 2.0, "num_boost_round": 3.0}, "datetime": {"datetime": "2024-01-19 00:14:34", "elapsed": 175.794856, "delta": 0.000388}}
{"target": -13.7585365901991, "params": {"gamma": 971.1907532107491, "log10_alpha": -3.6704783098740292, "log10_colsample_bytree": -0.9905183213125088, "log10_eta": -3.6249103504518017, "log10_lambda": -4.086553588888991, "log10_min_child_weight": 3.3182261241713022, "log10_subsample": -0.5328875721061409, "max_depth": 2.0, "num_boost_round": 4.0}, "datetime": {"datetime": "2024-01-19 00:14:34", "elapsed": 175.795249, "delta": 0.000393}}
{"target": -13.758536517063892, "params": {"gamma": 971.1907532107491, "log10_alpha": -3.6704783098740292, "log10_colsample_bytree": -0.9905183213125088, "log10_eta": -3.6249103504518017, "log10_lambda": -4.086553588888991, "log10_min_child_weight": 3.3182261241713022, "log10_subsample": -0.5328875721061409, "max_depth": 2.0, "num_boost_round": 5.0}, "datetime": {"datetime": "2024-01-19 00:14:34", "elapsed": 175.79563, "delta": 0.000381}}
{"target": -13.758536234518425, "params": {"gamma": 971.1907532107491, "log10_alpha": -3.6704783098740292, "log10_colsample_bytree": -0.9905183213125088, "log10_eta": -3.6249103504518017, "log10_lambda": -4.086553588888991, "log10_min_child_weight": 3.3182261241713022, "log10_subsample": -0.5328875721061409, "max_depth": 2.0, "num_boost_round": 6.0}, "datetime": {"datetime": "2024-01-19 00:14:34", "elapsed": 175.796022, "delta": 0.000392}}
{"target": -13.758532682320991, "params": {"gamma": 971.1907532107491, "log10_alpha": -3.6704783098740292, "log10_colsample_bytree": -0.9905183213125088, "log10_eta": -3.6249103504518017, "log10_lambda": -4.086553588888991, "log10_min_child_weight": 3.3182261241713022, "log10_subsample": -0.5328875721061409, "max_depth": 2.0, "num_boost_round": 7.0}, "datetime": {"datetime": "2024-01-19 00:14:34", "elapsed": 175.796408, "delta": 0.000386}}
{"target": -13.758530786446979, "params": {"gamma": 971.1907532107491, "log10_alpha": -3.6704783098740292, "log10_colsample_bytree": -0.9905183213125088, "log10_eta": -3.6249103504518017, "log10_lambda": -4.086553588888991, "log10_min_child_weight": 3.3182261241713022, "log10_subsample": -0.5328875721061409, "max_depth": 2.0, "num_boost_round": 8.0}, "datetime": {"datetime": "2024-01-19 00:14:34", "elapsed": 175.796789, "delta": 0.000381}}
{"target": -13.758528559253861, "params": {"gamma": 971.1907532107491, "log10_alpha": -3.6704783098740292, "log10_colsample_bytree": -0.9905183213125088, "log10_eta": -3.6249103504518017, "log10_lambda": -4.086553588888991, "log10_min_child_weight": 3.3182261241713022, "log10_subsample": -0.5328875721061409, "max_depth": 2.0, "num_boost_round": 9.0}, "datetime": {"datetime": "2024-01-19 00:14:34", "elapsed": 175.797178, "delta": 0.000389}}
{"target": -13.758525181003085, "params": {"gamma": 973.0711374108969, "log10_alpha": -0.42759379644866424, "log10_colsample_bytree": -0.7989590039373962, "log10_eta": -3.1199846771176354, "log10_lambda": -1.4618064361091205, "log10_min_child_weight": 2.4909226425267104, "log10_subsample": -0.7674711104376831, "max_depth": 2.0, "num_boost_round": 0.0}, "datetime": {"datetime": "2024-01-19 00:14:54", "elapsed": 195.463565, "delta": 19.666387}}
{"target": -13.758522067618063, "params": {"gamma": 973.0711374108969, "log10_alpha": -0.42759379644866424, "log10_colsample_bytree": -0.7989590039373962, "log10_eta": -3.1199846771176354, "log10_lambda": -1.4618064361091205, "log10_min_child_weight": 2.4909226425267104, "log10_subsample": -0.7674711104376831, "max_depth": 2.0, "num_boost_round": 1.0}, "datetime": {"datetime": "2024-01-19 00:14:54", "elapsed": 195.464104, "delta": 0.000539}}
{"target": -13.758522174759507, "params": {"gamma": 973.0711374108969, "log10_alpha": -0.42759379644866424, "log10_colsample_bytree": -0.7989590039373962, "log10_eta": -3.1199846771176354, "log10_lambda": -1.4618064361091205, "log10_min_child_weight": 2.4909226425267104, "log10_subsample": -0.7674711104376831, "max_depth": 2.0, "num_boost_round": 2.0}, "datetime": {"datetime": "2024-01-19 00:14:54", "elapsed": 195.464521, "delta": 0.000417}}
{"target": -13.75852227151177, "params": {"gamma": 973.0711374108969, "log10_alpha": -0.42759379644866424, "log10_colsample_bytree": -0.7989590039373962, "log10_eta": -3.1199846771176354, "log10_lambda": -1.4618064361091205, "log10_min_child_weight": 2.4909226425267104, "log10_subsample": -0.7674711104376831, "max_depth": 2.0, "num_boost_round": 3.0}, "datetime": {"datetime": "2024-01-19 00:14:54", "elapsed": 195.464937, "delta": 0.000416}}
{"target": -13.758517128245307, "params": {"gamma": 973.0711374108969, "log10_alpha": -0.42759379644866424, "log10_colsample_bytree": -0.7989590039373962, "log10_eta": -3.1199846771176354, "log10_lambda": -1.4618064361091205, "log10_min_child_weight": 2.4909226425267104, "log10_subsample": -0.7674711104376831, "max_depth": 2.0, "num_boost_round": 4.0}, "datetime": {"datetime": "2024-01-19 00:14:54", "elapsed": 195.465348, "delta": 0.000411}}
{"target": -13.758514874296813, "params": {"gamma": 973.0711374108969, "log10_alpha": -0.42759379644866424, "log10_colsample_bytree": -0.7989590039373962, "log10_eta": -3.1199846771176354, "log10_lambda": -1.4618064361091205, "log10_min_child_weight": 2.4909226425267104, "log10_subsample": -0.7674711104376831, "max_depth": 2.0, "num_boost_round": 5.0}, "datetime": {"datetime": "2024-01-19 00:14:54", "elapsed": 195.466268, "delta": 0.00092}}
{"target": -13.758507500124589, "params": {"gamma": 973.0711374108969, "log10_alpha": -0.42759379644866424, "log10_colsample_bytree": -0.7989590039373962, "log10_eta": -3.1199846771176354, "log10_lambda": -1.4618064361091205, "log10_min_child_weight": 2.4909226425267104, "log10_subsample": -0.7674711104376831, "max_depth": 2.0, "num_boost_round": 6.0}, "datetime": {"datetime": "2024-01-19 00:14:54", "elapsed": 195.466677, "delta": 0.000409}}
{"target": -13.758494735621543, "params": {"gamma": 973.0711374108969, "log10_alpha": -0.42759379644866424, "log10_colsample_bytree": -0.7989590039373962, "log10_eta": -3.1199846771176354, "log10_lambda": -1.4618064361091205, "log10_min_child_weight": 2.4909226425267104, "log10_subsample": -0.7674711104376831, "max_depth": 2.0, "num_boost_round": 7.0}, "datetime": {"datetime": "2024-01-19 00:14:54", "elapsed": 195.467082, "delta": 0.000405}}
{"target": -13.758501434028053, "params": {"gamma": 973.0711374108969, "log10_alpha": -0.42759379644866424, "log10_colsample_bytree": -0.7989590039373962, "log10_eta": -3.1199846771176354, "log10_lambda": -1.4618064361091205, "log10_min_child_weight": 2.4909226425267104, "log10_subsample": -0.7674711104376831, "max_depth": 2.0, "num_boost_round": 8.0}, "datetime": {"datetime": "2024-01-19 00:14:54", "elapsed": 195.467544, "delta": 0.000462}}
{"target": -13.758496078713986, "params": {"gamma": 973.0711374108969, "log10_alpha": -0.42759379644866424, "log10_colsample_bytree": -0.7989590039373962, "log10_eta": -3.1199846771176354, "log10_lambda": -1.4618064361091205, "log10_min_child_weight": 2.4909226425267104, "log10_subsample": -0.7674711104376831, "max_depth": 2.0, "num_boost_round": 9.0}, "datetime": {"datetime": "2024-01-19 00:14:54", "elapsed": 195.467954, "delta": 0.00041}}
{"target": -13.75848511986368, "params": {"gamma": 973.0711374108969, "log10_alpha": -0.42759379644866424, "log10_colsample_bytree": -0.7989590039373962, "log10_eta": -3.1199846771176354, "log10_lambda": -1.4618064361091205, "log10_min_child_weight": 2.4909226425267104, "log10_subsample": -0.7674711104376831, "max_depth": 2.0, "num_boost_round": 10.0}, "datetime": {"datetime": "2024-01-19 00:14:54", "elapsed": 195.468357, "delta": 0.000403}}
{"target": -13.758476771743897, "params": {"gamma": 973.0711374108969, "log10_alpha": -0.42759379644866424, "log10_colsample_bytree": -0.7989590039373962, "log10_eta": -3.1199846771176354, "log10_lambda": -1.4618064361091205, "log10_min_child_weight": 2.4909226425267104, "log10_subsample": -0.7674711104376831, "max_depth": 2.0, "num_boost_round": 11.0}, "datetime": {"datetime": "2024-01-19 00:14:54", "elapsed": 195.468863, "delta": 0.000506}}
{"target": -13.758467758583981, "params": {"gamma": 973.0711374108969, "log10_alpha": -0.42759379644866424, "log10_colsample_bytree": -0.7989590039373962, "log10_eta": -3.1199846771176354, "log10_lambda": -1.4618064361091205, "log10_min_child_weight": 2.4909226425267104, "log10_subsample": -0.7674711104376831, "max_depth": 2.0, "num_boost_round": 12.0}, "datetime": {"datetime": "2024-01-19 00:14:54", "elapsed": 195.469281, "delta": 0.000418}}
{"target": -13.758456419020163, "params": {"gamma": 973.0711374108969, "log10_alpha": -0.42759379644866424, "log10_colsample_bytree": -0.7989590039373962, "log10_eta": -3.1199846771176354, "log10_lambda": -1.4618064361091205, "log10_min_child_weight": 2.4909226425267104, "log10_subsample": -0.7674711104376831, "max_depth": 2.0, "num_boost_round": 13.0}, "datetime": {"datetime": "2024-01-19 00:14:54", "elapsed": 195.46969, "delta": 0.000409}}
{"target": -13.758450958254892, "params": {"gamma": 973.0711374108969, "log10_alpha": -0.42759379644866424, "log10_colsample_bytree": -0.7989590039373962, "log10_eta": -3.1199846771176354, "log10_lambda": -1.4618064361091205, "log10_min_child_weight": 2.4909226425267104, "log10_subsample": -0.7674711104376831, "max_depth": 2.0, "num_boost_round": 14.0}, "datetime": {"datetime": "2024-01-19 00:14:54", "elapsed": 195.470109, "delta": 0.000419}}
{"target": -13.758435647957736, "params": {"gamma": 973.0711374108969, "log10_alpha": -0.42759379644866424, "log10_colsample_bytree": -0.7989590039373962, "log10_eta": -3.1199846771176354, "log10_lambda": -1.4618064361091205, "log10_min_child_weight": 2.4909226425267104, "log10_subsample": -0.7674711104376831, "max_depth": 2.0, "num_boost_round": 15.0}, "datetime": {"datetime": "2024-01-19 00:14:54", "elapsed": 195.470522, "delta": 0.000413}}
{"target": -13.758430889081703, "params": {"gamma": 973.0711374108969, "log10_alpha": -0.42759379644866424, "log10_colsample_bytree": -0.7989590039373962, "log10_eta": -3.1199846771176354, "log10_lambda": -1.4618064361091205, "log10_min_child_weight": 2.4909226425267104, "log10_subsample": -0.7674711104376831, "max_depth": 2.0, "num_boost_round": 16.0}, "datetime": {"datetime": "2024-01-19 00:14:54", "elapsed": 195.470942, "delta": 0.00042}}
{"target": -13.758423267175877, "params": {"gamma": 973.0711374108969, "log10_alpha": -0.42759379644866424, "log10_colsample_bytree": -0.7989590039373962, "log10_eta": -3.1199846771176354, "log10_lambda": -1.4618064361091205, "log10_min_child_weight": 2.4909226425267104, "log10_subsample": -0.7674711104376831, "max_depth": 2.0, "num_boost_round": 17.0}, "datetime": {"datetime": "2024-01-19 00:14:54", "elapsed": 195.471361, "delta": 0.000419}}
{"target": -13.758533666560117, "params": {"gamma": 973.6344744735324, "log10_alpha": 0.43296039644408424, "log10_colsample_bytree": -0.4894554014987329, "log10_eta": -3.5172375649096623, "log10_lambda": -2.740373449217765, "log10_min_child_weight": 3.120335111463828, "log10_subsample": -0.9402672049941896, "max_depth": 9.0, "num_boost_round": 0.0}, "datetime": {"datetime": "2024-01-19 00:15:15", "elapsed": 216.267396, "delta": 20.796035}}
{"target": -13.758527230286079, "params": {"gamma": 973.6344744735324, "log10_alpha": 0.43296039644408424, "log10_colsample_bytree": -0.4894554014987329, "log10_eta": -3.5172375649096623, "log10_lambda": -2.740373449217765, "log10_min_child_weight": 3.120335111463828, "log10_subsample": -0.9402672049941896, "max_depth": 9.0, "num_boost_round": 1.0}, "datetime": {"datetime": "2024-01-19 00:15:15", "elapsed": 216.268822, "delta": 0.001426}}
{"target": -13.758521670542589, "params": {"gamma": 973.6344744735324, "log10_alpha": 0.43296039644408424, "log10_colsample_bytree": -0.4894554014987329, "log10_eta": -3.5172375649096623, "log10_lambda": -2.740373449217765, "log10_min_child_weight": 3.120335111463828, "log10_subsample": -0.9402672049941896, "max_depth": 9.0, "num_boost_round": 2.0}, "datetime": {"datetime": "2024-01-19 00:15:15", "elapsed": 216.269284, "delta": 0.000462}}
{"target": -13.758517950010884, "params": {"gamma": 973.6344744735324, "log10_alpha": 0.43296039644408424, "log10_colsample_bytree": -0.4894554014987329, "log10_eta": -3.5172375649096623, "log10_lambda": -2.740373449217765, "log10_min_child_weight": 3.120335111463828, "log10_subsample": -0.9402672049941896, "max_depth": 9.0, "num_boost_round": 3.0}, "datetime": {"datetime": "2024-01-19 00:15:15", "elapsed": 216.269714, "delta": 0.00043}}
{"target": -13.758512251618289, "params": {"gamma": 973.6344744735324, "log10_alpha": 0.43296039644408424, "log10_colsample_bytree": -0.4894554014987329, "log10_eta": -3.5172375649096623, "log10_lambda": -2.740373449217765, "log10_min_child_weight": 3.120335111463828, "log10_subsample": -0.9402672049941896, "max_depth": 9.0, "num_boost_round": 4.0}, "datetime": {"datetime": "2024-01-19 00:15:15", "elapsed": 216.270268, "delta": 0.000554}}
