{"target": -13.758530206300824, "params": {"gamma": 585.2991082395451, "log10_alpha": -1.4582328157883433, "log10_colsample_bytree": -0.6665780251622144, "log10_eta": -3.8235023215490864, "log10_lambda": -0.17532651235879726, "log10_min_child_weight": 3.616231224392032, "log10_subsample": -0.5661321157971064, "max_depth": 8.0, "num_boost_round": 2.0}, "datetime": {"datetime": "2024-01-19 01:00:44", "elapsed": 2975.945306, "delta": 0.003403}}
{"target": -13.75852841537482, "params": {"gamma": 585.2991082395451, "log10_alpha": -1.4582328157883433, "log10_colsample_bytree": -0.6665780251622144, "log10_eta": -3.8235023215490864, "log10_lambda": -0.17532651235879726, "log10_min_child_weight": 3.616231224392032, "log10_subsample": -0.5661321157971064, "max_depth": 8.0, "num_boost_round": 3.0}, "datetime": {"datetime": "2024-01-19 01:00:44", "elapsed": 2975.948787, "delta": 0.003481}}
{"target": -13.758526694246012, "params": {"gamma": 585.2991082395451, "log10_alpha": -1.4582328157883433, "log10_colsample_bytree": -0.6665780251622144, "log10_eta": -3.8235023215490864, "log10_lambda": -0.17532651235879726, "log10_min_child_weight": 3.616231224392032, "log10_subsample": -0.5661321157971064, "max_depth": 8.0, "num_boost_round": 4.0}, "datetime": {"datetime": "2024-01-19 01:00:44", "elapsed": 2975.952207, "delta": 0.00342}}
{"target": -13.758523882888339, "params": {"gamma": 585.2991082395451, "log10_alpha": -1.4582328157883433, "log10_colsample_bytree": -0.6665780251622144, "log10_eta": -3.8235023215490864, "log10_lambda": -0.17532651235879726, "log10_min_child_weight": 3.616231224392032, "log10_subsample": -0.5661321157971064, "max_depth": 8.0, "num_boost_round": 5.0}, "datetime": {"datetime": "2024-01-19 01:00:44", "elapsed": 2975.95558, "delta": 0.003373}}
{"target": -13.75852398278695, "params": {"gamma": 585.2991082395451, "log10_alpha": -1.4582328157883433, "log10_colsample_bytree": -0.6665780251622144, "log10_eta": -3.8235023215490864, "log10_lambda": -0.17532651235879726, "log10_min_child_weight": 3.616231224392032, "log10_subsample": -0.5661321157971064, "max_depth": 8.0, "num_boost_round": 6.0}, "datetime": {"datetime": "2024-01-19 01:00:44", "elapsed": 2975.959001, "delta": 0.003421}}
{"target": -13.758520921609477, "params": {"gamma": 585.2991082395451, "log10_alpha": -1.4582328157883433, "log10_colsample_bytree": -0.6665780251622144, "log10_eta": -3.8235023215490864, "log10_lambda": -0.17532651235879726, "log10_min_child_weight": 3.616231224392032, "log10_subsample": -0.5661321157971064, "max_depth": 8.0, "num_boost_round": 7.0}, "datetime": {"datetime": "2024-01-19 01:00:44", "elapsed": 2975.962303, "delta": 0.003302}}
{"target": -13.758514773454557, "params": {"gamma": 585.2991082395451, "log10_alpha": -1.4582328157883433, "log10_colsample_bytree": -0.6665780251622144, "log10_eta": -3.8235023215490864, "log10_lambda": -0.17532651235879726, "log10_min_child_weight": 3.616231224392032, "log10_subsample": -0.5661321157971064, "max_depth": 8.0, "num_boost_round": 8.0}, "datetime": {"datetime": "2024-01-19 01:00:44", "elapsed": 2975.965692, "delta": 0.003389}}
{"target": -13.758514066155122, "params": {"gamma": 585.2991082395451, "log10_alpha": -1.4582328157883433, "log10_colsample_bytree": -0.6665780251622144, "log10_eta": -3.8235023215490864, "log10_lambda": -0.17532651235879726, "log10_min_child_weight": 3.616231224392032, "log10_subsample": -0.5661321157971064, "max_depth": 8.0, "num_boost_round": 9.0}, "datetime": {"datetime": "2024-01-19 01:00:44", "elapsed": 2975.969036, "delta": 0.003344}}
{"target": -13.758510450771324, "params": {"gamma": 585.2991082395451, "log10_alpha": -1.4582328157883433, "log10_colsample_bytree": -0.6665780251622144, "log10_eta": -3.8235023215490864, "log10_lambda": -0.17532651235879726, "log10_min_child_weight": 3.616231224392032, "log10_subsample": -0.5661321157971064, "max_depth": 8.0, "num_boost_round": 10.0}, "datetime": {"datetime": "2024-01-19 01:00:44", "elapsed": 2975.972235, "delta": 0.003199}}
{"target": -13.75850847852948, "params": {"gamma": 585.2991082395451, "log10_alpha": -1.4582328157883433, "log10_colsample_bytree": -0.6665780251622144, "log10_eta": -3.8235023215490864, "log10_lambda": -0.17532651235879726, "log10_min_child_weight": 3.616231224392032, "log10_subsample": -0.5661321157971064, "max_depth": 8.0, "num_boost_round": 11.0}, "datetime": {"datetime": "2024-01-19 01:00:44", "elapsed": 2975.975461, "delta": 0.003226}}
{"target": -13.75850403260502, "params": {"gamma": 585.2991082395451, "log10_alpha": -1.4582328157883433, "log10_colsample_bytree": -0.6665780251622144, "log10_eta": -3.8235023215490864, "log10_lambda": -0.17532651235879726, "log10_min_child_weight": 3.616231224392032, "log10_subsample": -0.5661321157971064, "max_depth": 8.0, "num_boost_round": 12.0}, "datetime": {"datetime": "2024-01-19 01:00:44", "elapsed": 2975.978674, "delta": 0.003213}}
{"target": -13.758503068644902, "params": {"gamma": 585.2991082395451, "log10_alpha": -1.4582328157883433, "log10_colsample_bytree": -0.6665780251622144, "log10_eta": -3.8235023215490864, "log10_lambda": -0.17532651235879726, "log10_min_child_weight": 3.616231224392032, "log10_subsample": -0.5661321157971064, "max_depth": 8.0, "num_boost_round": 13.0}, "datetime": {"datetime": "2024-01-19 01:00:44", "elapsed": 2975.98193, "delta": 0.003256}}
{"target": -13.758500375620088, "params": {"gamma": 585.2991082395451, "log10_alpha": -1.4582328157883433, "log10_colsample_bytree": -0.6665780251622144, "log10_eta": -3.8235023215490864, "log10_lambda": -0.17532651235879726, "log10_min_child_weight": 3.616231224392032, "log10_subsample": -0.5661321157971064, "max_depth": 8.0, "num_boost_round": 14.0}, "datetime": {"datetime": "2024-01-19 01:00:44", "elapsed": 2975.985241, "delta": 0.003311}}
{"target": -13.758495384547997, "params": {"gamma": 585.2991082395451, "log10_alpha": -1.4582328157883433, "log10_colsample_bytree": -0.6665780251622144, "log10_eta": -3.8235023215490864, "log10_lambda": -0.17532651235879726, "log10_min_child_weight": 3.616231224392032, "log10_subsample": -0.5661321157971064, "max_depth": 8.0, "num_boost_round": 15.0}, "datetime": {"datetime": "2024-01-19 01:00:44", "elapsed": 2975.988658, "delta": 0.003417}}
{"target": -13.758494077960007, "params": {"gamma": 585.2991082395451, "log10_alpha": -1.4582328157883433, "log10_colsample_bytree": -0.6665780251622144, "log10_eta": -3.8235023215490864, "log10_lambda": -0.17532651235879726, "log10_min_child_weight": 3.616231224392032, "log10_subsample": -0.5661321157971064, "max_depth": 8.0, "num_boost_round": 16.0}, "datetime": {"datetime": "2024-01-19 01:00:44", "elapsed": 2975.991878, "delta": 0.00322}}
{"target": -13.758491778226254, "params": {"gamma": 585.2991082395451, "log10_alpha": -1.4582328157883433, "log10_colsample_bytree": -0.6665780251622144, "log10_eta": -3.8235023215490864, "log10_lambda": -0.17532651235879726, "log10_min_child_weight": 3.616231224392032, "log10_subsample": -0.5661321157971064, "max_depth": 8.0, "num_boost_round": 17.0}, "datetime": {"datetime": "2024-01-19 01:00:44", "elapsed": 2975.995149, "delta": 0.003271}}
{"target": -13.758493259743405, "params": {"gamma": 585.2991082395451, "log10_alpha": -1.4582328157883433, "log10_colsample_bytree": -0.6665780251622144, "log10_eta": -3.8235023215490864, "log10_lambda": -0.17532651235879726, "log10_min_child_weight": 3.616231224392032, "log10_subsample": -0.5661321157971064, "max_depth": 8.0, "num_boost_round": 18.0}, "datetime": {"datetime": "2024-01-19 01:00:44", "elapsed": 2975.998388, "delta": 0.003239}}
{"target": -13.758485991100649, "params": {"gamma": 585.2991082395451, "log10_alpha": -1.4582328157883433, "log10_colsample_bytree": -0.6665780251622144, "log10_eta": -3.8235023215490864, "log10_lambda": -0.17532651235879726, "log10_min_child_weight": 3.616231224392032, "log10_subsample": -0.5661321157971064, "max_depth": 8.0, "num_boost_round": 19.0}, "datetime": {"datetime": "2024-01-19 01:00:44", "elapsed": 2976.001665, "delta": 0.003277}}
{"target": -13.758485094945462, "params": {"gamma": 585.2991082395451, "log10_alpha": -1.4582328157883433, "log10_colsample_bytree": -0.6665780251622144, "log10_eta": -3.8235023215490864, "log10_lambda": -0.17532651235879726, "log10_min_child_weight": 3.616231224392032, "log10_subsample": -0.5661321157971064, "max_depth": 8.0, "num_boost_round": 20.0}, "datetime": {"datetime": "2024-01-19 01:00:44", "elapsed": 2976.004938, "delta": 0.003273}}
{"target": -13.758481740707682, "params": {"gamma": 585.2991082395451, "log10_alpha": -1.4582328157883433, "log10_colsample_bytree": -0.6665780251622144, "log10_eta": -3.8235023215490864, "log10_lambda": -0.17532651235879726, "log10_min_child_weight": 3.616231224392032, "log10_subsample": -0.5661321157971064, "max_depth": 8.0, "num_boost_round": 21.0}, "datetime": {"datetime": "2024-01-19 01:00:44", "elapsed": 2976.008324, "delta": 0.003386}}
{"target": -13.75847687718075, "params": {"gamma": 585.2991082395451, "log10_alpha": -1.4582328157883433, "log10_colsample_bytree": -0.6665780251622144, "log10_eta": -3.8235023215490864, "log10_lambda": -0.17532651235879726, "log10_min_child_weight": 3.616231224392032, "log10_subsample": -0.5661321157971064, "max_depth": 8.0, "num_boost_round": 22.0}, "datetime": {"datetime": "2024-01-19 01:00:44", "elapsed": 2976.130103, "delta": 0.121779}}
{"target": -13.75847730789693, "params": {"gamma": 585.2991082395451, "log10_alpha": -1.4582328157883433, "log10_colsample_bytree": -0.6665780251622144, "log10_eta": -3.8235023215490864, "log10_lambda": -0.17532651235879726, "log10_min_child_weight": 3.616231224392032, "log10_subsample": -0.5661321157971064, "max_depth": 8.0, "num_boost_round": 23.0}, "datetime": {"datetime": "2024-01-19 01:00:44", "elapsed": 2976.134179, "delta": 0.004076}}
{"target": -13.75847635228432, "params": {"gamma": 585.2991082395451, "log10_alpha": -1.4582328157883433, "log10_colsample_bytree": -0.6665780251622144, "log10_eta": -3.8235023215490864, "log10_lambda": -0.17532651235879726, "log10_min_child_weight": 3.616231224392032, "log10_subsample": -0.5661321157971064, "max_depth": 8.0, "num_boost_round": 24.0}, "datetime": {"datetime": "2024-01-19 01:00:44", "elapsed": 2976.137812, "delta": 0.003633}}
{"target": -13.758477089542884, "params": {"gamma": 585.2991082395451, "log10_alpha": -1.4582328157883433, "log10_colsample_bytree": -0.6665780251622144, "log10_eta": -3.8235023215490864, "log10_lambda": -0.17532651235879726, "log10_min_child_weight": 3.616231224392032, "log10_subsample": -0.5661321157971064, "max_depth": 8.0, "num_boost_round": 25.0}, "datetime": {"datetime": "2024-01-19 01:00:44", "elapsed": 2976.14146, "delta": 0.003648}}
{"target": -13.758471879243361, "params": {"gamma": 585.2991082395451, "log10_alpha": -1.4582328157883433, "log10_colsample_bytree": -0.6665780251622144, "log10_eta": -3.8235023215490864, "log10_lambda": -0.17532651235879726, "log10_min_child_weight": 3.616231224392032, "log10_subsample": -0.5661321157971064, "max_depth": 8.0, "num_boost_round": 26.0}, "datetime": {"datetime": "2024-01-19 01:00:44", "elapsed": 2976.144863, "delta": 0.003403}}
{"target": -13.758468274150244, "params": {"gamma": 585.2991082395451, "log10_alpha": -1.4582328157883433, "log10_colsample_bytree": -0.6665780251622144, "log10_eta": -3.8235023215490864, "log10_lambda": -0.17532651235879726, "log10_min_child_weight": 3.616231224392032, "log10_subsample": -0.5661321157971064, "max_depth": 8.0, "num_boost_round": 27.0}, "datetime": {"datetime": "2024-01-19 01:00:44", "elapsed": 2976.148313, "delta": 0.00345}}
{"target": -13.758463201601359, "params": {"gamma": 585.2991082395451, "log10_alpha": -1.4582328157883433, "log10_colsample_bytree": -0.6665780251622144, "log10_eta": -3.8235023215490864, "log10_lambda": -0.17532651235879726, "log10_min_child_weight": 3.616231224392032, "log10_subsample": -0.5661321157971064, "max_depth": 8.0, "num_boost_round": 28.0}, "datetime": {"datetime": "2024-01-19 01:00:44", "elapsed": 2976.151685, "delta": 0.003372}}
{"target": -13.758461600427411, "params": {"gamma": 585.2991082395451, "log10_alpha": -1.4582328157883433, "log10_colsample_bytree": -0.6665780251622144, "log10_eta": -3.8235023215490864, "log10_lambda": -0.17532651235879726, "log10_min_child_weight": 3.616231224392032, "log10_subsample": -0.5661321157971064, "max_depth": 8.0, "num_boost_round": 29.0}, "datetime": {"datetime": "2024-01-19 01:00:44", "elapsed": 2976.155108, "delta": 0.003423}}
{"target": -13.75845820234902, "params": {"gamma": 585.2991082395451, "log10_alpha": -1.4582328157883433, "log10_colsample_bytree": -0.6665780251622144, "log10_eta": -3.8235023215490864, "log10_lambda": -0.17532651235879726, "log10_min_child_weight": 3.616231224392032, "log10_subsample": -0.5661321157971064, "max_depth": 8.0, "num_boost_round": 30.0}, "datetime": {"datetime": "2024-01-19 01:00:44", "elapsed": 2976.158464, "delta": 0.003356}}
{"target": -13.758453806350555, "params": {"gamma": 585.2991082395451, "log10_alpha": -1.4582328157883433, "log10_colsample_bytree": -0.6665780251622144, "log10_eta": -3.8235023215490864, "log10_lambda": -0.17532651235879726, "log10_min_child_weight": 3.616231224392032, "log10_subsample": -0.5661321157971064, "max_depth": 8.0, "num_boost_round": 31.0}, "datetime": {"datetime": "2024-01-19 01:00:44", "elapsed": 2976.161969, "delta": 0.003505}}
{"target": -13.75845064098119, "params": {"gamma": 585.2991082395451, "log10_alpha": -1.4582328157883433, "log10_colsample_bytree": -0.6665780251622144, "log10_eta": -3.8235023215490864, "log10_lambda": -0.17532651235879726, "log10_min_child_weight": 3.616231224392032, "log10_subsample": -0.5661321157971064, "max_depth": 8.0, "num_boost_round": 32.0}, "datetime": {"datetime": "2024-01-19 01:00:44", "elapsed": 2976.165401, "delta": 0.003432}}
{"target": -13.75844788850526, "params": {"gamma": 585.2991082395451, "log10_alpha": -1.4582328157883433, "log10_colsample_bytree": -0.6665780251622144, "log10_eta": -3.8235023215490864, "log10_lambda": -0.17532651235879726, "log10_min_child_weight": 3.616231224392032, "log10_subsample": -0.5661321157971064, "max_depth": 8.0, "num_boost_round": 33.0}, "datetime": {"datetime": "2024-01-19 01:00:44", "elapsed": 2976.168884, "delta": 0.003483}}
{"target": -13.758445420570975, "params": {"gamma": 585.2991082395451, "log10_alpha": -1.4582328157883433, "log10_colsample_bytree": -0.6665780251622144, "log10_eta": -3.8235023215490864, "log10_lambda": -0.17532651235879726, "log10_min_child_weight": 3.616231224392032, "log10_subsample": -0.5661321157971064, "max_depth": 8.0, "num_boost_round": 34.0}, "datetime": {"datetime": "2024-01-19 01:00:44", "elapsed": 2976.172345, "delta": 0.003461}}
{"target": -13.75844283760164, "params": {"gamma": 585.2991082395451, "log10_alpha": -1.4582328157883433, "log10_colsample_bytree": -0.6665780251622144, "log10_eta": -3.8235023215490864, "log10_lambda": -0.17532651235879726, "log10_min_child_weight": 3.616231224392032, "log10_subsample": -0.5661321157971064, "max_depth": 8.0, "num_boost_round": 35.0}, "datetime": {"datetime": "2024-01-19 01:00:44", "elapsed": 2976.17583, "delta": 0.003485}}
{"target": -13.758444448795498, "params": {"gamma": 585.2991082395451, "log10_alpha": -1.4582328157883433, "log10_colsample_bytree": -0.6665780251622144, "log10_eta": -3.8235023215490864, "log10_lambda": -0.17532651235879726, "log10_min_child_weight": 3.616231224392032, "log10_subsample": -0.5661321157971064, "max_depth": 8.0, "num_boost_round": 36.0}, "datetime": {"datetime": "2024-01-19 01:00:44", "elapsed": 2976.179252, "delta": 0.003422}}
{"target": -13.758444042983967, "params": {"gamma": 585.2991082395451, "log10_alpha": -1.4582328157883433, "log10_colsample_bytree": -0.6665780251622144, "log10_eta": -3.8235023215490864, "log10_lambda": -0.17532651235879726, "log10_min_child_weight": 3.616231224392032, "log10_subsample": -0.5661321157971064, "max_depth": 8.0, "num_boost_round": 37.0}, "datetime": {"datetime": "2024-01-19 01:00:44", "elapsed": 2976.182742, "delta": 0.00349}}
{"target": -13.758537167556021, "params": {"gamma": 585.1076659324559, "log10_alpha": -4.200370091179056, "log10_colsample_bytree": -0.9571792122423638, "log10_eta": -3.2673914699479165, "log10_lambda": 0.49046550407658795, "log10_min_child_weight": 4.907259304748552, "log10_subsample": -0.7906310733812363, "max_depth": 2.0, "num_boost_round": 0.0}, "datetime": {"datetime": "2024-01-19 01:01:36", "elapsed": 3028.198237, "delta": 52.015495}}
{"target": -13.758535087103981, "params": {"gamma": 585.1076659324559, "log10_alpha": -4.200370091179056, "log10_colsample_bytree": -0.9571792122423638, "log10_eta": -3.2673914699479165, "log10_lambda": 0.49046550407658795, "log10_min_child_weight": 4.907259304748552, "log10_subsample": -0.7906310733812363, "max_depth": 2.0, "num_boost_round": 1.0}, "datetime": {"datetime": "2024-01-19 01:01:36", "elapsed": 3028.201956, "delta": 0.003719}}
{"target": -13.758535361924869, "params": {"gamma": 585.1076659324559, "log10_alpha": -4.200370091179056, "log10_colsample_bytree": -0.9571792122423638, "log10_eta": -3.2673914699479165, "log10_lambda": 0.49046550407658795, "log10_min_child_weight": 4.907259304748552, "log10_subsample": -0.7906310733812363, "max_depth": 2.0, "num_boost_round": 2.0}, "datetime": {"datetime": "2024-01-19 01:01:36", "elapsed": 3028.205554, "delta": 0.003598}}
{"target": -13.758535875814147, "params": {"gamma": 585.1076659324559, "log10_alpha": -4.200370091179056, "log10_colsample_bytree": -0.9571792122423638, "log10_eta": -3.2673914699479165, "log10_lambda": 0.49046550407658795, "log10_min_child_weight": 4.907259304748552, "log10_subsample": -0.7906310733812363, "max_depth": 2.0, "num_boost_round": 3.0}, "datetime": {"datetime": "2024-01-19 01:01:36", "elapsed": 3028.209036, "delta": 0.003482}}
{"target": -13.758536353792266, "params": {"gamma": 585.1076659324559, "log10_alpha": -4.200370091179056, "log10_colsample_bytree": -0.9571792122423638, "log10_eta": -3.2673914699479165, "log10_lambda": 0.49046550407658795, "log10_min_child_weight": 4.907259304748552, "log10_subsample": -0.7906310733812363, "max_depth": 2.0, "num_boost_round": 4.0}, "datetime": {"datetime": "2024-01-19 01:01:36", "elapsed": 3028.212344, "delta": 0.003308}}
{"target": -13.758535103466624, "params": {"gamma": 585.1076659324559, "log10_alpha": -4.200370091179056, "log10_colsample_bytree": -0.9571792122423638, "log10_eta": -3.2673914699479165, "log10_lambda": 0.49046550407658795, "log10_min_child_weight": 4.907259304748552, "log10_subsample": -0.7906310733812363, "max_depth": 2.0, "num_boost_round": 5.0}, "datetime": {"datetime": "2024-01-19 01:01:36", "elapsed": 3028.215678, "delta": 0.003334}}
{"target": -13.758534740461043, "params": {"gamma": 585.1076659324559, "log10_alpha": -4.200370091179056, "log10_colsample_bytree": -0.9571792122423638, "log10_eta": -3.2673914699479165, "log10_lambda": 0.49046550407658795, "log10_min_child_weight": 4.907259304748552, "log10_subsample": -0.7906310733812363, "max_depth": 2.0, "num_boost_round": 6.0}, "datetime": {"datetime": "2024-01-19 01:01:36", "elapsed": 3028.219002, "delta": 0.003324}}
{"target": -13.758532703538195, "params": {"gamma": 585.1076659324559, "log10_alpha": -4.200370091179056, "log10_colsample_bytree": -0.9571792122423638, "log10_eta": -3.2673914699479165, "log10_lambda": 0.49046550407658795, "log10_min_child_weight": 4.907259304748552, "log10_subsample": -0.7906310733812363, "max_depth": 2.0, "num_boost_round": 7.0}, "datetime": {"datetime": "2024-01-19 01:01:36", "elapsed": 3028.222372, "delta": 0.00337}}
{"target": -13.758532203707235, "params": {"gamma": 585.1076659324559, "log10_alpha": -4.200370091179056, "log10_colsample_bytree": -0.9571792122423638, "log10_eta": -3.2673914699479165, "log10_lambda": 0.49046550407658795, "log10_min_child_weight": 4.907259304748552, "log10_subsample": -0.7906310733812363, "max_depth": 2.0, "num_boost_round": 8.0}, "datetime": {"datetime": "2024-01-19 01:01:36", "elapsed": 3028.226026, "delta": 0.003654}}
{"target": -13.758530987267708, "params": {"gamma": 585.1076659324559, "log10_alpha": -4.200370091179056, "log10_colsample_bytree": -0.9571792122423638, "log10_eta": -3.2673914699479165, "log10_lambda": 0.49046550407658795, "log10_min_child_weight": 4.907259304748552, "log10_subsample": -0.7906310733812363, "max_depth": 2.0, "num_boost_round": 9.0}, "datetime": {"datetime": "2024-01-19 01:01:36", "elapsed": 3028.229815, "delta": 0.003789}}
{"target": -13.758530009526007, "params": {"gamma": 585.1076659324559, "log10_alpha": -4.200370091179056, "log10_colsample_bytree": -0.9571792122423638, "log10_eta": -3.2673914699479165, "log10_lambda": 0.49046550407658795, "log10_min_child_weight": 4.907259304748552, "log10_subsample": -0.7906310733812363, "max_depth": 2.0, "num_boost_round": 10.0}, "datetime": {"datetime": "2024-01-19 01:01:36", "elapsed": 3028.23321, "delta": 0.003395}}
{"target": -13.75852794476448, "params": {"gamma": 585.1076659324559, "log10_alpha": -4.200370091179056, "log10_colsample_bytree": -0.9571792122423638, "log10_eta": -3.2673914699479165, "log10_lambda": 0.49046550407658795, "log10_min_child_weight": 4.907259304748552, "log10_subsample": -0.7906310733812363, "max_depth": 2.0, "num_boost_round": 11.0}, "datetime": {"datetime": "2024-01-19 01:01:36", "elapsed": 3028.236536, "delta": 0.003326}}
{"target": -13.758528496337657, "params": {"gamma": 585.1076659324559, "log10_alpha": -4.200370091179056, "log10_colsample_bytree": -0.9571792122423638, "log10_eta": -3.2673914699479165, "log10_lambda": 0.49046550407658795, "log10_min_child_weight": 4.907259304748552, "log10_subsample": -0.7906310733812363, "max_depth": 2.0, "num_boost_round": 12.0}, "datetime": {"datetime": "2024-01-19 01:01:36", "elapsed": 3028.239937, "delta": 0.003401}}
