{"target": -17.671064343125472, "params": {"gamma": 546.9319508681102, "log10_alpha": 0.987321795155375, "log10_colsample_bytree": -0.37651808734116987, "log10_eta": -1.2740517566531508, "log10_lambda": -1.4882587320287648, "log10_min_child_weight": 2.7233098290530307, "log10_subsample": -0.43133304124176075, "max_depth": 3.0, "num_boost_round": 5.0}, "datetime": {"datetime": "2024-01-19 00:23:04", "elapsed": 681.921639, "delta": 0.001019}}
{"target": -17.670788923091276, "params": {"gamma": 546.9319508681102, "log10_alpha": 0.987321795155375, "log10_colsample_bytree": -0.37651808734116987, "log10_eta": -1.2740517566531508, "log10_lambda": -1.4882587320287648, "log10_min_child_weight": 2.7233098290530307, "log10_subsample": -0.43133304124176075, "max_depth": 3.0, "num_boost_round": 6.0}, "datetime": {"datetime": "2024-01-19 00:23:04", "elapsed": 681.922655, "delta": 0.001016}}
{"target": -17.670629630871442, "params": {"gamma": 546.9319508681102, "log10_alpha": 0.987321795155375, "log10_colsample_bytree": -0.37651808734116987, "log10_eta": -1.2740517566531508, "log10_lambda": -1.4882587320287648, "log10_min_child_weight": 2.7233098290530307, "log10_subsample": -0.43133304124176075, "max_depth": 3.0, "num_boost_round": 7.0}, "datetime": {"datetime": "2024-01-19 00:23:04", "elapsed": 681.923734, "delta": 0.001079}}
{"target": -17.670777034422088, "params": {"gamma": 546.9319508681102, "log10_alpha": 0.987321795155375, "log10_colsample_bytree": -0.37651808734116987, "log10_eta": -1.2740517566531508, "log10_lambda": -1.4882587320287648, "log10_min_child_weight": 2.7233098290530307, "log10_subsample": -0.43133304124176075, "max_depth": 3.0, "num_boost_round": 8.0}, "datetime": {"datetime": "2024-01-19 00:23:04", "elapsed": 681.929089, "delta": 0.005355}}
{"target": -17.669595886792013, "params": {"gamma": 546.9319508681102, "log10_alpha": 0.987321795155375, "log10_colsample_bytree": -0.37651808734116987, "log10_eta": -1.2740517566531508, "log10_lambda": -1.4882587320287648, "log10_min_child_weight": 2.7233098290530307, "log10_subsample": -0.43133304124176075, "max_depth": 3.0, "num_boost_round": 9.0}, "datetime": {"datetime": "2024-01-19 00:23:04", "elapsed": 681.930115, "delta": 0.001026}}
{"target": -17.669949908387164, "params": {"gamma": 546.9319508681102, "log10_alpha": 0.987321795155375, "log10_colsample_bytree": -0.37651808734116987, "log10_eta": -1.2740517566531508, "log10_lambda": -1.4882587320287648, "log10_min_child_weight": 2.7233098290530307, "log10_subsample": -0.43133304124176075, "max_depth": 3.0, "num_boost_round": 10.0}, "datetime": {"datetime": "2024-01-19 00:23:04", "elapsed": 681.931131, "delta": 0.001016}}
{"target": -17.66905064853563, "params": {"gamma": 546.9319508681102, "log10_alpha": 0.987321795155375, "log10_colsample_bytree": -0.37651808734116987, "log10_eta": -1.2740517566531508, "log10_lambda": -1.4882587320287648, "log10_min_child_weight": 2.7233098290530307, "log10_subsample": -0.43133304124176075, "max_depth": 3.0, "num_boost_round": 11.0}, "datetime": {"datetime": "2024-01-19 00:23:04", "elapsed": 681.932213, "delta": 0.001082}}
{"target": -17.669564053532618, "params": {"gamma": 546.9319508681102, "log10_alpha": 0.987321795155375, "log10_colsample_bytree": -0.37651808734116987, "log10_eta": -1.2740517566531508, "log10_lambda": -1.4882587320287648, "log10_min_child_weight": 2.7233098290530307, "log10_subsample": -0.43133304124176075, "max_depth": 3.0, "num_boost_round": 12.0}, "datetime": {"datetime": "2024-01-19 00:23:04", "elapsed": 681.933229, "delta": 0.001016}}
{"target": -17.669617894474005, "params": {"gamma": 546.9319508681102, "log10_alpha": 0.987321795155375, "log10_colsample_bytree": -0.37651808734116987, "log10_eta": -1.2740517566531508, "log10_lambda": -1.4882587320287648, "log10_min_child_weight": 2.7233098290530307, "log10_subsample": -0.43133304124176075, "max_depth": 3.0, "num_boost_round": 13.0}, "datetime": {"datetime": "2024-01-19 00:23:04", "elapsed": 681.934296, "delta": 0.001067}}
{"target": -17.669368833030163, "params": {"gamma": 546.9319508681102, "log10_alpha": 0.987321795155375, "log10_colsample_bytree": -0.37651808734116987, "log10_eta": -1.2740517566531508, "log10_lambda": -1.4882587320287648, "log10_min_child_weight": 2.7233098290530307, "log10_subsample": -0.43133304124176075, "max_depth": 3.0, "num_boost_round": 14.0}, "datetime": {"datetime": "2024-01-19 00:23:04", "elapsed": 681.935329, "delta": 0.001033}}
{"target": -17.66932515302854, "params": {"gamma": 546.9319508681102, "log10_alpha": 0.987321795155375, "log10_colsample_bytree": -0.37651808734116987, "log10_eta": -1.2740517566531508, "log10_lambda": -1.4882587320287648, "log10_min_child_weight": 2.7233098290530307, "log10_subsample": -0.43133304124176075, "max_depth": 3.0, "num_boost_round": 15.0}, "datetime": {"datetime": "2024-01-19 00:23:04", "elapsed": 681.936368, "delta": 0.001039}}
{"target": -17.669804611164725, "params": {"gamma": 546.9319508681102, "log10_alpha": 0.987321795155375, "log10_colsample_bytree": -0.37651808734116987, "log10_eta": -1.2740517566531508, "log10_lambda": -1.4882587320287648, "log10_min_child_weight": 2.7233098290530307, "log10_subsample": -0.43133304124176075, "max_depth": 3.0, "num_boost_round": 16.0}, "datetime": {"datetime": "2024-01-19 00:23:04", "elapsed": 681.937409, "delta": 0.001041}}
{"target": -17.671615304371095, "params": {"gamma": 546.9319508681102, "log10_alpha": 0.987321795155375, "log10_colsample_bytree": -0.37651808734116987, "log10_eta": -1.2740517566531508, "log10_lambda": -1.4882587320287648, "log10_min_child_weight": 2.7233098290530307, "log10_subsample": -0.43133304124176075, "max_depth": 3.0, "num_boost_round": 17.0}, "datetime": {"datetime": "2024-01-19 00:23:04", "elapsed": 681.938434, "delta": 0.001025}}
{"target": -17.67247363076276, "params": {"gamma": 546.9319508681102, "log10_alpha": 0.987321795155375, "log10_colsample_bytree": -0.37651808734116987, "log10_eta": -1.2740517566531508, "log10_lambda": -1.4882587320287648, "log10_min_child_weight": 2.7233098290530307, "log10_subsample": -0.43133304124176075, "max_depth": 3.0, "num_boost_round": 18.0}, "datetime": {"datetime": "2024-01-19 00:23:04", "elapsed": 681.939462, "delta": 0.001028}}
{"target": -17.672387321933336, "params": {"gamma": 546.9319508681102, "log10_alpha": 0.987321795155375, "log10_colsample_bytree": -0.37651808734116987, "log10_eta": -1.2740517566531508, "log10_lambda": -1.4882587320287648, "log10_min_child_weight": 2.7233098290530307, "log10_subsample": -0.43133304124176075, "max_depth": 3.0, "num_boost_round": 19.0}, "datetime": {"datetime": "2024-01-19 00:23:04", "elapsed": 681.940535, "delta": 0.001073}}
{"target": -17.672740870638975, "params": {"gamma": 546.9319508681102, "log10_alpha": 0.987321795155375, "log10_colsample_bytree": -0.37651808734116987, "log10_eta": -1.2740517566531508, "log10_lambda": -1.4882587320287648, "log10_min_child_weight": 2.7233098290530307, "log10_subsample": -0.43133304124176075, "max_depth": 3.0, "num_boost_round": 20.0}, "datetime": {"datetime": "2024-01-19 00:23:04", "elapsed": 681.941569, "delta": 0.001034}}
{"target": -17.674175722903648, "params": {"gamma": 546.9319508681102, "log10_alpha": 0.987321795155375, "log10_colsample_bytree": -0.37651808734116987, "log10_eta": -1.2740517566531508, "log10_lambda": -1.4882587320287648, "log10_min_child_weight": 2.7233098290530307, "log10_subsample": -0.43133304124176075, "max_depth": 3.0, "num_boost_round": 21.0}, "datetime": {"datetime": "2024-01-19 00:23:04", "elapsed": 681.942596, "delta": 0.001027}}
{"target": -17.676301916534772, "params": {"gamma": 546.9319508681102, "log10_alpha": 0.987321795155375, "log10_colsample_bytree": -0.37651808734116987, "log10_eta": -1.2740517566531508, "log10_lambda": -1.4882587320287648, "log10_min_child_weight": 2.7233098290530307, "log10_subsample": -0.43133304124176075, "max_depth": 3.0, "num_boost_round": 22.0}, "datetime": {"datetime": "2024-01-19 00:23:04", "elapsed": 681.943628, "delta": 0.001032}}
{"target": -17.677079690213695, "params": {"gamma": 546.9319508681102, "log10_alpha": 0.987321795155375, "log10_colsample_bytree": -0.37651808734116987, "log10_eta": -1.2740517566531508, "log10_lambda": -1.4882587320287648, "log10_min_child_weight": 2.7233098290530307, "log10_subsample": -0.43133304124176075, "max_depth": 3.0, "num_boost_round": 23.0}, "datetime": {"datetime": "2024-01-19 00:23:04", "elapsed": 681.944665, "delta": 0.001037}}
{"target": -17.679240527424, "params": {"gamma": 546.9319508681102, "log10_alpha": 0.987321795155375, "log10_colsample_bytree": -0.37651808734116987, "log10_eta": -1.2740517566531508, "log10_lambda": -1.4882587320287648, "log10_min_child_weight": 2.7233098290530307, "log10_subsample": -0.43133304124176075, "max_depth": 3.0, "num_boost_round": 24.0}, "datetime": {"datetime": "2024-01-19 00:23:04", "elapsed": 681.945717, "delta": 0.001052}}
{"target": -17.68208391619474, "params": {"gamma": 546.9319508681102, "log10_alpha": 0.987321795155375, "log10_colsample_bytree": -0.37651808734116987, "log10_eta": -1.2740517566531508, "log10_lambda": -1.4882587320287648, "log10_min_child_weight": 2.7233098290530307, "log10_subsample": -0.43133304124176075, "max_depth": 3.0, "num_boost_round": 25.0}, "datetime": {"datetime": "2024-01-19 00:23:04", "elapsed": 681.946758, "delta": 0.001041}}
{"target": -17.68452384778281, "params": {"gamma": 546.9319508681102, "log10_alpha": 0.987321795155375, "log10_colsample_bytree": -0.37651808734116987, "log10_eta": -1.2740517566531508, "log10_lambda": -1.4882587320287648, "log10_min_child_weight": 2.7233098290530307, "log10_subsample": -0.43133304124176075, "max_depth": 3.0, "num_boost_round": 26.0}, "datetime": {"datetime": "2024-01-19 00:23:04", "elapsed": 681.947789, "delta": 0.001031}}
{"target": -17.68555016753336, "params": {"gamma": 546.9319508681102, "log10_alpha": 0.987321795155375, "log10_colsample_bytree": -0.37651808734116987, "log10_eta": -1.2740517566531508, "log10_lambda": -1.4882587320287648, "log10_min_child_weight": 2.7233098290530307, "log10_subsample": -0.43133304124176075, "max_depth": 3.0, "num_boost_round": 27.0}, "datetime": {"datetime": "2024-01-19 00:23:04", "elapsed": 681.948923, "delta": 0.001134}}
{"target": -17.68406455837725, "params": {"gamma": 546.9319508681102, "log10_alpha": 0.987321795155375, "log10_colsample_bytree": -0.37651808734116987, "log10_eta": -1.2740517566531508, "log10_lambda": -1.4882587320287648, "log10_min_child_weight": 2.7233098290530307, "log10_subsample": -0.43133304124176075, "max_depth": 3.0, "num_boost_round": 28.0}, "datetime": {"datetime": "2024-01-19 00:23:04", "elapsed": 681.949971, "delta": 0.001048}}
{"target": -17.685175900485547, "params": {"gamma": 546.9319508681102, "log10_alpha": 0.987321795155375, "log10_colsample_bytree": -0.37651808734116987, "log10_eta": -1.2740517566531508, "log10_lambda": -1.4882587320287648, "log10_min_child_weight": 2.7233098290530307, "log10_subsample": -0.43133304124176075, "max_depth": 3.0, "num_boost_round": 29.0}, "datetime": {"datetime": "2024-01-19 00:23:04", "elapsed": 681.951007, "delta": 0.001036}}
{"target": -17.68512045634134, "params": {"gamma": 546.9319508681102, "log10_alpha": 0.987321795155375, "log10_colsample_bytree": -0.37651808734116987, "log10_eta": -1.2740517566531508, "log10_lambda": -1.4882587320287648, "log10_min_child_weight": 2.7233098290530307, "log10_subsample": -0.43133304124176075, "max_depth": 3.0, "num_boost_round": 30.0}, "datetime": {"datetime": "2024-01-19 00:23:04", "elapsed": 681.952125, "delta": 0.001118}}
{"target": -17.68544407191635, "params": {"gamma": 546.9319508681102, "log10_alpha": 0.987321795155375, "log10_colsample_bytree": -0.37651808734116987, "log10_eta": -1.2740517566531508, "log10_lambda": -1.4882587320287648, "log10_min_child_weight": 2.7233098290530307, "log10_subsample": -0.43133304124176075, "max_depth": 3.0, "num_boost_round": 31.0}, "datetime": {"datetime": "2024-01-19 00:23:04", "elapsed": 681.953187, "delta": 0.001062}}
{"target": -17.691333068527392, "params": {"gamma": 546.9319508681102, "log10_alpha": 0.987321795155375, "log10_colsample_bytree": -0.37651808734116987, "log10_eta": -1.2740517566531508, "log10_lambda": -1.4882587320287648, "log10_min_child_weight": 2.7233098290530307, "log10_subsample": -0.43133304124176075, "max_depth": 3.0, "num_boost_round": 32.0}, "datetime": {"datetime": "2024-01-19 00:23:04", "elapsed": 681.954247, "delta": 0.00106}}
{"target": -17.69294357132939, "params": {"gamma": 546.9319508681102, "log10_alpha": 0.987321795155375, "log10_colsample_bytree": -0.37651808734116987, "log10_eta": -1.2740517566531508, "log10_lambda": -1.4882587320287648, "log10_min_child_weight": 2.7233098290530307, "log10_subsample": -0.43133304124176075, "max_depth": 3.0, "num_boost_round": 33.0}, "datetime": {"datetime": "2024-01-19 00:23:04", "elapsed": 681.955293, "delta": 0.001046}}
{"target": -17.695075827495028, "params": {"gamma": 546.9319508681102, "log10_alpha": 0.987321795155375, "log10_colsample_bytree": -0.37651808734116987, "log10_eta": -1.2740517566531508, "log10_lambda": -1.4882587320287648, "log10_min_child_weight": 2.7233098290530307, "log10_subsample": -0.43133304124176075, "max_depth": 3.0, "num_boost_round": 34.0}, "datetime": {"datetime": "2024-01-19 00:23:04", "elapsed": 681.95637, "delta": 0.001077}}
{"target": -17.693885328684164, "params": {"gamma": 546.9319508681102, "log10_alpha": 0.987321795155375, "log10_colsample_bytree": -0.37651808734116987, "log10_eta": -1.2740517566531508, "log10_lambda": -1.4882587320287648, "log10_min_child_weight": 2.7233098290530307, "log10_subsample": -0.43133304124176075, "max_depth": 3.0, "num_boost_round": 35.0}, "datetime": {"datetime": "2024-01-19 00:23:04", "elapsed": 681.957435, "delta": 0.001065}}
{"target": -17.67721724881169, "params": {"gamma": 539.9511453458265, "log10_alpha": -1.099156360839983, "log10_colsample_bytree": -0.6561511485889465, "log10_eta": -3.252280435011613, "log10_lambda": -1.303451019121093, "log10_min_child_weight": 1.196604058446233, "log10_subsample": -0.3995484294663332, "max_depth": 5.0, "num_boost_round": 0.0}, "datetime": {"datetime": "2024-01-19 00:23:31", "elapsed": 709.024855, "delta": 27.06742}}
{"target": -17.67720273540298, "params": {"gamma": 539.9511453458265, "log10_alpha": -1.099156360839983, "log10_colsample_bytree": -0.6561511485889465, "log10_eta": -3.252280435011613, "log10_lambda": -1.303451019121093, "log10_min_child_weight": 1.196604058446233, "log10_subsample": -0.3995484294663332, "max_depth": 5.0, "num_boost_round": 1.0}, "datetime": {"datetime": "2024-01-19 00:23:31", "elapsed": 709.026561, "delta": 0.001706}}
{"target": -17.677170684922746, "params": {"gamma": 539.9511453458265, "log10_alpha": -1.099156360839983, "log10_colsample_bytree": -0.6561511485889465, "log10_eta": -3.252280435011613, "log10_lambda": -1.303451019121093, "log10_min_child_weight": 1.196604058446233, "log10_subsample": -0.3995484294663332, "max_depth": 5.0, "num_boost_round": 2.0}, "datetime": {"datetime": "2024-01-19 00:23:31", "elapsed": 709.027645, "delta": 0.001084}}
{"target": -17.677169475787903, "params": {"gamma": 539.9511453458265, "log10_alpha": -1.099156360839983, "log10_colsample_bytree": -0.6561511485889465, "log10_eta": -3.252280435011613, "log10_lambda": -1.303451019121093, "log10_min_child_weight": 1.196604058446233, "log10_subsample": -0.3995484294663332, "max_depth": 5.0, "num_boost_round": 3.0}, "datetime": {"datetime": "2024-01-19 00:23:31", "elapsed": 709.028832, "delta": 0.001187}}
{"target": -17.67715783920325, "params": {"gamma": 539.9511453458265, "log10_alpha": -1.099156360839983, "log10_colsample_bytree": -0.6561511485889465, "log10_eta": -3.252280435011613, "log10_lambda": -1.303451019121093, "log10_min_child_weight": 1.196604058446233, "log10_subsample": -0.3995484294663332, "max_depth": 5.0, "num_boost_round": 4.0}, "datetime": {"datetime": "2024-01-19 00:23:31", "elapsed": 709.030003, "delta": 0.001171}}
{"target": -17.677141301499223, "params": {"gamma": 539.9511453458265, "log10_alpha": -1.099156360839983, "log10_colsample_bytree": -0.6561511485889465, "log10_eta": -3.252280435011613, "log10_lambda": -1.303451019121093, "log10_min_child_weight": 1.196604058446233, "log10_subsample": -0.3995484294663332, "max_depth": 5.0, "num_boost_round": 5.0}, "datetime": {"datetime": "2024-01-19 00:23:31", "elapsed": 709.031337, "delta": 0.001334}}
{"target": -17.677111857719012, "params": {"gamma": 539.9511453458265, "log10_alpha": -1.099156360839983, "log10_colsample_bytree": -0.6561511485889465, "log10_eta": -3.252280435011613, "log10_lambda": -1.303451019121093, "log10_min_child_weight": 1.196604058446233, "log10_subsample": -0.3995484294663332, "max_depth": 5.0, "num_boost_round": 6.0}, "datetime": {"datetime": "2024-01-19 00:23:31", "elapsed": 709.032469, "delta": 0.001132}}
{"target": -17.677073873331498, "params": {"gamma": 539.9511453458265, "log10_alpha": -1.099156360839983, "log10_colsample_bytree": -0.6561511485889465, "log10_eta": -3.252280435011613, "log10_lambda": -1.303451019121093, "log10_min_child_weight": 1.196604058446233, "log10_subsample": -0.3995484294663332, "max_depth": 5.0, "num_boost_round": 7.0}, "datetime": {"datetime": "2024-01-19 00:23:31", "elapsed": 709.033568, "delta": 0.001099}}
{"target": -17.677050938389794, "params": {"gamma": 539.9511453458265, "log10_alpha": -1.099156360839983, "log10_colsample_bytree": -0.6561511485889465, "log10_eta": -3.252280435011613, "log10_lambda": -1.303451019121093, "log10_min_child_weight": 1.196604058446233, "log10_subsample": -0.3995484294663332, "max_depth": 5.0, "num_boost_round": 8.0}, "datetime": {"datetime": "2024-01-19 00:23:31", "elapsed": 709.034612, "delta": 0.001044}}
{"target": -17.67703790481855, "params": {"gamma": 539.9511453458265, "log10_alpha": -1.099156360839983, "log10_colsample_bytree": -0.6561511485889465, "log10_eta": -3.252280435011613, "log10_lambda": -1.303451019121093, "log10_min_child_weight": 1.196604058446233, "log10_subsample": -0.3995484294663332, "max_depth": 5.0, "num_boost_round": 9.0}, "datetime": {"datetime": "2024-01-19 00:23:31", "elapsed": 709.03588, "delta": 0.001268}}
{"target": -17.677016620879325, "params": {"gamma": 539.9511453458265, "log10_alpha": -1.099156360839983, "log10_colsample_bytree": -0.6561511485889465, "log10_eta": -3.252280435011613, "log10_lambda": -1.303451019121093, "log10_min_child_weight": 1.196604058446233, "log10_subsample": -0.3995484294663332, "max_depth": 5.0, "num_boost_round": 10.0}, "datetime": {"datetime": "2024-01-19 00:23:31", "elapsed": 709.036949, "delta": 0.001069}}
{"target": -17.67702788891097, "params": {"gamma": 539.9511453458265, "log10_alpha": -1.099156360839983, "log10_colsample_bytree": -0.6561511485889465, "log10_eta": -3.252280435011613, "log10_lambda": -1.303451019121093, "log10_min_child_weight": 1.196604058446233, "log10_subsample": -0.3995484294663332, "max_depth": 5.0, "num_boost_round": 11.0}, "datetime": {"datetime": "2024-01-19 00:23:31", "elapsed": 709.038004, "delta": 0.001055}}
{"target": -17.677004362776227, "params": {"gamma": 539.9511453458265, "log10_alpha": -1.099156360839983, "log10_colsample_bytree": -0.6561511485889465, "log10_eta": -3.252280435011613, "log10_lambda": -1.303451019121093, "log10_min_child_weight": 1.196604058446233, "log10_subsample": -0.3995484294663332, "max_depth": 5.0, "num_boost_round": 12.0}, "datetime": {"datetime": "2024-01-19 00:23:31", "elapsed": 709.039059, "delta": 0.001055}}
{"target": -17.67698279619246, "params": {"gamma": 539.9511453458265, "log10_alpha": -1.099156360839983, "log10_colsample_bytree": -0.6561511485889465, "log10_eta": -3.252280435011613, "log10_lambda": -1.303451019121093, "log10_min_child_weight": 1.196604058446233, "log10_subsample": -0.3995484294663332, "max_depth": 5.0, "num_boost_round": 13.0}, "datetime": {"datetime": "2024-01-19 00:23:31", "elapsed": 709.040153, "delta": 0.001094}}
{"target": -17.676999351964273, "params": {"gamma": 539.9511453458265, "log10_alpha": -1.099156360839983, "log10_colsample_bytree": -0.6561511485889465, "log10_eta": -3.252280435011613, "log10_lambda": -1.303451019121093, "log10_min_child_weight": 1.196604058446233, "log10_subsample": -0.3995484294663332, "max_depth": 5.0, "num_boost_round": 14.0}, "datetime": {"datetime": "2024-01-19 00:23:31", "elapsed": 709.041206, "delta": 0.001053}}
{"target": -17.67698129849134, "params": {"gamma": 539.9511453458265, "log10_alpha": -1.099156360839983, "log10_colsample_bytree": -0.6561511485889465, "log10_eta": -3.252280435011613, "log10_lambda": -1.303451019121093, "log10_min_child_weight": 1.196604058446233, "log10_subsample": -0.3995484294663332, "max_depth": 5.0, "num_boost_round": 15.0}, "datetime": {"datetime": "2024-01-19 00:23:31", "elapsed": 709.042266, "delta": 0.00106}}
{"target": -17.67698123908609, "params": {"gamma": 539.9511453458265, "log10_alpha": -1.099156360839983, "log10_colsample_bytree": -0.6561511485889465, "log10_eta": -3.252280435011613, "log10_lambda": -1.303451019121093, "log10_min_child_weight": 1.196604058446233, "log10_subsample": -0.3995484294663332, "max_depth": 5.0, "num_boost_round": 16.0}, "datetime": {"datetime": "2024-01-19 00:23:31", "elapsed": 709.043329, "delta": 0.001063}}
{"target": -17.676952550911885, "params": {"gamma": 539.9511453458265, "log10_alpha": -1.099156360839983, "log10_colsample_bytree": -0.6561511485889465, "log10_eta": -3.252280435011613, "log10_lambda": -1.303451019121093, "log10_min_child_weight": 1.196604058446233, "log10_subsample": -0.3995484294663332, "max_depth": 5.0, "num_boost_round": 17.0}, "datetime": {"datetime": "2024-01-19 00:23:31", "elapsed": 709.044393, "delta": 0.001064}}
