{"target": -13.7582499078465, "params": {"gamma": 713.214056540655, "log10_alpha": -0.6577649734349054, "log10_colsample_bytree": -0.4690908383878044, "log10_eta": -3.3986548290265692, "log10_lambda": -3.575728259481564, "log10_min_child_weight": 2.47277687236759, "log10_subsample": -0.30417105417941126, "max_depth": 9.0, "num_boost_round": 31.0}, "datetime": {"datetime": "2024-01-19 01:07:57", "elapsed": 3377.07931, "delta": 0.003816}}
{"target": -13.75824831107572, "params": {"gamma": 713.214056540655, "log10_alpha": -0.6577649734349054, "log10_colsample_bytree": -0.4690908383878044, "log10_eta": -3.3986548290265692, "log10_lambda": -3.575728259481564, "log10_min_child_weight": 2.47277687236759, "log10_subsample": -0.30417105417941126, "max_depth": 9.0, "num_boost_round": 32.0}, "datetime": {"datetime": "2024-01-19 01:07:57", "elapsed": 3377.083135, "delta": 0.003825}}
{"target": -13.75823061338612, "params": {"gamma": 713.214056540655, "log10_alpha": -0.6577649734349054, "log10_colsample_bytree": -0.4690908383878044, "log10_eta": -3.3986548290265692, "log10_lambda": -3.575728259481564, "log10_min_child_weight": 2.47277687236759, "log10_subsample": -0.30417105417941126, "max_depth": 9.0, "num_boost_round": 33.0}, "datetime": {"datetime": "2024-01-19 01:07:58", "elapsed": 3377.086923, "delta": 0.003788}}
{"target": -13.758229953287007, "params": {"gamma": 713.214056540655, "log10_alpha": -0.6577649734349054, "log10_colsample_bytree": -0.4690908383878044, "log10_eta": -3.3986548290265692, "log10_lambda": -3.575728259481564, "log10_min_child_weight": 2.47277687236759, "log10_subsample": -0.30417105417941126, "max_depth": 9.0, "num_boost_round": 34.0}, "datetime": {"datetime": "2024-01-19 01:07:58", "elapsed": 3377.0906, "delta": 0.003677}}
{"target": -13.758233323907424, "params": {"gamma": 713.214056540655, "log10_alpha": -0.6577649734349054, "log10_colsample_bytree": -0.4690908383878044, "log10_eta": -3.3986548290265692, "log10_lambda": -3.575728259481564, "log10_min_child_weight": 2.47277687236759, "log10_subsample": -0.30417105417941126, "max_depth": 9.0, "num_boost_round": 35.0}, "datetime": {"datetime": "2024-01-19 01:07:58", "elapsed": 3377.094411, "delta": 0.003811}}
{"target": -13.758237199961547, "params": {"gamma": 713.214056540655, "log10_alpha": -0.6577649734349054, "log10_colsample_bytree": -0.4690908383878044, "log10_eta": -3.3986548290265692, "log10_lambda": -3.575728259481564, "log10_min_child_weight": 2.47277687236759, "log10_subsample": -0.30417105417941126, "max_depth": 9.0, "num_boost_round": 36.0}, "datetime": {"datetime": "2024-01-19 01:07:58", "elapsed": 3377.098156, "delta": 0.003745}}
{"target": -13.75822989526199, "params": {"gamma": 713.214056540655, "log10_alpha": -0.6577649734349054, "log10_colsample_bytree": -0.4690908383878044, "log10_eta": -3.3986548290265692, "log10_lambda": -3.575728259481564, "log10_min_child_weight": 2.47277687236759, "log10_subsample": -0.30417105417941126, "max_depth": 9.0, "num_boost_round": 37.0}, "datetime": {"datetime": "2024-01-19 01:07:58", "elapsed": 3377.101904, "delta": 0.003748}}
{"target": -13.758224335241813, "params": {"gamma": 713.214056540655, "log10_alpha": -0.6577649734349054, "log10_colsample_bytree": -0.4690908383878044, "log10_eta": -3.3986548290265692, "log10_lambda": -3.575728259481564, "log10_min_child_weight": 2.47277687236759, "log10_subsample": -0.30417105417941126, "max_depth": 9.0, "num_boost_round": 38.0}, "datetime": {"datetime": "2024-01-19 01:07:58", "elapsed": 3377.105623, "delta": 0.003719}}
{"target": -13.75818638097015, "params": {"gamma": 713.214056540655, "log10_alpha": -0.6577649734349054, "log10_colsample_bytree": -0.4690908383878044, "log10_eta": -3.3986548290265692, "log10_lambda": -3.575728259481564, "log10_min_child_weight": 2.47277687236759, "log10_subsample": -0.30417105417941126, "max_depth": 9.0, "num_boost_round": 39.0}, "datetime": {"datetime": "2024-01-19 01:07:58", "elapsed": 3377.109428, "delta": 0.003805}}
{"target": -13.758190559338827, "params": {"gamma": 713.214056540655, "log10_alpha": -0.6577649734349054, "log10_colsample_bytree": -0.4690908383878044, "log10_eta": -3.3986548290265692, "log10_lambda": -3.575728259481564, "log10_min_child_weight": 2.47277687236759, "log10_subsample": -0.30417105417941126, "max_depth": 9.0, "num_boost_round": 40.0}, "datetime": {"datetime": "2024-01-19 01:07:58", "elapsed": 3377.113318, "delta": 0.00389}}
{"target": -13.758170929260306, "params": {"gamma": 713.214056540655, "log10_alpha": -0.6577649734349054, "log10_colsample_bytree": -0.4690908383878044, "log10_eta": -3.3986548290265692, "log10_lambda": -3.575728259481564, "log10_min_child_weight": 2.47277687236759, "log10_subsample": -0.30417105417941126, "max_depth": 9.0, "num_boost_round": 41.0}, "datetime": {"datetime": "2024-01-19 01:07:58", "elapsed": 3377.116976, "delta": 0.003658}}
{"target": -13.758146624780544, "params": {"gamma": 713.214056540655, "log10_alpha": -0.6577649734349054, "log10_colsample_bytree": -0.4690908383878044, "log10_eta": -3.3986548290265692, "log10_lambda": -3.575728259481564, "log10_min_child_weight": 2.47277687236759, "log10_subsample": -0.30417105417941126, "max_depth": 9.0, "num_boost_round": 42.0}, "datetime": {"datetime": "2024-01-19 01:07:58", "elapsed": 3377.120776, "delta": 0.0038}}
{"target": -13.758137935311101, "params": {"gamma": 713.214056540655, "log10_alpha": -0.6577649734349054, "log10_colsample_bytree": -0.4690908383878044, "log10_eta": -3.3986548290265692, "log10_lambda": -3.575728259481564, "log10_min_child_weight": 2.47277687236759, "log10_subsample": -0.30417105417941126, "max_depth": 9.0, "num_boost_round": 43.0}, "datetime": {"datetime": "2024-01-19 01:07:58", "elapsed": 3377.124546, "delta": 0.00377}}
{"target": -13.758130669389642, "params": {"gamma": 713.214056540655, "log10_alpha": -0.6577649734349054, "log10_colsample_bytree": -0.4690908383878044, "log10_eta": -3.3986548290265692, "log10_lambda": -3.575728259481564, "log10_min_child_weight": 2.47277687236759, "log10_subsample": -0.30417105417941126, "max_depth": 9.0, "num_boost_round": 44.0}, "datetime": {"datetime": "2024-01-19 01:07:58", "elapsed": 3377.128301, "delta": 0.003755}}
{"target": -13.758541475563915, "params": {"gamma": 700.8671344665785, "log10_alpha": -0.08049380008640235, "log10_colsample_bytree": 0.0, "log10_eta": -4.0, "log10_lambda": -4.4893886754565715, "log10_min_child_weight": 2.1374268771476914, "log10_subsample": -0.8256195609201096, "max_depth": 7.0, "num_boost_round": 0.0}, "datetime": {"datetime": "2024-01-19 01:08:43", "elapsed": 3422.782076, "delta": 45.653775}}
{"target": -13.758544057590923, "params": {"gamma": 700.8671344665785, "log10_alpha": -0.08049380008640235, "log10_colsample_bytree": 0.0, "log10_eta": -4.0, "log10_lambda": -4.4893886754565715, "log10_min_child_weight": 2.1374268771476914, "log10_subsample": -0.8256195609201096, "max_depth": 7.0, "num_boost_round": 1.0}, "datetime": {"datetime": "2024-01-19 01:08:43", "elapsed": 3422.786939, "delta": 0.004863}}
{"target": -13.758547710765393, "params": {"gamma": 700.8671344665785, "log10_alpha": -0.08049380008640235, "log10_colsample_bytree": 0.0, "log10_eta": -4.0, "log10_lambda": -4.4893886754565715, "log10_min_child_weight": 2.1374268771476914, "log10_subsample": -0.8256195609201096, "max_depth": 7.0, "num_boost_round": 2.0}, "datetime": {"datetime": "2024-01-19 01:08:43", "elapsed": 3422.790893, "delta": 0.003954}}
{"target": -13.758551846476054, "params": {"gamma": 700.8671344665785, "log10_alpha": -0.08049380008640235, "log10_colsample_bytree": 0.0, "log10_eta": -4.0, "log10_lambda": -4.4893886754565715, "log10_min_child_weight": 2.1374268771476914, "log10_subsample": -0.8256195609201096, "max_depth": 7.0, "num_boost_round": 3.0}, "datetime": {"datetime": "2024-01-19 01:08:43", "elapsed": 3422.794776, "delta": 0.003883}}
{"target": -13.758543605297444, "params": {"gamma": 700.8671344665785, "log10_alpha": -0.08049380008640235, "log10_colsample_bytree": 0.0, "log10_eta": -4.0, "log10_lambda": -4.4893886754565715, "log10_min_child_weight": 2.1374268771476914, "log10_subsample": -0.8256195609201096, "max_depth": 7.0, "num_boost_round": 4.0}, "datetime": {"datetime": "2024-01-19 01:08:43", "elapsed": 3422.798548, "delta": 0.003772}}
{"target": -13.758543728857484, "params": {"gamma": 700.8671344665785, "log10_alpha": -0.08049380008640235, "log10_colsample_bytree": 0.0, "log10_eta": -4.0, "log10_lambda": -4.4893886754565715, "log10_min_child_weight": 2.1374268771476914, "log10_subsample": -0.8256195609201096, "max_depth": 7.0, "num_boost_round": 5.0}, "datetime": {"datetime": "2024-01-19 01:08:43", "elapsed": 3422.802286, "delta": 0.003738}}
{"target": -13.758541678868543, "params": {"gamma": 700.8671344665785, "log10_alpha": -0.08049380008640235, "log10_colsample_bytree": 0.0, "log10_eta": -4.0, "log10_lambda": -4.4893886754565715, "log10_min_child_weight": 2.1374268771476914, "log10_subsample": -0.8256195609201096, "max_depth": 7.0, "num_boost_round": 6.0}, "datetime": {"datetime": "2024-01-19 01:08:43", "elapsed": 3422.806123, "delta": 0.003837}}
{"target": -13.758542797558082, "params": {"gamma": 700.8671344665785, "log10_alpha": -0.08049380008640235, "log10_colsample_bytree": 0.0, "log10_eta": -4.0, "log10_lambda": -4.4893886754565715, "log10_min_child_weight": 2.1374268771476914, "log10_subsample": -0.8256195609201096, "max_depth": 7.0, "num_boost_round": 7.0}, "datetime": {"datetime": "2024-01-19 01:08:43", "elapsed": 3422.809887, "delta": 0.003764}}
{"target": -13.758541431043875, "params": {"gamma": 700.8671344665785, "log10_alpha": -0.08049380008640235, "log10_colsample_bytree": 0.0, "log10_eta": -4.0, "log10_lambda": -4.4893886754565715, "log10_min_child_weight": 2.1374268771476914, "log10_subsample": -0.8256195609201096, "max_depth": 7.0, "num_boost_round": 8.0}, "datetime": {"datetime": "2024-01-19 01:08:43", "elapsed": 3422.813726, "delta": 0.003839}}
{"target": -13.758539009740085, "params": {"gamma": 700.8671344665785, "log10_alpha": -0.08049380008640235, "log10_colsample_bytree": 0.0, "log10_eta": -4.0, "log10_lambda": -4.4893886754565715, "log10_min_child_weight": 2.1374268771476914, "log10_subsample": -0.8256195609201096, "max_depth": 7.0, "num_boost_round": 9.0}, "datetime": {"datetime": "2024-01-19 01:08:43", "elapsed": 3422.81752, "delta": 0.003794}}
{"target": -13.755129306636753, "params": {"gamma": 721.0198020460016, "log10_alpha": -4.184693018717544, "log10_colsample_bytree": -0.8425936914404101, "log10_eta": -0.8728335696469682, "log10_lambda": -1.366154478846557, "log10_min_child_weight": 0.19187507287783345, "log10_subsample": -0.08521464928063371, "max_depth": 4.0, "num_boost_round": 0.0}, "datetime": {"datetime": "2024-01-19 01:09:40", "elapsed": 3479.480168, "delta": 56.662648}}
{"target": -13.752182303200657, "params": {"gamma": 721.0198020460016, "log10_alpha": -4.184693018717544, "log10_colsample_bytree": -0.8425936914404101, "log10_eta": -0.8728335696469682, "log10_lambda": -1.366154478846557, "log10_min_child_weight": 0.19187507287783345, "log10_subsample": -0.08521464928063371, "max_depth": 4.0, "num_boost_round": 1.0}, "datetime": {"datetime": "2024-01-19 01:09:40", "elapsed": 3479.484391, "delta": 0.004223}}
{"target": -13.751409079610987, "params": {"gamma": 721.0198020460016, "log10_alpha": -4.184693018717544, "log10_colsample_bytree": -0.8425936914404101, "log10_eta": -0.8728335696469682, "log10_lambda": -1.366154478846557, "log10_min_child_weight": 0.19187507287783345, "log10_subsample": -0.08521464928063371, "max_depth": 4.0, "num_boost_round": 2.0}, "datetime": {"datetime": "2024-01-19 01:09:40", "elapsed": 3479.488256, "delta": 0.003865}}
{"target": -13.752903199281516, "params": {"gamma": 721.0198020460016, "log10_alpha": -4.184693018717544, "log10_colsample_bytree": -0.8425936914404101, "log10_eta": -0.8728335696469682, "log10_lambda": -1.366154478846557, "log10_min_child_weight": 0.19187507287783345, "log10_subsample": -0.08521464928063371, "max_depth": 4.0, "num_boost_round": 3.0}, "datetime": {"datetime": "2024-01-19 01:09:40", "elapsed": 3479.492059, "delta": 0.003803}}
{"target": -13.755314563105623, "params": {"gamma": 721.0198020460016, "log10_alpha": -4.184693018717544, "log10_colsample_bytree": -0.8425936914404101, "log10_eta": -0.8728335696469682, "log10_lambda": -1.366154478846557, "log10_min_child_weight": 0.19187507287783345, "log10_subsample": -0.08521464928063371, "max_depth": 4.0, "num_boost_round": 4.0}, "datetime": {"datetime": "2024-01-19 01:09:40", "elapsed": 3479.49577, "delta": 0.003711}}
{"target": -13.760294421937463, "params": {"gamma": 721.0198020460016, "log10_alpha": -4.184693018717544, "log10_colsample_bytree": -0.8425936914404101, "log10_eta": -0.8728335696469682, "log10_lambda": -1.366154478846557, "log10_min_child_weight": 0.19187507287783345, "log10_subsample": -0.08521464928063371, "max_depth": 4.0, "num_boost_round": 5.0}, "datetime": {"datetime": "2024-01-19 01:09:40", "elapsed": 3479.499378, "delta": 0.003608}}
{"target": -13.761852119523954, "params": {"gamma": 721.0198020460016, "log10_alpha": -4.184693018717544, "log10_colsample_bytree": -0.8425936914404101, "log10_eta": -0.8728335696469682, "log10_lambda": -1.366154478846557, "log10_min_child_weight": 0.19187507287783345, "log10_subsample": -0.08521464928063371, "max_depth": 4.0, "num_boost_round": 6.0}, "datetime": {"datetime": "2024-01-19 01:09:40", "elapsed": 3479.502952, "delta": 0.003574}}
{"target": -13.76605154318347, "params": {"gamma": 721.0198020460016, "log10_alpha": -4.184693018717544, "log10_colsample_bytree": -0.8425936914404101, "log10_eta": -0.8728335696469682, "log10_lambda": -1.366154478846557, "log10_min_child_weight": 0.19187507287783345, "log10_subsample": -0.08521464928063371, "max_depth": 4.0, "num_boost_round": 7.0}, "datetime": {"datetime": "2024-01-19 01:09:40", "elapsed": 3479.506591, "delta": 0.003639}}
{"target": -13.768675704156996, "params": {"gamma": 721.0198020460016, "log10_alpha": -4.184693018717544, "log10_colsample_bytree": -0.8425936914404101, "log10_eta": -0.8728335696469682, "log10_lambda": -1.366154478846557, "log10_min_child_weight": 0.19187507287783345, "log10_subsample": -0.08521464928063371, "max_depth": 4.0, "num_boost_round": 8.0}, "datetime": {"datetime": "2024-01-19 01:09:40", "elapsed": 3479.510301, "delta": 0.00371}}
{"target": -13.770604084014199, "params": {"gamma": 721.0198020460016, "log10_alpha": -4.184693018717544, "log10_colsample_bytree": -0.8425936914404101, "log10_eta": -0.8728335696469682, "log10_lambda": -1.366154478846557, "log10_min_child_weight": 0.19187507287783345, "log10_subsample": -0.08521464928063371, "max_depth": 4.0, "num_boost_round": 9.0}, "datetime": {"datetime": "2024-01-19 01:09:40", "elapsed": 3479.514025, "delta": 0.003724}}
{"target": -13.773268525678647, "params": {"gamma": 721.0198020460016, "log10_alpha": -4.184693018717544, "log10_colsample_bytree": -0.8425936914404101, "log10_eta": -0.8728335696469682, "log10_lambda": -1.366154478846557, "log10_min_child_weight": 0.19187507287783345, "log10_subsample": -0.08521464928063371, "max_depth": 4.0, "num_boost_round": 10.0}, "datetime": {"datetime": "2024-01-19 01:09:40", "elapsed": 3479.517768, "delta": 0.003743}}
{"target": -13.772607114678694, "params": {"gamma": 721.0198020460016, "log10_alpha": -4.184693018717544, "log10_colsample_bytree": -0.8425936914404101, "log10_eta": -0.8728335696469682, "log10_lambda": -1.366154478846557, "log10_min_child_weight": 0.19187507287783345, "log10_subsample": -0.08521464928063371, "max_depth": 4.0, "num_boost_round": 11.0}, "datetime": {"datetime": "2024-01-19 01:09:40", "elapsed": 3479.521491, "delta": 0.003723}}
{"target": -13.774522098704987, "params": {"gamma": 721.0198020460016, "log10_alpha": -4.184693018717544, "log10_colsample_bytree": -0.8425936914404101, "log10_eta": -0.8728335696469682, "log10_lambda": -1.366154478846557, "log10_min_child_weight": 0.19187507287783345, "log10_subsample": -0.08521464928063371, "max_depth": 4.0, "num_boost_round": 12.0}, "datetime": {"datetime": "2024-01-19 01:09:40", "elapsed": 3479.525343, "delta": 0.003852}}
{"target": -13.77676038763767, "params": {"gamma": 721.0198020460016, "log10_alpha": -4.184693018717544, "log10_colsample_bytree": -0.8425936914404101, "log10_eta": -0.8728335696469682, "log10_lambda": -1.366154478846557, "log10_min_child_weight": 0.19187507287783345, "log10_subsample": -0.08521464928063371, "max_depth": 4.0, "num_boost_round": 13.0}, "datetime": {"datetime": "2024-01-19 01:09:40", "elapsed": 3479.529098, "delta": 0.003755}}
{"target": -13.779594999924514, "params": {"gamma": 721.0198020460016, "log10_alpha": -4.184693018717544, "log10_colsample_bytree": -0.8425936914404101, "log10_eta": -0.8728335696469682, "log10_lambda": -1.366154478846557, "log10_min_child_weight": 0.19187507287783345, "log10_subsample": -0.08521464928063371, "max_depth": 4.0, "num_boost_round": 14.0}, "datetime": {"datetime": "2024-01-19 01:09:40", "elapsed": 3479.532798, "delta": 0.0037}}
{"target": -13.780219822281097, "params": {"gamma": 721.0198020460016, "log10_alpha": -4.184693018717544, "log10_colsample_bytree": -0.8425936914404101, "log10_eta": -0.8728335696469682, "log10_lambda": -1.366154478846557, "log10_min_child_weight": 0.19187507287783345, "log10_subsample": -0.08521464928063371, "max_depth": 4.0, "num_boost_round": 15.0}, "datetime": {"datetime": "2024-01-19 01:09:40", "elapsed": 3479.536423, "delta": 0.003625}}
{"target": -13.781135137964457, "params": {"gamma": 721.0198020460016, "log10_alpha": -4.184693018717544, "log10_colsample_bytree": -0.8425936914404101, "log10_eta": -0.8728335696469682, "log10_lambda": -1.366154478846557, "log10_min_child_weight": 0.19187507287783345, "log10_subsample": -0.08521464928063371, "max_depth": 4.0, "num_boost_round": 16.0}, "datetime": {"datetime": "2024-01-19 01:09:40", "elapsed": 3479.540048, "delta": 0.003625}}
{"target": -13.782350747425975, "params": {"gamma": 721.0198020460016, "log10_alpha": -4.184693018717544, "log10_colsample_bytree": -0.8425936914404101, "log10_eta": -0.8728335696469682, "log10_lambda": -1.366154478846557, "log10_min_child_weight": 0.19187507287783345, "log10_subsample": -0.08521464928063371, "max_depth": 4.0, "num_boost_round": 17.0}, "datetime": {"datetime": "2024-01-19 01:09:40", "elapsed": 3479.543699, "delta": 0.003651}}
{"target": -13.784227147829624, "params": {"gamma": 721.0198020460016, "log10_alpha": -4.184693018717544, "log10_colsample_bytree": -0.8425936914404101, "log10_eta": -0.8728335696469682, "log10_lambda": -1.366154478846557, "log10_min_child_weight": 0.19187507287783345, "log10_subsample": -0.08521464928063371, "max_depth": 4.0, "num_boost_round": 18.0}, "datetime": {"datetime": "2024-01-19 01:09:40", "elapsed": 3479.547398, "delta": 0.003699}}
{"target": -13.783705974440698, "params": {"gamma": 721.0198020460016, "log10_alpha": -4.184693018717544, "log10_colsample_bytree": -0.8425936914404101, "log10_eta": -0.8728335696469682, "log10_lambda": -1.366154478846557, "log10_min_child_weight": 0.19187507287783345, "log10_subsample": -0.08521464928063371, "max_depth": 4.0, "num_boost_round": 19.0}, "datetime": {"datetime": "2024-01-19 01:09:40", "elapsed": 3479.55116, "delta": 0.003762}}
{"target": -13.78825036306121, "params": {"gamma": 721.0198020460016, "log10_alpha": -4.184693018717544, "log10_colsample_bytree": -0.8425936914404101, "log10_eta": -0.8728335696469682, "log10_lambda": -1.366154478846557, "log10_min_child_weight": 0.19187507287783345, "log10_subsample": -0.08521464928063371, "max_depth": 4.0, "num_boost_round": 20.0}, "datetime": {"datetime": "2024-01-19 01:09:40", "elapsed": 3479.554754, "delta": 0.003594}}
{"target": -13.794912912323182, "params": {"gamma": 721.0198020460016, "log10_alpha": -4.184693018717544, "log10_colsample_bytree": -0.8425936914404101, "log10_eta": -0.8728335696469682, "log10_lambda": -1.366154478846557, "log10_min_child_weight": 0.19187507287783345, "log10_subsample": -0.08521464928063371, "max_depth": 4.0, "num_boost_round": 21.0}, "datetime": {"datetime": "2024-01-19 01:09:40", "elapsed": 3479.55842, "delta": 0.003666}}
{"target": -13.79634385963856, "params": {"gamma": 721.0198020460016, "log10_alpha": -4.184693018717544, "log10_colsample_bytree": -0.8425936914404101, "log10_eta": -0.8728335696469682, "log10_lambda": -1.366154478846557, "log10_min_child_weight": 0.19187507287783345, "log10_subsample": -0.08521464928063371, "max_depth": 4.0, "num_boost_round": 22.0}, "datetime": {"datetime": "2024-01-19 01:09:40", "elapsed": 3479.562105, "delta": 0.003685}}
{"target": -13.81617298795514, "params": {"gamma": 721.0198020460016, "log10_alpha": -4.184693018717544, "log10_colsample_bytree": -0.8425936914404101, "log10_eta": -0.8728335696469682, "log10_lambda": -1.366154478846557, "log10_min_child_weight": 0.19187507287783345, "log10_subsample": -0.08521464928063371, "max_depth": 4.0, "num_boost_round": 23.0}, "datetime": {"datetime": "2024-01-19 01:09:40", "elapsed": 3479.565812, "delta": 0.003707}}
{"target": -13.820097107871442, "params": {"gamma": 721.0198020460016, "log10_alpha": -4.184693018717544, "log10_colsample_bytree": -0.8425936914404101, "log10_eta": -0.8728335696469682, "log10_lambda": -1.366154478846557, "log10_min_child_weight": 0.19187507287783345, "log10_subsample": -0.08521464928063371, "max_depth": 4.0, "num_boost_round": 24.0}, "datetime": {"datetime": "2024-01-19 01:09:40", "elapsed": 3479.569573, "delta": 0.003761}}
{"target": -13.83311658422359, "params": {"gamma": 721.0198020460016, "log10_alpha": -4.184693018717544, "log10_colsample_bytree": -0.8425936914404101, "log10_eta": -0.8728335696469682, "log10_lambda": -1.366154478846557, "log10_min_child_weight": 0.19187507287783345, "log10_subsample": -0.08521464928063371, "max_depth": 4.0, "num_boost_round": 25.0}, "datetime": {"datetime": "2024-01-19 01:09:40", "elapsed": 3479.573253, "delta": 0.00368}}
