{"target": -13.758540772706167, "params": {"gamma": 550.4468199553754, "log10_alpha": -2.617091998767107, "log10_colsample_bytree": -0.241570479286923, "log10_eta": -3.904850290118453, "log10_lambda": -0.11854952029262655, "log10_min_child_weight": 3.7413399064484936, "log10_subsample": -0.8197972926837099, "max_depth": 5.0, "num_boost_round": 3.0}, "datetime": {"datetime": "2024-01-19 00:12:49", "elapsed": 22.399336, "delta": 0.000449}}
{"target": -13.758541308851004, "params": {"gamma": 550.4468199553754, "log10_alpha": -2.617091998767107, "log10_colsample_bytree": -0.241570479286923, "log10_eta": -3.904850290118453, "log10_lambda": -0.11854952029262655, "log10_min_child_weight": 3.7413399064484936, "log10_subsample": -0.8197972926837099, "max_depth": 5.0, "num_boost_round": 4.0}, "datetime": {"datetime": "2024-01-19 00:12:49", "elapsed": 22.400188, "delta": 0.000852}}
{"target": -13.758540849972219, "params": {"gamma": 550.4468199553754, "log10_alpha": -2.617091998767107, "log10_colsample_bytree": -0.241570479286923, "log10_eta": -3.904850290118453, "log10_lambda": -0.11854952029262655, "log10_min_child_weight": 3.7413399064484936, "log10_subsample": -0.8197972926837099, "max_depth": 5.0, "num_boost_round": 5.0}, "datetime": {"datetime": "2024-01-19 00:12:49", "elapsed": 22.400762, "delta": 0.000574}}
{"target": -13.758540032339418, "params": {"gamma": 550.4468199553754, "log10_alpha": -2.617091998767107, "log10_colsample_bytree": -0.241570479286923, "log10_eta": -3.904850290118453, "log10_lambda": -0.11854952029262655, "log10_min_child_weight": 3.7413399064484936, "log10_subsample": -0.8197972926837099, "max_depth": 5.0, "num_boost_round": 6.0}, "datetime": {"datetime": "2024-01-19 00:12:49", "elapsed": 22.401208, "delta": 0.000446}}
{"target": -13.758540069607834, "params": {"gamma": 550.4468199553754, "log10_alpha": -2.617091998767107, "log10_colsample_bytree": -0.241570479286923, "log10_eta": -3.904850290118453, "log10_lambda": -0.11854952029262655, "log10_min_child_weight": 3.7413399064484936, "log10_subsample": -0.8197972926837099, "max_depth": 5.0, "num_boost_round": 7.0}, "datetime": {"datetime": "2024-01-19 00:12:49", "elapsed": 22.401655, "delta": 0.000447}}
{"target": -13.75853939064477, "params": {"gamma": 550.4468199553754, "log10_alpha": -2.617091998767107, "log10_colsample_bytree": -0.241570479286923, "log10_eta": -3.904850290118453, "log10_lambda": -0.11854952029262655, "log10_min_child_weight": 3.7413399064484936, "log10_subsample": -0.8197972926837099, "max_depth": 5.0, "num_boost_round": 8.0}, "datetime": {"datetime": "2024-01-19 00:12:49", "elapsed": 22.402095, "delta": 0.00044}}
{"target": -13.758536847258172, "params": {"gamma": 550.4468199553754, "log10_alpha": -2.617091998767107, "log10_colsample_bytree": -0.241570479286923, "log10_eta": -3.904850290118453, "log10_lambda": -0.11854952029262655, "log10_min_child_weight": 3.7413399064484936, "log10_subsample": -0.8197972926837099, "max_depth": 5.0, "num_boost_round": 9.0}, "datetime": {"datetime": "2024-01-19 00:12:49", "elapsed": 22.402544, "delta": 0.000449}}
{"target": -13.758536954085404, "params": {"gamma": 550.4468199553754, "log10_alpha": -2.617091998767107, "log10_colsample_bytree": -0.241570479286923, "log10_eta": -3.904850290118453, "log10_lambda": -0.11854952029262655, "log10_min_child_weight": 3.7413399064484936, "log10_subsample": -0.8197972926837099, "max_depth": 5.0, "num_boost_round": 10.0}, "datetime": {"datetime": "2024-01-19 00:12:49", "elapsed": 22.403103, "delta": 0.000559}}
{"target": -13.758537084421073, "params": {"gamma": 550.4468199553754, "log10_alpha": -2.617091998767107, "log10_colsample_bytree": -0.241570479286923, "log10_eta": -3.904850290118453, "log10_lambda": -0.11854952029262655, "log10_min_child_weight": 3.7413399064484936, "log10_subsample": -0.8197972926837099, "max_depth": 5.0, "num_boost_round": 11.0}, "datetime": {"datetime": "2024-01-19 00:12:49", "elapsed": 22.403554, "delta": 0.000451}}
{"target": -13.758536848507056, "params": {"gamma": 550.4468199553754, "log10_alpha": -2.617091998767107, "log10_colsample_bytree": -0.241570479286923, "log10_eta": -3.904850290118453, "log10_lambda": -0.11854952029262655, "log10_min_child_weight": 3.7413399064484936, "log10_subsample": -0.8197972926837099, "max_depth": 5.0, "num_boost_round": 12.0}, "datetime": {"datetime": "2024-01-19 00:12:49", "elapsed": 22.403995, "delta": 0.000441}}
{"target": -13.758537255219588, "params": {"gamma": 550.4468199553754, "log10_alpha": -2.617091998767107, "log10_colsample_bytree": -0.241570479286923, "log10_eta": -3.904850290118453, "log10_lambda": -0.11854952029262655, "log10_min_child_weight": 3.7413399064484936, "log10_subsample": -0.8197972926837099, "max_depth": 5.0, "num_boost_round": 13.0}, "datetime": {"datetime": "2024-01-19 00:12:49", "elapsed": 22.40444, "delta": 0.000445}}
{"target": -13.758538288051684, "params": {"gamma": 550.4468199553754, "log10_alpha": -2.617091998767107, "log10_colsample_bytree": -0.241570479286923, "log10_eta": -3.904850290118453, "log10_lambda": -0.11854952029262655, "log10_min_child_weight": 3.7413399064484936, "log10_subsample": -0.8197972926837099, "max_depth": 5.0, "num_boost_round": 14.0}, "datetime": {"datetime": "2024-01-19 00:12:49", "elapsed": 22.404885, "delta": 0.000445}}
{"target": -13.758536217990459, "params": {"gamma": 550.4468199553754, "log10_alpha": -2.617091998767107, "log10_colsample_bytree": -0.241570479286923, "log10_eta": -3.904850290118453, "log10_lambda": -0.11854952029262655, "log10_min_child_weight": 3.7413399064484936, "log10_subsample": -0.8197972926837099, "max_depth": 5.0, "num_boost_round": 15.0}, "datetime": {"datetime": "2024-01-19 00:12:49", "elapsed": 22.40534, "delta": 0.000455}}
{"target": -13.758535467047958, "params": {"gamma": 550.4468199553754, "log10_alpha": -2.617091998767107, "log10_colsample_bytree": -0.241570479286923, "log10_eta": -3.904850290118453, "log10_lambda": -0.11854952029262655, "log10_min_child_weight": 3.7413399064484936, "log10_subsample": -0.8197972926837099, "max_depth": 5.0, "num_boost_round": 16.0}, "datetime": {"datetime": "2024-01-19 00:12:49", "elapsed": 22.405792, "delta": 0.000452}}
{"target": -13.758519433784098, "params": {"gamma": 544.1196888822421, "log10_alpha": -4.239774435234468, "log10_colsample_bytree": -0.29836052526394774, "log10_eta": -3.1637055408233614, "log10_lambda": -2.499914131984977, "log10_min_child_weight": 2.106317872524925, "log10_subsample": -0.24295325290292713, "max_depth": 4.0, "num_boost_round": 0.0}, "datetime": {"datetime": "2024-01-19 00:13:11", "elapsed": 43.837506, "delta": 21.431714}}
{"target": -13.758496062478653, "params": {"gamma": 544.1196888822421, "log10_alpha": -4.239774435234468, "log10_colsample_bytree": -0.29836052526394774, "log10_eta": -3.1637055408233614, "log10_lambda": -2.499914131984977, "log10_min_child_weight": 2.106317872524925, "log10_subsample": -0.24295325290292713, "max_depth": 4.0, "num_boost_round": 1.0}, "datetime": {"datetime": "2024-01-19 00:13:11", "elapsed": 43.83991, "delta": 0.002404}}
{"target": -13.758500238708942, "params": {"gamma": 544.1196888822421, "log10_alpha": -4.239774435234468, "log10_colsample_bytree": -0.29836052526394774, "log10_eta": -3.1637055408233614, "log10_lambda": -2.499914131984977, "log10_min_child_weight": 2.106317872524925, "log10_subsample": -0.24295325290292713, "max_depth": 4.0, "num_boost_round": 2.0}, "datetime": {"datetime": "2024-01-19 00:13:11", "elapsed": 43.840453, "delta": 0.000543}}
{"target": -13.758502628646214, "params": {"gamma": 544.1196888822421, "log10_alpha": -4.239774435234468, "log10_colsample_bytree": -0.29836052526394774, "log10_eta": -3.1637055408233614, "log10_lambda": -2.499914131984977, "log10_min_child_weight": 2.106317872524925, "log10_subsample": -0.24295325290292713, "max_depth": 4.0, "num_boost_round": 3.0}, "datetime": {"datetime": "2024-01-19 00:13:11", "elapsed": 43.840931, "delta": 0.000478}}
{"target": -13.758482642853549, "params": {"gamma": 544.1196888822421, "log10_alpha": -4.239774435234468, "log10_colsample_bytree": -0.29836052526394774, "log10_eta": -3.1637055408233614, "log10_lambda": -2.499914131984977, "log10_min_child_weight": 2.106317872524925, "log10_subsample": -0.24295325290292713, "max_depth": 4.0, "num_boost_round": 4.0}, "datetime": {"datetime": "2024-01-19 00:13:11", "elapsed": 43.841415, "delta": 0.000484}}
{"target": -13.758486619753242, "params": {"gamma": 544.1196888822421, "log10_alpha": -4.239774435234468, "log10_colsample_bytree": -0.29836052526394774, "log10_eta": -3.1637055408233614, "log10_lambda": -2.499914131984977, "log10_min_child_weight": 2.106317872524925, "log10_subsample": -0.24295325290292713, "max_depth": 4.0, "num_boost_round": 5.0}, "datetime": {"datetime": "2024-01-19 00:13:11", "elapsed": 43.842003, "delta": 0.000588}}
{"target": -13.758465544115312, "params": {"gamma": 544.1196888822421, "log10_alpha": -4.239774435234468, "log10_colsample_bytree": -0.29836052526394774, "log10_eta": -3.1637055408233614, "log10_lambda": -2.499914131984977, "log10_min_child_weight": 2.106317872524925, "log10_subsample": -0.24295325290292713, "max_depth": 4.0, "num_boost_round": 6.0}, "datetime": {"datetime": "2024-01-19 00:13:11", "elapsed": 43.842484, "delta": 0.000481}}
{"target": -13.75844409875208, "params": {"gamma": 544.1196888822421, "log10_alpha": -4.239774435234468, "log10_colsample_bytree": -0.29836052526394774, "log10_eta": -3.1637055408233614, "log10_lambda": -2.499914131984977, "log10_min_child_weight": 2.106317872524925, "log10_subsample": -0.24295325290292713, "max_depth": 4.0, "num_boost_round": 7.0}, "datetime": {"datetime": "2024-01-19 00:13:11", "elapsed": 43.842945, "delta": 0.000461}}
{"target": -13.7584265022705, "params": {"gamma": 544.1196888822421, "log10_alpha": -4.239774435234468, "log10_colsample_bytree": -0.29836052526394774, "log10_eta": -3.1637055408233614, "log10_lambda": -2.499914131984977, "log10_min_child_weight": 2.106317872524925, "log10_subsample": -0.24295325290292713, "max_depth": 4.0, "num_boost_round": 8.0}, "datetime": {"datetime": "2024-01-19 00:13:11", "elapsed": 43.843409, "delta": 0.000464}}
{"target": -13.758416708543509, "params": {"gamma": 544.1196888822421, "log10_alpha": -4.239774435234468, "log10_colsample_bytree": -0.29836052526394774, "log10_eta": -3.1637055408233614, "log10_lambda": -2.499914131984977, "log10_min_child_weight": 2.106317872524925, "log10_subsample": -0.24295325290292713, "max_depth": 4.0, "num_boost_round": 9.0}, "datetime": {"datetime": "2024-01-19 00:13:11", "elapsed": 43.843869, "delta": 0.00046}}
{"target": -13.758391007552596, "params": {"gamma": 544.1196888822421, "log10_alpha": -4.239774435234468, "log10_colsample_bytree": -0.29836052526394774, "log10_eta": -3.1637055408233614, "log10_lambda": -2.499914131984977, "log10_min_child_weight": 2.106317872524925, "log10_subsample": -0.24295325290292713, "max_depth": 4.0, "num_boost_round": 10.0}, "datetime": {"datetime": "2024-01-19 00:13:11", "elapsed": 43.844339, "delta": 0.00047}}
{"target": -13.758373081512072, "params": {"gamma": 544.1196888822421, "log10_alpha": -4.239774435234468, "log10_colsample_bytree": -0.29836052526394774, "log10_eta": -3.1637055408233614, "log10_lambda": -2.499914131984977, "log10_min_child_weight": 2.106317872524925, "log10_subsample": -0.24295325290292713, "max_depth": 4.0, "num_boost_round": 11.0}, "datetime": {"datetime": "2024-01-19 00:13:11", "elapsed": 43.844819, "delta": 0.00048}}
{"target": -13.758360050847475, "params": {"gamma": 544.1196888822421, "log10_alpha": -4.239774435234468, "log10_colsample_bytree": -0.29836052526394774, "log10_eta": -3.1637055408233614, "log10_lambda": -2.499914131984977, "log10_min_child_weight": 2.106317872524925, "log10_subsample": -0.24295325290292713, "max_depth": 4.0, "num_boost_round": 12.0}, "datetime": {"datetime": "2024-01-19 00:13:11", "elapsed": 43.845293, "delta": 0.000474}}
{"target": -13.758353938882191, "params": {"gamma": 544.1196888822421, "log10_alpha": -4.239774435234468, "log10_colsample_bytree": -0.29836052526394774, "log10_eta": -3.1637055408233614, "log10_lambda": -2.499914131984977, "log10_min_child_weight": 2.106317872524925, "log10_subsample": -0.24295325290292713, "max_depth": 4.0, "num_boost_round": 13.0}, "datetime": {"datetime": "2024-01-19 00:13:11", "elapsed": 43.845761, "delta": 0.000468}}
{"target": -13.758343088943866, "params": {"gamma": 544.1196888822421, "log10_alpha": -4.239774435234468, "log10_colsample_bytree": -0.29836052526394774, "log10_eta": -3.1637055408233614, "log10_lambda": -2.499914131984977, "log10_min_child_weight": 2.106317872524925, "log10_subsample": -0.24295325290292713, "max_depth": 4.0, "num_boost_round": 14.0}, "datetime": {"datetime": "2024-01-19 00:13:11", "elapsed": 43.846228, "delta": 0.000467}}
{"target": -13.758325618097842, "params": {"gamma": 544.1196888822421, "log10_alpha": -4.239774435234468, "log10_colsample_bytree": -0.29836052526394774, "log10_eta": -3.1637055408233614, "log10_lambda": -2.499914131984977, "log10_min_child_weight": 2.106317872524925, "log10_subsample": -0.24295325290292713, "max_depth": 4.0, "num_boost_round": 15.0}, "datetime": {"datetime": "2024-01-19 00:13:11", "elapsed": 43.846706, "delta": 0.000478}}
{"target": -13.758318571585505, "params": {"gamma": 544.1196888822421, "log10_alpha": -4.239774435234468, "log10_colsample_bytree": -0.29836052526394774, "log10_eta": -3.1637055408233614, "log10_lambda": -2.499914131984977, "log10_min_child_weight": 2.106317872524925, "log10_subsample": -0.24295325290292713, "max_depth": 4.0, "num_boost_round": 16.0}, "datetime": {"datetime": "2024-01-19 00:13:11", "elapsed": 43.847218, "delta": 0.000512}}
{"target": -13.758524674416954, "params": {"gamma": 549.3969596839808, "log10_alpha": -4.548597877339276, "log10_colsample_bytree": -0.8317172681881196, "log10_eta": -3.359353392521478, "log10_lambda": -4.111572853367746, "log10_min_child_weight": 0.5095293627399083, "log10_subsample": -0.08248929247036163, "max_depth": 4.0, "num_boost_round": 0.0}, "datetime": {"datetime": "2024-01-19 00:13:32", "elapsed": 65.144907, "delta": 21.297689}}
{"target": -13.758521691897283, "params": {"gamma": 549.3969596839808, "log10_alpha": -4.548597877339276, "log10_colsample_bytree": -0.8317172681881196, "log10_eta": -3.359353392521478, "log10_lambda": -4.111572853367746, "log10_min_child_weight": 0.5095293627399083, "log10_subsample": -0.08248929247036163, "max_depth": 4.0, "num_boost_round": 1.0}, "datetime": {"datetime": "2024-01-19 00:13:32", "elapsed": 65.145695, "delta": 0.000788}}
{"target": -13.758515960288028, "params": {"gamma": 549.3969596839808, "log10_alpha": -4.548597877339276, "log10_colsample_bytree": -0.8317172681881196, "log10_eta": -3.359353392521478, "log10_lambda": -4.111572853367746, "log10_min_child_weight": 0.5095293627399083, "log10_subsample": -0.08248929247036163, "max_depth": 4.0, "num_boost_round": 2.0}, "datetime": {"datetime": "2024-01-19 00:13:32", "elapsed": 65.146542, "delta": 0.000847}}
{"target": -13.75851177873796, "params": {"gamma": 549.3969596839808, "log10_alpha": -4.548597877339276, "log10_colsample_bytree": -0.8317172681881196, "log10_eta": -3.359353392521478, "log10_lambda": -4.111572853367746, "log10_min_child_weight": 0.5095293627399083, "log10_subsample": -0.08248929247036163, "max_depth": 4.0, "num_boost_round": 3.0}, "datetime": {"datetime": "2024-01-19 00:13:32", "elapsed": 65.147045, "delta": 0.000503}}
{"target": -13.758500117808747, "params": {"gamma": 549.3969596839808, "log10_alpha": -4.548597877339276, "log10_colsample_bytree": -0.8317172681881196, "log10_eta": -3.359353392521478, "log10_lambda": -4.111572853367746, "log10_min_child_weight": 0.5095293627399083, "log10_subsample": -0.08248929247036163, "max_depth": 4.0, "num_boost_round": 4.0}, "datetime": {"datetime": "2024-01-19 00:13:32", "elapsed": 65.147829, "delta": 0.000784}}
{"target": -13.758493553050384, "params": {"gamma": 549.3969596839808, "log10_alpha": -4.548597877339276, "log10_colsample_bytree": -0.8317172681881196, "log10_eta": -3.359353392521478, "log10_lambda": -4.111572853367746, "log10_min_child_weight": 0.5095293627399083, "log10_subsample": -0.08248929247036163, "max_depth": 4.0, "num_boost_round": 5.0}, "datetime": {"datetime": "2024-01-19 00:13:32", "elapsed": 65.148436, "delta": 0.000607}}
{"target": -13.758496460880508, "params": {"gamma": 549.3969596839808, "log10_alpha": -4.548597877339276, "log10_colsample_bytree": -0.8317172681881196, "log10_eta": -3.359353392521478, "log10_lambda": -4.111572853367746, "log10_min_child_weight": 0.5095293627399083, "log10_subsample": -0.08248929247036163, "max_depth": 4.0, "num_boost_round": 6.0}, "datetime": {"datetime": "2024-01-19 00:13:32", "elapsed": 65.148929, "delta": 0.000493}}
{"target": -13.758489184442048, "params": {"gamma": 549.3969596839808, "log10_alpha": -4.548597877339276, "log10_colsample_bytree": -0.8317172681881196, "log10_eta": -3.359353392521478, "log10_lambda": -4.111572853367746, "log10_min_child_weight": 0.5095293627399083, "log10_subsample": -0.08248929247036163, "max_depth": 4.0, "num_boost_round": 7.0}, "datetime": {"datetime": "2024-01-19 00:13:32", "elapsed": 65.149426, "delta": 0.000497}}
{"target": -13.758487280680813, "params": {"gamma": 549.3969596839808, "log10_alpha": -4.548597877339276, "log10_colsample_bytree": -0.8317172681881196, "log10_eta": -3.359353392521478, "log10_lambda": -4.111572853367746, "log10_min_child_weight": 0.5095293627399083, "log10_subsample": -0.08248929247036163, "max_depth": 4.0, "num_boost_round": 8.0}, "datetime": {"datetime": "2024-01-19 00:13:32", "elapsed": 65.149917, "delta": 0.000491}}
{"target": -13.758490458656256, "params": {"gamma": 549.3969596839808, "log10_alpha": -4.548597877339276, "log10_colsample_bytree": -0.8317172681881196, "log10_eta": -3.359353392521478, "log10_lambda": -4.111572853367746, "log10_min_child_weight": 0.5095293627399083, "log10_subsample": -0.08248929247036163, "max_depth": 4.0, "num_boost_round": 9.0}, "datetime": {"datetime": "2024-01-19 00:13:32", "elapsed": 65.150538, "delta": 0.000621}}
{"target": -13.75848170390919, "params": {"gamma": 549.3969596839808, "log10_alpha": -4.548597877339276, "log10_colsample_bytree": -0.8317172681881196, "log10_eta": -3.359353392521478, "log10_lambda": -4.111572853367746, "log10_min_child_weight": 0.5095293627399083, "log10_subsample": -0.08248929247036163, "max_depth": 4.0, "num_boost_round": 10.0}, "datetime": {"datetime": "2024-01-19 00:13:32", "elapsed": 65.151039, "delta": 0.000501}}
{"target": -13.758473535985207, "params": {"gamma": 549.3969596839808, "log10_alpha": -4.548597877339276, "log10_colsample_bytree": -0.8317172681881196, "log10_eta": -3.359353392521478, "log10_lambda": -4.111572853367746, "log10_min_child_weight": 0.5095293627399083, "log10_subsample": -0.08248929247036163, "max_depth": 4.0, "num_boost_round": 11.0}, "datetime": {"datetime": "2024-01-19 00:13:32", "elapsed": 65.151541, "delta": 0.000502}}
{"target": -13.758465872665289, "params": {"gamma": 549.3969596839808, "log10_alpha": -4.548597877339276, "log10_colsample_bytree": -0.8317172681881196, "log10_eta": -3.359353392521478, "log10_lambda": -4.111572853367746, "log10_min_child_weight": 0.5095293627399083, "log10_subsample": -0.08248929247036163, "max_depth": 4.0, "num_boost_round": 12.0}, "datetime": {"datetime": "2024-01-19 00:13:32", "elapsed": 65.15204, "delta": 0.000499}}
{"target": -13.758451282996116, "params": {"gamma": 549.3969596839808, "log10_alpha": -4.548597877339276, "log10_colsample_bytree": -0.8317172681881196, "log10_eta": -3.359353392521478, "log10_lambda": -4.111572853367746, "log10_min_child_weight": 0.5095293627399083, "log10_subsample": -0.08248929247036163, "max_depth": 4.0, "num_boost_round": 13.0}, "datetime": {"datetime": "2024-01-19 00:13:32", "elapsed": 65.152545, "delta": 0.000505}}
{"target": -13.758451483388177, "params": {"gamma": 549.3969596839808, "log10_alpha": -4.548597877339276, "log10_colsample_bytree": -0.8317172681881196, "log10_eta": -3.359353392521478, "log10_lambda": -4.111572853367746, "log10_min_child_weight": 0.5095293627399083, "log10_subsample": -0.08248929247036163, "max_depth": 4.0, "num_boost_round": 14.0}, "datetime": {"datetime": "2024-01-19 00:13:32", "elapsed": 65.153259, "delta": 0.000714}}
{"target": -13.75844260625015, "params": {"gamma": 549.3969596839808, "log10_alpha": -4.548597877339276, "log10_colsample_bytree": -0.8317172681881196, "log10_eta": -3.359353392521478, "log10_lambda": -4.111572853367746, "log10_min_child_weight": 0.5095293627399083, "log10_subsample": -0.08248929247036163, "max_depth": 4.0, "num_boost_round": 15.0}, "datetime": {"datetime": "2024-01-19 00:13:32", "elapsed": 65.153787, "delta": 0.000528}}
{"target": -13.761251625092513, "params": {"gamma": 542.5859834039907, "log10_alpha": -0.37187333665790145, "log10_colsample_bytree": -0.27928428200806066, "log10_eta": -0.032593927452535976, "log10_lambda": -0.41772043401097037, "log10_min_child_weight": 4.680286295829065, "log10_subsample": -0.7871823919033653, "max_depth": 8.0, "num_boost_round": 0.0}, "datetime": {"datetime": "2024-01-19 00:13:56", "elapsed": 88.735047, "delta": 23.58126}}
{"target": -13.764559457481118, "params": {"gamma": 542.5859834039907, "log10_alpha": -0.37187333665790145, "log10_colsample_bytree": -0.27928428200806066, "log10_eta": -0.032593927452535976, "log10_lambda": -0.41772043401097037, "log10_min_child_weight": 4.680286295829065, "log10_subsample": -0.7871823919033653, "max_depth": 8.0, "num_boost_round": 1.0}, "datetime": {"datetime": "2024-01-19 00:13:56", "elapsed": 88.735932, "delta": 0.000885}}
