{"target": -13.758500433314735, "params": {"gamma": 89.29304002433113, "log10_alpha": 0.3026240573709167, "log10_colsample_bytree": -0.6527293981261909, "log10_eta": -3.0139766738300406, "log10_lambda": -4.003230994143904, "log10_min_child_weight": 0.5154872608530697, "log10_subsample": -0.29860730770357224, "max_depth": 2.0, "num_boost_round": 4.0}, "datetime": {"datetime": "2024-01-19 00:18:19", "elapsed": 398.697412, "delta": 0.000672}}
{"target": -13.758497211224732, "params": {"gamma": 89.29304002433113, "log10_alpha": 0.3026240573709167, "log10_colsample_bytree": -0.6527293981261909, "log10_eta": -3.0139766738300406, "log10_lambda": -4.003230994143904, "log10_min_child_weight": 0.5154872608530697, "log10_subsample": -0.29860730770357224, "max_depth": 2.0, "num_boost_round": 5.0}, "datetime": {"datetime": "2024-01-19 00:18:19", "elapsed": 398.697987, "delta": 0.000575}}
{"target": -13.758492337972896, "params": {"gamma": 89.29304002433113, "log10_alpha": 0.3026240573709167, "log10_colsample_bytree": -0.6527293981261909, "log10_eta": -3.0139766738300406, "log10_lambda": -4.003230994143904, "log10_min_child_weight": 0.5154872608530697, "log10_subsample": -0.29860730770357224, "max_depth": 2.0, "num_boost_round": 6.0}, "datetime": {"datetime": "2024-01-19 00:18:19", "elapsed": 398.702201, "delta": 0.004214}}
{"target": -13.758484439510646, "params": {"gamma": 89.29304002433113, "log10_alpha": 0.3026240573709167, "log10_colsample_bytree": -0.6527293981261909, "log10_eta": -3.0139766738300406, "log10_lambda": -4.003230994143904, "log10_min_child_weight": 0.5154872608530697, "log10_subsample": -0.29860730770357224, "max_depth": 2.0, "num_boost_round": 7.0}, "datetime": {"datetime": "2024-01-19 00:18:19", "elapsed": 398.702922, "delta": 0.000721}}
{"target": -13.758470408789606, "params": {"gamma": 89.29304002433113, "log10_alpha": 0.3026240573709167, "log10_colsample_bytree": -0.6527293981261909, "log10_eta": -3.0139766738300406, "log10_lambda": -4.003230994143904, "log10_min_child_weight": 0.5154872608530697, "log10_subsample": -0.29860730770357224, "max_depth": 2.0, "num_boost_round": 8.0}, "datetime": {"datetime": "2024-01-19 00:18:19", "elapsed": 398.703495, "delta": 0.000573}}
{"target": -13.758463044932023, "params": {"gamma": 89.29304002433113, "log10_alpha": 0.3026240573709167, "log10_colsample_bytree": -0.6527293981261909, "log10_eta": -3.0139766738300406, "log10_lambda": -4.003230994143904, "log10_min_child_weight": 0.5154872608530697, "log10_subsample": -0.29860730770357224, "max_depth": 2.0, "num_boost_round": 9.0}, "datetime": {"datetime": "2024-01-19 00:18:19", "elapsed": 398.704079, "delta": 0.000584}}
{"target": -13.758532597470346, "params": {"gamma": 87.34216747165546, "log10_alpha": 0.46641986437732985, "log10_colsample_bytree": -0.5812671223156601, "log10_eta": -3.1488056556867634, "log10_lambda": 0.780131207016586, "log10_min_child_weight": 3.9533014866561267, "log10_subsample": -0.6000521903753664, "max_depth": 4.0, "num_boost_round": 0.0}, "datetime": {"datetime": "2024-01-19 00:18:39", "elapsed": 418.55206, "delta": 19.847981}}
{"target": -13.758532223870574, "params": {"gamma": 87.34216747165546, "log10_alpha": 0.46641986437732985, "log10_colsample_bytree": -0.5812671223156601, "log10_eta": -3.1488056556867634, "log10_lambda": 0.780131207016586, "log10_min_child_weight": 3.9533014866561267, "log10_subsample": -0.6000521903753664, "max_depth": 4.0, "num_boost_round": 1.0}, "datetime": {"datetime": "2024-01-19 00:18:39", "elapsed": 418.553335, "delta": 0.001275}}
{"target": -13.758531657634448, "params": {"gamma": 87.34216747165546, "log10_alpha": 0.46641986437732985, "log10_colsample_bytree": -0.5812671223156601, "log10_eta": -3.1488056556867634, "log10_lambda": 0.780131207016586, "log10_min_child_weight": 3.9533014866561267, "log10_subsample": -0.6000521903753664, "max_depth": 4.0, "num_boost_round": 2.0}, "datetime": {"datetime": "2024-01-19 00:18:39", "elapsed": 418.554047, "delta": 0.000712}}
{"target": -13.758528971448195, "params": {"gamma": 87.34216747165546, "log10_alpha": 0.46641986437732985, "log10_colsample_bytree": -0.5812671223156601, "log10_eta": -3.1488056556867634, "log10_lambda": 0.780131207016586, "log10_min_child_weight": 3.9533014866561267, "log10_subsample": -0.6000521903753664, "max_depth": 4.0, "num_boost_round": 3.0}, "datetime": {"datetime": "2024-01-19 00:18:39", "elapsed": 418.554649, "delta": 0.000602}}
{"target": -13.758525160388132, "params": {"gamma": 87.34216747165546, "log10_alpha": 0.46641986437732985, "log10_colsample_bytree": -0.5812671223156601, "log10_eta": -3.1488056556867634, "log10_lambda": 0.780131207016586, "log10_min_child_weight": 3.9533014866561267, "log10_subsample": -0.6000521903753664, "max_depth": 4.0, "num_boost_round": 4.0}, "datetime": {"datetime": "2024-01-19 00:18:39", "elapsed": 418.555266, "delta": 0.000617}}
{"target": -13.758525983748914, "params": {"gamma": 87.34216747165546, "log10_alpha": 0.46641986437732985, "log10_colsample_bytree": -0.5812671223156601, "log10_eta": -3.1488056556867634, "log10_lambda": 0.780131207016586, "log10_min_child_weight": 3.9533014866561267, "log10_subsample": -0.6000521903753664, "max_depth": 4.0, "num_boost_round": 5.0}, "datetime": {"datetime": "2024-01-19 00:18:39", "elapsed": 418.555869, "delta": 0.000603}}
{"target": -13.758533958414956, "params": {"gamma": 87.34216747165546, "log10_alpha": 0.46641986437732985, "log10_colsample_bytree": -0.5812671223156601, "log10_eta": -3.1488056556867634, "log10_lambda": 0.780131207016586, "log10_min_child_weight": 3.9533014866561267, "log10_subsample": -0.6000521903753664, "max_depth": 4.0, "num_boost_round": 6.0}, "datetime": {"datetime": "2024-01-19 00:18:39", "elapsed": 418.556451, "delta": 0.000582}}
{"target": -13.758516752088028, "params": {"gamma": 87.34216747165546, "log10_alpha": 0.46641986437732985, "log10_colsample_bytree": -0.5812671223156601, "log10_eta": -3.1488056556867634, "log10_lambda": 0.780131207016586, "log10_min_child_weight": 3.9533014866561267, "log10_subsample": -0.6000521903753664, "max_depth": 4.0, "num_boost_round": 7.0}, "datetime": {"datetime": "2024-01-19 00:18:39", "elapsed": 418.557176, "delta": 0.000725}}
{"target": -13.75851541055641, "params": {"gamma": 87.34216747165546, "log10_alpha": 0.46641986437732985, "log10_colsample_bytree": -0.5812671223156601, "log10_eta": -3.1488056556867634, "log10_lambda": 0.780131207016586, "log10_min_child_weight": 3.9533014866561267, "log10_subsample": -0.6000521903753664, "max_depth": 4.0, "num_boost_round": 8.0}, "datetime": {"datetime": "2024-01-19 00:18:39", "elapsed": 418.557756, "delta": 0.00058}}
{"target": -13.75851144139212, "params": {"gamma": 87.34216747165546, "log10_alpha": 0.46641986437732985, "log10_colsample_bytree": -0.5812671223156601, "log10_eta": -3.1488056556867634, "log10_lambda": 0.780131207016586, "log10_min_child_weight": 3.9533014866561267, "log10_subsample": -0.6000521903753664, "max_depth": 4.0, "num_boost_round": 9.0}, "datetime": {"datetime": "2024-01-19 00:18:39", "elapsed": 418.558348, "delta": 0.000592}}
{"target": -13.758501672273164, "params": {"gamma": 87.34216747165546, "log10_alpha": 0.46641986437732985, "log10_colsample_bytree": -0.5812671223156601, "log10_eta": -3.1488056556867634, "log10_lambda": 0.780131207016586, "log10_min_child_weight": 3.9533014866561267, "log10_subsample": -0.6000521903753664, "max_depth": 4.0, "num_boost_round": 10.0}, "datetime": {"datetime": "2024-01-19 00:18:39", "elapsed": 418.558943, "delta": 0.000595}}
{"target": -13.758535875298179, "params": {"gamma": 97.63402309042758, "log10_alpha": -0.20854549639898412, "log10_colsample_bytree": -0.6150657482601769, "log10_eta": -3.3730308208650523, "log10_lambda": -2.791406864626452, "log10_min_child_weight": 4.7230064745674785, "log10_subsample": -0.6674624489318003, "max_depth": 5.0, "num_boost_round": 0.0}, "datetime": {"datetime": "2024-01-19 00:18:59", "elapsed": 438.211224, "delta": 19.652281}}
{"target": -13.758534656752154, "params": {"gamma": 97.63402309042758, "log10_alpha": -0.20854549639898412, "log10_colsample_bytree": -0.6150657482601769, "log10_eta": -3.3730308208650523, "log10_lambda": -2.791406864626452, "log10_min_child_weight": 4.7230064745674785, "log10_subsample": -0.6674624489318003, "max_depth": 5.0, "num_boost_round": 1.0}, "datetime": {"datetime": "2024-01-19 00:18:59", "elapsed": 438.212002, "delta": 0.000778}}
{"target": -13.758535264679562, "params": {"gamma": 97.63402309042758, "log10_alpha": -0.20854549639898412, "log10_colsample_bytree": -0.6150657482601769, "log10_eta": -3.3730308208650523, "log10_lambda": -2.791406864626452, "log10_min_child_weight": 4.7230064745674785, "log10_subsample": -0.6674624489318003, "max_depth": 5.0, "num_boost_round": 2.0}, "datetime": {"datetime": "2024-01-19 00:18:59", "elapsed": 438.212559, "delta": 0.000557}}
{"target": -13.75853329622233, "params": {"gamma": 97.63402309042758, "log10_alpha": -0.20854549639898412, "log10_colsample_bytree": -0.6150657482601769, "log10_eta": -3.3730308208650523, "log10_lambda": -2.791406864626452, "log10_min_child_weight": 4.7230064745674785, "log10_subsample": -0.6674624489318003, "max_depth": 5.0, "num_boost_round": 3.0}, "datetime": {"datetime": "2024-01-19 00:18:59", "elapsed": 438.213158, "delta": 0.000599}}
{"target": -13.758533036810224, "params": {"gamma": 97.63402309042758, "log10_alpha": -0.20854549639898412, "log10_colsample_bytree": -0.6150657482601769, "log10_eta": -3.3730308208650523, "log10_lambda": -2.791406864626452, "log10_min_child_weight": 4.7230064745674785, "log10_subsample": -0.6674624489318003, "max_depth": 5.0, "num_boost_round": 4.0}, "datetime": {"datetime": "2024-01-19 00:18:59", "elapsed": 438.214118, "delta": 0.00096}}
{"target": -13.75853197477233, "params": {"gamma": 97.63402309042758, "log10_alpha": -0.20854549639898412, "log10_colsample_bytree": -0.6150657482601769, "log10_eta": -3.3730308208650523, "log10_lambda": -2.791406864626452, "log10_min_child_weight": 4.7230064745674785, "log10_subsample": -0.6674624489318003, "max_depth": 5.0, "num_boost_round": 5.0}, "datetime": {"datetime": "2024-01-19 00:18:59", "elapsed": 438.215232, "delta": 0.001114}}
{"target": -13.758530779895779, "params": {"gamma": 97.63402309042758, "log10_alpha": -0.20854549639898412, "log10_colsample_bytree": -0.6150657482601769, "log10_eta": -3.3730308208650523, "log10_lambda": -2.791406864626452, "log10_min_child_weight": 4.7230064745674785, "log10_subsample": -0.6674624489318003, "max_depth": 5.0, "num_boost_round": 6.0}, "datetime": {"datetime": "2024-01-19 00:18:59", "elapsed": 438.215857, "delta": 0.000625}}
{"target": -13.75852829495088, "params": {"gamma": 97.63402309042758, "log10_alpha": -0.20854549639898412, "log10_colsample_bytree": -0.6150657482601769, "log10_eta": -3.3730308208650523, "log10_lambda": -2.791406864626452, "log10_min_child_weight": 4.7230064745674785, "log10_subsample": -0.6674624489318003, "max_depth": 5.0, "num_boost_round": 7.0}, "datetime": {"datetime": "2024-01-19 00:18:59", "elapsed": 438.216579, "delta": 0.000722}}
{"target": -13.758528653386449, "params": {"gamma": 97.63402309042758, "log10_alpha": -0.20854549639898412, "log10_colsample_bytree": -0.6150657482601769, "log10_eta": -3.3730308208650523, "log10_lambda": -2.791406864626452, "log10_min_child_weight": 4.7230064745674785, "log10_subsample": -0.6674624489318003, "max_depth": 5.0, "num_boost_round": 8.0}, "datetime": {"datetime": "2024-01-19 00:18:59", "elapsed": 438.217203, "delta": 0.000624}}
{"target": -13.758526912998148, "params": {"gamma": 97.63402309042758, "log10_alpha": -0.20854549639898412, "log10_colsample_bytree": -0.6150657482601769, "log10_eta": -3.3730308208650523, "log10_lambda": -2.791406864626452, "log10_min_child_weight": 4.7230064745674785, "log10_subsample": -0.6674624489318003, "max_depth": 5.0, "num_boost_round": 9.0}, "datetime": {"datetime": "2024-01-19 00:18:59", "elapsed": 438.217818, "delta": 0.000615}}
{"target": -13.758524459890136, "params": {"gamma": 97.63402309042758, "log10_alpha": -0.20854549639898412, "log10_colsample_bytree": -0.6150657482601769, "log10_eta": -3.3730308208650523, "log10_lambda": -2.791406864626452, "log10_min_child_weight": 4.7230064745674785, "log10_subsample": -0.6674624489318003, "max_depth": 5.0, "num_boost_round": 10.0}, "datetime": {"datetime": "2024-01-19 00:18:59", "elapsed": 438.218412, "delta": 0.000594}}
{"target": -13.758535001613833, "params": {"gamma": 92.56624300676563, "log10_alpha": -3.2021615163099315, "log10_colsample_bytree": -0.6232490132246628, "log10_eta": -3.2918513112183527, "log10_lambda": 0.14241635935595554, "log10_min_child_weight": 4.282878343792383, "log10_subsample": -0.3412954659016074, "max_depth": 2.0, "num_boost_round": 0.0}, "datetime": {"datetime": "2024-01-19 00:19:18", "elapsed": 457.987854, "delta": 19.769442}}
{"target": -13.758537243781888, "params": {"gamma": 92.56624300676563, "log10_alpha": -3.2021615163099315, "log10_colsample_bytree": -0.6232490132246628, "log10_eta": -3.2918513112183527, "log10_lambda": 0.14241635935595554, "log10_min_child_weight": 4.282878343792383, "log10_subsample": -0.3412954659016074, "max_depth": 2.0, "num_boost_round": 1.0}, "datetime": {"datetime": "2024-01-19 00:19:18", "elapsed": 457.989187, "delta": 0.001333}}
{"target": -13.758537935771471, "params": {"gamma": 92.56624300676563, "log10_alpha": -3.2021615163099315, "log10_colsample_bytree": -0.6232490132246628, "log10_eta": -3.2918513112183527, "log10_lambda": 0.14241635935595554, "log10_min_child_weight": 4.282878343792383, "log10_subsample": -0.3412954659016074, "max_depth": 2.0, "num_boost_round": 2.0}, "datetime": {"datetime": "2024-01-19 00:19:18", "elapsed": 457.989856, "delta": 0.000669}}
{"target": -13.758537026834478, "params": {"gamma": 92.56624300676563, "log10_alpha": -3.2021615163099315, "log10_colsample_bytree": -0.6232490132246628, "log10_eta": -3.2918513112183527, "log10_lambda": 0.14241635935595554, "log10_min_child_weight": 4.282878343792383, "log10_subsample": -0.3412954659016074, "max_depth": 2.0, "num_boost_round": 3.0}, "datetime": {"datetime": "2024-01-19 00:19:18", "elapsed": 457.990486, "delta": 0.00063}}
{"target": -13.758535088098252, "params": {"gamma": 92.56624300676563, "log10_alpha": -3.2021615163099315, "log10_colsample_bytree": -0.6232490132246628, "log10_eta": -3.2918513112183527, "log10_lambda": 0.14241635935595554, "log10_min_child_weight": 4.282878343792383, "log10_subsample": -0.3412954659016074, "max_depth": 2.0, "num_boost_round": 4.0}, "datetime": {"datetime": "2024-01-19 00:19:18", "elapsed": 457.991104, "delta": 0.000618}}
{"target": -13.758534647072103, "params": {"gamma": 92.56624300676563, "log10_alpha": -3.2021615163099315, "log10_colsample_bytree": -0.6232490132246628, "log10_eta": -3.2918513112183527, "log10_lambda": 0.14241635935595554, "log10_min_child_weight": 4.282878343792383, "log10_subsample": -0.3412954659016074, "max_depth": 2.0, "num_boost_round": 5.0}, "datetime": {"datetime": "2024-01-19 00:19:18", "elapsed": 457.991721, "delta": 0.000617}}
{"target": -13.758539232836215, "params": {"gamma": 92.56624300676563, "log10_alpha": -3.2021615163099315, "log10_colsample_bytree": -0.6232490132246628, "log10_eta": -3.2918513112183527, "log10_lambda": 0.14241635935595554, "log10_min_child_weight": 4.282878343792383, "log10_subsample": -0.3412954659016074, "max_depth": 2.0, "num_boost_round": 6.0}, "datetime": {"datetime": "2024-01-19 00:19:18", "elapsed": 457.992557, "delta": 0.000836}}
{"target": -13.758536531723333, "params": {"gamma": 92.56624300676563, "log10_alpha": -3.2021615163099315, "log10_colsample_bytree": -0.6232490132246628, "log10_eta": -3.2918513112183527, "log10_lambda": 0.14241635935595554, "log10_min_child_weight": 4.282878343792383, "log10_subsample": -0.3412954659016074, "max_depth": 2.0, "num_boost_round": 7.0}, "datetime": {"datetime": "2024-01-19 00:19:18", "elapsed": 457.993199, "delta": 0.000642}}
{"target": -13.758538798731454, "params": {"gamma": 92.56624300676563, "log10_alpha": -3.2021615163099315, "log10_colsample_bytree": -0.6232490132246628, "log10_eta": -3.2918513112183527, "log10_lambda": 0.14241635935595554, "log10_min_child_weight": 4.282878343792383, "log10_subsample": -0.3412954659016074, "max_depth": 2.0, "num_boost_round": 8.0}, "datetime": {"datetime": "2024-01-19 00:19:18", "elapsed": 457.993796, "delta": 0.000597}}
{"target": -13.758535121003064, "params": {"gamma": 92.56624300676563, "log10_alpha": -3.2021615163099315, "log10_colsample_bytree": -0.6232490132246628, "log10_eta": -3.2918513112183527, "log10_lambda": 0.14241635935595554, "log10_min_child_weight": 4.282878343792383, "log10_subsample": -0.3412954659016074, "max_depth": 2.0, "num_boost_round": 9.0}, "datetime": {"datetime": "2024-01-19 00:19:18", "elapsed": 457.99443, "delta": 0.000634}}
{"target": -13.758533020017007, "params": {"gamma": 92.56624300676563, "log10_alpha": -3.2021615163099315, "log10_colsample_bytree": -0.6232490132246628, "log10_eta": -3.2918513112183527, "log10_lambda": 0.14241635935595554, "log10_min_child_weight": 4.282878343792383, "log10_subsample": -0.3412954659016074, "max_depth": 2.0, "num_boost_round": 10.0}, "datetime": {"datetime": "2024-01-19 00:19:18", "elapsed": 457.995066, "delta": 0.000636}}
{"target": -13.75853088496651, "params": {"gamma": 92.56624300676563, "log10_alpha": -3.2021615163099315, "log10_colsample_bytree": -0.6232490132246628, "log10_eta": -3.2918513112183527, "log10_lambda": 0.14241635935595554, "log10_min_child_weight": 4.282878343792383, "log10_subsample": -0.3412954659016074, "max_depth": 2.0, "num_boost_round": 11.0}, "datetime": {"datetime": "2024-01-19 00:19:18", "elapsed": 457.995695, "delta": 0.000629}}
{"target": -13.758535630441095, "params": {"gamma": 92.56624300676563, "log10_alpha": -3.2021615163099315, "log10_colsample_bytree": -0.6232490132246628, "log10_eta": -3.2918513112183527, "log10_lambda": 0.14241635935595554, "log10_min_child_weight": 4.282878343792383, "log10_subsample": -0.3412954659016074, "max_depth": 2.0, "num_boost_round": 12.0}, "datetime": {"datetime": "2024-01-19 00:19:18", "elapsed": 457.99633, "delta": 0.000635}}
{"target": -13.758452575446077, "params": {"gamma": 79.34849481925235, "log10_alpha": -2.448251778914614, "log10_colsample_bytree": -0.6258452924362853, "log10_eta": -2.429234835698923, "log10_lambda": 0.4088862096305653, "log10_min_child_weight": 2.4231512925852794, "log10_subsample": 0.0, "max_depth": 6.0, "num_boost_round": 0.0}, "datetime": {"datetime": "2024-01-19 00:19:38", "elapsed": 478.079084, "delta": 20.082754}}
{"target": -13.758389235223639, "params": {"gamma": 79.34849481925235, "log10_alpha": -2.448251778914614, "log10_colsample_bytree": -0.6258452924362853, "log10_eta": -2.429234835698923, "log10_lambda": 0.4088862096305653, "log10_min_child_weight": 2.4231512925852794, "log10_subsample": 0.0, "max_depth": 6.0, "num_boost_round": 1.0}, "datetime": {"datetime": "2024-01-19 00:19:38", "elapsed": 478.079975, "delta": 0.000891}}
{"target": -13.758363910758712, "params": {"gamma": 79.34849481925235, "log10_alpha": -2.448251778914614, "log10_colsample_bytree": -0.6258452924362853, "log10_eta": -2.429234835698923, "log10_lambda": 0.4088862096305653, "log10_min_child_weight": 2.4231512925852794, "log10_subsample": 0.0, "max_depth": 6.0, "num_boost_round": 2.0}, "datetime": {"datetime": "2024-01-19 00:19:38", "elapsed": 478.081148, "delta": 0.001173}}
{"target": -13.758242553727547, "params": {"gamma": 79.34849481925235, "log10_alpha": -2.448251778914614, "log10_colsample_bytree": -0.6258452924362853, "log10_eta": -2.429234835698923, "log10_lambda": 0.4088862096305653, "log10_min_child_weight": 2.4231512925852794, "log10_subsample": 0.0, "max_depth": 6.0, "num_boost_round": 3.0}, "datetime": {"datetime": "2024-01-19 00:19:38", "elapsed": 478.081739, "delta": 0.000591}}
{"target": -13.758069934643599, "params": {"gamma": 79.34849481925235, "log10_alpha": -2.448251778914614, "log10_colsample_bytree": -0.6258452924362853, "log10_eta": -2.429234835698923, "log10_lambda": 0.4088862096305653, "log10_min_child_weight": 2.4231512925852794, "log10_subsample": 0.0, "max_depth": 6.0, "num_boost_round": 4.0}, "datetime": {"datetime": "2024-01-19 00:19:38", "elapsed": 478.082492, "delta": 0.000753}}
{"target": -13.757857129562813, "params": {"gamma": 79.34849481925235, "log10_alpha": -2.448251778914614, "log10_colsample_bytree": -0.6258452924362853, "log10_eta": -2.429234835698923, "log10_lambda": 0.4088862096305653, "log10_min_child_weight": 2.4231512925852794, "log10_subsample": 0.0, "max_depth": 6.0, "num_boost_round": 5.0}, "datetime": {"datetime": "2024-01-19 00:19:38", "elapsed": 478.083223, "delta": 0.000731}}
{"target": -13.757812712189217, "params": {"gamma": 79.34849481925235, "log10_alpha": -2.448251778914614, "log10_colsample_bytree": -0.6258452924362853, "log10_eta": -2.429234835698923, "log10_lambda": 0.4088862096305653, "log10_min_child_weight": 2.4231512925852794, "log10_subsample": 0.0, "max_depth": 6.0, "num_boost_round": 6.0}, "datetime": {"datetime": "2024-01-19 00:19:38", "elapsed": 478.083875, "delta": 0.000652}}
{"target": -13.757780362881212, "params": {"gamma": 79.34849481925235, "log10_alpha": -2.448251778914614, "log10_colsample_bytree": -0.6258452924362853, "log10_eta": -2.429234835698923, "log10_lambda": 0.4088862096305653, "log10_min_child_weight": 2.4231512925852794, "log10_subsample": 0.0, "max_depth": 6.0, "num_boost_round": 7.0}, "datetime": {"datetime": "2024-01-19 00:19:39", "elapsed": 478.084671, "delta": 0.000796}}
