{"target": -17.677224731832766, "params": {"gamma": 5.111896355533663, "log10_alpha": -1.3515870791490725, "log10_colsample_bytree": -0.18559059685488832, "log10_eta": -3.5479099686193045, "log10_lambda": -1.047598989386977, "log10_min_child_weight": 0.7327260737511265, "log10_subsample": -0.6289410948655604, "max_depth": 2.0, "num_boost_round": 0.0}, "datetime": {"datetime": "2024-01-19 00:15:49", "elapsed": 303.576676, "delta": 32.263406}}
{"target": -17.677216315541393, "params": {"gamma": 5.111896355533663, "log10_alpha": -1.3515870791490725, "log10_colsample_bytree": -0.18559059685488832, "log10_eta": -3.5479099686193045, "log10_lambda": -1.047598989386977, "log10_min_child_weight": 0.7327260737511265, "log10_subsample": -0.6289410948655604, "max_depth": 2.0, "num_boost_round": 1.0}, "datetime": {"datetime": "2024-01-19 00:15:49", "elapsed": 303.577757, "delta": 0.001081}}
{"target": -17.677208186496, "params": {"gamma": 5.111896355533663, "log10_alpha": -1.3515870791490725, "log10_colsample_bytree": -0.18559059685488832, "log10_eta": -3.5479099686193045, "log10_lambda": -1.047598989386977, "log10_min_child_weight": 0.7327260737511265, "log10_subsample": -0.6289410948655604, "max_depth": 2.0, "num_boost_round": 2.0}, "datetime": {"datetime": "2024-01-19 00:15:49", "elapsed": 303.578211, "delta": 0.000454}}
{"target": -17.677206017444384, "params": {"gamma": 5.111896355533663, "log10_alpha": -1.3515870791490725, "log10_colsample_bytree": -0.18559059685488832, "log10_eta": -3.5479099686193045, "log10_lambda": -1.047598989386977, "log10_min_child_weight": 0.7327260737511265, "log10_subsample": -0.6289410948655604, "max_depth": 2.0, "num_boost_round": 3.0}, "datetime": {"datetime": "2024-01-19 00:15:49", "elapsed": 303.578649, "delta": 0.000438}}
{"target": -17.67719701546635, "params": {"gamma": 5.111896355533663, "log10_alpha": -1.3515870791490725, "log10_colsample_bytree": -0.18559059685488832, "log10_eta": -3.5479099686193045, "log10_lambda": -1.047598989386977, "log10_min_child_weight": 0.7327260737511265, "log10_subsample": -0.6289410948655604, "max_depth": 2.0, "num_boost_round": 4.0}, "datetime": {"datetime": "2024-01-19 00:15:49", "elapsed": 303.579072, "delta": 0.000423}}
{"target": -17.677188660606447, "params": {"gamma": 5.111896355533663, "log10_alpha": -1.3515870791490725, "log10_colsample_bytree": -0.18559059685488832, "log10_eta": -3.5479099686193045, "log10_lambda": -1.047598989386977, "log10_min_child_weight": 0.7327260737511265, "log10_subsample": -0.6289410948655604, "max_depth": 2.0, "num_boost_round": 5.0}, "datetime": {"datetime": "2024-01-19 00:15:49", "elapsed": 303.579496, "delta": 0.000424}}
{"target": -17.67717655918383, "params": {"gamma": 5.111896355533663, "log10_alpha": -1.3515870791490725, "log10_colsample_bytree": -0.18559059685488832, "log10_eta": -3.5479099686193045, "log10_lambda": -1.047598989386977, "log10_min_child_weight": 0.7327260737511265, "log10_subsample": -0.6289410948655604, "max_depth": 2.0, "num_boost_round": 6.0}, "datetime": {"datetime": "2024-01-19 00:15:49", "elapsed": 303.579916, "delta": 0.00042}}
{"target": -17.6771686091107, "params": {"gamma": 5.111896355533663, "log10_alpha": -1.3515870791490725, "log10_colsample_bytree": -0.18559059685488832, "log10_eta": -3.5479099686193045, "log10_lambda": -1.047598989386977, "log10_min_child_weight": 0.7327260737511265, "log10_subsample": -0.6289410948655604, "max_depth": 2.0, "num_boost_round": 7.0}, "datetime": {"datetime": "2024-01-19 00:15:49", "elapsed": 303.580335, "delta": 0.000419}}
{"target": -17.677160089525408, "params": {"gamma": 5.111896355533663, "log10_alpha": -1.3515870791490725, "log10_colsample_bytree": -0.18559059685488832, "log10_eta": -3.5479099686193045, "log10_lambda": -1.047598989386977, "log10_min_child_weight": 0.7327260737511265, "log10_subsample": -0.6289410948655604, "max_depth": 2.0, "num_boost_round": 8.0}, "datetime": {"datetime": "2024-01-19 00:15:49", "elapsed": 303.580764, "delta": 0.000429}}
{"target": -17.67715205672247, "params": {"gamma": 5.111896355533663, "log10_alpha": -1.3515870791490725, "log10_colsample_bytree": -0.18559059685488832, "log10_eta": -3.5479099686193045, "log10_lambda": -1.047598989386977, "log10_min_child_weight": 0.7327260737511265, "log10_subsample": -0.6289410948655604, "max_depth": 2.0, "num_boost_round": 9.0}, "datetime": {"datetime": "2024-01-19 00:15:49", "elapsed": 303.581201, "delta": 0.000437}}
{"target": -17.677143722584134, "params": {"gamma": 5.111896355533663, "log10_alpha": -1.3515870791490725, "log10_colsample_bytree": -0.18559059685488832, "log10_eta": -3.5479099686193045, "log10_lambda": -1.047598989386977, "log10_min_child_weight": 0.7327260737511265, "log10_subsample": -0.6289410948655604, "max_depth": 2.0, "num_boost_round": 10.0}, "datetime": {"datetime": "2024-01-19 00:15:49", "elapsed": 303.581778, "delta": 0.000577}}
{"target": -17.6771358323433, "params": {"gamma": 5.111896355533663, "log10_alpha": -1.3515870791490725, "log10_colsample_bytree": -0.18559059685488832, "log10_eta": -3.5479099686193045, "log10_lambda": -1.047598989386977, "log10_min_child_weight": 0.7327260737511265, "log10_subsample": -0.6289410948655604, "max_depth": 2.0, "num_boost_round": 11.0}, "datetime": {"datetime": "2024-01-19 00:15:49", "elapsed": 303.58222, "delta": 0.000442}}
{"target": -17.67712749334807, "params": {"gamma": 5.111896355533663, "log10_alpha": -1.3515870791490725, "log10_colsample_bytree": -0.18559059685488832, "log10_eta": -3.5479099686193045, "log10_lambda": -1.047598989386977, "log10_min_child_weight": 0.7327260737511265, "log10_subsample": -0.6289410948655604, "max_depth": 2.0, "num_boost_round": 12.0}, "datetime": {"datetime": "2024-01-19 00:15:49", "elapsed": 303.582661, "delta": 0.000441}}
{"target": -17.677119391121842, "params": {"gamma": 5.111896355533663, "log10_alpha": -1.3515870791490725, "log10_colsample_bytree": -0.18559059685488832, "log10_eta": -3.5479099686193045, "log10_lambda": -1.047598989386977, "log10_min_child_weight": 0.7327260737511265, "log10_subsample": -0.6289410948655604, "max_depth": 2.0, "num_boost_round": 13.0}, "datetime": {"datetime": "2024-01-19 00:15:49", "elapsed": 303.583089, "delta": 0.000428}}
{"target": -17.677111486403444, "params": {"gamma": 5.111896355533663, "log10_alpha": -1.3515870791490725, "log10_colsample_bytree": -0.18559059685488832, "log10_eta": -3.5479099686193045, "log10_lambda": -1.047598989386977, "log10_min_child_weight": 0.7327260737511265, "log10_subsample": -0.6289410948655604, "max_depth": 2.0, "num_boost_round": 14.0}, "datetime": {"datetime": "2024-01-19 00:15:49", "elapsed": 303.583522, "delta": 0.000433}}
{"target": -17.677103831449138, "params": {"gamma": 5.111896355533663, "log10_alpha": -1.3515870791490725, "log10_colsample_bytree": -0.18559059685488832, "log10_eta": -3.5479099686193045, "log10_lambda": -1.047598989386977, "log10_min_child_weight": 0.7327260737511265, "log10_subsample": -0.6289410948655604, "max_depth": 2.0, "num_boost_round": 15.0}, "datetime": {"datetime": "2024-01-19 00:15:49", "elapsed": 303.583958, "delta": 0.000436}}
{"target": -17.6770950520617, "params": {"gamma": 5.111896355533663, "log10_alpha": -1.3515870791490725, "log10_colsample_bytree": -0.18559059685488832, "log10_eta": -3.5479099686193045, "log10_lambda": -1.047598989386977, "log10_min_child_weight": 0.7327260737511265, "log10_subsample": -0.6289410948655604, "max_depth": 2.0, "num_boost_round": 16.0}, "datetime": {"datetime": "2024-01-19 00:15:49", "elapsed": 303.584392, "delta": 0.000434}}
{"target": -17.677087817117066, "params": {"gamma": 5.111896355533663, "log10_alpha": -1.3515870791490725, "log10_colsample_bytree": -0.18559059685488832, "log10_eta": -3.5479099686193045, "log10_lambda": -1.047598989386977, "log10_min_child_weight": 0.7327260737511265, "log10_subsample": -0.6289410948655604, "max_depth": 2.0, "num_boost_round": 17.0}, "datetime": {"datetime": "2024-01-19 00:15:49", "elapsed": 303.584822, "delta": 0.00043}}
{"target": -17.677082704114714, "params": {"gamma": 5.111896355533663, "log10_alpha": -1.3515870791490725, "log10_colsample_bytree": -0.18559059685488832, "log10_eta": -3.5479099686193045, "log10_lambda": -1.047598989386977, "log10_min_child_weight": 0.7327260737511265, "log10_subsample": -0.6289410948655604, "max_depth": 2.0, "num_boost_round": 18.0}, "datetime": {"datetime": "2024-01-19 00:15:49", "elapsed": 303.58525, "delta": 0.000428}}
{"target": -17.677078617055862, "params": {"gamma": 5.111896355533663, "log10_alpha": -1.3515870791490725, "log10_colsample_bytree": -0.18559059685488832, "log10_eta": -3.5479099686193045, "log10_lambda": -1.047598989386977, "log10_min_child_weight": 0.7327260737511265, "log10_subsample": -0.6289410948655604, "max_depth": 2.0, "num_boost_round": 19.0}, "datetime": {"datetime": "2024-01-19 00:15:49", "elapsed": 303.585695, "delta": 0.000445}}
{"target": -17.677070638209923, "params": {"gamma": 5.111896355533663, "log10_alpha": -1.3515870791490725, "log10_colsample_bytree": -0.18559059685488832, "log10_eta": -3.5479099686193045, "log10_lambda": -1.047598989386977, "log10_min_child_weight": 0.7327260737511265, "log10_subsample": -0.6289410948655604, "max_depth": 2.0, "num_boost_round": 20.0}, "datetime": {"datetime": "2024-01-19 00:15:49", "elapsed": 303.586261, "delta": 0.000566}}
{"target": -17.677065685344118, "params": {"gamma": 5.111896355533663, "log10_alpha": -1.3515870791490725, "log10_colsample_bytree": -0.18559059685488832, "log10_eta": -3.5479099686193045, "log10_lambda": -1.047598989386977, "log10_min_child_weight": 0.7327260737511265, "log10_subsample": -0.6289410948655604, "max_depth": 2.0, "num_boost_round": 21.0}, "datetime": {"datetime": "2024-01-19 00:15:49", "elapsed": 303.586714, "delta": 0.000453}}
{"target": -17.67705587035363, "params": {"gamma": 5.111896355533663, "log10_alpha": -1.3515870791490725, "log10_colsample_bytree": -0.18559059685488832, "log10_eta": -3.5479099686193045, "log10_lambda": -1.047598989386977, "log10_min_child_weight": 0.7327260737511265, "log10_subsample": -0.6289410948655604, "max_depth": 2.0, "num_boost_round": 22.0}, "datetime": {"datetime": "2024-01-19 00:15:49", "elapsed": 303.587157, "delta": 0.000443}}
{"target": -17.67704440812688, "params": {"gamma": 5.111896355533663, "log10_alpha": -1.3515870791490725, "log10_colsample_bytree": -0.18559059685488832, "log10_eta": -3.5479099686193045, "log10_lambda": -1.047598989386977, "log10_min_child_weight": 0.7327260737511265, "log10_subsample": -0.6289410948655604, "max_depth": 2.0, "num_boost_round": 23.0}, "datetime": {"datetime": "2024-01-19 00:15:49", "elapsed": 303.587601, "delta": 0.000444}}
{"target": -17.677032619452703, "params": {"gamma": 5.111896355533663, "log10_alpha": -1.3515870791490725, "log10_colsample_bytree": -0.18559059685488832, "log10_eta": -3.5479099686193045, "log10_lambda": -1.047598989386977, "log10_min_child_weight": 0.7327260737511265, "log10_subsample": -0.6289410948655604, "max_depth": 2.0, "num_boost_round": 24.0}, "datetime": {"datetime": "2024-01-19 00:15:49", "elapsed": 303.588045, "delta": 0.000444}}
{"target": -17.67702547804669, "params": {"gamma": 5.111896355533663, "log10_alpha": -1.3515870791490725, "log10_colsample_bytree": -0.18559059685488832, "log10_eta": -3.5479099686193045, "log10_lambda": -1.047598989386977, "log10_min_child_weight": 0.7327260737511265, "log10_subsample": -0.6289410948655604, "max_depth": 2.0, "num_boost_round": 25.0}, "datetime": {"datetime": "2024-01-19 00:15:49", "elapsed": 303.588495, "delta": 0.00045}}
{"target": -17.677019580929183, "params": {"gamma": 5.111896355533663, "log10_alpha": -1.3515870791490725, "log10_colsample_bytree": -0.18559059685488832, "log10_eta": -3.5479099686193045, "log10_lambda": -1.047598989386977, "log10_min_child_weight": 0.7327260737511265, "log10_subsample": -0.6289410948655604, "max_depth": 2.0, "num_boost_round": 26.0}, "datetime": {"datetime": "2024-01-19 00:15:49", "elapsed": 303.588935, "delta": 0.00044}}
{"target": -17.677013890990253, "params": {"gamma": 5.111896355533663, "log10_alpha": -1.3515870791490725, "log10_colsample_bytree": -0.18559059685488832, "log10_eta": -3.5479099686193045, "log10_lambda": -1.047598989386977, "log10_min_child_weight": 0.7327260737511265, "log10_subsample": -0.6289410948655604, "max_depth": 2.0, "num_boost_round": 27.0}, "datetime": {"datetime": "2024-01-19 00:15:49", "elapsed": 303.589384, "delta": 0.000449}}
{"target": -17.677005282260065, "params": {"gamma": 5.111896355533663, "log10_alpha": -1.3515870791490725, "log10_colsample_bytree": -0.18559059685488832, "log10_eta": -3.5479099686193045, "log10_lambda": -1.047598989386977, "log10_min_child_weight": 0.7327260737511265, "log10_subsample": -0.6289410948655604, "max_depth": 2.0, "num_boost_round": 28.0}, "datetime": {"datetime": "2024-01-19 00:15:49", "elapsed": 303.589831, "delta": 0.000447}}
{"target": -17.67699818230591, "params": {"gamma": 5.111896355533663, "log10_alpha": -1.3515870791490725, "log10_colsample_bytree": -0.18559059685488832, "log10_eta": -3.5479099686193045, "log10_lambda": -1.047598989386977, "log10_min_child_weight": 0.7327260737511265, "log10_subsample": -0.6289410948655604, "max_depth": 2.0, "num_boost_round": 29.0}, "datetime": {"datetime": "2024-01-19 00:15:49", "elapsed": 303.590283, "delta": 0.000452}}
{"target": -17.67699066553592, "params": {"gamma": 5.111896355533663, "log10_alpha": -1.3515870791490725, "log10_colsample_bytree": -0.18559059685488832, "log10_eta": -3.5479099686193045, "log10_lambda": -1.047598989386977, "log10_min_child_weight": 0.7327260737511265, "log10_subsample": -0.6289410948655604, "max_depth": 2.0, "num_boost_round": 30.0}, "datetime": {"datetime": "2024-01-19 00:15:49", "elapsed": 303.590739, "delta": 0.000456}}
{"target": -17.67698297401042, "params": {"gamma": 5.111896355533663, "log10_alpha": -1.3515870791490725, "log10_colsample_bytree": -0.18559059685488832, "log10_eta": -3.5479099686193045, "log10_lambda": -1.047598989386977, "log10_min_child_weight": 0.7327260737511265, "log10_subsample": -0.6289410948655604, "max_depth": 2.0, "num_boost_round": 31.0}, "datetime": {"datetime": "2024-01-19 00:15:49", "elapsed": 303.591194, "delta": 0.000455}}
{"target": -17.676977977224155, "params": {"gamma": 5.111896355533663, "log10_alpha": -1.3515870791490725, "log10_colsample_bytree": -0.18559059685488832, "log10_eta": -3.5479099686193045, "log10_lambda": -1.047598989386977, "log10_min_child_weight": 0.7327260737511265, "log10_subsample": -0.6289410948655604, "max_depth": 2.0, "num_boost_round": 32.0}, "datetime": {"datetime": "2024-01-19 00:15:49", "elapsed": 303.591691, "delta": 0.000497}}
{"target": -17.67697308652629, "params": {"gamma": 5.111896355533663, "log10_alpha": -1.3515870791490725, "log10_colsample_bytree": -0.18559059685488832, "log10_eta": -3.5479099686193045, "log10_lambda": -1.047598989386977, "log10_min_child_weight": 0.7327260737511265, "log10_subsample": -0.6289410948655604, "max_depth": 2.0, "num_boost_round": 33.0}, "datetime": {"datetime": "2024-01-19 00:15:49", "elapsed": 303.592143, "delta": 0.000452}}
{"target": -17.676965714686325, "params": {"gamma": 5.111896355533663, "log10_alpha": -1.3515870791490725, "log10_colsample_bytree": -0.18559059685488832, "log10_eta": -3.5479099686193045, "log10_lambda": -1.047598989386977, "log10_min_child_weight": 0.7327260737511265, "log10_subsample": -0.6289410948655604, "max_depth": 2.0, "num_boost_round": 34.0}, "datetime": {"datetime": "2024-01-19 00:15:49", "elapsed": 303.592601, "delta": 0.000458}}
{"target": -17.67695809502368, "params": {"gamma": 5.111896355533663, "log10_alpha": -1.3515870791490725, "log10_colsample_bytree": -0.18559059685488832, "log10_eta": -3.5479099686193045, "log10_lambda": -1.047598989386977, "log10_min_child_weight": 0.7327260737511265, "log10_subsample": -0.6289410948655604, "max_depth": 2.0, "num_boost_round": 35.0}, "datetime": {"datetime": "2024-01-19 00:15:49", "elapsed": 303.593052, "delta": 0.000451}}
{"target": -17.67695338330462, "params": {"gamma": 5.111896355533663, "log10_alpha": -1.3515870791490725, "log10_colsample_bytree": -0.18559059685488832, "log10_eta": -3.5479099686193045, "log10_lambda": -1.047598989386977, "log10_min_child_weight": 0.7327260737511265, "log10_subsample": -0.6289410948655604, "max_depth": 2.0, "num_boost_round": 36.0}, "datetime": {"datetime": "2024-01-19 00:15:49", "elapsed": 303.593515, "delta": 0.000463}}
{"target": -17.676945233707468, "params": {"gamma": 5.111896355533663, "log10_alpha": -1.3515870791490725, "log10_colsample_bytree": -0.18559059685488832, "log10_eta": -3.5479099686193045, "log10_lambda": -1.047598989386977, "log10_min_child_weight": 0.7327260737511265, "log10_subsample": -0.6289410948655604, "max_depth": 2.0, "num_boost_round": 37.0}, "datetime": {"datetime": "2024-01-19 00:15:49", "elapsed": 303.593969, "delta": 0.000454}}
{"target": -17.676936893978596, "params": {"gamma": 5.111896355533663, "log10_alpha": -1.3515870791490725, "log10_colsample_bytree": -0.18559059685488832, "log10_eta": -3.5479099686193045, "log10_lambda": -1.047598989386977, "log10_min_child_weight": 0.7327260737511265, "log10_subsample": -0.6289410948655604, "max_depth": 2.0, "num_boost_round": 38.0}, "datetime": {"datetime": "2024-01-19 00:15:49", "elapsed": 303.59443, "delta": 0.000461}}
{"target": -17.67723316353235, "params": {"gamma": 10.11324089012955, "log10_alpha": -4.2838096322849175, "log10_colsample_bytree": -0.47846892441177935, "log10_eta": -3.621779613496325, "log10_lambda": 0.6404159681658088, "log10_min_child_weight": 0.36142976016607875, "log10_subsample": -0.08620468109819057, "max_depth": 9.0, "num_boost_round": 0.0}, "datetime": {"datetime": "2024-01-19 00:16:33", "elapsed": 347.091137, "delta": 43.496707}}
{"target": -17.677222509177152, "params": {"gamma": 10.11324089012955, "log10_alpha": -4.2838096322849175, "log10_colsample_bytree": -0.47846892441177935, "log10_eta": -3.621779613496325, "log10_lambda": 0.6404159681658088, "log10_min_child_weight": 0.36142976016607875, "log10_subsample": -0.08620468109819057, "max_depth": 9.0, "num_boost_round": 1.0}, "datetime": {"datetime": "2024-01-19 00:16:33", "elapsed": 347.091814, "delta": 0.000677}}
{"target": -17.677213970480146, "params": {"gamma": 10.11324089012955, "log10_alpha": -4.2838096322849175, "log10_colsample_bytree": -0.47846892441177935, "log10_eta": -3.621779613496325, "log10_lambda": 0.6404159681658088, "log10_min_child_weight": 0.36142976016607875, "log10_subsample": -0.08620468109819057, "max_depth": 9.0, "num_boost_round": 2.0}, "datetime": {"datetime": "2024-01-19 00:16:33", "elapsed": 347.092308, "delta": 0.000494}}
{"target": -17.677209129832754, "params": {"gamma": 10.11324089012955, "log10_alpha": -4.2838096322849175, "log10_colsample_bytree": -0.47846892441177935, "log10_eta": -3.621779613496325, "log10_lambda": 0.6404159681658088, "log10_min_child_weight": 0.36142976016607875, "log10_subsample": -0.08620468109819057, "max_depth": 9.0, "num_boost_round": 3.0}, "datetime": {"datetime": "2024-01-19 00:16:33", "elapsed": 347.093112, "delta": 0.000804}}
{"target": -17.677191930378875, "params": {"gamma": 10.11324089012955, "log10_alpha": -4.2838096322849175, "log10_colsample_bytree": -0.47846892441177935, "log10_eta": -3.621779613496325, "log10_lambda": 0.6404159681658088, "log10_min_child_weight": 0.36142976016607875, "log10_subsample": -0.08620468109819057, "max_depth": 9.0, "num_boost_round": 4.0}, "datetime": {"datetime": "2024-01-19 00:16:33", "elapsed": 347.0937, "delta": 0.000588}}
{"target": -17.677176776895912, "params": {"gamma": 10.11324089012955, "log10_alpha": -4.2838096322849175, "log10_colsample_bytree": -0.47846892441177935, "log10_eta": -3.621779613496325, "log10_lambda": 0.6404159681658088, "log10_min_child_weight": 0.36142976016607875, "log10_subsample": -0.08620468109819057, "max_depth": 9.0, "num_boost_round": 5.0}, "datetime": {"datetime": "2024-01-19 00:16:33", "elapsed": 347.094179, "delta": 0.000479}}
{"target": -17.677164091982842, "params": {"gamma": 10.11324089012955, "log10_alpha": -4.2838096322849175, "log10_colsample_bytree": -0.47846892441177935, "log10_eta": -3.621779613496325, "log10_lambda": 0.6404159681658088, "log10_min_child_weight": 0.36142976016607875, "log10_subsample": -0.08620468109819057, "max_depth": 9.0, "num_boost_round": 6.0}, "datetime": {"datetime": "2024-01-19 00:16:33", "elapsed": 347.094657, "delta": 0.000478}}
{"target": -17.677165518201594, "params": {"gamma": 10.11324089012955, "log10_alpha": -4.2838096322849175, "log10_colsample_bytree": -0.47846892441177935, "log10_eta": -3.621779613496325, "log10_lambda": 0.6404159681658088, "log10_min_child_weight": 0.36142976016607875, "log10_subsample": -0.08620468109819057, "max_depth": 9.0, "num_boost_round": 7.0}, "datetime": {"datetime": "2024-01-19 00:16:33", "elapsed": 347.095127, "delta": 0.00047}}
{"target": -17.677169453543563, "params": {"gamma": 10.11324089012955, "log10_alpha": -4.2838096322849175, "log10_colsample_bytree": -0.47846892441177935, "log10_eta": -3.621779613496325, "log10_lambda": 0.6404159681658088, "log10_min_child_weight": 0.36142976016607875, "log10_subsample": -0.08620468109819057, "max_depth": 9.0, "num_boost_round": 8.0}, "datetime": {"datetime": "2024-01-19 00:16:33", "elapsed": 347.095608, "delta": 0.000481}}
{"target": -17.677154496477385, "params": {"gamma": 10.11324089012955, "log10_alpha": -4.2838096322849175, "log10_colsample_bytree": -0.47846892441177935, "log10_eta": -3.621779613496325, "log10_lambda": 0.6404159681658088, "log10_min_child_weight": 0.36142976016607875, "log10_subsample": -0.08620468109819057, "max_depth": 9.0, "num_boost_round": 9.0}, "datetime": {"datetime": "2024-01-19 00:16:33", "elapsed": 347.096224, "delta": 0.000616}}
