{"target": -17.67704876532588, "params": {"gamma": 58.35676501295606, "log10_alpha": -2.640447098155165, "log10_colsample_bytree": -0.37982909625348593, "log10_eta": -3.0055350607158657, "log10_lambda": -3.349326008259306, "log10_min_child_weight": 3.6634431728522756, "log10_subsample": -0.3774675226069081, "max_depth": 4.0, "num_boost_round": 8.0}, "datetime": {"datetime": "2024-01-19 01:58:37", "elapsed": 6425.237879, "delta": 0.006874}}
{"target": -17.677029526769086, "params": {"gamma": 58.35676501295606, "log10_alpha": -2.640447098155165, "log10_colsample_bytree": -0.37982909625348593, "log10_eta": -3.0055350607158657, "log10_lambda": -3.349326008259306, "log10_min_child_weight": 3.6634431728522756, "log10_subsample": -0.3774675226069081, "max_depth": 4.0, "num_boost_round": 9.0}, "datetime": {"datetime": "2024-01-19 01:58:37", "elapsed": 6425.244906, "delta": 0.007027}}
{"target": -17.67701174693287, "params": {"gamma": 58.35676501295606, "log10_alpha": -2.640447098155165, "log10_colsample_bytree": -0.37982909625348593, "log10_eta": -3.0055350607158657, "log10_lambda": -3.349326008259306, "log10_min_child_weight": 3.6634431728522756, "log10_subsample": -0.3774675226069081, "max_depth": 4.0, "num_boost_round": 10.0}, "datetime": {"datetime": "2024-01-19 01:58:37", "elapsed": 6425.251992, "delta": 0.007086}}
{"target": -17.676982863749803, "params": {"gamma": 58.35676501295606, "log10_alpha": -2.640447098155165, "log10_colsample_bytree": -0.37982909625348593, "log10_eta": -3.0055350607158657, "log10_lambda": -3.349326008259306, "log10_min_child_weight": 3.6634431728522756, "log10_subsample": -0.3774675226069081, "max_depth": 4.0, "num_boost_round": 11.0}, "datetime": {"datetime": "2024-01-19 01:58:37", "elapsed": 6425.258998, "delta": 0.007006}}
{"target": -17.676944098697394, "params": {"gamma": 58.35676501295606, "log10_alpha": -2.640447098155165, "log10_colsample_bytree": -0.37982909625348593, "log10_eta": -3.0055350607158657, "log10_lambda": -3.349326008259306, "log10_min_child_weight": 3.6634431728522756, "log10_subsample": -0.3774675226069081, "max_depth": 4.0, "num_boost_round": 12.0}, "datetime": {"datetime": "2024-01-19 01:58:37", "elapsed": 6425.265829, "delta": 0.006831}}
{"target": -17.676919944409526, "params": {"gamma": 58.35676501295606, "log10_alpha": -2.640447098155165, "log10_colsample_bytree": -0.37982909625348593, "log10_eta": -3.0055350607158657, "log10_lambda": -3.349326008259306, "log10_min_child_weight": 3.6634431728522756, "log10_subsample": -0.3774675226069081, "max_depth": 4.0, "num_boost_round": 13.0}, "datetime": {"datetime": "2024-01-19 01:58:37", "elapsed": 6425.272687, "delta": 0.006858}}
{"target": -17.6769067224121, "params": {"gamma": 58.35676501295606, "log10_alpha": -2.640447098155165, "log10_colsample_bytree": -0.37982909625348593, "log10_eta": -3.0055350607158657, "log10_lambda": -3.349326008259306, "log10_min_child_weight": 3.6634431728522756, "log10_subsample": -0.3774675226069081, "max_depth": 4.0, "num_boost_round": 14.0}, "datetime": {"datetime": "2024-01-19 01:58:37", "elapsed": 6425.279664, "delta": 0.006977}}
{"target": -17.676890236648056, "params": {"gamma": 58.35676501295606, "log10_alpha": -2.640447098155165, "log10_colsample_bytree": -0.37982909625348593, "log10_eta": -3.0055350607158657, "log10_lambda": -3.349326008259306, "log10_min_child_weight": 3.6634431728522756, "log10_subsample": -0.3774675226069081, "max_depth": 4.0, "num_boost_round": 15.0}, "datetime": {"datetime": "2024-01-19 01:58:37", "elapsed": 6425.286502, "delta": 0.006838}}
{"target": -17.67687041468899, "params": {"gamma": 58.35676501295606, "log10_alpha": -2.640447098155165, "log10_colsample_bytree": -0.37982909625348593, "log10_eta": -3.0055350607158657, "log10_lambda": -3.349326008259306, "log10_min_child_weight": 3.6634431728522756, "log10_subsample": -0.3774675226069081, "max_depth": 4.0, "num_boost_round": 16.0}, "datetime": {"datetime": "2024-01-19 01:58:37", "elapsed": 6425.293412, "delta": 0.00691}}
{"target": -17.67686612749643, "params": {"gamma": 58.35676501295606, "log10_alpha": -2.640447098155165, "log10_colsample_bytree": -0.37982909625348593, "log10_eta": -3.0055350607158657, "log10_lambda": -3.349326008259306, "log10_min_child_weight": 3.6634431728522756, "log10_subsample": -0.3774675226069081, "max_depth": 4.0, "num_boost_round": 17.0}, "datetime": {"datetime": "2024-01-19 01:58:37", "elapsed": 6425.300211, "delta": 0.006799}}
{"target": -17.67684728551899, "params": {"gamma": 58.35676501295606, "log10_alpha": -2.640447098155165, "log10_colsample_bytree": -0.37982909625348593, "log10_eta": -3.0055350607158657, "log10_lambda": -3.349326008259306, "log10_min_child_weight": 3.6634431728522756, "log10_subsample": -0.3774675226069081, "max_depth": 4.0, "num_boost_round": 18.0}, "datetime": {"datetime": "2024-01-19 01:58:37", "elapsed": 6425.31104, "delta": 0.010829}}
{"target": -17.67681664820475, "params": {"gamma": 58.35676501295606, "log10_alpha": -2.640447098155165, "log10_colsample_bytree": -0.37982909625348593, "log10_eta": -3.0055350607158657, "log10_lambda": -3.349326008259306, "log10_min_child_weight": 3.6634431728522756, "log10_subsample": -0.3774675226069081, "max_depth": 4.0, "num_boost_round": 19.0}, "datetime": {"datetime": "2024-01-19 01:58:37", "elapsed": 6425.317306, "delta": 0.006266}}
{"target": -17.67677814461353, "params": {"gamma": 58.35676501295606, "log10_alpha": -2.640447098155165, "log10_colsample_bytree": -0.37982909625348593, "log10_eta": -3.0055350607158657, "log10_lambda": -3.349326008259306, "log10_min_child_weight": 3.6634431728522756, "log10_subsample": -0.3774675226069081, "max_depth": 4.0, "num_boost_round": 20.0}, "datetime": {"datetime": "2024-01-19 01:58:37", "elapsed": 6425.324313, "delta": 0.007007}}
{"target": -17.676756544654943, "params": {"gamma": 58.35676501295606, "log10_alpha": -2.640447098155165, "log10_colsample_bytree": -0.37982909625348593, "log10_eta": -3.0055350607158657, "log10_lambda": -3.349326008259306, "log10_min_child_weight": 3.6634431728522756, "log10_subsample": -0.3774675226069081, "max_depth": 4.0, "num_boost_round": 21.0}, "datetime": {"datetime": "2024-01-19 01:58:37", "elapsed": 6425.331431, "delta": 0.007118}}
{"target": -17.676725484247633, "params": {"gamma": 58.35676501295606, "log10_alpha": -2.640447098155165, "log10_colsample_bytree": -0.37982909625348593, "log10_eta": -3.0055350607158657, "log10_lambda": -3.349326008259306, "log10_min_child_weight": 3.6634431728522756, "log10_subsample": -0.3774675226069081, "max_depth": 4.0, "num_boost_round": 22.0}, "datetime": {"datetime": "2024-01-19 01:58:38", "elapsed": 6425.339233, "delta": 0.007802}}
{"target": -17.67671150179155, "params": {"gamma": 58.35676501295606, "log10_alpha": -2.640447098155165, "log10_colsample_bytree": -0.37982909625348593, "log10_eta": -3.0055350607158657, "log10_lambda": -3.349326008259306, "log10_min_child_weight": 3.6634431728522756, "log10_subsample": -0.3774675226069081, "max_depth": 4.0, "num_boost_round": 23.0}, "datetime": {"datetime": "2024-01-19 01:58:38", "elapsed": 6425.346478, "delta": 0.007245}}
{"target": -17.6766899997593, "params": {"gamma": 58.35676501295606, "log10_alpha": -2.640447098155165, "log10_colsample_bytree": -0.37982909625348593, "log10_eta": -3.0055350607158657, "log10_lambda": -3.349326008259306, "log10_min_child_weight": 3.6634431728522756, "log10_subsample": -0.3774675226069081, "max_depth": 4.0, "num_boost_round": 24.0}, "datetime": {"datetime": "2024-01-19 01:58:38", "elapsed": 6425.353638, "delta": 0.00716}}
{"target": -17.676680677648122, "params": {"gamma": 58.35676501295606, "log10_alpha": -2.640447098155165, "log10_colsample_bytree": -0.37982909625348593, "log10_eta": -3.0055350607158657, "log10_lambda": -3.349326008259306, "log10_min_child_weight": 3.6634431728522756, "log10_subsample": -0.3774675226069081, "max_depth": 4.0, "num_boost_round": 25.0}, "datetime": {"datetime": "2024-01-19 01:58:38", "elapsed": 6425.360452, "delta": 0.006814}}
{"target": -17.676664829611024, "params": {"gamma": 58.35676501295606, "log10_alpha": -2.640447098155165, "log10_colsample_bytree": -0.37982909625348593, "log10_eta": -3.0055350607158657, "log10_lambda": -3.349326008259306, "log10_min_child_weight": 3.6634431728522756, "log10_subsample": -0.3774675226069081, "max_depth": 4.0, "num_boost_round": 26.0}, "datetime": {"datetime": "2024-01-19 01:58:38", "elapsed": 6425.367345, "delta": 0.006893}}
{"target": -17.676624597042064, "params": {"gamma": 58.35676501295606, "log10_alpha": -2.640447098155165, "log10_colsample_bytree": -0.37982909625348593, "log10_eta": -3.0055350607158657, "log10_lambda": -3.349326008259306, "log10_min_child_weight": 3.6634431728522756, "log10_subsample": -0.3774675226069081, "max_depth": 4.0, "num_boost_round": 27.0}, "datetime": {"datetime": "2024-01-19 01:58:38", "elapsed": 6425.374151, "delta": 0.006806}}
{"target": -17.676600321384985, "params": {"gamma": 58.35676501295606, "log10_alpha": -2.640447098155165, "log10_colsample_bytree": -0.37982909625348593, "log10_eta": -3.0055350607158657, "log10_lambda": -3.349326008259306, "log10_min_child_weight": 3.6634431728522756, "log10_subsample": -0.3774675226069081, "max_depth": 4.0, "num_boost_round": 28.0}, "datetime": {"datetime": "2024-01-19 01:58:38", "elapsed": 6425.381177, "delta": 0.007026}}
{"target": -17.67657134973556, "params": {"gamma": 58.35676501295606, "log10_alpha": -2.640447098155165, "log10_colsample_bytree": -0.37982909625348593, "log10_eta": -3.0055350607158657, "log10_lambda": -3.349326008259306, "log10_min_child_weight": 3.6634431728522756, "log10_subsample": -0.3774675226069081, "max_depth": 4.0, "num_boost_round": 29.0}, "datetime": {"datetime": "2024-01-19 01:58:38", "elapsed": 6425.388223, "delta": 0.007046}}
{"target": -17.676560613056022, "params": {"gamma": 58.35676501295606, "log10_alpha": -2.640447098155165, "log10_colsample_bytree": -0.37982909625348593, "log10_eta": -3.0055350607158657, "log10_lambda": -3.349326008259306, "log10_min_child_weight": 3.6634431728522756, "log10_subsample": -0.3774675226069081, "max_depth": 4.0, "num_boost_round": 30.0}, "datetime": {"datetime": "2024-01-19 01:58:38", "elapsed": 6425.395005, "delta": 0.006782}}
{"target": -17.676518660179084, "params": {"gamma": 58.35676501295606, "log10_alpha": -2.640447098155165, "log10_colsample_bytree": -0.37982909625348593, "log10_eta": -3.0055350607158657, "log10_lambda": -3.349326008259306, "log10_min_child_weight": 3.6634431728522756, "log10_subsample": -0.3774675226069081, "max_depth": 4.0, "num_boost_round": 31.0}, "datetime": {"datetime": "2024-01-19 01:58:38", "elapsed": 6425.401968, "delta": 0.006963}}
{"target": -17.67650590575772, "params": {"gamma": 58.35676501295606, "log10_alpha": -2.640447098155165, "log10_colsample_bytree": -0.37982909625348593, "log10_eta": -3.0055350607158657, "log10_lambda": -3.349326008259306, "log10_min_child_weight": 3.6634431728522756, "log10_subsample": -0.3774675226069081, "max_depth": 4.0, "num_boost_round": 32.0}, "datetime": {"datetime": "2024-01-19 01:58:38", "elapsed": 6425.408814, "delta": 0.006846}}
{"target": -17.676480082535544, "params": {"gamma": 58.35676501295606, "log10_alpha": -2.640447098155165, "log10_colsample_bytree": -0.37982909625348593, "log10_eta": -3.0055350607158657, "log10_lambda": -3.349326008259306, "log10_min_child_weight": 3.6634431728522756, "log10_subsample": -0.3774675226069081, "max_depth": 4.0, "num_boost_round": 33.0}, "datetime": {"datetime": "2024-01-19 01:58:38", "elapsed": 6425.415664, "delta": 0.00685}}
{"target": -17.676455218999315, "params": {"gamma": 58.35676501295606, "log10_alpha": -2.640447098155165, "log10_colsample_bytree": -0.37982909625348593, "log10_eta": -3.0055350607158657, "log10_lambda": -3.349326008259306, "log10_min_child_weight": 3.6634431728522756, "log10_subsample": -0.3774675226069081, "max_depth": 4.0, "num_boost_round": 34.0}, "datetime": {"datetime": "2024-01-19 01:58:38", "elapsed": 6425.422492, "delta": 0.006828}}
{"target": -17.676433529179683, "params": {"gamma": 58.35676501295606, "log10_alpha": -2.640447098155165, "log10_colsample_bytree": -0.37982909625348593, "log10_eta": -3.0055350607158657, "log10_lambda": -3.349326008259306, "log10_min_child_weight": 3.6634431728522756, "log10_subsample": -0.3774675226069081, "max_depth": 4.0, "num_boost_round": 35.0}, "datetime": {"datetime": "2024-01-19 01:58:38", "elapsed": 6425.429469, "delta": 0.006977}}
{"target": -17.676436035133598, "params": {"gamma": 58.35676501295606, "log10_alpha": -2.640447098155165, "log10_colsample_bytree": -0.37982909625348593, "log10_eta": -3.0055350607158657, "log10_lambda": -3.349326008259306, "log10_min_child_weight": 3.6634431728522756, "log10_subsample": -0.3774675226069081, "max_depth": 4.0, "num_boost_round": 36.0}, "datetime": {"datetime": "2024-01-19 01:58:38", "elapsed": 6425.43623, "delta": 0.006761}}
{"target": -17.675924032390945, "params": {"gamma": 101.564354210406, "log10_alpha": 0.6743480518969136, "log10_colsample_bytree": -0.16353565682819216, "log10_eta": -1.2673435827094197, "log10_lambda": -1.5598071766885564, "log10_min_child_weight": 1.6386448464244452, "log10_subsample": -0.734198999530315, "max_depth": 2.0, "num_boost_round": 0.0}, "datetime": {"datetime": "2024-01-19 02:00:40", "elapsed": 6547.471981, "delta": 122.035751}}
{"target": -17.674491959455963, "params": {"gamma": 101.564354210406, "log10_alpha": 0.6743480518969136, "log10_colsample_bytree": -0.16353565682819216, "log10_eta": -1.2673435827094197, "log10_lambda": -1.5598071766885564, "log10_min_child_weight": 1.6386448464244452, "log10_subsample": -0.734198999530315, "max_depth": 2.0, "num_boost_round": 1.0}, "datetime": {"datetime": "2024-01-19 02:00:40", "elapsed": 6547.480057, "delta": 0.008076}}
{"target": -17.674153529988928, "params": {"gamma": 101.564354210406, "log10_alpha": 0.6743480518969136, "log10_colsample_bytree": -0.16353565682819216, "log10_eta": -1.2673435827094197, "log10_lambda": -1.5598071766885564, "log10_min_child_weight": 1.6386448464244452, "log10_subsample": -0.734198999530315, "max_depth": 2.0, "num_boost_round": 2.0}, "datetime": {"datetime": "2024-01-19 02:00:40", "elapsed": 6547.487702, "delta": 0.007645}}
{"target": -17.674271894721002, "params": {"gamma": 101.564354210406, "log10_alpha": 0.6743480518969136, "log10_colsample_bytree": -0.16353565682819216, "log10_eta": -1.2673435827094197, "log10_lambda": -1.5598071766885564, "log10_min_child_weight": 1.6386448464244452, "log10_subsample": -0.734198999530315, "max_depth": 2.0, "num_boost_round": 3.0}, "datetime": {"datetime": "2024-01-19 02:00:40", "elapsed": 6547.494249, "delta": 0.006547}}
{"target": -17.674266891198037, "params": {"gamma": 101.564354210406, "log10_alpha": 0.6743480518969136, "log10_colsample_bytree": -0.16353565682819216, "log10_eta": -1.2673435827094197, "log10_lambda": -1.5598071766885564, "log10_min_child_weight": 1.6386448464244452, "log10_subsample": -0.734198999530315, "max_depth": 2.0, "num_boost_round": 4.0}, "datetime": {"datetime": "2024-01-19 02:00:40", "elapsed": 6547.500883, "delta": 0.006634}}
{"target": -17.674380554037896, "params": {"gamma": 101.564354210406, "log10_alpha": 0.6743480518969136, "log10_colsample_bytree": -0.16353565682819216, "log10_eta": -1.2673435827094197, "log10_lambda": -1.5598071766885564, "log10_min_child_weight": 1.6386448464244452, "log10_subsample": -0.734198999530315, "max_depth": 2.0, "num_boost_round": 5.0}, "datetime": {"datetime": "2024-01-19 02:00:40", "elapsed": 6547.507686, "delta": 0.006803}}
{"target": -17.67449202252884, "params": {"gamma": 101.564354210406, "log10_alpha": 0.6743480518969136, "log10_colsample_bytree": -0.16353565682819216, "log10_eta": -1.2673435827094197, "log10_lambda": -1.5598071766885564, "log10_min_child_weight": 1.6386448464244452, "log10_subsample": -0.734198999530315, "max_depth": 2.0, "num_boost_round": 6.0}, "datetime": {"datetime": "2024-01-19 02:00:40", "elapsed": 6547.514586, "delta": 0.0069}}
{"target": -17.67464450698703, "params": {"gamma": 101.564354210406, "log10_alpha": 0.6743480518969136, "log10_colsample_bytree": -0.16353565682819216, "log10_eta": -1.2673435827094197, "log10_lambda": -1.5598071766885564, "log10_min_child_weight": 1.6386448464244452, "log10_subsample": -0.734198999530315, "max_depth": 2.0, "num_boost_round": 7.0}, "datetime": {"datetime": "2024-01-19 02:00:40", "elapsed": 6547.521455, "delta": 0.006869}}
{"target": -17.674114440891834, "params": {"gamma": 101.564354210406, "log10_alpha": 0.6743480518969136, "log10_colsample_bytree": -0.16353565682819216, "log10_eta": -1.2673435827094197, "log10_lambda": -1.5598071766885564, "log10_min_child_weight": 1.6386448464244452, "log10_subsample": -0.734198999530315, "max_depth": 2.0, "num_boost_round": 8.0}, "datetime": {"datetime": "2024-01-19 02:00:40", "elapsed": 6547.528303, "delta": 0.006848}}
{"target": -17.673969840594076, "params": {"gamma": 101.564354210406, "log10_alpha": 0.6743480518969136, "log10_colsample_bytree": -0.16353565682819216, "log10_eta": -1.2673435827094197, "log10_lambda": -1.5598071766885564, "log10_min_child_weight": 1.6386448464244452, "log10_subsample": -0.734198999530315, "max_depth": 2.0, "num_boost_round": 9.0}, "datetime": {"datetime": "2024-01-19 02:00:40", "elapsed": 6547.535207, "delta": 0.006904}}
{"target": -17.67468407197975, "params": {"gamma": 101.564354210406, "log10_alpha": 0.6743480518969136, "log10_colsample_bytree": -0.16353565682819216, "log10_eta": -1.2673435827094197, "log10_lambda": -1.5598071766885564, "log10_min_child_weight": 1.6386448464244452, "log10_subsample": -0.734198999530315, "max_depth": 2.0, "num_boost_round": 10.0}, "datetime": {"datetime": "2024-01-19 02:00:40", "elapsed": 6547.542071, "delta": 0.006864}}
{"target": -17.67384304436929, "params": {"gamma": 101.564354210406, "log10_alpha": 0.6743480518969136, "log10_colsample_bytree": -0.16353565682819216, "log10_eta": -1.2673435827094197, "log10_lambda": -1.5598071766885564, "log10_min_child_weight": 1.6386448464244452, "log10_subsample": -0.734198999530315, "max_depth": 2.0, "num_boost_round": 11.0}, "datetime": {"datetime": "2024-01-19 02:00:40", "elapsed": 6547.548916, "delta": 0.006845}}
{"target": -17.673943785583013, "params": {"gamma": 101.564354210406, "log10_alpha": 0.6743480518969136, "log10_colsample_bytree": -0.16353565682819216, "log10_eta": -1.2673435827094197, "log10_lambda": -1.5598071766885564, "log10_min_child_weight": 1.6386448464244452, "log10_subsample": -0.734198999530315, "max_depth": 2.0, "num_boost_round": 12.0}, "datetime": {"datetime": "2024-01-19 02:00:40", "elapsed": 6547.555811, "delta": 0.006895}}
{"target": -17.67331676775196, "params": {"gamma": 101.564354210406, "log10_alpha": 0.6743480518969136, "log10_colsample_bytree": -0.16353565682819216, "log10_eta": -1.2673435827094197, "log10_lambda": -1.5598071766885564, "log10_min_child_weight": 1.6386448464244452, "log10_subsample": -0.734198999530315, "max_depth": 2.0, "num_boost_round": 13.0}, "datetime": {"datetime": "2024-01-19 02:00:40", "elapsed": 6547.562719, "delta": 0.006908}}
{"target": -17.67346794953442, "params": {"gamma": 101.564354210406, "log10_alpha": 0.6743480518969136, "log10_colsample_bytree": -0.16353565682819216, "log10_eta": -1.2673435827094197, "log10_lambda": -1.5598071766885564, "log10_min_child_weight": 1.6386448464244452, "log10_subsample": -0.734198999530315, "max_depth": 2.0, "num_boost_round": 14.0}, "datetime": {"datetime": "2024-01-19 02:00:40", "elapsed": 6547.569665, "delta": 0.006946}}
{"target": -17.67361156991802, "params": {"gamma": 101.564354210406, "log10_alpha": 0.6743480518969136, "log10_colsample_bytree": -0.16353565682819216, "log10_eta": -1.2673435827094197, "log10_lambda": -1.5598071766885564, "log10_min_child_weight": 1.6386448464244452, "log10_subsample": -0.734198999530315, "max_depth": 2.0, "num_boost_round": 15.0}, "datetime": {"datetime": "2024-01-19 02:00:40", "elapsed": 6547.577729, "delta": 0.008064}}
{"target": -17.67258908587869, "params": {"gamma": 101.564354210406, "log10_alpha": 0.6743480518969136, "log10_colsample_bytree": -0.16353565682819216, "log10_eta": -1.2673435827094197, "log10_lambda": -1.5598071766885564, "log10_min_child_weight": 1.6386448464244452, "log10_subsample": -0.734198999530315, "max_depth": 2.0, "num_boost_round": 16.0}, "datetime": {"datetime": "2024-01-19 02:00:40", "elapsed": 6547.584739, "delta": 0.00701}}
{"target": -17.67315233691896, "params": {"gamma": 101.564354210406, "log10_alpha": 0.6743480518969136, "log10_colsample_bytree": -0.16353565682819216, "log10_eta": -1.2673435827094197, "log10_lambda": -1.5598071766885564, "log10_min_child_weight": 1.6386448464244452, "log10_subsample": -0.734198999530315, "max_depth": 2.0, "num_boost_round": 17.0}, "datetime": {"datetime": "2024-01-19 02:00:40", "elapsed": 6547.591597, "delta": 0.006858}}
{"target": -17.672870872268025, "params": {"gamma": 101.564354210406, "log10_alpha": 0.6743480518969136, "log10_colsample_bytree": -0.16353565682819216, "log10_eta": -1.2673435827094197, "log10_lambda": -1.5598071766885564, "log10_min_child_weight": 1.6386448464244452, "log10_subsample": -0.734198999530315, "max_depth": 2.0, "num_boost_round": 18.0}, "datetime": {"datetime": "2024-01-19 02:00:40", "elapsed": 6547.59848, "delta": 0.006883}}
{"target": -17.67263566711276, "params": {"gamma": 101.564354210406, "log10_alpha": 0.6743480518969136, "log10_colsample_bytree": -0.16353565682819216, "log10_eta": -1.2673435827094197, "log10_lambda": -1.5598071766885564, "log10_min_child_weight": 1.6386448464244452, "log10_subsample": -0.734198999530315, "max_depth": 2.0, "num_boost_round": 19.0}, "datetime": {"datetime": "2024-01-19 02:00:40", "elapsed": 6547.605341, "delta": 0.006861}}
