{"target": -17.997240962002127, "params": {"gamma": 443.03755877028874, "log10_alpha": -1.7690583658326515, "log10_colsample_bytree": -0.6598279608247842, "log10_eta": -0.1291713377114223, "log10_lambda": -3.5079866339105505, "log10_min_child_weight": 3.565854623403102, "log10_subsample": -0.5153019570340979, "max_depth": 2.0, "num_boost_round": 43.0}, "datetime": {"datetime": "2024-01-19 02:18:55", "elapsed": 7640.31259, "delta": 0.004523}}
{"target": -17.6772326622154, "params": {"gamma": 424.61415170343554, "log10_alpha": -2.0593899513464713, "log10_colsample_bytree": -0.5696534088588748, "log10_eta": -2.2599856831555547, "log10_lambda": -4.419423287613023, "log10_min_child_weight": 4.856527946494705, "log10_subsample": -0.6843354883651731, "max_depth": 5.0, "num_boost_round": 0.0}, "datetime": {"datetime": "2024-01-19 02:20:26", "elapsed": 7731.248929, "delta": 90.936339}}
{"target": -17.67722320902192, "params": {"gamma": 424.61415170343554, "log10_alpha": -2.0593899513464713, "log10_colsample_bytree": -0.5696534088588748, "log10_eta": -2.2599856831555547, "log10_lambda": -4.419423287613023, "log10_min_child_weight": 4.856527946494705, "log10_subsample": -0.6843354883651731, "max_depth": 5.0, "num_boost_round": 1.0}, "datetime": {"datetime": "2024-01-19 02:20:26", "elapsed": 7731.254834, "delta": 0.005905}}
{"target": -17.677224636199767, "params": {"gamma": 424.61415170343554, "log10_alpha": -2.0593899513464713, "log10_colsample_bytree": -0.5696534088588748, "log10_eta": -2.2599856831555547, "log10_lambda": -4.419423287613023, "log10_min_child_weight": 4.856527946494705, "log10_subsample": -0.6843354883651731, "max_depth": 5.0, "num_boost_round": 2.0}, "datetime": {"datetime": "2024-01-19 02:20:26", "elapsed": 7731.25999, "delta": 0.005156}}
{"target": -17.677179737740357, "params": {"gamma": 424.61415170343554, "log10_alpha": -2.0593899513464713, "log10_colsample_bytree": -0.5696534088588748, "log10_eta": -2.2599856831555547, "log10_lambda": -4.419423287613023, "log10_min_child_weight": 4.856527946494705, "log10_subsample": -0.6843354883651731, "max_depth": 5.0, "num_boost_round": 3.0}, "datetime": {"datetime": "2024-01-19 02:20:26", "elapsed": 7731.264758, "delta": 0.004768}}
{"target": -17.677190424757633, "params": {"gamma": 424.61415170343554, "log10_alpha": -2.0593899513464713, "log10_colsample_bytree": -0.5696534088588748, "log10_eta": -2.2599856831555547, "log10_lambda": -4.419423287613023, "log10_min_child_weight": 4.856527946494705, "log10_subsample": -0.6843354883651731, "max_depth": 5.0, "num_boost_round": 4.0}, "datetime": {"datetime": "2024-01-19 02:20:26", "elapsed": 7731.374862, "delta": 0.110104}}
{"target": -17.67719631077598, "params": {"gamma": 424.61415170343554, "log10_alpha": -2.0593899513464713, "log10_colsample_bytree": -0.5696534088588748, "log10_eta": -2.2599856831555547, "log10_lambda": -4.419423287613023, "log10_min_child_weight": 4.856527946494705, "log10_subsample": -0.6843354883651731, "max_depth": 5.0, "num_boost_round": 5.0}, "datetime": {"datetime": "2024-01-19 02:20:26", "elapsed": 7731.380122, "delta": 0.00526}}
{"target": -17.677156884492565, "params": {"gamma": 424.61415170343554, "log10_alpha": -2.0593899513464713, "log10_colsample_bytree": -0.5696534088588748, "log10_eta": -2.2599856831555547, "log10_lambda": -4.419423287613023, "log10_min_child_weight": 4.856527946494705, "log10_subsample": -0.6843354883651731, "max_depth": 5.0, "num_boost_round": 6.0}, "datetime": {"datetime": "2024-01-19 02:20:26", "elapsed": 7731.385232, "delta": 0.00511}}
{"target": -17.67715419963484, "params": {"gamma": 424.61415170343554, "log10_alpha": -2.0593899513464713, "log10_colsample_bytree": -0.5696534088588748, "log10_eta": -2.2599856831555547, "log10_lambda": -4.419423287613023, "log10_min_child_weight": 4.856527946494705, "log10_subsample": -0.6843354883651731, "max_depth": 5.0, "num_boost_round": 7.0}, "datetime": {"datetime": "2024-01-19 02:20:26", "elapsed": 7731.390544, "delta": 0.005312}}
{"target": -17.67716110988039, "params": {"gamma": 424.61415170343554, "log10_alpha": -2.0593899513464713, "log10_colsample_bytree": -0.5696534088588748, "log10_eta": -2.2599856831555547, "log10_lambda": -4.419423287613023, "log10_min_child_weight": 4.856527946494705, "log10_subsample": -0.6843354883651731, "max_depth": 5.0, "num_boost_round": 8.0}, "datetime": {"datetime": "2024-01-19 02:20:26", "elapsed": 7731.395267, "delta": 0.004723}}
{"target": -17.677093939799793, "params": {"gamma": 424.61415170343554, "log10_alpha": -2.0593899513464713, "log10_colsample_bytree": -0.5696534088588748, "log10_eta": -2.2599856831555547, "log10_lambda": -4.419423287613023, "log10_min_child_weight": 4.856527946494705, "log10_subsample": -0.6843354883651731, "max_depth": 5.0, "num_boost_round": 9.0}, "datetime": {"datetime": "2024-01-19 02:20:26", "elapsed": 7731.399899, "delta": 0.004632}}
{"target": -17.67704911861384, "params": {"gamma": 424.61415170343554, "log10_alpha": -2.0593899513464713, "log10_colsample_bytree": -0.5696534088588748, "log10_eta": -2.2599856831555547, "log10_lambda": -4.419423287613023, "log10_min_child_weight": 4.856527946494705, "log10_subsample": -0.6843354883651731, "max_depth": 5.0, "num_boost_round": 10.0}, "datetime": {"datetime": "2024-01-19 02:20:26", "elapsed": 7731.404549, "delta": 0.00465}}
{"target": -17.677003365257647, "params": {"gamma": 424.61415170343554, "log10_alpha": -2.0593899513464713, "log10_colsample_bytree": -0.5696534088588748, "log10_eta": -2.2599856831555547, "log10_lambda": -4.419423287613023, "log10_min_child_weight": 4.856527946494705, "log10_subsample": -0.6843354883651731, "max_depth": 5.0, "num_boost_round": 11.0}, "datetime": {"datetime": "2024-01-19 02:20:26", "elapsed": 7731.409423, "delta": 0.004874}}
{"target": -17.67699347807155, "params": {"gamma": 424.61415170343554, "log10_alpha": -2.0593899513464713, "log10_colsample_bytree": -0.5696534088588748, "log10_eta": -2.2599856831555547, "log10_lambda": -4.419423287613023, "log10_min_child_weight": 4.856527946494705, "log10_subsample": -0.6843354883651731, "max_depth": 5.0, "num_boost_round": 12.0}, "datetime": {"datetime": "2024-01-19 02:20:26", "elapsed": 7731.41417, "delta": 0.004747}}
{"target": -17.677002699159114, "params": {"gamma": 424.61415170343554, "log10_alpha": -2.0593899513464713, "log10_colsample_bytree": -0.5696534088588748, "log10_eta": -2.2599856831555547, "log10_lambda": -4.419423287613023, "log10_min_child_weight": 4.856527946494705, "log10_subsample": -0.6843354883651731, "max_depth": 5.0, "num_boost_round": 13.0}, "datetime": {"datetime": "2024-01-19 02:20:26", "elapsed": 7731.418802, "delta": 0.004632}}
{"target": -17.67698180927219, "params": {"gamma": 424.61415170343554, "log10_alpha": -2.0593899513464713, "log10_colsample_bytree": -0.5696534088588748, "log10_eta": -2.2599856831555547, "log10_lambda": -4.419423287613023, "log10_min_child_weight": 4.856527946494705, "log10_subsample": -0.6843354883651731, "max_depth": 5.0, "num_boost_round": 14.0}, "datetime": {"datetime": "2024-01-19 02:20:26", "elapsed": 7731.423458, "delta": 0.004656}}
{"target": -17.67693442831054, "params": {"gamma": 424.61415170343554, "log10_alpha": -2.0593899513464713, "log10_colsample_bytree": -0.5696534088588748, "log10_eta": -2.2599856831555547, "log10_lambda": -4.419423287613023, "log10_min_child_weight": 4.856527946494705, "log10_subsample": -0.6843354883651731, "max_depth": 5.0, "num_boost_round": 15.0}, "datetime": {"datetime": "2024-01-19 02:20:26", "elapsed": 7731.428293, "delta": 0.004835}}
{"target": -17.676896221639854, "params": {"gamma": 424.61415170343554, "log10_alpha": -2.0593899513464713, "log10_colsample_bytree": -0.5696534088588748, "log10_eta": -2.2599856831555547, "log10_lambda": -4.419423287613023, "log10_min_child_weight": 4.856527946494705, "log10_subsample": -0.6843354883651731, "max_depth": 5.0, "num_boost_round": 16.0}, "datetime": {"datetime": "2024-01-19 02:20:26", "elapsed": 7731.433006, "delta": 0.004713}}
{"target": -17.67689102264013, "params": {"gamma": 424.61415170343554, "log10_alpha": -2.0593899513464713, "log10_colsample_bytree": -0.5696534088588748, "log10_eta": -2.2599856831555547, "log10_lambda": -4.419423287613023, "log10_min_child_weight": 4.856527946494705, "log10_subsample": -0.6843354883651731, "max_depth": 5.0, "num_boost_round": 17.0}, "datetime": {"datetime": "2024-01-19 02:20:26", "elapsed": 7731.437617, "delta": 0.004611}}
{"target": -17.676851258403186, "params": {"gamma": 424.61415170343554, "log10_alpha": -2.0593899513464713, "log10_colsample_bytree": -0.5696534088588748, "log10_eta": -2.2599856831555547, "log10_lambda": -4.419423287613023, "log10_min_child_weight": 4.856527946494705, "log10_subsample": -0.6843354883651731, "max_depth": 5.0, "num_boost_round": 18.0}, "datetime": {"datetime": "2024-01-19 02:20:26", "elapsed": 7731.44222, "delta": 0.004603}}
{"target": -17.67680448026838, "params": {"gamma": 424.61415170343554, "log10_alpha": -2.0593899513464713, "log10_colsample_bytree": -0.5696534088588748, "log10_eta": -2.2599856831555547, "log10_lambda": -4.419423287613023, "log10_min_child_weight": 4.856527946494705, "log10_subsample": -0.6843354883651731, "max_depth": 5.0, "num_boost_round": 19.0}, "datetime": {"datetime": "2024-01-19 02:20:26", "elapsed": 7731.447022, "delta": 0.004802}}
{"target": -17.67674464128304, "params": {"gamma": 424.61415170343554, "log10_alpha": -2.0593899513464713, "log10_colsample_bytree": -0.5696534088588748, "log10_eta": -2.2599856831555547, "log10_lambda": -4.419423287613023, "log10_min_child_weight": 4.856527946494705, "log10_subsample": -0.6843354883651731, "max_depth": 5.0, "num_boost_round": 20.0}, "datetime": {"datetime": "2024-01-19 02:20:26", "elapsed": 7731.451666, "delta": 0.004644}}
{"target": -17.677226057298064, "params": {"gamma": 424.9421317538197, "log10_alpha": -1.0507880539076293, "log10_colsample_bytree": -0.5013847698412871, "log10_eta": -3.710842742279091, "log10_lambda": -2.1815217126224633, "log10_min_child_weight": 2.652424668171393, "log10_subsample": -0.6203243455195369, "max_depth": 6.0, "num_boost_round": 0.0}, "datetime": {"datetime": "2024-01-19 02:22:07", "elapsed": 7831.947314, "delta": 100.495648}}
{"target": -17.67722841577115, "params": {"gamma": 424.9421317538197, "log10_alpha": -1.0507880539076293, "log10_colsample_bytree": -0.5013847698412871, "log10_eta": -3.710842742279091, "log10_lambda": -2.1815217126224633, "log10_min_child_weight": 2.652424668171393, "log10_subsample": -0.6203243455195369, "max_depth": 6.0, "num_boost_round": 1.0}, "datetime": {"datetime": "2024-01-19 02:22:07", "elapsed": 7831.952761, "delta": 0.005447}}
{"target": -17.677220130041984, "params": {"gamma": 424.9421317538197, "log10_alpha": -1.0507880539076293, "log10_colsample_bytree": -0.5013847698412871, "log10_eta": -3.710842742279091, "log10_lambda": -2.1815217126224633, "log10_min_child_weight": 2.652424668171393, "log10_subsample": -0.6203243455195369, "max_depth": 6.0, "num_boost_round": 2.0}, "datetime": {"datetime": "2024-01-19 02:22:07", "elapsed": 7831.958443, "delta": 0.005682}}
{"target": -17.67722055331506, "params": {"gamma": 424.9421317538197, "log10_alpha": -1.0507880539076293, "log10_colsample_bytree": -0.5013847698412871, "log10_eta": -3.710842742279091, "log10_lambda": -2.1815217126224633, "log10_min_child_weight": 2.652424668171393, "log10_subsample": -0.6203243455195369, "max_depth": 6.0, "num_boost_round": 3.0}, "datetime": {"datetime": "2024-01-19 02:22:07", "elapsed": 7831.96366, "delta": 0.005217}}
{"target": -17.67721389278141, "params": {"gamma": 424.9421317538197, "log10_alpha": -1.0507880539076293, "log10_colsample_bytree": -0.5013847698412871, "log10_eta": -3.710842742279091, "log10_lambda": -2.1815217126224633, "log10_min_child_weight": 2.652424668171393, "log10_subsample": -0.6203243455195369, "max_depth": 6.0, "num_boost_round": 4.0}, "datetime": {"datetime": "2024-01-19 02:22:07", "elapsed": 7831.968434, "delta": 0.004774}}
{"target": -17.67720798120666, "params": {"gamma": 424.9421317538197, "log10_alpha": -1.0507880539076293, "log10_colsample_bytree": -0.5013847698412871, "log10_eta": -3.710842742279091, "log10_lambda": -2.1815217126224633, "log10_min_child_weight": 2.652424668171393, "log10_subsample": -0.6203243455195369, "max_depth": 6.0, "num_boost_round": 5.0}, "datetime": {"datetime": "2024-01-19 02:22:07", "elapsed": 7831.973246, "delta": 0.004812}}
{"target": -17.6771911356816, "params": {"gamma": 424.9421317538197, "log10_alpha": -1.0507880539076293, "log10_colsample_bytree": -0.5013847698412871, "log10_eta": -3.710842742279091, "log10_lambda": -2.1815217126224633, "log10_min_child_weight": 2.652424668171393, "log10_subsample": -0.6203243455195369, "max_depth": 6.0, "num_boost_round": 6.0}, "datetime": {"datetime": "2024-01-19 02:22:07", "elapsed": 7831.97825, "delta": 0.005004}}
{"target": -17.677184141736262, "params": {"gamma": 424.9421317538197, "log10_alpha": -1.0507880539076293, "log10_colsample_bytree": -0.5013847698412871, "log10_eta": -3.710842742279091, "log10_lambda": -2.1815217126224633, "log10_min_child_weight": 2.652424668171393, "log10_subsample": -0.6203243455195369, "max_depth": 6.0, "num_boost_round": 7.0}, "datetime": {"datetime": "2024-01-19 02:22:07", "elapsed": 7831.98318, "delta": 0.00493}}
{"target": -17.677176122928845, "params": {"gamma": 424.9421317538197, "log10_alpha": -1.0507880539076293, "log10_colsample_bytree": -0.5013847698412871, "log10_eta": -3.710842742279091, "log10_lambda": -2.1815217126224633, "log10_min_child_weight": 2.652424668171393, "log10_subsample": -0.6203243455195369, "max_depth": 6.0, "num_boost_round": 8.0}, "datetime": {"datetime": "2024-01-19 02:22:07", "elapsed": 7831.987867, "delta": 0.004687}}
{"target": -17.677177532335314, "params": {"gamma": 424.9421317538197, "log10_alpha": -1.0507880539076293, "log10_colsample_bytree": -0.5013847698412871, "log10_eta": -3.710842742279091, "log10_lambda": -2.1815217126224633, "log10_min_child_weight": 2.652424668171393, "log10_subsample": -0.6203243455195369, "max_depth": 6.0, "num_boost_round": 9.0}, "datetime": {"datetime": "2024-01-19 02:22:07", "elapsed": 7831.992605, "delta": 0.004738}}
{"target": -17.67717417809322, "params": {"gamma": 424.9421317538197, "log10_alpha": -1.0507880539076293, "log10_colsample_bytree": -0.5013847698412871, "log10_eta": -3.710842742279091, "log10_lambda": -2.1815217126224633, "log10_min_child_weight": 2.652424668171393, "log10_subsample": -0.6203243455195369, "max_depth": 6.0, "num_boost_round": 10.0}, "datetime": {"datetime": "2024-01-19 02:22:07", "elapsed": 7831.997426, "delta": 0.004821}}
{"target": -17.677167581195324, "params": {"gamma": 424.9421317538197, "log10_alpha": -1.0507880539076293, "log10_colsample_bytree": -0.5013847698412871, "log10_eta": -3.710842742279091, "log10_lambda": -2.1815217126224633, "log10_min_child_weight": 2.652424668171393, "log10_subsample": -0.6203243455195369, "max_depth": 6.0, "num_boost_round": 11.0}, "datetime": {"datetime": "2024-01-19 02:22:07", "elapsed": 7832.002061, "delta": 0.004635}}
{"target": -17.677164978454798, "params": {"gamma": 424.9421317538197, "log10_alpha": -1.0507880539076293, "log10_colsample_bytree": -0.5013847698412871, "log10_eta": -3.710842742279091, "log10_lambda": -2.1815217126224633, "log10_min_child_weight": 2.652424668171393, "log10_subsample": -0.6203243455195369, "max_depth": 6.0, "num_boost_round": 12.0}, "datetime": {"datetime": "2024-01-19 02:22:07", "elapsed": 7832.006742, "delta": 0.004681}}
{"target": -17.677151803862248, "params": {"gamma": 424.9421317538197, "log10_alpha": -1.0507880539076293, "log10_colsample_bytree": -0.5013847698412871, "log10_eta": -3.710842742279091, "log10_lambda": -2.1815217126224633, "log10_min_child_weight": 2.652424668171393, "log10_subsample": -0.6203243455195369, "max_depth": 6.0, "num_boost_round": 13.0}, "datetime": {"datetime": "2024-01-19 02:22:07", "elapsed": 7832.011416, "delta": 0.004674}}
{"target": -17.677149813131148, "params": {"gamma": 424.9421317538197, "log10_alpha": -1.0507880539076293, "log10_colsample_bytree": -0.5013847698412871, "log10_eta": -3.710842742279091, "log10_lambda": -2.1815217126224633, "log10_min_child_weight": 2.652424668171393, "log10_subsample": -0.6203243455195369, "max_depth": 6.0, "num_boost_round": 14.0}, "datetime": {"datetime": "2024-01-19 02:22:07", "elapsed": 7832.016314, "delta": 0.004898}}
{"target": -17.677138005752404, "params": {"gamma": 424.9421317538197, "log10_alpha": -1.0507880539076293, "log10_colsample_bytree": -0.5013847698412871, "log10_eta": -3.710842742279091, "log10_lambda": -2.1815217126224633, "log10_min_child_weight": 2.652424668171393, "log10_subsample": -0.6203243455195369, "max_depth": 6.0, "num_boost_round": 15.0}, "datetime": {"datetime": "2024-01-19 02:22:07", "elapsed": 7832.021001, "delta": 0.004687}}
{"target": -17.677135801138576, "params": {"gamma": 424.9421317538197, "log10_alpha": -1.0507880539076293, "log10_colsample_bytree": -0.5013847698412871, "log10_eta": -3.710842742279091, "log10_lambda": -2.1815217126224633, "log10_min_child_weight": 2.652424668171393, "log10_subsample": -0.6203243455195369, "max_depth": 6.0, "num_boost_round": 16.0}, "datetime": {"datetime": "2024-01-19 02:22:07", "elapsed": 7832.025684, "delta": 0.004683}}
{"target": -17.677134976818433, "params": {"gamma": 424.9421317538197, "log10_alpha": -1.0507880539076293, "log10_colsample_bytree": -0.5013847698412871, "log10_eta": -3.710842742279091, "log10_lambda": -2.1815217126224633, "log10_min_child_weight": 2.652424668171393, "log10_subsample": -0.6203243455195369, "max_depth": 6.0, "num_boost_round": 17.0}, "datetime": {"datetime": "2024-01-19 02:22:07", "elapsed": 7832.030373, "delta": 0.004689}}
{"target": -17.67713533721361, "params": {"gamma": 424.9421317538197, "log10_alpha": -1.0507880539076293, "log10_colsample_bytree": -0.5013847698412871, "log10_eta": -3.710842742279091, "log10_lambda": -2.1815217126224633, "log10_min_child_weight": 2.652424668171393, "log10_subsample": -0.6203243455195369, "max_depth": 6.0, "num_boost_round": 18.0}, "datetime": {"datetime": "2024-01-19 02:22:07", "elapsed": 7832.035285, "delta": 0.004912}}
{"target": -17.677127257441576, "params": {"gamma": 424.9421317538197, "log10_alpha": -1.0507880539076293, "log10_colsample_bytree": -0.5013847698412871, "log10_eta": -3.710842742279091, "log10_lambda": -2.1815217126224633, "log10_min_child_weight": 2.652424668171393, "log10_subsample": -0.6203243455195369, "max_depth": 6.0, "num_boost_round": 19.0}, "datetime": {"datetime": "2024-01-19 02:22:07", "elapsed": 7832.039921, "delta": 0.004636}}
{"target": -17.677120876546894, "params": {"gamma": 424.9421317538197, "log10_alpha": -1.0507880539076293, "log10_colsample_bytree": -0.5013847698412871, "log10_eta": -3.710842742279091, "log10_lambda": -2.1815217126224633, "log10_min_child_weight": 2.652424668171393, "log10_subsample": -0.6203243455195369, "max_depth": 6.0, "num_boost_round": 20.0}, "datetime": {"datetime": "2024-01-19 02:22:07", "elapsed": 7832.044621, "delta": 0.0047}}
{"target": -17.67723262759352, "params": {"gamma": 414.30288442190954, "log10_alpha": -4.619852657065595, "log10_colsample_bytree": -0.06280885168118533, "log10_eta": -3.840963139476731, "log10_lambda": -3.468456587702076, "log10_min_child_weight": 4.6491299647738895, "log10_subsample": -0.8862143130529354, "max_depth": 8.0, "num_boost_round": 0.0}, "datetime": {"datetime": "2024-01-19 02:24:28", "elapsed": 7972.965126, "delta": 140.920505}}
{"target": -17.67723156610861, "params": {"gamma": 414.30288442190954, "log10_alpha": -4.619852657065595, "log10_colsample_bytree": -0.06280885168118533, "log10_eta": -3.840963139476731, "log10_lambda": -3.468456587702076, "log10_min_child_weight": 4.6491299647738895, "log10_subsample": -0.8862143130529354, "max_depth": 8.0, "num_boost_round": 1.0}, "datetime": {"datetime": "2024-01-19 02:24:28", "elapsed": 7972.971077, "delta": 0.005951}}
{"target": -17.67723055769437, "params": {"gamma": 414.30288442190954, "log10_alpha": -4.619852657065595, "log10_colsample_bytree": -0.06280885168118533, "log10_eta": -3.840963139476731, "log10_lambda": -3.468456587702076, "log10_min_child_weight": 4.6491299647738895, "log10_subsample": -0.8862143130529354, "max_depth": 8.0, "num_boost_round": 2.0}, "datetime": {"datetime": "2024-01-19 02:24:28", "elapsed": 7972.975985, "delta": 0.004908}}
{"target": -17.67722925119467, "params": {"gamma": 414.30288442190954, "log10_alpha": -4.619852657065595, "log10_colsample_bytree": -0.06280885168118533, "log10_eta": -3.840963139476731, "log10_lambda": -3.468456587702076, "log10_min_child_weight": 4.6491299647738895, "log10_subsample": -0.8862143130529354, "max_depth": 8.0, "num_boost_round": 3.0}, "datetime": {"datetime": "2024-01-19 02:24:28", "elapsed": 7972.980933, "delta": 0.004948}}
{"target": -17.677229231244333, "params": {"gamma": 414.30288442190954, "log10_alpha": -4.619852657065595, "log10_colsample_bytree": -0.06280885168118533, "log10_eta": -3.840963139476731, "log10_lambda": -3.468456587702076, "log10_min_child_weight": 4.6491299647738895, "log10_subsample": -0.8862143130529354, "max_depth": 8.0, "num_boost_round": 4.0}, "datetime": {"datetime": "2024-01-19 02:24:28", "elapsed": 7972.985743, "delta": 0.00481}}
{"target": -17.677228084057685, "params": {"gamma": 414.30288442190954, "log10_alpha": -4.619852657065595, "log10_colsample_bytree": -0.06280885168118533, "log10_eta": -3.840963139476731, "log10_lambda": -3.468456587702076, "log10_min_child_weight": 4.6491299647738895, "log10_subsample": -0.8862143130529354, "max_depth": 8.0, "num_boost_round": 5.0}, "datetime": {"datetime": "2024-01-19 02:24:28", "elapsed": 7972.990452, "delta": 0.004709}}
