{"target": -13.756909045648, "params": {"gamma": 710.3180921335666, "log10_alpha": -3.629888461926165, "log10_colsample_bytree": -0.59694611558642, "log10_eta": -2.188257004169539, "log10_lambda": -4.937532426150876, "log10_min_child_weight": 0.4838359423649208, "log10_subsample": -0.9922737236862789, "max_depth": 9.0, "num_boost_round": 6.0}, "datetime": {"datetime": "2024-01-19 00:59:00", "elapsed": 2839.375177, "delta": 0.003063}}
{"target": -13.756903900187742, "params": {"gamma": 710.3180921335666, "log10_alpha": -3.629888461926165, "log10_colsample_bytree": -0.59694611558642, "log10_eta": -2.188257004169539, "log10_lambda": -4.937532426150876, "log10_min_child_weight": 0.4838359423649208, "log10_subsample": -0.9922737236862789, "max_depth": 9.0, "num_boost_round": 7.0}, "datetime": {"datetime": "2024-01-19 00:59:00", "elapsed": 2839.378205, "delta": 0.003028}}
{"target": -13.756755893811782, "params": {"gamma": 710.3180921335666, "log10_alpha": -3.629888461926165, "log10_colsample_bytree": -0.59694611558642, "log10_eta": -2.188257004169539, "log10_lambda": -4.937532426150876, "log10_min_child_weight": 0.4838359423649208, "log10_subsample": -0.9922737236862789, "max_depth": 9.0, "num_boost_round": 8.0}, "datetime": {"datetime": "2024-01-19 00:59:00", "elapsed": 2839.381178, "delta": 0.002973}}
{"target": -13.756413896817133, "params": {"gamma": 710.3180921335666, "log10_alpha": -3.629888461926165, "log10_colsample_bytree": -0.59694611558642, "log10_eta": -2.188257004169539, "log10_lambda": -4.937532426150876, "log10_min_child_weight": 0.4838359423649208, "log10_subsample": -0.9922737236862789, "max_depth": 9.0, "num_boost_round": 9.0}, "datetime": {"datetime": "2024-01-19 00:59:00", "elapsed": 2839.384336, "delta": 0.003158}}
{"target": -13.75630161167691, "params": {"gamma": 710.3180921335666, "log10_alpha": -3.629888461926165, "log10_colsample_bytree": -0.59694611558642, "log10_eta": -2.188257004169539, "log10_lambda": -4.937532426150876, "log10_min_child_weight": 0.4838359423649208, "log10_subsample": -0.9922737236862789, "max_depth": 9.0, "num_boost_round": 10.0}, "datetime": {"datetime": "2024-01-19 00:59:00", "elapsed": 2839.387436, "delta": 0.0031}}
{"target": -13.756132992226854, "params": {"gamma": 710.3180921335666, "log10_alpha": -3.629888461926165, "log10_colsample_bytree": -0.59694611558642, "log10_eta": -2.188257004169539, "log10_lambda": -4.937532426150876, "log10_min_child_weight": 0.4838359423649208, "log10_subsample": -0.9922737236862789, "max_depth": 9.0, "num_boost_round": 11.0}, "datetime": {"datetime": "2024-01-19 00:59:00", "elapsed": 2839.390451, "delta": 0.003015}}
{"target": -13.75585127980448, "params": {"gamma": 710.3180921335666, "log10_alpha": -3.629888461926165, "log10_colsample_bytree": -0.59694611558642, "log10_eta": -2.188257004169539, "log10_lambda": -4.937532426150876, "log10_min_child_weight": 0.4838359423649208, "log10_subsample": -0.9922737236862789, "max_depth": 9.0, "num_boost_round": 12.0}, "datetime": {"datetime": "2024-01-19 00:59:00", "elapsed": 2839.393543, "delta": 0.003092}}
{"target": -13.755712589315992, "params": {"gamma": 710.3180921335666, "log10_alpha": -3.629888461926165, "log10_colsample_bytree": -0.59694611558642, "log10_eta": -2.188257004169539, "log10_lambda": -4.937532426150876, "log10_min_child_weight": 0.4838359423649208, "log10_subsample": -0.9922737236862789, "max_depth": 9.0, "num_boost_round": 13.0}, "datetime": {"datetime": "2024-01-19 00:59:00", "elapsed": 2839.39655, "delta": 0.003007}}
{"target": -13.755592541741724, "params": {"gamma": 710.3180921335666, "log10_alpha": -3.629888461926165, "log10_colsample_bytree": -0.59694611558642, "log10_eta": -2.188257004169539, "log10_lambda": -4.937532426150876, "log10_min_child_weight": 0.4838359423649208, "log10_subsample": -0.9922737236862789, "max_depth": 9.0, "num_boost_round": 14.0}, "datetime": {"datetime": "2024-01-19 00:59:00", "elapsed": 2839.399569, "delta": 0.003019}}
{"target": -13.75535401633283, "params": {"gamma": 710.3180921335666, "log10_alpha": -3.629888461926165, "log10_colsample_bytree": -0.59694611558642, "log10_eta": -2.188257004169539, "log10_lambda": -4.937532426150876, "log10_min_child_weight": 0.4838359423649208, "log10_subsample": -0.9922737236862789, "max_depth": 9.0, "num_boost_round": 15.0}, "datetime": {"datetime": "2024-01-19 00:59:00", "elapsed": 2839.402549, "delta": 0.00298}}
{"target": -13.755255442666297, "params": {"gamma": 710.3180921335666, "log10_alpha": -3.629888461926165, "log10_colsample_bytree": -0.59694611558642, "log10_eta": -2.188257004169539, "log10_lambda": -4.937532426150876, "log10_min_child_weight": 0.4838359423649208, "log10_subsample": -0.9922737236862789, "max_depth": 9.0, "num_boost_round": 16.0}, "datetime": {"datetime": "2024-01-19 00:59:00", "elapsed": 2839.405611, "delta": 0.003062}}
{"target": -13.755188340920531, "params": {"gamma": 710.3180921335666, "log10_alpha": -3.629888461926165, "log10_colsample_bytree": -0.59694611558642, "log10_eta": -2.188257004169539, "log10_lambda": -4.937532426150876, "log10_min_child_weight": 0.4838359423649208, "log10_subsample": -0.9922737236862789, "max_depth": 9.0, "num_boost_round": 17.0}, "datetime": {"datetime": "2024-01-19 00:59:00", "elapsed": 2839.408681, "delta": 0.00307}}
{"target": -13.755093738640884, "params": {"gamma": 710.3180921335666, "log10_alpha": -3.629888461926165, "log10_colsample_bytree": -0.59694611558642, "log10_eta": -2.188257004169539, "log10_lambda": -4.937532426150876, "log10_min_child_weight": 0.4838359423649208, "log10_subsample": -0.9922737236862789, "max_depth": 9.0, "num_boost_round": 18.0}, "datetime": {"datetime": "2024-01-19 00:59:00", "elapsed": 2839.411711, "delta": 0.00303}}
{"target": -13.755090161290372, "params": {"gamma": 710.3180921335666, "log10_alpha": -3.629888461926165, "log10_colsample_bytree": -0.59694611558642, "log10_eta": -2.188257004169539, "log10_lambda": -4.937532426150876, "log10_min_child_weight": 0.4838359423649208, "log10_subsample": -0.9922737236862789, "max_depth": 9.0, "num_boost_round": 19.0}, "datetime": {"datetime": "2024-01-19 00:59:00", "elapsed": 2839.414809, "delta": 0.003098}}
{"target": -13.754872571615923, "params": {"gamma": 710.3180921335666, "log10_alpha": -3.629888461926165, "log10_colsample_bytree": -0.59694611558642, "log10_eta": -2.188257004169539, "log10_lambda": -4.937532426150876, "log10_min_child_weight": 0.4838359423649208, "log10_subsample": -0.9922737236862789, "max_depth": 9.0, "num_boost_round": 20.0}, "datetime": {"datetime": "2024-01-19 00:59:00", "elapsed": 2839.41788, "delta": 0.003071}}
{"target": -13.754449865215191, "params": {"gamma": 710.3180921335666, "log10_alpha": -3.629888461926165, "log10_colsample_bytree": -0.59694611558642, "log10_eta": -2.188257004169539, "log10_lambda": -4.937532426150876, "log10_min_child_weight": 0.4838359423649208, "log10_subsample": -0.9922737236862789, "max_depth": 9.0, "num_boost_round": 21.0}, "datetime": {"datetime": "2024-01-19 00:59:00", "elapsed": 2839.420944, "delta": 0.003064}}
{"target": -13.754268298483867, "params": {"gamma": 710.3180921335666, "log10_alpha": -3.629888461926165, "log10_colsample_bytree": -0.59694611558642, "log10_eta": -2.188257004169539, "log10_lambda": -4.937532426150876, "log10_min_child_weight": 0.4838359423649208, "log10_subsample": -0.9922737236862789, "max_depth": 9.0, "num_boost_round": 22.0}, "datetime": {"datetime": "2024-01-19 00:59:00", "elapsed": 2839.424055, "delta": 0.003111}}
{"target": -13.754198278288388, "params": {"gamma": 710.3180921335666, "log10_alpha": -3.629888461926165, "log10_colsample_bytree": -0.59694611558642, "log10_eta": -2.188257004169539, "log10_lambda": -4.937532426150876, "log10_min_child_weight": 0.4838359423649208, "log10_subsample": -0.9922737236862789, "max_depth": 9.0, "num_boost_round": 23.0}, "datetime": {"datetime": "2024-01-19 00:59:00", "elapsed": 2839.427072, "delta": 0.003017}}
{"target": -13.754046679082226, "params": {"gamma": 710.3180921335666, "log10_alpha": -3.629888461926165, "log10_colsample_bytree": -0.59694611558642, "log10_eta": -2.188257004169539, "log10_lambda": -4.937532426150876, "log10_min_child_weight": 0.4838359423649208, "log10_subsample": -0.9922737236862789, "max_depth": 9.0, "num_boost_round": 24.0}, "datetime": {"datetime": "2024-01-19 00:59:00", "elapsed": 2839.430111, "delta": 0.003039}}
{"target": -13.75411575846976, "params": {"gamma": 710.3180921335666, "log10_alpha": -3.629888461926165, "log10_colsample_bytree": -0.59694611558642, "log10_eta": -2.188257004169539, "log10_lambda": -4.937532426150876, "log10_min_child_weight": 0.4838359423649208, "log10_subsample": -0.9922737236862789, "max_depth": 9.0, "num_boost_round": 25.0}, "datetime": {"datetime": "2024-01-19 00:59:00", "elapsed": 2839.433299, "delta": 0.003188}}
{"target": -13.753771029866478, "params": {"gamma": 710.3180921335666, "log10_alpha": -3.629888461926165, "log10_colsample_bytree": -0.59694611558642, "log10_eta": -2.188257004169539, "log10_lambda": -4.937532426150876, "log10_min_child_weight": 0.4838359423649208, "log10_subsample": -0.9922737236862789, "max_depth": 9.0, "num_boost_round": 26.0}, "datetime": {"datetime": "2024-01-19 00:59:00", "elapsed": 2839.436489, "delta": 0.00319}}
{"target": -13.75377638432479, "params": {"gamma": 710.3180921335666, "log10_alpha": -3.629888461926165, "log10_colsample_bytree": -0.59694611558642, "log10_eta": -2.188257004169539, "log10_lambda": -4.937532426150876, "log10_min_child_weight": 0.4838359423649208, "log10_subsample": -0.9922737236862789, "max_depth": 9.0, "num_boost_round": 27.0}, "datetime": {"datetime": "2024-01-19 00:59:00", "elapsed": 2839.439631, "delta": 0.003142}}
{"target": -13.753667612379262, "params": {"gamma": 710.3180921335666, "log10_alpha": -3.629888461926165, "log10_colsample_bytree": -0.59694611558642, "log10_eta": -2.188257004169539, "log10_lambda": -4.937532426150876, "log10_min_child_weight": 0.4838359423649208, "log10_subsample": -0.9922737236862789, "max_depth": 9.0, "num_boost_round": 28.0}, "datetime": {"datetime": "2024-01-19 00:59:00", "elapsed": 2839.442651, "delta": 0.00302}}
{"target": -13.753405302123483, "params": {"gamma": 710.3180921335666, "log10_alpha": -3.629888461926165, "log10_colsample_bytree": -0.59694611558642, "log10_eta": -2.188257004169539, "log10_lambda": -4.937532426150876, "log10_min_child_weight": 0.4838359423649208, "log10_subsample": -0.9922737236862789, "max_depth": 9.0, "num_boost_round": 29.0}, "datetime": {"datetime": "2024-01-19 00:59:00", "elapsed": 2839.445688, "delta": 0.003037}}
{"target": -13.75349322071545, "params": {"gamma": 710.3180921335666, "log10_alpha": -3.629888461926165, "log10_colsample_bytree": -0.59694611558642, "log10_eta": -2.188257004169539, "log10_lambda": -4.937532426150876, "log10_min_child_weight": 0.4838359423649208, "log10_subsample": -0.9922737236862789, "max_depth": 9.0, "num_boost_round": 30.0}, "datetime": {"datetime": "2024-01-19 00:59:00", "elapsed": 2839.448774, "delta": 0.003086}}
{"target": -13.753066733361807, "params": {"gamma": 710.3180921335666, "log10_alpha": -3.629888461926165, "log10_colsample_bytree": -0.59694611558642, "log10_eta": -2.188257004169539, "log10_lambda": -4.937532426150876, "log10_min_child_weight": 0.4838359423649208, "log10_subsample": -0.9922737236862789, "max_depth": 9.0, "num_boost_round": 31.0}, "datetime": {"datetime": "2024-01-19 00:59:00", "elapsed": 2839.451738, "delta": 0.002964}}
{"target": -13.752875937266188, "params": {"gamma": 710.3180921335666, "log10_alpha": -3.629888461926165, "log10_colsample_bytree": -0.59694611558642, "log10_eta": -2.188257004169539, "log10_lambda": -4.937532426150876, "log10_min_child_weight": 0.4838359423649208, "log10_subsample": -0.9922737236862789, "max_depth": 9.0, "num_boost_round": 32.0}, "datetime": {"datetime": "2024-01-19 00:59:00", "elapsed": 2839.45485, "delta": 0.003112}}
{"target": -13.753012414633998, "params": {"gamma": 710.3180921335666, "log10_alpha": -3.629888461926165, "log10_colsample_bytree": -0.59694611558642, "log10_eta": -2.188257004169539, "log10_lambda": -4.937532426150876, "log10_min_child_weight": 0.4838359423649208, "log10_subsample": -0.9922737236862789, "max_depth": 9.0, "num_boost_round": 33.0}, "datetime": {"datetime": "2024-01-19 00:59:00", "elapsed": 2839.457898, "delta": 0.003048}}
{"target": -13.75289142210892, "params": {"gamma": 710.3180921335666, "log10_alpha": -3.629888461926165, "log10_colsample_bytree": -0.59694611558642, "log10_eta": -2.188257004169539, "log10_lambda": -4.937532426150876, "log10_min_child_weight": 0.4838359423649208, "log10_subsample": -0.9922737236862789, "max_depth": 9.0, "num_boost_round": 34.0}, "datetime": {"datetime": "2024-01-19 00:59:00", "elapsed": 2839.4609, "delta": 0.003002}}
{"target": -13.752798309156587, "params": {"gamma": 710.3180921335666, "log10_alpha": -3.629888461926165, "log10_colsample_bytree": -0.59694611558642, "log10_eta": -2.188257004169539, "log10_lambda": -4.937532426150876, "log10_min_child_weight": 0.4838359423649208, "log10_subsample": -0.9922737236862789, "max_depth": 9.0, "num_boost_round": 35.0}, "datetime": {"datetime": "2024-01-19 00:59:00", "elapsed": 2839.463944, "delta": 0.003044}}
{"target": -13.75300297269487, "params": {"gamma": 710.3180921335666, "log10_alpha": -3.629888461926165, "log10_colsample_bytree": -0.59694611558642, "log10_eta": -2.188257004169539, "log10_lambda": -4.937532426150876, "log10_min_child_weight": 0.4838359423649208, "log10_subsample": -0.9922737236862789, "max_depth": 9.0, "num_boost_round": 36.0}, "datetime": {"datetime": "2024-01-19 00:59:00", "elapsed": 2839.467037, "delta": 0.003093}}
{"target": -13.752886309622008, "params": {"gamma": 710.3180921335666, "log10_alpha": -3.629888461926165, "log10_colsample_bytree": -0.59694611558642, "log10_eta": -2.188257004169539, "log10_lambda": -4.937532426150876, "log10_min_child_weight": 0.4838359423649208, "log10_subsample": -0.9922737236862789, "max_depth": 9.0, "num_boost_round": 37.0}, "datetime": {"datetime": "2024-01-19 00:59:00", "elapsed": 2839.470029, "delta": 0.002992}}
{"target": -13.752822368510973, "params": {"gamma": 710.3180921335666, "log10_alpha": -3.629888461926165, "log10_colsample_bytree": -0.59694611558642, "log10_eta": -2.188257004169539, "log10_lambda": -4.937532426150876, "log10_min_child_weight": 0.4838359423649208, "log10_subsample": -0.9922737236862789, "max_depth": 9.0, "num_boost_round": 38.0}, "datetime": {"datetime": "2024-01-19 00:59:00", "elapsed": 2839.47318, "delta": 0.003151}}
{"target": -13.752669446575252, "params": {"gamma": 710.3180921335666, "log10_alpha": -3.629888461926165, "log10_colsample_bytree": -0.59694611558642, "log10_eta": -2.188257004169539, "log10_lambda": -4.937532426150876, "log10_min_child_weight": 0.4838359423649208, "log10_subsample": -0.9922737236862789, "max_depth": 9.0, "num_boost_round": 39.0}, "datetime": {"datetime": "2024-01-19 00:59:00", "elapsed": 2839.476711, "delta": 0.003531}}
{"target": -13.752519775203352, "params": {"gamma": 710.3180921335666, "log10_alpha": -3.629888461926165, "log10_colsample_bytree": -0.59694611558642, "log10_eta": -2.188257004169539, "log10_lambda": -4.937532426150876, "log10_min_child_weight": 0.4838359423649208, "log10_subsample": -0.9922737236862789, "max_depth": 9.0, "num_boost_round": 40.0}, "datetime": {"datetime": "2024-01-19 00:59:00", "elapsed": 2839.479739, "delta": 0.003028}}
{"target": -13.75225801725028, "params": {"gamma": 710.3180921335666, "log10_alpha": -3.629888461926165, "log10_colsample_bytree": -0.59694611558642, "log10_eta": -2.188257004169539, "log10_lambda": -4.937532426150876, "log10_min_child_weight": 0.4838359423649208, "log10_subsample": -0.9922737236862789, "max_depth": 9.0, "num_boost_round": 41.0}, "datetime": {"datetime": "2024-01-19 00:59:00", "elapsed": 2839.48289, "delta": 0.003151}}
{"target": -13.75217596888718, "params": {"gamma": 710.3180921335666, "log10_alpha": -3.629888461926165, "log10_colsample_bytree": -0.59694611558642, "log10_eta": -2.188257004169539, "log10_lambda": -4.937532426150876, "log10_min_child_weight": 0.4838359423649208, "log10_subsample": -0.9922737236862789, "max_depth": 9.0, "num_boost_round": 42.0}, "datetime": {"datetime": "2024-01-19 00:59:00", "elapsed": 2839.486076, "delta": 0.003186}}
{"target": -13.752200438331727, "params": {"gamma": 710.3180921335666, "log10_alpha": -3.629888461926165, "log10_colsample_bytree": -0.59694611558642, "log10_eta": -2.188257004169539, "log10_lambda": -4.937532426150876, "log10_min_child_weight": 0.4838359423649208, "log10_subsample": -0.9922737236862789, "max_depth": 9.0, "num_boost_round": 43.0}, "datetime": {"datetime": "2024-01-19 00:59:00", "elapsed": 2839.489298, "delta": 0.003222}}
{"target": -13.752128156776875, "params": {"gamma": 710.3180921335666, "log10_alpha": -3.629888461926165, "log10_colsample_bytree": -0.59694611558642, "log10_eta": -2.188257004169539, "log10_lambda": -4.937532426150876, "log10_min_child_weight": 0.4838359423649208, "log10_subsample": -0.9922737236862789, "max_depth": 9.0, "num_boost_round": 44.0}, "datetime": {"datetime": "2024-01-19 00:59:00", "elapsed": 2839.492361, "delta": 0.003063}}
{"target": -13.752820908600242, "params": {"gamma": 710.3180921335666, "log10_alpha": -3.629888461926165, "log10_colsample_bytree": -0.59694611558642, "log10_eta": -2.188257004169539, "log10_lambda": -4.937532426150876, "log10_min_child_weight": 0.4838359423649208, "log10_subsample": -0.9922737236862789, "max_depth": 9.0, "num_boost_round": 45.0}, "datetime": {"datetime": "2024-01-19 00:59:00", "elapsed": 2839.495418, "delta": 0.003057}}
{"target": -13.752716032937768, "params": {"gamma": 710.3180921335666, "log10_alpha": -3.629888461926165, "log10_colsample_bytree": -0.59694611558642, "log10_eta": -2.188257004169539, "log10_lambda": -4.937532426150876, "log10_min_child_weight": 0.4838359423649208, "log10_subsample": -0.9922737236862789, "max_depth": 9.0, "num_boost_round": 46.0}, "datetime": {"datetime": "2024-01-19 00:59:00", "elapsed": 2839.49849, "delta": 0.003072}}
{"target": -13.752883482266483, "params": {"gamma": 710.3180921335666, "log10_alpha": -3.629888461926165, "log10_colsample_bytree": -0.59694611558642, "log10_eta": -2.188257004169539, "log10_lambda": -4.937532426150876, "log10_min_child_weight": 0.4838359423649208, "log10_subsample": -0.9922737236862789, "max_depth": 9.0, "num_boost_round": 47.0}, "datetime": {"datetime": "2024-01-19 00:59:00", "elapsed": 2839.501565, "delta": 0.003075}}
{"target": -13.752913506320839, "params": {"gamma": 710.3180921335666, "log10_alpha": -3.629888461926165, "log10_colsample_bytree": -0.59694611558642, "log10_eta": -2.188257004169539, "log10_lambda": -4.937532426150876, "log10_min_child_weight": 0.4838359423649208, "log10_subsample": -0.9922737236862789, "max_depth": 9.0, "num_boost_round": 48.0}, "datetime": {"datetime": "2024-01-19 00:59:00", "elapsed": 2839.50458, "delta": 0.003015}}
{"target": -13.75298001206345, "params": {"gamma": 710.3180921335666, "log10_alpha": -3.629888461926165, "log10_colsample_bytree": -0.59694611558642, "log10_eta": -2.188257004169539, "log10_lambda": -4.937532426150876, "log10_min_child_weight": 0.4838359423649208, "log10_subsample": -0.9922737236862789, "max_depth": 9.0, "num_boost_round": 49.0}, "datetime": {"datetime": "2024-01-19 00:59:00", "elapsed": 2839.507643, "delta": 0.003063}}
{"target": -13.752910187563733, "params": {"gamma": 710.3180921335666, "log10_alpha": -3.629888461926165, "log10_colsample_bytree": -0.59694611558642, "log10_eta": -2.188257004169539, "log10_lambda": -4.937532426150876, "log10_min_child_weight": 0.4838359423649208, "log10_subsample": -0.9922737236862789, "max_depth": 9.0, "num_boost_round": 50.0}, "datetime": {"datetime": "2024-01-19 00:59:00", "elapsed": 2839.510731, "delta": 0.003088}}
{"target": -13.752968368679387, "params": {"gamma": 710.3180921335666, "log10_alpha": -3.629888461926165, "log10_colsample_bytree": -0.59694611558642, "log10_eta": -2.188257004169539, "log10_lambda": -4.937532426150876, "log10_min_child_weight": 0.4838359423649208, "log10_subsample": -0.9922737236862789, "max_depth": 9.0, "num_boost_round": 51.0}, "datetime": {"datetime": "2024-01-19 00:59:00", "elapsed": 2839.513816, "delta": 0.003085}}
{"target": -13.753105292118248, "params": {"gamma": 710.3180921335666, "log10_alpha": -3.629888461926165, "log10_colsample_bytree": -0.59694611558642, "log10_eta": -2.188257004169539, "log10_lambda": -4.937532426150876, "log10_min_child_weight": 0.4838359423649208, "log10_subsample": -0.9922737236862789, "max_depth": 9.0, "num_boost_round": 52.0}, "datetime": {"datetime": "2024-01-19 00:59:00", "elapsed": 2839.516911, "delta": 0.003095}}
{"target": -13.753486553619217, "params": {"gamma": 710.3180921335666, "log10_alpha": -3.629888461926165, "log10_colsample_bytree": -0.59694611558642, "log10_eta": -2.188257004169539, "log10_lambda": -4.937532426150876, "log10_min_child_weight": 0.4838359423649208, "log10_subsample": -0.9922737236862789, "max_depth": 9.0, "num_boost_round": 53.0}, "datetime": {"datetime": "2024-01-19 00:59:00", "elapsed": 2839.519992, "delta": 0.003081}}
{"target": -13.753599177027093, "params": {"gamma": 710.3180921335666, "log10_alpha": -3.629888461926165, "log10_colsample_bytree": -0.59694611558642, "log10_eta": -2.188257004169539, "log10_lambda": -4.937532426150876, "log10_min_child_weight": 0.4838359423649208, "log10_subsample": -0.9922737236862789, "max_depth": 9.0, "num_boost_round": 54.0}, "datetime": {"datetime": "2024-01-19 00:59:00", "elapsed": 2839.523032, "delta": 0.00304}}
