{"target": -17.67717376966522, "params": {"gamma": 836.0457402738441, "log10_alpha": -4.81462699622829, "log10_colsample_bytree": -0.12791245754775094, "log10_eta": -3.3975669595747156, "log10_lambda": -3.741771953063408, "log10_min_child_weight": 3.157358495379168, "log10_subsample": -0.5276427548129551, "max_depth": 9.0, "num_boost_round": 6.0}, "datetime": {"datetime": "2024-01-19 01:28:24", "elapsed": 4589.286072, "delta": 0.00494}}
{"target": -17.67715934127858, "params": {"gamma": 836.0457402738441, "log10_alpha": -4.81462699622829, "log10_colsample_bytree": -0.12791245754775094, "log10_eta": -3.3975669595747156, "log10_lambda": -3.741771953063408, "log10_min_child_weight": 3.157358495379168, "log10_subsample": -0.5276427548129551, "max_depth": 9.0, "num_boost_round": 7.0}, "datetime": {"datetime": "2024-01-19 01:28:24", "elapsed": 4589.291373, "delta": 0.005301}}
{"target": -17.677148439019053, "params": {"gamma": 836.0457402738441, "log10_alpha": -4.81462699622829, "log10_colsample_bytree": -0.12791245754775094, "log10_eta": -3.3975669595747156, "log10_lambda": -3.741771953063408, "log10_min_child_weight": 3.157358495379168, "log10_subsample": -0.5276427548129551, "max_depth": 9.0, "num_boost_round": 8.0}, "datetime": {"datetime": "2024-01-19 01:28:24", "elapsed": 4589.296496, "delta": 0.005123}}
{"target": -17.677123399966337, "params": {"gamma": 836.0457402738441, "log10_alpha": -4.81462699622829, "log10_colsample_bytree": -0.12791245754775094, "log10_eta": -3.3975669595747156, "log10_lambda": -3.741771953063408, "log10_min_child_weight": 3.157358495379168, "log10_subsample": -0.5276427548129551, "max_depth": 9.0, "num_boost_round": 9.0}, "datetime": {"datetime": "2024-01-19 01:28:24", "elapsed": 4589.301644, "delta": 0.005148}}
{"target": -17.677113832405293, "params": {"gamma": 836.0457402738441, "log10_alpha": -4.81462699622829, "log10_colsample_bytree": -0.12791245754775094, "log10_eta": -3.3975669595747156, "log10_lambda": -3.741771953063408, "log10_min_child_weight": 3.157358495379168, "log10_subsample": -0.5276427548129551, "max_depth": 9.0, "num_boost_round": 10.0}, "datetime": {"datetime": "2024-01-19 01:28:24", "elapsed": 4589.306789, "delta": 0.005145}}
{"target": -17.67710584208079, "params": {"gamma": 836.0457402738441, "log10_alpha": -4.81462699622829, "log10_colsample_bytree": -0.12791245754775094, "log10_eta": -3.3975669595747156, "log10_lambda": -3.741771953063408, "log10_min_child_weight": 3.157358495379168, "log10_subsample": -0.5276427548129551, "max_depth": 9.0, "num_boost_round": 11.0}, "datetime": {"datetime": "2024-01-19 01:28:24", "elapsed": 4589.311938, "delta": 0.005149}}
{"target": -17.67711003526452, "params": {"gamma": 836.0457402738441, "log10_alpha": -4.81462699622829, "log10_colsample_bytree": -0.12791245754775094, "log10_eta": -3.3975669595747156, "log10_lambda": -3.741771953063408, "log10_min_child_weight": 3.157358495379168, "log10_subsample": -0.5276427548129551, "max_depth": 9.0, "num_boost_round": 12.0}, "datetime": {"datetime": "2024-01-19 01:28:24", "elapsed": 4589.316768, "delta": 0.00483}}
{"target": -17.677077316879668, "params": {"gamma": 836.0457402738441, "log10_alpha": -4.81462699622829, "log10_colsample_bytree": -0.12791245754775094, "log10_eta": -3.3975669595747156, "log10_lambda": -3.741771953063408, "log10_min_child_weight": 3.157358495379168, "log10_subsample": -0.5276427548129551, "max_depth": 9.0, "num_boost_round": 13.0}, "datetime": {"datetime": "2024-01-19 01:28:24", "elapsed": 4589.32159, "delta": 0.004822}}
{"target": -17.67707952962141, "params": {"gamma": 836.0457402738441, "log10_alpha": -4.81462699622829, "log10_colsample_bytree": -0.12791245754775094, "log10_eta": -3.3975669595747156, "log10_lambda": -3.741771953063408, "log10_min_child_weight": 3.157358495379168, "log10_subsample": -0.5276427548129551, "max_depth": 9.0, "num_boost_round": 14.0}, "datetime": {"datetime": "2024-01-19 01:28:24", "elapsed": 4589.32646, "delta": 0.00487}}
{"target": -17.677082838158974, "params": {"gamma": 836.0457402738441, "log10_alpha": -4.81462699622829, "log10_colsample_bytree": -0.12791245754775094, "log10_eta": -3.3975669595747156, "log10_lambda": -3.741771953063408, "log10_min_child_weight": 3.157358495379168, "log10_subsample": -0.5276427548129551, "max_depth": 9.0, "num_boost_round": 15.0}, "datetime": {"datetime": "2024-01-19 01:28:24", "elapsed": 4589.331401, "delta": 0.004941}}
{"target": -17.677063817833936, "params": {"gamma": 836.0457402738441, "log10_alpha": -4.81462699622829, "log10_colsample_bytree": -0.12791245754775094, "log10_eta": -3.3975669595747156, "log10_lambda": -3.741771953063408, "log10_min_child_weight": 3.157358495379168, "log10_subsample": -0.5276427548129551, "max_depth": 9.0, "num_boost_round": 16.0}, "datetime": {"datetime": "2024-01-19 01:28:24", "elapsed": 4589.33645, "delta": 0.005049}}
{"target": -17.677058456423907, "params": {"gamma": 836.0457402738441, "log10_alpha": -4.81462699622829, "log10_colsample_bytree": -0.12791245754775094, "log10_eta": -3.3975669595747156, "log10_lambda": -3.741771953063408, "log10_min_child_weight": 3.157358495379168, "log10_subsample": -0.5276427548129551, "max_depth": 9.0, "num_boost_round": 17.0}, "datetime": {"datetime": "2024-01-19 01:28:24", "elapsed": 4589.34167, "delta": 0.00522}}
{"target": -17.677058522366366, "params": {"gamma": 836.0457402738441, "log10_alpha": -4.81462699622829, "log10_colsample_bytree": -0.12791245754775094, "log10_eta": -3.3975669595747156, "log10_lambda": -3.741771953063408, "log10_min_child_weight": 3.157358495379168, "log10_subsample": -0.5276427548129551, "max_depth": 9.0, "num_boost_round": 18.0}, "datetime": {"datetime": "2024-01-19 01:28:24", "elapsed": 4589.346581, "delta": 0.004911}}
{"target": -17.67703707227089, "params": {"gamma": 836.0457402738441, "log10_alpha": -4.81462699622829, "log10_colsample_bytree": -0.12791245754775094, "log10_eta": -3.3975669595747156, "log10_lambda": -3.741771953063408, "log10_min_child_weight": 3.157358495379168, "log10_subsample": -0.5276427548129551, "max_depth": 9.0, "num_boost_round": 19.0}, "datetime": {"datetime": "2024-01-19 01:28:24", "elapsed": 4589.351464, "delta": 0.004883}}
{"target": -17.677019345850105, "params": {"gamma": 836.0457402738441, "log10_alpha": -4.81462699622829, "log10_colsample_bytree": -0.12791245754775094, "log10_eta": -3.3975669595747156, "log10_lambda": -3.741771953063408, "log10_min_child_weight": 3.157358495379168, "log10_subsample": -0.5276427548129551, "max_depth": 9.0, "num_boost_round": 20.0}, "datetime": {"datetime": "2024-01-19 01:28:24", "elapsed": 4589.356447, "delta": 0.004983}}
{"target": -17.677029351479028, "params": {"gamma": 836.0457402738441, "log10_alpha": -4.81462699622829, "log10_colsample_bytree": -0.12791245754775094, "log10_eta": -3.3975669595747156, "log10_lambda": -3.741771953063408, "log10_min_child_weight": 3.157358495379168, "log10_subsample": -0.5276427548129551, "max_depth": 9.0, "num_boost_round": 21.0}, "datetime": {"datetime": "2024-01-19 01:28:24", "elapsed": 4589.361435, "delta": 0.004988}}
{"target": -17.677021640736033, "params": {"gamma": 836.0457402738441, "log10_alpha": -4.81462699622829, "log10_colsample_bytree": -0.12791245754775094, "log10_eta": -3.3975669595747156, "log10_lambda": -3.741771953063408, "log10_min_child_weight": 3.157358495379168, "log10_subsample": -0.5276427548129551, "max_depth": 9.0, "num_boost_round": 22.0}, "datetime": {"datetime": "2024-01-19 01:28:24", "elapsed": 4589.36642, "delta": 0.004985}}
{"target": -17.67700848940301, "params": {"gamma": 836.0457402738441, "log10_alpha": -4.81462699622829, "log10_colsample_bytree": -0.12791245754775094, "log10_eta": -3.3975669595747156, "log10_lambda": -3.741771953063408, "log10_min_child_weight": 3.157358495379168, "log10_subsample": -0.5276427548129551, "max_depth": 9.0, "num_boost_round": 23.0}, "datetime": {"datetime": "2024-01-19 01:28:24", "elapsed": 4589.371532, "delta": 0.005112}}
{"target": -17.67700702655916, "params": {"gamma": 836.0457402738441, "log10_alpha": -4.81462699622829, "log10_colsample_bytree": -0.12791245754775094, "log10_eta": -3.3975669595747156, "log10_lambda": -3.741771953063408, "log10_min_child_weight": 3.157358495379168, "log10_subsample": -0.5276427548129551, "max_depth": 9.0, "num_boost_round": 24.0}, "datetime": {"datetime": "2024-01-19 01:28:24", "elapsed": 4589.376436, "delta": 0.004904}}
{"target": -17.67699864890623, "params": {"gamma": 836.0457402738441, "log10_alpha": -4.81462699622829, "log10_colsample_bytree": -0.12791245754775094, "log10_eta": -3.3975669595747156, "log10_lambda": -3.741771953063408, "log10_min_child_weight": 3.157358495379168, "log10_subsample": -0.5276427548129551, "max_depth": 9.0, "num_boost_round": 25.0}, "datetime": {"datetime": "2024-01-19 01:28:24", "elapsed": 4589.382792, "delta": 0.006356}}
{"target": -17.676991018681264, "params": {"gamma": 836.0457402738441, "log10_alpha": -4.81462699622829, "log10_colsample_bytree": -0.12791245754775094, "log10_eta": -3.3975669595747156, "log10_lambda": -3.741771953063408, "log10_min_child_weight": 3.157358495379168, "log10_subsample": -0.5276427548129551, "max_depth": 9.0, "num_boost_round": 26.0}, "datetime": {"datetime": "2024-01-19 01:28:24", "elapsed": 4589.388128, "delta": 0.005336}}
{"target": -17.676987539248476, "params": {"gamma": 836.0457402738441, "log10_alpha": -4.81462699622829, "log10_colsample_bytree": -0.12791245754775094, "log10_eta": -3.3975669595747156, "log10_lambda": -3.741771953063408, "log10_min_child_weight": 3.157358495379168, "log10_subsample": -0.5276427548129551, "max_depth": 9.0, "num_boost_round": 27.0}, "datetime": {"datetime": "2024-01-19 01:28:24", "elapsed": 4589.393174, "delta": 0.005046}}
{"target": -17.67697585160133, "params": {"gamma": 836.0457402738441, "log10_alpha": -4.81462699622829, "log10_colsample_bytree": -0.12791245754775094, "log10_eta": -3.3975669595747156, "log10_lambda": -3.741771953063408, "log10_min_child_weight": 3.157358495379168, "log10_subsample": -0.5276427548129551, "max_depth": 9.0, "num_boost_round": 28.0}, "datetime": {"datetime": "2024-01-19 01:28:24", "elapsed": 4589.398329, "delta": 0.005155}}
{"target": -17.67695971339042, "params": {"gamma": 836.0457402738441, "log10_alpha": -4.81462699622829, "log10_colsample_bytree": -0.12791245754775094, "log10_eta": -3.3975669595747156, "log10_lambda": -3.741771953063408, "log10_min_child_weight": 3.157358495379168, "log10_subsample": -0.5276427548129551, "max_depth": 9.0, "num_boost_round": 29.0}, "datetime": {"datetime": "2024-01-19 01:28:24", "elapsed": 4589.403511, "delta": 0.005182}}
{"target": -17.67696836800252, "params": {"gamma": 836.0457402738441, "log10_alpha": -4.81462699622829, "log10_colsample_bytree": -0.12791245754775094, "log10_eta": -3.3975669595747156, "log10_lambda": -3.741771953063408, "log10_min_child_weight": 3.157358495379168, "log10_subsample": -0.5276427548129551, "max_depth": 9.0, "num_boost_round": 30.0}, "datetime": {"datetime": "2024-01-19 01:28:25", "elapsed": 4589.534449, "delta": 0.130938}}
{"target": -17.68037686193482, "params": {"gamma": 831.8513838269955, "log10_alpha": -2.741862360991646, "log10_colsample_bytree": -0.6734948445099296, "log10_eta": -1.1568590096196747, "log10_lambda": -1.7603222212000693, "log10_min_child_weight": 1.3334741219891955, "log10_subsample": -0.7956338575955968, "max_depth": 8.0, "num_boost_round": 0.0}, "datetime": {"datetime": "2024-01-19 01:29:57", "elapsed": 4682.059729, "delta": 92.52528}}
{"target": -17.677467157442273, "params": {"gamma": 831.8513838269955, "log10_alpha": -2.741862360991646, "log10_colsample_bytree": -0.6734948445099296, "log10_eta": -1.1568590096196747, "log10_lambda": -1.7603222212000693, "log10_min_child_weight": 1.3334741219891955, "log10_subsample": -0.7956338575955968, "max_depth": 8.0, "num_boost_round": 1.0}, "datetime": {"datetime": "2024-01-19 01:29:57", "elapsed": 4682.066501, "delta": 0.006772}}
{"target": -17.675448343611592, "params": {"gamma": 831.8513838269955, "log10_alpha": -2.741862360991646, "log10_colsample_bytree": -0.6734948445099296, "log10_eta": -1.1568590096196747, "log10_lambda": -1.7603222212000693, "log10_min_child_weight": 1.3334741219891955, "log10_subsample": -0.7956338575955968, "max_depth": 8.0, "num_boost_round": 2.0}, "datetime": {"datetime": "2024-01-19 01:29:57", "elapsed": 4682.072603, "delta": 0.006102}}
{"target": -17.674233428679432, "params": {"gamma": 831.8513838269955, "log10_alpha": -2.741862360991646, "log10_colsample_bytree": -0.6734948445099296, "log10_eta": -1.1568590096196747, "log10_lambda": -1.7603222212000693, "log10_min_child_weight": 1.3334741219891955, "log10_subsample": -0.7956338575955968, "max_depth": 8.0, "num_boost_round": 3.0}, "datetime": {"datetime": "2024-01-19 01:29:57", "elapsed": 4682.078602, "delta": 0.005999}}
{"target": -17.6742141894485, "params": {"gamma": 831.8513838269955, "log10_alpha": -2.741862360991646, "log10_colsample_bytree": -0.6734948445099296, "log10_eta": -1.1568590096196747, "log10_lambda": -1.7603222212000693, "log10_min_child_weight": 1.3334741219891955, "log10_subsample": -0.7956338575955968, "max_depth": 8.0, "num_boost_round": 4.0}, "datetime": {"datetime": "2024-01-19 01:29:57", "elapsed": 4682.084531, "delta": 0.005929}}
{"target": -17.67266251617522, "params": {"gamma": 831.8513838269955, "log10_alpha": -2.741862360991646, "log10_colsample_bytree": -0.6734948445099296, "log10_eta": -1.1568590096196747, "log10_lambda": -1.7603222212000693, "log10_min_child_weight": 1.3334741219891955, "log10_subsample": -0.7956338575955968, "max_depth": 8.0, "num_boost_round": 5.0}, "datetime": {"datetime": "2024-01-19 01:29:57", "elapsed": 4682.090844, "delta": 0.006313}}
{"target": -17.67765704381483, "params": {"gamma": 831.8513838269955, "log10_alpha": -2.741862360991646, "log10_colsample_bytree": -0.6734948445099296, "log10_eta": -1.1568590096196747, "log10_lambda": -1.7603222212000693, "log10_min_child_weight": 1.3334741219891955, "log10_subsample": -0.7956338575955968, "max_depth": 8.0, "num_boost_round": 6.0}, "datetime": {"datetime": "2024-01-19 01:29:57", "elapsed": 4682.09689, "delta": 0.006046}}
{"target": -17.68020748877027, "params": {"gamma": 831.8513838269955, "log10_alpha": -2.741862360991646, "log10_colsample_bytree": -0.6734948445099296, "log10_eta": -1.1568590096196747, "log10_lambda": -1.7603222212000693, "log10_min_child_weight": 1.3334741219891955, "log10_subsample": -0.7956338575955968, "max_depth": 8.0, "num_boost_round": 7.0}, "datetime": {"datetime": "2024-01-19 01:29:57", "elapsed": 4682.102803, "delta": 0.005913}}
{"target": -17.68451615527229, "params": {"gamma": 831.8513838269955, "log10_alpha": -2.741862360991646, "log10_colsample_bytree": -0.6734948445099296, "log10_eta": -1.1568590096196747, "log10_lambda": -1.7603222212000693, "log10_min_child_weight": 1.3334741219891955, "log10_subsample": -0.7956338575955968, "max_depth": 8.0, "num_boost_round": 8.0}, "datetime": {"datetime": "2024-01-19 01:29:57", "elapsed": 4682.10869, "delta": 0.005887}}
{"target": -17.686591492489637, "params": {"gamma": 831.8513838269955, "log10_alpha": -2.741862360991646, "log10_colsample_bytree": -0.6734948445099296, "log10_eta": -1.1568590096196747, "log10_lambda": -1.7603222212000693, "log10_min_child_weight": 1.3334741219891955, "log10_subsample": -0.7956338575955968, "max_depth": 8.0, "num_boost_round": 9.0}, "datetime": {"datetime": "2024-01-19 01:29:57", "elapsed": 4682.114652, "delta": 0.005962}}
{"target": -17.69007157279109, "params": {"gamma": 831.8513838269955, "log10_alpha": -2.741862360991646, "log10_colsample_bytree": -0.6734948445099296, "log10_eta": -1.1568590096196747, "log10_lambda": -1.7603222212000693, "log10_min_child_weight": 1.3334741219891955, "log10_subsample": -0.7956338575955968, "max_depth": 8.0, "num_boost_round": 10.0}, "datetime": {"datetime": "2024-01-19 01:29:57", "elapsed": 4682.120445, "delta": 0.005793}}
{"target": -17.692209654172505, "params": {"gamma": 831.8513838269955, "log10_alpha": -2.741862360991646, "log10_colsample_bytree": -0.6734948445099296, "log10_eta": -1.1568590096196747, "log10_lambda": -1.7603222212000693, "log10_min_child_weight": 1.3334741219891955, "log10_subsample": -0.7956338575955968, "max_depth": 8.0, "num_boost_round": 11.0}, "datetime": {"datetime": "2024-01-19 01:29:57", "elapsed": 4682.126297, "delta": 0.005852}}
{"target": -17.699048911804425, "params": {"gamma": 831.8513838269955, "log10_alpha": -2.741862360991646, "log10_colsample_bytree": -0.6734948445099296, "log10_eta": -1.1568590096196747, "log10_lambda": -1.7603222212000693, "log10_min_child_weight": 1.3334741219891955, "log10_subsample": -0.7956338575955968, "max_depth": 8.0, "num_boost_round": 12.0}, "datetime": {"datetime": "2024-01-19 01:29:57", "elapsed": 4682.132357, "delta": 0.00606}}
{"target": -17.703907705251694, "params": {"gamma": 831.8513838269955, "log10_alpha": -2.741862360991646, "log10_colsample_bytree": -0.6734948445099296, "log10_eta": -1.1568590096196747, "log10_lambda": -1.7603222212000693, "log10_min_child_weight": 1.3334741219891955, "log10_subsample": -0.7956338575955968, "max_depth": 8.0, "num_boost_round": 13.0}, "datetime": {"datetime": "2024-01-19 01:29:57", "elapsed": 4682.138201, "delta": 0.005844}}
{"target": -17.70824805101602, "params": {"gamma": 831.8513838269955, "log10_alpha": -2.741862360991646, "log10_colsample_bytree": -0.6734948445099296, "log10_eta": -1.1568590096196747, "log10_lambda": -1.7603222212000693, "log10_min_child_weight": 1.3334741219891955, "log10_subsample": -0.7956338575955968, "max_depth": 8.0, "num_boost_round": 14.0}, "datetime": {"datetime": "2024-01-19 01:29:57", "elapsed": 4682.144275, "delta": 0.006074}}
{"target": -17.71801058880223, "params": {"gamma": 831.8513838269955, "log10_alpha": -2.741862360991646, "log10_colsample_bytree": -0.6734948445099296, "log10_eta": -1.1568590096196747, "log10_lambda": -1.7603222212000693, "log10_min_child_weight": 1.3334741219891955, "log10_subsample": -0.7956338575955968, "max_depth": 8.0, "num_boost_round": 15.0}, "datetime": {"datetime": "2024-01-19 01:29:57", "elapsed": 4682.150323, "delta": 0.006048}}
{"target": -17.72215815721498, "params": {"gamma": 831.8513838269955, "log10_alpha": -2.741862360991646, "log10_colsample_bytree": -0.6734948445099296, "log10_eta": -1.1568590096196747, "log10_lambda": -1.7603222212000693, "log10_min_child_weight": 1.3334741219891955, "log10_subsample": -0.7956338575955968, "max_depth": 8.0, "num_boost_round": 16.0}, "datetime": {"datetime": "2024-01-19 01:29:57", "elapsed": 4682.156197, "delta": 0.005874}}
{"target": -17.72842978729993, "params": {"gamma": 831.8513838269955, "log10_alpha": -2.741862360991646, "log10_colsample_bytree": -0.6734948445099296, "log10_eta": -1.1568590096196747, "log10_lambda": -1.7603222212000693, "log10_min_child_weight": 1.3334741219891955, "log10_subsample": -0.7956338575955968, "max_depth": 8.0, "num_boost_round": 17.0}, "datetime": {"datetime": "2024-01-19 01:29:57", "elapsed": 4682.162017, "delta": 0.00582}}
{"target": -17.73239468190972, "params": {"gamma": 831.8513838269955, "log10_alpha": -2.741862360991646, "log10_colsample_bytree": -0.6734948445099296, "log10_eta": -1.1568590096196747, "log10_lambda": -1.7603222212000693, "log10_min_child_weight": 1.3334741219891955, "log10_subsample": -0.7956338575955968, "max_depth": 8.0, "num_boost_round": 18.0}, "datetime": {"datetime": "2024-01-19 01:29:57", "elapsed": 4682.167857, "delta": 0.00584}}
{"target": -17.731204157930197, "params": {"gamma": 831.8513838269955, "log10_alpha": -2.741862360991646, "log10_colsample_bytree": -0.6734948445099296, "log10_eta": -1.1568590096196747, "log10_lambda": -1.7603222212000693, "log10_min_child_weight": 1.3334741219891955, "log10_subsample": -0.7956338575955968, "max_depth": 8.0, "num_boost_round": 19.0}, "datetime": {"datetime": "2024-01-19 01:29:57", "elapsed": 4682.173828, "delta": 0.005971}}
{"target": -17.736574974502755, "params": {"gamma": 831.8513838269955, "log10_alpha": -2.741862360991646, "log10_colsample_bytree": -0.6734948445099296, "log10_eta": -1.1568590096196747, "log10_lambda": -1.7603222212000693, "log10_min_child_weight": 1.3334741219891955, "log10_subsample": -0.7956338575955968, "max_depth": 8.0, "num_boost_round": 20.0}, "datetime": {"datetime": "2024-01-19 01:29:57", "elapsed": 4682.179579, "delta": 0.005751}}
{"target": -17.751549904802978, "params": {"gamma": 831.8513838269955, "log10_alpha": -2.741862360991646, "log10_colsample_bytree": -0.6734948445099296, "log10_eta": -1.1568590096196747, "log10_lambda": -1.7603222212000693, "log10_min_child_weight": 1.3334741219891955, "log10_subsample": -0.7956338575955968, "max_depth": 8.0, "num_boost_round": 21.0}, "datetime": {"datetime": "2024-01-19 01:29:57", "elapsed": 4682.185359, "delta": 0.00578}}
{"target": -17.752762583533155, "params": {"gamma": 831.8513838269955, "log10_alpha": -2.741862360991646, "log10_colsample_bytree": -0.6734948445099296, "log10_eta": -1.1568590096196747, "log10_lambda": -1.7603222212000693, "log10_min_child_weight": 1.3334741219891955, "log10_subsample": -0.7956338575955968, "max_depth": 8.0, "num_boost_round": 22.0}, "datetime": {"datetime": "2024-01-19 01:29:57", "elapsed": 4682.191298, "delta": 0.005939}}
{"target": -17.67720966590639, "params": {"gamma": 830.3057577932758, "log10_alpha": -0.8355598857487285, "log10_colsample_bytree": -0.968173782456716, "log10_eta": -2.9782262773595565, "log10_lambda": -4.4847059194581025, "log10_min_child_weight": 3.645891961196068, "log10_subsample": -0.5793951312813632, "max_depth": 9.0, "num_boost_round": 0.0}, "datetime": {"datetime": "2024-01-19 01:31:56", "elapsed": 4800.710411, "delta": 118.519113}}
