{"target": -17.67702820379766, "params": {"gamma": 717.5464308550695, "log10_alpha": -0.7925850214824663, "log10_colsample_bytree": -0.267730406836847, "log10_eta": -3.960522430741021, "log10_lambda": -0.7768421230491676, "log10_min_child_weight": 1.7159392241254707, "log10_subsample": -0.8364920935283989, "max_depth": 3.0, "num_boost_round": 64.0}, "datetime": {"datetime": "2024-01-19 01:03:14", "elapsed": 3101.716114, "delta": 0.003975}}
{"target": -17.677023328604328, "params": {"gamma": 717.5464308550695, "log10_alpha": -0.7925850214824663, "log10_colsample_bytree": -0.267730406836847, "log10_eta": -3.960522430741021, "log10_lambda": -0.7768421230491676, "log10_min_child_weight": 1.7159392241254707, "log10_subsample": -0.8364920935283989, "max_depth": 3.0, "num_boost_round": 65.0}, "datetime": {"datetime": "2024-01-19 01:03:14", "elapsed": 3101.720142, "delta": 0.004028}}
{"target": -17.67701896639767, "params": {"gamma": 717.5464308550695, "log10_alpha": -0.7925850214824663, "log10_colsample_bytree": -0.267730406836847, "log10_eta": -3.960522430741021, "log10_lambda": -0.7768421230491676, "log10_min_child_weight": 1.7159392241254707, "log10_subsample": -0.8364920935283989, "max_depth": 3.0, "num_boost_round": 66.0}, "datetime": {"datetime": "2024-01-19 01:03:14", "elapsed": 3101.72421, "delta": 0.004068}}
{"target": -17.67701464655979, "params": {"gamma": 717.5464308550695, "log10_alpha": -0.7925850214824663, "log10_colsample_bytree": -0.267730406836847, "log10_eta": -3.960522430741021, "log10_lambda": -0.7768421230491676, "log10_min_child_weight": 1.7159392241254707, "log10_subsample": -0.8364920935283989, "max_depth": 3.0, "num_boost_round": 67.0}, "datetime": {"datetime": "2024-01-19 01:03:14", "elapsed": 3101.728228, "delta": 0.004018}}
{"target": -17.677011648324246, "params": {"gamma": 717.5464308550695, "log10_alpha": -0.7925850214824663, "log10_colsample_bytree": -0.267730406836847, "log10_eta": -3.960522430741021, "log10_lambda": -0.7768421230491676, "log10_min_child_weight": 1.7159392241254707, "log10_subsample": -0.8364920935283989, "max_depth": 3.0, "num_boost_round": 68.0}, "datetime": {"datetime": "2024-01-19 01:03:14", "elapsed": 3101.732227, "delta": 0.003999}}
{"target": -17.677009400428624, "params": {"gamma": 717.5464308550695, "log10_alpha": -0.7925850214824663, "log10_colsample_bytree": -0.267730406836847, "log10_eta": -3.960522430741021, "log10_lambda": -0.7768421230491676, "log10_min_child_weight": 1.7159392241254707, "log10_subsample": -0.8364920935283989, "max_depth": 3.0, "num_boost_round": 69.0}, "datetime": {"datetime": "2024-01-19 01:03:14", "elapsed": 3101.736421, "delta": 0.004194}}
{"target": -17.677004862139977, "params": {"gamma": 717.5464308550695, "log10_alpha": -0.7925850214824663, "log10_colsample_bytree": -0.267730406836847, "log10_eta": -3.960522430741021, "log10_lambda": -0.7768421230491676, "log10_min_child_weight": 1.7159392241254707, "log10_subsample": -0.8364920935283989, "max_depth": 3.0, "num_boost_round": 70.0}, "datetime": {"datetime": "2024-01-19 01:03:14", "elapsed": 3101.740413, "delta": 0.003992}}
{"target": -17.67700066883136, "params": {"gamma": 717.5464308550695, "log10_alpha": -0.7925850214824663, "log10_colsample_bytree": -0.267730406836847, "log10_eta": -3.960522430741021, "log10_lambda": -0.7768421230491676, "log10_min_child_weight": 1.7159392241254707, "log10_subsample": -0.8364920935283989, "max_depth": 3.0, "num_boost_round": 71.0}, "datetime": {"datetime": "2024-01-19 01:03:14", "elapsed": 3101.744388, "delta": 0.003975}}
{"target": -17.67699422218011, "params": {"gamma": 717.5464308550695, "log10_alpha": -0.7925850214824663, "log10_colsample_bytree": -0.267730406836847, "log10_eta": -3.960522430741021, "log10_lambda": -0.7768421230491676, "log10_min_child_weight": 1.7159392241254707, "log10_subsample": -0.8364920935283989, "max_depth": 3.0, "num_boost_round": 72.0}, "datetime": {"datetime": "2024-01-19 01:03:14", "elapsed": 3101.748485, "delta": 0.004097}}
{"target": -17.67698852169629, "params": {"gamma": 717.5464308550695, "log10_alpha": -0.7925850214824663, "log10_colsample_bytree": -0.267730406836847, "log10_eta": -3.960522430741021, "log10_lambda": -0.7768421230491676, "log10_min_child_weight": 1.7159392241254707, "log10_subsample": -0.8364920935283989, "max_depth": 3.0, "num_boost_round": 73.0}, "datetime": {"datetime": "2024-01-19 01:03:14", "elapsed": 3101.752542, "delta": 0.004057}}
{"target": -17.67698555658733, "params": {"gamma": 717.5464308550695, "log10_alpha": -0.7925850214824663, "log10_colsample_bytree": -0.267730406836847, "log10_eta": -3.960522430741021, "log10_lambda": -0.7768421230491676, "log10_min_child_weight": 1.7159392241254707, "log10_subsample": -0.8364920935283989, "max_depth": 3.0, "num_boost_round": 74.0}, "datetime": {"datetime": "2024-01-19 01:03:14", "elapsed": 3101.757649, "delta": 0.005107}}
{"target": -17.677209201474497, "params": {"gamma": 710.3790968226989, "log10_alpha": -3.832370657052269, "log10_colsample_bytree": -0.9181162359879907, "log10_eta": -3.318925475248829, "log10_lambda": 0.547669620885241, "log10_min_child_weight": 0.29411575368451737, "log10_subsample": -0.4953429849958523, "max_depth": 5.0, "num_boost_round": 0.0}, "datetime": {"datetime": "2024-01-19 01:04:10", "elapsed": 3157.730759, "delta": 55.97311}}
{"target": -17.67720779054987, "params": {"gamma": 710.3790968226989, "log10_alpha": -3.832370657052269, "log10_colsample_bytree": -0.9181162359879907, "log10_eta": -3.318925475248829, "log10_lambda": 0.547669620885241, "log10_min_child_weight": 0.29411575368451737, "log10_subsample": -0.4953429849958523, "max_depth": 5.0, "num_boost_round": 1.0}, "datetime": {"datetime": "2024-01-19 01:04:10", "elapsed": 3157.735432, "delta": 0.004673}}
{"target": -17.67721074823946, "params": {"gamma": 710.3790968226989, "log10_alpha": -3.832370657052269, "log10_colsample_bytree": -0.9181162359879907, "log10_eta": -3.318925475248829, "log10_lambda": 0.547669620885241, "log10_min_child_weight": 0.29411575368451737, "log10_subsample": -0.4953429849958523, "max_depth": 5.0, "num_boost_round": 2.0}, "datetime": {"datetime": "2024-01-19 01:04:10", "elapsed": 3157.739595, "delta": 0.004163}}
{"target": -17.6771953219235, "params": {"gamma": 710.3790968226989, "log10_alpha": -3.832370657052269, "log10_colsample_bytree": -0.9181162359879907, "log10_eta": -3.318925475248829, "log10_lambda": 0.547669620885241, "log10_min_child_weight": 0.29411575368451737, "log10_subsample": -0.4953429849958523, "max_depth": 5.0, "num_boost_round": 3.0}, "datetime": {"datetime": "2024-01-19 01:04:10", "elapsed": 3157.743682, "delta": 0.004087}}
{"target": -17.677167547694058, "params": {"gamma": 710.3790968226989, "log10_alpha": -3.832370657052269, "log10_colsample_bytree": -0.9181162359879907, "log10_eta": -3.318925475248829, "log10_lambda": 0.547669620885241, "log10_min_child_weight": 0.29411575368451737, "log10_subsample": -0.4953429849958523, "max_depth": 5.0, "num_boost_round": 4.0}, "datetime": {"datetime": "2024-01-19 01:04:10", "elapsed": 3157.747788, "delta": 0.004106}}
{"target": -17.677162417009733, "params": {"gamma": 710.3790968226989, "log10_alpha": -3.832370657052269, "log10_colsample_bytree": -0.9181162359879907, "log10_eta": -3.318925475248829, "log10_lambda": 0.547669620885241, "log10_min_child_weight": 0.29411575368451737, "log10_subsample": -0.4953429849958523, "max_depth": 5.0, "num_boost_round": 5.0}, "datetime": {"datetime": "2024-01-19 01:04:10", "elapsed": 3157.751817, "delta": 0.004029}}
{"target": -17.677174269142206, "params": {"gamma": 710.3790968226989, "log10_alpha": -3.832370657052269, "log10_colsample_bytree": -0.9181162359879907, "log10_eta": -3.318925475248829, "log10_lambda": 0.547669620885241, "log10_min_child_weight": 0.29411575368451737, "log10_subsample": -0.4953429849958523, "max_depth": 5.0, "num_boost_round": 6.0}, "datetime": {"datetime": "2024-01-19 01:04:10", "elapsed": 3157.755776, "delta": 0.003959}}
{"target": -17.677157980291636, "params": {"gamma": 710.3790968226989, "log10_alpha": -3.832370657052269, "log10_colsample_bytree": -0.9181162359879907, "log10_eta": -3.318925475248829, "log10_lambda": 0.547669620885241, "log10_min_child_weight": 0.29411575368451737, "log10_subsample": -0.4953429849958523, "max_depth": 5.0, "num_boost_round": 7.0}, "datetime": {"datetime": "2024-01-19 01:04:10", "elapsed": 3157.759843, "delta": 0.004067}}
{"target": -17.677150244310422, "params": {"gamma": 710.3790968226989, "log10_alpha": -3.832370657052269, "log10_colsample_bytree": -0.9181162359879907, "log10_eta": -3.318925475248829, "log10_lambda": 0.547669620885241, "log10_min_child_weight": 0.29411575368451737, "log10_subsample": -0.4953429849958523, "max_depth": 5.0, "num_boost_round": 8.0}, "datetime": {"datetime": "2024-01-19 01:04:10", "elapsed": 3157.763873, "delta": 0.00403}}
{"target": -17.67714592812981, "params": {"gamma": 710.3790968226989, "log10_alpha": -3.832370657052269, "log10_colsample_bytree": -0.9181162359879907, "log10_eta": -3.318925475248829, "log10_lambda": 0.547669620885241, "log10_min_child_weight": 0.29411575368451737, "log10_subsample": -0.4953429849958523, "max_depth": 5.0, "num_boost_round": 9.0}, "datetime": {"datetime": "2024-01-19 01:04:10", "elapsed": 3157.767934, "delta": 0.004061}}
{"target": -17.677127242552277, "params": {"gamma": 710.3790968226989, "log10_alpha": -3.832370657052269, "log10_colsample_bytree": -0.9181162359879907, "log10_eta": -3.318925475248829, "log10_lambda": 0.547669620885241, "log10_min_child_weight": 0.29411575368451737, "log10_subsample": -0.4953429849958523, "max_depth": 5.0, "num_boost_round": 10.0}, "datetime": {"datetime": "2024-01-19 01:04:10", "elapsed": 3157.772028, "delta": 0.004094}}
{"target": -17.67711402434814, "params": {"gamma": 710.3790968226989, "log10_alpha": -3.832370657052269, "log10_colsample_bytree": -0.9181162359879907, "log10_eta": -3.318925475248829, "log10_lambda": 0.547669620885241, "log10_min_child_weight": 0.29411575368451737, "log10_subsample": -0.4953429849958523, "max_depth": 5.0, "num_boost_round": 11.0}, "datetime": {"datetime": "2024-01-19 01:04:10", "elapsed": 3157.77599, "delta": 0.003962}}
{"target": -17.677090567422738, "params": {"gamma": 710.3790968226989, "log10_alpha": -3.832370657052269, "log10_colsample_bytree": -0.9181162359879907, "log10_eta": -3.318925475248829, "log10_lambda": 0.547669620885241, "log10_min_child_weight": 0.29411575368451737, "log10_subsample": -0.4953429849958523, "max_depth": 5.0, "num_boost_round": 12.0}, "datetime": {"datetime": "2024-01-19 01:04:10", "elapsed": 3157.780137, "delta": 0.004147}}
{"target": -17.677082838992643, "params": {"gamma": 710.3790968226989, "log10_alpha": -3.832370657052269, "log10_colsample_bytree": -0.9181162359879907, "log10_eta": -3.318925475248829, "log10_lambda": 0.547669620885241, "log10_min_child_weight": 0.29411575368451737, "log10_subsample": -0.4953429849958523, "max_depth": 5.0, "num_boost_round": 13.0}, "datetime": {"datetime": "2024-01-19 01:04:10", "elapsed": 3157.905788, "delta": 0.125651}}
{"target": -17.677079523677254, "params": {"gamma": 710.3790968226989, "log10_alpha": -3.832370657052269, "log10_colsample_bytree": -0.9181162359879907, "log10_eta": -3.318925475248829, "log10_lambda": 0.547669620885241, "log10_min_child_weight": 0.29411575368451737, "log10_subsample": -0.4953429849958523, "max_depth": 5.0, "num_boost_round": 14.0}, "datetime": {"datetime": "2024-01-19 01:04:10", "elapsed": 3157.910522, "delta": 0.004734}}
{"target": -17.677060859266984, "params": {"gamma": 710.3790968226989, "log10_alpha": -3.832370657052269, "log10_colsample_bytree": -0.9181162359879907, "log10_eta": -3.318925475248829, "log10_lambda": 0.547669620885241, "log10_min_child_weight": 0.29411575368451737, "log10_subsample": -0.4953429849958523, "max_depth": 5.0, "num_boost_round": 15.0}, "datetime": {"datetime": "2024-01-19 01:04:10", "elapsed": 3157.915233, "delta": 0.004711}}
{"target": -17.677059974586278, "params": {"gamma": 710.3790968226989, "log10_alpha": -3.832370657052269, "log10_colsample_bytree": -0.9181162359879907, "log10_eta": -3.318925475248829, "log10_lambda": 0.547669620885241, "log10_min_child_weight": 0.29411575368451737, "log10_subsample": -0.4953429849958523, "max_depth": 5.0, "num_boost_round": 16.0}, "datetime": {"datetime": "2024-01-19 01:04:10", "elapsed": 3157.919667, "delta": 0.004434}}
{"target": -17.677040561546807, "params": {"gamma": 710.3790968226989, "log10_alpha": -3.832370657052269, "log10_colsample_bytree": -0.9181162359879907, "log10_eta": -3.318925475248829, "log10_lambda": 0.547669620885241, "log10_min_child_weight": 0.29411575368451737, "log10_subsample": -0.4953429849958523, "max_depth": 5.0, "num_boost_round": 17.0}, "datetime": {"datetime": "2024-01-19 01:04:10", "elapsed": 3157.923826, "delta": 0.004159}}
{"target": -17.677016697083822, "params": {"gamma": 710.3790968226989, "log10_alpha": -3.832370657052269, "log10_colsample_bytree": -0.9181162359879907, "log10_eta": -3.318925475248829, "log10_lambda": 0.547669620885241, "log10_min_child_weight": 0.29411575368451737, "log10_subsample": -0.4953429849958523, "max_depth": 5.0, "num_boost_round": 18.0}, "datetime": {"datetime": "2024-01-19 01:04:10", "elapsed": 3157.928215, "delta": 0.004389}}
{"target": -17.676985531669487, "params": {"gamma": 710.3790968226989, "log10_alpha": -3.832370657052269, "log10_colsample_bytree": -0.9181162359879907, "log10_eta": -3.318925475248829, "log10_lambda": 0.547669620885241, "log10_min_child_weight": 0.29411575368451737, "log10_subsample": -0.4953429849958523, "max_depth": 5.0, "num_boost_round": 19.0}, "datetime": {"datetime": "2024-01-19 01:04:10", "elapsed": 3157.932592, "delta": 0.004377}}
{"target": -17.676962448955337, "params": {"gamma": 710.3790968226989, "log10_alpha": -3.832370657052269, "log10_colsample_bytree": -0.9181162359879907, "log10_eta": -3.318925475248829, "log10_lambda": 0.547669620885241, "log10_min_child_weight": 0.29411575368451737, "log10_subsample": -0.4953429849958523, "max_depth": 5.0, "num_boost_round": 20.0}, "datetime": {"datetime": "2024-01-19 01:04:10", "elapsed": 3157.936642, "delta": 0.00405}}
{"target": -17.676930697999424, "params": {"gamma": 710.3790968226989, "log10_alpha": -3.832370657052269, "log10_colsample_bytree": -0.9181162359879907, "log10_eta": -3.318925475248829, "log10_lambda": 0.547669620885241, "log10_min_child_weight": 0.29411575368451737, "log10_subsample": -0.4953429849958523, "max_depth": 5.0, "num_boost_round": 21.0}, "datetime": {"datetime": "2024-01-19 01:04:10", "elapsed": 3157.940597, "delta": 0.003955}}
{"target": -17.676913229898958, "params": {"gamma": 710.3790968226989, "log10_alpha": -3.832370657052269, "log10_colsample_bytree": -0.9181162359879907, "log10_eta": -3.318925475248829, "log10_lambda": 0.547669620885241, "log10_min_child_weight": 0.29411575368451737, "log10_subsample": -0.4953429849958523, "max_depth": 5.0, "num_boost_round": 22.0}, "datetime": {"datetime": "2024-01-19 01:04:10", "elapsed": 3157.944839, "delta": 0.004242}}
{"target": -17.676882660494964, "params": {"gamma": 710.3790968226989, "log10_alpha": -3.832370657052269, "log10_colsample_bytree": -0.9181162359879907, "log10_eta": -3.318925475248829, "log10_lambda": 0.547669620885241, "log10_min_child_weight": 0.29411575368451737, "log10_subsample": -0.4953429849958523, "max_depth": 5.0, "num_boost_round": 23.0}, "datetime": {"datetime": "2024-01-19 01:04:10", "elapsed": 3157.948969, "delta": 0.00413}}
{"target": -17.676883647692776, "params": {"gamma": 710.3790968226989, "log10_alpha": -3.832370657052269, "log10_colsample_bytree": -0.9181162359879907, "log10_eta": -3.318925475248829, "log10_lambda": 0.547669620885241, "log10_min_child_weight": 0.29411575368451737, "log10_subsample": -0.4953429849958523, "max_depth": 5.0, "num_boost_round": 24.0}, "datetime": {"datetime": "2024-01-19 01:04:10", "elapsed": 3157.953136, "delta": 0.004167}}
{"target": -17.6768470917154, "params": {"gamma": 710.3790968226989, "log10_alpha": -3.832370657052269, "log10_colsample_bytree": -0.9181162359879907, "log10_eta": -3.318925475248829, "log10_lambda": 0.547669620885241, "log10_min_child_weight": 0.29411575368451737, "log10_subsample": -0.4953429849958523, "max_depth": 5.0, "num_boost_round": 25.0}, "datetime": {"datetime": "2024-01-19 01:04:10", "elapsed": 3157.957509, "delta": 0.004373}}
{"target": -17.676837736816882, "params": {"gamma": 710.3790968226989, "log10_alpha": -3.832370657052269, "log10_colsample_bytree": -0.9181162359879907, "log10_eta": -3.318925475248829, "log10_lambda": 0.547669620885241, "log10_min_child_weight": 0.29411575368451737, "log10_subsample": -0.4953429849958523, "max_depth": 5.0, "num_boost_round": 26.0}, "datetime": {"datetime": "2024-01-19 01:04:10", "elapsed": 3157.961638, "delta": 0.004129}}
{"target": -17.676817939743263, "params": {"gamma": 710.3790968226989, "log10_alpha": -3.832370657052269, "log10_colsample_bytree": -0.9181162359879907, "log10_eta": -3.318925475248829, "log10_lambda": 0.547669620885241, "log10_min_child_weight": 0.29411575368451737, "log10_subsample": -0.4953429849958523, "max_depth": 5.0, "num_boost_round": 27.0}, "datetime": {"datetime": "2024-01-19 01:04:10", "elapsed": 3157.965804, "delta": 0.004166}}
{"target": -17.676812575541835, "params": {"gamma": 710.3790968226989, "log10_alpha": -3.832370657052269, "log10_colsample_bytree": -0.9181162359879907, "log10_eta": -3.318925475248829, "log10_lambda": 0.547669620885241, "log10_min_child_weight": 0.29411575368451737, "log10_subsample": -0.4953429849958523, "max_depth": 5.0, "num_boost_round": 28.0}, "datetime": {"datetime": "2024-01-19 01:04:10", "elapsed": 3157.970216, "delta": 0.004412}}
{"target": -17.67677587128697, "params": {"gamma": 710.3790968226989, "log10_alpha": -3.832370657052269, "log10_colsample_bytree": -0.9181162359879907, "log10_eta": -3.318925475248829, "log10_lambda": 0.547669620885241, "log10_min_child_weight": 0.29411575368451737, "log10_subsample": -0.4953429849958523, "max_depth": 5.0, "num_boost_round": 29.0}, "datetime": {"datetime": "2024-01-19 01:04:10", "elapsed": 3157.974363, "delta": 0.004147}}
{"target": -17.67676521734218, "params": {"gamma": 710.3790968226989, "log10_alpha": -3.832370657052269, "log10_colsample_bytree": -0.9181162359879907, "log10_eta": -3.318925475248829, "log10_lambda": 0.547669620885241, "log10_min_child_weight": 0.29411575368451737, "log10_subsample": -0.4953429849958523, "max_depth": 5.0, "num_boost_round": 30.0}, "datetime": {"datetime": "2024-01-19 01:04:10", "elapsed": 3157.978974, "delta": 0.004611}}
{"target": -17.676749775308547, "params": {"gamma": 710.3790968226989, "log10_alpha": -3.832370657052269, "log10_colsample_bytree": -0.9181162359879907, "log10_eta": -3.318925475248829, "log10_lambda": 0.547669620885241, "log10_min_child_weight": 0.29411575368451737, "log10_subsample": -0.4953429849958523, "max_depth": 5.0, "num_boost_round": 31.0}, "datetime": {"datetime": "2024-01-19 01:04:10", "elapsed": 3157.984196, "delta": 0.005222}}
{"target": -17.6767162086733, "params": {"gamma": 710.3790968226989, "log10_alpha": -3.832370657052269, "log10_colsample_bytree": -0.9181162359879907, "log10_eta": -3.318925475248829, "log10_lambda": 0.547669620885241, "log10_min_child_weight": 0.29411575368451737, "log10_subsample": -0.4953429849958523, "max_depth": 5.0, "num_boost_round": 32.0}, "datetime": {"datetime": "2024-01-19 01:04:10", "elapsed": 3157.988834, "delta": 0.004638}}
{"target": -17.676699248030737, "params": {"gamma": 710.3790968226989, "log10_alpha": -3.832370657052269, "log10_colsample_bytree": -0.9181162359879907, "log10_eta": -3.318925475248829, "log10_lambda": 0.547669620885241, "log10_min_child_weight": 0.29411575368451737, "log10_subsample": -0.4953429849958523, "max_depth": 5.0, "num_boost_round": 33.0}, "datetime": {"datetime": "2024-01-19 01:04:10", "elapsed": 3157.993571, "delta": 0.004737}}
{"target": -17.67667462623439, "params": {"gamma": 710.3790968226989, "log10_alpha": -3.832370657052269, "log10_colsample_bytree": -0.9181162359879907, "log10_eta": -3.318925475248829, "log10_lambda": 0.547669620885241, "log10_min_child_weight": 0.29411575368451737, "log10_subsample": -0.4953429849958523, "max_depth": 5.0, "num_boost_round": 34.0}, "datetime": {"datetime": "2024-01-19 01:04:10", "elapsed": 3157.998167, "delta": 0.004596}}
{"target": -17.676661896592844, "params": {"gamma": 710.3790968226989, "log10_alpha": -3.832370657052269, "log10_colsample_bytree": -0.9181162359879907, "log10_eta": -3.318925475248829, "log10_lambda": 0.547669620885241, "log10_min_child_weight": 0.29411575368451737, "log10_subsample": -0.4953429849958523, "max_depth": 5.0, "num_boost_round": 35.0}, "datetime": {"datetime": "2024-01-19 01:04:10", "elapsed": 3158.002384, "delta": 0.004217}}
{"target": -17.676646458665225, "params": {"gamma": 710.3790968226989, "log10_alpha": -3.832370657052269, "log10_colsample_bytree": -0.9181162359879907, "log10_eta": -3.318925475248829, "log10_lambda": 0.547669620885241, "log10_min_child_weight": 0.29411575368451737, "log10_subsample": -0.4953429849958523, "max_depth": 5.0, "num_boost_round": 36.0}, "datetime": {"datetime": "2024-01-19 01:04:10", "elapsed": 3158.00663, "delta": 0.004246}}
{"target": -17.676620652222994, "params": {"gamma": 710.3790968226989, "log10_alpha": -3.832370657052269, "log10_colsample_bytree": -0.9181162359879907, "log10_eta": -3.318925475248829, "log10_lambda": 0.547669620885241, "log10_min_child_weight": 0.29411575368451737, "log10_subsample": -0.4953429849958523, "max_depth": 5.0, "num_boost_round": 37.0}, "datetime": {"datetime": "2024-01-19 01:04:10", "elapsed": 3158.01106, "delta": 0.00443}}
