{"target": -17.677178727457026, "params": {"gamma": 169.59765101767266, "log10_alpha": -4.580530948148964, "log10_colsample_bytree": -0.19956086731151434, "log10_eta": -3.1878828348283896, "log10_lambda": -4.8973636137630985, "log10_min_child_weight": 4.900180630681773, "log10_subsample": -0.08046572385611539, "max_depth": 3.0, "num_boost_round": 17.0}, "datetime": {"datetime": "2024-01-19 00:45:38", "elapsed": 2023.315721, "delta": 0.002819}}
{"target": -17.677144681686837, "params": {"gamma": 173.33814465564546, "log10_alpha": -1.0081772664195583, "log10_colsample_bytree": -0.2251765014133681, "log10_eta": -2.5238901927781314, "log10_lambda": -0.8016266779086596, "log10_min_child_weight": 0.5818534269072595, "log10_subsample": -0.8371859173230031, "max_depth": 2.0, "num_boost_round": 0.0}, "datetime": {"datetime": "2024-01-19 00:46:21", "elapsed": 2065.724355, "delta": 42.408634}}
{"target": -17.677063309219157, "params": {"gamma": 173.33814465564546, "log10_alpha": -1.0081772664195583, "log10_colsample_bytree": -0.2251765014133681, "log10_eta": -2.5238901927781314, "log10_lambda": -0.8016266779086596, "log10_min_child_weight": 0.5818534269072595, "log10_subsample": -0.8371859173230031, "max_depth": 2.0, "num_boost_round": 1.0}, "datetime": {"datetime": "2024-01-19 00:46:21", "elapsed": 2065.728168, "delta": 0.003813}}
{"target": -17.676958785834813, "params": {"gamma": 173.33814465564546, "log10_alpha": -1.0081772664195583, "log10_colsample_bytree": -0.2251765014133681, "log10_eta": -2.5238901927781314, "log10_lambda": -0.8016266779086596, "log10_min_child_weight": 0.5818534269072595, "log10_subsample": -0.8371859173230031, "max_depth": 2.0, "num_boost_round": 2.0}, "datetime": {"datetime": "2024-01-19 00:46:21", "elapsed": 2065.731121, "delta": 0.002953}}
{"target": -17.67693029375832, "params": {"gamma": 173.33814465564546, "log10_alpha": -1.0081772664195583, "log10_colsample_bytree": -0.2251765014133681, "log10_eta": -2.5238901927781314, "log10_lambda": -0.8016266779086596, "log10_min_child_weight": 0.5818534269072595, "log10_subsample": -0.8371859173230031, "max_depth": 2.0, "num_boost_round": 3.0}, "datetime": {"datetime": "2024-01-19 00:46:21", "elapsed": 2065.734066, "delta": 0.002945}}
{"target": -17.676860653535805, "params": {"gamma": 173.33814465564546, "log10_alpha": -1.0081772664195583, "log10_colsample_bytree": -0.2251765014133681, "log10_eta": -2.5238901927781314, "log10_lambda": -0.8016266779086596, "log10_min_child_weight": 0.5818534269072595, "log10_subsample": -0.8371859173230031, "max_depth": 2.0, "num_boost_round": 4.0}, "datetime": {"datetime": "2024-01-19 00:46:21", "elapsed": 2065.736894, "delta": 0.002828}}
{"target": -17.6768042929144, "params": {"gamma": 173.33814465564546, "log10_alpha": -1.0081772664195583, "log10_colsample_bytree": -0.2251765014133681, "log10_eta": -2.5238901927781314, "log10_lambda": -0.8016266779086596, "log10_min_child_weight": 0.5818534269072595, "log10_subsample": -0.8371859173230031, "max_depth": 2.0, "num_boost_round": 5.0}, "datetime": {"datetime": "2024-01-19 00:46:21", "elapsed": 2065.739866, "delta": 0.002972}}
{"target": -17.676732814398914, "params": {"gamma": 173.33814465564546, "log10_alpha": -1.0081772664195583, "log10_colsample_bytree": -0.2251765014133681, "log10_eta": -2.5238901927781314, "log10_lambda": -0.8016266779086596, "log10_min_child_weight": 0.5818534269072595, "log10_subsample": -0.8371859173230031, "max_depth": 2.0, "num_boost_round": 6.0}, "datetime": {"datetime": "2024-01-19 00:46:21", "elapsed": 2065.742865, "delta": 0.002999}}
{"target": -17.67665782046256, "params": {"gamma": 173.33814465564546, "log10_alpha": -1.0081772664195583, "log10_colsample_bytree": -0.2251765014133681, "log10_eta": -2.5238901927781314, "log10_lambda": -0.8016266779086596, "log10_min_child_weight": 0.5818534269072595, "log10_subsample": -0.8371859173230031, "max_depth": 2.0, "num_boost_round": 7.0}, "datetime": {"datetime": "2024-01-19 00:46:21", "elapsed": 2065.745794, "delta": 0.002929}}
{"target": -17.6765724294377, "params": {"gamma": 173.33814465564546, "log10_alpha": -1.0081772664195583, "log10_colsample_bytree": -0.2251765014133681, "log10_eta": -2.5238901927781314, "log10_lambda": -0.8016266779086596, "log10_min_child_weight": 0.5818534269072595, "log10_subsample": -0.8371859173230031, "max_depth": 2.0, "num_boost_round": 8.0}, "datetime": {"datetime": "2024-01-19 00:46:21", "elapsed": 2065.748607, "delta": 0.002813}}
{"target": -17.676513529370936, "params": {"gamma": 173.33814465564546, "log10_alpha": -1.0081772664195583, "log10_colsample_bytree": -0.2251765014133681, "log10_eta": -2.5238901927781314, "log10_lambda": -0.8016266779086596, "log10_min_child_weight": 0.5818534269072595, "log10_subsample": -0.8371859173230031, "max_depth": 2.0, "num_boost_round": 9.0}, "datetime": {"datetime": "2024-01-19 00:46:21", "elapsed": 2065.751629, "delta": 0.003022}}
{"target": -17.676478565061117, "params": {"gamma": 173.33814465564546, "log10_alpha": -1.0081772664195583, "log10_colsample_bytree": -0.2251765014133681, "log10_eta": -2.5238901927781314, "log10_lambda": -0.8016266779086596, "log10_min_child_weight": 0.5818534269072595, "log10_subsample": -0.8371859173230031, "max_depth": 2.0, "num_boost_round": 10.0}, "datetime": {"datetime": "2024-01-19 00:46:21", "elapsed": 2065.754492, "delta": 0.002863}}
{"target": -17.67646857299171, "params": {"gamma": 173.33814465564546, "log10_alpha": -1.0081772664195583, "log10_colsample_bytree": -0.2251765014133681, "log10_eta": -2.5238901927781314, "log10_lambda": -0.8016266779086596, "log10_min_child_weight": 0.5818534269072595, "log10_subsample": -0.8371859173230031, "max_depth": 2.0, "num_boost_round": 11.0}, "datetime": {"datetime": "2024-01-19 00:46:21", "elapsed": 2065.757311, "delta": 0.002819}}
{"target": -17.676398794940962, "params": {"gamma": 173.33814465564546, "log10_alpha": -1.0081772664195583, "log10_colsample_bytree": -0.2251765014133681, "log10_eta": -2.5238901927781314, "log10_lambda": -0.8016266779086596, "log10_min_child_weight": 0.5818534269072595, "log10_subsample": -0.8371859173230031, "max_depth": 2.0, "num_boost_round": 12.0}, "datetime": {"datetime": "2024-01-19 00:46:21", "elapsed": 2065.760167, "delta": 0.002856}}
{"target": -17.67633109709994, "params": {"gamma": 173.33814465564546, "log10_alpha": -1.0081772664195583, "log10_colsample_bytree": -0.2251765014133681, "log10_eta": -2.5238901927781314, "log10_lambda": -0.8016266779086596, "log10_min_child_weight": 0.5818534269072595, "log10_subsample": -0.8371859173230031, "max_depth": 2.0, "num_boost_round": 13.0}, "datetime": {"datetime": "2024-01-19 00:46:21", "elapsed": 2065.763041, "delta": 0.002874}}
{"target": -17.67628691281674, "params": {"gamma": 173.33814465564546, "log10_alpha": -1.0081772664195583, "log10_colsample_bytree": -0.2251765014133681, "log10_eta": -2.5238901927781314, "log10_lambda": -0.8016266779086596, "log10_min_child_weight": 0.5818534269072595, "log10_subsample": -0.8371859173230031, "max_depth": 2.0, "num_boost_round": 14.0}, "datetime": {"datetime": "2024-01-19 00:46:21", "elapsed": 2065.765868, "delta": 0.002827}}
{"target": -17.676248223131683, "params": {"gamma": 173.33814465564546, "log10_alpha": -1.0081772664195583, "log10_colsample_bytree": -0.2251765014133681, "log10_eta": -2.5238901927781314, "log10_lambda": -0.8016266779086596, "log10_min_child_weight": 0.5818534269072595, "log10_subsample": -0.8371859173230031, "max_depth": 2.0, "num_boost_round": 15.0}, "datetime": {"datetime": "2024-01-19 00:46:21", "elapsed": 2065.768695, "delta": 0.002827}}
{"target": -17.676185861088218, "params": {"gamma": 173.33814465564546, "log10_alpha": -1.0081772664195583, "log10_colsample_bytree": -0.2251765014133681, "log10_eta": -2.5238901927781314, "log10_lambda": -0.8016266779086596, "log10_min_child_weight": 0.5818534269072595, "log10_subsample": -0.8371859173230031, "max_depth": 2.0, "num_boost_round": 16.0}, "datetime": {"datetime": "2024-01-19 00:46:21", "elapsed": 2065.771547, "delta": 0.002852}}
{"target": -17.67611022595489, "params": {"gamma": 173.33814465564546, "log10_alpha": -1.0081772664195583, "log10_colsample_bytree": -0.2251765014133681, "log10_eta": -2.5238901927781314, "log10_lambda": -0.8016266779086596, "log10_min_child_weight": 0.5818534269072595, "log10_subsample": -0.8371859173230031, "max_depth": 2.0, "num_boost_round": 17.0}, "datetime": {"datetime": "2024-01-19 00:46:21", "elapsed": 2065.774397, "delta": 0.00285}}
{"target": -17.6760926740279, "params": {"gamma": 173.33814465564546, "log10_alpha": -1.0081772664195583, "log10_colsample_bytree": -0.2251765014133681, "log10_eta": -2.5238901927781314, "log10_lambda": -0.8016266779086596, "log10_min_child_weight": 0.5818534269072595, "log10_subsample": -0.8371859173230031, "max_depth": 2.0, "num_boost_round": 18.0}, "datetime": {"datetime": "2024-01-19 00:46:21", "elapsed": 2065.77722, "delta": 0.002823}}
{"target": -17.676056088456484, "params": {"gamma": 173.33814465564546, "log10_alpha": -1.0081772664195583, "log10_colsample_bytree": -0.2251765014133681, "log10_eta": -2.5238901927781314, "log10_lambda": -0.8016266779086596, "log10_min_child_weight": 0.5818534269072595, "log10_subsample": -0.8371859173230031, "max_depth": 2.0, "num_boost_round": 19.0}, "datetime": {"datetime": "2024-01-19 00:46:21", "elapsed": 2065.780025, "delta": 0.002805}}
{"target": -17.6759937411891, "params": {"gamma": 173.33814465564546, "log10_alpha": -1.0081772664195583, "log10_colsample_bytree": -0.2251765014133681, "log10_eta": -2.5238901927781314, "log10_lambda": -0.8016266779086596, "log10_min_child_weight": 0.5818534269072595, "log10_subsample": -0.8371859173230031, "max_depth": 2.0, "num_boost_round": 20.0}, "datetime": {"datetime": "2024-01-19 00:46:21", "elapsed": 2065.782884, "delta": 0.002859}}
{"target": -17.675915142227623, "params": {"gamma": 173.33814465564546, "log10_alpha": -1.0081772664195583, "log10_colsample_bytree": -0.2251765014133681, "log10_eta": -2.5238901927781314, "log10_lambda": -0.8016266779086596, "log10_min_child_weight": 0.5818534269072595, "log10_subsample": -0.8371859173230031, "max_depth": 2.0, "num_boost_round": 21.0}, "datetime": {"datetime": "2024-01-19 00:46:21", "elapsed": 2065.785748, "delta": 0.002864}}
{"target": -17.67586138475168, "params": {"gamma": 173.33814465564546, "log10_alpha": -1.0081772664195583, "log10_colsample_bytree": -0.2251765014133681, "log10_eta": -2.5238901927781314, "log10_lambda": -0.8016266779086596, "log10_min_child_weight": 0.5818534269072595, "log10_subsample": -0.8371859173230031, "max_depth": 2.0, "num_boost_round": 22.0}, "datetime": {"datetime": "2024-01-19 00:46:21", "elapsed": 2065.788586, "delta": 0.002838}}
{"target": -17.675740784303766, "params": {"gamma": 173.33814465564546, "log10_alpha": -1.0081772664195583, "log10_colsample_bytree": -0.2251765014133681, "log10_eta": -2.5238901927781314, "log10_lambda": -0.8016266779086596, "log10_min_child_weight": 0.5818534269072595, "log10_subsample": -0.8371859173230031, "max_depth": 2.0, "num_boost_round": 23.0}, "datetime": {"datetime": "2024-01-19 00:46:21", "elapsed": 2065.791438, "delta": 0.002852}}
{"target": -17.675696900341496, "params": {"gamma": 173.33814465564546, "log10_alpha": -1.0081772664195583, "log10_colsample_bytree": -0.2251765014133681, "log10_eta": -2.5238901927781314, "log10_lambda": -0.8016266779086596, "log10_min_child_weight": 0.5818534269072595, "log10_subsample": -0.8371859173230031, "max_depth": 2.0, "num_boost_round": 24.0}, "datetime": {"datetime": "2024-01-19 00:46:21", "elapsed": 2065.794266, "delta": 0.002828}}
{"target": -17.675642383745117, "params": {"gamma": 173.33814465564546, "log10_alpha": -1.0081772664195583, "log10_colsample_bytree": -0.2251765014133681, "log10_eta": -2.5238901927781314, "log10_lambda": -0.8016266779086596, "log10_min_child_weight": 0.5818534269072595, "log10_subsample": -0.8371859173230031, "max_depth": 2.0, "num_boost_round": 25.0}, "datetime": {"datetime": "2024-01-19 00:46:21", "elapsed": 2065.797112, "delta": 0.002846}}
{"target": -17.675592347363278, "params": {"gamma": 173.33814465564546, "log10_alpha": -1.0081772664195583, "log10_colsample_bytree": -0.2251765014133681, "log10_eta": -2.5238901927781314, "log10_lambda": -0.8016266779086596, "log10_min_child_weight": 0.5818534269072595, "log10_subsample": -0.8371859173230031, "max_depth": 2.0, "num_boost_round": 26.0}, "datetime": {"datetime": "2024-01-19 00:46:21", "elapsed": 2065.799986, "delta": 0.002874}}
{"target": -17.675535147418568, "params": {"gamma": 173.33814465564546, "log10_alpha": -1.0081772664195583, "log10_colsample_bytree": -0.2251765014133681, "log10_eta": -2.5238901927781314, "log10_lambda": -0.8016266779086596, "log10_min_child_weight": 0.5818534269072595, "log10_subsample": -0.8371859173230031, "max_depth": 2.0, "num_boost_round": 27.0}, "datetime": {"datetime": "2024-01-19 00:46:21", "elapsed": 2065.80279, "delta": 0.002804}}
{"target": -17.67550502921452, "params": {"gamma": 173.33814465564546, "log10_alpha": -1.0081772664195583, "log10_colsample_bytree": -0.2251765014133681, "log10_eta": -2.5238901927781314, "log10_lambda": -0.8016266779086596, "log10_min_child_weight": 0.5818534269072595, "log10_subsample": -0.8371859173230031, "max_depth": 2.0, "num_boost_round": 28.0}, "datetime": {"datetime": "2024-01-19 00:46:21", "elapsed": 2065.805607, "delta": 0.002817}}
{"target": -17.675437610698932, "params": {"gamma": 173.33814465564546, "log10_alpha": -1.0081772664195583, "log10_colsample_bytree": -0.2251765014133681, "log10_eta": -2.5238901927781314, "log10_lambda": -0.8016266779086596, "log10_min_child_weight": 0.5818534269072595, "log10_subsample": -0.8371859173230031, "max_depth": 2.0, "num_boost_round": 29.0}, "datetime": {"datetime": "2024-01-19 00:46:21", "elapsed": 2065.808459, "delta": 0.002852}}
{"target": -17.675375154498955, "params": {"gamma": 173.33814465564546, "log10_alpha": -1.0081772664195583, "log10_colsample_bytree": -0.2251765014133681, "log10_eta": -2.5238901927781314, "log10_lambda": -0.8016266779086596, "log10_min_child_weight": 0.5818534269072595, "log10_subsample": -0.8371859173230031, "max_depth": 2.0, "num_boost_round": 30.0}, "datetime": {"datetime": "2024-01-19 00:46:21", "elapsed": 2065.812452, "delta": 0.003993}}
{"target": -17.675321625316887, "params": {"gamma": 173.33814465564546, "log10_alpha": -1.0081772664195583, "log10_colsample_bytree": -0.2251765014133681, "log10_eta": -2.5238901927781314, "log10_lambda": -0.8016266779086596, "log10_min_child_weight": 0.5818534269072595, "log10_subsample": -0.8371859173230031, "max_depth": 2.0, "num_boost_round": 31.0}, "datetime": {"datetime": "2024-01-19 00:46:21", "elapsed": 2065.815485, "delta": 0.003033}}
{"target": -17.67529023988187, "params": {"gamma": 173.33814465564546, "log10_alpha": -1.0081772664195583, "log10_colsample_bytree": -0.2251765014133681, "log10_eta": -2.5238901927781314, "log10_lambda": -0.8016266779086596, "log10_min_child_weight": 0.5818534269072595, "log10_subsample": -0.8371859173230031, "max_depth": 2.0, "num_boost_round": 32.0}, "datetime": {"datetime": "2024-01-19 00:46:21", "elapsed": 2065.818502, "delta": 0.003017}}
{"target": -17.67527917343024, "params": {"gamma": 173.33814465564546, "log10_alpha": -1.0081772664195583, "log10_colsample_bytree": -0.2251765014133681, "log10_eta": -2.5238901927781314, "log10_lambda": -0.8016266779086596, "log10_min_child_weight": 0.5818534269072595, "log10_subsample": -0.8371859173230031, "max_depth": 2.0, "num_boost_round": 33.0}, "datetime": {"datetime": "2024-01-19 00:46:21", "elapsed": 2065.821366, "delta": 0.002864}}
{"target": -17.675225740249072, "params": {"gamma": 173.33814465564546, "log10_alpha": -1.0081772664195583, "log10_colsample_bytree": -0.2251765014133681, "log10_eta": -2.5238901927781314, "log10_lambda": -0.8016266779086596, "log10_min_child_weight": 0.5818534269072595, "log10_subsample": -0.8371859173230031, "max_depth": 2.0, "num_boost_round": 34.0}, "datetime": {"datetime": "2024-01-19 00:46:21", "elapsed": 2065.824284, "delta": 0.002918}}
{"target": -17.675184038033343, "params": {"gamma": 173.33814465564546, "log10_alpha": -1.0081772664195583, "log10_colsample_bytree": -0.2251765014133681, "log10_eta": -2.5238901927781314, "log10_lambda": -0.8016266779086596, "log10_min_child_weight": 0.5818534269072595, "log10_subsample": -0.8371859173230031, "max_depth": 2.0, "num_boost_round": 35.0}, "datetime": {"datetime": "2024-01-19 00:46:21", "elapsed": 2065.827115, "delta": 0.002831}}
{"target": -17.675117340374058, "params": {"gamma": 173.33814465564546, "log10_alpha": -1.0081772664195583, "log10_colsample_bytree": -0.2251765014133681, "log10_eta": -2.5238901927781314, "log10_lambda": -0.8016266779086596, "log10_min_child_weight": 0.5818534269072595, "log10_subsample": -0.8371859173230031, "max_depth": 2.0, "num_boost_round": 36.0}, "datetime": {"datetime": "2024-01-19 00:46:21", "elapsed": 2065.82993, "delta": 0.002815}}
{"target": -17.67721223620519, "params": {"gamma": 154.06963458359846, "log10_alpha": 0.6403916896214712, "log10_colsample_bytree": -0.6143458628336751, "log10_eta": -3.1478193396348964, "log10_lambda": -4.661336556062902, "log10_min_child_weight": 4.035612292121501, "log10_subsample": -0.3340408160801258, "max_depth": 5.0, "num_boost_round": 0.0}, "datetime": {"datetime": "2024-01-19 00:46:59", "elapsed": 2104.184945, "delta": 38.355015}}
{"target": -17.677225254465597, "params": {"gamma": 154.06963458359846, "log10_alpha": 0.6403916896214712, "log10_colsample_bytree": -0.6143458628336751, "log10_eta": -3.1478193396348964, "log10_lambda": -4.661336556062902, "log10_min_child_weight": 4.035612292121501, "log10_subsample": -0.3340408160801258, "max_depth": 5.0, "num_boost_round": 1.0}, "datetime": {"datetime": "2024-01-19 00:46:59", "elapsed": 2104.308176, "delta": 0.123231}}
{"target": -17.677216314224527, "params": {"gamma": 154.06963458359846, "log10_alpha": 0.6403916896214712, "log10_colsample_bytree": -0.6143458628336751, "log10_eta": -3.1478193396348964, "log10_lambda": -4.661336556062902, "log10_min_child_weight": 4.035612292121501, "log10_subsample": -0.3340408160801258, "max_depth": 5.0, "num_boost_round": 2.0}, "datetime": {"datetime": "2024-01-19 00:46:59", "elapsed": 2104.312768, "delta": 0.004592}}
{"target": -17.677211136132286, "params": {"gamma": 154.06963458359846, "log10_alpha": 0.6403916896214712, "log10_colsample_bytree": -0.6143458628336751, "log10_eta": -3.1478193396348964, "log10_lambda": -4.661336556062902, "log10_min_child_weight": 4.035612292121501, "log10_subsample": -0.3340408160801258, "max_depth": 5.0, "num_boost_round": 3.0}, "datetime": {"datetime": "2024-01-19 00:46:59", "elapsed": 2104.317942, "delta": 0.005174}}
{"target": -17.67718948476043, "params": {"gamma": 154.06963458359846, "log10_alpha": 0.6403916896214712, "log10_colsample_bytree": -0.6143458628336751, "log10_eta": -3.1478193396348964, "log10_lambda": -4.661336556062902, "log10_min_child_weight": 4.035612292121501, "log10_subsample": -0.3340408160801258, "max_depth": 5.0, "num_boost_round": 4.0}, "datetime": {"datetime": "2024-01-19 00:46:59", "elapsed": 2104.321662, "delta": 0.00372}}
{"target": -17.67718579863167, "params": {"gamma": 154.06963458359846, "log10_alpha": 0.6403916896214712, "log10_colsample_bytree": -0.6143458628336751, "log10_eta": -3.1478193396348964, "log10_lambda": -4.661336556062902, "log10_min_child_weight": 4.035612292121501, "log10_subsample": -0.3340408160801258, "max_depth": 5.0, "num_boost_round": 5.0}, "datetime": {"datetime": "2024-01-19 00:46:59", "elapsed": 2104.325214, "delta": 0.003552}}
{"target": -17.677203136636948, "params": {"gamma": 154.06963458359846, "log10_alpha": 0.6403916896214712, "log10_colsample_bytree": -0.6143458628336751, "log10_eta": -3.1478193396348964, "log10_lambda": -4.661336556062902, "log10_min_child_weight": 4.035612292121501, "log10_subsample": -0.3340408160801258, "max_depth": 5.0, "num_boost_round": 6.0}, "datetime": {"datetime": "2024-01-19 00:46:59", "elapsed": 2104.328686, "delta": 0.003472}}
{"target": -17.677188079553233, "params": {"gamma": 154.06963458359846, "log10_alpha": 0.6403916896214712, "log10_colsample_bytree": -0.6143458628336751, "log10_eta": -3.1478193396348964, "log10_lambda": -4.661336556062902, "log10_min_child_weight": 4.035612292121501, "log10_subsample": -0.3340408160801258, "max_depth": 5.0, "num_boost_round": 7.0}, "datetime": {"datetime": "2024-01-19 00:46:59", "elapsed": 2104.332007, "delta": 0.003321}}
{"target": -17.677175659489865, "params": {"gamma": 154.06963458359846, "log10_alpha": 0.6403916896214712, "log10_colsample_bytree": -0.6143458628336751, "log10_eta": -3.1478193396348964, "log10_lambda": -4.661336556062902, "log10_min_child_weight": 4.035612292121501, "log10_subsample": -0.3340408160801258, "max_depth": 5.0, "num_boost_round": 8.0}, "datetime": {"datetime": "2024-01-19 00:46:59", "elapsed": 2104.335417, "delta": 0.00341}}
{"target": -17.6771733547571, "params": {"gamma": 154.06963458359846, "log10_alpha": 0.6403916896214712, "log10_colsample_bytree": -0.6143458628336751, "log10_eta": -3.1478193396348964, "log10_lambda": -4.661336556062902, "log10_min_child_weight": 4.035612292121501, "log10_subsample": -0.3340408160801258, "max_depth": 5.0, "num_boost_round": 9.0}, "datetime": {"datetime": "2024-01-19 00:46:59", "elapsed": 2104.338731, "delta": 0.003314}}
{"target": -17.6771644078014, "params": {"gamma": 154.06963458359846, "log10_alpha": 0.6403916896214712, "log10_colsample_bytree": -0.6143458628336751, "log10_eta": -3.1478193396348964, "log10_lambda": -4.661336556062902, "log10_min_child_weight": 4.035612292121501, "log10_subsample": -0.3340408160801258, "max_depth": 5.0, "num_boost_round": 10.0}, "datetime": {"datetime": "2024-01-19 00:46:59", "elapsed": 2104.34217, "delta": 0.003439}}
