{"target": -17.67298819016363, "params": {"gamma": 995.6214835218674, "log10_alpha": -2.3076651876928524, "log10_colsample_bytree": -0.42314414887797047, "log10_eta": -0.9953427748857036, "log10_lambda": 0.9069975033104676, "log10_min_child_weight": 3.1868587021311887, "log10_subsample": -0.4599113477929837, "max_depth": 6.0, "num_boost_round": 0.0}, "datetime": {"datetime": "2024-01-19 02:02:32", "elapsed": 6646.587338, "delta": 67.317982}}
{"target": -17.673356217729847, "params": {"gamma": 995.6214835218674, "log10_alpha": -2.3076651876928524, "log10_colsample_bytree": -0.42314414887797047, "log10_eta": -0.9953427748857036, "log10_lambda": 0.9069975033104676, "log10_min_child_weight": 3.1868587021311887, "log10_subsample": -0.4599113477929837, "max_depth": 6.0, "num_boost_round": 1.0}, "datetime": {"datetime": "2024-01-19 02:02:32", "elapsed": 6646.595219, "delta": 0.007881}}
{"target": -17.67222249210306, "params": {"gamma": 995.6214835218674, "log10_alpha": -2.3076651876928524, "log10_colsample_bytree": -0.42314414887797047, "log10_eta": -0.9953427748857036, "log10_lambda": 0.9069975033104676, "log10_min_child_weight": 3.1868587021311887, "log10_subsample": -0.4599113477929837, "max_depth": 6.0, "num_boost_round": 2.0}, "datetime": {"datetime": "2024-01-19 02:02:32", "elapsed": 6646.601798, "delta": 0.006579}}
{"target": -17.676132887777506, "params": {"gamma": 995.6214835218674, "log10_alpha": -2.3076651876928524, "log10_colsample_bytree": -0.42314414887797047, "log10_eta": -0.9953427748857036, "log10_lambda": 0.9069975033104676, "log10_min_child_weight": 3.1868587021311887, "log10_subsample": -0.4599113477929837, "max_depth": 6.0, "num_boost_round": 3.0}, "datetime": {"datetime": "2024-01-19 02:02:32", "elapsed": 6646.608422, "delta": 0.006624}}
{"target": -17.679125517801346, "params": {"gamma": 995.6214835218674, "log10_alpha": -2.3076651876928524, "log10_colsample_bytree": -0.42314414887797047, "log10_eta": -0.9953427748857036, "log10_lambda": 0.9069975033104676, "log10_min_child_weight": 3.1868587021311887, "log10_subsample": -0.4599113477929837, "max_depth": 6.0, "num_boost_round": 4.0}, "datetime": {"datetime": "2024-01-19 02:02:32", "elapsed": 6646.615154, "delta": 0.006732}}
{"target": -17.68569529173754, "params": {"gamma": 995.6214835218674, "log10_alpha": -2.3076651876928524, "log10_colsample_bytree": -0.42314414887797047, "log10_eta": -0.9953427748857036, "log10_lambda": 0.9069975033104676, "log10_min_child_weight": 3.1868587021311887, "log10_subsample": -0.4599113477929837, "max_depth": 6.0, "num_boost_round": 5.0}, "datetime": {"datetime": "2024-01-19 02:02:32", "elapsed": 6646.621828, "delta": 0.006674}}
{"target": -17.692090072931876, "params": {"gamma": 995.6214835218674, "log10_alpha": -2.3076651876928524, "log10_colsample_bytree": -0.42314414887797047, "log10_eta": -0.9953427748857036, "log10_lambda": 0.9069975033104676, "log10_min_child_weight": 3.1868587021311887, "log10_subsample": -0.4599113477929837, "max_depth": 6.0, "num_boost_round": 6.0}, "datetime": {"datetime": "2024-01-19 02:02:32", "elapsed": 6646.629336, "delta": 0.007508}}
{"target": -17.694502116420768, "params": {"gamma": 995.6214835218674, "log10_alpha": -2.3076651876928524, "log10_colsample_bytree": -0.42314414887797047, "log10_eta": -0.9953427748857036, "log10_lambda": 0.9069975033104676, "log10_min_child_weight": 3.1868587021311887, "log10_subsample": -0.4599113477929837, "max_depth": 6.0, "num_boost_round": 7.0}, "datetime": {"datetime": "2024-01-19 02:02:32", "elapsed": 6646.636228, "delta": 0.006892}}
{"target": -17.6935454397244, "params": {"gamma": 995.6214835218674, "log10_alpha": -2.3076651876928524, "log10_colsample_bytree": -0.42314414887797047, "log10_eta": -0.9953427748857036, "log10_lambda": 0.9069975033104676, "log10_min_child_weight": 3.1868587021311887, "log10_subsample": -0.4599113477929837, "max_depth": 6.0, "num_boost_round": 8.0}, "datetime": {"datetime": "2024-01-19 02:02:32", "elapsed": 6646.642921, "delta": 0.006693}}
{"target": -17.697628064256687, "params": {"gamma": 995.6214835218674, "log10_alpha": -2.3076651876928524, "log10_colsample_bytree": -0.42314414887797047, "log10_eta": -0.9953427748857036, "log10_lambda": 0.9069975033104676, "log10_min_child_weight": 3.1868587021311887, "log10_subsample": -0.4599113477929837, "max_depth": 6.0, "num_boost_round": 9.0}, "datetime": {"datetime": "2024-01-19 02:02:32", "elapsed": 6646.649336, "delta": 0.006415}}
{"target": -17.703835992601203, "params": {"gamma": 995.6214835218674, "log10_alpha": -2.3076651876928524, "log10_colsample_bytree": -0.42314414887797047, "log10_eta": -0.9953427748857036, "log10_lambda": 0.9069975033104676, "log10_min_child_weight": 3.1868587021311887, "log10_subsample": -0.4599113477929837, "max_depth": 6.0, "num_boost_round": 10.0}, "datetime": {"datetime": "2024-01-19 02:02:32", "elapsed": 6646.655436, "delta": 0.0061}}
{"target": -17.704020203500498, "params": {"gamma": 995.6214835218674, "log10_alpha": -2.3076651876928524, "log10_colsample_bytree": -0.42314414887797047, "log10_eta": -0.9953427748857036, "log10_lambda": 0.9069975033104676, "log10_min_child_weight": 3.1868587021311887, "log10_subsample": -0.4599113477929837, "max_depth": 6.0, "num_boost_round": 11.0}, "datetime": {"datetime": "2024-01-19 02:02:32", "elapsed": 6646.661438, "delta": 0.006002}}
{"target": -17.71003954346177, "params": {"gamma": 995.6214835218674, "log10_alpha": -2.3076651876928524, "log10_colsample_bytree": -0.42314414887797047, "log10_eta": -0.9953427748857036, "log10_lambda": 0.9069975033104676, "log10_min_child_weight": 3.1868587021311887, "log10_subsample": -0.4599113477929837, "max_depth": 6.0, "num_boost_round": 12.0}, "datetime": {"datetime": "2024-01-19 02:02:32", "elapsed": 6646.667312, "delta": 0.005874}}
{"target": -17.709189281866863, "params": {"gamma": 995.6214835218674, "log10_alpha": -2.3076651876928524, "log10_colsample_bytree": -0.42314414887797047, "log10_eta": -0.9953427748857036, "log10_lambda": 0.9069975033104676, "log10_min_child_weight": 3.1868587021311887, "log10_subsample": -0.4599113477929837, "max_depth": 6.0, "num_boost_round": 13.0}, "datetime": {"datetime": "2024-01-19 02:02:32", "elapsed": 6646.673348, "delta": 0.006036}}
{"target": -17.715362741315634, "params": {"gamma": 995.6214835218674, "log10_alpha": -2.3076651876928524, "log10_colsample_bytree": -0.42314414887797047, "log10_eta": -0.9953427748857036, "log10_lambda": 0.9069975033104676, "log10_min_child_weight": 3.1868587021311887, "log10_subsample": -0.4599113477929837, "max_depth": 6.0, "num_boost_round": 14.0}, "datetime": {"datetime": "2024-01-19 02:02:32", "elapsed": 6646.679269, "delta": 0.005921}}
{"target": -17.722339123605746, "params": {"gamma": 995.6214835218674, "log10_alpha": -2.3076651876928524, "log10_colsample_bytree": -0.42314414887797047, "log10_eta": -0.9953427748857036, "log10_lambda": 0.9069975033104676, "log10_min_child_weight": 3.1868587021311887, "log10_subsample": -0.4599113477929837, "max_depth": 6.0, "num_boost_round": 15.0}, "datetime": {"datetime": "2024-01-19 02:02:32", "elapsed": 6646.68519, "delta": 0.005921}}
{"target": -17.723603962791028, "params": {"gamma": 995.6214835218674, "log10_alpha": -2.3076651876928524, "log10_colsample_bytree": -0.42314414887797047, "log10_eta": -0.9953427748857036, "log10_lambda": 0.9069975033104676, "log10_min_child_weight": 3.1868587021311887, "log10_subsample": -0.4599113477929837, "max_depth": 6.0, "num_boost_round": 16.0}, "datetime": {"datetime": "2024-01-19 02:02:32", "elapsed": 6646.691219, "delta": 0.006029}}
{"target": -17.740918878452636, "params": {"gamma": 995.6214835218674, "log10_alpha": -2.3076651876928524, "log10_colsample_bytree": -0.42314414887797047, "log10_eta": -0.9953427748857036, "log10_lambda": 0.9069975033104676, "log10_min_child_weight": 3.1868587021311887, "log10_subsample": -0.4599113477929837, "max_depth": 6.0, "num_boost_round": 17.0}, "datetime": {"datetime": "2024-01-19 02:02:32", "elapsed": 6646.697191, "delta": 0.005972}}
{"target": -17.741131128862232, "params": {"gamma": 995.6214835218674, "log10_alpha": -2.3076651876928524, "log10_colsample_bytree": -0.42314414887797047, "log10_eta": -0.9953427748857036, "log10_lambda": 0.9069975033104676, "log10_min_child_weight": 3.1868587021311887, "log10_subsample": -0.4599113477929837, "max_depth": 6.0, "num_boost_round": 18.0}, "datetime": {"datetime": "2024-01-19 02:02:32", "elapsed": 6646.703124, "delta": 0.005933}}
{"target": -17.744617608923104, "params": {"gamma": 995.6214835218674, "log10_alpha": -2.3076651876928524, "log10_colsample_bytree": -0.42314414887797047, "log10_eta": -0.9953427748857036, "log10_lambda": 0.9069975033104676, "log10_min_child_weight": 3.1868587021311887, "log10_subsample": -0.4599113477929837, "max_depth": 6.0, "num_boost_round": 19.0}, "datetime": {"datetime": "2024-01-19 02:02:32", "elapsed": 6646.709078, "delta": 0.005954}}
{"target": -17.747127883093835, "params": {"gamma": 995.6214835218674, "log10_alpha": -2.3076651876928524, "log10_colsample_bytree": -0.42314414887797047, "log10_eta": -0.9953427748857036, "log10_lambda": 0.9069975033104676, "log10_min_child_weight": 3.1868587021311887, "log10_subsample": -0.4599113477929837, "max_depth": 6.0, "num_boost_round": 20.0}, "datetime": {"datetime": "2024-01-19 02:02:32", "elapsed": 6646.714984, "delta": 0.005906}}
{"target": -17.749213771241628, "params": {"gamma": 995.6214835218674, "log10_alpha": -2.3076651876928524, "log10_colsample_bytree": -0.42314414887797047, "log10_eta": -0.9953427748857036, "log10_lambda": 0.9069975033104676, "log10_min_child_weight": 3.1868587021311887, "log10_subsample": -0.4599113477929837, "max_depth": 6.0, "num_boost_round": 21.0}, "datetime": {"datetime": "2024-01-19 02:02:32", "elapsed": 6646.72088, "delta": 0.005896}}
{"target": -17.754089563459857, "params": {"gamma": 995.6214835218674, "log10_alpha": -2.3076651876928524, "log10_colsample_bytree": -0.42314414887797047, "log10_eta": -0.9953427748857036, "log10_lambda": 0.9069975033104676, "log10_min_child_weight": 3.1868587021311887, "log10_subsample": -0.4599113477929837, "max_depth": 6.0, "num_boost_round": 22.0}, "datetime": {"datetime": "2024-01-19 02:02:32", "elapsed": 6646.726737, "delta": 0.005857}}
{"target": -17.766035991521235, "params": {"gamma": 995.6214835218674, "log10_alpha": -2.3076651876928524, "log10_colsample_bytree": -0.42314414887797047, "log10_eta": -0.9953427748857036, "log10_lambda": 0.9069975033104676, "log10_min_child_weight": 3.1868587021311887, "log10_subsample": -0.4599113477929837, "max_depth": 6.0, "num_boost_round": 23.0}, "datetime": {"datetime": "2024-01-19 02:02:32", "elapsed": 6646.732663, "delta": 0.005926}}
{"target": -17.76709197845286, "params": {"gamma": 995.6214835218674, "log10_alpha": -2.3076651876928524, "log10_colsample_bytree": -0.42314414887797047, "log10_eta": -0.9953427748857036, "log10_lambda": 0.9069975033104676, "log10_min_child_weight": 3.1868587021311887, "log10_subsample": -0.4599113477929837, "max_depth": 6.0, "num_boost_round": 24.0}, "datetime": {"datetime": "2024-01-19 02:02:32", "elapsed": 6646.738621, "delta": 0.005958}}
{"target": -17.785068217542346, "params": {"gamma": 995.6214835218674, "log10_alpha": -2.3076651876928524, "log10_colsample_bytree": -0.42314414887797047, "log10_eta": -0.9953427748857036, "log10_lambda": 0.9069975033104676, "log10_min_child_weight": 3.1868587021311887, "log10_subsample": -0.4599113477929837, "max_depth": 6.0, "num_boost_round": 25.0}, "datetime": {"datetime": "2024-01-19 02:02:32", "elapsed": 6646.744496, "delta": 0.005875}}
{"target": -17.784324091442944, "params": {"gamma": 995.6214835218674, "log10_alpha": -2.3076651876928524, "log10_colsample_bytree": -0.42314414887797047, "log10_eta": -0.9953427748857036, "log10_lambda": 0.9069975033104676, "log10_min_child_weight": 3.1868587021311887, "log10_subsample": -0.4599113477929837, "max_depth": 6.0, "num_boost_round": 26.0}, "datetime": {"datetime": "2024-01-19 02:02:32", "elapsed": 6646.751119, "delta": 0.006623}}
{"target": -17.782543148980096, "params": {"gamma": 995.6214835218674, "log10_alpha": -2.3076651876928524, "log10_colsample_bytree": -0.42314414887797047, "log10_eta": -0.9953427748857036, "log10_lambda": 0.9069975033104676, "log10_min_child_weight": 3.1868587021311887, "log10_subsample": -0.4599113477929837, "max_depth": 6.0, "num_boost_round": 27.0}, "datetime": {"datetime": "2024-01-19 02:02:32", "elapsed": 6646.757172, "delta": 0.006053}}
{"target": -17.784825480583294, "params": {"gamma": 995.6214835218674, "log10_alpha": -2.3076651876928524, "log10_colsample_bytree": -0.42314414887797047, "log10_eta": -0.9953427748857036, "log10_lambda": 0.9069975033104676, "log10_min_child_weight": 3.1868587021311887, "log10_subsample": -0.4599113477929837, "max_depth": 6.0, "num_boost_round": 28.0}, "datetime": {"datetime": "2024-01-19 02:02:32", "elapsed": 6646.763133, "delta": 0.005961}}
{"target": -17.79452849935727, "params": {"gamma": 995.6214835218674, "log10_alpha": -2.3076651876928524, "log10_colsample_bytree": -0.42314414887797047, "log10_eta": -0.9953427748857036, "log10_lambda": 0.9069975033104676, "log10_min_child_weight": 3.1868587021311887, "log10_subsample": -0.4599113477929837, "max_depth": 6.0, "num_boost_round": 29.0}, "datetime": {"datetime": "2024-01-19 02:02:32", "elapsed": 6646.768948, "delta": 0.005815}}
{"target": -17.797677231774827, "params": {"gamma": 995.6214835218674, "log10_alpha": -2.3076651876928524, "log10_colsample_bytree": -0.42314414887797047, "log10_eta": -0.9953427748857036, "log10_lambda": 0.9069975033104676, "log10_min_child_weight": 3.1868587021311887, "log10_subsample": -0.4599113477929837, "max_depth": 6.0, "num_boost_round": 30.0}, "datetime": {"datetime": "2024-01-19 02:02:32", "elapsed": 6646.774789, "delta": 0.005841}}
{"target": -17.800608283183053, "params": {"gamma": 995.6214835218674, "log10_alpha": -2.3076651876928524, "log10_colsample_bytree": -0.42314414887797047, "log10_eta": -0.9953427748857036, "log10_lambda": 0.9069975033104676, "log10_min_child_weight": 3.1868587021311887, "log10_subsample": -0.4599113477929837, "max_depth": 6.0, "num_boost_round": 31.0}, "datetime": {"datetime": "2024-01-19 02:02:32", "elapsed": 6646.780607, "delta": 0.005818}}
{"target": -17.805978276872942, "params": {"gamma": 995.6214835218674, "log10_alpha": -2.3076651876928524, "log10_colsample_bytree": -0.42314414887797047, "log10_eta": -0.9953427748857036, "log10_lambda": 0.9069975033104676, "log10_min_child_weight": 3.1868587021311887, "log10_subsample": -0.4599113477929837, "max_depth": 6.0, "num_boost_round": 32.0}, "datetime": {"datetime": "2024-01-19 02:02:32", "elapsed": 6646.78649, "delta": 0.005883}}
{"target": -17.808281649929597, "params": {"gamma": 995.6214835218674, "log10_alpha": -2.3076651876928524, "log10_colsample_bytree": -0.42314414887797047, "log10_eta": -0.9953427748857036, "log10_lambda": 0.9069975033104676, "log10_min_child_weight": 3.1868587021311887, "log10_subsample": -0.4599113477929837, "max_depth": 6.0, "num_boost_round": 33.0}, "datetime": {"datetime": "2024-01-19 02:02:32", "elapsed": 6646.792315, "delta": 0.005825}}
{"target": -17.809336446438643, "params": {"gamma": 995.6214835218674, "log10_alpha": -2.3076651876928524, "log10_colsample_bytree": -0.42314414887797047, "log10_eta": -0.9953427748857036, "log10_lambda": 0.9069975033104676, "log10_min_child_weight": 3.1868587021311887, "log10_subsample": -0.4599113477929837, "max_depth": 6.0, "num_boost_round": 34.0}, "datetime": {"datetime": "2024-01-19 02:02:32", "elapsed": 6646.798208, "delta": 0.005893}}
{"target": -17.67720345870637, "params": {"gamma": 960.886796639228, "log10_alpha": -2.647901554956495, "log10_colsample_bytree": -0.6717577920417335, "log10_eta": -2.862650424455917, "log10_lambda": -3.933450864802489, "log10_min_child_weight": 1.996379798196598, "log10_subsample": -0.490937743737066, "max_depth": 3.0, "num_boost_round": 0.0}, "datetime": {"datetime": "2024-01-19 02:04:15", "elapsed": 6749.59202, "delta": 102.793812}}
{"target": -17.677145835756196, "params": {"gamma": 960.886796639228, "log10_alpha": -2.647901554956495, "log10_colsample_bytree": -0.6717577920417335, "log10_eta": -2.862650424455917, "log10_lambda": -3.933450864802489, "log10_min_child_weight": 1.996379798196598, "log10_subsample": -0.490937743737066, "max_depth": 3.0, "num_boost_round": 1.0}, "datetime": {"datetime": "2024-01-19 02:04:15", "elapsed": 6749.600319, "delta": 0.008299}}
{"target": -17.677096559699446, "params": {"gamma": 960.886796639228, "log10_alpha": -2.647901554956495, "log10_colsample_bytree": -0.6717577920417335, "log10_eta": -2.862650424455917, "log10_lambda": -3.933450864802489, "log10_min_child_weight": 1.996379798196598, "log10_subsample": -0.490937743737066, "max_depth": 3.0, "num_boost_round": 2.0}, "datetime": {"datetime": "2024-01-19 02:04:15", "elapsed": 6749.606993, "delta": 0.006674}}
{"target": -17.67704253270113, "params": {"gamma": 960.886796639228, "log10_alpha": -2.647901554956495, "log10_colsample_bytree": -0.6717577920417335, "log10_eta": -2.862650424455917, "log10_lambda": -3.933450864802489, "log10_min_child_weight": 1.996379798196598, "log10_subsample": -0.490937743737066, "max_depth": 3.0, "num_boost_round": 3.0}, "datetime": {"datetime": "2024-01-19 02:04:15", "elapsed": 6749.613797, "delta": 0.006804}}
{"target": -17.677042001156117, "params": {"gamma": 960.886796639228, "log10_alpha": -2.647901554956495, "log10_colsample_bytree": -0.6717577920417335, "log10_eta": -2.862650424455917, "log10_lambda": -3.933450864802489, "log10_min_child_weight": 1.996379798196598, "log10_subsample": -0.490937743737066, "max_depth": 3.0, "num_boost_round": 4.0}, "datetime": {"datetime": "2024-01-19 02:04:15", "elapsed": 6749.620919, "delta": 0.007122}}
{"target": -17.677017551831693, "params": {"gamma": 960.886796639228, "log10_alpha": -2.647901554956495, "log10_colsample_bytree": -0.6717577920417335, "log10_eta": -2.862650424455917, "log10_lambda": -3.933450864802489, "log10_min_child_weight": 1.996379798196598, "log10_subsample": -0.490937743737066, "max_depth": 3.0, "num_boost_round": 5.0}, "datetime": {"datetime": "2024-01-19 02:04:15", "elapsed": 6749.627902, "delta": 0.006983}}
{"target": -17.676975703922565, "params": {"gamma": 960.886796639228, "log10_alpha": -2.647901554956495, "log10_colsample_bytree": -0.6717577920417335, "log10_eta": -2.862650424455917, "log10_lambda": -3.933450864802489, "log10_min_child_weight": 1.996379798196598, "log10_subsample": -0.490937743737066, "max_depth": 3.0, "num_boost_round": 6.0}, "datetime": {"datetime": "2024-01-19 02:04:15", "elapsed": 6749.634444, "delta": 0.006542}}
{"target": -17.676921595462574, "params": {"gamma": 960.886796639228, "log10_alpha": -2.647901554956495, "log10_colsample_bytree": -0.6717577920417335, "log10_eta": -2.862650424455917, "log10_lambda": -3.933450864802489, "log10_min_child_weight": 1.996379798196598, "log10_subsample": -0.490937743737066, "max_depth": 3.0, "num_boost_round": 7.0}, "datetime": {"datetime": "2024-01-19 02:04:15", "elapsed": 6749.640465, "delta": 0.006021}}
{"target": -17.67689956167482, "params": {"gamma": 960.886796639228, "log10_alpha": -2.647901554956495, "log10_colsample_bytree": -0.6717577920417335, "log10_eta": -2.862650424455917, "log10_lambda": -3.933450864802489, "log10_min_child_weight": 1.996379798196598, "log10_subsample": -0.490937743737066, "max_depth": 3.0, "num_boost_round": 8.0}, "datetime": {"datetime": "2024-01-19 02:04:15", "elapsed": 6749.646489, "delta": 0.006024}}
{"target": -17.676853993779382, "params": {"gamma": 960.886796639228, "log10_alpha": -2.647901554956495, "log10_colsample_bytree": -0.6717577920417335, "log10_eta": -2.862650424455917, "log10_lambda": -3.933450864802489, "log10_min_child_weight": 1.996379798196598, "log10_subsample": -0.490937743737066, "max_depth": 3.0, "num_boost_round": 9.0}, "datetime": {"datetime": "2024-01-19 02:04:15", "elapsed": 6749.652836, "delta": 0.006347}}
{"target": -17.676811701633923, "params": {"gamma": 960.886796639228, "log10_alpha": -2.647901554956495, "log10_colsample_bytree": -0.6717577920417335, "log10_eta": -2.862650424455917, "log10_lambda": -3.933450864802489, "log10_min_child_weight": 1.996379798196598, "log10_subsample": -0.490937743737066, "max_depth": 3.0, "num_boost_round": 10.0}, "datetime": {"datetime": "2024-01-19 02:04:15", "elapsed": 6749.659187, "delta": 0.006351}}
{"target": -17.676758390883013, "params": {"gamma": 960.886796639228, "log10_alpha": -2.647901554956495, "log10_colsample_bytree": -0.6717577920417335, "log10_eta": -2.862650424455917, "log10_lambda": -3.933450864802489, "log10_min_child_weight": 1.996379798196598, "log10_subsample": -0.490937743737066, "max_depth": 3.0, "num_boost_round": 11.0}, "datetime": {"datetime": "2024-01-19 02:04:15", "elapsed": 6749.665615, "delta": 0.006428}}
{"target": -17.67669300848152, "params": {"gamma": 960.886796639228, "log10_alpha": -2.647901554956495, "log10_colsample_bytree": -0.6717577920417335, "log10_eta": -2.862650424455917, "log10_lambda": -3.933450864802489, "log10_min_child_weight": 1.996379798196598, "log10_subsample": -0.490937743737066, "max_depth": 3.0, "num_boost_round": 12.0}, "datetime": {"datetime": "2024-01-19 02:04:15", "elapsed": 6749.671856, "delta": 0.006241}}
{"target": -17.676615755554543, "params": {"gamma": 960.886796639228, "log10_alpha": -2.647901554956495, "log10_colsample_bytree": -0.6717577920417335, "log10_eta": -2.862650424455917, "log10_lambda": -3.933450864802489, "log10_min_child_weight": 1.996379798196598, "log10_subsample": -0.490937743737066, "max_depth": 3.0, "num_boost_round": 13.0}, "datetime": {"datetime": "2024-01-19 02:04:15", "elapsed": 6749.677879, "delta": 0.006023}}
