{"target": -17.67700585629915, "params": {"gamma": 712.6848619668871, "log10_alpha": -4.749544654542895, "log10_colsample_bytree": -0.7304289558650496, "log10_eta": -3.6481281844743716, "log10_lambda": -1.8857085677826513, "log10_min_child_weight": 1.1097370875385326, "log10_subsample": -0.10616911144170316, "max_depth": 7.0, "num_boost_round": 17.0}, "datetime": {"datetime": "2024-01-19 00:33:17", "elapsed": 1304.439898, "delta": 0.001705}}
{"target": -17.677011594319413, "params": {"gamma": 712.6848619668871, "log10_alpha": -4.749544654542895, "log10_colsample_bytree": -0.7304289558650496, "log10_eta": -3.6481281844743716, "log10_lambda": -1.8857085677826513, "log10_min_child_weight": 1.1097370875385326, "log10_subsample": -0.10616911144170316, "max_depth": 7.0, "num_boost_round": 18.0}, "datetime": {"datetime": "2024-01-19 00:33:17", "elapsed": 1304.441621, "delta": 0.001723}}
{"target": -17.677005059791313, "params": {"gamma": 712.6848619668871, "log10_alpha": -4.749544654542895, "log10_colsample_bytree": -0.7304289558650496, "log10_eta": -3.6481281844743716, "log10_lambda": -1.8857085677826513, "log10_min_child_weight": 1.1097370875385326, "log10_subsample": -0.10616911144170316, "max_depth": 7.0, "num_boost_round": 19.0}, "datetime": {"datetime": "2024-01-19 00:33:17", "elapsed": 1304.443339, "delta": 0.001718}}
{"target": -17.676994545018857, "params": {"gamma": 712.6848619668871, "log10_alpha": -4.749544654542895, "log10_colsample_bytree": -0.7304289558650496, "log10_eta": -3.6481281844743716, "log10_lambda": -1.8857085677826513, "log10_min_child_weight": 1.1097370875385326, "log10_subsample": -0.10616911144170316, "max_depth": 7.0, "num_boost_round": 20.0}, "datetime": {"datetime": "2024-01-19 00:33:17", "elapsed": 1304.445062, "delta": 0.001723}}
{"target": -17.676982099029047, "params": {"gamma": 712.6848619668871, "log10_alpha": -4.749544654542895, "log10_colsample_bytree": -0.7304289558650496, "log10_eta": -3.6481281844743716, "log10_lambda": -1.8857085677826513, "log10_min_child_weight": 1.1097370875385326, "log10_subsample": -0.10616911144170316, "max_depth": 7.0, "num_boost_round": 21.0}, "datetime": {"datetime": "2024-01-19 00:33:17", "elapsed": 1304.446776, "delta": 0.001714}}
{"target": -17.67694532160754, "params": {"gamma": 712.6848619668871, "log10_alpha": -4.749544654542895, "log10_colsample_bytree": -0.7304289558650496, "log10_eta": -3.6481281844743716, "log10_lambda": -1.8857085677826513, "log10_min_child_weight": 1.1097370875385326, "log10_subsample": -0.10616911144170316, "max_depth": 7.0, "num_boost_round": 22.0}, "datetime": {"datetime": "2024-01-19 00:33:17", "elapsed": 1304.453102, "delta": 0.006326}}
{"target": -17.6769362755271, "params": {"gamma": 712.6848619668871, "log10_alpha": -4.749544654542895, "log10_colsample_bytree": -0.7304289558650496, "log10_eta": -3.6481281844743716, "log10_lambda": -1.8857085677826513, "log10_min_child_weight": 1.1097370875385326, "log10_subsample": -0.10616911144170316, "max_depth": 7.0, "num_boost_round": 23.0}, "datetime": {"datetime": "2024-01-19 00:33:17", "elapsed": 1304.454923, "delta": 0.001821}}
{"target": -17.676936131454244, "params": {"gamma": 712.6848619668871, "log10_alpha": -4.749544654542895, "log10_colsample_bytree": -0.7304289558650496, "log10_eta": -3.6481281844743716, "log10_lambda": -1.8857085677826513, "log10_min_child_weight": 1.1097370875385326, "log10_subsample": -0.10616911144170316, "max_depth": 7.0, "num_boost_round": 24.0}, "datetime": {"datetime": "2024-01-19 00:33:17", "elapsed": 1304.456807, "delta": 0.001884}}
{"target": -17.676920646028982, "params": {"gamma": 712.6848619668871, "log10_alpha": -4.749544654542895, "log10_colsample_bytree": -0.7304289558650496, "log10_eta": -3.6481281844743716, "log10_lambda": -1.8857085677826513, "log10_min_child_weight": 1.1097370875385326, "log10_subsample": -0.10616911144170316, "max_depth": 7.0, "num_boost_round": 25.0}, "datetime": {"datetime": "2024-01-19 00:33:17", "elapsed": 1304.458567, "delta": 0.00176}}
{"target": -17.676902307287644, "params": {"gamma": 712.6848619668871, "log10_alpha": -4.749544654542895, "log10_colsample_bytree": -0.7304289558650496, "log10_eta": -3.6481281844743716, "log10_lambda": -1.8857085677826513, "log10_min_child_weight": 1.1097370875385326, "log10_subsample": -0.10616911144170316, "max_depth": 7.0, "num_boost_round": 26.0}, "datetime": {"datetime": "2024-01-19 00:33:17", "elapsed": 1304.460306, "delta": 0.001739}}
{"target": -17.676888463336986, "params": {"gamma": 712.6848619668871, "log10_alpha": -4.749544654542895, "log10_colsample_bytree": -0.7304289558650496, "log10_eta": -3.6481281844743716, "log10_lambda": -1.8857085677826513, "log10_min_child_weight": 1.1097370875385326, "log10_subsample": -0.10616911144170316, "max_depth": 7.0, "num_boost_round": 27.0}, "datetime": {"datetime": "2024-01-19 00:33:17", "elapsed": 1304.462054, "delta": 0.001748}}
{"target": -17.677231936462142, "params": {"gamma": 709.5061765139035, "log10_alpha": -4.7872967317008275, "log10_colsample_bytree": -0.36874401410897584, "log10_eta": -3.3895426425809885, "log10_lambda": -2.258920627326833, "log10_min_child_weight": 0.0817060653794377, "log10_subsample": -0.583842844242172, "max_depth": 8.0, "num_boost_round": 0.0}, "datetime": {"datetime": "2024-01-19 00:34:12", "elapsed": 1360.243517, "delta": 55.781463}}
{"target": -17.677203909762227, "params": {"gamma": 709.5061765139035, "log10_alpha": -4.7872967317008275, "log10_colsample_bytree": -0.36874401410897584, "log10_eta": -3.3895426425809885, "log10_lambda": -2.258920627326833, "log10_min_child_weight": 0.0817060653794377, "log10_subsample": -0.583842844242172, "max_depth": 8.0, "num_boost_round": 1.0}, "datetime": {"datetime": "2024-01-19 00:34:12", "elapsed": 1360.245786, "delta": 0.002269}}
{"target": -17.677206358976814, "params": {"gamma": 709.5061765139035, "log10_alpha": -4.7872967317008275, "log10_colsample_bytree": -0.36874401410897584, "log10_eta": -3.3895426425809885, "log10_lambda": -2.258920627326833, "log10_min_child_weight": 0.0817060653794377, "log10_subsample": -0.583842844242172, "max_depth": 8.0, "num_boost_round": 2.0}, "datetime": {"datetime": "2024-01-19 00:34:12", "elapsed": 1360.247727, "delta": 0.001941}}
{"target": -17.677190093076277, "params": {"gamma": 709.5061765139035, "log10_alpha": -4.7872967317008275, "log10_colsample_bytree": -0.36874401410897584, "log10_eta": -3.3895426425809885, "log10_lambda": -2.258920627326833, "log10_min_child_weight": 0.0817060653794377, "log10_subsample": -0.583842844242172, "max_depth": 8.0, "num_boost_round": 3.0}, "datetime": {"datetime": "2024-01-19 00:34:12", "elapsed": 1360.24987, "delta": 0.002143}}
{"target": -17.677164418599805, "params": {"gamma": 709.5061765139035, "log10_alpha": -4.7872967317008275, "log10_colsample_bytree": -0.36874401410897584, "log10_eta": -3.3895426425809885, "log10_lambda": -2.258920627326833, "log10_min_child_weight": 0.0817060653794377, "log10_subsample": -0.583842844242172, "max_depth": 8.0, "num_boost_round": 4.0}, "datetime": {"datetime": "2024-01-19 00:34:12", "elapsed": 1360.251703, "delta": 0.001833}}
{"target": -17.677163648495657, "params": {"gamma": 709.5061765139035, "log10_alpha": -4.7872967317008275, "log10_colsample_bytree": -0.36874401410897584, "log10_eta": -3.3895426425809885, "log10_lambda": -2.258920627326833, "log10_min_child_weight": 0.0817060653794377, "log10_subsample": -0.583842844242172, "max_depth": 8.0, "num_boost_round": 5.0}, "datetime": {"datetime": "2024-01-19 00:34:12", "elapsed": 1360.253486, "delta": 0.001783}}
{"target": -17.677164637953044, "params": {"gamma": 709.5061765139035, "log10_alpha": -4.7872967317008275, "log10_colsample_bytree": -0.36874401410897584, "log10_eta": -3.3895426425809885, "log10_lambda": -2.258920627326833, "log10_min_child_weight": 0.0817060653794377, "log10_subsample": -0.583842844242172, "max_depth": 8.0, "num_boost_round": 6.0}, "datetime": {"datetime": "2024-01-19 00:34:12", "elapsed": 1360.255241, "delta": 0.001755}}
{"target": -17.677157338965696, "params": {"gamma": 709.5061765139035, "log10_alpha": -4.7872967317008275, "log10_colsample_bytree": -0.36874401410897584, "log10_eta": -3.3895426425809885, "log10_lambda": -2.258920627326833, "log10_min_child_weight": 0.0817060653794377, "log10_subsample": -0.583842844242172, "max_depth": 8.0, "num_boost_round": 7.0}, "datetime": {"datetime": "2024-01-19 00:34:12", "elapsed": 1360.2571, "delta": 0.001859}}
{"target": -17.677118351181687, "params": {"gamma": 709.5061765139035, "log10_alpha": -4.7872967317008275, "log10_colsample_bytree": -0.36874401410897584, "log10_eta": -3.3895426425809885, "log10_lambda": -2.258920627326833, "log10_min_child_weight": 0.0817060653794377, "log10_subsample": -0.583842844242172, "max_depth": 8.0, "num_boost_round": 8.0}, "datetime": {"datetime": "2024-01-19 00:34:12", "elapsed": 1360.258889, "delta": 0.001789}}
{"target": -17.67705322697105, "params": {"gamma": 709.5061765139035, "log10_alpha": -4.7872967317008275, "log10_colsample_bytree": -0.36874401410897584, "log10_eta": -3.3895426425809885, "log10_lambda": -2.258920627326833, "log10_min_child_weight": 0.0817060653794377, "log10_subsample": -0.583842844242172, "max_depth": 8.0, "num_boost_round": 9.0}, "datetime": {"datetime": "2024-01-19 00:34:12", "elapsed": 1360.260656, "delta": 0.001767}}
{"target": -17.67702484326802, "params": {"gamma": 709.5061765139035, "log10_alpha": -4.7872967317008275, "log10_colsample_bytree": -0.36874401410897584, "log10_eta": -3.3895426425809885, "log10_lambda": -2.258920627326833, "log10_min_child_weight": 0.0817060653794377, "log10_subsample": -0.583842844242172, "max_depth": 8.0, "num_boost_round": 10.0}, "datetime": {"datetime": "2024-01-19 00:34:12", "elapsed": 1360.262411, "delta": 0.001755}}
{"target": -17.677016307654487, "params": {"gamma": 709.5061765139035, "log10_alpha": -4.7872967317008275, "log10_colsample_bytree": -0.36874401410897584, "log10_eta": -3.3895426425809885, "log10_lambda": -2.258920627326833, "log10_min_child_weight": 0.0817060653794377, "log10_subsample": -0.583842844242172, "max_depth": 8.0, "num_boost_round": 11.0}, "datetime": {"datetime": "2024-01-19 00:34:12", "elapsed": 1360.264217, "delta": 0.001806}}
{"target": -17.676968002814462, "params": {"gamma": 709.5061765139035, "log10_alpha": -4.7872967317008275, "log10_colsample_bytree": -0.36874401410897584, "log10_eta": -3.3895426425809885, "log10_lambda": -2.258920627326833, "log10_min_child_weight": 0.0817060653794377, "log10_subsample": -0.583842844242172, "max_depth": 8.0, "num_boost_round": 12.0}, "datetime": {"datetime": "2024-01-19 00:34:12", "elapsed": 1360.265989, "delta": 0.001772}}
{"target": -17.67694656657576, "params": {"gamma": 709.5061765139035, "log10_alpha": -4.7872967317008275, "log10_colsample_bytree": -0.36874401410897584, "log10_eta": -3.3895426425809885, "log10_lambda": -2.258920627326833, "log10_min_child_weight": 0.0817060653794377, "log10_subsample": -0.583842844242172, "max_depth": 8.0, "num_boost_round": 13.0}, "datetime": {"datetime": "2024-01-19 00:34:12", "elapsed": 1360.267902, "delta": 0.001913}}
{"target": -17.676947334301897, "params": {"gamma": 709.5061765139035, "log10_alpha": -4.7872967317008275, "log10_colsample_bytree": -0.36874401410897584, "log10_eta": -3.3895426425809885, "log10_lambda": -2.258920627326833, "log10_min_child_weight": 0.0817060653794377, "log10_subsample": -0.583842844242172, "max_depth": 8.0, "num_boost_round": 14.0}, "datetime": {"datetime": "2024-01-19 00:34:12", "elapsed": 1360.269694, "delta": 0.001792}}
{"target": -17.676924060068696, "params": {"gamma": 709.5061765139035, "log10_alpha": -4.7872967317008275, "log10_colsample_bytree": -0.36874401410897584, "log10_eta": -3.3895426425809885, "log10_lambda": -2.258920627326833, "log10_min_child_weight": 0.0817060653794377, "log10_subsample": -0.583842844242172, "max_depth": 8.0, "num_boost_round": 15.0}, "datetime": {"datetime": "2024-01-19 00:34:12", "elapsed": 1360.271473, "delta": 0.001779}}
{"target": -17.676897628049314, "params": {"gamma": 709.5061765139035, "log10_alpha": -4.7872967317008275, "log10_colsample_bytree": -0.36874401410897584, "log10_eta": -3.3895426425809885, "log10_lambda": -2.258920627326833, "log10_min_child_weight": 0.0817060653794377, "log10_subsample": -0.583842844242172, "max_depth": 8.0, "num_boost_round": 16.0}, "datetime": {"datetime": "2024-01-19 00:34:12", "elapsed": 1360.273243, "delta": 0.00177}}
{"target": -17.676880741400073, "params": {"gamma": 709.5061765139035, "log10_alpha": -4.7872967317008275, "log10_colsample_bytree": -0.36874401410897584, "log10_eta": -3.3895426425809885, "log10_lambda": -2.258920627326833, "log10_min_child_weight": 0.0817060653794377, "log10_subsample": -0.583842844242172, "max_depth": 8.0, "num_boost_round": 17.0}, "datetime": {"datetime": "2024-01-19 00:34:12", "elapsed": 1360.275017, "delta": 0.001774}}
{"target": -17.676867481933307, "params": {"gamma": 709.5061765139035, "log10_alpha": -4.7872967317008275, "log10_colsample_bytree": -0.36874401410897584, "log10_eta": -3.3895426425809885, "log10_lambda": -2.258920627326833, "log10_min_child_weight": 0.0817060653794377, "log10_subsample": -0.583842844242172, "max_depth": 8.0, "num_boost_round": 18.0}, "datetime": {"datetime": "2024-01-19 00:34:12", "elapsed": 1360.276991, "delta": 0.001974}}
{"target": -17.67685480989522, "params": {"gamma": 709.5061765139035, "log10_alpha": -4.7872967317008275, "log10_colsample_bytree": -0.36874401410897584, "log10_eta": -3.3895426425809885, "log10_lambda": -2.258920627326833, "log10_min_child_weight": 0.0817060653794377, "log10_subsample": -0.583842844242172, "max_depth": 8.0, "num_boost_round": 19.0}, "datetime": {"datetime": "2024-01-19 00:34:12", "elapsed": 1360.278992, "delta": 0.002001}}
{"target": -17.67679918294283, "params": {"gamma": 709.5061765139035, "log10_alpha": -4.7872967317008275, "log10_colsample_bytree": -0.36874401410897584, "log10_eta": -3.3895426425809885, "log10_lambda": -2.258920627326833, "log10_min_child_weight": 0.0817060653794377, "log10_subsample": -0.583842844242172, "max_depth": 8.0, "num_boost_round": 20.0}, "datetime": {"datetime": "2024-01-19 00:34:12", "elapsed": 1360.280923, "delta": 0.001931}}
{"target": -17.676786524376084, "params": {"gamma": 709.5061765139035, "log10_alpha": -4.7872967317008275, "log10_colsample_bytree": -0.36874401410897584, "log10_eta": -3.3895426425809885, "log10_lambda": -2.258920627326833, "log10_min_child_weight": 0.0817060653794377, "log10_subsample": -0.583842844242172, "max_depth": 8.0, "num_boost_round": 21.0}, "datetime": {"datetime": "2024-01-19 00:34:12", "elapsed": 1360.28274, "delta": 0.001817}}
{"target": -17.676717811210732, "params": {"gamma": 709.5061765139035, "log10_alpha": -4.7872967317008275, "log10_colsample_bytree": -0.36874401410897584, "log10_eta": -3.3895426425809885, "log10_lambda": -2.258920627326833, "log10_min_child_weight": 0.0817060653794377, "log10_subsample": -0.583842844242172, "max_depth": 8.0, "num_boost_round": 22.0}, "datetime": {"datetime": "2024-01-19 00:34:12", "elapsed": 1360.284523, "delta": 0.001783}}
{"target": -17.67668396687432, "params": {"gamma": 709.5061765139035, "log10_alpha": -4.7872967317008275, "log10_colsample_bytree": -0.36874401410897584, "log10_eta": -3.3895426425809885, "log10_lambda": -2.258920627326833, "log10_min_child_weight": 0.0817060653794377, "log10_subsample": -0.583842844242172, "max_depth": 8.0, "num_boost_round": 23.0}, "datetime": {"datetime": "2024-01-19 00:34:12", "elapsed": 1360.286328, "delta": 0.001805}}
{"target": -17.676646841424215, "params": {"gamma": 709.5061765139035, "log10_alpha": -4.7872967317008275, "log10_colsample_bytree": -0.36874401410897584, "log10_eta": -3.3895426425809885, "log10_lambda": -2.258920627326833, "log10_min_child_weight": 0.0817060653794377, "log10_subsample": -0.583842844242172, "max_depth": 8.0, "num_boost_round": 24.0}, "datetime": {"datetime": "2024-01-19 00:34:12", "elapsed": 1360.288298, "delta": 0.00197}}
{"target": -17.676617808807055, "params": {"gamma": 709.5061765139035, "log10_alpha": -4.7872967317008275, "log10_colsample_bytree": -0.36874401410897584, "log10_eta": -3.3895426425809885, "log10_lambda": -2.258920627326833, "log10_min_child_weight": 0.0817060653794377, "log10_subsample": -0.583842844242172, "max_depth": 8.0, "num_boost_round": 25.0}, "datetime": {"datetime": "2024-01-19 00:34:12", "elapsed": 1360.29008, "delta": 0.001782}}
{"target": -17.676623736603087, "params": {"gamma": 709.5061765139035, "log10_alpha": -4.7872967317008275, "log10_colsample_bytree": -0.36874401410897584, "log10_eta": -3.3895426425809885, "log10_lambda": -2.258920627326833, "log10_min_child_weight": 0.0817060653794377, "log10_subsample": -0.583842844242172, "max_depth": 8.0, "num_boost_round": 26.0}, "datetime": {"datetime": "2024-01-19 00:34:12", "elapsed": 1360.291871, "delta": 0.001791}}
{"target": -17.676627995385157, "params": {"gamma": 709.5061765139035, "log10_alpha": -4.7872967317008275, "log10_colsample_bytree": -0.36874401410897584, "log10_eta": -3.3895426425809885, "log10_lambda": -2.258920627326833, "log10_min_child_weight": 0.0817060653794377, "log10_subsample": -0.583842844242172, "max_depth": 8.0, "num_boost_round": 27.0}, "datetime": {"datetime": "2024-01-19 00:34:12", "elapsed": 1360.293661, "delta": 0.00179}}
{"target": -17.67661222992597, "params": {"gamma": 709.5061765139035, "log10_alpha": -4.7872967317008275, "log10_colsample_bytree": -0.36874401410897584, "log10_eta": -3.3895426425809885, "log10_lambda": -2.258920627326833, "log10_min_child_weight": 0.0817060653794377, "log10_subsample": -0.583842844242172, "max_depth": 8.0, "num_boost_round": 28.0}, "datetime": {"datetime": "2024-01-19 00:34:12", "elapsed": 1360.295441, "delta": 0.00178}}
{"target": -17.676582148741787, "params": {"gamma": 709.5061765139035, "log10_alpha": -4.7872967317008275, "log10_colsample_bytree": -0.36874401410897584, "log10_eta": -3.3895426425809885, "log10_lambda": -2.258920627326833, "log10_min_child_weight": 0.0817060653794377, "log10_subsample": -0.583842844242172, "max_depth": 8.0, "num_boost_round": 29.0}, "datetime": {"datetime": "2024-01-19 00:34:12", "elapsed": 1360.297306, "delta": 0.001865}}
{"target": -17.676584921889372, "params": {"gamma": 709.5061765139035, "log10_alpha": -4.7872967317008275, "log10_colsample_bytree": -0.36874401410897584, "log10_eta": -3.3895426425809885, "log10_lambda": -2.258920627326833, "log10_min_child_weight": 0.0817060653794377, "log10_subsample": -0.583842844242172, "max_depth": 8.0, "num_boost_round": 30.0}, "datetime": {"datetime": "2024-01-19 00:34:12", "elapsed": 1360.299107, "delta": 0.001801}}
{"target": -17.67653853576692, "params": {"gamma": 709.5061765139035, "log10_alpha": -4.7872967317008275, "log10_colsample_bytree": -0.36874401410897584, "log10_eta": -3.3895426425809885, "log10_lambda": -2.258920627326833, "log10_min_child_weight": 0.0817060653794377, "log10_subsample": -0.583842844242172, "max_depth": 8.0, "num_boost_round": 31.0}, "datetime": {"datetime": "2024-01-19 00:34:12", "elapsed": 1360.300907, "delta": 0.0018}}
{"target": -17.676552055971836, "params": {"gamma": 709.5061765139035, "log10_alpha": -4.7872967317008275, "log10_colsample_bytree": -0.36874401410897584, "log10_eta": -3.3895426425809885, "log10_lambda": -2.258920627326833, "log10_min_child_weight": 0.0817060653794377, "log10_subsample": -0.583842844242172, "max_depth": 8.0, "num_boost_round": 32.0}, "datetime": {"datetime": "2024-01-19 00:34:12", "elapsed": 1360.302698, "delta": 0.001791}}
{"target": -17.676527786259427, "params": {"gamma": 709.5061765139035, "log10_alpha": -4.7872967317008275, "log10_colsample_bytree": -0.36874401410897584, "log10_eta": -3.3895426425809885, "log10_lambda": -2.258920627326833, "log10_min_child_weight": 0.0817060653794377, "log10_subsample": -0.583842844242172, "max_depth": 8.0, "num_boost_round": 33.0}, "datetime": {"datetime": "2024-01-19 00:34:12", "elapsed": 1360.304475, "delta": 0.001777}}
{"target": -17.676486869375452, "params": {"gamma": 709.5061765139035, "log10_alpha": -4.7872967317008275, "log10_colsample_bytree": -0.36874401410897584, "log10_eta": -3.3895426425809885, "log10_lambda": -2.258920627326833, "log10_min_child_weight": 0.0817060653794377, "log10_subsample": -0.583842844242172, "max_depth": 8.0, "num_boost_round": 34.0}, "datetime": {"datetime": "2024-01-19 00:34:12", "elapsed": 1360.306282, "delta": 0.001807}}
{"target": -17.67646137283885, "params": {"gamma": 709.5061765139035, "log10_alpha": -4.7872967317008275, "log10_colsample_bytree": -0.36874401410897584, "log10_eta": -3.3895426425809885, "log10_lambda": -2.258920627326833, "log10_min_child_weight": 0.0817060653794377, "log10_subsample": -0.583842844242172, "max_depth": 8.0, "num_boost_round": 35.0}, "datetime": {"datetime": "2024-01-19 00:34:12", "elapsed": 1360.30817, "delta": 0.001888}}
{"target": -17.676422538441496, "params": {"gamma": 709.5061765139035, "log10_alpha": -4.7872967317008275, "log10_colsample_bytree": -0.36874401410897584, "log10_eta": -3.3895426425809885, "log10_lambda": -2.258920627326833, "log10_min_child_weight": 0.0817060653794377, "log10_subsample": -0.583842844242172, "max_depth": 8.0, "num_boost_round": 36.0}, "datetime": {"datetime": "2024-01-19 00:34:12", "elapsed": 1360.309976, "delta": 0.001806}}
{"target": -17.676398294970312, "params": {"gamma": 709.5061765139035, "log10_alpha": -4.7872967317008275, "log10_colsample_bytree": -0.36874401410897584, "log10_eta": -3.3895426425809885, "log10_lambda": -2.258920627326833, "log10_min_child_weight": 0.0817060653794377, "log10_subsample": -0.583842844242172, "max_depth": 8.0, "num_boost_round": 37.0}, "datetime": {"datetime": "2024-01-19 00:34:12", "elapsed": 1360.311777, "delta": 0.001801}}
