{"target": -17.67720633488463, "params": {"gamma": 594.7853704962528, "log10_alpha": -4.781311383640592, "log10_colsample_bytree": -0.4918515255652727, "log10_eta": -3.7728239136854507, "log10_lambda": -0.8567305553298974, "log10_min_child_weight": 3.835999043936412, "log10_subsample": -0.23740983921950154, "max_depth": 5.0, "num_boost_round": 6.0}, "datetime": {"datetime": "2024-01-19 01:34:16", "elapsed": 4954.03683, "delta": 0.004538}}
{"target": -17.67720114193065, "params": {"gamma": 594.7853704962528, "log10_alpha": -4.781311383640592, "log10_colsample_bytree": -0.4918515255652727, "log10_eta": -3.7728239136854507, "log10_lambda": -0.8567305553298974, "log10_min_child_weight": 3.835999043936412, "log10_subsample": -0.23740983921950154, "max_depth": 5.0, "num_boost_round": 7.0}, "datetime": {"datetime": "2024-01-19 01:34:16", "elapsed": 4954.041338, "delta": 0.004508}}
{"target": -17.67719473914221, "params": {"gamma": 594.7853704962528, "log10_alpha": -4.781311383640592, "log10_colsample_bytree": -0.4918515255652727, "log10_eta": -3.7728239136854507, "log10_lambda": -0.8567305553298974, "log10_min_child_weight": 3.835999043936412, "log10_subsample": -0.23740983921950154, "max_depth": 5.0, "num_boost_round": 8.0}, "datetime": {"datetime": "2024-01-19 01:34:16", "elapsed": 4954.045667, "delta": 0.004329}}
{"target": -17.677189617772946, "params": {"gamma": 594.7853704962528, "log10_alpha": -4.781311383640592, "log10_colsample_bytree": -0.4918515255652727, "log10_eta": -3.7728239136854507, "log10_lambda": -0.8567305553298974, "log10_min_child_weight": 3.835999043936412, "log10_subsample": -0.23740983921950154, "max_depth": 5.0, "num_boost_round": 9.0}, "datetime": {"datetime": "2024-01-19 01:34:16", "elapsed": 4954.050062, "delta": 0.004395}}
{"target": -17.677181565116562, "params": {"gamma": 594.7853704962528, "log10_alpha": -4.781311383640592, "log10_colsample_bytree": -0.4918515255652727, "log10_eta": -3.7728239136854507, "log10_lambda": -0.8567305553298974, "log10_min_child_weight": 3.835999043936412, "log10_subsample": -0.23740983921950154, "max_depth": 5.0, "num_boost_round": 10.0}, "datetime": {"datetime": "2024-01-19 01:34:16", "elapsed": 4954.054548, "delta": 0.004486}}
{"target": -17.67717854582713, "params": {"gamma": 594.7853704962528, "log10_alpha": -4.781311383640592, "log10_colsample_bytree": -0.4918515255652727, "log10_eta": -3.7728239136854507, "log10_lambda": -0.8567305553298974, "log10_min_child_weight": 3.835999043936412, "log10_subsample": -0.23740983921950154, "max_depth": 5.0, "num_boost_round": 11.0}, "datetime": {"datetime": "2024-01-19 01:34:16", "elapsed": 4954.058842, "delta": 0.004294}}
{"target": -17.677171668214722, "params": {"gamma": 594.7853704962528, "log10_alpha": -4.781311383640592, "log10_colsample_bytree": -0.4918515255652727, "log10_eta": -3.7728239136854507, "log10_lambda": -0.8567305553298974, "log10_min_child_weight": 3.835999043936412, "log10_subsample": -0.23740983921950154, "max_depth": 5.0, "num_boost_round": 12.0}, "datetime": {"datetime": "2024-01-19 01:34:16", "elapsed": 4954.063228, "delta": 0.004386}}
{"target": -17.67716735889402, "params": {"gamma": 594.7853704962528, "log10_alpha": -4.781311383640592, "log10_colsample_bytree": -0.4918515255652727, "log10_eta": -3.7728239136854507, "log10_lambda": -0.8567305553298974, "log10_min_child_weight": 3.835999043936412, "log10_subsample": -0.23740983921950154, "max_depth": 5.0, "num_boost_round": 13.0}, "datetime": {"datetime": "2024-01-19 01:34:16", "elapsed": 4954.067595, "delta": 0.004367}}
{"target": -17.67716956175464, "params": {"gamma": 594.7853704962528, "log10_alpha": -4.781311383640592, "log10_colsample_bytree": -0.4918515255652727, "log10_eta": -3.7728239136854507, "log10_lambda": -0.8567305553298974, "log10_min_child_weight": 3.835999043936412, "log10_subsample": -0.23740983921950154, "max_depth": 5.0, "num_boost_round": 14.0}, "datetime": {"datetime": "2024-01-19 01:34:16", "elapsed": 4954.072006, "delta": 0.004411}}
{"target": -17.713699796813902, "params": {"gamma": 665.6723913835986, "log10_alpha": -1.3372378047584998, "log10_colsample_bytree": -0.10877036624065783, "log10_eta": -0.0754173185574305, "log10_lambda": -0.7990484433956002, "log10_min_child_weight": 0.5754877334362446, "log10_subsample": -0.374931144186624, "max_depth": 2.0, "num_boost_round": 0.0}, "datetime": {"datetime": "2024-01-19 01:34:56", "elapsed": 4993.644867, "delta": 39.572861}}
{"target": -17.723742269150367, "params": {"gamma": 665.6723913835986, "log10_alpha": -1.3372378047584998, "log10_colsample_bytree": -0.10877036624065783, "log10_eta": -0.0754173185574305, "log10_lambda": -0.7990484433956002, "log10_min_child_weight": 0.5754877334362446, "log10_subsample": -0.374931144186624, "max_depth": 2.0, "num_boost_round": 1.0}, "datetime": {"datetime": "2024-01-19 01:34:56", "elapsed": 4993.650318, "delta": 0.005451}}
{"target": -17.749008174823484, "params": {"gamma": 665.6723913835986, "log10_alpha": -1.3372378047584998, "log10_colsample_bytree": -0.10877036624065783, "log10_eta": -0.0754173185574305, "log10_lambda": -0.7990484433956002, "log10_min_child_weight": 0.5754877334362446, "log10_subsample": -0.374931144186624, "max_depth": 2.0, "num_boost_round": 2.0}, "datetime": {"datetime": "2024-01-19 01:34:56", "elapsed": 4993.654999, "delta": 0.004681}}
{"target": -17.749028234986813, "params": {"gamma": 665.6723913835986, "log10_alpha": -1.3372378047584998, "log10_colsample_bytree": -0.10877036624065783, "log10_eta": -0.0754173185574305, "log10_lambda": -0.7990484433956002, "log10_min_child_weight": 0.5754877334362446, "log10_subsample": -0.374931144186624, "max_depth": 2.0, "num_boost_round": 3.0}, "datetime": {"datetime": "2024-01-19 01:34:56", "elapsed": 4993.659517, "delta": 0.004518}}
{"target": -17.79237163839813, "params": {"gamma": 665.6723913835986, "log10_alpha": -1.3372378047584998, "log10_colsample_bytree": -0.10877036624065783, "log10_eta": -0.0754173185574305, "log10_lambda": -0.7990484433956002, "log10_min_child_weight": 0.5754877334362446, "log10_subsample": -0.374931144186624, "max_depth": 2.0, "num_boost_round": 4.0}, "datetime": {"datetime": "2024-01-19 01:34:56", "elapsed": 4993.664056, "delta": 0.004539}}
{"target": -18.004853554594014, "params": {"gamma": 665.6723913835986, "log10_alpha": -1.3372378047584998, "log10_colsample_bytree": -0.10877036624065783, "log10_eta": -0.0754173185574305, "log10_lambda": -0.7990484433956002, "log10_min_child_weight": 0.5754877334362446, "log10_subsample": -0.374931144186624, "max_depth": 2.0, "num_boost_round": 5.0}, "datetime": {"datetime": "2024-01-19 01:34:56", "elapsed": 4993.668539, "delta": 0.004483}}
{"target": -18.01302189451668, "params": {"gamma": 665.6723913835986, "log10_alpha": -1.3372378047584998, "log10_colsample_bytree": -0.10877036624065783, "log10_eta": -0.0754173185574305, "log10_lambda": -0.7990484433956002, "log10_min_child_weight": 0.5754877334362446, "log10_subsample": -0.374931144186624, "max_depth": 2.0, "num_boost_round": 6.0}, "datetime": {"datetime": "2024-01-19 01:34:56", "elapsed": 4993.672912, "delta": 0.004373}}
{"target": -18.0325600908571, "params": {"gamma": 665.6723913835986, "log10_alpha": -1.3372378047584998, "log10_colsample_bytree": -0.10877036624065783, "log10_eta": -0.0754173185574305, "log10_lambda": -0.7990484433956002, "log10_min_child_weight": 0.5754877334362446, "log10_subsample": -0.374931144186624, "max_depth": 2.0, "num_boost_round": 7.0}, "datetime": {"datetime": "2024-01-19 01:34:56", "elapsed": 4993.677281, "delta": 0.004369}}
{"target": -18.026548557696163, "params": {"gamma": 665.6723913835986, "log10_alpha": -1.3372378047584998, "log10_colsample_bytree": -0.10877036624065783, "log10_eta": -0.0754173185574305, "log10_lambda": -0.7990484433956002, "log10_min_child_weight": 0.5754877334362446, "log10_subsample": -0.374931144186624, "max_depth": 2.0, "num_boost_round": 8.0}, "datetime": {"datetime": "2024-01-19 01:34:56", "elapsed": 4993.68172, "delta": 0.004439}}
{"target": -18.038935016225384, "params": {"gamma": 665.6723913835986, "log10_alpha": -1.3372378047584998, "log10_colsample_bytree": -0.10877036624065783, "log10_eta": -0.0754173185574305, "log10_lambda": -0.7990484433956002, "log10_min_child_weight": 0.5754877334362446, "log10_subsample": -0.374931144186624, "max_depth": 2.0, "num_boost_round": 9.0}, "datetime": {"datetime": "2024-01-19 01:34:56", "elapsed": 4993.686138, "delta": 0.004418}}
{"target": -18.041113198556236, "params": {"gamma": 665.6723913835986, "log10_alpha": -1.3372378047584998, "log10_colsample_bytree": -0.10877036624065783, "log10_eta": -0.0754173185574305, "log10_lambda": -0.7990484433956002, "log10_min_child_weight": 0.5754877334362446, "log10_subsample": -0.374931144186624, "max_depth": 2.0, "num_boost_round": 10.0}, "datetime": {"datetime": "2024-01-19 01:34:56", "elapsed": 4993.690539, "delta": 0.004401}}
{"target": -18.236387513257817, "params": {"gamma": 665.6723913835986, "log10_alpha": -1.3372378047584998, "log10_colsample_bytree": -0.10877036624065783, "log10_eta": -0.0754173185574305, "log10_lambda": -0.7990484433956002, "log10_min_child_weight": 0.5754877334362446, "log10_subsample": -0.374931144186624, "max_depth": 2.0, "num_boost_round": 11.0}, "datetime": {"datetime": "2024-01-19 01:34:56", "elapsed": 4993.695038, "delta": 0.004499}}
{"target": -18.265082250851382, "params": {"gamma": 665.6723913835986, "log10_alpha": -1.3372378047584998, "log10_colsample_bytree": -0.10877036624065783, "log10_eta": -0.0754173185574305, "log10_lambda": -0.7990484433956002, "log10_min_child_weight": 0.5754877334362446, "log10_subsample": -0.374931144186624, "max_depth": 2.0, "num_boost_round": 12.0}, "datetime": {"datetime": "2024-01-19 01:34:56", "elapsed": 4993.699444, "delta": 0.004406}}
{"target": -18.32593283810503, "params": {"gamma": 665.6723913835986, "log10_alpha": -1.3372378047584998, "log10_colsample_bytree": -0.10877036624065783, "log10_eta": -0.0754173185574305, "log10_lambda": -0.7990484433956002, "log10_min_child_weight": 0.5754877334362446, "log10_subsample": -0.374931144186624, "max_depth": 2.0, "num_boost_round": 13.0}, "datetime": {"datetime": "2024-01-19 01:34:56", "elapsed": 4993.703867, "delta": 0.004423}}
{"target": -17.675616134684716, "params": {"gamma": 659.3711101834908, "log10_alpha": -3.566753088452078, "log10_colsample_bytree": -0.7202015957520576, "log10_eta": -1.5148838383247099, "log10_lambda": -3.0089968437130965, "log10_min_child_weight": 2.2854212014956117, "log10_subsample": -0.25575610686167305, "max_depth": 9.0, "num_boost_round": 0.0}, "datetime": {"datetime": "2024-01-19 01:35:36", "elapsed": 5034.019057, "delta": 40.31519}}
{"target": -17.672531310549648, "params": {"gamma": 659.3711101834908, "log10_alpha": -3.566753088452078, "log10_colsample_bytree": -0.7202015957520576, "log10_eta": -1.5148838383247099, "log10_lambda": -3.0089968437130965, "log10_min_child_weight": 2.2854212014956117, "log10_subsample": -0.25575610686167305, "max_depth": 9.0, "num_boost_round": 1.0}, "datetime": {"datetime": "2024-01-19 01:35:36", "elapsed": 5034.024197, "delta": 0.00514}}
{"target": -17.67016407116831, "params": {"gamma": 659.3711101834908, "log10_alpha": -3.566753088452078, "log10_colsample_bytree": -0.7202015957520576, "log10_eta": -1.5148838383247099, "log10_lambda": -3.0089968437130965, "log10_min_child_weight": 2.2854212014956117, "log10_subsample": -0.25575610686167305, "max_depth": 9.0, "num_boost_round": 2.0}, "datetime": {"datetime": "2024-01-19 01:35:36", "elapsed": 5034.028749, "delta": 0.004552}}
{"target": -17.669913754324263, "params": {"gamma": 659.3711101834908, "log10_alpha": -3.566753088452078, "log10_colsample_bytree": -0.7202015957520576, "log10_eta": -1.5148838383247099, "log10_lambda": -3.0089968437130965, "log10_min_child_weight": 2.2854212014956117, "log10_subsample": -0.25575610686167305, "max_depth": 9.0, "num_boost_round": 3.0}, "datetime": {"datetime": "2024-01-19 01:35:36", "elapsed": 5034.033296, "delta": 0.004547}}
{"target": -17.66764791323191, "params": {"gamma": 659.3711101834908, "log10_alpha": -3.566753088452078, "log10_colsample_bytree": -0.7202015957520576, "log10_eta": -1.5148838383247099, "log10_lambda": -3.0089968437130965, "log10_min_child_weight": 2.2854212014956117, "log10_subsample": -0.25575610686167305, "max_depth": 9.0, "num_boost_round": 4.0}, "datetime": {"datetime": "2024-01-19 01:35:36", "elapsed": 5034.03818, "delta": 0.004884}}
{"target": -17.66594996727072, "params": {"gamma": 659.3711101834908, "log10_alpha": -3.566753088452078, "log10_colsample_bytree": -0.7202015957520576, "log10_eta": -1.5148838383247099, "log10_lambda": -3.0089968437130965, "log10_min_child_weight": 2.2854212014956117, "log10_subsample": -0.25575610686167305, "max_depth": 9.0, "num_boost_round": 5.0}, "datetime": {"datetime": "2024-01-19 01:35:36", "elapsed": 5034.042662, "delta": 0.004482}}
{"target": -17.66687921745886, "params": {"gamma": 659.3711101834908, "log10_alpha": -3.566753088452078, "log10_colsample_bytree": -0.7202015957520576, "log10_eta": -1.5148838383247099, "log10_lambda": -3.0089968437130965, "log10_min_child_weight": 2.2854212014956117, "log10_subsample": -0.25575610686167305, "max_depth": 9.0, "num_boost_round": 6.0}, "datetime": {"datetime": "2024-01-19 01:35:36", "elapsed": 5034.047044, "delta": 0.004382}}
{"target": -17.666142160268038, "params": {"gamma": 659.3711101834908, "log10_alpha": -3.566753088452078, "log10_colsample_bytree": -0.7202015957520576, "log10_eta": -1.5148838383247099, "log10_lambda": -3.0089968437130965, "log10_min_child_weight": 2.2854212014956117, "log10_subsample": -0.25575610686167305, "max_depth": 9.0, "num_boost_round": 7.0}, "datetime": {"datetime": "2024-01-19 01:35:36", "elapsed": 5034.051741, "delta": 0.004697}}
{"target": -17.666099467829312, "params": {"gamma": 659.3711101834908, "log10_alpha": -3.566753088452078, "log10_colsample_bytree": -0.7202015957520576, "log10_eta": -1.5148838383247099, "log10_lambda": -3.0089968437130965, "log10_min_child_weight": 2.2854212014956117, "log10_subsample": -0.25575610686167305, "max_depth": 9.0, "num_boost_round": 8.0}, "datetime": {"datetime": "2024-01-19 01:35:36", "elapsed": 5034.056169, "delta": 0.004428}}
{"target": -17.666980090149252, "params": {"gamma": 659.3711101834908, "log10_alpha": -3.566753088452078, "log10_colsample_bytree": -0.7202015957520576, "log10_eta": -1.5148838383247099, "log10_lambda": -3.0089968437130965, "log10_min_child_weight": 2.2854212014956117, "log10_subsample": -0.25575610686167305, "max_depth": 9.0, "num_boost_round": 9.0}, "datetime": {"datetime": "2024-01-19 01:35:36", "elapsed": 5034.060729, "delta": 0.00456}}
{"target": -17.666411442860486, "params": {"gamma": 659.3711101834908, "log10_alpha": -3.566753088452078, "log10_colsample_bytree": -0.7202015957520576, "log10_eta": -1.5148838383247099, "log10_lambda": -3.0089968437130965, "log10_min_child_weight": 2.2854212014956117, "log10_subsample": -0.25575610686167305, "max_depth": 9.0, "num_boost_round": 10.0}, "datetime": {"datetime": "2024-01-19 01:35:36", "elapsed": 5034.065282, "delta": 0.004553}}
{"target": -17.6664667180827, "params": {"gamma": 659.3711101834908, "log10_alpha": -3.566753088452078, "log10_colsample_bytree": -0.7202015957520576, "log10_eta": -1.5148838383247099, "log10_lambda": -3.0089968437130965, "log10_min_child_weight": 2.2854212014956117, "log10_subsample": -0.25575610686167305, "max_depth": 9.0, "num_boost_round": 11.0}, "datetime": {"datetime": "2024-01-19 01:35:36", "elapsed": 5034.069749, "delta": 0.004467}}
{"target": -17.677231933544956, "params": {"gamma": 629.0506609721757, "log10_alpha": 0.81189560120864, "log10_colsample_bytree": -0.9916666133833325, "log10_eta": -3.754961343334179, "log10_lambda": 0.19023924961646088, "log10_min_child_weight": 4.497617030417064, "log10_subsample": -0.7999155595159092, "max_depth": 6.0, "num_boost_round": 0.0}, "datetime": {"datetime": "2024-01-19 01:36:47", "elapsed": 5105.240712, "delta": 71.170963}}
{"target": -17.677229369221397, "params": {"gamma": 629.0506609721757, "log10_alpha": 0.81189560120864, "log10_colsample_bytree": -0.9916666133833325, "log10_eta": -3.754961343334179, "log10_lambda": 0.19023924961646088, "log10_min_child_weight": 4.497617030417064, "log10_subsample": -0.7999155595159092, "max_depth": 6.0, "num_boost_round": 1.0}, "datetime": {"datetime": "2024-01-19 01:36:47", "elapsed": 5105.245551, "delta": 0.004839}}
{"target": -17.677229723895884, "params": {"gamma": 629.0506609721757, "log10_alpha": 0.81189560120864, "log10_colsample_bytree": -0.9916666133833325, "log10_eta": -3.754961343334179, "log10_lambda": 0.19023924961646088, "log10_min_child_weight": 4.497617030417064, "log10_subsample": -0.7999155595159092, "max_depth": 6.0, "num_boost_round": 2.0}, "datetime": {"datetime": "2024-01-19 01:36:47", "elapsed": 5105.250328, "delta": 0.004777}}
{"target": -17.677228777111832, "params": {"gamma": 629.0506609721757, "log10_alpha": 0.81189560120864, "log10_colsample_bytree": -0.9916666133833325, "log10_eta": -3.754961343334179, "log10_lambda": 0.19023924961646088, "log10_min_child_weight": 4.497617030417064, "log10_subsample": -0.7999155595159092, "max_depth": 6.0, "num_boost_round": 3.0}, "datetime": {"datetime": "2024-01-19 01:36:47", "elapsed": 5105.254999, "delta": 0.004671}}
{"target": -17.67722731761614, "params": {"gamma": 629.0506609721757, "log10_alpha": 0.81189560120864, "log10_colsample_bytree": -0.9916666133833325, "log10_eta": -3.754961343334179, "log10_lambda": 0.19023924961646088, "log10_min_child_weight": 4.497617030417064, "log10_subsample": -0.7999155595159092, "max_depth": 6.0, "num_boost_round": 4.0}, "datetime": {"datetime": "2024-01-19 01:36:47", "elapsed": 5105.259525, "delta": 0.004526}}
{"target": -17.677226186741986, "params": {"gamma": 629.0506609721757, "log10_alpha": 0.81189560120864, "log10_colsample_bytree": -0.9916666133833325, "log10_eta": -3.754961343334179, "log10_lambda": 0.19023924961646088, "log10_min_child_weight": 4.497617030417064, "log10_subsample": -0.7999155595159092, "max_depth": 6.0, "num_boost_round": 5.0}, "datetime": {"datetime": "2024-01-19 01:36:47", "elapsed": 5105.264174, "delta": 0.004649}}
{"target": -17.677224553917192, "params": {"gamma": 629.0506609721757, "log10_alpha": 0.81189560120864, "log10_colsample_bytree": -0.9916666133833325, "log10_eta": -3.754961343334179, "log10_lambda": 0.19023924961646088, "log10_min_child_weight": 4.497617030417064, "log10_subsample": -0.7999155595159092, "max_depth": 6.0, "num_boost_round": 6.0}, "datetime": {"datetime": "2024-01-19 01:36:48", "elapsed": 5105.378577, "delta": 0.114403}}
{"target": -17.677222891603108, "params": {"gamma": 629.0506609721757, "log10_alpha": 0.81189560120864, "log10_colsample_bytree": -0.9916666133833325, "log10_eta": -3.754961343334179, "log10_lambda": 0.19023924961646088, "log10_min_child_weight": 4.497617030417064, "log10_subsample": -0.7999155595159092, "max_depth": 6.0, "num_boost_round": 7.0}, "datetime": {"datetime": "2024-01-19 01:36:48", "elapsed": 5105.383758, "delta": 0.005181}}
{"target": -17.677220347182477, "params": {"gamma": 629.0506609721757, "log10_alpha": 0.81189560120864, "log10_colsample_bytree": -0.9916666133833325, "log10_eta": -3.754961343334179, "log10_lambda": 0.19023924961646088, "log10_min_child_weight": 4.497617030417064, "log10_subsample": -0.7999155595159092, "max_depth": 6.0, "num_boost_round": 8.0}, "datetime": {"datetime": "2024-01-19 01:36:48", "elapsed": 5105.388549, "delta": 0.004791}}
{"target": -17.677219916044105, "params": {"gamma": 629.0506609721757, "log10_alpha": 0.81189560120864, "log10_colsample_bytree": -0.9916666133833325, "log10_eta": -3.754961343334179, "log10_lambda": 0.19023924961646088, "log10_min_child_weight": 4.497617030417064, "log10_subsample": -0.7999155595159092, "max_depth": 6.0, "num_boost_round": 9.0}, "datetime": {"datetime": "2024-01-19 01:36:48", "elapsed": 5105.393111, "delta": 0.004562}}
{"target": -17.677221353567298, "params": {"gamma": 629.0506609721757, "log10_alpha": 0.81189560120864, "log10_colsample_bytree": -0.9916666133833325, "log10_eta": -3.754961343334179, "log10_lambda": 0.19023924961646088, "log10_min_child_weight": 4.497617030417064, "log10_subsample": -0.7999155595159092, "max_depth": 6.0, "num_boost_round": 10.0}, "datetime": {"datetime": "2024-01-19 01:36:48", "elapsed": 5105.397554, "delta": 0.004443}}
{"target": -17.67721966272679, "params": {"gamma": 629.0506609721757, "log10_alpha": 0.81189560120864, "log10_colsample_bytree": -0.9916666133833325, "log10_eta": -3.754961343334179, "log10_lambda": 0.19023924961646088, "log10_min_child_weight": 4.497617030417064, "log10_subsample": -0.7999155595159092, "max_depth": 6.0, "num_boost_round": 11.0}, "datetime": {"datetime": "2024-01-19 01:36:48", "elapsed": 5105.402208, "delta": 0.004654}}
{"target": -17.67721832488562, "params": {"gamma": 629.0506609721757, "log10_alpha": 0.81189560120864, "log10_colsample_bytree": -0.9916666133833325, "log10_eta": -3.754961343334179, "log10_lambda": 0.19023924961646088, "log10_min_child_weight": 4.497617030417064, "log10_subsample": -0.7999155595159092, "max_depth": 6.0, "num_boost_round": 12.0}, "datetime": {"datetime": "2024-01-19 01:36:48", "elapsed": 5105.406659, "delta": 0.004451}}
{"target": -17.677216442278784, "params": {"gamma": 629.0506609721757, "log10_alpha": 0.81189560120864, "log10_colsample_bytree": -0.9916666133833325, "log10_eta": -3.754961343334179, "log10_lambda": 0.19023924961646088, "log10_min_child_weight": 4.497617030417064, "log10_subsample": -0.7999155595159092, "max_depth": 6.0, "num_boost_round": 13.0}, "datetime": {"datetime": "2024-01-19 01:36:48", "elapsed": 5105.411384, "delta": 0.004725}}
