{"target": -17.67718840770399, "params": {"gamma": 33.691898702583956, "log10_alpha": -4.298235228037245, "log10_colsample_bytree": 0.0, "log10_eta": -4.0, "log10_lambda": -0.8273794130806347, "log10_min_child_weight": 2.485085000650429, "log10_subsample": -1.0, "max_depth": 2.0, "num_boost_round": 17.0}, "datetime": {"datetime": "2024-01-19 01:34:53", "elapsed": 5047.270939, "delta": 0.004555}}
{"target": -17.67718627715274, "params": {"gamma": 33.691898702583956, "log10_alpha": -4.298235228037245, "log10_colsample_bytree": 0.0, "log10_eta": -4.0, "log10_lambda": -0.8273794130806347, "log10_min_child_weight": 2.485085000650429, "log10_subsample": -1.0, "max_depth": 2.0, "num_boost_round": 18.0}, "datetime": {"datetime": "2024-01-19 01:34:53", "elapsed": 5047.275198, "delta": 0.004259}}
{"target": -17.67718407711368, "params": {"gamma": 33.691898702583956, "log10_alpha": -4.298235228037245, "log10_colsample_bytree": 0.0, "log10_eta": -4.0, "log10_lambda": -0.8273794130806347, "log10_min_child_weight": 2.485085000650429, "log10_subsample": -1.0, "max_depth": 2.0, "num_boost_round": 19.0}, "datetime": {"datetime": "2024-01-19 01:34:53", "elapsed": 5047.279381, "delta": 0.004183}}
{"target": -17.67718208732164, "params": {"gamma": 33.691898702583956, "log10_alpha": -4.298235228037245, "log10_colsample_bytree": 0.0, "log10_eta": -4.0, "log10_lambda": -0.8273794130806347, "log10_min_child_weight": 2.485085000650429, "log10_subsample": -1.0, "max_depth": 2.0, "num_boost_round": 20.0}, "datetime": {"datetime": "2024-01-19 01:34:53", "elapsed": 5047.283678, "delta": 0.004297}}
{"target": -17.67721361248596, "params": {"gamma": 44.52815802602661, "log10_alpha": -0.10557575544091868, "log10_colsample_bytree": -0.6856133086093754, "log10_eta": -2.439238830774491, "log10_lambda": -4.386417212139428, "log10_min_child_weight": 0.045783119523558624, "log10_subsample": -0.9120188473693234, "max_depth": 8.0, "num_boost_round": 0.0}, "datetime": {"datetime": "2024-01-19 01:36:03", "elapsed": 5117.059638, "delta": 69.77596}}
{"target": -17.676697590675538, "params": {"gamma": 44.52815802602661, "log10_alpha": -0.10557575544091868, "log10_colsample_bytree": -0.6856133086093754, "log10_eta": -2.439238830774491, "log10_lambda": -4.386417212139428, "log10_min_child_weight": 0.045783119523558624, "log10_subsample": -0.9120188473693234, "max_depth": 8.0, "num_boost_round": 1.0}, "datetime": {"datetime": "2024-01-19 01:36:03", "elapsed": 5117.065723, "delta": 0.006085}}
{"target": -17.67624669055335, "params": {"gamma": 44.52815802602661, "log10_alpha": -0.10557575544091868, "log10_colsample_bytree": -0.6856133086093754, "log10_eta": -2.439238830774491, "log10_lambda": -4.386417212139428, "log10_min_child_weight": 0.045783119523558624, "log10_subsample": -0.9120188473693234, "max_depth": 8.0, "num_boost_round": 2.0}, "datetime": {"datetime": "2024-01-19 01:36:03", "elapsed": 5117.071641, "delta": 0.005918}}
{"target": -17.676070352311267, "params": {"gamma": 44.52815802602661, "log10_alpha": -0.10557575544091868, "log10_colsample_bytree": -0.6856133086093754, "log10_eta": -2.439238830774491, "log10_lambda": -4.386417212139428, "log10_min_child_weight": 0.045783119523558624, "log10_subsample": -0.9120188473693234, "max_depth": 8.0, "num_boost_round": 3.0}, "datetime": {"datetime": "2024-01-19 01:36:03", "elapsed": 5117.076694, "delta": 0.005053}}
{"target": -17.67574204425586, "params": {"gamma": 44.52815802602661, "log10_alpha": -0.10557575544091868, "log10_colsample_bytree": -0.6856133086093754, "log10_eta": -2.439238830774491, "log10_lambda": -4.386417212139428, "log10_min_child_weight": 0.045783119523558624, "log10_subsample": -0.9120188473693234, "max_depth": 8.0, "num_boost_round": 4.0}, "datetime": {"datetime": "2024-01-19 01:36:03", "elapsed": 5117.081484, "delta": 0.00479}}
{"target": -17.67555442898084, "params": {"gamma": 44.52815802602661, "log10_alpha": -0.10557575544091868, "log10_colsample_bytree": -0.6856133086093754, "log10_eta": -2.439238830774491, "log10_lambda": -4.386417212139428, "log10_min_child_weight": 0.045783119523558624, "log10_subsample": -0.9120188473693234, "max_depth": 8.0, "num_boost_round": 5.0}, "datetime": {"datetime": "2024-01-19 01:36:03", "elapsed": 5117.08635, "delta": 0.004866}}
{"target": -17.67541496701254, "params": {"gamma": 44.52815802602661, "log10_alpha": -0.10557575544091868, "log10_colsample_bytree": -0.6856133086093754, "log10_eta": -2.439238830774491, "log10_lambda": -4.386417212139428, "log10_min_child_weight": 0.045783119523558624, "log10_subsample": -0.9120188473693234, "max_depth": 8.0, "num_boost_round": 6.0}, "datetime": {"datetime": "2024-01-19 01:36:03", "elapsed": 5117.091064, "delta": 0.004714}}
{"target": -17.67515364720606, "params": {"gamma": 44.52815802602661, "log10_alpha": -0.10557575544091868, "log10_colsample_bytree": -0.6856133086093754, "log10_eta": -2.439238830774491, "log10_lambda": -4.386417212139428, "log10_min_child_weight": 0.045783119523558624, "log10_subsample": -0.9120188473693234, "max_depth": 8.0, "num_boost_round": 7.0}, "datetime": {"datetime": "2024-01-19 01:36:03", "elapsed": 5117.095795, "delta": 0.004731}}
{"target": -17.67515333470189, "params": {"gamma": 44.52815802602661, "log10_alpha": -0.10557575544091868, "log10_colsample_bytree": -0.6856133086093754, "log10_eta": -2.439238830774491, "log10_lambda": -4.386417212139428, "log10_min_child_weight": 0.045783119523558624, "log10_subsample": -0.9120188473693234, "max_depth": 8.0, "num_boost_round": 8.0}, "datetime": {"datetime": "2024-01-19 01:36:03", "elapsed": 5117.100183, "delta": 0.004388}}
{"target": -17.6750609981116, "params": {"gamma": 44.52815802602661, "log10_alpha": -0.10557575544091868, "log10_colsample_bytree": -0.6856133086093754, "log10_eta": -2.439238830774491, "log10_lambda": -4.386417212139428, "log10_min_child_weight": 0.045783119523558624, "log10_subsample": -0.9120188473693234, "max_depth": 8.0, "num_boost_round": 9.0}, "datetime": {"datetime": "2024-01-19 01:36:03", "elapsed": 5117.104553, "delta": 0.00437}}
{"target": -17.674945262838026, "params": {"gamma": 44.52815802602661, "log10_alpha": -0.10557575544091868, "log10_colsample_bytree": -0.6856133086093754, "log10_eta": -2.439238830774491, "log10_lambda": -4.386417212139428, "log10_min_child_weight": 0.045783119523558624, "log10_subsample": -0.9120188473693234, "max_depth": 8.0, "num_boost_round": 10.0}, "datetime": {"datetime": "2024-01-19 01:36:03", "elapsed": 5117.109136, "delta": 0.004583}}
{"target": -17.67498541299008, "params": {"gamma": 44.52815802602661, "log10_alpha": -0.10557575544091868, "log10_colsample_bytree": -0.6856133086093754, "log10_eta": -2.439238830774491, "log10_lambda": -4.386417212139428, "log10_min_child_weight": 0.045783119523558624, "log10_subsample": -0.9120188473693234, "max_depth": 8.0, "num_boost_round": 11.0}, "datetime": {"datetime": "2024-01-19 01:36:03", "elapsed": 5117.113573, "delta": 0.004437}}
{"target": -17.674776823722652, "params": {"gamma": 44.52815802602661, "log10_alpha": -0.10557575544091868, "log10_colsample_bytree": -0.6856133086093754, "log10_eta": -2.439238830774491, "log10_lambda": -4.386417212139428, "log10_min_child_weight": 0.045783119523558624, "log10_subsample": -0.9120188473693234, "max_depth": 8.0, "num_boost_round": 12.0}, "datetime": {"datetime": "2024-01-19 01:36:03", "elapsed": 5117.118026, "delta": 0.004453}}
{"target": -17.674385349342916, "params": {"gamma": 44.52815802602661, "log10_alpha": -0.10557575544091868, "log10_colsample_bytree": -0.6856133086093754, "log10_eta": -2.439238830774491, "log10_lambda": -4.386417212139428, "log10_min_child_weight": 0.045783119523558624, "log10_subsample": -0.9120188473693234, "max_depth": 8.0, "num_boost_round": 13.0}, "datetime": {"datetime": "2024-01-19 01:36:03", "elapsed": 5117.123039, "delta": 0.005013}}
{"target": -17.67721187141537, "params": {"gamma": 48.361716415065146, "log10_alpha": -4.92836932147316, "log10_colsample_bytree": -0.6626923806036625, "log10_eta": -3.3663287400576896, "log10_lambda": -2.156275889929779, "log10_min_child_weight": 1.3244553910864258, "log10_subsample": -0.6247799730610457, "max_depth": 3.0, "num_boost_round": 0.0}, "datetime": {"datetime": "2024-01-19 01:36:44", "elapsed": 5158.348921, "delta": 41.225882}}
{"target": -17.67718438803691, "params": {"gamma": 48.361716415065146, "log10_alpha": -4.92836932147316, "log10_colsample_bytree": -0.6626923806036625, "log10_eta": -3.3663287400576896, "log10_lambda": -2.156275889929779, "log10_min_child_weight": 1.3244553910864258, "log10_subsample": -0.6247799730610457, "max_depth": 3.0, "num_boost_round": 1.0}, "datetime": {"datetime": "2024-01-19 01:36:44", "elapsed": 5158.355567, "delta": 0.006646}}
{"target": -17.67716798053795, "params": {"gamma": 48.361716415065146, "log10_alpha": -4.92836932147316, "log10_colsample_bytree": -0.6626923806036625, "log10_eta": -3.3663287400576896, "log10_lambda": -2.156275889929779, "log10_min_child_weight": 1.3244553910864258, "log10_subsample": -0.6247799730610457, "max_depth": 3.0, "num_boost_round": 2.0}, "datetime": {"datetime": "2024-01-19 01:36:44", "elapsed": 5158.360849, "delta": 0.005282}}
{"target": -17.677166232854308, "params": {"gamma": 48.361716415065146, "log10_alpha": -4.92836932147316, "log10_colsample_bytree": -0.6626923806036625, "log10_eta": -3.3663287400576896, "log10_lambda": -2.156275889929779, "log10_min_child_weight": 1.3244553910864258, "log10_subsample": -0.6247799730610457, "max_depth": 3.0, "num_boost_round": 3.0}, "datetime": {"datetime": "2024-01-19 01:36:44", "elapsed": 5158.365992, "delta": 0.005143}}
{"target": -17.677163759450092, "params": {"gamma": 48.361716415065146, "log10_alpha": -4.92836932147316, "log10_colsample_bytree": -0.6626923806036625, "log10_eta": -3.3663287400576896, "log10_lambda": -2.156275889929779, "log10_min_child_weight": 1.3244553910864258, "log10_subsample": -0.6247799730610457, "max_depth": 3.0, "num_boost_round": 4.0}, "datetime": {"datetime": "2024-01-19 01:36:44", "elapsed": 5158.371482, "delta": 0.00549}}
{"target": -17.677144519994073, "params": {"gamma": 48.361716415065146, "log10_alpha": -4.92836932147316, "log10_colsample_bytree": -0.6626923806036625, "log10_eta": -3.3663287400576896, "log10_lambda": -2.156275889929779, "log10_min_child_weight": 1.3244553910864258, "log10_subsample": -0.6247799730610457, "max_depth": 3.0, "num_boost_round": 5.0}, "datetime": {"datetime": "2024-01-19 01:36:44", "elapsed": 5158.376523, "delta": 0.005041}}
{"target": -17.677126971777753, "params": {"gamma": 48.361716415065146, "log10_alpha": -4.92836932147316, "log10_colsample_bytree": -0.6626923806036625, "log10_eta": -3.3663287400576896, "log10_lambda": -2.156275889929779, "log10_min_child_weight": 1.3244553910864258, "log10_subsample": -0.6247799730610457, "max_depth": 3.0, "num_boost_round": 6.0}, "datetime": {"datetime": "2024-01-19 01:36:44", "elapsed": 5158.381348, "delta": 0.004825}}
{"target": -17.677109344167103, "params": {"gamma": 48.361716415065146, "log10_alpha": -4.92836932147316, "log10_colsample_bytree": -0.6626923806036625, "log10_eta": -3.3663287400576896, "log10_lambda": -2.156275889929779, "log10_min_child_weight": 1.3244553910864258, "log10_subsample": -0.6247799730610457, "max_depth": 3.0, "num_boost_round": 7.0}, "datetime": {"datetime": "2024-01-19 01:36:44", "elapsed": 5158.386169, "delta": 0.004821}}
{"target": -17.677101846807645, "params": {"gamma": 48.361716415065146, "log10_alpha": -4.92836932147316, "log10_colsample_bytree": -0.6626923806036625, "log10_eta": -3.3663287400576896, "log10_lambda": -2.156275889929779, "log10_min_child_weight": 1.3244553910864258, "log10_subsample": -0.6247799730610457, "max_depth": 3.0, "num_boost_round": 8.0}, "datetime": {"datetime": "2024-01-19 01:36:44", "elapsed": 5158.391137, "delta": 0.004968}}
{"target": -17.677089016790532, "params": {"gamma": 48.361716415065146, "log10_alpha": -4.92836932147316, "log10_colsample_bytree": -0.6626923806036625, "log10_eta": -3.3663287400576896, "log10_lambda": -2.156275889929779, "log10_min_child_weight": 1.3244553910864258, "log10_subsample": -0.6247799730610457, "max_depth": 3.0, "num_boost_round": 9.0}, "datetime": {"datetime": "2024-01-19 01:36:44", "elapsed": 5158.395828, "delta": 0.004691}}
{"target": -17.677231896796673, "params": {"gamma": 19.02564366426613, "log10_alpha": 1.0, "log10_colsample_bytree": 0.0, "log10_eta": -4.0, "log10_lambda": -2.1553996599825456, "log10_min_child_weight": 4.064528699644332, "log10_subsample": -1.0, "max_depth": 2.0, "num_boost_round": 0.0}, "datetime": {"datetime": "2024-01-19 01:37:52", "elapsed": 5225.955403, "delta": 67.559575}}
{"target": -17.677230954228943, "params": {"gamma": 19.02564366426613, "log10_alpha": 1.0, "log10_colsample_bytree": 0.0, "log10_eta": -4.0, "log10_lambda": -2.1553996599825456, "log10_min_child_weight": 4.064528699644332, "log10_subsample": -1.0, "max_depth": 2.0, "num_boost_round": 1.0}, "datetime": {"datetime": "2024-01-19 01:37:52", "elapsed": 5225.960112, "delta": 0.004709}}
{"target": -17.677229980563364, "params": {"gamma": 19.02564366426613, "log10_alpha": 1.0, "log10_colsample_bytree": 0.0, "log10_eta": -4.0, "log10_lambda": -2.1553996599825456, "log10_min_child_weight": 4.064528699644332, "log10_subsample": -1.0, "max_depth": 2.0, "num_boost_round": 2.0}, "datetime": {"datetime": "2024-01-19 01:37:52", "elapsed": 5225.964292, "delta": 0.00418}}
{"target": -17.677230382437433, "params": {"gamma": 19.02564366426613, "log10_alpha": 1.0, "log10_colsample_bytree": 0.0, "log10_eta": -4.0, "log10_lambda": -2.1553996599825456, "log10_min_child_weight": 4.064528699644332, "log10_subsample": -1.0, "max_depth": 2.0, "num_boost_round": 3.0}, "datetime": {"datetime": "2024-01-19 01:37:52", "elapsed": 5225.96868, "delta": 0.004388}}
{"target": -17.677230997847047, "params": {"gamma": 19.02564366426613, "log10_alpha": 1.0, "log10_colsample_bytree": 0.0, "log10_eta": -4.0, "log10_lambda": -2.1553996599825456, "log10_min_child_weight": 4.064528699644332, "log10_subsample": -1.0, "max_depth": 2.0, "num_boost_round": 4.0}, "datetime": {"datetime": "2024-01-19 01:37:52", "elapsed": 5225.972966, "delta": 0.004286}}
{"target": -17.677229658862455, "params": {"gamma": 19.02564366426613, "log10_alpha": 1.0, "log10_colsample_bytree": 0.0, "log10_eta": -4.0, "log10_lambda": -2.1553996599825456, "log10_min_child_weight": 4.064528699644332, "log10_subsample": -1.0, "max_depth": 2.0, "num_boost_round": 5.0}, "datetime": {"datetime": "2024-01-19 01:37:52", "elapsed": 5225.977281, "delta": 0.004315}}
{"target": -17.677229538277867, "params": {"gamma": 19.02564366426613, "log10_alpha": 1.0, "log10_colsample_bytree": 0.0, "log10_eta": -4.0, "log10_lambda": -2.1553996599825456, "log10_min_child_weight": 4.064528699644332, "log10_subsample": -1.0, "max_depth": 2.0, "num_boost_round": 6.0}, "datetime": {"datetime": "2024-01-19 01:37:52", "elapsed": 5225.981449, "delta": 0.004168}}
{"target": -17.67722996600649, "params": {"gamma": 19.02564366426613, "log10_alpha": 1.0, "log10_colsample_bytree": 0.0, "log10_eta": -4.0, "log10_lambda": -2.1553996599825456, "log10_min_child_weight": 4.064528699644332, "log10_subsample": -1.0, "max_depth": 2.0, "num_boost_round": 7.0}, "datetime": {"datetime": "2024-01-19 01:37:52", "elapsed": 5225.985643, "delta": 0.004194}}
{"target": -17.677229249295127, "params": {"gamma": 19.02564366426613, "log10_alpha": 1.0, "log10_colsample_bytree": 0.0, "log10_eta": -4.0, "log10_lambda": -2.1553996599825456, "log10_min_child_weight": 4.064528699644332, "log10_subsample": -1.0, "max_depth": 2.0, "num_boost_round": 8.0}, "datetime": {"datetime": "2024-01-19 01:37:52", "elapsed": 5225.989865, "delta": 0.004222}}
{"target": -17.67722826440928, "params": {"gamma": 19.02564366426613, "log10_alpha": 1.0, "log10_colsample_bytree": 0.0, "log10_eta": -4.0, "log10_lambda": -2.1553996599825456, "log10_min_child_weight": 4.064528699644332, "log10_subsample": -1.0, "max_depth": 2.0, "num_boost_round": 9.0}, "datetime": {"datetime": "2024-01-19 01:37:52", "elapsed": 5225.993831, "delta": 0.003966}}
{"target": -17.677227112252094, "params": {"gamma": 19.02564366426613, "log10_alpha": 1.0, "log10_colsample_bytree": 0.0, "log10_eta": -4.0, "log10_lambda": -2.1553996599825456, "log10_min_child_weight": 4.064528699644332, "log10_subsample": -1.0, "max_depth": 2.0, "num_boost_round": 10.0}, "datetime": {"datetime": "2024-01-19 01:37:52", "elapsed": 5225.998101, "delta": 0.00427}}
{"target": -17.677227573574637, "params": {"gamma": 19.02564366426613, "log10_alpha": 1.0, "log10_colsample_bytree": 0.0, "log10_eta": -4.0, "log10_lambda": -2.1553996599825456, "log10_min_child_weight": 4.064528699644332, "log10_subsample": -1.0, "max_depth": 2.0, "num_boost_round": 11.0}, "datetime": {"datetime": "2024-01-19 01:37:52", "elapsed": 5226.002065, "delta": 0.003964}}
{"target": -17.67722696748534, "params": {"gamma": 19.02564366426613, "log10_alpha": 1.0, "log10_colsample_bytree": 0.0, "log10_eta": -4.0, "log10_lambda": -2.1553996599825456, "log10_min_child_weight": 4.064528699644332, "log10_subsample": -1.0, "max_depth": 2.0, "num_boost_round": 12.0}, "datetime": {"datetime": "2024-01-19 01:37:52", "elapsed": 5226.006196, "delta": 0.004131}}
{"target": -17.67722767126969, "params": {"gamma": 19.02564366426613, "log10_alpha": 1.0, "log10_colsample_bytree": 0.0, "log10_eta": -4.0, "log10_lambda": -2.1553996599825456, "log10_min_child_weight": 4.064528699644332, "log10_subsample": -1.0, "max_depth": 2.0, "num_boost_round": 13.0}, "datetime": {"datetime": "2024-01-19 01:37:52", "elapsed": 5226.010297, "delta": 0.004101}}
{"target": -17.67722669654897, "params": {"gamma": 19.02564366426613, "log10_alpha": 1.0, "log10_colsample_bytree": 0.0, "log10_eta": -4.0, "log10_lambda": -2.1553996599825456, "log10_min_child_weight": 4.064528699644332, "log10_subsample": -1.0, "max_depth": 2.0, "num_boost_round": 14.0}, "datetime": {"datetime": "2024-01-19 01:37:52", "elapsed": 5226.014775, "delta": 0.004478}}
{"target": -17.677227457207785, "params": {"gamma": 19.02564366426613, "log10_alpha": 1.0, "log10_colsample_bytree": 0.0, "log10_eta": -4.0, "log10_lambda": -2.1553996599825456, "log10_min_child_weight": 4.064528699644332, "log10_subsample": -1.0, "max_depth": 2.0, "num_boost_round": 15.0}, "datetime": {"datetime": "2024-01-19 01:37:52", "elapsed": 5226.019731, "delta": 0.004956}}
{"target": -17.677227750272763, "params": {"gamma": 19.02564366426613, "log10_alpha": 1.0, "log10_colsample_bytree": 0.0, "log10_eta": -4.0, "log10_lambda": -2.1553996599825456, "log10_min_child_weight": 4.064528699644332, "log10_subsample": -1.0, "max_depth": 2.0, "num_boost_round": 16.0}, "datetime": {"datetime": "2024-01-19 01:37:52", "elapsed": 5226.024496, "delta": 0.004765}}
{"target": -17.67722775903769, "params": {"gamma": 19.02564366426613, "log10_alpha": 1.0, "log10_colsample_bytree": 0.0, "log10_eta": -4.0, "log10_lambda": -2.1553996599825456, "log10_min_child_weight": 4.064528699644332, "log10_subsample": -1.0, "max_depth": 2.0, "num_boost_round": 17.0}, "datetime": {"datetime": "2024-01-19 01:37:52", "elapsed": 5226.028762, "delta": 0.004266}}
{"target": -17.677226934898282, "params": {"gamma": 19.02564366426613, "log10_alpha": 1.0, "log10_colsample_bytree": 0.0, "log10_eta": -4.0, "log10_lambda": -2.1553996599825456, "log10_min_child_weight": 4.064528699644332, "log10_subsample": -1.0, "max_depth": 2.0, "num_boost_round": 18.0}, "datetime": {"datetime": "2024-01-19 01:37:52", "elapsed": 5226.033036, "delta": 0.004274}}
{"target": -17.677227731251016, "params": {"gamma": 19.02564366426613, "log10_alpha": 1.0, "log10_colsample_bytree": 0.0, "log10_eta": -4.0, "log10_lambda": -2.1553996599825456, "log10_min_child_weight": 4.064528699644332, "log10_subsample": -1.0, "max_depth": 2.0, "num_boost_round": 19.0}, "datetime": {"datetime": "2024-01-19 01:37:52", "elapsed": 5226.037187, "delta": 0.004151}}
{"target": -17.67722698597011, "params": {"gamma": 19.02564366426613, "log10_alpha": 1.0, "log10_colsample_bytree": 0.0, "log10_eta": -4.0, "log10_lambda": -2.1553996599825456, "log10_min_child_weight": 4.064528699644332, "log10_subsample": -1.0, "max_depth": 2.0, "num_boost_round": 20.0}, "datetime": {"datetime": "2024-01-19 01:37:52", "elapsed": 5226.041176, "delta": 0.003989}}
{"target": -17.677227442598756, "params": {"gamma": 19.02564366426613, "log10_alpha": 1.0, "log10_colsample_bytree": 0.0, "log10_eta": -4.0, "log10_lambda": -2.1553996599825456, "log10_min_child_weight": 4.064528699644332, "log10_subsample": -1.0, "max_depth": 2.0, "num_boost_round": 21.0}, "datetime": {"datetime": "2024-01-19 01:37:52", "elapsed": 5226.045168, "delta": 0.003992}}
{"target": -17.677227444723005, "params": {"gamma": 19.02564366426613, "log10_alpha": 1.0, "log10_colsample_bytree": 0.0, "log10_eta": -4.0, "log10_lambda": -2.1553996599825456, "log10_min_child_weight": 4.064528699644332, "log10_subsample": -1.0, "max_depth": 2.0, "num_boost_round": 22.0}, "datetime": {"datetime": "2024-01-19 01:37:52", "elapsed": 5226.049219, "delta": 0.004051}}
{"target": -17.677227679670583, "params": {"gamma": 19.02564366426613, "log10_alpha": 1.0, "log10_colsample_bytree": 0.0, "log10_eta": -4.0, "log10_lambda": -2.1553996599825456, "log10_min_child_weight": 4.064528699644332, "log10_subsample": -1.0, "max_depth": 2.0, "num_boost_round": 23.0}, "datetime": {"datetime": "2024-01-19 01:37:52", "elapsed": 5226.053263, "delta": 0.004044}}
{"target": -17.677228269100354, "params": {"gamma": 19.02564366426613, "log10_alpha": 1.0, "log10_colsample_bytree": 0.0, "log10_eta": -4.0, "log10_lambda": -2.1553996599825456, "log10_min_child_weight": 4.064528699644332, "log10_subsample": -1.0, "max_depth": 2.0, "num_boost_round": 24.0}, "datetime": {"datetime": "2024-01-19 01:37:52", "elapsed": 5226.057389, "delta": 0.004126}}
