{"target": -17.70577618299552, "params": {"gamma": 863.5935593652061, "log10_alpha": -2.4823489597329687, "log10_colsample_bytree": -0.27239318121976885, "log10_eta": -1.425572035849647, "log10_lambda": -3.792339596687068, "log10_min_child_weight": 2.283372074816729, "log10_subsample": -0.876772275136583, "max_depth": 7.0, "num_boost_round": 31.0}, "datetime": {"datetime": "2024-01-19 01:28:26", "elapsed": 4587.122872, "delta": 0.005039}}
{"target": -17.70693503079368, "params": {"gamma": 863.5935593652061, "log10_alpha": -2.4823489597329687, "log10_colsample_bytree": -0.27239318121976885, "log10_eta": -1.425572035849647, "log10_lambda": -3.792339596687068, "log10_min_child_weight": 2.283372074816729, "log10_subsample": -0.876772275136583, "max_depth": 7.0, "num_boost_round": 32.0}, "datetime": {"datetime": "2024-01-19 01:28:26", "elapsed": 4587.127622, "delta": 0.00475}}
{"target": -17.708265373183448, "params": {"gamma": 863.5935593652061, "log10_alpha": -2.4823489597329687, "log10_colsample_bytree": -0.27239318121976885, "log10_eta": -1.425572035849647, "log10_lambda": -3.792339596687068, "log10_min_child_weight": 2.283372074816729, "log10_subsample": -0.876772275136583, "max_depth": 7.0, "num_boost_round": 33.0}, "datetime": {"datetime": "2024-01-19 01:28:26", "elapsed": 4587.132498, "delta": 0.004876}}
{"target": -17.711462026317413, "params": {"gamma": 863.5935593652061, "log10_alpha": -2.4823489597329687, "log10_colsample_bytree": -0.27239318121976885, "log10_eta": -1.425572035849647, "log10_lambda": -3.792339596687068, "log10_min_child_weight": 2.283372074816729, "log10_subsample": -0.876772275136583, "max_depth": 7.0, "num_boost_round": 34.0}, "datetime": {"datetime": "2024-01-19 01:28:26", "elapsed": 4587.137145, "delta": 0.004647}}
{"target": -17.713645810194894, "params": {"gamma": 863.5935593652061, "log10_alpha": -2.4823489597329687, "log10_colsample_bytree": -0.27239318121976885, "log10_eta": -1.425572035849647, "log10_lambda": -3.792339596687068, "log10_min_child_weight": 2.283372074816729, "log10_subsample": -0.876772275136583, "max_depth": 7.0, "num_boost_round": 35.0}, "datetime": {"datetime": "2024-01-19 01:28:26", "elapsed": 4587.1419, "delta": 0.004755}}
{"target": -17.715894434927165, "params": {"gamma": 863.5935593652061, "log10_alpha": -2.4823489597329687, "log10_colsample_bytree": -0.27239318121976885, "log10_eta": -1.425572035849647, "log10_lambda": -3.792339596687068, "log10_min_child_weight": 2.283372074816729, "log10_subsample": -0.876772275136583, "max_depth": 7.0, "num_boost_round": 36.0}, "datetime": {"datetime": "2024-01-19 01:28:26", "elapsed": 4587.146538, "delta": 0.004638}}
{"target": -17.718226239410566, "params": {"gamma": 863.5935593652061, "log10_alpha": -2.4823489597329687, "log10_colsample_bytree": -0.27239318121976885, "log10_eta": -1.425572035849647, "log10_lambda": -3.792339596687068, "log10_min_child_weight": 2.283372074816729, "log10_subsample": -0.876772275136583, "max_depth": 7.0, "num_boost_round": 37.0}, "datetime": {"datetime": "2024-01-19 01:28:26", "elapsed": 4587.151274, "delta": 0.004736}}
{"target": -17.720806951510152, "params": {"gamma": 863.5935593652061, "log10_alpha": -2.4823489597329687, "log10_colsample_bytree": -0.27239318121976885, "log10_eta": -1.425572035849647, "log10_lambda": -3.792339596687068, "log10_min_child_weight": 2.283372074816729, "log10_subsample": -0.876772275136583, "max_depth": 7.0, "num_boost_round": 38.0}, "datetime": {"datetime": "2024-01-19 01:28:26", "elapsed": 4587.156118, "delta": 0.004844}}
{"target": -17.724495561932788, "params": {"gamma": 863.5935593652061, "log10_alpha": -2.4823489597329687, "log10_colsample_bytree": -0.27239318121976885, "log10_eta": -1.425572035849647, "log10_lambda": -3.792339596687068, "log10_min_child_weight": 2.283372074816729, "log10_subsample": -0.876772275136583, "max_depth": 7.0, "num_boost_round": 39.0}, "datetime": {"datetime": "2024-01-19 01:28:26", "elapsed": 4587.160825, "delta": 0.004707}}
{"target": -17.727147438600632, "params": {"gamma": 863.5935593652061, "log10_alpha": -2.4823489597329687, "log10_colsample_bytree": -0.27239318121976885, "log10_eta": -1.425572035849647, "log10_lambda": -3.792339596687068, "log10_min_child_weight": 2.283372074816729, "log10_subsample": -0.876772275136583, "max_depth": 7.0, "num_boost_round": 40.0}, "datetime": {"datetime": "2024-01-19 01:28:26", "elapsed": 4587.165436, "delta": 0.004611}}
{"target": -17.72939232627724, "params": {"gamma": 863.5935593652061, "log10_alpha": -2.4823489597329687, "log10_colsample_bytree": -0.27239318121976885, "log10_eta": -1.425572035849647, "log10_lambda": -3.792339596687068, "log10_min_child_weight": 2.283372074816729, "log10_subsample": -0.876772275136583, "max_depth": 7.0, "num_boost_round": 41.0}, "datetime": {"datetime": "2024-01-19 01:28:26", "elapsed": 4587.170231, "delta": 0.004795}}
{"target": -17.73165463865792, "params": {"gamma": 863.5935593652061, "log10_alpha": -2.4823489597329687, "log10_colsample_bytree": -0.27239318121976885, "log10_eta": -1.425572035849647, "log10_lambda": -3.792339596687068, "log10_min_child_weight": 2.283372074816729, "log10_subsample": -0.876772275136583, "max_depth": 7.0, "num_boost_round": 42.0}, "datetime": {"datetime": "2024-01-19 01:28:26", "elapsed": 4587.179677, "delta": 0.009446}}
{"target": -17.732204083715654, "params": {"gamma": 863.5935593652061, "log10_alpha": -2.4823489597329687, "log10_colsample_bytree": -0.27239318121976885, "log10_eta": -1.425572035849647, "log10_lambda": -3.792339596687068, "log10_min_child_weight": 2.283372074816729, "log10_subsample": -0.876772275136583, "max_depth": 7.0, "num_boost_round": 43.0}, "datetime": {"datetime": "2024-01-19 01:28:26", "elapsed": 4587.184996, "delta": 0.005319}}
{"target": -17.73526627922225, "params": {"gamma": 863.5935593652061, "log10_alpha": -2.4823489597329687, "log10_colsample_bytree": -0.27239318121976885, "log10_eta": -1.425572035849647, "log10_lambda": -3.792339596687068, "log10_min_child_weight": 2.283372074816729, "log10_subsample": -0.876772275136583, "max_depth": 7.0, "num_boost_round": 44.0}, "datetime": {"datetime": "2024-01-19 01:28:26", "elapsed": 4587.189921, "delta": 0.004925}}
{"target": -17.67723190795427, "params": {"gamma": 866.7108304456184, "log10_alpha": -0.7506042661738601, "log10_colsample_bytree": -0.850090586474683, "log10_eta": -4.0, "log10_lambda": 1.0, "log10_min_child_weight": 4.694464692798908, "log10_subsample": -0.20912110803229286, "max_depth": 10.0, "num_boost_round": 0.0}, "datetime": {"datetime": "2024-01-19 01:29:45", "elapsed": 4665.956089, "delta": 78.766168}}
{"target": -17.67723105744766, "params": {"gamma": 866.7108304456184, "log10_alpha": -0.7506042661738601, "log10_colsample_bytree": -0.850090586474683, "log10_eta": -4.0, "log10_lambda": 1.0, "log10_min_child_weight": 4.694464692798908, "log10_subsample": -0.20912110803229286, "max_depth": 10.0, "num_boost_round": 1.0}, "datetime": {"datetime": "2024-01-19 01:29:45", "elapsed": 4665.962038, "delta": 0.005949}}
{"target": -17.677231176700452, "params": {"gamma": 866.7108304456184, "log10_alpha": -0.7506042661738601, "log10_colsample_bytree": -0.850090586474683, "log10_eta": -4.0, "log10_lambda": 1.0, "log10_min_child_weight": 4.694464692798908, "log10_subsample": -0.20912110803229286, "max_depth": 10.0, "num_boost_round": 2.0}, "datetime": {"datetime": "2024-01-19 01:29:45", "elapsed": 4665.9669, "delta": 0.004862}}
{"target": -17.67723069895403, "params": {"gamma": 866.7108304456184, "log10_alpha": -0.7506042661738601, "log10_colsample_bytree": -0.850090586474683, "log10_eta": -4.0, "log10_lambda": 1.0, "log10_min_child_weight": 4.694464692798908, "log10_subsample": -0.20912110803229286, "max_depth": 10.0, "num_boost_round": 3.0}, "datetime": {"datetime": "2024-01-19 01:29:45", "elapsed": 4665.971667, "delta": 0.004767}}
{"target": -17.67722973148625, "params": {"gamma": 866.7108304456184, "log10_alpha": -0.7506042661738601, "log10_colsample_bytree": -0.850090586474683, "log10_eta": -4.0, "log10_lambda": 1.0, "log10_min_child_weight": 4.694464692798908, "log10_subsample": -0.20912110803229286, "max_depth": 10.0, "num_boost_round": 4.0}, "datetime": {"datetime": "2024-01-19 01:29:45", "elapsed": 4665.976653, "delta": 0.004986}}
{"target": -17.67722933618269, "params": {"gamma": 866.7108304456184, "log10_alpha": -0.7506042661738601, "log10_colsample_bytree": -0.850090586474683, "log10_eta": -4.0, "log10_lambda": 1.0, "log10_min_child_weight": 4.694464692798908, "log10_subsample": -0.20912110803229286, "max_depth": 10.0, "num_boost_round": 5.0}, "datetime": {"datetime": "2024-01-19 01:29:45", "elapsed": 4665.981427, "delta": 0.004774}}
{"target": -17.677228917661935, "params": {"gamma": 866.7108304456184, "log10_alpha": -0.7506042661738601, "log10_colsample_bytree": -0.850090586474683, "log10_eta": -4.0, "log10_lambda": 1.0, "log10_min_child_weight": 4.694464692798908, "log10_subsample": -0.20912110803229286, "max_depth": 10.0, "num_boost_round": 6.0}, "datetime": {"datetime": "2024-01-19 01:29:45", "elapsed": 4665.986133, "delta": 0.004706}}
{"target": -17.677228499953547, "params": {"gamma": 866.7108304456184, "log10_alpha": -0.7506042661738601, "log10_colsample_bytree": -0.850090586474683, "log10_eta": -4.0, "log10_lambda": 1.0, "log10_min_child_weight": 4.694464692798908, "log10_subsample": -0.20912110803229286, "max_depth": 10.0, "num_boost_round": 7.0}, "datetime": {"datetime": "2024-01-19 01:29:45", "elapsed": 4665.990811, "delta": 0.004678}}
{"target": -17.677228603353694, "params": {"gamma": 866.7108304456184, "log10_alpha": -0.7506042661738601, "log10_colsample_bytree": -0.850090586474683, "log10_eta": -4.0, "log10_lambda": 1.0, "log10_min_child_weight": 4.694464692798908, "log10_subsample": -0.20912110803229286, "max_depth": 10.0, "num_boost_round": 8.0}, "datetime": {"datetime": "2024-01-19 01:29:45", "elapsed": 4665.995568, "delta": 0.004757}}
{"target": -17.67722930634675, "params": {"gamma": 866.7108304456184, "log10_alpha": -0.7506042661738601, "log10_colsample_bytree": -0.850090586474683, "log10_eta": -4.0, "log10_lambda": 1.0, "log10_min_child_weight": 4.694464692798908, "log10_subsample": -0.20912110803229286, "max_depth": 10.0, "num_boost_round": 9.0}, "datetime": {"datetime": "2024-01-19 01:29:45", "elapsed": 4666.000338, "delta": 0.00477}}
{"target": -17.677229185861613, "params": {"gamma": 866.7108304456184, "log10_alpha": -0.7506042661738601, "log10_colsample_bytree": -0.850090586474683, "log10_eta": -4.0, "log10_lambda": 1.0, "log10_min_child_weight": 4.694464692798908, "log10_subsample": -0.20912110803229286, "max_depth": 10.0, "num_boost_round": 10.0}, "datetime": {"datetime": "2024-01-19 01:29:45", "elapsed": 4666.00515, "delta": 0.004812}}
{"target": -17.677228281041746, "params": {"gamma": 866.7108304456184, "log10_alpha": -0.7506042661738601, "log10_colsample_bytree": -0.850090586474683, "log10_eta": -4.0, "log10_lambda": 1.0, "log10_min_child_weight": 4.694464692798908, "log10_subsample": -0.20912110803229286, "max_depth": 10.0, "num_boost_round": 11.0}, "datetime": {"datetime": "2024-01-19 01:29:45", "elapsed": 4666.009861, "delta": 0.004711}}
{"target": -17.67722786681979, "params": {"gamma": 866.7108304456184, "log10_alpha": -0.7506042661738601, "log10_colsample_bytree": -0.850090586474683, "log10_eta": -4.0, "log10_lambda": 1.0, "log10_min_child_weight": 4.694464692798908, "log10_subsample": -0.20912110803229286, "max_depth": 10.0, "num_boost_round": 12.0}, "datetime": {"datetime": "2024-01-19 01:29:45", "elapsed": 4666.01457, "delta": 0.004709}}
{"target": -17.677226350318644, "params": {"gamma": 866.7108304456184, "log10_alpha": -0.7506042661738601, "log10_colsample_bytree": -0.850090586474683, "log10_eta": -4.0, "log10_lambda": 1.0, "log10_min_child_weight": 4.694464692798908, "log10_subsample": -0.20912110803229286, "max_depth": 10.0, "num_boost_round": 13.0}, "datetime": {"datetime": "2024-01-19 01:29:45", "elapsed": 4666.019227, "delta": 0.004657}}
{"target": -17.677226400283963, "params": {"gamma": 866.7108304456184, "log10_alpha": -0.7506042661738601, "log10_colsample_bytree": -0.850090586474683, "log10_eta": -4.0, "log10_lambda": 1.0, "log10_min_child_weight": 4.694464692798908, "log10_subsample": -0.20912110803229286, "max_depth": 10.0, "num_boost_round": 14.0}, "datetime": {"datetime": "2024-01-19 01:29:45", "elapsed": 4666.024178, "delta": 0.004951}}
{"target": -17.677224762755106, "params": {"gamma": 866.7108304456184, "log10_alpha": -0.7506042661738601, "log10_colsample_bytree": -0.850090586474683, "log10_eta": -4.0, "log10_lambda": 1.0, "log10_min_child_weight": 4.694464692798908, "log10_subsample": -0.20912110803229286, "max_depth": 10.0, "num_boost_round": 15.0}, "datetime": {"datetime": "2024-01-19 01:29:45", "elapsed": 4666.028938, "delta": 0.00476}}
{"target": -17.677222679715058, "params": {"gamma": 866.7108304456184, "log10_alpha": -0.7506042661738601, "log10_colsample_bytree": -0.850090586474683, "log10_eta": -4.0, "log10_lambda": 1.0, "log10_min_child_weight": 4.694464692798908, "log10_subsample": -0.20912110803229286, "max_depth": 10.0, "num_boost_round": 16.0}, "datetime": {"datetime": "2024-01-19 01:29:45", "elapsed": 4666.033596, "delta": 0.004658}}
{"target": -17.677221544375055, "params": {"gamma": 866.7108304456184, "log10_alpha": -0.7506042661738601, "log10_colsample_bytree": -0.850090586474683, "log10_eta": -4.0, "log10_lambda": 1.0, "log10_min_child_weight": 4.694464692798908, "log10_subsample": -0.20912110803229286, "max_depth": 10.0, "num_boost_round": 17.0}, "datetime": {"datetime": "2024-01-19 01:29:45", "elapsed": 4666.038385, "delta": 0.004789}}
{"target": -17.677220153364065, "params": {"gamma": 866.7108304456184, "log10_alpha": -0.7506042661738601, "log10_colsample_bytree": -0.850090586474683, "log10_eta": -4.0, "log10_lambda": 1.0, "log10_min_child_weight": 4.694464692798908, "log10_subsample": -0.20912110803229286, "max_depth": 10.0, "num_boost_round": 18.0}, "datetime": {"datetime": "2024-01-19 01:29:45", "elapsed": 4666.043203, "delta": 0.004818}}
{"target": -17.677218764552443, "params": {"gamma": 866.7108304456184, "log10_alpha": -0.7506042661738601, "log10_colsample_bytree": -0.850090586474683, "log10_eta": -4.0, "log10_lambda": 1.0, "log10_min_child_weight": 4.694464692798908, "log10_subsample": -0.20912110803229286, "max_depth": 10.0, "num_boost_round": 19.0}, "datetime": {"datetime": "2024-01-19 01:29:45", "elapsed": 4666.047826, "delta": 0.004623}}
{"target": -17.677219506714035, "params": {"gamma": 866.7108304456184, "log10_alpha": -0.7506042661738601, "log10_colsample_bytree": -0.850090586474683, "log10_eta": -4.0, "log10_lambda": 1.0, "log10_min_child_weight": 4.694464692798908, "log10_subsample": -0.20912110803229286, "max_depth": 10.0, "num_boost_round": 20.0}, "datetime": {"datetime": "2024-01-19 01:29:45", "elapsed": 4666.05269, "delta": 0.004864}}
{"target": -17.677218814124746, "params": {"gamma": 866.7108304456184, "log10_alpha": -0.7506042661738601, "log10_colsample_bytree": -0.850090586474683, "log10_eta": -4.0, "log10_lambda": 1.0, "log10_min_child_weight": 4.694464692798908, "log10_subsample": -0.20912110803229286, "max_depth": 10.0, "num_boost_round": 21.0}, "datetime": {"datetime": "2024-01-19 01:29:45", "elapsed": 4666.057567, "delta": 0.004877}}
{"target": -17.67721811165827, "params": {"gamma": 866.7108304456184, "log10_alpha": -0.7506042661738601, "log10_colsample_bytree": -0.850090586474683, "log10_eta": -4.0, "log10_lambda": 1.0, "log10_min_child_weight": 4.694464692798908, "log10_subsample": -0.20912110803229286, "max_depth": 10.0, "num_boost_round": 22.0}, "datetime": {"datetime": "2024-01-19 01:29:45", "elapsed": 4666.062282, "delta": 0.004715}}
{"target": -17.677216817472274, "params": {"gamma": 866.7108304456184, "log10_alpha": -0.7506042661738601, "log10_colsample_bytree": -0.850090586474683, "log10_eta": -4.0, "log10_lambda": 1.0, "log10_min_child_weight": 4.694464692798908, "log10_subsample": -0.20912110803229286, "max_depth": 10.0, "num_boost_round": 23.0}, "datetime": {"datetime": "2024-01-19 01:29:45", "elapsed": 4666.066805, "delta": 0.004523}}
{"target": -17.67721555967916, "params": {"gamma": 866.7108304456184, "log10_alpha": -0.7506042661738601, "log10_colsample_bytree": -0.850090586474683, "log10_eta": -4.0, "log10_lambda": 1.0, "log10_min_child_weight": 4.694464692798908, "log10_subsample": -0.20912110803229286, "max_depth": 10.0, "num_boost_round": 24.0}, "datetime": {"datetime": "2024-01-19 01:29:45", "elapsed": 4666.071377, "delta": 0.004572}}
{"target": -17.677214664774397, "params": {"gamma": 866.7108304456184, "log10_alpha": -0.7506042661738601, "log10_colsample_bytree": -0.850090586474683, "log10_eta": -4.0, "log10_lambda": 1.0, "log10_min_child_weight": 4.694464692798908, "log10_subsample": -0.20912110803229286, "max_depth": 10.0, "num_boost_round": 25.0}, "datetime": {"datetime": "2024-01-19 01:29:45", "elapsed": 4666.076212, "delta": 0.004835}}
{"target": -17.677214848025184, "params": {"gamma": 866.7108304456184, "log10_alpha": -0.7506042661738601, "log10_colsample_bytree": -0.850090586474683, "log10_eta": -4.0, "log10_lambda": 1.0, "log10_min_child_weight": 4.694464692798908, "log10_subsample": -0.20912110803229286, "max_depth": 10.0, "num_boost_round": 26.0}, "datetime": {"datetime": "2024-01-19 01:29:45", "elapsed": 4666.081336, "delta": 0.005124}}
{"target": -17.6772135906555, "params": {"gamma": 866.7108304456184, "log10_alpha": -0.7506042661738601, "log10_colsample_bytree": -0.850090586474683, "log10_eta": -4.0, "log10_lambda": 1.0, "log10_min_child_weight": 4.694464692798908, "log10_subsample": -0.20912110803229286, "max_depth": 10.0, "num_boost_round": 27.0}, "datetime": {"datetime": "2024-01-19 01:29:45", "elapsed": 4666.086079, "delta": 0.004743}}
{"target": -17.67721150228021, "params": {"gamma": 866.7108304456184, "log10_alpha": -0.7506042661738601, "log10_colsample_bytree": -0.850090586474683, "log10_eta": -4.0, "log10_lambda": 1.0, "log10_min_child_weight": 4.694464692798908, "log10_subsample": -0.20912110803229286, "max_depth": 10.0, "num_boost_round": 28.0}, "datetime": {"datetime": "2024-01-19 01:29:45", "elapsed": 4666.090799, "delta": 0.00472}}
{"target": -17.67721053192544, "params": {"gamma": 866.7108304456184, "log10_alpha": -0.7506042661738601, "log10_colsample_bytree": -0.850090586474683, "log10_eta": -4.0, "log10_lambda": 1.0, "log10_min_child_weight": 4.694464692798908, "log10_subsample": -0.20912110803229286, "max_depth": 10.0, "num_boost_round": 29.0}, "datetime": {"datetime": "2024-01-19 01:29:45", "elapsed": 4666.095583, "delta": 0.004784}}
{"target": -17.67721032064039, "params": {"gamma": 866.7108304456184, "log10_alpha": -0.7506042661738601, "log10_colsample_bytree": -0.850090586474683, "log10_eta": -4.0, "log10_lambda": 1.0, "log10_min_child_weight": 4.694464692798908, "log10_subsample": -0.20912110803229286, "max_depth": 10.0, "num_boost_round": 30.0}, "datetime": {"datetime": "2024-01-19 01:29:45", "elapsed": 4666.100486, "delta": 0.004903}}
{"target": -17.677209553786167, "params": {"gamma": 866.7108304456184, "log10_alpha": -0.7506042661738601, "log10_colsample_bytree": -0.850090586474683, "log10_eta": -4.0, "log10_lambda": 1.0, "log10_min_child_weight": 4.694464692798908, "log10_subsample": -0.20912110803229286, "max_depth": 10.0, "num_boost_round": 31.0}, "datetime": {"datetime": "2024-01-19 01:29:45", "elapsed": 4666.105107, "delta": 0.004621}}
{"target": -17.677208314809317, "params": {"gamma": 866.7108304456184, "log10_alpha": -0.7506042661738601, "log10_colsample_bytree": -0.850090586474683, "log10_eta": -4.0, "log10_lambda": 1.0, "log10_min_child_weight": 4.694464692798908, "log10_subsample": -0.20912110803229286, "max_depth": 10.0, "num_boost_round": 32.0}, "datetime": {"datetime": "2024-01-19 01:29:45", "elapsed": 4666.109873, "delta": 0.004766}}
{"target": -17.677207532342603, "params": {"gamma": 866.7108304456184, "log10_alpha": -0.7506042661738601, "log10_colsample_bytree": -0.850090586474683, "log10_eta": -4.0, "log10_lambda": 1.0, "log10_min_child_weight": 4.694464692798908, "log10_subsample": -0.20912110803229286, "max_depth": 10.0, "num_boost_round": 33.0}, "datetime": {"datetime": "2024-01-19 01:29:45", "elapsed": 4666.114674, "delta": 0.004801}}
{"target": -17.677206994352566, "params": {"gamma": 866.7108304456184, "log10_alpha": -0.7506042661738601, "log10_colsample_bytree": -0.850090586474683, "log10_eta": -4.0, "log10_lambda": 1.0, "log10_min_child_weight": 4.694464692798908, "log10_subsample": -0.20912110803229286, "max_depth": 10.0, "num_boost_round": 34.0}, "datetime": {"datetime": "2024-01-19 01:29:45", "elapsed": 4666.119413, "delta": 0.004739}}
{"target": -17.677205983103136, "params": {"gamma": 866.7108304456184, "log10_alpha": -0.7506042661738601, "log10_colsample_bytree": -0.850090586474683, "log10_eta": -4.0, "log10_lambda": 1.0, "log10_min_child_weight": 4.694464692798908, "log10_subsample": -0.20912110803229286, "max_depth": 10.0, "num_boost_round": 35.0}, "datetime": {"datetime": "2024-01-19 01:29:45", "elapsed": 4666.12438, "delta": 0.004967}}
{"target": -17.67702627342228, "params": {"gamma": 865.3058131973277, "log10_alpha": -4.933502928516887, "log10_colsample_bytree": -0.12696387802206655, "log10_eta": -2.650164004024936, "log10_lambda": -0.2595231202625463, "log10_min_child_weight": 2.0038961012983143, "log10_subsample": -0.9508990718767878, "max_depth": 8.0, "num_boost_round": 0.0}, "datetime": {"datetime": "2024-01-19 01:31:28", "elapsed": 4769.638665, "delta": 103.514285}}
