{"target": -13.758300343949319, "params": {"gamma": 878.4394717679097, "log10_alpha": -3.138648018018186, "log10_colsample_bytree": -0.3793293094230008, "log10_eta": -3.5257504849277312, "log10_lambda": -4.941937059337252, "log10_min_child_weight": 0.43668886184523525, "log10_subsample": -0.2432224762133116, "max_depth": 9.0, "num_boost_round": 28.0}, "datetime": {"datetime": "2024-01-19 01:01:39", "elapsed": 3004.091504, "delta": 0.00368}}
{"target": -13.75830541152804, "params": {"gamma": 878.4394717679097, "log10_alpha": -3.138648018018186, "log10_colsample_bytree": -0.3793293094230008, "log10_eta": -3.5257504849277312, "log10_lambda": -4.941937059337252, "log10_min_child_weight": 0.43668886184523525, "log10_subsample": -0.2432224762133116, "max_depth": 9.0, "num_boost_round": 29.0}, "datetime": {"datetime": "2024-01-19 01:01:39", "elapsed": 3004.095303, "delta": 0.003799}}
{"target": -13.758318050030521, "params": {"gamma": 878.4394717679097, "log10_alpha": -3.138648018018186, "log10_colsample_bytree": -0.3793293094230008, "log10_eta": -3.5257504849277312, "log10_lambda": -4.941937059337252, "log10_min_child_weight": 0.43668886184523525, "log10_subsample": -0.2432224762133116, "max_depth": 9.0, "num_boost_round": 30.0}, "datetime": {"datetime": "2024-01-19 01:01:39", "elapsed": 3004.098939, "delta": 0.003636}}
{"target": -13.7583076409208, "params": {"gamma": 878.4394717679097, "log10_alpha": -3.138648018018186, "log10_colsample_bytree": -0.3793293094230008, "log10_eta": -3.5257504849277312, "log10_lambda": -4.941937059337252, "log10_min_child_weight": 0.43668886184523525, "log10_subsample": -0.2432224762133116, "max_depth": 9.0, "num_boost_round": 31.0}, "datetime": {"datetime": "2024-01-19 01:01:39", "elapsed": 3004.102588, "delta": 0.003649}}
{"target": -13.758314778733551, "params": {"gamma": 878.4394717679097, "log10_alpha": -3.138648018018186, "log10_colsample_bytree": -0.3793293094230008, "log10_eta": -3.5257504849277312, "log10_lambda": -4.941937059337252, "log10_min_child_weight": 0.43668886184523525, "log10_subsample": -0.2432224762133116, "max_depth": 9.0, "num_boost_round": 32.0}, "datetime": {"datetime": "2024-01-19 01:01:39", "elapsed": 3004.10624, "delta": 0.003652}}
{"target": -13.758291359637754, "params": {"gamma": 878.4394717679097, "log10_alpha": -3.138648018018186, "log10_colsample_bytree": -0.3793293094230008, "log10_eta": -3.5257504849277312, "log10_lambda": -4.941937059337252, "log10_min_child_weight": 0.43668886184523525, "log10_subsample": -0.2432224762133116, "max_depth": 9.0, "num_boost_round": 33.0}, "datetime": {"datetime": "2024-01-19 01:01:39", "elapsed": 3004.109897, "delta": 0.003657}}
{"target": -13.758269868352928, "params": {"gamma": 878.4394717679097, "log10_alpha": -3.138648018018186, "log10_colsample_bytree": -0.3793293094230008, "log10_eta": -3.5257504849277312, "log10_lambda": -4.941937059337252, "log10_min_child_weight": 0.43668886184523525, "log10_subsample": -0.2432224762133116, "max_depth": 9.0, "num_boost_round": 34.0}, "datetime": {"datetime": "2024-01-19 01:01:39", "elapsed": 3004.113725, "delta": 0.003828}}
{"target": -13.758238303417059, "params": {"gamma": 878.4394717679097, "log10_alpha": -3.138648018018186, "log10_colsample_bytree": -0.3793293094230008, "log10_eta": -3.5257504849277312, "log10_lambda": -4.941937059337252, "log10_min_child_weight": 0.43668886184523525, "log10_subsample": -0.2432224762133116, "max_depth": 9.0, "num_boost_round": 35.0}, "datetime": {"datetime": "2024-01-19 01:01:39", "elapsed": 3004.117386, "delta": 0.003661}}
{"target": -13.758216159442535, "params": {"gamma": 878.4394717679097, "log10_alpha": -3.138648018018186, "log10_colsample_bytree": -0.3793293094230008, "log10_eta": -3.5257504849277312, "log10_lambda": -4.941937059337252, "log10_min_child_weight": 0.43668886184523525, "log10_subsample": -0.2432224762133116, "max_depth": 9.0, "num_boost_round": 36.0}, "datetime": {"datetime": "2024-01-19 01:01:39", "elapsed": 3004.121049, "delta": 0.003663}}
{"target": -13.758534791126788, "params": {"gamma": 873.8498439372603, "log10_alpha": -2.5012838781258626, "log10_colsample_bytree": -0.33388214818757755, "log10_eta": -3.744870349042034, "log10_lambda": -0.4505714996277437, "log10_min_child_weight": 3.3960364943097696, "log10_subsample": -0.802680880267582, "max_depth": 5.0, "num_boost_round": 0.0}, "datetime": {"datetime": "2024-01-19 01:02:25", "elapsed": 3049.79893, "delta": 45.677881}}
{"target": -13.758529122112918, "params": {"gamma": 873.8498439372603, "log10_alpha": -2.5012838781258626, "log10_colsample_bytree": -0.33388214818757755, "log10_eta": -3.744870349042034, "log10_lambda": -0.4505714996277437, "log10_min_child_weight": 3.3960364943097696, "log10_subsample": -0.802680880267582, "max_depth": 5.0, "num_boost_round": 1.0}, "datetime": {"datetime": "2024-01-19 01:02:25", "elapsed": 3049.803319, "delta": 0.004389}}
{"target": -13.758528778198237, "params": {"gamma": 873.8498439372603, "log10_alpha": -2.5012838781258626, "log10_colsample_bytree": -0.33388214818757755, "log10_eta": -3.744870349042034, "log10_lambda": -0.4505714996277437, "log10_min_child_weight": 3.3960364943097696, "log10_subsample": -0.802680880267582, "max_depth": 5.0, "num_boost_round": 2.0}, "datetime": {"datetime": "2024-01-19 01:02:25", "elapsed": 3049.80716, "delta": 0.003841}}
{"target": -13.758530204333354, "params": {"gamma": 873.8498439372603, "log10_alpha": -2.5012838781258626, "log10_colsample_bytree": -0.33388214818757755, "log10_eta": -3.744870349042034, "log10_lambda": -0.4505714996277437, "log10_min_child_weight": 3.3960364943097696, "log10_subsample": -0.802680880267582, "max_depth": 5.0, "num_boost_round": 3.0}, "datetime": {"datetime": "2024-01-19 01:02:25", "elapsed": 3049.810964, "delta": 0.003804}}
{"target": -13.758528297302542, "params": {"gamma": 873.8498439372603, "log10_alpha": -2.5012838781258626, "log10_colsample_bytree": -0.33388214818757755, "log10_eta": -3.744870349042034, "log10_lambda": -0.4505714996277437, "log10_min_child_weight": 3.3960364943097696, "log10_subsample": -0.802680880267582, "max_depth": 5.0, "num_boost_round": 4.0}, "datetime": {"datetime": "2024-01-19 01:02:25", "elapsed": 3049.814809, "delta": 0.003845}}
{"target": -13.758526659761797, "params": {"gamma": 873.8498439372603, "log10_alpha": -2.5012838781258626, "log10_colsample_bytree": -0.33388214818757755, "log10_eta": -3.744870349042034, "log10_lambda": -0.4505714996277437, "log10_min_child_weight": 3.3960364943097696, "log10_subsample": -0.802680880267582, "max_depth": 5.0, "num_boost_round": 5.0}, "datetime": {"datetime": "2024-01-19 01:02:25", "elapsed": 3049.818508, "delta": 0.003699}}
{"target": -13.758523439059951, "params": {"gamma": 873.8498439372603, "log10_alpha": -2.5012838781258626, "log10_colsample_bytree": -0.33388214818757755, "log10_eta": -3.744870349042034, "log10_lambda": -0.4505714996277437, "log10_min_child_weight": 3.3960364943097696, "log10_subsample": -0.802680880267582, "max_depth": 5.0, "num_boost_round": 6.0}, "datetime": {"datetime": "2024-01-19 01:02:25", "elapsed": 3049.822205, "delta": 0.003697}}
{"target": -13.758521110430896, "params": {"gamma": 873.8498439372603, "log10_alpha": -2.5012838781258626, "log10_colsample_bytree": -0.33388214818757755, "log10_eta": -3.744870349042034, "log10_lambda": -0.4505714996277437, "log10_min_child_weight": 3.3960364943097696, "log10_subsample": -0.802680880267582, "max_depth": 5.0, "num_boost_round": 7.0}, "datetime": {"datetime": "2024-01-19 01:02:25", "elapsed": 3049.825906, "delta": 0.003701}}
{"target": -13.758518583543482, "params": {"gamma": 873.8498439372603, "log10_alpha": -2.5012838781258626, "log10_colsample_bytree": -0.33388214818757755, "log10_eta": -3.744870349042034, "log10_lambda": -0.4505714996277437, "log10_min_child_weight": 3.3960364943097696, "log10_subsample": -0.802680880267582, "max_depth": 5.0, "num_boost_round": 8.0}, "datetime": {"datetime": "2024-01-19 01:02:25", "elapsed": 3049.829633, "delta": 0.003727}}
{"target": -13.758519359118727, "params": {"gamma": 873.8498439372603, "log10_alpha": -2.5012838781258626, "log10_colsample_bytree": -0.33388214818757755, "log10_eta": -3.744870349042034, "log10_lambda": -0.4505714996277437, "log10_min_child_weight": 3.3960364943097696, "log10_subsample": -0.802680880267582, "max_depth": 5.0, "num_boost_round": 9.0}, "datetime": {"datetime": "2024-01-19 01:02:25", "elapsed": 3049.83359, "delta": 0.003957}}
{"target": -13.758516779481576, "params": {"gamma": 873.8498439372603, "log10_alpha": -2.5012838781258626, "log10_colsample_bytree": -0.33388214818757755, "log10_eta": -3.744870349042034, "log10_lambda": -0.4505714996277437, "log10_min_child_weight": 3.3960364943097696, "log10_subsample": -0.802680880267582, "max_depth": 5.0, "num_boost_round": 10.0}, "datetime": {"datetime": "2024-01-19 01:02:25", "elapsed": 3049.83754, "delta": 0.00395}}
{"target": -13.758513094752624, "params": {"gamma": 873.8498439372603, "log10_alpha": -2.5012838781258626, "log10_colsample_bytree": -0.33388214818757755, "log10_eta": -3.744870349042034, "log10_lambda": -0.4505714996277437, "log10_min_child_weight": 3.3960364943097696, "log10_subsample": -0.802680880267582, "max_depth": 5.0, "num_boost_round": 11.0}, "datetime": {"datetime": "2024-01-19 01:02:25", "elapsed": 3049.841416, "delta": 0.003876}}
{"target": -13.758511373360104, "params": {"gamma": 873.8498439372603, "log10_alpha": -2.5012838781258626, "log10_colsample_bytree": -0.33388214818757755, "log10_eta": -3.744870349042034, "log10_lambda": -0.4505714996277437, "log10_min_child_weight": 3.3960364943097696, "log10_subsample": -0.802680880267582, "max_depth": 5.0, "num_boost_round": 12.0}, "datetime": {"datetime": "2024-01-19 01:02:25", "elapsed": 3049.845181, "delta": 0.003765}}
{"target": -13.75851071993107, "params": {"gamma": 873.8498439372603, "log10_alpha": -2.5012838781258626, "log10_colsample_bytree": -0.33388214818757755, "log10_eta": -3.744870349042034, "log10_lambda": -0.4505714996277437, "log10_min_child_weight": 3.3960364943097696, "log10_subsample": -0.802680880267582, "max_depth": 5.0, "num_boost_round": 13.0}, "datetime": {"datetime": "2024-01-19 01:02:25", "elapsed": 3049.848913, "delta": 0.003732}}
{"target": -13.758512605553676, "params": {"gamma": 873.8498439372603, "log10_alpha": -2.5012838781258626, "log10_colsample_bytree": -0.33388214818757755, "log10_eta": -3.744870349042034, "log10_lambda": -0.4505714996277437, "log10_min_child_weight": 3.3960364943097696, "log10_subsample": -0.802680880267582, "max_depth": 5.0, "num_boost_round": 14.0}, "datetime": {"datetime": "2024-01-19 01:02:25", "elapsed": 3049.852842, "delta": 0.003929}}
{"target": -13.75851196619588, "params": {"gamma": 873.8498439372603, "log10_alpha": -2.5012838781258626, "log10_colsample_bytree": -0.33388214818757755, "log10_eta": -3.744870349042034, "log10_lambda": -0.4505714996277437, "log10_min_child_weight": 3.3960364943097696, "log10_subsample": -0.802680880267582, "max_depth": 5.0, "num_boost_round": 15.0}, "datetime": {"datetime": "2024-01-19 01:02:25", "elapsed": 3049.856698, "delta": 0.003856}}
{"target": -13.758508929226204, "params": {"gamma": 873.8498439372603, "log10_alpha": -2.5012838781258626, "log10_colsample_bytree": -0.33388214818757755, "log10_eta": -3.744870349042034, "log10_lambda": -0.4505714996277437, "log10_min_child_weight": 3.3960364943097696, "log10_subsample": -0.802680880267582, "max_depth": 5.0, "num_boost_round": 16.0}, "datetime": {"datetime": "2024-01-19 01:02:25", "elapsed": 3049.860396, "delta": 0.003698}}
{"target": -13.75850982657666, "params": {"gamma": 873.8498439372603, "log10_alpha": -2.5012838781258626, "log10_colsample_bytree": -0.33388214818757755, "log10_eta": -3.744870349042034, "log10_lambda": -0.4505714996277437, "log10_min_child_weight": 3.3960364943097696, "log10_subsample": -0.802680880267582, "max_depth": 5.0, "num_boost_round": 17.0}, "datetime": {"datetime": "2024-01-19 01:02:25", "elapsed": 3049.864151, "delta": 0.003755}}
{"target": -13.758509214799437, "params": {"gamma": 873.8498439372603, "log10_alpha": -2.5012838781258626, "log10_colsample_bytree": -0.33388214818757755, "log10_eta": -3.744870349042034, "log10_lambda": -0.4505714996277437, "log10_min_child_weight": 3.3960364943097696, "log10_subsample": -0.802680880267582, "max_depth": 5.0, "num_boost_round": 18.0}, "datetime": {"datetime": "2024-01-19 01:02:25", "elapsed": 3049.867883, "delta": 0.003732}}
{"target": -13.758504381309958, "params": {"gamma": 873.8498439372603, "log10_alpha": -2.5012838781258626, "log10_colsample_bytree": -0.33388214818757755, "log10_eta": -3.744870349042034, "log10_lambda": -0.4505714996277437, "log10_min_child_weight": 3.3960364943097696, "log10_subsample": -0.802680880267582, "max_depth": 5.0, "num_boost_round": 19.0}, "datetime": {"datetime": "2024-01-19 01:02:25", "elapsed": 3049.871588, "delta": 0.003705}}
{"target": -13.758502791511594, "params": {"gamma": 873.8498439372603, "log10_alpha": -2.5012838781258626, "log10_colsample_bytree": -0.33388214818757755, "log10_eta": -3.744870349042034, "log10_lambda": -0.4505714996277437, "log10_min_child_weight": 3.3960364943097696, "log10_subsample": -0.802680880267582, "max_depth": 5.0, "num_boost_round": 20.0}, "datetime": {"datetime": "2024-01-19 01:02:25", "elapsed": 3049.875407, "delta": 0.003819}}
{"target": -13.758501498509297, "params": {"gamma": 873.8498439372603, "log10_alpha": -2.5012838781258626, "log10_colsample_bytree": -0.33388214818757755, "log10_eta": -3.744870349042034, "log10_lambda": -0.4505714996277437, "log10_min_child_weight": 3.3960364943097696, "log10_subsample": -0.802680880267582, "max_depth": 5.0, "num_boost_round": 21.0}, "datetime": {"datetime": "2024-01-19 01:02:25", "elapsed": 3049.879084, "delta": 0.003677}}
{"target": -13.758499556962082, "params": {"gamma": 873.8498439372603, "log10_alpha": -2.5012838781258626, "log10_colsample_bytree": -0.33388214818757755, "log10_eta": -3.744870349042034, "log10_lambda": -0.4505714996277437, "log10_min_child_weight": 3.3960364943097696, "log10_subsample": -0.802680880267582, "max_depth": 5.0, "num_boost_round": 22.0}, "datetime": {"datetime": "2024-01-19 01:02:25", "elapsed": 3049.882784, "delta": 0.0037}}
{"target": -13.758498648146478, "params": {"gamma": 873.8498439372603, "log10_alpha": -2.5012838781258626, "log10_colsample_bytree": -0.33388214818757755, "log10_eta": -3.744870349042034, "log10_lambda": -0.4505714996277437, "log10_min_child_weight": 3.3960364943097696, "log10_subsample": -0.802680880267582, "max_depth": 5.0, "num_boost_round": 23.0}, "datetime": {"datetime": "2024-01-19 01:02:25", "elapsed": 3049.886449, "delta": 0.003665}}
{"target": -13.758496447954021, "params": {"gamma": 873.8498439372603, "log10_alpha": -2.5012838781258626, "log10_colsample_bytree": -0.33388214818757755, "log10_eta": -3.744870349042034, "log10_lambda": -0.4505714996277437, "log10_min_child_weight": 3.3960364943097696, "log10_subsample": -0.802680880267582, "max_depth": 5.0, "num_boost_round": 24.0}, "datetime": {"datetime": "2024-01-19 01:02:25", "elapsed": 3049.890127, "delta": 0.003678}}
{"target": -13.758495809798118, "params": {"gamma": 873.8498439372603, "log10_alpha": -2.5012838781258626, "log10_colsample_bytree": -0.33388214818757755, "log10_eta": -3.744870349042034, "log10_lambda": -0.4505714996277437, "log10_min_child_weight": 3.3960364943097696, "log10_subsample": -0.802680880267582, "max_depth": 5.0, "num_boost_round": 25.0}, "datetime": {"datetime": "2024-01-19 01:02:25", "elapsed": 3049.89401, "delta": 0.003883}}
{"target": -13.758494828461037, "params": {"gamma": 873.8498439372603, "log10_alpha": -2.5012838781258626, "log10_colsample_bytree": -0.33388214818757755, "log10_eta": -3.744870349042034, "log10_lambda": -0.4505714996277437, "log10_min_child_weight": 3.3960364943097696, "log10_subsample": -0.802680880267582, "max_depth": 5.0, "num_boost_round": 26.0}, "datetime": {"datetime": "2024-01-19 01:02:25", "elapsed": 3049.897711, "delta": 0.003701}}
{"target": -13.758494069748899, "params": {"gamma": 873.8498439372603, "log10_alpha": -2.5012838781258626, "log10_colsample_bytree": -0.33388214818757755, "log10_eta": -3.744870349042034, "log10_lambda": -0.4505714996277437, "log10_min_child_weight": 3.3960364943097696, "log10_subsample": -0.802680880267582, "max_depth": 5.0, "num_boost_round": 27.0}, "datetime": {"datetime": "2024-01-19 01:02:25", "elapsed": 3049.901518, "delta": 0.003807}}
{"target": -13.758490824210256, "params": {"gamma": 873.8498439372603, "log10_alpha": -2.5012838781258626, "log10_colsample_bytree": -0.33388214818757755, "log10_eta": -3.744870349042034, "log10_lambda": -0.4505714996277437, "log10_min_child_weight": 3.3960364943097696, "log10_subsample": -0.802680880267582, "max_depth": 5.0, "num_boost_round": 28.0}, "datetime": {"datetime": "2024-01-19 01:02:25", "elapsed": 3049.90523, "delta": 0.003712}}
{"target": -13.7584884257427, "params": {"gamma": 873.8498439372603, "log10_alpha": -2.5012838781258626, "log10_colsample_bytree": -0.33388214818757755, "log10_eta": -3.744870349042034, "log10_lambda": -0.4505714996277437, "log10_min_child_weight": 3.3960364943097696, "log10_subsample": -0.802680880267582, "max_depth": 5.0, "num_boost_round": 29.0}, "datetime": {"datetime": "2024-01-19 01:02:25", "elapsed": 3049.908955, "delta": 0.003725}}
{"target": -13.758141701817758, "params": {"gamma": 882.0160440040538, "log10_alpha": -2.024067002039885, "log10_colsample_bytree": -0.3783309567714961, "log10_eta": -1.819372166898019, "log10_lambda": 0.3448395318335038, "log10_min_child_weight": 1.5840933094945338, "log10_subsample": -0.011377046284622105, "max_depth": 4.0, "num_boost_round": 0.0}, "datetime": {"datetime": "2024-01-19 01:03:15", "elapsed": 3099.789769, "delta": 49.880814}}
{"target": -13.75813505484164, "params": {"gamma": 882.0160440040538, "log10_alpha": -2.024067002039885, "log10_colsample_bytree": -0.3783309567714961, "log10_eta": -1.819372166898019, "log10_lambda": 0.3448395318335038, "log10_min_child_weight": 1.5840933094945338, "log10_subsample": -0.011377046284622105, "max_depth": 4.0, "num_boost_round": 1.0}, "datetime": {"datetime": "2024-01-19 01:03:15", "elapsed": 3099.794593, "delta": 0.004824}}
{"target": -13.758168497639454, "params": {"gamma": 882.0160440040538, "log10_alpha": -2.024067002039885, "log10_colsample_bytree": -0.3783309567714961, "log10_eta": -1.819372166898019, "log10_lambda": 0.3448395318335038, "log10_min_child_weight": 1.5840933094945338, "log10_subsample": -0.011377046284622105, "max_depth": 4.0, "num_boost_round": 2.0}, "datetime": {"datetime": "2024-01-19 01:03:15", "elapsed": 3099.798499, "delta": 0.003906}}
{"target": -13.758227115604795, "params": {"gamma": 882.0160440040538, "log10_alpha": -2.024067002039885, "log10_colsample_bytree": -0.3783309567714961, "log10_eta": -1.819372166898019, "log10_lambda": 0.3448395318335038, "log10_min_child_weight": 1.5840933094945338, "log10_subsample": -0.011377046284622105, "max_depth": 4.0, "num_boost_round": 3.0}, "datetime": {"datetime": "2024-01-19 01:03:15", "elapsed": 3099.80232, "delta": 0.003821}}
{"target": -13.758069570790694, "params": {"gamma": 882.0160440040538, "log10_alpha": -2.024067002039885, "log10_colsample_bytree": -0.3783309567714961, "log10_eta": -1.819372166898019, "log10_lambda": 0.3448395318335038, "log10_min_child_weight": 1.5840933094945338, "log10_subsample": -0.011377046284622105, "max_depth": 4.0, "num_boost_round": 4.0}, "datetime": {"datetime": "2024-01-19 01:03:15", "elapsed": 3099.806072, "delta": 0.003752}}
{"target": -13.758194262658039, "params": {"gamma": 882.0160440040538, "log10_alpha": -2.024067002039885, "log10_colsample_bytree": -0.3783309567714961, "log10_eta": -1.819372166898019, "log10_lambda": 0.3448395318335038, "log10_min_child_weight": 1.5840933094945338, "log10_subsample": -0.011377046284622105, "max_depth": 4.0, "num_boost_round": 5.0}, "datetime": {"datetime": "2024-01-19 01:03:15", "elapsed": 3099.809902, "delta": 0.00383}}
{"target": -13.758205618566894, "params": {"gamma": 882.0160440040538, "log10_alpha": -2.024067002039885, "log10_colsample_bytree": -0.3783309567714961, "log10_eta": -1.819372166898019, "log10_lambda": 0.3448395318335038, "log10_min_child_weight": 1.5840933094945338, "log10_subsample": -0.011377046284622105, "max_depth": 4.0, "num_boost_round": 6.0}, "datetime": {"datetime": "2024-01-19 01:03:15", "elapsed": 3099.813804, "delta": 0.003902}}
{"target": -13.75812893989379, "params": {"gamma": 882.0160440040538, "log10_alpha": -2.024067002039885, "log10_colsample_bytree": -0.3783309567714961, "log10_eta": -1.819372166898019, "log10_lambda": 0.3448395318335038, "log10_min_child_weight": 1.5840933094945338, "log10_subsample": -0.011377046284622105, "max_depth": 4.0, "num_boost_round": 7.0}, "datetime": {"datetime": "2024-01-19 01:03:15", "elapsed": 3099.817561, "delta": 0.003757}}
{"target": -13.758133071400058, "params": {"gamma": 882.0160440040538, "log10_alpha": -2.024067002039885, "log10_colsample_bytree": -0.3783309567714961, "log10_eta": -1.819372166898019, "log10_lambda": 0.3448395318335038, "log10_min_child_weight": 1.5840933094945338, "log10_subsample": -0.011377046284622105, "max_depth": 4.0, "num_boost_round": 8.0}, "datetime": {"datetime": "2024-01-19 01:03:15", "elapsed": 3099.821299, "delta": 0.003738}}
{"target": -13.757987723062028, "params": {"gamma": 882.0160440040538, "log10_alpha": -2.024067002039885, "log10_colsample_bytree": -0.3783309567714961, "log10_eta": -1.819372166898019, "log10_lambda": 0.3448395318335038, "log10_min_child_weight": 1.5840933094945338, "log10_subsample": -0.011377046284622105, "max_depth": 4.0, "num_boost_round": 9.0}, "datetime": {"datetime": "2024-01-19 01:03:15", "elapsed": 3099.825028, "delta": 0.003729}}
