{"target": -0.0004186965470106552, "params": {"gamma": 57.16369078162252, "log10_alpha": -1.0968339674470213, "log10_colsample_bytree": -0.5867767061621125, "log10_eta": -1.0561216657083556, "log10_lambda": -3.4846220413227478, "log10_min_child_weight": 1.5177857428519586, "log10_subsample": -0.3838756484231517, "max_depth": 6.0}, "datetime": {"datetime": "2024-01-18 01:39:12", "elapsed": 44066.592286, "delta": 36.004092}}
{"target": -0.0006963044138250662, "params": {"gamma": 67.54115775912443, "log10_alpha": -4.394482568141367, "log10_colsample_bytree": -0.8416492303343175, "log10_eta": -3.5511962060742803, "log10_lambda": -4.5316260988679575, "log10_min_child_weight": 2.0018470642468023, "log10_subsample": -0.7708220166461655, "max_depth": 7.0}, "datetime": {"datetime": "2024-01-18 01:41:22", "elapsed": 44196.853999, "delta": 130.261713}}
{"target": 7.858004201835578e-05, "params": {"gamma": 82.08209579980567, "log10_alpha": -3.22754556880765, "log10_colsample_bytree": -0.6100956365961849, "log10_eta": -2.0900188416877254, "log10_lambda": 0.06794500686966831, "log10_min_child_weight": 2.7567947509844375, "log10_subsample": -0.5817521530011946, "max_depth": 8.0}, "datetime": {"datetime": "2024-01-18 01:42:20", "elapsed": 44255.332885, "delta": 58.478886}}
{"target": -0.0007917104335380398, "params": {"gamma": 25.327100296742124, "log10_alpha": -2.8315931056467356, "log10_colsample_bytree": -0.044708417700005665, "log10_eta": -3.669997151129335, "log10_lambda": -4.487902758558143, "log10_min_child_weight": 4.412989983675789, "log10_subsample": -0.32675078142558434, "max_depth": 8.0}, "datetime": {"datetime": "2024-01-18 01:45:52", "elapsed": 44466.924286, "delta": 211.591401}}
{"target": 0.001615773978118129, "params": {"gamma": 80.32606969424319, "log10_alpha": -1.9163474215200518, "log10_colsample_bytree": -0.012473840892832988, "log10_eta": -2.054984774450534, "log10_lambda": -3.09253804777091, "log10_min_child_weight": 1.5519262066191164, "log10_subsample": -0.7279555666353279, "max_depth": 6.0}, "datetime": {"datetime": "2024-01-18 01:46:51", "elapsed": 44526.36237, "delta": 59.438084}}
{"target": 0.00047920236761603285, "params": {"gamma": 79.6604128313313, "log10_alpha": -2.6977109074055985, "log10_colsample_bytree": -0.10267193557503018, "log10_eta": -3.4294584085061923, "log10_lambda": -4.83834616786576, "log10_min_child_weight": 1.0316996868110824, "log10_subsample": -0.9070699717665829, "max_depth": 8.0}, "datetime": {"datetime": "2024-01-18 01:52:06", "elapsed": 44841.430403, "delta": 315.068033}}
{"target": -0.0005557981889778296, "params": {"gamma": 39.267038116114186, "log10_alpha": -3.2522148737938332, "log10_colsample_bytree": -0.3729834235764202, "log10_eta": -2.989420928116682, "log10_lambda": -0.3930602256835902, "log10_min_child_weight": 4.560549975722349, "log10_subsample": -0.692142698996869, "max_depth": 3.0}, "datetime": {"datetime": "2024-01-18 01:55:10", "elapsed": 45025.200847, "delta": 183.770444}}
{"target": -0.0006665967976011711, "params": {"gamma": 38.63754190740272, "log10_alpha": 0.8453759060832073, "log10_colsample_bytree": -0.7743339096223867, "log10_eta": -3.802970869066525, "log10_lambda": -2.108246503836752, "log10_min_child_weight": 0.4310297103963051, "log10_subsample": -0.7351284449274661, "max_depth": 8.0}, "datetime": {"datetime": "2024-01-18 01:58:06", "elapsed": 45201.150999, "delta": 175.950152}}
{"target": 0.0008027178951473257, "params": {"gamma": 79.7654347516131, "log10_alpha": -2.621382562262057, "log10_colsample_bytree": -0.5055495389129517, "log10_eta": -2.58422796053643, "log10_lambda": -3.798372720723332, "log10_min_child_weight": 1.4927186984627356, "log10_subsample": -0.9002787308842519, "max_depth": 8.0}, "datetime": {"datetime": "2024-01-18 01:59:35", "elapsed": 45289.750947, "delta": 88.599948}}
{"target": 0.0009275560452989273, "params": {"gamma": 9.657990630023129, "log10_alpha": 0.8181782846607035, "log10_colsample_bytree": -0.7345053771435277, "log10_eta": -2.2045070709841, "log10_lambda": -4.023414795847353, "log10_min_child_weight": 0.6075077040710009, "log10_subsample": -0.3876034752438571, "max_depth": 4.0}, "datetime": {"datetime": "2024-01-18 02:00:45", "elapsed": 45359.561591, "delta": 69.810644}}
{"target": 0.0008371274552482766, "params": {"gamma": 78.82589652898318, "log10_alpha": -3.452128169310137, "log10_colsample_bytree": -0.2922174763218772, "log10_eta": -2.355700174749992, "log10_lambda": -4.5329592114498976, "log10_min_child_weight": 1.7006110268219294, "log10_subsample": -0.5351819974790699, "max_depth": 9.0}, "datetime": {"datetime": "2024-01-18 02:02:02", "elapsed": 45437.374311, "delta": 77.81272}}
{"target": 0.00029059316406862545, "params": {"gamma": 21.097870312755372, "log10_alpha": -3.3668710561138493, "log10_colsample_bytree": -0.7702029167048315, "log10_eta": -1.7611133496556732, "log10_lambda": -1.8795007695270263, "log10_min_child_weight": 3.325197529837662, "log10_subsample": -0.5338735596572105, "max_depth": 5.0}, "datetime": {"datetime": "2024-01-18 02:02:54", "elapsed": 45489.094529, "delta": 51.720218}}
{"target": 0.0016614895295329335, "params": {"gamma": 38.20175745350917, "log10_alpha": -3.8950102042542794, "log10_colsample_bytree": -0.2957789290949865, "log10_eta": -2.4006911621704727, "log10_lambda": -2.6168186802850197, "log10_min_child_weight": 1.2829863011946208, "log10_subsample": -0.8823524144019006, "max_depth": 7.0}, "datetime": {"datetime": "2024-01-18 02:04:25", "elapsed": 45580.427122, "delta": 91.332593}}
{"target": 0.0011277478999866253, "params": {"gamma": 77.08530297677986, "log10_alpha": -1.6852581315580295, "log10_colsample_bytree": -0.4100172996782201, "log10_eta": -1.0637478910841947, "log10_lambda": -4.030971760262722, "log10_min_child_weight": 0.5398844058014435, "log10_subsample": -0.40237666622359924, "max_depth": 4.0}, "datetime": {"datetime": "2024-01-18 02:05:03", "elapsed": 45617.693892, "delta": 37.26677}}
{"target": 0.0015245585260766359, "params": {"gamma": 80.50317041373896, "log10_alpha": -2.5826847448024646, "log10_colsample_bytree": -0.673253778856648, "log10_eta": -2.3843729784575447, "log10_lambda": -3.906848017474842, "log10_min_child_weight": 0.01652050583504594, "log10_subsample": -0.670057314976763, "max_depth": 6.0}, "datetime": {"datetime": "2024-01-18 02:06:49", "elapsed": 45724.26809, "delta": 106.574198}}
{"target": -0.0005599349953274158, "params": {"gamma": 39.36083542698302, "log10_alpha": -3.1856511411188784, "log10_colsample_bytree": -0.09954609402549541, "log10_eta": -2.0061238675468043, "log10_lambda": -0.6435442986033895, "log10_min_child_weight": 4.332842103868307, "log10_subsample": -0.9104612456952316, "max_depth": 9.0}, "datetime": {"datetime": "2024-01-18 02:07:47", "elapsed": 45781.900972, "delta": 57.632882}}
{"target": 0.002034524591481901, "params": {"gamma": 80.08448856477804, "log10_alpha": -4.1777505692235, "log10_colsample_bytree": -0.4056584852651578, "log10_eta": -2.1231518334682313, "log10_lambda": -3.802968822998273, "log10_min_child_weight": 1.7425107821130252, "log10_subsample": -0.644647194925886, "max_depth": 8.0}, "datetime": {"datetime": "2024-01-18 02:09:09", "elapsed": 45863.555105, "delta": 81.654133}}
{"target": 0.0017921385760664987, "params": {"gamma": 79.70421218961002, "log10_alpha": -4.340827414837719, "log10_colsample_bytree": -0.6838932855012787, "log10_eta": -1.362140154729246, "log10_lambda": -3.719423553324808, "log10_min_child_weight": 1.7993139062904562, "log10_subsample": -0.34117827751644814, "max_depth": 8.0}, "datetime": {"datetime": "2024-01-18 02:09:57", "elapsed": 45911.96101, "delta": 48.405905}}
{"target": 0.001339539534849138, "params": {"gamma": 80.55609955068152, "log10_alpha": -2.814331953259991, "log10_colsample_bytree": -0.10818262632304865, "log10_eta": -1.8767321645441353, "log10_lambda": -3.6865419205549195, "log10_min_child_weight": 0.7023650313732432, "log10_subsample": -0.9037394103933254, "max_depth": 7.0}, "datetime": {"datetime": "2024-01-18 02:10:55", "elapsed": 45969.763549, "delta": 57.802539}}
{"target": -0.000836940004334874, "params": {"gamma": 41.4414936976131, "log10_alpha": -4.585829746208586, "log10_colsample_bytree": -0.006574133386433756, "log10_eta": -3.774753919704878, "log10_lambda": -0.8573271131864919, "log10_min_child_weight": 3.081845565945182, "log10_subsample": -0.8973701707856898, "max_depth": 4.0}, "datetime": {"datetime": "2024-01-18 02:12:36", "elapsed": 46071.167432, "delta": 101.403883}}
{"target": 0.0010878211736295718, "params": {"gamma": 94.91957357704722, "log10_alpha": -4.078069612037399, "log10_colsample_bytree": -0.0023910428878811674, "log10_eta": -1.1106185183604897, "log10_lambda": -2.5610570913064077, "log10_min_child_weight": 1.975591680846962, "log10_subsample": -0.4625738190703813, "max_depth": 4.0}, "datetime": {"datetime": "2024-01-18 02:13:11", "elapsed": 46106.391586, "delta": 35.224154}}
{"target": 0.0014707099693480052, "params": {"gamma": 79.83200739132407, "log10_alpha": -4.192344453782186, "log10_colsample_bytree": -0.07280727657582274, "log10_eta": -2.104957155377597, "log10_lambda": -3.6421970105795993, "log10_min_child_weight": 1.8736010366461138, "log10_subsample": -0.81403379262064, "max_depth": 8.0}, "datetime": {"datetime": "2024-01-18 02:14:23", "elapsed": 46178.146539, "delta": 71.754953}}
{"target": 0.0005792702209345135, "params": {"gamma": 80.64704871802485, "log10_alpha": -2.8126915334761318, "log10_colsample_bytree": -0.5893861174976357, "log10_eta": -2.592216081003451, "log10_lambda": -4.449043975567331, "log10_min_child_weight": 1.0819697444771874, "log10_subsample": -0.7628495735099858, "max_depth": 8.0}, "datetime": {"datetime": "2024-01-18 02:16:03", "elapsed": 46277.567351, "delta": 99.420812}}
{"target": 2.6362276536462392e-06, "params": {"gamma": 68.58615625378644, "log10_alpha": 0.5511775355429904, "log10_colsample_bytree": -0.6308242851752923, "log10_eta": -3.207414802362751, "log10_lambda": -4.3525674919031925, "log10_min_child_weight": 1.2649393131051805, "log10_subsample": -0.11512263325761529, "max_depth": 8.0}, "datetime": {"datetime": "2024-01-18 02:19:10", "elapsed": 46465.468142, "delta": 187.900791}}
{"target": 0.0012553980042167567, "params": {"gamma": 52.39418182303716, "log10_alpha": -3.8260254237533404, "log10_colsample_bytree": -0.33976710002383526, "log10_eta": -1.7949846342592775, "log10_lambda": -2.3934431540075454, "log10_min_child_weight": 2.0093709273442433, "log10_subsample": -0.065357617335703, "max_depth": 8.0}, "datetime": {"datetime": "2024-01-18 02:20:02", "elapsed": 46517.377793, "delta": 51.909651}}
{"target": 0.0005784736739482821, "params": {"gamma": 80.67173309799689, "log10_alpha": -1.6998066152635198, "log10_colsample_bytree": -0.8536309973454812, "log10_eta": -2.2354347114256865, "log10_lambda": -3.9454261114723965, "log10_min_child_weight": 0.07374801749733706, "log10_subsample": -0.5905134487205281, "max_depth": 7.0}, "datetime": {"datetime": "2024-01-18 02:21:04", "elapsed": 46579.198009, "delta": 61.820216}}
{"target": -0.00033827532383062797, "params": {"gamma": 41.82204396223229, "log10_alpha": -1.6317125501423453, "log10_colsample_bytree": -0.7635890485180004, "log10_eta": -2.8400598241610986, "log10_lambda": -0.5701768736642556, "log10_min_child_weight": 4.222997597120843, "log10_subsample": -0.6331039472110875, "max_depth": 5.0}, "datetime": {"datetime": "2024-01-18 02:24:17", "elapsed": 46772.500141, "delta": 193.302132}}
{"target": 0.0010057656114053348, "params": {"gamma": 38.299522261139074, "log10_alpha": -4.179753944551382, "log10_colsample_bytree": -0.3582560648153078, "log10_eta": -1.9098677499159096, "log10_lambda": -2.772322290572045, "log10_min_child_weight": 1.1736655764896908, "log10_subsample": -0.9094392596106358, "max_depth": 6.0}, "datetime": {"datetime": "2024-01-18 02:25:08", "elapsed": 46822.646707, "delta": 50.146566}}
{"target": 7.12681474514254e-05, "params": {"gamma": 95.67452274036364, "log10_alpha": -4.420820852656608, "log10_colsample_bytree": -0.9759355730789417, "log10_eta": -1.7819601603646489, "log10_lambda": -2.2864391409590956, "log10_min_child_weight": 2.179633271465809, "log10_subsample": -0.9003066368301366, "max_depth": 4.0}, "datetime": {"datetime": "2024-01-18 02:25:58", "elapsed": 46873.305034, "delta": 50.658327}}
{"target": -0.0006925660198474626, "params": {"gamma": 15.246858042320198, "log10_alpha": -3.651755578339996, "log10_colsample_bytree": -0.4098237035275385, "log10_eta": -3.0590409491967963, "log10_lambda": -2.848593935065388, "log10_min_child_weight": 4.0300465172103666, "log10_subsample": -0.7960793188807559, "max_depth": 3.0}, "datetime": {"datetime": "2024-01-18 02:27:56", "elapsed": 46991.182498, "delta": 117.877464}}
{"target": -0.00032194925780199, "params": {"gamma": 18.922011204052435, "log10_alpha": 0.25881664591559783, "log10_colsample_bytree": -0.9470412546042192, "log10_eta": -2.6512679914307475, "log10_lambda": -3.1713434026120018, "log10_min_child_weight": 2.67460893400726, "log10_subsample": -0.5327245962411674, "max_depth": 8.0}, "datetime": {"datetime": "2024-01-18 02:29:15", "elapsed": 47070.100662, "delta": 78.918164}}
{"target": -0.00013373530489349528, "params": {"gamma": 73.82941225364237, "log10_alpha": -2.8020555837746772, "log10_colsample_bytree": -0.42527799638089714, "log10_eta": -2.5272581679658153, "log10_lambda": -0.8148523559447707, "log10_min_child_weight": 3.024547134331196, "log10_subsample": -0.0768147775941429, "max_depth": 5.0}, "datetime": {"datetime": "2024-01-18 02:30:23", "elapsed": 47138.015006, "delta": 67.914344}}
{"target": 0.0010799956680684064, "params": {"gamma": 77.92361046132915, "log10_alpha": -1.2288556161401316, "log10_colsample_bytree": -0.7534080915190153, "log10_eta": -2.294901733952526, "log10_lambda": -3.673792912391445, "log10_min_child_weight": 0.13764489757882414, "log10_subsample": -0.6967664706141394, "max_depth": 5.0}, "datetime": {"datetime": "2024-01-18 02:31:40", "elapsed": 47215.463732, "delta": 77.448726}}
{"target": -0.0008468055170172684, "params": {"gamma": 90.90952405014488, "log10_alpha": -2.328665323861494, "log10_colsample_bytree": -0.6574740288269512, "log10_eta": -3.8685665131766345, "log10_lambda": -2.1246533129196843, "log10_min_child_weight": 3.30113119738202, "log10_subsample": -0.627376310478878, "max_depth": 8.0}, "datetime": {"datetime": "2024-01-18 02:33:03", "elapsed": 47298.341509, "delta": 82.877777}}
{"target": 0.001136994618492565, "params": {"gamma": 80.4094238223677, "log10_alpha": -4.024009818110702, "log10_colsample_bytree": -0.36259496096983757, "log10_eta": -2.1329040522347924, "log10_lambda": -1.5112957840894934, "log10_min_child_weight": 1.730130513025705, "log10_subsample": -0.15856822788261804, "max_depth": 6.0}, "datetime": {"datetime": "2024-01-18 02:34:07", "elapsed": 47361.65182, "delta": 63.310311}}
{"target": 0.0005196649167936163, "params": {"gamma": 77.64531985581543, "log10_alpha": -3.120611446389711, "log10_colsample_bytree": -0.17323827193732555, "log10_eta": -1.4610873782716527, "log10_lambda": -4.9660070949240644, "log10_min_child_weight": 1.4507491608595986, "log10_subsample": -0.6652024165671593, "max_depth": 8.0}, "datetime": {"datetime": "2024-01-18 02:34:51", "elapsed": 47405.729751, "delta": 44.077931}}
{"target": -3.980418013371789e-05, "params": {"gamma": 32.06480410958182, "log10_alpha": -1.8906492368519148, "log10_colsample_bytree": -0.9921411455459287, "log10_eta": -1.7838178342471442, "log10_lambda": -0.18562946677610004, "log10_min_child_weight": 2.984447888060482, "log10_subsample": -0.09804232340288432, "max_depth": 6.0}, "datetime": {"datetime": "2024-01-18 02:35:37", "elapsed": 47451.920865, "delta": 46.191114}}
{"target": 0.0013873471544169624, "params": {"gamma": 79.91233239633334, "log10_alpha": -4.056771062808145, "log10_colsample_bytree": -0.46921954274561706, "log10_eta": -2.7403227806679524, "log10_lambda": -4.736688621910074, "log10_min_child_weight": 0.8390969767924672, "log10_subsample": -0.8579494763018187, "max_depth": 8.0}, "datetime": {"datetime": "2024-01-18 02:38:27", "elapsed": 47621.552156, "delta": 169.631291}}
{"target": 0.0005324639863344416, "params": {"gamma": 77.94727368529, "log10_alpha": -2.380479113147392, "log10_colsample_bytree": -0.27989502291493995, "log10_eta": -1.0286816758675377, "log10_lambda": -2.564157976236141, "log10_min_child_weight": 0.23099447796553596, "log10_subsample": -0.8662383338607079, "max_depth": 4.0}, "datetime": {"datetime": "2024-01-18 02:39:03", "elapsed": 47657.555892, "delta": 36.003736}}
{"target": 0.0019054850905201592, "params": {"gamma": 79.8421158051644, "log10_alpha": -4.2150046643379495, "log10_colsample_bytree": -0.3767408567095889, "log10_eta": -2.1186804829292143, "log10_lambda": -0.7890591734954633, "log10_min_child_weight": 1.6595199164425307, "log10_subsample": -0.8529556188101112, "max_depth": 5.0}, "datetime": {"datetime": "2024-01-18 02:40:14", "elapsed": 47728.723611, "delta": 71.167719}}
{"target": 0.0011289662372187814, "params": {"gamma": 80.3730720181896, "log10_alpha": -4.455576295360133, "log10_colsample_bytree": -0.7487763573074375, "log10_eta": -1.898123622561724, "log10_lambda": -1.0309497768520104, "log10_min_child_weight": 1.4685660024637548, "log10_subsample": -0.6570213413692845, "max_depth": 5.0}, "datetime": {"datetime": "2024-01-18 02:41:04", "elapsed": 47778.560258, "delta": 49.836647}}
{"target": 0.0008289606514888248, "params": {"gamma": 81.26461118506379, "log10_alpha": -4.5047939157153, "log10_colsample_bytree": -0.047067571132534236, "log10_eta": -2.3067775228452274, "log10_lambda": -3.660298126770612, "log10_min_child_weight": 1.2966081021198455, "log10_subsample": -0.5843973357055089, "max_depth": 7.0}, "datetime": {"datetime": "2024-01-18 02:42:09", "elapsed": 47844.304283, "delta": 65.744025}}
{"target": -0.0008793878813943001, "params": {"gamma": 93.12899337897764, "log10_alpha": -2.7757676154019935, "log10_colsample_bytree": -0.47208341168114054, "log10_eta": -3.1558989125882073, "log10_lambda": -2.4828263052499775, "log10_min_child_weight": 4.914115801023062, "log10_subsample": -0.7617607614069535, "max_depth": 9.0}, "datetime": {"datetime": "2024-01-18 02:42:44", "elapsed": 47878.596738, "delta": 34.292455}}
{"target": 6.536791128844421e-05, "params": {"gamma": 86.51272834902599, "log10_alpha": 0.2749802174356777, "log10_colsample_bytree": -0.670995590488501, "log10_eta": -1.2308949361404462, "log10_lambda": -3.4411018071665396, "log10_min_child_weight": 4.85225960979413, "log10_subsample": -0.42629693400472735, "max_depth": 5.0}, "datetime": {"datetime": "2024-01-18 02:43:37", "elapsed": 47932.044949, "delta": 53.448211}}
{"target": 0.001091396196319483, "params": {"gamma": 78.82275641518807, "log10_alpha": -3.542696298130304, "log10_colsample_bytree": -0.24097064576620908, "log10_eta": -1.589350364601282, "log10_lambda": -3.881617679471979, "log10_min_child_weight": 0.28698595590912146, "log10_subsample": -0.5507244359236151, "max_depth": 4.0}, "datetime": {"datetime": "2024-01-18 02:44:22", "elapsed": 47977.473944, "delta": 45.428995}}
{"target": -0.0002744590993627727, "params": {"gamma": 31.93426578001062, "log10_alpha": -0.2571553019195427, "log10_colsample_bytree": -0.9902247723628398, "log10_eta": -2.6184932747268124, "log10_lambda": 0.15155357467983332, "log10_min_child_weight": 0.5624629816197124, "log10_subsample": -0.6193011360395164, "max_depth": 4.0}, "datetime": {"datetime": "2024-01-18 02:45:27", "elapsed": 48041.967654, "delta": 64.49371}}
{"target": 0.0016851699565451073, "params": {"gamma": 81.1500222172738, "log10_alpha": -1.7986022404607036, "log10_colsample_bytree": -0.7496656049456885, "log10_eta": -1.9637725420670327, "log10_lambda": -2.198428311315149, "log10_min_child_weight": 0.7519810122741188, "log10_subsample": -0.6354682026050199, "max_depth": 8.0}, "datetime": {"datetime": "2024-01-18 02:46:34", "elapsed": 48108.796231, "delta": 66.828577}}
{"target": 0.00010598691637198066, "params": {"gamma": 75.15624209278813, "log10_alpha": -4.473623243379167, "log10_colsample_bytree": -0.20993114416267078, "log10_eta": -1.101462550487549, "log10_lambda": -2.535656546349372, "log10_min_child_weight": 0.34560408736268255, "log10_subsample": -0.5181503911115963, "max_depth": 5.0}, "datetime": {"datetime": "2024-01-18 02:47:10", "elapsed": 48144.700147, "delta": 35.903916}}
{"target": 0.0011461623345404848, "params": {"gamma": 51.06473158809727, "log10_alpha": -2.1083615310830375, "log10_colsample_bytree": -0.5820617945728261, "log10_eta": -2.366287677800074, "log10_lambda": 0.001214188682082451, "log10_min_child_weight": 2.2652954165784944, "log10_subsample": -0.015072030916942092, "max_depth": 6.0}, "datetime": {"datetime": "2024-01-18 02:48:32", "elapsed": 48227.506038, "delta": 82.805891}}
{"target": 0.0012924201075811825, "params": {"gamma": 89.7743746958413, "log10_alpha": 0.6654110169419507, "log10_colsample_bytree": -0.3810620631903633, "log10_eta": -2.648320961148074, "log10_lambda": -3.123212954926353, "log10_min_child_weight": 0.25280355030181556, "log10_subsample": -0.8863465297014127, "max_depth": 5.0}, "datetime": {"datetime": "2024-01-18 02:50:15", "elapsed": 48329.644765, "delta": 102.138727}}
{"target": 0.0006605785500290728, "params": {"gamma": 78.89582783164936, "log10_alpha": -4.202192761831947, "log10_colsample_bytree": -0.09661772653805267, "log10_eta": -1.7286636211622386, "log10_lambda": -4.390703713350892, "log10_min_child_weight": 0.5028593655712593, "log10_subsample": -0.6823700092499551, "max_depth": 7.0}, "datetime": {"datetime": "2024-01-18 02:51:05", "elapsed": 48379.935456, "delta": 50.290691}}
