{"target": 0.0008493338779175796, "params": {"gamma": 76.21660428315282, "log10_alpha": 0.1471527348317201, "log10_colsample_bytree": -0.5234183264235301, "log10_eta": -1.7875776802213084, "log10_lambda": -3.995035044752504, "log10_min_child_weight": 2.085089053141526, "log10_subsample": -0.6714365576896957, "max_depth": 4.0}, "datetime": {"datetime": "2024-01-17 17:28:13", "elapsed": 14608.146597, "delta": 48.370538}}
{"target": 0.0013914954403329849, "params": {"gamma": 79.02213697053334, "log10_alpha": -2.0724010392955012, "log10_colsample_bytree": -0.7387782907519611, "log10_eta": -1.5459837453549001, "log10_lambda": -1.4856783783237626, "log10_min_child_weight": 1.2051584211996191, "log10_subsample": -0.27054171754815726, "max_depth": 7.0}, "datetime": {"datetime": "2024-01-17 17:29:01", "elapsed": 14656.507487, "delta": 48.36089}}
{"target": 0.0011545403626906647, "params": {"gamma": 88.51820042235587, "log10_alpha": -2.0203244448391535, "log10_colsample_bytree": -0.526433285757493, "log10_eta": -1.5259955795810272, "log10_lambda": 0.08391888046446105, "log10_min_child_weight": 0.538050196845471, "log10_subsample": -0.2103490794288675, "max_depth": 3.0}, "datetime": {"datetime": "2024-01-17 17:29:48", "elapsed": 14702.540866, "delta": 46.033379}}
{"target": 0.0013970382370048218, "params": {"gamma": 78.88518267178515, "log10_alpha": -2.4846420125109985, "log10_colsample_bytree": -0.051116955357588534, "log10_eta": -1.743568978217004, "log10_lambda": -2.736089573791854, "log10_min_child_weight": 1.0065360295371213, "log10_subsample": -0.7423037852305383, "max_depth": 6.0}, "datetime": {"datetime": "2024-01-17 17:30:32", "elapsed": 14747.303786, "delta": 44.76292}}
{"target": 0.0014322865113599592, "params": {"gamma": 79.61415568626641, "log10_alpha": -2.1499583310246955, "log10_colsample_bytree": -0.24609161696263793, "log10_eta": -1.8897377886919027, "log10_lambda": -3.7479272997198128, "log10_min_child_weight": 1.7322928388932946, "log10_subsample": -0.33862137035355677, "max_depth": 5.0}, "datetime": {"datetime": "2024-01-17 17:31:21", "elapsed": 14796.332484, "delta": 49.028698}}
{"target": 0.0010054822645235717, "params": {"gamma": 0.9414797798317665, "log10_alpha": 0.6348323670613807, "log10_colsample_bytree": -0.5267981301416168, "log10_eta": -1.5604531459962683, "log10_lambda": -2.4604047353273666, "log10_min_child_weight": 1.6590694992022392, "log10_subsample": -0.9863680262188944, "max_depth": 8.0}, "datetime": {"datetime": "2024-01-17 17:32:04", "elapsed": 14839.444663, "delta": 43.112179}}
{"target": -0.0005047609339758896, "params": {"gamma": 58.65443693744158, "log10_alpha": -2.2464268315747304, "log10_colsample_bytree": -0.6532854762124296, "log10_eta": -2.7282121951848537, "log10_lambda": -3.645844925262983, "log10_min_child_weight": 3.46175386812624, "log10_subsample": -0.12982533815551767, "max_depth": 9.0}, "datetime": {"datetime": "2024-01-17 17:33:15", "elapsed": 14910.406504, "delta": 70.961841}}
{"target": 0.0010916057595747597, "params": {"gamma": 80.28870788958264, "log10_alpha": -3.1517087618071127, "log10_colsample_bytree": -0.6945541930809678, "log10_eta": -1.8629092664338653, "log10_lambda": -3.668412431873199, "log10_min_child_weight": 0.6883314252038569, "log10_subsample": -0.7135977863564656, "max_depth": 5.0}, "datetime": {"datetime": "2024-01-17 17:34:04", "elapsed": 14959.074224, "delta": 48.66772}}
{"target": 0.0013830904552461776, "params": {"gamma": 79.77522788132507, "log10_alpha": -1.1226079028053038, "log10_colsample_bytree": -0.6721829625204453, "log10_eta": -2.1058187370320685, "log10_lambda": -4.177486582623184, "log10_min_child_weight": 1.834436383411554, "log10_subsample": -0.3700409648449212, "max_depth": 6.0}, "datetime": {"datetime": "2024-01-17 17:35:13", "elapsed": 15027.786145, "delta": 68.711921}}
{"target": 0.0013463070968670332, "params": {"gamma": 80.18160187845483, "log10_alpha": -2.0832498512527593, "log10_colsample_bytree": -0.6727170099926486, "log10_eta": -1.2113394434132783, "log10_lambda": -3.2192098330135925, "log10_min_child_weight": 0.621303234689255, "log10_subsample": -0.1839661803830891, "max_depth": 7.0}, "datetime": {"datetime": "2024-01-17 17:35:55", "elapsed": 15069.610751, "delta": 41.824606}}
{"target": 0.001878933012416928, "params": {"gamma": 79.69857560163366, "log10_alpha": -2.783203502123549, "log10_colsample_bytree": -0.6472188859710603, "log10_eta": -1.5466216967825925, "log10_lambda": -3.641009629300342, "log10_min_child_weight": 0.353723227466331, "log10_subsample": -0.8493661236765426, "max_depth": 5.0}, "datetime": {"datetime": "2024-01-17 17:36:40", "elapsed": 15114.870741, "delta": 45.25999}}
{"target": 0.00011798395198958644, "params": {"gamma": 80.05355890213485, "log10_alpha": -2.975199291980536, "log10_colsample_bytree": -0.7680027987032685, "log10_eta": -1.65971234749568, "log10_lambda": -3.4408855675068617, "log10_min_child_weight": 1.2844120423247092, "log10_subsample": -0.8303161083204049, "max_depth": 7.0}, "datetime": {"datetime": "2024-01-17 17:37:20", "elapsed": 15155.249888, "delta": 40.379147}}
{"target": 0.0005645973474027455, "params": {"gamma": 79.34728089732721, "log10_alpha": -1.4969351909242268, "log10_colsample_bytree": -0.8984704797698113, "log10_eta": -1.3886827703921272, "log10_lambda": -1.9382200312503146, "log10_min_child_weight": 0.1198658035441924, "log10_subsample": -0.14862296546217024, "max_depth": 5.0}, "datetime": {"datetime": "2024-01-17 17:37:59", "elapsed": 15194.14341, "delta": 38.893522}}
{"target": 0.0004264186659221625, "params": {"gamma": 78.84198796124477, "log10_alpha": -1.3937126770081893, "log10_colsample_bytree": -0.034684018472252554, "log10_eta": -1.7575845159222077, "log10_lambda": -3.1934771165473768, "log10_min_child_weight": 1.7478827411741165, "log10_subsample": -0.0010390604364438616, "max_depth": 6.0}, "datetime": {"datetime": "2024-01-17 17:38:41", "elapsed": 15236.072866, "delta": 41.929456}}
{"target": 0.000470670112867666, "params": {"gamma": 23.038750401852237, "log10_alpha": 0.4652042026358094, "log10_colsample_bytree": -0.09404604343350431, "log10_eta": -3.420398747278746, "log10_lambda": -3.0302062061092343, "log10_min_child_weight": 1.5272216298007024, "log10_subsample": -0.7623388309192053, "max_depth": 6.0}, "datetime": {"datetime": "2024-01-17 17:42:11", "elapsed": 15446.106821, "delta": 210.033955}}
{"target": 0.0019747577691173746, "params": {"gamma": 95.27946253108607, "log10_alpha": -4.997581972354124, "log10_colsample_bytree": -0.5062389603295965, "log10_eta": -1.8115315054817667, "log10_lambda": -3.277202009931378, "log10_min_child_weight": 1.5609772942484006, "log10_subsample": -0.8686066428770303, "max_depth": 5.0}, "datetime": {"datetime": "2024-01-17 17:43:04", "elapsed": 15499.07517, "delta": 52.968349}}
{"target": 0.0012562848940407545, "params": {"gamma": 80.47161896543265, "log10_alpha": -2.6990068481135845, "log10_colsample_bytree": -0.38713343944590206, "log10_eta": -2.674031106812897, "log10_lambda": -3.4909539687217492, "log10_min_child_weight": 0.68353983703769, "log10_subsample": -0.8956144434652291, "max_depth": 7.0}, "datetime": {"datetime": "2024-01-17 17:45:01", "elapsed": 15616.258312, "delta": 117.183142}}
{"target": -0.00020528950389123168, "params": {"gamma": 79.78882086531684, "log10_alpha": -3.4567789101811868, "log10_colsample_bytree": -0.8323396804459762, "log10_eta": -2.655048639399354, "log10_lambda": -2.488975199379718, "log10_min_child_weight": 1.7862585668956505, "log10_subsample": -0.8681816335223683, "max_depth": 8.0}, "datetime": {"datetime": "2024-01-17 17:46:08", "elapsed": 15683.428295, "delta": 67.169983}}
{"target": -0.0007967883883556182, "params": {"gamma": 47.61613718702551, "log10_alpha": -3.778729538238244, "log10_colsample_bytree": -0.5266936304304952, "log10_eta": -3.6612779587740674, "log10_lambda": -1.8459314409178642, "log10_min_child_weight": 4.686677381191991, "log10_subsample": -0.7434631382882106, "max_depth": 3.0}, "datetime": {"datetime": "2024-01-17 17:48:56", "elapsed": 15851.158999, "delta": 167.730704}}
{"target": 0.0009064788979099847, "params": {"gamma": 79.07528336648627, "log10_alpha": -3.649248922746768, "log10_colsample_bytree": -0.14592807427837373, "log10_eta": -2.1970701161041086, "log10_lambda": -2.6191759892118087, "log10_min_child_weight": 2.253891940887037, "log10_subsample": -0.5013145174495398, "max_depth": 7.0}, "datetime": {"datetime": "2024-01-17 17:49:59", "elapsed": 15914.162106, "delta": 63.003107}}
{"target": -0.0006200218129256418, "params": {"gamma": 23.269643760337676, "log10_alpha": 0.052233497112396776, "log10_colsample_bytree": -0.08952856254231567, "log10_eta": -2.269382080237437, "log10_lambda": -2.9206797502345925, "log10_min_child_weight": 3.549169971732413, "log10_subsample": -0.42212819375688926, "max_depth": 7.0}, "datetime": {"datetime": "2024-01-17 17:50:46", "elapsed": 15960.791797, "delta": 46.629691}}
{"target": 0.0007871399918926436, "params": {"gamma": 79.90814394010233, "log10_alpha": -2.2664544290346007, "log10_colsample_bytree": -0.7717428434210796, "log10_eta": -1.9439146860822074, "log10_lambda": -4.876245548366033, "log10_min_child_weight": 1.9963792257895023, "log10_subsample": -0.05603185426949131, "max_depth": 5.0}, "datetime": {"datetime": "2024-01-17 17:51:35", "elapsed": 16009.659948, "delta": 48.868151}}
{"target": 0.0007105905978213867, "params": {"gamma": 95.57378006878933, "log10_alpha": -4.441090444243179, "log10_colsample_bytree": -0.6182983368200902, "log10_eta": -2.327549170407922, "log10_lambda": -2.692855959109674, "log10_min_child_weight": 0.9995261327585436, "log10_subsample": -0.7258298257661704, "max_depth": 4.0}, "datetime": {"datetime": "2024-01-17 17:52:43", "elapsed": 16077.986226, "delta": 68.326278}}
{"target": 0.001561813052663924, "params": {"gamma": 79.16488276203542, "log10_alpha": -3.952545818945689, "log10_colsample_bytree": -0.25812553163741836, "log10_eta": -2.300125111912228, "log10_lambda": -2.8904976094817814, "log10_min_child_weight": 0.916525963871524, "log10_subsample": -0.753316840449093, "max_depth": 9.0}, "datetime": {"datetime": "2024-01-17 17:54:32", "elapsed": 16187.354507, "delta": 109.368281}}
{"target": 0.0008938067990015008, "params": {"gamma": 73.18204327126159, "log10_alpha": -3.106704333521116, "log10_colsample_bytree": -0.6825395012240718, "log10_eta": -1.8067431535135792, "log10_lambda": 0.17442633717019085, "log10_min_child_weight": 2.1296822956194057, "log10_subsample": -0.46851994503965755, "max_depth": 4.0}, "datetime": {"datetime": "2024-01-17 17:55:23", "elapsed": 16238.074675, "delta": 50.720168}}
{"target": 0.00044663167488795397, "params": {"gamma": 79.93307688338956, "log10_alpha": -3.0325798662284016, "log10_colsample_bytree": -0.10889395244972844, "log10_eta": -1.2755273729477619, "log10_lambda": -2.6206468700212646, "log10_min_child_weight": 0.41316708435257754, "log10_subsample": -0.4937147598519852, "max_depth": 5.0}, "datetime": {"datetime": "2024-01-17 17:55:59", "elapsed": 16273.811968, "delta": 35.737293}}
{"target": -0.00029802426252878433, "params": {"gamma": 79.33417471480037, "log10_alpha": -2.1103091796077305, "log10_colsample_bytree": -0.057640294726224006, "log10_eta": -1.0409702804390903, "log10_lambda": -1.7436066704308906, "log10_min_child_weight": 0.7693859739404524, "log10_subsample": -0.6678666591143445, "max_depth": 6.0}, "datetime": {"datetime": "2024-01-17 17:56:34", "elapsed": 16309.426053, "delta": 35.614085}}
{"target": 0.001250451249869361, "params": {"gamma": 87.06215129479735, "log10_alpha": -3.560201921966489, "log10_colsample_bytree": -0.630005100249881, "log10_eta": -1.367625074729827, "log10_lambda": 0.9143656725553413, "log10_min_child_weight": 1.5917919611169236, "log10_subsample": -0.28336543899710964, "max_depth": 7.0}, "datetime": {"datetime": "2024-01-17 17:57:19", "elapsed": 16354.409498, "delta": 44.983445}}
{"target": 0.0008585299303852933, "params": {"gamma": 77.84141538302633, "log10_alpha": -1.2720600175507015, "log10_colsample_bytree": -0.381671523562388, "log10_eta": -1.9387005431999054, "log10_lambda": -2.622016346500083, "log10_min_child_weight": 0.49041203657286647, "log10_subsample": -0.31328059238278516, "max_depth": 5.0}, "datetime": {"datetime": "2024-01-17 17:58:06", "elapsed": 16401.443764, "delta": 47.034266}}
{"target": 0.00019874473739855958, "params": {"gamma": 91.62507472876473, "log10_alpha": -3.670001317954864, "log10_colsample_bytree": -0.5344058101008035, "log10_eta": -1.2235501005568117, "log10_lambda": -2.1894619615010624, "log10_min_child_weight": 2.686111680071681, "log10_subsample": -0.5192348985014931, "max_depth": 6.0}, "datetime": {"datetime": "2024-01-17 17:58:44", "elapsed": 16439.458283, "delta": 38.014519}}
{"target": 0.0019273894977938077, "params": {"gamma": 79.8268362945601, "log10_alpha": -3.9951103244231536, "log10_colsample_bytree": -0.3843564178896738, "log10_eta": -1.6439882350129622, "log10_lambda": -3.440379753293956, "log10_min_child_weight": 1.5674844220674995, "log10_subsample": -0.8672968970373713, "max_depth": 9.0}, "datetime": {"datetime": "2024-01-17 17:59:34", "elapsed": 16489.412384, "delta": 49.954101}}
{"target": 0.0014801656267384444, "params": {"gamma": 79.31312408497472, "log10_alpha": -3.0494342026773134, "log10_colsample_bytree": -0.1982718840945733, "log10_eta": -1.932887414154922, "log10_lambda": -4.549037183416388, "log10_min_child_weight": 1.9417592710415295, "log10_subsample": -0.6630420590314267, "max_depth": 7.0}, "datetime": {"datetime": "2024-01-17 18:00:29", "elapsed": 16543.902996, "delta": 54.490612}}
{"target": -0.0007885924055572313, "params": {"gamma": 6.028872028638476, "log10_alpha": -2.2991891180054758, "log10_colsample_bytree": -0.8450583211570819, "log10_eta": -3.8254614279175407, "log10_lambda": -1.656087907023906, "log10_min_child_weight": 2.651139039977664, "log10_subsample": -0.07363479864316513, "max_depth": 8.0}, "datetime": {"datetime": "2024-01-17 18:02:20", "elapsed": 16654.970673, "delta": 111.067677}}
{"target": 0.0003904045632972253, "params": {"gamma": 64.5732425913122, "log10_alpha": 0.0976099126471377, "log10_colsample_bytree": -0.6169077344831152, "log10_eta": -1.1609722784767187, "log10_lambda": -4.022292142361369, "log10_min_child_weight": 0.8624049412658358, "log10_subsample": -0.30461147834385915, "max_depth": 5.0}, "datetime": {"datetime": "2024-01-17 18:02:56", "elapsed": 16691.019275, "delta": 36.048602}}
{"target": 0.0006949123509016053, "params": {"gamma": 7.814381662400249, "log10_alpha": -2.8773214424499445, "log10_colsample_bytree": -0.6346485655711844, "log10_eta": -1.4453496437777726, "log10_lambda": -1.4567197638255514, "log10_min_child_weight": 2.0599750234441356, "log10_subsample": -0.6892745459688152, "max_depth": 3.0}, "datetime": {"datetime": "2024-01-17 18:03:37", "elapsed": 16732.128833, "delta": 41.109558}}
{"target": -6.16597310800493e-05, "params": {"gamma": 53.77833381660645, "log10_alpha": -4.091698795727735, "log10_colsample_bytree": -0.040035184454498385, "log10_eta": -3.632808676415462, "log10_lambda": -4.867961192196257, "log10_min_child_weight": 1.5811102292135422, "log10_subsample": -0.10439705273958344, "max_depth": 5.0}, "datetime": {"datetime": "2024-01-17 18:06:53", "elapsed": 16927.650308, "delta": 195.521475}}
{"target": 0.001270040808595746, "params": {"gamma": 78.98603365153706, "log10_alpha": -1.778874599822116, "log10_colsample_bytree": -0.08132238384695845, "log10_eta": -2.0108070860176275, "log10_lambda": -3.7172132339809485, "log10_min_child_weight": 0.9255733265908517, "log10_subsample": -0.8257261175376406, "max_depth": 6.0}, "datetime": {"datetime": "2024-01-17 18:07:45", "elapsed": 16980.1585, "delta": 52.508192}}
{"target": 0.0014358096798499642, "params": {"gamma": 79.15265601839099, "log10_alpha": -1.1912226700155077, "log10_colsample_bytree": -0.8038895879055785, "log10_eta": -1.2788476289589958, "log10_lambda": -4.722710325956766, "log10_min_child_weight": 1.7387548396478725, "log10_subsample": -0.10428716308882835, "max_depth": 6.0}, "datetime": {"datetime": "2024-01-17 18:08:26", "elapsed": 17020.538216, "delta": 40.379716}}
{"target": 0.000759282312661369, "params": {"gamma": 80.4498173426158, "log10_alpha": -1.3168720871649633, "log10_colsample_bytree": -0.22408480227706362, "log10_eta": -1.805240530937649, "log10_lambda": -3.4155173138032815, "log10_min_child_weight": 1.18909237066957, "log10_subsample": -0.28538400312586465, "max_depth": 5.0}, "datetime": {"datetime": "2024-01-17 18:09:10", "elapsed": 17064.616291, "delta": 44.078075}}
{"target": 0.0007239827524127551, "params": {"gamma": 78.24321338453034, "log10_alpha": -0.7933449084501625, "log10_colsample_bytree": -0.7014384704892765, "log10_eta": -2.158131919814423, "log10_lambda": -2.5486948318745037, "log10_min_child_weight": 0.42574424303695013, "log10_subsample": -0.7823320693421977, "max_depth": 6.0}, "datetime": {"datetime": "2024-01-17 18:10:06", "elapsed": 17121.362028, "delta": 56.745737}}
{"target": -0.00010078546787770093, "params": {"gamma": 83.04033043967455, "log10_alpha": -3.1057083531295375, "log10_colsample_bytree": -0.8298730897772135, "log10_eta": -1.7051928463740293, "log10_lambda": -3.1836770311633353, "log10_min_child_weight": 2.4863951674897944, "log10_subsample": -0.7774693122875649, "max_depth": 3.0}, "datetime": {"datetime": "2024-01-17 18:10:51", "elapsed": 17166.214292, "delta": 44.852264}}
{"target": 0.0009391251481197793, "params": {"gamma": 75.70993850510371, "log10_alpha": 0.3171779348806538, "log10_colsample_bytree": -0.22609078226965906, "log10_eta": -1.3837562019086764, "log10_lambda": -3.1786161742792713, "log10_min_child_weight": 2.0825441549625783, "log10_subsample": -0.6193551811986427, "max_depth": 5.0}, "datetime": {"datetime": "2024-01-17 18:11:31", "elapsed": 17205.990434, "delta": 39.776142}}
{"target": 0.0017432702761402408, "params": {"gamma": 80.27274032837138, "log10_alpha": -3.443239319641725, "log10_colsample_bytree": -0.5083706906656802, "log10_eta": -2.0173622588488347, "log10_lambda": -4.2314132923407675, "log10_min_child_weight": 1.4811573235396565, "log10_subsample": -0.7653109527940304, "max_depth": 9.0}, "datetime": {"datetime": "2024-01-17 18:12:39", "elapsed": 17274.159668, "delta": 68.169234}}
{"target": 0.00010701779706714931, "params": {"gamma": 79.8103778030056, "log10_alpha": -4.086682132165219, "log10_colsample_bytree": -0.17137485058567514, "log10_eta": -1.6427925221172393, "log10_lambda": -2.6863834169961818, "log10_min_child_weight": 0.29500714530003525, "log10_subsample": -0.6844498000634173, "max_depth": 9.0}, "datetime": {"datetime": "2024-01-17 18:13:37", "elapsed": 17331.971078, "delta": 57.81141}}
{"target": 0.0011688260297717523, "params": {"gamma": 95.56679741933816, "log10_alpha": -4.972257335428205, "log10_colsample_bytree": -0.9559299262143113, "log10_eta": -1.756093445636878, "log10_lambda": -3.5533754843231877, "log10_min_child_weight": 0.9697941614501776, "log10_subsample": -0.041436355553343795, "max_depth": 5.0}, "datetime": {"datetime": "2024-01-17 18:14:25", "elapsed": 17380.159812, "delta": 48.188734}}
{"target": 0.00015056538799068653, "params": {"gamma": 71.97710704662633, "log10_alpha": -1.1642491596584987, "log10_colsample_bytree": -0.5114725953703468, "log10_eta": -1.813515645256183, "log10_lambda": -1.7717485198579972, "log10_min_child_weight": 4.411191395056852, "log10_subsample": -0.8973912541510431, "max_depth": 6.0}, "datetime": {"datetime": "2024-01-17 18:15:44", "elapsed": 17458.546344, "delta": 78.386532}}
{"target": 0.0014229211045094226, "params": {"gamma": 79.14589221488572, "log10_alpha": -1.2166962973945568, "log10_colsample_bytree": -0.37964017017877577, "log10_eta": -1.8890259072104345, "log10_lambda": -4.182108882108867, "log10_min_child_weight": 1.2505499950160208, "log10_subsample": 0.0, "max_depth": 6.0}, "datetime": {"datetime": "2024-01-17 18:16:34", "elapsed": 17509.364084, "delta": 50.81774}}
{"target": 0.0013256370815743213, "params": {"gamma": 79.56123795418046, "log10_alpha": -3.768834060183088, "log10_colsample_bytree": -0.1455483227365847, "log10_eta": -1.8312173319849352, "log10_lambda": -3.6097237807143077, "log10_min_child_weight": 1.7512158375317688, "log10_subsample": -0.463650769367701, "max_depth": 8.0}, "datetime": {"datetime": "2024-01-17 18:17:25", "elapsed": 17560.325828, "delta": 50.961744}}
{"target": 0.00092488286345907, "params": {"gamma": 80.34962312835845, "log10_alpha": -3.661187506280818, "log10_colsample_bytree": -0.2606909905924748, "log10_eta": -1.6659034578826648, "log10_lambda": -1.8873004883226487, "log10_min_child_weight": 1.3951336719155538, "log10_subsample": -0.39061692623276034, "max_depth": 5.0}, "datetime": {"datetime": "2024-01-17 18:18:08", "elapsed": 17603.395399, "delta": 43.069571}}
{"target": 0.0002692032389589871, "params": {"gamma": 78.95936038808476, "log10_alpha": -3.3243722779913236, "log10_colsample_bytree": -0.7955728795263611, "log10_eta": -1.5523982910471448, "log10_lambda": -2.524783486222476, "log10_min_child_weight": 0.4986253994253592, "log10_subsample": -0.8018107491085816, "max_depth": 6.0}, "datetime": {"datetime": "2024-01-17 18:18:49", "elapsed": 17643.619185, "delta": 40.223786}}
{"target": 0.0017973815876994592, "params": {"gamma": 80.01741378077064, "log10_alpha": -2.142353296491998, "log10_colsample_bytree": -0.20481636779269463, "log10_eta": -2.3108840957678902, "log10_lambda": -4.218219581778419, "log10_min_child_weight": 1.4352072304726093, "log10_subsample": -0.8812480630651401, "max_depth": 8.0}, "datetime": {"datetime": "2024-01-17 18:20:20", "elapsed": 17734.560137, "delta": 90.940952}}
