{"target": 0.000876586688273645, "params": {"gamma": 95.77665994803445, "log10_alpha": 0.12057436435911395, "log10_colsample_bytree": -0.2631068958264374, "log10_eta": -1.6417400686793004, "log10_lambda": -1.3079004337986473, "log10_min_child_weight": 1.643078234542088, "log10_subsample": -0.21501553079340596, "max_depth": 3.0}, "datetime": {"datetime": "2024-01-17 19:17:07", "elapsed": 21142.146396, "delta": 44.561773}}
{"target": 0.0004337151771162673, "params": {"gamma": 79.12122681141544, "log10_alpha": -2.2493782046859803, "log10_colsample_bytree": -0.7791902541478569, "log10_eta": -1.9084449424877903, "log10_lambda": -4.359686340121114, "log10_min_child_weight": 1.8281024453057233, "log10_subsample": -0.88762007808918, "max_depth": 8.0}, "datetime": {"datetime": "2024-01-17 19:17:58", "elapsed": 21192.943731, "delta": 50.797335}}
{"target": 0.0009277604778639426, "params": {"gamma": 79.87263764012641, "log10_alpha": -2.0256300127800637, "log10_colsample_bytree": -0.7357694359424773, "log10_eta": -1.1684501358318502, "log10_lambda": -3.023301442593275, "log10_min_child_weight": 0.15409899382506087, "log10_subsample": -0.19187861307840548, "max_depth": 5.0}, "datetime": {"datetime": "2024-01-17 19:18:37", "elapsed": 21232.24699, "delta": 39.303259}}
{"target": 0.0019366116887891693, "params": {"gamma": 79.36296613050614, "log10_alpha": -3.7498616852982023, "log10_colsample_bytree": -0.483368562683833, "log10_eta": -2.2080836616807598, "log10_lambda": -3.9260262364794505, "log10_min_child_weight": 1.282999330662577, "log10_subsample": -0.8654619531564023, "max_depth": 9.0}, "datetime": {"datetime": "2024-01-17 19:20:07", "elapsed": 21322.403583, "delta": 90.156593}}
{"target": 0.0008338526682868386, "params": {"gamma": 86.94463330401308, "log10_alpha": -2.0942493460419516, "log10_colsample_bytree": -0.41323296113797925, "log10_eta": -1.5905034424384428, "log10_lambda": -3.4553120153531225, "log10_min_child_weight": 2.863886850609392, "log10_subsample": -0.11107027313812812, "max_depth": 9.0}, "datetime": {"datetime": "2024-01-17 19:20:55", "elapsed": 21369.953712, "delta": 47.550129}}
{"target": 0.0016862307671059173, "params": {"gamma": 79.20474428561374, "log10_alpha": -2.7607834219776772, "log10_colsample_bytree": -0.45460184968839645, "log10_eta": -1.5173097804709288, "log10_lambda": -4.066981427481551, "log10_min_child_weight": 0.14695167403353435, "log10_subsample": -0.891059466042345, "max_depth": 4.0}, "datetime": {"datetime": "2024-01-17 19:21:39", "elapsed": 21414.136083, "delta": 44.182371}}
{"target": 0.00016060363374953424, "params": {"gamma": 77.30050067469301, "log10_alpha": -1.0328818611637987, "log10_colsample_bytree": -0.06484536324489942, "log10_eta": -1.5315174311492727, "log10_lambda": -3.7355128287269648, "log10_min_child_weight": 2.420437237396322, "log10_subsample": -0.7128980423701197, "max_depth": 6.0}, "datetime": {"datetime": "2024-01-17 19:22:17", "elapsed": 21452.322663, "delta": 38.18658}}
{"target": -0.00017167549413310557, "params": {"gamma": 43.16381528244898, "log10_alpha": 0.4027118482940075, "log10_colsample_bytree": -0.7770458956369424, "log10_eta": -2.8792927611511967, "log10_lambda": 0.09460552880461481, "log10_min_child_weight": 2.27766536926357, "log10_subsample": -0.17484088049223656, "max_depth": 4.0}, "datetime": {"datetime": "2024-01-17 19:23:50", "elapsed": 21544.956258, "delta": 92.633595}}
{"target": 0.0007409332536814917, "params": {"gamma": 77.60453314867907, "log10_alpha": -1.0872518995288578, "log10_colsample_bytree": -0.23068210944040302, "log10_eta": -2.357120937347728, "log10_lambda": -4.296694973478627, "log10_min_child_weight": 2.495003896585954, "log10_subsample": -0.4458974716756742, "max_depth": 7.0}, "datetime": {"datetime": "2024-01-17 19:25:05", "elapsed": 21620.529948, "delta": 75.57369}}
{"target": 0.0009285569155332296, "params": {"gamma": 79.64254037148712, "log10_alpha": -4.322272484380834, "log10_colsample_bytree": -0.20070063074797506, "log10_eta": -2.1320768927760927, "log10_lambda": -3.333385498255378, "log10_min_child_weight": 1.2859335112622206, "log10_subsample": -0.033592100882119835, "max_depth": 8.0}, "datetime": {"datetime": "2024-01-17 19:26:20", "elapsed": 21695.353239, "delta": 74.823291}}
{"target": -0.0002535236884289582, "params": {"gamma": 50.542461218255156, "log10_alpha": -3.9926172371985436, "log10_colsample_bytree": -0.16091437440003953, "log10_eta": -2.1234692771996917, "log10_lambda": -2.6280553064985437, "log10_min_child_weight": 3.2740339341077878, "log10_subsample": -0.40263040009342554, "max_depth": 8.0}, "datetime": {"datetime": "2024-01-17 19:27:12", "elapsed": 21747.341879, "delta": 51.98864}}
{"target": 0.0010677342501330678, "params": {"gamma": 79.48182584410979, "log10_alpha": -2.968971112256523, "log10_colsample_bytree": -0.4045580334896066, "log10_eta": -1.737590960539181, "log10_lambda": -4.529160889965999, "log10_min_child_weight": 0.15309910170038465, "log10_subsample": -0.3228417403578875, "max_depth": 4.0}, "datetime": {"datetime": "2024-01-17 19:27:55", "elapsed": 21789.822536, "delta": 42.480657}}
{"target": -0.0008292529303174923, "params": {"gamma": 7.133628353676446, "log10_alpha": -1.084469994325481, "log10_colsample_bytree": -0.9104433218271488, "log10_eta": -3.721469519090787, "log10_lambda": 0.0039111944005183474, "log10_min_child_weight": 3.326789309885388, "log10_subsample": -0.1688711342251905, "max_depth": 6.0}, "datetime": {"datetime": "2024-01-17 19:29:21", "elapsed": 21875.672294, "delta": 85.849758}}
{"target": 0.0008231717401496752, "params": {"gamma": 79.32144165678906, "log10_alpha": -3.6006799090804886, "log10_colsample_bytree": -0.34565268135089855, "log10_eta": -1.5867781377018848, "log10_lambda": -4.796031912816054, "log10_min_child_weight": 0.8159532511889439, "log10_subsample": -0.6614127777420685, "max_depth": 6.0}, "datetime": {"datetime": "2024-01-17 19:30:03", "elapsed": 21918.058494, "delta": 42.3862}}
{"target": 0.000323494705712718, "params": {"gamma": 79.27043249469075, "log10_alpha": -2.9711071347730567, "log10_colsample_bytree": -0.2797926381353534, "log10_eta": -1.0766113641368649, "log10_lambda": -4.056776363657312, "log10_min_child_weight": 0.46461966055413473, "log10_subsample": -0.714603429991141, "max_depth": 6.0}, "datetime": {"datetime": "2024-01-17 19:30:39", "elapsed": 21953.920377, "delta": 35.861883}}
{"target": 0.0005972123126207762, "params": {"gamma": 80.25704003522637, "log10_alpha": -3.3647245906741547, "log10_colsample_bytree": -0.22696794344854143, "log10_eta": -1.9238301030846046, "log10_lambda": -3.4189364685271144, "log10_min_child_weight": 0.7249798422339032, "log10_subsample": -0.3020535353271896, "max_depth": 6.0}, "datetime": {"datetime": "2024-01-17 19:31:28", "elapsed": 22003.332756, "delta": 49.412379}}
{"target": 0.0004346075848261355, "params": {"gamma": 25.49415215680717, "log10_alpha": -1.0793807671142979, "log10_colsample_bytree": -0.2576035730838482, "log10_eta": -2.7524599613767755, "log10_lambda": -4.846859202198317, "log10_min_child_weight": 1.20103500998382, "log10_subsample": -0.45826616537731124, "max_depth": 4.0}, "datetime": {"datetime": "2024-01-17 19:32:55", "elapsed": 22090.199091, "delta": 86.866335}}
{"target": 0.0017741426697083784, "params": {"gamma": 79.84933779977264, "log10_alpha": -4.124194527384499, "log10_colsample_bytree": -0.44223403876144995, "log10_eta": -1.821816161587055, "log10_lambda": -4.378751738552642, "log10_min_child_weight": 1.526354596428997, "log10_subsample": -0.7038854465309148, "max_depth": 9.0}, "datetime": {"datetime": "2024-01-17 19:33:50", "elapsed": 22145.313139, "delta": 55.114048}}
{"target": 0.0016724549923744503, "params": {"gamma": 80.72088557792212, "log10_alpha": -2.4713797877245236, "log10_colsample_bytree": -0.6162216287409664, "log10_eta": -1.828717290035767, "log10_lambda": -4.004663404289609, "log10_min_child_weight": 0.2498965971205619, "log10_subsample": -0.7382336282739126, "max_depth": 7.0}, "datetime": {"datetime": "2024-01-17 19:34:48", "elapsed": 22203.188028, "delta": 57.874889}}
{"target": 0.0009242903122795021, "params": {"gamma": 80.75702756860788, "log10_alpha": -2.2206587045563637, "log10_colsample_bytree": -0.07480261942878297, "log10_eta": -2.4245497776484544, "log10_lambda": -3.7234523948175733, "log10_min_child_weight": 0.4023068247655892, "log10_subsample": -0.5651015902458455, "max_depth": 7.0}, "datetime": {"datetime": "2024-01-17 19:36:19", "elapsed": 22294.34471, "delta": 91.156682}}
{"target": 0.0013301878850004167, "params": {"gamma": 79.43338254892004, "log10_alpha": -4.47623548118086, "log10_colsample_bytree": -0.23590902639254296, "log10_eta": -2.5897909444384086, "log10_lambda": -4.123161256736914, "log10_min_child_weight": 1.53274224142127, "log10_subsample": -0.9182421910499151, "max_depth": 8.0}, "datetime": {"datetime": "2024-01-17 19:38:07", "elapsed": 22401.876345, "delta": 107.531635}}
{"target": 0.0015117597376367864, "params": {"gamma": 78.9029812847991, "log10_alpha": -1.3660692266062622, "log10_colsample_bytree": -0.4877516173981743, "log10_eta": -2.191977884770686, "log10_lambda": -3.219320770116595, "log10_min_child_weight": 1.490604360493732, "log10_subsample": -0.7144689909082942, "max_depth": 6.0}, "datetime": {"datetime": "2024-01-17 19:39:17", "elapsed": 22472.299141, "delta": 70.422796}}
{"target": 0.0008122199074545589, "params": {"gamma": 79.89755435770198, "log10_alpha": -2.4204796380221705, "log10_colsample_bytree": -0.590066112917432, "log10_eta": -1.3058271729325952, "log10_lambda": -2.088584258323303, "log10_min_child_weight": 0.6744777218296816, "log10_subsample": -0.4011413131980698, "max_depth": 6.0}, "datetime": {"datetime": "2024-01-17 19:39:57", "elapsed": 22512.145814, "delta": 39.846673}}
{"target": 0.0020083203685310747, "params": {"gamma": 79.39823787486382, "log10_alpha": -3.502187542707391, "log10_colsample_bytree": -0.4560096275452009, "log10_eta": -1.7216544171660506, "log10_lambda": -3.7139091081928424, "log10_min_child_weight": 1.2764974621718235, "log10_subsample": -0.9462104057243105, "max_depth": 9.0}, "datetime": {"datetime": "2024-01-17 19:40:54", "elapsed": 22568.99472, "delta": 56.848906}}
{"target": 0.00048842737299154, "params": {"gamma": 95.66690395159806, "log10_alpha": -4.943447374978197, "log10_colsample_bytree": -0.9347949883602285, "log10_eta": -1.0787565047193635, "log10_lambda": -3.5969754851387137, "log10_min_child_weight": 1.8293582984045327, "log10_subsample": -0.6202732650795914, "max_depth": 5.0}, "datetime": {"datetime": "2024-01-17 19:41:33", "elapsed": 22607.99953, "delta": 39.00481}}
{"target": 0.0007878000217364511, "params": {"gamma": 80.18039100463203, "log10_alpha": -2.0894274260290704, "log10_colsample_bytree": -0.7166939429162269, "log10_eta": -1.498647478081344, "log10_lambda": -2.312367741653417, "log10_min_child_weight": 0.7927399961065446, "log10_subsample": -0.5996816057710579, "max_depth": 6.0}, "datetime": {"datetime": "2024-01-17 19:42:19", "elapsed": 22653.832214, "delta": 45.832684}}
{"target": 0.0010625782415143725, "params": {"gamma": 79.51390555370695, "log10_alpha": -4.6046611407107, "log10_colsample_bytree": -0.41429649990791606, "log10_eta": -1.8887997348928343, "log10_lambda": -3.491247524779756, "log10_min_child_weight": 0.8680503191885769, "log10_subsample": -0.5680174957825573, "max_depth": 9.0}, "datetime": {"datetime": "2024-01-17 19:43:21", "elapsed": 22716.516972, "delta": 62.684758}}
{"target": 0.0014196495269118425, "params": {"gamma": 75.97915094428507, "log10_alpha": 0.6783147466794048, "log10_colsample_bytree": -0.7329786414672869, "log10_eta": -1.509697168445951, "log10_lambda": -2.79614318349834, "log10_min_child_weight": 1.8576097996024552, "log10_subsample": 0.0, "max_depth": 5.0}, "datetime": {"datetime": "2024-01-17 19:44:07", "elapsed": 22761.979103, "delta": 45.462131}}
{"target": 0.000559176388606808, "params": {"gamma": 78.99648085527483, "log10_alpha": -2.5900410730839223, "log10_colsample_bytree": -0.8725867462558614, "log10_eta": -1.4105346035676636, "log10_lambda": -3.912118517271203, "log10_min_child_weight": 0.12421618362616516, "log10_subsample": -0.8930525121329402, "max_depth": 4.0}, "datetime": {"datetime": "2024-01-17 19:44:48", "elapsed": 22802.92799, "delta": 40.948887}}
{"target": 0.001809040682350882, "params": {"gamma": 79.73425701240441, "log10_alpha": -3.524122947457978, "log10_colsample_bytree": -0.20051051317867152, "log10_eta": -2.059203183968575, "log10_lambda": -3.5592245022727234, "log10_min_child_weight": 1.4942784925161676, "log10_subsample": -1.0, "max_depth": 8.0}, "datetime": {"datetime": "2024-01-17 19:45:54", "elapsed": 22868.70563, "delta": 65.77764}}
{"target": 0.0006669696431679251, "params": {"gamma": 80.49033088242486, "log10_alpha": -1.9080442650539933, "log10_colsample_bytree": -0.21866358752776627, "log10_eta": -3.0969946364648573, "log10_lambda": -3.7303401647607215, "log10_min_child_weight": 0.7384289659351373, "log10_subsample": -0.8634887235581641, "max_depth": 7.0}, "datetime": {"datetime": "2024-01-17 19:48:39", "elapsed": 23034.300889, "delta": 165.595259}}
{"target": -1.9696059568863333e-06, "params": {"gamma": 50.699137576431994, "log10_alpha": -0.6130686730704795, "log10_colsample_bytree": -0.7797476696627267, "log10_eta": -1.6043666911973977, "log10_lambda": -1.649337095374908, "log10_min_child_weight": 3.9172448747960815, "log10_subsample": -0.2407661578811262, "max_depth": 6.0}, "datetime": {"datetime": "2024-01-17 19:49:27", "elapsed": 23082.20391, "delta": 47.903021}}
{"target": 0.0008493892970210248, "params": {"gamma": 79.85252788617, "log10_alpha": -2.524856224652405, "log10_colsample_bytree": -0.7111286566259266, "log10_eta": -2.522351127521913, "log10_lambda": -4.197256315083118, "log10_min_child_weight": 0.6991495959270416, "log10_subsample": -0.3234554114203051, "max_depth": 7.0}, "datetime": {"datetime": "2024-01-17 19:51:00", "elapsed": 23175.118305, "delta": 92.914395}}
{"target": 0.0018498703542609851, "params": {"gamma": 79.77174865578174, "log10_alpha": -3.616694978163361, "log10_colsample_bytree": -0.12540626483041398, "log10_eta": -2.070515995973442, "log10_lambda": -3.65983817530559, "log10_min_child_weight": 1.5773718543124569, "log10_subsample": -1.0, "max_depth": 8.0}, "datetime": {"datetime": "2024-01-17 19:52:09", "elapsed": 23244.281394, "delta": 69.163089}}
{"target": 0.0007031223623481797, "params": {"gamma": 79.71197387642599, "log10_alpha": -2.250702683202103, "log10_colsample_bytree": -0.18521388202030697, "log10_eta": -1.4340659502637632, "log10_lambda": -3.545472623833369, "log10_min_child_weight": 0.47431213409845796, "log10_subsample": -0.09244738246855899, "max_depth": 7.0}, "datetime": {"datetime": "2024-01-17 19:52:51", "elapsed": 23285.946207, "delta": 41.664813}}
{"target": 0.0010871153531693545, "params": {"gamma": 79.72487121999671, "log10_alpha": -3.5054823645655295, "log10_colsample_bytree": -0.3459639633556044, "log10_eta": -2.768656636451745, "log10_lambda": -3.992167096219873, "log10_min_child_weight": 0.21694416498089342, "log10_subsample": -0.7768163786112269, "max_depth": 6.0}, "datetime": {"datetime": "2024-01-17 19:54:49", "elapsed": 23404.3674, "delta": 118.421193}}
{"target": 0.001504206968620997, "params": {"gamma": 79.50540260450389, "log10_alpha": -2.415164195571708, "log10_colsample_bytree": -0.401949573422442, "log10_eta": -1.8277604961038656, "log10_lambda": -4.190643517158183, "log10_min_child_weight": 0.4543550555166542, "log10_subsample": -0.6472896833384989, "max_depth": 5.0}, "datetime": {"datetime": "2024-01-17 19:55:41", "elapsed": 23455.695761, "delta": 51.328361}}
{"target": 0.0019438758802877987, "params": {"gamma": 80.77164870179907, "log10_alpha": -2.0385273554732644, "log10_colsample_bytree": -0.28647373396570575, "log10_eta": -1.6685649675345946, "log10_lambda": -2.313886056104743, "log10_min_child_weight": 0.21719381749025546, "log10_subsample": -0.8250570822157113, "max_depth": 7.0}, "datetime": {"datetime": "2024-01-17 19:56:27", "elapsed": 23501.828899, "delta": 46.133138}}
{"target": 0.0008696667534554836, "params": {"gamma": 80.08286801639983, "log10_alpha": -1.7289644226560466, "log10_colsample_bytree": -0.614705510411079, "log10_eta": -1.4368426610025176, "log10_lambda": -1.7999554018856765, "log10_min_child_weight": 0.802757714521723, "log10_subsample": -0.5325315522200496, "max_depth": 7.0}, "datetime": {"datetime": "2024-01-17 19:57:09", "elapsed": 23544.472464, "delta": 42.643565}}
{"target": 0.000734638769935847, "params": {"gamma": 79.99982404044734, "log10_alpha": -2.4670931351528234, "log10_colsample_bytree": -0.1663345065353643, "log10_eta": -2.219194749308193, "log10_lambda": -4.553793229143998, "log10_min_child_weight": 1.6505711140133656, "log10_subsample": -0.17873213869719595, "max_depth": 6.0}, "datetime": {"datetime": "2024-01-17 19:58:09", "elapsed": 23603.897278, "delta": 59.424814}}
{"target": 0.0006364138203728276, "params": {"gamma": 81.07774279391158, "log10_alpha": -1.715816820023707, "log10_colsample_bytree": -0.15670317294093028, "log10_eta": -1.9807561024632045, "log10_lambda": -2.5761113794685198, "log10_min_child_weight": 0.06557732560103058, "log10_subsample": -0.4240974085038176, "max_depth": 7.0}, "datetime": {"datetime": "2024-01-17 19:59:10", "elapsed": 23664.950373, "delta": 61.053095}}
{"target": 0.00011837873335082683, "params": {"gamma": 79.37296502735079, "log10_alpha": -2.902933818832315, "log10_colsample_bytree": -0.7241704995089228, "log10_eta": -2.3111316195367655, "log10_lambda": -3.1653194439157297, "log10_min_child_weight": 2.1422042744391288, "log10_subsample": -0.7550028196680038, "max_depth": 9.0}, "datetime": {"datetime": "2024-01-17 20:00:16", "elapsed": 23731.162706, "delta": 66.212333}}
{"target": 0.0014821276229447233, "params": {"gamma": 95.46059809187845, "log10_alpha": -5.0, "log10_colsample_bytree": -0.12355201341358152, "log10_eta": -2.121504774838299, "log10_lambda": -3.3973179498038957, "log10_min_child_weight": 1.4406231417998565, "log10_subsample": -0.9830250872995152, "max_depth": 5.0}, "datetime": {"datetime": "2024-01-17 20:01:13", "elapsed": 23788.277171, "delta": 57.114465}}
{"target": 0.000142264444104645, "params": {"gamma": 79.5956359286248, "log10_alpha": -2.797939189952105, "log10_colsample_bytree": -0.08771161931524829, "log10_eta": -2.0790722296713047, "log10_lambda": -1.8886227465204426, "log10_min_child_weight": 2.281246914394128, "log10_subsample": -0.9832417883562266, "max_depth": 6.0}, "datetime": {"datetime": "2024-01-17 20:02:02", "elapsed": 23836.840697, "delta": 48.563526}}
{"target": 0.0018157559823126501, "params": {"gamma": 79.76851706412947, "log10_alpha": -3.719969578370997, "log10_colsample_bytree": -0.12306675663388877, "log10_eta": -1.8432976581067164, "log10_lambda": -3.80968741498347, "log10_min_child_weight": 1.6677037279053604, "log10_subsample": -0.6721140152864687, "max_depth": 9.0}, "datetime": {"datetime": "2024-01-17 20:03:01", "elapsed": 23895.927514, "delta": 59.086817}}
{"target": 0.0014857251881382483, "params": {"gamma": 79.70998453067712, "log10_alpha": -3.1225712736982736, "log10_colsample_bytree": -0.29167193189816365, "log10_eta": -1.816907909709867, "log10_lambda": -3.5812375144685156, "log10_min_child_weight": 1.1415840494017986, "log10_subsample": -1.0, "max_depth": 8.0}, "datetime": {"datetime": "2024-01-17 20:03:54", "elapsed": 23949.05178, "delta": 53.124266}}
{"target": -0.00047108512609023157, "params": {"gamma": 79.38918227982883, "log10_alpha": -3.4808702680809196, "log10_colsample_bytree": -0.30190311881463805, "log10_eta": -1.2681385968214096, "log10_lambda": -4.122863431437761, "log10_min_child_weight": 1.642341412898583, "log10_subsample": -0.3632460968788469, "max_depth": 8.0}, "datetime": {"datetime": "2024-01-17 20:04:33", "elapsed": 23988.061408, "delta": 39.009628}}
{"target": -0.0008052673560495771, "params": {"gamma": 0.8892477282321787, "log10_alpha": 0.004479705198837891, "log10_colsample_bytree": -0.9080600387249701, "log10_eta": -3.4660278531294386, "log10_lambda": -0.907523285014558, "log10_min_child_weight": 3.351087355610157, "log10_subsample": -0.6076652359056375, "max_depth": 4.0}, "datetime": {"datetime": "2024-01-17 20:05:56", "elapsed": 24071.092719, "delta": 83.031311}}
{"target": 0.0011924770180133104, "params": {"gamma": 80.13371416450153, "log10_alpha": -3.707005110076965, "log10_colsample_bytree": -0.5343190526052825, "log10_eta": -2.5916257149331425, "log10_lambda": -3.703437907193658, "log10_min_child_weight": 1.1169720208294138, "log10_subsample": -0.8901128248987872, "max_depth": 8.0}, "datetime": {"datetime": "2024-01-17 20:07:57", "elapsed": 24192.148949, "delta": 121.05623}}
{"target": 0.0010495533222024123, "params": {"gamma": 33.13596818533181, "log10_alpha": -0.868437286845559, "log10_colsample_bytree": -0.18587627019678088, "log10_eta": -1.8022660527573673, "log10_lambda": -2.4479882580656422, "log10_min_child_weight": 2.056202043634187, "log10_subsample": -0.5275629470358447, "max_depth": 4.0}, "datetime": {"datetime": "2024-01-17 20:08:42", "elapsed": 24236.872475, "delta": 44.723526}}
{"target": 0.001595844710483435, "params": {"gamma": 78.83625603014278, "log10_alpha": -1.2562900494889249, "log10_colsample_bytree": -0.4191136863428463, "log10_eta": -2.0234167512710486, "log10_lambda": -3.898487755874804, "log10_min_child_weight": 0.9476088279556094, "log10_subsample": -0.45957929151011767, "max_depth": 6.0}, "datetime": {"datetime": "2024-01-17 20:09:44", "elapsed": 24298.601239, "delta": 61.728764}}
