{"target": 0.0009109439935589547, "params": {"gamma": 79.102754118503, "log10_alpha": -2.1217266466376636, "log10_colsample_bytree": -0.9465563318508774, "log10_eta": -1.6023140240498788, "log10_lambda": -4.064890573443897, "log10_min_child_weight": 1.3548553276243236, "log10_subsample": -0.32505229855764384, "max_depth": 5.0}, "datetime": {"datetime": "2024-01-17 15:32:14", "elapsed": 7649.366639, "delta": 44.311231}}
{"target": 0.0001842151500460465, "params": {"gamma": 78.76486053570925, "log10_alpha": -2.632957953608953, "log10_colsample_bytree": -0.35332081213389344, "log10_eta": -1.3713214305443344, "log10_lambda": -2.4054804865088686, "log10_min_child_weight": 2.0038507828242857, "log10_subsample": -0.9358835337469638, "max_depth": 7.0}, "datetime": {"datetime": "2024-01-17 15:32:51", "elapsed": 7686.503137, "delta": 37.136498}}
{"target": 0.0015626452941007174, "params": {"gamma": 79.41475501293938, "log10_alpha": -3.119561667110234, "log10_colsample_bytree": -0.3378369267111665, "log10_eta": -2.4527535022239375, "log10_lambda": -3.989368082950965, "log10_min_child_weight": 1.5028605756070035, "log10_subsample": -0.8244464200593061, "max_depth": 6.0}, "datetime": {"datetime": "2024-01-17 15:34:13", "elapsed": 7767.782046, "delta": 81.278909}}
{"target": -0.00015332035988480097, "params": {"gamma": 79.33094948916886, "log10_alpha": -2.7732449800614396, "log10_colsample_bytree": -0.1444634188844396, "log10_eta": -3.6648318271713904, "log10_lambda": -3.616657271104534, "log10_min_child_weight": 1.3297957582972963, "log10_subsample": -0.3313419246957733, "max_depth": 6.0}, "datetime": {"datetime": "2024-01-17 15:37:47", "elapsed": 7981.97272, "delta": 214.190674}}
{"target": 0.001131225708052852, "params": {"gamma": 78.77995178490067, "log10_alpha": -1.3220996655180053, "log10_colsample_bytree": -0.40398790513201654, "log10_eta": -1.6576288324887498, "log10_lambda": -3.735845923922002, "log10_min_child_weight": 1.1074571239701536, "log10_subsample": -0.48052577926753026, "max_depth": 7.0}, "datetime": {"datetime": "2024-01-17 15:38:35", "elapsed": 8029.985308, "delta": 48.012588}}
{"target": -6.442864887032385e-05, "params": {"gamma": 77.56307395409837, "log10_alpha": -1.5389808262882845, "log10_colsample_bytree": -0.900061499147524, "log10_eta": -1.9408898110113384, "log10_lambda": -4.553871151866557, "log10_min_child_weight": 2.8859081949687533, "log10_subsample": -0.3585227251323757, "max_depth": 5.0}, "datetime": {"datetime": "2024-01-17 15:39:19", "elapsed": 8074.406754, "delta": 44.421446}}
{"target": 0.0012197846999239814, "params": {"gamma": 79.15427570007267, "log10_alpha": -4.924470677983206, "log10_colsample_bytree": 0.0, "log10_eta": -2.2194157470025218, "log10_lambda": -3.0618199660406775, "log10_min_child_weight": 1.5159286851453908, "log10_subsample": -0.6860405800421425, "max_depth": 8.0}, "datetime": {"datetime": "2024-01-17 15:40:22", "elapsed": 8137.215863, "delta": 62.809109}}
{"target": 0.0008923554036074643, "params": {"gamma": 79.73969719667024, "log10_alpha": -2.5900510135746035, "log10_colsample_bytree": -0.12364290364768482, "log10_eta": -2.2883667992389607, "log10_lambda": -2.1797350159516204, "log10_min_child_weight": 1.1023153438027782, "log10_subsample": -0.4761999174021003, "max_depth": 7.0}, "datetime": {"datetime": "2024-01-17 15:41:28", "elapsed": 8203.501175, "delta": 66.285312}}
{"target": 0.0006634164758166639, "params": {"gamma": 78.57363611109078, "log10_alpha": -1.1027122087809875, "log10_colsample_bytree": -0.3071725358897279, "log10_eta": -2.0323797538945225, "log10_lambda": -2.622810289316411, "log10_min_child_weight": 2.0918084772230454, "log10_subsample": -0.9692233348407023, "max_depth": 5.0}, "datetime": {"datetime": "2024-01-17 15:42:23", "elapsed": 8258.047072, "delta": 54.545897}}
{"target": 0.0012615796068251306, "params": {"gamma": 80.09857565417646, "log10_alpha": -2.373194896725793, "log10_colsample_bytree": -0.14785628368601467, "log10_eta": -2.06584194942449, "log10_lambda": -4.803447671256502, "log10_min_child_weight": 1.8028479515003086, "log10_subsample": -0.1734079336312424, "max_depth": 6.0}, "datetime": {"datetime": "2024-01-17 15:43:17", "elapsed": 8312.432709, "delta": 54.385637}}
{"target": 0.0017398052768080041, "params": {"gamma": 79.0736879688795, "log10_alpha": -2.7135807551563857, "log10_colsample_bytree": -0.6255100378216172, "log10_eta": -1.8164811544383763, "log10_lambda": -1.9953221858491816, "log10_min_child_weight": 1.1556744488165216, "log10_subsample": -0.9753653751041209, "max_depth": 7.0}, "datetime": {"datetime": "2024-01-17 15:44:10", "elapsed": 8364.657803, "delta": 52.225094}}
{"target": 0.0015597213762617301, "params": {"gamma": 78.4436099174371, "log10_alpha": -1.4013135379289505, "log10_colsample_bytree": -0.5912852867754823, "log10_eta": -1.756245022578174, "log10_lambda": -3.417951537316539, "log10_min_child_weight": 1.2086704115434717, "log10_subsample": -0.2703730401794778, "max_depth": 6.0}, "datetime": {"datetime": "2024-01-17 15:44:59", "elapsed": 8413.594996, "delta": 48.937193}}
{"target": 0.0012957899719181487, "params": {"gamma": 77.2682932583214, "log10_alpha": -1.0767138813141024, "log10_colsample_bytree": -0.5557673968486913, "log10_eta": -1.9830168658359404, "log10_lambda": -3.7627023565811903, "log10_min_child_weight": 1.5626687920309585, "log10_subsample": -0.5007859402058142, "max_depth": 6.0}, "datetime": {"datetime": "2024-01-17 15:45:52", "elapsed": 8467.251935, "delta": 53.656939}}
{"target": 0.00019905794882896233, "params": {"gamma": 78.87246473911894, "log10_alpha": -2.244839477009388, "log10_colsample_bytree": -0.9783690103875267, "log10_eta": -2.2217332693591945, "log10_lambda": -2.804799832870297, "log10_min_child_weight": 1.4495057419318569, "log10_subsample": -0.8972058890547058, "max_depth": 6.0}, "datetime": {"datetime": "2024-01-17 15:46:46", "elapsed": 8521.261346, "delta": 54.009411}}
{"target": 0.0018541289400849092, "params": {"gamma": 77.83059879898185, "log10_alpha": -1.3551726386061613, "log10_colsample_bytree": -0.42227680186693317, "log10_eta": -1.5377086928463406, "log10_lambda": -3.7174405950130947, "log10_min_child_weight": 1.945286090456872, "log10_subsample": -0.2894502408450541, "max_depth": 6.0}, "datetime": {"datetime": "2024-01-17 15:47:28", "elapsed": 8563.161064, "delta": 41.899718}}
{"target": 0.0010972835828642058, "params": {"gamma": 78.93286013025194, "log10_alpha": -1.9366042432410522, "log10_colsample_bytree": -0.018543688699078298, "log10_eta": -1.3851869589648, "log10_lambda": -3.5267850880937335, "log10_min_child_weight": 1.9236628414956942, "log10_subsample": -0.45215384930843816, "max_depth": 6.0}, "datetime": {"datetime": "2024-01-17 15:48:07", "elapsed": 8601.693879, "delta": 38.532815}}
{"target": -0.00015915098180657727, "params": {"gamma": 79.75047363252824, "log10_alpha": -3.401811497263073, "log10_colsample_bytree": -0.36105025331547946, "log10_eta": -2.4014136368285532, "log10_lambda": -3.946595397756932, "log10_min_child_weight": 2.37016608148245, "log10_subsample": -0.9250481024547015, "max_depth": 6.0}, "datetime": {"datetime": "2024-01-17 15:49:01", "elapsed": 8655.816755, "delta": 54.122876}}
{"target": -0.0008224734645898013, "params": {"gamma": 88.65998777897514, "log10_alpha": 0.43626864501638174, "log10_colsample_bytree": -0.9533847234061983, "log10_eta": -3.8831487709363603, "log10_lambda": -0.7748813348780184, "log10_min_child_weight": 0.14794142352201112, "log10_subsample": -0.7724791445329536, "max_depth": 5.0}, "datetime": {"datetime": "2024-01-17 15:50:21", "elapsed": 8735.735827, "delta": 79.919072}}
{"target": 0.0014617566949566008, "params": {"gamma": 79.28529395837674, "log10_alpha": -2.7578537627408686, "log10_colsample_bytree": -0.2667392447912001, "log10_eta": -2.0012708182111507, "log10_lambda": -1.8878548444094307, "log10_min_child_weight": 1.3966217740409155, "log10_subsample": -1.0, "max_depth": 6.0}, "datetime": {"datetime": "2024-01-17 15:51:14", "elapsed": 8788.542818, "delta": 52.806991}}
{"target": -0.00017100536675837552, "params": {"gamma": 79.22256694037605, "log10_alpha": -1.2478773312365612, "log10_colsample_bytree": -0.3494209102962117, "log10_eta": -1.0309548430788853, "log10_lambda": -3.0551850772062386, "log10_min_child_weight": 1.7247770609586688, "log10_subsample": -0.5308449133555562, "max_depth": 5.0}, "datetime": {"datetime": "2024-01-17 15:51:47", "elapsed": 8822.449539, "delta": 33.906721}}
{"target": 0.0011576860328264549, "params": {"gamma": 77.99655118585814, "log10_alpha": -0.8751386506815706, "log10_colsample_bytree": -0.37348546254077164, "log10_eta": -1.7002939725838697, "log10_lambda": -2.5528475775076047, "log10_min_child_weight": 0.4746829427799376, "log10_subsample": -0.14432310527158454, "max_depth": 5.0}, "datetime": {"datetime": "2024-01-17 15:52:29", "elapsed": 8863.72048, "delta": 41.270941}}
{"target": 0.0009432585780237424, "params": {"gamma": 78.13475931011408, "log10_alpha": -1.6664405687438935, "log10_colsample_bytree": -0.9408096333119463, "log10_eta": -1.1639276537832135, "log10_lambda": -2.0402499957572156, "log10_min_child_weight": 1.1387839473927968, "log10_subsample": -0.34387708110931847, "max_depth": 5.0}, "datetime": {"datetime": "2024-01-17 15:53:07", "elapsed": 8902.170707, "delta": 38.450227}}
{"target": 5.915473255638237e-05, "params": {"gamma": 78.53610883310925, "log10_alpha": -1.9685735333223082, "log10_colsample_bytree": -0.6652972495352367, "log10_eta": -3.1503675306256103, "log10_lambda": -4.5190872231838375, "log10_min_child_weight": 1.4007315767966189, "log10_subsample": -0.456869556219622, "max_depth": 7.0}, "datetime": {"datetime": "2024-01-17 15:55:16", "elapsed": 9031.497262, "delta": 129.326555}}
{"target": 0.0013384980043897043, "params": {"gamma": 78.84184038170638, "log10_alpha": -1.6079893649294208, "log10_colsample_bytree": -0.4313807533105005, "log10_eta": -1.1539987374198937, "log10_lambda": -2.9620753247903244, "log10_min_child_weight": 0.043393512893345476, "log10_subsample": -0.2123619800313722, "max_depth": 6.0}, "datetime": {"datetime": "2024-01-17 15:55:54", "elapsed": 9068.56192, "delta": 37.064658}}
{"target": 0.0013780403773543948, "params": {"gamma": 77.33972382639845, "log10_alpha": 0.014383979009475745, "log10_colsample_bytree": -0.2627459301281345, "log10_eta": -1.6392877129998324, "log10_lambda": -4.2296806857877405, "log10_min_child_weight": 1.8089003351655886, "log10_subsample": -0.4296416080330736, "max_depth": 5.0}, "datetime": {"datetime": "2024-01-17 15:56:35", "elapsed": 9110.144823, "delta": 41.582903}}
{"target": 0.0002616774435486302, "params": {"gamma": 77.38261744907956, "log10_alpha": -1.0278578018231608, "log10_colsample_bytree": -0.6935568946208658, "log10_eta": -1.2597662183238065, "log10_lambda": -2.7582662291423183, "log10_min_child_weight": 1.5197545990264398, "log10_subsample": -0.8318923669822609, "max_depth": 6.0}, "datetime": {"datetime": "2024-01-17 15:57:13", "elapsed": 9148.272399, "delta": 38.127576}}
{"target": 0.0008011145626581062, "params": {"gamma": 79.41382106145606, "log10_alpha": -3.379793697498975, "log10_colsample_bytree": -0.3462989247731676, "log10_eta": -2.3096461065890965, "log10_lambda": -3.1638389348796396, "log10_min_child_weight": 0.8538406399834253, "log10_subsample": -0.7751107619952929, "max_depth": 5.0}, "datetime": {"datetime": "2024-01-17 15:58:11", "elapsed": 9206.456355, "delta": 58.183956}}
{"target": 0.001175767849326298, "params": {"gamma": 78.70129690496117, "log10_alpha": -1.9774928646006362, "log10_colsample_bytree": -0.7965617628024739, "log10_eta": -1.1810286552163283, "log10_lambda": -3.2669417751268357, "log10_min_child_weight": 0.12644057264531328, "log10_subsample": -0.6430300393167333, "max_depth": 6.0}, "datetime": {"datetime": "2024-01-17 15:58:50", "elapsed": 9244.668323, "delta": 38.211968}}
{"target": 0.0013381196188740896, "params": {"gamma": 80.16132655021323, "log10_alpha": -2.3465081408999047, "log10_colsample_bytree": -0.08854684570260796, "log10_eta": -1.9723872713539103, "log10_lambda": -3.676579201747808, "log10_min_child_weight": 1.5282042149987562, "log10_subsample": -0.6497736592591362, "max_depth": 7.0}, "datetime": {"datetime": "2024-01-17 15:59:40", "elapsed": 9294.784004, "delta": 50.115681}}
{"target": 0.0005355856533983683, "params": {"gamma": 79.11327571904742, "log10_alpha": -2.493010026665497, "log10_colsample_bytree": -0.021967660599990224, "log10_eta": -1.9050899517421995, "log10_lambda": -4.6303742981337015, "log10_min_child_weight": 1.783995334787492, "log10_subsample": -0.08881870179066276, "max_depth": 6.0}, "datetime": {"datetime": "2024-01-17 16:00:22", "elapsed": 9337.147231, "delta": 42.363227}}
{"target": 0.0014799352535558863, "params": {"gamma": 79.27382272103752, "log10_alpha": -2.3531051462416133, "log10_colsample_bytree": -0.343439115339099, "log10_eta": -2.4816165580096285, "log10_lambda": -1.441509124244738, "log10_min_child_weight": 1.58261713635182, "log10_subsample": -0.4205108802558194, "max_depth": 7.0}, "datetime": {"datetime": "2024-01-17 16:01:52", "elapsed": 9426.768161, "delta": 89.62093}}
{"target": 0.0010365527018828258, "params": {"gamma": 79.36170216693957, "log10_alpha": -2.0159665388795656, "log10_colsample_bytree": -0.1569509123134405, "log10_eta": -2.2524902829883726, "log10_lambda": -3.0473100101132835, "log10_min_child_weight": 1.9150641665929768, "log10_subsample": -0.9178727553846077, "max_depth": 7.0}, "datetime": {"datetime": "2024-01-17 16:03:02", "elapsed": 9497.432172, "delta": 70.664011}}
{"target": 0.000647679649405597, "params": {"gamma": 78.02690441690633, "log10_alpha": -0.6488225105616232, "log10_colsample_bytree": -0.5164899683671279, "log10_eta": -1.1357307383367123, "log10_lambda": -4.46898513744865, "log10_min_child_weight": 2.147784662459704, "log10_subsample": -0.596082986261457, "max_depth": 6.0}, "datetime": {"datetime": "2024-01-17 16:03:39", "elapsed": 9533.801084, "delta": 36.368912}}
{"target": 0.0014689949244292844, "params": {"gamma": 79.9737424454946, "log10_alpha": -2.7447341029210506, "log10_colsample_bytree": -0.6609684970293527, "log10_eta": -1.5132799873785432, "log10_lambda": -2.5610962327569506, "log10_min_child_weight": 0.851441195307614, "log10_subsample": -0.8354949353427863, "max_depth": 6.0}, "datetime": {"datetime": "2024-01-17 16:04:23", "elapsed": 9578.203224, "delta": 44.40214}}
{"target": 0.0005867944275852743, "params": {"gamma": 77.58429546799891, "log10_alpha": -0.5726718833558309, "log10_colsample_bytree": -0.5584703036384672, "log10_eta": -2.124798997797922, "log10_lambda": -4.742148566303012, "log10_min_child_weight": 1.8840509033510395, "log10_subsample": -0.5086271424179025, "max_depth": 7.0}, "datetime": {"datetime": "2024-01-17 16:05:22", "elapsed": 9636.773489, "delta": 58.570265}}
{"target": 0.0009246593198952435, "params": {"gamma": 77.89397794514016, "log10_alpha": -1.5308912802100778, "log10_colsample_bytree": -0.007193207968974269, "log10_eta": -1.5494581325634922, "log10_lambda": -3.7628873095412594, "log10_min_child_weight": 1.7796741249457466, "log10_subsample": -0.1658945248538536, "max_depth": 5.0}, "datetime": {"datetime": "2024-01-17 16:06:01", "elapsed": 9676.02142, "delta": 39.247931}}
{"target": 0.0013431947358943097, "params": {"gamma": 78.2522443966964, "log10_alpha": -1.1462266116670148, "log10_colsample_bytree": -0.38067703917482854, "log10_eta": -1.7840004425457376, "log10_lambda": -3.944439676299183, "log10_min_child_weight": 1.6051537619854446, "log10_subsample": -0.7041342945448767, "max_depth": 6.0}, "datetime": {"datetime": "2024-01-17 16:06:48", "elapsed": 9723.341071, "delta": 47.319651}}
{"target": 0.0015675224469387516, "params": {"gamma": 79.23477215451587, "log10_alpha": -3.366690068085074, "log10_colsample_bytree": -0.06334012805101075, "log10_eta": -2.0746679679946607, "log10_lambda": -3.1455739122487616, "log10_min_child_weight": 1.1815079758833225, "log10_subsample": -0.7596883753027092, "max_depth": 6.0}, "datetime": {"datetime": "2024-01-17 16:07:47", "elapsed": 9781.955793, "delta": 58.614722}}
{"target": 0.001621392504309871, "params": {"gamma": 79.57526254337212, "log10_alpha": -2.488209598197705, "log10_colsample_bytree": -0.04377717547272142, "log10_eta": -2.162298790697723, "log10_lambda": -3.426809284093639, "log10_min_child_weight": 1.7647930084052161, "log10_subsample": -0.7283520477837542, "max_depth": 6.0}, "datetime": {"datetime": "2024-01-17 16:08:51", "elapsed": 9846.393426, "delta": 64.437633}}
{"target": 0.001867466137340762, "params": {"gamma": 79.8875937441129, "log10_alpha": -2.189510139051218, "log10_colsample_bytree": -0.7451524864107508, "log10_eta": -2.031886889738614, "log10_lambda": -2.410777721489933, "log10_min_child_weight": 0.18719834418435943, "log10_subsample": -0.9587017001746839, "max_depth": 7.0}, "datetime": {"datetime": "2024-01-17 16:10:05", "elapsed": 9920.484214, "delta": 74.090788}}
{"target": 0.000984145522013008, "params": {"gamma": 79.0241866829677, "log10_alpha": -2.2496862822643573, "log10_colsample_bytree": -0.0824847059327134, "log10_eta": -2.3743139312048953, "log10_lambda": -1.3113237829277917, "log10_min_child_weight": 0.7390955980241748, "log10_subsample": -0.5813232318287064, "max_depth": 6.0}, "datetime": {"datetime": "2024-01-17 16:11:18", "elapsed": 9992.584396, "delta": 72.100182}}
{"target": 0.0008647755703941329, "params": {"gamma": 78.9890432007028, "log10_alpha": -2.7102066073146385, "log10_colsample_bytree": -0.8742265988576264, "log10_eta": -2.301728248392202, "log10_lambda": -1.4787259949758886, "log10_min_child_weight": 0.7104689643283513, "log10_subsample": -0.8501458952982044, "max_depth": 7.0}, "datetime": {"datetime": "2024-01-17 16:12:29", "elapsed": 10063.68126, "delta": 71.096864}}
{"target": 0.0011526975835471354, "params": {"gamma": 76.58099604411343, "log10_alpha": -0.2642713118389759, "log10_colsample_bytree": -0.3390496797167505, "log10_eta": -1.81873530983184, "log10_lambda": -3.888270190695569, "log10_min_child_weight": 0.9882361260491412, "log10_subsample": -0.6875506436217851, "max_depth": 7.0}, "datetime": {"datetime": "2024-01-17 16:13:23", "elapsed": 10118.236478, "delta": 54.555218}}
{"target": 0.0012054154241987747, "params": {"gamma": 79.18957161510798, "log10_alpha": -1.6204056764753356, "log10_colsample_bytree": -0.5694267370329085, "log10_eta": -2.2412535560861264, "log10_lambda": -1.1047506581161457, "log10_min_child_weight": 1.9325368916204648, "log10_subsample": -0.46010881076721355, "max_depth": 7.0}, "datetime": {"datetime": "2024-01-17 16:14:34", "elapsed": 10188.794187, "delta": 70.557709}}
{"target": 0.0013341674480783494, "params": {"gamma": 79.93062100926643, "log10_alpha": -4.741882901299995, "log10_colsample_bytree": -0.11917515532460776, "log10_eta": -2.9792921604481424, "log10_lambda": -2.8521559705807205, "log10_min_child_weight": 1.4224833853279346, "log10_subsample": -0.9322894656555215, "max_depth": 8.0}, "datetime": {"datetime": "2024-01-17 16:17:42", "elapsed": 10376.778498, "delta": 187.984311}}
{"target": 0.002236246207907383, "params": {"gamma": 79.71196261519249, "log10_alpha": -2.955043655745543, "log10_colsample_bytree": -0.4108170342548463, "log10_eta": -2.00648797079315, "log10_lambda": -3.7327275852504336, "log10_min_child_weight": 1.2968721073657485, "log10_subsample": -0.9423012028977418, "max_depth": 8.0}, "datetime": {"datetime": "2024-01-17 16:18:45", "elapsed": 10440.474528, "delta": 63.69603}}
{"target": 0.0013639813005225099, "params": {"gamma": 80.28440548920456, "log10_alpha": -2.2322342328874987, "log10_colsample_bytree": -0.3721281947616486, "log10_eta": -2.1292792044078914, "log10_lambda": -2.1057627528365757, "log10_min_child_weight": 0.08233703935878633, "log10_subsample": -0.7958825400241563, "max_depth": 7.0}, "datetime": {"datetime": "2024-01-17 16:19:54", "elapsed": 10508.900993, "delta": 68.426465}}
{"target": 0.001729676128737423, "params": {"gamma": 79.44254432881628, "log10_alpha": -3.2240377076325535, "log10_colsample_bytree": -0.8047156511006032, "log10_eta": -1.7833421102904916, "log10_lambda": -4.532781726739444, "log10_min_child_weight": 0.7692126311734065, "log10_subsample": -0.8862295684520063, "max_depth": 6.0}, "datetime": {"datetime": "2024-01-17 16:20:45", "elapsed": 10559.955532, "delta": 51.054539}}
{"target": 0.00077886302677449, "params": {"gamma": 80.25851802400037, "log10_alpha": -3.7242332492846772, "log10_colsample_bytree": -0.9156667044271085, "log10_eta": -2.119336683055338, "log10_lambda": -3.540348589950044, "log10_min_child_weight": 0.5932704348933032, "log10_subsample": -0.8392475127796866, "max_depth": 5.0}, "datetime": {"datetime": "2024-01-17 16:21:40", "elapsed": 10614.94342, "delta": 54.987888}}
{"target": 0.0009729069449170846, "params": {"gamma": 79.57241852776285, "log10_alpha": -2.527712396786944, "log10_colsample_bytree": -0.249487005108447, "log10_eta": -1.9992930031329474, "log10_lambda": -4.223092500239645, "log10_min_child_weight": 0.9687589814251607, "log10_subsample": -0.7452157415887805, "max_depth": 7.0}, "datetime": {"datetime": "2024-01-17 16:22:35", "elapsed": 10670.095191, "delta": 55.151771}}
{"target": 0.0010342007213504367, "params": {"gamma": 79.5623858934253, "log10_alpha": -2.1142312946584867, "log10_colsample_bytree": -0.28626810896111843, "log10_eta": -1.7353419217576893, "log10_lambda": -2.621045053679767, "log10_min_child_weight": 0.5085154207930687, "log10_subsample": -0.6483450655413775, "max_depth": 8.0}, "datetime": {"datetime": "2024-01-17 16:23:31", "elapsed": 10725.908477, "delta": 55.813286}}
