{"target": 0.0013471246190721042, "params": {"gamma": 78.64790961558586, "log10_alpha": -1.4337289290108715, "log10_colsample_bytree": -0.5809727148279912, "log10_eta": -1.9391633471363197, "log10_lambda": -3.9305005287843646, "log10_min_child_weight": 1.653665754209315, "log10_subsample": -0.1216379063555369, "max_depth": 6.0}, "datetime": {"datetime": "2024-01-17 20:10:43", "elapsed": 24357.858202, "delta": 59.256963}}
{"target": 0.0008839287476403723, "params": {"gamma": 37.88797279019609, "log10_alpha": 0.9497755606396492, "log10_colsample_bytree": -0.9160507639448011, "log10_eta": -1.4721636634985873, "log10_lambda": -2.7777821920564056, "log10_min_child_weight": 0.251320619868608, "log10_subsample": -0.005838446508136252, "max_depth": 5.0}, "datetime": {"datetime": "2024-01-17 20:11:26", "elapsed": 24400.958682, "delta": 43.10048}}
{"target": 0.0012143899944394576, "params": {"gamma": 80.13511192683877, "log10_alpha": -2.3512377385118484, "log10_colsample_bytree": -0.20851229286103345, "log10_eta": -1.9104987907283992, "log10_lambda": -4.074732302912514, "log10_min_child_weight": 0.06939759876265938, "log10_subsample": -0.27797010350517914, "max_depth": 8.0}, "datetime": {"datetime": "2024-01-17 20:12:34", "elapsed": 24468.705326, "delta": 67.746644}}
{"target": 0.0018669633218153514, "params": {"gamma": 79.68095903267631, "log10_alpha": -4.26333385617351, "log10_colsample_bytree": -0.44121531125702296, "log10_eta": -1.9215113208868977, "log10_lambda": -3.6558562214691195, "log10_min_child_weight": 1.5641703425342146, "log10_subsample": -0.028364836625626055, "max_depth": 8.0}, "datetime": {"datetime": "2024-01-17 20:13:38", "elapsed": 24532.817683, "delta": 64.112357}}
{"target": 0.0010800704454337895, "params": {"gamma": 79.87806845565282, "log10_alpha": -2.887770725673569, "log10_colsample_bytree": -0.6233375020481688, "log10_eta": -2.0179482837762945, "log10_lambda": -3.8013238337566344, "log10_min_child_weight": 1.3572237636826894, "log10_subsample": -0.6604606853741526, "max_depth": 8.0}, "datetime": {"datetime": "2024-01-17 20:14:36", "elapsed": 24591.446785, "delta": 58.629102}}
{"target": 0.0012603136633371204, "params": {"gamma": 79.20840658573606, "log10_alpha": -2.004787578618429, "log10_colsample_bytree": -0.06654025191963109, "log10_eta": -1.2958860706043165, "log10_lambda": -4.113475478052901, "log10_min_child_weight": 0.18480089427387936, "log10_subsample": -0.6239540971725668, "max_depth": 4.0}, "datetime": {"datetime": "2024-01-17 20:15:14", "elapsed": 24628.729373, "delta": 37.282588}}
{"target": 0.0007926097641109409, "params": {"gamma": 80.85899507417008, "log10_alpha": -2.802326743083725, "log10_colsample_bytree": -0.008202120114240596, "log10_eta": -2.3969365244775673, "log10_lambda": -3.9370549834082182, "log10_min_child_weight": 0.3630074735784117, "log10_subsample": -0.4131245425748671, "max_depth": 8.0}, "datetime": {"datetime": "2024-01-17 20:16:48", "elapsed": 24722.765634, "delta": 94.036261}}
{"target": 0.0010312520181665896, "params": {"gamma": 81.6092085713868, "log10_alpha": -1.202988049019507, "log10_colsample_bytree": -0.7144418110408957, "log10_eta": -1.7110744606045354, "log10_lambda": -3.691214007127124, "log10_min_child_weight": 1.9671583400296833, "log10_subsample": -0.250182235563288, "max_depth": 4.0}, "datetime": {"datetime": "2024-01-17 20:17:37", "elapsed": 24771.830073, "delta": 49.064439}}
{"target": 0.0010115610314162804, "params": {"gamma": 79.32257115938928, "log10_alpha": -4.541775045416934, "log10_colsample_bytree": -0.3540710988562409, "log10_eta": -1.9339134092419603, "log10_lambda": -4.135270199301264, "log10_min_child_weight": 2.0547605394950637, "log10_subsample": -0.44438028466898394, "max_depth": 9.0}, "datetime": {"datetime": "2024-01-17 20:18:34", "elapsed": 24829.484931, "delta": 57.654858}}
{"target": 0.0016250220053475595, "params": {"gamma": 79.88849899132842, "log10_alpha": -2.84008396775319, "log10_colsample_bytree": -0.13689571155901092, "log10_eta": -1.7274781175339389, "log10_lambda": -1.9038324319827222, "log10_min_child_weight": 1.2814665057103043, "log10_subsample": -1.0, "max_depth": 6.0}, "datetime": {"datetime": "2024-01-17 20:19:19", "elapsed": 24873.548313, "delta": 44.063382}}
{"target": 0.0005416340351305782, "params": {"gamma": 79.02785084023597, "log10_alpha": -1.3570497200091167, "log10_colsample_bytree": -0.9131062883046895, "log10_eta": -1.510893901726674, "log10_lambda": -4.107882555547854, "log10_min_child_weight": 1.5434352979696557, "log10_subsample": -0.45303327928026293, "max_depth": 5.0}, "datetime": {"datetime": "2024-01-17 20:19:59", "elapsed": 24913.847189, "delta": 40.298876}}
{"target": 0.0008629355243708337, "params": {"gamma": 79.29730404357868, "log10_alpha": -2.4588626526045845, "log10_colsample_bytree": -0.26164693122825944, "log10_eta": -2.557657573980084, "log10_lambda": -3.6908138861369446, "log10_min_child_weight": 1.014703749626535, "log10_subsample": -0.541129575756707, "max_depth": 7.0}, "datetime": {"datetime": "2024-01-17 20:21:30", "elapsed": 25005.42389, "delta": 91.576701}}
{"target": 7.70675407103516e-05, "params": {"gamma": 26.302788336104975, "log10_alpha": -0.5038255263500098, "log10_colsample_bytree": -0.4003536192843853, "log10_eta": -1.9618755716106802, "log10_lambda": 0.3894180801403859, "log10_min_child_weight": 2.6924077421775774, "log10_subsample": -0.727291867485732, "max_depth": 7.0}, "datetime": {"datetime": "2024-01-17 20:22:22", "elapsed": 25056.708888, "delta": 51.284998}}
{"target": 0.0010280778611385655, "params": {"gamma": 79.57829078000972, "log10_alpha": -2.9142943311337657, "log10_colsample_bytree": -0.033108198302034486, "log10_eta": -1.5055706898168437, "log10_lambda": -3.754652248403791, "log10_min_child_weight": 0.3934158869844018, "log10_subsample": -0.9013065871404289, "max_depth": 4.0}, "datetime": {"datetime": "2024-01-17 20:23:01", "elapsed": 25095.652675, "delta": 38.943787}}
{"target": 0.000330976902202601, "params": {"gamma": 79.70263746274586, "log10_alpha": -2.5890909744904467, "log10_colsample_bytree": -0.7674919742267834, "log10_eta": -1.1220087642427257, "log10_lambda": -2.5016172456997237, "log10_min_child_weight": 0.5771444288815952, "log10_subsample": -0.5951012666433294, "max_depth": 6.0}, "datetime": {"datetime": "2024-01-17 20:23:38", "elapsed": 25132.542417, "delta": 36.889742}}
{"target": 0.001524214702525839, "params": {"gamma": 80.46400615736036, "log10_alpha": -2.194949042587237, "log10_colsample_bytree": -0.34770120261480186, "log10_eta": -1.5945863163047185, "log10_lambda": -2.2753912208559868, "log10_min_child_weight": 0.6901064328518225, "log10_subsample": -0.06741884239196416, "max_depth": 7.0}, "datetime": {"datetime": "2024-01-17 20:24:28", "elapsed": 25182.73929, "delta": 50.196873}}
{"target": 0.0009811880803713424, "params": {"gamma": 79.84243240722677, "log10_alpha": -2.5984214994488015, "log10_colsample_bytree": -0.20127376845667944, "log10_eta": -2.159002076202186, "log10_lambda": -4.587106162217364, "log10_min_child_weight": 0.30183873228623537, "log10_subsample": -0.7009584707972246, "max_depth": 5.0}, "datetime": {"datetime": "2024-01-17 20:25:28", "elapsed": 25242.555584, "delta": 59.816294}}
{"target": 0.0016024211483877948, "params": {"gamma": 79.74917096848233, "log10_alpha": -4.1161298297866455, "log10_colsample_bytree": -0.5737916857784668, "log10_eta": -1.8346685192613514, "log10_lambda": -2.1520032374713987, "log10_min_child_weight": 1.6272976280530633, "log10_subsample": -0.9955347484086837, "max_depth": 6.0}, "datetime": {"datetime": "2024-01-17 20:26:19", "elapsed": 25294.270252, "delta": 51.714668}}
{"target": 0.001351719706144644, "params": {"gamma": 81.38148937827037, "log10_alpha": -2.79109154514335, "log10_colsample_bytree": -0.9225542818759145, "log10_eta": -1.682228893406052, "log10_lambda": -3.7809077999458136, "log10_min_child_weight": 0.8099309202361515, "log10_subsample": -0.597617655225358, "max_depth": 7.0}, "datetime": {"datetime": "2024-01-17 20:27:13", "elapsed": 25347.543014, "delta": 53.272762}}
{"target": -0.00043153268617407425, "params": {"gamma": 94.00085754545816, "log10_alpha": 0.2681058220401802, "log10_colsample_bytree": -0.11723059063852137, "log10_eta": -3.8983522577118146, "log10_lambda": -1.8426985928371398, "log10_min_child_weight": 1.4407215270989564, "log10_subsample": -0.7550149098495964, "max_depth": 5.0}, "datetime": {"datetime": "2024-01-17 20:30:21", "elapsed": 25535.60687, "delta": 188.063856}}
{"target": -0.00011809465759102244, "params": {"gamma": 98.74786873555553, "log10_alpha": -0.17486827878013145, "log10_colsample_bytree": -0.5585928194813424, "log10_eta": -2.0741664828216484, "log10_lambda": -1.6289537098553497, "log10_min_child_weight": 4.148260609073492, "log10_subsample": -0.7897522067650007, "max_depth": 7.0}, "datetime": {"datetime": "2024-01-17 20:31:39", "elapsed": 25613.929967, "delta": 78.323097}}
{"target": -0.0007891198089029494, "params": {"gamma": 5.841600496875932, "log10_alpha": -2.906352393841715, "log10_colsample_bytree": -0.7854054565916975, "log10_eta": -3.790959059019455, "log10_lambda": -0.7305219504959783, "log10_min_child_weight": 3.745618820901026, "log10_subsample": -0.945693181771787, "max_depth": 6.0}, "datetime": {"datetime": "2024-01-17 20:34:56", "elapsed": 25811.465011, "delta": 197.535044}}
{"target": 0.0015794338111062567, "params": {"gamma": 79.58843284210076, "log10_alpha": -2.652515169914165, "log10_colsample_bytree": -0.37333043426955714, "log10_eta": -1.8567394261948373, "log10_lambda": -1.709954885130002, "log10_min_child_weight": 1.4254506228679282, "log10_subsample": -1.0, "max_depth": 6.0}, "datetime": {"datetime": "2024-01-17 20:35:45", "elapsed": 25860.25698, "delta": 48.791969}}
{"target": 3.759300702674273e-05, "params": {"gamma": 34.553077207883575, "log10_alpha": -2.973662689169095, "log10_colsample_bytree": -0.855922223505946, "log10_eta": -2.0712494385180342, "log10_lambda": 0.23209825629834402, "log10_min_child_weight": 3.8359110395334683, "log10_subsample": -0.6190919710578827, "max_depth": 7.0}, "datetime": {"datetime": "2024-01-17 20:37:02", "elapsed": 25937.302006, "delta": 77.045026}}
{"target": -0.0006975418745880368, "params": {"gamma": 27.896362567397816, "log10_alpha": -4.329974626896582, "log10_colsample_bytree": -0.20843101676400666, "log10_eta": -2.719713227247981, "log10_lambda": 0.6895950725516888, "log10_min_child_weight": 4.283724416465256, "log10_subsample": -0.45879681535565753, "max_depth": 3.0}, "datetime": {"datetime": "2024-01-17 20:38:26", "elapsed": 26020.73177, "delta": 83.429764}}
{"target": 0.0018419807747053207, "params": {"gamma": 79.98650968351468, "log10_alpha": -1.9413300516810779, "log10_colsample_bytree": -0.5866434273650197, "log10_eta": -2.2466537183162503, "log10_lambda": -4.642764161662704, "log10_min_child_weight": 0.14856458071883571, "log10_subsample": -0.9837884969359357, "max_depth": 7.0}, "datetime": {"datetime": "2024-01-17 20:39:50", "elapsed": 26105.089917, "delta": 84.358147}}
{"target": 0.0012870694372253688, "params": {"gamma": 81.14700727062088, "log10_alpha": -1.7424062968846483, "log10_colsample_bytree": -0.6525046652020399, "log10_eta": -1.9299406469078217, "log10_lambda": -4.362316893459083, "log10_min_child_weight": 0.525345006579549, "log10_subsample": -0.7721906338779477, "max_depth": 6.0}, "datetime": {"datetime": "2024-01-17 20:40:49", "elapsed": 26163.558674, "delta": 58.468757}}
{"target": 0.0011008048505339596, "params": {"gamma": 37.397681539203695, "log10_alpha": 0.8947788986572816, "log10_colsample_bytree": -0.2517124264166126, "log10_eta": -2.2947428344990324, "log10_lambda": -4.404141773002951, "log10_min_child_weight": 0.867080174858324, "log10_subsample": -0.7142647083354042, "max_depth": 8.0}, "datetime": {"datetime": "2024-01-17 20:42:15", "elapsed": 26250.009243, "delta": 86.450569}}
{"target": 0.0006040225438279367, "params": {"gamma": 38.638175038153264, "log10_alpha": -2.6702460204949876, "log10_colsample_bytree": -0.6507449543256761, "log10_eta": -1.1499614125744158, "log10_lambda": 0.5140815176501512, "log10_min_child_weight": 0.04075744075909826, "log10_subsample": -0.01700330999536781, "max_depth": 8.0}, "datetime": {"datetime": "2024-01-17 20:43:00", "elapsed": 26294.541789, "delta": 44.532546}}
{"target": -0.00040048799580785777, "params": {"gamma": 70.67278491133666, "log10_alpha": -2.563536877546256, "log10_colsample_bytree": -0.5730075774590193, "log10_eta": -1.2347543428141652, "log10_lambda": -3.2529503609246113, "log10_min_child_weight": 1.998699572389775, "log10_subsample": -0.5782578402408837, "max_depth": 9.0}, "datetime": {"datetime": "2024-01-17 20:43:41", "elapsed": 26335.616184, "delta": 41.074395}}
{"target": -0.0009930876693567403, "params": {"gamma": 18.016398590508164, "log10_alpha": -0.969672174219486, "log10_colsample_bytree": -0.28282480944329147, "log10_eta": -1.0481406182444046, "log10_lambda": -4.227201744370657, "log10_min_child_weight": 2.558720720211716, "log10_subsample": -0.7455910854355555, "max_depth": 9.0}, "datetime": {"datetime": "2024-01-17 20:44:16", "elapsed": 26371.315456, "delta": 35.699272}}
{"target": -0.0006019313553256023, "params": {"gamma": 0.294454319493076, "log10_alpha": -2.152487236238569, "log10_colsample_bytree": -0.4756471043114616, "log10_eta": -3.896297681834217, "log10_lambda": -3.825905238476553, "log10_min_child_weight": 1.7720543782888454, "log10_subsample": -0.8807613854250742, "max_depth": 8.0}, "datetime": {"datetime": "2024-01-17 20:47:36", "elapsed": 26571.318816, "delta": 200.00336}}
{"target": 0.00178029690806214, "params": {"gamma": 80.11069377680988, "log10_alpha": -2.269635497234019, "log10_colsample_bytree": -0.40456108727900164, "log10_eta": -1.6215881953113918, "log10_lambda": -2.6782940165896467, "log10_min_child_weight": 0.26755162961525497, "log10_subsample": -1.0, "max_depth": 6.0}, "datetime": {"datetime": "2024-01-17 20:48:23", "elapsed": 26617.663072, "delta": 46.344256}}
{"target": 0.0005644379783580067, "params": {"gamma": 80.68980271716917, "log10_alpha": -2.4573500526979233, "log10_colsample_bytree": -0.9866438487509851, "log10_eta": -1.4720926841833957, "log10_lambda": -2.780259406702548, "log10_min_child_weight": 0.37133258703465566, "log10_subsample": -0.836851016330593, "max_depth": 6.0}, "datetime": {"datetime": "2024-01-17 20:49:05", "elapsed": 26660.340154, "delta": 42.677082}}
{"target": 0.001571499755727096, "params": {"gamma": 80.36658556964173, "log10_alpha": -1.7909473746498872, "log10_colsample_bytree": -0.11131213726729472, "log10_eta": -2.6644315068630195, "log10_lambda": -3.9782213973060077, "log10_min_child_weight": 1.2905765327074632, "log10_subsample": -0.9626459930487493, "max_depth": 8.0}, "datetime": {"datetime": "2024-01-17 20:51:15", "elapsed": 26789.865703, "delta": 129.525549}}
{"target": 0.0015541571846742486, "params": {"gamma": 80.1934568824754, "log10_alpha": -2.0006005098750386, "log10_colsample_bytree": -0.4442936765269693, "log10_eta": -1.7772973703007349, "log10_lambda": -4.061756745441352, "log10_min_child_weight": 0.6030818196899379, "log10_subsample": -0.7649939945045101, "max_depth": 6.0}, "datetime": {"datetime": "2024-01-17 20:52:04", "elapsed": 26839.064219, "delta": 49.198516}}
{"target": 0.001057461025229467, "params": {"gamma": 80.44032746884164, "log10_alpha": -1.3298894781111836, "log10_colsample_bytree": -0.4909699935337185, "log10_eta": -1.8470539248175601, "log10_lambda": -4.656214743014578, "log10_min_child_weight": 1.3483080939182457, "log10_subsample": -0.2936219672031761, "max_depth": 6.0}, "datetime": {"datetime": "2024-01-17 20:52:50", "elapsed": 26885.505051, "delta": 46.440832}}
{"target": 0.0015862320559706378, "params": {"gamma": 80.37141087975658, "log10_alpha": -1.976756817567335, "log10_colsample_bytree": -0.46083627485650513, "log10_eta": -2.0609122158047875, "log10_lambda": -4.409080694395848, "log10_min_child_weight": 0.6689014375589173, "log10_subsample": -1.0, "max_depth": 7.0}, "datetime": {"datetime": "2024-01-17 20:53:54", "elapsed": 26949.406127, "delta": 63.901076}}
{"target": 0.0013449789234424303, "params": {"gamma": 80.52370394441644, "log10_alpha": -2.6170517262151365, "log10_colsample_bytree": -0.33848428995005087, "log10_eta": -1.8830219663972416, "log10_lambda": -3.9405870205559728, "log10_min_child_weight": 0.7683040757286574, "log10_subsample": -0.7445911824339477, "max_depth": 6.0}, "datetime": {"datetime": "2024-01-17 20:54:49", "elapsed": 27003.74102, "delta": 54.334893}}
{"target": 0.0015692120217753736, "params": {"gamma": 79.93047209301925, "log10_alpha": -2.6009006120785925, "log10_colsample_bytree": -0.3364684367972409, "log10_eta": -2.401967065467826, "log10_lambda": -4.273527995401616, "log10_min_child_weight": 0.2101444504973854, "log10_subsample": -0.9928852365385613, "max_depth": 7.0}, "datetime": {"datetime": "2024-01-17 20:56:15", "elapsed": 27090.50367, "delta": 86.76265}}
{"target": 0.0011139813511027163, "params": {"gamma": 80.17828336813312, "log10_alpha": -2.2435703486556653, "log10_colsample_bytree": -0.7517337041775248, "log10_eta": -2.312478989049059, "log10_lambda": -4.507640676976754, "log10_min_child_weight": 0.4578967556369745, "log10_subsample": -0.9963340121638649, "max_depth": 8.0}, "datetime": {"datetime": "2024-01-17 20:57:41", "elapsed": 27176.014144, "delta": 85.510474}}
{"target": 0.0012410003250030444, "params": {"gamma": 76.49620963491411, "log10_alpha": -0.6246549634039447, "log10_colsample_bytree": -0.3224860586410042, "log10_eta": -2.1786144951373183, "log10_lambda": -3.26974766918352, "log10_min_child_weight": 1.7870233634837984, "log10_subsample": -0.11264661705854861, "max_depth": 6.0}, "datetime": {"datetime": "2024-01-17 20:58:45", "elapsed": 27239.868575, "delta": 63.854431}}
{"target": 0.0012349348800678173, "params": {"gamma": 80.47858799241519, "log10_alpha": -2.536447392365329, "log10_colsample_bytree": -0.3402170454781228, "log10_eta": -1.928708622550403, "log10_lambda": -4.968034668845664, "log10_min_child_weight": 0.3949161515126187, "log10_subsample": -0.6647685158733229, "max_depth": 6.0}, "datetime": {"datetime": "2024-01-17 20:59:36", "elapsed": 27290.775612, "delta": 50.907037}}
{"target": 0.001268466292406456, "params": {"gamma": 79.42912687903014, "log10_alpha": -1.2682595043379843, "log10_colsample_bytree": -0.49167119246210744, "log10_eta": -2.493292516611587, "log10_lambda": -3.594838461092623, "log10_min_child_weight": 0.35223580523243203, "log10_subsample": -0.7426260781144645, "max_depth": 8.0}, "datetime": {"datetime": "2024-01-17 21:01:37", "elapsed": 27412.109226, "delta": 121.333614}}
{"target": 0.0010987522087649582, "params": {"gamma": 80.6302698304412, "log10_alpha": -2.2702899239502456, "log10_colsample_bytree": -0.28809732458240456, "log10_eta": -2.018586018077863, "log10_lambda": -4.659824490793269, "log10_min_child_weight": 1.933973977570187, "log10_subsample": -0.8822874184166472, "max_depth": 6.0}, "datetime": {"datetime": "2024-01-17 21:02:35", "elapsed": 27470.503086, "delta": 58.39386}}
{"target": 0.0015417014055728873, "params": {"gamma": 79.93013465680701, "log10_alpha": -1.5956450301564309, "log10_colsample_bytree": -0.5611129846159028, "log10_eta": -2.2610369712885854, "log10_lambda": -3.4671217000519943, "log10_min_child_weight": 0.7010167642237186, "log10_subsample": -0.8993229807238029, "max_depth": 8.0}, "datetime": {"datetime": "2024-01-17 21:04:01", "elapsed": 27556.363076, "delta": 85.85999}}
{"target": 0.0014541128361489908, "params": {"gamma": 80.00627612457093, "log10_alpha": -1.8276141155537573, "log10_colsample_bytree": -0.08083842436262956, "log10_eta": -2.806225575057128, "log10_lambda": -3.5026306794363826, "log10_min_child_weight": 1.5779179763885343, "log10_subsample": -0.6142522838510938, "max_depth": 7.0}, "datetime": {"datetime": "2024-01-17 21:06:33", "elapsed": 27707.610388, "delta": 151.247312}}
{"target": 0.0010158492005600817, "params": {"gamma": 79.73449338792535, "log10_alpha": -3.0728131635798768, "log10_colsample_bytree": -0.1819237645759585, "log10_eta": -1.6944313617786273, "log10_lambda": -4.39547685583151, "log10_min_child_weight": 1.8060821658429138, "log10_subsample": -0.8014545849190704, "max_depth": 9.0}, "datetime": {"datetime": "2024-01-17 21:07:21", "elapsed": 27755.633455, "delta": 48.023067}}
{"target": 0.0007853001388736236, "params": {"gamma": 79.61548990705222, "log10_alpha": -1.7145638344802068, "log10_colsample_bytree": -0.8414779250140039, "log10_eta": -2.0478953887633775, "log10_lambda": -3.1857197013637863, "log10_min_child_weight": 0.16922584458003043, "log10_subsample": -0.35509944524718307, "max_depth": 7.0}, "datetime": {"datetime": "2024-01-17 21:08:16", "elapsed": 27811.048972, "delta": 55.415517}}
{"target": 0.001305533148517224, "params": {"gamma": 80.2023384558172, "log10_alpha": -1.289441048313476, "log10_colsample_bytree": -0.045844855033362775, "log10_eta": -2.8658663824281145, "log10_lambda": -3.0486008936622393, "log10_min_child_weight": 1.5903266878944673, "log10_subsample": -0.8533135678671026, "max_depth": 7.0}, "datetime": {"datetime": "2024-01-17 21:10:44", "elapsed": 27958.952999, "delta": 147.904027}}
{"target": 0.0015043581695075303, "params": {"gamma": 95.12120073234146, "log10_alpha": -4.451577575913541, "log10_colsample_bytree": -0.1297389940012792, "log10_eta": -2.000811628786969, "log10_lambda": -3.164822042984353, "log10_min_child_weight": 1.7963886067371377, "log10_subsample": -0.733857987697539, "max_depth": 4.0}, "datetime": {"datetime": "2024-01-17 21:11:42", "elapsed": 28016.94143, "delta": 57.988431}}
