{"target": 0.001360076158814727, "params": {"gamma": 80.79823079220228, "log10_alpha": -1.5533477899408386, "log10_colsample_bytree": -0.42229065066598304, "log10_eta": -1.764954760061097, "log10_lambda": -2.014265214499802, "log10_min_child_weight": 1.0280915453400252, "log10_subsample": -0.03059419107550254, "max_depth": 7.0}, "datetime": {"datetime": "2024-01-18 03:53:59", "elapsed": 52153.648849, "delta": 57.588795}}
{"target": 0.00029849646433785515, "params": {"gamma": 79.782851321947, "log10_alpha": -2.053366792628828, "log10_colsample_bytree": -0.37400771919445797, "log10_eta": -2.304407999378787, "log10_lambda": -3.4849012896731475, "log10_min_child_weight": 2.0753367195520047, "log10_subsample": -0.6279389470552356, "max_depth": 6.0}, "datetime": {"datetime": "2024-01-18 03:54:54", "elapsed": 52208.557632, "delta": 54.908783}}
{"target": 0.0007354345555460051, "params": {"gamma": 77.2195713696234, "log10_alpha": -1.5655644150244612, "log10_colsample_bytree": -0.2352840874486648, "log10_eta": -1.2055568335295113, "log10_lambda": -2.927261567213188, "log10_min_child_weight": 0.7009683850614823, "log10_subsample": -0.7934162413439652, "max_depth": 4.0}, "datetime": {"datetime": "2024-01-18 03:55:31", "elapsed": 52245.821664, "delta": 37.264032}}
{"target": 0.0009086724917408695, "params": {"gamma": 81.51840323668257, "log10_alpha": -1.4922775811621962, "log10_colsample_bytree": -0.69839836568565, "log10_eta": -2.1210542134312136, "log10_lambda": -1.5593827024981666, "log10_min_child_weight": 0.2584405884242935, "log10_subsample": -0.6525182773003207, "max_depth": 8.0}, "datetime": {"datetime": "2024-01-18 03:56:37", "elapsed": 52311.953611, "delta": 66.131947}}
{"target": 0.0004892863786111201, "params": {"gamma": 0.7119541911170257, "log10_alpha": -0.3573671886392287, "log10_colsample_bytree": -0.24249644618763866, "log10_eta": -2.3939086222948096, "log10_lambda": -1.1865196954589479, "log10_min_child_weight": 1.1958029606136482, "log10_subsample": -0.22981596069870225, "max_depth": 3.0}, "datetime": {"datetime": "2024-01-18 03:57:45", "elapsed": 52380.50634, "delta": 68.552729}}
{"target": 0.0005354650574453668, "params": {"gamma": 79.98468963677155, "log10_alpha": -1.4279724112602943, "log10_colsample_bytree": -0.25923020390743046, "log10_eta": -3.1649829487496026, "log10_lambda": -4.904445479473003, "log10_min_child_weight": 0.43228964511008494, "log10_subsample": -0.9552932148502938, "max_depth": 6.0}, "datetime": {"datetime": "2024-01-18 04:00:37", "elapsed": 52552.069094, "delta": 171.562754}}
{"target": -0.00028571960291723375, "params": {"gamma": 68.78191007495852, "log10_alpha": -0.5590011592256872, "log10_colsample_bytree": -0.5655072304750841, "log10_eta": -3.5166586158256874, "log10_lambda": -1.9711976415350891, "log10_min_child_weight": 0.4352899887615008, "log10_subsample": -0.8183194886037078, "max_depth": 8.0}, "datetime": {"datetime": "2024-01-18 04:04:16", "elapsed": 52771.263728, "delta": 219.194634}}
{"target": 0.0008939404549568319, "params": {"gamma": 77.28828389306605, "log10_alpha": -1.5261689171134618, "log10_colsample_bytree": -0.7512436583161, "log10_eta": -1.346624705018368, "log10_lambda": -2.9065135212819984, "log10_min_child_weight": 0.4863716800665707, "log10_subsample": -0.7325844108228734, "max_depth": 5.0}, "datetime": {"datetime": "2024-01-18 04:04:58", "elapsed": 52812.907564, "delta": 41.643836}}
{"target": 0.000458646477853375, "params": {"gamma": 95.01441383641969, "log10_alpha": -4.74906358969937, "log10_colsample_bytree": -0.3166775585530266, "log10_eta": -2.1154991645008923, "log10_lambda": -3.3040399772742206, "log10_min_child_weight": 1.9763750424405373, "log10_subsample": -0.8478411822718729, "max_depth": 4.0}, "datetime": {"datetime": "2024-01-18 04:05:56", "elapsed": 52871.520911, "delta": 58.613347}}
{"target": -0.00016613888717800784, "params": {"gamma": 35.378382594626125, "log10_alpha": 0.3272631733944147, "log10_colsample_bytree": -0.6132675000931133, "log10_eta": -2.4532120359695915, "log10_lambda": -1.8073188563682967, "log10_min_child_weight": 4.793676353279681, "log10_subsample": -0.25588672549243474, "max_depth": 6.0}, "datetime": {"datetime": "2024-01-18 04:08:55", "elapsed": 53049.969474, "delta": 178.448563}}
{"target": 0.00032777569093667136, "params": {"gamma": 38.23241787212181, "log10_alpha": -3.921811666010531, "log10_colsample_bytree": -0.8098907781565311, "log10_eta": -2.748885403546166, "log10_lambda": -2.8828395236345417, "log10_min_child_weight": 0.7955582999927646, "log10_subsample": -0.5991478398344187, "max_depth": 6.0}, "datetime": {"datetime": "2024-01-18 04:10:34", "elapsed": 53149.183791, "delta": 99.214317}}
{"target": 0.002075097659569647, "params": {"gamma": 80.94876301368778, "log10_alpha": -3.1281520275112102, "log10_colsample_bytree": -0.4561796700350619, "log10_eta": -1.666015897050786, "log10_lambda": -4.3004025054049695, "log10_min_child_weight": 0.17980826942737338, "log10_subsample": -0.8155302118623243, "max_depth": 7.0}, "datetime": {"datetime": "2024-01-18 04:11:33", "elapsed": 53207.703466, "delta": 58.519675}}
{"target": -0.0008726877598145277, "params": {"gamma": 87.76041458606298, "log10_alpha": -0.5090922102199524, "log10_colsample_bytree": -0.34357833658054504, "log10_eta": -3.3415637744789226, "log10_lambda": -0.16518794044929486, "log10_min_child_weight": 4.164038794966211, "log10_subsample": -0.09272526384490665, "max_depth": 4.0}, "datetime": {"datetime": "2024-01-18 04:12:14", "elapsed": 53248.987911, "delta": 41.284445}}
{"target": 0.0020431517770893304, "params": {"gamma": 79.78889336235285, "log10_alpha": -1.0405600191166697, "log10_colsample_bytree": -0.48711403856066354, "log10_eta": -2.0713129039144245, "log10_lambda": -4.582593961089305, "log10_min_child_weight": 0.7281602122796326, "log10_subsample": -1.0, "max_depth": 6.0}, "datetime": {"datetime": "2024-01-18 04:13:24", "elapsed": 53318.908365, "delta": 69.920454}}
{"target": -0.00031564428238120557, "params": {"gamma": 38.52595590418703, "log10_alpha": -4.975106531451344, "log10_colsample_bytree": -0.15681841634200622, "log10_eta": -1.259872123947738, "log10_lambda": -0.4528567530980787, "log10_min_child_weight": 1.0273988049760874, "log10_subsample": -0.6299670429702535, "max_depth": 9.0}, "datetime": {"datetime": "2024-01-18 04:14:09", "elapsed": 53364.22375, "delta": 45.315385}}
{"target": 0.0014301287983860267, "params": {"gamma": 80.70293034005948, "log10_alpha": -3.752205802368964, "log10_colsample_bytree": -0.1945499967893265, "log10_eta": -2.201930415711392, "log10_lambda": -4.653723376603799, "log10_min_child_weight": 1.5069147248893406, "log10_subsample": -0.4516138244123552, "max_depth": 7.0}, "datetime": {"datetime": "2024-01-18 04:15:27", "elapsed": 53441.732871, "delta": 77.509121}}
{"target": 0.0004940058558913496, "params": {"gamma": 80.46299953077931, "log10_alpha": -4.07044490305363, "log10_colsample_bytree": -0.5820511518085124, "log10_eta": -1.4810839474759652, "log10_lambda": -1.3386712360021393, "log10_min_child_weight": 1.7099127662765508, "log10_subsample": -0.47765826937583833, "max_depth": 5.0}, "datetime": {"datetime": "2024-01-18 04:16:06", "elapsed": 53481.052665, "delta": 39.319794}}
{"target": 0.0010195350445675322, "params": {"gamma": 81.00129542384751, "log10_alpha": -1.734383921873154, "log10_colsample_bytree": -0.160117573350259, "log10_eta": -2.039232976480237, "log10_lambda": -1.7366196743914122, "log10_min_child_weight": 0.8059496877501782, "log10_subsample": -0.29732674083663446, "max_depth": 7.0}, "datetime": {"datetime": "2024-01-18 04:17:09", "elapsed": 53544.062576, "delta": 63.009911}}
{"target": 0.0014467307692783704, "params": {"gamma": 79.83873256803213, "log10_alpha": -3.299717255761593, "log10_colsample_bytree": -0.5631094780611907, "log10_eta": -2.310060647626905, "log10_lambda": -4.352685051980746, "log10_min_child_weight": 0.6922438455648044, "log10_subsample": -0.8143427651156218, "max_depth": 7.0}, "datetime": {"datetime": "2024-01-18 04:18:39", "elapsed": 53633.708203, "delta": 89.645627}}
{"target": 0.0011872180920512454, "params": {"gamma": 77.0143908499836, "log10_alpha": -1.6457188299147112, "log10_colsample_bytree": -0.36553624027786935, "log10_eta": -1.8477140449689426, "log10_lambda": -3.7268065397018497, "log10_min_child_weight": 0.23859738736013492, "log10_subsample": -0.631431741952791, "max_depth": 5.0}, "datetime": {"datetime": "2024-01-18 04:19:35", "elapsed": 53690.189674, "delta": 56.481471}}
{"target": 0.0009196311959388248, "params": {"gamma": 81.40725461209483, "log10_alpha": -2.2948853208974915, "log10_colsample_bytree": -0.7731799341497348, "log10_eta": -2.3261212674048783, "log10_lambda": -1.5695080136536266, "log10_min_child_weight": 0.3916645100282645, "log10_subsample": -0.07119740578176148, "max_depth": 7.0}, "datetime": {"datetime": "2024-01-18 04:21:03", "elapsed": 53777.933269, "delta": 87.743595}}
{"target": 0.0019041479888827761, "params": {"gamma": 80.17801300671928, "log10_alpha": -2.0688743465032715, "log10_colsample_bytree": -0.5578879862922909, "log10_eta": -1.652102121637847, "log10_lambda": -4.345029256273327, "log10_min_child_weight": 0.07933782066461781, "log10_subsample": -0.6618108514470349, "max_depth": 6.0}, "datetime": {"datetime": "2024-01-18 04:21:58", "elapsed": 53833.180359, "delta": 55.24709}}
{"target": 0.001507067078287544, "params": {"gamma": 79.87780604442167, "log10_alpha": -2.3989669827290787, "log10_colsample_bytree": -0.3605680737079935, "log10_eta": -1.5127959648543219, "log10_lambda": -1.7502015418639765, "log10_min_child_weight": 1.6059449751518196, "log10_subsample": -0.7641825943914781, "max_depth": 7.0}, "datetime": {"datetime": "2024-01-18 04:22:43", "elapsed": 53878.105462, "delta": 44.925103}}
{"target": 0.001093342639412076, "params": {"gamma": 80.9701176953015, "log10_alpha": -1.7086364457090522, "log10_colsample_bytree": -0.24869340861909395, "log10_eta": -2.1071261374530312, "log10_lambda": -3.33183643711401, "log10_min_child_weight": 0.8226857280472605, "log10_subsample": -0.9013009300332905, "max_depth": 7.0}, "datetime": {"datetime": "2024-01-18 04:23:51", "elapsed": 53945.584968, "delta": 67.479506}}
{"target": 0.0010062314247763215, "params": {"gamma": 79.34465513999413, "log10_alpha": -3.5005753435866493, "log10_colsample_bytree": -0.9002070377194943, "log10_eta": -1.9167804309828074, "log10_lambda": -4.344364791927701, "log10_min_child_weight": 1.687465079674268, "log10_subsample": -0.5585508825197394, "max_depth": 9.0}, "datetime": {"datetime": "2024-01-18 04:24:53", "elapsed": 54008.022993, "delta": 62.438025}}
{"target": 0.001028601528799411, "params": {"gamma": 81.21939900372024, "log10_alpha": -3.2063100950042975, "log10_colsample_bytree": -0.04477802248527318, "log10_eta": -1.5972644612075122, "log10_lambda": -4.161794891958074, "log10_min_child_weight": 0.03947446632831475, "log10_subsample": -0.39656157195014363, "max_depth": 7.0}, "datetime": {"datetime": "2024-01-18 04:25:39", "elapsed": 54053.954559, "delta": 45.931566}}
{"target": 0.0009618865137445143, "params": {"gamma": 79.325094026207, "log10_alpha": -0.6803436196205013, "log10_colsample_bytree": -0.7819524489512757, "log10_eta": -2.135513672583413, "log10_lambda": -4.301819208382555, "log10_min_child_weight": 0.7604768584690852, "log10_subsample": -0.6267603362646451, "max_depth": 6.0}, "datetime": {"datetime": "2024-01-18 04:26:46", "elapsed": 54120.576379, "delta": 66.62182}}
{"target": -0.00046042299062065695, "params": {"gamma": 46.53299808778033, "log10_alpha": -0.15746865762468243, "log10_colsample_bytree": -0.41059048668617126, "log10_eta": -2.569293948393511, "log10_lambda": -2.724274751322012, "log10_min_child_weight": 2.860679534256505, "log10_subsample": -0.8131510360952361, "max_depth": 3.0}, "datetime": {"datetime": "2024-01-18 04:27:56", "elapsed": 54190.931846, "delta": 70.355467}}
{"target": 0.0014358427941271734, "params": {"gamma": 50.74575671373069, "log10_alpha": -3.3734230689422917, "log10_colsample_bytree": -0.16162755456976352, "log10_eta": -2.075507016420203, "log10_lambda": 0.52705399756017, "log10_min_child_weight": 1.929827752168346, "log10_subsample": -0.7865444093022086, "max_depth": 8.0}, "datetime": {"datetime": "2024-01-18 04:29:04", "elapsed": 54259.208544, "delta": 68.276698}}
{"target": 0.0017946111560559752, "params": {"gamma": 80.04074773855646, "log10_alpha": -3.8815424051387524, "log10_colsample_bytree": -0.2904429049567979, "log10_eta": -2.5456540542777937, "log10_lambda": -4.655998327761294, "log10_min_child_weight": 1.4978174700360518, "log10_subsample": -0.8414937618627827, "max_depth": 8.0}, "datetime": {"datetime": "2024-01-18 04:31:07", "elapsed": 54382.097896, "delta": 122.889352}}
{"target": 0.0013675589370970298, "params": {"gamma": 80.68423879590516, "log10_alpha": -2.225238255067349, "log10_colsample_bytree": -0.09293517701675125, "log10_eta": -1.9807427446797279, "log10_lambda": -2.848763706840918, "log10_min_child_weight": 0.8516350101925341, "log10_subsample": -0.9673678914394778, "max_depth": 7.0}, "datetime": {"datetime": "2024-01-18 04:32:06", "elapsed": 54441.174856, "delta": 59.07696}}
{"target": 0.0011408484989764711, "params": {"gamma": 79.50065059344647, "log10_alpha": -2.3913288884418282, "log10_colsample_bytree": -0.13603015151349618, "log10_eta": -2.3689383590153055, "log10_lambda": -4.535921866982175, "log10_min_child_weight": 0.7256382579998927, "log10_subsample": -0.8971035808079351, "max_depth": 9.0}, "datetime": {"datetime": "2024-01-18 04:34:00", "elapsed": 54554.604486, "delta": 113.42963}}
{"target": 0.0001961765471480692, "params": {"gamma": 79.93270068489605, "log10_alpha": -3.9236494322335043, "log10_colsample_bytree": -0.8337418696854507, "log10_eta": -2.327657746625773, "log10_lambda": -4.459840975827857, "log10_min_child_weight": 1.493371112916742, "log10_subsample": -0.5540903131834146, "max_depth": 7.0}, "datetime": {"datetime": "2024-01-18 04:34:57", "elapsed": 54612.062013, "delta": 57.457527}}
{"target": 7.57482084439709e-05, "params": {"gamma": 87.1230260268095, "log10_alpha": -2.759359451024691, "log10_colsample_bytree": -0.9107225465190607, "log10_eta": -1.9091764237579167, "log10_lambda": 0.5592586007426101, "log10_min_child_weight": 3.3378625464316802, "log10_subsample": -0.22275921088864603, "max_depth": 9.0}, "datetime": {"datetime": "2024-01-18 04:35:56", "elapsed": 54671.159271, "delta": 59.097258}}
{"target": 0.000989110013246558, "params": {"gamma": 77.92011925520077, "log10_alpha": -2.7991940006932303, "log10_colsample_bytree": -0.1836768547549804, "log10_eta": -1.6052098675143944, "log10_lambda": -3.399423236815089, "log10_min_child_weight": 0.11514833006721181, "log10_subsample": -0.4862280644319128, "max_depth": 4.0}, "datetime": {"datetime": "2024-01-18 04:36:40", "elapsed": 54714.648993, "delta": 43.489722}}
{"target": 0.00020684485374236616, "params": {"gamma": 54.73577822012092, "log10_alpha": -4.668614407174494, "log10_colsample_bytree": -0.584794800273481, "log10_eta": -2.7933967762817318, "log10_lambda": 0.9537024489047754, "log10_min_child_weight": 1.6363919622872414, "log10_subsample": -0.9726309676706416, "max_depth": 5.0}, "datetime": {"datetime": "2024-01-18 04:38:21", "elapsed": 54815.908429, "delta": 101.259436}}
{"target": 0.0009017519315271949, "params": {"gamma": 79.81745262779687, "log10_alpha": -4.06839229749151, "log10_colsample_bytree": -0.15712680921117372, "log10_eta": -1.4569380793220374, "log10_lambda": -2.3365505051120614, "log10_min_child_weight": 1.6887780621710307, "log10_subsample": -0.7834355347705647, "max_depth": 6.0}, "datetime": {"datetime": "2024-01-18 04:39:03", "elapsed": 54857.920999, "delta": 42.01257}}
{"target": 0.001325346661819632, "params": {"gamma": 79.82944403306513, "log10_alpha": -2.010800784344082, "log10_colsample_bytree": -0.45464804373445844, "log10_eta": -2.582688446405374, "log10_lambda": -3.7899192717312298, "log10_min_child_weight": 0.32040925005006327, "log10_subsample": -0.9296454864369059, "max_depth": 6.0}, "datetime": {"datetime": "2024-01-18 04:40:45", "elapsed": 54959.811711, "delta": 101.890712}}
{"target": 0.0001692288817281562, "params": {"gamma": 79.0662415291307, "log10_alpha": -4.4145951820431035, "log10_colsample_bytree": -0.6404164269714328, "log10_eta": -1.2894841860794655, "log10_lambda": -4.331216239026713, "log10_min_child_weight": 1.0792582361642316, "log10_subsample": -0.6162400294231158, "max_depth": 8.0}, "datetime": {"datetime": "2024-01-18 04:41:27", "elapsed": 55001.999789, "delta": 42.188078}}
{"target": 0.0015642659367943457, "params": {"gamma": 80.5514167625101, "log10_alpha": -0.527191007632962, "log10_colsample_bytree": -0.7754771419226056, "log10_eta": -2.2063388292876187, "log10_lambda": -4.403963469409989, "log10_min_child_weight": 0.7033540504819147, "log10_subsample": -0.8437539117152074, "max_depth": 7.0}, "datetime": {"datetime": "2024-01-18 04:42:52", "elapsed": 55087.473167, "delta": 85.473378}}
{"target": -0.000135656558613223, "params": {"gamma": 74.95325689960316, "log10_alpha": -1.16392456591017, "log10_colsample_bytree": -0.4549717675825429, "log10_eta": -1.0020426311296888, "log10_lambda": 0.9085800326455722, "log10_min_child_weight": 2.4534139954230176, "log10_subsample": -0.9779470834517472, "max_depth": 4.0}, "datetime": {"datetime": "2024-01-18 04:43:30", "elapsed": 55125.412767, "delta": 37.9396}}
{"target": 0.0010034887756970312, "params": {"gamma": 80.36798160733078, "log10_alpha": -0.6058995238788905, "log10_colsample_bytree": -0.6645504050916364, "log10_eta": -2.4269363349327744, "log10_lambda": -2.070535508671262, "log10_min_child_weight": 0.7096282829027678, "log10_subsample": -0.1488872188239888, "max_depth": 8.0}, "datetime": {"datetime": "2024-01-18 04:45:29", "elapsed": 55244.118372, "delta": 118.705605}}
{"target": 0.0013072965691720007, "params": {"gamma": 80.63186791179436, "log10_alpha": -3.314605210062306, "log10_colsample_bytree": -0.4293694450933683, "log10_eta": -2.140238344511161, "log10_lambda": -4.351685950701466, "log10_min_child_weight": 0.6406673692767884, "log10_subsample": -0.9719693965709998, "max_depth": 7.0}, "datetime": {"datetime": "2024-01-18 04:46:33", "elapsed": 55308.22791, "delta": 64.109538}}
{"target": -0.0006697766012693229, "params": {"gamma": 54.44620561630388, "log10_alpha": -1.9864279347003926, "log10_colsample_bytree": -0.912053537125008, "log10_eta": -2.9529356987776256, "log10_lambda": -2.3704041908218, "log10_min_child_weight": 2.9114501102625985, "log10_subsample": -0.5101324708019289, "max_depth": 7.0}, "datetime": {"datetime": "2024-01-18 04:47:42", "elapsed": 55377.279237, "delta": 69.051327}}
{"target": 0.0012791208005420995, "params": {"gamma": 80.84523290656384, "log10_alpha": -0.188049485916161, "log10_colsample_bytree": -0.22537231121370627, "log10_eta": -1.9801703996845141, "log10_lambda": -4.669634729950172, "log10_min_child_weight": 1.380749169954274, "log10_subsample": -0.7529079895807796, "max_depth": 7.0}, "datetime": {"datetime": "2024-01-18 04:48:43", "elapsed": 55437.968889, "delta": 60.689652}}
{"target": 0.000539113512427053, "params": {"gamma": 79.52684265739302, "log10_alpha": -0.6979704703882836, "log10_colsample_bytree": -0.9713900991804348, "log10_eta": -2.0292853873904932, "log10_lambda": -4.81545428863374, "log10_min_child_weight": 0.2939872551711886, "log10_subsample": -0.8792210736694748, "max_depth": 6.0}, "datetime": {"datetime": "2024-01-18 04:49:38", "elapsed": 55493.507725, "delta": 55.538836}}
{"target": 0.0009231726265664097, "params": {"gamma": 75.97737056142314, "log10_alpha": 0.5760552951856512, "log10_colsample_bytree": -0.1711035659740463, "log10_eta": -1.9235511956507367, "log10_lambda": -2.589844285035185, "log10_min_child_weight": 1.489004163777643, "log10_subsample": -0.269794136438283, "max_depth": 5.0}, "datetime": {"datetime": "2024-01-18 04:50:32", "elapsed": 55547.044252, "delta": 53.536527}}
{"target": 0.000350731005531707, "params": {"gamma": 15.870239726080914, "log10_alpha": -4.178199769550908, "log10_colsample_bytree": -0.825490690325129, "log10_eta": -1.919318933721148, "log10_lambda": -0.904861560444604, "log10_min_child_weight": 3.033723782639402, "log10_subsample": -0.8778185412214348, "max_depth": 8.0}, "datetime": {"datetime": "2024-01-18 04:51:42", "elapsed": 55616.826225, "delta": 69.781973}}
{"target": 0.0007700750346993912, "params": {"gamma": 91.886969456784, "log10_alpha": -4.157923427034177, "log10_colsample_bytree": -0.7611904849515322, "log10_eta": -1.3812103118362824, "log10_lambda": -1.5611750112658052, "log10_min_child_weight": 2.3894100929877715, "log10_subsample": -0.18989137735609085, "max_depth": 9.0}, "datetime": {"datetime": "2024-01-18 04:52:27", "elapsed": 55662.04167, "delta": 45.215445}}
{"target": 0.0010883530338348102, "params": {"gamma": 80.8167445204815, "log10_alpha": -1.5021200789371112, "log10_colsample_bytree": -0.4295909833460957, "log10_eta": -2.541881633795125, "log10_lambda": -2.645378552185135, "log10_min_child_weight": 0.5866964365748606, "log10_subsample": -0.07564313670227207, "max_depth": 8.0}, "datetime": {"datetime": "2024-01-18 04:54:43", "elapsed": 55797.813011, "delta": 135.771341}}
{"target": -0.0005365808099304648, "params": {"gamma": 72.99610046445709, "log10_alpha": 0.37036453399482916, "log10_colsample_bytree": -0.7683807928948619, "log10_eta": -3.404989158766901, "log10_lambda": -1.3153290391521075, "log10_min_child_weight": 0.6410259549331809, "log10_subsample": -0.38582122166262556, "max_depth": 6.0}, "datetime": {"datetime": "2024-01-18 04:56:27", "elapsed": 55901.795494, "delta": 103.982483}}
