{"target": 12.24358834564377, "params": {"gamma": 4.390508031418598, "log_colsample_bylevel": -0.8544319008827417, "log_colsample_bynode": -1.1917098717850685, "log_colsample_bytree": -1.3653504510093093, "log_eta": -2.8817260033054763, "max_depth": 8.0}, "datetime": {"datetime": "2024-01-17 10:44:47", "elapsed": 0.0, "delta": 0.0}}
{"target": 12.248662510363202, "params": {"gamma": 0.19976262948969037, "log_colsample_bylevel": -2.840206375424302, "log_colsample_bynode": -0.7037938116934201, "log_colsample_bytree": -0.331806813071327, "log_eta": -0.4786645128851985, "max_depth": 2.0}, "datetime": {"datetime": "2024-01-17 10:55:39", "elapsed": 652.37163, "delta": 652.37163}}
{"target": 12.258805966770616, "params": {"gamma": 0.35163463060191, "log_colsample_bylevel": -2.4511354255034266, "log_colsample_bynode": -0.8238190936992509, "log_colsample_bytree": -0.04798697642065708, "log_eta": -0.12656932719883507, "max_depth": 2.0}, "datetime": {"datetime": "2024-01-17 11:06:31", "elapsed": 1304.18956, "delta": 651.81793}}
{"target": 12.254457646088069, "params": {"gamma": 4.846717747128259, "log_colsample_bylevel": -2.961294181702648, "log_colsample_bynode": -1.1535780055575275, "log_colsample_bytree": -1.761085684952909, "log_eta": -0.04145711260750673, "max_depth": 6.0}, "datetime": {"datetime": "2024-01-17 11:18:05", "elapsed": 1997.769294, "delta": 693.579734}}
{"target": 12.24338181787329, "params": {"gamma": 1.2336507175181293, "log_colsample_bylevel": -2.6315756726857913, "log_colsample_bynode": -2.6393518786043444, "log_colsample_bytree": -0.07876085690851875, "log_eta": -3.4749896711841477, "max_depth": 7.0}, "datetime": {"datetime": "2024-01-17 11:31:46", "elapsed": 2819.174479, "delta": 821.405185}}
{"target": 12.243528891871083, "params": {"gamma": 1.3221020788657647, "log_colsample_bylevel": -2.4306340929819514, "log_colsample_bynode": -1.6072452170456168, "log_colsample_bytree": -0.31310110690958926, "log_eta": -2.650786615696747, "max_depth": 3.0}, "datetime": {"datetime": "2024-01-17 11:43:15", "elapsed": 3507.935553, "delta": 688.761074}}
