{"target": 0.0008838673525787544, "params": {"gamma": 80.05220653011574, "log10_alpha": -1.844895276747466, "log10_colsample_bytree": -0.30758951436156934, "log10_eta": -1.6654005644158967, "log10_lambda": -2.100170193000238, "log10_min_child_weight": 0.9075760144019013, "log10_subsample": -0.912047905588844, "max_depth": 6.0}, "datetime": {"datetime": "2024-01-17 14:40:01", "elapsed": 4516.431554, "delta": 40.734654}}
{"target": 0.0010509188076226195, "params": {"gamma": 79.73994023931053, "log10_alpha": -2.149974299701064, "log10_colsample_bytree": -0.6570590418570659, "log10_eta": -1.952758830462257, "log10_lambda": -3.400001464311517, "log10_min_child_weight": 0.8699684378013162, "log10_subsample": -0.027130027160735315, "max_depth": 8.0}, "datetime": {"datetime": "2024-01-17 14:41:03", "elapsed": 4577.615512, "delta": 61.183958}}
{"target": 0.0013456086363013986, "params": {"gamma": 78.78566594400131, "log10_alpha": -2.792642468574047, "log10_colsample_bytree": -0.20440322446518555, "log10_eta": -1.5821590300092097, "log10_lambda": -3.8339716697731308, "log10_min_child_weight": 1.1338572924696777, "log10_subsample": -0.14127208707012817, "max_depth": 7.0}, "datetime": {"datetime": "2024-01-17 14:41:48", "elapsed": 4622.947669, "delta": 45.332157}}
{"target": 0.0010723502348467806, "params": {"gamma": 79.76599528504218, "log10_alpha": -4.8764529759942095, "log10_colsample_bytree": -0.0750905650198086, "log10_eta": -1.790089936069898, "log10_lambda": -3.0262528864037246, "log10_min_child_weight": 1.8805533793997093, "log10_subsample": -0.08708038078617064, "max_depth": 9.0}, "datetime": {"datetime": "2024-01-17 14:42:35", "elapsed": 4670.325785, "delta": 47.378116}}
{"target": 0.0006455445807968252, "params": {"gamma": 78.76748026614442, "log10_alpha": -2.9956075881272346, "log10_colsample_bytree": -0.19989681953500849, "log10_eta": -1.7469934406738763, "log10_lambda": -2.3490520502021317, "log10_min_child_weight": 0.9809336869345825, "log10_subsample": -0.05375764188086962, "max_depth": 8.0}, "datetime": {"datetime": "2024-01-17 14:43:30", "elapsed": 4725.373551, "delta": 55.047766}}
{"target": -0.0002944534036299351, "params": {"gamma": 81.13440404430038, "log10_alpha": -1.958770900004049, "log10_colsample_bytree": -0.920620954370367, "log10_eta": -2.214141891486033, "log10_lambda": -2.581158051753456, "log10_min_child_weight": 0.1358511771486126, "log10_subsample": -0.3765631669568954, "max_depth": 6.0}, "datetime": {"datetime": "2024-01-17 14:44:17", "elapsed": 4771.88642, "delta": 46.512869}}
{"target": 0.001456282110281898, "params": {"gamma": 78.9108386036563, "log10_alpha": -2.517353594918057, "log10_colsample_bytree": -0.29037748190527446, "log10_eta": -2.2772953928565034, "log10_lambda": -2.7593753007043476, "log10_min_child_weight": 1.7298969349746667, "log10_subsample": -0.8961214746213295, "max_depth": 6.0}, "datetime": {"datetime": "2024-01-17 14:45:27", "elapsed": 4841.804491, "delta": 69.918071}}
{"target": 0.0010575518931723593, "params": {"gamma": 78.41626799556603, "log10_alpha": -1.4625169948623213, "log10_colsample_bytree": -0.10778908167206891, "log10_eta": -2.1372261126569705, "log10_lambda": -3.169730277920033, "log10_min_child_weight": 0.594728660188899, "log10_subsample": -0.6943574426203482, "max_depth": 7.0}, "datetime": {"datetime": "2024-01-17 14:46:27", "elapsed": 4901.60589, "delta": 59.801399}}
{"target": 0.00080102379795427, "params": {"gamma": 79.07041171687501, "log10_alpha": -2.898697857860806, "log10_colsample_bytree": -0.17065871418543155, "log10_eta": -2.0689260702259293, "log10_lambda": -3.6914851178813795, "log10_min_child_weight": 2.6795840485272415, "log10_subsample": -0.16149610223997835, "max_depth": 7.0}, "datetime": {"datetime": "2024-01-17 14:47:18", "elapsed": 4953.189457, "delta": 51.583567}}
{"target": 0.0006829312975013269, "params": {"gamma": 78.63644426635697, "log10_alpha": -2.68076114780283, "log10_colsample_bytree": -0.717561008120074, "log10_eta": -2.698461909919814, "log10_lambda": -4.0353482442864115, "log10_min_child_weight": 1.665862719682225, "log10_subsample": -0.6107594810635856, "max_depth": 5.0}, "datetime": {"datetime": "2024-01-17 14:48:59", "elapsed": 5054.315505, "delta": 101.126048}}
{"target": 0.0013812471351777877, "params": {"gamma": 78.72669719688574, "log10_alpha": -2.8569868018456397, "log10_colsample_bytree": -0.003786809318452433, "log10_eta": -1.524606895160467, "log10_lambda": -4.75462536066993, "log10_min_child_weight": 0.3460718668887369, "log10_subsample": -0.8438774057415387, "max_depth": 5.0}, "datetime": {"datetime": "2024-01-17 14:49:40", "elapsed": 5094.931346, "delta": 40.615841}}
{"target": 0.0005222287120295876, "params": {"gamma": 78.69708833404844, "log10_alpha": -1.9293526524426632, "log10_colsample_bytree": -0.25167448789266034, "log10_eta": -1.1011403193058014, "log10_lambda": -4.307643821563153, "log10_min_child_weight": 1.3914167476295018, "log10_subsample": -0.762163268862562, "max_depth": 4.0}, "datetime": {"datetime": "2024-01-17 14:50:16", "elapsed": 5130.597118, "delta": 35.665772}}
{"target": 0.0009708799101065535, "params": {"gamma": 78.22503746828696, "log10_alpha": -1.926767302397685, "log10_colsample_bytree": -0.30881476970462296, "log10_eta": -1.9589720307806888, "log10_lambda": -4.970213957949046, "log10_min_child_weight": 0.9643618340782439, "log10_subsample": -0.16727950084407261, "max_depth": 5.0}, "datetime": {"datetime": "2024-01-17 14:51:04", "elapsed": 5178.935969, "delta": 48.338851}}
{"target": 0.0011745106307473052, "params": {"gamma": 79.13915867328494, "log10_alpha": -3.451254219149675, "log10_colsample_bytree": -0.2649278920669621, "log10_eta": -1.6815143787250992, "log10_lambda": -2.9248419611508614, "log10_min_child_weight": 1.836135739202878, "log10_subsample": -0.6589190114593942, "max_depth": 6.0}, "datetime": {"datetime": "2024-01-17 14:51:46", "elapsed": 5220.825704, "delta": 41.889735}}
{"target": 0.0011430640616975907, "params": {"gamma": 79.33814854011334, "log10_alpha": -4.4651306118493395, "log10_colsample_bytree": -0.47662525744434914, "log10_eta": -2.5277499521191458, "log10_lambda": -2.638218217067928, "log10_min_child_weight": 1.1672069746369662, "log10_subsample": -0.39775224947969623, "max_depth": 8.0}, "datetime": {"datetime": "2024-01-17 14:53:39", "elapsed": 5333.81295, "delta": 112.987246}}
{"target": 0.0014674888940923447, "params": {"gamma": 79.35097171737972, "log10_alpha": -3.243835987854867, "log10_colsample_bytree": -0.03877458763775221, "log10_eta": -2.425121284701698, "log10_lambda": -4.558289144277441, "log10_min_child_weight": 1.7095515631530223, "log10_subsample": -0.5655435538949032, "max_depth": 7.0}, "datetime": {"datetime": "2024-01-17 14:55:01", "elapsed": 5416.33525, "delta": 82.5223}}
{"target": 0.0013702458279236107, "params": {"gamma": 79.20576062939668, "log10_alpha": -2.4232252237809657, "log10_colsample_bytree": -0.2497761702493825, "log10_eta": -1.6466814463170019, "log10_lambda": -2.620934528023273, "log10_min_child_weight": 1.2747811731697385, "log10_subsample": -1.0, "max_depth": 6.0}, "datetime": {"datetime": "2024-01-17 14:55:44", "elapsed": 5458.666248, "delta": 42.330998}}
{"target": 0.0012975275474179093, "params": {"gamma": 78.83168821889375, "log10_alpha": -1.7293856965560073, "log10_colsample_bytree": -0.07958690725444817, "log10_eta": -2.31247885490641, "log10_lambda": -1.651027070016267, "log10_min_child_weight": 1.3782486392112292, "log10_subsample": -0.6580424859193604, "max_depth": 6.0}, "datetime": {"datetime": "2024-01-17 14:56:49", "elapsed": 5524.292267, "delta": 65.626019}}
{"target": 0.0016430734404968284, "params": {"gamma": 78.97374796835722, "log10_alpha": -0.7564334333445402, "log10_colsample_bytree": -0.7060471982799976, "log10_eta": -1.5106241302789432, "log10_lambda": -4.52887254521091, "log10_min_child_weight": 1.2614599478962036, "log10_subsample": -0.02898972164840008, "max_depth": 6.0}, "datetime": {"datetime": "2024-01-17 14:57:35", "elapsed": 5569.697453, "delta": 45.405186}}
{"target": 0.0007790135180935076, "params": {"gamma": 78.89551271038927, "log10_alpha": -1.6528482119500687, "log10_colsample_bytree": -0.8918538743738509, "log10_eta": -1.5681386941055933, "log10_lambda": -4.910493409673278, "log10_min_child_weight": 2.36734946854148, "log10_subsample": -0.299616922368688, "max_depth": 7.0}, "datetime": {"datetime": "2024-01-17 14:58:19", "elapsed": 5613.916184, "delta": 44.218731}}
{"target": 0.0004025755023960853, "params": {"gamma": 77.53750036637669, "log10_alpha": -2.997365568729295, "log10_colsample_bytree": -0.13099191627428008, "log10_eta": -1.9848975797441648, "log10_lambda": -4.416667370301919, "log10_min_child_weight": 0.3916913126275051, "log10_subsample": -0.41889969296764007, "max_depth": 6.0}, "datetime": {"datetime": "2024-01-17 14:59:07", "elapsed": 5662.006851, "delta": 48.090667}}
{"target": 0.0013084340031923047, "params": {"gamma": 79.27502574851687, "log10_alpha": -2.3117775502504947, "log10_colsample_bytree": -0.20428539308143726, "log10_eta": -1.7160958733114515, "log10_lambda": -2.5257742862452073, "log10_min_child_weight": 1.337132331768209, "log10_subsample": -1.0, "max_depth": 7.0}, "datetime": {"datetime": "2024-01-17 14:59:53", "elapsed": 5708.344821, "delta": 46.33797}}
{"target": 0.0006103727677020943, "params": {"gamma": 79.85164718099136, "log10_alpha": -3.769138389455026, "log10_colsample_bytree": -0.012618266106460108, "log10_eta": -2.231740316662204, "log10_lambda": -3.0265882784330658, "log10_min_child_weight": 1.6115410437734239, "log10_subsample": -0.18843427621521258, "max_depth": 7.0}, "datetime": {"datetime": "2024-01-17 15:00:50", "elapsed": 5765.466424, "delta": 57.121603}}
{"target": 0.0006801251125951591, "params": {"gamma": 79.18275519253355, "log10_alpha": -2.898888735107411, "log10_colsample_bytree": -0.08642348710085124, "log10_eta": -1.6262748123381865, "log10_lambda": -4.930557995296106, "log10_min_child_weight": 0.31426723998315365, "log10_subsample": -0.2771136842187807, "max_depth": 6.0}, "datetime": {"datetime": "2024-01-17 15:01:31", "elapsed": 5805.611968, "delta": 40.145544}}
{"target": 0.0012451577267708347, "params": {"gamma": 79.03364802292997, "log10_alpha": -1.8638066583858244, "log10_colsample_bytree": -0.5599182329148966, "log10_eta": -1.827540224700412, "log10_lambda": -3.8985129989005403, "log10_min_child_weight": 0.5548949062666569, "log10_subsample": -0.2249228217537277, "max_depth": 6.0}, "datetime": {"datetime": "2024-01-17 15:02:22", "elapsed": 5856.684791, "delta": 51.072823}}
{"target": 0.0012689412654492693, "params": {"gamma": 79.07543447188205, "log10_alpha": -1.89481741324518, "log10_colsample_bytree": 0.0, "log10_eta": -2.2396117729095892, "log10_lambda": -4.1898917900992085, "log10_min_child_weight": 1.4576459483422297, "log10_subsample": -0.567566221973339, "max_depth": 6.0}, "datetime": {"datetime": "2024-01-17 15:03:28", "elapsed": 5923.263226, "delta": 66.578435}}
{"target": 0.0007204869124879942, "params": {"gamma": 79.13839311408005, "log10_alpha": -1.003465347447479, "log10_colsample_bytree": -0.7107787563970055, "log10_eta": -2.5447961241549657, "log10_lambda": -4.943927887024697, "log10_min_child_weight": 1.3713340822191478, "log10_subsample": -0.5714362997778888, "max_depth": 6.0}, "datetime": {"datetime": "2024-01-17 15:04:52", "elapsed": 6006.656108, "delta": 83.392882}}
{"target": 0.0020254060957113074, "params": {"gamma": 78.91841898382526, "log10_alpha": -1.22237042031378, "log10_colsample_bytree": -0.4614348746046337, "log10_eta": -1.6581687312016142, "log10_lambda": -3.760882370943824, "log10_min_child_weight": 1.4025392609243874, "log10_subsample": 0.0, "max_depth": 6.0}, "datetime": {"datetime": "2024-01-17 15:05:38", "elapsed": 6052.950798, "delta": 46.29469}}
{"target": 0.0012806729116717763, "params": {"gamma": 77.88234475183803, "log10_alpha": -0.9050086353842159, "log10_colsample_bytree": -0.14537404263374298, "log10_eta": -2.4785355807404597, "log10_lambda": -3.75680588938319, "log10_min_child_weight": 2.1974817731411456, "log10_subsample": -0.46277519116239696, "max_depth": 7.0}, "datetime": {"datetime": "2024-01-17 15:07:02", "elapsed": 6136.600933, "delta": 83.650135}}
{"target": 0.0005661443109577224, "params": {"gamma": 78.81889109607148, "log10_alpha": -0.08097316661995979, "log10_colsample_bytree": -0.6726525869762902, "log10_eta": -1.3103325015337965, "log10_lambda": -3.9832587019947336, "log10_min_child_weight": 1.0033101192629013, "log10_subsample": -0.21525013655878367, "max_depth": 5.0}, "datetime": {"datetime": "2024-01-17 15:07:38", "elapsed": 6173.125597, "delta": 36.524664}}
{"target": 0.0009533765753814982, "params": {"gamma": 79.10099252550411, "log10_alpha": -1.4019789964079696, "log10_colsample_bytree": -0.6569658999695853, "log10_eta": -2.3627541527433444, "log10_lambda": -2.1305812994336932, "log10_min_child_weight": 1.091235116247965, "log10_subsample": -0.12971119237093331, "max_depth": 7.0}, "datetime": {"datetime": "2024-01-17 15:09:05", "elapsed": 6260.348259, "delta": 87.222662}}
{"target": 0.000662635100680653, "params": {"gamma": 79.34712876876632, "log10_alpha": -0.5763832903741495, "log10_colsample_bytree": -0.08732669234757306, "log10_eta": -1.5189686916303482, "log10_lambda": -3.87406082685262, "log10_min_child_weight": 1.906468436669491, "log10_subsample": -0.07294404963743939, "max_depth": 5.0}, "datetime": {"datetime": "2024-01-17 15:09:43", "elapsed": 6298.243997, "delta": 37.895738}}
{"target": 0.001386758369903096, "params": {"gamma": 78.6061963029259, "log10_alpha": -0.9590832765428061, "log10_colsample_bytree": -0.6551507739166262, "log10_eta": -1.5914877091703339, "log10_lambda": -3.746086517546328, "log10_min_child_weight": 0.34394508348845554, "log10_subsample": -0.007766881878939702, "max_depth": 6.0}, "datetime": {"datetime": "2024-01-17 15:10:28", "elapsed": 6342.965769, "delta": 44.721772}}
{"target": 0.0006903720691101844, "params": {"gamma": 79.6228537749993, "log10_alpha": -1.1906014213187461, "log10_colsample_bytree": -0.7683540181879004, "log10_eta": -2.371902162535254, "log10_lambda": -3.752694235350549, "log10_min_child_weight": 0.7718398397738385, "log10_subsample": -0.24095213645243896, "max_depth": 7.0}, "datetime": {"datetime": "2024-01-17 15:11:44", "elapsed": 6418.872805, "delta": 75.907036}}
{"target": 0.0006841578839001938, "params": {"gamma": 79.10424854050278, "log10_alpha": -0.8380236634196923, "log10_colsample_bytree": -0.3189980759930279, "log10_eta": -2.3011601026295465, "log10_lambda": -3.9651509723616463, "log10_min_child_weight": 2.5895512088737833, "log10_subsample": -0.22391288214901894, "max_depth": 6.0}, "datetime": {"datetime": "2024-01-17 15:12:51", "elapsed": 6485.650086, "delta": 66.777281}}
{"target": 0.0013927323066634245, "params": {"gamma": 76.96878464495491, "log10_alpha": -1.3379380449738396, "log10_colsample_bytree": -0.5384760943453881, "log10_eta": -1.6748052741789836, "log10_lambda": -3.5234345879358093, "log10_min_child_weight": 1.6484871152351084, "log10_subsample": -0.1807227597114559, "max_depth": 6.0}, "datetime": {"datetime": "2024-01-17 15:13:38", "elapsed": 6533.520641, "delta": 47.870555}}
{"target": 0.0013255694465114931, "params": {"gamma": 78.41901404467849, "log10_alpha": -1.4914719491833148, "log10_colsample_bytree": -0.19185808328120701, "log10_eta": -2.1478973793979996, "log10_lambda": -4.393073500960274, "log10_min_child_weight": 1.5967829143842578, "log10_subsample": -0.5902671020023481, "max_depth": 7.0}, "datetime": {"datetime": "2024-01-17 15:14:40", "elapsed": 6595.41349, "delta": 61.892849}}
{"target": 0.0017228575393790635, "params": {"gamma": 77.45883812648114, "log10_alpha": -0.5299353490794232, "log10_colsample_bytree": -0.44033948887740504, "log10_eta": -1.927683634096769, "log10_lambda": -4.101833981592035, "log10_min_child_weight": 1.460112854066149, "log10_subsample": -0.6893943303272081, "max_depth": 6.0}, "datetime": {"datetime": "2024-01-17 15:15:37", "elapsed": 6651.795985, "delta": 56.382495}}
{"target": 0.0013816044735887045, "params": {"gamma": 76.79252210030229, "log10_alpha": -0.8000591972688502, "log10_colsample_bytree": -0.40267726888852073, "log10_eta": -2.4204599280209544, "log10_lambda": -3.9803098370847905, "log10_min_child_weight": 0.6738281183553096, "log10_subsample": -0.003271919716452909, "max_depth": 7.0}, "datetime": {"datetime": "2024-01-17 15:17:13", "elapsed": 6748.039585, "delta": 96.2436}}
{"target": 0.001048111284201847, "params": {"gamma": 76.42955651514858, "log10_alpha": -0.46950082504941015, "log10_colsample_bytree": -0.03517279820957919, "log10_eta": -1.7866783684170002, "log10_lambda": -3.946752710018059, "log10_min_child_weight": 0.6795274112811417, "log10_subsample": -0.5054411524112139, "max_depth": 5.0}, "datetime": {"datetime": "2024-01-17 15:17:57", "elapsed": 6791.608434, "delta": 43.568849}}
{"target": 0.001718514732027221, "params": {"gamma": 79.23459784615531, "log10_alpha": -5.0, "log10_colsample_bytree": 0.0, "log10_eta": -2.192052875390171, "log10_lambda": -2.983230823222245, "log10_min_child_weight": 1.3258948215665955, "log10_subsample": -0.9686162831493477, "max_depth": 8.0}, "datetime": {"datetime": "2024-01-17 15:19:08", "elapsed": 6862.566497, "delta": 70.958063}}
{"target": -0.00035362430422367086, "params": {"gamma": 78.37468835472046, "log10_alpha": -0.422770581867157, "log10_colsample_bytree": -0.707942848716244, "log10_eta": -1.008392630761203, "log10_lambda": -4.132214078257706, "log10_min_child_weight": 0.55307092650421, "log10_subsample": -0.19952274152648874, "max_depth": 6.0}, "datetime": {"datetime": "2024-01-17 15:19:42", "elapsed": 6897.517197, "delta": 34.9507}}
{"target": 0.0006489530920456843, "params": {"gamma": 77.6395546645991, "log10_alpha": -0.42504714667469656, "log10_colsample_bytree": -0.35246285185903803, "log10_eta": -3.135649886637609, "log10_lambda": -3.5928585614971524, "log10_min_child_weight": 1.855222005961259, "log10_subsample": -0.39735515596301163, "max_depth": 5.0}, "datetime": {"datetime": "2024-01-17 15:22:37", "elapsed": 7071.937734, "delta": 174.420537}}
{"target": 0.0003765048152988837, "params": {"gamma": 76.26882088436383, "log10_alpha": -0.5517612371912524, "log10_colsample_bytree": -0.37857865256027745, "log10_eta": -2.6361614913171207, "log10_lambda": -4.698331672695076, "log10_min_child_weight": 1.0413519585883528, "log10_subsample": -0.6420664406926427, "max_depth": 6.0}, "datetime": {"datetime": "2024-01-17 15:23:51", "elapsed": 7145.623123, "delta": 73.685389}}
{"target": 0.0004464670756756661, "params": {"gamma": 76.9996821020073, "log10_alpha": -0.8285176551638083, "log10_colsample_bytree": -0.2521346869009137, "log10_eta": -1.3417345154301166, "log10_lambda": -4.64248313862431, "log10_min_child_weight": 1.3192841568693487, "log10_subsample": -0.28366677940134066, "max_depth": 6.0}, "datetime": {"datetime": "2024-01-17 15:24:28", "elapsed": 7182.660432, "delta": 37.037309}}
{"target": 0.0014087382819370498, "params": {"gamma": 76.106730563367, "log10_alpha": -0.1421510458551598, "log10_colsample_bytree": -0.4997254957621208, "log10_eta": -1.681651837649162, "log10_lambda": -2.925393289320638, "log10_min_child_weight": 1.9960504041299525, "log10_subsample": -0.3512821508764362, "max_depth": 6.0}, "datetime": {"datetime": "2024-01-17 15:25:16", "elapsed": 7230.569008, "delta": 47.908576}}
{"target": -0.00014690243620990584, "params": {"gamma": 77.87075254913096, "log10_alpha": -0.5191529081931945, "log10_colsample_bytree": -0.9006314068095663, "log10_eta": -2.640763246093571, "log10_lambda": -3.3372950211061814, "log10_min_child_weight": 1.5703654781894993, "log10_subsample": -0.9633131523012769, "max_depth": 6.0}, "datetime": {"datetime": "2024-01-17 15:26:21", "elapsed": 7296.016495, "delta": 65.447487}}
{"target": 0.00043938702885598646, "params": {"gamma": 76.08858608488703, "log10_alpha": -1.4169230800971606, "log10_colsample_bytree": -0.08326157862474037, "log10_eta": -1.2676508726494116, "log10_lambda": -2.7019229223012466, "log10_min_child_weight": 1.4498074690481266, "log10_subsample": -0.5043144213170687, "max_depth": 7.0}, "datetime": {"datetime": "2024-01-17 15:26:58", "elapsed": 7332.617647, "delta": 36.601152}}
{"target": 0.0006251487475129325, "params": {"gamma": 78.56677463444922, "log10_alpha": -2.7143568215121268, "log10_colsample_bytree": -0.0024022227886425496, "log10_eta": -1.924881484468206, "log10_lambda": -2.859191279243105, "log10_min_child_weight": 0.9396372523022922, "log10_subsample": -0.454629121171946, "max_depth": 6.0}, "datetime": {"datetime": "2024-01-17 15:27:43", "elapsed": 7378.322205, "delta": 45.704558}}
{"target": 0.0004184446210568904, "params": {"gamma": 79.06550556761673, "log10_alpha": -1.8432643042828545, "log10_colsample_bytree": -0.2803640291400842, "log10_eta": -3.137206106857659, "log10_lambda": -2.874669460537276, "log10_min_child_weight": 1.274541633560472, "log10_subsample": -0.4884880840178204, "max_depth": 6.0}, "datetime": {"datetime": "2024-01-17 15:29:57", "elapsed": 7512.119386, "delta": 133.797181}}
{"target": 0.0018400371781288893, "params": {"gamma": 78.56809736116575, "log10_alpha": -1.3494187925339496, "log10_colsample_bytree": -0.7764767528255241, "log10_eta": -1.7596578868350758, "log10_lambda": -2.679631956172736, "log10_min_child_weight": 1.0331851543014219, "log10_subsample": -0.6559419091210137, "max_depth": 6.0}, "datetime": {"datetime": "2024-01-17 15:30:47", "elapsed": 7562.382731, "delta": 50.263345}}
{"target": 0.0013638329332026078, "params": {"gamma": 77.98794424594976, "log10_alpha": -0.6345438623714452, "log10_colsample_bytree": -0.24173597944741398, "log10_eta": -1.6965509526547646, "log10_lambda": -4.2570945064678964, "log10_min_child_weight": 1.7217456688906996, "log10_subsample": -0.8607771113860139, "max_depth": 5.0}, "datetime": {"datetime": "2024-01-17 15:31:30", "elapsed": 7605.055408, "delta": 42.672677}}
