{"target": 0.0019785957774532126, "params": {"gamma": 80.15539514513623, "log10_alpha": -2.6531504085088438, "log10_colsample_bytree": -0.005012979711606191, "log10_eta": -1.7876321705397942, "log10_lambda": -1.769354438445022, "log10_min_child_weight": 1.615786981059153, "log10_subsample": -0.9370469058685634, "max_depth": 6.0}, "datetime": {"datetime": "2024-01-17 16:24:18", "elapsed": 10773.424638, "delta": 47.516161}}
{"target": 0.0013885364358166286, "params": {"gamma": 78.8908597553614, "log10_alpha": -1.1479519783145657, "log10_colsample_bytree": -0.7223824827790342, "log10_eta": -2.0783661171298005, "log10_lambda": -2.106300946638791, "log10_min_child_weight": 0.026143726544221035, "log10_subsample": -0.07856299167962555, "max_depth": 6.0}, "datetime": {"datetime": "2024-01-17 16:25:21", "elapsed": 10835.811891, "delta": 62.387253}}
{"target": -0.000623021186913153, "params": {"gamma": 79.25974428447583, "log10_alpha": -2.35782896764743, "log10_colsample_bytree": -0.5882912955165172, "log10_eta": -1.0711723523337118, "log10_lambda": -3.9233222220679886, "log10_min_child_weight": 1.752448354641294, "log10_subsample": -0.8387583808369705, "max_depth": 7.0}, "datetime": {"datetime": "2024-01-17 16:25:56", "elapsed": 10871.397239, "delta": 35.585348}}
{"target": 4.826935781959696e-05, "params": {"gamma": 78.59056939441112, "log10_alpha": -1.3480297663017824, "log10_colsample_bytree": -0.9901251387743001, "log10_eta": -1.351703277815825, "log10_lambda": -3.498766580651761, "log10_min_child_weight": 1.0972448337228036, "log10_subsample": -0.009793234586053856, "max_depth": 6.0}, "datetime": {"datetime": "2024-01-17 16:26:36", "elapsed": 10910.780311, "delta": 39.383072}}
{"target": -0.0002579469403802548, "params": {"gamma": 80.05442913798665, "log10_alpha": -2.5658041001479512, "log10_colsample_bytree": -0.8662996529701087, "log10_eta": -2.636193900634525, "log10_lambda": -1.6783494951995648, "log10_min_child_weight": 0.025169909389266554, "log10_subsample": -0.4796166212769797, "max_depth": 6.0}, "datetime": {"datetime": "2024-01-17 16:27:34", "elapsed": 10968.627244, "delta": 57.846933}}
{"target": -0.00046239185834123786, "params": {"gamma": 97.1493377411368, "log10_alpha": -4.456679670230324, "log10_colsample_bytree": -0.022715684119369528, "log10_eta": -3.9320873809441723, "log10_lambda": -1.8442499201498705, "log10_min_child_weight": 2.011123892408882, "log10_subsample": -0.5549633510495391, "max_depth": 4.0}, "datetime": {"datetime": "2024-01-17 16:30:25", "elapsed": 11139.646734, "delta": 171.01949}}
{"target": 0.0011508590183045009, "params": {"gamma": 79.07205101742136, "log10_alpha": -1.2327123960495925, "log10_colsample_bytree": -0.6224109908582824, "log10_eta": -1.6307290869159434, "log10_lambda": -3.078096828690227, "log10_min_child_weight": 0.23546785261385206, "log10_subsample": -0.7883770068611333, "max_depth": 6.0}, "datetime": {"datetime": "2024-01-17 16:31:09", "elapsed": 11183.937647, "delta": 44.290913}}
{"target": 0.0010627692414933165, "params": {"gamma": 79.17095330706152, "log10_alpha": -3.3874034149174266, "log10_colsample_bytree": -0.7221715547592278, "log10_eta": -1.8152243625320859, "log10_lambda": -3.195064525847802, "log10_min_child_weight": 1.066096015225542, "log10_subsample": -0.7293573118680182, "max_depth": 7.0}, "datetime": {"datetime": "2024-01-17 16:31:57", "elapsed": 11232.143317, "delta": 48.20567}}
{"target": 0.0007899807186586005, "params": {"gamma": 78.62000101285864, "log10_alpha": -0.8290051776795648, "log10_colsample_bytree": -0.256328513173959, "log10_eta": -1.3912218276481298, "log10_lambda": -3.748814357704559, "log10_min_child_weight": 1.574000104216271, "log10_subsample": -0.27964531128289105, "max_depth": 6.0}, "datetime": {"datetime": "2024-01-17 16:32:33", "elapsed": 11268.178751, "delta": 36.035434}}
{"target": 0.0010795185478794656, "params": {"gamma": 79.77494101193446, "log10_alpha": -4.011092910764356, "log10_colsample_bytree": -0.5074328040314003, "log10_eta": -2.3910813268971802, "log10_lambda": -2.6542264590353586, "log10_min_child_weight": 1.7377023687368305, "log10_subsample": -0.8809783144896891, "max_depth": 9.0}, "datetime": {"datetime": "2024-01-17 16:33:52", "elapsed": 11347.122907, "delta": 78.944156}}
{"target": 0.002030046052278661, "params": {"gamma": 79.88252895967514, "log10_alpha": -2.8278630525182207, "log10_colsample_bytree": -0.4312000372178222, "log10_eta": -2.031961368657485, "log10_lambda": -3.0357354020969716, "log10_min_child_weight": 0.20238087526745052, "log10_subsample": -0.8589915083919644, "max_depth": 6.0}, "datetime": {"datetime": "2024-01-17 16:34:53", "elapsed": 11408.094172, "delta": 60.971265}}
{"target": 0.00011089139017819716, "params": {"gamma": 21.318046066522236, "log10_alpha": -0.36087596817363554, "log10_colsample_bytree": -0.23293086696131482, "log10_eta": -3.2623554784647393, "log10_lambda": -3.989529990477333, "log10_min_child_weight": 1.0729525176617605, "log10_subsample": -0.7060375060122717, "max_depth": 4.0}, "datetime": {"datetime": "2024-01-17 16:37:06", "elapsed": 11540.570225, "delta": 132.476053}}
{"target": 0.0009231841435158872, "params": {"gamma": 66.58635064844208, "log10_alpha": 0.21795387551619605, "log10_colsample_bytree": -0.10062559251638581, "log10_eta": -2.805404063384909, "log10_lambda": -3.93980123547255, "log10_min_child_weight": 0.5415613627690602, "log10_subsample": -0.3671858209291884, "max_depth": 7.0}, "datetime": {"datetime": "2024-01-17 16:39:41", "elapsed": 11695.852044, "delta": 155.281819}}
{"target": 0.0012197489283534702, "params": {"gamma": 24.441892656317076, "log10_alpha": -2.5030049675690087, "log10_colsample_bytree": -0.35138029396656423, "log10_eta": -2.938948936922382, "log10_lambda": -2.8738820468899986, "log10_min_child_weight": 1.6777677604130563, "log10_subsample": -0.3677647511989569, "max_depth": 9.0}, "datetime": {"datetime": "2024-01-17 16:42:43", "elapsed": 11878.008694, "delta": 182.15665}}
{"target": 0.00020236776655815913, "params": {"gamma": 79.15369996334812, "log10_alpha": -3.218729776007723, "log10_colsample_bytree": -0.8919323408831766, "log10_eta": -2.3958885718763088, "log10_lambda": -3.5166823381077457, "log10_min_child_weight": 1.271580857397279, "log10_subsample": -0.5525029268885226, "max_depth": 7.0}, "datetime": {"datetime": "2024-01-17 16:43:50", "elapsed": 11945.324799, "delta": 67.316105}}
{"target": 0.001632624247894593, "params": {"gamma": 79.6735404666092, "log10_alpha": -2.643503369948952, "log10_colsample_bytree": -0.3544976550780617, "log10_eta": -1.8078542802151825, "log10_lambda": -1.772371389278702, "log10_min_child_weight": 1.5187886192963511, "log10_subsample": -1.0, "max_depth": 6.0}, "datetime": {"datetime": "2024-01-17 16:44:38", "elapsed": 11992.722285, "delta": 47.397486}}
{"target": 0.001978759892745152, "params": {"gamma": 78.83625815083187, "log10_alpha": -2.609894712008722, "log10_colsample_bytree": -0.49481206408108647, "log10_eta": -1.752593121916179, "log10_lambda": -4.159458007823069, "log10_min_child_weight": 0.24048207318924653, "log10_subsample": -0.7190408968108407, "max_depth": 4.0}, "datetime": {"datetime": "2024-01-17 16:45:30", "elapsed": 12045.324787, "delta": 52.602502}}
{"target": 0.0017866883383919063, "params": {"gamma": 79.90700130848515, "log10_alpha": -2.9628963564089545, "log10_colsample_bytree": -0.013007279233718144, "log10_eta": -1.8450724081969319, "log10_lambda": -2.3446593187115115, "log10_min_child_weight": 1.4213461100168439, "log10_subsample": -1.0, "max_depth": 6.0}, "datetime": {"datetime": "2024-01-17 16:46:18", "elapsed": 12092.560335, "delta": 47.235548}}
{"target": 0.0018648883408401429, "params": {"gamma": 79.85103977612845, "log10_alpha": -2.0871904403215007, "log10_colsample_bytree": -0.43939262195577844, "log10_eta": -1.2667918619640814, "log10_lambda": -2.3547152453216844, "log10_min_child_weight": 0.6209542807017915, "log10_subsample": -0.9645802395137788, "max_depth": 6.0}, "datetime": {"datetime": "2024-01-17 16:46:54", "elapsed": 12129.316791, "delta": 36.756456}}
{"target": 3.2273072300859074e-05, "params": {"gamma": 81.1730584949201, "log10_alpha": -3.0437390345133988, "log10_colsample_bytree": -0.3493519957562625, "log10_eta": -1.1538673941108173, "log10_lambda": -4.335492517897534, "log10_min_child_weight": 1.1212834643552756, "log10_subsample": -0.9674516570038083, "max_depth": 5.0}, "datetime": {"datetime": "2024-01-17 16:47:30", "elapsed": 12164.543169, "delta": 35.226378}}
{"target": 0.0011343663026260054, "params": {"gamma": 80.26750754432324, "log10_alpha": -2.749411568696468, "log10_colsample_bytree": -0.25239320247078634, "log10_eta": -2.7480203212909857, "log10_lambda": -3.5736159109705063, "log10_min_child_weight": 1.3501030131513403, "log10_subsample": -0.6028998503324333, "max_depth": 7.0}, "datetime": {"datetime": "2024-01-17 16:49:34", "elapsed": 12288.768691, "delta": 124.225522}}
{"target": 0.0009041114510994763, "params": {"gamma": 79.62348781325778, "log10_alpha": -2.2215545256602107, "log10_colsample_bytree": -0.1021341288551798, "log10_eta": -1.0906182086183822, "log10_lambda": -2.32043014894565, "log10_min_child_weight": 0.8265557072197888, "log10_subsample": -0.795273648422349, "max_depth": 5.0}, "datetime": {"datetime": "2024-01-17 16:50:09", "elapsed": 12324.418851, "delta": 35.65016}}
{"target": 0.00029544946532525374, "params": {"gamma": 69.82284888986442, "log10_alpha": -1.9234327296383067, "log10_colsample_bytree": -0.12926528393532455, "log10_eta": -2.639497371231337, "log10_lambda": 0.7088205741850553, "log10_min_child_weight": 1.3895134870787067, "log10_subsample": -0.065101098244154, "max_depth": 3.0}, "datetime": {"datetime": "2024-01-17 16:51:37", "elapsed": 12412.466146, "delta": 88.047295}}
{"target": 0.001134411444018324, "params": {"gamma": 79.80025720765703, "log10_alpha": -3.399628831369136, "log10_colsample_bytree": -0.6433635029942597, "log10_eta": -2.381626232011895, "log10_lambda": -4.30203314309937, "log10_min_child_weight": 0.5453102250884612, "log10_subsample": -0.40241352673984687, "max_depth": 8.0}, "datetime": {"datetime": "2024-01-17 16:53:09", "elapsed": 12503.66562, "delta": 91.199474}}
{"target": 0.0015408975961705706, "params": {"gamma": 80.58084256258721, "log10_alpha": -2.856128450378038, "log10_colsample_bytree": -0.05246620752651954, "log10_eta": -1.9091732795507248, "log10_lambda": -1.8897107008558103, "log10_min_child_weight": 1.402109493522206, "log10_subsample": -0.9398444514086775, "max_depth": 6.0}, "datetime": {"datetime": "2024-01-17 16:53:55", "elapsed": 12549.633476, "delta": 45.967856}}
{"target": 0.0008510569385193345, "params": {"gamma": 79.68672391603755, "log10_alpha": -4.3239913395477245, "log10_colsample_bytree": -0.11455416103475824, "log10_eta": -3.2058907347101364, "log10_lambda": -2.1624051946860634, "log10_min_child_weight": 1.2697400534364194, "log10_subsample": -0.43977378383688825, "max_depth": 7.0}, "datetime": {"datetime": "2024-01-17 16:58:00", "elapsed": 12795.236598, "delta": 245.603122}}
{"target": 0.0010151031724175696, "params": {"gamma": 79.23199522886813, "log10_alpha": -3.0199417795678327, "log10_colsample_bytree": -0.21815140788250065, "log10_eta": -2.2312072308313478, "log10_lambda": -3.4794130485442762, "log10_min_child_weight": 0.7215796459276241, "log10_subsample": -0.4316540296767545, "max_depth": 8.0}, "datetime": {"datetime": "2024-01-17 16:59:28", "elapsed": 12883.435002, "delta": 88.198404}}
{"target": 0.0007729578403384563, "params": {"gamma": 79.92145493751897, "log10_alpha": -3.8612548203642074, "log10_colsample_bytree": -0.050008039127526605, "log10_eta": -1.8413243816468619, "log10_lambda": -3.572456375104313, "log10_min_child_weight": 1.1392892048454666, "log10_subsample": -0.35696299149425104, "max_depth": 8.0}, "datetime": {"datetime": "2024-01-17 17:00:22", "elapsed": 12937.063112, "delta": 53.62811}}
{"target": 0.0004635625496402507, "params": {"gamma": 79.50048672585898, "log10_alpha": -2.6706559070821125, "log10_colsample_bytree": -0.761569732845687, "log10_eta": -1.9611672691683855, "log10_lambda": -4.90595508174312, "log10_min_child_weight": 0.09392896845816068, "log10_subsample": -0.21795529751611908, "max_depth": 3.0}, "datetime": {"datetime": "2024-01-17 17:01:12", "elapsed": 12987.272572, "delta": 50.20946}}
{"target": -0.00034005392803959644, "params": {"gamma": 64.23581877210461, "log10_alpha": -0.9810670510599069, "log10_colsample_bytree": -0.21720763492219686, "log10_eta": -2.1916362780913072, "log10_lambda": -3.4133201980210375, "log10_min_child_weight": 3.6410982801440843, "log10_subsample": -0.05484653929995553, "max_depth": 5.0}, "datetime": {"datetime": "2024-01-17 17:02:03", "elapsed": 13038.285562, "delta": 51.01299}}
{"target": 0.0010018450777593835, "params": {"gamma": 80.61409374397257, "log10_alpha": -3.6857794074070975, "log10_colsample_bytree": -0.18157218791536867, "log10_eta": -1.848149515685514, "log10_lambda": -1.8077971496340375, "log10_min_child_weight": 1.1708651792077096, "log10_subsample": -0.9047736947572522, "max_depth": 6.0}, "datetime": {"datetime": "2024-01-17 17:02:50", "elapsed": 13084.552949, "delta": 46.267387}}
{"target": 0.0008969563579734607, "params": {"gamma": 79.97583414364044, "log10_alpha": -2.6886255446246405, "log10_colsample_bytree": -0.2115717105856535, "log10_eta": -2.2701934011630542, "log10_lambda": -2.940571614175436, "log10_min_child_weight": 0.022076935945108955, "log10_subsample": -0.6316224138904596, "max_depth": 5.0}, "datetime": {"datetime": "2024-01-17 17:03:59", "elapsed": 13153.78462, "delta": 69.231671}}
{"target": 0.0008928731824887348, "params": {"gamma": 79.20075007425385, "log10_alpha": -4.163227993798952, "log10_colsample_bytree": -0.15238387308496137, "log10_eta": -3.176322215908467, "log10_lambda": -2.0312327419049625, "log10_min_child_weight": 1.9235239412313043, "log10_subsample": -0.7401538646783805, "max_depth": 7.0}, "datetime": {"datetime": "2024-01-17 17:07:36", "elapsed": 13370.86206, "delta": 217.07744}}
{"target": 0.0007727472909434541, "params": {"gamma": 77.36380633869838, "log10_alpha": -1.1641589929847669, "log10_colsample_bytree": -0.3309359481372396, "log10_eta": -1.8293886104344748, "log10_lambda": -4.049356711556637, "log10_min_child_weight": 1.3378051152720083, "log10_subsample": -0.2843812947229619, "max_depth": 6.0}, "datetime": {"datetime": "2024-01-17 17:08:22", "elapsed": 13417.460112, "delta": 46.598052}}
{"target": 8.318022345848997e-05, "params": {"gamma": 5.447276145540103, "log10_alpha": -1.5903442944214925, "log10_colsample_bytree": -0.9192519825225243, "log10_eta": -1.6421060881272433, "log10_lambda": -1.1869120115613274, "log10_min_child_weight": 2.9374599450248304, "log10_subsample": -0.11787095681617787, "max_depth": 6.0}, "datetime": {"datetime": "2024-01-17 17:09:02", "elapsed": 13457.19326, "delta": 39.733148}}
{"target": 0.0002498919276474054, "params": {"gamma": 27.888933809146177, "log10_alpha": -2.9384921094921754, "log10_colsample_bytree": -0.21942038290313037, "log10_eta": -3.274351084275319, "log10_lambda": -0.19770863669276828, "log10_min_child_weight": 0.34248961041668413, "log10_subsample": -0.5291206841355517, "max_depth": 5.0}, "datetime": {"datetime": "2024-01-17 17:11:49", "elapsed": 13623.716016, "delta": 166.522756}}
{"target": 0.0013611191705776293, "params": {"gamma": 79.10082357925509, "log10_alpha": -2.624327197138732, "log10_colsample_bytree": -0.2825683860999054, "log10_eta": -1.9942606592293943, "log10_lambda": -3.414300004598725, "log10_min_child_weight": 0.5046407490373667, "log10_subsample": -0.9168874253504984, "max_depth": 4.0}, "datetime": {"datetime": "2024-01-17 17:12:47", "elapsed": 13681.899071, "delta": 58.183055}}
{"target": 0.00016578353424567815, "params": {"gamma": 39.47806175794087, "log10_alpha": -1.2910876625185224, "log10_colsample_bytree": -0.8440329307215353, "log10_eta": -1.0758864414277012, "log10_lambda": -2.1320426599292484, "log10_min_child_weight": 3.4040410123447384, "log10_subsample": -0.5243182921428099, "max_depth": 3.0}, "datetime": {"datetime": "2024-01-17 17:13:23", "elapsed": 13718.087256, "delta": 36.188185}}
{"target": 0.0011441950323739791, "params": {"gamma": 76.89287816120172, "log10_alpha": 0.27597571476967975, "log10_colsample_bytree": -0.5651371775255929, "log10_eta": -1.4833143769891821, "log10_lambda": -3.126777298793815, "log10_min_child_weight": 2.034382794655845, "log10_subsample": -0.21076256481931643, "max_depth": 6.0}, "datetime": {"datetime": "2024-01-17 17:14:06", "elapsed": 13761.256073, "delta": 43.168817}}
{"target": 0.0006504906193155469, "params": {"gamma": 77.96624764751357, "log10_alpha": -1.8159778744750996, "log10_colsample_bytree": -0.19991434225765747, "log10_eta": -2.4110827846070255, "log10_lambda": -2.6329893793462404, "log10_min_child_weight": 1.450765485387378, "log10_subsample": -0.24408972436500764, "max_depth": 6.0}, "datetime": {"datetime": "2024-01-17 17:15:11", "elapsed": 13825.624114, "delta": 64.368041}}
{"target": 0.0015758386596351204, "params": {"gamma": 38.67354720976803, "log10_alpha": 0.745228025423966, "log10_colsample_bytree": -0.6591854224667301, "log10_eta": -1.4918015585299407, "log10_lambda": -2.5566774245303705, "log10_min_child_weight": 0.44427049117301776, "log10_subsample": -0.06636666685698756, "max_depth": 6.0}, "datetime": {"datetime": "2024-01-17 17:15:56", "elapsed": 13870.837127, "delta": 45.213013}}
{"target": -0.00019982334579704553, "params": {"gamma": 34.31052700268917, "log10_alpha": -0.946215110168886, "log10_colsample_bytree": -0.868429898690206, "log10_eta": -1.9943136683636076, "log10_lambda": -1.2874967213213955, "log10_min_child_weight": 2.557453161534107, "log10_subsample": -0.711188409954605, "max_depth": 6.0}, "datetime": {"datetime": "2024-01-17 17:16:42", "elapsed": 13916.541233, "delta": 45.704106}}
{"target": 0.0007875775462178047, "params": {"gamma": 79.90927400573077, "log10_alpha": -4.743147667181489, "log10_colsample_bytree": -0.013382156635625697, "log10_eta": -3.2336698753546553, "log10_lambda": -3.021084376434154, "log10_min_child_weight": 1.3721618041143957, "log10_subsample": -0.7357228359221253, "max_depth": 9.0}, "datetime": {"datetime": "2024-01-17 17:20:42", "elapsed": 14157.43605, "delta": 240.894817}}
{"target": 0.0008126569097525738, "params": {"gamma": 76.88671461113897, "log10_alpha": -0.06770506339166271, "log10_colsample_bytree": -0.3046019209581383, "log10_eta": -2.226379674064976, "log10_lambda": -3.939945309078095, "log10_min_child_weight": 1.343997463152526, "log10_subsample": -0.044269898860827106, "max_depth": 6.0}, "datetime": {"datetime": "2024-01-17 17:21:44", "elapsed": 14218.644519, "delta": 61.208469}}
{"target": -0.0005474640392896246, "params": {"gamma": 22.977409336094002, "log10_alpha": 0.11546797596726499, "log10_colsample_bytree": -0.3128910957160089, "log10_eta": -1.7224113906617897, "log10_lambda": -2.78710116437152, "log10_min_child_weight": 3.1116315200421782, "log10_subsample": -0.9916406849656652, "max_depth": 4.0}, "datetime": {"datetime": "2024-01-17 17:22:24", "elapsed": 14258.653564, "delta": 40.009045}}
{"target": 0.001451495442418238, "params": {"gamma": 78.17467130092616, "log10_alpha": -1.2363364142742679, "log10_colsample_bytree": -0.8545576365740571, "log10_eta": -1.6381185816385857, "log10_lambda": -2.703346408577439, "log10_min_child_weight": 0.1393325044279986, "log10_subsample": -0.11746835019590707, "max_depth": 6.0}, "datetime": {"datetime": "2024-01-17 17:23:15", "elapsed": 14309.800204, "delta": 51.14664}}
{"target": 0.00036399642556406153, "params": {"gamma": 80.13208343320987, "log10_alpha": -2.671137982368565, "log10_colsample_bytree": -0.2418530716996199, "log10_eta": -2.1667247076582785, "log10_lambda": -1.4424686301817555, "log10_min_child_weight": 2.6151194986804924, "log10_subsample": -0.2950670389165365, "max_depth": 6.0}, "datetime": {"datetime": "2024-01-17 17:24:12", "elapsed": 14367.42298, "delta": 57.622776}}
{"target": 0.0008259691519280077, "params": {"gamma": 79.88034307496643, "log10_alpha": -3.540708261084518, "log10_colsample_bytree": -0.5245727426701187, "log10_eta": -1.1893448262540032, "log10_lambda": -4.7398633127052, "log10_min_child_weight": 0.40153677265217014, "log10_subsample": -0.9201185557244178, "max_depth": 6.0}, "datetime": {"datetime": "2024-01-17 17:24:51", "elapsed": 14406.07391, "delta": 38.65093}}
{"target": 0.0009920780584684874, "params": {"gamma": 80.63227586575928, "log10_alpha": -2.3371475695074433, "log10_colsample_bytree": -0.24654629974436726, "log10_eta": -1.794287658096585, "log10_lambda": -1.9137711867707683, "log10_min_child_weight": 1.4072645907125103, "log10_subsample": -0.6519929503711264, "max_depth": 6.0}, "datetime": {"datetime": "2024-01-17 17:25:42", "elapsed": 14457.042917, "delta": 50.969007}}
{"target": 0.001741404539913033, "params": {"gamma": 75.83012562413595, "log10_alpha": 0.5759930701014344, "log10_colsample_bytree": -0.4732846602413275, "log10_eta": -1.7276274559335238, "log10_lambda": -2.6659828100480616, "log10_min_child_weight": 2.254920803709545, "log10_subsample": -0.04320008989801966, "max_depth": 5.0}, "datetime": {"datetime": "2024-01-17 17:26:33", "elapsed": 14507.719833, "delta": 50.676916}}
{"target": 1.6828685929171083e-05, "params": {"gamma": 75.87015679729315, "log10_alpha": 0.28630966174491146, "log10_colsample_bytree": -0.32892509787440083, "log10_eta": -2.1724580940287774, "log10_lambda": -2.367400995682691, "log10_min_child_weight": 2.682606124098099, "log10_subsample": -0.2174409604935318, "max_depth": 5.0}, "datetime": {"datetime": "2024-01-17 17:27:25", "elapsed": 14559.776059, "delta": 52.056226}}
