{"target": 0.0012879955664798215, "params": {"gamma": 80.04945441372013, "log10_alpha": -4.408410451054776, "log10_colsample_bytree": -0.4641868609148806, "log10_eta": -2.08996996722955, "log10_lambda": -4.046485091290381, "log10_min_child_weight": 1.4122180007216656, "log10_subsample": -0.4573840543790998, "max_depth": 9.0}, "datetime": {"datetime": "2024-01-17 21:12:47", "elapsed": 28082.367818, "delta": 65.426388}}
{"target": 0.0012765951387468943, "params": {"gamma": 79.74671841438983, "log10_alpha": -2.499271029397823, "log10_colsample_bytree": -0.7890682390096418, "log10_eta": -1.8497082308495596, "log10_lambda": -2.6495480479942, "log10_min_child_weight": 0.12104872625998242, "log10_subsample": -0.5696263121364828, "max_depth": 7.0}, "datetime": {"datetime": "2024-01-17 21:13:41", "elapsed": 28136.076659, "delta": 53.708841}}
{"target": 0.0014116718613899348, "params": {"gamma": 80.1167345968289, "log10_alpha": -3.6041840679274326, "log10_colsample_bytree": -0.3150167084100941, "log10_eta": -2.6572416691760994, "log10_lambda": -4.076906678737183, "log10_min_child_weight": 1.0069371624885581, "log10_subsample": -0.9172557651734824, "max_depth": 8.0}, "datetime": {"datetime": "2024-01-17 21:15:48", "elapsed": 28262.998024, "delta": 126.921365}}
{"target": 2.0161720790029536e-05, "params": {"gamma": 39.45090113552212, "log10_alpha": 0.559170155847287, "log10_colsample_bytree": -0.18940741424486252, "log10_eta": -1.2951887648846645, "log10_lambda": -2.7705282501372372, "log10_min_child_weight": 0.03488528806167568, "log10_subsample": -0.3889201734982394, "max_depth": 6.0}, "datetime": {"datetime": "2024-01-17 21:16:24", "elapsed": 28298.76776, "delta": 35.769736}}
{"target": 0.0008437740057100629, "params": {"gamma": 78.58332029415192, "log10_alpha": -3.1677079942360318, "log10_colsample_bytree": -0.5234135631223864, "log10_eta": -2.1581559606693603, "log10_lambda": -4.544087089990777, "log10_min_child_weight": 0.17468662806996382, "log10_subsample": -0.07481553718267364, "max_depth": 4.0}, "datetime": {"datetime": "2024-01-17 21:17:24", "elapsed": 28358.600647, "delta": 59.832887}}
{"target": 0.001108285444397561, "params": {"gamma": 81.20425057110224, "log10_alpha": -1.640424958459981, "log10_colsample_bytree": -0.7126600050478411, "log10_eta": -1.3125984082963935, "log10_lambda": -3.4887269464334008, "log10_min_child_weight": 0.8429154187304599, "log10_subsample": -0.38620449951180635, "max_depth": 7.0}, "datetime": {"datetime": "2024-01-17 21:18:06", "elapsed": 28400.86404, "delta": 42.263393}}
{"target": 0.0008973091935187694, "params": {"gamma": 78.51228569221456, "log10_alpha": -1.4447543184795468, "log10_colsample_bytree": -0.33762944129756656, "log10_eta": -2.1382053046124376, "log10_lambda": -3.7936745341441056, "log10_min_child_weight": 1.6344048545568453, "log10_subsample": -0.1102449877420496, "max_depth": 6.0}, "datetime": {"datetime": "2024-01-17 21:19:03", "elapsed": 28457.977633, "delta": 57.113593}}
{"target": 0.001238839972817568, "params": {"gamma": 79.85407197979943, "log10_alpha": -2.3125184584754277, "log10_colsample_bytree": -0.09338957729680586, "log10_eta": -2.4804871194540006, "log10_lambda": -3.8207251631741608, "log10_min_child_weight": 1.233829385417966, "log10_subsample": -0.6398561894553169, "max_depth": 7.0}, "datetime": {"datetime": "2024-01-17 21:20:33", "elapsed": 28547.683284, "delta": 89.705651}}
{"target": 0.0008753079170650824, "params": {"gamma": 79.57227430198014, "log10_alpha": -3.0527966404880913, "log10_colsample_bytree": -0.8585102074684329, "log10_eta": -1.7507401398186482, "log10_lambda": -4.343828744756651, "log10_min_child_weight": 0.5724102550968696, "log10_subsample": -0.9317611608905663, "max_depth": 4.0}, "datetime": {"datetime": "2024-01-17 21:21:21", "elapsed": 28596.214699, "delta": 48.531415}}
{"target": 0.001790248540677497, "params": {"gamma": 80.19042178194543, "log10_alpha": -1.2238688838882044, "log10_colsample_bytree": -0.210928432357128, "log10_eta": -2.2607768868346874, "log10_lambda": -4.121362263873393, "log10_min_child_weight": 0.9449000411896574, "log10_subsample": -0.9072200973033807, "max_depth": 7.0}, "datetime": {"datetime": "2024-01-17 21:22:42", "elapsed": 28676.808903, "delta": 80.594204}}
{"target": 0.001525407248521432, "params": {"gamma": 79.40620489712637, "log10_alpha": -3.764609906745088, "log10_colsample_bytree": -0.01780099891636422, "log10_eta": -2.9664527360045554, "log10_lambda": -4.259773422025292, "log10_min_child_weight": 1.4313161011461513, "log10_subsample": -0.9138513240584621, "max_depth": 9.0}, "datetime": {"datetime": "2024-01-17 21:26:32", "elapsed": 28907.045137, "delta": 230.236234}}
{"target": 0.00032228796967789797, "params": {"gamma": 79.67323332911764, "log10_alpha": -3.1998612799247477, "log10_colsample_bytree": -0.7613965935398248, "log10_eta": -2.434331910515613, "log10_lambda": -4.823342055304658, "log10_min_child_weight": 0.6908451151127137, "log10_subsample": -0.7788846358281659, "max_depth": 6.0}, "datetime": {"datetime": "2024-01-17 21:27:33", "elapsed": 28968.055534, "delta": 61.010397}}
{"target": 0.0001785150471174668, "params": {"gamma": 80.93311652277382, "log10_alpha": -1.8595020109133555, "log10_colsample_bytree": -0.5085497437034247, "log10_eta": -1.2490379662442619, "log10_lambda": -4.5905116529869305, "log10_min_child_weight": 0.6476224009071929, "log10_subsample": -0.7919446271553301, "max_depth": 7.0}, "datetime": {"datetime": "2024-01-17 21:28:12", "elapsed": 29007.300121, "delta": 39.244587}}
{"target": 0.0014950292633410522, "params": {"gamma": 80.06258160470557, "log10_alpha": -0.5925550190152045, "log10_colsample_bytree": -0.49430263675612773, "log10_eta": -2.2964907403115236, "log10_lambda": -4.566018580492642, "log10_min_child_weight": 1.2680802312755746, "log10_subsample": -0.9021443768315158, "max_depth": 6.0}, "datetime": {"datetime": "2024-01-17 21:29:25", "elapsed": 29080.23654, "delta": 72.936419}}
{"target": 0.0009605861584671416, "params": {"gamma": 79.4242772258412, "log10_alpha": -3.022041096800752, "log10_colsample_bytree": -0.18699696678483824, "log10_eta": -2.097727265437042, "log10_lambda": -3.557406608330618, "log10_min_child_weight": 0.9787115621562015, "log10_subsample": -0.7979574230971525, "max_depth": 5.0}, "datetime": {"datetime": "2024-01-17 21:30:14", "elapsed": 29128.807343, "delta": 48.570803}}
{"target": 0.0015403301136210357, "params": {"gamma": 77.53672449318569, "log10_alpha": -0.0497100152701637, "log10_colsample_bytree": -0.3224405723765048, "log10_eta": -1.8655584227442799, "log10_lambda": -4.327760398826715, "log10_min_child_weight": 1.4294810644795481, "log10_subsample": -1.0, "max_depth": 5.0}, "datetime": {"datetime": "2024-01-17 21:31:01", "elapsed": 29175.890769, "delta": 47.083426}}
{"target": 0.0019057926756173016, "params": {"gamma": 79.49254586447915, "log10_alpha": -3.9632334747434648, "log10_colsample_bytree": -0.05192786421353755, "log10_eta": -2.156476557640188, "log10_lambda": -3.4976909657347326, "log10_min_child_weight": 1.4902386971916497, "log10_subsample": -1.0, "max_depth": 8.0}, "datetime": {"datetime": "2024-01-17 21:32:09", "elapsed": 29244.160126, "delta": 68.269357}}
{"target": 0.0012497289080528329, "params": {"gamma": 80.44916446503095, "log10_alpha": -2.939768064943359, "log10_colsample_bytree": -0.252562678323355, "log10_eta": -2.8595074096719593, "log10_lambda": -4.138890591081481, "log10_min_child_weight": 0.6957077871606354, "log10_subsample": -0.9711653198492217, "max_depth": 8.0}, "datetime": {"datetime": "2024-01-17 21:35:08", "elapsed": 29422.819022, "delta": 178.658896}}
{"target": 0.0015986102685918435, "params": {"gamma": 79.62717826577843, "log10_alpha": -2.634957422478068, "log10_colsample_bytree": -0.3741025768441933, "log10_eta": -1.8386975894855464, "log10_lambda": -1.6488759287118453, "log10_min_child_weight": 1.439775929642589, "log10_subsample": -1.0, "max_depth": 6.0}, "datetime": {"datetime": "2024-01-17 21:35:58", "elapsed": 29472.839469, "delta": 50.020447}}
{"target": 0.0017405384182693773, "params": {"gamma": 79.86922768299839, "log10_alpha": -1.4101395062063902, "log10_colsample_bytree": -0.1950070858440122, "log10_eta": -2.2705989322493716, "log10_lambda": -4.013039979614597, "log10_min_child_weight": 1.6102115882867891, "log10_subsample": -1.0, "max_depth": 6.0}, "datetime": {"datetime": "2024-01-17 21:37:16", "elapsed": 29550.563108, "delta": 77.723639}}
{"target": 0.0013689624665788047, "params": {"gamma": 78.35320569354629, "log10_alpha": -1.3509004479991091, "log10_colsample_bytree": -0.5329321937963911, "log10_eta": -1.5880057736026254, "log10_lambda": -2.8220392191918755, "log10_min_child_weight": 0.4563109320993197, "log10_subsample": -0.18396427248101832, "max_depth": 6.0}, "datetime": {"datetime": "2024-01-17 21:38:00", "elapsed": 29595.474473, "delta": 44.911365}}
{"target": 0.001348397298559345, "params": {"gamma": 80.4939794253609, "log10_alpha": -3.852269904405492, "log10_colsample_bytree": -0.4126014255680006, "log10_eta": -2.527474520329202, "log10_lambda": -3.526814961450828, "log10_min_child_weight": 1.6392375106042878, "log10_subsample": -0.3905673064638495, "max_depth": 9.0}, "datetime": {"datetime": "2024-01-17 21:39:50", "elapsed": 29704.677695, "delta": 109.203222}}
{"target": 0.0012572828209012343, "params": {"gamma": 80.97972774994264, "log10_alpha": -0.41981973185754295, "log10_colsample_bytree": -0.8252490436235834, "log10_eta": -2.2688100621321454, "log10_lambda": -3.8367204748026102, "log10_min_child_weight": 1.2752078457155975, "log10_subsample": -0.8468865801019178, "max_depth": 6.0}, "datetime": {"datetime": "2024-01-17 21:41:11", "elapsed": 29786.353076, "delta": 81.675381}}
{"target": 0.0006133146061711447, "params": {"gamma": 80.12081165429517, "log10_alpha": -1.0738764384429338, "log10_colsample_bytree": -0.7857292063291896, "log10_eta": -2.147621236385493, "log10_lambda": -4.199899565362089, "log10_min_child_weight": 1.1824493126351843, "log10_subsample": -0.741090062550296, "max_depth": 5.0}, "datetime": {"datetime": "2024-01-17 21:42:06", "elapsed": 29841.276875, "delta": 54.923799}}
{"target": 0.0013045169831815417, "params": {"gamma": 79.18908660233225, "log10_alpha": -4.061501865575686, "log10_colsample_bytree": -0.14305452881348568, "log10_eta": -2.7527183545005536, "log10_lambda": -3.7154143854887476, "log10_min_child_weight": 1.7611349066437536, "log10_subsample": -0.6370316083846055, "max_depth": 7.0}, "datetime": {"datetime": "2024-01-17 21:44:11", "elapsed": 29965.686551, "delta": 124.409676}}
{"target": 0.0013972047487675332, "params": {"gamma": 80.92462991129368, "log10_alpha": -2.147512255971529, "log10_colsample_bytree": -0.05820874876400761, "log10_eta": -3.070203066680346, "log10_lambda": -3.810808934176395, "log10_min_child_weight": 1.7692128150250641, "log10_subsample": -0.5311500708118018, "max_depth": 8.0}, "datetime": {"datetime": "2024-01-17 21:48:12", "elapsed": 30207.126622, "delta": 241.440071}}
{"target": 0.0013268927238658246, "params": {"gamma": 79.28767589836102, "log10_alpha": -0.437524286399781, "log10_colsample_bytree": -0.39270666435072565, "log10_eta": -2.3256318956984434, "log10_lambda": -4.13600585987597, "log10_min_child_weight": 1.5412332124997614, "log10_subsample": -0.684896667087663, "max_depth": 7.0}, "datetime": {"datetime": "2024-01-17 21:49:30", "elapsed": 30285.210038, "delta": 78.083416}}
{"target": 0.000521492691995501, "params": {"gamma": 80.06298710033585, "log10_alpha": -1.3002381966175998, "log10_colsample_bytree": -0.09800088426074782, "log10_eta": -1.6102710776168445, "log10_lambda": -3.7367869933652775, "log10_min_child_weight": 0.5908671371221857, "log10_subsample": -0.6196008887389279, "max_depth": 7.0}, "datetime": {"datetime": "2024-01-17 21:50:14", "elapsed": 30329.146999, "delta": 43.936961}}
{"target": 0.0012265076897444438, "params": {"gamma": 80.18500427492593, "log10_alpha": -2.813918147860531, "log10_colsample_bytree": -0.11971880088796105, "log10_eta": -2.1811607529629047, "log10_lambda": -3.5387322309126414, "log10_min_child_weight": 0.903793019940437, "log10_subsample": -0.915008048605237, "max_depth": 6.0}, "datetime": {"datetime": "2024-01-17 21:51:19", "elapsed": 30394.430481, "delta": 65.283482}}
{"target": 0.001521372057891962, "params": {"gamma": 81.09467323014067, "log10_alpha": -0.6991755538231406, "log10_colsample_bytree": -0.05473825933206211, "log10_eta": -2.90675525760459, "log10_lambda": -3.93473986430121, "log10_min_child_weight": 1.2383184739080522, "log10_subsample": -0.9183204796626901, "max_depth": 6.0}, "datetime": {"datetime": "2024-01-17 21:54:25", "elapsed": 30579.892554, "delta": 185.462073}}
{"target": 0.0015570686399086764, "params": {"gamma": 78.85155300153357, "log10_alpha": -1.0786996252285164, "log10_colsample_bytree": -0.17337733572464198, "log10_eta": -2.1828152542733585, "log10_lambda": -3.443651603023949, "log10_min_child_weight": 1.2741222664534106, "log10_subsample": -0.6881957063153675, "max_depth": 6.0}, "datetime": {"datetime": "2024-01-17 21:55:36", "elapsed": 30651.401714, "delta": 71.50916}}
{"target": -0.000164648077542906, "params": {"gamma": 80.81363292127263, "log10_alpha": 0.17147262908464533, "log10_colsample_bytree": -0.7849224216745213, "log10_eta": -2.6072337518283377, "log10_lambda": -4.751130683053576, "log10_min_child_weight": 1.8592584514118498, "log10_subsample": -0.7251641692523462, "max_depth": 5.0}, "datetime": {"datetime": "2024-01-17 21:56:42", "elapsed": 30716.936858, "delta": 65.535144}}
{"target": 0.0015790980897649742, "params": {"gamma": 79.77145415661042, "log10_alpha": -0.3469349611988397, "log10_colsample_bytree": -0.31093719107001194, "log10_eta": -2.086226453609261, "log10_lambda": -4.653435036836988, "log10_min_child_weight": 1.2951076025726365, "log10_subsample": -0.6986687674961615, "max_depth": 6.0}, "datetime": {"datetime": "2024-01-17 21:57:48", "elapsed": 30783.424972, "delta": 66.488114}}
{"target": 0.0018001898815871165, "params": {"gamma": 79.44890920022914, "log10_alpha": -4.0073593939922745, "log10_colsample_bytree": -0.014432673198000425, "log10_eta": -2.1297255635675145, "log10_lambda": -3.4584328958779005, "log10_min_child_weight": 1.4844898261286983, "log10_subsample": -1.0, "max_depth": 8.0}, "datetime": {"datetime": "2024-01-17 21:58:55", "elapsed": 30850.237724, "delta": 66.812752}}
{"target": 0.0013483753402578902, "params": {"gamma": 80.4287078191186, "log10_alpha": -2.203794674388905, "log10_colsample_bytree": -0.5713798247235334, "log10_eta": -2.667077170819285, "log10_lambda": -3.7405199533590974, "log10_min_child_weight": 0.724508330358451, "log10_subsample": -0.8770066205968384, "max_depth": 8.0}, "datetime": {"datetime": "2024-01-17 22:01:21", "elapsed": 30995.794175, "delta": 145.556451}}
{"target": 0.0009256970810845311, "params": {"gamma": 80.06953153875106, "log10_alpha": -1.2269172165977413, "log10_colsample_bytree": -0.5509660791487133, "log10_eta": -2.1916116781817463, "log10_lambda": -4.144520305465784, "log10_min_child_weight": 1.7633315072323263, "log10_subsample": -0.586705614490327, "max_depth": 7.0}, "datetime": {"datetime": "2024-01-17 22:02:30", "elapsed": 31065.002105, "delta": 69.20793}}
{"target": 0.001151353568828034, "params": {"gamma": 81.18868642544757, "log10_alpha": -2.8000774004226376, "log10_colsample_bytree": -0.07122282894142629, "log10_eta": -3.0116911277697587, "log10_lambda": -3.5535956198403262, "log10_min_child_weight": 1.1476518179043897, "log10_subsample": -0.7408012181827832, "max_depth": 9.0}, "datetime": {"datetime": "2024-01-17 22:06:44", "elapsed": 31319.386825, "delta": 254.38472}}
{"target": 0.0006941769300129186, "params": {"gamma": 95.07233134241292, "log10_alpha": -4.697640367486853, "log10_colsample_bytree": -0.03459839657922559, "log10_eta": -1.7358868249539086, "log10_lambda": -4.069512676849081, "log10_min_child_weight": 2.346232675249787, "log10_subsample": -0.5862508317330966, "max_depth": 5.0}, "datetime": {"datetime": "2024-01-17 22:07:29", "elapsed": 31363.949769, "delta": 44.562944}}
{"target": 0.0012449596967472054, "params": {"gamma": 78.93046268767327, "log10_alpha": -3.079874419596621, "log10_colsample_bytree": -0.7328798300930752, "log10_eta": -1.9084517591408279, "log10_lambda": -3.9602158380722754, "log10_min_child_weight": 0.31418123862935243, "log10_subsample": -0.9799994548569685, "max_depth": 8.0}, "datetime": {"datetime": "2024-01-17 22:08:38", "elapsed": 31432.805194, "delta": 68.855425}}
{"target": 0.0006589350401919047, "params": {"gamma": 80.44818179611282, "log10_alpha": -0.2469446907158197, "log10_colsample_bytree": -0.32085790203381437, "log10_eta": -2.9488425423280047, "log10_lambda": -3.3159968091131393, "log10_min_child_weight": 0.7822356973805783, "log10_subsample": -0.739669141062371, "max_depth": 6.0}, "datetime": {"datetime": "2024-01-17 22:11:04", "elapsed": 31579.053087, "delta": 146.247893}}
{"target": 0.0015392883828153348, "params": {"gamma": 79.95042188738807, "log10_alpha": -1.8502735406701198, "log10_colsample_bytree": -0.05739441698375036, "log10_eta": -1.829206050415162, "log10_lambda": -3.6197047017136446, "log10_min_child_weight": 1.2684812508522554, "log10_subsample": -0.802244570994171, "max_depth": 5.0}, "datetime": {"datetime": "2024-01-17 22:11:55", "elapsed": 31629.866181, "delta": 50.813094}}
{"target": 0.0005640297701018926, "params": {"gamma": 79.3289064266813, "log10_alpha": -2.5018334608147517, "log10_colsample_bytree": -0.35533432208796345, "log10_eta": -2.1586799557549616, "log10_lambda": -4.011500319380118, "log10_min_child_weight": 0.424043871210274, "log10_subsample": -0.4731563540924447, "max_depth": 3.0}, "datetime": {"datetime": "2024-01-17 22:12:55", "elapsed": 31689.649993, "delta": 59.783812}}
{"target": 0.0010289869410602115, "params": {"gamma": 80.2934177952661, "log10_alpha": -3.8973015884284194, "log10_colsample_bytree": -0.12064067239294296, "log10_eta": -2.3362360986419675, "log10_lambda": -4.177957284207311, "log10_min_child_weight": 2.299958074978145, "log10_subsample": -0.02568881896170272, "max_depth": 7.0}, "datetime": {"datetime": "2024-01-17 22:14:11", "elapsed": 31766.300392, "delta": 76.650399}}
{"target": 0.0012082672813308326, "params": {"gamma": 80.09862324584309, "log10_alpha": -3.862183158272221, "log10_colsample_bytree": -0.5178447841451481, "log10_eta": -2.5689364892644604, "log10_lambda": -4.210564104906946, "log10_min_child_weight": 1.806578144422752, "log10_subsample": -0.3814700055785192, "max_depth": 9.0}, "datetime": {"datetime": "2024-01-17 22:16:28", "elapsed": 31903.345918, "delta": 137.045526}}
{"target": 0.0015061487494618109, "params": {"gamma": 80.53022688992598, "log10_alpha": -3.434688421182682, "log10_colsample_bytree": -0.40964587338997394, "log10_eta": -1.4456611339362628, "log10_lambda": -3.8209522050893128, "log10_min_child_weight": 1.8584062936689139, "log10_subsample": -0.626750958709929, "max_depth": 9.0}, "datetime": {"datetime": "2024-01-17 22:17:14", "elapsed": 31949.270475, "delta": 45.924557}}
{"target": 0.0011350878139720633, "params": {"gamma": 80.32996820324757, "log10_alpha": -2.610556765417147, "log10_colsample_bytree": -0.7463394483318032, "log10_eta": -2.126515250946508, "log10_lambda": -4.213701028162062, "log10_min_child_weight": 0.5076244728550261, "log10_subsample": -0.908802798395902, "max_depth": 6.0}, "datetime": {"datetime": "2024-01-17 22:18:22", "elapsed": 32016.657869, "delta": 67.387394}}
{"target": 0.0020028507300814957, "params": {"gamma": 80.15345680216225, "log10_alpha": -3.701859530092193, "log10_colsample_bytree": -0.4674464377332227, "log10_eta": -2.1942659197733225, "log10_lambda": -4.975099086388154, "log10_min_child_weight": 1.4995013166802196, "log10_subsample": -0.8747481888542243, "max_depth": 9.0}, "datetime": {"datetime": "2024-01-17 22:19:53", "elapsed": 32107.989816, "delta": 91.331947}}
{"target": 0.0018709244295423422, "params": {"gamma": 79.96153289668467, "log10_alpha": -0.5951085016878519, "log10_colsample_bytree": -0.5468427458927633, "log10_eta": -1.6980577324105095, "log10_lambda": -4.739502832543596, "log10_min_child_weight": 0.48410557552510447, "log10_subsample": -0.9813405216861821, "max_depth": 7.0}, "datetime": {"datetime": "2024-01-17 22:20:47", "elapsed": 32162.160817, "delta": 54.171001}}
{"target": 0.0013166238748306691, "params": {"gamma": 80.6049644522525, "log10_alpha": -0.32320238252502165, "log10_colsample_bytree": -0.30984863395710893, "log10_eta": -1.764950809407079, "log10_lambda": -4.372342757108575, "log10_min_child_weight": 1.3299391141863386, "log10_subsample": -0.5044938494150473, "max_depth": 6.0}, "datetime": {"datetime": "2024-01-17 22:21:36", "elapsed": 32211.329731, "delta": 49.168914}}
{"target": -0.00043330495030191596, "params": {"gamma": 80.11494755565981, "log10_alpha": -1.2200055419018057, "log10_colsample_bytree": -0.9473829485043462, "log10_eta": -3.210285191050599, "log10_lambda": -3.8534309710929824, "log10_min_child_weight": 0.9812860821936109, "log10_subsample": -0.49299205272939883, "max_depth": 8.0}, "datetime": {"datetime": "2024-01-17 22:23:44", "elapsed": 32339.218801, "delta": 127.88907}}
{"target": 0.0017259985021351454, "params": {"gamma": 80.25380437540188, "log10_alpha": -2.310608220628075, "log10_colsample_bytree": -0.5383823479940316, "log10_eta": -2.3748814513734757, "log10_lambda": -4.464157179266044, "log10_min_child_weight": 1.1820239213122385, "log10_subsample": -0.8910868978669686, "max_depth": 8.0}, "datetime": {"datetime": "2024-01-17 22:25:40", "elapsed": 32454.789296, "delta": 115.570495}}
