{"target": 0.0005449033810534798, "params": {"gamma": 81.34504097197389, "log10_alpha": -2.8892405025997654, "log10_colsample_bytree": -0.7157303981341144, "log10_eta": -2.570098519982184, "log10_lambda": -4.033893240483032, "log10_min_child_weight": 1.5548592154429475, "log10_subsample": -0.782864118916232, "max_depth": 6.0}, "datetime": {"datetime": "2024-01-17 23:39:18", "elapsed": 36872.687199, "delta": 88.763703}}
{"target": 0.0021711602469665914, "params": {"gamma": 80.8430399343307, "log10_alpha": -2.3779045651539477, "log10_colsample_bytree": -0.46901942245046957, "log10_eta": -1.5084409535214656, "log10_lambda": -2.751597006699908, "log10_min_child_weight": 0.29301080972511606, "log10_subsample": -0.9892015059138322, "max_depth": 7.0}, "datetime": {"datetime": "2024-01-17 23:40:07", "elapsed": 36921.737802, "delta": 49.050603}}
{"target": 0.0019024214991491262, "params": {"gamma": 77.1645694001802, "log10_alpha": -1.941554874400015, "log10_colsample_bytree": -0.7689965461208034, "log10_eta": -1.5657258512744154, "log10_lambda": -2.883459695091826, "log10_min_child_weight": 0.49428777346104624, "log10_subsample": -0.570064303865837, "max_depth": 5.0}, "datetime": {"datetime": "2024-01-17 23:40:54", "elapsed": 36968.565638, "delta": 46.827836}}
{"target": -0.0001836284268458832, "params": {"gamma": 32.58962859448293, "log10_alpha": -4.821526651147048, "log10_colsample_bytree": -0.8192193876619225, "log10_eta": -2.371070040108096, "log10_lambda": -0.6095489681083164, "log10_min_child_weight": 3.6404563180345018, "log10_subsample": -0.20912797560205598, "max_depth": 5.0}, "datetime": {"datetime": "2024-01-17 23:42:11", "elapsed": 37046.498019, "delta": 77.932381}}
{"target": -0.0003323347367400753, "params": {"gamma": 78.94077367098825, "log10_alpha": -2.102624282155648, "log10_colsample_bytree": -0.3784548173899942, "log10_eta": -2.6841231712095603, "log10_lambda": -4.966261255792078, "log10_min_child_weight": 4.540185938278417, "log10_subsample": -0.6258245225510589, "max_depth": 7.0}, "datetime": {"datetime": "2024-01-17 23:45:19", "elapsed": 37233.78154, "delta": 187.283521}}
{"target": 0.0006972759174503351, "params": {"gamma": 81.78462423988404, "log10_alpha": -2.598721870407196, "log10_colsample_bytree": -0.25288378035338854, "log10_eta": -1.6897483460497713, "log10_lambda": -3.21487931387204, "log10_min_child_weight": 0.7893619802543955, "log10_subsample": -0.6863172485996866, "max_depth": 7.0}, "datetime": {"datetime": "2024-01-17 23:46:08", "elapsed": 37283.156351, "delta": 49.374811}}
{"target": -0.00017643031635589113, "params": {"gamma": 81.04503265375061, "log10_alpha": -3.9137397204367588, "log10_colsample_bytree": -0.601152951746908, "log10_eta": -3.2836629216882476, "log10_lambda": -4.673660598647833, "log10_min_child_weight": 1.3135975742110144, "log10_subsample": -0.9094978215594428, "max_depth": 8.0}, "datetime": {"datetime": "2024-01-17 23:48:32", "elapsed": 37427.342235, "delta": 144.185884}}
{"target": 0.0016571589387588959, "params": {"gamma": 79.97434700581745, "log10_alpha": -1.6149324202837212, "log10_colsample_bytree": -0.6965016354382492, "log10_eta": -1.535117485415883, "log10_lambda": -2.275027051568342, "log10_min_child_weight": 0.08852603005258919, "log10_subsample": -0.4374367900212437, "max_depth": 7.0}, "datetime": {"datetime": "2024-01-17 23:49:22", "elapsed": 37476.546755, "delta": 49.20452}}
{"target": 0.0012891077224395087, "params": {"gamma": 80.87432268396941, "log10_alpha": -2.1092258721015624, "log10_colsample_bytree": -0.07780006875275769, "log10_eta": -1.9009920821545983, "log10_lambda": -3.5443020899040683, "log10_min_child_weight": 1.4811702366642505, "log10_subsample": -0.6327551289823248, "max_depth": 6.0}, "datetime": {"datetime": "2024-01-17 23:50:13", "elapsed": 37527.558498, "delta": 51.011743}}
{"target": 0.0005455743890719067, "params": {"gamma": 76.85181697583882, "log10_alpha": -2.1286960470480354, "log10_colsample_bytree": -0.6956525222252551, "log10_eta": -1.0199102094386419, "log10_lambda": -2.0296752913595393, "log10_min_child_weight": 1.0448835034894048, "log10_subsample": -0.7255363794379095, "max_depth": 4.0}, "datetime": {"datetime": "2024-01-17 23:50:48", "elapsed": 37563.339111, "delta": 35.780613}}
{"target": 0.0010968889147104088, "params": {"gamma": 80.87658377601215, "log10_alpha": -1.7262710228958564, "log10_colsample_bytree": -0.15500668805005846, "log10_eta": -2.1138523833142804, "log10_lambda": -3.769589641775533, "log10_min_child_weight": 0.9738913283776696, "log10_subsample": -0.7616961482098716, "max_depth": 6.0}, "datetime": {"datetime": "2024-01-17 23:51:48", "elapsed": 37623.359344, "delta": 60.020233}}
{"target": 0.0009956602711322093, "params": {"gamma": 79.70802372251929, "log10_alpha": -1.6507034634790307, "log10_colsample_bytree": -0.7243434364112792, "log10_eta": -2.027507632742153, "log10_lambda": -3.310465058643847, "log10_min_child_weight": 0.017749555821848784, "log10_subsample": -0.7447877990367812, "max_depth": 8.0}, "datetime": {"datetime": "2024-01-17 23:53:00", "elapsed": 37694.758814, "delta": 71.39947}}
{"target": 0.0010217111615526964, "params": {"gamma": 80.97317856824503, "log10_alpha": -2.441667745881572, "log10_colsample_bytree": -0.1241757637708305, "log10_eta": -2.7788029276203403, "log10_lambda": -3.302812953644427, "log10_min_child_weight": 2.0629364970395314, "log10_subsample": -0.7517815316799287, "max_depth": 8.0}, "datetime": {"datetime": "2024-01-17 23:55:28", "elapsed": 37843.361567, "delta": 148.602753}}
{"target": -0.0003897663505832982, "params": {"gamma": 80.38787524854666, "log10_alpha": -3.4093382913334063, "log10_colsample_bytree": -0.02535906867186577, "log10_eta": -1.0231315277568247, "log10_lambda": -2.887132018058619, "log10_min_child_weight": 2.1945422435877537, "log10_subsample": -0.8858296786266886, "max_depth": 8.0}, "datetime": {"datetime": "2024-01-17 23:56:05", "elapsed": 37880.144806, "delta": 36.783239}}
{"target": 0.0007807453295533284, "params": {"gamma": 95.95960548165465, "log10_alpha": -4.173129881375235, "log10_colsample_bytree": -0.1794072138574705, "log10_eta": -1.6996475484931146, "log10_lambda": -3.427965095474734, "log10_min_child_weight": 1.9674189971110252, "log10_subsample": -0.5757219029697357, "max_depth": 3.0}, "datetime": {"datetime": "2024-01-17 23:56:51", "elapsed": 37925.64417, "delta": 45.499364}}
{"target": 0.001843325956804448, "params": {"gamma": 79.60431547283056, "log10_alpha": -1.651754657074087, "log10_colsample_bytree": -0.2695250808519988, "log10_eta": -2.4562483249627434, "log10_lambda": -4.219109152513084, "log10_min_child_weight": 1.0945094582232202, "log10_subsample": -0.9236629847107631, "max_depth": 7.0}, "datetime": {"datetime": "2024-01-17 23:58:41", "elapsed": 38035.919213, "delta": 110.275043}}
{"target": 0.0008020733761492371, "params": {"gamma": 79.19451886571483, "log10_alpha": -1.736125026716309, "log10_colsample_bytree": -0.21545544198959432, "log10_eta": -2.0619136570651038, "log10_lambda": -2.499771709141431, "log10_min_child_weight": 0.0943266720531305, "log10_subsample": -0.5191405998820019, "max_depth": 6.0}, "datetime": {"datetime": "2024-01-17 23:59:40", "elapsed": 38094.772128, "delta": 58.852915}}
{"target": 0.0014330843740349153, "params": {"gamma": 79.75724761251287, "log10_alpha": -4.146653864326845, "log10_colsample_bytree": -0.056036873982105107, "log10_eta": -2.805895978820463, "log10_lambda": -3.2180725041047284, "log10_min_child_weight": 1.7113068260221842, "log10_subsample": -0.5777882137798671, "max_depth": 9.0}, "datetime": {"datetime": "2024-01-18 00:02:29", "elapsed": 38263.888452, "delta": 169.116324}}
{"target": 1.4791597775398735e-05, "params": {"gamma": 77.74687529399016, "log10_alpha": 0.0915002038988016, "log10_colsample_bytree": -0.10045618150204824, "log10_eta": -1.4393096329988364, "log10_lambda": -4.648486882587354, "log10_min_child_weight": 1.831206443481945, "log10_subsample": -1.0, "max_depth": 4.0}, "datetime": {"datetime": "2024-01-18 00:03:08", "elapsed": 38302.89189, "delta": 39.003438}}
{"target": 0.00022028941538246305, "params": {"gamma": 79.44962694072034, "log10_alpha": -0.8251223332484896, "log10_colsample_bytree": -0.35445536745249995, "log10_eta": -1.7807196062407753, "log10_lambda": -4.138509240477149, "log10_min_child_weight": 2.03643208747839, "log10_subsample": -0.9641243994598409, "max_depth": 5.0}, "datetime": {"datetime": "2024-01-18 00:03:54", "elapsed": 38348.694666, "delta": 45.802776}}
{"target": 0.0014756579303825401, "params": {"gamma": 77.81240417983332, "log10_alpha": -1.8364983807595507, "log10_colsample_bytree": -0.7829776642733918, "log10_eta": -1.8127396291516322, "log10_lambda": -1.6892328607133322, "log10_min_child_weight": 0.6022168905035358, "log10_subsample": -0.060921315152603794, "max_depth": 6.0}, "datetime": {"datetime": "2024-01-18 00:04:48", "elapsed": 38402.95987, "delta": 54.265204}}
{"target": 0.0003053200116678034, "params": {"gamma": 77.17754787905096, "log10_alpha": -2.260133040906311, "log10_colsample_bytree": -0.866955055653276, "log10_eta": -2.341659944773194, "log10_lambda": -2.7907528843721776, "log10_min_child_weight": 0.47277996849920234, "log10_subsample": -0.7280235502954893, "max_depth": 5.0}, "datetime": {"datetime": "2024-01-18 00:05:52", "elapsed": 38466.706167, "delta": 63.746297}}
{"target": 0.000979015896365787, "params": {"gamma": 77.22867391077115, "log10_alpha": -1.9873936955677873, "log10_colsample_bytree": -0.7656312829872561, "log10_eta": -1.4833723695027423, "log10_lambda": -3.5498986965915336, "log10_min_child_weight": 0.31297415993133293, "log10_subsample": -0.3158814698474748, "max_depth": 4.0}, "datetime": {"datetime": "2024-01-18 00:06:34", "elapsed": 38508.820867, "delta": 42.1147}}
{"target": 0.0014564220205336431, "params": {"gamma": 80.70938654248937, "log10_alpha": -0.3144499400218699, "log10_colsample_bytree": -0.45979610996927345, "log10_eta": -2.5779844922631407, "log10_lambda": -4.80881256385484, "log10_min_child_weight": 0.9217266003154223, "log10_subsample": -0.9124882460650494, "max_depth": 6.0}, "datetime": {"datetime": "2024-01-18 00:08:24", "elapsed": 38619.371002, "delta": 110.550135}}
{"target": 0.0013183439809342778, "params": {"gamma": 80.71334397514846, "log10_alpha": -4.332424526359867, "log10_colsample_bytree": -0.018664158808496478, "log10_eta": -2.36462350519524, "log10_lambda": -3.677745024375112, "log10_min_child_weight": 1.9616975411299387, "log10_subsample": -0.3746398644988037, "max_depth": 8.0}, "datetime": {"datetime": "2024-01-18 00:09:48", "elapsed": 38702.675889, "delta": 83.304887}}
{"target": 0.00017798343689745533, "params": {"gamma": 76.85007836050907, "log10_alpha": -2.2260791650694207, "log10_colsample_bytree": -0.6980527805043921, "log10_eta": -1.069624623367626, "log10_lambda": -2.2241985065665375, "log10_min_child_weight": 0.6547610746300864, "log10_subsample": -0.3824464169601667, "max_depth": 5.0}, "datetime": {"datetime": "2024-01-18 00:10:25", "elapsed": 38739.806306, "delta": 37.130417}}
{"target": 0.0005691234067540518, "params": {"gamma": 78.31457966761992, "log10_alpha": -1.6810992422861242, "log10_colsample_bytree": -0.7996556237599152, "log10_eta": -1.9559399964177127, "log10_lambda": -2.3796331797334718, "log10_min_child_weight": 0.3425132271543202, "log10_subsample": -0.7716096636384218, "max_depth": 4.0}, "datetime": {"datetime": "2024-01-18 00:11:16", "elapsed": 38791.268707, "delta": 51.462401}}
{"target": 0.0019533020002650836, "params": {"gamma": 79.61985355113518, "log10_alpha": -2.431806517959152, "log10_colsample_bytree": -0.4527196962823048, "log10_eta": -2.109235593420496, "log10_lambda": -2.5113996641558067, "log10_min_child_weight": 0.6884971584788652, "log10_subsample": -0.9416596402792723, "max_depth": 5.0}, "datetime": {"datetime": "2024-01-18 00:12:23", "elapsed": 38857.81496, "delta": 66.546253}}
{"target": 0.001065715900539027, "params": {"gamma": 80.16367894436519, "log10_alpha": -2.2730115331071943, "log10_colsample_bytree": -0.1197655591656015, "log10_eta": -1.767704056436206, "log10_lambda": -3.745841840637746, "log10_min_child_weight": 1.299114307830398, "log10_subsample": -0.8660583733934115, "max_depth": 5.0}, "datetime": {"datetime": "2024-01-18 00:13:09", "elapsed": 38903.756505, "delta": 45.941545}}
{"target": 0.0009138628904790391, "params": {"gamma": 78.68621324044098, "log10_alpha": -4.195035725804634, "log10_colsample_bytree": -0.14854220460123235, "log10_eta": -3.2211655725380464, "log10_lambda": -2.66668955698408, "log10_min_child_weight": 1.2561783678047793, "log10_subsample": -0.8645138651159293, "max_depth": 8.0}, "datetime": {"datetime": "2024-01-18 00:17:32", "elapsed": 39166.651852, "delta": 262.895347}}
{"target": -1.4779253950575333e-05, "params": {"gamma": 95.54671884043314, "log10_alpha": -4.827012613248717, "log10_colsample_bytree": -0.8487342896298855, "log10_eta": -2.764338585379508, "log10_lambda": -3.1193185247780146, "log10_min_child_weight": 1.8723094394151263, "log10_subsample": -0.19903850393598554, "max_depth": 5.0}, "datetime": {"datetime": "2024-01-18 00:18:51", "elapsed": 39246.01644, "delta": 79.364588}}
{"target": 0.00027772923677479855, "params": {"gamma": 79.484522645843, "log10_alpha": -1.5223310073121956, "log10_colsample_bytree": -0.2716535052533897, "log10_eta": -1.2488827645365252, "log10_lambda": -3.9686475477081355, "log10_min_child_weight": 1.4629872856384623, "log10_subsample": -0.23808590485873504, "max_depth": 6.0}, "datetime": {"datetime": "2024-01-18 00:19:30", "elapsed": 39284.717102, "delta": 38.700662}}
{"target": 0.0006119576647626856, "params": {"gamma": 79.51003795098052, "log10_alpha": -2.896414062449987, "log10_colsample_bytree": -0.824944859236219, "log10_eta": -2.0639485885436146, "log10_lambda": -2.1868066167988656, "log10_min_child_weight": 0.7477547174690452, "log10_subsample": -0.7406621936009496, "max_depth": 4.0}, "datetime": {"datetime": "2024-01-18 00:20:22", "elapsed": 39337.433663, "delta": 52.716561}}
{"target": -0.0006421657131399638, "params": {"gamma": 14.459994299059176, "log10_alpha": -1.6069648150562794, "log10_colsample_bytree": -0.2632092155233857, "log10_eta": -1.9198220235203456, "log10_lambda": 0.7523705710516273, "log10_min_child_weight": 3.3687488650963857, "log10_subsample": -0.6330124828135371, "max_depth": 7.0}, "datetime": {"datetime": "2024-01-18 00:21:03", "elapsed": 39378.502554, "delta": 41.068891}}
{"target": 0.0008132248039817158, "params": {"gamma": 79.60863295476591, "log10_alpha": -3.7143325297879297, "log10_colsample_bytree": -0.2290486233014407, "log10_eta": -2.280160264330907, "log10_lambda": -3.5330068708162106, "log10_min_child_weight": 2.3812814070834554, "log10_subsample": -0.15397884633324754, "max_depth": 8.0}, "datetime": {"datetime": "2024-01-18 00:22:07", "elapsed": 39442.425282, "delta": 63.922728}}
{"target": 0.0010529232099570074, "params": {"gamma": 80.47549874159955, "log10_alpha": -2.98872562706729, "log10_colsample_bytree": -0.3029714414152721, "log10_eta": -2.3054862566781487, "log10_lambda": -4.949730830818052, "log10_min_child_weight": 0.040020137625970675, "log10_subsample": -0.5991200154853262, "max_depth": 6.0}, "datetime": {"datetime": "2024-01-18 00:23:21", "elapsed": 39516.263185, "delta": 73.837903}}
{"target": 0.00017090804074113009, "params": {"gamma": 79.2391320999009, "log10_alpha": -4.869043741178202, "log10_colsample_bytree": -0.797371713070098, "log10_eta": -2.523793197837346, "log10_lambda": -4.80163813334906, "log10_min_child_weight": 1.6048223624283742, "log10_subsample": -0.23357545615065345, "max_depth": 7.0}, "datetime": {"datetime": "2024-01-18 00:24:35", "elapsed": 39590.054605, "delta": 73.79142}}
{"target": 0.0013117688466761368, "params": {"gamma": 9.649024751427104, "log10_alpha": 0.27594664477735975, "log10_colsample_bytree": -0.1263496490903372, "log10_eta": -1.6850189599676781, "log10_lambda": -2.9085224137824195, "log10_min_child_weight": 0.37564288645973776, "log10_subsample": -0.2202360585049009, "max_depth": 4.0}, "datetime": {"datetime": "2024-01-18 00:25:20", "elapsed": 39634.79547, "delta": 44.740865}}
{"target": -0.000710746738738055, "params": {"gamma": 40.91835889994757, "log10_alpha": 0.36828119548958504, "log10_colsample_bytree": -0.8389978374134195, "log10_eta": -3.4392962916509178, "log10_lambda": -4.106079062215413, "log10_min_child_weight": 4.210044987197091, "log10_subsample": -0.5598297287430938, "max_depth": 5.0}, "datetime": {"datetime": "2024-01-18 00:28:37", "elapsed": 39832.054015, "delta": 197.258545}}
{"target": 0.0009957392696600953, "params": {"gamma": 80.20264422361635, "log10_alpha": -2.3643722731794172, "log10_colsample_bytree": -0.31077836707592776, "log10_eta": -2.3289972540395607, "log10_lambda": -3.3887322708085694, "log10_min_child_weight": 1.247484573848598, "log10_subsample": -0.953578422043743, "max_depth": 6.0}, "datetime": {"datetime": "2024-01-18 00:29:44", "elapsed": 39898.725108, "delta": 66.671093}}
{"target": 0.00010246176958095266, "params": {"gamma": 11.473969310248822, "log10_alpha": -1.487915617438389, "log10_colsample_bytree": -0.8693720441537456, "log10_eta": -2.210143911503181, "log10_lambda": 0.8871831790190958, "log10_min_child_weight": 4.079415919237281, "log10_subsample": -0.4795884410772032, "max_depth": 6.0}, "datetime": {"datetime": "2024-01-18 00:31:28", "elapsed": 40002.581067, "delta": 103.855959}}
{"target": 0.0012265198159217838, "params": {"gamma": 78.40418082839413, "log10_alpha": -3.9465858771718567, "log10_colsample_bytree": -0.06723930786097654, "log10_eta": -2.224019927446757, "log10_lambda": -3.5453938488810985, "log10_min_child_weight": 1.163908639423739, "log10_subsample": -0.8969509652419457, "max_depth": 9.0}, "datetime": {"datetime": "2024-01-18 00:32:47", "elapsed": 40081.909444, "delta": 79.328377}}
{"target": 0.001122175659867053, "params": {"gamma": 80.12781863517246, "log10_alpha": -1.8317204121179955, "log10_colsample_bytree": -0.09758371121941245, "log10_eta": -2.0772291055118086, "log10_lambda": -3.677165065451642, "log10_min_child_weight": 0.1599802055182986, "log10_subsample": -0.8698178140152744, "max_depth": 5.0}, "datetime": {"datetime": "2024-01-18 00:33:43", "elapsed": 40137.710091, "delta": 55.800647}}
{"target": 0.00028828468636563076, "params": {"gamma": 54.28315269516998, "log10_alpha": -3.9287840521243798, "log10_colsample_bytree": -0.7940143835491219, "log10_eta": -1.0716119419766517, "log10_lambda": -3.7357212319762523, "log10_min_child_weight": 4.489748054774777, "log10_subsample": -0.8756126814816705, "max_depth": 4.0}, "datetime": {"datetime": "2024-01-18 00:34:38", "elapsed": 40192.978109, "delta": 55.268018}}
{"target": 0.001873839234883684, "params": {"gamma": 79.06884917272953, "log10_alpha": -3.4946135938608722, "log10_colsample_bytree": -0.3412165979209758, "log10_eta": -1.6363949951668428, "log10_lambda": -4.304800743626666, "log10_min_child_weight": 1.5051922375852878, "log10_subsample": -0.9886519552819275, "max_depth": 9.0}, "datetime": {"datetime": "2024-01-18 00:35:28", "elapsed": 40243.304761, "delta": 50.326652}}
{"target": 0.0018195284241500076, "params": {"gamma": 80.18845819037243, "log10_alpha": -4.252993568963843, "log10_colsample_bytree": -0.44447321166169784, "log10_eta": -1.9490341452817752, "log10_lambda": -1.4278599461625117, "log10_min_child_weight": 1.7367712927292656, "log10_subsample": -0.6227608767141609, "max_depth": 6.0}, "datetime": {"datetime": "2024-01-18 00:36:27", "elapsed": 40302.223191, "delta": 58.91843}}
{"target": 0.00039341554925900746, "params": {"gamma": 80.81932731024023, "log10_alpha": -3.6119210354993276, "log10_colsample_bytree": -0.2978805687898928, "log10_eta": -1.7489753669023682, "log10_lambda": -3.4082473924063814, "log10_min_child_weight": 1.9340619687121179, "log10_subsample": -0.9931337488839482, "max_depth": 9.0}, "datetime": {"datetime": "2024-01-18 00:37:15", "elapsed": 40350.260646, "delta": 48.037455}}
{"target": 0.001802938656952524, "params": {"gamma": 77.58563414822065, "log10_alpha": -2.2743034854558406, "log10_colsample_bytree": -0.7552543271987717, "log10_eta": -1.6948204108751983, "log10_lambda": -3.2599096967788688, "log10_min_child_weight": 0.13915946095033105, "log10_subsample": -0.5130030458871684, "max_depth": 5.0}, "datetime": {"datetime": "2024-01-18 00:38:10", "elapsed": 40404.828786, "delta": 54.56814}}
{"target": 0.0013083861853201983, "params": {"gamma": 80.35104556090616, "log10_alpha": -4.810109199664795, "log10_colsample_bytree": -0.21046011563892375, "log10_eta": -1.888480589294983, "log10_lambda": -0.6881956225278474, "log10_min_child_weight": 1.7856677146545863, "log10_subsample": -0.8492591520266032, "max_depth": 5.0}, "datetime": {"datetime": "2024-01-18 00:39:02", "elapsed": 40457.107029, "delta": 52.278243}}
{"target": 0.0002471556847633005, "params": {"gamma": 81.26313722009199, "log10_alpha": -2.9293894383058765, "log10_colsample_bytree": -0.8863512574287512, "log10_eta": -1.9952846935242525, "log10_lambda": -4.010665424427423, "log10_min_child_weight": 0.37051384473416327, "log10_subsample": -0.7202169243903699, "max_depth": 6.0}, "datetime": {"datetime": "2024-01-18 00:39:50", "elapsed": 40505.203242, "delta": 48.096213}}
{"target": 0.001210375638687533, "params": {"gamma": 78.75680806024988, "log10_alpha": -4.671653407084661, "log10_colsample_bytree": -0.04989976153821185, "log10_eta": -2.338005717381332, "log10_lambda": -2.791003204919659, "log10_min_child_weight": 1.0659486446110922, "log10_subsample": -0.9239887779622021, "max_depth": 8.0}, "datetime": {"datetime": "2024-01-18 00:41:12", "elapsed": 40587.247382, "delta": 82.04414}}
