{"target": 0.00025276946439933834, "params": {"gamma": 20.446056464394868, "log10_alpha": -1.9318480622193714, "log10_colsample_bytree": -0.7410973021058327, "log10_eta": -1.6435607545076771, "log10_lambda": -1.2641438376258733, "log10_min_child_weight": 4.921995109084849, "log10_subsample": -0.4909767200323989, "max_depth": 9.0}, "datetime": {"datetime": "2024-01-18 02:52:38", "elapsed": 48473.426886, "delta": 93.49143}}
{"target": -0.0002773852955267331, "params": {"gamma": 10.055211574673917, "log10_alpha": -1.4025706086581442, "log10_colsample_bytree": -0.5558431127764659, "log10_eta": -3.5149721239241662, "log10_lambda": -2.82722542570093, "log10_min_child_weight": 0.24456090764112481, "log10_subsample": -0.9476316935099374, "max_depth": 9.0}, "datetime": {"datetime": "2024-01-18 02:57:11", "elapsed": 48746.092724, "delta": 272.665838}}
{"target": 0.0015934053851545393, "params": {"gamma": 13.319104633814005, "log10_alpha": -4.960761377361881, "log10_colsample_bytree": -0.04527748775934459, "log10_eta": -2.43667979831729, "log10_lambda": -4.27216295620745, "log10_min_child_weight": 1.8363006974147127, "log10_subsample": -0.5111447060087764, "max_depth": 8.0}, "datetime": {"datetime": "2024-01-18 02:58:51", "elapsed": 48845.747171, "delta": 99.654447}}
{"target": 0.0012711986167517064, "params": {"gamma": 38.14067676065782, "log10_alpha": -3.530748719312893, "log10_colsample_bytree": -0.10334011894109851, "log10_eta": -1.8479074512082132, "log10_lambda": -3.2240879429068174, "log10_min_child_weight": 1.897231136904678, "log10_subsample": -0.8658475251495595, "max_depth": 7.0}, "datetime": {"datetime": "2024-01-18 02:59:40", "elapsed": 48894.966386, "delta": 49.219215}}
{"target": 0.0016705923255355137, "params": {"gamma": 78.54412981349513, "log10_alpha": -1.3027131262455462, "log10_colsample_bytree": -0.5022076720801091, "log10_eta": -2.128607770377401, "log10_lambda": -2.9239195941299907, "log10_min_child_weight": 0.4087688646689275, "log10_subsample": -0.7862898254264156, "max_depth": 5.0}, "datetime": {"datetime": "2024-01-18 03:00:54", "elapsed": 48968.712411, "delta": 73.746025}}
{"target": -0.00021349361329431327, "params": {"gamma": 90.63105278981465, "log10_alpha": 0.2829883536493494, "log10_colsample_bytree": -0.8510281808498179, "log10_eta": -2.2552895806067146, "log10_lambda": -0.4656485382880797, "log10_min_child_weight": 3.6303586036752606, "log10_subsample": -0.3674343347751341, "max_depth": 6.0}, "datetime": {"datetime": "2024-01-18 03:02:00", "elapsed": 49035.27836, "delta": 66.565949}}
{"target": 0.0006455425716737073, "params": {"gamma": 79.56671464351062, "log10_alpha": -3.881007220761684, "log10_colsample_bytree": -0.8993863772908282, "log10_eta": -1.9455910794908657, "log10_lambda": -3.8259546482574143, "log10_min_child_weight": 1.768982929573063, "log10_subsample": -0.3326099188786511, "max_depth": 8.0}, "datetime": {"datetime": "2024-01-18 03:02:57", "elapsed": 49091.796748, "delta": 56.518388}}
{"target": -0.0007179260435458135, "params": {"gamma": 96.81852253013108, "log10_alpha": 0.6086875810050962, "log10_colsample_bytree": -0.49707252598996376, "log10_eta": -3.3833112461425445, "log10_lambda": -2.95947984281609, "log10_min_child_weight": 4.283641671592468, "log10_subsample": -0.8398806121682877, "max_depth": 7.0}, "datetime": {"datetime": "2024-01-18 03:06:07", "elapsed": 49282.498791, "delta": 190.702043}}
{"target": 0.0013859447213637743, "params": {"gamma": 81.00671048139468, "log10_alpha": -0.8405001678571402, "log10_colsample_bytree": -0.8087183602417093, "log10_eta": -2.0476345478695412, "log10_lambda": -4.178233775216503, "log10_min_child_weight": 0.8300292602927878, "log10_subsample": -0.8526992256337632, "max_depth": 6.0}, "datetime": {"datetime": "2024-01-18 03:07:12", "elapsed": 49346.612235, "delta": 64.113444}}
{"target": -0.0006478968984666711, "params": {"gamma": 4.750846680784548, "log10_alpha": -1.5137815760177622, "log10_colsample_bytree": -0.00298299499325394, "log10_eta": -3.992036793963935, "log10_lambda": -0.9546262770403864, "log10_min_child_weight": 0.02507877755439536, "log10_subsample": -0.35365323752848044, "max_depth": 3.0}, "datetime": {"datetime": "2024-01-18 03:10:02", "elapsed": 49516.658746, "delta": 170.046511}}
{"target": 0.0015429018684701146, "params": {"gamma": 81.28613868918302, "log10_alpha": -1.6411919685203467, "log10_colsample_bytree": -0.6383433259432978, "log10_eta": -2.143214908726867, "log10_lambda": -1.817434319015863, "log10_min_child_weight": 1.041993200112072, "log10_subsample": -0.38348832758102236, "max_depth": 7.0}, "datetime": {"datetime": "2024-01-18 03:11:23", "elapsed": 49598.338062, "delta": 81.679316}}
{"target": -0.0008693429518370488, "params": {"gamma": 70.85375571829645, "log10_alpha": -1.033367870869271, "log10_colsample_bytree": -0.9812301668726533, "log10_eta": -3.543467411210012, "log10_lambda": -0.28286243093883545, "log10_min_child_weight": 2.9400668932812017, "log10_subsample": -0.12085102226847677, "max_depth": 3.0}, "datetime": {"datetime": "2024-01-18 03:12:06", "elapsed": 49640.5706, "delta": 42.232538}}
{"target": 0.0012192374970744213, "params": {"gamma": 79.56307032901881, "log10_alpha": -1.7444578942784226, "log10_colsample_bytree": -0.03215103790583396, "log10_eta": -2.7055056340052746, "log10_lambda": -2.3512974339694663, "log10_min_child_weight": 1.2497815771772975, "log10_subsample": -0.9191221719408152, "max_depth": 5.0}, "datetime": {"datetime": "2024-01-18 03:13:58", "elapsed": 49752.718589, "delta": 112.147989}}
{"target": 0.0018154339948726894, "params": {"gamma": 79.52771042055895, "log10_alpha": -0.47332797726038844, "log10_colsample_bytree": -0.7046899264329667, "log10_eta": -2.0855762751476554, "log10_lambda": -4.551757759168508, "log10_min_child_weight": 0.3027165407436899, "log10_subsample": -0.9421754755917925, "max_depth": 6.0}, "datetime": {"datetime": "2024-01-18 03:15:11", "elapsed": 49825.96042, "delta": 73.241831}}
{"target": 0.0009168674733522619, "params": {"gamma": 78.9057541233827, "log10_alpha": -4.110565634843809, "log10_colsample_bytree": -0.6147808707451828, "log10_eta": -2.1178459315251477, "log10_lambda": -4.157792878062453, "log10_min_child_weight": 1.325999826508843, "log10_subsample": -0.5780909111130366, "max_depth": 7.0}, "datetime": {"datetime": "2024-01-18 03:16:14", "elapsed": 49889.476451, "delta": 63.516031}}
{"target": 0.0010876655426467485, "params": {"gamma": 77.31737621350592, "log10_alpha": -1.5805947862282004, "log10_colsample_bytree": -0.951421509649555, "log10_eta": -1.6595058353756071, "log10_lambda": -3.24681745587607, "log10_min_child_weight": 0.4968086115793807, "log10_subsample": -0.02418206422504332, "max_depth": 4.0}, "datetime": {"datetime": "2024-01-18 03:17:02", "elapsed": 49937.192141, "delta": 47.71569}}
{"target": 0.0007772108541486134, "params": {"gamma": 78.68668847420425, "log10_alpha": -3.5115382052336708, "log10_colsample_bytree": -0.2362119377317271, "log10_eta": -2.11130518913712, "log10_lambda": -4.099655087719522, "log10_min_child_weight": 0.6317107063932775, "log10_subsample": -0.2980693462198467, "max_depth": 9.0}, "datetime": {"datetime": "2024-01-18 03:18:23", "elapsed": 50017.74155, "delta": 80.549409}}
{"target": -0.00014088437674639187, "params": {"gamma": 89.02020536267892, "log10_alpha": -4.701042131263667, "log10_colsample_bytree": -0.897903695843965, "log10_eta": -2.479170279259122, "log10_lambda": 0.9615458500579095, "log10_min_child_weight": 4.350665418897243, "log10_subsample": -0.32800059315865826, "max_depth": 3.0}, "datetime": {"datetime": "2024-01-18 03:20:40", "elapsed": 50154.588272, "delta": 136.846722}}
{"target": 0.0013130144884959671, "params": {"gamma": 79.85438771433479, "log10_alpha": -4.098026624243318, "log10_colsample_bytree": -0.12570006394196387, "log10_eta": -2.0448906893264223, "log10_lambda": -2.16718027966518, "log10_min_child_weight": 1.057809422839508, "log10_subsample": -0.8694083014898539, "max_depth": 6.0}, "datetime": {"datetime": "2024-01-18 03:21:37", "elapsed": 50212.119904, "delta": 57.531632}}
{"target": 0.0011196603503090818, "params": {"gamma": 78.96061672649724, "log10_alpha": -4.408898223665606, "log10_colsample_bytree": -0.3754341001989856, "log10_eta": -1.661010604915643, "log10_lambda": -3.2024394237129474, "log10_min_child_weight": 1.0617761520532798, "log10_subsample": -0.5443585870911242, "max_depth": 9.0}, "datetime": {"datetime": "2024-01-18 03:22:34", "elapsed": 50268.808073, "delta": 56.688169}}
{"target": 0.0005482652021680523, "params": {"gamma": 44.15217240971656, "log10_alpha": -2.8808327877240023, "log10_colsample_bytree": -0.6115123768666847, "log10_eta": -1.5608735122166384, "log10_lambda": -0.7179349663726402, "log10_min_child_weight": 2.466830068610565, "log10_subsample": -0.3724248127970884, "max_depth": 5.0}, "datetime": {"datetime": "2024-01-18 03:23:22", "elapsed": 50316.574144, "delta": 47.766071}}
{"target": 0.0007298111886589187, "params": {"gamma": 79.66186054889258, "log10_alpha": -2.530813317093664, "log10_colsample_bytree": -0.23131687174274107, "log10_eta": -2.00098650343681, "log10_lambda": -2.7634278629780447, "log10_min_child_weight": 1.4685341026054866, "log10_subsample": -0.2248434161587184, "max_depth": 6.0}, "datetime": {"datetime": "2024-01-18 03:24:13", "elapsed": 50368.420992, "delta": 51.846848}}
{"target": 0.0009262480882356872, "params": {"gamma": 77.8462163695339, "log10_alpha": -2.2343611501725524, "log10_colsample_bytree": -0.878128371964484, "log10_eta": -1.6228629473718863, "log10_lambda": -3.150942911909058, "log10_min_child_weight": 0.31075372750764996, "log10_subsample": -0.9486033408057626, "max_depth": 5.0}, "datetime": {"datetime": "2024-01-18 03:25:00", "elapsed": 50414.967174, "delta": 46.546182}}
{"target": 0.0008021903384678175, "params": {"gamma": 80.3775763249157, "log10_alpha": -2.8117118009517412, "log10_colsample_bytree": -0.18214278640441384, "log10_eta": -1.755711437548804, "log10_lambda": -2.3405457428890895, "log10_min_child_weight": 0.04154527064347935, "log10_subsample": -0.7424418454384021, "max_depth": 7.0}, "datetime": {"datetime": "2024-01-18 03:25:50", "elapsed": 50465.434377, "delta": 50.467203}}
{"target": -0.0007197231757157252, "params": {"gamma": 28.944813434334225, "log10_alpha": -2.6764575399499018, "log10_colsample_bytree": -0.3015062807174954, "log10_eta": -3.560237925803513, "log10_lambda": -0.6353750472084787, "log10_min_child_weight": 2.9248391010468646, "log10_subsample": -0.49618185341005283, "max_depth": 4.0}, "datetime": {"datetime": "2024-01-18 03:27:38", "elapsed": 50573.09699, "delta": 107.662613}}
{"target": 0.001195364755734063, "params": {"gamma": 78.9194524994307, "log10_alpha": -2.2075849886166665, "log10_colsample_bytree": -0.7162634783675828, "log10_eta": -1.590974196915873, "log10_lambda": -4.5876675996503, "log10_min_child_weight": 0.4016245796718809, "log10_subsample": -0.7606863943355268, "max_depth": 8.0}, "datetime": {"datetime": "2024-01-18 03:28:34", "elapsed": 50629.389954, "delta": 56.292964}}
{"target": 0.0013831951184726798, "params": {"gamma": 78.67960759253782, "log10_alpha": -3.986137525696388, "log10_colsample_bytree": -0.021471257649935738, "log10_eta": -2.661795071752029, "log10_lambda": -4.306697905510305, "log10_min_child_weight": 1.1460448813071755, "log10_subsample": -0.9856771265765454, "max_depth": 7.0}, "datetime": {"datetime": "2024-01-18 03:30:35", "elapsed": 50750.007601, "delta": 120.617647}}
{"target": 0.00038018575247009134, "params": {"gamma": 97.96655193707691, "log10_alpha": -3.1430555372547038, "log10_colsample_bytree": -0.6077629198402067, "log10_eta": -1.1985752027005767, "log10_lambda": -3.824764455380928, "log10_min_child_weight": 1.1531973175736048, "log10_subsample": -0.7358486376975693, "max_depth": 5.0}, "datetime": {"datetime": "2024-01-18 03:31:14", "elapsed": 50789.525289, "delta": 39.517688}}
{"target": 0.0009835007721815392, "params": {"gamma": 78.99397022782892, "log10_alpha": -3.038516109073335, "log10_colsample_bytree": -0.059463948661678145, "log10_eta": -1.942350536804942, "log10_lambda": -1.8555066500700432, "log10_min_child_weight": 0.4496171619216788, "log10_subsample": -0.8889368449457438, "max_depth": 7.0}, "datetime": {"datetime": "2024-01-18 03:32:11", "elapsed": 50846.05681, "delta": 56.531521}}
{"target": -0.0008795314114882213, "params": {"gamma": 31.774374599414845, "log10_alpha": 0.05692556179422148, "log10_colsample_bytree": -0.9011694350048959, "log10_eta": -3.223237753638045, "log10_lambda": -0.9499158989524696, "log10_min_child_weight": 4.988972275091042, "log10_subsample": -0.9483061119728687, "max_depth": 3.0}, "datetime": {"datetime": "2024-01-18 03:32:44", "elapsed": 50879.233965, "delta": 33.177155}}
{"target": 0.0011361170633663875, "params": {"gamma": 80.82452650331227, "log10_alpha": -3.881530727270961, "log10_colsample_bytree": -0.13138425082026273, "log10_eta": -1.7936862658828066, "log10_lambda": -0.5144052408217075, "log10_min_child_weight": 1.6728537359466906, "log10_subsample": -0.9167774267660096, "max_depth": 5.0}, "datetime": {"datetime": "2024-01-18 03:33:34", "elapsed": 50928.658409, "delta": 49.424444}}
{"target": 0.0017329886864000665, "params": {"gamma": 80.43945201436911, "log10_alpha": -1.3781080270072996, "log10_colsample_bytree": -0.43835026235224084, "log10_eta": -2.15863913763762, "log10_lambda": -2.07152325991933, "log10_min_child_weight": 0.6726324007292511, "log10_subsample": -0.06405787170018429, "max_depth": 8.0}, "datetime": {"datetime": "2024-01-18 03:35:06", "elapsed": 51020.810991, "delta": 92.152582}}
{"target": 0.0005637410681411104, "params": {"gamma": 34.19844020816812, "log10_alpha": -3.393780744863577, "log10_colsample_bytree": -0.5036276928710584, "log10_eta": -2.173829853171365, "log10_lambda": -4.6390132448616965, "log10_min_child_weight": 0.5490573841179375, "log10_subsample": -0.6620292122698814, "max_depth": 6.0}, "datetime": {"datetime": "2024-01-18 03:36:08", "elapsed": 51082.543523, "delta": 61.732532}}
{"target": 0.00038556212919707566, "params": {"gamma": 81.02000837712308, "log10_alpha": -1.6914128152554708, "log10_colsample_bytree": -0.823812179627299, "log10_eta": -2.5379605105363052, "log10_lambda": -1.8228110212995832, "log10_min_child_weight": 1.5278705024137318, "log10_subsample": -0.4217208118218906, "max_depth": 7.0}, "datetime": {"datetime": "2024-01-18 03:37:25", "elapsed": 51160.117248, "delta": 77.573725}}
{"target": 0.002377494061582386, "params": {"gamma": 80.23236148516324, "log10_alpha": -2.093553570821105, "log10_colsample_bytree": -0.447339195761884, "log10_eta": -1.6049371484166846, "log10_lambda": -2.5913267864903244, "log10_min_child_weight": 0.4759912429393933, "log10_subsample": -1.0, "max_depth": 6.0}, "datetime": {"datetime": "2024-01-18 03:38:14", "elapsed": 51208.572605, "delta": 48.455357}}
{"target": 4.767772203814746e-05, "params": {"gamma": 79.7051807992937, "log10_alpha": -4.248226761430787, "log10_colsample_bytree": -0.6382932909010987, "log10_eta": -2.4123931242014995, "log10_lambda": -1.7670116182412028, "log10_min_child_weight": 2.2273524978433468, "log10_subsample": -0.8611308500058323, "max_depth": 6.0}, "datetime": {"datetime": "2024-01-18 03:39:23", "elapsed": 51278.059835, "delta": 69.48723}}
{"target": 0.0005604583352402936, "params": {"gamma": 5.25623744368382, "log10_alpha": -4.691857642314758, "log10_colsample_bytree": -0.19007503346156807, "log10_eta": -1.5204091969337443, "log10_lambda": -0.6344104871817926, "log10_min_child_weight": 1.5159031393108946, "log10_subsample": -0.10953840654272873, "max_depth": 8.0}, "datetime": {"datetime": "2024-01-18 03:40:11", "elapsed": 51325.942597, "delta": 47.882762}}
{"target": 0.0009072733170860103, "params": {"gamma": 56.43683421966421, "log10_alpha": -4.334280405832589, "log10_colsample_bytree": -0.20621118349146927, "log10_eta": -1.5823555827484324, "log10_lambda": -0.02415147079611213, "log10_min_child_weight": 0.39208066400778396, "log10_subsample": -0.4874596963712684, "max_depth": 9.0}, "datetime": {"datetime": "2024-01-18 03:41:11", "elapsed": 51385.693713, "delta": 59.751116}}
{"target": 0.0017725112670509136, "params": {"gamma": 79.2190582622352, "log10_alpha": -2.1569900472281147, "log10_colsample_bytree": -0.33376253994136174, "log10_eta": -2.1662326981340287, "log10_lambda": -1.1452949031774944, "log10_min_child_weight": 1.3116463099590043, "log10_subsample": -0.8956666841583368, "max_depth": 7.0}, "datetime": {"datetime": "2024-01-18 03:42:26", "elapsed": 51460.590575, "delta": 74.896862}}
{"target": 0.0003031340200148336, "params": {"gamma": 78.5187650133055, "log10_alpha": -3.749931811630436, "log10_colsample_bytree": -0.851410016417321, "log10_eta": -1.73124090769812, "log10_lambda": -4.740216302102107, "log10_min_child_weight": 2.3457023099214984, "log10_subsample": -0.757738211603761, "max_depth": 8.0}, "datetime": {"datetime": "2024-01-18 03:43:17", "elapsed": 51512.32516, "delta": 51.734585}}
{"target": 0.0020163763972297633, "params": {"gamma": 80.27087984944049, "log10_alpha": -1.9673023595414052, "log10_colsample_bytree": -0.5089182144309011, "log10_eta": -1.3554996748299004, "log10_lambda": -2.8758539386224506, "log10_min_child_weight": 0.575433710046202, "log10_subsample": -0.42689737837357433, "max_depth": 6.0}, "datetime": {"datetime": "2024-01-18 03:44:02", "elapsed": 51556.547353, "delta": 44.222193}}
{"target": 0.0011594267270190195, "params": {"gamma": 81.29454455086112, "log10_alpha": -3.712314151898553, "log10_colsample_bytree": -0.021895998433897, "log10_eta": -1.783395589419741, "log10_lambda": -4.569968866462721, "log10_min_child_weight": 1.8558639909726127, "log10_subsample": -0.8261210874150223, "max_depth": 8.0}, "datetime": {"datetime": "2024-01-18 03:44:50", "elapsed": 51605.198834, "delta": 48.651481}}
{"target": 0.00013983420493676735, "params": {"gamma": 79.89654227872914, "log10_alpha": -4.376263805125436, "log10_colsample_bytree": -0.7508891486906746, "log10_eta": -1.5360184548354123, "log10_lambda": -3.5118377567016683, "log10_min_child_weight": 2.2581582170094725, "log10_subsample": -0.221770994409469, "max_depth": 8.0}, "datetime": {"datetime": "2024-01-18 03:45:32", "elapsed": 51647.044982, "delta": 41.846148}}
{"target": -0.0004049346342169524, "params": {"gamma": 24.422137516167332, "log10_alpha": -0.4778753809441074, "log10_colsample_bytree": -0.5288104060412856, "log10_eta": -1.04747608029369, "log10_lambda": 0.7097970974494725, "log10_min_child_weight": 3.206064865959988, "log10_subsample": -0.6151189704484328, "max_depth": 5.0}, "datetime": {"datetime": "2024-01-18 03:46:09", "elapsed": 51684.042579, "delta": 36.997597}}
{"target": 0.0010812247876524628, "params": {"gamma": 81.72055778688389, "log10_alpha": -1.6236122346128816, "log10_colsample_bytree": -0.8707409187917506, "log10_eta": -1.462413587612767, "log10_lambda": -2.0721049048742026, "log10_min_child_weight": 0.534682762897194, "log10_subsample": -0.6704909354544425, "max_depth": 7.0}, "datetime": {"datetime": "2024-01-18 03:46:56", "elapsed": 51731.184081, "delta": 47.141502}}
{"target": 0.0013039017088339044, "params": {"gamma": 81.39477869090294, "log10_alpha": -2.2523111210624673, "log10_colsample_bytree": -0.34000667649268745, "log10_eta": -1.9143554731799002, "log10_lambda": -1.4735448259721657, "log10_min_child_weight": 0.630323574714487, "log10_subsample": -0.5141157517928475, "max_depth": 7.0}, "datetime": {"datetime": "2024-01-18 03:47:58", "elapsed": 51793.429339, "delta": 62.245258}}
{"target": 0.00048775832493028193, "params": {"gamma": 80.5421704203437, "log10_alpha": -2.3159288195382066, "log10_colsample_bytree": -0.10937247949255857, "log10_eta": -1.622245245980888, "log10_lambda": -2.785809161946123, "log10_min_child_weight": 0.37104443970985723, "log10_subsample": -0.6904714838058397, "max_depth": 6.0}, "datetime": {"datetime": "2024-01-18 03:48:44", "elapsed": 51839.104259, "delta": 45.67492}}
{"target": 0.0007049407528717799, "params": {"gamma": 94.670030736571, "log10_alpha": -4.047061164627989, "log10_colsample_bytree": -0.5397249582721054, "log10_eta": -2.137018200155574, "log10_lambda": -3.330126585232523, "log10_min_child_weight": 2.209735431699169, "log10_subsample": -0.5790132308855328, "max_depth": 4.0}, "datetime": {"datetime": "2024-01-18 03:49:53", "elapsed": 51907.964983, "delta": 68.860724}}
{"target": 0.0002694189885642517, "params": {"gamma": 36.99374262667663, "log10_alpha": -0.8578705050233904, "log10_colsample_bytree": -0.5895361237275841, "log10_eta": -1.2202091479688617, "log10_lambda": -0.08386757047962856, "log10_min_child_weight": 3.008100625548105, "log10_subsample": -0.19555641824505743, "max_depth": 3.0}, "datetime": {"datetime": "2024-01-18 03:50:33", "elapsed": 51947.585224, "delta": 39.620241}}
{"target": 0.0006757752845743259, "params": {"gamma": 79.47537426116953, "log10_alpha": -1.7867207221476766, "log10_colsample_bytree": -0.11720459449924958, "log10_eta": -2.725164213002174, "log10_lambda": -0.5999400096038467, "log10_min_child_weight": 1.6411513013878403, "log10_subsample": -0.16526661964472966, "max_depth": 6.0}, "datetime": {"datetime": "2024-01-18 03:52:12", "elapsed": 52046.977285, "delta": 99.392061}}
{"target": 0.0015251833994727737, "params": {"gamma": 79.72560792090107, "log10_alpha": -2.074927149719695, "log10_colsample_bytree": -0.5946646774008475, "log10_eta": -1.5474012836764093, "log10_lambda": -2.663060585260366, "log10_min_child_weight": 1.1462317825024881, "log10_subsample": -0.6615513276284548, "max_depth": 6.0}, "datetime": {"datetime": "2024-01-18 03:53:01", "elapsed": 52096.060054, "delta": 49.082769}}
