{"target": 0.0007808426492564025, "params": {"gamma": 80.68827202418157, "log10_alpha": -3.764890928711037, "log10_colsample_bytree": -0.04034901240864852, "log10_eta": -1.5780265459892178, "log10_lambda": -4.99374584411071, "log10_min_child_weight": 1.4059779895126017, "log10_subsample": -0.6521760613335612, "max_depth": 9.0}, "datetime": {"datetime": "2024-01-18 05:55:49", "elapsed": 59463.856283, "delta": 48.535026}}
{"target": 0.0017379415678780707, "params": {"gamma": 78.90801565114259, "log10_alpha": -3.783126977091632, "log10_colsample_bytree": -0.1187532913778182, "log10_eta": -2.1908588290979063, "log10_lambda": -4.787144205846035, "log10_min_child_weight": 1.0046872421976767, "log10_subsample": -0.973487547062003, "max_depth": 8.0}, "datetime": {"datetime": "2024-01-18 05:57:02", "elapsed": 59537.087514, "delta": 73.231231}}
{"target": 0.0016016994283639119, "params": {"gamma": 78.87952024977069, "log10_alpha": -2.117213257977184, "log10_colsample_bytree": -0.42247311132510246, "log10_eta": -1.6957927549321017, "log10_lambda": -1.0146593420671075, "log10_min_child_weight": 0.963829467979635, "log10_subsample": -0.7771708905847374, "max_depth": 8.0}, "datetime": {"datetime": "2024-01-18 05:57:57", "elapsed": 59592.147928, "delta": 55.060414}}
{"target": 0.00012486855538770825, "params": {"gamma": 27.01802162901641, "log10_alpha": -3.323701279922539, "log10_colsample_bytree": -0.06179838653642489, "log10_eta": -1.8046167315193862, "log10_lambda": -4.3905508566794875, "log10_min_child_weight": 2.51793604996298, "log10_subsample": -0.5295213280391273, "max_depth": 5.0}, "datetime": {"datetime": "2024-01-18 05:58:42", "elapsed": 59637.020947, "delta": 44.873019}}
{"target": -0.0008791025946940922, "params": {"gamma": 45.272524093800214, "log10_alpha": -4.16734074515033, "log10_colsample_bytree": -0.5525439709988198, "log10_eta": -2.867037084160986, "log10_lambda": -3.7242224970472932, "log10_min_child_weight": 4.892175150700627, "log10_subsample": -0.920648222095078, "max_depth": 3.0}, "datetime": {"datetime": "2024-01-18 05:59:17", "elapsed": 59672.293916, "delta": 35.272969}}
{"target": -0.0005420462495977496, "params": {"gamma": 62.0871107400761, "log10_alpha": -0.7770553920506407, "log10_colsample_bytree": -0.22084339721178337, "log10_eta": -1.276729837655437, "log10_lambda": -1.854794819749754, "log10_min_child_weight": 2.7965036601480198, "log10_subsample": -0.8772019444526531, "max_depth": 5.0}, "datetime": {"datetime": "2024-01-18 05:59:55", "elapsed": 59709.859191, "delta": 37.565275}}
{"target": 0.0011696723853622248, "params": {"gamma": 81.54518716752112, "log10_alpha": -0.6444195270521149, "log10_colsample_bytree": -0.18983979296736742, "log10_eta": -2.960386353483877, "log10_lambda": -4.412434831616601, "log10_min_child_weight": 1.3915875119568732, "log10_subsample": -0.6822745694741897, "max_depth": 6.0}, "datetime": {"datetime": "2024-01-18 06:02:32", "elapsed": 59867.058682, "delta": 157.199491}}
{"target": 0.0005272140892884081, "params": {"gamma": 79.32067462860658, "log10_alpha": -1.2927930294560306, "log10_colsample_bytree": -0.2322372743606682, "log10_eta": -1.5734342454647186, "log10_lambda": -1.279245139144411, "log10_min_child_weight": 1.4153875851255142, "log10_subsample": -0.40878636119463896, "max_depth": 7.0}, "datetime": {"datetime": "2024-01-18 06:03:15", "elapsed": 59910.376435, "delta": 43.317753}}
{"target": 0.0011102801734340362, "params": {"gamma": 38.99603952463213, "log10_alpha": -3.998664793988192, "log10_colsample_bytree": -0.24168010583072375, "log10_eta": -2.7345699865708832, "log10_lambda": -3.4295939575105248, "log10_min_child_weight": 1.6820889575076903, "log10_subsample": -0.3596519880147855, "max_depth": 9.0}, "datetime": {"datetime": "2024-01-18 06:05:28", "elapsed": 60042.800318, "delta": 132.423883}}
{"target": -0.0007914486980113988, "params": {"gamma": 87.77077207395327, "log10_alpha": -2.326783242995456, "log10_colsample_bytree": -0.761924207216504, "log10_eta": -3.5832692034683316, "log10_lambda": -4.492463808306929, "log10_min_child_weight": 4.736654251478128, "log10_subsample": -0.45190877314610267, "max_depth": 9.0}, "datetime": {"datetime": "2024-01-18 06:08:39", "elapsed": 60234.056053, "delta": 191.255735}}
{"target": 0.0018543740649943075, "params": {"gamma": 75.58005202979018, "log10_alpha": 1.0, "log10_colsample_bytree": -0.47688913334601557, "log10_eta": -1.4365083252807007, "log10_lambda": -2.8191637213796827, "log10_min_child_weight": 2.344110268404853, "log10_subsample": 0.0, "max_depth": 5.0}, "datetime": {"datetime": "2024-01-18 06:09:24", "elapsed": 60278.738794, "delta": 44.682741}}
{"target": 0.001382269449432788, "params": {"gamma": 80.92795816858856, "log10_alpha": -0.953344567525308, "log10_colsample_bytree": -0.04512914592787465, "log10_eta": -1.8972007677832705, "log10_lambda": -4.151109671202278, "log10_min_child_weight": 1.1550582094550976, "log10_subsample": -0.819013027844382, "max_depth": 7.0}, "datetime": {"datetime": "2024-01-18 06:10:17", "elapsed": 60332.232243, "delta": 53.493449}}
{"target": -0.0006826008168349107, "params": {"gamma": 24.14506081995923, "log10_alpha": -2.0804196612374426, "log10_colsample_bytree": -0.9540129009482398, "log10_eta": -3.1157530926368002, "log10_lambda": 0.7104851692589405, "log10_min_child_weight": 0.8604740057169313, "log10_subsample": -0.39056455122209366, "max_depth": 9.0}, "datetime": {"datetime": "2024-01-18 06:11:44", "elapsed": 60419.408587, "delta": 87.176344}}
{"target": 0.0015567346803160298, "params": {"gamma": 80.66920861477512, "log10_alpha": -2.4861562291315753, "log10_colsample_bytree": -0.22482818378326852, "log10_eta": -2.3737392725802287, "log10_lambda": -4.0536819564715225, "log10_min_child_weight": 0.047743197021141714, "log10_subsample": -0.7280819942681033, "max_depth": 6.0}, "datetime": {"datetime": "2024-01-18 06:13:14", "elapsed": 60509.188138, "delta": 89.779551}}
{"target": -0.00041475865727677586, "params": {"gamma": 67.6405233674199, "log10_alpha": -4.976130494078105, "log10_colsample_bytree": -0.6793600946446094, "log10_eta": -1.0991586836901694, "log10_lambda": -0.8302520440400016, "log10_min_child_weight": 0.8264985349681708, "log10_subsample": -0.5775029512258489, "max_depth": 6.0}, "datetime": {"datetime": "2024-01-18 06:13:52", "elapsed": 60546.883874, "delta": 37.695736}}
{"target": 0.0015968387989987176, "params": {"gamma": 80.5770659588131, "log10_alpha": -1.2776091448704645, "log10_colsample_bytree": -0.1410908196681382, "log10_eta": -2.438439658676297, "log10_lambda": -4.088126508592294, "log10_min_child_weight": 1.7011035835758865, "log10_subsample": -0.8317915512939321, "max_depth": 7.0}, "datetime": {"datetime": "2024-01-18 06:15:31", "elapsed": 60645.92659, "delta": 99.042716}}
{"target": 0.0009888025042884552, "params": {"gamma": 78.62843248619698, "log10_alpha": -4.133640292532933, "log10_colsample_bytree": -0.6097490038245773, "log10_eta": -2.014000346761032, "log10_lambda": -3.8314807816559893, "log10_min_child_weight": 1.5055286350858132, "log10_subsample": -0.6492011507305357, "max_depth": 7.0}, "datetime": {"datetime": "2024-01-18 06:16:26", "elapsed": 60700.870109, "delta": 54.943519}}
{"target": 3.6820692160793866e-05, "params": {"gamma": 13.500708166447206, "log10_alpha": -4.988313835944821, "log10_colsample_bytree": -0.9197826558660976, "log10_eta": -2.438788434072142, "log10_lambda": -4.737875254140106, "log10_min_child_weight": 2.000009311639382, "log10_subsample": -0.5483999609861135, "max_depth": 8.0}, "datetime": {"datetime": "2024-01-18 06:17:38", "elapsed": 60772.825234, "delta": 71.955125}}
{"target": 3.342321495136691e-05, "params": {"gamma": 60.21208754168732, "log10_alpha": -3.7569373209703647, "log10_colsample_bytree": -0.7676729424555844, "log10_eta": -1.8277444854490597, "log10_lambda": -1.1020431667626225, "log10_min_child_weight": 3.9919294255970894, "log10_subsample": -0.579423208940712, "max_depth": 4.0}, "datetime": {"datetime": "2024-01-18 06:18:39", "elapsed": 60833.858243, "delta": 61.033009}}
{"target": 0.0004747063778532401, "params": {"gamma": 80.08395045725669, "log10_alpha": -4.107466515181654, "log10_colsample_bytree": -0.9429175912044069, "log10_eta": -1.382434969301844, "log10_lambda": -0.6689348793184946, "log10_min_child_weight": 1.7613666705907594, "log10_subsample": -0.35210094695502747, "max_depth": 6.0}, "datetime": {"datetime": "2024-01-18 06:19:20", "elapsed": 60874.879078, "delta": 41.020835}}
{"target": 0.0019195591373776522, "params": {"gamma": 79.20458550773978, "log10_alpha": -4.167273442681706, "log10_colsample_bytree": -0.47056401496632516, "log10_eta": -1.888600830026819, "log10_lambda": -4.867156074256981, "log10_min_child_weight": 1.227570634982721, "log10_subsample": -0.8510327890329628, "max_depth": 9.0}, "datetime": {"datetime": "2024-01-18 06:20:31", "elapsed": 60945.735794, "delta": 70.856716}}
{"target": -0.0006977220184162802, "params": {"gamma": 26.208186788184097, "log10_alpha": -4.595606223263449, "log10_colsample_bytree": -0.332388461891856, "log10_eta": -3.0830297396075776, "log10_lambda": -4.700388675298786, "log10_min_child_weight": 3.1603021889183385, "log10_subsample": -0.6689715273656477, "max_depth": 9.0}, "datetime": {"datetime": "2024-01-18 06:21:56", "elapsed": 61031.253602, "delta": 85.517808}}
{"target": 0.00041122058236287007, "params": {"gamma": 79.09298682301949, "log10_alpha": -4.419359725418638, "log10_colsample_bytree": -0.011770094484139682, "log10_eta": -1.4265842620675633, "log10_lambda": -4.72480075977815, "log10_min_child_weight": 1.1622733650062078, "log10_subsample": -0.7891930151937503, "max_depth": 9.0}, "datetime": {"datetime": "2024-01-18 06:22:43", "elapsed": 61077.579435, "delta": 46.325833}}
{"target": -0.0004117223998584829, "params": {"gamma": 96.12382096512998, "log10_alpha": -0.7792306488492606, "log10_colsample_bytree": -0.6197090456920222, "log10_eta": -3.5388869309902113, "log10_lambda": 0.49735540389139565, "log10_min_child_weight": 1.052265029014291, "log10_subsample": -0.9360029423781007, "max_depth": 8.0}, "datetime": {"datetime": "2024-01-18 06:25:44", "elapsed": 61259.456902, "delta": 181.877467}}
{"target": 0.0013039003668962046, "params": {"gamma": 38.22353459456998, "log10_alpha": -3.5795034946258646, "log10_colsample_bytree": -0.07653293830937857, "log10_eta": -1.6989943813785287, "log10_lambda": -2.332222362805787, "log10_min_child_weight": 1.0525064411958307, "log10_subsample": -0.7647417672603997, "max_depth": 6.0}, "datetime": {"datetime": "2024-01-18 06:26:32", "elapsed": 61306.97952, "delta": 47.522618}}
{"target": 0.0010866295217511202, "params": {"gamma": 79.77289774854178, "log10_alpha": -4.789277790583251, "log10_colsample_bytree": -0.15140988412387169, "log10_eta": -2.4114356478174255, "log10_lambda": -0.6503226873851355, "log10_min_child_weight": 0.9998371296843411, "log10_subsample": -0.34935640951861346, "max_depth": 4.0}, "datetime": {"datetime": "2024-01-18 06:27:54", "elapsed": 61389.203201, "delta": 82.223681}}
{"target": 0.0013703928114801867, "params": {"gamma": 75.79753703468161, "log10_alpha": 0.8056775267300611, "log10_colsample_bytree": -0.48912022098806507, "log10_eta": -1.5652089167751329, "log10_lambda": -2.958092366965097, "log10_min_child_weight": 2.2816551123158257, "log10_subsample": 0.0, "max_depth": 5.0}, "datetime": {"datetime": "2024-01-18 06:28:40", "elapsed": 61434.612154, "delta": 45.408953}}
{"target": -0.0002591417205439761, "params": {"gamma": 70.80406607750676, "log10_alpha": -1.582386870436034, "log10_colsample_bytree": -0.3659567223684055, "log10_eta": -2.0025981388805603, "log10_lambda": -0.5912389872506365, "log10_min_child_weight": 3.2932918608350303, "log10_subsample": -0.7480196774625695, "max_depth": 6.0}, "datetime": {"datetime": "2024-01-18 06:29:34", "elapsed": 61488.730545, "delta": 54.118391}}
{"target": 0.001047224278600406, "params": {"gamma": 79.94994401647432, "log10_alpha": 0.24572894956508406, "log10_colsample_bytree": -0.8022241313639092, "log10_eta": -2.028707383211162, "log10_lambda": -4.742007522509978, "log10_min_child_weight": 0.39364875797301413, "log10_subsample": -0.5766414998897033, "max_depth": 6.0}, "datetime": {"datetime": "2024-01-18 06:30:37", "elapsed": 61552.420614, "delta": 63.690069}}
{"target": -0.00031801359886104996, "params": {"gamma": 29.879677467424937, "log10_alpha": -4.748422974847784, "log10_colsample_bytree": -0.34254137654545747, "log10_eta": -1.0569716473131665, "log10_lambda": -4.228224934672635, "log10_min_child_weight": 4.4022961459526675, "log10_subsample": -0.41107389049330356, "max_depth": 6.0}, "datetime": {"datetime": "2024-01-18 06:31:18", "elapsed": 61593.069601, "delta": 40.648987}}
{"target": 0.0002524739920543029, "params": {"gamma": 17.65183486429277, "log10_alpha": -1.0540087805237546, "log10_colsample_bytree": -0.7961036107818766, "log10_eta": -1.1088284854104815, "log10_lambda": -2.8605949930957246, "log10_min_child_weight": 4.767868497665336, "log10_subsample": -0.27170821778397536, "max_depth": 8.0}, "datetime": {"datetime": "2024-01-18 06:32:07", "elapsed": 61642.330655, "delta": 49.261054}}
{"target": 0.0014779942755670794, "params": {"gamma": 79.21468809453887, "log10_alpha": -2.515267263088782, "log10_colsample_bytree": -0.7399923805835797, "log10_eta": -1.3683432262423425, "log10_lambda": -1.3357289985818186, "log10_min_child_weight": 0.9968454100733837, "log10_subsample": -0.9292124035884268, "max_depth": 7.0}, "datetime": {"datetime": "2024-01-18 06:32:50", "elapsed": 61684.943927, "delta": 42.613272}}
{"target": 0.002070305582191262, "params": {"gamma": 79.87545179374811, "log10_alpha": -1.2848631557233128, "log10_colsample_bytree": -0.2451272942800582, "log10_eta": -2.078659064597248, "log10_lambda": -4.6107853947234725, "log10_min_child_weight": 0.7779589217021879, "log10_subsample": -1.0, "max_depth": 6.0}, "datetime": {"datetime": "2024-01-18 06:34:01", "elapsed": 61755.788513, "delta": 70.844586}}
{"target": -0.0006867469617616306, "params": {"gamma": 32.78271441210857, "log10_alpha": -1.7993523535196116, "log10_colsample_bytree": -0.6103977941655714, "log10_eta": -3.808585892299967, "log10_lambda": -2.9963553409034813, "log10_min_child_weight": 0.5792100453546928, "log10_subsample": -0.6401262260827334, "max_depth": 6.0}, "datetime": {"datetime": "2024-01-18 06:36:16", "elapsed": 61891.409227, "delta": 135.620714}}
{"target": -0.0008039569462722773, "params": {"gamma": 57.161628413805566, "log10_alpha": -1.176585647335655, "log10_colsample_bytree": -0.9484934420475042, "log10_eta": -3.8708448464511034, "log10_lambda": -1.596552725312966, "log10_min_child_weight": 2.09871247475657, "log10_subsample": -0.5668696668755547, "max_depth": 9.0}, "datetime": {"datetime": "2024-01-18 06:38:18", "elapsed": 62013.394581, "delta": 121.985354}}
{"target": 0.0020246531296343184, "params": {"gamma": 80.64969699028973, "log10_alpha": -0.41931984687621604, "log10_colsample_bytree": -0.5745454331923281, "log10_eta": -1.6369793025828994, "log10_lambda": -4.60200675342158, "log10_min_child_weight": 0.306596193279437, "log10_subsample": -0.9376555091427274, "max_depth": 6.0}, "datetime": {"datetime": "2024-01-18 06:39:09", "elapsed": 62064.384898, "delta": 50.990317}}
{"target": -0.0003985604339010185, "params": {"gamma": 14.844010812656183, "log10_alpha": -4.919387680323202, "log10_colsample_bytree": -0.4479197110370742, "log10_eta": -2.2140173883265546, "log10_lambda": 0.7274067836868392, "log10_min_child_weight": 3.8658338334820015, "log10_subsample": -0.5369481221408479, "max_depth": 6.0}, "datetime": {"datetime": "2024-01-18 06:40:19", "elapsed": 62134.059165, "delta": 69.674267}}
{"target": 0.0015866564786404802, "params": {"gamma": 78.58927813306119, "log10_alpha": -1.274865340385686, "log10_colsample_bytree": -0.5383846641883486, "log10_eta": -1.947635557853018, "log10_lambda": -4.012452391886118, "log10_min_child_weight": 0.12234421222657887, "log10_subsample": -0.9058836918057223, "max_depth": 8.0}, "datetime": {"datetime": "2024-01-18 06:41:33", "elapsed": 62208.144677, "delta": 74.085512}}
{"target": -0.0005445454962315632, "params": {"gamma": 53.49477283092908, "log10_alpha": -1.2805924065910848, "log10_colsample_bytree": -0.4014427521380962, "log10_eta": -3.798362873892565, "log10_lambda": 0.2957435395365362, "log10_min_child_weight": 0.1680641941924793, "log10_subsample": -0.3464546191140966, "max_depth": 7.0}, "datetime": {"datetime": "2024-01-18 06:44:43", "elapsed": 62398.448687, "delta": 190.30401}}
{"target": 0.00027640444580359635, "params": {"gamma": 78.94513172239425, "log10_alpha": -2.104204263471667, "log10_colsample_bytree": -0.19266280808131597, "log10_eta": -1.2495012914077477, "log10_lambda": -3.398314806919875, "log10_min_child_weight": 0.6910254766360846, "log10_subsample": -0.7476931718858535, "max_depth": 8.0}, "datetime": {"datetime": "2024-01-18 06:45:29", "elapsed": 62443.665393, "delta": 45.216706}}
{"target": 0.0020900889162873693, "params": {"gamma": 80.27714657348989, "log10_alpha": -0.9471380250999265, "log10_colsample_bytree": -0.4863677364981224, "log10_eta": -1.9446985920579642, "log10_lambda": -4.439374319318451, "log10_min_child_weight": 0.5958730085340608, "log10_subsample": -1.0, "max_depth": 6.0}, "datetime": {"datetime": "2024-01-18 06:46:33", "elapsed": 62507.545036, "delta": 63.879643}}
{"target": -0.00013486695223113854, "params": {"gamma": 79.75278907262661, "log10_alpha": -4.6533968542302295, "log10_colsample_bytree": -0.28159910529791243, "log10_eta": -1.3348070675143933, "log10_lambda": -3.5349976658230524, "log10_min_child_weight": 1.600656515064835, "log10_subsample": -0.89201384632149, "max_depth": 8.0}, "datetime": {"datetime": "2024-01-18 06:47:11", "elapsed": 62546.017558, "delta": 38.472522}}
{"target": 0.0009447048809354819, "params": {"gamma": 86.57290588049926, "log10_alpha": -1.912508423056733, "log10_colsample_bytree": -0.40990052384887965, "log10_eta": -1.6420134745273347, "log10_lambda": -4.930329862122616, "log10_min_child_weight": 1.7034957006554214, "log10_subsample": -0.12615298998731994, "max_depth": 5.0}, "datetime": {"datetime": "2024-01-18 06:47:54", "elapsed": 62589.073023, "delta": 43.055465}}
{"target": 0.0015656615432007859, "params": {"gamma": 80.54733461539439, "log10_alpha": -1.869994116630885, "log10_colsample_bytree": -0.36775046594520244, "log10_eta": -2.3867509772177717, "log10_lambda": -4.215447695760318, "log10_min_child_weight": 0.12111353767763455, "log10_subsample": -0.9879646484104089, "max_depth": 5.0}, "datetime": {"datetime": "2024-01-18 06:49:16", "elapsed": 62670.960175, "delta": 81.887152}}
{"target": -7.666567360967158e-05, "params": {"gamma": 18.71339640134908, "log10_alpha": -4.644019890720153, "log10_colsample_bytree": -0.547622459277485, "log10_eta": -2.493709875485666, "log10_lambda": -0.09363549083907508, "log10_min_child_weight": 1.0811670322560114, "log10_subsample": -0.1054135010306061, "max_depth": 3.0}, "datetime": {"datetime": "2024-01-18 06:50:17", "elapsed": 62731.741543, "delta": 60.781368}}
{"target": -0.0008794659539370642, "params": {"gamma": 27.582949700188543, "log10_alpha": -3.9919092194675407, "log10_colsample_bytree": -0.26980854507278285, "log10_eta": -3.6658869380236325, "log10_lambda": -4.760103402282061, "log10_min_child_weight": 4.963829544159038, "log10_subsample": -0.6329290586183521, "max_depth": 4.0}, "datetime": {"datetime": "2024-01-18 06:50:53", "elapsed": 62767.889647, "delta": 36.148104}}
{"target": 0.002198856290893586, "params": {"gamma": 80.11958088472682, "log10_alpha": -3.4361063559688994, "log10_colsample_bytree": -0.49377557650494064, "log10_eta": -2.116081012366617, "log10_lambda": -3.6135284938118737, "log10_min_child_weight": 0.015348614430830687, "log10_subsample": -0.8461040209721439, "max_depth": 7.0}, "datetime": {"datetime": "2024-01-18 06:52:14", "elapsed": 62848.549953, "delta": 80.660306}}
{"target": 0.0009614489412667071, "params": {"gamma": 79.1119343127042, "log10_alpha": -1.728955451063138, "log10_colsample_bytree": -0.12111386575529293, "log10_eta": -2.7980952605504195, "log10_lambda": -3.604697764272756, "log10_min_child_weight": 0.5400520170944045, "log10_subsample": -0.6243273296511255, "max_depth": 8.0}, "datetime": {"datetime": "2024-01-18 06:55:25", "elapsed": 63039.601658, "delta": 191.051705}}
{"target": 0.0013831126236886204, "params": {"gamma": 81.36167274062541, "log10_alpha": -1.559042457774618, "log10_colsample_bytree": -0.33097911926236545, "log10_eta": -2.3137891534852515, "log10_lambda": -1.8894541059342091, "log10_min_child_weight": 1.006030553827575, "log10_subsample": -0.14064084869486593, "max_depth": 8.0}, "datetime": {"datetime": "2024-01-18 06:57:02", "elapsed": 63136.808481, "delta": 97.206823}}
{"target": 0.0017511566429337933, "params": {"gamma": 78.99581957129527, "log10_alpha": -3.205116679172537, "log10_colsample_bytree": -0.32932827582161706, "log10_eta": -2.0630170079283747, "log10_lambda": -2.0546248737464192, "log10_min_child_weight": 1.411799368199444, "log10_subsample": -0.9157041217038904, "max_depth": 7.0}, "datetime": {"datetime": "2024-01-18 06:58:06", "elapsed": 63200.675422, "delta": 63.866941}}
{"target": -9.014078678223902e-05, "params": {"gamma": 79.53856991615554, "log10_alpha": -3.9024282830381276, "log10_colsample_bytree": -0.373511581991145, "log10_eta": -1.2469045465262725, "log10_lambda": -4.990338468764469, "log10_min_child_weight": 1.9892543415717912, "log10_subsample": -0.8622658892833772, "max_depth": 9.0}, "datetime": {"datetime": "2024-01-18 06:58:46", "elapsed": 63240.973052, "delta": 40.29763}}
