{"target": 0.001346202911345129, "params": {"gamma": 81.22162413004274, "log10_alpha": -4.514926785353543, "log10_colsample_bytree": -0.4733058779349085, "log10_eta": -1.8915062564352465, "log10_lambda": -0.9638628716520659, "log10_min_child_weight": 1.8107715379022444, "log10_subsample": -0.2382441793203688, "max_depth": 5.0}, "datetime": {"datetime": "2024-01-18 00:42:04", "elapsed": 40639.461795, "delta": 52.214413}}
{"target": 0.0017284667416098687, "params": {"gamma": 80.67923970849627, "log10_alpha": -4.470496848916751, "log10_colsample_bytree": -0.2235687571947821, "log10_eta": -2.2139104447247187, "log10_lambda": -4.292206244574054, "log10_min_child_weight": 1.9329276979666032, "log10_subsample": -0.8443005691882555, "max_depth": 8.0}, "datetime": {"datetime": "2024-01-18 00:43:26", "elapsed": 40720.610025, "delta": 81.14823}}
{"target": 0.0011627163445687705, "params": {"gamma": 77.33646257532018, "log10_alpha": -2.3927904766924213, "log10_colsample_bytree": -0.4235755972610893, "log10_eta": -1.5355312056627195, "log10_lambda": -3.938893658780314, "log10_min_child_weight": 0.8788552501868008, "log10_subsample": -0.7662973361359544, "max_depth": 4.0}, "datetime": {"datetime": "2024-01-18 00:44:09", "elapsed": 40764.210098, "delta": 43.600073}}
{"target": 0.0014238400320565336, "params": {"gamma": 79.86853292852429, "log10_alpha": -3.8036734321757173, "log10_colsample_bytree": -0.22684388632750996, "log10_eta": -2.3675811296933804, "log10_lambda": -3.6325898267157104, "log10_min_child_weight": 0.1356030162213312, "log10_subsample": -0.9042236733969049, "max_depth": 7.0}, "datetime": {"datetime": "2024-01-18 00:45:39", "elapsed": 40853.561813, "delta": 89.351715}}
{"target": 0.0008635928803887583, "params": {"gamma": 79.72468695648973, "log10_alpha": -4.115239482921172, "log10_colsample_bytree": -0.8823576685686773, "log10_eta": -1.5151850786258398, "log10_lambda": -4.782862759524172, "log10_min_child_weight": 0.8983424556209568, "log10_subsample": -0.8559413872798776, "max_depth": 7.0}, "datetime": {"datetime": "2024-01-18 00:46:27", "elapsed": 40902.07167, "delta": 48.509857}}
{"target": -0.0006223765942554027, "params": {"gamma": 75.23720117619415, "log10_alpha": 0.5192323107986461, "log10_colsample_bytree": -0.4034764090641615, "log10_eta": -1.0155100974350528, "log10_lambda": -1.9925881728197172, "log10_min_child_weight": 3.2516962466022243, "log10_subsample": -0.3125026992170419, "max_depth": 7.0}, "datetime": {"datetime": "2024-01-18 00:47:03", "elapsed": 40937.925791, "delta": 35.854121}}
{"target": 0.0013227915856221795, "params": {"gamma": 79.32611302889018, "log10_alpha": -1.7052510357864277, "log10_colsample_bytree": -0.5767837851865428, "log10_eta": -2.190816178457624, "log10_lambda": -4.975772265430626, "log10_min_child_weight": 0.802177331831519, "log10_subsample": -0.7363786442354027, "max_depth": 7.0}, "datetime": {"datetime": "2024-01-18 00:48:15", "elapsed": 41010.008964, "delta": 72.083173}}
{"target": -0.00014508265253415642, "params": {"gamma": 91.40854255223626, "log10_alpha": -2.3963537987507006, "log10_colsample_bytree": -0.6327495441444783, "log10_eta": -2.8244092926599587, "log10_lambda": -0.7705064566988602, "log10_min_child_weight": 1.8727893641922506, "log10_subsample": -0.2786335294504595, "max_depth": 4.0}, "datetime": {"datetime": "2024-01-18 00:49:43", "elapsed": 41098.176679, "delta": 88.167715}}
{"target": 0.0012714716757599442, "params": {"gamma": 80.02428281087474, "log10_alpha": -0.2684785874761033, "log10_colsample_bytree": -0.1721589470843945, "log10_eta": -2.2045413724239245, "log10_lambda": -4.472030605430141, "log10_min_child_weight": 0.7192667093257754, "log10_subsample": -0.9619423108178419, "max_depth": 6.0}, "datetime": {"datetime": "2024-01-18 00:50:51", "elapsed": 41165.8837, "delta": 67.707021}}
{"target": 0.0007552657381472427, "params": {"gamma": 79.48078175969876, "log10_alpha": -4.277580001643629, "log10_colsample_bytree": -0.7716660092493509, "log10_eta": -1.5090680833741263, "log10_lambda": -1.3872081905421254, "log10_min_child_weight": 1.1563811399592994, "log10_subsample": -0.38050828421988303, "max_depth": 5.0}, "datetime": {"datetime": "2024-01-18 00:51:31", "elapsed": 41206.355149, "delta": 40.471449}}
{"target": 0.0009976035785940196, "params": {"gamma": 80.70599016341546, "log10_alpha": -2.3682897168479182, "log10_colsample_bytree": -0.5626549915002721, "log10_eta": -1.5546829602139192, "log10_lambda": -2.9900400321248166, "log10_min_child_weight": 0.17585898776026843, "log10_subsample": -0.5847649028493903, "max_depth": 7.0}, "datetime": {"datetime": "2024-01-18 00:52:24", "elapsed": 41259.471094, "delta": 53.115945}}
{"target": 0.0018421211362613377, "params": {"gamma": 80.16944092799129, "log10_alpha": -2.179870129166135, "log10_colsample_bytree": -0.391786721939008, "log10_eta": -1.5417797206075912, "log10_lambda": -2.554889111230875, "log10_min_child_weight": 0.3792386140246781, "log10_subsample": -1.0, "max_depth": 6.0}, "datetime": {"datetime": "2024-01-18 00:53:08", "elapsed": 41303.219775, "delta": 43.748681}}
{"target": 0.00014522213342924029, "params": {"gamma": 17.82196348787143, "log10_alpha": 0.0778618568753604, "log10_colsample_bytree": -0.5303759153129051, "log10_eta": -1.7085134476487456, "log10_lambda": -2.5789251641597772, "log10_min_child_weight": 4.025719294737068, "log10_subsample": -0.8416601726511442, "max_depth": 5.0}, "datetime": {"datetime": "2024-01-18 00:54:14", "elapsed": 41368.621592, "delta": 65.401817}}
{"target": 0.0008159170660737569, "params": {"gamma": 77.7902994295889, "log10_alpha": -1.986482573199992, "log10_colsample_bytree": -0.8628405637991783, "log10_eta": -1.7271872300563578, "log10_lambda": -1.5636477874868975, "log10_min_child_weight": 0.7450823903211096, "log10_subsample": -0.2854813014309656, "max_depth": 7.0}, "datetime": {"datetime": "2024-01-18 00:55:04", "elapsed": 41419.078086, "delta": 50.456494}}
{"target": 0.0008612849221554808, "params": {"gamma": 79.9688971444375, "log10_alpha": -4.779548736772575, "log10_colsample_bytree": -0.4144615961455149, "log10_eta": -2.557432544914558, "log10_lambda": -4.641783712692254, "log10_min_child_weight": 1.788352014015484, "log10_subsample": -0.9299351622025005, "max_depth": 9.0}, "datetime": {"datetime": "2024-01-18 00:56:41", "elapsed": 41515.801194, "delta": 96.723108}}
{"target": 0.0011051341894812716, "params": {"gamma": 78.8887939266292, "log10_alpha": -3.6278782666418277, "log10_colsample_bytree": -0.2957019787276315, "log10_eta": -2.861066954730621, "log10_lambda": -3.719312315894367, "log10_min_child_weight": 1.6782305837233387, "log10_subsample": -0.8921239919227301, "max_depth": 8.0}, "datetime": {"datetime": "2024-01-18 00:59:11", "elapsed": 41665.897257, "delta": 150.096063}}
{"target": 0.0006889106365541298, "params": {"gamma": 79.79703679440196, "log10_alpha": -2.5607786896154776, "log10_colsample_bytree": -0.8319900256980972, "log10_eta": -2.0452791805246693, "log10_lambda": -2.894910029398834, "log10_min_child_weight": 0.7411162596018739, "log10_subsample": -0.5837147681418906, "max_depth": 5.0}, "datetime": {"datetime": "2024-01-18 01:00:07", "elapsed": 41721.928869, "delta": 56.031612}}
{"target": -0.0006319443711024775, "params": {"gamma": 16.87826485984565, "log10_alpha": -4.975894132414395, "log10_colsample_bytree": -0.0412166178581197, "log10_eta": -1.9983894204758825, "log10_lambda": 0.8809989213046094, "log10_min_child_weight": 4.438443078929096, "log10_subsample": -0.49277882813801055, "max_depth": 5.0}, "datetime": {"datetime": "2024-01-18 01:01:01", "elapsed": 41776.183481, "delta": 54.254612}}
{"target": 0.0009965335070303283, "params": {"gamma": 8.927181118251937, "log10_alpha": -3.6956222492893973, "log10_colsample_bytree": -0.3810776493258988, "log10_eta": -1.2234558788651735, "log10_lambda": -2.956013356492216, "log10_min_child_weight": 0.5991088243277293, "log10_subsample": -0.16149473906979128, "max_depth": 9.0}, "datetime": {"datetime": "2024-01-18 01:01:56", "elapsed": 41830.705018, "delta": 54.521537}}
{"target": -0.00016500408378092302, "params": {"gamma": 80.97615235580771, "log10_alpha": -4.988444228171984, "log10_colsample_bytree": -0.24575642290339395, "log10_eta": -1.2558154622548638, "log10_lambda": -1.3464808288026804, "log10_min_child_weight": 1.7418105585476207, "log10_subsample": -0.897984967762886, "max_depth": 6.0}, "datetime": {"datetime": "2024-01-18 01:02:32", "elapsed": 41867.053761, "delta": 36.348743}}
{"target": 0.0021126091367327515, "params": {"gamma": 95.39725510522426, "log10_alpha": -4.999578336762907, "log10_colsample_bytree": -0.6075745426417275, "log10_eta": -1.5978313649873983, "log10_lambda": -2.345987773536703, "log10_min_child_weight": 1.794941689301034, "log10_subsample": -0.8694546789166749, "max_depth": 4.0}, "datetime": {"datetime": "2024-01-18 01:03:25", "elapsed": 41920.312051, "delta": 53.25829}}
{"target": 0.0009569334695581633, "params": {"gamma": 80.10127184042727, "log10_alpha": -1.7449003244759043, "log10_colsample_bytree": -0.1277258533060731, "log10_eta": -2.6469871477453024, "log10_lambda": -3.213949494283372, "log10_min_child_weight": 0.275594237328905, "log10_subsample": -0.9775322774108728, "max_depth": 8.0}, "datetime": {"datetime": "2024-01-18 01:05:31", "elapsed": 42046.427828, "delta": 126.115777}}
{"target": 0.0005392933478008954, "params": {"gamma": 28.340376883766606, "log10_alpha": -2.151311592485934, "log10_colsample_bytree": -0.31681975499835036, "log10_eta": -2.3032103096892684, "log10_lambda": -4.718691930981363, "log10_min_child_weight": 2.2974862156550997, "log10_subsample": -0.5753826808740338, "max_depth": 5.0}, "datetime": {"datetime": "2024-01-18 01:06:38", "elapsed": 42112.853665, "delta": 66.425837}}
{"target": 0.0015745934850531218, "params": {"gamma": 79.96930663650394, "log10_alpha": -4.075375997813558, "log10_colsample_bytree": -0.1826383789154583, "log10_eta": -2.4238008583553774, "log10_lambda": -3.1118872533817146, "log10_min_child_weight": 1.4043965824147868, "log10_subsample": -0.789596122977907, "max_depth": 9.0}, "datetime": {"datetime": "2024-01-18 01:08:38", "elapsed": 42232.882756, "delta": 120.029091}}
{"target": 0.0008021127771465353, "params": {"gamma": 80.00744267416763, "log10_alpha": -4.697403206702304, "log10_colsample_bytree": -0.8133938843629004, "log10_eta": -2.402205744708877, "log10_lambda": -1.0096970398071052, "log10_min_child_weight": 1.9848450734038718, "log10_subsample": -0.1193411504507158, "max_depth": 5.0}, "datetime": {"datetime": "2024-01-18 01:10:04", "elapsed": 42318.711979, "delta": 85.829223}}
{"target": 0.00034461035510249816, "params": {"gamma": 95.78978225204544, "log10_alpha": -4.937543020003596, "log10_colsample_bytree": -0.7723819753585942, "log10_eta": -1.4000423093132661, "log10_lambda": -2.4163956613485347, "log10_min_child_weight": 2.1735104191864845, "log10_subsample": -0.8011026543015246, "max_depth": 3.0}, "datetime": {"datetime": "2024-01-18 01:10:50", "elapsed": 42364.901178, "delta": 46.189199}}
{"target": 0.0009158451763433828, "params": {"gamma": 79.86671853249693, "log10_alpha": -4.50389881164029, "log10_colsample_bytree": -0.34594279438550246, "log10_eta": -2.1686409163670914, "log10_lambda": -1.1078323318894059, "log10_min_child_weight": 1.468341265057413, "log10_subsample": -0.07739990502704508, "max_depth": 6.0}, "datetime": {"datetime": "2024-01-18 01:11:51", "elapsed": 42426.368161, "delta": 61.466983}}
{"target": 2.1239882877083227e-05, "params": {"gamma": 97.1123398919395, "log10_alpha": -1.1702471513286743, "log10_colsample_bytree": -0.768986353283909, "log10_eta": -1.530615671706478, "log10_lambda": -3.565914101998727, "log10_min_child_weight": 1.9591657928523891, "log10_subsample": -0.9255857155466204, "max_depth": 8.0}, "datetime": {"datetime": "2024-01-18 01:12:34", "elapsed": 42469.458177, "delta": 43.090016}}
{"target": 0.0016576256409226164, "params": {"gamma": 79.72237046924388, "log10_alpha": -3.6445372729190035, "log10_colsample_bytree": -0.21071338507373272, "log10_eta": -1.994663225382495, "log10_lambda": -3.6999887213116187, "log10_min_child_weight": 1.3296864680173943, "log10_subsample": -0.9248418047924597, "max_depth": 9.0}, "datetime": {"datetime": "2024-01-18 01:13:46", "elapsed": 42540.557754, "delta": 71.099577}}
{"target": 0.0011135680264491021, "params": {"gamma": 94.69964437810533, "log10_alpha": -4.814470511536254, "log10_colsample_bytree": -0.18604560631065503, "log10_eta": -2.0931603363562243, "log10_lambda": -2.2200552354757837, "log10_min_child_weight": 1.7462289453696034, "log10_subsample": -0.37916219711948373, "max_depth": 4.0}, "datetime": {"datetime": "2024-01-18 01:14:39", "elapsed": 42594.287564, "delta": 53.72981}}
{"target": 0.0015147263439909686, "params": {"gamma": 95.75657447185634, "log10_alpha": -4.67406058076631, "log10_colsample_bytree": -0.5151557830656311, "log10_eta": -1.1713295188705182, "log10_lambda": -2.1776635049419575, "log10_min_child_weight": 1.307620139836404, "log10_subsample": -0.8006543578156863, "max_depth": 3.0}, "datetime": {"datetime": "2024-01-18 01:15:19", "elapsed": 42634.333007, "delta": 40.045443}}
{"target": -0.0004981765714080488, "params": {"gamma": 14.496237631415587, "log10_alpha": -4.668420135653063, "log10_colsample_bytree": -0.2701891524973883, "log10_eta": -2.8157564408843694, "log10_lambda": -0.4779754613687217, "log10_min_child_weight": 3.865956009927587, "log10_subsample": -0.6386388861760899, "max_depth": 8.0}, "datetime": {"datetime": "2024-01-18 01:17:31", "elapsed": 42765.65382, "delta": 131.320813}}
{"target": 0.000370745801962058, "params": {"gamma": 80.73126577527108, "log10_alpha": -3.779185592751214, "log10_colsample_bytree": -0.4495340467531118, "log10_eta": -2.0807485948746844, "log10_lambda": -4.992281153269687, "log10_min_child_weight": 2.725480026851898, "log10_subsample": -0.5716287679696253, "max_depth": 8.0}, "datetime": {"datetime": "2024-01-18 01:18:28", "elapsed": 42822.581028, "delta": 56.927208}}
{"target": 0.0015025038009444658, "params": {"gamma": 95.62139621038236, "log10_alpha": -4.34096199734167, "log10_colsample_bytree": -0.4695024046744726, "log10_eta": -1.7616146985909595, "log10_lambda": -2.9702567088612915, "log10_min_child_weight": 1.7163078458466692, "log10_subsample": -0.5071248328729905, "max_depth": 5.0}, "datetime": {"datetime": "2024-01-18 01:19:20", "elapsed": 42874.793269, "delta": 52.212241}}
{"target": 0.0011898150765799753, "params": {"gamma": 95.6859691477335, "log10_alpha": -4.078960394953716, "log10_colsample_bytree": -0.7301593165431743, "log10_eta": -1.1155964716670161, "log10_lambda": -2.2091313483316655, "log10_min_child_weight": 1.076737688279168, "log10_subsample": -0.9196075434019331, "max_depth": 3.0}, "datetime": {"datetime": "2024-01-18 01:19:59", "elapsed": 42914.240517, "delta": 39.447248}}
{"target": 0.0003938482131593535, "params": {"gamma": 95.32080247535292, "log10_alpha": -4.980051203826543, "log10_colsample_bytree": -0.3681980270573006, "log10_eta": -1.60851515934745, "log10_lambda": -2.7484655271688534, "log10_min_child_weight": 1.6882240025167112, "log10_subsample": -0.9824149803944618, "max_depth": 4.0}, "datetime": {"datetime": "2024-01-18 01:20:42", "elapsed": 42956.675862, "delta": 42.435345}}
{"target": 0.0009746229525267602, "params": {"gamma": 77.93948293239681, "log10_alpha": -1.5987211406479442, "log10_colsample_bytree": -0.9048052549960665, "log10_eta": -1.7411866678370052, "log10_lambda": -3.5192376158546224, "log10_min_child_weight": 1.1871658859239016, "log10_subsample": -0.9100113417856311, "max_depth": 5.0}, "datetime": {"datetime": "2024-01-18 01:21:29", "elapsed": 43004.27375, "delta": 47.597888}}
{"target": 0.001128384974120461, "params": {"gamma": 78.88811158609471, "log10_alpha": -2.628308320914096, "log10_colsample_bytree": -0.13759259982697067, "log10_eta": -1.85297467591183, "log10_lambda": -4.167125221939042, "log10_min_child_weight": 0.08690569959163351, "log10_subsample": -0.9163967835966117, "max_depth": 4.0}, "datetime": {"datetime": "2024-01-18 01:22:20", "elapsed": 43055.354917, "delta": 51.081167}}
{"target": 0.0009027859208724232, "params": {"gamma": 79.01660162281729, "log10_alpha": -3.8882764144917292, "log10_colsample_bytree": -0.2466352655468873, "log10_eta": -2.673065119101413, "log10_lambda": -3.7197442748409153, "log10_min_child_weight": 1.978973174727039, "log10_subsample": -0.7110323954850515, "max_depth": 9.0}, "datetime": {"datetime": "2024-01-18 01:24:20", "elapsed": 43175.206798, "delta": 119.851881}}
{"target": 0.0013705218285169907, "params": {"gamma": 80.42131538934254, "log10_alpha": -0.011459178348053989, "log10_colsample_bytree": -0.390752529645074, "log10_eta": -1.9410161911491666, "log10_lambda": -4.960039407115874, "log10_min_child_weight": 1.333317937916606, "log10_subsample": -0.7301883047090788, "max_depth": 6.0}, "datetime": {"datetime": "2024-01-18 01:25:14", "elapsed": 43228.803958, "delta": 53.59716}}
{"target": 0.0011149573706722427, "params": {"gamma": 78.22940818133657, "log10_alpha": -2.477747314862918, "log10_colsample_bytree": -0.5560200782557493, "log10_eta": -1.9263382816846013, "log10_lambda": -3.3158172796207785, "log10_min_child_weight": 0.43161514132949386, "log10_subsample": -0.27827319414647445, "max_depth": 5.0}, "datetime": {"datetime": "2024-01-18 01:26:06", "elapsed": 43280.648252, "delta": 51.844294}}
{"target": 0.0012211880011170073, "params": {"gamma": 95.43536724631745, "log10_alpha": -4.954008742484357, "log10_colsample_bytree": -0.8033280917630657, "log10_eta": -1.557131443996325, "log10_lambda": -1.9300784812158625, "log10_min_child_weight": 1.8130104203639936, "log10_subsample": -0.7392193436962009, "max_depth": 4.0}, "datetime": {"datetime": "2024-01-18 01:26:52", "elapsed": 43327.470541, "delta": 46.822289}}
{"target": 0.0004490625850323837, "params": {"gamma": 18.285728635103105, "log10_alpha": -4.628454191320469, "log10_colsample_bytree": -0.49501118325303806, "log10_eta": -2.772112301854176, "log10_lambda": -4.963598744522283, "log10_min_child_weight": 2.3101891388959013, "log10_subsample": -0.05743342364482873, "max_depth": 4.0}, "datetime": {"datetime": "2024-01-18 01:28:38", "elapsed": 43433.439702, "delta": 105.969161}}
{"target": 0.0009608612123504778, "params": {"gamma": 80.6470252580109, "log10_alpha": -0.4763596411103208, "log10_colsample_bytree": -0.25045936943514757, "log10_eta": -1.4778934437237563, "log10_lambda": -4.605771506206067, "log10_min_child_weight": 0.32194343902903266, "log10_subsample": -0.634662063557307, "max_depth": 6.0}, "datetime": {"datetime": "2024-01-18 01:29:24", "elapsed": 43478.935656, "delta": 45.495954}}
{"target": 0.0017752203238297348, "params": {"gamma": 78.6559645694565, "log10_alpha": -3.935268990178545, "log10_colsample_bytree": -0.4994927352912413, "log10_eta": -1.6010715751256104, "log10_lambda": -4.486678680825664, "log10_min_child_weight": 1.6927817899643598, "log10_subsample": -0.7996086993274086, "max_depth": 8.0}, "datetime": {"datetime": "2024-01-18 01:30:17", "elapsed": 43531.558221, "delta": 52.622565}}
{"target": -0.00020324256719342348, "params": {"gamma": 79.60942795584992, "log10_alpha": -2.0976181817639246, "log10_colsample_bytree": -0.7179249466931418, "log10_eta": -1.026450186770898, "log10_lambda": -2.5381572053167396, "log10_min_child_weight": 0.11167058536138474, "log10_subsample": -0.7683771150899588, "max_depth": 6.0}, "datetime": {"datetime": "2024-01-18 01:30:54", "elapsed": 43568.594053, "delta": 37.035832}}
{"target": 0.0007853380884663974, "params": {"gamma": 78.47496879275533, "log10_alpha": -2.8915883455545917, "log10_colsample_bytree": -0.5655359598093945, "log10_eta": -1.9533648432834099, "log10_lambda": -4.539537146570508, "log10_min_child_weight": 0.34439850901573976, "log10_subsample": -0.6103153330937443, "max_depth": 4.0}, "datetime": {"datetime": "2024-01-18 01:31:40", "elapsed": 43615.420658, "delta": 46.826605}}
{"target": 0.0015224560850881919, "params": {"gamma": 78.3427998471152, "log10_alpha": -3.623244423323716, "log10_colsample_bytree": -0.011691886619765723, "log10_eta": -2.020813478667075, "log10_lambda": -4.893909029916992, "log10_min_child_weight": 1.1013056463975368, "log10_subsample": -0.9554965586472243, "max_depth": 9.0}, "datetime": {"datetime": "2024-01-18 01:32:53", "elapsed": 43688.061262, "delta": 72.640604}}
{"target": -0.000446333758121642, "params": {"gamma": 78.9996656573598, "log10_alpha": -0.7735341668759714, "log10_colsample_bytree": -0.24929255084626223, "log10_eta": -3.8064499869607875, "log10_lambda": -0.028691504295782266, "log10_min_child_weight": 0.8395827003600048, "log10_subsample": -0.5839803778604123, "max_depth": 8.0}, "datetime": {"datetime": "2024-01-18 01:37:10", "elapsed": 43945.082982, "delta": 257.02172}}
{"target": -0.0003793539438256277, "params": {"gamma": 11.658167235880768, "log10_alpha": -0.35098143066851684, "log10_colsample_bytree": -0.3244814013632338, "log10_eta": -1.1205091534827232, "log10_lambda": -1.822465147710414, "log10_min_child_weight": 3.6538679986366267, "log10_subsample": -0.3438328091836049, "max_depth": 6.0}, "datetime": {"datetime": "2024-01-18 01:37:46", "elapsed": 43981.400248, "delta": 36.317266}}
{"target": 0.0006109109652021882, "params": {"gamma": 78.49766272669999, "log10_alpha": -1.694231752493609, "log10_colsample_bytree": -0.9960471998868149, "log10_eta": -1.7207219790256962, "log10_lambda": -2.0442516473872514, "log10_min_child_weight": 0.13406249108473434, "log10_subsample": -0.03872580377630641, "max_depth": 6.0}, "datetime": {"datetime": "2024-01-18 01:38:36", "elapsed": 44030.588194, "delta": 49.187946}}
