{"target": 0.0014030842168849533, "params": {"gamma": 32.76470744431664, "log10_alpha": 0.21604541821022583, "log10_colsample_bytree": -0.3151420233712403, "log10_eta": -2.180133025703755, "log10_lambda": -0.7395537003847323, "log10_min_child_weight": 0.2840836021999249, "log10_subsample": -0.8640358498895045, "max_depth": 7.0}, "datetime": {"datetime": "2024-01-18 04:57:42", "elapsed": 55977.040693, "delta": 75.245199}}
{"target": 0.0012145200967673964, "params": {"gamma": 51.90743514994936, "log10_alpha": -3.936740235386015, "log10_colsample_bytree": -0.027296505145089744, "log10_eta": -1.9765013814050292, "log10_lambda": -2.6573350320095774, "log10_min_child_weight": 1.9664381723263387, "log10_subsample": -0.18107427029373258, "max_depth": 9.0}, "datetime": {"datetime": "2024-01-18 04:58:40", "elapsed": 56034.91691, "delta": 57.876217}}
{"target": 0.0014697976500381293, "params": {"gamma": 79.3353931334816, "log10_alpha": -1.246176391422189, "log10_colsample_bytree": -0.3726219279427665, "log10_eta": -2.266186112226877, "log10_lambda": -4.17444086194025, "log10_min_child_weight": 0.9126672224326465, "log10_subsample": -0.9732332543981215, "max_depth": 6.0}, "datetime": {"datetime": "2024-01-18 04:59:51", "elapsed": 56106.192347, "delta": 71.275437}}
{"target": 0.0011556022170891578, "params": {"gamma": 79.7970833695557, "log10_alpha": -0.5553245325967175, "log10_colsample_bytree": -0.19401416033323482, "log10_eta": -1.8483245706325313, "log10_lambda": -4.495256964494539, "log10_min_child_weight": 0.36105735157596797, "log10_subsample": -0.49157649508718626, "max_depth": 7.0}, "datetime": {"datetime": "2024-01-18 05:00:43", "elapsed": 56157.961216, "delta": 51.768869}}
{"target": 0.00039930558527248583, "params": {"gamma": 79.34706984978256, "log10_alpha": -1.7416162172351526, "log10_colsample_bytree": -0.1384249533779991, "log10_eta": -1.3081876584322747, "log10_lambda": -4.895326523377403, "log10_min_child_weight": 0.25620054006562365, "log10_subsample": -0.6919933532279245, "max_depth": 5.0}, "datetime": {"datetime": "2024-01-18 05:01:21", "elapsed": 56195.806524, "delta": 37.845308}}
{"target": 0.0018477783452121033, "params": {"gamma": 79.34688035310248, "log10_alpha": -2.494234739306212, "log10_colsample_bytree": -0.09567888716319384, "log10_eta": -1.9344454248458327, "log10_lambda": -1.6805380306093294, "log10_min_child_weight": 1.2908660048968899, "log10_subsample": -1.0, "max_depth": 6.0}, "datetime": {"datetime": "2024-01-18 05:02:17", "elapsed": 56252.021384, "delta": 56.21486}}
{"target": 0.0017886109496502434, "params": {"gamma": 80.78143711695166, "log10_alpha": -1.7219702006490323, "log10_colsample_bytree": -0.27479727507786866, "log10_eta": -1.5266051539695642, "log10_lambda": -1.9785033362898004, "log10_min_child_weight": 0.8392113826022118, "log10_subsample": -0.9841180930020907, "max_depth": 7.0}, "datetime": {"datetime": "2024-01-18 05:03:04", "elapsed": 56299.090198, "delta": 47.068814}}
{"target": 0.001506875917004824, "params": {"gamma": 79.13741160724645, "log10_alpha": -2.5083672205806673, "log10_colsample_bytree": -0.005024844273823104, "log10_eta": -2.228989451447355, "log10_lambda": -2.2792537494644867, "log10_min_child_weight": 1.189728878563236, "log10_subsample": -0.9486922643337599, "max_depth": 6.0}, "datetime": {"datetime": "2024-01-18 05:04:16", "elapsed": 56371.52461, "delta": 72.434412}}
{"target": 0.0023153616595530946, "params": {"gamma": 80.42798670411716, "log10_alpha": -2.8627049367193855, "log10_colsample_bytree": -0.4570449101376124, "log10_eta": -1.756096200332591, "log10_lambda": -4.297799489328588, "log10_min_child_weight": 0.0, "log10_subsample": -0.9971457104878393, "max_depth": 6.0}, "datetime": {"datetime": "2024-01-18 05:05:08", "elapsed": 56423.291966, "delta": 51.767356}}
{"target": 0.0009291875439463582, "params": {"gamma": 80.44670770612743, "log10_alpha": -4.716399649338317, "log10_colsample_bytree": -0.819655764654517, "log10_eta": -2.2741396350016894, "log10_lambda": -4.237789653930795, "log10_min_child_weight": 1.305362736525712, "log10_subsample": -0.47090697494630906, "max_depth": 7.0}, "datetime": {"datetime": "2024-01-18 05:06:31", "elapsed": 56505.826849, "delta": 82.534883}}
{"target": 0.0015093669608201299, "params": {"gamma": 80.259583507835, "log10_alpha": -0.6310612177131629, "log10_colsample_bytree": -0.19822784793206494, "log10_eta": -2.0005771341361878, "log10_lambda": -4.610595051875448, "log10_min_child_weight": 0.9106360839630723, "log10_subsample": -0.9554571199484422, "max_depth": 7.0}, "datetime": {"datetime": "2024-01-18 05:07:33", "elapsed": 56567.581471, "delta": 61.754622}}
{"target": 0.000778421406878671, "params": {"gamma": 29.82287939922932, "log10_alpha": -4.052961421968331, "log10_colsample_bytree": -0.46761009939233433, "log10_eta": -2.687494507751747, "log10_lambda": -0.10199111255258408, "log10_min_child_weight": 2.0551004800354895, "log10_subsample": -0.3045870831380403, "max_depth": 5.0}, "datetime": {"datetime": "2024-01-18 05:09:11", "elapsed": 56666.25564, "delta": 98.674169}}
{"target": 0.0006615393445678908, "params": {"gamma": 80.78927286972814, "log10_alpha": -2.542848581318747, "log10_colsample_bytree": -0.00957767561104983, "log10_eta": -1.5409711332786067, "log10_lambda": -2.197555384748444, "log10_min_child_weight": 0.7308953393059359, "log10_subsample": -0.07707722662120275, "max_depth": 8.0}, "datetime": {"datetime": "2024-01-18 05:09:59", "elapsed": 56714.467895, "delta": 48.212255}}
{"target": 0.0013977482176137368, "params": {"gamma": 81.10133011702524, "log10_alpha": -1.9550080013885234, "log10_colsample_bytree": -0.8450158653959864, "log10_eta": -1.4423612646063795, "log10_lambda": -1.9977593388300887, "log10_min_child_weight": 0.9538971064163049, "log10_subsample": -0.4681886254201524, "max_depth": 8.0}, "datetime": {"datetime": "2024-01-18 05:10:50", "elapsed": 56764.931223, "delta": 50.463328}}
{"target": 0.0006983465899414454, "params": {"gamma": 79.76723301963776, "log10_alpha": -1.414481074276574, "log10_colsample_bytree": -0.11026200351544357, "log10_eta": -1.970927660383691, "log10_lambda": -2.565461053161356, "log10_min_child_weight": 0.3564529564413138, "log10_subsample": -0.5580121152518323, "max_depth": 7.0}, "datetime": {"datetime": "2024-01-18 05:11:45", "elapsed": 56820.3043, "delta": 55.373077}}
{"target": 0.0015658710943767806, "params": {"gamma": 79.81367715114091, "log10_alpha": -3.331132832929669, "log10_colsample_bytree": -0.08673932877074231, "log10_eta": -2.4543694001877028, "log10_lambda": -2.037782622376569, "log10_min_child_weight": 1.4197868299870597, "log10_subsample": -0.794547545087563, "max_depth": 7.0}, "datetime": {"datetime": "2024-01-18 05:13:26", "elapsed": 56920.798231, "delta": 100.493931}}
{"target": 0.0005975829979606717, "params": {"gamma": 79.26718373520416, "log10_alpha": -1.7532910290666264, "log10_colsample_bytree": -0.9445747269624393, "log10_eta": -2.3560646913078824, "log10_lambda": -4.6767523987911535, "log10_min_child_weight": 0.0908524559205337, "log10_subsample": -0.7007969230589631, "max_depth": 6.0}, "datetime": {"datetime": "2024-01-18 05:14:41", "elapsed": 56995.777438, "delta": 74.979207}}
{"target": 0.0018829352541511746, "params": {"gamma": 80.22871249353084, "log10_alpha": -4.05221762267113, "log10_colsample_bytree": -0.5774217773898855, "log10_eta": -1.6194929327410783, "log10_lambda": -0.5147101053507903, "log10_min_child_weight": 1.663029323012295, "log10_subsample": -0.7060200184112394, "max_depth": 6.0}, "datetime": {"datetime": "2024-01-18 05:15:31", "elapsed": 57045.826834, "delta": 50.049396}}
{"target": 0.0022320570937467143, "params": {"gamma": 79.90659638137622, "log10_alpha": -1.2438857724999466, "log10_colsample_bytree": -0.3712227583084461, "log10_eta": -2.112644685046937, "log10_lambda": -4.555079782353666, "log10_min_child_weight": 0.7795068986067634, "log10_subsample": -1.0, "max_depth": 6.0}, "datetime": {"datetime": "2024-01-18 05:16:41", "elapsed": 57116.514573, "delta": 70.687739}}
{"target": -0.0006346282919632018, "params": {"gamma": 51.33932419817726, "log10_alpha": -3.627997246220146, "log10_colsample_bytree": -0.02449107935391126, "log10_eta": -2.6975720715990774, "log10_lambda": -0.0434145926250773, "log10_min_child_weight": 4.028747868263485, "log10_subsample": -0.9382644779262455, "max_depth": 9.0}, "datetime": {"datetime": "2024-01-18 05:18:38", "elapsed": 57232.817286, "delta": 116.302713}}
{"target": -5.0484044858745136e-05, "params": {"gamma": 34.24940506497245, "log10_alpha": 0.5741851992222626, "log10_colsample_bytree": -0.8127320552091698, "log10_eta": -2.2687315905617185, "log10_lambda": -4.229323863830418, "log10_min_child_weight": 2.5431831924632986, "log10_subsample": -0.8705297394565014, "max_depth": 7.0}, "datetime": {"datetime": "2024-01-18 05:19:43", "elapsed": 57297.861008, "delta": 65.043722}}
{"target": -0.0005389843526514837, "params": {"gamma": 44.8889096652723, "log10_alpha": -1.338666619764739, "log10_colsample_bytree": -0.12478214721639636, "log10_eta": -1.1737140595858695, "log10_lambda": -4.517143642645937, "log10_min_child_weight": 2.787325766934745, "log10_subsample": -0.8183584619137569, "max_depth": 3.0}, "datetime": {"datetime": "2024-01-18 05:20:17", "elapsed": 57332.336953, "delta": 34.475945}}
{"target": 0.0005948700806264196, "params": {"gamma": 7.619534258571237, "log10_alpha": -3.0644061775082987, "log10_colsample_bytree": -0.587826266159014, "log10_eta": -2.4521022133824903, "log10_lambda": -0.21072749101595978, "log10_min_child_weight": 0.3295964689165476, "log10_subsample": -0.02365722541494175, "max_depth": 9.0}, "datetime": {"datetime": "2024-01-18 05:22:13", "elapsed": 57448.018348, "delta": 115.681395}}
{"target": 0.0009537425320438608, "params": {"gamma": 78.23857904879127, "log10_alpha": -1.999425534090661, "log10_colsample_bytree": -0.25064894637057167, "log10_eta": -1.399530473409508, "log10_lambda": -3.654659074348979, "log10_min_child_weight": 0.06992217435701276, "log10_subsample": -0.6639227520800793, "max_depth": 5.0}, "datetime": {"datetime": "2024-01-18 05:22:53", "elapsed": 57487.63393, "delta": 39.615582}}
{"target": 0.0016445225825416354, "params": {"gamma": 60.78202615089597, "log10_alpha": 0.38598915170197134, "log10_colsample_bytree": -0.823420968855668, "log10_eta": -1.7985964155065117, "log10_lambda": -1.1548776041125866, "log10_min_child_weight": 1.0312083849612192, "log10_subsample": -0.8888448188144612, "max_depth": 3.0}, "datetime": {"datetime": "2024-01-18 05:23:50", "elapsed": 57544.874583, "delta": 57.240653}}
{"target": 0.0008494562025130603, "params": {"gamma": 33.397094692186336, "log10_alpha": -1.3474106373921884, "log10_colsample_bytree": -0.43017993872672977, "log10_eta": -2.049096291590463, "log10_lambda": -2.4098403369690344, "log10_min_child_weight": 0.842664540423968, "log10_subsample": -0.13428264762498165, "max_depth": 6.0}, "datetime": {"datetime": "2024-01-18 05:24:42", "elapsed": 57596.819804, "delta": 51.945221}}
{"target": -0.0008187853377449317, "params": {"gamma": 90.0454624999446, "log10_alpha": -4.432663457370584, "log10_colsample_bytree": -0.9992989914211251, "log10_eta": -3.955128013206902, "log10_lambda": -0.6849821770765061, "log10_min_child_weight": 0.8136771095189432, "log10_subsample": -0.021616128228210463, "max_depth": 9.0}, "datetime": {"datetime": "2024-01-18 05:27:20", "elapsed": 57754.563927, "delta": 157.744123}}
{"target": 0.0005115702225116647, "params": {"gamma": 80.58503519117423, "log10_alpha": -2.060658453910616, "log10_colsample_bytree": -0.7799669343797168, "log10_eta": -1.097619752806502, "log10_lambda": -2.1401863105463974, "log10_min_child_weight": 1.3613400966474214, "log10_subsample": -0.9800506347018172, "max_depth": 6.0}, "datetime": {"datetime": "2024-01-18 05:27:58", "elapsed": 57793.431017, "delta": 38.86709}}
{"target": 0.0011577925131759093, "params": {"gamma": 7.256825003290102, "log10_alpha": -1.8800695946522463, "log10_colsample_bytree": -0.42223152477541004, "log10_eta": -1.0297301765186746, "log10_lambda": -0.010926724575313962, "log10_min_child_weight": 2.6569164988154856, "log10_subsample": -0.23124934550381193, "max_depth": 7.0}, "datetime": {"datetime": "2024-01-18 05:28:37", "elapsed": 57832.343736, "delta": 38.912719}}
{"target": -0.0008795314114882213, "params": {"gamma": 57.00529499223844, "log10_alpha": -0.3511659490207002, "log10_colsample_bytree": -0.440962623357561, "log10_eta": -2.3076626810359917, "log10_lambda": -1.8378042688561127, "log10_min_child_weight": 4.960054926884421, "log10_subsample": -0.9877542928895428, "max_depth": 6.0}, "datetime": {"datetime": "2024-01-18 05:29:10", "elapsed": 57865.164293, "delta": 32.820557}}
{"target": -8.470988570738469e-05, "params": {"gamma": 94.82264951727768, "log10_alpha": -2.6878411513482883, "log10_colsample_bytree": -0.3721508313065367, "log10_eta": -3.140979972793139, "log10_lambda": -0.4928969629713338, "log10_min_child_weight": 1.0956082782381438, "log10_subsample": -0.9847494087894235, "max_depth": 3.0}, "datetime": {"datetime": "2024-01-18 05:30:57", "elapsed": 57971.866948, "delta": 106.702655}}
{"target": 0.0012598961520871033, "params": {"gamma": 79.45492784130617, "log10_alpha": -2.286766050646769, "log10_colsample_bytree": -0.720465540331239, "log10_eta": -2.0215666950510904, "log10_lambda": -3.9348956518830156, "log10_min_child_weight": 0.3845287118590318, "log10_subsample": -0.6904470739908787, "max_depth": 6.0}, "datetime": {"datetime": "2024-01-18 05:32:01", "elapsed": 58036.432676, "delta": 64.565728}}
{"target": 0.0018401761879047185, "params": {"gamma": 80.06175881134334, "log10_alpha": -1.9831512969286285, "log10_colsample_bytree": -0.494174997637909, "log10_eta": -1.6291389455471343, "log10_lambda": -2.8981331428908135, "log10_min_child_weight": 0.7000548030949238, "log10_subsample": -1.0, "max_depth": 6.0}, "datetime": {"datetime": "2024-01-18 05:32:51", "elapsed": 58086.34321, "delta": 49.910534}}
{"target": 0.0010605138788986057, "params": {"gamma": 80.7306165559689, "log10_alpha": -1.5071846453016944, "log10_colsample_bytree": -0.28127020341140163, "log10_eta": -1.471027358715562, "log10_lambda": -2.3423755462238742, "log10_min_child_weight": 0.5003940710649424, "log10_subsample": -0.2029539486006806, "max_depth": 8.0}, "datetime": {"datetime": "2024-01-18 05:33:39", "elapsed": 58134.155551, "delta": 47.812341}}
{"target": 0.0007873919232714577, "params": {"gamma": 78.05626213405489, "log10_alpha": -1.6613263574528117, "log10_colsample_bytree": -0.6322791746815858, "log10_eta": -1.3280684760053516, "log10_lambda": -3.107888887003951, "log10_min_child_weight": 0.6165472568449737, "log10_subsample": -0.2653109049975674, "max_depth": 4.0}, "datetime": {"datetime": "2024-01-18 05:34:18", "elapsed": 58172.591305, "delta": 38.435754}}
{"target": 0.0017512140331493176, "params": {"gamma": 79.33934039347456, "log10_alpha": -2.45304024130174, "log10_colsample_bytree": -0.05860286842221365, "log10_eta": -1.961074298131045, "log10_lambda": -1.6695121108740603, "log10_min_child_weight": 1.31162837173615, "log10_subsample": -1.0, "max_depth": 6.0}, "datetime": {"datetime": "2024-01-18 05:35:11", "elapsed": 58226.32499, "delta": 53.733685}}
{"target": 0.0012202795380627796, "params": {"gamma": 80.7898965591262, "log10_alpha": -3.3552485363293725, "log10_colsample_bytree": -0.09022448830569729, "log10_eta": -3.026461518711013, "log10_lambda": -3.3221299496882555, "log10_min_child_weight": 1.1050799708916437, "log10_subsample": -0.986964988954908, "max_depth": 8.0}, "datetime": {"datetime": "2024-01-18 05:39:00", "elapsed": 58454.745337, "delta": 228.420347}}
{"target": 0.0014046762611277241, "params": {"gamma": 80.8894541500448, "log10_alpha": -1.237125912469871, "log10_colsample_bytree": -0.09992988722948704, "log10_eta": -2.3549848685418597, "log10_lambda": -2.3254256270036553, "log10_min_child_weight": 1.0691554829289167, "log10_subsample": -0.9261922125452285, "max_depth": 7.0}, "datetime": {"datetime": "2024-01-18 05:40:24", "elapsed": 58539.458235, "delta": 84.712898}}
{"target": 0.0012524818863214882, "params": {"gamma": 79.5256568982713, "log10_alpha": -4.311792490043762, "log10_colsample_bytree": -0.3743597327636746, "log10_eta": -2.0015674806339745, "log10_lambda": -3.827450923135041, "log10_min_child_weight": 1.3970196225826785, "log10_subsample": -0.7311373747965038, "max_depth": 9.0}, "datetime": {"datetime": "2024-01-18 05:41:35", "elapsed": 58609.562581, "delta": 70.104346}}
{"target": 0.0013764249217787516, "params": {"gamma": 77.69821955846038, "log10_alpha": -2.047207595050417, "log10_colsample_bytree": -0.04852425004696659, "log10_eta": -1.3843186654818878, "log10_lambda": -3.223224093556393, "log10_min_child_weight": 0.3966017147248524, "log10_subsample": -0.9128087152810008, "max_depth": 5.0}, "datetime": {"datetime": "2024-01-18 05:42:15", "elapsed": 58650.386146, "delta": 40.823565}}
{"target": 0.0009912923429511167, "params": {"gamma": 80.88058899542257, "log10_alpha": -2.2465722811641724, "log10_colsample_bytree": -0.6912877942836165, "log10_eta": -2.034665758815192, "log10_lambda": -2.4224777623873646, "log10_min_child_weight": 0.27275681770850546, "log10_subsample": -0.5602705291803894, "max_depth": 7.0}, "datetime": {"datetime": "2024-01-18 05:43:15", "elapsed": 58709.734821, "delta": 59.348675}}
{"target": 0.0012763598223046735, "params": {"gamma": 79.90155816854777, "log10_alpha": -1.1108274079606124, "log10_colsample_bytree": -0.7931865041774498, "log10_eta": -2.118219025329976, "log10_lambda": -4.761368327528687, "log10_min_child_weight": 0.5323716995528965, "log10_subsample": -0.8808040230786729, "max_depth": 6.0}, "datetime": {"datetime": "2024-01-18 05:44:21", "elapsed": 58776.222763, "delta": 66.487942}}
{"target": 0.0012788069725923334, "params": {"gamma": 79.71535919096515, "log10_alpha": -3.977999988380473, "log10_colsample_bytree": -0.1437592361234442, "log10_eta": -2.087665489552302, "log10_lambda": -0.27037092675825214, "log10_min_child_weight": 0.8481216226581928, "log10_subsample": -0.87739126523794, "max_depth": 5.0}, "datetime": {"datetime": "2024-01-18 05:45:24", "elapsed": 58839.124957, "delta": 62.902194}}
{"target": 0.0007813091189987076, "params": {"gamma": 80.10484217733347, "log10_alpha": -3.1468807116434228, "log10_colsample_bytree": -0.5340410227116369, "log10_eta": -1.4537003353845859, "log10_lambda": -0.49592269230925634, "log10_min_child_weight": 1.4291056515772826, "log10_subsample": -0.7062921412132278, "max_depth": 5.0}, "datetime": {"datetime": "2024-01-18 05:46:06", "elapsed": 58880.591593, "delta": 41.466636}}
{"target": 0.001556482832506173, "params": {"gamma": 78.80508120343359, "log10_alpha": -1.1497057058884361, "log10_colsample_bytree": -0.47769291011531945, "log10_eta": -1.9426817391303475, "log10_lambda": -3.154548801727052, "log10_min_child_weight": 0.6000240093750842, "log10_subsample": -0.018319792197934892, "max_depth": 6.0}, "datetime": {"datetime": "2024-01-18 05:47:05", "elapsed": 58939.985484, "delta": 59.393891}}
{"target": -0.00012431092709788705, "params": {"gamma": 71.96641083789679, "log10_alpha": -0.09861828404673201, "log10_colsample_bytree": -0.8597703028402275, "log10_eta": -2.760012019040349, "log10_lambda": -4.204544306179834, "log10_min_child_weight": 1.980713408324416, "log10_subsample": -0.761360161257266, "max_depth": 8.0}, "datetime": {"datetime": "2024-01-18 05:48:34", "elapsed": 59029.302721, "delta": 89.317237}}
{"target": 0.001068308649230687, "params": {"gamma": 80.25054657591161, "log10_alpha": -1.3602955873314437, "log10_colsample_bytree": -0.25718463302568895, "log10_eta": -2.492878187477744, "log10_lambda": -4.445849491372179, "log10_min_child_weight": 0.46729856801216385, "log10_subsample": -0.7798467828252283, "max_depth": 5.0}, "datetime": {"datetime": "2024-01-18 05:49:59", "elapsed": 59114.300613, "delta": 84.997892}}
{"target": 0.0006023468863858572, "params": {"gamma": 80.667313140833, "log10_alpha": -2.3287774172608837, "log10_colsample_bytree": -0.2614740981454683, "log10_eta": -1.4399298642715315, "log10_lambda": -3.9279825383171483, "log10_min_child_weight": 0.7800363178859032, "log10_subsample": -0.8052208564155904, "max_depth": 8.0}, "datetime": {"datetime": "2024-01-18 05:50:44", "elapsed": 59158.999489, "delta": 44.698876}}
{"target": 0.0015950017704624564, "params": {"gamma": 80.2160127804007, "log10_alpha": -3.875306353197907, "log10_colsample_bytree": -0.13983942282638706, "log10_eta": -2.2733908573199324, "log10_lambda": -4.483122608256782, "log10_min_child_weight": 1.5779153086523823, "log10_subsample": -0.932603301503489, "max_depth": 8.0}, "datetime": {"datetime": "2024-01-18 05:51:59", "elapsed": 59233.926016, "delta": 74.926527}}
{"target": 0.0022357890231872735, "params": {"gamma": 79.44838415533398, "log10_alpha": -1.8684971739134038, "log10_colsample_bytree": -0.4704024045896643, "log10_eta": -1.7245213860160145, "log10_lambda": -4.090587318293652, "log10_min_child_weight": 0.9421169454751671, "log10_subsample": -0.8147084672592791, "max_depth": 8.0}, "datetime": {"datetime": "2024-01-18 05:53:00", "elapsed": 59294.728334, "delta": 60.802318}}
{"target": 0.0009369765800253671, "params": {"gamma": 79.14783019960325, "log10_alpha": -1.58817024815606, "log10_colsample_bytree": -0.3151140001051166, "log10_eta": -2.6762084392700785, "log10_lambda": -4.253930760299971, "log10_min_child_weight": 0.6363628185086784, "log10_subsample": -0.3150685940947402, "max_depth": 7.0}, "datetime": {"datetime": "2024-01-18 05:55:00", "elapsed": 59415.321257, "delta": 120.592923}}
