{"target": -0.0007086614350541587, "params": {"gamma": 16.544896925071683, "log10_alpha": -1.222960140184262, "log10_colsample_bytree": -0.7076866965842641, "log10_eta": -2.807553271957527, "log10_lambda": -1.9707657402964847, "log10_min_child_weight": 4.10532024610977, "log10_subsample": -0.06848062275256483, "max_depth": 8.0}, "datetime": {"datetime": "2024-01-17 18:21:28", "elapsed": 17803.427554, "delta": 68.867417}}
{"target": 0.0013272783201209726, "params": {"gamma": 79.00030194653056, "log10_alpha": -1.8563007771035362, "log10_colsample_bytree": -0.6862486215403886, "log10_eta": -2.302964888501185, "log10_lambda": -1.9928290261079953, "log10_min_child_weight": 1.3602410986217006, "log10_subsample": -0.9108763577165327, "max_depth": 7.0}, "datetime": {"datetime": "2024-01-17 18:22:50", "elapsed": 17885.393732, "delta": 81.966178}}
{"target": 0.00069948049352761, "params": {"gamma": 79.51707501950598, "log10_alpha": -1.3813389715431885, "log10_colsample_bytree": -0.12487952756767873, "log10_eta": -1.5982574154781415, "log10_lambda": -3.365492321756915, "log10_min_child_weight": 0.310194136886785, "log10_subsample": -0.5109808797022973, "max_depth": 6.0}, "datetime": {"datetime": "2024-01-17 18:23:33", "elapsed": 17928.305079, "delta": 42.911347}}
{"target": 0.001227287091002005, "params": {"gamma": 78.91272774327791, "log10_alpha": -1.874331709526258, "log10_colsample_bytree": -0.21658890218996674, "log10_eta": -1.8312264761902513, "log10_lambda": -4.5483096895750945, "log10_min_child_weight": 0.012553967762209406, "log10_subsample": -0.3588453502665454, "max_depth": 4.0}, "datetime": {"datetime": "2024-01-17 18:24:23", "elapsed": 17977.868767, "delta": 49.563688}}
{"target": 0.0009155730543177754, "params": {"gamma": 78.48426963966749, "log10_alpha": -2.5346800003014285, "log10_colsample_bytree": -0.10915476379852962, "log10_eta": -1.3715828003348403, "log10_lambda": -3.0629974813793974, "log10_min_child_weight": 0.06599209110630999, "log10_subsample": -0.6637683873721857, "max_depth": 4.0}, "datetime": {"datetime": "2024-01-17 18:25:02", "elapsed": 18017.297885, "delta": 39.429118}}
{"target": 0.0003567976131740036, "params": {"gamma": 88.06791461927412, "log10_alpha": -3.6768273774216, "log10_colsample_bytree": -0.3028110255984273, "log10_eta": -1.7212451942567228, "log10_lambda": -2.365798188785373, "log10_min_child_weight": 2.5998209992835317, "log10_subsample": -0.27330786002911134, "max_depth": 3.0}, "datetime": {"datetime": "2024-01-17 18:25:48", "elapsed": 18063.406747, "delta": 46.108862}}
{"target": 0.0002840143197596623, "params": {"gamma": 80.0254700218554, "log10_alpha": -2.405890413220283, "log10_colsample_bytree": -0.7543450300241353, "log10_eta": -2.0694235476126375, "log10_lambda": -3.2637823783977398, "log10_min_child_weight": 1.3559971076199384, "log10_subsample": -0.9010391205028685, "max_depth": 8.0}, "datetime": {"datetime": "2024-01-17 18:26:42", "elapsed": 18116.747129, "delta": 53.340382}}
{"target": 0.0007094747987142769, "params": {"gamma": 79.66836509459534, "log10_alpha": -0.8103728775255812, "log10_colsample_bytree": -0.3042681888906127, "log10_eta": -2.3161531363943046, "log10_lambda": 0.5633289125486067, "log10_min_child_weight": 2.1141922754760585, "log10_subsample": -0.5150877514262262, "max_depth": 4.0}, "datetime": {"datetime": "2024-01-17 18:27:44", "elapsed": 18178.73728, "delta": 61.990151}}
{"target": 0.0009486484230639136, "params": {"gamma": 79.76704489527853, "log10_alpha": -3.002321709754488, "log10_colsample_bytree": -0.18487144067549688, "log10_eta": -2.1059187989150088, "log10_lambda": -4.117448671594836, "log10_min_child_weight": 1.4464445673672346, "log10_subsample": -0.9178791043516352, "max_depth": 8.0}, "datetime": {"datetime": "2024-01-17 18:28:46", "elapsed": 18241.353629, "delta": 62.616349}}
{"target": 0.001170085230740664, "params": {"gamma": 78.99309748485697, "log10_alpha": -2.851504538647572, "log10_colsample_bytree": -0.2207245705934192, "log10_eta": -1.516277458754928, "log10_lambda": -3.3837370115119825, "log10_min_child_weight": 0.8873831152239414, "log10_subsample": -0.2928230040047063, "max_depth": 4.0}, "datetime": {"datetime": "2024-01-17 18:29:26", "elapsed": 18280.915922, "delta": 39.562293}}
{"target": 0.0011813019387712231, "params": {"gamma": 77.4067916478441, "log10_alpha": -0.5215113709421941, "log10_colsample_bytree": -0.229190795333125, "log10_eta": -1.774015749682826, "log10_lambda": -3.9123990503566155, "log10_min_child_weight": 1.8946027801864003, "log10_subsample": -0.7304423789139064, "max_depth": 5.0}, "datetime": {"datetime": "2024-01-17 18:30:13", "elapsed": 18327.992582, "delta": 47.07666}}
{"target": 0.000994345047887063, "params": {"gamma": 79.79223329583932, "log10_alpha": -3.1434706447016985, "log10_colsample_bytree": -0.14417289612424355, "log10_eta": -2.2176610873698688, "log10_lambda": -2.5185094843548708, "log10_min_child_weight": 0.15192500066981807, "log10_subsample": -0.6721866233406322, "max_depth": 6.0}, "datetime": {"datetime": "2024-01-17 18:31:19", "elapsed": 18394.450807, "delta": 66.458225}}
{"target": 0.0012118845177350457, "params": {"gamma": 79.5714436102467, "log10_alpha": -4.216561916559456, "log10_colsample_bytree": -0.3449463495315477, "log10_eta": -2.034451658243402, "log10_lambda": -3.468503770873264, "log10_min_child_weight": 1.10069209468505, "log10_subsample": -0.7242700819630454, "max_depth": 8.0}, "datetime": {"datetime": "2024-01-17 18:32:32", "elapsed": 18466.646898, "delta": 72.196091}}
{"target": 0.0002936308915571506, "params": {"gamma": 79.68249163692454, "log10_alpha": -2.251421805828979, "log10_colsample_bytree": -0.9822894515441103, "log10_eta": -2.30859010942192, "log10_lambda": -2.289773289527589, "log10_min_child_weight": 0.3179284764568785, "log10_subsample": -0.9190698349626172, "max_depth": 7.0}, "datetime": {"datetime": "2024-01-17 18:33:44", "elapsed": 18538.973292, "delta": 72.326394}}
{"target": 0.00027833177668132314, "params": {"gamma": 67.85279942547838, "log10_alpha": -1.2849034980944576, "log10_colsample_bytree": -0.4416498720477037, "log10_eta": -2.784325913452366, "log10_lambda": -4.727126160797457, "log10_min_child_weight": 2.050139024991911, "log10_subsample": -0.8269010764696274, "max_depth": 4.0}, "datetime": {"datetime": "2024-01-17 18:35:36", "elapsed": 18650.683088, "delta": 111.709796}}
{"target": 0.0014082606936203501, "params": {"gamma": 78.73371017552266, "log10_alpha": -2.456774595808443, "log10_colsample_bytree": -0.24547271376983382, "log10_eta": -1.5899573720080475, "log10_lambda": -4.376846191572402, "log10_min_child_weight": 0.6355537207091244, "log10_subsample": -0.5778825633950516, "max_depth": 4.0}, "datetime": {"datetime": "2024-01-17 18:36:19", "elapsed": 18694.260294, "delta": 43.577206}}
{"target": -0.0004926556816099714, "params": {"gamma": 41.40667744103481, "log10_alpha": -1.8467954234808142, "log10_colsample_bytree": -0.09477437156604085, "log10_eta": -2.161715795527832, "log10_lambda": -2.7576875587420755, "log10_min_child_weight": 4.350851111043592, "log10_subsample": -0.7951233788553804, "max_depth": 8.0}, "datetime": {"datetime": "2024-01-17 18:37:30", "elapsed": 18765.071872, "delta": 70.811578}}
{"target": -2.5107881861746728e-05, "params": {"gamma": 91.49161279878871, "log10_alpha": -0.6068115001602639, "log10_colsample_bytree": -0.7064690317553861, "log10_eta": -1.6618500905832367, "log10_lambda": -3.0452447477744706, "log10_min_child_weight": 4.6637973183120724, "log10_subsample": -0.2697205637869451, "max_depth": 9.0}, "datetime": {"datetime": "2024-01-17 18:38:28", "elapsed": 18823.165752, "delta": 58.09388}}
{"target": 0.0009882558499685612, "params": {"gamma": 94.7501834735156, "log10_alpha": -4.566350892585836, "log10_colsample_bytree": -0.6756848944227876, "log10_eta": -1.9899269800978683, "log10_lambda": -3.0853376002589354, "log10_min_child_weight": 1.1669051357252402, "log10_subsample": -0.6416092388825626, "max_depth": 5.0}, "datetime": {"datetime": "2024-01-17 18:39:19", "elapsed": 18873.609007, "delta": 50.443255}}
{"target": 0.0004402505503718901, "params": {"gamma": 48.00616775509915, "log10_alpha": -4.200289372034154, "log10_colsample_bytree": -0.25588841066185686, "log10_eta": -3.2379468304305163, "log10_lambda": 0.11482423986208978, "log10_min_child_weight": 0.7124913727681148, "log10_subsample": -0.9791520903349273, "max_depth": 9.0}, "datetime": {"datetime": "2024-01-17 18:43:23", "elapsed": 19117.754684, "delta": 244.145677}}
{"target": 0.00036597146363548383, "params": {"gamma": 79.52435572423425, "log10_alpha": -2.8456585713520526, "log10_colsample_bytree": -0.29575893274614695, "log10_eta": -1.5791292813993345, "log10_lambda": -1.3952717847893181, "log10_min_child_weight": 2.096779700298739, "log10_subsample": -0.9374844895655655, "max_depth": 5.0}, "datetime": {"datetime": "2024-01-17 18:44:04", "elapsed": 19159.068071, "delta": 41.313387}}
{"target": -0.0008081269751539777, "params": {"gamma": 82.76719297317295, "log10_alpha": -3.5811722488478903, "log10_colsample_bytree": -0.9245102154776605, "log10_eta": -3.4378727281545736, "log10_lambda": 0.3437899261204107, "log10_min_child_weight": 3.8664698623150615, "log10_subsample": -0.3269172642677304, "max_depth": 5.0}, "datetime": {"datetime": "2024-01-17 18:45:31", "elapsed": 19246.300902, "delta": 87.232831}}
{"target": 0.0012807815297826985, "params": {"gamma": 79.6972013978167, "log10_alpha": -2.6358999576935545, "log10_colsample_bytree": -0.2828349716843281, "log10_eta": -1.854302597346497, "log10_lambda": -3.3088380416406595, "log10_min_child_weight": 0.6645529698813635, "log10_subsample": -0.9040617950383714, "max_depth": 5.0}, "datetime": {"datetime": "2024-01-17 18:46:24", "elapsed": 19298.890101, "delta": 52.589199}}
{"target": -0.0006502971755200648, "params": {"gamma": 38.31397694265828, "log10_alpha": -3.524951277167265, "log10_colsample_bytree": -0.9938283440222722, "log10_eta": -3.33108838118432, "log10_lambda": -1.84272482279495, "log10_min_child_weight": 2.274655115317257, "log10_subsample": -0.026245874573996963, "max_depth": 7.0}, "datetime": {"datetime": "2024-01-17 18:47:52", "elapsed": 19387.075906, "delta": 88.185805}}
{"target": 0.0007686001493752426, "params": {"gamma": 78.70501384987867, "log10_alpha": -1.6874510544715755, "log10_colsample_bytree": -0.2602974192237598, "log10_eta": -2.1161682739472076, "log10_lambda": -3.3538811354997806, "log10_min_child_weight": 1.1071913273595175, "log10_subsample": -0.5253239962170997, "max_depth": 5.0}, "datetime": {"datetime": "2024-01-17 18:48:45", "elapsed": 19440.384625, "delta": 53.308719}}
{"target": 0.0003399664327448926, "params": {"gamma": 79.14230056361802, "log10_alpha": -3.525144255267227, "log10_colsample_bytree": -0.2864717651021278, "log10_eta": -1.7727652647828327, "log10_lambda": -2.380571602764409, "log10_min_child_weight": 2.788258913734184, "log10_subsample": -0.21770846369147256, "max_depth": 6.0}, "datetime": {"datetime": "2024-01-17 18:49:27", "elapsed": 19482.009735, "delta": 41.62511}}
{"target": -0.00017853625896091518, "params": {"gamma": 26.906311010385807, "log10_alpha": -2.8269704635766377, "log10_colsample_bytree": -0.5653840450636429, "log10_eta": -2.1281657647438137, "log10_lambda": -3.651160130825387, "log10_min_child_weight": 3.618139733196457, "log10_subsample": -0.28938038336612115, "max_depth": 5.0}, "datetime": {"datetime": "2024-01-17 18:50:25", "elapsed": 19540.126603, "delta": 58.116868}}
{"target": 0.001414376301238196, "params": {"gamma": 80.4901602075667, "log10_alpha": -3.1276274810518796, "log10_colsample_bytree": -0.29778201746884736, "log10_eta": -1.7722584116355709, "log10_lambda": -3.922154269867361, "log10_min_child_weight": 1.5042980837913555, "log10_subsample": -0.8390866067237989, "max_depth": 8.0}, "datetime": {"datetime": "2024-01-17 18:51:13", "elapsed": 19588.377272, "delta": 48.250669}}
{"target": 0.0010120478270363997, "params": {"gamma": 80.17041830478433, "log10_alpha": -2.707926347659236, "log10_colsample_bytree": -0.38013596435492114, "log10_eta": -1.3232778195701402, "log10_lambda": -3.937352946506654, "log10_min_child_weight": 1.058896451155663, "log10_subsample": -0.21527544324040893, "max_depth": 9.0}, "datetime": {"datetime": "2024-01-17 18:52:03", "elapsed": 19637.612237, "delta": 49.234965}}
{"target": -0.0006411870342858395, "params": {"gamma": 28.393858584776098, "log10_alpha": -1.7031212089084518, "log10_colsample_bytree": -0.5493641352048754, "log10_eta": -3.6139287554804005, "log10_lambda": -2.1186347469917184, "log10_min_child_weight": 2.4749138093358396, "log10_subsample": -0.16493480694370655, "max_depth": 4.0}, "datetime": {"datetime": "2024-01-17 18:54:03", "elapsed": 19757.628972, "delta": 120.016735}}
{"target": 0.0006460294313495041, "params": {"gamma": 68.29557691050692, "log10_alpha": -2.859197386613317, "log10_colsample_bytree": -0.1746230999093411, "log10_eta": -1.6734160202793018, "log10_lambda": -3.0867189510963065, "log10_min_child_weight": 1.4681639898654042, "log10_subsample": -0.31883086586844467, "max_depth": 7.0}, "datetime": {"datetime": "2024-01-17 18:54:45", "elapsed": 19799.867237, "delta": 42.238265}}
{"target": -0.0008791858200502545, "params": {"gamma": 90.61616140796693, "log10_alpha": -1.617054827015218, "log10_colsample_bytree": -0.9491891425356938, "log10_eta": -2.5778381314796985, "log10_lambda": -2.564350313928222, "log10_min_child_weight": 4.971767569003843, "log10_subsample": -0.7145819072608722, "max_depth": 4.0}, "datetime": {"datetime": "2024-01-17 18:55:18", "elapsed": 19833.393285, "delta": 33.526048}}
{"target": 0.0007591784886443464, "params": {"gamma": 80.51707516243717, "log10_alpha": -3.663582877318971, "log10_colsample_bytree": -0.7692951270502596, "log10_eta": -1.6544503481423116, "log10_lambda": -4.168212316642188, "log10_min_child_weight": 1.4607682381665303, "log10_subsample": -0.7226092107058621, "max_depth": 9.0}, "datetime": {"datetime": "2024-01-17 18:56:08", "elapsed": 19883.017232, "delta": 49.623947}}
{"target": -0.0008097830005956985, "params": {"gamma": 67.70870209844955, "log10_alpha": -4.958343915762024, "log10_colsample_bytree": -0.13565723720021472, "log10_eta": -2.589513058323535, "log10_lambda": -1.8812475602768322, "log10_min_child_weight": 3.235537549412446, "log10_subsample": -0.8517564864661695, "max_depth": 7.0}, "datetime": {"datetime": "2024-01-17 18:56:49", "elapsed": 19924.306416, "delta": 41.289184}}
{"target": 0.0006052196677980848, "params": {"gamma": 38.547748475159395, "log10_alpha": 0.80796201534804, "log10_colsample_bytree": -0.39832290396475734, "log10_eta": -2.4306901047590856, "log10_lambda": -2.059193118508107, "log10_min_child_weight": 0.4840335950541197, "log10_subsample": -0.16932412221958637, "max_depth": 5.0}, "datetime": {"datetime": "2024-01-17 18:58:00", "elapsed": 19995.399834, "delta": 71.093418}}
{"target": 0.0011811460673226137, "params": {"gamma": 79.94765597653121, "log10_alpha": -3.211564472621334, "log10_colsample_bytree": -0.56461923148191, "log10_eta": -1.9820726002512181, "log10_lambda": -4.06645256315906, "log10_min_child_weight": 1.1167939445085588, "log10_subsample": -0.6407243591654731, "max_depth": 9.0}, "datetime": {"datetime": "2024-01-17 18:59:05", "elapsed": 20059.847417, "delta": 64.447583}}
{"target": 0.0012275537759535993, "params": {"gamma": 79.33054026512563, "log10_alpha": -2.465713816453817, "log10_colsample_bytree": -0.07733234018936208, "log10_eta": -1.6216620960724142, "log10_lambda": -3.3240256953612835, "log10_min_child_weight": 0.7306106298562276, "log10_subsample": -0.9402396740917754, "max_depth": 3.0}, "datetime": {"datetime": "2024-01-17 18:59:51", "elapsed": 20106.173789, "delta": 46.326372}}
{"target": 0.0010558531687382966, "params": {"gamma": 77.68866626910885, "log10_alpha": -1.6006554973193414, "log10_colsample_bytree": -0.12326007398160299, "log10_eta": -1.5262730967256348, "log10_lambda": -3.547618217436378, "log10_min_child_weight": 2.191331289835974, "log10_subsample": -0.27870173652362973, "max_depth": 7.0}, "datetime": {"datetime": "2024-01-17 19:00:33", "elapsed": 20147.950794, "delta": 41.777005}}
{"target": 0.0006285413783460869, "params": {"gamma": 79.56601269032652, "log10_alpha": -2.3453201593853343, "log10_colsample_bytree": -0.6159990362774714, "log10_eta": -2.3970096044673013, "log10_lambda": -4.922320084799928, "log10_min_child_weight": 0.9761939396958641, "log10_subsample": -0.5845406327380394, "max_depth": 5.0}, "datetime": {"datetime": "2024-01-17 19:01:45", "elapsed": 20220.107032, "delta": 72.156238}}
{"target": 0.0010887944656981507, "params": {"gamma": 79.106186415132, "log10_alpha": -0.7384287234599762, "log10_colsample_bytree": -0.42432123212749806, "log10_eta": -1.8528971255899442, "log10_lambda": -2.1883637225180292, "log10_min_child_weight": 0.6803478630728838, "log10_subsample": -0.22057417800498136, "max_depth": 6.0}, "datetime": {"datetime": "2024-01-17 19:02:33", "elapsed": 20267.559454, "delta": 47.452422}}
{"target": -0.0008423737601817027, "params": {"gamma": 19.609568553411282, "log10_alpha": -2.815417185839615, "log10_colsample_bytree": -0.554926251862566, "log10_eta": -3.9560589577935428, "log10_lambda": -2.2926217588840117, "log10_min_child_weight": 3.2716425567470173, "log10_subsample": -0.8513926879162619, "max_depth": 6.0}, "datetime": {"datetime": "2024-01-17 19:04:21", "elapsed": 20376.414369, "delta": 108.854915}}
{"target": 0.0010124265920862796, "params": {"gamma": 80.63264111946346, "log10_alpha": -3.4898744699047666, "log10_colsample_bytree": -0.4728148615074764, "log10_eta": -1.6200473331524896, "log10_lambda": -1.516760762148551, "log10_min_child_weight": 0.9188897383780686, "log10_subsample": -0.5477390774283885, "max_depth": 6.0}, "datetime": {"datetime": "2024-01-17 19:05:05", "elapsed": 20419.7112, "delta": 43.296831}}
{"target": 0.0008046749900587902, "params": {"gamma": 77.52074503546908, "log10_alpha": -0.7512905923852058, "log10_colsample_bytree": -0.06450371948989209, "log10_eta": -2.112320978196955, "log10_lambda": -4.253582999540999, "log10_min_child_weight": 1.5153560693089763, "log10_subsample": -0.24048433420646342, "max_depth": 5.0}, "datetime": {"datetime": "2024-01-17 19:05:59", "elapsed": 20473.937498, "delta": 54.226298}}
{"target": -0.0005600168036535846, "params": {"gamma": 94.70059186793942, "log10_alpha": 0.8629037039063858, "log10_colsample_bytree": -0.7456055029491993, "log10_eta": -3.2178299549733222, "log10_lambda": -1.6183811810505047, "log10_min_child_weight": 3.8920177327389514, "log10_subsample": -0.1634722079749642, "max_depth": 9.0}, "datetime": {"datetime": "2024-01-17 19:09:05", "elapsed": 20660.429009, "delta": 186.491511}}
{"target": 0.0016594925496249413, "params": {"gamma": 80.42852022083639, "log10_alpha": -2.9993581846875683, "log10_colsample_bytree": -0.22977658985069682, "log10_eta": -2.26802099925664, "log10_lambda": -3.40744164339592, "log10_min_child_weight": 1.4956897215848086, "log10_subsample": -0.9167188741893415, "max_depth": 9.0}, "datetime": {"datetime": "2024-01-17 19:10:30", "elapsed": 20744.850377, "delta": 84.421368}}
{"target": 0.0016049447849560972, "params": {"gamma": 79.89181423839102, "log10_alpha": -2.0347330975049602, "log10_colsample_bytree": -0.3297173986707861, "log10_eta": -2.3479284158831732, "log10_lambda": -4.154056954384264, "log10_min_child_weight": 0.3539878206353053, "log10_subsample": -0.762209457798252, "max_depth": 8.0}, "datetime": {"datetime": "2024-01-17 19:12:16", "elapsed": 20851.310969, "delta": 106.460592}}
{"target": 0.001169214662783219, "params": {"gamma": 79.27390312801988, "log10_alpha": -2.3009437921087055, "log10_colsample_bytree": -0.35958677803603034, "log10_eta": -1.707889819938436, "log10_lambda": -3.657143023779186, "log10_min_child_weight": 0.7825330303955003, "log10_subsample": -0.5200500966181606, "max_depth": 5.0}, "datetime": {"datetime": "2024-01-17 19:13:04", "elapsed": 20898.77534, "delta": 47.464371}}
{"target": -0.000681482137602607, "params": {"gamma": 9.267199943499072, "log10_alpha": -1.5100135537039439, "log10_colsample_bytree": -0.034375284909926584, "log10_eta": -2.2573830827980013, "log10_lambda": -4.797488916868704, "log10_min_child_weight": 3.040947101365761, "log10_subsample": -0.8079336323318012, "max_depth": 4.0}, "datetime": {"datetime": "2024-01-17 19:13:52", "elapsed": 20946.591264, "delta": 47.815924}}
{"target": 0.0011566412745979693, "params": {"gamma": 80.47537158907849, "log10_alpha": -3.421588173389935, "log10_colsample_bytree": -0.1449347498890584, "log10_eta": -1.9625177100555682, "log10_lambda": -3.2417604422051305, "log10_min_child_weight": 1.8620070444800212, "log10_subsample": -0.8898082296021789, "max_depth": 8.0}, "datetime": {"datetime": "2024-01-17 19:14:49", "elapsed": 21003.897916, "delta": 57.306652}}
{"target": 0.0005423783848726715, "params": {"gamma": 79.37387197805596, "log10_alpha": -2.4916213503146634, "log10_colsample_bytree": -0.6906900414030159, "log10_eta": -2.1971385819258558, "log10_lambda": -3.6783634118032937, "log10_min_child_weight": 0.9475823321545718, "log10_subsample": -0.48795044367406004, "max_depth": 5.0}, "datetime": {"datetime": "2024-01-17 19:15:44", "elapsed": 21059.364139, "delta": 55.466223}}
{"target": -0.0005775029898216766, "params": {"gamma": 49.98817839997173, "log10_alpha": 0.6918216173840941, "log10_colsample_bytree": -0.21648966999720975, "log10_eta": -1.551713011643467, "log10_lambda": -0.7083920275925522, "log10_min_child_weight": 3.8875385434448906, "log10_subsample": -0.07802877167935862, "max_depth": 4.0}, "datetime": {"datetime": "2024-01-17 19:16:23", "elapsed": 21097.584623, "delta": 38.220484}}
