{"target": 0.0015713891986764983, "params": {"gamma": 80.24817467750147, "log10_alpha": -1.4738113376287019, "log10_colsample_bytree": -0.3605850279373365, "log10_eta": -1.9078992836165192, "log10_lambda": -3.8605964086699114, "log10_min_child_weight": 0.7282721097595879, "log10_subsample": -0.4054543523515467, "max_depth": 8.0}, "datetime": {"datetime": "2024-01-18 06:59:59", "elapsed": 63314.409862, "delta": 73.43681}}
{"target": 0.000712277265472655, "params": {"gamma": 77.32718983008921, "log10_alpha": -1.9548393845298673, "log10_colsample_bytree": -0.1542324562758962, "log10_eta": -1.7357019048592357, "log10_lambda": -3.7102730025224195, "log10_min_child_weight": 0.2713754116620659, "log10_subsample": -0.014713782209748838, "max_depth": 5.0}, "datetime": {"datetime": "2024-01-18 07:00:44", "elapsed": 63359.194648, "delta": 44.784786}}
{"target": 0.0011327620932894689, "params": {"gamma": 79.52358218153803, "log10_alpha": -4.565902110988321, "log10_colsample_bytree": -0.025934720796968014, "log10_eta": -2.088712641309247, "log10_lambda": -0.6889509076259328, "log10_min_child_weight": 1.7513096138881168, "log10_subsample": -0.9904176644251571, "max_depth": 5.0}, "datetime": {"datetime": "2024-01-18 07:01:43", "elapsed": 63418.361904, "delta": 59.167256}}
{"target": -0.0006480904499633899, "params": {"gamma": 73.50040359647132, "log10_alpha": -4.875937429031892, "log10_colsample_bytree": -0.451367852559198, "log10_eta": -1.8217012261160992, "log10_lambda": -2.4962113168762787, "log10_min_child_weight": 3.8394115216165563, "log10_subsample": -0.4846817943111118, "max_depth": 8.0}, "datetime": {"datetime": "2024-01-18 07:02:26", "elapsed": 63460.655103, "delta": 42.293199}}
{"target": 0.0018914270923887089, "params": {"gamma": 79.6001938006876, "log10_alpha": -2.5121720189304577, "log10_colsample_bytree": -0.7044851579110158, "log10_eta": -2.0592642301320065, "log10_lambda": -1.13210894772274, "log10_min_child_weight": 0.8715796951469029, "log10_subsample": -0.9503114458229186, "max_depth": 8.0}, "datetime": {"datetime": "2024-01-18 07:03:48", "elapsed": 63543.416591, "delta": 82.761488}}
{"target": 0.0014817412508937866, "params": {"gamma": 80.50707440466265, "log10_alpha": -3.1522189496529363, "log10_colsample_bytree": -0.5137540465842133, "log10_eta": -2.6575445558159316, "log10_lambda": -3.65926043913248, "log10_min_child_weight": 0.1200140879356415, "log10_subsample": -0.7646716629556592, "max_depth": 6.0}, "datetime": {"datetime": "2024-01-18 07:06:21", "elapsed": 63695.937678, "delta": 152.521087}}
{"target": 0.0015637272695412097, "params": {"gamma": 79.32268817520584, "log10_alpha": -2.5430936544471083, "log10_colsample_bytree": -0.1973683882590958, "log10_eta": -1.9058784351043072, "log10_lambda": -1.5717409279698034, "log10_min_child_weight": 1.2118798861051652, "log10_subsample": -1.0, "max_depth": 7.0}, "datetime": {"datetime": "2024-01-18 07:07:21", "elapsed": 63756.056176, "delta": 60.118498}}
{"target": -0.0004146005524358065, "params": {"gamma": 79.43194918516635, "log10_alpha": -1.5964305971116861, "log10_colsample_bytree": -0.9706178262235599, "log10_eta": -2.780904293019714, "log10_lambda": -4.627136722902722, "log10_min_child_weight": 0.11876781398546143, "log10_subsample": -0.9925767333341956, "max_depth": 7.0}, "datetime": {"datetime": "2024-01-18 07:08:40", "elapsed": 63835.260846, "delta": 79.20467}}
{"target": 0.0018339287597539666, "params": {"gamma": 79.75107187919811, "log10_alpha": -1.6451301279782469, "log10_colsample_bytree": -0.2610188370777469, "log10_eta": -2.0691099860551807, "log10_lambda": -4.305221057888289, "log10_min_child_weight": 0.9439872493218199, "log10_subsample": -1.0, "max_depth": 7.0}, "datetime": {"datetime": "2024-01-18 07:09:52", "elapsed": 63906.57929, "delta": 71.318444}}
{"target": -0.00030824420391684093, "params": {"gamma": 80.31368218998954, "log10_alpha": -3.9398367808220813, "log10_colsample_bytree": -0.925990656441492, "log10_eta": -1.067940111452736, "log10_lambda": -3.8689505646866342, "log10_min_child_weight": 0.08739084962650245, "log10_subsample": -0.8738324084402093, "max_depth": 7.0}, "datetime": {"datetime": "2024-01-18 07:10:31", "elapsed": 63946.462099, "delta": 39.882809}}
{"target": 0.0007923893822514294, "params": {"gamma": 80.29401015665482, "log10_alpha": -0.9973814330123716, "log10_colsample_bytree": -0.8996550764588777, "log10_eta": -1.629722623850359, "log10_lambda": -1.4637302278545468, "log10_min_child_weight": 0.41461484869599163, "log10_subsample": -0.9689242598310983, "max_depth": 8.0}, "datetime": {"datetime": "2024-01-18 07:11:32", "elapsed": 64006.645173, "delta": 60.183074}}
{"target": 0.0006775289314566446, "params": {"gamma": 80.56666911206997, "log10_alpha": -0.8982092588128374, "log10_colsample_bytree": -0.8223528246541315, "log10_eta": -1.3971109063714566, "log10_lambda": -2.6533011421887087, "log10_min_child_weight": 1.3195406063213815, "log10_subsample": -0.5019941472345182, "max_depth": 7.0}, "datetime": {"datetime": "2024-01-18 07:12:17", "elapsed": 64052.456194, "delta": 45.811021}}
{"target": 0.00047694070294465596, "params": {"gamma": 61.04527573195537, "log10_alpha": 0.6367824959719705, "log10_colsample_bytree": -0.7451110249574179, "log10_eta": -2.1400637531562428, "log10_lambda": -1.085999571204064, "log10_min_child_weight": 1.5453566572374673, "log10_subsample": -0.6020393441779742, "max_depth": 3.0}, "datetime": {"datetime": "2024-01-18 07:13:16", "elapsed": 64111.473797, "delta": 59.017603}}
{"target": 0.0011544775362947457, "params": {"gamma": 79.96079488953266, "log10_alpha": -3.033635987834072, "log10_colsample_bytree": -0.10117007881793527, "log10_eta": -2.4216773093753527, "log10_lambda": -0.6878014880199537, "log10_min_child_weight": 0.8234170124403939, "log10_subsample": -0.8806903119126778, "max_depth": 8.0}, "datetime": {"datetime": "2024-01-18 07:15:04", "elapsed": 64219.056116, "delta": 107.582319}}
