{"target": 0.0010685208702176652, "params": {"gamma": 79.23153865960303, "log10_alpha": 0.020680402806327436, "log10_colsample_bytree": -0.38656091273518034, "log10_eta": -1.230104689561745, "log10_lambda": -4.989636775306834, "log10_min_child_weight": 0.45589282425984257, "log10_subsample": -0.5749237318619133, "max_depth": 7.0}, "datetime": {"datetime": "2024-01-17 22:26:21", "elapsed": 32495.755391, "delta": 40.966095}}
{"target": 0.0012399377570601056, "params": {"gamma": 80.10340365294181, "log10_alpha": -1.0068146194095338, "log10_colsample_bytree": -0.3581082317206531, "log10_eta": -2.184449131417534, "log10_lambda": -4.4918960244009645, "log10_min_child_weight": 0.07255725607256736, "log10_subsample": -0.7225750528532662, "max_depth": 7.0}, "datetime": {"datetime": "2024-01-17 22:27:44", "elapsed": 32579.370621, "delta": 83.61523}}
{"target": 0.000373159186246641, "params": {"gamma": 38.18206077611389, "log10_alpha": 0.8493483289529847, "log10_colsample_bytree": -1.0, "log10_eta": -1.4943183202601804, "log10_lambda": -2.4976717365523062, "log10_min_child_weight": 0.8025648848701108, "log10_subsample": 0.0, "max_depth": 6.0}, "datetime": {"datetime": "2024-01-17 22:28:31", "elapsed": 32626.345821, "delta": 46.9752}}
{"target": 0.0021856669236309523, "params": {"gamma": 79.86879626644735, "log10_alpha": -3.7832159339966127, "log10_colsample_bytree": -0.583350982173772, "log10_eta": -2.0615187825865955, "log10_lambda": -4.115262196325348, "log10_min_child_weight": 1.0538075231311543, "log10_subsample": -0.953399406396816, "max_depth": 8.0}, "datetime": {"datetime": "2024-01-17 22:29:55", "elapsed": 32709.706228, "delta": 83.360407}}
{"target": 0.000993870840731964, "params": {"gamma": 79.872392301962, "log10_alpha": -4.106345400934706, "log10_colsample_bytree": -0.631803554646118, "log10_eta": -2.4623468309452208, "log10_lambda": -4.893023790933521, "log10_min_child_weight": 0.3548960158214992, "log10_subsample": -0.8073510826943002, "max_depth": 7.0}, "datetime": {"datetime": "2024-01-17 22:31:33", "elapsed": 32807.783233, "delta": 98.077005}}
{"target": 0.0013026904542458029, "params": {"gamma": 81.6434987686163, "log10_alpha": -2.995648185779733, "log10_colsample_bytree": -0.33674893745571033, "log10_eta": -2.5351792930602985, "log10_lambda": -3.6722606197402525, "log10_min_child_weight": 1.5473661348945407, "log10_subsample": -0.6844360070698222, "max_depth": 8.0}, "datetime": {"datetime": "2024-01-17 22:33:27", "elapsed": 32921.895871, "delta": 114.112638}}
{"target": 0.000848287597667724, "params": {"gamma": 80.96809920991447, "log10_alpha": -2.550628217486648, "log10_colsample_bytree": -0.6415693927910858, "log10_eta": -1.5603105665563866, "log10_lambda": -2.006706976490734, "log10_min_child_weight": 0.023497158252527295, "log10_subsample": -0.5486616320149412, "max_depth": 7.0}, "datetime": {"datetime": "2024-01-17 22:34:17", "elapsed": 32971.920136, "delta": 50.024265}}
{"target": 0.0010544769310335544, "params": {"gamma": 80.79479041093576, "log10_alpha": -2.965478231004524, "log10_colsample_bytree": -0.08068411982126256, "log10_eta": -2.268057628436768, "log10_lambda": -3.755227952361256, "log10_min_child_weight": 1.3647896417380023, "log10_subsample": -0.47695525041918974, "max_depth": 9.0}, "datetime": {"datetime": "2024-01-17 22:35:50", "elapsed": 33064.971042, "delta": 93.050906}}
{"target": 0.00027485158330931014, "params": {"gamma": 80.70003310243766, "log10_alpha": -2.6515235041315206, "log10_colsample_bytree": -0.2947432191417484, "log10_eta": -1.9923930362757822, "log10_lambda": -4.417467061692042, "log10_min_child_weight": 2.1595648639249725, "log10_subsample": -0.9900798032621881, "max_depth": 8.0}, "datetime": {"datetime": "2024-01-17 22:36:48", "elapsed": 33122.975694, "delta": 58.004652}}
{"target": 0.0007798912412902426, "params": {"gamma": 80.28114975665713, "log10_alpha": -0.17147388341839864, "log10_colsample_bytree": -0.11277270395497507, "log10_eta": -2.7693515398914705, "log10_lambda": -4.81640056754516, "log10_min_child_weight": 0.9443898495244823, "log10_subsample": -0.11895423359465074, "max_depth": 6.0}, "datetime": {"datetime": "2024-01-17 22:38:57", "elapsed": 33252.374905, "delta": 129.399211}}
{"target": 0.0007171353778142875, "params": {"gamma": 77.75617915293502, "log10_alpha": -0.9053655522222162, "log10_colsample_bytree": -0.23486012258046762, "log10_eta": -2.607932468886503, "log10_lambda": -3.453190714965931, "log10_min_child_weight": 1.0444654365064503, "log10_subsample": -0.07873144836823232, "max_depth": 7.0}, "datetime": {"datetime": "2024-01-17 22:40:45", "elapsed": 33360.131935, "delta": 107.75703}}
{"target": 0.0011233275274281085, "params": {"gamma": 79.80728666539163, "log10_alpha": -3.8399692395288354, "log10_colsample_bytree": -0.34537657663555926, "log10_eta": -2.1301836947612043, "log10_lambda": -3.9950203131014352, "log10_min_child_weight": 1.3662270185159715, "log10_subsample": -1.0, "max_depth": 8.0}, "datetime": {"datetime": "2024-01-17 22:41:45", "elapsed": 33419.768664, "delta": 59.636729}}
{"target": -0.0006756899300899288, "params": {"gamma": 1.1275181808139911, "log10_alpha": -4.219047336124961, "log10_colsample_bytree": -0.9981196751248042, "log10_eta": -3.329562807081445, "log10_lambda": -1.4564123248596674, "log10_min_child_weight": 0.3874074482891027, "log10_subsample": -0.8369797796694327, "max_depth": 5.0}, "datetime": {"datetime": "2024-01-17 22:43:04", "elapsed": 33499.320265, "delta": 79.551601}}
{"target": 0.0012225201926510665, "params": {"gamma": 81.38382230417908, "log10_alpha": -1.2457694053290145, "log10_colsample_bytree": -0.27293676711408943, "log10_eta": -2.480899170251971, "log10_lambda": -3.7932972202351944, "log10_min_child_weight": 1.5952926168944492, "log10_subsample": -0.5984580030033942, "max_depth": 5.0}, "datetime": {"datetime": "2024-01-17 22:44:29", "elapsed": 33584.526967, "delta": 85.206702}}
{"target": 0.0009681312898514871, "params": {"gamma": 78.66786730308624, "log10_alpha": -0.7717335343823546, "log10_colsample_bytree": -0.8835020948096357, "log10_eta": -1.3030387717466763, "log10_lambda": -2.397251462798593, "log10_min_child_weight": 0.35793386334397936, "log10_subsample": -0.5107502588945211, "max_depth": 6.0}, "datetime": {"datetime": "2024-01-17 22:45:14", "elapsed": 33628.812406, "delta": 44.285439}}
{"target": 0.0015298534728900581, "params": {"gamma": 80.35391484498743, "log10_alpha": -2.3522018812399623, "log10_colsample_bytree": -0.37308911298654435, "log10_eta": -2.033132644476207, "log10_lambda": -3.6117313211173077, "log10_min_child_weight": 0.35109552354671947, "log10_subsample": -0.965150369176027, "max_depth": 5.0}, "datetime": {"datetime": "2024-01-17 22:46:10", "elapsed": 33684.721758, "delta": 55.909352}}
{"target": 0.00126526277419034, "params": {"gamma": 81.61914009097411, "log10_alpha": -1.5923845806593109, "log10_colsample_bytree": -0.3599123624584294, "log10_eta": -2.6296391653029128, "log10_lambda": -4.509339664973252, "log10_min_child_weight": 1.5625077319453395, "log10_subsample": -0.8118997227956484, "max_depth": 6.0}, "datetime": {"datetime": "2024-01-17 22:47:56", "elapsed": 33790.754399, "delta": 106.032641}}
{"target": 0.0015060852379755185, "params": {"gamma": 78.72243309657814, "log10_alpha": -2.275032669699382, "log10_colsample_bytree": -0.2613507400924281, "log10_eta": -1.7737809983251647, "log10_lambda": -1.0875870824885268, "log10_min_child_weight": 1.1374390684444402, "log10_subsample": -0.9742624029074273, "max_depth": 7.0}, "datetime": {"datetime": "2024-01-17 22:48:47", "elapsed": 33842.124364, "delta": 51.369965}}
{"target": -0.00013339106325735428, "params": {"gamma": 79.37626978644438, "log10_alpha": -0.06760701633619437, "log10_colsample_bytree": -0.8939660142618188, "log10_eta": -1.327977807917755, "log10_lambda": -4.264902422062202, "log10_min_child_weight": 0.7114559404674975, "log10_subsample": -0.9097921674897321, "max_depth": 7.0}, "datetime": {"datetime": "2024-01-17 22:49:29", "elapsed": 33883.62734, "delta": 41.502976}}
{"target": 0.0010656517919737096, "params": {"gamma": 79.33345142316249, "log10_alpha": -1.117439837616768, "log10_colsample_bytree": -0.2892285096185162, "log10_eta": -1.880126362414373, "log10_lambda": -2.7265675863743315, "log10_min_child_weight": 0.8587276776407954, "log10_subsample": -0.7040606733467405, "max_depth": 6.0}, "datetime": {"datetime": "2024-01-17 22:50:22", "elapsed": 33937.108158, "delta": 53.480818}}
{"target": 0.0012216798781570226, "params": {"gamma": 81.0438518351929, "log10_alpha": -1.9216256238842169, "log10_colsample_bytree": -0.16998824074909658, "log10_eta": -2.5260335854156417, "log10_lambda": -4.6485277606865845, "log10_min_child_weight": 0.7433513820741977, "log10_subsample": -0.6417038194250031, "max_depth": 8.0}, "datetime": {"datetime": "2024-01-17 22:52:34", "elapsed": 34069.448925, "delta": 132.340767}}
{"target": 0.0010415533582708858, "params": {"gamma": 80.3565893265892, "log10_alpha": -4.259069298055639, "log10_colsample_bytree": -0.3578255087397272, "log10_eta": -1.928410082113707, "log10_lambda": -4.579179387741883, "log10_min_child_weight": 0.8600988916975993, "log10_subsample": -0.7342672467495077, "max_depth": 8.0}, "datetime": {"datetime": "2024-01-17 22:53:44", "elapsed": 34139.017029, "delta": 69.568104}}
{"target": -0.0001761006310734281, "params": {"gamma": 25.271332224686027, "log10_alpha": -4.536064642560717, "log10_colsample_bytree": -0.4406772970831896, "log10_eta": -3.462186515261208, "log10_lambda": -4.484386248023658, "log10_min_child_weight": 0.9876388982285322, "log10_subsample": -0.5870780207915977, "max_depth": 8.0}, "datetime": {"datetime": "2024-01-17 22:57:27", "elapsed": 34361.656008, "delta": 222.638979}}
{"target": 0.0008545271286481693, "params": {"gamma": 79.62591269535271, "log10_alpha": -0.13972386556335703, "log10_colsample_bytree": -0.09597786863998037, "log10_eta": -1.6018602181018213, "log10_lambda": -4.570079224418012, "log10_min_child_weight": 1.3933870291150847, "log10_subsample": -0.3309122871286234, "max_depth": 6.0}, "datetime": {"datetime": "2024-01-17 22:58:10", "elapsed": 34405.102527, "delta": 43.446519}}
{"target": 0.0016422941631975552, "params": {"gamma": 80.4259151283386, "log10_alpha": -4.1661405271048935, "log10_colsample_bytree": -0.25181112079185886, "log10_eta": -2.3475468624764924, "log10_lambda": -3.6709259739194975, "log10_min_child_weight": 1.3670105632640006, "log10_subsample": -0.7916651700934202, "max_depth": 9.0}, "datetime": {"datetime": "2024-01-17 22:59:59", "elapsed": 34514.444247, "delta": 109.34172}}
{"target": 0.0012045196632982924, "params": {"gamma": 79.98287283809888, "log10_alpha": -3.6783291466464982, "log10_colsample_bytree": -0.08725630385043581, "log10_eta": -2.576331550711074, "log10_lambda": -3.4060561992528147, "log10_min_child_weight": 1.3727895753152923, "log10_subsample": -0.9406972663948436, "max_depth": 8.0}, "datetime": {"datetime": "2024-01-17 23:01:42", "elapsed": 34616.593203, "delta": 102.148956}}
{"target": 0.0011735772690494861, "params": {"gamma": 79.08106459546607, "log10_alpha": -4.4196131967630246, "log10_colsample_bytree": -0.2595595505702952, "log10_eta": -2.0588403512172153, "log10_lambda": -3.6225348291999504, "log10_min_child_weight": 1.806603710467412, "log10_subsample": -0.11973762406896538, "max_depth": 7.0}, "datetime": {"datetime": "2024-01-17 23:02:40", "elapsed": 34675.057315, "delta": 58.464112}}
{"target": 0.0022100707151030408, "params": {"gamma": 79.54830840331599, "log10_alpha": -2.385227082602273, "log10_colsample_bytree": -0.45333488391354504, "log10_eta": -1.7902265012357117, "log10_lambda": -2.859120664297257, "log10_min_child_weight": 0.9591258254912249, "log10_subsample": -0.9835978646269153, "max_depth": 6.0}, "datetime": {"datetime": "2024-01-17 23:03:33", "elapsed": 34728.144854, "delta": 53.087539}}
{"target": 0.0010277133925418735, "params": {"gamma": 79.67399927683508, "log10_alpha": -1.7699625048582845, "log10_colsample_bytree": -0.08204602521241389, "log10_eta": -2.5310651918653777, "log10_lambda": -4.656026017069121, "log10_min_child_weight": 0.6625790648014107, "log10_subsample": -0.9425268972030115, "max_depth": 5.0}, "datetime": {"datetime": "2024-01-17 23:05:05", "elapsed": 34820.043058, "delta": 91.898204}}
{"target": 0.0016382814345100583, "params": {"gamma": 80.30536474754028, "log10_alpha": -2.279282884010067, "log10_colsample_bytree": -0.476607441626165, "log10_eta": -1.6346536252085482, "log10_lambda": -3.4609299981314305, "log10_min_child_weight": 0.1257569292766686, "log10_subsample": -0.9786213076096671, "max_depth": 6.0}, "datetime": {"datetime": "2024-01-17 23:05:53", "elapsed": 34868.094136, "delta": 48.051078}}
{"target": 0.0013268858126000427, "params": {"gamma": 78.23296637118379, "log10_alpha": -1.7784988260461185, "log10_colsample_bytree": -0.21674060326875866, "log10_eta": -1.8083241924777478, "log10_lambda": -2.6640712617347324, "log10_min_child_weight": 0.81926376156086, "log10_subsample": -0.939541322885101, "max_depth": 5.0}, "datetime": {"datetime": "2024-01-17 23:06:43", "elapsed": 34917.781351, "delta": 49.687215}}
{"target": 0.0013748522123080975, "params": {"gamma": 80.80059408044374, "log10_alpha": -4.0196675013167456, "log10_colsample_bytree": -0.09918495041596498, "log10_eta": -3.041068011495387, "log10_lambda": -4.1437572915540954, "log10_min_child_weight": 1.655965258794645, "log10_subsample": -0.8573456937417748, "max_depth": 9.0}, "datetime": {"datetime": "2024-01-17 23:11:09", "elapsed": 35183.981272, "delta": 266.199921}}
{"target": -0.00023596728157837532, "params": {"gamma": 80.8997950281621, "log10_alpha": -1.177163242355415, "log10_colsample_bytree": -0.61047394985279, "log10_eta": -3.039716195484121, "log10_lambda": -3.5940730849134, "log10_min_child_weight": 2.008189534424104, "log10_subsample": -0.95944087939309, "max_depth": 6.0}, "datetime": {"datetime": "2024-01-17 23:13:06", "elapsed": 35300.762544, "delta": 116.781272}}
{"target": 0.0010277860659762827, "params": {"gamma": 79.55242953848497, "log10_alpha": -3.3560413110874787, "log10_colsample_bytree": -0.4856234000443731, "log10_eta": -2.380451414317326, "log10_lambda": -4.92769775956081, "log10_min_child_weight": 2.119838085071059, "log10_subsample": -0.3733943734817068, "max_depth": 9.0}, "datetime": {"datetime": "2024-01-17 23:14:30", "elapsed": 35385.443402, "delta": 84.680858}}
{"target": 0.0023531093020883187, "params": {"gamma": 78.14933288616618, "log10_alpha": -1.8466449968595011, "log10_colsample_bytree": -0.5667936740553052, "log10_eta": -1.691705769261549, "log10_lambda": -2.9578359001907826, "log10_min_child_weight": 0.24100422539398925, "log10_subsample": -0.9302180215599725, "max_depth": 5.0}, "datetime": {"datetime": "2024-01-17 23:15:19", "elapsed": 35434.154262, "delta": 48.71086}}
{"target": 9.296595396787732e-05, "params": {"gamma": 79.05285922016071, "log10_alpha": -2.5009917565343374, "log10_colsample_bytree": -0.8052216413377116, "log10_eta": -2.080910757386766, "log10_lambda": -1.2254217395744873, "log10_min_child_weight": 1.9107830946678572, "log10_subsample": -0.9993179586392608, "max_depth": 7.0}, "datetime": {"datetime": "2024-01-17 23:16:11", "elapsed": 35485.697367, "delta": 51.543105}}
{"target": 0.0011358900884650969, "params": {"gamma": 79.9743348347687, "log10_alpha": -1.4689188330920464, "log10_colsample_bytree": -0.5552431943116868, "log10_eta": -2.394995716657893, "log10_lambda": -3.359099535207302, "log10_min_child_weight": 0.9147343437921596, "log10_subsample": -0.9781665424830435, "max_depth": 5.0}, "datetime": {"datetime": "2024-01-17 23:17:21", "elapsed": 35556.388958, "delta": 70.691591}}
{"target": 0.0010520927081919818, "params": {"gamma": 80.02518218115536, "log10_alpha": -3.7971685745672508, "log10_colsample_bytree": -0.3725472239765667, "log10_eta": -2.8868061665667146, "log10_lambda": -4.971149730439459, "log10_min_child_weight": 1.7128603856534825, "log10_subsample": -0.6821828138618795, "max_depth": 8.0}, "datetime": {"datetime": "2024-01-17 23:19:56", "elapsed": 35710.726402, "delta": 154.337444}}
{"target": 0.0009333154497951635, "params": {"gamma": 95.94829082998328, "log10_alpha": -1.102721077097442, "log10_colsample_bytree": -0.024653057332972295, "log10_eta": -2.153265443711941, "log10_lambda": -4.300077051122374, "log10_min_child_weight": 2.1247321299257482, "log10_subsample": -0.19121821222692592, "max_depth": 8.0}, "datetime": {"datetime": "2024-01-17 23:20:57", "elapsed": 35772.059686, "delta": 61.333284}}
{"target": 0.001126711821972548, "params": {"gamma": 81.37467503357011, "log10_alpha": -1.1488777790144251, "log10_colsample_bytree": -0.2402205280101205, "log10_eta": -2.5754401725794462, "log10_lambda": -4.690085382117915, "log10_min_child_weight": 1.1861352860404644, "log10_subsample": -0.6603325235217916, "max_depth": 6.0}, "datetime": {"datetime": "2024-01-17 23:22:35", "elapsed": 35870.410887, "delta": 98.351201}}
{"target": 0.0006575122280949031, "params": {"gamma": 79.82818555192364, "log10_alpha": -4.5743132158434685, "log10_colsample_bytree": -0.3528863760337807, "log10_eta": -1.4438225631231565, "log10_lambda": -4.850724086713078, "log10_min_child_weight": 0.7475579863101894, "log10_subsample": -0.6997596737218239, "max_depth": 9.0}, "datetime": {"datetime": "2024-01-17 23:23:24", "elapsed": 35919.328271, "delta": 48.917384}}
{"target": 0.0017859021184539747, "params": {"gamma": 79.65750930761747, "log10_alpha": -4.121885703726425, "log10_colsample_bytree": -0.17250996338367852, "log10_eta": -2.285314475123465, "log10_lambda": -4.4969573897078785, "log10_min_child_weight": 1.742302390140829, "log10_subsample": -0.7218510170765835, "max_depth": 8.0}, "datetime": {"datetime": "2024-01-17 23:24:51", "elapsed": 36006.198609, "delta": 86.870338}}
{"target": 0.0010898703419112699, "params": {"gamma": 78.72474745038997, "log10_alpha": -1.467097646755529, "log10_colsample_bytree": -0.5783566413503732, "log10_eta": -2.2532439103491004, "log10_lambda": -3.1586038826926663, "log10_min_child_weight": 0.13374713999826038, "log10_subsample": -0.30201561795275755, "max_depth": 5.0}, "datetime": {"datetime": "2024-01-17 23:26:06", "elapsed": 36080.542772, "delta": 74.344163}}
{"target": 0.0008647866716440522, "params": {"gamma": 81.47760767743229, "log10_alpha": -2.361916920505094, "log10_colsample_bytree": -0.9044918880118278, "log10_eta": -1.9038726791556932, "log10_lambda": -2.418079946636081, "log10_min_child_weight": 0.9683975859212307, "log10_subsample": -0.9477414653574068, "max_depth": 7.0}, "datetime": {"datetime": "2024-01-17 23:27:06", "elapsed": 36141.247214, "delta": 60.704442}}
{"target": -0.00021312080700588987, "params": {"gamma": 33.76591980212673, "log10_alpha": 0.4216201491162028, "log10_colsample_bytree": -0.4191637871787759, "log10_eta": -3.405495762451463, "log10_lambda": -4.177267697316294, "log10_min_child_weight": 1.0528096184605307, "log10_subsample": -0.08201790933446773, "max_depth": 8.0}, "datetime": {"datetime": "2024-01-17 23:30:29", "elapsed": 36344.216879, "delta": 202.969665}}
{"target": 0.0015991228054529072, "params": {"gamma": 80.82420109413819, "log10_alpha": -3.5171938597146504, "log10_colsample_bytree": -0.008462037408624168, "log10_eta": -2.5815383719033713, "log10_lambda": -4.478082475561623, "log10_min_child_weight": 1.8699925977143455, "log10_subsample": -0.7214571802013422, "max_depth": 8.0}, "datetime": {"datetime": "2024-01-17 23:32:37", "elapsed": 36471.54728, "delta": 127.330401}}
{"target": 0.0015835388873793321, "params": {"gamma": 78.41011283194804, "log10_alpha": -1.833794053266033, "log10_colsample_bytree": -0.4951056932570133, "log10_eta": -1.616567733546905, "log10_lambda": -2.9119767164737183, "log10_min_child_weight": 0.0, "log10_subsample": -1.0, "max_depth": 5.0}, "datetime": {"datetime": "2024-01-17 23:33:26", "elapsed": 36521.328798, "delta": 49.781518}}
{"target": 0.0008790025199990059, "params": {"gamma": 79.97026509128601, "log10_alpha": -4.213015276252387, "log10_colsample_bytree": -0.028292255811336764, "log10_eta": -1.8438976213547926, "log10_lambda": -4.454699178990351, "log10_min_child_weight": 1.8235655933619461, "log10_subsample": -0.14470725813487162, "max_depth": 8.0}, "datetime": {"datetime": "2024-01-17 23:34:15", "elapsed": 36570.273462, "delta": 48.944664}}
{"target": -0.0006935845171926469, "params": {"gamma": 12.060664173469027, "log10_alpha": -1.1376234571351387, "log10_colsample_bytree": -0.8998797863883409, "log10_eta": -3.2092411251231256, "log10_lambda": 0.12281827436212467, "log10_min_child_weight": 3.617532892486724, "log10_subsample": -0.21043832036029486, "max_depth": 8.0}, "datetime": {"datetime": "2024-01-17 23:36:03", "elapsed": 36678.298276, "delta": 108.024814}}
{"target": 0.0008846838409110325, "params": {"gamma": 79.73682146615599, "log10_alpha": -0.9263429928551217, "log10_colsample_bytree": -0.36081007860713943, "log10_eta": -2.0072504547732213, "log10_lambda": -4.999917562199851, "log10_min_child_weight": 1.6339600071012639, "log10_subsample": -0.6071034279499722, "max_depth": 7.0}, "datetime": {"datetime": "2024-01-17 23:36:56", "elapsed": 36730.599103, "delta": 52.300827}}
{"target": 0.0012544565312835043, "params": {"gamma": 78.40580868739208, "log10_alpha": -1.907725572465199, "log10_colsample_bytree": -0.5905667920359369, "log10_eta": -1.9484840607241032, "log10_lambda": -3.9314014795614525, "log10_min_child_weight": 0.23364026581140063, "log10_subsample": -0.6526470714094672, "max_depth": 4.0}, "datetime": {"datetime": "2024-01-17 23:37:49", "elapsed": 36783.923496, "delta": 53.324393}}
