{"target": -0.0004848466049328648, "params": {"gamma": 54.88135039273247, "log10_alpha": -0.7088638017654834, "log10_colsample_bytree": -0.3972366239283561, "log10_eta": -2.3653504510093093, "log10_lambda": -2.458071203966572, "log10_min_child_weight": 3.2294705653332807, "log10_subsample": -0.5624127887373075, "max_depth": 9.0}, "datetime": {"datetime": "2024-01-17 13:24:45", "elapsed": 0.0, "delta": 0.0}}
{"target": 0.0005520604114778727, "params": {"gamma": 82.89828680176875, "log10_alpha": -3.341213859493285, "log10_colsample_bytree": -0.11030946156904309, "log10_eta": -3.148043802907474, "log10_lambda": 0.8696290528577046, "log10_min_child_weight": 0.15144495209802822, "log10_subsample": -0.9336903982958807, "max_depth": 8.0}, "datetime": {"datetime": "2024-01-17 13:28:37", "elapsed": 231.922823, "delta": 231.922823}}
{"target": -0.0007605441947535763, "params": {"gamma": 83.82743171742037, "log10_alpha": -3.1449203002682493, "log10_colsample_bytree": -0.9403355043070011, "log10_eta": -3.825364797704292, "log10_lambda": 0.7403492351907754, "log10_min_child_weight": 0.9328636924304506, "log10_subsample": -0.7172640226844682, "max_depth": 7.0}, "datetime": {"datetime": "2024-01-17 13:30:33", "elapsed": 348.119224, "delta": 116.196401}}
{"target": -0.0005459584995768374, "params": {"gamma": 36.430642886490006, "log10_alpha": -1.8921664468269892, "log10_colsample_bytree": -0.3670145726591363, "log10_eta": -2.3800010846619375, "log10_lambda": 0.5811890867742955, "log10_min_child_weight": 3.813425028899184, "log10_subsample": -0.6657276523308633, "max_depth": 4.0}, "datetime": {"datetime": "2024-01-17 13:31:36", "elapsed": 410.661247, "delta": 62.542023}}
{"target": -0.0007319435757321413, "params": {"gamma": 60.593391002618844, "log10_alpha": -2.9731505398097093, "log10_colsample_bytree": -0.26814574982121364, "log10_eta": -1.0114986945371904, "log10_lambda": -3.077424830182618, "log10_min_child_weight": 3.2035073946445403, "log10_subsample": -0.752768710342544, "max_depth": 5.0}, "datetime": {"datetime": "2024-01-17 13:32:10", "elapsed": 445.048817, "delta": 34.38757}}
{"target": -0.0008431206311678152, "params": {"gamma": 58.771507354014965, "log10_alpha": -4.210090996720359, "log10_colsample_bytree": -0.8598625769445734, "log10_eta": -3.7970149696636173, "log10_lambda": 0.8513291412635322, "log10_min_child_weight": 4.044561373960319, "log10_subsample": -0.3911874130942161, "max_depth": 3.0}, "datetime": {"datetime": "2024-01-17 13:33:59", "elapsed": 553.931338, "delta": 108.882521}}
{"target": 0.0007349824725217946, "params": {"gamma": 86.12737484097896, "log10_alpha": -2.389334449331101, "log10_colsample_bytree": -0.6014293492698648, "log10_eta": -2.2625424168946546, "log10_lambda": -1.397214697726544, "log10_min_child_weight": 1.9637994851163287, "log10_subsample": -0.649866533252191, "max_depth": 9.0}, "datetime": {"datetime": "2024-01-17 13:35:03", "elapsed": 617.909021, "delta": 63.977683}}
{"target": -0.00015094227783979397, "params": {"gamma": 58.597108259044795, "log10_alpha": 0.5844927257664541, "log10_colsample_bytree": -0.477553064194269, "log10_eta": -3.088452698570963, "log10_lambda": 0.3101129938047329, "log10_min_child_weight": 0.9854595285010953, "log10_subsample": -0.3173725341722039, "max_depth": 5.0}, "datetime": {"datetime": "2024-01-17 13:36:55", "elapsed": 730.142021, "delta": 112.233}}
{"target": 0.0009724058348359321, "params": {"gamma": 78.99303067963473, "log10_alpha": -4.9565132022724026, "log10_colsample_bytree": -0.7209721303367826, "log10_eta": -2.1963173978715282, "log10_lambda": -3.82136511056335, "log10_min_child_weight": 1.4634245076025802, "log10_subsample": -0.29540619864078477, "max_depth": 9.0}, "datetime": {"datetime": "2024-01-17 13:38:11", "elapsed": 805.981768, "delta": 75.839747}}
{"target": -0.00032775262335391075, "params": {"gamma": 31.083008401466962, "log10_alpha": 0.04150206678139057, "log10_colsample_bytree": -0.08762700838122339, "log10_eta": -1.3413665324702304, "log10_lambda": -1.4182777275999232, "log10_min_child_weight": 3.116863781486092, "log10_subsample": -0.5515837785936596, "max_depth": 8.0}, "datetime": {"datetime": "2024-01-17 13:38:47", "elapsed": 841.969142, "delta": 35.987374}}
{"target": 7.650154624758154e-05, "params": {"gamma": 93.38661799260174, "log10_alpha": -3.5468009316642193, "log10_colsample_bytree": -0.6579384910320293, "log10_eta": -1.949567664848872, "log10_lambda": -3.101015940688659, "log10_min_child_weight": 4.184851090403198, "log10_subsample": -0.7787752723828307, "max_depth": 4.0}, "datetime": {"datetime": "2024-01-17 13:40:06", "elapsed": 921.051336, "delta": 79.082194}}
{"target": -0.0002586603452288394, "params": {"gamma": 38.96790724486604, "log10_alpha": -4.170293140617882, "log10_colsample_bytree": -0.9748925494140906, "log10_eta": -2.2645567724657996, "log10_lambda": -0.6025100482458461, "log10_min_child_weight": 3.3558829029361696, "log10_subsample": -0.6496711324608972, "max_depth": 9.0}, "datetime": {"datetime": "2024-01-17 13:41:22", "elapsed": 997.076821, "delta": 76.025485}}
{"target": -7.08537818578936e-05, "params": {"gamma": 94.70634124083038, "log10_alpha": -0.7766184793053332, "log10_colsample_bytree": -0.620561251951083, "log10_eta": -2.750063992251998, "log10_lambda": -1.8861863377933066, "log10_min_child_weight": 2.191833157261562, "log10_subsample": -0.7603013847717639, "max_depth": 5.0}, "datetime": {"datetime": "2024-01-17 13:42:56", "elapsed": 1090.947918, "delta": 93.871097}}
{"target": -0.0007390388189217334, "params": {"gamma": 52.91894379153229, "log10_alpha": -1.5111660999783343, "log10_colsample_bytree": -0.6790938319835595, "log10_eta": -3.5216512815419967, "log10_lambda": -3.6588568712710363, "log10_min_child_weight": 2.2849501992977967, "log10_subsample": -0.2241473733206787, "max_depth": 3.0}, "datetime": {"datetime": "2024-01-17 13:44:12", "elapsed": 1166.770075, "delta": 75.822157}}
{"target": 0.000299157722571719, "params": {"gamma": 83.00663118403006, "log10_alpha": -2.999325999384525, "log10_colsample_bytree": -0.3683058405962497, "log10_eta": -3.204707148576321, "log10_lambda": 0.6254393677711079, "log10_min_child_weight": 0.07113334663961968, "log10_subsample": -0.4556758319529878, "max_depth": 8.0}, "datetime": {"datetime": "2024-01-17 13:47:55", "elapsed": 1390.479361, "delta": 223.709286}}
{"target": -0.0004079678843320611, "params": {"gamma": 78.67404832322885, "log10_alpha": -4.575061953539813, "log10_colsample_bytree": -0.9530078105066304, "log10_eta": -2.9544522833167908, "log10_lambda": -3.8251484686385178, "log10_min_child_weight": 0.3347429289353371, "log10_subsample": -0.3072800180313715, "max_depth": 9.0}, "datetime": {"datetime": "2024-01-17 13:49:54", "elapsed": 1508.994774, "delta": 118.515413}}
{"target": 0.0012337486980543988, "params": {"gamma": 79.29603086017953, "log10_alpha": -4.945440750261757, "log10_colsample_bytree": -0.48939656347023497, "log10_eta": -2.745114343550394, "log10_lambda": -3.95843375386304, "log10_min_child_weight": 1.5170125908927319, "log10_subsample": -0.48098902281291145, "max_depth": 8.0}, "datetime": {"datetime": "2024-01-17 13:52:19", "elapsed": 1654.246796, "delta": 145.252022}}
{"target": 0.00023154502731301263, "params": {"gamma": 79.0086902988911, "log10_alpha": -4.699870272614526, "log10_colsample_bytree": -0.897102149858018, "log10_eta": -1.6075785608344892, "log10_lambda": -3.391156522371557, "log10_min_child_weight": 1.657332175508877, "log10_subsample": -0.6786454169341912, "max_depth": 7.0}, "datetime": {"datetime": "2024-01-17 13:52:59", "elapsed": 1694.303304, "delta": 40.056508}}
{"target": 0.0005266729043094942, "params": {"gamma": 78.66562152644237, "log10_alpha": -4.4369718793007245, "log10_colsample_bytree": -0.4505127159572203, "log10_eta": -2.0715060445423457, "log10_lambda": -3.711811470872468, "log10_min_child_weight": 2.3114836368965874, "log10_subsample": -0.6774768359293809, "max_depth": 7.0}, "datetime": {"datetime": "2024-01-17 13:53:55", "elapsed": 1750.252056, "delta": 55.948752}}
{"target": 0.0017738093425258006, "params": {"gamma": 79.23239064543839, "log10_alpha": -4.753668746075597, "log10_colsample_bytree": -0.4520959227647673, "log10_eta": -1.759993999321245, "log10_lambda": -3.100747427684803, "log10_min_child_weight": 1.434581142055531, "log10_subsample": -0.5563887776420601, "max_depth": 9.0}, "datetime": {"datetime": "2024-01-17 13:54:51", "elapsed": 1806.509236, "delta": 56.25718}}
{"target": 0.0015706386360964386, "params": {"gamma": 79.58988327370844, "log10_alpha": -4.858187881094818, "log10_colsample_bytree": -0.025558613781966884, "log10_eta": -2.0861951512244685, "log10_lambda": -3.21383122249957, "log10_min_child_weight": 1.8914733711848626, "log10_subsample": -0.6714832391611328, "max_depth": 8.0}, "datetime": {"datetime": "2024-01-17 13:55:51", "elapsed": 1866.338599, "delta": 59.829363}}
{"target": 0.0013829241636929557, "params": {"gamma": 80.57284561194402, "log10_alpha": -3.5702267701086736, "log10_colsample_bytree": -0.2068050501722134, "log10_eta": -1.9585977443615676, "log10_lambda": -2.810069320064364, "log10_min_child_weight": 1.3496167126799845, "log10_subsample": -0.770656623751062, "max_depth": 9.0}, "datetime": {"datetime": "2024-01-17 13:56:53", "elapsed": 1927.938881, "delta": 61.600282}}
{"target": -0.000635816884609508, "params": {"gamma": 79.97547486452291, "log10_alpha": -4.993768484695155, "log10_colsample_bytree": -0.97388726437721, "log10_eta": -2.633489326687978, "log10_lambda": -3.1714623068982317, "log10_min_child_weight": 2.627641302648771, "log10_subsample": -0.9543777038882835, "max_depth": 8.0}, "datetime": {"datetime": "2024-01-17 13:57:53", "elapsed": 1987.680185, "delta": 59.741304}}
{"target": 0.0003697689608492538, "params": {"gamma": 79.74021665933896, "log10_alpha": -4.19631175083194, "log10_colsample_bytree": -0.8509341313463769, "log10_eta": -1.143149237215257, "log10_lambda": -1.9417776483518834, "log10_min_child_weight": 1.326754697439182, "log10_subsample": -0.07989167480277726, "max_depth": 9.0}, "datetime": {"datetime": "2024-01-17 13:58:37", "elapsed": 2031.55959, "delta": 43.879405}}
{"target": 0.0011487697286052256, "params": {"gamma": 78.31622525828968, "log10_alpha": -4.309373863318548, "log10_colsample_bytree": -0.19194383284013117, "log10_eta": -2.1169578994420384, "log10_lambda": -2.88986610386816, "log10_min_child_weight": 1.7003560952034191, "log10_subsample": -0.5806946273686755, "max_depth": 9.0}, "datetime": {"datetime": "2024-01-17 13:59:41", "elapsed": 2095.891116, "delta": 64.331526}}
{"target": -0.0005018828621023153, "params": {"gamma": 78.75163305399344, "log10_alpha": -4.070904314954519, "log10_colsample_bytree": -0.9992886610218081, "log10_eta": -1.0057139166544093, "log10_lambda": -2.87068545937354, "log10_min_child_weight": 1.8879578277767868, "log10_subsample": -0.8824053054049186, "max_depth": 9.0}, "datetime": {"datetime": "2024-01-17 14:00:18", "elapsed": 2133.170988, "delta": 37.279872}}
{"target": 0.0007278787559433508, "params": {"gamma": 81.21094817015144, "log10_alpha": -4.3849198112335985, "log10_colsample_bytree": -0.1970223417706246, "log10_eta": -1.602049853373622, "log10_lambda": -2.5720223040069223, "log10_min_child_weight": 1.4580143154039389, "log10_subsample": -0.023174846230021195, "max_depth": 9.0}, "datetime": {"datetime": "2024-01-17 14:01:09", "elapsed": 2184.424631, "delta": 51.253643}}
{"target": 0.0003362306917143454, "params": {"gamma": 79.89557713820147, "log10_alpha": -4.470480272240971, "log10_colsample_bytree": -0.7833566515851936, "log10_eta": -1.7914622475076194, "log10_lambda": -3.344452018199668, "log10_min_child_weight": 1.390512975475957, "log10_subsample": -0.9615748730535709, "max_depth": 8.0}, "datetime": {"datetime": "2024-01-17 14:01:56", "elapsed": 2230.652465, "delta": 46.227834}}
{"target": 0.0014824378919041092, "params": {"gamma": 79.64719983068869, "log10_alpha": -4.002001980973647, "log10_colsample_bytree": -0.1088470704687926, "log10_eta": -2.5820688217486376, "log10_lambda": -1.6432041979820946, "log10_min_child_weight": 1.7397753381798198, "log10_subsample": -0.7286012208544445, "max_depth": 7.0}, "datetime": {"datetime": "2024-01-17 14:03:34", "elapsed": 2329.256987, "delta": 98.604522}}
{"target": 0.001487880255620383, "params": {"gamma": 79.30921975706312, "log10_alpha": -3.6177282826840074, "log10_colsample_bytree": -0.1750768320511613, "log10_eta": -2.321478428091244, "log10_lambda": -2.3444857747811314, "log10_min_child_weight": 2.261416577716497, "log10_subsample": -0.37134702688479826, "max_depth": 8.0}, "datetime": {"datetime": "2024-01-17 14:04:53", "elapsed": 2407.643893, "delta": 78.386906}}
{"target": 0.0014357067176997973, "params": {"gamma": 80.32670506523739, "log10_alpha": -2.4711408195930593, "log10_colsample_bytree": -0.5752332397985407, "log10_eta": -2.0457004385847433, "log10_lambda": -1.7213088673820511, "log10_min_child_weight": 0.8043813268106748, "log10_subsample": -0.32689336965607385, "max_depth": 7.0}, "datetime": {"datetime": "2024-01-17 14:05:59", "elapsed": 2473.804057, "delta": 66.160164}}
{"target": 0.0007391621216442656, "params": {"gamma": 80.0445297181535, "log10_alpha": -1.9328447755686486, "log10_colsample_bytree": -0.6044968320261087, "log10_eta": -2.7145786357159207, "log10_lambda": -2.1845122727747635, "log10_min_child_weight": 1.8768931171174423, "log10_subsample": -0.7702792623794323, "max_depth": 7.0}, "datetime": {"datetime": "2024-01-17 14:08:09", "elapsed": 2603.778144, "delta": 129.974087}}
{"target": 0.000831646864106611, "params": {"gamma": 80.15119014188699, "log10_alpha": -3.2814196978901737, "log10_colsample_bytree": -0.9027681132802142, "log10_eta": -1.7773227632622222, "log10_lambda": -1.7538547343132018, "log10_min_child_weight": 1.320380489161757, "log10_subsample": -0.1679383233331142, "max_depth": 7.0}, "datetime": {"datetime": "2024-01-17 14:09:02", "elapsed": 2657.134614, "delta": 53.35647}}
{"target": 0.0010446431256884992, "params": {"gamma": 78.7120274532621, "log10_alpha": -4.11916723090023, "log10_colsample_bytree": -0.04906565976489696, "log10_eta": -3.1308758866893953, "log10_lambda": -2.347511610288646, "log10_min_child_weight": 1.4452321466625195, "log10_subsample": -0.4622537822252316, "max_depth": 6.0}, "datetime": {"datetime": "2024-01-17 14:12:34", "elapsed": 2868.694901, "delta": 211.560287}}
{"target": 0.0004627349099135536, "params": {"gamma": 79.39549390898328, "log10_alpha": -3.531275101358035, "log10_colsample_bytree": -0.03226564432782142, "log10_eta": -3.4236955449146094, "log10_lambda": -0.8658530218034599, "log10_min_child_weight": 1.4400662817606276, "log10_subsample": -0.4712092995891636, "max_depth": 6.0}, "datetime": {"datetime": "2024-01-17 14:16:09", "elapsed": 3083.815825, "delta": 215.120924}}
{"target": 0.0008867232508823764, "params": {"gamma": 79.2539546395062, "log10_alpha": -4.532438539338157, "log10_colsample_bytree": -0.23256250109549936, "log10_eta": -1.9022176529316757, "log10_lambda": -1.4930822534062598, "log10_min_child_weight": 1.115206037775907, "log10_subsample": -0.7379507012555934, "max_depth": 7.0}, "datetime": {"datetime": "2024-01-17 14:17:00", "elapsed": 3135.155118, "delta": 51.339293}}
{"target": 0.0006775214973656352, "params": {"gamma": 80.06790612303793, "log10_alpha": -3.121296443212161, "log10_colsample_bytree": -0.2639662581356762, "log10_eta": -2.4728917527220458, "log10_lambda": -2.484430829930727, "log10_min_child_weight": 2.2986654183733677, "log10_subsample": -0.2777338388821806, "max_depth": 9.0}, "datetime": {"datetime": "2024-01-17 14:18:18", "elapsed": 3212.935641, "delta": 77.780523}}
{"target": 0.0012548156695664225, "params": {"gamma": 78.49232240865557, "log10_alpha": -4.284059713064861, "log10_colsample_bytree": -0.12338099287437443, "log10_eta": -2.9604420087808734, "log10_lambda": -1.774057493485743, "log10_min_child_weight": 2.163137689000556, "log10_subsample": -0.541467124130436, "max_depth": 7.0}, "datetime": {"datetime": "2024-01-17 14:21:38", "elapsed": 3412.827171, "delta": 199.89153}}
{"target": 0.001017942865897098, "params": {"gamma": 80.45570047108377, "log10_alpha": -3.454091929828195, "log10_colsample_bytree": -0.6096976097748302, "log10_eta": -2.4408650648898575, "log10_lambda": -1.7547630922209425, "log10_min_child_weight": 1.1729971181567072, "log10_subsample": -0.986867984407203, "max_depth": 7.0}, "datetime": {"datetime": "2024-01-17 14:23:01", "elapsed": 3495.937889, "delta": 83.110718}}
{"target": 0.002031096650261577, "params": {"gamma": 79.06822333248256, "log10_alpha": -2.599879215688299, "log10_colsample_bytree": -0.32480791611231585, "log10_eta": -1.8786934641528883, "log10_lambda": -1.8703689642988444, "log10_min_child_weight": 1.5843114340468518, "log10_subsample": -0.9533970859680491, "max_depth": 7.0}, "datetime": {"datetime": "2024-01-17 14:23:55", "elapsed": 3550.278566, "delta": 54.340677}}
{"target": 0.0009640024889985555, "params": {"gamma": 79.0249819994527, "log10_alpha": -4.477017115414639, "log10_colsample_bytree": -0.05110909188657309, "log10_eta": -2.2412180553544903, "log10_lambda": -2.239600013586872, "log10_min_child_weight": 1.7821102256581627, "log10_subsample": -0.17704360630140947, "max_depth": 7.0}, "datetime": {"datetime": "2024-01-17 14:25:01", "elapsed": 3615.64859, "delta": 65.370024}}
{"target": 0.0003279964733071128, "params": {"gamma": 79.88472661514122, "log10_alpha": -2.351127502061539, "log10_colsample_bytree": -0.19426307520720842, "log10_eta": -1.3024786441200833, "log10_lambda": -1.1070074553411233, "log10_min_child_weight": 0.6596205820926937, "log10_subsample": -0.40152609832780584, "max_depth": 7.0}, "datetime": {"datetime": "2024-01-17 14:25:38", "elapsed": 3653.061906, "delta": 37.413316}}
{"target": 0.0004214848983564723, "params": {"gamma": 78.51812680552426, "log10_alpha": -3.229210084124129, "log10_colsample_bytree": -0.6425711652459429, "log10_eta": -2.9834530578749794, "log10_lambda": -2.1975659156844065, "log10_min_child_weight": 1.4212426823210684, "log10_subsample": -0.9263560806485605, "max_depth": 7.0}, "datetime": {"datetime": "2024-01-17 14:27:38", "elapsed": 3772.914617, "delta": 119.852711}}
{"target": 0.0018315256189988804, "params": {"gamma": 79.52573842838822, "log10_alpha": -2.978624641657191, "log10_colsample_bytree": 0.0, "log10_eta": -1.981740861119853, "log10_lambda": -2.059941687159747, "log10_min_child_weight": 1.5766987822442475, "log10_subsample": -0.929191411715574, "max_depth": 7.0}, "datetime": {"datetime": "2024-01-17 14:28:34", "elapsed": 3829.379823, "delta": 56.465206}}
{"target": 1.653669704954064e-05, "params": {"gamma": 78.76949938374158, "log10_alpha": -2.9827920436766435, "log10_colsample_bytree": -0.33364213708853363, "log10_eta": -1.5840339161908599, "log10_lambda": -0.7791048002064205, "log10_min_child_weight": 2.0380437253486896, "log10_subsample": -0.7696677922821489, "max_depth": 5.0}, "datetime": {"datetime": "2024-01-17 14:29:12", "elapsed": 3866.857934, "delta": 37.478111}}
{"target": 0.001548149694191675, "params": {"gamma": 79.45245214504236, "log10_alpha": -3.5008888318988776, "log10_colsample_bytree": -0.4689358100235814, "log10_eta": -1.6397239207248422, "log10_lambda": -2.122754569955311, "log10_min_child_weight": 1.2959285104330882, "log10_subsample": -0.9336845853290685, "max_depth": 7.0}, "datetime": {"datetime": "2024-01-17 14:29:59", "elapsed": 3913.771656, "delta": 46.913722}}
{"target": 0.0007719647465783686, "params": {"gamma": 78.99239141506928, "log10_alpha": -3.1273260440163386, "log10_colsample_bytree": 0.0, "log10_eta": -1.838058546182908, "log10_lambda": -1.5323800451610865, "log10_min_child_weight": 2.030203944345342, "log10_subsample": -1.0, "max_depth": 7.0}, "datetime": {"datetime": "2024-01-17 14:30:42", "elapsed": 3957.329394, "delta": 43.557738}}
{"target": 0.0015660641856294621, "params": {"gamma": 78.9265217117857, "log10_alpha": -2.0000141107008598, "log10_colsample_bytree": -0.42295757678676005, "log10_eta": -2.385274975717894, "log10_lambda": -3.2619304740822743, "log10_min_child_weight": 1.473714707256248, "log10_subsample": -0.7385902907499868, "max_depth": 7.0}, "datetime": {"datetime": "2024-01-17 14:32:09", "elapsed": 4043.562826, "delta": 86.233432}}
{"target": 0.0011727528808029575, "params": {"gamma": 79.66635363122808, "log10_alpha": -3.114605906582832, "log10_colsample_bytree": -0.14573109023624764, "log10_eta": -1.9811651340592045, "log10_lambda": -2.3158623202015036, "log10_min_child_weight": 0.8234801327433644, "log10_subsample": -0.1176013810973443, "max_depth": 7.0}, "datetime": {"datetime": "2024-01-17 14:33:03", "elapsed": 4098.054579, "delta": 54.491753}}
{"target": -1.7812660351723686e-05, "params": {"gamma": 78.92098410103905, "log10_alpha": -2.5279882425633344, "log10_colsample_bytree": -0.5474995051938791, "log10_eta": -1.2744740973905389, "log10_lambda": -2.2197588492141715, "log10_min_child_weight": 2.51273773771801, "log10_subsample": -0.03527073014832305, "max_depth": 6.0}, "datetime": {"datetime": "2024-01-17 14:33:39", "elapsed": 4133.693606, "delta": 35.639027}}
{"target": 0.0009792114048784162, "params": {"gamma": 79.91597667722982, "log10_alpha": -4.28398189107722, "log10_colsample_bytree": -0.05234144519991457, "log10_eta": -3.127813647449887, "log10_lambda": -3.6403072713175493, "log10_min_child_weight": 0.7811716432172144, "log10_subsample": -0.37014981107657563, "max_depth": 7.0}, "datetime": {"datetime": "2024-01-17 14:38:14", "elapsed": 4408.932623, "delta": 275.239017}}
{"target": 0.0013773226643608028, "params": {"gamma": 79.70042496995136, "log10_alpha": -2.2183963110088385, "log10_colsample_bytree": -0.5943680267574244, "log10_eta": -2.1022025941204068, "log10_lambda": -3.4912915454505944, "log10_min_child_weight": 1.402176874733806, "log10_subsample": -0.4098750544776172, "max_depth": 7.0}, "datetime": {"datetime": "2024-01-17 14:39:21", "elapsed": 4475.6969, "delta": 66.764277}}
