{"target": -15.171896055976301, "params": {"colsample_bytree": 0.1178820438578434, "eta": 0.004578967355191332, "gamma": 587.5520628444964, "max_depth": 9.0, "min_child_weight": 4204.4566062457425, "num_boost_round": 19.0, "subsample": 0.6956662873747435}, "datetime": {"datetime": "2024-01-20 15:11:18", "elapsed": 2836.133406, "delta": 0.004219}}
{"target": -15.171890423694206, "params": {"colsample_bytree": 0.1178820438578434, "eta": 0.004578967355191332, "gamma": 587.5520628444964, "max_depth": 9.0, "min_child_weight": 4204.4566062457425, "num_boost_round": 20.0, "subsample": 0.6956662873747435}, "datetime": {"datetime": "2024-01-20 15:11:18", "elapsed": 2836.137714, "delta": 0.004308}}
{"target": -15.171756948407204, "params": {"colsample_bytree": 0.1178820438578434, "eta": 0.004578967355191332, "gamma": 587.5520628444964, "max_depth": 9.0, "min_child_weight": 4204.4566062457425, "num_boost_round": 21.0, "subsample": 0.6956662873747435}, "datetime": {"datetime": "2024-01-20 15:11:18", "elapsed": 2836.142003, "delta": 0.004289}}
{"target": -15.171751302070046, "params": {"colsample_bytree": 0.1178820438578434, "eta": 0.004578967355191332, "gamma": 587.5520628444964, "max_depth": 9.0, "min_child_weight": 4204.4566062457425, "num_boost_round": 22.0, "subsample": 0.6956662873747435}, "datetime": {"datetime": "2024-01-20 15:11:18", "elapsed": 2836.146262, "delta": 0.004259}}
{"target": -15.171755206285276, "params": {"colsample_bytree": 0.1178820438578434, "eta": 0.004578967355191332, "gamma": 587.5520628444964, "max_depth": 9.0, "min_child_weight": 4204.4566062457425, "num_boost_round": 23.0, "subsample": 0.6956662873747435}, "datetime": {"datetime": "2024-01-20 15:11:18", "elapsed": 2836.150374, "delta": 0.004112}}
{"target": -15.171767239139882, "params": {"colsample_bytree": 0.1178820438578434, "eta": 0.004578967355191332, "gamma": 587.5520628444964, "max_depth": 9.0, "min_child_weight": 4204.4566062457425, "num_boost_round": 24.0, "subsample": 0.6956662873747435}, "datetime": {"datetime": "2024-01-20 15:11:18", "elapsed": 2836.154458, "delta": 0.004084}}
{"target": -15.17177420639457, "params": {"colsample_bytree": 0.1178820438578434, "eta": 0.004578967355191332, "gamma": 587.5520628444964, "max_depth": 9.0, "min_child_weight": 4204.4566062457425, "num_boost_round": 25.0, "subsample": 0.6956662873747435}, "datetime": {"datetime": "2024-01-20 15:11:18", "elapsed": 2836.158676, "delta": 0.004218}}
{"target": -15.171753184505713, "params": {"colsample_bytree": 0.1178820438578434, "eta": 0.004578967355191332, "gamma": 587.5520628444964, "max_depth": 9.0, "min_child_weight": 4204.4566062457425, "num_boost_round": 26.0, "subsample": 0.6956662873747435}, "datetime": {"datetime": "2024-01-20 15:11:18", "elapsed": 2836.163079, "delta": 0.004403}}
{"target": -15.171606109890377, "params": {"colsample_bytree": 0.1178820438578434, "eta": 0.004578967355191332, "gamma": 587.5520628444964, "max_depth": 9.0, "min_child_weight": 4204.4566062457425, "num_boost_round": 27.0, "subsample": 0.6956662873747435}, "datetime": {"datetime": "2024-01-20 15:11:18", "elapsed": 2836.167436, "delta": 0.004357}}
{"target": -15.171618221240522, "params": {"colsample_bytree": 0.1178820438578434, "eta": 0.004578967355191332, "gamma": 587.5520628444964, "max_depth": 9.0, "min_child_weight": 4204.4566062457425, "num_boost_round": 28.0, "subsample": 0.6956662873747435}, "datetime": {"datetime": "2024-01-20 15:11:18", "elapsed": 2836.172068, "delta": 0.004632}}
{"target": -15.171599925671137, "params": {"colsample_bytree": 0.1178820438578434, "eta": 0.004578967355191332, "gamma": 587.5520628444964, "max_depth": 9.0, "min_child_weight": 4204.4566062457425, "num_boost_round": 29.0, "subsample": 0.6956662873747435}, "datetime": {"datetime": "2024-01-20 15:11:18", "elapsed": 2836.176471, "delta": 0.004403}}
{"target": -15.171571355268625, "params": {"colsample_bytree": 0.1178820438578434, "eta": 0.004578967355191332, "gamma": 587.5520628444964, "max_depth": 9.0, "min_child_weight": 4204.4566062457425, "num_boost_round": 30.0, "subsample": 0.6956662873747435}, "datetime": {"datetime": "2024-01-20 15:11:18", "elapsed": 2836.180699, "delta": 0.004228}}
{"target": -15.171591452855512, "params": {"colsample_bytree": 0.1178820438578434, "eta": 0.004578967355191332, "gamma": 587.5520628444964, "max_depth": 9.0, "min_child_weight": 4204.4566062457425, "num_boost_round": 31.0, "subsample": 0.6956662873747435}, "datetime": {"datetime": "2024-01-20 15:11:18", "elapsed": 2836.184751, "delta": 0.004052}}
{"target": -15.17159987775324, "params": {"colsample_bytree": 0.1178820438578434, "eta": 0.004578967355191332, "gamma": 587.5520628444964, "max_depth": 9.0, "min_child_weight": 4204.4566062457425, "num_boost_round": 32.0, "subsample": 0.6956662873747435}, "datetime": {"datetime": "2024-01-20 15:11:18", "elapsed": 2836.18892, "delta": 0.004169}}
{"target": -15.171583777501127, "params": {"colsample_bytree": 0.1178820438578434, "eta": 0.004578967355191332, "gamma": 587.5520628444964, "max_depth": 9.0, "min_child_weight": 4204.4566062457425, "num_boost_round": 33.0, "subsample": 0.6956662873747435}, "datetime": {"datetime": "2024-01-20 15:11:18", "elapsed": 2836.193142, "delta": 0.004222}}
{"target": -15.171580922042281, "params": {"colsample_bytree": 0.1178820438578434, "eta": 0.004578967355191332, "gamma": 587.5520628444964, "max_depth": 9.0, "min_child_weight": 4204.4566062457425, "num_boost_round": 34.0, "subsample": 0.6956662873747435}, "datetime": {"datetime": "2024-01-20 15:11:18", "elapsed": 2836.197476, "delta": 0.004334}}
{"target": -15.171569341543233, "params": {"colsample_bytree": 0.1178820438578434, "eta": 0.004578967355191332, "gamma": 587.5520628444964, "max_depth": 9.0, "min_child_weight": 4204.4566062457425, "num_boost_round": 35.0, "subsample": 0.6956662873747435}, "datetime": {"datetime": "2024-01-20 15:11:18", "elapsed": 2836.201745, "delta": 0.004269}}
{"target": -15.171532261171837, "params": {"colsample_bytree": 0.1178820438578434, "eta": 0.004578967355191332, "gamma": 587.5520628444964, "max_depth": 9.0, "min_child_weight": 4204.4566062457425, "num_boost_round": 36.0, "subsample": 0.6956662873747435}, "datetime": {"datetime": "2024-01-20 15:11:18", "elapsed": 2836.206759, "delta": 0.005014}}
{"target": -15.171406519226842, "params": {"colsample_bytree": 0.1178820438578434, "eta": 0.004578967355191332, "gamma": 587.5520628444964, "max_depth": 9.0, "min_child_weight": 4204.4566062457425, "num_boost_round": 37.0, "subsample": 0.6956662873747435}, "datetime": {"datetime": "2024-01-20 15:11:18", "elapsed": 2836.211265, "delta": 0.004506}}
{"target": -15.171403816408297, "params": {"colsample_bytree": 0.1178820438578434, "eta": 0.004578967355191332, "gamma": 587.5520628444964, "max_depth": 9.0, "min_child_weight": 4204.4566062457425, "num_boost_round": 38.0, "subsample": 0.6956662873747435}, "datetime": {"datetime": "2024-01-20 15:11:18", "elapsed": 2836.215561, "delta": 0.004296}}
{"target": -15.171398745514622, "params": {"colsample_bytree": 0.1178820438578434, "eta": 0.004578967355191332, "gamma": 587.5520628444964, "max_depth": 9.0, "min_child_weight": 4204.4566062457425, "num_boost_round": 39.0, "subsample": 0.6956662873747435}, "datetime": {"datetime": "2024-01-20 15:11:18", "elapsed": 2836.21999, "delta": 0.004429}}
{"target": -15.171353720428183, "params": {"colsample_bytree": 0.1178820438578434, "eta": 0.004578967355191332, "gamma": 587.5520628444964, "max_depth": 9.0, "min_child_weight": 4204.4566062457425, "num_boost_round": 40.0, "subsample": 0.6956662873747435}, "datetime": {"datetime": "2024-01-20 15:11:18", "elapsed": 2836.224094, "delta": 0.004104}}
{"target": -15.171315863318881, "params": {"colsample_bytree": 0.1178820438578434, "eta": 0.004578967355191332, "gamma": 587.5520628444964, "max_depth": 9.0, "min_child_weight": 4204.4566062457425, "num_boost_round": 41.0, "subsample": 0.6956662873747435}, "datetime": {"datetime": "2024-01-20 15:11:18", "elapsed": 2836.228197, "delta": 0.004103}}
{"target": -15.171323835134327, "params": {"colsample_bytree": 0.1178820438578434, "eta": 0.004578967355191332, "gamma": 587.5520628444964, "max_depth": 9.0, "min_child_weight": 4204.4566062457425, "num_boost_round": 42.0, "subsample": 0.6956662873747435}, "datetime": {"datetime": "2024-01-20 15:11:18", "elapsed": 2836.23248, "delta": 0.004283}}
{"target": -15.171167452002365, "params": {"colsample_bytree": 0.1178820438578434, "eta": 0.004578967355191332, "gamma": 587.5520628444964, "max_depth": 9.0, "min_child_weight": 4204.4566062457425, "num_boost_round": 43.0, "subsample": 0.6956662873747435}, "datetime": {"datetime": "2024-01-20 15:11:18", "elapsed": 2836.236661, "delta": 0.004181}}
{"target": -15.171166826862589, "params": {"colsample_bytree": 0.1178820438578434, "eta": 0.004578967355191332, "gamma": 587.5520628444964, "max_depth": 9.0, "min_child_weight": 4204.4566062457425, "num_boost_round": 44.0, "subsample": 0.6956662873747435}, "datetime": {"datetime": "2024-01-20 15:11:18", "elapsed": 2836.240945, "delta": 0.004284}}
{"target": -15.171149231757944, "params": {"colsample_bytree": 0.1178820438578434, "eta": 0.004578967355191332, "gamma": 587.5520628444964, "max_depth": 9.0, "min_child_weight": 4204.4566062457425, "num_boost_round": 45.0, "subsample": 0.6956662873747435}, "datetime": {"datetime": "2024-01-20 15:11:18", "elapsed": 2836.245108, "delta": 0.004163}}
{"target": -15.1711266308465, "params": {"colsample_bytree": 0.1178820438578434, "eta": 0.004578967355191332, "gamma": 587.5520628444964, "max_depth": 9.0, "min_child_weight": 4204.4566062457425, "num_boost_round": 46.0, "subsample": 0.6956662873747435}, "datetime": {"datetime": "2024-01-20 15:11:18", "elapsed": 2836.249573, "delta": 0.004465}}
{"target": -15.170985619207077, "params": {"colsample_bytree": 0.1178820438578434, "eta": 0.004578967355191332, "gamma": 587.5520628444964, "max_depth": 9.0, "min_child_weight": 4204.4566062457425, "num_boost_round": 47.0, "subsample": 0.6956662873747435}, "datetime": {"datetime": "2024-01-20 15:11:18", "elapsed": 2836.253902, "delta": 0.004329}}
{"target": -15.170999529280282, "params": {"colsample_bytree": 0.1178820438578434, "eta": 0.004578967355191332, "gamma": 587.5520628444964, "max_depth": 9.0, "min_child_weight": 4204.4566062457425, "num_boost_round": 48.0, "subsample": 0.6956662873747435}, "datetime": {"datetime": "2024-01-20 15:11:18", "elapsed": 2836.258429, "delta": 0.004527}}
{"target": -15.170373712861789, "params": {"colsample_bytree": 0.24718722706974713, "eta": 0.0838579415730657, "gamma": 489.3179431124729, "max_depth": 2.0, "min_child_weight": 4304.863393899145, "num_boost_round": 1.0, "subsample": 0.493734948251374}, "datetime": {"datetime": "2024-01-20 15:12:09", "elapsed": 2887.252714, "delta": 50.994285}}
{"target": -15.168381675877072, "params": {"colsample_bytree": 0.24718722706974713, "eta": 0.0838579415730657, "gamma": 489.3179431124729, "max_depth": 2.0, "min_child_weight": 4304.863393899145, "num_boost_round": 2.0, "subsample": 0.493734948251374}, "datetime": {"datetime": "2024-01-20 15:12:09", "elapsed": 2887.25906, "delta": 0.006346}}
{"target": -15.165949040305096, "params": {"colsample_bytree": 0.24718722706974713, "eta": 0.0838579415730657, "gamma": 489.3179431124729, "max_depth": 2.0, "min_child_weight": 4304.863393899145, "num_boost_round": 3.0, "subsample": 0.493734948251374}, "datetime": {"datetime": "2024-01-20 15:12:09", "elapsed": 2887.264088, "delta": 0.005028}}
{"target": -15.16594724606864, "params": {"colsample_bytree": 0.24718722706974713, "eta": 0.0838579415730657, "gamma": 489.3179431124729, "max_depth": 2.0, "min_child_weight": 4304.863393899145, "num_boost_round": 4.0, "subsample": 0.493734948251374}, "datetime": {"datetime": "2024-01-20 15:12:09", "elapsed": 2887.268836, "delta": 0.004748}}
{"target": -15.164426434558617, "params": {"colsample_bytree": 0.24718722706974713, "eta": 0.0838579415730657, "gamma": 489.3179431124729, "max_depth": 2.0, "min_child_weight": 4304.863393899145, "num_boost_round": 5.0, "subsample": 0.493734948251374}, "datetime": {"datetime": "2024-01-20 15:12:09", "elapsed": 2887.273184, "delta": 0.004348}}
{"target": -15.162494437305163, "params": {"colsample_bytree": 0.24718722706974713, "eta": 0.0838579415730657, "gamma": 489.3179431124729, "max_depth": 2.0, "min_child_weight": 4304.863393899145, "num_boost_round": 6.0, "subsample": 0.493734948251374}, "datetime": {"datetime": "2024-01-20 15:12:09", "elapsed": 2887.277178, "delta": 0.003994}}
{"target": -15.161287376899171, "params": {"colsample_bytree": 0.24718722706974713, "eta": 0.0838579415730657, "gamma": 489.3179431124729, "max_depth": 2.0, "min_child_weight": 4304.863393899145, "num_boost_round": 7.0, "subsample": 0.493734948251374}, "datetime": {"datetime": "2024-01-20 15:12:09", "elapsed": 2887.281626, "delta": 0.004448}}
{"target": -15.159090127846472, "params": {"colsample_bytree": 0.24718722706974713, "eta": 0.0838579415730657, "gamma": 489.3179431124729, "max_depth": 2.0, "min_child_weight": 4304.863393899145, "num_boost_round": 8.0, "subsample": 0.493734948251374}, "datetime": {"datetime": "2024-01-20 15:12:09", "elapsed": 2887.285907, "delta": 0.004281}}
{"target": -15.159327189011943, "params": {"colsample_bytree": 0.24718722706974713, "eta": 0.0838579415730657, "gamma": 489.3179431124729, "max_depth": 2.0, "min_child_weight": 4304.863393899145, "num_boost_round": 9.0, "subsample": 0.493734948251374}, "datetime": {"datetime": "2024-01-20 15:12:09", "elapsed": 2887.290026, "delta": 0.004119}}
{"target": -15.158261031121778, "params": {"colsample_bytree": 0.24718722706974713, "eta": 0.0838579415730657, "gamma": 489.3179431124729, "max_depth": 2.0, "min_child_weight": 4304.863393899145, "num_boost_round": 10.0, "subsample": 0.493734948251374}, "datetime": {"datetime": "2024-01-20 15:12:09", "elapsed": 2887.294246, "delta": 0.00422}}
{"target": -15.158303161076933, "params": {"colsample_bytree": 0.24718722706974713, "eta": 0.0838579415730657, "gamma": 489.3179431124729, "max_depth": 2.0, "min_child_weight": 4304.863393899145, "num_boost_round": 11.0, "subsample": 0.493734948251374}, "datetime": {"datetime": "2024-01-20 15:12:09", "elapsed": 2887.298073, "delta": 0.003827}}
{"target": -15.15874369645245, "params": {"colsample_bytree": 0.24718722706974713, "eta": 0.0838579415730657, "gamma": 489.3179431124729, "max_depth": 2.0, "min_child_weight": 4304.863393899145, "num_boost_round": 12.0, "subsample": 0.493734948251374}, "datetime": {"datetime": "2024-01-20 15:12:09", "elapsed": 2887.30207, "delta": 0.003997}}
{"target": -15.158940494868016, "params": {"colsample_bytree": 0.24718722706974713, "eta": 0.0838579415730657, "gamma": 489.3179431124729, "max_depth": 2.0, "min_child_weight": 4304.863393899145, "num_boost_round": 13.0, "subsample": 0.493734948251374}, "datetime": {"datetime": "2024-01-20 15:12:09", "elapsed": 2887.30664, "delta": 0.00457}}
{"target": -15.159400033823799, "params": {"colsample_bytree": 0.24718722706974713, "eta": 0.0838579415730657, "gamma": 489.3179431124729, "max_depth": 2.0, "min_child_weight": 4304.863393899145, "num_boost_round": 14.0, "subsample": 0.493734948251374}, "datetime": {"datetime": "2024-01-20 15:12:09", "elapsed": 2887.310906, "delta": 0.004266}}
{"target": -15.159431894565044, "params": {"colsample_bytree": 0.24718722706974713, "eta": 0.0838579415730657, "gamma": 489.3179431124729, "max_depth": 2.0, "min_child_weight": 4304.863393899145, "num_boost_round": 15.0, "subsample": 0.493734948251374}, "datetime": {"datetime": "2024-01-20 15:12:09", "elapsed": 2887.315197, "delta": 0.004291}}
{"target": -15.158470654678709, "params": {"colsample_bytree": 0.24718722706974713, "eta": 0.0838579415730657, "gamma": 489.3179431124729, "max_depth": 2.0, "min_child_weight": 4304.863393899145, "num_boost_round": 16.0, "subsample": 0.493734948251374}, "datetime": {"datetime": "2024-01-20 15:12:09", "elapsed": 2887.319734, "delta": 0.004537}}
{"target": -15.15658186223385, "params": {"colsample_bytree": 0.24718722706974713, "eta": 0.0838579415730657, "gamma": 489.3179431124729, "max_depth": 2.0, "min_child_weight": 4304.863393899145, "num_boost_round": 17.0, "subsample": 0.493734948251374}, "datetime": {"datetime": "2024-01-20 15:12:09", "elapsed": 2887.324035, "delta": 0.004301}}
{"target": -15.156529888300891, "params": {"colsample_bytree": 0.24718722706974713, "eta": 0.0838579415730657, "gamma": 489.3179431124729, "max_depth": 2.0, "min_child_weight": 4304.863393899145, "num_boost_round": 18.0, "subsample": 0.493734948251374}, "datetime": {"datetime": "2024-01-20 15:12:09", "elapsed": 2887.328047, "delta": 0.004012}}
{"target": -15.155401903092006, "params": {"colsample_bytree": 0.24718722706974713, "eta": 0.0838579415730657, "gamma": 489.3179431124729, "max_depth": 2.0, "min_child_weight": 4304.863393899145, "num_boost_round": 19.0, "subsample": 0.493734948251374}, "datetime": {"datetime": "2024-01-20 15:12:09", "elapsed": 2887.332495, "delta": 0.004448}}
{"target": -15.15560825778651, "params": {"colsample_bytree": 0.24718722706974713, "eta": 0.0838579415730657, "gamma": 489.3179431124729, "max_depth": 2.0, "min_child_weight": 4304.863393899145, "num_boost_round": 20.0, "subsample": 0.493734948251374}, "datetime": {"datetime": "2024-01-20 15:12:09", "elapsed": 2887.336426, "delta": 0.003931}}
{"target": -15.15520099079399, "params": {"colsample_bytree": 0.24718722706974713, "eta": 0.0838579415730657, "gamma": 489.3179431124729, "max_depth": 2.0, "min_child_weight": 4304.863393899145, "num_boost_round": 21.0, "subsample": 0.493734948251374}, "datetime": {"datetime": "2024-01-20 15:12:09", "elapsed": 2887.340571, "delta": 0.004145}}
{"target": -15.155057191917152, "params": {"colsample_bytree": 0.24718722706974713, "eta": 0.0838579415730657, "gamma": 489.3179431124729, "max_depth": 2.0, "min_child_weight": 4304.863393899145, "num_boost_round": 22.0, "subsample": 0.493734948251374}, "datetime": {"datetime": "2024-01-20 15:12:09", "elapsed": 2887.344901, "delta": 0.00433}}
{"target": -15.155215966562025, "params": {"colsample_bytree": 0.24718722706974713, "eta": 0.0838579415730657, "gamma": 489.3179431124729, "max_depth": 2.0, "min_child_weight": 4304.863393899145, "num_boost_round": 23.0, "subsample": 0.493734948251374}, "datetime": {"datetime": "2024-01-20 15:12:09", "elapsed": 2887.34939, "delta": 0.004489}}
{"target": -15.155464168176636, "params": {"colsample_bytree": 0.24718722706974713, "eta": 0.0838579415730657, "gamma": 489.3179431124729, "max_depth": 2.0, "min_child_weight": 4304.863393899145, "num_boost_round": 24.0, "subsample": 0.493734948251374}, "datetime": {"datetime": "2024-01-20 15:12:09", "elapsed": 2887.353708, "delta": 0.004318}}
{"target": -15.155524134521666, "params": {"colsample_bytree": 0.24718722706974713, "eta": 0.0838579415730657, "gamma": 489.3179431124729, "max_depth": 2.0, "min_child_weight": 4304.863393899145, "num_boost_round": 25.0, "subsample": 0.493734948251374}, "datetime": {"datetime": "2024-01-20 15:12:09", "elapsed": 2887.358529, "delta": 0.004821}}
{"target": -15.155666703874061, "params": {"colsample_bytree": 0.24718722706974713, "eta": 0.0838579415730657, "gamma": 489.3179431124729, "max_depth": 2.0, "min_child_weight": 4304.863393899145, "num_boost_round": 26.0, "subsample": 0.493734948251374}, "datetime": {"datetime": "2024-01-20 15:12:09", "elapsed": 2887.362717, "delta": 0.004188}}
{"target": -15.15532383472038, "params": {"colsample_bytree": 0.24718722706974713, "eta": 0.0838579415730657, "gamma": 489.3179431124729, "max_depth": 2.0, "min_child_weight": 4304.863393899145, "num_boost_round": 27.0, "subsample": 0.493734948251374}, "datetime": {"datetime": "2024-01-20 15:12:09", "elapsed": 2887.366673, "delta": 0.003956}}
{"target": -15.154864014994292, "params": {"colsample_bytree": 0.24718722706974713, "eta": 0.0838579415730657, "gamma": 489.3179431124729, "max_depth": 2.0, "min_child_weight": 4304.863393899145, "num_boost_round": 28.0, "subsample": 0.493734948251374}, "datetime": {"datetime": "2024-01-20 15:12:09", "elapsed": 2887.370798, "delta": 0.004125}}
{"target": -15.154908084477299, "params": {"colsample_bytree": 0.24718722706974713, "eta": 0.0838579415730657, "gamma": 489.3179431124729, "max_depth": 2.0, "min_child_weight": 4304.863393899145, "num_boost_round": 29.0, "subsample": 0.493734948251374}, "datetime": {"datetime": "2024-01-20 15:12:09", "elapsed": 2887.374583, "delta": 0.003785}}
{"target": -15.17235582553159, "params": {"colsample_bytree": 0.8296217261199327, "eta": 0.02258781462923144, "gamma": 453.6718138579654, "max_depth": 2.0, "min_child_weight": 4374.864029007342, "num_boost_round": 1.0, "subsample": 0.7924648628321949}, "datetime": {"datetime": "2024-01-20 15:13:31", "elapsed": 2969.086182, "delta": 81.711599}}
{"target": -15.171674296959397, "params": {"colsample_bytree": 0.8296217261199327, "eta": 0.02258781462923144, "gamma": 453.6718138579654, "max_depth": 2.0, "min_child_weight": 4374.864029007342, "num_boost_round": 2.0, "subsample": 0.7924648628321949}, "datetime": {"datetime": "2024-01-20 15:13:31", "elapsed": 2969.092115, "delta": 0.005933}}
{"target": -15.170977450360253, "params": {"colsample_bytree": 0.8296217261199327, "eta": 0.02258781462923144, "gamma": 453.6718138579654, "max_depth": 2.0, "min_child_weight": 4374.864029007342, "num_boost_round": 3.0, "subsample": 0.7924648628321949}, "datetime": {"datetime": "2024-01-20 15:13:31", "elapsed": 2969.096738, "delta": 0.004623}}
{"target": -15.170534558929493, "params": {"colsample_bytree": 0.8296217261199327, "eta": 0.02258781462923144, "gamma": 453.6718138579654, "max_depth": 2.0, "min_child_weight": 4374.864029007342, "num_boost_round": 4.0, "subsample": 0.7924648628321949}, "datetime": {"datetime": "2024-01-20 15:13:31", "elapsed": 2969.100523, "delta": 0.003785}}
