{"target": -13.510668490941988, "params": {"colsample_bytree": 0.843285493118189, "eta": 0.08114184673628232, "gamma": 258.5826309838184, "max_depth": 6.0, "min_child_weight": 3851.5072087746853, "num_boost_round": 73.0, "subsample": 0.6560214479908019}, "datetime": {"datetime": "2024-01-20 16:36:51", "elapsed": 7964.556021, "delta": 0.006662}}
{"target": -13.51065271951235, "params": {"colsample_bytree": 0.843285493118189, "eta": 0.08114184673628232, "gamma": 258.5826309838184, "max_depth": 6.0, "min_child_weight": 3851.5072087746853, "num_boost_round": 74.0, "subsample": 0.6560214479908019}, "datetime": {"datetime": "2024-01-20 16:36:51", "elapsed": 7964.563068, "delta": 0.007047}}
{"target": -13.510946133129584, "params": {"colsample_bytree": 0.843285493118189, "eta": 0.08114184673628232, "gamma": 258.5826309838184, "max_depth": 6.0, "min_child_weight": 3851.5072087746853, "num_boost_round": 75.0, "subsample": 0.6560214479908019}, "datetime": {"datetime": "2024-01-20 16:36:51", "elapsed": 7964.570012, "delta": 0.006944}}
{"target": -13.510936373158458, "params": {"colsample_bytree": 0.843285493118189, "eta": 0.08114184673628232, "gamma": 258.5826309838184, "max_depth": 6.0, "min_child_weight": 3851.5072087746853, "num_boost_round": 76.0, "subsample": 0.6560214479908019}, "datetime": {"datetime": "2024-01-20 16:36:51", "elapsed": 7964.576763, "delta": 0.006751}}
{"target": -13.510929235975409, "params": {"colsample_bytree": 0.843285493118189, "eta": 0.08114184673628232, "gamma": 258.5826309838184, "max_depth": 6.0, "min_child_weight": 3851.5072087746853, "num_boost_round": 77.0, "subsample": 0.6560214479908019}, "datetime": {"datetime": "2024-01-20 16:36:51", "elapsed": 7964.583423, "delta": 0.00666}}
{"target": -13.510877635180282, "params": {"colsample_bytree": 0.843285493118189, "eta": 0.08114184673628232, "gamma": 258.5826309838184, "max_depth": 6.0, "min_child_weight": 3851.5072087746853, "num_boost_round": 78.0, "subsample": 0.6560214479908019}, "datetime": {"datetime": "2024-01-20 16:36:51", "elapsed": 7964.590796, "delta": 0.007373}}
{"target": -13.511121526251035, "params": {"colsample_bytree": 0.843285493118189, "eta": 0.08114184673628232, "gamma": 258.5826309838184, "max_depth": 6.0, "min_child_weight": 3851.5072087746853, "num_boost_round": 79.0, "subsample": 0.6560214479908019}, "datetime": {"datetime": "2024-01-20 16:36:51", "elapsed": 7964.597607, "delta": 0.006811}}
{"target": -13.511143931873198, "params": {"colsample_bytree": 0.843285493118189, "eta": 0.08114184673628232, "gamma": 258.5826309838184, "max_depth": 6.0, "min_child_weight": 3851.5072087746853, "num_boost_round": 80.0, "subsample": 0.6560214479908019}, "datetime": {"datetime": "2024-01-20 16:36:51", "elapsed": 7964.608554, "delta": 0.010947}}
{"target": -13.511287289767157, "params": {"colsample_bytree": 0.843285493118189, "eta": 0.08114184673628232, "gamma": 258.5826309838184, "max_depth": 6.0, "min_child_weight": 3851.5072087746853, "num_boost_round": 81.0, "subsample": 0.6560214479908019}, "datetime": {"datetime": "2024-01-20 16:36:51", "elapsed": 7964.619792, "delta": 0.011238}}
{"target": -13.511494154056322, "params": {"colsample_bytree": 0.843285493118189, "eta": 0.08114184673628232, "gamma": 258.5826309838184, "max_depth": 6.0, "min_child_weight": 3851.5072087746853, "num_boost_round": 82.0, "subsample": 0.6560214479908019}, "datetime": {"datetime": "2024-01-20 16:36:51", "elapsed": 7964.627881, "delta": 0.008089}}
{"target": -13.511695551431313, "params": {"colsample_bytree": 0.843285493118189, "eta": 0.08114184673628232, "gamma": 258.5826309838184, "max_depth": 6.0, "min_child_weight": 3851.5072087746853, "num_boost_round": 83.0, "subsample": 0.6560214479908019}, "datetime": {"datetime": "2024-01-20 16:36:51", "elapsed": 7964.634707, "delta": 0.006826}}
{"target": -13.51164281859241, "params": {"colsample_bytree": 0.843285493118189, "eta": 0.08114184673628232, "gamma": 258.5826309838184, "max_depth": 6.0, "min_child_weight": 3851.5072087746853, "num_boost_round": 84.0, "subsample": 0.6560214479908019}, "datetime": {"datetime": "2024-01-20 16:36:51", "elapsed": 7964.641482, "delta": 0.006775}}
{"target": -13.512090220667424, "params": {"colsample_bytree": 0.843285493118189, "eta": 0.08114184673628232, "gamma": 258.5826309838184, "max_depth": 6.0, "min_child_weight": 3851.5072087746853, "num_boost_round": 85.0, "subsample": 0.6560214479908019}, "datetime": {"datetime": "2024-01-20 16:36:51", "elapsed": 7964.648182, "delta": 0.0067}}
{"target": -13.512179858999746, "params": {"colsample_bytree": 0.843285493118189, "eta": 0.08114184673628232, "gamma": 258.5826309838184, "max_depth": 6.0, "min_child_weight": 3851.5072087746853, "num_boost_round": 86.0, "subsample": 0.6560214479908019}, "datetime": {"datetime": "2024-01-20 16:36:51", "elapsed": 7964.655326, "delta": 0.007144}}
{"target": -13.512451288893866, "params": {"colsample_bytree": 0.843285493118189, "eta": 0.08114184673628232, "gamma": 258.5826309838184, "max_depth": 6.0, "min_child_weight": 3851.5072087746853, "num_boost_round": 87.0, "subsample": 0.6560214479908019}, "datetime": {"datetime": "2024-01-20 16:36:51", "elapsed": 7964.662347, "delta": 0.007021}}
{"target": -13.51250776822194, "params": {"colsample_bytree": 0.843285493118189, "eta": 0.08114184673628232, "gamma": 258.5826309838184, "max_depth": 6.0, "min_child_weight": 3851.5072087746853, "num_boost_round": 88.0, "subsample": 0.6560214479908019}, "datetime": {"datetime": "2024-01-20 16:36:51", "elapsed": 7964.669142, "delta": 0.006795}}
{"target": -13.512556491701453, "params": {"colsample_bytree": 0.843285493118189, "eta": 0.08114184673628232, "gamma": 258.5826309838184, "max_depth": 6.0, "min_child_weight": 3851.5072087746853, "num_boost_round": 89.0, "subsample": 0.6560214479908019}, "datetime": {"datetime": "2024-01-20 16:36:51", "elapsed": 7964.675875, "delta": 0.006733}}
{"target": -13.512885990237745, "params": {"colsample_bytree": 0.843285493118189, "eta": 0.08114184673628232, "gamma": 258.5826309838184, "max_depth": 6.0, "min_child_weight": 3851.5072087746853, "num_boost_round": 90.0, "subsample": 0.6560214479908019}, "datetime": {"datetime": "2024-01-20 16:36:51", "elapsed": 7964.682615, "delta": 0.00674}}
{"target": -13.513017613856741, "params": {"colsample_bytree": 0.843285493118189, "eta": 0.08114184673628232, "gamma": 258.5826309838184, "max_depth": 6.0, "min_child_weight": 3851.5072087746853, "num_boost_round": 91.0, "subsample": 0.6560214479908019}, "datetime": {"datetime": "2024-01-20 16:36:51", "elapsed": 7964.689327, "delta": 0.006712}}
{"target": -13.51331764375136, "params": {"colsample_bytree": 0.843285493118189, "eta": 0.08114184673628232, "gamma": 258.5826309838184, "max_depth": 6.0, "min_child_weight": 3851.5072087746853, "num_boost_round": 92.0, "subsample": 0.6560214479908019}, "datetime": {"datetime": "2024-01-20 16:36:51", "elapsed": 7964.696471, "delta": 0.007144}}
{"target": -13.51357843640714, "params": {"colsample_bytree": 0.843285493118189, "eta": 0.08114184673628232, "gamma": 258.5826309838184, "max_depth": 6.0, "min_child_weight": 3851.5072087746853, "num_boost_round": 93.0, "subsample": 0.6560214479908019}, "datetime": {"datetime": "2024-01-20 16:36:51", "elapsed": 7964.703499, "delta": 0.007028}}
{"target": -13.513864241570996, "params": {"colsample_bytree": 0.843285493118189, "eta": 0.08114184673628232, "gamma": 258.5826309838184, "max_depth": 6.0, "min_child_weight": 3851.5072087746853, "num_boost_round": 94.0, "subsample": 0.6560214479908019}, "datetime": {"datetime": "2024-01-20 16:36:51", "elapsed": 7964.710922, "delta": 0.007423}}
{"target": -13.514143613512204, "params": {"colsample_bytree": 0.843285493118189, "eta": 0.08114184673628232, "gamma": 258.5826309838184, "max_depth": 6.0, "min_child_weight": 3851.5072087746853, "num_boost_round": 95.0, "subsample": 0.6560214479908019}, "datetime": {"datetime": "2024-01-20 16:36:51", "elapsed": 7964.717871, "delta": 0.006949}}
{"target": -13.51418927829159, "params": {"colsample_bytree": 0.843285493118189, "eta": 0.08114184673628232, "gamma": 258.5826309838184, "max_depth": 6.0, "min_child_weight": 3851.5072087746853, "num_boost_round": 96.0, "subsample": 0.6560214479908019}, "datetime": {"datetime": "2024-01-20 16:36:51", "elapsed": 7964.72467, "delta": 0.006799}}
{"target": -13.51416851667635, "params": {"colsample_bytree": 0.843285493118189, "eta": 0.08114184673628232, "gamma": 258.5826309838184, "max_depth": 6.0, "min_child_weight": 3851.5072087746853, "num_boost_round": 97.0, "subsample": 0.6560214479908019}, "datetime": {"datetime": "2024-01-20 16:36:51", "elapsed": 7964.731357, "delta": 0.006687}}
{"target": -13.514206351027742, "params": {"colsample_bytree": 0.843285493118189, "eta": 0.08114184673628232, "gamma": 258.5826309838184, "max_depth": 6.0, "min_child_weight": 3851.5072087746853, "num_boost_round": 98.0, "subsample": 0.6560214479908019}, "datetime": {"datetime": "2024-01-20 16:36:51", "elapsed": 7964.738476, "delta": 0.007119}}
{"target": -13.514065071162513, "params": {"colsample_bytree": 0.843285493118189, "eta": 0.08114184673628232, "gamma": 258.5826309838184, "max_depth": 6.0, "min_child_weight": 3851.5072087746853, "num_boost_round": 99.0, "subsample": 0.6560214479908019}, "datetime": {"datetime": "2024-01-20 16:36:51", "elapsed": 7964.745706, "delta": 0.00723}}
{"target": -13.514111076959784, "params": {"colsample_bytree": 0.843285493118189, "eta": 0.08114184673628232, "gamma": 258.5826309838184, "max_depth": 6.0, "min_child_weight": 3851.5072087746853, "num_boost_round": 100.0, "subsample": 0.6560214479908019}, "datetime": {"datetime": "2024-01-20 16:36:51", "elapsed": 7964.757587, "delta": 0.011881}}
{"target": -13.51413884651938, "params": {"colsample_bytree": 0.843285493118189, "eta": 0.08114184673628232, "gamma": 258.5826309838184, "max_depth": 6.0, "min_child_weight": 3851.5072087746853, "num_boost_round": 101.0, "subsample": 0.6560214479908019}, "datetime": {"datetime": "2024-01-20 16:36:51", "elapsed": 7964.766967, "delta": 0.00938}}
{"target": -13.514165631214667, "params": {"colsample_bytree": 0.843285493118189, "eta": 0.08114184673628232, "gamma": 258.5826309838184, "max_depth": 6.0, "min_child_weight": 3851.5072087746853, "num_boost_round": 102.0, "subsample": 0.6560214479908019}, "datetime": {"datetime": "2024-01-20 16:36:51", "elapsed": 7964.774264, "delta": 0.007297}}
{"target": -13.514517718543472, "params": {"colsample_bytree": 0.843285493118189, "eta": 0.08114184673628232, "gamma": 258.5826309838184, "max_depth": 6.0, "min_child_weight": 3851.5072087746853, "num_boost_round": 103.0, "subsample": 0.6560214479908019}, "datetime": {"datetime": "2024-01-20 16:36:51", "elapsed": 7964.78107, "delta": 0.006806}}
{"target": -13.51453922375394, "params": {"colsample_bytree": 0.843285493118189, "eta": 0.08114184673628232, "gamma": 258.5826309838184, "max_depth": 6.0, "min_child_weight": 3851.5072087746853, "num_boost_round": 104.0, "subsample": 0.6560214479908019}, "datetime": {"datetime": "2024-01-20 16:36:51", "elapsed": 7964.788212, "delta": 0.007142}}
{"target": -13.514688667745666, "params": {"colsample_bytree": 0.843285493118189, "eta": 0.08114184673628232, "gamma": 258.5826309838184, "max_depth": 6.0, "min_child_weight": 3851.5072087746853, "num_boost_round": 105.0, "subsample": 0.6560214479908019}, "datetime": {"datetime": "2024-01-20 16:36:51", "elapsed": 7964.795211, "delta": 0.006999}}
{"target": -13.514776147492704, "params": {"colsample_bytree": 0.843285493118189, "eta": 0.08114184673628232, "gamma": 258.5826309838184, "max_depth": 6.0, "min_child_weight": 3851.5072087746853, "num_boost_round": 106.0, "subsample": 0.6560214479908019}, "datetime": {"datetime": "2024-01-20 16:36:51", "elapsed": 7964.802029, "delta": 0.006818}}
{"target": -13.514956077761962, "params": {"colsample_bytree": 0.843285493118189, "eta": 0.08114184673628232, "gamma": 258.5826309838184, "max_depth": 6.0, "min_child_weight": 3851.5072087746853, "num_boost_round": 107.0, "subsample": 0.6560214479908019}, "datetime": {"datetime": "2024-01-20 16:36:51", "elapsed": 7964.808869, "delta": 0.00684}}
{"target": -13.515081216746015, "params": {"colsample_bytree": 0.843285493118189, "eta": 0.08114184673628232, "gamma": 258.5826309838184, "max_depth": 6.0, "min_child_weight": 3851.5072087746853, "num_boost_round": 108.0, "subsample": 0.6560214479908019}, "datetime": {"datetime": "2024-01-20 16:36:51", "elapsed": 7964.815592, "delta": 0.006723}}
{"target": -13.515454370972627, "params": {"colsample_bytree": 0.843285493118189, "eta": 0.08114184673628232, "gamma": 258.5826309838184, "max_depth": 6.0, "min_child_weight": 3851.5072087746853, "num_boost_round": 109.0, "subsample": 0.6560214479908019}, "datetime": {"datetime": "2024-01-20 16:36:51", "elapsed": 7964.822297, "delta": 0.006705}}
{"target": -13.515581108711482, "params": {"colsample_bytree": 0.843285493118189, "eta": 0.08114184673628232, "gamma": 258.5826309838184, "max_depth": 6.0, "min_child_weight": 3851.5072087746853, "num_boost_round": 110.0, "subsample": 0.6560214479908019}, "datetime": {"datetime": "2024-01-20 16:36:51", "elapsed": 7964.830009, "delta": 0.007712}}
{"target": -13.515764544703217, "params": {"colsample_bytree": 0.843285493118189, "eta": 0.08114184673628232, "gamma": 258.5826309838184, "max_depth": 6.0, "min_child_weight": 3851.5072087746853, "num_boost_round": 111.0, "subsample": 0.6560214479908019}, "datetime": {"datetime": "2024-01-20 16:36:51", "elapsed": 7964.837821, "delta": 0.007812}}
{"target": -13.496875836892382, "params": {"colsample_bytree": 0.7635915087688542, "eta": 0.083392038453269, "gamma": 289.04189805530723, "max_depth": 6.0, "min_child_weight": 3865.68948045249, "num_boost_round": 1.0, "subsample": 0.39444396714026686}, "datetime": {"datetime": "2024-01-20 16:39:33", "elapsed": 8127.338396, "delta": 162.500575}}
{"target": -13.49654440247182, "params": {"colsample_bytree": 0.7635915087688542, "eta": 0.083392038453269, "gamma": 289.04189805530723, "max_depth": 6.0, "min_child_weight": 3865.68948045249, "num_boost_round": 2.0, "subsample": 0.39444396714026686}, "datetime": {"datetime": "2024-01-20 16:39:33", "elapsed": 8127.346218, "delta": 0.007822}}
{"target": -13.496464084066002, "params": {"colsample_bytree": 0.7635915087688542, "eta": 0.083392038453269, "gamma": 289.04189805530723, "max_depth": 6.0, "min_child_weight": 3865.68948045249, "num_boost_round": 3.0, "subsample": 0.39444396714026686}, "datetime": {"datetime": "2024-01-20 16:39:33", "elapsed": 8127.353119, "delta": 0.006901}}
{"target": -13.496290584118121, "params": {"colsample_bytree": 0.7635915087688542, "eta": 0.083392038453269, "gamma": 289.04189805530723, "max_depth": 6.0, "min_child_weight": 3865.68948045249, "num_boost_round": 4.0, "subsample": 0.39444396714026686}, "datetime": {"datetime": "2024-01-20 16:39:33", "elapsed": 8127.359682, "delta": 0.006563}}
{"target": -13.496054553094009, "params": {"colsample_bytree": 0.7635915087688542, "eta": 0.083392038453269, "gamma": 289.04189805530723, "max_depth": 6.0, "min_child_weight": 3865.68948045249, "num_boost_round": 5.0, "subsample": 0.39444396714026686}, "datetime": {"datetime": "2024-01-20 16:39:33", "elapsed": 8127.370125, "delta": 0.010443}}
{"target": -13.495978540008732, "params": {"colsample_bytree": 0.7635915087688542, "eta": 0.083392038453269, "gamma": 289.04189805530723, "max_depth": 6.0, "min_child_weight": 3865.68948045249, "num_boost_round": 6.0, "subsample": 0.39444396714026686}, "datetime": {"datetime": "2024-01-20 16:39:33", "elapsed": 8127.381164, "delta": 0.011039}}
{"target": -13.496282638066397, "params": {"colsample_bytree": 0.7635915087688542, "eta": 0.083392038453269, "gamma": 289.04189805530723, "max_depth": 6.0, "min_child_weight": 3865.68948045249, "num_boost_round": 7.0, "subsample": 0.39444396714026686}, "datetime": {"datetime": "2024-01-20 16:39:33", "elapsed": 8127.390481, "delta": 0.009317}}
{"target": -13.495947492997416, "params": {"colsample_bytree": 0.7635915087688542, "eta": 0.083392038453269, "gamma": 289.04189805530723, "max_depth": 6.0, "min_child_weight": 3865.68948045249, "num_boost_round": 8.0, "subsample": 0.39444396714026686}, "datetime": {"datetime": "2024-01-20 16:39:33", "elapsed": 8127.39767, "delta": 0.007189}}
{"target": -13.496165262935351, "params": {"colsample_bytree": 0.7635915087688542, "eta": 0.083392038453269, "gamma": 289.04189805530723, "max_depth": 6.0, "min_child_weight": 3865.68948045249, "num_boost_round": 9.0, "subsample": 0.39444396714026686}, "datetime": {"datetime": "2024-01-20 16:39:33", "elapsed": 8127.404395, "delta": 0.006725}}
{"target": -13.496310057166998, "params": {"colsample_bytree": 0.7635915087688542, "eta": 0.083392038453269, "gamma": 289.04189805530723, "max_depth": 6.0, "min_child_weight": 3865.68948045249, "num_boost_round": 10.0, "subsample": 0.39444396714026686}, "datetime": {"datetime": "2024-01-20 16:39:33", "elapsed": 8127.411059, "delta": 0.006664}}
{"target": -13.496848214342513, "params": {"colsample_bytree": 0.7635915087688542, "eta": 0.083392038453269, "gamma": 289.04189805530723, "max_depth": 6.0, "min_child_weight": 3865.68948045249, "num_boost_round": 11.0, "subsample": 0.39444396714026686}, "datetime": {"datetime": "2024-01-20 16:39:33", "elapsed": 8127.417716, "delta": 0.006657}}
{"target": -13.497117865049942, "params": {"colsample_bytree": 0.7635915087688542, "eta": 0.083392038453269, "gamma": 289.04189805530723, "max_depth": 6.0, "min_child_weight": 3865.68948045249, "num_boost_round": 12.0, "subsample": 0.39444396714026686}, "datetime": {"datetime": "2024-01-20 16:39:33", "elapsed": 8127.424526, "delta": 0.00681}}
{"target": -13.497229688029233, "params": {"colsample_bytree": 0.7635915087688542, "eta": 0.083392038453269, "gamma": 289.04189805530723, "max_depth": 6.0, "min_child_weight": 3865.68948045249, "num_boost_round": 13.0, "subsample": 0.39444396714026686}, "datetime": {"datetime": "2024-01-20 16:39:33", "elapsed": 8127.431728, "delta": 0.007202}}
{"target": -13.49728401921857, "params": {"colsample_bytree": 0.7635915087688542, "eta": 0.083392038453269, "gamma": 289.04189805530723, "max_depth": 6.0, "min_child_weight": 3865.68948045249, "num_boost_round": 14.0, "subsample": 0.39444396714026686}, "datetime": {"datetime": "2024-01-20 16:39:33", "elapsed": 8127.438679, "delta": 0.006951}}
{"target": -13.497165768660087, "params": {"colsample_bytree": 0.7635915087688542, "eta": 0.083392038453269, "gamma": 289.04189805530723, "max_depth": 6.0, "min_child_weight": 3865.68948045249, "num_boost_round": 15.0, "subsample": 0.39444396714026686}, "datetime": {"datetime": "2024-01-20 16:39:34", "elapsed": 8127.445467, "delta": 0.006788}}
{"target": -13.497389986230203, "params": {"colsample_bytree": 0.7635915087688542, "eta": 0.083392038453269, "gamma": 289.04189805530723, "max_depth": 6.0, "min_child_weight": 3865.68948045249, "num_boost_round": 16.0, "subsample": 0.39444396714026686}, "datetime": {"datetime": "2024-01-20 16:39:34", "elapsed": 8127.452118, "delta": 0.006651}}
{"target": -13.497429127176792, "params": {"colsample_bytree": 0.7635915087688542, "eta": 0.083392038453269, "gamma": 289.04189805530723, "max_depth": 6.0, "min_child_weight": 3865.68948045249, "num_boost_round": 17.0, "subsample": 0.39444396714026686}, "datetime": {"datetime": "2024-01-20 16:39:34", "elapsed": 8127.458777, "delta": 0.006659}}
{"target": -13.497374555663406, "params": {"colsample_bytree": 0.7635915087688542, "eta": 0.083392038453269, "gamma": 289.04189805530723, "max_depth": 6.0, "min_child_weight": 3865.68948045249, "num_boost_round": 18.0, "subsample": 0.39444396714026686}, "datetime": {"datetime": "2024-01-20 16:39:34", "elapsed": 8127.465399, "delta": 0.006622}}
{"target": -13.497672411028526, "params": {"colsample_bytree": 0.7635915087688542, "eta": 0.083392038453269, "gamma": 289.04189805530723, "max_depth": 6.0, "min_child_weight": 3865.68948045249, "num_boost_round": 19.0, "subsample": 0.39444396714026686}, "datetime": {"datetime": "2024-01-20 16:39:34", "elapsed": 8127.472514, "delta": 0.007115}}
{"target": -13.498004989864164, "params": {"colsample_bytree": 0.7635915087688542, "eta": 0.083392038453269, "gamma": 289.04189805530723, "max_depth": 6.0, "min_child_weight": 3865.68948045249, "num_boost_round": 20.0, "subsample": 0.39444396714026686}, "datetime": {"datetime": "2024-01-20 16:39:34", "elapsed": 8127.479478, "delta": 0.006964}}
{"target": -13.498305628903381, "params": {"colsample_bytree": 0.7635915087688542, "eta": 0.083392038453269, "gamma": 289.04189805530723, "max_depth": 6.0, "min_child_weight": 3865.68948045249, "num_boost_round": 21.0, "subsample": 0.39444396714026686}, "datetime": {"datetime": "2024-01-20 16:39:34", "elapsed": 8127.486244, "delta": 0.006766}}
{"target": -13.498598959954428, "params": {"colsample_bytree": 0.7635915087688542, "eta": 0.083392038453269, "gamma": 289.04189805530723, "max_depth": 6.0, "min_child_weight": 3865.68948045249, "num_boost_round": 22.0, "subsample": 0.39444396714026686}, "datetime": {"datetime": "2024-01-20 16:39:34", "elapsed": 8127.493867, "delta": 0.007623}}
{"target": -13.498889842012076, "params": {"colsample_bytree": 0.7635915087688542, "eta": 0.083392038453269, "gamma": 289.04189805530723, "max_depth": 6.0, "min_child_weight": 3865.68948045249, "num_boost_round": 23.0, "subsample": 0.39444396714026686}, "datetime": {"datetime": "2024-01-20 16:39:34", "elapsed": 8127.505435, "delta": 0.011568}}
{"target": -13.498812468751089, "params": {"colsample_bytree": 0.7635915087688542, "eta": 0.083392038453269, "gamma": 289.04189805530723, "max_depth": 6.0, "min_child_weight": 3865.68948045249, "num_boost_round": 24.0, "subsample": 0.39444396714026686}, "datetime": {"datetime": "2024-01-20 16:39:34", "elapsed": 8127.514407, "delta": 0.008972}}
