{"target": -13.732076504889147, "params": {"colsample_bytree": 0.2903658725554957, "eta": 0.09780940325976209, "gamma": 389.78912157817047, "max_depth": 5.0, "min_child_weight": 4279.766701097045, "num_boost_round": 1.0, "subsample": 0.8284563063381064}, "datetime": {"datetime": "2024-01-20 17:05:04", "elapsed": 9665.253978, "delta": 36.157819}}
{"target": -13.73288661814986, "params": {"colsample_bytree": 0.2903658725554957, "eta": 0.09780940325976209, "gamma": 389.78912157817047, "max_depth": 5.0, "min_child_weight": 4279.766701097045, "num_boost_round": 2.0, "subsample": 0.8284563063381064}, "datetime": {"datetime": "2024-01-20 17:05:04", "elapsed": 9665.258097, "delta": 0.004119}}
{"target": -13.731332677223916, "params": {"colsample_bytree": 0.8517595512379107, "eta": 0.01863432740825003, "gamma": 239.66448399359996, "max_depth": 2.0, "min_child_weight": 3592.1422189177474, "num_boost_round": 1.0, "subsample": 0.19247407743218925}, "datetime": {"datetime": "2024-01-20 17:05:33", "elapsed": 9694.550631, "delta": 29.292534}}
{"target": -13.732046220958885, "params": {"colsample_bytree": 0.8764286176445882, "eta": 0.03507053739503651, "gamma": 66.79869421504169, "max_depth": 9.0, "min_child_weight": 4642.607043149214, "num_boost_round": 1.0, "subsample": 0.6453385590362223}, "datetime": {"datetime": "2024-01-20 17:06:08", "elapsed": 9729.008427, "delta": 34.457796}}
{"target": -13.7329713519792, "params": {"colsample_bytree": 0.8764286176445882, "eta": 0.03507053739503651, "gamma": 66.79869421504169, "max_depth": 9.0, "min_child_weight": 4642.607043149214, "num_boost_round": 2.0, "subsample": 0.6453385590362223}, "datetime": {"datetime": "2024-01-20 17:06:08", "elapsed": 9729.013259, "delta": 0.004832}}
{"target": -13.732600604055364, "params": {"colsample_bytree": 0.4964534145294618, "eta": 0.09520086525641373, "gamma": 626.6462319309511, "max_depth": 4.0, "min_child_weight": 4431.183204456699, "num_boost_round": 1.0, "subsample": 0.2670322786788131}, "datetime": {"datetime": "2024-01-20 17:06:51", "elapsed": 9772.479256, "delta": 43.465997}}
{"target": -13.733696359636888, "params": {"colsample_bytree": 0.4964534145294618, "eta": 0.09520086525641373, "gamma": 626.6462319309511, "max_depth": 4.0, "min_child_weight": 4431.183204456699, "num_boost_round": 2.0, "subsample": 0.2670322786788131}, "datetime": {"datetime": "2024-01-20 17:06:51", "elapsed": 9772.483844, "delta": 0.004588}}
{"target": -13.732268298621182, "params": {"colsample_bytree": 0.4939287741893612, "eta": 0.09013391700922678, "gamma": 973.6834124779368, "max_depth": 5.0, "min_child_weight": 3753.2354060468138, "num_boost_round": 1.0, "subsample": 0.4859583092519797}, "datetime": {"datetime": "2024-01-20 17:07:42", "elapsed": 9823.130231, "delta": 50.646387}}
{"target": -13.733707995493045, "params": {"colsample_bytree": 0.4939287741893612, "eta": 0.09013391700922678, "gamma": 973.6834124779368, "max_depth": 5.0, "min_child_weight": 3753.2354060468138, "num_boost_round": 2.0, "subsample": 0.4859583092519797}, "datetime": {"datetime": "2024-01-20 17:07:42", "elapsed": 9823.136756, "delta": 0.006525}}
{"target": -13.731360570367006, "params": {"colsample_bytree": 0.6980195947727847, "eta": 0.018292023194631378, "gamma": 912.8690051081905, "max_depth": 7.0, "min_child_weight": 4118.250520491496, "num_boost_round": 1.0, "subsample": 0.24233109242414475}, "datetime": {"datetime": "2024-01-20 17:08:10", "elapsed": 9851.417498, "delta": 28.280742}}
{"target": -13.73144145729594, "params": {"colsample_bytree": 0.4099239758894335, "eta": 0.049477929574295136, "gamma": 98.98693796217484, "max_depth": 7.0, "min_child_weight": 4393.154893630404, "num_boost_round": 1.0, "subsample": 0.4941265656766354}, "datetime": {"datetime": "2024-01-20 17:08:34", "elapsed": 9875.490147, "delta": 24.072649}}
{"target": -13.732036083511588, "params": {"colsample_bytree": 0.4099239758894335, "eta": 0.049477929574295136, "gamma": 98.98693796217484, "max_depth": 7.0, "min_child_weight": 4393.154893630404, "num_boost_round": 2.0, "subsample": 0.4941265656766354}, "datetime": {"datetime": "2024-01-20 17:08:34", "elapsed": 9875.493903, "delta": 0.003756}}
{"target": -13.73114060977101, "params": {"colsample_bytree": 0.10717254290356693, "eta": 0.009735420555722657, "gamma": 958.4067495938516, "max_depth": 7.0, "min_child_weight": 4273.440160077427, "num_boost_round": 1.0, "subsample": 0.14247616276607572}, "datetime": {"datetime": "2024-01-20 17:09:03", "elapsed": 9904.538182, "delta": 29.044279}}
{"target": -13.731487368549129, "params": {"colsample_bytree": 0.32827213316971116, "eta": 0.07054695348597388, "gamma": 231.74525806967415, "max_depth": 7.0, "min_child_weight": 4564.265705330127, "num_boost_round": 1.0, "subsample": 0.5088607714702084}, "datetime": {"datetime": "2024-01-20 17:09:45", "elapsed": 9946.379203, "delta": 41.841021}}
{"target": -13.73239869080139, "params": {"colsample_bytree": 0.32827213316971116, "eta": 0.07054695348597388, "gamma": 231.74525806967415, "max_depth": 7.0, "min_child_weight": 4564.265705330127, "num_boost_round": 2.0, "subsample": 0.5088607714702084}, "datetime": {"datetime": "2024-01-20 17:09:45", "elapsed": 9946.38309, "delta": 0.003887}}
{"target": -13.733051983794853, "params": {"colsample_bytree": 0.32827213316971116, "eta": 0.07054695348597388, "gamma": 231.74525806967415, "max_depth": 7.0, "min_child_weight": 4564.265705330127, "num_boost_round": 3.0, "subsample": 0.5088607714702084}, "datetime": {"datetime": "2024-01-20 17:09:45", "elapsed": 9946.386299, "delta": 0.003209}}
{"target": -13.734056069066916, "params": {"colsample_bytree": 0.32827213316971116, "eta": 0.07054695348597388, "gamma": 231.74525806967415, "max_depth": 7.0, "min_child_weight": 4564.265705330127, "num_boost_round": 4.0, "subsample": 0.5088607714702084}, "datetime": {"datetime": "2024-01-20 17:09:45", "elapsed": 9946.389507, "delta": 0.003208}}
{"target": -13.735808197980646, "params": {"colsample_bytree": 0.32827213316971116, "eta": 0.07054695348597388, "gamma": 231.74525806967415, "max_depth": 7.0, "min_child_weight": 4564.265705330127, "num_boost_round": 5.0, "subsample": 0.5088607714702084}, "datetime": {"datetime": "2024-01-20 17:09:45", "elapsed": 9946.392628, "delta": 0.003121}}
{"target": -13.736704194758266, "params": {"colsample_bytree": 0.32827213316971116, "eta": 0.07054695348597388, "gamma": 231.74525806967415, "max_depth": 7.0, "min_child_weight": 4564.265705330127, "num_boost_round": 6.0, "subsample": 0.5088607714702084}, "datetime": {"datetime": "2024-01-20 17:09:45", "elapsed": 9946.395716, "delta": 0.003088}}
{"target": -13.737478045850565, "params": {"colsample_bytree": 0.32827213316971116, "eta": 0.07054695348597388, "gamma": 231.74525806967415, "max_depth": 7.0, "min_child_weight": 4564.265705330127, "num_boost_round": 7.0, "subsample": 0.5088607714702084}, "datetime": {"datetime": "2024-01-20 17:09:45", "elapsed": 9946.398823, "delta": 0.003107}}
{"target": -13.737870983599212, "params": {"colsample_bytree": 0.32827213316971116, "eta": 0.07054695348597388, "gamma": 231.74525806967415, "max_depth": 7.0, "min_child_weight": 4564.265705330127, "num_boost_round": 8.0, "subsample": 0.5088607714702084}, "datetime": {"datetime": "2024-01-20 17:09:45", "elapsed": 9946.402063, "delta": 0.00324}}
{"target": -13.731800278866194, "params": {"colsample_bytree": 0.15610058385882203, "eta": 0.08435634980964232, "gamma": 585.2444397891068, "max_depth": 6.0, "min_child_weight": 4365.318583422827, "num_boost_round": 1.0, "subsample": 0.8899931931133092}, "datetime": {"datetime": "2024-01-20 17:10:20", "elapsed": 9981.330506, "delta": 34.928443}}
{"target": -13.732462435055757, "params": {"colsample_bytree": 0.15610058385882203, "eta": 0.08435634980964232, "gamma": 585.2444397891068, "max_depth": 6.0, "min_child_weight": 4365.318583422827, "num_boost_round": 2.0, "subsample": 0.8899931931133092}, "datetime": {"datetime": "2024-01-20 17:10:20", "elapsed": 9981.334936, "delta": 0.00443}}
{"target": -13.732018642912763, "params": {"colsample_bytree": 0.523455461769726, "eta": 0.049810883190294204, "gamma": 33.0977240257514, "max_depth": 8.0, "min_child_weight": 4665.468476927047, "num_boost_round": 1.0, "subsample": 0.8688053300002408}, "datetime": {"datetime": "2024-01-20 17:10:54", "elapsed": 10015.505428, "delta": 34.170492}}
{"target": -13.731603762788875, "params": {"colsample_bytree": 0.4886301133232217, "eta": 0.02999591087898312, "gamma": 47.90382289185735, "max_depth": 8.0, "min_child_weight": 3920.7682578382173, "num_boost_round": 1.0, "subsample": 0.8256399295506175}, "datetime": {"datetime": "2024-01-20 17:11:22", "elapsed": 10043.624815, "delta": 28.119387}}
{"target": -13.732210389131907, "params": {"colsample_bytree": 0.4886301133232217, "eta": 0.02999591087898312, "gamma": 47.90382289185735, "max_depth": 8.0, "min_child_weight": 3920.7682578382173, "num_boost_round": 2.0, "subsample": 0.8256399295506175}, "datetime": {"datetime": "2024-01-20 17:11:22", "elapsed": 10043.630128, "delta": 0.005313}}
{"target": -13.732770362834748, "params": {"colsample_bytree": 0.4886301133232217, "eta": 0.02999591087898312, "gamma": 47.90382289185735, "max_depth": 8.0, "min_child_weight": 3920.7682578382173, "num_boost_round": 3.0, "subsample": 0.8256399295506175}, "datetime": {"datetime": "2024-01-20 17:11:22", "elapsed": 10043.633401, "delta": 0.003273}}
{"target": -13.731200218836054, "params": {"colsample_bytree": 0.44005668018484867, "eta": 0.010896334057975927, "gamma": 967.9274998755576, "max_depth": 4.0, "min_child_weight": 4483.111325994573, "num_boost_round": 1.0, "subsample": 0.3261973434472255}, "datetime": {"datetime": "2024-01-20 17:11:51", "elapsed": 10072.607837, "delta": 28.974436}}
{"target": -13.731301312117889, "params": {"colsample_bytree": 0.44005668018484867, "eta": 0.010896334057975927, "gamma": 967.9274998755576, "max_depth": 4.0, "min_child_weight": 4483.111325994573, "num_boost_round": 2.0, "subsample": 0.3261973434472255}, "datetime": {"datetime": "2024-01-20 17:11:51", "elapsed": 10072.611309, "delta": 0.003472}}
{"target": -13.733088681679813, "params": {"colsample_bytree": 0.7089211987279863, "eta": 0.08166845956367141, "gamma": 175.11768101487257, "max_depth": 9.0, "min_child_weight": 4109.473415210205, "num_boost_round": 1.0, "subsample": 0.4709424345525771}, "datetime": {"datetime": "2024-01-20 17:12:21", "elapsed": 10102.810074, "delta": 30.198765}}
{"target": -13.731554839728604, "params": {"colsample_bytree": 0.12556611382976124, "eta": 0.07084768200950127, "gamma": 213.79158981059655, "max_depth": 2.0, "min_child_weight": 3771.0354637203, "num_boost_round": 1.0, "subsample": 0.869081199526848}, "datetime": {"datetime": "2024-01-20 17:12:49", "elapsed": 10130.704197, "delta": 27.894123}}
{"target": -13.731848852697688, "params": {"colsample_bytree": 0.12556611382976124, "eta": 0.07084768200950127, "gamma": 213.79158981059655, "max_depth": 2.0, "min_child_weight": 3771.0354637203, "num_boost_round": 2.0, "subsample": 0.869081199526848}, "datetime": {"datetime": "2024-01-20 17:12:49", "elapsed": 10130.709243, "delta": 0.005046}}
{"target": -13.73185943922864, "params": {"colsample_bytree": 0.12556611382976124, "eta": 0.07084768200950127, "gamma": 213.79158981059655, "max_depth": 2.0, "min_child_weight": 3771.0354637203, "num_boost_round": 3.0, "subsample": 0.869081199526848}, "datetime": {"datetime": "2024-01-20 17:12:49", "elapsed": 10130.71272, "delta": 0.003477}}
{"target": -13.731044399552971, "params": {"colsample_bytree": 0.5024974682534951, "eta": 0.002734416861466859, "gamma": 609.24174989466, "max_depth": 7.0, "min_child_weight": 4827.487348415903, "num_boost_round": 1.0, "subsample": 0.7089298248616527}, "datetime": {"datetime": "2024-01-20 17:13:14", "elapsed": 10155.671653, "delta": 24.958933}}
{"target": -13.731988865780151, "params": {"colsample_bytree": 0.3348895924366154, "eta": 0.0635789286485134, "gamma": 993.0608484647933, "max_depth": 9.0, "min_child_weight": 4096.168168291028, "num_boost_round": 1.0, "subsample": 0.8455943945417895}, "datetime": {"datetime": "2024-01-20 17:13:45", "elapsed": 10186.470108, "delta": 30.798455}}
{"target": -13.732824457598763, "params": {"colsample_bytree": 0.3348895924366154, "eta": 0.0635789286485134, "gamma": 993.0608484647933, "max_depth": 9.0, "min_child_weight": 4096.168168291028, "num_boost_round": 2.0, "subsample": 0.8455943945417895}, "datetime": {"datetime": "2024-01-20 17:13:45", "elapsed": 10186.474483, "delta": 0.004375}}
{"target": -13.733460031283496, "params": {"colsample_bytree": 0.3348895924366154, "eta": 0.0635789286485134, "gamma": 993.0608484647933, "max_depth": 9.0, "min_child_weight": 4096.168168291028, "num_boost_round": 3.0, "subsample": 0.8455943945417895}, "datetime": {"datetime": "2024-01-20 17:13:45", "elapsed": 10186.477631, "delta": 0.003148}}
{"target": -13.731852682538198, "params": {"colsample_bytree": 0.8673279843819957, "eta": 0.04245509600051477, "gamma": 164.2892908584901, "max_depth": 9.0, "min_child_weight": 4257.771162163047, "num_boost_round": 1.0, "subsample": 0.4945823735004923}, "datetime": {"datetime": "2024-01-20 17:14:26", "elapsed": 10227.353908, "delta": 40.876277}}
{"target": -13.732952141868378, "params": {"colsample_bytree": 0.8673279843819957, "eta": 0.04245509600051477, "gamma": 164.2892908584901, "max_depth": 9.0, "min_child_weight": 4257.771162163047, "num_boost_round": 2.0, "subsample": 0.4945823735004923}, "datetime": {"datetime": "2024-01-20 17:14:26", "elapsed": 10227.357891, "delta": 0.003983}}
{"target": -13.734018959475787, "params": {"colsample_bytree": 0.8673279843819957, "eta": 0.04245509600051477, "gamma": 164.2892908584901, "max_depth": 9.0, "min_child_weight": 4257.771162163047, "num_boost_round": 3.0, "subsample": 0.4945823735004923}, "datetime": {"datetime": "2024-01-20 17:14:26", "elapsed": 10227.361132, "delta": 0.003241}}
{"target": -13.73504246688606, "params": {"colsample_bytree": 0.8673279843819957, "eta": 0.04245509600051477, "gamma": 164.2892908584901, "max_depth": 9.0, "min_child_weight": 4257.771162163047, "num_boost_round": 4.0, "subsample": 0.4945823735004923}, "datetime": {"datetime": "2024-01-20 17:14:26", "elapsed": 10227.364353, "delta": 0.003221}}
{"target": -13.73651345235121, "params": {"colsample_bytree": 0.8673279843819957, "eta": 0.04245509600051477, "gamma": 164.2892908584901, "max_depth": 9.0, "min_child_weight": 4257.771162163047, "num_boost_round": 5.0, "subsample": 0.4945823735004923}, "datetime": {"datetime": "2024-01-20 17:14:26", "elapsed": 10227.368402, "delta": 0.004049}}
{"target": -13.737789536012547, "params": {"colsample_bytree": 0.8673279843819957, "eta": 0.04245509600051477, "gamma": 164.2892908584901, "max_depth": 9.0, "min_child_weight": 4257.771162163047, "num_boost_round": 6.0, "subsample": 0.4945823735004923}, "datetime": {"datetime": "2024-01-20 17:14:26", "elapsed": 10227.371805, "delta": 0.003403}}
{"target": -13.738959884163279, "params": {"colsample_bytree": 0.8673279843819957, "eta": 0.04245509600051477, "gamma": 164.2892908584901, "max_depth": 9.0, "min_child_weight": 4257.771162163047, "num_boost_round": 7.0, "subsample": 0.4945823735004923}, "datetime": {"datetime": "2024-01-20 17:14:26", "elapsed": 10227.375016, "delta": 0.003211}}
{"target": -13.740299686519869, "params": {"colsample_bytree": 0.8673279843819957, "eta": 0.04245509600051477, "gamma": 164.2892908584901, "max_depth": 9.0, "min_child_weight": 4257.771162163047, "num_boost_round": 8.0, "subsample": 0.4945823735004923}, "datetime": {"datetime": "2024-01-20 17:14:26", "elapsed": 10227.378253, "delta": 0.003237}}
{"target": -13.74170407336449, "params": {"colsample_bytree": 0.8673279843819957, "eta": 0.04245509600051477, "gamma": 164.2892908584901, "max_depth": 9.0, "min_child_weight": 4257.771162163047, "num_boost_round": 9.0, "subsample": 0.4945823735004923}, "datetime": {"datetime": "2024-01-20 17:14:26", "elapsed": 10227.381455, "delta": 0.003202}}
{"target": -13.731031985615791, "params": {"colsample_bytree": 0.8001113194544561, "eta": 0.0023734630056374997, "gamma": 16.648402515903605, "max_depth": 4.0, "min_child_weight": 4622.551331520973, "num_boost_round": 1.0, "subsample": 0.941971621228296}, "datetime": {"datetime": "2024-01-20 17:15:02", "elapsed": 10263.529513, "delta": 36.148058}}
{"target": -13.731976421491593, "params": {"colsample_bytree": 0.4355205095613306, "eta": 0.09972654483920372, "gamma": 457.41433627724535, "max_depth": 8.0, "min_child_weight": 3939.18253735521, "num_boost_round": 1.0, "subsample": 0.8687714729074436}, "datetime": {"datetime": "2024-01-20 17:15:33", "elapsed": 10294.737292, "delta": 31.207779}}
{"target": -13.733354424294873, "params": {"colsample_bytree": 0.4355205095613306, "eta": 0.09972654483920372, "gamma": 457.41433627724535, "max_depth": 8.0, "min_child_weight": 3939.18253735521, "num_boost_round": 2.0, "subsample": 0.8687714729074436}, "datetime": {"datetime": "2024-01-20 17:15:33", "elapsed": 10294.742235, "delta": 0.004943}}
{"target": -13.735557222959716, "params": {"colsample_bytree": 0.4355205095613306, "eta": 0.09972654483920372, "gamma": 457.41433627724535, "max_depth": 8.0, "min_child_weight": 3939.18253735521, "num_boost_round": 3.0, "subsample": 0.8687714729074436}, "datetime": {"datetime": "2024-01-20 17:15:33", "elapsed": 10294.745897, "delta": 0.003662}}
{"target": -13.731621108094684, "params": {"colsample_bytree": 0.6436380345750227, "eta": 0.046131596511203354, "gamma": 495.81399799085904, "max_depth": 2.0, "min_child_weight": 4891.808491531774, "num_boost_round": 1.0, "subsample": 0.2549162393591859}, "datetime": {"datetime": "2024-01-20 17:16:00", "elapsed": 10320.97162, "delta": 26.225723}}
{"target": -13.732150020668053, "params": {"colsample_bytree": 0.6436380345750227, "eta": 0.046131596511203354, "gamma": 495.81399799085904, "max_depth": 2.0, "min_child_weight": 4891.808491531774, "num_boost_round": 2.0, "subsample": 0.2549162393591859}, "datetime": {"datetime": "2024-01-20 17:16:00", "elapsed": 10320.976715, "delta": 0.005095}}
{"target": -13.732869008904755, "params": {"colsample_bytree": 0.6436380345750227, "eta": 0.046131596511203354, "gamma": 495.81399799085904, "max_depth": 2.0, "min_child_weight": 4891.808491531774, "num_boost_round": 3.0, "subsample": 0.2549162393591859}, "datetime": {"datetime": "2024-01-20 17:16:00", "elapsed": 10320.980326, "delta": 0.003611}}
{"target": -13.733577579582443, "params": {"colsample_bytree": 0.6436380345750227, "eta": 0.046131596511203354, "gamma": 495.81399799085904, "max_depth": 2.0, "min_child_weight": 4891.808491531774, "num_boost_round": 4.0, "subsample": 0.2549162393591859}, "datetime": {"datetime": "2024-01-20 17:16:00", "elapsed": 10320.983803, "delta": 0.003477}}
{"target": -13.734453926743203, "params": {"colsample_bytree": 0.6436380345750227, "eta": 0.046131596511203354, "gamma": 495.81399799085904, "max_depth": 2.0, "min_child_weight": 4891.808491531774, "num_boost_round": 5.0, "subsample": 0.2549162393591859}, "datetime": {"datetime": "2024-01-20 17:16:00", "elapsed": 10320.987077, "delta": 0.003274}}
{"target": -13.731686066900219, "params": {"colsample_bytree": 0.2926766211512969, "eta": 0.061896065304006084, "gamma": 672.9783606645648, "max_depth": 5.0, "min_child_weight": 3515.353951854043, "num_boost_round": 1.0, "subsample": 0.28151461807199607}, "datetime": {"datetime": "2024-01-20 17:16:28", "elapsed": 10349.276067, "delta": 28.28899}}
{"target": -13.732235561738532, "params": {"colsample_bytree": 0.2926766211512969, "eta": 0.061896065304006084, "gamma": 672.9783606645648, "max_depth": 5.0, "min_child_weight": 3515.353951854043, "num_boost_round": 2.0, "subsample": 0.28151461807199607}, "datetime": {"datetime": "2024-01-20 17:16:28", "elapsed": 10349.280794, "delta": 0.004727}}
{"target": -13.732833413254717, "params": {"colsample_bytree": 0.2926766211512969, "eta": 0.061896065304006084, "gamma": 672.9783606645648, "max_depth": 5.0, "min_child_weight": 3515.353951854043, "num_boost_round": 3.0, "subsample": 0.28151461807199607}, "datetime": {"datetime": "2024-01-20 17:16:28", "elapsed": 10349.284012, "delta": 0.003218}}
{"target": -13.731964484256153, "params": {"colsample_bytree": 0.9227844246512096, "eta": 0.040130518888120935, "gamma": 427.710893509198, "max_depth": 8.0, "min_child_weight": 4755.133270625711, "num_boost_round": 1.0, "subsample": 0.8628397437187295}, "datetime": {"datetime": "2024-01-20 17:16:59", "elapsed": 10380.691445, "delta": 31.407433}}
{"target": -13.73154838391557, "params": {"colsample_bytree": 0.8902605089660319, "eta": 0.03847718268625165, "gamma": 1.1091895218263703, "max_depth": 3.0, "min_child_weight": 4616.466551594648, "num_boost_round": 1.0, "subsample": 0.20833616780419165}, "datetime": {"datetime": "2024-01-20 17:17:51", "elapsed": 10432.009615, "delta": 51.31817}}
{"target": -13.732269118548889, "params": {"colsample_bytree": 0.8902605089660319, "eta": 0.03847718268625165, "gamma": 1.1091895218263703, "max_depth": 3.0, "min_child_weight": 4616.466551594648, "num_boost_round": 2.0, "subsample": 0.20833616780419165}, "datetime": {"datetime": "2024-01-20 17:17:51", "elapsed": 10432.014543, "delta": 0.004928}}
{"target": -13.732826825373408, "params": {"colsample_bytree": 0.8902605089660319, "eta": 0.03847718268625165, "gamma": 1.1091895218263703, "max_depth": 3.0, "min_child_weight": 4616.466551594648, "num_boost_round": 3.0, "subsample": 0.20833616780419165}, "datetime": {"datetime": "2024-01-20 17:17:51", "elapsed": 10432.017956, "delta": 0.003413}}
{"target": -13.733473619815339, "params": {"colsample_bytree": 0.8902605089660319, "eta": 0.03847718268625165, "gamma": 1.1091895218263703, "max_depth": 3.0, "min_child_weight": 4616.466551594648, "num_boost_round": 4.0, "subsample": 0.20833616780419165}, "datetime": {"datetime": "2024-01-20 17:17:51", "elapsed": 10432.021282, "delta": 0.003326}}
