{"target": -10.305581102450576, "params": {"colsample_bytree": 0.6559763082943796, "eta": 0.09046886295125954, "gamma": 483.3513652132869, "max_depth": 4.0, "min_child_weight": 4833.691968434833, "num_boost_round": 13.0, "subsample": 0.5414307611606839}, "datetime": {"datetime": "2024-01-20 16:42:27", "elapsed": 12045.715757, "delta": 0.010813}}
{"target": -10.306026427169776, "params": {"colsample_bytree": 0.6559763082943796, "eta": 0.09046886295125954, "gamma": 483.3513652132869, "max_depth": 4.0, "min_child_weight": 4833.691968434833, "num_boost_round": 14.0, "subsample": 0.5414307611606839}, "datetime": {"datetime": "2024-01-20 16:42:27", "elapsed": 12045.720883, "delta": 0.005126}}
{"target": -10.306462629711923, "params": {"colsample_bytree": 0.6559763082943796, "eta": 0.09046886295125954, "gamma": 483.3513652132869, "max_depth": 4.0, "min_child_weight": 4833.691968434833, "num_boost_round": 15.0, "subsample": 0.5414307611606839}, "datetime": {"datetime": "2024-01-20 16:42:27", "elapsed": 12045.725788, "delta": 0.004905}}
{"target": -10.306567463548065, "params": {"colsample_bytree": 0.6559763082943796, "eta": 0.09046886295125954, "gamma": 483.3513652132869, "max_depth": 4.0, "min_child_weight": 4833.691968434833, "num_boost_round": 16.0, "subsample": 0.5414307611606839}, "datetime": {"datetime": "2024-01-20 16:42:27", "elapsed": 12045.730637, "delta": 0.004849}}
{"target": -10.307014262220333, "params": {"colsample_bytree": 0.6559763082943796, "eta": 0.09046886295125954, "gamma": 483.3513652132869, "max_depth": 4.0, "min_child_weight": 4833.691968434833, "num_boost_round": 17.0, "subsample": 0.5414307611606839}, "datetime": {"datetime": "2024-01-20 16:42:27", "elapsed": 12045.73567, "delta": 0.005033}}
{"target": -10.307171879388196, "params": {"colsample_bytree": 0.6559763082943796, "eta": 0.09046886295125954, "gamma": 483.3513652132869, "max_depth": 4.0, "min_child_weight": 4833.691968434833, "num_boost_round": 18.0, "subsample": 0.5414307611606839}, "datetime": {"datetime": "2024-01-20 16:42:27", "elapsed": 12045.741139, "delta": 0.005469}}
{"target": -10.298449349233215, "params": {"colsample_bytree": 0.792006184417627, "eta": 0.07919025838880066, "gamma": 595.4356405129217, "max_depth": 7.0, "min_child_weight": 3627.7351233500112, "num_boost_round": 1.0, "subsample": 0.37548154073848816}, "datetime": {"datetime": "2024-01-20 16:43:34", "elapsed": 12111.916408, "delta": 66.175269}}
{"target": -10.298740614698897, "params": {"colsample_bytree": 0.792006184417627, "eta": 0.07919025838880066, "gamma": 595.4356405129217, "max_depth": 7.0, "min_child_weight": 3627.7351233500112, "num_boost_round": 2.0, "subsample": 0.37548154073848816}, "datetime": {"datetime": "2024-01-20 16:43:34", "elapsed": 12111.926041, "delta": 0.009633}}
{"target": -10.29899471939994, "params": {"colsample_bytree": 0.792006184417627, "eta": 0.07919025838880066, "gamma": 595.4356405129217, "max_depth": 7.0, "min_child_weight": 3627.7351233500112, "num_boost_round": 3.0, "subsample": 0.37548154073848816}, "datetime": {"datetime": "2024-01-20 16:43:34", "elapsed": 12111.935134, "delta": 0.009093}}
{"target": -10.29828105403551, "params": {"colsample_bytree": 0.49151716920525157, "eta": 0.05445485009442658, "gamma": 8.695750355887988, "max_depth": 2.0, "min_child_weight": 3843.922168270718, "num_boost_round": 1.0, "subsample": 0.4268891878464893}, "datetime": {"datetime": "2024-01-20 16:45:14", "elapsed": 12211.78904, "delta": 99.853906}}
{"target": -10.29828093657624, "params": {"colsample_bytree": 0.49151716920525157, "eta": 0.05445485009442658, "gamma": 8.695750355887988, "max_depth": 2.0, "min_child_weight": 3843.922168270718, "num_boost_round": 2.0, "subsample": 0.4268891878464893}, "datetime": {"datetime": "2024-01-20 16:45:14", "elapsed": 12211.798171, "delta": 0.009131}}
{"target": -10.298575208442829, "params": {"colsample_bytree": 0.49151716920525157, "eta": 0.05445485009442658, "gamma": 8.695750355887988, "max_depth": 2.0, "min_child_weight": 3843.922168270718, "num_boost_round": 3.0, "subsample": 0.4268891878464893}, "datetime": {"datetime": "2024-01-20 16:45:14", "elapsed": 12211.805355, "delta": 0.007184}}
{"target": -10.298691096372004, "params": {"colsample_bytree": 0.49151716920525157, "eta": 0.05445485009442658, "gamma": 8.695750355887988, "max_depth": 2.0, "min_child_weight": 3843.922168270718, "num_boost_round": 4.0, "subsample": 0.4268891878464893}, "datetime": {"datetime": "2024-01-20 16:45:14", "elapsed": 12211.812963, "delta": 0.007608}}
{"target": -10.299030765614365, "params": {"colsample_bytree": 0.49151716920525157, "eta": 0.05445485009442658, "gamma": 8.695750355887988, "max_depth": 2.0, "min_child_weight": 3843.922168270718, "num_boost_round": 5.0, "subsample": 0.4268891878464893}, "datetime": {"datetime": "2024-01-20 16:45:14", "elapsed": 12211.820891, "delta": 0.007928}}
{"target": -10.299412453696531, "params": {"colsample_bytree": 0.49151716920525157, "eta": 0.05445485009442658, "gamma": 8.695750355887988, "max_depth": 2.0, "min_child_weight": 3843.922168270718, "num_boost_round": 6.0, "subsample": 0.4268891878464893}, "datetime": {"datetime": "2024-01-20 16:45:14", "elapsed": 12211.829704, "delta": 0.008813}}
{"target": -10.299884288348444, "params": {"colsample_bytree": 0.49151716920525157, "eta": 0.05445485009442658, "gamma": 8.695750355887988, "max_depth": 2.0, "min_child_weight": 3843.922168270718, "num_boost_round": 7.0, "subsample": 0.4268891878464893}, "datetime": {"datetime": "2024-01-20 16:45:14", "elapsed": 12211.838236, "delta": 0.008532}}
{"target": -10.300156552863644, "params": {"colsample_bytree": 0.49151716920525157, "eta": 0.05445485009442658, "gamma": 8.695750355887988, "max_depth": 2.0, "min_child_weight": 3843.922168270718, "num_boost_round": 8.0, "subsample": 0.4268891878464893}, "datetime": {"datetime": "2024-01-20 16:45:14", "elapsed": 12211.846766, "delta": 0.00853}}
{"target": -10.300653476363685, "params": {"colsample_bytree": 0.49151716920525157, "eta": 0.05445485009442658, "gamma": 8.695750355887988, "max_depth": 2.0, "min_child_weight": 3843.922168270718, "num_boost_round": 9.0, "subsample": 0.4268891878464893}, "datetime": {"datetime": "2024-01-20 16:45:14", "elapsed": 12211.855087, "delta": 0.008321}}
{"target": -10.300962988381364, "params": {"colsample_bytree": 0.49151716920525157, "eta": 0.05445485009442658, "gamma": 8.695750355887988, "max_depth": 2.0, "min_child_weight": 3843.922168270718, "num_boost_round": 10.0, "subsample": 0.4268891878464893}, "datetime": {"datetime": "2024-01-20 16:45:14", "elapsed": 12211.8629, "delta": 0.007813}}
{"target": -10.297330159932127, "params": {"colsample_bytree": 0.9784171447018836, "eta": 0.08870173554773046, "gamma": 416.5369418152175, "max_depth": 5.0, "min_child_weight": 4901.29019285304, "num_boost_round": 1.0, "subsample": 0.14460494785046857}, "datetime": {"datetime": "2024-01-20 16:46:43", "elapsed": 12301.420157, "delta": 89.557257}}
{"target": -10.2966213699055, "params": {"colsample_bytree": 0.9784171447018836, "eta": 0.08870173554773046, "gamma": 416.5369418152175, "max_depth": 5.0, "min_child_weight": 4901.29019285304, "num_boost_round": 2.0, "subsample": 0.14460494785046857}, "datetime": {"datetime": "2024-01-20 16:46:43", "elapsed": 12301.430963, "delta": 0.010806}}
{"target": -10.296316487219336, "params": {"colsample_bytree": 0.9784171447018836, "eta": 0.08870173554773046, "gamma": 416.5369418152175, "max_depth": 5.0, "min_child_weight": 4901.29019285304, "num_boost_round": 3.0, "subsample": 0.14460494785046857}, "datetime": {"datetime": "2024-01-20 16:46:43", "elapsed": 12301.440349, "delta": 0.009386}}
{"target": -10.295908563988311, "params": {"colsample_bytree": 0.9784171447018836, "eta": 0.08870173554773046, "gamma": 416.5369418152175, "max_depth": 5.0, "min_child_weight": 4901.29019285304, "num_boost_round": 4.0, "subsample": 0.14460494785046857}, "datetime": {"datetime": "2024-01-20 16:46:43", "elapsed": 12301.450024, "delta": 0.009675}}
{"target": -10.295720006476811, "params": {"colsample_bytree": 0.9784171447018836, "eta": 0.08870173554773046, "gamma": 416.5369418152175, "max_depth": 5.0, "min_child_weight": 4901.29019285304, "num_boost_round": 5.0, "subsample": 0.14460494785046857}, "datetime": {"datetime": "2024-01-20 16:46:43", "elapsed": 12301.459357, "delta": 0.009333}}
{"target": -10.295553761409023, "params": {"colsample_bytree": 0.9784171447018836, "eta": 0.08870173554773046, "gamma": 416.5369418152175, "max_depth": 5.0, "min_child_weight": 4901.29019285304, "num_boost_round": 6.0, "subsample": 0.14460494785046857}, "datetime": {"datetime": "2024-01-20 16:46:43", "elapsed": 12301.469189, "delta": 0.009832}}
{"target": -10.298510772391975, "params": {"colsample_bytree": 0.2453662166545586, "eta": 0.0010248879172168692, "gamma": 365.08485734451943, "max_depth": 8.0, "min_child_weight": 4931.03081429846, "num_boost_round": 1.0, "subsample": 0.24001809813974356}, "datetime": {"datetime": "2024-01-20 16:49:11", "elapsed": 12449.365956, "delta": 147.896767}}
{"target": -10.298508220418833, "params": {"colsample_bytree": 0.2453662166545586, "eta": 0.0010248879172168692, "gamma": 365.08485734451943, "max_depth": 8.0, "min_child_weight": 4931.03081429846, "num_boost_round": 2.0, "subsample": 0.24001809813974356}, "datetime": {"datetime": "2024-01-20 16:49:11", "elapsed": 12449.373967, "delta": 0.008011}}
{"target": -10.29851043682194, "params": {"colsample_bytree": 0.2453662166545586, "eta": 0.0010248879172168692, "gamma": 365.08485734451943, "max_depth": 8.0, "min_child_weight": 4931.03081429846, "num_boost_round": 3.0, "subsample": 0.24001809813974356}, "datetime": {"datetime": "2024-01-20 16:49:11", "elapsed": 12449.382161, "delta": 0.008194}}
{"target": -10.298506621117836, "params": {"colsample_bytree": 0.2453662166545586, "eta": 0.0010248879172168692, "gamma": 365.08485734451943, "max_depth": 8.0, "min_child_weight": 4931.03081429846, "num_boost_round": 4.0, "subsample": 0.24001809813974356}, "datetime": {"datetime": "2024-01-20 16:49:11", "elapsed": 12449.388896, "delta": 0.006735}}
{"target": -10.298503837545695, "params": {"colsample_bytree": 0.2453662166545586, "eta": 0.0010248879172168692, "gamma": 365.08485734451943, "max_depth": 8.0, "min_child_weight": 4931.03081429846, "num_boost_round": 5.0, "subsample": 0.24001809813974356}, "datetime": {"datetime": "2024-01-20 16:49:11", "elapsed": 12449.394962, "delta": 0.006066}}
{"target": -10.29851025991331, "params": {"colsample_bytree": 0.2453662166545586, "eta": 0.0010248879172168692, "gamma": 365.08485734451943, "max_depth": 8.0, "min_child_weight": 4931.03081429846, "num_boost_round": 6.0, "subsample": 0.24001809813974356}, "datetime": {"datetime": "2024-01-20 16:49:11", "elapsed": 12449.400947, "delta": 0.005985}}
{"target": -10.298508755370431, "params": {"colsample_bytree": 0.2453662166545586, "eta": 0.0010248879172168692, "gamma": 365.08485734451943, "max_depth": 8.0, "min_child_weight": 4931.03081429846, "num_boost_round": 7.0, "subsample": 0.24001809813974356}, "datetime": {"datetime": "2024-01-20 16:49:11", "elapsed": 12449.406842, "delta": 0.005895}}
{"target": -10.298500751517818, "params": {"colsample_bytree": 0.2453662166545586, "eta": 0.0010248879172168692, "gamma": 365.08485734451943, "max_depth": 8.0, "min_child_weight": 4931.03081429846, "num_boost_round": 8.0, "subsample": 0.24001809813974356}, "datetime": {"datetime": "2024-01-20 16:49:11", "elapsed": 12449.413261, "delta": 0.006419}}
{"target": -10.298487586315595, "params": {"colsample_bytree": 0.2453662166545586, "eta": 0.0010248879172168692, "gamma": 365.08485734451943, "max_depth": 8.0, "min_child_weight": 4931.03081429846, "num_boost_round": 9.0, "subsample": 0.24001809813974356}, "datetime": {"datetime": "2024-01-20 16:49:11", "elapsed": 12449.419719, "delta": 0.006458}}
{"target": -10.298478020215574, "params": {"colsample_bytree": 0.2453662166545586, "eta": 0.0010248879172168692, "gamma": 365.08485734451943, "max_depth": 8.0, "min_child_weight": 4931.03081429846, "num_boost_round": 10.0, "subsample": 0.24001809813974356}, "datetime": {"datetime": "2024-01-20 16:49:11", "elapsed": 12449.426247, "delta": 0.006528}}
{"target": -10.298465582445797, "params": {"colsample_bytree": 0.2453662166545586, "eta": 0.0010248879172168692, "gamma": 365.08485734451943, "max_depth": 8.0, "min_child_weight": 4931.03081429846, "num_boost_round": 11.0, "subsample": 0.24001809813974356}, "datetime": {"datetime": "2024-01-20 16:49:11", "elapsed": 12449.432742, "delta": 0.006495}}
{"target": -10.298464013105441, "params": {"colsample_bytree": 0.2453662166545586, "eta": 0.0010248879172168692, "gamma": 365.08485734451943, "max_depth": 8.0, "min_child_weight": 4931.03081429846, "num_boost_round": 12.0, "subsample": 0.24001809813974356}, "datetime": {"datetime": "2024-01-20 16:49:11", "elapsed": 12449.439515, "delta": 0.006773}}
{"target": -10.298447973920805, "params": {"colsample_bytree": 0.2453662166545586, "eta": 0.0010248879172168692, "gamma": 365.08485734451943, "max_depth": 8.0, "min_child_weight": 4931.03081429846, "num_boost_round": 13.0, "subsample": 0.24001809813974356}, "datetime": {"datetime": "2024-01-20 16:49:11", "elapsed": 12449.445957, "delta": 0.006442}}
{"target": -10.298448139756779, "params": {"colsample_bytree": 0.2453662166545586, "eta": 0.0010248879172168692, "gamma": 365.08485734451943, "max_depth": 8.0, "min_child_weight": 4931.03081429846, "num_boost_round": 14.0, "subsample": 0.24001809813974356}, "datetime": {"datetime": "2024-01-20 16:49:11", "elapsed": 12449.452576, "delta": 0.006619}}
{"target": -10.298444843196078, "params": {"colsample_bytree": 0.2453662166545586, "eta": 0.0010248879172168692, "gamma": 365.08485734451943, "max_depth": 8.0, "min_child_weight": 4931.03081429846, "num_boost_round": 15.0, "subsample": 0.24001809813974356}, "datetime": {"datetime": "2024-01-20 16:49:11", "elapsed": 12449.458977, "delta": 0.006401}}
{"target": -10.298443690835953, "params": {"colsample_bytree": 0.2453662166545586, "eta": 0.0010248879172168692, "gamma": 365.08485734451943, "max_depth": 8.0, "min_child_weight": 4931.03081429846, "num_boost_round": 16.0, "subsample": 0.24001809813974356}, "datetime": {"datetime": "2024-01-20 16:49:11", "elapsed": 12449.465551, "delta": 0.006574}}
{"target": -10.298440659641214, "params": {"colsample_bytree": 0.2453662166545586, "eta": 0.0010248879172168692, "gamma": 365.08485734451943, "max_depth": 8.0, "min_child_weight": 4931.03081429846, "num_boost_round": 17.0, "subsample": 0.24001809813974356}, "datetime": {"datetime": "2024-01-20 16:49:11", "elapsed": 12449.474944, "delta": 0.009393}}
{"target": -10.298439909847655, "params": {"colsample_bytree": 0.2453662166545586, "eta": 0.0010248879172168692, "gamma": 365.08485734451943, "max_depth": 8.0, "min_child_weight": 4931.03081429846, "num_boost_round": 18.0, "subsample": 0.24001809813974356}, "datetime": {"datetime": "2024-01-20 16:49:11", "elapsed": 12449.482444, "delta": 0.0075}}
{"target": -10.29843990587339, "params": {"colsample_bytree": 0.2453662166545586, "eta": 0.0010248879172168692, "gamma": 365.08485734451943, "max_depth": 8.0, "min_child_weight": 4931.03081429846, "num_boost_round": 19.0, "subsample": 0.24001809813974356}, "datetime": {"datetime": "2024-01-20 16:49:11", "elapsed": 12449.488808, "delta": 0.006364}}
{"target": -10.298434327461354, "params": {"colsample_bytree": 0.2453662166545586, "eta": 0.0010248879172168692, "gamma": 365.08485734451943, "max_depth": 8.0, "min_child_weight": 4931.03081429846, "num_boost_round": 20.0, "subsample": 0.24001809813974356}, "datetime": {"datetime": "2024-01-20 16:49:11", "elapsed": 12449.495332, "delta": 0.006524}}
{"target": -10.298434586083081, "params": {"colsample_bytree": 0.2453662166545586, "eta": 0.0010248879172168692, "gamma": 365.08485734451943, "max_depth": 8.0, "min_child_weight": 4931.03081429846, "num_boost_round": 21.0, "subsample": 0.24001809813974356}, "datetime": {"datetime": "2024-01-20 16:49:11", "elapsed": 12449.501385, "delta": 0.006053}}
{"target": -10.29843492156664, "params": {"colsample_bytree": 0.2453662166545586, "eta": 0.0010248879172168692, "gamma": 365.08485734451943, "max_depth": 8.0, "min_child_weight": 4931.03081429846, "num_boost_round": 22.0, "subsample": 0.24001809813974356}, "datetime": {"datetime": "2024-01-20 16:49:11", "elapsed": 12449.507424, "delta": 0.006039}}
{"target": -10.298434747506894, "params": {"colsample_bytree": 0.2453662166545586, "eta": 0.0010248879172168692, "gamma": 365.08485734451943, "max_depth": 8.0, "min_child_weight": 4931.03081429846, "num_boost_round": 23.0, "subsample": 0.24001809813974356}, "datetime": {"datetime": "2024-01-20 16:49:11", "elapsed": 12449.513265, "delta": 0.005841}}
{"target": -10.298435836839346, "params": {"colsample_bytree": 0.2453662166545586, "eta": 0.0010248879172168692, "gamma": 365.08485734451943, "max_depth": 8.0, "min_child_weight": 4931.03081429846, "num_boost_round": 24.0, "subsample": 0.24001809813974356}, "datetime": {"datetime": "2024-01-20 16:49:11", "elapsed": 12449.519822, "delta": 0.006557}}
{"target": -10.29842996725164, "params": {"colsample_bytree": 0.2453662166545586, "eta": 0.0010248879172168692, "gamma": 365.08485734451943, "max_depth": 8.0, "min_child_weight": 4931.03081429846, "num_boost_round": 25.0, "subsample": 0.24001809813974356}, "datetime": {"datetime": "2024-01-20 16:49:11", "elapsed": 12449.525887, "delta": 0.006065}}
{"target": -10.298433406466383, "params": {"colsample_bytree": 0.2453662166545586, "eta": 0.0010248879172168692, "gamma": 365.08485734451943, "max_depth": 8.0, "min_child_weight": 4931.03081429846, "num_boost_round": 26.0, "subsample": 0.24001809813974356}, "datetime": {"datetime": "2024-01-20 16:49:11", "elapsed": 12449.532016, "delta": 0.006129}}
{"target": -10.2984244036554, "params": {"colsample_bytree": 0.2453662166545586, "eta": 0.0010248879172168692, "gamma": 365.08485734451943, "max_depth": 8.0, "min_child_weight": 4931.03081429846, "num_boost_round": 27.0, "subsample": 0.24001809813974356}, "datetime": {"datetime": "2024-01-20 16:49:11", "elapsed": 12449.53799, "delta": 0.005974}}
{"target": -10.298418948423667, "params": {"colsample_bytree": 0.2453662166545586, "eta": 0.0010248879172168692, "gamma": 365.08485734451943, "max_depth": 8.0, "min_child_weight": 4931.03081429846, "num_boost_round": 28.0, "subsample": 0.24001809813974356}, "datetime": {"datetime": "2024-01-20 16:49:11", "elapsed": 12449.544375, "delta": 0.006385}}
{"target": -10.298422148707438, "params": {"colsample_bytree": 0.2453662166545586, "eta": 0.0010248879172168692, "gamma": 365.08485734451943, "max_depth": 8.0, "min_child_weight": 4931.03081429846, "num_boost_round": 29.0, "subsample": 0.24001809813974356}, "datetime": {"datetime": "2024-01-20 16:49:11", "elapsed": 12449.550483, "delta": 0.006108}}
{"target": -10.298423644171672, "params": {"colsample_bytree": 0.2453662166545586, "eta": 0.0010248879172168692, "gamma": 365.08485734451943, "max_depth": 8.0, "min_child_weight": 4931.03081429846, "num_boost_round": 30.0, "subsample": 0.24001809813974356}, "datetime": {"datetime": "2024-01-20 16:49:11", "elapsed": 12449.556653, "delta": 0.00617}}
{"target": -10.298421046582046, "params": {"colsample_bytree": 0.2453662166545586, "eta": 0.0010248879172168692, "gamma": 365.08485734451943, "max_depth": 8.0, "min_child_weight": 4931.03081429846, "num_boost_round": 31.0, "subsample": 0.24001809813974356}, "datetime": {"datetime": "2024-01-20 16:49:11", "elapsed": 12449.562929, "delta": 0.006276}}
{"target": -10.29842297793571, "params": {"colsample_bytree": 0.2453662166545586, "eta": 0.0010248879172168692, "gamma": 365.08485734451943, "max_depth": 8.0, "min_child_weight": 4931.03081429846, "num_boost_round": 32.0, "subsample": 0.24001809813974356}, "datetime": {"datetime": "2024-01-20 16:49:11", "elapsed": 12449.569426, "delta": 0.006497}}
{"target": -10.298416158934682, "params": {"colsample_bytree": 0.2453662166545586, "eta": 0.0010248879172168692, "gamma": 365.08485734451943, "max_depth": 8.0, "min_child_weight": 4931.03081429846, "num_boost_round": 33.0, "subsample": 0.24001809813974356}, "datetime": {"datetime": "2024-01-20 16:49:11", "elapsed": 12449.577553, "delta": 0.008127}}
{"target": -10.298402381505376, "params": {"colsample_bytree": 0.2453662166545586, "eta": 0.0010248879172168692, "gamma": 365.08485734451943, "max_depth": 8.0, "min_child_weight": 4931.03081429846, "num_boost_round": 34.0, "subsample": 0.24001809813974356}, "datetime": {"datetime": "2024-01-20 16:49:11", "elapsed": 12449.584308, "delta": 0.006755}}
{"target": -10.298462089184373, "params": {"colsample_bytree": 0.7385914904553856, "eta": 0.03068314437377981, "gamma": 426.9220775105447, "max_depth": 4.0, "min_child_weight": 4885.760601251026, "num_boost_round": 1.0, "subsample": 0.41310161576892523}, "datetime": {"datetime": "2024-01-20 16:51:36", "elapsed": 12594.645882, "delta": 145.061574}}
{"target": -10.298443568041154, "params": {"colsample_bytree": 0.7385914904553856, "eta": 0.03068314437377981, "gamma": 426.9220775105447, "max_depth": 4.0, "min_child_weight": 4885.760601251026, "num_boost_round": 2.0, "subsample": 0.41310161576892523}, "datetime": {"datetime": "2024-01-20 16:51:36", "elapsed": 12594.655084, "delta": 0.009202}}
{"target": -10.298492327296358, "params": {"colsample_bytree": 0.7385914904553856, "eta": 0.03068314437377981, "gamma": 426.9220775105447, "max_depth": 4.0, "min_child_weight": 4885.760601251026, "num_boost_round": 3.0, "subsample": 0.41310161576892523}, "datetime": {"datetime": "2024-01-20 16:51:36", "elapsed": 12594.663608, "delta": 0.008524}}
{"target": -10.298592360699235, "params": {"colsample_bytree": 0.7385914904553856, "eta": 0.03068314437377981, "gamma": 426.9220775105447, "max_depth": 4.0, "min_child_weight": 4885.760601251026, "num_boost_round": 4.0, "subsample": 0.41310161576892523}, "datetime": {"datetime": "2024-01-20 16:51:36", "elapsed": 12594.671786, "delta": 0.008178}}
