{"target": -15.16652405079272, "params": {"colsample_bytree": 0.21753796110974571, "eta": 0.07908188919283012, "gamma": 653.9398500578463, "max_depth": 2.0, "min_child_weight": 4140.251212522524, "num_boost_round": 3.0, "subsample": 0.8044665898394896}, "datetime": {"datetime": "2024-01-20 17:16:45", "elapsed": 10363.333019, "delta": 0.009528}}
{"target": -15.1666893759411, "params": {"colsample_bytree": 0.21753796110974571, "eta": 0.07908188919283012, "gamma": 653.9398500578463, "max_depth": 2.0, "min_child_weight": 4140.251212522524, "num_boost_round": 4.0, "subsample": 0.8044665898394896}, "datetime": {"datetime": "2024-01-20 17:16:45", "elapsed": 10363.342468, "delta": 0.009449}}
{"target": -15.165017702704233, "params": {"colsample_bytree": 0.21753796110974571, "eta": 0.07908188919283012, "gamma": 653.9398500578463, "max_depth": 2.0, "min_child_weight": 4140.251212522524, "num_boost_round": 5.0, "subsample": 0.8044665898394896}, "datetime": {"datetime": "2024-01-20 17:16:45", "elapsed": 10363.351422, "delta": 0.008954}}
{"target": -15.163182316210342, "params": {"colsample_bytree": 0.21753796110974571, "eta": 0.07908188919283012, "gamma": 653.9398500578463, "max_depth": 2.0, "min_child_weight": 4140.251212522524, "num_boost_round": 6.0, "subsample": 0.8044665898394896}, "datetime": {"datetime": "2024-01-20 17:16:45", "elapsed": 10363.359935, "delta": 0.008513}}
{"target": -15.161711044981061, "params": {"colsample_bytree": 0.21753796110974571, "eta": 0.07908188919283012, "gamma": 653.9398500578463, "max_depth": 2.0, "min_child_weight": 4140.251212522524, "num_boost_round": 7.0, "subsample": 0.8044665898394896}, "datetime": {"datetime": "2024-01-20 17:16:45", "elapsed": 10363.368677, "delta": 0.008742}}
{"target": -15.159066898510272, "params": {"colsample_bytree": 0.21753796110974571, "eta": 0.07908188919283012, "gamma": 653.9398500578463, "max_depth": 2.0, "min_child_weight": 4140.251212522524, "num_boost_round": 8.0, "subsample": 0.8044665898394896}, "datetime": {"datetime": "2024-01-20 17:16:45", "elapsed": 10363.376712, "delta": 0.008035}}
{"target": -15.159197780049766, "params": {"colsample_bytree": 0.21753796110974571, "eta": 0.07908188919283012, "gamma": 653.9398500578463, "max_depth": 2.0, "min_child_weight": 4140.251212522524, "num_boost_round": 9.0, "subsample": 0.8044665898394896}, "datetime": {"datetime": "2024-01-20 17:16:45", "elapsed": 10363.383953, "delta": 0.007241}}
{"target": -15.158179572391703, "params": {"colsample_bytree": 0.21753796110974571, "eta": 0.07908188919283012, "gamma": 653.9398500578463, "max_depth": 2.0, "min_child_weight": 4140.251212522524, "num_boost_round": 10.0, "subsample": 0.8044665898394896}, "datetime": {"datetime": "2024-01-20 17:16:45", "elapsed": 10363.391214, "delta": 0.007261}}
{"target": -15.158232362343359, "params": {"colsample_bytree": 0.21753796110974571, "eta": 0.07908188919283012, "gamma": 653.9398500578463, "max_depth": 2.0, "min_child_weight": 4140.251212522524, "num_boost_round": 11.0, "subsample": 0.8044665898394896}, "datetime": {"datetime": "2024-01-20 17:16:45", "elapsed": 10363.398362, "delta": 0.007148}}
{"target": -15.158666047786284, "params": {"colsample_bytree": 0.21753796110974571, "eta": 0.07908188919283012, "gamma": 653.9398500578463, "max_depth": 2.0, "min_child_weight": 4140.251212522524, "num_boost_round": 12.0, "subsample": 0.8044665898394896}, "datetime": {"datetime": "2024-01-20 17:16:45", "elapsed": 10363.405825, "delta": 0.007463}}
{"target": -15.159222761732437, "params": {"colsample_bytree": 0.21753796110974571, "eta": 0.07908188919283012, "gamma": 653.9398500578463, "max_depth": 2.0, "min_child_weight": 4140.251212522524, "num_boost_round": 13.0, "subsample": 0.8044665898394896}, "datetime": {"datetime": "2024-01-20 17:16:45", "elapsed": 10363.412894, "delta": 0.007069}}
{"target": -15.159546981815415, "params": {"colsample_bytree": 0.21753796110974571, "eta": 0.07908188919283012, "gamma": 653.9398500578463, "max_depth": 2.0, "min_child_weight": 4140.251212522524, "num_boost_round": 14.0, "subsample": 0.8044665898394896}, "datetime": {"datetime": "2024-01-20 17:16:45", "elapsed": 10363.421584, "delta": 0.00869}}
{"target": -15.159509383494314, "params": {"colsample_bytree": 0.21753796110974571, "eta": 0.07908188919283012, "gamma": 653.9398500578463, "max_depth": 2.0, "min_child_weight": 4140.251212522524, "num_boost_round": 15.0, "subsample": 0.8044665898394896}, "datetime": {"datetime": "2024-01-20 17:16:45", "elapsed": 10363.430131, "delta": 0.008547}}
{"target": -15.158637353327773, "params": {"colsample_bytree": 0.21753796110974571, "eta": 0.07908188919283012, "gamma": 653.9398500578463, "max_depth": 2.0, "min_child_weight": 4140.251212522524, "num_boost_round": 16.0, "subsample": 0.8044665898394896}, "datetime": {"datetime": "2024-01-20 17:16:45", "elapsed": 10363.437931, "delta": 0.0078}}
{"target": -15.157199002553606, "params": {"colsample_bytree": 0.21753796110974571, "eta": 0.07908188919283012, "gamma": 653.9398500578463, "max_depth": 2.0, "min_child_weight": 4140.251212522524, "num_boost_round": 17.0, "subsample": 0.8044665898394896}, "datetime": {"datetime": "2024-01-20 17:16:46", "elapsed": 10363.445261, "delta": 0.00733}}
{"target": -15.157235650168488, "params": {"colsample_bytree": 0.21753796110974571, "eta": 0.07908188919283012, "gamma": 653.9398500578463, "max_depth": 2.0, "min_child_weight": 4140.251212522524, "num_boost_round": 18.0, "subsample": 0.8044665898394896}, "datetime": {"datetime": "2024-01-20 17:16:46", "elapsed": 10363.453427, "delta": 0.008166}}
{"target": -15.155997128710325, "params": {"colsample_bytree": 0.21753796110974571, "eta": 0.07908188919283012, "gamma": 653.9398500578463, "max_depth": 2.0, "min_child_weight": 4140.251212522524, "num_boost_round": 19.0, "subsample": 0.8044665898394896}, "datetime": {"datetime": "2024-01-20 17:16:46", "elapsed": 10363.461974, "delta": 0.008547}}
{"target": -15.156296640584973, "params": {"colsample_bytree": 0.21753796110974571, "eta": 0.07908188919283012, "gamma": 653.9398500578463, "max_depth": 2.0, "min_child_weight": 4140.251212522524, "num_boost_round": 20.0, "subsample": 0.8044665898394896}, "datetime": {"datetime": "2024-01-20 17:16:46", "elapsed": 10363.470273, "delta": 0.008299}}
{"target": -15.155717124791124, "params": {"colsample_bytree": 0.21753796110974571, "eta": 0.07908188919283012, "gamma": 653.9398500578463, "max_depth": 2.0, "min_child_weight": 4140.251212522524, "num_boost_round": 21.0, "subsample": 0.8044665898394896}, "datetime": {"datetime": "2024-01-20 17:16:46", "elapsed": 10363.477639, "delta": 0.007366}}
{"target": -15.155794752369436, "params": {"colsample_bytree": 0.21753796110974571, "eta": 0.07908188919283012, "gamma": 653.9398500578463, "max_depth": 2.0, "min_child_weight": 4140.251212522524, "num_boost_round": 22.0, "subsample": 0.8044665898394896}, "datetime": {"datetime": "2024-01-20 17:16:46", "elapsed": 10363.485461, "delta": 0.007822}}
{"target": -15.15588721945619, "params": {"colsample_bytree": 0.21753796110974571, "eta": 0.07908188919283012, "gamma": 653.9398500578463, "max_depth": 2.0, "min_child_weight": 4140.251212522524, "num_boost_round": 23.0, "subsample": 0.8044665898394896}, "datetime": {"datetime": "2024-01-20 17:16:46", "elapsed": 10363.494212, "delta": 0.008751}}
{"target": -15.156417272129326, "params": {"colsample_bytree": 0.21753796110974571, "eta": 0.07908188919283012, "gamma": 653.9398500578463, "max_depth": 2.0, "min_child_weight": 4140.251212522524, "num_boost_round": 24.0, "subsample": 0.8044665898394896}, "datetime": {"datetime": "2024-01-20 17:16:46", "elapsed": 10363.503153, "delta": 0.008941}}
{"target": -15.156492134411419, "params": {"colsample_bytree": 0.21753796110974571, "eta": 0.07908188919283012, "gamma": 653.9398500578463, "max_depth": 2.0, "min_child_weight": 4140.251212522524, "num_boost_round": 25.0, "subsample": 0.8044665898394896}, "datetime": {"datetime": "2024-01-20 17:16:46", "elapsed": 10363.510671, "delta": 0.007518}}
{"target": -15.156668633663603, "params": {"colsample_bytree": 0.21753796110974571, "eta": 0.07908188919283012, "gamma": 653.9398500578463, "max_depth": 2.0, "min_child_weight": 4140.251212522524, "num_boost_round": 26.0, "subsample": 0.8044665898394896}, "datetime": {"datetime": "2024-01-20 17:16:46", "elapsed": 10363.517691, "delta": 0.00702}}
{"target": -15.156075368468276, "params": {"colsample_bytree": 0.21753796110974571, "eta": 0.07908188919283012, "gamma": 653.9398500578463, "max_depth": 2.0, "min_child_weight": 4140.251212522524, "num_boost_round": 27.0, "subsample": 0.8044665898394896}, "datetime": {"datetime": "2024-01-20 17:16:46", "elapsed": 10363.524744, "delta": 0.007053}}
{"target": -15.155878718274469, "params": {"colsample_bytree": 0.21753796110974571, "eta": 0.07908188919283012, "gamma": 653.9398500578463, "max_depth": 2.0, "min_child_weight": 4140.251212522524, "num_boost_round": 28.0, "subsample": 0.8044665898394896}, "datetime": {"datetime": "2024-01-20 17:16:46", "elapsed": 10363.532045, "delta": 0.007301}}
{"target": -15.15594535366175, "params": {"colsample_bytree": 0.21753796110974571, "eta": 0.07908188919283012, "gamma": 653.9398500578463, "max_depth": 2.0, "min_child_weight": 4140.251212522524, "num_boost_round": 29.0, "subsample": 0.8044665898394896}, "datetime": {"datetime": "2024-01-20 17:16:46", "elapsed": 10363.540025, "delta": 0.00798}}
{"target": -15.155415683418987, "params": {"colsample_bytree": 0.21753796110974571, "eta": 0.07908188919283012, "gamma": 653.9398500578463, "max_depth": 2.0, "min_child_weight": 4140.251212522524, "num_boost_round": 30.0, "subsample": 0.8044665898394896}, "datetime": {"datetime": "2024-01-20 17:16:46", "elapsed": 10363.548158, "delta": 0.008133}}
{"target": -15.15626046189854, "params": {"colsample_bytree": 0.21753796110974571, "eta": 0.07908188919283012, "gamma": 653.9398500578463, "max_depth": 2.0, "min_child_weight": 4140.251212522524, "num_boost_round": 31.0, "subsample": 0.8044665898394896}, "datetime": {"datetime": "2024-01-20 17:16:46", "elapsed": 10363.558052, "delta": 0.009894}}
{"target": -15.156124037731676, "params": {"colsample_bytree": 0.21753796110974571, "eta": 0.07908188919283012, "gamma": 653.9398500578463, "max_depth": 2.0, "min_child_weight": 4140.251212522524, "num_boost_round": 32.0, "subsample": 0.8044665898394896}, "datetime": {"datetime": "2024-01-20 17:16:46", "elapsed": 10363.568008, "delta": 0.009956}}
{"target": -15.156126872576264, "params": {"colsample_bytree": 0.21753796110974571, "eta": 0.07908188919283012, "gamma": 653.9398500578463, "max_depth": 2.0, "min_child_weight": 4140.251212522524, "num_boost_round": 33.0, "subsample": 0.8044665898394896}, "datetime": {"datetime": "2024-01-20 17:16:46", "elapsed": 10363.577347, "delta": 0.009339}}
{"target": -15.156304981610077, "params": {"colsample_bytree": 0.21753796110974571, "eta": 0.07908188919283012, "gamma": 653.9398500578463, "max_depth": 2.0, "min_child_weight": 4140.251212522524, "num_boost_round": 34.0, "subsample": 0.8044665898394896}, "datetime": {"datetime": "2024-01-20 17:16:46", "elapsed": 10363.586293, "delta": 0.008946}}
{"target": -15.156190919021562, "params": {"colsample_bytree": 0.21753796110974571, "eta": 0.07908188919283012, "gamma": 653.9398500578463, "max_depth": 2.0, "min_child_weight": 4140.251212522524, "num_boost_round": 35.0, "subsample": 0.8044665898394896}, "datetime": {"datetime": "2024-01-20 17:16:46", "elapsed": 10363.59648, "delta": 0.010187}}
{"target": -15.156315610591905, "params": {"colsample_bytree": 0.21753796110974571, "eta": 0.07908188919283012, "gamma": 653.9398500578463, "max_depth": 2.0, "min_child_weight": 4140.251212522524, "num_boost_round": 36.0, "subsample": 0.8044665898394896}, "datetime": {"datetime": "2024-01-20 17:16:46", "elapsed": 10363.607654, "delta": 0.011174}}
{"target": -15.15580018009948, "params": {"colsample_bytree": 0.21753796110974571, "eta": 0.07908188919283012, "gamma": 653.9398500578463, "max_depth": 2.0, "min_child_weight": 4140.251212522524, "num_boost_round": 37.0, "subsample": 0.8044665898394896}, "datetime": {"datetime": "2024-01-20 17:16:46", "elapsed": 10363.61837, "delta": 0.010716}}
{"target": -15.155962126089653, "params": {"colsample_bytree": 0.21753796110974571, "eta": 0.07908188919283012, "gamma": 653.9398500578463, "max_depth": 2.0, "min_child_weight": 4140.251212522524, "num_boost_round": 38.0, "subsample": 0.8044665898394896}, "datetime": {"datetime": "2024-01-20 17:16:46", "elapsed": 10363.627558, "delta": 0.009188}}
{"target": -15.156095668516553, "params": {"colsample_bytree": 0.21753796110974571, "eta": 0.07908188919283012, "gamma": 653.9398500578463, "max_depth": 2.0, "min_child_weight": 4140.251212522524, "num_boost_round": 39.0, "subsample": 0.8044665898394896}, "datetime": {"datetime": "2024-01-20 17:16:46", "elapsed": 10363.635608, "delta": 0.00805}}
{"target": -15.15622276375542, "params": {"colsample_bytree": 0.21753796110974571, "eta": 0.07908188919283012, "gamma": 653.9398500578463, "max_depth": 2.0, "min_child_weight": 4140.251212522524, "num_boost_round": 40.0, "subsample": 0.8044665898394896}, "datetime": {"datetime": "2024-01-20 17:16:46", "elapsed": 10363.643307, "delta": 0.007699}}
{"target": -15.156323194836208, "params": {"colsample_bytree": 0.21753796110974571, "eta": 0.07908188919283012, "gamma": 653.9398500578463, "max_depth": 2.0, "min_child_weight": 4140.251212522524, "num_boost_round": 41.0, "subsample": 0.8044665898394896}, "datetime": {"datetime": "2024-01-20 17:16:46", "elapsed": 10363.650548, "delta": 0.007241}}
{"target": -15.156175306930974, "params": {"colsample_bytree": 0.21753796110974571, "eta": 0.07908188919283012, "gamma": 653.9398500578463, "max_depth": 2.0, "min_child_weight": 4140.251212522524, "num_boost_round": 42.0, "subsample": 0.8044665898394896}, "datetime": {"datetime": "2024-01-20 17:16:46", "elapsed": 10363.657603, "delta": 0.007055}}
{"target": -15.156363023804046, "params": {"colsample_bytree": 0.21753796110974571, "eta": 0.07908188919283012, "gamma": 653.9398500578463, "max_depth": 2.0, "min_child_weight": 4140.251212522524, "num_boost_round": 43.0, "subsample": 0.8044665898394896}, "datetime": {"datetime": "2024-01-20 17:16:46", "elapsed": 10363.664616, "delta": 0.007013}}
{"target": -15.156462218532159, "params": {"colsample_bytree": 0.21753796110974571, "eta": 0.07908188919283012, "gamma": 653.9398500578463, "max_depth": 2.0, "min_child_weight": 4140.251212522524, "num_boost_round": 44.0, "subsample": 0.8044665898394896}, "datetime": {"datetime": "2024-01-20 17:16:46", "elapsed": 10363.671849, "delta": 0.007233}}
{"target": -15.156826443771775, "params": {"colsample_bytree": 0.21753796110974571, "eta": 0.07908188919283012, "gamma": 653.9398500578463, "max_depth": 2.0, "min_child_weight": 4140.251212522524, "num_boost_round": 45.0, "subsample": 0.8044665898394896}, "datetime": {"datetime": "2024-01-20 17:16:46", "elapsed": 10363.679062, "delta": 0.007213}}
{"target": -15.156486495067362, "params": {"colsample_bytree": 0.21753796110974571, "eta": 0.07908188919283012, "gamma": 653.9398500578463, "max_depth": 2.0, "min_child_weight": 4140.251212522524, "num_boost_round": 46.0, "subsample": 0.8044665898394896}, "datetime": {"datetime": "2024-01-20 17:16:46", "elapsed": 10363.687085, "delta": 0.008023}}
{"target": -15.156399899783441, "params": {"colsample_bytree": 0.21753796110974571, "eta": 0.07908188919283012, "gamma": 653.9398500578463, "max_depth": 2.0, "min_child_weight": 4140.251212522524, "num_boost_round": 47.0, "subsample": 0.8044665898394896}, "datetime": {"datetime": "2024-01-20 17:16:46", "elapsed": 10363.695436, "delta": 0.008351}}
{"target": -15.156520082568498, "params": {"colsample_bytree": 0.21753796110974571, "eta": 0.07908188919283012, "gamma": 653.9398500578463, "max_depth": 2.0, "min_child_weight": 4140.251212522524, "num_boost_round": 48.0, "subsample": 0.8044665898394896}, "datetime": {"datetime": "2024-01-20 17:16:46", "elapsed": 10363.704319, "delta": 0.008883}}
{"target": -15.156719104862312, "params": {"colsample_bytree": 0.21753796110974571, "eta": 0.07908188919283012, "gamma": 653.9398500578463, "max_depth": 2.0, "min_child_weight": 4140.251212522524, "num_boost_round": 49.0, "subsample": 0.8044665898394896}, "datetime": {"datetime": "2024-01-20 17:16:46", "elapsed": 10363.712715, "delta": 0.008396}}
{"target": -15.156880366664678, "params": {"colsample_bytree": 0.21753796110974571, "eta": 0.07908188919283012, "gamma": 653.9398500578463, "max_depth": 2.0, "min_child_weight": 4140.251212522524, "num_boost_round": 50.0, "subsample": 0.8044665898394896}, "datetime": {"datetime": "2024-01-20 17:16:46", "elapsed": 10363.721127, "delta": 0.008412}}
{"target": -15.15743684946324, "params": {"colsample_bytree": 0.21753796110974571, "eta": 0.07908188919283012, "gamma": 653.9398500578463, "max_depth": 2.0, "min_child_weight": 4140.251212522524, "num_boost_round": 51.0, "subsample": 0.8044665898394896}, "datetime": {"datetime": "2024-01-20 17:16:46", "elapsed": 10363.728623, "delta": 0.007496}}
{"target": -15.157705612195322, "params": {"colsample_bytree": 0.21753796110974571, "eta": 0.07908188919283012, "gamma": 653.9398500578463, "max_depth": 2.0, "min_child_weight": 4140.251212522524, "num_boost_round": 52.0, "subsample": 0.8044665898394896}, "datetime": {"datetime": "2024-01-20 17:16:46", "elapsed": 10363.737071, "delta": 0.008448}}
{"target": -15.15743718661419, "params": {"colsample_bytree": 0.21753796110974571, "eta": 0.07908188919283012, "gamma": 653.9398500578463, "max_depth": 2.0, "min_child_weight": 4140.251212522524, "num_boost_round": 53.0, "subsample": 0.8044665898394896}, "datetime": {"datetime": "2024-01-20 17:16:46", "elapsed": 10363.744459, "delta": 0.007388}}
{"target": -15.157292654195501, "params": {"colsample_bytree": 0.21753796110974571, "eta": 0.07908188919283012, "gamma": 653.9398500578463, "max_depth": 2.0, "min_child_weight": 4140.251212522524, "num_boost_round": 54.0, "subsample": 0.8044665898394896}, "datetime": {"datetime": "2024-01-20 17:16:46", "elapsed": 10363.752567, "delta": 0.008108}}
{"target": -15.1576273226096, "params": {"colsample_bytree": 0.21753796110974571, "eta": 0.07908188919283012, "gamma": 653.9398500578463, "max_depth": 2.0, "min_child_weight": 4140.251212522524, "num_boost_round": 55.0, "subsample": 0.8044665898394896}, "datetime": {"datetime": "2024-01-20 17:16:46", "elapsed": 10363.761117, "delta": 0.00855}}
{"target": -15.157206682141574, "params": {"colsample_bytree": 0.21753796110974571, "eta": 0.07908188919283012, "gamma": 653.9398500578463, "max_depth": 2.0, "min_child_weight": 4140.251212522524, "num_boost_round": 56.0, "subsample": 0.8044665898394896}, "datetime": {"datetime": "2024-01-20 17:16:46", "elapsed": 10364.101394, "delta": 0.340277}}
{"target": -15.157883030390469, "params": {"colsample_bytree": 0.21753796110974571, "eta": 0.07908188919283012, "gamma": 653.9398500578463, "max_depth": 2.0, "min_child_weight": 4140.251212522524, "num_boost_round": 57.0, "subsample": 0.8044665898394896}, "datetime": {"datetime": "2024-01-20 17:16:46", "elapsed": 10364.111876, "delta": 0.010482}}
{"target": -15.157925363867921, "params": {"colsample_bytree": 0.21753796110974571, "eta": 0.07908188919283012, "gamma": 653.9398500578463, "max_depth": 2.0, "min_child_weight": 4140.251212522524, "num_boost_round": 58.0, "subsample": 0.8044665898394896}, "datetime": {"datetime": "2024-01-20 17:16:46", "elapsed": 10364.119953, "delta": 0.008077}}
{"target": -15.157743547663078, "params": {"colsample_bytree": 0.21753796110974571, "eta": 0.07908188919283012, "gamma": 653.9398500578463, "max_depth": 2.0, "min_child_weight": 4140.251212522524, "num_boost_round": 59.0, "subsample": 0.8044665898394896}, "datetime": {"datetime": "2024-01-20 17:16:46", "elapsed": 10364.127433, "delta": 0.00748}}
{"target": -15.157689339760527, "params": {"colsample_bytree": 0.21753796110974571, "eta": 0.07908188919283012, "gamma": 653.9398500578463, "max_depth": 2.0, "min_child_weight": 4140.251212522524, "num_boost_round": 60.0, "subsample": 0.8044665898394896}, "datetime": {"datetime": "2024-01-20 17:16:46", "elapsed": 10364.136334, "delta": 0.008901}}
{"target": -15.157647530626694, "params": {"colsample_bytree": 0.21753796110974571, "eta": 0.07908188919283012, "gamma": 653.9398500578463, "max_depth": 2.0, "min_child_weight": 4140.251212522524, "num_boost_round": 61.0, "subsample": 0.8044665898394896}, "datetime": {"datetime": "2024-01-20 17:16:46", "elapsed": 10364.145454, "delta": 0.00912}}
{"target": -15.157844081610499, "params": {"colsample_bytree": 0.21753796110974571, "eta": 0.07908188919283012, "gamma": 653.9398500578463, "max_depth": 2.0, "min_child_weight": 4140.251212522524, "num_boost_round": 62.0, "subsample": 0.8044665898394896}, "datetime": {"datetime": "2024-01-20 17:16:46", "elapsed": 10364.154565, "delta": 0.009111}}
{"target": -15.157782962867653, "params": {"colsample_bytree": 0.21753796110974571, "eta": 0.07908188919283012, "gamma": 653.9398500578463, "max_depth": 2.0, "min_child_weight": 4140.251212522524, "num_boost_round": 63.0, "subsample": 0.8044665898394896}, "datetime": {"datetime": "2024-01-20 17:16:46", "elapsed": 10364.163905, "delta": 0.00934}}
{"target": -15.157827604623877, "params": {"colsample_bytree": 0.21753796110974571, "eta": 0.07908188919283012, "gamma": 653.9398500578463, "max_depth": 2.0, "min_child_weight": 4140.251212522524, "num_boost_round": 64.0, "subsample": 0.8044665898394896}, "datetime": {"datetime": "2024-01-20 17:16:46", "elapsed": 10364.174496, "delta": 0.010591}}
{"target": -15.15787387662699, "params": {"colsample_bytree": 0.21753796110974571, "eta": 0.07908188919283012, "gamma": 653.9398500578463, "max_depth": 2.0, "min_child_weight": 4140.251212522524, "num_boost_round": 65.0, "subsample": 0.8044665898394896}, "datetime": {"datetime": "2024-01-20 17:16:46", "elapsed": 10364.183773, "delta": 0.009277}}
