{"target": -10.478159913026516, "params": {"colsample_bytree": 0.7180255919259522, "eta": 0.08853871705551782, "gamma": 787.1738800238796, "max_depth": 5.0, "min_child_weight": 4257.573154094515, "num_boost_round": 18.0, "subsample": 0.6086348681901596}, "datetime": {"datetime": "2024-01-20 13:31:48", "elapsed": 400.739048, "delta": 0.000799}}
{"target": -10.478368461591625, "params": {"colsample_bytree": 0.7180255919259522, "eta": 0.08853871705551782, "gamma": 787.1738800238796, "max_depth": 5.0, "min_child_weight": 4257.573154094515, "num_boost_round": 19.0, "subsample": 0.6086348681901596}, "datetime": {"datetime": "2024-01-20 13:31:48", "elapsed": 400.739833, "delta": 0.000785}}
{"target": -10.478598597635965, "params": {"colsample_bytree": 0.7180255919259522, "eta": 0.08853871705551782, "gamma": 787.1738800238796, "max_depth": 5.0, "min_child_weight": 4257.573154094515, "num_boost_round": 20.0, "subsample": 0.6086348681901596}, "datetime": {"datetime": "2024-01-20 13:31:48", "elapsed": 400.74065, "delta": 0.000817}}
{"target": -10.479455254017935, "params": {"colsample_bytree": 0.7180255919259522, "eta": 0.08853871705551782, "gamma": 787.1738800238796, "max_depth": 5.0, "min_child_weight": 4257.573154094515, "num_boost_round": 21.0, "subsample": 0.6086348681901596}, "datetime": {"datetime": "2024-01-20 13:31:48", "elapsed": 400.741431, "delta": 0.000781}}
{"target": -10.479849420125595, "params": {"colsample_bytree": 0.7180255919259522, "eta": 0.08853871705551782, "gamma": 787.1738800238796, "max_depth": 5.0, "min_child_weight": 4257.573154094515, "num_boost_round": 22.0, "subsample": 0.6086348681901596}, "datetime": {"datetime": "2024-01-20 13:31:48", "elapsed": 400.742222, "delta": 0.000791}}
{"target": -10.480275590402357, "params": {"colsample_bytree": 0.7180255919259522, "eta": 0.08853871705551782, "gamma": 787.1738800238796, "max_depth": 5.0, "min_child_weight": 4257.573154094515, "num_boost_round": 23.0, "subsample": 0.6086348681901596}, "datetime": {"datetime": "2024-01-20 13:31:48", "elapsed": 400.743003, "delta": 0.000781}}
{"target": -10.480550444274831, "params": {"colsample_bytree": 0.7180255919259522, "eta": 0.08853871705551782, "gamma": 787.1738800238796, "max_depth": 5.0, "min_child_weight": 4257.573154094515, "num_boost_round": 24.0, "subsample": 0.6086348681901596}, "datetime": {"datetime": "2024-01-20 13:31:48", "elapsed": 400.743795, "delta": 0.000792}}
{"target": -10.480890162884567, "params": {"colsample_bytree": 0.7180255919259522, "eta": 0.08853871705551782, "gamma": 787.1738800238796, "max_depth": 5.0, "min_child_weight": 4257.573154094515, "num_boost_round": 25.0, "subsample": 0.6086348681901596}, "datetime": {"datetime": "2024-01-20 13:31:48", "elapsed": 400.744581, "delta": 0.000786}}
{"target": -10.481505849659507, "params": {"colsample_bytree": 0.7180255919259522, "eta": 0.08853871705551782, "gamma": 787.1738800238796, "max_depth": 5.0, "min_child_weight": 4257.573154094515, "num_boost_round": 26.0, "subsample": 0.6086348681901596}, "datetime": {"datetime": "2024-01-20 13:31:48", "elapsed": 400.745392, "delta": 0.000811}}
{"target": -10.48187829113653, "params": {"colsample_bytree": 0.7180255919259522, "eta": 0.08853871705551782, "gamma": 787.1738800238796, "max_depth": 5.0, "min_child_weight": 4257.573154094515, "num_boost_round": 27.0, "subsample": 0.6086348681901596}, "datetime": {"datetime": "2024-01-20 13:31:48", "elapsed": 400.746176, "delta": 0.000784}}
{"target": -10.482280080666524, "params": {"colsample_bytree": 0.7180255919259522, "eta": 0.08853871705551782, "gamma": 787.1738800238796, "max_depth": 5.0, "min_child_weight": 4257.573154094515, "num_boost_round": 28.0, "subsample": 0.6086348681901596}, "datetime": {"datetime": "2024-01-20 13:31:48", "elapsed": 400.746964, "delta": 0.000788}}
{"target": -10.482813376422515, "params": {"colsample_bytree": 0.7180255919259522, "eta": 0.08853871705551782, "gamma": 787.1738800238796, "max_depth": 5.0, "min_child_weight": 4257.573154094515, "num_boost_round": 29.0, "subsample": 0.6086348681901596}, "datetime": {"datetime": "2024-01-20 13:31:48", "elapsed": 400.747766, "delta": 0.000802}}
{"target": -10.483014540926149, "params": {"colsample_bytree": 0.7180255919259522, "eta": 0.08853871705551782, "gamma": 787.1738800238796, "max_depth": 5.0, "min_child_weight": 4257.573154094515, "num_boost_round": 30.0, "subsample": 0.6086348681901596}, "datetime": {"datetime": "2024-01-20 13:31:48", "elapsed": 400.748668, "delta": 0.000902}}
{"target": -10.483400749793951, "params": {"colsample_bytree": 0.7180255919259522, "eta": 0.08853871705551782, "gamma": 787.1738800238796, "max_depth": 5.0, "min_child_weight": 4257.573154094515, "num_boost_round": 31.0, "subsample": 0.6086348681901596}, "datetime": {"datetime": "2024-01-20 13:31:48", "elapsed": 400.749471, "delta": 0.000803}}
{"target": -10.484011231190426, "params": {"colsample_bytree": 0.7180255919259522, "eta": 0.08853871705551782, "gamma": 787.1738800238796, "max_depth": 5.0, "min_child_weight": 4257.573154094515, "num_boost_round": 32.0, "subsample": 0.6086348681901596}, "datetime": {"datetime": "2024-01-20 13:31:48", "elapsed": 400.750279, "delta": 0.000808}}
{"target": -10.484242994193577, "params": {"colsample_bytree": 0.7180255919259522, "eta": 0.08853871705551782, "gamma": 787.1738800238796, "max_depth": 5.0, "min_child_weight": 4257.573154094515, "num_boost_round": 33.0, "subsample": 0.6086348681901596}, "datetime": {"datetime": "2024-01-20 13:31:48", "elapsed": 400.751061, "delta": 0.000782}}
{"target": -10.48477290583643, "params": {"colsample_bytree": 0.7180255919259522, "eta": 0.08853871705551782, "gamma": 787.1738800238796, "max_depth": 5.0, "min_child_weight": 4257.573154094515, "num_boost_round": 34.0, "subsample": 0.6086348681901596}, "datetime": {"datetime": "2024-01-20 13:31:48", "elapsed": 400.751849, "delta": 0.000788}}
{"target": -10.48512658712307, "params": {"colsample_bytree": 0.7180255919259522, "eta": 0.08853871705551782, "gamma": 787.1738800238796, "max_depth": 5.0, "min_child_weight": 4257.573154094515, "num_boost_round": 35.0, "subsample": 0.6086348681901596}, "datetime": {"datetime": "2024-01-20 13:31:48", "elapsed": 400.752665, "delta": 0.000816}}
{"target": -10.475881356119569, "params": {"colsample_bytree": 0.7206022821759996, "eta": 0.01729304793358622, "gamma": 607.288964687993, "max_depth": 4.0, "min_child_weight": 4332.37117243706, "num_boost_round": 1.0, "subsample": 0.2541416666288044}, "datetime": {"datetime": "2024-01-20 13:32:33", "elapsed": 445.227419, "delta": 44.474754}}
{"target": -10.475719072190504, "params": {"colsample_bytree": 0.7206022821759996, "eta": 0.01729304793358622, "gamma": 607.288964687993, "max_depth": 4.0, "min_child_weight": 4332.37117243706, "num_boost_round": 2.0, "subsample": 0.2541416666288044}, "datetime": {"datetime": "2024-01-20 13:32:33", "elapsed": 445.228874, "delta": 0.001455}}
{"target": -10.475585433891814, "params": {"colsample_bytree": 0.7206022821759996, "eta": 0.01729304793358622, "gamma": 607.288964687993, "max_depth": 4.0, "min_child_weight": 4332.37117243706, "num_boost_round": 3.0, "subsample": 0.2541416666288044}, "datetime": {"datetime": "2024-01-20 13:32:33", "elapsed": 445.229841, "delta": 0.000967}}
{"target": -10.47541328857084, "params": {"colsample_bytree": 0.7206022821759996, "eta": 0.01729304793358622, "gamma": 607.288964687993, "max_depth": 4.0, "min_child_weight": 4332.37117243706, "num_boost_round": 4.0, "subsample": 0.2541416666288044}, "datetime": {"datetime": "2024-01-20 13:32:33", "elapsed": 445.230654, "delta": 0.000813}}
{"target": -10.47527801973148, "params": {"colsample_bytree": 0.7206022821759996, "eta": 0.01729304793358622, "gamma": 607.288964687993, "max_depth": 4.0, "min_child_weight": 4332.37117243706, "num_boost_round": 5.0, "subsample": 0.2541416666288044}, "datetime": {"datetime": "2024-01-20 13:32:33", "elapsed": 445.231453, "delta": 0.000799}}
{"target": -10.475130810595017, "params": {"colsample_bytree": 0.7206022821759996, "eta": 0.01729304793358622, "gamma": 607.288964687993, "max_depth": 4.0, "min_child_weight": 4332.37117243706, "num_boost_round": 6.0, "subsample": 0.2541416666288044}, "datetime": {"datetime": "2024-01-20 13:32:33", "elapsed": 445.232254, "delta": 0.000801}}
{"target": -10.474935484701364, "params": {"colsample_bytree": 0.7206022821759996, "eta": 0.01729304793358622, "gamma": 607.288964687993, "max_depth": 4.0, "min_child_weight": 4332.37117243706, "num_boost_round": 7.0, "subsample": 0.2541416666288044}, "datetime": {"datetime": "2024-01-20 13:32:33", "elapsed": 445.233039, "delta": 0.000785}}
{"target": -10.474803054617276, "params": {"colsample_bytree": 0.7206022821759996, "eta": 0.01729304793358622, "gamma": 607.288964687993, "max_depth": 4.0, "min_child_weight": 4332.37117243706, "num_boost_round": 8.0, "subsample": 0.2541416666288044}, "datetime": {"datetime": "2024-01-20 13:32:33", "elapsed": 445.233834, "delta": 0.000795}}
{"target": -10.474690412694049, "params": {"colsample_bytree": 0.7206022821759996, "eta": 0.01729304793358622, "gamma": 607.288964687993, "max_depth": 4.0, "min_child_weight": 4332.37117243706, "num_boost_round": 9.0, "subsample": 0.2541416666288044}, "datetime": {"datetime": "2024-01-20 13:32:33", "elapsed": 445.234687, "delta": 0.000853}}
{"target": -10.474531273401398, "params": {"colsample_bytree": 0.7206022821759996, "eta": 0.01729304793358622, "gamma": 607.288964687993, "max_depth": 4.0, "min_child_weight": 4332.37117243706, "num_boost_round": 10.0, "subsample": 0.2541416666288044}, "datetime": {"datetime": "2024-01-20 13:32:33", "elapsed": 445.235482, "delta": 0.000795}}
{"target": -10.474364704073361, "params": {"colsample_bytree": 0.7206022821759996, "eta": 0.01729304793358622, "gamma": 607.288964687993, "max_depth": 4.0, "min_child_weight": 4332.37117243706, "num_boost_round": 11.0, "subsample": 0.2541416666288044}, "datetime": {"datetime": "2024-01-20 13:32:33", "elapsed": 445.236436, "delta": 0.000954}}
{"target": -10.474355958475417, "params": {"colsample_bytree": 0.7206022821759996, "eta": 0.01729304793358622, "gamma": 607.288964687993, "max_depth": 4.0, "min_child_weight": 4332.37117243706, "num_boost_round": 12.0, "subsample": 0.2541416666288044}, "datetime": {"datetime": "2024-01-20 13:32:33", "elapsed": 445.237415, "delta": 0.000979}}
{"target": -10.474295940850926, "params": {"colsample_bytree": 0.7206022821759996, "eta": 0.01729304793358622, "gamma": 607.288964687993, "max_depth": 4.0, "min_child_weight": 4332.37117243706, "num_boost_round": 13.0, "subsample": 0.2541416666288044}, "datetime": {"datetime": "2024-01-20 13:32:33", "elapsed": 445.238222, "delta": 0.000807}}
{"target": -10.474179070068836, "params": {"colsample_bytree": 0.7206022821759996, "eta": 0.01729304793358622, "gamma": 607.288964687993, "max_depth": 4.0, "min_child_weight": 4332.37117243706, "num_boost_round": 14.0, "subsample": 0.2541416666288044}, "datetime": {"datetime": "2024-01-20 13:32:33", "elapsed": 445.239027, "delta": 0.000805}}
{"target": -10.474150285033392, "params": {"colsample_bytree": 0.7206022821759996, "eta": 0.01729304793358622, "gamma": 607.288964687993, "max_depth": 4.0, "min_child_weight": 4332.37117243706, "num_boost_round": 15.0, "subsample": 0.2541416666288044}, "datetime": {"datetime": "2024-01-20 13:32:33", "elapsed": 445.239832, "delta": 0.000805}}
{"target": -10.47410529870843, "params": {"colsample_bytree": 0.7206022821759996, "eta": 0.01729304793358622, "gamma": 607.288964687993, "max_depth": 4.0, "min_child_weight": 4332.37117243706, "num_boost_round": 16.0, "subsample": 0.2541416666288044}, "datetime": {"datetime": "2024-01-20 13:32:33", "elapsed": 445.240651, "delta": 0.000819}}
{"target": -10.474083693402964, "params": {"colsample_bytree": 0.7206022821759996, "eta": 0.01729304793358622, "gamma": 607.288964687993, "max_depth": 4.0, "min_child_weight": 4332.37117243706, "num_boost_round": 17.0, "subsample": 0.2541416666288044}, "datetime": {"datetime": "2024-01-20 13:32:33", "elapsed": 445.241477, "delta": 0.000826}}
{"target": -10.474086145893097, "params": {"colsample_bytree": 0.7206022821759996, "eta": 0.01729304793358622, "gamma": 607.288964687993, "max_depth": 4.0, "min_child_weight": 4332.37117243706, "num_boost_round": 18.0, "subsample": 0.2541416666288044}, "datetime": {"datetime": "2024-01-20 13:32:33", "elapsed": 445.242285, "delta": 0.000808}}
{"target": -10.47402882301523, "params": {"colsample_bytree": 0.7206022821759996, "eta": 0.01729304793358622, "gamma": 607.288964687993, "max_depth": 4.0, "min_child_weight": 4332.37117243706, "num_boost_round": 19.0, "subsample": 0.2541416666288044}, "datetime": {"datetime": "2024-01-20 13:32:33", "elapsed": 445.243094, "delta": 0.000809}}
{"target": -10.473972226679237, "params": {"colsample_bytree": 0.7206022821759996, "eta": 0.01729304793358622, "gamma": 607.288964687993, "max_depth": 4.0, "min_child_weight": 4332.37117243706, "num_boost_round": 20.0, "subsample": 0.2541416666288044}, "datetime": {"datetime": "2024-01-20 13:32:33", "elapsed": 445.243906, "delta": 0.000812}}
{"target": -10.473953998619038, "params": {"colsample_bytree": 0.7206022821759996, "eta": 0.01729304793358622, "gamma": 607.288964687993, "max_depth": 4.0, "min_child_weight": 4332.37117243706, "num_boost_round": 21.0, "subsample": 0.2541416666288044}, "datetime": {"datetime": "2024-01-20 13:32:33", "elapsed": 445.244721, "delta": 0.000815}}
{"target": -10.473970106627757, "params": {"colsample_bytree": 0.7206022821759996, "eta": 0.01729304793358622, "gamma": 607.288964687993, "max_depth": 4.0, "min_child_weight": 4332.37117243706, "num_boost_round": 22.0, "subsample": 0.2541416666288044}, "datetime": {"datetime": "2024-01-20 13:32:33", "elapsed": 445.245546, "delta": 0.000825}}
{"target": -10.473949075010813, "params": {"colsample_bytree": 0.7206022821759996, "eta": 0.01729304793358622, "gamma": 607.288964687993, "max_depth": 4.0, "min_child_weight": 4332.37117243706, "num_boost_round": 23.0, "subsample": 0.2541416666288044}, "datetime": {"datetime": "2024-01-20 13:32:33", "elapsed": 445.246365, "delta": 0.000819}}
{"target": -10.473952468616279, "params": {"colsample_bytree": 0.7206022821759996, "eta": 0.01729304793358622, "gamma": 607.288964687993, "max_depth": 4.0, "min_child_weight": 4332.37117243706, "num_boost_round": 24.0, "subsample": 0.2541416666288044}, "datetime": {"datetime": "2024-01-20 13:32:33", "elapsed": 445.247181, "delta": 0.000816}}
{"target": -10.47397142208665, "params": {"colsample_bytree": 0.7206022821759996, "eta": 0.01729304793358622, "gamma": 607.288964687993, "max_depth": 4.0, "min_child_weight": 4332.37117243706, "num_boost_round": 25.0, "subsample": 0.2541416666288044}, "datetime": {"datetime": "2024-01-20 13:32:33", "elapsed": 445.247984, "delta": 0.000803}}
{"target": -10.473965298986213, "params": {"colsample_bytree": 0.7206022821759996, "eta": 0.01729304793358622, "gamma": 607.288964687993, "max_depth": 4.0, "min_child_weight": 4332.37117243706, "num_boost_round": 26.0, "subsample": 0.2541416666288044}, "datetime": {"datetime": "2024-01-20 13:32:33", "elapsed": 445.248836, "delta": 0.000852}}
{"target": -10.473891191122423, "params": {"colsample_bytree": 0.7206022821759996, "eta": 0.01729304793358622, "gamma": 607.288964687993, "max_depth": 4.0, "min_child_weight": 4332.37117243706, "num_boost_round": 27.0, "subsample": 0.2541416666288044}, "datetime": {"datetime": "2024-01-20 13:32:33", "elapsed": 445.249655, "delta": 0.000819}}
{"target": -10.473905877457948, "params": {"colsample_bytree": 0.7206022821759996, "eta": 0.01729304793358622, "gamma": 607.288964687993, "max_depth": 4.0, "min_child_weight": 4332.37117243706, "num_boost_round": 28.0, "subsample": 0.2541416666288044}, "datetime": {"datetime": "2024-01-20 13:32:33", "elapsed": 445.250478, "delta": 0.000823}}
{"target": -10.47388717365531, "params": {"colsample_bytree": 0.7206022821759996, "eta": 0.01729304793358622, "gamma": 607.288964687993, "max_depth": 4.0, "min_child_weight": 4332.37117243706, "num_boost_round": 29.0, "subsample": 0.2541416666288044}, "datetime": {"datetime": "2024-01-20 13:32:33", "elapsed": 445.251306, "delta": 0.000828}}
{"target": -10.473832693300707, "params": {"colsample_bytree": 0.7206022821759996, "eta": 0.01729304793358622, "gamma": 607.288964687993, "max_depth": 4.0, "min_child_weight": 4332.37117243706, "num_boost_round": 30.0, "subsample": 0.2541416666288044}, "datetime": {"datetime": "2024-01-20 13:32:33", "elapsed": 445.252127, "delta": 0.000821}}
{"target": -10.473732096329531, "params": {"colsample_bytree": 0.7206022821759996, "eta": 0.01729304793358622, "gamma": 607.288964687993, "max_depth": 4.0, "min_child_weight": 4332.37117243706, "num_boost_round": 31.0, "subsample": 0.2541416666288044}, "datetime": {"datetime": "2024-01-20 13:32:33", "elapsed": 445.252938, "delta": 0.000811}}
{"target": -10.473753729546091, "params": {"colsample_bytree": 0.7206022821759996, "eta": 0.01729304793358622, "gamma": 607.288964687993, "max_depth": 4.0, "min_child_weight": 4332.37117243706, "num_boost_round": 32.0, "subsample": 0.2541416666288044}, "datetime": {"datetime": "2024-01-20 13:32:33", "elapsed": 445.253759, "delta": 0.000821}}
{"target": -10.47373450698307, "params": {"colsample_bytree": 0.7206022821759996, "eta": 0.01729304793358622, "gamma": 607.288964687993, "max_depth": 4.0, "min_child_weight": 4332.37117243706, "num_boost_round": 33.0, "subsample": 0.2541416666288044}, "datetime": {"datetime": "2024-01-20 13:32:33", "elapsed": 445.25458, "delta": 0.000821}}
{"target": -10.473778119453348, "params": {"colsample_bytree": 0.7206022821759996, "eta": 0.01729304793358622, "gamma": 607.288964687993, "max_depth": 4.0, "min_child_weight": 4332.37117243706, "num_boost_round": 34.0, "subsample": 0.2541416666288044}, "datetime": {"datetime": "2024-01-20 13:32:33", "elapsed": 445.255401, "delta": 0.000821}}
{"target": -10.473811117567044, "params": {"colsample_bytree": 0.7206022821759996, "eta": 0.01729304793358622, "gamma": 607.288964687993, "max_depth": 4.0, "min_child_weight": 4332.37117243706, "num_boost_round": 35.0, "subsample": 0.2541416666288044}, "datetime": {"datetime": "2024-01-20 13:32:33", "elapsed": 445.256247, "delta": 0.000846}}
{"target": -10.473747649086787, "params": {"colsample_bytree": 0.7206022821759996, "eta": 0.01729304793358622, "gamma": 607.288964687993, "max_depth": 4.0, "min_child_weight": 4332.37117243706, "num_boost_round": 36.0, "subsample": 0.2541416666288044}, "datetime": {"datetime": "2024-01-20 13:32:33", "elapsed": 445.257414, "delta": 0.001167}}
{"target": -10.47368499896109, "params": {"colsample_bytree": 0.7206022821759996, "eta": 0.01729304793358622, "gamma": 607.288964687993, "max_depth": 4.0, "min_child_weight": 4332.37117243706, "num_boost_round": 37.0, "subsample": 0.2541416666288044}, "datetime": {"datetime": "2024-01-20 13:32:33", "elapsed": 445.258372, "delta": 0.000958}}
{"target": -10.473652034950902, "params": {"colsample_bytree": 0.7206022821759996, "eta": 0.01729304793358622, "gamma": 607.288964687993, "max_depth": 4.0, "min_child_weight": 4332.37117243706, "num_boost_round": 38.0, "subsample": 0.2541416666288044}, "datetime": {"datetime": "2024-01-20 13:32:33", "elapsed": 445.259256, "delta": 0.000884}}
{"target": -10.473664796220264, "params": {"colsample_bytree": 0.7206022821759996, "eta": 0.01729304793358622, "gamma": 607.288964687993, "max_depth": 4.0, "min_child_weight": 4332.37117243706, "num_boost_round": 39.0, "subsample": 0.2541416666288044}, "datetime": {"datetime": "2024-01-20 13:32:33", "elapsed": 445.260078, "delta": 0.000822}}
{"target": -10.473694876589322, "params": {"colsample_bytree": 0.7206022821759996, "eta": 0.01729304793358622, "gamma": 607.288964687993, "max_depth": 4.0, "min_child_weight": 4332.37117243706, "num_boost_round": 40.0, "subsample": 0.2541416666288044}, "datetime": {"datetime": "2024-01-20 13:32:33", "elapsed": 445.260907, "delta": 0.000829}}
{"target": -10.473677905959624, "params": {"colsample_bytree": 0.7206022821759996, "eta": 0.01729304793358622, "gamma": 607.288964687993, "max_depth": 4.0, "min_child_weight": 4332.37117243706, "num_boost_round": 41.0, "subsample": 0.2541416666288044}, "datetime": {"datetime": "2024-01-20 13:32:33", "elapsed": 445.261729, "delta": 0.000822}}
{"target": -10.473670813612632, "params": {"colsample_bytree": 0.7206022821759996, "eta": 0.01729304793358622, "gamma": 607.288964687993, "max_depth": 4.0, "min_child_weight": 4332.37117243706, "num_boost_round": 42.0, "subsample": 0.2541416666288044}, "datetime": {"datetime": "2024-01-20 13:32:33", "elapsed": 445.262566, "delta": 0.000837}}
{"target": -10.47371546149059, "params": {"colsample_bytree": 0.7206022821759996, "eta": 0.01729304793358622, "gamma": 607.288964687993, "max_depth": 4.0, "min_child_weight": 4332.37117243706, "num_boost_round": 43.0, "subsample": 0.2541416666288044}, "datetime": {"datetime": "2024-01-20 13:32:33", "elapsed": 445.263397, "delta": 0.000831}}
{"target": -10.47370950223633, "params": {"colsample_bytree": 0.7206022821759996, "eta": 0.01729304793358622, "gamma": 607.288964687993, "max_depth": 4.0, "min_child_weight": 4332.37117243706, "num_boost_round": 44.0, "subsample": 0.2541416666288044}, "datetime": {"datetime": "2024-01-20 13:32:33", "elapsed": 445.264227, "delta": 0.00083}}
{"target": -10.473686904104444, "params": {"colsample_bytree": 0.7206022821759996, "eta": 0.01729304793358622, "gamma": 607.288964687993, "max_depth": 4.0, "min_child_weight": 4332.37117243706, "num_boost_round": 45.0, "subsample": 0.2541416666288044}, "datetime": {"datetime": "2024-01-20 13:32:33", "elapsed": 445.265048, "delta": 0.000821}}
