{"target": -10.301124252996685, "params": {"colsample_bytree": 0.25869114743116184, "eta": 0.07477215277668263, "gamma": 94.88546395563424, "max_depth": 3.0, "min_child_weight": 4002.51628578992, "num_boost_round": 13.0, "subsample": 0.5780321066352796}, "datetime": {"datetime": "2024-01-20 13:59:53", "elapsed": 2291.166975, "delta": 0.001539}}
{"target": -10.301463500629378, "params": {"colsample_bytree": 0.25869114743116184, "eta": 0.07477215277668263, "gamma": 94.88546395563424, "max_depth": 3.0, "min_child_weight": 4002.51628578992, "num_boost_round": 14.0, "subsample": 0.5780321066352796}, "datetime": {"datetime": "2024-01-20 13:59:53", "elapsed": 2291.168601, "delta": 0.001626}}
{"target": -10.302131682718446, "params": {"colsample_bytree": 0.25869114743116184, "eta": 0.07477215277668263, "gamma": 94.88546395563424, "max_depth": 3.0, "min_child_weight": 4002.51628578992, "num_boost_round": 15.0, "subsample": 0.5780321066352796}, "datetime": {"datetime": "2024-01-20 13:59:53", "elapsed": 2291.17023, "delta": 0.001629}}
{"target": -10.298282302156403, "params": {"colsample_bytree": 0.24381982041982123, "eta": 0.03688777240712022, "gamma": 55.27661872881539, "max_depth": 5.0, "min_child_weight": 4150.374332224878, "num_boost_round": 1.0, "subsample": 0.5491835053281406}, "datetime": {"datetime": "2024-01-20 14:00:26", "elapsed": 2323.931467, "delta": 32.761237}}
{"target": -10.298287414736986, "params": {"colsample_bytree": 0.24381982041982123, "eta": 0.03688777240712022, "gamma": 55.27661872881539, "max_depth": 5.0, "min_child_weight": 4150.374332224878, "num_boost_round": 2.0, "subsample": 0.5491835053281406}, "datetime": {"datetime": "2024-01-20 14:00:26", "elapsed": 2323.93439, "delta": 0.002923}}
{"target": -10.298435715114465, "params": {"colsample_bytree": 0.24381982041982123, "eta": 0.03688777240712022, "gamma": 55.27661872881539, "max_depth": 5.0, "min_child_weight": 4150.374332224878, "num_boost_round": 3.0, "subsample": 0.5491835053281406}, "datetime": {"datetime": "2024-01-20 14:00:26", "elapsed": 2323.937391, "delta": 0.003001}}
{"target": -10.298444309105344, "params": {"colsample_bytree": 0.24381982041982123, "eta": 0.03688777240712022, "gamma": 55.27661872881539, "max_depth": 5.0, "min_child_weight": 4150.374332224878, "num_boost_round": 4.0, "subsample": 0.5491835053281406}, "datetime": {"datetime": "2024-01-20 14:00:26", "elapsed": 2323.939281, "delta": 0.00189}}
{"target": -10.298623823497401, "params": {"colsample_bytree": 0.24381982041982123, "eta": 0.03688777240712022, "gamma": 55.27661872881539, "max_depth": 5.0, "min_child_weight": 4150.374332224878, "num_boost_round": 5.0, "subsample": 0.5491835053281406}, "datetime": {"datetime": "2024-01-20 14:00:26", "elapsed": 2323.942086, "delta": 0.002805}}
{"target": -10.298947686448425, "params": {"colsample_bytree": 0.24381982041982123, "eta": 0.03688777240712022, "gamma": 55.27661872881539, "max_depth": 5.0, "min_child_weight": 4150.374332224878, "num_boost_round": 6.0, "subsample": 0.5491835053281406}, "datetime": {"datetime": "2024-01-20 14:00:26", "elapsed": 2323.943877, "delta": 0.001791}}
{"target": -10.299128646361222, "params": {"colsample_bytree": 0.24381982041982123, "eta": 0.03688777240712022, "gamma": 55.27661872881539, "max_depth": 5.0, "min_child_weight": 4150.374332224878, "num_boost_round": 7.0, "subsample": 0.5491835053281406}, "datetime": {"datetime": "2024-01-20 14:00:26", "elapsed": 2323.945524, "delta": 0.001647}}
{"target": -10.299169632123352, "params": {"colsample_bytree": 0.24381982041982123, "eta": 0.03688777240712022, "gamma": 55.27661872881539, "max_depth": 5.0, "min_child_weight": 4150.374332224878, "num_boost_round": 8.0, "subsample": 0.5491835053281406}, "datetime": {"datetime": "2024-01-20 14:00:26", "elapsed": 2323.947135, "delta": 0.001611}}
{"target": -10.29816578606286, "params": {"colsample_bytree": 0.7024983128905878, "eta": 0.08264689376554654, "gamma": 24.53736799140982, "max_depth": 7.0, "min_child_weight": 4059.0240005901983, "num_boost_round": 1.0, "subsample": 0.3540798226762827}, "datetime": {"datetime": "2024-01-20 14:00:51", "elapsed": 2349.098116, "delta": 25.150981}}
{"target": -10.298216657619385, "params": {"colsample_bytree": 0.7024983128905878, "eta": 0.08264689376554654, "gamma": 24.53736799140982, "max_depth": 7.0, "min_child_weight": 4059.0240005901983, "num_boost_round": 2.0, "subsample": 0.3540798226762827}, "datetime": {"datetime": "2024-01-20 14:00:51", "elapsed": 2349.100361, "delta": 0.002245}}
{"target": -10.298338182983123, "params": {"colsample_bytree": 0.7024983128905878, "eta": 0.08264689376554654, "gamma": 24.53736799140982, "max_depth": 7.0, "min_child_weight": 4059.0240005901983, "num_boost_round": 3.0, "subsample": 0.3540798226762827}, "datetime": {"datetime": "2024-01-20 14:00:51", "elapsed": 2349.102953, "delta": 0.002592}}
{"target": -10.298195041004861, "params": {"colsample_bytree": 0.3377231572833192, "eta": 0.025167943350989246, "gamma": 428.20301823314634, "max_depth": 7.0, "min_child_weight": 4327.471189698554, "num_boost_round": 1.0, "subsample": 0.29428457289851645}, "datetime": {"datetime": "2024-01-20 14:01:17", "elapsed": 2375.599122, "delta": 26.496169}}
{"target": -10.298158846733866, "params": {"colsample_bytree": 0.3377231572833192, "eta": 0.025167943350989246, "gamma": 428.20301823314634, "max_depth": 7.0, "min_child_weight": 4327.471189698554, "num_boost_round": 2.0, "subsample": 0.29428457289851645}, "datetime": {"datetime": "2024-01-20 14:01:17", "elapsed": 2375.602565, "delta": 0.003443}}
{"target": -10.298332237316943, "params": {"colsample_bytree": 0.9473722988847494, "eta": 0.01687929374075718, "gamma": 70.75745721623039, "max_depth": 3.0, "min_child_weight": 4247.745163376863, "num_boost_round": 1.0, "subsample": 0.20462996165934627}, "datetime": {"datetime": "2024-01-20 14:01:38", "elapsed": 2396.588797, "delta": 20.986232}}
{"target": -10.298360710303228, "params": {"colsample_bytree": 0.9338548809051112, "eta": 0.06913428463581746, "gamma": 176.6034375673181, "max_depth": 8.0, "min_child_weight": 4014.491444776944, "num_boost_round": 1.0, "subsample": 0.6553511597042466}, "datetime": {"datetime": "2024-01-20 14:02:02", "elapsed": 2420.592786, "delta": 24.003989}}
{"target": -10.298494513330882, "params": {"colsample_bytree": 0.9338548809051112, "eta": 0.06913428463581746, "gamma": 176.6034375673181, "max_depth": 8.0, "min_child_weight": 4014.491444776944, "num_boost_round": 2.0, "subsample": 0.6553511597042466}, "datetime": {"datetime": "2024-01-20 14:02:02", "elapsed": 2420.595125, "delta": 0.002339}}
{"target": -10.297932447463694, "params": {"colsample_bytree": 0.2992466907637388, "eta": 0.09344290301854986, "gamma": 4.900505238413233, "max_depth": 4.0, "min_child_weight": 4122.989301591349, "num_boost_round": 1.0, "subsample": 0.53649277155902}, "datetime": {"datetime": "2024-01-20 14:02:32", "elapsed": 2450.634205, "delta": 30.03908}}
{"target": -10.298209242224733, "params": {"colsample_bytree": 0.2992466907637388, "eta": 0.09344290301854986, "gamma": 4.900505238413233, "max_depth": 4.0, "min_child_weight": 4122.989301591349, "num_boost_round": 2.0, "subsample": 0.53649277155902}, "datetime": {"datetime": "2024-01-20 14:02:32", "elapsed": 2450.638938, "delta": 0.004733}}
{"target": -10.298641265591597, "params": {"colsample_bytree": 0.2992466907637388, "eta": 0.09344290301854986, "gamma": 4.900505238413233, "max_depth": 4.0, "min_child_weight": 4122.989301591349, "num_boost_round": 3.0, "subsample": 0.53649277155902}, "datetime": {"datetime": "2024-01-20 14:02:32", "elapsed": 2450.641028, "delta": 0.00209}}
{"target": -10.298867627283377, "params": {"colsample_bytree": 0.2992466907637388, "eta": 0.09344290301854986, "gamma": 4.900505238413233, "max_depth": 4.0, "min_child_weight": 4122.989301591349, "num_boost_round": 4.0, "subsample": 0.53649277155902}, "datetime": {"datetime": "2024-01-20 14:02:32", "elapsed": 2450.642863, "delta": 0.001835}}
{"target": -10.29971545489144, "params": {"colsample_bytree": 0.2992466907637388, "eta": 0.09344290301854986, "gamma": 4.900505238413233, "max_depth": 4.0, "min_child_weight": 4122.989301591349, "num_boost_round": 5.0, "subsample": 0.53649277155902}, "datetime": {"datetime": "2024-01-20 14:02:32", "elapsed": 2450.644573, "delta": 0.00171}}
{"target": -10.30034147145333, "params": {"colsample_bytree": 0.2992466907637388, "eta": 0.09344290301854986, "gamma": 4.900505238413233, "max_depth": 4.0, "min_child_weight": 4122.989301591349, "num_boost_round": 6.0, "subsample": 0.53649277155902}, "datetime": {"datetime": "2024-01-20 14:02:32", "elapsed": 2450.646215, "delta": 0.001642}}
{"target": -10.300929452852312, "params": {"colsample_bytree": 0.2992466907637388, "eta": 0.09344290301854986, "gamma": 4.900505238413233, "max_depth": 4.0, "min_child_weight": 4122.989301591349, "num_boost_round": 7.0, "subsample": 0.53649277155902}, "datetime": {"datetime": "2024-01-20 14:02:32", "elapsed": 2450.647824, "delta": 0.001609}}
{"target": -10.298429400775559, "params": {"colsample_bytree": 0.7477050679181433, "eta": 0.05843462092414316, "gamma": 48.88885154471267, "max_depth": 5.0, "min_child_weight": 4261.484298268708, "num_boost_round": 1.0, "subsample": 0.6110814070423547}, "datetime": {"datetime": "2024-01-20 14:03:46", "elapsed": 2524.019743, "delta": 73.371919}}
{"target": -10.298556072287544, "params": {"colsample_bytree": 0.7477050679181433, "eta": 0.05843462092414316, "gamma": 48.88885154471267, "max_depth": 5.0, "min_child_weight": 4261.484298268708, "num_boost_round": 2.0, "subsample": 0.6110814070423547}, "datetime": {"datetime": "2024-01-20 14:03:46", "elapsed": 2524.022653, "delta": 0.00291}}
{"target": -10.298846520612841, "params": {"colsample_bytree": 0.7477050679181433, "eta": 0.05843462092414316, "gamma": 48.88885154471267, "max_depth": 5.0, "min_child_weight": 4261.484298268708, "num_boost_round": 3.0, "subsample": 0.6110814070423547}, "datetime": {"datetime": "2024-01-20 14:03:46", "elapsed": 2524.026335, "delta": 0.003682}}
{"target": -10.299256485360809, "params": {"colsample_bytree": 0.7477050679181433, "eta": 0.05843462092414316, "gamma": 48.88885154471267, "max_depth": 5.0, "min_child_weight": 4261.484298268708, "num_boost_round": 4.0, "subsample": 0.6110814070423547}, "datetime": {"datetime": "2024-01-20 14:03:46", "elapsed": 2524.028288, "delta": 0.001953}}
{"target": -10.299621686657849, "params": {"colsample_bytree": 0.7477050679181433, "eta": 0.05843462092414316, "gamma": 48.88885154471267, "max_depth": 5.0, "min_child_weight": 4261.484298268708, "num_boost_round": 5.0, "subsample": 0.6110814070423547}, "datetime": {"datetime": "2024-01-20 14:03:46", "elapsed": 2524.030129, "delta": 0.001841}}
{"target": -10.29994861511439, "params": {"colsample_bytree": 0.7477050679181433, "eta": 0.05843462092414316, "gamma": 48.88885154471267, "max_depth": 5.0, "min_child_weight": 4261.484298268708, "num_boost_round": 6.0, "subsample": 0.6110814070423547}, "datetime": {"datetime": "2024-01-20 14:03:46", "elapsed": 2524.031814, "delta": 0.001685}}
{"target": -10.30034312986956, "params": {"colsample_bytree": 0.7477050679181433, "eta": 0.05843462092414316, "gamma": 48.88885154471267, "max_depth": 5.0, "min_child_weight": 4261.484298268708, "num_boost_round": 7.0, "subsample": 0.6110814070423547}, "datetime": {"datetime": "2024-01-20 14:03:46", "elapsed": 2524.033533, "delta": 0.001719}}
{"target": -10.300656441854557, "params": {"colsample_bytree": 0.7477050679181433, "eta": 0.05843462092414316, "gamma": 48.88885154471267, "max_depth": 5.0, "min_child_weight": 4261.484298268708, "num_boost_round": 8.0, "subsample": 0.6110814070423547}, "datetime": {"datetime": "2024-01-20 14:03:46", "elapsed": 2524.035143, "delta": 0.00161}}
{"target": -10.301116221130654, "params": {"colsample_bytree": 0.7477050679181433, "eta": 0.05843462092414316, "gamma": 48.88885154471267, "max_depth": 5.0, "min_child_weight": 4261.484298268708, "num_boost_round": 9.0, "subsample": 0.6110814070423547}, "datetime": {"datetime": "2024-01-20 14:03:46", "elapsed": 2524.036775, "delta": 0.001632}}
{"target": -10.301608633365491, "params": {"colsample_bytree": 0.7477050679181433, "eta": 0.05843462092414316, "gamma": 48.88885154471267, "max_depth": 5.0, "min_child_weight": 4261.484298268708, "num_boost_round": 10.0, "subsample": 0.6110814070423547}, "datetime": {"datetime": "2024-01-20 14:03:46", "elapsed": 2524.038559, "delta": 0.001784}}
{"target": -10.30207481939597, "params": {"colsample_bytree": 0.7477050679181433, "eta": 0.05843462092414316, "gamma": 48.88885154471267, "max_depth": 5.0, "min_child_weight": 4261.484298268708, "num_boost_round": 11.0, "subsample": 0.6110814070423547}, "datetime": {"datetime": "2024-01-20 14:03:46", "elapsed": 2524.040271, "delta": 0.001712}}
{"target": -10.302571541407382, "params": {"colsample_bytree": 0.7477050679181433, "eta": 0.05843462092414316, "gamma": 48.88885154471267, "max_depth": 5.0, "min_child_weight": 4261.484298268708, "num_boost_round": 12.0, "subsample": 0.6110814070423547}, "datetime": {"datetime": "2024-01-20 14:03:46", "elapsed": 2524.041955, "delta": 0.001684}}
{"target": -10.303026575651042, "params": {"colsample_bytree": 0.7477050679181433, "eta": 0.05843462092414316, "gamma": 48.88885154471267, "max_depth": 5.0, "min_child_weight": 4261.484298268708, "num_boost_round": 13.0, "subsample": 0.6110814070423547}, "datetime": {"datetime": "2024-01-20 14:03:46", "elapsed": 2524.043625, "delta": 0.00167}}
{"target": -10.303702992263604, "params": {"colsample_bytree": 0.7477050679181433, "eta": 0.05843462092414316, "gamma": 48.88885154471267, "max_depth": 5.0, "min_child_weight": 4261.484298268708, "num_boost_round": 14.0, "subsample": 0.6110814070423547}, "datetime": {"datetime": "2024-01-20 14:03:46", "elapsed": 2524.045185, "delta": 0.00156}}
{"target": -10.304240456914126, "params": {"colsample_bytree": 0.7477050679181433, "eta": 0.05843462092414316, "gamma": 48.88885154471267, "max_depth": 5.0, "min_child_weight": 4261.484298268708, "num_boost_round": 15.0, "subsample": 0.6110814070423547}, "datetime": {"datetime": "2024-01-20 14:03:46", "elapsed": 2524.04675, "delta": 0.001565}}
{"target": -10.304867024837291, "params": {"colsample_bytree": 0.7477050679181433, "eta": 0.05843462092414316, "gamma": 48.88885154471267, "max_depth": 5.0, "min_child_weight": 4261.484298268708, "num_boost_round": 16.0, "subsample": 0.6110814070423547}, "datetime": {"datetime": "2024-01-20 14:03:46", "elapsed": 2524.048278, "delta": 0.001528}}
{"target": -10.305068042644033, "params": {"colsample_bytree": 0.7477050679181433, "eta": 0.05843462092414316, "gamma": 48.88885154471267, "max_depth": 5.0, "min_child_weight": 4261.484298268708, "num_boost_round": 17.0, "subsample": 0.6110814070423547}, "datetime": {"datetime": "2024-01-20 14:03:46", "elapsed": 2524.049907, "delta": 0.001629}}
{"target": -10.305430766105369, "params": {"colsample_bytree": 0.7477050679181433, "eta": 0.05843462092414316, "gamma": 48.88885154471267, "max_depth": 5.0, "min_child_weight": 4261.484298268708, "num_boost_round": 18.0, "subsample": 0.6110814070423547}, "datetime": {"datetime": "2024-01-20 14:03:46", "elapsed": 2524.051456, "delta": 0.001549}}
{"target": -10.305744434970393, "params": {"colsample_bytree": 0.7477050679181433, "eta": 0.05843462092414316, "gamma": 48.88885154471267, "max_depth": 5.0, "min_child_weight": 4261.484298268708, "num_boost_round": 19.0, "subsample": 0.6110814070423547}, "datetime": {"datetime": "2024-01-20 14:03:46", "elapsed": 2524.053026, "delta": 0.00157}}
{"target": -10.305986726936123, "params": {"colsample_bytree": 0.7477050679181433, "eta": 0.05843462092414316, "gamma": 48.88885154471267, "max_depth": 5.0, "min_child_weight": 4261.484298268708, "num_boost_round": 20.0, "subsample": 0.6110814070423547}, "datetime": {"datetime": "2024-01-20 14:03:46", "elapsed": 2524.054563, "delta": 0.001537}}
{"target": -10.306175523636684, "params": {"colsample_bytree": 0.7477050679181433, "eta": 0.05843462092414316, "gamma": 48.88885154471267, "max_depth": 5.0, "min_child_weight": 4261.484298268708, "num_boost_round": 21.0, "subsample": 0.6110814070423547}, "datetime": {"datetime": "2024-01-20 14:03:46", "elapsed": 2524.056107, "delta": 0.001544}}
{"target": -10.306151608712018, "params": {"colsample_bytree": 0.7477050679181433, "eta": 0.05843462092414316, "gamma": 48.88885154471267, "max_depth": 5.0, "min_child_weight": 4261.484298268708, "num_boost_round": 22.0, "subsample": 0.6110814070423547}, "datetime": {"datetime": "2024-01-20 14:03:46", "elapsed": 2524.057707, "delta": 0.0016}}
{"target": -10.306606104641716, "params": {"colsample_bytree": 0.7477050679181433, "eta": 0.05843462092414316, "gamma": 48.88885154471267, "max_depth": 5.0, "min_child_weight": 4261.484298268708, "num_boost_round": 23.0, "subsample": 0.6110814070423547}, "datetime": {"datetime": "2024-01-20 14:03:46", "elapsed": 2524.059294, "delta": 0.001587}}
{"target": -10.306673975668733, "params": {"colsample_bytree": 0.7477050679181433, "eta": 0.05843462092414316, "gamma": 48.88885154471267, "max_depth": 5.0, "min_child_weight": 4261.484298268708, "num_boost_round": 24.0, "subsample": 0.6110814070423547}, "datetime": {"datetime": "2024-01-20 14:03:46", "elapsed": 2524.0609, "delta": 0.001606}}
{"target": -10.307045161240843, "params": {"colsample_bytree": 0.7477050679181433, "eta": 0.05843462092414316, "gamma": 48.88885154471267, "max_depth": 5.0, "min_child_weight": 4261.484298268708, "num_boost_round": 25.0, "subsample": 0.6110814070423547}, "datetime": {"datetime": "2024-01-20 14:03:46", "elapsed": 2524.06244, "delta": 0.00154}}
{"target": -10.307546671409586, "params": {"colsample_bytree": 0.7477050679181433, "eta": 0.05843462092414316, "gamma": 48.88885154471267, "max_depth": 5.0, "min_child_weight": 4261.484298268708, "num_boost_round": 26.0, "subsample": 0.6110814070423547}, "datetime": {"datetime": "2024-01-20 14:03:46", "elapsed": 2524.064117, "delta": 0.001677}}
{"target": -10.307838118929988, "params": {"colsample_bytree": 0.7477050679181433, "eta": 0.05843462092414316, "gamma": 48.88885154471267, "max_depth": 5.0, "min_child_weight": 4261.484298268708, "num_boost_round": 27.0, "subsample": 0.6110814070423547}, "datetime": {"datetime": "2024-01-20 14:03:46", "elapsed": 2524.06577, "delta": 0.001653}}
{"target": -10.308023752307877, "params": {"colsample_bytree": 0.7477050679181433, "eta": 0.05843462092414316, "gamma": 48.88885154471267, "max_depth": 5.0, "min_child_weight": 4261.484298268708, "num_boost_round": 28.0, "subsample": 0.6110814070423547}, "datetime": {"datetime": "2024-01-20 14:03:46", "elapsed": 2524.067357, "delta": 0.001587}}
{"target": -10.308506614464235, "params": {"colsample_bytree": 0.7477050679181433, "eta": 0.05843462092414316, "gamma": 48.88885154471267, "max_depth": 5.0, "min_child_weight": 4261.484298268708, "num_boost_round": 29.0, "subsample": 0.6110814070423547}, "datetime": {"datetime": "2024-01-20 14:03:46", "elapsed": 2524.068989, "delta": 0.001632}}
{"target": -10.308620313873393, "params": {"colsample_bytree": 0.7477050679181433, "eta": 0.05843462092414316, "gamma": 48.88885154471267, "max_depth": 5.0, "min_child_weight": 4261.484298268708, "num_boost_round": 30.0, "subsample": 0.6110814070423547}, "datetime": {"datetime": "2024-01-20 14:03:46", "elapsed": 2524.070677, "delta": 0.001688}}
{"target": -10.30888813701277, "params": {"colsample_bytree": 0.7477050679181433, "eta": 0.05843462092414316, "gamma": 48.88885154471267, "max_depth": 5.0, "min_child_weight": 4261.484298268708, "num_boost_round": 31.0, "subsample": 0.6110814070423547}, "datetime": {"datetime": "2024-01-20 14:03:46", "elapsed": 2524.072374, "delta": 0.001697}}
{"target": -10.309249846438675, "params": {"colsample_bytree": 0.7477050679181433, "eta": 0.05843462092414316, "gamma": 48.88885154471267, "max_depth": 5.0, "min_child_weight": 4261.484298268708, "num_boost_round": 32.0, "subsample": 0.6110814070423547}, "datetime": {"datetime": "2024-01-20 14:03:46", "elapsed": 2524.073958, "delta": 0.001584}}
{"target": -10.30968501060654, "params": {"colsample_bytree": 0.7477050679181433, "eta": 0.05843462092414316, "gamma": 48.88885154471267, "max_depth": 5.0, "min_child_weight": 4261.484298268708, "num_boost_round": 33.0, "subsample": 0.6110814070423547}, "datetime": {"datetime": "2024-01-20 14:03:46", "elapsed": 2524.075551, "delta": 0.001593}}
{"target": -10.309881848616023, "params": {"colsample_bytree": 0.7477050679181433, "eta": 0.05843462092414316, "gamma": 48.88885154471267, "max_depth": 5.0, "min_child_weight": 4261.484298268708, "num_boost_round": 34.0, "subsample": 0.6110814070423547}, "datetime": {"datetime": "2024-01-20 14:03:46", "elapsed": 2524.077141, "delta": 0.00159}}
{"target": -10.310126160744957, "params": {"colsample_bytree": 0.7477050679181433, "eta": 0.05843462092414316, "gamma": 48.88885154471267, "max_depth": 5.0, "min_child_weight": 4261.484298268708, "num_boost_round": 35.0, "subsample": 0.6110814070423547}, "datetime": {"datetime": "2024-01-20 14:03:46", "elapsed": 2524.078793, "delta": 0.001652}}
{"target": -10.310749595597734, "params": {"colsample_bytree": 0.7477050679181433, "eta": 0.05843462092414316, "gamma": 48.88885154471267, "max_depth": 5.0, "min_child_weight": 4261.484298268708, "num_boost_round": 36.0, "subsample": 0.6110814070423547}, "datetime": {"datetime": "2024-01-20 14:03:46", "elapsed": 2524.080387, "delta": 0.001594}}
{"target": -10.310930332044416, "params": {"colsample_bytree": 0.7477050679181433, "eta": 0.05843462092414316, "gamma": 48.88885154471267, "max_depth": 5.0, "min_child_weight": 4261.484298268708, "num_boost_round": 37.0, "subsample": 0.6110814070423547}, "datetime": {"datetime": "2024-01-20 14:03:46", "elapsed": 2524.082007, "delta": 0.00162}}
