{"target": -12.354761289077437, "params": {"colsample_bytree": 0.7416551857515208, "eta": 0.0048247121495258475, "gamma": 500.4593182721926, "max_depth": 3.0, "min_child_weight": 4212.4338590288735, "num_boost_round": 20.0, "subsample": 0.5727449598570484}, "datetime": {"datetime": "2024-01-20 16:41:00", "elapsed": 8227.259347, "delta": 0.01141}}
{"target": -12.354668516520187, "params": {"colsample_bytree": 0.7416551857515208, "eta": 0.0048247121495258475, "gamma": 500.4593182721926, "max_depth": 3.0, "min_child_weight": 4212.4338590288735, "num_boost_round": 21.0, "subsample": 0.5727449598570484}, "datetime": {"datetime": "2024-01-20 16:41:00", "elapsed": 8227.270072, "delta": 0.010725}}
{"target": -12.354556850603045, "params": {"colsample_bytree": 0.7416551857515208, "eta": 0.0048247121495258475, "gamma": 500.4593182721926, "max_depth": 3.0, "min_child_weight": 4212.4338590288735, "num_boost_round": 22.0, "subsample": 0.5727449598570484}, "datetime": {"datetime": "2024-01-20 16:41:01", "elapsed": 8227.277769, "delta": 0.007697}}
{"target": -12.354458411789508, "params": {"colsample_bytree": 0.7416551857515208, "eta": 0.0048247121495258475, "gamma": 500.4593182721926, "max_depth": 3.0, "min_child_weight": 4212.4338590288735, "num_boost_round": 23.0, "subsample": 0.5727449598570484}, "datetime": {"datetime": "2024-01-20 16:41:01", "elapsed": 8227.284563, "delta": 0.006794}}
{"target": -12.354488284377922, "params": {"colsample_bytree": 0.7416551857515208, "eta": 0.0048247121495258475, "gamma": 500.4593182721926, "max_depth": 3.0, "min_child_weight": 4212.4338590288735, "num_boost_round": 24.0, "subsample": 0.5727449598570484}, "datetime": {"datetime": "2024-01-20 16:41:01", "elapsed": 8227.291192, "delta": 0.006629}}
{"target": -12.354277362565695, "params": {"colsample_bytree": 0.7416551857515208, "eta": 0.0048247121495258475, "gamma": 500.4593182721926, "max_depth": 3.0, "min_child_weight": 4212.4338590288735, "num_boost_round": 25.0, "subsample": 0.5727449598570484}, "datetime": {"datetime": "2024-01-20 16:41:01", "elapsed": 8227.29786, "delta": 0.006668}}
{"target": -12.354167285367053, "params": {"colsample_bytree": 0.7416551857515208, "eta": 0.0048247121495258475, "gamma": 500.4593182721926, "max_depth": 3.0, "min_child_weight": 4212.4338590288735, "num_boost_round": 26.0, "subsample": 0.5727449598570484}, "datetime": {"datetime": "2024-01-20 16:41:01", "elapsed": 8227.304426, "delta": 0.006566}}
{"target": -12.354060368483008, "params": {"colsample_bytree": 0.7416551857515208, "eta": 0.0048247121495258475, "gamma": 500.4593182721926, "max_depth": 3.0, "min_child_weight": 4212.4338590288735, "num_boost_round": 27.0, "subsample": 0.5727449598570484}, "datetime": {"datetime": "2024-01-20 16:41:01", "elapsed": 8227.311425, "delta": 0.006999}}
{"target": -12.353832097801815, "params": {"colsample_bytree": 0.7416551857515208, "eta": 0.0048247121495258475, "gamma": 500.4593182721926, "max_depth": 3.0, "min_child_weight": 4212.4338590288735, "num_boost_round": 28.0, "subsample": 0.5727449598570484}, "datetime": {"datetime": "2024-01-20 16:41:01", "elapsed": 8227.31833, "delta": 0.006905}}
{"target": -12.353600483204158, "params": {"colsample_bytree": 0.7416551857515208, "eta": 0.0048247121495258475, "gamma": 500.4593182721926, "max_depth": 3.0, "min_child_weight": 4212.4338590288735, "num_boost_round": 29.0, "subsample": 0.5727449598570484}, "datetime": {"datetime": "2024-01-20 16:41:01", "elapsed": 8227.325001, "delta": 0.006671}}
{"target": -12.353488237051813, "params": {"colsample_bytree": 0.7416551857515208, "eta": 0.0048247121495258475, "gamma": 500.4593182721926, "max_depth": 3.0, "min_child_weight": 4212.4338590288735, "num_boost_round": 30.0, "subsample": 0.5727449598570484}, "datetime": {"datetime": "2024-01-20 16:41:01", "elapsed": 8227.331589, "delta": 0.006588}}
{"target": -12.353265556631449, "params": {"colsample_bytree": 0.7416551857515208, "eta": 0.0048247121495258475, "gamma": 500.4593182721926, "max_depth": 3.0, "min_child_weight": 4212.4338590288735, "num_boost_round": 31.0, "subsample": 0.5727449598570484}, "datetime": {"datetime": "2024-01-20 16:41:01", "elapsed": 8227.338152, "delta": 0.006563}}
{"target": -12.35306642247826, "params": {"colsample_bytree": 0.7416551857515208, "eta": 0.0048247121495258475, "gamma": 500.4593182721926, "max_depth": 3.0, "min_child_weight": 4212.4338590288735, "num_boost_round": 32.0, "subsample": 0.5727449598570484}, "datetime": {"datetime": "2024-01-20 16:41:01", "elapsed": 8227.344732, "delta": 0.00658}}
{"target": -12.353095663028157, "params": {"colsample_bytree": 0.7416551857515208, "eta": 0.0048247121495258475, "gamma": 500.4593182721926, "max_depth": 3.0, "min_child_weight": 4212.4338590288735, "num_boost_round": 33.0, "subsample": 0.5727449598570484}, "datetime": {"datetime": "2024-01-20 16:41:01", "elapsed": 8227.351736, "delta": 0.007004}}
{"target": -12.353011517378087, "params": {"colsample_bytree": 0.7416551857515208, "eta": 0.0048247121495258475, "gamma": 500.4593182721926, "max_depth": 3.0, "min_child_weight": 4212.4338590288735, "num_boost_round": 34.0, "subsample": 0.5727449598570484}, "datetime": {"datetime": "2024-01-20 16:41:01", "elapsed": 8227.358585, "delta": 0.006849}}
{"target": -12.352902730689776, "params": {"colsample_bytree": 0.7416551857515208, "eta": 0.0048247121495258475, "gamma": 500.4593182721926, "max_depth": 3.0, "min_child_weight": 4212.4338590288735, "num_boost_round": 35.0, "subsample": 0.5727449598570484}, "datetime": {"datetime": "2024-01-20 16:41:01", "elapsed": 8227.365307, "delta": 0.006722}}
{"target": -12.352807489502098, "params": {"colsample_bytree": 0.7416551857515208, "eta": 0.0048247121495258475, "gamma": 500.4593182721926, "max_depth": 3.0, "min_child_weight": 4212.4338590288735, "num_boost_round": 36.0, "subsample": 0.5727449598570484}, "datetime": {"datetime": "2024-01-20 16:41:01", "elapsed": 8227.371867, "delta": 0.00656}}
{"target": -12.352720837850754, "params": {"colsample_bytree": 0.7416551857515208, "eta": 0.0048247121495258475, "gamma": 500.4593182721926, "max_depth": 3.0, "min_child_weight": 4212.4338590288735, "num_boost_round": 37.0, "subsample": 0.5727449598570484}, "datetime": {"datetime": "2024-01-20 16:41:01", "elapsed": 8227.378907, "delta": 0.00704}}
{"target": -12.352639807751007, "params": {"colsample_bytree": 0.7416551857515208, "eta": 0.0048247121495258475, "gamma": 500.4593182721926, "max_depth": 3.0, "min_child_weight": 4212.4338590288735, "num_boost_round": 38.0, "subsample": 0.5727449598570484}, "datetime": {"datetime": "2024-01-20 16:41:01", "elapsed": 8227.386392, "delta": 0.007485}}
{"target": -12.352654349916296, "params": {"colsample_bytree": 0.7416551857515208, "eta": 0.0048247121495258475, "gamma": 500.4593182721926, "max_depth": 3.0, "min_child_weight": 4212.4338590288735, "num_boost_round": 39.0, "subsample": 0.5727449598570484}, "datetime": {"datetime": "2024-01-20 16:41:01", "elapsed": 8227.394106, "delta": 0.007714}}
{"target": -12.352545892018156, "params": {"colsample_bytree": 0.7416551857515208, "eta": 0.0048247121495258475, "gamma": 500.4593182721926, "max_depth": 3.0, "min_child_weight": 4212.4338590288735, "num_boost_round": 40.0, "subsample": 0.5727449598570484}, "datetime": {"datetime": "2024-01-20 16:41:01", "elapsed": 8227.401193, "delta": 0.007087}}
{"target": -12.352334658527369, "params": {"colsample_bytree": 0.7416551857515208, "eta": 0.0048247121495258475, "gamma": 500.4593182721926, "max_depth": 3.0, "min_child_weight": 4212.4338590288735, "num_boost_round": 41.0, "subsample": 0.5727449598570484}, "datetime": {"datetime": "2024-01-20 16:41:01", "elapsed": 8227.407965, "delta": 0.006772}}
{"target": -12.352132000563206, "params": {"colsample_bytree": 0.7416551857515208, "eta": 0.0048247121495258475, "gamma": 500.4593182721926, "max_depth": 3.0, "min_child_weight": 4212.4338590288735, "num_boost_round": 42.0, "subsample": 0.5727449598570484}, "datetime": {"datetime": "2024-01-20 16:41:01", "elapsed": 8227.414644, "delta": 0.006679}}
{"target": -12.352035649544508, "params": {"colsample_bytree": 0.7416551857515208, "eta": 0.0048247121495258475, "gamma": 500.4593182721926, "max_depth": 3.0, "min_child_weight": 4212.4338590288735, "num_boost_round": 43.0, "subsample": 0.5727449598570484}, "datetime": {"datetime": "2024-01-20 16:41:01", "elapsed": 8227.421314, "delta": 0.00667}}
{"target": -12.35194345929867, "params": {"colsample_bytree": 0.7416551857515208, "eta": 0.0048247121495258475, "gamma": 500.4593182721926, "max_depth": 3.0, "min_child_weight": 4212.4338590288735, "num_boost_round": 44.0, "subsample": 0.5727449598570484}, "datetime": {"datetime": "2024-01-20 16:41:01", "elapsed": 8227.428039, "delta": 0.006725}}
{"target": -12.351756964995165, "params": {"colsample_bytree": 0.7416551857515208, "eta": 0.0048247121495258475, "gamma": 500.4593182721926, "max_depth": 3.0, "min_child_weight": 4212.4338590288735, "num_boost_round": 45.0, "subsample": 0.5727449598570484}, "datetime": {"datetime": "2024-01-20 16:41:01", "elapsed": 8227.435065, "delta": 0.007026}}
{"target": -12.35168197965773, "params": {"colsample_bytree": 0.7416551857515208, "eta": 0.0048247121495258475, "gamma": 500.4593182721926, "max_depth": 3.0, "min_child_weight": 4212.4338590288735, "num_boost_round": 46.0, "subsample": 0.5727449598570484}, "datetime": {"datetime": "2024-01-20 16:41:01", "elapsed": 8227.441919, "delta": 0.006854}}
{"target": -12.351515052992516, "params": {"colsample_bytree": 0.7416551857515208, "eta": 0.0048247121495258475, "gamma": 500.4593182721926, "max_depth": 3.0, "min_child_weight": 4212.4338590288735, "num_boost_round": 47.0, "subsample": 0.5727449598570484}, "datetime": {"datetime": "2024-01-20 16:41:01", "elapsed": 8227.448692, "delta": 0.006773}}
{"target": -12.351332432521168, "params": {"colsample_bytree": 0.7416551857515208, "eta": 0.0048247121495258475, "gamma": 500.4593182721926, "max_depth": 3.0, "min_child_weight": 4212.4338590288735, "num_boost_round": 48.0, "subsample": 0.5727449598570484}, "datetime": {"datetime": "2024-01-20 16:41:01", "elapsed": 8227.455365, "delta": 0.006673}}
{"target": -12.35114020233449, "params": {"colsample_bytree": 0.7416551857515208, "eta": 0.0048247121495258475, "gamma": 500.4593182721926, "max_depth": 3.0, "min_child_weight": 4212.4338590288735, "num_boost_round": 49.0, "subsample": 0.5727449598570484}, "datetime": {"datetime": "2024-01-20 16:41:01", "elapsed": 8227.462016, "delta": 0.006651}}
{"target": -12.351040891622755, "params": {"colsample_bytree": 0.7416551857515208, "eta": 0.0048247121495258475, "gamma": 500.4593182721926, "max_depth": 3.0, "min_child_weight": 4212.4338590288735, "num_boost_round": 50.0, "subsample": 0.5727449598570484}, "datetime": {"datetime": "2024-01-20 16:41:01", "elapsed": 8227.468675, "delta": 0.006659}}
{"target": -12.350849453343791, "params": {"colsample_bytree": 0.7416551857515208, "eta": 0.0048247121495258475, "gamma": 500.4593182721926, "max_depth": 3.0, "min_child_weight": 4212.4338590288735, "num_boost_round": 51.0, "subsample": 0.5727449598570484}, "datetime": {"datetime": "2024-01-20 16:41:01", "elapsed": 8227.475618, "delta": 0.006943}}
{"target": -12.350874315599386, "params": {"colsample_bytree": 0.7416551857515208, "eta": 0.0048247121495258475, "gamma": 500.4593182721926, "max_depth": 3.0, "min_child_weight": 4212.4338590288735, "num_boost_round": 52.0, "subsample": 0.5727449598570484}, "datetime": {"datetime": "2024-01-20 16:41:01", "elapsed": 8227.483545, "delta": 0.007927}}
{"target": -12.350689845342291, "params": {"colsample_bytree": 0.7416551857515208, "eta": 0.0048247121495258475, "gamma": 500.4593182721926, "max_depth": 3.0, "min_child_weight": 4212.4338590288735, "num_boost_round": 53.0, "subsample": 0.5727449598570484}, "datetime": {"datetime": "2024-01-20 16:41:01", "elapsed": 8227.4954, "delta": 0.011855}}
{"target": -12.35051545075111, "params": {"colsample_bytree": 0.7416551857515208, "eta": 0.0048247121495258475, "gamma": 500.4593182721926, "max_depth": 3.0, "min_child_weight": 4212.4338590288735, "num_boost_round": 54.0, "subsample": 0.5727449598570484}, "datetime": {"datetime": "2024-01-20 16:41:01", "elapsed": 8227.504487, "delta": 0.009087}}
{"target": -12.350419503419861, "params": {"colsample_bytree": 0.7416551857515208, "eta": 0.0048247121495258475, "gamma": 500.4593182721926, "max_depth": 3.0, "min_child_weight": 4212.4338590288735, "num_boost_round": 55.0, "subsample": 0.5727449598570484}, "datetime": {"datetime": "2024-01-20 16:41:01", "elapsed": 8227.512352, "delta": 0.007865}}
{"target": -12.350246681175106, "params": {"colsample_bytree": 0.7416551857515208, "eta": 0.0048247121495258475, "gamma": 500.4593182721926, "max_depth": 3.0, "min_child_weight": 4212.4338590288735, "num_boost_round": 56.0, "subsample": 0.5727449598570484}, "datetime": {"datetime": "2024-01-20 16:41:01", "elapsed": 8227.519166, "delta": 0.006814}}
{"target": -12.350058302305825, "params": {"colsample_bytree": 0.7416551857515208, "eta": 0.0048247121495258475, "gamma": 500.4593182721926, "max_depth": 3.0, "min_child_weight": 4212.4338590288735, "num_boost_round": 57.0, "subsample": 0.5727449598570484}, "datetime": {"datetime": "2024-01-20 16:41:01", "elapsed": 8227.526176, "delta": 0.00701}}
{"target": -12.349910996164088, "params": {"colsample_bytree": 0.7416551857515208, "eta": 0.0048247121495258475, "gamma": 500.4593182721926, "max_depth": 3.0, "min_child_weight": 4212.4338590288735, "num_boost_round": 58.0, "subsample": 0.5727449598570484}, "datetime": {"datetime": "2024-01-20 16:41:01", "elapsed": 8227.533065, "delta": 0.006889}}
{"target": -12.349728920313176, "params": {"colsample_bytree": 0.7416551857515208, "eta": 0.0048247121495258475, "gamma": 500.4593182721926, "max_depth": 3.0, "min_child_weight": 4212.4338590288735, "num_boost_round": 59.0, "subsample": 0.5727449598570484}, "datetime": {"datetime": "2024-01-20 16:41:01", "elapsed": 8227.539745, "delta": 0.00668}}
{"target": -12.349661940934729, "params": {"colsample_bytree": 0.7416551857515208, "eta": 0.0048247121495258475, "gamma": 500.4593182721926, "max_depth": 3.0, "min_child_weight": 4212.4338590288735, "num_boost_round": 60.0, "subsample": 0.5727449598570484}, "datetime": {"datetime": "2024-01-20 16:41:01", "elapsed": 8227.546371, "delta": 0.006626}}
{"target": -12.349591473519933, "params": {"colsample_bytree": 0.7416551857515208, "eta": 0.0048247121495258475, "gamma": 500.4593182721926, "max_depth": 3.0, "min_child_weight": 4212.4338590288735, "num_boost_round": 61.0, "subsample": 0.5727449598570484}, "datetime": {"datetime": "2024-01-20 16:41:01", "elapsed": 8227.553037, "delta": 0.006666}}
{"target": -12.349521188055807, "params": {"colsample_bytree": 0.7416551857515208, "eta": 0.0048247121495258475, "gamma": 500.4593182721926, "max_depth": 3.0, "min_child_weight": 4212.4338590288735, "num_boost_round": 62.0, "subsample": 0.5727449598570484}, "datetime": {"datetime": "2024-01-20 16:41:01", "elapsed": 8227.559697, "delta": 0.00666}}
{"target": -12.34934002593032, "params": {"colsample_bytree": 0.7416551857515208, "eta": 0.0048247121495258475, "gamma": 500.4593182721926, "max_depth": 3.0, "min_child_weight": 4212.4338590288735, "num_boost_round": 63.0, "subsample": 0.5727449598570484}, "datetime": {"datetime": "2024-01-20 16:41:01", "elapsed": 8227.566669, "delta": 0.006972}}
{"target": -12.34928347374939, "params": {"colsample_bytree": 0.7416551857515208, "eta": 0.0048247121495258475, "gamma": 500.4593182721926, "max_depth": 3.0, "min_child_weight": 4212.4338590288735, "num_boost_round": 64.0, "subsample": 0.5727449598570484}, "datetime": {"datetime": "2024-01-20 16:41:01", "elapsed": 8227.906566, "delta": 0.339897}}
{"target": -12.349103719828365, "params": {"colsample_bytree": 0.7416551857515208, "eta": 0.0048247121495258475, "gamma": 500.4593182721926, "max_depth": 3.0, "min_child_weight": 4212.4338590288735, "num_boost_round": 65.0, "subsample": 0.5727449598570484}, "datetime": {"datetime": "2024-01-20 16:41:01", "elapsed": 8227.91588, "delta": 0.009314}}
{"target": -12.348926696222186, "params": {"colsample_bytree": 0.7416551857515208, "eta": 0.0048247121495258475, "gamma": 500.4593182721926, "max_depth": 3.0, "min_child_weight": 4212.4338590288735, "num_boost_round": 66.0, "subsample": 0.5727449598570484}, "datetime": {"datetime": "2024-01-20 16:41:01", "elapsed": 8227.923432, "delta": 0.007552}}
{"target": -12.348856859472054, "params": {"colsample_bytree": 0.7416551857515208, "eta": 0.0048247121495258475, "gamma": 500.4593182721926, "max_depth": 3.0, "min_child_weight": 4212.4338590288735, "num_boost_round": 67.0, "subsample": 0.5727449598570484}, "datetime": {"datetime": "2024-01-20 16:41:01", "elapsed": 8227.931543, "delta": 0.008111}}
{"target": -12.348706452431065, "params": {"colsample_bytree": 0.7416551857515208, "eta": 0.0048247121495258475, "gamma": 500.4593182721926, "max_depth": 3.0, "min_child_weight": 4212.4338590288735, "num_boost_round": 68.0, "subsample": 0.5727449598570484}, "datetime": {"datetime": "2024-01-20 16:41:01", "elapsed": 8227.93886, "delta": 0.007317}}
{"target": -12.348633863180748, "params": {"colsample_bytree": 0.7416551857515208, "eta": 0.0048247121495258475, "gamma": 500.4593182721926, "max_depth": 3.0, "min_child_weight": 4212.4338590288735, "num_boost_round": 69.0, "subsample": 0.5727449598570484}, "datetime": {"datetime": "2024-01-20 16:41:01", "elapsed": 8227.946249, "delta": 0.007389}}
{"target": -12.348569251063601, "params": {"colsample_bytree": 0.7416551857515208, "eta": 0.0048247121495258475, "gamma": 500.4593182721926, "max_depth": 3.0, "min_child_weight": 4212.4338590288735, "num_boost_round": 70.0, "subsample": 0.5727449598570484}, "datetime": {"datetime": "2024-01-20 16:41:01", "elapsed": 8227.953386, "delta": 0.007137}}
{"target": -12.34850156684387, "params": {"colsample_bytree": 0.7416551857515208, "eta": 0.0048247121495258475, "gamma": 500.4593182721926, "max_depth": 3.0, "min_child_weight": 4212.4338590288735, "num_boost_round": 71.0, "subsample": 0.5727449598570484}, "datetime": {"datetime": "2024-01-20 16:41:01", "elapsed": 8227.960659, "delta": 0.007273}}
{"target": -12.348359341665244, "params": {"colsample_bytree": 0.7416551857515208, "eta": 0.0048247121495258475, "gamma": 500.4593182721926, "max_depth": 3.0, "min_child_weight": 4212.4338590288735, "num_boost_round": 72.0, "subsample": 0.5727449598570484}, "datetime": {"datetime": "2024-01-20 16:41:01", "elapsed": 8227.967682, "delta": 0.007023}}
{"target": -12.34819633157188, "params": {"colsample_bytree": 0.7416551857515208, "eta": 0.0048247121495258475, "gamma": 500.4593182721926, "max_depth": 3.0, "min_child_weight": 4212.4338590288735, "num_boost_round": 73.0, "subsample": 0.5727449598570484}, "datetime": {"datetime": "2024-01-20 16:41:01", "elapsed": 8227.974643, "delta": 0.006961}}
{"target": -12.348047865166054, "params": {"colsample_bytree": 0.7416551857515208, "eta": 0.0048247121495258475, "gamma": 500.4593182721926, "max_depth": 3.0, "min_child_weight": 4212.4338590288735, "num_boost_round": 74.0, "subsample": 0.5727449598570484}, "datetime": {"datetime": "2024-01-20 16:41:01", "elapsed": 8227.981622, "delta": 0.006979}}
{"target": -12.347964887644451, "params": {"colsample_bytree": 0.7416551857515208, "eta": 0.0048247121495258475, "gamma": 500.4593182721926, "max_depth": 3.0, "min_child_weight": 4212.4338590288735, "num_boost_round": 75.0, "subsample": 0.5727449598570484}, "datetime": {"datetime": "2024-01-20 16:41:01", "elapsed": 8227.989045, "delta": 0.007423}}
{"target": -12.34781366312735, "params": {"colsample_bytree": 0.7416551857515208, "eta": 0.0048247121495258475, "gamma": 500.4593182721926, "max_depth": 3.0, "min_child_weight": 4212.4338590288735, "num_boost_round": 76.0, "subsample": 0.5727449598570484}, "datetime": {"datetime": "2024-01-20 16:41:01", "elapsed": 8227.996238, "delta": 0.007193}}
{"target": -12.347843552860901, "params": {"colsample_bytree": 0.7416551857515208, "eta": 0.0048247121495258475, "gamma": 500.4593182721926, "max_depth": 3.0, "min_child_weight": 4212.4338590288735, "num_boost_round": 77.0, "subsample": 0.5727449598570484}, "datetime": {"datetime": "2024-01-20 16:41:01", "elapsed": 8228.003251, "delta": 0.007013}}
{"target": -12.347761192400142, "params": {"colsample_bytree": 0.7416551857515208, "eta": 0.0048247121495258475, "gamma": 500.4593182721926, "max_depth": 3.0, "min_child_weight": 4212.4338590288735, "num_boost_round": 78.0, "subsample": 0.5727449598570484}, "datetime": {"datetime": "2024-01-20 16:41:01", "elapsed": 8228.01026, "delta": 0.007009}}
{"target": -12.34762850757849, "params": {"colsample_bytree": 0.7416551857515208, "eta": 0.0048247121495258475, "gamma": 500.4593182721926, "max_depth": 3.0, "min_child_weight": 4212.4338590288735, "num_boost_round": 79.0, "subsample": 0.5727449598570484}, "datetime": {"datetime": "2024-01-20 16:41:01", "elapsed": 8228.017215, "delta": 0.006955}}
{"target": -12.347480287280797, "params": {"colsample_bytree": 0.7416551857515208, "eta": 0.0048247121495258475, "gamma": 500.4593182721926, "max_depth": 3.0, "min_child_weight": 4212.4338590288735, "num_boost_round": 80.0, "subsample": 0.5727449598570484}, "datetime": {"datetime": "2024-01-20 16:41:01", "elapsed": 8228.025782, "delta": 0.008567}}
{"target": -12.347429167789207, "params": {"colsample_bytree": 0.7416551857515208, "eta": 0.0048247121495258475, "gamma": 500.4593182721926, "max_depth": 3.0, "min_child_weight": 4212.4338590288735, "num_boost_round": 81.0, "subsample": 0.5727449598570484}, "datetime": {"datetime": "2024-01-20 16:41:01", "elapsed": 8228.039132, "delta": 0.01335}}
