{"target": -15.171011670544049, "params": {"colsample_bytree": 0.7935623846354211, "eta": 0.06920300843005867, "gamma": 499.42544136655033, "max_depth": 7.0, "min_child_weight": 4303.290297388523, "num_boost_round": 1.0, "subsample": 0.546457345589376}, "datetime": {"datetime": "2024-01-20 15:43:58", "elapsed": 4795.671829, "delta": 114.245555}}
{"target": -15.16859572797934, "params": {"colsample_bytree": 0.7935623846354211, "eta": 0.06920300843005867, "gamma": 499.42544136655033, "max_depth": 7.0, "min_child_weight": 4303.290297388523, "num_boost_round": 2.0, "subsample": 0.546457345589376}, "datetime": {"datetime": "2024-01-20 15:43:58", "elapsed": 4795.677986, "delta": 0.006157}}
{"target": -15.165924668162525, "params": {"colsample_bytree": 0.7935623846354211, "eta": 0.06920300843005867, "gamma": 499.42544136655033, "max_depth": 7.0, "min_child_weight": 4303.290297388523, "num_boost_round": 3.0, "subsample": 0.546457345589376}, "datetime": {"datetime": "2024-01-20 15:43:58", "elapsed": 4795.682991, "delta": 0.005005}}
{"target": -15.16456960496894, "params": {"colsample_bytree": 0.7935623846354211, "eta": 0.06920300843005867, "gamma": 499.42544136655033, "max_depth": 7.0, "min_child_weight": 4303.290297388523, "num_boost_round": 4.0, "subsample": 0.546457345589376}, "datetime": {"datetime": "2024-01-20 15:43:58", "elapsed": 4795.687877, "delta": 0.004886}}
{"target": -15.161710892024498, "params": {"colsample_bytree": 0.7935623846354211, "eta": 0.06920300843005867, "gamma": 499.42544136655033, "max_depth": 7.0, "min_child_weight": 4303.290297388523, "num_boost_round": 5.0, "subsample": 0.546457345589376}, "datetime": {"datetime": "2024-01-20 15:43:58", "elapsed": 4795.693073, "delta": 0.005196}}
{"target": -15.159583849438382, "params": {"colsample_bytree": 0.7935623846354211, "eta": 0.06920300843005867, "gamma": 499.42544136655033, "max_depth": 7.0, "min_child_weight": 4303.290297388523, "num_boost_round": 6.0, "subsample": 0.546457345589376}, "datetime": {"datetime": "2024-01-20 15:43:58", "elapsed": 4795.69876, "delta": 0.005687}}
{"target": -15.157227890334344, "params": {"colsample_bytree": 0.7935623846354211, "eta": 0.06920300843005867, "gamma": 499.42544136655033, "max_depth": 7.0, "min_child_weight": 4303.290297388523, "num_boost_round": 7.0, "subsample": 0.546457345589376}, "datetime": {"datetime": "2024-01-20 15:43:58", "elapsed": 4795.703823, "delta": 0.005063}}
{"target": -15.156537440266298, "params": {"colsample_bytree": 0.7935623846354211, "eta": 0.06920300843005867, "gamma": 499.42544136655033, "max_depth": 7.0, "min_child_weight": 4303.290297388523, "num_boost_round": 8.0, "subsample": 0.546457345589376}, "datetime": {"datetime": "2024-01-20 15:43:58", "elapsed": 4795.708851, "delta": 0.005028}}
{"target": -15.156854219853972, "params": {"colsample_bytree": 0.7935623846354211, "eta": 0.06920300843005867, "gamma": 499.42544136655033, "max_depth": 7.0, "min_child_weight": 4303.290297388523, "num_boost_round": 9.0, "subsample": 0.546457345589376}, "datetime": {"datetime": "2024-01-20 15:43:58", "elapsed": 4795.713909, "delta": 0.005058}}
{"target": -15.156250794243954, "params": {"colsample_bytree": 0.7935623846354211, "eta": 0.06920300843005867, "gamma": 499.42544136655033, "max_depth": 7.0, "min_child_weight": 4303.290297388523, "num_boost_round": 10.0, "subsample": 0.546457345589376}, "datetime": {"datetime": "2024-01-20 15:43:58", "elapsed": 4795.718862, "delta": 0.004953}}
{"target": -15.155968682855438, "params": {"colsample_bytree": 0.7935623846354211, "eta": 0.06920300843005867, "gamma": 499.42544136655033, "max_depth": 7.0, "min_child_weight": 4303.290297388523, "num_boost_round": 11.0, "subsample": 0.546457345589376}, "datetime": {"datetime": "2024-01-20 15:43:58", "elapsed": 4795.724031, "delta": 0.005169}}
{"target": -15.155323960969454, "params": {"colsample_bytree": 0.7935623846354211, "eta": 0.06920300843005867, "gamma": 499.42544136655033, "max_depth": 7.0, "min_child_weight": 4303.290297388523, "num_boost_round": 12.0, "subsample": 0.546457345589376}, "datetime": {"datetime": "2024-01-20 15:43:58", "elapsed": 4795.729285, "delta": 0.005254}}
{"target": -15.155636070183876, "params": {"colsample_bytree": 0.7935623846354211, "eta": 0.06920300843005867, "gamma": 499.42544136655033, "max_depth": 7.0, "min_child_weight": 4303.290297388523, "num_boost_round": 13.0, "subsample": 0.546457345589376}, "datetime": {"datetime": "2024-01-20 15:43:58", "elapsed": 4795.734298, "delta": 0.005013}}
{"target": -15.15530968347781, "params": {"colsample_bytree": 0.7935623846354211, "eta": 0.06920300843005867, "gamma": 499.42544136655033, "max_depth": 7.0, "min_child_weight": 4303.290297388523, "num_boost_round": 14.0, "subsample": 0.546457345589376}, "datetime": {"datetime": "2024-01-20 15:43:58", "elapsed": 4795.739317, "delta": 0.005019}}
{"target": -15.155524965848201, "params": {"colsample_bytree": 0.7935623846354211, "eta": 0.06920300843005867, "gamma": 499.42544136655033, "max_depth": 7.0, "min_child_weight": 4303.290297388523, "num_boost_round": 15.0, "subsample": 0.546457345589376}, "datetime": {"datetime": "2024-01-20 15:43:58", "elapsed": 4795.744324, "delta": 0.005007}}
{"target": -15.155998380890662, "params": {"colsample_bytree": 0.7935623846354211, "eta": 0.06920300843005867, "gamma": 499.42544136655033, "max_depth": 7.0, "min_child_weight": 4303.290297388523, "num_boost_round": 16.0, "subsample": 0.546457345589376}, "datetime": {"datetime": "2024-01-20 15:43:58", "elapsed": 4795.749414, "delta": 0.00509}}
{"target": -15.156298609241922, "params": {"colsample_bytree": 0.7935623846354211, "eta": 0.06920300843005867, "gamma": 499.42544136655033, "max_depth": 7.0, "min_child_weight": 4303.290297388523, "num_boost_round": 17.0, "subsample": 0.546457345589376}, "datetime": {"datetime": "2024-01-20 15:43:58", "elapsed": 4795.754533, "delta": 0.005119}}
{"target": -15.1570665874071, "params": {"colsample_bytree": 0.7935623846354211, "eta": 0.06920300843005867, "gamma": 499.42544136655033, "max_depth": 7.0, "min_child_weight": 4303.290297388523, "num_boost_round": 18.0, "subsample": 0.546457345589376}, "datetime": {"datetime": "2024-01-20 15:43:58", "elapsed": 4795.759838, "delta": 0.005305}}
{"target": -15.157483934323547, "params": {"colsample_bytree": 0.7935623846354211, "eta": 0.06920300843005867, "gamma": 499.42544136655033, "max_depth": 7.0, "min_child_weight": 4303.290297388523, "num_boost_round": 19.0, "subsample": 0.546457345589376}, "datetime": {"datetime": "2024-01-20 15:43:58", "elapsed": 4795.764764, "delta": 0.004926}}
{"target": -15.157659721103805, "params": {"colsample_bytree": 0.7935623846354211, "eta": 0.06920300843005867, "gamma": 499.42544136655033, "max_depth": 7.0, "min_child_weight": 4303.290297388523, "num_boost_round": 20.0, "subsample": 0.546457345589376}, "datetime": {"datetime": "2024-01-20 15:43:58", "elapsed": 4795.769871, "delta": 0.005107}}
{"target": -15.157699150075238, "params": {"colsample_bytree": 0.7935623846354211, "eta": 0.06920300843005867, "gamma": 499.42544136655033, "max_depth": 7.0, "min_child_weight": 4303.290297388523, "num_boost_round": 21.0, "subsample": 0.546457345589376}, "datetime": {"datetime": "2024-01-20 15:43:58", "elapsed": 4795.774877, "delta": 0.005006}}
{"target": -15.157489323553968, "params": {"colsample_bytree": 0.7935623846354211, "eta": 0.06920300843005867, "gamma": 499.42544136655033, "max_depth": 7.0, "min_child_weight": 4303.290297388523, "num_boost_round": 22.0, "subsample": 0.546457345589376}, "datetime": {"datetime": "2024-01-20 15:43:58", "elapsed": 4795.779841, "delta": 0.004964}}
{"target": -15.15768142532297, "params": {"colsample_bytree": 0.7935623846354211, "eta": 0.06920300843005867, "gamma": 499.42544136655033, "max_depth": 7.0, "min_child_weight": 4303.290297388523, "num_boost_round": 23.0, "subsample": 0.546457345589376}, "datetime": {"datetime": "2024-01-20 15:43:58", "elapsed": 4795.784929, "delta": 0.005088}}
{"target": -15.158348353357248, "params": {"colsample_bytree": 0.7935623846354211, "eta": 0.06920300843005867, "gamma": 499.42544136655033, "max_depth": 7.0, "min_child_weight": 4303.290297388523, "num_boost_round": 24.0, "subsample": 0.546457345589376}, "datetime": {"datetime": "2024-01-20 15:43:58", "elapsed": 4795.790157, "delta": 0.005228}}
{"target": -15.159098239851714, "params": {"colsample_bytree": 0.7935623846354211, "eta": 0.06920300843005867, "gamma": 499.42544136655033, "max_depth": 7.0, "min_child_weight": 4303.290297388523, "num_boost_round": 25.0, "subsample": 0.546457345589376}, "datetime": {"datetime": "2024-01-20 15:43:58", "elapsed": 4795.795434, "delta": 0.005277}}
{"target": -15.159846144997156, "params": {"colsample_bytree": 0.7935623846354211, "eta": 0.06920300843005867, "gamma": 499.42544136655033, "max_depth": 7.0, "min_child_weight": 4303.290297388523, "num_boost_round": 26.0, "subsample": 0.546457345589376}, "datetime": {"datetime": "2024-01-20 15:43:58", "elapsed": 4795.800636, "delta": 0.005202}}
{"target": -15.160933629207806, "params": {"colsample_bytree": 0.7935623846354211, "eta": 0.06920300843005867, "gamma": 499.42544136655033, "max_depth": 7.0, "min_child_weight": 4303.290297388523, "num_boost_round": 27.0, "subsample": 0.546457345589376}, "datetime": {"datetime": "2024-01-20 15:43:58", "elapsed": 4795.805787, "delta": 0.005151}}
{"target": -15.160988138789985, "params": {"colsample_bytree": 0.7935623846354211, "eta": 0.06920300843005867, "gamma": 499.42544136655033, "max_depth": 7.0, "min_child_weight": 4303.290297388523, "num_boost_round": 28.0, "subsample": 0.546457345589376}, "datetime": {"datetime": "2024-01-20 15:43:58", "elapsed": 4795.81086, "delta": 0.005073}}
{"target": -15.160975757109934, "params": {"colsample_bytree": 0.7935623846354211, "eta": 0.06920300843005867, "gamma": 499.42544136655033, "max_depth": 7.0, "min_child_weight": 4303.290297388523, "num_boost_round": 29.0, "subsample": 0.546457345589376}, "datetime": {"datetime": "2024-01-20 15:43:58", "elapsed": 4795.815817, "delta": 0.004957}}
{"target": -15.161691974498705, "params": {"colsample_bytree": 0.7935623846354211, "eta": 0.06920300843005867, "gamma": 499.42544136655033, "max_depth": 7.0, "min_child_weight": 4303.290297388523, "num_boost_round": 30.0, "subsample": 0.546457345589376}, "datetime": {"datetime": "2024-01-20 15:43:58", "elapsed": 4795.820936, "delta": 0.005119}}
{"target": -15.163110803030019, "params": {"colsample_bytree": 0.7935623846354211, "eta": 0.06920300843005867, "gamma": 499.42544136655033, "max_depth": 7.0, "min_child_weight": 4303.290297388523, "num_boost_round": 31.0, "subsample": 0.546457345589376}, "datetime": {"datetime": "2024-01-20 15:43:58", "elapsed": 4795.82595, "delta": 0.005014}}
{"target": -15.163627481959196, "params": {"colsample_bytree": 0.7935623846354211, "eta": 0.06920300843005867, "gamma": 499.42544136655033, "max_depth": 7.0, "min_child_weight": 4303.290297388523, "num_boost_round": 32.0, "subsample": 0.546457345589376}, "datetime": {"datetime": "2024-01-20 15:43:58", "elapsed": 4795.830932, "delta": 0.004982}}
{"target": -15.163719926427923, "params": {"colsample_bytree": 0.7935623846354211, "eta": 0.06920300843005867, "gamma": 499.42544136655033, "max_depth": 7.0, "min_child_weight": 4303.290297388523, "num_boost_round": 33.0, "subsample": 0.546457345589376}, "datetime": {"datetime": "2024-01-20 15:43:58", "elapsed": 4795.835905, "delta": 0.004973}}
{"target": -15.164869832798269, "params": {"colsample_bytree": 0.7935623846354211, "eta": 0.06920300843005867, "gamma": 499.42544136655033, "max_depth": 7.0, "min_child_weight": 4303.290297388523, "num_boost_round": 34.0, "subsample": 0.546457345589376}, "datetime": {"datetime": "2024-01-20 15:43:58", "elapsed": 4795.840857, "delta": 0.004952}}
{"target": -15.165206903356339, "params": {"colsample_bytree": 0.7935623846354211, "eta": 0.06920300843005867, "gamma": 499.42544136655033, "max_depth": 7.0, "min_child_weight": 4303.290297388523, "num_boost_round": 35.0, "subsample": 0.546457345589376}, "datetime": {"datetime": "2024-01-20 15:43:58", "elapsed": 4795.846013, "delta": 0.005156}}
{"target": -15.165717504352976, "params": {"colsample_bytree": 0.7935623846354211, "eta": 0.06920300843005867, "gamma": 499.42544136655033, "max_depth": 7.0, "min_child_weight": 4303.290297388523, "num_boost_round": 36.0, "subsample": 0.546457345589376}, "datetime": {"datetime": "2024-01-20 15:43:58", "elapsed": 4795.85124, "delta": 0.005227}}
{"target": -15.166423548817834, "params": {"colsample_bytree": 0.7935623846354211, "eta": 0.06920300843005867, "gamma": 499.42544136655033, "max_depth": 7.0, "min_child_weight": 4303.290297388523, "num_boost_round": 37.0, "subsample": 0.546457345589376}, "datetime": {"datetime": "2024-01-20 15:43:58", "elapsed": 4795.856209, "delta": 0.004969}}
{"target": -15.166820760305452, "params": {"colsample_bytree": 0.7935623846354211, "eta": 0.06920300843005867, "gamma": 499.42544136655033, "max_depth": 7.0, "min_child_weight": 4303.290297388523, "num_boost_round": 38.0, "subsample": 0.546457345589376}, "datetime": {"datetime": "2024-01-20 15:43:58", "elapsed": 4795.861263, "delta": 0.005054}}
{"target": -15.167109378329629, "params": {"colsample_bytree": 0.7935623846354211, "eta": 0.06920300843005867, "gamma": 499.42544136655033, "max_depth": 7.0, "min_child_weight": 4303.290297388523, "num_boost_round": 39.0, "subsample": 0.546457345589376}, "datetime": {"datetime": "2024-01-20 15:43:58", "elapsed": 4795.866269, "delta": 0.005006}}
{"target": -15.167500202400403, "params": {"colsample_bytree": 0.7935623846354211, "eta": 0.06920300843005867, "gamma": 499.42544136655033, "max_depth": 7.0, "min_child_weight": 4303.290297388523, "num_boost_round": 40.0, "subsample": 0.546457345589376}, "datetime": {"datetime": "2024-01-20 15:43:58", "elapsed": 4795.871295, "delta": 0.005026}}
{"target": -15.169027095641841, "params": {"colsample_bytree": 0.7935623846354211, "eta": 0.06920300843005867, "gamma": 499.42544136655033, "max_depth": 7.0, "min_child_weight": 4303.290297388523, "num_boost_round": 41.0, "subsample": 0.546457345589376}, "datetime": {"datetime": "2024-01-20 15:43:58", "elapsed": 4795.876364, "delta": 0.005069}}
{"target": -15.169237962091866, "params": {"colsample_bytree": 0.7935623846354211, "eta": 0.06920300843005867, "gamma": 499.42544136655033, "max_depth": 7.0, "min_child_weight": 4303.290297388523, "num_boost_round": 42.0, "subsample": 0.546457345589376}, "datetime": {"datetime": "2024-01-20 15:43:58", "elapsed": 4795.881587, "delta": 0.005223}}
{"target": -15.169167234142503, "params": {"colsample_bytree": 0.7935623846354211, "eta": 0.06920300843005867, "gamma": 499.42544136655033, "max_depth": 7.0, "min_child_weight": 4303.290297388523, "num_boost_round": 43.0, "subsample": 0.546457345589376}, "datetime": {"datetime": "2024-01-20 15:43:58", "elapsed": 4795.886964, "delta": 0.005377}}
{"target": -15.169361797330538, "params": {"colsample_bytree": 0.7935623846354211, "eta": 0.06920300843005867, "gamma": 499.42544136655033, "max_depth": 7.0, "min_child_weight": 4303.290297388523, "num_boost_round": 44.0, "subsample": 0.546457345589376}, "datetime": {"datetime": "2024-01-20 15:43:58", "elapsed": 4795.892164, "delta": 0.0052}}
{"target": -15.169795390688218, "params": {"colsample_bytree": 0.7935623846354211, "eta": 0.06920300843005867, "gamma": 499.42544136655033, "max_depth": 7.0, "min_child_weight": 4303.290297388523, "num_boost_round": 45.0, "subsample": 0.546457345589376}, "datetime": {"datetime": "2024-01-20 15:43:58", "elapsed": 4795.897202, "delta": 0.005038}}
{"target": -15.170443275098439, "params": {"colsample_bytree": 0.7935623846354211, "eta": 0.06920300843005867, "gamma": 499.42544136655033, "max_depth": 7.0, "min_child_weight": 4303.290297388523, "num_boost_round": 46.0, "subsample": 0.546457345589376}, "datetime": {"datetime": "2024-01-20 15:43:58", "elapsed": 4795.902292, "delta": 0.00509}}
{"target": -15.170742860560049, "params": {"colsample_bytree": 0.7935623846354211, "eta": 0.06920300843005867, "gamma": 499.42544136655033, "max_depth": 7.0, "min_child_weight": 4303.290297388523, "num_boost_round": 47.0, "subsample": 0.546457345589376}, "datetime": {"datetime": "2024-01-20 15:43:58", "elapsed": 4795.907258, "delta": 0.004966}}
{"target": -15.170744097659107, "params": {"colsample_bytree": 0.7935623846354211, "eta": 0.06920300843005867, "gamma": 499.42544136655033, "max_depth": 7.0, "min_child_weight": 4303.290297388523, "num_boost_round": 48.0, "subsample": 0.546457345589376}, "datetime": {"datetime": "2024-01-20 15:43:58", "elapsed": 4795.912361, "delta": 0.005103}}
{"target": -15.171393035971388, "params": {"colsample_bytree": 0.7935623846354211, "eta": 0.06920300843005867, "gamma": 499.42544136655033, "max_depth": 7.0, "min_child_weight": 4303.290297388523, "num_boost_round": 49.0, "subsample": 0.546457345589376}, "datetime": {"datetime": "2024-01-20 15:43:58", "elapsed": 4795.91731, "delta": 0.004949}}
{"target": -15.17247750093913, "params": {"colsample_bytree": 0.7935623846354211, "eta": 0.06920300843005867, "gamma": 499.42544136655033, "max_depth": 7.0, "min_child_weight": 4303.290297388523, "num_boost_round": 50.0, "subsample": 0.546457345589376}, "datetime": {"datetime": "2024-01-20 15:43:58", "elapsed": 4795.922392, "delta": 0.005082}}
{"target": -15.172628855467813, "params": {"colsample_bytree": 0.7935623846354211, "eta": 0.06920300843005867, "gamma": 499.42544136655033, "max_depth": 7.0, "min_child_weight": 4303.290297388523, "num_boost_round": 51.0, "subsample": 0.546457345589376}, "datetime": {"datetime": "2024-01-20 15:43:58", "elapsed": 4795.927575, "delta": 0.005183}}
{"target": -15.172920689175342, "params": {"colsample_bytree": 0.7935623846354211, "eta": 0.06920300843005867, "gamma": 499.42544136655033, "max_depth": 7.0, "min_child_weight": 4303.290297388523, "num_boost_round": 52.0, "subsample": 0.546457345589376}, "datetime": {"datetime": "2024-01-20 15:43:58", "elapsed": 4795.932777, "delta": 0.005202}}
{"target": -15.173423719025767, "params": {"colsample_bytree": 0.7935623846354211, "eta": 0.06920300843005867, "gamma": 499.42544136655033, "max_depth": 7.0, "min_child_weight": 4303.290297388523, "num_boost_round": 53.0, "subsample": 0.546457345589376}, "datetime": {"datetime": "2024-01-20 15:43:58", "elapsed": 4795.937889, "delta": 0.005112}}
{"target": -15.173673677572523, "params": {"colsample_bytree": 0.7935623846354211, "eta": 0.06920300843005867, "gamma": 499.42544136655033, "max_depth": 7.0, "min_child_weight": 4303.290297388523, "num_boost_round": 54.0, "subsample": 0.546457345589376}, "datetime": {"datetime": "2024-01-20 15:43:58", "elapsed": 4795.943125, "delta": 0.005236}}
{"target": -15.173823543179768, "params": {"colsample_bytree": 0.7935623846354211, "eta": 0.06920300843005867, "gamma": 499.42544136655033, "max_depth": 7.0, "min_child_weight": 4303.290297388523, "num_boost_round": 55.0, "subsample": 0.546457345589376}, "datetime": {"datetime": "2024-01-20 15:43:58", "elapsed": 4795.948464, "delta": 0.005339}}
{"target": -15.174184058825933, "params": {"colsample_bytree": 0.7935623846354211, "eta": 0.06920300843005867, "gamma": 499.42544136655033, "max_depth": 7.0, "min_child_weight": 4303.290297388523, "num_boost_round": 56.0, "subsample": 0.546457345589376}, "datetime": {"datetime": "2024-01-20 15:43:58", "elapsed": 4795.953416, "delta": 0.004952}}
{"target": -15.174559678547809, "params": {"colsample_bytree": 0.7935623846354211, "eta": 0.06920300843005867, "gamma": 499.42544136655033, "max_depth": 7.0, "min_child_weight": 4303.290297388523, "num_boost_round": 57.0, "subsample": 0.546457345589376}, "datetime": {"datetime": "2024-01-20 15:43:58", "elapsed": 4795.958446, "delta": 0.00503}}
{"target": -15.175199517184215, "params": {"colsample_bytree": 0.7935623846354211, "eta": 0.06920300843005867, "gamma": 499.42544136655033, "max_depth": 7.0, "min_child_weight": 4303.290297388523, "num_boost_round": 58.0, "subsample": 0.546457345589376}, "datetime": {"datetime": "2024-01-20 15:43:58", "elapsed": 4795.96348, "delta": 0.005034}}
{"target": -15.175836074705423, "params": {"colsample_bytree": 0.7935623846354211, "eta": 0.06920300843005867, "gamma": 499.42544136655033, "max_depth": 7.0, "min_child_weight": 4303.290297388523, "num_boost_round": 59.0, "subsample": 0.546457345589376}, "datetime": {"datetime": "2024-01-20 15:43:58", "elapsed": 4795.968551, "delta": 0.005071}}
{"target": -15.176022120886195, "params": {"colsample_bytree": 0.7935623846354211, "eta": 0.06920300843005867, "gamma": 499.42544136655033, "max_depth": 7.0, "min_child_weight": 4303.290297388523, "num_boost_round": 60.0, "subsample": 0.546457345589376}, "datetime": {"datetime": "2024-01-20 15:43:58", "elapsed": 4795.973571, "delta": 0.00502}}
{"target": -15.176664979725395, "params": {"colsample_bytree": 0.7935623846354211, "eta": 0.06920300843005867, "gamma": 499.42544136655033, "max_depth": 7.0, "min_child_weight": 4303.290297388523, "num_boost_round": 61.0, "subsample": 0.546457345589376}, "datetime": {"datetime": "2024-01-20 15:43:58", "elapsed": 4795.978573, "delta": 0.005002}}
{"target": -15.176828728413097, "params": {"colsample_bytree": 0.7935623846354211, "eta": 0.06920300843005867, "gamma": 499.42544136655033, "max_depth": 7.0, "min_child_weight": 4303.290297388523, "num_boost_round": 62.0, "subsample": 0.546457345589376}, "datetime": {"datetime": "2024-01-20 15:43:58", "elapsed": 4795.983601, "delta": 0.005028}}
{"target": -15.177120847942406, "params": {"colsample_bytree": 0.7935623846354211, "eta": 0.06920300843005867, "gamma": 499.42544136655033, "max_depth": 7.0, "min_child_weight": 4303.290297388523, "num_boost_round": 63.0, "subsample": 0.546457345589376}, "datetime": {"datetime": "2024-01-20 15:43:58", "elapsed": 4795.988658, "delta": 0.005057}}
