{"target": -12.358787214345297, "params": {"colsample_bytree": 0.5939321535345923, "eta": 0.07152178474357823, "gamma": 602.7633760716438, "max_depth": 6.0, "min_child_weight": 4237.124338589708, "num_boost_round": 127.0, "subsample": 0.49382849013642327}, "datetime": {"datetime": "2024-01-20 14:23:53", "elapsed": 0.0393, "delta": 0.000299}}
{"target": -12.358754153029953, "params": {"colsample_bytree": 0.5939321535345923, "eta": 0.07152178474357823, "gamma": 602.7633760716438, "max_depth": 6.0, "min_child_weight": 4237.124338589708, "num_boost_round": 128.0, "subsample": 0.49382849013642327}, "datetime": {"datetime": "2024-01-20 14:23:53", "elapsed": 0.039597, "delta": 0.000297}}
{"target": -12.358786892318378, "params": {"colsample_bytree": 0.5939321535345923, "eta": 0.07152178474357823, "gamma": 602.7633760716438, "max_depth": 6.0, "min_child_weight": 4237.124338589708, "num_boost_round": 129.0, "subsample": 0.49382849013642327}, "datetime": {"datetime": "2024-01-20 14:23:53", "elapsed": 0.039903, "delta": 0.000306}}
{"target": -12.357420482886623, "params": {"colsample_bytree": 0.565392331190367, "eta": 0.04032235969307902, "gamma": 601.2445725542573, "max_depth": 3.0, "min_child_weight": 4206.537115035964, "num_boost_round": 1.0, "subsample": 0.4449761236439116}, "datetime": {"datetime": "2024-01-20 14:24:20", "elapsed": 26.749171, "delta": 26.709268}}
{"target": -12.356527381597264, "params": {"colsample_bytree": 0.565392331190367, "eta": 0.04032235969307902, "gamma": 601.2445725542573, "max_depth": 3.0, "min_child_weight": 4206.537115035964, "num_boost_round": 2.0, "subsample": 0.4449761236439116}, "datetime": {"datetime": "2024-01-20 14:24:20", "elapsed": 26.751538, "delta": 0.002367}}
{"target": -12.354477417929388, "params": {"colsample_bytree": 0.565392331190367, "eta": 0.04032235969307902, "gamma": 601.2445725542573, "max_depth": 3.0, "min_child_weight": 4206.537115035964, "num_boost_round": 3.0, "subsample": 0.4449761236439116}, "datetime": {"datetime": "2024-01-20 14:24:20", "elapsed": 26.751997, "delta": 0.000459}}
{"target": -12.354914280432247, "params": {"colsample_bytree": 0.565392331190367, "eta": 0.04032235969307902, "gamma": 601.2445725542573, "max_depth": 3.0, "min_child_weight": 4206.537115035964, "num_boost_round": 4.0, "subsample": 0.4449761236439116}, "datetime": {"datetime": "2024-01-20 14:24:20", "elapsed": 26.752331, "delta": 0.000334}}
{"target": -12.352971711438975, "params": {"colsample_bytree": 0.565392331190367, "eta": 0.04032235969307902, "gamma": 601.2445725542573, "max_depth": 3.0, "min_child_weight": 4206.537115035964, "num_boost_round": 5.0, "subsample": 0.4449761236439116}, "datetime": {"datetime": "2024-01-20 14:24:20", "elapsed": 26.752654, "delta": 0.000323}}
{"target": -12.351337649914575, "params": {"colsample_bytree": 0.565392331190367, "eta": 0.04032235969307902, "gamma": 601.2445725542573, "max_depth": 3.0, "min_child_weight": 4206.537115035964, "num_boost_round": 6.0, "subsample": 0.4449761236439116}, "datetime": {"datetime": "2024-01-20 14:24:20", "elapsed": 26.752974, "delta": 0.00032}}
{"target": -12.349832956179178, "params": {"colsample_bytree": 0.565392331190367, "eta": 0.04032235969307902, "gamma": 601.2445725542573, "max_depth": 3.0, "min_child_weight": 4206.537115035964, "num_boost_round": 7.0, "subsample": 0.4449761236439116}, "datetime": {"datetime": "2024-01-20 14:24:20", "elapsed": 26.753301, "delta": 0.000327}}
{"target": -12.349040787350795, "params": {"colsample_bytree": 0.565392331190367, "eta": 0.04032235969307902, "gamma": 601.2445725542573, "max_depth": 3.0, "min_child_weight": 4206.537115035964, "num_boost_round": 8.0, "subsample": 0.4449761236439116}, "datetime": {"datetime": "2024-01-20 14:24:20", "elapsed": 26.753622, "delta": 0.000321}}
{"target": -12.349217351920602, "params": {"colsample_bytree": 0.565392331190367, "eta": 0.04032235969307902, "gamma": 601.2445725542573, "max_depth": 3.0, "min_child_weight": 4206.537115035964, "num_boost_round": 9.0, "subsample": 0.4449761236439116}, "datetime": {"datetime": "2024-01-20 14:24:20", "elapsed": 26.753944, "delta": 0.000322}}
{"target": -12.347980071527193, "params": {"colsample_bytree": 0.565392331190367, "eta": 0.04032235969307902, "gamma": 601.2445725542573, "max_depth": 3.0, "min_child_weight": 4206.537115035964, "num_boost_round": 10.0, "subsample": 0.4449761236439116}, "datetime": {"datetime": "2024-01-20 14:24:20", "elapsed": 26.75428, "delta": 0.000336}}
{"target": -12.347390167968141, "params": {"colsample_bytree": 0.565392331190367, "eta": 0.04032235969307902, "gamma": 601.2445725542573, "max_depth": 3.0, "min_child_weight": 4206.537115035964, "num_boost_round": 11.0, "subsample": 0.4449761236439116}, "datetime": {"datetime": "2024-01-20 14:24:20", "elapsed": 26.754616, "delta": 0.000336}}
{"target": -12.34697856705721, "params": {"colsample_bytree": 0.565392331190367, "eta": 0.04032235969307902, "gamma": 601.2445725542573, "max_depth": 3.0, "min_child_weight": 4206.537115035964, "num_boost_round": 12.0, "subsample": 0.4449761236439116}, "datetime": {"datetime": "2024-01-20 14:24:20", "elapsed": 26.754939, "delta": 0.000323}}
{"target": -12.347268814291755, "params": {"colsample_bytree": 0.565392331190367, "eta": 0.04032235969307902, "gamma": 601.2445725542573, "max_depth": 3.0, "min_child_weight": 4206.537115035964, "num_boost_round": 13.0, "subsample": 0.4449761236439116}, "datetime": {"datetime": "2024-01-20 14:24:20", "elapsed": 26.75527, "delta": 0.000331}}
{"target": -12.346974414864956, "params": {"colsample_bytree": 0.565392331190367, "eta": 0.04032235969307902, "gamma": 601.2445725542573, "max_depth": 3.0, "min_child_weight": 4206.537115035964, "num_boost_round": 14.0, "subsample": 0.4449761236439116}, "datetime": {"datetime": "2024-01-20 14:24:20", "elapsed": 26.755598, "delta": 0.000328}}
{"target": -12.345939726295864, "params": {"colsample_bytree": 0.565392331190367, "eta": 0.04032235969307902, "gamma": 601.2445725542573, "max_depth": 3.0, "min_child_weight": 4206.537115035964, "num_boost_round": 15.0, "subsample": 0.4449761236439116}, "datetime": {"datetime": "2024-01-20 14:24:20", "elapsed": 26.755926, "delta": 0.000328}}
{"target": -12.345621883258646, "params": {"colsample_bytree": 0.565392331190367, "eta": 0.04032235969307902, "gamma": 601.2445725542573, "max_depth": 3.0, "min_child_weight": 4206.537115035964, "num_boost_round": 16.0, "subsample": 0.4449761236439116}, "datetime": {"datetime": "2024-01-20 14:24:20", "elapsed": 26.756362, "delta": 0.000436}}
{"target": -12.345281592911183, "params": {"colsample_bytree": 0.565392331190367, "eta": 0.04032235969307902, "gamma": 601.2445725542573, "max_depth": 3.0, "min_child_weight": 4206.537115035964, "num_boost_round": 17.0, "subsample": 0.4449761236439116}, "datetime": {"datetime": "2024-01-20 14:24:20", "elapsed": 26.756695, "delta": 0.000333}}
{"target": -12.34475466069161, "params": {"colsample_bytree": 0.565392331190367, "eta": 0.04032235969307902, "gamma": 601.2445725542573, "max_depth": 3.0, "min_child_weight": 4206.537115035964, "num_boost_round": 18.0, "subsample": 0.4449761236439116}, "datetime": {"datetime": "2024-01-20 14:24:20", "elapsed": 26.757032, "delta": 0.000337}}
{"target": -12.344773751161533, "params": {"colsample_bytree": 0.565392331190367, "eta": 0.04032235969307902, "gamma": 601.2445725542573, "max_depth": 3.0, "min_child_weight": 4206.537115035964, "num_boost_round": 19.0, "subsample": 0.4449761236439116}, "datetime": {"datetime": "2024-01-20 14:24:20", "elapsed": 26.757481, "delta": 0.000449}}
{"target": -12.34458377894985, "params": {"colsample_bytree": 0.565392331190367, "eta": 0.04032235969307902, "gamma": 601.2445725542573, "max_depth": 3.0, "min_child_weight": 4206.537115035964, "num_boost_round": 20.0, "subsample": 0.4449761236439116}, "datetime": {"datetime": "2024-01-20 14:24:20", "elapsed": 26.757818, "delta": 0.000337}}
{"target": -12.344334159732108, "params": {"colsample_bytree": 0.565392331190367, "eta": 0.04032235969307902, "gamma": 601.2445725542573, "max_depth": 3.0, "min_child_weight": 4206.537115035964, "num_boost_round": 21.0, "subsample": 0.4449761236439116}, "datetime": {"datetime": "2024-01-20 14:24:20", "elapsed": 26.758159, "delta": 0.000341}}
{"target": -12.34454211875456, "params": {"colsample_bytree": 0.565392331190367, "eta": 0.04032235969307902, "gamma": 601.2445725542573, "max_depth": 3.0, "min_child_weight": 4206.537115035964, "num_boost_round": 22.0, "subsample": 0.4449761236439116}, "datetime": {"datetime": "2024-01-20 14:24:20", "elapsed": 26.7585, "delta": 0.000341}}
{"target": -12.344059271521962, "params": {"colsample_bytree": 0.565392331190367, "eta": 0.04032235969307902, "gamma": 601.2445725542573, "max_depth": 3.0, "min_child_weight": 4206.537115035964, "num_boost_round": 23.0, "subsample": 0.4449761236439116}, "datetime": {"datetime": "2024-01-20 14:24:20", "elapsed": 26.758839, "delta": 0.000339}}
{"target": -12.34397084205099, "params": {"colsample_bytree": 0.565392331190367, "eta": 0.04032235969307902, "gamma": 601.2445725542573, "max_depth": 3.0, "min_child_weight": 4206.537115035964, "num_boost_round": 24.0, "subsample": 0.4449761236439116}, "datetime": {"datetime": "2024-01-20 14:24:20", "elapsed": 26.75918, "delta": 0.000341}}
{"target": -12.343360175302472, "params": {"colsample_bytree": 0.565392331190367, "eta": 0.04032235969307902, "gamma": 601.2445725542573, "max_depth": 3.0, "min_child_weight": 4206.537115035964, "num_boost_round": 25.0, "subsample": 0.4449761236439116}, "datetime": {"datetime": "2024-01-20 14:24:20", "elapsed": 26.759529, "delta": 0.000349}}
{"target": -12.342967214982014, "params": {"colsample_bytree": 0.565392331190367, "eta": 0.04032235969307902, "gamma": 601.2445725542573, "max_depth": 3.0, "min_child_weight": 4206.537115035964, "num_boost_round": 26.0, "subsample": 0.4449761236439116}, "datetime": {"datetime": "2024-01-20 14:24:20", "elapsed": 26.759973, "delta": 0.000444}}
{"target": -12.343082136796703, "params": {"colsample_bytree": 0.565392331190367, "eta": 0.04032235969307902, "gamma": 601.2445725542573, "max_depth": 3.0, "min_child_weight": 4206.537115035964, "num_boost_round": 27.0, "subsample": 0.4449761236439116}, "datetime": {"datetime": "2024-01-20 14:24:20", "elapsed": 26.760322, "delta": 0.000349}}
{"target": -12.342373451408731, "params": {"colsample_bytree": 0.565392331190367, "eta": 0.04032235969307902, "gamma": 601.2445725542573, "max_depth": 3.0, "min_child_weight": 4206.537115035964, "num_boost_round": 28.0, "subsample": 0.4449761236439116}, "datetime": {"datetime": "2024-01-20 14:24:20", "elapsed": 26.76067, "delta": 0.000348}}
{"target": -12.342125013858416, "params": {"colsample_bytree": 0.565392331190367, "eta": 0.04032235969307902, "gamma": 601.2445725542573, "max_depth": 3.0, "min_child_weight": 4206.537115035964, "num_boost_round": 29.0, "subsample": 0.4449761236439116}, "datetime": {"datetime": "2024-01-20 14:24:20", "elapsed": 26.761199, "delta": 0.000529}}
{"target": -12.341757634876458, "params": {"colsample_bytree": 0.565392331190367, "eta": 0.04032235969307902, "gamma": 601.2445725542573, "max_depth": 3.0, "min_child_weight": 4206.537115035964, "num_boost_round": 30.0, "subsample": 0.4449761236439116}, "datetime": {"datetime": "2024-01-20 14:24:20", "elapsed": 26.761655, "delta": 0.000456}}
{"target": -12.341373933921124, "params": {"colsample_bytree": 0.565392331190367, "eta": 0.04032235969307902, "gamma": 601.2445725542573, "max_depth": 3.0, "min_child_weight": 4206.537115035964, "num_boost_round": 31.0, "subsample": 0.4449761236439116}, "datetime": {"datetime": "2024-01-20 14:24:20", "elapsed": 26.762132, "delta": 0.000477}}
{"target": -12.341668289052155, "params": {"colsample_bytree": 0.565392331190367, "eta": 0.04032235969307902, "gamma": 601.2445725542573, "max_depth": 3.0, "min_child_weight": 4206.537115035964, "num_boost_round": 32.0, "subsample": 0.4449761236439116}, "datetime": {"datetime": "2024-01-20 14:24:20", "elapsed": 26.762509, "delta": 0.000377}}
{"target": -12.34161779785195, "params": {"colsample_bytree": 0.565392331190367, "eta": 0.04032235969307902, "gamma": 601.2445725542573, "max_depth": 3.0, "min_child_weight": 4206.537115035964, "num_boost_round": 33.0, "subsample": 0.4449761236439116}, "datetime": {"datetime": "2024-01-20 14:24:20", "elapsed": 26.762883, "delta": 0.000374}}
{"target": -12.34168106404406, "params": {"colsample_bytree": 0.565392331190367, "eta": 0.04032235969307902, "gamma": 601.2445725542573, "max_depth": 3.0, "min_child_weight": 4206.537115035964, "num_boost_round": 34.0, "subsample": 0.4449761236439116}, "datetime": {"datetime": "2024-01-20 14:24:20", "elapsed": 26.763251, "delta": 0.000368}}
{"target": -12.341530729617258, "params": {"colsample_bytree": 0.565392331190367, "eta": 0.04032235969307902, "gamma": 601.2445725542573, "max_depth": 3.0, "min_child_weight": 4206.537115035964, "num_boost_round": 35.0, "subsample": 0.4449761236439116}, "datetime": {"datetime": "2024-01-20 14:24:20", "elapsed": 26.763642, "delta": 0.000391}}
{"target": -12.34152963083327, "params": {"colsample_bytree": 0.565392331190367, "eta": 0.04032235969307902, "gamma": 601.2445725542573, "max_depth": 3.0, "min_child_weight": 4206.537115035964, "num_boost_round": 36.0, "subsample": 0.4449761236439116}, "datetime": {"datetime": "2024-01-20 14:24:20", "elapsed": 26.764064, "delta": 0.000422}}
{"target": -12.341480824975122, "params": {"colsample_bytree": 0.565392331190367, "eta": 0.04032235969307902, "gamma": 601.2445725542573, "max_depth": 3.0, "min_child_weight": 4206.537115035964, "num_boost_round": 37.0, "subsample": 0.4449761236439116}, "datetime": {"datetime": "2024-01-20 14:24:20", "elapsed": 26.76448, "delta": 0.000416}}
{"target": -12.34150418682291, "params": {"colsample_bytree": 0.565392331190367, "eta": 0.04032235969307902, "gamma": 601.2445725542573, "max_depth": 3.0, "min_child_weight": 4206.537115035964, "num_boost_round": 38.0, "subsample": 0.4449761236439116}, "datetime": {"datetime": "2024-01-20 14:24:20", "elapsed": 26.764889, "delta": 0.000409}}
{"target": -12.341650258312214, "params": {"colsample_bytree": 0.565392331190367, "eta": 0.04032235969307902, "gamma": 601.2445725542573, "max_depth": 3.0, "min_child_weight": 4206.537115035964, "num_boost_round": 39.0, "subsample": 0.4449761236439116}, "datetime": {"datetime": "2024-01-20 14:24:20", "elapsed": 26.765298, "delta": 0.000409}}
{"target": -12.341485085210763, "params": {"colsample_bytree": 0.565392331190367, "eta": 0.04032235969307902, "gamma": 601.2445725542573, "max_depth": 3.0, "min_child_weight": 4206.537115035964, "num_boost_round": 40.0, "subsample": 0.4449761236439116}, "datetime": {"datetime": "2024-01-20 14:24:20", "elapsed": 26.765718, "delta": 0.00042}}
{"target": -12.341043526232605, "params": {"colsample_bytree": 0.565392331190367, "eta": 0.04032235969307902, "gamma": 601.2445725542573, "max_depth": 3.0, "min_child_weight": 4206.537115035964, "num_boost_round": 41.0, "subsample": 0.4449761236439116}, "datetime": {"datetime": "2024-01-20 14:24:20", "elapsed": 26.766118, "delta": 0.0004}}
{"target": -12.340907361268282, "params": {"colsample_bytree": 0.565392331190367, "eta": 0.04032235969307902, "gamma": 601.2445725542573, "max_depth": 3.0, "min_child_weight": 4206.537115035964, "num_boost_round": 42.0, "subsample": 0.4449761236439116}, "datetime": {"datetime": "2024-01-20 14:24:20", "elapsed": 26.766543, "delta": 0.000425}}
{"target": -12.340692393213745, "params": {"colsample_bytree": 0.565392331190367, "eta": 0.04032235969307902, "gamma": 601.2445725542573, "max_depth": 3.0, "min_child_weight": 4206.537115035964, "num_boost_round": 43.0, "subsample": 0.4449761236439116}, "datetime": {"datetime": "2024-01-20 14:24:20", "elapsed": 26.766945, "delta": 0.000402}}
{"target": -12.3407129195921, "params": {"colsample_bytree": 0.565392331190367, "eta": 0.04032235969307902, "gamma": 601.2445725542573, "max_depth": 3.0, "min_child_weight": 4206.537115035964, "num_boost_round": 44.0, "subsample": 0.4449761236439116}, "datetime": {"datetime": "2024-01-20 14:24:20", "elapsed": 26.767355, "delta": 0.00041}}
{"target": -12.340497199933736, "params": {"colsample_bytree": 0.565392331190367, "eta": 0.04032235969307902, "gamma": 601.2445725542573, "max_depth": 3.0, "min_child_weight": 4206.537115035964, "num_boost_round": 45.0, "subsample": 0.4449761236439116}, "datetime": {"datetime": "2024-01-20 14:24:20", "elapsed": 26.767749, "delta": 0.000394}}
{"target": -12.357118257733713, "params": {"colsample_bytree": 0.5299197646733784, "eta": 0.05026513240499038, "gamma": 578.6540557161493, "max_depth": 7.0, "min_child_weight": 4244.724180323109, "num_boost_round": 1.0, "subsample": 0.2578829034006089}, "datetime": {"datetime": "2024-01-20 14:24:44", "elapsed": 50.306184, "delta": 23.538435}}
{"target": -12.355928378878234, "params": {"colsample_bytree": 0.5299197646733784, "eta": 0.05026513240499038, "gamma": 578.6540557161493, "max_depth": 7.0, "min_child_weight": 4244.724180323109, "num_boost_round": 2.0, "subsample": 0.2578829034006089}, "datetime": {"datetime": "2024-01-20 14:24:44", "elapsed": 50.306684, "delta": 0.0005}}
{"target": -12.353009727148052, "params": {"colsample_bytree": 0.5299197646733784, "eta": 0.05026513240499038, "gamma": 578.6540557161493, "max_depth": 7.0, "min_child_weight": 4244.724180323109, "num_boost_round": 3.0, "subsample": 0.2578829034006089}, "datetime": {"datetime": "2024-01-20 14:24:44", "elapsed": 50.307087, "delta": 0.000403}}
{"target": -12.353288276997198, "params": {"colsample_bytree": 0.5299197646733784, "eta": 0.05026513240499038, "gamma": 578.6540557161493, "max_depth": 7.0, "min_child_weight": 4244.724180323109, "num_boost_round": 4.0, "subsample": 0.2578829034006089}, "datetime": {"datetime": "2024-01-20 14:24:44", "elapsed": 50.307475, "delta": 0.000388}}
{"target": -12.351159313010346, "params": {"colsample_bytree": 0.5299197646733784, "eta": 0.05026513240499038, "gamma": 578.6540557161493, "max_depth": 7.0, "min_child_weight": 4244.724180323109, "num_boost_round": 5.0, "subsample": 0.2578829034006089}, "datetime": {"datetime": "2024-01-20 14:24:44", "elapsed": 50.308504, "delta": 0.001029}}
{"target": -12.349358624163324, "params": {"colsample_bytree": 0.5299197646733784, "eta": 0.05026513240499038, "gamma": 578.6540557161493, "max_depth": 7.0, "min_child_weight": 4244.724180323109, "num_boost_round": 6.0, "subsample": 0.2578829034006089}, "datetime": {"datetime": "2024-01-20 14:24:44", "elapsed": 50.309034, "delta": 0.00053}}
{"target": -12.348595154800602, "params": {"colsample_bytree": 0.5299197646733784, "eta": 0.05026513240499038, "gamma": 578.6540557161493, "max_depth": 7.0, "min_child_weight": 4244.724180323109, "num_boost_round": 7.0, "subsample": 0.2578829034006089}, "datetime": {"datetime": "2024-01-20 14:24:44", "elapsed": 50.309431, "delta": 0.000397}}
{"target": -12.347780007279706, "params": {"colsample_bytree": 0.5299197646733784, "eta": 0.05026513240499038, "gamma": 578.6540557161493, "max_depth": 7.0, "min_child_weight": 4244.724180323109, "num_boost_round": 8.0, "subsample": 0.2578829034006089}, "datetime": {"datetime": "2024-01-20 14:24:44", "elapsed": 50.309813, "delta": 0.000382}}
{"target": -12.347943300894466, "params": {"colsample_bytree": 0.5299197646733784, "eta": 0.05026513240499038, "gamma": 578.6540557161493, "max_depth": 7.0, "min_child_weight": 4244.724180323109, "num_boost_round": 9.0, "subsample": 0.2578829034006089}, "datetime": {"datetime": "2024-01-20 14:24:44", "elapsed": 50.310198, "delta": 0.000385}}
{"target": -12.346628448358764, "params": {"colsample_bytree": 0.5299197646733784, "eta": 0.05026513240499038, "gamma": 578.6540557161493, "max_depth": 7.0, "min_child_weight": 4244.724180323109, "num_boost_round": 10.0, "subsample": 0.2578829034006089}, "datetime": {"datetime": "2024-01-20 14:24:44", "elapsed": 50.310578, "delta": 0.00038}}
{"target": -12.345680455455387, "params": {"colsample_bytree": 0.5299197646733784, "eta": 0.05026513240499038, "gamma": 578.6540557161493, "max_depth": 7.0, "min_child_weight": 4244.724180323109, "num_boost_round": 11.0, "subsample": 0.2578829034006089}, "datetime": {"datetime": "2024-01-20 14:24:44", "elapsed": 50.311195, "delta": 0.000617}}
{"target": -12.345180112748377, "params": {"colsample_bytree": 0.5299197646733784, "eta": 0.05026513240499038, "gamma": 578.6540557161493, "max_depth": 7.0, "min_child_weight": 4244.724180323109, "num_boost_round": 12.0, "subsample": 0.2578829034006089}, "datetime": {"datetime": "2024-01-20 14:24:44", "elapsed": 50.311582, "delta": 0.000387}}
{"target": -12.345365626601229, "params": {"colsample_bytree": 0.5299197646733784, "eta": 0.05026513240499038, "gamma": 578.6540557161493, "max_depth": 7.0, "min_child_weight": 4244.724180323109, "num_boost_round": 13.0, "subsample": 0.2578829034006089}, "datetime": {"datetime": "2024-01-20 14:24:44", "elapsed": 50.311968, "delta": 0.000386}}
{"target": -12.345067182023403, "params": {"colsample_bytree": 0.5299197646733784, "eta": 0.05026513240499038, "gamma": 578.6540557161493, "max_depth": 7.0, "min_child_weight": 4244.724180323109, "num_boost_round": 14.0, "subsample": 0.2578829034006089}, "datetime": {"datetime": "2024-01-20 14:24:44", "elapsed": 50.312363, "delta": 0.000395}}
{"target": -12.343599587364613, "params": {"colsample_bytree": 0.5299197646733784, "eta": 0.05026513240499038, "gamma": 578.6540557161493, "max_depth": 7.0, "min_child_weight": 4244.724180323109, "num_boost_round": 15.0, "subsample": 0.2578829034006089}, "datetime": {"datetime": "2024-01-20 14:24:44", "elapsed": 50.31275, "delta": 0.000387}}
{"target": -12.343378991056422, "params": {"colsample_bytree": 0.5299197646733784, "eta": 0.05026513240499038, "gamma": 578.6540557161493, "max_depth": 7.0, "min_child_weight": 4244.724180323109, "num_boost_round": 16.0, "subsample": 0.2578829034006089}, "datetime": {"datetime": "2024-01-20 14:24:44", "elapsed": 50.313145, "delta": 0.000395}}
