{"target": -10.482202348028263, "params": {"colsample_bytree": 0.9699224407666946, "eta": 0.056814633661167846, "gamma": 474.891701643916, "max_depth": 3.0, "min_child_weight": 5087.553298227044, "num_boost_round": 52.0, "subsample": 0.8418073723797223}, "datetime": {"datetime": "2024-01-20 17:25:21", "elapsed": 14413.724332, "delta": 0.007714}}
{"target": -10.482401216708157, "params": {"colsample_bytree": 0.9699224407666946, "eta": 0.056814633661167846, "gamma": 474.891701643916, "max_depth": 3.0, "min_child_weight": 5087.553298227044, "num_boost_round": 53.0, "subsample": 0.8418073723797223}, "datetime": {"datetime": "2024-01-20 17:25:21", "elapsed": 14413.73237, "delta": 0.008038}}
{"target": -10.482468108875278, "params": {"colsample_bytree": 0.9699224407666946, "eta": 0.056814633661167846, "gamma": 474.891701643916, "max_depth": 3.0, "min_child_weight": 5087.553298227044, "num_boost_round": 54.0, "subsample": 0.8418073723797223}, "datetime": {"datetime": "2024-01-20 17:25:21", "elapsed": 14413.740123, "delta": 0.007753}}
{"target": -10.48270847768437, "params": {"colsample_bytree": 0.9699224407666946, "eta": 0.056814633661167846, "gamma": 474.891701643916, "max_depth": 3.0, "min_child_weight": 5087.553298227044, "num_boost_round": 55.0, "subsample": 0.8418073723797223}, "datetime": {"datetime": "2024-01-20 17:25:21", "elapsed": 14413.747847, "delta": 0.007724}}
{"target": -10.48295969393259, "params": {"colsample_bytree": 0.9699224407666946, "eta": 0.056814633661167846, "gamma": 474.891701643916, "max_depth": 3.0, "min_child_weight": 5087.553298227044, "num_boost_round": 56.0, "subsample": 0.8418073723797223}, "datetime": {"datetime": "2024-01-20 17:25:21", "elapsed": 14413.755871, "delta": 0.008024}}
{"target": -10.483236467876258, "params": {"colsample_bytree": 0.9699224407666946, "eta": 0.056814633661167846, "gamma": 474.891701643916, "max_depth": 3.0, "min_child_weight": 5087.553298227044, "num_boost_round": 57.0, "subsample": 0.8418073723797223}, "datetime": {"datetime": "2024-01-20 17:25:21", "elapsed": 14413.763667, "delta": 0.007796}}
{"target": -10.483328829170453, "params": {"colsample_bytree": 0.9699224407666946, "eta": 0.056814633661167846, "gamma": 474.891701643916, "max_depth": 3.0, "min_child_weight": 5087.553298227044, "num_boost_round": 58.0, "subsample": 0.8418073723797223}, "datetime": {"datetime": "2024-01-20 17:25:21", "elapsed": 14413.771354, "delta": 0.007687}}
{"target": -10.483351792915963, "params": {"colsample_bytree": 0.9699224407666946, "eta": 0.056814633661167846, "gamma": 474.891701643916, "max_depth": 3.0, "min_child_weight": 5087.553298227044, "num_boost_round": 59.0, "subsample": 0.8418073723797223}, "datetime": {"datetime": "2024-01-20 17:25:21", "elapsed": 14413.779352, "delta": 0.007998}}
{"target": -10.483606823553464, "params": {"colsample_bytree": 0.9699224407666946, "eta": 0.056814633661167846, "gamma": 474.891701643916, "max_depth": 3.0, "min_child_weight": 5087.553298227044, "num_boost_round": 60.0, "subsample": 0.8418073723797223}, "datetime": {"datetime": "2024-01-20 17:25:21", "elapsed": 14413.787073, "delta": 0.007721}}
{"target": -10.483824201840568, "params": {"colsample_bytree": 0.9699224407666946, "eta": 0.056814633661167846, "gamma": 474.891701643916, "max_depth": 3.0, "min_child_weight": 5087.553298227044, "num_boost_round": 61.0, "subsample": 0.8418073723797223}, "datetime": {"datetime": "2024-01-20 17:25:21", "elapsed": 14413.794783, "delta": 0.00771}}
{"target": -10.484107245838288, "params": {"colsample_bytree": 0.9699224407666946, "eta": 0.056814633661167846, "gamma": 474.891701643916, "max_depth": 3.0, "min_child_weight": 5087.553298227044, "num_boost_round": 62.0, "subsample": 0.8418073723797223}, "datetime": {"datetime": "2024-01-20 17:25:21", "elapsed": 14413.802777, "delta": 0.007994}}
{"target": -10.484274645182332, "params": {"colsample_bytree": 0.9699224407666946, "eta": 0.056814633661167846, "gamma": 474.891701643916, "max_depth": 3.0, "min_child_weight": 5087.553298227044, "num_boost_round": 63.0, "subsample": 0.8418073723797223}, "datetime": {"datetime": "2024-01-20 17:25:21", "elapsed": 14413.810482, "delta": 0.007705}}
{"target": -10.48453416020782, "params": {"colsample_bytree": 0.9699224407666946, "eta": 0.056814633661167846, "gamma": 474.891701643916, "max_depth": 3.0, "min_child_weight": 5087.553298227044, "num_boost_round": 64.0, "subsample": 0.8418073723797223}, "datetime": {"datetime": "2024-01-20 17:25:21", "elapsed": 14413.819582, "delta": 0.0091}}
{"target": -10.484510793027862, "params": {"colsample_bytree": 0.9699224407666946, "eta": 0.056814633661167846, "gamma": 474.891701643916, "max_depth": 3.0, "min_child_weight": 5087.553298227044, "num_boost_round": 65.0, "subsample": 0.8418073723797223}, "datetime": {"datetime": "2024-01-20 17:25:21", "elapsed": 14413.827701, "delta": 0.008119}}
{"target": -10.484719735928998, "params": {"colsample_bytree": 0.9699224407666946, "eta": 0.056814633661167846, "gamma": 474.891701643916, "max_depth": 3.0, "min_child_weight": 5087.553298227044, "num_boost_round": 66.0, "subsample": 0.8418073723797223}, "datetime": {"datetime": "2024-01-20 17:25:21", "elapsed": 14413.836256, "delta": 0.008555}}
{"target": -10.485034221447673, "params": {"colsample_bytree": 0.9699224407666946, "eta": 0.056814633661167846, "gamma": 474.891701643916, "max_depth": 3.0, "min_child_weight": 5087.553298227044, "num_boost_round": 67.0, "subsample": 0.8418073723797223}, "datetime": {"datetime": "2024-01-20 17:25:21", "elapsed": 14413.844892, "delta": 0.008636}}
{"target": -10.485358038315841, "params": {"colsample_bytree": 0.9699224407666946, "eta": 0.056814633661167846, "gamma": 474.891701643916, "max_depth": 3.0, "min_child_weight": 5087.553298227044, "num_boost_round": 68.0, "subsample": 0.8418073723797223}, "datetime": {"datetime": "2024-01-20 17:25:21", "elapsed": 14413.852996, "delta": 0.008104}}
{"target": -10.485456640350282, "params": {"colsample_bytree": 0.9699224407666946, "eta": 0.056814633661167846, "gamma": 474.891701643916, "max_depth": 3.0, "min_child_weight": 5087.553298227044, "num_boost_round": 69.0, "subsample": 0.8418073723797223}, "datetime": {"datetime": "2024-01-20 17:25:21", "elapsed": 14413.860723, "delta": 0.007727}}
{"target": -10.48571840807215, "params": {"colsample_bytree": 0.9699224407666946, "eta": 0.056814633661167846, "gamma": 474.891701643916, "max_depth": 3.0, "min_child_weight": 5087.553298227044, "num_boost_round": 70.0, "subsample": 0.8418073723797223}, "datetime": {"datetime": "2024-01-20 17:25:21", "elapsed": 14413.868351, "delta": 0.007628}}
{"target": -10.485880455275753, "params": {"colsample_bytree": 0.9699224407666946, "eta": 0.056814633661167846, "gamma": 474.891701643916, "max_depth": 3.0, "min_child_weight": 5087.553298227044, "num_boost_round": 71.0, "subsample": 0.8418073723797223}, "datetime": {"datetime": "2024-01-20 17:25:21", "elapsed": 14413.876243, "delta": 0.007892}}
{"target": -10.485918605496867, "params": {"colsample_bytree": 0.9699224407666946, "eta": 0.056814633661167846, "gamma": 474.891701643916, "max_depth": 3.0, "min_child_weight": 5087.553298227044, "num_boost_round": 72.0, "subsample": 0.8418073723797223}, "datetime": {"datetime": "2024-01-20 17:25:21", "elapsed": 14413.883886, "delta": 0.007643}}
{"target": -10.485895751617203, "params": {"colsample_bytree": 0.9699224407666946, "eta": 0.056814633661167846, "gamma": 474.891701643916, "max_depth": 3.0, "min_child_weight": 5087.553298227044, "num_boost_round": 73.0, "subsample": 0.8418073723797223}, "datetime": {"datetime": "2024-01-20 17:25:21", "elapsed": 14413.891594, "delta": 0.007708}}
{"target": -10.486183038173708, "params": {"colsample_bytree": 0.9699224407666946, "eta": 0.056814633661167846, "gamma": 474.891701643916, "max_depth": 3.0, "min_child_weight": 5087.553298227044, "num_boost_round": 74.0, "subsample": 0.8418073723797223}, "datetime": {"datetime": "2024-01-20 17:25:21", "elapsed": 14413.899498, "delta": 0.007904}}
{"target": -10.475824556307789, "params": {"colsample_bytree": 0.6943051042037967, "eta": 0.03144046465341473, "gamma": 375.63432230238834, "max_depth": 5.0, "min_child_weight": 4889.586552818746, "num_boost_round": 1.0, "subsample": 0.89171570222023}, "datetime": {"datetime": "2024-01-20 17:28:43", "elapsed": 14615.367638, "delta": 201.46814}}
{"target": -10.4755095834136, "params": {"colsample_bytree": 0.6943051042037967, "eta": 0.03144046465341473, "gamma": 375.63432230238834, "max_depth": 5.0, "min_child_weight": 4889.586552818746, "num_boost_round": 2.0, "subsample": 0.89171570222023}, "datetime": {"datetime": "2024-01-20 17:28:43", "elapsed": 14615.377067, "delta": 0.009429}}
{"target": -10.475420487400989, "params": {"colsample_bytree": 0.6943051042037967, "eta": 0.03144046465341473, "gamma": 375.63432230238834, "max_depth": 5.0, "min_child_weight": 4889.586552818746, "num_boost_round": 3.0, "subsample": 0.89171570222023}, "datetime": {"datetime": "2024-01-20 17:28:43", "elapsed": 14615.385096, "delta": 0.008029}}
{"target": -10.475025485784368, "params": {"colsample_bytree": 0.6943051042037967, "eta": 0.03144046465341473, "gamma": 375.63432230238834, "max_depth": 5.0, "min_child_weight": 4889.586552818746, "num_boost_round": 4.0, "subsample": 0.89171570222023}, "datetime": {"datetime": "2024-01-20 17:28:43", "elapsed": 14615.393528, "delta": 0.008432}}
{"target": -10.474608332999365, "params": {"colsample_bytree": 0.6943051042037967, "eta": 0.03144046465341473, "gamma": 375.63432230238834, "max_depth": 5.0, "min_child_weight": 4889.586552818746, "num_boost_round": 5.0, "subsample": 0.89171570222023}, "datetime": {"datetime": "2024-01-20 17:28:43", "elapsed": 14615.401307, "delta": 0.007779}}
