{"target": -15.16870464734011, "params": {"colsample_bytree": 0.7104111525019409, "eta": 0.004739143621879756, "gamma": 544.9581299695517, "max_depth": 2.0, "min_child_weight": 4165.565487947842, "num_boost_round": 29.0, "subsample": 0.23617606144722214}, "datetime": {"datetime": "2024-01-20 15:16:05", "elapsed": 3122.8967, "delta": 0.003986}}
{"target": -15.168496535485566, "params": {"colsample_bytree": 0.7104111525019409, "eta": 0.004739143621879756, "gamma": 544.9581299695517, "max_depth": 2.0, "min_child_weight": 4165.565487947842, "num_boost_round": 30.0, "subsample": 0.23617606144722214}, "datetime": {"datetime": "2024-01-20 15:16:05", "elapsed": 3122.905486, "delta": 0.008786}}
{"target": -15.168406117704999, "params": {"colsample_bytree": 0.7104111525019409, "eta": 0.004739143621879756, "gamma": 544.9581299695517, "max_depth": 2.0, "min_child_weight": 4165.565487947842, "num_boost_round": 31.0, "subsample": 0.23617606144722214}, "datetime": {"datetime": "2024-01-20 15:16:05", "elapsed": 3122.909439, "delta": 0.003953}}
{"target": -15.168344190791656, "params": {"colsample_bytree": 0.7104111525019409, "eta": 0.004739143621879756, "gamma": 544.9581299695517, "max_depth": 2.0, "min_child_weight": 4165.565487947842, "num_boost_round": 32.0, "subsample": 0.23617606144722214}, "datetime": {"datetime": "2024-01-20 15:16:05", "elapsed": 3122.913444, "delta": 0.004005}}
{"target": -15.168263725619287, "params": {"colsample_bytree": 0.7104111525019409, "eta": 0.004739143621879756, "gamma": 544.9581299695517, "max_depth": 2.0, "min_child_weight": 4165.565487947842, "num_boost_round": 33.0, "subsample": 0.23617606144722214}, "datetime": {"datetime": "2024-01-20 15:16:05", "elapsed": 3122.91745, "delta": 0.004006}}
{"target": -15.168077662410148, "params": {"colsample_bytree": 0.7104111525019409, "eta": 0.004739143621879756, "gamma": 544.9581299695517, "max_depth": 2.0, "min_child_weight": 4165.565487947842, "num_boost_round": 34.0, "subsample": 0.23617606144722214}, "datetime": {"datetime": "2024-01-20 15:16:05", "elapsed": 3122.921409, "delta": 0.003959}}
{"target": -15.16800558466991, "params": {"colsample_bytree": 0.7104111525019409, "eta": 0.004739143621879756, "gamma": 544.9581299695517, "max_depth": 2.0, "min_child_weight": 4165.565487947842, "num_boost_round": 35.0, "subsample": 0.23617606144722214}, "datetime": {"datetime": "2024-01-20 15:16:05", "elapsed": 3122.925393, "delta": 0.003984}}
{"target": -15.167822072897977, "params": {"colsample_bytree": 0.7104111525019409, "eta": 0.004739143621879756, "gamma": 544.9581299695517, "max_depth": 2.0, "min_child_weight": 4165.565487947842, "num_boost_round": 36.0, "subsample": 0.23617606144722214}, "datetime": {"datetime": "2024-01-20 15:16:05", "elapsed": 3122.929497, "delta": 0.004104}}
{"target": -15.167617997457304, "params": {"colsample_bytree": 0.7104111525019409, "eta": 0.004739143621879756, "gamma": 544.9581299695517, "max_depth": 2.0, "min_child_weight": 4165.565487947842, "num_boost_round": 37.0, "subsample": 0.23617606144722214}, "datetime": {"datetime": "2024-01-20 15:16:05", "elapsed": 3122.933706, "delta": 0.004209}}
{"target": -15.16754079066265, "params": {"colsample_bytree": 0.7104111525019409, "eta": 0.004739143621879756, "gamma": 544.9581299695517, "max_depth": 2.0, "min_child_weight": 4165.565487947842, "num_boost_round": 38.0, "subsample": 0.23617606144722214}, "datetime": {"datetime": "2024-01-20 15:16:05", "elapsed": 3122.937811, "delta": 0.004105}}
{"target": -15.167359858012674, "params": {"colsample_bytree": 0.7104111525019409, "eta": 0.004739143621879756, "gamma": 544.9581299695517, "max_depth": 2.0, "min_child_weight": 4165.565487947842, "num_boost_round": 39.0, "subsample": 0.23617606144722214}, "datetime": {"datetime": "2024-01-20 15:16:05", "elapsed": 3122.941926, "delta": 0.004115}}
{"target": -15.167277341691964, "params": {"colsample_bytree": 0.7104111525019409, "eta": 0.004739143621879756, "gamma": 544.9581299695517, "max_depth": 2.0, "min_child_weight": 4165.565487947842, "num_boost_round": 40.0, "subsample": 0.23617606144722214}, "datetime": {"datetime": "2024-01-20 15:16:05", "elapsed": 3122.94611, "delta": 0.004184}}
{"target": -15.167096841710755, "params": {"colsample_bytree": 0.7104111525019409, "eta": 0.004739143621879756, "gamma": 544.9581299695517, "max_depth": 2.0, "min_child_weight": 4165.565487947842, "num_boost_round": 41.0, "subsample": 0.23617606144722214}, "datetime": {"datetime": "2024-01-20 15:16:05", "elapsed": 3122.950438, "delta": 0.004328}}
{"target": -15.166917274233228, "params": {"colsample_bytree": 0.7104111525019409, "eta": 0.004739143621879756, "gamma": 544.9581299695517, "max_depth": 2.0, "min_child_weight": 4165.565487947842, "num_boost_round": 42.0, "subsample": 0.23617606144722214}, "datetime": {"datetime": "2024-01-20 15:16:05", "elapsed": 3122.954763, "delta": 0.004325}}
{"target": -15.166843228375434, "params": {"colsample_bytree": 0.7104111525019409, "eta": 0.004739143621879756, "gamma": 544.9581299695517, "max_depth": 2.0, "min_child_weight": 4165.565487947842, "num_boost_round": 43.0, "subsample": 0.23617606144722214}, "datetime": {"datetime": "2024-01-20 15:16:05", "elapsed": 3122.959072, "delta": 0.004309}}
{"target": -15.16675474460245, "params": {"colsample_bytree": 0.7104111525019409, "eta": 0.004739143621879756, "gamma": 544.9581299695517, "max_depth": 2.0, "min_child_weight": 4165.565487947842, "num_boost_round": 44.0, "subsample": 0.23617606144722214}, "datetime": {"datetime": "2024-01-20 15:16:05", "elapsed": 3122.963244, "delta": 0.004172}}
{"target": -15.16675465430216, "params": {"colsample_bytree": 0.7104111525019409, "eta": 0.004739143621879756, "gamma": 544.9581299695517, "max_depth": 2.0, "min_child_weight": 4165.565487947842, "num_boost_round": 45.0, "subsample": 0.23617606144722214}, "datetime": {"datetime": "2024-01-20 15:16:05", "elapsed": 3122.967391, "delta": 0.004147}}
{"target": -15.171376667988106, "params": {"colsample_bytree": 0.4627848804803708, "eta": 0.07039864951852887, "gamma": 507.83581251227696, "max_depth": 8.0, "min_child_weight": 4331.638470452712, "num_boost_round": 1.0, "subsample": 0.696259401906821}, "datetime": {"datetime": "2024-01-20 15:16:53", "elapsed": 3170.451914, "delta": 47.484523}}
{"target": -15.169621184621633, "params": {"colsample_bytree": 0.4627848804803708, "eta": 0.07039864951852887, "gamma": 507.83581251227696, "max_depth": 8.0, "min_child_weight": 4331.638470452712, "num_boost_round": 2.0, "subsample": 0.696259401906821}, "datetime": {"datetime": "2024-01-20 15:16:53", "elapsed": 3170.456976, "delta": 0.005062}}
{"target": -15.167048454468397, "params": {"colsample_bytree": 0.4627848804803708, "eta": 0.07039864951852887, "gamma": 507.83581251227696, "max_depth": 8.0, "min_child_weight": 4331.638470452712, "num_boost_round": 3.0, "subsample": 0.696259401906821}, "datetime": {"datetime": "2024-01-20 15:16:53", "elapsed": 3170.461029, "delta": 0.004053}}
{"target": -15.16673757164035, "params": {"colsample_bytree": 0.4627848804803708, "eta": 0.07039864951852887, "gamma": 507.83581251227696, "max_depth": 8.0, "min_child_weight": 4331.638470452712, "num_boost_round": 4.0, "subsample": 0.696259401906821}, "datetime": {"datetime": "2024-01-20 15:16:53", "elapsed": 3170.465027, "delta": 0.003998}}
{"target": -15.163429788995757, "params": {"colsample_bytree": 0.4627848804803708, "eta": 0.07039864951852887, "gamma": 507.83581251227696, "max_depth": 8.0, "min_child_weight": 4331.638470452712, "num_boost_round": 5.0, "subsample": 0.696259401906821}, "datetime": {"datetime": "2024-01-20 15:16:53", "elapsed": 3170.469073, "delta": 0.004046}}
{"target": -15.161762596664484, "params": {"colsample_bytree": 0.4627848804803708, "eta": 0.07039864951852887, "gamma": 507.83581251227696, "max_depth": 8.0, "min_child_weight": 4331.638470452712, "num_boost_round": 6.0, "subsample": 0.696259401906821}, "datetime": {"datetime": "2024-01-20 15:16:53", "elapsed": 3170.47305, "delta": 0.003977}}
{"target": -15.160251852045675, "params": {"colsample_bytree": 0.4627848804803708, "eta": 0.07039864951852887, "gamma": 507.83581251227696, "max_depth": 8.0, "min_child_weight": 4331.638470452712, "num_boost_round": 7.0, "subsample": 0.696259401906821}, "datetime": {"datetime": "2024-01-20 15:16:53", "elapsed": 3170.476935, "delta": 0.003885}}
{"target": -15.1595710020412, "params": {"colsample_bytree": 0.4627848804803708, "eta": 0.07039864951852887, "gamma": 507.83581251227696, "max_depth": 8.0, "min_child_weight": 4331.638470452712, "num_boost_round": 8.0, "subsample": 0.696259401906821}, "datetime": {"datetime": "2024-01-20 15:16:53", "elapsed": 3170.480976, "delta": 0.004041}}
{"target": -15.158778870430076, "params": {"colsample_bytree": 0.4627848804803708, "eta": 0.07039864951852887, "gamma": 507.83581251227696, "max_depth": 8.0, "min_child_weight": 4331.638470452712, "num_boost_round": 9.0, "subsample": 0.696259401906821}, "datetime": {"datetime": "2024-01-20 15:16:53", "elapsed": 3170.48488, "delta": 0.003904}}
{"target": -15.157513469406876, "params": {"colsample_bytree": 0.4627848804803708, "eta": 0.07039864951852887, "gamma": 507.83581251227696, "max_depth": 8.0, "min_child_weight": 4331.638470452712, "num_boost_round": 10.0, "subsample": 0.696259401906821}, "datetime": {"datetime": "2024-01-20 15:16:53", "elapsed": 3170.488746, "delta": 0.003866}}
{"target": -15.157903922215235, "params": {"colsample_bytree": 0.4627848804803708, "eta": 0.07039864951852887, "gamma": 507.83581251227696, "max_depth": 8.0, "min_child_weight": 4331.638470452712, "num_boost_round": 11.0, "subsample": 0.696259401906821}, "datetime": {"datetime": "2024-01-20 15:16:53", "elapsed": 3170.49298, "delta": 0.004234}}
{"target": -15.15813497605658, "params": {"colsample_bytree": 0.4627848804803708, "eta": 0.07039864951852887, "gamma": 507.83581251227696, "max_depth": 8.0, "min_child_weight": 4331.638470452712, "num_boost_round": 12.0, "subsample": 0.696259401906821}, "datetime": {"datetime": "2024-01-20 15:16:53", "elapsed": 3170.496909, "delta": 0.003929}}
{"target": -15.158688059751317, "params": {"colsample_bytree": 0.4627848804803708, "eta": 0.07039864951852887, "gamma": 507.83581251227696, "max_depth": 8.0, "min_child_weight": 4331.638470452712, "num_boost_round": 13.0, "subsample": 0.696259401906821}, "datetime": {"datetime": "2024-01-20 15:16:53", "elapsed": 3170.500866, "delta": 0.003957}}
{"target": -15.157445771581717, "params": {"colsample_bytree": 0.4627848804803708, "eta": 0.07039864951852887, "gamma": 507.83581251227696, "max_depth": 8.0, "min_child_weight": 4331.638470452712, "num_boost_round": 14.0, "subsample": 0.696259401906821}, "datetime": {"datetime": "2024-01-20 15:16:53", "elapsed": 3170.504868, "delta": 0.004002}}
{"target": -15.156827290920132, "params": {"colsample_bytree": 0.4627848804803708, "eta": 0.07039864951852887, "gamma": 507.83581251227696, "max_depth": 8.0, "min_child_weight": 4331.638470452712, "num_boost_round": 15.0, "subsample": 0.696259401906821}, "datetime": {"datetime": "2024-01-20 15:16:53", "elapsed": 3170.508679, "delta": 0.003811}}
{"target": -15.158147392934204, "params": {"colsample_bytree": 0.4627848804803708, "eta": 0.07039864951852887, "gamma": 507.83581251227696, "max_depth": 8.0, "min_child_weight": 4331.638470452712, "num_boost_round": 16.0, "subsample": 0.696259401906821}, "datetime": {"datetime": "2024-01-20 15:16:53", "elapsed": 3170.512624, "delta": 0.003945}}
{"target": -15.157933945345524, "params": {"colsample_bytree": 0.4627848804803708, "eta": 0.07039864951852887, "gamma": 507.83581251227696, "max_depth": 8.0, "min_child_weight": 4331.638470452712, "num_boost_round": 17.0, "subsample": 0.696259401906821}, "datetime": {"datetime": "2024-01-20 15:16:53", "elapsed": 3170.516588, "delta": 0.003964}}
{"target": -15.17283432249328, "params": {"colsample_bytree": 0.17691969735388646, "eta": 0.006788864026926925, "gamma": 558.2445023975891, "max_depth": 7.0, "min_child_weight": 4189.738925146747, "num_boost_round": 1.0, "subsample": 0.202279909686011}, "datetime": {"datetime": "2024-01-20 15:18:22", "elapsed": 3259.463742, "delta": 88.947154}}
{"target": -15.172632115184026, "params": {"colsample_bytree": 0.17691969735388646, "eta": 0.006788864026926925, "gamma": 558.2445023975891, "max_depth": 7.0, "min_child_weight": 4189.738925146747, "num_boost_round": 2.0, "subsample": 0.202279909686011}, "datetime": {"datetime": "2024-01-20 15:18:22", "elapsed": 3259.469457, "delta": 0.005715}}
{"target": -15.172431112652317, "params": {"colsample_bytree": 0.17691969735388646, "eta": 0.006788864026926925, "gamma": 558.2445023975891, "max_depth": 7.0, "min_child_weight": 4189.738925146747, "num_boost_round": 3.0, "subsample": 0.202279909686011}, "datetime": {"datetime": "2024-01-20 15:18:22", "elapsed": 3259.474513, "delta": 0.005056}}
{"target": -15.172463078816946, "params": {"colsample_bytree": 0.17691969735388646, "eta": 0.006788864026926925, "gamma": 558.2445023975891, "max_depth": 7.0, "min_child_weight": 4189.738925146747, "num_boost_round": 4.0, "subsample": 0.202279909686011}, "datetime": {"datetime": "2024-01-20 15:18:22", "elapsed": 3259.478902, "delta": 0.004389}}
{"target": -15.172189198105064, "params": {"colsample_bytree": 0.17691969735388646, "eta": 0.006788864026926925, "gamma": 558.2445023975891, "max_depth": 7.0, "min_child_weight": 4189.738925146747, "num_boost_round": 5.0, "subsample": 0.202279909686011}, "datetime": {"datetime": "2024-01-20 15:18:22", "elapsed": 3259.483322, "delta": 0.00442}}
{"target": -15.171990477021051, "params": {"colsample_bytree": 0.17691969735388646, "eta": 0.006788864026926925, "gamma": 558.2445023975891, "max_depth": 7.0, "min_child_weight": 4189.738925146747, "num_boost_round": 6.0, "subsample": 0.202279909686011}, "datetime": {"datetime": "2024-01-20 15:18:22", "elapsed": 3259.487803, "delta": 0.004481}}
{"target": -15.171801677704794, "params": {"colsample_bytree": 0.17691969735388646, "eta": 0.006788864026926925, "gamma": 558.2445023975891, "max_depth": 7.0, "min_child_weight": 4189.738925146747, "num_boost_round": 7.0, "subsample": 0.202279909686011}, "datetime": {"datetime": "2024-01-20 15:18:22", "elapsed": 3259.492318, "delta": 0.004515}}
{"target": -15.171602552014173, "params": {"colsample_bytree": 0.17691969735388646, "eta": 0.006788864026926925, "gamma": 558.2445023975891, "max_depth": 7.0, "min_child_weight": 4189.738925146747, "num_boost_round": 8.0, "subsample": 0.202279909686011}, "datetime": {"datetime": "2024-01-20 15:18:22", "elapsed": 3259.496461, "delta": 0.004143}}
{"target": -15.17156524635928, "params": {"colsample_bytree": 0.17691969735388646, "eta": 0.006788864026926925, "gamma": 558.2445023975891, "max_depth": 7.0, "min_child_weight": 4189.738925146747, "num_boost_round": 9.0, "subsample": 0.202279909686011}, "datetime": {"datetime": "2024-01-20 15:18:22", "elapsed": 3259.500552, "delta": 0.004091}}
{"target": -15.171373564498198, "params": {"colsample_bytree": 0.17691969735388646, "eta": 0.006788864026926925, "gamma": 558.2445023975891, "max_depth": 7.0, "min_child_weight": 4189.738925146747, "num_boost_round": 10.0, "subsample": 0.202279909686011}, "datetime": {"datetime": "2024-01-20 15:18:22", "elapsed": 3259.5045, "delta": 0.003948}}
{"target": -15.171357354475994, "params": {"colsample_bytree": 0.17691969735388646, "eta": 0.006788864026926925, "gamma": 558.2445023975891, "max_depth": 7.0, "min_child_weight": 4189.738925146747, "num_boost_round": 11.0, "subsample": 0.202279909686011}, "datetime": {"datetime": "2024-01-20 15:18:22", "elapsed": 3259.50844, "delta": 0.00394}}
{"target": -15.171314633191887, "params": {"colsample_bytree": 0.17691969735388646, "eta": 0.006788864026926925, "gamma": 558.2445023975891, "max_depth": 7.0, "min_child_weight": 4189.738925146747, "num_boost_round": 12.0, "subsample": 0.202279909686011}, "datetime": {"datetime": "2024-01-20 15:18:22", "elapsed": 3259.512742, "delta": 0.004302}}
{"target": -15.17133058995105, "params": {"colsample_bytree": 0.17691969735388646, "eta": 0.006788864026926925, "gamma": 558.2445023975891, "max_depth": 7.0, "min_child_weight": 4189.738925146747, "num_boost_round": 13.0, "subsample": 0.202279909686011}, "datetime": {"datetime": "2024-01-20 15:18:22", "elapsed": 3259.516687, "delta": 0.003945}}
{"target": -15.171313761731508, "params": {"colsample_bytree": 0.17691969735388646, "eta": 0.006788864026926925, "gamma": 558.2445023975891, "max_depth": 7.0, "min_child_weight": 4189.738925146747, "num_boost_round": 14.0, "subsample": 0.202279909686011}, "datetime": {"datetime": "2024-01-20 15:18:22", "elapsed": 3259.520756, "delta": 0.004069}}
{"target": -15.171299256205224, "params": {"colsample_bytree": 0.17691969735388646, "eta": 0.006788864026926925, "gamma": 558.2445023975891, "max_depth": 7.0, "min_child_weight": 4189.738925146747, "num_boost_round": 15.0, "subsample": 0.202279909686011}, "datetime": {"datetime": "2024-01-20 15:18:22", "elapsed": 3259.525215, "delta": 0.004459}}
{"target": -15.171121037853002, "params": {"colsample_bytree": 0.17691969735388646, "eta": 0.006788864026926925, "gamma": 558.2445023975891, "max_depth": 7.0, "min_child_weight": 4189.738925146747, "num_boost_round": 16.0, "subsample": 0.202279909686011}, "datetime": {"datetime": "2024-01-20 15:18:22", "elapsed": 3259.5297, "delta": 0.004485}}
{"target": -15.170886343744542, "params": {"colsample_bytree": 0.17691969735388646, "eta": 0.006788864026926925, "gamma": 558.2445023975891, "max_depth": 7.0, "min_child_weight": 4189.738925146747, "num_boost_round": 17.0, "subsample": 0.202279909686011}, "datetime": {"datetime": "2024-01-20 15:18:22", "elapsed": 3259.534171, "delta": 0.004471}}
{"target": -15.170857978310574, "params": {"colsample_bytree": 0.17691969735388646, "eta": 0.006788864026926925, "gamma": 558.2445023975891, "max_depth": 7.0, "min_child_weight": 4189.738925146747, "num_boost_round": 18.0, "subsample": 0.202279909686011}, "datetime": {"datetime": "2024-01-20 15:18:22", "elapsed": 3259.538155, "delta": 0.003984}}
{"target": -15.17065767737379, "params": {"colsample_bytree": 0.17691969735388646, "eta": 0.006788864026926925, "gamma": 558.2445023975891, "max_depth": 7.0, "min_child_weight": 4189.738925146747, "num_boost_round": 19.0, "subsample": 0.202279909686011}, "datetime": {"datetime": "2024-01-20 15:18:22", "elapsed": 3259.542289, "delta": 0.004134}}
{"target": -15.170638817153241, "params": {"colsample_bytree": 0.17691969735388646, "eta": 0.006788864026926925, "gamma": 558.2445023975891, "max_depth": 7.0, "min_child_weight": 4189.738925146747, "num_boost_round": 20.0, "subsample": 0.202279909686011}, "datetime": {"datetime": "2024-01-20 15:18:22", "elapsed": 3259.546312, "delta": 0.004023}}
{"target": -15.170476362383024, "params": {"colsample_bytree": 0.17691969735388646, "eta": 0.006788864026926925, "gamma": 558.2445023975891, "max_depth": 7.0, "min_child_weight": 4189.738925146747, "num_boost_round": 21.0, "subsample": 0.202279909686011}, "datetime": {"datetime": "2024-01-20 15:18:22", "elapsed": 3259.550187, "delta": 0.003875}}
{"target": -15.170471862469052, "params": {"colsample_bytree": 0.17691969735388646, "eta": 0.006788864026926925, "gamma": 558.2445023975891, "max_depth": 7.0, "min_child_weight": 4189.738925146747, "num_boost_round": 22.0, "subsample": 0.202279909686011}, "datetime": {"datetime": "2024-01-20 15:18:22", "elapsed": 3259.554299, "delta": 0.004112}}
{"target": -15.170421587112074, "params": {"colsample_bytree": 0.17691969735388646, "eta": 0.006788864026926925, "gamma": 558.2445023975891, "max_depth": 7.0, "min_child_weight": 4189.738925146747, "num_boost_round": 23.0, "subsample": 0.202279909686011}, "datetime": {"datetime": "2024-01-20 15:18:22", "elapsed": 3259.558236, "delta": 0.003937}}
{"target": -15.17041822980048, "params": {"colsample_bytree": 0.17691969735388646, "eta": 0.006788864026926925, "gamma": 558.2445023975891, "max_depth": 7.0, "min_child_weight": 4189.738925146747, "num_boost_round": 24.0, "subsample": 0.202279909686011}, "datetime": {"datetime": "2024-01-20 15:18:22", "elapsed": 3259.562235, "delta": 0.003999}}
{"target": -15.17041661988887, "params": {"colsample_bytree": 0.17691969735388646, "eta": 0.006788864026926925, "gamma": 558.2445023975891, "max_depth": 7.0, "min_child_weight": 4189.738925146747, "num_boost_round": 25.0, "subsample": 0.202279909686011}, "datetime": {"datetime": "2024-01-20 15:18:22", "elapsed": 3259.566123, "delta": 0.003888}}
{"target": -15.170382065219346, "params": {"colsample_bytree": 0.17691969735388646, "eta": 0.006788864026926925, "gamma": 558.2445023975891, "max_depth": 7.0, "min_child_weight": 4189.738925146747, "num_boost_round": 26.0, "subsample": 0.202279909686011}, "datetime": {"datetime": "2024-01-20 15:18:22", "elapsed": 3259.569965, "delta": 0.003842}}
{"target": -15.170183588978066, "params": {"colsample_bytree": 0.17691969735388646, "eta": 0.006788864026926925, "gamma": 558.2445023975891, "max_depth": 7.0, "min_child_weight": 4189.738925146747, "num_boost_round": 27.0, "subsample": 0.202279909686011}, "datetime": {"datetime": "2024-01-20 15:18:22", "elapsed": 3259.573954, "delta": 0.003989}}
{"target": -15.17015925694171, "params": {"colsample_bytree": 0.17691969735388646, "eta": 0.006788864026926925, "gamma": 558.2445023975891, "max_depth": 7.0, "min_child_weight": 4189.738925146747, "num_boost_round": 28.0, "subsample": 0.202279909686011}, "datetime": {"datetime": "2024-01-20 15:18:22", "elapsed": 3259.577884, "delta": 0.00393}}
{"target": -15.170130575182283, "params": {"colsample_bytree": 0.17691969735388646, "eta": 0.006788864026926925, "gamma": 558.2445023975891, "max_depth": 7.0, "min_child_weight": 4189.738925146747, "num_boost_round": 29.0, "subsample": 0.202279909686011}, "datetime": {"datetime": "2024-01-20 15:18:22", "elapsed": 3259.581787, "delta": 0.003903}}
