{"target": -13.742033052733005, "params": {"colsample_bytree": 0.6387038132757878, "eta": 0.026349005357531895, "gamma": 498.4209317239403, "max_depth": 8.0, "min_child_weight": 4492.904415657527, "num_boost_round": 16.0, "subsample": 0.6892553694510879}, "datetime": {"datetime": "2024-01-20 14:28:51", "elapsed": 292.02972, "delta": 0.000517}}
{"target": -13.74295272836263, "params": {"colsample_bytree": 0.6387038132757878, "eta": 0.026349005357531895, "gamma": 498.4209317239403, "max_depth": 8.0, "min_child_weight": 4492.904415657527, "num_boost_round": 17.0, "subsample": 0.6892553694510879}, "datetime": {"datetime": "2024-01-20 14:28:51", "elapsed": 292.030189, "delta": 0.000469}}
{"target": -13.743577412592854, "params": {"colsample_bytree": 0.6387038132757878, "eta": 0.026349005357531895, "gamma": 498.4209317239403, "max_depth": 8.0, "min_child_weight": 4492.904415657527, "num_boost_round": 18.0, "subsample": 0.6892553694510879}, "datetime": {"datetime": "2024-01-20 14:28:51", "elapsed": 292.030657, "delta": 0.000468}}
{"target": -13.74422137119504, "params": {"colsample_bytree": 0.6387038132757878, "eta": 0.026349005357531895, "gamma": 498.4209317239403, "max_depth": 8.0, "min_child_weight": 4492.904415657527, "num_boost_round": 19.0, "subsample": 0.6892553694510879}, "datetime": {"datetime": "2024-01-20 14:28:51", "elapsed": 292.031123, "delta": 0.000466}}
{"target": -13.744880567732626, "params": {"colsample_bytree": 0.6387038132757878, "eta": 0.026349005357531895, "gamma": 498.4209317239403, "max_depth": 8.0, "min_child_weight": 4492.904415657527, "num_boost_round": 20.0, "subsample": 0.6892553694510879}, "datetime": {"datetime": "2024-01-20 14:28:51", "elapsed": 292.031589, "delta": 0.000466}}
{"target": -13.74539778332549, "params": {"colsample_bytree": 0.6387038132757878, "eta": 0.026349005357531895, "gamma": 498.4209317239403, "max_depth": 8.0, "min_child_weight": 4492.904415657527, "num_boost_round": 21.0, "subsample": 0.6892553694510879}, "datetime": {"datetime": "2024-01-20 14:28:51", "elapsed": 292.03205, "delta": 0.000461}}
{"target": -13.746221020261977, "params": {"colsample_bytree": 0.6387038132757878, "eta": 0.026349005357531895, "gamma": 498.4209317239403, "max_depth": 8.0, "min_child_weight": 4492.904415657527, "num_boost_round": 22.0, "subsample": 0.6892553694510879}, "datetime": {"datetime": "2024-01-20 14:28:51", "elapsed": 292.032925, "delta": 0.000875}}
{"target": -13.746900845623106, "params": {"colsample_bytree": 0.6387038132757878, "eta": 0.026349005357531895, "gamma": 498.4209317239403, "max_depth": 8.0, "min_child_weight": 4492.904415657527, "num_boost_round": 23.0, "subsample": 0.6892553694510879}, "datetime": {"datetime": "2024-01-20 14:28:51", "elapsed": 292.033814, "delta": 0.000889}}
{"target": -13.747848614741537, "params": {"colsample_bytree": 0.6387038132757878, "eta": 0.026349005357531895, "gamma": 498.4209317239403, "max_depth": 8.0, "min_child_weight": 4492.904415657527, "num_boost_round": 24.0, "subsample": 0.6892553694510879}, "datetime": {"datetime": "2024-01-20 14:28:51", "elapsed": 292.034527, "delta": 0.000713}}
{"target": -13.748774333285755, "params": {"colsample_bytree": 0.6387038132757878, "eta": 0.026349005357531895, "gamma": 498.4209317239403, "max_depth": 8.0, "min_child_weight": 4492.904415657527, "num_boost_round": 25.0, "subsample": 0.6892553694510879}, "datetime": {"datetime": "2024-01-20 14:28:51", "elapsed": 292.035104, "delta": 0.000577}}
{"target": -13.74957271007759, "params": {"colsample_bytree": 0.6387038132757878, "eta": 0.026349005357531895, "gamma": 498.4209317239403, "max_depth": 8.0, "min_child_weight": 4492.904415657527, "num_boost_round": 26.0, "subsample": 0.6892553694510879}, "datetime": {"datetime": "2024-01-20 14:28:51", "elapsed": 292.035632, "delta": 0.000528}}
{"target": -13.750497715656842, "params": {"colsample_bytree": 0.6387038132757878, "eta": 0.026349005357531895, "gamma": 498.4209317239403, "max_depth": 8.0, "min_child_weight": 4492.904415657527, "num_boost_round": 27.0, "subsample": 0.6892553694510879}, "datetime": {"datetime": "2024-01-20 14:28:51", "elapsed": 292.036206, "delta": 0.000574}}
{"target": -13.751249956638244, "params": {"colsample_bytree": 0.6387038132757878, "eta": 0.026349005357531895, "gamma": 498.4209317239403, "max_depth": 8.0, "min_child_weight": 4492.904415657527, "num_boost_round": 28.0, "subsample": 0.6892553694510879}, "datetime": {"datetime": "2024-01-20 14:28:51", "elapsed": 292.036692, "delta": 0.000486}}
{"target": -13.751725916575067, "params": {"colsample_bytree": 0.6387038132757878, "eta": 0.026349005357531895, "gamma": 498.4209317239403, "max_depth": 8.0, "min_child_weight": 4492.904415657527, "num_boost_round": 29.0, "subsample": 0.6892553694510879}, "datetime": {"datetime": "2024-01-20 14:28:51", "elapsed": 292.03717, "delta": 0.000478}}
{"target": -13.752366497752021, "params": {"colsample_bytree": 0.6387038132757878, "eta": 0.026349005357531895, "gamma": 498.4209317239403, "max_depth": 8.0, "min_child_weight": 4492.904415657527, "num_boost_round": 30.0, "subsample": 0.6892553694510879}, "datetime": {"datetime": "2024-01-20 14:28:51", "elapsed": 292.037655, "delta": 0.000485}}
{"target": -13.753131582804025, "params": {"colsample_bytree": 0.6387038132757878, "eta": 0.026349005357531895, "gamma": 498.4209317239403, "max_depth": 8.0, "min_child_weight": 4492.904415657527, "num_boost_round": 31.0, "subsample": 0.6892553694510879}, "datetime": {"datetime": "2024-01-20 14:28:51", "elapsed": 292.038159, "delta": 0.000504}}
{"target": -13.75440726907759, "params": {"colsample_bytree": 0.6387038132757878, "eta": 0.026349005357531895, "gamma": 498.4209317239403, "max_depth": 8.0, "min_child_weight": 4492.904415657527, "num_boost_round": 32.0, "subsample": 0.6892553694510879}, "datetime": {"datetime": "2024-01-20 14:28:51", "elapsed": 292.038689, "delta": 0.00053}}
{"target": -13.755399955974731, "params": {"colsample_bytree": 0.6387038132757878, "eta": 0.026349005357531895, "gamma": 498.4209317239403, "max_depth": 8.0, "min_child_weight": 4492.904415657527, "num_boost_round": 33.0, "subsample": 0.6892553694510879}, "datetime": {"datetime": "2024-01-20 14:28:51", "elapsed": 292.039214, "delta": 0.000525}}
{"target": -13.75630426899602, "params": {"colsample_bytree": 0.6387038132757878, "eta": 0.026349005357531895, "gamma": 498.4209317239403, "max_depth": 8.0, "min_child_weight": 4492.904415657527, "num_boost_round": 34.0, "subsample": 0.6892553694510879}, "datetime": {"datetime": "2024-01-20 14:28:51", "elapsed": 292.039719, "delta": 0.000505}}
{"target": -13.757007490210292, "params": {"colsample_bytree": 0.6387038132757878, "eta": 0.026349005357531895, "gamma": 498.4209317239403, "max_depth": 8.0, "min_child_weight": 4492.904415657527, "num_boost_round": 35.0, "subsample": 0.6892553694510879}, "datetime": {"datetime": "2024-01-20 14:28:51", "elapsed": 292.040228, "delta": 0.000509}}
{"target": -13.757613375394946, "params": {"colsample_bytree": 0.6387038132757878, "eta": 0.026349005357531895, "gamma": 498.4209317239403, "max_depth": 8.0, "min_child_weight": 4492.904415657527, "num_boost_round": 36.0, "subsample": 0.6892553694510879}, "datetime": {"datetime": "2024-01-20 14:28:51", "elapsed": 292.040734, "delta": 0.000506}}
{"target": -13.758257629219138, "params": {"colsample_bytree": 0.6387038132757878, "eta": 0.026349005357531895, "gamma": 498.4209317239403, "max_depth": 8.0, "min_child_weight": 4492.904415657527, "num_boost_round": 37.0, "subsample": 0.6892553694510879}, "datetime": {"datetime": "2024-01-20 14:28:51", "elapsed": 292.041223, "delta": 0.000489}}
{"target": -13.758751284761427, "params": {"colsample_bytree": 0.6387038132757878, "eta": 0.026349005357531895, "gamma": 498.4209317239403, "max_depth": 8.0, "min_child_weight": 4492.904415657527, "num_boost_round": 38.0, "subsample": 0.6892553694510879}, "datetime": {"datetime": "2024-01-20 14:28:51", "elapsed": 292.041751, "delta": 0.000528}}
{"target": -13.759374733014731, "params": {"colsample_bytree": 0.6387038132757878, "eta": 0.026349005357531895, "gamma": 498.4209317239403, "max_depth": 8.0, "min_child_weight": 4492.904415657527, "num_boost_round": 39.0, "subsample": 0.6892553694510879}, "datetime": {"datetime": "2024-01-20 14:28:51", "elapsed": 292.042288, "delta": 0.000537}}
{"target": -13.73151998378914, "params": {"colsample_bytree": 0.5715035249288111, "eta": 0.03338414657618035, "gamma": 762.8591743237562, "max_depth": 6.0, "min_child_weight": 4180.550579126333, "num_boost_round": 1.0, "subsample": 0.30996516612469854}, "datetime": {"datetime": "2024-01-20 14:29:05", "elapsed": 306.849607, "delta": 14.807319}}
{"target": -13.732067788782697, "params": {"colsample_bytree": 0.5715035249288111, "eta": 0.03338414657618035, "gamma": 762.8591743237562, "max_depth": 6.0, "min_child_weight": 4180.550579126333, "num_boost_round": 2.0, "subsample": 0.30996516612469854}, "datetime": {"datetime": "2024-01-20 14:29:05", "elapsed": 306.850283, "delta": 0.000676}}
{"target": -13.732649447449404, "params": {"colsample_bytree": 0.5715035249288111, "eta": 0.03338414657618035, "gamma": 762.8591743237562, "max_depth": 6.0, "min_child_weight": 4180.550579126333, "num_boost_round": 3.0, "subsample": 0.30996516612469854}, "datetime": {"datetime": "2024-01-20 14:29:05", "elapsed": 306.851153, "delta": 0.00087}}
{"target": -13.733292031848139, "params": {"colsample_bytree": 0.5715035249288111, "eta": 0.03338414657618035, "gamma": 762.8591743237562, "max_depth": 6.0, "min_child_weight": 4180.550579126333, "num_boost_round": 4.0, "subsample": 0.30996516612469854}, "datetime": {"datetime": "2024-01-20 14:29:05", "elapsed": 306.851672, "delta": 0.000519}}
{"target": -13.733971198874372, "params": {"colsample_bytree": 0.5715035249288111, "eta": 0.03338414657618035, "gamma": 762.8591743237562, "max_depth": 6.0, "min_child_weight": 4180.550579126333, "num_boost_round": 5.0, "subsample": 0.30996516612469854}, "datetime": {"datetime": "2024-01-20 14:29:05", "elapsed": 306.852182, "delta": 0.00051}}
{"target": -13.731529599286144, "params": {"colsample_bytree": 0.579039982108939, "eta": 0.0522637854836356, "gamma": 417.66983654765687, "max_depth": 6.0, "min_child_weight": 4384.633093986571, "num_boost_round": 1.0, "subsample": 0.7413320587818574}, "datetime": {"datetime": "2024-01-20 14:29:21", "elapsed": 322.476169, "delta": 15.623987}}
{"target": -13.732331777686927, "params": {"colsample_bytree": 0.579039982108939, "eta": 0.0522637854836356, "gamma": 417.66983654765687, "max_depth": 6.0, "min_child_weight": 4384.633093986571, "num_boost_round": 2.0, "subsample": 0.7413320587818574}, "datetime": {"datetime": "2024-01-20 14:29:21", "elapsed": 322.477138, "delta": 0.000969}}
{"target": -13.7333754592559, "params": {"colsample_bytree": 0.579039982108939, "eta": 0.0522637854836356, "gamma": 417.66983654765687, "max_depth": 6.0, "min_child_weight": 4384.633093986571, "num_boost_round": 3.0, "subsample": 0.7413320587818574}, "datetime": {"datetime": "2024-01-20 14:29:21", "elapsed": 322.477687, "delta": 0.000549}}
{"target": -13.73439180061661, "params": {"colsample_bytree": 0.579039982108939, "eta": 0.0522637854836356, "gamma": 417.66983654765687, "max_depth": 6.0, "min_child_weight": 4384.633093986571, "num_boost_round": 4.0, "subsample": 0.7413320587818574}, "datetime": {"datetime": "2024-01-20 14:29:21", "elapsed": 322.478202, "delta": 0.000515}}
{"target": -13.73608408462136, "params": {"colsample_bytree": 0.579039982108939, "eta": 0.0522637854836356, "gamma": 417.66983654765687, "max_depth": 6.0, "min_child_weight": 4384.633093986571, "num_boost_round": 5.0, "subsample": 0.7413320587818574}, "datetime": {"datetime": "2024-01-20 14:29:21", "elapsed": 322.478716, "delta": 0.000514}}
{"target": -13.737877696498355, "params": {"colsample_bytree": 0.579039982108939, "eta": 0.0522637854836356, "gamma": 417.66983654765687, "max_depth": 6.0, "min_child_weight": 4384.633093986571, "num_boost_round": 6.0, "subsample": 0.7413320587818574}, "datetime": {"datetime": "2024-01-20 14:29:21", "elapsed": 322.479225, "delta": 0.000509}}
{"target": -13.731031409663935, "params": {"colsample_bytree": 0.6092684237464431, "eta": 0.001551192147136512, "gamma": 700.3905522753146, "max_depth": 6.0, "min_child_weight": 4228.679827041975, "num_boost_round": 1.0, "subsample": 0.7447457597258271}, "datetime": {"datetime": "2024-01-20 14:29:38", "elapsed": 339.500702, "delta": 17.021477}}
{"target": -13.731053280537681, "params": {"colsample_bytree": 0.6092684237464431, "eta": 0.001551192147136512, "gamma": 700.3905522753146, "max_depth": 6.0, "min_child_weight": 4228.679827041975, "num_boost_round": 2.0, "subsample": 0.7447457597258271}, "datetime": {"datetime": "2024-01-20 14:29:38", "elapsed": 339.50177, "delta": 0.001068}}
{"target": -13.731078707432683, "params": {"colsample_bytree": 0.6092684237464431, "eta": 0.001551192147136512, "gamma": 700.3905522753146, "max_depth": 6.0, "min_child_weight": 4228.679827041975, "num_boost_round": 3.0, "subsample": 0.7447457597258271}, "datetime": {"datetime": "2024-01-20 14:29:38", "elapsed": 339.502346, "delta": 0.000576}}
{"target": -13.731101370751094, "params": {"colsample_bytree": 0.6092684237464431, "eta": 0.001551192147136512, "gamma": 700.3905522753146, "max_depth": 6.0, "min_child_weight": 4228.679827041975, "num_boost_round": 4.0, "subsample": 0.7447457597258271}, "datetime": {"datetime": "2024-01-20 14:29:38", "elapsed": 339.502905, "delta": 0.000559}}
{"target": -13.731129987216278, "params": {"colsample_bytree": 0.6092684237464431, "eta": 0.001551192147136512, "gamma": 700.3905522753146, "max_depth": 6.0, "min_child_weight": 4228.679827041975, "num_boost_round": 5.0, "subsample": 0.7447457597258271}, "datetime": {"datetime": "2024-01-20 14:29:38", "elapsed": 339.503443, "delta": 0.000538}}
{"target": -13.731151379528928, "params": {"colsample_bytree": 0.6092684237464431, "eta": 0.001551192147136512, "gamma": 700.3905522753146, "max_depth": 6.0, "min_child_weight": 4228.679827041975, "num_boost_round": 6.0, "subsample": 0.7447457597258271}, "datetime": {"datetime": "2024-01-20 14:29:38", "elapsed": 339.503994, "delta": 0.000551}}
{"target": -13.731181500998721, "params": {"colsample_bytree": 0.6092684237464431, "eta": 0.001551192147136512, "gamma": 700.3905522753146, "max_depth": 6.0, "min_child_weight": 4228.679827041975, "num_boost_round": 7.0, "subsample": 0.7447457597258271}, "datetime": {"datetime": "2024-01-20 14:29:38", "elapsed": 339.504542, "delta": 0.000548}}
{"target": -13.731194605812307, "params": {"colsample_bytree": 0.6092684237464431, "eta": 0.001551192147136512, "gamma": 700.3905522753146, "max_depth": 6.0, "min_child_weight": 4228.679827041975, "num_boost_round": 8.0, "subsample": 0.7447457597258271}, "datetime": {"datetime": "2024-01-20 14:29:38", "elapsed": 339.505268, "delta": 0.000726}}
{"target": -13.73120254161412, "params": {"colsample_bytree": 0.6092684237464431, "eta": 0.001551192147136512, "gamma": 700.3905522753146, "max_depth": 6.0, "min_child_weight": 4228.679827041975, "num_boost_round": 9.0, "subsample": 0.7447457597258271}, "datetime": {"datetime": "2024-01-20 14:29:38", "elapsed": 339.505808, "delta": 0.00054}}
{"target": -13.732360838156536, "params": {"colsample_bytree": 0.6567523784969416, "eta": 0.0840559972638541, "gamma": 651.8102468713047, "max_depth": 3.0, "min_child_weight": 4308.087766966158, "num_boost_round": 1.0, "subsample": 0.2453143067992181}, "datetime": {"datetime": "2024-01-20 14:29:53", "elapsed": 353.950058, "delta": 14.44425}}
{"target": -13.73363966176337, "params": {"colsample_bytree": 0.6567523784969416, "eta": 0.0840559972638541, "gamma": 651.8102468713047, "max_depth": 3.0, "min_child_weight": 4308.087766966158, "num_boost_round": 2.0, "subsample": 0.2453143067992181}, "datetime": {"datetime": "2024-01-20 14:29:53", "elapsed": 353.950752, "delta": 0.000694}}
{"target": -13.735100949882916, "params": {"colsample_bytree": 0.6567523784969416, "eta": 0.0840559972638541, "gamma": 651.8102468713047, "max_depth": 3.0, "min_child_weight": 4308.087766966158, "num_boost_round": 3.0, "subsample": 0.2453143067992181}, "datetime": {"datetime": "2024-01-20 14:29:53", "elapsed": 353.951304, "delta": 0.000552}}
{"target": -13.736096946416211, "params": {"colsample_bytree": 0.6567523784969416, "eta": 0.0840559972638541, "gamma": 651.8102468713047, "max_depth": 3.0, "min_child_weight": 4308.087766966158, "num_boost_round": 4.0, "subsample": 0.2453143067992181}, "datetime": {"datetime": "2024-01-20 14:29:53", "elapsed": 353.951848, "delta": 0.000544}}
{"target": -13.737894347164639, "params": {"colsample_bytree": 0.6567523784969416, "eta": 0.0840559972638541, "gamma": 651.8102468713047, "max_depth": 3.0, "min_child_weight": 4308.087766966158, "num_boost_round": 5.0, "subsample": 0.2453143067992181}, "datetime": {"datetime": "2024-01-20 14:29:53", "elapsed": 353.952384, "delta": 0.000536}}
{"target": -13.731391058046839, "params": {"colsample_bytree": 0.20475863875318667, "eta": 0.03824467523362253, "gamma": 784.7026104684853, "max_depth": 3.0, "min_child_weight": 4103.3990571044, "num_boost_round": 1.0, "subsample": 0.4286422377396023}, "datetime": {"datetime": "2024-01-20 14:30:07", "elapsed": 368.213697, "delta": 14.261313}}
{"target": -13.731665845677716, "params": {"colsample_bytree": 0.20475863875318667, "eta": 0.03824467523362253, "gamma": 784.7026104684853, "max_depth": 3.0, "min_child_weight": 4103.3990571044, "num_boost_round": 2.0, "subsample": 0.4286422377396023}, "datetime": {"datetime": "2024-01-20 14:30:07", "elapsed": 368.21626, "delta": 0.002563}}
{"target": -13.731838665746352, "params": {"colsample_bytree": 0.20475863875318667, "eta": 0.03824467523362253, "gamma": 784.7026104684853, "max_depth": 3.0, "min_child_weight": 4103.3990571044, "num_boost_round": 3.0, "subsample": 0.4286422377396023}, "datetime": {"datetime": "2024-01-20 14:30:07", "elapsed": 368.216893, "delta": 0.000633}}
{"target": -13.73208936066532, "params": {"colsample_bytree": 0.20475863875318667, "eta": 0.03824467523362253, "gamma": 784.7026104684853, "max_depth": 3.0, "min_child_weight": 4103.3990571044, "num_boost_round": 4.0, "subsample": 0.4286422377396023}, "datetime": {"datetime": "2024-01-20 14:30:07", "elapsed": 368.21745, "delta": 0.000557}}
{"target": -13.732474995092684, "params": {"colsample_bytree": 0.20475863875318667, "eta": 0.03824467523362253, "gamma": 784.7026104684853, "max_depth": 3.0, "min_child_weight": 4103.3990571044, "num_boost_round": 5.0, "subsample": 0.4286422377396023}, "datetime": {"datetime": "2024-01-20 14:30:07", "elapsed": 368.21801, "delta": 0.00056}}
{"target": -13.731762955719104, "params": {"colsample_bytree": 0.6732514525710113, "eta": 0.07700598717599635, "gamma": 866.3613348326423, "max_depth": 2.0, "min_child_weight": 4152.046016835401, "num_boost_round": 1.0, "subsample": 0.5327154626581216}, "datetime": {"datetime": "2024-01-20 14:30:22", "elapsed": 383.047496, "delta": 14.829486}}
{"target": -13.732880236098405, "params": {"colsample_bytree": 0.6732514525710113, "eta": 0.07700598717599635, "gamma": 866.3613348326423, "max_depth": 2.0, "min_child_weight": 4152.046016835401, "num_boost_round": 2.0, "subsample": 0.5327154626581216}, "datetime": {"datetime": "2024-01-20 14:30:22", "elapsed": 383.048558, "delta": 0.001062}}
{"target": -13.734045058609633, "params": {"colsample_bytree": 0.6732514525710113, "eta": 0.07700598717599635, "gamma": 866.3613348326423, "max_depth": 2.0, "min_child_weight": 4152.046016835401, "num_boost_round": 3.0, "subsample": 0.5327154626581216}, "datetime": {"datetime": "2024-01-20 14:30:22", "elapsed": 383.049119, "delta": 0.000561}}
{"target": -13.735160329266758, "params": {"colsample_bytree": 0.6732514525710113, "eta": 0.07700598717599635, "gamma": 866.3613348326423, "max_depth": 2.0, "min_child_weight": 4152.046016835401, "num_boost_round": 4.0, "subsample": 0.5327154626581216}, "datetime": {"datetime": "2024-01-20 14:30:22", "elapsed": 383.049682, "delta": 0.000563}}
{"target": -13.736178131161497, "params": {"colsample_bytree": 0.6732514525710113, "eta": 0.07700598717599635, "gamma": 866.3613348326423, "max_depth": 2.0, "min_child_weight": 4152.046016835401, "num_boost_round": 5.0, "subsample": 0.5327154626581216}, "datetime": {"datetime": "2024-01-20 14:30:22", "elapsed": 383.050234, "delta": 0.000552}}
{"target": -13.737384000116872, "params": {"colsample_bytree": 0.6732514525710113, "eta": 0.07700598717599635, "gamma": 866.3613348326423, "max_depth": 2.0, "min_child_weight": 4152.046016835401, "num_boost_round": 6.0, "subsample": 0.5327154626581216}, "datetime": {"datetime": "2024-01-20 14:30:22", "elapsed": 383.050835, "delta": 0.000601}}
{"target": -13.738491143396622, "params": {"colsample_bytree": 0.6732514525710113, "eta": 0.07700598717599635, "gamma": 866.3613348326423, "max_depth": 2.0, "min_child_weight": 4152.046016835401, "num_boost_round": 7.0, "subsample": 0.5327154626581216}, "datetime": {"datetime": "2024-01-20 14:30:22", "elapsed": 383.051389, "delta": 0.000554}}
{"target": -13.732236416717114, "params": {"colsample_bytree": 0.47210451727989267, "eta": 0.0804089158312337, "gamma": 475.3118952816986, "max_depth": 2.0, "min_child_weight": 4440.421836570948, "num_boost_round": 1.0, "subsample": 0.47745098383742524}, "datetime": {"datetime": "2024-01-20 14:30:34", "elapsed": 395.795861, "delta": 12.744472}}
{"target": -13.731384010428787, "params": {"colsample_bytree": 0.9674908306659314, "eta": 0.030143763486281776, "gamma": 405.26007832241294, "max_depth": 5.0, "min_child_weight": 4543.930994420663, "num_boost_round": 1.0, "subsample": 0.6892200541055685}, "datetime": {"datetime": "2024-01-20 14:30:48", "elapsed": 409.116486, "delta": 13.320625}}
