{"target": -10.47283811743905, "params": {"colsample_bytree": 0.9856343135029313, "eta": 0.060436303267720565, "gamma": 338.34108281500085, "max_depth": 8.0, "min_child_weight": 4978.063258617706, "num_boost_round": 10.0, "subsample": 0.43240820214321773}, "datetime": {"datetime": "2024-01-20 17:01:40", "elapsed": 12992.556806, "delta": 0.007793}}
{"target": -10.473012998771477, "params": {"colsample_bytree": 0.9856343135029313, "eta": 0.060436303267720565, "gamma": 338.34108281500085, "max_depth": 8.0, "min_child_weight": 4978.063258617706, "num_boost_round": 11.0, "subsample": 0.43240820214321773}, "datetime": {"datetime": "2024-01-20 17:01:40", "elapsed": 12992.564296, "delta": 0.00749}}
{"target": -10.473423582612424, "params": {"colsample_bytree": 0.9856343135029313, "eta": 0.060436303267720565, "gamma": 338.34108281500085, "max_depth": 8.0, "min_child_weight": 4978.063258617706, "num_boost_round": 12.0, "subsample": 0.43240820214321773}, "datetime": {"datetime": "2024-01-20 17:01:40", "elapsed": 12992.571654, "delta": 0.007358}}
{"target": -10.47380681174452, "params": {"colsample_bytree": 0.9856343135029313, "eta": 0.060436303267720565, "gamma": 338.34108281500085, "max_depth": 8.0, "min_child_weight": 4978.063258617706, "num_boost_round": 13.0, "subsample": 0.43240820214321773}, "datetime": {"datetime": "2024-01-20 17:01:40", "elapsed": 12992.578961, "delta": 0.007307}}
{"target": -10.47380465903673, "params": {"colsample_bytree": 0.9856343135029313, "eta": 0.060436303267720565, "gamma": 338.34108281500085, "max_depth": 8.0, "min_child_weight": 4978.063258617706, "num_boost_round": 14.0, "subsample": 0.43240820214321773}, "datetime": {"datetime": "2024-01-20 17:01:40", "elapsed": 12992.586726, "delta": 0.007765}}
{"target": -10.474005407400039, "params": {"colsample_bytree": 0.9856343135029313, "eta": 0.060436303267720565, "gamma": 338.34108281500085, "max_depth": 8.0, "min_child_weight": 4978.063258617706, "num_boost_round": 15.0, "subsample": 0.43240820214321773}, "datetime": {"datetime": "2024-01-20 17:01:40", "elapsed": 12992.594125, "delta": 0.007399}}
{"target": -10.474364401852803, "params": {"colsample_bytree": 0.9856343135029313, "eta": 0.060436303267720565, "gamma": 338.34108281500085, "max_depth": 8.0, "min_child_weight": 4978.063258617706, "num_boost_round": 16.0, "subsample": 0.43240820214321773}, "datetime": {"datetime": "2024-01-20 17:01:40", "elapsed": 12992.601384, "delta": 0.007259}}
{"target": -10.47450257130507, "params": {"colsample_bytree": 0.9856343135029313, "eta": 0.060436303267720565, "gamma": 338.34108281500085, "max_depth": 8.0, "min_child_weight": 4978.063258617706, "num_boost_round": 17.0, "subsample": 0.43240820214321773}, "datetime": {"datetime": "2024-01-20 17:01:40", "elapsed": 12992.608632, "delta": 0.007248}}
{"target": -10.474868149672108, "params": {"colsample_bytree": 0.9856343135029313, "eta": 0.060436303267720565, "gamma": 338.34108281500085, "max_depth": 8.0, "min_child_weight": 4978.063258617706, "num_boost_round": 18.0, "subsample": 0.43240820214321773}, "datetime": {"datetime": "2024-01-20 17:01:40", "elapsed": 12992.616318, "delta": 0.007686}}
{"target": -10.475136354678238, "params": {"colsample_bytree": 0.9856343135029313, "eta": 0.060436303267720565, "gamma": 338.34108281500085, "max_depth": 8.0, "min_child_weight": 4978.063258617706, "num_boost_round": 19.0, "subsample": 0.43240820214321773}, "datetime": {"datetime": "2024-01-20 17:01:40", "elapsed": 12992.623973, "delta": 0.007655}}
{"target": -10.475402244120286, "params": {"colsample_bytree": 0.9856343135029313, "eta": 0.060436303267720565, "gamma": 338.34108281500085, "max_depth": 8.0, "min_child_weight": 4978.063258617706, "num_boost_round": 20.0, "subsample": 0.43240820214321773}, "datetime": {"datetime": "2024-01-20 17:01:40", "elapsed": 12992.631401, "delta": 0.007428}}
{"target": -10.475751411310055, "params": {"colsample_bytree": 0.9856343135029313, "eta": 0.060436303267720565, "gamma": 338.34108281500085, "max_depth": 8.0, "min_child_weight": 4978.063258617706, "num_boost_round": 21.0, "subsample": 0.43240820214321773}, "datetime": {"datetime": "2024-01-20 17:01:40", "elapsed": 12992.638947, "delta": 0.007546}}
{"target": -10.476036143357195, "params": {"colsample_bytree": 0.9856343135029313, "eta": 0.060436303267720565, "gamma": 338.34108281500085, "max_depth": 8.0, "min_child_weight": 4978.063258617706, "num_boost_round": 22.0, "subsample": 0.43240820214321773}, "datetime": {"datetime": "2024-01-20 17:01:40", "elapsed": 12992.646723, "delta": 0.007776}}
{"target": -10.475983792073492, "params": {"colsample_bytree": 0.9856343135029313, "eta": 0.060436303267720565, "gamma": 338.34108281500085, "max_depth": 8.0, "min_child_weight": 4978.063258617706, "num_boost_round": 23.0, "subsample": 0.43240820214321773}, "datetime": {"datetime": "2024-01-20 17:01:40", "elapsed": 12992.654219, "delta": 0.007496}}
{"target": -10.476098257236, "params": {"colsample_bytree": 0.9856343135029313, "eta": 0.060436303267720565, "gamma": 338.34108281500085, "max_depth": 8.0, "min_child_weight": 4978.063258617706, "num_boost_round": 24.0, "subsample": 0.43240820214321773}, "datetime": {"datetime": "2024-01-20 17:01:40", "elapsed": 12992.66154, "delta": 0.007321}}
{"target": -10.476224297596179, "params": {"colsample_bytree": 0.9856343135029313, "eta": 0.060436303267720565, "gamma": 338.34108281500085, "max_depth": 8.0, "min_child_weight": 4978.063258617706, "num_boost_round": 25.0, "subsample": 0.43240820214321773}, "datetime": {"datetime": "2024-01-20 17:01:40", "elapsed": 12992.670526, "delta": 0.008986}}
{"target": -10.476613677282716, "params": {"colsample_bytree": 0.9856343135029313, "eta": 0.060436303267720565, "gamma": 338.34108281500085, "max_depth": 8.0, "min_child_weight": 4978.063258617706, "num_boost_round": 26.0, "subsample": 0.43240820214321773}, "datetime": {"datetime": "2024-01-20 17:01:40", "elapsed": 12992.678896, "delta": 0.00837}}
{"target": -10.476825580806114, "params": {"colsample_bytree": 0.9856343135029313, "eta": 0.060436303267720565, "gamma": 338.34108281500085, "max_depth": 8.0, "min_child_weight": 4978.063258617706, "num_boost_round": 27.0, "subsample": 0.43240820214321773}, "datetime": {"datetime": "2024-01-20 17:01:40", "elapsed": 12992.686474, "delta": 0.007578}}
{"target": -10.477143166887315, "params": {"colsample_bytree": 0.9856343135029313, "eta": 0.060436303267720565, "gamma": 338.34108281500085, "max_depth": 8.0, "min_child_weight": 4978.063258617706, "num_boost_round": 28.0, "subsample": 0.43240820214321773}, "datetime": {"datetime": "2024-01-20 17:01:40", "elapsed": 12992.693857, "delta": 0.007383}}
{"target": -10.477470068624696, "params": {"colsample_bytree": 0.9856343135029313, "eta": 0.060436303267720565, "gamma": 338.34108281500085, "max_depth": 8.0, "min_child_weight": 4978.063258617706, "num_boost_round": 29.0, "subsample": 0.43240820214321773}, "datetime": {"datetime": "2024-01-20 17:01:40", "elapsed": 12992.70115, "delta": 0.007293}}
{"target": -10.477727427196374, "params": {"colsample_bytree": 0.9856343135029313, "eta": 0.060436303267720565, "gamma": 338.34108281500085, "max_depth": 8.0, "min_child_weight": 4978.063258617706, "num_boost_round": 30.0, "subsample": 0.43240820214321773}, "datetime": {"datetime": "2024-01-20 17:01:40", "elapsed": 12992.708891, "delta": 0.007741}}
{"target": -10.478044919090808, "params": {"colsample_bytree": 0.9856343135029313, "eta": 0.060436303267720565, "gamma": 338.34108281500085, "max_depth": 8.0, "min_child_weight": 4978.063258617706, "num_boost_round": 31.0, "subsample": 0.43240820214321773}, "datetime": {"datetime": "2024-01-20 17:01:40", "elapsed": 12992.716261, "delta": 0.00737}}
{"target": -10.478329338594218, "params": {"colsample_bytree": 0.9856343135029313, "eta": 0.060436303267720565, "gamma": 338.34108281500085, "max_depth": 8.0, "min_child_weight": 4978.063258617706, "num_boost_round": 32.0, "subsample": 0.43240820214321773}, "datetime": {"datetime": "2024-01-20 17:01:40", "elapsed": 12992.723784, "delta": 0.007523}}
{"target": -10.476193920045912, "params": {"colsample_bytree": 0.15421436254843462, "eta": 0.09133145821745722, "gamma": 270.2381623192597, "max_depth": 3.0, "min_child_weight": 5058.85056085572, "num_boost_round": 1.0, "subsample": 0.4776264453784902}, "datetime": {"datetime": "2024-01-20 17:04:56", "elapsed": 13188.919765, "delta": 196.195981}}
{"target": -10.476068981747721, "params": {"colsample_bytree": 0.973295536564011, "eta": 0.003515666164549594, "gamma": 359.8258857109444, "max_depth": 6.0, "min_child_weight": 5092.213075191557, "num_boost_round": 1.0, "subsample": 0.3113798161721191}, "datetime": {"datetime": "2024-01-20 17:09:00", "elapsed": 13432.697782, "delta": 243.778017}}
{"target": -10.47600164903001, "params": {"colsample_bytree": 0.973295536564011, "eta": 0.003515666164549594, "gamma": 359.8258857109444, "max_depth": 6.0, "min_child_weight": 5092.213075191557, "num_boost_round": 2.0, "subsample": 0.3113798161721191}, "datetime": {"datetime": "2024-01-20 17:09:00", "elapsed": 13432.725653, "delta": 0.027871}}
{"target": -10.475967018840592, "params": {"colsample_bytree": 0.973295536564011, "eta": 0.003515666164549594, "gamma": 359.8258857109444, "max_depth": 6.0, "min_child_weight": 5092.213075191557, "num_boost_round": 3.0, "subsample": 0.3113798161721191}, "datetime": {"datetime": "2024-01-20 17:09:00", "elapsed": 13432.733278, "delta": 0.007625}}
{"target": -10.475922293125572, "params": {"colsample_bytree": 0.973295536564011, "eta": 0.003515666164549594, "gamma": 359.8258857109444, "max_depth": 6.0, "min_child_weight": 5092.213075191557, "num_boost_round": 4.0, "subsample": 0.3113798161721191}, "datetime": {"datetime": "2024-01-20 17:09:00", "elapsed": 13432.740539, "delta": 0.007261}}
{"target": -10.475864935223441, "params": {"colsample_bytree": 0.973295536564011, "eta": 0.003515666164549594, "gamma": 359.8258857109444, "max_depth": 6.0, "min_child_weight": 5092.213075191557, "num_boost_round": 5.0, "subsample": 0.3113798161721191}, "datetime": {"datetime": "2024-01-20 17:09:00", "elapsed": 13432.748268, "delta": 0.007729}}
{"target": -10.475817342349643, "params": {"colsample_bytree": 0.973295536564011, "eta": 0.003515666164549594, "gamma": 359.8258857109444, "max_depth": 6.0, "min_child_weight": 5092.213075191557, "num_boost_round": 6.0, "subsample": 0.3113798161721191}, "datetime": {"datetime": "2024-01-20 17:09:00", "elapsed": 13432.755873, "delta": 0.007605}}
{"target": -10.475765753760449, "params": {"colsample_bytree": 0.973295536564011, "eta": 0.003515666164549594, "gamma": 359.8258857109444, "max_depth": 6.0, "min_child_weight": 5092.213075191557, "num_boost_round": 7.0, "subsample": 0.3113798161721191}, "datetime": {"datetime": "2024-01-20 17:09:00", "elapsed": 13432.763138, "delta": 0.007265}}
{"target": -10.475706753018626, "params": {"colsample_bytree": 0.973295536564011, "eta": 0.003515666164549594, "gamma": 359.8258857109444, "max_depth": 6.0, "min_child_weight": 5092.213075191557, "num_boost_round": 8.0, "subsample": 0.3113798161721191}, "datetime": {"datetime": "2024-01-20 17:09:00", "elapsed": 13432.770732, "delta": 0.007594}}
{"target": -10.475667705991967, "params": {"colsample_bytree": 0.973295536564011, "eta": 0.003515666164549594, "gamma": 359.8258857109444, "max_depth": 6.0, "min_child_weight": 5092.213075191557, "num_boost_round": 9.0, "subsample": 0.3113798161721191}, "datetime": {"datetime": "2024-01-20 17:09:00", "elapsed": 13432.778456, "delta": 0.007724}}
{"target": -10.475602714977684, "params": {"colsample_bytree": 0.973295536564011, "eta": 0.003515666164549594, "gamma": 359.8258857109444, "max_depth": 6.0, "min_child_weight": 5092.213075191557, "num_boost_round": 10.0, "subsample": 0.3113798161721191}, "datetime": {"datetime": "2024-01-20 17:09:00", "elapsed": 13432.785933, "delta": 0.007477}}
{"target": -10.47555012080031, "params": {"colsample_bytree": 0.973295536564011, "eta": 0.003515666164549594, "gamma": 359.8258857109444, "max_depth": 6.0, "min_child_weight": 5092.213075191557, "num_boost_round": 11.0, "subsample": 0.3113798161721191}, "datetime": {"datetime": "2024-01-20 17:09:00", "elapsed": 13432.793795, "delta": 0.007862}}
{"target": -10.475517718836944, "params": {"colsample_bytree": 0.973295536564011, "eta": 0.003515666164549594, "gamma": 359.8258857109444, "max_depth": 6.0, "min_child_weight": 5092.213075191557, "num_boost_round": 12.0, "subsample": 0.3113798161721191}, "datetime": {"datetime": "2024-01-20 17:09:00", "elapsed": 13432.80098, "delta": 0.007185}}
{"target": -10.475472788850645, "params": {"colsample_bytree": 0.973295536564011, "eta": 0.003515666164549594, "gamma": 359.8258857109444, "max_depth": 6.0, "min_child_weight": 5092.213075191557, "num_boost_round": 13.0, "subsample": 0.3113798161721191}, "datetime": {"datetime": "2024-01-20 17:09:00", "elapsed": 13432.808837, "delta": 0.007857}}
{"target": -10.475419707045273, "params": {"colsample_bytree": 0.973295536564011, "eta": 0.003515666164549594, "gamma": 359.8258857109444, "max_depth": 6.0, "min_child_weight": 5092.213075191557, "num_boost_round": 14.0, "subsample": 0.3113798161721191}, "datetime": {"datetime": "2024-01-20 17:09:00", "elapsed": 13432.816293, "delta": 0.007456}}
{"target": -10.475379597436952, "params": {"colsample_bytree": 0.973295536564011, "eta": 0.003515666164549594, "gamma": 359.8258857109444, "max_depth": 6.0, "min_child_weight": 5092.213075191557, "num_boost_round": 15.0, "subsample": 0.3113798161721191}, "datetime": {"datetime": "2024-01-20 17:09:00", "elapsed": 13432.823453, "delta": 0.00716}}
{"target": -10.475340255648513, "params": {"colsample_bytree": 0.973295536564011, "eta": 0.003515666164549594, "gamma": 359.8258857109444, "max_depth": 6.0, "min_child_weight": 5092.213075191557, "num_boost_round": 16.0, "subsample": 0.3113798161721191}, "datetime": {"datetime": "2024-01-20 17:09:00", "elapsed": 13432.830551, "delta": 0.007098}}
{"target": -10.475307569895985, "params": {"colsample_bytree": 0.973295536564011, "eta": 0.003515666164549594, "gamma": 359.8258857109444, "max_depth": 6.0, "min_child_weight": 5092.213075191557, "num_boost_round": 17.0, "subsample": 0.3113798161721191}, "datetime": {"datetime": "2024-01-20 17:09:00", "elapsed": 13432.838341, "delta": 0.00779}}
{"target": -10.475268593359731, "params": {"colsample_bytree": 0.973295536564011, "eta": 0.003515666164549594, "gamma": 359.8258857109444, "max_depth": 6.0, "min_child_weight": 5092.213075191557, "num_boost_round": 18.0, "subsample": 0.3113798161721191}, "datetime": {"datetime": "2024-01-20 17:09:00", "elapsed": 13432.84578, "delta": 0.007439}}
{"target": -10.47520707777334, "params": {"colsample_bytree": 0.973295536564011, "eta": 0.003515666164549594, "gamma": 359.8258857109444, "max_depth": 6.0, "min_child_weight": 5092.213075191557, "num_boost_round": 19.0, "subsample": 0.3113798161721191}, "datetime": {"datetime": "2024-01-20 17:09:00", "elapsed": 13432.853044, "delta": 0.007264}}
{"target": -10.475162652206723, "params": {"colsample_bytree": 0.973295536564011, "eta": 0.003515666164549594, "gamma": 359.8258857109444, "max_depth": 6.0, "min_child_weight": 5092.213075191557, "num_boost_round": 20.0, "subsample": 0.3113798161721191}, "datetime": {"datetime": "2024-01-20 17:09:00", "elapsed": 13432.860455, "delta": 0.007411}}
{"target": -10.475114112765345, "params": {"colsample_bytree": 0.973295536564011, "eta": 0.003515666164549594, "gamma": 359.8258857109444, "max_depth": 6.0, "min_child_weight": 5092.213075191557, "num_boost_round": 21.0, "subsample": 0.3113798161721191}, "datetime": {"datetime": "2024-01-20 17:09:00", "elapsed": 13432.86824, "delta": 0.007785}}
{"target": -10.475075752335716, "params": {"colsample_bytree": 0.973295536564011, "eta": 0.003515666164549594, "gamma": 359.8258857109444, "max_depth": 6.0, "min_child_weight": 5092.213075191557, "num_boost_round": 22.0, "subsample": 0.3113798161721191}, "datetime": {"datetime": "2024-01-20 17:09:00", "elapsed": 13432.875855, "delta": 0.007615}}
{"target": -10.475025163376731, "params": {"colsample_bytree": 0.973295536564011, "eta": 0.003515666164549594, "gamma": 359.8258857109444, "max_depth": 6.0, "min_child_weight": 5092.213075191557, "num_boost_round": 23.0, "subsample": 0.3113798161721191}, "datetime": {"datetime": "2024-01-20 17:09:00", "elapsed": 13432.899974, "delta": 0.024119}}
{"target": -10.47498654219913, "params": {"colsample_bytree": 0.973295536564011, "eta": 0.003515666164549594, "gamma": 359.8258857109444, "max_depth": 6.0, "min_child_weight": 5092.213075191557, "num_boost_round": 24.0, "subsample": 0.3113798161721191}, "datetime": {"datetime": "2024-01-20 17:09:00", "elapsed": 13432.907722, "delta": 0.007748}}
{"target": -10.474943024852074, "params": {"colsample_bytree": 0.973295536564011, "eta": 0.003515666164549594, "gamma": 359.8258857109444, "max_depth": 6.0, "min_child_weight": 5092.213075191557, "num_boost_round": 25.0, "subsample": 0.3113798161721191}, "datetime": {"datetime": "2024-01-20 17:09:00", "elapsed": 13432.915955, "delta": 0.008233}}
{"target": -10.474907600511036, "params": {"colsample_bytree": 0.973295536564011, "eta": 0.003515666164549594, "gamma": 359.8258857109444, "max_depth": 6.0, "min_child_weight": 5092.213075191557, "num_boost_round": 26.0, "subsample": 0.3113798161721191}, "datetime": {"datetime": "2024-01-20 17:09:00", "elapsed": 13432.923704, "delta": 0.007749}}
{"target": -10.47485779067302, "params": {"colsample_bytree": 0.973295536564011, "eta": 0.003515666164549594, "gamma": 359.8258857109444, "max_depth": 6.0, "min_child_weight": 5092.213075191557, "num_boost_round": 27.0, "subsample": 0.3113798161721191}, "datetime": {"datetime": "2024-01-20 17:09:00", "elapsed": 13432.931283, "delta": 0.007579}}
{"target": -10.474822701871597, "params": {"colsample_bytree": 0.973295536564011, "eta": 0.003515666164549594, "gamma": 359.8258857109444, "max_depth": 6.0, "min_child_weight": 5092.213075191557, "num_boost_round": 28.0, "subsample": 0.3113798161721191}, "datetime": {"datetime": "2024-01-20 17:09:00", "elapsed": 13432.938976, "delta": 0.007693}}
{"target": -10.47476687881396, "params": {"colsample_bytree": 0.973295536564011, "eta": 0.003515666164549594, "gamma": 359.8258857109444, "max_depth": 6.0, "min_child_weight": 5092.213075191557, "num_boost_round": 29.0, "subsample": 0.3113798161721191}, "datetime": {"datetime": "2024-01-20 17:09:00", "elapsed": 13432.947116, "delta": 0.00814}}
{"target": -10.474739727474665, "params": {"colsample_bytree": 0.973295536564011, "eta": 0.003515666164549594, "gamma": 359.8258857109444, "max_depth": 6.0, "min_child_weight": 5092.213075191557, "num_boost_round": 30.0, "subsample": 0.3113798161721191}, "datetime": {"datetime": "2024-01-20 17:09:01", "elapsed": 13433.310201, "delta": 0.363085}}
{"target": -10.474695463208262, "params": {"colsample_bytree": 0.973295536564011, "eta": 0.003515666164549594, "gamma": 359.8258857109444, "max_depth": 6.0, "min_child_weight": 5092.213075191557, "num_boost_round": 31.0, "subsample": 0.3113798161721191}, "datetime": {"datetime": "2024-01-20 17:09:01", "elapsed": 13433.319985, "delta": 0.009784}}
{"target": -10.474666291925413, "params": {"colsample_bytree": 0.973295536564011, "eta": 0.003515666164549594, "gamma": 359.8258857109444, "max_depth": 6.0, "min_child_weight": 5092.213075191557, "num_boost_round": 32.0, "subsample": 0.3113798161721191}, "datetime": {"datetime": "2024-01-20 17:09:01", "elapsed": 13433.328787, "delta": 0.008802}}
{"target": -10.47461808434793, "params": {"colsample_bytree": 0.973295536564011, "eta": 0.003515666164549594, "gamma": 359.8258857109444, "max_depth": 6.0, "min_child_weight": 5092.213075191557, "num_boost_round": 33.0, "subsample": 0.3113798161721191}, "datetime": {"datetime": "2024-01-20 17:09:01", "elapsed": 13433.337754, "delta": 0.008967}}
{"target": -10.474571007180776, "params": {"colsample_bytree": 0.973295536564011, "eta": 0.003515666164549594, "gamma": 359.8258857109444, "max_depth": 6.0, "min_child_weight": 5092.213075191557, "num_boost_round": 34.0, "subsample": 0.3113798161721191}, "datetime": {"datetime": "2024-01-20 17:09:01", "elapsed": 13433.345912, "delta": 0.008158}}
{"target": -10.47454232300083, "params": {"colsample_bytree": 0.973295536564011, "eta": 0.003515666164549594, "gamma": 359.8258857109444, "max_depth": 6.0, "min_child_weight": 5092.213075191557, "num_boost_round": 35.0, "subsample": 0.3113798161721191}, "datetime": {"datetime": "2024-01-20 17:09:01", "elapsed": 13433.354352, "delta": 0.00844}}
{"target": -10.474485737395781, "params": {"colsample_bytree": 0.973295536564011, "eta": 0.003515666164549594, "gamma": 359.8258857109444, "max_depth": 6.0, "min_child_weight": 5092.213075191557, "num_boost_round": 36.0, "subsample": 0.3113798161721191}, "datetime": {"datetime": "2024-01-20 17:09:01", "elapsed": 13433.362255, "delta": 0.007903}}
{"target": -10.474446888585641, "params": {"colsample_bytree": 0.973295536564011, "eta": 0.003515666164549594, "gamma": 359.8258857109444, "max_depth": 6.0, "min_child_weight": 5092.213075191557, "num_boost_round": 37.0, "subsample": 0.3113798161721191}, "datetime": {"datetime": "2024-01-20 17:09:01", "elapsed": 13433.370604, "delta": 0.008349}}
{"target": -10.47441283329572, "params": {"colsample_bytree": 0.973295536564011, "eta": 0.003515666164549594, "gamma": 359.8258857109444, "max_depth": 6.0, "min_child_weight": 5092.213075191557, "num_boost_round": 38.0, "subsample": 0.3113798161721191}, "datetime": {"datetime": "2024-01-20 17:09:01", "elapsed": 13433.37873, "delta": 0.008126}}
{"target": -10.474384743868086, "params": {"colsample_bytree": 0.973295536564011, "eta": 0.003515666164549594, "gamma": 359.8258857109444, "max_depth": 6.0, "min_child_weight": 5092.213075191557, "num_boost_round": 39.0, "subsample": 0.3113798161721191}, "datetime": {"datetime": "2024-01-20 17:09:01", "elapsed": 13433.386648, "delta": 0.007918}}
