{"target": -13.75216190475, "params": {"colsample_bytree": 0.7547549020253661, "eta": 0.0771722555287657, "gamma": 522.3530643943723, "max_depth": 6.0, "min_child_weight": 3702.685305758351, "num_boost_round": 10.0, "subsample": 0.5806185418677939}, "datetime": {"datetime": "2024-01-20 18:17:51", "elapsed": 14032.175782, "delta": 0.003785}}
{"target": -13.75402697587635, "params": {"colsample_bytree": 0.7547549020253661, "eta": 0.0771722555287657, "gamma": 522.3530643943723, "max_depth": 6.0, "min_child_weight": 3702.685305758351, "num_boost_round": 11.0, "subsample": 0.5806185418677939}, "datetime": {"datetime": "2024-01-20 18:17:51", "elapsed": 14032.179658, "delta": 0.003876}}
{"target": -13.755429803001812, "params": {"colsample_bytree": 0.7547549020253661, "eta": 0.0771722555287657, "gamma": 522.3530643943723, "max_depth": 6.0, "min_child_weight": 3702.685305758351, "num_boost_round": 12.0, "subsample": 0.5806185418677939}, "datetime": {"datetime": "2024-01-20 18:17:51", "elapsed": 14032.183553, "delta": 0.003895}}
{"target": -13.757739441196033, "params": {"colsample_bytree": 0.7547549020253661, "eta": 0.0771722555287657, "gamma": 522.3530643943723, "max_depth": 6.0, "min_child_weight": 3702.685305758351, "num_boost_round": 13.0, "subsample": 0.5806185418677939}, "datetime": {"datetime": "2024-01-20 18:17:51", "elapsed": 14032.187352, "delta": 0.003799}}
{"target": -13.759936482675165, "params": {"colsample_bytree": 0.7547549020253661, "eta": 0.0771722555287657, "gamma": 522.3530643943723, "max_depth": 6.0, "min_child_weight": 3702.685305758351, "num_boost_round": 14.0, "subsample": 0.5806185418677939}, "datetime": {"datetime": "2024-01-20 18:17:51", "elapsed": 14032.191102, "delta": 0.00375}}
{"target": -13.761880409500396, "params": {"colsample_bytree": 0.7547549020253661, "eta": 0.0771722555287657, "gamma": 522.3530643943723, "max_depth": 6.0, "min_child_weight": 3702.685305758351, "num_boost_round": 15.0, "subsample": 0.5806185418677939}, "datetime": {"datetime": "2024-01-20 18:17:51", "elapsed": 14032.194914, "delta": 0.003812}}
{"target": -13.763138609346765, "params": {"colsample_bytree": 0.7547549020253661, "eta": 0.0771722555287657, "gamma": 522.3530643943723, "max_depth": 6.0, "min_child_weight": 3702.685305758351, "num_boost_round": 16.0, "subsample": 0.5806185418677939}, "datetime": {"datetime": "2024-01-20 18:17:51", "elapsed": 14032.198806, "delta": 0.003892}}
{"target": -13.76440885937332, "params": {"colsample_bytree": 0.7547549020253661, "eta": 0.0771722555287657, "gamma": 522.3530643943723, "max_depth": 6.0, "min_child_weight": 3702.685305758351, "num_boost_round": 17.0, "subsample": 0.5806185418677939}, "datetime": {"datetime": "2024-01-20 18:17:51", "elapsed": 14032.202569, "delta": 0.003763}}
{"target": -13.765363268428615, "params": {"colsample_bytree": 0.7547549020253661, "eta": 0.0771722555287657, "gamma": 522.3530643943723, "max_depth": 6.0, "min_child_weight": 3702.685305758351, "num_boost_round": 18.0, "subsample": 0.5806185418677939}, "datetime": {"datetime": "2024-01-20 18:17:51", "elapsed": 14032.206397, "delta": 0.003828}}
{"target": -13.731497607925133, "params": {"colsample_bytree": 0.5995244009099512, "eta": 0.040209925390086027, "gamma": 433.5360278484652, "max_depth": 2.0, "min_child_weight": 4798.038611269205, "num_boost_round": 1.0, "subsample": 0.40726227678436355}, "datetime": {"datetime": "2024-01-20 18:18:30", "elapsed": 14071.466743, "delta": 39.260346}}
{"target": -13.731598516399186, "params": {"colsample_bytree": 0.9355081284111801, "eta": 0.04377534914274766, "gamma": 275.36912697313954, "max_depth": 3.0, "min_child_weight": 4159.539660257203, "num_boost_round": 1.0, "subsample": 0.8351180128160276}, "datetime": {"datetime": "2024-01-20 18:19:13", "elapsed": 14114.589887, "delta": 43.123144}}
{"target": -13.732354768206998, "params": {"colsample_bytree": 0.9355081284111801, "eta": 0.04377534914274766, "gamma": 275.36912697313954, "max_depth": 3.0, "min_child_weight": 4159.539660257203, "num_boost_round": 2.0, "subsample": 0.8351180128160276}, "datetime": {"datetime": "2024-01-20 18:19:13", "elapsed": 14114.595008, "delta": 0.005121}}
{"target": -13.731355412532189, "params": {"colsample_bytree": 0.9575353753989403, "eta": 0.01986912354088891, "gamma": 851.4078719083878, "max_depth": 5.0, "min_child_weight": 4239.450728351025, "num_boost_round": 1.0, "subsample": 0.4242835194054291}, "datetime": {"datetime": "2024-01-20 18:19:51", "elapsed": 14152.37823, "delta": 37.783222}}
{"target": -13.731693851705266, "params": {"colsample_bytree": 0.9575353753989403, "eta": 0.01986912354088891, "gamma": 851.4078719083878, "max_depth": 5.0, "min_child_weight": 4239.450728351025, "num_boost_round": 2.0, "subsample": 0.4242835194054291}, "datetime": {"datetime": "2024-01-20 18:19:51", "elapsed": 14152.38278, "delta": 0.00455}}
{"target": -13.732711304680894, "params": {"colsample_bytree": 0.9914586718436876, "eta": 0.07167318951430185, "gamma": 886.3155475808238, "max_depth": 8.0, "min_child_weight": 4642.664134032898, "num_boost_round": 1.0, "subsample": 0.5418401707258824}, "datetime": {"datetime": "2024-01-20 18:20:33", "elapsed": 14193.944261, "delta": 41.561481}}
{"target": -13.734735422004704, "params": {"colsample_bytree": 0.9914586718436876, "eta": 0.07167318951430185, "gamma": 886.3155475808238, "max_depth": 8.0, "min_child_weight": 4642.664134032898, "num_boost_round": 2.0, "subsample": 0.5418401707258824}, "datetime": {"datetime": "2024-01-20 18:20:33", "elapsed": 14193.949415, "delta": 0.005154}}
{"target": -13.736185548223638, "params": {"colsample_bytree": 0.9914586718436876, "eta": 0.07167318951430185, "gamma": 886.3155475808238, "max_depth": 8.0, "min_child_weight": 4642.664134032898, "num_boost_round": 3.0, "subsample": 0.5418401707258824}, "datetime": {"datetime": "2024-01-20 18:20:33", "elapsed": 14193.953693, "delta": 0.004278}}
{"target": -13.738447312394836, "params": {"colsample_bytree": 0.9914586718436876, "eta": 0.07167318951430185, "gamma": 886.3155475808238, "max_depth": 8.0, "min_child_weight": 4642.664134032898, "num_boost_round": 4.0, "subsample": 0.5418401707258824}, "datetime": {"datetime": "2024-01-20 18:20:33", "elapsed": 14193.957826, "delta": 0.004133}}
{"target": -13.741301862479109, "params": {"colsample_bytree": 0.9914586718436876, "eta": 0.07167318951430185, "gamma": 886.3155475808238, "max_depth": 8.0, "min_child_weight": 4642.664134032898, "num_boost_round": 5.0, "subsample": 0.5418401707258824}, "datetime": {"datetime": "2024-01-20 18:20:33", "elapsed": 14193.961624, "delta": 0.003798}}
{"target": -13.73221708877196, "params": {"colsample_bytree": 0.9450712742643896, "eta": 0.0805918549614935, "gamma": 466.0189685369115, "max_depth": 4.0, "min_child_weight": 4859.907634242559, "num_boost_round": 1.0, "subsample": 0.1868946635668548}, "datetime": {"datetime": "2024-01-20 18:21:15", "elapsed": 14236.326751, "delta": 42.365127}}
{"target": -13.731231802690747, "params": {"colsample_bytree": 0.1701299301580399, "eta": 0.031083931642717007, "gamma": 273.1906044925456, "max_depth": 6.0, "min_child_weight": 4116.58156342784, "num_boost_round": 1.0, "subsample": 0.9910348278501038}, "datetime": {"datetime": "2024-01-20 18:21:53", "elapsed": 14274.13743, "delta": 37.810679}}
{"target": -13.731486070842438, "params": {"colsample_bytree": 0.1701299301580399, "eta": 0.031083931642717007, "gamma": 273.1906044925456, "max_depth": 6.0, "min_child_weight": 4116.58156342784, "num_boost_round": 2.0, "subsample": 0.9910348278501038}, "datetime": {"datetime": "2024-01-20 18:21:53", "elapsed": 14274.14248, "delta": 0.00505}}
{"target": -13.732675580069088, "params": {"colsample_bytree": 0.7669608154942067, "eta": 0.06792936388708812, "gamma": 311.8426477569278, "max_depth": 9.0, "min_child_weight": 3923.7857980447793, "num_boost_round": 1.0, "subsample": 0.7886409312519378}, "datetime": {"datetime": "2024-01-20 18:22:22", "elapsed": 14302.906061, "delta": 28.763581}}
{"target": -13.732110660069376, "params": {"colsample_bytree": 0.4947697286999492, "eta": 0.08785911236648247, "gamma": 78.60251600194313, "max_depth": 3.0, "min_child_weight": 3321.7180331622417, "num_boost_round": 1.0, "subsample": 0.4157871584112197}, "datetime": {"datetime": "2024-01-20 18:23:07", "elapsed": 14348.044295, "delta": 45.138234}}
{"target": -13.733229940297676, "params": {"colsample_bytree": 0.4947697286999492, "eta": 0.08785911236648247, "gamma": 78.60251600194313, "max_depth": 3.0, "min_child_weight": 3321.7180331622417, "num_boost_round": 2.0, "subsample": 0.4157871584112197}, "datetime": {"datetime": "2024-01-20 18:23:07", "elapsed": 14348.048714, "delta": 0.004419}}
{"target": -13.734034267790456, "params": {"colsample_bytree": 0.4947697286999492, "eta": 0.08785911236648247, "gamma": 78.60251600194313, "max_depth": 3.0, "min_child_weight": 3321.7180331622417, "num_boost_round": 3.0, "subsample": 0.4157871584112197}, "datetime": {"datetime": "2024-01-20 18:23:07", "elapsed": 14348.052893, "delta": 0.004179}}
{"target": -13.732319941442602, "params": {"colsample_bytree": 0.6106594303742922, "eta": 0.0800373111308297, "gamma": 258.0835098329244, "max_depth": 2.0, "min_child_weight": 4250.112800220091, "num_boost_round": 1.0, "subsample": 0.1761442408208585}, "datetime": {"datetime": "2024-01-20 18:23:52", "elapsed": 14393.607274, "delta": 45.554381}}
{"target": -13.73110857196632, "params": {"colsample_bytree": 0.4956022705783375, "eta": 0.007318828086315127, "gamma": 427.34601850566634, "max_depth": 8.0, "min_child_weight": 4835.91871932594, "num_boost_round": 1.0, "subsample": 0.1161633989763972}, "datetime": {"datetime": "2024-01-20 18:24:35", "elapsed": 14436.510129, "delta": 42.902855}}
{"target": -13.731205260217422, "params": {"colsample_bytree": 0.4956022705783375, "eta": 0.007318828086315127, "gamma": 427.34601850566634, "max_depth": 8.0, "min_child_weight": 4835.91871932594, "num_boost_round": 2.0, "subsample": 0.1161633989763972}, "datetime": {"datetime": "2024-01-20 18:24:35", "elapsed": 14436.516676, "delta": 0.006547}}
{"target": -13.731283314976412, "params": {"colsample_bytree": 0.4956022705783375, "eta": 0.007318828086315127, "gamma": 427.34601850566634, "max_depth": 8.0, "min_child_weight": 4835.91871932594, "num_boost_round": 3.0, "subsample": 0.1161633989763972}, "datetime": {"datetime": "2024-01-20 18:24:35", "elapsed": 14436.521881, "delta": 0.005205}}
{"target": -13.731407412180356, "params": {"colsample_bytree": 0.4956022705783375, "eta": 0.007318828086315127, "gamma": 427.34601850566634, "max_depth": 8.0, "min_child_weight": 4835.91871932594, "num_boost_round": 4.0, "subsample": 0.1161633989763972}, "datetime": {"datetime": "2024-01-20 18:24:35", "elapsed": 14436.527025, "delta": 0.005144}}
{"target": -13.731541835765203, "params": {"colsample_bytree": 0.4956022705783375, "eta": 0.007318828086315127, "gamma": 427.34601850566634, "max_depth": 8.0, "min_child_weight": 4835.91871932594, "num_boost_round": 5.0, "subsample": 0.1161633989763972}, "datetime": {"datetime": "2024-01-20 18:24:35", "elapsed": 14436.53191, "delta": 0.004885}}
{"target": -13.731650561252511, "params": {"colsample_bytree": 0.4956022705783375, "eta": 0.007318828086315127, "gamma": 427.34601850566634, "max_depth": 8.0, "min_child_weight": 4835.91871932594, "num_boost_round": 6.0, "subsample": 0.1161633989763972}, "datetime": {"datetime": "2024-01-20 18:24:35", "elapsed": 14436.536469, "delta": 0.004559}}
{"target": -13.731731365183741, "params": {"colsample_bytree": 0.4956022705783375, "eta": 0.007318828086315127, "gamma": 427.34601850566634, "max_depth": 8.0, "min_child_weight": 4835.91871932594, "num_boost_round": 7.0, "subsample": 0.1161633989763972}, "datetime": {"datetime": "2024-01-20 18:24:35", "elapsed": 14436.541727, "delta": 0.005258}}
{"target": -13.73184855558139, "params": {"colsample_bytree": 0.13653342804258642, "eta": 0.09078430826204746, "gamma": 728.7012338687513, "max_depth": 9.0, "min_child_weight": 4032.3803137169534, "num_boost_round": 1.0, "subsample": 0.17111973820770687}, "datetime": {"datetime": "2024-01-20 18:25:14", "elapsed": 14474.966304, "delta": 38.424577}}
{"target": -13.732443172350031, "params": {"colsample_bytree": 0.13653342804258642, "eta": 0.09078430826204746, "gamma": 728.7012338687513, "max_depth": 9.0, "min_child_weight": 4032.3803137169534, "num_boost_round": 2.0, "subsample": 0.17111973820770687}, "datetime": {"datetime": "2024-01-20 18:25:14", "elapsed": 14474.971552, "delta": 0.005248}}
{"target": -13.731488765208507, "params": {"colsample_bytree": 0.9120027453807342, "eta": 0.024234797200463544, "gamma": 300.32574374028974, "max_depth": 7.0, "min_child_weight": 4061.3819881793243, "num_boost_round": 1.0, "subsample": 0.6299246854239184}, "datetime": {"datetime": "2024-01-20 18:26:04", "elapsed": 14525.148392, "delta": 50.17684}}
{"target": -13.731973154231587, "params": {"colsample_bytree": 0.9120027453807342, "eta": 0.024234797200463544, "gamma": 300.32574374028974, "max_depth": 7.0, "min_child_weight": 4061.3819881793243, "num_boost_round": 2.0, "subsample": 0.6299246854239184}, "datetime": {"datetime": "2024-01-20 18:26:04", "elapsed": 14525.153061, "delta": 0.004669}}
{"target": -13.732357503926064, "params": {"colsample_bytree": 0.3517110990240673, "eta": 0.0965217246114874, "gamma": 667.0154469384647, "max_depth": 7.0, "min_child_weight": 3947.559420166776, "num_boost_round": 1.0, "subsample": 0.4299532725023473}, "datetime": {"datetime": "2024-01-20 18:26:39", "elapsed": 14560.553206, "delta": 35.400145}}
{"target": -13.733747102817642, "params": {"colsample_bytree": 0.3517110990240673, "eta": 0.0965217246114874, "gamma": 667.0154469384647, "max_depth": 7.0, "min_child_weight": 3947.559420166776, "num_boost_round": 2.0, "subsample": 0.4299532725023473}, "datetime": {"datetime": "2024-01-20 18:26:39", "elapsed": 14560.55918, "delta": 0.005974}}
{"target": -13.734879364958331, "params": {"colsample_bytree": 0.3517110990240673, "eta": 0.0965217246114874, "gamma": 667.0154469384647, "max_depth": 7.0, "min_child_weight": 3947.559420166776, "num_boost_round": 3.0, "subsample": 0.4299532725023473}, "datetime": {"datetime": "2024-01-20 18:26:39", "elapsed": 14560.564731, "delta": 0.005551}}
{"target": -13.736895715767318, "params": {"colsample_bytree": 0.3517110990240673, "eta": 0.0965217246114874, "gamma": 667.0154469384647, "max_depth": 7.0, "min_child_weight": 3947.559420166776, "num_boost_round": 4.0, "subsample": 0.4299532725023473}, "datetime": {"datetime": "2024-01-20 18:26:39", "elapsed": 14560.569623, "delta": 0.004892}}
{"target": -13.732394102809788, "params": {"colsample_bytree": 0.7697884539088318, "eta": 0.08624287995252208, "gamma": 149.26931254473763, "max_depth": 4.0, "min_child_weight": 4923.970633232208, "num_boost_round": 1.0, "subsample": 0.23707243006595086}, "datetime": {"datetime": "2024-01-20 18:27:27", "elapsed": 14608.155488, "delta": 47.585865}}
{"target": -13.73107518137083, "params": {"colsample_bytree": 0.14333476684610055, "eta": 0.006713935602596936, "gamma": 548.2322182215033, "max_depth": 5.0, "min_child_weight": 3365.7614729370653, "num_boost_round": 1.0, "subsample": 0.15755786371998612}, "datetime": {"datetime": "2024-01-20 18:28:20", "elapsed": 14661.574297, "delta": 53.418809}}
{"target": -13.7311232844113, "params": {"colsample_bytree": 0.14333476684610055, "eta": 0.006713935602596936, "gamma": 548.2322182215033, "max_depth": 5.0, "min_child_weight": 3365.7614729370653, "num_boost_round": 2.0, "subsample": 0.15755786371998612}, "datetime": {"datetime": "2024-01-20 18:28:20", "elapsed": 14661.579199, "delta": 0.004902}}
{"target": -13.732241324128637, "params": {"colsample_bytree": 0.945433909824992, "eta": 0.05514424419502095, "gamma": 598.8847197050657, "max_depth": 4.0, "min_child_weight": 3413.5040092314694, "num_boost_round": 1.0, "subsample": 0.3546398363833513}, "datetime": {"datetime": "2024-01-20 18:29:25", "elapsed": 14726.858253, "delta": 65.279054}}
{"target": -13.73282014863262, "params": {"colsample_bytree": 0.945433909824992, "eta": 0.05514424419502095, "gamma": 598.8847197050657, "max_depth": 4.0, "min_child_weight": 3413.5040092314694, "num_boost_round": 2.0, "subsample": 0.3546398363833513}, "datetime": {"datetime": "2024-01-20 18:29:25", "elapsed": 14726.863231, "delta": 0.004978}}
{"target": -13.73394620340235, "params": {"colsample_bytree": 0.945433909824992, "eta": 0.05514424419502095, "gamma": 598.8847197050657, "max_depth": 4.0, "min_child_weight": 3413.5040092314694, "num_boost_round": 3.0, "subsample": 0.3546398363833513}, "datetime": {"datetime": "2024-01-20 18:29:25", "elapsed": 14726.867157, "delta": 0.003926}}
{"target": -13.735357454839082, "params": {"colsample_bytree": 0.945433909824992, "eta": 0.05514424419502095, "gamma": 598.8847197050657, "max_depth": 4.0, "min_child_weight": 3413.5040092314694, "num_boost_round": 4.0, "subsample": 0.3546398363833513}, "datetime": {"datetime": "2024-01-20 18:29:25", "elapsed": 14726.871014, "delta": 0.003857}}
{"target": -13.731195100466149, "params": {"colsample_bytree": 0.20698049134338797, "eta": 0.05035143328026375, "gamma": 151.0389730730527, "max_depth": 6.0, "min_child_weight": 3623.392109033305, "num_boost_round": 1.0, "subsample": 0.39436432123086507}, "datetime": {"datetime": "2024-01-20 18:30:17", "elapsed": 14778.054706, "delta": 51.183692}}
{"target": -13.731618816396981, "params": {"colsample_bytree": 0.20698049134338797, "eta": 0.05035143328026375, "gamma": 151.0389730730527, "max_depth": 6.0, "min_child_weight": 3623.392109033305, "num_boost_round": 2.0, "subsample": 0.39436432123086507}, "datetime": {"datetime": "2024-01-20 18:30:17", "elapsed": 14778.059798, "delta": 0.005092}}
{"target": -13.731973637558253, "params": {"colsample_bytree": 0.20698049134338797, "eta": 0.05035143328026375, "gamma": 151.0389730730527, "max_depth": 6.0, "min_child_weight": 3623.392109033305, "num_boost_round": 3.0, "subsample": 0.39436432123086507}, "datetime": {"datetime": "2024-01-20 18:30:17", "elapsed": 14778.063792, "delta": 0.003994}}
{"target": -13.732358682244211, "params": {"colsample_bytree": 0.20698049134338797, "eta": 0.05035143328026375, "gamma": 151.0389730730527, "max_depth": 6.0, "min_child_weight": 3623.392109033305, "num_boost_round": 4.0, "subsample": 0.39436432123086507}, "datetime": {"datetime": "2024-01-20 18:30:17", "elapsed": 14778.067846, "delta": 0.004054}}
{"target": -13.73294160527, "params": {"colsample_bytree": 0.20698049134338797, "eta": 0.05035143328026375, "gamma": 151.0389730730527, "max_depth": 6.0, "min_child_weight": 3623.392109033305, "num_boost_round": 5.0, "subsample": 0.39436432123086507}, "datetime": {"datetime": "2024-01-20 18:30:17", "elapsed": 14778.071708, "delta": 0.003862}}
{"target": -13.7335391224408, "params": {"colsample_bytree": 0.20698049134338797, "eta": 0.05035143328026375, "gamma": 151.0389730730527, "max_depth": 6.0, "min_child_weight": 3623.392109033305, "num_boost_round": 6.0, "subsample": 0.39436432123086507}, "datetime": {"datetime": "2024-01-20 18:30:17", "elapsed": 14778.075788, "delta": 0.00408}}
{"target": -13.73108257817783, "params": {"colsample_bytree": 0.1368770878164704, "eta": 0.021845076777562228, "gamma": 442.5522295763581, "max_depth": 6.0, "min_child_weight": 3841.001475378808, "num_boost_round": 1.0, "subsample": 0.3955371377547865}, "datetime": {"datetime": "2024-01-20 18:30:51", "elapsed": 14812.235197, "delta": 34.159409}}
{"target": -13.73180387224448, "params": {"colsample_bytree": 0.44601899156737357, "eta": 0.061313692255963975, "gamma": 519.036979554061, "max_depth": 5.0, "min_child_weight": 4251.195919240074, "num_boost_round": 1.0, "subsample": 0.1344847419310381}, "datetime": {"datetime": "2024-01-20 18:31:23", "elapsed": 14844.266489, "delta": 32.031292}}
{"target": -13.731190897190901, "params": {"colsample_bytree": 0.6082231591060021, "eta": 0.016388731743501916, "gamma": 293.4779675136936, "max_depth": 3.0, "min_child_weight": 4999.1238743791555, "num_boost_round": 1.0, "subsample": 0.712935321865091}, "datetime": {"datetime": "2024-01-20 18:31:57", "elapsed": 14878.76934, "delta": 34.502851}}
{"target": -13.731445356859727, "params": {"colsample_bytree": 0.6082231591060021, "eta": 0.016388731743501916, "gamma": 293.4779675136936, "max_depth": 3.0, "min_child_weight": 4999.1238743791555, "num_boost_round": 2.0, "subsample": 0.712935321865091}, "datetime": {"datetime": "2024-01-20 18:31:57", "elapsed": 14878.773364, "delta": 0.004024}}
{"target": -13.73235827418777, "params": {"colsample_bytree": 0.6026229784795797, "eta": 0.07262037249209671, "gamma": 331.5922999000745, "max_depth": 4.0, "min_child_weight": 5001.906813123442, "num_boost_round": 1.0, "subsample": 0.48712572848914426}, "datetime": {"datetime": "2024-01-20 18:32:48", "elapsed": 14929.799562, "delta": 51.026198}}
{"target": -13.733249999965395, "params": {"colsample_bytree": 0.6026229784795797, "eta": 0.07262037249209671, "gamma": 331.5922999000745, "max_depth": 4.0, "min_child_weight": 5001.906813123442, "num_boost_round": 2.0, "subsample": 0.48712572848914426}, "datetime": {"datetime": "2024-01-20 18:32:48", "elapsed": 14929.804643, "delta": 0.005081}}
{"target": -13.734407993446705, "params": {"colsample_bytree": 0.6026229784795797, "eta": 0.07262037249209671, "gamma": 331.5922999000745, "max_depth": 4.0, "min_child_weight": 5001.906813123442, "num_boost_round": 3.0, "subsample": 0.48712572848914426}, "datetime": {"datetime": "2024-01-20 18:32:48", "elapsed": 14929.80867, "delta": 0.004027}}
{"target": -13.735949046967619, "params": {"colsample_bytree": 0.6026229784795797, "eta": 0.07262037249209671, "gamma": 331.5922999000745, "max_depth": 4.0, "min_child_weight": 5001.906813123442, "num_boost_round": 4.0, "subsample": 0.48712572848914426}, "datetime": {"datetime": "2024-01-20 18:32:48", "elapsed": 14929.812545, "delta": 0.003875}}
