{"target": -10.32674117105156, "params": {"colsample_bytree": 0.8719677280702597, "eta": 0.08144140476478089, "gamma": 721.1590105248702, "max_depth": 9.0, "min_child_weight": 4554.669072224912, "num_boost_round": 45.0, "subsample": 0.7546983371275425}, "datetime": {"datetime": "2024-01-20 15:04:02", "elapsed": 6140.096103, "delta": 0.003171}}
{"target": -10.327127938581992, "params": {"colsample_bytree": 0.8719677280702597, "eta": 0.08144140476478089, "gamma": 721.1590105248702, "max_depth": 9.0, "min_child_weight": 4554.669072224912, "num_boost_round": 46.0, "subsample": 0.7546983371275425}, "datetime": {"datetime": "2024-01-20 15:04:02", "elapsed": 6140.107671, "delta": 0.011568}}
{"target": -10.32778222040437, "params": {"colsample_bytree": 0.8719677280702597, "eta": 0.08144140476478089, "gamma": 721.1590105248702, "max_depth": 9.0, "min_child_weight": 4554.669072224912, "num_boost_round": 47.0, "subsample": 0.7546983371275425}, "datetime": {"datetime": "2024-01-20 15:04:02", "elapsed": 6140.110963, "delta": 0.003292}}
{"target": -10.327830202950043, "params": {"colsample_bytree": 0.8719677280702597, "eta": 0.08144140476478089, "gamma": 721.1590105248702, "max_depth": 9.0, "min_child_weight": 4554.669072224912, "num_boost_round": 48.0, "subsample": 0.7546983371275425}, "datetime": {"datetime": "2024-01-20 15:04:02", "elapsed": 6140.114263, "delta": 0.0033}}
{"target": -10.328501011229895, "params": {"colsample_bytree": 0.8719677280702597, "eta": 0.08144140476478089, "gamma": 721.1590105248702, "max_depth": 9.0, "min_child_weight": 4554.669072224912, "num_boost_round": 49.0, "subsample": 0.7546983371275425}, "datetime": {"datetime": "2024-01-20 15:04:02", "elapsed": 6140.117605, "delta": 0.003342}}
{"target": -10.32878718491395, "params": {"colsample_bytree": 0.8719677280702597, "eta": 0.08144140476478089, "gamma": 721.1590105248702, "max_depth": 9.0, "min_child_weight": 4554.669072224912, "num_boost_round": 50.0, "subsample": 0.7546983371275425}, "datetime": {"datetime": "2024-01-20 15:04:02", "elapsed": 6140.120882, "delta": 0.003277}}
{"target": -10.32920022087085, "params": {"colsample_bytree": 0.8719677280702597, "eta": 0.08144140476478089, "gamma": 721.1590105248702, "max_depth": 9.0, "min_child_weight": 4554.669072224912, "num_boost_round": 51.0, "subsample": 0.7546983371275425}, "datetime": {"datetime": "2024-01-20 15:04:02", "elapsed": 6140.12421, "delta": 0.003328}}
{"target": -10.32976155530653, "params": {"colsample_bytree": 0.8719677280702597, "eta": 0.08144140476478089, "gamma": 721.1590105248702, "max_depth": 9.0, "min_child_weight": 4554.669072224912, "num_boost_round": 52.0, "subsample": 0.7546983371275425}, "datetime": {"datetime": "2024-01-20 15:04:02", "elapsed": 6140.127479, "delta": 0.003269}}
{"target": -10.3299124673714, "params": {"colsample_bytree": 0.8719677280702597, "eta": 0.08144140476478089, "gamma": 721.1590105248702, "max_depth": 9.0, "min_child_weight": 4554.669072224912, "num_boost_round": 53.0, "subsample": 0.7546983371275425}, "datetime": {"datetime": "2024-01-20 15:04:02", "elapsed": 6140.13073, "delta": 0.003251}}
{"target": -10.330439332295075, "params": {"colsample_bytree": 0.8719677280702597, "eta": 0.08144140476478089, "gamma": 721.1590105248702, "max_depth": 9.0, "min_child_weight": 4554.669072224912, "num_boost_round": 54.0, "subsample": 0.7546983371275425}, "datetime": {"datetime": "2024-01-20 15:04:02", "elapsed": 6140.134074, "delta": 0.003344}}
{"target": -10.33087947584007, "params": {"colsample_bytree": 0.8719677280702597, "eta": 0.08144140476478089, "gamma": 721.1590105248702, "max_depth": 9.0, "min_child_weight": 4554.669072224912, "num_boost_round": 55.0, "subsample": 0.7546983371275425}, "datetime": {"datetime": "2024-01-20 15:04:02", "elapsed": 6140.137321, "delta": 0.003247}}
{"target": -10.331273521348427, "params": {"colsample_bytree": 0.8719677280702597, "eta": 0.08144140476478089, "gamma": 721.1590105248702, "max_depth": 9.0, "min_child_weight": 4554.669072224912, "num_boost_round": 56.0, "subsample": 0.7546983371275425}, "datetime": {"datetime": "2024-01-20 15:04:02", "elapsed": 6140.140589, "delta": 0.003268}}
{"target": -10.331889628381905, "params": {"colsample_bytree": 0.8719677280702597, "eta": 0.08144140476478089, "gamma": 721.1590105248702, "max_depth": 9.0, "min_child_weight": 4554.669072224912, "num_boost_round": 57.0, "subsample": 0.7546983371275425}, "datetime": {"datetime": "2024-01-20 15:04:02", "elapsed": 6140.143845, "delta": 0.003256}}
{"target": -10.332174279356293, "params": {"colsample_bytree": 0.8719677280702597, "eta": 0.08144140476478089, "gamma": 721.1590105248702, "max_depth": 9.0, "min_child_weight": 4554.669072224912, "num_boost_round": 58.0, "subsample": 0.7546983371275425}, "datetime": {"datetime": "2024-01-20 15:04:02", "elapsed": 6140.147095, "delta": 0.00325}}
{"target": -10.332615887928391, "params": {"colsample_bytree": 0.8719677280702597, "eta": 0.08144140476478089, "gamma": 721.1590105248702, "max_depth": 9.0, "min_child_weight": 4554.669072224912, "num_boost_round": 59.0, "subsample": 0.7546983371275425}, "datetime": {"datetime": "2024-01-20 15:04:02", "elapsed": 6140.150416, "delta": 0.003321}}
{"target": -10.33316195035433, "params": {"colsample_bytree": 0.8719677280702597, "eta": 0.08144140476478089, "gamma": 721.1590105248702, "max_depth": 9.0, "min_child_weight": 4554.669072224912, "num_boost_round": 60.0, "subsample": 0.7546983371275425}, "datetime": {"datetime": "2024-01-20 15:04:02", "elapsed": 6140.153766, "delta": 0.00335}}
{"target": -10.333386300594853, "params": {"colsample_bytree": 0.8719677280702597, "eta": 0.08144140476478089, "gamma": 721.1590105248702, "max_depth": 9.0, "min_child_weight": 4554.669072224912, "num_boost_round": 61.0, "subsample": 0.7546983371275425}, "datetime": {"datetime": "2024-01-20 15:04:02", "elapsed": 6140.157025, "delta": 0.003259}}
{"target": -10.33373592051618, "params": {"colsample_bytree": 0.8719677280702597, "eta": 0.08144140476478089, "gamma": 721.1590105248702, "max_depth": 9.0, "min_child_weight": 4554.669072224912, "num_boost_round": 62.0, "subsample": 0.7546983371275425}, "datetime": {"datetime": "2024-01-20 15:04:02", "elapsed": 6140.160303, "delta": 0.003278}}
{"target": -10.333804671362822, "params": {"colsample_bytree": 0.8719677280702597, "eta": 0.08144140476478089, "gamma": 721.1590105248702, "max_depth": 9.0, "min_child_weight": 4554.669072224912, "num_boost_round": 63.0, "subsample": 0.7546983371275425}, "datetime": {"datetime": "2024-01-20 15:04:02", "elapsed": 6140.163608, "delta": 0.003305}}
{"target": -10.334350591376047, "params": {"colsample_bytree": 0.8719677280702597, "eta": 0.08144140476478089, "gamma": 721.1590105248702, "max_depth": 9.0, "min_child_weight": 4554.669072224912, "num_boost_round": 64.0, "subsample": 0.7546983371275425}, "datetime": {"datetime": "2024-01-20 15:04:02", "elapsed": 6140.166886, "delta": 0.003278}}
{"target": -10.334634500698208, "params": {"colsample_bytree": 0.8719677280702597, "eta": 0.08144140476478089, "gamma": 721.1590105248702, "max_depth": 9.0, "min_child_weight": 4554.669072224912, "num_boost_round": 65.0, "subsample": 0.7546983371275425}, "datetime": {"datetime": "2024-01-20 15:04:02", "elapsed": 6140.170142, "delta": 0.003256}}
{"target": -10.298340169571848, "params": {"colsample_bytree": 0.44124072719512586, "eta": 0.05304453410315649, "gamma": 339.36919492370856, "max_depth": 2.0, "min_child_weight": 3832.687186672831, "num_boost_round": 1.0, "subsample": 0.6125804712422612}, "datetime": {"datetime": "2024-01-20 15:04:45", "elapsed": 6183.545326, "delta": 43.375184}}
{"target": -10.298385032236968, "params": {"colsample_bytree": 0.44124072719512586, "eta": 0.05304453410315649, "gamma": 339.36919492370856, "max_depth": 2.0, "min_child_weight": 3832.687186672831, "num_boost_round": 2.0, "subsample": 0.6125804712422612}, "datetime": {"datetime": "2024-01-20 15:04:45", "elapsed": 6183.555038, "delta": 0.009712}}
{"target": -10.298571554182665, "params": {"colsample_bytree": 0.44124072719512586, "eta": 0.05304453410315649, "gamma": 339.36919492370856, "max_depth": 2.0, "min_child_weight": 3832.687186672831, "num_boost_round": 3.0, "subsample": 0.6125804712422612}, "datetime": {"datetime": "2024-01-20 15:04:45", "elapsed": 6183.561228, "delta": 0.00619}}
{"target": -10.29871476457798, "params": {"colsample_bytree": 0.44124072719512586, "eta": 0.05304453410315649, "gamma": 339.36919492370856, "max_depth": 2.0, "min_child_weight": 3832.687186672831, "num_boost_round": 4.0, "subsample": 0.6125804712422612}, "datetime": {"datetime": "2024-01-20 15:04:45", "elapsed": 6183.567244, "delta": 0.006016}}
{"target": -10.298310689909515, "params": {"colsample_bytree": 0.49037698739820634, "eta": 0.09070552938508052, "gamma": 293.85849452832116, "max_depth": 6.0, "min_child_weight": 3760.5486365102797, "num_boost_round": 1.0, "subsample": 0.662708032214061}, "datetime": {"datetime": "2024-01-20 15:05:43", "elapsed": 6240.834826, "delta": 57.267582}}
{"target": -10.298425852474459, "params": {"colsample_bytree": 0.49037698739820634, "eta": 0.09070552938508052, "gamma": 293.85849452832116, "max_depth": 6.0, "min_child_weight": 3760.5486365102797, "num_boost_round": 2.0, "subsample": 0.662708032214061}, "datetime": {"datetime": "2024-01-20 15:05:43", "elapsed": 6240.845549, "delta": 0.010723}}
{"target": -10.298713735176285, "params": {"colsample_bytree": 0.49037698739820634, "eta": 0.09070552938508052, "gamma": 293.85849452832116, "max_depth": 6.0, "min_child_weight": 3760.5486365102797, "num_boost_round": 3.0, "subsample": 0.662708032214061}, "datetime": {"datetime": "2024-01-20 15:05:43", "elapsed": 6240.85296, "delta": 0.007411}}
{"target": -10.29931711146731, "params": {"colsample_bytree": 0.49037698739820634, "eta": 0.09070552938508052, "gamma": 293.85849452832116, "max_depth": 6.0, "min_child_weight": 3760.5486365102797, "num_boost_round": 4.0, "subsample": 0.662708032214061}, "datetime": {"datetime": "2024-01-20 15:05:43", "elapsed": 6240.860468, "delta": 0.007508}}
{"target": -10.300297188289816, "params": {"colsample_bytree": 0.49037698739820634, "eta": 0.09070552938508052, "gamma": 293.85849452832116, "max_depth": 6.0, "min_child_weight": 3760.5486365102797, "num_boost_round": 5.0, "subsample": 0.662708032214061}, "datetime": {"datetime": "2024-01-20 15:05:43", "elapsed": 6240.86662, "delta": 0.006152}}
{"target": -10.301026657616354, "params": {"colsample_bytree": 0.49037698739820634, "eta": 0.09070552938508052, "gamma": 293.85849452832116, "max_depth": 6.0, "min_child_weight": 3760.5486365102797, "num_boost_round": 6.0, "subsample": 0.662708032214061}, "datetime": {"datetime": "2024-01-20 15:05:43", "elapsed": 6240.872064, "delta": 0.005444}}
{"target": -10.301716851908953, "params": {"colsample_bytree": 0.49037698739820634, "eta": 0.09070552938508052, "gamma": 293.85849452832116, "max_depth": 6.0, "min_child_weight": 3760.5486365102797, "num_boost_round": 7.0, "subsample": 0.662708032214061}, "datetime": {"datetime": "2024-01-20 15:05:43", "elapsed": 6240.877024, "delta": 0.00496}}
{"target": -10.301938729944105, "params": {"colsample_bytree": 0.49037698739820634, "eta": 0.09070552938508052, "gamma": 293.85849452832116, "max_depth": 6.0, "min_child_weight": 3760.5486365102797, "num_boost_round": 8.0, "subsample": 0.662708032214061}, "datetime": {"datetime": "2024-01-20 15:05:43", "elapsed": 6240.881798, "delta": 0.004774}}
{"target": -10.302557966498448, "params": {"colsample_bytree": 0.49037698739820634, "eta": 0.09070552938508052, "gamma": 293.85849452832116, "max_depth": 6.0, "min_child_weight": 3760.5486365102797, "num_boost_round": 9.0, "subsample": 0.662708032214061}, "datetime": {"datetime": "2024-01-20 15:05:43", "elapsed": 6240.886727, "delta": 0.004929}}
{"target": -10.303795674133555, "params": {"colsample_bytree": 0.49037698739820634, "eta": 0.09070552938508052, "gamma": 293.85849452832116, "max_depth": 6.0, "min_child_weight": 3760.5486365102797, "num_boost_round": 10.0, "subsample": 0.662708032214061}, "datetime": {"datetime": "2024-01-20 15:05:43", "elapsed": 6240.89201, "delta": 0.005283}}
{"target": -10.304233801524429, "params": {"colsample_bytree": 0.49037698739820634, "eta": 0.09070552938508052, "gamma": 293.85849452832116, "max_depth": 6.0, "min_child_weight": 3760.5486365102797, "num_boost_round": 11.0, "subsample": 0.662708032214061}, "datetime": {"datetime": "2024-01-20 15:05:43", "elapsed": 6240.89754, "delta": 0.00553}}
{"target": -10.30543019897221, "params": {"colsample_bytree": 0.49037698739820634, "eta": 0.09070552938508052, "gamma": 293.85849452832116, "max_depth": 6.0, "min_child_weight": 3760.5486365102797, "num_boost_round": 12.0, "subsample": 0.662708032214061}, "datetime": {"datetime": "2024-01-20 15:05:43", "elapsed": 6240.903059, "delta": 0.005519}}
{"target": -10.305814838198316, "params": {"colsample_bytree": 0.49037698739820634, "eta": 0.09070552938508052, "gamma": 293.85849452832116, "max_depth": 6.0, "min_child_weight": 3760.5486365102797, "num_boost_round": 13.0, "subsample": 0.662708032214061}, "datetime": {"datetime": "2024-01-20 15:05:43", "elapsed": 6240.908561, "delta": 0.005502}}
{"target": -10.306345636436223, "params": {"colsample_bytree": 0.49037698739820634, "eta": 0.09070552938508052, "gamma": 293.85849452832116, "max_depth": 6.0, "min_child_weight": 3760.5486365102797, "num_boost_round": 14.0, "subsample": 0.662708032214061}, "datetime": {"datetime": "2024-01-20 15:05:43", "elapsed": 6240.914212, "delta": 0.005651}}
{"target": -10.306857546460517, "params": {"colsample_bytree": 0.49037698739820634, "eta": 0.09070552938508052, "gamma": 293.85849452832116, "max_depth": 6.0, "min_child_weight": 3760.5486365102797, "num_boost_round": 15.0, "subsample": 0.662708032214061}, "datetime": {"datetime": "2024-01-20 15:05:43", "elapsed": 6240.919682, "delta": 0.00547}}
{"target": -10.30708900236747, "params": {"colsample_bytree": 0.49037698739820634, "eta": 0.09070552938508052, "gamma": 293.85849452832116, "max_depth": 6.0, "min_child_weight": 3760.5486365102797, "num_boost_round": 16.0, "subsample": 0.662708032214061}, "datetime": {"datetime": "2024-01-20 15:05:43", "elapsed": 6240.925052, "delta": 0.00537}}
{"target": -10.307911215938375, "params": {"colsample_bytree": 0.49037698739820634, "eta": 0.09070552938508052, "gamma": 293.85849452832116, "max_depth": 6.0, "min_child_weight": 3760.5486365102797, "num_boost_round": 17.0, "subsample": 0.662708032214061}, "datetime": {"datetime": "2024-01-20 15:05:43", "elapsed": 6240.930573, "delta": 0.005521}}
{"target": -10.30816252094019, "params": {"colsample_bytree": 0.49037698739820634, "eta": 0.09070552938508052, "gamma": 293.85849452832116, "max_depth": 6.0, "min_child_weight": 3760.5486365102797, "num_boost_round": 18.0, "subsample": 0.662708032214061}, "datetime": {"datetime": "2024-01-20 15:05:43", "elapsed": 6240.935899, "delta": 0.005326}}
{"target": -10.308783409913396, "params": {"colsample_bytree": 0.49037698739820634, "eta": 0.09070552938508052, "gamma": 293.85849452832116, "max_depth": 6.0, "min_child_weight": 3760.5486365102797, "num_boost_round": 19.0, "subsample": 0.662708032214061}, "datetime": {"datetime": "2024-01-20 15:05:43", "elapsed": 6240.941771, "delta": 0.005872}}
{"target": -10.309185343004806, "params": {"colsample_bytree": 0.49037698739820634, "eta": 0.09070552938508052, "gamma": 293.85849452832116, "max_depth": 6.0, "min_child_weight": 3760.5486365102797, "num_boost_round": 20.0, "subsample": 0.662708032214061}, "datetime": {"datetime": "2024-01-20 15:05:43", "elapsed": 6240.947487, "delta": 0.005716}}
{"target": -10.30926987567356, "params": {"colsample_bytree": 0.49037698739820634, "eta": 0.09070552938508052, "gamma": 293.85849452832116, "max_depth": 6.0, "min_child_weight": 3760.5486365102797, "num_boost_round": 21.0, "subsample": 0.662708032214061}, "datetime": {"datetime": "2024-01-20 15:05:43", "elapsed": 6240.956649, "delta": 0.009162}}
{"target": -10.309570861946474, "params": {"colsample_bytree": 0.49037698739820634, "eta": 0.09070552938508052, "gamma": 293.85849452832116, "max_depth": 6.0, "min_child_weight": 3760.5486365102797, "num_boost_round": 22.0, "subsample": 0.662708032214061}, "datetime": {"datetime": "2024-01-20 15:05:43", "elapsed": 6240.964327, "delta": 0.007678}}
{"target": -10.310178378410608, "params": {"colsample_bytree": 0.49037698739820634, "eta": 0.09070552938508052, "gamma": 293.85849452832116, "max_depth": 6.0, "min_child_weight": 3760.5486365102797, "num_boost_round": 23.0, "subsample": 0.662708032214061}, "datetime": {"datetime": "2024-01-20 15:05:43", "elapsed": 6240.970732, "delta": 0.006405}}
{"target": -10.310507152442469, "params": {"colsample_bytree": 0.49037698739820634, "eta": 0.09070552938508052, "gamma": 293.85849452832116, "max_depth": 6.0, "min_child_weight": 3760.5486365102797, "num_boost_round": 24.0, "subsample": 0.662708032214061}, "datetime": {"datetime": "2024-01-20 15:05:43", "elapsed": 6240.976783, "delta": 0.006051}}
{"target": -10.29827457025869, "params": {"colsample_bytree": 0.45133111627606615, "eta": 0.044324269435460695, "gamma": 420.2620124723621, "max_depth": 8.0, "min_child_weight": 3869.452811258514, "num_boost_round": 1.0, "subsample": 0.4700610880535898}, "datetime": {"datetime": "2024-01-20 15:06:22", "elapsed": 6279.795106, "delta": 38.818323}}
{"target": -10.298284020650495, "params": {"colsample_bytree": 0.45133111627606615, "eta": 0.044324269435460695, "gamma": 420.2620124723621, "max_depth": 8.0, "min_child_weight": 3869.452811258514, "num_boost_round": 2.0, "subsample": 0.4700610880535898}, "datetime": {"datetime": "2024-01-20 15:06:22", "elapsed": 6279.802521, "delta": 0.007415}}
{"target": -10.298381265813514, "params": {"colsample_bytree": 0.45133111627606615, "eta": 0.044324269435460695, "gamma": 420.2620124723621, "max_depth": 8.0, "min_child_weight": 3869.452811258514, "num_boost_round": 3.0, "subsample": 0.4700610880535898}, "datetime": {"datetime": "2024-01-20 15:06:22", "elapsed": 6279.808347, "delta": 0.005826}}
{"target": -10.29828111312117, "params": {"colsample_bytree": 0.45133111627606615, "eta": 0.044324269435460695, "gamma": 420.2620124723621, "max_depth": 8.0, "min_child_weight": 3869.452811258514, "num_boost_round": 4.0, "subsample": 0.4700610880535898}, "datetime": {"datetime": "2024-01-20 15:06:22", "elapsed": 6279.813699, "delta": 0.005352}}
{"target": -10.298172350138854, "params": {"colsample_bytree": 0.45140348354271853, "eta": 0.05364924667190334, "gamma": 190.94696309444726, "max_depth": 8.0, "min_child_weight": 3847.2661645798526, "num_boost_round": 1.0, "subsample": 0.4170649585168368}, "datetime": {"datetime": "2024-01-20 15:07:07", "elapsed": 6325.532162, "delta": 45.718463}}
{"target": -10.297772169301435, "params": {"colsample_bytree": 0.4086148866653957, "eta": 0.09578106216633399, "gamma": 406.22516757088675, "max_depth": 9.0, "min_child_weight": 3806.263996687655, "num_boost_round": 1.0, "subsample": 0.8188891668495584}, "datetime": {"datetime": "2024-01-20 15:08:10", "elapsed": 6388.316315, "delta": 62.784153}}
{"target": -10.298069468444055, "params": {"colsample_bytree": 0.4086148866653957, "eta": 0.09578106216633399, "gamma": 406.22516757088675, "max_depth": 9.0, "min_child_weight": 3806.263996687655, "num_boost_round": 2.0, "subsample": 0.8188891668495584}, "datetime": {"datetime": "2024-01-20 15:08:10", "elapsed": 6388.330051, "delta": 0.013736}}
{"target": -10.298394688650086, "params": {"colsample_bytree": 0.4086148866653957, "eta": 0.09578106216633399, "gamma": 406.22516757088675, "max_depth": 9.0, "min_child_weight": 3806.263996687655, "num_boost_round": 3.0, "subsample": 0.8188891668495584}, "datetime": {"datetime": "2024-01-20 15:08:10", "elapsed": 6388.336696, "delta": 0.006645}}
{"target": -10.299143985875254, "params": {"colsample_bytree": 0.4086148866653957, "eta": 0.09578106216633399, "gamma": 406.22516757088675, "max_depth": 9.0, "min_child_weight": 3806.263996687655, "num_boost_round": 4.0, "subsample": 0.8188891668495584}, "datetime": {"datetime": "2024-01-20 15:08:10", "elapsed": 6388.345521, "delta": 0.008825}}
{"target": -10.30003406884174, "params": {"colsample_bytree": 0.4086148866653957, "eta": 0.09578106216633399, "gamma": 406.22516757088675, "max_depth": 9.0, "min_child_weight": 3806.263996687655, "num_boost_round": 5.0, "subsample": 0.8188891668495584}, "datetime": {"datetime": "2024-01-20 15:08:10", "elapsed": 6388.352419, "delta": 0.006898}}
{"target": -10.301090722098959, "params": {"colsample_bytree": 0.4086148866653957, "eta": 0.09578106216633399, "gamma": 406.22516757088675, "max_depth": 9.0, "min_child_weight": 3806.263996687655, "num_boost_round": 6.0, "subsample": 0.8188891668495584}, "datetime": {"datetime": "2024-01-20 15:08:10", "elapsed": 6388.358681, "delta": 0.006262}}
{"target": -10.30194661671907, "params": {"colsample_bytree": 0.4086148866653957, "eta": 0.09578106216633399, "gamma": 406.22516757088675, "max_depth": 9.0, "min_child_weight": 3806.263996687655, "num_boost_round": 7.0, "subsample": 0.8188891668495584}, "datetime": {"datetime": "2024-01-20 15:08:10", "elapsed": 6388.363934, "delta": 0.005253}}
{"target": -10.302413498968786, "params": {"colsample_bytree": 0.4086148866653957, "eta": 0.09578106216633399, "gamma": 406.22516757088675, "max_depth": 9.0, "min_child_weight": 3806.263996687655, "num_boost_round": 8.0, "subsample": 0.8188891668495584}, "datetime": {"datetime": "2024-01-20 15:08:10", "elapsed": 6388.369405, "delta": 0.005471}}
{"target": -10.303022869700749, "params": {"colsample_bytree": 0.4086148866653957, "eta": 0.09578106216633399, "gamma": 406.22516757088675, "max_depth": 9.0, "min_child_weight": 3806.263996687655, "num_boost_round": 9.0, "subsample": 0.8188891668495584}, "datetime": {"datetime": "2024-01-20 15:08:10", "elapsed": 6388.374839, "delta": 0.005434}}
