{"target": -10.312383311639021, "params": {"colsample_bytree": 0.9259021949660807, "eta": 0.06446896278339792, "gamma": 780.1342361197411, "max_depth": 4.0, "min_child_weight": 3735.9614428157147, "num_boost_round": 44.0, "subsample": 0.4377641081016588}, "datetime": {"datetime": "2024-01-20 15:54:57", "elapsed": 9195.00311, "delta": 0.00451}}
{"target": -10.312335328629832, "params": {"colsample_bytree": 0.9259021949660807, "eta": 0.06446896278339792, "gamma": 780.1342361197411, "max_depth": 4.0, "min_child_weight": 3735.9614428157147, "num_boost_round": 45.0, "subsample": 0.4377641081016588}, "datetime": {"datetime": "2024-01-20 15:54:57", "elapsed": 9195.016182, "delta": 0.013072}}
{"target": -10.312372767192686, "params": {"colsample_bytree": 0.9259021949660807, "eta": 0.06446896278339792, "gamma": 780.1342361197411, "max_depth": 4.0, "min_child_weight": 3735.9614428157147, "num_boost_round": 46.0, "subsample": 0.4377641081016588}, "datetime": {"datetime": "2024-01-20 15:54:57", "elapsed": 9195.021606, "delta": 0.005424}}
{"target": -10.312327429030498, "params": {"colsample_bytree": 0.9259021949660807, "eta": 0.06446896278339792, "gamma": 780.1342361197411, "max_depth": 4.0, "min_child_weight": 3735.9614428157147, "num_boost_round": 47.0, "subsample": 0.4377641081016588}, "datetime": {"datetime": "2024-01-20 15:54:57", "elapsed": 9195.026994, "delta": 0.005388}}
{"target": -10.312463199990159, "params": {"colsample_bytree": 0.9259021949660807, "eta": 0.06446896278339792, "gamma": 780.1342361197411, "max_depth": 4.0, "min_child_weight": 3735.9614428157147, "num_boost_round": 48.0, "subsample": 0.4377641081016588}, "datetime": {"datetime": "2024-01-20 15:54:57", "elapsed": 9195.031701, "delta": 0.004707}}
{"target": -10.312834897903269, "params": {"colsample_bytree": 0.9259021949660807, "eta": 0.06446896278339792, "gamma": 780.1342361197411, "max_depth": 4.0, "min_child_weight": 3735.9614428157147, "num_boost_round": 49.0, "subsample": 0.4377641081016588}, "datetime": {"datetime": "2024-01-20 15:54:57", "elapsed": 9195.036229, "delta": 0.004528}}
{"target": -10.312835088444416, "params": {"colsample_bytree": 0.9259021949660807, "eta": 0.06446896278339792, "gamma": 780.1342361197411, "max_depth": 4.0, "min_child_weight": 3735.9614428157147, "num_boost_round": 50.0, "subsample": 0.4377641081016588}, "datetime": {"datetime": "2024-01-20 15:54:57", "elapsed": 9195.040975, "delta": 0.004746}}
{"target": -10.313310880885124, "params": {"colsample_bytree": 0.9259021949660807, "eta": 0.06446896278339792, "gamma": 780.1342361197411, "max_depth": 4.0, "min_child_weight": 3735.9614428157147, "num_boost_round": 51.0, "subsample": 0.4377641081016588}, "datetime": {"datetime": "2024-01-20 15:54:57", "elapsed": 9195.045365, "delta": 0.00439}}
{"target": -10.313676294661615, "params": {"colsample_bytree": 0.9259021949660807, "eta": 0.06446896278339792, "gamma": 780.1342361197411, "max_depth": 4.0, "min_child_weight": 3735.9614428157147, "num_boost_round": 52.0, "subsample": 0.4377641081016588}, "datetime": {"datetime": "2024-01-20 15:54:57", "elapsed": 9195.049785, "delta": 0.00442}}
{"target": -10.31370844612664, "params": {"colsample_bytree": 0.9259021949660807, "eta": 0.06446896278339792, "gamma": 780.1342361197411, "max_depth": 4.0, "min_child_weight": 3735.9614428157147, "num_boost_round": 53.0, "subsample": 0.4377641081016588}, "datetime": {"datetime": "2024-01-20 15:54:57", "elapsed": 9195.054471, "delta": 0.004686}}
{"target": -10.313994098152417, "params": {"colsample_bytree": 0.9259021949660807, "eta": 0.06446896278339792, "gamma": 780.1342361197411, "max_depth": 4.0, "min_child_weight": 3735.9614428157147, "num_boost_round": 54.0, "subsample": 0.4377641081016588}, "datetime": {"datetime": "2024-01-20 15:54:57", "elapsed": 9195.058772, "delta": 0.004301}}
{"target": -10.314346087525411, "params": {"colsample_bytree": 0.9259021949660807, "eta": 0.06446896278339792, "gamma": 780.1342361197411, "max_depth": 4.0, "min_child_weight": 3735.9614428157147, "num_boost_round": 55.0, "subsample": 0.4377641081016588}, "datetime": {"datetime": "2024-01-20 15:54:57", "elapsed": 9195.063093, "delta": 0.004321}}
{"target": -10.314478707270261, "params": {"colsample_bytree": 0.9259021949660807, "eta": 0.06446896278339792, "gamma": 780.1342361197411, "max_depth": 4.0, "min_child_weight": 3735.9614428157147, "num_boost_round": 56.0, "subsample": 0.4377641081016588}, "datetime": {"datetime": "2024-01-20 15:54:57", "elapsed": 9195.067592, "delta": 0.004499}}
{"target": -10.314696495280007, "params": {"colsample_bytree": 0.9259021949660807, "eta": 0.06446896278339792, "gamma": 780.1342361197411, "max_depth": 4.0, "min_child_weight": 3735.9614428157147, "num_boost_round": 57.0, "subsample": 0.4377641081016588}, "datetime": {"datetime": "2024-01-20 15:54:57", "elapsed": 9195.071957, "delta": 0.004365}}
{"target": -10.314711005850834, "params": {"colsample_bytree": 0.9259021949660807, "eta": 0.06446896278339792, "gamma": 780.1342361197411, "max_depth": 4.0, "min_child_weight": 3735.9614428157147, "num_boost_round": 58.0, "subsample": 0.4377641081016588}, "datetime": {"datetime": "2024-01-20 15:54:57", "elapsed": 9195.076862, "delta": 0.004905}}
{"target": -10.314747512160217, "params": {"colsample_bytree": 0.9259021949660807, "eta": 0.06446896278339792, "gamma": 780.1342361197411, "max_depth": 4.0, "min_child_weight": 3735.9614428157147, "num_boost_round": 59.0, "subsample": 0.4377641081016588}, "datetime": {"datetime": "2024-01-20 15:54:57", "elapsed": 9195.082479, "delta": 0.005617}}
{"target": -10.314982024480493, "params": {"colsample_bytree": 0.9259021949660807, "eta": 0.06446896278339792, "gamma": 780.1342361197411, "max_depth": 4.0, "min_child_weight": 3735.9614428157147, "num_boost_round": 60.0, "subsample": 0.4377641081016588}, "datetime": {"datetime": "2024-01-20 15:54:57", "elapsed": 9195.08758, "delta": 0.005101}}
{"target": -10.315216899464492, "params": {"colsample_bytree": 0.9259021949660807, "eta": 0.06446896278339792, "gamma": 780.1342361197411, "max_depth": 4.0, "min_child_weight": 3735.9614428157147, "num_boost_round": 61.0, "subsample": 0.4377641081016588}, "datetime": {"datetime": "2024-01-20 15:54:57", "elapsed": 9195.092811, "delta": 0.005231}}
{"target": -10.315241548846153, "params": {"colsample_bytree": 0.9259021949660807, "eta": 0.06446896278339792, "gamma": 780.1342361197411, "max_depth": 4.0, "min_child_weight": 3735.9614428157147, "num_boost_round": 62.0, "subsample": 0.4377641081016588}, "datetime": {"datetime": "2024-01-20 15:54:57", "elapsed": 9195.098111, "delta": 0.0053}}
{"target": -10.31514658392172, "params": {"colsample_bytree": 0.9259021949660807, "eta": 0.06446896278339792, "gamma": 780.1342361197411, "max_depth": 4.0, "min_child_weight": 3735.9614428157147, "num_boost_round": 63.0, "subsample": 0.4377641081016588}, "datetime": {"datetime": "2024-01-20 15:54:57", "elapsed": 9195.105513, "delta": 0.007402}}
{"target": -10.31514924470871, "params": {"colsample_bytree": 0.9259021949660807, "eta": 0.06446896278339792, "gamma": 780.1342361197411, "max_depth": 4.0, "min_child_weight": 3735.9614428157147, "num_boost_round": 64.0, "subsample": 0.4377641081016588}, "datetime": {"datetime": "2024-01-20 15:54:57", "elapsed": 9195.111231, "delta": 0.005718}}
{"target": -10.315202680291163, "params": {"colsample_bytree": 0.9259021949660807, "eta": 0.06446896278339792, "gamma": 780.1342361197411, "max_depth": 4.0, "min_child_weight": 3735.9614428157147, "num_boost_round": 65.0, "subsample": 0.4377641081016588}, "datetime": {"datetime": "2024-01-20 15:54:57", "elapsed": 9195.116941, "delta": 0.00571}}
{"target": -10.315270739651638, "params": {"colsample_bytree": 0.9259021949660807, "eta": 0.06446896278339792, "gamma": 780.1342361197411, "max_depth": 4.0, "min_child_weight": 3735.9614428157147, "num_boost_round": 66.0, "subsample": 0.4377641081016588}, "datetime": {"datetime": "2024-01-20 15:54:57", "elapsed": 9195.121706, "delta": 0.004765}}
{"target": -10.315492179430823, "params": {"colsample_bytree": 0.9259021949660807, "eta": 0.06446896278339792, "gamma": 780.1342361197411, "max_depth": 4.0, "min_child_weight": 3735.9614428157147, "num_boost_round": 67.0, "subsample": 0.4377641081016588}, "datetime": {"datetime": "2024-01-20 15:54:57", "elapsed": 9195.126415, "delta": 0.004709}}
{"target": -10.315584106502577, "params": {"colsample_bytree": 0.9259021949660807, "eta": 0.06446896278339792, "gamma": 780.1342361197411, "max_depth": 4.0, "min_child_weight": 3735.9614428157147, "num_boost_round": 68.0, "subsample": 0.4377641081016588}, "datetime": {"datetime": "2024-01-20 15:54:57", "elapsed": 9195.131205, "delta": 0.00479}}
{"target": -10.31561172116657, "params": {"colsample_bytree": 0.9259021949660807, "eta": 0.06446896278339792, "gamma": 780.1342361197411, "max_depth": 4.0, "min_child_weight": 3735.9614428157147, "num_boost_round": 69.0, "subsample": 0.4377641081016588}, "datetime": {"datetime": "2024-01-20 15:54:57", "elapsed": 9195.135987, "delta": 0.004782}}
{"target": -10.315922619256035, "params": {"colsample_bytree": 0.9259021949660807, "eta": 0.06446896278339792, "gamma": 780.1342361197411, "max_depth": 4.0, "min_child_weight": 3735.9614428157147, "num_boost_round": 70.0, "subsample": 0.4377641081016588}, "datetime": {"datetime": "2024-01-20 15:54:57", "elapsed": 9195.140661, "delta": 0.004674}}
{"target": -10.315865162654825, "params": {"colsample_bytree": 0.9259021949660807, "eta": 0.06446896278339792, "gamma": 780.1342361197411, "max_depth": 4.0, "min_child_weight": 3735.9614428157147, "num_boost_round": 71.0, "subsample": 0.4377641081016588}, "datetime": {"datetime": "2024-01-20 15:54:57", "elapsed": 9195.145674, "delta": 0.005013}}
{"target": -10.315840035693855, "params": {"colsample_bytree": 0.9259021949660807, "eta": 0.06446896278339792, "gamma": 780.1342361197411, "max_depth": 4.0, "min_child_weight": 3735.9614428157147, "num_boost_round": 72.0, "subsample": 0.4377641081016588}, "datetime": {"datetime": "2024-01-20 15:54:57", "elapsed": 9195.150812, "delta": 0.005138}}
{"target": -10.31596929424563, "params": {"colsample_bytree": 0.9259021949660807, "eta": 0.06446896278339792, "gamma": 780.1342361197411, "max_depth": 4.0, "min_child_weight": 3735.9614428157147, "num_boost_round": 73.0, "subsample": 0.4377641081016588}, "datetime": {"datetime": "2024-01-20 15:54:57", "elapsed": 9195.155871, "delta": 0.005059}}
{"target": -10.316117348373513, "params": {"colsample_bytree": 0.9259021949660807, "eta": 0.06446896278339792, "gamma": 780.1342361197411, "max_depth": 4.0, "min_child_weight": 3735.9614428157147, "num_boost_round": 74.0, "subsample": 0.4377641081016588}, "datetime": {"datetime": "2024-01-20 15:54:57", "elapsed": 9195.16122, "delta": 0.005349}}
{"target": -10.316247144831204, "params": {"colsample_bytree": 0.9259021949660807, "eta": 0.06446896278339792, "gamma": 780.1342361197411, "max_depth": 4.0, "min_child_weight": 3735.9614428157147, "num_boost_round": 75.0, "subsample": 0.4377641081016588}, "datetime": {"datetime": "2024-01-20 15:54:57", "elapsed": 9195.16596, "delta": 0.00474}}
{"target": -10.316186970415057, "params": {"colsample_bytree": 0.9259021949660807, "eta": 0.06446896278339792, "gamma": 780.1342361197411, "max_depth": 4.0, "min_child_weight": 3735.9614428157147, "num_boost_round": 76.0, "subsample": 0.4377641081016588}, "datetime": {"datetime": "2024-01-20 15:54:57", "elapsed": 9195.170677, "delta": 0.004717}}
{"target": -10.316493271838294, "params": {"colsample_bytree": 0.9259021949660807, "eta": 0.06446896278339792, "gamma": 780.1342361197411, "max_depth": 4.0, "min_child_weight": 3735.9614428157147, "num_boost_round": 77.0, "subsample": 0.4377641081016588}, "datetime": {"datetime": "2024-01-20 15:54:57", "elapsed": 9195.175788, "delta": 0.005111}}
{"target": -10.3166285713786, "params": {"colsample_bytree": 0.9259021949660807, "eta": 0.06446896278339792, "gamma": 780.1342361197411, "max_depth": 4.0, "min_child_weight": 3735.9614428157147, "num_boost_round": 78.0, "subsample": 0.4377641081016588}, "datetime": {"datetime": "2024-01-20 15:54:57", "elapsed": 9195.180487, "delta": 0.004699}}
{"target": -10.31671132839369, "params": {"colsample_bytree": 0.9259021949660807, "eta": 0.06446896278339792, "gamma": 780.1342361197411, "max_depth": 4.0, "min_child_weight": 3735.9614428157147, "num_boost_round": 79.0, "subsample": 0.4377641081016588}, "datetime": {"datetime": "2024-01-20 15:54:57", "elapsed": 9195.185173, "delta": 0.004686}}
{"target": -10.298232196377331, "params": {"colsample_bytree": 0.42796218386513674, "eta": 0.052737398118361124, "gamma": 812.6628056738339, "max_depth": 5.0, "min_child_weight": 3837.590961008401, "num_boost_round": 1.0, "subsample": 0.7894916819945117}, "datetime": {"datetime": "2024-01-20 15:56:30", "elapsed": 9288.36959, "delta": 93.184417}}
{"target": -10.298374705330449, "params": {"colsample_bytree": 0.42796218386513674, "eta": 0.052737398118361124, "gamma": 812.6628056738339, "max_depth": 5.0, "min_child_weight": 3837.590961008401, "num_boost_round": 2.0, "subsample": 0.7894916819945117}, "datetime": {"datetime": "2024-01-20 15:56:30", "elapsed": 9288.378087, "delta": 0.008497}}
{"target": -10.298508495652342, "params": {"colsample_bytree": 0.5712948131531178, "eta": 0.010801919711398591, "gamma": 981.8755425359284, "max_depth": 5.0, "min_child_weight": 4511.553826606877, "num_boost_round": 1.0, "subsample": 0.5525567821433262}, "datetime": {"datetime": "2024-01-20 15:58:05", "elapsed": 9382.879889, "delta": 94.501802}}
{"target": -10.298507121234763, "params": {"colsample_bytree": 0.5712948131531178, "eta": 0.010801919711398591, "gamma": 981.8755425359284, "max_depth": 5.0, "min_child_weight": 4511.553826606877, "num_boost_round": 2.0, "subsample": 0.5525567821433262}, "datetime": {"datetime": "2024-01-20 15:58:05", "elapsed": 9382.890023, "delta": 0.010134}}
{"target": -10.298543497007735, "params": {"colsample_bytree": 0.5712948131531178, "eta": 0.010801919711398591, "gamma": 981.8755425359284, "max_depth": 5.0, "min_child_weight": 4511.553826606877, "num_boost_round": 3.0, "subsample": 0.5525567821433262}, "datetime": {"datetime": "2024-01-20 15:58:05", "elapsed": 9382.897324, "delta": 0.007301}}
{"target": -10.298566542989683, "params": {"colsample_bytree": 0.5712948131531178, "eta": 0.010801919711398591, "gamma": 981.8755425359284, "max_depth": 5.0, "min_child_weight": 4511.553826606877, "num_boost_round": 4.0, "subsample": 0.5525567821433262}, "datetime": {"datetime": "2024-01-20 15:58:05", "elapsed": 9382.903817, "delta": 0.006493}}
{"target": -10.298591003527354, "params": {"colsample_bytree": 0.5712948131531178, "eta": 0.010801919711398591, "gamma": 981.8755425359284, "max_depth": 5.0, "min_child_weight": 4511.553826606877, "num_boost_round": 5.0, "subsample": 0.5525567821433262}, "datetime": {"datetime": "2024-01-20 15:58:05", "elapsed": 9382.910261, "delta": 0.006444}}
{"target": -10.298624955546444, "params": {"colsample_bytree": 0.5712948131531178, "eta": 0.010801919711398591, "gamma": 981.8755425359284, "max_depth": 5.0, "min_child_weight": 4511.553826606877, "num_boost_round": 6.0, "subsample": 0.5525567821433262}, "datetime": {"datetime": "2024-01-20 15:58:05", "elapsed": 9382.916655, "delta": 0.006394}}
{"target": -10.298608898760438, "params": {"colsample_bytree": 0.5712948131531178, "eta": 0.010801919711398591, "gamma": 981.8755425359284, "max_depth": 5.0, "min_child_weight": 4511.553826606877, "num_boost_round": 7.0, "subsample": 0.5525567821433262}, "datetime": {"datetime": "2024-01-20 15:58:05", "elapsed": 9382.922474, "delta": 0.005819}}
{"target": -10.298609635939044, "params": {"colsample_bytree": 0.5712948131531178, "eta": 0.010801919711398591, "gamma": 981.8755425359284, "max_depth": 5.0, "min_child_weight": 4511.553826606877, "num_boost_round": 8.0, "subsample": 0.5525567821433262}, "datetime": {"datetime": "2024-01-20 15:58:05", "elapsed": 9382.928531, "delta": 0.006057}}
{"target": -10.298651306620073, "params": {"colsample_bytree": 0.5712948131531178, "eta": 0.010801919711398591, "gamma": 981.8755425359284, "max_depth": 5.0, "min_child_weight": 4511.553826606877, "num_boost_round": 9.0, "subsample": 0.5525567821433262}, "datetime": {"datetime": "2024-01-20 15:58:05", "elapsed": 9382.934763, "delta": 0.006232}}
{"target": -10.298680639856217, "params": {"colsample_bytree": 0.5712948131531178, "eta": 0.010801919711398591, "gamma": 981.8755425359284, "max_depth": 5.0, "min_child_weight": 4511.553826606877, "num_boost_round": 10.0, "subsample": 0.5525567821433262}, "datetime": {"datetime": "2024-01-20 15:58:05", "elapsed": 9382.940287, "delta": 0.005524}}
{"target": -10.298684374383413, "params": {"colsample_bytree": 0.5712948131531178, "eta": 0.010801919711398591, "gamma": 981.8755425359284, "max_depth": 5.0, "min_child_weight": 4511.553826606877, "num_boost_round": 11.0, "subsample": 0.5525567821433262}, "datetime": {"datetime": "2024-01-20 15:58:05", "elapsed": 9382.945741, "delta": 0.005454}}
{"target": -10.298713757339172, "params": {"colsample_bytree": 0.5712948131531178, "eta": 0.010801919711398591, "gamma": 981.8755425359284, "max_depth": 5.0, "min_child_weight": 4511.553826606877, "num_boost_round": 12.0, "subsample": 0.5525567821433262}, "datetime": {"datetime": "2024-01-20 15:58:05", "elapsed": 9382.951966, "delta": 0.006225}}
{"target": -10.298667790584094, "params": {"colsample_bytree": 0.5712948131531178, "eta": 0.010801919711398591, "gamma": 981.8755425359284, "max_depth": 5.0, "min_child_weight": 4511.553826606877, "num_boost_round": 13.0, "subsample": 0.5525567821433262}, "datetime": {"datetime": "2024-01-20 15:58:05", "elapsed": 9382.958349, "delta": 0.006383}}
{"target": -10.298716383130921, "params": {"colsample_bytree": 0.5712948131531178, "eta": 0.010801919711398591, "gamma": 981.8755425359284, "max_depth": 5.0, "min_child_weight": 4511.553826606877, "num_boost_round": 14.0, "subsample": 0.5525567821433262}, "datetime": {"datetime": "2024-01-20 15:58:05", "elapsed": 9382.965025, "delta": 0.006676}}
{"target": -10.298775137263467, "params": {"colsample_bytree": 0.5712948131531178, "eta": 0.010801919711398591, "gamma": 981.8755425359284, "max_depth": 5.0, "min_child_weight": 4511.553826606877, "num_boost_round": 15.0, "subsample": 0.5525567821433262}, "datetime": {"datetime": "2024-01-20 15:58:05", "elapsed": 9382.971441, "delta": 0.006416}}
{"target": -10.298759992740738, "params": {"colsample_bytree": 0.5712948131531178, "eta": 0.010801919711398591, "gamma": 981.8755425359284, "max_depth": 5.0, "min_child_weight": 4511.553826606877, "num_boost_round": 16.0, "subsample": 0.5525567821433262}, "datetime": {"datetime": "2024-01-20 15:58:05", "elapsed": 9382.977105, "delta": 0.005664}}
{"target": -10.298772053983924, "params": {"colsample_bytree": 0.5712948131531178, "eta": 0.010801919711398591, "gamma": 981.8755425359284, "max_depth": 5.0, "min_child_weight": 4511.553826606877, "num_boost_round": 17.0, "subsample": 0.5525567821433262}, "datetime": {"datetime": "2024-01-20 15:58:05", "elapsed": 9382.983282, "delta": 0.006177}}
{"target": -10.298822125719232, "params": {"colsample_bytree": 0.5712948131531178, "eta": 0.010801919711398591, "gamma": 981.8755425359284, "max_depth": 5.0, "min_child_weight": 4511.553826606877, "num_boost_round": 18.0, "subsample": 0.5525567821433262}, "datetime": {"datetime": "2024-01-20 15:58:05", "elapsed": 9382.989727, "delta": 0.006445}}
{"target": -10.298879953611443, "params": {"colsample_bytree": 0.5712948131531178, "eta": 0.010801919711398591, "gamma": 981.8755425359284, "max_depth": 5.0, "min_child_weight": 4511.553826606877, "num_boost_round": 19.0, "subsample": 0.5525567821433262}, "datetime": {"datetime": "2024-01-20 15:58:05", "elapsed": 9382.998898, "delta": 0.009171}}
{"target": -10.298886957147804, "params": {"colsample_bytree": 0.5712948131531178, "eta": 0.010801919711398591, "gamma": 981.8755425359284, "max_depth": 5.0, "min_child_weight": 4511.553826606877, "num_boost_round": 20.0, "subsample": 0.5525567821433262}, "datetime": {"datetime": "2024-01-20 15:58:05", "elapsed": 9383.00826, "delta": 0.009362}}
{"target": -10.298902927895664, "params": {"colsample_bytree": 0.5712948131531178, "eta": 0.010801919711398591, "gamma": 981.8755425359284, "max_depth": 5.0, "min_child_weight": 4511.553826606877, "num_boost_round": 21.0, "subsample": 0.5525567821433262}, "datetime": {"datetime": "2024-01-20 15:58:05", "elapsed": 9383.015564, "delta": 0.007304}}
{"target": -10.298919947374086, "params": {"colsample_bytree": 0.5712948131531178, "eta": 0.010801919711398591, "gamma": 981.8755425359284, "max_depth": 5.0, "min_child_weight": 4511.553826606877, "num_boost_round": 22.0, "subsample": 0.5525567821433262}, "datetime": {"datetime": "2024-01-20 15:58:05", "elapsed": 9383.023168, "delta": 0.007604}}
{"target": -10.298978711976323, "params": {"colsample_bytree": 0.5712948131531178, "eta": 0.010801919711398591, "gamma": 981.8755425359284, "max_depth": 5.0, "min_child_weight": 4511.553826606877, "num_boost_round": 23.0, "subsample": 0.5525567821433262}, "datetime": {"datetime": "2024-01-20 15:58:05", "elapsed": 9383.030263, "delta": 0.007095}}
{"target": -10.298986534239518, "params": {"colsample_bytree": 0.5712948131531178, "eta": 0.010801919711398591, "gamma": 981.8755425359284, "max_depth": 5.0, "min_child_weight": 4511.553826606877, "num_boost_round": 24.0, "subsample": 0.5525567821433262}, "datetime": {"datetime": "2024-01-20 15:58:05", "elapsed": 9383.037295, "delta": 0.007032}}
{"target": -10.299043941732723, "params": {"colsample_bytree": 0.5712948131531178, "eta": 0.010801919711398591, "gamma": 981.8755425359284, "max_depth": 5.0, "min_child_weight": 4511.553826606877, "num_boost_round": 25.0, "subsample": 0.5525567821433262}, "datetime": {"datetime": "2024-01-20 15:58:05", "elapsed": 9383.043679, "delta": 0.006384}}
