{"target": -15.157008881761477, "params": {"colsample_bytree": 0.9945965990964548, "eta": 0.0335977771844093, "gamma": 618.4800941873364, "max_depth": 5.0, "min_child_weight": 4183.649414681122, "num_boost_round": 27.0, "subsample": 0.7502865174848717}, "datetime": {"datetime": "2024-01-20 15:48:51", "elapsed": 5088.688633, "delta": 0.005034}}
{"target": -15.156939415523873, "params": {"colsample_bytree": 0.9945965990964548, "eta": 0.0335977771844093, "gamma": 618.4800941873364, "max_depth": 5.0, "min_child_weight": 4183.649414681122, "num_boost_round": 28.0, "subsample": 0.7502865174848717}, "datetime": {"datetime": "2024-01-20 15:48:51", "elapsed": 5088.6937, "delta": 0.005067}}
{"target": -15.157640547248498, "params": {"colsample_bytree": 0.9945965990964548, "eta": 0.0335977771844093, "gamma": 618.4800941873364, "max_depth": 5.0, "min_child_weight": 4183.649414681122, "num_boost_round": 29.0, "subsample": 0.7502865174848717}, "datetime": {"datetime": "2024-01-20 15:48:51", "elapsed": 5088.698782, "delta": 0.005082}}
{"target": -15.157953124152552, "params": {"colsample_bytree": 0.9945965990964548, "eta": 0.0335977771844093, "gamma": 618.4800941873364, "max_depth": 5.0, "min_child_weight": 4183.649414681122, "num_boost_round": 30.0, "subsample": 0.7502865174848717}, "datetime": {"datetime": "2024-01-20 15:48:51", "elapsed": 5088.703911, "delta": 0.005129}}
{"target": -15.158850056763907, "params": {"colsample_bytree": 0.9945965990964548, "eta": 0.0335977771844093, "gamma": 618.4800941873364, "max_depth": 5.0, "min_child_weight": 4183.649414681122, "num_boost_round": 31.0, "subsample": 0.7502865174848717}, "datetime": {"datetime": "2024-01-20 15:48:51", "elapsed": 5088.709034, "delta": 0.005123}}
{"target": -15.158790964856788, "params": {"colsample_bytree": 0.9945965990964548, "eta": 0.0335977771844093, "gamma": 618.4800941873364, "max_depth": 5.0, "min_child_weight": 4183.649414681122, "num_boost_round": 32.0, "subsample": 0.7502865174848717}, "datetime": {"datetime": "2024-01-20 15:48:51", "elapsed": 5088.714141, "delta": 0.005107}}
{"target": -15.159101594154178, "params": {"colsample_bytree": 0.9945965990964548, "eta": 0.0335977771844093, "gamma": 618.4800941873364, "max_depth": 5.0, "min_child_weight": 4183.649414681122, "num_boost_round": 33.0, "subsample": 0.7502865174848717}, "datetime": {"datetime": "2024-01-20 15:48:51", "elapsed": 5088.719271, "delta": 0.00513}}
{"target": -15.158965555450735, "params": {"colsample_bytree": 0.9945965990964548, "eta": 0.0335977771844093, "gamma": 618.4800941873364, "max_depth": 5.0, "min_child_weight": 4183.649414681122, "num_boost_round": 34.0, "subsample": 0.7502865174848717}, "datetime": {"datetime": "2024-01-20 15:48:51", "elapsed": 5088.724463, "delta": 0.005192}}
{"target": -15.15892486745102, "params": {"colsample_bytree": 0.9945965990964548, "eta": 0.0335977771844093, "gamma": 618.4800941873364, "max_depth": 5.0, "min_child_weight": 4183.649414681122, "num_boost_round": 35.0, "subsample": 0.7502865174848717}, "datetime": {"datetime": "2024-01-20 15:48:51", "elapsed": 5088.729651, "delta": 0.005188}}
{"target": -15.159535647623585, "params": {"colsample_bytree": 0.9945965990964548, "eta": 0.0335977771844093, "gamma": 618.4800941873364, "max_depth": 5.0, "min_child_weight": 4183.649414681122, "num_boost_round": 36.0, "subsample": 0.7502865174848717}, "datetime": {"datetime": "2024-01-20 15:48:51", "elapsed": 5088.734952, "delta": 0.005301}}
{"target": -15.15984220531466, "params": {"colsample_bytree": 0.9945965990964548, "eta": 0.0335977771844093, "gamma": 618.4800941873364, "max_depth": 5.0, "min_child_weight": 4183.649414681122, "num_boost_round": 37.0, "subsample": 0.7502865174848717}, "datetime": {"datetime": "2024-01-20 15:48:51", "elapsed": 5088.740405, "delta": 0.005453}}
{"target": -15.160467406966937, "params": {"colsample_bytree": 0.9945965990964548, "eta": 0.0335977771844093, "gamma": 618.4800941873364, "max_depth": 5.0, "min_child_weight": 4183.649414681122, "num_boost_round": 38.0, "subsample": 0.7502865174848717}, "datetime": {"datetime": "2024-01-20 15:48:51", "elapsed": 5088.745943, "delta": 0.005538}}
{"target": -15.160574186506668, "params": {"colsample_bytree": 0.9945965990964548, "eta": 0.0335977771844093, "gamma": 618.4800941873364, "max_depth": 5.0, "min_child_weight": 4183.649414681122, "num_boost_round": 39.0, "subsample": 0.7502865174848717}, "datetime": {"datetime": "2024-01-20 15:48:51", "elapsed": 5088.750996, "delta": 0.005053}}
{"target": -15.160826696497526, "params": {"colsample_bytree": 0.9945965990964548, "eta": 0.0335977771844093, "gamma": 618.4800941873364, "max_depth": 5.0, "min_child_weight": 4183.649414681122, "num_boost_round": 40.0, "subsample": 0.7502865174848717}, "datetime": {"datetime": "2024-01-20 15:48:51", "elapsed": 5088.756091, "delta": 0.005095}}
{"target": -15.160967485324734, "params": {"colsample_bytree": 0.9945965990964548, "eta": 0.0335977771844093, "gamma": 618.4800941873364, "max_depth": 5.0, "min_child_weight": 4183.649414681122, "num_boost_round": 41.0, "subsample": 0.7502865174848717}, "datetime": {"datetime": "2024-01-20 15:48:51", "elapsed": 5088.761193, "delta": 0.005102}}
{"target": -15.160905308690811, "params": {"colsample_bytree": 0.9945965990964548, "eta": 0.0335977771844093, "gamma": 618.4800941873364, "max_depth": 5.0, "min_child_weight": 4183.649414681122, "num_boost_round": 42.0, "subsample": 0.7502865174848717}, "datetime": {"datetime": "2024-01-20 15:48:51", "elapsed": 5088.766318, "delta": 0.005125}}
{"target": -15.161134221739268, "params": {"colsample_bytree": 0.9945965990964548, "eta": 0.0335977771844093, "gamma": 618.4800941873364, "max_depth": 5.0, "min_child_weight": 4183.649414681122, "num_boost_round": 43.0, "subsample": 0.7502865174848717}, "datetime": {"datetime": "2024-01-20 15:48:51", "elapsed": 5088.771429, "delta": 0.005111}}
{"target": -15.161331533183812, "params": {"colsample_bytree": 0.9945965990964548, "eta": 0.0335977771844093, "gamma": 618.4800941873364, "max_depth": 5.0, "min_child_weight": 4183.649414681122, "num_boost_round": 44.0, "subsample": 0.7502865174848717}, "datetime": {"datetime": "2024-01-20 15:48:51", "elapsed": 5088.776534, "delta": 0.005105}}
{"target": -15.16136572250951, "params": {"colsample_bytree": 0.9945965990964548, "eta": 0.0335977771844093, "gamma": 618.4800941873364, "max_depth": 5.0, "min_child_weight": 4183.649414681122, "num_boost_round": 45.0, "subsample": 0.7502865174848717}, "datetime": {"datetime": "2024-01-20 15:48:51", "elapsed": 5088.781664, "delta": 0.00513}}
{"target": -15.161870323665333, "params": {"colsample_bytree": 0.9945965990964548, "eta": 0.0335977771844093, "gamma": 618.4800941873364, "max_depth": 5.0, "min_child_weight": 4183.649414681122, "num_boost_round": 46.0, "subsample": 0.7502865174848717}, "datetime": {"datetime": "2024-01-20 15:48:51", "elapsed": 5088.786803, "delta": 0.005139}}
{"target": -15.162121765620356, "params": {"colsample_bytree": 0.9945965990964548, "eta": 0.0335977771844093, "gamma": 618.4800941873364, "max_depth": 5.0, "min_child_weight": 4183.649414681122, "num_boost_round": 47.0, "subsample": 0.7502865174848717}, "datetime": {"datetime": "2024-01-20 15:48:51", "elapsed": 5088.792594, "delta": 0.005791}}
{"target": -15.162503991224726, "params": {"colsample_bytree": 0.9945965990964548, "eta": 0.0335977771844093, "gamma": 618.4800941873364, "max_depth": 5.0, "min_child_weight": 4183.649414681122, "num_boost_round": 48.0, "subsample": 0.7502865174848717}, "datetime": {"datetime": "2024-01-20 15:48:51", "elapsed": 5088.798073, "delta": 0.005479}}
{"target": -15.172233298097751, "params": {"colsample_bytree": 0.788462397877589, "eta": 0.02995355158701816, "gamma": 469.39364512721824, "max_depth": 6.0, "min_child_weight": 4432.477350778216, "num_boost_round": 1.0, "subsample": 0.9455077482712964}, "datetime": {"datetime": "2024-01-20 15:49:49", "elapsed": 5147.089585, "delta": 58.291512}}
{"target": -15.170952362756921, "params": {"colsample_bytree": 0.788462397877589, "eta": 0.02995355158701816, "gamma": 469.39364512721824, "max_depth": 6.0, "min_child_weight": 4432.477350778216, "num_boost_round": 2.0, "subsample": 0.9455077482712964}, "datetime": {"datetime": "2024-01-20 15:49:49", "elapsed": 5147.096465, "delta": 0.00688}}
{"target": -15.169720441417653, "params": {"colsample_bytree": 0.788462397877589, "eta": 0.02995355158701816, "gamma": 469.39364512721824, "max_depth": 6.0, "min_child_weight": 4432.477350778216, "num_boost_round": 3.0, "subsample": 0.9455077482712964}, "datetime": {"datetime": "2024-01-20 15:49:49", "elapsed": 5147.103762, "delta": 0.007297}}
{"target": -15.168480871608061, "params": {"colsample_bytree": 0.788462397877589, "eta": 0.02995355158701816, "gamma": 469.39364512721824, "max_depth": 6.0, "min_child_weight": 4432.477350778216, "num_boost_round": 4.0, "subsample": 0.9455077482712964}, "datetime": {"datetime": "2024-01-20 15:49:49", "elapsed": 5147.109676, "delta": 0.005914}}
{"target": -15.16684754311889, "params": {"colsample_bytree": 0.788462397877589, "eta": 0.02995355158701816, "gamma": 469.39364512721824, "max_depth": 6.0, "min_child_weight": 4432.477350778216, "num_boost_round": 5.0, "subsample": 0.9455077482712964}, "datetime": {"datetime": "2024-01-20 15:49:49", "elapsed": 5147.115313, "delta": 0.005637}}
{"target": -15.165590450529077, "params": {"colsample_bytree": 0.788462397877589, "eta": 0.02995355158701816, "gamma": 469.39364512721824, "max_depth": 6.0, "min_child_weight": 4432.477350778216, "num_boost_round": 6.0, "subsample": 0.9455077482712964}, "datetime": {"datetime": "2024-01-20 15:49:49", "elapsed": 5147.120469, "delta": 0.005156}}
{"target": -15.164206845998866, "params": {"colsample_bytree": 0.788462397877589, "eta": 0.02995355158701816, "gamma": 469.39364512721824, "max_depth": 6.0, "min_child_weight": 4432.477350778216, "num_boost_round": 7.0, "subsample": 0.9455077482712964}, "datetime": {"datetime": "2024-01-20 15:49:49", "elapsed": 5147.125589, "delta": 0.00512}}
{"target": -15.16320514385021, "params": {"colsample_bytree": 0.788462397877589, "eta": 0.02995355158701816, "gamma": 469.39364512721824, "max_depth": 6.0, "min_child_weight": 4432.477350778216, "num_boost_round": 8.0, "subsample": 0.9455077482712964}, "datetime": {"datetime": "2024-01-20 15:49:49", "elapsed": 5147.130763, "delta": 0.005174}}
{"target": -15.1628269261266, "params": {"colsample_bytree": 0.788462397877589, "eta": 0.02995355158701816, "gamma": 469.39364512721824, "max_depth": 6.0, "min_child_weight": 4432.477350778216, "num_boost_round": 9.0, "subsample": 0.9455077482712964}, "datetime": {"datetime": "2024-01-20 15:49:49", "elapsed": 5147.136187, "delta": 0.005424}}
{"target": -15.162054435495133, "params": {"colsample_bytree": 0.788462397877589, "eta": 0.02995355158701816, "gamma": 469.39364512721824, "max_depth": 6.0, "min_child_weight": 4432.477350778216, "num_boost_round": 10.0, "subsample": 0.9455077482712964}, "datetime": {"datetime": "2024-01-20 15:49:49", "elapsed": 5147.14183, "delta": 0.005643}}
{"target": -15.160957845860878, "params": {"colsample_bytree": 0.788462397877589, "eta": 0.02995355158701816, "gamma": 469.39364512721824, "max_depth": 6.0, "min_child_weight": 4432.477350778216, "num_boost_round": 11.0, "subsample": 0.9455077482712964}, "datetime": {"datetime": "2024-01-20 15:49:49", "elapsed": 5147.147235, "delta": 0.005405}}
{"target": -15.160239307593631, "params": {"colsample_bytree": 0.788462397877589, "eta": 0.02995355158701816, "gamma": 469.39364512721824, "max_depth": 6.0, "min_child_weight": 4432.477350778216, "num_boost_round": 12.0, "subsample": 0.9455077482712964}, "datetime": {"datetime": "2024-01-20 15:49:49", "elapsed": 5147.152485, "delta": 0.00525}}
{"target": -15.159626748764092, "params": {"colsample_bytree": 0.788462397877589, "eta": 0.02995355158701816, "gamma": 469.39364512721824, "max_depth": 6.0, "min_child_weight": 4432.477350778216, "num_boost_round": 13.0, "subsample": 0.9455077482712964}, "datetime": {"datetime": "2024-01-20 15:49:49", "elapsed": 5147.157712, "delta": 0.005227}}
{"target": -15.15884864478313, "params": {"colsample_bytree": 0.788462397877589, "eta": 0.02995355158701816, "gamma": 469.39364512721824, "max_depth": 6.0, "min_child_weight": 4432.477350778216, "num_boost_round": 14.0, "subsample": 0.9455077482712964}, "datetime": {"datetime": "2024-01-20 15:49:49", "elapsed": 5147.163173, "delta": 0.005461}}
{"target": -15.170245536575113, "params": {"colsample_bytree": 0.8816600849892685, "eta": 0.08570498802869371, "gamma": 510.3732678491929, "max_depth": 8.0, "min_child_weight": 4159.27316601739, "num_boost_round": 1.0, "subsample": 0.6016802608642142}, "datetime": {"datetime": "2024-01-20 15:50:53", "elapsed": 5211.215156, "delta": 64.051983}}
{"target": -15.167258632248162, "params": {"colsample_bytree": 0.8816600849892685, "eta": 0.08570498802869371, "gamma": 510.3732678491929, "max_depth": 8.0, "min_child_weight": 4159.27316601739, "num_boost_round": 2.0, "subsample": 0.6016802608642142}, "datetime": {"datetime": "2024-01-20 15:50:53", "elapsed": 5211.222287, "delta": 0.007131}}
{"target": -15.1621612392384, "params": {"colsample_bytree": 0.8816600849892685, "eta": 0.08570498802869371, "gamma": 510.3732678491929, "max_depth": 8.0, "min_child_weight": 4159.27316601739, "num_boost_round": 3.0, "subsample": 0.6016802608642142}, "datetime": {"datetime": "2024-01-20 15:50:53", "elapsed": 5211.228148, "delta": 0.005861}}
{"target": -15.16086953097087, "params": {"colsample_bytree": 0.8816600849892685, "eta": 0.08570498802869371, "gamma": 510.3732678491929, "max_depth": 8.0, "min_child_weight": 4159.27316601739, "num_boost_round": 4.0, "subsample": 0.6016802608642142}, "datetime": {"datetime": "2024-01-20 15:50:53", "elapsed": 5211.233823, "delta": 0.005675}}
{"target": -15.157541930419335, "params": {"colsample_bytree": 0.8816600849892685, "eta": 0.08570498802869371, "gamma": 510.3732678491929, "max_depth": 8.0, "min_child_weight": 4159.27316601739, "num_boost_round": 5.0, "subsample": 0.6016802608642142}, "datetime": {"datetime": "2024-01-20 15:50:53", "elapsed": 5211.239241, "delta": 0.005418}}
{"target": -15.156706530480147, "params": {"colsample_bytree": 0.8816600849892685, "eta": 0.08570498802869371, "gamma": 510.3732678491929, "max_depth": 8.0, "min_child_weight": 4159.27316601739, "num_boost_round": 6.0, "subsample": 0.6016802608642142}, "datetime": {"datetime": "2024-01-20 15:50:53", "elapsed": 5211.244728, "delta": 0.005487}}
{"target": -15.155564300677765, "params": {"colsample_bytree": 0.8816600849892685, "eta": 0.08570498802869371, "gamma": 510.3732678491929, "max_depth": 8.0, "min_child_weight": 4159.27316601739, "num_boost_round": 7.0, "subsample": 0.6016802608642142}, "datetime": {"datetime": "2024-01-20 15:50:53", "elapsed": 5211.250103, "delta": 0.005375}}
{"target": -15.15512954570601, "params": {"colsample_bytree": 0.8816600849892685, "eta": 0.08570498802869371, "gamma": 510.3732678491929, "max_depth": 8.0, "min_child_weight": 4159.27316601739, "num_boost_round": 8.0, "subsample": 0.6016802608642142}, "datetime": {"datetime": "2024-01-20 15:50:53", "elapsed": 5211.255378, "delta": 0.005275}}
{"target": -15.155264762435927, "params": {"colsample_bytree": 0.8816600849892685, "eta": 0.08570498802869371, "gamma": 510.3732678491929, "max_depth": 8.0, "min_child_weight": 4159.27316601739, "num_boost_round": 9.0, "subsample": 0.6016802608642142}, "datetime": {"datetime": "2024-01-20 15:50:53", "elapsed": 5211.260423, "delta": 0.005045}}
{"target": -15.1548468065706, "params": {"colsample_bytree": 0.8816600849892685, "eta": 0.08570498802869371, "gamma": 510.3732678491929, "max_depth": 8.0, "min_child_weight": 4159.27316601739, "num_boost_round": 10.0, "subsample": 0.6016802608642142}, "datetime": {"datetime": "2024-01-20 15:50:53", "elapsed": 5211.265501, "delta": 0.005078}}
{"target": -15.155690534829148, "params": {"colsample_bytree": 0.8816600849892685, "eta": 0.08570498802869371, "gamma": 510.3732678491929, "max_depth": 8.0, "min_child_weight": 4159.27316601739, "num_boost_round": 11.0, "subsample": 0.6016802608642142}, "datetime": {"datetime": "2024-01-20 15:50:53", "elapsed": 5211.270787, "delta": 0.005286}}
{"target": -15.155349200467207, "params": {"colsample_bytree": 0.8816600849892685, "eta": 0.08570498802869371, "gamma": 510.3732678491929, "max_depth": 8.0, "min_child_weight": 4159.27316601739, "num_boost_round": 12.0, "subsample": 0.6016802608642142}, "datetime": {"datetime": "2024-01-20 15:50:53", "elapsed": 5211.27597, "delta": 0.005183}}
{"target": -15.15605242968926, "params": {"colsample_bytree": 0.8816600849892685, "eta": 0.08570498802869371, "gamma": 510.3732678491929, "max_depth": 8.0, "min_child_weight": 4159.27316601739, "num_boost_round": 13.0, "subsample": 0.6016802608642142}, "datetime": {"datetime": "2024-01-20 15:50:53", "elapsed": 5211.281135, "delta": 0.005165}}
{"target": -15.15628989937018, "params": {"colsample_bytree": 0.8816600849892685, "eta": 0.08570498802869371, "gamma": 510.3732678491929, "max_depth": 8.0, "min_child_weight": 4159.27316601739, "num_boost_round": 14.0, "subsample": 0.6016802608642142}, "datetime": {"datetime": "2024-01-20 15:50:53", "elapsed": 5211.286694, "delta": 0.005559}}
{"target": -15.156920665419017, "params": {"colsample_bytree": 0.8816600849892685, "eta": 0.08570498802869371, "gamma": 510.3732678491929, "max_depth": 8.0, "min_child_weight": 4159.27316601739, "num_boost_round": 15.0, "subsample": 0.6016802608642142}, "datetime": {"datetime": "2024-01-20 15:50:53", "elapsed": 5211.292751, "delta": 0.006057}}
{"target": -15.15774661857941, "params": {"colsample_bytree": 0.8816600849892685, "eta": 0.08570498802869371, "gamma": 510.3732678491929, "max_depth": 8.0, "min_child_weight": 4159.27316601739, "num_boost_round": 16.0, "subsample": 0.6016802608642142}, "datetime": {"datetime": "2024-01-20 15:50:53", "elapsed": 5211.298416, "delta": 0.005665}}
{"target": -15.15883079971518, "params": {"colsample_bytree": 0.8816600849892685, "eta": 0.08570498802869371, "gamma": 510.3732678491929, "max_depth": 8.0, "min_child_weight": 4159.27316601739, "num_boost_round": 17.0, "subsample": 0.6016802608642142}, "datetime": {"datetime": "2024-01-20 15:50:53", "elapsed": 5211.304449, "delta": 0.006033}}
{"target": -15.160593854272738, "params": {"colsample_bytree": 0.8816600849892685, "eta": 0.08570498802869371, "gamma": 510.3732678491929, "max_depth": 8.0, "min_child_weight": 4159.27316601739, "num_boost_round": 18.0, "subsample": 0.6016802608642142}, "datetime": {"datetime": "2024-01-20 15:50:53", "elapsed": 5211.310379, "delta": 0.00593}}
{"target": -15.162170056194554, "params": {"colsample_bytree": 0.8816600849892685, "eta": 0.08570498802869371, "gamma": 510.3732678491929, "max_depth": 8.0, "min_child_weight": 4159.27316601739, "num_boost_round": 19.0, "subsample": 0.6016802608642142}, "datetime": {"datetime": "2024-01-20 15:50:53", "elapsed": 5211.316336, "delta": 0.005957}}
{"target": -15.16290363531275, "params": {"colsample_bytree": 0.8816600849892685, "eta": 0.08570498802869371, "gamma": 510.3732678491929, "max_depth": 8.0, "min_child_weight": 4159.27316601739, "num_boost_round": 20.0, "subsample": 0.6016802608642142}, "datetime": {"datetime": "2024-01-20 15:50:53", "elapsed": 5211.321638, "delta": 0.005302}}
{"target": -15.163047319395506, "params": {"colsample_bytree": 0.8816600849892685, "eta": 0.08570498802869371, "gamma": 510.3732678491929, "max_depth": 8.0, "min_child_weight": 4159.27316601739, "num_boost_round": 21.0, "subsample": 0.6016802608642142}, "datetime": {"datetime": "2024-01-20 15:50:53", "elapsed": 5211.326639, "delta": 0.005001}}
{"target": -15.1714834612417, "params": {"colsample_bytree": 0.15794267784433197, "eta": 0.053366641429043786, "gamma": 628.688249382224, "max_depth": 4.0, "min_child_weight": 4161.448176746779, "num_boost_round": 1.0, "subsample": 0.4053717691667603}, "datetime": {"datetime": "2024-01-20 15:52:23", "elapsed": 5300.873095, "delta": 89.546456}}
{"target": -15.170315674036644, "params": {"colsample_bytree": 0.15794267784433197, "eta": 0.053366641429043786, "gamma": 628.688249382224, "max_depth": 4.0, "min_child_weight": 4161.448176746779, "num_boost_round": 2.0, "subsample": 0.4053717691667603}, "datetime": {"datetime": "2024-01-20 15:52:23", "elapsed": 5300.879932, "delta": 0.006837}}
{"target": -15.168796939306452, "params": {"colsample_bytree": 0.15794267784433197, "eta": 0.053366641429043786, "gamma": 628.688249382224, "max_depth": 4.0, "min_child_weight": 4161.448176746779, "num_boost_round": 3.0, "subsample": 0.4053717691667603}, "datetime": {"datetime": "2024-01-20 15:52:23", "elapsed": 5300.885539, "delta": 0.005607}}
{"target": -15.16899283187632, "params": {"colsample_bytree": 0.15794267784433197, "eta": 0.053366641429043786, "gamma": 628.688249382224, "max_depth": 4.0, "min_child_weight": 4161.448176746779, "num_boost_round": 4.0, "subsample": 0.4053717691667603}, "datetime": {"datetime": "2024-01-20 15:52:23", "elapsed": 5300.890879, "delta": 0.00534}}
{"target": -15.167368233792068, "params": {"colsample_bytree": 0.15794267784433197, "eta": 0.053366641429043786, "gamma": 628.688249382224, "max_depth": 4.0, "min_child_weight": 4161.448176746779, "num_boost_round": 5.0, "subsample": 0.4053717691667603}, "datetime": {"datetime": "2024-01-20 15:52:23", "elapsed": 5300.896215, "delta": 0.005336}}
{"target": -15.166116516867074, "params": {"colsample_bytree": 0.15794267784433197, "eta": 0.053366641429043786, "gamma": 628.688249382224, "max_depth": 4.0, "min_child_weight": 4161.448176746779, "num_boost_round": 6.0, "subsample": 0.4053717691667603}, "datetime": {"datetime": "2024-01-20 15:52:23", "elapsed": 5300.901623, "delta": 0.005408}}
