{"target": -15.172568414591773, "params": {"colsample_bytree": 0.8992407190512434, "eta": 0.0019190073573534165, "gamma": 507.70482825774985, "max_depth": 2.0, "min_child_weight": 4355.295433151813, "num_boost_round": 6.0, "subsample": 0.5568946718008039}, "datetime": {"datetime": "2024-01-20 14:33:47", "elapsed": 585.125733, "delta": 0.001141}}
{"target": -15.172468973885294, "params": {"colsample_bytree": 0.8992407190512434, "eta": 0.0019190073573534165, "gamma": 507.70482825774985, "max_depth": 2.0, "min_child_weight": 4355.295433151813, "num_boost_round": 7.0, "subsample": 0.5568946718008039}, "datetime": {"datetime": "2024-01-20 14:33:47", "elapsed": 585.12683, "delta": 0.001097}}
{"target": -15.172364348930175, "params": {"colsample_bytree": 0.8992407190512434, "eta": 0.0019190073573534165, "gamma": 507.70482825774985, "max_depth": 2.0, "min_child_weight": 4355.295433151813, "num_boost_round": 8.0, "subsample": 0.5568946718008039}, "datetime": {"datetime": "2024-01-20 14:33:47", "elapsed": 585.12796, "delta": 0.00113}}
{"target": -15.172326598813187, "params": {"colsample_bytree": 0.8992407190512434, "eta": 0.0019190073573534165, "gamma": 507.70482825774985, "max_depth": 2.0, "min_child_weight": 4355.295433151813, "num_boost_round": 9.0, "subsample": 0.5568946718008039}, "datetime": {"datetime": "2024-01-20 14:33:47", "elapsed": 585.133528, "delta": 0.005568}}
{"target": -15.172222404800014, "params": {"colsample_bytree": 0.8992407190512434, "eta": 0.0019190073573534165, "gamma": 507.70482825774985, "max_depth": 2.0, "min_child_weight": 4355.295433151813, "num_boost_round": 10.0, "subsample": 0.5568946718008039}, "datetime": {"datetime": "2024-01-20 14:33:47", "elapsed": 585.134659, "delta": 0.001131}}
{"target": -15.172118217523082, "params": {"colsample_bytree": 0.8992407190512434, "eta": 0.0019190073573534165, "gamma": 507.70482825774985, "max_depth": 2.0, "min_child_weight": 4355.295433151813, "num_boost_round": 11.0, "subsample": 0.5568946718008039}, "datetime": {"datetime": "2024-01-20 14:33:47", "elapsed": 585.13578, "delta": 0.001121}}
{"target": -15.17206615602932, "params": {"colsample_bytree": 0.8992407190512434, "eta": 0.0019190073573534165, "gamma": 507.70482825774985, "max_depth": 2.0, "min_child_weight": 4355.295433151813, "num_boost_round": 12.0, "subsample": 0.5568946718008039}, "datetime": {"datetime": "2024-01-20 14:33:47", "elapsed": 585.136897, "delta": 0.001117}}
{"target": -15.17196153418601, "params": {"colsample_bytree": 0.8992407190512434, "eta": 0.0019190073573534165, "gamma": 507.70482825774985, "max_depth": 2.0, "min_child_weight": 4355.295433151813, "num_boost_round": 13.0, "subsample": 0.5568946718008039}, "datetime": {"datetime": "2024-01-20 14:33:47", "elapsed": 585.13801, "delta": 0.001113}}
{"target": -15.171873107202767, "params": {"colsample_bytree": 0.8992407190512434, "eta": 0.0019190073573534165, "gamma": 507.70482825774985, "max_depth": 2.0, "min_child_weight": 4355.295433151813, "num_boost_round": 14.0, "subsample": 0.5568946718008039}, "datetime": {"datetime": "2024-01-20 14:33:47", "elapsed": 585.139123, "delta": 0.001113}}
{"target": -15.171828927324627, "params": {"colsample_bytree": 0.8992407190512434, "eta": 0.0019190073573534165, "gamma": 507.70482825774985, "max_depth": 2.0, "min_child_weight": 4355.295433151813, "num_boost_round": 15.0, "subsample": 0.5568946718008039}, "datetime": {"datetime": "2024-01-20 14:33:47", "elapsed": 585.140224, "delta": 0.001101}}
{"target": -15.171726499264196, "params": {"colsample_bytree": 0.8992407190512434, "eta": 0.0019190073573534165, "gamma": 507.70482825774985, "max_depth": 2.0, "min_child_weight": 4355.295433151813, "num_boost_round": 16.0, "subsample": 0.5568946718008039}, "datetime": {"datetime": "2024-01-20 14:33:47", "elapsed": 585.141539, "delta": 0.001315}}
{"target": -15.17162685036853, "params": {"colsample_bytree": 0.8992407190512434, "eta": 0.0019190073573534165, "gamma": 507.70482825774985, "max_depth": 2.0, "min_child_weight": 4355.295433151813, "num_boost_round": 17.0, "subsample": 0.5568946718008039}, "datetime": {"datetime": "2024-01-20 14:33:47", "elapsed": 585.142842, "delta": 0.001303}}
{"target": -15.171534021015333, "params": {"colsample_bytree": 0.8992407190512434, "eta": 0.0019190073573534165, "gamma": 507.70482825774985, "max_depth": 2.0, "min_child_weight": 4355.295433151813, "num_boost_round": 18.0, "subsample": 0.5568946718008039}, "datetime": {"datetime": "2024-01-20 14:33:47", "elapsed": 585.144052, "delta": 0.00121}}
{"target": -15.171433197651393, "params": {"colsample_bytree": 0.8992407190512434, "eta": 0.0019190073573534165, "gamma": 507.70482825774985, "max_depth": 2.0, "min_child_weight": 4355.295433151813, "num_boost_round": 19.0, "subsample": 0.5568946718008039}, "datetime": {"datetime": "2024-01-20 14:33:47", "elapsed": 585.145165, "delta": 0.001113}}
{"target": -15.171391531369373, "params": {"colsample_bytree": 0.8992407190512434, "eta": 0.0019190073573534165, "gamma": 507.70482825774985, "max_depth": 2.0, "min_child_weight": 4355.295433151813, "num_boost_round": 20.0, "subsample": 0.5568946718008039}, "datetime": {"datetime": "2024-01-20 14:33:47", "elapsed": 585.146307, "delta": 0.001142}}
{"target": -15.171298799975126, "params": {"colsample_bytree": 0.8992407190512434, "eta": 0.0019190073573534165, "gamma": 507.70482825774985, "max_depth": 2.0, "min_child_weight": 4355.295433151813, "num_boost_round": 21.0, "subsample": 0.5568946718008039}, "datetime": {"datetime": "2024-01-20 14:33:47", "elapsed": 585.147438, "delta": 0.001131}}
{"target": -15.171211902507665, "params": {"colsample_bytree": 0.8992407190512434, "eta": 0.0019190073573534165, "gamma": 507.70482825774985, "max_depth": 2.0, "min_child_weight": 4355.295433151813, "num_boost_round": 22.0, "subsample": 0.5568946718008039}, "datetime": {"datetime": "2024-01-20 14:33:47", "elapsed": 585.148616, "delta": 0.001178}}
{"target": -15.17111332030182, "params": {"colsample_bytree": 0.8992407190512434, "eta": 0.0019190073573534165, "gamma": 507.70482825774985, "max_depth": 2.0, "min_child_weight": 4355.295433151813, "num_boost_round": 23.0, "subsample": 0.5568946718008039}, "datetime": {"datetime": "2024-01-20 14:33:47", "elapsed": 585.149771, "delta": 0.001155}}
{"target": -15.171014101197853, "params": {"colsample_bytree": 0.8992407190512434, "eta": 0.0019190073573534165, "gamma": 507.70482825774985, "max_depth": 2.0, "min_child_weight": 4355.295433151813, "num_boost_round": 24.0, "subsample": 0.5568946718008039}, "datetime": {"datetime": "2024-01-20 14:33:47", "elapsed": 585.150943, "delta": 0.001172}}
{"target": -15.170972939184331, "params": {"colsample_bytree": 0.8992407190512434, "eta": 0.0019190073573534165, "gamma": 507.70482825774985, "max_depth": 2.0, "min_child_weight": 4355.295433151813, "num_boost_round": 25.0, "subsample": 0.5568946718008039}, "datetime": {"datetime": "2024-01-20 14:33:47", "elapsed": 585.152136, "delta": 0.001193}}
{"target": -15.170875970885103, "params": {"colsample_bytree": 0.8992407190512434, "eta": 0.0019190073573534165, "gamma": 507.70482825774985, "max_depth": 2.0, "min_child_weight": 4355.295433151813, "num_boost_round": 26.0, "subsample": 0.5568946718008039}, "datetime": {"datetime": "2024-01-20 14:33:47", "elapsed": 585.153348, "delta": 0.001212}}
{"target": -15.170779071955248, "params": {"colsample_bytree": 0.8992407190512434, "eta": 0.0019190073573534165, "gamma": 507.70482825774985, "max_depth": 2.0, "min_child_weight": 4355.295433151813, "num_boost_round": 27.0, "subsample": 0.5568946718008039}, "datetime": {"datetime": "2024-01-20 14:33:47", "elapsed": 585.154531, "delta": 0.001183}}
{"target": -15.17068531104145, "params": {"colsample_bytree": 0.8992407190512434, "eta": 0.0019190073573534165, "gamma": 507.70482825774985, "max_depth": 2.0, "min_child_weight": 4355.295433151813, "num_boost_round": 28.0, "subsample": 0.5568946718008039}, "datetime": {"datetime": "2024-01-20 14:33:47", "elapsed": 585.155729, "delta": 0.001198}}
{"target": -15.17064946665237, "params": {"colsample_bytree": 0.8992407190512434, "eta": 0.0019190073573534165, "gamma": 507.70482825774985, "max_depth": 2.0, "min_child_weight": 4355.295433151813, "num_boost_round": 29.0, "subsample": 0.5568946718008039}, "datetime": {"datetime": "2024-01-20 14:33:47", "elapsed": 585.156895, "delta": 0.001166}}
{"target": -15.17055025206249, "params": {"colsample_bytree": 0.8992407190512434, "eta": 0.0019190073573534165, "gamma": 507.70482825774985, "max_depth": 2.0, "min_child_weight": 4355.295433151813, "num_boost_round": 30.0, "subsample": 0.5568946718008039}, "datetime": {"datetime": "2024-01-20 14:33:47", "elapsed": 585.158121, "delta": 0.001226}}
{"target": -15.170455726714845, "params": {"colsample_bytree": 0.8992407190512434, "eta": 0.0019190073573534165, "gamma": 507.70482825774985, "max_depth": 2.0, "min_child_weight": 4355.295433151813, "num_boost_round": 31.0, "subsample": 0.5568946718008039}, "datetime": {"datetime": "2024-01-20 14:33:47", "elapsed": 585.159293, "delta": 0.001172}}
{"target": -15.170414143583791, "params": {"colsample_bytree": 0.8992407190512434, "eta": 0.0019190073573534165, "gamma": 507.70482825774985, "max_depth": 2.0, "min_child_weight": 4355.295433151813, "num_boost_round": 32.0, "subsample": 0.5568946718008039}, "datetime": {"datetime": "2024-01-20 14:33:47", "elapsed": 585.160478, "delta": 0.001185}}
{"target": -15.17037963376346, "params": {"colsample_bytree": 0.8992407190512434, "eta": 0.0019190073573534165, "gamma": 507.70482825774985, "max_depth": 2.0, "min_child_weight": 4355.295433151813, "num_boost_round": 33.0, "subsample": 0.5568946718008039}, "datetime": {"datetime": "2024-01-20 14:33:47", "elapsed": 585.161674, "delta": 0.001196}}
{"target": -15.170295761681704, "params": {"colsample_bytree": 0.8992407190512434, "eta": 0.0019190073573534165, "gamma": 507.70482825774985, "max_depth": 2.0, "min_child_weight": 4355.295433151813, "num_boost_round": 34.0, "subsample": 0.5568946718008039}, "datetime": {"datetime": "2024-01-20 14:33:47", "elapsed": 585.162849, "delta": 0.001175}}
{"target": -15.17019792777079, "params": {"colsample_bytree": 0.8992407190512434, "eta": 0.0019190073573534165, "gamma": 507.70482825774985, "max_depth": 2.0, "min_child_weight": 4355.295433151813, "num_boost_round": 35.0, "subsample": 0.5568946718008039}, "datetime": {"datetime": "2024-01-20 14:33:47", "elapsed": 585.164014, "delta": 0.001165}}
{"target": -15.170105580740739, "params": {"colsample_bytree": 0.8992407190512434, "eta": 0.0019190073573534165, "gamma": 507.70482825774985, "max_depth": 2.0, "min_child_weight": 4355.295433151813, "num_boost_round": 36.0, "subsample": 0.5568946718008039}, "datetime": {"datetime": "2024-01-20 14:33:47", "elapsed": 585.165208, "delta": 0.001194}}
{"target": -15.170007076498813, "params": {"colsample_bytree": 0.8992407190512434, "eta": 0.0019190073573534165, "gamma": 507.70482825774985, "max_depth": 2.0, "min_child_weight": 4355.295433151813, "num_boost_round": 37.0, "subsample": 0.5568946718008039}, "datetime": {"datetime": "2024-01-20 14:33:47", "elapsed": 585.166382, "delta": 0.001174}}
{"target": -15.169920482505711, "params": {"colsample_bytree": 0.8992407190512434, "eta": 0.0019190073573534165, "gamma": 507.70482825774985, "max_depth": 2.0, "min_child_weight": 4355.295433151813, "num_boost_round": 38.0, "subsample": 0.5568946718008039}, "datetime": {"datetime": "2024-01-20 14:33:47", "elapsed": 585.167576, "delta": 0.001194}}
{"target": -15.169837125216524, "params": {"colsample_bytree": 0.8992407190512434, "eta": 0.0019190073573534165, "gamma": 507.70482825774985, "max_depth": 2.0, "min_child_weight": 4355.295433151813, "num_boost_round": 39.0, "subsample": 0.5568946718008039}, "datetime": {"datetime": "2024-01-20 14:33:47", "elapsed": 585.168756, "delta": 0.00118}}
{"target": -15.16974458793124, "params": {"colsample_bytree": 0.8992407190512434, "eta": 0.0019190073573534165, "gamma": 507.70482825774985, "max_depth": 2.0, "min_child_weight": 4355.295433151813, "num_boost_round": 40.0, "subsample": 0.5568946718008039}, "datetime": {"datetime": "2024-01-20 14:33:47", "elapsed": 585.169931, "delta": 0.001175}}
{"target": -15.16965876772882, "params": {"colsample_bytree": 0.8992407190512434, "eta": 0.0019190073573534165, "gamma": 507.70482825774985, "max_depth": 2.0, "min_child_weight": 4355.295433151813, "num_boost_round": 41.0, "subsample": 0.5568946718008039}, "datetime": {"datetime": "2024-01-20 14:33:47", "elapsed": 585.171114, "delta": 0.001183}}
{"target": -15.169571440932103, "params": {"colsample_bytree": 0.8992407190512434, "eta": 0.0019190073573534165, "gamma": 507.70482825774985, "max_depth": 2.0, "min_child_weight": 4355.295433151813, "num_boost_round": 42.0, "subsample": 0.5568946718008039}, "datetime": {"datetime": "2024-01-20 14:33:47", "elapsed": 585.1723, "delta": 0.001186}}
{"target": -15.169474769849398, "params": {"colsample_bytree": 0.8992407190512434, "eta": 0.0019190073573534165, "gamma": 507.70482825774985, "max_depth": 2.0, "min_child_weight": 4355.295433151813, "num_boost_round": 43.0, "subsample": 0.5568946718008039}, "datetime": {"datetime": "2024-01-20 14:33:47", "elapsed": 585.173499, "delta": 0.001199}}
{"target": -15.16943674331423, "params": {"colsample_bytree": 0.8992407190512434, "eta": 0.0019190073573534165, "gamma": 507.70482825774985, "max_depth": 2.0, "min_child_weight": 4355.295433151813, "num_boost_round": 44.0, "subsample": 0.5568946718008039}, "datetime": {"datetime": "2024-01-20 14:33:47", "elapsed": 585.174689, "delta": 0.00119}}
{"target": -15.169440234196067, "params": {"colsample_bytree": 0.8992407190512434, "eta": 0.0019190073573534165, "gamma": 507.70482825774985, "max_depth": 2.0, "min_child_weight": 4355.295433151813, "num_boost_round": 45.0, "subsample": 0.5568946718008039}, "datetime": {"datetime": "2024-01-20 14:33:47", "elapsed": 585.176352, "delta": 0.001663}}
{"target": -15.169353520301044, "params": {"colsample_bytree": 0.8992407190512434, "eta": 0.0019190073573534165, "gamma": 507.70482825774985, "max_depth": 2.0, "min_child_weight": 4355.295433151813, "num_boost_round": 46.0, "subsample": 0.5568946718008039}, "datetime": {"datetime": "2024-01-20 14:33:47", "elapsed": 585.177522, "delta": 0.00117}}
{"target": -15.169261775598144, "params": {"colsample_bytree": 0.8992407190512434, "eta": 0.0019190073573534165, "gamma": 507.70482825774985, "max_depth": 2.0, "min_child_weight": 4355.295433151813, "num_boost_round": 47.0, "subsample": 0.5568946718008039}, "datetime": {"datetime": "2024-01-20 14:33:47", "elapsed": 585.178966, "delta": 0.001444}}
{"target": -15.16917168773001, "params": {"colsample_bytree": 0.8992407190512434, "eta": 0.0019190073573534165, "gamma": 507.70482825774985, "max_depth": 2.0, "min_child_weight": 4355.295433151813, "num_boost_round": 48.0, "subsample": 0.5568946718008039}, "datetime": {"datetime": "2024-01-20 14:33:47", "elapsed": 585.180166, "delta": 0.0012}}
{"target": -15.169083569837422, "params": {"colsample_bytree": 0.8992407190512434, "eta": 0.0019190073573534165, "gamma": 507.70482825774985, "max_depth": 2.0, "min_child_weight": 4355.295433151813, "num_boost_round": 49.0, "subsample": 0.5568946718008039}, "datetime": {"datetime": "2024-01-20 14:33:47", "elapsed": 585.181348, "delta": 0.001182}}
{"target": -15.169009002637097, "params": {"colsample_bytree": 0.8992407190512434, "eta": 0.0019190073573534165, "gamma": 507.70482825774985, "max_depth": 2.0, "min_child_weight": 4355.295433151813, "num_boost_round": 50.0, "subsample": 0.5568946718008039}, "datetime": {"datetime": "2024-01-20 14:33:47", "elapsed": 585.182499, "delta": 0.001151}}
{"target": -15.168917335618008, "params": {"colsample_bytree": 0.8992407190512434, "eta": 0.0019190073573534165, "gamma": 507.70482825774985, "max_depth": 2.0, "min_child_weight": 4355.295433151813, "num_boost_round": 51.0, "subsample": 0.5568946718008039}, "datetime": {"datetime": "2024-01-20 14:33:47", "elapsed": 585.183642, "delta": 0.001143}}
{"target": -15.168829905574915, "params": {"colsample_bytree": 0.8992407190512434, "eta": 0.0019190073573534165, "gamma": 507.70482825774985, "max_depth": 2.0, "min_child_weight": 4355.295433151813, "num_boost_round": 52.0, "subsample": 0.5568946718008039}, "datetime": {"datetime": "2024-01-20 14:33:47", "elapsed": 585.184791, "delta": 0.001149}}
{"target": -15.168751721880952, "params": {"colsample_bytree": 0.8992407190512434, "eta": 0.0019190073573534165, "gamma": 507.70482825774985, "max_depth": 2.0, "min_child_weight": 4355.295433151813, "num_boost_round": 53.0, "subsample": 0.5568946718008039}, "datetime": {"datetime": "2024-01-20 14:33:47", "elapsed": 585.185935, "delta": 0.001144}}
{"target": -15.168670774272726, "params": {"colsample_bytree": 0.8992407190512434, "eta": 0.0019190073573534165, "gamma": 507.70482825774985, "max_depth": 2.0, "min_child_weight": 4355.295433151813, "num_boost_round": 54.0, "subsample": 0.5568946718008039}, "datetime": {"datetime": "2024-01-20 14:33:47", "elapsed": 585.187088, "delta": 0.001153}}
{"target": -15.171340345910863, "params": {"colsample_bytree": 0.20194503306626813, "eta": 0.05018634594061719, "gamma": 600.9205423419472, "max_depth": 6.0, "min_child_weight": 4181.358777964816, "num_boost_round": 1.0, "subsample": 0.46267981741579955}, "datetime": {"datetime": "2024-01-20 14:34:28", "elapsed": 625.939022, "delta": 40.751934}}
{"target": -15.170048562876584, "params": {"colsample_bytree": 0.20194503306626813, "eta": 0.05018634594061719, "gamma": 600.9205423419472, "max_depth": 6.0, "min_child_weight": 4181.358777964816, "num_boost_round": 2.0, "subsample": 0.46267981741579955}, "datetime": {"datetime": "2024-01-20 14:34:28", "elapsed": 625.940906, "delta": 0.001884}}
{"target": -15.168517690584796, "params": {"colsample_bytree": 0.20194503306626813, "eta": 0.05018634594061719, "gamma": 600.9205423419472, "max_depth": 6.0, "min_child_weight": 4181.358777964816, "num_boost_round": 3.0, "subsample": 0.46267981741579955}, "datetime": {"datetime": "2024-01-20 14:34:28", "elapsed": 625.942512, "delta": 0.001606}}
{"target": -15.168539031971932, "params": {"colsample_bytree": 0.20194503306626813, "eta": 0.05018634594061719, "gamma": 600.9205423419472, "max_depth": 6.0, "min_child_weight": 4181.358777964816, "num_boost_round": 4.0, "subsample": 0.46267981741579955}, "datetime": {"datetime": "2024-01-20 14:34:28", "elapsed": 625.943809, "delta": 0.001297}}
{"target": -15.16666836925181, "params": {"colsample_bytree": 0.20194503306626813, "eta": 0.05018634594061719, "gamma": 600.9205423419472, "max_depth": 6.0, "min_child_weight": 4181.358777964816, "num_boost_round": 5.0, "subsample": 0.46267981741579955}, "datetime": {"datetime": "2024-01-20 14:34:28", "elapsed": 625.945575, "delta": 0.001766}}
{"target": -15.165391634647019, "params": {"colsample_bytree": 0.20194503306626813, "eta": 0.05018634594061719, "gamma": 600.9205423419472, "max_depth": 6.0, "min_child_weight": 4181.358777964816, "num_boost_round": 6.0, "subsample": 0.46267981741579955}, "datetime": {"datetime": "2024-01-20 14:34:28", "elapsed": 625.946909, "delta": 0.001334}}
{"target": -15.164344296866272, "params": {"colsample_bytree": 0.20194503306626813, "eta": 0.05018634594061719, "gamma": 600.9205423419472, "max_depth": 6.0, "min_child_weight": 4181.358777964816, "num_boost_round": 7.0, "subsample": 0.46267981741579955}, "datetime": {"datetime": "2024-01-20 14:34:28", "elapsed": 625.948145, "delta": 0.001236}}
{"target": -15.163103326993728, "params": {"colsample_bytree": 0.20194503306626813, "eta": 0.05018634594061719, "gamma": 600.9205423419472, "max_depth": 6.0, "min_child_weight": 4181.358777964816, "num_boost_round": 8.0, "subsample": 0.46267981741579955}, "datetime": {"datetime": "2024-01-20 14:34:28", "elapsed": 625.949368, "delta": 0.001223}}
{"target": -15.162926724885368, "params": {"colsample_bytree": 0.20194503306626813, "eta": 0.05018634594061719, "gamma": 600.9205423419472, "max_depth": 6.0, "min_child_weight": 4181.358777964816, "num_boost_round": 9.0, "subsample": 0.46267981741579955}, "datetime": {"datetime": "2024-01-20 14:34:28", "elapsed": 625.950608, "delta": 0.00124}}
{"target": -15.162107399921076, "params": {"colsample_bytree": 0.20194503306626813, "eta": 0.05018634594061719, "gamma": 600.9205423419472, "max_depth": 6.0, "min_child_weight": 4181.358777964816, "num_boost_round": 10.0, "subsample": 0.46267981741579955}, "datetime": {"datetime": "2024-01-20 14:34:28", "elapsed": 625.951945, "delta": 0.001337}}
{"target": -15.162083544796932, "params": {"colsample_bytree": 0.20194503306626813, "eta": 0.05018634594061719, "gamma": 600.9205423419472, "max_depth": 6.0, "min_child_weight": 4181.358777964816, "num_boost_round": 11.0, "subsample": 0.46267981741579955}, "datetime": {"datetime": "2024-01-20 14:34:28", "elapsed": 625.95315, "delta": 0.001205}}
{"target": -15.161906456218713, "params": {"colsample_bytree": 0.20194503306626813, "eta": 0.05018634594061719, "gamma": 600.9205423419472, "max_depth": 6.0, "min_child_weight": 4181.358777964816, "num_boost_round": 12.0, "subsample": 0.46267981741579955}, "datetime": {"datetime": "2024-01-20 14:34:28", "elapsed": 625.954334, "delta": 0.001184}}
{"target": -15.162124412466365, "params": {"colsample_bytree": 0.20194503306626813, "eta": 0.05018634594061719, "gamma": 600.9205423419472, "max_depth": 6.0, "min_child_weight": 4181.358777964816, "num_boost_round": 13.0, "subsample": 0.46267981741579955}, "datetime": {"datetime": "2024-01-20 14:34:28", "elapsed": 625.955508, "delta": 0.001174}}
{"target": -15.162194583469297, "params": {"colsample_bytree": 0.20194503306626813, "eta": 0.05018634594061719, "gamma": 600.9205423419472, "max_depth": 6.0, "min_child_weight": 4181.358777964816, "num_boost_round": 14.0, "subsample": 0.46267981741579955}, "datetime": {"datetime": "2024-01-20 14:34:28", "elapsed": 625.956681, "delta": 0.001173}}
