{"target": -12.35182335961587, "params": {"colsample_bytree": 0.877055220739123, "eta": 0.027389357598025084, "gamma": 653.0603969973812, "max_depth": 3.0, "min_child_weight": 4249.98949549415, "num_boost_round": 5.0, "subsample": 0.535866382709606}, "datetime": {"datetime": "2024-01-20 16:25:55", "elapsed": 7322.097102, "delta": 0.007034}}
{"target": -12.350837235040345, "params": {"colsample_bytree": 0.877055220739123, "eta": 0.027389357598025084, "gamma": 653.0603969973812, "max_depth": 3.0, "min_child_weight": 4249.98949549415, "num_boost_round": 6.0, "subsample": 0.535866382709606}, "datetime": {"datetime": "2024-01-20 16:25:55", "elapsed": 7322.103496, "delta": 0.006394}}
{"target": -12.349821738637857, "params": {"colsample_bytree": 0.877055220739123, "eta": 0.027389357598025084, "gamma": 653.0603969973812, "max_depth": 3.0, "min_child_weight": 4249.98949549415, "num_boost_round": 7.0, "subsample": 0.535866382709606}, "datetime": {"datetime": "2024-01-20 16:25:55", "elapsed": 7322.109757, "delta": 0.006261}}
{"target": -12.348711871418548, "params": {"colsample_bytree": 0.877055220739123, "eta": 0.027389357598025084, "gamma": 653.0603969973812, "max_depth": 3.0, "min_child_weight": 4249.98949549415, "num_boost_round": 8.0, "subsample": 0.535866382709606}, "datetime": {"datetime": "2024-01-20 16:25:55", "elapsed": 7322.116576, "delta": 0.006819}}
{"target": -12.347885160545012, "params": {"colsample_bytree": 0.877055220739123, "eta": 0.027389357598025084, "gamma": 653.0603969973812, "max_depth": 3.0, "min_child_weight": 4249.98949549415, "num_boost_round": 9.0, "subsample": 0.535866382709606}, "datetime": {"datetime": "2024-01-20 16:25:55", "elapsed": 7322.123432, "delta": 0.006856}}
{"target": -12.347340190304593, "params": {"colsample_bytree": 0.877055220739123, "eta": 0.027389357598025084, "gamma": 653.0603969973812, "max_depth": 3.0, "min_child_weight": 4249.98949549415, "num_boost_round": 10.0, "subsample": 0.535866382709606}, "datetime": {"datetime": "2024-01-20 16:25:55", "elapsed": 7322.130106, "delta": 0.006674}}
{"target": -12.34644054932578, "params": {"colsample_bytree": 0.877055220739123, "eta": 0.027389357598025084, "gamma": 653.0603969973812, "max_depth": 3.0, "min_child_weight": 4249.98949549415, "num_boost_round": 11.0, "subsample": 0.535866382709606}, "datetime": {"datetime": "2024-01-20 16:25:55", "elapsed": 7322.136622, "delta": 0.006516}}
{"target": -12.345807204507373, "params": {"colsample_bytree": 0.877055220739123, "eta": 0.027389357598025084, "gamma": 653.0603969973812, "max_depth": 3.0, "min_child_weight": 4249.98949549415, "num_boost_round": 12.0, "subsample": 0.535866382709606}, "datetime": {"datetime": "2024-01-20 16:25:55", "elapsed": 7322.143108, "delta": 0.006486}}
{"target": -12.345132394195144, "params": {"colsample_bytree": 0.877055220739123, "eta": 0.027389357598025084, "gamma": 653.0603969973812, "max_depth": 3.0, "min_child_weight": 4249.98949549415, "num_boost_round": 13.0, "subsample": 0.535866382709606}, "datetime": {"datetime": "2024-01-20 16:25:55", "elapsed": 7322.149382, "delta": 0.006274}}
{"target": -12.34455718090583, "params": {"colsample_bytree": 0.877055220739123, "eta": 0.027389357598025084, "gamma": 653.0603969973812, "max_depth": 3.0, "min_child_weight": 4249.98949549415, "num_boost_round": 14.0, "subsample": 0.535866382709606}, "datetime": {"datetime": "2024-01-20 16:25:55", "elapsed": 7322.155603, "delta": 0.006221}}
{"target": -12.34395185883614, "params": {"colsample_bytree": 0.877055220739123, "eta": 0.027389357598025084, "gamma": 653.0603969973812, "max_depth": 3.0, "min_child_weight": 4249.98949549415, "num_boost_round": 15.0, "subsample": 0.535866382709606}, "datetime": {"datetime": "2024-01-20 16:25:55", "elapsed": 7322.162125, "delta": 0.006522}}
{"target": -12.343463728631153, "params": {"colsample_bytree": 0.877055220739123, "eta": 0.027389357598025084, "gamma": 653.0603969973812, "max_depth": 3.0, "min_child_weight": 4249.98949549415, "num_boost_round": 16.0, "subsample": 0.535866382709606}, "datetime": {"datetime": "2024-01-20 16:25:55", "elapsed": 7322.168356, "delta": 0.006231}}
{"target": -12.343032623548655, "params": {"colsample_bytree": 0.877055220739123, "eta": 0.027389357598025084, "gamma": 653.0603969973812, "max_depth": 3.0, "min_child_weight": 4249.98949549415, "num_boost_round": 17.0, "subsample": 0.535866382709606}, "datetime": {"datetime": "2024-01-20 16:25:55", "elapsed": 7322.174601, "delta": 0.006245}}
{"target": -12.342904081683535, "params": {"colsample_bytree": 0.877055220739123, "eta": 0.027389357598025084, "gamma": 653.0603969973812, "max_depth": 3.0, "min_child_weight": 4249.98949549415, "num_boost_round": 18.0, "subsample": 0.535866382709606}, "datetime": {"datetime": "2024-01-20 16:25:55", "elapsed": 7322.180945, "delta": 0.006344}}
{"target": -12.343038835945261, "params": {"colsample_bytree": 0.877055220739123, "eta": 0.027389357598025084, "gamma": 653.0603969973812, "max_depth": 3.0, "min_child_weight": 4249.98949549415, "num_boost_round": 19.0, "subsample": 0.535866382709606}, "datetime": {"datetime": "2024-01-20 16:25:55", "elapsed": 7322.187185, "delta": 0.00624}}
{"target": -12.34257171049229, "params": {"colsample_bytree": 0.877055220739123, "eta": 0.027389357598025084, "gamma": 653.0603969973812, "max_depth": 3.0, "min_child_weight": 4249.98949549415, "num_boost_round": 20.0, "subsample": 0.535866382709606}, "datetime": {"datetime": "2024-01-20 16:25:55", "elapsed": 7322.194753, "delta": 0.007568}}
{"target": -12.342236412172126, "params": {"colsample_bytree": 0.877055220739123, "eta": 0.027389357598025084, "gamma": 653.0603969973812, "max_depth": 3.0, "min_child_weight": 4249.98949549415, "num_boost_round": 21.0, "subsample": 0.535866382709606}, "datetime": {"datetime": "2024-01-20 16:25:55", "elapsed": 7322.201489, "delta": 0.006736}}
{"target": -12.342103974321386, "params": {"colsample_bytree": 0.877055220739123, "eta": 0.027389357598025084, "gamma": 653.0603969973812, "max_depth": 3.0, "min_child_weight": 4249.98949549415, "num_boost_round": 22.0, "subsample": 0.535866382709606}, "datetime": {"datetime": "2024-01-20 16:25:55", "elapsed": 7322.208019, "delta": 0.00653}}
{"target": -12.3416891077201, "params": {"colsample_bytree": 0.877055220739123, "eta": 0.027389357598025084, "gamma": 653.0603969973812, "max_depth": 3.0, "min_child_weight": 4249.98949549415, "num_boost_round": 23.0, "subsample": 0.535866382709606}, "datetime": {"datetime": "2024-01-20 16:25:55", "elapsed": 7322.21503, "delta": 0.007011}}
{"target": -12.34164531095754, "params": {"colsample_bytree": 0.877055220739123, "eta": 0.027389357598025084, "gamma": 653.0603969973812, "max_depth": 3.0, "min_child_weight": 4249.98949549415, "num_boost_round": 24.0, "subsample": 0.535866382709606}, "datetime": {"datetime": "2024-01-20 16:25:55", "elapsed": 7322.221607, "delta": 0.006577}}
{"target": -12.341404453245985, "params": {"colsample_bytree": 0.877055220739123, "eta": 0.027389357598025084, "gamma": 653.0603969973812, "max_depth": 3.0, "min_child_weight": 4249.98949549415, "num_boost_round": 25.0, "subsample": 0.535866382709606}, "datetime": {"datetime": "2024-01-20 16:25:55", "elapsed": 7322.228053, "delta": 0.006446}}
{"target": -12.34131289647128, "params": {"colsample_bytree": 0.877055220739123, "eta": 0.027389357598025084, "gamma": 653.0603969973812, "max_depth": 3.0, "min_child_weight": 4249.98949549415, "num_boost_round": 26.0, "subsample": 0.535866382709606}, "datetime": {"datetime": "2024-01-20 16:25:55", "elapsed": 7322.234375, "delta": 0.006322}}
{"target": -12.341075489512715, "params": {"colsample_bytree": 0.877055220739123, "eta": 0.027389357598025084, "gamma": 653.0603969973812, "max_depth": 3.0, "min_child_weight": 4249.98949549415, "num_boost_round": 27.0, "subsample": 0.535866382709606}, "datetime": {"datetime": "2024-01-20 16:25:55", "elapsed": 7322.24075, "delta": 0.006375}}
{"target": -12.340805541166674, "params": {"colsample_bytree": 0.877055220739123, "eta": 0.027389357598025084, "gamma": 653.0603969973812, "max_depth": 3.0, "min_child_weight": 4249.98949549415, "num_boost_round": 28.0, "subsample": 0.535866382709606}, "datetime": {"datetime": "2024-01-20 16:25:55", "elapsed": 7322.247156, "delta": 0.006406}}
{"target": -12.340583946717704, "params": {"colsample_bytree": 0.877055220739123, "eta": 0.027389357598025084, "gamma": 653.0603969973812, "max_depth": 3.0, "min_child_weight": 4249.98949549415, "num_boost_round": 29.0, "subsample": 0.535866382709606}, "datetime": {"datetime": "2024-01-20 16:25:55", "elapsed": 7322.253614, "delta": 0.006458}}
{"target": -12.340711678634527, "params": {"colsample_bytree": 0.877055220739123, "eta": 0.027389357598025084, "gamma": 653.0603969973812, "max_depth": 3.0, "min_child_weight": 4249.98949549415, "num_boost_round": 30.0, "subsample": 0.535866382709606}, "datetime": {"datetime": "2024-01-20 16:25:55", "elapsed": 7322.260111, "delta": 0.006497}}
{"target": -12.34050990649527, "params": {"colsample_bytree": 0.877055220739123, "eta": 0.027389357598025084, "gamma": 653.0603969973812, "max_depth": 3.0, "min_child_weight": 4249.98949549415, "num_boost_round": 31.0, "subsample": 0.535866382709606}, "datetime": {"datetime": "2024-01-20 16:25:55", "elapsed": 7322.266572, "delta": 0.006461}}
{"target": -12.340400061234053, "params": {"colsample_bytree": 0.877055220739123, "eta": 0.027389357598025084, "gamma": 653.0603969973812, "max_depth": 3.0, "min_child_weight": 4249.98949549415, "num_boost_round": 32.0, "subsample": 0.535866382709606}, "datetime": {"datetime": "2024-01-20 16:25:55", "elapsed": 7322.273527, "delta": 0.006955}}
{"target": -12.340590900298405, "params": {"colsample_bytree": 0.877055220739123, "eta": 0.027389357598025084, "gamma": 653.0603969973812, "max_depth": 3.0, "min_child_weight": 4249.98949549415, "num_boost_round": 33.0, "subsample": 0.535866382709606}, "datetime": {"datetime": "2024-01-20 16:25:56", "elapsed": 7322.280416, "delta": 0.006889}}
{"target": -12.340619798487442, "params": {"colsample_bytree": 0.877055220739123, "eta": 0.027389357598025084, "gamma": 653.0603969973812, "max_depth": 3.0, "min_child_weight": 4249.98949549415, "num_boost_round": 34.0, "subsample": 0.535866382709606}, "datetime": {"datetime": "2024-01-20 16:25:56", "elapsed": 7322.287034, "delta": 0.006618}}
{"target": -12.34041494172368, "params": {"colsample_bytree": 0.877055220739123, "eta": 0.027389357598025084, "gamma": 653.0603969973812, "max_depth": 3.0, "min_child_weight": 4249.98949549415, "num_boost_round": 35.0, "subsample": 0.535866382709606}, "datetime": {"datetime": "2024-01-20 16:25:56", "elapsed": 7322.293731, "delta": 0.006697}}
{"target": -12.340270254544755, "params": {"colsample_bytree": 0.877055220739123, "eta": 0.027389357598025084, "gamma": 653.0603969973812, "max_depth": 3.0, "min_child_weight": 4249.98949549415, "num_boost_round": 36.0, "subsample": 0.535866382709606}, "datetime": {"datetime": "2024-01-20 16:25:56", "elapsed": 7322.300534, "delta": 0.006803}}
{"target": -12.34040674094376, "params": {"colsample_bytree": 0.877055220739123, "eta": 0.027389357598025084, "gamma": 653.0603969973812, "max_depth": 3.0, "min_child_weight": 4249.98949549415, "num_boost_round": 37.0, "subsample": 0.535866382709606}, "datetime": {"datetime": "2024-01-20 16:25:56", "elapsed": 7322.30702, "delta": 0.006486}}
{"target": -12.340329225163352, "params": {"colsample_bytree": 0.877055220739123, "eta": 0.027389357598025084, "gamma": 653.0603969973812, "max_depth": 3.0, "min_child_weight": 4249.98949549415, "num_boost_round": 38.0, "subsample": 0.535866382709606}, "datetime": {"datetime": "2024-01-20 16:25:56", "elapsed": 7322.313462, "delta": 0.006442}}
{"target": -12.340484837147901, "params": {"colsample_bytree": 0.877055220739123, "eta": 0.027389357598025084, "gamma": 653.0603969973812, "max_depth": 3.0, "min_child_weight": 4249.98949549415, "num_boost_round": 39.0, "subsample": 0.535866382709606}, "datetime": {"datetime": "2024-01-20 16:25:56", "elapsed": 7322.319902, "delta": 0.00644}}
{"target": -12.340416046674786, "params": {"colsample_bytree": 0.877055220739123, "eta": 0.027389357598025084, "gamma": 653.0603969973812, "max_depth": 3.0, "min_child_weight": 4249.98949549415, "num_boost_round": 40.0, "subsample": 0.535866382709606}, "datetime": {"datetime": "2024-01-20 16:25:56", "elapsed": 7322.326328, "delta": 0.006426}}
{"target": -12.340269033674309, "params": {"colsample_bytree": 0.877055220739123, "eta": 0.027389357598025084, "gamma": 653.0603969973812, "max_depth": 3.0, "min_child_weight": 4249.98949549415, "num_boost_round": 41.0, "subsample": 0.535866382709606}, "datetime": {"datetime": "2024-01-20 16:25:56", "elapsed": 7322.332701, "delta": 0.006373}}
{"target": -12.340086765767044, "params": {"colsample_bytree": 0.877055220739123, "eta": 0.027389357598025084, "gamma": 653.0603969973812, "max_depth": 3.0, "min_child_weight": 4249.98949549415, "num_boost_round": 42.0, "subsample": 0.535866382709606}, "datetime": {"datetime": "2024-01-20 16:25:56", "elapsed": 7322.339075, "delta": 0.006374}}
{"target": -12.340154933588458, "params": {"colsample_bytree": 0.877055220739123, "eta": 0.027389357598025084, "gamma": 653.0603969973812, "max_depth": 3.0, "min_child_weight": 4249.98949549415, "num_boost_round": 43.0, "subsample": 0.535866382709606}, "datetime": {"datetime": "2024-01-20 16:25:56", "elapsed": 7322.345415, "delta": 0.00634}}
{"target": -12.357288713005557, "params": {"colsample_bytree": 0.5626329001580033, "eta": 0.04898146261388749, "gamma": 696.5727706514543, "max_depth": 9.0, "min_child_weight": 4285.439030293792, "num_boost_round": 1.0, "subsample": 0.5592983152777107}, "datetime": {"datetime": "2024-01-20 16:28:29", "elapsed": 7475.852923, "delta": 153.507508}}
{"target": -12.355688571151964, "params": {"colsample_bytree": 0.5626329001580033, "eta": 0.04898146261388749, "gamma": 696.5727706514543, "max_depth": 9.0, "min_child_weight": 4285.439030293792, "num_boost_round": 2.0, "subsample": 0.5592983152777107}, "datetime": {"datetime": "2024-01-20 16:28:29", "elapsed": 7475.86394, "delta": 0.011017}}
{"target": -12.352925821785377, "params": {"colsample_bytree": 0.5626329001580033, "eta": 0.04898146261388749, "gamma": 696.5727706514543, "max_depth": 9.0, "min_child_weight": 4285.439030293792, "num_boost_round": 3.0, "subsample": 0.5592983152777107}, "datetime": {"datetime": "2024-01-20 16:28:29", "elapsed": 7476.241154, "delta": 0.377214}}
{"target": -12.353275249436106, "params": {"colsample_bytree": 0.5626329001580033, "eta": 0.04898146261388749, "gamma": 696.5727706514543, "max_depth": 9.0, "min_child_weight": 4285.439030293792, "num_boost_round": 4.0, "subsample": 0.5592983152777107}, "datetime": {"datetime": "2024-01-20 16:28:29", "elapsed": 7476.252094, "delta": 0.01094}}
{"target": -12.350773117727304, "params": {"colsample_bytree": 0.5626329001580033, "eta": 0.04898146261388749, "gamma": 696.5727706514543, "max_depth": 9.0, "min_child_weight": 4285.439030293792, "num_boost_round": 5.0, "subsample": 0.5592983152777107}, "datetime": {"datetime": "2024-01-20 16:28:29", "elapsed": 7476.261276, "delta": 0.009182}}
{"target": -12.34917458790067, "params": {"colsample_bytree": 0.5626329001580033, "eta": 0.04898146261388749, "gamma": 696.5727706514543, "max_depth": 9.0, "min_child_weight": 4285.439030293792, "num_boost_round": 6.0, "subsample": 0.5592983152777107}, "datetime": {"datetime": "2024-01-20 16:28:29", "elapsed": 7476.269539, "delta": 0.008263}}
{"target": -12.347633488457715, "params": {"colsample_bytree": 0.5626329001580033, "eta": 0.04898146261388749, "gamma": 696.5727706514543, "max_depth": 9.0, "min_child_weight": 4285.439030293792, "num_boost_round": 7.0, "subsample": 0.5592983152777107}, "datetime": {"datetime": "2024-01-20 16:28:30", "elapsed": 7476.277424, "delta": 0.007885}}
{"target": -12.346420387656202, "params": {"colsample_bytree": 0.5626329001580033, "eta": 0.04898146261388749, "gamma": 696.5727706514543, "max_depth": 9.0, "min_child_weight": 4285.439030293792, "num_boost_round": 8.0, "subsample": 0.5592983152777107}, "datetime": {"datetime": "2024-01-20 16:28:30", "elapsed": 7476.285166, "delta": 0.007742}}
{"target": -12.346577246655713, "params": {"colsample_bytree": 0.5626329001580033, "eta": 0.04898146261388749, "gamma": 696.5727706514543, "max_depth": 9.0, "min_child_weight": 4285.439030293792, "num_boost_round": 9.0, "subsample": 0.5592983152777107}, "datetime": {"datetime": "2024-01-20 16:28:30", "elapsed": 7476.29282, "delta": 0.007654}}
{"target": -12.345536744762157, "params": {"colsample_bytree": 0.5626329001580033, "eta": 0.04898146261388749, "gamma": 696.5727706514543, "max_depth": 9.0, "min_child_weight": 4285.439030293792, "num_boost_round": 10.0, "subsample": 0.5592983152777107}, "datetime": {"datetime": "2024-01-20 16:28:30", "elapsed": 7476.300759, "delta": 0.007939}}
{"target": -12.344704081378419, "params": {"colsample_bytree": 0.5626329001580033, "eta": 0.04898146261388749, "gamma": 696.5727706514543, "max_depth": 9.0, "min_child_weight": 4285.439030293792, "num_boost_round": 11.0, "subsample": 0.5592983152777107}, "datetime": {"datetime": "2024-01-20 16:28:30", "elapsed": 7476.308491, "delta": 0.007732}}
{"target": -12.344329281203292, "params": {"colsample_bytree": 0.5626329001580033, "eta": 0.04898146261388749, "gamma": 696.5727706514543, "max_depth": 9.0, "min_child_weight": 4285.439030293792, "num_boost_round": 12.0, "subsample": 0.5592983152777107}, "datetime": {"datetime": "2024-01-20 16:28:30", "elapsed": 7476.315945, "delta": 0.007454}}
{"target": -12.344477363997619, "params": {"colsample_bytree": 0.5626329001580033, "eta": 0.04898146261388749, "gamma": 696.5727706514543, "max_depth": 9.0, "min_child_weight": 4285.439030293792, "num_boost_round": 13.0, "subsample": 0.5592983152777107}, "datetime": {"datetime": "2024-01-20 16:28:30", "elapsed": 7476.323311, "delta": 0.007366}}
{"target": -12.344573279317244, "params": {"colsample_bytree": 0.5626329001580033, "eta": 0.04898146261388749, "gamma": 696.5727706514543, "max_depth": 9.0, "min_child_weight": 4285.439030293792, "num_boost_round": 14.0, "subsample": 0.5592983152777107}, "datetime": {"datetime": "2024-01-20 16:28:30", "elapsed": 7476.33115, "delta": 0.007839}}
{"target": -12.34347326339412, "params": {"colsample_bytree": 0.5626329001580033, "eta": 0.04898146261388749, "gamma": 696.5727706514543, "max_depth": 9.0, "min_child_weight": 4285.439030293792, "num_boost_round": 15.0, "subsample": 0.5592983152777107}, "datetime": {"datetime": "2024-01-20 16:28:30", "elapsed": 7476.339696, "delta": 0.008546}}
{"target": -12.343288174363884, "params": {"colsample_bytree": 0.5626329001580033, "eta": 0.04898146261388749, "gamma": 696.5727706514543, "max_depth": 9.0, "min_child_weight": 4285.439030293792, "num_boost_round": 16.0, "subsample": 0.5592983152777107}, "datetime": {"datetime": "2024-01-20 16:28:30", "elapsed": 7476.368488, "delta": 0.028792}}
{"target": -12.343284913531482, "params": {"colsample_bytree": 0.5626329001580033, "eta": 0.04898146261388749, "gamma": 696.5727706514543, "max_depth": 9.0, "min_child_weight": 4285.439030293792, "num_boost_round": 17.0, "subsample": 0.5592983152777107}, "datetime": {"datetime": "2024-01-20 16:28:30", "elapsed": 7476.376434, "delta": 0.007946}}
{"target": -12.342770209889235, "params": {"colsample_bytree": 0.5626329001580033, "eta": 0.04898146261388749, "gamma": 696.5727706514543, "max_depth": 9.0, "min_child_weight": 4285.439030293792, "num_boost_round": 18.0, "subsample": 0.5592983152777107}, "datetime": {"datetime": "2024-01-20 16:28:30", "elapsed": 7476.383608, "delta": 0.007174}}
{"target": -12.342733629453358, "params": {"colsample_bytree": 0.5626329001580033, "eta": 0.04898146261388749, "gamma": 696.5727706514543, "max_depth": 9.0, "min_child_weight": 4285.439030293792, "num_boost_round": 19.0, "subsample": 0.5592983152777107}, "datetime": {"datetime": "2024-01-20 16:28:30", "elapsed": 7476.390353, "delta": 0.006745}}
{"target": -12.343133591102498, "params": {"colsample_bytree": 0.5626329001580033, "eta": 0.04898146261388749, "gamma": 696.5727706514543, "max_depth": 9.0, "min_child_weight": 4285.439030293792, "num_boost_round": 20.0, "subsample": 0.5592983152777107}, "datetime": {"datetime": "2024-01-20 16:28:30", "elapsed": 7476.397175, "delta": 0.006822}}
{"target": -12.343186511546543, "params": {"colsample_bytree": 0.5626329001580033, "eta": 0.04898146261388749, "gamma": 696.5727706514543, "max_depth": 9.0, "min_child_weight": 4285.439030293792, "num_boost_round": 21.0, "subsample": 0.5592983152777107}, "datetime": {"datetime": "2024-01-20 16:28:30", "elapsed": 7476.403825, "delta": 0.00665}}
{"target": -12.343577368475838, "params": {"colsample_bytree": 0.5626329001580033, "eta": 0.04898146261388749, "gamma": 696.5727706514543, "max_depth": 9.0, "min_child_weight": 4285.439030293792, "num_boost_round": 22.0, "subsample": 0.5592983152777107}, "datetime": {"datetime": "2024-01-20 16:28:30", "elapsed": 7476.410552, "delta": 0.006727}}
{"target": -12.343485456792976, "params": {"colsample_bytree": 0.5626329001580033, "eta": 0.04898146261388749, "gamma": 696.5727706514543, "max_depth": 9.0, "min_child_weight": 4285.439030293792, "num_boost_round": 23.0, "subsample": 0.5592983152777107}, "datetime": {"datetime": "2024-01-20 16:28:30", "elapsed": 7476.417582, "delta": 0.00703}}
{"target": -12.343458102725165, "params": {"colsample_bytree": 0.5626329001580033, "eta": 0.04898146261388749, "gamma": 696.5727706514543, "max_depth": 9.0, "min_child_weight": 4285.439030293792, "num_boost_round": 24.0, "subsample": 0.5592983152777107}, "datetime": {"datetime": "2024-01-20 16:28:30", "elapsed": 7476.425781, "delta": 0.008199}}
