{"target": -10.499092465364352, "params": {"colsample_bytree": 0.14252175764857547, "eta": 0.05656943340436048, "gamma": 862.766863577263, "max_depth": 6.0, "min_child_weight": 2081.3147171374476, "num_boost_round": 111.0, "subsample": 0.49444366349653546}, "datetime": {"datetime": "2024-01-20 14:07:00", "elapsed": 2512.205405, "delta": 0.002975}}
{"target": -10.499313050077713, "params": {"colsample_bytree": 0.14252175764857547, "eta": 0.05656943340436048, "gamma": 862.766863577263, "max_depth": 6.0, "min_child_weight": 2081.3147171374476, "num_boost_round": 112.0, "subsample": 0.49444366349653546}, "datetime": {"datetime": "2024-01-20 14:07:00", "elapsed": 2512.208474, "delta": 0.003069}}
{"target": -10.499317902207899, "params": {"colsample_bytree": 0.14252175764857547, "eta": 0.05656943340436048, "gamma": 862.766863577263, "max_depth": 6.0, "min_child_weight": 2081.3147171374476, "num_boost_round": 113.0, "subsample": 0.49444366349653546}, "datetime": {"datetime": "2024-01-20 14:07:00", "elapsed": 2512.211397, "delta": 0.002923}}
{"target": -10.499501288440864, "params": {"colsample_bytree": 0.14252175764857547, "eta": 0.05656943340436048, "gamma": 862.766863577263, "max_depth": 6.0, "min_child_weight": 2081.3147171374476, "num_boost_round": 114.0, "subsample": 0.49444366349653546}, "datetime": {"datetime": "2024-01-20 14:07:00", "elapsed": 2512.214439, "delta": 0.003042}}
{"target": -10.499663980199518, "params": {"colsample_bytree": 0.14252175764857547, "eta": 0.05656943340436048, "gamma": 862.766863577263, "max_depth": 6.0, "min_child_weight": 2081.3147171374476, "num_boost_round": 115.0, "subsample": 0.49444366349653546}, "datetime": {"datetime": "2024-01-20 14:07:00", "elapsed": 2512.217439, "delta": 0.003}}
{"target": -10.499898521793888, "params": {"colsample_bytree": 0.14252175764857547, "eta": 0.05656943340436048, "gamma": 862.766863577263, "max_depth": 6.0, "min_child_weight": 2081.3147171374476, "num_boost_round": 116.0, "subsample": 0.49444366349653546}, "datetime": {"datetime": "2024-01-20 14:07:00", "elapsed": 2512.220543, "delta": 0.003104}}
{"target": -10.499909266092589, "params": {"colsample_bytree": 0.14252175764857547, "eta": 0.05656943340436048, "gamma": 862.766863577263, "max_depth": 6.0, "min_child_weight": 2081.3147171374476, "num_boost_round": 117.0, "subsample": 0.49444366349653546}, "datetime": {"datetime": "2024-01-20 14:07:00", "elapsed": 2512.223466, "delta": 0.002923}}
{"target": -10.499765567528403, "params": {"colsample_bytree": 0.14252175764857547, "eta": 0.05656943340436048, "gamma": 862.766863577263, "max_depth": 6.0, "min_child_weight": 2081.3147171374476, "num_boost_round": 118.0, "subsample": 0.49444366349653546}, "datetime": {"datetime": "2024-01-20 14:07:00", "elapsed": 2512.226542, "delta": 0.003076}}
{"target": -10.500012120953823, "params": {"colsample_bytree": 0.14252175764857547, "eta": 0.05656943340436048, "gamma": 862.766863577263, "max_depth": 6.0, "min_child_weight": 2081.3147171374476, "num_boost_round": 119.0, "subsample": 0.49444366349653546}, "datetime": {"datetime": "2024-01-20 14:07:00", "elapsed": 2512.229482, "delta": 0.00294}}
{"target": -10.500016696849872, "params": {"colsample_bytree": 0.14252175764857547, "eta": 0.05656943340436048, "gamma": 862.766863577263, "max_depth": 6.0, "min_child_weight": 2081.3147171374476, "num_boost_round": 120.0, "subsample": 0.49444366349653546}, "datetime": {"datetime": "2024-01-20 14:07:00", "elapsed": 2512.232556, "delta": 0.003074}}
{"target": -10.500102888903374, "params": {"colsample_bytree": 0.14252175764857547, "eta": 0.05656943340436048, "gamma": 862.766863577263, "max_depth": 6.0, "min_child_weight": 2081.3147171374476, "num_boost_round": 121.0, "subsample": 0.49444366349653546}, "datetime": {"datetime": "2024-01-20 14:07:00", "elapsed": 2512.235559, "delta": 0.003003}}
{"target": -10.499951475432034, "params": {"colsample_bytree": 0.14252175764857547, "eta": 0.05656943340436048, "gamma": 862.766863577263, "max_depth": 6.0, "min_child_weight": 2081.3147171374476, "num_boost_round": 122.0, "subsample": 0.49444366349653546}, "datetime": {"datetime": "2024-01-20 14:07:00", "elapsed": 2512.23863, "delta": 0.003071}}
{"target": -10.500086518237136, "params": {"colsample_bytree": 0.14252175764857547, "eta": 0.05656943340436048, "gamma": 862.766863577263, "max_depth": 6.0, "min_child_weight": 2081.3147171374476, "num_boost_round": 123.0, "subsample": 0.49444366349653546}, "datetime": {"datetime": "2024-01-20 14:07:00", "elapsed": 2512.24158, "delta": 0.00295}}
{"target": -10.500228239669124, "params": {"colsample_bytree": 0.14252175764857547, "eta": 0.05656943340436048, "gamma": 862.766863577263, "max_depth": 6.0, "min_child_weight": 2081.3147171374476, "num_boost_round": 124.0, "subsample": 0.49444366349653546}, "datetime": {"datetime": "2024-01-20 14:07:00", "elapsed": 2512.244675, "delta": 0.003095}}
{"target": -10.50042245688747, "params": {"colsample_bytree": 0.14252175764857547, "eta": 0.05656943340436048, "gamma": 862.766863577263, "max_depth": 6.0, "min_child_weight": 2081.3147171374476, "num_boost_round": 125.0, "subsample": 0.49444366349653546}, "datetime": {"datetime": "2024-01-20 14:07:00", "elapsed": 2512.247645, "delta": 0.00297}}
{"target": -10.500435094175652, "params": {"colsample_bytree": 0.14252175764857547, "eta": 0.05656943340436048, "gamma": 862.766863577263, "max_depth": 6.0, "min_child_weight": 2081.3147171374476, "num_boost_round": 126.0, "subsample": 0.49444366349653546}, "datetime": {"datetime": "2024-01-20 14:07:00", "elapsed": 2512.250715, "delta": 0.00307}}
{"target": -10.500507669327778, "params": {"colsample_bytree": 0.14252175764857547, "eta": 0.05656943340436048, "gamma": 862.766863577263, "max_depth": 6.0, "min_child_weight": 2081.3147171374476, "num_boost_round": 127.0, "subsample": 0.49444366349653546}, "datetime": {"datetime": "2024-01-20 14:07:00", "elapsed": 2512.253703, "delta": 0.002988}}
{"target": -10.5007054323471, "params": {"colsample_bytree": 0.14252175764857547, "eta": 0.05656943340436048, "gamma": 862.766863577263, "max_depth": 6.0, "min_child_weight": 2081.3147171374476, "num_boost_round": 128.0, "subsample": 0.49444366349653546}, "datetime": {"datetime": "2024-01-20 14:07:00", "elapsed": 2512.25682, "delta": 0.003117}}
{"target": -10.500790838080883, "params": {"colsample_bytree": 0.14252175764857547, "eta": 0.05656943340436048, "gamma": 862.766863577263, "max_depth": 6.0, "min_child_weight": 2081.3147171374476, "num_boost_round": 129.0, "subsample": 0.49444366349653546}, "datetime": {"datetime": "2024-01-20 14:07:00", "elapsed": 2512.259789, "delta": 0.002969}}
{"target": -10.500956430280366, "params": {"colsample_bytree": 0.14252175764857547, "eta": 0.05656943340436048, "gamma": 862.766863577263, "max_depth": 6.0, "min_child_weight": 2081.3147171374476, "num_boost_round": 130.0, "subsample": 0.49444366349653546}, "datetime": {"datetime": "2024-01-20 14:07:00", "elapsed": 2512.263974, "delta": 0.004185}}
{"target": -10.500944690917635, "params": {"colsample_bytree": 0.14252175764857547, "eta": 0.05656943340436048, "gamma": 862.766863577263, "max_depth": 6.0, "min_child_weight": 2081.3147171374476, "num_boost_round": 131.0, "subsample": 0.49444366349653546}, "datetime": {"datetime": "2024-01-20 14:07:00", "elapsed": 2512.267128, "delta": 0.003154}}
{"target": -10.500929022619438, "params": {"colsample_bytree": 0.14252175764857547, "eta": 0.05656943340436048, "gamma": 862.766863577263, "max_depth": 6.0, "min_child_weight": 2081.3147171374476, "num_boost_round": 132.0, "subsample": 0.49444366349653546}, "datetime": {"datetime": "2024-01-20 14:07:00", "elapsed": 2512.27032, "delta": 0.003192}}
{"target": -10.501142305906722, "params": {"colsample_bytree": 0.14252175764857547, "eta": 0.05656943340436048, "gamma": 862.766863577263, "max_depth": 6.0, "min_child_weight": 2081.3147171374476, "num_boost_round": 133.0, "subsample": 0.49444366349653546}, "datetime": {"datetime": "2024-01-20 14:07:00", "elapsed": 2512.273429, "delta": 0.003109}}
{"target": -10.501160277089717, "params": {"colsample_bytree": 0.14252175764857547, "eta": 0.05656943340436048, "gamma": 862.766863577263, "max_depth": 6.0, "min_child_weight": 2081.3147171374476, "num_boost_round": 134.0, "subsample": 0.49444366349653546}, "datetime": {"datetime": "2024-01-20 14:07:00", "elapsed": 2512.276552, "delta": 0.003123}}
{"target": -10.50131463959952, "params": {"colsample_bytree": 0.14252175764857547, "eta": 0.05656943340436048, "gamma": 862.766863577263, "max_depth": 6.0, "min_child_weight": 2081.3147171374476, "num_boost_round": 135.0, "subsample": 0.49444366349653546}, "datetime": {"datetime": "2024-01-20 14:07:00", "elapsed": 2512.279584, "delta": 0.003032}}
{"target": -10.501312771362324, "params": {"colsample_bytree": 0.14252175764857547, "eta": 0.05656943340436048, "gamma": 862.766863577263, "max_depth": 6.0, "min_child_weight": 2081.3147171374476, "num_boost_round": 136.0, "subsample": 0.49444366349653546}, "datetime": {"datetime": "2024-01-20 14:07:00", "elapsed": 2512.282704, "delta": 0.00312}}
{"target": -10.501499628696447, "params": {"colsample_bytree": 0.14252175764857547, "eta": 0.05656943340436048, "gamma": 862.766863577263, "max_depth": 6.0, "min_child_weight": 2081.3147171374476, "num_boost_round": 137.0, "subsample": 0.49444366349653546}, "datetime": {"datetime": "2024-01-20 14:07:00", "elapsed": 2512.285722, "delta": 0.003018}}
{"target": -10.501783176008956, "params": {"colsample_bytree": 0.14252175764857547, "eta": 0.05656943340436048, "gamma": 862.766863577263, "max_depth": 6.0, "min_child_weight": 2081.3147171374476, "num_boost_round": 138.0, "subsample": 0.49444366349653546}, "datetime": {"datetime": "2024-01-20 14:07:00", "elapsed": 2512.288859, "delta": 0.003137}}
{"target": -10.501941414605387, "params": {"colsample_bytree": 0.14252175764857547, "eta": 0.05656943340436048, "gamma": 862.766863577263, "max_depth": 6.0, "min_child_weight": 2081.3147171374476, "num_boost_round": 139.0, "subsample": 0.49444366349653546}, "datetime": {"datetime": "2024-01-20 14:07:00", "elapsed": 2512.291873, "delta": 0.003014}}
{"target": -10.502288660165194, "params": {"colsample_bytree": 0.14252175764857547, "eta": 0.05656943340436048, "gamma": 862.766863577263, "max_depth": 6.0, "min_child_weight": 2081.3147171374476, "num_boost_round": 140.0, "subsample": 0.49444366349653546}, "datetime": {"datetime": "2024-01-20 14:07:00", "elapsed": 2512.29498, "delta": 0.003107}}
{"target": -10.502355462964879, "params": {"colsample_bytree": 0.14252175764857547, "eta": 0.05656943340436048, "gamma": 862.766863577263, "max_depth": 6.0, "min_child_weight": 2081.3147171374476, "num_boost_round": 141.0, "subsample": 0.49444366349653546}, "datetime": {"datetime": "2024-01-20 14:07:00", "elapsed": 2512.297983, "delta": 0.003003}}
{"target": -10.502566833668745, "params": {"colsample_bytree": 0.14252175764857547, "eta": 0.05656943340436048, "gamma": 862.766863577263, "max_depth": 6.0, "min_child_weight": 2081.3147171374476, "num_boost_round": 142.0, "subsample": 0.49444366349653546}, "datetime": {"datetime": "2024-01-20 14:07:00", "elapsed": 2512.301104, "delta": 0.003121}}
{"target": -10.5027813153875, "params": {"colsample_bytree": 0.14252175764857547, "eta": 0.05656943340436048, "gamma": 862.766863577263, "max_depth": 6.0, "min_child_weight": 2081.3147171374476, "num_boost_round": 143.0, "subsample": 0.49444366349653546}, "datetime": {"datetime": "2024-01-20 14:07:00", "elapsed": 2512.304171, "delta": 0.003067}}
{"target": -10.502895587798168, "params": {"colsample_bytree": 0.14252175764857547, "eta": 0.05656943340436048, "gamma": 862.766863577263, "max_depth": 6.0, "min_child_weight": 2081.3147171374476, "num_boost_round": 144.0, "subsample": 0.49444366349653546}, "datetime": {"datetime": "2024-01-20 14:07:00", "elapsed": 2512.307317, "delta": 0.003146}}
{"target": -10.503117856808531, "params": {"colsample_bytree": 0.14252175764857547, "eta": 0.05656943340436048, "gamma": 862.766863577263, "max_depth": 6.0, "min_child_weight": 2081.3147171374476, "num_boost_round": 145.0, "subsample": 0.49444366349653546}, "datetime": {"datetime": "2024-01-20 14:07:00", "elapsed": 2512.310338, "delta": 0.003021}}
{"target": -10.503630533965762, "params": {"colsample_bytree": 0.14252175764857547, "eta": 0.05656943340436048, "gamma": 862.766863577263, "max_depth": 6.0, "min_child_weight": 2081.3147171374476, "num_boost_round": 146.0, "subsample": 0.49444366349653546}, "datetime": {"datetime": "2024-01-20 14:07:00", "elapsed": 2512.313468, "delta": 0.00313}}
{"target": -10.503811843152477, "params": {"colsample_bytree": 0.14252175764857547, "eta": 0.05656943340436048, "gamma": 862.766863577263, "max_depth": 6.0, "min_child_weight": 2081.3147171374476, "num_boost_round": 147.0, "subsample": 0.49444366349653546}, "datetime": {"datetime": "2024-01-20 14:07:00", "elapsed": 2512.316498, "delta": 0.00303}}
{"target": -10.503863122856757, "params": {"colsample_bytree": 0.14252175764857547, "eta": 0.05656943340436048, "gamma": 862.766863577263, "max_depth": 6.0, "min_child_weight": 2081.3147171374476, "num_boost_round": 148.0, "subsample": 0.49444366349653546}, "datetime": {"datetime": "2024-01-20 14:07:00", "elapsed": 2512.31961, "delta": 0.003112}}
{"target": -10.503768722514828, "params": {"colsample_bytree": 0.14252175764857547, "eta": 0.05656943340436048, "gamma": 862.766863577263, "max_depth": 6.0, "min_child_weight": 2081.3147171374476, "num_boost_round": 149.0, "subsample": 0.49444366349653546}, "datetime": {"datetime": "2024-01-20 14:07:00", "elapsed": 2512.32263, "delta": 0.00302}}
{"target": -10.503792647882278, "params": {"colsample_bytree": 0.14252175764857547, "eta": 0.05656943340436048, "gamma": 862.766863577263, "max_depth": 6.0, "min_child_weight": 2081.3147171374476, "num_boost_round": 150.0, "subsample": 0.49444366349653546}, "datetime": {"datetime": "2024-01-20 14:07:00", "elapsed": 2512.325742, "delta": 0.003112}}
{"target": -10.503921140391263, "params": {"colsample_bytree": 0.14252175764857547, "eta": 0.05656943340436048, "gamma": 862.766863577263, "max_depth": 6.0, "min_child_weight": 2081.3147171374476, "num_boost_round": 151.0, "subsample": 0.49444366349653546}, "datetime": {"datetime": "2024-01-20 14:07:00", "elapsed": 2512.32875, "delta": 0.003008}}
{"target": -10.504052300594404, "params": {"colsample_bytree": 0.14252175764857547, "eta": 0.05656943340436048, "gamma": 862.766863577263, "max_depth": 6.0, "min_child_weight": 2081.3147171374476, "num_boost_round": 152.0, "subsample": 0.49444366349653546}, "datetime": {"datetime": "2024-01-20 14:07:00", "elapsed": 2512.331867, "delta": 0.003117}}
{"target": -10.504278554691162, "params": {"colsample_bytree": 0.14252175764857547, "eta": 0.05656943340436048, "gamma": 862.766863577263, "max_depth": 6.0, "min_child_weight": 2081.3147171374476, "num_boost_round": 153.0, "subsample": 0.49444366349653546}, "datetime": {"datetime": "2024-01-20 14:07:00", "elapsed": 2512.334885, "delta": 0.003018}}
{"target": -10.504500255240682, "params": {"colsample_bytree": 0.14252175764857547, "eta": 0.05656943340436048, "gamma": 862.766863577263, "max_depth": 6.0, "min_child_weight": 2081.3147171374476, "num_boost_round": 154.0, "subsample": 0.49444366349653546}, "datetime": {"datetime": "2024-01-20 14:07:00", "elapsed": 2512.338013, "delta": 0.003128}}
{"target": -10.504513416804105, "params": {"colsample_bytree": 0.14252175764857547, "eta": 0.05656943340436048, "gamma": 862.766863577263, "max_depth": 6.0, "min_child_weight": 2081.3147171374476, "num_boost_round": 155.0, "subsample": 0.49444366349653546}, "datetime": {"datetime": "2024-01-20 14:07:00", "elapsed": 2512.678455, "delta": 0.340442}}
{"target": -10.504710967682099, "params": {"colsample_bytree": 0.14252175764857547, "eta": 0.05656943340436048, "gamma": 862.766863577263, "max_depth": 6.0, "min_child_weight": 2081.3147171374476, "num_boost_round": 156.0, "subsample": 0.49444366349653546}, "datetime": {"datetime": "2024-01-20 14:07:00", "elapsed": 2512.682126, "delta": 0.003671}}
{"target": -10.505069688461258, "params": {"colsample_bytree": 0.14252175764857547, "eta": 0.05656943340436048, "gamma": 862.766863577263, "max_depth": 6.0, "min_child_weight": 2081.3147171374476, "num_boost_round": 157.0, "subsample": 0.49444366349653546}, "datetime": {"datetime": "2024-01-20 14:07:00", "elapsed": 2512.685551, "delta": 0.003425}}
{"target": -10.505196840237215, "params": {"colsample_bytree": 0.14252175764857547, "eta": 0.05656943340436048, "gamma": 862.766863577263, "max_depth": 6.0, "min_child_weight": 2081.3147171374476, "num_boost_round": 158.0, "subsample": 0.49444366349653546}, "datetime": {"datetime": "2024-01-20 14:07:00", "elapsed": 2512.688799, "delta": 0.003248}}
{"target": -10.505384407830626, "params": {"colsample_bytree": 0.14252175764857547, "eta": 0.05656943340436048, "gamma": 862.766863577263, "max_depth": 6.0, "min_child_weight": 2081.3147171374476, "num_boost_round": 159.0, "subsample": 0.49444366349653546}, "datetime": {"datetime": "2024-01-20 14:07:00", "elapsed": 2512.691988, "delta": 0.003189}}
{"target": -10.50553706304105, "params": {"colsample_bytree": 0.14252175764857547, "eta": 0.05656943340436048, "gamma": 862.766863577263, "max_depth": 6.0, "min_child_weight": 2081.3147171374476, "num_boost_round": 160.0, "subsample": 0.49444366349653546}, "datetime": {"datetime": "2024-01-20 14:07:00", "elapsed": 2512.6952, "delta": 0.003212}}
{"target": -10.505689780931435, "params": {"colsample_bytree": 0.14252175764857547, "eta": 0.05656943340436048, "gamma": 862.766863577263, "max_depth": 6.0, "min_child_weight": 2081.3147171374476, "num_boost_round": 161.0, "subsample": 0.49444366349653546}, "datetime": {"datetime": "2024-01-20 14:07:00", "elapsed": 2512.698354, "delta": 0.003154}}
{"target": -10.505903339792109, "params": {"colsample_bytree": 0.14252175764857547, "eta": 0.05656943340436048, "gamma": 862.766863577263, "max_depth": 6.0, "min_child_weight": 2081.3147171374476, "num_boost_round": 162.0, "subsample": 0.49444366349653546}, "datetime": {"datetime": "2024-01-20 14:07:00", "elapsed": 2512.701595, "delta": 0.003241}}
{"target": -10.505925974741395, "params": {"colsample_bytree": 0.14252175764857547, "eta": 0.05656943340436048, "gamma": 862.766863577263, "max_depth": 6.0, "min_child_weight": 2081.3147171374476, "num_boost_round": 163.0, "subsample": 0.49444366349653546}, "datetime": {"datetime": "2024-01-20 14:07:00", "elapsed": 2512.704747, "delta": 0.003152}}
{"target": -10.506162955050257, "params": {"colsample_bytree": 0.14252175764857547, "eta": 0.05656943340436048, "gamma": 862.766863577263, "max_depth": 6.0, "min_child_weight": 2081.3147171374476, "num_boost_round": 164.0, "subsample": 0.49444366349653546}, "datetime": {"datetime": "2024-01-20 14:07:00", "elapsed": 2512.707943, "delta": 0.003196}}
{"target": -10.50610386704584, "params": {"colsample_bytree": 0.14252175764857547, "eta": 0.05656943340436048, "gamma": 862.766863577263, "max_depth": 6.0, "min_child_weight": 2081.3147171374476, "num_boost_round": 165.0, "subsample": 0.49444366349653546}, "datetime": {"datetime": "2024-01-20 14:07:00", "elapsed": 2512.711149, "delta": 0.003206}}
{"target": -10.50628969219708, "params": {"colsample_bytree": 0.14252175764857547, "eta": 0.05656943340436048, "gamma": 862.766863577263, "max_depth": 6.0, "min_child_weight": 2081.3147171374476, "num_boost_round": 166.0, "subsample": 0.49444366349653546}, "datetime": {"datetime": "2024-01-20 14:07:00", "elapsed": 2512.714337, "delta": 0.003188}}
{"target": -10.506343942499074, "params": {"colsample_bytree": 0.14252175764857547, "eta": 0.05656943340436048, "gamma": 862.766863577263, "max_depth": 6.0, "min_child_weight": 2081.3147171374476, "num_boost_round": 167.0, "subsample": 0.49444366349653546}, "datetime": {"datetime": "2024-01-20 14:07:00", "elapsed": 2512.717533, "delta": 0.003196}}
{"target": -10.506669393254054, "params": {"colsample_bytree": 0.14252175764857547, "eta": 0.05656943340436048, "gamma": 862.766863577263, "max_depth": 6.0, "min_child_weight": 2081.3147171374476, "num_boost_round": 168.0, "subsample": 0.49444366349653546}, "datetime": {"datetime": "2024-01-20 14:07:00", "elapsed": 2512.720714, "delta": 0.003181}}
{"target": -10.506816368564124, "params": {"colsample_bytree": 0.14252175764857547, "eta": 0.05656943340436048, "gamma": 862.766863577263, "max_depth": 6.0, "min_child_weight": 2081.3147171374476, "num_boost_round": 169.0, "subsample": 0.49444366349653546}, "datetime": {"datetime": "2024-01-20 14:07:00", "elapsed": 2512.723903, "delta": 0.003189}}
{"target": -10.506859367316743, "params": {"colsample_bytree": 0.14252175764857547, "eta": 0.05656943340436048, "gamma": 862.766863577263, "max_depth": 6.0, "min_child_weight": 2081.3147171374476, "num_boost_round": 170.0, "subsample": 0.49444366349653546}, "datetime": {"datetime": "2024-01-20 14:07:00", "elapsed": 2512.727127, "delta": 0.003224}}
{"target": -10.50692962305611, "params": {"colsample_bytree": 0.14252175764857547, "eta": 0.05656943340436048, "gamma": 862.766863577263, "max_depth": 6.0, "min_child_weight": 2081.3147171374476, "num_boost_round": 171.0, "subsample": 0.49444366349653546}, "datetime": {"datetime": "2024-01-20 14:07:00", "elapsed": 2512.730342, "delta": 0.003215}}
{"target": -10.50717390965021, "params": {"colsample_bytree": 0.14252175764857547, "eta": 0.05656943340436048, "gamma": 862.766863577263, "max_depth": 6.0, "min_child_weight": 2081.3147171374476, "num_boost_round": 172.0, "subsample": 0.49444366349653546}, "datetime": {"datetime": "2024-01-20 14:07:00", "elapsed": 2512.733478, "delta": 0.003136}}
