{"target": -13.40402628838263, "params": {"colsample_bytree": 0.401208194537957, "eta": 0.05092881560286707, "gamma": 836.3266785492384, "max_depth": 7.0, "min_child_weight": 3306.71665369249, "num_boost_round": 15.0, "subsample": 0.9389107807687007}, "datetime": {"datetime": "2024-01-20 17:03:34", "elapsed": 9548.762437, "delta": 0.00483}}
{"target": -13.40426733314808, "params": {"colsample_bytree": 0.401208194537957, "eta": 0.05092881560286707, "gamma": 836.3266785492384, "max_depth": 7.0, "min_child_weight": 3306.71665369249, "num_boost_round": 16.0, "subsample": 0.9389107807687007}, "datetime": {"datetime": "2024-01-20 17:03:34", "elapsed": 9548.76764, "delta": 0.005203}}
{"target": -13.404852054591728, "params": {"colsample_bytree": 0.401208194537957, "eta": 0.05092881560286707, "gamma": 836.3266785492384, "max_depth": 7.0, "min_child_weight": 3306.71665369249, "num_boost_round": 17.0, "subsample": 0.9389107807687007}, "datetime": {"datetime": "2024-01-20 17:03:34", "elapsed": 9548.77226, "delta": 0.00462}}
{"target": -13.40564323270419, "params": {"colsample_bytree": 0.401208194537957, "eta": 0.05092881560286707, "gamma": 836.3266785492384, "max_depth": 7.0, "min_child_weight": 3306.71665369249, "num_boost_round": 18.0, "subsample": 0.9389107807687007}, "datetime": {"datetime": "2024-01-20 17:03:34", "elapsed": 9548.777088, "delta": 0.004828}}
{"target": -13.406057297514721, "params": {"colsample_bytree": 0.401208194537957, "eta": 0.05092881560286707, "gamma": 836.3266785492384, "max_depth": 7.0, "min_child_weight": 3306.71665369249, "num_boost_round": 19.0, "subsample": 0.9389107807687007}, "datetime": {"datetime": "2024-01-20 17:03:34", "elapsed": 9548.78192, "delta": 0.004832}}
{"target": -13.406766590003146, "params": {"colsample_bytree": 0.401208194537957, "eta": 0.05092881560286707, "gamma": 836.3266785492384, "max_depth": 7.0, "min_child_weight": 3306.71665369249, "num_boost_round": 20.0, "subsample": 0.9389107807687007}, "datetime": {"datetime": "2024-01-20 17:03:34", "elapsed": 9548.786977, "delta": 0.005057}}
{"target": -13.407079808506442, "params": {"colsample_bytree": 0.401208194537957, "eta": 0.05092881560286707, "gamma": 836.3266785492384, "max_depth": 7.0, "min_child_weight": 3306.71665369249, "num_boost_round": 21.0, "subsample": 0.9389107807687007}, "datetime": {"datetime": "2024-01-20 17:03:34", "elapsed": 9548.791914, "delta": 0.004937}}
{"target": -13.407417875832543, "params": {"colsample_bytree": 0.401208194537957, "eta": 0.05092881560286707, "gamma": 836.3266785492384, "max_depth": 7.0, "min_child_weight": 3306.71665369249, "num_boost_round": 22.0, "subsample": 0.9389107807687007}, "datetime": {"datetime": "2024-01-20 17:03:34", "elapsed": 9548.797047, "delta": 0.005133}}
{"target": -13.408379337722403, "params": {"colsample_bytree": 0.401208194537957, "eta": 0.05092881560286707, "gamma": 836.3266785492384, "max_depth": 7.0, "min_child_weight": 3306.71665369249, "num_boost_round": 23.0, "subsample": 0.9389107807687007}, "datetime": {"datetime": "2024-01-20 17:03:34", "elapsed": 9548.801812, "delta": 0.004765}}
{"target": -13.409210270867037, "params": {"colsample_bytree": 0.401208194537957, "eta": 0.05092881560286707, "gamma": 836.3266785492384, "max_depth": 7.0, "min_child_weight": 3306.71665369249, "num_boost_round": 24.0, "subsample": 0.9389107807687007}, "datetime": {"datetime": "2024-01-20 17:03:34", "elapsed": 9548.809857, "delta": 0.008045}}
{"target": -13.409945335635317, "params": {"colsample_bytree": 0.401208194537957, "eta": 0.05092881560286707, "gamma": 836.3266785492384, "max_depth": 7.0, "min_child_weight": 3306.71665369249, "num_boost_round": 25.0, "subsample": 0.9389107807687007}, "datetime": {"datetime": "2024-01-20 17:03:34", "elapsed": 9548.818018, "delta": 0.008161}}
{"target": -13.411036213218694, "params": {"colsample_bytree": 0.401208194537957, "eta": 0.05092881560286707, "gamma": 836.3266785492384, "max_depth": 7.0, "min_child_weight": 3306.71665369249, "num_boost_round": 26.0, "subsample": 0.9389107807687007}, "datetime": {"datetime": "2024-01-20 17:03:34", "elapsed": 9548.825576, "delta": 0.007558}}
{"target": -13.41217085622144, "params": {"colsample_bytree": 0.401208194537957, "eta": 0.05092881560286707, "gamma": 836.3266785492384, "max_depth": 7.0, "min_child_weight": 3306.71665369249, "num_boost_round": 27.0, "subsample": 0.9389107807687007}, "datetime": {"datetime": "2024-01-20 17:03:34", "elapsed": 9548.831175, "delta": 0.005599}}
{"target": -13.41322872046822, "params": {"colsample_bytree": 0.401208194537957, "eta": 0.05092881560286707, "gamma": 836.3266785492384, "max_depth": 7.0, "min_child_weight": 3306.71665369249, "num_boost_round": 28.0, "subsample": 0.9389107807687007}, "datetime": {"datetime": "2024-01-20 17:03:34", "elapsed": 9548.83656, "delta": 0.005385}}
{"target": -13.413498680226166, "params": {"colsample_bytree": 0.401208194537957, "eta": 0.05092881560286707, "gamma": 836.3266785492384, "max_depth": 7.0, "min_child_weight": 3306.71665369249, "num_boost_round": 29.0, "subsample": 0.9389107807687007}, "datetime": {"datetime": "2024-01-20 17:03:34", "elapsed": 9548.841468, "delta": 0.004908}}
{"target": -13.414325993579407, "params": {"colsample_bytree": 0.401208194537957, "eta": 0.05092881560286707, "gamma": 836.3266785492384, "max_depth": 7.0, "min_child_weight": 3306.71665369249, "num_boost_round": 30.0, "subsample": 0.9389107807687007}, "datetime": {"datetime": "2024-01-20 17:03:34", "elapsed": 9548.846232, "delta": 0.004764}}
{"target": -13.415333352224216, "params": {"colsample_bytree": 0.401208194537957, "eta": 0.05092881560286707, "gamma": 836.3266785492384, "max_depth": 7.0, "min_child_weight": 3306.71665369249, "num_boost_round": 31.0, "subsample": 0.9389107807687007}, "datetime": {"datetime": "2024-01-20 17:03:34", "elapsed": 9548.851019, "delta": 0.004787}}
{"target": -13.416308627101818, "params": {"colsample_bytree": 0.401208194537957, "eta": 0.05092881560286707, "gamma": 836.3266785492384, "max_depth": 7.0, "min_child_weight": 3306.71665369249, "num_boost_round": 32.0, "subsample": 0.9389107807687007}, "datetime": {"datetime": "2024-01-20 17:03:34", "elapsed": 9548.856626, "delta": 0.005607}}
{"target": -13.416953029884358, "params": {"colsample_bytree": 0.401208194537957, "eta": 0.05092881560286707, "gamma": 836.3266785492384, "max_depth": 7.0, "min_child_weight": 3306.71665369249, "num_boost_round": 33.0, "subsample": 0.9389107807687007}, "datetime": {"datetime": "2024-01-20 17:03:34", "elapsed": 9548.861857, "delta": 0.005231}}
{"target": -13.417522092203127, "params": {"colsample_bytree": 0.401208194537957, "eta": 0.05092881560286707, "gamma": 836.3266785492384, "max_depth": 7.0, "min_child_weight": 3306.71665369249, "num_boost_round": 34.0, "subsample": 0.9389107807687007}, "datetime": {"datetime": "2024-01-20 17:03:34", "elapsed": 9548.86713, "delta": 0.005273}}
{"target": -13.418306743014789, "params": {"colsample_bytree": 0.401208194537957, "eta": 0.05092881560286707, "gamma": 836.3266785492384, "max_depth": 7.0, "min_child_weight": 3306.71665369249, "num_boost_round": 35.0, "subsample": 0.9389107807687007}, "datetime": {"datetime": "2024-01-20 17:03:34", "elapsed": 9548.872138, "delta": 0.005008}}
{"target": -13.418744031334295, "params": {"colsample_bytree": 0.401208194537957, "eta": 0.05092881560286707, "gamma": 836.3266785492384, "max_depth": 7.0, "min_child_weight": 3306.71665369249, "num_boost_round": 36.0, "subsample": 0.9389107807687007}, "datetime": {"datetime": "2024-01-20 17:03:34", "elapsed": 9548.877458, "delta": 0.00532}}
{"target": -13.419081666315506, "params": {"colsample_bytree": 0.401208194537957, "eta": 0.05092881560286707, "gamma": 836.3266785492384, "max_depth": 7.0, "min_child_weight": 3306.71665369249, "num_boost_round": 37.0, "subsample": 0.9389107807687007}, "datetime": {"datetime": "2024-01-20 17:03:34", "elapsed": 9548.883346, "delta": 0.005888}}
{"target": -13.419644366592927, "params": {"colsample_bytree": 0.401208194537957, "eta": 0.05092881560286707, "gamma": 836.3266785492384, "max_depth": 7.0, "min_child_weight": 3306.71665369249, "num_boost_round": 38.0, "subsample": 0.9389107807687007}, "datetime": {"datetime": "2024-01-20 17:03:34", "elapsed": 9548.888431, "delta": 0.005085}}
{"target": -13.420906611683415, "params": {"colsample_bytree": 0.401208194537957, "eta": 0.05092881560286707, "gamma": 836.3266785492384, "max_depth": 7.0, "min_child_weight": 3306.71665369249, "num_boost_round": 39.0, "subsample": 0.9389107807687007}, "datetime": {"datetime": "2024-01-20 17:03:34", "elapsed": 9548.893442, "delta": 0.005011}}
{"target": -13.421544169029517, "params": {"colsample_bytree": 0.401208194537957, "eta": 0.05092881560286707, "gamma": 836.3266785492384, "max_depth": 7.0, "min_child_weight": 3306.71665369249, "num_boost_round": 40.0, "subsample": 0.9389107807687007}, "datetime": {"datetime": "2024-01-20 17:03:34", "elapsed": 9548.898643, "delta": 0.005201}}
{"target": -13.422358169279953, "params": {"colsample_bytree": 0.401208194537957, "eta": 0.05092881560286707, "gamma": 836.3266785492384, "max_depth": 7.0, "min_child_weight": 3306.71665369249, "num_boost_round": 41.0, "subsample": 0.9389107807687007}, "datetime": {"datetime": "2024-01-20 17:03:34", "elapsed": 9548.903441, "delta": 0.004798}}
{"target": -13.422960244178821, "params": {"colsample_bytree": 0.401208194537957, "eta": 0.05092881560286707, "gamma": 836.3266785492384, "max_depth": 7.0, "min_child_weight": 3306.71665369249, "num_boost_round": 42.0, "subsample": 0.9389107807687007}, "datetime": {"datetime": "2024-01-20 17:03:34", "elapsed": 9548.908376, "delta": 0.004935}}
{"target": -13.42385321525624, "params": {"colsample_bytree": 0.401208194537957, "eta": 0.05092881560286707, "gamma": 836.3266785492384, "max_depth": 7.0, "min_child_weight": 3306.71665369249, "num_boost_round": 43.0, "subsample": 0.9389107807687007}, "datetime": {"datetime": "2024-01-20 17:03:34", "elapsed": 9548.913188, "delta": 0.004812}}
{"target": -13.42444107060697, "params": {"colsample_bytree": 0.401208194537957, "eta": 0.05092881560286707, "gamma": 836.3266785492384, "max_depth": 7.0, "min_child_weight": 3306.71665369249, "num_boost_round": 44.0, "subsample": 0.9389107807687007}, "datetime": {"datetime": "2024-01-20 17:03:34", "elapsed": 9548.918016, "delta": 0.004828}}
{"target": -13.425387293072916, "params": {"colsample_bytree": 0.401208194537957, "eta": 0.05092881560286707, "gamma": 836.3266785492384, "max_depth": 7.0, "min_child_weight": 3306.71665369249, "num_boost_round": 45.0, "subsample": 0.9389107807687007}, "datetime": {"datetime": "2024-01-20 17:03:34", "elapsed": 9548.92475, "delta": 0.006734}}
{"target": -13.426305698543464, "params": {"colsample_bytree": 0.401208194537957, "eta": 0.05092881560286707, "gamma": 836.3266785492384, "max_depth": 7.0, "min_child_weight": 3306.71665369249, "num_boost_round": 46.0, "subsample": 0.9389107807687007}, "datetime": {"datetime": "2024-01-20 17:03:34", "elapsed": 9548.933711, "delta": 0.008961}}
{"target": -13.426975728937808, "params": {"colsample_bytree": 0.401208194537957, "eta": 0.05092881560286707, "gamma": 836.3266785492384, "max_depth": 7.0, "min_child_weight": 3306.71665369249, "num_boost_round": 47.0, "subsample": 0.9389107807687007}, "datetime": {"datetime": "2024-01-20 17:03:34", "elapsed": 9548.939849, "delta": 0.006138}}
{"target": -13.427884076511178, "params": {"colsample_bytree": 0.401208194537957, "eta": 0.05092881560286707, "gamma": 836.3266785492384, "max_depth": 7.0, "min_child_weight": 3306.71665369249, "num_boost_round": 48.0, "subsample": 0.9389107807687007}, "datetime": {"datetime": "2024-01-20 17:03:34", "elapsed": 9548.944936, "delta": 0.005087}}
{"target": -13.428290093997944, "params": {"colsample_bytree": 0.401208194537957, "eta": 0.05092881560286707, "gamma": 836.3266785492384, "max_depth": 7.0, "min_child_weight": 3306.71665369249, "num_boost_round": 49.0, "subsample": 0.9389107807687007}, "datetime": {"datetime": "2024-01-20 17:03:34", "elapsed": 9548.949948, "delta": 0.005012}}
{"target": -13.42861950974433, "params": {"colsample_bytree": 0.401208194537957, "eta": 0.05092881560286707, "gamma": 836.3266785492384, "max_depth": 7.0, "min_child_weight": 3306.71665369249, "num_boost_round": 50.0, "subsample": 0.9389107807687007}, "datetime": {"datetime": "2024-01-20 17:03:34", "elapsed": 9548.954697, "delta": 0.004749}}
{"target": -13.42933433224366, "params": {"colsample_bytree": 0.401208194537957, "eta": 0.05092881560286707, "gamma": 836.3266785492384, "max_depth": 7.0, "min_child_weight": 3306.71665369249, "num_boost_round": 51.0, "subsample": 0.9389107807687007}, "datetime": {"datetime": "2024-01-20 17:03:34", "elapsed": 9548.959514, "delta": 0.004817}}
{"target": -13.430064453733163, "params": {"colsample_bytree": 0.401208194537957, "eta": 0.05092881560286707, "gamma": 836.3266785492384, "max_depth": 7.0, "min_child_weight": 3306.71665369249, "num_boost_round": 52.0, "subsample": 0.9389107807687007}, "datetime": {"datetime": "2024-01-20 17:03:34", "elapsed": 9548.964632, "delta": 0.005118}}
{"target": -13.430572052903448, "params": {"colsample_bytree": 0.401208194537957, "eta": 0.05092881560286707, "gamma": 836.3266785492384, "max_depth": 7.0, "min_child_weight": 3306.71665369249, "num_boost_round": 53.0, "subsample": 0.9389107807687007}, "datetime": {"datetime": "2024-01-20 17:03:34", "elapsed": 9548.969445, "delta": 0.004813}}
{"target": -13.43113037487615, "params": {"colsample_bytree": 0.401208194537957, "eta": 0.05092881560286707, "gamma": 836.3266785492384, "max_depth": 7.0, "min_child_weight": 3306.71665369249, "num_boost_round": 54.0, "subsample": 0.9389107807687007}, "datetime": {"datetime": "2024-01-20 17:03:34", "elapsed": 9548.975066, "delta": 0.005621}}
{"target": -13.431438011089972, "params": {"colsample_bytree": 0.401208194537957, "eta": 0.05092881560286707, "gamma": 836.3266785492384, "max_depth": 7.0, "min_child_weight": 3306.71665369249, "num_boost_round": 55.0, "subsample": 0.9389107807687007}, "datetime": {"datetime": "2024-01-20 17:03:34", "elapsed": 9548.979986, "delta": 0.00492}}
{"target": -13.432206580890664, "params": {"colsample_bytree": 0.401208194537957, "eta": 0.05092881560286707, "gamma": 836.3266785492384, "max_depth": 7.0, "min_child_weight": 3306.71665369249, "num_boost_round": 56.0, "subsample": 0.9389107807687007}, "datetime": {"datetime": "2024-01-20 17:03:34", "elapsed": 9548.984764, "delta": 0.004778}}
{"target": -13.432843131906562, "params": {"colsample_bytree": 0.401208194537957, "eta": 0.05092881560286707, "gamma": 836.3266785492384, "max_depth": 7.0, "min_child_weight": 3306.71665369249, "num_boost_round": 57.0, "subsample": 0.9389107807687007}, "datetime": {"datetime": "2024-01-20 17:03:34", "elapsed": 9548.98962, "delta": 0.004856}}
{"target": -13.433200749464817, "params": {"colsample_bytree": 0.401208194537957, "eta": 0.05092881560286707, "gamma": 836.3266785492384, "max_depth": 7.0, "min_child_weight": 3306.71665369249, "num_boost_round": 58.0, "subsample": 0.9389107807687007}, "datetime": {"datetime": "2024-01-20 17:03:34", "elapsed": 9548.994599, "delta": 0.004979}}
{"target": -13.434016452786903, "params": {"colsample_bytree": 0.401208194537957, "eta": 0.05092881560286707, "gamma": 836.3266785492384, "max_depth": 7.0, "min_child_weight": 3306.71665369249, "num_boost_round": 59.0, "subsample": 0.9389107807687007}, "datetime": {"datetime": "2024-01-20 17:03:34", "elapsed": 9548.999333, "delta": 0.004734}}
{"target": -13.434607246620601, "params": {"colsample_bytree": 0.401208194537957, "eta": 0.05092881560286707, "gamma": 836.3266785492384, "max_depth": 7.0, "min_child_weight": 3306.71665369249, "num_boost_round": 60.0, "subsample": 0.9389107807687007}, "datetime": {"datetime": "2024-01-20 17:03:34", "elapsed": 9549.004153, "delta": 0.00482}}
{"target": -13.434843229291989, "params": {"colsample_bytree": 0.401208194537957, "eta": 0.05092881560286707, "gamma": 836.3266785492384, "max_depth": 7.0, "min_child_weight": 3306.71665369249, "num_boost_round": 61.0, "subsample": 0.9389107807687007}, "datetime": {"datetime": "2024-01-20 17:03:34", "elapsed": 9549.008956, "delta": 0.004803}}
{"target": -13.435406518203088, "params": {"colsample_bytree": 0.401208194537957, "eta": 0.05092881560286707, "gamma": 836.3266785492384, "max_depth": 7.0, "min_child_weight": 3306.71665369249, "num_boost_round": 62.0, "subsample": 0.9389107807687007}, "datetime": {"datetime": "2024-01-20 17:03:34", "elapsed": 9549.014183, "delta": 0.005227}}
{"target": -13.435959794451994, "params": {"colsample_bytree": 0.401208194537957, "eta": 0.05092881560286707, "gamma": 836.3266785492384, "max_depth": 7.0, "min_child_weight": 3306.71665369249, "num_boost_round": 63.0, "subsample": 0.9389107807687007}, "datetime": {"datetime": "2024-01-20 17:03:34", "elapsed": 9549.019367, "delta": 0.005184}}
{"target": -13.436360192698801, "params": {"colsample_bytree": 0.401208194537957, "eta": 0.05092881560286707, "gamma": 836.3266785492384, "max_depth": 7.0, "min_child_weight": 3306.71665369249, "num_boost_round": 64.0, "subsample": 0.9389107807687007}, "datetime": {"datetime": "2024-01-20 17:03:34", "elapsed": 9549.024438, "delta": 0.005071}}
{"target": -13.436460596261409, "params": {"colsample_bytree": 0.401208194537957, "eta": 0.05092881560286707, "gamma": 836.3266785492384, "max_depth": 7.0, "min_child_weight": 3306.71665369249, "num_boost_round": 65.0, "subsample": 0.9389107807687007}, "datetime": {"datetime": "2024-01-20 17:03:34", "elapsed": 9549.029264, "delta": 0.004826}}
{"target": -13.437385969544483, "params": {"colsample_bytree": 0.401208194537957, "eta": 0.05092881560286707, "gamma": 836.3266785492384, "max_depth": 7.0, "min_child_weight": 3306.71665369249, "num_boost_round": 66.0, "subsample": 0.9389107807687007}, "datetime": {"datetime": "2024-01-20 17:03:34", "elapsed": 9549.034296, "delta": 0.005032}}
{"target": -13.438058404302204, "params": {"colsample_bytree": 0.401208194537957, "eta": 0.05092881560286707, "gamma": 836.3266785492384, "max_depth": 7.0, "min_child_weight": 3306.71665369249, "num_boost_round": 67.0, "subsample": 0.9389107807687007}, "datetime": {"datetime": "2024-01-20 17:03:34", "elapsed": 9549.039145, "delta": 0.004849}}
{"target": -13.43846281239008, "params": {"colsample_bytree": 0.401208194537957, "eta": 0.05092881560286707, "gamma": 836.3266785492384, "max_depth": 7.0, "min_child_weight": 3306.71665369249, "num_boost_round": 68.0, "subsample": 0.9389107807687007}, "datetime": {"datetime": "2024-01-20 17:03:34", "elapsed": 9549.044057, "delta": 0.004912}}
{"target": -13.438999622948288, "params": {"colsample_bytree": 0.401208194537957, "eta": 0.05092881560286707, "gamma": 836.3266785492384, "max_depth": 7.0, "min_child_weight": 3306.71665369249, "num_boost_round": 69.0, "subsample": 0.9389107807687007}, "datetime": {"datetime": "2024-01-20 17:03:34", "elapsed": 9549.048919, "delta": 0.004862}}
{"target": -13.398154210878285, "params": {"colsample_bytree": 0.21000485902274796, "eta": 0.0816407349116179, "gamma": 833.562423139074, "max_depth": 3.0, "min_child_weight": 2938.083146230206, "num_boost_round": 1.0, "subsample": 0.2362967099673909}, "datetime": {"datetime": "2024-01-20 17:04:49", "elapsed": 9623.739293, "delta": 74.690374}}
{"target": -13.398277092288215, "params": {"colsample_bytree": 0.21000485902274796, "eta": 0.0816407349116179, "gamma": 833.562423139074, "max_depth": 3.0, "min_child_weight": 2938.083146230206, "num_boost_round": 2.0, "subsample": 0.2362967099673909}, "datetime": {"datetime": "2024-01-20 17:04:49", "elapsed": 9623.746177, "delta": 0.006884}}
{"target": -13.398784234397585, "params": {"colsample_bytree": 0.21000485902274796, "eta": 0.0816407349116179, "gamma": 833.562423139074, "max_depth": 3.0, "min_child_weight": 2938.083146230206, "num_boost_round": 3.0, "subsample": 0.2362967099673909}, "datetime": {"datetime": "2024-01-20 17:04:49", "elapsed": 9623.751023, "delta": 0.004846}}
{"target": -13.399330657486168, "params": {"colsample_bytree": 0.21000485902274796, "eta": 0.0816407349116179, "gamma": 833.562423139074, "max_depth": 3.0, "min_child_weight": 2938.083146230206, "num_boost_round": 4.0, "subsample": 0.2362967099673909}, "datetime": {"datetime": "2024-01-20 17:04:49", "elapsed": 9623.755927, "delta": 0.004904}}
{"target": -13.400029405176666, "params": {"colsample_bytree": 0.21000485902274796, "eta": 0.0816407349116179, "gamma": 833.562423139074, "max_depth": 3.0, "min_child_weight": 2938.083146230206, "num_boost_round": 5.0, "subsample": 0.2362967099673909}, "datetime": {"datetime": "2024-01-20 17:04:49", "elapsed": 9623.76085, "delta": 0.004923}}
{"target": -13.39807423517368, "params": {"colsample_bytree": 0.37202125038289846, "eta": 0.09467938738662346, "gamma": 240.6376893885186, "max_depth": 7.0, "min_child_weight": 3066.392529740864, "num_boost_round": 1.0, "subsample": 0.7132527981657476}, "datetime": {"datetime": "2024-01-20 17:05:31", "elapsed": 9666.319341, "delta": 42.558491}}
{"target": -13.39813655635725, "params": {"colsample_bytree": 0.37202125038289846, "eta": 0.09467938738662346, "gamma": 240.6376893885186, "max_depth": 7.0, "min_child_weight": 3066.392529740864, "num_boost_round": 2.0, "subsample": 0.7132527981657476}, "datetime": {"datetime": "2024-01-20 17:05:31", "elapsed": 9666.325433, "delta": 0.006092}}
{"target": -13.398977776238123, "params": {"colsample_bytree": 0.37202125038289846, "eta": 0.09467938738662346, "gamma": 240.6376893885186, "max_depth": 7.0, "min_child_weight": 3066.392529740864, "num_boost_round": 3.0, "subsample": 0.7132527981657476}, "datetime": {"datetime": "2024-01-20 17:05:31", "elapsed": 9666.334927, "delta": 0.009494}}
