{"target": -10.476457511318909, "params": {"colsample_bytree": 0.2084486236210002, "eta": 0.09361789462080361, "gamma": 751.143301406994, "max_depth": 3.0, "min_child_weight": 4448.116897618634, "num_boost_round": 6.0, "subsample": 0.1805762996144968}, "datetime": {"datetime": "2024-01-20 13:46:15", "elapsed": 1267.590657, "delta": 0.001722}}
{"target": -10.476563524249421, "params": {"colsample_bytree": 0.2084486236210002, "eta": 0.09361789462080361, "gamma": 751.143301406994, "max_depth": 3.0, "min_child_weight": 4448.116897618634, "num_boost_round": 7.0, "subsample": 0.1805762996144968}, "datetime": {"datetime": "2024-01-20 13:46:15", "elapsed": 1267.592446, "delta": 0.001789}}
{"target": -10.476578649407429, "params": {"colsample_bytree": 0.2084486236210002, "eta": 0.09361789462080361, "gamma": 751.143301406994, "max_depth": 3.0, "min_child_weight": 4448.116897618634, "num_boost_round": 8.0, "subsample": 0.1805762996144968}, "datetime": {"datetime": "2024-01-20 13:46:15", "elapsed": 1267.594175, "delta": 0.001729}}
{"target": -10.47683462525547, "params": {"colsample_bytree": 0.2084486236210002, "eta": 0.09361789462080361, "gamma": 751.143301406994, "max_depth": 3.0, "min_child_weight": 4448.116897618634, "num_boost_round": 9.0, "subsample": 0.1805762996144968}, "datetime": {"datetime": "2024-01-20 13:46:15", "elapsed": 1267.595891, "delta": 0.001716}}
{"target": -10.477101907042883, "params": {"colsample_bytree": 0.2084486236210002, "eta": 0.09361789462080361, "gamma": 751.143301406994, "max_depth": 3.0, "min_child_weight": 4448.116897618634, "num_boost_round": 10.0, "subsample": 0.1805762996144968}, "datetime": {"datetime": "2024-01-20 13:46:15", "elapsed": 1267.597604, "delta": 0.001713}}
{"target": -10.477428679061195, "params": {"colsample_bytree": 0.2084486236210002, "eta": 0.09361789462080361, "gamma": 751.143301406994, "max_depth": 3.0, "min_child_weight": 4448.116897618634, "num_boost_round": 11.0, "subsample": 0.1805762996144968}, "datetime": {"datetime": "2024-01-20 13:46:15", "elapsed": 1267.599327, "delta": 0.001723}}
{"target": -10.477631748073334, "params": {"colsample_bytree": 0.2084486236210002, "eta": 0.09361789462080361, "gamma": 751.143301406994, "max_depth": 3.0, "min_child_weight": 4448.116897618634, "num_boost_round": 12.0, "subsample": 0.1805762996144968}, "datetime": {"datetime": "2024-01-20 13:46:15", "elapsed": 1267.601058, "delta": 0.001731}}
{"target": -10.475829219415317, "params": {"colsample_bytree": 0.5287711044322058, "eta": 0.02382730499306134, "gamma": 873.4381923335718, "max_depth": 8.0, "min_child_weight": 4466.7269761655725, "num_boost_round": 1.0, "subsample": 0.5030152378194931}, "datetime": {"datetime": "2024-01-20 13:47:02", "elapsed": 1314.63767, "delta": 47.036612}}
{"target": -10.475405507958255, "params": {"colsample_bytree": 0.5287711044322058, "eta": 0.02382730499306134, "gamma": 873.4381923335718, "max_depth": 8.0, "min_child_weight": 4466.7269761655725, "num_boost_round": 2.0, "subsample": 0.5030152378194931}, "datetime": {"datetime": "2024-01-20 13:47:02", "elapsed": 1314.639994, "delta": 0.002324}}
{"target": -10.475331140386375, "params": {"colsample_bytree": 0.5287711044322058, "eta": 0.02382730499306134, "gamma": 873.4381923335718, "max_depth": 8.0, "min_child_weight": 4466.7269761655725, "num_boost_round": 3.0, "subsample": 0.5030152378194931}, "datetime": {"datetime": "2024-01-20 13:47:02", "elapsed": 1314.641824, "delta": 0.00183}}
{"target": -10.474994987596137, "params": {"colsample_bytree": 0.5287711044322058, "eta": 0.02382730499306134, "gamma": 873.4381923335718, "max_depth": 8.0, "min_child_weight": 4466.7269761655725, "num_boost_round": 4.0, "subsample": 0.5030152378194931}, "datetime": {"datetime": "2024-01-20 13:47:02", "elapsed": 1314.643729, "delta": 0.001905}}
{"target": -10.474691074470257, "params": {"colsample_bytree": 0.5287711044322058, "eta": 0.02382730499306134, "gamma": 873.4381923335718, "max_depth": 8.0, "min_child_weight": 4466.7269761655725, "num_boost_round": 5.0, "subsample": 0.5030152378194931}, "datetime": {"datetime": "2024-01-20 13:47:02", "elapsed": 1314.645437, "delta": 0.001708}}
{"target": -10.474533397624889, "params": {"colsample_bytree": 0.5287711044322058, "eta": 0.02382730499306134, "gamma": 873.4381923335718, "max_depth": 8.0, "min_child_weight": 4466.7269761655725, "num_boost_round": 6.0, "subsample": 0.5030152378194931}, "datetime": {"datetime": "2024-01-20 13:47:02", "elapsed": 1314.647108, "delta": 0.001671}}
{"target": -10.474336024260928, "params": {"colsample_bytree": 0.5287711044322058, "eta": 0.02382730499306134, "gamma": 873.4381923335718, "max_depth": 8.0, "min_child_weight": 4466.7269761655725, "num_boost_round": 7.0, "subsample": 0.5030152378194931}, "datetime": {"datetime": "2024-01-20 13:47:02", "elapsed": 1314.648844, "delta": 0.001736}}
{"target": -10.4739872756364, "params": {"colsample_bytree": 0.5287711044322058, "eta": 0.02382730499306134, "gamma": 873.4381923335718, "max_depth": 8.0, "min_child_weight": 4466.7269761655725, "num_boost_round": 8.0, "subsample": 0.5030152378194931}, "datetime": {"datetime": "2024-01-20 13:47:02", "elapsed": 1314.650552, "delta": 0.001708}}
{"target": -10.473979075461973, "params": {"colsample_bytree": 0.5287711044322058, "eta": 0.02382730499306134, "gamma": 873.4381923335718, "max_depth": 8.0, "min_child_weight": 4466.7269761655725, "num_boost_round": 9.0, "subsample": 0.5030152378194931}, "datetime": {"datetime": "2024-01-20 13:47:02", "elapsed": 1314.652259, "delta": 0.001707}}
{"target": -10.473748375016317, "params": {"colsample_bytree": 0.5287711044322058, "eta": 0.02382730499306134, "gamma": 873.4381923335718, "max_depth": 8.0, "min_child_weight": 4466.7269761655725, "num_boost_round": 10.0, "subsample": 0.5030152378194931}, "datetime": {"datetime": "2024-01-20 13:47:02", "elapsed": 1314.653938, "delta": 0.001679}}
{"target": -10.473564231902278, "params": {"colsample_bytree": 0.5287711044322058, "eta": 0.02382730499306134, "gamma": 873.4381923335718, "max_depth": 8.0, "min_child_weight": 4466.7269761655725, "num_boost_round": 11.0, "subsample": 0.5030152378194931}, "datetime": {"datetime": "2024-01-20 13:47:02", "elapsed": 1314.655631, "delta": 0.001693}}
{"target": -10.473455850557514, "params": {"colsample_bytree": 0.5287711044322058, "eta": 0.02382730499306134, "gamma": 873.4381923335718, "max_depth": 8.0, "min_child_weight": 4466.7269761655725, "num_boost_round": 12.0, "subsample": 0.5030152378194931}, "datetime": {"datetime": "2024-01-20 13:47:02", "elapsed": 1314.65748, "delta": 0.001849}}
{"target": -10.47337485211915, "params": {"colsample_bytree": 0.5287711044322058, "eta": 0.02382730499306134, "gamma": 873.4381923335718, "max_depth": 8.0, "min_child_weight": 4466.7269761655725, "num_boost_round": 13.0, "subsample": 0.5030152378194931}, "datetime": {"datetime": "2024-01-20 13:47:02", "elapsed": 1314.659242, "delta": 0.001762}}
{"target": -10.473233582995949, "params": {"colsample_bytree": 0.5287711044322058, "eta": 0.02382730499306134, "gamma": 873.4381923335718, "max_depth": 8.0, "min_child_weight": 4466.7269761655725, "num_boost_round": 14.0, "subsample": 0.5030152378194931}, "datetime": {"datetime": "2024-01-20 13:47:02", "elapsed": 1314.661137, "delta": 0.001895}}
{"target": -10.473141651876084, "params": {"colsample_bytree": 0.5287711044322058, "eta": 0.02382730499306134, "gamma": 873.4381923335718, "max_depth": 8.0, "min_child_weight": 4466.7269761655725, "num_boost_round": 15.0, "subsample": 0.5030152378194931}, "datetime": {"datetime": "2024-01-20 13:47:02", "elapsed": 1314.662868, "delta": 0.001731}}
{"target": -10.473166054087834, "params": {"colsample_bytree": 0.5287711044322058, "eta": 0.02382730499306134, "gamma": 873.4381923335718, "max_depth": 8.0, "min_child_weight": 4466.7269761655725, "num_boost_round": 16.0, "subsample": 0.5030152378194931}, "datetime": {"datetime": "2024-01-20 13:47:02", "elapsed": 1314.664576, "delta": 0.001708}}
{"target": -10.473185769576308, "params": {"colsample_bytree": 0.5287711044322058, "eta": 0.02382730499306134, "gamma": 873.4381923335718, "max_depth": 8.0, "min_child_weight": 4466.7269761655725, "num_boost_round": 17.0, "subsample": 0.5030152378194931}, "datetime": {"datetime": "2024-01-20 13:47:02", "elapsed": 1314.6663, "delta": 0.001724}}
{"target": -10.472980582019256, "params": {"colsample_bytree": 0.5287711044322058, "eta": 0.02382730499306134, "gamma": 873.4381923335718, "max_depth": 8.0, "min_child_weight": 4466.7269761655725, "num_boost_round": 18.0, "subsample": 0.5030152378194931}, "datetime": {"datetime": "2024-01-20 13:47:02", "elapsed": 1314.668007, "delta": 0.001707}}
{"target": -10.472869064549414, "params": {"colsample_bytree": 0.5287711044322058, "eta": 0.02382730499306134, "gamma": 873.4381923335718, "max_depth": 8.0, "min_child_weight": 4466.7269761655725, "num_boost_round": 19.0, "subsample": 0.5030152378194931}, "datetime": {"datetime": "2024-01-20 13:47:02", "elapsed": 1314.669773, "delta": 0.001766}}
{"target": -10.47280288439617, "params": {"colsample_bytree": 0.5287711044322058, "eta": 0.02382730499306134, "gamma": 873.4381923335718, "max_depth": 8.0, "min_child_weight": 4466.7269761655725, "num_boost_round": 20.0, "subsample": 0.5030152378194931}, "datetime": {"datetime": "2024-01-20 13:47:02", "elapsed": 1314.671496, "delta": 0.001723}}
{"target": -10.472683767335889, "params": {"colsample_bytree": 0.5287711044322058, "eta": 0.02382730499306134, "gamma": 873.4381923335718, "max_depth": 8.0, "min_child_weight": 4466.7269761655725, "num_boost_round": 21.0, "subsample": 0.5030152378194931}, "datetime": {"datetime": "2024-01-20 13:47:02", "elapsed": 1314.673208, "delta": 0.001712}}
{"target": -10.472649431960214, "params": {"colsample_bytree": 0.5287711044322058, "eta": 0.02382730499306134, "gamma": 873.4381923335718, "max_depth": 8.0, "min_child_weight": 4466.7269761655725, "num_boost_round": 22.0, "subsample": 0.5030152378194931}, "datetime": {"datetime": "2024-01-20 13:47:02", "elapsed": 1314.674943, "delta": 0.001735}}
{"target": -10.472707018613775, "params": {"colsample_bytree": 0.5287711044322058, "eta": 0.02382730499306134, "gamma": 873.4381923335718, "max_depth": 8.0, "min_child_weight": 4466.7269761655725, "num_boost_round": 23.0, "subsample": 0.5030152378194931}, "datetime": {"datetime": "2024-01-20 13:47:02", "elapsed": 1314.67676, "delta": 0.001817}}
{"target": -10.472540045145333, "params": {"colsample_bytree": 0.5287711044322058, "eta": 0.02382730499306134, "gamma": 873.4381923335718, "max_depth": 8.0, "min_child_weight": 4466.7269761655725, "num_boost_round": 24.0, "subsample": 0.5030152378194931}, "datetime": {"datetime": "2024-01-20 13:47:02", "elapsed": 1314.678563, "delta": 0.001803}}
{"target": -10.472567564487676, "params": {"colsample_bytree": 0.5287711044322058, "eta": 0.02382730499306134, "gamma": 873.4381923335718, "max_depth": 8.0, "min_child_weight": 4466.7269761655725, "num_boost_round": 25.0, "subsample": 0.5030152378194931}, "datetime": {"datetime": "2024-01-20 13:47:02", "elapsed": 1314.68027, "delta": 0.001707}}
{"target": -10.47268585979367, "params": {"colsample_bytree": 0.5287711044322058, "eta": 0.02382730499306134, "gamma": 873.4381923335718, "max_depth": 8.0, "min_child_weight": 4466.7269761655725, "num_boost_round": 26.0, "subsample": 0.5030152378194931}, "datetime": {"datetime": "2024-01-20 13:47:02", "elapsed": 1314.681976, "delta": 0.001706}}
{"target": -10.472976690519673, "params": {"colsample_bytree": 0.5287711044322058, "eta": 0.02382730499306134, "gamma": 873.4381923335718, "max_depth": 8.0, "min_child_weight": 4466.7269761655725, "num_boost_round": 27.0, "subsample": 0.5030152378194931}, "datetime": {"datetime": "2024-01-20 13:47:02", "elapsed": 1314.683711, "delta": 0.001735}}
{"target": -10.472924393604156, "params": {"colsample_bytree": 0.5287711044322058, "eta": 0.02382730499306134, "gamma": 873.4381923335718, "max_depth": 8.0, "min_child_weight": 4466.7269761655725, "num_boost_round": 28.0, "subsample": 0.5030152378194931}, "datetime": {"datetime": "2024-01-20 13:47:02", "elapsed": 1314.685433, "delta": 0.001722}}
{"target": -10.4731131079438, "params": {"colsample_bytree": 0.5287711044322058, "eta": 0.02382730499306134, "gamma": 873.4381923335718, "max_depth": 8.0, "min_child_weight": 4466.7269761655725, "num_boost_round": 29.0, "subsample": 0.5030152378194931}, "datetime": {"datetime": "2024-01-20 13:47:02", "elapsed": 1314.687144, "delta": 0.001711}}
{"target": -10.473152012217406, "params": {"colsample_bytree": 0.5287711044322058, "eta": 0.02382730499306134, "gamma": 873.4381923335718, "max_depth": 8.0, "min_child_weight": 4466.7269761655725, "num_boost_round": 30.0, "subsample": 0.5030152378194931}, "datetime": {"datetime": "2024-01-20 13:47:02", "elapsed": 1314.688891, "delta": 0.001747}}
{"target": -10.473172856424572, "params": {"colsample_bytree": 0.5287711044322058, "eta": 0.02382730499306134, "gamma": 873.4381923335718, "max_depth": 8.0, "min_child_weight": 4466.7269761655725, "num_boost_round": 31.0, "subsample": 0.5030152378194931}, "datetime": {"datetime": "2024-01-20 13:47:02", "elapsed": 1314.690613, "delta": 0.001722}}
{"target": -10.473147553647546, "params": {"colsample_bytree": 0.5287711044322058, "eta": 0.02382730499306134, "gamma": 873.4381923335718, "max_depth": 8.0, "min_child_weight": 4466.7269761655725, "num_boost_round": 32.0, "subsample": 0.5030152378194931}, "datetime": {"datetime": "2024-01-20 13:47:02", "elapsed": 1314.692344, "delta": 0.001731}}
{"target": -10.473219891220353, "params": {"colsample_bytree": 0.5287711044322058, "eta": 0.02382730499306134, "gamma": 873.4381923335718, "max_depth": 8.0, "min_child_weight": 4466.7269761655725, "num_boost_round": 33.0, "subsample": 0.5030152378194931}, "datetime": {"datetime": "2024-01-20 13:47:02", "elapsed": 1314.694061, "delta": 0.001717}}
{"target": -10.473087604655008, "params": {"colsample_bytree": 0.5287711044322058, "eta": 0.02382730499306134, "gamma": 873.4381923335718, "max_depth": 8.0, "min_child_weight": 4466.7269761655725, "num_boost_round": 34.0, "subsample": 0.5030152378194931}, "datetime": {"datetime": "2024-01-20 13:47:02", "elapsed": 1314.695784, "delta": 0.001723}}
{"target": -10.476124160921206, "params": {"colsample_bytree": 0.8632095664220895, "eta": 0.018862333810869356, "gamma": 911.8413538119302, "max_depth": 2.0, "min_child_weight": 4514.147868093107, "num_boost_round": 1.0, "subsample": 0.9332017546703113}, "datetime": {"datetime": "2024-01-20 13:47:36", "elapsed": 1348.088951, "delta": 33.393167}}
{"target": -10.476141748382597, "params": {"colsample_bytree": 0.8632095664220895, "eta": 0.018862333810869356, "gamma": 911.8413538119302, "max_depth": 2.0, "min_child_weight": 4514.147868093107, "num_boost_round": 2.0, "subsample": 0.9332017546703113}, "datetime": {"datetime": "2024-01-20 13:47:36", "elapsed": 1348.091484, "delta": 0.002533}}
{"target": -10.47609408499166, "params": {"colsample_bytree": 0.8632095664220895, "eta": 0.018862333810869356, "gamma": 911.8413538119302, "max_depth": 2.0, "min_child_weight": 4514.147868093107, "num_boost_round": 3.0, "subsample": 0.9332017546703113}, "datetime": {"datetime": "2024-01-20 13:47:36", "elapsed": 1348.093506, "delta": 0.002022}}
{"target": -10.476023321391722, "params": {"colsample_bytree": 0.8632095664220895, "eta": 0.018862333810869356, "gamma": 911.8413538119302, "max_depth": 2.0, "min_child_weight": 4514.147868093107, "num_boost_round": 4.0, "subsample": 0.9332017546703113}, "datetime": {"datetime": "2024-01-20 13:47:36", "elapsed": 1348.095254, "delta": 0.001748}}
{"target": -10.476025147227327, "params": {"colsample_bytree": 0.8632095664220895, "eta": 0.018862333810869356, "gamma": 911.8413538119302, "max_depth": 2.0, "min_child_weight": 4514.147868093107, "num_boost_round": 5.0, "subsample": 0.9332017546703113}, "datetime": {"datetime": "2024-01-20 13:47:36", "elapsed": 1348.097159, "delta": 0.001905}}
{"target": -10.476144570125106, "params": {"colsample_bytree": 0.8632095664220895, "eta": 0.018862333810869356, "gamma": 911.8413538119302, "max_depth": 2.0, "min_child_weight": 4514.147868093107, "num_boost_round": 6.0, "subsample": 0.9332017546703113}, "datetime": {"datetime": "2024-01-20 13:47:36", "elapsed": 1348.098965, "delta": 0.001806}}
{"target": -10.476238711128062, "params": {"colsample_bytree": 0.8632095664220895, "eta": 0.018862333810869356, "gamma": 911.8413538119302, "max_depth": 2.0, "min_child_weight": 4514.147868093107, "num_boost_round": 7.0, "subsample": 0.9332017546703113}, "datetime": {"datetime": "2024-01-20 13:47:36", "elapsed": 1348.100737, "delta": 0.001772}}
{"target": -10.476255276814657, "params": {"colsample_bytree": 0.8632095664220895, "eta": 0.018862333810869356, "gamma": 911.8413538119302, "max_depth": 2.0, "min_child_weight": 4514.147868093107, "num_boost_round": 8.0, "subsample": 0.9332017546703113}, "datetime": {"datetime": "2024-01-20 13:47:36", "elapsed": 1348.102489, "delta": 0.001752}}
{"target": -10.476271155896551, "params": {"colsample_bytree": 0.8632095664220895, "eta": 0.018862333810869356, "gamma": 911.8413538119302, "max_depth": 2.0, "min_child_weight": 4514.147868093107, "num_boost_round": 9.0, "subsample": 0.9332017546703113}, "datetime": {"datetime": "2024-01-20 13:47:36", "elapsed": 1348.104267, "delta": 0.001778}}
{"target": -10.476364250073972, "params": {"colsample_bytree": 0.8632095664220895, "eta": 0.018862333810869356, "gamma": 911.8413538119302, "max_depth": 2.0, "min_child_weight": 4514.147868093107, "num_boost_round": 10.0, "subsample": 0.9332017546703113}, "datetime": {"datetime": "2024-01-20 13:47:36", "elapsed": 1348.10602, "delta": 0.001753}}
{"target": -10.476409919191884, "params": {"colsample_bytree": 0.8632095664220895, "eta": 0.018862333810869356, "gamma": 911.8413538119302, "max_depth": 2.0, "min_child_weight": 4514.147868093107, "num_boost_round": 11.0, "subsample": 0.9332017546703113}, "datetime": {"datetime": "2024-01-20 13:47:36", "elapsed": 1348.107808, "delta": 0.001788}}
{"target": -10.476484931401242, "params": {"colsample_bytree": 0.8632095664220895, "eta": 0.018862333810869356, "gamma": 911.8413538119302, "max_depth": 2.0, "min_child_weight": 4514.147868093107, "num_boost_round": 12.0, "subsample": 0.9332017546703113}, "datetime": {"datetime": "2024-01-20 13:47:36", "elapsed": 1348.109697, "delta": 0.001889}}
{"target": -10.476477380904853, "params": {"colsample_bytree": 0.8632095664220895, "eta": 0.018862333810869356, "gamma": 911.8413538119302, "max_depth": 2.0, "min_child_weight": 4514.147868093107, "num_boost_round": 13.0, "subsample": 0.9332017546703113}, "datetime": {"datetime": "2024-01-20 13:47:36", "elapsed": 1348.111546, "delta": 0.001849}}
{"target": -10.476491053403425, "params": {"colsample_bytree": 0.8632095664220895, "eta": 0.018862333810869356, "gamma": 911.8413538119302, "max_depth": 2.0, "min_child_weight": 4514.147868093107, "num_boost_round": 14.0, "subsample": 0.9332017546703113}, "datetime": {"datetime": "2024-01-20 13:47:36", "elapsed": 1348.113293, "delta": 0.001747}}
{"target": -10.47653600261556, "params": {"colsample_bytree": 0.8632095664220895, "eta": 0.018862333810869356, "gamma": 911.8413538119302, "max_depth": 2.0, "min_child_weight": 4514.147868093107, "num_boost_round": 15.0, "subsample": 0.9332017546703113}, "datetime": {"datetime": "2024-01-20 13:47:36", "elapsed": 1348.115043, "delta": 0.00175}}
{"target": -10.476600943939651, "params": {"colsample_bytree": 0.8632095664220895, "eta": 0.018862333810869356, "gamma": 911.8413538119302, "max_depth": 2.0, "min_child_weight": 4514.147868093107, "num_boost_round": 16.0, "subsample": 0.9332017546703113}, "datetime": {"datetime": "2024-01-20 13:47:36", "elapsed": 1348.11683, "delta": 0.001787}}
{"target": -10.476705097942112, "params": {"colsample_bytree": 0.8632095664220895, "eta": 0.018862333810869356, "gamma": 911.8413538119302, "max_depth": 2.0, "min_child_weight": 4514.147868093107, "num_boost_round": 17.0, "subsample": 0.9332017546703113}, "datetime": {"datetime": "2024-01-20 13:47:36", "elapsed": 1348.118688, "delta": 0.001858}}
{"target": -10.476685351729111, "params": {"colsample_bytree": 0.8632095664220895, "eta": 0.018862333810869356, "gamma": 911.8413538119302, "max_depth": 2.0, "min_child_weight": 4514.147868093107, "num_boost_round": 18.0, "subsample": 0.9332017546703113}, "datetime": {"datetime": "2024-01-20 13:47:36", "elapsed": 1348.120443, "delta": 0.001755}}
{"target": -10.476701350330194, "params": {"colsample_bytree": 0.8632095664220895, "eta": 0.018862333810869356, "gamma": 911.8413538119302, "max_depth": 2.0, "min_child_weight": 4514.147868093107, "num_boost_round": 19.0, "subsample": 0.9332017546703113}, "datetime": {"datetime": "2024-01-20 13:47:36", "elapsed": 1348.122203, "delta": 0.00176}}
{"target": -10.476701149862345, "params": {"colsample_bytree": 0.8632095664220895, "eta": 0.018862333810869356, "gamma": 911.8413538119302, "max_depth": 2.0, "min_child_weight": 4514.147868093107, "num_boost_round": 20.0, "subsample": 0.9332017546703113}, "datetime": {"datetime": "2024-01-20 13:47:36", "elapsed": 1348.123947, "delta": 0.001744}}
{"target": -10.47670906588598, "params": {"colsample_bytree": 0.8632095664220895, "eta": 0.018862333810869356, "gamma": 911.8413538119302, "max_depth": 2.0, "min_child_weight": 4514.147868093107, "num_boost_round": 21.0, "subsample": 0.9332017546703113}, "datetime": {"datetime": "2024-01-20 13:47:36", "elapsed": 1348.126129, "delta": 0.002182}}
{"target": -10.476757373226995, "params": {"colsample_bytree": 0.8632095664220895, "eta": 0.018862333810869356, "gamma": 911.8413538119302, "max_depth": 2.0, "min_child_weight": 4514.147868093107, "num_boost_round": 22.0, "subsample": 0.9332017546703113}, "datetime": {"datetime": "2024-01-20 13:47:36", "elapsed": 1348.128119, "delta": 0.00199}}
