{"target": -13.497476512490824, "params": {"colsample_bytree": 0.9564667884139401, "eta": 0.0031699832721314362, "gamma": 315.6829724495249, "max_depth": 9.0, "min_child_weight": 3849.851148882236, "num_boost_round": 39.0, "subsample": 0.8230055408875299}, "datetime": {"datetime": "2024-01-20 16:27:21", "elapsed": 7394.474256, "delta": 0.006268}}
{"target": -13.497472715989037, "params": {"colsample_bytree": 0.9564667884139401, "eta": 0.0031699832721314362, "gamma": 315.6829724495249, "max_depth": 9.0, "min_child_weight": 3849.851148882236, "num_boost_round": 40.0, "subsample": 0.8230055408875299}, "datetime": {"datetime": "2024-01-20 16:27:21", "elapsed": 7394.481084, "delta": 0.006828}}
{"target": -13.49746228735668, "params": {"colsample_bytree": 0.9564667884139401, "eta": 0.0031699832721314362, "gamma": 315.6829724495249, "max_depth": 9.0, "min_child_weight": 3849.851148882236, "num_boost_round": 41.0, "subsample": 0.8230055408875299}, "datetime": {"datetime": "2024-01-20 16:27:21", "elapsed": 7394.487818, "delta": 0.006734}}
{"target": -13.497447648061359, "params": {"colsample_bytree": 0.9564667884139401, "eta": 0.0031699832721314362, "gamma": 315.6829724495249, "max_depth": 9.0, "min_child_weight": 3849.851148882236, "num_boost_round": 42.0, "subsample": 0.8230055408875299}, "datetime": {"datetime": "2024-01-20 16:27:21", "elapsed": 7394.494702, "delta": 0.006884}}
{"target": -13.497452208167168, "params": {"colsample_bytree": 0.9564667884139401, "eta": 0.0031699832721314362, "gamma": 315.6829724495249, "max_depth": 9.0, "min_child_weight": 3849.851148882236, "num_boost_round": 43.0, "subsample": 0.8230055408875299}, "datetime": {"datetime": "2024-01-20 16:27:21", "elapsed": 7394.501216, "delta": 0.006514}}
{"target": -13.497465716684633, "params": {"colsample_bytree": 0.9564667884139401, "eta": 0.0031699832721314362, "gamma": 315.6829724495249, "max_depth": 9.0, "min_child_weight": 3849.851148882236, "num_boost_round": 44.0, "subsample": 0.8230055408875299}, "datetime": {"datetime": "2024-01-20 16:27:21", "elapsed": 7394.507605, "delta": 0.006389}}
{"target": -13.497479550665071, "params": {"colsample_bytree": 0.9564667884139401, "eta": 0.0031699832721314362, "gamma": 315.6829724495249, "max_depth": 9.0, "min_child_weight": 3849.851148882236, "num_boost_round": 45.0, "subsample": 0.8230055408875299}, "datetime": {"datetime": "2024-01-20 16:27:21", "elapsed": 7394.514023, "delta": 0.006418}}
{"target": -13.497482164418585, "params": {"colsample_bytree": 0.9564667884139401, "eta": 0.0031699832721314362, "gamma": 315.6829724495249, "max_depth": 9.0, "min_child_weight": 3849.851148882236, "num_boost_round": 46.0, "subsample": 0.8230055408875299}, "datetime": {"datetime": "2024-01-20 16:27:21", "elapsed": 7394.521043, "delta": 0.00702}}
{"target": -13.497479707014321, "params": {"colsample_bytree": 0.9564667884139401, "eta": 0.0031699832721314362, "gamma": 315.6829724495249, "max_depth": 9.0, "min_child_weight": 3849.851148882236, "num_boost_round": 47.0, "subsample": 0.8230055408875299}, "datetime": {"datetime": "2024-01-20 16:27:21", "elapsed": 7394.527477, "delta": 0.006434}}
{"target": -13.49749677233443, "params": {"colsample_bytree": 0.9564667884139401, "eta": 0.0031699832721314362, "gamma": 315.6829724495249, "max_depth": 9.0, "min_child_weight": 3849.851148882236, "num_boost_round": 48.0, "subsample": 0.8230055408875299}, "datetime": {"datetime": "2024-01-20 16:27:21", "elapsed": 7394.533791, "delta": 0.006314}}
{"target": -13.49748917637268, "params": {"colsample_bytree": 0.9564667884139401, "eta": 0.0031699832721314362, "gamma": 315.6829724495249, "max_depth": 9.0, "min_child_weight": 3849.851148882236, "num_boost_round": 49.0, "subsample": 0.8230055408875299}, "datetime": {"datetime": "2024-01-20 16:27:21", "elapsed": 7394.54012, "delta": 0.006329}}
{"target": -13.497495161382274, "params": {"colsample_bytree": 0.9564667884139401, "eta": 0.0031699832721314362, "gamma": 315.6829724495249, "max_depth": 9.0, "min_child_weight": 3849.851148882236, "num_boost_round": 50.0, "subsample": 0.8230055408875299}, "datetime": {"datetime": "2024-01-20 16:27:21", "elapsed": 7394.546461, "delta": 0.006341}}
{"target": -13.497501671010312, "params": {"colsample_bytree": 0.9564667884139401, "eta": 0.0031699832721314362, "gamma": 315.6829724495249, "max_depth": 9.0, "min_child_weight": 3849.851148882236, "num_boost_round": 51.0, "subsample": 0.8230055408875299}, "datetime": {"datetime": "2024-01-20 16:27:21", "elapsed": 7394.552807, "delta": 0.006346}}
{"target": -13.497516514423337, "params": {"colsample_bytree": 0.9564667884139401, "eta": 0.0031699832721314362, "gamma": 315.6829724495249, "max_depth": 9.0, "min_child_weight": 3849.851148882236, "num_boost_round": 52.0, "subsample": 0.8230055408875299}, "datetime": {"datetime": "2024-01-20 16:27:21", "elapsed": 7394.559616, "delta": 0.006809}}
{"target": -13.497518628334856, "params": {"colsample_bytree": 0.9564667884139401, "eta": 0.0031699832721314362, "gamma": 315.6829724495249, "max_depth": 9.0, "min_child_weight": 3849.851148882236, "num_boost_round": 53.0, "subsample": 0.8230055408875299}, "datetime": {"datetime": "2024-01-20 16:27:21", "elapsed": 7394.566411, "delta": 0.006795}}
{"target": -13.49751117002197, "params": {"colsample_bytree": 0.9564667884139401, "eta": 0.0031699832721314362, "gamma": 315.6829724495249, "max_depth": 9.0, "min_child_weight": 3849.851148882236, "num_boost_round": 54.0, "subsample": 0.8230055408875299}, "datetime": {"datetime": "2024-01-20 16:27:21", "elapsed": 7394.573279, "delta": 0.006868}}
{"target": -13.497523515808567, "params": {"colsample_bytree": 0.9564667884139401, "eta": 0.0031699832721314362, "gamma": 315.6829724495249, "max_depth": 9.0, "min_child_weight": 3849.851148882236, "num_boost_round": 55.0, "subsample": 0.8230055408875299}, "datetime": {"datetime": "2024-01-20 16:27:21", "elapsed": 7394.579783, "delta": 0.006504}}
{"target": -13.497525769961463, "params": {"colsample_bytree": 0.9564667884139401, "eta": 0.0031699832721314362, "gamma": 315.6829724495249, "max_depth": 9.0, "min_child_weight": 3849.851148882236, "num_boost_round": 56.0, "subsample": 0.8230055408875299}, "datetime": {"datetime": "2024-01-20 16:27:21", "elapsed": 7394.586259, "delta": 0.006476}}
{"target": -13.497537851235444, "params": {"colsample_bytree": 0.9564667884139401, "eta": 0.0031699832721314362, "gamma": 315.6829724495249, "max_depth": 9.0, "min_child_weight": 3849.851148882236, "num_boost_round": 57.0, "subsample": 0.8230055408875299}, "datetime": {"datetime": "2024-01-20 16:27:21", "elapsed": 7394.592637, "delta": 0.006378}}
{"target": -13.497549352830575, "params": {"colsample_bytree": 0.9564667884139401, "eta": 0.0031699832721314362, "gamma": 315.6829724495249, "max_depth": 9.0, "min_child_weight": 3849.851148882236, "num_boost_round": 58.0, "subsample": 0.8230055408875299}, "datetime": {"datetime": "2024-01-20 16:27:21", "elapsed": 7394.599644, "delta": 0.007007}}
{"target": -13.497568129690864, "params": {"colsample_bytree": 0.9564667884139401, "eta": 0.0031699832721314362, "gamma": 315.6829724495249, "max_depth": 9.0, "min_child_weight": 3849.851148882236, "num_boost_round": 59.0, "subsample": 0.8230055408875299}, "datetime": {"datetime": "2024-01-20 16:27:21", "elapsed": 7394.606131, "delta": 0.006487}}
{"target": -13.497809319372454, "params": {"colsample_bytree": 0.34149661651563534, "eta": 0.017097068132330185, "gamma": 250.66958941364547, "max_depth": 9.0, "min_child_weight": 3827.1097674476787, "num_boost_round": 1.0, "subsample": 0.1656961808651449}, "datetime": {"datetime": "2024-01-20 16:29:40", "elapsed": 7534.128225, "delta": 139.522094}}
{"target": -13.497576330239813, "params": {"colsample_bytree": 0.34149661651563534, "eta": 0.017097068132330185, "gamma": 250.66958941364547, "max_depth": 9.0, "min_child_weight": 3827.1097674476787, "num_boost_round": 2.0, "subsample": 0.1656961808651449}, "datetime": {"datetime": "2024-01-20 16:29:40", "elapsed": 7534.136047, "delta": 0.007822}}
{"target": -13.497531607654537, "params": {"colsample_bytree": 0.34149661651563534, "eta": 0.017097068132330185, "gamma": 250.66958941364547, "max_depth": 9.0, "min_child_weight": 3827.1097674476787, "num_boost_round": 3.0, "subsample": 0.1656961808651449}, "datetime": {"datetime": "2024-01-20 16:29:40", "elapsed": 7534.142308, "delta": 0.006261}}
{"target": -13.497461433078923, "params": {"colsample_bytree": 0.34149661651563534, "eta": 0.017097068132330185, "gamma": 250.66958941364547, "max_depth": 9.0, "min_child_weight": 3827.1097674476787, "num_boost_round": 4.0, "subsample": 0.1656961808651449}, "datetime": {"datetime": "2024-01-20 16:29:40", "elapsed": 7534.148565, "delta": 0.006257}}
{"target": -13.497220922699647, "params": {"colsample_bytree": 0.34149661651563534, "eta": 0.017097068132330185, "gamma": 250.66958941364547, "max_depth": 9.0, "min_child_weight": 3827.1097674476787, "num_boost_round": 5.0, "subsample": 0.1656961808651449}, "datetime": {"datetime": "2024-01-20 16:29:40", "elapsed": 7534.154909, "delta": 0.006344}}
{"target": -13.497036170135578, "params": {"colsample_bytree": 0.34149661651563534, "eta": 0.017097068132330185, "gamma": 250.66958941364547, "max_depth": 9.0, "min_child_weight": 3827.1097674476787, "num_boost_round": 6.0, "subsample": 0.1656961808651449}, "datetime": {"datetime": "2024-01-20 16:29:40", "elapsed": 7534.161056, "delta": 0.006147}}
{"target": -13.496949080760857, "params": {"colsample_bytree": 0.34149661651563534, "eta": 0.017097068132330185, "gamma": 250.66958941364547, "max_depth": 9.0, "min_child_weight": 3827.1097674476787, "num_boost_round": 7.0, "subsample": 0.1656961808651449}, "datetime": {"datetime": "2024-01-20 16:29:40", "elapsed": 7534.167912, "delta": 0.006856}}
{"target": -13.496847246895594, "params": {"colsample_bytree": 0.34149661651563534, "eta": 0.017097068132330185, "gamma": 250.66958941364547, "max_depth": 9.0, "min_child_weight": 3827.1097674476787, "num_boost_round": 8.0, "subsample": 0.1656961808651449}, "datetime": {"datetime": "2024-01-20 16:29:40", "elapsed": 7534.174676, "delta": 0.006764}}
{"target": -13.496794340421754, "params": {"colsample_bytree": 0.34149661651563534, "eta": 0.017097068132330185, "gamma": 250.66958941364547, "max_depth": 9.0, "min_child_weight": 3827.1097674476787, "num_boost_round": 9.0, "subsample": 0.1656961808651449}, "datetime": {"datetime": "2024-01-20 16:29:40", "elapsed": 7534.18116, "delta": 0.006484}}
{"target": -13.496709545953838, "params": {"colsample_bytree": 0.34149661651563534, "eta": 0.017097068132330185, "gamma": 250.66958941364547, "max_depth": 9.0, "min_child_weight": 3827.1097674476787, "num_boost_round": 10.0, "subsample": 0.1656961808651449}, "datetime": {"datetime": "2024-01-20 16:29:40", "elapsed": 7534.187687, "delta": 0.006527}}
{"target": -13.496625706356973, "params": {"colsample_bytree": 0.34149661651563534, "eta": 0.017097068132330185, "gamma": 250.66958941364547, "max_depth": 9.0, "min_child_weight": 3827.1097674476787, "num_boost_round": 11.0, "subsample": 0.1656961808651449}, "datetime": {"datetime": "2024-01-20 16:29:40", "elapsed": 7534.196198, "delta": 0.008511}}
{"target": -13.49647429187761, "params": {"colsample_bytree": 0.34149661651563534, "eta": 0.017097068132330185, "gamma": 250.66958941364547, "max_depth": 9.0, "min_child_weight": 3827.1097674476787, "num_boost_round": 12.0, "subsample": 0.1656961808651449}, "datetime": {"datetime": "2024-01-20 16:29:40", "elapsed": 7534.206172, "delta": 0.009974}}
{"target": -13.496403867686539, "params": {"colsample_bytree": 0.34149661651563534, "eta": 0.017097068132330185, "gamma": 250.66958941364547, "max_depth": 9.0, "min_child_weight": 3827.1097674476787, "num_boost_round": 13.0, "subsample": 0.1656961808651449}, "datetime": {"datetime": "2024-01-20 16:29:40", "elapsed": 7534.215856, "delta": 0.009684}}
{"target": -13.496285191565203, "params": {"colsample_bytree": 0.34149661651563534, "eta": 0.017097068132330185, "gamma": 250.66958941364547, "max_depth": 9.0, "min_child_weight": 3827.1097674476787, "num_boost_round": 14.0, "subsample": 0.1656961808651449}, "datetime": {"datetime": "2024-01-20 16:29:40", "elapsed": 7534.22281, "delta": 0.006954}}
{"target": -13.496166231638465, "params": {"colsample_bytree": 0.34149661651563534, "eta": 0.017097068132330185, "gamma": 250.66958941364547, "max_depth": 9.0, "min_child_weight": 3827.1097674476787, "num_boost_round": 15.0, "subsample": 0.1656961808651449}, "datetime": {"datetime": "2024-01-20 16:29:40", "elapsed": 7534.229205, "delta": 0.006395}}
{"target": -13.496015172336362, "params": {"colsample_bytree": 0.34149661651563534, "eta": 0.017097068132330185, "gamma": 250.66958941364547, "max_depth": 9.0, "min_child_weight": 3827.1097674476787, "num_boost_round": 16.0, "subsample": 0.1656961808651449}, "datetime": {"datetime": "2024-01-20 16:29:40", "elapsed": 7534.235654, "delta": 0.006449}}
{"target": -13.49582741860651, "params": {"colsample_bytree": 0.34149661651563534, "eta": 0.017097068132330185, "gamma": 250.66958941364547, "max_depth": 9.0, "min_child_weight": 3827.1097674476787, "num_boost_round": 17.0, "subsample": 0.1656961808651449}, "datetime": {"datetime": "2024-01-20 16:29:40", "elapsed": 7534.242203, "delta": 0.006549}}
{"target": -13.495695854052622, "params": {"colsample_bytree": 0.34149661651563534, "eta": 0.017097068132330185, "gamma": 250.66958941364547, "max_depth": 9.0, "min_child_weight": 3827.1097674476787, "num_boost_round": 18.0, "subsample": 0.1656961808651449}, "datetime": {"datetime": "2024-01-20 16:29:40", "elapsed": 7534.249028, "delta": 0.006825}}
{"target": -13.495597391736055, "params": {"colsample_bytree": 0.34149661651563534, "eta": 0.017097068132330185, "gamma": 250.66958941364547, "max_depth": 9.0, "min_child_weight": 3827.1097674476787, "num_boost_round": 19.0, "subsample": 0.1656961808651449}, "datetime": {"datetime": "2024-01-20 16:29:40", "elapsed": 7534.255712, "delta": 0.006684}}
{"target": -13.495431880628365, "params": {"colsample_bytree": 0.34149661651563534, "eta": 0.017097068132330185, "gamma": 250.66958941364547, "max_depth": 9.0, "min_child_weight": 3827.1097674476787, "num_boost_round": 20.0, "subsample": 0.1656961808651449}, "datetime": {"datetime": "2024-01-20 16:29:40", "elapsed": 7534.262159, "delta": 0.006447}}
{"target": -13.495270331075297, "params": {"colsample_bytree": 0.34149661651563534, "eta": 0.017097068132330185, "gamma": 250.66958941364547, "max_depth": 9.0, "min_child_weight": 3827.1097674476787, "num_boost_round": 21.0, "subsample": 0.1656961808651449}, "datetime": {"datetime": "2024-01-20 16:29:40", "elapsed": 7534.268497, "delta": 0.006338}}
{"target": -13.49516701981917, "params": {"colsample_bytree": 0.34149661651563534, "eta": 0.017097068132330185, "gamma": 250.66958941364547, "max_depth": 9.0, "min_child_weight": 3827.1097674476787, "num_boost_round": 22.0, "subsample": 0.1656961808651449}, "datetime": {"datetime": "2024-01-20 16:29:40", "elapsed": 7534.275009, "delta": 0.006512}}
{"target": -13.49512348258602, "params": {"colsample_bytree": 0.34149661651563534, "eta": 0.017097068132330185, "gamma": 250.66958941364547, "max_depth": 9.0, "min_child_weight": 3827.1097674476787, "num_boost_round": 23.0, "subsample": 0.1656961808651449}, "datetime": {"datetime": "2024-01-20 16:29:40", "elapsed": 7534.281245, "delta": 0.006236}}
{"target": -13.494981334699457, "params": {"colsample_bytree": 0.34149661651563534, "eta": 0.017097068132330185, "gamma": 250.66958941364547, "max_depth": 9.0, "min_child_weight": 3827.1097674476787, "num_boost_round": 24.0, "subsample": 0.1656961808651449}, "datetime": {"datetime": "2024-01-20 16:29:40", "elapsed": 7534.287501, "delta": 0.006256}}
{"target": -13.494858289844672, "params": {"colsample_bytree": 0.34149661651563534, "eta": 0.017097068132330185, "gamma": 250.66958941364547, "max_depth": 9.0, "min_child_weight": 3827.1097674476787, "num_boost_round": 25.0, "subsample": 0.1656961808651449}, "datetime": {"datetime": "2024-01-20 16:29:40", "elapsed": 7534.293778, "delta": 0.006277}}
{"target": -13.49467208877677, "params": {"colsample_bytree": 0.34149661651563534, "eta": 0.017097068132330185, "gamma": 250.66958941364547, "max_depth": 9.0, "min_child_weight": 3827.1097674476787, "num_boost_round": 26.0, "subsample": 0.1656961808651449}, "datetime": {"datetime": "2024-01-20 16:29:40", "elapsed": 7534.299967, "delta": 0.006189}}
{"target": -13.494600480720973, "params": {"colsample_bytree": 0.34149661651563534, "eta": 0.017097068132330185, "gamma": 250.66958941364547, "max_depth": 9.0, "min_child_weight": 3827.1097674476787, "num_boost_round": 27.0, "subsample": 0.1656961808651449}, "datetime": {"datetime": "2024-01-20 16:29:40", "elapsed": 7534.306141, "delta": 0.006174}}
{"target": -13.494511180128175, "params": {"colsample_bytree": 0.34149661651563534, "eta": 0.017097068132330185, "gamma": 250.66958941364547, "max_depth": 9.0, "min_child_weight": 3827.1097674476787, "num_boost_round": 28.0, "subsample": 0.1656961808651449}, "datetime": {"datetime": "2024-01-20 16:29:40", "elapsed": 7534.312484, "delta": 0.006343}}
{"target": -13.49444922159424, "params": {"colsample_bytree": 0.34149661651563534, "eta": 0.017097068132330185, "gamma": 250.66958941364547, "max_depth": 9.0, "min_child_weight": 3827.1097674476787, "num_boost_round": 29.0, "subsample": 0.1656961808651449}, "datetime": {"datetime": "2024-01-20 16:29:40", "elapsed": 7534.318918, "delta": 0.006434}}
{"target": -13.494356867108852, "params": {"colsample_bytree": 0.34149661651563534, "eta": 0.017097068132330185, "gamma": 250.66958941364547, "max_depth": 9.0, "min_child_weight": 3827.1097674476787, "num_boost_round": 30.0, "subsample": 0.1656961808651449}, "datetime": {"datetime": "2024-01-20 16:29:40", "elapsed": 7534.371995, "delta": 0.053077}}
{"target": -13.494239022234755, "params": {"colsample_bytree": 0.34149661651563534, "eta": 0.017097068132330185, "gamma": 250.66958941364547, "max_depth": 9.0, "min_child_weight": 3827.1097674476787, "num_boost_round": 31.0, "subsample": 0.1656961808651449}, "datetime": {"datetime": "2024-01-20 16:29:40", "elapsed": 7534.378606, "delta": 0.006611}}
{"target": -13.494160966565847, "params": {"colsample_bytree": 0.34149661651563534, "eta": 0.017097068132330185, "gamma": 250.66958941364547, "max_depth": 9.0, "min_child_weight": 3827.1097674476787, "num_boost_round": 32.0, "subsample": 0.1656961808651449}, "datetime": {"datetime": "2024-01-20 16:29:40", "elapsed": 7534.385063, "delta": 0.006457}}
{"target": -13.494119240856273, "params": {"colsample_bytree": 0.34149661651563534, "eta": 0.017097068132330185, "gamma": 250.66958941364547, "max_depth": 9.0, "min_child_weight": 3827.1097674476787, "num_boost_round": 33.0, "subsample": 0.1656961808651449}, "datetime": {"datetime": "2024-01-20 16:29:40", "elapsed": 7534.391731, "delta": 0.006668}}
{"target": -13.494098200257058, "params": {"colsample_bytree": 0.34149661651563534, "eta": 0.017097068132330185, "gamma": 250.66958941364547, "max_depth": 9.0, "min_child_weight": 3827.1097674476787, "num_boost_round": 34.0, "subsample": 0.1656961808651449}, "datetime": {"datetime": "2024-01-20 16:29:40", "elapsed": 7534.398085, "delta": 0.006354}}
{"target": -13.494079511574643, "params": {"colsample_bytree": 0.34149661651563534, "eta": 0.017097068132330185, "gamma": 250.66958941364547, "max_depth": 9.0, "min_child_weight": 3827.1097674476787, "num_boost_round": 35.0, "subsample": 0.1656961808651449}, "datetime": {"datetime": "2024-01-20 16:29:40", "elapsed": 7534.404398, "delta": 0.006313}}
{"target": -13.494035620388805, "params": {"colsample_bytree": 0.34149661651563534, "eta": 0.017097068132330185, "gamma": 250.66958941364547, "max_depth": 9.0, "min_child_weight": 3827.1097674476787, "num_boost_round": 36.0, "subsample": 0.1656961808651449}, "datetime": {"datetime": "2024-01-20 16:29:40", "elapsed": 7534.410613, "delta": 0.006215}}
{"target": -13.493961147378347, "params": {"colsample_bytree": 0.34149661651563534, "eta": 0.017097068132330185, "gamma": 250.66958941364547, "max_depth": 9.0, "min_child_weight": 3827.1097674476787, "num_boost_round": 37.0, "subsample": 0.1656961808651449}, "datetime": {"datetime": "2024-01-20 16:29:40", "elapsed": 7534.417444, "delta": 0.006831}}
{"target": -13.49387615403823, "params": {"colsample_bytree": 0.34149661651563534, "eta": 0.017097068132330185, "gamma": 250.66958941364547, "max_depth": 9.0, "min_child_weight": 3827.1097674476787, "num_boost_round": 38.0, "subsample": 0.1656961808651449}, "datetime": {"datetime": "2024-01-20 16:29:40", "elapsed": 7534.429174, "delta": 0.01173}}
{"target": -13.4938470255989, "params": {"colsample_bytree": 0.34149661651563534, "eta": 0.017097068132330185, "gamma": 250.66958941364547, "max_depth": 9.0, "min_child_weight": 3827.1097674476787, "num_boost_round": 39.0, "subsample": 0.1656961808651449}, "datetime": {"datetime": "2024-01-20 16:29:40", "elapsed": 7534.43796, "delta": 0.008786}}
{"target": -13.493727605812387, "params": {"colsample_bytree": 0.34149661651563534, "eta": 0.017097068132330185, "gamma": 250.66958941364547, "max_depth": 9.0, "min_child_weight": 3827.1097674476787, "num_boost_round": 40.0, "subsample": 0.1656961808651449}, "datetime": {"datetime": "2024-01-20 16:29:41", "elapsed": 7534.444721, "delta": 0.006761}}
{"target": -13.49367228161361, "params": {"colsample_bytree": 0.34149661651563534, "eta": 0.017097068132330185, "gamma": 250.66958941364547, "max_depth": 9.0, "min_child_weight": 3827.1097674476787, "num_boost_round": 41.0, "subsample": 0.1656961808651449}, "datetime": {"datetime": "2024-01-20 16:29:41", "elapsed": 7534.451119, "delta": 0.006398}}
