{"target": -10.29788397216322, "params": {"colsample_bytree": 0.10582645764383303, "eta": 0.014397982286540158, "gamma": 764.0540479481967, "max_depth": 2.0, "min_child_weight": 4617.225985362005, "num_boost_round": 13.0, "subsample": 0.2982126650735523}, "datetime": {"datetime": "2024-01-20 14:46:54", "elapsed": 5111.861381, "delta": 0.003193}}
{"target": -10.297876551356424, "params": {"colsample_bytree": 0.10582645764383303, "eta": 0.014397982286540158, "gamma": 764.0540479481967, "max_depth": 2.0, "min_child_weight": 4617.225985362005, "num_boost_round": 14.0, "subsample": 0.2982126650735523}, "datetime": {"datetime": "2024-01-20 14:46:54", "elapsed": 5111.864455, "delta": 0.003074}}
{"target": -10.297871989973636, "params": {"colsample_bytree": 0.10582645764383303, "eta": 0.014397982286540158, "gamma": 764.0540479481967, "max_depth": 2.0, "min_child_weight": 4617.225985362005, "num_boost_round": 15.0, "subsample": 0.2982126650735523}, "datetime": {"datetime": "2024-01-20 14:46:54", "elapsed": 5111.867496, "delta": 0.003041}}
{"target": -10.297907519881335, "params": {"colsample_bytree": 0.10582645764383303, "eta": 0.014397982286540158, "gamma": 764.0540479481967, "max_depth": 2.0, "min_child_weight": 4617.225985362005, "num_boost_round": 16.0, "subsample": 0.2982126650735523}, "datetime": {"datetime": "2024-01-20 14:46:54", "elapsed": 5111.870456, "delta": 0.00296}}
{"target": -10.297908361980745, "params": {"colsample_bytree": 0.10582645764383303, "eta": 0.014397982286540158, "gamma": 764.0540479481967, "max_depth": 2.0, "min_child_weight": 4617.225985362005, "num_boost_round": 17.0, "subsample": 0.2982126650735523}, "datetime": {"datetime": "2024-01-20 14:46:54", "elapsed": 5111.873532, "delta": 0.003076}}
{"target": -10.297912769011802, "params": {"colsample_bytree": 0.10582645764383303, "eta": 0.014397982286540158, "gamma": 764.0540479481967, "max_depth": 2.0, "min_child_weight": 4617.225985362005, "num_boost_round": 18.0, "subsample": 0.2982126650735523}, "datetime": {"datetime": "2024-01-20 14:46:54", "elapsed": 5111.876601, "delta": 0.003069}}
{"target": -10.29791737999101, "params": {"colsample_bytree": 0.10582645764383303, "eta": 0.014397982286540158, "gamma": 764.0540479481967, "max_depth": 2.0, "min_child_weight": 4617.225985362005, "num_boost_round": 19.0, "subsample": 0.2982126650735523}, "datetime": {"datetime": "2024-01-20 14:46:54", "elapsed": 5111.879574, "delta": 0.002973}}
{"target": -10.298312967475418, "params": {"colsample_bytree": 0.5297048807872612, "eta": 0.026822788614107123, "gamma": 689.7243620400907, "max_depth": 7.0, "min_child_weight": 4504.074900565644, "num_boost_round": 1.0, "subsample": 0.46436644057029663}, "datetime": {"datetime": "2024-01-20 14:47:29", "elapsed": 5146.872749, "delta": 34.993175}}
{"target": -10.298347802786674, "params": {"colsample_bytree": 0.5297048807872612, "eta": 0.026822788614107123, "gamma": 689.7243620400907, "max_depth": 7.0, "min_child_weight": 4504.074900565644, "num_boost_round": 2.0, "subsample": 0.46436644057029663}, "datetime": {"datetime": "2024-01-20 14:47:29", "elapsed": 5146.879308, "delta": 0.006559}}
{"target": -10.298213163040419, "params": {"colsample_bytree": 0.709645084711517, "eta": 0.023771404379760414, "gamma": 702.791201521624, "max_depth": 5.0, "min_child_weight": 4666.554092244454, "num_boost_round": 1.0, "subsample": 0.10573836781138468}, "datetime": {"datetime": "2024-01-20 14:48:11", "elapsed": 5189.563889, "delta": 42.684581}}
{"target": -10.297991648245254, "params": {"colsample_bytree": 0.709645084711517, "eta": 0.023771404379760414, "gamma": 702.791201521624, "max_depth": 5.0, "min_child_weight": 4666.554092244454, "num_boost_round": 2.0, "subsample": 0.10573836781138468}, "datetime": {"datetime": "2024-01-20 14:48:11", "elapsed": 5189.569517, "delta": 0.005628}}
{"target": -10.297892078137611, "params": {"colsample_bytree": 0.709645084711517, "eta": 0.023771404379760414, "gamma": 702.791201521624, "max_depth": 5.0, "min_child_weight": 4666.554092244454, "num_boost_round": 3.0, "subsample": 0.10573836781138468}, "datetime": {"datetime": "2024-01-20 14:48:11", "elapsed": 5189.574306, "delta": 0.004789}}
{"target": -10.29768941385402, "params": {"colsample_bytree": 0.709645084711517, "eta": 0.023771404379760414, "gamma": 702.791201521624, "max_depth": 5.0, "min_child_weight": 4666.554092244454, "num_boost_round": 4.0, "subsample": 0.10573836781138468}, "datetime": {"datetime": "2024-01-20 14:48:11", "elapsed": 5189.577934, "delta": 0.003628}}
{"target": -10.297440168352953, "params": {"colsample_bytree": 0.709645084711517, "eta": 0.023771404379760414, "gamma": 702.791201521624, "max_depth": 5.0, "min_child_weight": 4666.554092244454, "num_boost_round": 5.0, "subsample": 0.10573836781138468}, "datetime": {"datetime": "2024-01-20 14:48:11", "elapsed": 5189.581445, "delta": 0.003511}}
{"target": -10.297233799844037, "params": {"colsample_bytree": 0.709645084711517, "eta": 0.023771404379760414, "gamma": 702.791201521624, "max_depth": 5.0, "min_child_weight": 4666.554092244454, "num_boost_round": 6.0, "subsample": 0.10573836781138468}, "datetime": {"datetime": "2024-01-20 14:48:11", "elapsed": 5189.584794, "delta": 0.003349}}
{"target": -10.297040032932703, "params": {"colsample_bytree": 0.709645084711517, "eta": 0.023771404379760414, "gamma": 702.791201521624, "max_depth": 5.0, "min_child_weight": 4666.554092244454, "num_boost_round": 7.0, "subsample": 0.10573836781138468}, "datetime": {"datetime": "2024-01-20 14:48:11", "elapsed": 5189.588242, "delta": 0.003448}}
{"target": -10.296852097911284, "params": {"colsample_bytree": 0.709645084711517, "eta": 0.023771404379760414, "gamma": 702.791201521624, "max_depth": 5.0, "min_child_weight": 4666.554092244454, "num_boost_round": 8.0, "subsample": 0.10573836781138468}, "datetime": {"datetime": "2024-01-20 14:48:11", "elapsed": 5189.591558, "delta": 0.003316}}
{"target": -10.296611503613049, "params": {"colsample_bytree": 0.709645084711517, "eta": 0.023771404379760414, "gamma": 702.791201521624, "max_depth": 5.0, "min_child_weight": 4666.554092244454, "num_boost_round": 9.0, "subsample": 0.10573836781138468}, "datetime": {"datetime": "2024-01-20 14:48:11", "elapsed": 5189.594855, "delta": 0.003297}}
{"target": -10.296435002493391, "params": {"colsample_bytree": 0.709645084711517, "eta": 0.023771404379760414, "gamma": 702.791201521624, "max_depth": 5.0, "min_child_weight": 4666.554092244454, "num_boost_round": 10.0, "subsample": 0.10573836781138468}, "datetime": {"datetime": "2024-01-20 14:48:11", "elapsed": 5189.598247, "delta": 0.003392}}
{"target": -10.296244033179747, "params": {"colsample_bytree": 0.709645084711517, "eta": 0.023771404379760414, "gamma": 702.791201521624, "max_depth": 5.0, "min_child_weight": 4666.554092244454, "num_boost_round": 11.0, "subsample": 0.10573836781138468}, "datetime": {"datetime": "2024-01-20 14:48:11", "elapsed": 5189.60154, "delta": 0.003293}}
{"target": -10.29613335061184, "params": {"colsample_bytree": 0.709645084711517, "eta": 0.023771404379760414, "gamma": 702.791201521624, "max_depth": 5.0, "min_child_weight": 4666.554092244454, "num_boost_round": 12.0, "subsample": 0.10573836781138468}, "datetime": {"datetime": "2024-01-20 14:48:11", "elapsed": 5189.604819, "delta": 0.003279}}
{"target": -10.29798002184412, "params": {"colsample_bytree": 0.5327894070924588, "eta": 0.07848293426048547, "gamma": 687.034849356698, "max_depth": 8.0, "min_child_weight": 4629.4938752931, "num_boost_round": 1.0, "subsample": 0.4460171376073788}, "datetime": {"datetime": "2024-01-20 14:49:56", "elapsed": 5293.989195, "delta": 104.384376}}
{"target": -10.298232213519992, "params": {"colsample_bytree": 0.5327894070924588, "eta": 0.07848293426048547, "gamma": 687.034849356698, "max_depth": 8.0, "min_child_weight": 4629.4938752931, "num_boost_round": 2.0, "subsample": 0.4460171376073788}, "datetime": {"datetime": "2024-01-20 14:49:56", "elapsed": 5293.994102, "delta": 0.004907}}
{"target": -10.298417961484253, "params": {"colsample_bytree": 0.5327894070924588, "eta": 0.07848293426048547, "gamma": 687.034849356698, "max_depth": 8.0, "min_child_weight": 4629.4938752931, "num_boost_round": 3.0, "subsample": 0.4460171376073788}, "datetime": {"datetime": "2024-01-20 14:49:56", "elapsed": 5293.998337, "delta": 0.004235}}
{"target": -10.298963585117649, "params": {"colsample_bytree": 0.5327894070924588, "eta": 0.07848293426048547, "gamma": 687.034849356698, "max_depth": 8.0, "min_child_weight": 4629.4938752931, "num_boost_round": 4.0, "subsample": 0.4460171376073788}, "datetime": {"datetime": "2024-01-20 14:49:56", "elapsed": 5294.002065, "delta": 0.003728}}
{"target": -10.299409564875253, "params": {"colsample_bytree": 0.5327894070924588, "eta": 0.07848293426048547, "gamma": 687.034849356698, "max_depth": 8.0, "min_child_weight": 4629.4938752931, "num_boost_round": 5.0, "subsample": 0.4460171376073788}, "datetime": {"datetime": "2024-01-20 14:49:56", "elapsed": 5294.00556, "delta": 0.003495}}
{"target": -10.299874199561962, "params": {"colsample_bytree": 0.5327894070924588, "eta": 0.07848293426048547, "gamma": 687.034849356698, "max_depth": 8.0, "min_child_weight": 4629.4938752931, "num_boost_round": 6.0, "subsample": 0.4460171376073788}, "datetime": {"datetime": "2024-01-20 14:49:56", "elapsed": 5294.009089, "delta": 0.003529}}
{"target": -10.300180212519845, "params": {"colsample_bytree": 0.5327894070924588, "eta": 0.07848293426048547, "gamma": 687.034849356698, "max_depth": 8.0, "min_child_weight": 4629.4938752931, "num_boost_round": 7.0, "subsample": 0.4460171376073788}, "datetime": {"datetime": "2024-01-20 14:49:56", "elapsed": 5294.01247, "delta": 0.003381}}
{"target": -10.300485528584595, "params": {"colsample_bytree": 0.5327894070924588, "eta": 0.07848293426048547, "gamma": 687.034849356698, "max_depth": 8.0, "min_child_weight": 4629.4938752931, "num_boost_round": 8.0, "subsample": 0.4460171376073788}, "datetime": {"datetime": "2024-01-20 14:49:56", "elapsed": 5294.015979, "delta": 0.003509}}
{"target": -10.30114924923431, "params": {"colsample_bytree": 0.5327894070924588, "eta": 0.07848293426048547, "gamma": 687.034849356698, "max_depth": 8.0, "min_child_weight": 4629.4938752931, "num_boost_round": 9.0, "subsample": 0.4460171376073788}, "datetime": {"datetime": "2024-01-20 14:49:56", "elapsed": 5294.019271, "delta": 0.003292}}
{"target": -10.301812646688433, "params": {"colsample_bytree": 0.5327894070924588, "eta": 0.07848293426048547, "gamma": 687.034849356698, "max_depth": 8.0, "min_child_weight": 4629.4938752931, "num_boost_round": 10.0, "subsample": 0.4460171376073788}, "datetime": {"datetime": "2024-01-20 14:49:56", "elapsed": 5294.022634, "delta": 0.003363}}
{"target": -10.302194668548266, "params": {"colsample_bytree": 0.5327894070924588, "eta": 0.07848293426048547, "gamma": 687.034849356698, "max_depth": 8.0, "min_child_weight": 4629.4938752931, "num_boost_round": 11.0, "subsample": 0.4460171376073788}, "datetime": {"datetime": "2024-01-20 14:49:56", "elapsed": 5294.025838, "delta": 0.003204}}
{"target": -10.302817707956091, "params": {"colsample_bytree": 0.5327894070924588, "eta": 0.07848293426048547, "gamma": 687.034849356698, "max_depth": 8.0, "min_child_weight": 4629.4938752931, "num_boost_round": 12.0, "subsample": 0.4460171376073788}, "datetime": {"datetime": "2024-01-20 14:49:56", "elapsed": 5294.029058, "delta": 0.00322}}
{"target": -10.302870705662173, "params": {"colsample_bytree": 0.5327894070924588, "eta": 0.07848293426048547, "gamma": 687.034849356698, "max_depth": 8.0, "min_child_weight": 4629.4938752931, "num_boost_round": 13.0, "subsample": 0.4460171376073788}, "datetime": {"datetime": "2024-01-20 14:49:56", "elapsed": 5294.032316, "delta": 0.003258}}
{"target": -10.30319829567446, "params": {"colsample_bytree": 0.5327894070924588, "eta": 0.07848293426048547, "gamma": 687.034849356698, "max_depth": 8.0, "min_child_weight": 4629.4938752931, "num_boost_round": 14.0, "subsample": 0.4460171376073788}, "datetime": {"datetime": "2024-01-20 14:49:56", "elapsed": 5294.035485, "delta": 0.003169}}
{"target": -10.303836380554486, "params": {"colsample_bytree": 0.5327894070924588, "eta": 0.07848293426048547, "gamma": 687.034849356698, "max_depth": 8.0, "min_child_weight": 4629.4938752931, "num_boost_round": 15.0, "subsample": 0.4460171376073788}, "datetime": {"datetime": "2024-01-20 14:49:56", "elapsed": 5294.038841, "delta": 0.003356}}
{"target": -10.304211061084645, "params": {"colsample_bytree": 0.5327894070924588, "eta": 0.07848293426048547, "gamma": 687.034849356698, "max_depth": 8.0, "min_child_weight": 4629.4938752931, "num_boost_round": 16.0, "subsample": 0.4460171376073788}, "datetime": {"datetime": "2024-01-20 14:49:56", "elapsed": 5294.042139, "delta": 0.003298}}
{"target": -10.304783276146914, "params": {"colsample_bytree": 0.5327894070924588, "eta": 0.07848293426048547, "gamma": 687.034849356698, "max_depth": 8.0, "min_child_weight": 4629.4938752931, "num_boost_round": 17.0, "subsample": 0.4460171376073788}, "datetime": {"datetime": "2024-01-20 14:49:56", "elapsed": 5294.045259, "delta": 0.00312}}
{"target": -10.304962831744664, "params": {"colsample_bytree": 0.5327894070924588, "eta": 0.07848293426048547, "gamma": 687.034849356698, "max_depth": 8.0, "min_child_weight": 4629.4938752931, "num_boost_round": 18.0, "subsample": 0.4460171376073788}, "datetime": {"datetime": "2024-01-20 14:49:56", "elapsed": 5294.048473, "delta": 0.003214}}
{"target": -10.305185957134473, "params": {"colsample_bytree": 0.5327894070924588, "eta": 0.07848293426048547, "gamma": 687.034849356698, "max_depth": 8.0, "min_child_weight": 4629.4938752931, "num_boost_round": 19.0, "subsample": 0.4460171376073788}, "datetime": {"datetime": "2024-01-20 14:49:56", "elapsed": 5294.05156, "delta": 0.003087}}
{"target": -10.305314986303099, "params": {"colsample_bytree": 0.5327894070924588, "eta": 0.07848293426048547, "gamma": 687.034849356698, "max_depth": 8.0, "min_child_weight": 4629.4938752931, "num_boost_round": 20.0, "subsample": 0.4460171376073788}, "datetime": {"datetime": "2024-01-20 14:49:56", "elapsed": 5294.054704, "delta": 0.003144}}
{"target": -10.305340226921999, "params": {"colsample_bytree": 0.5327894070924588, "eta": 0.07848293426048547, "gamma": 687.034849356698, "max_depth": 8.0, "min_child_weight": 4629.4938752931, "num_boost_round": 21.0, "subsample": 0.4460171376073788}, "datetime": {"datetime": "2024-01-20 14:49:56", "elapsed": 5294.057947, "delta": 0.003243}}
{"target": -10.305562689052008, "params": {"colsample_bytree": 0.5327894070924588, "eta": 0.07848293426048547, "gamma": 687.034849356698, "max_depth": 8.0, "min_child_weight": 4629.4938752931, "num_boost_round": 22.0, "subsample": 0.4460171376073788}, "datetime": {"datetime": "2024-01-20 14:49:56", "elapsed": 5294.061212, "delta": 0.003265}}
{"target": -10.306157456527941, "params": {"colsample_bytree": 0.5327894070924588, "eta": 0.07848293426048547, "gamma": 687.034849356698, "max_depth": 8.0, "min_child_weight": 4629.4938752931, "num_boost_round": 23.0, "subsample": 0.4460171376073788}, "datetime": {"datetime": "2024-01-20 14:49:56", "elapsed": 5294.064645, "delta": 0.003433}}
{"target": -10.306205286984035, "params": {"colsample_bytree": 0.5327894070924588, "eta": 0.07848293426048547, "gamma": 687.034849356698, "max_depth": 8.0, "min_child_weight": 4629.4938752931, "num_boost_round": 24.0, "subsample": 0.4460171376073788}, "datetime": {"datetime": "2024-01-20 14:49:56", "elapsed": 5294.068149, "delta": 0.003504}}
{"target": -10.30657226845232, "params": {"colsample_bytree": 0.5327894070924588, "eta": 0.07848293426048547, "gamma": 687.034849356698, "max_depth": 8.0, "min_child_weight": 4629.4938752931, "num_boost_round": 25.0, "subsample": 0.4460171376073788}, "datetime": {"datetime": "2024-01-20 14:49:56", "elapsed": 5294.071764, "delta": 0.003615}}
{"target": -10.30698994465455, "params": {"colsample_bytree": 0.5327894070924588, "eta": 0.07848293426048547, "gamma": 687.034849356698, "max_depth": 8.0, "min_child_weight": 4629.4938752931, "num_boost_round": 26.0, "subsample": 0.4460171376073788}, "datetime": {"datetime": "2024-01-20 14:49:56", "elapsed": 5294.64277, "delta": 0.571006}}
{"target": -10.307111428980933, "params": {"colsample_bytree": 0.5327894070924588, "eta": 0.07848293426048547, "gamma": 687.034849356698, "max_depth": 8.0, "min_child_weight": 4629.4938752931, "num_boost_round": 27.0, "subsample": 0.4460171376073788}, "datetime": {"datetime": "2024-01-20 14:49:56", "elapsed": 5294.647535, "delta": 0.004765}}
{"target": -10.30741546098471, "params": {"colsample_bytree": 0.5327894070924588, "eta": 0.07848293426048547, "gamma": 687.034849356698, "max_depth": 8.0, "min_child_weight": 4629.4938752931, "num_boost_round": 28.0, "subsample": 0.4460171376073788}, "datetime": {"datetime": "2024-01-20 14:49:56", "elapsed": 5294.652038, "delta": 0.004503}}
{"target": -10.307861302864751, "params": {"colsample_bytree": 0.5327894070924588, "eta": 0.07848293426048547, "gamma": 687.034849356698, "max_depth": 8.0, "min_child_weight": 4629.4938752931, "num_boost_round": 29.0, "subsample": 0.4460171376073788}, "datetime": {"datetime": "2024-01-20 14:49:56", "elapsed": 5294.656014, "delta": 0.003976}}
{"target": -10.308203971633365, "params": {"colsample_bytree": 0.5327894070924588, "eta": 0.07848293426048547, "gamma": 687.034849356698, "max_depth": 8.0, "min_child_weight": 4629.4938752931, "num_boost_round": 30.0, "subsample": 0.4460171376073788}, "datetime": {"datetime": "2024-01-20 14:49:56", "elapsed": 5294.659939, "delta": 0.003925}}
{"target": -10.30856209076417, "params": {"colsample_bytree": 0.5327894070924588, "eta": 0.07848293426048547, "gamma": 687.034849356698, "max_depth": 8.0, "min_child_weight": 4629.4938752931, "num_boost_round": 31.0, "subsample": 0.4460171376073788}, "datetime": {"datetime": "2024-01-20 14:49:56", "elapsed": 5294.6636, "delta": 0.003661}}
{"target": -10.308945686132915, "params": {"colsample_bytree": 0.5327894070924588, "eta": 0.07848293426048547, "gamma": 687.034849356698, "max_depth": 8.0, "min_child_weight": 4629.4938752931, "num_boost_round": 32.0, "subsample": 0.4460171376073788}, "datetime": {"datetime": "2024-01-20 14:49:56", "elapsed": 5294.667333, "delta": 0.003733}}
{"target": -10.309030900156307, "params": {"colsample_bytree": 0.5327894070924588, "eta": 0.07848293426048547, "gamma": 687.034849356698, "max_depth": 8.0, "min_child_weight": 4629.4938752931, "num_boost_round": 33.0, "subsample": 0.4460171376073788}, "datetime": {"datetime": "2024-01-20 14:49:56", "elapsed": 5294.671142, "delta": 0.003809}}
{"target": -10.309216334407312, "params": {"colsample_bytree": 0.5327894070924588, "eta": 0.07848293426048547, "gamma": 687.034849356698, "max_depth": 8.0, "min_child_weight": 4629.4938752931, "num_boost_round": 34.0, "subsample": 0.4460171376073788}, "datetime": {"datetime": "2024-01-20 14:49:56", "elapsed": 5294.674896, "delta": 0.003754}}
{"target": -10.309469407332667, "params": {"colsample_bytree": 0.5327894070924588, "eta": 0.07848293426048547, "gamma": 687.034849356698, "max_depth": 8.0, "min_child_weight": 4629.4938752931, "num_boost_round": 35.0, "subsample": 0.4460171376073788}, "datetime": {"datetime": "2024-01-20 14:49:56", "elapsed": 5294.678575, "delta": 0.003679}}
{"target": -10.309828696871914, "params": {"colsample_bytree": 0.5327894070924588, "eta": 0.07848293426048547, "gamma": 687.034849356698, "max_depth": 8.0, "min_child_weight": 4629.4938752931, "num_boost_round": 36.0, "subsample": 0.4460171376073788}, "datetime": {"datetime": "2024-01-20 14:49:56", "elapsed": 5294.682175, "delta": 0.0036}}
{"target": -10.309919670748911, "params": {"colsample_bytree": 0.5327894070924588, "eta": 0.07848293426048547, "gamma": 687.034849356698, "max_depth": 8.0, "min_child_weight": 4629.4938752931, "num_boost_round": 37.0, "subsample": 0.4460171376073788}, "datetime": {"datetime": "2024-01-20 14:49:56", "elapsed": 5294.685904, "delta": 0.003729}}
{"target": -10.310009402316652, "params": {"colsample_bytree": 0.5327894070924588, "eta": 0.07848293426048547, "gamma": 687.034849356698, "max_depth": 8.0, "min_child_weight": 4629.4938752931, "num_boost_round": 38.0, "subsample": 0.4460171376073788}, "datetime": {"datetime": "2024-01-20 14:49:56", "elapsed": 5294.689476, "delta": 0.003572}}
{"target": -10.310496780477663, "params": {"colsample_bytree": 0.5327894070924588, "eta": 0.07848293426048547, "gamma": 687.034849356698, "max_depth": 8.0, "min_child_weight": 4629.4938752931, "num_boost_round": 39.0, "subsample": 0.4460171376073788}, "datetime": {"datetime": "2024-01-20 14:49:56", "elapsed": 5294.692987, "delta": 0.003511}}
{"target": -10.310972333867426, "params": {"colsample_bytree": 0.5327894070924588, "eta": 0.07848293426048547, "gamma": 687.034849356698, "max_depth": 8.0, "min_child_weight": 4629.4938752931, "num_boost_round": 40.0, "subsample": 0.4460171376073788}, "datetime": {"datetime": "2024-01-20 14:49:56", "elapsed": 5294.696555, "delta": 0.003568}}
{"target": -10.311035867536413, "params": {"colsample_bytree": 0.5327894070924588, "eta": 0.07848293426048547, "gamma": 687.034849356698, "max_depth": 8.0, "min_child_weight": 4629.4938752931, "num_boost_round": 41.0, "subsample": 0.4460171376073788}, "datetime": {"datetime": "2024-01-20 14:49:56", "elapsed": 5294.700097, "delta": 0.003542}}
{"target": -10.310968183201389, "params": {"colsample_bytree": 0.5327894070924588, "eta": 0.07848293426048547, "gamma": 687.034849356698, "max_depth": 8.0, "min_child_weight": 4629.4938752931, "num_boost_round": 42.0, "subsample": 0.4460171376073788}, "datetime": {"datetime": "2024-01-20 14:49:56", "elapsed": 5294.705131, "delta": 0.005034}}
