{"target": -13.500409549219384, "params": {"colsample_bytree": 0.7684465055913628, "eta": 0.03681552389900179, "gamma": 278.15537732404437, "max_depth": 8.0, "min_child_weight": 3803.358121901516, "num_boost_round": 18.0, "subsample": 0.8259607805448363}, "datetime": {"datetime": "2024-01-20 16:48:36", "elapsed": 8670.317742, "delta": 0.010028}}
{"target": -13.500517071079152, "params": {"colsample_bytree": 0.7684465055913628, "eta": 0.03681552389900179, "gamma": 278.15537732404437, "max_depth": 8.0, "min_child_weight": 3803.358121901516, "num_boost_round": 19.0, "subsample": 0.8259607805448363}, "datetime": {"datetime": "2024-01-20 16:48:36", "elapsed": 8670.328028, "delta": 0.010286}}
{"target": -13.500739652877666, "params": {"colsample_bytree": 0.7684465055913628, "eta": 0.03681552389900179, "gamma": 278.15537732404437, "max_depth": 8.0, "min_child_weight": 3803.358121901516, "num_boost_round": 20.0, "subsample": 0.8259607805448363}, "datetime": {"datetime": "2024-01-20 16:48:36", "elapsed": 8670.336772, "delta": 0.008744}}
{"target": -13.501200225204208, "params": {"colsample_bytree": 0.7684465055913628, "eta": 0.03681552389900179, "gamma": 278.15537732404437, "max_depth": 8.0, "min_child_weight": 3803.358121901516, "num_boost_round": 21.0, "subsample": 0.8259607805448363}, "datetime": {"datetime": "2024-01-20 16:48:36", "elapsed": 8670.344255, "delta": 0.007483}}
{"target": -13.501480150598551, "params": {"colsample_bytree": 0.7684465055913628, "eta": 0.03681552389900179, "gamma": 278.15537732404437, "max_depth": 8.0, "min_child_weight": 3803.358121901516, "num_boost_round": 22.0, "subsample": 0.8259607805448363}, "datetime": {"datetime": "2024-01-20 16:48:36", "elapsed": 8670.351213, "delta": 0.006958}}
{"target": -13.501900287298435, "params": {"colsample_bytree": 0.7684465055913628, "eta": 0.03681552389900179, "gamma": 278.15537732404437, "max_depth": 8.0, "min_child_weight": 3803.358121901516, "num_boost_round": 23.0, "subsample": 0.8259607805448363}, "datetime": {"datetime": "2024-01-20 16:48:36", "elapsed": 8670.35794, "delta": 0.006727}}
{"target": -13.502067500127191, "params": {"colsample_bytree": 0.7684465055913628, "eta": 0.03681552389900179, "gamma": 278.15537732404437, "max_depth": 8.0, "min_child_weight": 3803.358121901516, "num_boost_round": 24.0, "subsample": 0.8259607805448363}, "datetime": {"datetime": "2024-01-20 16:48:36", "elapsed": 8670.364643, "delta": 0.006703}}
{"target": -13.502383063846725, "params": {"colsample_bytree": 0.7684465055913628, "eta": 0.03681552389900179, "gamma": 278.15537732404437, "max_depth": 8.0, "min_child_weight": 3803.358121901516, "num_boost_round": 25.0, "subsample": 0.8259607805448363}, "datetime": {"datetime": "2024-01-20 16:48:36", "elapsed": 8670.371652, "delta": 0.007009}}
{"target": -13.502789537666047, "params": {"colsample_bytree": 0.7684465055913628, "eta": 0.03681552389900179, "gamma": 278.15537732404437, "max_depth": 8.0, "min_child_weight": 3803.358121901516, "num_boost_round": 26.0, "subsample": 0.8259607805448363}, "datetime": {"datetime": "2024-01-20 16:48:36", "elapsed": 8670.378669, "delta": 0.007017}}
{"target": -13.503221660725867, "params": {"colsample_bytree": 0.7684465055913628, "eta": 0.03681552389900179, "gamma": 278.15537732404437, "max_depth": 8.0, "min_child_weight": 3803.358121901516, "num_boost_round": 27.0, "subsample": 0.8259607805448363}, "datetime": {"datetime": "2024-01-20 16:48:36", "elapsed": 8670.385337, "delta": 0.006668}}
{"target": -13.503515616157948, "params": {"colsample_bytree": 0.7684465055913628, "eta": 0.03681552389900179, "gamma": 278.15537732404437, "max_depth": 8.0, "min_child_weight": 3803.358121901516, "num_boost_round": 28.0, "subsample": 0.8259607805448363}, "datetime": {"datetime": "2024-01-20 16:48:36", "elapsed": 8670.39209, "delta": 0.006753}}
{"target": -13.503767385282963, "params": {"colsample_bytree": 0.7684465055913628, "eta": 0.03681552389900179, "gamma": 278.15537732404437, "max_depth": 8.0, "min_child_weight": 3803.358121901516, "num_boost_round": 29.0, "subsample": 0.8259607805448363}, "datetime": {"datetime": "2024-01-20 16:48:36", "elapsed": 8670.399318, "delta": 0.007228}}
{"target": -13.503990610049398, "params": {"colsample_bytree": 0.7684465055913628, "eta": 0.03681552389900179, "gamma": 278.15537732404437, "max_depth": 8.0, "min_child_weight": 3803.358121901516, "num_boost_round": 30.0, "subsample": 0.8259607805448363}, "datetime": {"datetime": "2024-01-20 16:48:36", "elapsed": 8670.406101, "delta": 0.006783}}
{"target": -13.504180900384203, "params": {"colsample_bytree": 0.7684465055913628, "eta": 0.03681552389900179, "gamma": 278.15537732404437, "max_depth": 8.0, "min_child_weight": 3803.358121901516, "num_boost_round": 31.0, "subsample": 0.8259607805448363}, "datetime": {"datetime": "2024-01-20 16:48:36", "elapsed": 8670.413035, "delta": 0.006934}}
{"target": -13.504399889092474, "params": {"colsample_bytree": 0.7684465055913628, "eta": 0.03681552389900179, "gamma": 278.15537732404437, "max_depth": 8.0, "min_child_weight": 3803.358121901516, "num_boost_round": 32.0, "subsample": 0.8259607805448363}, "datetime": {"datetime": "2024-01-20 16:48:36", "elapsed": 8670.419859, "delta": 0.006824}}
{"target": -13.504801431057325, "params": {"colsample_bytree": 0.7684465055913628, "eta": 0.03681552389900179, "gamma": 278.15537732404437, "max_depth": 8.0, "min_child_weight": 3803.358121901516, "num_boost_round": 33.0, "subsample": 0.8259607805448363}, "datetime": {"datetime": "2024-01-20 16:48:36", "elapsed": 8670.427043, "delta": 0.007184}}
{"target": -13.504919916754595, "params": {"colsample_bytree": 0.7684465055913628, "eta": 0.03681552389900179, "gamma": 278.15537732404437, "max_depth": 8.0, "min_child_weight": 3803.358121901516, "num_boost_round": 34.0, "subsample": 0.8259607805448363}, "datetime": {"datetime": "2024-01-20 16:48:36", "elapsed": 8670.434103, "delta": 0.00706}}
{"target": -13.505360451667844, "params": {"colsample_bytree": 0.7684465055913628, "eta": 0.03681552389900179, "gamma": 278.15537732404437, "max_depth": 8.0, "min_child_weight": 3803.358121901516, "num_boost_round": 35.0, "subsample": 0.8259607805448363}, "datetime": {"datetime": "2024-01-20 16:48:36", "elapsed": 8670.440951, "delta": 0.006848}}
{"target": -13.505787357987318, "params": {"colsample_bytree": 0.7684465055913628, "eta": 0.03681552389900179, "gamma": 278.15537732404437, "max_depth": 8.0, "min_child_weight": 3803.358121901516, "num_boost_round": 36.0, "subsample": 0.8259607805448363}, "datetime": {"datetime": "2024-01-20 16:48:37", "elapsed": 8670.447761, "delta": 0.00681}}
{"target": -13.497725417037469, "params": {"colsample_bytree": 0.14889561347272012, "eta": 0.0963255307016867, "gamma": 777.913988499082, "max_depth": 7.0, "min_child_weight": 4680.830316694521, "num_boost_round": 1.0, "subsample": 0.5133039534291047}, "datetime": {"datetime": "2024-01-20 16:51:07", "elapsed": 8821.234598, "delta": 150.786837}}
{"target": -13.497848180213868, "params": {"colsample_bytree": 0.22690921426657995, "eta": 0.05187965794347253, "gamma": 343.1614341998627, "max_depth": 3.0, "min_child_weight": 3913.1545334099105, "num_boost_round": 1.0, "subsample": 0.5207369623248915}, "datetime": {"datetime": "2024-01-20 16:55:00", "elapsed": 9054.093926, "delta": 232.859328}}
{"target": -13.497780422868797, "params": {"colsample_bytree": 0.22690921426657995, "eta": 0.05187965794347253, "gamma": 343.1614341998627, "max_depth": 3.0, "min_child_weight": 3913.1545334099105, "num_boost_round": 2.0, "subsample": 0.5207369623248915}, "datetime": {"datetime": "2024-01-20 16:55:00", "elapsed": 9054.102049, "delta": 0.008123}}
{"target": -13.497712215369965, "params": {"colsample_bytree": 0.22690921426657995, "eta": 0.05187965794347253, "gamma": 343.1614341998627, "max_depth": 3.0, "min_child_weight": 3913.1545334099105, "num_boost_round": 3.0, "subsample": 0.5207369623248915}, "datetime": {"datetime": "2024-01-20 16:55:00", "elapsed": 9054.109247, "delta": 0.007198}}
{"target": -13.497677355644104, "params": {"colsample_bytree": 0.22690921426657995, "eta": 0.05187965794347253, "gamma": 343.1614341998627, "max_depth": 3.0, "min_child_weight": 3913.1545334099105, "num_boost_round": 4.0, "subsample": 0.5207369623248915}, "datetime": {"datetime": "2024-01-20 16:55:00", "elapsed": 9054.116361, "delta": 0.007114}}
{"target": -13.497481612226798, "params": {"colsample_bytree": 0.22690921426657995, "eta": 0.05187965794347253, "gamma": 343.1614341998627, "max_depth": 3.0, "min_child_weight": 3913.1545334099105, "num_boost_round": 5.0, "subsample": 0.5207369623248915}, "datetime": {"datetime": "2024-01-20 16:55:00", "elapsed": 9054.123139, "delta": 0.006778}}
{"target": -13.497378411639817, "params": {"colsample_bytree": 0.22690921426657995, "eta": 0.05187965794347253, "gamma": 343.1614341998627, "max_depth": 3.0, "min_child_weight": 3913.1545334099105, "num_boost_round": 6.0, "subsample": 0.5207369623248915}, "datetime": {"datetime": "2024-01-20 16:55:00", "elapsed": 9054.129838, "delta": 0.006699}}
{"target": -13.497333602280998, "params": {"colsample_bytree": 0.22690921426657995, "eta": 0.05187965794347253, "gamma": 343.1614341998627, "max_depth": 3.0, "min_child_weight": 3913.1545334099105, "num_boost_round": 7.0, "subsample": 0.5207369623248915}, "datetime": {"datetime": "2024-01-20 16:55:00", "elapsed": 9054.137186, "delta": 0.007348}}
{"target": -13.497165455342412, "params": {"colsample_bytree": 0.22690921426657995, "eta": 0.05187965794347253, "gamma": 343.1614341998627, "max_depth": 3.0, "min_child_weight": 3913.1545334099105, "num_boost_round": 8.0, "subsample": 0.5207369623248915}, "datetime": {"datetime": "2024-01-20 16:55:00", "elapsed": 9054.144372, "delta": 0.007186}}
{"target": -13.49722015583967, "params": {"colsample_bytree": 0.22690921426657995, "eta": 0.05187965794347253, "gamma": 343.1614341998627, "max_depth": 3.0, "min_child_weight": 3913.1545334099105, "num_boost_round": 9.0, "subsample": 0.5207369623248915}, "datetime": {"datetime": "2024-01-20 16:55:00", "elapsed": 9054.151333, "delta": 0.006961}}
{"target": -13.497099620006464, "params": {"colsample_bytree": 0.22690921426657995, "eta": 0.05187965794347253, "gamma": 343.1614341998627, "max_depth": 3.0, "min_child_weight": 3913.1545334099105, "num_boost_round": 10.0, "subsample": 0.5207369623248915}, "datetime": {"datetime": "2024-01-20 16:55:00", "elapsed": 9054.158077, "delta": 0.006744}}
{"target": -13.497109344666265, "params": {"colsample_bytree": 0.22690921426657995, "eta": 0.05187965794347253, "gamma": 343.1614341998627, "max_depth": 3.0, "min_child_weight": 3913.1545334099105, "num_boost_round": 11.0, "subsample": 0.5207369623248915}, "datetime": {"datetime": "2024-01-20 16:55:00", "elapsed": 9054.1652, "delta": 0.007123}}
{"target": -13.49729707116385, "params": {"colsample_bytree": 0.22690921426657995, "eta": 0.05187965794347253, "gamma": 343.1614341998627, "max_depth": 3.0, "min_child_weight": 3913.1545334099105, "num_boost_round": 12.0, "subsample": 0.5207369623248915}, "datetime": {"datetime": "2024-01-20 16:55:00", "elapsed": 9054.172147, "delta": 0.006947}}
{"target": -13.497405565528489, "params": {"colsample_bytree": 0.22690921426657995, "eta": 0.05187965794347253, "gamma": 343.1614341998627, "max_depth": 3.0, "min_child_weight": 3913.1545334099105, "num_boost_round": 13.0, "subsample": 0.5207369623248915}, "datetime": {"datetime": "2024-01-20 16:55:00", "elapsed": 9054.179128, "delta": 0.006981}}
{"target": -13.497178181678153, "params": {"colsample_bytree": 0.22690921426657995, "eta": 0.05187965794347253, "gamma": 343.1614341998627, "max_depth": 3.0, "min_child_weight": 3913.1545334099105, "num_boost_round": 14.0, "subsample": 0.5207369623248915}, "datetime": {"datetime": "2024-01-20 16:55:00", "elapsed": 9054.186038, "delta": 0.00691}}
{"target": -13.497102454263038, "params": {"colsample_bytree": 0.22690921426657995, "eta": 0.05187965794347253, "gamma": 343.1614341998627, "max_depth": 3.0, "min_child_weight": 3913.1545334099105, "num_boost_round": 15.0, "subsample": 0.5207369623248915}, "datetime": {"datetime": "2024-01-20 16:55:00", "elapsed": 9054.193143, "delta": 0.007105}}
{"target": -13.497306735993565, "params": {"colsample_bytree": 0.22690921426657995, "eta": 0.05187965794347253, "gamma": 343.1614341998627, "max_depth": 3.0, "min_child_weight": 3913.1545334099105, "num_boost_round": 16.0, "subsample": 0.5207369623248915}, "datetime": {"datetime": "2024-01-20 16:55:00", "elapsed": 9054.20001, "delta": 0.006867}}
{"target": -13.4973588694181, "params": {"colsample_bytree": 0.22690921426657995, "eta": 0.05187965794347253, "gamma": 343.1614341998627, "max_depth": 3.0, "min_child_weight": 3913.1545334099105, "num_boost_round": 17.0, "subsample": 0.5207369623248915}, "datetime": {"datetime": "2024-01-20 16:55:00", "elapsed": 9054.206761, "delta": 0.006751}}
{"target": -13.497483696343835, "params": {"colsample_bytree": 0.22690921426657995, "eta": 0.05187965794347253, "gamma": 343.1614341998627, "max_depth": 3.0, "min_child_weight": 3913.1545334099105, "num_boost_round": 18.0, "subsample": 0.5207369623248915}, "datetime": {"datetime": "2024-01-20 16:55:00", "elapsed": 9054.21359, "delta": 0.006829}}
{"target": -13.497584236707741, "params": {"colsample_bytree": 0.22690921426657995, "eta": 0.05187965794347253, "gamma": 343.1614341998627, "max_depth": 3.0, "min_child_weight": 3913.1545334099105, "num_boost_round": 19.0, "subsample": 0.5207369623248915}, "datetime": {"datetime": "2024-01-20 16:55:00", "elapsed": 9054.220703, "delta": 0.007113}}
{"target": -13.497575781286542, "params": {"colsample_bytree": 0.22690921426657995, "eta": 0.05187965794347253, "gamma": 343.1614341998627, "max_depth": 3.0, "min_child_weight": 3913.1545334099105, "num_boost_round": 20.0, "subsample": 0.5207369623248915}, "datetime": {"datetime": "2024-01-20 16:55:00", "elapsed": 9054.22755, "delta": 0.006847}}
{"target": -13.497665118494647, "params": {"colsample_bytree": 0.22690921426657995, "eta": 0.05187965794347253, "gamma": 343.1614341998627, "max_depth": 3.0, "min_child_weight": 3913.1545334099105, "num_boost_round": 21.0, "subsample": 0.5207369623248915}, "datetime": {"datetime": "2024-01-20 16:55:00", "elapsed": 9054.234662, "delta": 0.007112}}
{"target": -13.497654089894738, "params": {"colsample_bytree": 0.22690921426657995, "eta": 0.05187965794347253, "gamma": 343.1614341998627, "max_depth": 3.0, "min_child_weight": 3913.1545334099105, "num_boost_round": 22.0, "subsample": 0.5207369623248915}, "datetime": {"datetime": "2024-01-20 16:55:00", "elapsed": 9054.241775, "delta": 0.007113}}
{"target": -13.497567981445785, "params": {"colsample_bytree": 0.22690921426657995, "eta": 0.05187965794347253, "gamma": 343.1614341998627, "max_depth": 3.0, "min_child_weight": 3913.1545334099105, "num_boost_round": 23.0, "subsample": 0.5207369623248915}, "datetime": {"datetime": "2024-01-20 16:55:00", "elapsed": 9054.249271, "delta": 0.007496}}
{"target": -13.497642232529367, "params": {"colsample_bytree": 0.22690921426657995, "eta": 0.05187965794347253, "gamma": 343.1614341998627, "max_depth": 3.0, "min_child_weight": 3913.1545334099105, "num_boost_round": 24.0, "subsample": 0.5207369623248915}, "datetime": {"datetime": "2024-01-20 16:55:00", "elapsed": 9054.25623, "delta": 0.006959}}
{"target": -13.497557134432931, "params": {"colsample_bytree": 0.22690921426657995, "eta": 0.05187965794347253, "gamma": 343.1614341998627, "max_depth": 3.0, "min_child_weight": 3913.1545334099105, "num_boost_round": 25.0, "subsample": 0.5207369623248915}, "datetime": {"datetime": "2024-01-20 16:55:00", "elapsed": 9054.262938, "delta": 0.006708}}
{"target": -13.497513872311131, "params": {"colsample_bytree": 0.22690921426657995, "eta": 0.05187965794347253, "gamma": 343.1614341998627, "max_depth": 3.0, "min_child_weight": 3913.1545334099105, "num_boost_round": 26.0, "subsample": 0.5207369623248915}, "datetime": {"datetime": "2024-01-20 16:55:00", "elapsed": 9054.269923, "delta": 0.006985}}
{"target": -13.497636300215337, "params": {"colsample_bytree": 0.22690921426657995, "eta": 0.05187965794347253, "gamma": 343.1614341998627, "max_depth": 3.0, "min_child_weight": 3913.1545334099105, "num_boost_round": 27.0, "subsample": 0.5207369623248915}, "datetime": {"datetime": "2024-01-20 16:55:00", "elapsed": 9054.27715, "delta": 0.007227}}
{"target": -13.49782394177886, "params": {"colsample_bytree": 0.22690921426657995, "eta": 0.05187965794347253, "gamma": 343.1614341998627, "max_depth": 3.0, "min_child_weight": 3913.1545334099105, "num_boost_round": 28.0, "subsample": 0.5207369623248915}, "datetime": {"datetime": "2024-01-20 16:55:00", "elapsed": 9054.284209, "delta": 0.007059}}
{"target": -13.49794090447703, "params": {"colsample_bytree": 0.22690921426657995, "eta": 0.05187965794347253, "gamma": 343.1614341998627, "max_depth": 3.0, "min_child_weight": 3913.1545334099105, "num_boost_round": 29.0, "subsample": 0.5207369623248915}, "datetime": {"datetime": "2024-01-20 16:55:00", "elapsed": 9054.290996, "delta": 0.006787}}
{"target": -13.49799312492782, "params": {"colsample_bytree": 0.22690921426657995, "eta": 0.05187965794347253, "gamma": 343.1614341998627, "max_depth": 3.0, "min_child_weight": 3913.1545334099105, "num_boost_round": 30.0, "subsample": 0.5207369623248915}, "datetime": {"datetime": "2024-01-20 16:55:00", "elapsed": 9054.301237, "delta": 0.010241}}
{"target": -13.49810863157063, "params": {"colsample_bytree": 0.22690921426657995, "eta": 0.05187965794347253, "gamma": 343.1614341998627, "max_depth": 3.0, "min_child_weight": 3913.1545334099105, "num_boost_round": 31.0, "subsample": 0.5207369623248915}, "datetime": {"datetime": "2024-01-20 16:55:00", "elapsed": 9054.313973, "delta": 0.012736}}
{"target": -13.498247911209155, "params": {"colsample_bytree": 0.22690921426657995, "eta": 0.05187965794347253, "gamma": 343.1614341998627, "max_depth": 3.0, "min_child_weight": 3913.1545334099105, "num_boost_round": 32.0, "subsample": 0.5207369623248915}, "datetime": {"datetime": "2024-01-20 16:55:00", "elapsed": 9054.322115, "delta": 0.008142}}
{"target": -13.498329202610003, "params": {"colsample_bytree": 0.22690921426657995, "eta": 0.05187965794347253, "gamma": 343.1614341998627, "max_depth": 3.0, "min_child_weight": 3913.1545334099105, "num_boost_round": 33.0, "subsample": 0.5207369623248915}, "datetime": {"datetime": "2024-01-20 16:55:00", "elapsed": 9054.329002, "delta": 0.006887}}
{"target": -13.498242674367065, "params": {"colsample_bytree": 0.22690921426657995, "eta": 0.05187965794347253, "gamma": 343.1614341998627, "max_depth": 3.0, "min_child_weight": 3913.1545334099105, "num_boost_round": 34.0, "subsample": 0.5207369623248915}, "datetime": {"datetime": "2024-01-20 16:55:00", "elapsed": 9054.336119, "delta": 0.007117}}
{"target": -13.498455032288877, "params": {"colsample_bytree": 0.22690921426657995, "eta": 0.05187965794347253, "gamma": 343.1614341998627, "max_depth": 3.0, "min_child_weight": 3913.1545334099105, "num_boost_round": 35.0, "subsample": 0.5207369623248915}, "datetime": {"datetime": "2024-01-20 16:55:00", "elapsed": 9054.343797, "delta": 0.007678}}
{"target": -13.498387478487071, "params": {"colsample_bytree": 0.22690921426657995, "eta": 0.05187965794347253, "gamma": 343.1614341998627, "max_depth": 3.0, "min_child_weight": 3913.1545334099105, "num_boost_round": 36.0, "subsample": 0.5207369623248915}, "datetime": {"datetime": "2024-01-20 16:55:00", "elapsed": 9054.351002, "delta": 0.007205}}
{"target": -13.498328008587166, "params": {"colsample_bytree": 0.22690921426657995, "eta": 0.05187965794347253, "gamma": 343.1614341998627, "max_depth": 3.0, "min_child_weight": 3913.1545334099105, "num_boost_round": 37.0, "subsample": 0.5207369623248915}, "datetime": {"datetime": "2024-01-20 16:55:00", "elapsed": 9054.35777, "delta": 0.006768}}
{"target": -13.4986029224733, "params": {"colsample_bytree": 0.22690921426657995, "eta": 0.05187965794347253, "gamma": 343.1614341998627, "max_depth": 3.0, "min_child_weight": 3913.1545334099105, "num_boost_round": 38.0, "subsample": 0.5207369623248915}, "datetime": {"datetime": "2024-01-20 16:55:00", "elapsed": 9054.364547, "delta": 0.006777}}
{"target": -13.498801658649976, "params": {"colsample_bytree": 0.22690921426657995, "eta": 0.05187965794347253, "gamma": 343.1614341998627, "max_depth": 3.0, "min_child_weight": 3913.1545334099105, "num_boost_round": 39.0, "subsample": 0.5207369623248915}, "datetime": {"datetime": "2024-01-20 16:55:00", "elapsed": 9054.371742, "delta": 0.007195}}
{"target": -13.4988009834771, "params": {"colsample_bytree": 0.22690921426657995, "eta": 0.05187965794347253, "gamma": 343.1614341998627, "max_depth": 3.0, "min_child_weight": 3913.1545334099105, "num_boost_round": 40.0, "subsample": 0.5207369623248915}, "datetime": {"datetime": "2024-01-20 16:55:00", "elapsed": 9054.378677, "delta": 0.006935}}
{"target": -13.498725609708815, "params": {"colsample_bytree": 0.22690921426657995, "eta": 0.05187965794347253, "gamma": 343.1614341998627, "max_depth": 3.0, "min_child_weight": 3913.1545334099105, "num_boost_round": 41.0, "subsample": 0.5207369623248915}, "datetime": {"datetime": "2024-01-20 16:55:00", "elapsed": 9054.385432, "delta": 0.006755}}
{"target": -13.498818883019517, "params": {"colsample_bytree": 0.22690921426657995, "eta": 0.05187965794347253, "gamma": 343.1614341998627, "max_depth": 3.0, "min_child_weight": 3913.1545334099105, "num_boost_round": 42.0, "subsample": 0.5207369623248915}, "datetime": {"datetime": "2024-01-20 16:55:00", "elapsed": 9054.392353, "delta": 0.006921}}
{"target": -13.498883173258966, "params": {"colsample_bytree": 0.22690921426657995, "eta": 0.05187965794347253, "gamma": 343.1614341998627, "max_depth": 3.0, "min_child_weight": 3913.1545334099105, "num_boost_round": 43.0, "subsample": 0.5207369623248915}, "datetime": {"datetime": "2024-01-20 16:55:00", "elapsed": 9054.399544, "delta": 0.007191}}
