{"target": -13.49364954904177, "params": {"colsample_bytree": 0.9943500416368738, "eta": 0.07977104471222551, "gamma": 723.4791146224402, "max_depth": 3.0, "min_child_weight": 4505.211143392372, "num_boost_round": 20.0, "subsample": 0.2368503624719763}, "datetime": {"datetime": "2024-01-20 15:07:17", "elapsed": 2590.6629, "delta": 0.004865}}
{"target": -13.493594793014857, "params": {"colsample_bytree": 0.9943500416368738, "eta": 0.07977104471222551, "gamma": 723.4791146224402, "max_depth": 3.0, "min_child_weight": 4505.211143392372, "num_boost_round": 21.0, "subsample": 0.2368503624719763}, "datetime": {"datetime": "2024-01-20 15:07:17", "elapsed": 2590.668222, "delta": 0.005322}}
{"target": -13.49350817057043, "params": {"colsample_bytree": 0.9943500416368738, "eta": 0.07977104471222551, "gamma": 723.4791146224402, "max_depth": 3.0, "min_child_weight": 4505.211143392372, "num_boost_round": 22.0, "subsample": 0.2368503624719763}, "datetime": {"datetime": "2024-01-20 15:07:17", "elapsed": 2590.672864, "delta": 0.004642}}
{"target": -13.493211575497295, "params": {"colsample_bytree": 0.9943500416368738, "eta": 0.07977104471222551, "gamma": 723.4791146224402, "max_depth": 3.0, "min_child_weight": 4505.211143392372, "num_boost_round": 23.0, "subsample": 0.2368503624719763}, "datetime": {"datetime": "2024-01-20 15:07:17", "elapsed": 2590.676761, "delta": 0.003897}}
{"target": -13.493423474296057, "params": {"colsample_bytree": 0.9943500416368738, "eta": 0.07977104471222551, "gamma": 723.4791146224402, "max_depth": 3.0, "min_child_weight": 4505.211143392372, "num_boost_round": 24.0, "subsample": 0.2368503624719763}, "datetime": {"datetime": "2024-01-20 15:07:17", "elapsed": 2590.68054, "delta": 0.003779}}
{"target": -13.493058235705687, "params": {"colsample_bytree": 0.9943500416368738, "eta": 0.07977104471222551, "gamma": 723.4791146224402, "max_depth": 3.0, "min_child_weight": 4505.211143392372, "num_boost_round": 25.0, "subsample": 0.2368503624719763}, "datetime": {"datetime": "2024-01-20 15:07:17", "elapsed": 2590.684302, "delta": 0.003762}}
{"target": -13.49292629270689, "params": {"colsample_bytree": 0.9943500416368738, "eta": 0.07977104471222551, "gamma": 723.4791146224402, "max_depth": 3.0, "min_child_weight": 4505.211143392372, "num_boost_round": 26.0, "subsample": 0.2368503624719763}, "datetime": {"datetime": "2024-01-20 15:07:17", "elapsed": 2590.688077, "delta": 0.003775}}
{"target": -13.492891512802249, "params": {"colsample_bytree": 0.9943500416368738, "eta": 0.07977104471222551, "gamma": 723.4791146224402, "max_depth": 3.0, "min_child_weight": 4505.211143392372, "num_boost_round": 27.0, "subsample": 0.2368503624719763}, "datetime": {"datetime": "2024-01-20 15:07:17", "elapsed": 2590.691856, "delta": 0.003779}}
{"target": -13.492893047074512, "params": {"colsample_bytree": 0.9943500416368738, "eta": 0.07977104471222551, "gamma": 723.4791146224402, "max_depth": 3.0, "min_child_weight": 4505.211143392372, "num_boost_round": 28.0, "subsample": 0.2368503624719763}, "datetime": {"datetime": "2024-01-20 15:07:17", "elapsed": 2590.695787, "delta": 0.003931}}
{"target": -13.49302335201245, "params": {"colsample_bytree": 0.9943500416368738, "eta": 0.07977104471222551, "gamma": 723.4791146224402, "max_depth": 3.0, "min_child_weight": 4505.211143392372, "num_boost_round": 29.0, "subsample": 0.2368503624719763}, "datetime": {"datetime": "2024-01-20 15:07:17", "elapsed": 2590.699606, "delta": 0.003819}}
{"target": -13.492818637827247, "params": {"colsample_bytree": 0.9943500416368738, "eta": 0.07977104471222551, "gamma": 723.4791146224402, "max_depth": 3.0, "min_child_weight": 4505.211143392372, "num_boost_round": 30.0, "subsample": 0.2368503624719763}, "datetime": {"datetime": "2024-01-20 15:07:17", "elapsed": 2590.703407, "delta": 0.003801}}
{"target": -13.492716921321232, "params": {"colsample_bytree": 0.9943500416368738, "eta": 0.07977104471222551, "gamma": 723.4791146224402, "max_depth": 3.0, "min_child_weight": 4505.211143392372, "num_boost_round": 31.0, "subsample": 0.2368503624719763}, "datetime": {"datetime": "2024-01-20 15:07:17", "elapsed": 2590.707199, "delta": 0.003792}}
{"target": -13.492978514964706, "params": {"colsample_bytree": 0.9943500416368738, "eta": 0.07977104471222551, "gamma": 723.4791146224402, "max_depth": 3.0, "min_child_weight": 4505.211143392372, "num_boost_round": 32.0, "subsample": 0.2368503624719763}, "datetime": {"datetime": "2024-01-20 15:07:17", "elapsed": 2590.711104, "delta": 0.003905}}
{"target": -13.492990091609697, "params": {"colsample_bytree": 0.9943500416368738, "eta": 0.07977104471222551, "gamma": 723.4791146224402, "max_depth": 3.0, "min_child_weight": 4505.211143392372, "num_boost_round": 33.0, "subsample": 0.2368503624719763}, "datetime": {"datetime": "2024-01-20 15:07:17", "elapsed": 2590.715101, "delta": 0.003997}}
{"target": -13.4929627262926, "params": {"colsample_bytree": 0.9943500416368738, "eta": 0.07977104471222551, "gamma": 723.4791146224402, "max_depth": 3.0, "min_child_weight": 4505.211143392372, "num_boost_round": 34.0, "subsample": 0.2368503624719763}, "datetime": {"datetime": "2024-01-20 15:07:17", "elapsed": 2590.718881, "delta": 0.00378}}
{"target": -13.493053840846517, "params": {"colsample_bytree": 0.9943500416368738, "eta": 0.07977104471222551, "gamma": 723.4791146224402, "max_depth": 3.0, "min_child_weight": 4505.211143392372, "num_boost_round": 35.0, "subsample": 0.2368503624719763}, "datetime": {"datetime": "2024-01-20 15:07:17", "elapsed": 2590.722659, "delta": 0.003778}}
{"target": -13.492949889690962, "params": {"colsample_bytree": 0.9943500416368738, "eta": 0.07977104471222551, "gamma": 723.4791146224402, "max_depth": 3.0, "min_child_weight": 4505.211143392372, "num_boost_round": 36.0, "subsample": 0.2368503624719763}, "datetime": {"datetime": "2024-01-20 15:07:17", "elapsed": 2590.726465, "delta": 0.003806}}
{"target": -13.492876154789293, "params": {"colsample_bytree": 0.9943500416368738, "eta": 0.07977104471222551, "gamma": 723.4791146224402, "max_depth": 3.0, "min_child_weight": 4505.211143392372, "num_boost_round": 37.0, "subsample": 0.2368503624719763}, "datetime": {"datetime": "2024-01-20 15:07:17", "elapsed": 2590.730271, "delta": 0.003806}}
{"target": -13.492930303424163, "params": {"colsample_bytree": 0.9943500416368738, "eta": 0.07977104471222551, "gamma": 723.4791146224402, "max_depth": 3.0, "min_child_weight": 4505.211143392372, "num_boost_round": 38.0, "subsample": 0.2368503624719763}, "datetime": {"datetime": "2024-01-20 15:07:17", "elapsed": 2590.734312, "delta": 0.004041}}
{"target": -13.492999916937261, "params": {"colsample_bytree": 0.9943500416368738, "eta": 0.07977104471222551, "gamma": 723.4791146224402, "max_depth": 3.0, "min_child_weight": 4505.211143392372, "num_boost_round": 39.0, "subsample": 0.2368503624719763}, "datetime": {"datetime": "2024-01-20 15:07:17", "elapsed": 2590.738367, "delta": 0.004055}}
{"target": -13.493139203477602, "params": {"colsample_bytree": 0.9943500416368738, "eta": 0.07977104471222551, "gamma": 723.4791146224402, "max_depth": 3.0, "min_child_weight": 4505.211143392372, "num_boost_round": 40.0, "subsample": 0.2368503624719763}, "datetime": {"datetime": "2024-01-20 15:07:17", "elapsed": 2590.742387, "delta": 0.00402}}
{"target": -13.492911898654004, "params": {"colsample_bytree": 0.9943500416368738, "eta": 0.07977104471222551, "gamma": 723.4791146224402, "max_depth": 3.0, "min_child_weight": 4505.211143392372, "num_boost_round": 41.0, "subsample": 0.2368503624719763}, "datetime": {"datetime": "2024-01-20 15:07:17", "elapsed": 2590.746295, "delta": 0.003908}}
{"target": -13.492883848127548, "params": {"colsample_bytree": 0.9943500416368738, "eta": 0.07977104471222551, "gamma": 723.4791146224402, "max_depth": 3.0, "min_child_weight": 4505.211143392372, "num_boost_round": 42.0, "subsample": 0.2368503624719763}, "datetime": {"datetime": "2024-01-20 15:07:17", "elapsed": 2590.750098, "delta": 0.003803}}
{"target": -13.49315940398976, "params": {"colsample_bytree": 0.9943500416368738, "eta": 0.07977104471222551, "gamma": 723.4791146224402, "max_depth": 3.0, "min_child_weight": 4505.211143392372, "num_boost_round": 43.0, "subsample": 0.2368503624719763}, "datetime": {"datetime": "2024-01-20 15:07:17", "elapsed": 2590.754134, "delta": 0.004036}}
{"target": -13.49303371003699, "params": {"colsample_bytree": 0.9943500416368738, "eta": 0.07977104471222551, "gamma": 723.4791146224402, "max_depth": 3.0, "min_child_weight": 4505.211143392372, "num_boost_round": 44.0, "subsample": 0.2368503624719763}, "datetime": {"datetime": "2024-01-20 15:07:17", "elapsed": 2590.758104, "delta": 0.00397}}
{"target": -13.492938561610192, "params": {"colsample_bytree": 0.9943500416368738, "eta": 0.07977104471222551, "gamma": 723.4791146224402, "max_depth": 3.0, "min_child_weight": 4505.211143392372, "num_boost_round": 45.0, "subsample": 0.2368503624719763}, "datetime": {"datetime": "2024-01-20 15:07:17", "elapsed": 2590.762022, "delta": 0.003918}}
{"target": -13.492907856863738, "params": {"colsample_bytree": 0.9943500416368738, "eta": 0.07977104471222551, "gamma": 723.4791146224402, "max_depth": 3.0, "min_child_weight": 4505.211143392372, "num_boost_round": 46.0, "subsample": 0.2368503624719763}, "datetime": {"datetime": "2024-01-20 15:07:17", "elapsed": 2590.765912, "delta": 0.00389}}
{"target": -13.492792099344666, "params": {"colsample_bytree": 0.9943500416368738, "eta": 0.07977104471222551, "gamma": 723.4791146224402, "max_depth": 3.0, "min_child_weight": 4505.211143392372, "num_boost_round": 47.0, "subsample": 0.2368503624719763}, "datetime": {"datetime": "2024-01-20 15:07:17", "elapsed": 2590.769726, "delta": 0.003814}}
{"target": -13.49277027406081, "params": {"colsample_bytree": 0.9943500416368738, "eta": 0.07977104471222551, "gamma": 723.4791146224402, "max_depth": 3.0, "min_child_weight": 4505.211143392372, "num_boost_round": 48.0, "subsample": 0.2368503624719763}, "datetime": {"datetime": "2024-01-20 15:07:17", "elapsed": 2590.774187, "delta": 0.004461}}
{"target": -13.4928580058187, "params": {"colsample_bytree": 0.9943500416368738, "eta": 0.07977104471222551, "gamma": 723.4791146224402, "max_depth": 3.0, "min_child_weight": 4505.211143392372, "num_boost_round": 49.0, "subsample": 0.2368503624719763}, "datetime": {"datetime": "2024-01-20 15:07:17", "elapsed": 2590.778988, "delta": 0.004801}}
{"target": -13.49292016690704, "params": {"colsample_bytree": 0.9943500416368738, "eta": 0.07977104471222551, "gamma": 723.4791146224402, "max_depth": 3.0, "min_child_weight": 4505.211143392372, "num_boost_round": 50.0, "subsample": 0.2368503624719763}, "datetime": {"datetime": "2024-01-20 15:07:17", "elapsed": 2590.783999, "delta": 0.005011}}
{"target": -13.497868322648252, "params": {"colsample_bytree": 0.36332482923403, "eta": 0.02108650603177342, "gamma": 701.4682441183207, "max_depth": 5.0, "min_child_weight": 4528.225157685509, "num_boost_round": 1.0, "subsample": 0.7396519398225698}, "datetime": {"datetime": "2024-01-20 15:08:29", "elapsed": 2663.127729, "delta": 72.34373}}
{"target": -13.497797677492814, "params": {"colsample_bytree": 0.36332482923403, "eta": 0.02108650603177342, "gamma": 701.4682441183207, "max_depth": 5.0, "min_child_weight": 4528.225157685509, "num_boost_round": 2.0, "subsample": 0.7396519398225698}, "datetime": {"datetime": "2024-01-20 15:08:29", "elapsed": 2663.133055, "delta": 0.005326}}
{"target": -13.497785471952938, "params": {"colsample_bytree": 0.36332482923403, "eta": 0.02108650603177342, "gamma": 701.4682441183207, "max_depth": 5.0, "min_child_weight": 4528.225157685509, "num_boost_round": 3.0, "subsample": 0.7396519398225698}, "datetime": {"datetime": "2024-01-20 15:08:29", "elapsed": 2663.137358, "delta": 0.004303}}
{"target": -13.497782656770688, "params": {"colsample_bytree": 0.36332482923403, "eta": 0.02108650603177342, "gamma": 701.4682441183207, "max_depth": 5.0, "min_child_weight": 4528.225157685509, "num_boost_round": 4.0, "subsample": 0.7396519398225698}, "datetime": {"datetime": "2024-01-20 15:08:29", "elapsed": 2663.141336, "delta": 0.003978}}
{"target": -13.497629378841008, "params": {"colsample_bytree": 0.36332482923403, "eta": 0.02108650603177342, "gamma": 701.4682441183207, "max_depth": 5.0, "min_child_weight": 4528.225157685509, "num_boost_round": 5.0, "subsample": 0.7396519398225698}, "datetime": {"datetime": "2024-01-20 15:08:29", "elapsed": 2663.145266, "delta": 0.00393}}
{"target": -13.497575226018663, "params": {"colsample_bytree": 0.36332482923403, "eta": 0.02108650603177342, "gamma": 701.4682441183207, "max_depth": 5.0, "min_child_weight": 4528.225157685509, "num_boost_round": 6.0, "subsample": 0.7396519398225698}, "datetime": {"datetime": "2024-01-20 15:08:29", "elapsed": 2663.149068, "delta": 0.003802}}
{"target": -13.497584462093378, "params": {"colsample_bytree": 0.36332482923403, "eta": 0.02108650603177342, "gamma": 701.4682441183207, "max_depth": 5.0, "min_child_weight": 4528.225157685509, "num_boost_round": 7.0, "subsample": 0.7396519398225698}, "datetime": {"datetime": "2024-01-20 15:08:29", "elapsed": 2663.153035, "delta": 0.003967}}
{"target": -13.497502838473192, "params": {"colsample_bytree": 0.36332482923403, "eta": 0.02108650603177342, "gamma": 701.4682441183207, "max_depth": 5.0, "min_child_weight": 4528.225157685509, "num_boost_round": 8.0, "subsample": 0.7396519398225698}, "datetime": {"datetime": "2024-01-20 15:08:29", "elapsed": 2663.156994, "delta": 0.003959}}
{"target": -13.497455963134302, "params": {"colsample_bytree": 0.36332482923403, "eta": 0.02108650603177342, "gamma": 701.4682441183207, "max_depth": 5.0, "min_child_weight": 4528.225157685509, "num_boost_round": 9.0, "subsample": 0.7396519398225698}, "datetime": {"datetime": "2024-01-20 15:08:29", "elapsed": 2663.160776, "delta": 0.003782}}
{"target": -13.49738056786212, "params": {"colsample_bytree": 0.36332482923403, "eta": 0.02108650603177342, "gamma": 701.4682441183207, "max_depth": 5.0, "min_child_weight": 4528.225157685509, "num_boost_round": 10.0, "subsample": 0.7396519398225698}, "datetime": {"datetime": "2024-01-20 15:08:29", "elapsed": 2663.164568, "delta": 0.003792}}
{"target": -13.497342480250335, "params": {"colsample_bytree": 0.36332482923403, "eta": 0.02108650603177342, "gamma": 701.4682441183207, "max_depth": 5.0, "min_child_weight": 4528.225157685509, "num_boost_round": 11.0, "subsample": 0.7396519398225698}, "datetime": {"datetime": "2024-01-20 15:08:29", "elapsed": 2663.168442, "delta": 0.003874}}
{"target": -13.497389612758983, "params": {"colsample_bytree": 0.36332482923403, "eta": 0.02108650603177342, "gamma": 701.4682441183207, "max_depth": 5.0, "min_child_weight": 4528.225157685509, "num_boost_round": 12.0, "subsample": 0.7396519398225698}, "datetime": {"datetime": "2024-01-20 15:08:29", "elapsed": 2663.172356, "delta": 0.003914}}
{"target": -13.497366990158236, "params": {"colsample_bytree": 0.36332482923403, "eta": 0.02108650603177342, "gamma": 701.4682441183207, "max_depth": 5.0, "min_child_weight": 4528.225157685509, "num_boost_round": 13.0, "subsample": 0.7396519398225698}, "datetime": {"datetime": "2024-01-20 15:08:29", "elapsed": 2663.17627, "delta": 0.003914}}
{"target": -13.497339086570133, "params": {"colsample_bytree": 0.36332482923403, "eta": 0.02108650603177342, "gamma": 701.4682441183207, "max_depth": 5.0, "min_child_weight": 4528.225157685509, "num_boost_round": 14.0, "subsample": 0.7396519398225698}, "datetime": {"datetime": "2024-01-20 15:08:29", "elapsed": 2663.180086, "delta": 0.003816}}
{"target": -13.497202042569977, "params": {"colsample_bytree": 0.36332482923403, "eta": 0.02108650603177342, "gamma": 701.4682441183207, "max_depth": 5.0, "min_child_weight": 4528.225157685509, "num_boost_round": 15.0, "subsample": 0.7396519398225698}, "datetime": {"datetime": "2024-01-20 15:08:29", "elapsed": 2663.183855, "delta": 0.003769}}
{"target": -13.497216780239324, "params": {"colsample_bytree": 0.36332482923403, "eta": 0.02108650603177342, "gamma": 701.4682441183207, "max_depth": 5.0, "min_child_weight": 4528.225157685509, "num_boost_round": 16.0, "subsample": 0.7396519398225698}, "datetime": {"datetime": "2024-01-20 15:08:29", "elapsed": 2663.18765, "delta": 0.003795}}
{"target": -13.497258093188655, "params": {"colsample_bytree": 0.36332482923403, "eta": 0.02108650603177342, "gamma": 701.4682441183207, "max_depth": 5.0, "min_child_weight": 4528.225157685509, "num_boost_round": 17.0, "subsample": 0.7396519398225698}, "datetime": {"datetime": "2024-01-20 15:08:29", "elapsed": 2663.191478, "delta": 0.003828}}
{"target": -13.49729616085908, "params": {"colsample_bytree": 0.36332482923403, "eta": 0.02108650603177342, "gamma": 701.4682441183207, "max_depth": 5.0, "min_child_weight": 4528.225157685509, "num_boost_round": 18.0, "subsample": 0.7396519398225698}, "datetime": {"datetime": "2024-01-20 15:08:29", "elapsed": 2663.195417, "delta": 0.003939}}
{"target": -13.497315410790911, "params": {"colsample_bytree": 0.36332482923403, "eta": 0.02108650603177342, "gamma": 701.4682441183207, "max_depth": 5.0, "min_child_weight": 4528.225157685509, "num_boost_round": 19.0, "subsample": 0.7396519398225698}, "datetime": {"datetime": "2024-01-20 15:08:29", "elapsed": 2663.199243, "delta": 0.003826}}
{"target": -13.497253563600239, "params": {"colsample_bytree": 0.36332482923403, "eta": 0.02108650603177342, "gamma": 701.4682441183207, "max_depth": 5.0, "min_child_weight": 4528.225157685509, "num_boost_round": 20.0, "subsample": 0.7396519398225698}, "datetime": {"datetime": "2024-01-20 15:08:29", "elapsed": 2663.203065, "delta": 0.003822}}
{"target": -13.497373716500698, "params": {"colsample_bytree": 0.36332482923403, "eta": 0.02108650603177342, "gamma": 701.4682441183207, "max_depth": 5.0, "min_child_weight": 4528.225157685509, "num_boost_round": 21.0, "subsample": 0.7396519398225698}, "datetime": {"datetime": "2024-01-20 15:08:29", "elapsed": 2663.20689, "delta": 0.003825}}
{"target": -13.497325927759563, "params": {"colsample_bytree": 0.36332482923403, "eta": 0.02108650603177342, "gamma": 701.4682441183207, "max_depth": 5.0, "min_child_weight": 4528.225157685509, "num_boost_round": 22.0, "subsample": 0.7396519398225698}, "datetime": {"datetime": "2024-01-20 15:08:29", "elapsed": 2663.210764, "delta": 0.003874}}
{"target": -13.497258959904688, "params": {"colsample_bytree": 0.36332482923403, "eta": 0.02108650603177342, "gamma": 701.4682441183207, "max_depth": 5.0, "min_child_weight": 4528.225157685509, "num_boost_round": 23.0, "subsample": 0.7396519398225698}, "datetime": {"datetime": "2024-01-20 15:08:29", "elapsed": 2663.214734, "delta": 0.00397}}
{"target": -13.497260120313147, "params": {"colsample_bytree": 0.36332482923403, "eta": 0.02108650603177342, "gamma": 701.4682441183207, "max_depth": 5.0, "min_child_weight": 4528.225157685509, "num_boost_round": 24.0, "subsample": 0.7396519398225698}, "datetime": {"datetime": "2024-01-20 15:08:29", "elapsed": 2663.218647, "delta": 0.003913}}
{"target": -13.497191904439306, "params": {"colsample_bytree": 0.36332482923403, "eta": 0.02108650603177342, "gamma": 701.4682441183207, "max_depth": 5.0, "min_child_weight": 4528.225157685509, "num_boost_round": 25.0, "subsample": 0.7396519398225698}, "datetime": {"datetime": "2024-01-20 15:08:29", "elapsed": 2663.222481, "delta": 0.003834}}
{"target": -13.497218154972906, "params": {"colsample_bytree": 0.36332482923403, "eta": 0.02108650603177342, "gamma": 701.4682441183207, "max_depth": 5.0, "min_child_weight": 4528.225157685509, "num_boost_round": 26.0, "subsample": 0.7396519398225698}, "datetime": {"datetime": "2024-01-20 15:08:29", "elapsed": 2663.22635, "delta": 0.003869}}
{"target": -13.4973212711226, "params": {"colsample_bytree": 0.36332482923403, "eta": 0.02108650603177342, "gamma": 701.4682441183207, "max_depth": 5.0, "min_child_weight": 4528.225157685509, "num_boost_round": 27.0, "subsample": 0.7396519398225698}, "datetime": {"datetime": "2024-01-20 15:08:29", "elapsed": 2663.230178, "delta": 0.003828}}
{"target": -13.497347152532473, "params": {"colsample_bytree": 0.36332482923403, "eta": 0.02108650603177342, "gamma": 701.4682441183207, "max_depth": 5.0, "min_child_weight": 4528.225157685509, "num_boost_round": 28.0, "subsample": 0.7396519398225698}, "datetime": {"datetime": "2024-01-20 15:08:29", "elapsed": 2663.23489, "delta": 0.004712}}
{"target": -13.497404578209487, "params": {"colsample_bytree": 0.36332482923403, "eta": 0.02108650603177342, "gamma": 701.4682441183207, "max_depth": 5.0, "min_child_weight": 4528.225157685509, "num_boost_round": 29.0, "subsample": 0.7396519398225698}, "datetime": {"datetime": "2024-01-20 15:08:29", "elapsed": 2663.239928, "delta": 0.005038}}
{"target": -13.497445749941505, "params": {"colsample_bytree": 0.36332482923403, "eta": 0.02108650603177342, "gamma": 701.4682441183207, "max_depth": 5.0, "min_child_weight": 4528.225157685509, "num_boost_round": 30.0, "subsample": 0.7396519398225698}, "datetime": {"datetime": "2024-01-20 15:08:29", "elapsed": 2663.245006, "delta": 0.005078}}
{"target": -13.497461790554908, "params": {"colsample_bytree": 0.36332482923403, "eta": 0.02108650603177342, "gamma": 701.4682441183207, "max_depth": 5.0, "min_child_weight": 4528.225157685509, "num_boost_round": 31.0, "subsample": 0.7396519398225698}, "datetime": {"datetime": "2024-01-20 15:08:29", "elapsed": 2663.24931, "delta": 0.004304}}
{"target": -13.497516435861023, "params": {"colsample_bytree": 0.36332482923403, "eta": 0.02108650603177342, "gamma": 701.4682441183207, "max_depth": 5.0, "min_child_weight": 4528.225157685509, "num_boost_round": 32.0, "subsample": 0.7396519398225698}, "datetime": {"datetime": "2024-01-20 15:08:29", "elapsed": 2663.253366, "delta": 0.004056}}
