{"target": -19.143069330855113, "params": {"colsample_bytree": 0.34717087755562065, "eta": 0.012738192218821671, "gamma": 597.7451381417351, "max_depth": 3.0, "min_child_weight": 4499.548365794894, "num_boost_round": 21.0, "subsample": 0.9571266976705931}, "datetime": {"datetime": "2024-01-20 15:01:38", "elapsed": 2265.963081, "delta": 0.002709}}
{"target": -19.143213651315488, "params": {"colsample_bytree": 0.34717087755562065, "eta": 0.012738192218821671, "gamma": 597.7451381417351, "max_depth": 3.0, "min_child_weight": 4499.548365794894, "num_boost_round": 22.0, "subsample": 0.9571266976705931}, "datetime": {"datetime": "2024-01-20 15:01:38", "elapsed": 2265.965729, "delta": 0.002648}}
{"target": -19.14308478912246, "params": {"colsample_bytree": 0.34717087755562065, "eta": 0.012738192218821671, "gamma": 597.7451381417351, "max_depth": 3.0, "min_child_weight": 4499.548365794894, "num_boost_round": 23.0, "subsample": 0.9571266976705931}, "datetime": {"datetime": "2024-01-20 15:01:38", "elapsed": 2265.968527, "delta": 0.002798}}
{"target": -19.143098943471852, "params": {"colsample_bytree": 0.34717087755562065, "eta": 0.012738192218821671, "gamma": 597.7451381417351, "max_depth": 3.0, "min_child_weight": 4499.548365794894, "num_boost_round": 24.0, "subsample": 0.9571266976705931}, "datetime": {"datetime": "2024-01-20 15:01:38", "elapsed": 2265.97133, "delta": 0.002803}}
{"target": -19.143146912352478, "params": {"colsample_bytree": 0.34717087755562065, "eta": 0.012738192218821671, "gamma": 597.7451381417351, "max_depth": 3.0, "min_child_weight": 4499.548365794894, "num_boost_round": 25.0, "subsample": 0.9571266976705931}, "datetime": {"datetime": "2024-01-20 15:01:38", "elapsed": 2265.974162, "delta": 0.002832}}
{"target": -19.143206734344993, "params": {"colsample_bytree": 0.34717087755562065, "eta": 0.012738192218821671, "gamma": 597.7451381417351, "max_depth": 3.0, "min_child_weight": 4499.548365794894, "num_boost_round": 26.0, "subsample": 0.9571266976705931}, "datetime": {"datetime": "2024-01-20 15:01:38", "elapsed": 2265.9769, "delta": 0.002738}}
{"target": -19.14330188006846, "params": {"colsample_bytree": 0.34717087755562065, "eta": 0.012738192218821671, "gamma": 597.7451381417351, "max_depth": 3.0, "min_child_weight": 4499.548365794894, "num_boost_round": 27.0, "subsample": 0.9571266976705931}, "datetime": {"datetime": "2024-01-20 15:01:38", "elapsed": 2265.979551, "delta": 0.002651}}
{"target": -19.14335547063494, "params": {"colsample_bytree": 0.34717087755562065, "eta": 0.012738192218821671, "gamma": 597.7451381417351, "max_depth": 3.0, "min_child_weight": 4499.548365794894, "num_boost_round": 28.0, "subsample": 0.9571266976705931}, "datetime": {"datetime": "2024-01-20 15:01:38", "elapsed": 2265.982232, "delta": 0.002681}}
{"target": -19.143268884350153, "params": {"colsample_bytree": 0.3048236530727675, "eta": 0.03967604284121139, "gamma": 553.420973400385, "max_depth": 9.0, "min_child_weight": 4541.291954040424, "num_boost_round": 1.0, "subsample": 0.9019973054321027}, "datetime": {"datetime": "2024-01-20 15:02:05", "elapsed": 2293.178138, "delta": 27.195906}}
{"target": -19.14347803599582, "params": {"colsample_bytree": 0.3048236530727675, "eta": 0.03967604284121139, "gamma": 553.420973400385, "max_depth": 9.0, "min_child_weight": 4541.291954040424, "num_boost_round": 2.0, "subsample": 0.9019973054321027}, "datetime": {"datetime": "2024-01-20 15:02:05", "elapsed": 2293.18266, "delta": 0.004522}}
{"target": -19.143572111070007, "params": {"colsample_bytree": 0.3048236530727675, "eta": 0.03967604284121139, "gamma": 553.420973400385, "max_depth": 9.0, "min_child_weight": 4541.291954040424, "num_boost_round": 3.0, "subsample": 0.9019973054321027}, "datetime": {"datetime": "2024-01-20 15:02:05", "elapsed": 2293.18563, "delta": 0.00297}}
{"target": -19.143326388057947, "params": {"colsample_bytree": 0.3048236530727675, "eta": 0.03967604284121139, "gamma": 553.420973400385, "max_depth": 9.0, "min_child_weight": 4541.291954040424, "num_boost_round": 4.0, "subsample": 0.9019973054321027}, "datetime": {"datetime": "2024-01-20 15:02:05", "elapsed": 2293.188588, "delta": 0.002958}}
{"target": -19.14356677217701, "params": {"colsample_bytree": 0.3048236530727675, "eta": 0.03967604284121139, "gamma": 553.420973400385, "max_depth": 9.0, "min_child_weight": 4541.291954040424, "num_boost_round": 5.0, "subsample": 0.9019973054321027}, "datetime": {"datetime": "2024-01-20 15:02:05", "elapsed": 2293.191349, "delta": 0.002761}}
{"target": -19.14310005605771, "params": {"colsample_bytree": 0.9522513239852022, "eta": 0.02552713992372069, "gamma": 494.0360225820175, "max_depth": 5.0, "min_child_weight": 4375.21941103959, "num_boost_round": 1.0, "subsample": 0.21503971786952727}, "datetime": {"datetime": "2024-01-20 15:02:52", "elapsed": 2340.000307, "delta": 46.808958}}
{"target": -19.14302405711483, "params": {"colsample_bytree": 0.9522513239852022, "eta": 0.02552713992372069, "gamma": 494.0360225820175, "max_depth": 5.0, "min_child_weight": 4375.21941103959, "num_boost_round": 2.0, "subsample": 0.21503971786952727}, "datetime": {"datetime": "2024-01-20 15:02:52", "elapsed": 2340.00503, "delta": 0.004723}}
{"target": -19.14304906298363, "params": {"colsample_bytree": 0.9522513239852022, "eta": 0.02552713992372069, "gamma": 494.0360225820175, "max_depth": 5.0, "min_child_weight": 4375.21941103959, "num_boost_round": 3.0, "subsample": 0.21503971786952727}, "datetime": {"datetime": "2024-01-20 15:02:52", "elapsed": 2340.00813, "delta": 0.0031}}
{"target": -19.14295740332091, "params": {"colsample_bytree": 0.9522513239852022, "eta": 0.02552713992372069, "gamma": 494.0360225820175, "max_depth": 5.0, "min_child_weight": 4375.21941103959, "num_boost_round": 4.0, "subsample": 0.21503971786952727}, "datetime": {"datetime": "2024-01-20 15:02:52", "elapsed": 2340.010872, "delta": 0.002742}}
{"target": -19.142908734166312, "params": {"colsample_bytree": 0.9522513239852022, "eta": 0.02552713992372069, "gamma": 494.0360225820175, "max_depth": 5.0, "min_child_weight": 4375.21941103959, "num_boost_round": 5.0, "subsample": 0.21503971786952727}, "datetime": {"datetime": "2024-01-20 15:02:52", "elapsed": 2340.013599, "delta": 0.002727}}
{"target": -19.142912621743257, "params": {"colsample_bytree": 0.9522513239852022, "eta": 0.02552713992372069, "gamma": 494.0360225820175, "max_depth": 5.0, "min_child_weight": 4375.21941103959, "num_boost_round": 6.0, "subsample": 0.21503971786952727}, "datetime": {"datetime": "2024-01-20 15:02:52", "elapsed": 2340.016573, "delta": 0.002974}}
{"target": -19.14280535921493, "params": {"colsample_bytree": 0.9522513239852022, "eta": 0.02552713992372069, "gamma": 494.0360225820175, "max_depth": 5.0, "min_child_weight": 4375.21941103959, "num_boost_round": 7.0, "subsample": 0.21503971786952727}, "datetime": {"datetime": "2024-01-20 15:02:52", "elapsed": 2340.019422, "delta": 0.002849}}
{"target": -19.142759252597514, "params": {"colsample_bytree": 0.9522513239852022, "eta": 0.02552713992372069, "gamma": 494.0360225820175, "max_depth": 5.0, "min_child_weight": 4375.21941103959, "num_boost_round": 8.0, "subsample": 0.21503971786952727}, "datetime": {"datetime": "2024-01-20 15:02:52", "elapsed": 2340.022139, "delta": 0.002717}}
{"target": -19.142675978776133, "params": {"colsample_bytree": 0.9522513239852022, "eta": 0.02552713992372069, "gamma": 494.0360225820175, "max_depth": 5.0, "min_child_weight": 4375.21941103959, "num_boost_round": 9.0, "subsample": 0.21503971786952727}, "datetime": {"datetime": "2024-01-20 15:02:52", "elapsed": 2340.024907, "delta": 0.002768}}
{"target": -19.14263550039999, "params": {"colsample_bytree": 0.9522513239852022, "eta": 0.02552713992372069, "gamma": 494.0360225820175, "max_depth": 5.0, "min_child_weight": 4375.21941103959, "num_boost_round": 10.0, "subsample": 0.21503971786952727}, "datetime": {"datetime": "2024-01-20 15:02:52", "elapsed": 2340.027705, "delta": 0.002798}}
{"target": -19.142764477667107, "params": {"colsample_bytree": 0.9522513239852022, "eta": 0.02552713992372069, "gamma": 494.0360225820175, "max_depth": 5.0, "min_child_weight": 4375.21941103959, "num_boost_round": 11.0, "subsample": 0.21503971786952727}, "datetime": {"datetime": "2024-01-20 15:02:52", "elapsed": 2340.030387, "delta": 0.002682}}
{"target": -19.142689131608478, "params": {"colsample_bytree": 0.9522513239852022, "eta": 0.02552713992372069, "gamma": 494.0360225820175, "max_depth": 5.0, "min_child_weight": 4375.21941103959, "num_boost_round": 12.0, "subsample": 0.21503971786952727}, "datetime": {"datetime": "2024-01-20 15:02:52", "elapsed": 2340.033056, "delta": 0.002669}}
{"target": -19.14277765221894, "params": {"colsample_bytree": 0.9522513239852022, "eta": 0.02552713992372069, "gamma": 494.0360225820175, "max_depth": 5.0, "min_child_weight": 4375.21941103959, "num_boost_round": 13.0, "subsample": 0.21503971786952727}, "datetime": {"datetime": "2024-01-20 15:02:52", "elapsed": 2340.03579, "delta": 0.002734}}
{"target": -19.142817790441516, "params": {"colsample_bytree": 0.9522513239852022, "eta": 0.02552713992372069, "gamma": 494.0360225820175, "max_depth": 5.0, "min_child_weight": 4375.21941103959, "num_boost_round": 14.0, "subsample": 0.21503971786952727}, "datetime": {"datetime": "2024-01-20 15:02:52", "elapsed": 2340.038527, "delta": 0.002737}}
{"target": -19.14275473512192, "params": {"colsample_bytree": 0.9522513239852022, "eta": 0.02552713992372069, "gamma": 494.0360225820175, "max_depth": 5.0, "min_child_weight": 4375.21941103959, "num_boost_round": 15.0, "subsample": 0.21503971786952727}, "datetime": {"datetime": "2024-01-20 15:02:52", "elapsed": 2340.041215, "delta": 0.002688}}
{"target": -19.142794614877126, "params": {"colsample_bytree": 0.9522513239852022, "eta": 0.02552713992372069, "gamma": 494.0360225820175, "max_depth": 5.0, "min_child_weight": 4375.21941103959, "num_boost_round": 16.0, "subsample": 0.21503971786952727}, "datetime": {"datetime": "2024-01-20 15:02:52", "elapsed": 2340.043944, "delta": 0.002729}}
{"target": -19.14283672405506, "params": {"colsample_bytree": 0.9522513239852022, "eta": 0.02552713992372069, "gamma": 494.0360225820175, "max_depth": 5.0, "min_child_weight": 4375.21941103959, "num_boost_round": 17.0, "subsample": 0.21503971786952727}, "datetime": {"datetime": "2024-01-20 15:02:52", "elapsed": 2340.046711, "delta": 0.002767}}
{"target": -19.142867441959424, "params": {"colsample_bytree": 0.9522513239852022, "eta": 0.02552713992372069, "gamma": 494.0360225820175, "max_depth": 5.0, "min_child_weight": 4375.21941103959, "num_boost_round": 18.0, "subsample": 0.21503971786952727}, "datetime": {"datetime": "2024-01-20 15:02:52", "elapsed": 2340.049397, "delta": 0.002686}}
{"target": -19.142989679050284, "params": {"colsample_bytree": 0.9522513239852022, "eta": 0.02552713992372069, "gamma": 494.0360225820175, "max_depth": 5.0, "min_child_weight": 4375.21941103959, "num_boost_round": 19.0, "subsample": 0.21503971786952727}, "datetime": {"datetime": "2024-01-20 15:02:52", "elapsed": 2340.052077, "delta": 0.00268}}
{"target": -19.143020094580844, "params": {"colsample_bytree": 0.9522513239852022, "eta": 0.02552713992372069, "gamma": 494.0360225820175, "max_depth": 5.0, "min_child_weight": 4375.21941103959, "num_boost_round": 20.0, "subsample": 0.21503971786952727}, "datetime": {"datetime": "2024-01-20 15:02:52", "elapsed": 2340.054812, "delta": 0.002735}}
{"target": -19.14324541839228, "params": {"colsample_bytree": 0.9522513239852022, "eta": 0.02552713992372069, "gamma": 494.0360225820175, "max_depth": 5.0, "min_child_weight": 4375.21941103959, "num_boost_round": 21.0, "subsample": 0.21503971786952727}, "datetime": {"datetime": "2024-01-20 15:02:52", "elapsed": 2340.05754, "delta": 0.002728}}
{"target": -19.143328133187353, "params": {"colsample_bytree": 0.9522513239852022, "eta": 0.02552713992372069, "gamma": 494.0360225820175, "max_depth": 5.0, "min_child_weight": 4375.21941103959, "num_boost_round": 22.0, "subsample": 0.21503971786952727}, "datetime": {"datetime": "2024-01-20 15:02:52", "elapsed": 2340.060279, "delta": 0.002739}}
{"target": -19.14338033762187, "params": {"colsample_bytree": 0.9522513239852022, "eta": 0.02552713992372069, "gamma": 494.0360225820175, "max_depth": 5.0, "min_child_weight": 4375.21941103959, "num_boost_round": 23.0, "subsample": 0.21503971786952727}, "datetime": {"datetime": "2024-01-20 15:02:52", "elapsed": 2340.063151, "delta": 0.002872}}
{"target": -19.143557670490225, "params": {"colsample_bytree": 0.9522513239852022, "eta": 0.02552713992372069, "gamma": 494.0360225820175, "max_depth": 5.0, "min_child_weight": 4375.21941103959, "num_boost_round": 24.0, "subsample": 0.21503971786952727}, "datetime": {"datetime": "2024-01-20 15:02:52", "elapsed": 2340.065863, "delta": 0.002712}}
{"target": -19.143669282652525, "params": {"colsample_bytree": 0.9522513239852022, "eta": 0.02552713992372069, "gamma": 494.0360225820175, "max_depth": 5.0, "min_child_weight": 4375.21941103959, "num_boost_round": 25.0, "subsample": 0.21503971786952727}, "datetime": {"datetime": "2024-01-20 15:02:52", "elapsed": 2340.068886, "delta": 0.003023}}
{"target": -19.143744060621756, "params": {"colsample_bytree": 0.9522513239852022, "eta": 0.02552713992372069, "gamma": 494.0360225820175, "max_depth": 5.0, "min_child_weight": 4375.21941103959, "num_boost_round": 26.0, "subsample": 0.21503971786952727}, "datetime": {"datetime": "2024-01-20 15:02:52", "elapsed": 2340.071695, "delta": 0.002809}}
{"target": -19.143767145558687, "params": {"colsample_bytree": 0.9522513239852022, "eta": 0.02552713992372069, "gamma": 494.0360225820175, "max_depth": 5.0, "min_child_weight": 4375.21941103959, "num_boost_round": 27.0, "subsample": 0.21503971786952727}, "datetime": {"datetime": "2024-01-20 15:02:52", "elapsed": 2340.074427, "delta": 0.002732}}
{"target": -19.14383097984096, "params": {"colsample_bytree": 0.9522513239852022, "eta": 0.02552713992372069, "gamma": 494.0360225820175, "max_depth": 5.0, "min_child_weight": 4375.21941103959, "num_boost_round": 28.0, "subsample": 0.21503971786952727}, "datetime": {"datetime": "2024-01-20 15:02:52", "elapsed": 2340.077163, "delta": 0.002736}}
{"target": -19.143368294388075, "params": {"colsample_bytree": 0.4350379884021859, "eta": 0.03643174663439798, "gamma": 608.5610197435672, "max_depth": 8.0, "min_child_weight": 4557.947735451475, "num_boost_round": 1.0, "subsample": 0.7172089408348906}, "datetime": {"datetime": "2024-01-20 15:04:14", "elapsed": 2422.310661, "delta": 82.233498}}
{"target": -19.143406191155613, "params": {"colsample_bytree": 0.4350379884021859, "eta": 0.03643174663439798, "gamma": 608.5610197435672, "max_depth": 8.0, "min_child_weight": 4557.947735451475, "num_boost_round": 2.0, "subsample": 0.7172089408348906}, "datetime": {"datetime": "2024-01-20 15:04:14", "elapsed": 2422.340134, "delta": 0.029473}}
{"target": -19.143583561466052, "params": {"colsample_bytree": 0.4350379884021859, "eta": 0.03643174663439798, "gamma": 608.5610197435672, "max_depth": 8.0, "min_child_weight": 4557.947735451475, "num_boost_round": 3.0, "subsample": 0.7172089408348906}, "datetime": {"datetime": "2024-01-20 15:04:14", "elapsed": 2422.344379, "delta": 0.004245}}
{"target": -19.14323217389568, "params": {"colsample_bytree": 0.4350379884021859, "eta": 0.03643174663439798, "gamma": 608.5610197435672, "max_depth": 8.0, "min_child_weight": 4557.947735451475, "num_boost_round": 4.0, "subsample": 0.7172089408348906}, "datetime": {"datetime": "2024-01-20 15:04:14", "elapsed": 2422.347734, "delta": 0.003355}}
{"target": -19.143964544011737, "params": {"colsample_bytree": 0.4350379884021859, "eta": 0.03643174663439798, "gamma": 608.5610197435672, "max_depth": 8.0, "min_child_weight": 4557.947735451475, "num_boost_round": 5.0, "subsample": 0.7172089408348906}, "datetime": {"datetime": "2024-01-20 15:04:14", "elapsed": 2422.352826, "delta": 0.005092}}
{"target": -19.143609583537632, "params": {"colsample_bytree": 0.4350379884021859, "eta": 0.03643174663439798, "gamma": 608.5610197435672, "max_depth": 8.0, "min_child_weight": 4557.947735451475, "num_boost_round": 6.0, "subsample": 0.7172089408348906}, "datetime": {"datetime": "2024-01-20 15:04:14", "elapsed": 2422.355948, "delta": 0.003122}}
{"target": -19.143891563707466, "params": {"colsample_bytree": 0.4350379884021859, "eta": 0.03643174663439798, "gamma": 608.5610197435672, "max_depth": 8.0, "min_child_weight": 4557.947735451475, "num_boost_round": 7.0, "subsample": 0.7172089408348906}, "datetime": {"datetime": "2024-01-20 15:04:14", "elapsed": 2422.359209, "delta": 0.003261}}
{"target": -19.14419022684404, "params": {"colsample_bytree": 0.4350379884021859, "eta": 0.03643174663439798, "gamma": 608.5610197435672, "max_depth": 8.0, "min_child_weight": 4557.947735451475, "num_boost_round": 8.0, "subsample": 0.7172089408348906}, "datetime": {"datetime": "2024-01-20 15:04:14", "elapsed": 2422.362967, "delta": 0.003758}}
{"target": -19.1440386332145, "params": {"colsample_bytree": 0.4350379884021859, "eta": 0.03643174663439798, "gamma": 608.5610197435672, "max_depth": 8.0, "min_child_weight": 4557.947735451475, "num_boost_round": 9.0, "subsample": 0.7172089408348906}, "datetime": {"datetime": "2024-01-20 15:04:14", "elapsed": 2422.366401, "delta": 0.003434}}
{"target": -19.144157310504344, "params": {"colsample_bytree": 0.4350379884021859, "eta": 0.03643174663439798, "gamma": 608.5610197435672, "max_depth": 8.0, "min_child_weight": 4557.947735451475, "num_boost_round": 10.0, "subsample": 0.7172089408348906}, "datetime": {"datetime": "2024-01-20 15:04:14", "elapsed": 2422.372971, "delta": 0.00657}}
{"target": -19.144144760171553, "params": {"colsample_bytree": 0.4350379884021859, "eta": 0.03643174663439798, "gamma": 608.5610197435672, "max_depth": 8.0, "min_child_weight": 4557.947735451475, "num_boost_round": 11.0, "subsample": 0.7172089408348906}, "datetime": {"datetime": "2024-01-20 15:04:14", "elapsed": 2422.376632, "delta": 0.003661}}
{"target": -19.144427018089743, "params": {"colsample_bytree": 0.4350379884021859, "eta": 0.03643174663439798, "gamma": 608.5610197435672, "max_depth": 8.0, "min_child_weight": 4557.947735451475, "num_boost_round": 12.0, "subsample": 0.7172089408348906}, "datetime": {"datetime": "2024-01-20 15:04:14", "elapsed": 2422.380263, "delta": 0.003631}}
{"target": -19.144643106776954, "params": {"colsample_bytree": 0.4350379884021859, "eta": 0.03643174663439798, "gamma": 608.5610197435672, "max_depth": 8.0, "min_child_weight": 4557.947735451475, "num_boost_round": 13.0, "subsample": 0.7172089408348906}, "datetime": {"datetime": "2024-01-20 15:04:14", "elapsed": 2422.383792, "delta": 0.003529}}
{"target": -19.1450553697315, "params": {"colsample_bytree": 0.4350379884021859, "eta": 0.03643174663439798, "gamma": 608.5610197435672, "max_depth": 8.0, "min_child_weight": 4557.947735451475, "num_boost_round": 14.0, "subsample": 0.7172089408348906}, "datetime": {"datetime": "2024-01-20 15:04:14", "elapsed": 2422.387197, "delta": 0.003405}}
{"target": -19.14575546907158, "params": {"colsample_bytree": 0.4350379884021859, "eta": 0.03643174663439798, "gamma": 608.5610197435672, "max_depth": 8.0, "min_child_weight": 4557.947735451475, "num_boost_round": 15.0, "subsample": 0.7172089408348906}, "datetime": {"datetime": "2024-01-20 15:04:14", "elapsed": 2422.410883, "delta": 0.023686}}
{"target": -19.145679296789936, "params": {"colsample_bytree": 0.4350379884021859, "eta": 0.03643174663439798, "gamma": 608.5610197435672, "max_depth": 8.0, "min_child_weight": 4557.947735451475, "num_boost_round": 16.0, "subsample": 0.7172089408348906}, "datetime": {"datetime": "2024-01-20 15:04:14", "elapsed": 2422.414493, "delta": 0.00361}}
{"target": -19.145957128152368, "params": {"colsample_bytree": 0.4350379884021859, "eta": 0.03643174663439798, "gamma": 608.5610197435672, "max_depth": 8.0, "min_child_weight": 4557.947735451475, "num_boost_round": 17.0, "subsample": 0.7172089408348906}, "datetime": {"datetime": "2024-01-20 15:04:14", "elapsed": 2422.417958, "delta": 0.003465}}
{"target": -19.146346426885884, "params": {"colsample_bytree": 0.4350379884021859, "eta": 0.03643174663439798, "gamma": 608.5610197435672, "max_depth": 8.0, "min_child_weight": 4557.947735451475, "num_boost_round": 18.0, "subsample": 0.7172089408348906}, "datetime": {"datetime": "2024-01-20 15:04:14", "elapsed": 2422.421282, "delta": 0.003324}}
{"target": -19.146746079110052, "params": {"colsample_bytree": 0.4350379884021859, "eta": 0.03643174663439798, "gamma": 608.5610197435672, "max_depth": 8.0, "min_child_weight": 4557.947735451475, "num_boost_round": 19.0, "subsample": 0.7172089408348906}, "datetime": {"datetime": "2024-01-20 15:04:14", "elapsed": 2422.424771, "delta": 0.003489}}
{"target": -19.147174082071402, "params": {"colsample_bytree": 0.4350379884021859, "eta": 0.03643174663439798, "gamma": 608.5610197435672, "max_depth": 8.0, "min_child_weight": 4557.947735451475, "num_boost_round": 20.0, "subsample": 0.7172089408348906}, "datetime": {"datetime": "2024-01-20 15:04:14", "elapsed": 2422.428117, "delta": 0.003346}}
{"target": -19.147490621262047, "params": {"colsample_bytree": 0.4350379884021859, "eta": 0.03643174663439798, "gamma": 608.5610197435672, "max_depth": 8.0, "min_child_weight": 4557.947735451475, "num_boost_round": 21.0, "subsample": 0.7172089408348906}, "datetime": {"datetime": "2024-01-20 15:04:14", "elapsed": 2422.431429, "delta": 0.003312}}
{"target": -19.147885417667602, "params": {"colsample_bytree": 0.4350379884021859, "eta": 0.03643174663439798, "gamma": 608.5610197435672, "max_depth": 8.0, "min_child_weight": 4557.947735451475, "num_boost_round": 22.0, "subsample": 0.7172089408348906}, "datetime": {"datetime": "2024-01-20 15:04:14", "elapsed": 2422.434856, "delta": 0.003427}}
