{"target": -15.158564108645749, "params": {"colsample_bytree": 0.24397747940982262, "eta": 0.07865784560078493, "gamma": 578.6515844979787, "max_depth": 3.0, "min_child_weight": 4188.389151707304, "num_boost_round": 22.0, "subsample": 0.16910211052454488}, "datetime": {"datetime": "2024-01-20 14:58:25", "elapsed": 2063.323675, "delta": 0.00311}}
{"target": -15.158518362346427, "params": {"colsample_bytree": 0.24397747940982262, "eta": 0.07865784560078493, "gamma": 578.6515844979787, "max_depth": 3.0, "min_child_weight": 4188.389151707304, "num_boost_round": 23.0, "subsample": 0.16910211052454488}, "datetime": {"datetime": "2024-01-20 14:58:25", "elapsed": 2063.326736, "delta": 0.003061}}
{"target": -15.158548269765943, "params": {"colsample_bytree": 0.24397747940982262, "eta": 0.07865784560078493, "gamma": 578.6515844979787, "max_depth": 3.0, "min_child_weight": 4188.389151707304, "num_boost_round": 24.0, "subsample": 0.16910211052454488}, "datetime": {"datetime": "2024-01-20 14:58:25", "elapsed": 2063.329817, "delta": 0.003081}}
{"target": -15.15868486792195, "params": {"colsample_bytree": 0.24397747940982262, "eta": 0.07865784560078493, "gamma": 578.6515844979787, "max_depth": 3.0, "min_child_weight": 4188.389151707304, "num_boost_round": 25.0, "subsample": 0.16910211052454488}, "datetime": {"datetime": "2024-01-20 14:58:25", "elapsed": 2063.337572, "delta": 0.007755}}
{"target": -15.15873381063076, "params": {"colsample_bytree": 0.24397747940982262, "eta": 0.07865784560078493, "gamma": 578.6515844979787, "max_depth": 3.0, "min_child_weight": 4188.389151707304, "num_boost_round": 26.0, "subsample": 0.16910211052454488}, "datetime": {"datetime": "2024-01-20 14:58:25", "elapsed": 2063.340676, "delta": 0.003104}}
{"target": -15.158778083340636, "params": {"colsample_bytree": 0.24397747940982262, "eta": 0.07865784560078493, "gamma": 578.6515844979787, "max_depth": 3.0, "min_child_weight": 4188.389151707304, "num_boost_round": 27.0, "subsample": 0.16910211052454488}, "datetime": {"datetime": "2024-01-20 14:58:25", "elapsed": 2063.343696, "delta": 0.00302}}
{"target": -15.15883539814811, "params": {"colsample_bytree": 0.24397747940982262, "eta": 0.07865784560078493, "gamma": 578.6515844979787, "max_depth": 3.0, "min_child_weight": 4188.389151707304, "num_boost_round": 28.0, "subsample": 0.16910211052454488}, "datetime": {"datetime": "2024-01-20 14:58:25", "elapsed": 2063.346758, "delta": 0.003062}}
{"target": -15.158854150562798, "params": {"colsample_bytree": 0.24397747940982262, "eta": 0.07865784560078493, "gamma": 578.6515844979787, "max_depth": 3.0, "min_child_weight": 4188.389151707304, "num_boost_round": 29.0, "subsample": 0.16910211052454488}, "datetime": {"datetime": "2024-01-20 14:58:25", "elapsed": 2063.349778, "delta": 0.00302}}
{"target": -15.158672182642839, "params": {"colsample_bytree": 0.24397747940982262, "eta": 0.07865784560078493, "gamma": 578.6515844979787, "max_depth": 3.0, "min_child_weight": 4188.389151707304, "num_boost_round": 30.0, "subsample": 0.16910211052454488}, "datetime": {"datetime": "2024-01-20 14:58:25", "elapsed": 2063.352932, "delta": 0.003154}}
{"target": -15.159187203541164, "params": {"colsample_bytree": 0.24397747940982262, "eta": 0.07865784560078493, "gamma": 578.6515844979787, "max_depth": 3.0, "min_child_weight": 4188.389151707304, "num_boost_round": 31.0, "subsample": 0.16910211052454488}, "datetime": {"datetime": "2024-01-20 14:58:25", "elapsed": 2063.355991, "delta": 0.003059}}
{"target": -15.159254622375084, "params": {"colsample_bytree": 0.24397747940982262, "eta": 0.07865784560078493, "gamma": 578.6515844979787, "max_depth": 3.0, "min_child_weight": 4188.389151707304, "num_boost_round": 32.0, "subsample": 0.16910211052454488}, "datetime": {"datetime": "2024-01-20 14:58:25", "elapsed": 2063.359106, "delta": 0.003115}}
{"target": -15.158888362587104, "params": {"colsample_bytree": 0.24397747940982262, "eta": 0.07865784560078493, "gamma": 578.6515844979787, "max_depth": 3.0, "min_child_weight": 4188.389151707304, "num_boost_round": 33.0, "subsample": 0.16910211052454488}, "datetime": {"datetime": "2024-01-20 14:58:25", "elapsed": 2063.362137, "delta": 0.003031}}
{"target": -15.15894612548504, "params": {"colsample_bytree": 0.24397747940982262, "eta": 0.07865784560078493, "gamma": 578.6515844979787, "max_depth": 3.0, "min_child_weight": 4188.389151707304, "num_boost_round": 34.0, "subsample": 0.16910211052454488}, "datetime": {"datetime": "2024-01-20 14:58:25", "elapsed": 2063.365231, "delta": 0.003094}}
{"target": -15.158895760199211, "params": {"colsample_bytree": 0.24397747940982262, "eta": 0.07865784560078493, "gamma": 578.6515844979787, "max_depth": 3.0, "min_child_weight": 4188.389151707304, "num_boost_round": 35.0, "subsample": 0.16910211052454488}, "datetime": {"datetime": "2024-01-20 14:58:25", "elapsed": 2063.368299, "delta": 0.003068}}
{"target": -15.158995312633511, "params": {"colsample_bytree": 0.24397747940982262, "eta": 0.07865784560078493, "gamma": 578.6515844979787, "max_depth": 3.0, "min_child_weight": 4188.389151707304, "num_boost_round": 36.0, "subsample": 0.16910211052454488}, "datetime": {"datetime": "2024-01-20 14:58:25", "elapsed": 2063.371397, "delta": 0.003098}}
{"target": -15.158547423832763, "params": {"colsample_bytree": 0.24397747940982262, "eta": 0.07865784560078493, "gamma": 578.6515844979787, "max_depth": 3.0, "min_child_weight": 4188.389151707304, "num_boost_round": 37.0, "subsample": 0.16910211052454488}, "datetime": {"datetime": "2024-01-20 14:58:25", "elapsed": 2063.374456, "delta": 0.003059}}
{"target": -15.158591702054341, "params": {"colsample_bytree": 0.24397747940982262, "eta": 0.07865784560078493, "gamma": 578.6515844979787, "max_depth": 3.0, "min_child_weight": 4188.389151707304, "num_boost_round": 38.0, "subsample": 0.16910211052454488}, "datetime": {"datetime": "2024-01-20 14:58:25", "elapsed": 2063.377566, "delta": 0.00311}}
{"target": -15.158563629229462, "params": {"colsample_bytree": 0.24397747940982262, "eta": 0.07865784560078493, "gamma": 578.6515844979787, "max_depth": 3.0, "min_child_weight": 4188.389151707304, "num_boost_round": 39.0, "subsample": 0.16910211052454488}, "datetime": {"datetime": "2024-01-20 14:58:25", "elapsed": 2063.380645, "delta": 0.003079}}
{"target": -15.158667959175542, "params": {"colsample_bytree": 0.24397747940982262, "eta": 0.07865784560078493, "gamma": 578.6515844979787, "max_depth": 3.0, "min_child_weight": 4188.389151707304, "num_boost_round": 40.0, "subsample": 0.16910211052454488}, "datetime": {"datetime": "2024-01-20 14:58:25", "elapsed": 2063.38377, "delta": 0.003125}}
{"target": -15.158785106873866, "params": {"colsample_bytree": 0.24397747940982262, "eta": 0.07865784560078493, "gamma": 578.6515844979787, "max_depth": 3.0, "min_child_weight": 4188.389151707304, "num_boost_round": 41.0, "subsample": 0.16910211052454488}, "datetime": {"datetime": "2024-01-20 14:58:25", "elapsed": 2063.38683, "delta": 0.00306}}
{"target": -15.158707587446804, "params": {"colsample_bytree": 0.24397747940982262, "eta": 0.07865784560078493, "gamma": 578.6515844979787, "max_depth": 3.0, "min_child_weight": 4188.389151707304, "num_boost_round": 42.0, "subsample": 0.16910211052454488}, "datetime": {"datetime": "2024-01-20 14:58:25", "elapsed": 2063.389977, "delta": 0.003147}}
{"target": -15.158684610028796, "params": {"colsample_bytree": 0.24397747940982262, "eta": 0.07865784560078493, "gamma": 578.6515844979787, "max_depth": 3.0, "min_child_weight": 4188.389151707304, "num_boost_round": 43.0, "subsample": 0.16910211052454488}, "datetime": {"datetime": "2024-01-20 14:58:25", "elapsed": 2063.393047, "delta": 0.00307}}
{"target": -15.171989261578043, "params": {"colsample_bytree": 0.2515257246381187, "eta": 0.031099187225687473, "gamma": 426.8647794290791, "max_depth": 5.0, "min_child_weight": 4399.787801394744, "num_boost_round": 1.0, "subsample": 0.45929582811666636}, "datetime": {"datetime": "2024-01-20 14:59:15", "elapsed": 2112.861637, "delta": 49.46859}}
{"target": -15.170792381481183, "params": {"colsample_bytree": 0.2515257246381187, "eta": 0.031099187225687473, "gamma": 426.8647794290791, "max_depth": 5.0, "min_child_weight": 4399.787801394744, "num_boost_round": 2.0, "subsample": 0.45929582811666636}, "datetime": {"datetime": "2024-01-20 14:59:15", "elapsed": 2112.866255, "delta": 0.004618}}
{"target": -15.169883471483613, "params": {"colsample_bytree": 0.2515257246381187, "eta": 0.031099187225687473, "gamma": 426.8647794290791, "max_depth": 5.0, "min_child_weight": 4399.787801394744, "num_boost_round": 3.0, "subsample": 0.45929582811666636}, "datetime": {"datetime": "2024-01-20 14:59:15", "elapsed": 2112.869366, "delta": 0.003111}}
{"target": -15.169887398711582, "params": {"colsample_bytree": 0.2515257246381187, "eta": 0.031099187225687473, "gamma": 426.8647794290791, "max_depth": 5.0, "min_child_weight": 4399.787801394744, "num_boost_round": 4.0, "subsample": 0.45929582811666636}, "datetime": {"datetime": "2024-01-20 14:59:15", "elapsed": 2112.8726, "delta": 0.003234}}
{"target": -15.168736831457757, "params": {"colsample_bytree": 0.2515257246381187, "eta": 0.031099187225687473, "gamma": 426.8647794290791, "max_depth": 5.0, "min_child_weight": 4399.787801394744, "num_boost_round": 5.0, "subsample": 0.45929582811666636}, "datetime": {"datetime": "2024-01-20 14:59:15", "elapsed": 2112.875651, "delta": 0.003051}}
{"target": -15.167829272381194, "params": {"colsample_bytree": 0.2515257246381187, "eta": 0.031099187225687473, "gamma": 426.8647794290791, "max_depth": 5.0, "min_child_weight": 4399.787801394744, "num_boost_round": 6.0, "subsample": 0.45929582811666636}, "datetime": {"datetime": "2024-01-20 14:59:15", "elapsed": 2112.878635, "delta": 0.002984}}
{"target": -15.167150664539854, "params": {"colsample_bytree": 0.2515257246381187, "eta": 0.031099187225687473, "gamma": 426.8647794290791, "max_depth": 5.0, "min_child_weight": 4399.787801394744, "num_boost_round": 7.0, "subsample": 0.45929582811666636}, "datetime": {"datetime": "2024-01-20 14:59:15", "elapsed": 2112.881658, "delta": 0.003023}}
{"target": -15.165880806570431, "params": {"colsample_bytree": 0.2515257246381187, "eta": 0.031099187225687473, "gamma": 426.8647794290791, "max_depth": 5.0, "min_child_weight": 4399.787801394744, "num_boost_round": 8.0, "subsample": 0.45929582811666636}, "datetime": {"datetime": "2024-01-20 14:59:15", "elapsed": 2112.884589, "delta": 0.002931}}
{"target": -15.165885382572327, "params": {"colsample_bytree": 0.2515257246381187, "eta": 0.031099187225687473, "gamma": 426.8647794290791, "max_depth": 5.0, "min_child_weight": 4399.787801394744, "num_boost_round": 9.0, "subsample": 0.45929582811666636}, "datetime": {"datetime": "2024-01-20 14:59:15", "elapsed": 2112.887522, "delta": 0.002933}}
{"target": -15.165246942243417, "params": {"colsample_bytree": 0.2515257246381187, "eta": 0.031099187225687473, "gamma": 426.8647794290791, "max_depth": 5.0, "min_child_weight": 4399.787801394744, "num_boost_round": 10.0, "subsample": 0.45929582811666636}, "datetime": {"datetime": "2024-01-20 14:59:15", "elapsed": 2112.890427, "delta": 0.002905}}
{"target": -15.165191940246004, "params": {"colsample_bytree": 0.2515257246381187, "eta": 0.031099187225687473, "gamma": 426.8647794290791, "max_depth": 5.0, "min_child_weight": 4399.787801394744, "num_boost_round": 11.0, "subsample": 0.45929582811666636}, "datetime": {"datetime": "2024-01-20 14:59:15", "elapsed": 2112.89356, "delta": 0.003133}}
{"target": -15.16529494139981, "params": {"colsample_bytree": 0.2515257246381187, "eta": 0.031099187225687473, "gamma": 426.8647794290791, "max_depth": 5.0, "min_child_weight": 4399.787801394744, "num_boost_round": 12.0, "subsample": 0.45929582811666636}, "datetime": {"datetime": "2024-01-20 14:59:15", "elapsed": 2112.897199, "delta": 0.003639}}
{"target": -15.165181963284052, "params": {"colsample_bytree": 0.2515257246381187, "eta": 0.031099187225687473, "gamma": 426.8647794290791, "max_depth": 5.0, "min_child_weight": 4399.787801394744, "num_boost_round": 13.0, "subsample": 0.45929582811666636}, "datetime": {"datetime": "2024-01-20 14:59:15", "elapsed": 2112.900352, "delta": 0.003153}}
{"target": -15.165153995692808, "params": {"colsample_bytree": 0.2515257246381187, "eta": 0.031099187225687473, "gamma": 426.8647794290791, "max_depth": 5.0, "min_child_weight": 4399.787801394744, "num_boost_round": 14.0, "subsample": 0.45929582811666636}, "datetime": {"datetime": "2024-01-20 14:59:15", "elapsed": 2112.903255, "delta": 0.002903}}
{"target": -15.164940215215356, "params": {"colsample_bytree": 0.2515257246381187, "eta": 0.031099187225687473, "gamma": 426.8647794290791, "max_depth": 5.0, "min_child_weight": 4399.787801394744, "num_boost_round": 15.0, "subsample": 0.45929582811666636}, "datetime": {"datetime": "2024-01-20 14:59:15", "elapsed": 2112.906127, "delta": 0.002872}}
{"target": -15.164445008725636, "params": {"colsample_bytree": 0.2515257246381187, "eta": 0.031099187225687473, "gamma": 426.8647794290791, "max_depth": 5.0, "min_child_weight": 4399.787801394744, "num_boost_round": 16.0, "subsample": 0.45929582811666636}, "datetime": {"datetime": "2024-01-20 14:59:15", "elapsed": 2112.909104, "delta": 0.002977}}
{"target": -15.163097963983537, "params": {"colsample_bytree": 0.2515257246381187, "eta": 0.031099187225687473, "gamma": 426.8647794290791, "max_depth": 5.0, "min_child_weight": 4399.787801394744, "num_boost_round": 17.0, "subsample": 0.45929582811666636}, "datetime": {"datetime": "2024-01-20 14:59:15", "elapsed": 2112.912139, "delta": 0.003035}}
{"target": -15.163057288206371, "params": {"colsample_bytree": 0.2515257246381187, "eta": 0.031099187225687473, "gamma": 426.8647794290791, "max_depth": 5.0, "min_child_weight": 4399.787801394744, "num_boost_round": 18.0, "subsample": 0.45929582811666636}, "datetime": {"datetime": "2024-01-20 14:59:15", "elapsed": 2112.915039, "delta": 0.0029}}
{"target": -15.162335334764165, "params": {"colsample_bytree": 0.2515257246381187, "eta": 0.031099187225687473, "gamma": 426.8647794290791, "max_depth": 5.0, "min_child_weight": 4399.787801394744, "num_boost_round": 19.0, "subsample": 0.45929582811666636}, "datetime": {"datetime": "2024-01-20 14:59:15", "elapsed": 2112.917967, "delta": 0.002928}}
{"target": -15.162295616211907, "params": {"colsample_bytree": 0.2515257246381187, "eta": 0.031099187225687473, "gamma": 426.8647794290791, "max_depth": 5.0, "min_child_weight": 4399.787801394744, "num_boost_round": 20.0, "subsample": 0.45929582811666636}, "datetime": {"datetime": "2024-01-20 14:59:15", "elapsed": 2112.92109, "delta": 0.003123}}
{"target": -15.1618452445299, "params": {"colsample_bytree": 0.2515257246381187, "eta": 0.031099187225687473, "gamma": 426.8647794290791, "max_depth": 5.0, "min_child_weight": 4399.787801394744, "num_boost_round": 21.0, "subsample": 0.45929582811666636}, "datetime": {"datetime": "2024-01-20 14:59:15", "elapsed": 2112.924322, "delta": 0.003232}}
{"target": -15.161789447754293, "params": {"colsample_bytree": 0.2515257246381187, "eta": 0.031099187225687473, "gamma": 426.8647794290791, "max_depth": 5.0, "min_child_weight": 4399.787801394744, "num_boost_round": 22.0, "subsample": 0.45929582811666636}, "datetime": {"datetime": "2024-01-20 14:59:15", "elapsed": 2112.927313, "delta": 0.002991}}
{"target": -15.161677195430602, "params": {"colsample_bytree": 0.2515257246381187, "eta": 0.031099187225687473, "gamma": 426.8647794290791, "max_depth": 5.0, "min_child_weight": 4399.787801394744, "num_boost_round": 23.0, "subsample": 0.45929582811666636}, "datetime": {"datetime": "2024-01-20 14:59:15", "elapsed": 2112.930291, "delta": 0.002978}}
{"target": -15.161741653776701, "params": {"colsample_bytree": 0.2515257246381187, "eta": 0.031099187225687473, "gamma": 426.8647794290791, "max_depth": 5.0, "min_child_weight": 4399.787801394744, "num_boost_round": 24.0, "subsample": 0.45929582811666636}, "datetime": {"datetime": "2024-01-20 14:59:15", "elapsed": 2112.933304, "delta": 0.003013}}
{"target": -15.161675084587328, "params": {"colsample_bytree": 0.2515257246381187, "eta": 0.031099187225687473, "gamma": 426.8647794290791, "max_depth": 5.0, "min_child_weight": 4399.787801394744, "num_boost_round": 25.0, "subsample": 0.45929582811666636}, "datetime": {"datetime": "2024-01-20 14:59:15", "elapsed": 2112.936231, "delta": 0.002927}}
{"target": -15.170889916087145, "params": {"colsample_bytree": 0.8502093409803626, "eta": 0.08259897048358338, "gamma": 558.5476515780767, "max_depth": 3.0, "min_child_weight": 4204.435308044595, "num_boost_round": 1.0, "subsample": 0.3514469482031144}, "datetime": {"datetime": "2024-01-20 14:59:51", "elapsed": 2148.723714, "delta": 35.787483}}
{"target": -15.169613068769102, "params": {"colsample_bytree": 0.8502093409803626, "eta": 0.08259897048358338, "gamma": 558.5476515780767, "max_depth": 3.0, "min_child_weight": 4204.435308044595, "num_boost_round": 2.0, "subsample": 0.3514469482031144}, "datetime": {"datetime": "2024-01-20 14:59:51", "elapsed": 2148.72741, "delta": 0.003696}}
{"target": -15.166809730141836, "params": {"colsample_bytree": 0.8502093409803626, "eta": 0.08259897048358338, "gamma": 558.5476515780767, "max_depth": 3.0, "min_child_weight": 4204.435308044595, "num_boost_round": 3.0, "subsample": 0.3514469482031144}, "datetime": {"datetime": "2024-01-20 14:59:51", "elapsed": 2148.730611, "delta": 0.003201}}
{"target": -15.165668353048574, "params": {"colsample_bytree": 0.8502093409803626, "eta": 0.08259897048358338, "gamma": 558.5476515780767, "max_depth": 3.0, "min_child_weight": 4204.435308044595, "num_boost_round": 4.0, "subsample": 0.3514469482031144}, "datetime": {"datetime": "2024-01-20 14:59:51", "elapsed": 2148.733611, "delta": 0.003}}
{"target": -15.163243761983857, "params": {"colsample_bytree": 0.8502093409803626, "eta": 0.08259897048358338, "gamma": 558.5476515780767, "max_depth": 3.0, "min_child_weight": 4204.435308044595, "num_boost_round": 5.0, "subsample": 0.3514469482031144}, "datetime": {"datetime": "2024-01-20 14:59:51", "elapsed": 2148.736503, "delta": 0.002892}}
{"target": -15.161051814927344, "params": {"colsample_bytree": 0.8502093409803626, "eta": 0.08259897048358338, "gamma": 558.5476515780767, "max_depth": 3.0, "min_child_weight": 4204.435308044595, "num_boost_round": 6.0, "subsample": 0.3514469482031144}, "datetime": {"datetime": "2024-01-20 14:59:51", "elapsed": 2148.73938, "delta": 0.002877}}
{"target": -15.159380355096422, "params": {"colsample_bytree": 0.8502093409803626, "eta": 0.08259897048358338, "gamma": 558.5476515780767, "max_depth": 3.0, "min_child_weight": 4204.435308044595, "num_boost_round": 7.0, "subsample": 0.3514469482031144}, "datetime": {"datetime": "2024-01-20 14:59:51", "elapsed": 2148.742522, "delta": 0.003142}}
{"target": -15.15817290281341, "params": {"colsample_bytree": 0.8502093409803626, "eta": 0.08259897048358338, "gamma": 558.5476515780767, "max_depth": 3.0, "min_child_weight": 4204.435308044595, "num_boost_round": 8.0, "subsample": 0.3514469482031144}, "datetime": {"datetime": "2024-01-20 14:59:51", "elapsed": 2148.745458, "delta": 0.002936}}
{"target": -15.158508579842557, "params": {"colsample_bytree": 0.8502093409803626, "eta": 0.08259897048358338, "gamma": 558.5476515780767, "max_depth": 3.0, "min_child_weight": 4204.435308044595, "num_boost_round": 9.0, "subsample": 0.3514469482031144}, "datetime": {"datetime": "2024-01-20 14:59:51", "elapsed": 2148.748327, "delta": 0.002869}}
{"target": -15.157305461891081, "params": {"colsample_bytree": 0.8502093409803626, "eta": 0.08259897048358338, "gamma": 558.5476515780767, "max_depth": 3.0, "min_child_weight": 4204.435308044595, "num_boost_round": 10.0, "subsample": 0.3514469482031144}, "datetime": {"datetime": "2024-01-20 14:59:51", "elapsed": 2148.751311, "delta": 0.002984}}
{"target": -15.15692493981567, "params": {"colsample_bytree": 0.8502093409803626, "eta": 0.08259897048358338, "gamma": 558.5476515780767, "max_depth": 3.0, "min_child_weight": 4204.435308044595, "num_boost_round": 11.0, "subsample": 0.3514469482031144}, "datetime": {"datetime": "2024-01-20 14:59:51", "elapsed": 2148.754234, "delta": 0.002923}}
{"target": -15.156497006881292, "params": {"colsample_bytree": 0.8502093409803626, "eta": 0.08259897048358338, "gamma": 558.5476515780767, "max_depth": 3.0, "min_child_weight": 4204.435308044595, "num_boost_round": 12.0, "subsample": 0.3514469482031144}, "datetime": {"datetime": "2024-01-20 14:59:51", "elapsed": 2148.757135, "delta": 0.002901}}
{"target": -15.156092850427779, "params": {"colsample_bytree": 0.8502093409803626, "eta": 0.08259897048358338, "gamma": 558.5476515780767, "max_depth": 3.0, "min_child_weight": 4204.435308044595, "num_boost_round": 13.0, "subsample": 0.3514469482031144}, "datetime": {"datetime": "2024-01-20 14:59:51", "elapsed": 2148.760147, "delta": 0.003012}}
{"target": -15.155484200180945, "params": {"colsample_bytree": 0.8502093409803626, "eta": 0.08259897048358338, "gamma": 558.5476515780767, "max_depth": 3.0, "min_child_weight": 4204.435308044595, "num_boost_round": 14.0, "subsample": 0.3514469482031144}, "datetime": {"datetime": "2024-01-20 14:59:51", "elapsed": 2148.763117, "delta": 0.00297}}
{"target": -15.155962350541987, "params": {"colsample_bytree": 0.8502093409803626, "eta": 0.08259897048358338, "gamma": 558.5476515780767, "max_depth": 3.0, "min_child_weight": 4204.435308044595, "num_boost_round": 15.0, "subsample": 0.3514469482031144}, "datetime": {"datetime": "2024-01-20 14:59:51", "elapsed": 2148.766026, "delta": 0.002909}}
{"target": -15.155359579751469, "params": {"colsample_bytree": 0.8502093409803626, "eta": 0.08259897048358338, "gamma": 558.5476515780767, "max_depth": 3.0, "min_child_weight": 4204.435308044595, "num_boost_round": 16.0, "subsample": 0.3514469482031144}, "datetime": {"datetime": "2024-01-20 14:59:51", "elapsed": 2148.768941, "delta": 0.002915}}
