{"target": -15.154795056869151, "params": {"colsample_bytree": 0.8428753276868727, "eta": 0.0635966865421789, "gamma": 571.5551293678362, "max_depth": 3.0, "min_child_weight": 4151.857824298761, "num_boost_round": 37.0, "subsample": 0.40541339167222}, "datetime": {"datetime": "2024-01-20 14:43:22", "elapsed": 1160.144716, "delta": 0.001901}}
{"target": -15.154779065116795, "params": {"colsample_bytree": 0.8428753276868727, "eta": 0.0635966865421789, "gamma": 571.5551293678362, "max_depth": 3.0, "min_child_weight": 4151.857824298761, "num_boost_round": 38.0, "subsample": 0.40541339167222}, "datetime": {"datetime": "2024-01-20 14:43:22", "elapsed": 1160.146608, "delta": 0.001892}}
{"target": -15.17187061614138, "params": {"colsample_bytree": 0.846162831958709, "eta": 0.039456967511522355, "gamma": 552.4927294429012, "max_depth": 3.0, "min_child_weight": 4150.147958741022, "num_boost_round": 1.0, "subsample": 0.9374770104528626}, "datetime": {"datetime": "2024-01-20 14:43:55", "elapsed": 1193.072846, "delta": 32.926238}}
{"target": -15.170827190239404, "params": {"colsample_bytree": 0.846162831958709, "eta": 0.039456967511522355, "gamma": 552.4927294429012, "max_depth": 3.0, "min_child_weight": 4150.147958741022, "num_boost_round": 2.0, "subsample": 0.9374770104528626}, "datetime": {"datetime": "2024-01-20 14:43:55", "elapsed": 1193.075745, "delta": 0.002899}}
{"target": -15.169331348474586, "params": {"colsample_bytree": 0.846162831958709, "eta": 0.039456967511522355, "gamma": 552.4927294429012, "max_depth": 3.0, "min_child_weight": 4150.147958741022, "num_boost_round": 3.0, "subsample": 0.9374770104528626}, "datetime": {"datetime": "2024-01-20 14:43:55", "elapsed": 1193.077662, "delta": 0.001917}}
{"target": -15.168462572809924, "params": {"colsample_bytree": 0.846162831958709, "eta": 0.039456967511522355, "gamma": 552.4927294429012, "max_depth": 3.0, "min_child_weight": 4150.147958741022, "num_boost_round": 4.0, "subsample": 0.9374770104528626}, "datetime": {"datetime": "2024-01-20 14:43:55", "elapsed": 1193.079694, "delta": 0.002032}}
{"target": -15.166613685237659, "params": {"colsample_bytree": 0.846162831958709, "eta": 0.039456967511522355, "gamma": 552.4927294429012, "max_depth": 3.0, "min_child_weight": 4150.147958741022, "num_boost_round": 5.0, "subsample": 0.9374770104528626}, "datetime": {"datetime": "2024-01-20 14:43:55", "elapsed": 1193.081628, "delta": 0.001934}}
{"target": -15.16502543218646, "params": {"colsample_bytree": 0.846162831958709, "eta": 0.039456967511522355, "gamma": 552.4927294429012, "max_depth": 3.0, "min_child_weight": 4150.147958741022, "num_boost_round": 6.0, "subsample": 0.9374770104528626}, "datetime": {"datetime": "2024-01-20 14:43:55", "elapsed": 1193.083516, "delta": 0.001888}}
{"target": -15.163310880678422, "params": {"colsample_bytree": 0.846162831958709, "eta": 0.039456967511522355, "gamma": 552.4927294429012, "max_depth": 3.0, "min_child_weight": 4150.147958741022, "num_boost_round": 7.0, "subsample": 0.9374770104528626}, "datetime": {"datetime": "2024-01-20 14:43:55", "elapsed": 1193.085401, "delta": 0.001885}}
{"target": -15.162019973434527, "params": {"colsample_bytree": 0.846162831958709, "eta": 0.039456967511522355, "gamma": 552.4927294429012, "max_depth": 3.0, "min_child_weight": 4150.147958741022, "num_boost_round": 8.0, "subsample": 0.9374770104528626}, "datetime": {"datetime": "2024-01-20 14:43:55", "elapsed": 1193.087263, "delta": 0.001862}}
{"target": -15.161744439413468, "params": {"colsample_bytree": 0.846162831958709, "eta": 0.039456967511522355, "gamma": 552.4927294429012, "max_depth": 3.0, "min_child_weight": 4150.147958741022, "num_boost_round": 9.0, "subsample": 0.9374770104528626}, "datetime": {"datetime": "2024-01-20 14:43:55", "elapsed": 1193.089149, "delta": 0.001886}}
{"target": -15.160987609909807, "params": {"colsample_bytree": 0.846162831958709, "eta": 0.039456967511522355, "gamma": 552.4927294429012, "max_depth": 3.0, "min_child_weight": 4150.147958741022, "num_boost_round": 10.0, "subsample": 0.9374770104528626}, "datetime": {"datetime": "2024-01-20 14:43:55", "elapsed": 1193.091605, "delta": 0.002456}}
{"target": -15.160238991526203, "params": {"colsample_bytree": 0.846162831958709, "eta": 0.039456967511522355, "gamma": 552.4927294429012, "max_depth": 3.0, "min_child_weight": 4150.147958741022, "num_boost_round": 11.0, "subsample": 0.9374770104528626}, "datetime": {"datetime": "2024-01-20 14:43:55", "elapsed": 1193.093621, "delta": 0.002016}}
{"target": -15.159849633103924, "params": {"colsample_bytree": 0.846162831958709, "eta": 0.039456967511522355, "gamma": 552.4927294429012, "max_depth": 3.0, "min_child_weight": 4150.147958741022, "num_boost_round": 12.0, "subsample": 0.9374770104528626}, "datetime": {"datetime": "2024-01-20 14:43:55", "elapsed": 1193.095719, "delta": 0.002098}}
{"target": -15.159431328111602, "params": {"colsample_bytree": 0.846162831958709, "eta": 0.039456967511522355, "gamma": 552.4927294429012, "max_depth": 3.0, "min_child_weight": 4150.147958741022, "num_boost_round": 13.0, "subsample": 0.9374770104528626}, "datetime": {"datetime": "2024-01-20 14:43:55", "elapsed": 1193.098467, "delta": 0.002748}}
{"target": -15.158798280859143, "params": {"colsample_bytree": 0.846162831958709, "eta": 0.039456967511522355, "gamma": 552.4927294429012, "max_depth": 3.0, "min_child_weight": 4150.147958741022, "num_boost_round": 14.0, "subsample": 0.9374770104528626}, "datetime": {"datetime": "2024-01-20 14:43:55", "elapsed": 1193.100624, "delta": 0.002157}}
{"target": -15.158761926145145, "params": {"colsample_bytree": 0.846162831958709, "eta": 0.039456967511522355, "gamma": 552.4927294429012, "max_depth": 3.0, "min_child_weight": 4150.147958741022, "num_boost_round": 15.0, "subsample": 0.9374770104528626}, "datetime": {"datetime": "2024-01-20 14:43:55", "elapsed": 1193.102692, "delta": 0.002068}}
{"target": -15.15832850953994, "params": {"colsample_bytree": 0.846162831958709, "eta": 0.039456967511522355, "gamma": 552.4927294429012, "max_depth": 3.0, "min_child_weight": 4150.147958741022, "num_boost_round": 16.0, "subsample": 0.9374770104528626}, "datetime": {"datetime": "2024-01-20 14:43:55", "elapsed": 1193.104603, "delta": 0.001911}}
{"target": -15.157826968805399, "params": {"colsample_bytree": 0.846162831958709, "eta": 0.039456967511522355, "gamma": 552.4927294429012, "max_depth": 3.0, "min_child_weight": 4150.147958741022, "num_boost_round": 17.0, "subsample": 0.9374770104528626}, "datetime": {"datetime": "2024-01-20 14:43:55", "elapsed": 1193.10649, "delta": 0.001887}}
{"target": -15.157906988153687, "params": {"colsample_bytree": 0.846162831958709, "eta": 0.039456967511522355, "gamma": 552.4927294429012, "max_depth": 3.0, "min_child_weight": 4150.147958741022, "num_boost_round": 18.0, "subsample": 0.9374770104528626}, "datetime": {"datetime": "2024-01-20 14:43:55", "elapsed": 1193.10838, "delta": 0.00189}}
{"target": -15.157526913661247, "params": {"colsample_bytree": 0.846162831958709, "eta": 0.039456967511522355, "gamma": 552.4927294429012, "max_depth": 3.0, "min_child_weight": 4150.147958741022, "num_boost_round": 19.0, "subsample": 0.9374770104528626}, "datetime": {"datetime": "2024-01-20 14:43:55", "elapsed": 1193.11027, "delta": 0.00189}}
{"target": -15.15741586827624, "params": {"colsample_bytree": 0.846162831958709, "eta": 0.039456967511522355, "gamma": 552.4927294429012, "max_depth": 3.0, "min_child_weight": 4150.147958741022, "num_boost_round": 20.0, "subsample": 0.9374770104528626}, "datetime": {"datetime": "2024-01-20 14:43:55", "elapsed": 1193.112232, "delta": 0.001962}}
{"target": -15.157688016848029, "params": {"colsample_bytree": 0.846162831958709, "eta": 0.039456967511522355, "gamma": 552.4927294429012, "max_depth": 3.0, "min_child_weight": 4150.147958741022, "num_boost_round": 21.0, "subsample": 0.9374770104528626}, "datetime": {"datetime": "2024-01-20 14:43:55", "elapsed": 1193.114171, "delta": 0.001939}}
{"target": -15.157457306225051, "params": {"colsample_bytree": 0.846162831958709, "eta": 0.039456967511522355, "gamma": 552.4927294429012, "max_depth": 3.0, "min_child_weight": 4150.147958741022, "num_boost_round": 22.0, "subsample": 0.9374770104528626}, "datetime": {"datetime": "2024-01-20 14:43:55", "elapsed": 1193.116092, "delta": 0.001921}}
{"target": -15.157185861054955, "params": {"colsample_bytree": 0.846162831958709, "eta": 0.039456967511522355, "gamma": 552.4927294429012, "max_depth": 3.0, "min_child_weight": 4150.147958741022, "num_boost_round": 23.0, "subsample": 0.9374770104528626}, "datetime": {"datetime": "2024-01-20 14:43:55", "elapsed": 1193.118024, "delta": 0.001932}}
{"target": -15.157039772304138, "params": {"colsample_bytree": 0.846162831958709, "eta": 0.039456967511522355, "gamma": 552.4927294429012, "max_depth": 3.0, "min_child_weight": 4150.147958741022, "num_boost_round": 24.0, "subsample": 0.9374770104528626}, "datetime": {"datetime": "2024-01-20 14:43:55", "elapsed": 1193.119943, "delta": 0.001919}}
{"target": -15.157155731411878, "params": {"colsample_bytree": 0.846162831958709, "eta": 0.039456967511522355, "gamma": 552.4927294429012, "max_depth": 3.0, "min_child_weight": 4150.147958741022, "num_boost_round": 25.0, "subsample": 0.9374770104528626}, "datetime": {"datetime": "2024-01-20 14:43:55", "elapsed": 1193.121869, "delta": 0.001926}}
{"target": -15.156150294724192, "params": {"colsample_bytree": 0.846162831958709, "eta": 0.039456967511522355, "gamma": 552.4927294429012, "max_depth": 3.0, "min_child_weight": 4150.147958741022, "num_boost_round": 26.0, "subsample": 0.9374770104528626}, "datetime": {"datetime": "2024-01-20 14:43:55", "elapsed": 1193.123811, "delta": 0.001942}}
{"target": -15.155952122469671, "params": {"colsample_bytree": 0.846162831958709, "eta": 0.039456967511522355, "gamma": 552.4927294429012, "max_depth": 3.0, "min_child_weight": 4150.147958741022, "num_boost_round": 27.0, "subsample": 0.9374770104528626}, "datetime": {"datetime": "2024-01-20 14:43:55", "elapsed": 1193.12572, "delta": 0.001909}}
{"target": -15.155899877788123, "params": {"colsample_bytree": 0.846162831958709, "eta": 0.039456967511522355, "gamma": 552.4927294429012, "max_depth": 3.0, "min_child_weight": 4150.147958741022, "num_boost_round": 28.0, "subsample": 0.9374770104528626}, "datetime": {"datetime": "2024-01-20 14:43:55", "elapsed": 1193.127629, "delta": 0.001909}}
{"target": -15.15574819873628, "params": {"colsample_bytree": 0.846162831958709, "eta": 0.039456967511522355, "gamma": 552.4927294429012, "max_depth": 3.0, "min_child_weight": 4150.147958741022, "num_boost_round": 29.0, "subsample": 0.9374770104528626}, "datetime": {"datetime": "2024-01-20 14:43:55", "elapsed": 1193.129539, "delta": 0.00191}}
{"target": -15.15643502241236, "params": {"colsample_bytree": 0.846162831958709, "eta": 0.039456967511522355, "gamma": 552.4927294429012, "max_depth": 3.0, "min_child_weight": 4150.147958741022, "num_boost_round": 30.0, "subsample": 0.9374770104528626}, "datetime": {"datetime": "2024-01-20 14:43:55", "elapsed": 1193.131444, "delta": 0.001905}}
{"target": -15.156045856491911, "params": {"colsample_bytree": 0.846162831958709, "eta": 0.039456967511522355, "gamma": 552.4927294429012, "max_depth": 3.0, "min_child_weight": 4150.147958741022, "num_boost_round": 31.0, "subsample": 0.9374770104528626}, "datetime": {"datetime": "2024-01-20 14:43:55", "elapsed": 1193.133378, "delta": 0.001934}}
{"target": -15.156092927603023, "params": {"colsample_bytree": 0.846162831958709, "eta": 0.039456967511522355, "gamma": 552.4927294429012, "max_depth": 3.0, "min_child_weight": 4150.147958741022, "num_boost_round": 32.0, "subsample": 0.9374770104528626}, "datetime": {"datetime": "2024-01-20 14:43:55", "elapsed": 1193.135304, "delta": 0.001926}}
{"target": -15.156244007851196, "params": {"colsample_bytree": 0.846162831958709, "eta": 0.039456967511522355, "gamma": 552.4927294429012, "max_depth": 3.0, "min_child_weight": 4150.147958741022, "num_boost_round": 33.0, "subsample": 0.9374770104528626}, "datetime": {"datetime": "2024-01-20 14:43:55", "elapsed": 1193.137233, "delta": 0.001929}}
{"target": -15.15658850340973, "params": {"colsample_bytree": 0.846162831958709, "eta": 0.039456967511522355, "gamma": 552.4927294429012, "max_depth": 3.0, "min_child_weight": 4150.147958741022, "num_boost_round": 34.0, "subsample": 0.9374770104528626}, "datetime": {"datetime": "2024-01-20 14:43:55", "elapsed": 1193.139156, "delta": 0.001923}}
{"target": -15.156467757045586, "params": {"colsample_bytree": 0.846162831958709, "eta": 0.039456967511522355, "gamma": 552.4927294429012, "max_depth": 3.0, "min_child_weight": 4150.147958741022, "num_boost_round": 35.0, "subsample": 0.9374770104528626}, "datetime": {"datetime": "2024-01-20 14:43:55", "elapsed": 1193.141067, "delta": 0.001911}}
{"target": -15.156109557724413, "params": {"colsample_bytree": 0.846162831958709, "eta": 0.039456967511522355, "gamma": 552.4927294429012, "max_depth": 3.0, "min_child_weight": 4150.147958741022, "num_boost_round": 36.0, "subsample": 0.9374770104528626}, "datetime": {"datetime": "2024-01-20 14:43:55", "elapsed": 1193.142995, "delta": 0.001928}}
{"target": -15.155988960559185, "params": {"colsample_bytree": 0.846162831958709, "eta": 0.039456967511522355, "gamma": 552.4927294429012, "max_depth": 3.0, "min_child_weight": 4150.147958741022, "num_boost_round": 37.0, "subsample": 0.9374770104528626}, "datetime": {"datetime": "2024-01-20 14:43:55", "elapsed": 1193.14493, "delta": 0.001935}}
{"target": -15.155824766872776, "params": {"colsample_bytree": 0.846162831958709, "eta": 0.039456967511522355, "gamma": 552.4927294429012, "max_depth": 3.0, "min_child_weight": 4150.147958741022, "num_boost_round": 38.0, "subsample": 0.9374770104528626}, "datetime": {"datetime": "2024-01-20 14:43:55", "elapsed": 1193.146871, "delta": 0.001941}}
{"target": -15.15578537668009, "params": {"colsample_bytree": 0.846162831958709, "eta": 0.039456967511522355, "gamma": 552.4927294429012, "max_depth": 3.0, "min_child_weight": 4150.147958741022, "num_boost_round": 39.0, "subsample": 0.9374770104528626}, "datetime": {"datetime": "2024-01-20 14:43:55", "elapsed": 1193.148799, "delta": 0.001928}}
{"target": -15.155802204089273, "params": {"colsample_bytree": 0.846162831958709, "eta": 0.039456967511522355, "gamma": 552.4927294429012, "max_depth": 3.0, "min_child_weight": 4150.147958741022, "num_boost_round": 40.0, "subsample": 0.9374770104528626}, "datetime": {"datetime": "2024-01-20 14:43:55", "elapsed": 1193.150741, "delta": 0.001942}}
{"target": -15.155750327363528, "params": {"colsample_bytree": 0.846162831958709, "eta": 0.039456967511522355, "gamma": 552.4927294429012, "max_depth": 3.0, "min_child_weight": 4150.147958741022, "num_boost_round": 41.0, "subsample": 0.9374770104528626}, "datetime": {"datetime": "2024-01-20 14:43:55", "elapsed": 1193.152682, "delta": 0.001941}}
{"target": -15.155608394509642, "params": {"colsample_bytree": 0.846162831958709, "eta": 0.039456967511522355, "gamma": 552.4927294429012, "max_depth": 3.0, "min_child_weight": 4150.147958741022, "num_boost_round": 42.0, "subsample": 0.9374770104528626}, "datetime": {"datetime": "2024-01-20 14:43:55", "elapsed": 1193.154625, "delta": 0.001943}}
{"target": -15.155683468182893, "params": {"colsample_bytree": 0.846162831958709, "eta": 0.039456967511522355, "gamma": 552.4927294429012, "max_depth": 3.0, "min_child_weight": 4150.147958741022, "num_boost_round": 43.0, "subsample": 0.9374770104528626}, "datetime": {"datetime": "2024-01-20 14:43:55", "elapsed": 1193.156588, "delta": 0.001963}}
{"target": -15.155759525760947, "params": {"colsample_bytree": 0.846162831958709, "eta": 0.039456967511522355, "gamma": 552.4927294429012, "max_depth": 3.0, "min_child_weight": 4150.147958741022, "num_boost_round": 44.0, "subsample": 0.9374770104528626}, "datetime": {"datetime": "2024-01-20 14:43:55", "elapsed": 1193.15854, "delta": 0.001952}}
{"target": -15.15600576681204, "params": {"colsample_bytree": 0.846162831958709, "eta": 0.039456967511522355, "gamma": 552.4927294429012, "max_depth": 3.0, "min_child_weight": 4150.147958741022, "num_boost_round": 45.0, "subsample": 0.9374770104528626}, "datetime": {"datetime": "2024-01-20 14:43:55", "elapsed": 1193.161046, "delta": 0.002506}}
{"target": -15.156026708297855, "params": {"colsample_bytree": 0.846162831958709, "eta": 0.039456967511522355, "gamma": 552.4927294429012, "max_depth": 3.0, "min_child_weight": 4150.147958741022, "num_boost_round": 46.0, "subsample": 0.9374770104528626}, "datetime": {"datetime": "2024-01-20 14:43:55", "elapsed": 1193.162991, "delta": 0.001945}}
{"target": -15.156104261420662, "params": {"colsample_bytree": 0.846162831958709, "eta": 0.039456967511522355, "gamma": 552.4927294429012, "max_depth": 3.0, "min_child_weight": 4150.147958741022, "num_boost_round": 47.0, "subsample": 0.9374770104528626}, "datetime": {"datetime": "2024-01-20 14:43:55", "elapsed": 1193.165043, "delta": 0.002052}}
{"target": -15.156243365555264, "params": {"colsample_bytree": 0.846162831958709, "eta": 0.039456967511522355, "gamma": 552.4927294429012, "max_depth": 3.0, "min_child_weight": 4150.147958741022, "num_boost_round": 48.0, "subsample": 0.9374770104528626}, "datetime": {"datetime": "2024-01-20 14:43:55", "elapsed": 1193.167084, "delta": 0.002041}}
{"target": -15.170936398532774, "params": {"colsample_bytree": 0.3851667029908712, "eta": 0.07759459442645164, "gamma": 439.51364289966557, "max_depth": 3.0, "min_child_weight": 4394.361851241527, "num_boost_round": 1.0, "subsample": 0.557231032256607}, "datetime": {"datetime": "2024-01-20 14:44:29", "elapsed": 1226.483712, "delta": 33.316628}}
{"target": -15.169445594916905, "params": {"colsample_bytree": 0.3851667029908712, "eta": 0.07759459442645164, "gamma": 439.51364289966557, "max_depth": 3.0, "min_child_weight": 4394.361851241527, "num_boost_round": 2.0, "subsample": 0.557231032256607}, "datetime": {"datetime": "2024-01-20 14:44:29", "elapsed": 1226.486761, "delta": 0.003049}}
{"target": -15.16717776689407, "params": {"colsample_bytree": 0.3851667029908712, "eta": 0.07759459442645164, "gamma": 439.51364289966557, "max_depth": 3.0, "min_child_weight": 4394.361851241527, "num_boost_round": 3.0, "subsample": 0.557231032256607}, "datetime": {"datetime": "2024-01-20 14:44:29", "elapsed": 1226.488749, "delta": 0.001988}}
{"target": -15.167245835044909, "params": {"colsample_bytree": 0.3851667029908712, "eta": 0.07759459442645164, "gamma": 439.51364289966557, "max_depth": 3.0, "min_child_weight": 4394.361851241527, "num_boost_round": 4.0, "subsample": 0.557231032256607}, "datetime": {"datetime": "2024-01-20 14:44:29", "elapsed": 1226.490933, "delta": 0.002184}}
{"target": -15.164339618540115, "params": {"colsample_bytree": 0.3851667029908712, "eta": 0.07759459442645164, "gamma": 439.51364289966557, "max_depth": 3.0, "min_child_weight": 4394.361851241527, "num_boost_round": 5.0, "subsample": 0.557231032256607}, "datetime": {"datetime": "2024-01-20 14:44:29", "elapsed": 1226.493048, "delta": 0.002115}}
{"target": -15.162795094209333, "params": {"colsample_bytree": 0.3851667029908712, "eta": 0.07759459442645164, "gamma": 439.51364289966557, "max_depth": 3.0, "min_child_weight": 4394.361851241527, "num_boost_round": 6.0, "subsample": 0.557231032256607}, "datetime": {"datetime": "2024-01-20 14:44:29", "elapsed": 1226.495589, "delta": 0.002541}}
{"target": -15.16243594747985, "params": {"colsample_bytree": 0.3851667029908712, "eta": 0.07759459442645164, "gamma": 439.51364289966557, "max_depth": 3.0, "min_child_weight": 4394.361851241527, "num_boost_round": 7.0, "subsample": 0.557231032256607}, "datetime": {"datetime": "2024-01-20 14:44:29", "elapsed": 1226.497563, "delta": 0.001974}}
{"target": -15.161230489110268, "params": {"colsample_bytree": 0.3851667029908712, "eta": 0.07759459442645164, "gamma": 439.51364289966557, "max_depth": 3.0, "min_child_weight": 4394.361851241527, "num_boost_round": 8.0, "subsample": 0.557231032256607}, "datetime": {"datetime": "2024-01-20 14:44:29", "elapsed": 1226.499532, "delta": 0.001969}}
{"target": -15.161636224367491, "params": {"colsample_bytree": 0.3851667029908712, "eta": 0.07759459442645164, "gamma": 439.51364289966557, "max_depth": 3.0, "min_child_weight": 4394.361851241527, "num_boost_round": 9.0, "subsample": 0.557231032256607}, "datetime": {"datetime": "2024-01-20 14:44:29", "elapsed": 1226.50158, "delta": 0.002048}}
{"target": -15.161209694462375, "params": {"colsample_bytree": 0.3851667029908712, "eta": 0.07759459442645164, "gamma": 439.51364289966557, "max_depth": 3.0, "min_child_weight": 4394.361851241527, "num_boost_round": 10.0, "subsample": 0.557231032256607}, "datetime": {"datetime": "2024-01-20 14:44:29", "elapsed": 1226.503518, "delta": 0.001938}}
{"target": -15.16160376994313, "params": {"colsample_bytree": 0.3851667029908712, "eta": 0.07759459442645164, "gamma": 439.51364289966557, "max_depth": 3.0, "min_child_weight": 4394.361851241527, "num_boost_round": 11.0, "subsample": 0.557231032256607}, "datetime": {"datetime": "2024-01-20 14:44:29", "elapsed": 1226.505458, "delta": 0.00194}}
{"target": -15.161758629727482, "params": {"colsample_bytree": 0.3851667029908712, "eta": 0.07759459442645164, "gamma": 439.51364289966557, "max_depth": 3.0, "min_child_weight": 4394.361851241527, "num_boost_round": 12.0, "subsample": 0.557231032256607}, "datetime": {"datetime": "2024-01-20 14:44:29", "elapsed": 1226.507416, "delta": 0.001958}}
{"target": -15.161642055595692, "params": {"colsample_bytree": 0.3851667029908712, "eta": 0.07759459442645164, "gamma": 439.51364289966557, "max_depth": 3.0, "min_child_weight": 4394.361851241527, "num_boost_round": 13.0, "subsample": 0.557231032256607}, "datetime": {"datetime": "2024-01-20 14:44:29", "elapsed": 1226.509372, "delta": 0.001956}}
