{"target": -12.349968349919482, "params": {"colsample_bytree": 0.33812860299072134, "eta": 0.08164472741171898, "gamma": 540.0030241269933, "max_depth": 3.0, "min_child_weight": 4210.329119844216, "num_boost_round": 5.0, "subsample": 0.32273025642721975}, "datetime": {"datetime": "2024-01-20 15:42:57", "elapsed": 4743.9216, "delta": 0.005213}}
{"target": -12.348797202591115, "params": {"colsample_bytree": 0.33812860299072134, "eta": 0.08164472741171898, "gamma": 540.0030241269933, "max_depth": 3.0, "min_child_weight": 4210.329119844216, "num_boost_round": 6.0, "subsample": 0.32273025642721975}, "datetime": {"datetime": "2024-01-20 15:42:57", "elapsed": 4743.927188, "delta": 0.005588}}
{"target": -12.349256051183957, "params": {"colsample_bytree": 0.33812860299072134, "eta": 0.08164472741171898, "gamma": 540.0030241269933, "max_depth": 3.0, "min_child_weight": 4210.329119844216, "num_boost_round": 7.0, "subsample": 0.32273025642721975}, "datetime": {"datetime": "2024-01-20 15:42:57", "elapsed": 4743.932994, "delta": 0.005806}}
{"target": -12.348069947282506, "params": {"colsample_bytree": 0.33812860299072134, "eta": 0.08164472741171898, "gamma": 540.0030241269933, "max_depth": 3.0, "min_child_weight": 4210.329119844216, "num_boost_round": 8.0, "subsample": 0.32273025642721975}, "datetime": {"datetime": "2024-01-20 15:42:57", "elapsed": 4743.938517, "delta": 0.005523}}
{"target": -12.348137849314927, "params": {"colsample_bytree": 0.33812860299072134, "eta": 0.08164472741171898, "gamma": 540.0030241269933, "max_depth": 3.0, "min_child_weight": 4210.329119844216, "num_boost_round": 9.0, "subsample": 0.32273025642721975}, "datetime": {"datetime": "2024-01-20 15:42:57", "elapsed": 4743.94406, "delta": 0.005543}}
{"target": -12.347661115845813, "params": {"colsample_bytree": 0.33812860299072134, "eta": 0.08164472741171898, "gamma": 540.0030241269933, "max_depth": 3.0, "min_child_weight": 4210.329119844216, "num_boost_round": 10.0, "subsample": 0.32273025642721975}, "datetime": {"datetime": "2024-01-20 15:42:57", "elapsed": 4743.949547, "delta": 0.005487}}
{"target": -12.347012453916726, "params": {"colsample_bytree": 0.33812860299072134, "eta": 0.08164472741171898, "gamma": 540.0030241269933, "max_depth": 3.0, "min_child_weight": 4210.329119844216, "num_boost_round": 11.0, "subsample": 0.32273025642721975}, "datetime": {"datetime": "2024-01-20 15:42:57", "elapsed": 4743.95482, "delta": 0.005273}}
{"target": -12.346783420186307, "params": {"colsample_bytree": 0.33812860299072134, "eta": 0.08164472741171898, "gamma": 540.0030241269933, "max_depth": 3.0, "min_child_weight": 4210.329119844216, "num_boost_round": 12.0, "subsample": 0.32273025642721975}, "datetime": {"datetime": "2024-01-20 15:42:57", "elapsed": 4743.960132, "delta": 0.005312}}
{"target": -12.347446164837887, "params": {"colsample_bytree": 0.33812860299072134, "eta": 0.08164472741171898, "gamma": 540.0030241269933, "max_depth": 3.0, "min_child_weight": 4210.329119844216, "num_boost_round": 13.0, "subsample": 0.32273025642721975}, "datetime": {"datetime": "2024-01-20 15:42:57", "elapsed": 4743.965559, "delta": 0.005427}}
{"target": -12.346657029126291, "params": {"colsample_bytree": 0.33812860299072134, "eta": 0.08164472741171898, "gamma": 540.0030241269933, "max_depth": 3.0, "min_child_weight": 4210.329119844216, "num_boost_round": 14.0, "subsample": 0.32273025642721975}, "datetime": {"datetime": "2024-01-20 15:42:57", "elapsed": 4743.970723, "delta": 0.005164}}
{"target": -12.345619396083292, "params": {"colsample_bytree": 0.33812860299072134, "eta": 0.08164472741171898, "gamma": 540.0030241269933, "max_depth": 3.0, "min_child_weight": 4210.329119844216, "num_boost_round": 15.0, "subsample": 0.32273025642721975}, "datetime": {"datetime": "2024-01-20 15:42:57", "elapsed": 4743.976334, "delta": 0.005611}}
{"target": -12.345149905593452, "params": {"colsample_bytree": 0.33812860299072134, "eta": 0.08164472741171898, "gamma": 540.0030241269933, "max_depth": 3.0, "min_child_weight": 4210.329119844216, "num_boost_round": 16.0, "subsample": 0.32273025642721975}, "datetime": {"datetime": "2024-01-20 15:42:57", "elapsed": 4743.981508, "delta": 0.005174}}
{"target": -12.34531253665535, "params": {"colsample_bytree": 0.33812860299072134, "eta": 0.08164472741171898, "gamma": 540.0030241269933, "max_depth": 3.0, "min_child_weight": 4210.329119844216, "num_boost_round": 17.0, "subsample": 0.32273025642721975}, "datetime": {"datetime": "2024-01-20 15:42:57", "elapsed": 4743.986548, "delta": 0.00504}}
{"target": -12.345313698149091, "params": {"colsample_bytree": 0.33812860299072134, "eta": 0.08164472741171898, "gamma": 540.0030241269933, "max_depth": 3.0, "min_child_weight": 4210.329119844216, "num_boost_round": 18.0, "subsample": 0.32273025642721975}, "datetime": {"datetime": "2024-01-20 15:42:57", "elapsed": 4743.991621, "delta": 0.005073}}
{"target": -12.345084131835618, "params": {"colsample_bytree": 0.33812860299072134, "eta": 0.08164472741171898, "gamma": 540.0030241269933, "max_depth": 3.0, "min_child_weight": 4210.329119844216, "num_boost_round": 19.0, "subsample": 0.32273025642721975}, "datetime": {"datetime": "2024-01-20 15:42:57", "elapsed": 4743.996844, "delta": 0.005223}}
{"target": -12.344846741410574, "params": {"colsample_bytree": 0.33812860299072134, "eta": 0.08164472741171898, "gamma": 540.0030241269933, "max_depth": 3.0, "min_child_weight": 4210.329119844216, "num_boost_round": 20.0, "subsample": 0.32273025642721975}, "datetime": {"datetime": "2024-01-20 15:42:57", "elapsed": 4744.001992, "delta": 0.005148}}
{"target": -12.345028491087021, "params": {"colsample_bytree": 0.33812860299072134, "eta": 0.08164472741171898, "gamma": 540.0030241269933, "max_depth": 3.0, "min_child_weight": 4210.329119844216, "num_boost_round": 21.0, "subsample": 0.32273025642721975}, "datetime": {"datetime": "2024-01-20 15:42:57", "elapsed": 4744.006975, "delta": 0.004983}}
{"target": -12.345124441231476, "params": {"colsample_bytree": 0.33812860299072134, "eta": 0.08164472741171898, "gamma": 540.0030241269933, "max_depth": 3.0, "min_child_weight": 4210.329119844216, "num_boost_round": 22.0, "subsample": 0.32273025642721975}, "datetime": {"datetime": "2024-01-20 15:42:57", "elapsed": 4744.011969, "delta": 0.004994}}
{"target": -12.344155195417645, "params": {"colsample_bytree": 0.33812860299072134, "eta": 0.08164472741171898, "gamma": 540.0030241269933, "max_depth": 3.0, "min_child_weight": 4210.329119844216, "num_boost_round": 23.0, "subsample": 0.32273025642721975}, "datetime": {"datetime": "2024-01-20 15:42:57", "elapsed": 4744.017299, "delta": 0.00533}}
{"target": -12.344711634608231, "params": {"colsample_bytree": 0.33812860299072134, "eta": 0.08164472741171898, "gamma": 540.0030241269933, "max_depth": 3.0, "min_child_weight": 4210.329119844216, "num_boost_round": 24.0, "subsample": 0.32273025642721975}, "datetime": {"datetime": "2024-01-20 15:42:57", "elapsed": 4744.022742, "delta": 0.005443}}
{"target": -12.343861953245725, "params": {"colsample_bytree": 0.33812860299072134, "eta": 0.08164472741171898, "gamma": 540.0030241269933, "max_depth": 3.0, "min_child_weight": 4210.329119844216, "num_boost_round": 25.0, "subsample": 0.32273025642721975}, "datetime": {"datetime": "2024-01-20 15:42:57", "elapsed": 4744.027987, "delta": 0.005245}}
{"target": -12.344199235910047, "params": {"colsample_bytree": 0.33812860299072134, "eta": 0.08164472741171898, "gamma": 540.0030241269933, "max_depth": 3.0, "min_child_weight": 4210.329119844216, "num_boost_round": 26.0, "subsample": 0.32273025642721975}, "datetime": {"datetime": "2024-01-20 15:42:57", "elapsed": 4744.033275, "delta": 0.005288}}
{"target": -12.344519098550965, "params": {"colsample_bytree": 0.33812860299072134, "eta": 0.08164472741171898, "gamma": 540.0030241269933, "max_depth": 3.0, "min_child_weight": 4210.329119844216, "num_boost_round": 27.0, "subsample": 0.32273025642721975}, "datetime": {"datetime": "2024-01-20 15:42:57", "elapsed": 4744.038408, "delta": 0.005133}}
{"target": -12.344471335266174, "params": {"colsample_bytree": 0.33812860299072134, "eta": 0.08164472741171898, "gamma": 540.0030241269933, "max_depth": 3.0, "min_child_weight": 4210.329119844216, "num_boost_round": 28.0, "subsample": 0.32273025642721975}, "datetime": {"datetime": "2024-01-20 15:42:57", "elapsed": 4744.043428, "delta": 0.00502}}
{"target": -12.344491526224859, "params": {"colsample_bytree": 0.33812860299072134, "eta": 0.08164472741171898, "gamma": 540.0030241269933, "max_depth": 3.0, "min_child_weight": 4210.329119844216, "num_boost_round": 29.0, "subsample": 0.32273025642721975}, "datetime": {"datetime": "2024-01-20 15:42:57", "elapsed": 4744.048451, "delta": 0.005023}}
{"target": -12.34406676802045, "params": {"colsample_bytree": 0.33812860299072134, "eta": 0.08164472741171898, "gamma": 540.0030241269933, "max_depth": 3.0, "min_child_weight": 4210.329119844216, "num_boost_round": 30.0, "subsample": 0.32273025642721975}, "datetime": {"datetime": "2024-01-20 15:42:57", "elapsed": 4744.05346, "delta": 0.005009}}
{"target": -12.343252619489363, "params": {"colsample_bytree": 0.33812860299072134, "eta": 0.08164472741171898, "gamma": 540.0030241269933, "max_depth": 3.0, "min_child_weight": 4210.329119844216, "num_boost_round": 31.0, "subsample": 0.32273025642721975}, "datetime": {"datetime": "2024-01-20 15:42:57", "elapsed": 4744.058705, "delta": 0.005245}}
{"target": -12.343615178871705, "params": {"colsample_bytree": 0.33812860299072134, "eta": 0.08164472741171898, "gamma": 540.0030241269933, "max_depth": 3.0, "min_child_weight": 4210.329119844216, "num_boost_round": 32.0, "subsample": 0.32273025642721975}, "datetime": {"datetime": "2024-01-20 15:42:57", "elapsed": 4744.064102, "delta": 0.005397}}
{"target": -12.34399620584253, "params": {"colsample_bytree": 0.33812860299072134, "eta": 0.08164472741171898, "gamma": 540.0030241269933, "max_depth": 3.0, "min_child_weight": 4210.329119844216, "num_boost_round": 33.0, "subsample": 0.32273025642721975}, "datetime": {"datetime": "2024-01-20 15:42:57", "elapsed": 4744.06916, "delta": 0.005058}}
{"target": -12.344033915449465, "params": {"colsample_bytree": 0.33812860299072134, "eta": 0.08164472741171898, "gamma": 540.0030241269933, "max_depth": 3.0, "min_child_weight": 4210.329119844216, "num_boost_round": 34.0, "subsample": 0.32273025642721975}, "datetime": {"datetime": "2024-01-20 15:42:57", "elapsed": 4744.074204, "delta": 0.005044}}
{"target": -12.343508046782786, "params": {"colsample_bytree": 0.33812860299072134, "eta": 0.08164472741171898, "gamma": 540.0030241269933, "max_depth": 3.0, "min_child_weight": 4210.329119844216, "num_boost_round": 35.0, "subsample": 0.32273025642721975}, "datetime": {"datetime": "2024-01-20 15:42:57", "elapsed": 4744.079418, "delta": 0.005214}}
{"target": -12.343609827684798, "params": {"colsample_bytree": 0.33812860299072134, "eta": 0.08164472741171898, "gamma": 540.0030241269933, "max_depth": 3.0, "min_child_weight": 4210.329119844216, "num_boost_round": 36.0, "subsample": 0.32273025642721975}, "datetime": {"datetime": "2024-01-20 15:42:57", "elapsed": 4744.084556, "delta": 0.005138}}
{"target": -12.344037497941084, "params": {"colsample_bytree": 0.33812860299072134, "eta": 0.08164472741171898, "gamma": 540.0030241269933, "max_depth": 3.0, "min_child_weight": 4210.329119844216, "num_boost_round": 37.0, "subsample": 0.32273025642721975}, "datetime": {"datetime": "2024-01-20 15:42:57", "elapsed": 4744.089653, "delta": 0.005097}}
{"target": -12.343973267984712, "params": {"colsample_bytree": 0.33812860299072134, "eta": 0.08164472741171898, "gamma": 540.0030241269933, "max_depth": 3.0, "min_child_weight": 4210.329119844216, "num_boost_round": 38.0, "subsample": 0.32273025642721975}, "datetime": {"datetime": "2024-01-20 15:42:57", "elapsed": 4744.094916, "delta": 0.005263}}
{"target": -12.343938665925897, "params": {"colsample_bytree": 0.33812860299072134, "eta": 0.08164472741171898, "gamma": 540.0030241269933, "max_depth": 3.0, "min_child_weight": 4210.329119844216, "num_boost_round": 39.0, "subsample": 0.32273025642721975}, "datetime": {"datetime": "2024-01-20 15:42:57", "elapsed": 4744.100061, "delta": 0.005145}}
{"target": -12.343558281419059, "params": {"colsample_bytree": 0.33812860299072134, "eta": 0.08164472741171898, "gamma": 540.0030241269933, "max_depth": 3.0, "min_child_weight": 4210.329119844216, "num_boost_round": 40.0, "subsample": 0.32273025642721975}, "datetime": {"datetime": "2024-01-20 15:42:57", "elapsed": 4744.105265, "delta": 0.005204}}
{"target": -12.343059494479292, "params": {"colsample_bytree": 0.33812860299072134, "eta": 0.08164472741171898, "gamma": 540.0030241269933, "max_depth": 3.0, "min_child_weight": 4210.329119844216, "num_boost_round": 41.0, "subsample": 0.32273025642721975}, "datetime": {"datetime": "2024-01-20 15:42:57", "elapsed": 4744.110298, "delta": 0.005033}}
{"target": -12.34276639599943, "params": {"colsample_bytree": 0.33812860299072134, "eta": 0.08164472741171898, "gamma": 540.0030241269933, "max_depth": 3.0, "min_child_weight": 4210.329119844216, "num_boost_round": 42.0, "subsample": 0.32273025642721975}, "datetime": {"datetime": "2024-01-20 15:42:57", "elapsed": 4744.115361, "delta": 0.005063}}
{"target": -12.342705807914552, "params": {"colsample_bytree": 0.33812860299072134, "eta": 0.08164472741171898, "gamma": 540.0030241269933, "max_depth": 3.0, "min_child_weight": 4210.329119844216, "num_boost_round": 43.0, "subsample": 0.32273025642721975}, "datetime": {"datetime": "2024-01-20 15:42:57", "elapsed": 4744.120735, "delta": 0.005374}}
{"target": -12.342912294838039, "params": {"colsample_bytree": 0.33812860299072134, "eta": 0.08164472741171898, "gamma": 540.0030241269933, "max_depth": 3.0, "min_child_weight": 4210.329119844216, "num_boost_round": 44.0, "subsample": 0.32273025642721975}, "datetime": {"datetime": "2024-01-20 15:42:57", "elapsed": 4744.126388, "delta": 0.005653}}
{"target": -12.342909551379105, "params": {"colsample_bytree": 0.33812860299072134, "eta": 0.08164472741171898, "gamma": 540.0030241269933, "max_depth": 3.0, "min_child_weight": 4210.329119844216, "num_boost_round": 45.0, "subsample": 0.32273025642721975}, "datetime": {"datetime": "2024-01-20 15:42:57", "elapsed": 4744.132174, "delta": 0.005786}}
{"target": -12.34281044732526, "params": {"colsample_bytree": 0.33812860299072134, "eta": 0.08164472741171898, "gamma": 540.0030241269933, "max_depth": 3.0, "min_child_weight": 4210.329119844216, "num_boost_round": 46.0, "subsample": 0.32273025642721975}, "datetime": {"datetime": "2024-01-20 15:42:57", "elapsed": 4744.13804, "delta": 0.005866}}
{"target": -12.342768462062775, "params": {"colsample_bytree": 0.33812860299072134, "eta": 0.08164472741171898, "gamma": 540.0030241269933, "max_depth": 3.0, "min_child_weight": 4210.329119844216, "num_boost_round": 47.0, "subsample": 0.32273025642721975}, "datetime": {"datetime": "2024-01-20 15:42:57", "elapsed": 4744.143605, "delta": 0.005565}}
{"target": -12.343035485592381, "params": {"colsample_bytree": 0.33812860299072134, "eta": 0.08164472741171898, "gamma": 540.0030241269933, "max_depth": 3.0, "min_child_weight": 4210.329119844216, "num_boost_round": 48.0, "subsample": 0.32273025642721975}, "datetime": {"datetime": "2024-01-20 15:42:57", "elapsed": 4744.14896, "delta": 0.005355}}
{"target": -12.343368684524641, "params": {"colsample_bytree": 0.33812860299072134, "eta": 0.08164472741171898, "gamma": 540.0030241269933, "max_depth": 3.0, "min_child_weight": 4210.329119844216, "num_boost_round": 49.0, "subsample": 0.32273025642721975}, "datetime": {"datetime": "2024-01-20 15:42:57", "elapsed": 4744.154169, "delta": 0.005209}}
{"target": -12.34339305424559, "params": {"colsample_bytree": 0.33812860299072134, "eta": 0.08164472741171898, "gamma": 540.0030241269933, "max_depth": 3.0, "min_child_weight": 4210.329119844216, "num_boost_round": 50.0, "subsample": 0.32273025642721975}, "datetime": {"datetime": "2024-01-20 15:42:57", "elapsed": 4744.159566, "delta": 0.005397}}
{"target": -12.343408052202088, "params": {"colsample_bytree": 0.33812860299072134, "eta": 0.08164472741171898, "gamma": 540.0030241269933, "max_depth": 3.0, "min_child_weight": 4210.329119844216, "num_boost_round": 51.0, "subsample": 0.32273025642721975}, "datetime": {"datetime": "2024-01-20 15:42:57", "elapsed": 4744.167711, "delta": 0.008145}}
{"target": -12.343433481371923, "params": {"colsample_bytree": 0.33812860299072134, "eta": 0.08164472741171898, "gamma": 540.0030241269933, "max_depth": 3.0, "min_child_weight": 4210.329119844216, "num_boost_round": 52.0, "subsample": 0.32273025642721975}, "datetime": {"datetime": "2024-01-20 15:42:57", "elapsed": 4744.175356, "delta": 0.007645}}
{"target": -12.343191032134632, "params": {"colsample_bytree": 0.33812860299072134, "eta": 0.08164472741171898, "gamma": 540.0030241269933, "max_depth": 3.0, "min_child_weight": 4210.329119844216, "num_boost_round": 53.0, "subsample": 0.32273025642721975}, "datetime": {"datetime": "2024-01-20 15:42:57", "elapsed": 4744.183562, "delta": 0.008206}}
{"target": -12.342759773987018, "params": {"colsample_bytree": 0.33812860299072134, "eta": 0.08164472741171898, "gamma": 540.0030241269933, "max_depth": 3.0, "min_child_weight": 4210.329119844216, "num_boost_round": 54.0, "subsample": 0.32273025642721975}, "datetime": {"datetime": "2024-01-20 15:42:57", "elapsed": 4744.189564, "delta": 0.006002}}
{"target": -12.342755321691186, "params": {"colsample_bytree": 0.33812860299072134, "eta": 0.08164472741171898, "gamma": 540.0030241269933, "max_depth": 3.0, "min_child_weight": 4210.329119844216, "num_boost_round": 55.0, "subsample": 0.32273025642721975}, "datetime": {"datetime": "2024-01-20 15:42:57", "elapsed": 4744.195791, "delta": 0.006227}}
{"target": -12.342826700407839, "params": {"colsample_bytree": 0.33812860299072134, "eta": 0.08164472741171898, "gamma": 540.0030241269933, "max_depth": 3.0, "min_child_weight": 4210.329119844216, "num_boost_round": 56.0, "subsample": 0.32273025642721975}, "datetime": {"datetime": "2024-01-20 15:42:57", "elapsed": 4744.20114, "delta": 0.005349}}
{"target": -12.342726202549347, "params": {"colsample_bytree": 0.33812860299072134, "eta": 0.08164472741171898, "gamma": 540.0030241269933, "max_depth": 3.0, "min_child_weight": 4210.329119844216, "num_boost_round": 57.0, "subsample": 0.32273025642721975}, "datetime": {"datetime": "2024-01-20 15:42:57", "elapsed": 4744.206734, "delta": 0.005594}}
{"target": -12.342799682544067, "params": {"colsample_bytree": 0.33812860299072134, "eta": 0.08164472741171898, "gamma": 540.0030241269933, "max_depth": 3.0, "min_child_weight": 4210.329119844216, "num_boost_round": 58.0, "subsample": 0.32273025642721975}, "datetime": {"datetime": "2024-01-20 15:42:57", "elapsed": 4744.212916, "delta": 0.006182}}
{"target": -12.342607427051998, "params": {"colsample_bytree": 0.33812860299072134, "eta": 0.08164472741171898, "gamma": 540.0030241269933, "max_depth": 3.0, "min_child_weight": 4210.329119844216, "num_boost_round": 59.0, "subsample": 0.32273025642721975}, "datetime": {"datetime": "2024-01-20 15:42:57", "elapsed": 4744.218362, "delta": 0.005446}}
{"target": -12.342908063140662, "params": {"colsample_bytree": 0.33812860299072134, "eta": 0.08164472741171898, "gamma": 540.0030241269933, "max_depth": 3.0, "min_child_weight": 4210.329119844216, "num_boost_round": 60.0, "subsample": 0.32273025642721975}, "datetime": {"datetime": "2024-01-20 15:42:57", "elapsed": 4744.223717, "delta": 0.005355}}
{"target": -12.342917660971388, "params": {"colsample_bytree": 0.33812860299072134, "eta": 0.08164472741171898, "gamma": 540.0030241269933, "max_depth": 3.0, "min_child_weight": 4210.329119844216, "num_boost_round": 61.0, "subsample": 0.32273025642721975}, "datetime": {"datetime": "2024-01-20 15:42:57", "elapsed": 4744.228964, "delta": 0.005247}}
{"target": -12.342949827302723, "params": {"colsample_bytree": 0.33812860299072134, "eta": 0.08164472741171898, "gamma": 540.0030241269933, "max_depth": 3.0, "min_child_weight": 4210.329119844216, "num_boost_round": 62.0, "subsample": 0.32273025642721975}, "datetime": {"datetime": "2024-01-20 15:42:57", "elapsed": 4744.234072, "delta": 0.005108}}
{"target": -12.34289022968525, "params": {"colsample_bytree": 0.33812860299072134, "eta": 0.08164472741171898, "gamma": 540.0030241269933, "max_depth": 3.0, "min_child_weight": 4210.329119844216, "num_boost_round": 63.0, "subsample": 0.32273025642721975}, "datetime": {"datetime": "2024-01-20 15:42:57", "elapsed": 4744.239368, "delta": 0.005296}}
{"target": -12.343285214521707, "params": {"colsample_bytree": 0.33812860299072134, "eta": 0.08164472741171898, "gamma": 540.0030241269933, "max_depth": 3.0, "min_child_weight": 4210.329119844216, "num_boost_round": 64.0, "subsample": 0.32273025642721975}, "datetime": {"datetime": "2024-01-20 15:42:57", "elapsed": 4744.244575, "delta": 0.005207}}
{"target": -12.343360683627875, "params": {"colsample_bytree": 0.33812860299072134, "eta": 0.08164472741171898, "gamma": 540.0030241269933, "max_depth": 3.0, "min_child_weight": 4210.329119844216, "num_boost_round": 65.0, "subsample": 0.32273025642721975}, "datetime": {"datetime": "2024-01-20 15:42:57", "elapsed": 4744.249791, "delta": 0.005216}}
{"target": -12.343443873491736, "params": {"colsample_bytree": 0.33812860299072134, "eta": 0.08164472741171898, "gamma": 540.0030241269933, "max_depth": 3.0, "min_child_weight": 4210.329119844216, "num_boost_round": 66.0, "subsample": 0.32273025642721975}, "datetime": {"datetime": "2024-01-20 15:42:57", "elapsed": 4744.254995, "delta": 0.005204}}
{"target": -12.34344808904872, "params": {"colsample_bytree": 0.33812860299072134, "eta": 0.08164472741171898, "gamma": 540.0030241269933, "max_depth": 3.0, "min_child_weight": 4210.329119844216, "num_boost_round": 67.0, "subsample": 0.32273025642721975}, "datetime": {"datetime": "2024-01-20 15:42:57", "elapsed": 4744.26037, "delta": 0.005375}}
