{"target": -13.737661436270542, "params": {"colsample_bytree": 0.6026229784795797, "eta": 0.07262037249209671, "gamma": 331.5922999000745, "max_depth": 4.0, "min_child_weight": 5001.906813123442, "num_boost_round": 5.0, "subsample": 0.48712572848914426}, "datetime": {"datetime": "2024-01-20 18:32:48", "elapsed": 14929.816676, "delta": 0.004131}}
{"target": -13.739360616443182, "params": {"colsample_bytree": 0.6026229784795797, "eta": 0.07262037249209671, "gamma": 331.5922999000745, "max_depth": 4.0, "min_child_weight": 5001.906813123442, "num_boost_round": 6.0, "subsample": 0.48712572848914426}, "datetime": {"datetime": "2024-01-20 18:32:48", "elapsed": 14929.82065, "delta": 0.003974}}
{"target": -13.740678304160648, "params": {"colsample_bytree": 0.6026229784795797, "eta": 0.07262037249209671, "gamma": 331.5922999000745, "max_depth": 4.0, "min_child_weight": 5001.906813123442, "num_boost_round": 7.0, "subsample": 0.48712572848914426}, "datetime": {"datetime": "2024-01-20 18:32:48", "elapsed": 14929.824745, "delta": 0.004095}}
{"target": -13.742077141454658, "params": {"colsample_bytree": 0.6026229784795797, "eta": 0.07262037249209671, "gamma": 331.5922999000745, "max_depth": 4.0, "min_child_weight": 5001.906813123442, "num_boost_round": 8.0, "subsample": 0.48712572848914426}, "datetime": {"datetime": "2024-01-20 18:32:48", "elapsed": 14929.828958, "delta": 0.004213}}
{"target": -13.731132436865643, "params": {"colsample_bytree": 0.6262608819972558, "eta": 0.014130866219785548, "gamma": 201.98008807595224, "max_depth": 4.0, "min_child_weight": 4845.910810325377, "num_boost_round": 1.0, "subsample": 0.870804794045916}, "datetime": {"datetime": "2024-01-20 18:33:37", "elapsed": 14978.636302, "delta": 48.807344}}
{"target": -13.731495069908858, "params": {"colsample_bytree": 0.48092184864006826, "eta": 0.027577218529280963, "gamma": 14.262874846810437, "max_depth": 8.0, "min_child_weight": 4432.980285787877, "num_boost_round": 1.0, "subsample": 0.3587179264314809}, "datetime": {"datetime": "2024-01-20 18:34:12", "elapsed": 15013.407397, "delta": 34.771095}}
{"target": -13.731872784257362, "params": {"colsample_bytree": 0.48092184864006826, "eta": 0.027577218529280963, "gamma": 14.262874846810437, "max_depth": 8.0, "min_child_weight": 4432.980285787877, "num_boost_round": 2.0, "subsample": 0.3587179264314809}, "datetime": {"datetime": "2024-01-20 18:34:12", "elapsed": 15013.412051, "delta": 0.004654}}
{"target": -13.732440983767638, "params": {"colsample_bytree": 0.48092184864006826, "eta": 0.027577218529280963, "gamma": 14.262874846810437, "max_depth": 8.0, "min_child_weight": 4432.980285787877, "num_boost_round": 3.0, "subsample": 0.3587179264314809}, "datetime": {"datetime": "2024-01-20 18:34:12", "elapsed": 15013.416156, "delta": 0.004105}}
{"target": -13.732864628309198, "params": {"colsample_bytree": 0.48092184864006826, "eta": 0.027577218529280963, "gamma": 14.262874846810437, "max_depth": 8.0, "min_child_weight": 4432.980285787877, "num_boost_round": 4.0, "subsample": 0.3587179264314809}, "datetime": {"datetime": "2024-01-20 18:34:12", "elapsed": 15013.420107, "delta": 0.003951}}
{"target": -13.73339499306485, "params": {"colsample_bytree": 0.48092184864006826, "eta": 0.027577218529280963, "gamma": 14.262874846810437, "max_depth": 8.0, "min_child_weight": 4432.980285787877, "num_boost_round": 5.0, "subsample": 0.3587179264314809}, "datetime": {"datetime": "2024-01-20 18:34:12", "elapsed": 15013.42408, "delta": 0.003973}}
{"target": -13.733803201546095, "params": {"colsample_bytree": 0.48092184864006826, "eta": 0.027577218529280963, "gamma": 14.262874846810437, "max_depth": 8.0, "min_child_weight": 4432.980285787877, "num_boost_round": 6.0, "subsample": 0.3587179264314809}, "datetime": {"datetime": "2024-01-20 18:34:12", "elapsed": 15013.428202, "delta": 0.004122}}
{"target": -13.734235005274885, "params": {"colsample_bytree": 0.48092184864006826, "eta": 0.027577218529280963, "gamma": 14.262874846810437, "max_depth": 8.0, "min_child_weight": 4432.980285787877, "num_boost_round": 7.0, "subsample": 0.3587179264314809}, "datetime": {"datetime": "2024-01-20 18:34:12", "elapsed": 15013.432211, "delta": 0.004009}}
{"target": -13.731013064054713, "params": {"colsample_bytree": 0.138694114557995, "eta": 0.07444429512494592, "gamma": 45.96415642480578, "max_depth": 9.0, "min_child_weight": 4374.736339961688, "num_boost_round": 1.0, "subsample": 0.4393790767117258}, "datetime": {"datetime": "2024-01-20 18:34:50", "elapsed": 15051.587572, "delta": 38.155361}}
{"target": -13.731416330408756, "params": {"colsample_bytree": 0.988071299328287, "eta": 0.05556365709314925, "gamma": 195.68612504483661, "max_depth": 4.0, "min_child_weight": 4588.3379392813185, "num_boost_round": 1.0, "subsample": 0.8287919514660138}, "datetime": {"datetime": "2024-01-20 18:35:43", "elapsed": 15103.990138, "delta": 52.402566}}
{"target": -13.73216989823086, "params": {"colsample_bytree": 0.988071299328287, "eta": 0.05556365709314925, "gamma": 195.68612504483661, "max_depth": 4.0, "min_child_weight": 4588.3379392813185, "num_boost_round": 2.0, "subsample": 0.8287919514660138}, "datetime": {"datetime": "2024-01-20 18:35:43", "elapsed": 15103.994946, "delta": 0.004808}}
{"target": -13.733047256341962, "params": {"colsample_bytree": 0.7344108265071309, "eta": 0.0905102730074316, "gamma": 9.610242570303406, "max_depth": 7.0, "min_child_weight": 4350.567238255641, "num_boost_round": 1.0, "subsample": 0.6013542758339769}, "datetime": {"datetime": "2024-01-20 18:36:21", "elapsed": 15142.158556, "delta": 38.16361}}
{"target": -13.735422857994259, "params": {"colsample_bytree": 0.7344108265071309, "eta": 0.0905102730074316, "gamma": 9.610242570303406, "max_depth": 7.0, "min_child_weight": 4350.567238255641, "num_boost_round": 2.0, "subsample": 0.6013542758339769}, "datetime": {"datetime": "2024-01-20 18:36:21", "elapsed": 15142.164317, "delta": 0.005761}}
{"target": -13.737624899839645, "params": {"colsample_bytree": 0.7344108265071309, "eta": 0.0905102730074316, "gamma": 9.610242570303406, "max_depth": 7.0, "min_child_weight": 4350.567238255641, "num_boost_round": 3.0, "subsample": 0.6013542758339769}, "datetime": {"datetime": "2024-01-20 18:36:21", "elapsed": 15142.169173, "delta": 0.004856}}
{"target": -13.740682401546456, "params": {"colsample_bytree": 0.7344108265071309, "eta": 0.0905102730074316, "gamma": 9.610242570303406, "max_depth": 7.0, "min_child_weight": 4350.567238255641, "num_boost_round": 4.0, "subsample": 0.6013542758339769}, "datetime": {"datetime": "2024-01-20 18:36:21", "elapsed": 15142.173303, "delta": 0.00413}}
{"target": -13.74308906061874, "params": {"colsample_bytree": 0.7344108265071309, "eta": 0.0905102730074316, "gamma": 9.610242570303406, "max_depth": 7.0, "min_child_weight": 4350.567238255641, "num_boost_round": 5.0, "subsample": 0.6013542758339769}, "datetime": {"datetime": "2024-01-20 18:36:21", "elapsed": 15142.177725, "delta": 0.004422}}
{"target": -13.747443540743696, "params": {"colsample_bytree": 0.7344108265071309, "eta": 0.0905102730074316, "gamma": 9.610242570303406, "max_depth": 7.0, "min_child_weight": 4350.567238255641, "num_boost_round": 6.0, "subsample": 0.6013542758339769}, "datetime": {"datetime": "2024-01-20 18:36:21", "elapsed": 15142.182198, "delta": 0.004473}}
{"target": -13.750505357920566, "params": {"colsample_bytree": 0.7344108265071309, "eta": 0.0905102730074316, "gamma": 9.610242570303406, "max_depth": 7.0, "min_child_weight": 4350.567238255641, "num_boost_round": 7.0, "subsample": 0.6013542758339769}, "datetime": {"datetime": "2024-01-20 18:36:21", "elapsed": 15142.186275, "delta": 0.004077}}
{"target": -13.731412366473673, "params": {"colsample_bytree": 0.4737846765520085, "eta": 0.05427851796023754, "gamma": 411.39025595486464, "max_depth": 2.0, "min_child_weight": 4869.025378556118, "num_boost_round": 1.0, "subsample": 0.6861239588514231}, "datetime": {"datetime": "2024-01-20 18:36:52", "elapsed": 15173.030446, "delta": 30.844171}}
{"target": -13.731698055527556, "params": {"colsample_bytree": 0.4737846765520085, "eta": 0.05427851796023754, "gamma": 411.39025595486464, "max_depth": 2.0, "min_child_weight": 4869.025378556118, "num_boost_round": 2.0, "subsample": 0.6861239588514231}, "datetime": {"datetime": "2024-01-20 18:36:52", "elapsed": 15173.034869, "delta": 0.004423}}
{"target": -13.731827288775602, "params": {"colsample_bytree": 0.4737846765520085, "eta": 0.05427851796023754, "gamma": 411.39025595486464, "max_depth": 2.0, "min_child_weight": 4869.025378556118, "num_boost_round": 3.0, "subsample": 0.6861239588514231}, "datetime": {"datetime": "2024-01-20 18:36:52", "elapsed": 15173.039138, "delta": 0.004269}}
{"target": -13.732657275258553, "params": {"colsample_bytree": 0.4737846765520085, "eta": 0.05427851796023754, "gamma": 411.39025595486464, "max_depth": 2.0, "min_child_weight": 4869.025378556118, "num_boost_round": 4.0, "subsample": 0.6861239588514231}, "datetime": {"datetime": "2024-01-20 18:36:52", "elapsed": 15173.043394, "delta": 0.004256}}
{"target": -13.733744542921238, "params": {"colsample_bytree": 0.4737846765520085, "eta": 0.05427851796023754, "gamma": 411.39025595486464, "max_depth": 2.0, "min_child_weight": 4869.025378556118, "num_boost_round": 5.0, "subsample": 0.6861239588514231}, "datetime": {"datetime": "2024-01-20 18:36:52", "elapsed": 15173.047267, "delta": 0.003873}}
{"target": -13.73163699294325, "params": {"colsample_bytree": 0.42212379438538616, "eta": 0.049922338551195065, "gamma": 468.5351040353475, "max_depth": 8.0, "min_child_weight": 4817.531192703577, "num_boost_round": 1.0, "subsample": 0.22621822316819587}, "datetime": {"datetime": "2024-01-20 18:37:45", "elapsed": 15226.431099, "delta": 53.383832}}
{"target": -13.732143416050933, "params": {"colsample_bytree": 0.42212379438538616, "eta": 0.049922338551195065, "gamma": 468.5351040353475, "max_depth": 8.0, "min_child_weight": 4817.531192703577, "num_boost_round": 2.0, "subsample": 0.22621822316819587}, "datetime": {"datetime": "2024-01-20 18:37:45", "elapsed": 15226.436206, "delta": 0.005107}}
{"target": -13.732739732750058, "params": {"colsample_bytree": 0.42212379438538616, "eta": 0.049922338551195065, "gamma": 468.5351040353475, "max_depth": 8.0, "min_child_weight": 4817.531192703577, "num_boost_round": 3.0, "subsample": 0.22621822316819587}, "datetime": {"datetime": "2024-01-20 18:37:45", "elapsed": 15226.440069, "delta": 0.003863}}
{"target": -13.733590833360228, "params": {"colsample_bytree": 0.42212379438538616, "eta": 0.049922338551195065, "gamma": 468.5351040353475, "max_depth": 8.0, "min_child_weight": 4817.531192703577, "num_boost_round": 4.0, "subsample": 0.22621822316819587}, "datetime": {"datetime": "2024-01-20 18:37:45", "elapsed": 15226.443895, "delta": 0.003826}}
{"target": -13.731100479262766, "params": {"colsample_bytree": 0.12404482543055316, "eta": 0.009239584067362099, "gamma": 869.691667472071, "max_depth": 5.0, "min_child_weight": 4363.995550056101, "num_boost_round": 1.0, "subsample": 0.1553090835406684}, "datetime": {"datetime": "2024-01-20 18:38:42", "elapsed": 15283.364813, "delta": 56.920918}}
{"target": -13.731157058570053, "params": {"colsample_bytree": 0.12404482543055316, "eta": 0.009239584067362099, "gamma": 869.691667472071, "max_depth": 5.0, "min_child_weight": 4363.995550056101, "num_boost_round": 2.0, "subsample": 0.1553090835406684}, "datetime": {"datetime": "2024-01-20 18:38:42", "elapsed": 15283.369624, "delta": 0.004811}}
{"target": -13.731208225392923, "params": {"colsample_bytree": 0.12404482543055316, "eta": 0.009239584067362099, "gamma": 869.691667472071, "max_depth": 5.0, "min_child_weight": 4363.995550056101, "num_boost_round": 3.0, "subsample": 0.1553090835406684}, "datetime": {"datetime": "2024-01-20 18:38:42", "elapsed": 15283.373682, "delta": 0.004058}}
{"target": -13.731260346413404, "params": {"colsample_bytree": 0.12404482543055316, "eta": 0.009239584067362099, "gamma": 869.691667472071, "max_depth": 5.0, "min_child_weight": 4363.995550056101, "num_boost_round": 4.0, "subsample": 0.1553090835406684}, "datetime": {"datetime": "2024-01-20 18:38:42", "elapsed": 15283.377531, "delta": 0.003849}}
