{"target": -19.15527493083654, "params": {"colsample_bytree": 0.9513445815965753, "eta": 0.045678427296896036, "gamma": 559.3320257720341, "max_depth": 7.0, "min_child_weight": 4435.023991979676, "num_boost_round": 49.0, "subsample": 0.24700901583827975}, "datetime": {"datetime": "2024-01-20 15:34:53", "elapsed": 4260.983357, "delta": 0.003846}}
{"target": -19.155481710227285, "params": {"colsample_bytree": 0.9513445815965753, "eta": 0.045678427296896036, "gamma": 559.3320257720341, "max_depth": 7.0, "min_child_weight": 4435.023991979676, "num_boost_round": 50.0, "subsample": 0.24700901583827975}, "datetime": {"datetime": "2024-01-20 15:34:53", "elapsed": 4260.987209, "delta": 0.003852}}
{"target": -19.155673447688606, "params": {"colsample_bytree": 0.9513445815965753, "eta": 0.045678427296896036, "gamma": 559.3320257720341, "max_depth": 7.0, "min_child_weight": 4435.023991979676, "num_boost_round": 51.0, "subsample": 0.24700901583827975}, "datetime": {"datetime": "2024-01-20 15:34:53", "elapsed": 4260.995597, "delta": 0.008388}}
{"target": -19.156048380055854, "params": {"colsample_bytree": 0.9513445815965753, "eta": 0.045678427296896036, "gamma": 559.3320257720341, "max_depth": 7.0, "min_child_weight": 4435.023991979676, "num_boost_round": 52.0, "subsample": 0.24700901583827975}, "datetime": {"datetime": "2024-01-20 15:34:53", "elapsed": 4260.999499, "delta": 0.003902}}
{"target": -19.15631605014665, "params": {"colsample_bytree": 0.9513445815965753, "eta": 0.045678427296896036, "gamma": 559.3320257720341, "max_depth": 7.0, "min_child_weight": 4435.023991979676, "num_boost_round": 53.0, "subsample": 0.24700901583827975}, "datetime": {"datetime": "2024-01-20 15:34:53", "elapsed": 4261.003391, "delta": 0.003892}}
{"target": -19.15666306338003, "params": {"colsample_bytree": 0.9513445815965753, "eta": 0.045678427296896036, "gamma": 559.3320257720341, "max_depth": 7.0, "min_child_weight": 4435.023991979676, "num_boost_round": 54.0, "subsample": 0.24700901583827975}, "datetime": {"datetime": "2024-01-20 15:34:53", "elapsed": 4261.007298, "delta": 0.003907}}
{"target": -19.15715517635841, "params": {"colsample_bytree": 0.9513445815965753, "eta": 0.045678427296896036, "gamma": 559.3320257720341, "max_depth": 7.0, "min_child_weight": 4435.023991979676, "num_boost_round": 55.0, "subsample": 0.24700901583827975}, "datetime": {"datetime": "2024-01-20 15:34:53", "elapsed": 4261.011174, "delta": 0.003876}}
{"target": -19.157338670394438, "params": {"colsample_bytree": 0.9513445815965753, "eta": 0.045678427296896036, "gamma": 559.3320257720341, "max_depth": 7.0, "min_child_weight": 4435.023991979676, "num_boost_round": 56.0, "subsample": 0.24700901583827975}, "datetime": {"datetime": "2024-01-20 15:34:53", "elapsed": 4261.015025, "delta": 0.003851}}
{"target": -19.157716239242625, "params": {"colsample_bytree": 0.9513445815965753, "eta": 0.045678427296896036, "gamma": 559.3320257720341, "max_depth": 7.0, "min_child_weight": 4435.023991979676, "num_boost_round": 57.0, "subsample": 0.24700901583827975}, "datetime": {"datetime": "2024-01-20 15:34:53", "elapsed": 4261.018922, "delta": 0.003897}}
{"target": -19.15786061177804, "params": {"colsample_bytree": 0.9513445815965753, "eta": 0.045678427296896036, "gamma": 559.3320257720341, "max_depth": 7.0, "min_child_weight": 4435.023991979676, "num_boost_round": 58.0, "subsample": 0.24700901583827975}, "datetime": {"datetime": "2024-01-20 15:34:53", "elapsed": 4261.022783, "delta": 0.003861}}
{"target": -19.158238345307623, "params": {"colsample_bytree": 0.9513445815965753, "eta": 0.045678427296896036, "gamma": 559.3320257720341, "max_depth": 7.0, "min_child_weight": 4435.023991979676, "num_boost_round": 59.0, "subsample": 0.24700901583827975}, "datetime": {"datetime": "2024-01-20 15:34:53", "elapsed": 4261.026648, "delta": 0.003865}}
{"target": -19.158429930847646, "params": {"colsample_bytree": 0.9513445815965753, "eta": 0.045678427296896036, "gamma": 559.3320257720341, "max_depth": 7.0, "min_child_weight": 4435.023991979676, "num_boost_round": 60.0, "subsample": 0.24700901583827975}, "datetime": {"datetime": "2024-01-20 15:34:53", "elapsed": 4261.030569, "delta": 0.003921}}
{"target": -19.158738644230482, "params": {"colsample_bytree": 0.9513445815965753, "eta": 0.045678427296896036, "gamma": 559.3320257720341, "max_depth": 7.0, "min_child_weight": 4435.023991979676, "num_boost_round": 61.0, "subsample": 0.24700901583827975}, "datetime": {"datetime": "2024-01-20 15:34:53", "elapsed": 4261.034426, "delta": 0.003857}}
{"target": -19.159056481707786, "params": {"colsample_bytree": 0.9513445815965753, "eta": 0.045678427296896036, "gamma": 559.3320257720341, "max_depth": 7.0, "min_child_weight": 4435.023991979676, "num_boost_round": 62.0, "subsample": 0.24700901583827975}, "datetime": {"datetime": "2024-01-20 15:34:53", "elapsed": 4261.038347, "delta": 0.003921}}
{"target": -19.159405700523244, "params": {"colsample_bytree": 0.9513445815965753, "eta": 0.045678427296896036, "gamma": 559.3320257720341, "max_depth": 7.0, "min_child_weight": 4435.023991979676, "num_boost_round": 63.0, "subsample": 0.24700901583827975}, "datetime": {"datetime": "2024-01-20 15:34:53", "elapsed": 4261.042281, "delta": 0.003934}}
{"target": -19.15964161406316, "params": {"colsample_bytree": 0.9513445815965753, "eta": 0.045678427296896036, "gamma": 559.3320257720341, "max_depth": 7.0, "min_child_weight": 4435.023991979676, "num_boost_round": 64.0, "subsample": 0.24700901583827975}, "datetime": {"datetime": "2024-01-20 15:34:53", "elapsed": 4261.046132, "delta": 0.003851}}
{"target": -19.159897509975075, "params": {"colsample_bytree": 0.9513445815965753, "eta": 0.045678427296896036, "gamma": 559.3320257720341, "max_depth": 7.0, "min_child_weight": 4435.023991979676, "num_boost_round": 65.0, "subsample": 0.24700901583827975}, "datetime": {"datetime": "2024-01-20 15:34:53", "elapsed": 4261.049989, "delta": 0.003857}}
{"target": -19.16008786028276, "params": {"colsample_bytree": 0.9513445815965753, "eta": 0.045678427296896036, "gamma": 559.3320257720341, "max_depth": 7.0, "min_child_weight": 4435.023991979676, "num_boost_round": 66.0, "subsample": 0.24700901583827975}, "datetime": {"datetime": "2024-01-20 15:34:53", "elapsed": 4261.053882, "delta": 0.003893}}
{"target": -19.16019784567235, "params": {"colsample_bytree": 0.9513445815965753, "eta": 0.045678427296896036, "gamma": 559.3320257720341, "max_depth": 7.0, "min_child_weight": 4435.023991979676, "num_boost_round": 67.0, "subsample": 0.24700901583827975}, "datetime": {"datetime": "2024-01-20 15:34:53", "elapsed": 4261.057737, "delta": 0.003855}}
{"target": -19.160318254100996, "params": {"colsample_bytree": 0.9513445815965753, "eta": 0.045678427296896036, "gamma": 559.3320257720341, "max_depth": 7.0, "min_child_weight": 4435.023991979676, "num_boost_round": 68.0, "subsample": 0.24700901583827975}, "datetime": {"datetime": "2024-01-20 15:34:53", "elapsed": 4261.06157, "delta": 0.003833}}
{"target": -19.160454216974472, "params": {"colsample_bytree": 0.9513445815965753, "eta": 0.045678427296896036, "gamma": 559.3320257720341, "max_depth": 7.0, "min_child_weight": 4435.023991979676, "num_boost_round": 69.0, "subsample": 0.24700901583827975}, "datetime": {"datetime": "2024-01-20 15:34:53", "elapsed": 4261.065457, "delta": 0.003887}}
{"target": -19.160563753072925, "params": {"colsample_bytree": 0.9513445815965753, "eta": 0.045678427296896036, "gamma": 559.3320257720341, "max_depth": 7.0, "min_child_weight": 4435.023991979676, "num_boost_round": 70.0, "subsample": 0.24700901583827975}, "datetime": {"datetime": "2024-01-20 15:34:53", "elapsed": 4261.07001, "delta": 0.004553}}
{"target": -19.160667880640958, "params": {"colsample_bytree": 0.9513445815965753, "eta": 0.045678427296896036, "gamma": 559.3320257720341, "max_depth": 7.0, "min_child_weight": 4435.023991979676, "num_boost_round": 71.0, "subsample": 0.24700901583827975}, "datetime": {"datetime": "2024-01-20 15:34:53", "elapsed": 4261.074024, "delta": 0.004014}}
{"target": -19.161090592928648, "params": {"colsample_bytree": 0.9513445815965753, "eta": 0.045678427296896036, "gamma": 559.3320257720341, "max_depth": 7.0, "min_child_weight": 4435.023991979676, "num_boost_round": 72.0, "subsample": 0.24700901583827975}, "datetime": {"datetime": "2024-01-20 15:34:53", "elapsed": 4261.078016, "delta": 0.003992}}
{"target": -19.161410700985044, "params": {"colsample_bytree": 0.9513445815965753, "eta": 0.045678427296896036, "gamma": 559.3320257720341, "max_depth": 7.0, "min_child_weight": 4435.023991979676, "num_boost_round": 73.0, "subsample": 0.24700901583827975}, "datetime": {"datetime": "2024-01-20 15:34:53", "elapsed": 4261.08183, "delta": 0.003814}}
{"target": -19.161653076247212, "params": {"colsample_bytree": 0.9513445815965753, "eta": 0.045678427296896036, "gamma": 559.3320257720341, "max_depth": 7.0, "min_child_weight": 4435.023991979676, "num_boost_round": 74.0, "subsample": 0.24700901583827975}, "datetime": {"datetime": "2024-01-20 15:34:53", "elapsed": 4261.085645, "delta": 0.003815}}
{"target": -19.16185569976661, "params": {"colsample_bytree": 0.9513445815965753, "eta": 0.045678427296896036, "gamma": 559.3320257720341, "max_depth": 7.0, "min_child_weight": 4435.023991979676, "num_boost_round": 75.0, "subsample": 0.24700901583827975}, "datetime": {"datetime": "2024-01-20 15:34:53", "elapsed": 4261.089506, "delta": 0.003861}}
{"target": -19.16222260588036, "params": {"colsample_bytree": 0.9513445815965753, "eta": 0.045678427296896036, "gamma": 559.3320257720341, "max_depth": 7.0, "min_child_weight": 4435.023991979676, "num_boost_round": 76.0, "subsample": 0.24700901583827975}, "datetime": {"datetime": "2024-01-20 15:34:53", "elapsed": 4261.093329, "delta": 0.003823}}
{"target": -19.162235885759234, "params": {"colsample_bytree": 0.9513445815965753, "eta": 0.045678427296896036, "gamma": 559.3320257720341, "max_depth": 7.0, "min_child_weight": 4435.023991979676, "num_boost_round": 77.0, "subsample": 0.24700901583827975}, "datetime": {"datetime": "2024-01-20 15:34:53", "elapsed": 4261.097176, "delta": 0.003847}}
{"target": -19.162437134379218, "params": {"colsample_bytree": 0.9513445815965753, "eta": 0.045678427296896036, "gamma": 559.3320257720341, "max_depth": 7.0, "min_child_weight": 4435.023991979676, "num_boost_round": 78.0, "subsample": 0.24700901583827975}, "datetime": {"datetime": "2024-01-20 15:34:53", "elapsed": 4261.101092, "delta": 0.003916}}
{"target": -19.16260951797911, "params": {"colsample_bytree": 0.9513445815965753, "eta": 0.045678427296896036, "gamma": 559.3320257720341, "max_depth": 7.0, "min_child_weight": 4435.023991979676, "num_boost_round": 79.0, "subsample": 0.24700901583827975}, "datetime": {"datetime": "2024-01-20 15:34:53", "elapsed": 4261.104993, "delta": 0.003901}}
{"target": -19.162762520530414, "params": {"colsample_bytree": 0.9513445815965753, "eta": 0.045678427296896036, "gamma": 559.3320257720341, "max_depth": 7.0, "min_child_weight": 4435.023991979676, "num_boost_round": 80.0, "subsample": 0.24700901583827975}, "datetime": {"datetime": "2024-01-20 15:34:53", "elapsed": 4261.108881, "delta": 0.003888}}
{"target": -19.16298359577969, "params": {"colsample_bytree": 0.9513445815965753, "eta": 0.045678427296896036, "gamma": 559.3320257720341, "max_depth": 7.0, "min_child_weight": 4435.023991979676, "num_boost_round": 81.0, "subsample": 0.24700901583827975}, "datetime": {"datetime": "2024-01-20 15:34:53", "elapsed": 4261.112787, "delta": 0.003906}}
{"target": -19.16328397097564, "params": {"colsample_bytree": 0.9513445815965753, "eta": 0.045678427296896036, "gamma": 559.3320257720341, "max_depth": 7.0, "min_child_weight": 4435.023991979676, "num_boost_round": 82.0, "subsample": 0.24700901583827975}, "datetime": {"datetime": "2024-01-20 15:34:53", "elapsed": 4261.116623, "delta": 0.003836}}
{"target": -19.163421916025847, "params": {"colsample_bytree": 0.9513445815965753, "eta": 0.045678427296896036, "gamma": 559.3320257720341, "max_depth": 7.0, "min_child_weight": 4435.023991979676, "num_boost_round": 83.0, "subsample": 0.24700901583827975}, "datetime": {"datetime": "2024-01-20 15:34:53", "elapsed": 4261.120508, "delta": 0.003885}}
{"target": -19.163643556163706, "params": {"colsample_bytree": 0.9513445815965753, "eta": 0.045678427296896036, "gamma": 559.3320257720341, "max_depth": 7.0, "min_child_weight": 4435.023991979676, "num_boost_round": 84.0, "subsample": 0.24700901583827975}, "datetime": {"datetime": "2024-01-20 15:34:53", "elapsed": 4261.124415, "delta": 0.003907}}
{"target": -19.163811533985815, "params": {"colsample_bytree": 0.9513445815965753, "eta": 0.045678427296896036, "gamma": 559.3320257720341, "max_depth": 7.0, "min_child_weight": 4435.023991979676, "num_boost_round": 85.0, "subsample": 0.24700901583827975}, "datetime": {"datetime": "2024-01-20 15:34:53", "elapsed": 4261.12827, "delta": 0.003855}}
{"target": -19.164016903266536, "params": {"colsample_bytree": 0.9513445815965753, "eta": 0.045678427296896036, "gamma": 559.3320257720341, "max_depth": 7.0, "min_child_weight": 4435.023991979676, "num_boost_round": 86.0, "subsample": 0.24700901583827975}, "datetime": {"datetime": "2024-01-20 15:34:53", "elapsed": 4261.132143, "delta": 0.003873}}
{"target": -19.164066883758025, "params": {"colsample_bytree": 0.9513445815965753, "eta": 0.045678427296896036, "gamma": 559.3320257720341, "max_depth": 7.0, "min_child_weight": 4435.023991979676, "num_boost_round": 87.0, "subsample": 0.24700901583827975}, "datetime": {"datetime": "2024-01-20 15:34:53", "elapsed": 4261.136093, "delta": 0.00395}}
{"target": -19.16433298879177, "params": {"colsample_bytree": 0.9513445815965753, "eta": 0.045678427296896036, "gamma": 559.3320257720341, "max_depth": 7.0, "min_child_weight": 4435.023991979676, "num_boost_round": 88.0, "subsample": 0.24700901583827975}, "datetime": {"datetime": "2024-01-20 15:34:53", "elapsed": 4261.139957, "delta": 0.003864}}
{"target": -19.16456003151304, "params": {"colsample_bytree": 0.9513445815965753, "eta": 0.045678427296896036, "gamma": 559.3320257720341, "max_depth": 7.0, "min_child_weight": 4435.023991979676, "num_boost_round": 89.0, "subsample": 0.24700901583827975}, "datetime": {"datetime": "2024-01-20 15:34:53", "elapsed": 4261.143807, "delta": 0.00385}}
{"target": -19.164687934566984, "params": {"colsample_bytree": 0.9513445815965753, "eta": 0.045678427296896036, "gamma": 559.3320257720341, "max_depth": 7.0, "min_child_weight": 4435.023991979676, "num_boost_round": 90.0, "subsample": 0.24700901583827975}, "datetime": {"datetime": "2024-01-20 15:34:53", "elapsed": 4261.147764, "delta": 0.003957}}
{"target": -19.16474735547736, "params": {"colsample_bytree": 0.9513445815965753, "eta": 0.045678427296896036, "gamma": 559.3320257720341, "max_depth": 7.0, "min_child_weight": 4435.023991979676, "num_boost_round": 91.0, "subsample": 0.24700901583827975}, "datetime": {"datetime": "2024-01-20 15:34:53", "elapsed": 4261.15162, "delta": 0.003856}}
{"target": -19.16485445085528, "params": {"colsample_bytree": 0.9513445815965753, "eta": 0.045678427296896036, "gamma": 559.3320257720341, "max_depth": 7.0, "min_child_weight": 4435.023991979676, "num_boost_round": 92.0, "subsample": 0.24700901583827975}, "datetime": {"datetime": "2024-01-20 15:34:53", "elapsed": 4261.155499, "delta": 0.003879}}
{"target": -19.164955526711697, "params": {"colsample_bytree": 0.9513445815965753, "eta": 0.045678427296896036, "gamma": 559.3320257720341, "max_depth": 7.0, "min_child_weight": 4435.023991979676, "num_boost_round": 93.0, "subsample": 0.24700901583827975}, "datetime": {"datetime": "2024-01-20 15:34:53", "elapsed": 4261.159409, "delta": 0.00391}}
{"target": -19.16504561826631, "params": {"colsample_bytree": 0.9513445815965753, "eta": 0.045678427296896036, "gamma": 559.3320257720341, "max_depth": 7.0, "min_child_weight": 4435.023991979676, "num_boost_round": 94.0, "subsample": 0.24700901583827975}, "datetime": {"datetime": "2024-01-20 15:34:53", "elapsed": 4261.163277, "delta": 0.003868}}
{"target": -19.165167660915017, "params": {"colsample_bytree": 0.9513445815965753, "eta": 0.045678427296896036, "gamma": 559.3320257720341, "max_depth": 7.0, "min_child_weight": 4435.023991979676, "num_boost_round": 95.0, "subsample": 0.24700901583827975}, "datetime": {"datetime": "2024-01-20 15:34:53", "elapsed": 4261.167169, "delta": 0.003892}}
{"target": -19.16530434257252, "params": {"colsample_bytree": 0.9513445815965753, "eta": 0.045678427296896036, "gamma": 559.3320257720341, "max_depth": 7.0, "min_child_weight": 4435.023991979676, "num_boost_round": 96.0, "subsample": 0.24700901583827975}, "datetime": {"datetime": "2024-01-20 15:34:53", "elapsed": 4261.171115, "delta": 0.003946}}
{"target": -19.16561757124518, "params": {"colsample_bytree": 0.9513445815965753, "eta": 0.045678427296896036, "gamma": 559.3320257720341, "max_depth": 7.0, "min_child_weight": 4435.023991979676, "num_boost_round": 97.0, "subsample": 0.24700901583827975}, "datetime": {"datetime": "2024-01-20 15:34:53", "elapsed": 4261.17501, "delta": 0.003895}}
{"target": -19.165991727612536, "params": {"colsample_bytree": 0.9513445815965753, "eta": 0.045678427296896036, "gamma": 559.3320257720341, "max_depth": 7.0, "min_child_weight": 4435.023991979676, "num_boost_round": 98.0, "subsample": 0.24700901583827975}, "datetime": {"datetime": "2024-01-20 15:34:53", "elapsed": 4261.178876, "delta": 0.003866}}
{"target": -19.16622584602625, "params": {"colsample_bytree": 0.9513445815965753, "eta": 0.045678427296896036, "gamma": 559.3320257720341, "max_depth": 7.0, "min_child_weight": 4435.023991979676, "num_boost_round": 99.0, "subsample": 0.24700901583827975}, "datetime": {"datetime": "2024-01-20 15:34:53", "elapsed": 4261.182807, "delta": 0.003931}}
{"target": -19.16643878442216, "params": {"colsample_bytree": 0.9513445815965753, "eta": 0.045678427296896036, "gamma": 559.3320257720341, "max_depth": 7.0, "min_child_weight": 4435.023991979676, "num_boost_round": 100.0, "subsample": 0.24700901583827975}, "datetime": {"datetime": "2024-01-20 15:34:53", "elapsed": 4261.186682, "delta": 0.003875}}
{"target": -19.166577819389136, "params": {"colsample_bytree": 0.9513445815965753, "eta": 0.045678427296896036, "gamma": 559.3320257720341, "max_depth": 7.0, "min_child_weight": 4435.023991979676, "num_boost_round": 101.0, "subsample": 0.24700901583827975}, "datetime": {"datetime": "2024-01-20 15:34:53", "elapsed": 4261.190558, "delta": 0.003876}}
{"target": -19.166890149753826, "params": {"colsample_bytree": 0.9513445815965753, "eta": 0.045678427296896036, "gamma": 559.3320257720341, "max_depth": 7.0, "min_child_weight": 4435.023991979676, "num_boost_round": 102.0, "subsample": 0.24700901583827975}, "datetime": {"datetime": "2024-01-20 15:34:53", "elapsed": 4261.194566, "delta": 0.004008}}
{"target": -19.16714499585143, "params": {"colsample_bytree": 0.9513445815965753, "eta": 0.045678427296896036, "gamma": 559.3320257720341, "max_depth": 7.0, "min_child_weight": 4435.023991979676, "num_boost_round": 103.0, "subsample": 0.24700901583827975}, "datetime": {"datetime": "2024-01-20 15:34:53", "elapsed": 4261.199382, "delta": 0.004816}}
{"target": -19.167248222750125, "params": {"colsample_bytree": 0.9513445815965753, "eta": 0.045678427296896036, "gamma": 559.3320257720341, "max_depth": 7.0, "min_child_weight": 4435.023991979676, "num_boost_round": 104.0, "subsample": 0.24700901583827975}, "datetime": {"datetime": "2024-01-20 15:34:53", "elapsed": 4261.20349, "delta": 0.004108}}
{"target": -19.167292493782277, "params": {"colsample_bytree": 0.9513445815965753, "eta": 0.045678427296896036, "gamma": 559.3320257720341, "max_depth": 7.0, "min_child_weight": 4435.023991979676, "num_boost_round": 105.0, "subsample": 0.24700901583827975}, "datetime": {"datetime": "2024-01-20 15:34:53", "elapsed": 4261.207528, "delta": 0.004038}}
{"target": -19.167440532341324, "params": {"colsample_bytree": 0.9513445815965753, "eta": 0.045678427296896036, "gamma": 559.3320257720341, "max_depth": 7.0, "min_child_weight": 4435.023991979676, "num_boost_round": 106.0, "subsample": 0.24700901583827975}, "datetime": {"datetime": "2024-01-20 15:34:53", "elapsed": 4261.211401, "delta": 0.003873}}
{"target": -19.167525259151205, "params": {"colsample_bytree": 0.9513445815965753, "eta": 0.045678427296896036, "gamma": 559.3320257720341, "max_depth": 7.0, "min_child_weight": 4435.023991979676, "num_boost_round": 107.0, "subsample": 0.24700901583827975}, "datetime": {"datetime": "2024-01-20 15:34:53", "elapsed": 4261.215282, "delta": 0.003881}}
{"target": -19.167777568911845, "params": {"colsample_bytree": 0.9513445815965753, "eta": 0.045678427296896036, "gamma": 559.3320257720341, "max_depth": 7.0, "min_child_weight": 4435.023991979676, "num_boost_round": 108.0, "subsample": 0.24700901583827975}, "datetime": {"datetime": "2024-01-20 15:34:53", "elapsed": 4261.219212, "delta": 0.00393}}
{"target": -19.167904909946884, "params": {"colsample_bytree": 0.9513445815965753, "eta": 0.045678427296896036, "gamma": 559.3320257720341, "max_depth": 7.0, "min_child_weight": 4435.023991979676, "num_boost_round": 109.0, "subsample": 0.24700901583827975}, "datetime": {"datetime": "2024-01-20 15:34:53", "elapsed": 4261.223087, "delta": 0.003875}}
{"target": -19.167992707414854, "params": {"colsample_bytree": 0.9513445815965753, "eta": 0.045678427296896036, "gamma": 559.3320257720341, "max_depth": 7.0, "min_child_weight": 4435.023991979676, "num_boost_round": 110.0, "subsample": 0.24700901583827975}, "datetime": {"datetime": "2024-01-20 15:34:53", "elapsed": 4261.226965, "delta": 0.003878}}
{"target": -19.168072323139434, "params": {"colsample_bytree": 0.9513445815965753, "eta": 0.045678427296896036, "gamma": 559.3320257720341, "max_depth": 7.0, "min_child_weight": 4435.023991979676, "num_boost_round": 111.0, "subsample": 0.24700901583827975}, "datetime": {"datetime": "2024-01-20 15:34:53", "elapsed": 4261.231034, "delta": 0.004069}}
