{"target": -19.144073461763945, "params": {"colsample_bytree": 0.656160033669101, "eta": 0.009513878611711653, "gamma": 513.7173175123418, "max_depth": 8.0, "min_child_weight": 4526.1006193441435, "num_boost_round": 98.0, "subsample": 0.20489852079730103}, "datetime": {"datetime": "2024-01-20 15:19:49", "elapsed": 3357.662967, "delta": 0.004319}}
{"target": -19.144133441243316, "params": {"colsample_bytree": 0.656160033669101, "eta": 0.009513878611711653, "gamma": 513.7173175123418, "max_depth": 8.0, "min_child_weight": 4526.1006193441435, "num_boost_round": 99.0, "subsample": 0.20489852079730103}, "datetime": {"datetime": "2024-01-20 15:19:49", "elapsed": 3357.666646, "delta": 0.003679}}
{"target": -19.144100659956187, "params": {"colsample_bytree": 0.656160033669101, "eta": 0.009513878611711653, "gamma": 513.7173175123418, "max_depth": 8.0, "min_child_weight": 4526.1006193441435, "num_boost_round": 100.0, "subsample": 0.20489852079730103}, "datetime": {"datetime": "2024-01-20 15:19:49", "elapsed": 3357.670583, "delta": 0.003937}}
{"target": -19.14410180382962, "params": {"colsample_bytree": 0.656160033669101, "eta": 0.009513878611711653, "gamma": 513.7173175123418, "max_depth": 8.0, "min_child_weight": 4526.1006193441435, "num_boost_round": 101.0, "subsample": 0.20489852079730103}, "datetime": {"datetime": "2024-01-20 15:19:49", "elapsed": 3357.674394, "delta": 0.003811}}
{"target": -19.144094779526334, "params": {"colsample_bytree": 0.656160033669101, "eta": 0.009513878611711653, "gamma": 513.7173175123418, "max_depth": 8.0, "min_child_weight": 4526.1006193441435, "num_boost_round": 102.0, "subsample": 0.20489852079730103}, "datetime": {"datetime": "2024-01-20 15:19:49", "elapsed": 3357.677996, "delta": 0.003602}}
{"target": -19.144074993619135, "params": {"colsample_bytree": 0.656160033669101, "eta": 0.009513878611711653, "gamma": 513.7173175123418, "max_depth": 8.0, "min_child_weight": 4526.1006193441435, "num_boost_round": 103.0, "subsample": 0.20489852079730103}, "datetime": {"datetime": "2024-01-20 15:19:49", "elapsed": 3357.681719, "delta": 0.003723}}
{"target": -19.1441277299878, "params": {"colsample_bytree": 0.656160033669101, "eta": 0.009513878611711653, "gamma": 513.7173175123418, "max_depth": 8.0, "min_child_weight": 4526.1006193441435, "num_boost_round": 104.0, "subsample": 0.20489852079730103}, "datetime": {"datetime": "2024-01-20 15:19:49", "elapsed": 3357.685826, "delta": 0.004107}}
{"target": -19.14409913510083, "params": {"colsample_bytree": 0.656160033669101, "eta": 0.009513878611711653, "gamma": 513.7173175123418, "max_depth": 8.0, "min_child_weight": 4526.1006193441435, "num_boost_round": 105.0, "subsample": 0.20489852079730103}, "datetime": {"datetime": "2024-01-20 15:19:49", "elapsed": 3357.689462, "delta": 0.003636}}
{"target": -19.14415380121762, "params": {"colsample_bytree": 0.656160033669101, "eta": 0.009513878611711653, "gamma": 513.7173175123418, "max_depth": 8.0, "min_child_weight": 4526.1006193441435, "num_boost_round": 106.0, "subsample": 0.20489852079730103}, "datetime": {"datetime": "2024-01-20 15:19:49", "elapsed": 3357.693079, "delta": 0.003617}}
{"target": -19.144282294871672, "params": {"colsample_bytree": 0.656160033669101, "eta": 0.009513878611711653, "gamma": 513.7173175123418, "max_depth": 8.0, "min_child_weight": 4526.1006193441435, "num_boost_round": 107.0, "subsample": 0.20489852079730103}, "datetime": {"datetime": "2024-01-20 15:19:49", "elapsed": 3357.696617, "delta": 0.003538}}
{"target": -19.144325082123203, "params": {"colsample_bytree": 0.656160033669101, "eta": 0.009513878611711653, "gamma": 513.7173175123418, "max_depth": 8.0, "min_child_weight": 4526.1006193441435, "num_boost_round": 108.0, "subsample": 0.20489852079730103}, "datetime": {"datetime": "2024-01-20 15:19:49", "elapsed": 3357.700274, "delta": 0.003657}}
{"target": -19.14431535508269, "params": {"colsample_bytree": 0.656160033669101, "eta": 0.009513878611711653, "gamma": 513.7173175123418, "max_depth": 8.0, "min_child_weight": 4526.1006193441435, "num_boost_round": 109.0, "subsample": 0.20489852079730103}, "datetime": {"datetime": "2024-01-20 15:19:49", "elapsed": 3357.703912, "delta": 0.003638}}
{"target": -19.14432829736336, "params": {"colsample_bytree": 0.656160033669101, "eta": 0.009513878611711653, "gamma": 513.7173175123418, "max_depth": 8.0, "min_child_weight": 4526.1006193441435, "num_boost_round": 110.0, "subsample": 0.20489852079730103}, "datetime": {"datetime": "2024-01-20 15:19:49", "elapsed": 3357.707417, "delta": 0.003505}}
{"target": -19.14308573400548, "params": {"colsample_bytree": 0.8976832257395021, "eta": 0.09311478050281366, "gamma": 516.3044179563384, "max_depth": 2.0, "min_child_weight": 4602.835105370247, "num_boost_round": 1.0, "subsample": 0.7695011086854369}, "datetime": {"datetime": "2024-01-20 15:20:39", "elapsed": 3407.939661, "delta": 50.232244}}
{"target": -19.14294941310122, "params": {"colsample_bytree": 0.8976832257395021, "eta": 0.09311478050281366, "gamma": 516.3044179563384, "max_depth": 2.0, "min_child_weight": 4602.835105370247, "num_boost_round": 2.0, "subsample": 0.7695011086854369}, "datetime": {"datetime": "2024-01-20 15:20:40", "elapsed": 3408.020443, "delta": 0.080782}}
{"target": -19.14315070845659, "params": {"colsample_bytree": 0.8976832257395021, "eta": 0.09311478050281366, "gamma": 516.3044179563384, "max_depth": 2.0, "min_child_weight": 4602.835105370247, "num_boost_round": 3.0, "subsample": 0.7695011086854369}, "datetime": {"datetime": "2024-01-20 15:20:40", "elapsed": 3408.023787, "delta": 0.003344}}
{"target": -19.14326818801272, "params": {"colsample_bytree": 0.8976832257395021, "eta": 0.09311478050281366, "gamma": 516.3044179563384, "max_depth": 2.0, "min_child_weight": 4602.835105370247, "num_boost_round": 4.0, "subsample": 0.7695011086854369}, "datetime": {"datetime": "2024-01-20 15:20:40", "elapsed": 3408.027127, "delta": 0.00334}}
{"target": -19.143236327572048, "params": {"colsample_bytree": 0.8976832257395021, "eta": 0.09311478050281366, "gamma": 516.3044179563384, "max_depth": 2.0, "min_child_weight": 4602.835105370247, "num_boost_round": 5.0, "subsample": 0.7695011086854369}, "datetime": {"datetime": "2024-01-20 15:20:40", "elapsed": 3408.03038, "delta": 0.003253}}
{"target": -19.14350623095698, "params": {"colsample_bytree": 0.8976832257395021, "eta": 0.09311478050281366, "gamma": 516.3044179563384, "max_depth": 2.0, "min_child_weight": 4602.835105370247, "num_boost_round": 6.0, "subsample": 0.7695011086854369}, "datetime": {"datetime": "2024-01-20 15:20:40", "elapsed": 3408.033643, "delta": 0.003263}}
{"target": -19.143538747740465, "params": {"colsample_bytree": 0.8976832257395021, "eta": 0.09311478050281366, "gamma": 516.3044179563384, "max_depth": 2.0, "min_child_weight": 4602.835105370247, "num_boost_round": 7.0, "subsample": 0.7695011086854369}, "datetime": {"datetime": "2024-01-20 15:20:40", "elapsed": 3408.036972, "delta": 0.003329}}
{"target": -19.143646319290987, "params": {"colsample_bytree": 0.8976832257395021, "eta": 0.09311478050281366, "gamma": 516.3044179563384, "max_depth": 2.0, "min_child_weight": 4602.835105370247, "num_boost_round": 8.0, "subsample": 0.7695011086854369}, "datetime": {"datetime": "2024-01-20 15:20:40", "elapsed": 3408.040253, "delta": 0.003281}}
{"target": -19.143558652937337, "params": {"colsample_bytree": 0.8976832257395021, "eta": 0.09311478050281366, "gamma": 516.3044179563384, "max_depth": 2.0, "min_child_weight": 4602.835105370247, "num_boost_round": 9.0, "subsample": 0.7695011086854369}, "datetime": {"datetime": "2024-01-20 15:20:40", "elapsed": 3408.043555, "delta": 0.003302}}
{"target": -19.143539753973183, "params": {"colsample_bytree": 0.8976832257395021, "eta": 0.09311478050281366, "gamma": 516.3044179563384, "max_depth": 2.0, "min_child_weight": 4602.835105370247, "num_boost_round": 10.0, "subsample": 0.7695011086854369}, "datetime": {"datetime": "2024-01-20 15:20:40", "elapsed": 3408.046934, "delta": 0.003379}}
{"target": -19.14376124323607, "params": {"colsample_bytree": 0.8976832257395021, "eta": 0.09311478050281366, "gamma": 516.3044179563384, "max_depth": 2.0, "min_child_weight": 4602.835105370247, "num_boost_round": 11.0, "subsample": 0.7695011086854369}, "datetime": {"datetime": "2024-01-20 15:20:40", "elapsed": 3408.050223, "delta": 0.003289}}
{"target": -19.143462096776823, "params": {"colsample_bytree": 0.8976832257395021, "eta": 0.09311478050281366, "gamma": 516.3044179563384, "max_depth": 2.0, "min_child_weight": 4602.835105370247, "num_boost_round": 12.0, "subsample": 0.7695011086854369}, "datetime": {"datetime": "2024-01-20 15:20:40", "elapsed": 3408.053509, "delta": 0.003286}}
{"target": -19.143878686998896, "params": {"colsample_bytree": 0.8976832257395021, "eta": 0.09311478050281366, "gamma": 516.3044179563384, "max_depth": 2.0, "min_child_weight": 4602.835105370247, "num_boost_round": 13.0, "subsample": 0.7695011086854369}, "datetime": {"datetime": "2024-01-20 15:20:40", "elapsed": 3408.056798, "delta": 0.003289}}
{"target": -19.143989771303573, "params": {"colsample_bytree": 0.8976832257395021, "eta": 0.09311478050281366, "gamma": 516.3044179563384, "max_depth": 2.0, "min_child_weight": 4602.835105370247, "num_boost_round": 14.0, "subsample": 0.7695011086854369}, "datetime": {"datetime": "2024-01-20 15:20:40", "elapsed": 3408.060305, "delta": 0.003507}}
{"target": -19.14421487452526, "params": {"colsample_bytree": 0.8976832257395021, "eta": 0.09311478050281366, "gamma": 516.3044179563384, "max_depth": 2.0, "min_child_weight": 4602.835105370247, "num_boost_round": 15.0, "subsample": 0.7695011086854369}, "datetime": {"datetime": "2024-01-20 15:20:40", "elapsed": 3408.063639, "delta": 0.003334}}
{"target": -19.143790910394465, "params": {"colsample_bytree": 0.8976832257395021, "eta": 0.09311478050281366, "gamma": 516.3044179563384, "max_depth": 2.0, "min_child_weight": 4602.835105370247, "num_boost_round": 16.0, "subsample": 0.7695011086854369}, "datetime": {"datetime": "2024-01-20 15:20:40", "elapsed": 3408.067176, "delta": 0.003537}}
{"target": -19.143184267670414, "params": {"colsample_bytree": 0.3219853500533292, "eta": 0.02272755252500931, "gamma": 476.8081086370085, "max_depth": 8.0, "min_child_weight": 4576.375263400439, "num_boost_round": 1.0, "subsample": 0.3575301572812224}, "datetime": {"datetime": "2024-01-20 15:21:59", "elapsed": 3487.137309, "delta": 79.070133}}
{"target": -19.143181652162998, "params": {"colsample_bytree": 0.3219853500533292, "eta": 0.02272755252500931, "gamma": 476.8081086370085, "max_depth": 8.0, "min_child_weight": 4576.375263400439, "num_boost_round": 2.0, "subsample": 0.3575301572812224}, "datetime": {"datetime": "2024-01-20 15:21:59", "elapsed": 3487.141338, "delta": 0.004029}}
{"target": -19.14315062482963, "params": {"colsample_bytree": 0.3219853500533292, "eta": 0.02272755252500931, "gamma": 476.8081086370085, "max_depth": 8.0, "min_child_weight": 4576.375263400439, "num_boost_round": 3.0, "subsample": 0.3575301572812224}, "datetime": {"datetime": "2024-01-20 15:21:59", "elapsed": 3487.144682, "delta": 0.003344}}
{"target": -19.142986255463555, "params": {"colsample_bytree": 0.3219853500533292, "eta": 0.02272755252500931, "gamma": 476.8081086370085, "max_depth": 8.0, "min_child_weight": 4576.375263400439, "num_boost_round": 4.0, "subsample": 0.3575301572812224}, "datetime": {"datetime": "2024-01-20 15:21:59", "elapsed": 3487.147939, "delta": 0.003257}}
{"target": -19.142953418243746, "params": {"colsample_bytree": 0.3219853500533292, "eta": 0.02272755252500931, "gamma": 476.8081086370085, "max_depth": 8.0, "min_child_weight": 4576.375263400439, "num_boost_round": 5.0, "subsample": 0.3575301572812224}, "datetime": {"datetime": "2024-01-20 15:21:59", "elapsed": 3487.151136, "delta": 0.003197}}
{"target": -19.14257628294787, "params": {"colsample_bytree": 0.3219853500533292, "eta": 0.02272755252500931, "gamma": 476.8081086370085, "max_depth": 8.0, "min_child_weight": 4576.375263400439, "num_boost_round": 6.0, "subsample": 0.3575301572812224}, "datetime": {"datetime": "2024-01-20 15:21:59", "elapsed": 3487.154332, "delta": 0.003196}}
{"target": -19.142600161035, "params": {"colsample_bytree": 0.3219853500533292, "eta": 0.02272755252500931, "gamma": 476.8081086370085, "max_depth": 8.0, "min_child_weight": 4576.375263400439, "num_boost_round": 7.0, "subsample": 0.3575301572812224}, "datetime": {"datetime": "2024-01-20 15:21:59", "elapsed": 3487.157546, "delta": 0.003214}}
{"target": -19.142550204977034, "params": {"colsample_bytree": 0.3219853500533292, "eta": 0.02272755252500931, "gamma": 476.8081086370085, "max_depth": 8.0, "min_child_weight": 4576.375263400439, "num_boost_round": 8.0, "subsample": 0.3575301572812224}, "datetime": {"datetime": "2024-01-20 15:21:59", "elapsed": 3487.160819, "delta": 0.003273}}
{"target": -19.14269705929971, "params": {"colsample_bytree": 0.3219853500533292, "eta": 0.02272755252500931, "gamma": 476.8081086370085, "max_depth": 8.0, "min_child_weight": 4576.375263400439, "num_boost_round": 9.0, "subsample": 0.3575301572812224}, "datetime": {"datetime": "2024-01-20 15:21:59", "elapsed": 3487.16409, "delta": 0.003271}}
{"target": -19.142618617785587, "params": {"colsample_bytree": 0.3219853500533292, "eta": 0.02272755252500931, "gamma": 476.8081086370085, "max_depth": 8.0, "min_child_weight": 4576.375263400439, "num_boost_round": 10.0, "subsample": 0.3575301572812224}, "datetime": {"datetime": "2024-01-20 15:21:59", "elapsed": 3487.188673, "delta": 0.024583}}
{"target": -19.14248890427409, "params": {"colsample_bytree": 0.3219853500533292, "eta": 0.02272755252500931, "gamma": 476.8081086370085, "max_depth": 8.0, "min_child_weight": 4576.375263400439, "num_boost_round": 11.0, "subsample": 0.3575301572812224}, "datetime": {"datetime": "2024-01-20 15:21:59", "elapsed": 3487.191874, "delta": 0.003201}}
{"target": -19.14256236961242, "params": {"colsample_bytree": 0.3219853500533292, "eta": 0.02272755252500931, "gamma": 476.8081086370085, "max_depth": 8.0, "min_child_weight": 4576.375263400439, "num_boost_round": 12.0, "subsample": 0.3575301572812224}, "datetime": {"datetime": "2024-01-20 15:21:59", "elapsed": 3487.195082, "delta": 0.003208}}
{"target": -19.142679559334717, "params": {"colsample_bytree": 0.3219853500533292, "eta": 0.02272755252500931, "gamma": 476.8081086370085, "max_depth": 8.0, "min_child_weight": 4576.375263400439, "num_boost_round": 13.0, "subsample": 0.3575301572812224}, "datetime": {"datetime": "2024-01-20 15:21:59", "elapsed": 3487.198521, "delta": 0.003439}}
{"target": -19.142800487144655, "params": {"colsample_bytree": 0.3219853500533292, "eta": 0.02272755252500931, "gamma": 476.8081086370085, "max_depth": 8.0, "min_child_weight": 4576.375263400439, "num_boost_round": 14.0, "subsample": 0.3575301572812224}, "datetime": {"datetime": "2024-01-20 15:21:59", "elapsed": 3487.201745, "delta": 0.003224}}
{"target": -19.14308804865827, "params": {"colsample_bytree": 0.3219853500533292, "eta": 0.02272755252500931, "gamma": 476.8081086370085, "max_depth": 8.0, "min_child_weight": 4576.375263400439, "num_boost_round": 15.0, "subsample": 0.3575301572812224}, "datetime": {"datetime": "2024-01-20 15:21:59", "elapsed": 3487.205009, "delta": 0.003264}}
{"target": -19.143024516721862, "params": {"colsample_bytree": 0.3219853500533292, "eta": 0.02272755252500931, "gamma": 476.8081086370085, "max_depth": 8.0, "min_child_weight": 4576.375263400439, "num_boost_round": 16.0, "subsample": 0.3575301572812224}, "datetime": {"datetime": "2024-01-20 15:21:59", "elapsed": 3487.208317, "delta": 0.003308}}
{"target": -19.143232992647917, "params": {"colsample_bytree": 0.3219853500533292, "eta": 0.02272755252500931, "gamma": 476.8081086370085, "max_depth": 8.0, "min_child_weight": 4576.375263400439, "num_boost_round": 17.0, "subsample": 0.3575301572812224}, "datetime": {"datetime": "2024-01-20 15:21:59", "elapsed": 3487.211531, "delta": 0.003214}}
{"target": -19.143180399125463, "params": {"colsample_bytree": 0.3219853500533292, "eta": 0.02272755252500931, "gamma": 476.8081086370085, "max_depth": 8.0, "min_child_weight": 4576.375263400439, "num_boost_round": 18.0, "subsample": 0.3575301572812224}, "datetime": {"datetime": "2024-01-20 15:21:59", "elapsed": 3487.21486, "delta": 0.003329}}
{"target": -19.14337580598867, "params": {"colsample_bytree": 0.3219853500533292, "eta": 0.02272755252500931, "gamma": 476.8081086370085, "max_depth": 8.0, "min_child_weight": 4576.375263400439, "num_boost_round": 19.0, "subsample": 0.3575301572812224}, "datetime": {"datetime": "2024-01-20 15:21:59", "elapsed": 3487.218056, "delta": 0.003196}}
{"target": -19.14362821461159, "params": {"colsample_bytree": 0.3219853500533292, "eta": 0.02272755252500931, "gamma": 476.8081086370085, "max_depth": 8.0, "min_child_weight": 4576.375263400439, "num_boost_round": 20.0, "subsample": 0.3575301572812224}, "datetime": {"datetime": "2024-01-20 15:21:59", "elapsed": 3487.221347, "delta": 0.003291}}
{"target": -19.14377106773365, "params": {"colsample_bytree": 0.3219853500533292, "eta": 0.02272755252500931, "gamma": 476.8081086370085, "max_depth": 8.0, "min_child_weight": 4576.375263400439, "num_boost_round": 21.0, "subsample": 0.3575301572812224}, "datetime": {"datetime": "2024-01-20 15:21:59", "elapsed": 3487.224585, "delta": 0.003238}}
{"target": -19.143945472634428, "params": {"colsample_bytree": 0.3219853500533292, "eta": 0.02272755252500931, "gamma": 476.8081086370085, "max_depth": 8.0, "min_child_weight": 4576.375263400439, "num_boost_round": 22.0, "subsample": 0.3575301572812224}, "datetime": {"datetime": "2024-01-20 15:21:59", "elapsed": 3487.228096, "delta": 0.003511}}
{"target": -19.143705721333255, "params": {"colsample_bytree": 0.3219853500533292, "eta": 0.02272755252500931, "gamma": 476.8081086370085, "max_depth": 8.0, "min_child_weight": 4576.375263400439, "num_boost_round": 23.0, "subsample": 0.3575301572812224}, "datetime": {"datetime": "2024-01-20 15:21:59", "elapsed": 3487.231335, "delta": 0.003239}}
{"target": -19.143929915718743, "params": {"colsample_bytree": 0.3219853500533292, "eta": 0.02272755252500931, "gamma": 476.8081086370085, "max_depth": 8.0, "min_child_weight": 4576.375263400439, "num_boost_round": 24.0, "subsample": 0.3575301572812224}, "datetime": {"datetime": "2024-01-20 15:21:59", "elapsed": 3487.234572, "delta": 0.003237}}
{"target": -19.144104409698325, "params": {"colsample_bytree": 0.3219853500533292, "eta": 0.02272755252500931, "gamma": 476.8081086370085, "max_depth": 8.0, "min_child_weight": 4576.375263400439, "num_boost_round": 25.0, "subsample": 0.3575301572812224}, "datetime": {"datetime": "2024-01-20 15:21:59", "elapsed": 3487.238027, "delta": 0.003455}}
{"target": -19.1442451891661, "params": {"colsample_bytree": 0.3219853500533292, "eta": 0.02272755252500931, "gamma": 476.8081086370085, "max_depth": 8.0, "min_child_weight": 4576.375263400439, "num_boost_round": 26.0, "subsample": 0.3575301572812224}, "datetime": {"datetime": "2024-01-20 15:21:59", "elapsed": 3487.241265, "delta": 0.003238}}
{"target": -19.1443760767947, "params": {"colsample_bytree": 0.3219853500533292, "eta": 0.02272755252500931, "gamma": 476.8081086370085, "max_depth": 8.0, "min_child_weight": 4576.375263400439, "num_boost_round": 27.0, "subsample": 0.3575301572812224}, "datetime": {"datetime": "2024-01-20 15:21:59", "elapsed": 3487.244618, "delta": 0.003353}}
{"target": -19.14451175412865, "params": {"colsample_bytree": 0.3219853500533292, "eta": 0.02272755252500931, "gamma": 476.8081086370085, "max_depth": 8.0, "min_child_weight": 4576.375263400439, "num_boost_round": 28.0, "subsample": 0.3575301572812224}, "datetime": {"datetime": "2024-01-20 15:21:59", "elapsed": 3487.247903, "delta": 0.003285}}
{"target": -19.14433126089007, "params": {"colsample_bytree": 0.3219853500533292, "eta": 0.02272755252500931, "gamma": 476.8081086370085, "max_depth": 8.0, "min_child_weight": 4576.375263400439, "num_boost_round": 29.0, "subsample": 0.3575301572812224}, "datetime": {"datetime": "2024-01-20 15:21:59", "elapsed": 3487.251129, "delta": 0.003226}}
{"target": -19.1443273760056, "params": {"colsample_bytree": 0.3219853500533292, "eta": 0.02272755252500931, "gamma": 476.8081086370085, "max_depth": 8.0, "min_child_weight": 4576.375263400439, "num_boost_round": 30.0, "subsample": 0.3575301572812224}, "datetime": {"datetime": "2024-01-20 15:21:59", "elapsed": 3487.254344, "delta": 0.003215}}
{"target": -19.144228049365424, "params": {"colsample_bytree": 0.3219853500533292, "eta": 0.02272755252500931, "gamma": 476.8081086370085, "max_depth": 8.0, "min_child_weight": 4576.375263400439, "num_boost_round": 31.0, "subsample": 0.3575301572812224}, "datetime": {"datetime": "2024-01-20 15:21:59", "elapsed": 3487.25765, "delta": 0.003306}}
{"target": -19.144512799376564, "params": {"colsample_bytree": 0.3219853500533292, "eta": 0.02272755252500931, "gamma": 476.8081086370085, "max_depth": 8.0, "min_child_weight": 4576.375263400439, "num_boost_round": 32.0, "subsample": 0.3575301572812224}, "datetime": {"datetime": "2024-01-20 15:21:59", "elapsed": 3487.260955, "delta": 0.003305}}
{"target": -19.144446421579847, "params": {"colsample_bytree": 0.3219853500533292, "eta": 0.02272755252500931, "gamma": 476.8081086370085, "max_depth": 8.0, "min_child_weight": 4576.375263400439, "num_boost_round": 33.0, "subsample": 0.3575301572812224}, "datetime": {"datetime": "2024-01-20 15:21:59", "elapsed": 3487.264234, "delta": 0.003279}}
{"target": -19.144658355368577, "params": {"colsample_bytree": 0.3219853500533292, "eta": 0.02272755252500931, "gamma": 476.8081086370085, "max_depth": 8.0, "min_child_weight": 4576.375263400439, "num_boost_round": 34.0, "subsample": 0.3575301572812224}, "datetime": {"datetime": "2024-01-20 15:21:59", "elapsed": 3487.267757, "delta": 0.003523}}
