{"target": -13.441178219199049, "params": {"colsample_bytree": 0.9899007653431253, "eta": 0.09596346495082854, "gamma": 30.3161782335577, "max_depth": 9.0, "min_child_weight": 3641.6713208019632, "num_boost_round": 25.0, "subsample": 0.8745407532721968}, "datetime": {"datetime": "2024-01-20 15:19:01", "elapsed": 3276.011909, "delta": 0.002951}}
{"target": -13.443030357176557, "params": {"colsample_bytree": 0.9899007653431253, "eta": 0.09596346495082854, "gamma": 30.3161782335577, "max_depth": 9.0, "min_child_weight": 3641.6713208019632, "num_boost_round": 26.0, "subsample": 0.8745407532721968}, "datetime": {"datetime": "2024-01-20 15:19:01", "elapsed": 3276.014893, "delta": 0.002984}}
{"target": -13.444716351254527, "params": {"colsample_bytree": 0.9899007653431253, "eta": 0.09596346495082854, "gamma": 30.3161782335577, "max_depth": 9.0, "min_child_weight": 3641.6713208019632, "num_boost_round": 27.0, "subsample": 0.8745407532721968}, "datetime": {"datetime": "2024-01-20 15:19:01", "elapsed": 3276.017913, "delta": 0.00302}}
{"target": -13.447133171036143, "params": {"colsample_bytree": 0.9899007653431253, "eta": 0.09596346495082854, "gamma": 30.3161782335577, "max_depth": 9.0, "min_child_weight": 3641.6713208019632, "num_boost_round": 28.0, "subsample": 0.8745407532721968}, "datetime": {"datetime": "2024-01-20 15:19:01", "elapsed": 3276.020972, "delta": 0.003059}}
{"target": -13.44799574500076, "params": {"colsample_bytree": 0.9899007653431253, "eta": 0.09596346495082854, "gamma": 30.3161782335577, "max_depth": 9.0, "min_child_weight": 3641.6713208019632, "num_boost_round": 29.0, "subsample": 0.8745407532721968}, "datetime": {"datetime": "2024-01-20 15:19:01", "elapsed": 3276.023942, "delta": 0.00297}}
{"target": -13.45020087919057, "params": {"colsample_bytree": 0.9899007653431253, "eta": 0.09596346495082854, "gamma": 30.3161782335577, "max_depth": 9.0, "min_child_weight": 3641.6713208019632, "num_boost_round": 30.0, "subsample": 0.8745407532721968}, "datetime": {"datetime": "2024-01-20 15:19:01", "elapsed": 3276.026974, "delta": 0.003032}}
{"target": -13.451821123735431, "params": {"colsample_bytree": 0.9899007653431253, "eta": 0.09596346495082854, "gamma": 30.3161782335577, "max_depth": 9.0, "min_child_weight": 3641.6713208019632, "num_boost_round": 31.0, "subsample": 0.8745407532721968}, "datetime": {"datetime": "2024-01-20 15:19:01", "elapsed": 3276.030764, "delta": 0.00379}}
{"target": -13.453040821018899, "params": {"colsample_bytree": 0.9899007653431253, "eta": 0.09596346495082854, "gamma": 30.3161782335577, "max_depth": 9.0, "min_child_weight": 3641.6713208019632, "num_boost_round": 32.0, "subsample": 0.8745407532721968}, "datetime": {"datetime": "2024-01-20 15:19:01", "elapsed": 3276.03519, "delta": 0.004426}}
{"target": -13.454574136033191, "params": {"colsample_bytree": 0.9899007653431253, "eta": 0.09596346495082854, "gamma": 30.3161782335577, "max_depth": 9.0, "min_child_weight": 3641.6713208019632, "num_boost_round": 33.0, "subsample": 0.8745407532721968}, "datetime": {"datetime": "2024-01-20 15:19:01", "elapsed": 3276.039959, "delta": 0.004769}}
{"target": -13.455896707956153, "params": {"colsample_bytree": 0.9899007653431253, "eta": 0.09596346495082854, "gamma": 30.3161782335577, "max_depth": 9.0, "min_child_weight": 3641.6713208019632, "num_boost_round": 34.0, "subsample": 0.8745407532721968}, "datetime": {"datetime": "2024-01-20 15:19:01", "elapsed": 3276.043442, "delta": 0.003483}}
{"target": -13.457181091425621, "params": {"colsample_bytree": 0.9899007653431253, "eta": 0.09596346495082854, "gamma": 30.3161782335577, "max_depth": 9.0, "min_child_weight": 3641.6713208019632, "num_boost_round": 35.0, "subsample": 0.8745407532721968}, "datetime": {"datetime": "2024-01-20 15:19:01", "elapsed": 3276.046544, "delta": 0.003102}}
{"target": -13.457981195268246, "params": {"colsample_bytree": 0.9899007653431253, "eta": 0.09596346495082854, "gamma": 30.3161782335577, "max_depth": 9.0, "min_child_weight": 3641.6713208019632, "num_boost_round": 36.0, "subsample": 0.8745407532721968}, "datetime": {"datetime": "2024-01-20 15:19:01", "elapsed": 3276.049729, "delta": 0.003185}}
{"target": -13.459771724615091, "params": {"colsample_bytree": 0.9899007653431253, "eta": 0.09596346495082854, "gamma": 30.3161782335577, "max_depth": 9.0, "min_child_weight": 3641.6713208019632, "num_boost_round": 37.0, "subsample": 0.8745407532721968}, "datetime": {"datetime": "2024-01-20 15:19:01", "elapsed": 3276.052677, "delta": 0.002948}}
{"target": -13.4613303926823, "params": {"colsample_bytree": 0.9899007653431253, "eta": 0.09596346495082854, "gamma": 30.3161782335577, "max_depth": 9.0, "min_child_weight": 3641.6713208019632, "num_boost_round": 38.0, "subsample": 0.8745407532721968}, "datetime": {"datetime": "2024-01-20 15:19:01", "elapsed": 3276.055656, "delta": 0.002979}}
{"target": -13.462141164837739, "params": {"colsample_bytree": 0.9899007653431253, "eta": 0.09596346495082854, "gamma": 30.3161782335577, "max_depth": 9.0, "min_child_weight": 3641.6713208019632, "num_boost_round": 39.0, "subsample": 0.8745407532721968}, "datetime": {"datetime": "2024-01-20 15:19:01", "elapsed": 3276.058782, "delta": 0.003126}}
{"target": -13.397865836819198, "params": {"colsample_bytree": 0.7530542873247146, "eta": 0.05155477156396521, "gamma": 591.8266097771874, "max_depth": 9.0, "min_child_weight": 3326.0914976853055, "num_boost_round": 1.0, "subsample": 0.670139867325869}, "datetime": {"datetime": "2024-01-20 15:19:41", "elapsed": 3316.192324, "delta": 40.133542}}
{"target": -13.397735507728513, "params": {"colsample_bytree": 0.7530542873247146, "eta": 0.05155477156396521, "gamma": 591.8266097771874, "max_depth": 9.0, "min_child_weight": 3326.0914976853055, "num_boost_round": 2.0, "subsample": 0.670139867325869}, "datetime": {"datetime": "2024-01-20 15:19:41", "elapsed": 3316.19554, "delta": 0.003216}}
{"target": -13.397887062586095, "params": {"colsample_bytree": 0.7530542873247146, "eta": 0.05155477156396521, "gamma": 591.8266097771874, "max_depth": 9.0, "min_child_weight": 3326.0914976853055, "num_boost_round": 3.0, "subsample": 0.670139867325869}, "datetime": {"datetime": "2024-01-20 15:19:41", "elapsed": 3316.198554, "delta": 0.003014}}
{"target": -13.398276482831813, "params": {"colsample_bytree": 0.7530542873247146, "eta": 0.05155477156396521, "gamma": 591.8266097771874, "max_depth": 9.0, "min_child_weight": 3326.0914976853055, "num_boost_round": 4.0, "subsample": 0.670139867325869}, "datetime": {"datetime": "2024-01-20 15:19:41", "elapsed": 3316.201546, "delta": 0.002992}}
{"target": -13.398823688237139, "params": {"colsample_bytree": 0.7530542873247146, "eta": 0.05155477156396521, "gamma": 591.8266097771874, "max_depth": 9.0, "min_child_weight": 3326.0914976853055, "num_boost_round": 5.0, "subsample": 0.670139867325869}, "datetime": {"datetime": "2024-01-20 15:19:41", "elapsed": 3316.204601, "delta": 0.003055}}
{"target": -13.39950145272683, "params": {"colsample_bytree": 0.7530542873247146, "eta": 0.05155477156396521, "gamma": 591.8266097771874, "max_depth": 9.0, "min_child_weight": 3326.0914976853055, "num_boost_round": 6.0, "subsample": 0.670139867325869}, "datetime": {"datetime": "2024-01-20 15:19:41", "elapsed": 3316.20764, "delta": 0.003039}}
{"target": -13.397795420995918, "params": {"colsample_bytree": 0.4430815116388753, "eta": 0.04893485651612152, "gamma": 340.69928678789904, "max_depth": 3.0, "min_child_weight": 3666.4725022787247, "num_boost_round": 1.0, "subsample": 0.12919702694811447}, "datetime": {"datetime": "2024-01-20 15:20:10", "elapsed": 3344.811488, "delta": 28.603848}}
{"target": -13.397702101704827, "params": {"colsample_bytree": 0.4430815116388753, "eta": 0.04893485651612152, "gamma": 340.69928678789904, "max_depth": 3.0, "min_child_weight": 3666.4725022787247, "num_boost_round": 2.0, "subsample": 0.12919702694811447}, "datetime": {"datetime": "2024-01-20 15:20:10", "elapsed": 3344.816003, "delta": 0.004515}}
{"target": -13.397584259367314, "params": {"colsample_bytree": 0.4430815116388753, "eta": 0.04893485651612152, "gamma": 340.69928678789904, "max_depth": 3.0, "min_child_weight": 3666.4725022787247, "num_boost_round": 3.0, "subsample": 0.12919702694811447}, "datetime": {"datetime": "2024-01-20 15:20:10", "elapsed": 3344.819162, "delta": 0.003159}}
{"target": -13.397561507396649, "params": {"colsample_bytree": 0.4430815116388753, "eta": 0.04893485651612152, "gamma": 340.69928678789904, "max_depth": 3.0, "min_child_weight": 3666.4725022787247, "num_boost_round": 4.0, "subsample": 0.12919702694811447}, "datetime": {"datetime": "2024-01-20 15:20:10", "elapsed": 3344.822242, "delta": 0.00308}}
{"target": -13.397622215683224, "params": {"colsample_bytree": 0.4430815116388753, "eta": 0.04893485651612152, "gamma": 340.69928678789904, "max_depth": 3.0, "min_child_weight": 3666.4725022787247, "num_boost_round": 5.0, "subsample": 0.12919702694811447}, "datetime": {"datetime": "2024-01-20 15:20:10", "elapsed": 3344.825341, "delta": 0.003099}}
{"target": -13.397593128753204, "params": {"colsample_bytree": 0.4430815116388753, "eta": 0.04893485651612152, "gamma": 340.69928678789904, "max_depth": 3.0, "min_child_weight": 3666.4725022787247, "num_boost_round": 6.0, "subsample": 0.12919702694811447}, "datetime": {"datetime": "2024-01-20 15:20:10", "elapsed": 3344.828323, "delta": 0.002982}}
{"target": -13.397632180159778, "params": {"colsample_bytree": 0.4430815116388753, "eta": 0.04893485651612152, "gamma": 340.69928678789904, "max_depth": 3.0, "min_child_weight": 3666.4725022787247, "num_boost_round": 7.0, "subsample": 0.12919702694811447}, "datetime": {"datetime": "2024-01-20 15:20:10", "elapsed": 3344.831543, "delta": 0.00322}}
{"target": -13.397662041857831, "params": {"colsample_bytree": 0.4430815116388753, "eta": 0.04893485651612152, "gamma": 340.69928678789904, "max_depth": 3.0, "min_child_weight": 3666.4725022787247, "num_boost_round": 8.0, "subsample": 0.12919702694811447}, "datetime": {"datetime": "2024-01-20 15:20:10", "elapsed": 3344.834522, "delta": 0.002979}}
{"target": -13.397823157067878, "params": {"colsample_bytree": 0.4430815116388753, "eta": 0.04893485651612152, "gamma": 340.69928678789904, "max_depth": 3.0, "min_child_weight": 3666.4725022787247, "num_boost_round": 9.0, "subsample": 0.12919702694811447}, "datetime": {"datetime": "2024-01-20 15:20:10", "elapsed": 3344.837529, "delta": 0.003007}}
{"target": -13.397636855910731, "params": {"colsample_bytree": 0.4430815116388753, "eta": 0.04893485651612152, "gamma": 340.69928678789904, "max_depth": 3.0, "min_child_weight": 3666.4725022787247, "num_boost_round": 10.0, "subsample": 0.12919702694811447}, "datetime": {"datetime": "2024-01-20 15:20:10", "elapsed": 3344.840641, "delta": 0.003112}}
{"target": -13.397524472781452, "params": {"colsample_bytree": 0.9927748349968948, "eta": 0.07559253113054734, "gamma": 283.87690257525645, "max_depth": 4.0, "min_child_weight": 3682.8755608152246, "num_boost_round": 1.0, "subsample": 0.6611655331740848}, "datetime": {"datetime": "2024-01-20 15:20:46", "elapsed": 3380.927652, "delta": 36.087011}}
{"target": -13.39799896677017, "params": {"colsample_bytree": 0.9927748349968948, "eta": 0.07559253113054734, "gamma": 283.87690257525645, "max_depth": 4.0, "min_child_weight": 3682.8755608152246, "num_boost_round": 2.0, "subsample": 0.6611655331740848}, "datetime": {"datetime": "2024-01-20 15:20:46", "elapsed": 3380.932722, "delta": 0.00507}}
{"target": -13.399276231991033, "params": {"colsample_bytree": 0.9927748349968948, "eta": 0.07559253113054734, "gamma": 283.87690257525645, "max_depth": 4.0, "min_child_weight": 3682.8755608152246, "num_boost_round": 3.0, "subsample": 0.6611655331740848}, "datetime": {"datetime": "2024-01-20 15:20:46", "elapsed": 3380.93604, "delta": 0.003318}}
{"target": -13.400073735749286, "params": {"colsample_bytree": 0.9927748349968948, "eta": 0.07559253113054734, "gamma": 283.87690257525645, "max_depth": 4.0, "min_child_weight": 3682.8755608152246, "num_boost_round": 4.0, "subsample": 0.6611655331740848}, "datetime": {"datetime": "2024-01-20 15:20:46", "elapsed": 3380.939119, "delta": 0.003079}}
{"target": -13.40116045816379, "params": {"colsample_bytree": 0.9927748349968948, "eta": 0.07559253113054734, "gamma": 283.87690257525645, "max_depth": 4.0, "min_child_weight": 3682.8755608152246, "num_boost_round": 5.0, "subsample": 0.6611655331740848}, "datetime": {"datetime": "2024-01-20 15:20:46", "elapsed": 3380.942322, "delta": 0.003203}}
{"target": -13.40225844899324, "params": {"colsample_bytree": 0.9927748349968948, "eta": 0.07559253113054734, "gamma": 283.87690257525645, "max_depth": 4.0, "min_child_weight": 3682.8755608152246, "num_boost_round": 6.0, "subsample": 0.6611655331740848}, "datetime": {"datetime": "2024-01-20 15:20:46", "elapsed": 3380.945323, "delta": 0.003001}}
{"target": -13.403161479835962, "params": {"colsample_bytree": 0.9927748349968948, "eta": 0.07559253113054734, "gamma": 283.87690257525645, "max_depth": 4.0, "min_child_weight": 3682.8755608152246, "num_boost_round": 7.0, "subsample": 0.6611655331740848}, "datetime": {"datetime": "2024-01-20 15:20:46", "elapsed": 3380.948565, "delta": 0.003242}}
{"target": -13.404167360294462, "params": {"colsample_bytree": 0.9927748349968948, "eta": 0.07559253113054734, "gamma": 283.87690257525645, "max_depth": 4.0, "min_child_weight": 3682.8755608152246, "num_boost_round": 8.0, "subsample": 0.6611655331740848}, "datetime": {"datetime": "2024-01-20 15:20:46", "elapsed": 3380.951654, "delta": 0.003089}}
{"target": -13.404844378435092, "params": {"colsample_bytree": 0.9927748349968948, "eta": 0.07559253113054734, "gamma": 283.87690257525645, "max_depth": 4.0, "min_child_weight": 3682.8755608152246, "num_boost_round": 9.0, "subsample": 0.6611655331740848}, "datetime": {"datetime": "2024-01-20 15:20:46", "elapsed": 3380.954808, "delta": 0.003154}}
{"target": -13.405936100432104, "params": {"colsample_bytree": 0.9927748349968948, "eta": 0.07559253113054734, "gamma": 283.87690257525645, "max_depth": 4.0, "min_child_weight": 3682.8755608152246, "num_boost_round": 10.0, "subsample": 0.6611655331740848}, "datetime": {"datetime": "2024-01-20 15:20:46", "elapsed": 3380.957967, "delta": 0.003159}}
{"target": -13.406481033188367, "params": {"colsample_bytree": 0.9927748349968948, "eta": 0.07559253113054734, "gamma": 283.87690257525645, "max_depth": 4.0, "min_child_weight": 3682.8755608152246, "num_boost_round": 11.0, "subsample": 0.6611655331740848}, "datetime": {"datetime": "2024-01-20 15:20:46", "elapsed": 3380.961079, "delta": 0.003112}}
{"target": -13.406951424692473, "params": {"colsample_bytree": 0.9927748349968948, "eta": 0.07559253113054734, "gamma": 283.87690257525645, "max_depth": 4.0, "min_child_weight": 3682.8755608152246, "num_boost_round": 12.0, "subsample": 0.6611655331740848}, "datetime": {"datetime": "2024-01-20 15:20:46", "elapsed": 3380.964053, "delta": 0.002974}}
{"target": -13.407968300709356, "params": {"colsample_bytree": 0.9927748349968948, "eta": 0.07559253113054734, "gamma": 283.87690257525645, "max_depth": 4.0, "min_child_weight": 3682.8755608152246, "num_boost_round": 13.0, "subsample": 0.6611655331740848}, "datetime": {"datetime": "2024-01-20 15:20:46", "elapsed": 3380.967239, "delta": 0.003186}}
{"target": -13.408368466954077, "params": {"colsample_bytree": 0.9927748349968948, "eta": 0.07559253113054734, "gamma": 283.87690257525645, "max_depth": 4.0, "min_child_weight": 3682.8755608152246, "num_boost_round": 14.0, "subsample": 0.6611655331740848}, "datetime": {"datetime": "2024-01-20 15:20:46", "elapsed": 3380.97045, "delta": 0.003211}}
{"target": -13.408793723133448, "params": {"colsample_bytree": 0.9927748349968948, "eta": 0.07559253113054734, "gamma": 283.87690257525645, "max_depth": 4.0, "min_child_weight": 3682.8755608152246, "num_boost_round": 15.0, "subsample": 0.6611655331740848}, "datetime": {"datetime": "2024-01-20 15:20:46", "elapsed": 3380.973606, "delta": 0.003156}}
{"target": -13.409436531363044, "params": {"colsample_bytree": 0.9927748349968948, "eta": 0.07559253113054734, "gamma": 283.87690257525645, "max_depth": 4.0, "min_child_weight": 3682.8755608152246, "num_boost_round": 16.0, "subsample": 0.6611655331740848}, "datetime": {"datetime": "2024-01-20 15:20:46", "elapsed": 3380.976586, "delta": 0.00298}}
{"target": -13.39773342656853, "params": {"colsample_bytree": 0.2798248807243999, "eta": 0.005795531525509363, "gamma": 466.04794787056215, "max_depth": 7.0, "min_child_weight": 3367.3224131514717, "num_boost_round": 1.0, "subsample": 0.9826723312058044}, "datetime": {"datetime": "2024-01-20 15:21:24", "elapsed": 3419.071803, "delta": 38.095217}}
{"target": -13.397742698990651, "params": {"colsample_bytree": 0.2798248807243999, "eta": 0.005795531525509363, "gamma": 466.04794787056215, "max_depth": 7.0, "min_child_weight": 3367.3224131514717, "num_boost_round": 2.0, "subsample": 0.9826723312058044}, "datetime": {"datetime": "2024-01-20 15:21:24", "elapsed": 3419.078637, "delta": 0.006834}}
{"target": -13.39774799211726, "params": {"colsample_bytree": 0.2798248807243999, "eta": 0.005795531525509363, "gamma": 466.04794787056215, "max_depth": 7.0, "min_child_weight": 3367.3224131514717, "num_boost_round": 3.0, "subsample": 0.9826723312058044}, "datetime": {"datetime": "2024-01-20 15:21:24", "elapsed": 3419.082154, "delta": 0.003517}}
{"target": -13.397799675037412, "params": {"colsample_bytree": 0.2798248807243999, "eta": 0.005795531525509363, "gamma": 466.04794787056215, "max_depth": 7.0, "min_child_weight": 3367.3224131514717, "num_boost_round": 4.0, "subsample": 0.9826723312058044}, "datetime": {"datetime": "2024-01-20 15:21:24", "elapsed": 3419.085317, "delta": 0.003163}}
{"target": -13.397879991227892, "params": {"colsample_bytree": 0.2798248807243999, "eta": 0.005795531525509363, "gamma": 466.04794787056215, "max_depth": 7.0, "min_child_weight": 3367.3224131514717, "num_boost_round": 5.0, "subsample": 0.9826723312058044}, "datetime": {"datetime": "2024-01-20 15:21:24", "elapsed": 3419.088719, "delta": 0.003402}}
{"target": -13.397880978842338, "params": {"colsample_bytree": 0.2798248807243999, "eta": 0.005795531525509363, "gamma": 466.04794787056215, "max_depth": 7.0, "min_child_weight": 3367.3224131514717, "num_boost_round": 6.0, "subsample": 0.9826723312058044}, "datetime": {"datetime": "2024-01-20 15:21:24", "elapsed": 3419.092003, "delta": 0.003284}}
{"target": -13.397946246769212, "params": {"colsample_bytree": 0.2798248807243999, "eta": 0.005795531525509363, "gamma": 466.04794787056215, "max_depth": 7.0, "min_child_weight": 3367.3224131514717, "num_boost_round": 7.0, "subsample": 0.9826723312058044}, "datetime": {"datetime": "2024-01-20 15:21:24", "elapsed": 3419.095339, "delta": 0.003336}}
{"target": -13.39798302454088, "params": {"colsample_bytree": 0.2798248807243999, "eta": 0.005795531525509363, "gamma": 466.04794787056215, "max_depth": 7.0, "min_child_weight": 3367.3224131514717, "num_boost_round": 8.0, "subsample": 0.9826723312058044}, "datetime": {"datetime": "2024-01-20 15:21:24", "elapsed": 3419.098655, "delta": 0.003316}}
{"target": -13.398001126931327, "params": {"colsample_bytree": 0.2798248807243999, "eta": 0.005795531525509363, "gamma": 466.04794787056215, "max_depth": 7.0, "min_child_weight": 3367.3224131514717, "num_boost_round": 9.0, "subsample": 0.9826723312058044}, "datetime": {"datetime": "2024-01-20 15:21:24", "elapsed": 3419.101821, "delta": 0.003166}}
{"target": -13.397999376912914, "params": {"colsample_bytree": 0.60475534301258, "eta": 0.08959624378569395, "gamma": 952.7225793019741, "max_depth": 5.0, "min_child_weight": 3748.9928371756696, "num_boost_round": 1.0, "subsample": 0.565787917467319}, "datetime": {"datetime": "2024-01-20 15:21:52", "elapsed": 3447.582019, "delta": 28.480198}}
{"target": -13.397776397770357, "params": {"colsample_bytree": 0.6364711283852305, "eta": 0.012135754963528313, "gamma": 257.83708531836345, "max_depth": 2.0, "min_child_weight": 3569.572364248079, "num_boost_round": 1.0, "subsample": 0.4099414886957189}, "datetime": {"datetime": "2024-01-20 15:22:44", "elapsed": 3499.087187, "delta": 51.505168}}
{"target": -13.397872347852966, "params": {"colsample_bytree": 0.6364711283852305, "eta": 0.012135754963528313, "gamma": 257.83708531836345, "max_depth": 2.0, "min_child_weight": 3569.572364248079, "num_boost_round": 2.0, "subsample": 0.4099414886957189}, "datetime": {"datetime": "2024-01-20 15:22:44", "elapsed": 3499.092247, "delta": 0.00506}}
{"target": -13.397883724882805, "params": {"colsample_bytree": 0.6364711283852305, "eta": 0.012135754963528313, "gamma": 257.83708531836345, "max_depth": 2.0, "min_child_weight": 3569.572364248079, "num_boost_round": 3.0, "subsample": 0.4099414886957189}, "datetime": {"datetime": "2024-01-20 15:22:44", "elapsed": 3499.095475, "delta": 0.003228}}
{"target": -13.397859887827284, "params": {"colsample_bytree": 0.6364711283852305, "eta": 0.012135754963528313, "gamma": 257.83708531836345, "max_depth": 2.0, "min_child_weight": 3569.572364248079, "num_boost_round": 4.0, "subsample": 0.4099414886957189}, "datetime": {"datetime": "2024-01-20 15:22:44", "elapsed": 3499.098818, "delta": 0.003343}}
{"target": -13.397878824381038, "params": {"colsample_bytree": 0.6364711283852305, "eta": 0.012135754963528313, "gamma": 257.83708531836345, "max_depth": 2.0, "min_child_weight": 3569.572364248079, "num_boost_round": 5.0, "subsample": 0.4099414886957189}, "datetime": {"datetime": "2024-01-20 15:22:44", "elapsed": 3499.102007, "delta": 0.003189}}
{"target": -13.397886579655665, "params": {"colsample_bytree": 0.6364711283852305, "eta": 0.012135754963528313, "gamma": 257.83708531836345, "max_depth": 2.0, "min_child_weight": 3569.572364248079, "num_boost_round": 6.0, "subsample": 0.4099414886957189}, "datetime": {"datetime": "2024-01-20 15:22:44", "elapsed": 3499.105218, "delta": 0.003211}}
