{"target": -10.47477993263647, "params": {"colsample_bytree": 0.3993106226904144, "eta": 0.046907283233697215, "gamma": 572.0497688305462, "max_depth": 9.0, "min_child_weight": 4688.510021155773, "num_boost_round": 21.0, "subsample": 0.7941107501931881}, "datetime": {"datetime": "2024-01-20 15:05:32", "elapsed": 6024.27836, "delta": 0.011481}}
{"target": -10.474815529778507, "params": {"colsample_bytree": 0.3993106226904144, "eta": 0.046907283233697215, "gamma": 572.0497688305462, "max_depth": 9.0, "min_child_weight": 4688.510021155773, "num_boost_round": 22.0, "subsample": 0.7941107501931881}, "datetime": {"datetime": "2024-01-20 15:05:32", "elapsed": 6024.283412, "delta": 0.005052}}
{"target": -10.47535394264325, "params": {"colsample_bytree": 0.6427449438371798, "eta": 0.06554701288997125, "gamma": 593.6057137116795, "max_depth": 6.0, "min_child_weight": 4637.363222285561, "num_boost_round": 1.0, "subsample": 0.2347215856093488}, "datetime": {"datetime": "2024-01-20 15:06:44", "elapsed": 6096.384153, "delta": 72.100741}}
{"target": -10.47487264310494, "params": {"colsample_bytree": 0.6427449438371798, "eta": 0.06554701288997125, "gamma": 593.6057137116795, "max_depth": 6.0, "min_child_weight": 4637.363222285561, "num_boost_round": 2.0, "subsample": 0.2347215856093488}, "datetime": {"datetime": "2024-01-20 15:06:44", "elapsed": 6096.390905, "delta": 0.006752}}
{"target": -10.474628513105381, "params": {"colsample_bytree": 0.6427449438371798, "eta": 0.06554701288997125, "gamma": 593.6057137116795, "max_depth": 6.0, "min_child_weight": 4637.363222285561, "num_boost_round": 3.0, "subsample": 0.2347215856093488}, "datetime": {"datetime": "2024-01-20 15:06:44", "elapsed": 6096.395669, "delta": 0.004764}}
{"target": -10.474443101398515, "params": {"colsample_bytree": 0.6427449438371798, "eta": 0.06554701288997125, "gamma": 593.6057137116795, "max_depth": 6.0, "min_child_weight": 4637.363222285561, "num_boost_round": 4.0, "subsample": 0.2347215856093488}, "datetime": {"datetime": "2024-01-20 15:06:44", "elapsed": 6096.40062, "delta": 0.004951}}
{"target": -10.474195022912221, "params": {"colsample_bytree": 0.6427449438371798, "eta": 0.06554701288997125, "gamma": 593.6057137116795, "max_depth": 6.0, "min_child_weight": 4637.363222285561, "num_boost_round": 5.0, "subsample": 0.2347215856093488}, "datetime": {"datetime": "2024-01-20 15:06:44", "elapsed": 6096.405255, "delta": 0.004635}}
{"target": -10.473888492768202, "params": {"colsample_bytree": 0.6427449438371798, "eta": 0.06554701288997125, "gamma": 593.6057137116795, "max_depth": 6.0, "min_child_weight": 4637.363222285561, "num_boost_round": 6.0, "subsample": 0.2347215856093488}, "datetime": {"datetime": "2024-01-20 15:06:44", "elapsed": 6096.410267, "delta": 0.005012}}
{"target": -10.47347429011507, "params": {"colsample_bytree": 0.6427449438371798, "eta": 0.06554701288997125, "gamma": 593.6057137116795, "max_depth": 6.0, "min_child_weight": 4637.363222285561, "num_boost_round": 7.0, "subsample": 0.2347215856093488}, "datetime": {"datetime": "2024-01-20 15:06:44", "elapsed": 6096.414948, "delta": 0.004681}}
{"target": -10.473477924279557, "params": {"colsample_bytree": 0.6427449438371798, "eta": 0.06554701288997125, "gamma": 593.6057137116795, "max_depth": 6.0, "min_child_weight": 4637.363222285561, "num_boost_round": 8.0, "subsample": 0.2347215856093488}, "datetime": {"datetime": "2024-01-20 15:06:44", "elapsed": 6096.419713, "delta": 0.004765}}
{"target": -10.47344391624808, "params": {"colsample_bytree": 0.6427449438371798, "eta": 0.06554701288997125, "gamma": 593.6057137116795, "max_depth": 6.0, "min_child_weight": 4637.363222285561, "num_boost_round": 9.0, "subsample": 0.2347215856093488}, "datetime": {"datetime": "2024-01-20 15:06:44", "elapsed": 6096.424276, "delta": 0.004563}}
{"target": -10.47338196928544, "params": {"colsample_bytree": 0.6427449438371798, "eta": 0.06554701288997125, "gamma": 593.6057137116795, "max_depth": 6.0, "min_child_weight": 4637.363222285561, "num_boost_round": 10.0, "subsample": 0.2347215856093488}, "datetime": {"datetime": "2024-01-20 15:06:44", "elapsed": 6096.42924, "delta": 0.004964}}
{"target": -10.473267729907604, "params": {"colsample_bytree": 0.6427449438371798, "eta": 0.06554701288997125, "gamma": 593.6057137116795, "max_depth": 6.0, "min_child_weight": 4637.363222285561, "num_boost_round": 11.0, "subsample": 0.2347215856093488}, "datetime": {"datetime": "2024-01-20 15:06:44", "elapsed": 6096.433849, "delta": 0.004609}}
{"target": -10.473354900275869, "params": {"colsample_bytree": 0.6427449438371798, "eta": 0.06554701288997125, "gamma": 593.6057137116795, "max_depth": 6.0, "min_child_weight": 4637.363222285561, "num_boost_round": 12.0, "subsample": 0.2347215856093488}, "datetime": {"datetime": "2024-01-20 15:06:44", "elapsed": 6096.438587, "delta": 0.004738}}
{"target": -10.473512547340452, "params": {"colsample_bytree": 0.6427449438371798, "eta": 0.06554701288997125, "gamma": 593.6057137116795, "max_depth": 6.0, "min_child_weight": 4637.363222285561, "num_boost_round": 13.0, "subsample": 0.2347215856093488}, "datetime": {"datetime": "2024-01-20 15:06:44", "elapsed": 6096.443198, "delta": 0.004611}}
{"target": -10.473608138483577, "params": {"colsample_bytree": 0.6427449438371798, "eta": 0.06554701288997125, "gamma": 593.6057137116795, "max_depth": 6.0, "min_child_weight": 4637.363222285561, "num_boost_round": 14.0, "subsample": 0.2347215856093488}, "datetime": {"datetime": "2024-01-20 15:06:44", "elapsed": 6096.44801, "delta": 0.004812}}
{"target": -10.47355873424582, "params": {"colsample_bytree": 0.6427449438371798, "eta": 0.06554701288997125, "gamma": 593.6057137116795, "max_depth": 6.0, "min_child_weight": 4637.363222285561, "num_boost_round": 15.0, "subsample": 0.2347215856093488}, "datetime": {"datetime": "2024-01-20 15:06:44", "elapsed": 6096.452672, "delta": 0.004662}}
{"target": -10.473599789758765, "params": {"colsample_bytree": 0.6427449438371798, "eta": 0.06554701288997125, "gamma": 593.6057137116795, "max_depth": 6.0, "min_child_weight": 4637.363222285561, "num_boost_round": 16.0, "subsample": 0.2347215856093488}, "datetime": {"datetime": "2024-01-20 15:06:44", "elapsed": 6096.45751, "delta": 0.004838}}
{"target": -10.473907515017434, "params": {"colsample_bytree": 0.6427449438371798, "eta": 0.06554701288997125, "gamma": 593.6057137116795, "max_depth": 6.0, "min_child_weight": 4637.363222285561, "num_boost_round": 17.0, "subsample": 0.2347215856093488}, "datetime": {"datetime": "2024-01-20 15:06:44", "elapsed": 6096.462315, "delta": 0.004805}}
{"target": -10.474113565279831, "params": {"colsample_bytree": 0.6427449438371798, "eta": 0.06554701288997125, "gamma": 593.6057137116795, "max_depth": 6.0, "min_child_weight": 4637.363222285561, "num_boost_round": 18.0, "subsample": 0.2347215856093488}, "datetime": {"datetime": "2024-01-20 15:06:44", "elapsed": 6096.467319, "delta": 0.005004}}
{"target": -10.474041885495948, "params": {"colsample_bytree": 0.6427449438371798, "eta": 0.06554701288997125, "gamma": 593.6057137116795, "max_depth": 6.0, "min_child_weight": 4637.363222285561, "num_boost_round": 19.0, "subsample": 0.2347215856093488}, "datetime": {"datetime": "2024-01-20 15:06:44", "elapsed": 6096.472103, "delta": 0.004784}}
{"target": -10.4743282355924, "params": {"colsample_bytree": 0.6427449438371798, "eta": 0.06554701288997125, "gamma": 593.6057137116795, "max_depth": 6.0, "min_child_weight": 4637.363222285561, "num_boost_round": 20.0, "subsample": 0.2347215856093488}, "datetime": {"datetime": "2024-01-20 15:06:44", "elapsed": 6096.477328, "delta": 0.005225}}
{"target": -10.474584520906603, "params": {"colsample_bytree": 0.6427449438371798, "eta": 0.06554701288997125, "gamma": 593.6057137116795, "max_depth": 6.0, "min_child_weight": 4637.363222285561, "num_boost_round": 21.0, "subsample": 0.2347215856093488}, "datetime": {"datetime": "2024-01-20 15:06:44", "elapsed": 6096.482375, "delta": 0.005047}}
{"target": -10.474976522289898, "params": {"colsample_bytree": 0.6427449438371798, "eta": 0.06554701288997125, "gamma": 593.6057137116795, "max_depth": 6.0, "min_child_weight": 4637.363222285561, "num_boost_round": 22.0, "subsample": 0.2347215856093488}, "datetime": {"datetime": "2024-01-20 15:06:44", "elapsed": 6096.487679, "delta": 0.005304}}
{"target": -10.476110777193831, "params": {"colsample_bytree": 0.7362379528046594, "eta": 0.09359393182249605, "gamma": 554.9970548487195, "max_depth": 2.0, "min_child_weight": 4549.762887912994, "num_boost_round": 1.0, "subsample": 0.72437558960646}, "datetime": {"datetime": "2024-01-20 15:08:09", "elapsed": 6181.775249, "delta": 85.28757}}
{"target": -10.476031472450035, "params": {"colsample_bytree": 0.7362379528046594, "eta": 0.09359393182249605, "gamma": 554.9970548487195, "max_depth": 2.0, "min_child_weight": 4549.762887912994, "num_boost_round": 2.0, "subsample": 0.72437558960646}, "datetime": {"datetime": "2024-01-20 15:08:09", "elapsed": 6181.78199, "delta": 0.006741}}
{"target": -10.476336437151607, "params": {"colsample_bytree": 0.7362379528046594, "eta": 0.09359393182249605, "gamma": 554.9970548487195, "max_depth": 2.0, "min_child_weight": 4549.762887912994, "num_boost_round": 3.0, "subsample": 0.72437558960646}, "datetime": {"datetime": "2024-01-20 15:08:09", "elapsed": 6181.786678, "delta": 0.004688}}
{"target": -10.476369066223622, "params": {"colsample_bytree": 0.7362379528046594, "eta": 0.09359393182249605, "gamma": 554.9970548487195, "max_depth": 2.0, "min_child_weight": 4549.762887912994, "num_boost_round": 4.0, "subsample": 0.72437558960646}, "datetime": {"datetime": "2024-01-20 15:08:09", "elapsed": 6181.791492, "delta": 0.004814}}
{"target": -10.476505032835945, "params": {"colsample_bytree": 0.7362379528046594, "eta": 0.09359393182249605, "gamma": 554.9970548487195, "max_depth": 2.0, "min_child_weight": 4549.762887912994, "num_boost_round": 5.0, "subsample": 0.72437558960646}, "datetime": {"datetime": "2024-01-20 15:08:09", "elapsed": 6181.796211, "delta": 0.004719}}
{"target": -10.47713726628361, "params": {"colsample_bytree": 0.7362379528046594, "eta": 0.09359393182249605, "gamma": 554.9970548487195, "max_depth": 2.0, "min_child_weight": 4549.762887912994, "num_boost_round": 6.0, "subsample": 0.72437558960646}, "datetime": {"datetime": "2024-01-20 15:08:09", "elapsed": 6181.800874, "delta": 0.004663}}
{"target": -10.477753468887613, "params": {"colsample_bytree": 0.7362379528046594, "eta": 0.09359393182249605, "gamma": 554.9970548487195, "max_depth": 2.0, "min_child_weight": 4549.762887912994, "num_boost_round": 7.0, "subsample": 0.72437558960646}, "datetime": {"datetime": "2024-01-20 15:08:09", "elapsed": 6181.805452, "delta": 0.004578}}
{"target": -10.477073753312322, "params": {"colsample_bytree": 0.7362379528046594, "eta": 0.09359393182249605, "gamma": 554.9970548487195, "max_depth": 2.0, "min_child_weight": 4549.762887912994, "num_boost_round": 8.0, "subsample": 0.72437558960646}, "datetime": {"datetime": "2024-01-20 15:08:09", "elapsed": 6181.810253, "delta": 0.004801}}
{"target": -10.477374320429913, "params": {"colsample_bytree": 0.7362379528046594, "eta": 0.09359393182249605, "gamma": 554.9970548487195, "max_depth": 2.0, "min_child_weight": 4549.762887912994, "num_boost_round": 9.0, "subsample": 0.72437558960646}, "datetime": {"datetime": "2024-01-20 15:08:09", "elapsed": 6181.814901, "delta": 0.004648}}
{"target": -10.477173297124747, "params": {"colsample_bytree": 0.7362379528046594, "eta": 0.09359393182249605, "gamma": 554.9970548487195, "max_depth": 2.0, "min_child_weight": 4549.762887912994, "num_boost_round": 10.0, "subsample": 0.72437558960646}, "datetime": {"datetime": "2024-01-20 15:08:09", "elapsed": 6181.819625, "delta": 0.004724}}
{"target": -10.477908418008633, "params": {"colsample_bytree": 0.7362379528046594, "eta": 0.09359393182249605, "gamma": 554.9970548487195, "max_depth": 2.0, "min_child_weight": 4549.762887912994, "num_boost_round": 11.0, "subsample": 0.72437558960646}, "datetime": {"datetime": "2024-01-20 15:08:09", "elapsed": 6181.824252, "delta": 0.004627}}
{"target": -10.478254055173167, "params": {"colsample_bytree": 0.7362379528046594, "eta": 0.09359393182249605, "gamma": 554.9970548487195, "max_depth": 2.0, "min_child_weight": 4549.762887912994, "num_boost_round": 12.0, "subsample": 0.72437558960646}, "datetime": {"datetime": "2024-01-20 15:08:09", "elapsed": 6181.829028, "delta": 0.004776}}
{"target": -10.478570379971071, "params": {"colsample_bytree": 0.7362379528046594, "eta": 0.09359393182249605, "gamma": 554.9970548487195, "max_depth": 2.0, "min_child_weight": 4549.762887912994, "num_boost_round": 13.0, "subsample": 0.72437558960646}, "datetime": {"datetime": "2024-01-20 15:08:09", "elapsed": 6181.833865, "delta": 0.004837}}
{"target": -10.478632127314807, "params": {"colsample_bytree": 0.7362379528046594, "eta": 0.09359393182249605, "gamma": 554.9970548487195, "max_depth": 2.0, "min_child_weight": 4549.762887912994, "num_boost_round": 14.0, "subsample": 0.72437558960646}, "datetime": {"datetime": "2024-01-20 15:08:09", "elapsed": 6181.838567, "delta": 0.004702}}
{"target": -10.478613789982578, "params": {"colsample_bytree": 0.7362379528046594, "eta": 0.09359393182249605, "gamma": 554.9970548487195, "max_depth": 2.0, "min_child_weight": 4549.762887912994, "num_boost_round": 15.0, "subsample": 0.72437558960646}, "datetime": {"datetime": "2024-01-20 15:08:09", "elapsed": 6181.843165, "delta": 0.004598}}
{"target": -10.479333214485838, "params": {"colsample_bytree": 0.7362379528046594, "eta": 0.09359393182249605, "gamma": 554.9970548487195, "max_depth": 2.0, "min_child_weight": 4549.762887912994, "num_boost_round": 16.0, "subsample": 0.72437558960646}, "datetime": {"datetime": "2024-01-20 15:08:09", "elapsed": 6181.847844, "delta": 0.004679}}
{"target": -10.479607876088258, "params": {"colsample_bytree": 0.7362379528046594, "eta": 0.09359393182249605, "gamma": 554.9970548487195, "max_depth": 2.0, "min_child_weight": 4549.762887912994, "num_boost_round": 17.0, "subsample": 0.72437558960646}, "datetime": {"datetime": "2024-01-20 15:08:09", "elapsed": 6181.852506, "delta": 0.004662}}
{"target": -10.479678767686979, "params": {"colsample_bytree": 0.7362379528046594, "eta": 0.09359393182249605, "gamma": 554.9970548487195, "max_depth": 2.0, "min_child_weight": 4549.762887912994, "num_boost_round": 18.0, "subsample": 0.72437558960646}, "datetime": {"datetime": "2024-01-20 15:08:09", "elapsed": 6181.857214, "delta": 0.004708}}
{"target": -10.479864221728857, "params": {"colsample_bytree": 0.7362379528046594, "eta": 0.09359393182249605, "gamma": 554.9970548487195, "max_depth": 2.0, "min_child_weight": 4549.762887912994, "num_boost_round": 19.0, "subsample": 0.72437558960646}, "datetime": {"datetime": "2024-01-20 15:08:09", "elapsed": 6181.861931, "delta": 0.004717}}
{"target": -10.480053755171546, "params": {"colsample_bytree": 0.7362379528046594, "eta": 0.09359393182249605, "gamma": 554.9970548487195, "max_depth": 2.0, "min_child_weight": 4549.762887912994, "num_boost_round": 20.0, "subsample": 0.72437558960646}, "datetime": {"datetime": "2024-01-20 15:08:09", "elapsed": 6181.866781, "delta": 0.00485}}
{"target": -10.480147223388421, "params": {"colsample_bytree": 0.7362379528046594, "eta": 0.09359393182249605, "gamma": 554.9970548487195, "max_depth": 2.0, "min_child_weight": 4549.762887912994, "num_boost_round": 21.0, "subsample": 0.72437558960646}, "datetime": {"datetime": "2024-01-20 15:08:09", "elapsed": 6181.871472, "delta": 0.004691}}
{"target": -10.480261053470738, "params": {"colsample_bytree": 0.7362379528046594, "eta": 0.09359393182249605, "gamma": 554.9970548487195, "max_depth": 2.0, "min_child_weight": 4549.762887912994, "num_boost_round": 22.0, "subsample": 0.72437558960646}, "datetime": {"datetime": "2024-01-20 15:08:09", "elapsed": 6181.876262, "delta": 0.00479}}
{"target": -10.480268061453335, "params": {"colsample_bytree": 0.7362379528046594, "eta": 0.09359393182249605, "gamma": 554.9970548487195, "max_depth": 2.0, "min_child_weight": 4549.762887912994, "num_boost_round": 23.0, "subsample": 0.72437558960646}, "datetime": {"datetime": "2024-01-20 15:08:09", "elapsed": 6181.880911, "delta": 0.004649}}
{"target": -10.48048281639452, "params": {"colsample_bytree": 0.7362379528046594, "eta": 0.09359393182249605, "gamma": 554.9970548487195, "max_depth": 2.0, "min_child_weight": 4549.762887912994, "num_boost_round": 24.0, "subsample": 0.72437558960646}, "datetime": {"datetime": "2024-01-20 15:08:09", "elapsed": 6181.885608, "delta": 0.004697}}
{"target": -10.480451382364764, "params": {"colsample_bytree": 0.7362379528046594, "eta": 0.09359393182249605, "gamma": 554.9970548487195, "max_depth": 2.0, "min_child_weight": 4549.762887912994, "num_boost_round": 25.0, "subsample": 0.72437558960646}, "datetime": {"datetime": "2024-01-20 15:08:09", "elapsed": 6181.890201, "delta": 0.004593}}
{"target": -10.480845230990479, "params": {"colsample_bytree": 0.7362379528046594, "eta": 0.09359393182249605, "gamma": 554.9970548487195, "max_depth": 2.0, "min_child_weight": 4549.762887912994, "num_boost_round": 26.0, "subsample": 0.72437558960646}, "datetime": {"datetime": "2024-01-20 15:08:09", "elapsed": 6181.894794, "delta": 0.004593}}
{"target": -10.480768933516373, "params": {"colsample_bytree": 0.7362379528046594, "eta": 0.09359393182249605, "gamma": 554.9970548487195, "max_depth": 2.0, "min_child_weight": 4549.762887912994, "num_boost_round": 27.0, "subsample": 0.72437558960646}, "datetime": {"datetime": "2024-01-20 15:08:09", "elapsed": 6181.899484, "delta": 0.00469}}
{"target": -10.481116140109497, "params": {"colsample_bytree": 0.7362379528046594, "eta": 0.09359393182249605, "gamma": 554.9970548487195, "max_depth": 2.0, "min_child_weight": 4549.762887912994, "num_boost_round": 28.0, "subsample": 0.72437558960646}, "datetime": {"datetime": "2024-01-20 15:08:09", "elapsed": 6181.904197, "delta": 0.004713}}
{"target": -10.481453321750028, "params": {"colsample_bytree": 0.7362379528046594, "eta": 0.09359393182249605, "gamma": 554.9970548487195, "max_depth": 2.0, "min_child_weight": 4549.762887912994, "num_boost_round": 29.0, "subsample": 0.72437558960646}, "datetime": {"datetime": "2024-01-20 15:08:09", "elapsed": 6181.908823, "delta": 0.004626}}
{"target": -10.481401432116696, "params": {"colsample_bytree": 0.7362379528046594, "eta": 0.09359393182249605, "gamma": 554.9970548487195, "max_depth": 2.0, "min_child_weight": 4549.762887912994, "num_boost_round": 30.0, "subsample": 0.72437558960646}, "datetime": {"datetime": "2024-01-20 15:08:09", "elapsed": 6181.913495, "delta": 0.004672}}
{"target": -10.480854350928498, "params": {"colsample_bytree": 0.7362379528046594, "eta": 0.09359393182249605, "gamma": 554.9970548487195, "max_depth": 2.0, "min_child_weight": 4549.762887912994, "num_boost_round": 31.0, "subsample": 0.72437558960646}, "datetime": {"datetime": "2024-01-20 15:08:09", "elapsed": 6181.918159, "delta": 0.004664}}
{"target": -10.475200897210769, "params": {"colsample_bytree": 0.6834054481515544, "eta": 0.08056311830540797, "gamma": 461.52129653010843, "max_depth": 7.0, "min_child_weight": 4655.7803150114205, "num_boost_round": 1.0, "subsample": 0.1146273747341726}, "datetime": {"datetime": "2024-01-20 15:10:06", "elapsed": 6298.653914, "delta": 116.735755}}
{"target": -10.47474206307275, "params": {"colsample_bytree": 0.6834054481515544, "eta": 0.08056311830540797, "gamma": 461.52129653010843, "max_depth": 7.0, "min_child_weight": 4655.7803150114205, "num_boost_round": 2.0, "subsample": 0.1146273747341726}, "datetime": {"datetime": "2024-01-20 15:10:06", "elapsed": 6298.660902, "delta": 0.006988}}
{"target": -10.474865241634397, "params": {"colsample_bytree": 0.6834054481515544, "eta": 0.08056311830540797, "gamma": 461.52129653010843, "max_depth": 7.0, "min_child_weight": 4655.7803150114205, "num_boost_round": 3.0, "subsample": 0.1146273747341726}, "datetime": {"datetime": "2024-01-20 15:10:06", "elapsed": 6299.034458, "delta": 0.373556}}
{"target": -10.474960827408623, "params": {"colsample_bytree": 0.6834054481515544, "eta": 0.08056311830540797, "gamma": 461.52129653010843, "max_depth": 7.0, "min_child_weight": 4655.7803150114205, "num_boost_round": 4.0, "subsample": 0.1146273747341726}, "datetime": {"datetime": "2024-01-20 15:10:06", "elapsed": 6299.041186, "delta": 0.006728}}
{"target": -10.474734853900838, "params": {"colsample_bytree": 0.6834054481515544, "eta": 0.08056311830540797, "gamma": 461.52129653010843, "max_depth": 7.0, "min_child_weight": 4655.7803150114205, "num_boost_round": 5.0, "subsample": 0.1146273747341726}, "datetime": {"datetime": "2024-01-20 15:10:07", "elapsed": 6299.046947, "delta": 0.005761}}
{"target": -10.474934205242054, "params": {"colsample_bytree": 0.6834054481515544, "eta": 0.08056311830540797, "gamma": 461.52129653010843, "max_depth": 7.0, "min_child_weight": 4655.7803150114205, "num_boost_round": 6.0, "subsample": 0.1146273747341726}, "datetime": {"datetime": "2024-01-20 15:10:07", "elapsed": 6299.052605, "delta": 0.005658}}
{"target": -10.47517447465393, "params": {"colsample_bytree": 0.6834054481515544, "eta": 0.08056311830540797, "gamma": 461.52129653010843, "max_depth": 7.0, "min_child_weight": 4655.7803150114205, "num_boost_round": 7.0, "subsample": 0.1146273747341726}, "datetime": {"datetime": "2024-01-20 15:10:07", "elapsed": 6299.057619, "delta": 0.005014}}
{"target": -10.475297784216327, "params": {"colsample_bytree": 0.6834054481515544, "eta": 0.08056311830540797, "gamma": 461.52129653010843, "max_depth": 7.0, "min_child_weight": 4655.7803150114205, "num_boost_round": 8.0, "subsample": 0.1146273747341726}, "datetime": {"datetime": "2024-01-20 15:10:07", "elapsed": 6299.062609, "delta": 0.00499}}
