{"target": -12.357297950428213, "params": {"colsample_bytree": 0.6463658215907078, "eta": 0.042310618303722236, "gamma": 607.5945872019596, "max_depth": 9.0, "min_child_weight": 4266.2397402066845, "num_boost_round": 1.0, "subsample": 0.38959354709601746}, "datetime": {"datetime": "2024-01-20 15:31:29", "elapsed": 4055.551098, "delta": 65.826278}}
{"target": -12.354843034553213, "params": {"colsample_bytree": 0.6463658215907078, "eta": 0.042310618303722236, "gamma": 607.5945872019596, "max_depth": 9.0, "min_child_weight": 4266.2397402066845, "num_boost_round": 2.0, "subsample": 0.38959354709601746}, "datetime": {"datetime": "2024-01-20 15:31:29", "elapsed": 4055.557641, "delta": 0.006543}}
{"target": -12.35261208892766, "params": {"colsample_bytree": 0.6463658215907078, "eta": 0.042310618303722236, "gamma": 607.5945872019596, "max_depth": 9.0, "min_child_weight": 4266.2397402066845, "num_boost_round": 3.0, "subsample": 0.38959354709601746}, "datetime": {"datetime": "2024-01-20 15:31:29", "elapsed": 4055.56375, "delta": 0.006109}}
{"target": -12.352067379953805, "params": {"colsample_bytree": 0.6463658215907078, "eta": 0.042310618303722236, "gamma": 607.5945872019596, "max_depth": 9.0, "min_child_weight": 4266.2397402066845, "num_boost_round": 4.0, "subsample": 0.38959354709601746}, "datetime": {"datetime": "2024-01-20 15:31:29", "elapsed": 4055.569118, "delta": 0.005368}}
{"target": -12.350454190876366, "params": {"colsample_bytree": 0.6463658215907078, "eta": 0.042310618303722236, "gamma": 607.5945872019596, "max_depth": 9.0, "min_child_weight": 4266.2397402066845, "num_boost_round": 5.0, "subsample": 0.38959354709601746}, "datetime": {"datetime": "2024-01-20 15:31:29", "elapsed": 4055.574612, "delta": 0.005494}}
{"target": -12.349067264378533, "params": {"colsample_bytree": 0.6463658215907078, "eta": 0.042310618303722236, "gamma": 607.5945872019596, "max_depth": 9.0, "min_child_weight": 4266.2397402066845, "num_boost_round": 6.0, "subsample": 0.38959354709601746}, "datetime": {"datetime": "2024-01-20 15:31:29", "elapsed": 4055.580281, "delta": 0.005669}}
{"target": -12.347963296391475, "params": {"colsample_bytree": 0.6463658215907078, "eta": 0.042310618303722236, "gamma": 607.5945872019596, "max_depth": 9.0, "min_child_weight": 4266.2397402066845, "num_boost_round": 7.0, "subsample": 0.38959354709601746}, "datetime": {"datetime": "2024-01-20 15:31:29", "elapsed": 4055.585816, "delta": 0.005535}}
{"target": -12.347446634636968, "params": {"colsample_bytree": 0.6463658215907078, "eta": 0.042310618303722236, "gamma": 607.5945872019596, "max_depth": 9.0, "min_child_weight": 4266.2397402066845, "num_boost_round": 8.0, "subsample": 0.38959354709601746}, "datetime": {"datetime": "2024-01-20 15:31:29", "elapsed": 4055.591486, "delta": 0.00567}}
{"target": -12.346720403459766, "params": {"colsample_bytree": 0.6463658215907078, "eta": 0.042310618303722236, "gamma": 607.5945872019596, "max_depth": 9.0, "min_child_weight": 4266.2397402066845, "num_boost_round": 9.0, "subsample": 0.38959354709601746}, "datetime": {"datetime": "2024-01-20 15:31:29", "elapsed": 4055.597132, "delta": 0.005646}}
{"target": -12.346121551293237, "params": {"colsample_bytree": 0.6463658215907078, "eta": 0.042310618303722236, "gamma": 607.5945872019596, "max_depth": 9.0, "min_child_weight": 4266.2397402066845, "num_boost_round": 10.0, "subsample": 0.38959354709601746}, "datetime": {"datetime": "2024-01-20 15:31:29", "elapsed": 4055.602648, "delta": 0.005516}}
{"target": -12.345510450552737, "params": {"colsample_bytree": 0.6463658215907078, "eta": 0.042310618303722236, "gamma": 607.5945872019596, "max_depth": 9.0, "min_child_weight": 4266.2397402066845, "num_boost_round": 11.0, "subsample": 0.38959354709601746}, "datetime": {"datetime": "2024-01-20 15:31:29", "elapsed": 4055.608058, "delta": 0.00541}}
{"target": -12.34504141359022, "params": {"colsample_bytree": 0.6463658215907078, "eta": 0.042310618303722236, "gamma": 607.5945872019596, "max_depth": 9.0, "min_child_weight": 4266.2397402066845, "num_boost_round": 12.0, "subsample": 0.38959354709601746}, "datetime": {"datetime": "2024-01-20 15:31:29", "elapsed": 4055.613547, "delta": 0.005489}}
{"target": -12.344741908308475, "params": {"colsample_bytree": 0.6463658215907078, "eta": 0.042310618303722236, "gamma": 607.5945872019596, "max_depth": 9.0, "min_child_weight": 4266.2397402066845, "num_boost_round": 13.0, "subsample": 0.38959354709601746}, "datetime": {"datetime": "2024-01-20 15:31:29", "elapsed": 4055.619365, "delta": 0.005818}}
{"target": -12.34429201565424, "params": {"colsample_bytree": 0.6463658215907078, "eta": 0.042310618303722236, "gamma": 607.5945872019596, "max_depth": 9.0, "min_child_weight": 4266.2397402066845, "num_boost_round": 14.0, "subsample": 0.38959354709601746}, "datetime": {"datetime": "2024-01-20 15:31:29", "elapsed": 4055.625263, "delta": 0.005898}}
{"target": -12.343361836016665, "params": {"colsample_bytree": 0.6463658215907078, "eta": 0.042310618303722236, "gamma": 607.5945872019596, "max_depth": 9.0, "min_child_weight": 4266.2397402066845, "num_boost_round": 15.0, "subsample": 0.38959354709601746}, "datetime": {"datetime": "2024-01-20 15:31:29", "elapsed": 4055.631074, "delta": 0.005811}}
{"target": -12.35529548392286, "params": {"colsample_bytree": 0.8794049338858828, "eta": 0.07489095332210521, "gamma": 551.781241772856, "max_depth": 3.0, "min_child_weight": 4249.634475049587, "num_boost_round": 1.0, "subsample": 0.17544048791117858}, "datetime": {"datetime": "2024-01-20 15:32:50", "elapsed": 4136.543055, "delta": 80.911981}}
{"target": -12.353016921818954, "params": {"colsample_bytree": 0.8794049338858828, "eta": 0.07489095332210521, "gamma": 551.781241772856, "max_depth": 3.0, "min_child_weight": 4249.634475049587, "num_boost_round": 2.0, "subsample": 0.17544048791117858}, "datetime": {"datetime": "2024-01-20 15:32:50", "elapsed": 4136.549443, "delta": 0.006388}}
{"target": -12.350943673328587, "params": {"colsample_bytree": 0.8794049338858828, "eta": 0.07489095332210521, "gamma": 551.781241772856, "max_depth": 3.0, "min_child_weight": 4249.634475049587, "num_boost_round": 3.0, "subsample": 0.17544048791117858}, "datetime": {"datetime": "2024-01-20 15:32:50", "elapsed": 4136.554353, "delta": 0.00491}}
{"target": -12.349906813276238, "params": {"colsample_bytree": 0.8794049338858828, "eta": 0.07489095332210521, "gamma": 551.781241772856, "max_depth": 3.0, "min_child_weight": 4249.634475049587, "num_boost_round": 4.0, "subsample": 0.17544048791117858}, "datetime": {"datetime": "2024-01-20 15:32:50", "elapsed": 4136.559213, "delta": 0.00486}}
{"target": -12.348610072854681, "params": {"colsample_bytree": 0.8794049338858828, "eta": 0.07489095332210521, "gamma": 551.781241772856, "max_depth": 3.0, "min_child_weight": 4249.634475049587, "num_boost_round": 5.0, "subsample": 0.17544048791117858}, "datetime": {"datetime": "2024-01-20 15:32:50", "elapsed": 4136.564173, "delta": 0.00496}}
{"target": -12.347742403396616, "params": {"colsample_bytree": 0.8794049338858828, "eta": 0.07489095332210521, "gamma": 551.781241772856, "max_depth": 3.0, "min_child_weight": 4249.634475049587, "num_boost_round": 6.0, "subsample": 0.17544048791117858}, "datetime": {"datetime": "2024-01-20 15:32:50", "elapsed": 4136.569367, "delta": 0.005194}}
{"target": -12.347070222416562, "params": {"colsample_bytree": 0.8794049338858828, "eta": 0.07489095332210521, "gamma": 551.781241772856, "max_depth": 3.0, "min_child_weight": 4249.634475049587, "num_boost_round": 7.0, "subsample": 0.17544048791117858}, "datetime": {"datetime": "2024-01-20 15:32:50", "elapsed": 4136.574161, "delta": 0.004794}}
{"target": -12.346205357217183, "params": {"colsample_bytree": 0.8794049338858828, "eta": 0.07489095332210521, "gamma": 551.781241772856, "max_depth": 3.0, "min_child_weight": 4249.634475049587, "num_boost_round": 8.0, "subsample": 0.17544048791117858}, "datetime": {"datetime": "2024-01-20 15:32:50", "elapsed": 4136.579001, "delta": 0.00484}}
{"target": -12.34560070733454, "params": {"colsample_bytree": 0.8794049338858828, "eta": 0.07489095332210521, "gamma": 551.781241772856, "max_depth": 3.0, "min_child_weight": 4249.634475049587, "num_boost_round": 9.0, "subsample": 0.17544048791117858}, "datetime": {"datetime": "2024-01-20 15:32:50", "elapsed": 4136.583712, "delta": 0.004711}}
{"target": -12.344984798580162, "params": {"colsample_bytree": 0.8794049338858828, "eta": 0.07489095332210521, "gamma": 551.781241772856, "max_depth": 3.0, "min_child_weight": 4249.634475049587, "num_boost_round": 10.0, "subsample": 0.17544048791117858}, "datetime": {"datetime": "2024-01-20 15:32:50", "elapsed": 4136.588388, "delta": 0.004676}}
{"target": -12.344442708456125, "params": {"colsample_bytree": 0.8794049338858828, "eta": 0.07489095332210521, "gamma": 551.781241772856, "max_depth": 3.0, "min_child_weight": 4249.634475049587, "num_boost_round": 11.0, "subsample": 0.17544048791117858}, "datetime": {"datetime": "2024-01-20 15:32:50", "elapsed": 4136.593199, "delta": 0.004811}}
{"target": -12.344215016913818, "params": {"colsample_bytree": 0.8794049338858828, "eta": 0.07489095332210521, "gamma": 551.781241772856, "max_depth": 3.0, "min_child_weight": 4249.634475049587, "num_boost_round": 12.0, "subsample": 0.17544048791117858}, "datetime": {"datetime": "2024-01-20 15:32:50", "elapsed": 4136.598437, "delta": 0.005238}}
{"target": -12.344111809092446, "params": {"colsample_bytree": 0.8794049338858828, "eta": 0.07489095332210521, "gamma": 551.781241772856, "max_depth": 3.0, "min_child_weight": 4249.634475049587, "num_boost_round": 13.0, "subsample": 0.17544048791117858}, "datetime": {"datetime": "2024-01-20 15:32:50", "elapsed": 4136.60328, "delta": 0.004843}}
{"target": -12.344483810781611, "params": {"colsample_bytree": 0.8794049338858828, "eta": 0.07489095332210521, "gamma": 551.781241772856, "max_depth": 3.0, "min_child_weight": 4249.634475049587, "num_boost_round": 14.0, "subsample": 0.17544048791117858}, "datetime": {"datetime": "2024-01-20 15:32:50", "elapsed": 4136.607968, "delta": 0.004688}}
{"target": -12.34414848346151, "params": {"colsample_bytree": 0.8794049338858828, "eta": 0.07489095332210521, "gamma": 551.781241772856, "max_depth": 3.0, "min_child_weight": 4249.634475049587, "num_boost_round": 15.0, "subsample": 0.17544048791117858}, "datetime": {"datetime": "2024-01-20 15:32:50", "elapsed": 4136.612621, "delta": 0.004653}}
{"target": -12.34408119215749, "params": {"colsample_bytree": 0.8794049338858828, "eta": 0.07489095332210521, "gamma": 551.781241772856, "max_depth": 3.0, "min_child_weight": 4249.634475049587, "num_boost_round": 16.0, "subsample": 0.17544048791117858}, "datetime": {"datetime": "2024-01-20 15:32:50", "elapsed": 4136.61749, "delta": 0.004869}}
{"target": -12.344185262336065, "params": {"colsample_bytree": 0.8794049338858828, "eta": 0.07489095332210521, "gamma": 551.781241772856, "max_depth": 3.0, "min_child_weight": 4249.634475049587, "num_boost_round": 17.0, "subsample": 0.17544048791117858}, "datetime": {"datetime": "2024-01-20 15:32:50", "elapsed": 4136.622557, "delta": 0.005067}}
{"target": -12.344326661356416, "params": {"colsample_bytree": 0.8794049338858828, "eta": 0.07489095332210521, "gamma": 551.781241772856, "max_depth": 3.0, "min_child_weight": 4249.634475049587, "num_boost_round": 18.0, "subsample": 0.17544048791117858}, "datetime": {"datetime": "2024-01-20 15:32:50", "elapsed": 4136.628083, "delta": 0.005526}}
{"target": -12.344307069879598, "params": {"colsample_bytree": 0.8794049338858828, "eta": 0.07489095332210521, "gamma": 551.781241772856, "max_depth": 3.0, "min_child_weight": 4249.634475049587, "num_boost_round": 19.0, "subsample": 0.17544048791117858}, "datetime": {"datetime": "2024-01-20 15:32:50", "elapsed": 4136.632952, "delta": 0.004869}}
{"target": -12.344414082286528, "params": {"colsample_bytree": 0.8794049338858828, "eta": 0.07489095332210521, "gamma": 551.781241772856, "max_depth": 3.0, "min_child_weight": 4249.634475049587, "num_boost_round": 20.0, "subsample": 0.17544048791117858}, "datetime": {"datetime": "2024-01-20 15:32:50", "elapsed": 4136.637936, "delta": 0.004984}}
{"target": -12.344571247972697, "params": {"colsample_bytree": 0.8794049338858828, "eta": 0.07489095332210521, "gamma": 551.781241772856, "max_depth": 3.0, "min_child_weight": 4249.634475049587, "num_boost_round": 21.0, "subsample": 0.17544048791117858}, "datetime": {"datetime": "2024-01-20 15:32:50", "elapsed": 4136.642719, "delta": 0.004783}}
{"target": -12.344593575750334, "params": {"colsample_bytree": 0.8794049338858828, "eta": 0.07489095332210521, "gamma": 551.781241772856, "max_depth": 3.0, "min_child_weight": 4249.634475049587, "num_boost_round": 22.0, "subsample": 0.17544048791117858}, "datetime": {"datetime": "2024-01-20 15:32:50", "elapsed": 4136.649703, "delta": 0.006984}}
{"target": -12.344689296692088, "params": {"colsample_bytree": 0.8794049338858828, "eta": 0.07489095332210521, "gamma": 551.781241772856, "max_depth": 3.0, "min_child_weight": 4249.634475049587, "num_boost_round": 23.0, "subsample": 0.17544048791117858}, "datetime": {"datetime": "2024-01-20 15:32:50", "elapsed": 4136.656462, "delta": 0.006759}}
{"target": -12.34478610270866, "params": {"colsample_bytree": 0.8794049338858828, "eta": 0.07489095332210521, "gamma": 551.781241772856, "max_depth": 3.0, "min_child_weight": 4249.634475049587, "num_boost_round": 24.0, "subsample": 0.17544048791117858}, "datetime": {"datetime": "2024-01-20 15:32:50", "elapsed": 4136.664583, "delta": 0.008121}}
{"target": -12.345249232847067, "params": {"colsample_bytree": 0.8794049338858828, "eta": 0.07489095332210521, "gamma": 551.781241772856, "max_depth": 3.0, "min_child_weight": 4249.634475049587, "num_boost_round": 25.0, "subsample": 0.17544048791117858}, "datetime": {"datetime": "2024-01-20 15:32:50", "elapsed": 4136.669843, "delta": 0.00526}}
{"target": -12.344782153843452, "params": {"colsample_bytree": 0.8794049338858828, "eta": 0.07489095332210521, "gamma": 551.781241772856, "max_depth": 3.0, "min_child_weight": 4249.634475049587, "num_boost_round": 26.0, "subsample": 0.17544048791117858}, "datetime": {"datetime": "2024-01-20 15:32:50", "elapsed": 4136.67466, "delta": 0.004817}}
{"target": -12.345245245629595, "params": {"colsample_bytree": 0.8794049338858828, "eta": 0.07489095332210521, "gamma": 551.781241772856, "max_depth": 3.0, "min_child_weight": 4249.634475049587, "num_boost_round": 27.0, "subsample": 0.17544048791117858}, "datetime": {"datetime": "2024-01-20 15:32:50", "elapsed": 4136.679537, "delta": 0.004877}}
{"target": -12.3451983901504, "params": {"colsample_bytree": 0.8794049338858828, "eta": 0.07489095332210521, "gamma": 551.781241772856, "max_depth": 3.0, "min_child_weight": 4249.634475049587, "num_boost_round": 28.0, "subsample": 0.17544048791117858}, "datetime": {"datetime": "2024-01-20 15:32:50", "elapsed": 4136.684329, "delta": 0.004792}}
{"target": -12.345616413760771, "params": {"colsample_bytree": 0.8794049338858828, "eta": 0.07489095332210521, "gamma": 551.781241772856, "max_depth": 3.0, "min_child_weight": 4249.634475049587, "num_boost_round": 29.0, "subsample": 0.17544048791117858}, "datetime": {"datetime": "2024-01-20 15:32:50", "elapsed": 4136.689187, "delta": 0.004858}}
{"target": -12.345290606023024, "params": {"colsample_bytree": 0.8794049338858828, "eta": 0.07489095332210521, "gamma": 551.781241772856, "max_depth": 3.0, "min_child_weight": 4249.634475049587, "num_boost_round": 30.0, "subsample": 0.17544048791117858}, "datetime": {"datetime": "2024-01-20 15:32:50", "elapsed": 4136.694416, "delta": 0.005229}}
{"target": -12.345509233939566, "params": {"colsample_bytree": 0.8794049338858828, "eta": 0.07489095332210521, "gamma": 551.781241772856, "max_depth": 3.0, "min_child_weight": 4249.634475049587, "num_boost_round": 31.0, "subsample": 0.17544048791117858}, "datetime": {"datetime": "2024-01-20 15:32:50", "elapsed": 4136.699418, "delta": 0.005002}}
{"target": -12.345583206497547, "params": {"colsample_bytree": 0.8794049338858828, "eta": 0.07489095332210521, "gamma": 551.781241772856, "max_depth": 3.0, "min_child_weight": 4249.634475049587, "num_boost_round": 32.0, "subsample": 0.17544048791117858}, "datetime": {"datetime": "2024-01-20 15:32:50", "elapsed": 4136.704315, "delta": 0.004897}}
{"target": -12.34530785387573, "params": {"colsample_bytree": 0.8794049338858828, "eta": 0.07489095332210521, "gamma": 551.781241772856, "max_depth": 3.0, "min_child_weight": 4249.634475049587, "num_boost_round": 33.0, "subsample": 0.17544048791117858}, "datetime": {"datetime": "2024-01-20 15:32:50", "elapsed": 4136.70908, "delta": 0.004765}}
{"target": -12.34541425029838, "params": {"colsample_bytree": 0.8794049338858828, "eta": 0.07489095332210521, "gamma": 551.781241772856, "max_depth": 3.0, "min_child_weight": 4249.634475049587, "num_boost_round": 34.0, "subsample": 0.17544048791117858}, "datetime": {"datetime": "2024-01-20 15:32:50", "elapsed": 4136.71388, "delta": 0.0048}}
{"target": -12.345937805880393, "params": {"colsample_bytree": 0.8794049338858828, "eta": 0.07489095332210521, "gamma": 551.781241772856, "max_depth": 3.0, "min_child_weight": 4249.634475049587, "num_boost_round": 35.0, "subsample": 0.17544048791117858}, "datetime": {"datetime": "2024-01-20 15:32:50", "elapsed": 4136.718926, "delta": 0.005046}}
{"target": -12.345890360848383, "params": {"colsample_bytree": 0.8794049338858828, "eta": 0.07489095332210521, "gamma": 551.781241772856, "max_depth": 3.0, "min_child_weight": 4249.634475049587, "num_boost_round": 36.0, "subsample": 0.17544048791117858}, "datetime": {"datetime": "2024-01-20 15:32:50", "elapsed": 4136.724239, "delta": 0.005313}}
{"target": -12.34616455125716, "params": {"colsample_bytree": 0.8794049338858828, "eta": 0.07489095332210521, "gamma": 551.781241772856, "max_depth": 3.0, "min_child_weight": 4249.634475049587, "num_boost_round": 37.0, "subsample": 0.17544048791117858}, "datetime": {"datetime": "2024-01-20 15:32:50", "elapsed": 4136.729371, "delta": 0.005132}}
{"target": -12.346003954856986, "params": {"colsample_bytree": 0.8794049338858828, "eta": 0.07489095332210521, "gamma": 551.781241772856, "max_depth": 3.0, "min_child_weight": 4249.634475049587, "num_boost_round": 38.0, "subsample": 0.17544048791117858}, "datetime": {"datetime": "2024-01-20 15:32:50", "elapsed": 4136.734204, "delta": 0.004833}}
{"target": -12.34580955148419, "params": {"colsample_bytree": 0.8794049338858828, "eta": 0.07489095332210521, "gamma": 551.781241772856, "max_depth": 3.0, "min_child_weight": 4249.634475049587, "num_boost_round": 39.0, "subsample": 0.17544048791117858}, "datetime": {"datetime": "2024-01-20 15:32:50", "elapsed": 4136.739127, "delta": 0.004923}}
{"target": -12.345781724437497, "params": {"colsample_bytree": 0.8794049338858828, "eta": 0.07489095332210521, "gamma": 551.781241772856, "max_depth": 3.0, "min_child_weight": 4249.634475049587, "num_boost_round": 40.0, "subsample": 0.17544048791117858}, "datetime": {"datetime": "2024-01-20 15:32:50", "elapsed": 4136.7439, "delta": 0.004773}}
{"target": -12.345886191277017, "params": {"colsample_bytree": 0.8794049338858828, "eta": 0.07489095332210521, "gamma": 551.781241772856, "max_depth": 3.0, "min_child_weight": 4249.634475049587, "num_boost_round": 41.0, "subsample": 0.17544048791117858}, "datetime": {"datetime": "2024-01-20 15:32:50", "elapsed": 4136.748747, "delta": 0.004847}}
{"target": -12.345965885888802, "params": {"colsample_bytree": 0.8794049338858828, "eta": 0.07489095332210521, "gamma": 551.781241772856, "max_depth": 3.0, "min_child_weight": 4249.634475049587, "num_boost_round": 42.0, "subsample": 0.17544048791117858}, "datetime": {"datetime": "2024-01-20 15:32:50", "elapsed": 4136.753796, "delta": 0.005049}}
{"target": -12.345967381872523, "params": {"colsample_bytree": 0.8794049338858828, "eta": 0.07489095332210521, "gamma": 551.781241772856, "max_depth": 3.0, "min_child_weight": 4249.634475049587, "num_boost_round": 43.0, "subsample": 0.17544048791117858}, "datetime": {"datetime": "2024-01-20 15:32:50", "elapsed": 4136.758695, "delta": 0.004899}}
{"target": -12.346248058264205, "params": {"colsample_bytree": 0.8794049338858828, "eta": 0.07489095332210521, "gamma": 551.781241772856, "max_depth": 3.0, "min_child_weight": 4249.634475049587, "num_boost_round": 44.0, "subsample": 0.17544048791117858}, "datetime": {"datetime": "2024-01-20 15:32:50", "elapsed": 4136.763786, "delta": 0.005091}}
{"target": -12.346437068118775, "params": {"colsample_bytree": 0.8794049338858828, "eta": 0.07489095332210521, "gamma": 551.781241772856, "max_depth": 3.0, "min_child_weight": 4249.634475049587, "num_boost_round": 45.0, "subsample": 0.17544048791117858}, "datetime": {"datetime": "2024-01-20 15:32:50", "elapsed": 4136.768743, "delta": 0.004957}}
{"target": -12.346472864721836, "params": {"colsample_bytree": 0.8794049338858828, "eta": 0.07489095332210521, "gamma": 551.781241772856, "max_depth": 3.0, "min_child_weight": 4249.634475049587, "num_boost_round": 46.0, "subsample": 0.17544048791117858}, "datetime": {"datetime": "2024-01-20 15:32:50", "elapsed": 4136.77483, "delta": 0.006087}}
{"target": -12.346282012505343, "params": {"colsample_bytree": 0.8794049338858828, "eta": 0.07489095332210521, "gamma": 551.781241772856, "max_depth": 3.0, "min_child_weight": 4249.634475049587, "num_boost_round": 47.0, "subsample": 0.17544048791117858}, "datetime": {"datetime": "2024-01-20 15:32:50", "elapsed": 4136.781477, "delta": 0.006647}}
{"target": -12.353898460193609, "params": {"colsample_bytree": 0.9492567968427919, "eta": 0.0893925673896415, "gamma": 503.426484917939, "max_depth": 9.0, "min_child_weight": 4274.468994700751, "num_boost_round": 1.0, "subsample": 0.25777755648686357}, "datetime": {"datetime": "2024-01-20 15:34:39", "elapsed": 4245.903423, "delta": 109.121946}}
