{"target": -10.476390994999987, "params": {"colsample_bytree": 0.4294375243520304, "eta": 0.017690768225375426, "gamma": 341.51809935731615, "max_depth": 2.0, "min_child_weight": 4237.840234641787, "num_boost_round": 26.0, "subsample": 0.7073820768252651}, "datetime": {"datetime": "2024-01-20 13:53:00", "elapsed": 1672.443987, "delta": 0.002118}}
{"target": -10.476494343908033, "params": {"colsample_bytree": 0.4294375243520304, "eta": 0.017690768225375426, "gamma": 341.51809935731615, "max_depth": 2.0, "min_child_weight": 4237.840234641787, "num_boost_round": 27.0, "subsample": 0.7073820768252651}, "datetime": {"datetime": "2024-01-20 13:53:00", "elapsed": 1672.446123, "delta": 0.002136}}
{"target": -10.476588725681331, "params": {"colsample_bytree": 0.4294375243520304, "eta": 0.017690768225375426, "gamma": 341.51809935731615, "max_depth": 2.0, "min_child_weight": 4237.840234641787, "num_boost_round": 28.0, "subsample": 0.7073820768252651}, "datetime": {"datetime": "2024-01-20 13:53:00", "elapsed": 1672.455772, "delta": 0.009649}}
{"target": -10.476630646445987, "params": {"colsample_bytree": 0.4294375243520304, "eta": 0.017690768225375426, "gamma": 341.51809935731615, "max_depth": 2.0, "min_child_weight": 4237.840234641787, "num_boost_round": 29.0, "subsample": 0.7073820768252651}, "datetime": {"datetime": "2024-01-20 13:53:00", "elapsed": 1672.458107, "delta": 0.002335}}
{"target": -10.47667059146666, "params": {"colsample_bytree": 0.4294375243520304, "eta": 0.017690768225375426, "gamma": 341.51809935731615, "max_depth": 2.0, "min_child_weight": 4237.840234641787, "num_boost_round": 30.0, "subsample": 0.7073820768252651}, "datetime": {"datetime": "2024-01-20 13:53:00", "elapsed": 1672.460371, "delta": 0.002264}}
{"target": -10.476635964698625, "params": {"colsample_bytree": 0.4294375243520304, "eta": 0.017690768225375426, "gamma": 341.51809935731615, "max_depth": 2.0, "min_child_weight": 4237.840234641787, "num_boost_round": 31.0, "subsample": 0.7073820768252651}, "datetime": {"datetime": "2024-01-20 13:53:00", "elapsed": 1672.462678, "delta": 0.002307}}
{"target": -10.476666911307207, "params": {"colsample_bytree": 0.4294375243520304, "eta": 0.017690768225375426, "gamma": 341.51809935731615, "max_depth": 2.0, "min_child_weight": 4237.840234641787, "num_boost_round": 32.0, "subsample": 0.7073820768252651}, "datetime": {"datetime": "2024-01-20 13:53:00", "elapsed": 1672.46547, "delta": 0.002792}}
{"target": -10.476608247783611, "params": {"colsample_bytree": 0.4294375243520304, "eta": 0.017690768225375426, "gamma": 341.51809935731615, "max_depth": 2.0, "min_child_weight": 4237.840234641787, "num_boost_round": 33.0, "subsample": 0.7073820768252651}, "datetime": {"datetime": "2024-01-20 13:53:00", "elapsed": 1672.468276, "delta": 0.002806}}
{"target": -10.47658188579233, "params": {"colsample_bytree": 0.4294375243520304, "eta": 0.017690768225375426, "gamma": 341.51809935731615, "max_depth": 2.0, "min_child_weight": 4237.840234641787, "num_boost_round": 34.0, "subsample": 0.7073820768252651}, "datetime": {"datetime": "2024-01-20 13:53:00", "elapsed": 1672.470539, "delta": 0.002263}}
{"target": -10.476652231726808, "params": {"colsample_bytree": 0.4294375243520304, "eta": 0.017690768225375426, "gamma": 341.51809935731615, "max_depth": 2.0, "min_child_weight": 4237.840234641787, "num_boost_round": 35.0, "subsample": 0.7073820768252651}, "datetime": {"datetime": "2024-01-20 13:53:00", "elapsed": 1672.472781, "delta": 0.002242}}
{"target": -10.476684866760728, "params": {"colsample_bytree": 0.4294375243520304, "eta": 0.017690768225375426, "gamma": 341.51809935731615, "max_depth": 2.0, "min_child_weight": 4237.840234641787, "num_boost_round": 36.0, "subsample": 0.7073820768252651}, "datetime": {"datetime": "2024-01-20 13:53:00", "elapsed": 1672.474911, "delta": 0.00213}}
{"target": -10.476771888873145, "params": {"colsample_bytree": 0.4294375243520304, "eta": 0.017690768225375426, "gamma": 341.51809935731615, "max_depth": 2.0, "min_child_weight": 4237.840234641787, "num_boost_round": 37.0, "subsample": 0.7073820768252651}, "datetime": {"datetime": "2024-01-20 13:53:00", "elapsed": 1672.477047, "delta": 0.002136}}
{"target": -10.476777418278704, "params": {"colsample_bytree": 0.4294375243520304, "eta": 0.017690768225375426, "gamma": 341.51809935731615, "max_depth": 2.0, "min_child_weight": 4237.840234641787, "num_boost_round": 38.0, "subsample": 0.7073820768252651}, "datetime": {"datetime": "2024-01-20 13:53:00", "elapsed": 1672.479197, "delta": 0.00215}}
{"target": -10.476803549065485, "params": {"colsample_bytree": 0.4294375243520304, "eta": 0.017690768225375426, "gamma": 341.51809935731615, "max_depth": 2.0, "min_child_weight": 4237.840234641787, "num_boost_round": 39.0, "subsample": 0.7073820768252651}, "datetime": {"datetime": "2024-01-20 13:53:00", "elapsed": 1672.481345, "delta": 0.002148}}
{"target": -10.476817639210758, "params": {"colsample_bytree": 0.4294375243520304, "eta": 0.017690768225375426, "gamma": 341.51809935731615, "max_depth": 2.0, "min_child_weight": 4237.840234641787, "num_boost_round": 40.0, "subsample": 0.7073820768252651}, "datetime": {"datetime": "2024-01-20 13:53:00", "elapsed": 1672.483512, "delta": 0.002167}}
{"target": -10.476774219747579, "params": {"colsample_bytree": 0.4294375243520304, "eta": 0.017690768225375426, "gamma": 341.51809935731615, "max_depth": 2.0, "min_child_weight": 4237.840234641787, "num_boost_round": 41.0, "subsample": 0.7073820768252651}, "datetime": {"datetime": "2024-01-20 13:53:00", "elapsed": 1672.485679, "delta": 0.002167}}
{"target": -10.476736396183007, "params": {"colsample_bytree": 0.4294375243520304, "eta": 0.017690768225375426, "gamma": 341.51809935731615, "max_depth": 2.0, "min_child_weight": 4237.840234641787, "num_boost_round": 42.0, "subsample": 0.7073820768252651}, "datetime": {"datetime": "2024-01-20 13:53:00", "elapsed": 1672.487877, "delta": 0.002198}}
{"target": -10.476873545242507, "params": {"colsample_bytree": 0.4294375243520304, "eta": 0.017690768225375426, "gamma": 341.51809935731615, "max_depth": 2.0, "min_child_weight": 4237.840234641787, "num_boost_round": 43.0, "subsample": 0.7073820768252651}, "datetime": {"datetime": "2024-01-20 13:53:00", "elapsed": 1672.490184, "delta": 0.002307}}
{"target": -10.476915221306795, "params": {"colsample_bytree": 0.4294375243520304, "eta": 0.017690768225375426, "gamma": 341.51809935731615, "max_depth": 2.0, "min_child_weight": 4237.840234641787, "num_boost_round": 44.0, "subsample": 0.7073820768252651}, "datetime": {"datetime": "2024-01-20 13:53:00", "elapsed": 1672.492422, "delta": 0.002238}}
{"target": -10.476950019192156, "params": {"colsample_bytree": 0.4294375243520304, "eta": 0.017690768225375426, "gamma": 341.51809935731615, "max_depth": 2.0, "min_child_weight": 4237.840234641787, "num_boost_round": 45.0, "subsample": 0.7073820768252651}, "datetime": {"datetime": "2024-01-20 13:53:00", "elapsed": 1672.494663, "delta": 0.002241}}
{"target": -10.475853858937874, "params": {"colsample_bytree": 0.9830955376029635, "eta": 0.02097888948650404, "gamma": 904.8656508763628, "max_depth": 4.0, "min_child_weight": 4645.8432581463685, "num_boost_round": 1.0, "subsample": 0.751436380182603}, "datetime": {"datetime": "2024-01-20 13:53:24", "elapsed": 1696.501819, "delta": 24.007156}}
{"target": -10.475564292682412, "params": {"colsample_bytree": 0.9830955376029635, "eta": 0.02097888948650404, "gamma": 904.8656508763628, "max_depth": 4.0, "min_child_weight": 4645.8432581463685, "num_boost_round": 2.0, "subsample": 0.751436380182603}, "datetime": {"datetime": "2024-01-20 13:53:24", "elapsed": 1696.504515, "delta": 0.002696}}
{"target": -10.47551489048602, "params": {"colsample_bytree": 0.9830955376029635, "eta": 0.02097888948650404, "gamma": 904.8656508763628, "max_depth": 4.0, "min_child_weight": 4645.8432581463685, "num_boost_round": 3.0, "subsample": 0.751436380182603}, "datetime": {"datetime": "2024-01-20 13:53:24", "elapsed": 1696.506881, "delta": 0.002366}}
{"target": -10.47524171620114, "params": {"colsample_bytree": 0.9830955376029635, "eta": 0.02097888948650404, "gamma": 904.8656508763628, "max_depth": 4.0, "min_child_weight": 4645.8432581463685, "num_boost_round": 4.0, "subsample": 0.751436380182603}, "datetime": {"datetime": "2024-01-20 13:53:24", "elapsed": 1696.509143, "delta": 0.002262}}
{"target": -10.475103899483045, "params": {"colsample_bytree": 0.9830955376029635, "eta": 0.02097888948650404, "gamma": 904.8656508763628, "max_depth": 4.0, "min_child_weight": 4645.8432581463685, "num_boost_round": 5.0, "subsample": 0.751436380182603}, "datetime": {"datetime": "2024-01-20 13:53:24", "elapsed": 1696.511385, "delta": 0.002242}}
{"target": -10.475908060646912, "params": {"colsample_bytree": 0.6431411788372712, "eta": 0.03252460287005032, "gamma": 886.3910792348072, "max_depth": 5.0, "min_child_weight": 4677.164899314977, "num_boost_round": 1.0, "subsample": 0.9427967458087786}, "datetime": {"datetime": "2024-01-20 13:54:07", "elapsed": 1739.74294, "delta": 43.231555}}
{"target": -10.475609419543911, "params": {"colsample_bytree": 0.6431411788372712, "eta": 0.03252460287005032, "gamma": 886.3910792348072, "max_depth": 5.0, "min_child_weight": 4677.164899314977, "num_boost_round": 2.0, "subsample": 0.9427967458087786}, "datetime": {"datetime": "2024-01-20 13:54:07", "elapsed": 1739.745671, "delta": 0.002731}}
{"target": -10.475505475653893, "params": {"colsample_bytree": 0.6431411788372712, "eta": 0.03252460287005032, "gamma": 886.3910792348072, "max_depth": 5.0, "min_child_weight": 4677.164899314977, "num_boost_round": 3.0, "subsample": 0.9427967458087786}, "datetime": {"datetime": "2024-01-20 13:54:07", "elapsed": 1739.748078, "delta": 0.002407}}
{"target": -10.47514674918559, "params": {"colsample_bytree": 0.6431411788372712, "eta": 0.03252460287005032, "gamma": 886.3910792348072, "max_depth": 5.0, "min_child_weight": 4677.164899314977, "num_boost_round": 4.0, "subsample": 0.9427967458087786}, "datetime": {"datetime": "2024-01-20 13:54:07", "elapsed": 1739.750209, "delta": 0.002131}}
{"target": -10.474650503294303, "params": {"colsample_bytree": 0.6431411788372712, "eta": 0.03252460287005032, "gamma": 886.3910792348072, "max_depth": 5.0, "min_child_weight": 4677.164899314977, "num_boost_round": 5.0, "subsample": 0.9427967458087786}, "datetime": {"datetime": "2024-01-20 13:54:07", "elapsed": 1739.752297, "delta": 0.002088}}
{"target": -10.47453077572737, "params": {"colsample_bytree": 0.6431411788372712, "eta": 0.03252460287005032, "gamma": 886.3910792348072, "max_depth": 5.0, "min_child_weight": 4677.164899314977, "num_boost_round": 6.0, "subsample": 0.9427967458087786}, "datetime": {"datetime": "2024-01-20 13:54:07", "elapsed": 1739.754364, "delta": 0.002067}}
{"target": -10.474504819300293, "params": {"colsample_bytree": 0.6431411788372712, "eta": 0.03252460287005032, "gamma": 886.3910792348072, "max_depth": 5.0, "min_child_weight": 4677.164899314977, "num_boost_round": 7.0, "subsample": 0.9427967458087786}, "datetime": {"datetime": "2024-01-20 13:54:07", "elapsed": 1739.756473, "delta": 0.002109}}
{"target": -10.474175078594449, "params": {"colsample_bytree": 0.6431411788372712, "eta": 0.03252460287005032, "gamma": 886.3910792348072, "max_depth": 5.0, "min_child_weight": 4677.164899314977, "num_boost_round": 8.0, "subsample": 0.9427967458087786}, "datetime": {"datetime": "2024-01-20 13:54:07", "elapsed": 1739.758653, "delta": 0.00218}}
{"target": -10.474196542940668, "params": {"colsample_bytree": 0.6431411788372712, "eta": 0.03252460287005032, "gamma": 886.3910792348072, "max_depth": 5.0, "min_child_weight": 4677.164899314977, "num_boost_round": 9.0, "subsample": 0.9427967458087786}, "datetime": {"datetime": "2024-01-20 13:54:07", "elapsed": 1739.760907, "delta": 0.002254}}
{"target": -10.47407355637221, "params": {"colsample_bytree": 0.6431411788372712, "eta": 0.03252460287005032, "gamma": 886.3910792348072, "max_depth": 5.0, "min_child_weight": 4677.164899314977, "num_boost_round": 10.0, "subsample": 0.9427967458087786}, "datetime": {"datetime": "2024-01-20 13:54:07", "elapsed": 1739.763037, "delta": 0.00213}}
{"target": -10.474070946260337, "params": {"colsample_bytree": 0.6431411788372712, "eta": 0.03252460287005032, "gamma": 886.3910792348072, "max_depth": 5.0, "min_child_weight": 4677.164899314977, "num_boost_round": 11.0, "subsample": 0.9427967458087786}, "datetime": {"datetime": "2024-01-20 13:54:07", "elapsed": 1739.765204, "delta": 0.002167}}
{"target": -10.474157850264524, "params": {"colsample_bytree": 0.6431411788372712, "eta": 0.03252460287005032, "gamma": 886.3910792348072, "max_depth": 5.0, "min_child_weight": 4677.164899314977, "num_boost_round": 12.0, "subsample": 0.9427967458087786}, "datetime": {"datetime": "2024-01-20 13:54:07", "elapsed": 1739.767355, "delta": 0.002151}}
{"target": -10.474049446448584, "params": {"colsample_bytree": 0.6431411788372712, "eta": 0.03252460287005032, "gamma": 886.3910792348072, "max_depth": 5.0, "min_child_weight": 4677.164899314977, "num_boost_round": 13.0, "subsample": 0.9427967458087786}, "datetime": {"datetime": "2024-01-20 13:54:07", "elapsed": 1739.769594, "delta": 0.002239}}
{"target": -10.473929418584737, "params": {"colsample_bytree": 0.6431411788372712, "eta": 0.03252460287005032, "gamma": 886.3910792348072, "max_depth": 5.0, "min_child_weight": 4677.164899314977, "num_boost_round": 14.0, "subsample": 0.9427967458087786}, "datetime": {"datetime": "2024-01-20 13:54:07", "elapsed": 1739.771728, "delta": 0.002134}}
{"target": -10.473971713539964, "params": {"colsample_bytree": 0.6431411788372712, "eta": 0.03252460287005032, "gamma": 886.3910792348072, "max_depth": 5.0, "min_child_weight": 4677.164899314977, "num_boost_round": 15.0, "subsample": 0.9427967458087786}, "datetime": {"datetime": "2024-01-20 13:54:07", "elapsed": 1739.773871, "delta": 0.002143}}
{"target": -10.4740185538065, "params": {"colsample_bytree": 0.6431411788372712, "eta": 0.03252460287005032, "gamma": 886.3910792348072, "max_depth": 5.0, "min_child_weight": 4677.164899314977, "num_boost_round": 16.0, "subsample": 0.9427967458087786}, "datetime": {"datetime": "2024-01-20 13:54:07", "elapsed": 1739.775985, "delta": 0.002114}}
{"target": -10.47415244837788, "params": {"colsample_bytree": 0.6431411788372712, "eta": 0.03252460287005032, "gamma": 886.3910792348072, "max_depth": 5.0, "min_child_weight": 4677.164899314977, "num_boost_round": 17.0, "subsample": 0.9427967458087786}, "datetime": {"datetime": "2024-01-20 13:54:07", "elapsed": 1739.778246, "delta": 0.002261}}
{"target": -10.474000547722, "params": {"colsample_bytree": 0.6431411788372712, "eta": 0.03252460287005032, "gamma": 886.3910792348072, "max_depth": 5.0, "min_child_weight": 4677.164899314977, "num_boost_round": 18.0, "subsample": 0.9427967458087786}, "datetime": {"datetime": "2024-01-20 13:54:07", "elapsed": 1739.780396, "delta": 0.00215}}
{"target": -10.4739374743721, "params": {"colsample_bytree": 0.6431411788372712, "eta": 0.03252460287005032, "gamma": 886.3910792348072, "max_depth": 5.0, "min_child_weight": 4677.164899314977, "num_boost_round": 19.0, "subsample": 0.9427967458087786}, "datetime": {"datetime": "2024-01-20 13:54:07", "elapsed": 1739.782516, "delta": 0.00212}}
{"target": -10.473962359558811, "params": {"colsample_bytree": 0.6431411788372712, "eta": 0.03252460287005032, "gamma": 886.3910792348072, "max_depth": 5.0, "min_child_weight": 4677.164899314977, "num_boost_round": 20.0, "subsample": 0.9427967458087786}, "datetime": {"datetime": "2024-01-20 13:54:07", "elapsed": 1739.784631, "delta": 0.002115}}
{"target": -10.474080437205203, "params": {"colsample_bytree": 0.6431411788372712, "eta": 0.03252460287005032, "gamma": 886.3910792348072, "max_depth": 5.0, "min_child_weight": 4677.164899314977, "num_boost_round": 21.0, "subsample": 0.9427967458087786}, "datetime": {"datetime": "2024-01-20 13:54:07", "elapsed": 1739.786738, "delta": 0.002107}}
{"target": -10.474142691367193, "params": {"colsample_bytree": 0.6431411788372712, "eta": 0.03252460287005032, "gamma": 886.3910792348072, "max_depth": 5.0, "min_child_weight": 4677.164899314977, "num_boost_round": 22.0, "subsample": 0.9427967458087786}, "datetime": {"datetime": "2024-01-20 13:54:07", "elapsed": 1739.788834, "delta": 0.002096}}
{"target": -10.474260495004778, "params": {"colsample_bytree": 0.6431411788372712, "eta": 0.03252460287005032, "gamma": 886.3910792348072, "max_depth": 5.0, "min_child_weight": 4677.164899314977, "num_boost_round": 23.0, "subsample": 0.9427967458087786}, "datetime": {"datetime": "2024-01-20 13:54:07", "elapsed": 1739.790974, "delta": 0.00214}}
{"target": -10.474385335574588, "params": {"colsample_bytree": 0.6431411788372712, "eta": 0.03252460287005032, "gamma": 886.3910792348072, "max_depth": 5.0, "min_child_weight": 4677.164899314977, "num_boost_round": 24.0, "subsample": 0.9427967458087786}, "datetime": {"datetime": "2024-01-20 13:54:07", "elapsed": 1739.793133, "delta": 0.002159}}
{"target": -10.474362531475569, "params": {"colsample_bytree": 0.6431411788372712, "eta": 0.03252460287005032, "gamma": 886.3910792348072, "max_depth": 5.0, "min_child_weight": 4677.164899314977, "num_boost_round": 25.0, "subsample": 0.9427967458087786}, "datetime": {"datetime": "2024-01-20 13:54:07", "elapsed": 1739.795256, "delta": 0.002123}}
{"target": -10.474526249934613, "params": {"colsample_bytree": 0.6431411788372712, "eta": 0.03252460287005032, "gamma": 886.3910792348072, "max_depth": 5.0, "min_child_weight": 4677.164899314977, "num_boost_round": 26.0, "subsample": 0.9427967458087786}, "datetime": {"datetime": "2024-01-20 13:54:07", "elapsed": 1739.797464, "delta": 0.002208}}
{"target": -10.474755688274977, "params": {"colsample_bytree": 0.6431411788372712, "eta": 0.03252460287005032, "gamma": 886.3910792348072, "max_depth": 5.0, "min_child_weight": 4677.164899314977, "num_boost_round": 27.0, "subsample": 0.9427967458087786}, "datetime": {"datetime": "2024-01-20 13:54:07", "elapsed": 1739.799623, "delta": 0.002159}}
{"target": -10.474941611813568, "params": {"colsample_bytree": 0.6431411788372712, "eta": 0.03252460287005032, "gamma": 886.3910792348072, "max_depth": 5.0, "min_child_weight": 4677.164899314977, "num_boost_round": 28.0, "subsample": 0.9427967458087786}, "datetime": {"datetime": "2024-01-20 13:54:07", "elapsed": 1739.801732, "delta": 0.002109}}
{"target": -10.475082913420884, "params": {"colsample_bytree": 0.6431411788372712, "eta": 0.03252460287005032, "gamma": 886.3910792348072, "max_depth": 5.0, "min_child_weight": 4677.164899314977, "num_boost_round": 29.0, "subsample": 0.9427967458087786}, "datetime": {"datetime": "2024-01-20 13:54:07", "elapsed": 1739.803833, "delta": 0.002101}}
{"target": -10.475083534300111, "params": {"colsample_bytree": 0.6431411788372712, "eta": 0.03252460287005032, "gamma": 886.3910792348072, "max_depth": 5.0, "min_child_weight": 4677.164899314977, "num_boost_round": 30.0, "subsample": 0.9427967458087786}, "datetime": {"datetime": "2024-01-20 13:54:07", "elapsed": 1739.805992, "delta": 0.002159}}
{"target": -10.4751324022969, "params": {"colsample_bytree": 0.6431411788372712, "eta": 0.03252460287005032, "gamma": 886.3910792348072, "max_depth": 5.0, "min_child_weight": 4677.164899314977, "num_boost_round": 31.0, "subsample": 0.9427967458087786}, "datetime": {"datetime": "2024-01-20 13:54:07", "elapsed": 1739.808084, "delta": 0.002092}}
{"target": -10.475323417724734, "params": {"colsample_bytree": 0.6431411788372712, "eta": 0.03252460287005032, "gamma": 886.3910792348072, "max_depth": 5.0, "min_child_weight": 4677.164899314977, "num_boost_round": 32.0, "subsample": 0.9427967458087786}, "datetime": {"datetime": "2024-01-20 13:54:07", "elapsed": 1739.810365, "delta": 0.002281}}
{"target": -10.476051526199978, "params": {"colsample_bytree": 0.25225627333296324, "eta": 0.010874188753468789, "gamma": 924.3808419382667, "max_depth": 5.0, "min_child_weight": 4632.22154524599, "num_boost_round": 1.0, "subsample": 0.41803035784303344}, "datetime": {"datetime": "2024-01-20 13:55:05", "elapsed": 1797.490014, "delta": 57.679649}}
{"target": -10.475985588331621, "params": {"colsample_bytree": 0.25225627333296324, "eta": 0.010874188753468789, "gamma": 924.3808419382667, "max_depth": 5.0, "min_child_weight": 4632.22154524599, "num_boost_round": 2.0, "subsample": 0.41803035784303344}, "datetime": {"datetime": "2024-01-20 13:55:05", "elapsed": 1797.492967, "delta": 0.002953}}
{"target": -10.475959882997483, "params": {"colsample_bytree": 0.25225627333296324, "eta": 0.010874188753468789, "gamma": 924.3808419382667, "max_depth": 5.0, "min_child_weight": 4632.22154524599, "num_boost_round": 3.0, "subsample": 0.41803035784303344}, "datetime": {"datetime": "2024-01-20 13:55:05", "elapsed": 1797.495435, "delta": 0.002468}}
{"target": -10.475867535742527, "params": {"colsample_bytree": 0.25225627333296324, "eta": 0.010874188753468789, "gamma": 924.3808419382667, "max_depth": 5.0, "min_child_weight": 4632.22154524599, "num_boost_round": 4.0, "subsample": 0.41803035784303344}, "datetime": {"datetime": "2024-01-20 13:55:05", "elapsed": 1797.497729, "delta": 0.002294}}
{"target": -10.475792624008442, "params": {"colsample_bytree": 0.25225627333296324, "eta": 0.010874188753468789, "gamma": 924.3808419382667, "max_depth": 5.0, "min_child_weight": 4632.22154524599, "num_boost_round": 5.0, "subsample": 0.41803035784303344}, "datetime": {"datetime": "2024-01-20 13:55:05", "elapsed": 1797.499852, "delta": 0.002123}}
{"target": -10.475722610176499, "params": {"colsample_bytree": 0.25225627333296324, "eta": 0.010874188753468789, "gamma": 924.3808419382667, "max_depth": 5.0, "min_child_weight": 4632.22154524599, "num_boost_round": 6.0, "subsample": 0.41803035784303344}, "datetime": {"datetime": "2024-01-20 13:55:05", "elapsed": 1797.501981, "delta": 0.002129}}
