{"target": -10.298495629764869, "params": {"colsample_bytree": 0.3870857975728058, "eta": 0.008713477557897312, "gamma": 322.76526290067176, "max_depth": 2.0, "min_child_weight": 4128.499510473869, "num_boost_round": 3.0, "subsample": 0.9217941816745134}, "datetime": {"datetime": "2024-01-20 13:51:09", "elapsed": 1767.411977, "delta": 0.001745}}
{"target": -10.29851303571763, "params": {"colsample_bytree": 0.3870857975728058, "eta": 0.008713477557897312, "gamma": 322.76526290067176, "max_depth": 2.0, "min_child_weight": 4128.499510473869, "num_boost_round": 4.0, "subsample": 0.9217941816745134}, "datetime": {"datetime": "2024-01-20 13:51:09", "elapsed": 1767.413316, "delta": 0.001339}}
{"target": -10.298526196570185, "params": {"colsample_bytree": 0.3870857975728058, "eta": 0.008713477557897312, "gamma": 322.76526290067176, "max_depth": 2.0, "min_child_weight": 4128.499510473869, "num_boost_round": 5.0, "subsample": 0.9217941816745134}, "datetime": {"datetime": "2024-01-20 13:51:09", "elapsed": 1767.4146, "delta": 0.001284}}
{"target": -10.298543267451786, "params": {"colsample_bytree": 0.3870857975728058, "eta": 0.008713477557897312, "gamma": 322.76526290067176, "max_depth": 2.0, "min_child_weight": 4128.499510473869, "num_boost_round": 6.0, "subsample": 0.9217941816745134}, "datetime": {"datetime": "2024-01-20 13:51:09", "elapsed": 1767.416272, "delta": 0.001672}}
{"target": -10.298550444232617, "params": {"colsample_bytree": 0.3870857975728058, "eta": 0.008713477557897312, "gamma": 322.76526290067176, "max_depth": 2.0, "min_child_weight": 4128.499510473869, "num_boost_round": 7.0, "subsample": 0.9217941816745134}, "datetime": {"datetime": "2024-01-20 13:51:09", "elapsed": 1767.417551, "delta": 0.001279}}
{"target": -10.298580857854848, "params": {"colsample_bytree": 0.3870857975728058, "eta": 0.008713477557897312, "gamma": 322.76526290067176, "max_depth": 2.0, "min_child_weight": 4128.499510473869, "num_boost_round": 8.0, "subsample": 0.9217941816745134}, "datetime": {"datetime": "2024-01-20 13:51:09", "elapsed": 1767.418956, "delta": 0.001405}}
{"target": -10.29859706667941, "params": {"colsample_bytree": 0.3870857975728058, "eta": 0.008713477557897312, "gamma": 322.76526290067176, "max_depth": 2.0, "min_child_weight": 4128.499510473869, "num_boost_round": 9.0, "subsample": 0.9217941816745134}, "datetime": {"datetime": "2024-01-20 13:51:09", "elapsed": 1767.420221, "delta": 0.001265}}
{"target": -10.298622924523087, "params": {"colsample_bytree": 0.3870857975728058, "eta": 0.008713477557897312, "gamma": 322.76526290067176, "max_depth": 2.0, "min_child_weight": 4128.499510473869, "num_boost_round": 10.0, "subsample": 0.9217941816745134}, "datetime": {"datetime": "2024-01-20 13:51:09", "elapsed": 1767.421492, "delta": 0.001271}}
{"target": -10.298640505889077, "params": {"colsample_bytree": 0.3870857975728058, "eta": 0.008713477557897312, "gamma": 322.76526290067176, "max_depth": 2.0, "min_child_weight": 4128.499510473869, "num_boost_round": 11.0, "subsample": 0.9217941816745134}, "datetime": {"datetime": "2024-01-20 13:51:09", "elapsed": 1767.422869, "delta": 0.001377}}
{"target": -10.298665191904563, "params": {"colsample_bytree": 0.3870857975728058, "eta": 0.008713477557897312, "gamma": 322.76526290067176, "max_depth": 2.0, "min_child_weight": 4128.499510473869, "num_boost_round": 12.0, "subsample": 0.9217941816745134}, "datetime": {"datetime": "2024-01-20 13:51:09", "elapsed": 1767.424254, "delta": 0.001385}}
{"target": -10.298655887384655, "params": {"colsample_bytree": 0.3870857975728058, "eta": 0.008713477557897312, "gamma": 322.76526290067176, "max_depth": 2.0, "min_child_weight": 4128.499510473869, "num_boost_round": 13.0, "subsample": 0.9217941816745134}, "datetime": {"datetime": "2024-01-20 13:51:09", "elapsed": 1767.425514, "delta": 0.00126}}
{"target": -10.298678755300847, "params": {"colsample_bytree": 0.3870857975728058, "eta": 0.008713477557897312, "gamma": 322.76526290067176, "max_depth": 2.0, "min_child_weight": 4128.499510473869, "num_boost_round": 14.0, "subsample": 0.9217941816745134}, "datetime": {"datetime": "2024-01-20 13:51:09", "elapsed": 1767.426746, "delta": 0.001232}}
{"target": -10.298729958359136, "params": {"colsample_bytree": 0.3870857975728058, "eta": 0.008713477557897312, "gamma": 322.76526290067176, "max_depth": 2.0, "min_child_weight": 4128.499510473869, "num_boost_round": 15.0, "subsample": 0.9217941816745134}, "datetime": {"datetime": "2024-01-20 13:51:09", "elapsed": 1767.428006, "delta": 0.00126}}
{"target": -10.298729074422411, "params": {"colsample_bytree": 0.3870857975728058, "eta": 0.008713477557897312, "gamma": 322.76526290067176, "max_depth": 2.0, "min_child_weight": 4128.499510473869, "num_boost_round": 16.0, "subsample": 0.9217941816745134}, "datetime": {"datetime": "2024-01-20 13:51:09", "elapsed": 1767.42937, "delta": 0.001364}}
{"target": -10.298794959137993, "params": {"colsample_bytree": 0.3870857975728058, "eta": 0.008713477557897312, "gamma": 322.76526290067176, "max_depth": 2.0, "min_child_weight": 4128.499510473869, "num_boost_round": 17.0, "subsample": 0.9217941816745134}, "datetime": {"datetime": "2024-01-20 13:51:09", "elapsed": 1767.430705, "delta": 0.001335}}
{"target": -10.298816649792927, "params": {"colsample_bytree": 0.3870857975728058, "eta": 0.008713477557897312, "gamma": 322.76526290067176, "max_depth": 2.0, "min_child_weight": 4128.499510473869, "num_boost_round": 18.0, "subsample": 0.9217941816745134}, "datetime": {"datetime": "2024-01-20 13:51:09", "elapsed": 1767.43195, "delta": 0.001245}}
{"target": -10.298411000424402, "params": {"colsample_bytree": 0.8393656152690825, "eta": 0.021543367857586673, "gamma": 288.1730757748875, "max_depth": 9.0, "min_child_weight": 4239.696207655772, "num_boost_round": 1.0, "subsample": 0.8655050982738717}, "datetime": {"datetime": "2024-01-20 13:51:56", "elapsed": 1814.490559, "delta": 47.058609}}
{"target": -10.298436950379767, "params": {"colsample_bytree": 0.8393656152690825, "eta": 0.021543367857586673, "gamma": 288.1730757748875, "max_depth": 9.0, "min_child_weight": 4239.696207655772, "num_boost_round": 2.0, "subsample": 0.8655050982738717}, "datetime": {"datetime": "2024-01-20 13:51:56", "elapsed": 1814.493663, "delta": 0.003104}}
{"target": -10.298355249291998, "params": {"colsample_bytree": 0.8393656152690825, "eta": 0.021543367857586673, "gamma": 288.1730757748875, "max_depth": 9.0, "min_child_weight": 4239.696207655772, "num_boost_round": 3.0, "subsample": 0.8655050982738717}, "datetime": {"datetime": "2024-01-20 13:51:56", "elapsed": 1814.49524, "delta": 0.001577}}
{"target": -10.298467038364794, "params": {"colsample_bytree": 0.8393656152690825, "eta": 0.021543367857586673, "gamma": 288.1730757748875, "max_depth": 9.0, "min_child_weight": 4239.696207655772, "num_boost_round": 4.0, "subsample": 0.8655050982738717}, "datetime": {"datetime": "2024-01-20 13:51:56", "elapsed": 1814.497185, "delta": 0.001945}}
{"target": -10.298539010647659, "params": {"colsample_bytree": 0.8393656152690825, "eta": 0.021543367857586673, "gamma": 288.1730757748875, "max_depth": 9.0, "min_child_weight": 4239.696207655772, "num_boost_round": 5.0, "subsample": 0.8655050982738717}, "datetime": {"datetime": "2024-01-20 13:51:56", "elapsed": 1814.49918, "delta": 0.001995}}
{"target": -10.2987221918257, "params": {"colsample_bytree": 0.8393656152690825, "eta": 0.021543367857586673, "gamma": 288.1730757748875, "max_depth": 9.0, "min_child_weight": 4239.696207655772, "num_boost_round": 6.0, "subsample": 0.8655050982738717}, "datetime": {"datetime": "2024-01-20 13:51:56", "elapsed": 1814.500479, "delta": 0.001299}}
{"target": -10.298791190279168, "params": {"colsample_bytree": 0.8393656152690825, "eta": 0.021543367857586673, "gamma": 288.1730757748875, "max_depth": 9.0, "min_child_weight": 4239.696207655772, "num_boost_round": 7.0, "subsample": 0.8655050982738717}, "datetime": {"datetime": "2024-01-20 13:51:56", "elapsed": 1814.50186, "delta": 0.001381}}
{"target": -10.298787378575607, "params": {"colsample_bytree": 0.8393656152690825, "eta": 0.021543367857586673, "gamma": 288.1730757748875, "max_depth": 9.0, "min_child_weight": 4239.696207655772, "num_boost_round": 8.0, "subsample": 0.8655050982738717}, "datetime": {"datetime": "2024-01-20 13:51:56", "elapsed": 1814.503139, "delta": 0.001279}}
{"target": -10.298826737756851, "params": {"colsample_bytree": 0.8393656152690825, "eta": 0.021543367857586673, "gamma": 288.1730757748875, "max_depth": 9.0, "min_child_weight": 4239.696207655772, "num_boost_round": 9.0, "subsample": 0.8655050982738717}, "datetime": {"datetime": "2024-01-20 13:51:56", "elapsed": 1814.504499, "delta": 0.00136}}
{"target": -10.299064803417929, "params": {"colsample_bytree": 0.8393656152690825, "eta": 0.021543367857586673, "gamma": 288.1730757748875, "max_depth": 9.0, "min_child_weight": 4239.696207655772, "num_boost_round": 10.0, "subsample": 0.8655050982738717}, "datetime": {"datetime": "2024-01-20 13:51:56", "elapsed": 1814.505766, "delta": 0.001267}}
{"target": -10.299305478088616, "params": {"colsample_bytree": 0.8393656152690825, "eta": 0.021543367857586673, "gamma": 288.1730757748875, "max_depth": 9.0, "min_child_weight": 4239.696207655772, "num_boost_round": 11.0, "subsample": 0.8655050982738717}, "datetime": {"datetime": "2024-01-20 13:51:56", "elapsed": 1814.507067, "delta": 0.001301}}
{"target": -10.299410015723975, "params": {"colsample_bytree": 0.8393656152690825, "eta": 0.021543367857586673, "gamma": 288.1730757748875, "max_depth": 9.0, "min_child_weight": 4239.696207655772, "num_boost_round": 12.0, "subsample": 0.8655050982738717}, "datetime": {"datetime": "2024-01-20 13:51:56", "elapsed": 1814.508345, "delta": 0.001278}}
{"target": -10.299471420224064, "params": {"colsample_bytree": 0.8393656152690825, "eta": 0.021543367857586673, "gamma": 288.1730757748875, "max_depth": 9.0, "min_child_weight": 4239.696207655772, "num_boost_round": 13.0, "subsample": 0.8655050982738717}, "datetime": {"datetime": "2024-01-20 13:51:56", "elapsed": 1814.509723, "delta": 0.001378}}
{"target": -10.299680981400902, "params": {"colsample_bytree": 0.8393656152690825, "eta": 0.021543367857586673, "gamma": 288.1730757748875, "max_depth": 9.0, "min_child_weight": 4239.696207655772, "num_boost_round": 14.0, "subsample": 0.8655050982738717}, "datetime": {"datetime": "2024-01-20 13:51:56", "elapsed": 1814.511025, "delta": 0.001302}}
{"target": -10.29974420034008, "params": {"colsample_bytree": 0.8393656152690825, "eta": 0.021543367857586673, "gamma": 288.1730757748875, "max_depth": 9.0, "min_child_weight": 4239.696207655772, "num_boost_round": 15.0, "subsample": 0.8655050982738717}, "datetime": {"datetime": "2024-01-20 13:51:56", "elapsed": 1814.512309, "delta": 0.001284}}
{"target": -10.299826302021458, "params": {"colsample_bytree": 0.8393656152690825, "eta": 0.021543367857586673, "gamma": 288.1730757748875, "max_depth": 9.0, "min_child_weight": 4239.696207655772, "num_boost_round": 16.0, "subsample": 0.8655050982738717}, "datetime": {"datetime": "2024-01-20 13:51:56", "elapsed": 1814.513585, "delta": 0.001276}}
{"target": -10.300016907759913, "params": {"colsample_bytree": 0.8393656152690825, "eta": 0.021543367857586673, "gamma": 288.1730757748875, "max_depth": 9.0, "min_child_weight": 4239.696207655772, "num_boost_round": 17.0, "subsample": 0.8655050982738717}, "datetime": {"datetime": "2024-01-20 13:51:56", "elapsed": 1814.514907, "delta": 0.001322}}
{"target": -10.300095313872863, "params": {"colsample_bytree": 0.8393656152690825, "eta": 0.021543367857586673, "gamma": 288.1730757748875, "max_depth": 9.0, "min_child_weight": 4239.696207655772, "num_boost_round": 18.0, "subsample": 0.8655050982738717}, "datetime": {"datetime": "2024-01-20 13:51:56", "elapsed": 1814.516196, "delta": 0.001289}}
{"target": -10.300300009637683, "params": {"colsample_bytree": 0.8393656152690825, "eta": 0.021543367857586673, "gamma": 288.1730757748875, "max_depth": 9.0, "min_child_weight": 4239.696207655772, "num_boost_round": 19.0, "subsample": 0.8655050982738717}, "datetime": {"datetime": "2024-01-20 13:51:56", "elapsed": 1814.517578, "delta": 0.001382}}
{"target": -10.298353954823437, "params": {"colsample_bytree": 0.825002247896399, "eta": 0.06545029862491764, "gamma": 947.2985694608205, "max_depth": 9.0, "min_child_weight": 4061.1818572495963, "num_boost_round": 1.0, "subsample": 0.994332402994475}, "datetime": {"datetime": "2024-01-20 13:52:52", "elapsed": 1870.042766, "delta": 55.525188}}
{"target": -10.298510734096286, "params": {"colsample_bytree": 0.825002247896399, "eta": 0.06545029862491764, "gamma": 947.2985694608205, "max_depth": 9.0, "min_child_weight": 4061.1818572495963, "num_boost_round": 2.0, "subsample": 0.994332402994475}, "datetime": {"datetime": "2024-01-20 13:52:52", "elapsed": 1870.046267, "delta": 0.003501}}
{"target": -10.298566920564822, "params": {"colsample_bytree": 0.825002247896399, "eta": 0.06545029862491764, "gamma": 947.2985694608205, "max_depth": 9.0, "min_child_weight": 4061.1818572495963, "num_boost_round": 3.0, "subsample": 0.994332402994475}, "datetime": {"datetime": "2024-01-20 13:52:52", "elapsed": 1870.048126, "delta": 0.001859}}
{"target": -10.298951363123303, "params": {"colsample_bytree": 0.825002247896399, "eta": 0.06545029862491764, "gamma": 947.2985694608205, "max_depth": 9.0, "min_child_weight": 4061.1818572495963, "num_boost_round": 4.0, "subsample": 0.994332402994475}, "datetime": {"datetime": "2024-01-20 13:52:52", "elapsed": 1870.049616, "delta": 0.00149}}
{"target": -10.299577519239355, "params": {"colsample_bytree": 0.825002247896399, "eta": 0.06545029862491764, "gamma": 947.2985694608205, "max_depth": 9.0, "min_child_weight": 4061.1818572495963, "num_boost_round": 5.0, "subsample": 0.994332402994475}, "datetime": {"datetime": "2024-01-20 13:52:52", "elapsed": 1870.050986, "delta": 0.00137}}
{"target": -10.300356353020382, "params": {"colsample_bytree": 0.825002247896399, "eta": 0.06545029862491764, "gamma": 947.2985694608205, "max_depth": 9.0, "min_child_weight": 4061.1818572495963, "num_boost_round": 6.0, "subsample": 0.994332402994475}, "datetime": {"datetime": "2024-01-20 13:52:52", "elapsed": 1870.052281, "delta": 0.001295}}
{"target": -10.300916639377903, "params": {"colsample_bytree": 0.825002247896399, "eta": 0.06545029862491764, "gamma": 947.2985694608205, "max_depth": 9.0, "min_child_weight": 4061.1818572495963, "num_boost_round": 7.0, "subsample": 0.994332402994475}, "datetime": {"datetime": "2024-01-20 13:52:52", "elapsed": 1870.053574, "delta": 0.001293}}
{"target": -10.301425648439722, "params": {"colsample_bytree": 0.825002247896399, "eta": 0.06545029862491764, "gamma": 947.2985694608205, "max_depth": 9.0, "min_child_weight": 4061.1818572495963, "num_boost_round": 8.0, "subsample": 0.994332402994475}, "datetime": {"datetime": "2024-01-20 13:52:52", "elapsed": 1870.05492, "delta": 0.001346}}
{"target": -10.301734295414777, "params": {"colsample_bytree": 0.825002247896399, "eta": 0.06545029862491764, "gamma": 947.2985694608205, "max_depth": 9.0, "min_child_weight": 4061.1818572495963, "num_boost_round": 9.0, "subsample": 0.994332402994475}, "datetime": {"datetime": "2024-01-20 13:52:52", "elapsed": 1870.056205, "delta": 0.001285}}
{"target": -10.302563665553631, "params": {"colsample_bytree": 0.825002247896399, "eta": 0.06545029862491764, "gamma": 947.2985694608205, "max_depth": 9.0, "min_child_weight": 4061.1818572495963, "num_boost_round": 10.0, "subsample": 0.994332402994475}, "datetime": {"datetime": "2024-01-20 13:52:52", "elapsed": 1870.057573, "delta": 0.001368}}
{"target": -10.30319119761346, "params": {"colsample_bytree": 0.825002247896399, "eta": 0.06545029862491764, "gamma": 947.2985694608205, "max_depth": 9.0, "min_child_weight": 4061.1818572495963, "num_boost_round": 11.0, "subsample": 0.994332402994475}, "datetime": {"datetime": "2024-01-20 13:52:52", "elapsed": 1870.058879, "delta": 0.001306}}
{"target": -10.30382822790907, "params": {"colsample_bytree": 0.825002247896399, "eta": 0.06545029862491764, "gamma": 947.2985694608205, "max_depth": 9.0, "min_child_weight": 4061.1818572495963, "num_boost_round": 12.0, "subsample": 0.994332402994475}, "datetime": {"datetime": "2024-01-20 13:52:52", "elapsed": 1870.06016, "delta": 0.001281}}
{"target": -10.304613379179495, "params": {"colsample_bytree": 0.825002247896399, "eta": 0.06545029862491764, "gamma": 947.2985694608205, "max_depth": 9.0, "min_child_weight": 4061.1818572495963, "num_boost_round": 13.0, "subsample": 0.994332402994475}, "datetime": {"datetime": "2024-01-20 13:52:52", "elapsed": 1870.061491, "delta": 0.001331}}
{"target": -10.305213059161805, "params": {"colsample_bytree": 0.825002247896399, "eta": 0.06545029862491764, "gamma": 947.2985694608205, "max_depth": 9.0, "min_child_weight": 4061.1818572495963, "num_boost_round": 14.0, "subsample": 0.994332402994475}, "datetime": {"datetime": "2024-01-20 13:52:52", "elapsed": 1870.062867, "delta": 0.001376}}
{"target": -10.305792809633605, "params": {"colsample_bytree": 0.825002247896399, "eta": 0.06545029862491764, "gamma": 947.2985694608205, "max_depth": 9.0, "min_child_weight": 4061.1818572495963, "num_boost_round": 15.0, "subsample": 0.994332402994475}, "datetime": {"datetime": "2024-01-20 13:52:52", "elapsed": 1870.064276, "delta": 0.001409}}
{"target": -10.30664696113239, "params": {"colsample_bytree": 0.825002247896399, "eta": 0.06545029862491764, "gamma": 947.2985694608205, "max_depth": 9.0, "min_child_weight": 4061.1818572495963, "num_boost_round": 16.0, "subsample": 0.994332402994475}, "datetime": {"datetime": "2024-01-20 13:52:52", "elapsed": 1870.06591, "delta": 0.001634}}
{"target": -10.307372599612252, "params": {"colsample_bytree": 0.825002247896399, "eta": 0.06545029862491764, "gamma": 947.2985694608205, "max_depth": 9.0, "min_child_weight": 4061.1818572495963, "num_boost_round": 17.0, "subsample": 0.994332402994475}, "datetime": {"datetime": "2024-01-20 13:52:52", "elapsed": 1870.067598, "delta": 0.001688}}
{"target": -10.308320749603666, "params": {"colsample_bytree": 0.825002247896399, "eta": 0.06545029862491764, "gamma": 947.2985694608205, "max_depth": 9.0, "min_child_weight": 4061.1818572495963, "num_boost_round": 18.0, "subsample": 0.994332402994475}, "datetime": {"datetime": "2024-01-20 13:52:52", "elapsed": 1870.068989, "delta": 0.001391}}
{"target": -10.309093690361273, "params": {"colsample_bytree": 0.825002247896399, "eta": 0.06545029862491764, "gamma": 947.2985694608205, "max_depth": 9.0, "min_child_weight": 4061.1818572495963, "num_boost_round": 19.0, "subsample": 0.994332402994475}, "datetime": {"datetime": "2024-01-20 13:52:52", "elapsed": 1870.070442, "delta": 0.001453}}
{"target": -10.310116550700723, "params": {"colsample_bytree": 0.825002247896399, "eta": 0.06545029862491764, "gamma": 947.2985694608205, "max_depth": 9.0, "min_child_weight": 4061.1818572495963, "num_boost_round": 20.0, "subsample": 0.994332402994475}, "datetime": {"datetime": "2024-01-20 13:52:52", "elapsed": 1870.071854, "delta": 0.001412}}
{"target": -10.311110855990886, "params": {"colsample_bytree": 0.825002247896399, "eta": 0.06545029862491764, "gamma": 947.2985694608205, "max_depth": 9.0, "min_child_weight": 4061.1818572495963, "num_boost_round": 21.0, "subsample": 0.994332402994475}, "datetime": {"datetime": "2024-01-20 13:52:52", "elapsed": 1870.073143, "delta": 0.001289}}
{"target": -10.311749297502748, "params": {"colsample_bytree": 0.825002247896399, "eta": 0.06545029862491764, "gamma": 947.2985694608205, "max_depth": 9.0, "min_child_weight": 4061.1818572495963, "num_boost_round": 22.0, "subsample": 0.994332402994475}, "datetime": {"datetime": "2024-01-20 13:52:52", "elapsed": 1870.074448, "delta": 0.001305}}
{"target": -10.312327919360081, "params": {"colsample_bytree": 0.825002247896399, "eta": 0.06545029862491764, "gamma": 947.2985694608205, "max_depth": 9.0, "min_child_weight": 4061.1818572495963, "num_boost_round": 23.0, "subsample": 0.994332402994475}, "datetime": {"datetime": "2024-01-20 13:52:52", "elapsed": 1870.075751, "delta": 0.001303}}
{"target": -10.312876593704146, "params": {"colsample_bytree": 0.825002247896399, "eta": 0.06545029862491764, "gamma": 947.2985694608205, "max_depth": 9.0, "min_child_weight": 4061.1818572495963, "num_boost_round": 24.0, "subsample": 0.994332402994475}, "datetime": {"datetime": "2024-01-20 13:52:52", "elapsed": 1870.077115, "delta": 0.001364}}
{"target": -10.31332553170354, "params": {"colsample_bytree": 0.825002247896399, "eta": 0.06545029862491764, "gamma": 947.2985694608205, "max_depth": 9.0, "min_child_weight": 4061.1818572495963, "num_boost_round": 25.0, "subsample": 0.994332402994475}, "datetime": {"datetime": "2024-01-20 13:52:52", "elapsed": 1870.078418, "delta": 0.001303}}
{"target": -10.313994338761765, "params": {"colsample_bytree": 0.825002247896399, "eta": 0.06545029862491764, "gamma": 947.2985694608205, "max_depth": 9.0, "min_child_weight": 4061.1818572495963, "num_boost_round": 26.0, "subsample": 0.994332402994475}, "datetime": {"datetime": "2024-01-20 13:52:52", "elapsed": 1870.079726, "delta": 0.001308}}
{"target": -10.314535153408702, "params": {"colsample_bytree": 0.825002247896399, "eta": 0.06545029862491764, "gamma": 947.2985694608205, "max_depth": 9.0, "min_child_weight": 4061.1818572495963, "num_boost_round": 27.0, "subsample": 0.994332402994475}, "datetime": {"datetime": "2024-01-20 13:52:52", "elapsed": 1870.081033, "delta": 0.001307}}
{"target": -10.298502523204927, "params": {"colsample_bytree": 0.6738321093536329, "eta": 0.012867475914408412, "gamma": 308.94717792201254, "max_depth": 7.0, "min_child_weight": 3919.542977325781, "num_boost_round": 1.0, "subsample": 0.7317044141728524}, "datetime": {"datetime": "2024-01-20 13:53:24", "elapsed": 1902.459697, "delta": 32.378664}}
