{"target": -13.732513052296653, "params": {"colsample_bytree": 0.647481641414745, "eta": 0.030808649223647507, "gamma": 264.666745692299, "max_depth": 4.0, "min_child_weight": 4741.374751190681, "num_boost_round": 3.0, "subsample": 0.1274439856960748}, "datetime": {"datetime": "2024-01-20 17:35:11", "elapsed": 11472.736612, "delta": 0.004116}}
{"target": -13.73305739054903, "params": {"colsample_bytree": 0.647481641414745, "eta": 0.030808649223647507, "gamma": 264.666745692299, "max_depth": 4.0, "min_child_weight": 4741.374751190681, "num_boost_round": 4.0, "subsample": 0.1274439856960748}, "datetime": {"datetime": "2024-01-20 17:35:11", "elapsed": 11472.740114, "delta": 0.003502}}
{"target": -13.733586428062125, "params": {"colsample_bytree": 0.647481641414745, "eta": 0.030808649223647507, "gamma": 264.666745692299, "max_depth": 4.0, "min_child_weight": 4741.374751190681, "num_boost_round": 5.0, "subsample": 0.1274439856960748}, "datetime": {"datetime": "2024-01-20 17:35:11", "elapsed": 11472.743843, "delta": 0.003729}}
{"target": -13.732217815386813, "params": {"colsample_bytree": 0.6423569579222462, "eta": 0.07468880037374238, "gamma": 763.9626037034654, "max_depth": 3.0, "min_child_weight": 3645.5255247144255, "num_boost_round": 1.0, "subsample": 0.7258444539417164}, "datetime": {"datetime": "2024-01-20 17:35:48", "elapsed": 11509.08136, "delta": 36.337517}}
{"target": -13.731338481380082, "params": {"colsample_bytree": 0.404833696313475, "eta": 0.06688689982782282, "gamma": 410.95084080760023, "max_depth": 2.0, "min_child_weight": 4087.655547438003, "num_boost_round": 1.0, "subsample": 0.6316670743770374}, "datetime": {"datetime": "2024-01-20 17:36:19", "elapsed": 11539.982482, "delta": 30.901122}}
{"target": -13.73282527793043, "params": {"colsample_bytree": 0.5061902612769517, "eta": 0.08265560925628011, "gamma": 102.6722034362797, "max_depth": 9.0, "min_child_weight": 4339.477346083224, "num_boost_round": 1.0, "subsample": 0.2893495678966316}, "datetime": {"datetime": "2024-01-20 17:37:01", "elapsed": 11582.509003, "delta": 42.526521}}
{"target": -13.73476801321928, "params": {"colsample_bytree": 0.5061902612769517, "eta": 0.08265560925628011, "gamma": 102.6722034362797, "max_depth": 9.0, "min_child_weight": 4339.477346083224, "num_boost_round": 2.0, "subsample": 0.2893495678966316}, "datetime": {"datetime": "2024-01-20 17:37:01", "elapsed": 11582.514718, "delta": 0.005715}}
{"target": -13.73187763260323, "params": {"colsample_bytree": 0.5011177177844361, "eta": 0.05663727930331815, "gamma": 712.5620034533869, "max_depth": 2.0, "min_child_weight": 3688.632427455185, "num_boost_round": 1.0, "subsample": 0.7839434099007964}, "datetime": {"datetime": "2024-01-20 17:37:44", "elapsed": 11625.494518, "delta": 42.9798}}
{"target": -13.732414547207927, "params": {"colsample_bytree": 0.5011177177844361, "eta": 0.05663727930331815, "gamma": 712.5620034533869, "max_depth": 2.0, "min_child_weight": 3688.632427455185, "num_boost_round": 2.0, "subsample": 0.7839434099007964}, "datetime": {"datetime": "2024-01-20 17:37:44", "elapsed": 11625.499568, "delta": 0.00505}}
{"target": -13.732892620853796, "params": {"colsample_bytree": 0.5011177177844361, "eta": 0.05663727930331815, "gamma": 712.5620034533869, "max_depth": 2.0, "min_child_weight": 3688.632427455185, "num_boost_round": 3.0, "subsample": 0.7839434099007964}, "datetime": {"datetime": "2024-01-20 17:37:44", "elapsed": 11625.503167, "delta": 0.003599}}
{"target": -13.733903405461785, "params": {"colsample_bytree": 0.5011177177844361, "eta": 0.05663727930331815, "gamma": 712.5620034533869, "max_depth": 2.0, "min_child_weight": 3688.632427455185, "num_boost_round": 4.0, "subsample": 0.7839434099007964}, "datetime": {"datetime": "2024-01-20 17:37:44", "elapsed": 11625.50662, "delta": 0.003453}}
{"target": -13.734965450665054, "params": {"colsample_bytree": 0.5011177177844361, "eta": 0.05663727930331815, "gamma": 712.5620034533869, "max_depth": 2.0, "min_child_weight": 3688.632427455185, "num_boost_round": 5.0, "subsample": 0.7839434099007964}, "datetime": {"datetime": "2024-01-20 17:37:44", "elapsed": 11625.510131, "delta": 0.003511}}
{"target": -13.731591130390308, "params": {"colsample_bytree": 0.7922978159093338, "eta": 0.054883829311254816, "gamma": 506.4598875515867, "max_depth": 2.0, "min_child_weight": 4538.805618421252, "num_boost_round": 1.0, "subsample": 0.7792177587813294}, "datetime": {"datetime": "2024-01-20 17:38:33", "elapsed": 11674.030031, "delta": 48.5199}}
{"target": -13.732259256202779, "params": {"colsample_bytree": 0.7922978159093338, "eta": 0.054883829311254816, "gamma": 506.4598875515867, "max_depth": 2.0, "min_child_weight": 4538.805618421252, "num_boost_round": 2.0, "subsample": 0.7792177587813294}, "datetime": {"datetime": "2024-01-20 17:38:33", "elapsed": 11674.035745, "delta": 0.005714}}
{"target": -13.73172229575784, "params": {"colsample_bytree": 0.26393816292422534, "eta": 0.07520643118177663, "gamma": 768.560002192202, "max_depth": 3.0, "min_child_weight": 4335.923805920979, "num_boost_round": 1.0, "subsample": 0.20287761885291353}, "datetime": {"datetime": "2024-01-20 17:39:22", "elapsed": 11723.257276, "delta": 49.221531}}
{"target": -13.731530482528036, "params": {"colsample_bytree": 0.9888302840920754, "eta": 0.04612989359779266, "gamma": 555.9515403799049, "max_depth": 4.0, "min_child_weight": 3859.64549929575, "num_boost_round": 1.0, "subsample": 0.9880495026939734}, "datetime": {"datetime": "2024-01-20 17:39:48", "elapsed": 11749.056405, "delta": 25.799129}}
{"target": -13.731486408814757, "params": {"colsample_bytree": 0.8427468855472334, "eta": 0.04670477460456597, "gamma": 96.8903974449914, "max_depth": 4.0, "min_child_weight": 4501.743654732549, "num_boost_round": 1.0, "subsample": 0.987179895754647}, "datetime": {"datetime": "2024-01-20 17:40:38", "elapsed": 11799.338735, "delta": 50.28233}}
{"target": -13.732316887216843, "params": {"colsample_bytree": 0.8427468855472334, "eta": 0.04670477460456597, "gamma": 96.8903974449914, "max_depth": 4.0, "min_child_weight": 4501.743654732549, "num_boost_round": 2.0, "subsample": 0.987179895754647}, "datetime": {"datetime": "2024-01-20 17:40:38", "elapsed": 11799.342906, "delta": 0.004171}}
{"target": -13.73269919837045, "params": {"colsample_bytree": 0.8427468855472334, "eta": 0.04670477460456597, "gamma": 96.8903974449914, "max_depth": 4.0, "min_child_weight": 4501.743654732549, "num_boost_round": 3.0, "subsample": 0.987179895754647}, "datetime": {"datetime": "2024-01-20 17:40:38", "elapsed": 11799.346425, "delta": 0.003519}}
{"target": -13.732492293561325, "params": {"colsample_bytree": 0.7826332617977425, "eta": 0.05370797715699627, "gamma": 591.5324199686243, "max_depth": 8.0, "min_child_weight": 3311.731704096391, "num_boost_round": 1.0, "subsample": 0.307336204923732}, "datetime": {"datetime": "2024-01-20 17:41:16", "elapsed": 11836.888648, "delta": 37.542223}}
{"target": -13.733779042999554, "params": {"colsample_bytree": 0.7826332617977425, "eta": 0.05370797715699627, "gamma": 591.5324199686243, "max_depth": 8.0, "min_child_weight": 3311.731704096391, "num_boost_round": 2.0, "subsample": 0.307336204923732}, "datetime": {"datetime": "2024-01-20 17:41:16", "elapsed": 11836.892385, "delta": 0.003737}}
{"target": -13.735060950272167, "params": {"colsample_bytree": 0.7826332617977425, "eta": 0.05370797715699627, "gamma": 591.5324199686243, "max_depth": 8.0, "min_child_weight": 3311.731704096391, "num_boost_round": 3.0, "subsample": 0.307336204923732}, "datetime": {"datetime": "2024-01-20 17:41:16", "elapsed": 11836.895752, "delta": 0.003367}}
{"target": -13.736533655807328, "params": {"colsample_bytree": 0.7826332617977425, "eta": 0.05370797715699627, "gamma": 591.5324199686243, "max_depth": 8.0, "min_child_weight": 3311.731704096391, "num_boost_round": 4.0, "subsample": 0.307336204923732}, "datetime": {"datetime": "2024-01-20 17:41:16", "elapsed": 11836.900045, "delta": 0.004293}}
{"target": -13.732203239962097, "params": {"colsample_bytree": 0.7389873509022498, "eta": 0.05310730059080826, "gamma": 529.3215062912252, "max_depth": 9.0, "min_child_weight": 3271.887305769256, "num_boost_round": 1.0, "subsample": 0.41615062573110484}, "datetime": {"datetime": "2024-01-20 17:41:45", "elapsed": 11866.550395, "delta": 29.65035}}
{"target": -13.731099316972838, "params": {"colsample_bytree": 0.7174072622641907, "eta": 0.0049646631071966355, "gamma": 558.7993417833837, "max_depth": 8.0, "min_child_weight": 3297.4339979398487, "num_boost_round": 1.0, "subsample": 0.14450320985581233}, "datetime": {"datetime": "2024-01-20 17:42:28", "elapsed": 11908.989882, "delta": 42.439487}}
{"target": -13.731637465987763, "params": {"colsample_bytree": 0.3346386465508316, "eta": 0.043549079799571545, "gamma": 493.16517170552453, "max_depth": 3.0, "min_child_weight": 3300.455832937906, "num_boost_round": 1.0, "subsample": 0.3554382498562948}, "datetime": {"datetime": "2024-01-20 17:43:05", "elapsed": 11946.877752, "delta": 37.88787}}
{"target": -13.73219149109086, "params": {"colsample_bytree": 0.3346386465508316, "eta": 0.043549079799571545, "gamma": 493.16517170552453, "max_depth": 3.0, "min_child_weight": 3300.455832937906, "num_boost_round": 2.0, "subsample": 0.3554382498562948}, "datetime": {"datetime": "2024-01-20 17:43:05", "elapsed": 11946.881752, "delta": 0.004}}
{"target": -13.732505363921112, "params": {"colsample_bytree": 0.3346386465508316, "eta": 0.043549079799571545, "gamma": 493.16517170552453, "max_depth": 3.0, "min_child_weight": 3300.455832937906, "num_boost_round": 3.0, "subsample": 0.3554382498562948}, "datetime": {"datetime": "2024-01-20 17:43:05", "elapsed": 11946.885678, "delta": 0.003926}}
{"target": -13.733314723063742, "params": {"colsample_bytree": 0.3346386465508316, "eta": 0.043549079799571545, "gamma": 493.16517170552453, "max_depth": 3.0, "min_child_weight": 3300.455832937906, "num_boost_round": 4.0, "subsample": 0.3554382498562948}, "datetime": {"datetime": "2024-01-20 17:43:06", "elapsed": 11946.889122, "delta": 0.003444}}
{"target": -13.734197009362873, "params": {"colsample_bytree": 0.3346386465508316, "eta": 0.043549079799571545, "gamma": 493.16517170552453, "max_depth": 3.0, "min_child_weight": 3300.455832937906, "num_boost_round": 5.0, "subsample": 0.3554382498562948}, "datetime": {"datetime": "2024-01-20 17:43:06", "elapsed": 11946.892496, "delta": 0.003374}}
{"target": -13.734953130781658, "params": {"colsample_bytree": 0.3346386465508316, "eta": 0.043549079799571545, "gamma": 493.16517170552453, "max_depth": 3.0, "min_child_weight": 3300.455832937906, "num_boost_round": 6.0, "subsample": 0.3554382498562948}, "datetime": {"datetime": "2024-01-20 17:43:06", "elapsed": 11946.895981, "delta": 0.003485}}
{"target": -13.735320421906035, "params": {"colsample_bytree": 0.3346386465508316, "eta": 0.043549079799571545, "gamma": 493.16517170552453, "max_depth": 3.0, "min_child_weight": 3300.455832937906, "num_boost_round": 7.0, "subsample": 0.3554382498562948}, "datetime": {"datetime": "2024-01-20 17:43:06", "elapsed": 11946.899463, "delta": 0.003482}}
{"target": -13.731161119095574, "params": {"colsample_bytree": 0.22154790937747865, "eta": 0.023610827965522194, "gamma": 161.22064866784214, "max_depth": 6.0, "min_child_weight": 3311.9821365940347, "num_boost_round": 1.0, "subsample": 0.40115473211672203}, "datetime": {"datetime": "2024-01-20 17:43:52", "elapsed": 11993.383189, "delta": 46.483726}}
{"target": -13.731331263187236, "params": {"colsample_bytree": 0.22154790937747865, "eta": 0.023610827965522194, "gamma": 161.22064866784214, "max_depth": 6.0, "min_child_weight": 3311.9821365940347, "num_boost_round": 2.0, "subsample": 0.40115473211672203}, "datetime": {"datetime": "2024-01-20 17:43:52", "elapsed": 11993.387674, "delta": 0.004485}}
{"target": -13.731446036425247, "params": {"colsample_bytree": 0.22154790937747865, "eta": 0.023610827965522194, "gamma": 161.22064866784214, "max_depth": 6.0, "min_child_weight": 3311.9821365940347, "num_boost_round": 3.0, "subsample": 0.40115473211672203}, "datetime": {"datetime": "2024-01-20 17:43:52", "elapsed": 11993.391194, "delta": 0.00352}}
{"target": -13.731108003595015, "params": {"colsample_bytree": 0.23955611038626493, "eta": 0.024338421145645182, "gamma": 41.049902433555886, "max_depth": 9.0, "min_child_weight": 4522.385604239501, "num_boost_round": 1.0, "subsample": 0.7725215318943477}, "datetime": {"datetime": "2024-01-20 17:44:42", "elapsed": 12043.738116, "delta": 50.346922}}
{"target": -13.731332457755611, "params": {"colsample_bytree": 0.23955611038626493, "eta": 0.024338421145645182, "gamma": 41.049902433555886, "max_depth": 9.0, "min_child_weight": 4522.385604239501, "num_boost_round": 2.0, "subsample": 0.7725215318943477}, "datetime": {"datetime": "2024-01-20 17:44:42", "elapsed": 12043.742852, "delta": 0.004736}}
{"target": -13.731495862041678, "params": {"colsample_bytree": 0.23955611038626493, "eta": 0.024338421145645182, "gamma": 41.049902433555886, "max_depth": 9.0, "min_child_weight": 4522.385604239501, "num_boost_round": 3.0, "subsample": 0.7725215318943477}, "datetime": {"datetime": "2024-01-20 17:44:42", "elapsed": 12043.746932, "delta": 0.00408}}
{"target": -13.731682448212258, "params": {"colsample_bytree": 0.23955611038626493, "eta": 0.024338421145645182, "gamma": 41.049902433555886, "max_depth": 9.0, "min_child_weight": 4522.385604239501, "num_boost_round": 4.0, "subsample": 0.7725215318943477}, "datetime": {"datetime": "2024-01-20 17:44:42", "elapsed": 12043.750572, "delta": 0.00364}}
{"target": -13.732109567634314, "params": {"colsample_bytree": 0.23955611038626493, "eta": 0.024338421145645182, "gamma": 41.049902433555886, "max_depth": 9.0, "min_child_weight": 4522.385604239501, "num_boost_round": 5.0, "subsample": 0.7725215318943477}, "datetime": {"datetime": "2024-01-20 17:44:42", "elapsed": 12043.754316, "delta": 0.003744}}
{"target": -13.732445949561928, "params": {"colsample_bytree": 0.23955611038626493, "eta": 0.024338421145645182, "gamma": 41.049902433555886, "max_depth": 9.0, "min_child_weight": 4522.385604239501, "num_boost_round": 6.0, "subsample": 0.7725215318943477}, "datetime": {"datetime": "2024-01-20 17:44:42", "elapsed": 12043.75795, "delta": 0.003634}}
{"target": -13.732636437899206, "params": {"colsample_bytree": 0.23955611038626493, "eta": 0.024338421145645182, "gamma": 41.049902433555886, "max_depth": 9.0, "min_child_weight": 4522.385604239501, "num_boost_round": 7.0, "subsample": 0.7725215318943477}, "datetime": {"datetime": "2024-01-20 17:44:42", "elapsed": 12043.761482, "delta": 0.003532}}
{"target": -13.732664175352445, "params": {"colsample_bytree": 0.23955611038626493, "eta": 0.024338421145645182, "gamma": 41.049902433555886, "max_depth": 9.0, "min_child_weight": 4522.385604239501, "num_boost_round": 8.0, "subsample": 0.7725215318943477}, "datetime": {"datetime": "2024-01-20 17:44:42", "elapsed": 12043.764969, "delta": 0.003487}}
{"target": -13.73297814651366, "params": {"colsample_bytree": 0.23955611038626493, "eta": 0.024338421145645182, "gamma": 41.049902433555886, "max_depth": 9.0, "min_child_weight": 4522.385604239501, "num_boost_round": 9.0, "subsample": 0.7725215318943477}, "datetime": {"datetime": "2024-01-20 17:44:42", "elapsed": 12043.768514, "delta": 0.003545}}
{"target": -13.733162218222702, "params": {"colsample_bytree": 0.23955611038626493, "eta": 0.024338421145645182, "gamma": 41.049902433555886, "max_depth": 9.0, "min_child_weight": 4522.385604239501, "num_boost_round": 10.0, "subsample": 0.7725215318943477}, "datetime": {"datetime": "2024-01-20 17:44:42", "elapsed": 12043.772008, "delta": 0.003494}}
{"target": -13.73337429809254, "params": {"colsample_bytree": 0.23955611038626493, "eta": 0.024338421145645182, "gamma": 41.049902433555886, "max_depth": 9.0, "min_child_weight": 4522.385604239501, "num_boost_round": 11.0, "subsample": 0.7725215318943477}, "datetime": {"datetime": "2024-01-20 17:44:42", "elapsed": 12043.775464, "delta": 0.003456}}
{"target": -13.73341167798159, "params": {"colsample_bytree": 0.23955611038626493, "eta": 0.024338421145645182, "gamma": 41.049902433555886, "max_depth": 9.0, "min_child_weight": 4522.385604239501, "num_boost_round": 12.0, "subsample": 0.7725215318943477}, "datetime": {"datetime": "2024-01-20 17:44:42", "elapsed": 12043.779346, "delta": 0.003882}}
{"target": -13.733596439911246, "params": {"colsample_bytree": 0.23955611038626493, "eta": 0.024338421145645182, "gamma": 41.049902433555886, "max_depth": 9.0, "min_child_weight": 4522.385604239501, "num_boost_round": 13.0, "subsample": 0.7725215318943477}, "datetime": {"datetime": "2024-01-20 17:44:42", "elapsed": 12043.783125, "delta": 0.003779}}
{"target": -13.733969722257896, "params": {"colsample_bytree": 0.23955611038626493, "eta": 0.024338421145645182, "gamma": 41.049902433555886, "max_depth": 9.0, "min_child_weight": 4522.385604239501, "num_boost_round": 14.0, "subsample": 0.7725215318943477}, "datetime": {"datetime": "2024-01-20 17:44:42", "elapsed": 12043.786826, "delta": 0.003701}}
{"target": -13.734046822852855, "params": {"colsample_bytree": 0.23955611038626493, "eta": 0.024338421145645182, "gamma": 41.049902433555886, "max_depth": 9.0, "min_child_weight": 4522.385604239501, "num_boost_round": 15.0, "subsample": 0.7725215318943477}, "datetime": {"datetime": "2024-01-20 17:44:42", "elapsed": 12043.790478, "delta": 0.003652}}
{"target": -13.734437062144352, "params": {"colsample_bytree": 0.23955611038626493, "eta": 0.024338421145645182, "gamma": 41.049902433555886, "max_depth": 9.0, "min_child_weight": 4522.385604239501, "num_boost_round": 16.0, "subsample": 0.7725215318943477}, "datetime": {"datetime": "2024-01-20 17:44:42", "elapsed": 12043.794092, "delta": 0.003614}}
{"target": -13.73477065028302, "params": {"colsample_bytree": 0.23955611038626493, "eta": 0.024338421145645182, "gamma": 41.049902433555886, "max_depth": 9.0, "min_child_weight": 4522.385604239501, "num_boost_round": 17.0, "subsample": 0.7725215318943477}, "datetime": {"datetime": "2024-01-20 17:44:42", "elapsed": 12043.798072, "delta": 0.00398}}
{"target": -13.734894035701501, "params": {"colsample_bytree": 0.23955611038626493, "eta": 0.024338421145645182, "gamma": 41.049902433555886, "max_depth": 9.0, "min_child_weight": 4522.385604239501, "num_boost_round": 18.0, "subsample": 0.7725215318943477}, "datetime": {"datetime": "2024-01-20 17:44:42", "elapsed": 12043.801648, "delta": 0.003576}}
{"target": -13.735182930789177, "params": {"colsample_bytree": 0.23955611038626493, "eta": 0.024338421145645182, "gamma": 41.049902433555886, "max_depth": 9.0, "min_child_weight": 4522.385604239501, "num_boost_round": 19.0, "subsample": 0.7725215318943477}, "datetime": {"datetime": "2024-01-20 17:44:42", "elapsed": 12043.805275, "delta": 0.003627}}
{"target": -13.735456768470806, "params": {"colsample_bytree": 0.23955611038626493, "eta": 0.024338421145645182, "gamma": 41.049902433555886, "max_depth": 9.0, "min_child_weight": 4522.385604239501, "num_boost_round": 20.0, "subsample": 0.7725215318943477}, "datetime": {"datetime": "2024-01-20 17:44:42", "elapsed": 12043.808909, "delta": 0.003634}}
{"target": -13.735944927838172, "params": {"colsample_bytree": 0.23955611038626493, "eta": 0.024338421145645182, "gamma": 41.049902433555886, "max_depth": 9.0, "min_child_weight": 4522.385604239501, "num_boost_round": 21.0, "subsample": 0.7725215318943477}, "datetime": {"datetime": "2024-01-20 17:44:42", "elapsed": 12043.812475, "delta": 0.003566}}
{"target": -13.736066232746577, "params": {"colsample_bytree": 0.23955611038626493, "eta": 0.024338421145645182, "gamma": 41.049902433555886, "max_depth": 9.0, "min_child_weight": 4522.385604239501, "num_boost_round": 22.0, "subsample": 0.7725215318943477}, "datetime": {"datetime": "2024-01-20 17:44:42", "elapsed": 12043.816032, "delta": 0.003557}}
{"target": -13.731329237650147, "params": {"colsample_bytree": 0.2711528761831593, "eta": 0.031175602536998026, "gamma": 574.3584173003131, "max_depth": 7.0, "min_child_weight": 3220.7499654622734, "num_boost_round": 1.0, "subsample": 0.16357858929383168}, "datetime": {"datetime": "2024-01-20 17:45:22", "elapsed": 12083.370258, "delta": 39.554226}}
{"target": -13.731322751942276, "params": {"colsample_bytree": 0.3721826186160754, "eta": 0.026872571205928494, "gamma": 119.40347516216066, "max_depth": 3.0, "min_child_weight": 3272.452006704356, "num_boost_round": 1.0, "subsample": 0.5690230685370171}, "datetime": {"datetime": "2024-01-20 17:46:02", "elapsed": 12123.558931, "delta": 40.188673}}
{"target": -13.731594012994425, "params": {"colsample_bytree": 0.3721826186160754, "eta": 0.026872571205928494, "gamma": 119.40347516216066, "max_depth": 3.0, "min_child_weight": 3272.452006704356, "num_boost_round": 2.0, "subsample": 0.5690230685370171}, "datetime": {"datetime": "2024-01-20 17:46:02", "elapsed": 12123.565141, "delta": 0.00621}}
{"target": -13.731814831183598, "params": {"colsample_bytree": 0.3721826186160754, "eta": 0.026872571205928494, "gamma": 119.40347516216066, "max_depth": 3.0, "min_child_weight": 3272.452006704356, "num_boost_round": 3.0, "subsample": 0.5690230685370171}, "datetime": {"datetime": "2024-01-20 17:46:02", "elapsed": 12123.570512, "delta": 0.005371}}
{"target": -13.732205426040778, "params": {"colsample_bytree": 0.3721826186160754, "eta": 0.026872571205928494, "gamma": 119.40347516216066, "max_depth": 3.0, "min_child_weight": 3272.452006704356, "num_boost_round": 4.0, "subsample": 0.5690230685370171}, "datetime": {"datetime": "2024-01-20 17:46:02", "elapsed": 12123.575128, "delta": 0.004616}}
{"target": -13.731706483448544, "params": {"colsample_bytree": 0.7612416317933677, "eta": 0.04466856864009099, "gamma": 548.0683730191749, "max_depth": 4.0, "min_child_weight": 3215.7657353904865, "num_boost_round": 1.0, "subsample": 0.11900891956158631}, "datetime": {"datetime": "2024-01-20 17:46:45", "elapsed": 12166.510221, "delta": 42.935093}}
