{"target": -10.497288196763007, "params": {"colsample_bytree": 0.5892301077311103, "eta": 0.0813413274811481, "gamma": 919.8202041920413, "max_depth": 7.0, "min_child_weight": 4417.432451769125, "num_boost_round": 51.0, "subsample": 0.9835234181919105}, "datetime": {"datetime": "2024-01-20 13:51:02", "elapsed": 1554.50358, "delta": 0.002145}}
{"target": -10.497688081275614, "params": {"colsample_bytree": 0.5892301077311103, "eta": 0.0813413274811481, "gamma": 919.8202041920413, "max_depth": 7.0, "min_child_weight": 4417.432451769125, "num_boost_round": 52.0, "subsample": 0.9835234181919105}, "datetime": {"datetime": "2024-01-20 13:51:02", "elapsed": 1554.505767, "delta": 0.002187}}
{"target": -10.498613272326693, "params": {"colsample_bytree": 0.5892301077311103, "eta": 0.0813413274811481, "gamma": 919.8202041920413, "max_depth": 7.0, "min_child_weight": 4417.432451769125, "num_boost_round": 53.0, "subsample": 0.9835234181919105}, "datetime": {"datetime": "2024-01-20 13:51:02", "elapsed": 1554.507932, "delta": 0.002165}}
{"target": -10.499237521000673, "params": {"colsample_bytree": 0.5892301077311103, "eta": 0.0813413274811481, "gamma": 919.8202041920413, "max_depth": 7.0, "min_child_weight": 4417.432451769125, "num_boost_round": 54.0, "subsample": 0.9835234181919105}, "datetime": {"datetime": "2024-01-20 13:51:02", "elapsed": 1554.510124, "delta": 0.002192}}
{"target": -10.49947427273833, "params": {"colsample_bytree": 0.5892301077311103, "eta": 0.0813413274811481, "gamma": 919.8202041920413, "max_depth": 7.0, "min_child_weight": 4417.432451769125, "num_boost_round": 55.0, "subsample": 0.9835234181919105}, "datetime": {"datetime": "2024-01-20 13:51:02", "elapsed": 1554.512336, "delta": 0.002212}}
{"target": -10.476052381856475, "params": {"colsample_bytree": 0.24983798612426666, "eta": 0.038734417603136, "gamma": 848.6055071164479, "max_depth": 4.0, "min_child_weight": 4610.288020672184, "num_boost_round": 1.0, "subsample": 0.24363254505503243}, "datetime": {"datetime": "2024-01-20 13:51:29", "elapsed": 1581.776866, "delta": 27.26453}}
{"target": -10.475929815328195, "params": {"colsample_bytree": 0.24983798612426666, "eta": 0.038734417603136, "gamma": 848.6055071164479, "max_depth": 4.0, "min_child_weight": 4610.288020672184, "num_boost_round": 2.0, "subsample": 0.24363254505503243}, "datetime": {"datetime": "2024-01-20 13:51:29", "elapsed": 1581.779945, "delta": 0.003079}}
{"target": -10.475800389309166, "params": {"colsample_bytree": 0.24983798612426666, "eta": 0.038734417603136, "gamma": 848.6055071164479, "max_depth": 4.0, "min_child_weight": 4610.288020672184, "num_boost_round": 3.0, "subsample": 0.24363254505503243}, "datetime": {"datetime": "2024-01-20 13:51:29", "elapsed": 1581.782398, "delta": 0.002453}}
{"target": -10.475645100101634, "params": {"colsample_bytree": 0.24983798612426666, "eta": 0.038734417603136, "gamma": 848.6055071164479, "max_depth": 4.0, "min_child_weight": 4610.288020672184, "num_boost_round": 4.0, "subsample": 0.24363254505503243}, "datetime": {"datetime": "2024-01-20 13:51:29", "elapsed": 1581.784427, "delta": 0.002029}}
{"target": -10.475654817293542, "params": {"colsample_bytree": 0.24983798612426666, "eta": 0.038734417603136, "gamma": 848.6055071164479, "max_depth": 4.0, "min_child_weight": 4610.288020672184, "num_boost_round": 5.0, "subsample": 0.24363254505503243}, "datetime": {"datetime": "2024-01-20 13:51:29", "elapsed": 1581.786421, "delta": 0.001994}}
{"target": -10.475405165992488, "params": {"colsample_bytree": 0.4763896221625963, "eta": 0.07579524160550921, "gamma": 849.7780359783437, "max_depth": 7.0, "min_child_weight": 4568.214817745592, "num_boost_round": 1.0, "subsample": 0.25741983735863966}, "datetime": {"datetime": "2024-01-20 13:52:18", "elapsed": 1630.90625, "delta": 49.119829}}
{"target": -10.474737530069763, "params": {"colsample_bytree": 0.4763896221625963, "eta": 0.07579524160550921, "gamma": 849.7780359783437, "max_depth": 7.0, "min_child_weight": 4568.214817745592, "num_boost_round": 2.0, "subsample": 0.25741983735863966}, "datetime": {"datetime": "2024-01-20 13:52:18", "elapsed": 1630.909396, "delta": 0.003146}}
{"target": -10.474547895954949, "params": {"colsample_bytree": 0.4763896221625963, "eta": 0.07579524160550921, "gamma": 849.7780359783437, "max_depth": 7.0, "min_child_weight": 4568.214817745592, "num_boost_round": 3.0, "subsample": 0.25741983735863966}, "datetime": {"datetime": "2024-01-20 13:52:18", "elapsed": 1630.911405, "delta": 0.002009}}
{"target": -10.474018945572013, "params": {"colsample_bytree": 0.4763896221625963, "eta": 0.07579524160550921, "gamma": 849.7780359783437, "max_depth": 7.0, "min_child_weight": 4568.214817745592, "num_boost_round": 4.0, "subsample": 0.25741983735863966}, "datetime": {"datetime": "2024-01-20 13:52:18", "elapsed": 1630.913418, "delta": 0.002013}}
{"target": -10.473726381635348, "params": {"colsample_bytree": 0.4763896221625963, "eta": 0.07579524160550921, "gamma": 849.7780359783437, "max_depth": 7.0, "min_child_weight": 4568.214817745592, "num_boost_round": 5.0, "subsample": 0.25741983735863966}, "datetime": {"datetime": "2024-01-20 13:52:18", "elapsed": 1630.915467, "delta": 0.002049}}
{"target": -10.47353374780533, "params": {"colsample_bytree": 0.4763896221625963, "eta": 0.07579524160550921, "gamma": 849.7780359783437, "max_depth": 7.0, "min_child_weight": 4568.214817745592, "num_boost_round": 6.0, "subsample": 0.25741983735863966}, "datetime": {"datetime": "2024-01-20 13:52:18", "elapsed": 1630.917572, "delta": 0.002105}}
{"target": -10.473072379333718, "params": {"colsample_bytree": 0.4763896221625963, "eta": 0.07579524160550921, "gamma": 849.7780359783437, "max_depth": 7.0, "min_child_weight": 4568.214817745592, "num_boost_round": 7.0, "subsample": 0.25741983735863966}, "datetime": {"datetime": "2024-01-20 13:52:18", "elapsed": 1630.919561, "delta": 0.001989}}
{"target": -10.473088890700387, "params": {"colsample_bytree": 0.4763896221625963, "eta": 0.07579524160550921, "gamma": 849.7780359783437, "max_depth": 7.0, "min_child_weight": 4568.214817745592, "num_boost_round": 8.0, "subsample": 0.25741983735863966}, "datetime": {"datetime": "2024-01-20 13:52:18", "elapsed": 1630.92159, "delta": 0.002029}}
{"target": -10.473226152000237, "params": {"colsample_bytree": 0.4763896221625963, "eta": 0.07579524160550921, "gamma": 849.7780359783437, "max_depth": 7.0, "min_child_weight": 4568.214817745592, "num_boost_round": 9.0, "subsample": 0.25741983735863966}, "datetime": {"datetime": "2024-01-20 13:52:18", "elapsed": 1630.923598, "delta": 0.002008}}
{"target": -10.473086095580884, "params": {"colsample_bytree": 0.4763896221625963, "eta": 0.07579524160550921, "gamma": 849.7780359783437, "max_depth": 7.0, "min_child_weight": 4568.214817745592, "num_boost_round": 10.0, "subsample": 0.25741983735863966}, "datetime": {"datetime": "2024-01-20 13:52:18", "elapsed": 1630.925606, "delta": 0.002008}}
{"target": -10.473366027491796, "params": {"colsample_bytree": 0.4763896221625963, "eta": 0.07579524160550921, "gamma": 849.7780359783437, "max_depth": 7.0, "min_child_weight": 4568.214817745592, "num_boost_round": 11.0, "subsample": 0.25741983735863966}, "datetime": {"datetime": "2024-01-20 13:52:18", "elapsed": 1630.927636, "delta": 0.00203}}
{"target": -10.473448467154617, "params": {"colsample_bytree": 0.4763896221625963, "eta": 0.07579524160550921, "gamma": 849.7780359783437, "max_depth": 7.0, "min_child_weight": 4568.214817745592, "num_boost_round": 12.0, "subsample": 0.25741983735863966}, "datetime": {"datetime": "2024-01-20 13:52:18", "elapsed": 1630.929665, "delta": 0.002029}}
{"target": -10.473901354746292, "params": {"colsample_bytree": 0.4763896221625963, "eta": 0.07579524160550921, "gamma": 849.7780359783437, "max_depth": 7.0, "min_child_weight": 4568.214817745592, "num_boost_round": 13.0, "subsample": 0.25741983735863966}, "datetime": {"datetime": "2024-01-20 13:52:18", "elapsed": 1630.931664, "delta": 0.001999}}
{"target": -10.474175044915578, "params": {"colsample_bytree": 0.4763896221625963, "eta": 0.07579524160550921, "gamma": 849.7780359783437, "max_depth": 7.0, "min_child_weight": 4568.214817745592, "num_boost_round": 14.0, "subsample": 0.25741983735863966}, "datetime": {"datetime": "2024-01-20 13:52:18", "elapsed": 1630.933717, "delta": 0.002053}}
{"target": -10.474438159934518, "params": {"colsample_bytree": 0.4763896221625963, "eta": 0.07579524160550921, "gamma": 849.7780359783437, "max_depth": 7.0, "min_child_weight": 4568.214817745592, "num_boost_round": 15.0, "subsample": 0.25741983735863966}, "datetime": {"datetime": "2024-01-20 13:52:18", "elapsed": 1630.935733, "delta": 0.002016}}
{"target": -10.474845943252495, "params": {"colsample_bytree": 0.4763896221625963, "eta": 0.07579524160550921, "gamma": 849.7780359783437, "max_depth": 7.0, "min_child_weight": 4568.214817745592, "num_boost_round": 16.0, "subsample": 0.25741983735863966}, "datetime": {"datetime": "2024-01-20 13:52:18", "elapsed": 1630.937844, "delta": 0.002111}}
{"target": -10.475411650285913, "params": {"colsample_bytree": 0.4763896221625963, "eta": 0.07579524160550921, "gamma": 849.7780359783437, "max_depth": 7.0, "min_child_weight": 4568.214817745592, "num_boost_round": 17.0, "subsample": 0.25741983735863966}, "datetime": {"datetime": "2024-01-20 13:52:18", "elapsed": 1630.939915, "delta": 0.002071}}
{"target": -10.475516713895157, "params": {"colsample_bytree": 0.4763896221625963, "eta": 0.07579524160550921, "gamma": 849.7780359783437, "max_depth": 7.0, "min_child_weight": 4568.214817745592, "num_boost_round": 18.0, "subsample": 0.25741983735863966}, "datetime": {"datetime": "2024-01-20 13:52:18", "elapsed": 1630.941916, "delta": 0.002001}}
{"target": -10.475495294804185, "params": {"colsample_bytree": 0.4763896221625963, "eta": 0.07579524160550921, "gamma": 849.7780359783437, "max_depth": 7.0, "min_child_weight": 4568.214817745592, "num_boost_round": 19.0, "subsample": 0.25741983735863966}, "datetime": {"datetime": "2024-01-20 13:52:18", "elapsed": 1630.943933, "delta": 0.002017}}
{"target": -10.47569097037121, "params": {"colsample_bytree": 0.4763896221625963, "eta": 0.07579524160550921, "gamma": 849.7780359783437, "max_depth": 7.0, "min_child_weight": 4568.214817745592, "num_boost_round": 20.0, "subsample": 0.25741983735863966}, "datetime": {"datetime": "2024-01-20 13:52:18", "elapsed": 1630.945959, "delta": 0.002026}}
{"target": -10.476138704739643, "params": {"colsample_bytree": 0.4763896221625963, "eta": 0.07579524160550921, "gamma": 849.7780359783437, "max_depth": 7.0, "min_child_weight": 4568.214817745592, "num_boost_round": 21.0, "subsample": 0.25741983735863966}, "datetime": {"datetime": "2024-01-20 13:52:18", "elapsed": 1630.947987, "delta": 0.002028}}
{"target": -10.476270413099204, "params": {"colsample_bytree": 0.4763896221625963, "eta": 0.07579524160550921, "gamma": 849.7780359783437, "max_depth": 7.0, "min_child_weight": 4568.214817745592, "num_boost_round": 22.0, "subsample": 0.25741983735863966}, "datetime": {"datetime": "2024-01-20 13:52:18", "elapsed": 1630.950066, "delta": 0.002079}}
{"target": -10.476509850719053, "params": {"colsample_bytree": 0.4763896221625963, "eta": 0.07579524160550921, "gamma": 849.7780359783437, "max_depth": 7.0, "min_child_weight": 4568.214817745592, "num_boost_round": 23.0, "subsample": 0.25741983735863966}, "datetime": {"datetime": "2024-01-20 13:52:18", "elapsed": 1630.952147, "delta": 0.002081}}
{"target": -10.476591084209401, "params": {"colsample_bytree": 0.4763896221625963, "eta": 0.07579524160550921, "gamma": 849.7780359783437, "max_depth": 7.0, "min_child_weight": 4568.214817745592, "num_boost_round": 24.0, "subsample": 0.25741983735863966}, "datetime": {"datetime": "2024-01-20 13:52:18", "elapsed": 1630.954174, "delta": 0.002027}}
{"target": -10.476990666331892, "params": {"colsample_bytree": 0.4763896221625963, "eta": 0.07579524160550921, "gamma": 849.7780359783437, "max_depth": 7.0, "min_child_weight": 4568.214817745592, "num_boost_round": 25.0, "subsample": 0.25741983735863966}, "datetime": {"datetime": "2024-01-20 13:52:18", "elapsed": 1630.956204, "delta": 0.00203}}
{"target": -10.477433116267372, "params": {"colsample_bytree": 0.4763896221625963, "eta": 0.07579524160550921, "gamma": 849.7780359783437, "max_depth": 7.0, "min_child_weight": 4568.214817745592, "num_boost_round": 26.0, "subsample": 0.25741983735863966}, "datetime": {"datetime": "2024-01-20 13:52:18", "elapsed": 1630.958476, "delta": 0.002272}}
{"target": -10.477741843314572, "params": {"colsample_bytree": 0.4763896221625963, "eta": 0.07579524160550921, "gamma": 849.7780359783437, "max_depth": 7.0, "min_child_weight": 4568.214817745592, "num_boost_round": 27.0, "subsample": 0.25741983735863966}, "datetime": {"datetime": "2024-01-20 13:52:18", "elapsed": 1630.960608, "delta": 0.002132}}
{"target": -10.477873528656943, "params": {"colsample_bytree": 0.4763896221625963, "eta": 0.07579524160550921, "gamma": 849.7780359783437, "max_depth": 7.0, "min_child_weight": 4568.214817745592, "num_boost_round": 28.0, "subsample": 0.25741983735863966}, "datetime": {"datetime": "2024-01-20 13:52:18", "elapsed": 1630.962725, "delta": 0.002117}}
{"target": -10.476114617458812, "params": {"colsample_bytree": 0.4294375243520304, "eta": 0.017690768225375426, "gamma": 341.51809935731615, "max_depth": 2.0, "min_child_weight": 4237.840234641787, "num_boost_round": 1.0, "subsample": 0.7073820768252651}, "datetime": {"datetime": "2024-01-20 13:53:00", "elapsed": 1672.390195, "delta": 41.42747}}
{"target": -10.476043756295525, "params": {"colsample_bytree": 0.4294375243520304, "eta": 0.017690768225375426, "gamma": 341.51809935731615, "max_depth": 2.0, "min_child_weight": 4237.840234641787, "num_boost_round": 2.0, "subsample": 0.7073820768252651}, "datetime": {"datetime": "2024-01-20 13:53:00", "elapsed": 1672.392618, "delta": 0.002423}}
{"target": -10.476038110448357, "params": {"colsample_bytree": 0.4294375243520304, "eta": 0.017690768225375426, "gamma": 341.51809935731615, "max_depth": 2.0, "min_child_weight": 4237.840234641787, "num_boost_round": 3.0, "subsample": 0.7073820768252651}, "datetime": {"datetime": "2024-01-20 13:53:00", "elapsed": 1672.394985, "delta": 0.002367}}
{"target": -10.475982165645139, "params": {"colsample_bytree": 0.4294375243520304, "eta": 0.017690768225375426, "gamma": 341.51809935731615, "max_depth": 2.0, "min_child_weight": 4237.840234641787, "num_boost_round": 4.0, "subsample": 0.7073820768252651}, "datetime": {"datetime": "2024-01-20 13:53:00", "elapsed": 1672.397196, "delta": 0.002211}}
{"target": -10.475919063076347, "params": {"colsample_bytree": 0.4294375243520304, "eta": 0.017690768225375426, "gamma": 341.51809935731615, "max_depth": 2.0, "min_child_weight": 4237.840234641787, "num_boost_round": 5.0, "subsample": 0.7073820768252651}, "datetime": {"datetime": "2024-01-20 13:53:00", "elapsed": 1672.399359, "delta": 0.002163}}
{"target": -10.475979099949448, "params": {"colsample_bytree": 0.4294375243520304, "eta": 0.017690768225375426, "gamma": 341.51809935731615, "max_depth": 2.0, "min_child_weight": 4237.840234641787, "num_boost_round": 6.0, "subsample": 0.7073820768252651}, "datetime": {"datetime": "2024-01-20 13:53:00", "elapsed": 1672.401479, "delta": 0.00212}}
{"target": -10.475980397252078, "params": {"colsample_bytree": 0.4294375243520304, "eta": 0.017690768225375426, "gamma": 341.51809935731615, "max_depth": 2.0, "min_child_weight": 4237.840234641787, "num_boost_round": 7.0, "subsample": 0.7073820768252651}, "datetime": {"datetime": "2024-01-20 13:53:00", "elapsed": 1672.40357, "delta": 0.002091}}
{"target": -10.475934096905737, "params": {"colsample_bytree": 0.4294375243520304, "eta": 0.017690768225375426, "gamma": 341.51809935731615, "max_depth": 2.0, "min_child_weight": 4237.840234641787, "num_boost_round": 8.0, "subsample": 0.7073820768252651}, "datetime": {"datetime": "2024-01-20 13:53:00", "elapsed": 1672.405682, "delta": 0.002112}}
{"target": -10.475938196114953, "params": {"colsample_bytree": 0.4294375243520304, "eta": 0.017690768225375426, "gamma": 341.51809935731615, "max_depth": 2.0, "min_child_weight": 4237.840234641787, "num_boost_round": 9.0, "subsample": 0.7073820768252651}, "datetime": {"datetime": "2024-01-20 13:53:00", "elapsed": 1672.407794, "delta": 0.002112}}
{"target": -10.475957949759014, "params": {"colsample_bytree": 0.4294375243520304, "eta": 0.017690768225375426, "gamma": 341.51809935731615, "max_depth": 2.0, "min_child_weight": 4237.840234641787, "num_boost_round": 10.0, "subsample": 0.7073820768252651}, "datetime": {"datetime": "2024-01-20 13:53:00", "elapsed": 1672.40996, "delta": 0.002166}}
{"target": -10.476021281646851, "params": {"colsample_bytree": 0.4294375243520304, "eta": 0.017690768225375426, "gamma": 341.51809935731615, "max_depth": 2.0, "min_child_weight": 4237.840234641787, "num_boost_round": 11.0, "subsample": 0.7073820768252651}, "datetime": {"datetime": "2024-01-20 13:53:00", "elapsed": 1672.412164, "delta": 0.002204}}
{"target": -10.476065960224986, "params": {"colsample_bytree": 0.4294375243520304, "eta": 0.017690768225375426, "gamma": 341.51809935731615, "max_depth": 2.0, "min_child_weight": 4237.840234641787, "num_boost_round": 12.0, "subsample": 0.7073820768252651}, "datetime": {"datetime": "2024-01-20 13:53:00", "elapsed": 1672.414287, "delta": 0.002123}}
{"target": -10.476143241213187, "params": {"colsample_bytree": 0.4294375243520304, "eta": 0.017690768225375426, "gamma": 341.51809935731615, "max_depth": 2.0, "min_child_weight": 4237.840234641787, "num_boost_round": 13.0, "subsample": 0.7073820768252651}, "datetime": {"datetime": "2024-01-20 13:53:00", "elapsed": 1672.416401, "delta": 0.002114}}
{"target": -10.476077717002227, "params": {"colsample_bytree": 0.4294375243520304, "eta": 0.017690768225375426, "gamma": 341.51809935731615, "max_depth": 2.0, "min_child_weight": 4237.840234641787, "num_boost_round": 14.0, "subsample": 0.7073820768252651}, "datetime": {"datetime": "2024-01-20 13:53:00", "elapsed": 1672.418603, "delta": 0.002202}}
{"target": -10.476118810430014, "params": {"colsample_bytree": 0.4294375243520304, "eta": 0.017690768225375426, "gamma": 341.51809935731615, "max_depth": 2.0, "min_child_weight": 4237.840234641787, "num_boost_round": 15.0, "subsample": 0.7073820768252651}, "datetime": {"datetime": "2024-01-20 13:53:00", "elapsed": 1672.420705, "delta": 0.002102}}
{"target": -10.476150803098728, "params": {"colsample_bytree": 0.4294375243520304, "eta": 0.017690768225375426, "gamma": 341.51809935731615, "max_depth": 2.0, "min_child_weight": 4237.840234641787, "num_boost_round": 16.0, "subsample": 0.7073820768252651}, "datetime": {"datetime": "2024-01-20 13:53:00", "elapsed": 1672.422798, "delta": 0.002093}}
{"target": -10.476204197957243, "params": {"colsample_bytree": 0.4294375243520304, "eta": 0.017690768225375426, "gamma": 341.51809935731615, "max_depth": 2.0, "min_child_weight": 4237.840234641787, "num_boost_round": 17.0, "subsample": 0.7073820768252651}, "datetime": {"datetime": "2024-01-20 13:53:00", "elapsed": 1672.424891, "delta": 0.002093}}
{"target": -10.476250145736806, "params": {"colsample_bytree": 0.4294375243520304, "eta": 0.017690768225375426, "gamma": 341.51809935731615, "max_depth": 2.0, "min_child_weight": 4237.840234641787, "num_boost_round": 18.0, "subsample": 0.7073820768252651}, "datetime": {"datetime": "2024-01-20 13:53:00", "elapsed": 1672.427006, "delta": 0.002115}}
{"target": -10.476261393736522, "params": {"colsample_bytree": 0.4294375243520304, "eta": 0.017690768225375426, "gamma": 341.51809935731615, "max_depth": 2.0, "min_child_weight": 4237.840234641787, "num_boost_round": 19.0, "subsample": 0.7073820768252651}, "datetime": {"datetime": "2024-01-20 13:53:00", "elapsed": 1672.429155, "delta": 0.002149}}
{"target": -10.476303846493147, "params": {"colsample_bytree": 0.4294375243520304, "eta": 0.017690768225375426, "gamma": 341.51809935731615, "max_depth": 2.0, "min_child_weight": 4237.840234641787, "num_boost_round": 20.0, "subsample": 0.7073820768252651}, "datetime": {"datetime": "2024-01-20 13:53:00", "elapsed": 1672.431237, "delta": 0.002082}}
{"target": -10.47633284984244, "params": {"colsample_bytree": 0.4294375243520304, "eta": 0.017690768225375426, "gamma": 341.51809935731615, "max_depth": 2.0, "min_child_weight": 4237.840234641787, "num_boost_round": 21.0, "subsample": 0.7073820768252651}, "datetime": {"datetime": "2024-01-20 13:53:00", "elapsed": 1672.433336, "delta": 0.002099}}
{"target": -10.476311314260787, "params": {"colsample_bytree": 0.4294375243520304, "eta": 0.017690768225375426, "gamma": 341.51809935731615, "max_depth": 2.0, "min_child_weight": 4237.840234641787, "num_boost_round": 22.0, "subsample": 0.7073820768252651}, "datetime": {"datetime": "2024-01-20 13:53:00", "elapsed": 1672.435413, "delta": 0.002077}}
{"target": -10.476339904381769, "params": {"colsample_bytree": 0.4294375243520304, "eta": 0.017690768225375426, "gamma": 341.51809935731615, "max_depth": 2.0, "min_child_weight": 4237.840234641787, "num_boost_round": 23.0, "subsample": 0.7073820768252651}, "datetime": {"datetime": "2024-01-20 13:53:00", "elapsed": 1672.437628, "delta": 0.002215}}
{"target": -10.476351788875654, "params": {"colsample_bytree": 0.4294375243520304, "eta": 0.017690768225375426, "gamma": 341.51809935731615, "max_depth": 2.0, "min_child_weight": 4237.840234641787, "num_boost_round": 24.0, "subsample": 0.7073820768252651}, "datetime": {"datetime": "2024-01-20 13:53:00", "elapsed": 1672.439753, "delta": 0.002125}}
{"target": -10.476395351815377, "params": {"colsample_bytree": 0.4294375243520304, "eta": 0.017690768225375426, "gamma": 341.51809935731615, "max_depth": 2.0, "min_child_weight": 4237.840234641787, "num_boost_round": 25.0, "subsample": 0.7073820768252651}, "datetime": {"datetime": "2024-01-20 13:53:00", "elapsed": 1672.441869, "delta": 0.002116}}
