{"target": -15.158006961900895, "params": {"colsample_bytree": 0.21753796110974571, "eta": 0.07908188919283012, "gamma": 653.9398500578463, "max_depth": 2.0, "min_child_weight": 4140.251212522524, "num_boost_round": 66.0, "subsample": 0.8044665898394896}, "datetime": {"datetime": "2024-01-20 17:16:46", "elapsed": 10364.192306, "delta": 0.008533}}
{"target": -15.158413194037465, "params": {"colsample_bytree": 0.21753796110974571, "eta": 0.07908188919283012, "gamma": 653.9398500578463, "max_depth": 2.0, "min_child_weight": 4140.251212522524, "num_boost_round": 67.0, "subsample": 0.8044665898394896}, "datetime": {"datetime": "2024-01-20 17:16:46", "elapsed": 10364.20086, "delta": 0.008554}}
{"target": -15.157823357324727, "params": {"colsample_bytree": 0.21753796110974571, "eta": 0.07908188919283012, "gamma": 653.9398500578463, "max_depth": 2.0, "min_child_weight": 4140.251212522524, "num_boost_round": 68.0, "subsample": 0.8044665898394896}, "datetime": {"datetime": "2024-01-20 17:16:46", "elapsed": 10364.209794, "delta": 0.008934}}
{"target": -15.157840161435448, "params": {"colsample_bytree": 0.21753796110974571, "eta": 0.07908188919283012, "gamma": 653.9398500578463, "max_depth": 2.0, "min_child_weight": 4140.251212522524, "num_boost_round": 69.0, "subsample": 0.8044665898394896}, "datetime": {"datetime": "2024-01-20 17:16:46", "elapsed": 10364.218276, "delta": 0.008482}}
{"target": -15.157991411656507, "params": {"colsample_bytree": 0.21753796110974571, "eta": 0.07908188919283012, "gamma": 653.9398500578463, "max_depth": 2.0, "min_child_weight": 4140.251212522524, "num_boost_round": 70.0, "subsample": 0.8044665898394896}, "datetime": {"datetime": "2024-01-20 17:16:46", "elapsed": 10364.226693, "delta": 0.008417}}
{"target": -15.158145170400076, "params": {"colsample_bytree": 0.21753796110974571, "eta": 0.07908188919283012, "gamma": 653.9398500578463, "max_depth": 2.0, "min_child_weight": 4140.251212522524, "num_boost_round": 71.0, "subsample": 0.8044665898394896}, "datetime": {"datetime": "2024-01-20 17:16:46", "elapsed": 10364.235157, "delta": 0.008464}}
{"target": -15.15801111247374, "params": {"colsample_bytree": 0.21753796110974571, "eta": 0.07908188919283012, "gamma": 653.9398500578463, "max_depth": 2.0, "min_child_weight": 4140.251212522524, "num_boost_round": 72.0, "subsample": 0.8044665898394896}, "datetime": {"datetime": "2024-01-20 17:16:46", "elapsed": 10364.243834, "delta": 0.008677}}
{"target": -15.158035755429648, "params": {"colsample_bytree": 0.21753796110974571, "eta": 0.07908188919283012, "gamma": 653.9398500578463, "max_depth": 2.0, "min_child_weight": 4140.251212522524, "num_boost_round": 73.0, "subsample": 0.8044665898394896}, "datetime": {"datetime": "2024-01-20 17:16:46", "elapsed": 10364.251681, "delta": 0.007847}}
{"target": -15.158562505392648, "params": {"colsample_bytree": 0.21753796110974571, "eta": 0.07908188919283012, "gamma": 653.9398500578463, "max_depth": 2.0, "min_child_weight": 4140.251212522524, "num_boost_round": 74.0, "subsample": 0.8044665898394896}, "datetime": {"datetime": "2024-01-20 17:16:46", "elapsed": 10364.259008, "delta": 0.007327}}
{"target": -15.158737955027735, "params": {"colsample_bytree": 0.21753796110974571, "eta": 0.07908188919283012, "gamma": 653.9398500578463, "max_depth": 2.0, "min_child_weight": 4140.251212522524, "num_boost_round": 75.0, "subsample": 0.8044665898394896}, "datetime": {"datetime": "2024-01-20 17:16:46", "elapsed": 10364.266162, "delta": 0.007154}}
{"target": -15.158716410928555, "params": {"colsample_bytree": 0.21753796110974571, "eta": 0.07908188919283012, "gamma": 653.9398500578463, "max_depth": 2.0, "min_child_weight": 4140.251212522524, "num_boost_round": 76.0, "subsample": 0.8044665898394896}, "datetime": {"datetime": "2024-01-20 17:16:46", "elapsed": 10364.273629, "delta": 0.007467}}
{"target": -15.172427803204501, "params": {"colsample_bytree": 0.5490134348935862, "eta": 0.023387060712835233, "gamma": 595.6170603781507, "max_depth": 4.0, "min_child_weight": 4218.675982884201, "num_boost_round": 1.0, "subsample": 0.9941750502611094}, "datetime": {"datetime": "2024-01-20 17:18:57", "elapsed": 10494.618931, "delta": 130.345302}}
{"target": -15.171626210053905, "params": {"colsample_bytree": 0.5490134348935862, "eta": 0.023387060712835233, "gamma": 595.6170603781507, "max_depth": 4.0, "min_child_weight": 4218.675982884201, "num_boost_round": 2.0, "subsample": 0.9941750502611094}, "datetime": {"datetime": "2024-01-20 17:18:57", "elapsed": 10494.628728, "delta": 0.009797}}
{"target": -15.170853492973322, "params": {"colsample_bytree": 0.5490134348935862, "eta": 0.023387060712835233, "gamma": 595.6170603781507, "max_depth": 4.0, "min_child_weight": 4218.675982884201, "num_boost_round": 3.0, "subsample": 0.9941750502611094}, "datetime": {"datetime": "2024-01-20 17:18:57", "elapsed": 10494.636564, "delta": 0.007836}}
{"target": -15.170335711672273, "params": {"colsample_bytree": 0.5490134348935862, "eta": 0.023387060712835233, "gamma": 595.6170603781507, "max_depth": 4.0, "min_child_weight": 4218.675982884201, "num_boost_round": 4.0, "subsample": 0.9941750502611094}, "datetime": {"datetime": "2024-01-20 17:18:57", "elapsed": 10494.644236, "delta": 0.007672}}
{"target": -15.169408392748988, "params": {"colsample_bytree": 0.5490134348935862, "eta": 0.023387060712835233, "gamma": 595.6170603781507, "max_depth": 4.0, "min_child_weight": 4218.675982884201, "num_boost_round": 5.0, "subsample": 0.9941750502611094}, "datetime": {"datetime": "2024-01-20 17:18:57", "elapsed": 10494.651568, "delta": 0.007332}}
{"target": -15.168791713730457, "params": {"colsample_bytree": 0.5490134348935862, "eta": 0.023387060712835233, "gamma": 595.6170603781507, "max_depth": 4.0, "min_child_weight": 4218.675982884201, "num_boost_round": 6.0, "subsample": 0.9941750502611094}, "datetime": {"datetime": "2024-01-20 17:18:57", "elapsed": 10494.65877, "delta": 0.007202}}
{"target": -15.168171964791252, "params": {"colsample_bytree": 0.5490134348935862, "eta": 0.023387060712835233, "gamma": 595.6170603781507, "max_depth": 4.0, "min_child_weight": 4218.675982884201, "num_boost_round": 7.0, "subsample": 0.9941750502611094}, "datetime": {"datetime": "2024-01-20 17:18:57", "elapsed": 10494.666272, "delta": 0.007502}}
{"target": -15.167429686904288, "params": {"colsample_bytree": 0.5490134348935862, "eta": 0.023387060712835233, "gamma": 595.6170603781507, "max_depth": 4.0, "min_child_weight": 4218.675982884201, "num_boost_round": 8.0, "subsample": 0.9941750502611094}, "datetime": {"datetime": "2024-01-20 17:18:57", "elapsed": 10494.673584, "delta": 0.007312}}
{"target": -15.167026376851014, "params": {"colsample_bytree": 0.5490134348935862, "eta": 0.023387060712835233, "gamma": 595.6170603781507, "max_depth": 4.0, "min_child_weight": 4218.675982884201, "num_boost_round": 9.0, "subsample": 0.9941750502611094}, "datetime": {"datetime": "2024-01-20 17:18:57", "elapsed": 10494.682604, "delta": 0.00902}}
{"target": -15.166456152702715, "params": {"colsample_bytree": 0.5490134348935862, "eta": 0.023387060712835233, "gamma": 595.6170603781507, "max_depth": 4.0, "min_child_weight": 4218.675982884201, "num_boost_round": 10.0, "subsample": 0.9941750502611094}, "datetime": {"datetime": "2024-01-20 17:18:57", "elapsed": 10494.692386, "delta": 0.009782}}
{"target": -15.166377249271338, "params": {"colsample_bytree": 0.5490134348935862, "eta": 0.023387060712835233, "gamma": 595.6170603781507, "max_depth": 4.0, "min_child_weight": 4218.675982884201, "num_boost_round": 11.0, "subsample": 0.9941750502611094}, "datetime": {"datetime": "2024-01-20 17:18:57", "elapsed": 10494.702589, "delta": 0.010203}}
{"target": -15.165769306571782, "params": {"colsample_bytree": 0.5490134348935862, "eta": 0.023387060712835233, "gamma": 595.6170603781507, "max_depth": 4.0, "min_child_weight": 4218.675982884201, "num_boost_round": 12.0, "subsample": 0.9941750502611094}, "datetime": {"datetime": "2024-01-20 17:18:57", "elapsed": 10494.712134, "delta": 0.009545}}
{"target": -15.165518866495294, "params": {"colsample_bytree": 0.5490134348935862, "eta": 0.023387060712835233, "gamma": 595.6170603781507, "max_depth": 4.0, "min_child_weight": 4218.675982884201, "num_boost_round": 13.0, "subsample": 0.9941750502611094}, "datetime": {"datetime": "2024-01-20 17:18:57", "elapsed": 10494.720776, "delta": 0.008642}}
{"target": -15.164781325565787, "params": {"colsample_bytree": 0.5490134348935862, "eta": 0.023387060712835233, "gamma": 595.6170603781507, "max_depth": 4.0, "min_child_weight": 4218.675982884201, "num_boost_round": 14.0, "subsample": 0.9941750502611094}, "datetime": {"datetime": "2024-01-20 17:18:57", "elapsed": 10494.73051, "delta": 0.009734}}
{"target": -15.164228681511165, "params": {"colsample_bytree": 0.5490134348935862, "eta": 0.023387060712835233, "gamma": 595.6170603781507, "max_depth": 4.0, "min_child_weight": 4218.675982884201, "num_boost_round": 15.0, "subsample": 0.9941750502611094}, "datetime": {"datetime": "2024-01-20 17:18:57", "elapsed": 10494.740798, "delta": 0.010288}}
{"target": -15.164021474879782, "params": {"colsample_bytree": 0.5490134348935862, "eta": 0.023387060712835233, "gamma": 595.6170603781507, "max_depth": 4.0, "min_child_weight": 4218.675982884201, "num_boost_round": 16.0, "subsample": 0.9941750502611094}, "datetime": {"datetime": "2024-01-20 17:18:57", "elapsed": 10494.751336, "delta": 0.010538}}
{"target": -15.16348901577324, "params": {"colsample_bytree": 0.5490134348935862, "eta": 0.023387060712835233, "gamma": 595.6170603781507, "max_depth": 4.0, "min_child_weight": 4218.675982884201, "num_boost_round": 17.0, "subsample": 0.9941750502611094}, "datetime": {"datetime": "2024-01-20 17:18:57", "elapsed": 10494.760946, "delta": 0.00961}}
{"target": -15.163387959567393, "params": {"colsample_bytree": 0.5490134348935862, "eta": 0.023387060712835233, "gamma": 595.6170603781507, "max_depth": 4.0, "min_child_weight": 4218.675982884201, "num_boost_round": 18.0, "subsample": 0.9941750502611094}, "datetime": {"datetime": "2024-01-20 17:18:57", "elapsed": 10494.770032, "delta": 0.009086}}
{"target": -15.162868885260018, "params": {"colsample_bytree": 0.5490134348935862, "eta": 0.023387060712835233, "gamma": 595.6170603781507, "max_depth": 4.0, "min_child_weight": 4218.675982884201, "num_boost_round": 19.0, "subsample": 0.9941750502611094}, "datetime": {"datetime": "2024-01-20 17:18:57", "elapsed": 10494.777489, "delta": 0.007457}}
{"target": -15.16257530748534, "params": {"colsample_bytree": 0.5490134348935862, "eta": 0.023387060712835233, "gamma": 595.6170603781507, "max_depth": 4.0, "min_child_weight": 4218.675982884201, "num_boost_round": 20.0, "subsample": 0.9941750502611094}, "datetime": {"datetime": "2024-01-20 17:18:57", "elapsed": 10494.784643, "delta": 0.007154}}
{"target": -15.162126415783208, "params": {"colsample_bytree": 0.5490134348935862, "eta": 0.023387060712835233, "gamma": 595.6170603781507, "max_depth": 4.0, "min_child_weight": 4218.675982884201, "num_boost_round": 21.0, "subsample": 0.9941750502611094}, "datetime": {"datetime": "2024-01-20 17:18:57", "elapsed": 10494.792594, "delta": 0.007951}}
{"target": -15.161819767537002, "params": {"colsample_bytree": 0.5490134348935862, "eta": 0.023387060712835233, "gamma": 595.6170603781507, "max_depth": 4.0, "min_child_weight": 4218.675982884201, "num_boost_round": 22.0, "subsample": 0.9941750502611094}, "datetime": {"datetime": "2024-01-20 17:18:57", "elapsed": 10494.800069, "delta": 0.007475}}
{"target": -15.16113988034159, "params": {"colsample_bytree": 0.5490134348935862, "eta": 0.023387060712835233, "gamma": 595.6170603781507, "max_depth": 4.0, "min_child_weight": 4218.675982884201, "num_boost_round": 23.0, "subsample": 0.9941750502611094}, "datetime": {"datetime": "2024-01-20 17:18:57", "elapsed": 10494.807168, "delta": 0.007099}}
{"target": -15.160755977532336, "params": {"colsample_bytree": 0.5490134348935862, "eta": 0.023387060712835233, "gamma": 595.6170603781507, "max_depth": 4.0, "min_child_weight": 4218.675982884201, "num_boost_round": 24.0, "subsample": 0.9941750502611094}, "datetime": {"datetime": "2024-01-20 17:18:57", "elapsed": 10494.814956, "delta": 0.007788}}
{"target": -15.160519316947031, "params": {"colsample_bytree": 0.5490134348935862, "eta": 0.023387060712835233, "gamma": 595.6170603781507, "max_depth": 4.0, "min_child_weight": 4218.675982884201, "num_boost_round": 25.0, "subsample": 0.9941750502611094}, "datetime": {"datetime": "2024-01-20 17:18:57", "elapsed": 10494.822751, "delta": 0.007795}}
{"target": -15.16057861412892, "params": {"colsample_bytree": 0.5490134348935862, "eta": 0.023387060712835233, "gamma": 595.6170603781507, "max_depth": 4.0, "min_child_weight": 4218.675982884201, "num_boost_round": 26.0, "subsample": 0.9941750502611094}, "datetime": {"datetime": "2024-01-20 17:18:57", "elapsed": 10494.830862, "delta": 0.008111}}
{"target": -15.160336153905586, "params": {"colsample_bytree": 0.5490134348935862, "eta": 0.023387060712835233, "gamma": 595.6170603781507, "max_depth": 4.0, "min_child_weight": 4218.675982884201, "num_boost_round": 27.0, "subsample": 0.9941750502611094}, "datetime": {"datetime": "2024-01-20 17:18:57", "elapsed": 10494.840074, "delta": 0.009212}}
{"target": -15.16006967165723, "params": {"colsample_bytree": 0.5490134348935862, "eta": 0.023387060712835233, "gamma": 595.6170603781507, "max_depth": 4.0, "min_child_weight": 4218.675982884201, "num_boost_round": 28.0, "subsample": 0.9941750502611094}, "datetime": {"datetime": "2024-01-20 17:18:57", "elapsed": 10494.849442, "delta": 0.009368}}
{"target": -15.159625540441795, "params": {"colsample_bytree": 0.5490134348935862, "eta": 0.023387060712835233, "gamma": 595.6170603781507, "max_depth": 4.0, "min_child_weight": 4218.675982884201, "num_boost_round": 29.0, "subsample": 0.9941750502611094}, "datetime": {"datetime": "2024-01-20 17:18:57", "elapsed": 10494.858361, "delta": 0.008919}}
{"target": -15.159212281756663, "params": {"colsample_bytree": 0.5490134348935862, "eta": 0.023387060712835233, "gamma": 595.6170603781507, "max_depth": 4.0, "min_child_weight": 4218.675982884201, "num_boost_round": 30.0, "subsample": 0.9941750502611094}, "datetime": {"datetime": "2024-01-20 17:18:57", "elapsed": 10494.866757, "delta": 0.008396}}
{"target": -15.158833210446776, "params": {"colsample_bytree": 0.5490134348935862, "eta": 0.023387060712835233, "gamma": 595.6170603781507, "max_depth": 4.0, "min_child_weight": 4218.675982884201, "num_boost_round": 31.0, "subsample": 0.9941750502611094}, "datetime": {"datetime": "2024-01-20 17:18:57", "elapsed": 10494.874231, "delta": 0.007474}}
{"target": -15.158650763011398, "params": {"colsample_bytree": 0.5490134348935862, "eta": 0.023387060712835233, "gamma": 595.6170603781507, "max_depth": 4.0, "min_child_weight": 4218.675982884201, "num_boost_round": 32.0, "subsample": 0.9941750502611094}, "datetime": {"datetime": "2024-01-20 17:18:57", "elapsed": 10494.881407, "delta": 0.007176}}
{"target": -15.158821989620124, "params": {"colsample_bytree": 0.5490134348935862, "eta": 0.023387060712835233, "gamma": 595.6170603781507, "max_depth": 4.0, "min_child_weight": 4218.675982884201, "num_boost_round": 33.0, "subsample": 0.9941750502611094}, "datetime": {"datetime": "2024-01-20 17:18:57", "elapsed": 10494.889208, "delta": 0.007801}}
{"target": -15.158652923780238, "params": {"colsample_bytree": 0.5490134348935862, "eta": 0.023387060712835233, "gamma": 595.6170603781507, "max_depth": 4.0, "min_child_weight": 4218.675982884201, "num_boost_round": 34.0, "subsample": 0.9941750502611094}, "datetime": {"datetime": "2024-01-20 17:18:57", "elapsed": 10494.896766, "delta": 0.007558}}
{"target": -15.158547891588132, "params": {"colsample_bytree": 0.5490134348935862, "eta": 0.023387060712835233, "gamma": 595.6170603781507, "max_depth": 4.0, "min_child_weight": 4218.675982884201, "num_boost_round": 35.0, "subsample": 0.9941750502611094}, "datetime": {"datetime": "2024-01-20 17:18:57", "elapsed": 10494.904075, "delta": 0.007309}}
{"target": -15.170836328587963, "params": {"colsample_bytree": 0.1764105084134673, "eta": 0.07204513729627415, "gamma": 660.1972036492416, "max_depth": 8.0, "min_child_weight": 4117.132337844832, "num_boost_round": 1.0, "subsample": 0.3329641907920511}, "datetime": {"datetime": "2024-01-20 17:22:04", "elapsed": 10681.66025, "delta": 186.756175}}
{"target": -15.16909655237206, "params": {"colsample_bytree": 0.1764105084134673, "eta": 0.07204513729627415, "gamma": 660.1972036492416, "max_depth": 8.0, "min_child_weight": 4117.132337844832, "num_boost_round": 2.0, "subsample": 0.3329641907920511}, "datetime": {"datetime": "2024-01-20 17:22:04", "elapsed": 10682.012162, "delta": 0.351912}}
{"target": -15.167000280795591, "params": {"colsample_bytree": 0.1764105084134673, "eta": 0.07204513729627415, "gamma": 660.1972036492416, "max_depth": 8.0, "min_child_weight": 4117.132337844832, "num_boost_round": 3.0, "subsample": 0.3329641907920511}, "datetime": {"datetime": "2024-01-20 17:22:04", "elapsed": 10682.023227, "delta": 0.011065}}
{"target": -15.167578108193727, "params": {"colsample_bytree": 0.1764105084134673, "eta": 0.07204513729627415, "gamma": 660.1972036492416, "max_depth": 8.0, "min_child_weight": 4117.132337844832, "num_boost_round": 4.0, "subsample": 0.3329641907920511}, "datetime": {"datetime": "2024-01-20 17:22:04", "elapsed": 10682.034658, "delta": 0.011431}}
{"target": -15.164876318583337, "params": {"colsample_bytree": 0.1764105084134673, "eta": 0.07204513729627415, "gamma": 660.1972036492416, "max_depth": 8.0, "min_child_weight": 4117.132337844832, "num_boost_round": 5.0, "subsample": 0.3329641907920511}, "datetime": {"datetime": "2024-01-20 17:22:04", "elapsed": 10682.045008, "delta": 0.01035}}
{"target": -15.163342143541033, "params": {"colsample_bytree": 0.1764105084134673, "eta": 0.07204513729627415, "gamma": 660.1972036492416, "max_depth": 8.0, "min_child_weight": 4117.132337844832, "num_boost_round": 6.0, "subsample": 0.3329641907920511}, "datetime": {"datetime": "2024-01-20 17:22:04", "elapsed": 10682.055095, "delta": 0.010087}}
{"target": -15.161948229569724, "params": {"colsample_bytree": 0.1764105084134673, "eta": 0.07204513729627415, "gamma": 660.1972036492416, "max_depth": 8.0, "min_child_weight": 4117.132337844832, "num_boost_round": 7.0, "subsample": 0.3329641907920511}, "datetime": {"datetime": "2024-01-20 17:22:04", "elapsed": 10682.065467, "delta": 0.010372}}
{"target": -15.160440690278557, "params": {"colsample_bytree": 0.1764105084134673, "eta": 0.07204513729627415, "gamma": 660.1972036492416, "max_depth": 8.0, "min_child_weight": 4117.132337844832, "num_boost_round": 8.0, "subsample": 0.3329641907920511}, "datetime": {"datetime": "2024-01-20 17:22:04", "elapsed": 10682.07588, "delta": 0.010413}}
{"target": -15.160402847793428, "params": {"colsample_bytree": 0.1764105084134673, "eta": 0.07204513729627415, "gamma": 660.1972036492416, "max_depth": 8.0, "min_child_weight": 4117.132337844832, "num_boost_round": 9.0, "subsample": 0.3329641907920511}, "datetime": {"datetime": "2024-01-20 17:22:04", "elapsed": 10682.086227, "delta": 0.010347}}
{"target": -15.159485412251275, "params": {"colsample_bytree": 0.1764105084134673, "eta": 0.07204513729627415, "gamma": 660.1972036492416, "max_depth": 8.0, "min_child_weight": 4117.132337844832, "num_boost_round": 10.0, "subsample": 0.3329641907920511}, "datetime": {"datetime": "2024-01-20 17:22:04", "elapsed": 10682.097281, "delta": 0.011054}}
{"target": -15.159460722476167, "params": {"colsample_bytree": 0.1764105084134673, "eta": 0.07204513729627415, "gamma": 660.1972036492416, "max_depth": 8.0, "min_child_weight": 4117.132337844832, "num_boost_round": 11.0, "subsample": 0.3329641907920511}, "datetime": {"datetime": "2024-01-20 17:22:04", "elapsed": 10682.106507, "delta": 0.009226}}
{"target": -15.159245985499503, "params": {"colsample_bytree": 0.1764105084134673, "eta": 0.07204513729627415, "gamma": 660.1972036492416, "max_depth": 8.0, "min_child_weight": 4117.132337844832, "num_boost_round": 12.0, "subsample": 0.3329641907920511}, "datetime": {"datetime": "2024-01-20 17:22:04", "elapsed": 10682.114442, "delta": 0.007935}}
{"target": -15.159712348700744, "params": {"colsample_bytree": 0.1764105084134673, "eta": 0.07204513729627415, "gamma": 660.1972036492416, "max_depth": 8.0, "min_child_weight": 4117.132337844832, "num_boost_round": 13.0, "subsample": 0.3329641907920511}, "datetime": {"datetime": "2024-01-20 17:22:04", "elapsed": 10682.122623, "delta": 0.008181}}
{"target": -15.159945340165883, "params": {"colsample_bytree": 0.1764105084134673, "eta": 0.07204513729627415, "gamma": 660.1972036492416, "max_depth": 8.0, "min_child_weight": 4117.132337844832, "num_boost_round": 14.0, "subsample": 0.3329641907920511}, "datetime": {"datetime": "2024-01-20 17:22:04", "elapsed": 10682.130902, "delta": 0.008279}}
{"target": -15.159850218942536, "params": {"colsample_bytree": 0.1764105084134673, "eta": 0.07204513729627415, "gamma": 660.1972036492416, "max_depth": 8.0, "min_child_weight": 4117.132337844832, "num_boost_round": 15.0, "subsample": 0.3329641907920511}, "datetime": {"datetime": "2024-01-20 17:22:04", "elapsed": 10682.138905, "delta": 0.008003}}
{"target": -15.15895071162284, "params": {"colsample_bytree": 0.1764105084134673, "eta": 0.07204513729627415, "gamma": 660.1972036492416, "max_depth": 8.0, "min_child_weight": 4117.132337844832, "num_boost_round": 16.0, "subsample": 0.3329641907920511}, "datetime": {"datetime": "2024-01-20 17:22:04", "elapsed": 10682.147729, "delta": 0.008824}}
{"target": -15.157442910346745, "params": {"colsample_bytree": 0.1764105084134673, "eta": 0.07204513729627415, "gamma": 660.1972036492416, "max_depth": 8.0, "min_child_weight": 4117.132337844832, "num_boost_round": 17.0, "subsample": 0.3329641907920511}, "datetime": {"datetime": "2024-01-20 17:22:04", "elapsed": 10682.155696, "delta": 0.007967}}
