{"target": -10.507237321731514, "params": {"colsample_bytree": 0.14252175764857547, "eta": 0.05656943340436048, "gamma": 862.766863577263, "max_depth": 6.0, "min_child_weight": 2081.3147171374476, "num_boost_round": 173.0, "subsample": 0.49444366349653546}, "datetime": {"datetime": "2024-01-20 14:07:00", "elapsed": 2512.736673, "delta": 0.003195}}
{"target": -10.507169266835731, "params": {"colsample_bytree": 0.14252175764857547, "eta": 0.05656943340436048, "gamma": 862.766863577263, "max_depth": 6.0, "min_child_weight": 2081.3147171374476, "num_boost_round": 174.0, "subsample": 0.49444366349653546}, "datetime": {"datetime": "2024-01-20 14:07:00", "elapsed": 2512.739877, "delta": 0.003204}}
{"target": -10.507163764270777, "params": {"colsample_bytree": 0.14252175764857547, "eta": 0.05656943340436048, "gamma": 862.766863577263, "max_depth": 6.0, "min_child_weight": 2081.3147171374476, "num_boost_round": 175.0, "subsample": 0.49444366349653546}, "datetime": {"datetime": "2024-01-20 14:07:00", "elapsed": 2512.744045, "delta": 0.004168}}
{"target": -10.507167804469868, "params": {"colsample_bytree": 0.14252175764857547, "eta": 0.05656943340436048, "gamma": 862.766863577263, "max_depth": 6.0, "min_child_weight": 2081.3147171374476, "num_boost_round": 176.0, "subsample": 0.49444366349653546}, "datetime": {"datetime": "2024-01-20 14:07:00", "elapsed": 2512.747244, "delta": 0.003199}}
{"target": -10.50739868409087, "params": {"colsample_bytree": 0.14252175764857547, "eta": 0.05656943340436048, "gamma": 862.766863577263, "max_depth": 6.0, "min_child_weight": 2081.3147171374476, "num_boost_round": 177.0, "subsample": 0.49444366349653546}, "datetime": {"datetime": "2024-01-20 14:07:00", "elapsed": 2512.750736, "delta": 0.003492}}
{"target": -10.50756819761928, "params": {"colsample_bytree": 0.14252175764857547, "eta": 0.05656943340436048, "gamma": 862.766863577263, "max_depth": 6.0, "min_child_weight": 2081.3147171374476, "num_boost_round": 178.0, "subsample": 0.49444366349653546}, "datetime": {"datetime": "2024-01-20 14:07:00", "elapsed": 2512.753924, "delta": 0.003188}}
{"target": -10.507647640528647, "params": {"colsample_bytree": 0.14252175764857547, "eta": 0.05656943340436048, "gamma": 862.766863577263, "max_depth": 6.0, "min_child_weight": 2081.3147171374476, "num_boost_round": 179.0, "subsample": 0.49444366349653546}, "datetime": {"datetime": "2024-01-20 14:07:00", "elapsed": 2512.757396, "delta": 0.003472}}
{"target": -10.475686184128563, "params": {"colsample_bytree": 0.3783820651498795, "eta": 0.07434295127730203, "gamma": 955.3458217022272, "max_depth": 7.0, "min_child_weight": 2107.4896958409595, "num_boost_round": 1.0, "subsample": 0.19335661290233028}, "datetime": {"datetime": "2024-01-20 14:07:40", "elapsed": 2552.362405, "delta": 39.605009}}
{"target": -10.475000510406314, "params": {"colsample_bytree": 0.3783820651498795, "eta": 0.07434295127730203, "gamma": 955.3458217022272, "max_depth": 7.0, "min_child_weight": 2107.4896958409595, "num_boost_round": 2.0, "subsample": 0.19335661290233028}, "datetime": {"datetime": "2024-01-20 14:07:40", "elapsed": 2552.367229, "delta": 0.004824}}
{"target": -10.475068142508643, "params": {"colsample_bytree": 0.3783820651498795, "eta": 0.07434295127730203, "gamma": 955.3458217022272, "max_depth": 7.0, "min_child_weight": 2107.4896958409595, "num_boost_round": 3.0, "subsample": 0.19335661290233028}, "datetime": {"datetime": "2024-01-20 14:07:40", "elapsed": 2552.370255, "delta": 0.003026}}
{"target": -10.475642361533506, "params": {"colsample_bytree": 0.354663232116179, "eta": 0.09140258093053993, "gamma": 998.7775928539739, "max_depth": 5.0, "min_child_weight": 2129.358124516836, "num_boost_round": 1.0, "subsample": 0.4219980416137077}, "datetime": {"datetime": "2024-01-20 14:08:59", "elapsed": 2631.772852, "delta": 79.402597}}
{"target": -10.47512592322812, "params": {"colsample_bytree": 0.354663232116179, "eta": 0.09140258093053993, "gamma": 998.7775928539739, "max_depth": 5.0, "min_child_weight": 2129.358124516836, "num_boost_round": 2.0, "subsample": 0.4219980416137077}, "datetime": {"datetime": "2024-01-20 14:08:59", "elapsed": 2631.776438, "delta": 0.003586}}
{"target": -10.475477384113514, "params": {"colsample_bytree": 0.354663232116179, "eta": 0.09140258093053993, "gamma": 998.7775928539739, "max_depth": 5.0, "min_child_weight": 2129.358124516836, "num_boost_round": 3.0, "subsample": 0.4219980416137077}, "datetime": {"datetime": "2024-01-20 14:08:59", "elapsed": 2631.779523, "delta": 0.003085}}
{"target": -10.475099425662092, "params": {"colsample_bytree": 0.354663232116179, "eta": 0.09140258093053993, "gamma": 998.7775928539739, "max_depth": 5.0, "min_child_weight": 2129.358124516836, "num_boost_round": 4.0, "subsample": 0.4219980416137077}, "datetime": {"datetime": "2024-01-20 14:08:59", "elapsed": 2631.78245, "delta": 0.002927}}
{"target": -10.474790953277584, "params": {"colsample_bytree": 0.354663232116179, "eta": 0.09140258093053993, "gamma": 998.7775928539739, "max_depth": 5.0, "min_child_weight": 2129.358124516836, "num_boost_round": 5.0, "subsample": 0.4219980416137077}, "datetime": {"datetime": "2024-01-20 14:08:59", "elapsed": 2631.785391, "delta": 0.002941}}
{"target": -10.475165417491528, "params": {"colsample_bytree": 0.354663232116179, "eta": 0.09140258093053993, "gamma": 998.7775928539739, "max_depth": 5.0, "min_child_weight": 2129.358124516836, "num_boost_round": 6.0, "subsample": 0.4219980416137077}, "datetime": {"datetime": "2024-01-20 14:08:59", "elapsed": 2631.788303, "delta": 0.002912}}
{"target": -10.475143459131026, "params": {"colsample_bytree": 0.354663232116179, "eta": 0.09140258093053993, "gamma": 998.7775928539739, "max_depth": 5.0, "min_child_weight": 2129.358124516836, "num_boost_round": 7.0, "subsample": 0.4219980416137077}, "datetime": {"datetime": "2024-01-20 14:08:59", "elapsed": 2631.791247, "delta": 0.002944}}
{"target": -10.475131204201228, "params": {"colsample_bytree": 0.354663232116179, "eta": 0.09140258093053993, "gamma": 998.7775928539739, "max_depth": 5.0, "min_child_weight": 2129.358124516836, "num_boost_round": 8.0, "subsample": 0.4219980416137077}, "datetime": {"datetime": "2024-01-20 14:08:59", "elapsed": 2631.794117, "delta": 0.00287}}
{"target": -10.475659507532466, "params": {"colsample_bytree": 0.354663232116179, "eta": 0.09140258093053993, "gamma": 998.7775928539739, "max_depth": 5.0, "min_child_weight": 2129.358124516836, "num_boost_round": 9.0, "subsample": 0.4219980416137077}, "datetime": {"datetime": "2024-01-20 14:08:59", "elapsed": 2631.797101, "delta": 0.002984}}
{"target": -10.476351386832071, "params": {"colsample_bytree": 0.354663232116179, "eta": 0.09140258093053993, "gamma": 998.7775928539739, "max_depth": 5.0, "min_child_weight": 2129.358124516836, "num_boost_round": 10.0, "subsample": 0.4219980416137077}, "datetime": {"datetime": "2024-01-20 14:08:59", "elapsed": 2631.800081, "delta": 0.00298}}
{"target": -10.477062857363443, "params": {"colsample_bytree": 0.354663232116179, "eta": 0.09140258093053993, "gamma": 998.7775928539739, "max_depth": 5.0, "min_child_weight": 2129.358124516836, "num_boost_round": 11.0, "subsample": 0.4219980416137077}, "datetime": {"datetime": "2024-01-20 14:08:59", "elapsed": 2631.803017, "delta": 0.002936}}
{"target": -10.477249074974416, "params": {"colsample_bytree": 0.354663232116179, "eta": 0.09140258093053993, "gamma": 998.7775928539739, "max_depth": 5.0, "min_child_weight": 2129.358124516836, "num_boost_round": 12.0, "subsample": 0.4219980416137077}, "datetime": {"datetime": "2024-01-20 14:08:59", "elapsed": 2631.805923, "delta": 0.002906}}
{"target": -10.477617804746027, "params": {"colsample_bytree": 0.354663232116179, "eta": 0.09140258093053993, "gamma": 998.7775928539739, "max_depth": 5.0, "min_child_weight": 2129.358124516836, "num_boost_round": 13.0, "subsample": 0.4219980416137077}, "datetime": {"datetime": "2024-01-20 14:08:59", "elapsed": 2631.808855, "delta": 0.002932}}
{"target": -10.477913957027699, "params": {"colsample_bytree": 0.354663232116179, "eta": 0.09140258093053993, "gamma": 998.7775928539739, "max_depth": 5.0, "min_child_weight": 2129.358124516836, "num_boost_round": 14.0, "subsample": 0.4219980416137077}, "datetime": {"datetime": "2024-01-20 14:08:59", "elapsed": 2631.811862, "delta": 0.003007}}
{"target": -10.47823820117599, "params": {"colsample_bytree": 0.354663232116179, "eta": 0.09140258093053993, "gamma": 998.7775928539739, "max_depth": 5.0, "min_child_weight": 2129.358124516836, "num_boost_round": 15.0, "subsample": 0.4219980416137077}, "datetime": {"datetime": "2024-01-20 14:08:59", "elapsed": 2631.814846, "delta": 0.002984}}
{"target": -10.478698728184614, "params": {"colsample_bytree": 0.354663232116179, "eta": 0.09140258093053993, "gamma": 998.7775928539739, "max_depth": 5.0, "min_child_weight": 2129.358124516836, "num_boost_round": 16.0, "subsample": 0.4219980416137077}, "datetime": {"datetime": "2024-01-20 14:08:59", "elapsed": 2631.81788, "delta": 0.003034}}
{"target": -10.479373856767113, "params": {"colsample_bytree": 0.354663232116179, "eta": 0.09140258093053993, "gamma": 998.7775928539739, "max_depth": 5.0, "min_child_weight": 2129.358124516836, "num_boost_round": 17.0, "subsample": 0.4219980416137077}, "datetime": {"datetime": "2024-01-20 14:08:59", "elapsed": 2631.820791, "delta": 0.002911}}
{"target": -10.4793807858352, "params": {"colsample_bytree": 0.354663232116179, "eta": 0.09140258093053993, "gamma": 998.7775928539739, "max_depth": 5.0, "min_child_weight": 2129.358124516836, "num_boost_round": 18.0, "subsample": 0.4219980416137077}, "datetime": {"datetime": "2024-01-20 14:08:59", "elapsed": 2631.823719, "delta": 0.002928}}
{"target": -10.479674444418134, "params": {"colsample_bytree": 0.354663232116179, "eta": 0.09140258093053993, "gamma": 998.7775928539739, "max_depth": 5.0, "min_child_weight": 2129.358124516836, "num_boost_round": 19.0, "subsample": 0.4219980416137077}, "datetime": {"datetime": "2024-01-20 14:08:59", "elapsed": 2631.826673, "delta": 0.002954}}
{"target": -10.47996011985174, "params": {"colsample_bytree": 0.354663232116179, "eta": 0.09140258093053993, "gamma": 998.7775928539739, "max_depth": 5.0, "min_child_weight": 2129.358124516836, "num_boost_round": 20.0, "subsample": 0.4219980416137077}, "datetime": {"datetime": "2024-01-20 14:08:59", "elapsed": 2631.829682, "delta": 0.003009}}
{"target": -10.481107151468144, "params": {"colsample_bytree": 0.354663232116179, "eta": 0.09140258093053993, "gamma": 998.7775928539739, "max_depth": 5.0, "min_child_weight": 2129.358124516836, "num_boost_round": 21.0, "subsample": 0.4219980416137077}, "datetime": {"datetime": "2024-01-20 14:08:59", "elapsed": 2631.832624, "delta": 0.002942}}
{"target": -10.481245515155292, "params": {"colsample_bytree": 0.354663232116179, "eta": 0.09140258093053993, "gamma": 998.7775928539739, "max_depth": 5.0, "min_child_weight": 2129.358124516836, "num_boost_round": 22.0, "subsample": 0.4219980416137077}, "datetime": {"datetime": "2024-01-20 14:08:59", "elapsed": 2631.835575, "delta": 0.002951}}
{"target": -10.48128404602195, "params": {"colsample_bytree": 0.354663232116179, "eta": 0.09140258093053993, "gamma": 998.7775928539739, "max_depth": 5.0, "min_child_weight": 2129.358124516836, "num_boost_round": 23.0, "subsample": 0.4219980416137077}, "datetime": {"datetime": "2024-01-20 14:08:59", "elapsed": 2631.838616, "delta": 0.003041}}
{"target": -10.481969884564197, "params": {"colsample_bytree": 0.354663232116179, "eta": 0.09140258093053993, "gamma": 998.7775928539739, "max_depth": 5.0, "min_child_weight": 2129.358124516836, "num_boost_round": 24.0, "subsample": 0.4219980416137077}, "datetime": {"datetime": "2024-01-20 14:08:59", "elapsed": 2631.841525, "delta": 0.002909}}
{"target": -10.48219964232554, "params": {"colsample_bytree": 0.354663232116179, "eta": 0.09140258093053993, "gamma": 998.7775928539739, "max_depth": 5.0, "min_child_weight": 2129.358124516836, "num_boost_round": 25.0, "subsample": 0.4219980416137077}, "datetime": {"datetime": "2024-01-20 14:08:59", "elapsed": 2631.844488, "delta": 0.002963}}
{"target": -10.482283935647, "params": {"colsample_bytree": 0.354663232116179, "eta": 0.09140258093053993, "gamma": 998.7775928539739, "max_depth": 5.0, "min_child_weight": 2129.358124516836, "num_boost_round": 26.0, "subsample": 0.4219980416137077}, "datetime": {"datetime": "2024-01-20 14:08:59", "elapsed": 2631.847451, "delta": 0.002963}}
{"target": -10.482672949042309, "params": {"colsample_bytree": 0.354663232116179, "eta": 0.09140258093053993, "gamma": 998.7775928539739, "max_depth": 5.0, "min_child_weight": 2129.358124516836, "num_boost_round": 27.0, "subsample": 0.4219980416137077}, "datetime": {"datetime": "2024-01-20 14:08:59", "elapsed": 2631.850415, "delta": 0.002964}}
{"target": -10.48302401205067, "params": {"colsample_bytree": 0.354663232116179, "eta": 0.09140258093053993, "gamma": 998.7775928539739, "max_depth": 5.0, "min_child_weight": 2129.358124516836, "num_boost_round": 28.0, "subsample": 0.4219980416137077}, "datetime": {"datetime": "2024-01-20 14:08:59", "elapsed": 2631.853352, "delta": 0.002937}}
{"target": -10.483286470043222, "params": {"colsample_bytree": 0.354663232116179, "eta": 0.09140258093053993, "gamma": 998.7775928539739, "max_depth": 5.0, "min_child_weight": 2129.358124516836, "num_boost_round": 29.0, "subsample": 0.4219980416137077}, "datetime": {"datetime": "2024-01-20 14:08:59", "elapsed": 2631.856318, "delta": 0.002966}}
{"target": -10.483490250212261, "params": {"colsample_bytree": 0.354663232116179, "eta": 0.09140258093053993, "gamma": 998.7775928539739, "max_depth": 5.0, "min_child_weight": 2129.358124516836, "num_boost_round": 30.0, "subsample": 0.4219980416137077}, "datetime": {"datetime": "2024-01-20 14:08:59", "elapsed": 2631.859427, "delta": 0.003109}}
{"target": -10.4839033831873, "params": {"colsample_bytree": 0.354663232116179, "eta": 0.09140258093053993, "gamma": 998.7775928539739, "max_depth": 5.0, "min_child_weight": 2129.358124516836, "num_boost_round": 31.0, "subsample": 0.4219980416137077}, "datetime": {"datetime": "2024-01-20 14:08:59", "elapsed": 2631.862423, "delta": 0.002996}}
{"target": -10.484270763050437, "params": {"colsample_bytree": 0.354663232116179, "eta": 0.09140258093053993, "gamma": 998.7775928539739, "max_depth": 5.0, "min_child_weight": 2129.358124516836, "num_boost_round": 32.0, "subsample": 0.4219980416137077}, "datetime": {"datetime": "2024-01-20 14:08:59", "elapsed": 2631.865413, "delta": 0.00299}}
{"target": -10.484375180841127, "params": {"colsample_bytree": 0.354663232116179, "eta": 0.09140258093053993, "gamma": 998.7775928539739, "max_depth": 5.0, "min_child_weight": 2129.358124516836, "num_boost_round": 33.0, "subsample": 0.4219980416137077}, "datetime": {"datetime": "2024-01-20 14:08:59", "elapsed": 2631.868401, "delta": 0.002988}}
{"target": -10.484207114245581, "params": {"colsample_bytree": 0.354663232116179, "eta": 0.09140258093053993, "gamma": 998.7775928539739, "max_depth": 5.0, "min_child_weight": 2129.358124516836, "num_boost_round": 34.0, "subsample": 0.4219980416137077}, "datetime": {"datetime": "2024-01-20 14:08:59", "elapsed": 2631.871377, "delta": 0.002976}}
{"target": -10.484298702094602, "params": {"colsample_bytree": 0.354663232116179, "eta": 0.09140258093053993, "gamma": 998.7775928539739, "max_depth": 5.0, "min_child_weight": 2129.358124516836, "num_boost_round": 35.0, "subsample": 0.4219980416137077}, "datetime": {"datetime": "2024-01-20 14:08:59", "elapsed": 2631.87435, "delta": 0.002973}}
{"target": -10.48447547160147, "params": {"colsample_bytree": 0.354663232116179, "eta": 0.09140258093053993, "gamma": 998.7775928539739, "max_depth": 5.0, "min_child_weight": 2129.358124516836, "num_boost_round": 36.0, "subsample": 0.4219980416137077}, "datetime": {"datetime": "2024-01-20 14:08:59", "elapsed": 2631.877433, "delta": 0.003083}}
{"target": -10.48478495494943, "params": {"colsample_bytree": 0.354663232116179, "eta": 0.09140258093053993, "gamma": 998.7775928539739, "max_depth": 5.0, "min_child_weight": 2129.358124516836, "num_boost_round": 37.0, "subsample": 0.4219980416137077}, "datetime": {"datetime": "2024-01-20 14:08:59", "elapsed": 2631.880756, "delta": 0.003323}}
{"target": -10.485061624198503, "params": {"colsample_bytree": 0.354663232116179, "eta": 0.09140258093053993, "gamma": 998.7775928539739, "max_depth": 5.0, "min_child_weight": 2129.358124516836, "num_boost_round": 38.0, "subsample": 0.4219980416137077}, "datetime": {"datetime": "2024-01-20 14:08:59", "elapsed": 2631.883731, "delta": 0.002975}}
{"target": -10.485318982847556, "params": {"colsample_bytree": 0.354663232116179, "eta": 0.09140258093053993, "gamma": 998.7775928539739, "max_depth": 5.0, "min_child_weight": 2129.358124516836, "num_boost_round": 39.0, "subsample": 0.4219980416137077}, "datetime": {"datetime": "2024-01-20 14:08:59", "elapsed": 2631.886695, "delta": 0.002964}}
{"target": -10.485616301034586, "params": {"colsample_bytree": 0.354663232116179, "eta": 0.09140258093053993, "gamma": 998.7775928539739, "max_depth": 5.0, "min_child_weight": 2129.358124516836, "num_boost_round": 40.0, "subsample": 0.4219980416137077}, "datetime": {"datetime": "2024-01-20 14:08:59", "elapsed": 2631.889703, "delta": 0.003008}}
{"target": -10.485758396307652, "params": {"colsample_bytree": 0.354663232116179, "eta": 0.09140258093053993, "gamma": 998.7775928539739, "max_depth": 5.0, "min_child_weight": 2129.358124516836, "num_boost_round": 41.0, "subsample": 0.4219980416137077}, "datetime": {"datetime": "2024-01-20 14:08:59", "elapsed": 2631.892631, "delta": 0.002928}}
{"target": -10.486032498934463, "params": {"colsample_bytree": 0.354663232116179, "eta": 0.09140258093053993, "gamma": 998.7775928539739, "max_depth": 5.0, "min_child_weight": 2129.358124516836, "num_boost_round": 42.0, "subsample": 0.4219980416137077}, "datetime": {"datetime": "2024-01-20 14:08:59", "elapsed": 2631.895561, "delta": 0.00293}}
{"target": -10.486589858105237, "params": {"colsample_bytree": 0.354663232116179, "eta": 0.09140258093053993, "gamma": 998.7775928539739, "max_depth": 5.0, "min_child_weight": 2129.358124516836, "num_boost_round": 43.0, "subsample": 0.4219980416137077}, "datetime": {"datetime": "2024-01-20 14:08:59", "elapsed": 2631.898619, "delta": 0.003058}}
{"target": -10.487110701557302, "params": {"colsample_bytree": 0.354663232116179, "eta": 0.09140258093053993, "gamma": 998.7775928539739, "max_depth": 5.0, "min_child_weight": 2129.358124516836, "num_boost_round": 44.0, "subsample": 0.4219980416137077}, "datetime": {"datetime": "2024-01-20 14:08:59", "elapsed": 2631.901561, "delta": 0.002942}}
{"target": -10.487440681109586, "params": {"colsample_bytree": 0.354663232116179, "eta": 0.09140258093053993, "gamma": 998.7775928539739, "max_depth": 5.0, "min_child_weight": 2129.358124516836, "num_boost_round": 45.0, "subsample": 0.4219980416137077}, "datetime": {"datetime": "2024-01-20 14:08:59", "elapsed": 2631.904494, "delta": 0.002933}}
{"target": -10.487975581652552, "params": {"colsample_bytree": 0.354663232116179, "eta": 0.09140258093053993, "gamma": 998.7775928539739, "max_depth": 5.0, "min_child_weight": 2129.358124516836, "num_boost_round": 46.0, "subsample": 0.4219980416137077}, "datetime": {"datetime": "2024-01-20 14:08:59", "elapsed": 2631.907417, "delta": 0.002923}}
{"target": -10.488214990330182, "params": {"colsample_bytree": 0.354663232116179, "eta": 0.09140258093053993, "gamma": 998.7775928539739, "max_depth": 5.0, "min_child_weight": 2129.358124516836, "num_boost_round": 47.0, "subsample": 0.4219980416137077}, "datetime": {"datetime": "2024-01-20 14:08:59", "elapsed": 2631.91046, "delta": 0.003043}}
{"target": -10.488403387096595, "params": {"colsample_bytree": 0.354663232116179, "eta": 0.09140258093053993, "gamma": 998.7775928539739, "max_depth": 5.0, "min_child_weight": 2129.358124516836, "num_boost_round": 48.0, "subsample": 0.4219980416137077}, "datetime": {"datetime": "2024-01-20 14:08:59", "elapsed": 2631.913427, "delta": 0.002967}}
{"target": -10.488644627878177, "params": {"colsample_bytree": 0.354663232116179, "eta": 0.09140258093053993, "gamma": 998.7775928539739, "max_depth": 5.0, "min_child_weight": 2129.358124516836, "num_boost_round": 49.0, "subsample": 0.4219980416137077}, "datetime": {"datetime": "2024-01-20 14:08:59", "elapsed": 2631.916381, "delta": 0.002954}}
{"target": -10.489046268166572, "params": {"colsample_bytree": 0.354663232116179, "eta": 0.09140258093053993, "gamma": 998.7775928539739, "max_depth": 5.0, "min_child_weight": 2129.358124516836, "num_boost_round": 50.0, "subsample": 0.4219980416137077}, "datetime": {"datetime": "2024-01-20 14:08:59", "elapsed": 2631.91941, "delta": 0.003029}}
{"target": -10.476144314128256, "params": {"colsample_bytree": 0.41149132964076485, "eta": 0.012899983481289455, "gamma": 885.0073501300783, "max_depth": 2.0, "min_child_weight": 2204.778669071213, "num_boost_round": 1.0, "subsample": 0.5971743554952468}, "datetime": {"datetime": "2024-01-20 14:09:32", "elapsed": 2664.450276, "delta": 32.530866}}
{"target": -10.476136300643102, "params": {"colsample_bytree": 0.41149132964076485, "eta": 0.012899983481289455, "gamma": 885.0073501300783, "max_depth": 2.0, "min_child_weight": 2204.778669071213, "num_boost_round": 2.0, "subsample": 0.5971743554952468}, "datetime": {"datetime": "2024-01-20 14:09:32", "elapsed": 2664.454167, "delta": 0.003891}}
{"target": -10.476144230452231, "params": {"colsample_bytree": 0.41149132964076485, "eta": 0.012899983481289455, "gamma": 885.0073501300783, "max_depth": 2.0, "min_child_weight": 2204.778669071213, "num_boost_round": 3.0, "subsample": 0.5971743554952468}, "datetime": {"datetime": "2024-01-20 14:09:32", "elapsed": 2664.457737, "delta": 0.00357}}
