{"target": -10.474861516809696, "params": {"colsample_bytree": 0.5141084876084067, "eta": 0.08700999175804447, "gamma": 215.27916871951226, "max_depth": 4.0, "min_child_weight": 4891.754119748656, "num_boost_round": 12.0, "subsample": 0.4396465159414561}, "datetime": {"datetime": "2024-01-20 16:01:48", "elapsed": 9400.797723, "delta": 0.006665}}
{"target": -10.475337747784838, "params": {"colsample_bytree": 0.5141084876084067, "eta": 0.08700999175804447, "gamma": 215.27916871951226, "max_depth": 4.0, "min_child_weight": 4891.754119748656, "num_boost_round": 13.0, "subsample": 0.4396465159414561}, "datetime": {"datetime": "2024-01-20 16:01:48", "elapsed": 9400.804065, "delta": 0.006342}}
{"target": -10.475521697165298, "params": {"colsample_bytree": 0.5141084876084067, "eta": 0.08700999175804447, "gamma": 215.27916871951226, "max_depth": 4.0, "min_child_weight": 4891.754119748656, "num_boost_round": 14.0, "subsample": 0.4396465159414561}, "datetime": {"datetime": "2024-01-20 16:01:48", "elapsed": 9400.810564, "delta": 0.006499}}
{"target": -10.475879108669353, "params": {"colsample_bytree": 0.5141084876084067, "eta": 0.08700999175804447, "gamma": 215.27916871951226, "max_depth": 4.0, "min_child_weight": 4891.754119748656, "num_boost_round": 15.0, "subsample": 0.4396465159414561}, "datetime": {"datetime": "2024-01-20 16:01:48", "elapsed": 9400.816981, "delta": 0.006417}}
{"target": -10.47648142847839, "params": {"colsample_bytree": 0.5141084876084067, "eta": 0.08700999175804447, "gamma": 215.27916871951226, "max_depth": 4.0, "min_child_weight": 4891.754119748656, "num_boost_round": 16.0, "subsample": 0.4396465159414561}, "datetime": {"datetime": "2024-01-20 16:01:48", "elapsed": 9400.823259, "delta": 0.006278}}
{"target": -10.476748803273644, "params": {"colsample_bytree": 0.5141084876084067, "eta": 0.08700999175804447, "gamma": 215.27916871951226, "max_depth": 4.0, "min_child_weight": 4891.754119748656, "num_boost_round": 17.0, "subsample": 0.4396465159414561}, "datetime": {"datetime": "2024-01-20 16:01:48", "elapsed": 9400.829588, "delta": 0.006329}}
{"target": -10.476922769511212, "params": {"colsample_bytree": 0.5141084876084067, "eta": 0.08700999175804447, "gamma": 215.27916871951226, "max_depth": 4.0, "min_child_weight": 4891.754119748656, "num_boost_round": 18.0, "subsample": 0.4396465159414561}, "datetime": {"datetime": "2024-01-20 16:01:48", "elapsed": 9400.836059, "delta": 0.006471}}
{"target": -10.477084653884038, "params": {"colsample_bytree": 0.5141084876084067, "eta": 0.08700999175804447, "gamma": 215.27916871951226, "max_depth": 4.0, "min_child_weight": 4891.754119748656, "num_boost_round": 19.0, "subsample": 0.4396465159414561}, "datetime": {"datetime": "2024-01-20 16:01:48", "elapsed": 9400.842315, "delta": 0.006256}}
{"target": -10.477506326123933, "params": {"colsample_bytree": 0.5141084876084067, "eta": 0.08700999175804447, "gamma": 215.27916871951226, "max_depth": 4.0, "min_child_weight": 4891.754119748656, "num_boost_round": 20.0, "subsample": 0.4396465159414561}, "datetime": {"datetime": "2024-01-20 16:01:48", "elapsed": 9400.848522, "delta": 0.006207}}
{"target": -10.477903786537576, "params": {"colsample_bytree": 0.5141084876084067, "eta": 0.08700999175804447, "gamma": 215.27916871951226, "max_depth": 4.0, "min_child_weight": 4891.754119748656, "num_boost_round": 21.0, "subsample": 0.4396465159414561}, "datetime": {"datetime": "2024-01-20 16:01:48", "elapsed": 9400.855025, "delta": 0.006503}}
{"target": -10.477673400516732, "params": {"colsample_bytree": 0.5141084876084067, "eta": 0.08700999175804447, "gamma": 215.27916871951226, "max_depth": 4.0, "min_child_weight": 4891.754119748656, "num_boost_round": 22.0, "subsample": 0.4396465159414561}, "datetime": {"datetime": "2024-01-20 16:01:48", "elapsed": 9400.861436, "delta": 0.006411}}
{"target": -10.477754549682937, "params": {"colsample_bytree": 0.5141084876084067, "eta": 0.08700999175804447, "gamma": 215.27916871951226, "max_depth": 4.0, "min_child_weight": 4891.754119748656, "num_boost_round": 23.0, "subsample": 0.4396465159414561}, "datetime": {"datetime": "2024-01-20 16:01:48", "elapsed": 9400.867789, "delta": 0.006353}}
{"target": -10.477903560038815, "params": {"colsample_bytree": 0.5141084876084067, "eta": 0.08700999175804447, "gamma": 215.27916871951226, "max_depth": 4.0, "min_child_weight": 4891.754119748656, "num_boost_round": 24.0, "subsample": 0.4396465159414561}, "datetime": {"datetime": "2024-01-20 16:01:48", "elapsed": 9400.873961, "delta": 0.006172}}
{"target": -10.47808590218555, "params": {"colsample_bytree": 0.5141084876084067, "eta": 0.08700999175804447, "gamma": 215.27916871951226, "max_depth": 4.0, "min_child_weight": 4891.754119748656, "num_boost_round": 25.0, "subsample": 0.4396465159414561}, "datetime": {"datetime": "2024-01-20 16:01:48", "elapsed": 9400.880266, "delta": 0.006305}}
{"target": -10.478329287799937, "params": {"colsample_bytree": 0.5141084876084067, "eta": 0.08700999175804447, "gamma": 215.27916871951226, "max_depth": 4.0, "min_child_weight": 4891.754119748656, "num_boost_round": 26.0, "subsample": 0.4396465159414561}, "datetime": {"datetime": "2024-01-20 16:01:48", "elapsed": 9400.886506, "delta": 0.00624}}
{"target": -10.478394082221495, "params": {"colsample_bytree": 0.5141084876084067, "eta": 0.08700999175804447, "gamma": 215.27916871951226, "max_depth": 4.0, "min_child_weight": 4891.754119748656, "num_boost_round": 27.0, "subsample": 0.4396465159414561}, "datetime": {"datetime": "2024-01-20 16:01:48", "elapsed": 9400.892732, "delta": 0.006226}}
{"target": -10.478991743517966, "params": {"colsample_bytree": 0.5141084876084067, "eta": 0.08700999175804447, "gamma": 215.27916871951226, "max_depth": 4.0, "min_child_weight": 4891.754119748656, "num_boost_round": 28.0, "subsample": 0.4396465159414561}, "datetime": {"datetime": "2024-01-20 16:01:48", "elapsed": 9400.898959, "delta": 0.006227}}
{"target": -10.479340965566795, "params": {"colsample_bytree": 0.5141084876084067, "eta": 0.08700999175804447, "gamma": 215.27916871951226, "max_depth": 4.0, "min_child_weight": 4891.754119748656, "num_boost_round": 29.0, "subsample": 0.4396465159414561}, "datetime": {"datetime": "2024-01-20 16:01:48", "elapsed": 9400.905058, "delta": 0.006099}}
{"target": -10.47963166524422, "params": {"colsample_bytree": 0.5141084876084067, "eta": 0.08700999175804447, "gamma": 215.27916871951226, "max_depth": 4.0, "min_child_weight": 4891.754119748656, "num_boost_round": 30.0, "subsample": 0.4396465159414561}, "datetime": {"datetime": "2024-01-20 16:01:48", "elapsed": 9400.911319, "delta": 0.006261}}
{"target": -10.479622270785311, "params": {"colsample_bytree": 0.5141084876084067, "eta": 0.08700999175804447, "gamma": 215.27916871951226, "max_depth": 4.0, "min_child_weight": 4891.754119748656, "num_boost_round": 31.0, "subsample": 0.4396465159414561}, "datetime": {"datetime": "2024-01-20 16:01:48", "elapsed": 9400.917597, "delta": 0.006278}}
{"target": -10.479763878517566, "params": {"colsample_bytree": 0.5141084876084067, "eta": 0.08700999175804447, "gamma": 215.27916871951226, "max_depth": 4.0, "min_child_weight": 4891.754119748656, "num_boost_round": 32.0, "subsample": 0.4396465159414561}, "datetime": {"datetime": "2024-01-20 16:01:48", "elapsed": 9400.923718, "delta": 0.006121}}
{"target": -10.479657433962227, "params": {"colsample_bytree": 0.5141084876084067, "eta": 0.08700999175804447, "gamma": 215.27916871951226, "max_depth": 4.0, "min_child_weight": 4891.754119748656, "num_boost_round": 33.0, "subsample": 0.4396465159414561}, "datetime": {"datetime": "2024-01-20 16:01:48", "elapsed": 9400.929991, "delta": 0.006273}}
{"target": -10.47977789053737, "params": {"colsample_bytree": 0.5141084876084067, "eta": 0.08700999175804447, "gamma": 215.27916871951226, "max_depth": 4.0, "min_child_weight": 4891.754119748656, "num_boost_round": 34.0, "subsample": 0.4396465159414561}, "datetime": {"datetime": "2024-01-20 16:01:48", "elapsed": 9400.936253, "delta": 0.006262}}
{"target": -10.479858053697917, "params": {"colsample_bytree": 0.5141084876084067, "eta": 0.08700999175804447, "gamma": 215.27916871951226, "max_depth": 4.0, "min_child_weight": 4891.754119748656, "num_boost_round": 35.0, "subsample": 0.4396465159414561}, "datetime": {"datetime": "2024-01-20 16:01:48", "elapsed": 9400.942353, "delta": 0.0061}}
{"target": -10.480188388483548, "params": {"colsample_bytree": 0.5141084876084067, "eta": 0.08700999175804447, "gamma": 215.27916871951226, "max_depth": 4.0, "min_child_weight": 4891.754119748656, "num_boost_round": 36.0, "subsample": 0.4396465159414561}, "datetime": {"datetime": "2024-01-20 16:01:48", "elapsed": 9400.948468, "delta": 0.006115}}
{"target": -10.480192603654329, "params": {"colsample_bytree": 0.5141084876084067, "eta": 0.08700999175804447, "gamma": 215.27916871951226, "max_depth": 4.0, "min_child_weight": 4891.754119748656, "num_boost_round": 37.0, "subsample": 0.4396465159414561}, "datetime": {"datetime": "2024-01-20 16:01:48", "elapsed": 9400.954656, "delta": 0.006188}}
{"target": -10.480453831719952, "params": {"colsample_bytree": 0.5141084876084067, "eta": 0.08700999175804447, "gamma": 215.27916871951226, "max_depth": 4.0, "min_child_weight": 4891.754119748656, "num_boost_round": 38.0, "subsample": 0.4396465159414561}, "datetime": {"datetime": "2024-01-20 16:01:48", "elapsed": 9400.96134, "delta": 0.006684}}
{"target": -10.480828045420884, "params": {"colsample_bytree": 0.5141084876084067, "eta": 0.08700999175804447, "gamma": 215.27916871951226, "max_depth": 4.0, "min_child_weight": 4891.754119748656, "num_boost_round": 39.0, "subsample": 0.4396465159414561}, "datetime": {"datetime": "2024-01-20 16:01:48", "elapsed": 9400.968571, "delta": 0.007231}}
{"target": -10.481032979160751, "params": {"colsample_bytree": 0.5141084876084067, "eta": 0.08700999175804447, "gamma": 215.27916871951226, "max_depth": 4.0, "min_child_weight": 4891.754119748656, "num_boost_round": 40.0, "subsample": 0.4396465159414561}, "datetime": {"datetime": "2024-01-20 16:01:48", "elapsed": 9400.97578, "delta": 0.007209}}
{"target": -10.481047258555485, "params": {"colsample_bytree": 0.5141084876084067, "eta": 0.08700999175804447, "gamma": 215.27916871951226, "max_depth": 4.0, "min_child_weight": 4891.754119748656, "num_boost_round": 41.0, "subsample": 0.4396465159414561}, "datetime": {"datetime": "2024-01-20 16:01:48", "elapsed": 9400.982277, "delta": 0.006497}}
{"target": -10.481369441099224, "params": {"colsample_bytree": 0.5141084876084067, "eta": 0.08700999175804447, "gamma": 215.27916871951226, "max_depth": 4.0, "min_child_weight": 4891.754119748656, "num_boost_round": 42.0, "subsample": 0.4396465159414561}, "datetime": {"datetime": "2024-01-20 16:01:48", "elapsed": 9400.988595, "delta": 0.006318}}
{"target": -10.481501038657054, "params": {"colsample_bytree": 0.5141084876084067, "eta": 0.08700999175804447, "gamma": 215.27916871951226, "max_depth": 4.0, "min_child_weight": 4891.754119748656, "num_boost_round": 43.0, "subsample": 0.4396465159414561}, "datetime": {"datetime": "2024-01-20 16:01:48", "elapsed": 9400.994791, "delta": 0.006196}}
{"target": -10.48179905428433, "params": {"colsample_bytree": 0.5141084876084067, "eta": 0.08700999175804447, "gamma": 215.27916871951226, "max_depth": 4.0, "min_child_weight": 4891.754119748656, "num_boost_round": 44.0, "subsample": 0.4396465159414561}, "datetime": {"datetime": "2024-01-20 16:01:48", "elapsed": 9401.000936, "delta": 0.006145}}
{"target": -10.481751869899323, "params": {"colsample_bytree": 0.5141084876084067, "eta": 0.08700999175804447, "gamma": 215.27916871951226, "max_depth": 4.0, "min_child_weight": 4891.754119748656, "num_boost_round": 45.0, "subsample": 0.4396465159414561}, "datetime": {"datetime": "2024-01-20 16:01:48", "elapsed": 9401.007052, "delta": 0.006116}}
{"target": -10.4817591295628, "params": {"colsample_bytree": 0.5141084876084067, "eta": 0.08700999175804447, "gamma": 215.27916871951226, "max_depth": 4.0, "min_child_weight": 4891.754119748656, "num_boost_round": 46.0, "subsample": 0.4396465159414561}, "datetime": {"datetime": "2024-01-20 16:01:48", "elapsed": 9401.013229, "delta": 0.006177}}
{"target": -10.475858600573513, "params": {"colsample_bytree": 0.8510152411830668, "eta": 0.05460475995497491, "gamma": 323.50644541373543, "max_depth": 2.0, "min_child_weight": 4875.49546368617, "num_boost_round": 1.0, "subsample": 0.5067214828919366}, "datetime": {"datetime": "2024-01-20 16:05:38", "elapsed": 9630.546563, "delta": 229.533334}}
{"target": -10.475377689177071, "params": {"colsample_bytree": 0.8510152411830668, "eta": 0.05460475995497491, "gamma": 323.50644541373543, "max_depth": 2.0, "min_child_weight": 4875.49546368617, "num_boost_round": 2.0, "subsample": 0.5067214828919366}, "datetime": {"datetime": "2024-01-20 16:05:38", "elapsed": 9630.555338, "delta": 0.008775}}
{"target": -10.4751445368975, "params": {"colsample_bytree": 0.8510152411830668, "eta": 0.05460475995497491, "gamma": 323.50644541373543, "max_depth": 2.0, "min_child_weight": 4875.49546368617, "num_boost_round": 3.0, "subsample": 0.5067214828919366}, "datetime": {"datetime": "2024-01-20 16:05:38", "elapsed": 9630.562386, "delta": 0.007048}}
{"target": -10.475062037959908, "params": {"colsample_bytree": 0.8510152411830668, "eta": 0.05460475995497491, "gamma": 323.50644541373543, "max_depth": 2.0, "min_child_weight": 4875.49546368617, "num_boost_round": 4.0, "subsample": 0.5067214828919366}, "datetime": {"datetime": "2024-01-20 16:05:38", "elapsed": 9630.568797, "delta": 0.006411}}
{"target": -10.47510999110705, "params": {"colsample_bytree": 0.8510152411830668, "eta": 0.05460475995497491, "gamma": 323.50644541373543, "max_depth": 2.0, "min_child_weight": 4875.49546368617, "num_boost_round": 5.0, "subsample": 0.5067214828919366}, "datetime": {"datetime": "2024-01-20 16:05:38", "elapsed": 9630.575533, "delta": 0.006736}}
{"target": -10.475129618092344, "params": {"colsample_bytree": 0.8510152411830668, "eta": 0.05460475995497491, "gamma": 323.50644541373543, "max_depth": 2.0, "min_child_weight": 4875.49546368617, "num_boost_round": 6.0, "subsample": 0.5067214828919366}, "datetime": {"datetime": "2024-01-20 16:05:38", "elapsed": 9630.582029, "delta": 0.006496}}
{"target": -10.47521817049008, "params": {"colsample_bytree": 0.8510152411830668, "eta": 0.05460475995497491, "gamma": 323.50644541373543, "max_depth": 2.0, "min_child_weight": 4875.49546368617, "num_boost_round": 7.0, "subsample": 0.5067214828919366}, "datetime": {"datetime": "2024-01-20 16:05:38", "elapsed": 9630.588573, "delta": 0.006544}}
{"target": -10.475166382475619, "params": {"colsample_bytree": 0.8510152411830668, "eta": 0.05460475995497491, "gamma": 323.50644541373543, "max_depth": 2.0, "min_child_weight": 4875.49546368617, "num_boost_round": 8.0, "subsample": 0.5067214828919366}, "datetime": {"datetime": "2024-01-20 16:05:38", "elapsed": 9630.594945, "delta": 0.006372}}
{"target": -10.47524671859691, "params": {"colsample_bytree": 0.8510152411830668, "eta": 0.05460475995497491, "gamma": 323.50644541373543, "max_depth": 2.0, "min_child_weight": 4875.49546368617, "num_boost_round": 9.0, "subsample": 0.5067214828919366}, "datetime": {"datetime": "2024-01-20 16:05:38", "elapsed": 9630.601236, "delta": 0.006291}}
{"target": -10.474783968449309, "params": {"colsample_bytree": 0.8510152411830668, "eta": 0.05460475995497491, "gamma": 323.50644541373543, "max_depth": 2.0, "min_child_weight": 4875.49546368617, "num_boost_round": 10.0, "subsample": 0.5067214828919366}, "datetime": {"datetime": "2024-01-20 16:05:38", "elapsed": 9630.607478, "delta": 0.006242}}
{"target": -10.47501002558391, "params": {"colsample_bytree": 0.8510152411830668, "eta": 0.05460475995497491, "gamma": 323.50644541373543, "max_depth": 2.0, "min_child_weight": 4875.49546368617, "num_boost_round": 11.0, "subsample": 0.5067214828919366}, "datetime": {"datetime": "2024-01-20 16:05:38", "elapsed": 9630.613817, "delta": 0.006339}}
{"target": -10.475269755279982, "params": {"colsample_bytree": 0.8510152411830668, "eta": 0.05460475995497491, "gamma": 323.50644541373543, "max_depth": 2.0, "min_child_weight": 4875.49546368617, "num_boost_round": 12.0, "subsample": 0.5067214828919366}, "datetime": {"datetime": "2024-01-20 16:05:38", "elapsed": 9630.620067, "delta": 0.00625}}
{"target": -10.475304682426277, "params": {"colsample_bytree": 0.8510152411830668, "eta": 0.05460475995497491, "gamma": 323.50644541373543, "max_depth": 2.0, "min_child_weight": 4875.49546368617, "num_boost_round": 13.0, "subsample": 0.5067214828919366}, "datetime": {"datetime": "2024-01-20 16:05:38", "elapsed": 9630.626367, "delta": 0.0063}}
{"target": -10.475254575127217, "params": {"colsample_bytree": 0.8510152411830668, "eta": 0.05460475995497491, "gamma": 323.50644541373543, "max_depth": 2.0, "min_child_weight": 4875.49546368617, "num_boost_round": 14.0, "subsample": 0.5067214828919366}, "datetime": {"datetime": "2024-01-20 16:05:38", "elapsed": 9630.632644, "delta": 0.006277}}
{"target": -10.475395237767396, "params": {"colsample_bytree": 0.8510152411830668, "eta": 0.05460475995497491, "gamma": 323.50644541373543, "max_depth": 2.0, "min_child_weight": 4875.49546368617, "num_boost_round": 15.0, "subsample": 0.5067214828919366}, "datetime": {"datetime": "2024-01-20 16:05:38", "elapsed": 9630.638966, "delta": 0.006322}}
{"target": -10.475553542035467, "params": {"colsample_bytree": 0.8510152411830668, "eta": 0.05460475995497491, "gamma": 323.50644541373543, "max_depth": 2.0, "min_child_weight": 4875.49546368617, "num_boost_round": 16.0, "subsample": 0.5067214828919366}, "datetime": {"datetime": "2024-01-20 16:05:38", "elapsed": 9630.6453, "delta": 0.006334}}
{"target": -10.475454119712136, "params": {"colsample_bytree": 0.8510152411830668, "eta": 0.05460475995497491, "gamma": 323.50644541373543, "max_depth": 2.0, "min_child_weight": 4875.49546368617, "num_boost_round": 17.0, "subsample": 0.5067214828919366}, "datetime": {"datetime": "2024-01-20 16:05:38", "elapsed": 9631.007028, "delta": 0.361728}}
{"target": -10.475447892897343, "params": {"colsample_bytree": 0.8510152411830668, "eta": 0.05460475995497491, "gamma": 323.50644541373543, "max_depth": 2.0, "min_child_weight": 4875.49546368617, "num_boost_round": 18.0, "subsample": 0.5067214828919366}, "datetime": {"datetime": "2024-01-20 16:05:38", "elapsed": 9631.014972, "delta": 0.007944}}
{"target": -10.475628723544483, "params": {"colsample_bytree": 0.8510152411830668, "eta": 0.05460475995497491, "gamma": 323.50644541373543, "max_depth": 2.0, "min_child_weight": 4875.49546368617, "num_boost_round": 19.0, "subsample": 0.5067214828919366}, "datetime": {"datetime": "2024-01-20 16:05:38", "elapsed": 9631.021369, "delta": 0.006397}}
{"target": -10.475833147473871, "params": {"colsample_bytree": 0.8510152411830668, "eta": 0.05460475995497491, "gamma": 323.50644541373543, "max_depth": 2.0, "min_child_weight": 4875.49546368617, "num_boost_round": 20.0, "subsample": 0.5067214828919366}, "datetime": {"datetime": "2024-01-20 16:05:38", "elapsed": 9631.027598, "delta": 0.006229}}
{"target": -10.476110374623207, "params": {"colsample_bytree": 0.8510152411830668, "eta": 0.05460475995497491, "gamma": 323.50644541373543, "max_depth": 2.0, "min_child_weight": 4875.49546368617, "num_boost_round": 21.0, "subsample": 0.5067214828919366}, "datetime": {"datetime": "2024-01-20 16:05:38", "elapsed": 9631.03385, "delta": 0.006252}}
{"target": -10.476192487281892, "params": {"colsample_bytree": 0.8510152411830668, "eta": 0.05460475995497491, "gamma": 323.50644541373543, "max_depth": 2.0, "min_child_weight": 4875.49546368617, "num_boost_round": 22.0, "subsample": 0.5067214828919366}, "datetime": {"datetime": "2024-01-20 16:05:38", "elapsed": 9631.040004, "delta": 0.006154}}
{"target": -10.476099118970863, "params": {"colsample_bytree": 0.8510152411830668, "eta": 0.05460475995497491, "gamma": 323.50644541373543, "max_depth": 2.0, "min_child_weight": 4875.49546368617, "num_boost_round": 23.0, "subsample": 0.5067214828919366}, "datetime": {"datetime": "2024-01-20 16:05:39", "elapsed": 9631.046269, "delta": 0.006265}}
{"target": -10.476065407167129, "params": {"colsample_bytree": 0.8510152411830668, "eta": 0.05460475995497491, "gamma": 323.50644541373543, "max_depth": 2.0, "min_child_weight": 4875.49546368617, "num_boost_round": 24.0, "subsample": 0.5067214828919366}, "datetime": {"datetime": "2024-01-20 16:05:39", "elapsed": 9631.052532, "delta": 0.006263}}
{"target": -10.476036072010354, "params": {"colsample_bytree": 0.8510152411830668, "eta": 0.05460475995497491, "gamma": 323.50644541373543, "max_depth": 2.0, "min_child_weight": 4875.49546368617, "num_boost_round": 25.0, "subsample": 0.5067214828919366}, "datetime": {"datetime": "2024-01-20 16:05:39", "elapsed": 9631.058729, "delta": 0.006197}}
{"target": -10.476292844238877, "params": {"colsample_bytree": 0.8510152411830668, "eta": 0.05460475995497491, "gamma": 323.50644541373543, "max_depth": 2.0, "min_child_weight": 4875.49546368617, "num_boost_round": 26.0, "subsample": 0.5067214828919366}, "datetime": {"datetime": "2024-01-20 16:05:39", "elapsed": 9631.065416, "delta": 0.006687}}
{"target": -10.476283804296592, "params": {"colsample_bytree": 0.8510152411830668, "eta": 0.05460475995497491, "gamma": 323.50644541373543, "max_depth": 2.0, "min_child_weight": 4875.49546368617, "num_boost_round": 27.0, "subsample": 0.5067214828919366}, "datetime": {"datetime": "2024-01-20 16:05:39", "elapsed": 9631.072029, "delta": 0.006613}}
{"target": -10.476463044638006, "params": {"colsample_bytree": 0.8510152411830668, "eta": 0.05460475995497491, "gamma": 323.50644541373543, "max_depth": 2.0, "min_child_weight": 4875.49546368617, "num_boost_round": 28.0, "subsample": 0.5067214828919366}, "datetime": {"datetime": "2024-01-20 16:05:39", "elapsed": 9631.078587, "delta": 0.006558}}
