{"target": -13.497614942589712, "params": {"colsample_bytree": 0.36332482923403, "eta": 0.02108650603177342, "gamma": 701.4682441183207, "max_depth": 5.0, "min_child_weight": 4528.225157685509, "num_boost_round": 33.0, "subsample": 0.7396519398225698}, "datetime": {"datetime": "2024-01-20 15:08:29", "elapsed": 2663.257234, "delta": 0.003868}}
{"target": -13.49756274941796, "params": {"colsample_bytree": 0.36332482923403, "eta": 0.02108650603177342, "gamma": 701.4682441183207, "max_depth": 5.0, "min_child_weight": 4528.225157685509, "num_boost_round": 34.0, "subsample": 0.7396519398225698}, "datetime": {"datetime": "2024-01-20 15:08:29", "elapsed": 2663.261058, "delta": 0.003824}}
{"target": -13.497611670154372, "params": {"colsample_bytree": 0.36332482923403, "eta": 0.02108650603177342, "gamma": 701.4682441183207, "max_depth": 5.0, "min_child_weight": 4528.225157685509, "num_boost_round": 35.0, "subsample": 0.7396519398225698}, "datetime": {"datetime": "2024-01-20 15:08:29", "elapsed": 2663.264862, "delta": 0.003804}}
{"target": -13.497616677580496, "params": {"colsample_bytree": 0.36332482923403, "eta": 0.02108650603177342, "gamma": 701.4682441183207, "max_depth": 5.0, "min_child_weight": 4528.225157685509, "num_boost_round": 36.0, "subsample": 0.7396519398225698}, "datetime": {"datetime": "2024-01-20 15:08:29", "elapsed": 2663.268661, "delta": 0.003799}}
{"target": -13.497566749904095, "params": {"colsample_bytree": 0.36332482923403, "eta": 0.02108650603177342, "gamma": 701.4682441183207, "max_depth": 5.0, "min_child_weight": 4528.225157685509, "num_boost_round": 37.0, "subsample": 0.7396519398225698}, "datetime": {"datetime": "2024-01-20 15:08:29", "elapsed": 2663.272587, "delta": 0.003926}}
{"target": -13.497618709559582, "params": {"colsample_bytree": 0.36332482923403, "eta": 0.02108650603177342, "gamma": 701.4682441183207, "max_depth": 5.0, "min_child_weight": 4528.225157685509, "num_boost_round": 38.0, "subsample": 0.7396519398225698}, "datetime": {"datetime": "2024-01-20 15:08:29", "elapsed": 2663.276451, "delta": 0.003864}}
{"target": -13.497735988808758, "params": {"colsample_bytree": 0.36332482923403, "eta": 0.02108650603177342, "gamma": 701.4682441183207, "max_depth": 5.0, "min_child_weight": 4528.225157685509, "num_boost_round": 39.0, "subsample": 0.7396519398225698}, "datetime": {"datetime": "2024-01-20 15:08:29", "elapsed": 2663.280272, "delta": 0.003821}}
{"target": -13.497390751829435, "params": {"colsample_bytree": 0.2629053755440032, "eta": 0.09938727277677835, "gamma": 781.1350455078688, "max_depth": 9.0, "min_child_weight": 4563.682495441451, "num_boost_round": 1.0, "subsample": 0.2282283926456598}, "datetime": {"datetime": "2024-01-20 15:10:22", "elapsed": 2775.461406, "delta": 112.181134}}
{"target": -13.496233146738064, "params": {"colsample_bytree": 0.2629053755440032, "eta": 0.09938727277677835, "gamma": 781.1350455078688, "max_depth": 9.0, "min_child_weight": 4563.682495441451, "num_boost_round": 2.0, "subsample": 0.2282283926456598}, "datetime": {"datetime": "2024-01-20 15:10:22", "elapsed": 2775.465586, "delta": 0.00418}}
{"target": -13.49614408375844, "params": {"colsample_bytree": 0.2629053755440032, "eta": 0.09938727277677835, "gamma": 781.1350455078688, "max_depth": 9.0, "min_child_weight": 4563.682495441451, "num_boost_round": 3.0, "subsample": 0.2282283926456598}, "datetime": {"datetime": "2024-01-20 15:10:22", "elapsed": 2775.469712, "delta": 0.004126}}
{"target": -13.495941079096921, "params": {"colsample_bytree": 0.2629053755440032, "eta": 0.09938727277677835, "gamma": 781.1350455078688, "max_depth": 9.0, "min_child_weight": 4563.682495441451, "num_boost_round": 4.0, "subsample": 0.2282283926456598}, "datetime": {"datetime": "2024-01-20 15:10:22", "elapsed": 2775.473993, "delta": 0.004281}}
{"target": -13.495320757638192, "params": {"colsample_bytree": 0.2629053755440032, "eta": 0.09938727277677835, "gamma": 781.1350455078688, "max_depth": 9.0, "min_child_weight": 4563.682495441451, "num_boost_round": 5.0, "subsample": 0.2282283926456598}, "datetime": {"datetime": "2024-01-20 15:10:22", "elapsed": 2775.477927, "delta": 0.003934}}
{"target": -13.495213842162931, "params": {"colsample_bytree": 0.2629053755440032, "eta": 0.09938727277677835, "gamma": 781.1350455078688, "max_depth": 9.0, "min_child_weight": 4563.682495441451, "num_boost_round": 6.0, "subsample": 0.2282283926456598}, "datetime": {"datetime": "2024-01-20 15:10:22", "elapsed": 2775.481773, "delta": 0.003846}}
{"target": -13.495511928834741, "params": {"colsample_bytree": 0.2629053755440032, "eta": 0.09938727277677835, "gamma": 781.1350455078688, "max_depth": 9.0, "min_child_weight": 4563.682495441451, "num_boost_round": 7.0, "subsample": 0.2282283926456598}, "datetime": {"datetime": "2024-01-20 15:10:22", "elapsed": 2775.485702, "delta": 0.003929}}
{"target": -13.495387854887117, "params": {"colsample_bytree": 0.2629053755440032, "eta": 0.09938727277677835, "gamma": 781.1350455078688, "max_depth": 9.0, "min_child_weight": 4563.682495441451, "num_boost_round": 8.0, "subsample": 0.2282283926456598}, "datetime": {"datetime": "2024-01-20 15:10:22", "elapsed": 2775.490008, "delta": 0.004306}}
{"target": -13.495453930141954, "params": {"colsample_bytree": 0.2629053755440032, "eta": 0.09938727277677835, "gamma": 781.1350455078688, "max_depth": 9.0, "min_child_weight": 4563.682495441451, "num_boost_round": 9.0, "subsample": 0.2282283926456598}, "datetime": {"datetime": "2024-01-20 15:10:22", "elapsed": 2775.494041, "delta": 0.004033}}
{"target": -13.495014867721286, "params": {"colsample_bytree": 0.2629053755440032, "eta": 0.09938727277677835, "gamma": 781.1350455078688, "max_depth": 9.0, "min_child_weight": 4563.682495441451, "num_boost_round": 10.0, "subsample": 0.2282283926456598}, "datetime": {"datetime": "2024-01-20 15:10:22", "elapsed": 2775.498036, "delta": 0.003995}}
{"target": -13.494927707522546, "params": {"colsample_bytree": 0.2629053755440032, "eta": 0.09938727277677835, "gamma": 781.1350455078688, "max_depth": 9.0, "min_child_weight": 4563.682495441451, "num_boost_round": 11.0, "subsample": 0.2282283926456598}, "datetime": {"datetime": "2024-01-20 15:10:22", "elapsed": 2775.501933, "delta": 0.003897}}
{"target": -13.494857843586544, "params": {"colsample_bytree": 0.2629053755440032, "eta": 0.09938727277677835, "gamma": 781.1350455078688, "max_depth": 9.0, "min_child_weight": 4563.682495441451, "num_boost_round": 12.0, "subsample": 0.2282283926456598}, "datetime": {"datetime": "2024-01-20 15:10:22", "elapsed": 2775.505817, "delta": 0.003884}}
{"target": -13.494655295822852, "params": {"colsample_bytree": 0.2629053755440032, "eta": 0.09938727277677835, "gamma": 781.1350455078688, "max_depth": 9.0, "min_child_weight": 4563.682495441451, "num_boost_round": 13.0, "subsample": 0.2282283926456598}, "datetime": {"datetime": "2024-01-20 15:10:22", "elapsed": 2775.509885, "delta": 0.004068}}
{"target": -13.494404340063774, "params": {"colsample_bytree": 0.2629053755440032, "eta": 0.09938727277677835, "gamma": 781.1350455078688, "max_depth": 9.0, "min_child_weight": 4563.682495441451, "num_boost_round": 14.0, "subsample": 0.2282283926456598}, "datetime": {"datetime": "2024-01-20 15:10:22", "elapsed": 2775.513872, "delta": 0.003987}}
{"target": -13.494207925486489, "params": {"colsample_bytree": 0.2629053755440032, "eta": 0.09938727277677835, "gamma": 781.1350455078688, "max_depth": 9.0, "min_child_weight": 4563.682495441451, "num_boost_round": 15.0, "subsample": 0.2282283926456598}, "datetime": {"datetime": "2024-01-20 15:10:22", "elapsed": 2775.517872, "delta": 0.004}}
{"target": -13.494349465318392, "params": {"colsample_bytree": 0.2629053755440032, "eta": 0.09938727277677835, "gamma": 781.1350455078688, "max_depth": 9.0, "min_child_weight": 4563.682495441451, "num_boost_round": 16.0, "subsample": 0.2282283926456598}, "datetime": {"datetime": "2024-01-20 15:10:22", "elapsed": 2775.521829, "delta": 0.003957}}
{"target": -13.494340138350278, "params": {"colsample_bytree": 0.2629053755440032, "eta": 0.09938727277677835, "gamma": 781.1350455078688, "max_depth": 9.0, "min_child_weight": 4563.682495441451, "num_boost_round": 17.0, "subsample": 0.2282283926456598}, "datetime": {"datetime": "2024-01-20 15:10:22", "elapsed": 2775.525736, "delta": 0.003907}}
{"target": -13.494238820788588, "params": {"colsample_bytree": 0.2629053755440032, "eta": 0.09938727277677835, "gamma": 781.1350455078688, "max_depth": 9.0, "min_child_weight": 4563.682495441451, "num_boost_round": 18.0, "subsample": 0.2282283926456598}, "datetime": {"datetime": "2024-01-20 15:10:22", "elapsed": 2775.529656, "delta": 0.00392}}
{"target": -13.494400073352898, "params": {"colsample_bytree": 0.2629053755440032, "eta": 0.09938727277677835, "gamma": 781.1350455078688, "max_depth": 9.0, "min_child_weight": 4563.682495441451, "num_boost_round": 19.0, "subsample": 0.2282283926456598}, "datetime": {"datetime": "2024-01-20 15:10:22", "elapsed": 2775.533983, "delta": 0.004327}}
{"target": -13.494085741742277, "params": {"colsample_bytree": 0.2629053755440032, "eta": 0.09938727277677835, "gamma": 781.1350455078688, "max_depth": 9.0, "min_child_weight": 4563.682495441451, "num_boost_round": 20.0, "subsample": 0.2282283926456598}, "datetime": {"datetime": "2024-01-20 15:10:22", "elapsed": 2775.538075, "delta": 0.004092}}
{"target": -13.494038888645505, "params": {"colsample_bytree": 0.2629053755440032, "eta": 0.09938727277677835, "gamma": 781.1350455078688, "max_depth": 9.0, "min_child_weight": 4563.682495441451, "num_boost_round": 21.0, "subsample": 0.2282283926456598}, "datetime": {"datetime": "2024-01-20 15:10:22", "elapsed": 2775.542162, "delta": 0.004087}}
{"target": -13.494024591252815, "params": {"colsample_bytree": 0.2629053755440032, "eta": 0.09938727277677835, "gamma": 781.1350455078688, "max_depth": 9.0, "min_child_weight": 4563.682495441451, "num_boost_round": 22.0, "subsample": 0.2282283926456598}, "datetime": {"datetime": "2024-01-20 15:10:22", "elapsed": 2775.546059, "delta": 0.003897}}
{"target": -13.49401134926644, "params": {"colsample_bytree": 0.2629053755440032, "eta": 0.09938727277677835, "gamma": 781.1350455078688, "max_depth": 9.0, "min_child_weight": 4563.682495441451, "num_boost_round": 23.0, "subsample": 0.2282283926456598}, "datetime": {"datetime": "2024-01-20 15:10:22", "elapsed": 2775.549944, "delta": 0.003885}}
{"target": -13.494224591574493, "params": {"colsample_bytree": 0.2629053755440032, "eta": 0.09938727277677835, "gamma": 781.1350455078688, "max_depth": 9.0, "min_child_weight": 4563.682495441451, "num_boost_round": 24.0, "subsample": 0.2282283926456598}, "datetime": {"datetime": "2024-01-20 15:10:22", "elapsed": 2775.554009, "delta": 0.004065}}
{"target": -13.494042904114144, "params": {"colsample_bytree": 0.2629053755440032, "eta": 0.09938727277677835, "gamma": 781.1350455078688, "max_depth": 9.0, "min_child_weight": 4563.682495441451, "num_boost_round": 25.0, "subsample": 0.2282283926456598}, "datetime": {"datetime": "2024-01-20 15:10:22", "elapsed": 2775.55794, "delta": 0.003931}}
{"target": -13.493958343868186, "params": {"colsample_bytree": 0.2629053755440032, "eta": 0.09938727277677835, "gamma": 781.1350455078688, "max_depth": 9.0, "min_child_weight": 4563.682495441451, "num_boost_round": 26.0, "subsample": 0.2282283926456598}, "datetime": {"datetime": "2024-01-20 15:10:22", "elapsed": 2775.561817, "delta": 0.003877}}
{"target": -13.494286393839252, "params": {"colsample_bytree": 0.2629053755440032, "eta": 0.09938727277677835, "gamma": 781.1350455078688, "max_depth": 9.0, "min_child_weight": 4563.682495441451, "num_boost_round": 27.0, "subsample": 0.2282283926456598}, "datetime": {"datetime": "2024-01-20 15:10:22", "elapsed": 2775.565725, "delta": 0.003908}}
{"target": -13.494071642358797, "params": {"colsample_bytree": 0.2629053755440032, "eta": 0.09938727277677835, "gamma": 781.1350455078688, "max_depth": 9.0, "min_child_weight": 4563.682495441451, "num_boost_round": 28.0, "subsample": 0.2282283926456598}, "datetime": {"datetime": "2024-01-20 15:10:22", "elapsed": 2775.569653, "delta": 0.003928}}
{"target": -13.494211673144353, "params": {"colsample_bytree": 0.2629053755440032, "eta": 0.09938727277677835, "gamma": 781.1350455078688, "max_depth": 9.0, "min_child_weight": 4563.682495441451, "num_boost_round": 29.0, "subsample": 0.2282283926456598}, "datetime": {"datetime": "2024-01-20 15:10:22", "elapsed": 2775.573667, "delta": 0.004014}}
{"target": -13.494470110881963, "params": {"colsample_bytree": 0.2629053755440032, "eta": 0.09938727277677835, "gamma": 781.1350455078688, "max_depth": 9.0, "min_child_weight": 4563.682495441451, "num_boost_round": 30.0, "subsample": 0.2282283926456598}, "datetime": {"datetime": "2024-01-20 15:10:22", "elapsed": 2775.577589, "delta": 0.003922}}
{"target": -13.494330735296066, "params": {"colsample_bytree": 0.2629053755440032, "eta": 0.09938727277677835, "gamma": 781.1350455078688, "max_depth": 9.0, "min_child_weight": 4563.682495441451, "num_boost_round": 31.0, "subsample": 0.2282283926456598}, "datetime": {"datetime": "2024-01-20 15:10:22", "elapsed": 2775.581505, "delta": 0.003916}}
{"target": -13.49472749919129, "params": {"colsample_bytree": 0.2629053755440032, "eta": 0.09938727277677835, "gamma": 781.1350455078688, "max_depth": 9.0, "min_child_weight": 4563.682495441451, "num_boost_round": 32.0, "subsample": 0.2282283926456598}, "datetime": {"datetime": "2024-01-20 15:10:22", "elapsed": 2775.585571, "delta": 0.004066}}
{"target": -13.494901452436642, "params": {"colsample_bytree": 0.2629053755440032, "eta": 0.09938727277677835, "gamma": 781.1350455078688, "max_depth": 9.0, "min_child_weight": 4563.682495441451, "num_boost_round": 33.0, "subsample": 0.2282283926456598}, "datetime": {"datetime": "2024-01-20 15:10:22", "elapsed": 2775.58949, "delta": 0.003919}}
{"target": -13.494888145350838, "params": {"colsample_bytree": 0.2629053755440032, "eta": 0.09938727277677835, "gamma": 781.1350455078688, "max_depth": 9.0, "min_child_weight": 4563.682495441451, "num_boost_round": 34.0, "subsample": 0.2282283926456598}, "datetime": {"datetime": "2024-01-20 15:10:22", "elapsed": 2775.593496, "delta": 0.004006}}
{"target": -13.49513698695801, "params": {"colsample_bytree": 0.2629053755440032, "eta": 0.09938727277677835, "gamma": 781.1350455078688, "max_depth": 9.0, "min_child_weight": 4563.682495441451, "num_boost_round": 35.0, "subsample": 0.2282283926456598}, "datetime": {"datetime": "2024-01-20 15:10:22", "elapsed": 2775.597474, "delta": 0.003978}}
{"target": -13.495069952380558, "params": {"colsample_bytree": 0.2629053755440032, "eta": 0.09938727277677835, "gamma": 781.1350455078688, "max_depth": 9.0, "min_child_weight": 4563.682495441451, "num_boost_round": 36.0, "subsample": 0.2282283926456598}, "datetime": {"datetime": "2024-01-20 15:10:22", "elapsed": 2775.601532, "delta": 0.004058}}
{"target": -13.495051784002975, "params": {"colsample_bytree": 0.2629053755440032, "eta": 0.09938727277677835, "gamma": 781.1350455078688, "max_depth": 9.0, "min_child_weight": 4563.682495441451, "num_boost_round": 37.0, "subsample": 0.2282283926456598}, "datetime": {"datetime": "2024-01-20 15:10:22", "elapsed": 2775.88708, "delta": 0.285548}}
{"target": -13.494796103584646, "params": {"colsample_bytree": 0.2629053755440032, "eta": 0.09938727277677835, "gamma": 781.1350455078688, "max_depth": 9.0, "min_child_weight": 4563.682495441451, "num_boost_round": 38.0, "subsample": 0.2282283926456598}, "datetime": {"datetime": "2024-01-20 15:10:22", "elapsed": 2775.891937, "delta": 0.004857}}
{"target": -13.494982050745115, "params": {"colsample_bytree": 0.2629053755440032, "eta": 0.09938727277677835, "gamma": 781.1350455078688, "max_depth": 9.0, "min_child_weight": 4563.682495441451, "num_boost_round": 39.0, "subsample": 0.2282283926456598}, "datetime": {"datetime": "2024-01-20 15:10:22", "elapsed": 2775.896817, "delta": 0.00488}}
{"target": -13.495083072956316, "params": {"colsample_bytree": 0.2629053755440032, "eta": 0.09938727277677835, "gamma": 781.1350455078688, "max_depth": 9.0, "min_child_weight": 4563.682495441451, "num_boost_round": 40.0, "subsample": 0.2282283926456598}, "datetime": {"datetime": "2024-01-20 15:10:22", "elapsed": 2775.901529, "delta": 0.004712}}
{"target": -13.495037616896592, "params": {"colsample_bytree": 0.2629053755440032, "eta": 0.09938727277677835, "gamma": 781.1350455078688, "max_depth": 9.0, "min_child_weight": 4563.682495441451, "num_boost_round": 41.0, "subsample": 0.2282283926456598}, "datetime": {"datetime": "2024-01-20 15:10:22", "elapsed": 2775.905857, "delta": 0.004328}}
{"target": -13.495339427943897, "params": {"colsample_bytree": 0.2629053755440032, "eta": 0.09938727277677835, "gamma": 781.1350455078688, "max_depth": 9.0, "min_child_weight": 4563.682495441451, "num_boost_round": 42.0, "subsample": 0.2282283926456598}, "datetime": {"datetime": "2024-01-20 15:10:22", "elapsed": 2775.909974, "delta": 0.004117}}
{"target": -13.495551485759275, "params": {"colsample_bytree": 0.2629053755440032, "eta": 0.09938727277677835, "gamma": 781.1350455078688, "max_depth": 9.0, "min_child_weight": 4563.682495441451, "num_boost_round": 43.0, "subsample": 0.2282283926456598}, "datetime": {"datetime": "2024-01-20 15:10:22", "elapsed": 2775.914403, "delta": 0.004429}}
{"target": -13.49585917922608, "params": {"colsample_bytree": 0.2629053755440032, "eta": 0.09938727277677835, "gamma": 781.1350455078688, "max_depth": 9.0, "min_child_weight": 4563.682495441451, "num_boost_round": 44.0, "subsample": 0.2282283926456598}, "datetime": {"datetime": "2024-01-20 15:10:22", "elapsed": 2775.919008, "delta": 0.004605}}
{"target": -13.495658910561069, "params": {"colsample_bytree": 0.2629053755440032, "eta": 0.09938727277677835, "gamma": 781.1350455078688, "max_depth": 9.0, "min_child_weight": 4563.682495441451, "num_boost_round": 45.0, "subsample": 0.2282283926456598}, "datetime": {"datetime": "2024-01-20 15:10:22", "elapsed": 2775.923274, "delta": 0.004266}}
{"target": -13.495748129186998, "params": {"colsample_bytree": 0.2629053755440032, "eta": 0.09938727277677835, "gamma": 781.1350455078688, "max_depth": 9.0, "min_child_weight": 4563.682495441451, "num_boost_round": 46.0, "subsample": 0.2282283926456598}, "datetime": {"datetime": "2024-01-20 15:10:22", "elapsed": 2775.927456, "delta": 0.004182}}
{"target": -13.49553101085137, "params": {"colsample_bytree": 0.2629053755440032, "eta": 0.09938727277677835, "gamma": 781.1350455078688, "max_depth": 9.0, "min_child_weight": 4563.682495441451, "num_boost_round": 47.0, "subsample": 0.2282283926456598}, "datetime": {"datetime": "2024-01-20 15:10:22", "elapsed": 2775.931733, "delta": 0.004277}}
{"target": -13.495508981330271, "params": {"colsample_bytree": 0.2629053755440032, "eta": 0.09938727277677835, "gamma": 781.1350455078688, "max_depth": 9.0, "min_child_weight": 4563.682495441451, "num_boost_round": 48.0, "subsample": 0.2282283926456598}, "datetime": {"datetime": "2024-01-20 15:10:22", "elapsed": 2775.935904, "delta": 0.004171}}
{"target": -13.495610196989462, "params": {"colsample_bytree": 0.2629053755440032, "eta": 0.09938727277677835, "gamma": 781.1350455078688, "max_depth": 9.0, "min_child_weight": 4563.682495441451, "num_boost_round": 49.0, "subsample": 0.2282283926456598}, "datetime": {"datetime": "2024-01-20 15:10:22", "elapsed": 2775.940133, "delta": 0.004229}}
{"target": -13.495909125080363, "params": {"colsample_bytree": 0.2629053755440032, "eta": 0.09938727277677835, "gamma": 781.1350455078688, "max_depth": 9.0, "min_child_weight": 4563.682495441451, "num_boost_round": 50.0, "subsample": 0.2282283926456598}, "datetime": {"datetime": "2024-01-20 15:10:22", "elapsed": 2775.944345, "delta": 0.004212}}
{"target": -13.497840833740458, "params": {"colsample_bytree": 0.1281449685540533, "eta": 0.025239163755208675, "gamma": 764.3041438688797, "max_depth": 7.0, "min_child_weight": 4527.104959846512, "num_boost_round": 1.0, "subsample": 0.2850359676938699}, "datetime": {"datetime": "2024-01-20 15:12:01", "elapsed": 2875.121782, "delta": 99.177437}}
{"target": -13.497642701150326, "params": {"colsample_bytree": 0.1281449685540533, "eta": 0.025239163755208675, "gamma": 764.3041438688797, "max_depth": 7.0, "min_child_weight": 4527.104959846512, "num_boost_round": 2.0, "subsample": 0.2850359676938699}, "datetime": {"datetime": "2024-01-20 15:12:01", "elapsed": 2875.125978, "delta": 0.004196}}
{"target": -13.497634258792068, "params": {"colsample_bytree": 0.1281449685540533, "eta": 0.025239163755208675, "gamma": 764.3041438688797, "max_depth": 7.0, "min_child_weight": 4527.104959846512, "num_boost_round": 3.0, "subsample": 0.2850359676938699}, "datetime": {"datetime": "2024-01-20 15:12:01", "elapsed": 2875.13, "delta": 0.004022}}
{"target": -13.497686311652696, "params": {"colsample_bytree": 0.1281449685540533, "eta": 0.025239163755208675, "gamma": 764.3041438688797, "max_depth": 7.0, "min_child_weight": 4527.104959846512, "num_boost_round": 4.0, "subsample": 0.2850359676938699}, "datetime": {"datetime": "2024-01-20 15:12:01", "elapsed": 2875.134192, "delta": 0.004192}}
{"target": -13.497559209156238, "params": {"colsample_bytree": 0.1281449685540533, "eta": 0.025239163755208675, "gamma": 764.3041438688797, "max_depth": 7.0, "min_child_weight": 4527.104959846512, "num_boost_round": 5.0, "subsample": 0.2850359676938699}, "datetime": {"datetime": "2024-01-20 15:12:01", "elapsed": 2875.138478, "delta": 0.004286}}
{"target": -13.497568525137726, "params": {"colsample_bytree": 0.1281449685540533, "eta": 0.025239163755208675, "gamma": 764.3041438688797, "max_depth": 7.0, "min_child_weight": 4527.104959846512, "num_boost_round": 6.0, "subsample": 0.2850359676938699}, "datetime": {"datetime": "2024-01-20 15:12:01", "elapsed": 2875.142609, "delta": 0.004131}}
