{"target": -13.496437672278802, "params": {"colsample_bytree": 0.24262717947178136, "eta": 0.04430137274517235, "gamma": 614.9302031539465, "max_depth": 8.0, "min_child_weight": 4141.803412005131, "num_boost_round": 23.0, "subsample": 0.498409513306141}, "datetime": {"datetime": "2024-01-20 14:26:44", "elapsed": 158.393516, "delta": 0.000489}}
{"target": -13.49659358645295, "params": {"colsample_bytree": 0.24262717947178136, "eta": 0.04430137274517235, "gamma": 614.9302031539465, "max_depth": 8.0, "min_child_weight": 4141.803412005131, "num_boost_round": 24.0, "subsample": 0.498409513306141}, "datetime": {"datetime": "2024-01-20 14:26:44", "elapsed": 158.394003, "delta": 0.000487}}
{"target": -13.496579949291469, "params": {"colsample_bytree": 0.24262717947178136, "eta": 0.04430137274517235, "gamma": 614.9302031539465, "max_depth": 8.0, "min_child_weight": 4141.803412005131, "num_boost_round": 25.0, "subsample": 0.498409513306141}, "datetime": {"datetime": "2024-01-20 14:26:44", "elapsed": 158.394493, "delta": 0.00049}}
{"target": -13.496513198679601, "params": {"colsample_bytree": 0.24262717947178136, "eta": 0.04430137274517235, "gamma": 614.9302031539465, "max_depth": 8.0, "min_child_weight": 4141.803412005131, "num_boost_round": 26.0, "subsample": 0.498409513306141}, "datetime": {"datetime": "2024-01-20 14:26:44", "elapsed": 158.395031, "delta": 0.000538}}
{"target": -13.496784944338849, "params": {"colsample_bytree": 0.24262717947178136, "eta": 0.04430137274517235, "gamma": 614.9302031539465, "max_depth": 8.0, "min_child_weight": 4141.803412005131, "num_boost_round": 27.0, "subsample": 0.498409513306141}, "datetime": {"datetime": "2024-01-20 14:26:44", "elapsed": 158.395519, "delta": 0.000488}}
{"target": -13.496684540842887, "params": {"colsample_bytree": 0.24262717947178136, "eta": 0.04430137274517235, "gamma": 614.9302031539465, "max_depth": 8.0, "min_child_weight": 4141.803412005131, "num_boost_round": 28.0, "subsample": 0.498409513306141}, "datetime": {"datetime": "2024-01-20 14:26:44", "elapsed": 158.396018, "delta": 0.000499}}
{"target": -13.49688349467451, "params": {"colsample_bytree": 0.24262717947178136, "eta": 0.04430137274517235, "gamma": 614.9302031539465, "max_depth": 8.0, "min_child_weight": 4141.803412005131, "num_boost_round": 29.0, "subsample": 0.498409513306141}, "datetime": {"datetime": "2024-01-20 14:26:44", "elapsed": 158.3965, "delta": 0.000482}}
{"target": -13.49702749769341, "params": {"colsample_bytree": 0.24262717947178136, "eta": 0.04430137274517235, "gamma": 614.9302031539465, "max_depth": 8.0, "min_child_weight": 4141.803412005131, "num_boost_round": 30.0, "subsample": 0.498409513306141}, "datetime": {"datetime": "2024-01-20 14:26:44", "elapsed": 158.396995, "delta": 0.000495}}
{"target": -13.497223289801788, "params": {"colsample_bytree": 0.24262717947178136, "eta": 0.04430137274517235, "gamma": 614.9302031539465, "max_depth": 8.0, "min_child_weight": 4141.803412005131, "num_boost_round": 31.0, "subsample": 0.498409513306141}, "datetime": {"datetime": "2024-01-20 14:26:44", "elapsed": 158.397485, "delta": 0.00049}}
{"target": -13.497356538666367, "params": {"colsample_bytree": 0.24262717947178136, "eta": 0.04430137274517235, "gamma": 614.9302031539465, "max_depth": 8.0, "min_child_weight": 4141.803412005131, "num_boost_round": 32.0, "subsample": 0.498409513306141}, "datetime": {"datetime": "2024-01-20 14:26:44", "elapsed": 158.397979, "delta": 0.000494}}
{"target": -13.497430404581, "params": {"colsample_bytree": 0.24262717947178136, "eta": 0.04430137274517235, "gamma": 614.9302031539465, "max_depth": 8.0, "min_child_weight": 4141.803412005131, "num_boost_round": 33.0, "subsample": 0.498409513306141}, "datetime": {"datetime": "2024-01-20 14:26:44", "elapsed": 158.398471, "delta": 0.000492}}
{"target": -13.497314156575305, "params": {"colsample_bytree": 0.24262717947178136, "eta": 0.04430137274517235, "gamma": 614.9302031539465, "max_depth": 8.0, "min_child_weight": 4141.803412005131, "num_boost_round": 34.0, "subsample": 0.498409513306141}, "datetime": {"datetime": "2024-01-20 14:26:44", "elapsed": 158.398965, "delta": 0.000494}}
{"target": -13.497488632921064, "params": {"colsample_bytree": 0.24262717947178136, "eta": 0.04430137274517235, "gamma": 614.9302031539465, "max_depth": 8.0, "min_child_weight": 4141.803412005131, "num_boost_round": 35.0, "subsample": 0.498409513306141}, "datetime": {"datetime": "2024-01-20 14:26:44", "elapsed": 158.399459, "delta": 0.000494}}
{"target": -13.497404809311316, "params": {"colsample_bytree": 0.24262717947178136, "eta": 0.04430137274517235, "gamma": 614.9302031539465, "max_depth": 8.0, "min_child_weight": 4141.803412005131, "num_boost_round": 36.0, "subsample": 0.498409513306141}, "datetime": {"datetime": "2024-01-20 14:26:44", "elapsed": 158.39996, "delta": 0.000501}}
{"target": -13.497304789537656, "params": {"colsample_bytree": 0.24262717947178136, "eta": 0.04430137274517235, "gamma": 614.9302031539465, "max_depth": 8.0, "min_child_weight": 4141.803412005131, "num_boost_round": 37.0, "subsample": 0.498409513306141}, "datetime": {"datetime": "2024-01-20 14:26:44", "elapsed": 158.400459, "delta": 0.000499}}
{"target": -13.497420687224174, "params": {"colsample_bytree": 0.24262717947178136, "eta": 0.04430137274517235, "gamma": 614.9302031539465, "max_depth": 8.0, "min_child_weight": 4141.803412005131, "num_boost_round": 38.0, "subsample": 0.498409513306141}, "datetime": {"datetime": "2024-01-20 14:26:44", "elapsed": 158.40096, "delta": 0.000501}}
{"target": -13.497758534695128, "params": {"colsample_bytree": 0.24262717947178136, "eta": 0.04430137274517235, "gamma": 614.9302031539465, "max_depth": 8.0, "min_child_weight": 4141.803412005131, "num_boost_round": 39.0, "subsample": 0.498409513306141}, "datetime": {"datetime": "2024-01-20 14:26:44", "elapsed": 158.401456, "delta": 0.000496}}
{"target": -13.497756703588028, "params": {"colsample_bytree": 0.24262717947178136, "eta": 0.04430137274517235, "gamma": 614.9302031539465, "max_depth": 8.0, "min_child_weight": 4141.803412005131, "num_boost_round": 40.0, "subsample": 0.498409513306141}, "datetime": {"datetime": "2024-01-20 14:26:44", "elapsed": 158.401965, "delta": 0.000509}}
{"target": -13.497691424728458, "params": {"colsample_bytree": 0.24262717947178136, "eta": 0.04430137274517235, "gamma": 614.9302031539465, "max_depth": 8.0, "min_child_weight": 4141.803412005131, "num_boost_round": 41.0, "subsample": 0.498409513306141}, "datetime": {"datetime": "2024-01-20 14:26:44", "elapsed": 158.402463, "delta": 0.000498}}
{"target": -13.497883097203172, "params": {"colsample_bytree": 0.24262717947178136, "eta": 0.04430137274517235, "gamma": 614.9302031539465, "max_depth": 8.0, "min_child_weight": 4141.803412005131, "num_boost_round": 42.0, "subsample": 0.498409513306141}, "datetime": {"datetime": "2024-01-20 14:26:44", "elapsed": 158.402972, "delta": 0.000509}}
{"target": -13.498030671629216, "params": {"colsample_bytree": 0.24262717947178136, "eta": 0.04430137274517235, "gamma": 614.9302031539465, "max_depth": 8.0, "min_child_weight": 4141.803412005131, "num_boost_round": 43.0, "subsample": 0.498409513306141}, "datetime": {"datetime": "2024-01-20 14:26:44", "elapsed": 158.403471, "delta": 0.000499}}
{"target": -13.498084753377825, "params": {"colsample_bytree": 0.24262717947178136, "eta": 0.04430137274517235, "gamma": 614.9302031539465, "max_depth": 8.0, "min_child_weight": 4141.803412005131, "num_boost_round": 44.0, "subsample": 0.498409513306141}, "datetime": {"datetime": "2024-01-20 14:26:44", "elapsed": 158.403975, "delta": 0.000504}}
{"target": -13.498044561542002, "params": {"colsample_bytree": 0.24262717947178136, "eta": 0.04430137274517235, "gamma": 614.9302031539465, "max_depth": 8.0, "min_child_weight": 4141.803412005131, "num_boost_round": 45.0, "subsample": 0.498409513306141}, "datetime": {"datetime": "2024-01-20 14:26:44", "elapsed": 158.404486, "delta": 0.000511}}
{"target": -13.49819501856577, "params": {"colsample_bytree": 0.24262717947178136, "eta": 0.04430137274517235, "gamma": 614.9302031539465, "max_depth": 8.0, "min_child_weight": 4141.803412005131, "num_boost_round": 46.0, "subsample": 0.498409513306141}, "datetime": {"datetime": "2024-01-20 14:26:44", "elapsed": 158.404993, "delta": 0.000507}}
{"target": -13.498120002014549, "params": {"colsample_bytree": 0.24262717947178136, "eta": 0.04430137274517235, "gamma": 614.9302031539465, "max_depth": 8.0, "min_child_weight": 4141.803412005131, "num_boost_round": 47.0, "subsample": 0.498409513306141}, "datetime": {"datetime": "2024-01-20 14:26:44", "elapsed": 158.405497, "delta": 0.000504}}
{"target": -13.498022441190313, "params": {"colsample_bytree": 0.24262717947178136, "eta": 0.04430137274517235, "gamma": 614.9302031539465, "max_depth": 8.0, "min_child_weight": 4141.803412005131, "num_boost_round": 48.0, "subsample": 0.498409513306141}, "datetime": {"datetime": "2024-01-20 14:26:44", "elapsed": 158.406019, "delta": 0.000522}}
{"target": -13.49809700924845, "params": {"colsample_bytree": 0.24262717947178136, "eta": 0.04430137274517235, "gamma": 614.9302031539465, "max_depth": 8.0, "min_child_weight": 4141.803412005131, "num_boost_round": 49.0, "subsample": 0.498409513306141}, "datetime": {"datetime": "2024-01-20 14:26:44", "elapsed": 158.406526, "delta": 0.000507}}
{"target": -13.498229394243456, "params": {"colsample_bytree": 0.24262717947178136, "eta": 0.04430137274517235, "gamma": 614.9302031539465, "max_depth": 8.0, "min_child_weight": 4141.803412005131, "num_boost_round": 50.0, "subsample": 0.498409513306141}, "datetime": {"datetime": "2024-01-20 14:26:44", "elapsed": 158.407051, "delta": 0.000525}}
{"target": -13.497894560688135, "params": {"colsample_bytree": 0.11844418009844049, "eta": 0.004693290387620987, "gamma": 632.3794459937608, "max_depth": 2.0, "min_child_weight": 4104.659022023231, "num_boost_round": 1.0, "subsample": 0.7953685867528217}, "datetime": {"datetime": "2024-01-20 14:27:15", "elapsed": 189.399106, "delta": 30.992055}}
{"target": -13.497876346485324, "params": {"colsample_bytree": 0.11844418009844049, "eta": 0.004693290387620987, "gamma": 632.3794459937608, "max_depth": 2.0, "min_child_weight": 4104.659022023231, "num_boost_round": 2.0, "subsample": 0.7953685867528217}, "datetime": {"datetime": "2024-01-20 14:27:15", "elapsed": 189.400021, "delta": 0.000915}}
{"target": -13.497874734783021, "params": {"colsample_bytree": 0.11844418009844049, "eta": 0.004693290387620987, "gamma": 632.3794459937608, "max_depth": 2.0, "min_child_weight": 4104.659022023231, "num_boost_round": 3.0, "subsample": 0.7953685867528217}, "datetime": {"datetime": "2024-01-20 14:27:15", "elapsed": 189.400556, "delta": 0.000535}}
{"target": -13.497881026925299, "params": {"colsample_bytree": 0.11844418009844049, "eta": 0.004693290387620987, "gamma": 632.3794459937608, "max_depth": 2.0, "min_child_weight": 4104.659022023231, "num_boost_round": 4.0, "subsample": 0.7953685867528217}, "datetime": {"datetime": "2024-01-20 14:27:15", "elapsed": 189.401082, "delta": 0.000526}}
{"target": -13.497882387492977, "params": {"colsample_bytree": 0.11844418009844049, "eta": 0.004693290387620987, "gamma": 632.3794459937608, "max_depth": 2.0, "min_child_weight": 4104.659022023231, "num_boost_round": 5.0, "subsample": 0.7953685867528217}, "datetime": {"datetime": "2024-01-20 14:27:15", "elapsed": 189.401592, "delta": 0.00051}}
{"target": -13.497884595190586, "params": {"colsample_bytree": 0.11844418009844049, "eta": 0.004693290387620987, "gamma": 632.3794459937608, "max_depth": 2.0, "min_child_weight": 4104.659022023231, "num_boost_round": 6.0, "subsample": 0.7953685867528217}, "datetime": {"datetime": "2024-01-20 14:27:15", "elapsed": 189.40221, "delta": 0.000618}}
{"target": -13.497882517569481, "params": {"colsample_bytree": 0.11844418009844049, "eta": 0.004693290387620987, "gamma": 632.3794459937608, "max_depth": 2.0, "min_child_weight": 4104.659022023231, "num_boost_round": 7.0, "subsample": 0.7953685867528217}, "datetime": {"datetime": "2024-01-20 14:27:15", "elapsed": 189.402721, "delta": 0.000511}}
{"target": -13.497870307714944, "params": {"colsample_bytree": 0.11844418009844049, "eta": 0.004693290387620987, "gamma": 632.3794459937608, "max_depth": 2.0, "min_child_weight": 4104.659022023231, "num_boost_round": 8.0, "subsample": 0.7953685867528217}, "datetime": {"datetime": "2024-01-20 14:27:15", "elapsed": 189.403246, "delta": 0.000525}}
{"target": -13.497874266382468, "params": {"colsample_bytree": 0.11844418009844049, "eta": 0.004693290387620987, "gamma": 632.3794459937608, "max_depth": 2.0, "min_child_weight": 4104.659022023231, "num_boost_round": 9.0, "subsample": 0.7953685867528217}, "datetime": {"datetime": "2024-01-20 14:27:15", "elapsed": 189.403758, "delta": 0.000512}}
{"target": -13.497864635854327, "params": {"colsample_bytree": 0.11844418009844049, "eta": 0.004693290387620987, "gamma": 632.3794459937608, "max_depth": 2.0, "min_child_weight": 4104.659022023231, "num_boost_round": 10.0, "subsample": 0.7953685867528217}, "datetime": {"datetime": "2024-01-20 14:27:15", "elapsed": 189.404273, "delta": 0.000515}}
{"target": -13.497865266637515, "params": {"colsample_bytree": 0.11844418009844049, "eta": 0.004693290387620987, "gamma": 632.3794459937608, "max_depth": 2.0, "min_child_weight": 4104.659022023231, "num_boost_round": 11.0, "subsample": 0.7953685867528217}, "datetime": {"datetime": "2024-01-20 14:27:15", "elapsed": 189.404785, "delta": 0.000512}}
{"target": -13.497862209587911, "params": {"colsample_bytree": 0.11844418009844049, "eta": 0.004693290387620987, "gamma": 632.3794459937608, "max_depth": 2.0, "min_child_weight": 4104.659022023231, "num_boost_round": 12.0, "subsample": 0.7953685867528217}, "datetime": {"datetime": "2024-01-20 14:27:15", "elapsed": 189.405311, "delta": 0.000526}}
{"target": -13.497865237445486, "params": {"colsample_bytree": 0.11844418009844049, "eta": 0.004693290387620987, "gamma": 632.3794459937608, "max_depth": 2.0, "min_child_weight": 4104.659022023231, "num_boost_round": 13.0, "subsample": 0.7953685867528217}, "datetime": {"datetime": "2024-01-20 14:27:15", "elapsed": 189.405824, "delta": 0.000513}}
{"target": -13.497858883323346, "params": {"colsample_bytree": 0.11844418009844049, "eta": 0.004693290387620987, "gamma": 632.3794459937608, "max_depth": 2.0, "min_child_weight": 4104.659022023231, "num_boost_round": 14.0, "subsample": 0.7953685867528217}, "datetime": {"datetime": "2024-01-20 14:27:15", "elapsed": 189.406383, "delta": 0.000559}}
{"target": -13.49785268290307, "params": {"colsample_bytree": 0.11844418009844049, "eta": 0.004693290387620987, "gamma": 632.3794459937608, "max_depth": 2.0, "min_child_weight": 4104.659022023231, "num_boost_round": 15.0, "subsample": 0.7953685867528217}, "datetime": {"datetime": "2024-01-20 14:27:15", "elapsed": 189.406908, "delta": 0.000525}}
{"target": -13.497856013626764, "params": {"colsample_bytree": 0.11844418009844049, "eta": 0.004693290387620987, "gamma": 632.3794459937608, "max_depth": 2.0, "min_child_weight": 4104.659022023231, "num_boost_round": 16.0, "subsample": 0.7953685867528217}, "datetime": {"datetime": "2024-01-20 14:27:15", "elapsed": 189.407427, "delta": 0.000519}}
{"target": -13.497850907815373, "params": {"colsample_bytree": 0.11844418009844049, "eta": 0.004693290387620987, "gamma": 632.3794459937608, "max_depth": 2.0, "min_child_weight": 4104.659022023231, "num_boost_round": 17.0, "subsample": 0.7953685867528217}, "datetime": {"datetime": "2024-01-20 14:27:15", "elapsed": 189.407953, "delta": 0.000526}}
{"target": -13.49784843421398, "params": {"colsample_bytree": 0.11844418009844049, "eta": 0.004693290387620987, "gamma": 632.3794459937608, "max_depth": 2.0, "min_child_weight": 4104.659022023231, "num_boost_round": 18.0, "subsample": 0.7953685867528217}, "datetime": {"datetime": "2024-01-20 14:27:15", "elapsed": 189.408475, "delta": 0.000522}}
{"target": -13.497845892755564, "params": {"colsample_bytree": 0.11844418009844049, "eta": 0.004693290387620987, "gamma": 632.3794459937608, "max_depth": 2.0, "min_child_weight": 4104.659022023231, "num_boost_round": 19.0, "subsample": 0.7953685867528217}, "datetime": {"datetime": "2024-01-20 14:27:15", "elapsed": 189.409, "delta": 0.000525}}
{"target": -13.497834946105236, "params": {"colsample_bytree": 0.11844418009844049, "eta": 0.004693290387620987, "gamma": 632.3794459937608, "max_depth": 2.0, "min_child_weight": 4104.659022023231, "num_boost_round": 20.0, "subsample": 0.7953685867528217}, "datetime": {"datetime": "2024-01-20 14:27:15", "elapsed": 189.409523, "delta": 0.000523}}
{"target": -13.497835772092913, "params": {"colsample_bytree": 0.11844418009844049, "eta": 0.004693290387620987, "gamma": 632.3794459937608, "max_depth": 2.0, "min_child_weight": 4104.659022023231, "num_boost_round": 21.0, "subsample": 0.7953685867528217}, "datetime": {"datetime": "2024-01-20 14:27:15", "elapsed": 189.410059, "delta": 0.000536}}
{"target": -13.497830098640126, "params": {"colsample_bytree": 0.11844418009844049, "eta": 0.004693290387620987, "gamma": 632.3794459937608, "max_depth": 2.0, "min_child_weight": 4104.659022023231, "num_boost_round": 22.0, "subsample": 0.7953685867528217}, "datetime": {"datetime": "2024-01-20 14:27:15", "elapsed": 189.410593, "delta": 0.000534}}
{"target": -13.497823673031135, "params": {"colsample_bytree": 0.11844418009844049, "eta": 0.004693290387620987, "gamma": 632.3794459937608, "max_depth": 2.0, "min_child_weight": 4104.659022023231, "num_boost_round": 23.0, "subsample": 0.7953685867528217}, "datetime": {"datetime": "2024-01-20 14:27:15", "elapsed": 189.411135, "delta": 0.000542}}
{"target": -13.497817607426345, "params": {"colsample_bytree": 0.11844418009844049, "eta": 0.004693290387620987, "gamma": 632.3794459937608, "max_depth": 2.0, "min_child_weight": 4104.659022023231, "num_boost_round": 24.0, "subsample": 0.7953685867528217}, "datetime": {"datetime": "2024-01-20 14:27:15", "elapsed": 189.411782, "delta": 0.000647}}
{"target": -13.497807249893818, "params": {"colsample_bytree": 0.11844418009844049, "eta": 0.004693290387620987, "gamma": 632.3794459937608, "max_depth": 2.0, "min_child_weight": 4104.659022023231, "num_boost_round": 25.0, "subsample": 0.7953685867528217}, "datetime": {"datetime": "2024-01-20 14:27:15", "elapsed": 189.412318, "delta": 0.000536}}
{"target": -13.497795802125339, "params": {"colsample_bytree": 0.11844418009844049, "eta": 0.004693290387620987, "gamma": 632.3794459937608, "max_depth": 2.0, "min_child_weight": 4104.659022023231, "num_boost_round": 26.0, "subsample": 0.7953685867528217}, "datetime": {"datetime": "2024-01-20 14:27:15", "elapsed": 189.412856, "delta": 0.000538}}
{"target": -13.497787354721392, "params": {"colsample_bytree": 0.11844418009844049, "eta": 0.004693290387620987, "gamma": 632.3794459937608, "max_depth": 2.0, "min_child_weight": 4104.659022023231, "num_boost_round": 27.0, "subsample": 0.7953685867528217}, "datetime": {"datetime": "2024-01-20 14:27:15", "elapsed": 189.413384, "delta": 0.000528}}
{"target": -13.497788259791774, "params": {"colsample_bytree": 0.11844418009844049, "eta": 0.004693290387620987, "gamma": 632.3794459937608, "max_depth": 2.0, "min_child_weight": 4104.659022023231, "num_boost_round": 28.0, "subsample": 0.7953685867528217}, "datetime": {"datetime": "2024-01-20 14:27:15", "elapsed": 189.413917, "delta": 0.000533}}
{"target": -13.497777874076291, "params": {"colsample_bytree": 0.11844418009844049, "eta": 0.004693290387620987, "gamma": 632.3794459937608, "max_depth": 2.0, "min_child_weight": 4104.659022023231, "num_boost_round": 29.0, "subsample": 0.7953685867528217}, "datetime": {"datetime": "2024-01-20 14:27:15", "elapsed": 189.414447, "delta": 0.00053}}
{"target": -13.4977786717947, "params": {"colsample_bytree": 0.11844418009844049, "eta": 0.004693290387620987, "gamma": 632.3794459937608, "max_depth": 2.0, "min_child_weight": 4104.659022023231, "num_boost_round": 30.0, "subsample": 0.7953685867528217}, "datetime": {"datetime": "2024-01-20 14:27:15", "elapsed": 189.415082, "delta": 0.000635}}
{"target": -13.497774474150013, "params": {"colsample_bytree": 0.11844418009844049, "eta": 0.004693290387620987, "gamma": 632.3794459937608, "max_depth": 2.0, "min_child_weight": 4104.659022023231, "num_boost_round": 31.0, "subsample": 0.7953685867528217}, "datetime": {"datetime": "2024-01-20 14:27:15", "elapsed": 189.41571, "delta": 0.000628}}
{"target": -13.497776457944635, "params": {"colsample_bytree": 0.11844418009844049, "eta": 0.004693290387620987, "gamma": 632.3794459937608, "max_depth": 2.0, "min_child_weight": 4104.659022023231, "num_boost_round": 32.0, "subsample": 0.7953685867528217}, "datetime": {"datetime": "2024-01-20 14:27:15", "elapsed": 189.41635, "delta": 0.00064}}
{"target": -13.497777268928232, "params": {"colsample_bytree": 0.11844418009844049, "eta": 0.004693290387620987, "gamma": 632.3794459937608, "max_depth": 2.0, "min_child_weight": 4104.659022023231, "num_boost_round": 33.0, "subsample": 0.7953685867528217}, "datetime": {"datetime": "2024-01-20 14:27:15", "elapsed": 189.416896, "delta": 0.000546}}
{"target": -13.49777649663915, "params": {"colsample_bytree": 0.11844418009844049, "eta": 0.004693290387620987, "gamma": 632.3794459937608, "max_depth": 2.0, "min_child_weight": 4104.659022023231, "num_boost_round": 34.0, "subsample": 0.7953685867528217}, "datetime": {"datetime": "2024-01-20 14:27:15", "elapsed": 189.41744, "delta": 0.000544}}
{"target": -13.497779039280791, "params": {"colsample_bytree": 0.11844418009844049, "eta": 0.004693290387620987, "gamma": 632.3794459937608, "max_depth": 2.0, "min_child_weight": 4104.659022023231, "num_boost_round": 35.0, "subsample": 0.7953685867528217}, "datetime": {"datetime": "2024-01-20 14:27:15", "elapsed": 189.417991, "delta": 0.000551}}
