{"target": -12.354409809405773, "params": {"colsample_bytree": 0.9699642159640177, "eta": 0.07375688145744344, "gamma": 543.0765080966389, "max_depth": 3.0, "min_child_weight": 4191.939925971833, "num_boost_round": 80.0, "subsample": 0.9201227861569495}, "datetime": {"datetime": "2024-01-20 14:31:17", "elapsed": 443.940305, "delta": 0.001035}}
{"target": -12.354299256303701, "params": {"colsample_bytree": 0.9699642159640177, "eta": 0.07375688145744344, "gamma": 543.0765080966389, "max_depth": 3.0, "min_child_weight": 4191.939925971833, "num_boost_round": 81.0, "subsample": 0.9201227861569495}, "datetime": {"datetime": "2024-01-20 14:31:17", "elapsed": 443.941387, "delta": 0.001082}}
{"target": -12.354329320093527, "params": {"colsample_bytree": 0.9699642159640177, "eta": 0.07375688145744344, "gamma": 543.0765080966389, "max_depth": 3.0, "min_child_weight": 4191.939925971833, "num_boost_round": 82.0, "subsample": 0.9201227861569495}, "datetime": {"datetime": "2024-01-20 14:31:17", "elapsed": 443.942432, "delta": 0.001045}}
{"target": -12.35456554231042, "params": {"colsample_bytree": 0.9699642159640177, "eta": 0.07375688145744344, "gamma": 543.0765080966389, "max_depth": 3.0, "min_child_weight": 4191.939925971833, "num_boost_round": 83.0, "subsample": 0.9201227861569495}, "datetime": {"datetime": "2024-01-20 14:31:17", "elapsed": 443.943448, "delta": 0.001016}}
{"target": -12.35492947596468, "params": {"colsample_bytree": 0.9699642159640177, "eta": 0.07375688145744344, "gamma": 543.0765080966389, "max_depth": 3.0, "min_child_weight": 4191.939925971833, "num_boost_round": 84.0, "subsample": 0.9201227861569495}, "datetime": {"datetime": "2024-01-20 14:31:17", "elapsed": 443.944503, "delta": 0.001055}}
{"target": -12.354984509529167, "params": {"colsample_bytree": 0.9699642159640177, "eta": 0.07375688145744344, "gamma": 543.0765080966389, "max_depth": 3.0, "min_child_weight": 4191.939925971833, "num_boost_round": 85.0, "subsample": 0.9201227861569495}, "datetime": {"datetime": "2024-01-20 14:31:17", "elapsed": 443.945523, "delta": 0.00102}}
{"target": -12.354976862258024, "params": {"colsample_bytree": 0.9699642159640177, "eta": 0.07375688145744344, "gamma": 543.0765080966389, "max_depth": 3.0, "min_child_weight": 4191.939925971833, "num_boost_round": 86.0, "subsample": 0.9201227861569495}, "datetime": {"datetime": "2024-01-20 14:31:17", "elapsed": 443.94655, "delta": 0.001027}}
{"target": -12.355023710730636, "params": {"colsample_bytree": 0.9699642159640177, "eta": 0.07375688145744344, "gamma": 543.0765080966389, "max_depth": 3.0, "min_child_weight": 4191.939925971833, "num_boost_round": 87.0, "subsample": 0.9201227861569495}, "datetime": {"datetime": "2024-01-20 14:31:17", "elapsed": 443.947567, "delta": 0.001017}}
{"target": -12.355095992437263, "params": {"colsample_bytree": 0.9699642159640177, "eta": 0.07375688145744344, "gamma": 543.0765080966389, "max_depth": 3.0, "min_child_weight": 4191.939925971833, "num_boost_round": 88.0, "subsample": 0.9201227861569495}, "datetime": {"datetime": "2024-01-20 14:31:17", "elapsed": 443.948595, "delta": 0.001028}}
{"target": -12.355367595071762, "params": {"colsample_bytree": 0.9699642159640177, "eta": 0.07375688145744344, "gamma": 543.0765080966389, "max_depth": 3.0, "min_child_weight": 4191.939925971833, "num_boost_round": 89.0, "subsample": 0.9201227861569495}, "datetime": {"datetime": "2024-01-20 14:31:17", "elapsed": 443.949617, "delta": 0.001022}}
{"target": -12.355626648761508, "params": {"colsample_bytree": 0.9699642159640177, "eta": 0.07375688145744344, "gamma": 543.0765080966389, "max_depth": 3.0, "min_child_weight": 4191.939925971833, "num_boost_round": 90.0, "subsample": 0.9201227861569495}, "datetime": {"datetime": "2024-01-20 14:31:17", "elapsed": 443.950637, "delta": 0.00102}}
{"target": -12.355596627376077, "params": {"colsample_bytree": 0.9699642159640177, "eta": 0.07375688145744344, "gamma": 543.0765080966389, "max_depth": 3.0, "min_child_weight": 4191.939925971833, "num_boost_round": 91.0, "subsample": 0.9201227861569495}, "datetime": {"datetime": "2024-01-20 14:31:17", "elapsed": 443.951667, "delta": 0.00103}}
{"target": -12.355620820321201, "params": {"colsample_bytree": 0.9699642159640177, "eta": 0.07375688145744344, "gamma": 543.0765080966389, "max_depth": 3.0, "min_child_weight": 4191.939925971833, "num_boost_round": 92.0, "subsample": 0.9201227861569495}, "datetime": {"datetime": "2024-01-20 14:31:17", "elapsed": 443.952695, "delta": 0.001028}}
{"target": -12.355662191598057, "params": {"colsample_bytree": 0.9699642159640177, "eta": 0.07375688145744344, "gamma": 543.0765080966389, "max_depth": 3.0, "min_child_weight": 4191.939925971833, "num_boost_round": 93.0, "subsample": 0.9201227861569495}, "datetime": {"datetime": "2024-01-20 14:31:17", "elapsed": 443.953731, "delta": 0.001036}}
{"target": -12.355655025003248, "params": {"colsample_bytree": 0.9699642159640177, "eta": 0.07375688145744344, "gamma": 543.0765080966389, "max_depth": 3.0, "min_child_weight": 4191.939925971833, "num_boost_round": 94.0, "subsample": 0.9201227861569495}, "datetime": {"datetime": "2024-01-20 14:31:17", "elapsed": 443.954762, "delta": 0.001031}}
{"target": -12.355623054065882, "params": {"colsample_bytree": 0.9699642159640177, "eta": 0.07375688145744344, "gamma": 543.0765080966389, "max_depth": 3.0, "min_child_weight": 4191.939925971833, "num_boost_round": 95.0, "subsample": 0.9201227861569495}, "datetime": {"datetime": "2024-01-20 14:31:17", "elapsed": 443.955804, "delta": 0.001042}}
{"target": -12.356353699950063, "params": {"colsample_bytree": 0.47279199100193525, "eta": 0.0914455427976721, "gamma": 621.2352152020172, "max_depth": 8.0, "min_child_weight": 4234.636806879321, "num_boost_round": 1.0, "subsample": 0.7776489949817477}, "datetime": {"datetime": "2024-01-20 14:31:53", "elapsed": 480.23617, "delta": 36.280366}}
{"target": -12.3544426646407, "params": {"colsample_bytree": 0.47279199100193525, "eta": 0.0914455427976721, "gamma": 621.2352152020172, "max_depth": 8.0, "min_child_weight": 4234.636806879321, "num_boost_round": 2.0, "subsample": 0.7776489949817477}, "datetime": {"datetime": "2024-01-20 14:31:53", "elapsed": 480.239518, "delta": 0.003348}}
{"target": -12.349905424183028, "params": {"colsample_bytree": 0.47279199100193525, "eta": 0.0914455427976721, "gamma": 621.2352152020172, "max_depth": 8.0, "min_child_weight": 4234.636806879321, "num_boost_round": 3.0, "subsample": 0.7776489949817477}, "datetime": {"datetime": "2024-01-20 14:31:53", "elapsed": 480.240713, "delta": 0.001195}}
{"target": -12.350499022298383, "params": {"colsample_bytree": 0.47279199100193525, "eta": 0.0914455427976721, "gamma": 621.2352152020172, "max_depth": 8.0, "min_child_weight": 4234.636806879321, "num_boost_round": 4.0, "subsample": 0.7776489949817477}, "datetime": {"datetime": "2024-01-20 14:31:53", "elapsed": 480.241995, "delta": 0.001282}}
{"target": -12.347498543479226, "params": {"colsample_bytree": 0.47279199100193525, "eta": 0.0914455427976721, "gamma": 621.2352152020172, "max_depth": 8.0, "min_child_weight": 4234.636806879321, "num_boost_round": 5.0, "subsample": 0.7776489949817477}, "datetime": {"datetime": "2024-01-20 14:31:53", "elapsed": 480.243079, "delta": 0.001084}}
{"target": -12.345133992940656, "params": {"colsample_bytree": 0.47279199100193525, "eta": 0.0914455427976721, "gamma": 621.2352152020172, "max_depth": 8.0, "min_child_weight": 4234.636806879321, "num_boost_round": 6.0, "subsample": 0.7776489949817477}, "datetime": {"datetime": "2024-01-20 14:31:53", "elapsed": 480.244169, "delta": 0.00109}}
{"target": -12.344894133937558, "params": {"colsample_bytree": 0.47279199100193525, "eta": 0.0914455427976721, "gamma": 621.2352152020172, "max_depth": 8.0, "min_child_weight": 4234.636806879321, "num_boost_round": 7.0, "subsample": 0.7776489949817477}, "datetime": {"datetime": "2024-01-20 14:31:53", "elapsed": 480.245294, "delta": 0.001125}}
{"target": -12.344058141940998, "params": {"colsample_bytree": 0.47279199100193525, "eta": 0.0914455427976721, "gamma": 621.2352152020172, "max_depth": 8.0, "min_child_weight": 4234.636806879321, "num_boost_round": 8.0, "subsample": 0.7776489949817477}, "datetime": {"datetime": "2024-01-20 14:31:53", "elapsed": 480.246356, "delta": 0.001062}}
{"target": -12.344286073941369, "params": {"colsample_bytree": 0.47279199100193525, "eta": 0.0914455427976721, "gamma": 621.2352152020172, "max_depth": 8.0, "min_child_weight": 4234.636806879321, "num_boost_round": 9.0, "subsample": 0.7776489949817477}, "datetime": {"datetime": "2024-01-20 14:31:53", "elapsed": 480.247425, "delta": 0.001069}}
{"target": -12.343984590194967, "params": {"colsample_bytree": 0.47279199100193525, "eta": 0.0914455427976721, "gamma": 621.2352152020172, "max_depth": 8.0, "min_child_weight": 4234.636806879321, "num_boost_round": 10.0, "subsample": 0.7776489949817477}, "datetime": {"datetime": "2024-01-20 14:31:53", "elapsed": 480.24849, "delta": 0.001065}}
{"target": -12.343219398174146, "params": {"colsample_bytree": 0.47279199100193525, "eta": 0.0914455427976721, "gamma": 621.2352152020172, "max_depth": 8.0, "min_child_weight": 4234.636806879321, "num_boost_round": 11.0, "subsample": 0.7776489949817477}, "datetime": {"datetime": "2024-01-20 14:31:53", "elapsed": 480.249553, "delta": 0.001063}}
{"target": -12.344163106330214, "params": {"colsample_bytree": 0.47279199100193525, "eta": 0.0914455427976721, "gamma": 621.2352152020172, "max_depth": 8.0, "min_child_weight": 4234.636806879321, "num_boost_round": 12.0, "subsample": 0.7776489949817477}, "datetime": {"datetime": "2024-01-20 14:31:53", "elapsed": 480.250618, "delta": 0.001065}}
{"target": -12.344896843211878, "params": {"colsample_bytree": 0.47279199100193525, "eta": 0.0914455427976721, "gamma": 621.2352152020172, "max_depth": 8.0, "min_child_weight": 4234.636806879321, "num_boost_round": 13.0, "subsample": 0.7776489949817477}, "datetime": {"datetime": "2024-01-20 14:31:53", "elapsed": 480.251679, "delta": 0.001061}}
{"target": -12.345172387643434, "params": {"colsample_bytree": 0.47279199100193525, "eta": 0.0914455427976721, "gamma": 621.2352152020172, "max_depth": 8.0, "min_child_weight": 4234.636806879321, "num_boost_round": 14.0, "subsample": 0.7776489949817477}, "datetime": {"datetime": "2024-01-20 14:31:53", "elapsed": 480.252774, "delta": 0.001095}}
{"target": -12.344885028968886, "params": {"colsample_bytree": 0.47279199100193525, "eta": 0.0914455427976721, "gamma": 621.2352152020172, "max_depth": 8.0, "min_child_weight": 4234.636806879321, "num_boost_round": 15.0, "subsample": 0.7776489949817477}, "datetime": {"datetime": "2024-01-20 14:31:53", "elapsed": 480.253838, "delta": 0.001064}}
{"target": -12.344940768215528, "params": {"colsample_bytree": 0.47279199100193525, "eta": 0.0914455427976721, "gamma": 621.2352152020172, "max_depth": 8.0, "min_child_weight": 4234.636806879321, "num_boost_round": 16.0, "subsample": 0.7776489949817477}, "datetime": {"datetime": "2024-01-20 14:31:53", "elapsed": 480.254899, "delta": 0.001061}}
{"target": -12.345001876114772, "params": {"colsample_bytree": 0.47279199100193525, "eta": 0.0914455427976721, "gamma": 621.2352152020172, "max_depth": 8.0, "min_child_weight": 4234.636806879321, "num_boost_round": 17.0, "subsample": 0.7776489949817477}, "datetime": {"datetime": "2024-01-20 14:31:53", "elapsed": 480.255973, "delta": 0.001074}}
{"target": -12.345082661629316, "params": {"colsample_bytree": 0.47279199100193525, "eta": 0.0914455427976721, "gamma": 621.2352152020172, "max_depth": 8.0, "min_child_weight": 4234.636806879321, "num_boost_round": 18.0, "subsample": 0.7776489949817477}, "datetime": {"datetime": "2024-01-20 14:31:53", "elapsed": 480.257038, "delta": 0.001065}}
{"target": -12.345143184755512, "params": {"colsample_bytree": 0.47279199100193525, "eta": 0.0914455427976721, "gamma": 621.2352152020172, "max_depth": 8.0, "min_child_weight": 4234.636806879321, "num_boost_round": 19.0, "subsample": 0.7776489949817477}, "datetime": {"datetime": "2024-01-20 14:31:53", "elapsed": 480.25824, "delta": 0.001202}}
{"target": -12.34634713636927, "params": {"colsample_bytree": 0.47279199100193525, "eta": 0.0914455427976721, "gamma": 621.2352152020172, "max_depth": 8.0, "min_child_weight": 4234.636806879321, "num_boost_round": 20.0, "subsample": 0.7776489949817477}, "datetime": {"datetime": "2024-01-20 14:31:53", "elapsed": 480.259319, "delta": 0.001079}}
{"target": -12.34654359173567, "params": {"colsample_bytree": 0.47279199100193525, "eta": 0.0914455427976721, "gamma": 621.2352152020172, "max_depth": 8.0, "min_child_weight": 4234.636806879321, "num_boost_round": 21.0, "subsample": 0.7776489949817477}, "datetime": {"datetime": "2024-01-20 14:31:53", "elapsed": 480.260399, "delta": 0.00108}}
{"target": -12.347158024748856, "params": {"colsample_bytree": 0.47279199100193525, "eta": 0.0914455427976721, "gamma": 621.2352152020172, "max_depth": 8.0, "min_child_weight": 4234.636806879321, "num_boost_round": 22.0, "subsample": 0.7776489949817477}, "datetime": {"datetime": "2024-01-20 14:31:53", "elapsed": 480.261686, "delta": 0.001287}}
{"target": -12.34695938594174, "params": {"colsample_bytree": 0.47279199100193525, "eta": 0.0914455427976721, "gamma": 621.2352152020172, "max_depth": 8.0, "min_child_weight": 4234.636806879321, "num_boost_round": 23.0, "subsample": 0.7776489949817477}, "datetime": {"datetime": "2024-01-20 14:31:53", "elapsed": 480.262936, "delta": 0.00125}}
{"target": -12.347846518054503, "params": {"colsample_bytree": 0.47279199100193525, "eta": 0.0914455427976721, "gamma": 621.2352152020172, "max_depth": 8.0, "min_child_weight": 4234.636806879321, "num_boost_round": 24.0, "subsample": 0.7776489949817477}, "datetime": {"datetime": "2024-01-20 14:31:53", "elapsed": 480.264193, "delta": 0.001257}}
{"target": -12.348461386143123, "params": {"colsample_bytree": 0.47279199100193525, "eta": 0.0914455427976721, "gamma": 621.2352152020172, "max_depth": 8.0, "min_child_weight": 4234.636806879321, "num_boost_round": 25.0, "subsample": 0.7776489949817477}, "datetime": {"datetime": "2024-01-20 14:31:53", "elapsed": 480.265317, "delta": 0.001124}}
{"target": -12.349272412297083, "params": {"colsample_bytree": 0.47279199100193525, "eta": 0.0914455427976721, "gamma": 621.2352152020172, "max_depth": 8.0, "min_child_weight": 4234.636806879321, "num_boost_round": 26.0, "subsample": 0.7776489949817477}, "datetime": {"datetime": "2024-01-20 14:31:53", "elapsed": 480.266448, "delta": 0.001131}}
{"target": -12.349607535448055, "params": {"colsample_bytree": 0.47279199100193525, "eta": 0.0914455427976721, "gamma": 621.2352152020172, "max_depth": 8.0, "min_child_weight": 4234.636806879321, "num_boost_round": 27.0, "subsample": 0.7776489949817477}, "datetime": {"datetime": "2024-01-20 14:31:53", "elapsed": 480.267634, "delta": 0.001186}}
{"target": -12.349560360023673, "params": {"colsample_bytree": 0.47279199100193525, "eta": 0.0914455427976721, "gamma": 621.2352152020172, "max_depth": 8.0, "min_child_weight": 4234.636806879321, "num_boost_round": 28.0, "subsample": 0.7776489949817477}, "datetime": {"datetime": "2024-01-20 14:31:53", "elapsed": 480.268797, "delta": 0.001163}}
{"target": -12.349665453082531, "params": {"colsample_bytree": 0.47279199100193525, "eta": 0.0914455427976721, "gamma": 621.2352152020172, "max_depth": 8.0, "min_child_weight": 4234.636806879321, "num_boost_round": 29.0, "subsample": 0.7776489949817477}, "datetime": {"datetime": "2024-01-20 14:31:53", "elapsed": 480.269978, "delta": 0.001181}}
{"target": -12.349537027428163, "params": {"colsample_bytree": 0.47279199100193525, "eta": 0.0914455427976721, "gamma": 621.2352152020172, "max_depth": 8.0, "min_child_weight": 4234.636806879321, "num_boost_round": 30.0, "subsample": 0.7776489949817477}, "datetime": {"datetime": "2024-01-20 14:31:53", "elapsed": 480.271145, "delta": 0.001167}}
{"target": -12.348856155825374, "params": {"colsample_bytree": 0.47279199100193525, "eta": 0.0914455427976721, "gamma": 621.2352152020172, "max_depth": 8.0, "min_child_weight": 4234.636806879321, "num_boost_round": 31.0, "subsample": 0.7776489949817477}, "datetime": {"datetime": "2024-01-20 14:31:53", "elapsed": 480.272295, "delta": 0.00115}}
{"target": -12.348591527359742, "params": {"colsample_bytree": 0.47279199100193525, "eta": 0.0914455427976721, "gamma": 621.2352152020172, "max_depth": 8.0, "min_child_weight": 4234.636806879321, "num_boost_round": 32.0, "subsample": 0.7776489949817477}, "datetime": {"datetime": "2024-01-20 14:31:53", "elapsed": 480.273452, "delta": 0.001157}}
{"target": -12.348908524191042, "params": {"colsample_bytree": 0.47279199100193525, "eta": 0.0914455427976721, "gamma": 621.2352152020172, "max_depth": 8.0, "min_child_weight": 4234.636806879321, "num_boost_round": 33.0, "subsample": 0.7776489949817477}, "datetime": {"datetime": "2024-01-20 14:31:53", "elapsed": 480.274624, "delta": 0.001172}}
{"target": -12.349554836462103, "params": {"colsample_bytree": 0.47279199100193525, "eta": 0.0914455427976721, "gamma": 621.2352152020172, "max_depth": 8.0, "min_child_weight": 4234.636806879321, "num_boost_round": 34.0, "subsample": 0.7776489949817477}, "datetime": {"datetime": "2024-01-20 14:31:53", "elapsed": 480.275798, "delta": 0.001174}}
{"target": -12.34943641577791, "params": {"colsample_bytree": 0.47279199100193525, "eta": 0.0914455427976721, "gamma": 621.2352152020172, "max_depth": 8.0, "min_child_weight": 4234.636806879321, "num_boost_round": 35.0, "subsample": 0.7776489949817477}, "datetime": {"datetime": "2024-01-20 14:31:54", "elapsed": 480.276976, "delta": 0.001178}}
{"target": -12.349558041412728, "params": {"colsample_bytree": 0.47279199100193525, "eta": 0.0914455427976721, "gamma": 621.2352152020172, "max_depth": 8.0, "min_child_weight": 4234.636806879321, "num_boost_round": 36.0, "subsample": 0.7776489949817477}, "datetime": {"datetime": "2024-01-20 14:31:54", "elapsed": 480.278178, "delta": 0.001202}}
{"target": -12.3494135572229, "params": {"colsample_bytree": 0.47279199100193525, "eta": 0.0914455427976721, "gamma": 621.2352152020172, "max_depth": 8.0, "min_child_weight": 4234.636806879321, "num_boost_round": 37.0, "subsample": 0.7776489949817477}, "datetime": {"datetime": "2024-01-20 14:31:54", "elapsed": 480.279356, "delta": 0.001178}}
{"target": -12.34950758718407, "params": {"colsample_bytree": 0.47279199100193525, "eta": 0.0914455427976721, "gamma": 621.2352152020172, "max_depth": 8.0, "min_child_weight": 4234.636806879321, "num_boost_round": 38.0, "subsample": 0.7776489949817477}, "datetime": {"datetime": "2024-01-20 14:31:54", "elapsed": 480.280509, "delta": 0.001153}}
{"target": -12.35020478017367, "params": {"colsample_bytree": 0.47279199100193525, "eta": 0.0914455427976721, "gamma": 621.2352152020172, "max_depth": 8.0, "min_child_weight": 4234.636806879321, "num_boost_round": 39.0, "subsample": 0.7776489949817477}, "datetime": {"datetime": "2024-01-20 14:31:54", "elapsed": 480.281668, "delta": 0.001159}}
{"target": -12.351107989353123, "params": {"colsample_bytree": 0.47279199100193525, "eta": 0.0914455427976721, "gamma": 621.2352152020172, "max_depth": 8.0, "min_child_weight": 4234.636806879321, "num_boost_round": 40.0, "subsample": 0.7776489949817477}, "datetime": {"datetime": "2024-01-20 14:31:54", "elapsed": 480.28284, "delta": 0.001172}}
{"target": -12.350954487851116, "params": {"colsample_bytree": 0.47279199100193525, "eta": 0.0914455427976721, "gamma": 621.2352152020172, "max_depth": 8.0, "min_child_weight": 4234.636806879321, "num_boost_round": 41.0, "subsample": 0.7776489949817477}, "datetime": {"datetime": "2024-01-20 14:31:54", "elapsed": 480.284015, "delta": 0.001175}}
{"target": -12.351755832167939, "params": {"colsample_bytree": 0.47279199100193525, "eta": 0.0914455427976721, "gamma": 621.2352152020172, "max_depth": 8.0, "min_child_weight": 4234.636806879321, "num_boost_round": 42.0, "subsample": 0.7776489949817477}, "datetime": {"datetime": "2024-01-20 14:31:54", "elapsed": 480.285194, "delta": 0.001179}}
{"target": -12.352039831838923, "params": {"colsample_bytree": 0.47279199100193525, "eta": 0.0914455427976721, "gamma": 621.2352152020172, "max_depth": 8.0, "min_child_weight": 4234.636806879321, "num_boost_round": 43.0, "subsample": 0.7776489949817477}, "datetime": {"datetime": "2024-01-20 14:31:54", "elapsed": 480.286355, "delta": 0.001161}}
{"target": -12.357733649780265, "params": {"colsample_bytree": 0.35766694969795654, "eta": 0.029080570118240622, "gamma": 549.3606719606123, "max_depth": 2.0, "min_child_weight": 4235.47309759774, "num_boost_round": 1.0, "subsample": 0.9045479007913418}, "datetime": {"datetime": "2024-01-20 14:32:14", "elapsed": 500.472384, "delta": 20.186029}}
{"target": -12.357076945026357, "params": {"colsample_bytree": 0.35766694969795654, "eta": 0.029080570118240622, "gamma": 549.3606719606123, "max_depth": 2.0, "min_child_weight": 4235.47309759774, "num_boost_round": 2.0, "subsample": 0.9045479007913418}, "datetime": {"datetime": "2024-01-20 14:32:14", "elapsed": 500.474683, "delta": 0.002299}}
{"target": -12.355553847528284, "params": {"colsample_bytree": 0.35766694969795654, "eta": 0.029080570118240622, "gamma": 549.3606719606123, "max_depth": 2.0, "min_child_weight": 4235.47309759774, "num_boost_round": 3.0, "subsample": 0.9045479007913418}, "datetime": {"datetime": "2024-01-20 14:32:14", "elapsed": 500.476197, "delta": 0.001514}}
{"target": -12.35570943346381, "params": {"colsample_bytree": 0.35766694969795654, "eta": 0.029080570118240622, "gamma": 549.3606719606123, "max_depth": 2.0, "min_child_weight": 4235.47309759774, "num_boost_round": 4.0, "subsample": 0.9045479007913418}, "datetime": {"datetime": "2024-01-20 14:32:14", "elapsed": 500.477558, "delta": 0.001361}}
