{"target": -10.302960898847491, "params": {"colsample_bytree": 0.613171609378964, "eta": 0.06454128131654072, "gamma": 563.1273226020068, "max_depth": 3.0, "min_child_weight": 4101.434925987952, "num_boost_round": 13.0, "subsample": 0.9272256416809713}, "datetime": {"datetime": "2024-01-20 13:34:48", "elapsed": 786.25969, "delta": 0.000896}}
{"target": -10.303085817537703, "params": {"colsample_bytree": 0.613171609378964, "eta": 0.06454128131654072, "gamma": 563.1273226020068, "max_depth": 3.0, "min_child_weight": 4101.434925987952, "num_boost_round": 14.0, "subsample": 0.9272256416809713}, "datetime": {"datetime": "2024-01-20 13:34:48", "elapsed": 786.260533, "delta": 0.000843}}
{"target": -10.30338987208236, "params": {"colsample_bytree": 0.613171609378964, "eta": 0.06454128131654072, "gamma": 563.1273226020068, "max_depth": 3.0, "min_child_weight": 4101.434925987952, "num_boost_round": 15.0, "subsample": 0.9272256416809713}, "datetime": {"datetime": "2024-01-20 13:34:48", "elapsed": 786.261389, "delta": 0.000856}}
{"target": -10.303685209074246, "params": {"colsample_bytree": 0.613171609378964, "eta": 0.06454128131654072, "gamma": 563.1273226020068, "max_depth": 3.0, "min_child_weight": 4101.434925987952, "num_boost_round": 16.0, "subsample": 0.9272256416809713}, "datetime": {"datetime": "2024-01-20 13:34:48", "elapsed": 786.262356, "delta": 0.000967}}
{"target": -10.297704433842323, "params": {"colsample_bytree": 0.411999869102736, "eta": 0.07806255283564063, "gamma": 736.8134463931436, "max_depth": 9.0, "min_child_weight": 4184.717547576219, "num_boost_round": 1.0, "subsample": 0.5390834021552313}, "datetime": {"datetime": "2024-01-20 13:35:15", "elapsed": 813.16336, "delta": 26.901004}}
{"target": -10.297862399141675, "params": {"colsample_bytree": 0.411999869102736, "eta": 0.07806255283564063, "gamma": 736.8134463931436, "max_depth": 9.0, "min_child_weight": 4184.717547576219, "num_boost_round": 2.0, "subsample": 0.5390834021552313}, "datetime": {"datetime": "2024-01-20 13:35:15", "elapsed": 813.164624, "delta": 0.001264}}
{"target": -10.29806642889329, "params": {"colsample_bytree": 0.411999869102736, "eta": 0.07806255283564063, "gamma": 736.8134463931436, "max_depth": 9.0, "min_child_weight": 4184.717547576219, "num_boost_round": 3.0, "subsample": 0.5390834021552313}, "datetime": {"datetime": "2024-01-20 13:35:15", "elapsed": 813.16558, "delta": 0.000956}}
{"target": -10.298190702982845, "params": {"colsample_bytree": 0.411999869102736, "eta": 0.07806255283564063, "gamma": 736.8134463931436, "max_depth": 9.0, "min_child_weight": 4184.717547576219, "num_boost_round": 4.0, "subsample": 0.5390834021552313}, "datetime": {"datetime": "2024-01-20 13:35:15", "elapsed": 813.167048, "delta": 0.001468}}
{"target": -10.299085429852926, "params": {"colsample_bytree": 0.411999869102736, "eta": 0.07806255283564063, "gamma": 736.8134463931436, "max_depth": 9.0, "min_child_weight": 4184.717547576219, "num_boost_round": 5.0, "subsample": 0.5390834021552313}, "datetime": {"datetime": "2024-01-20 13:35:15", "elapsed": 813.168142, "delta": 0.001094}}
{"target": -10.299786308301622, "params": {"colsample_bytree": 0.411999869102736, "eta": 0.07806255283564063, "gamma": 736.8134463931436, "max_depth": 9.0, "min_child_weight": 4184.717547576219, "num_boost_round": 6.0, "subsample": 0.5390834021552313}, "datetime": {"datetime": "2024-01-20 13:35:15", "elapsed": 813.169225, "delta": 0.001083}}
{"target": -10.298424188532977, "params": {"colsample_bytree": 0.6400859154222911, "eta": 0.048118488663744095, "gamma": 670.2375578727962, "max_depth": 7.0, "min_child_weight": 4230.803034202497, "num_boost_round": 1.0, "subsample": 0.5716624325263113}, "datetime": {"datetime": "2024-01-20 13:35:36", "elapsed": 834.734569, "delta": 21.565344}}
{"target": -10.29873756781697, "params": {"colsample_bytree": 0.6400859154222911, "eta": 0.048118488663744095, "gamma": 670.2375578727962, "max_depth": 7.0, "min_child_weight": 4230.803034202497, "num_boost_round": 2.0, "subsample": 0.5716624325263113}, "datetime": {"datetime": "2024-01-20 13:35:36", "elapsed": 834.737599, "delta": 0.00303}}
{"target": -10.2984721862743, "params": {"colsample_bytree": 0.7220499521999312, "eta": 0.05275139325024809, "gamma": 715.4579507633165, "max_depth": 4.0, "min_child_weight": 3919.665873807582, "num_boost_round": 1.0, "subsample": 0.3505586697895562}, "datetime": {"datetime": "2024-01-20 13:35:57", "elapsed": 855.532532, "delta": 20.794933}}
{"target": -10.298482692989761, "params": {"colsample_bytree": 0.7220499521999312, "eta": 0.05275139325024809, "gamma": 715.4579507633165, "max_depth": 4.0, "min_child_weight": 3919.665873807582, "num_boost_round": 2.0, "subsample": 0.3505586697895562}, "datetime": {"datetime": "2024-01-20 13:35:57", "elapsed": 855.534364, "delta": 0.001832}}
{"target": -10.29850999310191, "params": {"colsample_bytree": 0.9524023144297681, "eta": 0.02506096773811069, "gamma": 677.1227005533862, "max_depth": 4.0, "min_child_weight": 4288.109303561726, "num_boost_round": 1.0, "subsample": 0.5296448992317143}, "datetime": {"datetime": "2024-01-20 13:36:20", "elapsed": 878.400003, "delta": 22.865639}}
{"target": -10.298513820051886, "params": {"colsample_bytree": 0.9524023144297681, "eta": 0.02506096773811069, "gamma": 677.1227005533862, "max_depth": 4.0, "min_child_weight": 4288.109303561726, "num_boost_round": 2.0, "subsample": 0.5296448992317143}, "datetime": {"datetime": "2024-01-20 13:36:20", "elapsed": 878.402067, "delta": 0.002064}}
{"target": -10.298555507552877, "params": {"colsample_bytree": 0.9524023144297681, "eta": 0.02506096773811069, "gamma": 677.1227005533862, "max_depth": 4.0, "min_child_weight": 4288.109303561726, "num_boost_round": 3.0, "subsample": 0.5296448992317143}, "datetime": {"datetime": "2024-01-20 13:36:20", "elapsed": 878.404297, "delta": 0.00223}}
{"target": -10.298620397131108, "params": {"colsample_bytree": 0.9524023144297681, "eta": 0.02506096773811069, "gamma": 677.1227005533862, "max_depth": 4.0, "min_child_weight": 4288.109303561726, "num_boost_round": 4.0, "subsample": 0.5296448992317143}, "datetime": {"datetime": "2024-01-20 13:36:20", "elapsed": 878.405497, "delta": 0.0012}}
{"target": -10.29833071485194, "params": {"colsample_bytree": 0.32976828699621835, "eta": 0.019581672740525836, "gamma": 627.563373066864, "max_depth": 2.0, "min_child_weight": 4017.852328668908, "num_boost_round": 1.0, "subsample": 0.3807141844764037}, "datetime": {"datetime": "2024-01-20 13:36:41", "elapsed": 899.564638, "delta": 21.159141}}
{"target": -10.298325143534882, "params": {"colsample_bytree": 0.32976828699621835, "eta": 0.019581672740525836, "gamma": 627.563373066864, "max_depth": 2.0, "min_child_weight": 4017.852328668908, "num_boost_round": 2.0, "subsample": 0.3807141844764037}, "datetime": {"datetime": "2024-01-20 13:36:41", "elapsed": 899.566692, "delta": 0.002054}}
{"target": -10.298432697843417, "params": {"colsample_bytree": 0.7746319418674626, "eta": 0.0393935316548079, "gamma": 760.419848530047, "max_depth": 8.0, "min_child_weight": 3942.115640675686, "num_boost_round": 1.0, "subsample": 0.6469127226619422}, "datetime": {"datetime": "2024-01-20 13:37:45", "elapsed": 962.891848, "delta": 63.325156}}
{"target": -10.298502111273539, "params": {"colsample_bytree": 0.7746319418674626, "eta": 0.0393935316548079, "gamma": 760.419848530047, "max_depth": 8.0, "min_child_weight": 3942.115640675686, "num_boost_round": 2.0, "subsample": 0.6469127226619422}, "datetime": {"datetime": "2024-01-20 13:37:45", "elapsed": 962.893089, "delta": 0.001241}}
{"target": -10.298491743759149, "params": {"colsample_bytree": 0.7746319418674626, "eta": 0.0393935316548079, "gamma": 760.419848530047, "max_depth": 8.0, "min_child_weight": 3942.115640675686, "num_boost_round": 3.0, "subsample": 0.6469127226619422}, "datetime": {"datetime": "2024-01-20 13:37:45", "elapsed": 962.894138, "delta": 0.001049}}
{"target": -10.298702981252681, "params": {"colsample_bytree": 0.7746319418674626, "eta": 0.0393935316548079, "gamma": 760.419848530047, "max_depth": 8.0, "min_child_weight": 3942.115640675686, "num_boost_round": 4.0, "subsample": 0.6469127226619422}, "datetime": {"datetime": "2024-01-20 13:37:45", "elapsed": 962.895078, "delta": 0.00094}}
{"target": -10.299046425364843, "params": {"colsample_bytree": 0.7746319418674626, "eta": 0.0393935316548079, "gamma": 760.419848530047, "max_depth": 8.0, "min_child_weight": 3942.115640675686, "num_boost_round": 5.0, "subsample": 0.6469127226619422}, "datetime": {"datetime": "2024-01-20 13:37:45", "elapsed": 962.895969, "delta": 0.000891}}
{"target": -10.299293141886885, "params": {"colsample_bytree": 0.7746319418674626, "eta": 0.0393935316548079, "gamma": 760.419848530047, "max_depth": 8.0, "min_child_weight": 3942.115640675686, "num_boost_round": 6.0, "subsample": 0.6469127226619422}, "datetime": {"datetime": "2024-01-20 13:37:45", "elapsed": 962.896852, "delta": 0.000883}}
{"target": -10.299488987236046, "params": {"colsample_bytree": 0.7746319418674626, "eta": 0.0393935316548079, "gamma": 760.419848530047, "max_depth": 8.0, "min_child_weight": 3942.115640675686, "num_boost_round": 7.0, "subsample": 0.6469127226619422}, "datetime": {"datetime": "2024-01-20 13:37:45", "elapsed": 962.897783, "delta": 0.000931}}
{"target": -10.299481355455319, "params": {"colsample_bytree": 0.7746319418674626, "eta": 0.0393935316548079, "gamma": 760.419848530047, "max_depth": 8.0, "min_child_weight": 3942.115640675686, "num_boost_round": 8.0, "subsample": 0.6469127226619422}, "datetime": {"datetime": "2024-01-20 13:37:45", "elapsed": 962.898712, "delta": 0.000929}}
{"target": -10.299789406643209, "params": {"colsample_bytree": 0.7746319418674626, "eta": 0.0393935316548079, "gamma": 760.419848530047, "max_depth": 8.0, "min_child_weight": 3942.115640675686, "num_boost_round": 9.0, "subsample": 0.6469127226619422}, "datetime": {"datetime": "2024-01-20 13:37:45", "elapsed": 962.899649, "delta": 0.000937}}
{"target": -10.300001115212854, "params": {"colsample_bytree": 0.7746319418674626, "eta": 0.0393935316548079, "gamma": 760.419848530047, "max_depth": 8.0, "min_child_weight": 3942.115640675686, "num_boost_round": 10.0, "subsample": 0.6469127226619422}, "datetime": {"datetime": "2024-01-20 13:37:45", "elapsed": 962.900583, "delta": 0.000934}}
{"target": -10.300330621783797, "params": {"colsample_bytree": 0.7746319418674626, "eta": 0.0393935316548079, "gamma": 760.419848530047, "max_depth": 8.0, "min_child_weight": 3942.115640675686, "num_boost_round": 11.0, "subsample": 0.6469127226619422}, "datetime": {"datetime": "2024-01-20 13:37:45", "elapsed": 962.901881, "delta": 0.001298}}
{"target": -10.300562172645122, "params": {"colsample_bytree": 0.7746319418674626, "eta": 0.0393935316548079, "gamma": 760.419848530047, "max_depth": 8.0, "min_child_weight": 3942.115640675686, "num_boost_round": 12.0, "subsample": 0.6469127226619422}, "datetime": {"datetime": "2024-01-20 13:37:45", "elapsed": 962.902868, "delta": 0.000987}}
{"target": -10.300967421167709, "params": {"colsample_bytree": 0.7746319418674626, "eta": 0.0393935316548079, "gamma": 760.419848530047, "max_depth": 8.0, "min_child_weight": 3942.115640675686, "num_boost_round": 13.0, "subsample": 0.6469127226619422}, "datetime": {"datetime": "2024-01-20 13:37:45", "elapsed": 962.903792, "delta": 0.000924}}
{"target": -10.301386550682853, "params": {"colsample_bytree": 0.7746319418674626, "eta": 0.0393935316548079, "gamma": 760.419848530047, "max_depth": 8.0, "min_child_weight": 3942.115640675686, "num_boost_round": 14.0, "subsample": 0.6469127226619422}, "datetime": {"datetime": "2024-01-20 13:37:45", "elapsed": 962.90473, "delta": 0.000938}}
{"target": -10.301638139671104, "params": {"colsample_bytree": 0.7746319418674626, "eta": 0.0393935316548079, "gamma": 760.419848530047, "max_depth": 8.0, "min_child_weight": 3942.115640675686, "num_boost_round": 15.0, "subsample": 0.6469127226619422}, "datetime": {"datetime": "2024-01-20 13:37:45", "elapsed": 962.905663, "delta": 0.000933}}
{"target": -10.301843266191444, "params": {"colsample_bytree": 0.7746319418674626, "eta": 0.0393935316548079, "gamma": 760.419848530047, "max_depth": 8.0, "min_child_weight": 3942.115640675686, "num_boost_round": 16.0, "subsample": 0.6469127226619422}, "datetime": {"datetime": "2024-01-20 13:37:45", "elapsed": 962.906593, "delta": 0.00093}}
{"target": -10.302233980943061, "params": {"colsample_bytree": 0.7746319418674626, "eta": 0.0393935316548079, "gamma": 760.419848530047, "max_depth": 8.0, "min_child_weight": 3942.115640675686, "num_boost_round": 17.0, "subsample": 0.6469127226619422}, "datetime": {"datetime": "2024-01-20 13:37:45", "elapsed": 962.907567, "delta": 0.000974}}
{"target": -10.302391927906855, "params": {"colsample_bytree": 0.7746319418674626, "eta": 0.0393935316548079, "gamma": 760.419848530047, "max_depth": 8.0, "min_child_weight": 3942.115640675686, "num_boost_round": 18.0, "subsample": 0.6469127226619422}, "datetime": {"datetime": "2024-01-20 13:37:45", "elapsed": 962.908515, "delta": 0.000948}}
{"target": -10.302813588195864, "params": {"colsample_bytree": 0.7746319418674626, "eta": 0.0393935316548079, "gamma": 760.419848530047, "max_depth": 8.0, "min_child_weight": 3942.115640675686, "num_boost_round": 19.0, "subsample": 0.6469127226619422}, "datetime": {"datetime": "2024-01-20 13:37:45", "elapsed": 962.909444, "delta": 0.000929}}
{"target": -10.3030431593146, "params": {"colsample_bytree": 0.7746319418674626, "eta": 0.0393935316548079, "gamma": 760.419848530047, "max_depth": 8.0, "min_child_weight": 3942.115640675686, "num_boost_round": 20.0, "subsample": 0.6469127226619422}, "datetime": {"datetime": "2024-01-20 13:37:45", "elapsed": 962.910361, "delta": 0.000917}}
{"target": -10.303369601651985, "params": {"colsample_bytree": 0.7746319418674626, "eta": 0.0393935316548079, "gamma": 760.419848530047, "max_depth": 8.0, "min_child_weight": 3942.115640675686, "num_boost_round": 21.0, "subsample": 0.6469127226619422}, "datetime": {"datetime": "2024-01-20 13:37:45", "elapsed": 962.911299, "delta": 0.000938}}
{"target": -10.303675298810617, "params": {"colsample_bytree": 0.7746319418674626, "eta": 0.0393935316548079, "gamma": 760.419848530047, "max_depth": 8.0, "min_child_weight": 3942.115640675686, "num_boost_round": 22.0, "subsample": 0.6469127226619422}, "datetime": {"datetime": "2024-01-20 13:37:45", "elapsed": 962.912215, "delta": 0.000916}}
{"target": -10.30399015652905, "params": {"colsample_bytree": 0.7746319418674626, "eta": 0.0393935316548079, "gamma": 760.419848530047, "max_depth": 8.0, "min_child_weight": 3942.115640675686, "num_boost_round": 23.0, "subsample": 0.6469127226619422}, "datetime": {"datetime": "2024-01-20 13:37:45", "elapsed": 962.913153, "delta": 0.000938}}
{"target": -10.304117493081613, "params": {"colsample_bytree": 0.7746319418674626, "eta": 0.0393935316548079, "gamma": 760.419848530047, "max_depth": 8.0, "min_child_weight": 3942.115640675686, "num_boost_round": 24.0, "subsample": 0.6469127226619422}, "datetime": {"datetime": "2024-01-20 13:37:45", "elapsed": 962.914073, "delta": 0.00092}}
{"target": -10.304488218712665, "params": {"colsample_bytree": 0.7746319418674626, "eta": 0.0393935316548079, "gamma": 760.419848530047, "max_depth": 8.0, "min_child_weight": 3942.115640675686, "num_boost_round": 25.0, "subsample": 0.6469127226619422}, "datetime": {"datetime": "2024-01-20 13:37:45", "elapsed": 962.915003, "delta": 0.00093}}
{"target": -10.304798622061693, "params": {"colsample_bytree": 0.7746319418674626, "eta": 0.0393935316548079, "gamma": 760.419848530047, "max_depth": 8.0, "min_child_weight": 3942.115640675686, "num_boost_round": 26.0, "subsample": 0.6469127226619422}, "datetime": {"datetime": "2024-01-20 13:37:45", "elapsed": 962.915929, "delta": 0.000926}}
{"target": -10.3050408745857, "params": {"colsample_bytree": 0.7746319418674626, "eta": 0.0393935316548079, "gamma": 760.419848530047, "max_depth": 8.0, "min_child_weight": 3942.115640675686, "num_boost_round": 27.0, "subsample": 0.6469127226619422}, "datetime": {"datetime": "2024-01-20 13:37:45", "elapsed": 962.916862, "delta": 0.000933}}
{"target": -10.305148517129423, "params": {"colsample_bytree": 0.7746319418674626, "eta": 0.0393935316548079, "gamma": 760.419848530047, "max_depth": 8.0, "min_child_weight": 3942.115640675686, "num_boost_round": 28.0, "subsample": 0.6469127226619422}, "datetime": {"datetime": "2024-01-20 13:37:45", "elapsed": 962.917799, "delta": 0.000937}}
{"target": -10.305434377751258, "params": {"colsample_bytree": 0.7746319418674626, "eta": 0.0393935316548079, "gamma": 760.419848530047, "max_depth": 8.0, "min_child_weight": 3942.115640675686, "num_boost_round": 29.0, "subsample": 0.6469127226619422}, "datetime": {"datetime": "2024-01-20 13:37:45", "elapsed": 962.91875, "delta": 0.000951}}
{"target": -10.305800938289952, "params": {"colsample_bytree": 0.7746319418674626, "eta": 0.0393935316548079, "gamma": 760.419848530047, "max_depth": 8.0, "min_child_weight": 3942.115640675686, "num_boost_round": 30.0, "subsample": 0.6469127226619422}, "datetime": {"datetime": "2024-01-20 13:37:45", "elapsed": 962.919705, "delta": 0.000955}}
{"target": -10.306042387284986, "params": {"colsample_bytree": 0.7746319418674626, "eta": 0.0393935316548079, "gamma": 760.419848530047, "max_depth": 8.0, "min_child_weight": 3942.115640675686, "num_boost_round": 31.0, "subsample": 0.6469127226619422}, "datetime": {"datetime": "2024-01-20 13:37:45", "elapsed": 962.920666, "delta": 0.000961}}
{"target": -10.306418977654182, "params": {"colsample_bytree": 0.7746319418674626, "eta": 0.0393935316548079, "gamma": 760.419848530047, "max_depth": 8.0, "min_child_weight": 3942.115640675686, "num_boost_round": 32.0, "subsample": 0.6469127226619422}, "datetime": {"datetime": "2024-01-20 13:37:45", "elapsed": 962.921675, "delta": 0.001009}}
{"target": -10.307008753135463, "params": {"colsample_bytree": 0.7746319418674626, "eta": 0.0393935316548079, "gamma": 760.419848530047, "max_depth": 8.0, "min_child_weight": 3942.115640675686, "num_boost_round": 33.0, "subsample": 0.6469127226619422}, "datetime": {"datetime": "2024-01-20 13:37:45", "elapsed": 962.92394, "delta": 0.002265}}
{"target": -10.307138834222863, "params": {"colsample_bytree": 0.7746319418674626, "eta": 0.0393935316548079, "gamma": 760.419848530047, "max_depth": 8.0, "min_child_weight": 3942.115640675686, "num_boost_round": 34.0, "subsample": 0.6469127226619422}, "datetime": {"datetime": "2024-01-20 13:37:45", "elapsed": 962.925177, "delta": 0.001237}}
{"target": -10.307455873127234, "params": {"colsample_bytree": 0.7746319418674626, "eta": 0.0393935316548079, "gamma": 760.419848530047, "max_depth": 8.0, "min_child_weight": 3942.115640675686, "num_boost_round": 35.0, "subsample": 0.6469127226619422}, "datetime": {"datetime": "2024-01-20 13:37:45", "elapsed": 962.926724, "delta": 0.001547}}
{"target": -10.307937243427855, "params": {"colsample_bytree": 0.7746319418674626, "eta": 0.0393935316548079, "gamma": 760.419848530047, "max_depth": 8.0, "min_child_weight": 3942.115640675686, "num_boost_round": 36.0, "subsample": 0.6469127226619422}, "datetime": {"datetime": "2024-01-20 13:37:45", "elapsed": 962.928177, "delta": 0.001453}}
{"target": -10.30822385485834, "params": {"colsample_bytree": 0.7746319418674626, "eta": 0.0393935316548079, "gamma": 760.419848530047, "max_depth": 8.0, "min_child_weight": 3942.115640675686, "num_boost_round": 37.0, "subsample": 0.6469127226619422}, "datetime": {"datetime": "2024-01-20 13:37:45", "elapsed": 962.929122, "delta": 0.000945}}
{"target": -10.298455019803104, "params": {"colsample_bytree": 0.22171927904302044, "eta": 0.010663511906864678, "gamma": 673.4630722071915, "max_depth": 4.0, "min_child_weight": 3990.102027737599, "num_boost_round": 1.0, "subsample": 0.3896672999605084}, "datetime": {"datetime": "2024-01-20 13:38:09", "elapsed": 987.241895, "delta": 24.312773}}
{"target": -10.29845392469009, "params": {"colsample_bytree": 0.22171927904302044, "eta": 0.010663511906864678, "gamma": 673.4630722071915, "max_depth": 4.0, "min_child_weight": 3990.102027737599, "num_boost_round": 2.0, "subsample": 0.3896672999605084}, "datetime": {"datetime": "2024-01-20 13:38:09", "elapsed": 987.243584, "delta": 0.001689}}
{"target": -10.298501102186567, "params": {"colsample_bytree": 0.22171927904302044, "eta": 0.010663511906864678, "gamma": 673.4630722071915, "max_depth": 4.0, "min_child_weight": 3990.102027737599, "num_boost_round": 3.0, "subsample": 0.3896672999605084}, "datetime": {"datetime": "2024-01-20 13:38:09", "elapsed": 987.244664, "delta": 0.00108}}
{"target": -10.298465917346824, "params": {"colsample_bytree": 0.22171927904302044, "eta": 0.010663511906864678, "gamma": 673.4630722071915, "max_depth": 4.0, "min_child_weight": 3990.102027737599, "num_boost_round": 4.0, "subsample": 0.3896672999605084}, "datetime": {"datetime": "2024-01-20 13:38:09", "elapsed": 987.24577, "delta": 0.001106}}
{"target": -10.298473337144927, "params": {"colsample_bytree": 0.22171927904302044, "eta": 0.010663511906864678, "gamma": 673.4630722071915, "max_depth": 4.0, "min_child_weight": 3990.102027737599, "num_boost_round": 5.0, "subsample": 0.3896672999605084}, "datetime": {"datetime": "2024-01-20 13:38:09", "elapsed": 987.246713, "delta": 0.000943}}
{"target": -10.29859492578329, "params": {"colsample_bytree": 0.22171927904302044, "eta": 0.010663511906864678, "gamma": 673.4630722071915, "max_depth": 4.0, "min_child_weight": 3990.102027737599, "num_boost_round": 6.0, "subsample": 0.3896672999605084}, "datetime": {"datetime": "2024-01-20 13:38:09", "elapsed": 987.248462, "delta": 0.001749}}
