{"target": -19.14334422091968, "params": {"colsample_bytree": 0.8477235046528058, "eta": 0.005970970380002972, "gamma": 993.6546242124291, "max_depth": 6.0, "min_child_weight": 4180.162569337198, "num_boost_round": 5.0, "subsample": 0.8726259849534943}, "datetime": {"datetime": "2024-01-20 17:32:46", "elapsed": 11334.106826, "delta": 0.008802}}
{"target": -19.14337977004714, "params": {"colsample_bytree": 0.8477235046528058, "eta": 0.005970970380002972, "gamma": 993.6546242124291, "max_depth": 6.0, "min_child_weight": 4180.162569337198, "num_boost_round": 6.0, "subsample": 0.8726259849534943}, "datetime": {"datetime": "2024-01-20 17:32:46", "elapsed": 11334.115542, "delta": 0.008716}}
{"target": -19.143431241098412, "params": {"colsample_bytree": 0.8477235046528058, "eta": 0.005970970380002972, "gamma": 993.6546242124291, "max_depth": 6.0, "min_child_weight": 4180.162569337198, "num_boost_round": 7.0, "subsample": 0.8726259849534943}, "datetime": {"datetime": "2024-01-20 17:32:46", "elapsed": 11334.124572, "delta": 0.00903}}
{"target": -19.143495918939205, "params": {"colsample_bytree": 0.8477235046528058, "eta": 0.005970970380002972, "gamma": 993.6546242124291, "max_depth": 6.0, "min_child_weight": 4180.162569337198, "num_boost_round": 8.0, "subsample": 0.8726259849534943}, "datetime": {"datetime": "2024-01-20 17:32:46", "elapsed": 11334.133361, "delta": 0.008789}}
{"target": -19.143548310102418, "params": {"colsample_bytree": 0.8477235046528058, "eta": 0.005970970380002972, "gamma": 993.6546242124291, "max_depth": 6.0, "min_child_weight": 4180.162569337198, "num_boost_round": 9.0, "subsample": 0.8726259849534943}, "datetime": {"datetime": "2024-01-20 17:32:46", "elapsed": 11334.143066, "delta": 0.009705}}
{"target": -19.143326379100095, "params": {"colsample_bytree": 0.7837182309996437, "eta": 0.017637731079776897, "gamma": 675.3233565891111, "max_depth": 8.0, "min_child_weight": 4176.963838908223, "num_boost_round": 1.0, "subsample": 0.6058032211582443}, "datetime": {"datetime": "2024-01-20 17:35:18", "elapsed": 11486.534804, "delta": 152.391738}}
{"target": -19.143308866829077, "params": {"colsample_bytree": 0.7837182309996437, "eta": 0.017637731079776897, "gamma": 675.3233565891111, "max_depth": 8.0, "min_child_weight": 4176.963838908223, "num_boost_round": 2.0, "subsample": 0.6058032211582443}, "datetime": {"datetime": "2024-01-20 17:35:18", "elapsed": 11486.544558, "delta": 0.009754}}
{"target": -19.143366028980296, "params": {"colsample_bytree": 0.7837182309996437, "eta": 0.017637731079776897, "gamma": 675.3233565891111, "max_depth": 8.0, "min_child_weight": 4176.963838908223, "num_boost_round": 3.0, "subsample": 0.6058032211582443}, "datetime": {"datetime": "2024-01-20 17:35:18", "elapsed": 11486.553964, "delta": 0.009406}}
{"target": -19.14332998238452, "params": {"colsample_bytree": 0.7837182309996437, "eta": 0.017637731079776897, "gamma": 675.3233565891111, "max_depth": 8.0, "min_child_weight": 4176.963838908223, "num_boost_round": 4.0, "subsample": 0.6058032211582443}, "datetime": {"datetime": "2024-01-20 17:35:18", "elapsed": 11486.562678, "delta": 0.008714}}
{"target": -19.14337342761206, "params": {"colsample_bytree": 0.7837182309996437, "eta": 0.017637731079776897, "gamma": 675.3233565891111, "max_depth": 8.0, "min_child_weight": 4176.963838908223, "num_boost_round": 5.0, "subsample": 0.6058032211582443}, "datetime": {"datetime": "2024-01-20 17:35:18", "elapsed": 11486.571416, "delta": 0.008738}}
{"target": -19.14350077614915, "params": {"colsample_bytree": 0.7837182309996437, "eta": 0.017637731079776897, "gamma": 675.3233565891111, "max_depth": 8.0, "min_child_weight": 4176.963838908223, "num_boost_round": 6.0, "subsample": 0.6058032211582443}, "datetime": {"datetime": "2024-01-20 17:35:18", "elapsed": 11486.580753, "delta": 0.009337}}
{"target": -19.143496912731443, "params": {"colsample_bytree": 0.7837182309996437, "eta": 0.017637731079776897, "gamma": 675.3233565891111, "max_depth": 8.0, "min_child_weight": 4176.963838908223, "num_boost_round": 7.0, "subsample": 0.6058032211582443}, "datetime": {"datetime": "2024-01-20 17:35:18", "elapsed": 11486.58908, "delta": 0.008327}}
{"target": -19.143709355540665, "params": {"colsample_bytree": 0.7837182309996437, "eta": 0.017637731079776897, "gamma": 675.3233565891111, "max_depth": 8.0, "min_child_weight": 4176.963838908223, "num_boost_round": 8.0, "subsample": 0.6058032211582443}, "datetime": {"datetime": "2024-01-20 17:35:18", "elapsed": 11486.597337, "delta": 0.008257}}
{"target": -19.14370898948667, "params": {"colsample_bytree": 0.7837182309996437, "eta": 0.017637731079776897, "gamma": 675.3233565891111, "max_depth": 8.0, "min_child_weight": 4176.963838908223, "num_boost_round": 9.0, "subsample": 0.6058032211582443}, "datetime": {"datetime": "2024-01-20 17:35:18", "elapsed": 11486.605764, "delta": 0.008427}}
{"target": -19.143744244449906, "params": {"colsample_bytree": 0.7837182309996437, "eta": 0.017637731079776897, "gamma": 675.3233565891111, "max_depth": 8.0, "min_child_weight": 4176.963838908223, "num_boost_round": 10.0, "subsample": 0.6058032211582443}, "datetime": {"datetime": "2024-01-20 17:35:18", "elapsed": 11486.614039, "delta": 0.008275}}
