{"target": -10.476613095960033, "params": {"colsample_bytree": 0.8510152411830668, "eta": 0.05460475995497491, "gamma": 323.50644541373543, "max_depth": 2.0, "min_child_weight": 4875.49546368617, "num_boost_round": 29.0, "subsample": 0.5067214828919366}, "datetime": {"datetime": "2024-01-20 16:05:39", "elapsed": 9631.08503, "delta": 0.006443}}
{"target": -10.47673002548297, "params": {"colsample_bytree": 0.8510152411830668, "eta": 0.05460475995497491, "gamma": 323.50644541373543, "max_depth": 2.0, "min_child_weight": 4875.49546368617, "num_boost_round": 30.0, "subsample": 0.5067214828919366}, "datetime": {"datetime": "2024-01-20 16:05:39", "elapsed": 9631.091366, "delta": 0.006336}}
{"target": -10.476448502831328, "params": {"colsample_bytree": 0.8510152411830668, "eta": 0.05460475995497491, "gamma": 323.50644541373543, "max_depth": 2.0, "min_child_weight": 4875.49546368617, "num_boost_round": 31.0, "subsample": 0.5067214828919366}, "datetime": {"datetime": "2024-01-20 16:05:39", "elapsed": 9631.097663, "delta": 0.006297}}
{"target": -10.47638929029208, "params": {"colsample_bytree": 0.8510152411830668, "eta": 0.05460475995497491, "gamma": 323.50644541373543, "max_depth": 2.0, "min_child_weight": 4875.49546368617, "num_boost_round": 32.0, "subsample": 0.5067214828919366}, "datetime": {"datetime": "2024-01-20 16:05:39", "elapsed": 9631.103887, "delta": 0.006224}}
{"target": -10.476482741326722, "params": {"colsample_bytree": 0.8510152411830668, "eta": 0.05460475995497491, "gamma": 323.50644541373543, "max_depth": 2.0, "min_child_weight": 4875.49546368617, "num_boost_round": 33.0, "subsample": 0.5067214828919366}, "datetime": {"datetime": "2024-01-20 16:05:39", "elapsed": 9631.110076, "delta": 0.006189}}
{"target": -10.476774130879672, "params": {"colsample_bytree": 0.8510152411830668, "eta": 0.05460475995497491, "gamma": 323.50644541373543, "max_depth": 2.0, "min_child_weight": 4875.49546368617, "num_boost_round": 34.0, "subsample": 0.5067214828919366}, "datetime": {"datetime": "2024-01-20 16:05:39", "elapsed": 9631.117429, "delta": 0.007353}}
{"target": -10.476829758376326, "params": {"colsample_bytree": 0.8510152411830668, "eta": 0.05460475995497491, "gamma": 323.50644541373543, "max_depth": 2.0, "min_child_weight": 4875.49546368617, "num_boost_round": 35.0, "subsample": 0.5067214828919366}, "datetime": {"datetime": "2024-01-20 16:05:39", "elapsed": 9631.123761, "delta": 0.006332}}
{"target": -10.476922487679126, "params": {"colsample_bytree": 0.8510152411830668, "eta": 0.05460475995497491, "gamma": 323.50644541373543, "max_depth": 2.0, "min_child_weight": 4875.49546368617, "num_boost_round": 36.0, "subsample": 0.5067214828919366}, "datetime": {"datetime": "2024-01-20 16:05:39", "elapsed": 9631.130544, "delta": 0.006783}}
{"target": -10.476967311764191, "params": {"colsample_bytree": 0.8510152411830668, "eta": 0.05460475995497491, "gamma": 323.50644541373543, "max_depth": 2.0, "min_child_weight": 4875.49546368617, "num_boost_round": 37.0, "subsample": 0.5067214828919366}, "datetime": {"datetime": "2024-01-20 16:05:39", "elapsed": 9631.137256, "delta": 0.006712}}
{"target": -10.476888049604916, "params": {"colsample_bytree": 0.8510152411830668, "eta": 0.05460475995497491, "gamma": 323.50644541373543, "max_depth": 2.0, "min_child_weight": 4875.49546368617, "num_boost_round": 38.0, "subsample": 0.5067214828919366}, "datetime": {"datetime": "2024-01-20 16:05:39", "elapsed": 9631.143825, "delta": 0.006569}}
{"target": -10.476988525469501, "params": {"colsample_bytree": 0.8510152411830668, "eta": 0.05460475995497491, "gamma": 323.50644541373543, "max_depth": 2.0, "min_child_weight": 4875.49546368617, "num_boost_round": 39.0, "subsample": 0.5067214828919366}, "datetime": {"datetime": "2024-01-20 16:05:39", "elapsed": 9631.150644, "delta": 0.006819}}
{"target": -10.477305763771284, "params": {"colsample_bytree": 0.8510152411830668, "eta": 0.05460475995497491, "gamma": 323.50644541373543, "max_depth": 2.0, "min_child_weight": 4875.49546368617, "num_boost_round": 40.0, "subsample": 0.5067214828919366}, "datetime": {"datetime": "2024-01-20 16:05:39", "elapsed": 9631.157467, "delta": 0.006823}}
{"target": -10.477247416002545, "params": {"colsample_bytree": 0.8510152411830668, "eta": 0.05460475995497491, "gamma": 323.50644541373543, "max_depth": 2.0, "min_child_weight": 4875.49546368617, "num_boost_round": 41.0, "subsample": 0.5067214828919366}, "datetime": {"datetime": "2024-01-20 16:05:39", "elapsed": 9631.163945, "delta": 0.006478}}
{"target": -10.47743477618457, "params": {"colsample_bytree": 0.8510152411830668, "eta": 0.05460475995497491, "gamma": 323.50644541373543, "max_depth": 2.0, "min_child_weight": 4875.49546368617, "num_boost_round": 42.0, "subsample": 0.5067214828919366}, "datetime": {"datetime": "2024-01-20 16:05:39", "elapsed": 9631.170383, "delta": 0.006438}}
{"target": -10.477619996360518, "params": {"colsample_bytree": 0.8510152411830668, "eta": 0.05460475995497491, "gamma": 323.50644541373543, "max_depth": 2.0, "min_child_weight": 4875.49546368617, "num_boost_round": 43.0, "subsample": 0.5067214828919366}, "datetime": {"datetime": "2024-01-20 16:05:39", "elapsed": 9631.176689, "delta": 0.006306}}
{"target": -10.4779524643976, "params": {"colsample_bytree": 0.8510152411830668, "eta": 0.05460475995497491, "gamma": 323.50644541373543, "max_depth": 2.0, "min_child_weight": 4875.49546368617, "num_boost_round": 44.0, "subsample": 0.5067214828919366}, "datetime": {"datetime": "2024-01-20 16:05:39", "elapsed": 9631.182894, "delta": 0.006205}}
{"target": -10.478040855221009, "params": {"colsample_bytree": 0.8510152411830668, "eta": 0.05460475995497491, "gamma": 323.50644541373543, "max_depth": 2.0, "min_child_weight": 4875.49546368617, "num_boost_round": 45.0, "subsample": 0.5067214828919366}, "datetime": {"datetime": "2024-01-20 16:05:39", "elapsed": 9631.189039, "delta": 0.006145}}
{"target": -10.478303889427968, "params": {"colsample_bytree": 0.8510152411830668, "eta": 0.05460475995497491, "gamma": 323.50644541373543, "max_depth": 2.0, "min_child_weight": 4875.49546368617, "num_boost_round": 46.0, "subsample": 0.5067214828919366}, "datetime": {"datetime": "2024-01-20 16:05:39", "elapsed": 9631.195256, "delta": 0.006217}}
{"target": -10.478173168705911, "params": {"colsample_bytree": 0.8510152411830668, "eta": 0.05460475995497491, "gamma": 323.50644541373543, "max_depth": 2.0, "min_child_weight": 4875.49546368617, "num_boost_round": 47.0, "subsample": 0.5067214828919366}, "datetime": {"datetime": "2024-01-20 16:05:39", "elapsed": 9631.20149, "delta": 0.006234}}
{"target": -10.478265516162065, "params": {"colsample_bytree": 0.8510152411830668, "eta": 0.05460475995497491, "gamma": 323.50644541373543, "max_depth": 2.0, "min_child_weight": 4875.49546368617, "num_boost_round": 48.0, "subsample": 0.5067214828919366}, "datetime": {"datetime": "2024-01-20 16:05:39", "elapsed": 9631.207719, "delta": 0.006229}}
{"target": -10.478070266033855, "params": {"colsample_bytree": 0.8510152411830668, "eta": 0.05460475995497491, "gamma": 323.50644541373543, "max_depth": 2.0, "min_child_weight": 4875.49546368617, "num_boost_round": 49.0, "subsample": 0.5067214828919366}, "datetime": {"datetime": "2024-01-20 16:05:39", "elapsed": 9631.213866, "delta": 0.006147}}
{"target": -10.478393550048796, "params": {"colsample_bytree": 0.8510152411830668, "eta": 0.05460475995497491, "gamma": 323.50644541373543, "max_depth": 2.0, "min_child_weight": 4875.49546368617, "num_boost_round": 50.0, "subsample": 0.5067214828919366}, "datetime": {"datetime": "2024-01-20 16:05:39", "elapsed": 9631.220078, "delta": 0.006212}}
{"target": -10.478458700142719, "params": {"colsample_bytree": 0.8510152411830668, "eta": 0.05460475995497491, "gamma": 323.50644541373543, "max_depth": 2.0, "min_child_weight": 4875.49546368617, "num_boost_round": 51.0, "subsample": 0.5067214828919366}, "datetime": {"datetime": "2024-01-20 16:05:39", "elapsed": 9631.226833, "delta": 0.006755}}
{"target": -10.478561542609086, "params": {"colsample_bytree": 0.8510152411830668, "eta": 0.05460475995497491, "gamma": 323.50644541373543, "max_depth": 2.0, "min_child_weight": 4875.49546368617, "num_boost_round": 52.0, "subsample": 0.5067214828919366}, "datetime": {"datetime": "2024-01-20 16:05:39", "elapsed": 9631.233597, "delta": 0.006764}}
{"target": -10.478870262538868, "params": {"colsample_bytree": 0.8510152411830668, "eta": 0.05460475995497491, "gamma": 323.50644541373543, "max_depth": 2.0, "min_child_weight": 4875.49546368617, "num_boost_round": 53.0, "subsample": 0.5067214828919366}, "datetime": {"datetime": "2024-01-20 16:05:39", "elapsed": 9631.240161, "delta": 0.006564}}
{"target": -10.478840167658953, "params": {"colsample_bytree": 0.8510152411830668, "eta": 0.05460475995497491, "gamma": 323.50644541373543, "max_depth": 2.0, "min_child_weight": 4875.49546368617, "num_boost_round": 54.0, "subsample": 0.5067214828919366}, "datetime": {"datetime": "2024-01-20 16:05:39", "elapsed": 9631.246611, "delta": 0.00645}}
{"target": -10.478876909493849, "params": {"colsample_bytree": 0.8510152411830668, "eta": 0.05460475995497491, "gamma": 323.50644541373543, "max_depth": 2.0, "min_child_weight": 4875.49546368617, "num_boost_round": 55.0, "subsample": 0.5067214828919366}, "datetime": {"datetime": "2024-01-20 16:05:39", "elapsed": 9631.252979, "delta": 0.006368}}
{"target": -10.479058735248993, "params": {"colsample_bytree": 0.8510152411830668, "eta": 0.05460475995497491, "gamma": 323.50644541373543, "max_depth": 2.0, "min_child_weight": 4875.49546368617, "num_boost_round": 56.0, "subsample": 0.5067214828919366}, "datetime": {"datetime": "2024-01-20 16:05:39", "elapsed": 9631.259218, "delta": 0.006239}}
{"target": -10.479228202925496, "params": {"colsample_bytree": 0.8510152411830668, "eta": 0.05460475995497491, "gamma": 323.50644541373543, "max_depth": 2.0, "min_child_weight": 4875.49546368617, "num_boost_round": 57.0, "subsample": 0.5067214828919366}, "datetime": {"datetime": "2024-01-20 16:05:39", "elapsed": 9631.265498, "delta": 0.00628}}
{"target": -10.479438395167291, "params": {"colsample_bytree": 0.8510152411830668, "eta": 0.05460475995497491, "gamma": 323.50644541373543, "max_depth": 2.0, "min_child_weight": 4875.49546368617, "num_boost_round": 58.0, "subsample": 0.5067214828919366}, "datetime": {"datetime": "2024-01-20 16:05:39", "elapsed": 9631.27175, "delta": 0.006252}}
{"target": -10.479402026231835, "params": {"colsample_bytree": 0.8510152411830668, "eta": 0.05460475995497491, "gamma": 323.50644541373543, "max_depth": 2.0, "min_child_weight": 4875.49546368617, "num_boost_round": 59.0, "subsample": 0.5067214828919366}, "datetime": {"datetime": "2024-01-20 16:05:39", "elapsed": 9631.277936, "delta": 0.006186}}
{"target": -10.479477877940468, "params": {"colsample_bytree": 0.8510152411830668, "eta": 0.05460475995497491, "gamma": 323.50644541373543, "max_depth": 2.0, "min_child_weight": 4875.49546368617, "num_boost_round": 60.0, "subsample": 0.5067214828919366}, "datetime": {"datetime": "2024-01-20 16:05:39", "elapsed": 9631.284194, "delta": 0.006258}}
{"target": -10.479633624763355, "params": {"colsample_bytree": 0.8510152411830668, "eta": 0.05460475995497491, "gamma": 323.50644541373543, "max_depth": 2.0, "min_child_weight": 4875.49546368617, "num_boost_round": 61.0, "subsample": 0.5067214828919366}, "datetime": {"datetime": "2024-01-20 16:05:39", "elapsed": 9631.290355, "delta": 0.006161}}
{"target": -10.479745758625306, "params": {"colsample_bytree": 0.8510152411830668, "eta": 0.05460475995497491, "gamma": 323.50644541373543, "max_depth": 2.0, "min_child_weight": 4875.49546368617, "num_boost_round": 62.0, "subsample": 0.5067214828919366}, "datetime": {"datetime": "2024-01-20 16:05:39", "elapsed": 9631.296534, "delta": 0.006179}}
{"target": -10.479698699583345, "params": {"colsample_bytree": 0.8510152411830668, "eta": 0.05460475995497491, "gamma": 323.50644541373543, "max_depth": 2.0, "min_child_weight": 4875.49546368617, "num_boost_round": 63.0, "subsample": 0.5067214828919366}, "datetime": {"datetime": "2024-01-20 16:05:39", "elapsed": 9631.303304, "delta": 0.00677}}
{"target": -10.480010014616816, "params": {"colsample_bytree": 0.8510152411830668, "eta": 0.05460475995497491, "gamma": 323.50644541373543, "max_depth": 2.0, "min_child_weight": 4875.49546368617, "num_boost_round": 64.0, "subsample": 0.5067214828919366}, "datetime": {"datetime": "2024-01-20 16:05:39", "elapsed": 9631.309945, "delta": 0.006641}}
{"target": -10.479818427435319, "params": {"colsample_bytree": 0.8510152411830668, "eta": 0.05460475995497491, "gamma": 323.50644541373543, "max_depth": 2.0, "min_child_weight": 4875.49546368617, "num_boost_round": 65.0, "subsample": 0.5067214828919366}, "datetime": {"datetime": "2024-01-20 16:05:39", "elapsed": 9631.316519, "delta": 0.006574}}
{"target": -10.479851778772323, "params": {"colsample_bytree": 0.8510152411830668, "eta": 0.05460475995497491, "gamma": 323.50644541373543, "max_depth": 2.0, "min_child_weight": 4875.49546368617, "num_boost_round": 66.0, "subsample": 0.5067214828919366}, "datetime": {"datetime": "2024-01-20 16:05:39", "elapsed": 9631.322951, "delta": 0.006432}}
{"target": -10.479918890007063, "params": {"colsample_bytree": 0.8510152411830668, "eta": 0.05460475995497491, "gamma": 323.50644541373543, "max_depth": 2.0, "min_child_weight": 4875.49546368617, "num_boost_round": 67.0, "subsample": 0.5067214828919366}, "datetime": {"datetime": "2024-01-20 16:05:39", "elapsed": 9631.329304, "delta": 0.006353}}
{"target": -10.480023505462146, "params": {"colsample_bytree": 0.8510152411830668, "eta": 0.05460475995497491, "gamma": 323.50644541373543, "max_depth": 2.0, "min_child_weight": 4875.49546368617, "num_boost_round": 68.0, "subsample": 0.5067214828919366}, "datetime": {"datetime": "2024-01-20 16:05:39", "elapsed": 9631.335616, "delta": 0.006312}}
{"target": -10.480210552959726, "params": {"colsample_bytree": 0.8510152411830668, "eta": 0.05460475995497491, "gamma": 323.50644541373543, "max_depth": 2.0, "min_child_weight": 4875.49546368617, "num_boost_round": 69.0, "subsample": 0.5067214828919366}, "datetime": {"datetime": "2024-01-20 16:05:39", "elapsed": 9631.341851, "delta": 0.006235}}
{"target": -10.480407761716592, "params": {"colsample_bytree": 0.8510152411830668, "eta": 0.05460475995497491, "gamma": 323.50644541373543, "max_depth": 2.0, "min_child_weight": 4875.49546368617, "num_boost_round": 70.0, "subsample": 0.5067214828919366}, "datetime": {"datetime": "2024-01-20 16:05:39", "elapsed": 9631.349229, "delta": 0.007378}}
{"target": -10.480433610610364, "params": {"colsample_bytree": 0.8510152411830668, "eta": 0.05460475995497491, "gamma": 323.50644541373543, "max_depth": 2.0, "min_child_weight": 4875.49546368617, "num_boost_round": 71.0, "subsample": 0.5067214828919366}, "datetime": {"datetime": "2024-01-20 16:05:39", "elapsed": 9631.35571, "delta": 0.006481}}
{"target": -10.480599170570912, "params": {"colsample_bytree": 0.8510152411830668, "eta": 0.05460475995497491, "gamma": 323.50644541373543, "max_depth": 2.0, "min_child_weight": 4875.49546368617, "num_boost_round": 72.0, "subsample": 0.5067214828919366}, "datetime": {"datetime": "2024-01-20 16:05:39", "elapsed": 9631.362089, "delta": 0.006379}}
{"target": -10.480639157903866, "params": {"colsample_bytree": 0.8510152411830668, "eta": 0.05460475995497491, "gamma": 323.50644541373543, "max_depth": 2.0, "min_child_weight": 4875.49546368617, "num_boost_round": 73.0, "subsample": 0.5067214828919366}, "datetime": {"datetime": "2024-01-20 16:05:39", "elapsed": 9631.368318, "delta": 0.006229}}
{"target": -10.480581669041609, "params": {"colsample_bytree": 0.8510152411830668, "eta": 0.05460475995497491, "gamma": 323.50644541373543, "max_depth": 2.0, "min_child_weight": 4875.49546368617, "num_boost_round": 74.0, "subsample": 0.5067214828919366}, "datetime": {"datetime": "2024-01-20 16:05:39", "elapsed": 9631.374511, "delta": 0.006193}}
{"target": -10.480719730446996, "params": {"colsample_bytree": 0.8510152411830668, "eta": 0.05460475995497491, "gamma": 323.50644541373543, "max_depth": 2.0, "min_child_weight": 4875.49546368617, "num_boost_round": 75.0, "subsample": 0.5067214828919366}, "datetime": {"datetime": "2024-01-20 16:05:39", "elapsed": 9631.381353, "delta": 0.006842}}
{"target": -10.480748272905807, "params": {"colsample_bytree": 0.8510152411830668, "eta": 0.05460475995497491, "gamma": 323.50644541373543, "max_depth": 2.0, "min_child_weight": 4875.49546368617, "num_boost_round": 76.0, "subsample": 0.5067214828919366}, "datetime": {"datetime": "2024-01-20 16:05:39", "elapsed": 9631.388127, "delta": 0.006774}}
{"target": -10.481021318132285, "params": {"colsample_bytree": 0.8510152411830668, "eta": 0.05460475995497491, "gamma": 323.50644541373543, "max_depth": 2.0, "min_child_weight": 4875.49546368617, "num_boost_round": 77.0, "subsample": 0.5067214828919366}, "datetime": {"datetime": "2024-01-20 16:05:39", "elapsed": 9631.394739, "delta": 0.006612}}
{"target": -10.481198685051334, "params": {"colsample_bytree": 0.8510152411830668, "eta": 0.05460475995497491, "gamma": 323.50644541373543, "max_depth": 2.0, "min_child_weight": 4875.49546368617, "num_boost_round": 78.0, "subsample": 0.5067214828919366}, "datetime": {"datetime": "2024-01-20 16:05:39", "elapsed": 9631.401163, "delta": 0.006424}}
{"target": -10.481327487602922, "params": {"colsample_bytree": 0.8510152411830668, "eta": 0.05460475995497491, "gamma": 323.50644541373543, "max_depth": 2.0, "min_child_weight": 4875.49546368617, "num_boost_round": 79.0, "subsample": 0.5067214828919366}, "datetime": {"datetime": "2024-01-20 16:05:39", "elapsed": 9631.407574, "delta": 0.006411}}
{"target": -10.481351824219068, "params": {"colsample_bytree": 0.8510152411830668, "eta": 0.05460475995497491, "gamma": 323.50644541373543, "max_depth": 2.0, "min_child_weight": 4875.49546368617, "num_boost_round": 80.0, "subsample": 0.5067214828919366}, "datetime": {"datetime": "2024-01-20 16:05:39", "elapsed": 9631.413955, "delta": 0.006381}}
{"target": -10.481334450515327, "params": {"colsample_bytree": 0.8510152411830668, "eta": 0.05460475995497491, "gamma": 323.50644541373543, "max_depth": 2.0, "min_child_weight": 4875.49546368617, "num_boost_round": 81.0, "subsample": 0.5067214828919366}, "datetime": {"datetime": "2024-01-20 16:05:39", "elapsed": 9631.420335, "delta": 0.00638}}
{"target": -10.481362820278573, "params": {"colsample_bytree": 0.8510152411830668, "eta": 0.05460475995497491, "gamma": 323.50644541373543, "max_depth": 2.0, "min_child_weight": 4875.49546368617, "num_boost_round": 82.0, "subsample": 0.5067214828919366}, "datetime": {"datetime": "2024-01-20 16:05:39", "elapsed": 9631.426686, "delta": 0.006351}}
{"target": -10.481598725149201, "params": {"colsample_bytree": 0.8510152411830668, "eta": 0.05460475995497491, "gamma": 323.50644541373543, "max_depth": 2.0, "min_child_weight": 4875.49546368617, "num_boost_round": 83.0, "subsample": 0.5067214828919366}, "datetime": {"datetime": "2024-01-20 16:05:39", "elapsed": 9631.432992, "delta": 0.006306}}
{"target": -10.481666187108758, "params": {"colsample_bytree": 0.8510152411830668, "eta": 0.05460475995497491, "gamma": 323.50644541373543, "max_depth": 2.0, "min_child_weight": 4875.49546368617, "num_boost_round": 84.0, "subsample": 0.5067214828919366}, "datetime": {"datetime": "2024-01-20 16:05:39", "elapsed": 9631.439329, "delta": 0.006337}}
{"target": -10.481711396957145, "params": {"colsample_bytree": 0.8510152411830668, "eta": 0.05460475995497491, "gamma": 323.50644541373543, "max_depth": 2.0, "min_child_weight": 4875.49546368617, "num_boost_round": 85.0, "subsample": 0.5067214828919366}, "datetime": {"datetime": "2024-01-20 16:05:39", "elapsed": 9631.445657, "delta": 0.006328}}
{"target": -10.481906150592941, "params": {"colsample_bytree": 0.8510152411830668, "eta": 0.05460475995497491, "gamma": 323.50644541373543, "max_depth": 2.0, "min_child_weight": 4875.49546368617, "num_boost_round": 86.0, "subsample": 0.5067214828919366}, "datetime": {"datetime": "2024-01-20 16:05:39", "elapsed": 9631.452007, "delta": 0.00635}}
{"target": -10.481937712908575, "params": {"colsample_bytree": 0.8510152411830668, "eta": 0.05460475995497491, "gamma": 323.50644541373543, "max_depth": 2.0, "min_child_weight": 4875.49546368617, "num_boost_round": 87.0, "subsample": 0.5067214828919366}, "datetime": {"datetime": "2024-01-20 16:05:39", "elapsed": 9631.458824, "delta": 0.006817}}
{"target": -10.48186308985371, "params": {"colsample_bytree": 0.8510152411830668, "eta": 0.05460475995497491, "gamma": 323.50644541373543, "max_depth": 2.0, "min_child_weight": 4875.49546368617, "num_boost_round": 88.0, "subsample": 0.5067214828919366}, "datetime": {"datetime": "2024-01-20 16:05:39", "elapsed": 9631.465707, "delta": 0.006883}}
{"target": -10.481860499711162, "params": {"colsample_bytree": 0.8510152411830668, "eta": 0.05460475995497491, "gamma": 323.50644541373543, "max_depth": 2.0, "min_child_weight": 4875.49546368617, "num_boost_round": 89.0, "subsample": 0.5067214828919366}, "datetime": {"datetime": "2024-01-20 16:05:39", "elapsed": 9631.47242, "delta": 0.006713}}
{"target": -10.481863945342091, "params": {"colsample_bytree": 0.8510152411830668, "eta": 0.05460475995497491, "gamma": 323.50644541373543, "max_depth": 2.0, "min_child_weight": 4875.49546368617, "num_boost_round": 90.0, "subsample": 0.5067214828919366}, "datetime": {"datetime": "2024-01-20 16:05:39", "elapsed": 9631.479049, "delta": 0.006629}}
{"target": -10.481917036264775, "params": {"colsample_bytree": 0.8510152411830668, "eta": 0.05460475995497491, "gamma": 323.50644541373543, "max_depth": 2.0, "min_child_weight": 4875.49546368617, "num_boost_round": 91.0, "subsample": 0.5067214828919366}, "datetime": {"datetime": "2024-01-20 16:05:39", "elapsed": 9631.485451, "delta": 0.006402}}
