{"target": -10.475268154656018, "params": {"colsample_bytree": 0.37389057465381614, "eta": 0.046271239530316734, "gamma": 341.09796102596266, "max_depth": 3.0, "min_child_weight": 4539.100088454825, "num_boost_round": 6.0, "subsample": 0.49738331831292315}, "datetime": {"datetime": "2024-01-20 14:46:47", "elapsed": 4899.338222, "delta": 0.004198}}
{"target": -10.475235506687579, "params": {"colsample_bytree": 0.37389057465381614, "eta": 0.046271239530316734, "gamma": 341.09796102596266, "max_depth": 3.0, "min_child_weight": 4539.100088454825, "num_boost_round": 7.0, "subsample": 0.49738331831292315}, "datetime": {"datetime": "2024-01-20 14:46:47", "elapsed": 4899.350413, "delta": 0.012191}}
{"target": -10.475176967185833, "params": {"colsample_bytree": 0.37389057465381614, "eta": 0.046271239530316734, "gamma": 341.09796102596266, "max_depth": 3.0, "min_child_weight": 4539.100088454825, "num_boost_round": 8.0, "subsample": 0.49738331831292315}, "datetime": {"datetime": "2024-01-20 14:46:47", "elapsed": 4899.354612, "delta": 0.004199}}
{"target": -10.475392316400834, "params": {"colsample_bytree": 0.37389057465381614, "eta": 0.046271239530316734, "gamma": 341.09796102596266, "max_depth": 3.0, "min_child_weight": 4539.100088454825, "num_boost_round": 9.0, "subsample": 0.49738331831292315}, "datetime": {"datetime": "2024-01-20 14:46:47", "elapsed": 4899.358794, "delta": 0.004182}}
{"target": -10.475298091694675, "params": {"colsample_bytree": 0.37389057465381614, "eta": 0.046271239530316734, "gamma": 341.09796102596266, "max_depth": 3.0, "min_child_weight": 4539.100088454825, "num_boost_round": 10.0, "subsample": 0.49738331831292315}, "datetime": {"datetime": "2024-01-20 14:46:47", "elapsed": 4899.36304, "delta": 0.004246}}
{"target": -10.47557967337508, "params": {"colsample_bytree": 0.37389057465381614, "eta": 0.046271239530316734, "gamma": 341.09796102596266, "max_depth": 3.0, "min_child_weight": 4539.100088454825, "num_boost_round": 11.0, "subsample": 0.49738331831292315}, "datetime": {"datetime": "2024-01-20 14:46:47", "elapsed": 4899.367189, "delta": 0.004149}}
{"target": -10.475665900620717, "params": {"colsample_bytree": 0.37389057465381614, "eta": 0.046271239530316734, "gamma": 341.09796102596266, "max_depth": 3.0, "min_child_weight": 4539.100088454825, "num_boost_round": 12.0, "subsample": 0.49738331831292315}, "datetime": {"datetime": "2024-01-20 14:46:47", "elapsed": 4899.37124, "delta": 0.004051}}
{"target": -10.47593240635588, "params": {"colsample_bytree": 0.37389057465381614, "eta": 0.046271239530316734, "gamma": 341.09796102596266, "max_depth": 3.0, "min_child_weight": 4539.100088454825, "num_boost_round": 13.0, "subsample": 0.49738331831292315}, "datetime": {"datetime": "2024-01-20 14:46:47", "elapsed": 4899.375218, "delta": 0.003978}}
{"target": -10.475641742767124, "params": {"colsample_bytree": 0.37389057465381614, "eta": 0.046271239530316734, "gamma": 341.09796102596266, "max_depth": 3.0, "min_child_weight": 4539.100088454825, "num_boost_round": 14.0, "subsample": 0.49738331831292315}, "datetime": {"datetime": "2024-01-20 14:46:47", "elapsed": 4899.379418, "delta": 0.0042}}
{"target": -10.475785766193974, "params": {"colsample_bytree": 0.37389057465381614, "eta": 0.046271239530316734, "gamma": 341.09796102596266, "max_depth": 3.0, "min_child_weight": 4539.100088454825, "num_boost_round": 15.0, "subsample": 0.49738331831292315}, "datetime": {"datetime": "2024-01-20 14:46:47", "elapsed": 4899.383383, "delta": 0.003965}}
{"target": -10.475960548676792, "params": {"colsample_bytree": 0.37389057465381614, "eta": 0.046271239530316734, "gamma": 341.09796102596266, "max_depth": 3.0, "min_child_weight": 4539.100088454825, "num_boost_round": 16.0, "subsample": 0.49738331831292315}, "datetime": {"datetime": "2024-01-20 14:46:47", "elapsed": 4899.387385, "delta": 0.004002}}
{"target": -10.475952297563675, "params": {"colsample_bytree": 0.37389057465381614, "eta": 0.046271239530316734, "gamma": 341.09796102596266, "max_depth": 3.0, "min_child_weight": 4539.100088454825, "num_boost_round": 17.0, "subsample": 0.49738331831292315}, "datetime": {"datetime": "2024-01-20 14:46:47", "elapsed": 4899.391539, "delta": 0.004154}}
{"target": -10.476005095906157, "params": {"colsample_bytree": 0.37389057465381614, "eta": 0.046271239530316734, "gamma": 341.09796102596266, "max_depth": 3.0, "min_child_weight": 4539.100088454825, "num_boost_round": 18.0, "subsample": 0.49738331831292315}, "datetime": {"datetime": "2024-01-20 14:46:47", "elapsed": 4899.395547, "delta": 0.004008}}
{"target": -10.476355829335752, "params": {"colsample_bytree": 0.37389057465381614, "eta": 0.046271239530316734, "gamma": 341.09796102596266, "max_depth": 3.0, "min_child_weight": 4539.100088454825, "num_boost_round": 19.0, "subsample": 0.49738331831292315}, "datetime": {"datetime": "2024-01-20 14:46:47", "elapsed": 4899.399645, "delta": 0.004098}}
{"target": -10.476384452779655, "params": {"colsample_bytree": 0.37389057465381614, "eta": 0.046271239530316734, "gamma": 341.09796102596266, "max_depth": 3.0, "min_child_weight": 4539.100088454825, "num_boost_round": 20.0, "subsample": 0.49738331831292315}, "datetime": {"datetime": "2024-01-20 14:46:47", "elapsed": 4899.403727, "delta": 0.004082}}
{"target": -10.476586035596874, "params": {"colsample_bytree": 0.37389057465381614, "eta": 0.046271239530316734, "gamma": 341.09796102596266, "max_depth": 3.0, "min_child_weight": 4539.100088454825, "num_boost_round": 21.0, "subsample": 0.49738331831292315}, "datetime": {"datetime": "2024-01-20 14:46:47", "elapsed": 4899.40781, "delta": 0.004083}}
{"target": -10.476580524292737, "params": {"colsample_bytree": 0.37389057465381614, "eta": 0.046271239530316734, "gamma": 341.09796102596266, "max_depth": 3.0, "min_child_weight": 4539.100088454825, "num_boost_round": 22.0, "subsample": 0.49738331831292315}, "datetime": {"datetime": "2024-01-20 14:46:47", "elapsed": 4899.41196, "delta": 0.00415}}
{"target": -10.476700135497481, "params": {"colsample_bytree": 0.37389057465381614, "eta": 0.046271239530316734, "gamma": 341.09796102596266, "max_depth": 3.0, "min_child_weight": 4539.100088454825, "num_boost_round": 23.0, "subsample": 0.49738331831292315}, "datetime": {"datetime": "2024-01-20 14:46:47", "elapsed": 4899.416141, "delta": 0.004181}}
{"target": -10.476604750181593, "params": {"colsample_bytree": 0.37389057465381614, "eta": 0.046271239530316734, "gamma": 341.09796102596266, "max_depth": 3.0, "min_child_weight": 4539.100088454825, "num_boost_round": 24.0, "subsample": 0.49738331831292315}, "datetime": {"datetime": "2024-01-20 14:46:47", "elapsed": 4899.420218, "delta": 0.004077}}
{"target": -10.476614864532856, "params": {"colsample_bytree": 0.37389057465381614, "eta": 0.046271239530316734, "gamma": 341.09796102596266, "max_depth": 3.0, "min_child_weight": 4539.100088454825, "num_boost_round": 25.0, "subsample": 0.49738331831292315}, "datetime": {"datetime": "2024-01-20 14:46:47", "elapsed": 4899.424255, "delta": 0.004037}}
{"target": -10.476662945670633, "params": {"colsample_bytree": 0.37389057465381614, "eta": 0.046271239530316734, "gamma": 341.09796102596266, "max_depth": 3.0, "min_child_weight": 4539.100088454825, "num_boost_round": 26.0, "subsample": 0.49738331831292315}, "datetime": {"datetime": "2024-01-20 14:46:47", "elapsed": 4899.428345, "delta": 0.00409}}
{"target": -10.47688409365651, "params": {"colsample_bytree": 0.37389057465381614, "eta": 0.046271239530316734, "gamma": 341.09796102596266, "max_depth": 3.0, "min_child_weight": 4539.100088454825, "num_boost_round": 27.0, "subsample": 0.49738331831292315}, "datetime": {"datetime": "2024-01-20 14:46:47", "elapsed": 4899.432336, "delta": 0.003991}}
{"target": -10.475726636716358, "params": {"colsample_bytree": 0.3066512308916117, "eta": 0.06996336931915027, "gamma": 331.72617551634596, "max_depth": 8.0, "min_child_weight": 4479.846795097998, "num_boost_round": 1.0, "subsample": 0.7607083481542334}, "datetime": {"datetime": "2024-01-20 14:48:33", "elapsed": 5005.846038, "delta": 106.413702}}
{"target": -10.475424706831628, "params": {"colsample_bytree": 0.3066512308916117, "eta": 0.06996336931915027, "gamma": 331.72617551634596, "max_depth": 8.0, "min_child_weight": 4479.846795097998, "num_boost_round": 2.0, "subsample": 0.7607083481542334}, "datetime": {"datetime": "2024-01-20 14:48:33", "elapsed": 5005.850797, "delta": 0.004759}}
{"target": -10.475709650581965, "params": {"colsample_bytree": 0.3066512308916117, "eta": 0.06996336931915027, "gamma": 331.72617551634596, "max_depth": 8.0, "min_child_weight": 4479.846795097998, "num_boost_round": 3.0, "subsample": 0.7607083481542334}, "datetime": {"datetime": "2024-01-20 14:48:33", "elapsed": 5005.854875, "delta": 0.004078}}
{"target": -10.4753468017053, "params": {"colsample_bytree": 0.3066512308916117, "eta": 0.06996336931915027, "gamma": 331.72617551634596, "max_depth": 8.0, "min_child_weight": 4479.846795097998, "num_boost_round": 4.0, "subsample": 0.7607083481542334}, "datetime": {"datetime": "2024-01-20 14:48:33", "elapsed": 5005.859234, "delta": 0.004359}}
{"target": -10.474858198442298, "params": {"colsample_bytree": 0.3066512308916117, "eta": 0.06996336931915027, "gamma": 331.72617551634596, "max_depth": 8.0, "min_child_weight": 4479.846795097998, "num_boost_round": 5.0, "subsample": 0.7607083481542334}, "datetime": {"datetime": "2024-01-20 14:48:33", "elapsed": 5005.863373, "delta": 0.004139}}
{"target": -10.474874606655867, "params": {"colsample_bytree": 0.3066512308916117, "eta": 0.06996336931915027, "gamma": 331.72617551634596, "max_depth": 8.0, "min_child_weight": 4479.846795097998, "num_boost_round": 6.0, "subsample": 0.7607083481542334}, "datetime": {"datetime": "2024-01-20 14:48:33", "elapsed": 5005.867461, "delta": 0.004088}}
{"target": -10.474554872484067, "params": {"colsample_bytree": 0.3066512308916117, "eta": 0.06996336931915027, "gamma": 331.72617551634596, "max_depth": 8.0, "min_child_weight": 4479.846795097998, "num_boost_round": 7.0, "subsample": 0.7607083481542334}, "datetime": {"datetime": "2024-01-20 14:48:33", "elapsed": 5005.871556, "delta": 0.004095}}
{"target": -10.474360739619101, "params": {"colsample_bytree": 0.3066512308916117, "eta": 0.06996336931915027, "gamma": 331.72617551634596, "max_depth": 8.0, "min_child_weight": 4479.846795097998, "num_boost_round": 8.0, "subsample": 0.7607083481542334}, "datetime": {"datetime": "2024-01-20 14:48:33", "elapsed": 5005.875637, "delta": 0.004081}}
{"target": -10.474511961584149, "params": {"colsample_bytree": 0.3066512308916117, "eta": 0.06996336931915027, "gamma": 331.72617551634596, "max_depth": 8.0, "min_child_weight": 4479.846795097998, "num_boost_round": 9.0, "subsample": 0.7607083481542334}, "datetime": {"datetime": "2024-01-20 14:48:33", "elapsed": 5005.879747, "delta": 0.00411}}
{"target": -10.4752399451977, "params": {"colsample_bytree": 0.3066512308916117, "eta": 0.06996336931915027, "gamma": 331.72617551634596, "max_depth": 8.0, "min_child_weight": 4479.846795097998, "num_boost_round": 10.0, "subsample": 0.7607083481542334}, "datetime": {"datetime": "2024-01-20 14:48:33", "elapsed": 5005.883804, "delta": 0.004057}}
{"target": -10.475549372035037, "params": {"colsample_bytree": 0.3066512308916117, "eta": 0.06996336931915027, "gamma": 331.72617551634596, "max_depth": 8.0, "min_child_weight": 4479.846795097998, "num_boost_round": 11.0, "subsample": 0.7607083481542334}, "datetime": {"datetime": "2024-01-20 14:48:33", "elapsed": 5005.887874, "delta": 0.00407}}
{"target": -10.47568448837578, "params": {"colsample_bytree": 0.3066512308916117, "eta": 0.06996336931915027, "gamma": 331.72617551634596, "max_depth": 8.0, "min_child_weight": 4479.846795097998, "num_boost_round": 12.0, "subsample": 0.7607083481542334}, "datetime": {"datetime": "2024-01-20 14:48:33", "elapsed": 5005.891855, "delta": 0.003981}}
{"target": -10.475688157432419, "params": {"colsample_bytree": 0.3066512308916117, "eta": 0.06996336931915027, "gamma": 331.72617551634596, "max_depth": 8.0, "min_child_weight": 4479.846795097998, "num_boost_round": 13.0, "subsample": 0.7607083481542334}, "datetime": {"datetime": "2024-01-20 14:48:33", "elapsed": 5005.895965, "delta": 0.00411}}
{"target": -10.475756824922914, "params": {"colsample_bytree": 0.3066512308916117, "eta": 0.06996336931915027, "gamma": 331.72617551634596, "max_depth": 8.0, "min_child_weight": 4479.846795097998, "num_boost_round": 14.0, "subsample": 0.7607083481542334}, "datetime": {"datetime": "2024-01-20 14:48:33", "elapsed": 5005.90005, "delta": 0.004085}}
{"target": -10.476029551695522, "params": {"colsample_bytree": 0.3066512308916117, "eta": 0.06996336931915027, "gamma": 331.72617551634596, "max_depth": 8.0, "min_child_weight": 4479.846795097998, "num_boost_round": 15.0, "subsample": 0.7607083481542334}, "datetime": {"datetime": "2024-01-20 14:48:33", "elapsed": 5005.904059, "delta": 0.004009}}
{"target": -10.476638172177324, "params": {"colsample_bytree": 0.3066512308916117, "eta": 0.06996336931915027, "gamma": 331.72617551634596, "max_depth": 8.0, "min_child_weight": 4479.846795097998, "num_boost_round": 16.0, "subsample": 0.7607083481542334}, "datetime": {"datetime": "2024-01-20 14:48:33", "elapsed": 5005.9082, "delta": 0.004141}}
{"target": -10.47724594320922, "params": {"colsample_bytree": 0.3066512308916117, "eta": 0.06996336931915027, "gamma": 331.72617551634596, "max_depth": 8.0, "min_child_weight": 4479.846795097998, "num_boost_round": 17.0, "subsample": 0.7607083481542334}, "datetime": {"datetime": "2024-01-20 14:48:33", "elapsed": 5005.912265, "delta": 0.004065}}
{"target": -10.477016860900877, "params": {"colsample_bytree": 0.3066512308916117, "eta": 0.06996336931915027, "gamma": 331.72617551634596, "max_depth": 8.0, "min_child_weight": 4479.846795097998, "num_boost_round": 18.0, "subsample": 0.7607083481542334}, "datetime": {"datetime": "2024-01-20 14:48:33", "elapsed": 5005.916358, "delta": 0.004093}}
{"target": -10.47711155014978, "params": {"colsample_bytree": 0.3066512308916117, "eta": 0.06996336931915027, "gamma": 331.72617551634596, "max_depth": 8.0, "min_child_weight": 4479.846795097998, "num_boost_round": 19.0, "subsample": 0.7607083481542334}, "datetime": {"datetime": "2024-01-20 14:48:33", "elapsed": 5005.920461, "delta": 0.004103}}
{"target": -10.477294018423224, "params": {"colsample_bytree": 0.3066512308916117, "eta": 0.06996336931915027, "gamma": 331.72617551634596, "max_depth": 8.0, "min_child_weight": 4479.846795097998, "num_boost_round": 20.0, "subsample": 0.7607083481542334}, "datetime": {"datetime": "2024-01-20 14:48:33", "elapsed": 5005.924503, "delta": 0.004042}}
{"target": -10.478066112763013, "params": {"colsample_bytree": 0.3066512308916117, "eta": 0.06996336931915027, "gamma": 331.72617551634596, "max_depth": 8.0, "min_child_weight": 4479.846795097998, "num_boost_round": 21.0, "subsample": 0.7607083481542334}, "datetime": {"datetime": "2024-01-20 14:48:33", "elapsed": 5005.928584, "delta": 0.004081}}
{"target": -10.478025884279305, "params": {"colsample_bytree": 0.3066512308916117, "eta": 0.06996336931915027, "gamma": 331.72617551634596, "max_depth": 8.0, "min_child_weight": 4479.846795097998, "num_boost_round": 22.0, "subsample": 0.7607083481542334}, "datetime": {"datetime": "2024-01-20 14:48:33", "elapsed": 5005.93263, "delta": 0.004046}}
{"target": -10.478357658593907, "params": {"colsample_bytree": 0.3066512308916117, "eta": 0.06996336931915027, "gamma": 331.72617551634596, "max_depth": 8.0, "min_child_weight": 4479.846795097998, "num_boost_round": 23.0, "subsample": 0.7607083481542334}, "datetime": {"datetime": "2024-01-20 14:48:33", "elapsed": 5005.93677, "delta": 0.00414}}
{"target": -10.478877329542296, "params": {"colsample_bytree": 0.3066512308916117, "eta": 0.06996336931915027, "gamma": 331.72617551634596, "max_depth": 8.0, "min_child_weight": 4479.846795097998, "num_boost_round": 24.0, "subsample": 0.7607083481542334}, "datetime": {"datetime": "2024-01-20 14:48:33", "elapsed": 5005.940843, "delta": 0.004073}}
{"target": -10.47917228438417, "params": {"colsample_bytree": 0.3066512308916117, "eta": 0.06996336931915027, "gamma": 331.72617551634596, "max_depth": 8.0, "min_child_weight": 4479.846795097998, "num_boost_round": 25.0, "subsample": 0.7607083481542334}, "datetime": {"datetime": "2024-01-20 14:48:33", "elapsed": 5005.944924, "delta": 0.004081}}
{"target": -10.479205135654784, "params": {"colsample_bytree": 0.3066512308916117, "eta": 0.06996336931915027, "gamma": 331.72617551634596, "max_depth": 8.0, "min_child_weight": 4479.846795097998, "num_boost_round": 26.0, "subsample": 0.7607083481542334}, "datetime": {"datetime": "2024-01-20 14:48:33", "elapsed": 5005.949001, "delta": 0.004077}}
{"target": -10.47935764616983, "params": {"colsample_bytree": 0.3066512308916117, "eta": 0.06996336931915027, "gamma": 331.72617551634596, "max_depth": 8.0, "min_child_weight": 4479.846795097998, "num_boost_round": 27.0, "subsample": 0.7607083481542334}, "datetime": {"datetime": "2024-01-20 14:48:33", "elapsed": 5005.953383, "delta": 0.004382}}
{"target": -10.479539964429286, "params": {"colsample_bytree": 0.3066512308916117, "eta": 0.06996336931915027, "gamma": 331.72617551634596, "max_depth": 8.0, "min_child_weight": 4479.846795097998, "num_boost_round": 28.0, "subsample": 0.7607083481542334}, "datetime": {"datetime": "2024-01-20 14:48:33", "elapsed": 5005.957684, "delta": 0.004301}}
{"target": -10.47986430221188, "params": {"colsample_bytree": 0.3066512308916117, "eta": 0.06996336931915027, "gamma": 331.72617551634596, "max_depth": 8.0, "min_child_weight": 4479.846795097998, "num_boost_round": 29.0, "subsample": 0.7607083481542334}, "datetime": {"datetime": "2024-01-20 14:48:33", "elapsed": 5005.961845, "delta": 0.004161}}
{"target": -10.480220493717464, "params": {"colsample_bytree": 0.3066512308916117, "eta": 0.06996336931915027, "gamma": 331.72617551634596, "max_depth": 8.0, "min_child_weight": 4479.846795097998, "num_boost_round": 30.0, "subsample": 0.7607083481542334}, "datetime": {"datetime": "2024-01-20 14:48:33", "elapsed": 5005.966426, "delta": 0.004581}}
{"target": -10.480755717999577, "params": {"colsample_bytree": 0.3066512308916117, "eta": 0.06996336931915027, "gamma": 331.72617551634596, "max_depth": 8.0, "min_child_weight": 4479.846795097998, "num_boost_round": 31.0, "subsample": 0.7607083481542334}, "datetime": {"datetime": "2024-01-20 14:48:33", "elapsed": 5005.97118, "delta": 0.004754}}
{"target": -10.48120615446531, "params": {"colsample_bytree": 0.3066512308916117, "eta": 0.06996336931915027, "gamma": 331.72617551634596, "max_depth": 8.0, "min_child_weight": 4479.846795097998, "num_boost_round": 32.0, "subsample": 0.7607083481542334}, "datetime": {"datetime": "2024-01-20 14:48:33", "elapsed": 5005.975272, "delta": 0.004092}}
{"target": -10.48137378410421, "params": {"colsample_bytree": 0.3066512308916117, "eta": 0.06996336931915027, "gamma": 331.72617551634596, "max_depth": 8.0, "min_child_weight": 4479.846795097998, "num_boost_round": 33.0, "subsample": 0.7607083481542334}, "datetime": {"datetime": "2024-01-20 14:48:33", "elapsed": 5005.979376, "delta": 0.004104}}
{"target": -10.481390562785695, "params": {"colsample_bytree": 0.3066512308916117, "eta": 0.06996336931915027, "gamma": 331.72617551634596, "max_depth": 8.0, "min_child_weight": 4479.846795097998, "num_boost_round": 34.0, "subsample": 0.7607083481542334}, "datetime": {"datetime": "2024-01-20 14:48:33", "elapsed": 5005.983451, "delta": 0.004075}}
{"target": -10.481686321546443, "params": {"colsample_bytree": 0.3066512308916117, "eta": 0.06996336931915027, "gamma": 331.72617551634596, "max_depth": 8.0, "min_child_weight": 4479.846795097998, "num_boost_round": 35.0, "subsample": 0.7607083481542334}, "datetime": {"datetime": "2024-01-20 14:48:33", "elapsed": 5005.987493, "delta": 0.004042}}
{"target": -10.481915030592525, "params": {"colsample_bytree": 0.3066512308916117, "eta": 0.06996336931915027, "gamma": 331.72617551634596, "max_depth": 8.0, "min_child_weight": 4479.846795097998, "num_boost_round": 36.0, "subsample": 0.7607083481542334}, "datetime": {"datetime": "2024-01-20 14:48:33", "elapsed": 5005.991517, "delta": 0.004024}}
{"target": -10.482419003408825, "params": {"colsample_bytree": 0.3066512308916117, "eta": 0.06996336931915027, "gamma": 331.72617551634596, "max_depth": 8.0, "min_child_weight": 4479.846795097998, "num_boost_round": 37.0, "subsample": 0.7607083481542334}, "datetime": {"datetime": "2024-01-20 14:48:33", "elapsed": 5005.995541, "delta": 0.004024}}
{"target": -10.48273757689006, "params": {"colsample_bytree": 0.3066512308916117, "eta": 0.06996336931915027, "gamma": 331.72617551634596, "max_depth": 8.0, "min_child_weight": 4479.846795097998, "num_boost_round": 38.0, "subsample": 0.7607083481542334}, "datetime": {"datetime": "2024-01-20 14:48:33", "elapsed": 5005.999581, "delta": 0.00404}}
{"target": -10.482903564544106, "params": {"colsample_bytree": 0.3066512308916117, "eta": 0.06996336931915027, "gamma": 331.72617551634596, "max_depth": 8.0, "min_child_weight": 4479.846795097998, "num_boost_round": 39.0, "subsample": 0.7607083481542334}, "datetime": {"datetime": "2024-01-20 14:48:33", "elapsed": 5006.003668, "delta": 0.004087}}
{"target": -10.48353417174676, "params": {"colsample_bytree": 0.3066512308916117, "eta": 0.06996336931915027, "gamma": 331.72617551634596, "max_depth": 8.0, "min_child_weight": 4479.846795097998, "num_boost_round": 40.0, "subsample": 0.7607083481542334}, "datetime": {"datetime": "2024-01-20 14:48:33", "elapsed": 5006.007765, "delta": 0.004097}}
{"target": -10.484079038434427, "params": {"colsample_bytree": 0.3066512308916117, "eta": 0.06996336931915027, "gamma": 331.72617551634596, "max_depth": 8.0, "min_child_weight": 4479.846795097998, "num_boost_round": 41.0, "subsample": 0.7607083481542334}, "datetime": {"datetime": "2024-01-20 14:48:33", "elapsed": 5006.01184, "delta": 0.004075}}
