{"target": -13.498527782560544, "params": {"colsample_bytree": 0.7635915087688542, "eta": 0.083392038453269, "gamma": 289.04189805530723, "max_depth": 6.0, "min_child_weight": 3865.68948045249, "num_boost_round": 25.0, "subsample": 0.39444396714026686}, "datetime": {"datetime": "2024-01-20 16:39:34", "elapsed": 8127.522628, "delta": 0.008221}}
{"target": -13.498363568545749, "params": {"colsample_bytree": 0.7635915087688542, "eta": 0.083392038453269, "gamma": 289.04189805530723, "max_depth": 6.0, "min_child_weight": 3865.68948045249, "num_boost_round": 26.0, "subsample": 0.39444396714026686}, "datetime": {"datetime": "2024-01-20 16:39:34", "elapsed": 8127.83737, "delta": 0.314742}}
{"target": -13.4985006584043, "params": {"colsample_bytree": 0.7635915087688542, "eta": 0.083392038453269, "gamma": 289.04189805530723, "max_depth": 6.0, "min_child_weight": 3865.68948045249, "num_boost_round": 27.0, "subsample": 0.39444396714026686}, "datetime": {"datetime": "2024-01-20 16:39:34", "elapsed": 8127.846805, "delta": 0.009435}}
{"target": -13.498561069730671, "params": {"colsample_bytree": 0.7635915087688542, "eta": 0.083392038453269, "gamma": 289.04189805530723, "max_depth": 6.0, "min_child_weight": 3865.68948045249, "num_boost_round": 28.0, "subsample": 0.39444396714026686}, "datetime": {"datetime": "2024-01-20 16:39:34", "elapsed": 8127.853927, "delta": 0.007122}}
{"target": -13.498582533187712, "params": {"colsample_bytree": 0.7635915087688542, "eta": 0.083392038453269, "gamma": 289.04189805530723, "max_depth": 6.0, "min_child_weight": 3865.68948045249, "num_boost_round": 29.0, "subsample": 0.39444396714026686}, "datetime": {"datetime": "2024-01-20 16:39:34", "elapsed": 8127.860739, "delta": 0.006812}}
{"target": -13.498449567738724, "params": {"colsample_bytree": 0.7635915087688542, "eta": 0.083392038453269, "gamma": 289.04189805530723, "max_depth": 6.0, "min_child_weight": 3865.68948045249, "num_boost_round": 30.0, "subsample": 0.39444396714026686}, "datetime": {"datetime": "2024-01-20 16:39:34", "elapsed": 8127.867542, "delta": 0.006803}}
{"target": -13.498491408932457, "params": {"colsample_bytree": 0.7635915087688542, "eta": 0.083392038453269, "gamma": 289.04189805530723, "max_depth": 6.0, "min_child_weight": 3865.68948045249, "num_boost_round": 31.0, "subsample": 0.39444396714026686}, "datetime": {"datetime": "2024-01-20 16:39:34", "elapsed": 8127.874705, "delta": 0.007163}}
{"target": -13.498999575822332, "params": {"colsample_bytree": 0.7635915087688542, "eta": 0.083392038453269, "gamma": 289.04189805530723, "max_depth": 6.0, "min_child_weight": 3865.68948045249, "num_boost_round": 32.0, "subsample": 0.39444396714026686}, "datetime": {"datetime": "2024-01-20 16:39:34", "elapsed": 8127.881636, "delta": 0.006931}}
{"target": -13.499117145109608, "params": {"colsample_bytree": 0.7635915087688542, "eta": 0.083392038453269, "gamma": 289.04189805530723, "max_depth": 6.0, "min_child_weight": 3865.68948045249, "num_boost_round": 33.0, "subsample": 0.39444396714026686}, "datetime": {"datetime": "2024-01-20 16:39:34", "elapsed": 8127.888355, "delta": 0.006719}}
{"target": -13.49785999602127, "params": {"colsample_bytree": 0.8569012472512025, "eta": 0.08393996212790952, "gamma": 228.98416796890132, "max_depth": 5.0, "min_child_weight": 3879.032109799545, "num_boost_round": 1.0, "subsample": 0.8491093004110668}, "datetime": {"datetime": "2024-01-20 16:42:01", "elapsed": 8274.678793, "delta": 146.790438}}
{"target": -13.498329963368878, "params": {"colsample_bytree": 0.8569012472512025, "eta": 0.08393996212790952, "gamma": 228.98416796890132, "max_depth": 5.0, "min_child_weight": 3879.032109799545, "num_boost_round": 2.0, "subsample": 0.8491093004110668}, "datetime": {"datetime": "2024-01-20 16:42:01", "elapsed": 8274.685763, "delta": 0.00697}}
{"target": -13.498537473222015, "params": {"colsample_bytree": 0.8569012472512025, "eta": 0.08393996212790952, "gamma": 228.98416796890132, "max_depth": 5.0, "min_child_weight": 3879.032109799545, "num_boost_round": 3.0, "subsample": 0.8491093004110668}, "datetime": {"datetime": "2024-01-20 16:42:01", "elapsed": 8274.692564, "delta": 0.006801}}
{"target": -13.498620434037639, "params": {"colsample_bytree": 0.8569012472512025, "eta": 0.08393996212790952, "gamma": 228.98416796890132, "max_depth": 5.0, "min_child_weight": 3879.032109799545, "num_boost_round": 4.0, "subsample": 0.8491093004110668}, "datetime": {"datetime": "2024-01-20 16:42:01", "elapsed": 8274.703532, "delta": 0.010968}}
{"target": -13.499158728099083, "params": {"colsample_bytree": 0.8569012472512025, "eta": 0.08393996212790952, "gamma": 228.98416796890132, "max_depth": 5.0, "min_child_weight": 3879.032109799545, "num_boost_round": 5.0, "subsample": 0.8491093004110668}, "datetime": {"datetime": "2024-01-20 16:42:01", "elapsed": 8274.71451, "delta": 0.010978}}
{"target": -13.499831210929015, "params": {"colsample_bytree": 0.8569012472512025, "eta": 0.08393996212790952, "gamma": 228.98416796890132, "max_depth": 5.0, "min_child_weight": 3879.032109799545, "num_boost_round": 6.0, "subsample": 0.8491093004110668}, "datetime": {"datetime": "2024-01-20 16:42:01", "elapsed": 8274.723013, "delta": 0.008503}}
{"target": -13.500422260093263, "params": {"colsample_bytree": 0.8569012472512025, "eta": 0.08393996212790952, "gamma": 228.98416796890132, "max_depth": 5.0, "min_child_weight": 3879.032109799545, "num_boost_round": 7.0, "subsample": 0.8491093004110668}, "datetime": {"datetime": "2024-01-20 16:42:01", "elapsed": 8274.730126, "delta": 0.007113}}
{"target": -13.501017960494174, "params": {"colsample_bytree": 0.8569012472512025, "eta": 0.08393996212790952, "gamma": 228.98416796890132, "max_depth": 5.0, "min_child_weight": 3879.032109799545, "num_boost_round": 8.0, "subsample": 0.8491093004110668}, "datetime": {"datetime": "2024-01-20 16:42:01", "elapsed": 8274.737013, "delta": 0.006887}}
{"target": -13.501871543242796, "params": {"colsample_bytree": 0.8569012472512025, "eta": 0.08393996212790952, "gamma": 228.98416796890132, "max_depth": 5.0, "min_child_weight": 3879.032109799545, "num_boost_round": 9.0, "subsample": 0.8491093004110668}, "datetime": {"datetime": "2024-01-20 16:42:01", "elapsed": 8274.743751, "delta": 0.006738}}
{"target": -13.503138333031014, "params": {"colsample_bytree": 0.8569012472512025, "eta": 0.08393996212790952, "gamma": 228.98416796890132, "max_depth": 5.0, "min_child_weight": 3879.032109799545, "num_boost_round": 10.0, "subsample": 0.8491093004110668}, "datetime": {"datetime": "2024-01-20 16:42:01", "elapsed": 8274.750504, "delta": 0.006753}}
{"target": -13.50379620250035, "params": {"colsample_bytree": 0.8569012472512025, "eta": 0.08393996212790952, "gamma": 228.98416796890132, "max_depth": 5.0, "min_child_weight": 3879.032109799545, "num_boost_round": 11.0, "subsample": 0.8491093004110668}, "datetime": {"datetime": "2024-01-20 16:42:01", "elapsed": 8274.75711, "delta": 0.006606}}
{"target": -13.505016415528445, "params": {"colsample_bytree": 0.8569012472512025, "eta": 0.08393996212790952, "gamma": 228.98416796890132, "max_depth": 5.0, "min_child_weight": 3879.032109799545, "num_boost_round": 12.0, "subsample": 0.8491093004110668}, "datetime": {"datetime": "2024-01-20 16:42:01", "elapsed": 8274.764062, "delta": 0.006952}}
{"target": -13.50522699478811, "params": {"colsample_bytree": 0.8569012472512025, "eta": 0.08393996212790952, "gamma": 228.98416796890132, "max_depth": 5.0, "min_child_weight": 3879.032109799545, "num_boost_round": 13.0, "subsample": 0.8491093004110668}, "datetime": {"datetime": "2024-01-20 16:42:01", "elapsed": 8274.771229, "delta": 0.007167}}
{"target": -13.50511091320091, "params": {"colsample_bytree": 0.8569012472512025, "eta": 0.08393996212790952, "gamma": 228.98416796890132, "max_depth": 5.0, "min_child_weight": 3879.032109799545, "num_boost_round": 14.0, "subsample": 0.8491093004110668}, "datetime": {"datetime": "2024-01-20 16:42:01", "elapsed": 8274.777998, "delta": 0.006769}}
{"target": -13.505804097207914, "params": {"colsample_bytree": 0.8569012472512025, "eta": 0.08393996212790952, "gamma": 228.98416796890132, "max_depth": 5.0, "min_child_weight": 3879.032109799545, "num_boost_round": 15.0, "subsample": 0.8491093004110668}, "datetime": {"datetime": "2024-01-20 16:42:01", "elapsed": 8274.784583, "delta": 0.006585}}
{"target": -13.506283199027497, "params": {"colsample_bytree": 0.8569012472512025, "eta": 0.08393996212790952, "gamma": 228.98416796890132, "max_depth": 5.0, "min_child_weight": 3879.032109799545, "num_boost_round": 16.0, "subsample": 0.8491093004110668}, "datetime": {"datetime": "2024-01-20 16:42:01", "elapsed": 8274.791367, "delta": 0.006784}}
{"target": -13.506205133414866, "params": {"colsample_bytree": 0.8569012472512025, "eta": 0.08393996212790952, "gamma": 228.98416796890132, "max_depth": 5.0, "min_child_weight": 3879.032109799545, "num_boost_round": 17.0, "subsample": 0.8491093004110668}, "datetime": {"datetime": "2024-01-20 16:42:01", "elapsed": 8274.798292, "delta": 0.006925}}
{"target": -13.506509876108534, "params": {"colsample_bytree": 0.8569012472512025, "eta": 0.08393996212790952, "gamma": 228.98416796890132, "max_depth": 5.0, "min_child_weight": 3879.032109799545, "num_boost_round": 18.0, "subsample": 0.8491093004110668}, "datetime": {"datetime": "2024-01-20 16:42:01", "elapsed": 8274.805228, "delta": 0.006936}}
{"target": -13.506815422985493, "params": {"colsample_bytree": 0.8569012472512025, "eta": 0.08393996212790952, "gamma": 228.98416796890132, "max_depth": 5.0, "min_child_weight": 3879.032109799545, "num_boost_round": 19.0, "subsample": 0.8491093004110668}, "datetime": {"datetime": "2024-01-20 16:42:01", "elapsed": 8274.812083, "delta": 0.006855}}
{"target": -13.506981056996523, "params": {"colsample_bytree": 0.8569012472512025, "eta": 0.08393996212790952, "gamma": 228.98416796890132, "max_depth": 5.0, "min_child_weight": 3879.032109799545, "num_boost_round": 20.0, "subsample": 0.8491093004110668}, "datetime": {"datetime": "2024-01-20 16:42:01", "elapsed": 8274.818914, "delta": 0.006831}}
{"target": -13.507033992195367, "params": {"colsample_bytree": 0.8569012472512025, "eta": 0.08393996212790952, "gamma": 228.98416796890132, "max_depth": 5.0, "min_child_weight": 3879.032109799545, "num_boost_round": 21.0, "subsample": 0.8491093004110668}, "datetime": {"datetime": "2024-01-20 16:42:01", "elapsed": 8274.82909, "delta": 0.010176}}
{"target": -13.50689609740589, "params": {"colsample_bytree": 0.8569012472512025, "eta": 0.08393996212790952, "gamma": 228.98416796890132, "max_depth": 5.0, "min_child_weight": 3879.032109799545, "num_boost_round": 22.0, "subsample": 0.8491093004110668}, "datetime": {"datetime": "2024-01-20 16:42:01", "elapsed": 8274.840376, "delta": 0.011286}}
{"target": -13.507168503550817, "params": {"colsample_bytree": 0.8569012472512025, "eta": 0.08393996212790952, "gamma": 228.98416796890132, "max_depth": 5.0, "min_child_weight": 3879.032109799545, "num_boost_round": 23.0, "subsample": 0.8491093004110668}, "datetime": {"datetime": "2024-01-20 16:42:01", "elapsed": 8274.848657, "delta": 0.008281}}
{"target": -13.507209477780252, "params": {"colsample_bytree": 0.8569012472512025, "eta": 0.08393996212790952, "gamma": 228.98416796890132, "max_depth": 5.0, "min_child_weight": 3879.032109799545, "num_boost_round": 24.0, "subsample": 0.8491093004110668}, "datetime": {"datetime": "2024-01-20 16:42:01", "elapsed": 8274.855965, "delta": 0.007308}}
{"target": -13.507356289673751, "params": {"colsample_bytree": 0.8569012472512025, "eta": 0.08393996212790952, "gamma": 228.98416796890132, "max_depth": 5.0, "min_child_weight": 3879.032109799545, "num_boost_round": 25.0, "subsample": 0.8491093004110668}, "datetime": {"datetime": "2024-01-20 16:42:01", "elapsed": 8274.862826, "delta": 0.006861}}
{"target": -13.50746537869917, "params": {"colsample_bytree": 0.8569012472512025, "eta": 0.08393996212790952, "gamma": 228.98416796890132, "max_depth": 5.0, "min_child_weight": 3879.032109799545, "num_boost_round": 26.0, "subsample": 0.8491093004110668}, "datetime": {"datetime": "2024-01-20 16:42:01", "elapsed": 8274.869488, "delta": 0.006662}}
{"target": -13.497520935406175, "params": {"colsample_bytree": 0.4426901719386489, "eta": 0.060093136878274195, "gamma": 261.11017613903095, "max_depth": 8.0, "min_child_weight": 3889.559480393735, "num_boost_round": 1.0, "subsample": 0.6723016786856783}, "datetime": {"datetime": "2024-01-20 16:43:35", "elapsed": 8368.707695, "delta": 93.838207}}
{"target": -13.497191754558159, "params": {"colsample_bytree": 0.4426901719386489, "eta": 0.060093136878274195, "gamma": 261.11017613903095, "max_depth": 8.0, "min_child_weight": 3889.559480393735, "num_boost_round": 2.0, "subsample": 0.6723016786856783}, "datetime": {"datetime": "2024-01-20 16:43:35", "elapsed": 8368.715802, "delta": 0.008107}}
{"target": -13.49737737797126, "params": {"colsample_bytree": 0.4426901719386489, "eta": 0.060093136878274195, "gamma": 261.11017613903095, "max_depth": 8.0, "min_child_weight": 3889.559480393735, "num_boost_round": 3.0, "subsample": 0.6723016786856783}, "datetime": {"datetime": "2024-01-20 16:43:35", "elapsed": 8368.722716, "delta": 0.006914}}
{"target": -13.497619305981754, "params": {"colsample_bytree": 0.4426901719386489, "eta": 0.060093136878274195, "gamma": 261.11017613903095, "max_depth": 8.0, "min_child_weight": 3889.559480393735, "num_boost_round": 4.0, "subsample": 0.6723016786856783}, "datetime": {"datetime": "2024-01-20 16:43:35", "elapsed": 8368.729305, "delta": 0.006589}}
{"target": -13.497209556985863, "params": {"colsample_bytree": 0.4426901719386489, "eta": 0.060093136878274195, "gamma": 261.11017613903095, "max_depth": 8.0, "min_child_weight": 3889.559480393735, "num_boost_round": 5.0, "subsample": 0.6723016786856783}, "datetime": {"datetime": "2024-01-20 16:43:35", "elapsed": 8368.73621, "delta": 0.006905}}
{"target": -13.49705273178002, "params": {"colsample_bytree": 0.4426901719386489, "eta": 0.060093136878274195, "gamma": 261.11017613903095, "max_depth": 8.0, "min_child_weight": 3889.559480393735, "num_boost_round": 6.0, "subsample": 0.6723016786856783}, "datetime": {"datetime": "2024-01-20 16:43:35", "elapsed": 8368.743101, "delta": 0.006891}}
{"target": -13.49715474377506, "params": {"colsample_bytree": 0.4426901719386489, "eta": 0.060093136878274195, "gamma": 261.11017613903095, "max_depth": 8.0, "min_child_weight": 3889.559480393735, "num_boost_round": 7.0, "subsample": 0.6723016786856783}, "datetime": {"datetime": "2024-01-20 16:43:35", "elapsed": 8368.749672, "delta": 0.006571}}
{"target": -13.497106965367369, "params": {"colsample_bytree": 0.4426901719386489, "eta": 0.060093136878274195, "gamma": 261.11017613903095, "max_depth": 8.0, "min_child_weight": 3889.559480393735, "num_boost_round": 8.0, "subsample": 0.6723016786856783}, "datetime": {"datetime": "2024-01-20 16:43:35", "elapsed": 8368.756589, "delta": 0.006917}}
{"target": -13.496789578725286, "params": {"colsample_bytree": 0.4426901719386489, "eta": 0.060093136878274195, "gamma": 261.11017613903095, "max_depth": 8.0, "min_child_weight": 3889.559480393735, "num_boost_round": 9.0, "subsample": 0.6723016786856783}, "datetime": {"datetime": "2024-01-20 16:43:35", "elapsed": 8368.76329, "delta": 0.006701}}
{"target": -13.496769838638707, "params": {"colsample_bytree": 0.4426901719386489, "eta": 0.060093136878274195, "gamma": 261.11017613903095, "max_depth": 8.0, "min_child_weight": 3889.559480393735, "num_boost_round": 10.0, "subsample": 0.6723016786856783}, "datetime": {"datetime": "2024-01-20 16:43:35", "elapsed": 8368.769813, "delta": 0.006523}}
{"target": -13.496933586719049, "params": {"colsample_bytree": 0.4426901719386489, "eta": 0.060093136878274195, "gamma": 261.11017613903095, "max_depth": 8.0, "min_child_weight": 3889.559480393735, "num_boost_round": 11.0, "subsample": 0.6723016786856783}, "datetime": {"datetime": "2024-01-20 16:43:35", "elapsed": 8368.776396, "delta": 0.006583}}
{"target": -13.49737391517488, "params": {"colsample_bytree": 0.4426901719386489, "eta": 0.060093136878274195, "gamma": 261.11017613903095, "max_depth": 8.0, "min_child_weight": 3889.559480393735, "num_boost_round": 12.0, "subsample": 0.6723016786856783}, "datetime": {"datetime": "2024-01-20 16:43:35", "elapsed": 8368.782905, "delta": 0.006509}}
{"target": -13.497344180296047, "params": {"colsample_bytree": 0.4426901719386489, "eta": 0.060093136878274195, "gamma": 261.11017613903095, "max_depth": 8.0, "min_child_weight": 3889.559480393735, "num_boost_round": 13.0, "subsample": 0.6723016786856783}, "datetime": {"datetime": "2024-01-20 16:43:35", "elapsed": 8368.789359, "delta": 0.006454}}
{"target": -13.497584975049723, "params": {"colsample_bytree": 0.4426901719386489, "eta": 0.060093136878274195, "gamma": 261.11017613903095, "max_depth": 8.0, "min_child_weight": 3889.559480393735, "num_boost_round": 14.0, "subsample": 0.6723016786856783}, "datetime": {"datetime": "2024-01-20 16:43:35", "elapsed": 8368.796246, "delta": 0.006887}}
{"target": -13.497677019016471, "params": {"colsample_bytree": 0.4426901719386489, "eta": 0.060093136878274195, "gamma": 261.11017613903095, "max_depth": 8.0, "min_child_weight": 3889.559480393735, "num_boost_round": 15.0, "subsample": 0.6723016786856783}, "datetime": {"datetime": "2024-01-20 16:43:35", "elapsed": 8368.802923, "delta": 0.006677}}
{"target": -13.49795408235039, "params": {"colsample_bytree": 0.4426901719386489, "eta": 0.060093136878274195, "gamma": 261.11017613903095, "max_depth": 8.0, "min_child_weight": 3889.559480393735, "num_boost_round": 16.0, "subsample": 0.6723016786856783}, "datetime": {"datetime": "2024-01-20 16:43:35", "elapsed": 8368.809433, "delta": 0.00651}}
{"target": -13.498218035548536, "params": {"colsample_bytree": 0.4426901719386489, "eta": 0.060093136878274195, "gamma": 261.11017613903095, "max_depth": 8.0, "min_child_weight": 3889.559480393735, "num_boost_round": 17.0, "subsample": 0.6723016786856783}, "datetime": {"datetime": "2024-01-20 16:43:35", "elapsed": 8368.816081, "delta": 0.006648}}
{"target": -13.49847561271121, "params": {"colsample_bytree": 0.4426901719386489, "eta": 0.060093136878274195, "gamma": 261.11017613903095, "max_depth": 8.0, "min_child_weight": 3889.559480393735, "num_boost_round": 18.0, "subsample": 0.6723016786856783}, "datetime": {"datetime": "2024-01-20 16:43:35", "elapsed": 8368.822547, "delta": 0.006466}}
{"target": -13.498716459795677, "params": {"colsample_bytree": 0.4426901719386489, "eta": 0.060093136878274195, "gamma": 261.11017613903095, "max_depth": 8.0, "min_child_weight": 3889.559480393735, "num_boost_round": 19.0, "subsample": 0.6723016786856783}, "datetime": {"datetime": "2024-01-20 16:43:35", "elapsed": 8368.829121, "delta": 0.006574}}
{"target": -13.497459985887108, "params": {"colsample_bytree": 0.4254622101194847, "eta": 0.0718467115871464, "gamma": 356.9594516853528, "max_depth": 9.0, "min_child_weight": 3815.388088383088, "num_boost_round": 1.0, "subsample": 0.39673090186138693}, "datetime": {"datetime": "2024-01-20 16:45:36", "elapsed": 8490.292684, "delta": 121.463563}}
{"target": -13.49702724319636, "params": {"colsample_bytree": 0.4254622101194847, "eta": 0.0718467115871464, "gamma": 356.9594516853528, "max_depth": 9.0, "min_child_weight": 3815.388088383088, "num_boost_round": 2.0, "subsample": 0.39673090186138693}, "datetime": {"datetime": "2024-01-20 16:45:36", "elapsed": 8490.300468, "delta": 0.007784}}
{"target": -13.497209296742858, "params": {"colsample_bytree": 0.4254622101194847, "eta": 0.0718467115871464, "gamma": 356.9594516853528, "max_depth": 9.0, "min_child_weight": 3815.388088383088, "num_boost_round": 3.0, "subsample": 0.39673090186138693}, "datetime": {"datetime": "2024-01-20 16:45:36", "elapsed": 8490.307328, "delta": 0.00686}}
{"target": -13.497474699214093, "params": {"colsample_bytree": 0.4254622101194847, "eta": 0.0718467115871464, "gamma": 356.9594516853528, "max_depth": 9.0, "min_child_weight": 3815.388088383088, "num_boost_round": 4.0, "subsample": 0.39673090186138693}, "datetime": {"datetime": "2024-01-20 16:45:36", "elapsed": 8490.314211, "delta": 0.006883}}
{"target": -13.49675915297546, "params": {"colsample_bytree": 0.4254622101194847, "eta": 0.0718467115871464, "gamma": 356.9594516853528, "max_depth": 9.0, "min_child_weight": 3815.388088383088, "num_boost_round": 5.0, "subsample": 0.39673090186138693}, "datetime": {"datetime": "2024-01-20 16:45:36", "elapsed": 8490.320851, "delta": 0.00664}}
{"target": -13.496549665891603, "params": {"colsample_bytree": 0.4254622101194847, "eta": 0.0718467115871464, "gamma": 356.9594516853528, "max_depth": 9.0, "min_child_weight": 3815.388088383088, "num_boost_round": 6.0, "subsample": 0.39673090186138693}, "datetime": {"datetime": "2024-01-20 16:45:36", "elapsed": 8490.327605, "delta": 0.006754}}
{"target": -13.496544131799983, "params": {"colsample_bytree": 0.4254622101194847, "eta": 0.0718467115871464, "gamma": 356.9594516853528, "max_depth": 9.0, "min_child_weight": 3815.388088383088, "num_boost_round": 7.0, "subsample": 0.39673090186138693}, "datetime": {"datetime": "2024-01-20 16:45:36", "elapsed": 8490.33497, "delta": 0.007365}}
{"target": -13.496320317754162, "params": {"colsample_bytree": 0.4254622101194847, "eta": 0.0718467115871464, "gamma": 356.9594516853528, "max_depth": 9.0, "min_child_weight": 3815.388088383088, "num_boost_round": 8.0, "subsample": 0.39673090186138693}, "datetime": {"datetime": "2024-01-20 16:45:36", "elapsed": 8490.342069, "delta": 0.007099}}
{"target": -13.496293939399914, "params": {"colsample_bytree": 0.4254622101194847, "eta": 0.0718467115871464, "gamma": 356.9594516853528, "max_depth": 9.0, "min_child_weight": 3815.388088383088, "num_boost_round": 9.0, "subsample": 0.39673090186138693}, "datetime": {"datetime": "2024-01-20 16:45:36", "elapsed": 8490.348863, "delta": 0.006794}}
