{"target": -19.163444733333364, "params": {"colsample_bytree": 0.4276492115161714, "eta": 0.032311668203220345, "gamma": 520.7409345942322, "max_depth": 9.0, "min_child_weight": 4028.416746395013, "num_boost_round": 88.0, "subsample": 0.7608049493939232}, "datetime": {"datetime": "2024-01-20 14:35:01", "elapsed": 669.544809, "delta": 0.001355}}
{"target": -19.163520752790134, "params": {"colsample_bytree": 0.4276492115161714, "eta": 0.032311668203220345, "gamma": 520.7409345942322, "max_depth": 9.0, "min_child_weight": 4028.416746395013, "num_boost_round": 89.0, "subsample": 0.7608049493939232}, "datetime": {"datetime": "2024-01-20 14:35:01", "elapsed": 669.546123, "delta": 0.001314}}
{"target": -19.163699536533706, "params": {"colsample_bytree": 0.4276492115161714, "eta": 0.032311668203220345, "gamma": 520.7409345942322, "max_depth": 9.0, "min_child_weight": 4028.416746395013, "num_boost_round": 90.0, "subsample": 0.7608049493939232}, "datetime": {"datetime": "2024-01-20 14:35:01", "elapsed": 669.547469, "delta": 0.001346}}
{"target": -19.16368083984652, "params": {"colsample_bytree": 0.4276492115161714, "eta": 0.032311668203220345, "gamma": 520.7409345942322, "max_depth": 9.0, "min_child_weight": 4028.416746395013, "num_boost_round": 91.0, "subsample": 0.7608049493939232}, "datetime": {"datetime": "2024-01-20 14:35:01", "elapsed": 669.548809, "delta": 0.00134}}
{"target": -19.163715577667727, "params": {"colsample_bytree": 0.4276492115161714, "eta": 0.032311668203220345, "gamma": 520.7409345942322, "max_depth": 9.0, "min_child_weight": 4028.416746395013, "num_boost_round": 92.0, "subsample": 0.7608049493939232}, "datetime": {"datetime": "2024-01-20 14:35:01", "elapsed": 669.550126, "delta": 0.001317}}
{"target": -19.163816025799235, "params": {"colsample_bytree": 0.4276492115161714, "eta": 0.032311668203220345, "gamma": 520.7409345942322, "max_depth": 9.0, "min_child_weight": 4028.416746395013, "num_boost_round": 93.0, "subsample": 0.7608049493939232}, "datetime": {"datetime": "2024-01-20 14:35:01", "elapsed": 669.551462, "delta": 0.001336}}
{"target": -19.16416899513451, "params": {"colsample_bytree": 0.4276492115161714, "eta": 0.032311668203220345, "gamma": 520.7409345942322, "max_depth": 9.0, "min_child_weight": 4028.416746395013, "num_boost_round": 94.0, "subsample": 0.7608049493939232}, "datetime": {"datetime": "2024-01-20 14:35:01", "elapsed": 669.552813, "delta": 0.001351}}
{"target": -19.164498046762162, "params": {"colsample_bytree": 0.4276492115161714, "eta": 0.032311668203220345, "gamma": 520.7409345942322, "max_depth": 9.0, "min_child_weight": 4028.416746395013, "num_boost_round": 95.0, "subsample": 0.7608049493939232}, "datetime": {"datetime": "2024-01-20 14:35:01", "elapsed": 669.554157, "delta": 0.001344}}
{"target": -19.164721523500816, "params": {"colsample_bytree": 0.4276492115161714, "eta": 0.032311668203220345, "gamma": 520.7409345942322, "max_depth": 9.0, "min_child_weight": 4028.416746395013, "num_boost_round": 96.0, "subsample": 0.7608049493939232}, "datetime": {"datetime": "2024-01-20 14:35:01", "elapsed": 669.555494, "delta": 0.001337}}
{"target": -19.1651498033788, "params": {"colsample_bytree": 0.4276492115161714, "eta": 0.032311668203220345, "gamma": 520.7409345942322, "max_depth": 9.0, "min_child_weight": 4028.416746395013, "num_boost_round": 97.0, "subsample": 0.7608049493939232}, "datetime": {"datetime": "2024-01-20 14:35:01", "elapsed": 669.556849, "delta": 0.001355}}
{"target": -19.165535738846415, "params": {"colsample_bytree": 0.4276492115161714, "eta": 0.032311668203220345, "gamma": 520.7409345942322, "max_depth": 9.0, "min_child_weight": 4028.416746395013, "num_boost_round": 98.0, "subsample": 0.7608049493939232}, "datetime": {"datetime": "2024-01-20 14:35:01", "elapsed": 669.558199, "delta": 0.00135}}
{"target": -19.1657227096478, "params": {"colsample_bytree": 0.4276492115161714, "eta": 0.032311668203220345, "gamma": 520.7409345942322, "max_depth": 9.0, "min_child_weight": 4028.416746395013, "num_boost_round": 99.0, "subsample": 0.7608049493939232}, "datetime": {"datetime": "2024-01-20 14:35:01", "elapsed": 669.559541, "delta": 0.001342}}
{"target": -19.165945459633758, "params": {"colsample_bytree": 0.4276492115161714, "eta": 0.032311668203220345, "gamma": 520.7409345942322, "max_depth": 9.0, "min_child_weight": 4028.416746395013, "num_boost_round": 100.0, "subsample": 0.7608049493939232}, "datetime": {"datetime": "2024-01-20 14:35:01", "elapsed": 669.560896, "delta": 0.001355}}
{"target": -19.16618845231811, "params": {"colsample_bytree": 0.4276492115161714, "eta": 0.032311668203220345, "gamma": 520.7409345942322, "max_depth": 9.0, "min_child_weight": 4028.416746395013, "num_boost_round": 101.0, "subsample": 0.7608049493939232}, "datetime": {"datetime": "2024-01-20 14:35:01", "elapsed": 669.562251, "delta": 0.001355}}
{"target": -19.16634222757574, "params": {"colsample_bytree": 0.4276492115161714, "eta": 0.032311668203220345, "gamma": 520.7409345942322, "max_depth": 9.0, "min_child_weight": 4028.416746395013, "num_boost_round": 102.0, "subsample": 0.7608049493939232}, "datetime": {"datetime": "2024-01-20 14:35:01", "elapsed": 669.563611, "delta": 0.00136}}
{"target": -19.16645890783026, "params": {"colsample_bytree": 0.4276492115161714, "eta": 0.032311668203220345, "gamma": 520.7409345942322, "max_depth": 9.0, "min_child_weight": 4028.416746395013, "num_boost_round": 103.0, "subsample": 0.7608049493939232}, "datetime": {"datetime": "2024-01-20 14:35:01", "elapsed": 669.564959, "delta": 0.001348}}
{"target": -19.16668923266338, "params": {"colsample_bytree": 0.4276492115161714, "eta": 0.032311668203220345, "gamma": 520.7409345942322, "max_depth": 9.0, "min_child_weight": 4028.416746395013, "num_boost_round": 104.0, "subsample": 0.7608049493939232}, "datetime": {"datetime": "2024-01-20 14:35:01", "elapsed": 669.566916, "delta": 0.001957}}
{"target": -19.166775527796716, "params": {"colsample_bytree": 0.4276492115161714, "eta": 0.032311668203220345, "gamma": 520.7409345942322, "max_depth": 9.0, "min_child_weight": 4028.416746395013, "num_boost_round": 105.0, "subsample": 0.7608049493939232}, "datetime": {"datetime": "2024-01-20 14:35:01", "elapsed": 669.568357, "delta": 0.001441}}
{"target": -19.166801430057312, "params": {"colsample_bytree": 0.4276492115161714, "eta": 0.032311668203220345, "gamma": 520.7409345942322, "max_depth": 9.0, "min_child_weight": 4028.416746395013, "num_boost_round": 106.0, "subsample": 0.7608049493939232}, "datetime": {"datetime": "2024-01-20 14:35:01", "elapsed": 669.569726, "delta": 0.001369}}
{"target": -19.16736467510303, "params": {"colsample_bytree": 0.4276492115161714, "eta": 0.032311668203220345, "gamma": 520.7409345942322, "max_depth": 9.0, "min_child_weight": 4028.416746395013, "num_boost_round": 107.0, "subsample": 0.7608049493939232}, "datetime": {"datetime": "2024-01-20 14:35:01", "elapsed": 669.571118, "delta": 0.001392}}
{"target": -19.167536601316385, "params": {"colsample_bytree": 0.4276492115161714, "eta": 0.032311668203220345, "gamma": 520.7409345942322, "max_depth": 9.0, "min_child_weight": 4028.416746395013, "num_boost_round": 108.0, "subsample": 0.7608049493939232}, "datetime": {"datetime": "2024-01-20 14:35:01", "elapsed": 669.572437, "delta": 0.001319}}
{"target": -19.167819217879206, "params": {"colsample_bytree": 0.4276492115161714, "eta": 0.032311668203220345, "gamma": 520.7409345942322, "max_depth": 9.0, "min_child_weight": 4028.416746395013, "num_boost_round": 109.0, "subsample": 0.7608049493939232}, "datetime": {"datetime": "2024-01-20 14:35:01", "elapsed": 669.573741, "delta": 0.001304}}
{"target": -19.167932144581712, "params": {"colsample_bytree": 0.4276492115161714, "eta": 0.032311668203220345, "gamma": 520.7409345942322, "max_depth": 9.0, "min_child_weight": 4028.416746395013, "num_boost_round": 110.0, "subsample": 0.7608049493939232}, "datetime": {"datetime": "2024-01-20 14:35:01", "elapsed": 669.575057, "delta": 0.001316}}
{"target": -19.168072242445497, "params": {"colsample_bytree": 0.4276492115161714, "eta": 0.032311668203220345, "gamma": 520.7409345942322, "max_depth": 9.0, "min_child_weight": 4028.416746395013, "num_boost_round": 111.0, "subsample": 0.7608049493939232}, "datetime": {"datetime": "2024-01-20 14:35:01", "elapsed": 669.576397, "delta": 0.00134}}
{"target": -19.16822742134548, "params": {"colsample_bytree": 0.4276492115161714, "eta": 0.032311668203220345, "gamma": 520.7409345942322, "max_depth": 9.0, "min_child_weight": 4028.416746395013, "num_boost_round": 112.0, "subsample": 0.7608049493939232}, "datetime": {"datetime": "2024-01-20 14:35:01", "elapsed": 669.577765, "delta": 0.001368}}
{"target": -19.16847328027596, "params": {"colsample_bytree": 0.4276492115161714, "eta": 0.032311668203220345, "gamma": 520.7409345942322, "max_depth": 9.0, "min_child_weight": 4028.416746395013, "num_boost_round": 113.0, "subsample": 0.7608049493939232}, "datetime": {"datetime": "2024-01-20 14:35:01", "elapsed": 669.57914, "delta": 0.001375}}
{"target": -19.168494148317464, "params": {"colsample_bytree": 0.4276492115161714, "eta": 0.032311668203220345, "gamma": 520.7409345942322, "max_depth": 9.0, "min_child_weight": 4028.416746395013, "num_boost_round": 114.0, "subsample": 0.7608049493939232}, "datetime": {"datetime": "2024-01-20 14:35:01", "elapsed": 669.58051, "delta": 0.00137}}
{"target": -19.16852194055805, "params": {"colsample_bytree": 0.4276492115161714, "eta": 0.032311668203220345, "gamma": 520.7409345942322, "max_depth": 9.0, "min_child_weight": 4028.416746395013, "num_boost_round": 115.0, "subsample": 0.7608049493939232}, "datetime": {"datetime": "2024-01-20 14:35:01", "elapsed": 669.581881, "delta": 0.001371}}
{"target": -19.168883125003134, "params": {"colsample_bytree": 0.4276492115161714, "eta": 0.032311668203220345, "gamma": 520.7409345942322, "max_depth": 9.0, "min_child_weight": 4028.416746395013, "num_boost_round": 116.0, "subsample": 0.7608049493939232}, "datetime": {"datetime": "2024-01-20 14:35:01", "elapsed": 669.583236, "delta": 0.001355}}
{"target": -19.169105996694178, "params": {"colsample_bytree": 0.4276492115161714, "eta": 0.032311668203220345, "gamma": 520.7409345942322, "max_depth": 9.0, "min_child_weight": 4028.416746395013, "num_boost_round": 117.0, "subsample": 0.7608049493939232}, "datetime": {"datetime": "2024-01-20 14:35:01", "elapsed": 669.584596, "delta": 0.00136}}
{"target": -19.16923045640329, "params": {"colsample_bytree": 0.4276492115161714, "eta": 0.032311668203220345, "gamma": 520.7409345942322, "max_depth": 9.0, "min_child_weight": 4028.416746395013, "num_boost_round": 118.0, "subsample": 0.7608049493939232}, "datetime": {"datetime": "2024-01-20 14:35:01", "elapsed": 669.585981, "delta": 0.001385}}
{"target": -19.16968673353199, "params": {"colsample_bytree": 0.4276492115161714, "eta": 0.032311668203220345, "gamma": 520.7409345942322, "max_depth": 9.0, "min_child_weight": 4028.416746395013, "num_boost_round": 119.0, "subsample": 0.7608049493939232}, "datetime": {"datetime": "2024-01-20 14:35:01", "elapsed": 669.587342, "delta": 0.001361}}
{"target": -19.169800409352415, "params": {"colsample_bytree": 0.4276492115161714, "eta": 0.032311668203220345, "gamma": 520.7409345942322, "max_depth": 9.0, "min_child_weight": 4028.416746395013, "num_boost_round": 120.0, "subsample": 0.7608049493939232}, "datetime": {"datetime": "2024-01-20 14:35:01", "elapsed": 669.588732, "delta": 0.00139}}
{"target": -19.17013384172055, "params": {"colsample_bytree": 0.4276492115161714, "eta": 0.032311668203220345, "gamma": 520.7409345942322, "max_depth": 9.0, "min_child_weight": 4028.416746395013, "num_boost_round": 121.0, "subsample": 0.7608049493939232}, "datetime": {"datetime": "2024-01-20 14:35:01", "elapsed": 669.590089, "delta": 0.001357}}
{"target": -19.170401993133684, "params": {"colsample_bytree": 0.4276492115161714, "eta": 0.032311668203220345, "gamma": 520.7409345942322, "max_depth": 9.0, "min_child_weight": 4028.416746395013, "num_boost_round": 122.0, "subsample": 0.7608049493939232}, "datetime": {"datetime": "2024-01-20 14:35:01", "elapsed": 669.591474, "delta": 0.001385}}
{"target": -19.17067751435414, "params": {"colsample_bytree": 0.4276492115161714, "eta": 0.032311668203220345, "gamma": 520.7409345942322, "max_depth": 9.0, "min_child_weight": 4028.416746395013, "num_boost_round": 123.0, "subsample": 0.7608049493939232}, "datetime": {"datetime": "2024-01-20 14:35:01", "elapsed": 669.592847, "delta": 0.001373}}
{"target": -19.170991188259897, "params": {"colsample_bytree": 0.4276492115161714, "eta": 0.032311668203220345, "gamma": 520.7409345942322, "max_depth": 9.0, "min_child_weight": 4028.416746395013, "num_boost_round": 124.0, "subsample": 0.7608049493939232}, "datetime": {"datetime": "2024-01-20 14:35:01", "elapsed": 669.594222, "delta": 0.001375}}
{"target": -19.17122889757897, "params": {"colsample_bytree": 0.4276492115161714, "eta": 0.032311668203220345, "gamma": 520.7409345942322, "max_depth": 9.0, "min_child_weight": 4028.416746395013, "num_boost_round": 125.0, "subsample": 0.7608049493939232}, "datetime": {"datetime": "2024-01-20 14:35:01", "elapsed": 669.595584, "delta": 0.001362}}
{"target": -19.17154581517611, "params": {"colsample_bytree": 0.4276492115161714, "eta": 0.032311668203220345, "gamma": 520.7409345942322, "max_depth": 9.0, "min_child_weight": 4028.416746395013, "num_boost_round": 126.0, "subsample": 0.7608049493939232}, "datetime": {"datetime": "2024-01-20 14:35:01", "elapsed": 669.596991, "delta": 0.001407}}
{"target": -19.17180395503564, "params": {"colsample_bytree": 0.4276492115161714, "eta": 0.032311668203220345, "gamma": 520.7409345942322, "max_depth": 9.0, "min_child_weight": 4028.416746395013, "num_boost_round": 127.0, "subsample": 0.7608049493939232}, "datetime": {"datetime": "2024-01-20 14:35:01", "elapsed": 669.598364, "delta": 0.001373}}
{"target": -19.172169527237052, "params": {"colsample_bytree": 0.4276492115161714, "eta": 0.032311668203220345, "gamma": 520.7409345942322, "max_depth": 9.0, "min_child_weight": 4028.416746395013, "num_boost_round": 128.0, "subsample": 0.7608049493939232}, "datetime": {"datetime": "2024-01-20 14:35:01", "elapsed": 669.599734, "delta": 0.00137}}
{"target": -19.143492082063553, "params": {"colsample_bytree": 0.4769740282454191, "eta": 0.039199839232823455, "gamma": 441.52532157851067, "max_depth": 8.0, "min_child_weight": 4092.33168574522, "num_boost_round": 1.0, "subsample": 0.9031393512892153}, "datetime": {"datetime": "2024-01-20 14:36:17", "elapsed": 745.318643, "delta": 75.718909}}
{"target": -19.143485473699812, "params": {"colsample_bytree": 0.4769740282454191, "eta": 0.039199839232823455, "gamma": 441.52532157851067, "max_depth": 8.0, "min_child_weight": 4092.33168574522, "num_boost_round": 2.0, "subsample": 0.9031393512892153}, "datetime": {"datetime": "2024-01-20 14:36:17", "elapsed": 745.321081, "delta": 0.002438}}
{"target": -19.143726097514843, "params": {"colsample_bytree": 0.4769740282454191, "eta": 0.039199839232823455, "gamma": 441.52532157851067, "max_depth": 8.0, "min_child_weight": 4092.33168574522, "num_boost_round": 3.0, "subsample": 0.9031393512892153}, "datetime": {"datetime": "2024-01-20 14:36:17", "elapsed": 745.32288, "delta": 0.001799}}
{"target": -19.143376545107138, "params": {"colsample_bytree": 0.4769740282454191, "eta": 0.039199839232823455, "gamma": 441.52532157851067, "max_depth": 8.0, "min_child_weight": 4092.33168574522, "num_boost_round": 4.0, "subsample": 0.9031393512892153}, "datetime": {"datetime": "2024-01-20 14:36:17", "elapsed": 745.324217, "delta": 0.001337}}
{"target": -19.14404052966985, "params": {"colsample_bytree": 0.4769740282454191, "eta": 0.039199839232823455, "gamma": 441.52532157851067, "max_depth": 8.0, "min_child_weight": 4092.33168574522, "num_boost_round": 5.0, "subsample": 0.9031393512892153}, "datetime": {"datetime": "2024-01-20 14:36:17", "elapsed": 745.325556, "delta": 0.001339}}
{"target": -19.14357775288867, "params": {"colsample_bytree": 0.4769740282454191, "eta": 0.039199839232823455, "gamma": 441.52532157851067, "max_depth": 8.0, "min_child_weight": 4092.33168574522, "num_boost_round": 6.0, "subsample": 0.9031393512892153}, "datetime": {"datetime": "2024-01-20 14:36:17", "elapsed": 745.327011, "delta": 0.001455}}
{"target": -19.143913906027826, "params": {"colsample_bytree": 0.4769740282454191, "eta": 0.039199839232823455, "gamma": 441.52532157851067, "max_depth": 8.0, "min_child_weight": 4092.33168574522, "num_boost_round": 7.0, "subsample": 0.9031393512892153}, "datetime": {"datetime": "2024-01-20 14:36:17", "elapsed": 745.328364, "delta": 0.001353}}
{"target": -19.14430670444317, "params": {"colsample_bytree": 0.4769740282454191, "eta": 0.039199839232823455, "gamma": 441.52532157851067, "max_depth": 8.0, "min_child_weight": 4092.33168574522, "num_boost_round": 8.0, "subsample": 0.9031393512892153}, "datetime": {"datetime": "2024-01-20 14:36:17", "elapsed": 745.329722, "delta": 0.001358}}
{"target": -19.14432335205244, "params": {"colsample_bytree": 0.4769740282454191, "eta": 0.039199839232823455, "gamma": 441.52532157851067, "max_depth": 8.0, "min_child_weight": 4092.33168574522, "num_boost_round": 9.0, "subsample": 0.9031393512892153}, "datetime": {"datetime": "2024-01-20 14:36:17", "elapsed": 745.331062, "delta": 0.00134}}
{"target": -19.14450930306635, "params": {"colsample_bytree": 0.4769740282454191, "eta": 0.039199839232823455, "gamma": 441.52532157851067, "max_depth": 8.0, "min_child_weight": 4092.33168574522, "num_boost_round": 10.0, "subsample": 0.9031393512892153}, "datetime": {"datetime": "2024-01-20 14:36:17", "elapsed": 745.332393, "delta": 0.001331}}
{"target": -19.144460690032876, "params": {"colsample_bytree": 0.4769740282454191, "eta": 0.039199839232823455, "gamma": 441.52532157851067, "max_depth": 8.0, "min_child_weight": 4092.33168574522, "num_boost_round": 11.0, "subsample": 0.9031393512892153}, "datetime": {"datetime": "2024-01-20 14:36:17", "elapsed": 745.334268, "delta": 0.001875}}
{"target": -19.14476777922264, "params": {"colsample_bytree": 0.4769740282454191, "eta": 0.039199839232823455, "gamma": 441.52532157851067, "max_depth": 8.0, "min_child_weight": 4092.33168574522, "num_boost_round": 12.0, "subsample": 0.9031393512892153}, "datetime": {"datetime": "2024-01-20 14:36:17", "elapsed": 745.335594, "delta": 0.001326}}
{"target": -19.145081116802366, "params": {"colsample_bytree": 0.4769740282454191, "eta": 0.039199839232823455, "gamma": 441.52532157851067, "max_depth": 8.0, "min_child_weight": 4092.33168574522, "num_boost_round": 13.0, "subsample": 0.9031393512892153}, "datetime": {"datetime": "2024-01-20 14:36:17", "elapsed": 745.337718, "delta": 0.002124}}
{"target": -19.145514313646842, "params": {"colsample_bytree": 0.4769740282454191, "eta": 0.039199839232823455, "gamma": 441.52532157851067, "max_depth": 8.0, "min_child_weight": 4092.33168574522, "num_boost_round": 14.0, "subsample": 0.9031393512892153}, "datetime": {"datetime": "2024-01-20 14:36:17", "elapsed": 745.339022, "delta": 0.001304}}
{"target": -19.146341152544565, "params": {"colsample_bytree": 0.4769740282454191, "eta": 0.039199839232823455, "gamma": 441.52532157851067, "max_depth": 8.0, "min_child_weight": 4092.33168574522, "num_boost_round": 15.0, "subsample": 0.9031393512892153}, "datetime": {"datetime": "2024-01-20 14:36:17", "elapsed": 745.340342, "delta": 0.00132}}
{"target": -19.146211141010113, "params": {"colsample_bytree": 0.4769740282454191, "eta": 0.039199839232823455, "gamma": 441.52532157851067, "max_depth": 8.0, "min_child_weight": 4092.33168574522, "num_boost_round": 16.0, "subsample": 0.9031393512892153}, "datetime": {"datetime": "2024-01-20 14:36:17", "elapsed": 745.341643, "delta": 0.001301}}
{"target": -19.146580722590173, "params": {"colsample_bytree": 0.4769740282454191, "eta": 0.039199839232823455, "gamma": 441.52532157851067, "max_depth": 8.0, "min_child_weight": 4092.33168574522, "num_boost_round": 17.0, "subsample": 0.9031393512892153}, "datetime": {"datetime": "2024-01-20 14:36:17", "elapsed": 745.343317, "delta": 0.001674}}
{"target": -19.147315149200068, "params": {"colsample_bytree": 0.4769740282454191, "eta": 0.039199839232823455, "gamma": 441.52532157851067, "max_depth": 8.0, "min_child_weight": 4092.33168574522, "num_boost_round": 18.0, "subsample": 0.9031393512892153}, "datetime": {"datetime": "2024-01-20 14:36:17", "elapsed": 745.345209, "delta": 0.001892}}
{"target": -19.147981204242544, "params": {"colsample_bytree": 0.4769740282454191, "eta": 0.039199839232823455, "gamma": 441.52532157851067, "max_depth": 8.0, "min_child_weight": 4092.33168574522, "num_boost_round": 19.0, "subsample": 0.9031393512892153}, "datetime": {"datetime": "2024-01-20 14:36:17", "elapsed": 745.34662, "delta": 0.001411}}
{"target": -19.148532355543544, "params": {"colsample_bytree": 0.4769740282454191, "eta": 0.039199839232823455, "gamma": 441.52532157851067, "max_depth": 8.0, "min_child_weight": 4092.33168574522, "num_boost_round": 20.0, "subsample": 0.9031393512892153}, "datetime": {"datetime": "2024-01-20 14:36:17", "elapsed": 745.347933, "delta": 0.001313}}
{"target": -19.149186472817966, "params": {"colsample_bytree": 0.4769740282454191, "eta": 0.039199839232823455, "gamma": 441.52532157851067, "max_depth": 8.0, "min_child_weight": 4092.33168574522, "num_boost_round": 21.0, "subsample": 0.9031393512892153}, "datetime": {"datetime": "2024-01-20 14:36:17", "elapsed": 745.349248, "delta": 0.001315}}
{"target": -19.149963102191812, "params": {"colsample_bytree": 0.4769740282454191, "eta": 0.039199839232823455, "gamma": 441.52532157851067, "max_depth": 8.0, "min_child_weight": 4092.33168574522, "num_boost_round": 22.0, "subsample": 0.9031393512892153}, "datetime": {"datetime": "2024-01-20 14:36:17", "elapsed": 745.350545, "delta": 0.001297}}
