{"target": -12.346217108995912, "params": {"colsample_bytree": 0.9477326718123341, "eta": 0.0866145313907286, "gamma": 534.3420313468355, "max_depth": 2.0, "min_child_weight": 4243.198831069722, "num_boost_round": 55.0, "subsample": 0.22264543185391744}, "datetime": {"datetime": "2024-01-20 14:48:22", "elapsed": 1468.972106, "delta": 0.002456}}
{"target": -12.346358340486649, "params": {"colsample_bytree": 0.9477326718123341, "eta": 0.0866145313907286, "gamma": 534.3420313468355, "max_depth": 2.0, "min_child_weight": 4243.198831069722, "num_boost_round": 56.0, "subsample": 0.22264543185391744}, "datetime": {"datetime": "2024-01-20 14:48:22", "elapsed": 1468.974555, "delta": 0.002449}}
{"target": -12.34639705985519, "params": {"colsample_bytree": 0.9477326718123341, "eta": 0.0866145313907286, "gamma": 534.3420313468355, "max_depth": 2.0, "min_child_weight": 4243.198831069722, "num_boost_round": 57.0, "subsample": 0.22264543185391744}, "datetime": {"datetime": "2024-01-20 14:48:22", "elapsed": 1468.977005, "delta": 0.00245}}
{"target": -12.346518436333985, "params": {"colsample_bytree": 0.9477326718123341, "eta": 0.0866145313907286, "gamma": 534.3420313468355, "max_depth": 2.0, "min_child_weight": 4243.198831069722, "num_boost_round": 58.0, "subsample": 0.22264543185391744}, "datetime": {"datetime": "2024-01-20 14:48:22", "elapsed": 1468.979633, "delta": 0.002628}}
{"target": -12.346272781145807, "params": {"colsample_bytree": 0.9477326718123341, "eta": 0.0866145313907286, "gamma": 534.3420313468355, "max_depth": 2.0, "min_child_weight": 4243.198831069722, "num_boost_round": 59.0, "subsample": 0.22264543185391744}, "datetime": {"datetime": "2024-01-20 14:48:22", "elapsed": 1468.982135, "delta": 0.002502}}
{"target": -12.346472892208917, "params": {"colsample_bytree": 0.9477326718123341, "eta": 0.0866145313907286, "gamma": 534.3420313468355, "max_depth": 2.0, "min_child_weight": 4243.198831069722, "num_boost_round": 60.0, "subsample": 0.22264543185391744}, "datetime": {"datetime": "2024-01-20 14:48:22", "elapsed": 1468.984601, "delta": 0.002466}}
{"target": -12.346320512651689, "params": {"colsample_bytree": 0.9477326718123341, "eta": 0.0866145313907286, "gamma": 534.3420313468355, "max_depth": 2.0, "min_child_weight": 4243.198831069722, "num_boost_round": 61.0, "subsample": 0.22264543185391744}, "datetime": {"datetime": "2024-01-20 14:48:22", "elapsed": 1468.98707, "delta": 0.002469}}
{"target": -12.346730363776256, "params": {"colsample_bytree": 0.9477326718123341, "eta": 0.0866145313907286, "gamma": 534.3420313468355, "max_depth": 2.0, "min_child_weight": 4243.198831069722, "num_boost_round": 62.0, "subsample": 0.22264543185391744}, "datetime": {"datetime": "2024-01-20 14:48:22", "elapsed": 1468.989555, "delta": 0.002485}}
{"target": -12.346556243490966, "params": {"colsample_bytree": 0.9477326718123341, "eta": 0.0866145313907286, "gamma": 534.3420313468355, "max_depth": 2.0, "min_child_weight": 4243.198831069722, "num_boost_round": 63.0, "subsample": 0.22264543185391744}, "datetime": {"datetime": "2024-01-20 14:48:22", "elapsed": 1468.992049, "delta": 0.002494}}
{"target": -12.346763131111235, "params": {"colsample_bytree": 0.9477326718123341, "eta": 0.0866145313907286, "gamma": 534.3420313468355, "max_depth": 2.0, "min_child_weight": 4243.198831069722, "num_boost_round": 64.0, "subsample": 0.22264543185391744}, "datetime": {"datetime": "2024-01-20 14:48:22", "elapsed": 1468.994523, "delta": 0.002474}}
{"target": -12.347257519485039, "params": {"colsample_bytree": 0.9477326718123341, "eta": 0.0866145313907286, "gamma": 534.3420313468355, "max_depth": 2.0, "min_child_weight": 4243.198831069722, "num_boost_round": 65.0, "subsample": 0.22264543185391744}, "datetime": {"datetime": "2024-01-20 14:48:22", "elapsed": 1468.996996, "delta": 0.002473}}
{"target": -12.347394466841715, "params": {"colsample_bytree": 0.9477326718123341, "eta": 0.0866145313907286, "gamma": 534.3420313468355, "max_depth": 2.0, "min_child_weight": 4243.198831069722, "num_boost_round": 66.0, "subsample": 0.22264543185391744}, "datetime": {"datetime": "2024-01-20 14:48:22", "elapsed": 1468.99963, "delta": 0.002634}}
{"target": -12.347584435701195, "params": {"colsample_bytree": 0.9477326718123341, "eta": 0.0866145313907286, "gamma": 534.3420313468355, "max_depth": 2.0, "min_child_weight": 4243.198831069722, "num_boost_round": 67.0, "subsample": 0.22264543185391744}, "datetime": {"datetime": "2024-01-20 14:48:22", "elapsed": 1469.002151, "delta": 0.002521}}
{"target": -12.347692151612886, "params": {"colsample_bytree": 0.9477326718123341, "eta": 0.0866145313907286, "gamma": 534.3420313468355, "max_depth": 2.0, "min_child_weight": 4243.198831069722, "num_boost_round": 68.0, "subsample": 0.22264543185391744}, "datetime": {"datetime": "2024-01-20 14:48:22", "elapsed": 1469.004609, "delta": 0.002458}}
{"target": -12.34777139396504, "params": {"colsample_bytree": 0.9477326718123341, "eta": 0.0866145313907286, "gamma": 534.3420313468355, "max_depth": 2.0, "min_child_weight": 4243.198831069722, "num_boost_round": 69.0, "subsample": 0.22264543185391744}, "datetime": {"datetime": "2024-01-20 14:48:22", "elapsed": 1469.007086, "delta": 0.002477}}
{"target": -12.347511885750386, "params": {"colsample_bytree": 0.9477326718123341, "eta": 0.0866145313907286, "gamma": 534.3420313468355, "max_depth": 2.0, "min_child_weight": 4243.198831069722, "num_boost_round": 70.0, "subsample": 0.22264543185391744}, "datetime": {"datetime": "2024-01-20 14:48:22", "elapsed": 1469.009606, "delta": 0.00252}}
{"target": -12.347562002007532, "params": {"colsample_bytree": 0.9477326718123341, "eta": 0.0866145313907286, "gamma": 534.3420313468355, "max_depth": 2.0, "min_child_weight": 4243.198831069722, "num_boost_round": 71.0, "subsample": 0.22264543185391744}, "datetime": {"datetime": "2024-01-20 14:48:22", "elapsed": 1469.012051, "delta": 0.002445}}
{"target": -12.347722782088573, "params": {"colsample_bytree": 0.9477326718123341, "eta": 0.0866145313907286, "gamma": 534.3420313468355, "max_depth": 2.0, "min_child_weight": 4243.198831069722, "num_boost_round": 72.0, "subsample": 0.22264543185391744}, "datetime": {"datetime": "2024-01-20 14:48:22", "elapsed": 1469.014612, "delta": 0.002561}}
{"target": -12.347594621200564, "params": {"colsample_bytree": 0.9477326718123341, "eta": 0.0866145313907286, "gamma": 534.3420313468355, "max_depth": 2.0, "min_child_weight": 4243.198831069722, "num_boost_round": 73.0, "subsample": 0.22264543185391744}, "datetime": {"datetime": "2024-01-20 14:48:22", "elapsed": 1469.017082, "delta": 0.00247}}
{"target": -12.347878370159597, "params": {"colsample_bytree": 0.9477326718123341, "eta": 0.0866145313907286, "gamma": 534.3420313468355, "max_depth": 2.0, "min_child_weight": 4243.198831069722, "num_boost_round": 74.0, "subsample": 0.22264543185391744}, "datetime": {"datetime": "2024-01-20 14:48:22", "elapsed": 1469.019847, "delta": 0.002765}}
{"target": -12.34798459020656, "params": {"colsample_bytree": 0.9477326718123341, "eta": 0.0866145313907286, "gamma": 534.3420313468355, "max_depth": 2.0, "min_child_weight": 4243.198831069722, "num_boost_round": 75.0, "subsample": 0.22264543185391744}, "datetime": {"datetime": "2024-01-20 14:48:22", "elapsed": 1469.022537, "delta": 0.00269}}
{"target": -12.348176642449022, "params": {"colsample_bytree": 0.9477326718123341, "eta": 0.0866145313907286, "gamma": 534.3420313468355, "max_depth": 2.0, "min_child_weight": 4243.198831069722, "num_boost_round": 76.0, "subsample": 0.22264543185391744}, "datetime": {"datetime": "2024-01-20 14:48:22", "elapsed": 1469.02517, "delta": 0.002633}}
{"target": -12.348157915446015, "params": {"colsample_bytree": 0.9477326718123341, "eta": 0.0866145313907286, "gamma": 534.3420313468355, "max_depth": 2.0, "min_child_weight": 4243.198831069722, "num_boost_round": 77.0, "subsample": 0.22264543185391744}, "datetime": {"datetime": "2024-01-20 14:48:22", "elapsed": 1469.027677, "delta": 0.002507}}
{"target": -12.35784605569216, "params": {"colsample_bytree": 0.6087254516809084, "eta": 0.025883552663601473, "gamma": 527.816955712784, "max_depth": 9.0, "min_child_weight": 4243.900384852337, "num_boost_round": 1.0, "subsample": 0.2753258482315909}, "datetime": {"datetime": "2024-01-20 14:48:51", "elapsed": 1498.261357, "delta": 29.23368}}
{"target": -12.35723035785055, "params": {"colsample_bytree": 0.6087254516809084, "eta": 0.025883552663601473, "gamma": 527.816955712784, "max_depth": 9.0, "min_child_weight": 4243.900384852337, "num_boost_round": 2.0, "subsample": 0.2753258482315909}, "datetime": {"datetime": "2024-01-20 14:48:51", "elapsed": 1498.265082, "delta": 0.003725}}
{"target": -12.35551235355316, "params": {"colsample_bytree": 0.6087254516809084, "eta": 0.025883552663601473, "gamma": 527.816955712784, "max_depth": 9.0, "min_child_weight": 4243.900384852337, "num_boost_round": 3.0, "subsample": 0.2753258482315909}, "datetime": {"datetime": "2024-01-20 14:48:51", "elapsed": 1498.267868, "delta": 0.002786}}
{"target": -12.35563448389101, "params": {"colsample_bytree": 0.6087254516809084, "eta": 0.025883552663601473, "gamma": 527.816955712784, "max_depth": 9.0, "min_child_weight": 4243.900384852337, "num_boost_round": 4.0, "subsample": 0.2753258482315909}, "datetime": {"datetime": "2024-01-20 14:48:51", "elapsed": 1498.270461, "delta": 0.002593}}
{"target": -12.354350575383219, "params": {"colsample_bytree": 0.6087254516809084, "eta": 0.025883552663601473, "gamma": 527.816955712784, "max_depth": 9.0, "min_child_weight": 4243.900384852337, "num_boost_round": 5.0, "subsample": 0.2753258482315909}, "datetime": {"datetime": "2024-01-20 14:48:51", "elapsed": 1498.273025, "delta": 0.002564}}
{"target": -12.353085254386537, "params": {"colsample_bytree": 0.6087254516809084, "eta": 0.025883552663601473, "gamma": 527.816955712784, "max_depth": 9.0, "min_child_weight": 4243.900384852337, "num_boost_round": 6.0, "subsample": 0.2753258482315909}, "datetime": {"datetime": "2024-01-20 14:48:51", "elapsed": 1498.275631, "delta": 0.002606}}
{"target": -12.352036774118474, "params": {"colsample_bytree": 0.6087254516809084, "eta": 0.025883552663601473, "gamma": 527.816955712784, "max_depth": 9.0, "min_child_weight": 4243.900384852337, "num_boost_round": 7.0, "subsample": 0.2753258482315909}, "datetime": {"datetime": "2024-01-20 14:48:52", "elapsed": 1498.278214, "delta": 0.002583}}
{"target": -12.351265999985346, "params": {"colsample_bytree": 0.6087254516809084, "eta": 0.025883552663601473, "gamma": 527.816955712784, "max_depth": 9.0, "min_child_weight": 4243.900384852337, "num_boost_round": 8.0, "subsample": 0.2753258482315909}, "datetime": {"datetime": "2024-01-20 14:48:52", "elapsed": 1498.280761, "delta": 0.002547}}
{"target": -12.350656639232712, "params": {"colsample_bytree": 0.6087254516809084, "eta": 0.025883552663601473, "gamma": 527.816955712784, "max_depth": 9.0, "min_child_weight": 4243.900384852337, "num_boost_round": 9.0, "subsample": 0.2753258482315909}, "datetime": {"datetime": "2024-01-20 14:48:52", "elapsed": 1498.2834, "delta": 0.002639}}
{"target": -12.349697834315684, "params": {"colsample_bytree": 0.6087254516809084, "eta": 0.025883552663601473, "gamma": 527.816955712784, "max_depth": 9.0, "min_child_weight": 4243.900384852337, "num_boost_round": 10.0, "subsample": 0.2753258482315909}, "datetime": {"datetime": "2024-01-20 14:48:52", "elapsed": 1498.285974, "delta": 0.002574}}
{"target": -12.349172563954264, "params": {"colsample_bytree": 0.6087254516809084, "eta": 0.025883552663601473, "gamma": 527.816955712784, "max_depth": 9.0, "min_child_weight": 4243.900384852337, "num_boost_round": 11.0, "subsample": 0.2753258482315909}, "datetime": {"datetime": "2024-01-20 14:48:52", "elapsed": 1498.288528, "delta": 0.002554}}
{"target": -12.34835479141568, "params": {"colsample_bytree": 0.6087254516809084, "eta": 0.025883552663601473, "gamma": 527.816955712784, "max_depth": 9.0, "min_child_weight": 4243.900384852337, "num_boost_round": 12.0, "subsample": 0.2753258482315909}, "datetime": {"datetime": "2024-01-20 14:48:52", "elapsed": 1498.291083, "delta": 0.002555}}
{"target": -12.357544331962547, "params": {"colsample_bytree": 0.3116482936547422, "eta": 0.03519510442667483, "gamma": 533.3073412667478, "max_depth": 3.0, "min_child_weight": 4269.497198999518, "num_boost_round": 1.0, "subsample": 0.746435995085956}, "datetime": {"datetime": "2024-01-20 14:49:35", "elapsed": 1541.330559, "delta": 43.039476}}
{"target": -12.35671334076519, "params": {"colsample_bytree": 0.3116482936547422, "eta": 0.03519510442667483, "gamma": 533.3073412667478, "max_depth": 3.0, "min_child_weight": 4269.497198999518, "num_boost_round": 2.0, "subsample": 0.746435995085956}, "datetime": {"datetime": "2024-01-20 14:49:35", "elapsed": 1541.333914, "delta": 0.003355}}
{"target": -12.35485298897741, "params": {"colsample_bytree": 0.3116482936547422, "eta": 0.03519510442667483, "gamma": 533.3073412667478, "max_depth": 3.0, "min_child_weight": 4269.497198999518, "num_boost_round": 3.0, "subsample": 0.746435995085956}, "datetime": {"datetime": "2024-01-20 14:49:35", "elapsed": 1541.336631, "delta": 0.002717}}
{"target": -12.355093506027877, "params": {"colsample_bytree": 0.3116482936547422, "eta": 0.03519510442667483, "gamma": 533.3073412667478, "max_depth": 3.0, "min_child_weight": 4269.497198999518, "num_boost_round": 4.0, "subsample": 0.746435995085956}, "datetime": {"datetime": "2024-01-20 14:49:35", "elapsed": 1541.339327, "delta": 0.002696}}
{"target": -12.354276133164072, "params": {"colsample_bytree": 0.3116482936547422, "eta": 0.03519510442667483, "gamma": 533.3073412667478, "max_depth": 3.0, "min_child_weight": 4269.497198999518, "num_boost_round": 5.0, "subsample": 0.746435995085956}, "datetime": {"datetime": "2024-01-20 14:49:35", "elapsed": 1541.341933, "delta": 0.002606}}
{"target": -12.35353851649149, "params": {"colsample_bytree": 0.3116482936547422, "eta": 0.03519510442667483, "gamma": 533.3073412667478, "max_depth": 3.0, "min_child_weight": 4269.497198999518, "num_boost_round": 6.0, "subsample": 0.746435995085956}, "datetime": {"datetime": "2024-01-20 14:49:35", "elapsed": 1541.344482, "delta": 0.002549}}
{"target": -12.353696281843877, "params": {"colsample_bytree": 0.3116482936547422, "eta": 0.03519510442667483, "gamma": 533.3073412667478, "max_depth": 3.0, "min_child_weight": 4269.497198999518, "num_boost_round": 7.0, "subsample": 0.746435995085956}, "datetime": {"datetime": "2024-01-20 14:49:35", "elapsed": 1541.347009, "delta": 0.002527}}
{"target": -12.35289395648602, "params": {"colsample_bytree": 0.3116482936547422, "eta": 0.03519510442667483, "gamma": 533.3073412667478, "max_depth": 3.0, "min_child_weight": 4269.497198999518, "num_boost_round": 8.0, "subsample": 0.746435995085956}, "datetime": {"datetime": "2024-01-20 14:49:35", "elapsed": 1541.349568, "delta": 0.002559}}
{"target": -12.352925993755617, "params": {"colsample_bytree": 0.3116482936547422, "eta": 0.03519510442667483, "gamma": 533.3073412667478, "max_depth": 3.0, "min_child_weight": 4269.497198999518, "num_boost_round": 9.0, "subsample": 0.746435995085956}, "datetime": {"datetime": "2024-01-20 14:49:35", "elapsed": 1541.352097, "delta": 0.002529}}
{"target": -12.352452998848985, "params": {"colsample_bytree": 0.3116482936547422, "eta": 0.03519510442667483, "gamma": 533.3073412667478, "max_depth": 3.0, "min_child_weight": 4269.497198999518, "num_boost_round": 10.0, "subsample": 0.746435995085956}, "datetime": {"datetime": "2024-01-20 14:49:35", "elapsed": 1541.354647, "delta": 0.00255}}
{"target": -12.35185732788289, "params": {"colsample_bytree": 0.3116482936547422, "eta": 0.03519510442667483, "gamma": 533.3073412667478, "max_depth": 3.0, "min_child_weight": 4269.497198999518, "num_boost_round": 11.0, "subsample": 0.746435995085956}, "datetime": {"datetime": "2024-01-20 14:49:35", "elapsed": 1541.357197, "delta": 0.00255}}
{"target": -12.351476950107658, "params": {"colsample_bytree": 0.3116482936547422, "eta": 0.03519510442667483, "gamma": 533.3073412667478, "max_depth": 3.0, "min_child_weight": 4269.497198999518, "num_boost_round": 12.0, "subsample": 0.746435995085956}, "datetime": {"datetime": "2024-01-20 14:49:35", "elapsed": 1541.359824, "delta": 0.002627}}
{"target": -12.35170165787163, "params": {"colsample_bytree": 0.3116482936547422, "eta": 0.03519510442667483, "gamma": 533.3073412667478, "max_depth": 3.0, "min_child_weight": 4269.497198999518, "num_boost_round": 13.0, "subsample": 0.746435995085956}, "datetime": {"datetime": "2024-01-20 14:49:35", "elapsed": 1541.362418, "delta": 0.002594}}
{"target": -12.350989539704234, "params": {"colsample_bytree": 0.3116482936547422, "eta": 0.03519510442667483, "gamma": 533.3073412667478, "max_depth": 3.0, "min_child_weight": 4269.497198999518, "num_boost_round": 14.0, "subsample": 0.746435995085956}, "datetime": {"datetime": "2024-01-20 14:49:35", "elapsed": 1541.364962, "delta": 0.002544}}
{"target": -12.350247423445524, "params": {"colsample_bytree": 0.3116482936547422, "eta": 0.03519510442667483, "gamma": 533.3073412667478, "max_depth": 3.0, "min_child_weight": 4269.497198999518, "num_boost_round": 15.0, "subsample": 0.746435995085956}, "datetime": {"datetime": "2024-01-20 14:49:35", "elapsed": 1541.367495, "delta": 0.002533}}
{"target": -12.349736947421711, "params": {"colsample_bytree": 0.3116482936547422, "eta": 0.03519510442667483, "gamma": 533.3073412667478, "max_depth": 3.0, "min_child_weight": 4269.497198999518, "num_boost_round": 16.0, "subsample": 0.746435995085956}, "datetime": {"datetime": "2024-01-20 14:49:35", "elapsed": 1541.37003, "delta": 0.002535}}
{"target": -12.349885151929541, "params": {"colsample_bytree": 0.3116482936547422, "eta": 0.03519510442667483, "gamma": 533.3073412667478, "max_depth": 3.0, "min_child_weight": 4269.497198999518, "num_boost_round": 17.0, "subsample": 0.746435995085956}, "datetime": {"datetime": "2024-01-20 14:49:35", "elapsed": 1541.372586, "delta": 0.002556}}
{"target": -12.34984308544141, "params": {"colsample_bytree": 0.3116482936547422, "eta": 0.03519510442667483, "gamma": 533.3073412667478, "max_depth": 3.0, "min_child_weight": 4269.497198999518, "num_boost_round": 18.0, "subsample": 0.746435995085956}, "datetime": {"datetime": "2024-01-20 14:49:35", "elapsed": 1541.375117, "delta": 0.002531}}
{"target": -12.349810407185215, "params": {"colsample_bytree": 0.3116482936547422, "eta": 0.03519510442667483, "gamma": 533.3073412667478, "max_depth": 3.0, "min_child_weight": 4269.497198999518, "num_boost_round": 19.0, "subsample": 0.746435995085956}, "datetime": {"datetime": "2024-01-20 14:49:35", "elapsed": 1541.37776, "delta": 0.002643}}
{"target": -12.34947598697914, "params": {"colsample_bytree": 0.3116482936547422, "eta": 0.03519510442667483, "gamma": 533.3073412667478, "max_depth": 3.0, "min_child_weight": 4269.497198999518, "num_boost_round": 20.0, "subsample": 0.746435995085956}, "datetime": {"datetime": "2024-01-20 14:49:35", "elapsed": 1541.380276, "delta": 0.002516}}
{"target": -12.349652268233665, "params": {"colsample_bytree": 0.3116482936547422, "eta": 0.03519510442667483, "gamma": 533.3073412667478, "max_depth": 3.0, "min_child_weight": 4269.497198999518, "num_boost_round": 21.0, "subsample": 0.746435995085956}, "datetime": {"datetime": "2024-01-20 14:49:35", "elapsed": 1541.382841, "delta": 0.002565}}
{"target": -12.349674898089496, "params": {"colsample_bytree": 0.3116482936547422, "eta": 0.03519510442667483, "gamma": 533.3073412667478, "max_depth": 3.0, "min_child_weight": 4269.497198999518, "num_boost_round": 22.0, "subsample": 0.746435995085956}, "datetime": {"datetime": "2024-01-20 14:49:35", "elapsed": 1541.385394, "delta": 0.002553}}
{"target": -12.349037328897992, "params": {"colsample_bytree": 0.3116482936547422, "eta": 0.03519510442667483, "gamma": 533.3073412667478, "max_depth": 3.0, "min_child_weight": 4269.497198999518, "num_boost_round": 23.0, "subsample": 0.746435995085956}, "datetime": {"datetime": "2024-01-20 14:49:35", "elapsed": 1541.387974, "delta": 0.00258}}
{"target": -12.349375616361346, "params": {"colsample_bytree": 0.3116482936547422, "eta": 0.03519510442667483, "gamma": 533.3073412667478, "max_depth": 3.0, "min_child_weight": 4269.497198999518, "num_boost_round": 24.0, "subsample": 0.746435995085956}, "datetime": {"datetime": "2024-01-20 14:49:35", "elapsed": 1541.390526, "delta": 0.002552}}
{"target": -12.34843433410824, "params": {"colsample_bytree": 0.3116482936547422, "eta": 0.03519510442667483, "gamma": 533.3073412667478, "max_depth": 3.0, "min_child_weight": 4269.497198999518, "num_boost_round": 25.0, "subsample": 0.746435995085956}, "datetime": {"datetime": "2024-01-20 14:49:35", "elapsed": 1541.393109, "delta": 0.002583}}
{"target": -12.348506147515462, "params": {"colsample_bytree": 0.3116482936547422, "eta": 0.03519510442667483, "gamma": 533.3073412667478, "max_depth": 3.0, "min_child_weight": 4269.497198999518, "num_boost_round": 26.0, "subsample": 0.746435995085956}, "datetime": {"datetime": "2024-01-20 14:49:35", "elapsed": 1541.395662, "delta": 0.002553}}
{"target": -12.348668366055435, "params": {"colsample_bytree": 0.3116482936547422, "eta": 0.03519510442667483, "gamma": 533.3073412667478, "max_depth": 3.0, "min_child_weight": 4269.497198999518, "num_boost_round": 27.0, "subsample": 0.746435995085956}, "datetime": {"datetime": "2024-01-20 14:49:35", "elapsed": 1541.398318, "delta": 0.002656}}
{"target": -12.348695921731634, "params": {"colsample_bytree": 0.3116482936547422, "eta": 0.03519510442667483, "gamma": 533.3073412667478, "max_depth": 3.0, "min_child_weight": 4269.497198999518, "num_boost_round": 28.0, "subsample": 0.746435995085956}, "datetime": {"datetime": "2024-01-20 14:49:35", "elapsed": 1541.400888, "delta": 0.00257}}
