{"target": -12.349701645769366, "params": {"colsample_bytree": 0.40490982917448404, "eta": 0.021607946198340482, "gamma": 525.8331565214819, "max_depth": 7.0, "min_child_weight": 4187.527789055462, "num_boost_round": 28.0, "subsample": 0.28043582484726504}, "datetime": {"datetime": "2024-01-20 14:58:01", "elapsed": 2048.262923, "delta": 0.003115}}
{"target": -12.349339107593316, "params": {"colsample_bytree": 0.40490982917448404, "eta": 0.021607946198340482, "gamma": 525.8331565214819, "max_depth": 7.0, "min_child_weight": 4187.527789055462, "num_boost_round": 29.0, "subsample": 0.28043582484726504}, "datetime": {"datetime": "2024-01-20 14:58:01", "elapsed": 2048.266109, "delta": 0.003186}}
{"target": -12.348964216694766, "params": {"colsample_bytree": 0.40490982917448404, "eta": 0.021607946198340482, "gamma": 525.8331565214819, "max_depth": 7.0, "min_child_weight": 4187.527789055462, "num_boost_round": 30.0, "subsample": 0.28043582484726504}, "datetime": {"datetime": "2024-01-20 14:58:01", "elapsed": 2048.269247, "delta": 0.003138}}
{"target": -12.348245786629105, "params": {"colsample_bytree": 0.40490982917448404, "eta": 0.021607946198340482, "gamma": 525.8331565214819, "max_depth": 7.0, "min_child_weight": 4187.527789055462, "num_boost_round": 31.0, "subsample": 0.28043582484726504}, "datetime": {"datetime": "2024-01-20 14:58:01", "elapsed": 2048.272427, "delta": 0.00318}}
{"target": -12.348234267705635, "params": {"colsample_bytree": 0.40490982917448404, "eta": 0.021607946198340482, "gamma": 525.8331565214819, "max_depth": 7.0, "min_child_weight": 4187.527789055462, "num_boost_round": 32.0, "subsample": 0.28043582484726504}, "datetime": {"datetime": "2024-01-20 14:58:01", "elapsed": 2048.275466, "delta": 0.003039}}
{"target": -12.348184421323214, "params": {"colsample_bytree": 0.40490982917448404, "eta": 0.021607946198340482, "gamma": 525.8331565214819, "max_depth": 7.0, "min_child_weight": 4187.527789055462, "num_boost_round": 33.0, "subsample": 0.28043582484726504}, "datetime": {"datetime": "2024-01-20 14:58:02", "elapsed": 2048.278508, "delta": 0.003042}}
{"target": -12.347881147757, "params": {"colsample_bytree": 0.40490982917448404, "eta": 0.021607946198340482, "gamma": 525.8331565214819, "max_depth": 7.0, "min_child_weight": 4187.527789055462, "num_boost_round": 34.0, "subsample": 0.28043582484726504}, "datetime": {"datetime": "2024-01-20 14:58:02", "elapsed": 2048.281565, "delta": 0.003057}}
{"target": -12.347641103453839, "params": {"colsample_bytree": 0.40490982917448404, "eta": 0.021607946198340482, "gamma": 525.8331565214819, "max_depth": 7.0, "min_child_weight": 4187.527789055462, "num_boost_round": 35.0, "subsample": 0.28043582484726504}, "datetime": {"datetime": "2024-01-20 14:58:02", "elapsed": 2048.284633, "delta": 0.003068}}
{"target": -12.347574699269522, "params": {"colsample_bytree": 0.40490982917448404, "eta": 0.021607946198340482, "gamma": 525.8331565214819, "max_depth": 7.0, "min_child_weight": 4187.527789055462, "num_boost_round": 36.0, "subsample": 0.28043582484726504}, "datetime": {"datetime": "2024-01-20 14:58:02", "elapsed": 2048.287746, "delta": 0.003113}}
{"target": -12.34772633653996, "params": {"colsample_bytree": 0.40490982917448404, "eta": 0.021607946198340482, "gamma": 525.8331565214819, "max_depth": 7.0, "min_child_weight": 4187.527789055462, "num_boost_round": 37.0, "subsample": 0.28043582484726504}, "datetime": {"datetime": "2024-01-20 14:58:02", "elapsed": 2048.290829, "delta": 0.003083}}
{"target": -12.359272867994765, "params": {"colsample_bytree": 0.15821081600098194, "eta": 0.08783978713107445, "gamma": 602.6391102259711, "max_depth": 9.0, "min_child_weight": 4212.991055514919, "num_boost_round": 1.0, "subsample": 0.8812600928768228}, "datetime": {"datetime": "2024-01-20 14:59:18", "elapsed": 2125.108109, "delta": 76.81728}}
{"target": -12.358137409564339, "params": {"colsample_bytree": 0.15821081600098194, "eta": 0.08783978713107445, "gamma": 602.6391102259711, "max_depth": 9.0, "min_child_weight": 4212.991055514919, "num_boost_round": 2.0, "subsample": 0.8812600928768228}, "datetime": {"datetime": "2024-01-20 14:59:18", "elapsed": 2125.11269, "delta": 0.004581}}
{"target": -12.356069293181093, "params": {"colsample_bytree": 0.15821081600098194, "eta": 0.08783978713107445, "gamma": 602.6391102259711, "max_depth": 9.0, "min_child_weight": 4212.991055514919, "num_boost_round": 3.0, "subsample": 0.8812600928768228}, "datetime": {"datetime": "2024-01-20 14:59:18", "elapsed": 2125.115975, "delta": 0.003285}}
{"target": -12.356060867852523, "params": {"colsample_bytree": 0.15821081600098194, "eta": 0.08783978713107445, "gamma": 602.6391102259711, "max_depth": 9.0, "min_child_weight": 4212.991055514919, "num_boost_round": 4.0, "subsample": 0.8812600928768228}, "datetime": {"datetime": "2024-01-20 14:59:18", "elapsed": 2125.119383, "delta": 0.003408}}
{"target": -12.356175993242438, "params": {"colsample_bytree": 0.15821081600098194, "eta": 0.08783978713107445, "gamma": 602.6391102259711, "max_depth": 9.0, "min_child_weight": 4212.991055514919, "num_boost_round": 5.0, "subsample": 0.8812600928768228}, "datetime": {"datetime": "2024-01-20 14:59:18", "elapsed": 2125.122683, "delta": 0.0033}}
{"target": -12.356086004884022, "params": {"colsample_bytree": 0.15821081600098194, "eta": 0.08783978713107445, "gamma": 602.6391102259711, "max_depth": 9.0, "min_child_weight": 4212.991055514919, "num_boost_round": 6.0, "subsample": 0.8812600928768228}, "datetime": {"datetime": "2024-01-20 14:59:18", "elapsed": 2125.125952, "delta": 0.003269}}
{"target": -12.356122130340548, "params": {"colsample_bytree": 0.15821081600098194, "eta": 0.08783978713107445, "gamma": 602.6391102259711, "max_depth": 9.0, "min_child_weight": 4212.991055514919, "num_boost_round": 7.0, "subsample": 0.8812600928768228}, "datetime": {"datetime": "2024-01-20 14:59:18", "elapsed": 2125.129205, "delta": 0.003253}}
{"target": -12.353626484847105, "params": {"colsample_bytree": 0.15821081600098194, "eta": 0.08783978713107445, "gamma": 602.6391102259711, "max_depth": 9.0, "min_child_weight": 4212.991055514919, "num_boost_round": 8.0, "subsample": 0.8812600928768228}, "datetime": {"datetime": "2024-01-20 14:59:18", "elapsed": 2125.132841, "delta": 0.003636}}
{"target": -12.353711721909956, "params": {"colsample_bytree": 0.15821081600098194, "eta": 0.08783978713107445, "gamma": 602.6391102259711, "max_depth": 9.0, "min_child_weight": 4212.991055514919, "num_boost_round": 9.0, "subsample": 0.8812600928768228}, "datetime": {"datetime": "2024-01-20 14:59:18", "elapsed": 2125.137112, "delta": 0.004271}}
{"target": -12.352340476797274, "params": {"colsample_bytree": 0.15821081600098194, "eta": 0.08783978713107445, "gamma": 602.6391102259711, "max_depth": 9.0, "min_child_weight": 4212.991055514919, "num_boost_round": 10.0, "subsample": 0.8812600928768228}, "datetime": {"datetime": "2024-01-20 14:59:18", "elapsed": 2125.142013, "delta": 0.004901}}
{"target": -12.351256770388924, "params": {"colsample_bytree": 0.15821081600098194, "eta": 0.08783978713107445, "gamma": 602.6391102259711, "max_depth": 9.0, "min_child_weight": 4212.991055514919, "num_boost_round": 11.0, "subsample": 0.8812600928768228}, "datetime": {"datetime": "2024-01-20 14:59:18", "elapsed": 2125.146038, "delta": 0.004025}}
{"target": -12.351182808471377, "params": {"colsample_bytree": 0.15821081600098194, "eta": 0.08783978713107445, "gamma": 602.6391102259711, "max_depth": 9.0, "min_child_weight": 4212.991055514919, "num_boost_round": 12.0, "subsample": 0.8812600928768228}, "datetime": {"datetime": "2024-01-20 14:59:18", "elapsed": 2125.149462, "delta": 0.003424}}
{"target": -12.351085661611691, "params": {"colsample_bytree": 0.15821081600098194, "eta": 0.08783978713107445, "gamma": 602.6391102259711, "max_depth": 9.0, "min_child_weight": 4212.991055514919, "num_boost_round": 13.0, "subsample": 0.8812600928768228}, "datetime": {"datetime": "2024-01-20 14:59:18", "elapsed": 2125.152725, "delta": 0.003263}}
{"target": -12.351169775599203, "params": {"colsample_bytree": 0.15821081600098194, "eta": 0.08783978713107445, "gamma": 602.6391102259711, "max_depth": 9.0, "min_child_weight": 4212.991055514919, "num_boost_round": 14.0, "subsample": 0.8812600928768228}, "datetime": {"datetime": "2024-01-20 14:59:18", "elapsed": 2125.155916, "delta": 0.003191}}
{"target": -12.349813387114562, "params": {"colsample_bytree": 0.15821081600098194, "eta": 0.08783978713107445, "gamma": 602.6391102259711, "max_depth": 9.0, "min_child_weight": 4212.991055514919, "num_boost_round": 15.0, "subsample": 0.8812600928768228}, "datetime": {"datetime": "2024-01-20 14:59:18", "elapsed": 2125.159131, "delta": 0.003215}}
{"target": -12.349856854259862, "params": {"colsample_bytree": 0.15821081600098194, "eta": 0.08783978713107445, "gamma": 602.6391102259711, "max_depth": 9.0, "min_child_weight": 4212.991055514919, "num_boost_round": 16.0, "subsample": 0.8812600928768228}, "datetime": {"datetime": "2024-01-20 14:59:18", "elapsed": 2125.162388, "delta": 0.003257}}
{"target": -12.350028607148769, "params": {"colsample_bytree": 0.15821081600098194, "eta": 0.08783978713107445, "gamma": 602.6391102259711, "max_depth": 9.0, "min_child_weight": 4212.991055514919, "num_boost_round": 17.0, "subsample": 0.8812600928768228}, "datetime": {"datetime": "2024-01-20 14:59:18", "elapsed": 2125.165494, "delta": 0.003106}}
{"target": -12.350223808095148, "params": {"colsample_bytree": 0.15821081600098194, "eta": 0.08783978713107445, "gamma": 602.6391102259711, "max_depth": 9.0, "min_child_weight": 4212.991055514919, "num_boost_round": 18.0, "subsample": 0.8812600928768228}, "datetime": {"datetime": "2024-01-20 14:59:18", "elapsed": 2125.168638, "delta": 0.003144}}
{"target": -12.350161958588922, "params": {"colsample_bytree": 0.15821081600098194, "eta": 0.08783978713107445, "gamma": 602.6391102259711, "max_depth": 9.0, "min_child_weight": 4212.991055514919, "num_boost_round": 19.0, "subsample": 0.8812600928768228}, "datetime": {"datetime": "2024-01-20 14:59:18", "elapsed": 2125.171826, "delta": 0.003188}}
{"target": -12.350445602327438, "params": {"colsample_bytree": 0.15821081600098194, "eta": 0.08783978713107445, "gamma": 602.6391102259711, "max_depth": 9.0, "min_child_weight": 4212.991055514919, "num_boost_round": 20.0, "subsample": 0.8812600928768228}, "datetime": {"datetime": "2024-01-20 14:59:18", "elapsed": 2125.174986, "delta": 0.00316}}
{"target": -12.350294545969138, "params": {"colsample_bytree": 0.15821081600098194, "eta": 0.08783978713107445, "gamma": 602.6391102259711, "max_depth": 9.0, "min_child_weight": 4212.991055514919, "num_boost_round": 21.0, "subsample": 0.8812600928768228}, "datetime": {"datetime": "2024-01-20 14:59:18", "elapsed": 2125.178331, "delta": 0.003345}}
{"target": -12.350377739840656, "params": {"colsample_bytree": 0.15821081600098194, "eta": 0.08783978713107445, "gamma": 602.6391102259711, "max_depth": 9.0, "min_child_weight": 4212.991055514919, "num_boost_round": 22.0, "subsample": 0.8812600928768228}, "datetime": {"datetime": "2024-01-20 14:59:18", "elapsed": 2125.18151, "delta": 0.003179}}
{"target": -12.350438588714784, "params": {"colsample_bytree": 0.15821081600098194, "eta": 0.08783978713107445, "gamma": 602.6391102259711, "max_depth": 9.0, "min_child_weight": 4212.991055514919, "num_boost_round": 23.0, "subsample": 0.8812600928768228}, "datetime": {"datetime": "2024-01-20 14:59:18", "elapsed": 2125.184798, "delta": 0.003288}}
{"target": -12.350867696112047, "params": {"colsample_bytree": 0.15821081600098194, "eta": 0.08783978713107445, "gamma": 602.6391102259711, "max_depth": 9.0, "min_child_weight": 4212.991055514919, "num_boost_round": 24.0, "subsample": 0.8812600928768228}, "datetime": {"datetime": "2024-01-20 14:59:18", "elapsed": 2125.187978, "delta": 0.00318}}
{"target": -12.349711684032561, "params": {"colsample_bytree": 0.15821081600098194, "eta": 0.08783978713107445, "gamma": 602.6391102259711, "max_depth": 9.0, "min_child_weight": 4212.991055514919, "num_boost_round": 25.0, "subsample": 0.8812600928768228}, "datetime": {"datetime": "2024-01-20 14:59:18", "elapsed": 2125.191149, "delta": 0.003171}}
{"target": -12.34975439823427, "params": {"colsample_bytree": 0.15821081600098194, "eta": 0.08783978713107445, "gamma": 602.6391102259711, "max_depth": 9.0, "min_child_weight": 4212.991055514919, "num_boost_round": 26.0, "subsample": 0.8812600928768228}, "datetime": {"datetime": "2024-01-20 14:59:18", "elapsed": 2125.194306, "delta": 0.003157}}
{"target": -12.350252873130403, "params": {"colsample_bytree": 0.15821081600098194, "eta": 0.08783978713107445, "gamma": 602.6391102259711, "max_depth": 9.0, "min_child_weight": 4212.991055514919, "num_boost_round": 27.0, "subsample": 0.8812600928768228}, "datetime": {"datetime": "2024-01-20 14:59:18", "elapsed": 2125.197489, "delta": 0.003183}}
{"target": -12.350336558386442, "params": {"colsample_bytree": 0.15821081600098194, "eta": 0.08783978713107445, "gamma": 602.6391102259711, "max_depth": 9.0, "min_child_weight": 4212.991055514919, "num_boost_round": 28.0, "subsample": 0.8812600928768228}, "datetime": {"datetime": "2024-01-20 14:59:18", "elapsed": 2125.200874, "delta": 0.003385}}
{"target": -12.350235849529037, "params": {"colsample_bytree": 0.15821081600098194, "eta": 0.08783978713107445, "gamma": 602.6391102259711, "max_depth": 9.0, "min_child_weight": 4212.991055514919, "num_boost_round": 29.0, "subsample": 0.8812600928768228}, "datetime": {"datetime": "2024-01-20 14:59:18", "elapsed": 2125.204151, "delta": 0.003277}}
{"target": -12.349425804783209, "params": {"colsample_bytree": 0.15821081600098194, "eta": 0.08783978713107445, "gamma": 602.6391102259711, "max_depth": 9.0, "min_child_weight": 4212.991055514919, "num_boost_round": 30.0, "subsample": 0.8812600928768228}, "datetime": {"datetime": "2024-01-20 14:59:18", "elapsed": 2125.207384, "delta": 0.003233}}
{"target": -12.347313467770906, "params": {"colsample_bytree": 0.15821081600098194, "eta": 0.08783978713107445, "gamma": 602.6391102259711, "max_depth": 9.0, "min_child_weight": 4212.991055514919, "num_boost_round": 31.0, "subsample": 0.8812600928768228}, "datetime": {"datetime": "2024-01-20 14:59:18", "elapsed": 2125.210579, "delta": 0.003195}}
{"target": -12.347496446982268, "params": {"colsample_bytree": 0.15821081600098194, "eta": 0.08783978713107445, "gamma": 602.6391102259711, "max_depth": 9.0, "min_child_weight": 4212.991055514919, "num_boost_round": 32.0, "subsample": 0.8812600928768228}, "datetime": {"datetime": "2024-01-20 14:59:18", "elapsed": 2125.213743, "delta": 0.003164}}
{"target": -12.347562739019493, "params": {"colsample_bytree": 0.15821081600098194, "eta": 0.08783978713107445, "gamma": 602.6391102259711, "max_depth": 9.0, "min_child_weight": 4212.991055514919, "num_boost_round": 33.0, "subsample": 0.8812600928768228}, "datetime": {"datetime": "2024-01-20 14:59:18", "elapsed": 2125.216879, "delta": 0.003136}}
{"target": -12.347759936500934, "params": {"colsample_bytree": 0.15821081600098194, "eta": 0.08783978713107445, "gamma": 602.6391102259711, "max_depth": 9.0, "min_child_weight": 4212.991055514919, "num_boost_round": 34.0, "subsample": 0.8812600928768228}, "datetime": {"datetime": "2024-01-20 14:59:18", "elapsed": 2125.220224, "delta": 0.003345}}
{"target": -12.34861913930165, "params": {"colsample_bytree": 0.15821081600098194, "eta": 0.08783978713107445, "gamma": 602.6391102259711, "max_depth": 9.0, "min_child_weight": 4212.991055514919, "num_boost_round": 35.0, "subsample": 0.8812600928768228}, "datetime": {"datetime": "2024-01-20 14:59:18", "elapsed": 2125.223595, "delta": 0.003371}}
{"target": -12.348914085250833, "params": {"colsample_bytree": 0.15821081600098194, "eta": 0.08783978713107445, "gamma": 602.6391102259711, "max_depth": 9.0, "min_child_weight": 4212.991055514919, "num_boost_round": 36.0, "subsample": 0.8812600928768228}, "datetime": {"datetime": "2024-01-20 14:59:18", "elapsed": 2125.226825, "delta": 0.00323}}
{"target": -12.349125147873632, "params": {"colsample_bytree": 0.15821081600098194, "eta": 0.08783978713107445, "gamma": 602.6391102259711, "max_depth": 9.0, "min_child_weight": 4212.991055514919, "num_boost_round": 37.0, "subsample": 0.8812600928768228}, "datetime": {"datetime": "2024-01-20 14:59:18", "elapsed": 2125.230069, "delta": 0.003244}}
{"target": -12.349904442730729, "params": {"colsample_bytree": 0.15821081600098194, "eta": 0.08783978713107445, "gamma": 602.6391102259711, "max_depth": 9.0, "min_child_weight": 4212.991055514919, "num_boost_round": 38.0, "subsample": 0.8812600928768228}, "datetime": {"datetime": "2024-01-20 14:59:18", "elapsed": 2125.233238, "delta": 0.003169}}
{"target": -12.35082145513186, "params": {"colsample_bytree": 0.15821081600098194, "eta": 0.08783978713107445, "gamma": 602.6391102259711, "max_depth": 9.0, "min_child_weight": 4212.991055514919, "num_boost_round": 39.0, "subsample": 0.8812600928768228}, "datetime": {"datetime": "2024-01-20 14:59:18", "elapsed": 2125.236396, "delta": 0.003158}}
{"target": -12.350772238238338, "params": {"colsample_bytree": 0.15821081600098194, "eta": 0.08783978713107445, "gamma": 602.6391102259711, "max_depth": 9.0, "min_child_weight": 4212.991055514919, "num_boost_round": 40.0, "subsample": 0.8812600928768228}, "datetime": {"datetime": "2024-01-20 14:59:18", "elapsed": 2125.239763, "delta": 0.003367}}
{"target": -12.349862691756762, "params": {"colsample_bytree": 0.15821081600098194, "eta": 0.08783978713107445, "gamma": 602.6391102259711, "max_depth": 9.0, "min_child_weight": 4212.991055514919, "num_boost_round": 41.0, "subsample": 0.8812600928768228}, "datetime": {"datetime": "2024-01-20 14:59:18", "elapsed": 2125.24295, "delta": 0.003187}}
{"target": -12.349750847557086, "params": {"colsample_bytree": 0.15821081600098194, "eta": 0.08783978713107445, "gamma": 602.6391102259711, "max_depth": 9.0, "min_child_weight": 4212.991055514919, "num_boost_round": 42.0, "subsample": 0.8812600928768228}, "datetime": {"datetime": "2024-01-20 14:59:18", "elapsed": 2125.246129, "delta": 0.003179}}
{"target": -12.349942541284115, "params": {"colsample_bytree": 0.15821081600098194, "eta": 0.08783978713107445, "gamma": 602.6391102259711, "max_depth": 9.0, "min_child_weight": 4212.991055514919, "num_boost_round": 43.0, "subsample": 0.8812600928768228}, "datetime": {"datetime": "2024-01-20 14:59:18", "elapsed": 2125.249289, "delta": 0.00316}}
{"target": -12.350589313638977, "params": {"colsample_bytree": 0.15821081600098194, "eta": 0.08783978713107445, "gamma": 602.6391102259711, "max_depth": 9.0, "min_child_weight": 4212.991055514919, "num_boost_round": 44.0, "subsample": 0.8812600928768228}, "datetime": {"datetime": "2024-01-20 14:59:18", "elapsed": 2125.252422, "delta": 0.003133}}
{"target": -12.350667239839083, "params": {"colsample_bytree": 0.15821081600098194, "eta": 0.08783978713107445, "gamma": 602.6391102259711, "max_depth": 9.0, "min_child_weight": 4212.991055514919, "num_boost_round": 45.0, "subsample": 0.8812600928768228}, "datetime": {"datetime": "2024-01-20 14:59:18", "elapsed": 2125.255565, "delta": 0.003143}}
{"target": -12.351136273839998, "params": {"colsample_bytree": 0.15821081600098194, "eta": 0.08783978713107445, "gamma": 602.6391102259711, "max_depth": 9.0, "min_child_weight": 4212.991055514919, "num_boost_round": 46.0, "subsample": 0.8812600928768228}, "datetime": {"datetime": "2024-01-20 14:59:18", "elapsed": 2125.258805, "delta": 0.00324}}
{"target": -12.351136363566972, "params": {"colsample_bytree": 0.15821081600098194, "eta": 0.08783978713107445, "gamma": 602.6391102259711, "max_depth": 9.0, "min_child_weight": 4212.991055514919, "num_boost_round": 47.0, "subsample": 0.8812600928768228}, "datetime": {"datetime": "2024-01-20 14:59:18", "elapsed": 2125.26211, "delta": 0.003305}}
{"target": -12.351897410801145, "params": {"colsample_bytree": 0.15821081600098194, "eta": 0.08783978713107445, "gamma": 602.6391102259711, "max_depth": 9.0, "min_child_weight": 4212.991055514919, "num_boost_round": 48.0, "subsample": 0.8812600928768228}, "datetime": {"datetime": "2024-01-20 14:59:18", "elapsed": 2125.265376, "delta": 0.003266}}
{"target": -12.35209156557189, "params": {"colsample_bytree": 0.15821081600098194, "eta": 0.08783978713107445, "gamma": 602.6391102259711, "max_depth": 9.0, "min_child_weight": 4212.991055514919, "num_boost_round": 49.0, "subsample": 0.8812600928768228}, "datetime": {"datetime": "2024-01-20 14:59:18", "elapsed": 2125.2686, "delta": 0.003224}}
{"target": -12.352281284053339, "params": {"colsample_bytree": 0.15821081600098194, "eta": 0.08783978713107445, "gamma": 602.6391102259711, "max_depth": 9.0, "min_child_weight": 4212.991055514919, "num_boost_round": 50.0, "subsample": 0.8812600928768228}, "datetime": {"datetime": "2024-01-20 14:59:18", "elapsed": 2125.27172, "delta": 0.00312}}
{"target": -12.3523655749191, "params": {"colsample_bytree": 0.15821081600098194, "eta": 0.08783978713107445, "gamma": 602.6391102259711, "max_depth": 9.0, "min_child_weight": 4212.991055514919, "num_boost_round": 51.0, "subsample": 0.8812600928768228}, "datetime": {"datetime": "2024-01-20 14:59:18", "elapsed": 2125.274871, "delta": 0.003151}}
{"target": -12.352515183947988, "params": {"colsample_bytree": 0.15821081600098194, "eta": 0.08783978713107445, "gamma": 602.6391102259711, "max_depth": 9.0, "min_child_weight": 4212.991055514919, "num_boost_round": 52.0, "subsample": 0.8812600928768228}, "datetime": {"datetime": "2024-01-20 14:59:19", "elapsed": 2125.27812, "delta": 0.003249}}
{"target": -12.352076012144583, "params": {"colsample_bytree": 0.15821081600098194, "eta": 0.08783978713107445, "gamma": 602.6391102259711, "max_depth": 9.0, "min_child_weight": 4212.991055514919, "num_boost_round": 53.0, "subsample": 0.8812600928768228}, "datetime": {"datetime": "2024-01-20 14:59:19", "elapsed": 2125.2813, "delta": 0.00318}}
