{"target": -12.346344519575283, "params": {"colsample_bytree": 0.26221668876362814, "eta": 0.05672379825111849, "gamma": 646.2292888394659, "max_depth": 2.0, "min_child_weight": 4242.1435162640955, "num_boost_round": 36.0, "subsample": 0.7629776724961812}, "datetime": {"datetime": "2024-01-20 16:50:18", "elapsed": 8784.916835, "delta": 0.007222}}
{"target": -12.358469788929446, "params": {"colsample_bytree": 0.2123131010225598, "eta": 0.0055006710658212455, "gamma": 638.2756975844653, "max_depth": 2.0, "min_child_weight": 4242.808956809956, "num_boost_round": 1.0, "subsample": 0.5260790680692133}, "datetime": {"datetime": "2024-01-20 16:52:06", "elapsed": 8893.269521, "delta": 108.352686}}
{"target": -12.358347293340664, "params": {"colsample_bytree": 0.2123131010225598, "eta": 0.0055006710658212455, "gamma": 638.2756975844653, "max_depth": 2.0, "min_child_weight": 4242.808956809956, "num_boost_round": 2.0, "subsample": 0.5260790680692133}, "datetime": {"datetime": "2024-01-20 16:52:07", "elapsed": 8893.278247, "delta": 0.008726}}
{"target": -12.358189825585406, "params": {"colsample_bytree": 0.2123131010225598, "eta": 0.0055006710658212455, "gamma": 638.2756975844653, "max_depth": 2.0, "min_child_weight": 4242.808956809956, "num_boost_round": 3.0, "subsample": 0.5260790680692133}, "datetime": {"datetime": "2024-01-20 16:52:07", "elapsed": 8893.285496, "delta": 0.007249}}
{"target": -12.35822509524534, "params": {"colsample_bytree": 0.2123131010225598, "eta": 0.0055006710658212455, "gamma": 638.2756975844653, "max_depth": 2.0, "min_child_weight": 4242.808956809956, "num_boost_round": 4.0, "subsample": 0.5260790680692133}, "datetime": {"datetime": "2024-01-20 16:52:07", "elapsed": 8893.29243, "delta": 0.006934}}
{"target": -12.358232199724348, "params": {"colsample_bytree": 0.2123131010225598, "eta": 0.0055006710658212455, "gamma": 638.2756975844653, "max_depth": 2.0, "min_child_weight": 4242.808956809956, "num_boost_round": 5.0, "subsample": 0.5260790680692133}, "datetime": {"datetime": "2024-01-20 16:52:07", "elapsed": 8893.299522, "delta": 0.007092}}
{"target": -12.358073314010738, "params": {"colsample_bytree": 0.2123131010225598, "eta": 0.0055006710658212455, "gamma": 638.2756975844653, "max_depth": 2.0, "min_child_weight": 4242.808956809956, "num_boost_round": 6.0, "subsample": 0.5260790680692133}, "datetime": {"datetime": "2024-01-20 16:52:07", "elapsed": 8893.652462, "delta": 0.35294}}
{"target": -12.358074618470223, "params": {"colsample_bytree": 0.2123131010225598, "eta": 0.0055006710658212455, "gamma": 638.2756975844653, "max_depth": 2.0, "min_child_weight": 4242.808956809956, "num_boost_round": 7.0, "subsample": 0.5260790680692133}, "datetime": {"datetime": "2024-01-20 16:52:07", "elapsed": 8893.66192, "delta": 0.009458}}
{"target": -12.35792589190704, "params": {"colsample_bytree": 0.2123131010225598, "eta": 0.0055006710658212455, "gamma": 638.2756975844653, "max_depth": 2.0, "min_child_weight": 4242.808956809956, "num_boost_round": 8.0, "subsample": 0.5260790680692133}, "datetime": {"datetime": "2024-01-20 16:52:07", "elapsed": 8893.669255, "delta": 0.007335}}
{"target": -12.357932222049115, "params": {"colsample_bytree": 0.2123131010225598, "eta": 0.0055006710658212455, "gamma": 638.2756975844653, "max_depth": 2.0, "min_child_weight": 4242.808956809956, "num_boost_round": 9.0, "subsample": 0.5260790680692133}, "datetime": {"datetime": "2024-01-20 16:52:07", "elapsed": 8893.676312, "delta": 0.007057}}
{"target": -12.357808620062169, "params": {"colsample_bytree": 0.2123131010225598, "eta": 0.0055006710658212455, "gamma": 638.2756975844653, "max_depth": 2.0, "min_child_weight": 4242.808956809956, "num_boost_round": 10.0, "subsample": 0.5260790680692133}, "datetime": {"datetime": "2024-01-20 16:52:07", "elapsed": 8893.683821, "delta": 0.007509}}
{"target": -12.357668066121972, "params": {"colsample_bytree": 0.2123131010225598, "eta": 0.0055006710658212455, "gamma": 638.2756975844653, "max_depth": 2.0, "min_child_weight": 4242.808956809956, "num_boost_round": 11.0, "subsample": 0.5260790680692133}, "datetime": {"datetime": "2024-01-20 16:52:07", "elapsed": 8893.691093, "delta": 0.007272}}
{"target": -12.357525340574362, "params": {"colsample_bytree": 0.2123131010225598, "eta": 0.0055006710658212455, "gamma": 638.2756975844653, "max_depth": 2.0, "min_child_weight": 4242.808956809956, "num_boost_round": 12.0, "subsample": 0.5260790680692133}, "datetime": {"datetime": "2024-01-20 16:52:07", "elapsed": 8893.69812, "delta": 0.007027}}
{"target": -12.35755745738108, "params": {"colsample_bytree": 0.2123131010225598, "eta": 0.0055006710658212455, "gamma": 638.2756975844653, "max_depth": 2.0, "min_child_weight": 4242.808956809956, "num_boost_round": 13.0, "subsample": 0.5260790680692133}, "datetime": {"datetime": "2024-01-20 16:52:07", "elapsed": 8893.705955, "delta": 0.007835}}
{"target": -12.357563512581805, "params": {"colsample_bytree": 0.2123131010225598, "eta": 0.0055006710658212455, "gamma": 638.2756975844653, "max_depth": 2.0, "min_child_weight": 4242.808956809956, "num_boost_round": 14.0, "subsample": 0.5260790680692133}, "datetime": {"datetime": "2024-01-20 16:52:07", "elapsed": 8893.713819, "delta": 0.007864}}
{"target": -12.357418679500906, "params": {"colsample_bytree": 0.2123131010225598, "eta": 0.0055006710658212455, "gamma": 638.2756975844653, "max_depth": 2.0, "min_child_weight": 4242.808956809956, "num_boost_round": 15.0, "subsample": 0.5260790680692133}, "datetime": {"datetime": "2024-01-20 16:52:07", "elapsed": 8893.722268, "delta": 0.008449}}
{"target": -12.357269738556912, "params": {"colsample_bytree": 0.2123131010225598, "eta": 0.0055006710658212455, "gamma": 638.2756975844653, "max_depth": 2.0, "min_child_weight": 4242.808956809956, "num_boost_round": 16.0, "subsample": 0.5260790680692133}, "datetime": {"datetime": "2024-01-20 16:52:07", "elapsed": 8893.729769, "delta": 0.007501}}
{"target": -12.357290783274163, "params": {"colsample_bytree": 0.2123131010225598, "eta": 0.0055006710658212455, "gamma": 638.2756975844653, "max_depth": 2.0, "min_child_weight": 4242.808956809956, "num_boost_round": 17.0, "subsample": 0.5260790680692133}, "datetime": {"datetime": "2024-01-20 16:52:07", "elapsed": 8893.736841, "delta": 0.007072}}
{"target": -12.357292394806592, "params": {"colsample_bytree": 0.2123131010225598, "eta": 0.0055006710658212455, "gamma": 638.2756975844653, "max_depth": 2.0, "min_child_weight": 4242.808956809956, "num_boost_round": 18.0, "subsample": 0.5260790680692133}, "datetime": {"datetime": "2024-01-20 16:52:07", "elapsed": 8893.744419, "delta": 0.007578}}
{"target": -12.357290492146326, "params": {"colsample_bytree": 0.2123131010225598, "eta": 0.0055006710658212455, "gamma": 638.2756975844653, "max_depth": 2.0, "min_child_weight": 4242.808956809956, "num_boost_round": 19.0, "subsample": 0.5260790680692133}, "datetime": {"datetime": "2024-01-20 16:52:07", "elapsed": 8893.751661, "delta": 0.007242}}
{"target": -12.357275170002174, "params": {"colsample_bytree": 0.2123131010225598, "eta": 0.0055006710658212455, "gamma": 638.2756975844653, "max_depth": 2.0, "min_child_weight": 4242.808956809956, "num_boost_round": 20.0, "subsample": 0.5260790680692133}, "datetime": {"datetime": "2024-01-20 16:52:07", "elapsed": 8893.758625, "delta": 0.006964}}
{"target": -12.357288165814552, "params": {"colsample_bytree": 0.2123131010225598, "eta": 0.0055006710658212455, "gamma": 638.2756975844653, "max_depth": 2.0, "min_child_weight": 4242.808956809956, "num_boost_round": 21.0, "subsample": 0.5260790680692133}, "datetime": {"datetime": "2024-01-20 16:52:07", "elapsed": 8893.767349, "delta": 0.008724}}
{"target": -12.35729404016406, "params": {"colsample_bytree": 0.2123131010225598, "eta": 0.0055006710658212455, "gamma": 638.2756975844653, "max_depth": 2.0, "min_child_weight": 4242.808956809956, "num_boost_round": 22.0, "subsample": 0.5260790680692133}, "datetime": {"datetime": "2024-01-20 16:52:07", "elapsed": 8893.779856, "delta": 0.012507}}
{"target": -12.35729164077851, "params": {"colsample_bytree": 0.2123131010225598, "eta": 0.0055006710658212455, "gamma": 638.2756975844653, "max_depth": 2.0, "min_child_weight": 4242.808956809956, "num_boost_round": 23.0, "subsample": 0.5260790680692133}, "datetime": {"datetime": "2024-01-20 16:52:07", "elapsed": 8893.791103, "delta": 0.011247}}
{"target": -12.357302959125573, "params": {"colsample_bytree": 0.2123131010225598, "eta": 0.0055006710658212455, "gamma": 638.2756975844653, "max_depth": 2.0, "min_child_weight": 4242.808956809956, "num_boost_round": 24.0, "subsample": 0.5260790680692133}, "datetime": {"datetime": "2024-01-20 16:52:07", "elapsed": 8893.799883, "delta": 0.00878}}
{"target": -12.357011835823176, "params": {"colsample_bytree": 0.2123131010225598, "eta": 0.0055006710658212455, "gamma": 638.2756975844653, "max_depth": 2.0, "min_child_weight": 4242.808956809956, "num_boost_round": 25.0, "subsample": 0.5260790680692133}, "datetime": {"datetime": "2024-01-20 16:52:07", "elapsed": 8893.807843, "delta": 0.00796}}
{"target": -12.357020413285666, "params": {"colsample_bytree": 0.2123131010225598, "eta": 0.0055006710658212455, "gamma": 638.2756975844653, "max_depth": 2.0, "min_child_weight": 4242.808956809956, "num_boost_round": 26.0, "subsample": 0.5260790680692133}, "datetime": {"datetime": "2024-01-20 16:52:07", "elapsed": 8893.815777, "delta": 0.007934}}
{"target": -12.357043793169883, "params": {"colsample_bytree": 0.2123131010225598, "eta": 0.0055006710658212455, "gamma": 638.2756975844653, "max_depth": 2.0, "min_child_weight": 4242.808956809956, "num_boost_round": 27.0, "subsample": 0.5260790680692133}, "datetime": {"datetime": "2024-01-20 16:52:07", "elapsed": 8893.824092, "delta": 0.008315}}
{"target": -12.357033295910327, "params": {"colsample_bytree": 0.2123131010225598, "eta": 0.0055006710658212455, "gamma": 638.2756975844653, "max_depth": 2.0, "min_child_weight": 4242.808956809956, "num_boost_round": 28.0, "subsample": 0.5260790680692133}, "datetime": {"datetime": "2024-01-20 16:52:07", "elapsed": 8893.831513, "delta": 0.007421}}
{"target": -12.357017857010032, "params": {"colsample_bytree": 0.2123131010225598, "eta": 0.0055006710658212455, "gamma": 638.2756975844653, "max_depth": 2.0, "min_child_weight": 4242.808956809956, "num_boost_round": 29.0, "subsample": 0.5260790680692133}, "datetime": {"datetime": "2024-01-20 16:52:07", "elapsed": 8893.838704, "delta": 0.007191}}
{"target": -12.356871897135594, "params": {"colsample_bytree": 0.2123131010225598, "eta": 0.0055006710658212455, "gamma": 638.2756975844653, "max_depth": 2.0, "min_child_weight": 4242.808956809956, "num_boost_round": 30.0, "subsample": 0.5260790680692133}, "datetime": {"datetime": "2024-01-20 16:52:07", "elapsed": 8893.846409, "delta": 0.007705}}
{"target": -12.356583542010377, "params": {"colsample_bytree": 0.2123131010225598, "eta": 0.0055006710658212455, "gamma": 638.2756975844653, "max_depth": 2.0, "min_child_weight": 4242.808956809956, "num_boost_round": 31.0, "subsample": 0.5260790680692133}, "datetime": {"datetime": "2024-01-20 16:52:07", "elapsed": 8893.85382, "delta": 0.007411}}
{"target": -12.356626743529764, "params": {"colsample_bytree": 0.2123131010225598, "eta": 0.0055006710658212455, "gamma": 638.2756975844653, "max_depth": 2.0, "min_child_weight": 4242.808956809956, "num_boost_round": 32.0, "subsample": 0.5260790680692133}, "datetime": {"datetime": "2024-01-20 16:52:07", "elapsed": 8893.86113, "delta": 0.00731}}
{"target": -12.356615069445311, "params": {"colsample_bytree": 0.2123131010225598, "eta": 0.0055006710658212455, "gamma": 638.2756975844653, "max_depth": 2.0, "min_child_weight": 4242.808956809956, "num_boost_round": 33.0, "subsample": 0.5260790680692133}, "datetime": {"datetime": "2024-01-20 16:52:07", "elapsed": 8893.868451, "delta": 0.007321}}
{"target": -12.356611338870842, "params": {"colsample_bytree": 0.2123131010225598, "eta": 0.0055006710658212455, "gamma": 638.2756975844653, "max_depth": 2.0, "min_child_weight": 4242.808956809956, "num_boost_round": 34.0, "subsample": 0.5260790680692133}, "datetime": {"datetime": "2024-01-20 16:52:07", "elapsed": 8893.876102, "delta": 0.007651}}
{"target": -12.356645677566949, "params": {"colsample_bytree": 0.2123131010225598, "eta": 0.0055006710658212455, "gamma": 638.2756975844653, "max_depth": 2.0, "min_child_weight": 4242.808956809956, "num_boost_round": 35.0, "subsample": 0.5260790680692133}, "datetime": {"datetime": "2024-01-20 16:52:07", "elapsed": 8893.883383, "delta": 0.007281}}
{"target": -12.356657123705887, "params": {"colsample_bytree": 0.2123131010225598, "eta": 0.0055006710658212455, "gamma": 638.2756975844653, "max_depth": 2.0, "min_child_weight": 4242.808956809956, "num_boost_round": 36.0, "subsample": 0.5260790680692133}, "datetime": {"datetime": "2024-01-20 16:52:07", "elapsed": 8893.893918, "delta": 0.010535}}
{"target": -12.356693726387803, "params": {"colsample_bytree": 0.2123131010225598, "eta": 0.0055006710658212455, "gamma": 638.2756975844653, "max_depth": 2.0, "min_child_weight": 4242.808956809956, "num_boost_round": 37.0, "subsample": 0.5260790680692133}, "datetime": {"datetime": "2024-01-20 16:52:07", "elapsed": 8893.905885, "delta": 0.011967}}
{"target": -12.356720970371349, "params": {"colsample_bytree": 0.2123131010225598, "eta": 0.0055006710658212455, "gamma": 638.2756975844653, "max_depth": 2.0, "min_child_weight": 4242.808956809956, "num_boost_round": 38.0, "subsample": 0.5260790680692133}, "datetime": {"datetime": "2024-01-20 16:52:07", "elapsed": 8893.915812, "delta": 0.009927}}
{"target": -12.356731778551676, "params": {"colsample_bytree": 0.2123131010225598, "eta": 0.0055006710658212455, "gamma": 638.2756975844653, "max_depth": 2.0, "min_child_weight": 4242.808956809956, "num_boost_round": 39.0, "subsample": 0.5260790680692133}, "datetime": {"datetime": "2024-01-20 16:52:07", "elapsed": 8893.923324, "delta": 0.007512}}
{"target": -12.356724399404492, "params": {"colsample_bytree": 0.2123131010225598, "eta": 0.0055006710658212455, "gamma": 638.2756975844653, "max_depth": 2.0, "min_child_weight": 4242.808956809956, "num_boost_round": 40.0, "subsample": 0.5260790680692133}, "datetime": {"datetime": "2024-01-20 16:52:07", "elapsed": 8893.930402, "delta": 0.007078}}
{"target": -12.356580008993415, "params": {"colsample_bytree": 0.2123131010225598, "eta": 0.0055006710658212455, "gamma": 638.2756975844653, "max_depth": 2.0, "min_child_weight": 4242.808956809956, "num_boost_round": 41.0, "subsample": 0.5260790680692133}, "datetime": {"datetime": "2024-01-20 16:52:07", "elapsed": 8893.937508, "delta": 0.007106}}
{"target": -12.356297545104825, "params": {"colsample_bytree": 0.2123131010225598, "eta": 0.0055006710658212455, "gamma": 638.2756975844653, "max_depth": 2.0, "min_child_weight": 4242.808956809956, "num_boost_round": 42.0, "subsample": 0.5260790680692133}, "datetime": {"datetime": "2024-01-20 16:52:07", "elapsed": 8893.945025, "delta": 0.007517}}
{"target": -12.356309135777607, "params": {"colsample_bytree": 0.2123131010225598, "eta": 0.0055006710658212455, "gamma": 638.2756975844653, "max_depth": 2.0, "min_child_weight": 4242.808956809956, "num_boost_round": 43.0, "subsample": 0.5260790680692133}, "datetime": {"datetime": "2024-01-20 16:52:07", "elapsed": 8893.95226, "delta": 0.007235}}
{"target": -12.356337378698228, "params": {"colsample_bytree": 0.2123131010225598, "eta": 0.0055006710658212455, "gamma": 638.2756975844653, "max_depth": 2.0, "min_child_weight": 4242.808956809956, "num_boost_round": 44.0, "subsample": 0.5260790680692133}, "datetime": {"datetime": "2024-01-20 16:52:07", "elapsed": 8893.959348, "delta": 0.007088}}
{"target": -12.356334636529287, "params": {"colsample_bytree": 0.2123131010225598, "eta": 0.0055006710658212455, "gamma": 638.2756975844653, "max_depth": 2.0, "min_child_weight": 4242.808956809956, "num_boost_round": 45.0, "subsample": 0.5260790680692133}, "datetime": {"datetime": "2024-01-20 16:52:07", "elapsed": 8893.966338, "delta": 0.00699}}
{"target": -12.356364570570198, "params": {"colsample_bytree": 0.2123131010225598, "eta": 0.0055006710658212455, "gamma": 638.2756975844653, "max_depth": 2.0, "min_child_weight": 4242.808956809956, "num_boost_round": 46.0, "subsample": 0.5260790680692133}, "datetime": {"datetime": "2024-01-20 16:52:07", "elapsed": 8893.973816, "delta": 0.007478}}
{"target": -12.356367101328681, "params": {"colsample_bytree": 0.2123131010225598, "eta": 0.0055006710658212455, "gamma": 638.2756975844653, "max_depth": 2.0, "min_child_weight": 4242.808956809956, "num_boost_round": 47.0, "subsample": 0.5260790680692133}, "datetime": {"datetime": "2024-01-20 16:52:07", "elapsed": 8893.981135, "delta": 0.007319}}
{"target": -12.356396314993585, "params": {"colsample_bytree": 0.2123131010225598, "eta": 0.0055006710658212455, "gamma": 638.2756975844653, "max_depth": 2.0, "min_child_weight": 4242.808956809956, "num_boost_round": 48.0, "subsample": 0.5260790680692133}, "datetime": {"datetime": "2024-01-20 16:52:07", "elapsed": 8893.988234, "delta": 0.007099}}
{"target": -12.356404601133253, "params": {"colsample_bytree": 0.2123131010225598, "eta": 0.0055006710658212455, "gamma": 638.2756975844653, "max_depth": 2.0, "min_child_weight": 4242.808956809956, "num_boost_round": 49.0, "subsample": 0.5260790680692133}, "datetime": {"datetime": "2024-01-20 16:52:07", "elapsed": 8893.995196, "delta": 0.006962}}
{"target": -12.35640331937983, "params": {"colsample_bytree": 0.2123131010225598, "eta": 0.0055006710658212455, "gamma": 638.2756975844653, "max_depth": 2.0, "min_child_weight": 4242.808956809956, "num_boost_round": 50.0, "subsample": 0.5260790680692133}, "datetime": {"datetime": "2024-01-20 16:52:07", "elapsed": 8894.002591, "delta": 0.007395}}
{"target": -12.356409379087179, "params": {"colsample_bytree": 0.2123131010225598, "eta": 0.0055006710658212455, "gamma": 638.2756975844653, "max_depth": 2.0, "min_child_weight": 4242.808956809956, "num_boost_round": 51.0, "subsample": 0.5260790680692133}, "datetime": {"datetime": "2024-01-20 16:52:07", "elapsed": 8894.010455, "delta": 0.007864}}
{"target": -12.356417613877756, "params": {"colsample_bytree": 0.2123131010225598, "eta": 0.0055006710658212455, "gamma": 638.2756975844653, "max_depth": 2.0, "min_child_weight": 4242.808956809956, "num_boost_round": 52.0, "subsample": 0.5260790680692133}, "datetime": {"datetime": "2024-01-20 16:52:07", "elapsed": 8894.017506, "delta": 0.007051}}
{"target": -12.356283456848322, "params": {"colsample_bytree": 0.2123131010225598, "eta": 0.0055006710658212455, "gamma": 638.2756975844653, "max_depth": 2.0, "min_child_weight": 4242.808956809956, "num_boost_round": 53.0, "subsample": 0.5260790680692133}, "datetime": {"datetime": "2024-01-20 16:52:07", "elapsed": 8894.024593, "delta": 0.007087}}
{"target": -12.35600126044599, "params": {"colsample_bytree": 0.2123131010225598, "eta": 0.0055006710658212455, "gamma": 638.2756975844653, "max_depth": 2.0, "min_child_weight": 4242.808956809956, "num_boost_round": 54.0, "subsample": 0.5260790680692133}, "datetime": {"datetime": "2024-01-20 16:52:07", "elapsed": 8894.032124, "delta": 0.007531}}
{"target": -12.356005601132434, "params": {"colsample_bytree": 0.2123131010225598, "eta": 0.0055006710658212455, "gamma": 638.2756975844653, "max_depth": 2.0, "min_child_weight": 4242.808956809956, "num_boost_round": 55.0, "subsample": 0.5260790680692133}, "datetime": {"datetime": "2024-01-20 16:52:07", "elapsed": 8894.039305, "delta": 0.007181}}
{"target": -12.355883092987293, "params": {"colsample_bytree": 0.2123131010225598, "eta": 0.0055006710658212455, "gamma": 638.2756975844653, "max_depth": 2.0, "min_child_weight": 4242.808956809956, "num_boost_round": 56.0, "subsample": 0.5260790680692133}, "datetime": {"datetime": "2024-01-20 16:52:07", "elapsed": 8894.046392, "delta": 0.007087}}
{"target": -12.355885931637584, "params": {"colsample_bytree": 0.2123131010225598, "eta": 0.0055006710658212455, "gamma": 638.2756975844653, "max_depth": 2.0, "min_child_weight": 4242.808956809956, "num_boost_round": 57.0, "subsample": 0.5260790680692133}, "datetime": {"datetime": "2024-01-20 16:52:07", "elapsed": 8894.053453, "delta": 0.007061}}
{"target": -12.355892876040715, "params": {"colsample_bytree": 0.2123131010225598, "eta": 0.0055006710658212455, "gamma": 638.2756975844653, "max_depth": 2.0, "min_child_weight": 4242.808956809956, "num_boost_round": 58.0, "subsample": 0.5260790680692133}, "datetime": {"datetime": "2024-01-20 16:52:07", "elapsed": 8894.060933, "delta": 0.00748}}
{"target": -12.355757061961384, "params": {"colsample_bytree": 0.2123131010225598, "eta": 0.0055006710658212455, "gamma": 638.2756975844653, "max_depth": 2.0, "min_child_weight": 4242.808956809956, "num_boost_round": 59.0, "subsample": 0.5260790680692133}, "datetime": {"datetime": "2024-01-20 16:52:07", "elapsed": 8894.068255, "delta": 0.007322}}
{"target": -12.355757373777479, "params": {"colsample_bytree": 0.2123131010225598, "eta": 0.0055006710658212455, "gamma": 638.2756975844653, "max_depth": 2.0, "min_child_weight": 4242.808956809956, "num_boost_round": 60.0, "subsample": 0.5260790680692133}, "datetime": {"datetime": "2024-01-20 16:52:07", "elapsed": 8894.075487, "delta": 0.007232}}
{"target": -12.35575952386372, "params": {"colsample_bytree": 0.2123131010225598, "eta": 0.0055006710658212455, "gamma": 638.2756975844653, "max_depth": 2.0, "min_child_weight": 4242.808956809956, "num_boost_round": 61.0, "subsample": 0.5260790680692133}, "datetime": {"datetime": "2024-01-20 16:52:07", "elapsed": 8894.082665, "delta": 0.007178}}
{"target": -12.35575954109855, "params": {"colsample_bytree": 0.2123131010225598, "eta": 0.0055006710658212455, "gamma": 638.2756975844653, "max_depth": 2.0, "min_child_weight": 4242.808956809956, "num_boost_round": 62.0, "subsample": 0.5260790680692133}, "datetime": {"datetime": "2024-01-20 16:52:07", "elapsed": 8894.09021, "delta": 0.007545}}
