{"target": -13.733024837483116, "params": {"colsample_bytree": 0.8202795520395803, "eta": 0.06742703074991899, "gamma": 273.63458688513253, "max_depth": 5.0, "min_child_weight": 3729.0231025528155, "num_boost_round": 2.0, "subsample": 0.4445441579360966}, "datetime": {"datetime": "2024-01-20 16:00:24", "elapsed": 5785.831895, "delta": 0.002901}}
{"target": -13.734048453362057, "params": {"colsample_bytree": 0.8202795520395803, "eta": 0.06742703074991899, "gamma": 273.63458688513253, "max_depth": 5.0, "min_child_weight": 3729.0231025528155, "num_boost_round": 3.0, "subsample": 0.4445441579360966}, "datetime": {"datetime": "2024-01-20 16:00:24", "elapsed": 5785.83458, "delta": 0.002685}}
{"target": -13.735462309407556, "params": {"colsample_bytree": 0.8202795520395803, "eta": 0.06742703074991899, "gamma": 273.63458688513253, "max_depth": 5.0, "min_child_weight": 3729.0231025528155, "num_boost_round": 4.0, "subsample": 0.4445441579360966}, "datetime": {"datetime": "2024-01-20 16:00:24", "elapsed": 5785.83716, "delta": 0.00258}}
{"target": -13.737291875043644, "params": {"colsample_bytree": 0.8202795520395803, "eta": 0.06742703074991899, "gamma": 273.63458688513253, "max_depth": 5.0, "min_child_weight": 3729.0231025528155, "num_boost_round": 5.0, "subsample": 0.4445441579360966}, "datetime": {"datetime": "2024-01-20 16:00:24", "elapsed": 5785.839864, "delta": 0.002704}}
{"target": -13.738783445406398, "params": {"colsample_bytree": 0.8202795520395803, "eta": 0.06742703074991899, "gamma": 273.63458688513253, "max_depth": 5.0, "min_child_weight": 3729.0231025528155, "num_boost_round": 6.0, "subsample": 0.4445441579360966}, "datetime": {"datetime": "2024-01-20 16:00:24", "elapsed": 5785.842552, "delta": 0.002688}}
{"target": -13.74012269184787, "params": {"colsample_bytree": 0.8202795520395803, "eta": 0.06742703074991899, "gamma": 273.63458688513253, "max_depth": 5.0, "min_child_weight": 3729.0231025528155, "num_boost_round": 7.0, "subsample": 0.4445441579360966}, "datetime": {"datetime": "2024-01-20 16:00:24", "elapsed": 5785.845146, "delta": 0.002594}}
{"target": -13.741790643040833, "params": {"colsample_bytree": 0.8202795520395803, "eta": 0.06742703074991899, "gamma": 273.63458688513253, "max_depth": 5.0, "min_child_weight": 3729.0231025528155, "num_boost_round": 8.0, "subsample": 0.4445441579360966}, "datetime": {"datetime": "2024-01-20 16:00:24", "elapsed": 5785.847755, "delta": 0.002609}}
{"target": -13.732483568824792, "params": {"colsample_bytree": 0.3752784222862978, "eta": 0.09964977728620981, "gamma": 503.4682202667577, "max_depth": 4.0, "min_child_weight": 3401.8490955660614, "num_boost_round": 1.0, "subsample": 0.2690794370931454}, "datetime": {"datetime": "2024-01-20 16:00:48", "elapsed": 5808.941893, "delta": 23.094138}}
{"target": -13.733852852591163, "params": {"colsample_bytree": 0.3752784222862978, "eta": 0.09964977728620981, "gamma": 503.4682202667577, "max_depth": 4.0, "min_child_weight": 3401.8490955660614, "num_boost_round": 2.0, "subsample": 0.2690794370931454}, "datetime": {"datetime": "2024-01-20 16:00:48", "elapsed": 5808.945828, "delta": 0.003935}}
{"target": -13.731273927437055, "params": {"colsample_bytree": 0.5171227835720223, "eta": 0.02389062022649445, "gamma": 191.96564237928072, "max_depth": 6.0, "min_child_weight": 4419.414579166285, "num_boost_round": 1.0, "subsample": 0.6850650440539556}, "datetime": {"datetime": "2024-01-20 16:01:09", "elapsed": 5830.39299, "delta": 21.447162}}
{"target": -13.731623311874882, "params": {"colsample_bytree": 0.3149249890467749, "eta": 0.09163743140353306, "gamma": 44.51870006395453, "max_depth": 2.0, "min_child_weight": 3361.7891888914505, "num_boost_round": 1.0, "subsample": 0.4436641967600159}, "datetime": {"datetime": "2024-01-20 16:01:28", "elapsed": 5849.357434, "delta": 18.964444}}
{"target": -13.731706991191537, "params": {"colsample_bytree": 0.9279756628919462, "eta": 0.045913486687195804, "gamma": 172.78372888935556, "max_depth": 8.0, "min_child_weight": 4005.1626284433946, "num_boost_round": 1.0, "subsample": 0.11027081247797124}, "datetime": {"datetime": "2024-01-20 16:01:48", "elapsed": 5869.850448, "delta": 20.493014}}
{"target": -13.733375065277343, "params": {"colsample_bytree": 0.6679359787388589, "eta": 0.09924679062543859, "gamma": 389.5087879176985, "max_depth": 9.0, "min_child_weight": 3599.1463510099943, "num_boost_round": 1.0, "subsample": 0.21002513890307872}, "datetime": {"datetime": "2024-01-20 16:02:16", "elapsed": 5896.890183, "delta": 27.039735}}
{"target": -13.731406397523092, "params": {"colsample_bytree": 0.2826528771680288, "eta": 0.06414841895146604, "gamma": 336.75300902665026, "max_depth": 2.0, "min_child_weight": 3434.7356755801816, "num_boost_round": 1.0, "subsample": 0.8817770043284394}, "datetime": {"datetime": "2024-01-20 16:02:37", "elapsed": 5918.581516, "delta": 21.691333}}
{"target": -13.731958966999745, "params": {"colsample_bytree": 0.2826528771680288, "eta": 0.06414841895146604, "gamma": 336.75300902665026, "max_depth": 2.0, "min_child_weight": 3434.7356755801816, "num_boost_round": 2.0, "subsample": 0.8817770043284394}, "datetime": {"datetime": "2024-01-20 16:02:37", "elapsed": 5918.585503, "delta": 0.003987}}
{"target": -13.731064942754944, "params": {"colsample_bytree": 0.812187962024261, "eta": 0.002863639590296996, "gamma": 281.5190520646161, "max_depth": 7.0, "min_child_weight": 4021.3572276927625, "num_boost_round": 1.0, "subsample": 0.9727545592491769}, "datetime": {"datetime": "2024-01-20 16:03:00", "elapsed": 5941.165143, "delta": 22.57964}}
{"target": -13.731037554922185, "params": {"colsample_bytree": 0.5017697367225393, "eta": 0.0029804176683474854, "gamma": 316.3201260294003, "max_depth": 7.0, "min_child_weight": 3473.6669486188334, "num_boost_round": 1.0, "subsample": 0.15328947760341552}, "datetime": {"datetime": "2024-01-20 16:03:29", "elapsed": 5970.049726, "delta": 28.884583}}
{"target": -13.731352018624365, "params": {"colsample_bytree": 0.26399324542715075, "eta": 0.0406785518027451, "gamma": 43.812600217945416, "max_depth": 9.0, "min_child_weight": 3728.540307695548, "num_boost_round": 1.0, "subsample": 0.11646258625837469}, "datetime": {"datetime": "2024-01-20 16:03:50", "elapsed": 5991.409414, "delta": 21.359688}}
{"target": -13.731631503234066, "params": {"colsample_bytree": 0.26399324542715075, "eta": 0.0406785518027451, "gamma": 43.812600217945416, "max_depth": 9.0, "min_child_weight": 3728.540307695548, "num_boost_round": 2.0, "subsample": 0.11646258625837469}, "datetime": {"datetime": "2024-01-20 16:03:50", "elapsed": 5991.414343, "delta": 0.004929}}
{"target": -13.731411458372348, "params": {"colsample_bytree": 0.6722931595999981, "eta": 0.04161714391655028, "gamma": 160.6036495001616, "max_depth": 2.0, "min_child_weight": 3593.1118671271065, "num_boost_round": 1.0, "subsample": 0.62766171039965}, "datetime": {"datetime": "2024-01-20 16:04:10", "elapsed": 6011.708399, "delta": 20.294056}}
{"target": -13.731363230031402, "params": {"colsample_bytree": 0.8839532480747323, "eta": 0.029446804254802703, "gamma": 818.5309985654865, "max_depth": 5.0, "min_child_weight": 3887.25808271393, "num_boost_round": 1.0, "subsample": 0.1552608358747978}, "datetime": {"datetime": "2024-01-20 16:04:32", "elapsed": 6033.099563, "delta": 21.391164}}
{"target": -13.731931806831119, "params": {"colsample_bytree": 0.8839532480747323, "eta": 0.029446804254802703, "gamma": 818.5309985654865, "max_depth": 5.0, "min_child_weight": 3887.25808271393, "num_boost_round": 2.0, "subsample": 0.1552608358747978}, "datetime": {"datetime": "2024-01-20 16:04:32", "elapsed": 6033.103351, "delta": 0.003788}}
{"target": -13.732088280568847, "params": {"colsample_bytree": 0.8215323617888342, "eta": 0.06849800693867152, "gamma": 671.4468404079066, "max_depth": 3.0, "min_child_weight": 4252.329211740244, "num_boost_round": 1.0, "subsample": 0.9243073702040302}, "datetime": {"datetime": "2024-01-20 16:04:57", "elapsed": 6058.147674, "delta": 25.044323}}
{"target": -13.732489401566607, "params": {"colsample_bytree": 0.43574400895421994, "eta": 0.09577838011352077, "gamma": 135.6739440884035, "max_depth": 6.0, "min_child_weight": 4442.708187058667, "num_boost_round": 1.0, "subsample": 0.2167316933046879}, "datetime": {"datetime": "2024-01-20 16:05:23", "elapsed": 6084.55716, "delta": 26.409486}}
{"target": -13.733474140351426, "params": {"colsample_bytree": 0.43574400895421994, "eta": 0.09577838011352077, "gamma": 135.6739440884035, "max_depth": 6.0, "min_child_weight": 4442.708187058667, "num_boost_round": 2.0, "subsample": 0.2167316933046879}, "datetime": {"datetime": "2024-01-20 16:05:23", "elapsed": 6084.561933, "delta": 0.004773}}
{"target": -13.7349640594228, "params": {"colsample_bytree": 0.43574400895421994, "eta": 0.09577838011352077, "gamma": 135.6739440884035, "max_depth": 6.0, "min_child_weight": 4442.708187058667, "num_boost_round": 3.0, "subsample": 0.2167316933046879}, "datetime": {"datetime": "2024-01-20 16:05:23", "elapsed": 6084.565316, "delta": 0.003383}}
{"target": -13.736001415085799, "params": {"colsample_bytree": 0.43574400895421994, "eta": 0.09577838011352077, "gamma": 135.6739440884035, "max_depth": 6.0, "min_child_weight": 4442.708187058667, "num_boost_round": 4.0, "subsample": 0.2167316933046879}, "datetime": {"datetime": "2024-01-20 16:05:23", "elapsed": 6084.568446, "delta": 0.00313}}
{"target": -13.737661502413122, "params": {"colsample_bytree": 0.43574400895421994, "eta": 0.09577838011352077, "gamma": 135.6739440884035, "max_depth": 6.0, "min_child_weight": 4442.708187058667, "num_boost_round": 5.0, "subsample": 0.2167316933046879}, "datetime": {"datetime": "2024-01-20 16:05:23", "elapsed": 6084.571298, "delta": 0.002852}}
{"target": -13.739296585366716, "params": {"colsample_bytree": 0.43574400895421994, "eta": 0.09577838011352077, "gamma": 135.6739440884035, "max_depth": 6.0, "min_child_weight": 4442.708187058667, "num_boost_round": 6.0, "subsample": 0.2167316933046879}, "datetime": {"datetime": "2024-01-20 16:05:23", "elapsed": 6084.573902, "delta": 0.002604}}
{"target": -13.740832045368684, "params": {"colsample_bytree": 0.43574400895421994, "eta": 0.09577838011352077, "gamma": 135.6739440884035, "max_depth": 6.0, "min_child_weight": 4442.708187058667, "num_boost_round": 7.0, "subsample": 0.2167316933046879}, "datetime": {"datetime": "2024-01-20 16:05:23", "elapsed": 6084.576486, "delta": 0.002584}}
{"target": -13.742904743125655, "params": {"colsample_bytree": 0.43574400895421994, "eta": 0.09577838011352077, "gamma": 135.6739440884035, "max_depth": 6.0, "min_child_weight": 4442.708187058667, "num_boost_round": 8.0, "subsample": 0.2167316933046879}, "datetime": {"datetime": "2024-01-20 16:05:23", "elapsed": 6084.57907, "delta": 0.002584}}
{"target": -13.744166225293654, "params": {"colsample_bytree": 0.43574400895421994, "eta": 0.09577838011352077, "gamma": 135.6739440884035, "max_depth": 6.0, "min_child_weight": 4442.708187058667, "num_boost_round": 9.0, "subsample": 0.2167316933046879}, "datetime": {"datetime": "2024-01-20 16:05:24", "elapsed": 6084.961785, "delta": 0.382715}}
{"target": -13.745366254460084, "params": {"colsample_bytree": 0.43574400895421994, "eta": 0.09577838011352077, "gamma": 135.6739440884035, "max_depth": 6.0, "min_child_weight": 4442.708187058667, "num_boost_round": 10.0, "subsample": 0.2167316933046879}, "datetime": {"datetime": "2024-01-20 16:05:24", "elapsed": 6084.965898, "delta": 0.004113}}
{"target": -13.731832302215068, "params": {"colsample_bytree": 0.9507838925411822, "eta": 0.05934290508876301, "gamma": 298.7227776759826, "max_depth": 6.0, "min_child_weight": 4603.4564546641295, "num_boost_round": 1.0, "subsample": 0.11110517712907172}, "datetime": {"datetime": "2024-01-20 16:05:48", "elapsed": 6108.893308, "delta": 23.92741}}
{"target": -13.733102640793069, "params": {"colsample_bytree": 0.9507838925411822, "eta": 0.05934290508876301, "gamma": 298.7227776759826, "max_depth": 6.0, "min_child_weight": 4603.4564546641295, "num_boost_round": 2.0, "subsample": 0.11110517712907172}, "datetime": {"datetime": "2024-01-20 16:05:48", "elapsed": 6108.897187, "delta": 0.003879}}
{"target": -13.734376394861618, "params": {"colsample_bytree": 0.9507838925411822, "eta": 0.05934290508876301, "gamma": 298.7227776759826, "max_depth": 6.0, "min_child_weight": 4603.4564546641295, "num_boost_round": 3.0, "subsample": 0.11110517712907172}, "datetime": {"datetime": "2024-01-20 16:05:48", "elapsed": 6108.899929, "delta": 0.002742}}
{"target": -13.735477854273888, "params": {"colsample_bytree": 0.9507838925411822, "eta": 0.05934290508876301, "gamma": 298.7227776759826, "max_depth": 6.0, "min_child_weight": 4603.4564546641295, "num_boost_round": 4.0, "subsample": 0.11110517712907172}, "datetime": {"datetime": "2024-01-20 16:05:48", "elapsed": 6108.902678, "delta": 0.002749}}
{"target": -13.736960027358137, "params": {"colsample_bytree": 0.9507838925411822, "eta": 0.05934290508876301, "gamma": 298.7227776759826, "max_depth": 6.0, "min_child_weight": 4603.4564546641295, "num_boost_round": 5.0, "subsample": 0.11110517712907172}, "datetime": {"datetime": "2024-01-20 16:05:48", "elapsed": 6108.905365, "delta": 0.002687}}
{"target": -13.731742538345246, "params": {"colsample_bytree": 0.437113993701158, "eta": 0.08686944284705227, "gamma": 718.7517958308908, "max_depth": 7.0, "min_child_weight": 4264.138150314301, "num_boost_round": 1.0, "subsample": 0.7940746277030084}, "datetime": {"datetime": "2024-01-20 16:06:23", "elapsed": 6144.207967, "delta": 35.302602}}
{"target": -13.732499377936758, "params": {"colsample_bytree": 0.437113993701158, "eta": 0.08686944284705227, "gamma": 718.7517958308908, "max_depth": 7.0, "min_child_weight": 4264.138150314301, "num_boost_round": 2.0, "subsample": 0.7940746277030084}, "datetime": {"datetime": "2024-01-20 16:06:23", "elapsed": 6144.211508, "delta": 0.003541}}
{"target": -13.734229558155864, "params": {"colsample_bytree": 0.437113993701158, "eta": 0.08686944284705227, "gamma": 718.7517958308908, "max_depth": 7.0, "min_child_weight": 4264.138150314301, "num_boost_round": 3.0, "subsample": 0.7940746277030084}, "datetime": {"datetime": "2024-01-20 16:06:23", "elapsed": 6144.214158, "delta": 0.00265}}
{"target": -13.73588536340701, "params": {"colsample_bytree": 0.437113993701158, "eta": 0.08686944284705227, "gamma": 718.7517958308908, "max_depth": 7.0, "min_child_weight": 4264.138150314301, "num_boost_round": 4.0, "subsample": 0.7940746277030084}, "datetime": {"datetime": "2024-01-20 16:06:23", "elapsed": 6144.21677, "delta": 0.002612}}
{"target": -13.738427046033117, "params": {"colsample_bytree": 0.437113993701158, "eta": 0.08686944284705227, "gamma": 718.7517958308908, "max_depth": 7.0, "min_child_weight": 4264.138150314301, "num_boost_round": 5.0, "subsample": 0.7940746277030084}, "datetime": {"datetime": "2024-01-20 16:06:23", "elapsed": 6144.220038, "delta": 0.003268}}
{"target": -13.74081011399186, "params": {"colsample_bytree": 0.437113993701158, "eta": 0.08686944284705227, "gamma": 718.7517958308908, "max_depth": 7.0, "min_child_weight": 4264.138150314301, "num_boost_round": 6.0, "subsample": 0.7940746277030084}, "datetime": {"datetime": "2024-01-20 16:06:23", "elapsed": 6144.222741, "delta": 0.002703}}
{"target": -13.742544085967534, "params": {"colsample_bytree": 0.437113993701158, "eta": 0.08686944284705227, "gamma": 718.7517958308908, "max_depth": 7.0, "min_child_weight": 4264.138150314301, "num_boost_round": 7.0, "subsample": 0.7940746277030084}, "datetime": {"datetime": "2024-01-20 16:06:23", "elapsed": 6144.225361, "delta": 0.00262}}
{"target": -13.744182884338066, "params": {"colsample_bytree": 0.437113993701158, "eta": 0.08686944284705227, "gamma": 718.7517958308908, "max_depth": 7.0, "min_child_weight": 4264.138150314301, "num_boost_round": 8.0, "subsample": 0.7940746277030084}, "datetime": {"datetime": "2024-01-20 16:06:23", "elapsed": 6144.227986, "delta": 0.002625}}
{"target": -13.745778657692421, "params": {"colsample_bytree": 0.437113993701158, "eta": 0.08686944284705227, "gamma": 718.7517958308908, "max_depth": 7.0, "min_child_weight": 4264.138150314301, "num_boost_round": 9.0, "subsample": 0.7940746277030084}, "datetime": {"datetime": "2024-01-20 16:06:23", "elapsed": 6144.230568, "delta": 0.002582}}
{"target": -13.748248546446165, "params": {"colsample_bytree": 0.437113993701158, "eta": 0.08686944284705227, "gamma": 718.7517958308908, "max_depth": 7.0, "min_child_weight": 4264.138150314301, "num_boost_round": 10.0, "subsample": 0.7940746277030084}, "datetime": {"datetime": "2024-01-20 16:06:23", "elapsed": 6144.233306, "delta": 0.002738}}
{"target": -13.749838198717725, "params": {"colsample_bytree": 0.437113993701158, "eta": 0.08686944284705227, "gamma": 718.7517958308908, "max_depth": 7.0, "min_child_weight": 4264.138150314301, "num_boost_round": 11.0, "subsample": 0.7940746277030084}, "datetime": {"datetime": "2024-01-20 16:06:23", "elapsed": 6144.236158, "delta": 0.002852}}
{"target": -13.752015834158657, "params": {"colsample_bytree": 0.437113993701158, "eta": 0.08686944284705227, "gamma": 718.7517958308908, "max_depth": 7.0, "min_child_weight": 4264.138150314301, "num_boost_round": 12.0, "subsample": 0.7940746277030084}, "datetime": {"datetime": "2024-01-20 16:06:23", "elapsed": 6144.238777, "delta": 0.002619}}
{"target": -13.75314459764611, "params": {"colsample_bytree": 0.437113993701158, "eta": 0.08686944284705227, "gamma": 718.7517958308908, "max_depth": 7.0, "min_child_weight": 4264.138150314301, "num_boost_round": 13.0, "subsample": 0.7940746277030084}, "datetime": {"datetime": "2024-01-20 16:06:23", "elapsed": 6144.241457, "delta": 0.00268}}
{"target": -13.75428329275131, "params": {"colsample_bytree": 0.437113993701158, "eta": 0.08686944284705227, "gamma": 718.7517958308908, "max_depth": 7.0, "min_child_weight": 4264.138150314301, "num_boost_round": 14.0, "subsample": 0.7940746277030084}, "datetime": {"datetime": "2024-01-20 16:06:23", "elapsed": 6144.244238, "delta": 0.002781}}
{"target": -13.755307467077259, "params": {"colsample_bytree": 0.437113993701158, "eta": 0.08686944284705227, "gamma": 718.7517958308908, "max_depth": 7.0, "min_child_weight": 4264.138150314301, "num_boost_round": 15.0, "subsample": 0.7940746277030084}, "datetime": {"datetime": "2024-01-20 16:06:23", "elapsed": 6144.246883, "delta": 0.002645}}
{"target": -13.756963722443032, "params": {"colsample_bytree": 0.437113993701158, "eta": 0.08686944284705227, "gamma": 718.7517958308908, "max_depth": 7.0, "min_child_weight": 4264.138150314301, "num_boost_round": 16.0, "subsample": 0.7940746277030084}, "datetime": {"datetime": "2024-01-20 16:06:23", "elapsed": 6144.249484, "delta": 0.002601}}
{"target": -13.759283122684769, "params": {"colsample_bytree": 0.437113993701158, "eta": 0.08686944284705227, "gamma": 718.7517958308908, "max_depth": 7.0, "min_child_weight": 4264.138150314301, "num_boost_round": 17.0, "subsample": 0.7940746277030084}, "datetime": {"datetime": "2024-01-20 16:06:23", "elapsed": 6144.252175, "delta": 0.002691}}
{"target": -13.760541282635096, "params": {"colsample_bytree": 0.437113993701158, "eta": 0.08686944284705227, "gamma": 718.7517958308908, "max_depth": 7.0, "min_child_weight": 4264.138150314301, "num_boost_round": 18.0, "subsample": 0.7940746277030084}, "datetime": {"datetime": "2024-01-20 16:06:23", "elapsed": 6144.2548, "delta": 0.002625}}
{"target": -13.762287556700365, "params": {"colsample_bytree": 0.437113993701158, "eta": 0.08686944284705227, "gamma": 718.7517958308908, "max_depth": 7.0, "min_child_weight": 4264.138150314301, "num_boost_round": 19.0, "subsample": 0.7940746277030084}, "datetime": {"datetime": "2024-01-20 16:06:23", "elapsed": 6144.257445, "delta": 0.002645}}
{"target": -13.764388232540071, "params": {"colsample_bytree": 0.437113993701158, "eta": 0.08686944284705227, "gamma": 718.7517958308908, "max_depth": 7.0, "min_child_weight": 4264.138150314301, "num_boost_round": 20.0, "subsample": 0.7940746277030084}, "datetime": {"datetime": "2024-01-20 16:06:23", "elapsed": 6144.260072, "delta": 0.002627}}
{"target": -13.766249951003816, "params": {"colsample_bytree": 0.437113993701158, "eta": 0.08686944284705227, "gamma": 718.7517958308908, "max_depth": 7.0, "min_child_weight": 4264.138150314301, "num_boost_round": 21.0, "subsample": 0.7940746277030084}, "datetime": {"datetime": "2024-01-20 16:06:23", "elapsed": 6144.262795, "delta": 0.002723}}
{"target": -13.767736531485166, "params": {"colsample_bytree": 0.437113993701158, "eta": 0.08686944284705227, "gamma": 718.7517958308908, "max_depth": 7.0, "min_child_weight": 4264.138150314301, "num_boost_round": 22.0, "subsample": 0.7940746277030084}, "datetime": {"datetime": "2024-01-20 16:06:23", "elapsed": 6144.265381, "delta": 0.002586}}
{"target": -13.76979911854163, "params": {"colsample_bytree": 0.437113993701158, "eta": 0.08686944284705227, "gamma": 718.7517958308908, "max_depth": 7.0, "min_child_weight": 4264.138150314301, "num_boost_round": 23.0, "subsample": 0.7940746277030084}, "datetime": {"datetime": "2024-01-20 16:06:23", "elapsed": 6144.267977, "delta": 0.002596}}
{"target": -13.770944883269749, "params": {"colsample_bytree": 0.437113993701158, "eta": 0.08686944284705227, "gamma": 718.7517958308908, "max_depth": 7.0, "min_child_weight": 4264.138150314301, "num_boost_round": 24.0, "subsample": 0.7940746277030084}, "datetime": {"datetime": "2024-01-20 16:06:23", "elapsed": 6144.270544, "delta": 0.002567}}
{"target": -13.772381796737657, "params": {"colsample_bytree": 0.437113993701158, "eta": 0.08686944284705227, "gamma": 718.7517958308908, "max_depth": 7.0, "min_child_weight": 4264.138150314301, "num_boost_round": 25.0, "subsample": 0.7940746277030084}, "datetime": {"datetime": "2024-01-20 16:06:23", "elapsed": 6144.273214, "delta": 0.00267}}
