{"target": -13.397954187160867, "params": {"colsample_bytree": 0.5169105648943582, "eta": 0.04966674691303914, "gamma": 911.9611367986394, "max_depth": 5.0, "min_child_weight": 3503.145585294178, "num_boost_round": 3.0, "subsample": 0.6167212036541544}, "datetime": {"datetime": "2024-01-20 14:42:43", "elapsed": 1097.981465, "delta": 0.001531}}
{"target": -13.398130727046887, "params": {"colsample_bytree": 0.5169105648943582, "eta": 0.04966674691303914, "gamma": 911.9611367986394, "max_depth": 5.0, "min_child_weight": 3503.145585294178, "num_boost_round": 4.0, "subsample": 0.6167212036541544}, "datetime": {"datetime": "2024-01-20 14:42:43", "elapsed": 1097.982924, "delta": 0.001459}}
{"target": -13.39816238842911, "params": {"colsample_bytree": 0.5169105648943582, "eta": 0.04966674691303914, "gamma": 911.9611367986394, "max_depth": 5.0, "min_child_weight": 3503.145585294178, "num_boost_round": 5.0, "subsample": 0.6167212036541544}, "datetime": {"datetime": "2024-01-20 14:42:43", "elapsed": 1097.984324, "delta": 0.0014}}
{"target": -13.39774447443263, "params": {"colsample_bytree": 0.9563619631468138, "eta": 0.013406727608025635, "gamma": 709.2575450491115, "max_depth": 2.0, "min_child_weight": 3799.409148488427, "num_boost_round": 1.0, "subsample": 0.6207738357216745}, "datetime": {"datetime": "2024-01-20 14:43:00", "elapsed": 1115.143107, "delta": 17.158783}}
{"target": -13.397723527614318, "params": {"colsample_bytree": 0.9563619631468138, "eta": 0.013406727608025635, "gamma": 709.2575450491115, "max_depth": 2.0, "min_child_weight": 3799.409148488427, "num_boost_round": 2.0, "subsample": 0.6207738357216745}, "datetime": {"datetime": "2024-01-20 14:43:00", "elapsed": 1115.145658, "delta": 0.002551}}
{"target": -13.397757646357682, "params": {"colsample_bytree": 0.8806846732386773, "eta": 0.028326674023547164, "gamma": 583.9395280575992, "max_depth": 9.0, "min_child_weight": 3402.0477575291675, "num_boost_round": 1.0, "subsample": 0.46547250533710605}, "datetime": {"datetime": "2024-01-20 14:43:18", "elapsed": 1133.174564, "delta": 18.028906}}
{"target": -13.398061351932888, "params": {"colsample_bytree": 0.6595274198042664, "eta": 0.06601868211124162, "gamma": 750.6835570925109, "max_depth": 3.0, "min_child_weight": 3728.473314894229, "num_boost_round": 1.0, "subsample": 0.8923328836937545}, "datetime": {"datetime": "2024-01-20 14:43:34", "elapsed": 1149.152179, "delta": 15.977615}}
{"target": -13.398302605664266, "params": {"colsample_bytree": 0.7190708865034084, "eta": 0.09468488299692385, "gamma": 793.0266257056319, "max_depth": 4.0, "min_child_weight": 3495.2547256139997, "num_boost_round": 1.0, "subsample": 0.8325204397618116}, "datetime": {"datetime": "2024-01-20 14:43:55", "elapsed": 1170.075869, "delta": 20.92369}}
{"target": -13.398710455487064, "params": {"colsample_bytree": 0.7190708865034084, "eta": 0.09468488299692385, "gamma": 793.0266257056319, "max_depth": 4.0, "min_child_weight": 3495.2547256139997, "num_boost_round": 2.0, "subsample": 0.8325204397618116}, "datetime": {"datetime": "2024-01-20 14:43:55", "elapsed": 1170.078511, "delta": 0.002642}}
{"target": -13.399932110390608, "params": {"colsample_bytree": 0.7190708865034084, "eta": 0.09468488299692385, "gamma": 793.0266257056319, "max_depth": 4.0, "min_child_weight": 3495.2547256139997, "num_boost_round": 3.0, "subsample": 0.8325204397618116}, "datetime": {"datetime": "2024-01-20 14:43:55", "elapsed": 1170.080091, "delta": 0.00158}}
{"target": -13.401275256741158, "params": {"colsample_bytree": 0.7190708865034084, "eta": 0.09468488299692385, "gamma": 793.0266257056319, "max_depth": 4.0, "min_child_weight": 3495.2547256139997, "num_boost_round": 4.0, "subsample": 0.8325204397618116}, "datetime": {"datetime": "2024-01-20 14:43:55", "elapsed": 1170.081443, "delta": 0.001352}}
{"target": -13.403010976829155, "params": {"colsample_bytree": 0.7190708865034084, "eta": 0.09468488299692385, "gamma": 793.0266257056319, "max_depth": 4.0, "min_child_weight": 3495.2547256139997, "num_boost_round": 5.0, "subsample": 0.8325204397618116}, "datetime": {"datetime": "2024-01-20 14:43:55", "elapsed": 1170.083099, "delta": 0.001656}}
{"target": -13.404658651781157, "params": {"colsample_bytree": 0.7190708865034084, "eta": 0.09468488299692385, "gamma": 793.0266257056319, "max_depth": 4.0, "min_child_weight": 3495.2547256139997, "num_boost_round": 6.0, "subsample": 0.8325204397618116}, "datetime": {"datetime": "2024-01-20 14:43:55", "elapsed": 1170.084488, "delta": 0.001389}}
{"target": -13.405769024383378, "params": {"colsample_bytree": 0.7190708865034084, "eta": 0.09468488299692385, "gamma": 793.0266257056319, "max_depth": 4.0, "min_child_weight": 3495.2547256139997, "num_boost_round": 7.0, "subsample": 0.8325204397618116}, "datetime": {"datetime": "2024-01-20 14:43:55", "elapsed": 1170.085877, "delta": 0.001389}}
{"target": -13.407137337101645, "params": {"colsample_bytree": 0.7190708865034084, "eta": 0.09468488299692385, "gamma": 793.0266257056319, "max_depth": 4.0, "min_child_weight": 3495.2547256139997, "num_boost_round": 8.0, "subsample": 0.8325204397618116}, "datetime": {"datetime": "2024-01-20 14:43:55", "elapsed": 1170.087275, "delta": 0.001398}}
{"target": -13.408392249149795, "params": {"colsample_bytree": 0.7190708865034084, "eta": 0.09468488299692385, "gamma": 793.0266257056319, "max_depth": 4.0, "min_child_weight": 3495.2547256139997, "num_boost_round": 9.0, "subsample": 0.8325204397618116}, "datetime": {"datetime": "2024-01-20 14:43:55", "elapsed": 1170.088817, "delta": 0.001542}}
{"target": -13.397605388872488, "params": {"colsample_bytree": 0.34792284531592843, "eta": 0.08640296595979045, "gamma": 818.2206162480638, "max_depth": 2.0, "min_child_weight": 3765.735023398118, "num_boost_round": 1.0, "subsample": 0.3125008851434474}, "datetime": {"datetime": "2024-01-20 14:44:31", "elapsed": 1206.103933, "delta": 36.015116}}
{"target": -13.39769163363599, "params": {"colsample_bytree": 0.34792284531592843, "eta": 0.08640296595979045, "gamma": 818.2206162480638, "max_depth": 2.0, "min_child_weight": 3765.735023398118, "num_boost_round": 2.0, "subsample": 0.3125008851434474}, "datetime": {"datetime": "2024-01-20 14:44:31", "elapsed": 1206.109782, "delta": 0.005849}}
{"target": -13.397934578919125, "params": {"colsample_bytree": 0.34792284531592843, "eta": 0.08640296595979045, "gamma": 818.2206162480638, "max_depth": 2.0, "min_child_weight": 3765.735023398118, "num_boost_round": 3.0, "subsample": 0.3125008851434474}, "datetime": {"datetime": "2024-01-20 14:44:31", "elapsed": 1206.111296, "delta": 0.001514}}
{"target": -13.398525838670537, "params": {"colsample_bytree": 0.34792284531592843, "eta": 0.08640296595979045, "gamma": 818.2206162480638, "max_depth": 2.0, "min_child_weight": 3765.735023398118, "num_boost_round": 4.0, "subsample": 0.3125008851434474}, "datetime": {"datetime": "2024-01-20 14:44:31", "elapsed": 1206.11279, "delta": 0.001494}}
{"target": -13.398846274275924, "params": {"colsample_bytree": 0.34792284531592843, "eta": 0.08640296595979045, "gamma": 818.2206162480638, "max_depth": 2.0, "min_child_weight": 3765.735023398118, "num_boost_round": 5.0, "subsample": 0.3125008851434474}, "datetime": {"datetime": "2024-01-20 14:44:31", "elapsed": 1206.114195, "delta": 0.001405}}
{"target": -13.399175146035663, "params": {"colsample_bytree": 0.34792284531592843, "eta": 0.08640296595979045, "gamma": 818.2206162480638, "max_depth": 2.0, "min_child_weight": 3765.735023398118, "num_boost_round": 6.0, "subsample": 0.3125008851434474}, "datetime": {"datetime": "2024-01-20 14:44:31", "elapsed": 1206.115631, "delta": 0.001436}}
{"target": -13.399520677255985, "params": {"colsample_bytree": 0.34792284531592843, "eta": 0.08640296595979045, "gamma": 818.2206162480638, "max_depth": 2.0, "min_child_weight": 3765.735023398118, "num_boost_round": 7.0, "subsample": 0.3125008851434474}, "datetime": {"datetime": "2024-01-20 14:44:31", "elapsed": 1206.117076, "delta": 0.001445}}
{"target": -13.400158214670897, "params": {"colsample_bytree": 0.34792284531592843, "eta": 0.08640296595979045, "gamma": 818.2206162480638, "max_depth": 2.0, "min_child_weight": 3765.735023398118, "num_boost_round": 8.0, "subsample": 0.3125008851434474}, "datetime": {"datetime": "2024-01-20 14:44:31", "elapsed": 1206.118572, "delta": 0.001496}}
{"target": -13.400386433542822, "params": {"colsample_bytree": 0.34792284531592843, "eta": 0.08640296595979045, "gamma": 818.2206162480638, "max_depth": 2.0, "min_child_weight": 3765.735023398118, "num_boost_round": 9.0, "subsample": 0.3125008851434474}, "datetime": {"datetime": "2024-01-20 14:44:31", "elapsed": 1206.119979, "delta": 0.001407}}
{"target": -13.40006990065806, "params": {"colsample_bytree": 0.34792284531592843, "eta": 0.08640296595979045, "gamma": 818.2206162480638, "max_depth": 2.0, "min_child_weight": 3765.735023398118, "num_boost_round": 10.0, "subsample": 0.3125008851434474}, "datetime": {"datetime": "2024-01-20 14:44:31", "elapsed": 1206.121372, "delta": 0.001393}}
{"target": -13.400014888573796, "params": {"colsample_bytree": 0.34792284531592843, "eta": 0.08640296595979045, "gamma": 818.2206162480638, "max_depth": 2.0, "min_child_weight": 3765.735023398118, "num_boost_round": 11.0, "subsample": 0.3125008851434474}, "datetime": {"datetime": "2024-01-20 14:44:31", "elapsed": 1206.122791, "delta": 0.001419}}
{"target": -13.400692275034501, "params": {"colsample_bytree": 0.34792284531592843, "eta": 0.08640296595979045, "gamma": 818.2206162480638, "max_depth": 2.0, "min_child_weight": 3765.735023398118, "num_boost_round": 12.0, "subsample": 0.3125008851434474}, "datetime": {"datetime": "2024-01-20 14:44:31", "elapsed": 1206.124219, "delta": 0.001428}}
{"target": -13.400785309329542, "params": {"colsample_bytree": 0.34792284531592843, "eta": 0.08640296595979045, "gamma": 818.2206162480638, "max_depth": 2.0, "min_child_weight": 3765.735023398118, "num_boost_round": 13.0, "subsample": 0.3125008851434474}, "datetime": {"datetime": "2024-01-20 14:44:31", "elapsed": 1206.125665, "delta": 0.001446}}
{"target": -13.400854329334672, "params": {"colsample_bytree": 0.34792284531592843, "eta": 0.08640296595979045, "gamma": 818.2206162480638, "max_depth": 2.0, "min_child_weight": 3765.735023398118, "num_boost_round": 14.0, "subsample": 0.3125008851434474}, "datetime": {"datetime": "2024-01-20 14:44:31", "elapsed": 1206.127042, "delta": 0.001377}}
{"target": -13.400990288133201, "params": {"colsample_bytree": 0.34792284531592843, "eta": 0.08640296595979045, "gamma": 818.2206162480638, "max_depth": 2.0, "min_child_weight": 3765.735023398118, "num_boost_round": 15.0, "subsample": 0.3125008851434474}, "datetime": {"datetime": "2024-01-20 14:44:31", "elapsed": 1206.128419, "delta": 0.001377}}
{"target": -13.40125156774085, "params": {"colsample_bytree": 0.34792284531592843, "eta": 0.08640296595979045, "gamma": 818.2206162480638, "max_depth": 2.0, "min_child_weight": 3765.735023398118, "num_boost_round": 16.0, "subsample": 0.3125008851434474}, "datetime": {"datetime": "2024-01-20 14:44:31", "elapsed": 1206.129911, "delta": 0.001492}}
{"target": -13.401979953685785, "params": {"colsample_bytree": 0.34792284531592843, "eta": 0.08640296595979045, "gamma": 818.2206162480638, "max_depth": 2.0, "min_child_weight": 3765.735023398118, "num_boost_round": 17.0, "subsample": 0.3125008851434474}, "datetime": {"datetime": "2024-01-20 14:44:31", "elapsed": 1206.1313, "delta": 0.001389}}
{"target": -13.402394350831202, "params": {"colsample_bytree": 0.34792284531592843, "eta": 0.08640296595979045, "gamma": 818.2206162480638, "max_depth": 2.0, "min_child_weight": 3765.735023398118, "num_boost_round": 18.0, "subsample": 0.3125008851434474}, "datetime": {"datetime": "2024-01-20 14:44:31", "elapsed": 1206.132733, "delta": 0.001433}}
{"target": -13.402963222158457, "params": {"colsample_bytree": 0.34792284531592843, "eta": 0.08640296595979045, "gamma": 818.2206162480638, "max_depth": 2.0, "min_child_weight": 3765.735023398118, "num_boost_round": 19.0, "subsample": 0.3125008851434474}, "datetime": {"datetime": "2024-01-20 14:44:31", "elapsed": 1206.134156, "delta": 0.001423}}
{"target": -13.402723062558952, "params": {"colsample_bytree": 0.34792284531592843, "eta": 0.08640296595979045, "gamma": 818.2206162480638, "max_depth": 2.0, "min_child_weight": 3765.735023398118, "num_boost_round": 20.0, "subsample": 0.3125008851434474}, "datetime": {"datetime": "2024-01-20 14:44:31", "elapsed": 1206.135614, "delta": 0.001458}}
{"target": -13.402734567097248, "params": {"colsample_bytree": 0.34792284531592843, "eta": 0.08640296595979045, "gamma": 818.2206162480638, "max_depth": 2.0, "min_child_weight": 3765.735023398118, "num_boost_round": 21.0, "subsample": 0.3125008851434474}, "datetime": {"datetime": "2024-01-20 14:44:31", "elapsed": 1206.136988, "delta": 0.001374}}
{"target": -13.403178903285864, "params": {"colsample_bytree": 0.34792284531592843, "eta": 0.08640296595979045, "gamma": 818.2206162480638, "max_depth": 2.0, "min_child_weight": 3765.735023398118, "num_boost_round": 22.0, "subsample": 0.3125008851434474}, "datetime": {"datetime": "2024-01-20 14:44:31", "elapsed": 1206.138425, "delta": 0.001437}}
{"target": -13.40315223716792, "params": {"colsample_bytree": 0.34792284531592843, "eta": 0.08640296595979045, "gamma": 818.2206162480638, "max_depth": 2.0, "min_child_weight": 3765.735023398118, "num_boost_round": 23.0, "subsample": 0.3125008851434474}, "datetime": {"datetime": "2024-01-20 14:44:31", "elapsed": 1206.139802, "delta": 0.001377}}
{"target": -13.403148392467987, "params": {"colsample_bytree": 0.34792284531592843, "eta": 0.08640296595979045, "gamma": 818.2206162480638, "max_depth": 2.0, "min_child_weight": 3765.735023398118, "num_boost_round": 24.0, "subsample": 0.3125008851434474}, "datetime": {"datetime": "2024-01-20 14:44:31", "elapsed": 1206.141222, "delta": 0.00142}}
{"target": -13.403600934323405, "params": {"colsample_bytree": 0.34792284531592843, "eta": 0.08640296595979045, "gamma": 818.2206162480638, "max_depth": 2.0, "min_child_weight": 3765.735023398118, "num_boost_round": 25.0, "subsample": 0.3125008851434474}, "datetime": {"datetime": "2024-01-20 14:44:31", "elapsed": 1206.14266, "delta": 0.001438}}
{"target": -13.403596201887563, "params": {"colsample_bytree": 0.34792284531592843, "eta": 0.08640296595979045, "gamma": 818.2206162480638, "max_depth": 2.0, "min_child_weight": 3765.735023398118, "num_boost_round": 26.0, "subsample": 0.3125008851434474}, "datetime": {"datetime": "2024-01-20 14:44:31", "elapsed": 1206.144127, "delta": 0.001467}}
{"target": -13.403992876536256, "params": {"colsample_bytree": 0.34792284531592843, "eta": 0.08640296595979045, "gamma": 818.2206162480638, "max_depth": 2.0, "min_child_weight": 3765.735023398118, "num_boost_round": 27.0, "subsample": 0.3125008851434474}, "datetime": {"datetime": "2024-01-20 14:44:31", "elapsed": 1206.145585, "delta": 0.001458}}
{"target": -13.404458028243685, "params": {"colsample_bytree": 0.34792284531592843, "eta": 0.08640296595979045, "gamma": 818.2206162480638, "max_depth": 2.0, "min_child_weight": 3765.735023398118, "num_boost_round": 28.0, "subsample": 0.3125008851434474}, "datetime": {"datetime": "2024-01-20 14:44:31", "elapsed": 1206.147009, "delta": 0.001424}}
{"target": -13.404630072365705, "params": {"colsample_bytree": 0.34792284531592843, "eta": 0.08640296595979045, "gamma": 818.2206162480638, "max_depth": 2.0, "min_child_weight": 3765.735023398118, "num_boost_round": 29.0, "subsample": 0.3125008851434474}, "datetime": {"datetime": "2024-01-20 14:44:31", "elapsed": 1206.148449, "delta": 0.00144}}
{"target": -13.405211953953824, "params": {"colsample_bytree": 0.34792284531592843, "eta": 0.08640296595979045, "gamma": 818.2206162480638, "max_depth": 2.0, "min_child_weight": 3765.735023398118, "num_boost_round": 30.0, "subsample": 0.3125008851434474}, "datetime": {"datetime": "2024-01-20 14:44:31", "elapsed": 1206.150028, "delta": 0.001579}}
{"target": -13.405638483033275, "params": {"colsample_bytree": 0.34792284531592843, "eta": 0.08640296595979045, "gamma": 818.2206162480638, "max_depth": 2.0, "min_child_weight": 3765.735023398118, "num_boost_round": 31.0, "subsample": 0.3125008851434474}, "datetime": {"datetime": "2024-01-20 14:44:31", "elapsed": 1206.151408, "delta": 0.00138}}
{"target": -13.405735727655046, "params": {"colsample_bytree": 0.34792284531592843, "eta": 0.08640296595979045, "gamma": 818.2206162480638, "max_depth": 2.0, "min_child_weight": 3765.735023398118, "num_boost_round": 32.0, "subsample": 0.3125008851434474}, "datetime": {"datetime": "2024-01-20 14:44:31", "elapsed": 1206.152826, "delta": 0.001418}}
{"target": -13.40566752564663, "params": {"colsample_bytree": 0.34792284531592843, "eta": 0.08640296595979045, "gamma": 818.2206162480638, "max_depth": 2.0, "min_child_weight": 3765.735023398118, "num_boost_round": 33.0, "subsample": 0.3125008851434474}, "datetime": {"datetime": "2024-01-20 14:44:31", "elapsed": 1206.154214, "delta": 0.001388}}
{"target": -13.405682360983167, "params": {"colsample_bytree": 0.34792284531592843, "eta": 0.08640296595979045, "gamma": 818.2206162480638, "max_depth": 2.0, "min_child_weight": 3765.735023398118, "num_boost_round": 34.0, "subsample": 0.3125008851434474}, "datetime": {"datetime": "2024-01-20 14:44:31", "elapsed": 1206.155605, "delta": 0.001391}}
{"target": -13.406049642023435, "params": {"colsample_bytree": 0.34792284531592843, "eta": 0.08640296595979045, "gamma": 818.2206162480638, "max_depth": 2.0, "min_child_weight": 3765.735023398118, "num_boost_round": 35.0, "subsample": 0.3125008851434474}, "datetime": {"datetime": "2024-01-20 14:44:31", "elapsed": 1206.156984, "delta": 0.001379}}
{"target": -13.406091022085201, "params": {"colsample_bytree": 0.34792284531592843, "eta": 0.08640296595979045, "gamma": 818.2206162480638, "max_depth": 2.0, "min_child_weight": 3765.735023398118, "num_boost_round": 36.0, "subsample": 0.3125008851434474}, "datetime": {"datetime": "2024-01-20 14:44:31", "elapsed": 1206.158529, "delta": 0.001545}}
{"target": -13.405986908347643, "params": {"colsample_bytree": 0.34792284531592843, "eta": 0.08640296595979045, "gamma": 818.2206162480638, "max_depth": 2.0, "min_child_weight": 3765.735023398118, "num_boost_round": 37.0, "subsample": 0.3125008851434474}, "datetime": {"datetime": "2024-01-20 14:44:31", "elapsed": 1206.159998, "delta": 0.001469}}
{"target": -13.405878518204531, "params": {"colsample_bytree": 0.34792284531592843, "eta": 0.08640296595979045, "gamma": 818.2206162480638, "max_depth": 2.0, "min_child_weight": 3765.735023398118, "num_boost_round": 38.0, "subsample": 0.3125008851434474}, "datetime": {"datetime": "2024-01-20 14:44:31", "elapsed": 1206.161406, "delta": 0.001408}}
{"target": -13.406343428959612, "params": {"colsample_bytree": 0.34792284531592843, "eta": 0.08640296595979045, "gamma": 818.2206162480638, "max_depth": 2.0, "min_child_weight": 3765.735023398118, "num_boost_round": 39.0, "subsample": 0.3125008851434474}, "datetime": {"datetime": "2024-01-20 14:44:31", "elapsed": 1206.162831, "delta": 0.001425}}
{"target": -13.406317703638589, "params": {"colsample_bytree": 0.34792284531592843, "eta": 0.08640296595979045, "gamma": 818.2206162480638, "max_depth": 2.0, "min_child_weight": 3765.735023398118, "num_boost_round": 40.0, "subsample": 0.3125008851434474}, "datetime": {"datetime": "2024-01-20 14:44:31", "elapsed": 1206.164225, "delta": 0.001394}}
{"target": -13.40656609581401, "params": {"colsample_bytree": 0.34792284531592843, "eta": 0.08640296595979045, "gamma": 818.2206162480638, "max_depth": 2.0, "min_child_weight": 3765.735023398118, "num_boost_round": 41.0, "subsample": 0.3125008851434474}, "datetime": {"datetime": "2024-01-20 14:44:31", "elapsed": 1206.165641, "delta": 0.001416}}
{"target": -13.406688930510182, "params": {"colsample_bytree": 0.34792284531592843, "eta": 0.08640296595979045, "gamma": 818.2206162480638, "max_depth": 2.0, "min_child_weight": 3765.735023398118, "num_boost_round": 42.0, "subsample": 0.3125008851434474}, "datetime": {"datetime": "2024-01-20 14:44:31", "elapsed": 1206.167028, "delta": 0.001387}}
{"target": -13.406895970506124, "params": {"colsample_bytree": 0.34792284531592843, "eta": 0.08640296595979045, "gamma": 818.2206162480638, "max_depth": 2.0, "min_child_weight": 3765.735023398118, "num_boost_round": 43.0, "subsample": 0.3125008851434474}, "datetime": {"datetime": "2024-01-20 14:44:31", "elapsed": 1206.168448, "delta": 0.00142}}
{"target": -13.407361254279698, "params": {"colsample_bytree": 0.34792284531592843, "eta": 0.08640296595979045, "gamma": 818.2206162480638, "max_depth": 2.0, "min_child_weight": 3765.735023398118, "num_boost_round": 44.0, "subsample": 0.3125008851434474}, "datetime": {"datetime": "2024-01-20 14:44:31", "elapsed": 1206.170111, "delta": 0.001663}}
{"target": -13.407487138950671, "params": {"colsample_bytree": 0.34792284531592843, "eta": 0.08640296595979045, "gamma": 818.2206162480638, "max_depth": 2.0, "min_child_weight": 3765.735023398118, "num_boost_round": 45.0, "subsample": 0.3125008851434474}, "datetime": {"datetime": "2024-01-20 14:44:31", "elapsed": 1206.171526, "delta": 0.001415}}
{"target": -13.408068584405425, "params": {"colsample_bytree": 0.34792284531592843, "eta": 0.08640296595979045, "gamma": 818.2206162480638, "max_depth": 2.0, "min_child_weight": 3765.735023398118, "num_boost_round": 46.0, "subsample": 0.3125008851434474}, "datetime": {"datetime": "2024-01-20 14:44:31", "elapsed": 1206.172955, "delta": 0.001429}}
{"target": -13.408114872245033, "params": {"colsample_bytree": 0.34792284531592843, "eta": 0.08640296595979045, "gamma": 818.2206162480638, "max_depth": 2.0, "min_child_weight": 3765.735023398118, "num_boost_round": 47.0, "subsample": 0.3125008851434474}, "datetime": {"datetime": "2024-01-20 14:44:31", "elapsed": 1206.174346, "delta": 0.001391}}
