{"target": -13.448370364575947, "params": {"colsample_bytree": 0.5939321535345923, "eta": 0.07152178474357823, "gamma": 602.7633760716438, "max_depth": 6.0, "min_child_weight": 4237.124338589708, "num_boost_round": 127.0, "subsample": 0.49382849013642327}, "datetime": {"datetime": "2024-01-20 14:24:48", "elapsed": 23.548432, "delta": 0.000251}}
{"target": -13.448502958843857, "params": {"colsample_bytree": 0.5939321535345923, "eta": 0.07152178474357823, "gamma": 602.7633760716438, "max_depth": 6.0, "min_child_weight": 4237.124338589708, "num_boost_round": 128.0, "subsample": 0.49382849013642327}, "datetime": {"datetime": "2024-01-20 14:24:48", "elapsed": 23.548697, "delta": 0.000265}}
{"target": -13.449074297340081, "params": {"colsample_bytree": 0.5939321535345923, "eta": 0.07152178474357823, "gamma": 602.7633760716438, "max_depth": 6.0, "min_child_weight": 4237.124338589708, "num_boost_round": 129.0, "subsample": 0.49382849013642327}, "datetime": {"datetime": "2024-01-20 14:24:48", "elapsed": 23.548954, "delta": 0.000257}}
{"target": -13.398216336474226, "params": {"colsample_bytree": 0.846283470748462, "eta": 0.0594922003087002, "gamma": 544.096840454264, "max_depth": 2.0, "min_child_weight": 4223.579207445085, "num_boost_round": 1.0, "subsample": 0.5101316235845991}, "datetime": {"datetime": "2024-01-20 14:25:03", "elapsed": 38.328335, "delta": 14.779381}}
{"target": -13.398085335159863, "params": {"colsample_bytree": 0.846283470748462, "eta": 0.0594922003087002, "gamma": 544.096840454264, "max_depth": 2.0, "min_child_weight": 4223.579207445085, "num_boost_round": 2.0, "subsample": 0.5101316235845991}, "datetime": {"datetime": "2024-01-20 14:25:03", "elapsed": 38.329293, "delta": 0.000958}}
{"target": -13.398368000006467, "params": {"colsample_bytree": 0.846283470748462, "eta": 0.0594922003087002, "gamma": 544.096840454264, "max_depth": 2.0, "min_child_weight": 4223.579207445085, "num_boost_round": 3.0, "subsample": 0.5101316235845991}, "datetime": {"datetime": "2024-01-20 14:25:03", "elapsed": 38.329763, "delta": 0.00047}}
{"target": -13.3985982827244, "params": {"colsample_bytree": 0.846283470748462, "eta": 0.0594922003087002, "gamma": 544.096840454264, "max_depth": 2.0, "min_child_weight": 4223.579207445085, "num_boost_round": 4.0, "subsample": 0.5101316235845991}, "datetime": {"datetime": "2024-01-20 14:25:03", "elapsed": 38.330071, "delta": 0.000308}}
{"target": -13.39782914094286, "params": {"colsample_bytree": 0.12060397875406838, "eta": 0.008555535543170283, "gamma": 587.9141145969669, "max_depth": 7.0, "min_child_weight": 4184.48349432121, "num_boost_round": 1.0, "subsample": 0.8584896260193808}, "datetime": {"datetime": "2024-01-20 14:25:20", "elapsed": 54.731796, "delta": 16.401725}}
{"target": -13.397848621851255, "params": {"colsample_bytree": 0.12060397875406838, "eta": 0.008555535543170283, "gamma": 587.9141145969669, "max_depth": 7.0, "min_child_weight": 4184.48349432121, "num_boost_round": 2.0, "subsample": 0.8584896260193808}, "datetime": {"datetime": "2024-01-20 14:25:20", "elapsed": 54.732259, "delta": 0.000463}}
{"target": -13.397860809266103, "params": {"colsample_bytree": 0.12060397875406838, "eta": 0.008555535543170283, "gamma": 587.9141145969669, "max_depth": 7.0, "min_child_weight": 4184.48349432121, "num_boost_round": 3.0, "subsample": 0.8584896260193808}, "datetime": {"datetime": "2024-01-20 14:25:20", "elapsed": 54.732589, "delta": 0.00033}}
{"target": -13.39785359588627, "params": {"colsample_bytree": 0.12060397875406838, "eta": 0.008555535543170283, "gamma": 587.9141145969669, "max_depth": 7.0, "min_child_weight": 4184.48349432121, "num_boost_round": 4.0, "subsample": 0.8584896260193808}, "datetime": {"datetime": "2024-01-20 14:25:20", "elapsed": 54.732902, "delta": 0.000313}}
{"target": -13.397833353608226, "params": {"colsample_bytree": 0.12060397875406838, "eta": 0.008555535543170283, "gamma": 587.9141145969669, "max_depth": 7.0, "min_child_weight": 4184.48349432121, "num_boost_round": 5.0, "subsample": 0.8584896260193808}, "datetime": {"datetime": "2024-01-20 14:25:20", "elapsed": 54.733201, "delta": 0.000299}}
{"target": -13.397665660938554, "params": {"colsample_bytree": 0.7908369380760759, "eta": 0.04934901053905056, "gamma": 513.4187022530317, "max_depth": 5.0, "min_child_weight": 4178.518113679008, "num_boost_round": 1.0, "subsample": 0.959106607821373}, "datetime": {"datetime": "2024-01-20 14:25:40", "elapsed": 75.05764, "delta": 20.324439}}
{"target": -13.397558347784852, "params": {"colsample_bytree": 0.7908369380760759, "eta": 0.04934901053905056, "gamma": 513.4187022530317, "max_depth": 5.0, "min_child_weight": 4178.518113679008, "num_boost_round": 2.0, "subsample": 0.959106607821373}, "datetime": {"datetime": "2024-01-20 14:25:40", "elapsed": 75.058088, "delta": 0.000448}}
{"target": -13.398023573670393, "params": {"colsample_bytree": 0.7908369380760759, "eta": 0.04934901053905056, "gamma": 513.4187022530317, "max_depth": 5.0, "min_child_weight": 4178.518113679008, "num_boost_round": 3.0, "subsample": 0.959106607821373}, "datetime": {"datetime": "2024-01-20 14:25:40", "elapsed": 75.058398, "delta": 0.00031}}
{"target": -13.39846589456285, "params": {"colsample_bytree": 0.7908369380760759, "eta": 0.04934901053905056, "gamma": 513.4187022530317, "max_depth": 5.0, "min_child_weight": 4178.518113679008, "num_boost_round": 4.0, "subsample": 0.959106607821373}, "datetime": {"datetime": "2024-01-20 14:25:40", "elapsed": 75.05877, "delta": 0.000372}}
{"target": -13.398837138509435, "params": {"colsample_bytree": 0.7908369380760759, "eta": 0.04934901053905056, "gamma": 513.4187022530317, "max_depth": 5.0, "min_child_weight": 4178.518113679008, "num_boost_round": 5.0, "subsample": 0.959106607821373}, "datetime": {"datetime": "2024-01-20 14:25:40", "elapsed": 75.059069, "delta": 0.000299}}
{"target": -13.399351756210779, "params": {"colsample_bytree": 0.7908369380760759, "eta": 0.04934901053905056, "gamma": 513.4187022530317, "max_depth": 5.0, "min_child_weight": 4178.518113679008, "num_boost_round": 6.0, "subsample": 0.959106607821373}, "datetime": {"datetime": "2024-01-20 14:25:40", "elapsed": 75.059823, "delta": 0.000754}}
{"target": -13.39998893335259, "params": {"colsample_bytree": 0.7908369380760759, "eta": 0.04934901053905056, "gamma": 513.4187022530317, "max_depth": 5.0, "min_child_weight": 4178.518113679008, "num_boost_round": 7.0, "subsample": 0.959106607821373}, "datetime": {"datetime": "2024-01-20 14:25:40", "elapsed": 75.060157, "delta": 0.000334}}
{"target": -13.40061691160871, "params": {"colsample_bytree": 0.7908369380760759, "eta": 0.04934901053905056, "gamma": 513.4187022530317, "max_depth": 5.0, "min_child_weight": 4178.518113679008, "num_boost_round": 8.0, "subsample": 0.959106607821373}, "datetime": {"datetime": "2024-01-20 14:25:40", "elapsed": 75.060464, "delta": 0.000307}}
{"target": -13.401280054764118, "params": {"colsample_bytree": 0.7908369380760759, "eta": 0.04934901053905056, "gamma": 513.4187022530317, "max_depth": 5.0, "min_child_weight": 4178.518113679008, "num_boost_round": 9.0, "subsample": 0.959106607821373}, "datetime": {"datetime": "2024-01-20 14:25:40", "elapsed": 75.060779, "delta": 0.000315}}
{"target": -13.40233836874433, "params": {"colsample_bytree": 0.7908369380760759, "eta": 0.04934901053905056, "gamma": 513.4187022530317, "max_depth": 5.0, "min_child_weight": 4178.518113679008, "num_boost_round": 10.0, "subsample": 0.959106607821373}, "datetime": {"datetime": "2024-01-20 14:25:40", "elapsed": 75.061083, "delta": 0.000304}}
{"target": -13.403129011061369, "params": {"colsample_bytree": 0.7908369380760759, "eta": 0.04934901053905056, "gamma": 513.4187022530317, "max_depth": 5.0, "min_child_weight": 4178.518113679008, "num_boost_round": 11.0, "subsample": 0.959106607821373}, "datetime": {"datetime": "2024-01-20 14:25:40", "elapsed": 75.061396, "delta": 0.000313}}
{"target": -13.40400342053693, "params": {"colsample_bytree": 0.7908369380760759, "eta": 0.04934901053905056, "gamma": 513.4187022530317, "max_depth": 5.0, "min_child_weight": 4178.518113679008, "num_boost_round": 12.0, "subsample": 0.959106607821373}, "datetime": {"datetime": "2024-01-20 14:25:40", "elapsed": 75.061712, "delta": 0.000316}}
{"target": -13.40487097921736, "params": {"colsample_bytree": 0.7908369380760759, "eta": 0.04934901053905056, "gamma": 513.4187022530317, "max_depth": 5.0, "min_child_weight": 4178.518113679008, "num_boost_round": 13.0, "subsample": 0.959106607821373}, "datetime": {"datetime": "2024-01-20 14:25:40", "elapsed": 75.062138, "delta": 0.000426}}
{"target": -13.397665497818897, "params": {"colsample_bytree": 0.39178751871176476, "eta": 0.07959862293890028, "gamma": 638.5238149340546, "max_depth": 5.0, "min_child_weight": 4132.882622067602, "num_boost_round": 1.0, "subsample": 0.30252793236177866}, "datetime": {"datetime": "2024-01-20 14:25:56", "elapsed": 91.475745, "delta": 16.413607}}
{"target": -13.397690555368852, "params": {"colsample_bytree": 0.39178751871176476, "eta": 0.07959862293890028, "gamma": 638.5238149340546, "max_depth": 5.0, "min_child_weight": 4132.882622067602, "num_boost_round": 2.0, "subsample": 0.30252793236177866}, "datetime": {"datetime": "2024-01-20 14:25:56", "elapsed": 91.477764, "delta": 0.002019}}
{"target": -13.397771804401991, "params": {"colsample_bytree": 0.39178751871176476, "eta": 0.07959862293890028, "gamma": 638.5238149340546, "max_depth": 5.0, "min_child_weight": 4132.882622067602, "num_boost_round": 3.0, "subsample": 0.30252793236177866}, "datetime": {"datetime": "2024-01-20 14:25:56", "elapsed": 91.478147, "delta": 0.000383}}
{"target": -13.398401660669474, "params": {"colsample_bytree": 0.39178751871176476, "eta": 0.07959862293890028, "gamma": 638.5238149340546, "max_depth": 5.0, "min_child_weight": 4132.882622067602, "num_boost_round": 4.0, "subsample": 0.30252793236177866}, "datetime": {"datetime": "2024-01-20 14:25:56", "elapsed": 91.478491, "delta": 0.000344}}
{"target": -13.399018812479843, "params": {"colsample_bytree": 0.39178751871176476, "eta": 0.07959862293890028, "gamma": 638.5238149340546, "max_depth": 5.0, "min_child_weight": 4132.882622067602, "num_boost_round": 5.0, "subsample": 0.30252793236177866}, "datetime": {"datetime": "2024-01-20 14:25:56", "elapsed": 91.479045, "delta": 0.000554}}
{"target": -13.398948713294734, "params": {"colsample_bytree": 0.39178751871176476, "eta": 0.07959862293890028, "gamma": 638.5238149340546, "max_depth": 5.0, "min_child_weight": 4132.882622067602, "num_boost_round": 6.0, "subsample": 0.30252793236177866}, "datetime": {"datetime": "2024-01-20 14:25:56", "elapsed": 91.479388, "delta": 0.000343}}
{"target": -13.397574164809708, "params": {"colsample_bytree": 0.43901673888460735, "eta": 0.02249786942529485, "gamma": 602.7194903258727, "max_depth": 9.0, "min_child_weight": 4082.319340448095, "num_boost_round": 1.0, "subsample": 0.5936423576871409}, "datetime": {"datetime": "2024-01-20 14:26:18", "elapsed": 113.529802, "delta": 22.050414}}
{"target": -13.397476103722312, "params": {"colsample_bytree": 0.43901673888460735, "eta": 0.02249786942529485, "gamma": 602.7194903258727, "max_depth": 9.0, "min_child_weight": 4082.319340448095, "num_boost_round": 2.0, "subsample": 0.5936423576871409}, "datetime": {"datetime": "2024-01-20 14:26:18", "elapsed": 113.530337, "delta": 0.000535}}
{"target": -13.397378715882073, "params": {"colsample_bytree": 0.43901673888460735, "eta": 0.02249786942529485, "gamma": 602.7194903258727, "max_depth": 9.0, "min_child_weight": 4082.319340448095, "num_boost_round": 3.0, "subsample": 0.5936423576871409}, "datetime": {"datetime": "2024-01-20 14:26:18", "elapsed": 113.53071, "delta": 0.000373}}
{"target": -13.397265863199458, "params": {"colsample_bytree": 0.43901673888460735, "eta": 0.02249786942529485, "gamma": 602.7194903258727, "max_depth": 9.0, "min_child_weight": 4082.319340448095, "num_boost_round": 4.0, "subsample": 0.5936423576871409}, "datetime": {"datetime": "2024-01-20 14:26:18", "elapsed": 113.531071, "delta": 0.000361}}
{"target": -13.397419883384813, "params": {"colsample_bytree": 0.43901673888460735, "eta": 0.02249786942529485, "gamma": 602.7194903258727, "max_depth": 9.0, "min_child_weight": 4082.319340448095, "num_boost_round": 5.0, "subsample": 0.5936423576871409}, "datetime": {"datetime": "2024-01-20 14:26:18", "elapsed": 113.531402, "delta": 0.000331}}
{"target": -13.397345841545503, "params": {"colsample_bytree": 0.43901673888460735, "eta": 0.02249786942529485, "gamma": 602.7194903258727, "max_depth": 9.0, "min_child_weight": 4082.319340448095, "num_boost_round": 6.0, "subsample": 0.5936423576871409}, "datetime": {"datetime": "2024-01-20 14:26:18", "elapsed": 113.531743, "delta": 0.000341}}
{"target": -13.397386866951233, "params": {"colsample_bytree": 0.43901673888460735, "eta": 0.02249786942529485, "gamma": 602.7194903258727, "max_depth": 9.0, "min_child_weight": 4082.319340448095, "num_boost_round": 7.0, "subsample": 0.5936423576871409}, "datetime": {"datetime": "2024-01-20 14:26:18", "elapsed": 113.532096, "delta": 0.000353}}
{"target": -13.397369907241655, "params": {"colsample_bytree": 0.43901673888460735, "eta": 0.02249786942529485, "gamma": 602.7194903258727, "max_depth": 9.0, "min_child_weight": 4082.319340448095, "num_boost_round": 8.0, "subsample": 0.5936423576871409}, "datetime": {"datetime": "2024-01-20 14:26:18", "elapsed": 113.532449, "delta": 0.000353}}
{"target": -13.39759127725763, "params": {"colsample_bytree": 0.43901673888460735, "eta": 0.02249786942529485, "gamma": 602.7194903258727, "max_depth": 9.0, "min_child_weight": 4082.319340448095, "num_boost_round": 9.0, "subsample": 0.5936423576871409}, "datetime": {"datetime": "2024-01-20 14:26:18", "elapsed": 113.532803, "delta": 0.000354}}
{"target": -13.397540376291234, "params": {"colsample_bytree": 0.43901673888460735, "eta": 0.02249786942529485, "gamma": 602.7194903258727, "max_depth": 9.0, "min_child_weight": 4082.319340448095, "num_boost_round": 10.0, "subsample": 0.5936423576871409}, "datetime": {"datetime": "2024-01-20 14:26:18", "elapsed": 113.53315, "delta": 0.000347}}
{"target": -13.397574009154436, "params": {"colsample_bytree": 0.43901673888460735, "eta": 0.02249786942529485, "gamma": 602.7194903258727, "max_depth": 9.0, "min_child_weight": 4082.319340448095, "num_boost_round": 11.0, "subsample": 0.5936423576871409}, "datetime": {"datetime": "2024-01-20 14:26:18", "elapsed": 113.533493, "delta": 0.000343}}
{"target": -13.397651086766405, "params": {"colsample_bytree": 0.43901673888460735, "eta": 0.02249786942529485, "gamma": 602.7194903258727, "max_depth": 9.0, "min_child_weight": 4082.319340448095, "num_boost_round": 12.0, "subsample": 0.5936423576871409}, "datetime": {"datetime": "2024-01-20 14:26:18", "elapsed": 113.533868, "delta": 0.000375}}
{"target": -13.397677710880131, "params": {"colsample_bytree": 0.43901673888460735, "eta": 0.02249786942529485, "gamma": 602.7194903258727, "max_depth": 9.0, "min_child_weight": 4082.319340448095, "num_boost_round": 13.0, "subsample": 0.5936423576871409}, "datetime": {"datetime": "2024-01-20 14:26:18", "elapsed": 113.534219, "delta": 0.000351}}
{"target": -13.397721820360143, "params": {"colsample_bytree": 0.43901673888460735, "eta": 0.02249786942529485, "gamma": 602.7194903258727, "max_depth": 9.0, "min_child_weight": 4082.319340448095, "num_boost_round": 14.0, "subsample": 0.5936423576871409}, "datetime": {"datetime": "2024-01-20 14:26:18", "elapsed": 113.534584, "delta": 0.000365}}
{"target": -13.398120472687658, "params": {"colsample_bytree": 0.12384318748642811, "eta": 0.07429694743300497, "gamma": 670.0448322503863, "max_depth": 4.0, "min_child_weight": 4030.9159460675505, "num_boost_round": 1.0, "subsample": 0.5460500406426286}, "datetime": {"datetime": "2024-01-20 14:26:39", "elapsed": 134.375732, "delta": 20.841148}}
{"target": -13.39825725007076, "params": {"colsample_bytree": 0.12384318748642811, "eta": 0.07429694743300497, "gamma": 670.0448322503863, "max_depth": 4.0, "min_child_weight": 4030.9159460675505, "num_boost_round": 2.0, "subsample": 0.5460500406426286}, "datetime": {"datetime": "2024-01-20 14:26:39", "elapsed": 134.376248, "delta": 0.000516}}
{"target": -13.398573660068966, "params": {"colsample_bytree": 0.12384318748642811, "eta": 0.07429694743300497, "gamma": 670.0448322503863, "max_depth": 4.0, "min_child_weight": 4030.9159460675505, "num_boost_round": 3.0, "subsample": 0.5460500406426286}, "datetime": {"datetime": "2024-01-20 14:26:39", "elapsed": 134.37664, "delta": 0.000392}}
{"target": -13.398596362349009, "params": {"colsample_bytree": 0.12384318748642811, "eta": 0.07429694743300497, "gamma": 670.0448322503863, "max_depth": 4.0, "min_child_weight": 4030.9159460675505, "num_boost_round": 4.0, "subsample": 0.5460500406426286}, "datetime": {"datetime": "2024-01-20 14:26:39", "elapsed": 134.377017, "delta": 0.000377}}
{"target": -13.398820124785766, "params": {"colsample_bytree": 0.12384318748642811, "eta": 0.07429694743300497, "gamma": 670.0448322503863, "max_depth": 4.0, "min_child_weight": 4030.9159460675505, "num_boost_round": 5.0, "subsample": 0.5460500406426286}, "datetime": {"datetime": "2024-01-20 14:26:39", "elapsed": 134.377369, "delta": 0.000352}}
{"target": -13.399134526507638, "params": {"colsample_bytree": 0.12384318748642811, "eta": 0.07429694743300497, "gamma": 670.0448322503863, "max_depth": 4.0, "min_child_weight": 4030.9159460675505, "num_boost_round": 6.0, "subsample": 0.5460500406426286}, "datetime": {"datetime": "2024-01-20 14:26:39", "elapsed": 134.377728, "delta": 0.000359}}
{"target": -13.399276227153868, "params": {"colsample_bytree": 0.12384318748642811, "eta": 0.07429694743300497, "gamma": 670.0448322503863, "max_depth": 4.0, "min_child_weight": 4030.9159460675505, "num_boost_round": 7.0, "subsample": 0.5460500406426286}, "datetime": {"datetime": "2024-01-20 14:26:39", "elapsed": 134.378081, "delta": 0.000353}}
{"target": -13.399627668498045, "params": {"colsample_bytree": 0.12384318748642811, "eta": 0.07429694743300497, "gamma": 670.0448322503863, "max_depth": 4.0, "min_child_weight": 4030.9159460675505, "num_boost_round": 8.0, "subsample": 0.5460500406426286}, "datetime": {"datetime": "2024-01-20 14:26:39", "elapsed": 134.378436, "delta": 0.000355}}
{"target": -13.39963146755039, "params": {"colsample_bytree": 0.12384318748642811, "eta": 0.07429694743300497, "gamma": 670.0448322503863, "max_depth": 4.0, "min_child_weight": 4030.9159460675505, "num_boost_round": 9.0, "subsample": 0.5460500406426286}, "datetime": {"datetime": "2024-01-20 14:26:39", "elapsed": 134.378794, "delta": 0.000358}}
{"target": -13.400143176272602, "params": {"colsample_bytree": 0.12384318748642811, "eta": 0.07429694743300497, "gamma": 670.0448322503863, "max_depth": 4.0, "min_child_weight": 4030.9159460675505, "num_boost_round": 10.0, "subsample": 0.5460500406426286}, "datetime": {"datetime": "2024-01-20 14:26:39", "elapsed": 134.379141, "delta": 0.000347}}
{"target": -13.400207010849648, "params": {"colsample_bytree": 0.12384318748642811, "eta": 0.07429694743300497, "gamma": 670.0448322503863, "max_depth": 4.0, "min_child_weight": 4030.9159460675505, "num_boost_round": 11.0, "subsample": 0.5460500406426286}, "datetime": {"datetime": "2024-01-20 14:26:39", "elapsed": 134.379493, "delta": 0.000352}}
{"target": -13.400527920828269, "params": {"colsample_bytree": 0.12384318748642811, "eta": 0.07429694743300497, "gamma": 670.0448322503863, "max_depth": 4.0, "min_child_weight": 4030.9159460675505, "num_boost_round": 12.0, "subsample": 0.5460500406426286}, "datetime": {"datetime": "2024-01-20 14:26:39", "elapsed": 134.379849, "delta": 0.000356}}
{"target": -13.400489759269636, "params": {"colsample_bytree": 0.12384318748642811, "eta": 0.07429694743300497, "gamma": 670.0448322503863, "max_depth": 4.0, "min_child_weight": 4030.9159460675505, "num_boost_round": 13.0, "subsample": 0.5460500406426286}, "datetime": {"datetime": "2024-01-20 14:26:39", "elapsed": 134.380203, "delta": 0.000354}}
{"target": -13.400370427074868, "params": {"colsample_bytree": 0.12384318748642811, "eta": 0.07429694743300497, "gamma": 670.0448322503863, "max_depth": 4.0, "min_child_weight": 4030.9159460675505, "num_boost_round": 14.0, "subsample": 0.5460500406426286}, "datetime": {"datetime": "2024-01-20 14:26:39", "elapsed": 134.380568, "delta": 0.000365}}
{"target": -13.397807939094246, "params": {"colsample_bytree": 0.7016034179820798, "eta": 0.022610938669884735, "gamma": 585.9776274554096, "max_depth": 2.0, "min_child_weight": 4008.633363121107, "num_boost_round": 1.0, "subsample": 0.5336115127754785}, "datetime": {"datetime": "2024-01-20 14:26:55", "elapsed": 149.89711, "delta": 15.516542}}
{"target": -13.397935326078882, "params": {"colsample_bytree": 0.7016034179820798, "eta": 0.022610938669884735, "gamma": 585.9776274554096, "max_depth": 2.0, "min_child_weight": 4008.633363121107, "num_boost_round": 2.0, "subsample": 0.5336115127754785}, "datetime": {"datetime": "2024-01-20 14:26:55", "elapsed": 149.897897, "delta": 0.000787}}
{"target": -13.397939989324195, "params": {"colsample_bytree": 0.7016034179820798, "eta": 0.022610938669884735, "gamma": 585.9776274554096, "max_depth": 2.0, "min_child_weight": 4008.633363121107, "num_boost_round": 3.0, "subsample": 0.5336115127754785}, "datetime": {"datetime": "2024-01-20 14:26:55", "elapsed": 149.898296, "delta": 0.000399}}
{"target": -13.397950554831477, "params": {"colsample_bytree": 0.7016034179820798, "eta": 0.022610938669884735, "gamma": 585.9776274554096, "max_depth": 2.0, "min_child_weight": 4008.633363121107, "num_boost_round": 4.0, "subsample": 0.5336115127754785}, "datetime": {"datetime": "2024-01-20 14:26:55", "elapsed": 149.898677, "delta": 0.000381}}
