{"target": -10.475745039905352, "params": {"colsample_bytree": 0.5760218233966078, "eta": 0.07758424202189422, "gamma": 296.48918629869405, "max_depth": 6.0, "min_child_weight": 4393.998082246162, "num_boost_round": 14.0, "subsample": 0.3374931544763504}, "datetime": {"datetime": "2024-01-20 13:37:27", "elapsed": 740.006212, "delta": 0.001248}}
{"target": -10.47580803995707, "params": {"colsample_bytree": 0.5760218233966078, "eta": 0.07758424202189422, "gamma": 296.48918629869405, "max_depth": 6.0, "min_child_weight": 4393.998082246162, "num_boost_round": 15.0, "subsample": 0.3374931544763504}, "datetime": {"datetime": "2024-01-20 13:37:27", "elapsed": 740.007448, "delta": 0.001236}}
{"target": -10.476384786839382, "params": {"colsample_bytree": 0.5760218233966078, "eta": 0.07758424202189422, "gamma": 296.48918629869405, "max_depth": 6.0, "min_child_weight": 4393.998082246162, "num_boost_round": 16.0, "subsample": 0.3374931544763504}, "datetime": {"datetime": "2024-01-20 13:37:27", "elapsed": 740.00911, "delta": 0.001662}}
{"target": -10.476755112977134, "params": {"colsample_bytree": 0.5760218233966078, "eta": 0.07758424202189422, "gamma": 296.48918629869405, "max_depth": 6.0, "min_child_weight": 4393.998082246162, "num_boost_round": 17.0, "subsample": 0.3374931544763504}, "datetime": {"datetime": "2024-01-20 13:37:27", "elapsed": 740.01056, "delta": 0.00145}}
{"target": -10.477204492244212, "params": {"colsample_bytree": 0.5760218233966078, "eta": 0.07758424202189422, "gamma": 296.48918629869405, "max_depth": 6.0, "min_child_weight": 4393.998082246162, "num_boost_round": 18.0, "subsample": 0.3374931544763504}, "datetime": {"datetime": "2024-01-20 13:37:27", "elapsed": 740.012063, "delta": 0.001503}}
{"target": -10.477321504582758, "params": {"colsample_bytree": 0.5760218233966078, "eta": 0.07758424202189422, "gamma": 296.48918629869405, "max_depth": 6.0, "min_child_weight": 4393.998082246162, "num_boost_round": 19.0, "subsample": 0.3374931544763504}, "datetime": {"datetime": "2024-01-20 13:37:27", "elapsed": 740.013309, "delta": 0.001246}}
{"target": -10.477675772220582, "params": {"colsample_bytree": 0.5760218233966078, "eta": 0.07758424202189422, "gamma": 296.48918629869405, "max_depth": 6.0, "min_child_weight": 4393.998082246162, "num_boost_round": 20.0, "subsample": 0.3374931544763504}, "datetime": {"datetime": "2024-01-20 13:37:27", "elapsed": 740.014565, "delta": 0.001256}}
{"target": -10.478213715907758, "params": {"colsample_bytree": 0.5760218233966078, "eta": 0.07758424202189422, "gamma": 296.48918629869405, "max_depth": 6.0, "min_child_weight": 4393.998082246162, "num_boost_round": 21.0, "subsample": 0.3374931544763504}, "datetime": {"datetime": "2024-01-20 13:37:27", "elapsed": 740.015825, "delta": 0.00126}}
{"target": -10.47840827687992, "params": {"colsample_bytree": 0.5760218233966078, "eta": 0.07758424202189422, "gamma": 296.48918629869405, "max_depth": 6.0, "min_child_weight": 4393.998082246162, "num_boost_round": 22.0, "subsample": 0.3374931544763504}, "datetime": {"datetime": "2024-01-20 13:37:27", "elapsed": 740.017072, "delta": 0.001247}}
{"target": -10.475649694185565, "params": {"colsample_bytree": 0.5741020248806954, "eta": 0.04003138639470241, "gamma": 388.6352091519475, "max_depth": 9.0, "min_child_weight": 4180.570952863738, "num_boost_round": 1.0, "subsample": 0.5882525146082107}, "datetime": {"datetime": "2024-01-20 13:37:58", "elapsed": 770.157585, "delta": 30.140513}}
{"target": -10.47494262003297, "params": {"colsample_bytree": 0.5741020248806954, "eta": 0.04003138639470241, "gamma": 388.6352091519475, "max_depth": 9.0, "min_child_weight": 4180.570952863738, "num_boost_round": 2.0, "subsample": 0.5882525146082107}, "datetime": {"datetime": "2024-01-20 13:37:58", "elapsed": 770.159374, "delta": 0.001789}}
{"target": -10.474785311263451, "params": {"colsample_bytree": 0.5741020248806954, "eta": 0.04003138639470241, "gamma": 388.6352091519475, "max_depth": 9.0, "min_child_weight": 4180.570952863738, "num_boost_round": 3.0, "subsample": 0.5882525146082107}, "datetime": {"datetime": "2024-01-20 13:37:58", "elapsed": 770.16078, "delta": 0.001406}}
{"target": -10.474318865425117, "params": {"colsample_bytree": 0.5741020248806954, "eta": 0.04003138639470241, "gamma": 388.6352091519475, "max_depth": 9.0, "min_child_weight": 4180.570952863738, "num_boost_round": 4.0, "subsample": 0.5882525146082107}, "datetime": {"datetime": "2024-01-20 13:37:58", "elapsed": 770.162556, "delta": 0.001776}}
{"target": -10.473881718235356, "params": {"colsample_bytree": 0.5741020248806954, "eta": 0.04003138639470241, "gamma": 388.6352091519475, "max_depth": 9.0, "min_child_weight": 4180.570952863738, "num_boost_round": 5.0, "subsample": 0.5882525146082107}, "datetime": {"datetime": "2024-01-20 13:37:58", "elapsed": 770.164183, "delta": 0.001627}}
{"target": -10.473693667357761, "params": {"colsample_bytree": 0.5741020248806954, "eta": 0.04003138639470241, "gamma": 388.6352091519475, "max_depth": 9.0, "min_child_weight": 4180.570952863738, "num_boost_round": 6.0, "subsample": 0.5882525146082107}, "datetime": {"datetime": "2024-01-20 13:37:58", "elapsed": 770.165622, "delta": 0.001439}}
{"target": -10.473609318418063, "params": {"colsample_bytree": 0.5741020248806954, "eta": 0.04003138639470241, "gamma": 388.6352091519475, "max_depth": 9.0, "min_child_weight": 4180.570952863738, "num_boost_round": 7.0, "subsample": 0.5882525146082107}, "datetime": {"datetime": "2024-01-20 13:37:58", "elapsed": 770.166922, "delta": 0.0013}}
{"target": -10.473083539681046, "params": {"colsample_bytree": 0.5741020248806954, "eta": 0.04003138639470241, "gamma": 388.6352091519475, "max_depth": 9.0, "min_child_weight": 4180.570952863738, "num_boost_round": 8.0, "subsample": 0.5882525146082107}, "datetime": {"datetime": "2024-01-20 13:37:58", "elapsed": 770.168192, "delta": 0.00127}}
{"target": -10.472888989833432, "params": {"colsample_bytree": 0.5741020248806954, "eta": 0.04003138639470241, "gamma": 388.6352091519475, "max_depth": 9.0, "min_child_weight": 4180.570952863738, "num_boost_round": 9.0, "subsample": 0.5882525146082107}, "datetime": {"datetime": "2024-01-20 13:37:58", "elapsed": 770.169467, "delta": 0.001275}}
{"target": -10.47250803528075, "params": {"colsample_bytree": 0.5741020248806954, "eta": 0.04003138639470241, "gamma": 388.6352091519475, "max_depth": 9.0, "min_child_weight": 4180.570952863738, "num_boost_round": 10.0, "subsample": 0.5882525146082107}, "datetime": {"datetime": "2024-01-20 13:37:58", "elapsed": 770.17071, "delta": 0.001243}}
{"target": -10.47257398566433, "params": {"colsample_bytree": 0.5741020248806954, "eta": 0.04003138639470241, "gamma": 388.6352091519475, "max_depth": 9.0, "min_child_weight": 4180.570952863738, "num_boost_round": 11.0, "subsample": 0.5882525146082107}, "datetime": {"datetime": "2024-01-20 13:37:58", "elapsed": 770.171956, "delta": 0.001246}}
{"target": -10.472547745230276, "params": {"colsample_bytree": 0.5741020248806954, "eta": 0.04003138639470241, "gamma": 388.6352091519475, "max_depth": 9.0, "min_child_weight": 4180.570952863738, "num_boost_round": 12.0, "subsample": 0.5882525146082107}, "datetime": {"datetime": "2024-01-20 13:37:58", "elapsed": 770.173204, "delta": 0.001248}}
{"target": -10.472683212159147, "params": {"colsample_bytree": 0.5741020248806954, "eta": 0.04003138639470241, "gamma": 388.6352091519475, "max_depth": 9.0, "min_child_weight": 4180.570952863738, "num_boost_round": 13.0, "subsample": 0.5882525146082107}, "datetime": {"datetime": "2024-01-20 13:37:58", "elapsed": 770.174435, "delta": 0.001231}}
{"target": -10.47251258205599, "params": {"colsample_bytree": 0.5741020248806954, "eta": 0.04003138639470241, "gamma": 388.6352091519475, "max_depth": 9.0, "min_child_weight": 4180.570952863738, "num_boost_round": 14.0, "subsample": 0.5882525146082107}, "datetime": {"datetime": "2024-01-20 13:37:58", "elapsed": 770.175674, "delta": 0.001239}}
{"target": -10.472431390511037, "params": {"colsample_bytree": 0.5741020248806954, "eta": 0.04003138639470241, "gamma": 388.6352091519475, "max_depth": 9.0, "min_child_weight": 4180.570952863738, "num_boost_round": 15.0, "subsample": 0.5882525146082107}, "datetime": {"datetime": "2024-01-20 13:37:58", "elapsed": 770.176998, "delta": 0.001324}}
{"target": -10.472411123098409, "params": {"colsample_bytree": 0.5741020248806954, "eta": 0.04003138639470241, "gamma": 388.6352091519475, "max_depth": 9.0, "min_child_weight": 4180.570952863738, "num_boost_round": 16.0, "subsample": 0.5882525146082107}, "datetime": {"datetime": "2024-01-20 13:37:58", "elapsed": 770.178334, "delta": 0.001336}}
{"target": -10.472599861997626, "params": {"colsample_bytree": 0.5741020248806954, "eta": 0.04003138639470241, "gamma": 388.6352091519475, "max_depth": 9.0, "min_child_weight": 4180.570952863738, "num_boost_round": 17.0, "subsample": 0.5882525146082107}, "datetime": {"datetime": "2024-01-20 13:37:58", "elapsed": 770.179589, "delta": 0.001255}}
{"target": -10.475990759559345, "params": {"colsample_bytree": 0.1425318208338882, "eta": 0.05131898801318337, "gamma": 453.7249069147856, "max_depth": 7.0, "min_child_weight": 4224.887267095042, "num_boost_round": 1.0, "subsample": 0.20141612021867306}, "datetime": {"datetime": "2024-01-20 13:38:37", "elapsed": 809.794047, "delta": 39.614458}}
{"target": -10.475948825993285, "params": {"colsample_bytree": 0.1425318208338882, "eta": 0.05131898801318337, "gamma": 453.7249069147856, "max_depth": 7.0, "min_child_weight": 4224.887267095042, "num_boost_round": 2.0, "subsample": 0.20141612021867306}, "datetime": {"datetime": "2024-01-20 13:38:37", "elapsed": 809.795577, "delta": 0.00153}}
{"target": -10.475995984184229, "params": {"colsample_bytree": 0.1425318208338882, "eta": 0.05131898801318337, "gamma": 453.7249069147856, "max_depth": 7.0, "min_child_weight": 4224.887267095042, "num_boost_round": 3.0, "subsample": 0.20141612021867306}, "datetime": {"datetime": "2024-01-20 13:38:37", "elapsed": 809.797644, "delta": 0.002067}}
{"target": -10.476098179344039, "params": {"colsample_bytree": 0.1425318208338882, "eta": 0.05131898801318337, "gamma": 453.7249069147856, "max_depth": 7.0, "min_child_weight": 4224.887267095042, "num_boost_round": 4.0, "subsample": 0.20141612021867306}, "datetime": {"datetime": "2024-01-20 13:38:37", "elapsed": 809.799001, "delta": 0.001357}}
{"target": -10.47609589059576, "params": {"colsample_bytree": 0.1425318208338882, "eta": 0.05131898801318337, "gamma": 453.7249069147856, "max_depth": 7.0, "min_child_weight": 4224.887267095042, "num_boost_round": 5.0, "subsample": 0.20141612021867306}, "datetime": {"datetime": "2024-01-20 13:38:37", "elapsed": 809.800289, "delta": 0.001288}}
{"target": -10.476131185711328, "params": {"colsample_bytree": 0.1425318208338882, "eta": 0.05131898801318337, "gamma": 453.7249069147856, "max_depth": 7.0, "min_child_weight": 4224.887267095042, "num_boost_round": 6.0, "subsample": 0.20141612021867306}, "datetime": {"datetime": "2024-01-20 13:38:37", "elapsed": 809.80157, "delta": 0.001281}}
{"target": -10.476322706331587, "params": {"colsample_bytree": 0.1425318208338882, "eta": 0.05131898801318337, "gamma": 453.7249069147856, "max_depth": 7.0, "min_child_weight": 4224.887267095042, "num_boost_round": 7.0, "subsample": 0.20141612021867306}, "datetime": {"datetime": "2024-01-20 13:38:37", "elapsed": 809.802841, "delta": 0.001271}}
{"target": -10.476185434146814, "params": {"colsample_bytree": 0.1425318208338882, "eta": 0.05131898801318337, "gamma": 453.7249069147856, "max_depth": 7.0, "min_child_weight": 4224.887267095042, "num_boost_round": 8.0, "subsample": 0.20141612021867306}, "datetime": {"datetime": "2024-01-20 13:38:37", "elapsed": 809.804129, "delta": 0.001288}}
{"target": -10.476024175566607, "params": {"colsample_bytree": 0.1425318208338882, "eta": 0.05131898801318337, "gamma": 453.7249069147856, "max_depth": 7.0, "min_child_weight": 4224.887267095042, "num_boost_round": 9.0, "subsample": 0.20141612021867306}, "datetime": {"datetime": "2024-01-20 13:38:37", "elapsed": 809.805417, "delta": 0.001288}}
{"target": -10.476420950633116, "params": {"colsample_bytree": 0.1425318208338882, "eta": 0.05131898801318337, "gamma": 453.7249069147856, "max_depth": 7.0, "min_child_weight": 4224.887267095042, "num_boost_round": 10.0, "subsample": 0.20141612021867306}, "datetime": {"datetime": "2024-01-20 13:38:37", "elapsed": 809.806691, "delta": 0.001274}}
{"target": -10.476615988305433, "params": {"colsample_bytree": 0.1425318208338882, "eta": 0.05131898801318337, "gamma": 453.7249069147856, "max_depth": 7.0, "min_child_weight": 4224.887267095042, "num_boost_round": 11.0, "subsample": 0.20141612021867306}, "datetime": {"datetime": "2024-01-20 13:38:37", "elapsed": 809.807958, "delta": 0.001267}}
{"target": -10.476658109847419, "params": {"colsample_bytree": 0.1425318208338882, "eta": 0.05131898801318337, "gamma": 453.7249069147856, "max_depth": 7.0, "min_child_weight": 4224.887267095042, "num_boost_round": 12.0, "subsample": 0.20141612021867306}, "datetime": {"datetime": "2024-01-20 13:38:37", "elapsed": 809.809246, "delta": 0.001288}}
{"target": -10.476606360747812, "params": {"colsample_bytree": 0.1425318208338882, "eta": 0.05131898801318337, "gamma": 453.7249069147856, "max_depth": 7.0, "min_child_weight": 4224.887267095042, "num_boost_round": 13.0, "subsample": 0.20141612021867306}, "datetime": {"datetime": "2024-01-20 13:38:37", "elapsed": 809.810646, "delta": 0.0014}}
{"target": -10.476674210541296, "params": {"colsample_bytree": 0.1425318208338882, "eta": 0.05131898801318337, "gamma": 453.7249069147856, "max_depth": 7.0, "min_child_weight": 4224.887267095042, "num_boost_round": 14.0, "subsample": 0.20141612021867306}, "datetime": {"datetime": "2024-01-20 13:38:37", "elapsed": 809.811971, "delta": 0.001325}}
{"target": -10.476709558359861, "params": {"colsample_bytree": 0.1425318208338882, "eta": 0.05131898801318337, "gamma": 453.7249069147856, "max_depth": 7.0, "min_child_weight": 4224.887267095042, "num_boost_round": 15.0, "subsample": 0.20141612021867306}, "datetime": {"datetime": "2024-01-20 13:38:37", "elapsed": 809.81327, "delta": 0.001299}}
{"target": -10.476952318855657, "params": {"colsample_bytree": 0.1425318208338882, "eta": 0.05131898801318337, "gamma": 453.7249069147856, "max_depth": 7.0, "min_child_weight": 4224.887267095042, "num_boost_round": 16.0, "subsample": 0.20141612021867306}, "datetime": {"datetime": "2024-01-20 13:38:37", "elapsed": 809.814549, "delta": 0.001279}}
{"target": -10.477268495733291, "params": {"colsample_bytree": 0.1425318208338882, "eta": 0.05131898801318337, "gamma": 453.7249069147856, "max_depth": 7.0, "min_child_weight": 4224.887267095042, "num_boost_round": 17.0, "subsample": 0.20141612021867306}, "datetime": {"datetime": "2024-01-20 13:38:37", "elapsed": 809.815827, "delta": 0.001278}}
{"target": -10.477370315639877, "params": {"colsample_bytree": 0.1425318208338882, "eta": 0.05131898801318337, "gamma": 453.7249069147856, "max_depth": 7.0, "min_child_weight": 4224.887267095042, "num_boost_round": 18.0, "subsample": 0.20141612021867306}, "datetime": {"datetime": "2024-01-20 13:38:37", "elapsed": 809.817203, "delta": 0.001376}}
{"target": -10.477415853673381, "params": {"colsample_bytree": 0.1425318208338882, "eta": 0.05131898801318337, "gamma": 453.7249069147856, "max_depth": 7.0, "min_child_weight": 4224.887267095042, "num_boost_round": 19.0, "subsample": 0.20141612021867306}, "datetime": {"datetime": "2024-01-20 13:38:37", "elapsed": 809.818552, "delta": 0.001349}}
{"target": -10.477284603486353, "params": {"colsample_bytree": 0.1425318208338882, "eta": 0.05131898801318337, "gamma": 453.7249069147856, "max_depth": 7.0, "min_child_weight": 4224.887267095042, "num_boost_round": 20.0, "subsample": 0.20141612021867306}, "datetime": {"datetime": "2024-01-20 13:38:37", "elapsed": 809.819846, "delta": 0.001294}}
{"target": -10.47733723087704, "params": {"colsample_bytree": 0.1425318208338882, "eta": 0.05131898801318337, "gamma": 453.7249069147856, "max_depth": 7.0, "min_child_weight": 4224.887267095042, "num_boost_round": 21.0, "subsample": 0.20141612021867306}, "datetime": {"datetime": "2024-01-20 13:38:37", "elapsed": 809.821158, "delta": 0.001312}}
{"target": -10.477306363865338, "params": {"colsample_bytree": 0.1425318208338882, "eta": 0.05131898801318337, "gamma": 453.7249069147856, "max_depth": 7.0, "min_child_weight": 4224.887267095042, "num_boost_round": 22.0, "subsample": 0.20141612021867306}, "datetime": {"datetime": "2024-01-20 13:38:37", "elapsed": 809.82249, "delta": 0.001332}}
{"target": -10.477486333102906, "params": {"colsample_bytree": 0.1425318208338882, "eta": 0.05131898801318337, "gamma": 453.7249069147856, "max_depth": 7.0, "min_child_weight": 4224.887267095042, "num_boost_round": 23.0, "subsample": 0.20141612021867306}, "datetime": {"datetime": "2024-01-20 13:38:37", "elapsed": 809.823799, "delta": 0.001309}}
{"target": -10.477334415410287, "params": {"colsample_bytree": 0.1425318208338882, "eta": 0.05131898801318337, "gamma": 453.7249069147856, "max_depth": 7.0, "min_child_weight": 4224.887267095042, "num_boost_round": 24.0, "subsample": 0.20141612021867306}, "datetime": {"datetime": "2024-01-20 13:38:37", "elapsed": 809.825108, "delta": 0.001309}}
{"target": -10.477400256621213, "params": {"colsample_bytree": 0.1425318208338882, "eta": 0.05131898801318337, "gamma": 453.7249069147856, "max_depth": 7.0, "min_child_weight": 4224.887267095042, "num_boost_round": 25.0, "subsample": 0.20141612021867306}, "datetime": {"datetime": "2024-01-20 13:38:37", "elapsed": 809.826425, "delta": 0.001317}}
{"target": -10.47734813016709, "params": {"colsample_bytree": 0.1425318208338882, "eta": 0.05131898801318337, "gamma": 453.7249069147856, "max_depth": 7.0, "min_child_weight": 4224.887267095042, "num_boost_round": 26.0, "subsample": 0.20141612021867306}, "datetime": {"datetime": "2024-01-20 13:38:37", "elapsed": 809.827716, "delta": 0.001291}}
{"target": -10.477597002384753, "params": {"colsample_bytree": 0.1425318208338882, "eta": 0.05131898801318337, "gamma": 453.7249069147856, "max_depth": 7.0, "min_child_weight": 4224.887267095042, "num_boost_round": 27.0, "subsample": 0.20141612021867306}, "datetime": {"datetime": "2024-01-20 13:38:37", "elapsed": 809.829098, "delta": 0.001382}}
{"target": -10.477512073943807, "params": {"colsample_bytree": 0.1425318208338882, "eta": 0.05131898801318337, "gamma": 453.7249069147856, "max_depth": 7.0, "min_child_weight": 4224.887267095042, "num_boost_round": 28.0, "subsample": 0.20141612021867306}, "datetime": {"datetime": "2024-01-20 13:38:37", "elapsed": 809.830391, "delta": 0.001293}}
{"target": -10.477511144389902, "params": {"colsample_bytree": 0.1425318208338882, "eta": 0.05131898801318337, "gamma": 453.7249069147856, "max_depth": 7.0, "min_child_weight": 4224.887267095042, "num_boost_round": 29.0, "subsample": 0.20141612021867306}, "datetime": {"datetime": "2024-01-20 13:38:37", "elapsed": 809.831691, "delta": 0.0013}}
{"target": -10.477681827925515, "params": {"colsample_bytree": 0.1425318208338882, "eta": 0.05131898801318337, "gamma": 453.7249069147856, "max_depth": 7.0, "min_child_weight": 4224.887267095042, "num_boost_round": 30.0, "subsample": 0.20141612021867306}, "datetime": {"datetime": "2024-01-20 13:38:37", "elapsed": 809.83301, "delta": 0.001319}}
{"target": -10.47762656884967, "params": {"colsample_bytree": 0.1425318208338882, "eta": 0.05131898801318337, "gamma": 453.7249069147856, "max_depth": 7.0, "min_child_weight": 4224.887267095042, "num_boost_round": 31.0, "subsample": 0.20141612021867306}, "datetime": {"datetime": "2024-01-20 13:38:37", "elapsed": 809.834321, "delta": 0.001311}}
{"target": -10.47598835861261, "params": {"colsample_bytree": 0.9988137020677588, "eta": 0.006220568684565648, "gamma": 320.54545679699464, "max_depth": 9.0, "min_child_weight": 4213.468395795935, "num_boost_round": 1.0, "subsample": 0.30591832108805106}, "datetime": {"datetime": "2024-01-20 13:39:25", "elapsed": 858.00969, "delta": 48.175369}}
{"target": -10.475870495894597, "params": {"colsample_bytree": 0.9988137020677588, "eta": 0.006220568684565648, "gamma": 320.54545679699464, "max_depth": 9.0, "min_child_weight": 4213.468395795935, "num_boost_round": 2.0, "subsample": 0.30591832108805106}, "datetime": {"datetime": "2024-01-20 13:39:25", "elapsed": 858.011334, "delta": 0.001644}}
{"target": -10.475780430414929, "params": {"colsample_bytree": 0.9988137020677588, "eta": 0.006220568684565648, "gamma": 320.54545679699464, "max_depth": 9.0, "min_child_weight": 4213.468395795935, "num_boost_round": 3.0, "subsample": 0.30591832108805106}, "datetime": {"datetime": "2024-01-20 13:39:25", "elapsed": 858.012809, "delta": 0.001475}}
{"target": -10.475686213736415, "params": {"colsample_bytree": 0.9988137020677588, "eta": 0.006220568684565648, "gamma": 320.54545679699464, "max_depth": 9.0, "min_child_weight": 4213.468395795935, "num_boost_round": 4.0, "subsample": 0.30591832108805106}, "datetime": {"datetime": "2024-01-20 13:39:25", "elapsed": 858.014232, "delta": 0.001423}}
{"target": -10.475576645808985, "params": {"colsample_bytree": 0.9988137020677588, "eta": 0.006220568684565648, "gamma": 320.54545679699464, "max_depth": 9.0, "min_child_weight": 4213.468395795935, "num_boost_round": 5.0, "subsample": 0.30591832108805106}, "datetime": {"datetime": "2024-01-20 13:39:25", "elapsed": 858.015996, "delta": 0.001764}}
{"target": -10.475486846113242, "params": {"colsample_bytree": 0.9988137020677588, "eta": 0.006220568684565648, "gamma": 320.54545679699464, "max_depth": 9.0, "min_child_weight": 4213.468395795935, "num_boost_round": 6.0, "subsample": 0.30591832108805106}, "datetime": {"datetime": "2024-01-20 13:39:25", "elapsed": 858.017304, "delta": 0.001308}}
