{"target": -13.762232635427917, "params": {"colsample_bytree": 0.7170848400916765, "eta": 0.07461533149984721, "gamma": 756.5237105988502, "max_depth": 8.0, "min_child_weight": 4731.199210636872, "num_boost_round": 14.0, "subsample": 0.798397226735021}, "datetime": {"datetime": "2024-01-20 15:17:41", "elapsed": 3222.849052, "delta": 0.001831}}
{"target": -13.764120363866287, "params": {"colsample_bytree": 0.7170848400916765, "eta": 0.07461533149984721, "gamma": 756.5237105988502, "max_depth": 8.0, "min_child_weight": 4731.199210636872, "num_boost_round": 15.0, "subsample": 0.798397226735021}, "datetime": {"datetime": "2024-01-20 15:17:41", "elapsed": 3222.850872, "delta": 0.00182}}
{"target": -13.765816555817853, "params": {"colsample_bytree": 0.7170848400916765, "eta": 0.07461533149984721, "gamma": 756.5237105988502, "max_depth": 8.0, "min_child_weight": 4731.199210636872, "num_boost_round": 16.0, "subsample": 0.798397226735021}, "datetime": {"datetime": "2024-01-20 15:17:41", "elapsed": 3222.852784, "delta": 0.001912}}
{"target": -13.767491337328863, "params": {"colsample_bytree": 0.7170848400916765, "eta": 0.07461533149984721, "gamma": 756.5237105988502, "max_depth": 8.0, "min_child_weight": 4731.199210636872, "num_boost_round": 17.0, "subsample": 0.798397226735021}, "datetime": {"datetime": "2024-01-20 15:17:41", "elapsed": 3222.854625, "delta": 0.001841}}
{"target": -13.768493518074223, "params": {"colsample_bytree": 0.7170848400916765, "eta": 0.07461533149984721, "gamma": 756.5237105988502, "max_depth": 8.0, "min_child_weight": 4731.199210636872, "num_boost_round": 18.0, "subsample": 0.798397226735021}, "datetime": {"datetime": "2024-01-20 15:17:41", "elapsed": 3222.856452, "delta": 0.001827}}
{"target": -13.77020351505705, "params": {"colsample_bytree": 0.7170848400916765, "eta": 0.07461533149984721, "gamma": 756.5237105988502, "max_depth": 8.0, "min_child_weight": 4731.199210636872, "num_boost_round": 19.0, "subsample": 0.798397226735021}, "datetime": {"datetime": "2024-01-20 15:17:41", "elapsed": 3222.858273, "delta": 0.001821}}
{"target": -13.771706289459951, "params": {"colsample_bytree": 0.7170848400916765, "eta": 0.07461533149984721, "gamma": 756.5237105988502, "max_depth": 8.0, "min_child_weight": 4731.199210636872, "num_boost_round": 20.0, "subsample": 0.798397226735021}, "datetime": {"datetime": "2024-01-20 15:17:41", "elapsed": 3222.860092, "delta": 0.001819}}
{"target": -13.77289348281177, "params": {"colsample_bytree": 0.7170848400916765, "eta": 0.07461533149984721, "gamma": 756.5237105988502, "max_depth": 8.0, "min_child_weight": 4731.199210636872, "num_boost_round": 21.0, "subsample": 0.798397226735021}, "datetime": {"datetime": "2024-01-20 15:17:41", "elapsed": 3222.861913, "delta": 0.001821}}
{"target": -13.773800456601885, "params": {"colsample_bytree": 0.7170848400916765, "eta": 0.07461533149984721, "gamma": 756.5237105988502, "max_depth": 8.0, "min_child_weight": 4731.199210636872, "num_boost_round": 22.0, "subsample": 0.798397226735021}, "datetime": {"datetime": "2024-01-20 15:17:41", "elapsed": 3222.863908, "delta": 0.001995}}
{"target": -13.774792050069905, "params": {"colsample_bytree": 0.7170848400916765, "eta": 0.07461533149984721, "gamma": 756.5237105988502, "max_depth": 8.0, "min_child_weight": 4731.199210636872, "num_boost_round": 23.0, "subsample": 0.798397226735021}, "datetime": {"datetime": "2024-01-20 15:17:41", "elapsed": 3222.865937, "delta": 0.002029}}
{"target": -13.776878394507387, "params": {"colsample_bytree": 0.7170848400916765, "eta": 0.07461533149984721, "gamma": 756.5237105988502, "max_depth": 8.0, "min_child_weight": 4731.199210636872, "num_boost_round": 24.0, "subsample": 0.798397226735021}, "datetime": {"datetime": "2024-01-20 15:17:41", "elapsed": 3222.867908, "delta": 0.001971}}
{"target": -13.777945399058268, "params": {"colsample_bytree": 0.7170848400916765, "eta": 0.07461533149984721, "gamma": 756.5237105988502, "max_depth": 8.0, "min_child_weight": 4731.199210636872, "num_boost_round": 25.0, "subsample": 0.798397226735021}, "datetime": {"datetime": "2024-01-20 15:17:41", "elapsed": 3222.869893, "delta": 0.001985}}
{"target": -13.779040869497896, "params": {"colsample_bytree": 0.7170848400916765, "eta": 0.07461533149984721, "gamma": 756.5237105988502, "max_depth": 8.0, "min_child_weight": 4731.199210636872, "num_boost_round": 26.0, "subsample": 0.798397226735021}, "datetime": {"datetime": "2024-01-20 15:17:41", "elapsed": 3222.87175, "delta": 0.001857}}
{"target": -13.780904918836173, "params": {"colsample_bytree": 0.7170848400916765, "eta": 0.07461533149984721, "gamma": 756.5237105988502, "max_depth": 8.0, "min_child_weight": 4731.199210636872, "num_boost_round": 27.0, "subsample": 0.798397226735021}, "datetime": {"datetime": "2024-01-20 15:17:41", "elapsed": 3222.873591, "delta": 0.001841}}
{"target": -13.781480734788097, "params": {"colsample_bytree": 0.7170848400916765, "eta": 0.07461533149984721, "gamma": 756.5237105988502, "max_depth": 8.0, "min_child_weight": 4731.199210636872, "num_boost_round": 28.0, "subsample": 0.798397226735021}, "datetime": {"datetime": "2024-01-20 15:17:41", "elapsed": 3222.875426, "delta": 0.001835}}
{"target": -13.78309064334092, "params": {"colsample_bytree": 0.7170848400916765, "eta": 0.07461533149984721, "gamma": 756.5237105988502, "max_depth": 8.0, "min_child_weight": 4731.199210636872, "num_boost_round": 29.0, "subsample": 0.798397226735021}, "datetime": {"datetime": "2024-01-20 15:17:41", "elapsed": 3222.877391, "delta": 0.001965}}
{"target": -13.783377289967817, "params": {"colsample_bytree": 0.7170848400916765, "eta": 0.07461533149984721, "gamma": 756.5237105988502, "max_depth": 8.0, "min_child_weight": 4731.199210636872, "num_boost_round": 30.0, "subsample": 0.798397226735021}, "datetime": {"datetime": "2024-01-20 15:17:41", "elapsed": 3222.879283, "delta": 0.001892}}
{"target": -13.784382147359704, "params": {"colsample_bytree": 0.7170848400916765, "eta": 0.07461533149984721, "gamma": 756.5237105988502, "max_depth": 8.0, "min_child_weight": 4731.199210636872, "num_boost_round": 31.0, "subsample": 0.798397226735021}, "datetime": {"datetime": "2024-01-20 15:17:41", "elapsed": 3222.881186, "delta": 0.001903}}
{"target": -13.7861993280438, "params": {"colsample_bytree": 0.7170848400916765, "eta": 0.07461533149984721, "gamma": 756.5237105988502, "max_depth": 8.0, "min_child_weight": 4731.199210636872, "num_boost_round": 32.0, "subsample": 0.798397226735021}, "datetime": {"datetime": "2024-01-20 15:17:41", "elapsed": 3222.883065, "delta": 0.001879}}
{"target": -13.786641768711693, "params": {"colsample_bytree": 0.7170848400916765, "eta": 0.07461533149984721, "gamma": 756.5237105988502, "max_depth": 8.0, "min_child_weight": 4731.199210636872, "num_boost_round": 33.0, "subsample": 0.798397226735021}, "datetime": {"datetime": "2024-01-20 15:17:41", "elapsed": 3222.884949, "delta": 0.001884}}
{"target": -13.787318550005828, "params": {"colsample_bytree": 0.7170848400916765, "eta": 0.07461533149984721, "gamma": 756.5237105988502, "max_depth": 8.0, "min_child_weight": 4731.199210636872, "num_boost_round": 34.0, "subsample": 0.798397226735021}, "datetime": {"datetime": "2024-01-20 15:17:42", "elapsed": 3222.886848, "delta": 0.001899}}
{"target": -13.788360986103338, "params": {"colsample_bytree": 0.7170848400916765, "eta": 0.07461533149984721, "gamma": 756.5237105988502, "max_depth": 8.0, "min_child_weight": 4731.199210636872, "num_boost_round": 35.0, "subsample": 0.798397226735021}, "datetime": {"datetime": "2024-01-20 15:17:42", "elapsed": 3222.888745, "delta": 0.001897}}
{"target": -13.78971617313321, "params": {"colsample_bytree": 0.7170848400916765, "eta": 0.07461533149984721, "gamma": 756.5237105988502, "max_depth": 8.0, "min_child_weight": 4731.199210636872, "num_boost_round": 36.0, "subsample": 0.798397226735021}, "datetime": {"datetime": "2024-01-20 15:17:42", "elapsed": 3222.89065, "delta": 0.001905}}
{"target": -13.790626549415913, "params": {"colsample_bytree": 0.7170848400916765, "eta": 0.07461533149984721, "gamma": 756.5237105988502, "max_depth": 8.0, "min_child_weight": 4731.199210636872, "num_boost_round": 37.0, "subsample": 0.798397226735021}, "datetime": {"datetime": "2024-01-20 15:17:42", "elapsed": 3222.892533, "delta": 0.001883}}
{"target": -13.791484598519391, "params": {"colsample_bytree": 0.7170848400916765, "eta": 0.07461533149984721, "gamma": 756.5237105988502, "max_depth": 8.0, "min_child_weight": 4731.199210636872, "num_boost_round": 38.0, "subsample": 0.798397226735021}, "datetime": {"datetime": "2024-01-20 15:17:42", "elapsed": 3222.894408, "delta": 0.001875}}
{"target": -13.792245390882787, "params": {"colsample_bytree": 0.7170848400916765, "eta": 0.07461533149984721, "gamma": 756.5237105988502, "max_depth": 8.0, "min_child_weight": 4731.199210636872, "num_boost_round": 39.0, "subsample": 0.798397226735021}, "datetime": {"datetime": "2024-01-20 15:17:42", "elapsed": 3222.896304, "delta": 0.001896}}
{"target": -13.793178788543674, "params": {"colsample_bytree": 0.7170848400916765, "eta": 0.07461533149984721, "gamma": 756.5237105988502, "max_depth": 8.0, "min_child_weight": 4731.199210636872, "num_boost_round": 40.0, "subsample": 0.798397226735021}, "datetime": {"datetime": "2024-01-20 15:17:42", "elapsed": 3222.898219, "delta": 0.001915}}
{"target": -13.794423608892135, "params": {"colsample_bytree": 0.7170848400916765, "eta": 0.07461533149984721, "gamma": 756.5237105988502, "max_depth": 8.0, "min_child_weight": 4731.199210636872, "num_boost_round": 41.0, "subsample": 0.798397226735021}, "datetime": {"datetime": "2024-01-20 15:17:42", "elapsed": 3222.9001, "delta": 0.001881}}
{"target": -13.794771504223156, "params": {"colsample_bytree": 0.7170848400916765, "eta": 0.07461533149984721, "gamma": 756.5237105988502, "max_depth": 8.0, "min_child_weight": 4731.199210636872, "num_boost_round": 42.0, "subsample": 0.798397226735021}, "datetime": {"datetime": "2024-01-20 15:17:42", "elapsed": 3222.902007, "delta": 0.001907}}
{"target": -13.79563598550013, "params": {"colsample_bytree": 0.7170848400916765, "eta": 0.07461533149984721, "gamma": 756.5237105988502, "max_depth": 8.0, "min_child_weight": 4731.199210636872, "num_boost_round": 43.0, "subsample": 0.798397226735021}, "datetime": {"datetime": "2024-01-20 15:17:42", "elapsed": 3222.903948, "delta": 0.001941}}
{"target": -13.796592715171, "params": {"colsample_bytree": 0.7170848400916765, "eta": 0.07461533149984721, "gamma": 756.5237105988502, "max_depth": 8.0, "min_child_weight": 4731.199210636872, "num_boost_round": 44.0, "subsample": 0.798397226735021}, "datetime": {"datetime": "2024-01-20 15:17:42", "elapsed": 3222.90583, "delta": 0.001882}}
{"target": -13.732048413397592, "params": {"colsample_bytree": 0.49448565205910333, "eta": 0.06411597758861565, "gamma": 195.71993951024126, "max_depth": 5.0, "min_child_weight": 4030.9513842775364, "num_boost_round": 1.0, "subsample": 0.6395534807719732}, "datetime": {"datetime": "2024-01-20 15:17:57", "elapsed": 3238.112634, "delta": 15.206804}}
{"target": -13.731716254661855, "params": {"colsample_bytree": 0.3432687916249469, "eta": 0.08244215341044171, "gamma": 922.0498170296268, "max_depth": 2.0, "min_child_weight": 3991.2101028509815, "num_boost_round": 1.0, "subsample": 0.8645253576401907}, "datetime": {"datetime": "2024-01-20 15:18:12", "elapsed": 3252.991202, "delta": 14.878568}}
{"target": -13.73130791855694, "params": {"colsample_bytree": 0.5216138685065091, "eta": 0.032321201435455235, "gamma": 490.66248831906546, "max_depth": 2.0, "min_child_weight": 3961.917448945851, "num_boost_round": 1.0, "subsample": 0.6066228487186659}, "datetime": {"datetime": "2024-01-20 15:18:33", "elapsed": 3274.180924, "delta": 21.189722}}
{"target": -13.73153133157694, "params": {"colsample_bytree": 0.5216138685065091, "eta": 0.032321201435455235, "gamma": 490.66248831906546, "max_depth": 2.0, "min_child_weight": 3961.917448945851, "num_boost_round": 2.0, "subsample": 0.6066228487186659}, "datetime": {"datetime": "2024-01-20 15:18:33", "elapsed": 3274.185053, "delta": 0.004129}}
{"target": -13.73198306196456, "params": {"colsample_bytree": 0.5216138685065091, "eta": 0.032321201435455235, "gamma": 490.66248831906546, "max_depth": 2.0, "min_child_weight": 3961.917448945851, "num_boost_round": 3.0, "subsample": 0.6066228487186659}, "datetime": {"datetime": "2024-01-20 15:18:33", "elapsed": 3274.187372, "delta": 0.002319}}
{"target": -13.732492137343684, "params": {"colsample_bytree": 0.5216138685065091, "eta": 0.032321201435455235, "gamma": 490.66248831906546, "max_depth": 2.0, "min_child_weight": 3961.917448945851, "num_boost_round": 4.0, "subsample": 0.6066228487186659}, "datetime": {"datetime": "2024-01-20 15:18:33", "elapsed": 3274.189555, "delta": 0.002183}}
{"target": -13.73279125851284, "params": {"colsample_bytree": 0.5216138685065091, "eta": 0.032321201435455235, "gamma": 490.66248831906546, "max_depth": 2.0, "min_child_weight": 3961.917448945851, "num_boost_round": 5.0, "subsample": 0.6066228487186659}, "datetime": {"datetime": "2024-01-20 15:18:33", "elapsed": 3274.191697, "delta": 0.002142}}
{"target": -13.733385275356198, "params": {"colsample_bytree": 0.5216138685065091, "eta": 0.032321201435455235, "gamma": 490.66248831906546, "max_depth": 2.0, "min_child_weight": 3961.917448945851, "num_boost_round": 6.0, "subsample": 0.6066228487186659}, "datetime": {"datetime": "2024-01-20 15:18:33", "elapsed": 3274.193799, "delta": 0.002102}}
{"target": -13.733776723688809, "params": {"colsample_bytree": 0.5216138685065091, "eta": 0.032321201435455235, "gamma": 490.66248831906546, "max_depth": 2.0, "min_child_weight": 3961.917448945851, "num_boost_round": 7.0, "subsample": 0.6066228487186659}, "datetime": {"datetime": "2024-01-20 15:18:33", "elapsed": 3274.195755, "delta": 0.001956}}
{"target": -13.734236465326823, "params": {"colsample_bytree": 0.5216138685065091, "eta": 0.032321201435455235, "gamma": 490.66248831906546, "max_depth": 2.0, "min_child_weight": 3961.917448945851, "num_boost_round": 8.0, "subsample": 0.6066228487186659}, "datetime": {"datetime": "2024-01-20 15:18:33", "elapsed": 3274.1977, "delta": 0.001945}}
{"target": -13.731345450377825, "params": {"colsample_bytree": 0.28472987505732966, "eta": 0.043000897244479364, "gamma": 946.0973835115004, "max_depth": 9.0, "min_child_weight": 4520.5704847309225, "num_boost_round": 1.0, "subsample": 0.24990947604497663}, "datetime": {"datetime": "2024-01-20 15:18:59", "elapsed": 3300.238811, "delta": 26.041111}}
{"target": -13.731699456158273, "params": {"colsample_bytree": 0.28472987505732966, "eta": 0.043000897244479364, "gamma": 946.0973835115004, "max_depth": 9.0, "min_child_weight": 4520.5704847309225, "num_boost_round": 2.0, "subsample": 0.24990947604497663}, "datetime": {"datetime": "2024-01-20 15:18:59", "elapsed": 3300.241251, "delta": 0.00244}}
{"target": -13.732184927340878, "params": {"colsample_bytree": 0.28472987505732966, "eta": 0.043000897244479364, "gamma": 946.0973835115004, "max_depth": 9.0, "min_child_weight": 4520.5704847309225, "num_boost_round": 3.0, "subsample": 0.24990947604497663}, "datetime": {"datetime": "2024-01-20 15:18:59", "elapsed": 3300.243314, "delta": 0.002063}}
{"target": -13.732496623791471, "params": {"colsample_bytree": 0.28472987505732966, "eta": 0.043000897244479364, "gamma": 946.0973835115004, "max_depth": 9.0, "min_child_weight": 4520.5704847309225, "num_boost_round": 4.0, "subsample": 0.24990947604497663}, "datetime": {"datetime": "2024-01-20 15:18:59", "elapsed": 3300.245704, "delta": 0.00239}}
{"target": -13.73330845841043, "params": {"colsample_bytree": 0.28472987505732966, "eta": 0.043000897244479364, "gamma": 946.0973835115004, "max_depth": 9.0, "min_child_weight": 4520.5704847309225, "num_boost_round": 5.0, "subsample": 0.24990947604497663}, "datetime": {"datetime": "2024-01-20 15:18:59", "elapsed": 3300.247637, "delta": 0.001933}}
{"target": -13.733830387688634, "params": {"colsample_bytree": 0.28472987505732966, "eta": 0.043000897244479364, "gamma": 946.0973835115004, "max_depth": 9.0, "min_child_weight": 4520.5704847309225, "num_boost_round": 6.0, "subsample": 0.24990947604497663}, "datetime": {"datetime": "2024-01-20 15:18:59", "elapsed": 3300.24952, "delta": 0.001883}}
{"target": -13.734287795362391, "params": {"colsample_bytree": 0.28472987505732966, "eta": 0.043000897244479364, "gamma": 946.0973835115004, "max_depth": 9.0, "min_child_weight": 4520.5704847309225, "num_boost_round": 7.0, "subsample": 0.24990947604497663}, "datetime": {"datetime": "2024-01-20 15:18:59", "elapsed": 3300.251411, "delta": 0.001891}}
{"target": -13.734499195506666, "params": {"colsample_bytree": 0.28472987505732966, "eta": 0.043000897244479364, "gamma": 946.0973835115004, "max_depth": 9.0, "min_child_weight": 4520.5704847309225, "num_boost_round": 8.0, "subsample": 0.24990947604497663}, "datetime": {"datetime": "2024-01-20 15:18:59", "elapsed": 3300.253389, "delta": 0.001978}}
{"target": -13.734920208278483, "params": {"colsample_bytree": 0.28472987505732966, "eta": 0.043000897244479364, "gamma": 946.0973835115004, "max_depth": 9.0, "min_child_weight": 4520.5704847309225, "num_boost_round": 9.0, "subsample": 0.24990947604497663}, "datetime": {"datetime": "2024-01-20 15:18:59", "elapsed": 3300.255264, "delta": 0.001875}}
{"target": -13.73512901570601, "params": {"colsample_bytree": 0.28472987505732966, "eta": 0.043000897244479364, "gamma": 946.0973835115004, "max_depth": 9.0, "min_child_weight": 4520.5704847309225, "num_boost_round": 10.0, "subsample": 0.24990947604497663}, "datetime": {"datetime": "2024-01-20 15:18:59", "elapsed": 3300.257129, "delta": 0.001865}}
{"target": -13.735782684199762, "params": {"colsample_bytree": 0.28472987505732966, "eta": 0.043000897244479364, "gamma": 946.0973835115004, "max_depth": 9.0, "min_child_weight": 4520.5704847309225, "num_boost_round": 11.0, "subsample": 0.24990947604497663}, "datetime": {"datetime": "2024-01-20 15:18:59", "elapsed": 3300.259004, "delta": 0.001875}}
{"target": -13.736106019799536, "params": {"colsample_bytree": 0.28472987505732966, "eta": 0.043000897244479364, "gamma": 946.0973835115004, "max_depth": 9.0, "min_child_weight": 4520.5704847309225, "num_boost_round": 12.0, "subsample": 0.24990947604497663}, "datetime": {"datetime": "2024-01-20 15:18:59", "elapsed": 3300.260866, "delta": 0.001862}}
{"target": -13.73664032595095, "params": {"colsample_bytree": 0.28472987505732966, "eta": 0.043000897244479364, "gamma": 946.0973835115004, "max_depth": 9.0, "min_child_weight": 4520.5704847309225, "num_boost_round": 13.0, "subsample": 0.24990947604497663}, "datetime": {"datetime": "2024-01-20 15:18:59", "elapsed": 3300.262745, "delta": 0.001879}}
{"target": -13.737160810341308, "params": {"colsample_bytree": 0.28472987505732966, "eta": 0.043000897244479364, "gamma": 946.0973835115004, "max_depth": 9.0, "min_child_weight": 4520.5704847309225, "num_boost_round": 14.0, "subsample": 0.24990947604497663}, "datetime": {"datetime": "2024-01-20 15:18:59", "elapsed": 3300.264765, "delta": 0.00202}}
{"target": -13.737788944012191, "params": {"colsample_bytree": 0.28472987505732966, "eta": 0.043000897244479364, "gamma": 946.0973835115004, "max_depth": 9.0, "min_child_weight": 4520.5704847309225, "num_boost_round": 15.0, "subsample": 0.24990947604497663}, "datetime": {"datetime": "2024-01-20 15:18:59", "elapsed": 3300.266638, "delta": 0.001873}}
{"target": -13.73843532981252, "params": {"colsample_bytree": 0.28472987505732966, "eta": 0.043000897244479364, "gamma": 946.0973835115004, "max_depth": 9.0, "min_child_weight": 4520.5704847309225, "num_boost_round": 16.0, "subsample": 0.24990947604497663}, "datetime": {"datetime": "2024-01-20 15:18:59", "elapsed": 3300.26856, "delta": 0.001922}}
{"target": -13.738954057959162, "params": {"colsample_bytree": 0.28472987505732966, "eta": 0.043000897244479364, "gamma": 946.0973835115004, "max_depth": 9.0, "min_child_weight": 4520.5704847309225, "num_boost_round": 17.0, "subsample": 0.24990947604497663}, "datetime": {"datetime": "2024-01-20 15:18:59", "elapsed": 3300.270455, "delta": 0.001895}}
{"target": -13.73922960449006, "params": {"colsample_bytree": 0.28472987505732966, "eta": 0.043000897244479364, "gamma": 946.0973835115004, "max_depth": 9.0, "min_child_weight": 4520.5704847309225, "num_boost_round": 18.0, "subsample": 0.24990947604497663}, "datetime": {"datetime": "2024-01-20 15:18:59", "elapsed": 3300.272346, "delta": 0.001891}}
{"target": -13.739713685595216, "params": {"colsample_bytree": 0.28472987505732966, "eta": 0.043000897244479364, "gamma": 946.0973835115004, "max_depth": 9.0, "min_child_weight": 4520.5704847309225, "num_boost_round": 19.0, "subsample": 0.24990947604497663}, "datetime": {"datetime": "2024-01-20 15:18:59", "elapsed": 3300.274318, "delta": 0.001972}}
{"target": -13.731818655497012, "params": {"colsample_bytree": 0.31155043405828686, "eta": 0.050330775029667096, "gamma": 923.8757721243139, "max_depth": 9.0, "min_child_weight": 4199.673858206725, "num_boost_round": 1.0, "subsample": 0.94663531384229}, "datetime": {"datetime": "2024-01-20 15:19:18", "elapsed": 3319.344575, "delta": 19.070257}}
{"target": -13.73124104096047, "params": {"colsample_bytree": 0.36298685379743567, "eta": 0.056081796215580924, "gamma": 349.0751345117461, "max_depth": 2.0, "min_child_weight": 4184.54071356944, "num_boost_round": 1.0, "subsample": 0.5118024501510333}, "datetime": {"datetime": "2024-01-20 15:19:34", "elapsed": 3335.774727, "delta": 16.430152}}
{"target": -13.73157272771266, "params": {"colsample_bytree": 0.36298685379743567, "eta": 0.056081796215580924, "gamma": 349.0751345117461, "max_depth": 2.0, "min_child_weight": 4184.54071356944, "num_boost_round": 2.0, "subsample": 0.5118024501510333}, "datetime": {"datetime": "2024-01-20 15:19:34", "elapsed": 3335.777608, "delta": 0.002881}}
