{"target": -15.156692790839358, "params": {"colsample_bytree": 0.5976085822198519, "eta": 0.012519918488015539, "gamma": 600.0589507194479, "max_depth": 8.0, "min_child_weight": 4212.738673732664, "num_boost_round": 38.0, "subsample": 0.389977320347504}, "datetime": {"datetime": "2024-01-20 15:54:32", "elapsed": 5429.843507, "delta": 0.005558}}
{"target": -15.156501418198712, "params": {"colsample_bytree": 0.5976085822198519, "eta": 0.012519918488015539, "gamma": 600.0589507194479, "max_depth": 8.0, "min_child_weight": 4212.738673732664, "num_boost_round": 39.0, "subsample": 0.389977320347504}, "datetime": {"datetime": "2024-01-20 15:54:32", "elapsed": 5429.849034, "delta": 0.005527}}
{"target": -15.156241773590517, "params": {"colsample_bytree": 0.5976085822198519, "eta": 0.012519918488015539, "gamma": 600.0589507194479, "max_depth": 8.0, "min_child_weight": 4212.738673732664, "num_boost_round": 40.0, "subsample": 0.389977320347504}, "datetime": {"datetime": "2024-01-20 15:54:32", "elapsed": 5429.858615, "delta": 0.009581}}
{"target": -15.156113754100456, "params": {"colsample_bytree": 0.5976085822198519, "eta": 0.012519918488015539, "gamma": 600.0589507194479, "max_depth": 8.0, "min_child_weight": 4212.738673732664, "num_boost_round": 41.0, "subsample": 0.389977320347504}, "datetime": {"datetime": "2024-01-20 15:54:32", "elapsed": 5429.864458, "delta": 0.005843}}
{"target": -15.155834641951522, "params": {"colsample_bytree": 0.5976085822198519, "eta": 0.012519918488015539, "gamma": 600.0589507194479, "max_depth": 8.0, "min_child_weight": 4212.738673732664, "num_boost_round": 42.0, "subsample": 0.389977320347504}, "datetime": {"datetime": "2024-01-20 15:54:32", "elapsed": 5429.869726, "delta": 0.005268}}
{"target": -15.155637019581533, "params": {"colsample_bytree": 0.5976085822198519, "eta": 0.012519918488015539, "gamma": 600.0589507194479, "max_depth": 8.0, "min_child_weight": 4212.738673732664, "num_boost_round": 43.0, "subsample": 0.389977320347504}, "datetime": {"datetime": "2024-01-20 15:54:32", "elapsed": 5429.875096, "delta": 0.00537}}
{"target": -15.15541683008388, "params": {"colsample_bytree": 0.5976085822198519, "eta": 0.012519918488015539, "gamma": 600.0589507194479, "max_depth": 8.0, "min_child_weight": 4212.738673732664, "num_boost_round": 44.0, "subsample": 0.389977320347504}, "datetime": {"datetime": "2024-01-20 15:54:32", "elapsed": 5429.880433, "delta": 0.005337}}
{"target": -15.155329492443691, "params": {"colsample_bytree": 0.5976085822198519, "eta": 0.012519918488015539, "gamma": 600.0589507194479, "max_depth": 8.0, "min_child_weight": 4212.738673732664, "num_boost_round": 45.0, "subsample": 0.389977320347504}, "datetime": {"datetime": "2024-01-20 15:54:32", "elapsed": 5429.886204, "delta": 0.005771}}
{"target": -15.15493136637172, "params": {"colsample_bytree": 0.5976085822198519, "eta": 0.012519918488015539, "gamma": 600.0589507194479, "max_depth": 8.0, "min_child_weight": 4212.738673732664, "num_boost_round": 46.0, "subsample": 0.389977320347504}, "datetime": {"datetime": "2024-01-20 15:54:32", "elapsed": 5429.893734, "delta": 0.00753}}
{"target": -15.154943365363383, "params": {"colsample_bytree": 0.5976085822198519, "eta": 0.012519918488015539, "gamma": 600.0589507194479, "max_depth": 8.0, "min_child_weight": 4212.738673732664, "num_boost_round": 47.0, "subsample": 0.389977320347504}, "datetime": {"datetime": "2024-01-20 15:54:32", "elapsed": 5429.900766, "delta": 0.007032}}
{"target": -15.154944478445206, "params": {"colsample_bytree": 0.5976085822198519, "eta": 0.012519918488015539, "gamma": 600.0589507194479, "max_depth": 8.0, "min_child_weight": 4212.738673732664, "num_boost_round": 48.0, "subsample": 0.389977320347504}, "datetime": {"datetime": "2024-01-20 15:54:32", "elapsed": 5429.906414, "delta": 0.005648}}
{"target": -15.154972670099124, "params": {"colsample_bytree": 0.5976085822198519, "eta": 0.012519918488015539, "gamma": 600.0589507194479, "max_depth": 8.0, "min_child_weight": 4212.738673732664, "num_boost_round": 49.0, "subsample": 0.389977320347504}, "datetime": {"datetime": "2024-01-20 15:54:32", "elapsed": 5429.911915, "delta": 0.005501}}
{"target": -15.154831120503864, "params": {"colsample_bytree": 0.5976085822198519, "eta": 0.012519918488015539, "gamma": 600.0589507194479, "max_depth": 8.0, "min_child_weight": 4212.738673732664, "num_boost_round": 50.0, "subsample": 0.389977320347504}, "datetime": {"datetime": "2024-01-20 15:54:32", "elapsed": 5429.917409, "delta": 0.005494}}
{"target": -15.15463542473164, "params": {"colsample_bytree": 0.5976085822198519, "eta": 0.012519918488015539, "gamma": 600.0589507194479, "max_depth": 8.0, "min_child_weight": 4212.738673732664, "num_boost_round": 51.0, "subsample": 0.389977320347504}, "datetime": {"datetime": "2024-01-20 15:54:32", "elapsed": 5429.923037, "delta": 0.005628}}
{"target": -15.154506429217571, "params": {"colsample_bytree": 0.5976085822198519, "eta": 0.012519918488015539, "gamma": 600.0589507194479, "max_depth": 8.0, "min_child_weight": 4212.738673732664, "num_boost_round": 52.0, "subsample": 0.389977320347504}, "datetime": {"datetime": "2024-01-20 15:54:32", "elapsed": 5429.928919, "delta": 0.005882}}
{"target": -15.154241862538862, "params": {"colsample_bytree": 0.5976085822198519, "eta": 0.012519918488015539, "gamma": 600.0589507194479, "max_depth": 8.0, "min_child_weight": 4212.738673732664, "num_boost_round": 53.0, "subsample": 0.389977320347504}, "datetime": {"datetime": "2024-01-20 15:54:32", "elapsed": 5429.935176, "delta": 0.006257}}
{"target": -15.154143691145542, "params": {"colsample_bytree": 0.5976085822198519, "eta": 0.012519918488015539, "gamma": 600.0589507194479, "max_depth": 8.0, "min_child_weight": 4212.738673732664, "num_boost_round": 54.0, "subsample": 0.389977320347504}, "datetime": {"datetime": "2024-01-20 15:54:32", "elapsed": 5429.942086, "delta": 0.00691}}
{"target": -15.154163955369558, "params": {"colsample_bytree": 0.5976085822198519, "eta": 0.012519918488015539, "gamma": 600.0589507194479, "max_depth": 8.0, "min_child_weight": 4212.738673732664, "num_boost_round": 55.0, "subsample": 0.389977320347504}, "datetime": {"datetime": "2024-01-20 15:54:32", "elapsed": 5429.949586, "delta": 0.0075}}
{"target": -15.153951411068924, "params": {"colsample_bytree": 0.5976085822198519, "eta": 0.012519918488015539, "gamma": 600.0589507194479, "max_depth": 8.0, "min_child_weight": 4212.738673732664, "num_boost_round": 56.0, "subsample": 0.389977320347504}, "datetime": {"datetime": "2024-01-20 15:54:32", "elapsed": 5429.955685, "delta": 0.006099}}
{"target": -15.153687958223767, "params": {"colsample_bytree": 0.5976085822198519, "eta": 0.012519918488015539, "gamma": 600.0589507194479, "max_depth": 8.0, "min_child_weight": 4212.738673732664, "num_boost_round": 57.0, "subsample": 0.389977320347504}, "datetime": {"datetime": "2024-01-20 15:54:32", "elapsed": 5429.961075, "delta": 0.00539}}
{"target": -15.153598667050561, "params": {"colsample_bytree": 0.5976085822198519, "eta": 0.012519918488015539, "gamma": 600.0589507194479, "max_depth": 8.0, "min_child_weight": 4212.738673732664, "num_boost_round": 58.0, "subsample": 0.389977320347504}, "datetime": {"datetime": "2024-01-20 15:54:32", "elapsed": 5429.966399, "delta": 0.005324}}
{"target": -15.153456473636867, "params": {"colsample_bytree": 0.5976085822198519, "eta": 0.012519918488015539, "gamma": 600.0589507194479, "max_depth": 8.0, "min_child_weight": 4212.738673732664, "num_boost_round": 59.0, "subsample": 0.389977320347504}, "datetime": {"datetime": "2024-01-20 15:54:32", "elapsed": 5429.971721, "delta": 0.005322}}
{"target": -15.153372466297828, "params": {"colsample_bytree": 0.5976085822198519, "eta": 0.012519918488015539, "gamma": 600.0589507194479, "max_depth": 8.0, "min_child_weight": 4212.738673732664, "num_boost_round": 60.0, "subsample": 0.389977320347504}, "datetime": {"datetime": "2024-01-20 15:54:32", "elapsed": 5429.977068, "delta": 0.005347}}
{"target": -15.153179751992194, "params": {"colsample_bytree": 0.5976085822198519, "eta": 0.012519918488015539, "gamma": 600.0589507194479, "max_depth": 8.0, "min_child_weight": 4212.738673732664, "num_boost_round": 61.0, "subsample": 0.389977320347504}, "datetime": {"datetime": "2024-01-20 15:54:32", "elapsed": 5429.982437, "delta": 0.005369}}
{"target": -15.153063482984713, "params": {"colsample_bytree": 0.5976085822198519, "eta": 0.012519918488015539, "gamma": 600.0589507194479, "max_depth": 8.0, "min_child_weight": 4212.738673732664, "num_boost_round": 62.0, "subsample": 0.389977320347504}, "datetime": {"datetime": "2024-01-20 15:54:32", "elapsed": 5429.987832, "delta": 0.005395}}
{"target": -15.152663742318591, "params": {"colsample_bytree": 0.5976085822198519, "eta": 0.012519918488015539, "gamma": 600.0589507194479, "max_depth": 8.0, "min_child_weight": 4212.738673732664, "num_boost_round": 63.0, "subsample": 0.389977320347504}, "datetime": {"datetime": "2024-01-20 15:54:32", "elapsed": 5429.993548, "delta": 0.005716}}
{"target": -15.15274628372251, "params": {"colsample_bytree": 0.5976085822198519, "eta": 0.012519918488015539, "gamma": 600.0589507194479, "max_depth": 8.0, "min_child_weight": 4212.738673732664, "num_boost_round": 64.0, "subsample": 0.389977320347504}, "datetime": {"datetime": "2024-01-20 15:54:32", "elapsed": 5429.999161, "delta": 0.005613}}
{"target": -15.15258112196106, "params": {"colsample_bytree": 0.5976085822198519, "eta": 0.012519918488015539, "gamma": 600.0589507194479, "max_depth": 8.0, "min_child_weight": 4212.738673732664, "num_boost_round": 65.0, "subsample": 0.389977320347504}, "datetime": {"datetime": "2024-01-20 15:54:32", "elapsed": 5430.005279, "delta": 0.006118}}
{"target": -15.152548560036708, "params": {"colsample_bytree": 0.5976085822198519, "eta": 0.012519918488015539, "gamma": 600.0589507194479, "max_depth": 8.0, "min_child_weight": 4212.738673732664, "num_boost_round": 66.0, "subsample": 0.389977320347504}, "datetime": {"datetime": "2024-01-20 15:54:32", "elapsed": 5430.012438, "delta": 0.007159}}
{"target": -15.152596334525606, "params": {"colsample_bytree": 0.5976085822198519, "eta": 0.012519918488015539, "gamma": 600.0589507194479, "max_depth": 8.0, "min_child_weight": 4212.738673732664, "num_boost_round": 67.0, "subsample": 0.389977320347504}, "datetime": {"datetime": "2024-01-20 15:54:32", "elapsed": 5430.019558, "delta": 0.00712}}
{"target": -15.152197788066026, "params": {"colsample_bytree": 0.5976085822198519, "eta": 0.012519918488015539, "gamma": 600.0589507194479, "max_depth": 8.0, "min_child_weight": 4212.738673732664, "num_boost_round": 68.0, "subsample": 0.389977320347504}, "datetime": {"datetime": "2024-01-20 15:54:32", "elapsed": 5430.025311, "delta": 0.005753}}
{"target": -15.15213856457029, "params": {"colsample_bytree": 0.5976085822198519, "eta": 0.012519918488015539, "gamma": 600.0589507194479, "max_depth": 8.0, "min_child_weight": 4212.738673732664, "num_boost_round": 69.0, "subsample": 0.389977320347504}, "datetime": {"datetime": "2024-01-20 15:54:32", "elapsed": 5430.031822, "delta": 0.006511}}
{"target": -15.152147189443916, "params": {"colsample_bytree": 0.5976085822198519, "eta": 0.012519918488015539, "gamma": 600.0589507194479, "max_depth": 8.0, "min_child_weight": 4212.738673732664, "num_boost_round": 70.0, "subsample": 0.389977320347504}, "datetime": {"datetime": "2024-01-20 15:54:32", "elapsed": 5430.037443, "delta": 0.005621}}
{"target": -15.151973210737403, "params": {"colsample_bytree": 0.5976085822198519, "eta": 0.012519918488015539, "gamma": 600.0589507194479, "max_depth": 8.0, "min_child_weight": 4212.738673732664, "num_boost_round": 71.0, "subsample": 0.389977320347504}, "datetime": {"datetime": "2024-01-20 15:54:32", "elapsed": 5430.042851, "delta": 0.005408}}
{"target": -15.151902322141137, "params": {"colsample_bytree": 0.5976085822198519, "eta": 0.012519918488015539, "gamma": 600.0589507194479, "max_depth": 8.0, "min_child_weight": 4212.738673732664, "num_boost_round": 72.0, "subsample": 0.389977320347504}, "datetime": {"datetime": "2024-01-20 15:54:32", "elapsed": 5430.04873, "delta": 0.005879}}
{"target": -15.17063331833846, "params": {"colsample_bytree": 0.8725340265761184, "eta": 0.0867505653616999, "gamma": 627.0529884060376, "max_depth": 9.0, "min_child_weight": 4132.072009196721, "num_boost_round": 1.0, "subsample": 0.35796247590872776}, "datetime": {"datetime": "2024-01-20 15:57:02", "elapsed": 5580.293152, "delta": 150.244422}}
{"target": -15.167794016767989, "params": {"colsample_bytree": 0.8725340265761184, "eta": 0.0867505653616999, "gamma": 627.0529884060376, "max_depth": 9.0, "min_child_weight": 4132.072009196721, "num_boost_round": 2.0, "subsample": 0.35796247590872776}, "datetime": {"datetime": "2024-01-20 15:57:02", "elapsed": 5580.299621, "delta": 0.006469}}
{"target": -15.16184271242559, "params": {"colsample_bytree": 0.8725340265761184, "eta": 0.0867505653616999, "gamma": 627.0529884060376, "max_depth": 9.0, "min_child_weight": 4132.072009196721, "num_boost_round": 3.0, "subsample": 0.35796247590872776}, "datetime": {"datetime": "2024-01-20 15:57:02", "elapsed": 5580.304939, "delta": 0.005318}}
{"target": -15.160679533053388, "params": {"colsample_bytree": 0.8725340265761184, "eta": 0.0867505653616999, "gamma": 627.0529884060376, "max_depth": 9.0, "min_child_weight": 4132.072009196721, "num_boost_round": 4.0, "subsample": 0.35796247590872776}, "datetime": {"datetime": "2024-01-20 15:57:02", "elapsed": 5580.310125, "delta": 0.005186}}
{"target": -15.15659808235622, "params": {"colsample_bytree": 0.8725340265761184, "eta": 0.0867505653616999, "gamma": 627.0529884060376, "max_depth": 9.0, "min_child_weight": 4132.072009196721, "num_boost_round": 5.0, "subsample": 0.35796247590872776}, "datetime": {"datetime": "2024-01-20 15:57:02", "elapsed": 5580.315417, "delta": 0.005292}}
{"target": -15.1546834389491, "params": {"colsample_bytree": 0.8725340265761184, "eta": 0.0867505653616999, "gamma": 627.0529884060376, "max_depth": 9.0, "min_child_weight": 4132.072009196721, "num_boost_round": 6.0, "subsample": 0.35796247590872776}, "datetime": {"datetime": "2024-01-20 15:57:02", "elapsed": 5580.320697, "delta": 0.00528}}
{"target": -15.153217092317966, "params": {"colsample_bytree": 0.8725340265761184, "eta": 0.0867505653616999, "gamma": 627.0529884060376, "max_depth": 9.0, "min_child_weight": 4132.072009196721, "num_boost_round": 7.0, "subsample": 0.35796247590872776}, "datetime": {"datetime": "2024-01-20 15:57:02", "elapsed": 5580.32595, "delta": 0.005253}}
{"target": -15.152326015327652, "params": {"colsample_bytree": 0.8725340265761184, "eta": 0.0867505653616999, "gamma": 627.0529884060376, "max_depth": 9.0, "min_child_weight": 4132.072009196721, "num_boost_round": 8.0, "subsample": 0.35796247590872776}, "datetime": {"datetime": "2024-01-20 15:57:02", "elapsed": 5580.331242, "delta": 0.005292}}
{"target": -15.152547704749262, "params": {"colsample_bytree": 0.8725340265761184, "eta": 0.0867505653616999, "gamma": 627.0529884060376, "max_depth": 9.0, "min_child_weight": 4132.072009196721, "num_boost_round": 9.0, "subsample": 0.35796247590872776}, "datetime": {"datetime": "2024-01-20 15:57:02", "elapsed": 5580.336499, "delta": 0.005257}}
{"target": -15.15185740842292, "params": {"colsample_bytree": 0.8725340265761184, "eta": 0.0867505653616999, "gamma": 627.0529884060376, "max_depth": 9.0, "min_child_weight": 4132.072009196721, "num_boost_round": 10.0, "subsample": 0.35796247590872776}, "datetime": {"datetime": "2024-01-20 15:57:02", "elapsed": 5580.341988, "delta": 0.005489}}
{"target": -15.152481741467899, "params": {"colsample_bytree": 0.8725340265761184, "eta": 0.0867505653616999, "gamma": 627.0529884060376, "max_depth": 9.0, "min_child_weight": 4132.072009196721, "num_boost_round": 11.0, "subsample": 0.35796247590872776}, "datetime": {"datetime": "2024-01-20 15:57:02", "elapsed": 5580.347342, "delta": 0.005354}}
{"target": -15.152007838350045, "params": {"colsample_bytree": 0.8725340265761184, "eta": 0.0867505653616999, "gamma": 627.0529884060376, "max_depth": 9.0, "min_child_weight": 4132.072009196721, "num_boost_round": 12.0, "subsample": 0.35796247590872776}, "datetime": {"datetime": "2024-01-20 15:57:02", "elapsed": 5580.353007, "delta": 0.005665}}
{"target": -15.153810819831842, "params": {"colsample_bytree": 0.8725340265761184, "eta": 0.0867505653616999, "gamma": 627.0529884060376, "max_depth": 9.0, "min_child_weight": 4132.072009196721, "num_boost_round": 13.0, "subsample": 0.35796247590872776}, "datetime": {"datetime": "2024-01-20 15:57:02", "elapsed": 5580.35865, "delta": 0.005643}}
{"target": -15.153489333590915, "params": {"colsample_bytree": 0.8725340265761184, "eta": 0.0867505653616999, "gamma": 627.0529884060376, "max_depth": 9.0, "min_child_weight": 4132.072009196721, "num_boost_round": 14.0, "subsample": 0.35796247590872776}, "datetime": {"datetime": "2024-01-20 15:57:02", "elapsed": 5580.364576, "delta": 0.005926}}
{"target": -15.153660353497282, "params": {"colsample_bytree": 0.8725340265761184, "eta": 0.0867505653616999, "gamma": 627.0529884060376, "max_depth": 9.0, "min_child_weight": 4132.072009196721, "num_boost_round": 15.0, "subsample": 0.35796247590872776}, "datetime": {"datetime": "2024-01-20 15:57:02", "elapsed": 5580.370307, "delta": 0.005731}}
{"target": -15.154229576424783, "params": {"colsample_bytree": 0.8725340265761184, "eta": 0.0867505653616999, "gamma": 627.0529884060376, "max_depth": 9.0, "min_child_weight": 4132.072009196721, "num_boost_round": 16.0, "subsample": 0.35796247590872776}, "datetime": {"datetime": "2024-01-20 15:57:02", "elapsed": 5580.376379, "delta": 0.006072}}
{"target": -15.155091823367524, "params": {"colsample_bytree": 0.8725340265761184, "eta": 0.0867505653616999, "gamma": 627.0529884060376, "max_depth": 9.0, "min_child_weight": 4132.072009196721, "num_boost_round": 17.0, "subsample": 0.35796247590872776}, "datetime": {"datetime": "2024-01-20 15:57:02", "elapsed": 5580.381824, "delta": 0.005445}}
{"target": -15.15664669974365, "params": {"colsample_bytree": 0.8725340265761184, "eta": 0.0867505653616999, "gamma": 627.0529884060376, "max_depth": 9.0, "min_child_weight": 4132.072009196721, "num_boost_round": 18.0, "subsample": 0.35796247590872776}, "datetime": {"datetime": "2024-01-20 15:57:02", "elapsed": 5580.387064, "delta": 0.00524}}
{"target": -15.156899019585921, "params": {"colsample_bytree": 0.8725340265761184, "eta": 0.0867505653616999, "gamma": 627.0529884060376, "max_depth": 9.0, "min_child_weight": 4132.072009196721, "num_boost_round": 19.0, "subsample": 0.35796247590872776}, "datetime": {"datetime": "2024-01-20 15:57:02", "elapsed": 5580.392516, "delta": 0.005452}}
{"target": -15.157009717832103, "params": {"colsample_bytree": 0.8725340265761184, "eta": 0.0867505653616999, "gamma": 627.0529884060376, "max_depth": 9.0, "min_child_weight": 4132.072009196721, "num_boost_round": 20.0, "subsample": 0.35796247590872776}, "datetime": {"datetime": "2024-01-20 15:57:02", "elapsed": 5580.397901, "delta": 0.005385}}
{"target": -15.157613510040054, "params": {"colsample_bytree": 0.8725340265761184, "eta": 0.0867505653616999, "gamma": 627.0529884060376, "max_depth": 9.0, "min_child_weight": 4132.072009196721, "num_boost_round": 21.0, "subsample": 0.35796247590872776}, "datetime": {"datetime": "2024-01-20 15:57:02", "elapsed": 5580.403152, "delta": 0.005251}}
{"target": -15.157802476555368, "params": {"colsample_bytree": 0.8725340265761184, "eta": 0.0867505653616999, "gamma": 627.0529884060376, "max_depth": 9.0, "min_child_weight": 4132.072009196721, "num_boost_round": 22.0, "subsample": 0.35796247590872776}, "datetime": {"datetime": "2024-01-20 15:57:02", "elapsed": 5580.408356, "delta": 0.005204}}
{"target": -15.159205664699046, "params": {"colsample_bytree": 0.8725340265761184, "eta": 0.0867505653616999, "gamma": 627.0529884060376, "max_depth": 9.0, "min_child_weight": 4132.072009196721, "num_boost_round": 23.0, "subsample": 0.35796247590872776}, "datetime": {"datetime": "2024-01-20 15:57:02", "elapsed": 5580.413727, "delta": 0.005371}}
{"target": -15.16008974188497, "params": {"colsample_bytree": 0.8725340265761184, "eta": 0.0867505653616999, "gamma": 627.0529884060376, "max_depth": 9.0, "min_child_weight": 4132.072009196721, "num_boost_round": 24.0, "subsample": 0.35796247590872776}, "datetime": {"datetime": "2024-01-20 15:57:02", "elapsed": 5580.419123, "delta": 0.005396}}
{"target": -15.159630205205367, "params": {"colsample_bytree": 0.8725340265761184, "eta": 0.0867505653616999, "gamma": 627.0529884060376, "max_depth": 9.0, "min_child_weight": 4132.072009196721, "num_boost_round": 25.0, "subsample": 0.35796247590872776}, "datetime": {"datetime": "2024-01-20 15:57:02", "elapsed": 5580.424832, "delta": 0.005709}}
{"target": -15.159783533246088, "params": {"colsample_bytree": 0.8725340265761184, "eta": 0.0867505653616999, "gamma": 627.0529884060376, "max_depth": 9.0, "min_child_weight": 4132.072009196721, "num_boost_round": 26.0, "subsample": 0.35796247590872776}, "datetime": {"datetime": "2024-01-20 15:57:02", "elapsed": 5580.430459, "delta": 0.005627}}
{"target": -15.160242213922011, "params": {"colsample_bytree": 0.8725340265761184, "eta": 0.0867505653616999, "gamma": 627.0529884060376, "max_depth": 9.0, "min_child_weight": 4132.072009196721, "num_boost_round": 27.0, "subsample": 0.35796247590872776}, "datetime": {"datetime": "2024-01-20 15:57:02", "elapsed": 5580.436072, "delta": 0.005613}}
{"target": -15.160687888116128, "params": {"colsample_bytree": 0.8725340265761184, "eta": 0.0867505653616999, "gamma": 627.0529884060376, "max_depth": 9.0, "min_child_weight": 4132.072009196721, "num_boost_round": 28.0, "subsample": 0.35796247590872776}, "datetime": {"datetime": "2024-01-20 15:57:03", "elapsed": 5580.441239, "delta": 0.005167}}
