{"target": -13.498284499770028, "params": {"colsample_bytree": 0.3646591706603064, "eta": 0.09456606927917846, "gamma": 521.5216159938035, "max_depth": 5.0, "min_child_weight": 4363.958055858137, "num_boost_round": 8.0, "subsample": 0.7948693468445714}, "datetime": {"datetime": "2024-01-20 15:01:34", "elapsed": 2248.372133, "delta": 0.003412}}
{"target": -13.49820027476337, "params": {"colsample_bytree": 0.3646591706603064, "eta": 0.09456606927917846, "gamma": 521.5216159938035, "max_depth": 5.0, "min_child_weight": 4363.958055858137, "num_boost_round": 9.0, "subsample": 0.7948693468445714}, "datetime": {"datetime": "2024-01-20 15:01:34", "elapsed": 2248.380453, "delta": 0.00832}}
{"target": -13.498005066191375, "params": {"colsample_bytree": 0.3646591706603064, "eta": 0.09456606927917846, "gamma": 521.5216159938035, "max_depth": 5.0, "min_child_weight": 4363.958055858137, "num_boost_round": 10.0, "subsample": 0.7948693468445714}, "datetime": {"datetime": "2024-01-20 15:01:34", "elapsed": 2248.383781, "delta": 0.003328}}
{"target": -13.497819151768876, "params": {"colsample_bytree": 0.3646591706603064, "eta": 0.09456606927917846, "gamma": 521.5216159938035, "max_depth": 5.0, "min_child_weight": 4363.958055858137, "num_boost_round": 11.0, "subsample": 0.7948693468445714}, "datetime": {"datetime": "2024-01-20 15:01:34", "elapsed": 2248.38711, "delta": 0.003329}}
{"target": -13.498443610078244, "params": {"colsample_bytree": 0.3646591706603064, "eta": 0.09456606927917846, "gamma": 521.5216159938035, "max_depth": 5.0, "min_child_weight": 4363.958055858137, "num_boost_round": 12.0, "subsample": 0.7948693468445714}, "datetime": {"datetime": "2024-01-20 15:01:34", "elapsed": 2248.390442, "delta": 0.003332}}
{"target": -13.498840641590913, "params": {"colsample_bytree": 0.3646591706603064, "eta": 0.09456606927917846, "gamma": 521.5216159938035, "max_depth": 5.0, "min_child_weight": 4363.958055858137, "num_boost_round": 13.0, "subsample": 0.7948693468445714}, "datetime": {"datetime": "2024-01-20 15:01:34", "elapsed": 2248.393866, "delta": 0.003424}}
{"target": -13.49905547182266, "params": {"colsample_bytree": 0.3646591706603064, "eta": 0.09456606927917846, "gamma": 521.5216159938035, "max_depth": 5.0, "min_child_weight": 4363.958055858137, "num_boost_round": 14.0, "subsample": 0.7948693468445714}, "datetime": {"datetime": "2024-01-20 15:01:34", "elapsed": 2248.397345, "delta": 0.003479}}
{"target": -13.498939897705359, "params": {"colsample_bytree": 0.3646591706603064, "eta": 0.09456606927917846, "gamma": 521.5216159938035, "max_depth": 5.0, "min_child_weight": 4363.958055858137, "num_boost_round": 15.0, "subsample": 0.7948693468445714}, "datetime": {"datetime": "2024-01-20 15:01:34", "elapsed": 2248.400663, "delta": 0.003318}}
{"target": -13.499613252949413, "params": {"colsample_bytree": 0.3646591706603064, "eta": 0.09456606927917846, "gamma": 521.5216159938035, "max_depth": 5.0, "min_child_weight": 4363.958055858137, "num_boost_round": 16.0, "subsample": 0.7948693468445714}, "datetime": {"datetime": "2024-01-20 15:01:34", "elapsed": 2248.404004, "delta": 0.003341}}
{"target": -13.500159014217651, "params": {"colsample_bytree": 0.3646591706603064, "eta": 0.09456606927917846, "gamma": 521.5216159938035, "max_depth": 5.0, "min_child_weight": 4363.958055858137, "num_boost_round": 17.0, "subsample": 0.7948693468445714}, "datetime": {"datetime": "2024-01-20 15:01:34", "elapsed": 2248.407335, "delta": 0.003331}}
{"target": -13.500539540244146, "params": {"colsample_bytree": 0.3646591706603064, "eta": 0.09456606927917846, "gamma": 521.5216159938035, "max_depth": 5.0, "min_child_weight": 4363.958055858137, "num_boost_round": 18.0, "subsample": 0.7948693468445714}, "datetime": {"datetime": "2024-01-20 15:01:34", "elapsed": 2248.410666, "delta": 0.003331}}
{"target": -13.50105477945796, "params": {"colsample_bytree": 0.3646591706603064, "eta": 0.09456606927917846, "gamma": 521.5216159938035, "max_depth": 5.0, "min_child_weight": 4363.958055858137, "num_boost_round": 19.0, "subsample": 0.7948693468445714}, "datetime": {"datetime": "2024-01-20 15:01:34", "elapsed": 2248.414092, "delta": 0.003426}}
{"target": -13.501066733044796, "params": {"colsample_bytree": 0.3646591706603064, "eta": 0.09456606927917846, "gamma": 521.5216159938035, "max_depth": 5.0, "min_child_weight": 4363.958055858137, "num_boost_round": 20.0, "subsample": 0.7948693468445714}, "datetime": {"datetime": "2024-01-20 15:01:34", "elapsed": 2248.417578, "delta": 0.003486}}
{"target": -13.501323125283713, "params": {"colsample_bytree": 0.3646591706603064, "eta": 0.09456606927917846, "gamma": 521.5216159938035, "max_depth": 5.0, "min_child_weight": 4363.958055858137, "num_boost_round": 21.0, "subsample": 0.7948693468445714}, "datetime": {"datetime": "2024-01-20 15:01:34", "elapsed": 2248.420992, "delta": 0.003414}}
{"target": -13.501186782580945, "params": {"colsample_bytree": 0.3646591706603064, "eta": 0.09456606927917846, "gamma": 521.5216159938035, "max_depth": 5.0, "min_child_weight": 4363.958055858137, "num_boost_round": 22.0, "subsample": 0.7948693468445714}, "datetime": {"datetime": "2024-01-20 15:01:34", "elapsed": 2248.424384, "delta": 0.003392}}
{"target": -13.500923577853767, "params": {"colsample_bytree": 0.3646591706603064, "eta": 0.09456606927917846, "gamma": 521.5216159938035, "max_depth": 5.0, "min_child_weight": 4363.958055858137, "num_boost_round": 23.0, "subsample": 0.7948693468445714}, "datetime": {"datetime": "2024-01-20 15:01:34", "elapsed": 2248.4277, "delta": 0.003316}}
{"target": -13.501406790862639, "params": {"colsample_bytree": 0.3646591706603064, "eta": 0.09456606927917846, "gamma": 521.5216159938035, "max_depth": 5.0, "min_child_weight": 4363.958055858137, "num_boost_round": 24.0, "subsample": 0.7948693468445714}, "datetime": {"datetime": "2024-01-20 15:01:34", "elapsed": 2248.431012, "delta": 0.003312}}
{"target": -13.501158341935785, "params": {"colsample_bytree": 0.3646591706603064, "eta": 0.09456606927917846, "gamma": 521.5216159938035, "max_depth": 5.0, "min_child_weight": 4363.958055858137, "num_boost_round": 25.0, "subsample": 0.7948693468445714}, "datetime": {"datetime": "2024-01-20 15:01:34", "elapsed": 2248.434339, "delta": 0.003327}}
{"target": -13.501276457724941, "params": {"colsample_bytree": 0.3646591706603064, "eta": 0.09456606927917846, "gamma": 521.5216159938035, "max_depth": 5.0, "min_child_weight": 4363.958055858137, "num_boost_round": 26.0, "subsample": 0.7948693468445714}, "datetime": {"datetime": "2024-01-20 15:01:34", "elapsed": 2248.437809, "delta": 0.00347}}
{"target": -13.501916752590057, "params": {"colsample_bytree": 0.3646591706603064, "eta": 0.09456606927917846, "gamma": 521.5216159938035, "max_depth": 5.0, "min_child_weight": 4363.958055858137, "num_boost_round": 27.0, "subsample": 0.7948693468445714}, "datetime": {"datetime": "2024-01-20 15:01:34", "elapsed": 2248.441185, "delta": 0.003376}}
{"target": -13.502420315377545, "params": {"colsample_bytree": 0.3646591706603064, "eta": 0.09456606927917846, "gamma": 521.5216159938035, "max_depth": 5.0, "min_child_weight": 4363.958055858137, "num_boost_round": 28.0, "subsample": 0.7948693468445714}, "datetime": {"datetime": "2024-01-20 15:01:35", "elapsed": 2248.444695, "delta": 0.00351}}
{"target": -13.502596370866614, "params": {"colsample_bytree": 0.3646591706603064, "eta": 0.09456606927917846, "gamma": 521.5216159938035, "max_depth": 5.0, "min_child_weight": 4363.958055858137, "num_boost_round": 29.0, "subsample": 0.7948693468445714}, "datetime": {"datetime": "2024-01-20 15:01:35", "elapsed": 2248.448397, "delta": 0.003702}}
{"target": -13.502782394534307, "params": {"colsample_bytree": 0.3646591706603064, "eta": 0.09456606927917846, "gamma": 521.5216159938035, "max_depth": 5.0, "min_child_weight": 4363.958055858137, "num_boost_round": 30.0, "subsample": 0.7948693468445714}, "datetime": {"datetime": "2024-01-20 15:01:35", "elapsed": 2248.45178, "delta": 0.003383}}
{"target": -13.502827692162965, "params": {"colsample_bytree": 0.3646591706603064, "eta": 0.09456606927917846, "gamma": 521.5216159938035, "max_depth": 5.0, "min_child_weight": 4363.958055858137, "num_boost_round": 31.0, "subsample": 0.7948693468445714}, "datetime": {"datetime": "2024-01-20 15:01:35", "elapsed": 2248.455133, "delta": 0.003353}}
{"target": -13.502876826143687, "params": {"colsample_bytree": 0.3646591706603064, "eta": 0.09456606927917846, "gamma": 521.5216159938035, "max_depth": 5.0, "min_child_weight": 4363.958055858137, "num_boost_round": 32.0, "subsample": 0.7948693468445714}, "datetime": {"datetime": "2024-01-20 15:01:35", "elapsed": 2248.458475, "delta": 0.003342}}
{"target": -13.50323893432139, "params": {"colsample_bytree": 0.3646591706603064, "eta": 0.09456606927917846, "gamma": 521.5216159938035, "max_depth": 5.0, "min_child_weight": 4363.958055858137, "num_boost_round": 33.0, "subsample": 0.7948693468445714}, "datetime": {"datetime": "2024-01-20 15:01:35", "elapsed": 2248.461888, "delta": 0.003413}}
{"target": -13.503054922879926, "params": {"colsample_bytree": 0.3646591706603064, "eta": 0.09456606927917846, "gamma": 521.5216159938035, "max_depth": 5.0, "min_child_weight": 4363.958055858137, "num_boost_round": 34.0, "subsample": 0.7948693468445714}, "datetime": {"datetime": "2024-01-20 15:01:35", "elapsed": 2248.465279, "delta": 0.003391}}
{"target": -13.503416535345274, "params": {"colsample_bytree": 0.3646591706603064, "eta": 0.09456606927917846, "gamma": 521.5216159938035, "max_depth": 5.0, "min_child_weight": 4363.958055858137, "num_boost_round": 35.0, "subsample": 0.7948693468445714}, "datetime": {"datetime": "2024-01-20 15:01:35", "elapsed": 2248.468626, "delta": 0.003347}}
{"target": -13.503403727825514, "params": {"colsample_bytree": 0.3646591706603064, "eta": 0.09456606927917846, "gamma": 521.5216159938035, "max_depth": 5.0, "min_child_weight": 4363.958055858137, "num_boost_round": 36.0, "subsample": 0.7948693468445714}, "datetime": {"datetime": "2024-01-20 15:01:35", "elapsed": 2248.471968, "delta": 0.003342}}
{"target": -13.503330230445355, "params": {"colsample_bytree": 0.3646591706603064, "eta": 0.09456606927917846, "gamma": 521.5216159938035, "max_depth": 5.0, "min_child_weight": 4363.958055858137, "num_boost_round": 37.0, "subsample": 0.7948693468445714}, "datetime": {"datetime": "2024-01-20 15:01:35", "elapsed": 2248.475453, "delta": 0.003485}}
{"target": -13.503408964924407, "params": {"colsample_bytree": 0.3646591706603064, "eta": 0.09456606927917846, "gamma": 521.5216159938035, "max_depth": 5.0, "min_child_weight": 4363.958055858137, "num_boost_round": 38.0, "subsample": 0.7948693468445714}, "datetime": {"datetime": "2024-01-20 15:01:35", "elapsed": 2248.4789, "delta": 0.003447}}
{"target": -13.50368450783008, "params": {"colsample_bytree": 0.3646591706603064, "eta": 0.09456606927917846, "gamma": 521.5216159938035, "max_depth": 5.0, "min_child_weight": 4363.958055858137, "num_boost_round": 39.0, "subsample": 0.7948693468445714}, "datetime": {"datetime": "2024-01-20 15:01:35", "elapsed": 2248.482225, "delta": 0.003325}}
{"target": -13.503762889222408, "params": {"colsample_bytree": 0.3646591706603064, "eta": 0.09456606927917846, "gamma": 521.5216159938035, "max_depth": 5.0, "min_child_weight": 4363.958055858137, "num_boost_round": 40.0, "subsample": 0.7948693468445714}, "datetime": {"datetime": "2024-01-20 15:01:35", "elapsed": 2248.485572, "delta": 0.003347}}
{"target": -13.503516661204795, "params": {"colsample_bytree": 0.3646591706603064, "eta": 0.09456606927917846, "gamma": 521.5216159938035, "max_depth": 5.0, "min_child_weight": 4363.958055858137, "num_boost_round": 41.0, "subsample": 0.7948693468445714}, "datetime": {"datetime": "2024-01-20 15:01:35", "elapsed": 2248.488933, "delta": 0.003361}}
{"target": -13.503703669268322, "params": {"colsample_bytree": 0.3646591706603064, "eta": 0.09456606927917846, "gamma": 521.5216159938035, "max_depth": 5.0, "min_child_weight": 4363.958055858137, "num_boost_round": 42.0, "subsample": 0.7948693468445714}, "datetime": {"datetime": "2024-01-20 15:01:35", "elapsed": 2248.492259, "delta": 0.003326}}
{"target": -13.503830125752952, "params": {"colsample_bytree": 0.3646591706603064, "eta": 0.09456606927917846, "gamma": 521.5216159938035, "max_depth": 5.0, "min_child_weight": 4363.958055858137, "num_boost_round": 43.0, "subsample": 0.7948693468445714}, "datetime": {"datetime": "2024-01-20 15:01:35", "elapsed": 2248.495612, "delta": 0.003353}}
{"target": -13.50400907894068, "params": {"colsample_bytree": 0.3646591706603064, "eta": 0.09456606927917846, "gamma": 521.5216159938035, "max_depth": 5.0, "min_child_weight": 4363.958055858137, "num_boost_round": 44.0, "subsample": 0.7948693468445714}, "datetime": {"datetime": "2024-01-20 15:01:35", "elapsed": 2248.498977, "delta": 0.003365}}
{"target": -13.504154912285657, "params": {"colsample_bytree": 0.3646591706603064, "eta": 0.09456606927917846, "gamma": 521.5216159938035, "max_depth": 5.0, "min_child_weight": 4363.958055858137, "num_boost_round": 45.0, "subsample": 0.7948693468445714}, "datetime": {"datetime": "2024-01-20 15:01:35", "elapsed": 2248.502905, "delta": 0.003928}}
{"target": -13.504197290999272, "params": {"colsample_bytree": 0.3646591706603064, "eta": 0.09456606927917846, "gamma": 521.5216159938035, "max_depth": 5.0, "min_child_weight": 4363.958055858137, "num_boost_round": 46.0, "subsample": 0.7948693468445714}, "datetime": {"datetime": "2024-01-20 15:01:35", "elapsed": 2248.507005, "delta": 0.0041}}
{"target": -13.504157754116118, "params": {"colsample_bytree": 0.3646591706603064, "eta": 0.09456606927917846, "gamma": 521.5216159938035, "max_depth": 5.0, "min_child_weight": 4363.958055858137, "num_boost_round": 47.0, "subsample": 0.7948693468445714}, "datetime": {"datetime": "2024-01-20 15:01:35", "elapsed": 2248.51094, "delta": 0.003935}}
{"target": -13.50388803771946, "params": {"colsample_bytree": 0.3646591706603064, "eta": 0.09456606927917846, "gamma": 521.5216159938035, "max_depth": 5.0, "min_child_weight": 4363.958055858137, "num_boost_round": 48.0, "subsample": 0.7948693468445714}, "datetime": {"datetime": "2024-01-20 15:01:35", "elapsed": 2248.514503, "delta": 0.003563}}
{"target": -13.504080003917993, "params": {"colsample_bytree": 0.3646591706603064, "eta": 0.09456606927917846, "gamma": 521.5216159938035, "max_depth": 5.0, "min_child_weight": 4363.958055858137, "num_boost_round": 49.0, "subsample": 0.7948693468445714}, "datetime": {"datetime": "2024-01-20 15:01:35", "elapsed": 2248.518183, "delta": 0.00368}}
{"target": -13.504088893168708, "params": {"colsample_bytree": 0.3646591706603064, "eta": 0.09456606927917846, "gamma": 521.5216159938035, "max_depth": 5.0, "min_child_weight": 4363.958055858137, "num_boost_round": 50.0, "subsample": 0.7948693468445714}, "datetime": {"datetime": "2024-01-20 15:01:35", "elapsed": 2248.521732, "delta": 0.003549}}
{"target": -13.504226981496469, "params": {"colsample_bytree": 0.3646591706603064, "eta": 0.09456606927917846, "gamma": 521.5216159938035, "max_depth": 5.0, "min_child_weight": 4363.958055858137, "num_boost_round": 51.0, "subsample": 0.7948693468445714}, "datetime": {"datetime": "2024-01-20 15:01:35", "elapsed": 2248.525167, "delta": 0.003435}}
{"target": -13.504659681616488, "params": {"colsample_bytree": 0.3646591706603064, "eta": 0.09456606927917846, "gamma": 521.5216159938035, "max_depth": 5.0, "min_child_weight": 4363.958055858137, "num_boost_round": 52.0, "subsample": 0.7948693468445714}, "datetime": {"datetime": "2024-01-20 15:01:35", "elapsed": 2248.528615, "delta": 0.003448}}
{"target": -13.50474960449036, "params": {"colsample_bytree": 0.3646591706603064, "eta": 0.09456606927917846, "gamma": 521.5216159938035, "max_depth": 5.0, "min_child_weight": 4363.958055858137, "num_boost_round": 53.0, "subsample": 0.7948693468445714}, "datetime": {"datetime": "2024-01-20 15:01:35", "elapsed": 2248.532028, "delta": 0.003413}}
{"target": -13.504821005610447, "params": {"colsample_bytree": 0.3646591706603064, "eta": 0.09456606927917846, "gamma": 521.5216159938035, "max_depth": 5.0, "min_child_weight": 4363.958055858137, "num_boost_round": 54.0, "subsample": 0.7948693468445714}, "datetime": {"datetime": "2024-01-20 15:01:35", "elapsed": 2248.535418, "delta": 0.00339}}
{"target": -13.504801005315127, "params": {"colsample_bytree": 0.3646591706603064, "eta": 0.09456606927917846, "gamma": 521.5216159938035, "max_depth": 5.0, "min_child_weight": 4363.958055858137, "num_boost_round": 55.0, "subsample": 0.7948693468445714}, "datetime": {"datetime": "2024-01-20 15:01:35", "elapsed": 2248.539755, "delta": 0.004337}}
{"target": -13.504980421588755, "params": {"colsample_bytree": 0.3646591706603064, "eta": 0.09456606927917846, "gamma": 521.5216159938035, "max_depth": 5.0, "min_child_weight": 4363.958055858137, "num_boost_round": 56.0, "subsample": 0.7948693468445714}, "datetime": {"datetime": "2024-01-20 15:01:35", "elapsed": 2248.544549, "delta": 0.004794}}
{"target": -13.505176446507193, "params": {"colsample_bytree": 0.3646591706603064, "eta": 0.09456606927917846, "gamma": 521.5216159938035, "max_depth": 5.0, "min_child_weight": 4363.958055858137, "num_boost_round": 57.0, "subsample": 0.7948693468445714}, "datetime": {"datetime": "2024-01-20 15:01:35", "elapsed": 2248.548873, "delta": 0.004324}}
{"target": -13.50520980043196, "params": {"colsample_bytree": 0.3646591706603064, "eta": 0.09456606927917846, "gamma": 521.5216159938035, "max_depth": 5.0, "min_child_weight": 4363.958055858137, "num_boost_round": 58.0, "subsample": 0.7948693468445714}, "datetime": {"datetime": "2024-01-20 15:01:35", "elapsed": 2248.553598, "delta": 0.004725}}
{"target": -13.505422981198512, "params": {"colsample_bytree": 0.3646591706603064, "eta": 0.09456606927917846, "gamma": 521.5216159938035, "max_depth": 5.0, "min_child_weight": 4363.958055858137, "num_boost_round": 59.0, "subsample": 0.7948693468445714}, "datetime": {"datetime": "2024-01-20 15:01:35", "elapsed": 2248.557473, "delta": 0.003875}}
{"target": -13.505378217413373, "params": {"colsample_bytree": 0.3646591706603064, "eta": 0.09456606927917846, "gamma": 521.5216159938035, "max_depth": 5.0, "min_child_weight": 4363.958055858137, "num_boost_round": 60.0, "subsample": 0.7948693468445714}, "datetime": {"datetime": "2024-01-20 15:01:35", "elapsed": 2248.560944, "delta": 0.003471}}
{"target": -13.505442695926025, "params": {"colsample_bytree": 0.3646591706603064, "eta": 0.09456606927917846, "gamma": 521.5216159938035, "max_depth": 5.0, "min_child_weight": 4363.958055858137, "num_boost_round": 61.0, "subsample": 0.7948693468445714}, "datetime": {"datetime": "2024-01-20 15:01:35", "elapsed": 2248.564306, "delta": 0.003362}}
{"target": -13.505679874277778, "params": {"colsample_bytree": 0.3646591706603064, "eta": 0.09456606927917846, "gamma": 521.5216159938035, "max_depth": 5.0, "min_child_weight": 4363.958055858137, "num_boost_round": 62.0, "subsample": 0.7948693468445714}, "datetime": {"datetime": "2024-01-20 15:01:35", "elapsed": 2248.567736, "delta": 0.00343}}
{"target": -13.505761532676889, "params": {"colsample_bytree": 0.3646591706603064, "eta": 0.09456606927917846, "gamma": 521.5216159938035, "max_depth": 5.0, "min_child_weight": 4363.958055858137, "num_boost_round": 63.0, "subsample": 0.7948693468445714}, "datetime": {"datetime": "2024-01-20 15:01:35", "elapsed": 2248.571276, "delta": 0.00354}}
{"target": -13.505665422470706, "params": {"colsample_bytree": 0.3646591706603064, "eta": 0.09456606927917846, "gamma": 521.5216159938035, "max_depth": 5.0, "min_child_weight": 4363.958055858137, "num_boost_round": 64.0, "subsample": 0.7948693468445714}, "datetime": {"datetime": "2024-01-20 15:01:35", "elapsed": 2248.574622, "delta": 0.003346}}
{"target": -13.505728742648003, "params": {"colsample_bytree": 0.3646591706603064, "eta": 0.09456606927917846, "gamma": 521.5216159938035, "max_depth": 5.0, "min_child_weight": 4363.958055858137, "num_boost_round": 65.0, "subsample": 0.7948693468445714}, "datetime": {"datetime": "2024-01-20 15:01:35", "elapsed": 2248.577969, "delta": 0.003347}}
{"target": -13.505796239639245, "params": {"colsample_bytree": 0.3646591706603064, "eta": 0.09456606927917846, "gamma": 521.5216159938035, "max_depth": 5.0, "min_child_weight": 4363.958055858137, "num_boost_round": 66.0, "subsample": 0.7948693468445714}, "datetime": {"datetime": "2024-01-20 15:01:35", "elapsed": 2248.581325, "delta": 0.003356}}
{"target": -13.506187638282501, "params": {"colsample_bytree": 0.3646591706603064, "eta": 0.09456606927917846, "gamma": 521.5216159938035, "max_depth": 5.0, "min_child_weight": 4363.958055858137, "num_boost_round": 67.0, "subsample": 0.7948693468445714}, "datetime": {"datetime": "2024-01-20 15:01:35", "elapsed": 2248.584674, "delta": 0.003349}}
{"target": -13.506243087667974, "params": {"colsample_bytree": 0.3646591706603064, "eta": 0.09456606927917846, "gamma": 521.5216159938035, "max_depth": 5.0, "min_child_weight": 4363.958055858137, "num_boost_round": 68.0, "subsample": 0.7948693468445714}, "datetime": {"datetime": "2024-01-20 15:01:35", "elapsed": 2248.588074, "delta": 0.0034}}
{"target": -13.506384085474652, "params": {"colsample_bytree": 0.3646591706603064, "eta": 0.09456606927917846, "gamma": 521.5216159938035, "max_depth": 5.0, "min_child_weight": 4363.958055858137, "num_boost_round": 69.0, "subsample": 0.7948693468445714}, "datetime": {"datetime": "2024-01-20 15:01:35", "elapsed": 2248.591455, "delta": 0.003381}}
{"target": -13.506422967348662, "params": {"colsample_bytree": 0.3646591706603064, "eta": 0.09456606927917846, "gamma": 521.5216159938035, "max_depth": 5.0, "min_child_weight": 4363.958055858137, "num_boost_round": 70.0, "subsample": 0.7948693468445714}, "datetime": {"datetime": "2024-01-20 15:01:35", "elapsed": 2248.59476, "delta": 0.003305}}
