{"target": -13.45290205590011, "params": {"colsample_bytree": 0.19095154819235893, "eta": 0.09460873296859564, "gamma": 488.66424853958137, "max_depth": 3.0, "min_child_weight": 3819.6231692116253, "num_boost_round": 155.0, "subsample": 0.8797760793738251}, "datetime": {"datetime": "2024-01-20 15:00:06", "elapsed": 2141.316106, "delta": 0.002306}}
{"target": -13.453203952205612, "params": {"colsample_bytree": 0.19095154819235893, "eta": 0.09460873296859564, "gamma": 488.66424853958137, "max_depth": 3.0, "min_child_weight": 3819.6231692116253, "num_boost_round": 156.0, "subsample": 0.8797760793738251}, "datetime": {"datetime": "2024-01-20 15:00:06", "elapsed": 2141.318397, "delta": 0.002291}}
{"target": -13.453410353578045, "params": {"colsample_bytree": 0.19095154819235893, "eta": 0.09460873296859564, "gamma": 488.66424853958137, "max_depth": 3.0, "min_child_weight": 3819.6231692116253, "num_boost_round": 157.0, "subsample": 0.8797760793738251}, "datetime": {"datetime": "2024-01-20 15:00:06", "elapsed": 2141.320665, "delta": 0.002268}}
{"target": -13.453493035007291, "params": {"colsample_bytree": 0.19095154819235893, "eta": 0.09460873296859564, "gamma": 488.66424853958137, "max_depth": 3.0, "min_child_weight": 3819.6231692116253, "num_boost_round": 158.0, "subsample": 0.8797760793738251}, "datetime": {"datetime": "2024-01-20 15:00:06", "elapsed": 2141.323042, "delta": 0.002377}}
{"target": -13.454172653529135, "params": {"colsample_bytree": 0.19095154819235893, "eta": 0.09460873296859564, "gamma": 488.66424853958137, "max_depth": 3.0, "min_child_weight": 3819.6231692116253, "num_boost_round": 159.0, "subsample": 0.8797760793738251}, "datetime": {"datetime": "2024-01-20 15:00:06", "elapsed": 2141.325295, "delta": 0.002253}}
{"target": -13.454526546840034, "params": {"colsample_bytree": 0.19095154819235893, "eta": 0.09460873296859564, "gamma": 488.66424853958137, "max_depth": 3.0, "min_child_weight": 3819.6231692116253, "num_boost_round": 160.0, "subsample": 0.8797760793738251}, "datetime": {"datetime": "2024-01-20 15:00:06", "elapsed": 2141.327622, "delta": 0.002327}}
{"target": -13.45461772469744, "params": {"colsample_bytree": 0.19095154819235893, "eta": 0.09460873296859564, "gamma": 488.66424853958137, "max_depth": 3.0, "min_child_weight": 3819.6231692116253, "num_boost_round": 161.0, "subsample": 0.8797760793738251}, "datetime": {"datetime": "2024-01-20 15:00:06", "elapsed": 2141.330426, "delta": 0.002804}}
{"target": -13.397872503908781, "params": {"colsample_bytree": 0.8626092788586417, "eta": 0.055372853036909656, "gamma": 309.3689186838766, "max_depth": 2.0, "min_child_weight": 3749.1873104431497, "num_boost_round": 1.0, "subsample": 0.9321743743882744}, "datetime": {"datetime": "2024-01-20 15:00:33", "elapsed": 2167.756764, "delta": 26.426338}}
{"target": -13.397989536722399, "params": {"colsample_bytree": 0.8626092788586417, "eta": 0.055372853036909656, "gamma": 309.3689186838766, "max_depth": 2.0, "min_child_weight": 3749.1873104431497, "num_boost_round": 2.0, "subsample": 0.9321743743882744}, "datetime": {"datetime": "2024-01-20 15:00:33", "elapsed": 2167.761213, "delta": 0.004449}}
{"target": -13.398299713965697, "params": {"colsample_bytree": 0.8626092788586417, "eta": 0.055372853036909656, "gamma": 309.3689186838766, "max_depth": 2.0, "min_child_weight": 3749.1873104431497, "num_boost_round": 3.0, "subsample": 0.9321743743882744}, "datetime": {"datetime": "2024-01-20 15:00:33", "elapsed": 2167.763647, "delta": 0.002434}}
{"target": -13.398589556806975, "params": {"colsample_bytree": 0.8626092788586417, "eta": 0.055372853036909656, "gamma": 309.3689186838766, "max_depth": 2.0, "min_child_weight": 3749.1873104431497, "num_boost_round": 4.0, "subsample": 0.9321743743882744}, "datetime": {"datetime": "2024-01-20 15:00:33", "elapsed": 2167.766057, "delta": 0.00241}}
{"target": -13.399143538022926, "params": {"colsample_bytree": 0.8626092788586417, "eta": 0.055372853036909656, "gamma": 309.3689186838766, "max_depth": 2.0, "min_child_weight": 3749.1873104431497, "num_boost_round": 5.0, "subsample": 0.9321743743882744}, "datetime": {"datetime": "2024-01-20 15:00:33", "elapsed": 2167.768478, "delta": 0.002421}}
{"target": -13.400022682730498, "params": {"colsample_bytree": 0.8626092788586417, "eta": 0.055372853036909656, "gamma": 309.3689186838766, "max_depth": 2.0, "min_child_weight": 3749.1873104431497, "num_boost_round": 6.0, "subsample": 0.9321743743882744}, "datetime": {"datetime": "2024-01-20 15:00:33", "elapsed": 2167.770853, "delta": 0.002375}}
{"target": -13.397562186332035, "params": {"colsample_bytree": 0.7449262850050705, "eta": 0.023571426834377594, "gamma": 992.0771763427803, "max_depth": 9.0, "min_child_weight": 3960.9848526727837, "num_boost_round": 1.0, "subsample": 0.9346507222515082}, "datetime": {"datetime": "2024-01-20 15:00:58", "elapsed": 2193.454568, "delta": 25.683715}}
{"target": -13.397404262821627, "params": {"colsample_bytree": 0.7449262850050705, "eta": 0.023571426834377594, "gamma": 992.0771763427803, "max_depth": 9.0, "min_child_weight": 3960.9848526727837, "num_boost_round": 2.0, "subsample": 0.9346507222515082}, "datetime": {"datetime": "2024-01-20 15:00:58", "elapsed": 2193.457836, "delta": 0.003268}}
{"target": -13.396963524253307, "params": {"colsample_bytree": 0.9519716074364104, "eta": 0.09504107244424967, "gamma": 482.96502273162076, "max_depth": 9.0, "min_child_weight": 3438.8946468182335, "num_boost_round": 1.0, "subsample": 0.4071995770467647}, "datetime": {"datetime": "2024-01-20 15:01:18", "elapsed": 2213.071291, "delta": 19.613455}}
{"target": -13.396624562080206, "params": {"colsample_bytree": 0.9519716074364104, "eta": 0.09504107244424967, "gamma": 482.96502273162076, "max_depth": 9.0, "min_child_weight": 3438.8946468182335, "num_boost_round": 2.0, "subsample": 0.4071995770467647}, "datetime": {"datetime": "2024-01-20 15:01:18", "elapsed": 2213.075732, "delta": 0.004441}}
{"target": -13.397771536923866, "params": {"colsample_bytree": 0.4825315865473394, "eta": 0.04818287146238214, "gamma": 991.8640151032204, "max_depth": 5.0, "min_child_weight": 3873.303308850569, "num_boost_round": 1.0, "subsample": 0.8305054802254352}, "datetime": {"datetime": "2024-01-20 15:02:01", "elapsed": 2255.725744, "delta": 42.650012}}
{"target": -13.397823005693223, "params": {"colsample_bytree": 0.4825315865473394, "eta": 0.04818287146238214, "gamma": 991.8640151032204, "max_depth": 5.0, "min_child_weight": 3873.303308850569, "num_boost_round": 2.0, "subsample": 0.8305054802254352}, "datetime": {"datetime": "2024-01-20 15:02:01", "elapsed": 2255.729808, "delta": 0.004064}}
{"target": -13.397820225013614, "params": {"colsample_bytree": 0.4825315865473394, "eta": 0.04818287146238214, "gamma": 991.8640151032204, "max_depth": 5.0, "min_child_weight": 3873.303308850569, "num_boost_round": 3.0, "subsample": 0.8305054802254352}, "datetime": {"datetime": "2024-01-20 15:02:01", "elapsed": 2255.732187, "delta": 0.002379}}
{"target": -13.398249343724503, "params": {"colsample_bytree": 0.4825315865473394, "eta": 0.04818287146238214, "gamma": 991.8640151032204, "max_depth": 5.0, "min_child_weight": 3873.303308850569, "num_boost_round": 4.0, "subsample": 0.8305054802254352}, "datetime": {"datetime": "2024-01-20 15:02:01", "elapsed": 2255.734553, "delta": 0.002366}}
{"target": -13.398877934962435, "params": {"colsample_bytree": 0.4825315865473394, "eta": 0.04818287146238214, "gamma": 991.8640151032204, "max_depth": 5.0, "min_child_weight": 3873.303308850569, "num_boost_round": 5.0, "subsample": 0.8305054802254352}, "datetime": {"datetime": "2024-01-20 15:02:01", "elapsed": 2255.736862, "delta": 0.002309}}
{"target": -13.399347665765621, "params": {"colsample_bytree": 0.4825315865473394, "eta": 0.04818287146238214, "gamma": 991.8640151032204, "max_depth": 5.0, "min_child_weight": 3873.303308850569, "num_boost_round": 6.0, "subsample": 0.8305054802254352}, "datetime": {"datetime": "2024-01-20 15:02:01", "elapsed": 2255.739262, "delta": 0.0024}}
{"target": -13.400242611539134, "params": {"colsample_bytree": 0.4825315865473394, "eta": 0.04818287146238214, "gamma": 991.8640151032204, "max_depth": 5.0, "min_child_weight": 3873.303308850569, "num_boost_round": 7.0, "subsample": 0.8305054802254352}, "datetime": {"datetime": "2024-01-20 15:02:01", "elapsed": 2255.741531, "delta": 0.002269}}
{"target": -13.400862450189424, "params": {"colsample_bytree": 0.4825315865473394, "eta": 0.04818287146238214, "gamma": 991.8640151032204, "max_depth": 5.0, "min_child_weight": 3873.303308850569, "num_boost_round": 8.0, "subsample": 0.8305054802254352}, "datetime": {"datetime": "2024-01-20 15:02:01", "elapsed": 2255.74376, "delta": 0.002229}}
{"target": -13.401590734615322, "params": {"colsample_bytree": 0.4825315865473394, "eta": 0.04818287146238214, "gamma": 991.8640151032204, "max_depth": 5.0, "min_child_weight": 3873.303308850569, "num_boost_round": 9.0, "subsample": 0.8305054802254352}, "datetime": {"datetime": "2024-01-20 15:02:01", "elapsed": 2255.746003, "delta": 0.002243}}
{"target": -13.402172708154778, "params": {"colsample_bytree": 0.4825315865473394, "eta": 0.04818287146238214, "gamma": 991.8640151032204, "max_depth": 5.0, "min_child_weight": 3873.303308850569, "num_boost_round": 10.0, "subsample": 0.8305054802254352}, "datetime": {"datetime": "2024-01-20 15:02:01", "elapsed": 2255.748271, "delta": 0.002268}}
{"target": -13.402588384635855, "params": {"colsample_bytree": 0.4825315865473394, "eta": 0.04818287146238214, "gamma": 991.8640151032204, "max_depth": 5.0, "min_child_weight": 3873.303308850569, "num_boost_round": 11.0, "subsample": 0.8305054802254352}, "datetime": {"datetime": "2024-01-20 15:02:01", "elapsed": 2255.750722, "delta": 0.002451}}
{"target": -13.403042067875493, "params": {"colsample_bytree": 0.4825315865473394, "eta": 0.04818287146238214, "gamma": 991.8640151032204, "max_depth": 5.0, "min_child_weight": 3873.303308850569, "num_boost_round": 12.0, "subsample": 0.8305054802254352}, "datetime": {"datetime": "2024-01-20 15:02:01", "elapsed": 2255.75313, "delta": 0.002408}}
{"target": -13.403375298181341, "params": {"colsample_bytree": 0.4825315865473394, "eta": 0.04818287146238214, "gamma": 991.8640151032204, "max_depth": 5.0, "min_child_weight": 3873.303308850569, "num_boost_round": 13.0, "subsample": 0.8305054802254352}, "datetime": {"datetime": "2024-01-20 15:02:01", "elapsed": 2255.755422, "delta": 0.002292}}
{"target": -13.403604739976526, "params": {"colsample_bytree": 0.4825315865473394, "eta": 0.04818287146238214, "gamma": 991.8640151032204, "max_depth": 5.0, "min_child_weight": 3873.303308850569, "num_boost_round": 14.0, "subsample": 0.8305054802254352}, "datetime": {"datetime": "2024-01-20 15:02:01", "elapsed": 2255.757772, "delta": 0.00235}}
{"target": -13.404213474538562, "params": {"colsample_bytree": 0.4825315865473394, "eta": 0.04818287146238214, "gamma": 991.8640151032204, "max_depth": 5.0, "min_child_weight": 3873.303308850569, "num_boost_round": 15.0, "subsample": 0.8305054802254352}, "datetime": {"datetime": "2024-01-20 15:02:01", "elapsed": 2255.760153, "delta": 0.002381}}
{"target": -13.40467154789934, "params": {"colsample_bytree": 0.4825315865473394, "eta": 0.04818287146238214, "gamma": 991.8640151032204, "max_depth": 5.0, "min_child_weight": 3873.303308850569, "num_boost_round": 16.0, "subsample": 0.8305054802254352}, "datetime": {"datetime": "2024-01-20 15:02:01", "elapsed": 2255.762462, "delta": 0.002309}}
{"target": -13.405173747321232, "params": {"colsample_bytree": 0.4825315865473394, "eta": 0.04818287146238214, "gamma": 991.8640151032204, "max_depth": 5.0, "min_child_weight": 3873.303308850569, "num_boost_round": 17.0, "subsample": 0.8305054802254352}, "datetime": {"datetime": "2024-01-20 15:02:01", "elapsed": 2255.764794, "delta": 0.002332}}
{"target": -13.405784993691107, "params": {"colsample_bytree": 0.4825315865473394, "eta": 0.04818287146238214, "gamma": 991.8640151032204, "max_depth": 5.0, "min_child_weight": 3873.303308850569, "num_boost_round": 18.0, "subsample": 0.8305054802254352}, "datetime": {"datetime": "2024-01-20 15:02:01", "elapsed": 2255.767142, "delta": 0.002348}}
{"target": -13.406222742194142, "params": {"colsample_bytree": 0.4825315865473394, "eta": 0.04818287146238214, "gamma": 991.8640151032204, "max_depth": 5.0, "min_child_weight": 3873.303308850569, "num_boost_round": 19.0, "subsample": 0.8305054802254352}, "datetime": {"datetime": "2024-01-20 15:02:01", "elapsed": 2255.76968, "delta": 0.002538}}
{"target": -13.40644596135304, "params": {"colsample_bytree": 0.4825315865473394, "eta": 0.04818287146238214, "gamma": 991.8640151032204, "max_depth": 5.0, "min_child_weight": 3873.303308850569, "num_boost_round": 20.0, "subsample": 0.8305054802254352}, "datetime": {"datetime": "2024-01-20 15:02:01", "elapsed": 2255.771927, "delta": 0.002247}}
{"target": -13.406480500970714, "params": {"colsample_bytree": 0.4825315865473394, "eta": 0.04818287146238214, "gamma": 991.8640151032204, "max_depth": 5.0, "min_child_weight": 3873.303308850569, "num_boost_round": 21.0, "subsample": 0.8305054802254352}, "datetime": {"datetime": "2024-01-20 15:02:01", "elapsed": 2255.77423, "delta": 0.002303}}
{"target": -13.406733216355718, "params": {"colsample_bytree": 0.4825315865473394, "eta": 0.04818287146238214, "gamma": 991.8640151032204, "max_depth": 5.0, "min_child_weight": 3873.303308850569, "num_boost_round": 22.0, "subsample": 0.8305054802254352}, "datetime": {"datetime": "2024-01-20 15:02:01", "elapsed": 2255.776488, "delta": 0.002258}}
{"target": -13.407297104621867, "params": {"colsample_bytree": 0.4825315865473394, "eta": 0.04818287146238214, "gamma": 991.8640151032204, "max_depth": 5.0, "min_child_weight": 3873.303308850569, "num_boost_round": 23.0, "subsample": 0.8305054802254352}, "datetime": {"datetime": "2024-01-20 15:02:01", "elapsed": 2255.778766, "delta": 0.002278}}
{"target": -13.407740766786336, "params": {"colsample_bytree": 0.4825315865473394, "eta": 0.04818287146238214, "gamma": 991.8640151032204, "max_depth": 5.0, "min_child_weight": 3873.303308850569, "num_boost_round": 24.0, "subsample": 0.8305054802254352}, "datetime": {"datetime": "2024-01-20 15:02:01", "elapsed": 2255.781298, "delta": 0.002532}}
{"target": -13.408176898304095, "params": {"colsample_bytree": 0.4825315865473394, "eta": 0.04818287146238214, "gamma": 991.8640151032204, "max_depth": 5.0, "min_child_weight": 3873.303308850569, "num_boost_round": 25.0, "subsample": 0.8305054802254352}, "datetime": {"datetime": "2024-01-20 15:02:01", "elapsed": 2255.78374, "delta": 0.002442}}
{"target": -13.408892610067527, "params": {"colsample_bytree": 0.4825315865473394, "eta": 0.04818287146238214, "gamma": 991.8640151032204, "max_depth": 5.0, "min_child_weight": 3873.303308850569, "num_boost_round": 26.0, "subsample": 0.8305054802254352}, "datetime": {"datetime": "2024-01-20 15:02:01", "elapsed": 2255.786269, "delta": 0.002529}}
{"target": -13.40950632217075, "params": {"colsample_bytree": 0.4825315865473394, "eta": 0.04818287146238214, "gamma": 991.8640151032204, "max_depth": 5.0, "min_child_weight": 3873.303308850569, "num_boost_round": 27.0, "subsample": 0.8305054802254352}, "datetime": {"datetime": "2024-01-20 15:02:01", "elapsed": 2255.788617, "delta": 0.002348}}
{"target": -13.410018261445202, "params": {"colsample_bytree": 0.4825315865473394, "eta": 0.04818287146238214, "gamma": 991.8640151032204, "max_depth": 5.0, "min_child_weight": 3873.303308850569, "num_boost_round": 28.0, "subsample": 0.8305054802254352}, "datetime": {"datetime": "2024-01-20 15:02:01", "elapsed": 2255.791051, "delta": 0.002434}}
{"target": -13.410496409862528, "params": {"colsample_bytree": 0.4825315865473394, "eta": 0.04818287146238214, "gamma": 991.8640151032204, "max_depth": 5.0, "min_child_weight": 3873.303308850569, "num_boost_round": 29.0, "subsample": 0.8305054802254352}, "datetime": {"datetime": "2024-01-20 15:02:01", "elapsed": 2255.793396, "delta": 0.002345}}
{"target": -13.411048162713534, "params": {"colsample_bytree": 0.4825315865473394, "eta": 0.04818287146238214, "gamma": 991.8640151032204, "max_depth": 5.0, "min_child_weight": 3873.303308850569, "num_boost_round": 30.0, "subsample": 0.8305054802254352}, "datetime": {"datetime": "2024-01-20 15:02:01", "elapsed": 2255.79584, "delta": 0.002444}}
{"target": -13.411938372113024, "params": {"colsample_bytree": 0.4825315865473394, "eta": 0.04818287146238214, "gamma": 991.8640151032204, "max_depth": 5.0, "min_child_weight": 3873.303308850569, "num_boost_round": 31.0, "subsample": 0.8305054802254352}, "datetime": {"datetime": "2024-01-20 15:02:01", "elapsed": 2255.798341, "delta": 0.002501}}
{"target": -13.412601274984931, "params": {"colsample_bytree": 0.4825315865473394, "eta": 0.04818287146238214, "gamma": 991.8640151032204, "max_depth": 5.0, "min_child_weight": 3873.303308850569, "num_boost_round": 32.0, "subsample": 0.8305054802254352}, "datetime": {"datetime": "2024-01-20 15:02:01", "elapsed": 2255.800741, "delta": 0.0024}}
{"target": -13.397748984715754, "params": {"colsample_bytree": 0.47597525321668377, "eta": 0.0031764776509485794, "gamma": 285.17886070923515, "max_depth": 5.0, "min_child_weight": 3633.016691832786, "num_boost_round": 1.0, "subsample": 0.10824143672756405}, "datetime": {"datetime": "2024-01-20 15:02:25", "elapsed": 2279.842716, "delta": 24.041975}}
{"target": -13.397738363342045, "params": {"colsample_bytree": 0.47597525321668377, "eta": 0.0031764776509485794, "gamma": 285.17886070923515, "max_depth": 5.0, "min_child_weight": 3633.016691832786, "num_boost_round": 2.0, "subsample": 0.10824143672756405}, "datetime": {"datetime": "2024-01-20 15:02:25", "elapsed": 2279.846478, "delta": 0.003762}}
{"target": -13.397724424993076, "params": {"colsample_bytree": 0.47597525321668377, "eta": 0.0031764776509485794, "gamma": 285.17886070923515, "max_depth": 5.0, "min_child_weight": 3633.016691832786, "num_boost_round": 3.0, "subsample": 0.10824143672756405}, "datetime": {"datetime": "2024-01-20 15:02:25", "elapsed": 2279.849072, "delta": 0.002594}}
{"target": -13.397716143315716, "params": {"colsample_bytree": 0.47597525321668377, "eta": 0.0031764776509485794, "gamma": 285.17886070923515, "max_depth": 5.0, "min_child_weight": 3633.016691832786, "num_boost_round": 4.0, "subsample": 0.10824143672756405}, "datetime": {"datetime": "2024-01-20 15:02:25", "elapsed": 2279.851536, "delta": 0.002464}}
{"target": -13.397601677162127, "params": {"colsample_bytree": 0.3292876016400574, "eta": 0.017978759375753217, "gamma": 216.04305889771268, "max_depth": 8.0, "min_child_weight": 3693.5540796523505, "num_boost_round": 1.0, "subsample": 0.22806498060327024}, "datetime": {"datetime": "2024-01-20 15:03:02", "elapsed": 2316.713217, "delta": 36.861681}}
{"target": -13.3975102764284, "params": {"colsample_bytree": 0.3292876016400574, "eta": 0.017978759375753217, "gamma": 216.04305889771268, "max_depth": 8.0, "min_child_weight": 3693.5540796523505, "num_boost_round": 2.0, "subsample": 0.22806498060327024}, "datetime": {"datetime": "2024-01-20 15:03:02", "elapsed": 2316.717175, "delta": 0.003958}}
{"target": -13.397348100833357, "params": {"colsample_bytree": 0.3292876016400574, "eta": 0.017978759375753217, "gamma": 216.04305889771268, "max_depth": 8.0, "min_child_weight": 3693.5540796523505, "num_boost_round": 3.0, "subsample": 0.22806498060327024}, "datetime": {"datetime": "2024-01-20 15:03:02", "elapsed": 2316.719876, "delta": 0.002701}}
{"target": -13.397471521332445, "params": {"colsample_bytree": 0.3292876016400574, "eta": 0.017978759375753217, "gamma": 216.04305889771268, "max_depth": 8.0, "min_child_weight": 3693.5540796523505, "num_boost_round": 4.0, "subsample": 0.22806498060327024}, "datetime": {"datetime": "2024-01-20 15:03:02", "elapsed": 2316.722367, "delta": 0.002491}}
{"target": -13.397430867355473, "params": {"colsample_bytree": 0.3292876016400574, "eta": 0.017978759375753217, "gamma": 216.04305889771268, "max_depth": 8.0, "min_child_weight": 3693.5540796523505, "num_boost_round": 5.0, "subsample": 0.22806498060327024}, "datetime": {"datetime": "2024-01-20 15:03:02", "elapsed": 2316.724744, "delta": 0.002377}}
{"target": -13.397328828512983, "params": {"colsample_bytree": 0.3292876016400574, "eta": 0.017978759375753217, "gamma": 216.04305889771268, "max_depth": 8.0, "min_child_weight": 3693.5540796523505, "num_boost_round": 6.0, "subsample": 0.22806498060327024}, "datetime": {"datetime": "2024-01-20 15:03:02", "elapsed": 2316.72719, "delta": 0.002446}}
{"target": -13.397309638378667, "params": {"colsample_bytree": 0.3292876016400574, "eta": 0.017978759375753217, "gamma": 216.04305889771268, "max_depth": 8.0, "min_child_weight": 3693.5540796523505, "num_boost_round": 7.0, "subsample": 0.22806498060327024}, "datetime": {"datetime": "2024-01-20 15:03:02", "elapsed": 2316.729721, "delta": 0.002531}}
{"target": -13.397369332009148, "params": {"colsample_bytree": 0.3292876016400574, "eta": 0.017978759375753217, "gamma": 216.04305889771268, "max_depth": 8.0, "min_child_weight": 3693.5540796523505, "num_boost_round": 8.0, "subsample": 0.22806498060327024}, "datetime": {"datetime": "2024-01-20 15:03:02", "elapsed": 2316.732075, "delta": 0.002354}}
{"target": -13.397369169415885, "params": {"colsample_bytree": 0.3292876016400574, "eta": 0.017978759375753217, "gamma": 216.04305889771268, "max_depth": 8.0, "min_child_weight": 3693.5540796523505, "num_boost_round": 9.0, "subsample": 0.22806498060327024}, "datetime": {"datetime": "2024-01-20 15:03:02", "elapsed": 2316.734465, "delta": 0.00239}}
{"target": -13.39727190836346, "params": {"colsample_bytree": 0.3292876016400574, "eta": 0.017978759375753217, "gamma": 216.04305889771268, "max_depth": 8.0, "min_child_weight": 3693.5540796523505, "num_boost_round": 10.0, "subsample": 0.22806498060327024}, "datetime": {"datetime": "2024-01-20 15:03:02", "elapsed": 2316.736816, "delta": 0.002351}}
