{"target": -13.743177236185309, "params": {"colsample_bytree": 0.5791165280417371, "eta": 0.09169832860304787, "gamma": 677.6881876203552, "max_depth": 7.0, "min_child_weight": 3436.5623319456727, "num_boost_round": 5.0, "subsample": 0.8930303684989023}, "datetime": {"datetime": "2024-01-20 17:22:29", "elapsed": 10710.700943, "delta": 0.003461}}
{"target": -13.745558412828188, "params": {"colsample_bytree": 0.5791165280417371, "eta": 0.09169832860304787, "gamma": 677.6881876203552, "max_depth": 7.0, "min_child_weight": 3436.5623319456727, "num_boost_round": 6.0, "subsample": 0.8930303684989023}, "datetime": {"datetime": "2024-01-20 17:22:29", "elapsed": 10710.704297, "delta": 0.003354}}
{"target": -13.74753923836968, "params": {"colsample_bytree": 0.5791165280417371, "eta": 0.09169832860304787, "gamma": 677.6881876203552, "max_depth": 7.0, "min_child_weight": 3436.5623319456727, "num_boost_round": 7.0, "subsample": 0.8930303684989023}, "datetime": {"datetime": "2024-01-20 17:22:29", "elapsed": 10710.707658, "delta": 0.003361}}
{"target": -13.750328187763827, "params": {"colsample_bytree": 0.5791165280417371, "eta": 0.09169832860304787, "gamma": 677.6881876203552, "max_depth": 7.0, "min_child_weight": 3436.5623319456727, "num_boost_round": 8.0, "subsample": 0.8930303684989023}, "datetime": {"datetime": "2024-01-20 17:22:29", "elapsed": 10710.71097, "delta": 0.003312}}
{"target": -13.7528147142494, "params": {"colsample_bytree": 0.5791165280417371, "eta": 0.09169832860304787, "gamma": 677.6881876203552, "max_depth": 7.0, "min_child_weight": 3436.5623319456727, "num_boost_round": 9.0, "subsample": 0.8930303684989023}, "datetime": {"datetime": "2024-01-20 17:22:29", "elapsed": 10710.714267, "delta": 0.003297}}
{"target": -13.755178198948322, "params": {"colsample_bytree": 0.5791165280417371, "eta": 0.09169832860304787, "gamma": 677.6881876203552, "max_depth": 7.0, "min_child_weight": 3436.5623319456727, "num_boost_round": 10.0, "subsample": 0.8930303684989023}, "datetime": {"datetime": "2024-01-20 17:22:29", "elapsed": 10710.717555, "delta": 0.003288}}
{"target": -13.757958725286503, "params": {"colsample_bytree": 0.5791165280417371, "eta": 0.09169832860304787, "gamma": 677.6881876203552, "max_depth": 7.0, "min_child_weight": 3436.5623319456727, "num_boost_round": 11.0, "subsample": 0.8930303684989023}, "datetime": {"datetime": "2024-01-20 17:22:29", "elapsed": 10710.72095, "delta": 0.003395}}
{"target": -13.731352450340124, "params": {"colsample_bytree": 0.8712898036929787, "eta": 0.02359397202581734, "gamma": 797.4571599771006, "max_depth": 2.0, "min_child_weight": 4508.50250245614, "num_boost_round": 1.0, "subsample": 0.2054877815119202}, "datetime": {"datetime": "2024-01-20 17:22:55", "elapsed": 10736.219513, "delta": 25.498563}}
{"target": -13.731727809366568, "params": {"colsample_bytree": 0.8712898036929787, "eta": 0.02359397202581734, "gamma": 797.4571599771006, "max_depth": 2.0, "min_child_weight": 4508.50250245614, "num_boost_round": 2.0, "subsample": 0.2054877815119202}, "datetime": {"datetime": "2024-01-20 17:22:55", "elapsed": 10736.223331, "delta": 0.003818}}
{"target": -13.731625460219803, "params": {"colsample_bytree": 0.5190373245536617, "eta": 0.04737648712400797, "gamma": 608.1289558989076, "max_depth": 3.0, "min_child_weight": 3473.2326642825, "num_boost_round": 1.0, "subsample": 0.8164439537524215}, "datetime": {"datetime": "2024-01-20 17:23:35", "elapsed": 10776.602605, "delta": 40.379274}}
{"target": -13.732238654018037, "params": {"colsample_bytree": 0.5190373245536617, "eta": 0.04737648712400797, "gamma": 608.1289558989076, "max_depth": 3.0, "min_child_weight": 3473.2326642825, "num_boost_round": 2.0, "subsample": 0.8164439537524215}, "datetime": {"datetime": "2024-01-20 17:23:35", "elapsed": 10776.607765, "delta": 0.00516}}
{"target": -13.732408045356241, "params": {"colsample_bytree": 0.5190373245536617, "eta": 0.04737648712400797, "gamma": 608.1289558989076, "max_depth": 3.0, "min_child_weight": 3473.2326642825, "num_boost_round": 3.0, "subsample": 0.8164439537524215}, "datetime": {"datetime": "2024-01-20 17:23:35", "elapsed": 10776.61155, "delta": 0.003785}}
{"target": -13.733297792887468, "params": {"colsample_bytree": 0.5190373245536617, "eta": 0.04737648712400797, "gamma": 608.1289558989076, "max_depth": 3.0, "min_child_weight": 3473.2326642825, "num_boost_round": 4.0, "subsample": 0.8164439537524215}, "datetime": {"datetime": "2024-01-20 17:23:35", "elapsed": 10776.614981, "delta": 0.003431}}
{"target": -13.731578037658114, "params": {"colsample_bytree": 0.4386643967837942, "eta": 0.056796904614421315, "gamma": 527.9214980511932, "max_depth": 3.0, "min_child_weight": 3333.9065529469417, "num_boost_round": 1.0, "subsample": 0.41466906822568195}, "datetime": {"datetime": "2024-01-20 17:24:06", "elapsed": 10807.856535, "delta": 31.241554}}
{"target": -13.731983157004512, "params": {"colsample_bytree": 0.4386643967837942, "eta": 0.056796904614421315, "gamma": 527.9214980511932, "max_depth": 3.0, "min_child_weight": 3333.9065529469417, "num_boost_round": 2.0, "subsample": 0.41466906822568195}, "datetime": {"datetime": "2024-01-20 17:24:06", "elapsed": 10807.861585, "delta": 0.00505}}
{"target": -13.732514446682128, "params": {"colsample_bytree": 0.4386643967837942, "eta": 0.056796904614421315, "gamma": 527.9214980511932, "max_depth": 3.0, "min_child_weight": 3333.9065529469417, "num_boost_round": 3.0, "subsample": 0.41466906822568195}, "datetime": {"datetime": "2024-01-20 17:24:06", "elapsed": 10807.865337, "delta": 0.003752}}
{"target": -13.733539911585254, "params": {"colsample_bytree": 0.811254843439074, "eta": 0.08428022490449386, "gamma": 290.84144674398215, "max_depth": 8.0, "min_child_weight": 4569.180376227558, "num_boost_round": 1.0, "subsample": 0.34363663263491834}, "datetime": {"datetime": "2024-01-20 17:24:43", "elapsed": 10844.556083, "delta": 36.690746}}
{"target": -13.731026125546949, "params": {"colsample_bytree": 0.5597968403318574, "eta": 0.0005804585766179387, "gamma": 82.96666817664655, "max_depth": 3.0, "min_child_weight": 4600.421735424519, "num_boost_round": 1.0, "subsample": 0.358417931128412}, "datetime": {"datetime": "2024-01-20 17:25:16", "elapsed": 10877.558554, "delta": 33.002471}}
{"target": -13.73103194138005, "params": {"colsample_bytree": 0.5597968403318574, "eta": 0.0005804585766179387, "gamma": 82.96666817664655, "max_depth": 3.0, "min_child_weight": 4600.421735424519, "num_boost_round": 2.0, "subsample": 0.358417931128412}, "datetime": {"datetime": "2024-01-20 17:25:16", "elapsed": 10877.563968, "delta": 0.005414}}
{"target": -13.731039678841368, "params": {"colsample_bytree": 0.5597968403318574, "eta": 0.0005804585766179387, "gamma": 82.96666817664655, "max_depth": 3.0, "min_child_weight": 4600.421735424519, "num_boost_round": 3.0, "subsample": 0.358417931128412}, "datetime": {"datetime": "2024-01-20 17:25:16", "elapsed": 10877.567751, "delta": 0.003783}}
{"target": -13.731195192719492, "params": {"colsample_bytree": 0.6025458847334438, "eta": 0.012009049127094534, "gamma": 741.503920173447, "max_depth": 7.0, "min_child_weight": 3615.319076798227, "num_boost_round": 1.0, "subsample": 0.141233506281987}, "datetime": {"datetime": "2024-01-20 17:25:51", "elapsed": 10912.181617, "delta": 34.613866}}
{"target": -13.731278059330187, "params": {"colsample_bytree": 0.6025458847334438, "eta": 0.012009049127094534, "gamma": 741.503920173447, "max_depth": 7.0, "min_child_weight": 3615.319076798227, "num_boost_round": 2.0, "subsample": 0.141233506281987}, "datetime": {"datetime": "2024-01-20 17:25:51", "elapsed": 10912.186451, "delta": 0.004834}}
{"target": -13.731341524014907, "params": {"colsample_bytree": 0.14437857825518202, "eta": 0.03212004535319556, "gamma": 702.3291491504207, "max_depth": 8.0, "min_child_weight": 3837.1383301868573, "num_boost_round": 1.0, "subsample": 0.4904483437539585}, "datetime": {"datetime": "2024-01-20 17:26:20", "elapsed": 10941.519263, "delta": 29.332812}}
{"target": -13.732700423461008, "params": {"colsample_bytree": 0.8473293304882675, "eta": 0.07810323190185128, "gamma": 854.7678096005825, "max_depth": 7.0, "min_child_weight": 4583.187536246217, "num_boost_round": 1.0, "subsample": 0.7432327703048685}, "datetime": {"datetime": "2024-01-20 17:26:56", "elapsed": 10977.057895, "delta": 35.538632}}
{"target": -13.734969219918078, "params": {"colsample_bytree": 0.8473293304882675, "eta": 0.07810323190185128, "gamma": 854.7678096005825, "max_depth": 7.0, "min_child_weight": 4583.187536246217, "num_boost_round": 2.0, "subsample": 0.7432327703048685}, "datetime": {"datetime": "2024-01-20 17:26:56", "elapsed": 10977.06329, "delta": 0.005395}}
{"target": -13.731716131828897, "params": {"colsample_bytree": 0.8731337324369698, "eta": 0.05104493267468782, "gamma": 764.4071743837695, "max_depth": 6.0, "min_child_weight": 3563.746674587211, "num_boost_round": 1.0, "subsample": 0.908463868899518}, "datetime": {"datetime": "2024-01-20 17:27:49", "elapsed": 11030.021308, "delta": 52.958018}}
{"target": -13.733315404669456, "params": {"colsample_bytree": 0.8731337324369698, "eta": 0.05104493267468782, "gamma": 764.4071743837695, "max_depth": 6.0, "min_child_weight": 3563.746674587211, "num_boost_round": 2.0, "subsample": 0.908463868899518}, "datetime": {"datetime": "2024-01-20 17:27:49", "elapsed": 11030.025611, "delta": 0.004303}}
{"target": -13.734108337523843, "params": {"colsample_bytree": 0.8731337324369698, "eta": 0.05104493267468782, "gamma": 764.4071743837695, "max_depth": 6.0, "min_child_weight": 3563.746674587211, "num_boost_round": 3.0, "subsample": 0.908463868899518}, "datetime": {"datetime": "2024-01-20 17:27:49", "elapsed": 11030.029508, "delta": 0.003897}}
{"target": -13.735494145560756, "params": {"colsample_bytree": 0.8731337324369698, "eta": 0.05104493267468782, "gamma": 764.4071743837695, "max_depth": 6.0, "min_child_weight": 3563.746674587211, "num_boost_round": 4.0, "subsample": 0.908463868899518}, "datetime": {"datetime": "2024-01-20 17:27:49", "elapsed": 11030.033024, "delta": 0.003516}}
{"target": -13.731319323440765, "params": {"colsample_bytree": 0.4656869850652601, "eta": 0.01497764493442332, "gamma": 618.8683172796058, "max_depth": 8.0, "min_child_weight": 3529.7661824217193, "num_boost_round": 1.0, "subsample": 0.3148580101896029}, "datetime": {"datetime": "2024-01-20 17:28:18", "elapsed": 11059.539219, "delta": 29.506195}}
{"target": -13.733175386206904, "params": {"colsample_bytree": 0.701268560388443, "eta": 0.08402632724213006, "gamma": 279.10348891973655, "max_depth": 7.0, "min_child_weight": 3615.475754806701, "num_boost_round": 1.0, "subsample": 0.6279044347036179}, "datetime": {"datetime": "2024-01-20 17:28:47", "elapsed": 11088.443639, "delta": 28.90442}}
{"target": -13.731601740042954, "params": {"colsample_bytree": 0.31597740231991367, "eta": 0.09011631242944793, "gamma": 14.166582656008897, "max_depth": 3.0, "min_child_weight": 4711.004173384551, "num_boost_round": 1.0, "subsample": 0.8218022188482089}, "datetime": {"datetime": "2024-01-20 17:29:21", "elapsed": 11121.992142, "delta": 33.548503}}
{"target": -13.732908514852221, "params": {"colsample_bytree": 0.31597740231991367, "eta": 0.09011631242944793, "gamma": 14.166582656008897, "max_depth": 3.0, "min_child_weight": 4711.004173384551, "num_boost_round": 2.0, "subsample": 0.8218022188482089}, "datetime": {"datetime": "2024-01-20 17:29:21", "elapsed": 11121.997785, "delta": 0.005643}}
{"target": -13.731043888454469, "params": {"colsample_bytree": 0.4093279501003878, "eta": 0.0023186845699293664, "gamma": 898.6101082620199, "max_depth": 9.0, "min_child_weight": 4218.627541166616, "num_boost_round": 1.0, "subsample": 0.999619346244792}, "datetime": {"datetime": "2024-01-20 17:29:52", "elapsed": 11153.286613, "delta": 31.288828}}
{"target": -13.733361322078178, "params": {"colsample_bytree": 0.8912137786735065, "eta": 0.08334542842403256, "gamma": 303.723641930564, "max_depth": 9.0, "min_child_weight": 3562.558584744164, "num_boost_round": 1.0, "subsample": 0.3715946547394138}, "datetime": {"datetime": "2024-01-20 17:30:28", "elapsed": 11189.251928, "delta": 35.965315}}
{"target": -13.735465594968538, "params": {"colsample_bytree": 0.8912137786735065, "eta": 0.08334542842403256, "gamma": 303.723641930564, "max_depth": 9.0, "min_child_weight": 3562.558584744164, "num_boost_round": 2.0, "subsample": 0.3715946547394138}, "datetime": {"datetime": "2024-01-20 17:30:28", "elapsed": 11189.256594, "delta": 0.004666}}
{"target": -13.731035048221587, "params": {"colsample_bytree": 0.44197931020420655, "eta": 0.0019418927728788245, "gamma": 58.560122952343804, "max_depth": 9.0, "min_child_weight": 4564.149281778919, "num_boost_round": 1.0, "subsample": 0.9414812921588676}, "datetime": {"datetime": "2024-01-20 17:31:14", "elapsed": 11235.812444, "delta": 46.55585}}
{"target": -13.731043439558544, "params": {"colsample_bytree": 0.44197931020420655, "eta": 0.0019418927728788245, "gamma": 58.560122952343804, "max_depth": 9.0, "min_child_weight": 4564.149281778919, "num_boost_round": 2.0, "subsample": 0.9414812921588676}, "datetime": {"datetime": "2024-01-20 17:31:14", "elapsed": 11235.817218, "delta": 0.004774}}
{"target": -13.731065264339119, "params": {"colsample_bytree": 0.44197931020420655, "eta": 0.0019418927728788245, "gamma": 58.560122952343804, "max_depth": 9.0, "min_child_weight": 4564.149281778919, "num_boost_round": 3.0, "subsample": 0.9414812921588676}, "datetime": {"datetime": "2024-01-20 17:31:14", "elapsed": 11235.821176, "delta": 0.003958}}
{"target": -13.731090617953924, "params": {"colsample_bytree": 0.44197931020420655, "eta": 0.0019418927728788245, "gamma": 58.560122952343804, "max_depth": 9.0, "min_child_weight": 4564.149281778919, "num_boost_round": 4.0, "subsample": 0.9414812921588676}, "datetime": {"datetime": "2024-01-20 17:31:14", "elapsed": 11235.824663, "delta": 0.003487}}
{"target": -13.7311329788811, "params": {"colsample_bytree": 0.44197931020420655, "eta": 0.0019418927728788245, "gamma": 58.560122952343804, "max_depth": 9.0, "min_child_weight": 4564.149281778919, "num_boost_round": 5.0, "subsample": 0.9414812921588676}, "datetime": {"datetime": "2024-01-20 17:31:14", "elapsed": 11235.828432, "delta": 0.003769}}
{"target": -13.731144095232278, "params": {"colsample_bytree": 0.44197931020420655, "eta": 0.0019418927728788245, "gamma": 58.560122952343804, "max_depth": 9.0, "min_child_weight": 4564.149281778919, "num_boost_round": 6.0, "subsample": 0.9414812921588676}, "datetime": {"datetime": "2024-01-20 17:31:14", "elapsed": 11235.83205, "delta": 0.003618}}
{"target": -13.731174232218265, "params": {"colsample_bytree": 0.44197931020420655, "eta": 0.0019418927728788245, "gamma": 58.560122952343804, "max_depth": 9.0, "min_child_weight": 4564.149281778919, "num_boost_round": 7.0, "subsample": 0.9414812921588676}, "datetime": {"datetime": "2024-01-20 17:31:14", "elapsed": 11235.835545, "delta": 0.003495}}
{"target": -13.731194406504507, "params": {"colsample_bytree": 0.44197931020420655, "eta": 0.0019418927728788245, "gamma": 58.560122952343804, "max_depth": 9.0, "min_child_weight": 4564.149281778919, "num_boost_round": 8.0, "subsample": 0.9414812921588676}, "datetime": {"datetime": "2024-01-20 17:31:14", "elapsed": 11235.839101, "delta": 0.003556}}
{"target": -13.731217379423043, "params": {"colsample_bytree": 0.44197931020420655, "eta": 0.0019418927728788245, "gamma": 58.560122952343804, "max_depth": 9.0, "min_child_weight": 4564.149281778919, "num_boost_round": 9.0, "subsample": 0.9414812921588676}, "datetime": {"datetime": "2024-01-20 17:31:14", "elapsed": 11235.842519, "delta": 0.003418}}
{"target": -13.73124693659813, "params": {"colsample_bytree": 0.44197931020420655, "eta": 0.0019418927728788245, "gamma": 58.560122952343804, "max_depth": 9.0, "min_child_weight": 4564.149281778919, "num_boost_round": 10.0, "subsample": 0.9414812921588676}, "datetime": {"datetime": "2024-01-20 17:31:14", "elapsed": 11235.846084, "delta": 0.003565}}
{"target": -13.731245381962609, "params": {"colsample_bytree": 0.44197931020420655, "eta": 0.0019418927728788245, "gamma": 58.560122952343804, "max_depth": 9.0, "min_child_weight": 4564.149281778919, "num_boost_round": 11.0, "subsample": 0.9414812921588676}, "datetime": {"datetime": "2024-01-20 17:31:14", "elapsed": 11235.849665, "delta": 0.003581}}
{"target": -13.731263308940687, "params": {"colsample_bytree": 0.44197931020420655, "eta": 0.0019418927728788245, "gamma": 58.560122952343804, "max_depth": 9.0, "min_child_weight": 4564.149281778919, "num_boost_round": 12.0, "subsample": 0.9414812921588676}, "datetime": {"datetime": "2024-01-20 17:31:14", "elapsed": 11235.853167, "delta": 0.003502}}
{"target": -13.731278496070662, "params": {"colsample_bytree": 0.44197931020420655, "eta": 0.0019418927728788245, "gamma": 58.560122952343804, "max_depth": 9.0, "min_child_weight": 4564.149281778919, "num_boost_round": 13.0, "subsample": 0.9414812921588676}, "datetime": {"datetime": "2024-01-20 17:31:14", "elapsed": 11235.856739, "delta": 0.003572}}
{"target": -13.731309153301, "params": {"colsample_bytree": 0.44197931020420655, "eta": 0.0019418927728788245, "gamma": 58.560122952343804, "max_depth": 9.0, "min_child_weight": 4564.149281778919, "num_boost_round": 14.0, "subsample": 0.9414812921588676}, "datetime": {"datetime": "2024-01-20 17:31:14", "elapsed": 11235.860466, "delta": 0.003727}}
{"target": -13.731338042814656, "params": {"colsample_bytree": 0.44197931020420655, "eta": 0.0019418927728788245, "gamma": 58.560122952343804, "max_depth": 9.0, "min_child_weight": 4564.149281778919, "num_boost_round": 15.0, "subsample": 0.9414812921588676}, "datetime": {"datetime": "2024-01-20 17:31:14", "elapsed": 11235.864216, "delta": 0.00375}}
{"target": -13.731367326762815, "params": {"colsample_bytree": 0.44197931020420655, "eta": 0.0019418927728788245, "gamma": 58.560122952343804, "max_depth": 9.0, "min_child_weight": 4564.149281778919, "num_boost_round": 16.0, "subsample": 0.9414812921588676}, "datetime": {"datetime": "2024-01-20 17:31:14", "elapsed": 11235.867907, "delta": 0.003691}}
{"target": -13.732435786063126, "params": {"colsample_bytree": 0.7990574729154991, "eta": 0.0850763159082415, "gamma": 338.88107355789964, "max_depth": 6.0, "min_child_weight": 3763.2393639410634, "num_boost_round": 1.0, "subsample": 0.2549741313227139}, "datetime": {"datetime": "2024-01-20 17:31:49", "elapsed": 11270.589029, "delta": 34.721122}}
{"target": -13.734479045610446, "params": {"colsample_bytree": 0.7990574729154991, "eta": 0.0850763159082415, "gamma": 338.88107355789964, "max_depth": 6.0, "min_child_weight": 3763.2393639410634, "num_boost_round": 2.0, "subsample": 0.2549741313227139}, "datetime": {"datetime": "2024-01-20 17:31:49", "elapsed": 11270.593164, "delta": 0.004135}}
{"target": -13.731531168393875, "params": {"colsample_bytree": 0.633256063887741, "eta": 0.03917228279182737, "gamma": 155.42454082902313, "max_depth": 2.0, "min_child_weight": 3880.3743078695775, "num_boost_round": 1.0, "subsample": 0.34352827730037483}, "datetime": {"datetime": "2024-01-20 17:32:26", "elapsed": 11307.313585, "delta": 36.720421}}
{"target": -13.732016168513029, "params": {"colsample_bytree": 0.633256063887741, "eta": 0.03917228279182737, "gamma": 155.42454082902313, "max_depth": 2.0, "min_child_weight": 3880.3743078695775, "num_boost_round": 2.0, "subsample": 0.34352827730037483}, "datetime": {"datetime": "2024-01-20 17:32:26", "elapsed": 11307.318018, "delta": 0.004433}}
{"target": -13.731021623165939, "params": {"colsample_bytree": 0.28001300628551473, "eta": 0.000709636168230607, "gamma": 248.13636961152307, "max_depth": 6.0, "min_child_weight": 4139.763569689853, "num_boost_round": 1.0, "subsample": 0.4956197449455123}, "datetime": {"datetime": "2024-01-20 17:33:19", "elapsed": 11360.708121, "delta": 53.390103}}
{"target": -13.731026042901831, "params": {"colsample_bytree": 0.28001300628551473, "eta": 0.000709636168230607, "gamma": 248.13636961152307, "max_depth": 6.0, "min_child_weight": 4139.763569689853, "num_boost_round": 2.0, "subsample": 0.4956197449455123}, "datetime": {"datetime": "2024-01-20 17:33:19", "elapsed": 11360.712592, "delta": 0.004471}}
{"target": -13.731568762372065, "params": {"colsample_bytree": 0.4374959265970205, "eta": 0.09853634395365456, "gamma": 233.8290478292201, "max_depth": 6.0, "min_child_weight": 4175.32705010454, "num_boost_round": 1.0, "subsample": 0.940809472627599}, "datetime": {"datetime": "2024-01-20 17:34:07", "elapsed": 11408.208102, "delta": 47.49551}}
{"target": -13.732646845194246, "params": {"colsample_bytree": 0.4374959265970205, "eta": 0.09853634395365456, "gamma": 233.8290478292201, "max_depth": 6.0, "min_child_weight": 4175.32705010454, "num_boost_round": 2.0, "subsample": 0.940809472627599}, "datetime": {"datetime": "2024-01-20 17:34:07", "elapsed": 11408.213186, "delta": 0.005084}}
{"target": -13.731711798105934, "params": {"colsample_bytree": 0.7775916371940429, "eta": 0.03477770970110918, "gamma": 274.4419888639643, "max_depth": 9.0, "min_child_weight": 4519.279922744591, "num_boost_round": 1.0, "subsample": 0.9094351741389224}, "datetime": {"datetime": "2024-01-20 17:34:33", "elapsed": 11434.700108, "delta": 26.486922}}
{"target": -13.731494074218944, "params": {"colsample_bytree": 0.647481641414745, "eta": 0.030808649223647507, "gamma": 264.666745692299, "max_depth": 4.0, "min_child_weight": 4741.374751190681, "num_boost_round": 1.0, "subsample": 0.1274439856960748}, "datetime": {"datetime": "2024-01-20 17:35:11", "elapsed": 11472.728109, "delta": 38.028001}}
{"target": -13.731837890302113, "params": {"colsample_bytree": 0.647481641414745, "eta": 0.030808649223647507, "gamma": 264.666745692299, "max_depth": 4.0, "min_child_weight": 4741.374751190681, "num_boost_round": 2.0, "subsample": 0.1274439856960748}, "datetime": {"datetime": "2024-01-20 17:35:11", "elapsed": 11472.732496, "delta": 0.004387}}
