{"target": -10.298580436972003, "params": {"colsample_bytree": 0.8689536285952981, "eta": 0.02717915882937361, "gamma": 400.9791140706276, "max_depth": 3.0, "min_child_weight": 4199.843261314374, "num_boost_round": 1.0, "subsample": 0.9827486774417874}, "datetime": {"datetime": "2024-01-20 13:38:39", "elapsed": 1017.695229, "delta": 30.446767}}
{"target": -10.298651447709618, "params": {"colsample_bytree": 0.8689536285952981, "eta": 0.02717915882937361, "gamma": 400.9791140706276, "max_depth": 3.0, "min_child_weight": 4199.843261314374, "num_boost_round": 2.0, "subsample": 0.9827486774417874}, "datetime": {"datetime": "2024-01-20 13:38:39", "elapsed": 1017.698765, "delta": 0.003536}}
{"target": -10.298682369794243, "params": {"colsample_bytree": 0.8689536285952981, "eta": 0.02717915882937361, "gamma": 400.9791140706276, "max_depth": 3.0, "min_child_weight": 4199.843261314374, "num_boost_round": 3.0, "subsample": 0.9827486774417874}, "datetime": {"datetime": "2024-01-20 13:38:39", "elapsed": 1017.700462, "delta": 0.001697}}
{"target": -10.298780403466235, "params": {"colsample_bytree": 0.8689536285952981, "eta": 0.02717915882937361, "gamma": 400.9791140706276, "max_depth": 3.0, "min_child_weight": 4199.843261314374, "num_boost_round": 4.0, "subsample": 0.9827486774417874}, "datetime": {"datetime": "2024-01-20 13:38:39", "elapsed": 1017.70161, "delta": 0.001148}}
{"target": -10.298915043829005, "params": {"colsample_bytree": 0.8689536285952981, "eta": 0.02717915882937361, "gamma": 400.9791140706276, "max_depth": 3.0, "min_child_weight": 4199.843261314374, "num_boost_round": 5.0, "subsample": 0.9827486774417874}, "datetime": {"datetime": "2024-01-20 13:38:39", "elapsed": 1017.702589, "delta": 0.000979}}
{"target": -10.299128989492859, "params": {"colsample_bytree": 0.8689536285952981, "eta": 0.02717915882937361, "gamma": 400.9791140706276, "max_depth": 3.0, "min_child_weight": 4199.843261314374, "num_boost_round": 6.0, "subsample": 0.9827486774417874}, "datetime": {"datetime": "2024-01-20 13:38:39", "elapsed": 1017.70364, "delta": 0.001051}}
{"target": -10.299283727445761, "params": {"colsample_bytree": 0.8689536285952981, "eta": 0.02717915882937361, "gamma": 400.9791140706276, "max_depth": 3.0, "min_child_weight": 4199.843261314374, "num_boost_round": 7.0, "subsample": 0.9827486774417874}, "datetime": {"datetime": "2024-01-20 13:38:39", "elapsed": 1017.704577, "delta": 0.000937}}
{"target": -10.29938988125625, "params": {"colsample_bytree": 0.8689536285952981, "eta": 0.02717915882937361, "gamma": 400.9791140706276, "max_depth": 3.0, "min_child_weight": 4199.843261314374, "num_boost_round": 8.0, "subsample": 0.9827486774417874}, "datetime": {"datetime": "2024-01-20 13:38:39", "elapsed": 1017.705511, "delta": 0.000934}}
{"target": -10.299585478994235, "params": {"colsample_bytree": 0.8689536285952981, "eta": 0.02717915882937361, "gamma": 400.9791140706276, "max_depth": 3.0, "min_child_weight": 4199.843261314374, "num_boost_round": 9.0, "subsample": 0.9827486774417874}, "datetime": {"datetime": "2024-01-20 13:38:39", "elapsed": 1017.706452, "delta": 0.000941}}
{"target": -10.299794812152314, "params": {"colsample_bytree": 0.8689536285952981, "eta": 0.02717915882937361, "gamma": 400.9791140706276, "max_depth": 3.0, "min_child_weight": 4199.843261314374, "num_boost_round": 10.0, "subsample": 0.9827486774417874}, "datetime": {"datetime": "2024-01-20 13:38:39", "elapsed": 1017.707381, "delta": 0.000929}}
{"target": -10.299964813322468, "params": {"colsample_bytree": 0.8689536285952981, "eta": 0.02717915882937361, "gamma": 400.9791140706276, "max_depth": 3.0, "min_child_weight": 4199.843261314374, "num_boost_round": 11.0, "subsample": 0.9827486774417874}, "datetime": {"datetime": "2024-01-20 13:38:39", "elapsed": 1017.708301, "delta": 0.00092}}
{"target": -10.300090867334557, "params": {"colsample_bytree": 0.8689536285952981, "eta": 0.02717915882937361, "gamma": 400.9791140706276, "max_depth": 3.0, "min_child_weight": 4199.843261314374, "num_boost_round": 12.0, "subsample": 0.9827486774417874}, "datetime": {"datetime": "2024-01-20 13:38:39", "elapsed": 1017.709316, "delta": 0.001015}}
{"target": -10.30024854361206, "params": {"colsample_bytree": 0.8689536285952981, "eta": 0.02717915882937361, "gamma": 400.9791140706276, "max_depth": 3.0, "min_child_weight": 4199.843261314374, "num_boost_round": 13.0, "subsample": 0.9827486774417874}, "datetime": {"datetime": "2024-01-20 13:38:39", "elapsed": 1017.710252, "delta": 0.000936}}
{"target": -10.300489179055184, "params": {"colsample_bytree": 0.8689536285952981, "eta": 0.02717915882937361, "gamma": 400.9791140706276, "max_depth": 3.0, "min_child_weight": 4199.843261314374, "num_boost_round": 14.0, "subsample": 0.9827486774417874}, "datetime": {"datetime": "2024-01-20 13:38:39", "elapsed": 1017.71123, "delta": 0.000978}}
{"target": -10.297582981032228, "params": {"colsample_bytree": 0.49201374168853607, "eta": 0.08414109481505144, "gamma": 594.670601659974, "max_depth": 5.0, "min_child_weight": 4342.50435140307, "num_boost_round": 1.0, "subsample": 0.20083638459404662}, "datetime": {"datetime": "2024-01-20 13:39:02", "elapsed": 1040.503949, "delta": 22.792719}}
{"target": -10.297582158717741, "params": {"colsample_bytree": 0.49201374168853607, "eta": 0.08414109481505144, "gamma": 594.670601659974, "max_depth": 5.0, "min_child_weight": 4342.50435140307, "num_boost_round": 2.0, "subsample": 0.20083638459404662}, "datetime": {"datetime": "2024-01-20 13:39:02", "elapsed": 1040.506229, "delta": 0.00228}}
{"target": -10.297719717636559, "params": {"colsample_bytree": 0.49201374168853607, "eta": 0.08414109481505144, "gamma": 594.670601659974, "max_depth": 5.0, "min_child_weight": 4342.50435140307, "num_boost_round": 3.0, "subsample": 0.20083638459404662}, "datetime": {"datetime": "2024-01-20 13:39:02", "elapsed": 1040.507244, "delta": 0.001015}}
{"target": -10.297769899375492, "params": {"colsample_bytree": 0.49201374168853607, "eta": 0.08414109481505144, "gamma": 594.670601659974, "max_depth": 5.0, "min_child_weight": 4342.50435140307, "num_boost_round": 4.0, "subsample": 0.20083638459404662}, "datetime": {"datetime": "2024-01-20 13:39:02", "elapsed": 1040.508183, "delta": 0.000939}}
{"target": -10.298194897408898, "params": {"colsample_bytree": 0.12116112551290031, "eta": 0.07117652108246064, "gamma": 663.5827425971625, "max_depth": 7.0, "min_child_weight": 4341.289587247036, "num_boost_round": 1.0, "subsample": 0.2708137745003214}, "datetime": {"datetime": "2024-01-20 13:39:26", "elapsed": 1064.648255, "delta": 24.140072}}
{"target": -10.297797072547487, "params": {"colsample_bytree": 0.12116112551290031, "eta": 0.07117652108246064, "gamma": 663.5827425971625, "max_depth": 7.0, "min_child_weight": 4341.289587247036, "num_boost_round": 2.0, "subsample": 0.2708137745003214}, "datetime": {"datetime": "2024-01-20 13:39:26", "elapsed": 1064.649528, "delta": 0.001273}}
{"target": -10.29810048951717, "params": {"colsample_bytree": 0.12116112551290031, "eta": 0.07117652108246064, "gamma": 663.5827425971625, "max_depth": 7.0, "min_child_weight": 4341.289587247036, "num_boost_round": 3.0, "subsample": 0.2708137745003214}, "datetime": {"datetime": "2024-01-20 13:39:26", "elapsed": 1064.650531, "delta": 0.001003}}
{"target": -10.297886809093347, "params": {"colsample_bytree": 0.12116112551290031, "eta": 0.07117652108246064, "gamma": 663.5827425971625, "max_depth": 7.0, "min_child_weight": 4341.289587247036, "num_boost_round": 4.0, "subsample": 0.2708137745003214}, "datetime": {"datetime": "2024-01-20 13:39:26", "elapsed": 1064.652301, "delta": 0.00177}}
{"target": -10.29736601432154, "params": {"colsample_bytree": 0.12116112551290031, "eta": 0.07117652108246064, "gamma": 663.5827425971625, "max_depth": 7.0, "min_child_weight": 4341.289587247036, "num_boost_round": 5.0, "subsample": 0.2708137745003214}, "datetime": {"datetime": "2024-01-20 13:39:26", "elapsed": 1064.653998, "delta": 0.001697}}
{"target": -10.298061889699547, "params": {"colsample_bytree": 0.4324900795083335, "eta": 0.07856472407277781, "gamma": 686.3960943861904, "max_depth": 8.0, "min_child_weight": 4378.670452523737, "num_boost_round": 1.0, "subsample": 0.3994117184783056}, "datetime": {"datetime": "2024-01-20 13:40:15", "elapsed": 1113.430874, "delta": 48.776876}}
{"target": -10.298127337437135, "params": {"colsample_bytree": 0.4324900795083335, "eta": 0.07856472407277781, "gamma": 686.3960943861904, "max_depth": 8.0, "min_child_weight": 4378.670452523737, "num_boost_round": 2.0, "subsample": 0.3994117184783056}, "datetime": {"datetime": "2024-01-20 13:40:15", "elapsed": 1113.432531, "delta": 0.001657}}
{"target": -10.298381056481904, "params": {"colsample_bytree": 0.4324900795083335, "eta": 0.07856472407277781, "gamma": 686.3960943861904, "max_depth": 8.0, "min_child_weight": 4378.670452523737, "num_boost_round": 3.0, "subsample": 0.3994117184783056}, "datetime": {"datetime": "2024-01-20 13:40:15", "elapsed": 1113.433601, "delta": 0.00107}}
{"target": -10.29856668665993, "params": {"colsample_bytree": 0.4324900795083335, "eta": 0.07856472407277781, "gamma": 686.3960943861904, "max_depth": 8.0, "min_child_weight": 4378.670452523737, "num_boost_round": 4.0, "subsample": 0.3994117184783056}, "datetime": {"datetime": "2024-01-20 13:40:15", "elapsed": 1113.434613, "delta": 0.001012}}
{"target": -10.299088377699915, "params": {"colsample_bytree": 0.4324900795083335, "eta": 0.07856472407277781, "gamma": 686.3960943861904, "max_depth": 8.0, "min_child_weight": 4378.670452523737, "num_boost_round": 5.0, "subsample": 0.3994117184783056}, "datetime": {"datetime": "2024-01-20 13:40:15", "elapsed": 1113.436458, "delta": 0.001845}}
{"target": -10.299566653434596, "params": {"colsample_bytree": 0.4324900795083335, "eta": 0.07856472407277781, "gamma": 686.3960943861904, "max_depth": 8.0, "min_child_weight": 4378.670452523737, "num_boost_round": 6.0, "subsample": 0.3994117184783056}, "datetime": {"datetime": "2024-01-20 13:40:15", "elapsed": 1113.437759, "delta": 0.001301}}
{"target": -10.300101777426942, "params": {"colsample_bytree": 0.4324900795083335, "eta": 0.07856472407277781, "gamma": 686.3960943861904, "max_depth": 8.0, "min_child_weight": 4378.670452523737, "num_boost_round": 7.0, "subsample": 0.3994117184783056}, "datetime": {"datetime": "2024-01-20 13:40:15", "elapsed": 1113.438864, "delta": 0.001105}}
{"target": -10.300393845297911, "params": {"colsample_bytree": 0.4324900795083335, "eta": 0.07856472407277781, "gamma": 686.3960943861904, "max_depth": 8.0, "min_child_weight": 4378.670452523737, "num_boost_round": 8.0, "subsample": 0.3994117184783056}, "datetime": {"datetime": "2024-01-20 13:40:15", "elapsed": 1113.441184, "delta": 0.00232}}
{"target": -10.300935960408166, "params": {"colsample_bytree": 0.4324900795083335, "eta": 0.07856472407277781, "gamma": 686.3960943861904, "max_depth": 8.0, "min_child_weight": 4378.670452523737, "num_boost_round": 9.0, "subsample": 0.3994117184783056}, "datetime": {"datetime": "2024-01-20 13:40:15", "elapsed": 1113.44236, "delta": 0.001176}}
{"target": -10.301600562215707, "params": {"colsample_bytree": 0.4324900795083335, "eta": 0.07856472407277781, "gamma": 686.3960943861904, "max_depth": 8.0, "min_child_weight": 4378.670452523737, "num_boost_round": 10.0, "subsample": 0.3994117184783056}, "datetime": {"datetime": "2024-01-20 13:40:15", "elapsed": 1113.443352, "delta": 0.000992}}
{"target": -10.30161577330307, "params": {"colsample_bytree": 0.4324900795083335, "eta": 0.07856472407277781, "gamma": 686.3960943861904, "max_depth": 8.0, "min_child_weight": 4378.670452523737, "num_boost_round": 11.0, "subsample": 0.3994117184783056}, "datetime": {"datetime": "2024-01-20 13:40:15", "elapsed": 1113.444447, "delta": 0.001095}}
{"target": -10.301894395994582, "params": {"colsample_bytree": 0.4324900795083335, "eta": 0.07856472407277781, "gamma": 686.3960943861904, "max_depth": 8.0, "min_child_weight": 4378.670452523737, "num_boost_round": 12.0, "subsample": 0.3994117184783056}, "datetime": {"datetime": "2024-01-20 13:40:15", "elapsed": 1113.445424, "delta": 0.000977}}
{"target": -10.301960915470426, "params": {"colsample_bytree": 0.4324900795083335, "eta": 0.07856472407277781, "gamma": 686.3960943861904, "max_depth": 8.0, "min_child_weight": 4378.670452523737, "num_boost_round": 13.0, "subsample": 0.3994117184783056}, "datetime": {"datetime": "2024-01-20 13:40:15", "elapsed": 1113.446385, "delta": 0.000961}}
{"target": -10.302327665915644, "params": {"colsample_bytree": 0.4324900795083335, "eta": 0.07856472407277781, "gamma": 686.3960943861904, "max_depth": 8.0, "min_child_weight": 4378.670452523737, "num_boost_round": 14.0, "subsample": 0.3994117184783056}, "datetime": {"datetime": "2024-01-20 13:40:15", "elapsed": 1113.447354, "delta": 0.000969}}
{"target": -10.302857291907834, "params": {"colsample_bytree": 0.4324900795083335, "eta": 0.07856472407277781, "gamma": 686.3960943861904, "max_depth": 8.0, "min_child_weight": 4378.670452523737, "num_boost_round": 15.0, "subsample": 0.3994117184783056}, "datetime": {"datetime": "2024-01-20 13:40:15", "elapsed": 1113.448333, "delta": 0.000979}}
{"target": -10.303152372505526, "params": {"colsample_bytree": 0.4324900795083335, "eta": 0.07856472407277781, "gamma": 686.3960943861904, "max_depth": 8.0, "min_child_weight": 4378.670452523737, "num_boost_round": 16.0, "subsample": 0.3994117184783056}, "datetime": {"datetime": "2024-01-20 13:40:15", "elapsed": 1113.4493, "delta": 0.000967}}
{"target": -10.303542494708642, "params": {"colsample_bytree": 0.4324900795083335, "eta": 0.07856472407277781, "gamma": 686.3960943861904, "max_depth": 8.0, "min_child_weight": 4378.670452523737, "num_boost_round": 17.0, "subsample": 0.3994117184783056}, "datetime": {"datetime": "2024-01-20 13:40:15", "elapsed": 1113.450422, "delta": 0.001122}}
{"target": -10.303747817304126, "params": {"colsample_bytree": 0.4324900795083335, "eta": 0.07856472407277781, "gamma": 686.3960943861904, "max_depth": 8.0, "min_child_weight": 4378.670452523737, "num_boost_round": 18.0, "subsample": 0.3994117184783056}, "datetime": {"datetime": "2024-01-20 13:40:15", "elapsed": 1113.45138, "delta": 0.000958}}
{"target": -10.30410817252083, "params": {"colsample_bytree": 0.4324900795083335, "eta": 0.07856472407277781, "gamma": 686.3960943861904, "max_depth": 8.0, "min_child_weight": 4378.670452523737, "num_boost_round": 19.0, "subsample": 0.3994117184783056}, "datetime": {"datetime": "2024-01-20 13:40:15", "elapsed": 1113.452361, "delta": 0.000981}}
{"target": -10.304342944757629, "params": {"colsample_bytree": 0.4324900795083335, "eta": 0.07856472407277781, "gamma": 686.3960943861904, "max_depth": 8.0, "min_child_weight": 4378.670452523737, "num_boost_round": 20.0, "subsample": 0.3994117184783056}, "datetime": {"datetime": "2024-01-20 13:40:15", "elapsed": 1113.453341, "delta": 0.00098}}
{"target": -10.30453092618115, "params": {"colsample_bytree": 0.4324900795083335, "eta": 0.07856472407277781, "gamma": 686.3960943861904, "max_depth": 8.0, "min_child_weight": 4378.670452523737, "num_boost_round": 21.0, "subsample": 0.3994117184783056}, "datetime": {"datetime": "2024-01-20 13:40:15", "elapsed": 1113.454311, "delta": 0.00097}}
{"target": -10.304834297904678, "params": {"colsample_bytree": 0.4324900795083335, "eta": 0.07856472407277781, "gamma": 686.3960943861904, "max_depth": 8.0, "min_child_weight": 4378.670452523737, "num_boost_round": 22.0, "subsample": 0.3994117184783056}, "datetime": {"datetime": "2024-01-20 13:40:15", "elapsed": 1113.455279, "delta": 0.000968}}
{"target": -10.305259969178174, "params": {"colsample_bytree": 0.4324900795083335, "eta": 0.07856472407277781, "gamma": 686.3960943861904, "max_depth": 8.0, "min_child_weight": 4378.670452523737, "num_boost_round": 23.0, "subsample": 0.3994117184783056}, "datetime": {"datetime": "2024-01-20 13:40:15", "elapsed": 1113.456274, "delta": 0.000995}}
{"target": -10.305501065067808, "params": {"colsample_bytree": 0.4324900795083335, "eta": 0.07856472407277781, "gamma": 686.3960943861904, "max_depth": 8.0, "min_child_weight": 4378.670452523737, "num_boost_round": 24.0, "subsample": 0.3994117184783056}, "datetime": {"datetime": "2024-01-20 13:40:15", "elapsed": 1113.457248, "delta": 0.000974}}
{"target": -10.305604450391904, "params": {"colsample_bytree": 0.4324900795083335, "eta": 0.07856472407277781, "gamma": 686.3960943861904, "max_depth": 8.0, "min_child_weight": 4378.670452523737, "num_boost_round": 25.0, "subsample": 0.3994117184783056}, "datetime": {"datetime": "2024-01-20 13:40:15", "elapsed": 1113.458302, "delta": 0.001054}}
{"target": -10.305973024690232, "params": {"colsample_bytree": 0.4324900795083335, "eta": 0.07856472407277781, "gamma": 686.3960943861904, "max_depth": 8.0, "min_child_weight": 4378.670452523737, "num_boost_round": 26.0, "subsample": 0.3994117184783056}, "datetime": {"datetime": "2024-01-20 13:40:15", "elapsed": 1113.45928, "delta": 0.000978}}
{"target": -10.298325674397852, "params": {"colsample_bytree": 0.5776901294823716, "eta": 0.09226827335576426, "gamma": 541.8546748738153, "max_depth": 7.0, "min_child_weight": 4365.924380910194, "num_boost_round": 1.0, "subsample": 0.2937403460923987}, "datetime": {"datetime": "2024-01-20 13:40:47", "elapsed": 1145.179423, "delta": 31.720143}}
{"target": -10.298572045812083, "params": {"colsample_bytree": 0.5776901294823716, "eta": 0.09226827335576426, "gamma": 541.8546748738153, "max_depth": 7.0, "min_child_weight": 4365.924380910194, "num_boost_round": 2.0, "subsample": 0.2937403460923987}, "datetime": {"datetime": "2024-01-20 13:40:47", "elapsed": 1145.180754, "delta": 0.001331}}
{"target": -10.2984606672625, "params": {"colsample_bytree": 0.5776901294823716, "eta": 0.09226827335576426, "gamma": 541.8546748738153, "max_depth": 7.0, "min_child_weight": 4365.924380910194, "num_boost_round": 3.0, "subsample": 0.2937403460923987}, "datetime": {"datetime": "2024-01-20 13:40:47", "elapsed": 1145.181822, "delta": 0.001068}}
{"target": -10.298479488409708, "params": {"colsample_bytree": 0.5776901294823716, "eta": 0.09226827335576426, "gamma": 541.8546748738153, "max_depth": 7.0, "min_child_weight": 4365.924380910194, "num_boost_round": 4.0, "subsample": 0.2937403460923987}, "datetime": {"datetime": "2024-01-20 13:40:47", "elapsed": 1145.184717, "delta": 0.002895}}
{"target": -10.29899040648389, "params": {"colsample_bytree": 0.5776901294823716, "eta": 0.09226827335576426, "gamma": 541.8546748738153, "max_depth": 7.0, "min_child_weight": 4365.924380910194, "num_boost_round": 5.0, "subsample": 0.2937403460923987}, "datetime": {"datetime": "2024-01-20 13:40:47", "elapsed": 1145.186239, "delta": 0.001522}}
{"target": -10.299313592944802, "params": {"colsample_bytree": 0.5776901294823716, "eta": 0.09226827335576426, "gamma": 541.8546748738153, "max_depth": 7.0, "min_child_weight": 4365.924380910194, "num_boost_round": 6.0, "subsample": 0.2937403460923987}, "datetime": {"datetime": "2024-01-20 13:40:47", "elapsed": 1145.188015, "delta": 0.001776}}
{"target": -10.29954786215146, "params": {"colsample_bytree": 0.5776901294823716, "eta": 0.09226827335576426, "gamma": 541.8546748738153, "max_depth": 7.0, "min_child_weight": 4365.924380910194, "num_boost_round": 7.0, "subsample": 0.2937403460923987}, "datetime": {"datetime": "2024-01-20 13:40:47", "elapsed": 1145.189234, "delta": 0.001219}}
{"target": -10.299546665896937, "params": {"colsample_bytree": 0.5776901294823716, "eta": 0.09226827335576426, "gamma": 541.8546748738153, "max_depth": 7.0, "min_child_weight": 4365.924380910194, "num_boost_round": 8.0, "subsample": 0.2937403460923987}, "datetime": {"datetime": "2024-01-20 13:40:47", "elapsed": 1145.190379, "delta": 0.001145}}
{"target": -10.300196508452169, "params": {"colsample_bytree": 0.5776901294823716, "eta": 0.09226827335576426, "gamma": 541.8546748738153, "max_depth": 7.0, "min_child_weight": 4365.924380910194, "num_boost_round": 9.0, "subsample": 0.2937403460923987}, "datetime": {"datetime": "2024-01-20 13:40:47", "elapsed": 1145.191387, "delta": 0.001008}}
{"target": -10.298220018884656, "params": {"colsample_bytree": 0.4796661097878794, "eta": 0.0478155736334336, "gamma": 748.4507509806715, "max_depth": 7.0, "min_child_weight": 4300.378622474331, "num_boost_round": 1.0, "subsample": 0.3780058200380695}, "datetime": {"datetime": "2024-01-20 13:41:30", "elapsed": 1188.329289, "delta": 43.137902}}
{"target": -10.298236229715446, "params": {"colsample_bytree": 0.4796661097878794, "eta": 0.0478155736334336, "gamma": 748.4507509806715, "max_depth": 7.0, "min_child_weight": 4300.378622474331, "num_boost_round": 2.0, "subsample": 0.3780058200380695}, "datetime": {"datetime": "2024-01-20 13:41:30", "elapsed": 1188.332105, "delta": 0.002816}}
{"target": -10.298382562501336, "params": {"colsample_bytree": 0.4796661097878794, "eta": 0.0478155736334336, "gamma": 748.4507509806715, "max_depth": 7.0, "min_child_weight": 4300.378622474331, "num_boost_round": 3.0, "subsample": 0.3780058200380695}, "datetime": {"datetime": "2024-01-20 13:41:30", "elapsed": 1188.33331, "delta": 0.001205}}
{"target": -10.298374967253906, "params": {"colsample_bytree": 0.4796661097878794, "eta": 0.0478155736334336, "gamma": 748.4507509806715, "max_depth": 7.0, "min_child_weight": 4300.378622474331, "num_boost_round": 4.0, "subsample": 0.3780058200380695}, "datetime": {"datetime": "2024-01-20 13:41:30", "elapsed": 1188.335999, "delta": 0.002689}}
{"target": -10.298659451332234, "params": {"colsample_bytree": 0.4796661097878794, "eta": 0.0478155736334336, "gamma": 748.4507509806715, "max_depth": 7.0, "min_child_weight": 4300.378622474331, "num_boost_round": 5.0, "subsample": 0.3780058200380695}, "datetime": {"datetime": "2024-01-20 13:41:30", "elapsed": 1188.338139, "delta": 0.00214}}
