{"target": -10.297749131001808, "params": {"colsample_bytree": 0.3949324598161059, "eta": 0.07651492014498487, "gamma": 357.3342785782795, "max_depth": 4.0, "min_child_weight": 4025.836627028668, "num_boost_round": 2.0, "subsample": 0.2670374675336159}, "datetime": {"datetime": "2024-01-20 13:45:03", "elapsed": 1400.819068, "delta": 0.001707}}
{"target": -10.298510477879075, "params": {"colsample_bytree": 0.8229575874118429, "eta": 0.009357433932820866, "gamma": 875.8101675671552, "max_depth": 2.0, "min_child_weight": 4095.419084002018, "num_boost_round": 1.0, "subsample": 0.306498610563434}, "datetime": {"datetime": "2024-01-20 13:45:29", "elapsed": 1427.127915, "delta": 26.308847}}
{"target": -10.298509345401069, "params": {"colsample_bytree": 0.8229575874118429, "eta": 0.009357433932820866, "gamma": 875.8101675671552, "max_depth": 2.0, "min_child_weight": 4095.419084002018, "num_boost_round": 2.0, "subsample": 0.306498610563434}, "datetime": {"datetime": "2024-01-20 13:45:29", "elapsed": 1427.130957, "delta": 0.003042}}
{"target": -10.298523907625317, "params": {"colsample_bytree": 0.8229575874118429, "eta": 0.009357433932820866, "gamma": 875.8101675671552, "max_depth": 2.0, "min_child_weight": 4095.419084002018, "num_boost_round": 3.0, "subsample": 0.306498610563434}, "datetime": {"datetime": "2024-01-20 13:45:29", "elapsed": 1427.132672, "delta": 0.001715}}
{"target": -10.298553103258417, "params": {"colsample_bytree": 0.8229575874118429, "eta": 0.009357433932820866, "gamma": 875.8101675671552, "max_depth": 2.0, "min_child_weight": 4095.419084002018, "num_boost_round": 4.0, "subsample": 0.306498610563434}, "datetime": {"datetime": "2024-01-20 13:45:29", "elapsed": 1427.134237, "delta": 0.001565}}
{"target": -10.298568205951067, "params": {"colsample_bytree": 0.8229575874118429, "eta": 0.009357433932820866, "gamma": 875.8101675671552, "max_depth": 2.0, "min_child_weight": 4095.419084002018, "num_boost_round": 5.0, "subsample": 0.306498610563434}, "datetime": {"datetime": "2024-01-20 13:45:29", "elapsed": 1427.135381, "delta": 0.001144}}
{"target": -10.298597917696632, "params": {"colsample_bytree": 0.8229575874118429, "eta": 0.009357433932820866, "gamma": 875.8101675671552, "max_depth": 2.0, "min_child_weight": 4095.419084002018, "num_boost_round": 6.0, "subsample": 0.306498610563434}, "datetime": {"datetime": "2024-01-20 13:45:29", "elapsed": 1427.136523, "delta": 0.001142}}
{"target": -10.29852063615433, "params": {"colsample_bytree": 0.9904302142082243, "eta": 0.026806151814167668, "gamma": 747.4756414753318, "max_depth": 4.0, "min_child_weight": 4355.7187577669465, "num_boost_round": 1.0, "subsample": 0.6449790059420618}, "datetime": {"datetime": "2024-01-20 13:45:49", "elapsed": 1447.702251, "delta": 20.565728}}
{"target": -10.298525134931038, "params": {"colsample_bytree": 0.9904302142082243, "eta": 0.026806151814167668, "gamma": 747.4756414753318, "max_depth": 4.0, "min_child_weight": 4355.7187577669465, "num_boost_round": 2.0, "subsample": 0.6449790059420618}, "datetime": {"datetime": "2024-01-20 13:45:49", "elapsed": 1447.704783, "delta": 0.002532}}
{"target": -10.298186720726724, "params": {"colsample_bytree": 0.11979718947883412, "eta": 0.08507288724099311, "gamma": 310.49045018061105, "max_depth": 4.0, "min_child_weight": 3967.316076783255, "num_boost_round": 1.0, "subsample": 0.37891888966870024}, "datetime": {"datetime": "2024-01-20 13:46:21", "elapsed": 1479.595217, "delta": 31.890434}}
{"target": -10.297849517418898, "params": {"colsample_bytree": 0.11979718947883412, "eta": 0.08507288724099311, "gamma": 310.49045018061105, "max_depth": 4.0, "min_child_weight": 3967.316076783255, "num_boost_round": 2.0, "subsample": 0.37891888966870024}, "datetime": {"datetime": "2024-01-20 13:46:21", "elapsed": 1479.597849, "delta": 0.002632}}
{"target": -10.298291055954074, "params": {"colsample_bytree": 0.11979718947883412, "eta": 0.08507288724099311, "gamma": 310.49045018061105, "max_depth": 4.0, "min_child_weight": 3967.316076783255, "num_boost_round": 3.0, "subsample": 0.37891888966870024}, "datetime": {"datetime": "2024-01-20 13:46:21", "elapsed": 1479.599453, "delta": 0.001604}}
{"target": -10.298089343114622, "params": {"colsample_bytree": 0.11979718947883412, "eta": 0.08507288724099311, "gamma": 310.49045018061105, "max_depth": 4.0, "min_child_weight": 3967.316076783255, "num_boost_round": 4.0, "subsample": 0.37891888966870024}, "datetime": {"datetime": "2024-01-20 13:46:21", "elapsed": 1479.600685, "delta": 0.001232}}
{"target": -10.297523072386984, "params": {"colsample_bytree": 0.11979718947883412, "eta": 0.08507288724099311, "gamma": 310.49045018061105, "max_depth": 4.0, "min_child_weight": 3967.316076783255, "num_boost_round": 5.0, "subsample": 0.37891888966870024}, "datetime": {"datetime": "2024-01-20 13:46:21", "elapsed": 1479.602229, "delta": 0.001544}}
{"target": -10.298639712646864, "params": {"colsample_bytree": 0.11979718947883412, "eta": 0.08507288724099311, "gamma": 310.49045018061105, "max_depth": 4.0, "min_child_weight": 3967.316076783255, "num_boost_round": 6.0, "subsample": 0.37891888966870024}, "datetime": {"datetime": "2024-01-20 13:46:21", "elapsed": 1479.603705, "delta": 0.001476}}
{"target": -10.298333536401211, "params": {"colsample_bytree": 0.11979718947883412, "eta": 0.08507288724099311, "gamma": 310.49045018061105, "max_depth": 4.0, "min_child_weight": 3967.316076783255, "num_boost_round": 7.0, "subsample": 0.37891888966870024}, "datetime": {"datetime": "2024-01-20 13:46:21", "elapsed": 1479.60508, "delta": 0.001375}}
{"target": -10.298001809503482, "params": {"colsample_bytree": 0.11979718947883412, "eta": 0.08507288724099311, "gamma": 310.49045018061105, "max_depth": 4.0, "min_child_weight": 3967.316076783255, "num_boost_round": 8.0, "subsample": 0.37891888966870024}, "datetime": {"datetime": "2024-01-20 13:46:21", "elapsed": 1479.606433, "delta": 0.001353}}
{"target": -10.297756621806766, "params": {"colsample_bytree": 0.11979718947883412, "eta": 0.08507288724099311, "gamma": 310.49045018061105, "max_depth": 4.0, "min_child_weight": 3967.316076783255, "num_boost_round": 9.0, "subsample": 0.37891888966870024}, "datetime": {"datetime": "2024-01-20 13:46:21", "elapsed": 1479.607568, "delta": 0.001135}}
{"target": -10.29795860678219, "params": {"colsample_bytree": 0.11979718947883412, "eta": 0.08507288724099311, "gamma": 310.49045018061105, "max_depth": 4.0, "min_child_weight": 3967.316076783255, "num_boost_round": 10.0, "subsample": 0.37891888966870024}, "datetime": {"datetime": "2024-01-20 13:46:21", "elapsed": 1479.608694, "delta": 0.001126}}
{"target": -10.297855421910377, "params": {"colsample_bytree": 0.11979718947883412, "eta": 0.08507288724099311, "gamma": 310.49045018061105, "max_depth": 4.0, "min_child_weight": 3967.316076783255, "num_boost_round": 11.0, "subsample": 0.37891888966870024}, "datetime": {"datetime": "2024-01-20 13:46:21", "elapsed": 1479.610173, "delta": 0.001479}}
{"target": -10.297840413227773, "params": {"colsample_bytree": 0.11979718947883412, "eta": 0.08507288724099311, "gamma": 310.49045018061105, "max_depth": 4.0, "min_child_weight": 3967.316076783255, "num_boost_round": 12.0, "subsample": 0.37891888966870024}, "datetime": {"datetime": "2024-01-20 13:46:21", "elapsed": 1479.611469, "delta": 0.001296}}
{"target": -10.297924792798678, "params": {"colsample_bytree": 0.11979718947883412, "eta": 0.08507288724099311, "gamma": 310.49045018061105, "max_depth": 4.0, "min_child_weight": 3967.316076783255, "num_boost_round": 13.0, "subsample": 0.37891888966870024}, "datetime": {"datetime": "2024-01-20 13:46:21", "elapsed": 1479.612725, "delta": 0.001256}}
{"target": -10.297828935165734, "params": {"colsample_bytree": 0.11979718947883412, "eta": 0.08507288724099311, "gamma": 310.49045018061105, "max_depth": 4.0, "min_child_weight": 3967.316076783255, "num_boost_round": 14.0, "subsample": 0.37891888966870024}, "datetime": {"datetime": "2024-01-20 13:46:21", "elapsed": 1479.613998, "delta": 0.001273}}
{"target": -10.29836643449002, "params": {"colsample_bytree": 0.43700884265992745, "eta": 0.02879387136596635, "gamma": 293.8854220532858, "max_depth": 8.0, "min_child_weight": 4068.7567581585577, "num_boost_round": 1.0, "subsample": 0.6221680351156539}, "datetime": {"datetime": "2024-01-20 13:46:46", "elapsed": 1504.301486, "delta": 24.687488}}
{"target": -10.29836240365048, "params": {"colsample_bytree": 0.43700884265992745, "eta": 0.02879387136596635, "gamma": 293.8854220532858, "max_depth": 8.0, "min_child_weight": 4068.7567581585577, "num_boost_round": 2.0, "subsample": 0.6221680351156539}, "datetime": {"datetime": "2024-01-20 13:46:46", "elapsed": 1504.303318, "delta": 0.001832}}
{"target": -10.298422905412377, "params": {"colsample_bytree": 0.43700884265992745, "eta": 0.02879387136596635, "gamma": 293.8854220532858, "max_depth": 8.0, "min_child_weight": 4068.7567581585577, "num_boost_round": 3.0, "subsample": 0.6221680351156539}, "datetime": {"datetime": "2024-01-20 13:46:46", "elapsed": 1504.304861, "delta": 0.001543}}
{"target": -10.298067552409883, "params": {"colsample_bytree": 0.29565355101946134, "eta": 0.0559623017522963, "gamma": 279.23623161411035, "max_depth": 6.0, "min_child_weight": 4008.0744050917388, "num_boost_round": 1.0, "subsample": 0.6317402098878799}, "datetime": {"datetime": "2024-01-20 13:47:41", "elapsed": 1558.794967, "delta": 54.490106}}
{"target": -10.29811931590164, "params": {"colsample_bytree": 0.29565355101946134, "eta": 0.0559623017522963, "gamma": 279.23623161411035, "max_depth": 6.0, "min_child_weight": 4008.0744050917388, "num_boost_round": 2.0, "subsample": 0.6317402098878799}, "datetime": {"datetime": "2024-01-20 13:47:41", "elapsed": 1558.797117, "delta": 0.00215}}
{"target": -10.298353142579936, "params": {"colsample_bytree": 0.29565355101946134, "eta": 0.0559623017522963, "gamma": 279.23623161411035, "max_depth": 6.0, "min_child_weight": 4008.0744050917388, "num_boost_round": 3.0, "subsample": 0.6317402098878799}, "datetime": {"datetime": "2024-01-20 13:47:41", "elapsed": 1558.798805, "delta": 0.001688}}
{"target": -10.298324577874087, "params": {"colsample_bytree": 0.29565355101946134, "eta": 0.0559623017522963, "gamma": 279.23623161411035, "max_depth": 6.0, "min_child_weight": 4008.0744050917388, "num_boost_round": 4.0, "subsample": 0.6317402098878799}, "datetime": {"datetime": "2024-01-20 13:47:41", "elapsed": 1558.800031, "delta": 0.001226}}
{"target": -10.298881152772491, "params": {"colsample_bytree": 0.29565355101946134, "eta": 0.0559623017522963, "gamma": 279.23623161411035, "max_depth": 6.0, "min_child_weight": 4008.0744050917388, "num_boost_round": 5.0, "subsample": 0.6317402098878799}, "datetime": {"datetime": "2024-01-20 13:47:41", "elapsed": 1558.801226, "delta": 0.001195}}
{"target": -10.299359915030116, "params": {"colsample_bytree": 0.29565355101946134, "eta": 0.0559623017522963, "gamma": 279.23623161411035, "max_depth": 6.0, "min_child_weight": 4008.0744050917388, "num_boost_round": 6.0, "subsample": 0.6317402098878799}, "datetime": {"datetime": "2024-01-20 13:47:41", "elapsed": 1558.80262, "delta": 0.001394}}
{"target": -10.299779963174359, "params": {"colsample_bytree": 0.29565355101946134, "eta": 0.0559623017522963, "gamma": 279.23623161411035, "max_depth": 6.0, "min_child_weight": 4008.0744050917388, "num_boost_round": 7.0, "subsample": 0.6317402098878799}, "datetime": {"datetime": "2024-01-20 13:47:41", "elapsed": 1558.803853, "delta": 0.001233}}
{"target": -10.299942895927407, "params": {"colsample_bytree": 0.29565355101946134, "eta": 0.0559623017522963, "gamma": 279.23623161411035, "max_depth": 6.0, "min_child_weight": 4008.0744050917388, "num_boost_round": 8.0, "subsample": 0.6317402098878799}, "datetime": {"datetime": "2024-01-20 13:47:41", "elapsed": 1558.80498, "delta": 0.001127}}
{"target": -10.299958229201238, "params": {"colsample_bytree": 0.29565355101946134, "eta": 0.0559623017522963, "gamma": 279.23623161411035, "max_depth": 6.0, "min_child_weight": 4008.0744050917388, "num_boost_round": 9.0, "subsample": 0.6317402098878799}, "datetime": {"datetime": "2024-01-20 13:47:41", "elapsed": 1558.806085, "delta": 0.001105}}
{"target": -10.300548290548566, "params": {"colsample_bytree": 0.29565355101946134, "eta": 0.0559623017522963, "gamma": 279.23623161411035, "max_depth": 6.0, "min_child_weight": 4008.0744050917388, "num_boost_round": 10.0, "subsample": 0.6317402098878799}, "datetime": {"datetime": "2024-01-20 13:47:41", "elapsed": 1558.807502, "delta": 0.001417}}
{"target": -10.300412899328501, "params": {"colsample_bytree": 0.29565355101946134, "eta": 0.0559623017522963, "gamma": 279.23623161411035, "max_depth": 6.0, "min_child_weight": 4008.0744050917388, "num_boost_round": 11.0, "subsample": 0.6317402098878799}, "datetime": {"datetime": "2024-01-20 13:47:41", "elapsed": 1558.808646, "delta": 0.001144}}
{"target": -10.300671384900621, "params": {"colsample_bytree": 0.29565355101946134, "eta": 0.0559623017522963, "gamma": 279.23623161411035, "max_depth": 6.0, "min_child_weight": 4008.0744050917388, "num_boost_round": 12.0, "subsample": 0.6317402098878799}, "datetime": {"datetime": "2024-01-20 13:47:41", "elapsed": 1558.809876, "delta": 0.00123}}
{"target": -10.300821861036715, "params": {"colsample_bytree": 0.29565355101946134, "eta": 0.0559623017522963, "gamma": 279.23623161411035, "max_depth": 6.0, "min_child_weight": 4008.0744050917388, "num_boost_round": 13.0, "subsample": 0.6317402098878799}, "datetime": {"datetime": "2024-01-20 13:47:41", "elapsed": 1558.811036, "delta": 0.00116}}
{"target": -10.301031047132692, "params": {"colsample_bytree": 0.29565355101946134, "eta": 0.0559623017522963, "gamma": 279.23623161411035, "max_depth": 6.0, "min_child_weight": 4008.0744050917388, "num_boost_round": 14.0, "subsample": 0.6317402098878799}, "datetime": {"datetime": "2024-01-20 13:47:41", "elapsed": 1558.812147, "delta": 0.001111}}
{"target": -10.301311406252507, "params": {"colsample_bytree": 0.29565355101946134, "eta": 0.0559623017522963, "gamma": 279.23623161411035, "max_depth": 6.0, "min_child_weight": 4008.0744050917388, "num_boost_round": 15.0, "subsample": 0.6317402098878799}, "datetime": {"datetime": "2024-01-20 13:47:41", "elapsed": 1558.81327, "delta": 0.001123}}
{"target": -10.30129227003022, "params": {"colsample_bytree": 0.29565355101946134, "eta": 0.0559623017522963, "gamma": 279.23623161411035, "max_depth": 6.0, "min_child_weight": 4008.0744050917388, "num_boost_round": 16.0, "subsample": 0.6317402098878799}, "datetime": {"datetime": "2024-01-20 13:47:41", "elapsed": 1558.814411, "delta": 0.001141}}
{"target": -10.301790916013235, "params": {"colsample_bytree": 0.29565355101946134, "eta": 0.0559623017522963, "gamma": 279.23623161411035, "max_depth": 6.0, "min_child_weight": 4008.0744050917388, "num_boost_round": 17.0, "subsample": 0.6317402098878799}, "datetime": {"datetime": "2024-01-20 13:47:41", "elapsed": 1558.81555, "delta": 0.001139}}
{"target": -10.301865063182746, "params": {"colsample_bytree": 0.29565355101946134, "eta": 0.0559623017522963, "gamma": 279.23623161411035, "max_depth": 6.0, "min_child_weight": 4008.0744050917388, "num_boost_round": 18.0, "subsample": 0.6317402098878799}, "datetime": {"datetime": "2024-01-20 13:47:41", "elapsed": 1558.816677, "delta": 0.001127}}
{"target": -10.302119148861323, "params": {"colsample_bytree": 0.29565355101946134, "eta": 0.0559623017522963, "gamma": 279.23623161411035, "max_depth": 6.0, "min_child_weight": 4008.0744050917388, "num_boost_round": 19.0, "subsample": 0.6317402098878799}, "datetime": {"datetime": "2024-01-20 13:47:41", "elapsed": 1558.817912, "delta": 0.001235}}
{"target": -10.302272101265643, "params": {"colsample_bytree": 0.29565355101946134, "eta": 0.0559623017522963, "gamma": 279.23623161411035, "max_depth": 6.0, "min_child_weight": 4008.0744050917388, "num_boost_round": 20.0, "subsample": 0.6317402098878799}, "datetime": {"datetime": "2024-01-20 13:47:41", "elapsed": 1558.819078, "delta": 0.001166}}
{"target": -10.302585777474773, "params": {"colsample_bytree": 0.29565355101946134, "eta": 0.0559623017522963, "gamma": 279.23623161411035, "max_depth": 6.0, "min_child_weight": 4008.0744050917388, "num_boost_round": 21.0, "subsample": 0.6317402098878799}, "datetime": {"datetime": "2024-01-20 13:47:41", "elapsed": 1558.82025, "delta": 0.001172}}
{"target": -10.302836238793073, "params": {"colsample_bytree": 0.29565355101946134, "eta": 0.0559623017522963, "gamma": 279.23623161411035, "max_depth": 6.0, "min_child_weight": 4008.0744050917388, "num_boost_round": 22.0, "subsample": 0.6317402098878799}, "datetime": {"datetime": "2024-01-20 13:47:41", "elapsed": 1558.821412, "delta": 0.001162}}
{"target": -10.303084900067281, "params": {"colsample_bytree": 0.29565355101946134, "eta": 0.0559623017522963, "gamma": 279.23623161411035, "max_depth": 6.0, "min_child_weight": 4008.0744050917388, "num_boost_round": 23.0, "subsample": 0.6317402098878799}, "datetime": {"datetime": "2024-01-20 13:47:41", "elapsed": 1558.822622, "delta": 0.00121}}
{"target": -10.303451105680214, "params": {"colsample_bytree": 0.29565355101946134, "eta": 0.0559623017522963, "gamma": 279.23623161411035, "max_depth": 6.0, "min_child_weight": 4008.0744050917388, "num_boost_round": 24.0, "subsample": 0.6317402098878799}, "datetime": {"datetime": "2024-01-20 13:47:41", "elapsed": 1558.823814, "delta": 0.001192}}
{"target": -10.303650663257235, "params": {"colsample_bytree": 0.29565355101946134, "eta": 0.0559623017522963, "gamma": 279.23623161411035, "max_depth": 6.0, "min_child_weight": 4008.0744050917388, "num_boost_round": 25.0, "subsample": 0.6317402098878799}, "datetime": {"datetime": "2024-01-20 13:47:41", "elapsed": 1558.824962, "delta": 0.001148}}
{"target": -10.303970774589539, "params": {"colsample_bytree": 0.29565355101946134, "eta": 0.0559623017522963, "gamma": 279.23623161411035, "max_depth": 6.0, "min_child_weight": 4008.0744050917388, "num_boost_round": 26.0, "subsample": 0.6317402098878799}, "datetime": {"datetime": "2024-01-20 13:47:41", "elapsed": 1558.826112, "delta": 0.00115}}
{"target": -10.304035330755742, "params": {"colsample_bytree": 0.29565355101946134, "eta": 0.0559623017522963, "gamma": 279.23623161411035, "max_depth": 6.0, "min_child_weight": 4008.0744050917388, "num_boost_round": 27.0, "subsample": 0.6317402098878799}, "datetime": {"datetime": "2024-01-20 13:47:41", "elapsed": 1558.82787, "delta": 0.001758}}
{"target": -10.304210164034313, "params": {"colsample_bytree": 0.29565355101946134, "eta": 0.0559623017522963, "gamma": 279.23623161411035, "max_depth": 6.0, "min_child_weight": 4008.0744050917388, "num_boost_round": 28.0, "subsample": 0.6317402098878799}, "datetime": {"datetime": "2024-01-20 13:47:41", "elapsed": 1558.829227, "delta": 0.001357}}
{"target": -10.304579014733292, "params": {"colsample_bytree": 0.29565355101946134, "eta": 0.0559623017522963, "gamma": 279.23623161411035, "max_depth": 6.0, "min_child_weight": 4008.0744050917388, "num_boost_round": 29.0, "subsample": 0.6317402098878799}, "datetime": {"datetime": "2024-01-20 13:47:41", "elapsed": 1558.830458, "delta": 0.001231}}
{"target": -10.304734178575934, "params": {"colsample_bytree": 0.29565355101946134, "eta": 0.0559623017522963, "gamma": 279.23623161411035, "max_depth": 6.0, "min_child_weight": 4008.0744050917388, "num_boost_round": 30.0, "subsample": 0.6317402098878799}, "datetime": {"datetime": "2024-01-20 13:47:41", "elapsed": 1558.831618, "delta": 0.00116}}
{"target": -10.304820800463158, "params": {"colsample_bytree": 0.29565355101946134, "eta": 0.0559623017522963, "gamma": 279.23623161411035, "max_depth": 6.0, "min_child_weight": 4008.0744050917388, "num_boost_round": 31.0, "subsample": 0.6317402098878799}, "datetime": {"datetime": "2024-01-20 13:47:41", "elapsed": 1558.832789, "delta": 0.001171}}
{"target": -10.305200977547859, "params": {"colsample_bytree": 0.29565355101946134, "eta": 0.0559623017522963, "gamma": 279.23623161411035, "max_depth": 6.0, "min_child_weight": 4008.0744050917388, "num_boost_round": 32.0, "subsample": 0.6317402098878799}, "datetime": {"datetime": "2024-01-20 13:47:41", "elapsed": 1558.833924, "delta": 0.001135}}
{"target": -10.29832537748117, "params": {"colsample_bytree": 0.9931385031409834, "eta": 0.06248747314691951, "gamma": 816.3036562487275, "max_depth": 8.0, "min_child_weight": 4067.6885658321353, "num_boost_round": 1.0, "subsample": 0.9748545751543103}, "datetime": {"datetime": "2024-01-20 13:48:12", "elapsed": 1590.73047, "delta": 31.896546}}
{"target": -10.298250010401542, "params": {"colsample_bytree": 0.9931385031409834, "eta": 0.06248747314691951, "gamma": 816.3036562487275, "max_depth": 8.0, "min_child_weight": 4067.6885658321353, "num_boost_round": 2.0, "subsample": 0.9748545751543103}, "datetime": {"datetime": "2024-01-20 13:48:12", "elapsed": 1590.732757, "delta": 0.002287}}
{"target": -10.29857911285685, "params": {"colsample_bytree": 0.9931385031409834, "eta": 0.06248747314691951, "gamma": 816.3036562487275, "max_depth": 8.0, "min_child_weight": 4067.6885658321353, "num_boost_round": 3.0, "subsample": 0.9748545751543103}, "datetime": {"datetime": "2024-01-20 13:48:12", "elapsed": 1590.73572, "delta": 0.002963}}
{"target": -10.299047364448649, "params": {"colsample_bytree": 0.9931385031409834, "eta": 0.06248747314691951, "gamma": 816.3036562487275, "max_depth": 8.0, "min_child_weight": 4067.6885658321353, "num_boost_round": 4.0, "subsample": 0.9748545751543103}, "datetime": {"datetime": "2024-01-20 13:48:12", "elapsed": 1590.737122, "delta": 0.001402}}
{"target": -10.29957530291408, "params": {"colsample_bytree": 0.9931385031409834, "eta": 0.06248747314691951, "gamma": 816.3036562487275, "max_depth": 8.0, "min_child_weight": 4067.6885658321353, "num_boost_round": 5.0, "subsample": 0.9748545751543103}, "datetime": {"datetime": "2024-01-20 13:48:12", "elapsed": 1590.738617, "delta": 0.001495}}
