{"target": -15.16668039814131, "params": {"colsample_bytree": 0.3076785345400933, "eta": 0.07897166998549776, "gamma": 567.4994389311578, "max_depth": 8.0, "min_child_weight": 4263.683527297622, "num_boost_round": 44.0, "subsample": 0.8348052870135073}, "datetime": {"datetime": "2024-01-20 14:30:23", "elapsed": 380.694029, "delta": 0.001051}}
{"target": -15.166982956847404, "params": {"colsample_bytree": 0.3076785345400933, "eta": 0.07897166998549776, "gamma": 567.4994389311578, "max_depth": 8.0, "min_child_weight": 4263.683527297622, "num_boost_round": 45.0, "subsample": 0.8348052870135073}, "datetime": {"datetime": "2024-01-20 14:30:23", "elapsed": 380.694997, "delta": 0.000968}}
{"target": -15.166392871284433, "params": {"colsample_bytree": 0.3076785345400933, "eta": 0.07897166998549776, "gamma": 567.4994389311578, "max_depth": 8.0, "min_child_weight": 4263.683527297622, "num_boost_round": 46.0, "subsample": 0.8348052870135073}, "datetime": {"datetime": "2024-01-20 14:30:23", "elapsed": 380.695912, "delta": 0.000915}}
{"target": -15.171989201851964, "params": {"colsample_bytree": 0.36567739241135977, "eta": 0.04461336547428579, "gamma": 474.4565382994866, "max_depth": 5.0, "min_child_weight": 4392.8977726796, "num_boost_round": 1.0, "subsample": 0.9873515673283304}, "datetime": {"datetime": "2024-01-20 14:30:57", "elapsed": 415.223677, "delta": 34.527765}}
{"target": -15.171096991669712, "params": {"colsample_bytree": 0.36567739241135977, "eta": 0.04461336547428579, "gamma": 474.4565382994866, "max_depth": 5.0, "min_child_weight": 4392.8977726796, "num_boost_round": 2.0, "subsample": 0.9873515673283304}, "datetime": {"datetime": "2024-01-20 14:30:57", "elapsed": 415.225747, "delta": 0.00207}}
{"target": -15.16988757224949, "params": {"colsample_bytree": 0.36567739241135977, "eta": 0.04461336547428579, "gamma": 474.4565382994866, "max_depth": 5.0, "min_child_weight": 4392.8977726796, "num_boost_round": 3.0, "subsample": 0.9873515673283304}, "datetime": {"datetime": "2024-01-20 14:30:57", "elapsed": 415.226788, "delta": 0.001041}}
{"target": -15.169775504477695, "params": {"colsample_bytree": 0.36567739241135977, "eta": 0.04461336547428579, "gamma": 474.4565382994866, "max_depth": 5.0, "min_child_weight": 4392.8977726796, "num_boost_round": 4.0, "subsample": 0.9873515673283304}, "datetime": {"datetime": "2024-01-20 14:30:57", "elapsed": 415.227954, "delta": 0.001166}}
{"target": -15.167591509216088, "params": {"colsample_bytree": 0.36567739241135977, "eta": 0.04461336547428579, "gamma": 474.4565382994866, "max_depth": 5.0, "min_child_weight": 4392.8977726796, "num_boost_round": 5.0, "subsample": 0.9873515673283304}, "datetime": {"datetime": "2024-01-20 14:30:57", "elapsed": 415.228871, "delta": 0.000917}}
{"target": -15.166419930432669, "params": {"colsample_bytree": 0.36567739241135977, "eta": 0.04461336547428579, "gamma": 474.4565382994866, "max_depth": 5.0, "min_child_weight": 4392.8977726796, "num_boost_round": 6.0, "subsample": 0.9873515673283304}, "datetime": {"datetime": "2024-01-20 14:30:57", "elapsed": 415.230229, "delta": 0.001358}}
{"target": -15.165059390849029, "params": {"colsample_bytree": 0.36567739241135977, "eta": 0.04461336547428579, "gamma": 474.4565382994866, "max_depth": 5.0, "min_child_weight": 4392.8977726796, "num_boost_round": 7.0, "subsample": 0.9873515673283304}, "datetime": {"datetime": "2024-01-20 14:30:57", "elapsed": 415.231271, "delta": 0.001042}}
{"target": -15.164146813093277, "params": {"colsample_bytree": 0.36567739241135977, "eta": 0.04461336547428579, "gamma": 474.4565382994866, "max_depth": 5.0, "min_child_weight": 4392.8977726796, "num_boost_round": 8.0, "subsample": 0.9873515673283304}, "datetime": {"datetime": "2024-01-20 14:30:57", "elapsed": 415.232167, "delta": 0.000896}}
{"target": -15.163843301821855, "params": {"colsample_bytree": 0.36567739241135977, "eta": 0.04461336547428579, "gamma": 474.4565382994866, "max_depth": 5.0, "min_child_weight": 4392.8977726796, "num_boost_round": 9.0, "subsample": 0.9873515673283304}, "datetime": {"datetime": "2024-01-20 14:30:57", "elapsed": 415.233103, "delta": 0.000936}}
{"target": -15.163074130041398, "params": {"colsample_bytree": 0.36567739241135977, "eta": 0.04461336547428579, "gamma": 474.4565382994866, "max_depth": 5.0, "min_child_weight": 4392.8977726796, "num_boost_round": 10.0, "subsample": 0.9873515673283304}, "datetime": {"datetime": "2024-01-20 14:30:57", "elapsed": 415.233986, "delta": 0.000883}}
{"target": -15.163131939470945, "params": {"colsample_bytree": 0.36567739241135977, "eta": 0.04461336547428579, "gamma": 474.4565382994866, "max_depth": 5.0, "min_child_weight": 4392.8977726796, "num_boost_round": 11.0, "subsample": 0.9873515673283304}, "datetime": {"datetime": "2024-01-20 14:30:57", "elapsed": 415.234877, "delta": 0.000891}}
{"target": -15.163225754674947, "params": {"colsample_bytree": 0.36567739241135977, "eta": 0.04461336547428579, "gamma": 474.4565382994866, "max_depth": 5.0, "min_child_weight": 4392.8977726796, "num_boost_round": 12.0, "subsample": 0.9873515673283304}, "datetime": {"datetime": "2024-01-20 14:30:57", "elapsed": 415.235764, "delta": 0.000887}}
{"target": -15.163377572559376, "params": {"colsample_bytree": 0.36567739241135977, "eta": 0.04461336547428579, "gamma": 474.4565382994866, "max_depth": 5.0, "min_child_weight": 4392.8977726796, "num_boost_round": 13.0, "subsample": 0.9873515673283304}, "datetime": {"datetime": "2024-01-20 14:30:57", "elapsed": 415.236653, "delta": 0.000889}}
{"target": -15.16252877643975, "params": {"colsample_bytree": 0.36567739241135977, "eta": 0.04461336547428579, "gamma": 474.4565382994866, "max_depth": 5.0, "min_child_weight": 4392.8977726796, "num_boost_round": 14.0, "subsample": 0.9873515673283304}, "datetime": {"datetime": "2024-01-20 14:30:57", "elapsed": 415.237545, "delta": 0.000892}}
{"target": -15.161828725611157, "params": {"colsample_bytree": 0.36567739241135977, "eta": 0.04461336547428579, "gamma": 474.4565382994866, "max_depth": 5.0, "min_child_weight": 4392.8977726796, "num_boost_round": 15.0, "subsample": 0.9873515673283304}, "datetime": {"datetime": "2024-01-20 14:30:57", "elapsed": 415.238437, "delta": 0.000892}}
{"target": -15.161577833342992, "params": {"colsample_bytree": 0.36567739241135977, "eta": 0.04461336547428579, "gamma": 474.4565382994866, "max_depth": 5.0, "min_child_weight": 4392.8977726796, "num_boost_round": 16.0, "subsample": 0.9873515673283304}, "datetime": {"datetime": "2024-01-20 14:30:57", "elapsed": 415.23939, "delta": 0.000953}}
{"target": -15.160702539166707, "params": {"colsample_bytree": 0.36567739241135977, "eta": 0.04461336547428579, "gamma": 474.4565382994866, "max_depth": 5.0, "min_child_weight": 4392.8977726796, "num_boost_round": 17.0, "subsample": 0.9873515673283304}, "datetime": {"datetime": "2024-01-20 14:30:57", "elapsed": 415.240277, "delta": 0.000887}}
{"target": -15.160811196502081, "params": {"colsample_bytree": 0.36567739241135977, "eta": 0.04461336547428579, "gamma": 474.4565382994866, "max_depth": 5.0, "min_child_weight": 4392.8977726796, "num_boost_round": 18.0, "subsample": 0.9873515673283304}, "datetime": {"datetime": "2024-01-20 14:30:57", "elapsed": 415.241184, "delta": 0.000907}}
{"target": -15.160068706796428, "params": {"colsample_bytree": 0.36567739241135977, "eta": 0.04461336547428579, "gamma": 474.4565382994866, "max_depth": 5.0, "min_child_weight": 4392.8977726796, "num_boost_round": 19.0, "subsample": 0.9873515673283304}, "datetime": {"datetime": "2024-01-20 14:30:57", "elapsed": 415.242198, "delta": 0.001014}}
{"target": -15.1596559495914, "params": {"colsample_bytree": 0.36567739241135977, "eta": 0.04461336547428579, "gamma": 474.4565382994866, "max_depth": 5.0, "min_child_weight": 4392.8977726796, "num_boost_round": 20.0, "subsample": 0.9873515673283304}, "datetime": {"datetime": "2024-01-20 14:30:57", "elapsed": 415.243192, "delta": 0.000994}}
{"target": -15.159131504023005, "params": {"colsample_bytree": 0.36567739241135977, "eta": 0.04461336547428579, "gamma": 474.4565382994866, "max_depth": 5.0, "min_child_weight": 4392.8977726796, "num_boost_round": 21.0, "subsample": 0.9873515673283304}, "datetime": {"datetime": "2024-01-20 14:30:57", "elapsed": 415.244097, "delta": 0.000905}}
{"target": -15.159146882735236, "params": {"colsample_bytree": 0.36567739241135977, "eta": 0.04461336547428579, "gamma": 474.4565382994866, "max_depth": 5.0, "min_child_weight": 4392.8977726796, "num_boost_round": 22.0, "subsample": 0.9873515673283304}, "datetime": {"datetime": "2024-01-20 14:30:57", "elapsed": 415.245015, "delta": 0.000918}}
{"target": -15.159009154679566, "params": {"colsample_bytree": 0.36567739241135977, "eta": 0.04461336547428579, "gamma": 474.4565382994866, "max_depth": 5.0, "min_child_weight": 4392.8977726796, "num_boost_round": 23.0, "subsample": 0.9873515673283304}, "datetime": {"datetime": "2024-01-20 14:30:57", "elapsed": 415.245917, "delta": 0.000902}}
{"target": -15.158325248431657, "params": {"colsample_bytree": 0.36567739241135977, "eta": 0.04461336547428579, "gamma": 474.4565382994866, "max_depth": 5.0, "min_child_weight": 4392.8977726796, "num_boost_round": 24.0, "subsample": 0.9873515673283304}, "datetime": {"datetime": "2024-01-20 14:30:57", "elapsed": 415.246823, "delta": 0.000906}}
{"target": -15.158342563634907, "params": {"colsample_bytree": 0.36567739241135977, "eta": 0.04461336547428579, "gamma": 474.4565382994866, "max_depth": 5.0, "min_child_weight": 4392.8977726796, "num_boost_round": 25.0, "subsample": 0.9873515673283304}, "datetime": {"datetime": "2024-01-20 14:30:57", "elapsed": 415.247729, "delta": 0.000906}}
{"target": -15.157934527198499, "params": {"colsample_bytree": 0.36567739241135977, "eta": 0.04461336547428579, "gamma": 474.4565382994866, "max_depth": 5.0, "min_child_weight": 4392.8977726796, "num_boost_round": 26.0, "subsample": 0.9873515673283304}, "datetime": {"datetime": "2024-01-20 14:30:57", "elapsed": 415.248647, "delta": 0.000918}}
{"target": -15.157606106883616, "params": {"colsample_bytree": 0.36567739241135977, "eta": 0.04461336547428579, "gamma": 474.4565382994866, "max_depth": 5.0, "min_child_weight": 4392.8977726796, "num_boost_round": 27.0, "subsample": 0.9873515673283304}, "datetime": {"datetime": "2024-01-20 14:30:57", "elapsed": 415.249557, "delta": 0.00091}}
{"target": -15.15744182161688, "params": {"colsample_bytree": 0.36567739241135977, "eta": 0.04461336547428579, "gamma": 474.4565382994866, "max_depth": 5.0, "min_child_weight": 4392.8977726796, "num_boost_round": 28.0, "subsample": 0.9873515673283304}, "datetime": {"datetime": "2024-01-20 14:30:57", "elapsed": 415.250579, "delta": 0.001022}}
{"target": -15.15649507131068, "params": {"colsample_bytree": 0.36567739241135977, "eta": 0.04461336547428579, "gamma": 474.4565382994866, "max_depth": 5.0, "min_child_weight": 4392.8977726796, "num_boost_round": 29.0, "subsample": 0.9873515673283304}, "datetime": {"datetime": "2024-01-20 14:30:57", "elapsed": 415.251499, "delta": 0.00092}}
{"target": -15.156478690383393, "params": {"colsample_bytree": 0.36567739241135977, "eta": 0.04461336547428579, "gamma": 474.4565382994866, "max_depth": 5.0, "min_child_weight": 4392.8977726796, "num_boost_round": 30.0, "subsample": 0.9873515673283304}, "datetime": {"datetime": "2024-01-20 14:30:57", "elapsed": 415.25242, "delta": 0.000921}}
{"target": -15.156950829792478, "params": {"colsample_bytree": 0.36567739241135977, "eta": 0.04461336547428579, "gamma": 474.4565382994866, "max_depth": 5.0, "min_child_weight": 4392.8977726796, "num_boost_round": 31.0, "subsample": 0.9873515673283304}, "datetime": {"datetime": "2024-01-20 14:30:57", "elapsed": 415.253332, "delta": 0.000912}}
{"target": -15.156901252954563, "params": {"colsample_bytree": 0.36567739241135977, "eta": 0.04461336547428579, "gamma": 474.4565382994866, "max_depth": 5.0, "min_child_weight": 4392.8977726796, "num_boost_round": 32.0, "subsample": 0.9873515673283304}, "datetime": {"datetime": "2024-01-20 14:30:57", "elapsed": 415.254244, "delta": 0.000912}}
{"target": -15.156840226006299, "params": {"colsample_bytree": 0.36567739241135977, "eta": 0.04461336547428579, "gamma": 474.4565382994866, "max_depth": 5.0, "min_child_weight": 4392.8977726796, "num_boost_round": 33.0, "subsample": 0.9873515673283304}, "datetime": {"datetime": "2024-01-20 14:30:57", "elapsed": 415.255163, "delta": 0.000919}}
{"target": -15.157220395990487, "params": {"colsample_bytree": 0.36567739241135977, "eta": 0.04461336547428579, "gamma": 474.4565382994866, "max_depth": 5.0, "min_child_weight": 4392.8977726796, "num_boost_round": 34.0, "subsample": 0.9873515673283304}, "datetime": {"datetime": "2024-01-20 14:30:57", "elapsed": 415.256083, "delta": 0.00092}}
{"target": -15.15726059568053, "params": {"colsample_bytree": 0.36567739241135977, "eta": 0.04461336547428579, "gamma": 474.4565382994866, "max_depth": 5.0, "min_child_weight": 4392.8977726796, "num_boost_round": 35.0, "subsample": 0.9873515673283304}, "datetime": {"datetime": "2024-01-20 14:30:57", "elapsed": 415.256994, "delta": 0.000911}}
{"target": -15.15765107851481, "params": {"colsample_bytree": 0.36567739241135977, "eta": 0.04461336547428579, "gamma": 474.4565382994866, "max_depth": 5.0, "min_child_weight": 4392.8977726796, "num_boost_round": 36.0, "subsample": 0.9873515673283304}, "datetime": {"datetime": "2024-01-20 14:30:57", "elapsed": 415.257918, "delta": 0.000924}}
{"target": -15.1575567596737, "params": {"colsample_bytree": 0.36567739241135977, "eta": 0.04461336547428579, "gamma": 474.4565382994866, "max_depth": 5.0, "min_child_weight": 4392.8977726796, "num_boost_round": 37.0, "subsample": 0.9873515673283304}, "datetime": {"datetime": "2024-01-20 14:30:57", "elapsed": 415.25886, "delta": 0.000942}}
{"target": -15.15748455744913, "params": {"colsample_bytree": 0.36567739241135977, "eta": 0.04461336547428579, "gamma": 474.4565382994866, "max_depth": 5.0, "min_child_weight": 4392.8977726796, "num_boost_round": 38.0, "subsample": 0.9873515673283304}, "datetime": {"datetime": "2024-01-20 14:30:57", "elapsed": 415.259781, "delta": 0.000921}}
{"target": -15.157680442722661, "params": {"colsample_bytree": 0.36567739241135977, "eta": 0.04461336547428579, "gamma": 474.4565382994866, "max_depth": 5.0, "min_child_weight": 4392.8977726796, "num_boost_round": 39.0, "subsample": 0.9873515673283304}, "datetime": {"datetime": "2024-01-20 14:30:57", "elapsed": 415.260759, "delta": 0.000978}}
{"target": -15.157785101250953, "params": {"colsample_bytree": 0.36567739241135977, "eta": 0.04461336547428579, "gamma": 474.4565382994866, "max_depth": 5.0, "min_child_weight": 4392.8977726796, "num_boost_round": 40.0, "subsample": 0.9873515673283304}, "datetime": {"datetime": "2024-01-20 14:30:57", "elapsed": 415.261685, "delta": 0.000926}}
{"target": -15.157572990241569, "params": {"colsample_bytree": 0.36567739241135977, "eta": 0.04461336547428579, "gamma": 474.4565382994866, "max_depth": 5.0, "min_child_weight": 4392.8977726796, "num_boost_round": 41.0, "subsample": 0.9873515673283304}, "datetime": {"datetime": "2024-01-20 14:30:57", "elapsed": 415.262659, "delta": 0.000974}}
{"target": -15.157431074722883, "params": {"colsample_bytree": 0.36567739241135977, "eta": 0.04461336547428579, "gamma": 474.4565382994866, "max_depth": 5.0, "min_child_weight": 4392.8977726796, "num_boost_round": 42.0, "subsample": 0.9873515673283304}, "datetime": {"datetime": "2024-01-20 14:30:57", "elapsed": 415.263587, "delta": 0.000928}}
{"target": -15.157519541318461, "params": {"colsample_bytree": 0.36567739241135977, "eta": 0.04461336547428579, "gamma": 474.4565382994866, "max_depth": 5.0, "min_child_weight": 4392.8977726796, "num_boost_round": 43.0, "subsample": 0.9873515673283304}, "datetime": {"datetime": "2024-01-20 14:30:57", "elapsed": 415.264519, "delta": 0.000932}}
{"target": -15.168621346476364, "params": {"colsample_bytree": 0.9490752700807819, "eta": 0.0690422001708957, "gamma": 536.6692729889255, "max_depth": 5.0, "min_child_weight": 4289.437228493603, "num_boost_round": 1.0, "subsample": 0.4578337787362794}, "datetime": {"datetime": "2024-01-20 14:31:18", "elapsed": 435.928805, "delta": 20.664286}}
{"target": -15.164870066985781, "params": {"colsample_bytree": 0.9490752700807819, "eta": 0.0690422001708957, "gamma": 536.6692729889255, "max_depth": 5.0, "min_child_weight": 4289.437228493603, "num_boost_round": 2.0, "subsample": 0.4578337787362794}, "datetime": {"datetime": "2024-01-20 14:31:18", "elapsed": 435.930557, "delta": 0.001752}}
{"target": -15.161319892332541, "params": {"colsample_bytree": 0.9490752700807819, "eta": 0.0690422001708957, "gamma": 536.6692729889255, "max_depth": 5.0, "min_child_weight": 4289.437228493603, "num_boost_round": 3.0, "subsample": 0.4578337787362794}, "datetime": {"datetime": "2024-01-20 14:31:18", "elapsed": 435.931544, "delta": 0.000987}}
{"target": -15.160052759051768, "params": {"colsample_bytree": 0.9490752700807819, "eta": 0.0690422001708957, "gamma": 536.6692729889255, "max_depth": 5.0, "min_child_weight": 4289.437228493603, "num_boost_round": 4.0, "subsample": 0.4578337787362794}, "datetime": {"datetime": "2024-01-20 14:31:18", "elapsed": 435.932489, "delta": 0.000945}}
{"target": -15.15820254172861, "params": {"colsample_bytree": 0.9490752700807819, "eta": 0.0690422001708957, "gamma": 536.6692729889255, "max_depth": 5.0, "min_child_weight": 4289.437228493603, "num_boost_round": 5.0, "subsample": 0.4578337787362794}, "datetime": {"datetime": "2024-01-20 14:31:18", "elapsed": 435.933551, "delta": 0.001062}}
{"target": -15.156447901218716, "params": {"colsample_bytree": 0.9490752700807819, "eta": 0.0690422001708957, "gamma": 536.6692729889255, "max_depth": 5.0, "min_child_weight": 4289.437228493603, "num_boost_round": 6.0, "subsample": 0.4578337787362794}, "datetime": {"datetime": "2024-01-20 14:31:18", "elapsed": 435.934993, "delta": 0.001442}}
{"target": -15.15540251492829, "params": {"colsample_bytree": 0.9490752700807819, "eta": 0.0690422001708957, "gamma": 536.6692729889255, "max_depth": 5.0, "min_child_weight": 4289.437228493603, "num_boost_round": 7.0, "subsample": 0.4578337787362794}, "datetime": {"datetime": "2024-01-20 14:31:18", "elapsed": 435.935953, "delta": 0.00096}}
{"target": -15.15452280910256, "params": {"colsample_bytree": 0.9490752700807819, "eta": 0.0690422001708957, "gamma": 536.6692729889255, "max_depth": 5.0, "min_child_weight": 4289.437228493603, "num_boost_round": 8.0, "subsample": 0.4578337787362794}, "datetime": {"datetime": "2024-01-20 14:31:18", "elapsed": 435.936892, "delta": 0.000939}}
{"target": -15.154695441163266, "params": {"colsample_bytree": 0.9490752700807819, "eta": 0.0690422001708957, "gamma": 536.6692729889255, "max_depth": 5.0, "min_child_weight": 4289.437228493603, "num_boost_round": 9.0, "subsample": 0.4578337787362794}, "datetime": {"datetime": "2024-01-20 14:31:18", "elapsed": 435.937867, "delta": 0.000975}}
{"target": -15.154309972429306, "params": {"colsample_bytree": 0.9490752700807819, "eta": 0.0690422001708957, "gamma": 536.6692729889255, "max_depth": 5.0, "min_child_weight": 4289.437228493603, "num_boost_round": 10.0, "subsample": 0.4578337787362794}, "datetime": {"datetime": "2024-01-20 14:31:18", "elapsed": 435.938805, "delta": 0.000938}}
{"target": -15.154150865705446, "params": {"colsample_bytree": 0.9490752700807819, "eta": 0.0690422001708957, "gamma": 536.6692729889255, "max_depth": 5.0, "min_child_weight": 4289.437228493603, "num_boost_round": 11.0, "subsample": 0.4578337787362794}, "datetime": {"datetime": "2024-01-20 14:31:18", "elapsed": 435.939748, "delta": 0.000943}}
{"target": -15.153560404695298, "params": {"colsample_bytree": 0.9490752700807819, "eta": 0.0690422001708957, "gamma": 536.6692729889255, "max_depth": 5.0, "min_child_weight": 4289.437228493603, "num_boost_round": 12.0, "subsample": 0.4578337787362794}, "datetime": {"datetime": "2024-01-20 14:31:18", "elapsed": 435.940733, "delta": 0.000985}}
{"target": -15.15345476707779, "params": {"colsample_bytree": 0.9490752700807819, "eta": 0.0690422001708957, "gamma": 536.6692729889255, "max_depth": 5.0, "min_child_weight": 4289.437228493603, "num_boost_round": 13.0, "subsample": 0.4578337787362794}, "datetime": {"datetime": "2024-01-20 14:31:18", "elapsed": 435.941675, "delta": 0.000942}}
{"target": -15.153267691755843, "params": {"colsample_bytree": 0.9490752700807819, "eta": 0.0690422001708957, "gamma": 536.6692729889255, "max_depth": 5.0, "min_child_weight": 4289.437228493603, "num_boost_round": 14.0, "subsample": 0.4578337787362794}, "datetime": {"datetime": "2024-01-20 14:31:18", "elapsed": 435.94271, "delta": 0.001035}}
{"target": -15.15328829649837, "params": {"colsample_bytree": 0.9490752700807819, "eta": 0.0690422001708957, "gamma": 536.6692729889255, "max_depth": 5.0, "min_child_weight": 4289.437228493603, "num_boost_round": 15.0, "subsample": 0.4578337787362794}, "datetime": {"datetime": "2024-01-20 14:31:18", "elapsed": 435.943738, "delta": 0.001028}}
{"target": -15.15370232237414, "params": {"colsample_bytree": 0.9490752700807819, "eta": 0.0690422001708957, "gamma": 536.6692729889255, "max_depth": 5.0, "min_child_weight": 4289.437228493603, "num_boost_round": 16.0, "subsample": 0.4578337787362794}, "datetime": {"datetime": "2024-01-20 14:31:18", "elapsed": 435.944698, "delta": 0.00096}}
{"target": -15.171265957637532, "params": {"colsample_bytree": 0.8222763545626812, "eta": 0.06639351748729563, "gamma": 540.2311014622071, "max_depth": 4.0, "min_child_weight": 4300.564706902306, "num_boost_round": 1.0, "subsample": 0.8860927166969674}, "datetime": {"datetime": "2024-01-20 14:31:40", "elapsed": 458.437221, "delta": 22.492523}}
