{"target": -15.172601045006903, "params": {"colsample_bytree": 0.17717864544090384, "eta": 0.002760277301857663, "gamma": 609.7560852109737, "max_depth": 9.0, "min_child_weight": 4197.57880344527, "num_boost_round": 6.0, "subsample": 0.8926901907208009}, "datetime": {"datetime": "2024-01-20 14:36:28", "elapsed": 746.126844, "delta": 0.001343}}
{"target": -15.172501375945787, "params": {"colsample_bytree": 0.17717864544090384, "eta": 0.002760277301857663, "gamma": 609.7560852109737, "max_depth": 9.0, "min_child_weight": 4197.57880344527, "num_boost_round": 7.0, "subsample": 0.8926901907208009}, "datetime": {"datetime": "2024-01-20 14:36:28", "elapsed": 746.128144, "delta": 0.0013}}
{"target": -15.172403249243825, "params": {"colsample_bytree": 0.17717864544090384, "eta": 0.002760277301857663, "gamma": 609.7560852109737, "max_depth": 9.0, "min_child_weight": 4197.57880344527, "num_boost_round": 8.0, "subsample": 0.8926901907208009}, "datetime": {"datetime": "2024-01-20 14:36:28", "elapsed": 746.129448, "delta": 0.001304}}
{"target": -15.172396428349945, "params": {"colsample_bytree": 0.17717864544090384, "eta": 0.002760277301857663, "gamma": 609.7560852109737, "max_depth": 9.0, "min_child_weight": 4197.57880344527, "num_boost_round": 9.0, "subsample": 0.8926901907208009}, "datetime": {"datetime": "2024-01-20 14:36:28", "elapsed": 746.130762, "delta": 0.001314}}
{"target": -15.172317854413395, "params": {"colsample_bytree": 0.17717864544090384, "eta": 0.002760277301857663, "gamma": 609.7560852109737, "max_depth": 9.0, "min_child_weight": 4197.57880344527, "num_boost_round": 10.0, "subsample": 0.8926901907208009}, "datetime": {"datetime": "2024-01-20 14:36:28", "elapsed": 746.375299, "delta": 0.244537}}
{"target": -15.172310959479999, "params": {"colsample_bytree": 0.17717864544090384, "eta": 0.002760277301857663, "gamma": 609.7560852109737, "max_depth": 9.0, "min_child_weight": 4197.57880344527, "num_boost_round": 11.0, "subsample": 0.8926901907208009}, "datetime": {"datetime": "2024-01-20 14:36:28", "elapsed": 746.377147, "delta": 0.001848}}
{"target": -15.172292573111147, "params": {"colsample_bytree": 0.17717864544090384, "eta": 0.002760277301857663, "gamma": 609.7560852109737, "max_depth": 9.0, "min_child_weight": 4197.57880344527, "num_boost_round": 12.0, "subsample": 0.8926901907208009}, "datetime": {"datetime": "2024-01-20 14:36:28", "elapsed": 746.378786, "delta": 0.001639}}
{"target": -15.172299483409919, "params": {"colsample_bytree": 0.17717864544090384, "eta": 0.002760277301857663, "gamma": 609.7560852109737, "max_depth": 9.0, "min_child_weight": 4197.57880344527, "num_boost_round": 13.0, "subsample": 0.8926901907208009}, "datetime": {"datetime": "2024-01-20 14:36:28", "elapsed": 746.38021, "delta": 0.001424}}
{"target": -15.172294961104399, "params": {"colsample_bytree": 0.17717864544090384, "eta": 0.002760277301857663, "gamma": 609.7560852109737, "max_depth": 9.0, "min_child_weight": 4197.57880344527, "num_boost_round": 14.0, "subsample": 0.8926901907208009}, "datetime": {"datetime": "2024-01-20 14:36:28", "elapsed": 746.381654, "delta": 0.001444}}
{"target": -15.172290214100967, "params": {"colsample_bytree": 0.17717864544090384, "eta": 0.002760277301857663, "gamma": 609.7560852109737, "max_depth": 9.0, "min_child_weight": 4197.57880344527, "num_boost_round": 15.0, "subsample": 0.8926901907208009}, "datetime": {"datetime": "2024-01-20 14:36:28", "elapsed": 746.383182, "delta": 0.001528}}
{"target": -15.172193453682427, "params": {"colsample_bytree": 0.17717864544090384, "eta": 0.002760277301857663, "gamma": 609.7560852109737, "max_depth": 9.0, "min_child_weight": 4197.57880344527, "num_boost_round": 16.0, "subsample": 0.8926901907208009}, "datetime": {"datetime": "2024-01-20 14:36:28", "elapsed": 746.384617, "delta": 0.001435}}
{"target": -15.172095211440688, "params": {"colsample_bytree": 0.17717864544090384, "eta": 0.002760277301857663, "gamma": 609.7560852109737, "max_depth": 9.0, "min_child_weight": 4197.57880344527, "num_boost_round": 17.0, "subsample": 0.8926901907208009}, "datetime": {"datetime": "2024-01-20 14:36:28", "elapsed": 746.386126, "delta": 0.001509}}
{"target": -15.172083409876706, "params": {"colsample_bytree": 0.17717864544090384, "eta": 0.002760277301857663, "gamma": 609.7560852109737, "max_depth": 9.0, "min_child_weight": 4197.57880344527, "num_boost_round": 18.0, "subsample": 0.8926901907208009}, "datetime": {"datetime": "2024-01-20 14:36:28", "elapsed": 746.387629, "delta": 0.001503}}
{"target": -15.171982522212627, "params": {"colsample_bytree": 0.17717864544090384, "eta": 0.002760277301857663, "gamma": 609.7560852109737, "max_depth": 9.0, "min_child_weight": 4197.57880344527, "num_boost_round": 19.0, "subsample": 0.8926901907208009}, "datetime": {"datetime": "2024-01-20 14:36:28", "elapsed": 746.389113, "delta": 0.001484}}
{"target": -15.171977442902982, "params": {"colsample_bytree": 0.17717864544090384, "eta": 0.002760277301857663, "gamma": 609.7560852109737, "max_depth": 9.0, "min_child_weight": 4197.57880344527, "num_boost_round": 20.0, "subsample": 0.8926901907208009}, "datetime": {"datetime": "2024-01-20 14:36:28", "elapsed": 746.390625, "delta": 0.001512}}
{"target": -15.171897093465098, "params": {"colsample_bytree": 0.17717864544090384, "eta": 0.002760277301857663, "gamma": 609.7560852109737, "max_depth": 9.0, "min_child_weight": 4197.57880344527, "num_boost_round": 21.0, "subsample": 0.8926901907208009}, "datetime": {"datetime": "2024-01-20 14:36:28", "elapsed": 746.392115, "delta": 0.00149}}
{"target": -15.171895877156256, "params": {"colsample_bytree": 0.17717864544090384, "eta": 0.002760277301857663, "gamma": 609.7560852109737, "max_depth": 9.0, "min_child_weight": 4197.57880344527, "num_boost_round": 22.0, "subsample": 0.8926901907208009}, "datetime": {"datetime": "2024-01-20 14:36:28", "elapsed": 746.393728, "delta": 0.001613}}
{"target": -15.171882276384615, "params": {"colsample_bytree": 0.17717864544090384, "eta": 0.002760277301857663, "gamma": 609.7560852109737, "max_depth": 9.0, "min_child_weight": 4197.57880344527, "num_boost_round": 23.0, "subsample": 0.8926901907208009}, "datetime": {"datetime": "2024-01-20 14:36:28", "elapsed": 746.395357, "delta": 0.001629}}
{"target": -15.17188264889451, "params": {"colsample_bytree": 0.17717864544090384, "eta": 0.002760277301857663, "gamma": 609.7560852109737, "max_depth": 9.0, "min_child_weight": 4197.57880344527, "num_boost_round": 24.0, "subsample": 0.8926901907208009}, "datetime": {"datetime": "2024-01-20 14:36:28", "elapsed": 746.39698, "delta": 0.001623}}
{"target": -15.17187420941152, "params": {"colsample_bytree": 0.17717864544090384, "eta": 0.002760277301857663, "gamma": 609.7560852109737, "max_depth": 9.0, "min_child_weight": 4197.57880344527, "num_boost_round": 25.0, "subsample": 0.8926901907208009}, "datetime": {"datetime": "2024-01-20 14:36:28", "elapsed": 746.398639, "delta": 0.001659}}
{"target": -15.171868660183911, "params": {"colsample_bytree": 0.17717864544090384, "eta": 0.002760277301857663, "gamma": 609.7560852109737, "max_depth": 9.0, "min_child_weight": 4197.57880344527, "num_boost_round": 26.0, "subsample": 0.8926901907208009}, "datetime": {"datetime": "2024-01-20 14:36:28", "elapsed": 746.40021, "delta": 0.001571}}
{"target": -15.171773384642238, "params": {"colsample_bytree": 0.17717864544090384, "eta": 0.002760277301857663, "gamma": 609.7560852109737, "max_depth": 9.0, "min_child_weight": 4197.57880344527, "num_boost_round": 27.0, "subsample": 0.8926901907208009}, "datetime": {"datetime": "2024-01-20 14:36:28", "elapsed": 746.401737, "delta": 0.001527}}
{"target": -15.17176488090525, "params": {"colsample_bytree": 0.17717864544090384, "eta": 0.002760277301857663, "gamma": 609.7560852109737, "max_depth": 9.0, "min_child_weight": 4197.57880344527, "num_boost_round": 28.0, "subsample": 0.8926901907208009}, "datetime": {"datetime": "2024-01-20 14:36:28", "elapsed": 746.403199, "delta": 0.001462}}
{"target": -15.171753503004865, "params": {"colsample_bytree": 0.17717864544090384, "eta": 0.002760277301857663, "gamma": 609.7560852109737, "max_depth": 9.0, "min_child_weight": 4197.57880344527, "num_boost_round": 29.0, "subsample": 0.8926901907208009}, "datetime": {"datetime": "2024-01-20 14:36:28", "elapsed": 746.404678, "delta": 0.001479}}
{"target": -15.171628232958874, "params": {"colsample_bytree": 0.17717864544090384, "eta": 0.002760277301857663, "gamma": 609.7560852109737, "max_depth": 9.0, "min_child_weight": 4197.57880344527, "num_boost_round": 30.0, "subsample": 0.8926901907208009}, "datetime": {"datetime": "2024-01-20 14:36:28", "elapsed": 746.406173, "delta": 0.001495}}
{"target": -15.171645449824556, "params": {"colsample_bytree": 0.17717864544090384, "eta": 0.002760277301857663, "gamma": 609.7560852109737, "max_depth": 9.0, "min_child_weight": 4197.57880344527, "num_boost_round": 31.0, "subsample": 0.8926901907208009}, "datetime": {"datetime": "2024-01-20 14:36:28", "elapsed": 746.407665, "delta": 0.001492}}
{"target": -15.171648487412202, "params": {"colsample_bytree": 0.17717864544090384, "eta": 0.002760277301857663, "gamma": 609.7560852109737, "max_depth": 9.0, "min_child_weight": 4197.57880344527, "num_boost_round": 32.0, "subsample": 0.8926901907208009}, "datetime": {"datetime": "2024-01-20 14:36:28", "elapsed": 746.409136, "delta": 0.001471}}
{"target": -15.171091085050833, "params": {"colsample_bytree": 0.588285997664649, "eta": 0.07367924058144561, "gamma": 519.9179413546298, "max_depth": 6.0, "min_child_weight": 4253.772771584516, "num_boost_round": 1.0, "subsample": 0.8846435947106256}, "datetime": {"datetime": "2024-01-20 14:37:09", "elapsed": 786.920966, "delta": 40.51183}}
{"target": -15.168549687499903, "params": {"colsample_bytree": 0.588285997664649, "eta": 0.07367924058144561, "gamma": 519.9179413546298, "max_depth": 6.0, "min_child_weight": 4253.772771584516, "num_boost_round": 2.0, "subsample": 0.8846435947106256}, "datetime": {"datetime": "2024-01-20 14:37:09", "elapsed": 786.923356, "delta": 0.00239}}
{"target": -15.166098026786708, "params": {"colsample_bytree": 0.588285997664649, "eta": 0.07367924058144561, "gamma": 519.9179413546298, "max_depth": 6.0, "min_child_weight": 4253.772771584516, "num_boost_round": 3.0, "subsample": 0.8846435947106256}, "datetime": {"datetime": "2024-01-20 14:37:09", "elapsed": 786.925246, "delta": 0.00189}}
{"target": -15.165599253203233, "params": {"colsample_bytree": 0.588285997664649, "eta": 0.07367924058144561, "gamma": 519.9179413546298, "max_depth": 6.0, "min_child_weight": 4253.772771584516, "num_boost_round": 4.0, "subsample": 0.8846435947106256}, "datetime": {"datetime": "2024-01-20 14:37:09", "elapsed": 786.926686, "delta": 0.00144}}
{"target": -15.16392019777322, "params": {"colsample_bytree": 0.588285997664649, "eta": 0.07367924058144561, "gamma": 519.9179413546298, "max_depth": 6.0, "min_child_weight": 4253.772771584516, "num_boost_round": 5.0, "subsample": 0.8846435947106256}, "datetime": {"datetime": "2024-01-20 14:37:09", "elapsed": 786.928189, "delta": 0.001503}}
{"target": -15.162577655933614, "params": {"colsample_bytree": 0.588285997664649, "eta": 0.07367924058144561, "gamma": 519.9179413546298, "max_depth": 6.0, "min_child_weight": 4253.772771584516, "num_boost_round": 6.0, "subsample": 0.8846435947106256}, "datetime": {"datetime": "2024-01-20 14:37:09", "elapsed": 786.929586, "delta": 0.001397}}
{"target": -15.161371199745759, "params": {"colsample_bytree": 0.588285997664649, "eta": 0.07367924058144561, "gamma": 519.9179413546298, "max_depth": 6.0, "min_child_weight": 4253.772771584516, "num_boost_round": 7.0, "subsample": 0.8846435947106256}, "datetime": {"datetime": "2024-01-20 14:37:09", "elapsed": 786.930968, "delta": 0.001382}}
{"target": -15.16089011303223, "params": {"colsample_bytree": 0.588285997664649, "eta": 0.07367924058144561, "gamma": 519.9179413546298, "max_depth": 6.0, "min_child_weight": 4253.772771584516, "num_boost_round": 8.0, "subsample": 0.8846435947106256}, "datetime": {"datetime": "2024-01-20 14:37:09", "elapsed": 786.932353, "delta": 0.001385}}
{"target": -15.160471498185025, "params": {"colsample_bytree": 0.588285997664649, "eta": 0.07367924058144561, "gamma": 519.9179413546298, "max_depth": 6.0, "min_child_weight": 4253.772771584516, "num_boost_round": 9.0, "subsample": 0.8846435947106256}, "datetime": {"datetime": "2024-01-20 14:37:09", "elapsed": 786.933743, "delta": 0.00139}}
{"target": -15.160009611570954, "params": {"colsample_bytree": 0.588285997664649, "eta": 0.07367924058144561, "gamma": 519.9179413546298, "max_depth": 6.0, "min_child_weight": 4253.772771584516, "num_boost_round": 10.0, "subsample": 0.8846435947106256}, "datetime": {"datetime": "2024-01-20 14:37:09", "elapsed": 786.935138, "delta": 0.001395}}
{"target": -15.160362085299436, "params": {"colsample_bytree": 0.588285997664649, "eta": 0.07367924058144561, "gamma": 519.9179413546298, "max_depth": 6.0, "min_child_weight": 4253.772771584516, "num_boost_round": 11.0, "subsample": 0.8846435947106256}, "datetime": {"datetime": "2024-01-20 14:37:09", "elapsed": 786.936561, "delta": 0.001423}}
{"target": -15.158980627572802, "params": {"colsample_bytree": 0.588285997664649, "eta": 0.07367924058144561, "gamma": 519.9179413546298, "max_depth": 6.0, "min_child_weight": 4253.772771584516, "num_boost_round": 12.0, "subsample": 0.8846435947106256}, "datetime": {"datetime": "2024-01-20 14:37:09", "elapsed": 786.937949, "delta": 0.001388}}
{"target": -15.15943816209834, "params": {"colsample_bytree": 0.588285997664649, "eta": 0.07367924058144561, "gamma": 519.9179413546298, "max_depth": 6.0, "min_child_weight": 4253.772771584516, "num_boost_round": 13.0, "subsample": 0.8846435947106256}, "datetime": {"datetime": "2024-01-20 14:37:09", "elapsed": 786.939324, "delta": 0.001375}}
{"target": -15.158466573855554, "params": {"colsample_bytree": 0.588285997664649, "eta": 0.07367924058144561, "gamma": 519.9179413546298, "max_depth": 6.0, "min_child_weight": 4253.772771584516, "num_boost_round": 14.0, "subsample": 0.8846435947106256}, "datetime": {"datetime": "2024-01-20 14:37:09", "elapsed": 786.940726, "delta": 0.001402}}
{"target": -15.158077752564582, "params": {"colsample_bytree": 0.588285997664649, "eta": 0.07367924058144561, "gamma": 519.9179413546298, "max_depth": 6.0, "min_child_weight": 4253.772771584516, "num_boost_round": 15.0, "subsample": 0.8846435947106256}, "datetime": {"datetime": "2024-01-20 14:37:09", "elapsed": 786.942118, "delta": 0.001392}}
{"target": -15.158932337057845, "params": {"colsample_bytree": 0.588285997664649, "eta": 0.07367924058144561, "gamma": 519.9179413546298, "max_depth": 6.0, "min_child_weight": 4253.772771584516, "num_boost_round": 16.0, "subsample": 0.8846435947106256}, "datetime": {"datetime": "2024-01-20 14:37:09", "elapsed": 786.943514, "delta": 0.001396}}
{"target": -15.158769046101156, "params": {"colsample_bytree": 0.588285997664649, "eta": 0.07367924058144561, "gamma": 519.9179413546298, "max_depth": 6.0, "min_child_weight": 4253.772771584516, "num_boost_round": 17.0, "subsample": 0.8846435947106256}, "datetime": {"datetime": "2024-01-20 14:37:09", "elapsed": 786.944904, "delta": 0.00139}}
{"target": -15.159826864729286, "params": {"colsample_bytree": 0.588285997664649, "eta": 0.07367924058144561, "gamma": 519.9179413546298, "max_depth": 6.0, "min_child_weight": 4253.772771584516, "num_boost_round": 18.0, "subsample": 0.8846435947106256}, "datetime": {"datetime": "2024-01-20 14:37:09", "elapsed": 786.946307, "delta": 0.001403}}
{"target": -15.160566878363134, "params": {"colsample_bytree": 0.588285997664649, "eta": 0.07367924058144561, "gamma": 519.9179413546298, "max_depth": 6.0, "min_child_weight": 4253.772771584516, "num_boost_round": 19.0, "subsample": 0.8846435947106256}, "datetime": {"datetime": "2024-01-20 14:37:09", "elapsed": 786.947711, "delta": 0.001404}}
{"target": -15.16025858413363, "params": {"colsample_bytree": 0.588285997664649, "eta": 0.07367924058144561, "gamma": 519.9179413546298, "max_depth": 6.0, "min_child_weight": 4253.772771584516, "num_boost_round": 20.0, "subsample": 0.8846435947106256}, "datetime": {"datetime": "2024-01-20 14:37:09", "elapsed": 786.949083, "delta": 0.001372}}
{"target": -15.160450427418525, "params": {"colsample_bytree": 0.588285997664649, "eta": 0.07367924058144561, "gamma": 519.9179413546298, "max_depth": 6.0, "min_child_weight": 4253.772771584516, "num_boost_round": 21.0, "subsample": 0.8846435947106256}, "datetime": {"datetime": "2024-01-20 14:37:09", "elapsed": 786.950476, "delta": 0.001393}}
{"target": -15.160704069387002, "params": {"colsample_bytree": 0.588285997664649, "eta": 0.07367924058144561, "gamma": 519.9179413546298, "max_depth": 6.0, "min_child_weight": 4253.772771584516, "num_boost_round": 22.0, "subsample": 0.8846435947106256}, "datetime": {"datetime": "2024-01-20 14:37:09", "elapsed": 786.951862, "delta": 0.001386}}
{"target": -15.160452578351332, "params": {"colsample_bytree": 0.588285997664649, "eta": 0.07367924058144561, "gamma": 519.9179413546298, "max_depth": 6.0, "min_child_weight": 4253.772771584516, "num_boost_round": 23.0, "subsample": 0.8846435947106256}, "datetime": {"datetime": "2024-01-20 14:37:09", "elapsed": 786.953258, "delta": 0.001396}}
{"target": -15.160748539977128, "params": {"colsample_bytree": 0.588285997664649, "eta": 0.07367924058144561, "gamma": 519.9179413546298, "max_depth": 6.0, "min_child_weight": 4253.772771584516, "num_boost_round": 24.0, "subsample": 0.8846435947106256}, "datetime": {"datetime": "2024-01-20 14:37:09", "elapsed": 786.954651, "delta": 0.001393}}
{"target": -15.161179389473102, "params": {"colsample_bytree": 0.588285997664649, "eta": 0.07367924058144561, "gamma": 519.9179413546298, "max_depth": 6.0, "min_child_weight": 4253.772771584516, "num_boost_round": 25.0, "subsample": 0.8846435947106256}, "datetime": {"datetime": "2024-01-20 14:37:09", "elapsed": 786.956055, "delta": 0.001404}}
{"target": -15.161780560843575, "params": {"colsample_bytree": 0.588285997664649, "eta": 0.07367924058144561, "gamma": 519.9179413546298, "max_depth": 6.0, "min_child_weight": 4253.772771584516, "num_boost_round": 26.0, "subsample": 0.8846435947106256}, "datetime": {"datetime": "2024-01-20 14:37:09", "elapsed": 786.957446, "delta": 0.001391}}
{"target": -15.16171352888128, "params": {"colsample_bytree": 0.588285997664649, "eta": 0.07367924058144561, "gamma": 519.9179413546298, "max_depth": 6.0, "min_child_weight": 4253.772771584516, "num_boost_round": 27.0, "subsample": 0.8846435947106256}, "datetime": {"datetime": "2024-01-20 14:37:09", "elapsed": 786.959516, "delta": 0.00207}}
{"target": -15.16216961724346, "params": {"colsample_bytree": 0.588285997664649, "eta": 0.07367924058144561, "gamma": 519.9179413546298, "max_depth": 6.0, "min_child_weight": 4253.772771584516, "num_boost_round": 28.0, "subsample": 0.8846435947106256}, "datetime": {"datetime": "2024-01-20 14:37:09", "elapsed": 786.961722, "delta": 0.002206}}
{"target": -15.161963663451354, "params": {"colsample_bytree": 0.588285997664649, "eta": 0.07367924058144561, "gamma": 519.9179413546298, "max_depth": 6.0, "min_child_weight": 4253.772771584516, "num_boost_round": 29.0, "subsample": 0.8846435947106256}, "datetime": {"datetime": "2024-01-20 14:37:09", "elapsed": 786.96331, "delta": 0.001588}}
{"target": -15.16257083363914, "params": {"colsample_bytree": 0.588285997664649, "eta": 0.07367924058144561, "gamma": 519.9179413546298, "max_depth": 6.0, "min_child_weight": 4253.772771584516, "num_boost_round": 30.0, "subsample": 0.8846435947106256}, "datetime": {"datetime": "2024-01-20 14:37:09", "elapsed": 786.96468, "delta": 0.00137}}
{"target": -15.162512458452529, "params": {"colsample_bytree": 0.588285997664649, "eta": 0.07367924058144561, "gamma": 519.9179413546298, "max_depth": 6.0, "min_child_weight": 4253.772771584516, "num_boost_round": 31.0, "subsample": 0.8846435947106256}, "datetime": {"datetime": "2024-01-20 14:37:09", "elapsed": 786.966025, "delta": 0.001345}}
{"target": -15.162283092137399, "params": {"colsample_bytree": 0.588285997664649, "eta": 0.07367924058144561, "gamma": 519.9179413546298, "max_depth": 6.0, "min_child_weight": 4253.772771584516, "num_boost_round": 32.0, "subsample": 0.8846435947106256}, "datetime": {"datetime": "2024-01-20 14:37:09", "elapsed": 786.967423, "delta": 0.001398}}
{"target": -15.162227411647414, "params": {"colsample_bytree": 0.588285997664649, "eta": 0.07367924058144561, "gamma": 519.9179413546298, "max_depth": 6.0, "min_child_weight": 4253.772771584516, "num_boost_round": 33.0, "subsample": 0.8846435947106256}, "datetime": {"datetime": "2024-01-20 14:37:09", "elapsed": 786.968783, "delta": 0.00136}}
{"target": -15.162952695272132, "params": {"colsample_bytree": 0.588285997664649, "eta": 0.07367924058144561, "gamma": 519.9179413546298, "max_depth": 6.0, "min_child_weight": 4253.772771584516, "num_boost_round": 34.0, "subsample": 0.8846435947106256}, "datetime": {"datetime": "2024-01-20 14:37:09", "elapsed": 786.970141, "delta": 0.001358}}
{"target": -15.163173119436417, "params": {"colsample_bytree": 0.588285997664649, "eta": 0.07367924058144561, "gamma": 519.9179413546298, "max_depth": 6.0, "min_child_weight": 4253.772771584516, "num_boost_round": 35.0, "subsample": 0.8846435947106256}, "datetime": {"datetime": "2024-01-20 14:37:09", "elapsed": 786.971625, "delta": 0.001484}}
{"target": -15.163335035785511, "params": {"colsample_bytree": 0.588285997664649, "eta": 0.07367924058144561, "gamma": 519.9179413546298, "max_depth": 6.0, "min_child_weight": 4253.772771584516, "num_boost_round": 36.0, "subsample": 0.8846435947106256}, "datetime": {"datetime": "2024-01-20 14:37:09", "elapsed": 786.972987, "delta": 0.001362}}
