{"target": -15.16850180718971, "params": {"colsample_bytree": 0.933467481868393, "eta": 0.07368390508986697, "gamma": 511.77310435315735, "max_depth": 8.0, "min_child_weight": 4315.9595437793805, "num_boost_round": 25.0, "subsample": 0.9125708604603807}, "datetime": {"datetime": "2024-01-20 14:50:26", "elapsed": 1583.878974, "delta": 0.002318}}
{"target": -15.168637516237421, "params": {"colsample_bytree": 0.933467481868393, "eta": 0.07368390508986697, "gamma": 511.77310435315735, "max_depth": 8.0, "min_child_weight": 4315.9595437793805, "num_boost_round": 26.0, "subsample": 0.9125708604603807}, "datetime": {"datetime": "2024-01-20 14:50:26", "elapsed": 1583.881482, "delta": 0.002508}}
{"target": -15.169327650032066, "params": {"colsample_bytree": 0.933467481868393, "eta": 0.07368390508986697, "gamma": 511.77310435315735, "max_depth": 8.0, "min_child_weight": 4315.9595437793805, "num_boost_round": 27.0, "subsample": 0.9125708604603807}, "datetime": {"datetime": "2024-01-20 14:50:26", "elapsed": 1583.883803, "delta": 0.002321}}
{"target": -15.16965701914364, "params": {"colsample_bytree": 0.933467481868393, "eta": 0.07368390508986697, "gamma": 511.77310435315735, "max_depth": 8.0, "min_child_weight": 4315.9595437793805, "num_boost_round": 28.0, "subsample": 0.9125708604603807}, "datetime": {"datetime": "2024-01-20 14:50:26", "elapsed": 1583.886138, "delta": 0.002335}}
{"target": -15.171214249343496, "params": {"colsample_bytree": 0.933467481868393, "eta": 0.07368390508986697, "gamma": 511.77310435315735, "max_depth": 8.0, "min_child_weight": 4315.9595437793805, "num_boost_round": 29.0, "subsample": 0.9125708604603807}, "datetime": {"datetime": "2024-01-20 14:50:26", "elapsed": 1583.888491, "delta": 0.002353}}
{"target": -15.172052176904453, "params": {"colsample_bytree": 0.933467481868393, "eta": 0.07368390508986697, "gamma": 511.77310435315735, "max_depth": 8.0, "min_child_weight": 4315.9595437793805, "num_boost_round": 30.0, "subsample": 0.9125708604603807}, "datetime": {"datetime": "2024-01-20 14:50:26", "elapsed": 1583.890817, "delta": 0.002326}}
{"target": -15.173230938448121, "params": {"colsample_bytree": 0.933467481868393, "eta": 0.07368390508986697, "gamma": 511.77310435315735, "max_depth": 8.0, "min_child_weight": 4315.9595437793805, "num_boost_round": 31.0, "subsample": 0.9125708604603807}, "datetime": {"datetime": "2024-01-20 14:50:26", "elapsed": 1583.893339, "delta": 0.002522}}
{"target": -15.173763169762134, "params": {"colsample_bytree": 0.933467481868393, "eta": 0.07368390508986697, "gamma": 511.77310435315735, "max_depth": 8.0, "min_child_weight": 4315.9595437793805, "num_boost_round": 32.0, "subsample": 0.9125708604603807}, "datetime": {"datetime": "2024-01-20 14:50:26", "elapsed": 1583.895805, "delta": 0.002466}}
{"target": -15.174668563942063, "params": {"colsample_bytree": 0.933467481868393, "eta": 0.07368390508986697, "gamma": 511.77310435315735, "max_depth": 8.0, "min_child_weight": 4315.9595437793805, "num_boost_round": 33.0, "subsample": 0.9125708604603807}, "datetime": {"datetime": "2024-01-20 14:50:26", "elapsed": 1583.898261, "delta": 0.002456}}
{"target": -15.176520120841658, "params": {"colsample_bytree": 0.933467481868393, "eta": 0.07368390508986697, "gamma": 511.77310435315735, "max_depth": 8.0, "min_child_weight": 4315.9595437793805, "num_boost_round": 34.0, "subsample": 0.9125708604603807}, "datetime": {"datetime": "2024-01-20 14:50:26", "elapsed": 1583.901001, "delta": 0.00274}}
{"target": -15.176780441242503, "params": {"colsample_bytree": 0.933467481868393, "eta": 0.07368390508986697, "gamma": 511.77310435315735, "max_depth": 8.0, "min_child_weight": 4315.9595437793805, "num_boost_round": 35.0, "subsample": 0.9125708604603807}, "datetime": {"datetime": "2024-01-20 14:50:26", "elapsed": 1583.903683, "delta": 0.002682}}
{"target": -15.177536695725152, "params": {"colsample_bytree": 0.933467481868393, "eta": 0.07368390508986697, "gamma": 511.77310435315735, "max_depth": 8.0, "min_child_weight": 4315.9595437793805, "num_boost_round": 36.0, "subsample": 0.9125708604603807}, "datetime": {"datetime": "2024-01-20 14:50:26", "elapsed": 1583.906175, "delta": 0.002492}}
{"target": -15.17840260326743, "params": {"colsample_bytree": 0.933467481868393, "eta": 0.07368390508986697, "gamma": 511.77310435315735, "max_depth": 8.0, "min_child_weight": 4315.9595437793805, "num_boost_round": 37.0, "subsample": 0.9125708604603807}, "datetime": {"datetime": "2024-01-20 14:50:26", "elapsed": 1583.908579, "delta": 0.002404}}
{"target": -15.17887558215718, "params": {"colsample_bytree": 0.933467481868393, "eta": 0.07368390508986697, "gamma": 511.77310435315735, "max_depth": 8.0, "min_child_weight": 4315.9595437793805, "num_boost_round": 38.0, "subsample": 0.9125708604603807}, "datetime": {"datetime": "2024-01-20 14:50:26", "elapsed": 1583.911067, "delta": 0.002488}}
{"target": -15.180045069598243, "params": {"colsample_bytree": 0.933467481868393, "eta": 0.07368390508986697, "gamma": 511.77310435315735, "max_depth": 8.0, "min_child_weight": 4315.9595437793805, "num_boost_round": 39.0, "subsample": 0.9125708604603807}, "datetime": {"datetime": "2024-01-20 14:50:26", "elapsed": 1583.913428, "delta": 0.002361}}
{"target": -15.180602572457873, "params": {"colsample_bytree": 0.933467481868393, "eta": 0.07368390508986697, "gamma": 511.77310435315735, "max_depth": 8.0, "min_child_weight": 4315.9595437793805, "num_boost_round": 40.0, "subsample": 0.9125708604603807}, "datetime": {"datetime": "2024-01-20 14:50:26", "elapsed": 1583.91577, "delta": 0.002342}}
{"target": -15.172521170507903, "params": {"colsample_bytree": 0.8080863141479736, "eta": 0.01481592830326246, "gamma": 514.4139241226904, "max_depth": 8.0, "min_child_weight": 4285.214473634682, "num_boost_round": 1.0, "subsample": 0.43563643710891}, "datetime": {"datetime": "2024-01-20 14:51:04", "elapsed": 1622.136467, "delta": 38.220697}}
{"target": -15.17187702083525, "params": {"colsample_bytree": 0.8080863141479736, "eta": 0.01481592830326246, "gamma": 514.4139241226904, "max_depth": 8.0, "min_child_weight": 4285.214473634682, "num_boost_round": 2.0, "subsample": 0.43563643710891}, "datetime": {"datetime": "2024-01-20 14:51:04", "elapsed": 1622.139861, "delta": 0.003394}}
{"target": -15.171214326537127, "params": {"colsample_bytree": 0.8080863141479736, "eta": 0.01481592830326246, "gamma": 514.4139241226904, "max_depth": 8.0, "min_child_weight": 4285.214473634682, "num_boost_round": 3.0, "subsample": 0.43563643710891}, "datetime": {"datetime": "2024-01-20 14:51:04", "elapsed": 1622.142599, "delta": 0.002738}}
{"target": -15.170500980826969, "params": {"colsample_bytree": 0.8080863141479736, "eta": 0.01481592830326246, "gamma": 514.4139241226904, "max_depth": 8.0, "min_child_weight": 4285.214473634682, "num_boost_round": 4.0, "subsample": 0.43563643710891}, "datetime": {"datetime": "2024-01-20 14:51:04", "elapsed": 1622.145277, "delta": 0.002678}}
{"target": -15.169507709886421, "params": {"colsample_bytree": 0.8080863141479736, "eta": 0.01481592830326246, "gamma": 514.4139241226904, "max_depth": 8.0, "min_child_weight": 4285.214473634682, "num_boost_round": 5.0, "subsample": 0.43563643710891}, "datetime": {"datetime": "2024-01-20 14:51:04", "elapsed": 1622.147917, "delta": 0.00264}}
{"target": -15.168521222791965, "params": {"colsample_bytree": 0.8080863141479736, "eta": 0.01481592830326246, "gamma": 514.4139241226904, "max_depth": 8.0, "min_child_weight": 4285.214473634682, "num_boost_round": 6.0, "subsample": 0.43563643710891}, "datetime": {"datetime": "2024-01-20 14:51:04", "elapsed": 1622.150453, "delta": 0.002536}}
{"target": -15.167401179318873, "params": {"colsample_bytree": 0.8080863141479736, "eta": 0.01481592830326246, "gamma": 514.4139241226904, "max_depth": 8.0, "min_child_weight": 4285.214473634682, "num_boost_round": 7.0, "subsample": 0.43563643710891}, "datetime": {"datetime": "2024-01-20 14:51:04", "elapsed": 1622.152976, "delta": 0.002523}}
{"target": -15.166598570283378, "params": {"colsample_bytree": 0.8080863141479736, "eta": 0.01481592830326246, "gamma": 514.4139241226904, "max_depth": 8.0, "min_child_weight": 4285.214473634682, "num_boost_round": 8.0, "subsample": 0.43563643710891}, "datetime": {"datetime": "2024-01-20 14:51:04", "elapsed": 1622.15547, "delta": 0.002494}}
{"target": -15.166215860335484, "params": {"colsample_bytree": 0.8080863141479736, "eta": 0.01481592830326246, "gamma": 514.4139241226904, "max_depth": 8.0, "min_child_weight": 4285.214473634682, "num_boost_round": 9.0, "subsample": 0.43563643710891}, "datetime": {"datetime": "2024-01-20 14:51:04", "elapsed": 1622.15809, "delta": 0.00262}}
{"target": -15.1654111296404, "params": {"colsample_bytree": 0.8080863141479736, "eta": 0.01481592830326246, "gamma": 514.4139241226904, "max_depth": 8.0, "min_child_weight": 4285.214473634682, "num_boost_round": 10.0, "subsample": 0.43563643710891}, "datetime": {"datetime": "2024-01-20 14:51:04", "elapsed": 1622.160668, "delta": 0.002578}}
{"target": -15.164613394147885, "params": {"colsample_bytree": 0.8080863141479736, "eta": 0.01481592830326246, "gamma": 514.4139241226904, "max_depth": 8.0, "min_child_weight": 4285.214473634682, "num_boost_round": 11.0, "subsample": 0.43563643710891}, "datetime": {"datetime": "2024-01-20 14:51:04", "elapsed": 1622.163098, "delta": 0.00243}}
{"target": -15.164094680294747, "params": {"colsample_bytree": 0.8080863141479736, "eta": 0.01481592830326246, "gamma": 514.4139241226904, "max_depth": 8.0, "min_child_weight": 4285.214473634682, "num_boost_round": 12.0, "subsample": 0.43563643710891}, "datetime": {"datetime": "2024-01-20 14:51:04", "elapsed": 1622.165504, "delta": 0.002406}}
{"target": -15.163421745942994, "params": {"colsample_bytree": 0.8080863141479736, "eta": 0.01481592830326246, "gamma": 514.4139241226904, "max_depth": 8.0, "min_child_weight": 4285.214473634682, "num_boost_round": 13.0, "subsample": 0.43563643710891}, "datetime": {"datetime": "2024-01-20 14:51:04", "elapsed": 1622.167975, "delta": 0.002471}}
{"target": -15.162606335271192, "params": {"colsample_bytree": 0.8080863141479736, "eta": 0.01481592830326246, "gamma": 514.4139241226904, "max_depth": 8.0, "min_child_weight": 4285.214473634682, "num_boost_round": 14.0, "subsample": 0.43563643710891}, "datetime": {"datetime": "2024-01-20 14:51:04", "elapsed": 1622.186342, "delta": 0.018367}}
{"target": -15.162053927345967, "params": {"colsample_bytree": 0.8080863141479736, "eta": 0.01481592830326246, "gamma": 514.4139241226904, "max_depth": 8.0, "min_child_weight": 4285.214473634682, "num_boost_round": 15.0, "subsample": 0.43563643710891}, "datetime": {"datetime": "2024-01-20 14:51:04", "elapsed": 1622.188874, "delta": 0.002532}}
{"target": -15.161438313883435, "params": {"colsample_bytree": 0.8080863141479736, "eta": 0.01481592830326246, "gamma": 514.4139241226904, "max_depth": 8.0, "min_child_weight": 4285.214473634682, "num_boost_round": 16.0, "subsample": 0.43563643710891}, "datetime": {"datetime": "2024-01-20 14:51:04", "elapsed": 1622.191308, "delta": 0.002434}}
{"target": -15.160858838738273, "params": {"colsample_bytree": 0.8080863141479736, "eta": 0.01481592830326246, "gamma": 514.4139241226904, "max_depth": 8.0, "min_child_weight": 4285.214473634682, "num_boost_round": 17.0, "subsample": 0.43563643710891}, "datetime": {"datetime": "2024-01-20 14:51:04", "elapsed": 1622.193997, "delta": 0.002689}}
{"target": -15.16035904694422, "params": {"colsample_bytree": 0.8080863141479736, "eta": 0.01481592830326246, "gamma": 514.4139241226904, "max_depth": 8.0, "min_child_weight": 4285.214473634682, "num_boost_round": 18.0, "subsample": 0.43563643710891}, "datetime": {"datetime": "2024-01-20 14:51:04", "elapsed": 1622.196599, "delta": 0.002602}}
{"target": -15.15973539482978, "params": {"colsample_bytree": 0.8080863141479736, "eta": 0.01481592830326246, "gamma": 514.4139241226904, "max_depth": 8.0, "min_child_weight": 4285.214473634682, "num_boost_round": 19.0, "subsample": 0.43563643710891}, "datetime": {"datetime": "2024-01-20 14:51:04", "elapsed": 1622.199146, "delta": 0.002547}}
{"target": -15.159449135757875, "params": {"colsample_bytree": 0.8080863141479736, "eta": 0.01481592830326246, "gamma": 514.4139241226904, "max_depth": 8.0, "min_child_weight": 4285.214473634682, "num_boost_round": 20.0, "subsample": 0.43563643710891}, "datetime": {"datetime": "2024-01-20 14:51:04", "elapsed": 1622.201866, "delta": 0.00272}}
{"target": -15.158944049113222, "params": {"colsample_bytree": 0.8080863141479736, "eta": 0.01481592830326246, "gamma": 514.4139241226904, "max_depth": 8.0, "min_child_weight": 4285.214473634682, "num_boost_round": 21.0, "subsample": 0.43563643710891}, "datetime": {"datetime": "2024-01-20 14:51:04", "elapsed": 1622.204491, "delta": 0.002625}}
{"target": -15.158293476833412, "params": {"colsample_bytree": 0.8080863141479736, "eta": 0.01481592830326246, "gamma": 514.4139241226904, "max_depth": 8.0, "min_child_weight": 4285.214473634682, "num_boost_round": 22.0, "subsample": 0.43563643710891}, "datetime": {"datetime": "2024-01-20 14:51:04", "elapsed": 1622.20708, "delta": 0.002589}}
{"target": -15.157798576565645, "params": {"colsample_bytree": 0.8080863141479736, "eta": 0.01481592830326246, "gamma": 514.4139241226904, "max_depth": 8.0, "min_child_weight": 4285.214473634682, "num_boost_round": 23.0, "subsample": 0.43563643710891}, "datetime": {"datetime": "2024-01-20 14:51:04", "elapsed": 1622.209495, "delta": 0.002415}}
{"target": -15.157444003805313, "params": {"colsample_bytree": 0.8080863141479736, "eta": 0.01481592830326246, "gamma": 514.4139241226904, "max_depth": 8.0, "min_child_weight": 4285.214473634682, "num_boost_round": 24.0, "subsample": 0.43563643710891}, "datetime": {"datetime": "2024-01-20 14:51:04", "elapsed": 1622.211936, "delta": 0.002441}}
{"target": -15.157266010978944, "params": {"colsample_bytree": 0.8080863141479736, "eta": 0.01481592830326246, "gamma": 514.4139241226904, "max_depth": 8.0, "min_child_weight": 4285.214473634682, "num_boost_round": 25.0, "subsample": 0.43563643710891}, "datetime": {"datetime": "2024-01-20 14:51:04", "elapsed": 1622.214304, "delta": 0.002368}}
{"target": -15.170698622599812, "params": {"colsample_bytree": 0.9004109342155711, "eta": 0.09762012798668872, "gamma": 570.6042993048405, "max_depth": 8.0, "min_child_weight": 4163.737271706129, "num_boost_round": 1.0, "subsample": 0.6031915003987842}, "datetime": {"datetime": "2024-01-20 14:51:45", "elapsed": 1662.53171, "delta": 40.317406}}
{"target": -15.167374654845961, "params": {"colsample_bytree": 0.9004109342155711, "eta": 0.09762012798668872, "gamma": 570.6042993048405, "max_depth": 8.0, "min_child_weight": 4163.737271706129, "num_boost_round": 2.0, "subsample": 0.6031915003987842}, "datetime": {"datetime": "2024-01-20 14:51:45", "elapsed": 1662.534991, "delta": 0.003281}}
{"target": -15.16169307637685, "params": {"colsample_bytree": 0.9004109342155711, "eta": 0.09762012798668872, "gamma": 570.6042993048405, "max_depth": 8.0, "min_child_weight": 4163.737271706129, "num_boost_round": 3.0, "subsample": 0.6031915003987842}, "datetime": {"datetime": "2024-01-20 14:51:45", "elapsed": 1662.538345, "delta": 0.003354}}
{"target": -15.160736179378304, "params": {"colsample_bytree": 0.9004109342155711, "eta": 0.09762012798668872, "gamma": 570.6042993048405, "max_depth": 8.0, "min_child_weight": 4163.737271706129, "num_boost_round": 4.0, "subsample": 0.6031915003987842}, "datetime": {"datetime": "2024-01-20 14:51:45", "elapsed": 1662.540941, "delta": 0.002596}}
{"target": -15.1576478905142, "params": {"colsample_bytree": 0.9004109342155711, "eta": 0.09762012798668872, "gamma": 570.6042993048405, "max_depth": 8.0, "min_child_weight": 4163.737271706129, "num_boost_round": 5.0, "subsample": 0.6031915003987842}, "datetime": {"datetime": "2024-01-20 14:51:45", "elapsed": 1662.543557, "delta": 0.002616}}
{"target": -15.157068343770451, "params": {"colsample_bytree": 0.9004109342155711, "eta": 0.09762012798668872, "gamma": 570.6042993048405, "max_depth": 8.0, "min_child_weight": 4163.737271706129, "num_boost_round": 6.0, "subsample": 0.6031915003987842}, "datetime": {"datetime": "2024-01-20 14:51:45", "elapsed": 1662.546112, "delta": 0.002555}}
{"target": -15.156625368334415, "params": {"colsample_bytree": 0.9004109342155711, "eta": 0.09762012798668872, "gamma": 570.6042993048405, "max_depth": 8.0, "min_child_weight": 4163.737271706129, "num_boost_round": 7.0, "subsample": 0.6031915003987842}, "datetime": {"datetime": "2024-01-20 14:51:45", "elapsed": 1662.548687, "delta": 0.002575}}
{"target": -15.15658475310207, "params": {"colsample_bytree": 0.9004109342155711, "eta": 0.09762012798668872, "gamma": 570.6042993048405, "max_depth": 8.0, "min_child_weight": 4163.737271706129, "num_boost_round": 8.0, "subsample": 0.6031915003987842}, "datetime": {"datetime": "2024-01-20 14:51:45", "elapsed": 1662.551265, "delta": 0.002578}}
{"target": -15.157647037146603, "params": {"colsample_bytree": 0.9004109342155711, "eta": 0.09762012798668872, "gamma": 570.6042993048405, "max_depth": 8.0, "min_child_weight": 4163.737271706129, "num_boost_round": 9.0, "subsample": 0.6031915003987842}, "datetime": {"datetime": "2024-01-20 14:51:45", "elapsed": 1662.553702, "delta": 0.002437}}
{"target": -15.158085671676591, "params": {"colsample_bytree": 0.9004109342155711, "eta": 0.09762012798668872, "gamma": 570.6042993048405, "max_depth": 8.0, "min_child_weight": 4163.737271706129, "num_boost_round": 10.0, "subsample": 0.6031915003987842}, "datetime": {"datetime": "2024-01-20 14:51:45", "elapsed": 1662.556147, "delta": 0.002445}}
{"target": -15.159348097238805, "params": {"colsample_bytree": 0.9004109342155711, "eta": 0.09762012798668872, "gamma": 570.6042993048405, "max_depth": 8.0, "min_child_weight": 4163.737271706129, "num_boost_round": 11.0, "subsample": 0.6031915003987842}, "datetime": {"datetime": "2024-01-20 14:51:45", "elapsed": 1662.558605, "delta": 0.002458}}
{"target": -15.159302662572902, "params": {"colsample_bytree": 0.9004109342155711, "eta": 0.09762012798668872, "gamma": 570.6042993048405, "max_depth": 8.0, "min_child_weight": 4163.737271706129, "num_boost_round": 12.0, "subsample": 0.6031915003987842}, "datetime": {"datetime": "2024-01-20 14:51:45", "elapsed": 1662.561134, "delta": 0.002529}}
{"target": -15.160340711199332, "params": {"colsample_bytree": 0.9004109342155711, "eta": 0.09762012798668872, "gamma": 570.6042993048405, "max_depth": 8.0, "min_child_weight": 4163.737271706129, "num_boost_round": 13.0, "subsample": 0.6031915003987842}, "datetime": {"datetime": "2024-01-20 14:51:45", "elapsed": 1662.563641, "delta": 0.002507}}
{"target": -15.160394505232045, "params": {"colsample_bytree": 0.9004109342155711, "eta": 0.09762012798668872, "gamma": 570.6042993048405, "max_depth": 8.0, "min_child_weight": 4163.737271706129, "num_boost_round": 14.0, "subsample": 0.6031915003987842}, "datetime": {"datetime": "2024-01-20 14:51:45", "elapsed": 1662.566129, "delta": 0.002488}}
{"target": -15.160840607610654, "params": {"colsample_bytree": 0.9004109342155711, "eta": 0.09762012798668872, "gamma": 570.6042993048405, "max_depth": 8.0, "min_child_weight": 4163.737271706129, "num_boost_round": 15.0, "subsample": 0.6031915003987842}, "datetime": {"datetime": "2024-01-20 14:51:45", "elapsed": 1662.568629, "delta": 0.0025}}
{"target": -15.16208889398226, "params": {"colsample_bytree": 0.9004109342155711, "eta": 0.09762012798668872, "gamma": 570.6042993048405, "max_depth": 8.0, "min_child_weight": 4163.737271706129, "num_boost_round": 16.0, "subsample": 0.6031915003987842}, "datetime": {"datetime": "2024-01-20 14:51:45", "elapsed": 1662.571267, "delta": 0.002638}}
{"target": -15.16292389973022, "params": {"colsample_bytree": 0.9004109342155711, "eta": 0.09762012798668872, "gamma": 570.6042993048405, "max_depth": 8.0, "min_child_weight": 4163.737271706129, "num_boost_round": 17.0, "subsample": 0.6031915003987842}, "datetime": {"datetime": "2024-01-20 14:51:45", "elapsed": 1662.573714, "delta": 0.002447}}
{"target": -15.16292598382703, "params": {"colsample_bytree": 0.9004109342155711, "eta": 0.09762012798668872, "gamma": 570.6042993048405, "max_depth": 8.0, "min_child_weight": 4163.737271706129, "num_boost_round": 18.0, "subsample": 0.6031915003987842}, "datetime": {"datetime": "2024-01-20 14:51:45", "elapsed": 1662.576158, "delta": 0.002444}}
{"target": -15.163691295376537, "params": {"colsample_bytree": 0.9004109342155711, "eta": 0.09762012798668872, "gamma": 570.6042993048405, "max_depth": 8.0, "min_child_weight": 4163.737271706129, "num_boost_round": 19.0, "subsample": 0.6031915003987842}, "datetime": {"datetime": "2024-01-20 14:51:45", "elapsed": 1662.578665, "delta": 0.002507}}
{"target": -15.163926444153947, "params": {"colsample_bytree": 0.9004109342155711, "eta": 0.09762012798668872, "gamma": 570.6042993048405, "max_depth": 8.0, "min_child_weight": 4163.737271706129, "num_boost_round": 20.0, "subsample": 0.6031915003987842}, "datetime": {"datetime": "2024-01-20 14:51:45", "elapsed": 1662.581222, "delta": 0.002557}}
{"target": -15.164380612743406, "params": {"colsample_bytree": 0.9004109342155711, "eta": 0.09762012798668872, "gamma": 570.6042993048405, "max_depth": 8.0, "min_child_weight": 4163.737271706129, "num_boost_round": 21.0, "subsample": 0.6031915003987842}, "datetime": {"datetime": "2024-01-20 14:51:45", "elapsed": 1662.583676, "delta": 0.002454}}
{"target": -15.166046431842746, "params": {"colsample_bytree": 0.9004109342155711, "eta": 0.09762012798668872, "gamma": 570.6042993048405, "max_depth": 8.0, "min_child_weight": 4163.737271706129, "num_boost_round": 22.0, "subsample": 0.6031915003987842}, "datetime": {"datetime": "2024-01-20 14:51:45", "elapsed": 1662.586158, "delta": 0.002482}}
