{"target": -10.480637348433515, "params": {"colsample_bytree": 0.2136949719076221, "eta": 0.06129652911740485, "gamma": 274.5843125788064, "max_depth": 8.0, "min_child_weight": 4985.266463567125, "num_boost_round": 52.0, "subsample": 0.27226618693747345}, "datetime": {"datetime": "2024-01-20 16:34:23", "elapsed": 11355.478992, "delta": 0.007274}}
{"target": -10.480778731139077, "params": {"colsample_bytree": 0.2136949719076221, "eta": 0.06129652911740485, "gamma": 274.5843125788064, "max_depth": 8.0, "min_child_weight": 4985.266463567125, "num_boost_round": 53.0, "subsample": 0.27226618693747345}, "datetime": {"datetime": "2024-01-20 16:34:23", "elapsed": 11355.486883, "delta": 0.007891}}
{"target": -10.480835028580593, "params": {"colsample_bytree": 0.2136949719076221, "eta": 0.06129652911740485, "gamma": 274.5843125788064, "max_depth": 8.0, "min_child_weight": 4985.266463567125, "num_boost_round": 54.0, "subsample": 0.27226618693747345}, "datetime": {"datetime": "2024-01-20 16:34:23", "elapsed": 11355.494007, "delta": 0.007124}}
{"target": -10.480941872752723, "params": {"colsample_bytree": 0.2136949719076221, "eta": 0.06129652911740485, "gamma": 274.5843125788064, "max_depth": 8.0, "min_child_weight": 4985.266463567125, "num_boost_round": 55.0, "subsample": 0.27226618693747345}, "datetime": {"datetime": "2024-01-20 16:34:23", "elapsed": 11355.500959, "delta": 0.006952}}
{"target": -10.481062231578267, "params": {"colsample_bytree": 0.2136949719076221, "eta": 0.06129652911740485, "gamma": 274.5843125788064, "max_depth": 8.0, "min_child_weight": 4985.266463567125, "num_boost_round": 56.0, "subsample": 0.27226618693747345}, "datetime": {"datetime": "2024-01-20 16:34:23", "elapsed": 11355.507702, "delta": 0.006743}}
{"target": -10.481092439284488, "params": {"colsample_bytree": 0.2136949719076221, "eta": 0.06129652911740485, "gamma": 274.5843125788064, "max_depth": 8.0, "min_child_weight": 4985.266463567125, "num_boost_round": 57.0, "subsample": 0.27226618693747345}, "datetime": {"datetime": "2024-01-20 16:34:23", "elapsed": 11355.514463, "delta": 0.006761}}
{"target": -10.481253127279706, "params": {"colsample_bytree": 0.2136949719076221, "eta": 0.06129652911740485, "gamma": 274.5843125788064, "max_depth": 8.0, "min_child_weight": 4985.266463567125, "num_boost_round": 58.0, "subsample": 0.27226618693747345}, "datetime": {"datetime": "2024-01-20 16:34:23", "elapsed": 11355.52132, "delta": 0.006857}}
{"target": -10.481542333651845, "params": {"colsample_bytree": 0.2136949719076221, "eta": 0.06129652911740485, "gamma": 274.5843125788064, "max_depth": 8.0, "min_child_weight": 4985.266463567125, "num_boost_round": 59.0, "subsample": 0.27226618693747345}, "datetime": {"datetime": "2024-01-20 16:34:23", "elapsed": 11355.528664, "delta": 0.007344}}
{"target": -10.481572126698271, "params": {"colsample_bytree": 0.2136949719076221, "eta": 0.06129652911740485, "gamma": 274.5843125788064, "max_depth": 8.0, "min_child_weight": 4985.266463567125, "num_boost_round": 60.0, "subsample": 0.27226618693747345}, "datetime": {"datetime": "2024-01-20 16:34:23", "elapsed": 11355.53573, "delta": 0.007066}}
{"target": -10.48161115822106, "params": {"colsample_bytree": 0.2136949719076221, "eta": 0.06129652911740485, "gamma": 274.5843125788064, "max_depth": 8.0, "min_child_weight": 4985.266463567125, "num_boost_round": 61.0, "subsample": 0.27226618693747345}, "datetime": {"datetime": "2024-01-20 16:34:23", "elapsed": 11355.542682, "delta": 0.006952}}
{"target": -10.481477889769172, "params": {"colsample_bytree": 0.2136949719076221, "eta": 0.06129652911740485, "gamma": 274.5843125788064, "max_depth": 8.0, "min_child_weight": 4985.266463567125, "num_boost_round": 62.0, "subsample": 0.27226618693747345}, "datetime": {"datetime": "2024-01-20 16:34:23", "elapsed": 11355.549483, "delta": 0.006801}}
{"target": -10.476113585900487, "params": {"colsample_bytree": 0.11282852125529524, "eta": 0.012221748164075782, "gamma": 393.01853859597816, "max_depth": 5.0, "min_child_weight": 5041.541344390937, "num_boost_round": 1.0, "subsample": 0.4464376698037823}, "datetime": {"datetime": "2024-01-20 16:36:24", "elapsed": 11476.319019, "delta": 120.769536}}
{"target": -10.475826842269498, "params": {"colsample_bytree": 0.8515071392142481, "eta": 0.03509822610053523, "gamma": 399.7406746004487, "max_depth": 3.0, "min_child_weight": 4989.4822204928505, "num_boost_round": 1.0, "subsample": 0.21797640324155876}, "datetime": {"datetime": "2024-01-20 16:38:12", "elapsed": 11584.58991, "delta": 108.270891}}
{"target": -10.475601456469242, "params": {"colsample_bytree": 0.8515071392142481, "eta": 0.03509822610053523, "gamma": 399.7406746004487, "max_depth": 3.0, "min_child_weight": 4989.4822204928505, "num_boost_round": 2.0, "subsample": 0.21797640324155876}, "datetime": {"datetime": "2024-01-20 16:38:12", "elapsed": 11584.599299, "delta": 0.009389}}
{"target": -10.475414362523228, "params": {"colsample_bytree": 0.8515071392142481, "eta": 0.03509822610053523, "gamma": 399.7406746004487, "max_depth": 3.0, "min_child_weight": 4989.4822204928505, "num_boost_round": 3.0, "subsample": 0.21797640324155876}, "datetime": {"datetime": "2024-01-20 16:38:12", "elapsed": 11584.943642, "delta": 0.344343}}
{"target": -10.475259085888734, "params": {"colsample_bytree": 0.8515071392142481, "eta": 0.03509822610053523, "gamma": 399.7406746004487, "max_depth": 3.0, "min_child_weight": 4989.4822204928505, "num_boost_round": 4.0, "subsample": 0.21797640324155876}, "datetime": {"datetime": "2024-01-20 16:38:12", "elapsed": 11584.952516, "delta": 0.008874}}
{"target": -10.475134602910938, "params": {"colsample_bytree": 0.8515071392142481, "eta": 0.03509822610053523, "gamma": 399.7406746004487, "max_depth": 3.0, "min_child_weight": 4989.4822204928505, "num_boost_round": 5.0, "subsample": 0.21797640324155876}, "datetime": {"datetime": "2024-01-20 16:38:12", "elapsed": 11584.959693, "delta": 0.007177}}
{"target": -10.474779200350888, "params": {"colsample_bytree": 0.8515071392142481, "eta": 0.03509822610053523, "gamma": 399.7406746004487, "max_depth": 3.0, "min_child_weight": 4989.4822204928505, "num_boost_round": 6.0, "subsample": 0.21797640324155876}, "datetime": {"datetime": "2024-01-20 16:38:12", "elapsed": 11584.966721, "delta": 0.007028}}
{"target": -10.474565161213278, "params": {"colsample_bytree": 0.8515071392142481, "eta": 0.03509822610053523, "gamma": 399.7406746004487, "max_depth": 3.0, "min_child_weight": 4989.4822204928505, "num_boost_round": 7.0, "subsample": 0.21797640324155876}, "datetime": {"datetime": "2024-01-20 16:38:12", "elapsed": 11584.973587, "delta": 0.006866}}
{"target": -10.474531464968802, "params": {"colsample_bytree": 0.8515071392142481, "eta": 0.03509822610053523, "gamma": 399.7406746004487, "max_depth": 3.0, "min_child_weight": 4989.4822204928505, "num_boost_round": 8.0, "subsample": 0.21797640324155876}, "datetime": {"datetime": "2024-01-20 16:38:12", "elapsed": 11584.980439, "delta": 0.006852}}
{"target": -10.474600608132366, "params": {"colsample_bytree": 0.8515071392142481, "eta": 0.03509822610053523, "gamma": 399.7406746004487, "max_depth": 3.0, "min_child_weight": 4989.4822204928505, "num_boost_round": 9.0, "subsample": 0.21797640324155876}, "datetime": {"datetime": "2024-01-20 16:38:12", "elapsed": 11584.987775, "delta": 0.007336}}
{"target": -10.474569361584388, "params": {"colsample_bytree": 0.8515071392142481, "eta": 0.03509822610053523, "gamma": 399.7406746004487, "max_depth": 3.0, "min_child_weight": 4989.4822204928505, "num_boost_round": 10.0, "subsample": 0.21797640324155876}, "datetime": {"datetime": "2024-01-20 16:38:12", "elapsed": 11584.994863, "delta": 0.007088}}
{"target": -10.474335703495571, "params": {"colsample_bytree": 0.8515071392142481, "eta": 0.03509822610053523, "gamma": 399.7406746004487, "max_depth": 3.0, "min_child_weight": 4989.4822204928505, "num_boost_round": 11.0, "subsample": 0.21797640324155876}, "datetime": {"datetime": "2024-01-20 16:38:12", "elapsed": 11585.00167, "delta": 0.006807}}
{"target": -10.474241923397672, "params": {"colsample_bytree": 0.8515071392142481, "eta": 0.03509822610053523, "gamma": 399.7406746004487, "max_depth": 3.0, "min_child_weight": 4989.4822204928505, "num_boost_round": 12.0, "subsample": 0.21797640324155876}, "datetime": {"datetime": "2024-01-20 16:38:12", "elapsed": 11585.008501, "delta": 0.006831}}
{"target": -10.47425891744904, "params": {"colsample_bytree": 0.8515071392142481, "eta": 0.03509822610053523, "gamma": 399.7406746004487, "max_depth": 3.0, "min_child_weight": 4989.4822204928505, "num_boost_round": 13.0, "subsample": 0.21797640324155876}, "datetime": {"datetime": "2024-01-20 16:38:12", "elapsed": 11585.037393, "delta": 0.028892}}
{"target": -10.47421026378193, "params": {"colsample_bytree": 0.8515071392142481, "eta": 0.03509822610053523, "gamma": 399.7406746004487, "max_depth": 3.0, "min_child_weight": 4989.4822204928505, "num_boost_round": 14.0, "subsample": 0.21797640324155876}, "datetime": {"datetime": "2024-01-20 16:38:13", "elapsed": 11585.045116, "delta": 0.007723}}
{"target": -10.474205205617345, "params": {"colsample_bytree": 0.8515071392142481, "eta": 0.03509822610053523, "gamma": 399.7406746004487, "max_depth": 3.0, "min_child_weight": 4989.4822204928505, "num_boost_round": 15.0, "subsample": 0.21797640324155876}, "datetime": {"datetime": "2024-01-20 16:38:13", "elapsed": 11585.052239, "delta": 0.007123}}
{"target": -10.474190562177032, "params": {"colsample_bytree": 0.8515071392142481, "eta": 0.03509822610053523, "gamma": 399.7406746004487, "max_depth": 3.0, "min_child_weight": 4989.4822204928505, "num_boost_round": 16.0, "subsample": 0.21797640324155876}, "datetime": {"datetime": "2024-01-20 16:38:13", "elapsed": 11585.059055, "delta": 0.006816}}
{"target": -10.474083097131803, "params": {"colsample_bytree": 0.8515071392142481, "eta": 0.03509822610053523, "gamma": 399.7406746004487, "max_depth": 3.0, "min_child_weight": 4989.4822204928505, "num_boost_round": 17.0, "subsample": 0.21797640324155876}, "datetime": {"datetime": "2024-01-20 16:38:13", "elapsed": 11585.065784, "delta": 0.006729}}
{"target": -10.474177041384252, "params": {"colsample_bytree": 0.8515071392142481, "eta": 0.03509822610053523, "gamma": 399.7406746004487, "max_depth": 3.0, "min_child_weight": 4989.4822204928505, "num_boost_round": 18.0, "subsample": 0.21797640324155876}, "datetime": {"datetime": "2024-01-20 16:38:13", "elapsed": 11585.072666, "delta": 0.006882}}
{"target": -10.474127089085815, "params": {"colsample_bytree": 0.8515071392142481, "eta": 0.03509822610053523, "gamma": 399.7406746004487, "max_depth": 3.0, "min_child_weight": 4989.4822204928505, "num_boost_round": 19.0, "subsample": 0.21797640324155876}, "datetime": {"datetime": "2024-01-20 16:38:13", "elapsed": 11585.079498, "delta": 0.006832}}
{"target": -10.474171089534131, "params": {"colsample_bytree": 0.8515071392142481, "eta": 0.03509822610053523, "gamma": 399.7406746004487, "max_depth": 3.0, "min_child_weight": 4989.4822204928505, "num_boost_round": 20.0, "subsample": 0.21797640324155876}, "datetime": {"datetime": "2024-01-20 16:38:13", "elapsed": 11585.086769, "delta": 0.007271}}
{"target": -10.47429770106827, "params": {"colsample_bytree": 0.8515071392142481, "eta": 0.03509822610053523, "gamma": 399.7406746004487, "max_depth": 3.0, "min_child_weight": 4989.4822204928505, "num_boost_round": 21.0, "subsample": 0.21797640324155876}, "datetime": {"datetime": "2024-01-20 16:38:13", "elapsed": 11585.093939, "delta": 0.00717}}
{"target": -10.474389376582742, "params": {"colsample_bytree": 0.8515071392142481, "eta": 0.03509822610053523, "gamma": 399.7406746004487, "max_depth": 3.0, "min_child_weight": 4989.4822204928505, "num_boost_round": 22.0, "subsample": 0.21797640324155876}, "datetime": {"datetime": "2024-01-20 16:38:13", "elapsed": 11585.100918, "delta": 0.006979}}
{"target": -10.474394638093468, "params": {"colsample_bytree": 0.8515071392142481, "eta": 0.03509822610053523, "gamma": 399.7406746004487, "max_depth": 3.0, "min_child_weight": 4989.4822204928505, "num_boost_round": 23.0, "subsample": 0.21797640324155876}, "datetime": {"datetime": "2024-01-20 16:38:13", "elapsed": 11585.107706, "delta": 0.006788}}
{"target": -10.47448862698097, "params": {"colsample_bytree": 0.8515071392142481, "eta": 0.03509822610053523, "gamma": 399.7406746004487, "max_depth": 3.0, "min_child_weight": 4989.4822204928505, "num_boost_round": 24.0, "subsample": 0.21797640324155876}, "datetime": {"datetime": "2024-01-20 16:38:13", "elapsed": 11585.114532, "delta": 0.006826}}
{"target": -10.474561488797878, "params": {"colsample_bytree": 0.8515071392142481, "eta": 0.03509822610053523, "gamma": 399.7406746004487, "max_depth": 3.0, "min_child_weight": 4989.4822204928505, "num_boost_round": 25.0, "subsample": 0.21797640324155876}, "datetime": {"datetime": "2024-01-20 16:38:13", "elapsed": 11585.121622, "delta": 0.00709}}
{"target": -10.474593348032071, "params": {"colsample_bytree": 0.8515071392142481, "eta": 0.03509822610053523, "gamma": 399.7406746004487, "max_depth": 3.0, "min_child_weight": 4989.4822204928505, "num_boost_round": 26.0, "subsample": 0.21797640324155876}, "datetime": {"datetime": "2024-01-20 16:38:13", "elapsed": 11585.128995, "delta": 0.007373}}
{"target": -10.474541539273144, "params": {"colsample_bytree": 0.8515071392142481, "eta": 0.03509822610053523, "gamma": 399.7406746004487, "max_depth": 3.0, "min_child_weight": 4989.4822204928505, "num_boost_round": 27.0, "subsample": 0.21797640324155876}, "datetime": {"datetime": "2024-01-20 16:38:13", "elapsed": 11585.136209, "delta": 0.007214}}
{"target": -10.474557515231698, "params": {"colsample_bytree": 0.8515071392142481, "eta": 0.03509822610053523, "gamma": 399.7406746004487, "max_depth": 3.0, "min_child_weight": 4989.4822204928505, "num_boost_round": 28.0, "subsample": 0.21797640324155876}, "datetime": {"datetime": "2024-01-20 16:38:13", "elapsed": 11585.143182, "delta": 0.006973}}
{"target": -10.474623686679887, "params": {"colsample_bytree": 0.8515071392142481, "eta": 0.03509822610053523, "gamma": 399.7406746004487, "max_depth": 3.0, "min_child_weight": 4989.4822204928505, "num_boost_round": 29.0, "subsample": 0.21797640324155876}, "datetime": {"datetime": "2024-01-20 16:38:13", "elapsed": 11585.149896, "delta": 0.006714}}
{"target": -10.474467631059106, "params": {"colsample_bytree": 0.8515071392142481, "eta": 0.03509822610053523, "gamma": 399.7406746004487, "max_depth": 3.0, "min_child_weight": 4989.4822204928505, "num_boost_round": 30.0, "subsample": 0.21797640324155876}, "datetime": {"datetime": "2024-01-20 16:38:13", "elapsed": 11585.156693, "delta": 0.006797}}
{"target": -10.47439185976948, "params": {"colsample_bytree": 0.8515071392142481, "eta": 0.03509822610053523, "gamma": 399.7406746004487, "max_depth": 3.0, "min_child_weight": 4989.4822204928505, "num_boost_round": 31.0, "subsample": 0.21797640324155876}, "datetime": {"datetime": "2024-01-20 16:38:13", "elapsed": 11585.163475, "delta": 0.006782}}
{"target": -10.474469897474616, "params": {"colsample_bytree": 0.8515071392142481, "eta": 0.03509822610053523, "gamma": 399.7406746004487, "max_depth": 3.0, "min_child_weight": 4989.4822204928505, "num_boost_round": 32.0, "subsample": 0.21797640324155876}, "datetime": {"datetime": "2024-01-20 16:38:13", "elapsed": 11585.170813, "delta": 0.007338}}
{"target": -10.474453949634214, "params": {"colsample_bytree": 0.8515071392142481, "eta": 0.03509822610053523, "gamma": 399.7406746004487, "max_depth": 3.0, "min_child_weight": 4989.4822204928505, "num_boost_round": 33.0, "subsample": 0.21797640324155876}, "datetime": {"datetime": "2024-01-20 16:38:13", "elapsed": 11585.177905, "delta": 0.007092}}
{"target": -10.4743763736198, "params": {"colsample_bytree": 0.8515071392142481, "eta": 0.03509822610053523, "gamma": 399.7406746004487, "max_depth": 3.0, "min_child_weight": 4989.4822204928505, "num_boost_round": 34.0, "subsample": 0.21797640324155876}, "datetime": {"datetime": "2024-01-20 16:38:13", "elapsed": 11585.184951, "delta": 0.007046}}
{"target": -10.474544789571034, "params": {"colsample_bytree": 0.8515071392142481, "eta": 0.03509822610053523, "gamma": 399.7406746004487, "max_depth": 3.0, "min_child_weight": 4989.4822204928505, "num_boost_round": 35.0, "subsample": 0.21797640324155876}, "datetime": {"datetime": "2024-01-20 16:38:13", "elapsed": 11585.191778, "delta": 0.006827}}
{"target": -10.474731362965894, "params": {"colsample_bytree": 0.8515071392142481, "eta": 0.03509822610053523, "gamma": 399.7406746004487, "max_depth": 3.0, "min_child_weight": 4989.4822204928505, "num_boost_round": 36.0, "subsample": 0.21797640324155876}, "datetime": {"datetime": "2024-01-20 16:38:13", "elapsed": 11585.198489, "delta": 0.006711}}
{"target": -10.474860415870936, "params": {"colsample_bytree": 0.8515071392142481, "eta": 0.03509822610053523, "gamma": 399.7406746004487, "max_depth": 3.0, "min_child_weight": 4989.4822204928505, "num_boost_round": 37.0, "subsample": 0.21797640324155876}, "datetime": {"datetime": "2024-01-20 16:38:13", "elapsed": 11585.21928, "delta": 0.020791}}
{"target": -10.474939769970494, "params": {"colsample_bytree": 0.8515071392142481, "eta": 0.03509822610053523, "gamma": 399.7406746004487, "max_depth": 3.0, "min_child_weight": 4989.4822204928505, "num_boost_round": 38.0, "subsample": 0.21797640324155876}, "datetime": {"datetime": "2024-01-20 16:38:13", "elapsed": 11585.226734, "delta": 0.007454}}
{"target": -10.47502378821479, "params": {"colsample_bytree": 0.8515071392142481, "eta": 0.03509822610053523, "gamma": 399.7406746004487, "max_depth": 3.0, "min_child_weight": 4989.4822204928505, "num_boost_round": 39.0, "subsample": 0.21797640324155876}, "datetime": {"datetime": "2024-01-20 16:38:13", "elapsed": 11585.234036, "delta": 0.007302}}
{"target": -10.475038747786233, "params": {"colsample_bytree": 0.8515071392142481, "eta": 0.03509822610053523, "gamma": 399.7406746004487, "max_depth": 3.0, "min_child_weight": 4989.4822204928505, "num_boost_round": 40.0, "subsample": 0.21797640324155876}, "datetime": {"datetime": "2024-01-20 16:38:13", "elapsed": 11585.24117, "delta": 0.007134}}
{"target": -10.47502598228583, "params": {"colsample_bytree": 0.8515071392142481, "eta": 0.03509822610053523, "gamma": 399.7406746004487, "max_depth": 3.0, "min_child_weight": 4989.4822204928505, "num_boost_round": 41.0, "subsample": 0.21797640324155876}, "datetime": {"datetime": "2024-01-20 16:38:13", "elapsed": 11585.248146, "delta": 0.006976}}
{"target": -10.474976602220952, "params": {"colsample_bytree": 0.8515071392142481, "eta": 0.03509822610053523, "gamma": 399.7406746004487, "max_depth": 3.0, "min_child_weight": 4989.4822204928505, "num_boost_round": 42.0, "subsample": 0.21797640324155876}, "datetime": {"datetime": "2024-01-20 16:38:13", "elapsed": 11585.254989, "delta": 0.006843}}
{"target": -10.475008677316094, "params": {"colsample_bytree": 0.8515071392142481, "eta": 0.03509822610053523, "gamma": 399.7406746004487, "max_depth": 3.0, "min_child_weight": 4989.4822204928505, "num_boost_round": 43.0, "subsample": 0.21797640324155876}, "datetime": {"datetime": "2024-01-20 16:38:13", "elapsed": 11585.261859, "delta": 0.00687}}
{"target": -10.47504130211829, "params": {"colsample_bytree": 0.8515071392142481, "eta": 0.03509822610053523, "gamma": 399.7406746004487, "max_depth": 3.0, "min_child_weight": 4989.4822204928505, "num_boost_round": 44.0, "subsample": 0.21797640324155876}, "datetime": {"datetime": "2024-01-20 16:38:13", "elapsed": 11585.269322, "delta": 0.007463}}
{"target": -10.475832044559347, "params": {"colsample_bytree": 0.5204200116436067, "eta": 0.03707016854327001, "gamma": 420.7324330824053, "max_depth": 5.0, "min_child_weight": 4939.628005263006, "num_boost_round": 1.0, "subsample": 0.966985900299178}, "datetime": {"datetime": "2024-01-20 16:40:20", "elapsed": 11712.158355, "delta": 126.889033}}
{"target": -10.475298673640992, "params": {"colsample_bytree": 0.5204200116436067, "eta": 0.03707016854327001, "gamma": 420.7324330824053, "max_depth": 5.0, "min_child_weight": 4939.628005263006, "num_boost_round": 2.0, "subsample": 0.966985900299178}, "datetime": {"datetime": "2024-01-20 16:40:20", "elapsed": 11712.168392, "delta": 0.010037}}
{"target": -10.475215646224461, "params": {"colsample_bytree": 0.5204200116436067, "eta": 0.03707016854327001, "gamma": 420.7324330824053, "max_depth": 5.0, "min_child_weight": 4939.628005263006, "num_boost_round": 3.0, "subsample": 0.966985900299178}, "datetime": {"datetime": "2024-01-20 16:40:20", "elapsed": 11712.177315, "delta": 0.008923}}
{"target": -10.474902154618343, "params": {"colsample_bytree": 0.5204200116436067, "eta": 0.03707016854327001, "gamma": 420.7324330824053, "max_depth": 5.0, "min_child_weight": 4939.628005263006, "num_boost_round": 4.0, "subsample": 0.966985900299178}, "datetime": {"datetime": "2024-01-20 16:40:20", "elapsed": 11712.202566, "delta": 0.025251}}
{"target": -10.474530582250825, "params": {"colsample_bytree": 0.5204200116436067, "eta": 0.03707016854327001, "gamma": 420.7324330824053, "max_depth": 5.0, "min_child_weight": 4939.628005263006, "num_boost_round": 5.0, "subsample": 0.966985900299178}, "datetime": {"datetime": "2024-01-20 16:40:20", "elapsed": 11712.212077, "delta": 0.009511}}
{"target": -10.47450350736024, "params": {"colsample_bytree": 0.5204200116436067, "eta": 0.03707016854327001, "gamma": 420.7324330824053, "max_depth": 5.0, "min_child_weight": 4939.628005263006, "num_boost_round": 6.0, "subsample": 0.966985900299178}, "datetime": {"datetime": "2024-01-20 16:40:20", "elapsed": 11712.221225, "delta": 0.009148}}
{"target": -10.474326660823593, "params": {"colsample_bytree": 0.5204200116436067, "eta": 0.03707016854327001, "gamma": 420.7324330824053, "max_depth": 5.0, "min_child_weight": 4939.628005263006, "num_boost_round": 7.0, "subsample": 0.966985900299178}, "datetime": {"datetime": "2024-01-20 16:40:20", "elapsed": 11712.230283, "delta": 0.009058}}
