{"target": -10.485474667663098, "params": {"colsample_bytree": 0.5142786024559084, "eta": 0.09157619875696414, "gamma": 278.94876345425746, "max_depth": 6.0, "min_child_weight": 4170.777096673906, "num_boost_round": 31.0, "subsample": 0.7513594094388405}, "datetime": {"datetime": "2024-01-20 13:40:32", "elapsed": 924.436999, "delta": 0.001365}}
{"target": -10.486244781181696, "params": {"colsample_bytree": 0.5142786024559084, "eta": 0.09157619875696414, "gamma": 278.94876345425746, "max_depth": 6.0, "min_child_weight": 4170.777096673906, "num_boost_round": 32.0, "subsample": 0.7513594094388405}, "datetime": {"datetime": "2024-01-20 13:40:32", "elapsed": 924.438493, "delta": 0.001494}}
{"target": -10.486538936100393, "params": {"colsample_bytree": 0.5142786024559084, "eta": 0.09157619875696414, "gamma": 278.94876345425746, "max_depth": 6.0, "min_child_weight": 4170.777096673906, "num_boost_round": 33.0, "subsample": 0.7513594094388405}, "datetime": {"datetime": "2024-01-20 13:40:32", "elapsed": 924.439877, "delta": 0.001384}}
{"target": -10.48699809558607, "params": {"colsample_bytree": 0.5142786024559084, "eta": 0.09157619875696414, "gamma": 278.94876345425746, "max_depth": 6.0, "min_child_weight": 4170.777096673906, "num_boost_round": 34.0, "subsample": 0.7513594094388405}, "datetime": {"datetime": "2024-01-20 13:40:32", "elapsed": 924.441277, "delta": 0.0014}}
{"target": -10.487550250237227, "params": {"colsample_bytree": 0.5142786024559084, "eta": 0.09157619875696414, "gamma": 278.94876345425746, "max_depth": 6.0, "min_child_weight": 4170.777096673906, "num_boost_round": 35.0, "subsample": 0.7513594094388405}, "datetime": {"datetime": "2024-01-20 13:40:32", "elapsed": 924.442641, "delta": 0.001364}}
{"target": -10.487329325217246, "params": {"colsample_bytree": 0.5142786024559084, "eta": 0.09157619875696414, "gamma": 278.94876345425746, "max_depth": 6.0, "min_child_weight": 4170.777096673906, "num_boost_round": 36.0, "subsample": 0.7513594094388405}, "datetime": {"datetime": "2024-01-20 13:40:32", "elapsed": 924.444021, "delta": 0.00138}}
{"target": -10.487808828205491, "params": {"colsample_bytree": 0.5142786024559084, "eta": 0.09157619875696414, "gamma": 278.94876345425746, "max_depth": 6.0, "min_child_weight": 4170.777096673906, "num_boost_round": 37.0, "subsample": 0.7513594094388405}, "datetime": {"datetime": "2024-01-20 13:40:32", "elapsed": 924.445405, "delta": 0.001384}}
{"target": -10.488417350330927, "params": {"colsample_bytree": 0.5142786024559084, "eta": 0.09157619875696414, "gamma": 278.94876345425746, "max_depth": 6.0, "min_child_weight": 4170.777096673906, "num_boost_round": 38.0, "subsample": 0.7513594094388405}, "datetime": {"datetime": "2024-01-20 13:40:32", "elapsed": 924.446763, "delta": 0.001358}}
{"target": -10.488684583407242, "params": {"colsample_bytree": 0.5142786024559084, "eta": 0.09157619875696414, "gamma": 278.94876345425746, "max_depth": 6.0, "min_child_weight": 4170.777096673906, "num_boost_round": 39.0, "subsample": 0.7513594094388405}, "datetime": {"datetime": "2024-01-20 13:40:32", "elapsed": 924.448147, "delta": 0.001384}}
{"target": -10.489501197207158, "params": {"colsample_bytree": 0.5142786024559084, "eta": 0.09157619875696414, "gamma": 278.94876345425746, "max_depth": 6.0, "min_child_weight": 4170.777096673906, "num_boost_round": 40.0, "subsample": 0.7513594094388405}, "datetime": {"datetime": "2024-01-20 13:40:32", "elapsed": 924.449573, "delta": 0.001426}}
{"target": -10.490100037957381, "params": {"colsample_bytree": 0.5142786024559084, "eta": 0.09157619875696414, "gamma": 278.94876345425746, "max_depth": 6.0, "min_child_weight": 4170.777096673906, "num_boost_round": 41.0, "subsample": 0.7513594094388405}, "datetime": {"datetime": "2024-01-20 13:40:32", "elapsed": 924.450952, "delta": 0.001379}}
{"target": -10.490104325584532, "params": {"colsample_bytree": 0.5142786024559084, "eta": 0.09157619875696414, "gamma": 278.94876345425746, "max_depth": 6.0, "min_child_weight": 4170.777096673906, "num_boost_round": 42.0, "subsample": 0.7513594094388405}, "datetime": {"datetime": "2024-01-20 13:40:32", "elapsed": 924.452329, "delta": 0.001377}}
{"target": -10.4905531757929, "params": {"colsample_bytree": 0.5142786024559084, "eta": 0.09157619875696414, "gamma": 278.94876345425746, "max_depth": 6.0, "min_child_weight": 4170.777096673906, "num_boost_round": 43.0, "subsample": 0.7513594094388405}, "datetime": {"datetime": "2024-01-20 13:40:32", "elapsed": 924.453698, "delta": 0.001369}}
{"target": -10.4908492813613, "params": {"colsample_bytree": 0.5142786024559084, "eta": 0.09157619875696414, "gamma": 278.94876345425746, "max_depth": 6.0, "min_child_weight": 4170.777096673906, "num_boost_round": 44.0, "subsample": 0.7513594094388405}, "datetime": {"datetime": "2024-01-20 13:40:32", "elapsed": 924.455072, "delta": 0.001374}}
{"target": -10.491163591646957, "params": {"colsample_bytree": 0.5142786024559084, "eta": 0.09157619875696414, "gamma": 278.94876345425746, "max_depth": 6.0, "min_child_weight": 4170.777096673906, "num_boost_round": 45.0, "subsample": 0.7513594094388405}, "datetime": {"datetime": "2024-01-20 13:40:32", "elapsed": 924.456446, "delta": 0.001374}}
{"target": -10.491779659766177, "params": {"colsample_bytree": 0.5142786024559084, "eta": 0.09157619875696414, "gamma": 278.94876345425746, "max_depth": 6.0, "min_child_weight": 4170.777096673906, "num_boost_round": 46.0, "subsample": 0.7513594094388405}, "datetime": {"datetime": "2024-01-20 13:40:32", "elapsed": 924.457995, "delta": 0.001549}}
{"target": -10.49226968533749, "params": {"colsample_bytree": 0.5142786024559084, "eta": 0.09157619875696414, "gamma": 278.94876345425746, "max_depth": 6.0, "min_child_weight": 4170.777096673906, "num_boost_round": 47.0, "subsample": 0.7513594094388405}, "datetime": {"datetime": "2024-01-20 13:40:32", "elapsed": 924.459431, "delta": 0.001436}}
{"target": -10.492521394993362, "params": {"colsample_bytree": 0.5142786024559084, "eta": 0.09157619875696414, "gamma": 278.94876345425746, "max_depth": 6.0, "min_child_weight": 4170.777096673906, "num_boost_round": 48.0, "subsample": 0.7513594094388405}, "datetime": {"datetime": "2024-01-20 13:40:32", "elapsed": 924.460922, "delta": 0.001491}}
{"target": -10.492601522623323, "params": {"colsample_bytree": 0.5142786024559084, "eta": 0.09157619875696414, "gamma": 278.94876345425746, "max_depth": 6.0, "min_child_weight": 4170.777096673906, "num_boost_round": 49.0, "subsample": 0.7513594094388405}, "datetime": {"datetime": "2024-01-20 13:40:32", "elapsed": 924.462368, "delta": 0.001446}}
{"target": -10.493169233697058, "params": {"colsample_bytree": 0.5142786024559084, "eta": 0.09157619875696414, "gamma": 278.94876345425746, "max_depth": 6.0, "min_child_weight": 4170.777096673906, "num_boost_round": 50.0, "subsample": 0.7513594094388405}, "datetime": {"datetime": "2024-01-20 13:40:32", "elapsed": 924.463827, "delta": 0.001459}}
{"target": -10.493566752834802, "params": {"colsample_bytree": 0.5142786024559084, "eta": 0.09157619875696414, "gamma": 278.94876345425746, "max_depth": 6.0, "min_child_weight": 4170.777096673906, "num_boost_round": 51.0, "subsample": 0.7513594094388405}, "datetime": {"datetime": "2024-01-20 13:40:32", "elapsed": 924.46569, "delta": 0.001863}}
{"target": -10.494293844312587, "params": {"colsample_bytree": 0.5142786024559084, "eta": 0.09157619875696414, "gamma": 278.94876345425746, "max_depth": 6.0, "min_child_weight": 4170.777096673906, "num_boost_round": 52.0, "subsample": 0.7513594094388405}, "datetime": {"datetime": "2024-01-20 13:40:32", "elapsed": 924.467379, "delta": 0.001689}}
{"target": -10.494694654150992, "params": {"colsample_bytree": 0.5142786024559084, "eta": 0.09157619875696414, "gamma": 278.94876345425746, "max_depth": 6.0, "min_child_weight": 4170.777096673906, "num_boost_round": 53.0, "subsample": 0.7513594094388405}, "datetime": {"datetime": "2024-01-20 13:40:32", "elapsed": 924.469349, "delta": 0.00197}}
{"target": -10.495112309203385, "params": {"colsample_bytree": 0.5142786024559084, "eta": 0.09157619875696414, "gamma": 278.94876345425746, "max_depth": 6.0, "min_child_weight": 4170.777096673906, "num_boost_round": 54.0, "subsample": 0.7513594094388405}, "datetime": {"datetime": "2024-01-20 13:40:32", "elapsed": 924.471026, "delta": 0.001677}}
{"target": -10.495217123330931, "params": {"colsample_bytree": 0.5142786024559084, "eta": 0.09157619875696414, "gamma": 278.94876345425746, "max_depth": 6.0, "min_child_weight": 4170.777096673906, "num_boost_round": 55.0, "subsample": 0.7513594094388405}, "datetime": {"datetime": "2024-01-20 13:40:32", "elapsed": 924.472527, "delta": 0.001501}}
{"target": -10.49529367599859, "params": {"colsample_bytree": 0.5142786024559084, "eta": 0.09157619875696414, "gamma": 278.94876345425746, "max_depth": 6.0, "min_child_weight": 4170.777096673906, "num_boost_round": 56.0, "subsample": 0.7513594094388405}, "datetime": {"datetime": "2024-01-20 13:40:32", "elapsed": 924.474006, "delta": 0.001479}}
{"target": -10.496002143964045, "params": {"colsample_bytree": 0.5142786024559084, "eta": 0.09157619875696414, "gamma": 278.94876345425746, "max_depth": 6.0, "min_child_weight": 4170.777096673906, "num_boost_round": 57.0, "subsample": 0.7513594094388405}, "datetime": {"datetime": "2024-01-20 13:40:32", "elapsed": 924.47539, "delta": 0.001384}}
{"target": -10.496404186098165, "params": {"colsample_bytree": 0.5142786024559084, "eta": 0.09157619875696414, "gamma": 278.94876345425746, "max_depth": 6.0, "min_child_weight": 4170.777096673906, "num_boost_round": 58.0, "subsample": 0.7513594094388405}, "datetime": {"datetime": "2024-01-20 13:40:32", "elapsed": 924.476804, "delta": 0.001414}}
{"target": -10.496862408209, "params": {"colsample_bytree": 0.5142786024559084, "eta": 0.09157619875696414, "gamma": 278.94876345425746, "max_depth": 6.0, "min_child_weight": 4170.777096673906, "num_boost_round": 59.0, "subsample": 0.7513594094388405}, "datetime": {"datetime": "2024-01-20 13:40:32", "elapsed": 924.478217, "delta": 0.001413}}
{"target": -10.497252139853867, "params": {"colsample_bytree": 0.5142786024559084, "eta": 0.09157619875696414, "gamma": 278.94876345425746, "max_depth": 6.0, "min_child_weight": 4170.777096673906, "num_boost_round": 60.0, "subsample": 0.7513594094388405}, "datetime": {"datetime": "2024-01-20 13:40:32", "elapsed": 924.479606, "delta": 0.001389}}
{"target": -10.497604069537301, "params": {"colsample_bytree": 0.5142786024559084, "eta": 0.09157619875696414, "gamma": 278.94876345425746, "max_depth": 6.0, "min_child_weight": 4170.777096673906, "num_boost_round": 61.0, "subsample": 0.7513594094388405}, "datetime": {"datetime": "2024-01-20 13:40:32", "elapsed": 924.481014, "delta": 0.001408}}
{"target": -10.49768641597328, "params": {"colsample_bytree": 0.5142786024559084, "eta": 0.09157619875696414, "gamma": 278.94876345425746, "max_depth": 6.0, "min_child_weight": 4170.777096673906, "num_boost_round": 62.0, "subsample": 0.7513594094388405}, "datetime": {"datetime": "2024-01-20 13:40:32", "elapsed": 924.482451, "delta": 0.001437}}
{"target": -10.497943235840546, "params": {"colsample_bytree": 0.5142786024559084, "eta": 0.09157619875696414, "gamma": 278.94876345425746, "max_depth": 6.0, "min_child_weight": 4170.777096673906, "num_boost_round": 63.0, "subsample": 0.7513594094388405}, "datetime": {"datetime": "2024-01-20 13:40:32", "elapsed": 924.483901, "delta": 0.00145}}
{"target": -10.498686176389137, "params": {"colsample_bytree": 0.5142786024559084, "eta": 0.09157619875696414, "gamma": 278.94876345425746, "max_depth": 6.0, "min_child_weight": 4170.777096673906, "num_boost_round": 64.0, "subsample": 0.7513594094388405}, "datetime": {"datetime": "2024-01-20 13:40:32", "elapsed": 924.48534, "delta": 0.001439}}
{"target": -10.49912510927456, "params": {"colsample_bytree": 0.5142786024559084, "eta": 0.09157619875696414, "gamma": 278.94876345425746, "max_depth": 6.0, "min_child_weight": 4170.777096673906, "num_boost_round": 65.0, "subsample": 0.7513594094388405}, "datetime": {"datetime": "2024-01-20 13:40:32", "elapsed": 924.486786, "delta": 0.001446}}
{"target": -10.499361910946321, "params": {"colsample_bytree": 0.5142786024559084, "eta": 0.09157619875696414, "gamma": 278.94876345425746, "max_depth": 6.0, "min_child_weight": 4170.777096673906, "num_boost_round": 66.0, "subsample": 0.7513594094388405}, "datetime": {"datetime": "2024-01-20 13:40:32", "elapsed": 924.488249, "delta": 0.001463}}
{"target": -10.499755200343015, "params": {"colsample_bytree": 0.5142786024559084, "eta": 0.09157619875696414, "gamma": 278.94876345425746, "max_depth": 6.0, "min_child_weight": 4170.777096673906, "num_boost_round": 67.0, "subsample": 0.7513594094388405}, "datetime": {"datetime": "2024-01-20 13:40:32", "elapsed": 924.489686, "delta": 0.001437}}
{"target": -10.500258789695325, "params": {"colsample_bytree": 0.5142786024559084, "eta": 0.09157619875696414, "gamma": 278.94876345425746, "max_depth": 6.0, "min_child_weight": 4170.777096673906, "num_boost_round": 68.0, "subsample": 0.7513594094388405}, "datetime": {"datetime": "2024-01-20 13:40:32", "elapsed": 924.491127, "delta": 0.001441}}
{"target": -10.500896769591224, "params": {"colsample_bytree": 0.5142786024559084, "eta": 0.09157619875696414, "gamma": 278.94876345425746, "max_depth": 6.0, "min_child_weight": 4170.777096673906, "num_boost_round": 69.0, "subsample": 0.7513594094388405}, "datetime": {"datetime": "2024-01-20 13:40:32", "elapsed": 924.492554, "delta": 0.001427}}
{"target": -10.501383408145891, "params": {"colsample_bytree": 0.5142786024559084, "eta": 0.09157619875696414, "gamma": 278.94876345425746, "max_depth": 6.0, "min_child_weight": 4170.777096673906, "num_boost_round": 70.0, "subsample": 0.7513594094388405}, "datetime": {"datetime": "2024-01-20 13:40:32", "elapsed": 924.493965, "delta": 0.001411}}
{"target": -10.47580701589707, "params": {"colsample_bytree": 0.3064916350783846, "eta": 0.06574852662286337, "gamma": 418.8293741418604, "max_depth": 6.0, "min_child_weight": 4428.447668751473, "num_boost_round": 1.0, "subsample": 0.8751636195291306}, "datetime": {"datetime": "2024-01-20 13:41:04", "elapsed": 956.672442, "delta": 32.178477}}
{"target": -10.47569952571908, "params": {"colsample_bytree": 0.3064916350783846, "eta": 0.06574852662286337, "gamma": 418.8293741418604, "max_depth": 6.0, "min_child_weight": 4428.447668751473, "num_boost_round": 2.0, "subsample": 0.8751636195291306}, "datetime": {"datetime": "2024-01-20 13:41:04", "elapsed": 956.67491, "delta": 0.002468}}
{"target": -10.47593615215924, "params": {"colsample_bytree": 0.3064916350783846, "eta": 0.06574852662286337, "gamma": 418.8293741418604, "max_depth": 6.0, "min_child_weight": 4428.447668751473, "num_boost_round": 3.0, "subsample": 0.8751636195291306}, "datetime": {"datetime": "2024-01-20 13:41:04", "elapsed": 956.676679, "delta": 0.001769}}
{"target": -10.475574941480584, "params": {"colsample_bytree": 0.3064916350783846, "eta": 0.06574852662286337, "gamma": 418.8293741418604, "max_depth": 6.0, "min_child_weight": 4428.447668751473, "num_boost_round": 4.0, "subsample": 0.8751636195291306}, "datetime": {"datetime": "2024-01-20 13:41:04", "elapsed": 956.679172, "delta": 0.002493}}
{"target": -10.475115005731736, "params": {"colsample_bytree": 0.3064916350783846, "eta": 0.06574852662286337, "gamma": 418.8293741418604, "max_depth": 6.0, "min_child_weight": 4428.447668751473, "num_boost_round": 5.0, "subsample": 0.8751636195291306}, "datetime": {"datetime": "2024-01-20 13:41:04", "elapsed": 956.680653, "delta": 0.001481}}
{"target": -10.475283199866661, "params": {"colsample_bytree": 0.3064916350783846, "eta": 0.06574852662286337, "gamma": 418.8293741418604, "max_depth": 6.0, "min_child_weight": 4428.447668751473, "num_boost_round": 6.0, "subsample": 0.8751636195291306}, "datetime": {"datetime": "2024-01-20 13:41:04", "elapsed": 956.682083, "delta": 0.00143}}
{"target": -10.475054880589793, "params": {"colsample_bytree": 0.3064916350783846, "eta": 0.06574852662286337, "gamma": 418.8293741418604, "max_depth": 6.0, "min_child_weight": 4428.447668751473, "num_boost_round": 7.0, "subsample": 0.8751636195291306}, "datetime": {"datetime": "2024-01-20 13:41:04", "elapsed": 956.683521, "delta": 0.001438}}
{"target": -10.47501355461575, "params": {"colsample_bytree": 0.3064916350783846, "eta": 0.06574852662286337, "gamma": 418.8293741418604, "max_depth": 6.0, "min_child_weight": 4428.447668751473, "num_boost_round": 8.0, "subsample": 0.8751636195291306}, "datetime": {"datetime": "2024-01-20 13:41:04", "elapsed": 956.684942, "delta": 0.001421}}
{"target": -10.475216245159361, "params": {"colsample_bytree": 0.3064916350783846, "eta": 0.06574852662286337, "gamma": 418.8293741418604, "max_depth": 6.0, "min_child_weight": 4428.447668751473, "num_boost_round": 9.0, "subsample": 0.8751636195291306}, "datetime": {"datetime": "2024-01-20 13:41:04", "elapsed": 956.686388, "delta": 0.001446}}
{"target": -10.475654189828994, "params": {"colsample_bytree": 0.3064916350783846, "eta": 0.06574852662286337, "gamma": 418.8293741418604, "max_depth": 6.0, "min_child_weight": 4428.447668751473, "num_boost_round": 10.0, "subsample": 0.8751636195291306}, "datetime": {"datetime": "2024-01-20 13:41:04", "elapsed": 956.687843, "delta": 0.001455}}
{"target": -10.476116466129554, "params": {"colsample_bytree": 0.3064916350783846, "eta": 0.06574852662286337, "gamma": 418.8293741418604, "max_depth": 6.0, "min_child_weight": 4428.447668751473, "num_boost_round": 11.0, "subsample": 0.8751636195291306}, "datetime": {"datetime": "2024-01-20 13:41:04", "elapsed": 956.689328, "delta": 0.001485}}
{"target": -10.47620725694751, "params": {"colsample_bytree": 0.3064916350783846, "eta": 0.06574852662286337, "gamma": 418.8293741418604, "max_depth": 6.0, "min_child_weight": 4428.447668751473, "num_boost_round": 12.0, "subsample": 0.8751636195291306}, "datetime": {"datetime": "2024-01-20 13:41:04", "elapsed": 956.690758, "delta": 0.00143}}
{"target": -10.476212896126587, "params": {"colsample_bytree": 0.3064916350783846, "eta": 0.06574852662286337, "gamma": 418.8293741418604, "max_depth": 6.0, "min_child_weight": 4428.447668751473, "num_boost_round": 13.0, "subsample": 0.8751636195291306}, "datetime": {"datetime": "2024-01-20 13:41:04", "elapsed": 956.692186, "delta": 0.001428}}
{"target": -10.476334180787031, "params": {"colsample_bytree": 0.3064916350783846, "eta": 0.06574852662286337, "gamma": 418.8293741418604, "max_depth": 6.0, "min_child_weight": 4428.447668751473, "num_boost_round": 14.0, "subsample": 0.8751636195291306}, "datetime": {"datetime": "2024-01-20 13:41:04", "elapsed": 956.693627, "delta": 0.001441}}
{"target": -10.4765177560798, "params": {"colsample_bytree": 0.3064916350783846, "eta": 0.06574852662286337, "gamma": 418.8293741418604, "max_depth": 6.0, "min_child_weight": 4428.447668751473, "num_boost_round": 15.0, "subsample": 0.8751636195291306}, "datetime": {"datetime": "2024-01-20 13:41:04", "elapsed": 956.695052, "delta": 0.001425}}
{"target": -10.477113915154984, "params": {"colsample_bytree": 0.3064916350783846, "eta": 0.06574852662286337, "gamma": 418.8293741418604, "max_depth": 6.0, "min_child_weight": 4428.447668751473, "num_boost_round": 16.0, "subsample": 0.8751636195291306}, "datetime": {"datetime": "2024-01-20 13:41:04", "elapsed": 956.696559, "delta": 0.001507}}
{"target": -10.47756301841561, "params": {"colsample_bytree": 0.3064916350783846, "eta": 0.06574852662286337, "gamma": 418.8293741418604, "max_depth": 6.0, "min_child_weight": 4428.447668751473, "num_boost_round": 17.0, "subsample": 0.8751636195291306}, "datetime": {"datetime": "2024-01-20 13:41:04", "elapsed": 956.698084, "delta": 0.001525}}
{"target": -10.477567264535944, "params": {"colsample_bytree": 0.3064916350783846, "eta": 0.06574852662286337, "gamma": 418.8293741418604, "max_depth": 6.0, "min_child_weight": 4428.447668751473, "num_boost_round": 18.0, "subsample": 0.8751636195291306}, "datetime": {"datetime": "2024-01-20 13:41:04", "elapsed": 956.699533, "delta": 0.001449}}
{"target": -10.477765569943035, "params": {"colsample_bytree": 0.3064916350783846, "eta": 0.06574852662286337, "gamma": 418.8293741418604, "max_depth": 6.0, "min_child_weight": 4428.447668751473, "num_boost_round": 19.0, "subsample": 0.8751636195291306}, "datetime": {"datetime": "2024-01-20 13:41:04", "elapsed": 956.700965, "delta": 0.001432}}
{"target": -10.477866158326822, "params": {"colsample_bytree": 0.3064916350783846, "eta": 0.06574852662286337, "gamma": 418.8293741418604, "max_depth": 6.0, "min_child_weight": 4428.447668751473, "num_boost_round": 20.0, "subsample": 0.8751636195291306}, "datetime": {"datetime": "2024-01-20 13:41:04", "elapsed": 956.702403, "delta": 0.001438}}
{"target": -10.478708538309434, "params": {"colsample_bytree": 0.3064916350783846, "eta": 0.06574852662286337, "gamma": 418.8293741418604, "max_depth": 6.0, "min_child_weight": 4428.447668751473, "num_boost_round": 21.0, "subsample": 0.8751636195291306}, "datetime": {"datetime": "2024-01-20 13:41:04", "elapsed": 956.703834, "delta": 0.001431}}
{"target": -10.475428272364827, "params": {"colsample_bytree": 0.4920725687888887, "eta": 0.09079422517703843, "gamma": 412.06262950430903, "max_depth": 4.0, "min_child_weight": 4122.140137005732, "num_boost_round": 1.0, "subsample": 0.47579299756682114}, "datetime": {"datetime": "2024-01-20 13:41:33", "elapsed": 985.90726, "delta": 29.203426}}
{"target": -10.474862127548434, "params": {"colsample_bytree": 0.4920725687888887, "eta": 0.09079422517703843, "gamma": 412.06262950430903, "max_depth": 4.0, "min_child_weight": 4122.140137005732, "num_boost_round": 2.0, "subsample": 0.47579299756682114}, "datetime": {"datetime": "2024-01-20 13:41:33", "elapsed": 985.909068, "delta": 0.001808}}
