{"target": -12.350121128258497, "params": {"colsample_bytree": 0.9492567968427919, "eta": 0.0893925673896415, "gamma": 503.426484917939, "max_depth": 9.0, "min_child_weight": 4274.468994700751, "num_boost_round": 2.0, "subsample": 0.25777755648686357}, "datetime": {"datetime": "2024-01-20 15:34:39", "elapsed": 4245.909682, "delta": 0.006259}}
{"target": -12.3469881910881, "params": {"colsample_bytree": 0.9492567968427919, "eta": 0.0893925673896415, "gamma": 503.426484917939, "max_depth": 9.0, "min_child_weight": 4274.468994700751, "num_boost_round": 3.0, "subsample": 0.25777755648686357}, "datetime": {"datetime": "2024-01-20 15:34:39", "elapsed": 4245.914741, "delta": 0.005059}}
{"target": -12.345289780798984, "params": {"colsample_bytree": 0.9492567968427919, "eta": 0.0893925673896415, "gamma": 503.426484917939, "max_depth": 9.0, "min_child_weight": 4274.468994700751, "num_boost_round": 4.0, "subsample": 0.25777755648686357}, "datetime": {"datetime": "2024-01-20 15:34:39", "elapsed": 4245.919843, "delta": 0.005102}}
{"target": -12.34389927134954, "params": {"colsample_bytree": 0.9492567968427919, "eta": 0.0893925673896415, "gamma": 503.426484917939, "max_depth": 9.0, "min_child_weight": 4274.468994700751, "num_boost_round": 5.0, "subsample": 0.25777755648686357}, "datetime": {"datetime": "2024-01-20 15:34:39", "elapsed": 4245.925072, "delta": 0.005229}}
{"target": -12.343100069382944, "params": {"colsample_bytree": 0.9492567968427919, "eta": 0.0893925673896415, "gamma": 503.426484917939, "max_depth": 9.0, "min_child_weight": 4274.468994700751, "num_boost_round": 6.0, "subsample": 0.25777755648686357}, "datetime": {"datetime": "2024-01-20 15:34:39", "elapsed": 4245.930492, "delta": 0.00542}}
{"target": -12.34328840200725, "params": {"colsample_bytree": 0.9492567968427919, "eta": 0.0893925673896415, "gamma": 503.426484917939, "max_depth": 9.0, "min_child_weight": 4274.468994700751, "num_boost_round": 7.0, "subsample": 0.25777755648686357}, "datetime": {"datetime": "2024-01-20 15:34:39", "elapsed": 4245.935304, "delta": 0.004812}}
{"target": -12.342244281449524, "params": {"colsample_bytree": 0.9492567968427919, "eta": 0.0893925673896415, "gamma": 503.426484917939, "max_depth": 9.0, "min_child_weight": 4274.468994700751, "num_boost_round": 8.0, "subsample": 0.25777755648686357}, "datetime": {"datetime": "2024-01-20 15:34:39", "elapsed": 4245.940289, "delta": 0.004985}}
{"target": -12.34201361804098, "params": {"colsample_bytree": 0.9492567968427919, "eta": 0.0893925673896415, "gamma": 503.426484917939, "max_depth": 9.0, "min_child_weight": 4274.468994700751, "num_boost_round": 9.0, "subsample": 0.25777755648686357}, "datetime": {"datetime": "2024-01-20 15:34:39", "elapsed": 4245.945151, "delta": 0.004862}}
{"target": -12.341970013802198, "params": {"colsample_bytree": 0.9492567968427919, "eta": 0.0893925673896415, "gamma": 503.426484917939, "max_depth": 9.0, "min_child_weight": 4274.468994700751, "num_boost_round": 10.0, "subsample": 0.25777755648686357}, "datetime": {"datetime": "2024-01-20 15:34:39", "elapsed": 4245.949978, "delta": 0.004827}}
{"target": -12.34233566579159, "params": {"colsample_bytree": 0.9492567968427919, "eta": 0.0893925673896415, "gamma": 503.426484917939, "max_depth": 9.0, "min_child_weight": 4274.468994700751, "num_boost_round": 11.0, "subsample": 0.25777755648686357}, "datetime": {"datetime": "2024-01-20 15:34:39", "elapsed": 4245.954941, "delta": 0.004963}}
{"target": -12.342873474854764, "params": {"colsample_bytree": 0.9492567968427919, "eta": 0.0893925673896415, "gamma": 503.426484917939, "max_depth": 9.0, "min_child_weight": 4274.468994700751, "num_boost_round": 12.0, "subsample": 0.25777755648686357}, "datetime": {"datetime": "2024-01-20 15:34:39", "elapsed": 4245.960179, "delta": 0.005238}}
{"target": -12.343187441592196, "params": {"colsample_bytree": 0.9492567968427919, "eta": 0.0893925673896415, "gamma": 503.426484917939, "max_depth": 9.0, "min_child_weight": 4274.468994700751, "num_boost_round": 13.0, "subsample": 0.25777755648686357}, "datetime": {"datetime": "2024-01-20 15:34:39", "elapsed": 4245.965032, "delta": 0.004853}}
{"target": -12.344032598630928, "params": {"colsample_bytree": 0.9492567968427919, "eta": 0.0893925673896415, "gamma": 503.426484917939, "max_depth": 9.0, "min_child_weight": 4274.468994700751, "num_boost_round": 14.0, "subsample": 0.25777755648686357}, "datetime": {"datetime": "2024-01-20 15:34:39", "elapsed": 4245.969922, "delta": 0.00489}}
{"target": -12.344387307856588, "params": {"colsample_bytree": 0.9492567968427919, "eta": 0.0893925673896415, "gamma": 503.426484917939, "max_depth": 9.0, "min_child_weight": 4274.468994700751, "num_boost_round": 15.0, "subsample": 0.25777755648686357}, "datetime": {"datetime": "2024-01-20 15:34:39", "elapsed": 4245.977291, "delta": 0.007369}}
{"target": -12.345174051137011, "params": {"colsample_bytree": 0.9492567968427919, "eta": 0.0893925673896415, "gamma": 503.426484917939, "max_depth": 9.0, "min_child_weight": 4274.468994700751, "num_boost_round": 16.0, "subsample": 0.25777755648686357}, "datetime": {"datetime": "2024-01-20 15:34:39", "elapsed": 4245.984716, "delta": 0.007425}}
{"target": -12.358627571997864, "params": {"colsample_bytree": 0.11328738614188329, "eta": 0.00492254827482383, "gamma": 584.6682651630795, "max_depth": 2.0, "min_child_weight": 4176.760464446724, "num_boost_round": 1.0, "subsample": 0.3396260658674898}, "datetime": {"datetime": "2024-01-20 15:35:59", "elapsed": 4325.396694, "delta": 79.411978}}
{"target": -12.358523695989746, "params": {"colsample_bytree": 0.11328738614188329, "eta": 0.00492254827482383, "gamma": 584.6682651630795, "max_depth": 2.0, "min_child_weight": 4176.760464446724, "num_boost_round": 2.0, "subsample": 0.3396260658674898}, "datetime": {"datetime": "2024-01-20 15:35:59", "elapsed": 4325.738661, "delta": 0.341967}}
{"target": -12.358521655350925, "params": {"colsample_bytree": 0.11328738614188329, "eta": 0.00492254827482383, "gamma": 584.6682651630795, "max_depth": 2.0, "min_child_weight": 4176.760464446724, "num_boost_round": 3.0, "subsample": 0.3396260658674898}, "datetime": {"datetime": "2024-01-20 15:35:59", "elapsed": 4325.745065, "delta": 0.006404}}
{"target": -12.358520560278478, "params": {"colsample_bytree": 0.11328738614188329, "eta": 0.00492254827482383, "gamma": 584.6682651630795, "max_depth": 2.0, "min_child_weight": 4176.760464446724, "num_boost_round": 4.0, "subsample": 0.3396260658674898}, "datetime": {"datetime": "2024-01-20 15:35:59", "elapsed": 4325.750932, "delta": 0.005867}}
{"target": -12.358523901029864, "params": {"colsample_bytree": 0.11328738614188329, "eta": 0.00492254827482383, "gamma": 584.6682651630795, "max_depth": 2.0, "min_child_weight": 4176.760464446724, "num_boost_round": 5.0, "subsample": 0.3396260658674898}, "datetime": {"datetime": "2024-01-20 15:35:59", "elapsed": 4325.756296, "delta": 0.005364}}
{"target": -12.35853201318509, "params": {"colsample_bytree": 0.11328738614188329, "eta": 0.00492254827482383, "gamma": 584.6682651630795, "max_depth": 2.0, "min_child_weight": 4176.760464446724, "num_boost_round": 6.0, "subsample": 0.3396260658674898}, "datetime": {"datetime": "2024-01-20 15:35:59", "elapsed": 4325.761785, "delta": 0.005489}}
{"target": -12.35853960981306, "params": {"colsample_bytree": 0.11328738614188329, "eta": 0.00492254827482383, "gamma": 584.6682651630795, "max_depth": 2.0, "min_child_weight": 4176.760464446724, "num_boost_round": 7.0, "subsample": 0.3396260658674898}, "datetime": {"datetime": "2024-01-20 15:35:59", "elapsed": 4325.767344, "delta": 0.005559}}
{"target": -12.358407134427509, "params": {"colsample_bytree": 0.11328738614188329, "eta": 0.00492254827482383, "gamma": 584.6682651630795, "max_depth": 2.0, "min_child_weight": 4176.760464446724, "num_boost_round": 8.0, "subsample": 0.3396260658674898}, "datetime": {"datetime": "2024-01-20 15:35:59", "elapsed": 4325.772961, "delta": 0.005617}}
{"target": -12.358409153288122, "params": {"colsample_bytree": 0.11328738614188329, "eta": 0.00492254827482383, "gamma": 584.6682651630795, "max_depth": 2.0, "min_child_weight": 4176.760464446724, "num_boost_round": 9.0, "subsample": 0.3396260658674898}, "datetime": {"datetime": "2024-01-20 15:35:59", "elapsed": 4325.778171, "delta": 0.00521}}
{"target": -12.358418010736855, "params": {"colsample_bytree": 0.11328738614188329, "eta": 0.00492254827482383, "gamma": 584.6682651630795, "max_depth": 2.0, "min_child_weight": 4176.760464446724, "num_boost_round": 10.0, "subsample": 0.3396260658674898}, "datetime": {"datetime": "2024-01-20 15:35:59", "elapsed": 4325.783442, "delta": 0.005271}}
{"target": -12.358284090387581, "params": {"colsample_bytree": 0.11328738614188329, "eta": 0.00492254827482383, "gamma": 584.6682651630795, "max_depth": 2.0, "min_child_weight": 4176.760464446724, "num_boost_round": 11.0, "subsample": 0.3396260658674898}, "datetime": {"datetime": "2024-01-20 15:35:59", "elapsed": 4325.788814, "delta": 0.005372}}
{"target": -12.35828698643802, "params": {"colsample_bytree": 0.11328738614188329, "eta": 0.00492254827482383, "gamma": 584.6682651630795, "max_depth": 2.0, "min_child_weight": 4176.760464446724, "num_boost_round": 12.0, "subsample": 0.3396260658674898}, "datetime": {"datetime": "2024-01-20 15:35:59", "elapsed": 4325.794172, "delta": 0.005358}}
{"target": -12.35828409773678, "params": {"colsample_bytree": 0.11328738614188329, "eta": 0.00492254827482383, "gamma": 584.6682651630795, "max_depth": 2.0, "min_child_weight": 4176.760464446724, "num_boost_round": 13.0, "subsample": 0.3396260658674898}, "datetime": {"datetime": "2024-01-20 15:35:59", "elapsed": 4325.799915, "delta": 0.005743}}
{"target": -12.358287304747403, "params": {"colsample_bytree": 0.11328738614188329, "eta": 0.00492254827482383, "gamma": 584.6682651630795, "max_depth": 2.0, "min_child_weight": 4176.760464446724, "num_boost_round": 14.0, "subsample": 0.3396260658674898}, "datetime": {"datetime": "2024-01-20 15:35:59", "elapsed": 4325.808151, "delta": 0.008236}}
{"target": -12.358155134129905, "params": {"colsample_bytree": 0.11328738614188329, "eta": 0.00492254827482383, "gamma": 584.6682651630795, "max_depth": 2.0, "min_child_weight": 4176.760464446724, "num_boost_round": 15.0, "subsample": 0.3396260658674898}, "datetime": {"datetime": "2024-01-20 15:35:59", "elapsed": 4325.815004, "delta": 0.006853}}
{"target": -12.358156963222065, "params": {"colsample_bytree": 0.11328738614188329, "eta": 0.00492254827482383, "gamma": 584.6682651630795, "max_depth": 2.0, "min_child_weight": 4176.760464446724, "num_boost_round": 16.0, "subsample": 0.3396260658674898}, "datetime": {"datetime": "2024-01-20 15:35:59", "elapsed": 4325.823069, "delta": 0.008065}}
{"target": -12.358160154460606, "params": {"colsample_bytree": 0.11328738614188329, "eta": 0.00492254827482383, "gamma": 584.6682651630795, "max_depth": 2.0, "min_child_weight": 4176.760464446724, "num_boost_round": 17.0, "subsample": 0.3396260658674898}, "datetime": {"datetime": "2024-01-20 15:35:59", "elapsed": 4325.829561, "delta": 0.006492}}
{"target": -12.358163548427592, "params": {"colsample_bytree": 0.11328738614188329, "eta": 0.00492254827482383, "gamma": 584.6682651630795, "max_depth": 2.0, "min_child_weight": 4176.760464446724, "num_boost_round": 18.0, "subsample": 0.3396260658674898}, "datetime": {"datetime": "2024-01-20 15:35:59", "elapsed": 4325.836194, "delta": 0.006633}}
{"target": -12.358165372204219, "params": {"colsample_bytree": 0.11328738614188329, "eta": 0.00492254827482383, "gamma": 584.6682651630795, "max_depth": 2.0, "min_child_weight": 4176.760464446724, "num_boost_round": 19.0, "subsample": 0.3396260658674898}, "datetime": {"datetime": "2024-01-20 15:35:59", "elapsed": 4325.843259, "delta": 0.007065}}
{"target": -12.358168628052441, "params": {"colsample_bytree": 0.11328738614188329, "eta": 0.00492254827482383, "gamma": 584.6682651630795, "max_depth": 2.0, "min_child_weight": 4176.760464446724, "num_boost_round": 20.0, "subsample": 0.3396260658674898}, "datetime": {"datetime": "2024-01-20 15:35:59", "elapsed": 4325.850221, "delta": 0.006962}}
{"target": -12.358168165997206, "params": {"colsample_bytree": 0.11328738614188329, "eta": 0.00492254827482383, "gamma": 584.6682651630795, "max_depth": 2.0, "min_child_weight": 4176.760464446724, "num_boost_round": 21.0, "subsample": 0.3396260658674898}, "datetime": {"datetime": "2024-01-20 15:35:59", "elapsed": 4325.856075, "delta": 0.005854}}
{"target": -12.358170095134671, "params": {"colsample_bytree": 0.11328738614188329, "eta": 0.00492254827482383, "gamma": 584.6682651630795, "max_depth": 2.0, "min_child_weight": 4176.760464446724, "num_boost_round": 22.0, "subsample": 0.3396260658674898}, "datetime": {"datetime": "2024-01-20 15:35:59", "elapsed": 4325.861939, "delta": 0.005864}}
{"target": -12.358172188176974, "params": {"colsample_bytree": 0.11328738614188329, "eta": 0.00492254827482383, "gamma": 584.6682651630795, "max_depth": 2.0, "min_child_weight": 4176.760464446724, "num_boost_round": 23.0, "subsample": 0.3396260658674898}, "datetime": {"datetime": "2024-01-20 15:35:59", "elapsed": 4325.867647, "delta": 0.005708}}
{"target": -12.358199651290318, "params": {"colsample_bytree": 0.11328738614188329, "eta": 0.00492254827482383, "gamma": 584.6682651630795, "max_depth": 2.0, "min_child_weight": 4176.760464446724, "num_boost_round": 24.0, "subsample": 0.3396260658674898}, "datetime": {"datetime": "2024-01-20 15:35:59", "elapsed": 4325.873273, "delta": 0.005626}}
{"target": -12.358069483579648, "params": {"colsample_bytree": 0.11328738614188329, "eta": 0.00492254827482383, "gamma": 584.6682651630795, "max_depth": 2.0, "min_child_weight": 4176.760464446724, "num_boost_round": 25.0, "subsample": 0.3396260658674898}, "datetime": {"datetime": "2024-01-20 15:35:59", "elapsed": 4325.879023, "delta": 0.00575}}
{"target": -12.358070648095548, "params": {"colsample_bytree": 0.11328738614188329, "eta": 0.00492254827482383, "gamma": 584.6682651630795, "max_depth": 2.0, "min_child_weight": 4176.760464446724, "num_boost_round": 26.0, "subsample": 0.3396260658674898}, "datetime": {"datetime": "2024-01-20 15:35:59", "elapsed": 4325.885094, "delta": 0.006071}}
{"target": -12.358068483699201, "params": {"colsample_bytree": 0.11328738614188329, "eta": 0.00492254827482383, "gamma": 584.6682651630795, "max_depth": 2.0, "min_child_weight": 4176.760464446724, "num_boost_round": 27.0, "subsample": 0.3396260658674898}, "datetime": {"datetime": "2024-01-20 15:35:59", "elapsed": 4325.890732, "delta": 0.005638}}
{"target": -12.358067317301034, "params": {"colsample_bytree": 0.11328738614188329, "eta": 0.00492254827482383, "gamma": 584.6682651630795, "max_depth": 2.0, "min_child_weight": 4176.760464446724, "num_boost_round": 28.0, "subsample": 0.3396260658674898}, "datetime": {"datetime": "2024-01-20 15:35:59", "elapsed": 4325.896536, "delta": 0.005804}}
{"target": -12.358052613228413, "params": {"colsample_bytree": 0.11328738614188329, "eta": 0.00492254827482383, "gamma": 584.6682651630795, "max_depth": 2.0, "min_child_weight": 4176.760464446724, "num_boost_round": 29.0, "subsample": 0.3396260658674898}, "datetime": {"datetime": "2024-01-20 15:35:59", "elapsed": 4325.902244, "delta": 0.005708}}
{"target": -12.358045623777812, "params": {"colsample_bytree": 0.11328738614188329, "eta": 0.00492254827482383, "gamma": 584.6682651630795, "max_depth": 2.0, "min_child_weight": 4176.760464446724, "num_boost_round": 30.0, "subsample": 0.3396260658674898}, "datetime": {"datetime": "2024-01-20 15:35:59", "elapsed": 4325.90795, "delta": 0.005706}}
{"target": -12.357773638432144, "params": {"colsample_bytree": 0.11328738614188329, "eta": 0.00492254827482383, "gamma": 584.6682651630795, "max_depth": 2.0, "min_child_weight": 4176.760464446724, "num_boost_round": 31.0, "subsample": 0.3396260658674898}, "datetime": {"datetime": "2024-01-20 15:35:59", "elapsed": 4325.913797, "delta": 0.005847}}
{"target": -12.35779633107257, "params": {"colsample_bytree": 0.11328738614188329, "eta": 0.00492254827482383, "gamma": 584.6682651630795, "max_depth": 2.0, "min_child_weight": 4176.760464446724, "num_boost_round": 32.0, "subsample": 0.3396260658674898}, "datetime": {"datetime": "2024-01-20 15:35:59", "elapsed": 4325.91965, "delta": 0.005853}}
{"target": -12.35780431853064, "params": {"colsample_bytree": 0.11328738614188329, "eta": 0.00492254827482383, "gamma": 584.6682651630795, "max_depth": 2.0, "min_child_weight": 4176.760464446724, "num_boost_round": 33.0, "subsample": 0.3396260658674898}, "datetime": {"datetime": "2024-01-20 15:35:59", "elapsed": 4325.927118, "delta": 0.007468}}
{"target": -12.357813712460642, "params": {"colsample_bytree": 0.11328738614188329, "eta": 0.00492254827482383, "gamma": 584.6682651630795, "max_depth": 2.0, "min_child_weight": 4176.760464446724, "num_boost_round": 34.0, "subsample": 0.3396260658674898}, "datetime": {"datetime": "2024-01-20 15:35:59", "elapsed": 4325.934868, "delta": 0.00775}}
{"target": -12.357841471032879, "params": {"colsample_bytree": 0.11328738614188329, "eta": 0.00492254827482383, "gamma": 584.6682651630795, "max_depth": 2.0, "min_child_weight": 4176.760464446724, "num_boost_round": 35.0, "subsample": 0.3396260658674898}, "datetime": {"datetime": "2024-01-20 15:35:59", "elapsed": 4325.941998, "delta": 0.00713}}
{"target": -12.35784754096289, "params": {"colsample_bytree": 0.11328738614188329, "eta": 0.00492254827482383, "gamma": 584.6682651630795, "max_depth": 2.0, "min_child_weight": 4176.760464446724, "num_boost_round": 36.0, "subsample": 0.3396260658674898}, "datetime": {"datetime": "2024-01-20 15:35:59", "elapsed": 4325.948238, "delta": 0.00624}}
{"target": -12.357851469204197, "params": {"colsample_bytree": 0.11328738614188329, "eta": 0.00492254827482383, "gamma": 584.6682651630795, "max_depth": 2.0, "min_child_weight": 4176.760464446724, "num_boost_round": 37.0, "subsample": 0.3396260658674898}, "datetime": {"datetime": "2024-01-20 15:35:59", "elapsed": 4325.953803, "delta": 0.005565}}
{"target": -12.357883780466672, "params": {"colsample_bytree": 0.11328738614188329, "eta": 0.00492254827482383, "gamma": 584.6682651630795, "max_depth": 2.0, "min_child_weight": 4176.760464446724, "num_boost_round": 38.0, "subsample": 0.3396260658674898}, "datetime": {"datetime": "2024-01-20 15:35:59", "elapsed": 4325.959419, "delta": 0.005616}}
{"target": -12.357886452202406, "params": {"colsample_bytree": 0.11328738614188329, "eta": 0.00492254827482383, "gamma": 584.6682651630795, "max_depth": 2.0, "min_child_weight": 4176.760464446724, "num_boost_round": 39.0, "subsample": 0.3396260658674898}, "datetime": {"datetime": "2024-01-20 15:35:59", "elapsed": 4325.964546, "delta": 0.005127}}
{"target": -12.357881968406714, "params": {"colsample_bytree": 0.11328738614188329, "eta": 0.00492254827482383, "gamma": 584.6682651630795, "max_depth": 2.0, "min_child_weight": 4176.760464446724, "num_boost_round": 40.0, "subsample": 0.3396260658674898}, "datetime": {"datetime": "2024-01-20 15:35:59", "elapsed": 4325.969667, "delta": 0.005121}}
{"target": -12.3577525970252, "params": {"colsample_bytree": 0.11328738614188329, "eta": 0.00492254827482383, "gamma": 584.6682651630795, "max_depth": 2.0, "min_child_weight": 4176.760464446724, "num_boost_round": 41.0, "subsample": 0.3396260658674898}, "datetime": {"datetime": "2024-01-20 15:35:59", "elapsed": 4325.974824, "delta": 0.005157}}
{"target": -12.357616593744236, "params": {"colsample_bytree": 0.11328738614188329, "eta": 0.00492254827482383, "gamma": 584.6682651630795, "max_depth": 2.0, "min_child_weight": 4176.760464446724, "num_boost_round": 42.0, "subsample": 0.3396260658674898}, "datetime": {"datetime": "2024-01-20 15:35:59", "elapsed": 4325.97999, "delta": 0.005166}}
{"target": -12.357618822351728, "params": {"colsample_bytree": 0.11328738614188329, "eta": 0.00492254827482383, "gamma": 584.6682651630795, "max_depth": 2.0, "min_child_weight": 4176.760464446724, "num_boost_round": 43.0, "subsample": 0.3396260658674898}, "datetime": {"datetime": "2024-01-20 15:35:59", "elapsed": 4325.985248, "delta": 0.005258}}
{"target": -12.357654950299626, "params": {"colsample_bytree": 0.11328738614188329, "eta": 0.00492254827482383, "gamma": 584.6682651630795, "max_depth": 2.0, "min_child_weight": 4176.760464446724, "num_boost_round": 44.0, "subsample": 0.3396260658674898}, "datetime": {"datetime": "2024-01-20 15:35:59", "elapsed": 4325.990736, "delta": 0.005488}}
{"target": -12.357663821590045, "params": {"colsample_bytree": 0.11328738614188329, "eta": 0.00492254827482383, "gamma": 584.6682651630795, "max_depth": 2.0, "min_child_weight": 4176.760464446724, "num_boost_round": 45.0, "subsample": 0.3396260658674898}, "datetime": {"datetime": "2024-01-20 15:35:59", "elapsed": 4325.995845, "delta": 0.005109}}
{"target": -12.357685447668874, "params": {"colsample_bytree": 0.11328738614188329, "eta": 0.00492254827482383, "gamma": 584.6682651630795, "max_depth": 2.0, "min_child_weight": 4176.760464446724, "num_boost_round": 46.0, "subsample": 0.3396260658674898}, "datetime": {"datetime": "2024-01-20 15:35:59", "elapsed": 4326.000973, "delta": 0.005128}}
{"target": -12.357689821673915, "params": {"colsample_bytree": 0.11328738614188329, "eta": 0.00492254827482383, "gamma": 584.6682651630795, "max_depth": 2.0, "min_child_weight": 4176.760464446724, "num_boost_round": 47.0, "subsample": 0.3396260658674898}, "datetime": {"datetime": "2024-01-20 15:35:59", "elapsed": 4326.006062, "delta": 0.005089}}
{"target": -12.357713906222646, "params": {"colsample_bytree": 0.11328738614188329, "eta": 0.00492254827482383, "gamma": 584.6682651630795, "max_depth": 2.0, "min_child_weight": 4176.760464446724, "num_boost_round": 48.0, "subsample": 0.3396260658674898}, "datetime": {"datetime": "2024-01-20 15:35:59", "elapsed": 4326.011169, "delta": 0.005107}}
