{"target": -10.474777451053178, "params": {"colsample_bytree": 0.4920725687888887, "eta": 0.09079422517703843, "gamma": 412.06262950430903, "max_depth": 4.0, "min_child_weight": 4122.140137005732, "num_boost_round": 3.0, "subsample": 0.47579299756682114}, "datetime": {"datetime": "2024-01-20 13:41:33", "elapsed": 985.910584, "delta": 0.001516}}
{"target": -10.474116572583668, "params": {"colsample_bytree": 0.4920725687888887, "eta": 0.09079422517703843, "gamma": 412.06262950430903, "max_depth": 4.0, "min_child_weight": 4122.140137005732, "num_boost_round": 4.0, "subsample": 0.47579299756682114}, "datetime": {"datetime": "2024-01-20 13:41:33", "elapsed": 985.912073, "delta": 0.001489}}
{"target": -10.473961066815157, "params": {"colsample_bytree": 0.4920725687888887, "eta": 0.09079422517703843, "gamma": 412.06262950430903, "max_depth": 4.0, "min_child_weight": 4122.140137005732, "num_boost_round": 5.0, "subsample": 0.47579299756682114}, "datetime": {"datetime": "2024-01-20 13:41:33", "elapsed": 985.913581, "delta": 0.001508}}
{"target": -10.474420808607402, "params": {"colsample_bytree": 0.4920725687888887, "eta": 0.09079422517703843, "gamma": 412.06262950430903, "max_depth": 4.0, "min_child_weight": 4122.140137005732, "num_boost_round": 6.0, "subsample": 0.47579299756682114}, "datetime": {"datetime": "2024-01-20 13:41:33", "elapsed": 985.915322, "delta": 0.001741}}
{"target": -10.47434439604691, "params": {"colsample_bytree": 0.4920725687888887, "eta": 0.09079422517703843, "gamma": 412.06262950430903, "max_depth": 4.0, "min_child_weight": 4122.140137005732, "num_boost_round": 7.0, "subsample": 0.47579299756682114}, "datetime": {"datetime": "2024-01-20 13:41:33", "elapsed": 985.916823, "delta": 0.001501}}
{"target": -10.474514231751712, "params": {"colsample_bytree": 0.4920725687888887, "eta": 0.09079422517703843, "gamma": 412.06262950430903, "max_depth": 4.0, "min_child_weight": 4122.140137005732, "num_boost_round": 8.0, "subsample": 0.47579299756682114}, "datetime": {"datetime": "2024-01-20 13:41:33", "elapsed": 985.918338, "delta": 0.001515}}
{"target": -10.475001473748616, "params": {"colsample_bytree": 0.4920725687888887, "eta": 0.09079422517703843, "gamma": 412.06262950430903, "max_depth": 4.0, "min_child_weight": 4122.140137005732, "num_boost_round": 9.0, "subsample": 0.47579299756682114}, "datetime": {"datetime": "2024-01-20 13:41:33", "elapsed": 985.920425, "delta": 0.002087}}
{"target": -10.474745419141396, "params": {"colsample_bytree": 0.4920725687888887, "eta": 0.09079422517703843, "gamma": 412.06262950430903, "max_depth": 4.0, "min_child_weight": 4122.140137005732, "num_boost_round": 10.0, "subsample": 0.47579299756682114}, "datetime": {"datetime": "2024-01-20 13:41:33", "elapsed": 985.921907, "delta": 0.001482}}
{"target": -10.475476425204494, "params": {"colsample_bytree": 0.4920725687888887, "eta": 0.09079422517703843, "gamma": 412.06262950430903, "max_depth": 4.0, "min_child_weight": 4122.140137005732, "num_boost_round": 11.0, "subsample": 0.47579299756682114}, "datetime": {"datetime": "2024-01-20 13:41:33", "elapsed": 985.923752, "delta": 0.001845}}
{"target": -10.475953558779977, "params": {"colsample_bytree": 0.4920725687888887, "eta": 0.09079422517703843, "gamma": 412.06262950430903, "max_depth": 4.0, "min_child_weight": 4122.140137005732, "num_boost_round": 12.0, "subsample": 0.47579299756682114}, "datetime": {"datetime": "2024-01-20 13:41:33", "elapsed": 985.925273, "delta": 0.001521}}
{"target": -10.47644959626251, "params": {"colsample_bytree": 0.4920725687888887, "eta": 0.09079422517703843, "gamma": 412.06262950430903, "max_depth": 4.0, "min_child_weight": 4122.140137005732, "num_boost_round": 13.0, "subsample": 0.47579299756682114}, "datetime": {"datetime": "2024-01-20 13:41:33", "elapsed": 985.926766, "delta": 0.001493}}
{"target": -10.476863842514339, "params": {"colsample_bytree": 0.4920725687888887, "eta": 0.09079422517703843, "gamma": 412.06262950430903, "max_depth": 4.0, "min_child_weight": 4122.140137005732, "num_boost_round": 14.0, "subsample": 0.47579299756682114}, "datetime": {"datetime": "2024-01-20 13:41:33", "elapsed": 985.92825, "delta": 0.001484}}
{"target": -10.477245587743571, "params": {"colsample_bytree": 0.4920725687888887, "eta": 0.09079422517703843, "gamma": 412.06262950430903, "max_depth": 4.0, "min_child_weight": 4122.140137005732, "num_boost_round": 15.0, "subsample": 0.47579299756682114}, "datetime": {"datetime": "2024-01-20 13:41:33", "elapsed": 985.929791, "delta": 0.001541}}
{"target": -10.4777045949379, "params": {"colsample_bytree": 0.4920725687888887, "eta": 0.09079422517703843, "gamma": 412.06262950430903, "max_depth": 4.0, "min_child_weight": 4122.140137005732, "num_boost_round": 16.0, "subsample": 0.47579299756682114}, "datetime": {"datetime": "2024-01-20 13:41:33", "elapsed": 985.931283, "delta": 0.001492}}
{"target": -10.478312531616023, "params": {"colsample_bytree": 0.4920725687888887, "eta": 0.09079422517703843, "gamma": 412.06262950430903, "max_depth": 4.0, "min_child_weight": 4122.140137005732, "num_boost_round": 17.0, "subsample": 0.47579299756682114}, "datetime": {"datetime": "2024-01-20 13:41:33", "elapsed": 985.932828, "delta": 0.001545}}
{"target": -10.475845989610061, "params": {"colsample_bytree": 0.3247592585963031, "eta": 0.035625960820564, "gamma": 299.6061542194383, "max_depth": 9.0, "min_child_weight": 4242.057372334672, "num_boost_round": 1.0, "subsample": 0.8892850238658424}, "datetime": {"datetime": "2024-01-20 13:42:24", "elapsed": 1036.386816, "delta": 50.453988}}
{"target": -10.475551968515408, "params": {"colsample_bytree": 0.3247592585963031, "eta": 0.035625960820564, "gamma": 299.6061542194383, "max_depth": 9.0, "min_child_weight": 4242.057372334672, "num_boost_round": 2.0, "subsample": 0.8892850238658424}, "datetime": {"datetime": "2024-01-20 13:42:24", "elapsed": 1036.388619, "delta": 0.001803}}
{"target": -10.475533779405161, "params": {"colsample_bytree": 0.3247592585963031, "eta": 0.035625960820564, "gamma": 299.6061542194383, "max_depth": 9.0, "min_child_weight": 4242.057372334672, "num_boost_round": 3.0, "subsample": 0.8892850238658424}, "datetime": {"datetime": "2024-01-20 13:42:24", "elapsed": 1036.390157, "delta": 0.001538}}
{"target": -10.475324925607548, "params": {"colsample_bytree": 0.3247592585963031, "eta": 0.035625960820564, "gamma": 299.6061542194383, "max_depth": 9.0, "min_child_weight": 4242.057372334672, "num_boost_round": 4.0, "subsample": 0.8892850238658424}, "datetime": {"datetime": "2024-01-20 13:42:24", "elapsed": 1036.391632, "delta": 0.001475}}
{"target": -10.474934442384487, "params": {"colsample_bytree": 0.3247592585963031, "eta": 0.035625960820564, "gamma": 299.6061542194383, "max_depth": 9.0, "min_child_weight": 4242.057372334672, "num_boost_round": 5.0, "subsample": 0.8892850238658424}, "datetime": {"datetime": "2024-01-20 13:42:24", "elapsed": 1036.393129, "delta": 0.001497}}
{"target": -10.47486800365691, "params": {"colsample_bytree": 0.3247592585963031, "eta": 0.035625960820564, "gamma": 299.6061542194383, "max_depth": 9.0, "min_child_weight": 4242.057372334672, "num_boost_round": 6.0, "subsample": 0.8892850238658424}, "datetime": {"datetime": "2024-01-20 13:42:24", "elapsed": 1036.394966, "delta": 0.001837}}
{"target": -10.474557853934009, "params": {"colsample_bytree": 0.3247592585963031, "eta": 0.035625960820564, "gamma": 299.6061542194383, "max_depth": 9.0, "min_child_weight": 4242.057372334672, "num_boost_round": 7.0, "subsample": 0.8892850238658424}, "datetime": {"datetime": "2024-01-20 13:42:24", "elapsed": 1036.396484, "delta": 0.001518}}
{"target": -10.474353696384867, "params": {"colsample_bytree": 0.3247592585963031, "eta": 0.035625960820564, "gamma": 299.6061542194383, "max_depth": 9.0, "min_child_weight": 4242.057372334672, "num_boost_round": 8.0, "subsample": 0.8892850238658424}, "datetime": {"datetime": "2024-01-20 13:42:24", "elapsed": 1036.398134, "delta": 0.00165}}
{"target": -10.474299259176332, "params": {"colsample_bytree": 0.3247592585963031, "eta": 0.035625960820564, "gamma": 299.6061542194383, "max_depth": 9.0, "min_child_weight": 4242.057372334672, "num_boost_round": 9.0, "subsample": 0.8892850238658424}, "datetime": {"datetime": "2024-01-20 13:42:24", "elapsed": 1036.400006, "delta": 0.001872}}
{"target": -10.474542230049376, "params": {"colsample_bytree": 0.3247592585963031, "eta": 0.035625960820564, "gamma": 299.6061542194383, "max_depth": 9.0, "min_child_weight": 4242.057372334672, "num_boost_round": 10.0, "subsample": 0.8892850238658424}, "datetime": {"datetime": "2024-01-20 13:42:24", "elapsed": 1036.402267, "delta": 0.002261}}
{"target": -10.474626323583331, "params": {"colsample_bytree": 0.3247592585963031, "eta": 0.035625960820564, "gamma": 299.6061542194383, "max_depth": 9.0, "min_child_weight": 4242.057372334672, "num_boost_round": 11.0, "subsample": 0.8892850238658424}, "datetime": {"datetime": "2024-01-20 13:42:24", "elapsed": 1036.403794, "delta": 0.001527}}
{"target": -10.474656320125469, "params": {"colsample_bytree": 0.3247592585963031, "eta": 0.035625960820564, "gamma": 299.6061542194383, "max_depth": 9.0, "min_child_weight": 4242.057372334672, "num_boost_round": 12.0, "subsample": 0.8892850238658424}, "datetime": {"datetime": "2024-01-20 13:42:24", "elapsed": 1036.405358, "delta": 0.001564}}
{"target": -10.474546379001733, "params": {"colsample_bytree": 0.3247592585963031, "eta": 0.035625960820564, "gamma": 299.6061542194383, "max_depth": 9.0, "min_child_weight": 4242.057372334672, "num_boost_round": 13.0, "subsample": 0.8892850238658424}, "datetime": {"datetime": "2024-01-20 13:42:24", "elapsed": 1036.406871, "delta": 0.001513}}
{"target": -10.47451606906958, "params": {"colsample_bytree": 0.3247592585963031, "eta": 0.035625960820564, "gamma": 299.6061542194383, "max_depth": 9.0, "min_child_weight": 4242.057372334672, "num_boost_round": 14.0, "subsample": 0.8892850238658424}, "datetime": {"datetime": "2024-01-20 13:42:24", "elapsed": 1036.408391, "delta": 0.00152}}
{"target": -10.474514557576512, "params": {"colsample_bytree": 0.3247592585963031, "eta": 0.035625960820564, "gamma": 299.6061542194383, "max_depth": 9.0, "min_child_weight": 4242.057372334672, "num_boost_round": 15.0, "subsample": 0.8892850238658424}, "datetime": {"datetime": "2024-01-20 13:42:24", "elapsed": 1036.410056, "delta": 0.001665}}
{"target": -10.474793511583435, "params": {"colsample_bytree": 0.3247592585963031, "eta": 0.035625960820564, "gamma": 299.6061542194383, "max_depth": 9.0, "min_child_weight": 4242.057372334672, "num_boost_round": 16.0, "subsample": 0.8892850238658424}, "datetime": {"datetime": "2024-01-20 13:42:24", "elapsed": 1036.411655, "delta": 0.001599}}
{"target": -10.475033290570128, "params": {"colsample_bytree": 0.3247592585963031, "eta": 0.035625960820564, "gamma": 299.6061542194383, "max_depth": 9.0, "min_child_weight": 4242.057372334672, "num_boost_round": 17.0, "subsample": 0.8892850238658424}, "datetime": {"datetime": "2024-01-20 13:42:24", "elapsed": 1036.413165, "delta": 0.00151}}
{"target": -10.475196897439043, "params": {"colsample_bytree": 0.3247592585963031, "eta": 0.035625960820564, "gamma": 299.6061542194383, "max_depth": 9.0, "min_child_weight": 4242.057372334672, "num_boost_round": 18.0, "subsample": 0.8892850238658424}, "datetime": {"datetime": "2024-01-20 13:42:24", "elapsed": 1036.414665, "delta": 0.0015}}
{"target": -10.475319524271937, "params": {"colsample_bytree": 0.3247592585963031, "eta": 0.035625960820564, "gamma": 299.6061542194383, "max_depth": 9.0, "min_child_weight": 4242.057372334672, "num_boost_round": 19.0, "subsample": 0.8892850238658424}, "datetime": {"datetime": "2024-01-20 13:42:24", "elapsed": 1036.416202, "delta": 0.001537}}
{"target": -10.475241659322801, "params": {"colsample_bytree": 0.3247592585963031, "eta": 0.035625960820564, "gamma": 299.6061542194383, "max_depth": 9.0, "min_child_weight": 4242.057372334672, "num_boost_round": 20.0, "subsample": 0.8892850238658424}, "datetime": {"datetime": "2024-01-20 13:42:24", "elapsed": 1036.417852, "delta": 0.00165}}
{"target": -10.475532489875755, "params": {"colsample_bytree": 0.3247592585963031, "eta": 0.035625960820564, "gamma": 299.6061542194383, "max_depth": 9.0, "min_child_weight": 4242.057372334672, "num_boost_round": 21.0, "subsample": 0.8892850238658424}, "datetime": {"datetime": "2024-01-20 13:42:24", "elapsed": 1036.419367, "delta": 0.001515}}
{"target": -10.475567161549861, "params": {"colsample_bytree": 0.3247592585963031, "eta": 0.035625960820564, "gamma": 299.6061542194383, "max_depth": 9.0, "min_child_weight": 4242.057372334672, "num_boost_round": 22.0, "subsample": 0.8892850238658424}, "datetime": {"datetime": "2024-01-20 13:42:24", "elapsed": 1036.420901, "delta": 0.001534}}
{"target": -10.475777459312889, "params": {"colsample_bytree": 0.3247592585963031, "eta": 0.035625960820564, "gamma": 299.6061542194383, "max_depth": 9.0, "min_child_weight": 4242.057372334672, "num_boost_round": 23.0, "subsample": 0.8892850238658424}, "datetime": {"datetime": "2024-01-20 13:42:24", "elapsed": 1036.42242, "delta": 0.001519}}
{"target": -10.476022876256492, "params": {"colsample_bytree": 0.3247592585963031, "eta": 0.035625960820564, "gamma": 299.6061542194383, "max_depth": 9.0, "min_child_weight": 4242.057372334672, "num_boost_round": 24.0, "subsample": 0.8892850238658424}, "datetime": {"datetime": "2024-01-20 13:42:24", "elapsed": 1036.423919, "delta": 0.001499}}
{"target": -10.476096335977157, "params": {"colsample_bytree": 0.3247592585963031, "eta": 0.035625960820564, "gamma": 299.6061542194383, "max_depth": 9.0, "min_child_weight": 4242.057372334672, "num_boost_round": 25.0, "subsample": 0.8892850238658424}, "datetime": {"datetime": "2024-01-20 13:42:24", "elapsed": 1036.425431, "delta": 0.001512}}
{"target": -10.476104561907883, "params": {"colsample_bytree": 0.3247592585963031, "eta": 0.035625960820564, "gamma": 299.6061542194383, "max_depth": 9.0, "min_child_weight": 4242.057372334672, "num_boost_round": 26.0, "subsample": 0.8892850238658424}, "datetime": {"datetime": "2024-01-20 13:42:24", "elapsed": 1036.426945, "delta": 0.001514}}
{"target": -10.476312782166575, "params": {"colsample_bytree": 0.3247592585963031, "eta": 0.035625960820564, "gamma": 299.6061542194383, "max_depth": 9.0, "min_child_weight": 4242.057372334672, "num_boost_round": 27.0, "subsample": 0.8892850238658424}, "datetime": {"datetime": "2024-01-20 13:42:24", "elapsed": 1036.428465, "delta": 0.00152}}
{"target": -10.476290542824177, "params": {"colsample_bytree": 0.3247592585963031, "eta": 0.035625960820564, "gamma": 299.6061542194383, "max_depth": 9.0, "min_child_weight": 4242.057372334672, "num_boost_round": 28.0, "subsample": 0.8892850238658424}, "datetime": {"datetime": "2024-01-20 13:42:24", "elapsed": 1036.430029, "delta": 0.001564}}
{"target": -10.476355940196898, "params": {"colsample_bytree": 0.3247592585963031, "eta": 0.035625960820564, "gamma": 299.6061542194383, "max_depth": 9.0, "min_child_weight": 4242.057372334672, "num_boost_round": 29.0, "subsample": 0.8892850238658424}, "datetime": {"datetime": "2024-01-20 13:42:24", "elapsed": 1036.431554, "delta": 0.001525}}
{"target": -10.47643414542037, "params": {"colsample_bytree": 0.3247592585963031, "eta": 0.035625960820564, "gamma": 299.6061542194383, "max_depth": 9.0, "min_child_weight": 4242.057372334672, "num_boost_round": 30.0, "subsample": 0.8892850238658424}, "datetime": {"datetime": "2024-01-20 13:42:24", "elapsed": 1036.433073, "delta": 0.001519}}
{"target": -10.476594770501137, "params": {"colsample_bytree": 0.3247592585963031, "eta": 0.035625960820564, "gamma": 299.6061542194383, "max_depth": 9.0, "min_child_weight": 4242.057372334672, "num_boost_round": 31.0, "subsample": 0.8892850238658424}, "datetime": {"datetime": "2024-01-20 13:42:24", "elapsed": 1036.434593, "delta": 0.00152}}
{"target": -10.476568058083018, "params": {"colsample_bytree": 0.3247592585963031, "eta": 0.035625960820564, "gamma": 299.6061542194383, "max_depth": 9.0, "min_child_weight": 4242.057372334672, "num_boost_round": 32.0, "subsample": 0.8892850238658424}, "datetime": {"datetime": "2024-01-20 13:42:24", "elapsed": 1036.436168, "delta": 0.001575}}
{"target": -10.476657586219943, "params": {"colsample_bytree": 0.3247592585963031, "eta": 0.035625960820564, "gamma": 299.6061542194383, "max_depth": 9.0, "min_child_weight": 4242.057372334672, "num_boost_round": 33.0, "subsample": 0.8892850238658424}, "datetime": {"datetime": "2024-01-20 13:42:24", "elapsed": 1036.43782, "delta": 0.001652}}
{"target": -10.476423632152084, "params": {"colsample_bytree": 0.3247592585963031, "eta": 0.035625960820564, "gamma": 299.6061542194383, "max_depth": 9.0, "min_child_weight": 4242.057372334672, "num_boost_round": 34.0, "subsample": 0.8892850238658424}, "datetime": {"datetime": "2024-01-20 13:42:24", "elapsed": 1036.43935, "delta": 0.00153}}
{"target": -10.476559038092104, "params": {"colsample_bytree": 0.3247592585963031, "eta": 0.035625960820564, "gamma": 299.6061542194383, "max_depth": 9.0, "min_child_weight": 4242.057372334672, "num_boost_round": 35.0, "subsample": 0.8892850238658424}, "datetime": {"datetime": "2024-01-20 13:42:24", "elapsed": 1036.440888, "delta": 0.001538}}
{"target": -10.476698043989144, "params": {"colsample_bytree": 0.3247592585963031, "eta": 0.035625960820564, "gamma": 299.6061542194383, "max_depth": 9.0, "min_child_weight": 4242.057372334672, "num_boost_round": 36.0, "subsample": 0.8892850238658424}, "datetime": {"datetime": "2024-01-20 13:42:24", "elapsed": 1036.442426, "delta": 0.001538}}
{"target": -10.47697215713385, "params": {"colsample_bytree": 0.3247592585963031, "eta": 0.035625960820564, "gamma": 299.6061542194383, "max_depth": 9.0, "min_child_weight": 4242.057372334672, "num_boost_round": 37.0, "subsample": 0.8892850238658424}, "datetime": {"datetime": "2024-01-20 13:42:24", "elapsed": 1036.443957, "delta": 0.001531}}
{"target": -10.47739296073606, "params": {"colsample_bytree": 0.3247592585963031, "eta": 0.035625960820564, "gamma": 299.6061542194383, "max_depth": 9.0, "min_child_weight": 4242.057372334672, "num_boost_round": 38.0, "subsample": 0.8892850238658424}, "datetime": {"datetime": "2024-01-20 13:42:24", "elapsed": 1036.44552, "delta": 0.001563}}
{"target": -10.477508207111185, "params": {"colsample_bytree": 0.3247592585963031, "eta": 0.035625960820564, "gamma": 299.6061542194383, "max_depth": 9.0, "min_child_weight": 4242.057372334672, "num_boost_round": 39.0, "subsample": 0.8892850238658424}, "datetime": {"datetime": "2024-01-20 13:42:24", "elapsed": 1036.447051, "delta": 0.001531}}
{"target": -10.477877565842524, "params": {"colsample_bytree": 0.3247592585963031, "eta": 0.035625960820564, "gamma": 299.6061542194383, "max_depth": 9.0, "min_child_weight": 4242.057372334672, "num_boost_round": 40.0, "subsample": 0.8892850238658424}, "datetime": {"datetime": "2024-01-20 13:42:24", "elapsed": 1036.448592, "delta": 0.001541}}
{"target": -10.478020991787698, "params": {"colsample_bytree": 0.3247592585963031, "eta": 0.035625960820564, "gamma": 299.6061542194383, "max_depth": 9.0, "min_child_weight": 4242.057372334672, "num_boost_round": 41.0, "subsample": 0.8892850238658424}, "datetime": {"datetime": "2024-01-20 13:42:24", "elapsed": 1036.450161, "delta": 0.001569}}
{"target": -10.478089732633187, "params": {"colsample_bytree": 0.3247592585963031, "eta": 0.035625960820564, "gamma": 299.6061542194383, "max_depth": 9.0, "min_child_weight": 4242.057372334672, "num_boost_round": 42.0, "subsample": 0.8892850238658424}, "datetime": {"datetime": "2024-01-20 13:42:24", "elapsed": 1036.451687, "delta": 0.001526}}
{"target": -10.478356829476333, "params": {"colsample_bytree": 0.3247592585963031, "eta": 0.035625960820564, "gamma": 299.6061542194383, "max_depth": 9.0, "min_child_weight": 4242.057372334672, "num_boost_round": 43.0, "subsample": 0.8892850238658424}, "datetime": {"datetime": "2024-01-20 13:42:24", "elapsed": 1036.453221, "delta": 0.001534}}
{"target": -10.474915214866789, "params": {"colsample_bytree": 0.863872060732674, "eta": 0.07999239043536602, "gamma": 379.53256849319905, "max_depth": 8.0, "min_child_weight": 4307.505587562609, "num_boost_round": 1.0, "subsample": 0.5823218377683792}, "datetime": {"datetime": "2024-01-20 13:42:48", "elapsed": 1060.984801, "delta": 24.53158}}
{"target": -10.473944727964989, "params": {"colsample_bytree": 0.863872060732674, "eta": 0.07999239043536602, "gamma": 379.53256849319905, "max_depth": 8.0, "min_child_weight": 4307.505587562609, "num_boost_round": 2.0, "subsample": 0.5823218377683792}, "datetime": {"datetime": "2024-01-20 13:42:48", "elapsed": 1060.986566, "delta": 0.001765}}
{"target": -10.473640825916629, "params": {"colsample_bytree": 0.863872060732674, "eta": 0.07999239043536602, "gamma": 379.53256849319905, "max_depth": 8.0, "min_child_weight": 4307.505587562609, "num_boost_round": 3.0, "subsample": 0.5823218377683792}, "datetime": {"datetime": "2024-01-20 13:42:48", "elapsed": 1060.989871, "delta": 0.003305}}
{"target": -10.473040873532453, "params": {"colsample_bytree": 0.863872060732674, "eta": 0.07999239043536602, "gamma": 379.53256849319905, "max_depth": 8.0, "min_child_weight": 4307.505587562609, "num_boost_round": 4.0, "subsample": 0.5823218377683792}, "datetime": {"datetime": "2024-01-20 13:42:48", "elapsed": 1060.991979, "delta": 0.002108}}
{"target": -10.472865849768471, "params": {"colsample_bytree": 0.863872060732674, "eta": 0.07999239043536602, "gamma": 379.53256849319905, "max_depth": 8.0, "min_child_weight": 4307.505587562609, "num_boost_round": 5.0, "subsample": 0.5823218377683792}, "datetime": {"datetime": "2024-01-20 13:42:48", "elapsed": 1060.993592, "delta": 0.001613}}
