{"target": -15.158771958612467, "params": {"colsample_bytree": 0.3428085415176154, "eta": 0.03817743568174256, "gamma": 495.4645345664196, "max_depth": 2.0, "min_child_weight": 4382.564378055214, "num_boost_round": 21.0, "subsample": 0.3332110549756381}, "datetime": {"datetime": "2024-01-20 14:47:58", "elapsed": 1436.265789, "delta": 0.002339}}
{"target": -15.158748807960405, "params": {"colsample_bytree": 0.3428085415176154, "eta": 0.03817743568174256, "gamma": 495.4645345664196, "max_depth": 2.0, "min_child_weight": 4382.564378055214, "num_boost_round": 22.0, "subsample": 0.3332110549756381}, "datetime": {"datetime": "2024-01-20 14:47:58", "elapsed": 1436.26807, "delta": 0.002281}}
{"target": -15.158773103283952, "params": {"colsample_bytree": 0.3428085415176154, "eta": 0.03817743568174256, "gamma": 495.4645345664196, "max_depth": 2.0, "min_child_weight": 4382.564378055214, "num_boost_round": 23.0, "subsample": 0.3332110549756381}, "datetime": {"datetime": "2024-01-20 14:47:58", "elapsed": 1436.270258, "delta": 0.002188}}
{"target": -15.157634228928497, "params": {"colsample_bytree": 0.3428085415176154, "eta": 0.03817743568174256, "gamma": 495.4645345664196, "max_depth": 2.0, "min_child_weight": 4382.564378055214, "num_boost_round": 24.0, "subsample": 0.3332110549756381}, "datetime": {"datetime": "2024-01-20 14:47:58", "elapsed": 1436.272573, "delta": 0.002315}}
{"target": -15.157728575466013, "params": {"colsample_bytree": 0.3428085415176154, "eta": 0.03817743568174256, "gamma": 495.4645345664196, "max_depth": 2.0, "min_child_weight": 4382.564378055214, "num_boost_round": 25.0, "subsample": 0.3332110549756381}, "datetime": {"datetime": "2024-01-20 14:47:58", "elapsed": 1436.274777, "delta": 0.002204}}
{"target": -15.157516792189341, "params": {"colsample_bytree": 0.3428085415176154, "eta": 0.03817743568174256, "gamma": 495.4645345664196, "max_depth": 2.0, "min_child_weight": 4382.564378055214, "num_boost_round": 26.0, "subsample": 0.3332110549756381}, "datetime": {"datetime": "2024-01-20 14:47:58", "elapsed": 1436.276998, "delta": 0.002221}}
{"target": -15.157108959200233, "params": {"colsample_bytree": 0.3428085415176154, "eta": 0.03817743568174256, "gamma": 495.4645345664196, "max_depth": 2.0, "min_child_weight": 4382.564378055214, "num_boost_round": 27.0, "subsample": 0.3332110549756381}, "datetime": {"datetime": "2024-01-20 14:47:58", "elapsed": 1436.279197, "delta": 0.002199}}
{"target": -15.156662747457489, "params": {"colsample_bytree": 0.3428085415176154, "eta": 0.03817743568174256, "gamma": 495.4645345664196, "max_depth": 2.0, "min_child_weight": 4382.564378055214, "num_boost_round": 28.0, "subsample": 0.3332110549756381}, "datetime": {"datetime": "2024-01-20 14:47:58", "elapsed": 1436.281457, "delta": 0.00226}}
{"target": -15.15609329527343, "params": {"colsample_bytree": 0.3428085415176154, "eta": 0.03817743568174256, "gamma": 495.4645345664196, "max_depth": 2.0, "min_child_weight": 4382.564378055214, "num_boost_round": 29.0, "subsample": 0.3332110549756381}, "datetime": {"datetime": "2024-01-20 14:47:58", "elapsed": 1436.283644, "delta": 0.002187}}
{"target": -15.155411416906617, "params": {"colsample_bytree": 0.3428085415176154, "eta": 0.03817743568174256, "gamma": 495.4645345664196, "max_depth": 2.0, "min_child_weight": 4382.564378055214, "num_boost_round": 30.0, "subsample": 0.3332110549756381}, "datetime": {"datetime": "2024-01-20 14:47:58", "elapsed": 1436.28586, "delta": 0.002216}}
{"target": -15.155557136294178, "params": {"colsample_bytree": 0.3428085415176154, "eta": 0.03817743568174256, "gamma": 495.4645345664196, "max_depth": 2.0, "min_child_weight": 4382.564378055214, "num_boost_round": 31.0, "subsample": 0.3332110549756381}, "datetime": {"datetime": "2024-01-20 14:47:58", "elapsed": 1436.288062, "delta": 0.002202}}
{"target": -15.155362410582608, "params": {"colsample_bytree": 0.3428085415176154, "eta": 0.03817743568174256, "gamma": 495.4645345664196, "max_depth": 2.0, "min_child_weight": 4382.564378055214, "num_boost_round": 32.0, "subsample": 0.3332110549756381}, "datetime": {"datetime": "2024-01-20 14:47:58", "elapsed": 1436.290261, "delta": 0.002199}}
{"target": -15.155268820091012, "params": {"colsample_bytree": 0.3428085415176154, "eta": 0.03817743568174256, "gamma": 495.4645345664196, "max_depth": 2.0, "min_child_weight": 4382.564378055214, "num_boost_round": 33.0, "subsample": 0.3332110549756381}, "datetime": {"datetime": "2024-01-20 14:47:58", "elapsed": 1436.292574, "delta": 0.002313}}
{"target": -15.155429732641913, "params": {"colsample_bytree": 0.3428085415176154, "eta": 0.03817743568174256, "gamma": 495.4645345664196, "max_depth": 2.0, "min_child_weight": 4382.564378055214, "num_boost_round": 34.0, "subsample": 0.3332110549756381}, "datetime": {"datetime": "2024-01-20 14:47:58", "elapsed": 1436.294879, "delta": 0.002305}}
{"target": -15.155355774901647, "params": {"colsample_bytree": 0.3428085415176154, "eta": 0.03817743568174256, "gamma": 495.4645345664196, "max_depth": 2.0, "min_child_weight": 4382.564378055214, "num_boost_round": 35.0, "subsample": 0.3332110549756381}, "datetime": {"datetime": "2024-01-20 14:47:58", "elapsed": 1436.297236, "delta": 0.002357}}
{"target": -15.155570773394604, "params": {"colsample_bytree": 0.3428085415176154, "eta": 0.03817743568174256, "gamma": 495.4645345664196, "max_depth": 2.0, "min_child_weight": 4382.564378055214, "num_boost_round": 36.0, "subsample": 0.3332110549756381}, "datetime": {"datetime": "2024-01-20 14:47:58", "elapsed": 1436.299574, "delta": 0.002338}}
{"target": -15.154743428899366, "params": {"colsample_bytree": 0.3428085415176154, "eta": 0.03817743568174256, "gamma": 495.4645345664196, "max_depth": 2.0, "min_child_weight": 4382.564378055214, "num_boost_round": 37.0, "subsample": 0.3332110549756381}, "datetime": {"datetime": "2024-01-20 14:47:58", "elapsed": 1436.301798, "delta": 0.002224}}
{"target": -15.154679539871982, "params": {"colsample_bytree": 0.3428085415176154, "eta": 0.03817743568174256, "gamma": 495.4645345664196, "max_depth": 2.0, "min_child_weight": 4382.564378055214, "num_boost_round": 38.0, "subsample": 0.3332110549756381}, "datetime": {"datetime": "2024-01-20 14:47:58", "elapsed": 1436.304093, "delta": 0.002295}}
{"target": -15.154763905039427, "params": {"colsample_bytree": 0.3428085415176154, "eta": 0.03817743568174256, "gamma": 495.4645345664196, "max_depth": 2.0, "min_child_weight": 4382.564378055214, "num_boost_round": 39.0, "subsample": 0.3332110549756381}, "datetime": {"datetime": "2024-01-20 14:47:58", "elapsed": 1436.30647, "delta": 0.002377}}
{"target": -15.154736971066722, "params": {"colsample_bytree": 0.3428085415176154, "eta": 0.03817743568174256, "gamma": 495.4645345664196, "max_depth": 2.0, "min_child_weight": 4382.564378055214, "num_boost_round": 40.0, "subsample": 0.3332110549756381}, "datetime": {"datetime": "2024-01-20 14:47:58", "elapsed": 1436.308835, "delta": 0.002365}}
{"target": -15.154787729890398, "params": {"colsample_bytree": 0.3428085415176154, "eta": 0.03817743568174256, "gamma": 495.4645345664196, "max_depth": 2.0, "min_child_weight": 4382.564378055214, "num_boost_round": 41.0, "subsample": 0.3332110549756381}, "datetime": {"datetime": "2024-01-20 14:47:58", "elapsed": 1436.311146, "delta": 0.002311}}
{"target": -15.154693974929952, "params": {"colsample_bytree": 0.3428085415176154, "eta": 0.03817743568174256, "gamma": 495.4645345664196, "max_depth": 2.0, "min_child_weight": 4382.564378055214, "num_boost_round": 42.0, "subsample": 0.3332110549756381}, "datetime": {"datetime": "2024-01-20 14:47:58", "elapsed": 1436.313498, "delta": 0.002352}}
{"target": -15.154666160614294, "params": {"colsample_bytree": 0.3428085415176154, "eta": 0.03817743568174256, "gamma": 495.4645345664196, "max_depth": 2.0, "min_child_weight": 4382.564378055214, "num_boost_round": 43.0, "subsample": 0.3332110549756381}, "datetime": {"datetime": "2024-01-20 14:47:58", "elapsed": 1436.3157, "delta": 0.002202}}
{"target": -15.170883283662864, "params": {"colsample_bytree": 0.22636442304089802, "eta": 0.07221611094502675, "gamma": 426.375985788934, "max_depth": 9.0, "min_child_weight": 4380.586957580239, "num_boost_round": 1.0, "subsample": 0.34793767763767214}, "datetime": {"datetime": "2024-01-20 14:48:29", "elapsed": 1466.844967, "delta": 30.529267}}
{"target": -15.168476477051446, "params": {"colsample_bytree": 0.22636442304089802, "eta": 0.07221611094502675, "gamma": 426.375985788934, "max_depth": 9.0, "min_child_weight": 4380.586957580239, "num_boost_round": 2.0, "subsample": 0.34793767763767214}, "datetime": {"datetime": "2024-01-20 14:48:29", "elapsed": 1466.848281, "delta": 0.003314}}
{"target": -15.16623990939959, "params": {"colsample_bytree": 0.22636442304089802, "eta": 0.07221611094502675, "gamma": 426.375985788934, "max_depth": 9.0, "min_child_weight": 4380.586957580239, "num_boost_round": 3.0, "subsample": 0.34793767763767214}, "datetime": {"datetime": "2024-01-20 14:48:29", "elapsed": 1466.85067, "delta": 0.002389}}
{"target": -15.166334813003216, "params": {"colsample_bytree": 0.22636442304089802, "eta": 0.07221611094502675, "gamma": 426.375985788934, "max_depth": 9.0, "min_child_weight": 4380.586957580239, "num_boost_round": 4.0, "subsample": 0.34793767763767214}, "datetime": {"datetime": "2024-01-20 14:48:29", "elapsed": 1466.853162, "delta": 0.002492}}
{"target": -15.163878306820976, "params": {"colsample_bytree": 0.22636442304089802, "eta": 0.07221611094502675, "gamma": 426.375985788934, "max_depth": 9.0, "min_child_weight": 4380.586957580239, "num_boost_round": 5.0, "subsample": 0.34793767763767214}, "datetime": {"datetime": "2024-01-20 14:48:29", "elapsed": 1466.855459, "delta": 0.002297}}
{"target": -15.162219259264393, "params": {"colsample_bytree": 0.22636442304089802, "eta": 0.07221611094502675, "gamma": 426.375985788934, "max_depth": 9.0, "min_child_weight": 4380.586957580239, "num_boost_round": 6.0, "subsample": 0.34793767763767214}, "datetime": {"datetime": "2024-01-20 14:48:29", "elapsed": 1466.857746, "delta": 0.002287}}
{"target": -15.160820589618817, "params": {"colsample_bytree": 0.22636442304089802, "eta": 0.07221611094502675, "gamma": 426.375985788934, "max_depth": 9.0, "min_child_weight": 4380.586957580239, "num_boost_round": 7.0, "subsample": 0.34793767763767214}, "datetime": {"datetime": "2024-01-20 14:48:29", "elapsed": 1466.86008, "delta": 0.002334}}
{"target": -15.158169828675986, "params": {"colsample_bytree": 0.22636442304089802, "eta": 0.07221611094502675, "gamma": 426.375985788934, "max_depth": 9.0, "min_child_weight": 4380.586957580239, "num_boost_round": 8.0, "subsample": 0.34793767763767214}, "datetime": {"datetime": "2024-01-20 14:48:29", "elapsed": 1466.862345, "delta": 0.002265}}
{"target": -15.158290632706114, "params": {"colsample_bytree": 0.22636442304089802, "eta": 0.07221611094502675, "gamma": 426.375985788934, "max_depth": 9.0, "min_child_weight": 4380.586957580239, "num_boost_round": 9.0, "subsample": 0.34793767763767214}, "datetime": {"datetime": "2024-01-20 14:48:29", "elapsed": 1466.864561, "delta": 0.002216}}
{"target": -15.157595985125091, "params": {"colsample_bytree": 0.22636442304089802, "eta": 0.07221611094502675, "gamma": 426.375985788934, "max_depth": 9.0, "min_child_weight": 4380.586957580239, "num_boost_round": 10.0, "subsample": 0.34793767763767214}, "datetime": {"datetime": "2024-01-20 14:48:29", "elapsed": 1466.866795, "delta": 0.002234}}
{"target": -15.157574434703887, "params": {"colsample_bytree": 0.22636442304089802, "eta": 0.07221611094502675, "gamma": 426.375985788934, "max_depth": 9.0, "min_child_weight": 4380.586957580239, "num_boost_round": 11.0, "subsample": 0.34793767763767214}, "datetime": {"datetime": "2024-01-20 14:48:29", "elapsed": 1466.869013, "delta": 0.002218}}
{"target": -15.170488840693483, "params": {"colsample_bytree": 0.728677918159061, "eta": 0.08623707384152658, "gamma": 587.3600753087911, "max_depth": 9.0, "min_child_weight": 4202.663723506909, "num_boost_round": 1.0, "subsample": 0.13917133061029027}, "datetime": {"datetime": "2024-01-20 14:49:04", "elapsed": 1502.263151, "delta": 35.394138}}
{"target": -15.168410546127205, "params": {"colsample_bytree": 0.728677918159061, "eta": 0.08623707384152658, "gamma": 587.3600753087911, "max_depth": 9.0, "min_child_weight": 4202.663723506909, "num_boost_round": 2.0, "subsample": 0.13917133061029027}, "datetime": {"datetime": "2024-01-20 14:49:04", "elapsed": 1502.2667, "delta": 0.003549}}
{"target": -15.166186799036375, "params": {"colsample_bytree": 0.728677918159061, "eta": 0.08623707384152658, "gamma": 587.3600753087911, "max_depth": 9.0, "min_child_weight": 4202.663723506909, "num_boost_round": 3.0, "subsample": 0.13917133061029027}, "datetime": {"datetime": "2024-01-20 14:49:04", "elapsed": 1502.269275, "delta": 0.002575}}
{"target": -15.164963481895395, "params": {"colsample_bytree": 0.728677918159061, "eta": 0.08623707384152658, "gamma": 587.3600753087911, "max_depth": 9.0, "min_child_weight": 4202.663723506909, "num_boost_round": 4.0, "subsample": 0.13917133061029027}, "datetime": {"datetime": "2024-01-20 14:49:04", "elapsed": 1502.271738, "delta": 0.002463}}
{"target": -15.162126980273488, "params": {"colsample_bytree": 0.728677918159061, "eta": 0.08623707384152658, "gamma": 587.3600753087911, "max_depth": 9.0, "min_child_weight": 4202.663723506909, "num_boost_round": 5.0, "subsample": 0.13917133061029027}, "datetime": {"datetime": "2024-01-20 14:49:04", "elapsed": 1502.274077, "delta": 0.002339}}
{"target": -15.160301607216027, "params": {"colsample_bytree": 0.728677918159061, "eta": 0.08623707384152658, "gamma": 587.3600753087911, "max_depth": 9.0, "min_child_weight": 4202.663723506909, "num_boost_round": 6.0, "subsample": 0.13917133061029027}, "datetime": {"datetime": "2024-01-20 14:49:04", "elapsed": 1502.276371, "delta": 0.002294}}
{"target": -15.159413751149202, "params": {"colsample_bytree": 0.728677918159061, "eta": 0.08623707384152658, "gamma": 587.3600753087911, "max_depth": 9.0, "min_child_weight": 4202.663723506909, "num_boost_round": 7.0, "subsample": 0.13917133061029027}, "datetime": {"datetime": "2024-01-20 14:49:04", "elapsed": 1502.278635, "delta": 0.002264}}
{"target": -15.157604615806763, "params": {"colsample_bytree": 0.728677918159061, "eta": 0.08623707384152658, "gamma": 587.3600753087911, "max_depth": 9.0, "min_child_weight": 4202.663723506909, "num_boost_round": 8.0, "subsample": 0.13917133061029027}, "datetime": {"datetime": "2024-01-20 14:49:04", "elapsed": 1502.280975, "delta": 0.00234}}
{"target": -15.157912035422765, "params": {"colsample_bytree": 0.728677918159061, "eta": 0.08623707384152658, "gamma": 587.3600753087911, "max_depth": 9.0, "min_child_weight": 4202.663723506909, "num_boost_round": 9.0, "subsample": 0.13917133061029027}, "datetime": {"datetime": "2024-01-20 14:49:04", "elapsed": 1502.283274, "delta": 0.002299}}
{"target": -15.156910297735243, "params": {"colsample_bytree": 0.728677918159061, "eta": 0.08623707384152658, "gamma": 587.3600753087911, "max_depth": 9.0, "min_child_weight": 4202.663723506909, "num_boost_round": 10.0, "subsample": 0.13917133061029027}, "datetime": {"datetime": "2024-01-20 14:49:04", "elapsed": 1502.285511, "delta": 0.002237}}
{"target": -15.156882099560931, "params": {"colsample_bytree": 0.728677918159061, "eta": 0.08623707384152658, "gamma": 587.3600753087911, "max_depth": 9.0, "min_child_weight": 4202.663723506909, "num_boost_round": 11.0, "subsample": 0.13917133061029027}, "datetime": {"datetime": "2024-01-20 14:49:04", "elapsed": 1502.287768, "delta": 0.002257}}
{"target": -15.15640574307567, "params": {"colsample_bytree": 0.728677918159061, "eta": 0.08623707384152658, "gamma": 587.3600753087911, "max_depth": 9.0, "min_child_weight": 4202.663723506909, "num_boost_round": 12.0, "subsample": 0.13917133061029027}, "datetime": {"datetime": "2024-01-20 14:49:04", "elapsed": 1502.289996, "delta": 0.002228}}
{"target": -15.156675131700986, "params": {"colsample_bytree": 0.728677918159061, "eta": 0.08623707384152658, "gamma": 587.3600753087911, "max_depth": 9.0, "min_child_weight": 4202.663723506909, "num_boost_round": 13.0, "subsample": 0.13917133061029027}, "datetime": {"datetime": "2024-01-20 14:49:04", "elapsed": 1502.292506, "delta": 0.00251}}
{"target": -15.156534242443257, "params": {"colsample_bytree": 0.728677918159061, "eta": 0.08623707384152658, "gamma": 587.3600753087911, "max_depth": 9.0, "min_child_weight": 4202.663723506909, "num_boost_round": 14.0, "subsample": 0.13917133061029027}, "datetime": {"datetime": "2024-01-20 14:49:04", "elapsed": 1502.294922, "delta": 0.002416}}
{"target": -15.156584340368902, "params": {"colsample_bytree": 0.728677918159061, "eta": 0.08623707384152658, "gamma": 587.3600753087911, "max_depth": 9.0, "min_child_weight": 4202.663723506909, "num_boost_round": 15.0, "subsample": 0.13917133061029027}, "datetime": {"datetime": "2024-01-20 14:49:04", "elapsed": 1502.297136, "delta": 0.002214}}
{"target": -15.15704036693487, "params": {"colsample_bytree": 0.728677918159061, "eta": 0.08623707384152658, "gamma": 587.3600753087911, "max_depth": 9.0, "min_child_weight": 4202.663723506909, "num_boost_round": 16.0, "subsample": 0.13917133061029027}, "datetime": {"datetime": "2024-01-20 14:49:04", "elapsed": 1502.29933, "delta": 0.002194}}
{"target": -15.157015248609227, "params": {"colsample_bytree": 0.728677918159061, "eta": 0.08623707384152658, "gamma": 587.3600753087911, "max_depth": 9.0, "min_child_weight": 4202.663723506909, "num_boost_round": 17.0, "subsample": 0.13917133061029027}, "datetime": {"datetime": "2024-01-20 14:49:04", "elapsed": 1502.301627, "delta": 0.002297}}
{"target": -15.156905728708846, "params": {"colsample_bytree": 0.728677918159061, "eta": 0.08623707384152658, "gamma": 587.3600753087911, "max_depth": 9.0, "min_child_weight": 4202.663723506909, "num_boost_round": 18.0, "subsample": 0.13917133061029027}, "datetime": {"datetime": "2024-01-20 14:49:04", "elapsed": 1502.303886, "delta": 0.002259}}
{"target": -15.156981097685065, "params": {"colsample_bytree": 0.728677918159061, "eta": 0.08623707384152658, "gamma": 587.3600753087911, "max_depth": 9.0, "min_child_weight": 4202.663723506909, "num_boost_round": 19.0, "subsample": 0.13917133061029027}, "datetime": {"datetime": "2024-01-20 14:49:04", "elapsed": 1502.306089, "delta": 0.002203}}
{"target": -15.157000094988884, "params": {"colsample_bytree": 0.728677918159061, "eta": 0.08623707384152658, "gamma": 587.3600753087911, "max_depth": 9.0, "min_child_weight": 4202.663723506909, "num_boost_round": 20.0, "subsample": 0.13917133061029027}, "datetime": {"datetime": "2024-01-20 14:49:04", "elapsed": 1502.308301, "delta": 0.002212}}
{"target": -15.15630279474036, "params": {"colsample_bytree": 0.728677918159061, "eta": 0.08623707384152658, "gamma": 587.3600753087911, "max_depth": 9.0, "min_child_weight": 4202.663723506909, "num_boost_round": 21.0, "subsample": 0.13917133061029027}, "datetime": {"datetime": "2024-01-20 14:49:04", "elapsed": 1502.310512, "delta": 0.002211}}
{"target": -15.156044809423918, "params": {"colsample_bytree": 0.728677918159061, "eta": 0.08623707384152658, "gamma": 587.3600753087911, "max_depth": 9.0, "min_child_weight": 4202.663723506909, "num_boost_round": 22.0, "subsample": 0.13917133061029027}, "datetime": {"datetime": "2024-01-20 14:49:04", "elapsed": 1502.312854, "delta": 0.002342}}
{"target": -15.156190672335388, "params": {"colsample_bytree": 0.728677918159061, "eta": 0.08623707384152658, "gamma": 587.3600753087911, "max_depth": 9.0, "min_child_weight": 4202.663723506909, "num_boost_round": 23.0, "subsample": 0.13917133061029027}, "datetime": {"datetime": "2024-01-20 14:49:04", "elapsed": 1502.315108, "delta": 0.002254}}
{"target": -15.15601032423097, "params": {"colsample_bytree": 0.728677918159061, "eta": 0.08623707384152658, "gamma": 587.3600753087911, "max_depth": 9.0, "min_child_weight": 4202.663723506909, "num_boost_round": 24.0, "subsample": 0.13917133061029027}, "datetime": {"datetime": "2024-01-20 14:49:04", "elapsed": 1502.317343, "delta": 0.002235}}
{"target": -15.156121061179377, "params": {"colsample_bytree": 0.728677918159061, "eta": 0.08623707384152658, "gamma": 587.3600753087911, "max_depth": 9.0, "min_child_weight": 4202.663723506909, "num_boost_round": 25.0, "subsample": 0.13917133061029027}, "datetime": {"datetime": "2024-01-20 14:49:04", "elapsed": 1502.319594, "delta": 0.002251}}
{"target": -15.170483888784588, "params": {"colsample_bytree": 0.8633840070048907, "eta": 0.09053983807562725, "gamma": 418.5284926797868, "max_depth": 2.0, "min_child_weight": 4401.826310829225, "num_boost_round": 1.0, "subsample": 0.2953285299882119}, "datetime": {"datetime": "2024-01-20 14:49:38", "elapsed": 1535.654188, "delta": 33.334594}}
{"target": -15.168812761636676, "params": {"colsample_bytree": 0.8633840070048907, "eta": 0.09053983807562725, "gamma": 418.5284926797868, "max_depth": 2.0, "min_child_weight": 4401.826310829225, "num_boost_round": 2.0, "subsample": 0.2953285299882119}, "datetime": {"datetime": "2024-01-20 14:49:38", "elapsed": 1535.656585, "delta": 0.002397}}
{"target": -15.164593934694572, "params": {"colsample_bytree": 0.8633840070048907, "eta": 0.09053983807562725, "gamma": 418.5284926797868, "max_depth": 2.0, "min_child_weight": 4401.826310829225, "num_boost_round": 3.0, "subsample": 0.2953285299882119}, "datetime": {"datetime": "2024-01-20 14:49:38", "elapsed": 1535.660202, "delta": 0.003617}}
{"target": -15.164060645825984, "params": {"colsample_bytree": 0.8633840070048907, "eta": 0.09053983807562725, "gamma": 418.5284926797868, "max_depth": 2.0, "min_child_weight": 4401.826310829225, "num_boost_round": 4.0, "subsample": 0.2953285299882119}, "datetime": {"datetime": "2024-01-20 14:49:38", "elapsed": 1535.662944, "delta": 0.002742}}
