{"target": -13.494457137388537, "params": {"colsample_bytree": 0.3771592140075569, "eta": 0.05810490047785509, "gamma": 531.4430173518077, "max_depth": 5.0, "min_child_weight": 3891.9968543532523, "num_boost_round": 21.0, "subsample": 0.26651269787146303}, "datetime": {"datetime": "2024-01-20 14:37:09", "elapsed": 783.056307, "delta": 0.001312}}
{"target": -13.49439142567271, "params": {"colsample_bytree": 0.3771592140075569, "eta": 0.05810490047785509, "gamma": 531.4430173518077, "max_depth": 5.0, "min_child_weight": 3891.9968543532523, "num_boost_round": 22.0, "subsample": 0.26651269787146303}, "datetime": {"datetime": "2024-01-20 14:37:09", "elapsed": 783.057567, "delta": 0.00126}}
{"target": -13.494218251885334, "params": {"colsample_bytree": 0.3771592140075569, "eta": 0.05810490047785509, "gamma": 531.4430173518077, "max_depth": 5.0, "min_child_weight": 3891.9968543532523, "num_boost_round": 23.0, "subsample": 0.26651269787146303}, "datetime": {"datetime": "2024-01-20 14:37:09", "elapsed": 783.058825, "delta": 0.001258}}
{"target": -13.494182991369119, "params": {"colsample_bytree": 0.3771592140075569, "eta": 0.05810490047785509, "gamma": 531.4430173518077, "max_depth": 5.0, "min_child_weight": 3891.9968543532523, "num_boost_round": 24.0, "subsample": 0.26651269787146303}, "datetime": {"datetime": "2024-01-20 14:37:09", "elapsed": 783.060093, "delta": 0.001268}}
{"target": -13.497611125062194, "params": {"colsample_bytree": 0.8871346577461225, "eta": 0.07740225208047634, "gamma": 501.3319230167343, "max_depth": 8.0, "min_child_weight": 3867.593787131368, "num_boost_round": 1.0, "subsample": 0.8215965538093087}, "datetime": {"datetime": "2024-01-20 14:37:50", "elapsed": 823.87094, "delta": 40.810847}}
{"target": -13.497676247307252, "params": {"colsample_bytree": 0.8871346577461225, "eta": 0.07740225208047634, "gamma": 501.3319230167343, "max_depth": 8.0, "min_child_weight": 3867.593787131368, "num_boost_round": 2.0, "subsample": 0.8215965538093087}, "datetime": {"datetime": "2024-01-20 14:37:50", "elapsed": 823.873766, "delta": 0.002826}}
{"target": -13.498168338322728, "params": {"colsample_bytree": 0.8871346577461225, "eta": 0.07740225208047634, "gamma": 501.3319230167343, "max_depth": 8.0, "min_child_weight": 3867.593787131368, "num_boost_round": 3.0, "subsample": 0.8215965538093087}, "datetime": {"datetime": "2024-01-20 14:37:50", "elapsed": 823.875229, "delta": 0.001463}}
{"target": -13.498361091162788, "params": {"colsample_bytree": 0.8871346577461225, "eta": 0.07740225208047634, "gamma": 501.3319230167343, "max_depth": 8.0, "min_child_weight": 3867.593787131368, "num_boost_round": 4.0, "subsample": 0.8215965538093087}, "datetime": {"datetime": "2024-01-20 14:37:50", "elapsed": 823.876524, "delta": 0.001295}}
{"target": -13.498722313933309, "params": {"colsample_bytree": 0.8871346577461225, "eta": 0.07740225208047634, "gamma": 501.3319230167343, "max_depth": 8.0, "min_child_weight": 3867.593787131368, "num_boost_round": 5.0, "subsample": 0.8215965538093087}, "datetime": {"datetime": "2024-01-20 14:37:50", "elapsed": 823.878142, "delta": 0.001618}}
{"target": -13.499238468509425, "params": {"colsample_bytree": 0.8871346577461225, "eta": 0.07740225208047634, "gamma": 501.3319230167343, "max_depth": 8.0, "min_child_weight": 3867.593787131368, "num_boost_round": 6.0, "subsample": 0.8215965538093087}, "datetime": {"datetime": "2024-01-20 14:37:50", "elapsed": 823.879606, "delta": 0.001464}}
{"target": -13.499814371694999, "params": {"colsample_bytree": 0.8871346577461225, "eta": 0.07740225208047634, "gamma": 501.3319230167343, "max_depth": 8.0, "min_child_weight": 3867.593787131368, "num_boost_round": 7.0, "subsample": 0.8215965538093087}, "datetime": {"datetime": "2024-01-20 14:37:50", "elapsed": 823.880926, "delta": 0.00132}}
{"target": -13.500332519243566, "params": {"colsample_bytree": 0.8871346577461225, "eta": 0.07740225208047634, "gamma": 501.3319230167343, "max_depth": 8.0, "min_child_weight": 3867.593787131368, "num_boost_round": 8.0, "subsample": 0.8215965538093087}, "datetime": {"datetime": "2024-01-20 14:37:50", "elapsed": 823.882232, "delta": 0.001306}}
{"target": -13.500892850114159, "params": {"colsample_bytree": 0.8871346577461225, "eta": 0.07740225208047634, "gamma": 501.3319230167343, "max_depth": 8.0, "min_child_weight": 3867.593787131368, "num_boost_round": 9.0, "subsample": 0.8215965538093087}, "datetime": {"datetime": "2024-01-20 14:37:50", "elapsed": 823.883523, "delta": 0.001291}}
{"target": -13.501840336181232, "params": {"colsample_bytree": 0.8871346577461225, "eta": 0.07740225208047634, "gamma": 501.3319230167343, "max_depth": 8.0, "min_child_weight": 3867.593787131368, "num_boost_round": 10.0, "subsample": 0.8215965538093087}, "datetime": {"datetime": "2024-01-20 14:37:50", "elapsed": 823.884815, "delta": 0.001292}}
{"target": -13.502815499858249, "params": {"colsample_bytree": 0.8871346577461225, "eta": 0.07740225208047634, "gamma": 501.3319230167343, "max_depth": 8.0, "min_child_weight": 3867.593787131368, "num_boost_round": 11.0, "subsample": 0.8215965538093087}, "datetime": {"datetime": "2024-01-20 14:37:50", "elapsed": 823.886133, "delta": 0.001318}}
{"target": -13.50380674116396, "params": {"colsample_bytree": 0.8871346577461225, "eta": 0.07740225208047634, "gamma": 501.3319230167343, "max_depth": 8.0, "min_child_weight": 3867.593787131368, "num_boost_round": 12.0, "subsample": 0.8215965538093087}, "datetime": {"datetime": "2024-01-20 14:37:50", "elapsed": 823.887422, "delta": 0.001289}}
{"target": -13.504517544247618, "params": {"colsample_bytree": 0.8871346577461225, "eta": 0.07740225208047634, "gamma": 501.3319230167343, "max_depth": 8.0, "min_child_weight": 3867.593787131368, "num_boost_round": 13.0, "subsample": 0.8215965538093087}, "datetime": {"datetime": "2024-01-20 14:37:50", "elapsed": 823.888725, "delta": 0.001303}}
{"target": -13.504640681884334, "params": {"colsample_bytree": 0.8871346577461225, "eta": 0.07740225208047634, "gamma": 501.3319230167343, "max_depth": 8.0, "min_child_weight": 3867.593787131368, "num_boost_round": 14.0, "subsample": 0.8215965538093087}, "datetime": {"datetime": "2024-01-20 14:37:50", "elapsed": 823.890022, "delta": 0.001297}}
{"target": -13.505265424419303, "params": {"colsample_bytree": 0.8871346577461225, "eta": 0.07740225208047634, "gamma": 501.3319230167343, "max_depth": 8.0, "min_child_weight": 3867.593787131368, "num_boost_round": 15.0, "subsample": 0.8215965538093087}, "datetime": {"datetime": "2024-01-20 14:37:50", "elapsed": 823.891308, "delta": 0.001286}}
{"target": -13.506225733228113, "params": {"colsample_bytree": 0.8871346577461225, "eta": 0.07740225208047634, "gamma": 501.3319230167343, "max_depth": 8.0, "min_child_weight": 3867.593787131368, "num_boost_round": 16.0, "subsample": 0.8215965538093087}, "datetime": {"datetime": "2024-01-20 14:37:50", "elapsed": 823.89273, "delta": 0.001422}}
{"target": -13.506723440892102, "params": {"colsample_bytree": 0.8871346577461225, "eta": 0.07740225208047634, "gamma": 501.3319230167343, "max_depth": 8.0, "min_child_weight": 3867.593787131368, "num_boost_round": 17.0, "subsample": 0.8215965538093087}, "datetime": {"datetime": "2024-01-20 14:37:50", "elapsed": 823.894038, "delta": 0.001308}}
{"target": -13.507496196613715, "params": {"colsample_bytree": 0.8871346577461225, "eta": 0.07740225208047634, "gamma": 501.3319230167343, "max_depth": 8.0, "min_child_weight": 3867.593787131368, "num_boost_round": 18.0, "subsample": 0.8215965538093087}, "datetime": {"datetime": "2024-01-20 14:37:50", "elapsed": 823.895369, "delta": 0.001331}}
{"target": -13.507566832107491, "params": {"colsample_bytree": 0.8871346577461225, "eta": 0.07740225208047634, "gamma": 501.3319230167343, "max_depth": 8.0, "min_child_weight": 3867.593787131368, "num_boost_round": 19.0, "subsample": 0.8215965538093087}, "datetime": {"datetime": "2024-01-20 14:37:50", "elapsed": 823.896657, "delta": 0.001288}}
{"target": -13.508217285916114, "params": {"colsample_bytree": 0.8871346577461225, "eta": 0.07740225208047634, "gamma": 501.3319230167343, "max_depth": 8.0, "min_child_weight": 3867.593787131368, "num_boost_round": 20.0, "subsample": 0.8215965538093087}, "datetime": {"datetime": "2024-01-20 14:37:50", "elapsed": 823.897959, "delta": 0.001302}}
{"target": -13.508795674581965, "params": {"colsample_bytree": 0.8871346577461225, "eta": 0.07740225208047634, "gamma": 501.3319230167343, "max_depth": 8.0, "min_child_weight": 3867.593787131368, "num_boost_round": 21.0, "subsample": 0.8215965538093087}, "datetime": {"datetime": "2024-01-20 14:37:50", "elapsed": 823.899255, "delta": 0.001296}}
{"target": -13.509103343636376, "params": {"colsample_bytree": 0.8871346577461225, "eta": 0.07740225208047634, "gamma": 501.3319230167343, "max_depth": 8.0, "min_child_weight": 3867.593787131368, "num_boost_round": 22.0, "subsample": 0.8215965538093087}, "datetime": {"datetime": "2024-01-20 14:37:50", "elapsed": 823.900554, "delta": 0.001299}}
{"target": -13.509601955077319, "params": {"colsample_bytree": 0.8871346577461225, "eta": 0.07740225208047634, "gamma": 501.3319230167343, "max_depth": 8.0, "min_child_weight": 3867.593787131368, "num_boost_round": 23.0, "subsample": 0.8215965538093087}, "datetime": {"datetime": "2024-01-20 14:37:50", "elapsed": 823.901858, "delta": 0.001304}}
{"target": -13.509787347006469, "params": {"colsample_bytree": 0.8871346577461225, "eta": 0.07740225208047634, "gamma": 501.3319230167343, "max_depth": 8.0, "min_child_weight": 3867.593787131368, "num_boost_round": 24.0, "subsample": 0.8215965538093087}, "datetime": {"datetime": "2024-01-20 14:37:50", "elapsed": 823.903158, "delta": 0.0013}}
{"target": -13.509890697409709, "params": {"colsample_bytree": 0.8871346577461225, "eta": 0.07740225208047634, "gamma": 501.3319230167343, "max_depth": 8.0, "min_child_weight": 3867.593787131368, "num_boost_round": 25.0, "subsample": 0.8215965538093087}, "datetime": {"datetime": "2024-01-20 14:37:50", "elapsed": 823.904452, "delta": 0.001294}}
{"target": -13.510242026032392, "params": {"colsample_bytree": 0.8871346577461225, "eta": 0.07740225208047634, "gamma": 501.3319230167343, "max_depth": 8.0, "min_child_weight": 3867.593787131368, "num_boost_round": 26.0, "subsample": 0.8215965538093087}, "datetime": {"datetime": "2024-01-20 14:37:50", "elapsed": 823.905751, "delta": 0.001299}}
{"target": -13.51035167880481, "params": {"colsample_bytree": 0.8871346577461225, "eta": 0.07740225208047634, "gamma": 501.3319230167343, "max_depth": 8.0, "min_child_weight": 3867.593787131368, "num_boost_round": 27.0, "subsample": 0.8215965538093087}, "datetime": {"datetime": "2024-01-20 14:37:50", "elapsed": 823.907058, "delta": 0.001307}}
{"target": -13.510922762938076, "params": {"colsample_bytree": 0.8871346577461225, "eta": 0.07740225208047634, "gamma": 501.3319230167343, "max_depth": 8.0, "min_child_weight": 3867.593787131368, "num_boost_round": 28.0, "subsample": 0.8215965538093087}, "datetime": {"datetime": "2024-01-20 14:37:50", "elapsed": 823.908357, "delta": 0.001299}}
{"target": -13.511307549932269, "params": {"colsample_bytree": 0.8871346577461225, "eta": 0.07740225208047634, "gamma": 501.3319230167343, "max_depth": 8.0, "min_child_weight": 3867.593787131368, "num_boost_round": 29.0, "subsample": 0.8215965538093087}, "datetime": {"datetime": "2024-01-20 14:37:50", "elapsed": 823.909665, "delta": 0.001308}}
{"target": -13.511569713092287, "params": {"colsample_bytree": 0.8871346577461225, "eta": 0.07740225208047634, "gamma": 501.3319230167343, "max_depth": 8.0, "min_child_weight": 3867.593787131368, "num_boost_round": 30.0, "subsample": 0.8215965538093087}, "datetime": {"datetime": "2024-01-20 14:37:50", "elapsed": 823.910976, "delta": 0.001311}}
{"target": -13.511975150361785, "params": {"colsample_bytree": 0.8871346577461225, "eta": 0.07740225208047634, "gamma": 501.3319230167343, "max_depth": 8.0, "min_child_weight": 3867.593787131368, "num_boost_round": 31.0, "subsample": 0.8215965538093087}, "datetime": {"datetime": "2024-01-20 14:37:50", "elapsed": 823.912383, "delta": 0.001407}}
{"target": -13.512033547866853, "params": {"colsample_bytree": 0.8871346577461225, "eta": 0.07740225208047634, "gamma": 501.3319230167343, "max_depth": 8.0, "min_child_weight": 3867.593787131368, "num_boost_round": 32.0, "subsample": 0.8215965538093087}, "datetime": {"datetime": "2024-01-20 14:37:50", "elapsed": 823.913704, "delta": 0.001321}}
{"target": -13.512606559252264, "params": {"colsample_bytree": 0.8871346577461225, "eta": 0.07740225208047634, "gamma": 501.3319230167343, "max_depth": 8.0, "min_child_weight": 3867.593787131368, "num_boost_round": 33.0, "subsample": 0.8215965538093087}, "datetime": {"datetime": "2024-01-20 14:37:50", "elapsed": 823.915361, "delta": 0.001657}}
{"target": -13.513287335752079, "params": {"colsample_bytree": 0.8871346577461225, "eta": 0.07740225208047634, "gamma": 501.3319230167343, "max_depth": 8.0, "min_child_weight": 3867.593787131368, "num_boost_round": 34.0, "subsample": 0.8215965538093087}, "datetime": {"datetime": "2024-01-20 14:37:50", "elapsed": 823.916755, "delta": 0.001394}}
{"target": -13.513610817276675, "params": {"colsample_bytree": 0.8871346577461225, "eta": 0.07740225208047634, "gamma": 501.3319230167343, "max_depth": 8.0, "min_child_weight": 3867.593787131368, "num_boost_round": 35.0, "subsample": 0.8215965538093087}, "datetime": {"datetime": "2024-01-20 14:37:50", "elapsed": 823.91808, "delta": 0.001325}}
{"target": -13.51386925926928, "params": {"colsample_bytree": 0.8871346577461225, "eta": 0.07740225208047634, "gamma": 501.3319230167343, "max_depth": 8.0, "min_child_weight": 3867.593787131368, "num_boost_round": 36.0, "subsample": 0.8215965538093087}, "datetime": {"datetime": "2024-01-20 14:37:50", "elapsed": 823.919404, "delta": 0.001324}}
{"target": -13.513963322022805, "params": {"colsample_bytree": 0.8871346577461225, "eta": 0.07740225208047634, "gamma": 501.3319230167343, "max_depth": 8.0, "min_child_weight": 3867.593787131368, "num_boost_round": 37.0, "subsample": 0.8215965538093087}, "datetime": {"datetime": "2024-01-20 14:37:50", "elapsed": 823.920708, "delta": 0.001304}}
{"target": -13.514299985447781, "params": {"colsample_bytree": 0.8871346577461225, "eta": 0.07740225208047634, "gamma": 501.3319230167343, "max_depth": 8.0, "min_child_weight": 3867.593787131368, "num_boost_round": 38.0, "subsample": 0.8215965538093087}, "datetime": {"datetime": "2024-01-20 14:37:50", "elapsed": 823.922251, "delta": 0.001543}}
{"target": -13.514776164831591, "params": {"colsample_bytree": 0.8871346577461225, "eta": 0.07740225208047634, "gamma": 501.3319230167343, "max_depth": 8.0, "min_child_weight": 3867.593787131368, "num_boost_round": 39.0, "subsample": 0.8215965538093087}, "datetime": {"datetime": "2024-01-20 14:37:50", "elapsed": 823.924212, "delta": 0.001961}}
{"target": -13.515115469899445, "params": {"colsample_bytree": 0.8871346577461225, "eta": 0.07740225208047634, "gamma": 501.3319230167343, "max_depth": 8.0, "min_child_weight": 3867.593787131368, "num_boost_round": 40.0, "subsample": 0.8215965538093087}, "datetime": {"datetime": "2024-01-20 14:37:50", "elapsed": 823.925958, "delta": 0.001746}}
{"target": -13.515300626648653, "params": {"colsample_bytree": 0.8871346577461225, "eta": 0.07740225208047634, "gamma": 501.3319230167343, "max_depth": 8.0, "min_child_weight": 3867.593787131368, "num_boost_round": 41.0, "subsample": 0.8215965538093087}, "datetime": {"datetime": "2024-01-20 14:37:50", "elapsed": 823.927793, "delta": 0.001835}}
{"target": -13.497833870107687, "params": {"colsample_bytree": 0.5236382524792405, "eta": 0.02027385744509107, "gamma": 554.5954671771061, "max_depth": 4.0, "min_child_weight": 3887.7021154490453, "num_boost_round": 1.0, "subsample": 0.3383924809480706}, "datetime": {"datetime": "2024-01-20 14:38:23", "elapsed": 856.709578, "delta": 32.781785}}
{"target": -13.497683897894289, "params": {"colsample_bytree": 0.5236382524792405, "eta": 0.02027385744509107, "gamma": 554.5954671771061, "max_depth": 4.0, "min_child_weight": 3887.7021154490453, "num_boost_round": 2.0, "subsample": 0.3383924809480706}, "datetime": {"datetime": "2024-01-20 14:38:23", "elapsed": 856.711939, "delta": 0.002361}}
{"target": -13.497530092086752, "params": {"colsample_bytree": 0.5236382524792405, "eta": 0.02027385744509107, "gamma": 554.5954671771061, "max_depth": 4.0, "min_child_weight": 3887.7021154490453, "num_boost_round": 3.0, "subsample": 0.3383924809480706}, "datetime": {"datetime": "2024-01-20 14:38:23", "elapsed": 856.714245, "delta": 0.002306}}
{"target": -13.497387408130308, "params": {"colsample_bytree": 0.5236382524792405, "eta": 0.02027385744509107, "gamma": 554.5954671771061, "max_depth": 4.0, "min_child_weight": 3887.7021154490453, "num_boost_round": 4.0, "subsample": 0.3383924809480706}, "datetime": {"datetime": "2024-01-20 14:38:23", "elapsed": 856.715925, "delta": 0.00168}}
{"target": -13.497171809483717, "params": {"colsample_bytree": 0.5236382524792405, "eta": 0.02027385744509107, "gamma": 554.5954671771061, "max_depth": 4.0, "min_child_weight": 3887.7021154490453, "num_boost_round": 5.0, "subsample": 0.3383924809480706}, "datetime": {"datetime": "2024-01-20 14:38:23", "elapsed": 856.717379, "delta": 0.001454}}
{"target": -13.497034993623286, "params": {"colsample_bytree": 0.5236382524792405, "eta": 0.02027385744509107, "gamma": 554.5954671771061, "max_depth": 4.0, "min_child_weight": 3887.7021154490453, "num_boost_round": 6.0, "subsample": 0.3383924809480706}, "datetime": {"datetime": "2024-01-20 14:38:23", "elapsed": 856.718936, "delta": 0.001557}}
{"target": -13.496938779628499, "params": {"colsample_bytree": 0.5236382524792405, "eta": 0.02027385744509107, "gamma": 554.5954671771061, "max_depth": 4.0, "min_child_weight": 3887.7021154490453, "num_boost_round": 7.0, "subsample": 0.3383924809480706}, "datetime": {"datetime": "2024-01-20 14:38:23", "elapsed": 856.720709, "delta": 0.001773}}
{"target": -13.496757678139662, "params": {"colsample_bytree": 0.5236382524792405, "eta": 0.02027385744509107, "gamma": 554.5954671771061, "max_depth": 4.0, "min_child_weight": 3887.7021154490453, "num_boost_round": 8.0, "subsample": 0.3383924809480706}, "datetime": {"datetime": "2024-01-20 14:38:23", "elapsed": 856.722281, "delta": 0.001572}}
{"target": -13.496706155730264, "params": {"colsample_bytree": 0.5236382524792405, "eta": 0.02027385744509107, "gamma": 554.5954671771061, "max_depth": 4.0, "min_child_weight": 3887.7021154490453, "num_boost_round": 9.0, "subsample": 0.3383924809480706}, "datetime": {"datetime": "2024-01-20 14:38:23", "elapsed": 856.723695, "delta": 0.001414}}
{"target": -13.496622035532155, "params": {"colsample_bytree": 0.5236382524792405, "eta": 0.02027385744509107, "gamma": 554.5954671771061, "max_depth": 4.0, "min_child_weight": 3887.7021154490453, "num_boost_round": 10.0, "subsample": 0.3383924809480706}, "datetime": {"datetime": "2024-01-20 14:38:23", "elapsed": 856.725044, "delta": 0.001349}}
{"target": -13.496567256322876, "params": {"colsample_bytree": 0.5236382524792405, "eta": 0.02027385744509107, "gamma": 554.5954671771061, "max_depth": 4.0, "min_child_weight": 3887.7021154490453, "num_boost_round": 11.0, "subsample": 0.3383924809480706}, "datetime": {"datetime": "2024-01-20 14:38:23", "elapsed": 856.726366, "delta": 0.001322}}
{"target": -13.496508676049196, "params": {"colsample_bytree": 0.5236382524792405, "eta": 0.02027385744509107, "gamma": 554.5954671771061, "max_depth": 4.0, "min_child_weight": 3887.7021154490453, "num_boost_round": 12.0, "subsample": 0.3383924809480706}, "datetime": {"datetime": "2024-01-20 14:38:23", "elapsed": 856.727682, "delta": 0.001316}}
{"target": -13.496438001474395, "params": {"colsample_bytree": 0.5236382524792405, "eta": 0.02027385744509107, "gamma": 554.5954671771061, "max_depth": 4.0, "min_child_weight": 3887.7021154490453, "num_boost_round": 13.0, "subsample": 0.3383924809480706}, "datetime": {"datetime": "2024-01-20 14:38:23", "elapsed": 856.729012, "delta": 0.00133}}
{"target": -13.496410740270669, "params": {"colsample_bytree": 0.5236382524792405, "eta": 0.02027385744509107, "gamma": 554.5954671771061, "max_depth": 4.0, "min_child_weight": 3887.7021154490453, "num_boost_round": 14.0, "subsample": 0.3383924809480706}, "datetime": {"datetime": "2024-01-20 14:38:23", "elapsed": 856.730343, "delta": 0.001331}}
{"target": -13.496350091737465, "params": {"colsample_bytree": 0.5236382524792405, "eta": 0.02027385744509107, "gamma": 554.5954671771061, "max_depth": 4.0, "min_child_weight": 3887.7021154490453, "num_boost_round": 15.0, "subsample": 0.3383924809480706}, "datetime": {"datetime": "2024-01-20 14:38:23", "elapsed": 856.731675, "delta": 0.001332}}
{"target": -13.496346380708534, "params": {"colsample_bytree": 0.5236382524792405, "eta": 0.02027385744509107, "gamma": 554.5954671771061, "max_depth": 4.0, "min_child_weight": 3887.7021154490453, "num_boost_round": 16.0, "subsample": 0.3383924809480706}, "datetime": {"datetime": "2024-01-20 14:38:23", "elapsed": 856.73325, "delta": 0.001575}}
{"target": -13.496254677530406, "params": {"colsample_bytree": 0.5236382524792405, "eta": 0.02027385744509107, "gamma": 554.5954671771061, "max_depth": 4.0, "min_child_weight": 3887.7021154490453, "num_boost_round": 17.0, "subsample": 0.3383924809480706}, "datetime": {"datetime": "2024-01-20 14:38:23", "elapsed": 856.734691, "delta": 0.001441}}
{"target": -13.496200307426998, "params": {"colsample_bytree": 0.5236382524792405, "eta": 0.02027385744509107, "gamma": 554.5954671771061, "max_depth": 4.0, "min_child_weight": 3887.7021154490453, "num_boost_round": 18.0, "subsample": 0.3383924809480706}, "datetime": {"datetime": "2024-01-20 14:38:23", "elapsed": 856.736123, "delta": 0.001432}}
