{"target": -19.145235117030474, "params": {"colsample_bytree": 0.6676961918713443, "eta": 0.028713362635559618, "gamma": 560.2235399104989, "max_depth": 9.0, "min_child_weight": 4319.780400498199, "num_boost_round": 12.0, "subsample": 0.8693028706267919}, "datetime": {"datetime": "2024-01-20 14:55:18", "elapsed": 1886.643042, "delta": 0.002389}}
{"target": -19.145736731581206, "params": {"colsample_bytree": 0.6676961918713443, "eta": 0.028713362635559618, "gamma": 560.2235399104989, "max_depth": 9.0, "min_child_weight": 4319.780400498199, "num_boost_round": 13.0, "subsample": 0.8693028706267919}, "datetime": {"datetime": "2024-01-20 14:55:18", "elapsed": 1886.64539, "delta": 0.002348}}
{"target": -19.146538363189215, "params": {"colsample_bytree": 0.6676961918713443, "eta": 0.028713362635559618, "gamma": 560.2235399104989, "max_depth": 9.0, "min_child_weight": 4319.780400498199, "num_boost_round": 14.0, "subsample": 0.8693028706267919}, "datetime": {"datetime": "2024-01-20 14:55:18", "elapsed": 1886.647807, "delta": 0.002417}}
{"target": -19.142917076823334, "params": {"colsample_bytree": 0.11637803100105082, "eta": 0.04436900132415318, "gamma": 78.57307923968992, "max_depth": 3.0, "min_child_weight": 4264.781584372615, "num_boost_round": 1.0, "subsample": 0.46969641967119824}, "datetime": {"datetime": "2024-01-20 14:55:50", "elapsed": 1918.093587, "delta": 31.44578}}
{"target": -19.142698530295995, "params": {"colsample_bytree": 0.11637803100105082, "eta": 0.04436900132415318, "gamma": 78.57307923968992, "max_depth": 3.0, "min_child_weight": 4264.781584372615, "num_boost_round": 2.0, "subsample": 0.46969641967119824}, "datetime": {"datetime": "2024-01-20 14:55:50", "elapsed": 1918.097352, "delta": 0.003765}}
{"target": -19.1425283803619, "params": {"colsample_bytree": 0.11637803100105082, "eta": 0.04436900132415318, "gamma": 78.57307923968992, "max_depth": 3.0, "min_child_weight": 4264.781584372615, "num_boost_round": 3.0, "subsample": 0.46969641967119824}, "datetime": {"datetime": "2024-01-20 14:55:50", "elapsed": 1918.099786, "delta": 0.002434}}
{"target": -19.142324522330995, "params": {"colsample_bytree": 0.11637803100105082, "eta": 0.04436900132415318, "gamma": 78.57307923968992, "max_depth": 3.0, "min_child_weight": 4264.781584372615, "num_boost_round": 4.0, "subsample": 0.46969641967119824}, "datetime": {"datetime": "2024-01-20 14:55:50", "elapsed": 1918.102313, "delta": 0.002527}}
{"target": -19.14215778227168, "params": {"colsample_bytree": 0.11637803100105082, "eta": 0.04436900132415318, "gamma": 78.57307923968992, "max_depth": 3.0, "min_child_weight": 4264.781584372615, "num_boost_round": 5.0, "subsample": 0.46969641967119824}, "datetime": {"datetime": "2024-01-20 14:55:50", "elapsed": 1918.13687, "delta": 0.034557}}
{"target": -19.142053177842154, "params": {"colsample_bytree": 0.11637803100105082, "eta": 0.04436900132415318, "gamma": 78.57307923968992, "max_depth": 3.0, "min_child_weight": 4264.781584372615, "num_boost_round": 6.0, "subsample": 0.46969641967119824}, "datetime": {"datetime": "2024-01-20 14:55:50", "elapsed": 1918.139299, "delta": 0.002429}}
{"target": -19.1419053508682, "params": {"colsample_bytree": 0.11637803100105082, "eta": 0.04436900132415318, "gamma": 78.57307923968992, "max_depth": 3.0, "min_child_weight": 4264.781584372615, "num_boost_round": 7.0, "subsample": 0.46969641967119824}, "datetime": {"datetime": "2024-01-20 14:55:50", "elapsed": 1918.141745, "delta": 0.002446}}
{"target": -19.141649641157052, "params": {"colsample_bytree": 0.11637803100105082, "eta": 0.04436900132415318, "gamma": 78.57307923968992, "max_depth": 3.0, "min_child_weight": 4264.781584372615, "num_boost_round": 8.0, "subsample": 0.46969641967119824}, "datetime": {"datetime": "2024-01-20 14:55:50", "elapsed": 1918.144214, "delta": 0.002469}}
{"target": -19.141674990715458, "params": {"colsample_bytree": 0.11637803100105082, "eta": 0.04436900132415318, "gamma": 78.57307923968992, "max_depth": 3.0, "min_child_weight": 4264.781584372615, "num_boost_round": 9.0, "subsample": 0.46969641967119824}, "datetime": {"datetime": "2024-01-20 14:55:50", "elapsed": 1918.146689, "delta": 0.002475}}
{"target": -19.14186601170187, "params": {"colsample_bytree": 0.11637803100105082, "eta": 0.04436900132415318, "gamma": 78.57307923968992, "max_depth": 3.0, "min_child_weight": 4264.781584372615, "num_boost_round": 10.0, "subsample": 0.46969641967119824}, "datetime": {"datetime": "2024-01-20 14:55:50", "elapsed": 1918.149065, "delta": 0.002376}}
{"target": -19.14173559342597, "params": {"colsample_bytree": 0.11637803100105082, "eta": 0.04436900132415318, "gamma": 78.57307923968992, "max_depth": 3.0, "min_child_weight": 4264.781584372615, "num_boost_round": 11.0, "subsample": 0.46969641967119824}, "datetime": {"datetime": "2024-01-20 14:55:50", "elapsed": 1918.151486, "delta": 0.002421}}
{"target": -19.141885877737135, "params": {"colsample_bytree": 0.11637803100105082, "eta": 0.04436900132415318, "gamma": 78.57307923968992, "max_depth": 3.0, "min_child_weight": 4264.781584372615, "num_boost_round": 12.0, "subsample": 0.46969641967119824}, "datetime": {"datetime": "2024-01-20 14:55:50", "elapsed": 1918.153864, "delta": 0.002378}}
{"target": -19.14191785733437, "params": {"colsample_bytree": 0.11637803100105082, "eta": 0.04436900132415318, "gamma": 78.57307923968992, "max_depth": 3.0, "min_child_weight": 4264.781584372615, "num_boost_round": 13.0, "subsample": 0.46969641967119824}, "datetime": {"datetime": "2024-01-20 14:55:50", "elapsed": 1918.156251, "delta": 0.002387}}
{"target": -19.141961826482998, "params": {"colsample_bytree": 0.11637803100105082, "eta": 0.04436900132415318, "gamma": 78.57307923968992, "max_depth": 3.0, "min_child_weight": 4264.781584372615, "num_boost_round": 14.0, "subsample": 0.46969641967119824}, "datetime": {"datetime": "2024-01-20 14:55:50", "elapsed": 1918.158644, "delta": 0.002393}}
{"target": -19.14225625522733, "params": {"colsample_bytree": 0.11637803100105082, "eta": 0.04436900132415318, "gamma": 78.57307923968992, "max_depth": 3.0, "min_child_weight": 4264.781584372615, "num_boost_round": 15.0, "subsample": 0.46969641967119824}, "datetime": {"datetime": "2024-01-20 14:55:50", "elapsed": 1918.161014, "delta": 0.00237}}
{"target": -19.14226153867093, "params": {"colsample_bytree": 0.11637803100105082, "eta": 0.04436900132415318, "gamma": 78.57307923968992, "max_depth": 3.0, "min_child_weight": 4264.781584372615, "num_boost_round": 16.0, "subsample": 0.46969641967119824}, "datetime": {"datetime": "2024-01-20 14:55:50", "elapsed": 1918.16353, "delta": 0.002516}}
{"target": -19.142095703179898, "params": {"colsample_bytree": 0.11637803100105082, "eta": 0.04436900132415318, "gamma": 78.57307923968992, "max_depth": 3.0, "min_child_weight": 4264.781584372615, "num_boost_round": 17.0, "subsample": 0.46969641967119824}, "datetime": {"datetime": "2024-01-20 14:55:50", "elapsed": 1918.166096, "delta": 0.002566}}
{"target": -19.14215430587042, "params": {"colsample_bytree": 0.11637803100105082, "eta": 0.04436900132415318, "gamma": 78.57307923968992, "max_depth": 3.0, "min_child_weight": 4264.781584372615, "num_boost_round": 18.0, "subsample": 0.46969641967119824}, "datetime": {"datetime": "2024-01-20 14:55:50", "elapsed": 1918.16863, "delta": 0.002534}}
{"target": -19.142058397964412, "params": {"colsample_bytree": 0.11637803100105082, "eta": 0.04436900132415318, "gamma": 78.57307923968992, "max_depth": 3.0, "min_child_weight": 4264.781584372615, "num_boost_round": 19.0, "subsample": 0.46969641967119824}, "datetime": {"datetime": "2024-01-20 14:55:50", "elapsed": 1918.171224, "delta": 0.002594}}
{"target": -19.142005695025077, "params": {"colsample_bytree": 0.11637803100105082, "eta": 0.04436900132415318, "gamma": 78.57307923968992, "max_depth": 3.0, "min_child_weight": 4264.781584372615, "num_boost_round": 20.0, "subsample": 0.46969641967119824}, "datetime": {"datetime": "2024-01-20 14:55:50", "elapsed": 1918.173696, "delta": 0.002472}}
{"target": -19.14197854692972, "params": {"colsample_bytree": 0.11637803100105082, "eta": 0.04436900132415318, "gamma": 78.57307923968992, "max_depth": 3.0, "min_child_weight": 4264.781584372615, "num_boost_round": 21.0, "subsample": 0.46969641967119824}, "datetime": {"datetime": "2024-01-20 14:55:50", "elapsed": 1918.176154, "delta": 0.002458}}
{"target": -19.142207904661063, "params": {"colsample_bytree": 0.11637803100105082, "eta": 0.04436900132415318, "gamma": 78.57307923968992, "max_depth": 3.0, "min_child_weight": 4264.781584372615, "num_boost_round": 22.0, "subsample": 0.46969641967119824}, "datetime": {"datetime": "2024-01-20 14:55:50", "elapsed": 1918.178558, "delta": 0.002404}}
{"target": -19.14227877747488, "params": {"colsample_bytree": 0.11637803100105082, "eta": 0.04436900132415318, "gamma": 78.57307923968992, "max_depth": 3.0, "min_child_weight": 4264.781584372615, "num_boost_round": 23.0, "subsample": 0.46969641967119824}, "datetime": {"datetime": "2024-01-20 14:55:50", "elapsed": 1918.181027, "delta": 0.002469}}
{"target": -19.142267051975274, "params": {"colsample_bytree": 0.11637803100105082, "eta": 0.04436900132415318, "gamma": 78.57307923968992, "max_depth": 3.0, "min_child_weight": 4264.781584372615, "num_boost_round": 24.0, "subsample": 0.46969641967119824}, "datetime": {"datetime": "2024-01-20 14:55:50", "elapsed": 1918.183461, "delta": 0.002434}}
{"target": -19.142369536711072, "params": {"colsample_bytree": 0.11637803100105082, "eta": 0.04436900132415318, "gamma": 78.57307923968992, "max_depth": 3.0, "min_child_weight": 4264.781584372615, "num_boost_round": 25.0, "subsample": 0.46969641967119824}, "datetime": {"datetime": "2024-01-20 14:55:50", "elapsed": 1918.185849, "delta": 0.002388}}
{"target": -19.142621825488497, "params": {"colsample_bytree": 0.11637803100105082, "eta": 0.04436900132415318, "gamma": 78.57307923968992, "max_depth": 3.0, "min_child_weight": 4264.781584372615, "num_boost_round": 26.0, "subsample": 0.46969641967119824}, "datetime": {"datetime": "2024-01-20 14:55:50", "elapsed": 1918.188355, "delta": 0.002506}}
{"target": -19.142585072366835, "params": {"colsample_bytree": 0.11637803100105082, "eta": 0.04436900132415318, "gamma": 78.57307923968992, "max_depth": 3.0, "min_child_weight": 4264.781584372615, "num_boost_round": 27.0, "subsample": 0.46969641967119824}, "datetime": {"datetime": "2024-01-20 14:55:50", "elapsed": 1918.190772, "delta": 0.002417}}
{"target": -19.142421301334856, "params": {"colsample_bytree": 0.11637803100105082, "eta": 0.04436900132415318, "gamma": 78.57307923968992, "max_depth": 3.0, "min_child_weight": 4264.781584372615, "num_boost_round": 28.0, "subsample": 0.46969641967119824}, "datetime": {"datetime": "2024-01-20 14:55:50", "elapsed": 1918.193205, "delta": 0.002433}}
{"target": -19.142563510048063, "params": {"colsample_bytree": 0.11637803100105082, "eta": 0.04436900132415318, "gamma": 78.57307923968992, "max_depth": 3.0, "min_child_weight": 4264.781584372615, "num_boost_round": 29.0, "subsample": 0.46969641967119824}, "datetime": {"datetime": "2024-01-20 14:55:50", "elapsed": 1918.19587, "delta": 0.002665}}
{"target": -19.142534861658373, "params": {"colsample_bytree": 0.11637803100105082, "eta": 0.04436900132415318, "gamma": 78.57307923968992, "max_depth": 3.0, "min_child_weight": 4264.781584372615, "num_boost_round": 30.0, "subsample": 0.46969641967119824}, "datetime": {"datetime": "2024-01-20 14:55:50", "elapsed": 1918.198286, "delta": 0.002416}}
{"target": -19.142533161810945, "params": {"colsample_bytree": 0.11637803100105082, "eta": 0.04436900132415318, "gamma": 78.57307923968992, "max_depth": 3.0, "min_child_weight": 4264.781584372615, "num_boost_round": 31.0, "subsample": 0.46969641967119824}, "datetime": {"datetime": "2024-01-20 14:55:50", "elapsed": 1918.200682, "delta": 0.002396}}
{"target": -19.142604014104336, "params": {"colsample_bytree": 0.11637803100105082, "eta": 0.04436900132415318, "gamma": 78.57307923968992, "max_depth": 3.0, "min_child_weight": 4264.781584372615, "num_boost_round": 32.0, "subsample": 0.46969641967119824}, "datetime": {"datetime": "2024-01-20 14:55:50", "elapsed": 1918.203111, "delta": 0.002429}}
{"target": -19.142516615475138, "params": {"colsample_bytree": 0.11637803100105082, "eta": 0.04436900132415318, "gamma": 78.57307923968992, "max_depth": 3.0, "min_child_weight": 4264.781584372615, "num_boost_round": 33.0, "subsample": 0.46969641967119824}, "datetime": {"datetime": "2024-01-20 14:55:50", "elapsed": 1918.205495, "delta": 0.002384}}
{"target": -19.142570023606513, "params": {"colsample_bytree": 0.11637803100105082, "eta": 0.04436900132415318, "gamma": 78.57307923968992, "max_depth": 3.0, "min_child_weight": 4264.781584372615, "num_boost_round": 34.0, "subsample": 0.46969641967119824}, "datetime": {"datetime": "2024-01-20 14:55:50", "elapsed": 1918.207968, "delta": 0.002473}}
{"target": -19.142765456054427, "params": {"colsample_bytree": 0.11637803100105082, "eta": 0.04436900132415318, "gamma": 78.57307923968992, "max_depth": 3.0, "min_child_weight": 4264.781584372615, "num_boost_round": 35.0, "subsample": 0.46969641967119824}, "datetime": {"datetime": "2024-01-20 14:55:50", "elapsed": 1918.210428, "delta": 0.00246}}
{"target": -19.14262025533379, "params": {"colsample_bytree": 0.11637803100105082, "eta": 0.04436900132415318, "gamma": 78.57307923968992, "max_depth": 3.0, "min_child_weight": 4264.781584372615, "num_boost_round": 36.0, "subsample": 0.46969641967119824}, "datetime": {"datetime": "2024-01-20 14:55:50", "elapsed": 1918.212828, "delta": 0.0024}}
{"target": -19.142955781446105, "params": {"colsample_bytree": 0.9926727757334293, "eta": 0.02512205106834145, "gamma": 57.74274587376193, "max_depth": 8.0, "min_child_weight": 4207.203100107009, "num_boost_round": 1.0, "subsample": 0.44100832656000244}, "datetime": {"datetime": "2024-01-20 14:56:36", "elapsed": 1964.814982, "delta": 46.602154}}
{"target": -19.143057011457834, "params": {"colsample_bytree": 0.9926727757334293, "eta": 0.02512205106834145, "gamma": 57.74274587376193, "max_depth": 8.0, "min_child_weight": 4207.203100107009, "num_boost_round": 2.0, "subsample": 0.44100832656000244}, "datetime": {"datetime": "2024-01-20 14:56:36", "elapsed": 1964.81805, "delta": 0.003068}}
{"target": -19.142971657690193, "params": {"colsample_bytree": 0.9926727757334293, "eta": 0.02512205106834145, "gamma": 57.74274587376193, "max_depth": 8.0, "min_child_weight": 4207.203100107009, "num_boost_round": 3.0, "subsample": 0.44100832656000244}, "datetime": {"datetime": "2024-01-20 14:56:36", "elapsed": 1964.820619, "delta": 0.002569}}
{"target": -19.143062473865122, "params": {"colsample_bytree": 0.9926727757334293, "eta": 0.02512205106834145, "gamma": 57.74274587376193, "max_depth": 8.0, "min_child_weight": 4207.203100107009, "num_boost_round": 4.0, "subsample": 0.44100832656000244}, "datetime": {"datetime": "2024-01-20 14:56:36", "elapsed": 1964.851682, "delta": 0.031063}}
{"target": -19.143109167619272, "params": {"colsample_bytree": 0.9926727757334293, "eta": 0.02512205106834145, "gamma": 57.74274587376193, "max_depth": 8.0, "min_child_weight": 4207.203100107009, "num_boost_round": 5.0, "subsample": 0.44100832656000244}, "datetime": {"datetime": "2024-01-20 14:56:36", "elapsed": 1964.85414, "delta": 0.002458}}
{"target": -19.143246456583636, "params": {"colsample_bytree": 0.9926727757334293, "eta": 0.02512205106834145, "gamma": 57.74274587376193, "max_depth": 8.0, "min_child_weight": 4207.203100107009, "num_boost_round": 6.0, "subsample": 0.44100832656000244}, "datetime": {"datetime": "2024-01-20 14:56:36", "elapsed": 1964.85664, "delta": 0.0025}}
{"target": -19.143288990096377, "params": {"colsample_bytree": 0.9926727757334293, "eta": 0.02512205106834145, "gamma": 57.74274587376193, "max_depth": 8.0, "min_child_weight": 4207.203100107009, "num_boost_round": 7.0, "subsample": 0.44100832656000244}, "datetime": {"datetime": "2024-01-20 14:56:36", "elapsed": 1964.859262, "delta": 0.002622}}
{"target": -19.14345049649565, "params": {"colsample_bytree": 0.9926727757334293, "eta": 0.02512205106834145, "gamma": 57.74274587376193, "max_depth": 8.0, "min_child_weight": 4207.203100107009, "num_boost_round": 8.0, "subsample": 0.44100832656000244}, "datetime": {"datetime": "2024-01-20 14:56:36", "elapsed": 1964.861721, "delta": 0.002459}}
{"target": -19.14362711563227, "params": {"colsample_bytree": 0.9926727757334293, "eta": 0.02512205106834145, "gamma": 57.74274587376193, "max_depth": 8.0, "min_child_weight": 4207.203100107009, "num_boost_round": 9.0, "subsample": 0.44100832656000244}, "datetime": {"datetime": "2024-01-20 14:56:36", "elapsed": 1964.864369, "delta": 0.002648}}
{"target": -19.143731593157497, "params": {"colsample_bytree": 0.9926727757334293, "eta": 0.02512205106834145, "gamma": 57.74274587376193, "max_depth": 8.0, "min_child_weight": 4207.203100107009, "num_boost_round": 10.0, "subsample": 0.44100832656000244}, "datetime": {"datetime": "2024-01-20 14:56:36", "elapsed": 1964.866891, "delta": 0.002522}}
{"target": -19.14393957291202, "params": {"colsample_bytree": 0.9926727757334293, "eta": 0.02512205106834145, "gamma": 57.74274587376193, "max_depth": 8.0, "min_child_weight": 4207.203100107009, "num_boost_round": 11.0, "subsample": 0.44100832656000244}, "datetime": {"datetime": "2024-01-20 14:56:36", "elapsed": 1964.869413, "delta": 0.002522}}
{"target": -19.14408465574848, "params": {"colsample_bytree": 0.9926727757334293, "eta": 0.02512205106834145, "gamma": 57.74274587376193, "max_depth": 8.0, "min_child_weight": 4207.203100107009, "num_boost_round": 12.0, "subsample": 0.44100832656000244}, "datetime": {"datetime": "2024-01-20 14:56:36", "elapsed": 1964.871879, "delta": 0.002466}}
{"target": -19.14439873047213, "params": {"colsample_bytree": 0.9926727757334293, "eta": 0.02512205106834145, "gamma": 57.74274587376193, "max_depth": 8.0, "min_child_weight": 4207.203100107009, "num_boost_round": 13.0, "subsample": 0.44100832656000244}, "datetime": {"datetime": "2024-01-20 14:56:36", "elapsed": 1964.874397, "delta": 0.002518}}
{"target": -19.14459528734128, "params": {"colsample_bytree": 0.9926727757334293, "eta": 0.02512205106834145, "gamma": 57.74274587376193, "max_depth": 8.0, "min_child_weight": 4207.203100107009, "num_boost_round": 14.0, "subsample": 0.44100832656000244}, "datetime": {"datetime": "2024-01-20 14:56:36", "elapsed": 1964.876886, "delta": 0.002489}}
{"target": -19.14483100284931, "params": {"colsample_bytree": 0.9926727757334293, "eta": 0.02512205106834145, "gamma": 57.74274587376193, "max_depth": 8.0, "min_child_weight": 4207.203100107009, "num_boost_round": 15.0, "subsample": 0.44100832656000244}, "datetime": {"datetime": "2024-01-20 14:56:36", "elapsed": 1964.87938, "delta": 0.002494}}
{"target": -19.145064517782536, "params": {"colsample_bytree": 0.9926727757334293, "eta": 0.02512205106834145, "gamma": 57.74274587376193, "max_depth": 8.0, "min_child_weight": 4207.203100107009, "num_boost_round": 16.0, "subsample": 0.44100832656000244}, "datetime": {"datetime": "2024-01-20 14:56:36", "elapsed": 1964.882334, "delta": 0.002954}}
{"target": -19.145247194529176, "params": {"colsample_bytree": 0.9926727757334293, "eta": 0.02512205106834145, "gamma": 57.74274587376193, "max_depth": 8.0, "min_child_weight": 4207.203100107009, "num_boost_round": 17.0, "subsample": 0.44100832656000244}, "datetime": {"datetime": "2024-01-20 14:56:36", "elapsed": 1964.884864, "delta": 0.00253}}
{"target": -19.14544617618366, "params": {"colsample_bytree": 0.9926727757334293, "eta": 0.02512205106834145, "gamma": 57.74274587376193, "max_depth": 8.0, "min_child_weight": 4207.203100107009, "num_boost_round": 18.0, "subsample": 0.44100832656000244}, "datetime": {"datetime": "2024-01-20 14:56:36", "elapsed": 1964.887369, "delta": 0.002505}}
{"target": -19.145699297201595, "params": {"colsample_bytree": 0.9926727757334293, "eta": 0.02512205106834145, "gamma": 57.74274587376193, "max_depth": 8.0, "min_child_weight": 4207.203100107009, "num_boost_round": 19.0, "subsample": 0.44100832656000244}, "datetime": {"datetime": "2024-01-20 14:56:36", "elapsed": 1964.889864, "delta": 0.002495}}
{"target": -19.145924531544942, "params": {"colsample_bytree": 0.9926727757334293, "eta": 0.02512205106834145, "gamma": 57.74274587376193, "max_depth": 8.0, "min_child_weight": 4207.203100107009, "num_boost_round": 20.0, "subsample": 0.44100832656000244}, "datetime": {"datetime": "2024-01-20 14:56:36", "elapsed": 1964.892378, "delta": 0.002514}}
{"target": -19.14625556870787, "params": {"colsample_bytree": 0.9926727757334293, "eta": 0.02512205106834145, "gamma": 57.74274587376193, "max_depth": 8.0, "min_child_weight": 4207.203100107009, "num_boost_round": 21.0, "subsample": 0.44100832656000244}, "datetime": {"datetime": "2024-01-20 14:56:36", "elapsed": 1964.894906, "delta": 0.002528}}
{"target": -19.14646761449515, "params": {"colsample_bytree": 0.9926727757334293, "eta": 0.02512205106834145, "gamma": 57.74274587376193, "max_depth": 8.0, "min_child_weight": 4207.203100107009, "num_boost_round": 22.0, "subsample": 0.44100832656000244}, "datetime": {"datetime": "2024-01-20 14:56:36", "elapsed": 1964.897398, "delta": 0.002492}}
{"target": -19.146804407245575, "params": {"colsample_bytree": 0.9926727757334293, "eta": 0.02512205106834145, "gamma": 57.74274587376193, "max_depth": 8.0, "min_child_weight": 4207.203100107009, "num_boost_round": 23.0, "subsample": 0.44100832656000244}, "datetime": {"datetime": "2024-01-20 14:56:36", "elapsed": 1964.899895, "delta": 0.002497}}
{"target": -19.147003569548424, "params": {"colsample_bytree": 0.9926727757334293, "eta": 0.02512205106834145, "gamma": 57.74274587376193, "max_depth": 8.0, "min_child_weight": 4207.203100107009, "num_boost_round": 24.0, "subsample": 0.44100832656000244}, "datetime": {"datetime": "2024-01-20 14:56:36", "elapsed": 1964.902379, "delta": 0.002484}}
