{"target": -15.161740297043465, "params": {"colsample_bytree": 0.11287552272115497, "eta": 0.08991054454968077, "gamma": 541.0813206411075, "max_depth": 3.0, "min_child_weight": 4194.848585177909, "num_boost_round": 8.0, "subsample": 0.7649706595096191}, "datetime": {"datetime": "2024-01-20 15:04:24", "elapsed": 2421.713879, "delta": 0.003272}}
{"target": -15.161744130222317, "params": {"colsample_bytree": 0.11287552272115497, "eta": 0.08991054454968077, "gamma": 541.0813206411075, "max_depth": 3.0, "min_child_weight": 4194.848585177909, "num_boost_round": 9.0, "subsample": 0.7649706595096191}, "datetime": {"datetime": "2024-01-20 15:04:24", "elapsed": 2421.717138, "delta": 0.003259}}
{"target": -15.160751084055022, "params": {"colsample_bytree": 0.11287552272115497, "eta": 0.08991054454968077, "gamma": 541.0813206411075, "max_depth": 3.0, "min_child_weight": 4194.848585177909, "num_boost_round": 10.0, "subsample": 0.7649706595096191}, "datetime": {"datetime": "2024-01-20 15:04:24", "elapsed": 2421.720421, "delta": 0.003283}}
{"target": -15.160865887860947, "params": {"colsample_bytree": 0.11287552272115497, "eta": 0.08991054454968077, "gamma": 541.0813206411075, "max_depth": 3.0, "min_child_weight": 4194.848585177909, "num_boost_round": 11.0, "subsample": 0.7649706595096191}, "datetime": {"datetime": "2024-01-20 15:04:24", "elapsed": 2421.723651, "delta": 0.00323}}
{"target": -15.160683079375325, "params": {"colsample_bytree": 0.11287552272115497, "eta": 0.08991054454968077, "gamma": 541.0813206411075, "max_depth": 3.0, "min_child_weight": 4194.848585177909, "num_boost_round": 12.0, "subsample": 0.7649706595096191}, "datetime": {"datetime": "2024-01-20 15:04:24", "elapsed": 2421.726848, "delta": 0.003197}}
{"target": -15.161270200108495, "params": {"colsample_bytree": 0.11287552272115497, "eta": 0.08991054454968077, "gamma": 541.0813206411075, "max_depth": 3.0, "min_child_weight": 4194.848585177909, "num_boost_round": 13.0, "subsample": 0.7649706595096191}, "datetime": {"datetime": "2024-01-20 15:04:24", "elapsed": 2421.73005, "delta": 0.003202}}
{"target": -15.161022662526204, "params": {"colsample_bytree": 0.11287552272115497, "eta": 0.08991054454968077, "gamma": 541.0813206411075, "max_depth": 3.0, "min_child_weight": 4194.848585177909, "num_boost_round": 14.0, "subsample": 0.7649706595096191}, "datetime": {"datetime": "2024-01-20 15:04:24", "elapsed": 2421.733506, "delta": 0.003456}}
{"target": -15.161033963696838, "params": {"colsample_bytree": 0.11287552272115497, "eta": 0.08991054454968077, "gamma": 541.0813206411075, "max_depth": 3.0, "min_child_weight": 4194.848585177909, "num_boost_round": 15.0, "subsample": 0.7649706595096191}, "datetime": {"datetime": "2024-01-20 15:04:24", "elapsed": 2421.736695, "delta": 0.003189}}
{"target": -15.1602447785276, "params": {"colsample_bytree": 0.11287552272115497, "eta": 0.08991054454968077, "gamma": 541.0813206411075, "max_depth": 3.0, "min_child_weight": 4194.848585177909, "num_boost_round": 16.0, "subsample": 0.7649706595096191}, "datetime": {"datetime": "2024-01-20 15:04:24", "elapsed": 2421.739921, "delta": 0.003226}}
{"target": -15.160255850506735, "params": {"colsample_bytree": 0.11287552272115497, "eta": 0.08991054454968077, "gamma": 541.0813206411075, "max_depth": 3.0, "min_child_weight": 4194.848585177909, "num_boost_round": 17.0, "subsample": 0.7649706595096191}, "datetime": {"datetime": "2024-01-20 15:04:24", "elapsed": 2421.743245, "delta": 0.003324}}
{"target": -15.160458361044086, "params": {"colsample_bytree": 0.11287552272115497, "eta": 0.08991054454968077, "gamma": 541.0813206411075, "max_depth": 3.0, "min_child_weight": 4194.848585177909, "num_boost_round": 18.0, "subsample": 0.7649706595096191}, "datetime": {"datetime": "2024-01-20 15:04:24", "elapsed": 2421.746557, "delta": 0.003312}}
{"target": -15.160610350941464, "params": {"colsample_bytree": 0.11287552272115497, "eta": 0.08991054454968077, "gamma": 541.0813206411075, "max_depth": 3.0, "min_child_weight": 4194.848585177909, "num_boost_round": 19.0, "subsample": 0.7649706595096191}, "datetime": {"datetime": "2024-01-20 15:04:24", "elapsed": 2421.749759, "delta": 0.003202}}
{"target": -15.160826205010064, "params": {"colsample_bytree": 0.11287552272115497, "eta": 0.08991054454968077, "gamma": 541.0813206411075, "max_depth": 3.0, "min_child_weight": 4194.848585177909, "num_boost_round": 20.0, "subsample": 0.7649706595096191}, "datetime": {"datetime": "2024-01-20 15:04:24", "elapsed": 2421.753048, "delta": 0.003289}}
{"target": -15.160321119533725, "params": {"colsample_bytree": 0.11287552272115497, "eta": 0.08991054454968077, "gamma": 541.0813206411075, "max_depth": 3.0, "min_child_weight": 4194.848585177909, "num_boost_round": 21.0, "subsample": 0.7649706595096191}, "datetime": {"datetime": "2024-01-20 15:04:24", "elapsed": 2421.756325, "delta": 0.003277}}
{"target": -15.160489835733001, "params": {"colsample_bytree": 0.11287552272115497, "eta": 0.08991054454968077, "gamma": 541.0813206411075, "max_depth": 3.0, "min_child_weight": 4194.848585177909, "num_boost_round": 22.0, "subsample": 0.7649706595096191}, "datetime": {"datetime": "2024-01-20 15:04:24", "elapsed": 2421.75953, "delta": 0.003205}}
{"target": -15.160693846259836, "params": {"colsample_bytree": 0.11287552272115497, "eta": 0.08991054454968077, "gamma": 541.0813206411075, "max_depth": 3.0, "min_child_weight": 4194.848585177909, "num_boost_round": 23.0, "subsample": 0.7649706595096191}, "datetime": {"datetime": "2024-01-20 15:04:24", "elapsed": 2421.762962, "delta": 0.003432}}
{"target": -15.160845867894732, "params": {"colsample_bytree": 0.11287552272115497, "eta": 0.08991054454968077, "gamma": 541.0813206411075, "max_depth": 3.0, "min_child_weight": 4194.848585177909, "num_boost_round": 24.0, "subsample": 0.7649706595096191}, "datetime": {"datetime": "2024-01-20 15:04:24", "elapsed": 2421.766228, "delta": 0.003266}}
{"target": -15.160977120209482, "params": {"colsample_bytree": 0.11287552272115497, "eta": 0.08991054454968077, "gamma": 541.0813206411075, "max_depth": 3.0, "min_child_weight": 4194.848585177909, "num_boost_round": 25.0, "subsample": 0.7649706595096191}, "datetime": {"datetime": "2024-01-20 15:04:24", "elapsed": 2421.769495, "delta": 0.003267}}
{"target": -15.160795029802205, "params": {"colsample_bytree": 0.11287552272115497, "eta": 0.08991054454968077, "gamma": 541.0813206411075, "max_depth": 3.0, "min_child_weight": 4194.848585177909, "num_boost_round": 26.0, "subsample": 0.7649706595096191}, "datetime": {"datetime": "2024-01-20 15:04:24", "elapsed": 2421.773022, "delta": 0.003527}}
{"target": -15.160480628073813, "params": {"colsample_bytree": 0.11287552272115497, "eta": 0.08991054454968077, "gamma": 541.0813206411075, "max_depth": 3.0, "min_child_weight": 4194.848585177909, "num_boost_round": 27.0, "subsample": 0.7649706595096191}, "datetime": {"datetime": "2024-01-20 15:04:24", "elapsed": 2421.77637, "delta": 0.003348}}
{"target": -15.160732153921264, "params": {"colsample_bytree": 0.11287552272115497, "eta": 0.08991054454968077, "gamma": 541.0813206411075, "max_depth": 3.0, "min_child_weight": 4194.848585177909, "num_boost_round": 28.0, "subsample": 0.7649706595096191}, "datetime": {"datetime": "2024-01-20 15:04:24", "elapsed": 2421.779679, "delta": 0.003309}}
{"target": -15.160646239280277, "params": {"colsample_bytree": 0.11287552272115497, "eta": 0.08991054454968077, "gamma": 541.0813206411075, "max_depth": 3.0, "min_child_weight": 4194.848585177909, "num_boost_round": 29.0, "subsample": 0.7649706595096191}, "datetime": {"datetime": "2024-01-20 15:04:24", "elapsed": 2421.783116, "delta": 0.003437}}
{"target": -15.160592494120838, "params": {"colsample_bytree": 0.11287552272115497, "eta": 0.08991054454968077, "gamma": 541.0813206411075, "max_depth": 3.0, "min_child_weight": 4194.848585177909, "num_boost_round": 30.0, "subsample": 0.7649706595096191}, "datetime": {"datetime": "2024-01-20 15:04:24", "elapsed": 2421.786422, "delta": 0.003306}}
{"target": -15.161236259601672, "params": {"colsample_bytree": 0.11287552272115497, "eta": 0.08991054454968077, "gamma": 541.0813206411075, "max_depth": 3.0, "min_child_weight": 4194.848585177909, "num_boost_round": 31.0, "subsample": 0.7649706595096191}, "datetime": {"datetime": "2024-01-20 15:04:24", "elapsed": 2421.78969, "delta": 0.003268}}
{"target": -15.171651633757415, "params": {"colsample_bytree": 0.6061459113997238, "eta": 0.055438228869982016, "gamma": 560.9794805908294, "max_depth": 4.0, "min_child_weight": 4135.066987533397, "num_boost_round": 1.0, "subsample": 0.898814747368583}, "datetime": {"datetime": "2024-01-20 15:05:21", "elapsed": 2479.112875, "delta": 57.323185}}
{"target": -15.169836263526264, "params": {"colsample_bytree": 0.6061459113997238, "eta": 0.055438228869982016, "gamma": 560.9794805908294, "max_depth": 4.0, "min_child_weight": 4135.066987533397, "num_boost_round": 2.0, "subsample": 0.898814747368583}, "datetime": {"datetime": "2024-01-20 15:05:21", "elapsed": 2479.117527, "delta": 0.004652}}
{"target": -15.168054500228989, "params": {"colsample_bytree": 0.6061459113997238, "eta": 0.055438228869982016, "gamma": 560.9794805908294, "max_depth": 4.0, "min_child_weight": 4135.066987533397, "num_boost_round": 3.0, "subsample": 0.898814747368583}, "datetime": {"datetime": "2024-01-20 15:05:21", "elapsed": 2479.121913, "delta": 0.004386}}
{"target": -15.16719291433187, "params": {"colsample_bytree": 0.6061459113997238, "eta": 0.055438228869982016, "gamma": 560.9794805908294, "max_depth": 4.0, "min_child_weight": 4135.066987533397, "num_boost_round": 4.0, "subsample": 0.898814747368583}, "datetime": {"datetime": "2024-01-20 15:05:21", "elapsed": 2479.126186, "delta": 0.004273}}
{"target": -15.165257597791156, "params": {"colsample_bytree": 0.6061459113997238, "eta": 0.055438228869982016, "gamma": 560.9794805908294, "max_depth": 4.0, "min_child_weight": 4135.066987533397, "num_boost_round": 5.0, "subsample": 0.898814747368583}, "datetime": {"datetime": "2024-01-20 15:05:21", "elapsed": 2479.129695, "delta": 0.003509}}
{"target": -15.164417840790499, "params": {"colsample_bytree": 0.6061459113997238, "eta": 0.055438228869982016, "gamma": 560.9794805908294, "max_depth": 4.0, "min_child_weight": 4135.066987533397, "num_boost_round": 6.0, "subsample": 0.898814747368583}, "datetime": {"datetime": "2024-01-20 15:05:21", "elapsed": 2479.133113, "delta": 0.003418}}
{"target": -15.163594863788468, "params": {"colsample_bytree": 0.6061459113997238, "eta": 0.055438228869982016, "gamma": 560.9794805908294, "max_depth": 4.0, "min_child_weight": 4135.066987533397, "num_boost_round": 7.0, "subsample": 0.898814747368583}, "datetime": {"datetime": "2024-01-20 15:05:21", "elapsed": 2479.136464, "delta": 0.003351}}
{"target": -15.161782940576597, "params": {"colsample_bytree": 0.6061459113997238, "eta": 0.055438228869982016, "gamma": 560.9794805908294, "max_depth": 4.0, "min_child_weight": 4135.066987533397, "num_boost_round": 8.0, "subsample": 0.898814747368583}, "datetime": {"datetime": "2024-01-20 15:05:21", "elapsed": 2479.139734, "delta": 0.00327}}
{"target": -15.161392585386615, "params": {"colsample_bytree": 0.6061459113997238, "eta": 0.055438228869982016, "gamma": 560.9794805908294, "max_depth": 4.0, "min_child_weight": 4135.066987533397, "num_boost_round": 9.0, "subsample": 0.898814747368583}, "datetime": {"datetime": "2024-01-20 15:05:21", "elapsed": 2479.143317, "delta": 0.003583}}
{"target": -15.160560032996358, "params": {"colsample_bytree": 0.6061459113997238, "eta": 0.055438228869982016, "gamma": 560.9794805908294, "max_depth": 4.0, "min_child_weight": 4135.066987533397, "num_boost_round": 10.0, "subsample": 0.898814747368583}, "datetime": {"datetime": "2024-01-20 15:05:21", "elapsed": 2479.146817, "delta": 0.0035}}
{"target": -15.160634292548446, "params": {"colsample_bytree": 0.6061459113997238, "eta": 0.055438228869982016, "gamma": 560.9794805908294, "max_depth": 4.0, "min_child_weight": 4135.066987533397, "num_boost_round": 11.0, "subsample": 0.898814747368583}, "datetime": {"datetime": "2024-01-20 15:05:21", "elapsed": 2479.150259, "delta": 0.003442}}
{"target": -15.15966466702893, "params": {"colsample_bytree": 0.6061459113997238, "eta": 0.055438228869982016, "gamma": 560.9794805908294, "max_depth": 4.0, "min_child_weight": 4135.066987533397, "num_boost_round": 12.0, "subsample": 0.898814747368583}, "datetime": {"datetime": "2024-01-20 15:05:21", "elapsed": 2479.153547, "delta": 0.003288}}
{"target": -15.160249048581342, "params": {"colsample_bytree": 0.6061459113997238, "eta": 0.055438228869982016, "gamma": 560.9794805908294, "max_depth": 4.0, "min_child_weight": 4135.066987533397, "num_boost_round": 13.0, "subsample": 0.898814747368583}, "datetime": {"datetime": "2024-01-20 15:05:21", "elapsed": 2479.156819, "delta": 0.003272}}
{"target": -15.15901235291454, "params": {"colsample_bytree": 0.6061459113997238, "eta": 0.055438228869982016, "gamma": 560.9794805908294, "max_depth": 4.0, "min_child_weight": 4135.066987533397, "num_boost_round": 14.0, "subsample": 0.898814747368583}, "datetime": {"datetime": "2024-01-20 15:05:21", "elapsed": 2479.160099, "delta": 0.00328}}
{"target": -15.158557979200562, "params": {"colsample_bytree": 0.6061459113997238, "eta": 0.055438228869982016, "gamma": 560.9794805908294, "max_depth": 4.0, "min_child_weight": 4135.066987533397, "num_boost_round": 15.0, "subsample": 0.898814747368583}, "datetime": {"datetime": "2024-01-20 15:05:21", "elapsed": 2479.163423, "delta": 0.003324}}
{"target": -15.15909828372648, "params": {"colsample_bytree": 0.6061459113997238, "eta": 0.055438228869982016, "gamma": 560.9794805908294, "max_depth": 4.0, "min_child_weight": 4135.066987533397, "num_boost_round": 16.0, "subsample": 0.898814747368583}, "datetime": {"datetime": "2024-01-20 15:05:21", "elapsed": 2479.166955, "delta": 0.003532}}
{"target": -15.15842857686664, "params": {"colsample_bytree": 0.6061459113997238, "eta": 0.055438228869982016, "gamma": 560.9794805908294, "max_depth": 4.0, "min_child_weight": 4135.066987533397, "num_boost_round": 17.0, "subsample": 0.898814747368583}, "datetime": {"datetime": "2024-01-20 15:05:21", "elapsed": 2479.170711, "delta": 0.003756}}
{"target": -15.158133103681374, "params": {"colsample_bytree": 0.6061459113997238, "eta": 0.055438228869982016, "gamma": 560.9794805908294, "max_depth": 4.0, "min_child_weight": 4135.066987533397, "num_boost_round": 18.0, "subsample": 0.898814747368583}, "datetime": {"datetime": "2024-01-20 15:05:21", "elapsed": 2479.174598, "delta": 0.003887}}
{"target": -15.157682452364163, "params": {"colsample_bytree": 0.6061459113997238, "eta": 0.055438228869982016, "gamma": 560.9794805908294, "max_depth": 4.0, "min_child_weight": 4135.066987533397, "num_boost_round": 19.0, "subsample": 0.898814747368583}, "datetime": {"datetime": "2024-01-20 15:05:21", "elapsed": 2479.178308, "delta": 0.00371}}
{"target": -15.157471378276263, "params": {"colsample_bytree": 0.6061459113997238, "eta": 0.055438228869982016, "gamma": 560.9794805908294, "max_depth": 4.0, "min_child_weight": 4135.066987533397, "num_boost_round": 20.0, "subsample": 0.898814747368583}, "datetime": {"datetime": "2024-01-20 15:05:21", "elapsed": 2479.182051, "delta": 0.003743}}
{"target": -15.157563999890925, "params": {"colsample_bytree": 0.6061459113997238, "eta": 0.055438228869982016, "gamma": 560.9794805908294, "max_depth": 4.0, "min_child_weight": 4135.066987533397, "num_boost_round": 21.0, "subsample": 0.898814747368583}, "datetime": {"datetime": "2024-01-20 15:05:21", "elapsed": 2479.186108, "delta": 0.004057}}
{"target": -15.157534305695584, "params": {"colsample_bytree": 0.6061459113997238, "eta": 0.055438228869982016, "gamma": 560.9794805908294, "max_depth": 4.0, "min_child_weight": 4135.066987533397, "num_boost_round": 22.0, "subsample": 0.898814747368583}, "datetime": {"datetime": "2024-01-20 15:05:21", "elapsed": 2479.189595, "delta": 0.003487}}
{"target": -15.15734559656567, "params": {"colsample_bytree": 0.6061459113997238, "eta": 0.055438228869982016, "gamma": 560.9794805908294, "max_depth": 4.0, "min_child_weight": 4135.066987533397, "num_boost_round": 23.0, "subsample": 0.898814747368583}, "datetime": {"datetime": "2024-01-20 15:05:21", "elapsed": 2479.192954, "delta": 0.003359}}
{"target": -15.156739784224328, "params": {"colsample_bytree": 0.6061459113997238, "eta": 0.055438228869982016, "gamma": 560.9794805908294, "max_depth": 4.0, "min_child_weight": 4135.066987533397, "num_boost_round": 24.0, "subsample": 0.898814747368583}, "datetime": {"datetime": "2024-01-20 15:05:21", "elapsed": 2479.196279, "delta": 0.003325}}
{"target": -15.156946333877112, "params": {"colsample_bytree": 0.6061459113997238, "eta": 0.055438228869982016, "gamma": 560.9794805908294, "max_depth": 4.0, "min_child_weight": 4135.066987533397, "num_boost_round": 25.0, "subsample": 0.898814747368583}, "datetime": {"datetime": "2024-01-20 15:05:21", "elapsed": 2479.199588, "delta": 0.003309}}
{"target": -15.156886053982213, "params": {"colsample_bytree": 0.6061459113997238, "eta": 0.055438228869982016, "gamma": 560.9794805908294, "max_depth": 4.0, "min_child_weight": 4135.066987533397, "num_boost_round": 26.0, "subsample": 0.898814747368583}, "datetime": {"datetime": "2024-01-20 15:05:21", "elapsed": 2479.202883, "delta": 0.003295}}
{"target": -15.156475026158404, "params": {"colsample_bytree": 0.6061459113997238, "eta": 0.055438228869982016, "gamma": 560.9794805908294, "max_depth": 4.0, "min_child_weight": 4135.066987533397, "num_boost_round": 27.0, "subsample": 0.898814747368583}, "datetime": {"datetime": "2024-01-20 15:05:21", "elapsed": 2479.206212, "delta": 0.003329}}
{"target": -15.156354335843616, "params": {"colsample_bytree": 0.6061459113997238, "eta": 0.055438228869982016, "gamma": 560.9794805908294, "max_depth": 4.0, "min_child_weight": 4135.066987533397, "num_boost_round": 28.0, "subsample": 0.898814747368583}, "datetime": {"datetime": "2024-01-20 15:05:21", "elapsed": 2479.209646, "delta": 0.003434}}
{"target": -15.15644166920065, "params": {"colsample_bytree": 0.6061459113997238, "eta": 0.055438228869982016, "gamma": 560.9794805908294, "max_depth": 4.0, "min_child_weight": 4135.066987533397, "num_boost_round": 29.0, "subsample": 0.898814747368583}, "datetime": {"datetime": "2024-01-20 15:05:21", "elapsed": 2479.212936, "delta": 0.00329}}
{"target": -15.156647873849856, "params": {"colsample_bytree": 0.6061459113997238, "eta": 0.055438228869982016, "gamma": 560.9794805908294, "max_depth": 4.0, "min_child_weight": 4135.066987533397, "num_boost_round": 30.0, "subsample": 0.898814747368583}, "datetime": {"datetime": "2024-01-20 15:05:21", "elapsed": 2479.216244, "delta": 0.003308}}
{"target": -15.157068118985691, "params": {"colsample_bytree": 0.6061459113997238, "eta": 0.055438228869982016, "gamma": 560.9794805908294, "max_depth": 4.0, "min_child_weight": 4135.066987533397, "num_boost_round": 31.0, "subsample": 0.898814747368583}, "datetime": {"datetime": "2024-01-20 15:05:21", "elapsed": 2479.219542, "delta": 0.003298}}
{"target": -15.156990303733203, "params": {"colsample_bytree": 0.6061459113997238, "eta": 0.055438228869982016, "gamma": 560.9794805908294, "max_depth": 4.0, "min_child_weight": 4135.066987533397, "num_boost_round": 32.0, "subsample": 0.898814747368583}, "datetime": {"datetime": "2024-01-20 15:05:21", "elapsed": 2479.222888, "delta": 0.003346}}
{"target": -15.156659275950803, "params": {"colsample_bytree": 0.6061459113997238, "eta": 0.055438228869982016, "gamma": 560.9794805908294, "max_depth": 4.0, "min_child_weight": 4135.066987533397, "num_boost_round": 33.0, "subsample": 0.898814747368583}, "datetime": {"datetime": "2024-01-20 15:05:21", "elapsed": 2479.226401, "delta": 0.003513}}
{"target": -15.156468034177767, "params": {"colsample_bytree": 0.6061459113997238, "eta": 0.055438228869982016, "gamma": 560.9794805908294, "max_depth": 4.0, "min_child_weight": 4135.066987533397, "num_boost_round": 34.0, "subsample": 0.898814747368583}, "datetime": {"datetime": "2024-01-20 15:05:21", "elapsed": 2479.229701, "delta": 0.0033}}
{"target": -15.156497334352181, "params": {"colsample_bytree": 0.6061459113997238, "eta": 0.055438228869982016, "gamma": 560.9794805908294, "max_depth": 4.0, "min_child_weight": 4135.066987533397, "num_boost_round": 35.0, "subsample": 0.898814747368583}, "datetime": {"datetime": "2024-01-20 15:05:21", "elapsed": 2479.232997, "delta": 0.003296}}
{"target": -15.156356993497234, "params": {"colsample_bytree": 0.6061459113997238, "eta": 0.055438228869982016, "gamma": 560.9794805908294, "max_depth": 4.0, "min_child_weight": 4135.066987533397, "num_boost_round": 36.0, "subsample": 0.898814747368583}, "datetime": {"datetime": "2024-01-20 15:05:21", "elapsed": 2479.237028, "delta": 0.004031}}
{"target": -15.156596717807034, "params": {"colsample_bytree": 0.6061459113997238, "eta": 0.055438228869982016, "gamma": 560.9794805908294, "max_depth": 4.0, "min_child_weight": 4135.066987533397, "num_boost_round": 37.0, "subsample": 0.898814747368583}, "datetime": {"datetime": "2024-01-20 15:05:21", "elapsed": 2479.240984, "delta": 0.003956}}
{"target": -15.156787212507862, "params": {"colsample_bytree": 0.6061459113997238, "eta": 0.055438228869982016, "gamma": 560.9794805908294, "max_depth": 4.0, "min_child_weight": 4135.066987533397, "num_boost_round": 38.0, "subsample": 0.898814747368583}, "datetime": {"datetime": "2024-01-20 15:05:21", "elapsed": 2479.244601, "delta": 0.003617}}
{"target": -15.15702457953846, "params": {"colsample_bytree": 0.6061459113997238, "eta": 0.055438228869982016, "gamma": 560.9794805908294, "max_depth": 4.0, "min_child_weight": 4135.066987533397, "num_boost_round": 39.0, "subsample": 0.898814747368583}, "datetime": {"datetime": "2024-01-20 15:05:21", "elapsed": 2479.248747, "delta": 0.004146}}
